[{"Plan": {"Node Type": "Aggregate","Strategy": "Sorted","Partial Mode": "Finalize","Parallel Aware": false,"Async Capable": false,"Startup Cost": 184257.13,"Total Cost": 184260.95,"Plan Rows": 6,"Plan Width": 236,"Actual Startup Time": 1442.877,"Actual Total Time": 1461.341,"Actual Rows": 4,"Actual Loops": 1,"Group Key": ["l_returnflag", "l_linestatus"],"Plans": [{"Node Type": "Gather Merge","Parent Relationship": "Outer","Parallel Aware": false,"Async Capable": false,"Startup Cost": 184257.13,"Total Cost": 184260.00,"Plan Rows": 24,"Plan Width": 236,"Actual Startup Time": 1442.807,"Actual Total Time": 1461.246,"Actual Rows": 20,"Actual Loops": 1,"Workers Planned": 4,"Workers Launched": 4,"Plans": [{"Node Type": "Sort","Parent Relationship": "Outer","Parallel Aware": false,"Async Capable": false,"Startup Cost": 183257.07,"Total Cost": 183257.08,"Plan Rows": 6,"Plan Width": 236,"Actual Startup Time": 1433.925,"Actual Total Time": 1433.931,"Actual Rows": 4,"Actual Loops": 5,"Sort Key": ["l_returnflag", "l_linestatus"],"Sort Method": "quicksort","Sort Space Used": 27,"Sort Space Type": "Memory","Workers": [{"Worker Number": 0,"Sort Method": "quicksort","Sort Space Used": 27,"Sort Space Type": "Memory"},{"Worker Number": 1,"Sort Method": "quicksort","Sort Space Used": 27,"Sort Space Type": "Memory"},{"Worker Number": 2,"Sort Method": "quicksort","Sort Space Used": 27,"Sort Space Type": "Memory"},{"Worker Number": 3,"Sort Method": "quicksort","Sort Space Used": 27,"Sort Space Type": "Memory"}],"Plans": [{"Node Type": "Aggregate","Strategy": "Hashed","Partial Mode": "Partial","Parent Relationship": "Outer","Parallel Aware": false,"Async Capable": false,"Startup Cost": 183256.86,"Total Cost": 183256.99,"Plan Rows": 6,"Plan Width": 236,"Actual Startup Time": 1433.810,"Actual Total Time": 1433.821,"Actual Rows": 4,"Actual Loops": 5,"Group Key": ["l_returnflag", "l_linestatus"],"Planned Partitions": 0,"HashAgg Batches": 1,"Peak Memory Usage": 32,"Disk Usage": 0,"Workers": [{"Worker Number": 0,"HashAgg Batches": 1,"Peak Memory Usage": 32,"Disk Usage": 0},{"Worker Number": 1,"HashAgg Batches": 1,"Peak Memory Usage": 32,"Disk Usage": 0},{"Worker Number": 2,"HashAgg Batches": 1,"Peak Memory Usage": 32,"Disk Usage": 0},{"Worker Number": 3,"HashAgg Batches": 1,"Peak Memory Usage": 32,"Disk Usage": 0}],"Plans": [{"Node Type": "Seq Scan","Parent Relationship": "Outer","Parallel Aware": true,"Async Capable": false,"Relation Name": "lineitem","Alias": "lineitem","Startup Cost": 0.00,"Total Cost": 131256.80,"Plan Rows": 1485716,"Plan Width": 25,"Actual Startup Time": 0.083,"Actual Total Time": 411.300,"Actual Rows": 1189383,"Actual Loops": 5,"Filter": "(l_shipdate <= '1998-09-20 00:00:00'::timestamp without time zone)","Rows Removed by Filter": 10860,"Workers": []}]}]}]}]},"Planning Time": 2.939,"Triggers": [],"Execution Time": 1461.675}]
[{"Plan": {"Node Type": "Aggregate","Strategy": "Sorted","Partial Mode": "Finalize","Parallel Aware": false,"Async Capable": false,"Startup Cost": 184097.81,"Total Cost": 184101.63,"Plan Rows": 6,"Plan Width": 236,"Actual Startup Time": 1624.808,"Actual Total Time": 1658.521,"Actual Rows": 4,"Actual Loops": 1,"Group Key": ["l_returnflag", "l_linestatus"],"Plans": [{"Node Type": "Gather Merge","Parent Relationship": "Outer","Parallel Aware": false,"Async Capable": false,"Startup Cost": 184097.81,"Total Cost": 184100.68,"Plan Rows": 24,"Plan Width": 236,"Actual Startup Time": 1624.718,"Actual Total Time": 1658.389,"Actual Rows": 20,"Actual Loops": 1,"Workers Planned": 4,"Workers Launched": 4,"Plans": [{"Node Type": "Sort","Parent Relationship": "Outer","Parallel Aware": false,"Async Capable": false,"Startup Cost": 183097.75,"Total Cost": 183097.76,"Plan Rows": 6,"Plan Width": 236,"Actual Startup Time": 1616.102,"Actual Total Time": 1616.107,"Actual Rows": 4,"Actual Loops": 5,"Sort Key": ["l_returnflag", "l_linestatus"],"Sort Method": "quicksort","Sort Space Used": 27,"Sort Space Type": "Memory","Workers": [{"Worker Number": 0,"Sort Method": "quicksort","Sort Space Used": 27,"Sort Space Type": "Memory"},{"Worker Number": 1,"Sort Method": "quicksort","Sort Space Used": 27,"Sort Space Type": "Memory"},{"Worker Number": 2,"Sort Method": "quicksort","Sort Space Used": 27,"Sort Space Type": "Memory"},{"Worker Number": 3,"Sort Method": "quicksort","Sort Space Used": 27,"Sort Space Type": "Memory"}],"Plans": [{"Node Type": "Aggregate","Strategy": "Hashed","Partial Mode": "Partial","Parent Relationship": "Outer","Parallel Aware": false,"Async Capable": false,"Startup Cost": 183097.54,"Total Cost": 183097.67,"Plan Rows": 6,"Plan Width": 236,"Actual Startup Time": 1615.975,"Actual Total Time": 1615.986,"Actual Rows": 4,"Actual Loops": 5,"Group Key": ["l_returnflag", "l_linestatus"],"Planned Partitions": 0,"HashAgg Batches": 1,"Peak Memory Usage": 32,"Disk Usage": 0,"Workers": [{"Worker Number": 0,"HashAgg Batches": 1,"Peak Memory Usage": 32,"Disk Usage": 0},{"Worker Number": 1,"HashAgg Batches": 1,"Peak Memory Usage": 32,"Disk Usage": 0},{"Worker Number": 2,"HashAgg Batches": 1,"Peak Memory Usage": 32,"Disk Usage": 0},{"Worker Number": 3,"HashAgg Batches": 1,"Peak Memory Usage": 32,"Disk Usage": 0}],"Plans": [{"Node Type": "Seq Scan","Parent Relationship": "Outer","Parallel Aware": true,"Async Capable": false,"Relation Name": "lineitem","Alias": "lineitem","Startup Cost": 0.00,"Total Cost": 131256.80,"Plan Rows": 1481164,"Plan Width": 25,"Actual Startup Time": 0.044,"Actual Total Time": 598.688,"Actual Rows": 1185852,"Actual Loops": 5,"Filter": "(l_shipdate <= '1998-09-09 00:00:00'::timestamp without time zone)","Rows Removed by Filter": 14391,"Workers": []}]}]}]}]},"Planning Time": 3.148,"Triggers": [],"Execution Time": 1658.881}]
[{"Plan": {"Node Type": "Aggregate","Strategy": "Sorted","Partial Mode": "Finalize","Parallel Aware": false,"Async Capable": false,"Startup Cost": 184278.41,"Total Cost": 184282.23,"Plan Rows": 6,"Plan Width": 236,"Actual Startup Time": 1657.585,"Actual Total Time": 1690.491,"Actual Rows": 4,"Actual Loops": 1,"Group Key": ["l_returnflag", "l_linestatus"],"Plans": [{"Node Type": "Gather Merge","Parent Relationship": "Outer","Parallel Aware": false,"Async Capable": false,"Startup Cost": 184278.41,"Total Cost": 184281.28,"Plan Rows": 24,"Plan Width": 236,"Actual Startup Time": 1657.498,"Actual Total Time": 1690.371,"Actual Rows": 20,"Actual Loops": 1,"Workers Planned": 4,"Workers Launched": 4,"Plans": [{"Node Type": "Sort","Parent Relationship": "Outer","Parallel Aware": false,"Async Capable": false,"Startup Cost": 183278.35,"Total Cost": 183278.36,"Plan Rows": 6,"Plan Width": 236,"Actual Startup Time": 1649.559,"Actual Total Time": 1649.565,"Actual Rows": 4,"Actual Loops": 5,"Sort Key": ["l_returnflag", "l_linestatus"],"Sort Method": "quicksort","Sort Space Used": 27,"Sort Space Type": "Memory","Workers": [{"Worker Number": 0,"Sort Method": "quicksort","Sort Space Used": 27,"Sort Space Type": "Memory"},{"Worker Number": 1,"Sort Method": "quicksort","Sort Space Used": 27,"Sort Space Type": "Memory"},{"Worker Number": 2,"Sort Method": "quicksort","Sort Space Used": 27,"Sort Space Type": "Memory"},{"Worker Number": 3,"Sort Method": "quicksort","Sort Space Used": 27,"Sort Space Type": "Memory"}],"Plans": [{"Node Type": "Aggregate","Strategy": "Hashed","Partial Mode": "Partial","Parent Relationship": "Outer","Parallel Aware": false,"Async Capable": false,"Startup Cost": 183278.14,"Total Cost": 183278.27,"Plan Rows": 6,"Plan Width": 236,"Actual Startup Time": 1649.443,"Actual Total Time": 1649.453,"Actual Rows": 4,"Actual Loops": 5,"Group Key": ["l_returnflag", "l_linestatus"],"Planned Partitions": 0,"HashAgg Batches": 1,"Peak Memory Usage": 32,"Disk Usage": 0,"Workers": [{"Worker Number": 0,"HashAgg Batches": 1,"Peak Memory Usage": 32,"Disk Usage": 0},{"Worker Number": 1,"HashAgg Batches": 1,"Peak Memory Usage": 32,"Disk Usage": 0},{"Worker Number": 2,"HashAgg Batches": 1,"Peak Memory Usage": 32,"Disk Usage": 0},{"Worker Number": 3,"HashAgg Batches": 1,"Peak Memory Usage": 32,"Disk Usage": 0}],"Plans": [{"Node Type": "Seq Scan","Parent Relationship": "Outer","Parallel Aware": true,"Async Capable": false,"Relation Name": "lineitem","Alias": "lineitem","Startup Cost": 0.00,"Total Cost": 131256.80,"Plan Rows": 1486324,"Plan Width": 25,"Actual Startup Time": 0.045,"Actual Total Time": 616.953,"Actual Rows": 1190268,"Actual Loops": 5,"Filter": "(l_shipdate <= '1998-09-23 00:00:00'::timestamp without time zone)","Rows Removed by Filter": 9975,"Workers": []}]}]}]}]},"Planning Time": 3.178,"Triggers": [],"Execution Time": 1690.759}]
[{"Plan": {"Node Type": "Aggregate","Strategy": "Sorted","Partial Mode": "Finalize","Parallel Aware": false,"Async Capable": false,"Startup Cost": 183533.29,"Total Cost": 183537.11,"Plan Rows": 6,"Plan Width": 236,"Actual Startup Time": 1630.517,"Actual Total Time": 1664.896,"Actual Rows": 4,"Actual Loops": 1,"Group Key": ["l_returnflag", "l_linestatus"],"Plans": [{"Node Type": "Gather Merge","Parent Relationship": "Outer","Parallel Aware": false,"Async Capable": false,"Startup Cost": 183533.29,"Total Cost": 183536.17,"Plan Rows": 24,"Plan Width": 236,"Actual Startup Time": 1630.471,"Actual Total Time": 1664.800,"Actual Rows": 20,"Actual Loops": 1,"Workers Planned": 4,"Workers Launched": 4,"Plans": [{"Node Type": "Sort","Parent Relationship": "Outer","Parallel Aware": false,"Async Capable": false,"Startup Cost": 182533.23,"Total Cost": 182533.25,"Plan Rows": 6,"Plan Width": 236,"Actual Startup Time": 1622.825,"Actual Total Time": 1622.834,"Actual Rows": 4,"Actual Loops": 5,"Sort Key": ["l_returnflag", "l_linestatus"],"Sort Method": "quicksort","Sort Space Used": 27,"Sort Space Type": "Memory","Workers": [{"Worker Number": 0,"Sort Method": "quicksort","Sort Space Used": 27,"Sort Space Type": "Memory"},{"Worker Number": 1,"Sort Method": "quicksort","Sort Space Used": 27,"Sort Space Type": "Memory"},{"Worker Number": 2,"Sort Method": "quicksort","Sort Space Used": 27,"Sort Space Type": "Memory"},{"Worker Number": 3,"Sort Method": "quicksort","Sort Space Used": 27,"Sort Space Type": "Memory"}],"Plans": [{"Node Type": "Aggregate","Strategy": "Hashed","Partial Mode": "Partial","Parent Relationship": "Outer","Parallel Aware": false,"Async Capable": false,"Startup Cost": 182533.02,"Total Cost": 182533.16,"Plan Rows": 6,"Plan Width": 236,"Actual Startup Time": 1622.618,"Actual Total Time": 1622.631,"Actual Rows": 4,"Actual Loops": 5,"Group Key": ["l_returnflag", "l_linestatus"],"Planned Partitions": 0,"HashAgg Batches": 1,"Peak Memory Usage": 32,"Disk Usage": 0,"Workers": [{"Worker Number": 0,"HashAgg Batches": 1,"Peak Memory Usage": 32,"Disk Usage": 0},{"Worker Number": 1,"HashAgg Batches": 1,"Peak Memory Usage": 32,"Disk Usage": 0},{"Worker Number": 2,"HashAgg Batches": 1,"Peak Memory Usage": 32,"Disk Usage": 0},{"Worker Number": 3,"HashAgg Batches": 1,"Peak Memory Usage": 32,"Disk Usage": 0}],"Plans": [{"Node Type": "Seq Scan","Parent Relationship": "Outer","Parallel Aware": true,"Async Capable": false,"Relation Name": "lineitem","Alias": "lineitem","Startup Cost": 0.00,"Total Cost": 131256.80,"Plan Rows": 1465035,"Plan Width": 25,"Actual Startup Time": 0.025,"Actual Total Time": 611.078,"Actual Rows": 1171657,"Actual Loops": 5,"Filter": "(l_shipdate <= '1998-08-06 00:00:00'::timestamp without time zone)","Rows Removed by Filter": 28586,"Workers": []}]}]}]}]},"Planning Time": 2.842,"Triggers": [],"Execution Time": 1665.196}]
[{"Plan": {"Node Type": "Aggregate","Strategy": "Sorted","Partial Mode": "Finalize","Parallel Aware": false,"Async Capable": false,"Startup Cost": 184285.51,"Total Cost": 184289.33,"Plan Rows": 6,"Plan Width": 236,"Actual Startup Time": 1650.578,"Actual Total Time": 1683.926,"Actual Rows": 4,"Actual Loops": 1,"Group Key": ["l_returnflag", "l_linestatus"],"Plans": [{"Node Type": "Gather Merge","Parent Relationship": "Outer","Parallel Aware": false,"Async Capable": false,"Startup Cost": 184285.51,"Total Cost": 184288.39,"Plan Rows": 24,"Plan Width": 236,"Actual Startup Time": 1650.484,"Actual Total Time": 1683.804,"Actual Rows": 20,"Actual Loops": 1,"Workers Planned": 4,"Workers Launched": 4,"Plans": [{"Node Type": "Sort","Parent Relationship": "Outer","Parallel Aware": false,"Async Capable": false,"Startup Cost": 183285.45,"Total Cost": 183285.47,"Plan Rows": 6,"Plan Width": 236,"Actual Startup Time": 1642.333,"Actual Total Time": 1642.336,"Actual Rows": 4,"Actual Loops": 5,"Sort Key": ["l_returnflag", "l_linestatus"],"Sort Method": "quicksort","Sort Space Used": 27,"Sort Space Type": "Memory","Workers": [{"Worker Number": 0,"Sort Method": "quicksort","Sort Space Used": 27,"Sort Space Type": "Memory"},{"Worker Number": 1,"Sort Method": "quicksort","Sort Space Used": 27,"Sort Space Type": "Memory"},{"Worker Number": 2,"Sort Method": "quicksort","Sort Space Used": 27,"Sort Space Type": "Memory"},{"Worker Number": 3,"Sort Method": "quicksort","Sort Space Used": 27,"Sort Space Type": "Memory"}],"Plans": [{"Node Type": "Aggregate","Strategy": "Hashed","Partial Mode": "Partial","Parent Relationship": "Outer","Parallel Aware": false,"Async Capable": false,"Startup Cost": 183285.24,"Total Cost": 183285.38,"Plan Rows": 6,"Plan Width": 236,"Actual Startup Time": 1642.233,"Actual Total Time": 1642.241,"Actual Rows": 4,"Actual Loops": 5,"Group Key": ["l_returnflag", "l_linestatus"],"Planned Partitions": 0,"HashAgg Batches": 1,"Peak Memory Usage": 32,"Disk Usage": 0,"Workers": [{"Worker Number": 0,"HashAgg Batches": 1,"Peak Memory Usage": 32,"Disk Usage": 0},{"Worker Number": 1,"HashAgg Batches": 1,"Peak Memory Usage": 32,"Disk Usage": 0},{"Worker Number": 2,"HashAgg Batches": 1,"Peak Memory Usage": 32,"Disk Usage": 0},{"Worker Number": 3,"HashAgg Batches": 1,"Peak Memory Usage": 32,"Disk Usage": 0}],"Plans": [{"Node Type": "Seq Scan","Parent Relationship": "Outer","Parallel Aware": true,"Async Capable": false,"Relation Name": "lineitem","Alias": "lineitem","Startup Cost": 0.00,"Total Cost": 131256.80,"Plan Rows": 1486527,"Plan Width": 25,"Actual Startup Time": 0.042,"Actual Total Time": 620.025,"Actual Rows": 1190555,"Actual Loops": 5,"Filter": "(l_shipdate <= '1998-09-24 00:00:00'::timestamp without time zone)","Rows Removed by Filter": 9688,"Workers": []}]}]}]}]},"Planning Time": 3.559,"Triggers": [],"Execution Time": 1684.379}]
[{"Plan": {"Node Type": "Aggregate","Strategy": "Sorted","Partial Mode": "Finalize","Parallel Aware": false,"Async Capable": false,"Startup Cost": 183930.33,"Total Cost": 183934.15,"Plan Rows": 6,"Plan Width": 236,"Actual Startup Time": 1627.037,"Actual Total Time": 1661.564,"Actual Rows": 4,"Actual Loops": 1,"Group Key": ["l_returnflag", "l_linestatus"],"Plans": [{"Node Type": "Gather Merge","Parent Relationship": "Outer","Parallel Aware": false,"Async Capable": false,"Startup Cost": 183930.33,"Total Cost": 183933.21,"Plan Rows": 24,"Plan Width": 236,"Actual Startup Time": 1626.958,"Actual Total Time": 1661.457,"Actual Rows": 20,"Actual Loops": 1,"Workers Planned": 4,"Workers Launched": 4,"Plans": [{"Node Type": "Sort","Parent Relationship": "Outer","Parallel Aware": false,"Async Capable": false,"Startup Cost": 182930.27,"Total Cost": 182930.29,"Plan Rows": 6,"Plan Width": 236,"Actual Startup Time": 1619.213,"Actual Total Time": 1619.219,"Actual Rows": 4,"Actual Loops": 5,"Sort Key": ["l_returnflag", "l_linestatus"],"Sort Method": "quicksort","Sort Space Used": 27,"Sort Space Type": "Memory","Workers": [{"Worker Number": 0,"Sort Method": "quicksort","Sort Space Used": 27,"Sort Space Type": "Memory"},{"Worker Number": 1,"Sort Method": "quicksort","Sort Space Used": 27,"Sort Space Type": "Memory"},{"Worker Number": 2,"Sort Method": "quicksort","Sort Space Used": 27,"Sort Space Type": "Memory"},{"Worker Number": 3,"Sort Method": "quicksort","Sort Space Used": 27,"Sort Space Type": "Memory"}],"Plans": [{"Node Type": "Aggregate","Strategy": "Hashed","Partial Mode": "Partial","Parent Relationship": "Outer","Parallel Aware": false,"Async Capable": false,"Startup Cost": 182930.06,"Total Cost": 182930.20,"Plan Rows": 6,"Plan Width": 236,"Actual Startup Time": 1619.109,"Actual Total Time": 1619.118,"Actual Rows": 4,"Actual Loops": 5,"Group Key": ["l_returnflag", "l_linestatus"],"Planned Partitions": 0,"HashAgg Batches": 1,"Peak Memory Usage": 32,"Disk Usage": 0,"Workers": [{"Worker Number": 0,"HashAgg Batches": 1,"Peak Memory Usage": 32,"Disk Usage": 0},{"Worker Number": 1,"HashAgg Batches": 1,"Peak Memory Usage": 32,"Disk Usage": 0},{"Worker Number": 2,"HashAgg Batches": 1,"Peak Memory Usage": 32,"Disk Usage": 0},{"Worker Number": 3,"HashAgg Batches": 1,"Peak Memory Usage": 32,"Disk Usage": 0}],"Plans": [{"Node Type": "Seq Scan","Parent Relationship": "Outer","Parallel Aware": true,"Async Capable": false,"Relation Name": "lineitem","Alias": "lineitem","Startup Cost": 0.00,"Total Cost": 131256.80,"Plan Rows": 1476379,"Plan Width": 25,"Actual Startup Time": 0.041,"Actual Total Time": 606.279,"Actual Rows": 1181785,"Actual Loops": 5,"Filter": "(l_shipdate <= '1998-08-29 00:00:00'::timestamp without time zone)","Rows Removed by Filter": 18458,"Workers": []}]}]}]}]},"Planning Time": 2.737,"Triggers": [],"Execution Time": 1661.952}]
[{"Plan": {"Node Type": "Aggregate","Strategy": "Sorted","Partial Mode": "Finalize","Parallel Aware": false,"Async Capable": false,"Startup Cost": 183712.49,"Total Cost": 183716.31,"Plan Rows": 6,"Plan Width": 236,"Actual Startup Time": 1630.342,"Actual Total Time": 1664.480,"Actual Rows": 4,"Actual Loops": 1,"Group Key": ["l_returnflag", "l_linestatus"],"Plans": [{"Node Type": "Gather Merge","Parent Relationship": "Outer","Parallel Aware": false,"Async Capable": false,"Startup Cost": 183712.49,"Total Cost": 183715.37,"Plan Rows": 24,"Plan Width": 236,"Actual Startup Time": 1630.278,"Actual Total Time": 1664.377,"Actual Rows": 20,"Actual Loops": 1,"Workers Planned": 4,"Workers Launched": 4,"Plans": [{"Node Type": "Sort","Parent Relationship": "Outer","Parallel Aware": false,"Async Capable": false,"Startup Cost": 182712.43,"Total Cost": 182712.45,"Plan Rows": 6,"Plan Width": 236,"Actual Startup Time": 1622.558,"Actual Total Time": 1622.562,"Actual Rows": 4,"Actual Loops": 5,"Sort Key": ["l_returnflag", "l_linestatus"],"Sort Method": "quicksort","Sort Space Used": 27,"Sort Space Type": "Memory","Workers": [{"Worker Number": 0,"Sort Method": "quicksort","Sort Space Used": 27,"Sort Space Type": "Memory"},{"Worker Number": 1,"Sort Method": "quicksort","Sort Space Used": 27,"Sort Space Type": "Memory"},{"Worker Number": 2,"Sort Method": "quicksort","Sort Space Used": 27,"Sort Space Type": "Memory"},{"Worker Number": 3,"Sort Method": "quicksort","Sort Space Used": 27,"Sort Space Type": "Memory"}],"Plans": [{"Node Type": "Aggregate","Strategy": "Hashed","Partial Mode": "Partial","Parent Relationship": "Outer","Parallel Aware": false,"Async Capable": false,"Startup Cost": 182712.22,"Total Cost": 182712.36,"Plan Rows": 6,"Plan Width": 236,"Actual Startup Time": 1622.442,"Actual Total Time": 1622.451,"Actual Rows": 4,"Actual Loops": 5,"Group Key": ["l_returnflag", "l_linestatus"],"Planned Partitions": 0,"HashAgg Batches": 1,"Peak Memory Usage": 32,"Disk Usage": 0,"Workers": [{"Worker Number": 0,"HashAgg Batches": 1,"Peak Memory Usage": 32,"Disk Usage": 0},{"Worker Number": 1,"HashAgg Batches": 1,"Peak Memory Usage": 32,"Disk Usage": 0},{"Worker Number": 2,"HashAgg Batches": 1,"Peak Memory Usage": 32,"Disk Usage": 0},{"Worker Number": 3,"HashAgg Batches": 1,"Peak Memory Usage": 32,"Disk Usage": 0}],"Plans": [{"Node Type": "Seq Scan","Parent Relationship": "Outer","Parallel Aware": true,"Async Capable": false,"Relation Name": "lineitem","Alias": "lineitem","Startup Cost": 0.00,"Total Cost": 131256.80,"Plan Rows": 1470155,"Plan Width": 25,"Actual Startup Time": 0.046,"Actual Total Time": 613.406,"Actual Rows": 1175926,"Actual Loops": 5,"Filter": "(l_shipdate <= '1998-08-15 00:00:00'::timestamp without time zone)","Rows Removed by Filter": 24317,"Workers": []}]}]}]}]},"Planning Time": 2.534,"Triggers": [],"Execution Time": 1664.859}]
[{"Plan": {"Node Type": "Aggregate","Strategy": "Sorted","Partial Mode": "Finalize","Parallel Aware": false,"Async Capable": false,"Startup Cost": 183493.50,"Total Cost": 183497.32,"Plan Rows": 6,"Plan Width": 236,"Actual Startup Time": 1609.024,"Actual Total Time": 1641.882,"Actual Rows": 4,"Actual Loops": 1,"Group Key": ["l_returnflag", "l_linestatus"],"Plans": [{"Node Type": "Gather Merge","Parent Relationship": "Outer","Parallel Aware": false,"Async Capable": false,"Startup Cost": 183493.50,"Total Cost": 183496.37,"Plan Rows": 24,"Plan Width": 236,"Actual Startup Time": 1608.904,"Actual Total Time": 1641.764,"Actual Rows": 20,"Actual Loops": 1,"Workers Planned": 4,"Workers Launched": 4,"Plans": [{"Node Type": "Sort","Parent Relationship": "Outer","Parallel Aware": false,"Async Capable": false,"Startup Cost": 182493.44,"Total Cost": 182493.45,"Plan Rows": 6,"Plan Width": 236,"Actual Startup Time": 1601.101,"Actual Total Time": 1601.104,"Actual Rows": 4,"Actual Loops": 5,"Sort Key": ["l_returnflag", "l_linestatus"],"Sort Method": "quicksort","Sort Space Used": 27,"Sort Space Type": "Memory","Workers": [{"Worker Number": 0,"Sort Method": "quicksort","Sort Space Used": 27,"Sort Space Type": "Memory"},{"Worker Number": 1,"Sort Method": "quicksort","Sort Space Used": 27,"Sort Space Type": "Memory"},{"Worker Number": 2,"Sort Method": "quicksort","Sort Space Used": 27,"Sort Space Type": "Memory"},{"Worker Number": 3,"Sort Method": "quicksort","Sort Space Used": 27,"Sort Space Type": "Memory"}],"Plans": [{"Node Type": "Aggregate","Strategy": "Hashed","Partial Mode": "Partial","Parent Relationship": "Outer","Parallel Aware": false,"Async Capable": false,"Startup Cost": 182493.23,"Total Cost": 182493.36,"Plan Rows": 6,"Plan Width": 236,"Actual Startup Time": 1601.000,"Actual Total Time": 1601.008,"Actual Rows": 4,"Actual Loops": 5,"Group Key": ["l_returnflag", "l_linestatus"],"Planned Partitions": 0,"HashAgg Batches": 1,"Peak Memory Usage": 32,"Disk Usage": 0,"Workers": [{"Worker Number": 0,"HashAgg Batches": 1,"Peak Memory Usage": 32,"Disk Usage": 0},{"Worker Number": 1,"HashAgg Batches": 1,"Peak Memory Usage": 32,"Disk Usage": 0},{"Worker Number": 2,"HashAgg Batches": 1,"Peak Memory Usage": 32,"Disk Usage": 0},{"Worker Number": 3,"HashAgg Batches": 1,"Peak Memory Usage": 32,"Disk Usage": 0}],"Plans": [{"Node Type": "Seq Scan","Parent Relationship": "Outer","Parallel Aware": true,"Async Capable": false,"Relation Name": "lineitem","Alias": "lineitem","Startup Cost": 0.00,"Total Cost": 131256.80,"Plan Rows": 1463898,"Plan Width": 25,"Actual Startup Time": 0.042,"Actual Total Time": 598.084,"Actual Rows": 1170668,"Actual Loops": 5,"Filter": "(l_shipdate <= '1998-08-04 00:00:00'::timestamp without time zone)","Rows Removed by Filter": 29575,"Workers": []}]}]}]}]},"Planning Time": 3.512,"Triggers": [],"Execution Time": 1642.332}]
[{"Plan": {"Node Type": "Aggregate","Strategy": "Sorted","Partial Mode": "Finalize","Parallel Aware": false,"Async Capable": false,"Startup Cost": 183778.08,"Total Cost": 183781.90,"Plan Rows": 6,"Plan Width": 236,"Actual Startup Time": 1629.845,"Actual Total Time": 1663.181,"Actual Rows": 4,"Actual Loops": 1,"Group Key": ["l_returnflag", "l_linestatus"],"Plans": [{"Node Type": "Gather Merge","Parent Relationship": "Outer","Parallel Aware": false,"Async Capable": false,"Startup Cost": 183778.08,"Total Cost": 183780.96,"Plan Rows": 24,"Plan Width": 236,"Actual Startup Time": 1629.762,"Actual Total Time": 1663.049,"Actual Rows": 20,"Actual Loops": 1,"Workers Planned": 4,"Workers Launched": 4,"Plans": [{"Node Type": "Sort","Parent Relationship": "Outer","Parallel Aware": false,"Async Capable": false,"Startup Cost": 182778.02,"Total Cost": 182778.04,"Plan Rows": 6,"Plan Width": 236,"Actual Startup Time": 1622.415,"Actual Total Time": 1622.418,"Actual Rows": 4,"Actual Loops": 5,"Sort Key": ["l_returnflag", "l_linestatus"],"Sort Method": "quicksort","Sort Space Used": 27,"Sort Space Type": "Memory","Workers": [{"Worker Number": 0,"Sort Method": "quicksort","Sort Space Used": 27,"Sort Space Type": "Memory"},{"Worker Number": 1,"Sort Method": "quicksort","Sort Space Used": 27,"Sort Space Type": "Memory"},{"Worker Number": 2,"Sort Method": "quicksort","Sort Space Used": 27,"Sort Space Type": "Memory"},{"Worker Number": 3,"Sort Method": "quicksort","Sort Space Used": 27,"Sort Space Type": "Memory"}],"Plans": [{"Node Type": "Aggregate","Strategy": "Hashed","Partial Mode": "Partial","Parent Relationship": "Outer","Parallel Aware": false,"Async Capable": false,"Startup Cost": 182777.81,"Total Cost": 182777.95,"Plan Rows": 6,"Plan Width": 236,"Actual Startup Time": 1622.311,"Actual Total Time": 1622.319,"Actual Rows": 4,"Actual Loops": 5,"Group Key": ["l_returnflag", "l_linestatus"],"Planned Partitions": 0,"HashAgg Batches": 1,"Peak Memory Usage": 32,"Disk Usage": 0,"Workers": [{"Worker Number": 0,"HashAgg Batches": 1,"Peak Memory Usage": 32,"Disk Usage": 0},{"Worker Number": 1,"HashAgg Batches": 1,"Peak Memory Usage": 32,"Disk Usage": 0},{"Worker Number": 2,"HashAgg Batches": 1,"Peak Memory Usage": 32,"Disk Usage": 0},{"Worker Number": 3,"HashAgg Batches": 1,"Peak Memory Usage": 32,"Disk Usage": 0}],"Plans": [{"Node Type": "Seq Scan","Parent Relationship": "Outer","Parallel Aware": true,"Async Capable": false,"Relation Name": "lineitem","Alias": "lineitem","Startup Cost": 0.00,"Total Cost": 131256.80,"Plan Rows": 1472029,"Plan Width": 25,"Actual Startup Time": 0.039,"Actual Total Time": 611.490,"Actual Rows": 1177690,"Actual Loops": 5,"Filter": "(l_shipdate <= '1998-08-19 00:00:00'::timestamp without time zone)","Rows Removed by Filter": 22553,"Workers": []}]}]}]}]},"Planning Time": 2.535,"Triggers": [],"Execution Time": 1663.520}]
[{"Plan": {"Node Type": "Aggregate","Strategy": "Sorted","Partial Mode": "Finalize","Parallel Aware": false,"Async Capable": false,"Startup Cost": 183762.86,"Total Cost": 183766.68,"Plan Rows": 6,"Plan Width": 236,"Actual Startup Time": 1624.125,"Actual Total Time": 1658.164,"Actual Rows": 4,"Actual Loops": 1,"Group Key": ["l_returnflag", "l_linestatus"],"Plans": [{"Node Type": "Gather Merge","Parent Relationship": "Outer","Parallel Aware": false,"Async Capable": false,"Startup Cost": 183762.86,"Total Cost": 183765.73,"Plan Rows": 24,"Plan Width": 236,"Actual Startup Time": 1624.055,"Actual Total Time": 1658.060,"Actual Rows": 20,"Actual Loops": 1,"Workers Planned": 4,"Workers Launched": 4,"Plans": [{"Node Type": "Sort","Parent Relationship": "Outer","Parallel Aware": false,"Async Capable": false,"Startup Cost": 182762.80,"Total Cost": 182762.81,"Plan Rows": 6,"Plan Width": 236,"Actual Startup Time": 1615.684,"Actual Total Time": 1615.689,"Actual Rows": 4,"Actual Loops": 5,"Sort Key": ["l_returnflag", "l_linestatus"],"Sort Method": "quicksort","Sort Space Used": 27,"Sort Space Type": "Memory","Workers": [{"Worker Number": 0,"Sort Method": "quicksort","Sort Space Used": 27,"Sort Space Type": "Memory"},{"Worker Number": 1,"Sort Method": "quicksort","Sort Space Used": 27,"Sort Space Type": "Memory"},{"Worker Number": 2,"Sort Method": "quicksort","Sort Space Used": 27,"Sort Space Type": "Memory"},{"Worker Number": 3,"Sort Method": "quicksort","Sort Space Used": 27,"Sort Space Type": "Memory"}],"Plans": [{"Node Type": "Aggregate","Strategy": "Hashed","Partial Mode": "Partial","Parent Relationship": "Outer","Parallel Aware": false,"Async Capable": false,"Startup Cost": 182762.59,"Total Cost": 182762.72,"Plan Rows": 6,"Plan Width": 236,"Actual Startup Time": 1615.553,"Actual Total Time": 1615.563,"Actual Rows": 4,"Actual Loops": 5,"Group Key": ["l_returnflag", "l_linestatus"],"Planned Partitions": 0,"HashAgg Batches": 1,"Peak Memory Usage": 32,"Disk Usage": 0,"Workers": [{"Worker Number": 0,"HashAgg Batches": 1,"Peak Memory Usage": 32,"Disk Usage": 0},{"Worker Number": 1,"HashAgg Batches": 1,"Peak Memory Usage": 32,"Disk Usage": 0},{"Worker Number": 2,"HashAgg Batches": 1,"Peak Memory Usage": 32,"Disk Usage": 0},{"Worker Number": 3,"HashAgg Batches": 1,"Peak Memory Usage": 32,"Disk Usage": 0}],"Plans": [{"Node Type": "Seq Scan","Parent Relationship": "Outer","Parallel Aware": true,"Async Capable": false,"Relation Name": "lineitem","Alias": "lineitem","Startup Cost": 0.00,"Total Cost": 131256.80,"Plan Rows": 1471594,"Plan Width": 25,"Actual Startup Time": 0.040,"Actual Total Time": 605.807,"Actual Rows": 1177251,"Actual Loops": 5,"Filter": "(l_shipdate <= '1998-08-18 00:00:00'::timestamp without time zone)","Rows Removed by Filter": 22992,"Workers": []}]}]}]}]},"Planning Time": 2.911,"Triggers": [],"Execution Time": 1658.466}]
[{"Plan": {"Node Type": "Aggregate","Strategy": "Sorted","Partial Mode": "Finalize","Parallel Aware": false,"Async Capable": false,"Startup Cost": 183553.21,"Total Cost": 183557.03,"Plan Rows": 6,"Plan Width": 236,"Actual Startup Time": 1635.166,"Actual Total Time": 1668.798,"Actual Rows": 4,"Actual Loops": 1,"Group Key": ["l_returnflag", "l_linestatus"],"Plans": [{"Node Type": "Gather Merge","Parent Relationship": "Outer","Parallel Aware": false,"Async Capable": false,"Startup Cost": 183553.21,"Total Cost": 183556.08,"Plan Rows": 24,"Plan Width": 236,"Actual Startup Time": 1635.051,"Actual Total Time": 1668.649,"Actual Rows": 20,"Actual Loops": 1,"Workers Planned": 4,"Workers Launched": 4,"Plans": [{"Node Type": "Sort","Parent Relationship": "Outer","Parallel Aware": false,"Async Capable": false,"Startup Cost": 182553.15,"Total Cost": 182553.16,"Plan Rows": 6,"Plan Width": 236,"Actual Startup Time": 1627.853,"Actual Total Time": 1627.855,"Actual Rows": 4,"Actual Loops": 5,"Sort Key": ["l_returnflag", "l_linestatus"],"Sort Method": "quicksort","Sort Space Used": 27,"Sort Space Type": "Memory","Workers": [{"Worker Number": 0,"Sort Method": "quicksort","Sort Space Used": 27,"Sort Space Type": "Memory"},{"Worker Number": 1,"Sort Method": "quicksort","Sort Space Used": 27,"Sort Space Type": "Memory"},{"Worker Number": 2,"Sort Method": "quicksort","Sort Space Used": 27,"Sort Space Type": "Memory"},{"Worker Number": 3,"Sort Method": "quicksort","Sort Space Used": 27,"Sort Space Type": "Memory"}],"Plans": [{"Node Type": "Aggregate","Strategy": "Hashed","Partial Mode": "Partial","Parent Relationship": "Outer","Parallel Aware": false,"Async Capable": false,"Startup Cost": 182552.94,"Total Cost": 182553.07,"Plan Rows": 6,"Plan Width": 236,"Actual Startup Time": 1627.778,"Actual Total Time": 1627.785,"Actual Rows": 4,"Actual Loops": 5,"Group Key": ["l_returnflag", "l_linestatus"],"Planned Partitions": 0,"HashAgg Batches": 1,"Peak Memory Usage": 32,"Disk Usage": 0,"Workers": [{"Worker Number": 0,"HashAgg Batches": 1,"Peak Memory Usage": 32,"Disk Usage": 0},{"Worker Number": 1,"HashAgg Batches": 1,"Peak Memory Usage": 32,"Disk Usage": 0},{"Worker Number": 2,"HashAgg Batches": 1,"Peak Memory Usage": 32,"Disk Usage": 0},{"Worker Number": 3,"HashAgg Batches": 1,"Peak Memory Usage": 32,"Disk Usage": 0}],"Plans": [{"Node Type": "Seq Scan","Parent Relationship": "Outer","Parallel Aware": true,"Async Capable": false,"Relation Name": "lineitem","Alias": "lineitem","Startup Cost": 0.00,"Total Cost": 131256.80,"Plan Rows": 1465604,"Plan Width": 25,"Actual Startup Time": 0.035,"Actual Total Time": 612.801,"Actual Rows": 1172151,"Actual Loops": 5,"Filter": "(l_shipdate <= '1998-08-07 00:00:00'::timestamp without time zone)","Rows Removed by Filter": 28092,"Workers": []}]}]}]}]},"Planning Time": 2.559,"Triggers": [],"Execution Time": 1669.138}]
[{"Plan": {"Node Type": "Aggregate","Strategy": "Sorted","Partial Mode": "Finalize","Parallel Aware": false,"Async Capable": false,"Startup Cost": 184328.04,"Total Cost": 184331.86,"Plan Rows": 6,"Plan Width": 236,"Actual Startup Time": 1635.956,"Actual Total Time": 1669.939,"Actual Rows": 4,"Actual Loops": 1,"Group Key": ["l_returnflag", "l_linestatus"],"Plans": [{"Node Type": "Gather Merge","Parent Relationship": "Outer","Parallel Aware": false,"Async Capable": false,"Startup Cost": 184328.04,"Total Cost": 184330.91,"Plan Rows": 24,"Plan Width": 236,"Actual Startup Time": 1635.886,"Actual Total Time": 1669.839,"Actual Rows": 20,"Actual Loops": 1,"Workers Planned": 4,"Workers Launched": 4,"Plans": [{"Node Type": "Sort","Parent Relationship": "Outer","Parallel Aware": false,"Async Capable": false,"Startup Cost": 183327.98,"Total Cost": 183327.99,"Plan Rows": 6,"Plan Width": 236,"Actual Startup Time": 1627.958,"Actual Total Time": 1627.963,"Actual Rows": 4,"Actual Loops": 5,"Sort Key": ["l_returnflag", "l_linestatus"],"Sort Method": "quicksort","Sort Space Used": 27,"Sort Space Type": "Memory","Workers": [{"Worker Number": 0,"Sort Method": "quicksort","Sort Space Used": 27,"Sort Space Type": "Memory"},{"Worker Number": 1,"Sort Method": "quicksort","Sort Space Used": 27,"Sort Space Type": "Memory"},{"Worker Number": 2,"Sort Method": "quicksort","Sort Space Used": 27,"Sort Space Type": "Memory"},{"Worker Number": 3,"Sort Method": "quicksort","Sort Space Used": 27,"Sort Space Type": "Memory"}],"Plans": [{"Node Type": "Aggregate","Strategy": "Hashed","Partial Mode": "Partial","Parent Relationship": "Outer","Parallel Aware": false,"Async Capable": false,"Startup Cost": 183327.77,"Total Cost": 183327.90,"Plan Rows": 6,"Plan Width": 236,"Actual Startup Time": 1627.844,"Actual Total Time": 1627.853,"Actual Rows": 4,"Actual Loops": 5,"Group Key": ["l_returnflag", "l_linestatus"],"Planned Partitions": 0,"HashAgg Batches": 1,"Peak Memory Usage": 32,"Disk Usage": 0,"Workers": [{"Worker Number": 0,"HashAgg Batches": 1,"Peak Memory Usage": 32,"Disk Usage": 0},{"Worker Number": 1,"HashAgg Batches": 1,"Peak Memory Usage": 32,"Disk Usage": 0},{"Worker Number": 2,"HashAgg Batches": 1,"Peak Memory Usage": 32,"Disk Usage": 0},{"Worker Number": 3,"HashAgg Batches": 1,"Peak Memory Usage": 32,"Disk Usage": 0}],"Plans": [{"Node Type": "Seq Scan","Parent Relationship": "Outer","Parallel Aware": true,"Async Capable": false,"Relation Name": "lineitem","Alias": "lineitem","Startup Cost": 0.00,"Total Cost": 131256.80,"Plan Rows": 1487742,"Plan Width": 25,"Actual Startup Time": 0.040,"Actual Total Time": 600.899,"Actual Rows": 1192163,"Actual Loops": 5,"Filter": "(l_shipdate <= '1998-09-30 00:00:00'::timestamp without time zone)","Rows Removed by Filter": 8080,"Workers": []}]}]}]}]},"Planning Time": 2.946,"Triggers": [],"Execution Time": 1670.282}]
[{"Plan": {"Node Type": "Aggregate","Strategy": "Sorted","Partial Mode": "Finalize","Parallel Aware": false,"Async Capable": false,"Startup Cost": 183976.01,"Total Cost": 183979.83,"Plan Rows": 6,"Plan Width": 236,"Actual Startup Time": 1637.230,"Actual Total Time": 1671.180,"Actual Rows": 4,"Actual Loops": 1,"Group Key": ["l_returnflag", "l_linestatus"],"Plans": [{"Node Type": "Gather Merge","Parent Relationship": "Outer","Parallel Aware": false,"Async Capable": false,"Startup Cost": 183976.01,"Total Cost": 183978.88,"Plan Rows": 24,"Plan Width": 236,"Actual Startup Time": 1637.140,"Actual Total Time": 1671.060,"Actual Rows": 20,"Actual Loops": 1,"Workers Planned": 4,"Workers Launched": 4,"Plans": [{"Node Type": "Sort","Parent Relationship": "Outer","Parallel Aware": false,"Async Capable": false,"Startup Cost": 182975.95,"Total Cost": 182975.96,"Plan Rows": 6,"Plan Width": 236,"Actual Startup Time": 1629.253,"Actual Total Time": 1629.258,"Actual Rows": 4,"Actual Loops": 5,"Sort Key": ["l_returnflag", "l_linestatus"],"Sort Method": "quicksort","Sort Space Used": 27,"Sort Space Type": "Memory","Workers": [{"Worker Number": 0,"Sort Method": "quicksort","Sort Space Used": 27,"Sort Space Type": "Memory"},{"Worker Number": 1,"Sort Method": "quicksort","Sort Space Used": 27,"Sort Space Type": "Memory"},{"Worker Number": 2,"Sort Method": "quicksort","Sort Space Used": 27,"Sort Space Type": "Memory"},{"Worker Number": 3,"Sort Method": "quicksort","Sort Space Used": 27,"Sort Space Type": "Memory"}],"Plans": [{"Node Type": "Aggregate","Strategy": "Hashed","Partial Mode": "Partial","Parent Relationship": "Outer","Parallel Aware": false,"Async Capable": false,"Startup Cost": 182975.74,"Total Cost": 182975.87,"Plan Rows": 6,"Plan Width": 236,"Actual Startup Time": 1629.096,"Actual Total Time": 1629.104,"Actual Rows": 4,"Actual Loops": 5,"Group Key": ["l_returnflag", "l_linestatus"],"Planned Partitions": 0,"HashAgg Batches": 1,"Peak Memory Usage": 32,"Disk Usage": 0,"Workers": [{"Worker Number": 0,"HashAgg Batches": 1,"Peak Memory Usage": 32,"Disk Usage": 0},{"Worker Number": 1,"HashAgg Batches": 1,"Peak Memory Usage": 32,"Disk Usage": 0},{"Worker Number": 2,"HashAgg Batches": 1,"Peak Memory Usage": 32,"Disk Usage": 0},{"Worker Number": 3,"HashAgg Batches": 1,"Peak Memory Usage": 32,"Disk Usage": 0}],"Plans": [{"Node Type": "Seq Scan","Parent Relationship": "Outer","Parallel Aware": true,"Async Capable": false,"Relation Name": "lineitem","Alias": "lineitem","Startup Cost": 0.00,"Total Cost": 131256.80,"Plan Rows": 1477684,"Plan Width": 25,"Actual Startup Time": 0.036,"Actual Total Time": 613.605,"Actual Rows": 1182950,"Actual Loops": 5,"Filter": "(l_shipdate <= '1998-09-01 00:00:00'::timestamp without time zone)","Rows Removed by Filter": 17293,"Workers": []}]}]}]}]},"Planning Time": 3.200,"Triggers": [],"Execution Time": 1671.603}]
[{"Plan": {"Node Type": "Aggregate","Strategy": "Sorted","Partial Mode": "Finalize","Parallel Aware": false,"Async Capable": false,"Startup Cost": 184257.13,"Total Cost": 184260.95,"Plan Rows": 6,"Plan Width": 236,"Actual Startup Time": 1442.877,"Actual Total Time": 1461.341,"Actual Rows": 4,"Actual Loops": 1,"Group Key": ["l_returnflag", "l_linestatus"],"Plans": [{"Node Type": "Gather Merge","Parent Relationship": "Outer","Parallel Aware": false,"Async Capable": false,"Startup Cost": 184257.13,"Total Cost": 184260.00,"Plan Rows": 24,"Plan Width": 236,"Actual Startup Time": 1442.807,"Actual Total Time": 1461.246,"Actual Rows": 20,"Actual Loops": 1,"Workers Planned": 4,"Workers Launched": 4,"Plans": [{"Node Type": "Sort","Parent Relationship": "Outer","Parallel Aware": false,"Async Capable": false,"Startup Cost": 183257.07,"Total Cost": 183257.08,"Plan Rows": 6,"Plan Width": 236,"Actual Startup Time": 1433.925,"Actual Total Time": 1433.931,"Actual Rows": 4,"Actual Loops": 5,"Sort Key": ["l_returnflag", "l_linestatus"],"Sort Method": "quicksort","Sort Space Used": 27,"Sort Space Type": "Memory","Workers": [{"Worker Number": 0,"Sort Method": "quicksort","Sort Space Used": 27,"Sort Space Type": "Memory"},{"Worker Number": 1,"Sort Method": "quicksort","Sort Space Used": 27,"Sort Space Type": "Memory"},{"Worker Number": 2,"Sort Method": "quicksort","Sort Space Used": 27,"Sort Space Type": "Memory"},{"Worker Number": 3,"Sort Method": "quicksort","Sort Space Used": 27,"Sort Space Type": "Memory"}],"Plans": [{"Node Type": "Aggregate","Strategy": "Hashed","Partial Mode": "Partial","Parent Relationship": "Outer","Parallel Aware": false,"Async Capable": false,"Startup Cost": 183256.86,"Total Cost": 183256.99,"Plan Rows": 6,"Plan Width": 236,"Actual Startup Time": 1433.810,"Actual Total Time": 1433.821,"Actual Rows": 4,"Actual Loops": 5,"Group Key": ["l_returnflag", "l_linestatus"],"Planned Partitions": 0,"HashAgg Batches": 1,"Peak Memory Usage": 32,"Disk Usage": 0,"Workers": [{"Worker Number": 0,"HashAgg Batches": 1,"Peak Memory Usage": 32,"Disk Usage": 0},{"Worker Number": 1,"HashAgg Batches": 1,"Peak Memory Usage": 32,"Disk Usage": 0},{"Worker Number": 2,"HashAgg Batches": 1,"Peak Memory Usage": 32,"Disk Usage": 0},{"Worker Number": 3,"HashAgg Batches": 1,"Peak Memory Usage": 32,"Disk Usage": 0}],"Plans": [{"Node Type": "Seq Scan","Parent Relationship": "Outer","Parallel Aware": true,"Async Capable": false,"Relation Name": "lineitem","Alias": "lineitem","Startup Cost": 0.00,"Total Cost": 131256.80,"Plan Rows": 1485716,"Plan Width": 25,"Actual Startup Time": 0.083,"Actual Total Time": 411.300,"Actual Rows": 1189383,"Actual Loops": 5,"Filter": "(l_shipdate <= '1998-09-20 00:00:00'::timestamp without time zone)","Rows Removed by Filter": 10860,"Workers": []}]}]}]}]},"Planning Time": 2.939,"Triggers": [],"Execution Time": 1461.675}]
[{"Plan": {"Node Type": "Aggregate","Strategy": "Sorted","Partial Mode": "Finalize","Parallel Aware": false,"Async Capable": false,"Startup Cost": 183672.66,"Total Cost": 183676.48,"Plan Rows": 6,"Plan Width": 236,"Actual Startup Time": 1616.111,"Actual Total Time": 1649.293,"Actual Rows": 4,"Actual Loops": 1,"Group Key": ["l_returnflag", "l_linestatus"],"Plans": [{"Node Type": "Gather Merge","Parent Relationship": "Outer","Parallel Aware": false,"Async Capable": false,"Startup Cost": 183672.66,"Total Cost": 183675.54,"Plan Rows": 24,"Plan Width": 236,"Actual Startup Time": 1616.040,"Actual Total Time": 1649.181,"Actual Rows": 20,"Actual Loops": 1,"Workers Planned": 4,"Workers Launched": 4,"Plans": [{"Node Type": "Sort","Parent Relationship": "Outer","Parallel Aware": false,"Async Capable": false,"Startup Cost": 182672.60,"Total Cost": 182672.62,"Plan Rows": 6,"Plan Width": 236,"Actual Startup Time": 1608.293,"Actual Total Time": 1608.295,"Actual Rows": 4,"Actual Loops": 5,"Sort Key": ["l_returnflag", "l_linestatus"],"Sort Method": "quicksort","Sort Space Used": 27,"Sort Space Type": "Memory","Workers": [{"Worker Number": 0,"Sort Method": "quicksort","Sort Space Used": 27,"Sort Space Type": "Memory"},{"Worker Number": 1,"Sort Method": "quicksort","Sort Space Used": 27,"Sort Space Type": "Memory"},{"Worker Number": 2,"Sort Method": "quicksort","Sort Space Used": 27,"Sort Space Type": "Memory"},{"Worker Number": 3,"Sort Method": "quicksort","Sort Space Used": 27,"Sort Space Type": "Memory"}],"Plans": [{"Node Type": "Aggregate","Strategy": "Hashed","Partial Mode": "Partial","Parent Relationship": "Outer","Parallel Aware": false,"Async Capable": false,"Startup Cost": 182672.39,"Total Cost": 182672.53,"Plan Rows": 6,"Plan Width": 236,"Actual Startup Time": 1608.122,"Actual Total Time": 1608.128,"Actual Rows": 4,"Actual Loops": 5,"Group Key": ["l_returnflag", "l_linestatus"],"Planned Partitions": 0,"HashAgg Batches": 1,"Peak Memory Usage": 32,"Disk Usage": 0,"Workers": [{"Worker Number": 0,"HashAgg Batches": 1,"Peak Memory Usage": 32,"Disk Usage": 0},{"Worker Number": 1,"HashAgg Batches": 1,"Peak Memory Usage": 32,"Disk Usage": 0},{"Worker Number": 2,"HashAgg Batches": 1,"Peak Memory Usage": 32,"Disk Usage": 0},{"Worker Number": 3,"HashAgg Batches": 1,"Peak Memory Usage": 32,"Disk Usage": 0}],"Plans": [{"Node Type": "Seq Scan","Parent Relationship": "Outer","Parallel Aware": true,"Async Capable": false,"Relation Name": "lineitem","Alias": "lineitem","Startup Cost": 0.00,"Total Cost": 131256.80,"Plan Rows": 1469017,"Plan Width": 25,"Actual Startup Time": 0.038,"Actual Total Time": 601.467,"Actual Rows": 1175005,"Actual Loops": 5,"Filter": "(l_shipdate <= '1998-08-13 00:00:00'::timestamp without time zone)","Rows Removed by Filter": 25238,"Workers": []}]}]}]}]},"Planning Time": 3.226,"Triggers": [],"Execution Time": 1649.755}]
[{"Plan": {"Node Type": "Aggregate","Strategy": "Sorted","Partial Mode": "Finalize","Parallel Aware": false,"Async Capable": false,"Startup Cost": 184036.91,"Total Cost": 184040.73,"Plan Rows": 6,"Plan Width": 236,"Actual Startup Time": 1637.109,"Actual Total Time": 1670.020,"Actual Rows": 4,"Actual Loops": 1,"Group Key": ["l_returnflag", "l_linestatus"],"Plans": [{"Node Type": "Gather Merge","Parent Relationship": "Outer","Parallel Aware": false,"Async Capable": false,"Startup Cost": 184036.91,"Total Cost": 184039.78,"Plan Rows": 24,"Plan Width": 236,"Actual Startup Time": 1636.959,"Actual Total Time": 1669.864,"Actual Rows": 20,"Actual Loops": 1,"Workers Planned": 4,"Workers Launched": 4,"Plans": [{"Node Type": "Sort","Parent Relationship": "Outer","Parallel Aware": false,"Async Capable": false,"Startup Cost": 183036.85,"Total Cost": 183036.86,"Plan Rows": 6,"Plan Width": 236,"Actual Startup Time": 1629.472,"Actual Total Time": 1629.479,"Actual Rows": 4,"Actual Loops": 5,"Sort Key": ["l_returnflag", "l_linestatus"],"Sort Method": "quicksort","Sort Space Used": 27,"Sort Space Type": "Memory","Workers": [{"Worker Number": 0,"Sort Method": "quicksort","Sort Space Used": 27,"Sort Space Type": "Memory"},{"Worker Number": 1,"Sort Method": "quicksort","Sort Space Used": 27,"Sort Space Type": "Memory"},{"Worker Number": 2,"Sort Method": "quicksort","Sort Space Used": 27,"Sort Space Type": "Memory"},{"Worker Number": 3,"Sort Method": "quicksort","Sort Space Used": 27,"Sort Space Type": "Memory"}],"Plans": [{"Node Type": "Aggregate","Strategy": "Hashed","Partial Mode": "Partial","Parent Relationship": "Outer","Parallel Aware": false,"Async Capable": false,"Startup Cost": 183036.64,"Total Cost": 183036.77,"Plan Rows": 6,"Plan Width": 236,"Actual Startup Time": 1629.306,"Actual Total Time": 1629.317,"Actual Rows": 4,"Actual Loops": 5,"Group Key": ["l_returnflag", "l_linestatus"],"Planned Partitions": 0,"HashAgg Batches": 1,"Peak Memory Usage": 32,"Disk Usage": 0,"Workers": [{"Worker Number": 0,"HashAgg Batches": 1,"Peak Memory Usage": 32,"Disk Usage": 0},{"Worker Number": 1,"HashAgg Batches": 1,"Peak Memory Usage": 32,"Disk Usage": 0},{"Worker Number": 2,"HashAgg Batches": 1,"Peak Memory Usage": 32,"Disk Usage": 0},{"Worker Number": 3,"HashAgg Batches": 1,"Peak Memory Usage": 32,"Disk Usage": 0}],"Plans": [{"Node Type": "Seq Scan","Parent Relationship": "Outer","Parallel Aware": true,"Async Capable": false,"Relation Name": "lineitem","Alias": "lineitem","Startup Cost": 0.00,"Total Cost": 131256.80,"Plan Rows": 1479424,"Plan Width": 25,"Actual Startup Time": 0.039,"Actual Total Time": 610.786,"Actual Rows": 1184428,"Actual Loops": 5,"Filter": "(l_shipdate <= '1998-09-05 00:00:00'::timestamp without time zone)","Rows Removed by Filter": 15815,"Workers": []}]}]}]}]},"Planning Time": 3.654,"Triggers": [],"Execution Time": 1670.423}]
[{"Plan": {"Node Type": "Aggregate","Strategy": "Sorted","Partial Mode": "Finalize","Parallel Aware": false,"Async Capable": false,"Startup Cost": 183732.41,"Total Cost": 183736.23,"Plan Rows": 6,"Plan Width": 236,"Actual Startup Time": 1628.328,"Actual Total Time": 1661.003,"Actual Rows": 4,"Actual Loops": 1,"Group Key": ["l_returnflag", "l_linestatus"],"Plans": [{"Node Type": "Gather Merge","Parent Relationship": "Outer","Parallel Aware": false,"Async Capable": false,"Startup Cost": 183732.41,"Total Cost": 183735.28,"Plan Rows": 24,"Plan Width": 236,"Actual Startup Time": 1628.236,"Actual Total Time": 1660.877,"Actual Rows": 20,"Actual Loops": 1,"Workers Planned": 4,"Workers Launched": 4,"Plans": [{"Node Type": "Sort","Parent Relationship": "Outer","Parallel Aware": false,"Async Capable": false,"Startup Cost": 182732.35,"Total Cost": 182732.36,"Plan Rows": 6,"Plan Width": 236,"Actual Startup Time": 1620.833,"Actual Total Time": 1620.835,"Actual Rows": 4,"Actual Loops": 5,"Sort Key": ["l_returnflag", "l_linestatus"],"Sort Method": "quicksort","Sort Space Used": 27,"Sort Space Type": "Memory","Workers": [{"Worker Number": 0,"Sort Method": "quicksort","Sort Space Used": 27,"Sort Space Type": "Memory"},{"Worker Number": 1,"Sort Method": "quicksort","Sort Space Used": 27,"Sort Space Type": "Memory"},{"Worker Number": 2,"Sort Method": "quicksort","Sort Space Used": 27,"Sort Space Type": "Memory"},{"Worker Number": 3,"Sort Method": "quicksort","Sort Space Used": 27,"Sort Space Type": "Memory"}],"Plans": [{"Node Type": "Aggregate","Strategy": "Hashed","Partial Mode": "Partial","Parent Relationship": "Outer","Parallel Aware": false,"Async Capable": false,"Startup Cost": 182732.14,"Total Cost": 182732.27,"Plan Rows": 6,"Plan Width": 236,"Actual Startup Time": 1620.753,"Actual Total Time": 1620.760,"Actual Rows": 4,"Actual Loops": 5,"Group Key": ["l_returnflag", "l_linestatus"],"Planned Partitions": 0,"HashAgg Batches": 1,"Peak Memory Usage": 32,"Disk Usage": 0,"Workers": [{"Worker Number": 0,"HashAgg Batches": 1,"Peak Memory Usage": 32,"Disk Usage": 0},{"Worker Number": 1,"HashAgg Batches": 1,"Peak Memory Usage": 32,"Disk Usage": 0},{"Worker Number": 2,"HashAgg Batches": 1,"Peak Memory Usage": 32,"Disk Usage": 0},{"Worker Number": 3,"HashAgg Batches": 1,"Peak Memory Usage": 32,"Disk Usage": 0}],"Plans": [{"Node Type": "Seq Scan","Parent Relationship": "Outer","Parallel Aware": true,"Async Capable": false,"Relation Name": "lineitem","Alias": "lineitem","Startup Cost": 0.00,"Total Cost": 131256.80,"Plan Rows": 1470724,"Plan Width": 25,"Actual Startup Time": 0.036,"Actual Total Time": 604.007,"Actual Rows": 1176368,"Actual Loops": 5,"Filter": "(l_shipdate <= '1998-08-16 00:00:00'::timestamp without time zone)","Rows Removed by Filter": 23875,"Workers": []}]}]}]}]},"Planning Time": 3.031,"Triggers": [],"Execution Time": 1661.279}]
[{"Plan": {"Node Type": "Aggregate","Strategy": "Sorted","Partial Mode": "Finalize","Parallel Aware": false,"Async Capable": false,"Startup Cost": 183991.23,"Total Cost": 183995.05,"Plan Rows": 6,"Plan Width": 236,"Actual Startup Time": 1639.156,"Actual Total Time": 1672.574,"Actual Rows": 4,"Actual Loops": 1,"Group Key": ["l_returnflag", "l_linestatus"],"Plans": [{"Node Type": "Gather Merge","Parent Relationship": "Outer","Parallel Aware": false,"Async Capable": false,"Startup Cost": 183991.23,"Total Cost": 183994.11,"Plan Rows": 24,"Plan Width": 236,"Actual Startup Time": 1639.083,"Actual Total Time": 1672.474,"Actual Rows": 20,"Actual Loops": 1,"Workers Planned": 4,"Workers Launched": 4,"Plans": [{"Node Type": "Sort","Parent Relationship": "Outer","Parallel Aware": false,"Async Capable": false,"Startup Cost": 182991.17,"Total Cost": 182991.19,"Plan Rows": 6,"Plan Width": 236,"Actual Startup Time": 1631.486,"Actual Total Time": 1631.494,"Actual Rows": 4,"Actual Loops": 5,"Sort Key": ["l_returnflag", "l_linestatus"],"Sort Method": "quicksort","Sort Space Used": 27,"Sort Space Type": "Memory","Workers": [{"Worker Number": 0,"Sort Method": "quicksort","Sort Space Used": 27,"Sort Space Type": "Memory"},{"Worker Number": 1,"Sort Method": "quicksort","Sort Space Used": 27,"Sort Space Type": "Memory"},{"Worker Number": 2,"Sort Method": "quicksort","Sort Space Used": 27,"Sort Space Type": "Memory"},{"Worker Number": 3,"Sort Method": "quicksort","Sort Space Used": 27,"Sort Space Type": "Memory"}],"Plans": [{"Node Type": "Aggregate","Strategy": "Hashed","Partial Mode": "Partial","Parent Relationship": "Outer","Parallel Aware": false,"Async Capable": false,"Startup Cost": 182990.96,"Total Cost": 182991.10,"Plan Rows": 6,"Plan Width": 236,"Actual Startup Time": 1631.371,"Actual Total Time": 1631.381,"Actual Rows": 4,"Actual Loops": 5,"Group Key": ["l_returnflag", "l_linestatus"],"Planned Partitions": 0,"HashAgg Batches": 1,"Peak Memory Usage": 32,"Disk Usage": 0,"Workers": [{"Worker Number": 0,"HashAgg Batches": 1,"Peak Memory Usage": 32,"Disk Usage": 0},{"Worker Number": 1,"HashAgg Batches": 1,"Peak Memory Usage": 32,"Disk Usage": 0},{"Worker Number": 2,"HashAgg Batches": 1,"Peak Memory Usage": 32,"Disk Usage": 0},{"Worker Number": 3,"HashAgg Batches": 1,"Peak Memory Usage": 32,"Disk Usage": 0}],"Plans": [{"Node Type": "Seq Scan","Parent Relationship": "Outer","Parallel Aware": true,"Async Capable": false,"Relation Name": "lineitem","Alias": "lineitem","Startup Cost": 0.00,"Total Cost": 131256.80,"Plan Rows": 1478119,"Plan Width": 25,"Actual Startup Time": 0.040,"Actual Total Time": 614.636,"Actual Rows": 1183318,"Actual Loops": 5,"Filter": "(l_shipdate <= '1998-09-02 00:00:00'::timestamp without time zone)","Rows Removed by Filter": 16925,"Workers": []}]}]}]}]},"Planning Time": 2.730,"Triggers": [],"Execution Time": 1672.922}]
[{"Plan": {"Node Type": "Aggregate","Strategy": "Sorted","Partial Mode": "Finalize","Parallel Aware": false,"Async Capable": false,"Startup Cost": 183778.08,"Total Cost": 183781.90,"Plan Rows": 6,"Plan Width": 236,"Actual Startup Time": 1629.845,"Actual Total Time": 1663.181,"Actual Rows": 4,"Actual Loops": 1,"Group Key": ["l_returnflag", "l_linestatus"],"Plans": [{"Node Type": "Gather Merge","Parent Relationship": "Outer","Parallel Aware": false,"Async Capable": false,"Startup Cost": 183778.08,"Total Cost": 183780.96,"Plan Rows": 24,"Plan Width": 236,"Actual Startup Time": 1629.762,"Actual Total Time": 1663.049,"Actual Rows": 20,"Actual Loops": 1,"Workers Planned": 4,"Workers Launched": 4,"Plans": [{"Node Type": "Sort","Parent Relationship": "Outer","Parallel Aware": false,"Async Capable": false,"Startup Cost": 182778.02,"Total Cost": 182778.04,"Plan Rows": 6,"Plan Width": 236,"Actual Startup Time": 1622.415,"Actual Total Time": 1622.418,"Actual Rows": 4,"Actual Loops": 5,"Sort Key": ["l_returnflag", "l_linestatus"],"Sort Method": "quicksort","Sort Space Used": 27,"Sort Space Type": "Memory","Workers": [{"Worker Number": 0,"Sort Method": "quicksort","Sort Space Used": 27,"Sort Space Type": "Memory"},{"Worker Number": 1,"Sort Method": "quicksort","Sort Space Used": 27,"Sort Space Type": "Memory"},{"Worker Number": 2,"Sort Method": "quicksort","Sort Space Used": 27,"Sort Space Type": "Memory"},{"Worker Number": 3,"Sort Method": "quicksort","Sort Space Used": 27,"Sort Space Type": "Memory"}],"Plans": [{"Node Type": "Aggregate","Strategy": "Hashed","Partial Mode": "Partial","Parent Relationship": "Outer","Parallel Aware": false,"Async Capable": false,"Startup Cost": 182777.81,"Total Cost": 182777.95,"Plan Rows": 6,"Plan Width": 236,"Actual Startup Time": 1622.311,"Actual Total Time": 1622.319,"Actual Rows": 4,"Actual Loops": 5,"Group Key": ["l_returnflag", "l_linestatus"],"Planned Partitions": 0,"HashAgg Batches": 1,"Peak Memory Usage": 32,"Disk Usage": 0,"Workers": [{"Worker Number": 0,"HashAgg Batches": 1,"Peak Memory Usage": 32,"Disk Usage": 0},{"Worker Number": 1,"HashAgg Batches": 1,"Peak Memory Usage": 32,"Disk Usage": 0},{"Worker Number": 2,"HashAgg Batches": 1,"Peak Memory Usage": 32,"Disk Usage": 0},{"Worker Number": 3,"HashAgg Batches": 1,"Peak Memory Usage": 32,"Disk Usage": 0}],"Plans": [{"Node Type": "Seq Scan","Parent Relationship": "Outer","Parallel Aware": true,"Async Capable": false,"Relation Name": "lineitem","Alias": "lineitem","Startup Cost": 0.00,"Total Cost": 131256.80,"Plan Rows": 1472029,"Plan Width": 25,"Actual Startup Time": 0.039,"Actual Total Time": 611.490,"Actual Rows": 1177690,"Actual Loops": 5,"Filter": "(l_shipdate <= '1998-08-19 00:00:00'::timestamp without time zone)","Rows Removed by Filter": 22553,"Workers": []}]}]}]}]},"Planning Time": 2.535,"Triggers": [],"Execution Time": 1663.520}]
[{"Plan": {"Node Type": "Aggregate","Strategy": "Sorted","Partial Mode": "Finalize","Parallel Aware": false,"Async Capable": false,"Startup Cost": 184278.41,"Total Cost": 184282.23,"Plan Rows": 6,"Plan Width": 236,"Actual Startup Time": 1657.585,"Actual Total Time": 1690.491,"Actual Rows": 4,"Actual Loops": 1,"Group Key": ["l_returnflag", "l_linestatus"],"Plans": [{"Node Type": "Gather Merge","Parent Relationship": "Outer","Parallel Aware": false,"Async Capable": false,"Startup Cost": 184278.41,"Total Cost": 184281.28,"Plan Rows": 24,"Plan Width": 236,"Actual Startup Time": 1657.498,"Actual Total Time": 1690.371,"Actual Rows": 20,"Actual Loops": 1,"Workers Planned": 4,"Workers Launched": 4,"Plans": [{"Node Type": "Sort","Parent Relationship": "Outer","Parallel Aware": false,"Async Capable": false,"Startup Cost": 183278.35,"Total Cost": 183278.36,"Plan Rows": 6,"Plan Width": 236,"Actual Startup Time": 1649.559,"Actual Total Time": 1649.565,"Actual Rows": 4,"Actual Loops": 5,"Sort Key": ["l_returnflag", "l_linestatus"],"Sort Method": "quicksort","Sort Space Used": 27,"Sort Space Type": "Memory","Workers": [{"Worker Number": 0,"Sort Method": "quicksort","Sort Space Used": 27,"Sort Space Type": "Memory"},{"Worker Number": 1,"Sort Method": "quicksort","Sort Space Used": 27,"Sort Space Type": "Memory"},{"Worker Number": 2,"Sort Method": "quicksort","Sort Space Used": 27,"Sort Space Type": "Memory"},{"Worker Number": 3,"Sort Method": "quicksort","Sort Space Used": 27,"Sort Space Type": "Memory"}],"Plans": [{"Node Type": "Aggregate","Strategy": "Hashed","Partial Mode": "Partial","Parent Relationship": "Outer","Parallel Aware": false,"Async Capable": false,"Startup Cost": 183278.14,"Total Cost": 183278.27,"Plan Rows": 6,"Plan Width": 236,"Actual Startup Time": 1649.443,"Actual Total Time": 1649.453,"Actual Rows": 4,"Actual Loops": 5,"Group Key": ["l_returnflag", "l_linestatus"],"Planned Partitions": 0,"HashAgg Batches": 1,"Peak Memory Usage": 32,"Disk Usage": 0,"Workers": [{"Worker Number": 0,"HashAgg Batches": 1,"Peak Memory Usage": 32,"Disk Usage": 0},{"Worker Number": 1,"HashAgg Batches": 1,"Peak Memory Usage": 32,"Disk Usage": 0},{"Worker Number": 2,"HashAgg Batches": 1,"Peak Memory Usage": 32,"Disk Usage": 0},{"Worker Number": 3,"HashAgg Batches": 1,"Peak Memory Usage": 32,"Disk Usage": 0}],"Plans": [{"Node Type": "Seq Scan","Parent Relationship": "Outer","Parallel Aware": true,"Async Capable": false,"Relation Name": "lineitem","Alias": "lineitem","Startup Cost": 0.00,"Total Cost": 131256.80,"Plan Rows": 1486324,"Plan Width": 25,"Actual Startup Time": 0.045,"Actual Total Time": 616.953,"Actual Rows": 1190268,"Actual Loops": 5,"Filter": "(l_shipdate <= '1998-09-23 00:00:00'::timestamp without time zone)","Rows Removed by Filter": 9975,"Workers": []}]}]}]}]},"Planning Time": 3.178,"Triggers": [],"Execution Time": 1690.759}]
[{"Plan": {"Node Type": "Aggregate","Strategy": "Sorted","Partial Mode": "Finalize","Parallel Aware": false,"Async Capable": false,"Startup Cost": 184067.36,"Total Cost": 184071.18,"Plan Rows": 6,"Plan Width": 236,"Actual Startup Time": 1619.986,"Actual Total Time": 1652.728,"Actual Rows": 4,"Actual Loops": 1,"Group Key": ["l_returnflag", "l_linestatus"],"Plans": [{"Node Type": "Gather Merge","Parent Relationship": "Outer","Parallel Aware": false,"Async Capable": false,"Startup Cost": 184067.36,"Total Cost": 184070.23,"Plan Rows": 24,"Plan Width": 236,"Actual Startup Time": 1619.911,"Actual Total Time": 1652.605,"Actual Rows": 20,"Actual Loops": 1,"Workers Planned": 4,"Workers Launched": 4,"Plans": [{"Node Type": "Sort","Parent Relationship": "Outer","Parallel Aware": false,"Async Capable": false,"Startup Cost": 183067.30,"Total Cost": 183067.31,"Plan Rows": 6,"Plan Width": 236,"Actual Startup Time": 1612.142,"Actual Total Time": 1612.148,"Actual Rows": 4,"Actual Loops": 5,"Sort Key": ["l_returnflag", "l_linestatus"],"Sort Method": "quicksort","Sort Space Used": 27,"Sort Space Type": "Memory","Workers": [{"Worker Number": 0,"Sort Method": "quicksort","Sort Space Used": 27,"Sort Space Type": "Memory"},{"Worker Number": 1,"Sort Method": "quicksort","Sort Space Used": 27,"Sort Space Type": "Memory"},{"Worker Number": 2,"Sort Method": "quicksort","Sort Space Used": 27,"Sort Space Type": "Memory"},{"Worker Number": 3,"Sort Method": "quicksort","Sort Space Used": 27,"Sort Space Type": "Memory"}],"Plans": [{"Node Type": "Aggregate","Strategy": "Hashed","Partial Mode": "Partial","Parent Relationship": "Outer","Parallel Aware": false,"Async Capable": false,"Startup Cost": 183067.09,"Total Cost": 183067.22,"Plan Rows": 6,"Plan Width": 236,"Actual Startup Time": 1611.931,"Actual Total Time": 1611.940,"Actual Rows": 4,"Actual Loops": 5,"Group Key": ["l_returnflag", "l_linestatus"],"Planned Partitions": 0,"HashAgg Batches": 1,"Peak Memory Usage": 32,"Disk Usage": 0,"Workers": [{"Worker Number": 0,"HashAgg Batches": 1,"Peak Memory Usage": 32,"Disk Usage": 0},{"Worker Number": 1,"HashAgg Batches": 1,"Peak Memory Usage": 32,"Disk Usage": 0},{"Worker Number": 2,"HashAgg Batches": 1,"Peak Memory Usage": 32,"Disk Usage": 0},{"Worker Number": 3,"HashAgg Batches": 1,"Peak Memory Usage": 32,"Disk Usage": 0}],"Plans": [{"Node Type": "Seq Scan","Parent Relationship": "Outer","Parallel Aware": true,"Async Capable": false,"Relation Name": "lineitem","Alias": "lineitem","Startup Cost": 0.00,"Total Cost": 131256.80,"Plan Rows": 1480294,"Plan Width": 25,"Actual Startup Time": 0.039,"Actual Total Time": 595.916,"Actual Rows": 1185143,"Actual Loops": 5,"Filter": "(l_shipdate <= '1998-09-07 00:00:00'::timestamp without time zone)","Rows Removed by Filter": 15100,"Workers": []}]}]}]}]},"Planning Time": 3.046,"Triggers": [],"Execution Time": 1653.095}]
[{"Plan": {"Node Type": "Aggregate","Strategy": "Sorted","Partial Mode": "Finalize","Parallel Aware": false,"Async Capable": false,"Startup Cost": 183672.66,"Total Cost": 183676.48,"Plan Rows": 6,"Plan Width": 236,"Actual Startup Time": 1616.111,"Actual Total Time": 1649.293,"Actual Rows": 4,"Actual Loops": 1,"Group Key": ["l_returnflag", "l_linestatus"],"Plans": [{"Node Type": "Gather Merge","Parent Relationship": "Outer","Parallel Aware": false,"Async Capable": false,"Startup Cost": 183672.66,"Total Cost": 183675.54,"Plan Rows": 24,"Plan Width": 236,"Actual Startup Time": 1616.040,"Actual Total Time": 1649.181,"Actual Rows": 20,"Actual Loops": 1,"Workers Planned": 4,"Workers Launched": 4,"Plans": [{"Node Type": "Sort","Parent Relationship": "Outer","Parallel Aware": false,"Async Capable": false,"Startup Cost": 182672.60,"Total Cost": 182672.62,"Plan Rows": 6,"Plan Width": 236,"Actual Startup Time": 1608.293,"Actual Total Time": 1608.295,"Actual Rows": 4,"Actual Loops": 5,"Sort Key": ["l_returnflag", "l_linestatus"],"Sort Method": "quicksort","Sort Space Used": 27,"Sort Space Type": "Memory","Workers": [{"Worker Number": 0,"Sort Method": "quicksort","Sort Space Used": 27,"Sort Space Type": "Memory"},{"Worker Number": 1,"Sort Method": "quicksort","Sort Space Used": 27,"Sort Space Type": "Memory"},{"Worker Number": 2,"Sort Method": "quicksort","Sort Space Used": 27,"Sort Space Type": "Memory"},{"Worker Number": 3,"Sort Method": "quicksort","Sort Space Used": 27,"Sort Space Type": "Memory"}],"Plans": [{"Node Type": "Aggregate","Strategy": "Hashed","Partial Mode": "Partial","Parent Relationship": "Outer","Parallel Aware": false,"Async Capable": false,"Startup Cost": 182672.39,"Total Cost": 182672.53,"Plan Rows": 6,"Plan Width": 236,"Actual Startup Time": 1608.122,"Actual Total Time": 1608.128,"Actual Rows": 4,"Actual Loops": 5,"Group Key": ["l_returnflag", "l_linestatus"],"Planned Partitions": 0,"HashAgg Batches": 1,"Peak Memory Usage": 32,"Disk Usage": 0,"Workers": [{"Worker Number": 0,"HashAgg Batches": 1,"Peak Memory Usage": 32,"Disk Usage": 0},{"Worker Number": 1,"HashAgg Batches": 1,"Peak Memory Usage": 32,"Disk Usage": 0},{"Worker Number": 2,"HashAgg Batches": 1,"Peak Memory Usage": 32,"Disk Usage": 0},{"Worker Number": 3,"HashAgg Batches": 1,"Peak Memory Usage": 32,"Disk Usage": 0}],"Plans": [{"Node Type": "Seq Scan","Parent Relationship": "Outer","Parallel Aware": true,"Async Capable": false,"Relation Name": "lineitem","Alias": "lineitem","Startup Cost": 0.00,"Total Cost": 131256.80,"Plan Rows": 1469017,"Plan Width": 25,"Actual Startup Time": 0.038,"Actual Total Time": 601.467,"Actual Rows": 1175005,"Actual Loops": 5,"Filter": "(l_shipdate <= '1998-08-13 00:00:00'::timestamp without time zone)","Rows Removed by Filter": 25238,"Workers": []}]}]}]}]},"Planning Time": 3.226,"Triggers": [],"Execution Time": 1649.755}]
[{"Plan": {"Node Type": "Aggregate","Strategy": "Sorted","Partial Mode": "Finalize","Parallel Aware": false,"Async Capable": false,"Startup Cost": 184313.86,"Total Cost": 184317.68,"Plan Rows": 6,"Plan Width": 236,"Actual Startup Time": 1657.091,"Actual Total Time": 1690.885,"Actual Rows": 4,"Actual Loops": 1,"Group Key": ["l_returnflag", "l_linestatus"],"Plans": [{"Node Type": "Gather Merge","Parent Relationship": "Outer","Parallel Aware": false,"Async Capable": false,"Startup Cost": 184313.86,"Total Cost": 184316.74,"Plan Rows": 24,"Plan Width": 236,"Actual Startup Time": 1657.029,"Actual Total Time": 1690.788,"Actual Rows": 20,"Actual Loops": 1,"Workers Planned": 4,"Workers Launched": 4,"Plans": [{"Node Type": "Sort","Parent Relationship": "Outer","Parallel Aware": false,"Async Capable": false,"Startup Cost": 183313.80,"Total Cost": 183313.82,"Plan Rows": 6,"Plan Width": 236,"Actual Startup Time": 1648.712,"Actual Total Time": 1648.718,"Actual Rows": 4,"Actual Loops": 5,"Sort Key": ["l_returnflag", "l_linestatus"],"Sort Method": "quicksort","Sort Space Used": 27,"Sort Space Type": "Memory","Workers": [{"Worker Number": 0,"Sort Method": "quicksort","Sort Space Used": 27,"Sort Space Type": "Memory"},{"Worker Number": 1,"Sort Method": "quicksort","Sort Space Used": 27,"Sort Space Type": "Memory"},{"Worker Number": 2,"Sort Method": "quicksort","Sort Space Used": 27,"Sort Space Type": "Memory"},{"Worker Number": 3,"Sort Method": "quicksort","Sort Space Used": 27,"Sort Space Type": "Memory"}],"Plans": [{"Node Type": "Aggregate","Strategy": "Hashed","Partial Mode": "Partial","Parent Relationship": "Outer","Parallel Aware": false,"Async Capable": false,"Startup Cost": 183313.59,"Total Cost": 183313.73,"Plan Rows": 6,"Plan Width": 236,"Actual Startup Time": 1648.607,"Actual Total Time": 1648.618,"Actual Rows": 4,"Actual Loops": 5,"Group Key": ["l_returnflag", "l_linestatus"],"Planned Partitions": 0,"HashAgg Batches": 1,"Peak Memory Usage": 32,"Disk Usage": 0,"Workers": [{"Worker Number": 0,"HashAgg Batches": 1,"Peak Memory Usage": 32,"Disk Usage": 0},{"Worker Number": 1,"HashAgg Batches": 1,"Peak Memory Usage": 32,"Disk Usage": 0},{"Worker Number": 2,"HashAgg Batches": 1,"Peak Memory Usage": 32,"Disk Usage": 0},{"Worker Number": 3,"HashAgg Batches": 1,"Peak Memory Usage": 32,"Disk Usage": 0}],"Plans": [{"Node Type": "Seq Scan","Parent Relationship": "Outer","Parallel Aware": true,"Async Capable": false,"Relation Name": "lineitem","Alias": "lineitem","Startup Cost": 0.00,"Total Cost": 131256.80,"Plan Rows": 1487337,"Plan Width": 25,"Actual Startup Time": 0.037,"Actual Total Time": 622.318,"Actual Rows": 1191638,"Actual Loops": 5,"Filter": "(l_shipdate <= '1998-09-28 00:00:00'::timestamp without time zone)","Rows Removed by Filter": 8605,"Workers": []}]}]}]}]},"Planning Time": 3.442,"Triggers": [],"Execution Time": 1691.344}]
[{"Plan": {"Node Type": "Aggregate","Strategy": "Sorted","Partial Mode": "Finalize","Parallel Aware": false,"Async Capable": false,"Startup Cost": 184113.03,"Total Cost": 184116.85,"Plan Rows": 6,"Plan Width": 236,"Actual Startup Time": 1626.286,"Actual Total Time": 1659.080,"Actual Rows": 4,"Actual Loops": 1,"Group Key": ["l_returnflag", "l_linestatus"],"Plans": [{"Node Type": "Gather Merge","Parent Relationship": "Outer","Parallel Aware": false,"Async Capable": false,"Startup Cost": 184113.03,"Total Cost": 184115.91,"Plan Rows": 24,"Plan Width": 236,"Actual Startup Time": 1626.211,"Actual Total Time": 1658.952,"Actual Rows": 20,"Actual Loops": 1,"Workers Planned": 4,"Workers Launched": 4,"Plans": [{"Node Type": "Sort","Parent Relationship": "Outer","Parallel Aware": false,"Async Capable": false,"Startup Cost": 183112.97,"Total Cost": 183112.99,"Plan Rows": 6,"Plan Width": 236,"Actual Startup Time": 1618.938,"Actual Total Time": 1618.943,"Actual Rows": 4,"Actual Loops": 5,"Sort Key": ["l_returnflag", "l_linestatus"],"Sort Method": "quicksort","Sort Space Used": 27,"Sort Space Type": "Memory","Workers": [{"Worker Number": 0,"Sort Method": "quicksort","Sort Space Used": 27,"Sort Space Type": "Memory"},{"Worker Number": 1,"Sort Method": "quicksort","Sort Space Used": 27,"Sort Space Type": "Memory"},{"Worker Number": 2,"Sort Method": "quicksort","Sort Space Used": 27,"Sort Space Type": "Memory"},{"Worker Number": 3,"Sort Method": "quicksort","Sort Space Used": 27,"Sort Space Type": "Memory"}],"Plans": [{"Node Type": "Aggregate","Strategy": "Hashed","Partial Mode": "Partial","Parent Relationship": "Outer","Parallel Aware": false,"Async Capable": false,"Startup Cost": 183112.76,"Total Cost": 183112.90,"Plan Rows": 6,"Plan Width": 236,"Actual Startup Time": 1618.825,"Actual Total Time": 1618.836,"Actual Rows": 4,"Actual Loops": 5,"Group Key": ["l_returnflag", "l_linestatus"],"Planned Partitions": 0,"HashAgg Batches": 1,"Peak Memory Usage": 32,"Disk Usage": 0,"Workers": [{"Worker Number": 0,"HashAgg Batches": 1,"Peak Memory Usage": 32,"Disk Usage": 0},{"Worker Number": 1,"HashAgg Batches": 1,"Peak Memory Usage": 32,"Disk Usage": 0},{"Worker Number": 2,"HashAgg Batches": 1,"Peak Memory Usage": 32,"Disk Usage": 0},{"Worker Number": 3,"HashAgg Batches": 1,"Peak Memory Usage": 32,"Disk Usage": 0}],"Plans": [{"Node Type": "Seq Scan","Parent Relationship": "Outer","Parallel Aware": true,"Async Capable": false,"Relation Name": "lineitem","Alias": "lineitem","Startup Cost": 0.00,"Total Cost": 131256.80,"Plan Rows": 1481599,"Plan Width": 25,"Actual Startup Time": 0.033,"Actual Total Time": 600.023,"Actual Rows": 1186191,"Actual Loops": 5,"Filter": "(l_shipdate <= '1998-09-10 00:00:00'::timestamp without time zone)","Rows Removed by Filter": 14052,"Workers": []}]}]}]}]},"Planning Time": 2.494,"Triggers": [],"Execution Time": 1659.387}]
[{"Plan": {"Node Type": "Aggregate","Strategy": "Sorted","Partial Mode": "Finalize","Parallel Aware": false,"Async Capable": false,"Startup Cost": 183573.12,"Total Cost": 183576.94,"Plan Rows": 6,"Plan Width": 236,"Actual Startup Time": 1630.320,"Actual Total Time": 1663.472,"Actual Rows": 4,"Actual Loops": 1,"Group Key": ["l_returnflag", "l_linestatus"],"Plans": [{"Node Type": "Gather Merge","Parent Relationship": "Outer","Parallel Aware": false,"Async Capable": false,"Startup Cost": 183573.12,"Total Cost": 183576.00,"Plan Rows": 24,"Plan Width": 236,"Actual Startup Time": 1630.214,"Actual Total Time": 1663.326,"Actual Rows": 20,"Actual Loops": 1,"Workers Planned": 4,"Workers Launched": 4,"Plans": [{"Node Type": "Sort","Parent Relationship": "Outer","Parallel Aware": false,"Async Capable": false,"Startup Cost": 182573.06,"Total Cost": 182573.08,"Plan Rows": 6,"Plan Width": 236,"Actual Startup Time": 1621.960,"Actual Total Time": 1621.963,"Actual Rows": 4,"Actual Loops": 5,"Sort Key": ["l_returnflag", "l_linestatus"],"Sort Method": "quicksort","Sort Space Used": 27,"Sort Space Type": "Memory","Workers": [{"Worker Number": 0,"Sort Method": "quicksort","Sort Space Used": 27,"Sort Space Type": "Memory"},{"Worker Number": 1,"Sort Method": "quicksort","Sort Space Used": 27,"Sort Space Type": "Memory"},{"Worker Number": 2,"Sort Method": "quicksort","Sort Space Used": 27,"Sort Space Type": "Memory"},{"Worker Number": 3,"Sort Method": "quicksort","Sort Space Used": 27,"Sort Space Type": "Memory"}],"Plans": [{"Node Type": "Aggregate","Strategy": "Hashed","Partial Mode": "Partial","Parent Relationship": "Outer","Parallel Aware": false,"Async Capable": false,"Startup Cost": 182572.85,"Total Cost": 182572.99,"Plan Rows": 6,"Plan Width": 236,"Actual Startup Time": 1621.870,"Actual Total Time": 1621.879,"Actual Rows": 4,"Actual Loops": 5,"Group Key": ["l_returnflag", "l_linestatus"],"Planned Partitions": 0,"HashAgg Batches": 1,"Peak Memory Usage": 32,"Disk Usage": 0,"Workers": [{"Worker Number": 0,"HashAgg Batches": 1,"Peak Memory Usage": 32,"Disk Usage": 0},{"Worker Number": 1,"HashAgg Batches": 1,"Peak Memory Usage": 32,"Disk Usage": 0},{"Worker Number": 2,"HashAgg Batches": 1,"Peak Memory Usage": 32,"Disk Usage": 0},{"Worker Number": 3,"HashAgg Batches": 1,"Peak Memory Usage": 32,"Disk Usage": 0}],"Plans": [{"Node Type": "Seq Scan","Parent Relationship": "Outer","Parallel Aware": true,"Async Capable": false,"Relation Name": "lineitem","Alias": "lineitem","Startup Cost": 0.00,"Total Cost": 131256.80,"Plan Rows": 1466173,"Plan Width": 25,"Actual Startup Time": 0.040,"Actual Total Time": 613.933,"Actual Rows": 1172635,"Actual Loops": 5,"Filter": "(l_shipdate <= '1998-08-08 00:00:00'::timestamp without time zone)","Rows Removed by Filter": 27608,"Workers": []}]}]}]}]},"Planning Time": 2.802,"Triggers": [],"Execution Time": 1663.865}]
[{"Plan": {"Node Type": "Aggregate","Strategy": "Sorted","Partial Mode": "Finalize","Parallel Aware": false,"Async Capable": false,"Startup Cost": 184204.38,"Total Cost": 184208.20,"Plan Rows": 6,"Plan Width": 236,"Actual Startup Time": 1633.981,"Actual Total Time": 1667.258,"Actual Rows": 4,"Actual Loops": 1,"Group Key": ["l_returnflag", "l_linestatus"],"Plans": [{"Node Type": "Gather Merge","Parent Relationship": "Outer","Parallel Aware": false,"Async Capable": false,"Startup Cost": 184204.38,"Total Cost": 184207.26,"Plan Rows": 24,"Plan Width": 236,"Actual Startup Time": 1633.916,"Actual Total Time": 1667.158,"Actual Rows": 20,"Actual Loops": 1,"Workers Planned": 4,"Workers Launched": 4,"Plans": [{"Node Type": "Sort","Parent Relationship": "Outer","Parallel Aware": false,"Async Capable": false,"Startup Cost": 183204.32,"Total Cost": 183204.34,"Plan Rows": 6,"Plan Width": 236,"Actual Startup Time": 1625.100,"Actual Total Time": 1625.105,"Actual Rows": 4,"Actual Loops": 5,"Sort Key": ["l_returnflag", "l_linestatus"],"Sort Method": "quicksort","Sort Space Used": 27,"Sort Space Type": "Memory","Workers": [{"Worker Number": 0,"Sort Method": "quicksort","Sort Space Used": 27,"Sort Space Type": "Memory"},{"Worker Number": 1,"Sort Method": "quicksort","Sort Space Used": 27,"Sort Space Type": "Memory"},{"Worker Number": 2,"Sort Method": "quicksort","Sort Space Used": 27,"Sort Space Type": "Memory"},{"Worker Number": 3,"Sort Method": "quicksort","Sort Space Used": 27,"Sort Space Type": "Memory"}],"Plans": [{"Node Type": "Aggregate","Strategy": "Hashed","Partial Mode": "Partial","Parent Relationship": "Outer","Parallel Aware": false,"Async Capable": false,"Startup Cost": 183204.11,"Total Cost": 183204.25,"Plan Rows": 6,"Plan Width": 236,"Actual Startup Time": 1624.988,"Actual Total Time": 1624.999,"Actual Rows": 4,"Actual Loops": 5,"Group Key": ["l_returnflag", "l_linestatus"],"Planned Partitions": 0,"HashAgg Batches": 1,"Peak Memory Usage": 32,"Disk Usage": 0,"Workers": [{"Worker Number": 0,"HashAgg Batches": 1,"Peak Memory Usage": 32,"Disk Usage": 0},{"Worker Number": 1,"HashAgg Batches": 1,"Peak Memory Usage": 32,"Disk Usage": 0},{"Worker Number": 2,"HashAgg Batches": 1,"Peak Memory Usage": 32,"Disk Usage": 0},{"Worker Number": 3,"HashAgg Batches": 1,"Peak Memory Usage": 32,"Disk Usage": 0}],"Plans": [{"Node Type": "Seq Scan","Parent Relationship": "Outer","Parallel Aware": true,"Async Capable": false,"Relation Name": "lineitem","Alias": "lineitem","Startup Cost": 0.00,"Total Cost": 131256.80,"Plan Rows": 1484209,"Plan Width": 25,"Actual Startup Time": 0.040,"Actual Total Time": 604.937,"Actual Rows": 1188181,"Actual Loops": 5,"Filter": "(l_shipdate <= '1998-09-16 00:00:00'::timestamp without time zone)","Rows Removed by Filter": 12062,"Workers": []}]}]}]}]},"Planning Time": 3.653,"Triggers": [],"Execution Time": 1667.715}]
[{"Plan": {"Node Type": "Aggregate","Strategy": "Sorted","Partial Mode": "Finalize","Parallel Aware": false,"Async Capable": false,"Startup Cost": 183960.78,"Total Cost": 183964.60,"Plan Rows": 6,"Plan Width": 236,"Actual Startup Time": 1647.401,"Actual Total Time": 1680.504,"Actual Rows": 4,"Actual Loops": 1,"Group Key": ["l_returnflag", "l_linestatus"],"Plans": [{"Node Type": "Gather Merge","Parent Relationship": "Outer","Parallel Aware": false,"Async Capable": false,"Startup Cost": 183960.78,"Total Cost": 183963.66,"Plan Rows": 24,"Plan Width": 236,"Actual Startup Time": 1647.346,"Actual Total Time": 1680.378,"Actual Rows": 20,"Actual Loops": 1,"Workers Planned": 4,"Workers Launched": 4,"Plans": [{"Node Type": "Sort","Parent Relationship": "Outer","Parallel Aware": false,"Async Capable": false,"Startup Cost": 182960.72,"Total Cost": 182960.74,"Plan Rows": 6,"Plan Width": 236,"Actual Startup Time": 1639.973,"Actual Total Time": 1639.976,"Actual Rows": 4,"Actual Loops": 5,"Sort Key": ["l_returnflag", "l_linestatus"],"Sort Method": "quicksort","Sort Space Used": 27,"Sort Space Type": "Memory","Workers": [{"Worker Number": 0,"Sort Method": "quicksort","Sort Space Used": 27,"Sort Space Type": "Memory"},{"Worker Number": 1,"Sort Method": "quicksort","Sort Space Used": 27,"Sort Space Type": "Memory"},{"Worker Number": 2,"Sort Method": "quicksort","Sort Space Used": 27,"Sort Space Type": "Memory"},{"Worker Number": 3,"Sort Method": "quicksort","Sort Space Used": 27,"Sort Space Type": "Memory"}],"Plans": [{"Node Type": "Aggregate","Strategy": "Hashed","Partial Mode": "Partial","Parent Relationship": "Outer","Parallel Aware": false,"Async Capable": false,"Startup Cost": 182960.51,"Total Cost": 182960.65,"Plan Rows": 6,"Plan Width": 236,"Actual Startup Time": 1639.892,"Actual Total Time": 1639.899,"Actual Rows": 4,"Actual Loops": 5,"Group Key": ["l_returnflag", "l_linestatus"],"Planned Partitions": 0,"HashAgg Batches": 1,"Peak Memory Usage": 32,"Disk Usage": 0,"Workers": [{"Worker Number": 0,"HashAgg Batches": 1,"Peak Memory Usage": 32,"Disk Usage": 0},{"Worker Number": 1,"HashAgg Batches": 1,"Peak Memory Usage": 32,"Disk Usage": 0},{"Worker Number": 2,"HashAgg Batches": 1,"Peak Memory Usage": 32,"Disk Usage": 0},{"Worker Number": 3,"HashAgg Batches": 1,"Peak Memory Usage": 32,"Disk Usage": 0}],"Plans": [{"Node Type": "Seq Scan","Parent Relationship": "Outer","Parallel Aware": true,"Async Capable": false,"Relation Name": "lineitem","Alias": "lineitem","Startup Cost": 0.00,"Total Cost": 131256.80,"Plan Rows": 1477249,"Plan Width": 25,"Actual Startup Time": 0.035,"Actual Total Time": 614.894,"Actual Rows": 1182556,"Actual Loops": 5,"Filter": "(l_shipdate <= '1998-08-31 00:00:00'::timestamp without time zone)","Rows Removed by Filter": 17687,"Workers": []}]}]}]}]},"Planning Time": 3.505,"Triggers": [],"Execution Time": 1680.895}]
[{"Plan": {"Node Type": "Aggregate","Strategy": "Sorted","Partial Mode": "Finalize","Parallel Aware": false,"Async Capable": false,"Startup Cost": 183854.21,"Total Cost": 183858.03,"Plan Rows": 6,"Plan Width": 236,"Actual Startup Time": 1621.142,"Actual Total Time": 1653.452,"Actual Rows": 4,"Actual Loops": 1,"Group Key": ["l_returnflag", "l_linestatus"],"Plans": [{"Node Type": "Gather Merge","Parent Relationship": "Outer","Parallel Aware": false,"Async Capable": false,"Startup Cost": 183854.21,"Total Cost": 183857.08,"Plan Rows": 24,"Plan Width": 236,"Actual Startup Time": 1621.057,"Actual Total Time": 1653.343,"Actual Rows": 20,"Actual Loops": 1,"Workers Planned": 4,"Workers Launched": 4,"Plans": [{"Node Type": "Sort","Parent Relationship": "Outer","Parallel Aware": false,"Async Capable": false,"Startup Cost": 182854.15,"Total Cost": 182854.16,"Plan Rows": 6,"Plan Width": 236,"Actual Startup Time": 1613.630,"Actual Total Time": 1613.634,"Actual Rows": 4,"Actual Loops": 5,"Sort Key": ["l_returnflag", "l_linestatus"],"Sort Method": "quicksort","Sort Space Used": 27,"Sort Space Type": "Memory","Workers": [{"Worker Number": 0,"Sort Method": "quicksort","Sort Space Used": 27,"Sort Space Type": "Memory"},{"Worker Number": 1,"Sort Method": "quicksort","Sort Space Used": 27,"Sort Space Type": "Memory"},{"Worker Number": 2,"Sort Method": "quicksort","Sort Space Used": 27,"Sort Space Type": "Memory"},{"Worker Number": 3,"Sort Method": "quicksort","Sort Space Used": 27,"Sort Space Type": "Memory"}],"Plans": [{"Node Type": "Aggregate","Strategy": "Hashed","Partial Mode": "Partial","Parent Relationship": "Outer","Parallel Aware": false,"Async Capable": false,"Startup Cost": 182853.94,"Total Cost": 182854.07,"Plan Rows": 6,"Plan Width": 236,"Actual Startup Time": 1613.488,"Actual Total Time": 1613.497,"Actual Rows": 4,"Actual Loops": 5,"Group Key": ["l_returnflag", "l_linestatus"],"Planned Partitions": 0,"HashAgg Batches": 1,"Peak Memory Usage": 32,"Disk Usage": 0,"Workers": [{"Worker Number": 0,"HashAgg Batches": 1,"Peak Memory Usage": 32,"Disk Usage": 0},{"Worker Number": 1,"HashAgg Batches": 1,"Peak Memory Usage": 32,"Disk Usage": 0},{"Worker Number": 2,"HashAgg Batches": 1,"Peak Memory Usage": 32,"Disk Usage": 0},{"Worker Number": 3,"HashAgg Batches": 1,"Peak Memory Usage": 32,"Disk Usage": 0}],"Plans": [{"Node Type": "Seq Scan","Parent Relationship": "Outer","Parallel Aware": true,"Async Capable": false,"Relation Name": "lineitem","Alias": "lineitem","Startup Cost": 0.00,"Total Cost": 131256.80,"Plan Rows": 1474204,"Plan Width": 25,"Actual Startup Time": 0.040,"Actual Total Time": 601.833,"Actual Rows": 1179767,"Actual Loops": 5,"Filter": "(l_shipdate <= '1998-08-24 00:00:00'::timestamp without time zone)","Rows Removed by Filter": 20476,"Workers": []}]}]}]}]},"Planning Time": 2.415,"Triggers": [],"Execution Time": 1653.758}]
[{"Plan": {"Node Type": "Aggregate","Strategy": "Sorted","Partial Mode": "Finalize","Parallel Aware": false,"Async Capable": false,"Startup Cost": 184082.58,"Total Cost": 184086.40,"Plan Rows": 6,"Plan Width": 236,"Actual Startup Time": 1638.478,"Actual Total Time": 1674.281,"Actual Rows": 4,"Actual Loops": 1,"Group Key": ["l_returnflag", "l_linestatus"],"Plans": [{"Node Type": "Gather Merge","Parent Relationship": "Outer","Parallel Aware": false,"Async Capable": false,"Startup Cost": 184082.58,"Total Cost": 184085.46,"Plan Rows": 24,"Plan Width": 236,"Actual Startup Time": 1638.346,"Actual Total Time": 1674.153,"Actual Rows": 20,"Actual Loops": 1,"Workers Planned": 4,"Workers Launched": 4,"Plans": [{"Node Type": "Sort","Parent Relationship": "Outer","Parallel Aware": false,"Async Capable": false,"Startup Cost": 183082.52,"Total Cost": 183082.54,"Plan Rows": 6,"Plan Width": 236,"Actual Startup Time": 1630.819,"Actual Total Time": 1630.824,"Actual Rows": 4,"Actual Loops": 5,"Sort Key": ["l_returnflag", "l_linestatus"],"Sort Method": "quicksort","Sort Space Used": 27,"Sort Space Type": "Memory","Workers": [{"Worker Number": 0,"Sort Method": "quicksort","Sort Space Used": 27,"Sort Space Type": "Memory"},{"Worker Number": 1,"Sort Method": "quicksort","Sort Space Used": 27,"Sort Space Type": "Memory"},{"Worker Number": 2,"Sort Method": "quicksort","Sort Space Used": 27,"Sort Space Type": "Memory"},{"Worker Number": 3,"Sort Method": "quicksort","Sort Space Used": 27,"Sort Space Type": "Memory"}],"Plans": [{"Node Type": "Aggregate","Strategy": "Hashed","Partial Mode": "Partial","Parent Relationship": "Outer","Parallel Aware": false,"Async Capable": false,"Startup Cost": 183082.31,"Total Cost": 183082.45,"Plan Rows": 6,"Plan Width": 236,"Actual Startup Time": 1630.721,"Actual Total Time": 1630.730,"Actual Rows": 4,"Actual Loops": 5,"Group Key": ["l_returnflag", "l_linestatus"],"Planned Partitions": 0,"HashAgg Batches": 1,"Peak Memory Usage": 32,"Disk Usage": 0,"Workers": [{"Worker Number": 0,"HashAgg Batches": 1,"Peak Memory Usage": 32,"Disk Usage": 0},{"Worker Number": 1,"HashAgg Batches": 1,"Peak Memory Usage": 32,"Disk Usage": 0},{"Worker Number": 2,"HashAgg Batches": 1,"Peak Memory Usage": 32,"Disk Usage": 0},{"Worker Number": 3,"HashAgg Batches": 1,"Peak Memory Usage": 32,"Disk Usage": 0}],"Plans": [{"Node Type": "Seq Scan","Parent Relationship": "Outer","Parallel Aware": true,"Async Capable": false,"Relation Name": "lineitem","Alias": "lineitem","Startup Cost": 0.00,"Total Cost": 131256.80,"Plan Rows": 1480729,"Plan Width": 25,"Actual Startup Time": 0.040,"Actual Total Time": 612.285,"Actual Rows": 1185489,"Actual Loops": 5,"Filter": "(l_shipdate <= '1998-09-08 00:00:00'::timestamp without time zone)","Rows Removed by Filter": 14754,"Workers": []}]}]}]}]},"Planning Time": 2.744,"Triggers": [],"Execution Time": 1674.643}]
[{"Plan": {"Node Type": "Aggregate","Strategy": "Sorted","Partial Mode": "Finalize","Parallel Aware": false,"Async Capable": false,"Startup Cost": 184313.86,"Total Cost": 184317.68,"Plan Rows": 6,"Plan Width": 236,"Actual Startup Time": 1657.091,"Actual Total Time": 1690.885,"Actual Rows": 4,"Actual Loops": 1,"Group Key": ["l_returnflag", "l_linestatus"],"Plans": [{"Node Type": "Gather Merge","Parent Relationship": "Outer","Parallel Aware": false,"Async Capable": false,"Startup Cost": 184313.86,"Total Cost": 184316.74,"Plan Rows": 24,"Plan Width": 236,"Actual Startup Time": 1657.029,"Actual Total Time": 1690.788,"Actual Rows": 20,"Actual Loops": 1,"Workers Planned": 4,"Workers Launched": 4,"Plans": [{"Node Type": "Sort","Parent Relationship": "Outer","Parallel Aware": false,"Async Capable": false,"Startup Cost": 183313.80,"Total Cost": 183313.82,"Plan Rows": 6,"Plan Width": 236,"Actual Startup Time": 1648.712,"Actual Total Time": 1648.718,"Actual Rows": 4,"Actual Loops": 5,"Sort Key": ["l_returnflag", "l_linestatus"],"Sort Method": "quicksort","Sort Space Used": 27,"Sort Space Type": "Memory","Workers": [{"Worker Number": 0,"Sort Method": "quicksort","Sort Space Used": 27,"Sort Space Type": "Memory"},{"Worker Number": 1,"Sort Method": "quicksort","Sort Space Used": 27,"Sort Space Type": "Memory"},{"Worker Number": 2,"Sort Method": "quicksort","Sort Space Used": 27,"Sort Space Type": "Memory"},{"Worker Number": 3,"Sort Method": "quicksort","Sort Space Used": 27,"Sort Space Type": "Memory"}],"Plans": [{"Node Type": "Aggregate","Strategy": "Hashed","Partial Mode": "Partial","Parent Relationship": "Outer","Parallel Aware": false,"Async Capable": false,"Startup Cost": 183313.59,"Total Cost": 183313.73,"Plan Rows": 6,"Plan Width": 236,"Actual Startup Time": 1648.607,"Actual Total Time": 1648.618,"Actual Rows": 4,"Actual Loops": 5,"Group Key": ["l_returnflag", "l_linestatus"],"Planned Partitions": 0,"HashAgg Batches": 1,"Peak Memory Usage": 32,"Disk Usage": 0,"Workers": [{"Worker Number": 0,"HashAgg Batches": 1,"Peak Memory Usage": 32,"Disk Usage": 0},{"Worker Number": 1,"HashAgg Batches": 1,"Peak Memory Usage": 32,"Disk Usage": 0},{"Worker Number": 2,"HashAgg Batches": 1,"Peak Memory Usage": 32,"Disk Usage": 0},{"Worker Number": 3,"HashAgg Batches": 1,"Peak Memory Usage": 32,"Disk Usage": 0}],"Plans": [{"Node Type": "Seq Scan","Parent Relationship": "Outer","Parallel Aware": true,"Async Capable": false,"Relation Name": "lineitem","Alias": "lineitem","Startup Cost": 0.00,"Total Cost": 131256.80,"Plan Rows": 1487337,"Plan Width": 25,"Actual Startup Time": 0.037,"Actual Total Time": 622.318,"Actual Rows": 1191638,"Actual Loops": 5,"Filter": "(l_shipdate <= '1998-09-28 00:00:00'::timestamp without time zone)","Rows Removed by Filter": 8605,"Workers": []}]}]}]}]},"Planning Time": 3.442,"Triggers": [],"Execution Time": 1691.344}]
[{"Plan": {"Node Type": "Aggregate","Strategy": "Sorted","Partial Mode": "Finalize","Parallel Aware": false,"Async Capable": false,"Startup Cost": 184204.38,"Total Cost": 184208.20,"Plan Rows": 6,"Plan Width": 236,"Actual Startup Time": 1633.981,"Actual Total Time": 1667.258,"Actual Rows": 4,"Actual Loops": 1,"Group Key": ["l_returnflag", "l_linestatus"],"Plans": [{"Node Type": "Gather Merge","Parent Relationship": "Outer","Parallel Aware": false,"Async Capable": false,"Startup Cost": 184204.38,"Total Cost": 184207.26,"Plan Rows": 24,"Plan Width": 236,"Actual Startup Time": 1633.916,"Actual Total Time": 1667.158,"Actual Rows": 20,"Actual Loops": 1,"Workers Planned": 4,"Workers Launched": 4,"Plans": [{"Node Type": "Sort","Parent Relationship": "Outer","Parallel Aware": false,"Async Capable": false,"Startup Cost": 183204.32,"Total Cost": 183204.34,"Plan Rows": 6,"Plan Width": 236,"Actual Startup Time": 1625.100,"Actual Total Time": 1625.105,"Actual Rows": 4,"Actual Loops": 5,"Sort Key": ["l_returnflag", "l_linestatus"],"Sort Method": "quicksort","Sort Space Used": 27,"Sort Space Type": "Memory","Workers": [{"Worker Number": 0,"Sort Method": "quicksort","Sort Space Used": 27,"Sort Space Type": "Memory"},{"Worker Number": 1,"Sort Method": "quicksort","Sort Space Used": 27,"Sort Space Type": "Memory"},{"Worker Number": 2,"Sort Method": "quicksort","Sort Space Used": 27,"Sort Space Type": "Memory"},{"Worker Number": 3,"Sort Method": "quicksort","Sort Space Used": 27,"Sort Space Type": "Memory"}],"Plans": [{"Node Type": "Aggregate","Strategy": "Hashed","Partial Mode": "Partial","Parent Relationship": "Outer","Parallel Aware": false,"Async Capable": false,"Startup Cost": 183204.11,"Total Cost": 183204.25,"Plan Rows": 6,"Plan Width": 236,"Actual Startup Time": 1624.988,"Actual Total Time": 1624.999,"Actual Rows": 4,"Actual Loops": 5,"Group Key": ["l_returnflag", "l_linestatus"],"Planned Partitions": 0,"HashAgg Batches": 1,"Peak Memory Usage": 32,"Disk Usage": 0,"Workers": [{"Worker Number": 0,"HashAgg Batches": 1,"Peak Memory Usage": 32,"Disk Usage": 0},{"Worker Number": 1,"HashAgg Batches": 1,"Peak Memory Usage": 32,"Disk Usage": 0},{"Worker Number": 2,"HashAgg Batches": 1,"Peak Memory Usage": 32,"Disk Usage": 0},{"Worker Number": 3,"HashAgg Batches": 1,"Peak Memory Usage": 32,"Disk Usage": 0}],"Plans": [{"Node Type": "Seq Scan","Parent Relationship": "Outer","Parallel Aware": true,"Async Capable": false,"Relation Name": "lineitem","Alias": "lineitem","Startup Cost": 0.00,"Total Cost": 131256.80,"Plan Rows": 1484209,"Plan Width": 25,"Actual Startup Time": 0.040,"Actual Total Time": 604.937,"Actual Rows": 1188181,"Actual Loops": 5,"Filter": "(l_shipdate <= '1998-09-16 00:00:00'::timestamp without time zone)","Rows Removed by Filter": 12062,"Workers": []}]}]}]}]},"Planning Time": 3.653,"Triggers": [],"Execution Time": 1667.715}]
[{"Plan": {"Node Type": "Aggregate","Strategy": "Sorted","Partial Mode": "Finalize","Parallel Aware": false,"Async Capable": false,"Startup Cost": 184097.81,"Total Cost": 184101.63,"Plan Rows": 6,"Plan Width": 236,"Actual Startup Time": 1624.808,"Actual Total Time": 1658.521,"Actual Rows": 4,"Actual Loops": 1,"Group Key": ["l_returnflag", "l_linestatus"],"Plans": [{"Node Type": "Gather Merge","Parent Relationship": "Outer","Parallel Aware": false,"Async Capable": false,"Startup Cost": 184097.81,"Total Cost": 184100.68,"Plan Rows": 24,"Plan Width": 236,"Actual Startup Time": 1624.718,"Actual Total Time": 1658.389,"Actual Rows": 20,"Actual Loops": 1,"Workers Planned": 4,"Workers Launched": 4,"Plans": [{"Node Type": "Sort","Parent Relationship": "Outer","Parallel Aware": false,"Async Capable": false,"Startup Cost": 183097.75,"Total Cost": 183097.76,"Plan Rows": 6,"Plan Width": 236,"Actual Startup Time": 1616.102,"Actual Total Time": 1616.107,"Actual Rows": 4,"Actual Loops": 5,"Sort Key": ["l_returnflag", "l_linestatus"],"Sort Method": "quicksort","Sort Space Used": 27,"Sort Space Type": "Memory","Workers": [{"Worker Number": 0,"Sort Method": "quicksort","Sort Space Used": 27,"Sort Space Type": "Memory"},{"Worker Number": 1,"Sort Method": "quicksort","Sort Space Used": 27,"Sort Space Type": "Memory"},{"Worker Number": 2,"Sort Method": "quicksort","Sort Space Used": 27,"Sort Space Type": "Memory"},{"Worker Number": 3,"Sort Method": "quicksort","Sort Space Used": 27,"Sort Space Type": "Memory"}],"Plans": [{"Node Type": "Aggregate","Strategy": "Hashed","Partial Mode": "Partial","Parent Relationship": "Outer","Parallel Aware": false,"Async Capable": false,"Startup Cost": 183097.54,"Total Cost": 183097.67,"Plan Rows": 6,"Plan Width": 236,"Actual Startup Time": 1615.975,"Actual Total Time": 1615.986,"Actual Rows": 4,"Actual Loops": 5,"Group Key": ["l_returnflag", "l_linestatus"],"Planned Partitions": 0,"HashAgg Batches": 1,"Peak Memory Usage": 32,"Disk Usage": 0,"Workers": [{"Worker Number": 0,"HashAgg Batches": 1,"Peak Memory Usage": 32,"Disk Usage": 0},{"Worker Number": 1,"HashAgg Batches": 1,"Peak Memory Usage": 32,"Disk Usage": 0},{"Worker Number": 2,"HashAgg Batches": 1,"Peak Memory Usage": 32,"Disk Usage": 0},{"Worker Number": 3,"HashAgg Batches": 1,"Peak Memory Usage": 32,"Disk Usage": 0}],"Plans": [{"Node Type": "Seq Scan","Parent Relationship": "Outer","Parallel Aware": true,"Async Capable": false,"Relation Name": "lineitem","Alias": "lineitem","Startup Cost": 0.00,"Total Cost": 131256.80,"Plan Rows": 1481164,"Plan Width": 25,"Actual Startup Time": 0.044,"Actual Total Time": 598.688,"Actual Rows": 1185852,"Actual Loops": 5,"Filter": "(l_shipdate <= '1998-09-09 00:00:00'::timestamp without time zone)","Rows Removed by Filter": 14391,"Workers": []}]}]}]}]},"Planning Time": 3.148,"Triggers": [],"Execution Time": 1658.881}]
[{"Plan": {"Node Type": "Aggregate","Strategy": "Sorted","Partial Mode": "Finalize","Parallel Aware": false,"Async Capable": false,"Startup Cost": 184021.68,"Total Cost": 184025.50,"Plan Rows": 6,"Plan Width": 236,"Actual Startup Time": 1618.994,"Actual Total Time": 1651.452,"Actual Rows": 4,"Actual Loops": 1,"Group Key": ["l_returnflag", "l_linestatus"],"Plans": [{"Node Type": "Gather Merge","Parent Relationship": "Outer","Parallel Aware": false,"Async Capable": false,"Startup Cost": 184021.68,"Total Cost": 184024.56,"Plan Rows": 24,"Plan Width": 236,"Actual Startup Time": 1618.907,"Actual Total Time": 1651.331,"Actual Rows": 20,"Actual Loops": 1,"Workers Planned": 4,"Workers Launched": 4,"Plans": [{"Node Type": "Sort","Parent Relationship": "Outer","Parallel Aware": false,"Async Capable": false,"Startup Cost": 183021.62,"Total Cost": 183021.64,"Plan Rows": 6,"Plan Width": 236,"Actual Startup Time": 1611.315,"Actual Total Time": 1611.318,"Actual Rows": 4,"Actual Loops": 5,"Sort Key": ["l_returnflag", "l_linestatus"],"Sort Method": "quicksort","Sort Space Used": 27,"Sort Space Type": "Memory","Workers": [{"Worker Number": 0,"Sort Method": "quicksort","Sort Space Used": 27,"Sort Space Type": "Memory"},{"Worker Number": 1,"Sort Method": "quicksort","Sort Space Used": 27,"Sort Space Type": "Memory"},{"Worker Number": 2,"Sort Method": "quicksort","Sort Space Used": 27,"Sort Space Type": "Memory"},{"Worker Number": 3,"Sort Method": "quicksort","Sort Space Used": 27,"Sort Space Type": "Memory"}],"Plans": [{"Node Type": "Aggregate","Strategy": "Hashed","Partial Mode": "Partial","Parent Relationship": "Outer","Parallel Aware": false,"Async Capable": false,"Startup Cost": 183021.41,"Total Cost": 183021.55,"Plan Rows": 6,"Plan Width": 236,"Actual Startup Time": 1611.089,"Actual Total Time": 1611.097,"Actual Rows": 4,"Actual Loops": 5,"Group Key": ["l_returnflag", "l_linestatus"],"Planned Partitions": 0,"HashAgg Batches": 1,"Peak Memory Usage": 32,"Disk Usage": 0,"Workers": [{"Worker Number": 0,"HashAgg Batches": 1,"Peak Memory Usage": 32,"Disk Usage": 0},{"Worker Number": 1,"HashAgg Batches": 1,"Peak Memory Usage": 32,"Disk Usage": 0},{"Worker Number": 2,"HashAgg Batches": 1,"Peak Memory Usage": 32,"Disk Usage": 0},{"Worker Number": 3,"HashAgg Batches": 1,"Peak Memory Usage": 32,"Disk Usage": 0}],"Plans": [{"Node Type": "Seq Scan","Parent Relationship": "Outer","Parallel Aware": true,"Async Capable": false,"Relation Name": "lineitem","Alias": "lineitem","Startup Cost": 0.00,"Total Cost": 131256.80,"Plan Rows": 1478989,"Plan Width": 25,"Actual Startup Time": 0.039,"Actual Total Time": 596.159,"Actual Rows": 1184062,"Actual Loops": 5,"Filter": "(l_shipdate <= '1998-09-04 00:00:00'::timestamp without time zone)","Rows Removed by Filter": 16181,"Workers": []}]}]}]}]},"Planning Time": 2.929,"Triggers": [],"Execution Time": 1651.788}]
[{"Plan": {"Node Type": "Aggregate","Strategy": "Sorted","Partial Mode": "Finalize","Parallel Aware": false,"Async Capable": false,"Startup Cost": 184264.23,"Total Cost": 184268.05,"Plan Rows": 6,"Plan Width": 236,"Actual Startup Time": 1657.258,"Actual Total Time": 1692.760,"Actual Rows": 4,"Actual Loops": 1,"Group Key": ["l_returnflag", "l_linestatus"],"Plans": [{"Node Type": "Gather Merge","Parent Relationship": "Outer","Parallel Aware": false,"Async Capable": false,"Startup Cost": 184264.23,"Total Cost": 184267.11,"Plan Rows": 24,"Plan Width": 236,"Actual Startup Time": 1657.140,"Actual Total Time": 1692.614,"Actual Rows": 20,"Actual Loops": 1,"Workers Planned": 4,"Workers Launched": 4,"Plans": [{"Node Type": "Sort","Parent Relationship": "Outer","Parallel Aware": false,"Async Capable": false,"Startup Cost": 183264.17,"Total Cost": 183264.19,"Plan Rows": 6,"Plan Width": 236,"Actual Startup Time": 1648.829,"Actual Total Time": 1648.834,"Actual Rows": 4,"Actual Loops": 5,"Sort Key": ["l_returnflag", "l_linestatus"],"Sort Method": "quicksort","Sort Space Used": 27,"Sort Space Type": "Memory","Workers": [{"Worker Number": 0,"Sort Method": "quicksort","Sort Space Used": 27,"Sort Space Type": "Memory"},{"Worker Number": 1,"Sort Method": "quicksort","Sort Space Used": 27,"Sort Space Type": "Memory"},{"Worker Number": 2,"Sort Method": "quicksort","Sort Space Used": 27,"Sort Space Type": "Memory"},{"Worker Number": 3,"Sort Method": "quicksort","Sort Space Used": 27,"Sort Space Type": "Memory"}],"Plans": [{"Node Type": "Aggregate","Strategy": "Hashed","Partial Mode": "Partial","Parent Relationship": "Outer","Parallel Aware": false,"Async Capable": false,"Startup Cost": 183263.96,"Total Cost": 183264.10,"Plan Rows": 6,"Plan Width": 236,"Actual Startup Time": 1648.736,"Actual Total Time": 1648.744,"Actual Rows": 4,"Actual Loops": 5,"Group Key": ["l_returnflag", "l_linestatus"],"Planned Partitions": 0,"HashAgg Batches": 1,"Peak Memory Usage": 32,"Disk Usage": 0,"Workers": [{"Worker Number": 0,"HashAgg Batches": 1,"Peak Memory Usage": 32,"Disk Usage": 0},{"Worker Number": 1,"HashAgg Batches": 1,"Peak Memory Usage": 32,"Disk Usage": 0},{"Worker Number": 2,"HashAgg Batches": 1,"Peak Memory Usage": 32,"Disk Usage": 0},{"Worker Number": 3,"HashAgg Batches": 1,"Peak Memory Usage": 32,"Disk Usage": 0}],"Plans": [{"Node Type": "Seq Scan","Parent Relationship": "Outer","Parallel Aware": true,"Async Capable": false,"Relation Name": "lineitem","Alias": "lineitem","Startup Cost": 0.00,"Total Cost": 131256.80,"Plan Rows": 1485919,"Plan Width": 25,"Actual Startup Time": 0.042,"Actual Total Time": 617.894,"Actual Rows": 1189684,"Actual Loops": 5,"Filter": "(l_shipdate <= '1998-09-21 00:00:00'::timestamp without time zone)","Rows Removed by Filter": 10559,"Workers": []}]}]}]}]},"Planning Time": 3.474,"Triggers": [],"Execution Time": 1693.201}]
[{"Plan": {"Node Type": "Aggregate","Strategy": "Sorted","Partial Mode": "Finalize","Parallel Aware": false,"Async Capable": false,"Startup Cost": 184036.91,"Total Cost": 184040.73,"Plan Rows": 6,"Plan Width": 236,"Actual Startup Time": 1637.109,"Actual Total Time": 1670.020,"Actual Rows": 4,"Actual Loops": 1,"Group Key": ["l_returnflag", "l_linestatus"],"Plans": [{"Node Type": "Gather Merge","Parent Relationship": "Outer","Parallel Aware": false,"Async Capable": false,"Startup Cost": 184036.91,"Total Cost": 184039.78,"Plan Rows": 24,"Plan Width": 236,"Actual Startup Time": 1636.959,"Actual Total Time": 1669.864,"Actual Rows": 20,"Actual Loops": 1,"Workers Planned": 4,"Workers Launched": 4,"Plans": [{"Node Type": "Sort","Parent Relationship": "Outer","Parallel Aware": false,"Async Capable": false,"Startup Cost": 183036.85,"Total Cost": 183036.86,"Plan Rows": 6,"Plan Width": 236,"Actual Startup Time": 1629.472,"Actual Total Time": 1629.479,"Actual Rows": 4,"Actual Loops": 5,"Sort Key": ["l_returnflag", "l_linestatus"],"Sort Method": "quicksort","Sort Space Used": 27,"Sort Space Type": "Memory","Workers": [{"Worker Number": 0,"Sort Method": "quicksort","Sort Space Used": 27,"Sort Space Type": "Memory"},{"Worker Number": 1,"Sort Method": "quicksort","Sort Space Used": 27,"Sort Space Type": "Memory"},{"Worker Number": 2,"Sort Method": "quicksort","Sort Space Used": 27,"Sort Space Type": "Memory"},{"Worker Number": 3,"Sort Method": "quicksort","Sort Space Used": 27,"Sort Space Type": "Memory"}],"Plans": [{"Node Type": "Aggregate","Strategy": "Hashed","Partial Mode": "Partial","Parent Relationship": "Outer","Parallel Aware": false,"Async Capable": false,"Startup Cost": 183036.64,"Total Cost": 183036.77,"Plan Rows": 6,"Plan Width": 236,"Actual Startup Time": 1629.306,"Actual Total Time": 1629.317,"Actual Rows": 4,"Actual Loops": 5,"Group Key": ["l_returnflag", "l_linestatus"],"Planned Partitions": 0,"HashAgg Batches": 1,"Peak Memory Usage": 32,"Disk Usage": 0,"Workers": [{"Worker Number": 0,"HashAgg Batches": 1,"Peak Memory Usage": 32,"Disk Usage": 0},{"Worker Number": 1,"HashAgg Batches": 1,"Peak Memory Usage": 32,"Disk Usage": 0},{"Worker Number": 2,"HashAgg Batches": 1,"Peak Memory Usage": 32,"Disk Usage": 0},{"Worker Number": 3,"HashAgg Batches": 1,"Peak Memory Usage": 32,"Disk Usage": 0}],"Plans": [{"Node Type": "Seq Scan","Parent Relationship": "Outer","Parallel Aware": true,"Async Capable": false,"Relation Name": "lineitem","Alias": "lineitem","Startup Cost": 0.00,"Total Cost": 131256.80,"Plan Rows": 1479424,"Plan Width": 25,"Actual Startup Time": 0.039,"Actual Total Time": 610.786,"Actual Rows": 1184428,"Actual Loops": 5,"Filter": "(l_shipdate <= '1998-09-05 00:00:00'::timestamp without time zone)","Rows Removed by Filter": 15815,"Workers": []}]}]}]}]},"Planning Time": 3.654,"Triggers": [],"Execution Time": 1670.423}]
[{"Plan": {"Node Type": "Aggregate","Strategy": "Sorted","Partial Mode": "Finalize","Parallel Aware": false,"Async Capable": false,"Startup Cost": 184113.03,"Total Cost": 184116.85,"Plan Rows": 6,"Plan Width": 236,"Actual Startup Time": 1626.286,"Actual Total Time": 1659.080,"Actual Rows": 4,"Actual Loops": 1,"Group Key": ["l_returnflag", "l_linestatus"],"Plans": [{"Node Type": "Gather Merge","Parent Relationship": "Outer","Parallel Aware": false,"Async Capable": false,"Startup Cost": 184113.03,"Total Cost": 184115.91,"Plan Rows": 24,"Plan Width": 236,"Actual Startup Time": 1626.211,"Actual Total Time": 1658.952,"Actual Rows": 20,"Actual Loops": 1,"Workers Planned": 4,"Workers Launched": 4,"Plans": [{"Node Type": "Sort","Parent Relationship": "Outer","Parallel Aware": false,"Async Capable": false,"Startup Cost": 183112.97,"Total Cost": 183112.99,"Plan Rows": 6,"Plan Width": 236,"Actual Startup Time": 1618.938,"Actual Total Time": 1618.943,"Actual Rows": 4,"Actual Loops": 5,"Sort Key": ["l_returnflag", "l_linestatus"],"Sort Method": "quicksort","Sort Space Used": 27,"Sort Space Type": "Memory","Workers": [{"Worker Number": 0,"Sort Method": "quicksort","Sort Space Used": 27,"Sort Space Type": "Memory"},{"Worker Number": 1,"Sort Method": "quicksort","Sort Space Used": 27,"Sort Space Type": "Memory"},{"Worker Number": 2,"Sort Method": "quicksort","Sort Space Used": 27,"Sort Space Type": "Memory"},{"Worker Number": 3,"Sort Method": "quicksort","Sort Space Used": 27,"Sort Space Type": "Memory"}],"Plans": [{"Node Type": "Aggregate","Strategy": "Hashed","Partial Mode": "Partial","Parent Relationship": "Outer","Parallel Aware": false,"Async Capable": false,"Startup Cost": 183112.76,"Total Cost": 183112.90,"Plan Rows": 6,"Plan Width": 236,"Actual Startup Time": 1618.825,"Actual Total Time": 1618.836,"Actual Rows": 4,"Actual Loops": 5,"Group Key": ["l_returnflag", "l_linestatus"],"Planned Partitions": 0,"HashAgg Batches": 1,"Peak Memory Usage": 32,"Disk Usage": 0,"Workers": [{"Worker Number": 0,"HashAgg Batches": 1,"Peak Memory Usage": 32,"Disk Usage": 0},{"Worker Number": 1,"HashAgg Batches": 1,"Peak Memory Usage": 32,"Disk Usage": 0},{"Worker Number": 2,"HashAgg Batches": 1,"Peak Memory Usage": 32,"Disk Usage": 0},{"Worker Number": 3,"HashAgg Batches": 1,"Peak Memory Usage": 32,"Disk Usage": 0}],"Plans": [{"Node Type": "Seq Scan","Parent Relationship": "Outer","Parallel Aware": true,"Async Capable": false,"Relation Name": "lineitem","Alias": "lineitem","Startup Cost": 0.00,"Total Cost": 131256.80,"Plan Rows": 1481599,"Plan Width": 25,"Actual Startup Time": 0.033,"Actual Total Time": 600.023,"Actual Rows": 1186191,"Actual Loops": 5,"Filter": "(l_shipdate <= '1998-09-10 00:00:00'::timestamp without time zone)","Rows Removed by Filter": 14052,"Workers": []}]}]}]}]},"Planning Time": 2.494,"Triggers": [],"Execution Time": 1659.387}]
[{"Plan": {"Node Type": "Aggregate","Strategy": "Sorted","Partial Mode": "Finalize","Parallel Aware": false,"Async Capable": false,"Startup Cost": 183747.63,"Total Cost": 183751.45,"Plan Rows": 6,"Plan Width": 236,"Actual Startup Time": 1617.442,"Actual Total Time": 1650.246,"Actual Rows": 4,"Actual Loops": 1,"Group Key": ["l_returnflag", "l_linestatus"],"Plans": [{"Node Type": "Gather Merge","Parent Relationship": "Outer","Parallel Aware": false,"Async Capable": false,"Startup Cost": 183747.63,"Total Cost": 183750.51,"Plan Rows": 24,"Plan Width": 236,"Actual Startup Time": 1617.370,"Actual Total Time": 1650.147,"Actual Rows": 20,"Actual Loops": 1,"Workers Planned": 4,"Workers Launched": 4,"Plans": [{"Node Type": "Sort","Parent Relationship": "Outer","Parallel Aware": false,"Async Capable": false,"Startup Cost": 182747.57,"Total Cost": 182747.59,"Plan Rows": 6,"Plan Width": 236,"Actual Startup Time": 1609.546,"Actual Total Time": 1609.553,"Actual Rows": 4,"Actual Loops": 5,"Sort Key": ["l_returnflag", "l_linestatus"],"Sort Method": "quicksort","Sort Space Used": 27,"Sort Space Type": "Memory","Workers": [{"Worker Number": 0,"Sort Method": "quicksort","Sort Space Used": 27,"Sort Space Type": "Memory"},{"Worker Number": 1,"Sort Method": "quicksort","Sort Space Used": 27,"Sort Space Type": "Memory"},{"Worker Number": 2,"Sort Method": "quicksort","Sort Space Used": 27,"Sort Space Type": "Memory"},{"Worker Number": 3,"Sort Method": "quicksort","Sort Space Used": 27,"Sort Space Type": "Memory"}],"Plans": [{"Node Type": "Aggregate","Strategy": "Hashed","Partial Mode": "Partial","Parent Relationship": "Outer","Parallel Aware": false,"Async Capable": false,"Startup Cost": 182747.36,"Total Cost": 182747.50,"Plan Rows": 6,"Plan Width": 236,"Actual Startup Time": 1609.431,"Actual Total Time": 1609.444,"Actual Rows": 4,"Actual Loops": 5,"Group Key": ["l_returnflag", "l_linestatus"],"Planned Partitions": 0,"HashAgg Batches": 1,"Peak Memory Usage": 32,"Disk Usage": 0,"Workers": [{"Worker Number": 0,"HashAgg Batches": 1,"Peak Memory Usage": 32,"Disk Usage": 0},{"Worker Number": 1,"HashAgg Batches": 1,"Peak Memory Usage": 32,"Disk Usage": 0},{"Worker Number": 2,"HashAgg Batches": 1,"Peak Memory Usage": 32,"Disk Usage": 0},{"Worker Number": 3,"HashAgg Batches": 1,"Peak Memory Usage": 32,"Disk Usage": 0}],"Plans": [{"Node Type": "Seq Scan","Parent Relationship": "Outer","Parallel Aware": true,"Async Capable": false,"Relation Name": "lineitem","Alias": "lineitem","Startup Cost": 0.00,"Total Cost": 131256.80,"Plan Rows": 1471159,"Plan Width": 25,"Actual Startup Time": 0.038,"Actual Total Time": 600.325,"Actual Rows": 1176807,"Actual Loops": 5,"Filter": "(l_shipdate <= '1998-08-17 00:00:00'::timestamp without time zone)","Rows Removed by Filter": 23436,"Workers": []}]}]}]}]},"Planning Time": 3.488,"Triggers": [],"Execution Time": 1650.549}]
[{"Plan": {"Node Type": "Aggregate","Strategy": "Sorted","Partial Mode": "Finalize","Parallel Aware": false,"Async Capable": false,"Startup Cost": 184342.25,"Total Cost": 184346.07,"Plan Rows": 6,"Plan Width": 236,"Actual Startup Time": 1655.561,"Actual Total Time": 1689.583,"Actual Rows": 4,"Actual Loops": 1,"Group Key": ["l_returnflag", "l_linestatus"],"Plans": [{"Node Type": "Gather Merge","Parent Relationship": "Outer","Parallel Aware": false,"Async Capable": false,"Startup Cost": 184342.25,"Total Cost": 184345.12,"Plan Rows": 24,"Plan Width": 236,"Actual Startup Time": 1655.474,"Actual Total Time": 1689.450,"Actual Rows": 20,"Actual Loops": 1,"Workers Planned": 4,"Workers Launched": 4,"Plans": [{"Node Type": "Sort","Parent Relationship": "Outer","Parallel Aware": false,"Async Capable": false,"Startup Cost": 183342.19,"Total Cost": 183342.20,"Plan Rows": 6,"Plan Width": 236,"Actual Startup Time": 1647.670,"Actual Total Time": 1647.678,"Actual Rows": 4,"Actual Loops": 5,"Sort Key": ["l_returnflag", "l_linestatus"],"Sort Method": "quicksort","Sort Space Used": 27,"Sort Space Type": "Memory","Workers": [{"Worker Number": 0,"Sort Method": "quicksort","Sort Space Used": 27,"Sort Space Type": "Memory"},{"Worker Number": 1,"Sort Method": "quicksort","Sort Space Used": 27,"Sort Space Type": "Memory"},{"Worker Number": 2,"Sort Method": "quicksort","Sort Space Used": 27,"Sort Space Type": "Memory"},{"Worker Number": 3,"Sort Method": "quicksort","Sort Space Used": 27,"Sort Space Type": "Memory"}],"Plans": [{"Node Type": "Aggregate","Strategy": "Hashed","Partial Mode": "Partial","Parent Relationship": "Outer","Parallel Aware": false,"Async Capable": false,"Startup Cost": 183341.98,"Total Cost": 183342.11,"Plan Rows": 6,"Plan Width": 236,"Actual Startup Time": 1647.554,"Actual Total Time": 1647.566,"Actual Rows": 4,"Actual Loops": 5,"Group Key": ["l_returnflag", "l_linestatus"],"Planned Partitions": 0,"HashAgg Batches": 1,"Peak Memory Usage": 32,"Disk Usage": 0,"Workers": [{"Worker Number": 0,"HashAgg Batches": 1,"Peak Memory Usage": 32,"Disk Usage": 0},{"Worker Number": 1,"HashAgg Batches": 1,"Peak Memory Usage": 32,"Disk Usage": 0},{"Worker Number": 2,"HashAgg Batches": 1,"Peak Memory Usage": 32,"Disk Usage": 0},{"Worker Number": 3,"HashAgg Batches": 1,"Peak Memory Usage": 32,"Disk Usage": 0}],"Plans": [{"Node Type": "Seq Scan","Parent Relationship": "Outer","Parallel Aware": true,"Async Capable": false,"Relation Name": "lineitem","Alias": "lineitem","Startup Cost": 0.00,"Total Cost": 131256.80,"Plan Rows": 1488148,"Plan Width": 25,"Actual Startup Time": 0.043,"Actual Total Time": 623.196,"Actual Rows": 1192678,"Actual Loops": 5,"Filter": "(l_shipdate <= '1998-10-02 00:00:00'::timestamp without time zone)","Rows Removed by Filter": 7565,"Workers": []}]}]}]}]},"Planning Time": 3.639,"Triggers": [],"Execution Time": 1690.019}]
[{"Plan": {"Node Type": "Aggregate","Strategy": "Sorted","Partial Mode": "Finalize","Parallel Aware": false,"Async Capable": false,"Startup Cost": 184143.48,"Total Cost": 184147.30,"Plan Rows": 6,"Plan Width": 236,"Actual Startup Time": 1626.444,"Actual Total Time": 1660.907,"Actual Rows": 4,"Actual Loops": 1,"Group Key": ["l_returnflag", "l_linestatus"],"Plans": [{"Node Type": "Gather Merge","Parent Relationship": "Outer","Parallel Aware": false,"Async Capable": false,"Startup Cost": 184143.48,"Total Cost": 184146.36,"Plan Rows": 24,"Plan Width": 236,"Actual Startup Time": 1626.358,"Actual Total Time": 1660.800,"Actual Rows": 20,"Actual Loops": 1,"Workers Planned": 4,"Workers Launched": 4,"Plans": [{"Node Type": "Sort","Parent Relationship": "Outer","Parallel Aware": false,"Async Capable": false,"Startup Cost": 183143.42,"Total Cost": 183143.44,"Plan Rows": 6,"Plan Width": 236,"Actual Startup Time": 1618.434,"Actual Total Time": 1618.440,"Actual Rows": 4,"Actual Loops": 5,"Sort Key": ["l_returnflag", "l_linestatus"],"Sort Method": "quicksort","Sort Space Used": 27,"Sort Space Type": "Memory","Workers": [{"Worker Number": 0,"Sort Method": "quicksort","Sort Space Used": 27,"Sort Space Type": "Memory"},{"Worker Number": 1,"Sort Method": "quicksort","Sort Space Used": 27,"Sort Space Type": "Memory"},{"Worker Number": 2,"Sort Method": "quicksort","Sort Space Used": 27,"Sort Space Type": "Memory"},{"Worker Number": 3,"Sort Method": "quicksort","Sort Space Used": 27,"Sort Space Type": "Memory"}],"Plans": [{"Node Type": "Aggregate","Strategy": "Hashed","Partial Mode": "Partial","Parent Relationship": "Outer","Parallel Aware": false,"Async Capable": false,"Startup Cost": 183143.21,"Total Cost": 183143.35,"Plan Rows": 6,"Plan Width": 236,"Actual Startup Time": 1618.337,"Actual Total Time": 1618.346,"Actual Rows": 4,"Actual Loops": 5,"Group Key": ["l_returnflag", "l_linestatus"],"Planned Partitions": 0,"HashAgg Batches": 1,"Peak Memory Usage": 32,"Disk Usage": 0,"Workers": [{"Worker Number": 0,"HashAgg Batches": 1,"Peak Memory Usage": 32,"Disk Usage": 0},{"Worker Number": 1,"HashAgg Batches": 1,"Peak Memory Usage": 32,"Disk Usage": 0},{"Worker Number": 2,"HashAgg Batches": 1,"Peak Memory Usage": 32,"Disk Usage": 0},{"Worker Number": 3,"HashAgg Batches": 1,"Peak Memory Usage": 32,"Disk Usage": 0}],"Plans": [{"Node Type": "Seq Scan","Parent Relationship": "Outer","Parallel Aware": true,"Async Capable": false,"Relation Name": "lineitem","Alias": "lineitem","Startup Cost": 0.00,"Total Cost": 131256.80,"Plan Rows": 1482469,"Plan Width": 25,"Actual Startup Time": 0.037,"Actual Total Time": 601.337,"Actual Rows": 1186872,"Actual Loops": 5,"Filter": "(l_shipdate <= '1998-09-12 00:00:00'::timestamp without time zone)","Rows Removed by Filter": 13371,"Workers": []}]}]}]}]},"Planning Time": 3.114,"Triggers": [],"Execution Time": 1661.349}]
[{"Plan": {"Node Type": "Aggregate","Strategy": "Sorted","Partial Mode": "Finalize","Parallel Aware": false,"Async Capable": false,"Startup Cost": 184006.46,"Total Cost": 184010.28,"Plan Rows": 6,"Plan Width": 236,"Actual Startup Time": 1637.563,"Actual Total Time": 1670.763,"Actual Rows": 4,"Actual Loops": 1,"Group Key": ["l_returnflag", "l_linestatus"],"Plans": [{"Node Type": "Gather Merge","Parent Relationship": "Outer","Parallel Aware": false,"Async Capable": false,"Startup Cost": 184006.46,"Total Cost": 184009.33,"Plan Rows": 24,"Plan Width": 236,"Actual Startup Time": 1637.486,"Actual Total Time": 1670.648,"Actual Rows": 20,"Actual Loops": 1,"Workers Planned": 4,"Workers Launched": 4,"Plans": [{"Node Type": "Sort","Parent Relationship": "Outer","Parallel Aware": false,"Async Capable": false,"Startup Cost": 183006.40,"Total Cost": 183006.41,"Plan Rows": 6,"Plan Width": 236,"Actual Startup Time": 1629.890,"Actual Total Time": 1629.896,"Actual Rows": 4,"Actual Loops": 5,"Sort Key": ["l_returnflag", "l_linestatus"],"Sort Method": "quicksort","Sort Space Used": 27,"Sort Space Type": "Memory","Workers": [{"Worker Number": 0,"Sort Method": "quicksort","Sort Space Used": 27,"Sort Space Type": "Memory"},{"Worker Number": 1,"Sort Method": "quicksort","Sort Space Used": 27,"Sort Space Type": "Memory"},{"Worker Number": 2,"Sort Method": "quicksort","Sort Space Used": 27,"Sort Space Type": "Memory"},{"Worker Number": 3,"Sort Method": "quicksort","Sort Space Used": 27,"Sort Space Type": "Memory"}],"Plans": [{"Node Type": "Aggregate","Strategy": "Hashed","Partial Mode": "Partial","Parent Relationship": "Outer","Parallel Aware": false,"Async Capable": false,"Startup Cost": 183006.19,"Total Cost": 183006.32,"Plan Rows": 6,"Plan Width": 236,"Actual Startup Time": 1629.716,"Actual Total Time": 1629.726,"Actual Rows": 4,"Actual Loops": 5,"Group Key": ["l_returnflag", "l_linestatus"],"Planned Partitions": 0,"HashAgg Batches": 1,"Peak Memory Usage": 32,"Disk Usage": 0,"Workers": [{"Worker Number": 0,"HashAgg Batches": 1,"Peak Memory Usage": 32,"Disk Usage": 0},{"Worker Number": 1,"HashAgg Batches": 1,"Peak Memory Usage": 32,"Disk Usage": 0},{"Worker Number": 2,"HashAgg Batches": 1,"Peak Memory Usage": 32,"Disk Usage": 0},{"Worker Number": 3,"HashAgg Batches": 1,"Peak Memory Usage": 32,"Disk Usage": 0}],"Plans": [{"Node Type": "Seq Scan","Parent Relationship": "Outer","Parallel Aware": true,"Async Capable": false,"Relation Name": "lineitem","Alias": "lineitem","Startup Cost": 0.00,"Total Cost": 131256.80,"Plan Rows": 1478554,"Plan Width": 25,"Actual Startup Time": 0.036,"Actual Total Time": 613.531,"Actual Rows": 1183691,"Actual Loops": 5,"Filter": "(l_shipdate <= '1998-09-03 00:00:00'::timestamp without time zone)","Rows Removed by Filter": 16552,"Workers": []}]}]}]}]},"Planning Time": 3.591,"Triggers": [],"Execution Time": 1671.277}]
[{"Plan": {"Node Type": "Aggregate","Strategy": "Sorted","Partial Mode": "Finalize","Parallel Aware": false,"Async Capable": false,"Startup Cost": 183960.78,"Total Cost": 183964.60,"Plan Rows": 6,"Plan Width": 236,"Actual Startup Time": 1647.401,"Actual Total Time": 1680.504,"Actual Rows": 4,"Actual Loops": 1,"Group Key": ["l_returnflag", "l_linestatus"],"Plans": [{"Node Type": "Gather Merge","Parent Relationship": "Outer","Parallel Aware": false,"Async Capable": false,"Startup Cost": 183960.78,"Total Cost": 183963.66,"Plan Rows": 24,"Plan Width": 236,"Actual Startup Time": 1647.346,"Actual Total Time": 1680.378,"Actual Rows": 20,"Actual Loops": 1,"Workers Planned": 4,"Workers Launched": 4,"Plans": [{"Node Type": "Sort","Parent Relationship": "Outer","Parallel Aware": false,"Async Capable": false,"Startup Cost": 182960.72,"Total Cost": 182960.74,"Plan Rows": 6,"Plan Width": 236,"Actual Startup Time": 1639.973,"Actual Total Time": 1639.976,"Actual Rows": 4,"Actual Loops": 5,"Sort Key": ["l_returnflag", "l_linestatus"],"Sort Method": "quicksort","Sort Space Used": 27,"Sort Space Type": "Memory","Workers": [{"Worker Number": 0,"Sort Method": "quicksort","Sort Space Used": 27,"Sort Space Type": "Memory"},{"Worker Number": 1,"Sort Method": "quicksort","Sort Space Used": 27,"Sort Space Type": "Memory"},{"Worker Number": 2,"Sort Method": "quicksort","Sort Space Used": 27,"Sort Space Type": "Memory"},{"Worker Number": 3,"Sort Method": "quicksort","Sort Space Used": 27,"Sort Space Type": "Memory"}],"Plans": [{"Node Type": "Aggregate","Strategy": "Hashed","Partial Mode": "Partial","Parent Relationship": "Outer","Parallel Aware": false,"Async Capable": false,"Startup Cost": 182960.51,"Total Cost": 182960.65,"Plan Rows": 6,"Plan Width": 236,"Actual Startup Time": 1639.892,"Actual Total Time": 1639.899,"Actual Rows": 4,"Actual Loops": 5,"Group Key": ["l_returnflag", "l_linestatus"],"Planned Partitions": 0,"HashAgg Batches": 1,"Peak Memory Usage": 32,"Disk Usage": 0,"Workers": [{"Worker Number": 0,"HashAgg Batches": 1,"Peak Memory Usage": 32,"Disk Usage": 0},{"Worker Number": 1,"HashAgg Batches": 1,"Peak Memory Usage": 32,"Disk Usage": 0},{"Worker Number": 2,"HashAgg Batches": 1,"Peak Memory Usage": 32,"Disk Usage": 0},{"Worker Number": 3,"HashAgg Batches": 1,"Peak Memory Usage": 32,"Disk Usage": 0}],"Plans": [{"Node Type": "Seq Scan","Parent Relationship": "Outer","Parallel Aware": true,"Async Capable": false,"Relation Name": "lineitem","Alias": "lineitem","Startup Cost": 0.00,"Total Cost": 131256.80,"Plan Rows": 1477249,"Plan Width": 25,"Actual Startup Time": 0.035,"Actual Total Time": 614.894,"Actual Rows": 1182556,"Actual Loops": 5,"Filter": "(l_shipdate <= '1998-08-31 00:00:00'::timestamp without time zone)","Rows Removed by Filter": 17687,"Workers": []}]}]}]}]},"Planning Time": 3.505,"Triggers": [],"Execution Time": 1680.895}]
[{"Plan": {"Node Type": "Aggregate","Strategy": "Sorted","Partial Mode": "Finalize","Parallel Aware": false,"Async Capable": false,"Startup Cost": 184204.38,"Total Cost": 184208.20,"Plan Rows": 6,"Plan Width": 236,"Actual Startup Time": 1633.981,"Actual Total Time": 1667.258,"Actual Rows": 4,"Actual Loops": 1,"Group Key": ["l_returnflag", "l_linestatus"],"Plans": [{"Node Type": "Gather Merge","Parent Relationship": "Outer","Parallel Aware": false,"Async Capable": false,"Startup Cost": 184204.38,"Total Cost": 184207.26,"Plan Rows": 24,"Plan Width": 236,"Actual Startup Time": 1633.916,"Actual Total Time": 1667.158,"Actual Rows": 20,"Actual Loops": 1,"Workers Planned": 4,"Workers Launched": 4,"Plans": [{"Node Type": "Sort","Parent Relationship": "Outer","Parallel Aware": false,"Async Capable": false,"Startup Cost": 183204.32,"Total Cost": 183204.34,"Plan Rows": 6,"Plan Width": 236,"Actual Startup Time": 1625.100,"Actual Total Time": 1625.105,"Actual Rows": 4,"Actual Loops": 5,"Sort Key": ["l_returnflag", "l_linestatus"],"Sort Method": "quicksort","Sort Space Used": 27,"Sort Space Type": "Memory","Workers": [{"Worker Number": 0,"Sort Method": "quicksort","Sort Space Used": 27,"Sort Space Type": "Memory"},{"Worker Number": 1,"Sort Method": "quicksort","Sort Space Used": 27,"Sort Space Type": "Memory"},{"Worker Number": 2,"Sort Method": "quicksort","Sort Space Used": 27,"Sort Space Type": "Memory"},{"Worker Number": 3,"Sort Method": "quicksort","Sort Space Used": 27,"Sort Space Type": "Memory"}],"Plans": [{"Node Type": "Aggregate","Strategy": "Hashed","Partial Mode": "Partial","Parent Relationship": "Outer","Parallel Aware": false,"Async Capable": false,"Startup Cost": 183204.11,"Total Cost": 183204.25,"Plan Rows": 6,"Plan Width": 236,"Actual Startup Time": 1624.988,"Actual Total Time": 1624.999,"Actual Rows": 4,"Actual Loops": 5,"Group Key": ["l_returnflag", "l_linestatus"],"Planned Partitions": 0,"HashAgg Batches": 1,"Peak Memory Usage": 32,"Disk Usage": 0,"Workers": [{"Worker Number": 0,"HashAgg Batches": 1,"Peak Memory Usage": 32,"Disk Usage": 0},{"Worker Number": 1,"HashAgg Batches": 1,"Peak Memory Usage": 32,"Disk Usage": 0},{"Worker Number": 2,"HashAgg Batches": 1,"Peak Memory Usage": 32,"Disk Usage": 0},{"Worker Number": 3,"HashAgg Batches": 1,"Peak Memory Usage": 32,"Disk Usage": 0}],"Plans": [{"Node Type": "Seq Scan","Parent Relationship": "Outer","Parallel Aware": true,"Async Capable": false,"Relation Name": "lineitem","Alias": "lineitem","Startup Cost": 0.00,"Total Cost": 131256.80,"Plan Rows": 1484209,"Plan Width": 25,"Actual Startup Time": 0.040,"Actual Total Time": 604.937,"Actual Rows": 1188181,"Actual Loops": 5,"Filter": "(l_shipdate <= '1998-09-16 00:00:00'::timestamp without time zone)","Rows Removed by Filter": 12062,"Workers": []}]}]}]}]},"Planning Time": 3.653,"Triggers": [],"Execution Time": 1667.715}]
[{"Plan": {"Node Type": "Aggregate","Strategy": "Sorted","Partial Mode": "Finalize","Parallel Aware": false,"Async Capable": false,"Startup Cost": 184052.13,"Total Cost": 184055.95,"Plan Rows": 6,"Plan Width": 236,"Actual Startup Time": 1616.943,"Actual Total Time": 1650.452,"Actual Rows": 4,"Actual Loops": 1,"Group Key": ["l_returnflag", "l_linestatus"],"Plans": [{"Node Type": "Gather Merge","Parent Relationship": "Outer","Parallel Aware": false,"Async Capable": false,"Startup Cost": 184052.13,"Total Cost": 184055.01,"Plan Rows": 24,"Plan Width": 236,"Actual Startup Time": 1616.881,"Actual Total Time": 1650.358,"Actual Rows": 20,"Actual Loops": 1,"Workers Planned": 4,"Workers Launched": 4,"Plans": [{"Node Type": "Sort","Parent Relationship": "Outer","Parallel Aware": false,"Async Capable": false,"Startup Cost": 183052.07,"Total Cost": 183052.09,"Plan Rows": 6,"Plan Width": 236,"Actual Startup Time": 1610.099,"Actual Total Time": 1610.103,"Actual Rows": 4,"Actual Loops": 5,"Sort Key": ["l_returnflag", "l_linestatus"],"Sort Method": "quicksort","Sort Space Used": 27,"Sort Space Type": "Memory","Workers": [{"Worker Number": 0,"Sort Method": "quicksort","Sort Space Used": 27,"Sort Space Type": "Memory"},{"Worker Number": 1,"Sort Method": "quicksort","Sort Space Used": 27,"Sort Space Type": "Memory"},{"Worker Number": 2,"Sort Method": "quicksort","Sort Space Used": 27,"Sort Space Type": "Memory"},{"Worker Number": 3,"Sort Method": "quicksort","Sort Space Used": 27,"Sort Space Type": "Memory"}],"Plans": [{"Node Type": "Aggregate","Strategy": "Hashed","Partial Mode": "Partial","Parent Relationship": "Outer","Parallel Aware": false,"Async Capable": false,"Startup Cost": 183051.86,"Total Cost": 183052.00,"Plan Rows": 6,"Plan Width": 236,"Actual Startup Time": 1609.932,"Actual Total Time": 1609.941,"Actual Rows": 4,"Actual Loops": 5,"Group Key": ["l_returnflag", "l_linestatus"],"Planned Partitions": 0,"HashAgg Batches": 1,"Peak Memory Usage": 32,"Disk Usage": 0,"Workers": [{"Worker Number": 0,"HashAgg Batches": 1,"Peak Memory Usage": 32,"Disk Usage": 0},{"Worker Number": 1,"HashAgg Batches": 1,"Peak Memory Usage": 32,"Disk Usage": 0},{"Worker Number": 2,"HashAgg Batches": 1,"Peak Memory Usage": 32,"Disk Usage": 0},{"Worker Number": 3,"HashAgg Batches": 1,"Peak Memory Usage": 32,"Disk Usage": 0}],"Plans": [{"Node Type": "Seq Scan","Parent Relationship": "Outer","Parallel Aware": true,"Async Capable": false,"Relation Name": "lineitem","Alias": "lineitem","Startup Cost": 0.00,"Total Cost": 131256.80,"Plan Rows": 1479859,"Plan Width": 25,"Actual Startup Time": 0.033,"Actual Total Time": 594.774,"Actual Rows": 1184794,"Actual Loops": 5,"Filter": "(l_shipdate <= '1998-09-06 00:00:00'::timestamp without time zone)","Rows Removed by Filter": 15449,"Workers": []}]}]}]}]},"Planning Time": 3.475,"Triggers": [],"Execution Time": 1650.848}]
[{"Plan": {"Node Type": "Aggregate","Strategy": "Sorted","Partial Mode": "Finalize","Parallel Aware": false,"Async Capable": false,"Startup Cost": 183692.58,"Total Cost": 183696.40,"Plan Rows": 6,"Plan Width": 236,"Actual Startup Time": 1626.646,"Actual Total Time": 1661.361,"Actual Rows": 4,"Actual Loops": 1,"Group Key": ["l_returnflag", "l_linestatus"],"Plans": [{"Node Type": "Gather Merge","Parent Relationship": "Outer","Parallel Aware": false,"Async Capable": false,"Startup Cost": 183692.58,"Total Cost": 183695.45,"Plan Rows": 24,"Plan Width": 236,"Actual Startup Time": 1626.569,"Actual Total Time": 1661.254,"Actual Rows": 20,"Actual Loops": 1,"Workers Planned": 4,"Workers Launched": 4,"Plans": [{"Node Type": "Sort","Parent Relationship": "Outer","Parallel Aware": false,"Async Capable": false,"Startup Cost": 182692.52,"Total Cost": 182692.53,"Plan Rows": 6,"Plan Width": 236,"Actual Startup Time": 1618.460,"Actual Total Time": 1618.464,"Actual Rows": 4,"Actual Loops": 5,"Sort Key": ["l_returnflag", "l_linestatus"],"Sort Method": "quicksort","Sort Space Used": 27,"Sort Space Type": "Memory","Workers": [{"Worker Number": 0,"Sort Method": "quicksort","Sort Space Used": 27,"Sort Space Type": "Memory"},{"Worker Number": 1,"Sort Method": "quicksort","Sort Space Used": 27,"Sort Space Type": "Memory"},{"Worker Number": 2,"Sort Method": "quicksort","Sort Space Used": 27,"Sort Space Type": "Memory"},{"Worker Number": 3,"Sort Method": "quicksort","Sort Space Used": 27,"Sort Space Type": "Memory"}],"Plans": [{"Node Type": "Aggregate","Strategy": "Hashed","Partial Mode": "Partial","Parent Relationship": "Outer","Parallel Aware": false,"Async Capable": false,"Startup Cost": 182692.31,"Total Cost": 182692.44,"Plan Rows": 6,"Plan Width": 236,"Actual Startup Time": 1618.346,"Actual Total Time": 1618.354,"Actual Rows": 4,"Actual Loops": 5,"Group Key": ["l_returnflag", "l_linestatus"],"Planned Partitions": 0,"HashAgg Batches": 1,"Peak Memory Usage": 32,"Disk Usage": 0,"Workers": [{"Worker Number": 0,"HashAgg Batches": 1,"Peak Memory Usage": 32,"Disk Usage": 0},{"Worker Number": 1,"HashAgg Batches": 1,"Peak Memory Usage": 32,"Disk Usage": 0},{"Worker Number": 2,"HashAgg Batches": 1,"Peak Memory Usage": 32,"Disk Usage": 0},{"Worker Number": 3,"HashAgg Batches": 1,"Peak Memory Usage": 32,"Disk Usage": 0}],"Plans": [{"Node Type": "Seq Scan","Parent Relationship": "Outer","Parallel Aware": true,"Async Capable": false,"Relation Name": "lineitem","Alias": "lineitem","Startup Cost": 0.00,"Total Cost": 131256.80,"Plan Rows": 1469586,"Plan Width": 25,"Actual Startup Time": 0.041,"Actual Total Time": 609.410,"Actual Rows": 1175478,"Actual Loops": 5,"Filter": "(l_shipdate <= '1998-08-14 00:00:00'::timestamp without time zone)","Rows Removed by Filter": 24765,"Workers": []}]}]}]}]},"Planning Time": 2.740,"Triggers": [],"Execution Time": 1661.769}]
[{"Plan": {"Node Type": "Aggregate","Strategy": "Sorted","Partial Mode": "Finalize","Parallel Aware": false,"Async Capable": false,"Startup Cost": 184234.83,"Total Cost": 184238.65,"Plan Rows": 6,"Plan Width": 236,"Actual Startup Time": 1625.718,"Actual Total Time": 1658.748,"Actual Rows": 4,"Actual Loops": 1,"Group Key": ["l_returnflag", "l_linestatus"],"Plans": [{"Node Type": "Gather Merge","Parent Relationship": "Outer","Parallel Aware": false,"Async Capable": false,"Startup Cost": 184234.83,"Total Cost": 184237.71,"Plan Rows": 24,"Plan Width": 236,"Actual Startup Time": 1625.652,"Actual Total Time": 1658.651,"Actual Rows": 20,"Actual Loops": 1,"Workers Planned": 4,"Workers Launched": 4,"Plans": [{"Node Type": "Sort","Parent Relationship": "Outer","Parallel Aware": false,"Async Capable": false,"Startup Cost": 183234.77,"Total Cost": 183234.79,"Plan Rows": 6,"Plan Width": 236,"Actual Startup Time": 1618.337,"Actual Total Time": 1618.340,"Actual Rows": 4,"Actual Loops": 5,"Sort Key": ["l_returnflag", "l_linestatus"],"Sort Method": "quicksort","Sort Space Used": 27,"Sort Space Type": "Memory","Workers": [{"Worker Number": 0,"Sort Method": "quicksort","Sort Space Used": 27,"Sort Space Type": "Memory"},{"Worker Number": 1,"Sort Method": "quicksort","Sort Space Used": 27,"Sort Space Type": "Memory"},{"Worker Number": 2,"Sort Method": "quicksort","Sort Space Used": 27,"Sort Space Type": "Memory"},{"Worker Number": 3,"Sort Method": "quicksort","Sort Space Used": 27,"Sort Space Type": "Memory"}],"Plans": [{"Node Type": "Aggregate","Strategy": "Hashed","Partial Mode": "Partial","Parent Relationship": "Outer","Parallel Aware": false,"Async Capable": false,"Startup Cost": 183234.56,"Total Cost": 183234.70,"Plan Rows": 6,"Plan Width": 236,"Actual Startup Time": 1618.239,"Actual Total Time": 1618.246,"Actual Rows": 4,"Actual Loops": 5,"Group Key": ["l_returnflag", "l_linestatus"],"Planned Partitions": 0,"HashAgg Batches": 1,"Peak Memory Usage": 32,"Disk Usage": 0,"Workers": [{"Worker Number": 0,"HashAgg Batches": 1,"Peak Memory Usage": 32,"Disk Usage": 0},{"Worker Number": 1,"HashAgg Batches": 1,"Peak Memory Usage": 32,"Disk Usage": 0},{"Worker Number": 2,"HashAgg Batches": 1,"Peak Memory Usage": 32,"Disk Usage": 0},{"Worker Number": 3,"HashAgg Batches": 1,"Peak Memory Usage": 32,"Disk Usage": 0}],"Plans": [{"Node Type": "Seq Scan","Parent Relationship": "Outer","Parallel Aware": true,"Async Capable": false,"Relation Name": "lineitem","Alias": "lineitem","Startup Cost": 0.00,"Total Cost": 131256.80,"Plan Rows": 1485079,"Plan Width": 25,"Actual Startup Time": 0.035,"Actual Total Time": 599.174,"Actual Rows": 1188798,"Actual Loops": 5,"Filter": "(l_shipdate <= '1998-09-18 00:00:00'::timestamp without time zone)","Rows Removed by Filter": 11445,"Workers": []}]}]}]}]},"Planning Time": 2.904,"Triggers": [],"Execution Time": 1659.073}]
[{"Plan": {"Node Type": "Aggregate","Strategy": "Sorted","Partial Mode": "Finalize","Parallel Aware": false,"Async Capable": false,"Startup Cost": 184219.61,"Total Cost": 184223.43,"Plan Rows": 6,"Plan Width": 236,"Actual Startup Time": 1646.602,"Actual Total Time": 1679.901,"Actual Rows": 4,"Actual Loops": 1,"Group Key": ["l_returnflag", "l_linestatus"],"Plans": [{"Node Type": "Gather Merge","Parent Relationship": "Outer","Parallel Aware": false,"Async Capable": false,"Startup Cost": 184219.61,"Total Cost": 184222.48,"Plan Rows": 24,"Plan Width": 236,"Actual Startup Time": 1646.535,"Actual Total Time": 1679.806,"Actual Rows": 20,"Actual Loops": 1,"Workers Planned": 4,"Workers Launched": 4,"Plans": [{"Node Type": "Sort","Parent Relationship": "Outer","Parallel Aware": false,"Async Capable": false,"Startup Cost": 183219.55,"Total Cost": 183219.56,"Plan Rows": 6,"Plan Width": 236,"Actual Startup Time": 1638.551,"Actual Total Time": 1638.556,"Actual Rows": 4,"Actual Loops": 5,"Sort Key": ["l_returnflag", "l_linestatus"],"Sort Method": "quicksort","Sort Space Used": 27,"Sort Space Type": "Memory","Workers": [{"Worker Number": 0,"Sort Method": "quicksort","Sort Space Used": 27,"Sort Space Type": "Memory"},{"Worker Number": 1,"Sort Method": "quicksort","Sort Space Used": 27,"Sort Space Type": "Memory"},{"Worker Number": 2,"Sort Method": "quicksort","Sort Space Used": 27,"Sort Space Type": "Memory"},{"Worker Number": 3,"Sort Method": "quicksort","Sort Space Used": 27,"Sort Space Type": "Memory"}],"Plans": [{"Node Type": "Aggregate","Strategy": "Hashed","Partial Mode": "Partial","Parent Relationship": "Outer","Parallel Aware": false,"Async Capable": false,"Startup Cost": 183219.34,"Total Cost": 183219.47,"Plan Rows": 6,"Plan Width": 236,"Actual Startup Time": 1638.441,"Actual Total Time": 1638.450,"Actual Rows": 4,"Actual Loops": 5,"Group Key": ["l_returnflag", "l_linestatus"],"Planned Partitions": 0,"HashAgg Batches": 1,"Peak Memory Usage": 32,"Disk Usage": 0,"Workers": [{"Worker Number": 0,"HashAgg Batches": 1,"Peak Memory Usage": 32,"Disk Usage": 0},{"Worker Number": 1,"HashAgg Batches": 1,"Peak Memory Usage": 32,"Disk Usage": 0},{"Worker Number": 2,"HashAgg Batches": 1,"Peak Memory Usage": 32,"Disk Usage": 0},{"Worker Number": 3,"HashAgg Batches": 1,"Peak Memory Usage": 32,"Disk Usage": 0}],"Plans": [{"Node Type": "Seq Scan","Parent Relationship": "Outer","Parallel Aware": true,"Async Capable": false,"Relation Name": "lineitem","Alias": "lineitem","Startup Cost": 0.00,"Total Cost": 131256.80,"Plan Rows": 1484644,"Plan Width": 25,"Actual Startup Time": 0.045,"Actual Total Time": 617.400,"Actual Rows": 1188486,"Actual Loops": 5,"Filter": "(l_shipdate <= '1998-09-17 00:00:00'::timestamp without time zone)","Rows Removed by Filter": 11757,"Workers": []}]}]}]}]},"Planning Time": 3.561,"Triggers": [],"Execution Time": 1680.351}]
[{"Plan": {"Node Type": "Aggregate","Strategy": "Sorted","Partial Mode": "Finalize","Parallel Aware": false,"Async Capable": false,"Startup Cost": 184271.34,"Total Cost": 184275.16,"Plan Rows": 6,"Plan Width": 236,"Actual Startup Time": 1627.489,"Actual Total Time": 1661.299,"Actual Rows": 4,"Actual Loops": 1,"Group Key": ["l_returnflag", "l_linestatus"],"Plans": [{"Node Type": "Gather Merge","Parent Relationship": "Outer","Parallel Aware": false,"Async Capable": false,"Startup Cost": 184271.34,"Total Cost": 184274.21,"Plan Rows": 24,"Plan Width": 236,"Actual Startup Time": 1627.365,"Actual Total Time": 1661.147,"Actual Rows": 20,"Actual Loops": 1,"Workers Planned": 4,"Workers Launched": 4,"Plans": [{"Node Type": "Sort","Parent Relationship": "Outer","Parallel Aware": false,"Async Capable": false,"Startup Cost": 183271.28,"Total Cost": 183271.29,"Plan Rows": 6,"Plan Width": 236,"Actual Startup Time": 1619.927,"Actual Total Time": 1619.931,"Actual Rows": 4,"Actual Loops": 5,"Sort Key": ["l_returnflag", "l_linestatus"],"Sort Method": "quicksort","Sort Space Used": 27,"Sort Space Type": "Memory","Workers": [{"Worker Number": 0,"Sort Method": "quicksort","Sort Space Used": 27,"Sort Space Type": "Memory"},{"Worker Number": 1,"Sort Method": "quicksort","Sort Space Used": 27,"Sort Space Type": "Memory"},{"Worker Number": 2,"Sort Method": "quicksort","Sort Space Used": 27,"Sort Space Type": "Memory"},{"Worker Number": 3,"Sort Method": "quicksort","Sort Space Used": 27,"Sort Space Type": "Memory"}],"Plans": [{"Node Type": "Aggregate","Strategy": "Hashed","Partial Mode": "Partial","Parent Relationship": "Outer","Parallel Aware": false,"Async Capable": false,"Startup Cost": 183271.07,"Total Cost": 183271.20,"Plan Rows": 6,"Plan Width": 236,"Actual Startup Time": 1619.825,"Actual Total Time": 1619.834,"Actual Rows": 4,"Actual Loops": 5,"Group Key": ["l_returnflag", "l_linestatus"],"Planned Partitions": 0,"HashAgg Batches": 1,"Peak Memory Usage": 32,"Disk Usage": 0,"Workers": [{"Worker Number": 0,"HashAgg Batches": 1,"Peak Memory Usage": 32,"Disk Usage": 0},{"Worker Number": 1,"HashAgg Batches": 1,"Peak Memory Usage": 32,"Disk Usage": 0},{"Worker Number": 2,"HashAgg Batches": 1,"Peak Memory Usage": 32,"Disk Usage": 0},{"Worker Number": 3,"HashAgg Batches": 1,"Peak Memory Usage": 32,"Disk Usage": 0}],"Plans": [{"Node Type": "Seq Scan","Parent Relationship": "Outer","Parallel Aware": true,"Async Capable": false,"Relation Name": "lineitem","Alias": "lineitem","Startup Cost": 0.00,"Total Cost": 131256.80,"Plan Rows": 1486122,"Plan Width": 25,"Actual Startup Time": 0.036,"Actual Total Time": 598.919,"Actual Rows": 1189982,"Actual Loops": 5,"Filter": "(l_shipdate <= '1998-09-22 00:00:00'::timestamp without time zone)","Rows Removed by Filter": 10261,"Workers": []}]}]}]}]},"Planning Time": 2.236,"Triggers": [],"Execution Time": 1661.794}]
[{"Plan": {"Node Type": "Aggregate","Strategy": "Sorted","Partial Mode": "Finalize","Parallel Aware": false,"Async Capable": false,"Startup Cost": 184278.41,"Total Cost": 184282.23,"Plan Rows": 6,"Plan Width": 236,"Actual Startup Time": 1657.585,"Actual Total Time": 1690.491,"Actual Rows": 4,"Actual Loops": 1,"Group Key": ["l_returnflag", "l_linestatus"],"Plans": [{"Node Type": "Gather Merge","Parent Relationship": "Outer","Parallel Aware": false,"Async Capable": false,"Startup Cost": 184278.41,"Total Cost": 184281.28,"Plan Rows": 24,"Plan Width": 236,"Actual Startup Time": 1657.498,"Actual Total Time": 1690.371,"Actual Rows": 20,"Actual Loops": 1,"Workers Planned": 4,"Workers Launched": 4,"Plans": [{"Node Type": "Sort","Parent Relationship": "Outer","Parallel Aware": false,"Async Capable": false,"Startup Cost": 183278.35,"Total Cost": 183278.36,"Plan Rows": 6,"Plan Width": 236,"Actual Startup Time": 1649.559,"Actual Total Time": 1649.565,"Actual Rows": 4,"Actual Loops": 5,"Sort Key": ["l_returnflag", "l_linestatus"],"Sort Method": "quicksort","Sort Space Used": 27,"Sort Space Type": "Memory","Workers": [{"Worker Number": 0,"Sort Method": "quicksort","Sort Space Used": 27,"Sort Space Type": "Memory"},{"Worker Number": 1,"Sort Method": "quicksort","Sort Space Used": 27,"Sort Space Type": "Memory"},{"Worker Number": 2,"Sort Method": "quicksort","Sort Space Used": 27,"Sort Space Type": "Memory"},{"Worker Number": 3,"Sort Method": "quicksort","Sort Space Used": 27,"Sort Space Type": "Memory"}],"Plans": [{"Node Type": "Aggregate","Strategy": "Hashed","Partial Mode": "Partial","Parent Relationship": "Outer","Parallel Aware": false,"Async Capable": false,"Startup Cost": 183278.14,"Total Cost": 183278.27,"Plan Rows": 6,"Plan Width": 236,"Actual Startup Time": 1649.443,"Actual Total Time": 1649.453,"Actual Rows": 4,"Actual Loops": 5,"Group Key": ["l_returnflag", "l_linestatus"],"Planned Partitions": 0,"HashAgg Batches": 1,"Peak Memory Usage": 32,"Disk Usage": 0,"Workers": [{"Worker Number": 0,"HashAgg Batches": 1,"Peak Memory Usage": 32,"Disk Usage": 0},{"Worker Number": 1,"HashAgg Batches": 1,"Peak Memory Usage": 32,"Disk Usage": 0},{"Worker Number": 2,"HashAgg Batches": 1,"Peak Memory Usage": 32,"Disk Usage": 0},{"Worker Number": 3,"HashAgg Batches": 1,"Peak Memory Usage": 32,"Disk Usage": 0}],"Plans": [{"Node Type": "Seq Scan","Parent Relationship": "Outer","Parallel Aware": true,"Async Capable": false,"Relation Name": "lineitem","Alias": "lineitem","Startup Cost": 0.00,"Total Cost": 131256.80,"Plan Rows": 1486324,"Plan Width": 25,"Actual Startup Time": 0.045,"Actual Total Time": 616.953,"Actual Rows": 1190268,"Actual Loops": 5,"Filter": "(l_shipdate <= '1998-09-23 00:00:00'::timestamp without time zone)","Rows Removed by Filter": 9975,"Workers": []}]}]}]}]},"Planning Time": 3.178,"Triggers": [],"Execution Time": 1690.759}]
[{"Plan": {"Node Type": "Aggregate","Strategy": "Sorted","Partial Mode": "Finalize","Parallel Aware": false,"Async Capable": false,"Startup Cost": 183762.86,"Total Cost": 183766.68,"Plan Rows": 6,"Plan Width": 236,"Actual Startup Time": 1624.125,"Actual Total Time": 1658.164,"Actual Rows": 4,"Actual Loops": 1,"Group Key": ["l_returnflag", "l_linestatus"],"Plans": [{"Node Type": "Gather Merge","Parent Relationship": "Outer","Parallel Aware": false,"Async Capable": false,"Startup Cost": 183762.86,"Total Cost": 183765.73,"Plan Rows": 24,"Plan Width": 236,"Actual Startup Time": 1624.055,"Actual Total Time": 1658.060,"Actual Rows": 20,"Actual Loops": 1,"Workers Planned": 4,"Workers Launched": 4,"Plans": [{"Node Type": "Sort","Parent Relationship": "Outer","Parallel Aware": false,"Async Capable": false,"Startup Cost": 182762.80,"Total Cost": 182762.81,"Plan Rows": 6,"Plan Width": 236,"Actual Startup Time": 1615.684,"Actual Total Time": 1615.689,"Actual Rows": 4,"Actual Loops": 5,"Sort Key": ["l_returnflag", "l_linestatus"],"Sort Method": "quicksort","Sort Space Used": 27,"Sort Space Type": "Memory","Workers": [{"Worker Number": 0,"Sort Method": "quicksort","Sort Space Used": 27,"Sort Space Type": "Memory"},{"Worker Number": 1,"Sort Method": "quicksort","Sort Space Used": 27,"Sort Space Type": "Memory"},{"Worker Number": 2,"Sort Method": "quicksort","Sort Space Used": 27,"Sort Space Type": "Memory"},{"Worker Number": 3,"Sort Method": "quicksort","Sort Space Used": 27,"Sort Space Type": "Memory"}],"Plans": [{"Node Type": "Aggregate","Strategy": "Hashed","Partial Mode": "Partial","Parent Relationship": "Outer","Parallel Aware": false,"Async Capable": false,"Startup Cost": 182762.59,"Total Cost": 182762.72,"Plan Rows": 6,"Plan Width": 236,"Actual Startup Time": 1615.553,"Actual Total Time": 1615.563,"Actual Rows": 4,"Actual Loops": 5,"Group Key": ["l_returnflag", "l_linestatus"],"Planned Partitions": 0,"HashAgg Batches": 1,"Peak Memory Usage": 32,"Disk Usage": 0,"Workers": [{"Worker Number": 0,"HashAgg Batches": 1,"Peak Memory Usage": 32,"Disk Usage": 0},{"Worker Number": 1,"HashAgg Batches": 1,"Peak Memory Usage": 32,"Disk Usage": 0},{"Worker Number": 2,"HashAgg Batches": 1,"Peak Memory Usage": 32,"Disk Usage": 0},{"Worker Number": 3,"HashAgg Batches": 1,"Peak Memory Usage": 32,"Disk Usage": 0}],"Plans": [{"Node Type": "Seq Scan","Parent Relationship": "Outer","Parallel Aware": true,"Async Capable": false,"Relation Name": "lineitem","Alias": "lineitem","Startup Cost": 0.00,"Total Cost": 131256.80,"Plan Rows": 1471594,"Plan Width": 25,"Actual Startup Time": 0.040,"Actual Total Time": 605.807,"Actual Rows": 1177251,"Actual Loops": 5,"Filter": "(l_shipdate <= '1998-08-18 00:00:00'::timestamp without time zone)","Rows Removed by Filter": 22992,"Workers": []}]}]}]}]},"Planning Time": 2.911,"Triggers": [],"Execution Time": 1658.466}]
[{"Plan": {"Node Type": "Aggregate","Strategy": "Sorted","Partial Mode": "Finalize","Parallel Aware": false,"Async Capable": false,"Startup Cost": 183593.04,"Total Cost": 183596.86,"Plan Rows": 6,"Plan Width": 236,"Actual Startup Time": 1626.635,"Actual Total Time": 1660.743,"Actual Rows": 4,"Actual Loops": 1,"Group Key": ["l_returnflag", "l_linestatus"],"Plans": [{"Node Type": "Gather Merge","Parent Relationship": "Outer","Parallel Aware": false,"Async Capable": false,"Startup Cost": 183593.04,"Total Cost": 183595.91,"Plan Rows": 24,"Plan Width": 236,"Actual Startup Time": 1626.497,"Actual Total Time": 1660.589,"Actual Rows": 20,"Actual Loops": 1,"Workers Planned": 4,"Workers Launched": 4,"Plans": [{"Node Type": "Sort","Parent Relationship": "Outer","Parallel Aware": false,"Async Capable": false,"Startup Cost": 182592.98,"Total Cost": 182592.99,"Plan Rows": 6,"Plan Width": 236,"Actual Startup Time": 1618.685,"Actual Total Time": 1618.689,"Actual Rows": 4,"Actual Loops": 5,"Sort Key": ["l_returnflag", "l_linestatus"],"Sort Method": "quicksort","Sort Space Used": 27,"Sort Space Type": "Memory","Workers": [{"Worker Number": 0,"Sort Method": "quicksort","Sort Space Used": 27,"Sort Space Type": "Memory"},{"Worker Number": 1,"Sort Method": "quicksort","Sort Space Used": 27,"Sort Space Type": "Memory"},{"Worker Number": 2,"Sort Method": "quicksort","Sort Space Used": 27,"Sort Space Type": "Memory"},{"Worker Number": 3,"Sort Method": "quicksort","Sort Space Used": 27,"Sort Space Type": "Memory"}],"Plans": [{"Node Type": "Aggregate","Strategy": "Hashed","Partial Mode": "Partial","Parent Relationship": "Outer","Parallel Aware": false,"Async Capable": false,"Startup Cost": 182592.77,"Total Cost": 182592.90,"Plan Rows": 6,"Plan Width": 236,"Actual Startup Time": 1618.594,"Actual Total Time": 1618.602,"Actual Rows": 4,"Actual Loops": 5,"Group Key": ["l_returnflag", "l_linestatus"],"Planned Partitions": 0,"HashAgg Batches": 1,"Peak Memory Usage": 32,"Disk Usage": 0,"Workers": [{"Worker Number": 0,"HashAgg Batches": 1,"Peak Memory Usage": 32,"Disk Usage": 0},{"Worker Number": 1,"HashAgg Batches": 1,"Peak Memory Usage": 32,"Disk Usage": 0},{"Worker Number": 2,"HashAgg Batches": 1,"Peak Memory Usage": 32,"Disk Usage": 0},{"Worker Number": 3,"HashAgg Batches": 1,"Peak Memory Usage": 32,"Disk Usage": 0}],"Plans": [{"Node Type": "Seq Scan","Parent Relationship": "Outer","Parallel Aware": true,"Async Capable": false,"Relation Name": "lineitem","Alias": "lineitem","Startup Cost": 0.00,"Total Cost": 131256.80,"Plan Rows": 1466742,"Plan Width": 25,"Actual Startup Time": 0.037,"Actual Total Time": 612.013,"Actual Rows": 1173110,"Actual Loops": 5,"Filter": "(l_shipdate <= '1998-08-09 00:00:00'::timestamp without time zone)","Rows Removed by Filter": 27133,"Workers": []}]}]}]}]},"Planning Time": 3.212,"Triggers": [],"Execution Time": 1661.179}]
[{"Plan": {"Node Type": "Aggregate","Strategy": "Sorted","Partial Mode": "Finalize","Parallel Aware": false,"Async Capable": false,"Startup Cost": 184158.71,"Total Cost": 184162.53,"Plan Rows": 6,"Plan Width": 236,"Actual Startup Time": 1644.692,"Actual Total Time": 1677.942,"Actual Rows": 4,"Actual Loops": 1,"Group Key": ["l_returnflag", "l_linestatus"],"Plans": [{"Node Type": "Gather Merge","Parent Relationship": "Outer","Parallel Aware": false,"Async Capable": false,"Startup Cost": 184158.71,"Total Cost": 184161.58,"Plan Rows": 24,"Plan Width": 236,"Actual Startup Time": 1644.623,"Actual Total Time": 1677.838,"Actual Rows": 20,"Actual Loops": 1,"Workers Planned": 4,"Workers Launched": 4,"Plans": [{"Node Type": "Sort","Parent Relationship": "Outer","Parallel Aware": false,"Async Capable": false,"Startup Cost": 183158.65,"Total Cost": 183158.66,"Plan Rows": 6,"Plan Width": 236,"Actual Startup Time": 1636.538,"Actual Total Time": 1636.541,"Actual Rows": 4,"Actual Loops": 5,"Sort Key": ["l_returnflag", "l_linestatus"],"Sort Method": "quicksort","Sort Space Used": 27,"Sort Space Type": "Memory","Workers": [{"Worker Number": 0,"Sort Method": "quicksort","Sort Space Used": 27,"Sort Space Type": "Memory"},{"Worker Number": 1,"Sort Method": "quicksort","Sort Space Used": 27,"Sort Space Type": "Memory"},{"Worker Number": 2,"Sort Method": "quicksort","Sort Space Used": 27,"Sort Space Type": "Memory"},{"Worker Number": 3,"Sort Method": "quicksort","Sort Space Used": 27,"Sort Space Type": "Memory"}],"Plans": [{"Node Type": "Aggregate","Strategy": "Hashed","Partial Mode": "Partial","Parent Relationship": "Outer","Parallel Aware": false,"Async Capable": false,"Startup Cost": 183158.44,"Total Cost": 183158.57,"Plan Rows": 6,"Plan Width": 236,"Actual Startup Time": 1636.415,"Actual Total Time": 1636.424,"Actual Rows": 4,"Actual Loops": 5,"Group Key": ["l_returnflag", "l_linestatus"],"Planned Partitions": 0,"HashAgg Batches": 1,"Peak Memory Usage": 32,"Disk Usage": 0,"Workers": [{"Worker Number": 0,"HashAgg Batches": 1,"Peak Memory Usage": 32,"Disk Usage": 0},{"Worker Number": 1,"HashAgg Batches": 1,"Peak Memory Usage": 32,"Disk Usage": 0},{"Worker Number": 2,"HashAgg Batches": 1,"Peak Memory Usage": 32,"Disk Usage": 0},{"Worker Number": 3,"HashAgg Batches": 1,"Peak Memory Usage": 32,"Disk Usage": 0}],"Plans": [{"Node Type": "Seq Scan","Parent Relationship": "Outer","Parallel Aware": true,"Async Capable": false,"Relation Name": "lineitem","Alias": "lineitem","Startup Cost": 0.00,"Total Cost": 131256.80,"Plan Rows": 1482904,"Plan Width": 25,"Actual Startup Time": 0.036,"Actual Total Time": 612.237,"Actual Rows": 1187224,"Actual Loops": 5,"Filter": "(l_shipdate <= '1998-09-13 00:00:00'::timestamp without time zone)","Rows Removed by Filter": 13019,"Workers": []}]}]}]}]},"Planning Time": 3.447,"Triggers": [],"Execution Time": 1678.368}]
[{"Plan": {"Node Type": "Aggregate","Strategy": "Sorted","Partial Mode": "Finalize","Parallel Aware": false,"Async Capable": false,"Startup Cost": 183533.29,"Total Cost": 183537.11,"Plan Rows": 6,"Plan Width": 236,"Actual Startup Time": 1630.517,"Actual Total Time": 1664.896,"Actual Rows": 4,"Actual Loops": 1,"Group Key": ["l_returnflag", "l_linestatus"],"Plans": [{"Node Type": "Gather Merge","Parent Relationship": "Outer","Parallel Aware": false,"Async Capable": false,"Startup Cost": 183533.29,"Total Cost": 183536.17,"Plan Rows": 24,"Plan Width": 236,"Actual Startup Time": 1630.471,"Actual Total Time": 1664.800,"Actual Rows": 20,"Actual Loops": 1,"Workers Planned": 4,"Workers Launched": 4,"Plans": [{"Node Type": "Sort","Parent Relationship": "Outer","Parallel Aware": false,"Async Capable": false,"Startup Cost": 182533.23,"Total Cost": 182533.25,"Plan Rows": 6,"Plan Width": 236,"Actual Startup Time": 1622.825,"Actual Total Time": 1622.834,"Actual Rows": 4,"Actual Loops": 5,"Sort Key": ["l_returnflag", "l_linestatus"],"Sort Method": "quicksort","Sort Space Used": 27,"Sort Space Type": "Memory","Workers": [{"Worker Number": 0,"Sort Method": "quicksort","Sort Space Used": 27,"Sort Space Type": "Memory"},{"Worker Number": 1,"Sort Method": "quicksort","Sort Space Used": 27,"Sort Space Type": "Memory"},{"Worker Number": 2,"Sort Method": "quicksort","Sort Space Used": 27,"Sort Space Type": "Memory"},{"Worker Number": 3,"Sort Method": "quicksort","Sort Space Used": 27,"Sort Space Type": "Memory"}],"Plans": [{"Node Type": "Aggregate","Strategy": "Hashed","Partial Mode": "Partial","Parent Relationship": "Outer","Parallel Aware": false,"Async Capable": false,"Startup Cost": 182533.02,"Total Cost": 182533.16,"Plan Rows": 6,"Plan Width": 236,"Actual Startup Time": 1622.618,"Actual Total Time": 1622.631,"Actual Rows": 4,"Actual Loops": 5,"Group Key": ["l_returnflag", "l_linestatus"],"Planned Partitions": 0,"HashAgg Batches": 1,"Peak Memory Usage": 32,"Disk Usage": 0,"Workers": [{"Worker Number": 0,"HashAgg Batches": 1,"Peak Memory Usage": 32,"Disk Usage": 0},{"Worker Number": 1,"HashAgg Batches": 1,"Peak Memory Usage": 32,"Disk Usage": 0},{"Worker Number": 2,"HashAgg Batches": 1,"Peak Memory Usage": 32,"Disk Usage": 0},{"Worker Number": 3,"HashAgg Batches": 1,"Peak Memory Usage": 32,"Disk Usage": 0}],"Plans": [{"Node Type": "Seq Scan","Parent Relationship": "Outer","Parallel Aware": true,"Async Capable": false,"Relation Name": "lineitem","Alias": "lineitem","Startup Cost": 0.00,"Total Cost": 131256.80,"Plan Rows": 1465035,"Plan Width": 25,"Actual Startup Time": 0.025,"Actual Total Time": 611.078,"Actual Rows": 1171657,"Actual Loops": 5,"Filter": "(l_shipdate <= '1998-08-06 00:00:00'::timestamp without time zone)","Rows Removed by Filter": 28586,"Workers": []}]}]}]}]},"Planning Time": 2.842,"Triggers": [],"Execution Time": 1665.196}]
[{"Plan": {"Node Type": "Aggregate","Strategy": "Sorted","Partial Mode": "Finalize","Parallel Aware": false,"Async Capable": false,"Startup Cost": 183778.08,"Total Cost": 183781.90,"Plan Rows": 6,"Plan Width": 236,"Actual Startup Time": 1629.845,"Actual Total Time": 1663.181,"Actual Rows": 4,"Actual Loops": 1,"Group Key": ["l_returnflag", "l_linestatus"],"Plans": [{"Node Type": "Gather Merge","Parent Relationship": "Outer","Parallel Aware": false,"Async Capable": false,"Startup Cost": 183778.08,"Total Cost": 183780.96,"Plan Rows": 24,"Plan Width": 236,"Actual Startup Time": 1629.762,"Actual Total Time": 1663.049,"Actual Rows": 20,"Actual Loops": 1,"Workers Planned": 4,"Workers Launched": 4,"Plans": [{"Node Type": "Sort","Parent Relationship": "Outer","Parallel Aware": false,"Async Capable": false,"Startup Cost": 182778.02,"Total Cost": 182778.04,"Plan Rows": 6,"Plan Width": 236,"Actual Startup Time": 1622.415,"Actual Total Time": 1622.418,"Actual Rows": 4,"Actual Loops": 5,"Sort Key": ["l_returnflag", "l_linestatus"],"Sort Method": "quicksort","Sort Space Used": 27,"Sort Space Type": "Memory","Workers": [{"Worker Number": 0,"Sort Method": "quicksort","Sort Space Used": 27,"Sort Space Type": "Memory"},{"Worker Number": 1,"Sort Method": "quicksort","Sort Space Used": 27,"Sort Space Type": "Memory"},{"Worker Number": 2,"Sort Method": "quicksort","Sort Space Used": 27,"Sort Space Type": "Memory"},{"Worker Number": 3,"Sort Method": "quicksort","Sort Space Used": 27,"Sort Space Type": "Memory"}],"Plans": [{"Node Type": "Aggregate","Strategy": "Hashed","Partial Mode": "Partial","Parent Relationship": "Outer","Parallel Aware": false,"Async Capable": false,"Startup Cost": 182777.81,"Total Cost": 182777.95,"Plan Rows": 6,"Plan Width": 236,"Actual Startup Time": 1622.311,"Actual Total Time": 1622.319,"Actual Rows": 4,"Actual Loops": 5,"Group Key": ["l_returnflag", "l_linestatus"],"Planned Partitions": 0,"HashAgg Batches": 1,"Peak Memory Usage": 32,"Disk Usage": 0,"Workers": [{"Worker Number": 0,"HashAgg Batches": 1,"Peak Memory Usage": 32,"Disk Usage": 0},{"Worker Number": 1,"HashAgg Batches": 1,"Peak Memory Usage": 32,"Disk Usage": 0},{"Worker Number": 2,"HashAgg Batches": 1,"Peak Memory Usage": 32,"Disk Usage": 0},{"Worker Number": 3,"HashAgg Batches": 1,"Peak Memory Usage": 32,"Disk Usage": 0}],"Plans": [{"Node Type": "Seq Scan","Parent Relationship": "Outer","Parallel Aware": true,"Async Capable": false,"Relation Name": "lineitem","Alias": "lineitem","Startup Cost": 0.00,"Total Cost": 131256.80,"Plan Rows": 1472029,"Plan Width": 25,"Actual Startup Time": 0.039,"Actual Total Time": 611.490,"Actual Rows": 1177690,"Actual Loops": 5,"Filter": "(l_shipdate <= '1998-08-19 00:00:00'::timestamp without time zone)","Rows Removed by Filter": 22553,"Workers": []}]}]}]}]},"Planning Time": 2.535,"Triggers": [],"Execution Time": 1663.520}]
[{"Plan": {"Node Type": "Aggregate","Strategy": "Sorted","Partial Mode": "Finalize","Parallel Aware": false,"Async Capable": false,"Startup Cost": 184082.58,"Total Cost": 184086.40,"Plan Rows": 6,"Plan Width": 236,"Actual Startup Time": 1638.478,"Actual Total Time": 1674.281,"Actual Rows": 4,"Actual Loops": 1,"Group Key": ["l_returnflag", "l_linestatus"],"Plans": [{"Node Type": "Gather Merge","Parent Relationship": "Outer","Parallel Aware": false,"Async Capable": false,"Startup Cost": 184082.58,"Total Cost": 184085.46,"Plan Rows": 24,"Plan Width": 236,"Actual Startup Time": 1638.346,"Actual Total Time": 1674.153,"Actual Rows": 20,"Actual Loops": 1,"Workers Planned": 4,"Workers Launched": 4,"Plans": [{"Node Type": "Sort","Parent Relationship": "Outer","Parallel Aware": false,"Async Capable": false,"Startup Cost": 183082.52,"Total Cost": 183082.54,"Plan Rows": 6,"Plan Width": 236,"Actual Startup Time": 1630.819,"Actual Total Time": 1630.824,"Actual Rows": 4,"Actual Loops": 5,"Sort Key": ["l_returnflag", "l_linestatus"],"Sort Method": "quicksort","Sort Space Used": 27,"Sort Space Type": "Memory","Workers": [{"Worker Number": 0,"Sort Method": "quicksort","Sort Space Used": 27,"Sort Space Type": "Memory"},{"Worker Number": 1,"Sort Method": "quicksort","Sort Space Used": 27,"Sort Space Type": "Memory"},{"Worker Number": 2,"Sort Method": "quicksort","Sort Space Used": 27,"Sort Space Type": "Memory"},{"Worker Number": 3,"Sort Method": "quicksort","Sort Space Used": 27,"Sort Space Type": "Memory"}],"Plans": [{"Node Type": "Aggregate","Strategy": "Hashed","Partial Mode": "Partial","Parent Relationship": "Outer","Parallel Aware": false,"Async Capable": false,"Startup Cost": 183082.31,"Total Cost": 183082.45,"Plan Rows": 6,"Plan Width": 236,"Actual Startup Time": 1630.721,"Actual Total Time": 1630.730,"Actual Rows": 4,"Actual Loops": 5,"Group Key": ["l_returnflag", "l_linestatus"],"Planned Partitions": 0,"HashAgg Batches": 1,"Peak Memory Usage": 32,"Disk Usage": 0,"Workers": [{"Worker Number": 0,"HashAgg Batches": 1,"Peak Memory Usage": 32,"Disk Usage": 0},{"Worker Number": 1,"HashAgg Batches": 1,"Peak Memory Usage": 32,"Disk Usage": 0},{"Worker Number": 2,"HashAgg Batches": 1,"Peak Memory Usage": 32,"Disk Usage": 0},{"Worker Number": 3,"HashAgg Batches": 1,"Peak Memory Usage": 32,"Disk Usage": 0}],"Plans": [{"Node Type": "Seq Scan","Parent Relationship": "Outer","Parallel Aware": true,"Async Capable": false,"Relation Name": "lineitem","Alias": "lineitem","Startup Cost": 0.00,"Total Cost": 131256.80,"Plan Rows": 1480729,"Plan Width": 25,"Actual Startup Time": 0.040,"Actual Total Time": 612.285,"Actual Rows": 1185489,"Actual Loops": 5,"Filter": "(l_shipdate <= '1998-09-08 00:00:00'::timestamp without time zone)","Rows Removed by Filter": 14754,"Workers": []}]}]}]}]},"Planning Time": 2.744,"Triggers": [],"Execution Time": 1674.643}]
[{"Plan": {"Node Type": "Aggregate","Strategy": "Sorted","Partial Mode": "Finalize","Parallel Aware": false,"Async Capable": false,"Startup Cost": 184173.93,"Total Cost": 184177.75,"Plan Rows": 6,"Plan Width": 236,"Actual Startup Time": 1644.533,"Actual Total Time": 1680.145,"Actual Rows": 4,"Actual Loops": 1,"Group Key": ["l_returnflag", "l_linestatus"],"Plans": [{"Node Type": "Gather Merge","Parent Relationship": "Outer","Parallel Aware": false,"Async Capable": false,"Startup Cost": 184173.93,"Total Cost": 184176.81,"Plan Rows": 24,"Plan Width": 236,"Actual Startup Time": 1644.414,"Actual Total Time": 1680.013,"Actual Rows": 20,"Actual Loops": 1,"Workers Planned": 4,"Workers Launched": 4,"Plans": [{"Node Type": "Sort","Parent Relationship": "Outer","Parallel Aware": false,"Async Capable": false,"Startup Cost": 183173.87,"Total Cost": 183173.89,"Plan Rows": 6,"Plan Width": 236,"Actual Startup Time": 1636.962,"Actual Total Time": 1636.966,"Actual Rows": 4,"Actual Loops": 5,"Sort Key": ["l_returnflag", "l_linestatus"],"Sort Method": "quicksort","Sort Space Used": 27,"Sort Space Type": "Memory","Workers": [{"Worker Number": 0,"Sort Method": "quicksort","Sort Space Used": 27,"Sort Space Type": "Memory"},{"Worker Number": 1,"Sort Method": "quicksort","Sort Space Used": 27,"Sort Space Type": "Memory"},{"Worker Number": 2,"Sort Method": "quicksort","Sort Space Used": 27,"Sort Space Type": "Memory"},{"Worker Number": 3,"Sort Method": "quicksort","Sort Space Used": 27,"Sort Space Type": "Memory"}],"Plans": [{"Node Type": "Aggregate","Strategy": "Hashed","Partial Mode": "Partial","Parent Relationship": "Outer","Parallel Aware": false,"Async Capable": false,"Startup Cost": 183173.66,"Total Cost": 183173.80,"Plan Rows": 6,"Plan Width": 236,"Actual Startup Time": 1636.864,"Actual Total Time": 1636.873,"Actual Rows": 4,"Actual Loops": 5,"Group Key": ["l_returnflag", "l_linestatus"],"Planned Partitions": 0,"HashAgg Batches": 1,"Peak Memory Usage": 32,"Disk Usage": 0,"Workers": [{"Worker Number": 0,"HashAgg Batches": 1,"Peak Memory Usage": 32,"Disk Usage": 0},{"Worker Number": 1,"HashAgg Batches": 1,"Peak Memory Usage": 32,"Disk Usage": 0},{"Worker Number": 2,"HashAgg Batches": 1,"Peak Memory Usage": 32,"Disk Usage": 0},{"Worker Number": 3,"HashAgg Batches": 1,"Peak Memory Usage": 32,"Disk Usage": 0}],"Plans": [{"Node Type": "Seq Scan","Parent Relationship": "Outer","Parallel Aware": true,"Async Capable": false,"Relation Name": "lineitem","Alias": "lineitem","Startup Cost": 0.00,"Total Cost": 131256.80,"Plan Rows": 1483339,"Plan Width": 25,"Actual Startup Time": 0.043,"Actual Total Time": 617.694,"Actual Rows": 1187554,"Actual Loops": 5,"Filter": "(l_shipdate <= '1998-09-14 00:00:00'::timestamp without time zone)","Rows Removed by Filter": 12689,"Workers": []}]}]}]}]},"Planning Time": 3.116,"Triggers": [],"Execution Time": 1680.478}]
[{"Plan": {"Node Type": "Aggregate","Strategy": "Sorted","Partial Mode": "Finalize","Parallel Aware": false,"Async Capable": false,"Startup Cost": 184082.58,"Total Cost": 184086.40,"Plan Rows": 6,"Plan Width": 236,"Actual Startup Time": 1638.478,"Actual Total Time": 1674.281,"Actual Rows": 4,"Actual Loops": 1,"Group Key": ["l_returnflag", "l_linestatus"],"Plans": [{"Node Type": "Gather Merge","Parent Relationship": "Outer","Parallel Aware": false,"Async Capable": false,"Startup Cost": 184082.58,"Total Cost": 184085.46,"Plan Rows": 24,"Plan Width": 236,"Actual Startup Time": 1638.346,"Actual Total Time": 1674.153,"Actual Rows": 20,"Actual Loops": 1,"Workers Planned": 4,"Workers Launched": 4,"Plans": [{"Node Type": "Sort","Parent Relationship": "Outer","Parallel Aware": false,"Async Capable": false,"Startup Cost": 183082.52,"Total Cost": 183082.54,"Plan Rows": 6,"Plan Width": 236,"Actual Startup Time": 1630.819,"Actual Total Time": 1630.824,"Actual Rows": 4,"Actual Loops": 5,"Sort Key": ["l_returnflag", "l_linestatus"],"Sort Method": "quicksort","Sort Space Used": 27,"Sort Space Type": "Memory","Workers": [{"Worker Number": 0,"Sort Method": "quicksort","Sort Space Used": 27,"Sort Space Type": "Memory"},{"Worker Number": 1,"Sort Method": "quicksort","Sort Space Used": 27,"Sort Space Type": "Memory"},{"Worker Number": 2,"Sort Method": "quicksort","Sort Space Used": 27,"Sort Space Type": "Memory"},{"Worker Number": 3,"Sort Method": "quicksort","Sort Space Used": 27,"Sort Space Type": "Memory"}],"Plans": [{"Node Type": "Aggregate","Strategy": "Hashed","Partial Mode": "Partial","Parent Relationship": "Outer","Parallel Aware": false,"Async Capable": false,"Startup Cost": 183082.31,"Total Cost": 183082.45,"Plan Rows": 6,"Plan Width": 236,"Actual Startup Time": 1630.721,"Actual Total Time": 1630.730,"Actual Rows": 4,"Actual Loops": 5,"Group Key": ["l_returnflag", "l_linestatus"],"Planned Partitions": 0,"HashAgg Batches": 1,"Peak Memory Usage": 32,"Disk Usage": 0,"Workers": [{"Worker Number": 0,"HashAgg Batches": 1,"Peak Memory Usage": 32,"Disk Usage": 0},{"Worker Number": 1,"HashAgg Batches": 1,"Peak Memory Usage": 32,"Disk Usage": 0},{"Worker Number": 2,"HashAgg Batches": 1,"Peak Memory Usage": 32,"Disk Usage": 0},{"Worker Number": 3,"HashAgg Batches": 1,"Peak Memory Usage": 32,"Disk Usage": 0}],"Plans": [{"Node Type": "Seq Scan","Parent Relationship": "Outer","Parallel Aware": true,"Async Capable": false,"Relation Name": "lineitem","Alias": "lineitem","Startup Cost": 0.00,"Total Cost": 131256.80,"Plan Rows": 1480729,"Plan Width": 25,"Actual Startup Time": 0.040,"Actual Total Time": 612.285,"Actual Rows": 1185489,"Actual Loops": 5,"Filter": "(l_shipdate <= '1998-09-08 00:00:00'::timestamp without time zone)","Rows Removed by Filter": 14754,"Workers": []}]}]}]}]},"Planning Time": 2.744,"Triggers": [],"Execution Time": 1674.643}]
[{"Plan": {"Node Type": "Aggregate","Strategy": "Sorted","Partial Mode": "Finalize","Parallel Aware": false,"Async Capable": false,"Startup Cost": 184052.13,"Total Cost": 184055.95,"Plan Rows": 6,"Plan Width": 236,"Actual Startup Time": 1616.943,"Actual Total Time": 1650.452,"Actual Rows": 4,"Actual Loops": 1,"Group Key": ["l_returnflag", "l_linestatus"],"Plans": [{"Node Type": "Gather Merge","Parent Relationship": "Outer","Parallel Aware": false,"Async Capable": false,"Startup Cost": 184052.13,"Total Cost": 184055.01,"Plan Rows": 24,"Plan Width": 236,"Actual Startup Time": 1616.881,"Actual Total Time": 1650.358,"Actual Rows": 20,"Actual Loops": 1,"Workers Planned": 4,"Workers Launched": 4,"Plans": [{"Node Type": "Sort","Parent Relationship": "Outer","Parallel Aware": false,"Async Capable": false,"Startup Cost": 183052.07,"Total Cost": 183052.09,"Plan Rows": 6,"Plan Width": 236,"Actual Startup Time": 1610.099,"Actual Total Time": 1610.103,"Actual Rows": 4,"Actual Loops": 5,"Sort Key": ["l_returnflag", "l_linestatus"],"Sort Method": "quicksort","Sort Space Used": 27,"Sort Space Type": "Memory","Workers": [{"Worker Number": 0,"Sort Method": "quicksort","Sort Space Used": 27,"Sort Space Type": "Memory"},{"Worker Number": 1,"Sort Method": "quicksort","Sort Space Used": 27,"Sort Space Type": "Memory"},{"Worker Number": 2,"Sort Method": "quicksort","Sort Space Used": 27,"Sort Space Type": "Memory"},{"Worker Number": 3,"Sort Method": "quicksort","Sort Space Used": 27,"Sort Space Type": "Memory"}],"Plans": [{"Node Type": "Aggregate","Strategy": "Hashed","Partial Mode": "Partial","Parent Relationship": "Outer","Parallel Aware": false,"Async Capable": false,"Startup Cost": 183051.86,"Total Cost": 183052.00,"Plan Rows": 6,"Plan Width": 236,"Actual Startup Time": 1609.932,"Actual Total Time": 1609.941,"Actual Rows": 4,"Actual Loops": 5,"Group Key": ["l_returnflag", "l_linestatus"],"Planned Partitions": 0,"HashAgg Batches": 1,"Peak Memory Usage": 32,"Disk Usage": 0,"Workers": [{"Worker Number": 0,"HashAgg Batches": 1,"Peak Memory Usage": 32,"Disk Usage": 0},{"Worker Number": 1,"HashAgg Batches": 1,"Peak Memory Usage": 32,"Disk Usage": 0},{"Worker Number": 2,"HashAgg Batches": 1,"Peak Memory Usage": 32,"Disk Usage": 0},{"Worker Number": 3,"HashAgg Batches": 1,"Peak Memory Usage": 32,"Disk Usage": 0}],"Plans": [{"Node Type": "Seq Scan","Parent Relationship": "Outer","Parallel Aware": true,"Async Capable": false,"Relation Name": "lineitem","Alias": "lineitem","Startup Cost": 0.00,"Total Cost": 131256.80,"Plan Rows": 1479859,"Plan Width": 25,"Actual Startup Time": 0.033,"Actual Total Time": 594.774,"Actual Rows": 1184794,"Actual Loops": 5,"Filter": "(l_shipdate <= '1998-09-06 00:00:00'::timestamp without time zone)","Rows Removed by Filter": 15449,"Workers": []}]}]}]}]},"Planning Time": 3.475,"Triggers": [],"Execution Time": 1650.848}]
[{"Plan": {"Node Type": "Aggregate","Strategy": "Sorted","Partial Mode": "Finalize","Parallel Aware": false,"Async Capable": false,"Startup Cost": 183762.86,"Total Cost": 183766.68,"Plan Rows": 6,"Plan Width": 236,"Actual Startup Time": 1624.125,"Actual Total Time": 1658.164,"Actual Rows": 4,"Actual Loops": 1,"Group Key": ["l_returnflag", "l_linestatus"],"Plans": [{"Node Type": "Gather Merge","Parent Relationship": "Outer","Parallel Aware": false,"Async Capable": false,"Startup Cost": 183762.86,"Total Cost": 183765.73,"Plan Rows": 24,"Plan Width": 236,"Actual Startup Time": 1624.055,"Actual Total Time": 1658.060,"Actual Rows": 20,"Actual Loops": 1,"Workers Planned": 4,"Workers Launched": 4,"Plans": [{"Node Type": "Sort","Parent Relationship": "Outer","Parallel Aware": false,"Async Capable": false,"Startup Cost": 182762.80,"Total Cost": 182762.81,"Plan Rows": 6,"Plan Width": 236,"Actual Startup Time": 1615.684,"Actual Total Time": 1615.689,"Actual Rows": 4,"Actual Loops": 5,"Sort Key": ["l_returnflag", "l_linestatus"],"Sort Method": "quicksort","Sort Space Used": 27,"Sort Space Type": "Memory","Workers": [{"Worker Number": 0,"Sort Method": "quicksort","Sort Space Used": 27,"Sort Space Type": "Memory"},{"Worker Number": 1,"Sort Method": "quicksort","Sort Space Used": 27,"Sort Space Type": "Memory"},{"Worker Number": 2,"Sort Method": "quicksort","Sort Space Used": 27,"Sort Space Type": "Memory"},{"Worker Number": 3,"Sort Method": "quicksort","Sort Space Used": 27,"Sort Space Type": "Memory"}],"Plans": [{"Node Type": "Aggregate","Strategy": "Hashed","Partial Mode": "Partial","Parent Relationship": "Outer","Parallel Aware": false,"Async Capable": false,"Startup Cost": 182762.59,"Total Cost": 182762.72,"Plan Rows": 6,"Plan Width": 236,"Actual Startup Time": 1615.553,"Actual Total Time": 1615.563,"Actual Rows": 4,"Actual Loops": 5,"Group Key": ["l_returnflag", "l_linestatus"],"Planned Partitions": 0,"HashAgg Batches": 1,"Peak Memory Usage": 32,"Disk Usage": 0,"Workers": [{"Worker Number": 0,"HashAgg Batches": 1,"Peak Memory Usage": 32,"Disk Usage": 0},{"Worker Number": 1,"HashAgg Batches": 1,"Peak Memory Usage": 32,"Disk Usage": 0},{"Worker Number": 2,"HashAgg Batches": 1,"Peak Memory Usage": 32,"Disk Usage": 0},{"Worker Number": 3,"HashAgg Batches": 1,"Peak Memory Usage": 32,"Disk Usage": 0}],"Plans": [{"Node Type": "Seq Scan","Parent Relationship": "Outer","Parallel Aware": true,"Async Capable": false,"Relation Name": "lineitem","Alias": "lineitem","Startup Cost": 0.00,"Total Cost": 131256.80,"Plan Rows": 1471594,"Plan Width": 25,"Actual Startup Time": 0.040,"Actual Total Time": 605.807,"Actual Rows": 1177251,"Actual Loops": 5,"Filter": "(l_shipdate <= '1998-08-18 00:00:00'::timestamp without time zone)","Rows Removed by Filter": 22992,"Workers": []}]}]}]}]},"Planning Time": 2.911,"Triggers": [],"Execution Time": 1658.466}]
[{"Plan": {"Node Type": "Aggregate","Strategy": "Sorted","Partial Mode": "Finalize","Parallel Aware": false,"Async Capable": false,"Startup Cost": 184320.97,"Total Cost": 184324.79,"Plan Rows": 6,"Plan Width": 236,"Actual Startup Time": 1639.286,"Actual Total Time": 1673.341,"Actual Rows": 4,"Actual Loops": 1,"Group Key": ["l_returnflag", "l_linestatus"],"Plans": [{"Node Type": "Gather Merge","Parent Relationship": "Outer","Parallel Aware": false,"Async Capable": false,"Startup Cost": 184320.97,"Total Cost": 184323.84,"Plan Rows": 24,"Plan Width": 236,"Actual Startup Time": 1639.217,"Actual Total Time": 1673.248,"Actual Rows": 20,"Actual Loops": 1,"Workers Planned": 4,"Workers Launched": 4,"Plans": [{"Node Type": "Sort","Parent Relationship": "Outer","Parallel Aware": false,"Async Capable": false,"Startup Cost": 183320.91,"Total Cost": 183320.92,"Plan Rows": 6,"Plan Width": 236,"Actual Startup Time": 1630.806,"Actual Total Time": 1630.812,"Actual Rows": 4,"Actual Loops": 5,"Sort Key": ["l_returnflag", "l_linestatus"],"Sort Method": "quicksort","Sort Space Used": 27,"Sort Space Type": "Memory","Workers": [{"Worker Number": 0,"Sort Method": "quicksort","Sort Space Used": 27,"Sort Space Type": "Memory"},{"Worker Number": 1,"Sort Method": "quicksort","Sort Space Used": 27,"Sort Space Type": "Memory"},{"Worker Number": 2,"Sort Method": "quicksort","Sort Space Used": 27,"Sort Space Type": "Memory"},{"Worker Number": 3,"Sort Method": "quicksort","Sort Space Used": 27,"Sort Space Type": "Memory"}],"Plans": [{"Node Type": "Aggregate","Strategy": "Hashed","Partial Mode": "Partial","Parent Relationship": "Outer","Parallel Aware": false,"Async Capable": false,"Startup Cost": 183320.70,"Total Cost": 183320.83,"Plan Rows": 6,"Plan Width": 236,"Actual Startup Time": 1630.687,"Actual Total Time": 1630.697,"Actual Rows": 4,"Actual Loops": 5,"Group Key": ["l_returnflag", "l_linestatus"],"Planned Partitions": 0,"HashAgg Batches": 1,"Peak Memory Usage": 32,"Disk Usage": 0,"Workers": [{"Worker Number": 0,"HashAgg Batches": 1,"Peak Memory Usage": 32,"Disk Usage": 0},{"Worker Number": 1,"HashAgg Batches": 1,"Peak Memory Usage": 32,"Disk Usage": 0},{"Worker Number": 2,"HashAgg Batches": 1,"Peak Memory Usage": 32,"Disk Usage": 0},{"Worker Number": 3,"HashAgg Batches": 1,"Peak Memory Usage": 32,"Disk Usage": 0}],"Plans": [{"Node Type": "Seq Scan","Parent Relationship": "Outer","Parallel Aware": true,"Async Capable": false,"Relation Name": "lineitem","Alias": "lineitem","Startup Cost": 0.00,"Total Cost": 131256.80,"Plan Rows": 1487540,"Plan Width": 25,"Actual Startup Time": 0.050,"Actual Total Time": 607.902,"Actual Rows": 1191902,"Actual Loops": 5,"Filter": "(l_shipdate <= '1998-09-29 00:00:00'::timestamp without time zone)","Rows Removed by Filter": 8341,"Workers": []}]}]}]}]},"Planning Time": 3.425,"Triggers": [],"Execution Time": 1673.769}]
[{"Plan": {"Node Type": "Aggregate","Strategy": "Sorted","Partial Mode": "Finalize","Parallel Aware": false,"Async Capable": false,"Startup Cost": 183652.75,"Total Cost": 183656.57,"Plan Rows": 6,"Plan Width": 236,"Actual Startup Time": 1624.037,"Actual Total Time": 1657.979,"Actual Rows": 4,"Actual Loops": 1,"Group Key": ["l_returnflag", "l_linestatus"],"Plans": [{"Node Type": "Gather Merge","Parent Relationship": "Outer","Parallel Aware": false,"Async Capable": false,"Startup Cost": 183652.75,"Total Cost": 183655.62,"Plan Rows": 24,"Plan Width": 236,"Actual Startup Time": 1623.893,"Actual Total Time": 1657.849,"Actual Rows": 20,"Actual Loops": 1,"Workers Planned": 4,"Workers Launched": 4,"Plans": [{"Node Type": "Sort","Parent Relationship": "Outer","Parallel Aware": false,"Async Capable": false,"Startup Cost": 182652.69,"Total Cost": 182652.70,"Plan Rows": 6,"Plan Width": 236,"Actual Startup Time": 1616.446,"Actual Total Time": 1616.451,"Actual Rows": 4,"Actual Loops": 5,"Sort Key": ["l_returnflag", "l_linestatus"],"Sort Method": "quicksort","Sort Space Used": 27,"Sort Space Type": "Memory","Workers": [{"Worker Number": 0,"Sort Method": "quicksort","Sort Space Used": 27,"Sort Space Type": "Memory"},{"Worker Number": 1,"Sort Method": "quicksort","Sort Space Used": 27,"Sort Space Type": "Memory"},{"Worker Number": 2,"Sort Method": "quicksort","Sort Space Used": 27,"Sort Space Type": "Memory"},{"Worker Number": 3,"Sort Method": "quicksort","Sort Space Used": 27,"Sort Space Type": "Memory"}],"Plans": [{"Node Type": "Aggregate","Strategy": "Hashed","Partial Mode": "Partial","Parent Relationship": "Outer","Parallel Aware": false,"Async Capable": false,"Startup Cost": 182652.48,"Total Cost": 182652.61,"Plan Rows": 6,"Plan Width": 236,"Actual Startup Time": 1616.349,"Actual Total Time": 1616.357,"Actual Rows": 4,"Actual Loops": 5,"Group Key": ["l_returnflag", "l_linestatus"],"Planned Partitions": 0,"HashAgg Batches": 1,"Peak Memory Usage": 32,"Disk Usage": 0,"Workers": [{"Worker Number": 0,"HashAgg Batches": 1,"Peak Memory Usage": 32,"Disk Usage": 0},{"Worker Number": 1,"HashAgg Batches": 1,"Peak Memory Usage": 32,"Disk Usage": 0},{"Worker Number": 2,"HashAgg Batches": 1,"Peak Memory Usage": 32,"Disk Usage": 0},{"Worker Number": 3,"HashAgg Batches": 1,"Peak Memory Usage": 32,"Disk Usage": 0}],"Plans": [{"Node Type": "Seq Scan","Parent Relationship": "Outer","Parallel Aware": true,"Async Capable": false,"Relation Name": "lineitem","Alias": "lineitem","Startup Cost": 0.00,"Total Cost": 131256.80,"Plan Rows": 1468448,"Plan Width": 25,"Actual Startup Time": 0.039,"Actual Total Time": 608.174,"Actual Rows": 1174542,"Actual Loops": 5,"Filter": "(l_shipdate <= '1998-08-12 00:00:00'::timestamp without time zone)","Rows Removed by Filter": 25701,"Workers": []}]}]}]}]},"Planning Time": 2.541,"Triggers": [],"Execution Time": 1658.369}]
[{"Plan": {"Node Type": "Aggregate","Strategy": "Sorted","Partial Mode": "Finalize","Parallel Aware": false,"Async Capable": false,"Startup Cost": 183915.11,"Total Cost": 183918.93,"Plan Rows": 6,"Plan Width": 236,"Actual Startup Time": 1617.865,"Actual Total Time": 1652.425,"Actual Rows": 4,"Actual Loops": 1,"Group Key": ["l_returnflag", "l_linestatus"],"Plans": [{"Node Type": "Gather Merge","Parent Relationship": "Outer","Parallel Aware": false,"Async Capable": false,"Startup Cost": 183915.11,"Total Cost": 183917.98,"Plan Rows": 24,"Plan Width": 236,"Actual Startup Time": 1617.776,"Actual Total Time": 1652.277,"Actual Rows": 20,"Actual Loops": 1,"Workers Planned": 4,"Workers Launched": 4,"Plans": [{"Node Type": "Sort","Parent Relationship": "Outer","Parallel Aware": false,"Async Capable": false,"Startup Cost": 182915.05,"Total Cost": 182915.06,"Plan Rows": 6,"Plan Width": 236,"Actual Startup Time": 1610.319,"Actual Total Time": 1610.323,"Actual Rows": 4,"Actual Loops": 5,"Sort Key": ["l_returnflag", "l_linestatus"],"Sort Method": "quicksort","Sort Space Used": 27,"Sort Space Type": "Memory","Workers": [{"Worker Number": 0,"Sort Method": "quicksort","Sort Space Used": 27,"Sort Space Type": "Memory"},{"Worker Number": 1,"Sort Method": "quicksort","Sort Space Used": 27,"Sort Space Type": "Memory"},{"Worker Number": 2,"Sort Method": "quicksort","Sort Space Used": 27,"Sort Space Type": "Memory"},{"Worker Number": 3,"Sort Method": "quicksort","Sort Space Used": 27,"Sort Space Type": "Memory"}],"Plans": [{"Node Type": "Aggregate","Strategy": "Hashed","Partial Mode": "Partial","Parent Relationship": "Outer","Parallel Aware": false,"Async Capable": false,"Startup Cost": 182914.84,"Total Cost": 182914.97,"Plan Rows": 6,"Plan Width": 236,"Actual Startup Time": 1610.220,"Actual Total Time": 1610.228,"Actual Rows": 4,"Actual Loops": 5,"Group Key": ["l_returnflag", "l_linestatus"],"Planned Partitions": 0,"HashAgg Batches": 1,"Peak Memory Usage": 32,"Disk Usage": 0,"Workers": [{"Worker Number": 0,"HashAgg Batches": 1,"Peak Memory Usage": 32,"Disk Usage": 0},{"Worker Number": 1,"HashAgg Batches": 1,"Peak Memory Usage": 32,"Disk Usage": 0},{"Worker Number": 2,"HashAgg Batches": 1,"Peak Memory Usage": 32,"Disk Usage": 0},{"Worker Number": 3,"HashAgg Batches": 1,"Peak Memory Usage": 32,"Disk Usage": 0}],"Plans": [{"Node Type": "Seq Scan","Parent Relationship": "Outer","Parallel Aware": true,"Async Capable": false,"Relation Name": "lineitem","Alias": "lineitem","Startup Cost": 0.00,"Total Cost": 131256.80,"Plan Rows": 1475944,"Plan Width": 25,"Actual Startup Time": 0.051,"Actual Total Time": 598.821,"Actual Rows": 1181394,"Actual Loops": 5,"Filter": "(l_shipdate <= '1998-08-28 00:00:00'::timestamp without time zone)","Rows Removed by Filter": 18849,"Workers": []}]}]}]}]},"Planning Time": 2.726,"Triggers": [],"Execution Time": 1652.808}]
[{"Plan": {"Node Type": "Aggregate","Strategy": "Sorted","Partial Mode": "Finalize","Parallel Aware": false,"Async Capable": false,"Startup Cost": 184158.71,"Total Cost": 184162.53,"Plan Rows": 6,"Plan Width": 236,"Actual Startup Time": 1644.692,"Actual Total Time": 1677.942,"Actual Rows": 4,"Actual Loops": 1,"Group Key": ["l_returnflag", "l_linestatus"],"Plans": [{"Node Type": "Gather Merge","Parent Relationship": "Outer","Parallel Aware": false,"Async Capable": false,"Startup Cost": 184158.71,"Total Cost": 184161.58,"Plan Rows": 24,"Plan Width": 236,"Actual Startup Time": 1644.623,"Actual Total Time": 1677.838,"Actual Rows": 20,"Actual Loops": 1,"Workers Planned": 4,"Workers Launched": 4,"Plans": [{"Node Type": "Sort","Parent Relationship": "Outer","Parallel Aware": false,"Async Capable": false,"Startup Cost": 183158.65,"Total Cost": 183158.66,"Plan Rows": 6,"Plan Width": 236,"Actual Startup Time": 1636.538,"Actual Total Time": 1636.541,"Actual Rows": 4,"Actual Loops": 5,"Sort Key": ["l_returnflag", "l_linestatus"],"Sort Method": "quicksort","Sort Space Used": 27,"Sort Space Type": "Memory","Workers": [{"Worker Number": 0,"Sort Method": "quicksort","Sort Space Used": 27,"Sort Space Type": "Memory"},{"Worker Number": 1,"Sort Method": "quicksort","Sort Space Used": 27,"Sort Space Type": "Memory"},{"Worker Number": 2,"Sort Method": "quicksort","Sort Space Used": 27,"Sort Space Type": "Memory"},{"Worker Number": 3,"Sort Method": "quicksort","Sort Space Used": 27,"Sort Space Type": "Memory"}],"Plans": [{"Node Type": "Aggregate","Strategy": "Hashed","Partial Mode": "Partial","Parent Relationship": "Outer","Parallel Aware": false,"Async Capable": false,"Startup Cost": 183158.44,"Total Cost": 183158.57,"Plan Rows": 6,"Plan Width": 236,"Actual Startup Time": 1636.415,"Actual Total Time": 1636.424,"Actual Rows": 4,"Actual Loops": 5,"Group Key": ["l_returnflag", "l_linestatus"],"Planned Partitions": 0,"HashAgg Batches": 1,"Peak Memory Usage": 32,"Disk Usage": 0,"Workers": [{"Worker Number": 0,"HashAgg Batches": 1,"Peak Memory Usage": 32,"Disk Usage": 0},{"Worker Number": 1,"HashAgg Batches": 1,"Peak Memory Usage": 32,"Disk Usage": 0},{"Worker Number": 2,"HashAgg Batches": 1,"Peak Memory Usage": 32,"Disk Usage": 0},{"Worker Number": 3,"HashAgg Batches": 1,"Peak Memory Usage": 32,"Disk Usage": 0}],"Plans": [{"Node Type": "Seq Scan","Parent Relationship": "Outer","Parallel Aware": true,"Async Capable": false,"Relation Name": "lineitem","Alias": "lineitem","Startup Cost": 0.00,"Total Cost": 131256.80,"Plan Rows": 1482904,"Plan Width": 25,"Actual Startup Time": 0.036,"Actual Total Time": 612.237,"Actual Rows": 1187224,"Actual Loops": 5,"Filter": "(l_shipdate <= '1998-09-13 00:00:00'::timestamp without time zone)","Rows Removed by Filter": 13019,"Workers": []}]}]}]}]},"Planning Time": 3.447,"Triggers": [],"Execution Time": 1678.368}]
[{"Plan": {"Node Type": "Aggregate","Strategy": "Sorted","Partial Mode": "Finalize","Parallel Aware": false,"Async Capable": false,"Startup Cost": 184113.03,"Total Cost": 184116.85,"Plan Rows": 6,"Plan Width": 236,"Actual Startup Time": 1626.286,"Actual Total Time": 1659.080,"Actual Rows": 4,"Actual Loops": 1,"Group Key": ["l_returnflag", "l_linestatus"],"Plans": [{"Node Type": "Gather Merge","Parent Relationship": "Outer","Parallel Aware": false,"Async Capable": false,"Startup Cost": 184113.03,"Total Cost": 184115.91,"Plan Rows": 24,"Plan Width": 236,"Actual Startup Time": 1626.211,"Actual Total Time": 1658.952,"Actual Rows": 20,"Actual Loops": 1,"Workers Planned": 4,"Workers Launched": 4,"Plans": [{"Node Type": "Sort","Parent Relationship": "Outer","Parallel Aware": false,"Async Capable": false,"Startup Cost": 183112.97,"Total Cost": 183112.99,"Plan Rows": 6,"Plan Width": 236,"Actual Startup Time": 1618.938,"Actual Total Time": 1618.943,"Actual Rows": 4,"Actual Loops": 5,"Sort Key": ["l_returnflag", "l_linestatus"],"Sort Method": "quicksort","Sort Space Used": 27,"Sort Space Type": "Memory","Workers": [{"Worker Number": 0,"Sort Method": "quicksort","Sort Space Used": 27,"Sort Space Type": "Memory"},{"Worker Number": 1,"Sort Method": "quicksort","Sort Space Used": 27,"Sort Space Type": "Memory"},{"Worker Number": 2,"Sort Method": "quicksort","Sort Space Used": 27,"Sort Space Type": "Memory"},{"Worker Number": 3,"Sort Method": "quicksort","Sort Space Used": 27,"Sort Space Type": "Memory"}],"Plans": [{"Node Type": "Aggregate","Strategy": "Hashed","Partial Mode": "Partial","Parent Relationship": "Outer","Parallel Aware": false,"Async Capable": false,"Startup Cost": 183112.76,"Total Cost": 183112.90,"Plan Rows": 6,"Plan Width": 236,"Actual Startup Time": 1618.825,"Actual Total Time": 1618.836,"Actual Rows": 4,"Actual Loops": 5,"Group Key": ["l_returnflag", "l_linestatus"],"Planned Partitions": 0,"HashAgg Batches": 1,"Peak Memory Usage": 32,"Disk Usage": 0,"Workers": [{"Worker Number": 0,"HashAgg Batches": 1,"Peak Memory Usage": 32,"Disk Usage": 0},{"Worker Number": 1,"HashAgg Batches": 1,"Peak Memory Usage": 32,"Disk Usage": 0},{"Worker Number": 2,"HashAgg Batches": 1,"Peak Memory Usage": 32,"Disk Usage": 0},{"Worker Number": 3,"HashAgg Batches": 1,"Peak Memory Usage": 32,"Disk Usage": 0}],"Plans": [{"Node Type": "Seq Scan","Parent Relationship": "Outer","Parallel Aware": true,"Async Capable": false,"Relation Name": "lineitem","Alias": "lineitem","Startup Cost": 0.00,"Total Cost": 131256.80,"Plan Rows": 1481599,"Plan Width": 25,"Actual Startup Time": 0.033,"Actual Total Time": 600.023,"Actual Rows": 1186191,"Actual Loops": 5,"Filter": "(l_shipdate <= '1998-09-10 00:00:00'::timestamp without time zone)","Rows Removed by Filter": 14052,"Workers": []}]}]}]}]},"Planning Time": 2.494,"Triggers": [],"Execution Time": 1659.387}]
[{"Plan": {"Node Type": "Aggregate","Strategy": "Sorted","Partial Mode": "Finalize","Parallel Aware": false,"Async Capable": false,"Startup Cost": 183692.58,"Total Cost": 183696.40,"Plan Rows": 6,"Plan Width": 236,"Actual Startup Time": 1626.646,"Actual Total Time": 1661.361,"Actual Rows": 4,"Actual Loops": 1,"Group Key": ["l_returnflag", "l_linestatus"],"Plans": [{"Node Type": "Gather Merge","Parent Relationship": "Outer","Parallel Aware": false,"Async Capable": false,"Startup Cost": 183692.58,"Total Cost": 183695.45,"Plan Rows": 24,"Plan Width": 236,"Actual Startup Time": 1626.569,"Actual Total Time": 1661.254,"Actual Rows": 20,"Actual Loops": 1,"Workers Planned": 4,"Workers Launched": 4,"Plans": [{"Node Type": "Sort","Parent Relationship": "Outer","Parallel Aware": false,"Async Capable": false,"Startup Cost": 182692.52,"Total Cost": 182692.53,"Plan Rows": 6,"Plan Width": 236,"Actual Startup Time": 1618.460,"Actual Total Time": 1618.464,"Actual Rows": 4,"Actual Loops": 5,"Sort Key": ["l_returnflag", "l_linestatus"],"Sort Method": "quicksort","Sort Space Used": 27,"Sort Space Type": "Memory","Workers": [{"Worker Number": 0,"Sort Method": "quicksort","Sort Space Used": 27,"Sort Space Type": "Memory"},{"Worker Number": 1,"Sort Method": "quicksort","Sort Space Used": 27,"Sort Space Type": "Memory"},{"Worker Number": 2,"Sort Method": "quicksort","Sort Space Used": 27,"Sort Space Type": "Memory"},{"Worker Number": 3,"Sort Method": "quicksort","Sort Space Used": 27,"Sort Space Type": "Memory"}],"Plans": [{"Node Type": "Aggregate","Strategy": "Hashed","Partial Mode": "Partial","Parent Relationship": "Outer","Parallel Aware": false,"Async Capable": false,"Startup Cost": 182692.31,"Total Cost": 182692.44,"Plan Rows": 6,"Plan Width": 236,"Actual Startup Time": 1618.346,"Actual Total Time": 1618.354,"Actual Rows": 4,"Actual Loops": 5,"Group Key": ["l_returnflag", "l_linestatus"],"Planned Partitions": 0,"HashAgg Batches": 1,"Peak Memory Usage": 32,"Disk Usage": 0,"Workers": [{"Worker Number": 0,"HashAgg Batches": 1,"Peak Memory Usage": 32,"Disk Usage": 0},{"Worker Number": 1,"HashAgg Batches": 1,"Peak Memory Usage": 32,"Disk Usage": 0},{"Worker Number": 2,"HashAgg Batches": 1,"Peak Memory Usage": 32,"Disk Usage": 0},{"Worker Number": 3,"HashAgg Batches": 1,"Peak Memory Usage": 32,"Disk Usage": 0}],"Plans": [{"Node Type": "Seq Scan","Parent Relationship": "Outer","Parallel Aware": true,"Async Capable": false,"Relation Name": "lineitem","Alias": "lineitem","Startup Cost": 0.00,"Total Cost": 131256.80,"Plan Rows": 1469586,"Plan Width": 25,"Actual Startup Time": 0.041,"Actual Total Time": 609.410,"Actual Rows": 1175478,"Actual Loops": 5,"Filter": "(l_shipdate <= '1998-08-14 00:00:00'::timestamp without time zone)","Rows Removed by Filter": 24765,"Workers": []}]}]}]}]},"Planning Time": 2.740,"Triggers": [],"Execution Time": 1661.769}]
[{"Plan": {"Node Type": "Aggregate","Strategy": "Sorted","Partial Mode": "Finalize","Parallel Aware": false,"Async Capable": false,"Startup Cost": 184067.36,"Total Cost": 184071.18,"Plan Rows": 6,"Plan Width": 236,"Actual Startup Time": 1619.986,"Actual Total Time": 1652.728,"Actual Rows": 4,"Actual Loops": 1,"Group Key": ["l_returnflag", "l_linestatus"],"Plans": [{"Node Type": "Gather Merge","Parent Relationship": "Outer","Parallel Aware": false,"Async Capable": false,"Startup Cost": 184067.36,"Total Cost": 184070.23,"Plan Rows": 24,"Plan Width": 236,"Actual Startup Time": 1619.911,"Actual Total Time": 1652.605,"Actual Rows": 20,"Actual Loops": 1,"Workers Planned": 4,"Workers Launched": 4,"Plans": [{"Node Type": "Sort","Parent Relationship": "Outer","Parallel Aware": false,"Async Capable": false,"Startup Cost": 183067.30,"Total Cost": 183067.31,"Plan Rows": 6,"Plan Width": 236,"Actual Startup Time": 1612.142,"Actual Total Time": 1612.148,"Actual Rows": 4,"Actual Loops": 5,"Sort Key": ["l_returnflag", "l_linestatus"],"Sort Method": "quicksort","Sort Space Used": 27,"Sort Space Type": "Memory","Workers": [{"Worker Number": 0,"Sort Method": "quicksort","Sort Space Used": 27,"Sort Space Type": "Memory"},{"Worker Number": 1,"Sort Method": "quicksort","Sort Space Used": 27,"Sort Space Type": "Memory"},{"Worker Number": 2,"Sort Method": "quicksort","Sort Space Used": 27,"Sort Space Type": "Memory"},{"Worker Number": 3,"Sort Method": "quicksort","Sort Space Used": 27,"Sort Space Type": "Memory"}],"Plans": [{"Node Type": "Aggregate","Strategy": "Hashed","Partial Mode": "Partial","Parent Relationship": "Outer","Parallel Aware": false,"Async Capable": false,"Startup Cost": 183067.09,"Total Cost": 183067.22,"Plan Rows": 6,"Plan Width": 236,"Actual Startup Time": 1611.931,"Actual Total Time": 1611.940,"Actual Rows": 4,"Actual Loops": 5,"Group Key": ["l_returnflag", "l_linestatus"],"Planned Partitions": 0,"HashAgg Batches": 1,"Peak Memory Usage": 32,"Disk Usage": 0,"Workers": [{"Worker Number": 0,"HashAgg Batches": 1,"Peak Memory Usage": 32,"Disk Usage": 0},{"Worker Number": 1,"HashAgg Batches": 1,"Peak Memory Usage": 32,"Disk Usage": 0},{"Worker Number": 2,"HashAgg Batches": 1,"Peak Memory Usage": 32,"Disk Usage": 0},{"Worker Number": 3,"HashAgg Batches": 1,"Peak Memory Usage": 32,"Disk Usage": 0}],"Plans": [{"Node Type": "Seq Scan","Parent Relationship": "Outer","Parallel Aware": true,"Async Capable": false,"Relation Name": "lineitem","Alias": "lineitem","Startup Cost": 0.00,"Total Cost": 131256.80,"Plan Rows": 1480294,"Plan Width": 25,"Actual Startup Time": 0.039,"Actual Total Time": 595.916,"Actual Rows": 1185143,"Actual Loops": 5,"Filter": "(l_shipdate <= '1998-09-07 00:00:00'::timestamp without time zone)","Rows Removed by Filter": 15100,"Workers": []}]}]}]}]},"Planning Time": 3.046,"Triggers": [],"Execution Time": 1653.095}]
[{"Plan": {"Node Type": "Aggregate","Strategy": "Sorted","Partial Mode": "Finalize","Parallel Aware": false,"Async Capable": false,"Startup Cost": 183915.11,"Total Cost": 183918.93,"Plan Rows": 6,"Plan Width": 236,"Actual Startup Time": 1617.865,"Actual Total Time": 1652.425,"Actual Rows": 4,"Actual Loops": 1,"Group Key": ["l_returnflag", "l_linestatus"],"Plans": [{"Node Type": "Gather Merge","Parent Relationship": "Outer","Parallel Aware": false,"Async Capable": false,"Startup Cost": 183915.11,"Total Cost": 183917.98,"Plan Rows": 24,"Plan Width": 236,"Actual Startup Time": 1617.776,"Actual Total Time": 1652.277,"Actual Rows": 20,"Actual Loops": 1,"Workers Planned": 4,"Workers Launched": 4,"Plans": [{"Node Type": "Sort","Parent Relationship": "Outer","Parallel Aware": false,"Async Capable": false,"Startup Cost": 182915.05,"Total Cost": 182915.06,"Plan Rows": 6,"Plan Width": 236,"Actual Startup Time": 1610.319,"Actual Total Time": 1610.323,"Actual Rows": 4,"Actual Loops": 5,"Sort Key": ["l_returnflag", "l_linestatus"],"Sort Method": "quicksort","Sort Space Used": 27,"Sort Space Type": "Memory","Workers": [{"Worker Number": 0,"Sort Method": "quicksort","Sort Space Used": 27,"Sort Space Type": "Memory"},{"Worker Number": 1,"Sort Method": "quicksort","Sort Space Used": 27,"Sort Space Type": "Memory"},{"Worker Number": 2,"Sort Method": "quicksort","Sort Space Used": 27,"Sort Space Type": "Memory"},{"Worker Number": 3,"Sort Method": "quicksort","Sort Space Used": 27,"Sort Space Type": "Memory"}],"Plans": [{"Node Type": "Aggregate","Strategy": "Hashed","Partial Mode": "Partial","Parent Relationship": "Outer","Parallel Aware": false,"Async Capable": false,"Startup Cost": 182914.84,"Total Cost": 182914.97,"Plan Rows": 6,"Plan Width": 236,"Actual Startup Time": 1610.220,"Actual Total Time": 1610.228,"Actual Rows": 4,"Actual Loops": 5,"Group Key": ["l_returnflag", "l_linestatus"],"Planned Partitions": 0,"HashAgg Batches": 1,"Peak Memory Usage": 32,"Disk Usage": 0,"Workers": [{"Worker Number": 0,"HashAgg Batches": 1,"Peak Memory Usage": 32,"Disk Usage": 0},{"Worker Number": 1,"HashAgg Batches": 1,"Peak Memory Usage": 32,"Disk Usage": 0},{"Worker Number": 2,"HashAgg Batches": 1,"Peak Memory Usage": 32,"Disk Usage": 0},{"Worker Number": 3,"HashAgg Batches": 1,"Peak Memory Usage": 32,"Disk Usage": 0}],"Plans": [{"Node Type": "Seq Scan","Parent Relationship": "Outer","Parallel Aware": true,"Async Capable": false,"Relation Name": "lineitem","Alias": "lineitem","Startup Cost": 0.00,"Total Cost": 131256.80,"Plan Rows": 1475944,"Plan Width": 25,"Actual Startup Time": 0.051,"Actual Total Time": 598.821,"Actual Rows": 1181394,"Actual Loops": 5,"Filter": "(l_shipdate <= '1998-08-28 00:00:00'::timestamp without time zone)","Rows Removed by Filter": 18849,"Workers": []}]}]}]}]},"Planning Time": 2.726,"Triggers": [],"Execution Time": 1652.808}]
[{"Plan": {"Node Type": "Aggregate","Strategy": "Sorted","Partial Mode": "Finalize","Parallel Aware": false,"Async Capable": false,"Startup Cost": 184271.34,"Total Cost": 184275.16,"Plan Rows": 6,"Plan Width": 236,"Actual Startup Time": 1627.489,"Actual Total Time": 1661.299,"Actual Rows": 4,"Actual Loops": 1,"Group Key": ["l_returnflag", "l_linestatus"],"Plans": [{"Node Type": "Gather Merge","Parent Relationship": "Outer","Parallel Aware": false,"Async Capable": false,"Startup Cost": 184271.34,"Total Cost": 184274.21,"Plan Rows": 24,"Plan Width": 236,"Actual Startup Time": 1627.365,"Actual Total Time": 1661.147,"Actual Rows": 20,"Actual Loops": 1,"Workers Planned": 4,"Workers Launched": 4,"Plans": [{"Node Type": "Sort","Parent Relationship": "Outer","Parallel Aware": false,"Async Capable": false,"Startup Cost": 183271.28,"Total Cost": 183271.29,"Plan Rows": 6,"Plan Width": 236,"Actual Startup Time": 1619.927,"Actual Total Time": 1619.931,"Actual Rows": 4,"Actual Loops": 5,"Sort Key": ["l_returnflag", "l_linestatus"],"Sort Method": "quicksort","Sort Space Used": 27,"Sort Space Type": "Memory","Workers": [{"Worker Number": 0,"Sort Method": "quicksort","Sort Space Used": 27,"Sort Space Type": "Memory"},{"Worker Number": 1,"Sort Method": "quicksort","Sort Space Used": 27,"Sort Space Type": "Memory"},{"Worker Number": 2,"Sort Method": "quicksort","Sort Space Used": 27,"Sort Space Type": "Memory"},{"Worker Number": 3,"Sort Method": "quicksort","Sort Space Used": 27,"Sort Space Type": "Memory"}],"Plans": [{"Node Type": "Aggregate","Strategy": "Hashed","Partial Mode": "Partial","Parent Relationship": "Outer","Parallel Aware": false,"Async Capable": false,"Startup Cost": 183271.07,"Total Cost": 183271.20,"Plan Rows": 6,"Plan Width": 236,"Actual Startup Time": 1619.825,"Actual Total Time": 1619.834,"Actual Rows": 4,"Actual Loops": 5,"Group Key": ["l_returnflag", "l_linestatus"],"Planned Partitions": 0,"HashAgg Batches": 1,"Peak Memory Usage": 32,"Disk Usage": 0,"Workers": [{"Worker Number": 0,"HashAgg Batches": 1,"Peak Memory Usage": 32,"Disk Usage": 0},{"Worker Number": 1,"HashAgg Batches": 1,"Peak Memory Usage": 32,"Disk Usage": 0},{"Worker Number": 2,"HashAgg Batches": 1,"Peak Memory Usage": 32,"Disk Usage": 0},{"Worker Number": 3,"HashAgg Batches": 1,"Peak Memory Usage": 32,"Disk Usage": 0}],"Plans": [{"Node Type": "Seq Scan","Parent Relationship": "Outer","Parallel Aware": true,"Async Capable": false,"Relation Name": "lineitem","Alias": "lineitem","Startup Cost": 0.00,"Total Cost": 131256.80,"Plan Rows": 1486122,"Plan Width": 25,"Actual Startup Time": 0.036,"Actual Total Time": 598.919,"Actual Rows": 1189982,"Actual Loops": 5,"Filter": "(l_shipdate <= '1998-09-22 00:00:00'::timestamp without time zone)","Rows Removed by Filter": 10261,"Workers": []}]}]}]}]},"Planning Time": 2.236,"Triggers": [],"Execution Time": 1661.794}]
[{"Plan": {"Node Type": "Aggregate","Strategy": "Sorted","Partial Mode": "Finalize","Parallel Aware": false,"Async Capable": false,"Startup Cost": 184271.34,"Total Cost": 184275.16,"Plan Rows": 6,"Plan Width": 236,"Actual Startup Time": 1627.489,"Actual Total Time": 1661.299,"Actual Rows": 4,"Actual Loops": 1,"Group Key": ["l_returnflag", "l_linestatus"],"Plans": [{"Node Type": "Gather Merge","Parent Relationship": "Outer","Parallel Aware": false,"Async Capable": false,"Startup Cost": 184271.34,"Total Cost": 184274.21,"Plan Rows": 24,"Plan Width": 236,"Actual Startup Time": 1627.365,"Actual Total Time": 1661.147,"Actual Rows": 20,"Actual Loops": 1,"Workers Planned": 4,"Workers Launched": 4,"Plans": [{"Node Type": "Sort","Parent Relationship": "Outer","Parallel Aware": false,"Async Capable": false,"Startup Cost": 183271.28,"Total Cost": 183271.29,"Plan Rows": 6,"Plan Width": 236,"Actual Startup Time": 1619.927,"Actual Total Time": 1619.931,"Actual Rows": 4,"Actual Loops": 5,"Sort Key": ["l_returnflag", "l_linestatus"],"Sort Method": "quicksort","Sort Space Used": 27,"Sort Space Type": "Memory","Workers": [{"Worker Number": 0,"Sort Method": "quicksort","Sort Space Used": 27,"Sort Space Type": "Memory"},{"Worker Number": 1,"Sort Method": "quicksort","Sort Space Used": 27,"Sort Space Type": "Memory"},{"Worker Number": 2,"Sort Method": "quicksort","Sort Space Used": 27,"Sort Space Type": "Memory"},{"Worker Number": 3,"Sort Method": "quicksort","Sort Space Used": 27,"Sort Space Type": "Memory"}],"Plans": [{"Node Type": "Aggregate","Strategy": "Hashed","Partial Mode": "Partial","Parent Relationship": "Outer","Parallel Aware": false,"Async Capable": false,"Startup Cost": 183271.07,"Total Cost": 183271.20,"Plan Rows": 6,"Plan Width": 236,"Actual Startup Time": 1619.825,"Actual Total Time": 1619.834,"Actual Rows": 4,"Actual Loops": 5,"Group Key": ["l_returnflag", "l_linestatus"],"Planned Partitions": 0,"HashAgg Batches": 1,"Peak Memory Usage": 32,"Disk Usage": 0,"Workers": [{"Worker Number": 0,"HashAgg Batches": 1,"Peak Memory Usage": 32,"Disk Usage": 0},{"Worker Number": 1,"HashAgg Batches": 1,"Peak Memory Usage": 32,"Disk Usage": 0},{"Worker Number": 2,"HashAgg Batches": 1,"Peak Memory Usage": 32,"Disk Usage": 0},{"Worker Number": 3,"HashAgg Batches": 1,"Peak Memory Usage": 32,"Disk Usage": 0}],"Plans": [{"Node Type": "Seq Scan","Parent Relationship": "Outer","Parallel Aware": true,"Async Capable": false,"Relation Name": "lineitem","Alias": "lineitem","Startup Cost": 0.00,"Total Cost": 131256.80,"Plan Rows": 1486122,"Plan Width": 25,"Actual Startup Time": 0.036,"Actual Total Time": 598.919,"Actual Rows": 1189982,"Actual Loops": 5,"Filter": "(l_shipdate <= '1998-09-22 00:00:00'::timestamp without time zone)","Rows Removed by Filter": 10261,"Workers": []}]}]}]}]},"Planning Time": 2.236,"Triggers": [],"Execution Time": 1661.794}]
[{"Plan": {"Node Type": "Aggregate","Strategy": "Sorted","Partial Mode": "Finalize","Parallel Aware": false,"Async Capable": false,"Startup Cost": 184113.03,"Total Cost": 184116.85,"Plan Rows": 6,"Plan Width": 236,"Actual Startup Time": 1626.286,"Actual Total Time": 1659.080,"Actual Rows": 4,"Actual Loops": 1,"Group Key": ["l_returnflag", "l_linestatus"],"Plans": [{"Node Type": "Gather Merge","Parent Relationship": "Outer","Parallel Aware": false,"Async Capable": false,"Startup Cost": 184113.03,"Total Cost": 184115.91,"Plan Rows": 24,"Plan Width": 236,"Actual Startup Time": 1626.211,"Actual Total Time": 1658.952,"Actual Rows": 20,"Actual Loops": 1,"Workers Planned": 4,"Workers Launched": 4,"Plans": [{"Node Type": "Sort","Parent Relationship": "Outer","Parallel Aware": false,"Async Capable": false,"Startup Cost": 183112.97,"Total Cost": 183112.99,"Plan Rows": 6,"Plan Width": 236,"Actual Startup Time": 1618.938,"Actual Total Time": 1618.943,"Actual Rows": 4,"Actual Loops": 5,"Sort Key": ["l_returnflag", "l_linestatus"],"Sort Method": "quicksort","Sort Space Used": 27,"Sort Space Type": "Memory","Workers": [{"Worker Number": 0,"Sort Method": "quicksort","Sort Space Used": 27,"Sort Space Type": "Memory"},{"Worker Number": 1,"Sort Method": "quicksort","Sort Space Used": 27,"Sort Space Type": "Memory"},{"Worker Number": 2,"Sort Method": "quicksort","Sort Space Used": 27,"Sort Space Type": "Memory"},{"Worker Number": 3,"Sort Method": "quicksort","Sort Space Used": 27,"Sort Space Type": "Memory"}],"Plans": [{"Node Type": "Aggregate","Strategy": "Hashed","Partial Mode": "Partial","Parent Relationship": "Outer","Parallel Aware": false,"Async Capable": false,"Startup Cost": 183112.76,"Total Cost": 183112.90,"Plan Rows": 6,"Plan Width": 236,"Actual Startup Time": 1618.825,"Actual Total Time": 1618.836,"Actual Rows": 4,"Actual Loops": 5,"Group Key": ["l_returnflag", "l_linestatus"],"Planned Partitions": 0,"HashAgg Batches": 1,"Peak Memory Usage": 32,"Disk Usage": 0,"Workers": [{"Worker Number": 0,"HashAgg Batches": 1,"Peak Memory Usage": 32,"Disk Usage": 0},{"Worker Number": 1,"HashAgg Batches": 1,"Peak Memory Usage": 32,"Disk Usage": 0},{"Worker Number": 2,"HashAgg Batches": 1,"Peak Memory Usage": 32,"Disk Usage": 0},{"Worker Number": 3,"HashAgg Batches": 1,"Peak Memory Usage": 32,"Disk Usage": 0}],"Plans": [{"Node Type": "Seq Scan","Parent Relationship": "Outer","Parallel Aware": true,"Async Capable": false,"Relation Name": "lineitem","Alias": "lineitem","Startup Cost": 0.00,"Total Cost": 131256.80,"Plan Rows": 1481599,"Plan Width": 25,"Actual Startup Time": 0.033,"Actual Total Time": 600.023,"Actual Rows": 1186191,"Actual Loops": 5,"Filter": "(l_shipdate <= '1998-09-10 00:00:00'::timestamp without time zone)","Rows Removed by Filter": 14052,"Workers": []}]}]}]}]},"Planning Time": 2.494,"Triggers": [],"Execution Time": 1659.387}]
[{"Plan": {"Node Type": "Aggregate","Strategy": "Sorted","Partial Mode": "Finalize","Parallel Aware": false,"Async Capable": false,"Startup Cost": 183976.01,"Total Cost": 183979.83,"Plan Rows": 6,"Plan Width": 236,"Actual Startup Time": 1637.230,"Actual Total Time": 1671.180,"Actual Rows": 4,"Actual Loops": 1,"Group Key": ["l_returnflag", "l_linestatus"],"Plans": [{"Node Type": "Gather Merge","Parent Relationship": "Outer","Parallel Aware": false,"Async Capable": false,"Startup Cost": 183976.01,"Total Cost": 183978.88,"Plan Rows": 24,"Plan Width": 236,"Actual Startup Time": 1637.140,"Actual Total Time": 1671.060,"Actual Rows": 20,"Actual Loops": 1,"Workers Planned": 4,"Workers Launched": 4,"Plans": [{"Node Type": "Sort","Parent Relationship": "Outer","Parallel Aware": false,"Async Capable": false,"Startup Cost": 182975.95,"Total Cost": 182975.96,"Plan Rows": 6,"Plan Width": 236,"Actual Startup Time": 1629.253,"Actual Total Time": 1629.258,"Actual Rows": 4,"Actual Loops": 5,"Sort Key": ["l_returnflag", "l_linestatus"],"Sort Method": "quicksort","Sort Space Used": 27,"Sort Space Type": "Memory","Workers": [{"Worker Number": 0,"Sort Method": "quicksort","Sort Space Used": 27,"Sort Space Type": "Memory"},{"Worker Number": 1,"Sort Method": "quicksort","Sort Space Used": 27,"Sort Space Type": "Memory"},{"Worker Number": 2,"Sort Method": "quicksort","Sort Space Used": 27,"Sort Space Type": "Memory"},{"Worker Number": 3,"Sort Method": "quicksort","Sort Space Used": 27,"Sort Space Type": "Memory"}],"Plans": [{"Node Type": "Aggregate","Strategy": "Hashed","Partial Mode": "Partial","Parent Relationship": "Outer","Parallel Aware": false,"Async Capable": false,"Startup Cost": 182975.74,"Total Cost": 182975.87,"Plan Rows": 6,"Plan Width": 236,"Actual Startup Time": 1629.096,"Actual Total Time": 1629.104,"Actual Rows": 4,"Actual Loops": 5,"Group Key": ["l_returnflag", "l_linestatus"],"Planned Partitions": 0,"HashAgg Batches": 1,"Peak Memory Usage": 32,"Disk Usage": 0,"Workers": [{"Worker Number": 0,"HashAgg Batches": 1,"Peak Memory Usage": 32,"Disk Usage": 0},{"Worker Number": 1,"HashAgg Batches": 1,"Peak Memory Usage": 32,"Disk Usage": 0},{"Worker Number": 2,"HashAgg Batches": 1,"Peak Memory Usage": 32,"Disk Usage": 0},{"Worker Number": 3,"HashAgg Batches": 1,"Peak Memory Usage": 32,"Disk Usage": 0}],"Plans": [{"Node Type": "Seq Scan","Parent Relationship": "Outer","Parallel Aware": true,"Async Capable": false,"Relation Name": "lineitem","Alias": "lineitem","Startup Cost": 0.00,"Total Cost": 131256.80,"Plan Rows": 1477684,"Plan Width": 25,"Actual Startup Time": 0.036,"Actual Total Time": 613.605,"Actual Rows": 1182950,"Actual Loops": 5,"Filter": "(l_shipdate <= '1998-09-01 00:00:00'::timestamp without time zone)","Rows Removed by Filter": 17293,"Workers": []}]}]}]}]},"Planning Time": 3.200,"Triggers": [],"Execution Time": 1671.603}]
[{"Plan": {"Node Type": "Aggregate","Strategy": "Sorted","Partial Mode": "Finalize","Parallel Aware": false,"Async Capable": false,"Startup Cost": 183930.33,"Total Cost": 183934.15,"Plan Rows": 6,"Plan Width": 236,"Actual Startup Time": 1627.037,"Actual Total Time": 1661.564,"Actual Rows": 4,"Actual Loops": 1,"Group Key": ["l_returnflag", "l_linestatus"],"Plans": [{"Node Type": "Gather Merge","Parent Relationship": "Outer","Parallel Aware": false,"Async Capable": false,"Startup Cost": 183930.33,"Total Cost": 183933.21,"Plan Rows": 24,"Plan Width": 236,"Actual Startup Time": 1626.958,"Actual Total Time": 1661.457,"Actual Rows": 20,"Actual Loops": 1,"Workers Planned": 4,"Workers Launched": 4,"Plans": [{"Node Type": "Sort","Parent Relationship": "Outer","Parallel Aware": false,"Async Capable": false,"Startup Cost": 182930.27,"Total Cost": 182930.29,"Plan Rows": 6,"Plan Width": 236,"Actual Startup Time": 1619.213,"Actual Total Time": 1619.219,"Actual Rows": 4,"Actual Loops": 5,"Sort Key": ["l_returnflag", "l_linestatus"],"Sort Method": "quicksort","Sort Space Used": 27,"Sort Space Type": "Memory","Workers": [{"Worker Number": 0,"Sort Method": "quicksort","Sort Space Used": 27,"Sort Space Type": "Memory"},{"Worker Number": 1,"Sort Method": "quicksort","Sort Space Used": 27,"Sort Space Type": "Memory"},{"Worker Number": 2,"Sort Method": "quicksort","Sort Space Used": 27,"Sort Space Type": "Memory"},{"Worker Number": 3,"Sort Method": "quicksort","Sort Space Used": 27,"Sort Space Type": "Memory"}],"Plans": [{"Node Type": "Aggregate","Strategy": "Hashed","Partial Mode": "Partial","Parent Relationship": "Outer","Parallel Aware": false,"Async Capable": false,"Startup Cost": 182930.06,"Total Cost": 182930.20,"Plan Rows": 6,"Plan Width": 236,"Actual Startup Time": 1619.109,"Actual Total Time": 1619.118,"Actual Rows": 4,"Actual Loops": 5,"Group Key": ["l_returnflag", "l_linestatus"],"Planned Partitions": 0,"HashAgg Batches": 1,"Peak Memory Usage": 32,"Disk Usage": 0,"Workers": [{"Worker Number": 0,"HashAgg Batches": 1,"Peak Memory Usage": 32,"Disk Usage": 0},{"Worker Number": 1,"HashAgg Batches": 1,"Peak Memory Usage": 32,"Disk Usage": 0},{"Worker Number": 2,"HashAgg Batches": 1,"Peak Memory Usage": 32,"Disk Usage": 0},{"Worker Number": 3,"HashAgg Batches": 1,"Peak Memory Usage": 32,"Disk Usage": 0}],"Plans": [{"Node Type": "Seq Scan","Parent Relationship": "Outer","Parallel Aware": true,"Async Capable": false,"Relation Name": "lineitem","Alias": "lineitem","Startup Cost": 0.00,"Total Cost": 131256.80,"Plan Rows": 1476379,"Plan Width": 25,"Actual Startup Time": 0.041,"Actual Total Time": 606.279,"Actual Rows": 1181785,"Actual Loops": 5,"Filter": "(l_shipdate <= '1998-08-29 00:00:00'::timestamp without time zone)","Rows Removed by Filter": 18458,"Workers": []}]}]}]}]},"Planning Time": 2.737,"Triggers": [],"Execution Time": 1661.952}]
[{"Plan": {"Node Type": "Aggregate","Strategy": "Sorted","Partial Mode": "Finalize","Parallel Aware": false,"Async Capable": false,"Startup Cost": 183838.98,"Total Cost": 183842.80,"Plan Rows": 6,"Plan Width": 236,"Actual Startup Time": 1639.650,"Actual Total Time": 1673.848,"Actual Rows": 4,"Actual Loops": 1,"Group Key": ["l_returnflag", "l_linestatus"],"Plans": [{"Node Type": "Gather Merge","Parent Relationship": "Outer","Parallel Aware": false,"Async Capable": false,"Startup Cost": 183838.98,"Total Cost": 183841.86,"Plan Rows": 24,"Plan Width": 236,"Actual Startup Time": 1639.575,"Actual Total Time": 1673.737,"Actual Rows": 20,"Actual Loops": 1,"Workers Planned": 4,"Workers Launched": 4,"Plans": [{"Node Type": "Sort","Parent Relationship": "Outer","Parallel Aware": false,"Async Capable": false,"Startup Cost": 182838.92,"Total Cost": 182838.94,"Plan Rows": 6,"Plan Width": 236,"Actual Startup Time": 1631.806,"Actual Total Time": 1631.813,"Actual Rows": 4,"Actual Loops": 5,"Sort Key": ["l_returnflag", "l_linestatus"],"Sort Method": "quicksort","Sort Space Used": 27,"Sort Space Type": "Memory","Workers": [{"Worker Number": 0,"Sort Method": "quicksort","Sort Space Used": 27,"Sort Space Type": "Memory"},{"Worker Number": 1,"Sort Method": "quicksort","Sort Space Used": 27,"Sort Space Type": "Memory"},{"Worker Number": 2,"Sort Method": "quicksort","Sort Space Used": 27,"Sort Space Type": "Memory"},{"Worker Number": 3,"Sort Method": "quicksort","Sort Space Used": 27,"Sort Space Type": "Memory"}],"Plans": [{"Node Type": "Aggregate","Strategy": "Hashed","Partial Mode": "Partial","Parent Relationship": "Outer","Parallel Aware": false,"Async Capable": false,"Startup Cost": 182838.71,"Total Cost": 182838.85,"Plan Rows": 6,"Plan Width": 236,"Actual Startup Time": 1631.677,"Actual Total Time": 1631.690,"Actual Rows": 4,"Actual Loops": 5,"Group Key": ["l_returnflag", "l_linestatus"],"Planned Partitions": 0,"HashAgg Batches": 1,"Peak Memory Usage": 32,"Disk Usage": 0,"Workers": [{"Worker Number": 0,"HashAgg Batches": 1,"Peak Memory Usage": 32,"Disk Usage": 0},{"Worker Number": 1,"HashAgg Batches": 1,"Peak Memory Usage": 32,"Disk Usage": 0},{"Worker Number": 2,"HashAgg Batches": 1,"Peak Memory Usage": 32,"Disk Usage": 0},{"Worker Number": 3,"HashAgg Batches": 1,"Peak Memory Usage": 32,"Disk Usage": 0}],"Plans": [{"Node Type": "Seq Scan","Parent Relationship": "Outer","Parallel Aware": true,"Async Capable": false,"Relation Name": "lineitem","Alias": "lineitem","Startup Cost": 0.00,"Total Cost": 131256.80,"Plan Rows": 1473769,"Plan Width": 25,"Actual Startup Time": 0.045,"Actual Total Time": 617.011,"Actual Rows": 1179363,"Actual Loops": 5,"Filter": "(l_shipdate <= '1998-08-23 00:00:00'::timestamp without time zone)","Rows Removed by Filter": 20880,"Workers": []}]}]}]}]},"Planning Time": 3.143,"Triggers": [],"Execution Time": 1674.117}]
[{"Plan": {"Node Type": "Aggregate","Strategy": "Sorted","Partial Mode": "Finalize","Parallel Aware": false,"Async Capable": false,"Startup Cost": 183930.33,"Total Cost": 183934.15,"Plan Rows": 6,"Plan Width": 236,"Actual Startup Time": 1627.037,"Actual Total Time": 1661.564,"Actual Rows": 4,"Actual Loops": 1,"Group Key": ["l_returnflag", "l_linestatus"],"Plans": [{"Node Type": "Gather Merge","Parent Relationship": "Outer","Parallel Aware": false,"Async Capable": false,"Startup Cost": 183930.33,"Total Cost": 183933.21,"Plan Rows": 24,"Plan Width": 236,"Actual Startup Time": 1626.958,"Actual Total Time": 1661.457,"Actual Rows": 20,"Actual Loops": 1,"Workers Planned": 4,"Workers Launched": 4,"Plans": [{"Node Type": "Sort","Parent Relationship": "Outer","Parallel Aware": false,"Async Capable": false,"Startup Cost": 182930.27,"Total Cost": 182930.29,"Plan Rows": 6,"Plan Width": 236,"Actual Startup Time": 1619.213,"Actual Total Time": 1619.219,"Actual Rows": 4,"Actual Loops": 5,"Sort Key": ["l_returnflag", "l_linestatus"],"Sort Method": "quicksort","Sort Space Used": 27,"Sort Space Type": "Memory","Workers": [{"Worker Number": 0,"Sort Method": "quicksort","Sort Space Used": 27,"Sort Space Type": "Memory"},{"Worker Number": 1,"Sort Method": "quicksort","Sort Space Used": 27,"Sort Space Type": "Memory"},{"Worker Number": 2,"Sort Method": "quicksort","Sort Space Used": 27,"Sort Space Type": "Memory"},{"Worker Number": 3,"Sort Method": "quicksort","Sort Space Used": 27,"Sort Space Type": "Memory"}],"Plans": [{"Node Type": "Aggregate","Strategy": "Hashed","Partial Mode": "Partial","Parent Relationship": "Outer","Parallel Aware": false,"Async Capable": false,"Startup Cost": 182930.06,"Total Cost": 182930.20,"Plan Rows": 6,"Plan Width": 236,"Actual Startup Time": 1619.109,"Actual Total Time": 1619.118,"Actual Rows": 4,"Actual Loops": 5,"Group Key": ["l_returnflag", "l_linestatus"],"Planned Partitions": 0,"HashAgg Batches": 1,"Peak Memory Usage": 32,"Disk Usage": 0,"Workers": [{"Worker Number": 0,"HashAgg Batches": 1,"Peak Memory Usage": 32,"Disk Usage": 0},{"Worker Number": 1,"HashAgg Batches": 1,"Peak Memory Usage": 32,"Disk Usage": 0},{"Worker Number": 2,"HashAgg Batches": 1,"Peak Memory Usage": 32,"Disk Usage": 0},{"Worker Number": 3,"HashAgg Batches": 1,"Peak Memory Usage": 32,"Disk Usage": 0}],"Plans": [{"Node Type": "Seq Scan","Parent Relationship": "Outer","Parallel Aware": true,"Async Capable": false,"Relation Name": "lineitem","Alias": "lineitem","Startup Cost": 0.00,"Total Cost": 131256.80,"Plan Rows": 1476379,"Plan Width": 25,"Actual Startup Time": 0.041,"Actual Total Time": 606.279,"Actual Rows": 1181785,"Actual Loops": 5,"Filter": "(l_shipdate <= '1998-08-29 00:00:00'::timestamp without time zone)","Rows Removed by Filter": 18458,"Workers": []}]}]}]}]},"Planning Time": 2.737,"Triggers": [],"Execution Time": 1661.952}]
[{"Plan": {"Node Type": "Aggregate","Strategy": "Sorted","Partial Mode": "Finalize","Parallel Aware": false,"Async Capable": false,"Startup Cost": 183747.63,"Total Cost": 183751.45,"Plan Rows": 6,"Plan Width": 236,"Actual Startup Time": 1617.442,"Actual Total Time": 1650.246,"Actual Rows": 4,"Actual Loops": 1,"Group Key": ["l_returnflag", "l_linestatus"],"Plans": [{"Node Type": "Gather Merge","Parent Relationship": "Outer","Parallel Aware": false,"Async Capable": false,"Startup Cost": 183747.63,"Total Cost": 183750.51,"Plan Rows": 24,"Plan Width": 236,"Actual Startup Time": 1617.370,"Actual Total Time": 1650.147,"Actual Rows": 20,"Actual Loops": 1,"Workers Planned": 4,"Workers Launched": 4,"Plans": [{"Node Type": "Sort","Parent Relationship": "Outer","Parallel Aware": false,"Async Capable": false,"Startup Cost": 182747.57,"Total Cost": 182747.59,"Plan Rows": 6,"Plan Width": 236,"Actual Startup Time": 1609.546,"Actual Total Time": 1609.553,"Actual Rows": 4,"Actual Loops": 5,"Sort Key": ["l_returnflag", "l_linestatus"],"Sort Method": "quicksort","Sort Space Used": 27,"Sort Space Type": "Memory","Workers": [{"Worker Number": 0,"Sort Method": "quicksort","Sort Space Used": 27,"Sort Space Type": "Memory"},{"Worker Number": 1,"Sort Method": "quicksort","Sort Space Used": 27,"Sort Space Type": "Memory"},{"Worker Number": 2,"Sort Method": "quicksort","Sort Space Used": 27,"Sort Space Type": "Memory"},{"Worker Number": 3,"Sort Method": "quicksort","Sort Space Used": 27,"Sort Space Type": "Memory"}],"Plans": [{"Node Type": "Aggregate","Strategy": "Hashed","Partial Mode": "Partial","Parent Relationship": "Outer","Parallel Aware": false,"Async Capable": false,"Startup Cost": 182747.36,"Total Cost": 182747.50,"Plan Rows": 6,"Plan Width": 236,"Actual Startup Time": 1609.431,"Actual Total Time": 1609.444,"Actual Rows": 4,"Actual Loops": 5,"Group Key": ["l_returnflag", "l_linestatus"],"Planned Partitions": 0,"HashAgg Batches": 1,"Peak Memory Usage": 32,"Disk Usage": 0,"Workers": [{"Worker Number": 0,"HashAgg Batches": 1,"Peak Memory Usage": 32,"Disk Usage": 0},{"Worker Number": 1,"HashAgg Batches": 1,"Peak Memory Usage": 32,"Disk Usage": 0},{"Worker Number": 2,"HashAgg Batches": 1,"Peak Memory Usage": 32,"Disk Usage": 0},{"Worker Number": 3,"HashAgg Batches": 1,"Peak Memory Usage": 32,"Disk Usage": 0}],"Plans": [{"Node Type": "Seq Scan","Parent Relationship": "Outer","Parallel Aware": true,"Async Capable": false,"Relation Name": "lineitem","Alias": "lineitem","Startup Cost": 0.00,"Total Cost": 131256.80,"Plan Rows": 1471159,"Plan Width": 25,"Actual Startup Time": 0.038,"Actual Total Time": 600.325,"Actual Rows": 1176807,"Actual Loops": 5,"Filter": "(l_shipdate <= '1998-08-17 00:00:00'::timestamp without time zone)","Rows Removed by Filter": 23436,"Workers": []}]}]}]}]},"Planning Time": 3.488,"Triggers": [],"Execution Time": 1650.549}]
[{"Plan": {"Node Type": "Aggregate","Strategy": "Sorted","Partial Mode": "Finalize","Parallel Aware": false,"Async Capable": false,"Startup Cost": 183884.66,"Total Cost": 183888.48,"Plan Rows": 6,"Plan Width": 236,"Actual Startup Time": 1631.962,"Actual Total Time": 1665.356,"Actual Rows": 4,"Actual Loops": 1,"Group Key": ["l_returnflag", "l_linestatus"],"Plans": [{"Node Type": "Gather Merge","Parent Relationship": "Outer","Parallel Aware": false,"Async Capable": false,"Startup Cost": 183884.66,"Total Cost": 183887.53,"Plan Rows": 24,"Plan Width": 236,"Actual Startup Time": 1631.843,"Actual Total Time": 1665.213,"Actual Rows": 20,"Actual Loops": 1,"Workers Planned": 4,"Workers Launched": 4,"Plans": [{"Node Type": "Sort","Parent Relationship": "Outer","Parallel Aware": false,"Async Capable": false,"Startup Cost": 182884.60,"Total Cost": 182884.61,"Plan Rows": 6,"Plan Width": 236,"Actual Startup Time": 1623.716,"Actual Total Time": 1623.721,"Actual Rows": 4,"Actual Loops": 5,"Sort Key": ["l_returnflag", "l_linestatus"],"Sort Method": "quicksort","Sort Space Used": 27,"Sort Space Type": "Memory","Workers": [{"Worker Number": 0,"Sort Method": "quicksort","Sort Space Used": 27,"Sort Space Type": "Memory"},{"Worker Number": 1,"Sort Method": "quicksort","Sort Space Used": 27,"Sort Space Type": "Memory"},{"Worker Number": 2,"Sort Method": "quicksort","Sort Space Used": 27,"Sort Space Type": "Memory"},{"Worker Number": 3,"Sort Method": "quicksort","Sort Space Used": 27,"Sort Space Type": "Memory"}],"Plans": [{"Node Type": "Aggregate","Strategy": "Hashed","Partial Mode": "Partial","Parent Relationship": "Outer","Parallel Aware": false,"Async Capable": false,"Startup Cost": 182884.39,"Total Cost": 182884.52,"Plan Rows": 6,"Plan Width": 236,"Actual Startup Time": 1623.619,"Actual Total Time": 1623.628,"Actual Rows": 4,"Actual Loops": 5,"Group Key": ["l_returnflag", "l_linestatus"],"Planned Partitions": 0,"HashAgg Batches": 1,"Peak Memory Usage": 32,"Disk Usage": 0,"Workers": [{"Worker Number": 0,"HashAgg Batches": 1,"Peak Memory Usage": 32,"Disk Usage": 0},{"Worker Number": 1,"HashAgg Batches": 1,"Peak Memory Usage": 32,"Disk Usage": 0},{"Worker Number": 2,"HashAgg Batches": 1,"Peak Memory Usage": 32,"Disk Usage": 0},{"Worker Number": 3,"HashAgg Batches": 1,"Peak Memory Usage": 32,"Disk Usage": 0}],"Plans": [{"Node Type": "Seq Scan","Parent Relationship": "Outer","Parallel Aware": true,"Async Capable": false,"Relation Name": "lineitem","Alias": "lineitem","Startup Cost": 0.00,"Total Cost": 131256.80,"Plan Rows": 1475074,"Plan Width": 25,"Actual Startup Time": 0.042,"Actual Total Time": 607.290,"Actual Rows": 1180578,"Actual Loops": 5,"Filter": "(l_shipdate <= '1998-08-26 00:00:00'::timestamp without time zone)","Rows Removed by Filter": 19665,"Workers": []}]}]}]}]},"Planning Time": 3.049,"Triggers": [],"Execution Time": 1665.821}]
[{"Plan": {"Node Type": "Aggregate","Strategy": "Sorted","Partial Mode": "Finalize","Parallel Aware": false,"Async Capable": false,"Startup Cost": 183533.29,"Total Cost": 183537.11,"Plan Rows": 6,"Plan Width": 236,"Actual Startup Time": 1630.517,"Actual Total Time": 1664.896,"Actual Rows": 4,"Actual Loops": 1,"Group Key": ["l_returnflag", "l_linestatus"],"Plans": [{"Node Type": "Gather Merge","Parent Relationship": "Outer","Parallel Aware": false,"Async Capable": false,"Startup Cost": 183533.29,"Total Cost": 183536.17,"Plan Rows": 24,"Plan Width": 236,"Actual Startup Time": 1630.471,"Actual Total Time": 1664.800,"Actual Rows": 20,"Actual Loops": 1,"Workers Planned": 4,"Workers Launched": 4,"Plans": [{"Node Type": "Sort","Parent Relationship": "Outer","Parallel Aware": false,"Async Capable": false,"Startup Cost": 182533.23,"Total Cost": 182533.25,"Plan Rows": 6,"Plan Width": 236,"Actual Startup Time": 1622.825,"Actual Total Time": 1622.834,"Actual Rows": 4,"Actual Loops": 5,"Sort Key": ["l_returnflag", "l_linestatus"],"Sort Method": "quicksort","Sort Space Used": 27,"Sort Space Type": "Memory","Workers": [{"Worker Number": 0,"Sort Method": "quicksort","Sort Space Used": 27,"Sort Space Type": "Memory"},{"Worker Number": 1,"Sort Method": "quicksort","Sort Space Used": 27,"Sort Space Type": "Memory"},{"Worker Number": 2,"Sort Method": "quicksort","Sort Space Used": 27,"Sort Space Type": "Memory"},{"Worker Number": 3,"Sort Method": "quicksort","Sort Space Used": 27,"Sort Space Type": "Memory"}],"Plans": [{"Node Type": "Aggregate","Strategy": "Hashed","Partial Mode": "Partial","Parent Relationship": "Outer","Parallel Aware": false,"Async Capable": false,"Startup Cost": 182533.02,"Total Cost": 182533.16,"Plan Rows": 6,"Plan Width": 236,"Actual Startup Time": 1622.618,"Actual Total Time": 1622.631,"Actual Rows": 4,"Actual Loops": 5,"Group Key": ["l_returnflag", "l_linestatus"],"Planned Partitions": 0,"HashAgg Batches": 1,"Peak Memory Usage": 32,"Disk Usage": 0,"Workers": [{"Worker Number": 0,"HashAgg Batches": 1,"Peak Memory Usage": 32,"Disk Usage": 0},{"Worker Number": 1,"HashAgg Batches": 1,"Peak Memory Usage": 32,"Disk Usage": 0},{"Worker Number": 2,"HashAgg Batches": 1,"Peak Memory Usage": 32,"Disk Usage": 0},{"Worker Number": 3,"HashAgg Batches": 1,"Peak Memory Usage": 32,"Disk Usage": 0}],"Plans": [{"Node Type": "Seq Scan","Parent Relationship": "Outer","Parallel Aware": true,"Async Capable": false,"Relation Name": "lineitem","Alias": "lineitem","Startup Cost": 0.00,"Total Cost": 131256.80,"Plan Rows": 1465035,"Plan Width": 25,"Actual Startup Time": 0.025,"Actual Total Time": 611.078,"Actual Rows": 1171657,"Actual Loops": 5,"Filter": "(l_shipdate <= '1998-08-06 00:00:00'::timestamp without time zone)","Rows Removed by Filter": 28586,"Workers": []}]}]}]}]},"Planning Time": 2.842,"Triggers": [],"Execution Time": 1665.196}]
[{"Plan": {"Node Type": "Aggregate","Strategy": "Sorted","Partial Mode": "Finalize","Parallel Aware": false,"Async Capable": false,"Startup Cost": 183712.49,"Total Cost": 183716.31,"Plan Rows": 6,"Plan Width": 236,"Actual Startup Time": 1630.342,"Actual Total Time": 1664.480,"Actual Rows": 4,"Actual Loops": 1,"Group Key": ["l_returnflag", "l_linestatus"],"Plans": [{"Node Type": "Gather Merge","Parent Relationship": "Outer","Parallel Aware": false,"Async Capable": false,"Startup Cost": 183712.49,"Total Cost": 183715.37,"Plan Rows": 24,"Plan Width": 236,"Actual Startup Time": 1630.278,"Actual Total Time": 1664.377,"Actual Rows": 20,"Actual Loops": 1,"Workers Planned": 4,"Workers Launched": 4,"Plans": [{"Node Type": "Sort","Parent Relationship": "Outer","Parallel Aware": false,"Async Capable": false,"Startup Cost": 182712.43,"Total Cost": 182712.45,"Plan Rows": 6,"Plan Width": 236,"Actual Startup Time": 1622.558,"Actual Total Time": 1622.562,"Actual Rows": 4,"Actual Loops": 5,"Sort Key": ["l_returnflag", "l_linestatus"],"Sort Method": "quicksort","Sort Space Used": 27,"Sort Space Type": "Memory","Workers": [{"Worker Number": 0,"Sort Method": "quicksort","Sort Space Used": 27,"Sort Space Type": "Memory"},{"Worker Number": 1,"Sort Method": "quicksort","Sort Space Used": 27,"Sort Space Type": "Memory"},{"Worker Number": 2,"Sort Method": "quicksort","Sort Space Used": 27,"Sort Space Type": "Memory"},{"Worker Number": 3,"Sort Method": "quicksort","Sort Space Used": 27,"Sort Space Type": "Memory"}],"Plans": [{"Node Type": "Aggregate","Strategy": "Hashed","Partial Mode": "Partial","Parent Relationship": "Outer","Parallel Aware": false,"Async Capable": false,"Startup Cost": 182712.22,"Total Cost": 182712.36,"Plan Rows": 6,"Plan Width": 236,"Actual Startup Time": 1622.442,"Actual Total Time": 1622.451,"Actual Rows": 4,"Actual Loops": 5,"Group Key": ["l_returnflag", "l_linestatus"],"Planned Partitions": 0,"HashAgg Batches": 1,"Peak Memory Usage": 32,"Disk Usage": 0,"Workers": [{"Worker Number": 0,"HashAgg Batches": 1,"Peak Memory Usage": 32,"Disk Usage": 0},{"Worker Number": 1,"HashAgg Batches": 1,"Peak Memory Usage": 32,"Disk Usage": 0},{"Worker Number": 2,"HashAgg Batches": 1,"Peak Memory Usage": 32,"Disk Usage": 0},{"Worker Number": 3,"HashAgg Batches": 1,"Peak Memory Usage": 32,"Disk Usage": 0}],"Plans": [{"Node Type": "Seq Scan","Parent Relationship": "Outer","Parallel Aware": true,"Async Capable": false,"Relation Name": "lineitem","Alias": "lineitem","Startup Cost": 0.00,"Total Cost": 131256.80,"Plan Rows": 1470155,"Plan Width": 25,"Actual Startup Time": 0.046,"Actual Total Time": 613.406,"Actual Rows": 1175926,"Actual Loops": 5,"Filter": "(l_shipdate <= '1998-08-15 00:00:00'::timestamp without time zone)","Rows Removed by Filter": 24317,"Workers": []}]}]}]}]},"Planning Time": 2.534,"Triggers": [],"Execution Time": 1664.859}]
[{"Plan": {"Node Type": "Aggregate","Strategy": "Sorted","Partial Mode": "Finalize","Parallel Aware": false,"Async Capable": false,"Startup Cost": 183930.33,"Total Cost": 183934.15,"Plan Rows": 6,"Plan Width": 236,"Actual Startup Time": 1627.037,"Actual Total Time": 1661.564,"Actual Rows": 4,"Actual Loops": 1,"Group Key": ["l_returnflag", "l_linestatus"],"Plans": [{"Node Type": "Gather Merge","Parent Relationship": "Outer","Parallel Aware": false,"Async Capable": false,"Startup Cost": 183930.33,"Total Cost": 183933.21,"Plan Rows": 24,"Plan Width": 236,"Actual Startup Time": 1626.958,"Actual Total Time": 1661.457,"Actual Rows": 20,"Actual Loops": 1,"Workers Planned": 4,"Workers Launched": 4,"Plans": [{"Node Type": "Sort","Parent Relationship": "Outer","Parallel Aware": false,"Async Capable": false,"Startup Cost": 182930.27,"Total Cost": 182930.29,"Plan Rows": 6,"Plan Width": 236,"Actual Startup Time": 1619.213,"Actual Total Time": 1619.219,"Actual Rows": 4,"Actual Loops": 5,"Sort Key": ["l_returnflag", "l_linestatus"],"Sort Method": "quicksort","Sort Space Used": 27,"Sort Space Type": "Memory","Workers": [{"Worker Number": 0,"Sort Method": "quicksort","Sort Space Used": 27,"Sort Space Type": "Memory"},{"Worker Number": 1,"Sort Method": "quicksort","Sort Space Used": 27,"Sort Space Type": "Memory"},{"Worker Number": 2,"Sort Method": "quicksort","Sort Space Used": 27,"Sort Space Type": "Memory"},{"Worker Number": 3,"Sort Method": "quicksort","Sort Space Used": 27,"Sort Space Type": "Memory"}],"Plans": [{"Node Type": "Aggregate","Strategy": "Hashed","Partial Mode": "Partial","Parent Relationship": "Outer","Parallel Aware": false,"Async Capable": false,"Startup Cost": 182930.06,"Total Cost": 182930.20,"Plan Rows": 6,"Plan Width": 236,"Actual Startup Time": 1619.109,"Actual Total Time": 1619.118,"Actual Rows": 4,"Actual Loops": 5,"Group Key": ["l_returnflag", "l_linestatus"],"Planned Partitions": 0,"HashAgg Batches": 1,"Peak Memory Usage": 32,"Disk Usage": 0,"Workers": [{"Worker Number": 0,"HashAgg Batches": 1,"Peak Memory Usage": 32,"Disk Usage": 0},{"Worker Number": 1,"HashAgg Batches": 1,"Peak Memory Usage": 32,"Disk Usage": 0},{"Worker Number": 2,"HashAgg Batches": 1,"Peak Memory Usage": 32,"Disk Usage": 0},{"Worker Number": 3,"HashAgg Batches": 1,"Peak Memory Usage": 32,"Disk Usage": 0}],"Plans": [{"Node Type": "Seq Scan","Parent Relationship": "Outer","Parallel Aware": true,"Async Capable": false,"Relation Name": "lineitem","Alias": "lineitem","Startup Cost": 0.00,"Total Cost": 131256.80,"Plan Rows": 1476379,"Plan Width": 25,"Actual Startup Time": 0.041,"Actual Total Time": 606.279,"Actual Rows": 1181785,"Actual Loops": 5,"Filter": "(l_shipdate <= '1998-08-29 00:00:00'::timestamp without time zone)","Rows Removed by Filter": 18458,"Workers": []}]}]}]}]},"Planning Time": 2.737,"Triggers": [],"Execution Time": 1661.952}]
[{"Plan": {"Node Type": "Aggregate","Strategy": "Sorted","Partial Mode": "Finalize","Parallel Aware": false,"Async Capable": false,"Startup Cost": 183632.87,"Total Cost": 183636.69,"Plan Rows": 6,"Plan Width": 236,"Actual Startup Time": 1623.728,"Actual Total Time": 1657.080,"Actual Rows": 4,"Actual Loops": 1,"Group Key": ["l_returnflag", "l_linestatus"],"Plans": [{"Node Type": "Gather Merge","Parent Relationship": "Outer","Parallel Aware": false,"Async Capable": false,"Startup Cost": 183632.87,"Total Cost": 183635.74,"Plan Rows": 24,"Plan Width": 236,"Actual Startup Time": 1623.595,"Actual Total Time": 1656.839,"Actual Rows": 20,"Actual Loops": 1,"Workers Planned": 4,"Workers Launched": 4,"Plans": [{"Node Type": "Sort","Parent Relationship": "Outer","Parallel Aware": false,"Async Capable": false,"Startup Cost": 182632.81,"Total Cost": 182632.82,"Plan Rows": 6,"Plan Width": 236,"Actual Startup Time": 1615.244,"Actual Total Time": 1615.253,"Actual Rows": 4,"Actual Loops": 5,"Sort Key": ["l_returnflag", "l_linestatus"],"Sort Method": "quicksort","Sort Space Used": 27,"Sort Space Type": "Memory","Workers": [{"Worker Number": 0,"Sort Method": "quicksort","Sort Space Used": 27,"Sort Space Type": "Memory"},{"Worker Number": 1,"Sort Method": "quicksort","Sort Space Used": 27,"Sort Space Type": "Memory"},{"Worker Number": 2,"Sort Method": "quicksort","Sort Space Used": 27,"Sort Space Type": "Memory"},{"Worker Number": 3,"Sort Method": "quicksort","Sort Space Used": 27,"Sort Space Type": "Memory"}],"Plans": [{"Node Type": "Aggregate","Strategy": "Hashed","Partial Mode": "Partial","Parent Relationship": "Outer","Parallel Aware": false,"Async Capable": false,"Startup Cost": 182632.60,"Total Cost": 182632.73,"Plan Rows": 6,"Plan Width": 236,"Actual Startup Time": 1615.145,"Actual Total Time": 1615.156,"Actual Rows": 4,"Actual Loops": 5,"Group Key": ["l_returnflag", "l_linestatus"],"Planned Partitions": 0,"HashAgg Batches": 1,"Peak Memory Usage": 32,"Disk Usage": 0,"Workers": [{"Worker Number": 0,"HashAgg Batches": 1,"Peak Memory Usage": 32,"Disk Usage": 0},{"Worker Number": 1,"HashAgg Batches": 1,"Peak Memory Usage": 32,"Disk Usage": 0},{"Worker Number": 2,"HashAgg Batches": 1,"Peak Memory Usage": 32,"Disk Usage": 0},{"Worker Number": 3,"HashAgg Batches": 1,"Peak Memory Usage": 32,"Disk Usage": 0}],"Plans": [{"Node Type": "Seq Scan","Parent Relationship": "Outer","Parallel Aware": true,"Async Capable": false,"Relation Name": "lineitem","Alias": "lineitem","Startup Cost": 0.00,"Total Cost": 131256.80,"Plan Rows": 1467880,"Plan Width": 25,"Actual Startup Time": 0.041,"Actual Total Time": 606.679,"Actual Rows": 1174072,"Actual Loops": 5,"Filter": "(l_shipdate <= '1998-08-11 00:00:00'::timestamp without time zone)","Rows Removed by Filter": 26171,"Workers": []}]}]}]}]},"Planning Time": 2.392,"Triggers": [],"Execution Time": 1657.451}]
[{"Plan": {"Node Type": "Aggregate","Strategy": "Sorted","Partial Mode": "Finalize","Parallel Aware": false,"Async Capable": false,"Startup Cost": 184052.13,"Total Cost": 184055.95,"Plan Rows": 6,"Plan Width": 236,"Actual Startup Time": 1616.943,"Actual Total Time": 1650.452,"Actual Rows": 4,"Actual Loops": 1,"Group Key": ["l_returnflag", "l_linestatus"],"Plans": [{"Node Type": "Gather Merge","Parent Relationship": "Outer","Parallel Aware": false,"Async Capable": false,"Startup Cost": 184052.13,"Total Cost": 184055.01,"Plan Rows": 24,"Plan Width": 236,"Actual Startup Time": 1616.881,"Actual Total Time": 1650.358,"Actual Rows": 20,"Actual Loops": 1,"Workers Planned": 4,"Workers Launched": 4,"Plans": [{"Node Type": "Sort","Parent Relationship": "Outer","Parallel Aware": false,"Async Capable": false,"Startup Cost": 183052.07,"Total Cost": 183052.09,"Plan Rows": 6,"Plan Width": 236,"Actual Startup Time": 1610.099,"Actual Total Time": 1610.103,"Actual Rows": 4,"Actual Loops": 5,"Sort Key": ["l_returnflag", "l_linestatus"],"Sort Method": "quicksort","Sort Space Used": 27,"Sort Space Type": "Memory","Workers": [{"Worker Number": 0,"Sort Method": "quicksort","Sort Space Used": 27,"Sort Space Type": "Memory"},{"Worker Number": 1,"Sort Method": "quicksort","Sort Space Used": 27,"Sort Space Type": "Memory"},{"Worker Number": 2,"Sort Method": "quicksort","Sort Space Used": 27,"Sort Space Type": "Memory"},{"Worker Number": 3,"Sort Method": "quicksort","Sort Space Used": 27,"Sort Space Type": "Memory"}],"Plans": [{"Node Type": "Aggregate","Strategy": "Hashed","Partial Mode": "Partial","Parent Relationship": "Outer","Parallel Aware": false,"Async Capable": false,"Startup Cost": 183051.86,"Total Cost": 183052.00,"Plan Rows": 6,"Plan Width": 236,"Actual Startup Time": 1609.932,"Actual Total Time": 1609.941,"Actual Rows": 4,"Actual Loops": 5,"Group Key": ["l_returnflag", "l_linestatus"],"Planned Partitions": 0,"HashAgg Batches": 1,"Peak Memory Usage": 32,"Disk Usage": 0,"Workers": [{"Worker Number": 0,"HashAgg Batches": 1,"Peak Memory Usage": 32,"Disk Usage": 0},{"Worker Number": 1,"HashAgg Batches": 1,"Peak Memory Usage": 32,"Disk Usage": 0},{"Worker Number": 2,"HashAgg Batches": 1,"Peak Memory Usage": 32,"Disk Usage": 0},{"Worker Number": 3,"HashAgg Batches": 1,"Peak Memory Usage": 32,"Disk Usage": 0}],"Plans": [{"Node Type": "Seq Scan","Parent Relationship": "Outer","Parallel Aware": true,"Async Capable": false,"Relation Name": "lineitem","Alias": "lineitem","Startup Cost": 0.00,"Total Cost": 131256.80,"Plan Rows": 1479859,"Plan Width": 25,"Actual Startup Time": 0.033,"Actual Total Time": 594.774,"Actual Rows": 1184794,"Actual Loops": 5,"Filter": "(l_shipdate <= '1998-09-06 00:00:00'::timestamp without time zone)","Rows Removed by Filter": 15449,"Workers": []}]}]}]}]},"Planning Time": 3.475,"Triggers": [],"Execution Time": 1650.848}]
[{"Plan": {"Node Type": "Aggregate","Strategy": "Sorted","Partial Mode": "Finalize","Parallel Aware": false,"Async Capable": false,"Startup Cost": 184036.91,"Total Cost": 184040.73,"Plan Rows": 6,"Plan Width": 236,"Actual Startup Time": 1637.109,"Actual Total Time": 1670.020,"Actual Rows": 4,"Actual Loops": 1,"Group Key": ["l_returnflag", "l_linestatus"],"Plans": [{"Node Type": "Gather Merge","Parent Relationship": "Outer","Parallel Aware": false,"Async Capable": false,"Startup Cost": 184036.91,"Total Cost": 184039.78,"Plan Rows": 24,"Plan Width": 236,"Actual Startup Time": 1636.959,"Actual Total Time": 1669.864,"Actual Rows": 20,"Actual Loops": 1,"Workers Planned": 4,"Workers Launched": 4,"Plans": [{"Node Type": "Sort","Parent Relationship": "Outer","Parallel Aware": false,"Async Capable": false,"Startup Cost": 183036.85,"Total Cost": 183036.86,"Plan Rows": 6,"Plan Width": 236,"Actual Startup Time": 1629.472,"Actual Total Time": 1629.479,"Actual Rows": 4,"Actual Loops": 5,"Sort Key": ["l_returnflag", "l_linestatus"],"Sort Method": "quicksort","Sort Space Used": 27,"Sort Space Type": "Memory","Workers": [{"Worker Number": 0,"Sort Method": "quicksort","Sort Space Used": 27,"Sort Space Type": "Memory"},{"Worker Number": 1,"Sort Method": "quicksort","Sort Space Used": 27,"Sort Space Type": "Memory"},{"Worker Number": 2,"Sort Method": "quicksort","Sort Space Used": 27,"Sort Space Type": "Memory"},{"Worker Number": 3,"Sort Method": "quicksort","Sort Space Used": 27,"Sort Space Type": "Memory"}],"Plans": [{"Node Type": "Aggregate","Strategy": "Hashed","Partial Mode": "Partial","Parent Relationship": "Outer","Parallel Aware": false,"Async Capable": false,"Startup Cost": 183036.64,"Total Cost": 183036.77,"Plan Rows": 6,"Plan Width": 236,"Actual Startup Time": 1629.306,"Actual Total Time": 1629.317,"Actual Rows": 4,"Actual Loops": 5,"Group Key": ["l_returnflag", "l_linestatus"],"Planned Partitions": 0,"HashAgg Batches": 1,"Peak Memory Usage": 32,"Disk Usage": 0,"Workers": [{"Worker Number": 0,"HashAgg Batches": 1,"Peak Memory Usage": 32,"Disk Usage": 0},{"Worker Number": 1,"HashAgg Batches": 1,"Peak Memory Usage": 32,"Disk Usage": 0},{"Worker Number": 2,"HashAgg Batches": 1,"Peak Memory Usage": 32,"Disk Usage": 0},{"Worker Number": 3,"HashAgg Batches": 1,"Peak Memory Usage": 32,"Disk Usage": 0}],"Plans": [{"Node Type": "Seq Scan","Parent Relationship": "Outer","Parallel Aware": true,"Async Capable": false,"Relation Name": "lineitem","Alias": "lineitem","Startup Cost": 0.00,"Total Cost": 131256.80,"Plan Rows": 1479424,"Plan Width": 25,"Actual Startup Time": 0.039,"Actual Total Time": 610.786,"Actual Rows": 1184428,"Actual Loops": 5,"Filter": "(l_shipdate <= '1998-09-05 00:00:00'::timestamp without time zone)","Rows Removed by Filter": 15815,"Workers": []}]}]}]}]},"Planning Time": 3.654,"Triggers": [],"Execution Time": 1670.423}]
[{"Plan": {"Node Type": "Aggregate","Strategy": "Sorted","Partial Mode": "Finalize","Parallel Aware": false,"Async Capable": false,"Startup Cost": 183533.29,"Total Cost": 183537.11,"Plan Rows": 6,"Plan Width": 236,"Actual Startup Time": 1630.517,"Actual Total Time": 1664.896,"Actual Rows": 4,"Actual Loops": 1,"Group Key": ["l_returnflag", "l_linestatus"],"Plans": [{"Node Type": "Gather Merge","Parent Relationship": "Outer","Parallel Aware": false,"Async Capable": false,"Startup Cost": 183533.29,"Total Cost": 183536.17,"Plan Rows": 24,"Plan Width": 236,"Actual Startup Time": 1630.471,"Actual Total Time": 1664.800,"Actual Rows": 20,"Actual Loops": 1,"Workers Planned": 4,"Workers Launched": 4,"Plans": [{"Node Type": "Sort","Parent Relationship": "Outer","Parallel Aware": false,"Async Capable": false,"Startup Cost": 182533.23,"Total Cost": 182533.25,"Plan Rows": 6,"Plan Width": 236,"Actual Startup Time": 1622.825,"Actual Total Time": 1622.834,"Actual Rows": 4,"Actual Loops": 5,"Sort Key": ["l_returnflag", "l_linestatus"],"Sort Method": "quicksort","Sort Space Used": 27,"Sort Space Type": "Memory","Workers": [{"Worker Number": 0,"Sort Method": "quicksort","Sort Space Used": 27,"Sort Space Type": "Memory"},{"Worker Number": 1,"Sort Method": "quicksort","Sort Space Used": 27,"Sort Space Type": "Memory"},{"Worker Number": 2,"Sort Method": "quicksort","Sort Space Used": 27,"Sort Space Type": "Memory"},{"Worker Number": 3,"Sort Method": "quicksort","Sort Space Used": 27,"Sort Space Type": "Memory"}],"Plans": [{"Node Type": "Aggregate","Strategy": "Hashed","Partial Mode": "Partial","Parent Relationship": "Outer","Parallel Aware": false,"Async Capable": false,"Startup Cost": 182533.02,"Total Cost": 182533.16,"Plan Rows": 6,"Plan Width": 236,"Actual Startup Time": 1622.618,"Actual Total Time": 1622.631,"Actual Rows": 4,"Actual Loops": 5,"Group Key": ["l_returnflag", "l_linestatus"],"Planned Partitions": 0,"HashAgg Batches": 1,"Peak Memory Usage": 32,"Disk Usage": 0,"Workers": [{"Worker Number": 0,"HashAgg Batches": 1,"Peak Memory Usage": 32,"Disk Usage": 0},{"Worker Number": 1,"HashAgg Batches": 1,"Peak Memory Usage": 32,"Disk Usage": 0},{"Worker Number": 2,"HashAgg Batches": 1,"Peak Memory Usage": 32,"Disk Usage": 0},{"Worker Number": 3,"HashAgg Batches": 1,"Peak Memory Usage": 32,"Disk Usage": 0}],"Plans": [{"Node Type": "Seq Scan","Parent Relationship": "Outer","Parallel Aware": true,"Async Capable": false,"Relation Name": "lineitem","Alias": "lineitem","Startup Cost": 0.00,"Total Cost": 131256.80,"Plan Rows": 1465035,"Plan Width": 25,"Actual Startup Time": 0.025,"Actual Total Time": 611.078,"Actual Rows": 1171657,"Actual Loops": 5,"Filter": "(l_shipdate <= '1998-08-06 00:00:00'::timestamp without time zone)","Rows Removed by Filter": 28586,"Workers": []}]}]}]}]},"Planning Time": 2.842,"Triggers": [],"Execution Time": 1665.196}]
[{"Plan": {"Node Type": "Aggregate","Strategy": "Sorted","Partial Mode": "Finalize","Parallel Aware": false,"Async Capable": false,"Startup Cost": 184113.03,"Total Cost": 184116.85,"Plan Rows": 6,"Plan Width": 236,"Actual Startup Time": 1626.286,"Actual Total Time": 1659.080,"Actual Rows": 4,"Actual Loops": 1,"Group Key": ["l_returnflag", "l_linestatus"],"Plans": [{"Node Type": "Gather Merge","Parent Relationship": "Outer","Parallel Aware": false,"Async Capable": false,"Startup Cost": 184113.03,"Total Cost": 184115.91,"Plan Rows": 24,"Plan Width": 236,"Actual Startup Time": 1626.211,"Actual Total Time": 1658.952,"Actual Rows": 20,"Actual Loops": 1,"Workers Planned": 4,"Workers Launched": 4,"Plans": [{"Node Type": "Sort","Parent Relationship": "Outer","Parallel Aware": false,"Async Capable": false,"Startup Cost": 183112.97,"Total Cost": 183112.99,"Plan Rows": 6,"Plan Width": 236,"Actual Startup Time": 1618.938,"Actual Total Time": 1618.943,"Actual Rows": 4,"Actual Loops": 5,"Sort Key": ["l_returnflag", "l_linestatus"],"Sort Method": "quicksort","Sort Space Used": 27,"Sort Space Type": "Memory","Workers": [{"Worker Number": 0,"Sort Method": "quicksort","Sort Space Used": 27,"Sort Space Type": "Memory"},{"Worker Number": 1,"Sort Method": "quicksort","Sort Space Used": 27,"Sort Space Type": "Memory"},{"Worker Number": 2,"Sort Method": "quicksort","Sort Space Used": 27,"Sort Space Type": "Memory"},{"Worker Number": 3,"Sort Method": "quicksort","Sort Space Used": 27,"Sort Space Type": "Memory"}],"Plans": [{"Node Type": "Aggregate","Strategy": "Hashed","Partial Mode": "Partial","Parent Relationship": "Outer","Parallel Aware": false,"Async Capable": false,"Startup Cost": 183112.76,"Total Cost": 183112.90,"Plan Rows": 6,"Plan Width": 236,"Actual Startup Time": 1618.825,"Actual Total Time": 1618.836,"Actual Rows": 4,"Actual Loops": 5,"Group Key": ["l_returnflag", "l_linestatus"],"Planned Partitions": 0,"HashAgg Batches": 1,"Peak Memory Usage": 32,"Disk Usage": 0,"Workers": [{"Worker Number": 0,"HashAgg Batches": 1,"Peak Memory Usage": 32,"Disk Usage": 0},{"Worker Number": 1,"HashAgg Batches": 1,"Peak Memory Usage": 32,"Disk Usage": 0},{"Worker Number": 2,"HashAgg Batches": 1,"Peak Memory Usage": 32,"Disk Usage": 0},{"Worker Number": 3,"HashAgg Batches": 1,"Peak Memory Usage": 32,"Disk Usage": 0}],"Plans": [{"Node Type": "Seq Scan","Parent Relationship": "Outer","Parallel Aware": true,"Async Capable": false,"Relation Name": "lineitem","Alias": "lineitem","Startup Cost": 0.00,"Total Cost": 131256.80,"Plan Rows": 1481599,"Plan Width": 25,"Actual Startup Time": 0.033,"Actual Total Time": 600.023,"Actual Rows": 1186191,"Actual Loops": 5,"Filter": "(l_shipdate <= '1998-09-10 00:00:00'::timestamp without time zone)","Rows Removed by Filter": 14052,"Workers": []}]}]}]}]},"Planning Time": 2.494,"Triggers": [],"Execution Time": 1659.387}]
[{"Plan": {"Node Type": "Aggregate","Strategy": "Sorted","Partial Mode": "Finalize","Parallel Aware": false,"Async Capable": false,"Startup Cost": 184158.71,"Total Cost": 184162.53,"Plan Rows": 6,"Plan Width": 236,"Actual Startup Time": 1644.692,"Actual Total Time": 1677.942,"Actual Rows": 4,"Actual Loops": 1,"Group Key": ["l_returnflag", "l_linestatus"],"Plans": [{"Node Type": "Gather Merge","Parent Relationship": "Outer","Parallel Aware": false,"Async Capable": false,"Startup Cost": 184158.71,"Total Cost": 184161.58,"Plan Rows": 24,"Plan Width": 236,"Actual Startup Time": 1644.623,"Actual Total Time": 1677.838,"Actual Rows": 20,"Actual Loops": 1,"Workers Planned": 4,"Workers Launched": 4,"Plans": [{"Node Type": "Sort","Parent Relationship": "Outer","Parallel Aware": false,"Async Capable": false,"Startup Cost": 183158.65,"Total Cost": 183158.66,"Plan Rows": 6,"Plan Width": 236,"Actual Startup Time": 1636.538,"Actual Total Time": 1636.541,"Actual Rows": 4,"Actual Loops": 5,"Sort Key": ["l_returnflag", "l_linestatus"],"Sort Method": "quicksort","Sort Space Used": 27,"Sort Space Type": "Memory","Workers": [{"Worker Number": 0,"Sort Method": "quicksort","Sort Space Used": 27,"Sort Space Type": "Memory"},{"Worker Number": 1,"Sort Method": "quicksort","Sort Space Used": 27,"Sort Space Type": "Memory"},{"Worker Number": 2,"Sort Method": "quicksort","Sort Space Used": 27,"Sort Space Type": "Memory"},{"Worker Number": 3,"Sort Method": "quicksort","Sort Space Used": 27,"Sort Space Type": "Memory"}],"Plans": [{"Node Type": "Aggregate","Strategy": "Hashed","Partial Mode": "Partial","Parent Relationship": "Outer","Parallel Aware": false,"Async Capable": false,"Startup Cost": 183158.44,"Total Cost": 183158.57,"Plan Rows": 6,"Plan Width": 236,"Actual Startup Time": 1636.415,"Actual Total Time": 1636.424,"Actual Rows": 4,"Actual Loops": 5,"Group Key": ["l_returnflag", "l_linestatus"],"Planned Partitions": 0,"HashAgg Batches": 1,"Peak Memory Usage": 32,"Disk Usage": 0,"Workers": [{"Worker Number": 0,"HashAgg Batches": 1,"Peak Memory Usage": 32,"Disk Usage": 0},{"Worker Number": 1,"HashAgg Batches": 1,"Peak Memory Usage": 32,"Disk Usage": 0},{"Worker Number": 2,"HashAgg Batches": 1,"Peak Memory Usage": 32,"Disk Usage": 0},{"Worker Number": 3,"HashAgg Batches": 1,"Peak Memory Usage": 32,"Disk Usage": 0}],"Plans": [{"Node Type": "Seq Scan","Parent Relationship": "Outer","Parallel Aware": true,"Async Capable": false,"Relation Name": "lineitem","Alias": "lineitem","Startup Cost": 0.00,"Total Cost": 131256.80,"Plan Rows": 1482904,"Plan Width": 25,"Actual Startup Time": 0.036,"Actual Total Time": 612.237,"Actual Rows": 1187224,"Actual Loops": 5,"Filter": "(l_shipdate <= '1998-09-13 00:00:00'::timestamp without time zone)","Rows Removed by Filter": 13019,"Workers": []}]}]}]}]},"Planning Time": 3.447,"Triggers": [],"Execution Time": 1678.368}]
[{"Plan": {"Node Type": "Aggregate","Strategy": "Sorted","Partial Mode": "Finalize","Parallel Aware": false,"Async Capable": false,"Startup Cost": 184292.58,"Total Cost": 184296.40,"Plan Rows": 6,"Plan Width": 236,"Actual Startup Time": 1633.594,"Actual Total Time": 1667.041,"Actual Rows": 4,"Actual Loops": 1,"Group Key": ["l_returnflag", "l_linestatus"],"Plans": [{"Node Type": "Gather Merge","Parent Relationship": "Outer","Parallel Aware": false,"Async Capable": false,"Startup Cost": 184292.58,"Total Cost": 184295.46,"Plan Rows": 24,"Plan Width": 236,"Actual Startup Time": 1633.506,"Actual Total Time": 1666.927,"Actual Rows": 20,"Actual Loops": 1,"Workers Planned": 4,"Workers Launched": 4,"Plans": [{"Node Type": "Sort","Parent Relationship": "Outer","Parallel Aware": false,"Async Capable": false,"Startup Cost": 183292.52,"Total Cost": 183292.54,"Plan Rows": 6,"Plan Width": 236,"Actual Startup Time": 1625.739,"Actual Total Time": 1625.743,"Actual Rows": 4,"Actual Loops": 5,"Sort Key": ["l_returnflag", "l_linestatus"],"Sort Method": "quicksort","Sort Space Used": 27,"Sort Space Type": "Memory","Workers": [{"Worker Number": 0,"Sort Method": "quicksort","Sort Space Used": 27,"Sort Space Type": "Memory"},{"Worker Number": 1,"Sort Method": "quicksort","Sort Space Used": 27,"Sort Space Type": "Memory"},{"Worker Number": 2,"Sort Method": "quicksort","Sort Space Used": 27,"Sort Space Type": "Memory"},{"Worker Number": 3,"Sort Method": "quicksort","Sort Space Used": 27,"Sort Space Type": "Memory"}],"Plans": [{"Node Type": "Aggregate","Strategy": "Hashed","Partial Mode": "Partial","Parent Relationship": "Outer","Parallel Aware": false,"Async Capable": false,"Startup Cost": 183292.31,"Total Cost": 183292.45,"Plan Rows": 6,"Plan Width": 236,"Actual Startup Time": 1625.630,"Actual Total Time": 1625.638,"Actual Rows": 4,"Actual Loops": 5,"Group Key": ["l_returnflag", "l_linestatus"],"Planned Partitions": 0,"HashAgg Batches": 1,"Peak Memory Usage": 32,"Disk Usage": 0,"Workers": [{"Worker Number": 0,"HashAgg Batches": 1,"Peak Memory Usage": 32,"Disk Usage": 0},{"Worker Number": 1,"HashAgg Batches": 1,"Peak Memory Usage": 32,"Disk Usage": 0},{"Worker Number": 2,"HashAgg Batches": 1,"Peak Memory Usage": 32,"Disk Usage": 0},{"Worker Number": 3,"HashAgg Batches": 1,"Peak Memory Usage": 32,"Disk Usage": 0}],"Plans": [{"Node Type": "Seq Scan","Parent Relationship": "Outer","Parallel Aware": true,"Async Capable": false,"Relation Name": "lineitem","Alias": "lineitem","Startup Cost": 0.00,"Total Cost": 131256.80,"Plan Rows": 1486729,"Plan Width": 25,"Actual Startup Time": 0.041,"Actual Total Time": 605.239,"Actual Rows": 1190833,"Actual Loops": 5,"Filter": "(l_shipdate <= '1998-09-25 00:00:00'::timestamp without time zone)","Rows Removed by Filter": 9410,"Workers": []}]}]}]}]},"Planning Time": 2.948,"Triggers": [],"Execution Time": 1667.404}]
[{"Plan": {"Node Type": "Aggregate","Strategy": "Sorted","Partial Mode": "Finalize","Parallel Aware": false,"Async Capable": false,"Startup Cost": 183915.11,"Total Cost": 183918.93,"Plan Rows": 6,"Plan Width": 236,"Actual Startup Time": 1617.865,"Actual Total Time": 1652.425,"Actual Rows": 4,"Actual Loops": 1,"Group Key": ["l_returnflag", "l_linestatus"],"Plans": [{"Node Type": "Gather Merge","Parent Relationship": "Outer","Parallel Aware": false,"Async Capable": false,"Startup Cost": 183915.11,"Total Cost": 183917.98,"Plan Rows": 24,"Plan Width": 236,"Actual Startup Time": 1617.776,"Actual Total Time": 1652.277,"Actual Rows": 20,"Actual Loops": 1,"Workers Planned": 4,"Workers Launched": 4,"Plans": [{"Node Type": "Sort","Parent Relationship": "Outer","Parallel Aware": false,"Async Capable": false,"Startup Cost": 182915.05,"Total Cost": 182915.06,"Plan Rows": 6,"Plan Width": 236,"Actual Startup Time": 1610.319,"Actual Total Time": 1610.323,"Actual Rows": 4,"Actual Loops": 5,"Sort Key": ["l_returnflag", "l_linestatus"],"Sort Method": "quicksort","Sort Space Used": 27,"Sort Space Type": "Memory","Workers": [{"Worker Number": 0,"Sort Method": "quicksort","Sort Space Used": 27,"Sort Space Type": "Memory"},{"Worker Number": 1,"Sort Method": "quicksort","Sort Space Used": 27,"Sort Space Type": "Memory"},{"Worker Number": 2,"Sort Method": "quicksort","Sort Space Used": 27,"Sort Space Type": "Memory"},{"Worker Number": 3,"Sort Method": "quicksort","Sort Space Used": 27,"Sort Space Type": "Memory"}],"Plans": [{"Node Type": "Aggregate","Strategy": "Hashed","Partial Mode": "Partial","Parent Relationship": "Outer","Parallel Aware": false,"Async Capable": false,"Startup Cost": 182914.84,"Total Cost": 182914.97,"Plan Rows": 6,"Plan Width": 236,"Actual Startup Time": 1610.220,"Actual Total Time": 1610.228,"Actual Rows": 4,"Actual Loops": 5,"Group Key": ["l_returnflag", "l_linestatus"],"Planned Partitions": 0,"HashAgg Batches": 1,"Peak Memory Usage": 32,"Disk Usage": 0,"Workers": [{"Worker Number": 0,"HashAgg Batches": 1,"Peak Memory Usage": 32,"Disk Usage": 0},{"Worker Number": 1,"HashAgg Batches": 1,"Peak Memory Usage": 32,"Disk Usage": 0},{"Worker Number": 2,"HashAgg Batches": 1,"Peak Memory Usage": 32,"Disk Usage": 0},{"Worker Number": 3,"HashAgg Batches": 1,"Peak Memory Usage": 32,"Disk Usage": 0}],"Plans": [{"Node Type": "Seq Scan","Parent Relationship": "Outer","Parallel Aware": true,"Async Capable": false,"Relation Name": "lineitem","Alias": "lineitem","Startup Cost": 0.00,"Total Cost": 131256.80,"Plan Rows": 1475944,"Plan Width": 25,"Actual Startup Time": 0.051,"Actual Total Time": 598.821,"Actual Rows": 1181394,"Actual Loops": 5,"Filter": "(l_shipdate <= '1998-08-28 00:00:00'::timestamp without time zone)","Rows Removed by Filter": 18849,"Workers": []}]}]}]}]},"Planning Time": 2.726,"Triggers": [],"Execution Time": 1652.808}]
[{"Plan": {"Node Type": "Aggregate","Strategy": "Sorted","Partial Mode": "Finalize","Parallel Aware": false,"Async Capable": false,"Startup Cost": 183793.31,"Total Cost": 183797.13,"Plan Rows": 6,"Plan Width": 236,"Actual Startup Time": 1633.248,"Actual Total Time": 1668.137,"Actual Rows": 4,"Actual Loops": 1,"Group Key": ["l_returnflag", "l_linestatus"],"Plans": [{"Node Type": "Gather Merge","Parent Relationship": "Outer","Parallel Aware": false,"Async Capable": false,"Startup Cost": 183793.31,"Total Cost": 183796.18,"Plan Rows": 24,"Plan Width": 236,"Actual Startup Time": 1633.183,"Actual Total Time": 1668.026,"Actual Rows": 20,"Actual Loops": 1,"Workers Planned": 4,"Workers Launched": 4,"Plans": [{"Node Type": "Sort","Parent Relationship": "Outer","Parallel Aware": false,"Async Capable": false,"Startup Cost": 182793.25,"Total Cost": 182793.26,"Plan Rows": 6,"Plan Width": 236,"Actual Startup Time": 1625.306,"Actual Total Time": 1625.310,"Actual Rows": 4,"Actual Loops": 5,"Sort Key": ["l_returnflag", "l_linestatus"],"Sort Method": "quicksort","Sort Space Used": 27,"Sort Space Type": "Memory","Workers": [{"Worker Number": 0,"Sort Method": "quicksort","Sort Space Used": 27,"Sort Space Type": "Memory"},{"Worker Number": 1,"Sort Method": "quicksort","Sort Space Used": 27,"Sort Space Type": "Memory"},{"Worker Number": 2,"Sort Method": "quicksort","Sort Space Used": 27,"Sort Space Type": "Memory"},{"Worker Number": 3,"Sort Method": "quicksort","Sort Space Used": 27,"Sort Space Type": "Memory"}],"Plans": [{"Node Type": "Aggregate","Strategy": "Hashed","Partial Mode": "Partial","Parent Relationship": "Outer","Parallel Aware": false,"Async Capable": false,"Startup Cost": 182793.04,"Total Cost": 182793.17,"Plan Rows": 6,"Plan Width": 236,"Actual Startup Time": 1625.208,"Actual Total Time": 1625.216,"Actual Rows": 4,"Actual Loops": 5,"Group Key": ["l_returnflag", "l_linestatus"],"Planned Partitions": 0,"HashAgg Batches": 1,"Peak Memory Usage": 32,"Disk Usage": 0,"Workers": [{"Worker Number": 0,"HashAgg Batches": 1,"Peak Memory Usage": 32,"Disk Usage": 0},{"Worker Number": 1,"HashAgg Batches": 1,"Peak Memory Usage": 32,"Disk Usage": 0},{"Worker Number": 2,"HashAgg Batches": 1,"Peak Memory Usage": 32,"Disk Usage": 0},{"Worker Number": 3,"HashAgg Batches": 1,"Peak Memory Usage": 32,"Disk Usage": 0}],"Plans": [{"Node Type": "Seq Scan","Parent Relationship": "Outer","Parallel Aware": true,"Async Capable": false,"Relation Name": "lineitem","Alias": "lineitem","Startup Cost": 0.00,"Total Cost": 131256.80,"Plan Rows": 1472464,"Plan Width": 25,"Actual Startup Time": 0.041,"Actual Total Time": 612.099,"Actual Rows": 1178099,"Actual Loops": 5,"Filter": "(l_shipdate <= '1998-08-20 00:00:00'::timestamp without time zone)","Rows Removed by Filter": 22144,"Workers": []}]}]}]}]},"Planning Time": 3.085,"Triggers": [],"Execution Time": 1668.560}]
[{"Plan": {"Node Type": "Aggregate","Strategy": "Sorted","Partial Mode": "Finalize","Parallel Aware": false,"Async Capable": false,"Startup Cost": 183945.56,"Total Cost": 183949.38,"Plan Rows": 6,"Plan Width": 236,"Actual Startup Time": 1624.685,"Actual Total Time": 1659.093,"Actual Rows": 4,"Actual Loops": 1,"Group Key": ["l_returnflag", "l_linestatus"],"Plans": [{"Node Type": "Gather Merge","Parent Relationship": "Outer","Parallel Aware": false,"Async Capable": false,"Startup Cost": 183945.56,"Total Cost": 183948.43,"Plan Rows": 24,"Plan Width": 236,"Actual Startup Time": 1624.576,"Actual Total Time": 1658.968,"Actual Rows": 20,"Actual Loops": 1,"Workers Planned": 4,"Workers Launched": 4,"Plans": [{"Node Type": "Sort","Parent Relationship": "Outer","Parallel Aware": false,"Async Capable": false,"Startup Cost": 182945.50,"Total Cost": 182945.51,"Plan Rows": 6,"Plan Width": 236,"Actual Startup Time": 1616.640,"Actual Total Time": 1616.644,"Actual Rows": 4,"Actual Loops": 5,"Sort Key": ["l_returnflag", "l_linestatus"],"Sort Method": "quicksort","Sort Space Used": 27,"Sort Space Type": "Memory","Workers": [{"Worker Number": 0,"Sort Method": "quicksort","Sort Space Used": 27,"Sort Space Type": "Memory"},{"Worker Number": 1,"Sort Method": "quicksort","Sort Space Used": 27,"Sort Space Type": "Memory"},{"Worker Number": 2,"Sort Method": "quicksort","Sort Space Used": 27,"Sort Space Type": "Memory"},{"Worker Number": 3,"Sort Method": "quicksort","Sort Space Used": 27,"Sort Space Type": "Memory"}],"Plans": [{"Node Type": "Aggregate","Strategy": "Hashed","Partial Mode": "Partial","Parent Relationship": "Outer","Parallel Aware": false,"Async Capable": false,"Startup Cost": 182945.29,"Total Cost": 182945.42,"Plan Rows": 6,"Plan Width": 236,"Actual Startup Time": 1616.535,"Actual Total Time": 1616.542,"Actual Rows": 4,"Actual Loops": 5,"Group Key": ["l_returnflag", "l_linestatus"],"Planned Partitions": 0,"HashAgg Batches": 1,"Peak Memory Usage": 32,"Disk Usage": 0,"Workers": [{"Worker Number": 0,"HashAgg Batches": 1,"Peak Memory Usage": 32,"Disk Usage": 0},{"Worker Number": 1,"HashAgg Batches": 1,"Peak Memory Usage": 32,"Disk Usage": 0},{"Worker Number": 2,"HashAgg Batches": 1,"Peak Memory Usage": 32,"Disk Usage": 0},{"Worker Number": 3,"HashAgg Batches": 1,"Peak Memory Usage": 32,"Disk Usage": 0}],"Plans": [{"Node Type": "Seq Scan","Parent Relationship": "Outer","Parallel Aware": true,"Async Capable": false,"Relation Name": "lineitem","Alias": "lineitem","Startup Cost": 0.00,"Total Cost": 131256.80,"Plan Rows": 1476814,"Plan Width": 25,"Actual Startup Time": 0.043,"Actual Total Time": 602.040,"Actual Rows": 1182172,"Actual Loops": 5,"Filter": "(l_shipdate <= '1998-08-30 00:00:00'::timestamp without time zone)","Rows Removed by Filter": 18071,"Workers": []}]}]}]}]},"Planning Time": 2.906,"Triggers": [],"Execution Time": 1659.548}]
[{"Plan": {"Node Type": "Aggregate","Strategy": "Sorted","Partial Mode": "Finalize","Parallel Aware": false,"Async Capable": false,"Startup Cost": 184306.79,"Total Cost": 184310.61,"Plan Rows": 6,"Plan Width": 236,"Actual Startup Time": 1655.540,"Actual Total Time": 1688.646,"Actual Rows": 4,"Actual Loops": 1,"Group Key": ["l_returnflag", "l_linestatus"],"Plans": [{"Node Type": "Gather Merge","Parent Relationship": "Outer","Parallel Aware": false,"Async Capable": false,"Startup Cost": 184306.79,"Total Cost": 184309.67,"Plan Rows": 24,"Plan Width": 236,"Actual Startup Time": 1655.492,"Actual Total Time": 1688.546,"Actual Rows": 20,"Actual Loops": 1,"Workers Planned": 4,"Workers Launched": 4,"Plans": [{"Node Type": "Sort","Parent Relationship": "Outer","Parallel Aware": false,"Async Capable": false,"Startup Cost": 183306.73,"Total Cost": 183306.75,"Plan Rows": 6,"Plan Width": 236,"Actual Startup Time": 1648.136,"Actual Total Time": 1648.139,"Actual Rows": 4,"Actual Loops": 5,"Sort Key": ["l_returnflag", "l_linestatus"],"Sort Method": "quicksort","Sort Space Used": 27,"Sort Space Type": "Memory","Workers": [{"Worker Number": 0,"Sort Method": "quicksort","Sort Space Used": 27,"Sort Space Type": "Memory"},{"Worker Number": 1,"Sort Method": "quicksort","Sort Space Used": 27,"Sort Space Type": "Memory"},{"Worker Number": 2,"Sort Method": "quicksort","Sort Space Used": 27,"Sort Space Type": "Memory"},{"Worker Number": 3,"Sort Method": "quicksort","Sort Space Used": 27,"Sort Space Type": "Memory"}],"Plans": [{"Node Type": "Aggregate","Strategy": "Hashed","Partial Mode": "Partial","Parent Relationship": "Outer","Parallel Aware": false,"Async Capable": false,"Startup Cost": 183306.52,"Total Cost": 183306.66,"Plan Rows": 6,"Plan Width": 236,"Actual Startup Time": 1648.047,"Actual Total Time": 1648.054,"Actual Rows": 4,"Actual Loops": 5,"Group Key": ["l_returnflag", "l_linestatus"],"Planned Partitions": 0,"HashAgg Batches": 1,"Peak Memory Usage": 32,"Disk Usage": 0,"Workers": [{"Worker Number": 0,"HashAgg Batches": 1,"Peak Memory Usage": 32,"Disk Usage": 0},{"Worker Number": 1,"HashAgg Batches": 1,"Peak Memory Usage": 32,"Disk Usage": 0},{"Worker Number": 2,"HashAgg Batches": 1,"Peak Memory Usage": 32,"Disk Usage": 0},{"Worker Number": 3,"HashAgg Batches": 1,"Peak Memory Usage": 32,"Disk Usage": 0}],"Plans": [{"Node Type": "Seq Scan","Parent Relationship": "Outer","Parallel Aware": true,"Async Capable": false,"Relation Name": "lineitem","Alias": "lineitem","Startup Cost": 0.00,"Total Cost": 131256.80,"Plan Rows": 1487135,"Plan Width": 25,"Actual Startup Time": 0.035,"Actual Total Time": 616.849,"Actual Rows": 1191378,"Actual Loops": 5,"Filter": "(l_shipdate <= '1998-09-27 00:00:00'::timestamp without time zone)","Rows Removed by Filter": 8865,"Workers": []}]}]}]}]},"Planning Time": 2.700,"Triggers": [],"Execution Time": 1688.966}]
[{"Plan": {"Node Type": "Aggregate","Strategy": "Sorted","Partial Mode": "Finalize","Parallel Aware": false,"Async Capable": false,"Startup Cost": 183573.12,"Total Cost": 183576.94,"Plan Rows": 6,"Plan Width": 236,"Actual Startup Time": 1630.320,"Actual Total Time": 1663.472,"Actual Rows": 4,"Actual Loops": 1,"Group Key": ["l_returnflag", "l_linestatus"],"Plans": [{"Node Type": "Gather Merge","Parent Relationship": "Outer","Parallel Aware": false,"Async Capable": false,"Startup Cost": 183573.12,"Total Cost": 183576.00,"Plan Rows": 24,"Plan Width": 236,"Actual Startup Time": 1630.214,"Actual Total Time": 1663.326,"Actual Rows": 20,"Actual Loops": 1,"Workers Planned": 4,"Workers Launched": 4,"Plans": [{"Node Type": "Sort","Parent Relationship": "Outer","Parallel Aware": false,"Async Capable": false,"Startup Cost": 182573.06,"Total Cost": 182573.08,"Plan Rows": 6,"Plan Width": 236,"Actual Startup Time": 1621.960,"Actual Total Time": 1621.963,"Actual Rows": 4,"Actual Loops": 5,"Sort Key": ["l_returnflag", "l_linestatus"],"Sort Method": "quicksort","Sort Space Used": 27,"Sort Space Type": "Memory","Workers": [{"Worker Number": 0,"Sort Method": "quicksort","Sort Space Used": 27,"Sort Space Type": "Memory"},{"Worker Number": 1,"Sort Method": "quicksort","Sort Space Used": 27,"Sort Space Type": "Memory"},{"Worker Number": 2,"Sort Method": "quicksort","Sort Space Used": 27,"Sort Space Type": "Memory"},{"Worker Number": 3,"Sort Method": "quicksort","Sort Space Used": 27,"Sort Space Type": "Memory"}],"Plans": [{"Node Type": "Aggregate","Strategy": "Hashed","Partial Mode": "Partial","Parent Relationship": "Outer","Parallel Aware": false,"Async Capable": false,"Startup Cost": 182572.85,"Total Cost": 182572.99,"Plan Rows": 6,"Plan Width": 236,"Actual Startup Time": 1621.870,"Actual Total Time": 1621.879,"Actual Rows": 4,"Actual Loops": 5,"Group Key": ["l_returnflag", "l_linestatus"],"Planned Partitions": 0,"HashAgg Batches": 1,"Peak Memory Usage": 32,"Disk Usage": 0,"Workers": [{"Worker Number": 0,"HashAgg Batches": 1,"Peak Memory Usage": 32,"Disk Usage": 0},{"Worker Number": 1,"HashAgg Batches": 1,"Peak Memory Usage": 32,"Disk Usage": 0},{"Worker Number": 2,"HashAgg Batches": 1,"Peak Memory Usage": 32,"Disk Usage": 0},{"Worker Number": 3,"HashAgg Batches": 1,"Peak Memory Usage": 32,"Disk Usage": 0}],"Plans": [{"Node Type": "Seq Scan","Parent Relationship": "Outer","Parallel Aware": true,"Async Capable": false,"Relation Name": "lineitem","Alias": "lineitem","Startup Cost": 0.00,"Total Cost": 131256.80,"Plan Rows": 1466173,"Plan Width": 25,"Actual Startup Time": 0.040,"Actual Total Time": 613.933,"Actual Rows": 1172635,"Actual Loops": 5,"Filter": "(l_shipdate <= '1998-08-08 00:00:00'::timestamp without time zone)","Rows Removed by Filter": 27608,"Workers": []}]}]}]}]},"Planning Time": 2.802,"Triggers": [],"Execution Time": 1663.865}]
[{"Plan": {"Node Type": "Aggregate","Strategy": "Sorted","Partial Mode": "Finalize","Parallel Aware": false,"Async Capable": false,"Startup Cost": 184271.34,"Total Cost": 184275.16,"Plan Rows": 6,"Plan Width": 236,"Actual Startup Time": 1627.489,"Actual Total Time": 1661.299,"Actual Rows": 4,"Actual Loops": 1,"Group Key": ["l_returnflag", "l_linestatus"],"Plans": [{"Node Type": "Gather Merge","Parent Relationship": "Outer","Parallel Aware": false,"Async Capable": false,"Startup Cost": 184271.34,"Total Cost": 184274.21,"Plan Rows": 24,"Plan Width": 236,"Actual Startup Time": 1627.365,"Actual Total Time": 1661.147,"Actual Rows": 20,"Actual Loops": 1,"Workers Planned": 4,"Workers Launched": 4,"Plans": [{"Node Type": "Sort","Parent Relationship": "Outer","Parallel Aware": false,"Async Capable": false,"Startup Cost": 183271.28,"Total Cost": 183271.29,"Plan Rows": 6,"Plan Width": 236,"Actual Startup Time": 1619.927,"Actual Total Time": 1619.931,"Actual Rows": 4,"Actual Loops": 5,"Sort Key": ["l_returnflag", "l_linestatus"],"Sort Method": "quicksort","Sort Space Used": 27,"Sort Space Type": "Memory","Workers": [{"Worker Number": 0,"Sort Method": "quicksort","Sort Space Used": 27,"Sort Space Type": "Memory"},{"Worker Number": 1,"Sort Method": "quicksort","Sort Space Used": 27,"Sort Space Type": "Memory"},{"Worker Number": 2,"Sort Method": "quicksort","Sort Space Used": 27,"Sort Space Type": "Memory"},{"Worker Number": 3,"Sort Method": "quicksort","Sort Space Used": 27,"Sort Space Type": "Memory"}],"Plans": [{"Node Type": "Aggregate","Strategy": "Hashed","Partial Mode": "Partial","Parent Relationship": "Outer","Parallel Aware": false,"Async Capable": false,"Startup Cost": 183271.07,"Total Cost": 183271.20,"Plan Rows": 6,"Plan Width": 236,"Actual Startup Time": 1619.825,"Actual Total Time": 1619.834,"Actual Rows": 4,"Actual Loops": 5,"Group Key": ["l_returnflag", "l_linestatus"],"Planned Partitions": 0,"HashAgg Batches": 1,"Peak Memory Usage": 32,"Disk Usage": 0,"Workers": [{"Worker Number": 0,"HashAgg Batches": 1,"Peak Memory Usage": 32,"Disk Usage": 0},{"Worker Number": 1,"HashAgg Batches": 1,"Peak Memory Usage": 32,"Disk Usage": 0},{"Worker Number": 2,"HashAgg Batches": 1,"Peak Memory Usage": 32,"Disk Usage": 0},{"Worker Number": 3,"HashAgg Batches": 1,"Peak Memory Usage": 32,"Disk Usage": 0}],"Plans": [{"Node Type": "Seq Scan","Parent Relationship": "Outer","Parallel Aware": true,"Async Capable": false,"Relation Name": "lineitem","Alias": "lineitem","Startup Cost": 0.00,"Total Cost": 131256.80,"Plan Rows": 1486122,"Plan Width": 25,"Actual Startup Time": 0.036,"Actual Total Time": 598.919,"Actual Rows": 1189982,"Actual Loops": 5,"Filter": "(l_shipdate <= '1998-09-22 00:00:00'::timestamp without time zone)","Rows Removed by Filter": 10261,"Workers": []}]}]}]}]},"Planning Time": 2.236,"Triggers": [],"Execution Time": 1661.794}]
[{"Plan": {"Node Type": "Aggregate","Strategy": "Sorted","Partial Mode": "Finalize","Parallel Aware": false,"Async Capable": false,"Startup Cost": 183823.76,"Total Cost": 183827.58,"Plan Rows": 6,"Plan Width": 236,"Actual Startup Time": 1622.288,"Actual Total Time": 1656.246,"Actual Rows": 4,"Actual Loops": 1,"Group Key": ["l_returnflag", "l_linestatus"],"Plans": [{"Node Type": "Gather Merge","Parent Relationship": "Outer","Parallel Aware": false,"Async Capable": false,"Startup Cost": 183823.76,"Total Cost": 183826.63,"Plan Rows": 24,"Plan Width": 236,"Actual Startup Time": 1622.220,"Actual Total Time": 1656.142,"Actual Rows": 20,"Actual Loops": 1,"Workers Planned": 4,"Workers Launched": 4,"Plans": [{"Node Type": "Sort","Parent Relationship": "Outer","Parallel Aware": false,"Async Capable": false,"Startup Cost": 182823.70,"Total Cost": 182823.71,"Plan Rows": 6,"Plan Width": 236,"Actual Startup Time": 1613.903,"Actual Total Time": 1613.909,"Actual Rows": 4,"Actual Loops": 5,"Sort Key": ["l_returnflag", "l_linestatus"],"Sort Method": "quicksort","Sort Space Used": 27,"Sort Space Type": "Memory","Workers": [{"Worker Number": 0,"Sort Method": "quicksort","Sort Space Used": 27,"Sort Space Type": "Memory"},{"Worker Number": 1,"Sort Method": "quicksort","Sort Space Used": 27,"Sort Space Type": "Memory"},{"Worker Number": 2,"Sort Method": "quicksort","Sort Space Used": 27,"Sort Space Type": "Memory"},{"Worker Number": 3,"Sort Method": "quicksort","Sort Space Used": 27,"Sort Space Type": "Memory"}],"Plans": [{"Node Type": "Aggregate","Strategy": "Hashed","Partial Mode": "Partial","Parent Relationship": "Outer","Parallel Aware": false,"Async Capable": false,"Startup Cost": 182823.49,"Total Cost": 182823.62,"Plan Rows": 6,"Plan Width": 236,"Actual Startup Time": 1613.785,"Actual Total Time": 1613.796,"Actual Rows": 4,"Actual Loops": 5,"Group Key": ["l_returnflag", "l_linestatus"],"Planned Partitions": 0,"HashAgg Batches": 1,"Peak Memory Usage": 32,"Disk Usage": 0,"Workers": [{"Worker Number": 0,"HashAgg Batches": 1,"Peak Memory Usage": 32,"Disk Usage": 0},{"Worker Number": 1,"HashAgg Batches": 1,"Peak Memory Usage": 32,"Disk Usage": 0},{"Worker Number": 2,"HashAgg Batches": 1,"Peak Memory Usage": 32,"Disk Usage": 0},{"Worker Number": 3,"HashAgg Batches": 1,"Peak Memory Usage": 32,"Disk Usage": 0}],"Plans": [{"Node Type": "Seq Scan","Parent Relationship": "Outer","Parallel Aware": true,"Async Capable": false,"Relation Name": "lineitem","Alias": "lineitem","Startup Cost": 0.00,"Total Cost": 131256.80,"Plan Rows": 1473334,"Plan Width": 25,"Actual Startup Time": 0.047,"Actual Total Time": 599.978,"Actual Rows": 1178947,"Actual Loops": 5,"Filter": "(l_shipdate <= '1998-08-22 00:00:00'::timestamp without time zone)","Rows Removed by Filter": 21296,"Workers": []}]}]}]}]},"Planning Time": 2.579,"Triggers": [],"Execution Time": 1656.641}]
[{"Plan": {"Node Type": "Aggregate","Strategy": "Sorted","Partial Mode": "Finalize","Parallel Aware": false,"Async Capable": false,"Startup Cost": 184342.25,"Total Cost": 184346.07,"Plan Rows": 6,"Plan Width": 236,"Actual Startup Time": 1655.561,"Actual Total Time": 1689.583,"Actual Rows": 4,"Actual Loops": 1,"Group Key": ["l_returnflag", "l_linestatus"],"Plans": [{"Node Type": "Gather Merge","Parent Relationship": "Outer","Parallel Aware": false,"Async Capable": false,"Startup Cost": 184342.25,"Total Cost": 184345.12,"Plan Rows": 24,"Plan Width": 236,"Actual Startup Time": 1655.474,"Actual Total Time": 1689.450,"Actual Rows": 20,"Actual Loops": 1,"Workers Planned": 4,"Workers Launched": 4,"Plans": [{"Node Type": "Sort","Parent Relationship": "Outer","Parallel Aware": false,"Async Capable": false,"Startup Cost": 183342.19,"Total Cost": 183342.20,"Plan Rows": 6,"Plan Width": 236,"Actual Startup Time": 1647.670,"Actual Total Time": 1647.678,"Actual Rows": 4,"Actual Loops": 5,"Sort Key": ["l_returnflag", "l_linestatus"],"Sort Method": "quicksort","Sort Space Used": 27,"Sort Space Type": "Memory","Workers": [{"Worker Number": 0,"Sort Method": "quicksort","Sort Space Used": 27,"Sort Space Type": "Memory"},{"Worker Number": 1,"Sort Method": "quicksort","Sort Space Used": 27,"Sort Space Type": "Memory"},{"Worker Number": 2,"Sort Method": "quicksort","Sort Space Used": 27,"Sort Space Type": "Memory"},{"Worker Number": 3,"Sort Method": "quicksort","Sort Space Used": 27,"Sort Space Type": "Memory"}],"Plans": [{"Node Type": "Aggregate","Strategy": "Hashed","Partial Mode": "Partial","Parent Relationship": "Outer","Parallel Aware": false,"Async Capable": false,"Startup Cost": 183341.98,"Total Cost": 183342.11,"Plan Rows": 6,"Plan Width": 236,"Actual Startup Time": 1647.554,"Actual Total Time": 1647.566,"Actual Rows": 4,"Actual Loops": 5,"Group Key": ["l_returnflag", "l_linestatus"],"Planned Partitions": 0,"HashAgg Batches": 1,"Peak Memory Usage": 32,"Disk Usage": 0,"Workers": [{"Worker Number": 0,"HashAgg Batches": 1,"Peak Memory Usage": 32,"Disk Usage": 0},{"Worker Number": 1,"HashAgg Batches": 1,"Peak Memory Usage": 32,"Disk Usage": 0},{"Worker Number": 2,"HashAgg Batches": 1,"Peak Memory Usage": 32,"Disk Usage": 0},{"Worker Number": 3,"HashAgg Batches": 1,"Peak Memory Usage": 32,"Disk Usage": 0}],"Plans": [{"Node Type": "Seq Scan","Parent Relationship": "Outer","Parallel Aware": true,"Async Capable": false,"Relation Name": "lineitem","Alias": "lineitem","Startup Cost": 0.00,"Total Cost": 131256.80,"Plan Rows": 1488148,"Plan Width": 25,"Actual Startup Time": 0.043,"Actual Total Time": 623.196,"Actual Rows": 1192678,"Actual Loops": 5,"Filter": "(l_shipdate <= '1998-10-02 00:00:00'::timestamp without time zone)","Rows Removed by Filter": 7565,"Workers": []}]}]}]}]},"Planning Time": 3.639,"Triggers": [],"Execution Time": 1690.019}]
[{"Plan": {"Node Type": "Aggregate","Strategy": "Sorted","Partial Mode": "Finalize","Parallel Aware": false,"Async Capable": false,"Startup Cost": 184173.93,"Total Cost": 184177.75,"Plan Rows": 6,"Plan Width": 236,"Actual Startup Time": 1644.533,"Actual Total Time": 1680.145,"Actual Rows": 4,"Actual Loops": 1,"Group Key": ["l_returnflag", "l_linestatus"],"Plans": [{"Node Type": "Gather Merge","Parent Relationship": "Outer","Parallel Aware": false,"Async Capable": false,"Startup Cost": 184173.93,"Total Cost": 184176.81,"Plan Rows": 24,"Plan Width": 236,"Actual Startup Time": 1644.414,"Actual Total Time": 1680.013,"Actual Rows": 20,"Actual Loops": 1,"Workers Planned": 4,"Workers Launched": 4,"Plans": [{"Node Type": "Sort","Parent Relationship": "Outer","Parallel Aware": false,"Async Capable": false,"Startup Cost": 183173.87,"Total Cost": 183173.89,"Plan Rows": 6,"Plan Width": 236,"Actual Startup Time": 1636.962,"Actual Total Time": 1636.966,"Actual Rows": 4,"Actual Loops": 5,"Sort Key": ["l_returnflag", "l_linestatus"],"Sort Method": "quicksort","Sort Space Used": 27,"Sort Space Type": "Memory","Workers": [{"Worker Number": 0,"Sort Method": "quicksort","Sort Space Used": 27,"Sort Space Type": "Memory"},{"Worker Number": 1,"Sort Method": "quicksort","Sort Space Used": 27,"Sort Space Type": "Memory"},{"Worker Number": 2,"Sort Method": "quicksort","Sort Space Used": 27,"Sort Space Type": "Memory"},{"Worker Number": 3,"Sort Method": "quicksort","Sort Space Used": 27,"Sort Space Type": "Memory"}],"Plans": [{"Node Type": "Aggregate","Strategy": "Hashed","Partial Mode": "Partial","Parent Relationship": "Outer","Parallel Aware": false,"Async Capable": false,"Startup Cost": 183173.66,"Total Cost": 183173.80,"Plan Rows": 6,"Plan Width": 236,"Actual Startup Time": 1636.864,"Actual Total Time": 1636.873,"Actual Rows": 4,"Actual Loops": 5,"Group Key": ["l_returnflag", "l_linestatus"],"Planned Partitions": 0,"HashAgg Batches": 1,"Peak Memory Usage": 32,"Disk Usage": 0,"Workers": [{"Worker Number": 0,"HashAgg Batches": 1,"Peak Memory Usage": 32,"Disk Usage": 0},{"Worker Number": 1,"HashAgg Batches": 1,"Peak Memory Usage": 32,"Disk Usage": 0},{"Worker Number": 2,"HashAgg Batches": 1,"Peak Memory Usage": 32,"Disk Usage": 0},{"Worker Number": 3,"HashAgg Batches": 1,"Peak Memory Usage": 32,"Disk Usage": 0}],"Plans": [{"Node Type": "Seq Scan","Parent Relationship": "Outer","Parallel Aware": true,"Async Capable": false,"Relation Name": "lineitem","Alias": "lineitem","Startup Cost": 0.00,"Total Cost": 131256.80,"Plan Rows": 1483339,"Plan Width": 25,"Actual Startup Time": 0.043,"Actual Total Time": 617.694,"Actual Rows": 1187554,"Actual Loops": 5,"Filter": "(l_shipdate <= '1998-09-14 00:00:00'::timestamp without time zone)","Rows Removed by Filter": 12689,"Workers": []}]}]}]}]},"Planning Time": 3.116,"Triggers": [],"Execution Time": 1680.478}]
[{"Plan": {"Node Type": "Aggregate","Strategy": "Sorted","Partial Mode": "Finalize","Parallel Aware": false,"Async Capable": false,"Startup Cost": 183991.23,"Total Cost": 183995.05,"Plan Rows": 6,"Plan Width": 236,"Actual Startup Time": 1639.156,"Actual Total Time": 1672.574,"Actual Rows": 4,"Actual Loops": 1,"Group Key": ["l_returnflag", "l_linestatus"],"Plans": [{"Node Type": "Gather Merge","Parent Relationship": "Outer","Parallel Aware": false,"Async Capable": false,"Startup Cost": 183991.23,"Total Cost": 183994.11,"Plan Rows": 24,"Plan Width": 236,"Actual Startup Time": 1639.083,"Actual Total Time": 1672.474,"Actual Rows": 20,"Actual Loops": 1,"Workers Planned": 4,"Workers Launched": 4,"Plans": [{"Node Type": "Sort","Parent Relationship": "Outer","Parallel Aware": false,"Async Capable": false,"Startup Cost": 182991.17,"Total Cost": 182991.19,"Plan Rows": 6,"Plan Width": 236,"Actual Startup Time": 1631.486,"Actual Total Time": 1631.494,"Actual Rows": 4,"Actual Loops": 5,"Sort Key": ["l_returnflag", "l_linestatus"],"Sort Method": "quicksort","Sort Space Used": 27,"Sort Space Type": "Memory","Workers": [{"Worker Number": 0,"Sort Method": "quicksort","Sort Space Used": 27,"Sort Space Type": "Memory"},{"Worker Number": 1,"Sort Method": "quicksort","Sort Space Used": 27,"Sort Space Type": "Memory"},{"Worker Number": 2,"Sort Method": "quicksort","Sort Space Used": 27,"Sort Space Type": "Memory"},{"Worker Number": 3,"Sort Method": "quicksort","Sort Space Used": 27,"Sort Space Type": "Memory"}],"Plans": [{"Node Type": "Aggregate","Strategy": "Hashed","Partial Mode": "Partial","Parent Relationship": "Outer","Parallel Aware": false,"Async Capable": false,"Startup Cost": 182990.96,"Total Cost": 182991.10,"Plan Rows": 6,"Plan Width": 236,"Actual Startup Time": 1631.371,"Actual Total Time": 1631.381,"Actual Rows": 4,"Actual Loops": 5,"Group Key": ["l_returnflag", "l_linestatus"],"Planned Partitions": 0,"HashAgg Batches": 1,"Peak Memory Usage": 32,"Disk Usage": 0,"Workers": [{"Worker Number": 0,"HashAgg Batches": 1,"Peak Memory Usage": 32,"Disk Usage": 0},{"Worker Number": 1,"HashAgg Batches": 1,"Peak Memory Usage": 32,"Disk Usage": 0},{"Worker Number": 2,"HashAgg Batches": 1,"Peak Memory Usage": 32,"Disk Usage": 0},{"Worker Number": 3,"HashAgg Batches": 1,"Peak Memory Usage": 32,"Disk Usage": 0}],"Plans": [{"Node Type": "Seq Scan","Parent Relationship": "Outer","Parallel Aware": true,"Async Capable": false,"Relation Name": "lineitem","Alias": "lineitem","Startup Cost": 0.00,"Total Cost": 131256.80,"Plan Rows": 1478119,"Plan Width": 25,"Actual Startup Time": 0.040,"Actual Total Time": 614.636,"Actual Rows": 1183318,"Actual Loops": 5,"Filter": "(l_shipdate <= '1998-09-02 00:00:00'::timestamp without time zone)","Rows Removed by Filter": 16925,"Workers": []}]}]}]}]},"Planning Time": 2.730,"Triggers": [],"Execution Time": 1672.922}]
[{"Plan": {"Node Type": "Aggregate","Strategy": "Sorted","Partial Mode": "Finalize","Parallel Aware": false,"Async Capable": false,"Startup Cost": 184264.23,"Total Cost": 184268.05,"Plan Rows": 6,"Plan Width": 236,"Actual Startup Time": 1657.258,"Actual Total Time": 1692.760,"Actual Rows": 4,"Actual Loops": 1,"Group Key": ["l_returnflag", "l_linestatus"],"Plans": [{"Node Type": "Gather Merge","Parent Relationship": "Outer","Parallel Aware": false,"Async Capable": false,"Startup Cost": 184264.23,"Total Cost": 184267.11,"Plan Rows": 24,"Plan Width": 236,"Actual Startup Time": 1657.140,"Actual Total Time": 1692.614,"Actual Rows": 20,"Actual Loops": 1,"Workers Planned": 4,"Workers Launched": 4,"Plans": [{"Node Type": "Sort","Parent Relationship": "Outer","Parallel Aware": false,"Async Capable": false,"Startup Cost": 183264.17,"Total Cost": 183264.19,"Plan Rows": 6,"Plan Width": 236,"Actual Startup Time": 1648.829,"Actual Total Time": 1648.834,"Actual Rows": 4,"Actual Loops": 5,"Sort Key": ["l_returnflag", "l_linestatus"],"Sort Method": "quicksort","Sort Space Used": 27,"Sort Space Type": "Memory","Workers": [{"Worker Number": 0,"Sort Method": "quicksort","Sort Space Used": 27,"Sort Space Type": "Memory"},{"Worker Number": 1,"Sort Method": "quicksort","Sort Space Used": 27,"Sort Space Type": "Memory"},{"Worker Number": 2,"Sort Method": "quicksort","Sort Space Used": 27,"Sort Space Type": "Memory"},{"Worker Number": 3,"Sort Method": "quicksort","Sort Space Used": 27,"Sort Space Type": "Memory"}],"Plans": [{"Node Type": "Aggregate","Strategy": "Hashed","Partial Mode": "Partial","Parent Relationship": "Outer","Parallel Aware": false,"Async Capable": false,"Startup Cost": 183263.96,"Total Cost": 183264.10,"Plan Rows": 6,"Plan Width": 236,"Actual Startup Time": 1648.736,"Actual Total Time": 1648.744,"Actual Rows": 4,"Actual Loops": 5,"Group Key": ["l_returnflag", "l_linestatus"],"Planned Partitions": 0,"HashAgg Batches": 1,"Peak Memory Usage": 32,"Disk Usage": 0,"Workers": [{"Worker Number": 0,"HashAgg Batches": 1,"Peak Memory Usage": 32,"Disk Usage": 0},{"Worker Number": 1,"HashAgg Batches": 1,"Peak Memory Usage": 32,"Disk Usage": 0},{"Worker Number": 2,"HashAgg Batches": 1,"Peak Memory Usage": 32,"Disk Usage": 0},{"Worker Number": 3,"HashAgg Batches": 1,"Peak Memory Usage": 32,"Disk Usage": 0}],"Plans": [{"Node Type": "Seq Scan","Parent Relationship": "Outer","Parallel Aware": true,"Async Capable": false,"Relation Name": "lineitem","Alias": "lineitem","Startup Cost": 0.00,"Total Cost": 131256.80,"Plan Rows": 1485919,"Plan Width": 25,"Actual Startup Time": 0.042,"Actual Total Time": 617.894,"Actual Rows": 1189684,"Actual Loops": 5,"Filter": "(l_shipdate <= '1998-09-21 00:00:00'::timestamp without time zone)","Rows Removed by Filter": 10559,"Workers": []}]}]}]}]},"Planning Time": 3.474,"Triggers": [],"Execution Time": 1693.201}]
[{"Plan": {"Node Type": "Aggregate","Strategy": "Sorted","Partial Mode": "Finalize","Parallel Aware": false,"Async Capable": false,"Startup Cost": 183838.98,"Total Cost": 183842.80,"Plan Rows": 6,"Plan Width": 236,"Actual Startup Time": 1639.650,"Actual Total Time": 1673.848,"Actual Rows": 4,"Actual Loops": 1,"Group Key": ["l_returnflag", "l_linestatus"],"Plans": [{"Node Type": "Gather Merge","Parent Relationship": "Outer","Parallel Aware": false,"Async Capable": false,"Startup Cost": 183838.98,"Total Cost": 183841.86,"Plan Rows": 24,"Plan Width": 236,"Actual Startup Time": 1639.575,"Actual Total Time": 1673.737,"Actual Rows": 20,"Actual Loops": 1,"Workers Planned": 4,"Workers Launched": 4,"Plans": [{"Node Type": "Sort","Parent Relationship": "Outer","Parallel Aware": false,"Async Capable": false,"Startup Cost": 182838.92,"Total Cost": 182838.94,"Plan Rows": 6,"Plan Width": 236,"Actual Startup Time": 1631.806,"Actual Total Time": 1631.813,"Actual Rows": 4,"Actual Loops": 5,"Sort Key": ["l_returnflag", "l_linestatus"],"Sort Method": "quicksort","Sort Space Used": 27,"Sort Space Type": "Memory","Workers": [{"Worker Number": 0,"Sort Method": "quicksort","Sort Space Used": 27,"Sort Space Type": "Memory"},{"Worker Number": 1,"Sort Method": "quicksort","Sort Space Used": 27,"Sort Space Type": "Memory"},{"Worker Number": 2,"Sort Method": "quicksort","Sort Space Used": 27,"Sort Space Type": "Memory"},{"Worker Number": 3,"Sort Method": "quicksort","Sort Space Used": 27,"Sort Space Type": "Memory"}],"Plans": [{"Node Type": "Aggregate","Strategy": "Hashed","Partial Mode": "Partial","Parent Relationship": "Outer","Parallel Aware": false,"Async Capable": false,"Startup Cost": 182838.71,"Total Cost": 182838.85,"Plan Rows": 6,"Plan Width": 236,"Actual Startup Time": 1631.677,"Actual Total Time": 1631.690,"Actual Rows": 4,"Actual Loops": 5,"Group Key": ["l_returnflag", "l_linestatus"],"Planned Partitions": 0,"HashAgg Batches": 1,"Peak Memory Usage": 32,"Disk Usage": 0,"Workers": [{"Worker Number": 0,"HashAgg Batches": 1,"Peak Memory Usage": 32,"Disk Usage": 0},{"Worker Number": 1,"HashAgg Batches": 1,"Peak Memory Usage": 32,"Disk Usage": 0},{"Worker Number": 2,"HashAgg Batches": 1,"Peak Memory Usage": 32,"Disk Usage": 0},{"Worker Number": 3,"HashAgg Batches": 1,"Peak Memory Usage": 32,"Disk Usage": 0}],"Plans": [{"Node Type": "Seq Scan","Parent Relationship": "Outer","Parallel Aware": true,"Async Capable": false,"Relation Name": "lineitem","Alias": "lineitem","Startup Cost": 0.00,"Total Cost": 131256.80,"Plan Rows": 1473769,"Plan Width": 25,"Actual Startup Time": 0.045,"Actual Total Time": 617.011,"Actual Rows": 1179363,"Actual Loops": 5,"Filter": "(l_shipdate <= '1998-08-23 00:00:00'::timestamp without time zone)","Rows Removed by Filter": 20880,"Workers": []}]}]}]}]},"Planning Time": 3.143,"Triggers": [],"Execution Time": 1674.117}]
[{"Plan": {"Node Type": "Aggregate","Strategy": "Sorted","Partial Mode": "Finalize","Parallel Aware": false,"Async Capable": false,"Startup Cost": 183823.76,"Total Cost": 183827.58,"Plan Rows": 6,"Plan Width": 236,"Actual Startup Time": 1622.288,"Actual Total Time": 1656.246,"Actual Rows": 4,"Actual Loops": 1,"Group Key": ["l_returnflag", "l_linestatus"],"Plans": [{"Node Type": "Gather Merge","Parent Relationship": "Outer","Parallel Aware": false,"Async Capable": false,"Startup Cost": 183823.76,"Total Cost": 183826.63,"Plan Rows": 24,"Plan Width": 236,"Actual Startup Time": 1622.220,"Actual Total Time": 1656.142,"Actual Rows": 20,"Actual Loops": 1,"Workers Planned": 4,"Workers Launched": 4,"Plans": [{"Node Type": "Sort","Parent Relationship": "Outer","Parallel Aware": false,"Async Capable": false,"Startup Cost": 182823.70,"Total Cost": 182823.71,"Plan Rows": 6,"Plan Width": 236,"Actual Startup Time": 1613.903,"Actual Total Time": 1613.909,"Actual Rows": 4,"Actual Loops": 5,"Sort Key": ["l_returnflag", "l_linestatus"],"Sort Method": "quicksort","Sort Space Used": 27,"Sort Space Type": "Memory","Workers": [{"Worker Number": 0,"Sort Method": "quicksort","Sort Space Used": 27,"Sort Space Type": "Memory"},{"Worker Number": 1,"Sort Method": "quicksort","Sort Space Used": 27,"Sort Space Type": "Memory"},{"Worker Number": 2,"Sort Method": "quicksort","Sort Space Used": 27,"Sort Space Type": "Memory"},{"Worker Number": 3,"Sort Method": "quicksort","Sort Space Used": 27,"Sort Space Type": "Memory"}],"Plans": [{"Node Type": "Aggregate","Strategy": "Hashed","Partial Mode": "Partial","Parent Relationship": "Outer","Parallel Aware": false,"Async Capable": false,"Startup Cost": 182823.49,"Total Cost": 182823.62,"Plan Rows": 6,"Plan Width": 236,"Actual Startup Time": 1613.785,"Actual Total Time": 1613.796,"Actual Rows": 4,"Actual Loops": 5,"Group Key": ["l_returnflag", "l_linestatus"],"Planned Partitions": 0,"HashAgg Batches": 1,"Peak Memory Usage": 32,"Disk Usage": 0,"Workers": [{"Worker Number": 0,"HashAgg Batches": 1,"Peak Memory Usage": 32,"Disk Usage": 0},{"Worker Number": 1,"HashAgg Batches": 1,"Peak Memory Usage": 32,"Disk Usage": 0},{"Worker Number": 2,"HashAgg Batches": 1,"Peak Memory Usage": 32,"Disk Usage": 0},{"Worker Number": 3,"HashAgg Batches": 1,"Peak Memory Usage": 32,"Disk Usage": 0}],"Plans": [{"Node Type": "Seq Scan","Parent Relationship": "Outer","Parallel Aware": true,"Async Capable": false,"Relation Name": "lineitem","Alias": "lineitem","Startup Cost": 0.00,"Total Cost": 131256.80,"Plan Rows": 1473334,"Plan Width": 25,"Actual Startup Time": 0.047,"Actual Total Time": 599.978,"Actual Rows": 1178947,"Actual Loops": 5,"Filter": "(l_shipdate <= '1998-08-22 00:00:00'::timestamp without time zone)","Rows Removed by Filter": 21296,"Workers": []}]}]}]}]},"Planning Time": 2.579,"Triggers": [],"Execution Time": 1656.641}]
[{"Plan": {"Node Type": "Aggregate","Strategy": "Sorted","Partial Mode": "Finalize","Parallel Aware": false,"Async Capable": false,"Startup Cost": 184204.38,"Total Cost": 184208.20,"Plan Rows": 6,"Plan Width": 236,"Actual Startup Time": 1633.981,"Actual Total Time": 1667.258,"Actual Rows": 4,"Actual Loops": 1,"Group Key": ["l_returnflag", "l_linestatus"],"Plans": [{"Node Type": "Gather Merge","Parent Relationship": "Outer","Parallel Aware": false,"Async Capable": false,"Startup Cost": 184204.38,"Total Cost": 184207.26,"Plan Rows": 24,"Plan Width": 236,"Actual Startup Time": 1633.916,"Actual Total Time": 1667.158,"Actual Rows": 20,"Actual Loops": 1,"Workers Planned": 4,"Workers Launched": 4,"Plans": [{"Node Type": "Sort","Parent Relationship": "Outer","Parallel Aware": false,"Async Capable": false,"Startup Cost": 183204.32,"Total Cost": 183204.34,"Plan Rows": 6,"Plan Width": 236,"Actual Startup Time": 1625.100,"Actual Total Time": 1625.105,"Actual Rows": 4,"Actual Loops": 5,"Sort Key": ["l_returnflag", "l_linestatus"],"Sort Method": "quicksort","Sort Space Used": 27,"Sort Space Type": "Memory","Workers": [{"Worker Number": 0,"Sort Method": "quicksort","Sort Space Used": 27,"Sort Space Type": "Memory"},{"Worker Number": 1,"Sort Method": "quicksort","Sort Space Used": 27,"Sort Space Type": "Memory"},{"Worker Number": 2,"Sort Method": "quicksort","Sort Space Used": 27,"Sort Space Type": "Memory"},{"Worker Number": 3,"Sort Method": "quicksort","Sort Space Used": 27,"Sort Space Type": "Memory"}],"Plans": [{"Node Type": "Aggregate","Strategy": "Hashed","Partial Mode": "Partial","Parent Relationship": "Outer","Parallel Aware": false,"Async Capable": false,"Startup Cost": 183204.11,"Total Cost": 183204.25,"Plan Rows": 6,"Plan Width": 236,"Actual Startup Time": 1624.988,"Actual Total Time": 1624.999,"Actual Rows": 4,"Actual Loops": 5,"Group Key": ["l_returnflag", "l_linestatus"],"Planned Partitions": 0,"HashAgg Batches": 1,"Peak Memory Usage": 32,"Disk Usage": 0,"Workers": [{"Worker Number": 0,"HashAgg Batches": 1,"Peak Memory Usage": 32,"Disk Usage": 0},{"Worker Number": 1,"HashAgg Batches": 1,"Peak Memory Usage": 32,"Disk Usage": 0},{"Worker Number": 2,"HashAgg Batches": 1,"Peak Memory Usage": 32,"Disk Usage": 0},{"Worker Number": 3,"HashAgg Batches": 1,"Peak Memory Usage": 32,"Disk Usage": 0}],"Plans": [{"Node Type": "Seq Scan","Parent Relationship": "Outer","Parallel Aware": true,"Async Capable": false,"Relation Name": "lineitem","Alias": "lineitem","Startup Cost": 0.00,"Total Cost": 131256.80,"Plan Rows": 1484209,"Plan Width": 25,"Actual Startup Time": 0.040,"Actual Total Time": 604.937,"Actual Rows": 1188181,"Actual Loops": 5,"Filter": "(l_shipdate <= '1998-09-16 00:00:00'::timestamp without time zone)","Rows Removed by Filter": 12062,"Workers": []}]}]}]}]},"Planning Time": 3.653,"Triggers": [],"Execution Time": 1667.715}]
[{"Plan": {"Node Type": "Aggregate","Strategy": "Sorted","Partial Mode": "Finalize","Parallel Aware": false,"Async Capable": false,"Startup Cost": 184328.04,"Total Cost": 184331.86,"Plan Rows": 6,"Plan Width": 236,"Actual Startup Time": 1635.956,"Actual Total Time": 1669.939,"Actual Rows": 4,"Actual Loops": 1,"Group Key": ["l_returnflag", "l_linestatus"],"Plans": [{"Node Type": "Gather Merge","Parent Relationship": "Outer","Parallel Aware": false,"Async Capable": false,"Startup Cost": 184328.04,"Total Cost": 184330.91,"Plan Rows": 24,"Plan Width": 236,"Actual Startup Time": 1635.886,"Actual Total Time": 1669.839,"Actual Rows": 20,"Actual Loops": 1,"Workers Planned": 4,"Workers Launched": 4,"Plans": [{"Node Type": "Sort","Parent Relationship": "Outer","Parallel Aware": false,"Async Capable": false,"Startup Cost": 183327.98,"Total Cost": 183327.99,"Plan Rows": 6,"Plan Width": 236,"Actual Startup Time": 1627.958,"Actual Total Time": 1627.963,"Actual Rows": 4,"Actual Loops": 5,"Sort Key": ["l_returnflag", "l_linestatus"],"Sort Method": "quicksort","Sort Space Used": 27,"Sort Space Type": "Memory","Workers": [{"Worker Number": 0,"Sort Method": "quicksort","Sort Space Used": 27,"Sort Space Type": "Memory"},{"Worker Number": 1,"Sort Method": "quicksort","Sort Space Used": 27,"Sort Space Type": "Memory"},{"Worker Number": 2,"Sort Method": "quicksort","Sort Space Used": 27,"Sort Space Type": "Memory"},{"Worker Number": 3,"Sort Method": "quicksort","Sort Space Used": 27,"Sort Space Type": "Memory"}],"Plans": [{"Node Type": "Aggregate","Strategy": "Hashed","Partial Mode": "Partial","Parent Relationship": "Outer","Parallel Aware": false,"Async Capable": false,"Startup Cost": 183327.77,"Total Cost": 183327.90,"Plan Rows": 6,"Plan Width": 236,"Actual Startup Time": 1627.844,"Actual Total Time": 1627.853,"Actual Rows": 4,"Actual Loops": 5,"Group Key": ["l_returnflag", "l_linestatus"],"Planned Partitions": 0,"HashAgg Batches": 1,"Peak Memory Usage": 32,"Disk Usage": 0,"Workers": [{"Worker Number": 0,"HashAgg Batches": 1,"Peak Memory Usage": 32,"Disk Usage": 0},{"Worker Number": 1,"HashAgg Batches": 1,"Peak Memory Usage": 32,"Disk Usage": 0},{"Worker Number": 2,"HashAgg Batches": 1,"Peak Memory Usage": 32,"Disk Usage": 0},{"Worker Number": 3,"HashAgg Batches": 1,"Peak Memory Usage": 32,"Disk Usage": 0}],"Plans": [{"Node Type": "Seq Scan","Parent Relationship": "Outer","Parallel Aware": true,"Async Capable": false,"Relation Name": "lineitem","Alias": "lineitem","Startup Cost": 0.00,"Total Cost": 131256.80,"Plan Rows": 1487742,"Plan Width": 25,"Actual Startup Time": 0.040,"Actual Total Time": 600.899,"Actual Rows": 1192163,"Actual Loops": 5,"Filter": "(l_shipdate <= '1998-09-30 00:00:00'::timestamp without time zone)","Rows Removed by Filter": 8080,"Workers": []}]}]}]}]},"Planning Time": 2.946,"Triggers": [],"Execution Time": 1670.282}]
[{"Plan": {"Node Type": "Aggregate","Strategy": "Sorted","Partial Mode": "Finalize","Parallel Aware": false,"Async Capable": false,"Startup Cost": 183493.50,"Total Cost": 183497.32,"Plan Rows": 6,"Plan Width": 236,"Actual Startup Time": 1609.024,"Actual Total Time": 1641.882,"Actual Rows": 4,"Actual Loops": 1,"Group Key": ["l_returnflag", "l_linestatus"],"Plans": [{"Node Type": "Gather Merge","Parent Relationship": "Outer","Parallel Aware": false,"Async Capable": false,"Startup Cost": 183493.50,"Total Cost": 183496.37,"Plan Rows": 24,"Plan Width": 236,"Actual Startup Time": 1608.904,"Actual Total Time": 1641.764,"Actual Rows": 20,"Actual Loops": 1,"Workers Planned": 4,"Workers Launched": 4,"Plans": [{"Node Type": "Sort","Parent Relationship": "Outer","Parallel Aware": false,"Async Capable": false,"Startup Cost": 182493.44,"Total Cost": 182493.45,"Plan Rows": 6,"Plan Width": 236,"Actual Startup Time": 1601.101,"Actual Total Time": 1601.104,"Actual Rows": 4,"Actual Loops": 5,"Sort Key": ["l_returnflag", "l_linestatus"],"Sort Method": "quicksort","Sort Space Used": 27,"Sort Space Type": "Memory","Workers": [{"Worker Number": 0,"Sort Method": "quicksort","Sort Space Used": 27,"Sort Space Type": "Memory"},{"Worker Number": 1,"Sort Method": "quicksort","Sort Space Used": 27,"Sort Space Type": "Memory"},{"Worker Number": 2,"Sort Method": "quicksort","Sort Space Used": 27,"Sort Space Type": "Memory"},{"Worker Number": 3,"Sort Method": "quicksort","Sort Space Used": 27,"Sort Space Type": "Memory"}],"Plans": [{"Node Type": "Aggregate","Strategy": "Hashed","Partial Mode": "Partial","Parent Relationship": "Outer","Parallel Aware": false,"Async Capable": false,"Startup Cost": 182493.23,"Total Cost": 182493.36,"Plan Rows": 6,"Plan Width": 236,"Actual Startup Time": 1601.000,"Actual Total Time": 1601.008,"Actual Rows": 4,"Actual Loops": 5,"Group Key": ["l_returnflag", "l_linestatus"],"Planned Partitions": 0,"HashAgg Batches": 1,"Peak Memory Usage": 32,"Disk Usage": 0,"Workers": [{"Worker Number": 0,"HashAgg Batches": 1,"Peak Memory Usage": 32,"Disk Usage": 0},{"Worker Number": 1,"HashAgg Batches": 1,"Peak Memory Usage": 32,"Disk Usage": 0},{"Worker Number": 2,"HashAgg Batches": 1,"Peak Memory Usage": 32,"Disk Usage": 0},{"Worker Number": 3,"HashAgg Batches": 1,"Peak Memory Usage": 32,"Disk Usage": 0}],"Plans": [{"Node Type": "Seq Scan","Parent Relationship": "Outer","Parallel Aware": true,"Async Capable": false,"Relation Name": "lineitem","Alias": "lineitem","Startup Cost": 0.00,"Total Cost": 131256.80,"Plan Rows": 1463898,"Plan Width": 25,"Actual Startup Time": 0.042,"Actual Total Time": 598.084,"Actual Rows": 1170668,"Actual Loops": 5,"Filter": "(l_shipdate <= '1998-08-04 00:00:00'::timestamp without time zone)","Rows Removed by Filter": 29575,"Workers": []}]}]}]}]},"Planning Time": 3.512,"Triggers": [],"Execution Time": 1642.332}]
[{"Plan": {"Node Type": "Aggregate","Strategy": "Sorted","Partial Mode": "Finalize","Parallel Aware": false,"Async Capable": false,"Startup Cost": 183672.66,"Total Cost": 183676.48,"Plan Rows": 6,"Plan Width": 236,"Actual Startup Time": 1616.111,"Actual Total Time": 1649.293,"Actual Rows": 4,"Actual Loops": 1,"Group Key": ["l_returnflag", "l_linestatus"],"Plans": [{"Node Type": "Gather Merge","Parent Relationship": "Outer","Parallel Aware": false,"Async Capable": false,"Startup Cost": 183672.66,"Total Cost": 183675.54,"Plan Rows": 24,"Plan Width": 236,"Actual Startup Time": 1616.040,"Actual Total Time": 1649.181,"Actual Rows": 20,"Actual Loops": 1,"Workers Planned": 4,"Workers Launched": 4,"Plans": [{"Node Type": "Sort","Parent Relationship": "Outer","Parallel Aware": false,"Async Capable": false,"Startup Cost": 182672.60,"Total Cost": 182672.62,"Plan Rows": 6,"Plan Width": 236,"Actual Startup Time": 1608.293,"Actual Total Time": 1608.295,"Actual Rows": 4,"Actual Loops": 5,"Sort Key": ["l_returnflag", "l_linestatus"],"Sort Method": "quicksort","Sort Space Used": 27,"Sort Space Type": "Memory","Workers": [{"Worker Number": 0,"Sort Method": "quicksort","Sort Space Used": 27,"Sort Space Type": "Memory"},{"Worker Number": 1,"Sort Method": "quicksort","Sort Space Used": 27,"Sort Space Type": "Memory"},{"Worker Number": 2,"Sort Method": "quicksort","Sort Space Used": 27,"Sort Space Type": "Memory"},{"Worker Number": 3,"Sort Method": "quicksort","Sort Space Used": 27,"Sort Space Type": "Memory"}],"Plans": [{"Node Type": "Aggregate","Strategy": "Hashed","Partial Mode": "Partial","Parent Relationship": "Outer","Parallel Aware": false,"Async Capable": false,"Startup Cost": 182672.39,"Total Cost": 182672.53,"Plan Rows": 6,"Plan Width": 236,"Actual Startup Time": 1608.122,"Actual Total Time": 1608.128,"Actual Rows": 4,"Actual Loops": 5,"Group Key": ["l_returnflag", "l_linestatus"],"Planned Partitions": 0,"HashAgg Batches": 1,"Peak Memory Usage": 32,"Disk Usage": 0,"Workers": [{"Worker Number": 0,"HashAgg Batches": 1,"Peak Memory Usage": 32,"Disk Usage": 0},{"Worker Number": 1,"HashAgg Batches": 1,"Peak Memory Usage": 32,"Disk Usage": 0},{"Worker Number": 2,"HashAgg Batches": 1,"Peak Memory Usage": 32,"Disk Usage": 0},{"Worker Number": 3,"HashAgg Batches": 1,"Peak Memory Usage": 32,"Disk Usage": 0}],"Plans": [{"Node Type": "Seq Scan","Parent Relationship": "Outer","Parallel Aware": true,"Async Capable": false,"Relation Name": "lineitem","Alias": "lineitem","Startup Cost": 0.00,"Total Cost": 131256.80,"Plan Rows": 1469017,"Plan Width": 25,"Actual Startup Time": 0.038,"Actual Total Time": 601.467,"Actual Rows": 1175005,"Actual Loops": 5,"Filter": "(l_shipdate <= '1998-08-13 00:00:00'::timestamp without time zone)","Rows Removed by Filter": 25238,"Workers": []}]}]}]}]},"Planning Time": 3.226,"Triggers": [],"Execution Time": 1649.755}]
[{"Plan": {"Node Type": "Aggregate","Strategy": "Sorted","Partial Mode": "Finalize","Parallel Aware": false,"Async Capable": false,"Startup Cost": 183899.88,"Total Cost": 183903.70,"Plan Rows": 6,"Plan Width": 236,"Actual Startup Time": 1631.667,"Actual Total Time": 1664.196,"Actual Rows": 4,"Actual Loops": 1,"Group Key": ["l_returnflag", "l_linestatus"],"Plans": [{"Node Type": "Gather Merge","Parent Relationship": "Outer","Parallel Aware": false,"Async Capable": false,"Startup Cost": 183899.88,"Total Cost": 183902.76,"Plan Rows": 24,"Plan Width": 236,"Actual Startup Time": 1631.585,"Actual Total Time": 1664.073,"Actual Rows": 20,"Actual Loops": 1,"Workers Planned": 4,"Workers Launched": 4,"Plans": [{"Node Type": "Sort","Parent Relationship": "Outer","Parallel Aware": false,"Async Capable": false,"Startup Cost": 182899.82,"Total Cost": 182899.84,"Plan Rows": 6,"Plan Width": 236,"Actual Startup Time": 1623.935,"Actual Total Time": 1623.946,"Actual Rows": 4,"Actual Loops": 5,"Sort Key": ["l_returnflag", "l_linestatus"],"Sort Method": "quicksort","Sort Space Used": 27,"Sort Space Type": "Memory","Workers": [{"Worker Number": 0,"Sort Method": "quicksort","Sort Space Used": 27,"Sort Space Type": "Memory"},{"Worker Number": 1,"Sort Method": "quicksort","Sort Space Used": 27,"Sort Space Type": "Memory"},{"Worker Number": 2,"Sort Method": "quicksort","Sort Space Used": 27,"Sort Space Type": "Memory"},{"Worker Number": 3,"Sort Method": "quicksort","Sort Space Used": 27,"Sort Space Type": "Memory"}],"Plans": [{"Node Type": "Aggregate","Strategy": "Hashed","Partial Mode": "Partial","Parent Relationship": "Outer","Parallel Aware": false,"Async Capable": false,"Startup Cost": 182899.61,"Total Cost": 182899.75,"Plan Rows": 6,"Plan Width": 236,"Actual Startup Time": 1623.729,"Actual Total Time": 1623.744,"Actual Rows": 4,"Actual Loops": 5,"Group Key": ["l_returnflag", "l_linestatus"],"Planned Partitions": 0,"HashAgg Batches": 1,"Peak Memory Usage": 32,"Disk Usage": 0,"Workers": [{"Worker Number": 0,"HashAgg Batches": 1,"Peak Memory Usage": 32,"Disk Usage": 0},{"Worker Number": 1,"HashAgg Batches": 1,"Peak Memory Usage": 32,"Disk Usage": 0},{"Worker Number": 2,"HashAgg Batches": 1,"Peak Memory Usage": 32,"Disk Usage": 0},{"Worker Number": 3,"HashAgg Batches": 1,"Peak Memory Usage": 32,"Disk Usage": 0}],"Plans": [{"Node Type": "Seq Scan","Parent Relationship": "Outer","Parallel Aware": true,"Async Capable": false,"Relation Name": "lineitem","Alias": "lineitem","Startup Cost": 0.00,"Total Cost": 131256.80,"Plan Rows": 1475509,"Plan Width": 25,"Actual Startup Time": 0.043,"Actual Total Time": 609.151,"Actual Rows": 1181003,"Actual Loops": 5,"Filter": "(l_shipdate <= '1998-08-27 00:00:00'::timestamp without time zone)","Rows Removed by Filter": 19240,"Workers": []}]}]}]}]},"Planning Time": 2.796,"Triggers": [],"Execution Time": 1664.547}]
[{"Plan": {"Node Type": "Aggregate","Strategy": "Sorted","Partial Mode": "Finalize","Parallel Aware": false,"Async Capable": false,"Startup Cost": 184173.93,"Total Cost": 184177.75,"Plan Rows": 6,"Plan Width": 236,"Actual Startup Time": 1644.533,"Actual Total Time": 1680.145,"Actual Rows": 4,"Actual Loops": 1,"Group Key": ["l_returnflag", "l_linestatus"],"Plans": [{"Node Type": "Gather Merge","Parent Relationship": "Outer","Parallel Aware": false,"Async Capable": false,"Startup Cost": 184173.93,"Total Cost": 184176.81,"Plan Rows": 24,"Plan Width": 236,"Actual Startup Time": 1644.414,"Actual Total Time": 1680.013,"Actual Rows": 20,"Actual Loops": 1,"Workers Planned": 4,"Workers Launched": 4,"Plans": [{"Node Type": "Sort","Parent Relationship": "Outer","Parallel Aware": false,"Async Capable": false,"Startup Cost": 183173.87,"Total Cost": 183173.89,"Plan Rows": 6,"Plan Width": 236,"Actual Startup Time": 1636.962,"Actual Total Time": 1636.966,"Actual Rows": 4,"Actual Loops": 5,"Sort Key": ["l_returnflag", "l_linestatus"],"Sort Method": "quicksort","Sort Space Used": 27,"Sort Space Type": "Memory","Workers": [{"Worker Number": 0,"Sort Method": "quicksort","Sort Space Used": 27,"Sort Space Type": "Memory"},{"Worker Number": 1,"Sort Method": "quicksort","Sort Space Used": 27,"Sort Space Type": "Memory"},{"Worker Number": 2,"Sort Method": "quicksort","Sort Space Used": 27,"Sort Space Type": "Memory"},{"Worker Number": 3,"Sort Method": "quicksort","Sort Space Used": 27,"Sort Space Type": "Memory"}],"Plans": [{"Node Type": "Aggregate","Strategy": "Hashed","Partial Mode": "Partial","Parent Relationship": "Outer","Parallel Aware": false,"Async Capable": false,"Startup Cost": 183173.66,"Total Cost": 183173.80,"Plan Rows": 6,"Plan Width": 236,"Actual Startup Time": 1636.864,"Actual Total Time": 1636.873,"Actual Rows": 4,"Actual Loops": 5,"Group Key": ["l_returnflag", "l_linestatus"],"Planned Partitions": 0,"HashAgg Batches": 1,"Peak Memory Usage": 32,"Disk Usage": 0,"Workers": [{"Worker Number": 0,"HashAgg Batches": 1,"Peak Memory Usage": 32,"Disk Usage": 0},{"Worker Number": 1,"HashAgg Batches": 1,"Peak Memory Usage": 32,"Disk Usage": 0},{"Worker Number": 2,"HashAgg Batches": 1,"Peak Memory Usage": 32,"Disk Usage": 0},{"Worker Number": 3,"HashAgg Batches": 1,"Peak Memory Usage": 32,"Disk Usage": 0}],"Plans": [{"Node Type": "Seq Scan","Parent Relationship": "Outer","Parallel Aware": true,"Async Capable": false,"Relation Name": "lineitem","Alias": "lineitem","Startup Cost": 0.00,"Total Cost": 131256.80,"Plan Rows": 1483339,"Plan Width": 25,"Actual Startup Time": 0.043,"Actual Total Time": 617.694,"Actual Rows": 1187554,"Actual Loops": 5,"Filter": "(l_shipdate <= '1998-09-14 00:00:00'::timestamp without time zone)","Rows Removed by Filter": 12689,"Workers": []}]}]}]}]},"Planning Time": 3.116,"Triggers": [],"Execution Time": 1680.478}]
[{"Plan": {"Node Type": "Aggregate","Strategy": "Sorted","Partial Mode": "Finalize","Parallel Aware": false,"Async Capable": false,"Startup Cost": 184113.03,"Total Cost": 184116.85,"Plan Rows": 6,"Plan Width": 236,"Actual Startup Time": 1626.286,"Actual Total Time": 1659.080,"Actual Rows": 4,"Actual Loops": 1,"Group Key": ["l_returnflag", "l_linestatus"],"Plans": [{"Node Type": "Gather Merge","Parent Relationship": "Outer","Parallel Aware": false,"Async Capable": false,"Startup Cost": 184113.03,"Total Cost": 184115.91,"Plan Rows": 24,"Plan Width": 236,"Actual Startup Time": 1626.211,"Actual Total Time": 1658.952,"Actual Rows": 20,"Actual Loops": 1,"Workers Planned": 4,"Workers Launched": 4,"Plans": [{"Node Type": "Sort","Parent Relationship": "Outer","Parallel Aware": false,"Async Capable": false,"Startup Cost": 183112.97,"Total Cost": 183112.99,"Plan Rows": 6,"Plan Width": 236,"Actual Startup Time": 1618.938,"Actual Total Time": 1618.943,"Actual Rows": 4,"Actual Loops": 5,"Sort Key": ["l_returnflag", "l_linestatus"],"Sort Method": "quicksort","Sort Space Used": 27,"Sort Space Type": "Memory","Workers": [{"Worker Number": 0,"Sort Method": "quicksort","Sort Space Used": 27,"Sort Space Type": "Memory"},{"Worker Number": 1,"Sort Method": "quicksort","Sort Space Used": 27,"Sort Space Type": "Memory"},{"Worker Number": 2,"Sort Method": "quicksort","Sort Space Used": 27,"Sort Space Type": "Memory"},{"Worker Number": 3,"Sort Method": "quicksort","Sort Space Used": 27,"Sort Space Type": "Memory"}],"Plans": [{"Node Type": "Aggregate","Strategy": "Hashed","Partial Mode": "Partial","Parent Relationship": "Outer","Parallel Aware": false,"Async Capable": false,"Startup Cost": 183112.76,"Total Cost": 183112.90,"Plan Rows": 6,"Plan Width": 236,"Actual Startup Time": 1618.825,"Actual Total Time": 1618.836,"Actual Rows": 4,"Actual Loops": 5,"Group Key": ["l_returnflag", "l_linestatus"],"Planned Partitions": 0,"HashAgg Batches": 1,"Peak Memory Usage": 32,"Disk Usage": 0,"Workers": [{"Worker Number": 0,"HashAgg Batches": 1,"Peak Memory Usage": 32,"Disk Usage": 0},{"Worker Number": 1,"HashAgg Batches": 1,"Peak Memory Usage": 32,"Disk Usage": 0},{"Worker Number": 2,"HashAgg Batches": 1,"Peak Memory Usage": 32,"Disk Usage": 0},{"Worker Number": 3,"HashAgg Batches": 1,"Peak Memory Usage": 32,"Disk Usage": 0}],"Plans": [{"Node Type": "Seq Scan","Parent Relationship": "Outer","Parallel Aware": true,"Async Capable": false,"Relation Name": "lineitem","Alias": "lineitem","Startup Cost": 0.00,"Total Cost": 131256.80,"Plan Rows": 1481599,"Plan Width": 25,"Actual Startup Time": 0.033,"Actual Total Time": 600.023,"Actual Rows": 1186191,"Actual Loops": 5,"Filter": "(l_shipdate <= '1998-09-10 00:00:00'::timestamp without time zone)","Rows Removed by Filter": 14052,"Workers": []}]}]}]}]},"Planning Time": 2.494,"Triggers": [],"Execution Time": 1659.387}]
[{"Plan": {"Node Type": "Aggregate","Strategy": "Sorted","Partial Mode": "Finalize","Parallel Aware": false,"Async Capable": false,"Startup Cost": 183473.58,"Total Cost": 183477.40,"Plan Rows": 6,"Plan Width": 236,"Actual Startup Time": 1609.307,"Actual Total Time": 1642.760,"Actual Rows": 4,"Actual Loops": 1,"Group Key": ["l_returnflag", "l_linestatus"],"Plans": [{"Node Type": "Gather Merge","Parent Relationship": "Outer","Parallel Aware": false,"Async Capable": false,"Startup Cost": 183473.58,"Total Cost": 183476.46,"Plan Rows": 24,"Plan Width": 236,"Actual Startup Time": 1609.212,"Actual Total Time": 1642.638,"Actual Rows": 20,"Actual Loops": 1,"Workers Planned": 4,"Workers Launched": 4,"Plans": [{"Node Type": "Sort","Parent Relationship": "Outer","Parallel Aware": false,"Async Capable": false,"Startup Cost": 182473.52,"Total Cost": 182473.54,"Plan Rows": 6,"Plan Width": 236,"Actual Startup Time": 1601.377,"Actual Total Time": 1601.382,"Actual Rows": 4,"Actual Loops": 5,"Sort Key": ["l_returnflag", "l_linestatus"],"Sort Method": "quicksort","Sort Space Used": 27,"Sort Space Type": "Memory","Workers": [{"Worker Number": 0,"Sort Method": "quicksort","Sort Space Used": 27,"Sort Space Type": "Memory"},{"Worker Number": 1,"Sort Method": "quicksort","Sort Space Used": 27,"Sort Space Type": "Memory"},{"Worker Number": 2,"Sort Method": "quicksort","Sort Space Used": 27,"Sort Space Type": "Memory"},{"Worker Number": 3,"Sort Method": "quicksort","Sort Space Used": 27,"Sort Space Type": "Memory"}],"Plans": [{"Node Type": "Aggregate","Strategy": "Hashed","Partial Mode": "Partial","Parent Relationship": "Outer","Parallel Aware": false,"Async Capable": false,"Startup Cost": 182473.31,"Total Cost": 182473.45,"Plan Rows": 6,"Plan Width": 236,"Actual Startup Time": 1601.162,"Actual Total Time": 1601.170,"Actual Rows": 4,"Actual Loops": 5,"Group Key": ["l_returnflag", "l_linestatus"],"Planned Partitions": 0,"HashAgg Batches": 1,"Peak Memory Usage": 32,"Disk Usage": 0,"Workers": [{"Worker Number": 0,"HashAgg Batches": 1,"Peak Memory Usage": 32,"Disk Usage": 0},{"Worker Number": 1,"HashAgg Batches": 1,"Peak Memory Usage": 32,"Disk Usage": 0},{"Worker Number": 2,"HashAgg Batches": 1,"Peak Memory Usage": 32,"Disk Usage": 0},{"Worker Number": 3,"HashAgg Batches": 1,"Peak Memory Usage": 32,"Disk Usage": 0}],"Plans": [{"Node Type": "Seq Scan","Parent Relationship": "Outer","Parallel Aware": true,"Async Capable": false,"Relation Name": "lineitem","Alias": "lineitem","Startup Cost": 0.00,"Total Cost": 131256.80,"Plan Rows": 1463329,"Plan Width": 25,"Actual Startup Time": 0.041,"Actual Total Time": 597.161,"Actual Rows": 1170174,"Actual Loops": 5,"Filter": "(l_shipdate <= '1998-08-03 00:00:00'::timestamp without time zone)","Rows Removed by Filter": 30069,"Workers": []}]}]}]}]},"Planning Time": 2.665,"Triggers": [],"Execution Time": 1643.121}]
[{"Plan": {"Node Type": "Aggregate","Strategy": "Sorted","Partial Mode": "Finalize","Parallel Aware": false,"Async Capable": false,"Startup Cost": 184219.61,"Total Cost": 184223.43,"Plan Rows": 6,"Plan Width": 236,"Actual Startup Time": 1646.602,"Actual Total Time": 1679.901,"Actual Rows": 4,"Actual Loops": 1,"Group Key": ["l_returnflag", "l_linestatus"],"Plans": [{"Node Type": "Gather Merge","Parent Relationship": "Outer","Parallel Aware": false,"Async Capable": false,"Startup Cost": 184219.61,"Total Cost": 184222.48,"Plan Rows": 24,"Plan Width": 236,"Actual Startup Time": 1646.535,"Actual Total Time": 1679.806,"Actual Rows": 20,"Actual Loops": 1,"Workers Planned": 4,"Workers Launched": 4,"Plans": [{"Node Type": "Sort","Parent Relationship": "Outer","Parallel Aware": false,"Async Capable": false,"Startup Cost": 183219.55,"Total Cost": 183219.56,"Plan Rows": 6,"Plan Width": 236,"Actual Startup Time": 1638.551,"Actual Total Time": 1638.556,"Actual Rows": 4,"Actual Loops": 5,"Sort Key": ["l_returnflag", "l_linestatus"],"Sort Method": "quicksort","Sort Space Used": 27,"Sort Space Type": "Memory","Workers": [{"Worker Number": 0,"Sort Method": "quicksort","Sort Space Used": 27,"Sort Space Type": "Memory"},{"Worker Number": 1,"Sort Method": "quicksort","Sort Space Used": 27,"Sort Space Type": "Memory"},{"Worker Number": 2,"Sort Method": "quicksort","Sort Space Used": 27,"Sort Space Type": "Memory"},{"Worker Number": 3,"Sort Method": "quicksort","Sort Space Used": 27,"Sort Space Type": "Memory"}],"Plans": [{"Node Type": "Aggregate","Strategy": "Hashed","Partial Mode": "Partial","Parent Relationship": "Outer","Parallel Aware": false,"Async Capable": false,"Startup Cost": 183219.34,"Total Cost": 183219.47,"Plan Rows": 6,"Plan Width": 236,"Actual Startup Time": 1638.441,"Actual Total Time": 1638.450,"Actual Rows": 4,"Actual Loops": 5,"Group Key": ["l_returnflag", "l_linestatus"],"Planned Partitions": 0,"HashAgg Batches": 1,"Peak Memory Usage": 32,"Disk Usage": 0,"Workers": [{"Worker Number": 0,"HashAgg Batches": 1,"Peak Memory Usage": 32,"Disk Usage": 0},{"Worker Number": 1,"HashAgg Batches": 1,"Peak Memory Usage": 32,"Disk Usage": 0},{"Worker Number": 2,"HashAgg Batches": 1,"Peak Memory Usage": 32,"Disk Usage": 0},{"Worker Number": 3,"HashAgg Batches": 1,"Peak Memory Usage": 32,"Disk Usage": 0}],"Plans": [{"Node Type": "Seq Scan","Parent Relationship": "Outer","Parallel Aware": true,"Async Capable": false,"Relation Name": "lineitem","Alias": "lineitem","Startup Cost": 0.00,"Total Cost": 131256.80,"Plan Rows": 1484644,"Plan Width": 25,"Actual Startup Time": 0.045,"Actual Total Time": 617.400,"Actual Rows": 1188486,"Actual Loops": 5,"Filter": "(l_shipdate <= '1998-09-17 00:00:00'::timestamp without time zone)","Rows Removed by Filter": 11757,"Workers": []}]}]}]}]},"Planning Time": 3.561,"Triggers": [],"Execution Time": 1680.351}]
[{"Plan": {"Node Type": "Aggregate","Strategy": "Sorted","Partial Mode": "Finalize","Parallel Aware": false,"Async Capable": false,"Startup Cost": 184278.41,"Total Cost": 184282.23,"Plan Rows": 6,"Plan Width": 236,"Actual Startup Time": 1657.585,"Actual Total Time": 1690.491,"Actual Rows": 4,"Actual Loops": 1,"Group Key": ["l_returnflag", "l_linestatus"],"Plans": [{"Node Type": "Gather Merge","Parent Relationship": "Outer","Parallel Aware": false,"Async Capable": false,"Startup Cost": 184278.41,"Total Cost": 184281.28,"Plan Rows": 24,"Plan Width": 236,"Actual Startup Time": 1657.498,"Actual Total Time": 1690.371,"Actual Rows": 20,"Actual Loops": 1,"Workers Planned": 4,"Workers Launched": 4,"Plans": [{"Node Type": "Sort","Parent Relationship": "Outer","Parallel Aware": false,"Async Capable": false,"Startup Cost": 183278.35,"Total Cost": 183278.36,"Plan Rows": 6,"Plan Width": 236,"Actual Startup Time": 1649.559,"Actual Total Time": 1649.565,"Actual Rows": 4,"Actual Loops": 5,"Sort Key": ["l_returnflag", "l_linestatus"],"Sort Method": "quicksort","Sort Space Used": 27,"Sort Space Type": "Memory","Workers": [{"Worker Number": 0,"Sort Method": "quicksort","Sort Space Used": 27,"Sort Space Type": "Memory"},{"Worker Number": 1,"Sort Method": "quicksort","Sort Space Used": 27,"Sort Space Type": "Memory"},{"Worker Number": 2,"Sort Method": "quicksort","Sort Space Used": 27,"Sort Space Type": "Memory"},{"Worker Number": 3,"Sort Method": "quicksort","Sort Space Used": 27,"Sort Space Type": "Memory"}],"Plans": [{"Node Type": "Aggregate","Strategy": "Hashed","Partial Mode": "Partial","Parent Relationship": "Outer","Parallel Aware": false,"Async Capable": false,"Startup Cost": 183278.14,"Total Cost": 183278.27,"Plan Rows": 6,"Plan Width": 236,"Actual Startup Time": 1649.443,"Actual Total Time": 1649.453,"Actual Rows": 4,"Actual Loops": 5,"Group Key": ["l_returnflag", "l_linestatus"],"Planned Partitions": 0,"HashAgg Batches": 1,"Peak Memory Usage": 32,"Disk Usage": 0,"Workers": [{"Worker Number": 0,"HashAgg Batches": 1,"Peak Memory Usage": 32,"Disk Usage": 0},{"Worker Number": 1,"HashAgg Batches": 1,"Peak Memory Usage": 32,"Disk Usage": 0},{"Worker Number": 2,"HashAgg Batches": 1,"Peak Memory Usage": 32,"Disk Usage": 0},{"Worker Number": 3,"HashAgg Batches": 1,"Peak Memory Usage": 32,"Disk Usage": 0}],"Plans": [{"Node Type": "Seq Scan","Parent Relationship": "Outer","Parallel Aware": true,"Async Capable": false,"Relation Name": "lineitem","Alias": "lineitem","Startup Cost": 0.00,"Total Cost": 131256.80,"Plan Rows": 1486324,"Plan Width": 25,"Actual Startup Time": 0.045,"Actual Total Time": 616.953,"Actual Rows": 1190268,"Actual Loops": 5,"Filter": "(l_shipdate <= '1998-09-23 00:00:00'::timestamp without time zone)","Rows Removed by Filter": 9975,"Workers": []}]}]}]}]},"Planning Time": 3.178,"Triggers": [],"Execution Time": 1690.759}]
[{"Plan": {"Node Type": "Aggregate","Strategy": "Sorted","Partial Mode": "Finalize","Parallel Aware": false,"Async Capable": false,"Startup Cost": 183945.56,"Total Cost": 183949.38,"Plan Rows": 6,"Plan Width": 236,"Actual Startup Time": 1624.685,"Actual Total Time": 1659.093,"Actual Rows": 4,"Actual Loops": 1,"Group Key": ["l_returnflag", "l_linestatus"],"Plans": [{"Node Type": "Gather Merge","Parent Relationship": "Outer","Parallel Aware": false,"Async Capable": false,"Startup Cost": 183945.56,"Total Cost": 183948.43,"Plan Rows": 24,"Plan Width": 236,"Actual Startup Time": 1624.576,"Actual Total Time": 1658.968,"Actual Rows": 20,"Actual Loops": 1,"Workers Planned": 4,"Workers Launched": 4,"Plans": [{"Node Type": "Sort","Parent Relationship": "Outer","Parallel Aware": false,"Async Capable": false,"Startup Cost": 182945.50,"Total Cost": 182945.51,"Plan Rows": 6,"Plan Width": 236,"Actual Startup Time": 1616.640,"Actual Total Time": 1616.644,"Actual Rows": 4,"Actual Loops": 5,"Sort Key": ["l_returnflag", "l_linestatus"],"Sort Method": "quicksort","Sort Space Used": 27,"Sort Space Type": "Memory","Workers": [{"Worker Number": 0,"Sort Method": "quicksort","Sort Space Used": 27,"Sort Space Type": "Memory"},{"Worker Number": 1,"Sort Method": "quicksort","Sort Space Used": 27,"Sort Space Type": "Memory"},{"Worker Number": 2,"Sort Method": "quicksort","Sort Space Used": 27,"Sort Space Type": "Memory"},{"Worker Number": 3,"Sort Method": "quicksort","Sort Space Used": 27,"Sort Space Type": "Memory"}],"Plans": [{"Node Type": "Aggregate","Strategy": "Hashed","Partial Mode": "Partial","Parent Relationship": "Outer","Parallel Aware": false,"Async Capable": false,"Startup Cost": 182945.29,"Total Cost": 182945.42,"Plan Rows": 6,"Plan Width": 236,"Actual Startup Time": 1616.535,"Actual Total Time": 1616.542,"Actual Rows": 4,"Actual Loops": 5,"Group Key": ["l_returnflag", "l_linestatus"],"Planned Partitions": 0,"HashAgg Batches": 1,"Peak Memory Usage": 32,"Disk Usage": 0,"Workers": [{"Worker Number": 0,"HashAgg Batches": 1,"Peak Memory Usage": 32,"Disk Usage": 0},{"Worker Number": 1,"HashAgg Batches": 1,"Peak Memory Usage": 32,"Disk Usage": 0},{"Worker Number": 2,"HashAgg Batches": 1,"Peak Memory Usage": 32,"Disk Usage": 0},{"Worker Number": 3,"HashAgg Batches": 1,"Peak Memory Usage": 32,"Disk Usage": 0}],"Plans": [{"Node Type": "Seq Scan","Parent Relationship": "Outer","Parallel Aware": true,"Async Capable": false,"Relation Name": "lineitem","Alias": "lineitem","Startup Cost": 0.00,"Total Cost": 131256.80,"Plan Rows": 1476814,"Plan Width": 25,"Actual Startup Time": 0.043,"Actual Total Time": 602.040,"Actual Rows": 1182172,"Actual Loops": 5,"Filter": "(l_shipdate <= '1998-08-30 00:00:00'::timestamp without time zone)","Rows Removed by Filter": 18071,"Workers": []}]}]}]}]},"Planning Time": 2.906,"Triggers": [],"Execution Time": 1659.548}]
[{"Plan": {"Node Type": "Aggregate","Strategy": "Sorted","Partial Mode": "Finalize","Parallel Aware": false,"Async Capable": false,"Startup Cost": 183612.95,"Total Cost": 183616.77,"Plan Rows": 6,"Plan Width": 236,"Actual Startup Time": 1638.871,"Actual Total Time": 1672.616,"Actual Rows": 4,"Actual Loops": 1,"Group Key": ["l_returnflag", "l_linestatus"],"Plans": [{"Node Type": "Gather Merge","Parent Relationship": "Outer","Parallel Aware": false,"Async Capable": false,"Startup Cost": 183612.95,"Total Cost": 183615.83,"Plan Rows": 24,"Plan Width": 236,"Actual Startup Time": 1638.797,"Actual Total Time": 1672.514,"Actual Rows": 20,"Actual Loops": 1,"Workers Planned": 4,"Workers Launched": 4,"Plans": [{"Node Type": "Sort","Parent Relationship": "Outer","Parallel Aware": false,"Async Capable": false,"Startup Cost": 182612.89,"Total Cost": 182612.91,"Plan Rows": 6,"Plan Width": 236,"Actual Startup Time": 1630.744,"Actual Total Time": 1630.751,"Actual Rows": 4,"Actual Loops": 5,"Sort Key": ["l_returnflag", "l_linestatus"],"Sort Method": "quicksort","Sort Space Used": 27,"Sort Space Type": "Memory","Workers": [{"Worker Number": 0,"Sort Method": "quicksort","Sort Space Used": 27,"Sort Space Type": "Memory"},{"Worker Number": 1,"Sort Method": "quicksort","Sort Space Used": 27,"Sort Space Type": "Memory"},{"Worker Number": 2,"Sort Method": "quicksort","Sort Space Used": 27,"Sort Space Type": "Memory"},{"Worker Number": 3,"Sort Method": "quicksort","Sort Space Used": 27,"Sort Space Type": "Memory"}],"Plans": [{"Node Type": "Aggregate","Strategy": "Hashed","Partial Mode": "Partial","Parent Relationship": "Outer","Parallel Aware": false,"Async Capable": false,"Startup Cost": 182612.68,"Total Cost": 182612.82,"Plan Rows": 6,"Plan Width": 236,"Actual Startup Time": 1630.518,"Actual Total Time": 1630.530,"Actual Rows": 4,"Actual Loops": 5,"Group Key": ["l_returnflag", "l_linestatus"],"Planned Partitions": 0,"HashAgg Batches": 1,"Peak Memory Usage": 32,"Disk Usage": 0,"Workers": [{"Worker Number": 0,"HashAgg Batches": 1,"Peak Memory Usage": 32,"Disk Usage": 0},{"Worker Number": 1,"HashAgg Batches": 1,"Peak Memory Usage": 32,"Disk Usage": 0},{"Worker Number": 2,"HashAgg Batches": 1,"Peak Memory Usage": 32,"Disk Usage": 0},{"Worker Number": 3,"HashAgg Batches": 1,"Peak Memory Usage": 32,"Disk Usage": 0}],"Plans": [{"Node Type": "Seq Scan","Parent Relationship": "Outer","Parallel Aware": true,"Async Capable": false,"Relation Name": "lineitem","Alias": "lineitem","Startup Cost": 0.00,"Total Cost": 131256.80,"Plan Rows": 1467311,"Plan Width": 25,"Actual Startup Time": 0.045,"Actual Total Time": 621.213,"Actual Rows": 1173591,"Actual Loops": 5,"Filter": "(l_shipdate <= '1998-08-10 00:00:00'::timestamp without time zone)","Rows Removed by Filter": 26652,"Workers": []}]}]}]}]},"Planning Time": 3.248,"Triggers": [],"Execution Time": 1673.047}]
[{"Plan": {"Node Type": "Aggregate","Strategy": "Sorted","Partial Mode": "Finalize","Parallel Aware": false,"Async Capable": false,"Startup Cost": 183899.88,"Total Cost": 183903.70,"Plan Rows": 6,"Plan Width": 236,"Actual Startup Time": 1631.667,"Actual Total Time": 1664.196,"Actual Rows": 4,"Actual Loops": 1,"Group Key": ["l_returnflag", "l_linestatus"],"Plans": [{"Node Type": "Gather Merge","Parent Relationship": "Outer","Parallel Aware": false,"Async Capable": false,"Startup Cost": 183899.88,"Total Cost": 183902.76,"Plan Rows": 24,"Plan Width": 236,"Actual Startup Time": 1631.585,"Actual Total Time": 1664.073,"Actual Rows": 20,"Actual Loops": 1,"Workers Planned": 4,"Workers Launched": 4,"Plans": [{"Node Type": "Sort","Parent Relationship": "Outer","Parallel Aware": false,"Async Capable": false,"Startup Cost": 182899.82,"Total Cost": 182899.84,"Plan Rows": 6,"Plan Width": 236,"Actual Startup Time": 1623.935,"Actual Total Time": 1623.946,"Actual Rows": 4,"Actual Loops": 5,"Sort Key": ["l_returnflag", "l_linestatus"],"Sort Method": "quicksort","Sort Space Used": 27,"Sort Space Type": "Memory","Workers": [{"Worker Number": 0,"Sort Method": "quicksort","Sort Space Used": 27,"Sort Space Type": "Memory"},{"Worker Number": 1,"Sort Method": "quicksort","Sort Space Used": 27,"Sort Space Type": "Memory"},{"Worker Number": 2,"Sort Method": "quicksort","Sort Space Used": 27,"Sort Space Type": "Memory"},{"Worker Number": 3,"Sort Method": "quicksort","Sort Space Used": 27,"Sort Space Type": "Memory"}],"Plans": [{"Node Type": "Aggregate","Strategy": "Hashed","Partial Mode": "Partial","Parent Relationship": "Outer","Parallel Aware": false,"Async Capable": false,"Startup Cost": 182899.61,"Total Cost": 182899.75,"Plan Rows": 6,"Plan Width": 236,"Actual Startup Time": 1623.729,"Actual Total Time": 1623.744,"Actual Rows": 4,"Actual Loops": 5,"Group Key": ["l_returnflag", "l_linestatus"],"Planned Partitions": 0,"HashAgg Batches": 1,"Peak Memory Usage": 32,"Disk Usage": 0,"Workers": [{"Worker Number": 0,"HashAgg Batches": 1,"Peak Memory Usage": 32,"Disk Usage": 0},{"Worker Number": 1,"HashAgg Batches": 1,"Peak Memory Usage": 32,"Disk Usage": 0},{"Worker Number": 2,"HashAgg Batches": 1,"Peak Memory Usage": 32,"Disk Usage": 0},{"Worker Number": 3,"HashAgg Batches": 1,"Peak Memory Usage": 32,"Disk Usage": 0}],"Plans": [{"Node Type": "Seq Scan","Parent Relationship": "Outer","Parallel Aware": true,"Async Capable": false,"Relation Name": "lineitem","Alias": "lineitem","Startup Cost": 0.00,"Total Cost": 131256.80,"Plan Rows": 1475509,"Plan Width": 25,"Actual Startup Time": 0.043,"Actual Total Time": 609.151,"Actual Rows": 1181003,"Actual Loops": 5,"Filter": "(l_shipdate <= '1998-08-27 00:00:00'::timestamp without time zone)","Rows Removed by Filter": 19240,"Workers": []}]}]}]}]},"Planning Time": 2.796,"Triggers": [],"Execution Time": 1664.547}]
[{"Plan": {"Node Type": "Aggregate","Strategy": "Sorted","Partial Mode": "Finalize","Parallel Aware": false,"Async Capable": false,"Startup Cost": 184342.25,"Total Cost": 184346.07,"Plan Rows": 6,"Plan Width": 236,"Actual Startup Time": 1655.561,"Actual Total Time": 1689.583,"Actual Rows": 4,"Actual Loops": 1,"Group Key": ["l_returnflag", "l_linestatus"],"Plans": [{"Node Type": "Gather Merge","Parent Relationship": "Outer","Parallel Aware": false,"Async Capable": false,"Startup Cost": 184342.25,"Total Cost": 184345.12,"Plan Rows": 24,"Plan Width": 236,"Actual Startup Time": 1655.474,"Actual Total Time": 1689.450,"Actual Rows": 20,"Actual Loops": 1,"Workers Planned": 4,"Workers Launched": 4,"Plans": [{"Node Type": "Sort","Parent Relationship": "Outer","Parallel Aware": false,"Async Capable": false,"Startup Cost": 183342.19,"Total Cost": 183342.20,"Plan Rows": 6,"Plan Width": 236,"Actual Startup Time": 1647.670,"Actual Total Time": 1647.678,"Actual Rows": 4,"Actual Loops": 5,"Sort Key": ["l_returnflag", "l_linestatus"],"Sort Method": "quicksort","Sort Space Used": 27,"Sort Space Type": "Memory","Workers": [{"Worker Number": 0,"Sort Method": "quicksort","Sort Space Used": 27,"Sort Space Type": "Memory"},{"Worker Number": 1,"Sort Method": "quicksort","Sort Space Used": 27,"Sort Space Type": "Memory"},{"Worker Number": 2,"Sort Method": "quicksort","Sort Space Used": 27,"Sort Space Type": "Memory"},{"Worker Number": 3,"Sort Method": "quicksort","Sort Space Used": 27,"Sort Space Type": "Memory"}],"Plans": [{"Node Type": "Aggregate","Strategy": "Hashed","Partial Mode": "Partial","Parent Relationship": "Outer","Parallel Aware": false,"Async Capable": false,"Startup Cost": 183341.98,"Total Cost": 183342.11,"Plan Rows": 6,"Plan Width": 236,"Actual Startup Time": 1647.554,"Actual Total Time": 1647.566,"Actual Rows": 4,"Actual Loops": 5,"Group Key": ["l_returnflag", "l_linestatus"],"Planned Partitions": 0,"HashAgg Batches": 1,"Peak Memory Usage": 32,"Disk Usage": 0,"Workers": [{"Worker Number": 0,"HashAgg Batches": 1,"Peak Memory Usage": 32,"Disk Usage": 0},{"Worker Number": 1,"HashAgg Batches": 1,"Peak Memory Usage": 32,"Disk Usage": 0},{"Worker Number": 2,"HashAgg Batches": 1,"Peak Memory Usage": 32,"Disk Usage": 0},{"Worker Number": 3,"HashAgg Batches": 1,"Peak Memory Usage": 32,"Disk Usage": 0}],"Plans": [{"Node Type": "Seq Scan","Parent Relationship": "Outer","Parallel Aware": true,"Async Capable": false,"Relation Name": "lineitem","Alias": "lineitem","Startup Cost": 0.00,"Total Cost": 131256.80,"Plan Rows": 1488148,"Plan Width": 25,"Actual Startup Time": 0.043,"Actual Total Time": 623.196,"Actual Rows": 1192678,"Actual Loops": 5,"Filter": "(l_shipdate <= '1998-10-02 00:00:00'::timestamp without time zone)","Rows Removed by Filter": 7565,"Workers": []}]}]}]}]},"Planning Time": 3.639,"Triggers": [],"Execution Time": 1690.019}]
[{"Plan": {"Node Type": "Aggregate","Strategy": "Sorted","Partial Mode": "Finalize","Parallel Aware": false,"Async Capable": false,"Startup Cost": 183672.66,"Total Cost": 183676.48,"Plan Rows": 6,"Plan Width": 236,"Actual Startup Time": 1616.111,"Actual Total Time": 1649.293,"Actual Rows": 4,"Actual Loops": 1,"Group Key": ["l_returnflag", "l_linestatus"],"Plans": [{"Node Type": "Gather Merge","Parent Relationship": "Outer","Parallel Aware": false,"Async Capable": false,"Startup Cost": 183672.66,"Total Cost": 183675.54,"Plan Rows": 24,"Plan Width": 236,"Actual Startup Time": 1616.040,"Actual Total Time": 1649.181,"Actual Rows": 20,"Actual Loops": 1,"Workers Planned": 4,"Workers Launched": 4,"Plans": [{"Node Type": "Sort","Parent Relationship": "Outer","Parallel Aware": false,"Async Capable": false,"Startup Cost": 182672.60,"Total Cost": 182672.62,"Plan Rows": 6,"Plan Width": 236,"Actual Startup Time": 1608.293,"Actual Total Time": 1608.295,"Actual Rows": 4,"Actual Loops": 5,"Sort Key": ["l_returnflag", "l_linestatus"],"Sort Method": "quicksort","Sort Space Used": 27,"Sort Space Type": "Memory","Workers": [{"Worker Number": 0,"Sort Method": "quicksort","Sort Space Used": 27,"Sort Space Type": "Memory"},{"Worker Number": 1,"Sort Method": "quicksort","Sort Space Used": 27,"Sort Space Type": "Memory"},{"Worker Number": 2,"Sort Method": "quicksort","Sort Space Used": 27,"Sort Space Type": "Memory"},{"Worker Number": 3,"Sort Method": "quicksort","Sort Space Used": 27,"Sort Space Type": "Memory"}],"Plans": [{"Node Type": "Aggregate","Strategy": "Hashed","Partial Mode": "Partial","Parent Relationship": "Outer","Parallel Aware": false,"Async Capable": false,"Startup Cost": 182672.39,"Total Cost": 182672.53,"Plan Rows": 6,"Plan Width": 236,"Actual Startup Time": 1608.122,"Actual Total Time": 1608.128,"Actual Rows": 4,"Actual Loops": 5,"Group Key": ["l_returnflag", "l_linestatus"],"Planned Partitions": 0,"HashAgg Batches": 1,"Peak Memory Usage": 32,"Disk Usage": 0,"Workers": [{"Worker Number": 0,"HashAgg Batches": 1,"Peak Memory Usage": 32,"Disk Usage": 0},{"Worker Number": 1,"HashAgg Batches": 1,"Peak Memory Usage": 32,"Disk Usage": 0},{"Worker Number": 2,"HashAgg Batches": 1,"Peak Memory Usage": 32,"Disk Usage": 0},{"Worker Number": 3,"HashAgg Batches": 1,"Peak Memory Usage": 32,"Disk Usage": 0}],"Plans": [{"Node Type": "Seq Scan","Parent Relationship": "Outer","Parallel Aware": true,"Async Capable": false,"Relation Name": "lineitem","Alias": "lineitem","Startup Cost": 0.00,"Total Cost": 131256.80,"Plan Rows": 1469017,"Plan Width": 25,"Actual Startup Time": 0.038,"Actual Total Time": 601.467,"Actual Rows": 1175005,"Actual Loops": 5,"Filter": "(l_shipdate <= '1998-08-13 00:00:00'::timestamp without time zone)","Rows Removed by Filter": 25238,"Workers": []}]}]}]}]},"Planning Time": 3.226,"Triggers": [],"Execution Time": 1649.755}]
[{"Plan": {"Node Type": "Aggregate","Strategy": "Sorted","Partial Mode": "Finalize","Parallel Aware": false,"Async Capable": false,"Startup Cost": 183612.95,"Total Cost": 183616.77,"Plan Rows": 6,"Plan Width": 236,"Actual Startup Time": 1638.871,"Actual Total Time": 1672.616,"Actual Rows": 4,"Actual Loops": 1,"Group Key": ["l_returnflag", "l_linestatus"],"Plans": [{"Node Type": "Gather Merge","Parent Relationship": "Outer","Parallel Aware": false,"Async Capable": false,"Startup Cost": 183612.95,"Total Cost": 183615.83,"Plan Rows": 24,"Plan Width": 236,"Actual Startup Time": 1638.797,"Actual Total Time": 1672.514,"Actual Rows": 20,"Actual Loops": 1,"Workers Planned": 4,"Workers Launched": 4,"Plans": [{"Node Type": "Sort","Parent Relationship": "Outer","Parallel Aware": false,"Async Capable": false,"Startup Cost": 182612.89,"Total Cost": 182612.91,"Plan Rows": 6,"Plan Width": 236,"Actual Startup Time": 1630.744,"Actual Total Time": 1630.751,"Actual Rows": 4,"Actual Loops": 5,"Sort Key": ["l_returnflag", "l_linestatus"],"Sort Method": "quicksort","Sort Space Used": 27,"Sort Space Type": "Memory","Workers": [{"Worker Number": 0,"Sort Method": "quicksort","Sort Space Used": 27,"Sort Space Type": "Memory"},{"Worker Number": 1,"Sort Method": "quicksort","Sort Space Used": 27,"Sort Space Type": "Memory"},{"Worker Number": 2,"Sort Method": "quicksort","Sort Space Used": 27,"Sort Space Type": "Memory"},{"Worker Number": 3,"Sort Method": "quicksort","Sort Space Used": 27,"Sort Space Type": "Memory"}],"Plans": [{"Node Type": "Aggregate","Strategy": "Hashed","Partial Mode": "Partial","Parent Relationship": "Outer","Parallel Aware": false,"Async Capable": false,"Startup Cost": 182612.68,"Total Cost": 182612.82,"Plan Rows": 6,"Plan Width": 236,"Actual Startup Time": 1630.518,"Actual Total Time": 1630.530,"Actual Rows": 4,"Actual Loops": 5,"Group Key": ["l_returnflag", "l_linestatus"],"Planned Partitions": 0,"HashAgg Batches": 1,"Peak Memory Usage": 32,"Disk Usage": 0,"Workers": [{"Worker Number": 0,"HashAgg Batches": 1,"Peak Memory Usage": 32,"Disk Usage": 0},{"Worker Number": 1,"HashAgg Batches": 1,"Peak Memory Usage": 32,"Disk Usage": 0},{"Worker Number": 2,"HashAgg Batches": 1,"Peak Memory Usage": 32,"Disk Usage": 0},{"Worker Number": 3,"HashAgg Batches": 1,"Peak Memory Usage": 32,"Disk Usage": 0}],"Plans": [{"Node Type": "Seq Scan","Parent Relationship": "Outer","Parallel Aware": true,"Async Capable": false,"Relation Name": "lineitem","Alias": "lineitem","Startup Cost": 0.00,"Total Cost": 131256.80,"Plan Rows": 1467311,"Plan Width": 25,"Actual Startup Time": 0.045,"Actual Total Time": 621.213,"Actual Rows": 1173591,"Actual Loops": 5,"Filter": "(l_shipdate <= '1998-08-10 00:00:00'::timestamp without time zone)","Rows Removed by Filter": 26652,"Workers": []}]}]}]}]},"Planning Time": 3.248,"Triggers": [],"Execution Time": 1673.047}]
[{"Plan": {"Node Type": "Aggregate","Strategy": "Sorted","Partial Mode": "Finalize","Parallel Aware": false,"Async Capable": false,"Startup Cost": 184306.79,"Total Cost": 184310.61,"Plan Rows": 6,"Plan Width": 236,"Actual Startup Time": 1655.540,"Actual Total Time": 1688.646,"Actual Rows": 4,"Actual Loops": 1,"Group Key": ["l_returnflag", "l_linestatus"],"Plans": [{"Node Type": "Gather Merge","Parent Relationship": "Outer","Parallel Aware": false,"Async Capable": false,"Startup Cost": 184306.79,"Total Cost": 184309.67,"Plan Rows": 24,"Plan Width": 236,"Actual Startup Time": 1655.492,"Actual Total Time": 1688.546,"Actual Rows": 20,"Actual Loops": 1,"Workers Planned": 4,"Workers Launched": 4,"Plans": [{"Node Type": "Sort","Parent Relationship": "Outer","Parallel Aware": false,"Async Capable": false,"Startup Cost": 183306.73,"Total Cost": 183306.75,"Plan Rows": 6,"Plan Width": 236,"Actual Startup Time": 1648.136,"Actual Total Time": 1648.139,"Actual Rows": 4,"Actual Loops": 5,"Sort Key": ["l_returnflag", "l_linestatus"],"Sort Method": "quicksort","Sort Space Used": 27,"Sort Space Type": "Memory","Workers": [{"Worker Number": 0,"Sort Method": "quicksort","Sort Space Used": 27,"Sort Space Type": "Memory"},{"Worker Number": 1,"Sort Method": "quicksort","Sort Space Used": 27,"Sort Space Type": "Memory"},{"Worker Number": 2,"Sort Method": "quicksort","Sort Space Used": 27,"Sort Space Type": "Memory"},{"Worker Number": 3,"Sort Method": "quicksort","Sort Space Used": 27,"Sort Space Type": "Memory"}],"Plans": [{"Node Type": "Aggregate","Strategy": "Hashed","Partial Mode": "Partial","Parent Relationship": "Outer","Parallel Aware": false,"Async Capable": false,"Startup Cost": 183306.52,"Total Cost": 183306.66,"Plan Rows": 6,"Plan Width": 236,"Actual Startup Time": 1648.047,"Actual Total Time": 1648.054,"Actual Rows": 4,"Actual Loops": 5,"Group Key": ["l_returnflag", "l_linestatus"],"Planned Partitions": 0,"HashAgg Batches": 1,"Peak Memory Usage": 32,"Disk Usage": 0,"Workers": [{"Worker Number": 0,"HashAgg Batches": 1,"Peak Memory Usage": 32,"Disk Usage": 0},{"Worker Number": 1,"HashAgg Batches": 1,"Peak Memory Usage": 32,"Disk Usage": 0},{"Worker Number": 2,"HashAgg Batches": 1,"Peak Memory Usage": 32,"Disk Usage": 0},{"Worker Number": 3,"HashAgg Batches": 1,"Peak Memory Usage": 32,"Disk Usage": 0}],"Plans": [{"Node Type": "Seq Scan","Parent Relationship": "Outer","Parallel Aware": true,"Async Capable": false,"Relation Name": "lineitem","Alias": "lineitem","Startup Cost": 0.00,"Total Cost": 131256.80,"Plan Rows": 1487135,"Plan Width": 25,"Actual Startup Time": 0.035,"Actual Total Time": 616.849,"Actual Rows": 1191378,"Actual Loops": 5,"Filter": "(l_shipdate <= '1998-09-27 00:00:00'::timestamp without time zone)","Rows Removed by Filter": 8865,"Workers": []}]}]}]}]},"Planning Time": 2.700,"Triggers": [],"Execution Time": 1688.966}]
[{"Plan": {"Node Type": "Aggregate","Strategy": "Sorted","Partial Mode": "Finalize","Parallel Aware": false,"Async Capable": false,"Startup Cost": 183533.29,"Total Cost": 183537.11,"Plan Rows": 6,"Plan Width": 236,"Actual Startup Time": 1630.517,"Actual Total Time": 1664.896,"Actual Rows": 4,"Actual Loops": 1,"Group Key": ["l_returnflag", "l_linestatus"],"Plans": [{"Node Type": "Gather Merge","Parent Relationship": "Outer","Parallel Aware": false,"Async Capable": false,"Startup Cost": 183533.29,"Total Cost": 183536.17,"Plan Rows": 24,"Plan Width": 236,"Actual Startup Time": 1630.471,"Actual Total Time": 1664.800,"Actual Rows": 20,"Actual Loops": 1,"Workers Planned": 4,"Workers Launched": 4,"Plans": [{"Node Type": "Sort","Parent Relationship": "Outer","Parallel Aware": false,"Async Capable": false,"Startup Cost": 182533.23,"Total Cost": 182533.25,"Plan Rows": 6,"Plan Width": 236,"Actual Startup Time": 1622.825,"Actual Total Time": 1622.834,"Actual Rows": 4,"Actual Loops": 5,"Sort Key": ["l_returnflag", "l_linestatus"],"Sort Method": "quicksort","Sort Space Used": 27,"Sort Space Type": "Memory","Workers": [{"Worker Number": 0,"Sort Method": "quicksort","Sort Space Used": 27,"Sort Space Type": "Memory"},{"Worker Number": 1,"Sort Method": "quicksort","Sort Space Used": 27,"Sort Space Type": "Memory"},{"Worker Number": 2,"Sort Method": "quicksort","Sort Space Used": 27,"Sort Space Type": "Memory"},{"Worker Number": 3,"Sort Method": "quicksort","Sort Space Used": 27,"Sort Space Type": "Memory"}],"Plans": [{"Node Type": "Aggregate","Strategy": "Hashed","Partial Mode": "Partial","Parent Relationship": "Outer","Parallel Aware": false,"Async Capable": false,"Startup Cost": 182533.02,"Total Cost": 182533.16,"Plan Rows": 6,"Plan Width": 236,"Actual Startup Time": 1622.618,"Actual Total Time": 1622.631,"Actual Rows": 4,"Actual Loops": 5,"Group Key": ["l_returnflag", "l_linestatus"],"Planned Partitions": 0,"HashAgg Batches": 1,"Peak Memory Usage": 32,"Disk Usage": 0,"Workers": [{"Worker Number": 0,"HashAgg Batches": 1,"Peak Memory Usage": 32,"Disk Usage": 0},{"Worker Number": 1,"HashAgg Batches": 1,"Peak Memory Usage": 32,"Disk Usage": 0},{"Worker Number": 2,"HashAgg Batches": 1,"Peak Memory Usage": 32,"Disk Usage": 0},{"Worker Number": 3,"HashAgg Batches": 1,"Peak Memory Usage": 32,"Disk Usage": 0}],"Plans": [{"Node Type": "Seq Scan","Parent Relationship": "Outer","Parallel Aware": true,"Async Capable": false,"Relation Name": "lineitem","Alias": "lineitem","Startup Cost": 0.00,"Total Cost": 131256.80,"Plan Rows": 1465035,"Plan Width": 25,"Actual Startup Time": 0.025,"Actual Total Time": 611.078,"Actual Rows": 1171657,"Actual Loops": 5,"Filter": "(l_shipdate <= '1998-08-06 00:00:00'::timestamp without time zone)","Rows Removed by Filter": 28586,"Workers": []}]}]}]}]},"Planning Time": 2.842,"Triggers": [],"Execution Time": 1665.196}]
[{"Plan": {"Node Type": "Aggregate","Strategy": "Sorted","Partial Mode": "Finalize","Parallel Aware": false,"Async Capable": false,"Startup Cost": 184250.06,"Total Cost": 184253.88,"Plan Rows": 6,"Plan Width": 236,"Actual Startup Time": 1627.450,"Actual Total Time": 1660.875,"Actual Rows": 4,"Actual Loops": 1,"Group Key": ["l_returnflag", "l_linestatus"],"Plans": [{"Node Type": "Gather Merge","Parent Relationship": "Outer","Parallel Aware": false,"Async Capable": false,"Startup Cost": 184250.06,"Total Cost": 184252.93,"Plan Rows": 24,"Plan Width": 236,"Actual Startup Time": 1627.263,"Actual Total Time": 1660.610,"Actual Rows": 20,"Actual Loops": 1,"Workers Planned": 4,"Workers Launched": 4,"Plans": [{"Node Type": "Sort","Parent Relationship": "Outer","Parallel Aware": false,"Async Capable": false,"Startup Cost": 183250.00,"Total Cost": 183250.01,"Plan Rows": 6,"Plan Width": 236,"Actual Startup Time": 1619.617,"Actual Total Time": 1619.625,"Actual Rows": 4,"Actual Loops": 5,"Sort Key": ["l_returnflag", "l_linestatus"],"Sort Method": "quicksort","Sort Space Used": 27,"Sort Space Type": "Memory","Workers": [{"Worker Number": 0,"Sort Method": "quicksort","Sort Space Used": 27,"Sort Space Type": "Memory"},{"Worker Number": 1,"Sort Method": "quicksort","Sort Space Used": 27,"Sort Space Type": "Memory"},{"Worker Number": 2,"Sort Method": "quicksort","Sort Space Used": 27,"Sort Space Type": "Memory"},{"Worker Number": 3,"Sort Method": "quicksort","Sort Space Used": 27,"Sort Space Type": "Memory"}],"Plans": [{"Node Type": "Aggregate","Strategy": "Hashed","Partial Mode": "Partial","Parent Relationship": "Outer","Parallel Aware": false,"Async Capable": false,"Startup Cost": 183249.79,"Total Cost": 183249.92,"Plan Rows": 6,"Plan Width": 236,"Actual Startup Time": 1619.408,"Actual Total Time": 1619.419,"Actual Rows": 4,"Actual Loops": 5,"Group Key": ["l_returnflag", "l_linestatus"],"Planned Partitions": 0,"HashAgg Batches": 1,"Peak Memory Usage": 32,"Disk Usage": 0,"Workers": [{"Worker Number": 0,"HashAgg Batches": 1,"Peak Memory Usage": 32,"Disk Usage": 0},{"Worker Number": 1,"HashAgg Batches": 1,"Peak Memory Usage": 32,"Disk Usage": 0},{"Worker Number": 2,"HashAgg Batches": 1,"Peak Memory Usage": 32,"Disk Usage": 0},{"Worker Number": 3,"HashAgg Batches": 1,"Peak Memory Usage": 32,"Disk Usage": 0}],"Plans": [{"Node Type": "Seq Scan","Parent Relationship": "Outer","Parallel Aware": true,"Async Capable": false,"Relation Name": "lineitem","Alias": "lineitem","Startup Cost": 0.00,"Total Cost": 131256.80,"Plan Rows": 1485514,"Plan Width": 25,"Actual Startup Time": 0.044,"Actual Total Time": 599.275,"Actual Rows": 1189085,"Actual Loops": 5,"Filter": "(l_shipdate <= '1998-09-19 00:00:00'::timestamp without time zone)","Rows Removed by Filter": 11158,"Workers": []}]}]}]}]},"Planning Time": 3.424,"Triggers": [],"Execution Time": 1661.334}]
[{"Plan": {"Node Type": "Aggregate","Strategy": "Sorted","Partial Mode": "Finalize","Parallel Aware": false,"Async Capable": false,"Startup Cost": 183533.29,"Total Cost": 183537.11,"Plan Rows": 6,"Plan Width": 236,"Actual Startup Time": 1630.517,"Actual Total Time": 1664.896,"Actual Rows": 4,"Actual Loops": 1,"Group Key": ["l_returnflag", "l_linestatus"],"Plans": [{"Node Type": "Gather Merge","Parent Relationship": "Outer","Parallel Aware": false,"Async Capable": false,"Startup Cost": 183533.29,"Total Cost": 183536.17,"Plan Rows": 24,"Plan Width": 236,"Actual Startup Time": 1630.471,"Actual Total Time": 1664.800,"Actual Rows": 20,"Actual Loops": 1,"Workers Planned": 4,"Workers Launched": 4,"Plans": [{"Node Type": "Sort","Parent Relationship": "Outer","Parallel Aware": false,"Async Capable": false,"Startup Cost": 182533.23,"Total Cost": 182533.25,"Plan Rows": 6,"Plan Width": 236,"Actual Startup Time": 1622.825,"Actual Total Time": 1622.834,"Actual Rows": 4,"Actual Loops": 5,"Sort Key": ["l_returnflag", "l_linestatus"],"Sort Method": "quicksort","Sort Space Used": 27,"Sort Space Type": "Memory","Workers": [{"Worker Number": 0,"Sort Method": "quicksort","Sort Space Used": 27,"Sort Space Type": "Memory"},{"Worker Number": 1,"Sort Method": "quicksort","Sort Space Used": 27,"Sort Space Type": "Memory"},{"Worker Number": 2,"Sort Method": "quicksort","Sort Space Used": 27,"Sort Space Type": "Memory"},{"Worker Number": 3,"Sort Method": "quicksort","Sort Space Used": 27,"Sort Space Type": "Memory"}],"Plans": [{"Node Type": "Aggregate","Strategy": "Hashed","Partial Mode": "Partial","Parent Relationship": "Outer","Parallel Aware": false,"Async Capable": false,"Startup Cost": 182533.02,"Total Cost": 182533.16,"Plan Rows": 6,"Plan Width": 236,"Actual Startup Time": 1622.618,"Actual Total Time": 1622.631,"Actual Rows": 4,"Actual Loops": 5,"Group Key": ["l_returnflag", "l_linestatus"],"Planned Partitions": 0,"HashAgg Batches": 1,"Peak Memory Usage": 32,"Disk Usage": 0,"Workers": [{"Worker Number": 0,"HashAgg Batches": 1,"Peak Memory Usage": 32,"Disk Usage": 0},{"Worker Number": 1,"HashAgg Batches": 1,"Peak Memory Usage": 32,"Disk Usage": 0},{"Worker Number": 2,"HashAgg Batches": 1,"Peak Memory Usage": 32,"Disk Usage": 0},{"Worker Number": 3,"HashAgg Batches": 1,"Peak Memory Usage": 32,"Disk Usage": 0}],"Plans": [{"Node Type": "Seq Scan","Parent Relationship": "Outer","Parallel Aware": true,"Async Capable": false,"Relation Name": "lineitem","Alias": "lineitem","Startup Cost": 0.00,"Total Cost": 131256.80,"Plan Rows": 1465035,"Plan Width": 25,"Actual Startup Time": 0.025,"Actual Total Time": 611.078,"Actual Rows": 1171657,"Actual Loops": 5,"Filter": "(l_shipdate <= '1998-08-06 00:00:00'::timestamp without time zone)","Rows Removed by Filter": 28586,"Workers": []}]}]}]}]},"Planning Time": 2.842,"Triggers": [],"Execution Time": 1665.196}]
[{"Plan": {"Node Type": "Aggregate","Strategy": "Sorted","Partial Mode": "Finalize","Parallel Aware": false,"Async Capable": false,"Startup Cost": 184204.38,"Total Cost": 184208.20,"Plan Rows": 6,"Plan Width": 236,"Actual Startup Time": 1633.981,"Actual Total Time": 1667.258,"Actual Rows": 4,"Actual Loops": 1,"Group Key": ["l_returnflag", "l_linestatus"],"Plans": [{"Node Type": "Gather Merge","Parent Relationship": "Outer","Parallel Aware": false,"Async Capable": false,"Startup Cost": 184204.38,"Total Cost": 184207.26,"Plan Rows": 24,"Plan Width": 236,"Actual Startup Time": 1633.916,"Actual Total Time": 1667.158,"Actual Rows": 20,"Actual Loops": 1,"Workers Planned": 4,"Workers Launched": 4,"Plans": [{"Node Type": "Sort","Parent Relationship": "Outer","Parallel Aware": false,"Async Capable": false,"Startup Cost": 183204.32,"Total Cost": 183204.34,"Plan Rows": 6,"Plan Width": 236,"Actual Startup Time": 1625.100,"Actual Total Time": 1625.105,"Actual Rows": 4,"Actual Loops": 5,"Sort Key": ["l_returnflag", "l_linestatus"],"Sort Method": "quicksort","Sort Space Used": 27,"Sort Space Type": "Memory","Workers": [{"Worker Number": 0,"Sort Method": "quicksort","Sort Space Used": 27,"Sort Space Type": "Memory"},{"Worker Number": 1,"Sort Method": "quicksort","Sort Space Used": 27,"Sort Space Type": "Memory"},{"Worker Number": 2,"Sort Method": "quicksort","Sort Space Used": 27,"Sort Space Type": "Memory"},{"Worker Number": 3,"Sort Method": "quicksort","Sort Space Used": 27,"Sort Space Type": "Memory"}],"Plans": [{"Node Type": "Aggregate","Strategy": "Hashed","Partial Mode": "Partial","Parent Relationship": "Outer","Parallel Aware": false,"Async Capable": false,"Startup Cost": 183204.11,"Total Cost": 183204.25,"Plan Rows": 6,"Plan Width": 236,"Actual Startup Time": 1624.988,"Actual Total Time": 1624.999,"Actual Rows": 4,"Actual Loops": 5,"Group Key": ["l_returnflag", "l_linestatus"],"Planned Partitions": 0,"HashAgg Batches": 1,"Peak Memory Usage": 32,"Disk Usage": 0,"Workers": [{"Worker Number": 0,"HashAgg Batches": 1,"Peak Memory Usage": 32,"Disk Usage": 0},{"Worker Number": 1,"HashAgg Batches": 1,"Peak Memory Usage": 32,"Disk Usage": 0},{"Worker Number": 2,"HashAgg Batches": 1,"Peak Memory Usage": 32,"Disk Usage": 0},{"Worker Number": 3,"HashAgg Batches": 1,"Peak Memory Usage": 32,"Disk Usage": 0}],"Plans": [{"Node Type": "Seq Scan","Parent Relationship": "Outer","Parallel Aware": true,"Async Capable": false,"Relation Name": "lineitem","Alias": "lineitem","Startup Cost": 0.00,"Total Cost": 131256.80,"Plan Rows": 1484209,"Plan Width": 25,"Actual Startup Time": 0.040,"Actual Total Time": 604.937,"Actual Rows": 1188181,"Actual Loops": 5,"Filter": "(l_shipdate <= '1998-09-16 00:00:00'::timestamp without time zone)","Rows Removed by Filter": 12062,"Workers": []}]}]}]}]},"Planning Time": 3.653,"Triggers": [],"Execution Time": 1667.715}]
[{"Plan": {"Node Type": "Aggregate","Strategy": "Sorted","Partial Mode": "Finalize","Parallel Aware": false,"Async Capable": false,"Startup Cost": 184158.71,"Total Cost": 184162.53,"Plan Rows": 6,"Plan Width": 236,"Actual Startup Time": 1644.692,"Actual Total Time": 1677.942,"Actual Rows": 4,"Actual Loops": 1,"Group Key": ["l_returnflag", "l_linestatus"],"Plans": [{"Node Type": "Gather Merge","Parent Relationship": "Outer","Parallel Aware": false,"Async Capable": false,"Startup Cost": 184158.71,"Total Cost": 184161.58,"Plan Rows": 24,"Plan Width": 236,"Actual Startup Time": 1644.623,"Actual Total Time": 1677.838,"Actual Rows": 20,"Actual Loops": 1,"Workers Planned": 4,"Workers Launched": 4,"Plans": [{"Node Type": "Sort","Parent Relationship": "Outer","Parallel Aware": false,"Async Capable": false,"Startup Cost": 183158.65,"Total Cost": 183158.66,"Plan Rows": 6,"Plan Width": 236,"Actual Startup Time": 1636.538,"Actual Total Time": 1636.541,"Actual Rows": 4,"Actual Loops": 5,"Sort Key": ["l_returnflag", "l_linestatus"],"Sort Method": "quicksort","Sort Space Used": 27,"Sort Space Type": "Memory","Workers": [{"Worker Number": 0,"Sort Method": "quicksort","Sort Space Used": 27,"Sort Space Type": "Memory"},{"Worker Number": 1,"Sort Method": "quicksort","Sort Space Used": 27,"Sort Space Type": "Memory"},{"Worker Number": 2,"Sort Method": "quicksort","Sort Space Used": 27,"Sort Space Type": "Memory"},{"Worker Number": 3,"Sort Method": "quicksort","Sort Space Used": 27,"Sort Space Type": "Memory"}],"Plans": [{"Node Type": "Aggregate","Strategy": "Hashed","Partial Mode": "Partial","Parent Relationship": "Outer","Parallel Aware": false,"Async Capable": false,"Startup Cost": 183158.44,"Total Cost": 183158.57,"Plan Rows": 6,"Plan Width": 236,"Actual Startup Time": 1636.415,"Actual Total Time": 1636.424,"Actual Rows": 4,"Actual Loops": 5,"Group Key": ["l_returnflag", "l_linestatus"],"Planned Partitions": 0,"HashAgg Batches": 1,"Peak Memory Usage": 32,"Disk Usage": 0,"Workers": [{"Worker Number": 0,"HashAgg Batches": 1,"Peak Memory Usage": 32,"Disk Usage": 0},{"Worker Number": 1,"HashAgg Batches": 1,"Peak Memory Usage": 32,"Disk Usage": 0},{"Worker Number": 2,"HashAgg Batches": 1,"Peak Memory Usage": 32,"Disk Usage": 0},{"Worker Number": 3,"HashAgg Batches": 1,"Peak Memory Usage": 32,"Disk Usage": 0}],"Plans": [{"Node Type": "Seq Scan","Parent Relationship": "Outer","Parallel Aware": true,"Async Capable": false,"Relation Name": "lineitem","Alias": "lineitem","Startup Cost": 0.00,"Total Cost": 131256.80,"Plan Rows": 1482904,"Plan Width": 25,"Actual Startup Time": 0.036,"Actual Total Time": 612.237,"Actual Rows": 1187224,"Actual Loops": 5,"Filter": "(l_shipdate <= '1998-09-13 00:00:00'::timestamp without time zone)","Rows Removed by Filter": 13019,"Workers": []}]}]}]}]},"Planning Time": 3.447,"Triggers": [],"Execution Time": 1678.368}]
[{"Plan": {"Node Type": "Aggregate","Strategy": "Sorted","Partial Mode": "Finalize","Parallel Aware": false,"Async Capable": false,"Startup Cost": 183884.66,"Total Cost": 183888.48,"Plan Rows": 6,"Plan Width": 236,"Actual Startup Time": 1631.962,"Actual Total Time": 1665.356,"Actual Rows": 4,"Actual Loops": 1,"Group Key": ["l_returnflag", "l_linestatus"],"Plans": [{"Node Type": "Gather Merge","Parent Relationship": "Outer","Parallel Aware": false,"Async Capable": false,"Startup Cost": 183884.66,"Total Cost": 183887.53,"Plan Rows": 24,"Plan Width": 236,"Actual Startup Time": 1631.843,"Actual Total Time": 1665.213,"Actual Rows": 20,"Actual Loops": 1,"Workers Planned": 4,"Workers Launched": 4,"Plans": [{"Node Type": "Sort","Parent Relationship": "Outer","Parallel Aware": false,"Async Capable": false,"Startup Cost": 182884.60,"Total Cost": 182884.61,"Plan Rows": 6,"Plan Width": 236,"Actual Startup Time": 1623.716,"Actual Total Time": 1623.721,"Actual Rows": 4,"Actual Loops": 5,"Sort Key": ["l_returnflag", "l_linestatus"],"Sort Method": "quicksort","Sort Space Used": 27,"Sort Space Type": "Memory","Workers": [{"Worker Number": 0,"Sort Method": "quicksort","Sort Space Used": 27,"Sort Space Type": "Memory"},{"Worker Number": 1,"Sort Method": "quicksort","Sort Space Used": 27,"Sort Space Type": "Memory"},{"Worker Number": 2,"Sort Method": "quicksort","Sort Space Used": 27,"Sort Space Type": "Memory"},{"Worker Number": 3,"Sort Method": "quicksort","Sort Space Used": 27,"Sort Space Type": "Memory"}],"Plans": [{"Node Type": "Aggregate","Strategy": "Hashed","Partial Mode": "Partial","Parent Relationship": "Outer","Parallel Aware": false,"Async Capable": false,"Startup Cost": 182884.39,"Total Cost": 182884.52,"Plan Rows": 6,"Plan Width": 236,"Actual Startup Time": 1623.619,"Actual Total Time": 1623.628,"Actual Rows": 4,"Actual Loops": 5,"Group Key": ["l_returnflag", "l_linestatus"],"Planned Partitions": 0,"HashAgg Batches": 1,"Peak Memory Usage": 32,"Disk Usage": 0,"Workers": [{"Worker Number": 0,"HashAgg Batches": 1,"Peak Memory Usage": 32,"Disk Usage": 0},{"Worker Number": 1,"HashAgg Batches": 1,"Peak Memory Usage": 32,"Disk Usage": 0},{"Worker Number": 2,"HashAgg Batches": 1,"Peak Memory Usage": 32,"Disk Usage": 0},{"Worker Number": 3,"HashAgg Batches": 1,"Peak Memory Usage": 32,"Disk Usage": 0}],"Plans": [{"Node Type": "Seq Scan","Parent Relationship": "Outer","Parallel Aware": true,"Async Capable": false,"Relation Name": "lineitem","Alias": "lineitem","Startup Cost": 0.00,"Total Cost": 131256.80,"Plan Rows": 1475074,"Plan Width": 25,"Actual Startup Time": 0.042,"Actual Total Time": 607.290,"Actual Rows": 1180578,"Actual Loops": 5,"Filter": "(l_shipdate <= '1998-08-26 00:00:00'::timestamp without time zone)","Rows Removed by Filter": 19665,"Workers": []}]}]}]}]},"Planning Time": 3.049,"Triggers": [],"Execution Time": 1665.821}]
[{"Plan": {"Node Type": "Aggregate","Strategy": "Sorted","Partial Mode": "Finalize","Parallel Aware": false,"Async Capable": false,"Startup Cost": 183915.11,"Total Cost": 183918.93,"Plan Rows": 6,"Plan Width": 236,"Actual Startup Time": 1617.865,"Actual Total Time": 1652.425,"Actual Rows": 4,"Actual Loops": 1,"Group Key": ["l_returnflag", "l_linestatus"],"Plans": [{"Node Type": "Gather Merge","Parent Relationship": "Outer","Parallel Aware": false,"Async Capable": false,"Startup Cost": 183915.11,"Total Cost": 183917.98,"Plan Rows": 24,"Plan Width": 236,"Actual Startup Time": 1617.776,"Actual Total Time": 1652.277,"Actual Rows": 20,"Actual Loops": 1,"Workers Planned": 4,"Workers Launched": 4,"Plans": [{"Node Type": "Sort","Parent Relationship": "Outer","Parallel Aware": false,"Async Capable": false,"Startup Cost": 182915.05,"Total Cost": 182915.06,"Plan Rows": 6,"Plan Width": 236,"Actual Startup Time": 1610.319,"Actual Total Time": 1610.323,"Actual Rows": 4,"Actual Loops": 5,"Sort Key": ["l_returnflag", "l_linestatus"],"Sort Method": "quicksort","Sort Space Used": 27,"Sort Space Type": "Memory","Workers": [{"Worker Number": 0,"Sort Method": "quicksort","Sort Space Used": 27,"Sort Space Type": "Memory"},{"Worker Number": 1,"Sort Method": "quicksort","Sort Space Used": 27,"Sort Space Type": "Memory"},{"Worker Number": 2,"Sort Method": "quicksort","Sort Space Used": 27,"Sort Space Type": "Memory"},{"Worker Number": 3,"Sort Method": "quicksort","Sort Space Used": 27,"Sort Space Type": "Memory"}],"Plans": [{"Node Type": "Aggregate","Strategy": "Hashed","Partial Mode": "Partial","Parent Relationship": "Outer","Parallel Aware": false,"Async Capable": false,"Startup Cost": 182914.84,"Total Cost": 182914.97,"Plan Rows": 6,"Plan Width": 236,"Actual Startup Time": 1610.220,"Actual Total Time": 1610.228,"Actual Rows": 4,"Actual Loops": 5,"Group Key": ["l_returnflag", "l_linestatus"],"Planned Partitions": 0,"HashAgg Batches": 1,"Peak Memory Usage": 32,"Disk Usage": 0,"Workers": [{"Worker Number": 0,"HashAgg Batches": 1,"Peak Memory Usage": 32,"Disk Usage": 0},{"Worker Number": 1,"HashAgg Batches": 1,"Peak Memory Usage": 32,"Disk Usage": 0},{"Worker Number": 2,"HashAgg Batches": 1,"Peak Memory Usage": 32,"Disk Usage": 0},{"Worker Number": 3,"HashAgg Batches": 1,"Peak Memory Usage": 32,"Disk Usage": 0}],"Plans": [{"Node Type": "Seq Scan","Parent Relationship": "Outer","Parallel Aware": true,"Async Capable": false,"Relation Name": "lineitem","Alias": "lineitem","Startup Cost": 0.00,"Total Cost": 131256.80,"Plan Rows": 1475944,"Plan Width": 25,"Actual Startup Time": 0.051,"Actual Total Time": 598.821,"Actual Rows": 1181394,"Actual Loops": 5,"Filter": "(l_shipdate <= '1998-08-28 00:00:00'::timestamp without time zone)","Rows Removed by Filter": 18849,"Workers": []}]}]}]}]},"Planning Time": 2.726,"Triggers": [],"Execution Time": 1652.808}]
[{"Plan": {"Node Type": "Aggregate","Strategy": "Sorted","Partial Mode": "Finalize","Parallel Aware": false,"Async Capable": false,"Startup Cost": 184342.25,"Total Cost": 184346.07,"Plan Rows": 6,"Plan Width": 236,"Actual Startup Time": 1655.561,"Actual Total Time": 1689.583,"Actual Rows": 4,"Actual Loops": 1,"Group Key": ["l_returnflag", "l_linestatus"],"Plans": [{"Node Type": "Gather Merge","Parent Relationship": "Outer","Parallel Aware": false,"Async Capable": false,"Startup Cost": 184342.25,"Total Cost": 184345.12,"Plan Rows": 24,"Plan Width": 236,"Actual Startup Time": 1655.474,"Actual Total Time": 1689.450,"Actual Rows": 20,"Actual Loops": 1,"Workers Planned": 4,"Workers Launched": 4,"Plans": [{"Node Type": "Sort","Parent Relationship": "Outer","Parallel Aware": false,"Async Capable": false,"Startup Cost": 183342.19,"Total Cost": 183342.20,"Plan Rows": 6,"Plan Width": 236,"Actual Startup Time": 1647.670,"Actual Total Time": 1647.678,"Actual Rows": 4,"Actual Loops": 5,"Sort Key": ["l_returnflag", "l_linestatus"],"Sort Method": "quicksort","Sort Space Used": 27,"Sort Space Type": "Memory","Workers": [{"Worker Number": 0,"Sort Method": "quicksort","Sort Space Used": 27,"Sort Space Type": "Memory"},{"Worker Number": 1,"Sort Method": "quicksort","Sort Space Used": 27,"Sort Space Type": "Memory"},{"Worker Number": 2,"Sort Method": "quicksort","Sort Space Used": 27,"Sort Space Type": "Memory"},{"Worker Number": 3,"Sort Method": "quicksort","Sort Space Used": 27,"Sort Space Type": "Memory"}],"Plans": [{"Node Type": "Aggregate","Strategy": "Hashed","Partial Mode": "Partial","Parent Relationship": "Outer","Parallel Aware": false,"Async Capable": false,"Startup Cost": 183341.98,"Total Cost": 183342.11,"Plan Rows": 6,"Plan Width": 236,"Actual Startup Time": 1647.554,"Actual Total Time": 1647.566,"Actual Rows": 4,"Actual Loops": 5,"Group Key": ["l_returnflag", "l_linestatus"],"Planned Partitions": 0,"HashAgg Batches": 1,"Peak Memory Usage": 32,"Disk Usage": 0,"Workers": [{"Worker Number": 0,"HashAgg Batches": 1,"Peak Memory Usage": 32,"Disk Usage": 0},{"Worker Number": 1,"HashAgg Batches": 1,"Peak Memory Usage": 32,"Disk Usage": 0},{"Worker Number": 2,"HashAgg Batches": 1,"Peak Memory Usage": 32,"Disk Usage": 0},{"Worker Number": 3,"HashAgg Batches": 1,"Peak Memory Usage": 32,"Disk Usage": 0}],"Plans": [{"Node Type": "Seq Scan","Parent Relationship": "Outer","Parallel Aware": true,"Async Capable": false,"Relation Name": "lineitem","Alias": "lineitem","Startup Cost": 0.00,"Total Cost": 131256.80,"Plan Rows": 1488148,"Plan Width": 25,"Actual Startup Time": 0.043,"Actual Total Time": 623.196,"Actual Rows": 1192678,"Actual Loops": 5,"Filter": "(l_shipdate <= '1998-10-02 00:00:00'::timestamp without time zone)","Rows Removed by Filter": 7565,"Workers": []}]}]}]}]},"Planning Time": 3.639,"Triggers": [],"Execution Time": 1690.019}]
[{"Plan": {"Node Type": "Aggregate","Strategy": "Sorted","Partial Mode": "Finalize","Parallel Aware": false,"Async Capable": false,"Startup Cost": 184097.81,"Total Cost": 184101.63,"Plan Rows": 6,"Plan Width": 236,"Actual Startup Time": 1624.808,"Actual Total Time": 1658.521,"Actual Rows": 4,"Actual Loops": 1,"Group Key": ["l_returnflag", "l_linestatus"],"Plans": [{"Node Type": "Gather Merge","Parent Relationship": "Outer","Parallel Aware": false,"Async Capable": false,"Startup Cost": 184097.81,"Total Cost": 184100.68,"Plan Rows": 24,"Plan Width": 236,"Actual Startup Time": 1624.718,"Actual Total Time": 1658.389,"Actual Rows": 20,"Actual Loops": 1,"Workers Planned": 4,"Workers Launched": 4,"Plans": [{"Node Type": "Sort","Parent Relationship": "Outer","Parallel Aware": false,"Async Capable": false,"Startup Cost": 183097.75,"Total Cost": 183097.76,"Plan Rows": 6,"Plan Width": 236,"Actual Startup Time": 1616.102,"Actual Total Time": 1616.107,"Actual Rows": 4,"Actual Loops": 5,"Sort Key": ["l_returnflag", "l_linestatus"],"Sort Method": "quicksort","Sort Space Used": 27,"Sort Space Type": "Memory","Workers": [{"Worker Number": 0,"Sort Method": "quicksort","Sort Space Used": 27,"Sort Space Type": "Memory"},{"Worker Number": 1,"Sort Method": "quicksort","Sort Space Used": 27,"Sort Space Type": "Memory"},{"Worker Number": 2,"Sort Method": "quicksort","Sort Space Used": 27,"Sort Space Type": "Memory"},{"Worker Number": 3,"Sort Method": "quicksort","Sort Space Used": 27,"Sort Space Type": "Memory"}],"Plans": [{"Node Type": "Aggregate","Strategy": "Hashed","Partial Mode": "Partial","Parent Relationship": "Outer","Parallel Aware": false,"Async Capable": false,"Startup Cost": 183097.54,"Total Cost": 183097.67,"Plan Rows": 6,"Plan Width": 236,"Actual Startup Time": 1615.975,"Actual Total Time": 1615.986,"Actual Rows": 4,"Actual Loops": 5,"Group Key": ["l_returnflag", "l_linestatus"],"Planned Partitions": 0,"HashAgg Batches": 1,"Peak Memory Usage": 32,"Disk Usage": 0,"Workers": [{"Worker Number": 0,"HashAgg Batches": 1,"Peak Memory Usage": 32,"Disk Usage": 0},{"Worker Number": 1,"HashAgg Batches": 1,"Peak Memory Usage": 32,"Disk Usage": 0},{"Worker Number": 2,"HashAgg Batches": 1,"Peak Memory Usage": 32,"Disk Usage": 0},{"Worker Number": 3,"HashAgg Batches": 1,"Peak Memory Usage": 32,"Disk Usage": 0}],"Plans": [{"Node Type": "Seq Scan","Parent Relationship": "Outer","Parallel Aware": true,"Async Capable": false,"Relation Name": "lineitem","Alias": "lineitem","Startup Cost": 0.00,"Total Cost": 131256.80,"Plan Rows": 1481164,"Plan Width": 25,"Actual Startup Time": 0.044,"Actual Total Time": 598.688,"Actual Rows": 1185852,"Actual Loops": 5,"Filter": "(l_shipdate <= '1998-09-09 00:00:00'::timestamp without time zone)","Rows Removed by Filter": 14391,"Workers": []}]}]}]}]},"Planning Time": 3.148,"Triggers": [],"Execution Time": 1658.881}]
[{"Plan": {"Node Type": "Aggregate","Strategy": "Sorted","Partial Mode": "Finalize","Parallel Aware": false,"Async Capable": false,"Startup Cost": 183593.04,"Total Cost": 183596.86,"Plan Rows": 6,"Plan Width": 236,"Actual Startup Time": 1626.635,"Actual Total Time": 1660.743,"Actual Rows": 4,"Actual Loops": 1,"Group Key": ["l_returnflag", "l_linestatus"],"Plans": [{"Node Type": "Gather Merge","Parent Relationship": "Outer","Parallel Aware": false,"Async Capable": false,"Startup Cost": 183593.04,"Total Cost": 183595.91,"Plan Rows": 24,"Plan Width": 236,"Actual Startup Time": 1626.497,"Actual Total Time": 1660.589,"Actual Rows": 20,"Actual Loops": 1,"Workers Planned": 4,"Workers Launched": 4,"Plans": [{"Node Type": "Sort","Parent Relationship": "Outer","Parallel Aware": false,"Async Capable": false,"Startup Cost": 182592.98,"Total Cost": 182592.99,"Plan Rows": 6,"Plan Width": 236,"Actual Startup Time": 1618.685,"Actual Total Time": 1618.689,"Actual Rows": 4,"Actual Loops": 5,"Sort Key": ["l_returnflag", "l_linestatus"],"Sort Method": "quicksort","Sort Space Used": 27,"Sort Space Type": "Memory","Workers": [{"Worker Number": 0,"Sort Method": "quicksort","Sort Space Used": 27,"Sort Space Type": "Memory"},{"Worker Number": 1,"Sort Method": "quicksort","Sort Space Used": 27,"Sort Space Type": "Memory"},{"Worker Number": 2,"Sort Method": "quicksort","Sort Space Used": 27,"Sort Space Type": "Memory"},{"Worker Number": 3,"Sort Method": "quicksort","Sort Space Used": 27,"Sort Space Type": "Memory"}],"Plans": [{"Node Type": "Aggregate","Strategy": "Hashed","Partial Mode": "Partial","Parent Relationship": "Outer","Parallel Aware": false,"Async Capable": false,"Startup Cost": 182592.77,"Total Cost": 182592.90,"Plan Rows": 6,"Plan Width": 236,"Actual Startup Time": 1618.594,"Actual Total Time": 1618.602,"Actual Rows": 4,"Actual Loops": 5,"Group Key": ["l_returnflag", "l_linestatus"],"Planned Partitions": 0,"HashAgg Batches": 1,"Peak Memory Usage": 32,"Disk Usage": 0,"Workers": [{"Worker Number": 0,"HashAgg Batches": 1,"Peak Memory Usage": 32,"Disk Usage": 0},{"Worker Number": 1,"HashAgg Batches": 1,"Peak Memory Usage": 32,"Disk Usage": 0},{"Worker Number": 2,"HashAgg Batches": 1,"Peak Memory Usage": 32,"Disk Usage": 0},{"Worker Number": 3,"HashAgg Batches": 1,"Peak Memory Usage": 32,"Disk Usage": 0}],"Plans": [{"Node Type": "Seq Scan","Parent Relationship": "Outer","Parallel Aware": true,"Async Capable": false,"Relation Name": "lineitem","Alias": "lineitem","Startup Cost": 0.00,"Total Cost": 131256.80,"Plan Rows": 1466742,"Plan Width": 25,"Actual Startup Time": 0.037,"Actual Total Time": 612.013,"Actual Rows": 1173110,"Actual Loops": 5,"Filter": "(l_shipdate <= '1998-08-09 00:00:00'::timestamp without time zone)","Rows Removed by Filter": 27133,"Workers": []}]}]}]}]},"Planning Time": 3.212,"Triggers": [],"Execution Time": 1661.179}]
[{"Plan": {"Node Type": "Aggregate","Strategy": "Sorted","Partial Mode": "Finalize","Parallel Aware": false,"Async Capable": false,"Startup Cost": 184189.16,"Total Cost": 184192.98,"Plan Rows": 6,"Plan Width": 236,"Actual Startup Time": 1645.674,"Actual Total Time": 1680.009,"Actual Rows": 4,"Actual Loops": 1,"Group Key": ["l_returnflag", "l_linestatus"],"Plans": [{"Node Type": "Gather Merge","Parent Relationship": "Outer","Parallel Aware": false,"Async Capable": false,"Startup Cost": 184189.16,"Total Cost": 184192.03,"Plan Rows": 24,"Plan Width": 236,"Actual Startup Time": 1645.562,"Actual Total Time": 1679.891,"Actual Rows": 20,"Actual Loops": 1,"Workers Planned": 4,"Workers Launched": 4,"Plans": [{"Node Type": "Sort","Parent Relationship": "Outer","Parallel Aware": false,"Async Capable": false,"Startup Cost": 183189.10,"Total Cost": 183189.11,"Plan Rows": 6,"Plan Width": 236,"Actual Startup Time": 1638.058,"Actual Total Time": 1638.062,"Actual Rows": 4,"Actual Loops": 5,"Sort Key": ["l_returnflag", "l_linestatus"],"Sort Method": "quicksort","Sort Space Used": 27,"Sort Space Type": "Memory","Workers": [{"Worker Number": 0,"Sort Method": "quicksort","Sort Space Used": 27,"Sort Space Type": "Memory"},{"Worker Number": 1,"Sort Method": "quicksort","Sort Space Used": 27,"Sort Space Type": "Memory"},{"Worker Number": 2,"Sort Method": "quicksort","Sort Space Used": 27,"Sort Space Type": "Memory"},{"Worker Number": 3,"Sort Method": "quicksort","Sort Space Used": 27,"Sort Space Type": "Memory"}],"Plans": [{"Node Type": "Aggregate","Strategy": "Hashed","Partial Mode": "Partial","Parent Relationship": "Outer","Parallel Aware": false,"Async Capable": false,"Startup Cost": 183188.89,"Total Cost": 183189.02,"Plan Rows": 6,"Plan Width": 236,"Actual Startup Time": 1637.958,"Actual Total Time": 1637.967,"Actual Rows": 4,"Actual Loops": 5,"Group Key": ["l_returnflag", "l_linestatus"],"Planned Partitions": 0,"HashAgg Batches": 1,"Peak Memory Usage": 32,"Disk Usage": 0,"Workers": [{"Worker Number": 0,"HashAgg Batches": 1,"Peak Memory Usage": 32,"Disk Usage": 0},{"Worker Number": 1,"HashAgg Batches": 1,"Peak Memory Usage": 32,"Disk Usage": 0},{"Worker Number": 2,"HashAgg Batches": 1,"Peak Memory Usage": 32,"Disk Usage": 0},{"Worker Number": 3,"HashAgg Batches": 1,"Peak Memory Usage": 32,"Disk Usage": 0}],"Plans": [{"Node Type": "Seq Scan","Parent Relationship": "Outer","Parallel Aware": true,"Async Capable": false,"Relation Name": "lineitem","Alias": "lineitem","Startup Cost": 0.00,"Total Cost": 131256.80,"Plan Rows": 1483774,"Plan Width": 25,"Actual Startup Time": 0.042,"Actual Total Time": 618.846,"Actual Rows": 1187863,"Actual Loops": 5,"Filter": "(l_shipdate <= '1998-09-15 00:00:00'::timestamp without time zone)","Rows Removed by Filter": 12380,"Workers": []}]}]}]}]},"Planning Time": 3.014,"Triggers": [],"Execution Time": 1680.406}]
[{"Plan": {"Node Type": "Aggregate","Strategy": "Sorted","Partial Mode": "Finalize","Parallel Aware": false,"Async Capable": false,"Startup Cost": 183793.31,"Total Cost": 183797.13,"Plan Rows": 6,"Plan Width": 236,"Actual Startup Time": 1633.248,"Actual Total Time": 1668.137,"Actual Rows": 4,"Actual Loops": 1,"Group Key": ["l_returnflag", "l_linestatus"],"Plans": [{"Node Type": "Gather Merge","Parent Relationship": "Outer","Parallel Aware": false,"Async Capable": false,"Startup Cost": 183793.31,"Total Cost": 183796.18,"Plan Rows": 24,"Plan Width": 236,"Actual Startup Time": 1633.183,"Actual Total Time": 1668.026,"Actual Rows": 20,"Actual Loops": 1,"Workers Planned": 4,"Workers Launched": 4,"Plans": [{"Node Type": "Sort","Parent Relationship": "Outer","Parallel Aware": false,"Async Capable": false,"Startup Cost": 182793.25,"Total Cost": 182793.26,"Plan Rows": 6,"Plan Width": 236,"Actual Startup Time": 1625.306,"Actual Total Time": 1625.310,"Actual Rows": 4,"Actual Loops": 5,"Sort Key": ["l_returnflag", "l_linestatus"],"Sort Method": "quicksort","Sort Space Used": 27,"Sort Space Type": "Memory","Workers": [{"Worker Number": 0,"Sort Method": "quicksort","Sort Space Used": 27,"Sort Space Type": "Memory"},{"Worker Number": 1,"Sort Method": "quicksort","Sort Space Used": 27,"Sort Space Type": "Memory"},{"Worker Number": 2,"Sort Method": "quicksort","Sort Space Used": 27,"Sort Space Type": "Memory"},{"Worker Number": 3,"Sort Method": "quicksort","Sort Space Used": 27,"Sort Space Type": "Memory"}],"Plans": [{"Node Type": "Aggregate","Strategy": "Hashed","Partial Mode": "Partial","Parent Relationship": "Outer","Parallel Aware": false,"Async Capable": false,"Startup Cost": 182793.04,"Total Cost": 182793.17,"Plan Rows": 6,"Plan Width": 236,"Actual Startup Time": 1625.208,"Actual Total Time": 1625.216,"Actual Rows": 4,"Actual Loops": 5,"Group Key": ["l_returnflag", "l_linestatus"],"Planned Partitions": 0,"HashAgg Batches": 1,"Peak Memory Usage": 32,"Disk Usage": 0,"Workers": [{"Worker Number": 0,"HashAgg Batches": 1,"Peak Memory Usage": 32,"Disk Usage": 0},{"Worker Number": 1,"HashAgg Batches": 1,"Peak Memory Usage": 32,"Disk Usage": 0},{"Worker Number": 2,"HashAgg Batches": 1,"Peak Memory Usage": 32,"Disk Usage": 0},{"Worker Number": 3,"HashAgg Batches": 1,"Peak Memory Usage": 32,"Disk Usage": 0}],"Plans": [{"Node Type": "Seq Scan","Parent Relationship": "Outer","Parallel Aware": true,"Async Capable": false,"Relation Name": "lineitem","Alias": "lineitem","Startup Cost": 0.00,"Total Cost": 131256.80,"Plan Rows": 1472464,"Plan Width": 25,"Actual Startup Time": 0.041,"Actual Total Time": 612.099,"Actual Rows": 1178099,"Actual Loops": 5,"Filter": "(l_shipdate <= '1998-08-20 00:00:00'::timestamp without time zone)","Rows Removed by Filter": 22144,"Workers": []}]}]}]}]},"Planning Time": 3.085,"Triggers": [],"Execution Time": 1668.560}]
[{"Plan": {"Node Type": "Aggregate","Strategy": "Sorted","Partial Mode": "Finalize","Parallel Aware": false,"Async Capable": false,"Startup Cost": 184021.68,"Total Cost": 184025.50,"Plan Rows": 6,"Plan Width": 236,"Actual Startup Time": 1618.994,"Actual Total Time": 1651.452,"Actual Rows": 4,"Actual Loops": 1,"Group Key": ["l_returnflag", "l_linestatus"],"Plans": [{"Node Type": "Gather Merge","Parent Relationship": "Outer","Parallel Aware": false,"Async Capable": false,"Startup Cost": 184021.68,"Total Cost": 184024.56,"Plan Rows": 24,"Plan Width": 236,"Actual Startup Time": 1618.907,"Actual Total Time": 1651.331,"Actual Rows": 20,"Actual Loops": 1,"Workers Planned": 4,"Workers Launched": 4,"Plans": [{"Node Type": "Sort","Parent Relationship": "Outer","Parallel Aware": false,"Async Capable": false,"Startup Cost": 183021.62,"Total Cost": 183021.64,"Plan Rows": 6,"Plan Width": 236,"Actual Startup Time": 1611.315,"Actual Total Time": 1611.318,"Actual Rows": 4,"Actual Loops": 5,"Sort Key": ["l_returnflag", "l_linestatus"],"Sort Method": "quicksort","Sort Space Used": 27,"Sort Space Type": "Memory","Workers": [{"Worker Number": 0,"Sort Method": "quicksort","Sort Space Used": 27,"Sort Space Type": "Memory"},{"Worker Number": 1,"Sort Method": "quicksort","Sort Space Used": 27,"Sort Space Type": "Memory"},{"Worker Number": 2,"Sort Method": "quicksort","Sort Space Used": 27,"Sort Space Type": "Memory"},{"Worker Number": 3,"Sort Method": "quicksort","Sort Space Used": 27,"Sort Space Type": "Memory"}],"Plans": [{"Node Type": "Aggregate","Strategy": "Hashed","Partial Mode": "Partial","Parent Relationship": "Outer","Parallel Aware": false,"Async Capable": false,"Startup Cost": 183021.41,"Total Cost": 183021.55,"Plan Rows": 6,"Plan Width": 236,"Actual Startup Time": 1611.089,"Actual Total Time": 1611.097,"Actual Rows": 4,"Actual Loops": 5,"Group Key": ["l_returnflag", "l_linestatus"],"Planned Partitions": 0,"HashAgg Batches": 1,"Peak Memory Usage": 32,"Disk Usage": 0,"Workers": [{"Worker Number": 0,"HashAgg Batches": 1,"Peak Memory Usage": 32,"Disk Usage": 0},{"Worker Number": 1,"HashAgg Batches": 1,"Peak Memory Usage": 32,"Disk Usage": 0},{"Worker Number": 2,"HashAgg Batches": 1,"Peak Memory Usage": 32,"Disk Usage": 0},{"Worker Number": 3,"HashAgg Batches": 1,"Peak Memory Usage": 32,"Disk Usage": 0}],"Plans": [{"Node Type": "Seq Scan","Parent Relationship": "Outer","Parallel Aware": true,"Async Capable": false,"Relation Name": "lineitem","Alias": "lineitem","Startup Cost": 0.00,"Total Cost": 131256.80,"Plan Rows": 1478989,"Plan Width": 25,"Actual Startup Time": 0.039,"Actual Total Time": 596.159,"Actual Rows": 1184062,"Actual Loops": 5,"Filter": "(l_shipdate <= '1998-09-04 00:00:00'::timestamp without time zone)","Rows Removed by Filter": 16181,"Workers": []}]}]}]}]},"Planning Time": 2.929,"Triggers": [],"Execution Time": 1651.788}]
[{"Plan": {"Node Type": "Aggregate","Strategy": "Sorted","Partial Mode": "Finalize","Parallel Aware": false,"Async Capable": false,"Startup Cost": 183762.86,"Total Cost": 183766.68,"Plan Rows": 6,"Plan Width": 236,"Actual Startup Time": 1624.125,"Actual Total Time": 1658.164,"Actual Rows": 4,"Actual Loops": 1,"Group Key": ["l_returnflag", "l_linestatus"],"Plans": [{"Node Type": "Gather Merge","Parent Relationship": "Outer","Parallel Aware": false,"Async Capable": false,"Startup Cost": 183762.86,"Total Cost": 183765.73,"Plan Rows": 24,"Plan Width": 236,"Actual Startup Time": 1624.055,"Actual Total Time": 1658.060,"Actual Rows": 20,"Actual Loops": 1,"Workers Planned": 4,"Workers Launched": 4,"Plans": [{"Node Type": "Sort","Parent Relationship": "Outer","Parallel Aware": false,"Async Capable": false,"Startup Cost": 182762.80,"Total Cost": 182762.81,"Plan Rows": 6,"Plan Width": 236,"Actual Startup Time": 1615.684,"Actual Total Time": 1615.689,"Actual Rows": 4,"Actual Loops": 5,"Sort Key": ["l_returnflag", "l_linestatus"],"Sort Method": "quicksort","Sort Space Used": 27,"Sort Space Type": "Memory","Workers": [{"Worker Number": 0,"Sort Method": "quicksort","Sort Space Used": 27,"Sort Space Type": "Memory"},{"Worker Number": 1,"Sort Method": "quicksort","Sort Space Used": 27,"Sort Space Type": "Memory"},{"Worker Number": 2,"Sort Method": "quicksort","Sort Space Used": 27,"Sort Space Type": "Memory"},{"Worker Number": 3,"Sort Method": "quicksort","Sort Space Used": 27,"Sort Space Type": "Memory"}],"Plans": [{"Node Type": "Aggregate","Strategy": "Hashed","Partial Mode": "Partial","Parent Relationship": "Outer","Parallel Aware": false,"Async Capable": false,"Startup Cost": 182762.59,"Total Cost": 182762.72,"Plan Rows": 6,"Plan Width": 236,"Actual Startup Time": 1615.553,"Actual Total Time": 1615.563,"Actual Rows": 4,"Actual Loops": 5,"Group Key": ["l_returnflag", "l_linestatus"],"Planned Partitions": 0,"HashAgg Batches": 1,"Peak Memory Usage": 32,"Disk Usage": 0,"Workers": [{"Worker Number": 0,"HashAgg Batches": 1,"Peak Memory Usage": 32,"Disk Usage": 0},{"Worker Number": 1,"HashAgg Batches": 1,"Peak Memory Usage": 32,"Disk Usage": 0},{"Worker Number": 2,"HashAgg Batches": 1,"Peak Memory Usage": 32,"Disk Usage": 0},{"Worker Number": 3,"HashAgg Batches": 1,"Peak Memory Usage": 32,"Disk Usage": 0}],"Plans": [{"Node Type": "Seq Scan","Parent Relationship": "Outer","Parallel Aware": true,"Async Capable": false,"Relation Name": "lineitem","Alias": "lineitem","Startup Cost": 0.00,"Total Cost": 131256.80,"Plan Rows": 1471594,"Plan Width": 25,"Actual Startup Time": 0.040,"Actual Total Time": 605.807,"Actual Rows": 1177251,"Actual Loops": 5,"Filter": "(l_shipdate <= '1998-08-18 00:00:00'::timestamp without time zone)","Rows Removed by Filter": 22992,"Workers": []}]}]}]}]},"Planning Time": 2.911,"Triggers": [],"Execution Time": 1658.466}]
[{"Plan": {"Node Type": "Aggregate","Strategy": "Sorted","Partial Mode": "Finalize","Parallel Aware": false,"Async Capable": false,"Startup Cost": 183493.50,"Total Cost": 183497.32,"Plan Rows": 6,"Plan Width": 236,"Actual Startup Time": 1609.024,"Actual Total Time": 1641.882,"Actual Rows": 4,"Actual Loops": 1,"Group Key": ["l_returnflag", "l_linestatus"],"Plans": [{"Node Type": "Gather Merge","Parent Relationship": "Outer","Parallel Aware": false,"Async Capable": false,"Startup Cost": 183493.50,"Total Cost": 183496.37,"Plan Rows": 24,"Plan Width": 236,"Actual Startup Time": 1608.904,"Actual Total Time": 1641.764,"Actual Rows": 20,"Actual Loops": 1,"Workers Planned": 4,"Workers Launched": 4,"Plans": [{"Node Type": "Sort","Parent Relationship": "Outer","Parallel Aware": false,"Async Capable": false,"Startup Cost": 182493.44,"Total Cost": 182493.45,"Plan Rows": 6,"Plan Width": 236,"Actual Startup Time": 1601.101,"Actual Total Time": 1601.104,"Actual Rows": 4,"Actual Loops": 5,"Sort Key": ["l_returnflag", "l_linestatus"],"Sort Method": "quicksort","Sort Space Used": 27,"Sort Space Type": "Memory","Workers": [{"Worker Number": 0,"Sort Method": "quicksort","Sort Space Used": 27,"Sort Space Type": "Memory"},{"Worker Number": 1,"Sort Method": "quicksort","Sort Space Used": 27,"Sort Space Type": "Memory"},{"Worker Number": 2,"Sort Method": "quicksort","Sort Space Used": 27,"Sort Space Type": "Memory"},{"Worker Number": 3,"Sort Method": "quicksort","Sort Space Used": 27,"Sort Space Type": "Memory"}],"Plans": [{"Node Type": "Aggregate","Strategy": "Hashed","Partial Mode": "Partial","Parent Relationship": "Outer","Parallel Aware": false,"Async Capable": false,"Startup Cost": 182493.23,"Total Cost": 182493.36,"Plan Rows": 6,"Plan Width": 236,"Actual Startup Time": 1601.000,"Actual Total Time": 1601.008,"Actual Rows": 4,"Actual Loops": 5,"Group Key": ["l_returnflag", "l_linestatus"],"Planned Partitions": 0,"HashAgg Batches": 1,"Peak Memory Usage": 32,"Disk Usage": 0,"Workers": [{"Worker Number": 0,"HashAgg Batches": 1,"Peak Memory Usage": 32,"Disk Usage": 0},{"Worker Number": 1,"HashAgg Batches": 1,"Peak Memory Usage": 32,"Disk Usage": 0},{"Worker Number": 2,"HashAgg Batches": 1,"Peak Memory Usage": 32,"Disk Usage": 0},{"Worker Number": 3,"HashAgg Batches": 1,"Peak Memory Usage": 32,"Disk Usage": 0}],"Plans": [{"Node Type": "Seq Scan","Parent Relationship": "Outer","Parallel Aware": true,"Async Capable": false,"Relation Name": "lineitem","Alias": "lineitem","Startup Cost": 0.00,"Total Cost": 131256.80,"Plan Rows": 1463898,"Plan Width": 25,"Actual Startup Time": 0.042,"Actual Total Time": 598.084,"Actual Rows": 1170668,"Actual Loops": 5,"Filter": "(l_shipdate <= '1998-08-04 00:00:00'::timestamp without time zone)","Rows Removed by Filter": 29575,"Workers": []}]}]}]}]},"Planning Time": 3.512,"Triggers": [],"Execution Time": 1642.332}]
[{"Plan": {"Node Type": "Aggregate","Strategy": "Sorted","Partial Mode": "Finalize","Parallel Aware": false,"Async Capable": false,"Startup Cost": 184204.38,"Total Cost": 184208.20,"Plan Rows": 6,"Plan Width": 236,"Actual Startup Time": 1633.981,"Actual Total Time": 1667.258,"Actual Rows": 4,"Actual Loops": 1,"Group Key": ["l_returnflag", "l_linestatus"],"Plans": [{"Node Type": "Gather Merge","Parent Relationship": "Outer","Parallel Aware": false,"Async Capable": false,"Startup Cost": 184204.38,"Total Cost": 184207.26,"Plan Rows": 24,"Plan Width": 236,"Actual Startup Time": 1633.916,"Actual Total Time": 1667.158,"Actual Rows": 20,"Actual Loops": 1,"Workers Planned": 4,"Workers Launched": 4,"Plans": [{"Node Type": "Sort","Parent Relationship": "Outer","Parallel Aware": false,"Async Capable": false,"Startup Cost": 183204.32,"Total Cost": 183204.34,"Plan Rows": 6,"Plan Width": 236,"Actual Startup Time": 1625.100,"Actual Total Time": 1625.105,"Actual Rows": 4,"Actual Loops": 5,"Sort Key": ["l_returnflag", "l_linestatus"],"Sort Method": "quicksort","Sort Space Used": 27,"Sort Space Type": "Memory","Workers": [{"Worker Number": 0,"Sort Method": "quicksort","Sort Space Used": 27,"Sort Space Type": "Memory"},{"Worker Number": 1,"Sort Method": "quicksort","Sort Space Used": 27,"Sort Space Type": "Memory"},{"Worker Number": 2,"Sort Method": "quicksort","Sort Space Used": 27,"Sort Space Type": "Memory"},{"Worker Number": 3,"Sort Method": "quicksort","Sort Space Used": 27,"Sort Space Type": "Memory"}],"Plans": [{"Node Type": "Aggregate","Strategy": "Hashed","Partial Mode": "Partial","Parent Relationship": "Outer","Parallel Aware": false,"Async Capable": false,"Startup Cost": 183204.11,"Total Cost": 183204.25,"Plan Rows": 6,"Plan Width": 236,"Actual Startup Time": 1624.988,"Actual Total Time": 1624.999,"Actual Rows": 4,"Actual Loops": 5,"Group Key": ["l_returnflag", "l_linestatus"],"Planned Partitions": 0,"HashAgg Batches": 1,"Peak Memory Usage": 32,"Disk Usage": 0,"Workers": [{"Worker Number": 0,"HashAgg Batches": 1,"Peak Memory Usage": 32,"Disk Usage": 0},{"Worker Number": 1,"HashAgg Batches": 1,"Peak Memory Usage": 32,"Disk Usage": 0},{"Worker Number": 2,"HashAgg Batches": 1,"Peak Memory Usage": 32,"Disk Usage": 0},{"Worker Number": 3,"HashAgg Batches": 1,"Peak Memory Usage": 32,"Disk Usage": 0}],"Plans": [{"Node Type": "Seq Scan","Parent Relationship": "Outer","Parallel Aware": true,"Async Capable": false,"Relation Name": "lineitem","Alias": "lineitem","Startup Cost": 0.00,"Total Cost": 131256.80,"Plan Rows": 1484209,"Plan Width": 25,"Actual Startup Time": 0.040,"Actual Total Time": 604.937,"Actual Rows": 1188181,"Actual Loops": 5,"Filter": "(l_shipdate <= '1998-09-16 00:00:00'::timestamp without time zone)","Rows Removed by Filter": 12062,"Workers": []}]}]}]}]},"Planning Time": 3.653,"Triggers": [],"Execution Time": 1667.715}]
[{"Plan": {"Node Type": "Aggregate","Strategy": "Sorted","Partial Mode": "Finalize","Parallel Aware": false,"Async Capable": false,"Startup Cost": 184006.46,"Total Cost": 184010.28,"Plan Rows": 6,"Plan Width": 236,"Actual Startup Time": 1637.563,"Actual Total Time": 1670.763,"Actual Rows": 4,"Actual Loops": 1,"Group Key": ["l_returnflag", "l_linestatus"],"Plans": [{"Node Type": "Gather Merge","Parent Relationship": "Outer","Parallel Aware": false,"Async Capable": false,"Startup Cost": 184006.46,"Total Cost": 184009.33,"Plan Rows": 24,"Plan Width": 236,"Actual Startup Time": 1637.486,"Actual Total Time": 1670.648,"Actual Rows": 20,"Actual Loops": 1,"Workers Planned": 4,"Workers Launched": 4,"Plans": [{"Node Type": "Sort","Parent Relationship": "Outer","Parallel Aware": false,"Async Capable": false,"Startup Cost": 183006.40,"Total Cost": 183006.41,"Plan Rows": 6,"Plan Width": 236,"Actual Startup Time": 1629.890,"Actual Total Time": 1629.896,"Actual Rows": 4,"Actual Loops": 5,"Sort Key": ["l_returnflag", "l_linestatus"],"Sort Method": "quicksort","Sort Space Used": 27,"Sort Space Type": "Memory","Workers": [{"Worker Number": 0,"Sort Method": "quicksort","Sort Space Used": 27,"Sort Space Type": "Memory"},{"Worker Number": 1,"Sort Method": "quicksort","Sort Space Used": 27,"Sort Space Type": "Memory"},{"Worker Number": 2,"Sort Method": "quicksort","Sort Space Used": 27,"Sort Space Type": "Memory"},{"Worker Number": 3,"Sort Method": "quicksort","Sort Space Used": 27,"Sort Space Type": "Memory"}],"Plans": [{"Node Type": "Aggregate","Strategy": "Hashed","Partial Mode": "Partial","Parent Relationship": "Outer","Parallel Aware": false,"Async Capable": false,"Startup Cost": 183006.19,"Total Cost": 183006.32,"Plan Rows": 6,"Plan Width": 236,"Actual Startup Time": 1629.716,"Actual Total Time": 1629.726,"Actual Rows": 4,"Actual Loops": 5,"Group Key": ["l_returnflag", "l_linestatus"],"Planned Partitions": 0,"HashAgg Batches": 1,"Peak Memory Usage": 32,"Disk Usage": 0,"Workers": [{"Worker Number": 0,"HashAgg Batches": 1,"Peak Memory Usage": 32,"Disk Usage": 0},{"Worker Number": 1,"HashAgg Batches": 1,"Peak Memory Usage": 32,"Disk Usage": 0},{"Worker Number": 2,"HashAgg Batches": 1,"Peak Memory Usage": 32,"Disk Usage": 0},{"Worker Number": 3,"HashAgg Batches": 1,"Peak Memory Usage": 32,"Disk Usage": 0}],"Plans": [{"Node Type": "Seq Scan","Parent Relationship": "Outer","Parallel Aware": true,"Async Capable": false,"Relation Name": "lineitem","Alias": "lineitem","Startup Cost": 0.00,"Total Cost": 131256.80,"Plan Rows": 1478554,"Plan Width": 25,"Actual Startup Time": 0.036,"Actual Total Time": 613.531,"Actual Rows": 1183691,"Actual Loops": 5,"Filter": "(l_shipdate <= '1998-09-03 00:00:00'::timestamp without time zone)","Rows Removed by Filter": 16552,"Workers": []}]}]}]}]},"Planning Time": 3.591,"Triggers": [],"Execution Time": 1671.277}]
[{"Plan": {"Node Type": "Aggregate","Strategy": "Sorted","Partial Mode": "Finalize","Parallel Aware": false,"Async Capable": false,"Startup Cost": 183915.11,"Total Cost": 183918.93,"Plan Rows": 6,"Plan Width": 236,"Actual Startup Time": 1617.865,"Actual Total Time": 1652.425,"Actual Rows": 4,"Actual Loops": 1,"Group Key": ["l_returnflag", "l_linestatus"],"Plans": [{"Node Type": "Gather Merge","Parent Relationship": "Outer","Parallel Aware": false,"Async Capable": false,"Startup Cost": 183915.11,"Total Cost": 183917.98,"Plan Rows": 24,"Plan Width": 236,"Actual Startup Time": 1617.776,"Actual Total Time": 1652.277,"Actual Rows": 20,"Actual Loops": 1,"Workers Planned": 4,"Workers Launched": 4,"Plans": [{"Node Type": "Sort","Parent Relationship": "Outer","Parallel Aware": false,"Async Capable": false,"Startup Cost": 182915.05,"Total Cost": 182915.06,"Plan Rows": 6,"Plan Width": 236,"Actual Startup Time": 1610.319,"Actual Total Time": 1610.323,"Actual Rows": 4,"Actual Loops": 5,"Sort Key": ["l_returnflag", "l_linestatus"],"Sort Method": "quicksort","Sort Space Used": 27,"Sort Space Type": "Memory","Workers": [{"Worker Number": 0,"Sort Method": "quicksort","Sort Space Used": 27,"Sort Space Type": "Memory"},{"Worker Number": 1,"Sort Method": "quicksort","Sort Space Used": 27,"Sort Space Type": "Memory"},{"Worker Number": 2,"Sort Method": "quicksort","Sort Space Used": 27,"Sort Space Type": "Memory"},{"Worker Number": 3,"Sort Method": "quicksort","Sort Space Used": 27,"Sort Space Type": "Memory"}],"Plans": [{"Node Type": "Aggregate","Strategy": "Hashed","Partial Mode": "Partial","Parent Relationship": "Outer","Parallel Aware": false,"Async Capable": false,"Startup Cost": 182914.84,"Total Cost": 182914.97,"Plan Rows": 6,"Plan Width": 236,"Actual Startup Time": 1610.220,"Actual Total Time": 1610.228,"Actual Rows": 4,"Actual Loops": 5,"Group Key": ["l_returnflag", "l_linestatus"],"Planned Partitions": 0,"HashAgg Batches": 1,"Peak Memory Usage": 32,"Disk Usage": 0,"Workers": [{"Worker Number": 0,"HashAgg Batches": 1,"Peak Memory Usage": 32,"Disk Usage": 0},{"Worker Number": 1,"HashAgg Batches": 1,"Peak Memory Usage": 32,"Disk Usage": 0},{"Worker Number": 2,"HashAgg Batches": 1,"Peak Memory Usage": 32,"Disk Usage": 0},{"Worker Number": 3,"HashAgg Batches": 1,"Peak Memory Usage": 32,"Disk Usage": 0}],"Plans": [{"Node Type": "Seq Scan","Parent Relationship": "Outer","Parallel Aware": true,"Async Capable": false,"Relation Name": "lineitem","Alias": "lineitem","Startup Cost": 0.00,"Total Cost": 131256.80,"Plan Rows": 1475944,"Plan Width": 25,"Actual Startup Time": 0.051,"Actual Total Time": 598.821,"Actual Rows": 1181394,"Actual Loops": 5,"Filter": "(l_shipdate <= '1998-08-28 00:00:00'::timestamp without time zone)","Rows Removed by Filter": 18849,"Workers": []}]}]}]}]},"Planning Time": 2.726,"Triggers": [],"Execution Time": 1652.808}]
[{"Plan": {"Node Type": "Aggregate","Strategy": "Sorted","Partial Mode": "Finalize","Parallel Aware": false,"Async Capable": false,"Startup Cost": 183612.95,"Total Cost": 183616.77,"Plan Rows": 6,"Plan Width": 236,"Actual Startup Time": 1638.871,"Actual Total Time": 1672.616,"Actual Rows": 4,"Actual Loops": 1,"Group Key": ["l_returnflag", "l_linestatus"],"Plans": [{"Node Type": "Gather Merge","Parent Relationship": "Outer","Parallel Aware": false,"Async Capable": false,"Startup Cost": 183612.95,"Total Cost": 183615.83,"Plan Rows": 24,"Plan Width": 236,"Actual Startup Time": 1638.797,"Actual Total Time": 1672.514,"Actual Rows": 20,"Actual Loops": 1,"Workers Planned": 4,"Workers Launched": 4,"Plans": [{"Node Type": "Sort","Parent Relationship": "Outer","Parallel Aware": false,"Async Capable": false,"Startup Cost": 182612.89,"Total Cost": 182612.91,"Plan Rows": 6,"Plan Width": 236,"Actual Startup Time": 1630.744,"Actual Total Time": 1630.751,"Actual Rows": 4,"Actual Loops": 5,"Sort Key": ["l_returnflag", "l_linestatus"],"Sort Method": "quicksort","Sort Space Used": 27,"Sort Space Type": "Memory","Workers": [{"Worker Number": 0,"Sort Method": "quicksort","Sort Space Used": 27,"Sort Space Type": "Memory"},{"Worker Number": 1,"Sort Method": "quicksort","Sort Space Used": 27,"Sort Space Type": "Memory"},{"Worker Number": 2,"Sort Method": "quicksort","Sort Space Used": 27,"Sort Space Type": "Memory"},{"Worker Number": 3,"Sort Method": "quicksort","Sort Space Used": 27,"Sort Space Type": "Memory"}],"Plans": [{"Node Type": "Aggregate","Strategy": "Hashed","Partial Mode": "Partial","Parent Relationship": "Outer","Parallel Aware": false,"Async Capable": false,"Startup Cost": 182612.68,"Total Cost": 182612.82,"Plan Rows": 6,"Plan Width": 236,"Actual Startup Time": 1630.518,"Actual Total Time": 1630.530,"Actual Rows": 4,"Actual Loops": 5,"Group Key": ["l_returnflag", "l_linestatus"],"Planned Partitions": 0,"HashAgg Batches": 1,"Peak Memory Usage": 32,"Disk Usage": 0,"Workers": [{"Worker Number": 0,"HashAgg Batches": 1,"Peak Memory Usage": 32,"Disk Usage": 0},{"Worker Number": 1,"HashAgg Batches": 1,"Peak Memory Usage": 32,"Disk Usage": 0},{"Worker Number": 2,"HashAgg Batches": 1,"Peak Memory Usage": 32,"Disk Usage": 0},{"Worker Number": 3,"HashAgg Batches": 1,"Peak Memory Usage": 32,"Disk Usage": 0}],"Plans": [{"Node Type": "Seq Scan","Parent Relationship": "Outer","Parallel Aware": true,"Async Capable": false,"Relation Name": "lineitem","Alias": "lineitem","Startup Cost": 0.00,"Total Cost": 131256.80,"Plan Rows": 1467311,"Plan Width": 25,"Actual Startup Time": 0.045,"Actual Total Time": 621.213,"Actual Rows": 1173591,"Actual Loops": 5,"Filter": "(l_shipdate <= '1998-08-10 00:00:00'::timestamp without time zone)","Rows Removed by Filter": 26652,"Workers": []}]}]}]}]},"Planning Time": 3.248,"Triggers": [],"Execution Time": 1673.047}]
[{"Plan": {"Node Type": "Aggregate","Strategy": "Sorted","Partial Mode": "Finalize","Parallel Aware": false,"Async Capable": false,"Startup Cost": 183712.49,"Total Cost": 183716.31,"Plan Rows": 6,"Plan Width": 236,"Actual Startup Time": 1630.342,"Actual Total Time": 1664.480,"Actual Rows": 4,"Actual Loops": 1,"Group Key": ["l_returnflag", "l_linestatus"],"Plans": [{"Node Type": "Gather Merge","Parent Relationship": "Outer","Parallel Aware": false,"Async Capable": false,"Startup Cost": 183712.49,"Total Cost": 183715.37,"Plan Rows": 24,"Plan Width": 236,"Actual Startup Time": 1630.278,"Actual Total Time": 1664.377,"Actual Rows": 20,"Actual Loops": 1,"Workers Planned": 4,"Workers Launched": 4,"Plans": [{"Node Type": "Sort","Parent Relationship": "Outer","Parallel Aware": false,"Async Capable": false,"Startup Cost": 182712.43,"Total Cost": 182712.45,"Plan Rows": 6,"Plan Width": 236,"Actual Startup Time": 1622.558,"Actual Total Time": 1622.562,"Actual Rows": 4,"Actual Loops": 5,"Sort Key": ["l_returnflag", "l_linestatus"],"Sort Method": "quicksort","Sort Space Used": 27,"Sort Space Type": "Memory","Workers": [{"Worker Number": 0,"Sort Method": "quicksort","Sort Space Used": 27,"Sort Space Type": "Memory"},{"Worker Number": 1,"Sort Method": "quicksort","Sort Space Used": 27,"Sort Space Type": "Memory"},{"Worker Number": 2,"Sort Method": "quicksort","Sort Space Used": 27,"Sort Space Type": "Memory"},{"Worker Number": 3,"Sort Method": "quicksort","Sort Space Used": 27,"Sort Space Type": "Memory"}],"Plans": [{"Node Type": "Aggregate","Strategy": "Hashed","Partial Mode": "Partial","Parent Relationship": "Outer","Parallel Aware": false,"Async Capable": false,"Startup Cost": 182712.22,"Total Cost": 182712.36,"Plan Rows": 6,"Plan Width": 236,"Actual Startup Time": 1622.442,"Actual Total Time": 1622.451,"Actual Rows": 4,"Actual Loops": 5,"Group Key": ["l_returnflag", "l_linestatus"],"Planned Partitions": 0,"HashAgg Batches": 1,"Peak Memory Usage": 32,"Disk Usage": 0,"Workers": [{"Worker Number": 0,"HashAgg Batches": 1,"Peak Memory Usage": 32,"Disk Usage": 0},{"Worker Number": 1,"HashAgg Batches": 1,"Peak Memory Usage": 32,"Disk Usage": 0},{"Worker Number": 2,"HashAgg Batches": 1,"Peak Memory Usage": 32,"Disk Usage": 0},{"Worker Number": 3,"HashAgg Batches": 1,"Peak Memory Usage": 32,"Disk Usage": 0}],"Plans": [{"Node Type": "Seq Scan","Parent Relationship": "Outer","Parallel Aware": true,"Async Capable": false,"Relation Name": "lineitem","Alias": "lineitem","Startup Cost": 0.00,"Total Cost": 131256.80,"Plan Rows": 1470155,"Plan Width": 25,"Actual Startup Time": 0.046,"Actual Total Time": 613.406,"Actual Rows": 1175926,"Actual Loops": 5,"Filter": "(l_shipdate <= '1998-08-15 00:00:00'::timestamp without time zone)","Rows Removed by Filter": 24317,"Workers": []}]}]}]}]},"Planning Time": 2.534,"Triggers": [],"Execution Time": 1664.859}]
[{"Plan": {"Node Type": "Aggregate","Strategy": "Sorted","Partial Mode": "Finalize","Parallel Aware": false,"Async Capable": false,"Startup Cost": 183778.08,"Total Cost": 183781.90,"Plan Rows": 6,"Plan Width": 236,"Actual Startup Time": 1629.845,"Actual Total Time": 1663.181,"Actual Rows": 4,"Actual Loops": 1,"Group Key": ["l_returnflag", "l_linestatus"],"Plans": [{"Node Type": "Gather Merge","Parent Relationship": "Outer","Parallel Aware": false,"Async Capable": false,"Startup Cost": 183778.08,"Total Cost": 183780.96,"Plan Rows": 24,"Plan Width": 236,"Actual Startup Time": 1629.762,"Actual Total Time": 1663.049,"Actual Rows": 20,"Actual Loops": 1,"Workers Planned": 4,"Workers Launched": 4,"Plans": [{"Node Type": "Sort","Parent Relationship": "Outer","Parallel Aware": false,"Async Capable": false,"Startup Cost": 182778.02,"Total Cost": 182778.04,"Plan Rows": 6,"Plan Width": 236,"Actual Startup Time": 1622.415,"Actual Total Time": 1622.418,"Actual Rows": 4,"Actual Loops": 5,"Sort Key": ["l_returnflag", "l_linestatus"],"Sort Method": "quicksort","Sort Space Used": 27,"Sort Space Type": "Memory","Workers": [{"Worker Number": 0,"Sort Method": "quicksort","Sort Space Used": 27,"Sort Space Type": "Memory"},{"Worker Number": 1,"Sort Method": "quicksort","Sort Space Used": 27,"Sort Space Type": "Memory"},{"Worker Number": 2,"Sort Method": "quicksort","Sort Space Used": 27,"Sort Space Type": "Memory"},{"Worker Number": 3,"Sort Method": "quicksort","Sort Space Used": 27,"Sort Space Type": "Memory"}],"Plans": [{"Node Type": "Aggregate","Strategy": "Hashed","Partial Mode": "Partial","Parent Relationship": "Outer","Parallel Aware": false,"Async Capable": false,"Startup Cost": 182777.81,"Total Cost": 182777.95,"Plan Rows": 6,"Plan Width": 236,"Actual Startup Time": 1622.311,"Actual Total Time": 1622.319,"Actual Rows": 4,"Actual Loops": 5,"Group Key": ["l_returnflag", "l_linestatus"],"Planned Partitions": 0,"HashAgg Batches": 1,"Peak Memory Usage": 32,"Disk Usage": 0,"Workers": [{"Worker Number": 0,"HashAgg Batches": 1,"Peak Memory Usage": 32,"Disk Usage": 0},{"Worker Number": 1,"HashAgg Batches": 1,"Peak Memory Usage": 32,"Disk Usage": 0},{"Worker Number": 2,"HashAgg Batches": 1,"Peak Memory Usage": 32,"Disk Usage": 0},{"Worker Number": 3,"HashAgg Batches": 1,"Peak Memory Usage": 32,"Disk Usage": 0}],"Plans": [{"Node Type": "Seq Scan","Parent Relationship": "Outer","Parallel Aware": true,"Async Capable": false,"Relation Name": "lineitem","Alias": "lineitem","Startup Cost": 0.00,"Total Cost": 131256.80,"Plan Rows": 1472029,"Plan Width": 25,"Actual Startup Time": 0.039,"Actual Total Time": 611.490,"Actual Rows": 1177690,"Actual Loops": 5,"Filter": "(l_shipdate <= '1998-08-19 00:00:00'::timestamp without time zone)","Rows Removed by Filter": 22553,"Workers": []}]}]}]}]},"Planning Time": 2.535,"Triggers": [],"Execution Time": 1663.520}]
[{"Plan": {"Node Type": "Aggregate","Strategy": "Sorted","Partial Mode": "Finalize","Parallel Aware": false,"Async Capable": false,"Startup Cost": 183632.87,"Total Cost": 183636.69,"Plan Rows": 6,"Plan Width": 236,"Actual Startup Time": 1623.728,"Actual Total Time": 1657.080,"Actual Rows": 4,"Actual Loops": 1,"Group Key": ["l_returnflag", "l_linestatus"],"Plans": [{"Node Type": "Gather Merge","Parent Relationship": "Outer","Parallel Aware": false,"Async Capable": false,"Startup Cost": 183632.87,"Total Cost": 183635.74,"Plan Rows": 24,"Plan Width": 236,"Actual Startup Time": 1623.595,"Actual Total Time": 1656.839,"Actual Rows": 20,"Actual Loops": 1,"Workers Planned": 4,"Workers Launched": 4,"Plans": [{"Node Type": "Sort","Parent Relationship": "Outer","Parallel Aware": false,"Async Capable": false,"Startup Cost": 182632.81,"Total Cost": 182632.82,"Plan Rows": 6,"Plan Width": 236,"Actual Startup Time": 1615.244,"Actual Total Time": 1615.253,"Actual Rows": 4,"Actual Loops": 5,"Sort Key": ["l_returnflag", "l_linestatus"],"Sort Method": "quicksort","Sort Space Used": 27,"Sort Space Type": "Memory","Workers": [{"Worker Number": 0,"Sort Method": "quicksort","Sort Space Used": 27,"Sort Space Type": "Memory"},{"Worker Number": 1,"Sort Method": "quicksort","Sort Space Used": 27,"Sort Space Type": "Memory"},{"Worker Number": 2,"Sort Method": "quicksort","Sort Space Used": 27,"Sort Space Type": "Memory"},{"Worker Number": 3,"Sort Method": "quicksort","Sort Space Used": 27,"Sort Space Type": "Memory"}],"Plans": [{"Node Type": "Aggregate","Strategy": "Hashed","Partial Mode": "Partial","Parent Relationship": "Outer","Parallel Aware": false,"Async Capable": false,"Startup Cost": 182632.60,"Total Cost": 182632.73,"Plan Rows": 6,"Plan Width": 236,"Actual Startup Time": 1615.145,"Actual Total Time": 1615.156,"Actual Rows": 4,"Actual Loops": 5,"Group Key": ["l_returnflag", "l_linestatus"],"Planned Partitions": 0,"HashAgg Batches": 1,"Peak Memory Usage": 32,"Disk Usage": 0,"Workers": [{"Worker Number": 0,"HashAgg Batches": 1,"Peak Memory Usage": 32,"Disk Usage": 0},{"Worker Number": 1,"HashAgg Batches": 1,"Peak Memory Usage": 32,"Disk Usage": 0},{"Worker Number": 2,"HashAgg Batches": 1,"Peak Memory Usage": 32,"Disk Usage": 0},{"Worker Number": 3,"HashAgg Batches": 1,"Peak Memory Usage": 32,"Disk Usage": 0}],"Plans": [{"Node Type": "Seq Scan","Parent Relationship": "Outer","Parallel Aware": true,"Async Capable": false,"Relation Name": "lineitem","Alias": "lineitem","Startup Cost": 0.00,"Total Cost": 131256.80,"Plan Rows": 1467880,"Plan Width": 25,"Actual Startup Time": 0.041,"Actual Total Time": 606.679,"Actual Rows": 1174072,"Actual Loops": 5,"Filter": "(l_shipdate <= '1998-08-11 00:00:00'::timestamp without time zone)","Rows Removed by Filter": 26171,"Workers": []}]}]}]}]},"Planning Time": 2.392,"Triggers": [],"Execution Time": 1657.451}]
[{"Plan": {"Node Type": "Aggregate","Strategy": "Sorted","Partial Mode": "Finalize","Parallel Aware": false,"Async Capable": false,"Startup Cost": 183533.29,"Total Cost": 183537.11,"Plan Rows": 6,"Plan Width": 236,"Actual Startup Time": 1630.517,"Actual Total Time": 1664.896,"Actual Rows": 4,"Actual Loops": 1,"Group Key": ["l_returnflag", "l_linestatus"],"Plans": [{"Node Type": "Gather Merge","Parent Relationship": "Outer","Parallel Aware": false,"Async Capable": false,"Startup Cost": 183533.29,"Total Cost": 183536.17,"Plan Rows": 24,"Plan Width": 236,"Actual Startup Time": 1630.471,"Actual Total Time": 1664.800,"Actual Rows": 20,"Actual Loops": 1,"Workers Planned": 4,"Workers Launched": 4,"Plans": [{"Node Type": "Sort","Parent Relationship": "Outer","Parallel Aware": false,"Async Capable": false,"Startup Cost": 182533.23,"Total Cost": 182533.25,"Plan Rows": 6,"Plan Width": 236,"Actual Startup Time": 1622.825,"Actual Total Time": 1622.834,"Actual Rows": 4,"Actual Loops": 5,"Sort Key": ["l_returnflag", "l_linestatus"],"Sort Method": "quicksort","Sort Space Used": 27,"Sort Space Type": "Memory","Workers": [{"Worker Number": 0,"Sort Method": "quicksort","Sort Space Used": 27,"Sort Space Type": "Memory"},{"Worker Number": 1,"Sort Method": "quicksort","Sort Space Used": 27,"Sort Space Type": "Memory"},{"Worker Number": 2,"Sort Method": "quicksort","Sort Space Used": 27,"Sort Space Type": "Memory"},{"Worker Number": 3,"Sort Method": "quicksort","Sort Space Used": 27,"Sort Space Type": "Memory"}],"Plans": [{"Node Type": "Aggregate","Strategy": "Hashed","Partial Mode": "Partial","Parent Relationship": "Outer","Parallel Aware": false,"Async Capable": false,"Startup Cost": 182533.02,"Total Cost": 182533.16,"Plan Rows": 6,"Plan Width": 236,"Actual Startup Time": 1622.618,"Actual Total Time": 1622.631,"Actual Rows": 4,"Actual Loops": 5,"Group Key": ["l_returnflag", "l_linestatus"],"Planned Partitions": 0,"HashAgg Batches": 1,"Peak Memory Usage": 32,"Disk Usage": 0,"Workers": [{"Worker Number": 0,"HashAgg Batches": 1,"Peak Memory Usage": 32,"Disk Usage": 0},{"Worker Number": 1,"HashAgg Batches": 1,"Peak Memory Usage": 32,"Disk Usage": 0},{"Worker Number": 2,"HashAgg Batches": 1,"Peak Memory Usage": 32,"Disk Usage": 0},{"Worker Number": 3,"HashAgg Batches": 1,"Peak Memory Usage": 32,"Disk Usage": 0}],"Plans": [{"Node Type": "Seq Scan","Parent Relationship": "Outer","Parallel Aware": true,"Async Capable": false,"Relation Name": "lineitem","Alias": "lineitem","Startup Cost": 0.00,"Total Cost": 131256.80,"Plan Rows": 1465035,"Plan Width": 25,"Actual Startup Time": 0.025,"Actual Total Time": 611.078,"Actual Rows": 1171657,"Actual Loops": 5,"Filter": "(l_shipdate <= '1998-08-06 00:00:00'::timestamp without time zone)","Rows Removed by Filter": 28586,"Workers": []}]}]}]}]},"Planning Time": 2.842,"Triggers": [],"Execution Time": 1665.196}]
[{"Plan": {"Node Type": "Aggregate","Strategy": "Sorted","Partial Mode": "Finalize","Parallel Aware": false,"Async Capable": false,"Startup Cost": 183612.95,"Total Cost": 183616.77,"Plan Rows": 6,"Plan Width": 236,"Actual Startup Time": 1638.871,"Actual Total Time": 1672.616,"Actual Rows": 4,"Actual Loops": 1,"Group Key": ["l_returnflag", "l_linestatus"],"Plans": [{"Node Type": "Gather Merge","Parent Relationship": "Outer","Parallel Aware": false,"Async Capable": false,"Startup Cost": 183612.95,"Total Cost": 183615.83,"Plan Rows": 24,"Plan Width": 236,"Actual Startup Time": 1638.797,"Actual Total Time": 1672.514,"Actual Rows": 20,"Actual Loops": 1,"Workers Planned": 4,"Workers Launched": 4,"Plans": [{"Node Type": "Sort","Parent Relationship": "Outer","Parallel Aware": false,"Async Capable": false,"Startup Cost": 182612.89,"Total Cost": 182612.91,"Plan Rows": 6,"Plan Width": 236,"Actual Startup Time": 1630.744,"Actual Total Time": 1630.751,"Actual Rows": 4,"Actual Loops": 5,"Sort Key": ["l_returnflag", "l_linestatus"],"Sort Method": "quicksort","Sort Space Used": 27,"Sort Space Type": "Memory","Workers": [{"Worker Number": 0,"Sort Method": "quicksort","Sort Space Used": 27,"Sort Space Type": "Memory"},{"Worker Number": 1,"Sort Method": "quicksort","Sort Space Used": 27,"Sort Space Type": "Memory"},{"Worker Number": 2,"Sort Method": "quicksort","Sort Space Used": 27,"Sort Space Type": "Memory"},{"Worker Number": 3,"Sort Method": "quicksort","Sort Space Used": 27,"Sort Space Type": "Memory"}],"Plans": [{"Node Type": "Aggregate","Strategy": "Hashed","Partial Mode": "Partial","Parent Relationship": "Outer","Parallel Aware": false,"Async Capable": false,"Startup Cost": 182612.68,"Total Cost": 182612.82,"Plan Rows": 6,"Plan Width": 236,"Actual Startup Time": 1630.518,"Actual Total Time": 1630.530,"Actual Rows": 4,"Actual Loops": 5,"Group Key": ["l_returnflag", "l_linestatus"],"Planned Partitions": 0,"HashAgg Batches": 1,"Peak Memory Usage": 32,"Disk Usage": 0,"Workers": [{"Worker Number": 0,"HashAgg Batches": 1,"Peak Memory Usage": 32,"Disk Usage": 0},{"Worker Number": 1,"HashAgg Batches": 1,"Peak Memory Usage": 32,"Disk Usage": 0},{"Worker Number": 2,"HashAgg Batches": 1,"Peak Memory Usage": 32,"Disk Usage": 0},{"Worker Number": 3,"HashAgg Batches": 1,"Peak Memory Usage": 32,"Disk Usage": 0}],"Plans": [{"Node Type": "Seq Scan","Parent Relationship": "Outer","Parallel Aware": true,"Async Capable": false,"Relation Name": "lineitem","Alias": "lineitem","Startup Cost": 0.00,"Total Cost": 131256.80,"Plan Rows": 1467311,"Plan Width": 25,"Actual Startup Time": 0.045,"Actual Total Time": 621.213,"Actual Rows": 1173591,"Actual Loops": 5,"Filter": "(l_shipdate <= '1998-08-10 00:00:00'::timestamp without time zone)","Rows Removed by Filter": 26652,"Workers": []}]}]}]}]},"Planning Time": 3.248,"Triggers": [],"Execution Time": 1673.047}]
[{"Plan": {"Node Type": "Aggregate","Strategy": "Sorted","Partial Mode": "Finalize","Parallel Aware": false,"Async Capable": false,"Startup Cost": 184271.34,"Total Cost": 184275.16,"Plan Rows": 6,"Plan Width": 236,"Actual Startup Time": 1627.489,"Actual Total Time": 1661.299,"Actual Rows": 4,"Actual Loops": 1,"Group Key": ["l_returnflag", "l_linestatus"],"Plans": [{"Node Type": "Gather Merge","Parent Relationship": "Outer","Parallel Aware": false,"Async Capable": false,"Startup Cost": 184271.34,"Total Cost": 184274.21,"Plan Rows": 24,"Plan Width": 236,"Actual Startup Time": 1627.365,"Actual Total Time": 1661.147,"Actual Rows": 20,"Actual Loops": 1,"Workers Planned": 4,"Workers Launched": 4,"Plans": [{"Node Type": "Sort","Parent Relationship": "Outer","Parallel Aware": false,"Async Capable": false,"Startup Cost": 183271.28,"Total Cost": 183271.29,"Plan Rows": 6,"Plan Width": 236,"Actual Startup Time": 1619.927,"Actual Total Time": 1619.931,"Actual Rows": 4,"Actual Loops": 5,"Sort Key": ["l_returnflag", "l_linestatus"],"Sort Method": "quicksort","Sort Space Used": 27,"Sort Space Type": "Memory","Workers": [{"Worker Number": 0,"Sort Method": "quicksort","Sort Space Used": 27,"Sort Space Type": "Memory"},{"Worker Number": 1,"Sort Method": "quicksort","Sort Space Used": 27,"Sort Space Type": "Memory"},{"Worker Number": 2,"Sort Method": "quicksort","Sort Space Used": 27,"Sort Space Type": "Memory"},{"Worker Number": 3,"Sort Method": "quicksort","Sort Space Used": 27,"Sort Space Type": "Memory"}],"Plans": [{"Node Type": "Aggregate","Strategy": "Hashed","Partial Mode": "Partial","Parent Relationship": "Outer","Parallel Aware": false,"Async Capable": false,"Startup Cost": 183271.07,"Total Cost": 183271.20,"Plan Rows": 6,"Plan Width": 236,"Actual Startup Time": 1619.825,"Actual Total Time": 1619.834,"Actual Rows": 4,"Actual Loops": 5,"Group Key": ["l_returnflag", "l_linestatus"],"Planned Partitions": 0,"HashAgg Batches": 1,"Peak Memory Usage": 32,"Disk Usage": 0,"Workers": [{"Worker Number": 0,"HashAgg Batches": 1,"Peak Memory Usage": 32,"Disk Usage": 0},{"Worker Number": 1,"HashAgg Batches": 1,"Peak Memory Usage": 32,"Disk Usage": 0},{"Worker Number": 2,"HashAgg Batches": 1,"Peak Memory Usage": 32,"Disk Usage": 0},{"Worker Number": 3,"HashAgg Batches": 1,"Peak Memory Usage": 32,"Disk Usage": 0}],"Plans": [{"Node Type": "Seq Scan","Parent Relationship": "Outer","Parallel Aware": true,"Async Capable": false,"Relation Name": "lineitem","Alias": "lineitem","Startup Cost": 0.00,"Total Cost": 131256.80,"Plan Rows": 1486122,"Plan Width": 25,"Actual Startup Time": 0.036,"Actual Total Time": 598.919,"Actual Rows": 1189982,"Actual Loops": 5,"Filter": "(l_shipdate <= '1998-09-22 00:00:00'::timestamp without time zone)","Rows Removed by Filter": 10261,"Workers": []}]}]}]}]},"Planning Time": 2.236,"Triggers": [],"Execution Time": 1661.794}]
[{"Plan": {"Node Type": "Aggregate","Strategy": "Sorted","Partial Mode": "Finalize","Parallel Aware": false,"Async Capable": false,"Startup Cost": 183672.66,"Total Cost": 183676.48,"Plan Rows": 6,"Plan Width": 236,"Actual Startup Time": 1616.111,"Actual Total Time": 1649.293,"Actual Rows": 4,"Actual Loops": 1,"Group Key": ["l_returnflag", "l_linestatus"],"Plans": [{"Node Type": "Gather Merge","Parent Relationship": "Outer","Parallel Aware": false,"Async Capable": false,"Startup Cost": 183672.66,"Total Cost": 183675.54,"Plan Rows": 24,"Plan Width": 236,"Actual Startup Time": 1616.040,"Actual Total Time": 1649.181,"Actual Rows": 20,"Actual Loops": 1,"Workers Planned": 4,"Workers Launched": 4,"Plans": [{"Node Type": "Sort","Parent Relationship": "Outer","Parallel Aware": false,"Async Capable": false,"Startup Cost": 182672.60,"Total Cost": 182672.62,"Plan Rows": 6,"Plan Width": 236,"Actual Startup Time": 1608.293,"Actual Total Time": 1608.295,"Actual Rows": 4,"Actual Loops": 5,"Sort Key": ["l_returnflag", "l_linestatus"],"Sort Method": "quicksort","Sort Space Used": 27,"Sort Space Type": "Memory","Workers": [{"Worker Number": 0,"Sort Method": "quicksort","Sort Space Used": 27,"Sort Space Type": "Memory"},{"Worker Number": 1,"Sort Method": "quicksort","Sort Space Used": 27,"Sort Space Type": "Memory"},{"Worker Number": 2,"Sort Method": "quicksort","Sort Space Used": 27,"Sort Space Type": "Memory"},{"Worker Number": 3,"Sort Method": "quicksort","Sort Space Used": 27,"Sort Space Type": "Memory"}],"Plans": [{"Node Type": "Aggregate","Strategy": "Hashed","Partial Mode": "Partial","Parent Relationship": "Outer","Parallel Aware": false,"Async Capable": false,"Startup Cost": 182672.39,"Total Cost": 182672.53,"Plan Rows": 6,"Plan Width": 236,"Actual Startup Time": 1608.122,"Actual Total Time": 1608.128,"Actual Rows": 4,"Actual Loops": 5,"Group Key": ["l_returnflag", "l_linestatus"],"Planned Partitions": 0,"HashAgg Batches": 1,"Peak Memory Usage": 32,"Disk Usage": 0,"Workers": [{"Worker Number": 0,"HashAgg Batches": 1,"Peak Memory Usage": 32,"Disk Usage": 0},{"Worker Number": 1,"HashAgg Batches": 1,"Peak Memory Usage": 32,"Disk Usage": 0},{"Worker Number": 2,"HashAgg Batches": 1,"Peak Memory Usage": 32,"Disk Usage": 0},{"Worker Number": 3,"HashAgg Batches": 1,"Peak Memory Usage": 32,"Disk Usage": 0}],"Plans": [{"Node Type": "Seq Scan","Parent Relationship": "Outer","Parallel Aware": true,"Async Capable": false,"Relation Name": "lineitem","Alias": "lineitem","Startup Cost": 0.00,"Total Cost": 131256.80,"Plan Rows": 1469017,"Plan Width": 25,"Actual Startup Time": 0.038,"Actual Total Time": 601.467,"Actual Rows": 1175005,"Actual Loops": 5,"Filter": "(l_shipdate <= '1998-08-13 00:00:00'::timestamp without time zone)","Rows Removed by Filter": 25238,"Workers": []}]}]}]}]},"Planning Time": 3.226,"Triggers": [],"Execution Time": 1649.755}]
[{"Plan": {"Node Type": "Aggregate","Strategy": "Sorted","Partial Mode": "Finalize","Parallel Aware": false,"Async Capable": false,"Startup Cost": 184097.81,"Total Cost": 184101.63,"Plan Rows": 6,"Plan Width": 236,"Actual Startup Time": 1624.808,"Actual Total Time": 1658.521,"Actual Rows": 4,"Actual Loops": 1,"Group Key": ["l_returnflag", "l_linestatus"],"Plans": [{"Node Type": "Gather Merge","Parent Relationship": "Outer","Parallel Aware": false,"Async Capable": false,"Startup Cost": 184097.81,"Total Cost": 184100.68,"Plan Rows": 24,"Plan Width": 236,"Actual Startup Time": 1624.718,"Actual Total Time": 1658.389,"Actual Rows": 20,"Actual Loops": 1,"Workers Planned": 4,"Workers Launched": 4,"Plans": [{"Node Type": "Sort","Parent Relationship": "Outer","Parallel Aware": false,"Async Capable": false,"Startup Cost": 183097.75,"Total Cost": 183097.76,"Plan Rows": 6,"Plan Width": 236,"Actual Startup Time": 1616.102,"Actual Total Time": 1616.107,"Actual Rows": 4,"Actual Loops": 5,"Sort Key": ["l_returnflag", "l_linestatus"],"Sort Method": "quicksort","Sort Space Used": 27,"Sort Space Type": "Memory","Workers": [{"Worker Number": 0,"Sort Method": "quicksort","Sort Space Used": 27,"Sort Space Type": "Memory"},{"Worker Number": 1,"Sort Method": "quicksort","Sort Space Used": 27,"Sort Space Type": "Memory"},{"Worker Number": 2,"Sort Method": "quicksort","Sort Space Used": 27,"Sort Space Type": "Memory"},{"Worker Number": 3,"Sort Method": "quicksort","Sort Space Used": 27,"Sort Space Type": "Memory"}],"Plans": [{"Node Type": "Aggregate","Strategy": "Hashed","Partial Mode": "Partial","Parent Relationship": "Outer","Parallel Aware": false,"Async Capable": false,"Startup Cost": 183097.54,"Total Cost": 183097.67,"Plan Rows": 6,"Plan Width": 236,"Actual Startup Time": 1615.975,"Actual Total Time": 1615.986,"Actual Rows": 4,"Actual Loops": 5,"Group Key": ["l_returnflag", "l_linestatus"],"Planned Partitions": 0,"HashAgg Batches": 1,"Peak Memory Usage": 32,"Disk Usage": 0,"Workers": [{"Worker Number": 0,"HashAgg Batches": 1,"Peak Memory Usage": 32,"Disk Usage": 0},{"Worker Number": 1,"HashAgg Batches": 1,"Peak Memory Usage": 32,"Disk Usage": 0},{"Worker Number": 2,"HashAgg Batches": 1,"Peak Memory Usage": 32,"Disk Usage": 0},{"Worker Number": 3,"HashAgg Batches": 1,"Peak Memory Usage": 32,"Disk Usage": 0}],"Plans": [{"Node Type": "Seq Scan","Parent Relationship": "Outer","Parallel Aware": true,"Async Capable": false,"Relation Name": "lineitem","Alias": "lineitem","Startup Cost": 0.00,"Total Cost": 131256.80,"Plan Rows": 1481164,"Plan Width": 25,"Actual Startup Time": 0.044,"Actual Total Time": 598.688,"Actual Rows": 1185852,"Actual Loops": 5,"Filter": "(l_shipdate <= '1998-09-09 00:00:00'::timestamp without time zone)","Rows Removed by Filter": 14391,"Workers": []}]}]}]}]},"Planning Time": 3.148,"Triggers": [],"Execution Time": 1658.881}]
[{"Plan": {"Node Type": "Aggregate","Strategy": "Sorted","Partial Mode": "Finalize","Parallel Aware": false,"Async Capable": false,"Startup Cost": 184158.71,"Total Cost": 184162.53,"Plan Rows": 6,"Plan Width": 236,"Actual Startup Time": 1644.692,"Actual Total Time": 1677.942,"Actual Rows": 4,"Actual Loops": 1,"Group Key": ["l_returnflag", "l_linestatus"],"Plans": [{"Node Type": "Gather Merge","Parent Relationship": "Outer","Parallel Aware": false,"Async Capable": false,"Startup Cost": 184158.71,"Total Cost": 184161.58,"Plan Rows": 24,"Plan Width": 236,"Actual Startup Time": 1644.623,"Actual Total Time": 1677.838,"Actual Rows": 20,"Actual Loops": 1,"Workers Planned": 4,"Workers Launched": 4,"Plans": [{"Node Type": "Sort","Parent Relationship": "Outer","Parallel Aware": false,"Async Capable": false,"Startup Cost": 183158.65,"Total Cost": 183158.66,"Plan Rows": 6,"Plan Width": 236,"Actual Startup Time": 1636.538,"Actual Total Time": 1636.541,"Actual Rows": 4,"Actual Loops": 5,"Sort Key": ["l_returnflag", "l_linestatus"],"Sort Method": "quicksort","Sort Space Used": 27,"Sort Space Type": "Memory","Workers": [{"Worker Number": 0,"Sort Method": "quicksort","Sort Space Used": 27,"Sort Space Type": "Memory"},{"Worker Number": 1,"Sort Method": "quicksort","Sort Space Used": 27,"Sort Space Type": "Memory"},{"Worker Number": 2,"Sort Method": "quicksort","Sort Space Used": 27,"Sort Space Type": "Memory"},{"Worker Number": 3,"Sort Method": "quicksort","Sort Space Used": 27,"Sort Space Type": "Memory"}],"Plans": [{"Node Type": "Aggregate","Strategy": "Hashed","Partial Mode": "Partial","Parent Relationship": "Outer","Parallel Aware": false,"Async Capable": false,"Startup Cost": 183158.44,"Total Cost": 183158.57,"Plan Rows": 6,"Plan Width": 236,"Actual Startup Time": 1636.415,"Actual Total Time": 1636.424,"Actual Rows": 4,"Actual Loops": 5,"Group Key": ["l_returnflag", "l_linestatus"],"Planned Partitions": 0,"HashAgg Batches": 1,"Peak Memory Usage": 32,"Disk Usage": 0,"Workers": [{"Worker Number": 0,"HashAgg Batches": 1,"Peak Memory Usage": 32,"Disk Usage": 0},{"Worker Number": 1,"HashAgg Batches": 1,"Peak Memory Usage": 32,"Disk Usage": 0},{"Worker Number": 2,"HashAgg Batches": 1,"Peak Memory Usage": 32,"Disk Usage": 0},{"Worker Number": 3,"HashAgg Batches": 1,"Peak Memory Usage": 32,"Disk Usage": 0}],"Plans": [{"Node Type": "Seq Scan","Parent Relationship": "Outer","Parallel Aware": true,"Async Capable": false,"Relation Name": "lineitem","Alias": "lineitem","Startup Cost": 0.00,"Total Cost": 131256.80,"Plan Rows": 1482904,"Plan Width": 25,"Actual Startup Time": 0.036,"Actual Total Time": 612.237,"Actual Rows": 1187224,"Actual Loops": 5,"Filter": "(l_shipdate <= '1998-09-13 00:00:00'::timestamp without time zone)","Rows Removed by Filter": 13019,"Workers": []}]}]}]}]},"Planning Time": 3.447,"Triggers": [],"Execution Time": 1678.368}]
[{"Plan": {"Node Type": "Aggregate","Strategy": "Sorted","Partial Mode": "Finalize","Parallel Aware": false,"Async Capable": false,"Startup Cost": 183712.49,"Total Cost": 183716.31,"Plan Rows": 6,"Plan Width": 236,"Actual Startup Time": 1630.342,"Actual Total Time": 1664.480,"Actual Rows": 4,"Actual Loops": 1,"Group Key": ["l_returnflag", "l_linestatus"],"Plans": [{"Node Type": "Gather Merge","Parent Relationship": "Outer","Parallel Aware": false,"Async Capable": false,"Startup Cost": 183712.49,"Total Cost": 183715.37,"Plan Rows": 24,"Plan Width": 236,"Actual Startup Time": 1630.278,"Actual Total Time": 1664.377,"Actual Rows": 20,"Actual Loops": 1,"Workers Planned": 4,"Workers Launched": 4,"Plans": [{"Node Type": "Sort","Parent Relationship": "Outer","Parallel Aware": false,"Async Capable": false,"Startup Cost": 182712.43,"Total Cost": 182712.45,"Plan Rows": 6,"Plan Width": 236,"Actual Startup Time": 1622.558,"Actual Total Time": 1622.562,"Actual Rows": 4,"Actual Loops": 5,"Sort Key": ["l_returnflag", "l_linestatus"],"Sort Method": "quicksort","Sort Space Used": 27,"Sort Space Type": "Memory","Workers": [{"Worker Number": 0,"Sort Method": "quicksort","Sort Space Used": 27,"Sort Space Type": "Memory"},{"Worker Number": 1,"Sort Method": "quicksort","Sort Space Used": 27,"Sort Space Type": "Memory"},{"Worker Number": 2,"Sort Method": "quicksort","Sort Space Used": 27,"Sort Space Type": "Memory"},{"Worker Number": 3,"Sort Method": "quicksort","Sort Space Used": 27,"Sort Space Type": "Memory"}],"Plans": [{"Node Type": "Aggregate","Strategy": "Hashed","Partial Mode": "Partial","Parent Relationship": "Outer","Parallel Aware": false,"Async Capable": false,"Startup Cost": 182712.22,"Total Cost": 182712.36,"Plan Rows": 6,"Plan Width": 236,"Actual Startup Time": 1622.442,"Actual Total Time": 1622.451,"Actual Rows": 4,"Actual Loops": 5,"Group Key": ["l_returnflag", "l_linestatus"],"Planned Partitions": 0,"HashAgg Batches": 1,"Peak Memory Usage": 32,"Disk Usage": 0,"Workers": [{"Worker Number": 0,"HashAgg Batches": 1,"Peak Memory Usage": 32,"Disk Usage": 0},{"Worker Number": 1,"HashAgg Batches": 1,"Peak Memory Usage": 32,"Disk Usage": 0},{"Worker Number": 2,"HashAgg Batches": 1,"Peak Memory Usage": 32,"Disk Usage": 0},{"Worker Number": 3,"HashAgg Batches": 1,"Peak Memory Usage": 32,"Disk Usage": 0}],"Plans": [{"Node Type": "Seq Scan","Parent Relationship": "Outer","Parallel Aware": true,"Async Capable": false,"Relation Name": "lineitem","Alias": "lineitem","Startup Cost": 0.00,"Total Cost": 131256.80,"Plan Rows": 1470155,"Plan Width": 25,"Actual Startup Time": 0.046,"Actual Total Time": 613.406,"Actual Rows": 1175926,"Actual Loops": 5,"Filter": "(l_shipdate <= '1998-08-15 00:00:00'::timestamp without time zone)","Rows Removed by Filter": 24317,"Workers": []}]}]}]}]},"Planning Time": 2.534,"Triggers": [],"Execution Time": 1664.859}]
[{"Plan": {"Node Type": "Aggregate","Strategy": "Sorted","Partial Mode": "Finalize","Parallel Aware": false,"Async Capable": false,"Startup Cost": 184335.14,"Total Cost": 184338.96,"Plan Rows": 6,"Plan Width": 236,"Actual Startup Time": 1633.513,"Actual Total Time": 1666.910,"Actual Rows": 4,"Actual Loops": 1,"Group Key": ["l_returnflag", "l_linestatus"],"Plans": [{"Node Type": "Gather Merge","Parent Relationship": "Outer","Parallel Aware": false,"Async Capable": false,"Startup Cost": 184335.14,"Total Cost": 184338.02,"Plan Rows": 24,"Plan Width": 236,"Actual Startup Time": 1633.424,"Actual Total Time": 1666.783,"Actual Rows": 20,"Actual Loops": 1,"Workers Planned": 4,"Workers Launched": 4,"Plans": [{"Node Type": "Sort","Parent Relationship": "Outer","Parallel Aware": false,"Async Capable": false,"Startup Cost": 183335.08,"Total Cost": 183335.10,"Plan Rows": 6,"Plan Width": 236,"Actual Startup Time": 1625.582,"Actual Total Time": 1625.585,"Actual Rows": 4,"Actual Loops": 5,"Sort Key": ["l_returnflag", "l_linestatus"],"Sort Method": "quicksort","Sort Space Used": 27,"Sort Space Type": "Memory","Workers": [{"Worker Number": 0,"Sort Method": "quicksort","Sort Space Used": 27,"Sort Space Type": "Memory"},{"Worker Number": 1,"Sort Method": "quicksort","Sort Space Used": 27,"Sort Space Type": "Memory"},{"Worker Number": 2,"Sort Method": "quicksort","Sort Space Used": 27,"Sort Space Type": "Memory"},{"Worker Number": 3,"Sort Method": "quicksort","Sort Space Used": 27,"Sort Space Type": "Memory"}],"Plans": [{"Node Type": "Aggregate","Strategy": "Hashed","Partial Mode": "Partial","Parent Relationship": "Outer","Parallel Aware": false,"Async Capable": false,"Startup Cost": 183334.87,"Total Cost": 183335.01,"Plan Rows": 6,"Plan Width": 236,"Actual Startup Time": 1625.416,"Actual Total Time": 1625.424,"Actual Rows": 4,"Actual Loops": 5,"Group Key": ["l_returnflag", "l_linestatus"],"Planned Partitions": 0,"HashAgg Batches": 1,"Peak Memory Usage": 32,"Disk Usage": 0,"Workers": [{"Worker Number": 0,"HashAgg Batches": 1,"Peak Memory Usage": 32,"Disk Usage": 0},{"Worker Number": 1,"HashAgg Batches": 1,"Peak Memory Usage": 32,"Disk Usage": 0},{"Worker Number": 2,"HashAgg Batches": 1,"Peak Memory Usage": 32,"Disk Usage": 0},{"Worker Number": 3,"HashAgg Batches": 1,"Peak Memory Usage": 32,"Disk Usage": 0}],"Plans": [{"Node Type": "Seq Scan","Parent Relationship": "Outer","Parallel Aware": true,"Async Capable": false,"Relation Name": "lineitem","Alias": "lineitem","Startup Cost": 0.00,"Total Cost": 131256.80,"Plan Rows": 1487945,"Plan Width": 25,"Actual Startup Time": 0.042,"Actual Total Time": 603.220,"Actual Rows": 1192429,"Actual Loops": 5,"Filter": "(l_shipdate <= '1998-10-01 00:00:00'::timestamp without time zone)","Rows Removed by Filter": 7814,"Workers": []}]}]}]}]},"Planning Time": 2.873,"Triggers": [],"Execution Time": 1667.344}]
[{"Plan": {"Node Type": "Aggregate","Strategy": "Sorted","Partial Mode": "Finalize","Parallel Aware": false,"Async Capable": false,"Startup Cost": 184082.58,"Total Cost": 184086.40,"Plan Rows": 6,"Plan Width": 236,"Actual Startup Time": 1638.478,"Actual Total Time": 1674.281,"Actual Rows": 4,"Actual Loops": 1,"Group Key": ["l_returnflag", "l_linestatus"],"Plans": [{"Node Type": "Gather Merge","Parent Relationship": "Outer","Parallel Aware": false,"Async Capable": false,"Startup Cost": 184082.58,"Total Cost": 184085.46,"Plan Rows": 24,"Plan Width": 236,"Actual Startup Time": 1638.346,"Actual Total Time": 1674.153,"Actual Rows": 20,"Actual Loops": 1,"Workers Planned": 4,"Workers Launched": 4,"Plans": [{"Node Type": "Sort","Parent Relationship": "Outer","Parallel Aware": false,"Async Capable": false,"Startup Cost": 183082.52,"Total Cost": 183082.54,"Plan Rows": 6,"Plan Width": 236,"Actual Startup Time": 1630.819,"Actual Total Time": 1630.824,"Actual Rows": 4,"Actual Loops": 5,"Sort Key": ["l_returnflag", "l_linestatus"],"Sort Method": "quicksort","Sort Space Used": 27,"Sort Space Type": "Memory","Workers": [{"Worker Number": 0,"Sort Method": "quicksort","Sort Space Used": 27,"Sort Space Type": "Memory"},{"Worker Number": 1,"Sort Method": "quicksort","Sort Space Used": 27,"Sort Space Type": "Memory"},{"Worker Number": 2,"Sort Method": "quicksort","Sort Space Used": 27,"Sort Space Type": "Memory"},{"Worker Number": 3,"Sort Method": "quicksort","Sort Space Used": 27,"Sort Space Type": "Memory"}],"Plans": [{"Node Type": "Aggregate","Strategy": "Hashed","Partial Mode": "Partial","Parent Relationship": "Outer","Parallel Aware": false,"Async Capable": false,"Startup Cost": 183082.31,"Total Cost": 183082.45,"Plan Rows": 6,"Plan Width": 236,"Actual Startup Time": 1630.721,"Actual Total Time": 1630.730,"Actual Rows": 4,"Actual Loops": 5,"Group Key": ["l_returnflag", "l_linestatus"],"Planned Partitions": 0,"HashAgg Batches": 1,"Peak Memory Usage": 32,"Disk Usage": 0,"Workers": [{"Worker Number": 0,"HashAgg Batches": 1,"Peak Memory Usage": 32,"Disk Usage": 0},{"Worker Number": 1,"HashAgg Batches": 1,"Peak Memory Usage": 32,"Disk Usage": 0},{"Worker Number": 2,"HashAgg Batches": 1,"Peak Memory Usage": 32,"Disk Usage": 0},{"Worker Number": 3,"HashAgg Batches": 1,"Peak Memory Usage": 32,"Disk Usage": 0}],"Plans": [{"Node Type": "Seq Scan","Parent Relationship": "Outer","Parallel Aware": true,"Async Capable": false,"Relation Name": "lineitem","Alias": "lineitem","Startup Cost": 0.00,"Total Cost": 131256.80,"Plan Rows": 1480729,"Plan Width": 25,"Actual Startup Time": 0.040,"Actual Total Time": 612.285,"Actual Rows": 1185489,"Actual Loops": 5,"Filter": "(l_shipdate <= '1998-09-08 00:00:00'::timestamp without time zone)","Rows Removed by Filter": 14754,"Workers": []}]}]}]}]},"Planning Time": 2.744,"Triggers": [],"Execution Time": 1674.643}]
[{"Plan": {"Node Type": "Aggregate","Strategy": "Sorted","Partial Mode": "Finalize","Parallel Aware": false,"Async Capable": false,"Startup Cost": 183976.01,"Total Cost": 183979.83,"Plan Rows": 6,"Plan Width": 236,"Actual Startup Time": 1637.230,"Actual Total Time": 1671.180,"Actual Rows": 4,"Actual Loops": 1,"Group Key": ["l_returnflag", "l_linestatus"],"Plans": [{"Node Type": "Gather Merge","Parent Relationship": "Outer","Parallel Aware": false,"Async Capable": false,"Startup Cost": 183976.01,"Total Cost": 183978.88,"Plan Rows": 24,"Plan Width": 236,"Actual Startup Time": 1637.140,"Actual Total Time": 1671.060,"Actual Rows": 20,"Actual Loops": 1,"Workers Planned": 4,"Workers Launched": 4,"Plans": [{"Node Type": "Sort","Parent Relationship": "Outer","Parallel Aware": false,"Async Capable": false,"Startup Cost": 182975.95,"Total Cost": 182975.96,"Plan Rows": 6,"Plan Width": 236,"Actual Startup Time": 1629.253,"Actual Total Time": 1629.258,"Actual Rows": 4,"Actual Loops": 5,"Sort Key": ["l_returnflag", "l_linestatus"],"Sort Method": "quicksort","Sort Space Used": 27,"Sort Space Type": "Memory","Workers": [{"Worker Number": 0,"Sort Method": "quicksort","Sort Space Used": 27,"Sort Space Type": "Memory"},{"Worker Number": 1,"Sort Method": "quicksort","Sort Space Used": 27,"Sort Space Type": "Memory"},{"Worker Number": 2,"Sort Method": "quicksort","Sort Space Used": 27,"Sort Space Type": "Memory"},{"Worker Number": 3,"Sort Method": "quicksort","Sort Space Used": 27,"Sort Space Type": "Memory"}],"Plans": [{"Node Type": "Aggregate","Strategy": "Hashed","Partial Mode": "Partial","Parent Relationship": "Outer","Parallel Aware": false,"Async Capable": false,"Startup Cost": 182975.74,"Total Cost": 182975.87,"Plan Rows": 6,"Plan Width": 236,"Actual Startup Time": 1629.096,"Actual Total Time": 1629.104,"Actual Rows": 4,"Actual Loops": 5,"Group Key": ["l_returnflag", "l_linestatus"],"Planned Partitions": 0,"HashAgg Batches": 1,"Peak Memory Usage": 32,"Disk Usage": 0,"Workers": [{"Worker Number": 0,"HashAgg Batches": 1,"Peak Memory Usage": 32,"Disk Usage": 0},{"Worker Number": 1,"HashAgg Batches": 1,"Peak Memory Usage": 32,"Disk Usage": 0},{"Worker Number": 2,"HashAgg Batches": 1,"Peak Memory Usage": 32,"Disk Usage": 0},{"Worker Number": 3,"HashAgg Batches": 1,"Peak Memory Usage": 32,"Disk Usage": 0}],"Plans": [{"Node Type": "Seq Scan","Parent Relationship": "Outer","Parallel Aware": true,"Async Capable": false,"Relation Name": "lineitem","Alias": "lineitem","Startup Cost": 0.00,"Total Cost": 131256.80,"Plan Rows": 1477684,"Plan Width": 25,"Actual Startup Time": 0.036,"Actual Total Time": 613.605,"Actual Rows": 1182950,"Actual Loops": 5,"Filter": "(l_shipdate <= '1998-09-01 00:00:00'::timestamp without time zone)","Rows Removed by Filter": 17293,"Workers": []}]}]}]}]},"Planning Time": 3.200,"Triggers": [],"Execution Time": 1671.603}]
[{"Plan": {"Node Type": "Aggregate","Strategy": "Sorted","Partial Mode": "Finalize","Parallel Aware": false,"Async Capable": false,"Startup Cost": 184219.61,"Total Cost": 184223.43,"Plan Rows": 6,"Plan Width": 236,"Actual Startup Time": 1646.602,"Actual Total Time": 1679.901,"Actual Rows": 4,"Actual Loops": 1,"Group Key": ["l_returnflag", "l_linestatus"],"Plans": [{"Node Type": "Gather Merge","Parent Relationship": "Outer","Parallel Aware": false,"Async Capable": false,"Startup Cost": 184219.61,"Total Cost": 184222.48,"Plan Rows": 24,"Plan Width": 236,"Actual Startup Time": 1646.535,"Actual Total Time": 1679.806,"Actual Rows": 20,"Actual Loops": 1,"Workers Planned": 4,"Workers Launched": 4,"Plans": [{"Node Type": "Sort","Parent Relationship": "Outer","Parallel Aware": false,"Async Capable": false,"Startup Cost": 183219.55,"Total Cost": 183219.56,"Plan Rows": 6,"Plan Width": 236,"Actual Startup Time": 1638.551,"Actual Total Time": 1638.556,"Actual Rows": 4,"Actual Loops": 5,"Sort Key": ["l_returnflag", "l_linestatus"],"Sort Method": "quicksort","Sort Space Used": 27,"Sort Space Type": "Memory","Workers": [{"Worker Number": 0,"Sort Method": "quicksort","Sort Space Used": 27,"Sort Space Type": "Memory"},{"Worker Number": 1,"Sort Method": "quicksort","Sort Space Used": 27,"Sort Space Type": "Memory"},{"Worker Number": 2,"Sort Method": "quicksort","Sort Space Used": 27,"Sort Space Type": "Memory"},{"Worker Number": 3,"Sort Method": "quicksort","Sort Space Used": 27,"Sort Space Type": "Memory"}],"Plans": [{"Node Type": "Aggregate","Strategy": "Hashed","Partial Mode": "Partial","Parent Relationship": "Outer","Parallel Aware": false,"Async Capable": false,"Startup Cost": 183219.34,"Total Cost": 183219.47,"Plan Rows": 6,"Plan Width": 236,"Actual Startup Time": 1638.441,"Actual Total Time": 1638.450,"Actual Rows": 4,"Actual Loops": 5,"Group Key": ["l_returnflag", "l_linestatus"],"Planned Partitions": 0,"HashAgg Batches": 1,"Peak Memory Usage": 32,"Disk Usage": 0,"Workers": [{"Worker Number": 0,"HashAgg Batches": 1,"Peak Memory Usage": 32,"Disk Usage": 0},{"Worker Number": 1,"HashAgg Batches": 1,"Peak Memory Usage": 32,"Disk Usage": 0},{"Worker Number": 2,"HashAgg Batches": 1,"Peak Memory Usage": 32,"Disk Usage": 0},{"Worker Number": 3,"HashAgg Batches": 1,"Peak Memory Usage": 32,"Disk Usage": 0}],"Plans": [{"Node Type": "Seq Scan","Parent Relationship": "Outer","Parallel Aware": true,"Async Capable": false,"Relation Name": "lineitem","Alias": "lineitem","Startup Cost": 0.00,"Total Cost": 131256.80,"Plan Rows": 1484644,"Plan Width": 25,"Actual Startup Time": 0.045,"Actual Total Time": 617.400,"Actual Rows": 1188486,"Actual Loops": 5,"Filter": "(l_shipdate <= '1998-09-17 00:00:00'::timestamp without time zone)","Rows Removed by Filter": 11757,"Workers": []}]}]}]}]},"Planning Time": 3.561,"Triggers": [],"Execution Time": 1680.351}]
[{"Plan": {"Node Type": "Aggregate","Strategy": "Sorted","Partial Mode": "Finalize","Parallel Aware": false,"Async Capable": false,"Startup Cost": 184292.58,"Total Cost": 184296.40,"Plan Rows": 6,"Plan Width": 236,"Actual Startup Time": 1633.594,"Actual Total Time": 1667.041,"Actual Rows": 4,"Actual Loops": 1,"Group Key": ["l_returnflag", "l_linestatus"],"Plans": [{"Node Type": "Gather Merge","Parent Relationship": "Outer","Parallel Aware": false,"Async Capable": false,"Startup Cost": 184292.58,"Total Cost": 184295.46,"Plan Rows": 24,"Plan Width": 236,"Actual Startup Time": 1633.506,"Actual Total Time": 1666.927,"Actual Rows": 20,"Actual Loops": 1,"Workers Planned": 4,"Workers Launched": 4,"Plans": [{"Node Type": "Sort","Parent Relationship": "Outer","Parallel Aware": false,"Async Capable": false,"Startup Cost": 183292.52,"Total Cost": 183292.54,"Plan Rows": 6,"Plan Width": 236,"Actual Startup Time": 1625.739,"Actual Total Time": 1625.743,"Actual Rows": 4,"Actual Loops": 5,"Sort Key": ["l_returnflag", "l_linestatus"],"Sort Method": "quicksort","Sort Space Used": 27,"Sort Space Type": "Memory","Workers": [{"Worker Number": 0,"Sort Method": "quicksort","Sort Space Used": 27,"Sort Space Type": "Memory"},{"Worker Number": 1,"Sort Method": "quicksort","Sort Space Used": 27,"Sort Space Type": "Memory"},{"Worker Number": 2,"Sort Method": "quicksort","Sort Space Used": 27,"Sort Space Type": "Memory"},{"Worker Number": 3,"Sort Method": "quicksort","Sort Space Used": 27,"Sort Space Type": "Memory"}],"Plans": [{"Node Type": "Aggregate","Strategy": "Hashed","Partial Mode": "Partial","Parent Relationship": "Outer","Parallel Aware": false,"Async Capable": false,"Startup Cost": 183292.31,"Total Cost": 183292.45,"Plan Rows": 6,"Plan Width": 236,"Actual Startup Time": 1625.630,"Actual Total Time": 1625.638,"Actual Rows": 4,"Actual Loops": 5,"Group Key": ["l_returnflag", "l_linestatus"],"Planned Partitions": 0,"HashAgg Batches": 1,"Peak Memory Usage": 32,"Disk Usage": 0,"Workers": [{"Worker Number": 0,"HashAgg Batches": 1,"Peak Memory Usage": 32,"Disk Usage": 0},{"Worker Number": 1,"HashAgg Batches": 1,"Peak Memory Usage": 32,"Disk Usage": 0},{"Worker Number": 2,"HashAgg Batches": 1,"Peak Memory Usage": 32,"Disk Usage": 0},{"Worker Number": 3,"HashAgg Batches": 1,"Peak Memory Usage": 32,"Disk Usage": 0}],"Plans": [{"Node Type": "Seq Scan","Parent Relationship": "Outer","Parallel Aware": true,"Async Capable": false,"Relation Name": "lineitem","Alias": "lineitem","Startup Cost": 0.00,"Total Cost": 131256.80,"Plan Rows": 1486729,"Plan Width": 25,"Actual Startup Time": 0.041,"Actual Total Time": 605.239,"Actual Rows": 1190833,"Actual Loops": 5,"Filter": "(l_shipdate <= '1998-09-25 00:00:00'::timestamp without time zone)","Rows Removed by Filter": 9410,"Workers": []}]}]}]}]},"Planning Time": 2.948,"Triggers": [],"Execution Time": 1667.404}]
[{"Plan": {"Node Type": "Aggregate","Strategy": "Sorted","Partial Mode": "Finalize","Parallel Aware": false,"Async Capable": false,"Startup Cost": 183553.21,"Total Cost": 183557.03,"Plan Rows": 6,"Plan Width": 236,"Actual Startup Time": 1635.166,"Actual Total Time": 1668.798,"Actual Rows": 4,"Actual Loops": 1,"Group Key": ["l_returnflag", "l_linestatus"],"Plans": [{"Node Type": "Gather Merge","Parent Relationship": "Outer","Parallel Aware": false,"Async Capable": false,"Startup Cost": 183553.21,"Total Cost": 183556.08,"Plan Rows": 24,"Plan Width": 236,"Actual Startup Time": 1635.051,"Actual Total Time": 1668.649,"Actual Rows": 20,"Actual Loops": 1,"Workers Planned": 4,"Workers Launched": 4,"Plans": [{"Node Type": "Sort","Parent Relationship": "Outer","Parallel Aware": false,"Async Capable": false,"Startup Cost": 182553.15,"Total Cost": 182553.16,"Plan Rows": 6,"Plan Width": 236,"Actual Startup Time": 1627.853,"Actual Total Time": 1627.855,"Actual Rows": 4,"Actual Loops": 5,"Sort Key": ["l_returnflag", "l_linestatus"],"Sort Method": "quicksort","Sort Space Used": 27,"Sort Space Type": "Memory","Workers": [{"Worker Number": 0,"Sort Method": "quicksort","Sort Space Used": 27,"Sort Space Type": "Memory"},{"Worker Number": 1,"Sort Method": "quicksort","Sort Space Used": 27,"Sort Space Type": "Memory"},{"Worker Number": 2,"Sort Method": "quicksort","Sort Space Used": 27,"Sort Space Type": "Memory"},{"Worker Number": 3,"Sort Method": "quicksort","Sort Space Used": 27,"Sort Space Type": "Memory"}],"Plans": [{"Node Type": "Aggregate","Strategy": "Hashed","Partial Mode": "Partial","Parent Relationship": "Outer","Parallel Aware": false,"Async Capable": false,"Startup Cost": 182552.94,"Total Cost": 182553.07,"Plan Rows": 6,"Plan Width": 236,"Actual Startup Time": 1627.778,"Actual Total Time": 1627.785,"Actual Rows": 4,"Actual Loops": 5,"Group Key": ["l_returnflag", "l_linestatus"],"Planned Partitions": 0,"HashAgg Batches": 1,"Peak Memory Usage": 32,"Disk Usage": 0,"Workers": [{"Worker Number": 0,"HashAgg Batches": 1,"Peak Memory Usage": 32,"Disk Usage": 0},{"Worker Number": 1,"HashAgg Batches": 1,"Peak Memory Usage": 32,"Disk Usage": 0},{"Worker Number": 2,"HashAgg Batches": 1,"Peak Memory Usage": 32,"Disk Usage": 0},{"Worker Number": 3,"HashAgg Batches": 1,"Peak Memory Usage": 32,"Disk Usage": 0}],"Plans": [{"Node Type": "Seq Scan","Parent Relationship": "Outer","Parallel Aware": true,"Async Capable": false,"Relation Name": "lineitem","Alias": "lineitem","Startup Cost": 0.00,"Total Cost": 131256.80,"Plan Rows": 1465604,"Plan Width": 25,"Actual Startup Time": 0.035,"Actual Total Time": 612.801,"Actual Rows": 1172151,"Actual Loops": 5,"Filter": "(l_shipdate <= '1998-08-07 00:00:00'::timestamp without time zone)","Rows Removed by Filter": 28092,"Workers": []}]}]}]}]},"Planning Time": 2.559,"Triggers": [],"Execution Time": 1669.138}]
[{"Plan": {"Node Type": "Aggregate","Strategy": "Sorted","Partial Mode": "Finalize","Parallel Aware": false,"Async Capable": false,"Startup Cost": 183930.33,"Total Cost": 183934.15,"Plan Rows": 6,"Plan Width": 236,"Actual Startup Time": 1627.037,"Actual Total Time": 1661.564,"Actual Rows": 4,"Actual Loops": 1,"Group Key": ["l_returnflag", "l_linestatus"],"Plans": [{"Node Type": "Gather Merge","Parent Relationship": "Outer","Parallel Aware": false,"Async Capable": false,"Startup Cost": 183930.33,"Total Cost": 183933.21,"Plan Rows": 24,"Plan Width": 236,"Actual Startup Time": 1626.958,"Actual Total Time": 1661.457,"Actual Rows": 20,"Actual Loops": 1,"Workers Planned": 4,"Workers Launched": 4,"Plans": [{"Node Type": "Sort","Parent Relationship": "Outer","Parallel Aware": false,"Async Capable": false,"Startup Cost": 182930.27,"Total Cost": 182930.29,"Plan Rows": 6,"Plan Width": 236,"Actual Startup Time": 1619.213,"Actual Total Time": 1619.219,"Actual Rows": 4,"Actual Loops": 5,"Sort Key": ["l_returnflag", "l_linestatus"],"Sort Method": "quicksort","Sort Space Used": 27,"Sort Space Type": "Memory","Workers": [{"Worker Number": 0,"Sort Method": "quicksort","Sort Space Used": 27,"Sort Space Type": "Memory"},{"Worker Number": 1,"Sort Method": "quicksort","Sort Space Used": 27,"Sort Space Type": "Memory"},{"Worker Number": 2,"Sort Method": "quicksort","Sort Space Used": 27,"Sort Space Type": "Memory"},{"Worker Number": 3,"Sort Method": "quicksort","Sort Space Used": 27,"Sort Space Type": "Memory"}],"Plans": [{"Node Type": "Aggregate","Strategy": "Hashed","Partial Mode": "Partial","Parent Relationship": "Outer","Parallel Aware": false,"Async Capable": false,"Startup Cost": 182930.06,"Total Cost": 182930.20,"Plan Rows": 6,"Plan Width": 236,"Actual Startup Time": 1619.109,"Actual Total Time": 1619.118,"Actual Rows": 4,"Actual Loops": 5,"Group Key": ["l_returnflag", "l_linestatus"],"Planned Partitions": 0,"HashAgg Batches": 1,"Peak Memory Usage": 32,"Disk Usage": 0,"Workers": [{"Worker Number": 0,"HashAgg Batches": 1,"Peak Memory Usage": 32,"Disk Usage": 0},{"Worker Number": 1,"HashAgg Batches": 1,"Peak Memory Usage": 32,"Disk Usage": 0},{"Worker Number": 2,"HashAgg Batches": 1,"Peak Memory Usage": 32,"Disk Usage": 0},{"Worker Number": 3,"HashAgg Batches": 1,"Peak Memory Usage": 32,"Disk Usage": 0}],"Plans": [{"Node Type": "Seq Scan","Parent Relationship": "Outer","Parallel Aware": true,"Async Capable": false,"Relation Name": "lineitem","Alias": "lineitem","Startup Cost": 0.00,"Total Cost": 131256.80,"Plan Rows": 1476379,"Plan Width": 25,"Actual Startup Time": 0.041,"Actual Total Time": 606.279,"Actual Rows": 1181785,"Actual Loops": 5,"Filter": "(l_shipdate <= '1998-08-29 00:00:00'::timestamp without time zone)","Rows Removed by Filter": 18458,"Workers": []}]}]}]}]},"Planning Time": 2.737,"Triggers": [],"Execution Time": 1661.952}]
[{"Plan": {"Node Type": "Aggregate","Strategy": "Sorted","Partial Mode": "Finalize","Parallel Aware": false,"Async Capable": false,"Startup Cost": 183991.23,"Total Cost": 183995.05,"Plan Rows": 6,"Plan Width": 236,"Actual Startup Time": 1639.156,"Actual Total Time": 1672.574,"Actual Rows": 4,"Actual Loops": 1,"Group Key": ["l_returnflag", "l_linestatus"],"Plans": [{"Node Type": "Gather Merge","Parent Relationship": "Outer","Parallel Aware": false,"Async Capable": false,"Startup Cost": 183991.23,"Total Cost": 183994.11,"Plan Rows": 24,"Plan Width": 236,"Actual Startup Time": 1639.083,"Actual Total Time": 1672.474,"Actual Rows": 20,"Actual Loops": 1,"Workers Planned": 4,"Workers Launched": 4,"Plans": [{"Node Type": "Sort","Parent Relationship": "Outer","Parallel Aware": false,"Async Capable": false,"Startup Cost": 182991.17,"Total Cost": 182991.19,"Plan Rows": 6,"Plan Width": 236,"Actual Startup Time": 1631.486,"Actual Total Time": 1631.494,"Actual Rows": 4,"Actual Loops": 5,"Sort Key": ["l_returnflag", "l_linestatus"],"Sort Method": "quicksort","Sort Space Used": 27,"Sort Space Type": "Memory","Workers": [{"Worker Number": 0,"Sort Method": "quicksort","Sort Space Used": 27,"Sort Space Type": "Memory"},{"Worker Number": 1,"Sort Method": "quicksort","Sort Space Used": 27,"Sort Space Type": "Memory"},{"Worker Number": 2,"Sort Method": "quicksort","Sort Space Used": 27,"Sort Space Type": "Memory"},{"Worker Number": 3,"Sort Method": "quicksort","Sort Space Used": 27,"Sort Space Type": "Memory"}],"Plans": [{"Node Type": "Aggregate","Strategy": "Hashed","Partial Mode": "Partial","Parent Relationship": "Outer","Parallel Aware": false,"Async Capable": false,"Startup Cost": 182990.96,"Total Cost": 182991.10,"Plan Rows": 6,"Plan Width": 236,"Actual Startup Time": 1631.371,"Actual Total Time": 1631.381,"Actual Rows": 4,"Actual Loops": 5,"Group Key": ["l_returnflag", "l_linestatus"],"Planned Partitions": 0,"HashAgg Batches": 1,"Peak Memory Usage": 32,"Disk Usage": 0,"Workers": [{"Worker Number": 0,"HashAgg Batches": 1,"Peak Memory Usage": 32,"Disk Usage": 0},{"Worker Number": 1,"HashAgg Batches": 1,"Peak Memory Usage": 32,"Disk Usage": 0},{"Worker Number": 2,"HashAgg Batches": 1,"Peak Memory Usage": 32,"Disk Usage": 0},{"Worker Number": 3,"HashAgg Batches": 1,"Peak Memory Usage": 32,"Disk Usage": 0}],"Plans": [{"Node Type": "Seq Scan","Parent Relationship": "Outer","Parallel Aware": true,"Async Capable": false,"Relation Name": "lineitem","Alias": "lineitem","Startup Cost": 0.00,"Total Cost": 131256.80,"Plan Rows": 1478119,"Plan Width": 25,"Actual Startup Time": 0.040,"Actual Total Time": 614.636,"Actual Rows": 1183318,"Actual Loops": 5,"Filter": "(l_shipdate <= '1998-09-02 00:00:00'::timestamp without time zone)","Rows Removed by Filter": 16925,"Workers": []}]}]}]}]},"Planning Time": 2.730,"Triggers": [],"Execution Time": 1672.922}]
[{"Plan": {"Node Type": "Aggregate","Strategy": "Sorted","Partial Mode": "Finalize","Parallel Aware": false,"Async Capable": false,"Startup Cost": 183991.23,"Total Cost": 183995.05,"Plan Rows": 6,"Plan Width": 236,"Actual Startup Time": 1639.156,"Actual Total Time": 1672.574,"Actual Rows": 4,"Actual Loops": 1,"Group Key": ["l_returnflag", "l_linestatus"],"Plans": [{"Node Type": "Gather Merge","Parent Relationship": "Outer","Parallel Aware": false,"Async Capable": false,"Startup Cost": 183991.23,"Total Cost": 183994.11,"Plan Rows": 24,"Plan Width": 236,"Actual Startup Time": 1639.083,"Actual Total Time": 1672.474,"Actual Rows": 20,"Actual Loops": 1,"Workers Planned": 4,"Workers Launched": 4,"Plans": [{"Node Type": "Sort","Parent Relationship": "Outer","Parallel Aware": false,"Async Capable": false,"Startup Cost": 182991.17,"Total Cost": 182991.19,"Plan Rows": 6,"Plan Width": 236,"Actual Startup Time": 1631.486,"Actual Total Time": 1631.494,"Actual Rows": 4,"Actual Loops": 5,"Sort Key": ["l_returnflag", "l_linestatus"],"Sort Method": "quicksort","Sort Space Used": 27,"Sort Space Type": "Memory","Workers": [{"Worker Number": 0,"Sort Method": "quicksort","Sort Space Used": 27,"Sort Space Type": "Memory"},{"Worker Number": 1,"Sort Method": "quicksort","Sort Space Used": 27,"Sort Space Type": "Memory"},{"Worker Number": 2,"Sort Method": "quicksort","Sort Space Used": 27,"Sort Space Type": "Memory"},{"Worker Number": 3,"Sort Method": "quicksort","Sort Space Used": 27,"Sort Space Type": "Memory"}],"Plans": [{"Node Type": "Aggregate","Strategy": "Hashed","Partial Mode": "Partial","Parent Relationship": "Outer","Parallel Aware": false,"Async Capable": false,"Startup Cost": 182990.96,"Total Cost": 182991.10,"Plan Rows": 6,"Plan Width": 236,"Actual Startup Time": 1631.371,"Actual Total Time": 1631.381,"Actual Rows": 4,"Actual Loops": 5,"Group Key": ["l_returnflag", "l_linestatus"],"Planned Partitions": 0,"HashAgg Batches": 1,"Peak Memory Usage": 32,"Disk Usage": 0,"Workers": [{"Worker Number": 0,"HashAgg Batches": 1,"Peak Memory Usage": 32,"Disk Usage": 0},{"Worker Number": 1,"HashAgg Batches": 1,"Peak Memory Usage": 32,"Disk Usage": 0},{"Worker Number": 2,"HashAgg Batches": 1,"Peak Memory Usage": 32,"Disk Usage": 0},{"Worker Number": 3,"HashAgg Batches": 1,"Peak Memory Usage": 32,"Disk Usage": 0}],"Plans": [{"Node Type": "Seq Scan","Parent Relationship": "Outer","Parallel Aware": true,"Async Capable": false,"Relation Name": "lineitem","Alias": "lineitem","Startup Cost": 0.00,"Total Cost": 131256.80,"Plan Rows": 1478119,"Plan Width": 25,"Actual Startup Time": 0.040,"Actual Total Time": 614.636,"Actual Rows": 1183318,"Actual Loops": 5,"Filter": "(l_shipdate <= '1998-09-02 00:00:00'::timestamp without time zone)","Rows Removed by Filter": 16925,"Workers": []}]}]}]}]},"Planning Time": 2.730,"Triggers": [],"Execution Time": 1672.922}]
[{"Plan": {"Node Type": "Aggregate","Strategy": "Sorted","Partial Mode": "Finalize","Parallel Aware": false,"Async Capable": false,"Startup Cost": 184128.26,"Total Cost": 184132.08,"Plan Rows": 6,"Plan Width": 236,"Actual Startup Time": 1649.132,"Actual Total Time": 1683.354,"Actual Rows": 4,"Actual Loops": 1,"Group Key": ["l_returnflag", "l_linestatus"],"Plans": [{"Node Type": "Gather Merge","Parent Relationship": "Outer","Parallel Aware": false,"Async Capable": false,"Startup Cost": 184128.26,"Total Cost": 184131.13,"Plan Rows": 24,"Plan Width": 236,"Actual Startup Time": 1649.053,"Actual Total Time": 1683.242,"Actual Rows": 20,"Actual Loops": 1,"Workers Planned": 4,"Workers Launched": 4,"Plans": [{"Node Type": "Sort","Parent Relationship": "Outer","Parallel Aware": false,"Async Capable": false,"Startup Cost": 183128.20,"Total Cost": 183128.21,"Plan Rows": 6,"Plan Width": 236,"Actual Startup Time": 1640.585,"Actual Total Time": 1640.592,"Actual Rows": 4,"Actual Loops": 5,"Sort Key": ["l_returnflag", "l_linestatus"],"Sort Method": "quicksort","Sort Space Used": 27,"Sort Space Type": "Memory","Workers": [{"Worker Number": 0,"Sort Method": "quicksort","Sort Space Used": 27,"Sort Space Type": "Memory"},{"Worker Number": 1,"Sort Method": "quicksort","Sort Space Used": 27,"Sort Space Type": "Memory"},{"Worker Number": 2,"Sort Method": "quicksort","Sort Space Used": 27,"Sort Space Type": "Memory"},{"Worker Number": 3,"Sort Method": "quicksort","Sort Space Used": 27,"Sort Space Type": "Memory"}],"Plans": [{"Node Type": "Aggregate","Strategy": "Hashed","Partial Mode": "Partial","Parent Relationship": "Outer","Parallel Aware": false,"Async Capable": false,"Startup Cost": 183127.99,"Total Cost": 183128.12,"Plan Rows": 6,"Plan Width": 236,"Actual Startup Time": 1640.479,"Actual Total Time": 1640.488,"Actual Rows": 4,"Actual Loops": 5,"Group Key": ["l_returnflag", "l_linestatus"],"Planned Partitions": 0,"HashAgg Batches": 1,"Peak Memory Usage": 32,"Disk Usage": 0,"Workers": [{"Worker Number": 0,"HashAgg Batches": 1,"Peak Memory Usage": 32,"Disk Usage": 0},{"Worker Number": 1,"HashAgg Batches": 1,"Peak Memory Usage": 32,"Disk Usage": 0},{"Worker Number": 2,"HashAgg Batches": 1,"Peak Memory Usage": 32,"Disk Usage": 0},{"Worker Number": 3,"HashAgg Batches": 1,"Peak Memory Usage": 32,"Disk Usage": 0}],"Plans": [{"Node Type": "Seq Scan","Parent Relationship": "Outer","Parallel Aware": true,"Async Capable": false,"Relation Name": "lineitem","Alias": "lineitem","Startup Cost": 0.00,"Total Cost": 131256.80,"Plan Rows": 1482034,"Plan Width": 25,"Actual Startup Time": 0.041,"Actual Total Time": 618.594,"Actual Rows": 1186531,"Actual Loops": 5,"Filter": "(l_shipdate <= '1998-09-11 00:00:00'::timestamp without time zone)","Rows Removed by Filter": 13712,"Workers": []}]}]}]}]},"Planning Time": 2.806,"Triggers": [],"Execution Time": 1683.749}]
[{"Plan": {"Node Type": "Aggregate","Strategy": "Sorted","Partial Mode": "Finalize","Parallel Aware": false,"Async Capable": false,"Startup Cost": 183712.49,"Total Cost": 183716.31,"Plan Rows": 6,"Plan Width": 236,"Actual Startup Time": 1630.342,"Actual Total Time": 1664.480,"Actual Rows": 4,"Actual Loops": 1,"Group Key": ["l_returnflag", "l_linestatus"],"Plans": [{"Node Type": "Gather Merge","Parent Relationship": "Outer","Parallel Aware": false,"Async Capable": false,"Startup Cost": 183712.49,"Total Cost": 183715.37,"Plan Rows": 24,"Plan Width": 236,"Actual Startup Time": 1630.278,"Actual Total Time": 1664.377,"Actual Rows": 20,"Actual Loops": 1,"Workers Planned": 4,"Workers Launched": 4,"Plans": [{"Node Type": "Sort","Parent Relationship": "Outer","Parallel Aware": false,"Async Capable": false,"Startup Cost": 182712.43,"Total Cost": 182712.45,"Plan Rows": 6,"Plan Width": 236,"Actual Startup Time": 1622.558,"Actual Total Time": 1622.562,"Actual Rows": 4,"Actual Loops": 5,"Sort Key": ["l_returnflag", "l_linestatus"],"Sort Method": "quicksort","Sort Space Used": 27,"Sort Space Type": "Memory","Workers": [{"Worker Number": 0,"Sort Method": "quicksort","Sort Space Used": 27,"Sort Space Type": "Memory"},{"Worker Number": 1,"Sort Method": "quicksort","Sort Space Used": 27,"Sort Space Type": "Memory"},{"Worker Number": 2,"Sort Method": "quicksort","Sort Space Used": 27,"Sort Space Type": "Memory"},{"Worker Number": 3,"Sort Method": "quicksort","Sort Space Used": 27,"Sort Space Type": "Memory"}],"Plans": [{"Node Type": "Aggregate","Strategy": "Hashed","Partial Mode": "Partial","Parent Relationship": "Outer","Parallel Aware": false,"Async Capable": false,"Startup Cost": 182712.22,"Total Cost": 182712.36,"Plan Rows": 6,"Plan Width": 236,"Actual Startup Time": 1622.442,"Actual Total Time": 1622.451,"Actual Rows": 4,"Actual Loops": 5,"Group Key": ["l_returnflag", "l_linestatus"],"Planned Partitions": 0,"HashAgg Batches": 1,"Peak Memory Usage": 32,"Disk Usage": 0,"Workers": [{"Worker Number": 0,"HashAgg Batches": 1,"Peak Memory Usage": 32,"Disk Usage": 0},{"Worker Number": 1,"HashAgg Batches": 1,"Peak Memory Usage": 32,"Disk Usage": 0},{"Worker Number": 2,"HashAgg Batches": 1,"Peak Memory Usage": 32,"Disk Usage": 0},{"Worker Number": 3,"HashAgg Batches": 1,"Peak Memory Usage": 32,"Disk Usage": 0}],"Plans": [{"Node Type": "Seq Scan","Parent Relationship": "Outer","Parallel Aware": true,"Async Capable": false,"Relation Name": "lineitem","Alias": "lineitem","Startup Cost": 0.00,"Total Cost": 131256.80,"Plan Rows": 1470155,"Plan Width": 25,"Actual Startup Time": 0.046,"Actual Total Time": 613.406,"Actual Rows": 1175926,"Actual Loops": 5,"Filter": "(l_shipdate <= '1998-08-15 00:00:00'::timestamp without time zone)","Rows Removed by Filter": 24317,"Workers": []}]}]}]}]},"Planning Time": 2.534,"Triggers": [],"Execution Time": 1664.859}]
[{"Plan": {"Node Type": "Aggregate","Strategy": "Sorted","Partial Mode": "Finalize","Parallel Aware": false,"Async Capable": false,"Startup Cost": 184271.34,"Total Cost": 184275.16,"Plan Rows": 6,"Plan Width": 236,"Actual Startup Time": 1627.489,"Actual Total Time": 1661.299,"Actual Rows": 4,"Actual Loops": 1,"Group Key": ["l_returnflag", "l_linestatus"],"Plans": [{"Node Type": "Gather Merge","Parent Relationship": "Outer","Parallel Aware": false,"Async Capable": false,"Startup Cost": 184271.34,"Total Cost": 184274.21,"Plan Rows": 24,"Plan Width": 236,"Actual Startup Time": 1627.365,"Actual Total Time": 1661.147,"Actual Rows": 20,"Actual Loops": 1,"Workers Planned": 4,"Workers Launched": 4,"Plans": [{"Node Type": "Sort","Parent Relationship": "Outer","Parallel Aware": false,"Async Capable": false,"Startup Cost": 183271.28,"Total Cost": 183271.29,"Plan Rows": 6,"Plan Width": 236,"Actual Startup Time": 1619.927,"Actual Total Time": 1619.931,"Actual Rows": 4,"Actual Loops": 5,"Sort Key": ["l_returnflag", "l_linestatus"],"Sort Method": "quicksort","Sort Space Used": 27,"Sort Space Type": "Memory","Workers": [{"Worker Number": 0,"Sort Method": "quicksort","Sort Space Used": 27,"Sort Space Type": "Memory"},{"Worker Number": 1,"Sort Method": "quicksort","Sort Space Used": 27,"Sort Space Type": "Memory"},{"Worker Number": 2,"Sort Method": "quicksort","Sort Space Used": 27,"Sort Space Type": "Memory"},{"Worker Number": 3,"Sort Method": "quicksort","Sort Space Used": 27,"Sort Space Type": "Memory"}],"Plans": [{"Node Type": "Aggregate","Strategy": "Hashed","Partial Mode": "Partial","Parent Relationship": "Outer","Parallel Aware": false,"Async Capable": false,"Startup Cost": 183271.07,"Total Cost": 183271.20,"Plan Rows": 6,"Plan Width": 236,"Actual Startup Time": 1619.825,"Actual Total Time": 1619.834,"Actual Rows": 4,"Actual Loops": 5,"Group Key": ["l_returnflag", "l_linestatus"],"Planned Partitions": 0,"HashAgg Batches": 1,"Peak Memory Usage": 32,"Disk Usage": 0,"Workers": [{"Worker Number": 0,"HashAgg Batches": 1,"Peak Memory Usage": 32,"Disk Usage": 0},{"Worker Number": 1,"HashAgg Batches": 1,"Peak Memory Usage": 32,"Disk Usage": 0},{"Worker Number": 2,"HashAgg Batches": 1,"Peak Memory Usage": 32,"Disk Usage": 0},{"Worker Number": 3,"HashAgg Batches": 1,"Peak Memory Usage": 32,"Disk Usage": 0}],"Plans": [{"Node Type": "Seq Scan","Parent Relationship": "Outer","Parallel Aware": true,"Async Capable": false,"Relation Name": "lineitem","Alias": "lineitem","Startup Cost": 0.00,"Total Cost": 131256.80,"Plan Rows": 1486122,"Plan Width": 25,"Actual Startup Time": 0.036,"Actual Total Time": 598.919,"Actual Rows": 1189982,"Actual Loops": 5,"Filter": "(l_shipdate <= '1998-09-22 00:00:00'::timestamp without time zone)","Rows Removed by Filter": 10261,"Workers": []}]}]}]}]},"Planning Time": 2.236,"Triggers": [],"Execution Time": 1661.794}]
[{"Plan": {"Node Type": "Aggregate","Strategy": "Sorted","Partial Mode": "Finalize","Parallel Aware": false,"Async Capable": false,"Startup Cost": 184082.58,"Total Cost": 184086.40,"Plan Rows": 6,"Plan Width": 236,"Actual Startup Time": 1638.478,"Actual Total Time": 1674.281,"Actual Rows": 4,"Actual Loops": 1,"Group Key": ["l_returnflag", "l_linestatus"],"Plans": [{"Node Type": "Gather Merge","Parent Relationship": "Outer","Parallel Aware": false,"Async Capable": false,"Startup Cost": 184082.58,"Total Cost": 184085.46,"Plan Rows": 24,"Plan Width": 236,"Actual Startup Time": 1638.346,"Actual Total Time": 1674.153,"Actual Rows": 20,"Actual Loops": 1,"Workers Planned": 4,"Workers Launched": 4,"Plans": [{"Node Type": "Sort","Parent Relationship": "Outer","Parallel Aware": false,"Async Capable": false,"Startup Cost": 183082.52,"Total Cost": 183082.54,"Plan Rows": 6,"Plan Width": 236,"Actual Startup Time": 1630.819,"Actual Total Time": 1630.824,"Actual Rows": 4,"Actual Loops": 5,"Sort Key": ["l_returnflag", "l_linestatus"],"Sort Method": "quicksort","Sort Space Used": 27,"Sort Space Type": "Memory","Workers": [{"Worker Number": 0,"Sort Method": "quicksort","Sort Space Used": 27,"Sort Space Type": "Memory"},{"Worker Number": 1,"Sort Method": "quicksort","Sort Space Used": 27,"Sort Space Type": "Memory"},{"Worker Number": 2,"Sort Method": "quicksort","Sort Space Used": 27,"Sort Space Type": "Memory"},{"Worker Number": 3,"Sort Method": "quicksort","Sort Space Used": 27,"Sort Space Type": "Memory"}],"Plans": [{"Node Type": "Aggregate","Strategy": "Hashed","Partial Mode": "Partial","Parent Relationship": "Outer","Parallel Aware": false,"Async Capable": false,"Startup Cost": 183082.31,"Total Cost": 183082.45,"Plan Rows": 6,"Plan Width": 236,"Actual Startup Time": 1630.721,"Actual Total Time": 1630.730,"Actual Rows": 4,"Actual Loops": 5,"Group Key": ["l_returnflag", "l_linestatus"],"Planned Partitions": 0,"HashAgg Batches": 1,"Peak Memory Usage": 32,"Disk Usage": 0,"Workers": [{"Worker Number": 0,"HashAgg Batches": 1,"Peak Memory Usage": 32,"Disk Usage": 0},{"Worker Number": 1,"HashAgg Batches": 1,"Peak Memory Usage": 32,"Disk Usage": 0},{"Worker Number": 2,"HashAgg Batches": 1,"Peak Memory Usage": 32,"Disk Usage": 0},{"Worker Number": 3,"HashAgg Batches": 1,"Peak Memory Usage": 32,"Disk Usage": 0}],"Plans": [{"Node Type": "Seq Scan","Parent Relationship": "Outer","Parallel Aware": true,"Async Capable": false,"Relation Name": "lineitem","Alias": "lineitem","Startup Cost": 0.00,"Total Cost": 131256.80,"Plan Rows": 1480729,"Plan Width": 25,"Actual Startup Time": 0.040,"Actual Total Time": 612.285,"Actual Rows": 1185489,"Actual Loops": 5,"Filter": "(l_shipdate <= '1998-09-08 00:00:00'::timestamp without time zone)","Rows Removed by Filter": 14754,"Workers": []}]}]}]}]},"Planning Time": 2.744,"Triggers": [],"Execution Time": 1674.643}]
[{"Plan": {"Node Type": "Aggregate","Strategy": "Sorted","Partial Mode": "Finalize","Parallel Aware": false,"Async Capable": false,"Startup Cost": 184189.16,"Total Cost": 184192.98,"Plan Rows": 6,"Plan Width": 236,"Actual Startup Time": 1645.674,"Actual Total Time": 1680.009,"Actual Rows": 4,"Actual Loops": 1,"Group Key": ["l_returnflag", "l_linestatus"],"Plans": [{"Node Type": "Gather Merge","Parent Relationship": "Outer","Parallel Aware": false,"Async Capable": false,"Startup Cost": 184189.16,"Total Cost": 184192.03,"Plan Rows": 24,"Plan Width": 236,"Actual Startup Time": 1645.562,"Actual Total Time": 1679.891,"Actual Rows": 20,"Actual Loops": 1,"Workers Planned": 4,"Workers Launched": 4,"Plans": [{"Node Type": "Sort","Parent Relationship": "Outer","Parallel Aware": false,"Async Capable": false,"Startup Cost": 183189.10,"Total Cost": 183189.11,"Plan Rows": 6,"Plan Width": 236,"Actual Startup Time": 1638.058,"Actual Total Time": 1638.062,"Actual Rows": 4,"Actual Loops": 5,"Sort Key": ["l_returnflag", "l_linestatus"],"Sort Method": "quicksort","Sort Space Used": 27,"Sort Space Type": "Memory","Workers": [{"Worker Number": 0,"Sort Method": "quicksort","Sort Space Used": 27,"Sort Space Type": "Memory"},{"Worker Number": 1,"Sort Method": "quicksort","Sort Space Used": 27,"Sort Space Type": "Memory"},{"Worker Number": 2,"Sort Method": "quicksort","Sort Space Used": 27,"Sort Space Type": "Memory"},{"Worker Number": 3,"Sort Method": "quicksort","Sort Space Used": 27,"Sort Space Type": "Memory"}],"Plans": [{"Node Type": "Aggregate","Strategy": "Hashed","Partial Mode": "Partial","Parent Relationship": "Outer","Parallel Aware": false,"Async Capable": false,"Startup Cost": 183188.89,"Total Cost": 183189.02,"Plan Rows": 6,"Plan Width": 236,"Actual Startup Time": 1637.958,"Actual Total Time": 1637.967,"Actual Rows": 4,"Actual Loops": 5,"Group Key": ["l_returnflag", "l_linestatus"],"Planned Partitions": 0,"HashAgg Batches": 1,"Peak Memory Usage": 32,"Disk Usage": 0,"Workers": [{"Worker Number": 0,"HashAgg Batches": 1,"Peak Memory Usage": 32,"Disk Usage": 0},{"Worker Number": 1,"HashAgg Batches": 1,"Peak Memory Usage": 32,"Disk Usage": 0},{"Worker Number": 2,"HashAgg Batches": 1,"Peak Memory Usage": 32,"Disk Usage": 0},{"Worker Number": 3,"HashAgg Batches": 1,"Peak Memory Usage": 32,"Disk Usage": 0}],"Plans": [{"Node Type": "Seq Scan","Parent Relationship": "Outer","Parallel Aware": true,"Async Capable": false,"Relation Name": "lineitem","Alias": "lineitem","Startup Cost": 0.00,"Total Cost": 131256.80,"Plan Rows": 1483774,"Plan Width": 25,"Actual Startup Time": 0.042,"Actual Total Time": 618.846,"Actual Rows": 1187863,"Actual Loops": 5,"Filter": "(l_shipdate <= '1998-09-15 00:00:00'::timestamp without time zone)","Rows Removed by Filter": 12380,"Workers": []}]}]}]}]},"Planning Time": 3.014,"Triggers": [],"Execution Time": 1680.406}]
[{"Plan": {"Node Type": "Aggregate","Strategy": "Sorted","Partial Mode": "Finalize","Parallel Aware": false,"Async Capable": false,"Startup Cost": 183869.43,"Total Cost": 183873.25,"Plan Rows": 6,"Plan Width": 236,"Actual Startup Time": 1619.155,"Actual Total Time": 1653.329,"Actual Rows": 4,"Actual Loops": 1,"Group Key": ["l_returnflag", "l_linestatus"],"Plans": [{"Node Type": "Gather Merge","Parent Relationship": "Outer","Parallel Aware": false,"Async Capable": false,"Startup Cost": 183869.43,"Total Cost": 183872.31,"Plan Rows": 24,"Plan Width": 236,"Actual Startup Time": 1619.083,"Actual Total Time": 1653.209,"Actual Rows": 20,"Actual Loops": 1,"Workers Planned": 4,"Workers Launched": 4,"Plans": [{"Node Type": "Sort","Parent Relationship": "Outer","Parallel Aware": false,"Async Capable": false,"Startup Cost": 182869.37,"Total Cost": 182869.39,"Plan Rows": 6,"Plan Width": 236,"Actual Startup Time": 1611.487,"Actual Total Time": 1611.493,"Actual Rows": 4,"Actual Loops": 5,"Sort Key": ["l_returnflag", "l_linestatus"],"Sort Method": "quicksort","Sort Space Used": 27,"Sort Space Type": "Memory","Workers": [{"Worker Number": 0,"Sort Method": "quicksort","Sort Space Used": 27,"Sort Space Type": "Memory"},{"Worker Number": 1,"Sort Method": "quicksort","Sort Space Used": 27,"Sort Space Type": "Memory"},{"Worker Number": 2,"Sort Method": "quicksort","Sort Space Used": 27,"Sort Space Type": "Memory"},{"Worker Number": 3,"Sort Method": "quicksort","Sort Space Used": 27,"Sort Space Type": "Memory"}],"Plans": [{"Node Type": "Aggregate","Strategy": "Hashed","Partial Mode": "Partial","Parent Relationship": "Outer","Parallel Aware": false,"Async Capable": false,"Startup Cost": 182869.16,"Total Cost": 182869.30,"Plan Rows": 6,"Plan Width": 236,"Actual Startup Time": 1611.316,"Actual Total Time": 1611.326,"Actual Rows": 4,"Actual Loops": 5,"Group Key": ["l_returnflag", "l_linestatus"],"Planned Partitions": 0,"HashAgg Batches": 1,"Peak Memory Usage": 32,"Disk Usage": 0,"Workers": [{"Worker Number": 0,"HashAgg Batches": 1,"Peak Memory Usage": 32,"Disk Usage": 0},{"Worker Number": 1,"HashAgg Batches": 1,"Peak Memory Usage": 32,"Disk Usage": 0},{"Worker Number": 2,"HashAgg Batches": 1,"Peak Memory Usage": 32,"Disk Usage": 0},{"Worker Number": 3,"HashAgg Batches": 1,"Peak Memory Usage": 32,"Disk Usage": 0}],"Plans": [{"Node Type": "Seq Scan","Parent Relationship": "Outer","Parallel Aware": true,"Async Capable": false,"Relation Name": "lineitem","Alias": "lineitem","Startup Cost": 0.00,"Total Cost": 131256.80,"Plan Rows": 1474639,"Plan Width": 25,"Actual Startup Time": 0.039,"Actual Total Time": 599.980,"Actual Rows": 1180176,"Actual Loops": 5,"Filter": "(l_shipdate <= '1998-08-25 00:00:00'::timestamp without time zone)","Rows Removed by Filter": 20067,"Workers": []}]}]}]}]},"Planning Time": 3.360,"Triggers": [],"Execution Time": 1653.697}]
[{"Plan": {"Node Type": "Aggregate","Strategy": "Sorted","Partial Mode": "Finalize","Parallel Aware": false,"Async Capable": false,"Startup Cost": 184285.51,"Total Cost": 184289.33,"Plan Rows": 6,"Plan Width": 236,"Actual Startup Time": 1650.578,"Actual Total Time": 1683.926,"Actual Rows": 4,"Actual Loops": 1,"Group Key": ["l_returnflag", "l_linestatus"],"Plans": [{"Node Type": "Gather Merge","Parent Relationship": "Outer","Parallel Aware": false,"Async Capable": false,"Startup Cost": 184285.51,"Total Cost": 184288.39,"Plan Rows": 24,"Plan Width": 236,"Actual Startup Time": 1650.484,"Actual Total Time": 1683.804,"Actual Rows": 20,"Actual Loops": 1,"Workers Planned": 4,"Workers Launched": 4,"Plans": [{"Node Type": "Sort","Parent Relationship": "Outer","Parallel Aware": false,"Async Capable": false,"Startup Cost": 183285.45,"Total Cost": 183285.47,"Plan Rows": 6,"Plan Width": 236,"Actual Startup Time": 1642.333,"Actual Total Time": 1642.336,"Actual Rows": 4,"Actual Loops": 5,"Sort Key": ["l_returnflag", "l_linestatus"],"Sort Method": "quicksort","Sort Space Used": 27,"Sort Space Type": "Memory","Workers": [{"Worker Number": 0,"Sort Method": "quicksort","Sort Space Used": 27,"Sort Space Type": "Memory"},{"Worker Number": 1,"Sort Method": "quicksort","Sort Space Used": 27,"Sort Space Type": "Memory"},{"Worker Number": 2,"Sort Method": "quicksort","Sort Space Used": 27,"Sort Space Type": "Memory"},{"Worker Number": 3,"Sort Method": "quicksort","Sort Space Used": 27,"Sort Space Type": "Memory"}],"Plans": [{"Node Type": "Aggregate","Strategy": "Hashed","Partial Mode": "Partial","Parent Relationship": "Outer","Parallel Aware": false,"Async Capable": false,"Startup Cost": 183285.24,"Total Cost": 183285.38,"Plan Rows": 6,"Plan Width": 236,"Actual Startup Time": 1642.233,"Actual Total Time": 1642.241,"Actual Rows": 4,"Actual Loops": 5,"Group Key": ["l_returnflag", "l_linestatus"],"Planned Partitions": 0,"HashAgg Batches": 1,"Peak Memory Usage": 32,"Disk Usage": 0,"Workers": [{"Worker Number": 0,"HashAgg Batches": 1,"Peak Memory Usage": 32,"Disk Usage": 0},{"Worker Number": 1,"HashAgg Batches": 1,"Peak Memory Usage": 32,"Disk Usage": 0},{"Worker Number": 2,"HashAgg Batches": 1,"Peak Memory Usage": 32,"Disk Usage": 0},{"Worker Number": 3,"HashAgg Batches": 1,"Peak Memory Usage": 32,"Disk Usage": 0}],"Plans": [{"Node Type": "Seq Scan","Parent Relationship": "Outer","Parallel Aware": true,"Async Capable": false,"Relation Name": "lineitem","Alias": "lineitem","Startup Cost": 0.00,"Total Cost": 131256.80,"Plan Rows": 1486527,"Plan Width": 25,"Actual Startup Time": 0.042,"Actual Total Time": 620.025,"Actual Rows": 1190555,"Actual Loops": 5,"Filter": "(l_shipdate <= '1998-09-24 00:00:00'::timestamp without time zone)","Rows Removed by Filter": 9688,"Workers": []}]}]}]}]},"Planning Time": 3.559,"Triggers": [],"Execution Time": 1684.379}]
[{"Plan": {"Node Type": "Aggregate","Strategy": "Sorted","Partial Mode": "Finalize","Parallel Aware": false,"Async Capable": false,"Startup Cost": 184219.61,"Total Cost": 184223.43,"Plan Rows": 6,"Plan Width": 236,"Actual Startup Time": 1646.602,"Actual Total Time": 1679.901,"Actual Rows": 4,"Actual Loops": 1,"Group Key": ["l_returnflag", "l_linestatus"],"Plans": [{"Node Type": "Gather Merge","Parent Relationship": "Outer","Parallel Aware": false,"Async Capable": false,"Startup Cost": 184219.61,"Total Cost": 184222.48,"Plan Rows": 24,"Plan Width": 236,"Actual Startup Time": 1646.535,"Actual Total Time": 1679.806,"Actual Rows": 20,"Actual Loops": 1,"Workers Planned": 4,"Workers Launched": 4,"Plans": [{"Node Type": "Sort","Parent Relationship": "Outer","Parallel Aware": false,"Async Capable": false,"Startup Cost": 183219.55,"Total Cost": 183219.56,"Plan Rows": 6,"Plan Width": 236,"Actual Startup Time": 1638.551,"Actual Total Time": 1638.556,"Actual Rows": 4,"Actual Loops": 5,"Sort Key": ["l_returnflag", "l_linestatus"],"Sort Method": "quicksort","Sort Space Used": 27,"Sort Space Type": "Memory","Workers": [{"Worker Number": 0,"Sort Method": "quicksort","Sort Space Used": 27,"Sort Space Type": "Memory"},{"Worker Number": 1,"Sort Method": "quicksort","Sort Space Used": 27,"Sort Space Type": "Memory"},{"Worker Number": 2,"Sort Method": "quicksort","Sort Space Used": 27,"Sort Space Type": "Memory"},{"Worker Number": 3,"Sort Method": "quicksort","Sort Space Used": 27,"Sort Space Type": "Memory"}],"Plans": [{"Node Type": "Aggregate","Strategy": "Hashed","Partial Mode": "Partial","Parent Relationship": "Outer","Parallel Aware": false,"Async Capable": false,"Startup Cost": 183219.34,"Total Cost": 183219.47,"Plan Rows": 6,"Plan Width": 236,"Actual Startup Time": 1638.441,"Actual Total Time": 1638.450,"Actual Rows": 4,"Actual Loops": 5,"Group Key": ["l_returnflag", "l_linestatus"],"Planned Partitions": 0,"HashAgg Batches": 1,"Peak Memory Usage": 32,"Disk Usage": 0,"Workers": [{"Worker Number": 0,"HashAgg Batches": 1,"Peak Memory Usage": 32,"Disk Usage": 0},{"Worker Number": 1,"HashAgg Batches": 1,"Peak Memory Usage": 32,"Disk Usage": 0},{"Worker Number": 2,"HashAgg Batches": 1,"Peak Memory Usage": 32,"Disk Usage": 0},{"Worker Number": 3,"HashAgg Batches": 1,"Peak Memory Usage": 32,"Disk Usage": 0}],"Plans": [{"Node Type": "Seq Scan","Parent Relationship": "Outer","Parallel Aware": true,"Async Capable": false,"Relation Name": "lineitem","Alias": "lineitem","Startup Cost": 0.00,"Total Cost": 131256.80,"Plan Rows": 1484644,"Plan Width": 25,"Actual Startup Time": 0.045,"Actual Total Time": 617.400,"Actual Rows": 1188486,"Actual Loops": 5,"Filter": "(l_shipdate <= '1998-09-17 00:00:00'::timestamp without time zone)","Rows Removed by Filter": 11757,"Workers": []}]}]}]}]},"Planning Time": 3.561,"Triggers": [],"Execution Time": 1680.351}]
[{"Plan": {"Node Type": "Aggregate","Strategy": "Sorted","Partial Mode": "Finalize","Parallel Aware": false,"Async Capable": false,"Startup Cost": 184335.14,"Total Cost": 184338.96,"Plan Rows": 6,"Plan Width": 236,"Actual Startup Time": 1633.513,"Actual Total Time": 1666.910,"Actual Rows": 4,"Actual Loops": 1,"Group Key": ["l_returnflag", "l_linestatus"],"Plans": [{"Node Type": "Gather Merge","Parent Relationship": "Outer","Parallel Aware": false,"Async Capable": false,"Startup Cost": 184335.14,"Total Cost": 184338.02,"Plan Rows": 24,"Plan Width": 236,"Actual Startup Time": 1633.424,"Actual Total Time": 1666.783,"Actual Rows": 20,"Actual Loops": 1,"Workers Planned": 4,"Workers Launched": 4,"Plans": [{"Node Type": "Sort","Parent Relationship": "Outer","Parallel Aware": false,"Async Capable": false,"Startup Cost": 183335.08,"Total Cost": 183335.10,"Plan Rows": 6,"Plan Width": 236,"Actual Startup Time": 1625.582,"Actual Total Time": 1625.585,"Actual Rows": 4,"Actual Loops": 5,"Sort Key": ["l_returnflag", "l_linestatus"],"Sort Method": "quicksort","Sort Space Used": 27,"Sort Space Type": "Memory","Workers": [{"Worker Number": 0,"Sort Method": "quicksort","Sort Space Used": 27,"Sort Space Type": "Memory"},{"Worker Number": 1,"Sort Method": "quicksort","Sort Space Used": 27,"Sort Space Type": "Memory"},{"Worker Number": 2,"Sort Method": "quicksort","Sort Space Used": 27,"Sort Space Type": "Memory"},{"Worker Number": 3,"Sort Method": "quicksort","Sort Space Used": 27,"Sort Space Type": "Memory"}],"Plans": [{"Node Type": "Aggregate","Strategy": "Hashed","Partial Mode": "Partial","Parent Relationship": "Outer","Parallel Aware": false,"Async Capable": false,"Startup Cost": 183334.87,"Total Cost": 183335.01,"Plan Rows": 6,"Plan Width": 236,"Actual Startup Time": 1625.416,"Actual Total Time": 1625.424,"Actual Rows": 4,"Actual Loops": 5,"Group Key": ["l_returnflag", "l_linestatus"],"Planned Partitions": 0,"HashAgg Batches": 1,"Peak Memory Usage": 32,"Disk Usage": 0,"Workers": [{"Worker Number": 0,"HashAgg Batches": 1,"Peak Memory Usage": 32,"Disk Usage": 0},{"Worker Number": 1,"HashAgg Batches": 1,"Peak Memory Usage": 32,"Disk Usage": 0},{"Worker Number": 2,"HashAgg Batches": 1,"Peak Memory Usage": 32,"Disk Usage": 0},{"Worker Number": 3,"HashAgg Batches": 1,"Peak Memory Usage": 32,"Disk Usage": 0}],"Plans": [{"Node Type": "Seq Scan","Parent Relationship": "Outer","Parallel Aware": true,"Async Capable": false,"Relation Name": "lineitem","Alias": "lineitem","Startup Cost": 0.00,"Total Cost": 131256.80,"Plan Rows": 1487945,"Plan Width": 25,"Actual Startup Time": 0.042,"Actual Total Time": 603.220,"Actual Rows": 1192429,"Actual Loops": 5,"Filter": "(l_shipdate <= '1998-10-01 00:00:00'::timestamp without time zone)","Rows Removed by Filter": 7814,"Workers": []}]}]}]}]},"Planning Time": 2.873,"Triggers": [],"Execution Time": 1667.344}]
[{"Plan": {"Node Type": "Aggregate","Strategy": "Sorted","Partial Mode": "Finalize","Parallel Aware": false,"Async Capable": false,"Startup Cost": 184082.58,"Total Cost": 184086.40,"Plan Rows": 6,"Plan Width": 236,"Actual Startup Time": 1638.478,"Actual Total Time": 1674.281,"Actual Rows": 4,"Actual Loops": 1,"Group Key": ["l_returnflag", "l_linestatus"],"Plans": [{"Node Type": "Gather Merge","Parent Relationship": "Outer","Parallel Aware": false,"Async Capable": false,"Startup Cost": 184082.58,"Total Cost": 184085.46,"Plan Rows": 24,"Plan Width": 236,"Actual Startup Time": 1638.346,"Actual Total Time": 1674.153,"Actual Rows": 20,"Actual Loops": 1,"Workers Planned": 4,"Workers Launched": 4,"Plans": [{"Node Type": "Sort","Parent Relationship": "Outer","Parallel Aware": false,"Async Capable": false,"Startup Cost": 183082.52,"Total Cost": 183082.54,"Plan Rows": 6,"Plan Width": 236,"Actual Startup Time": 1630.819,"Actual Total Time": 1630.824,"Actual Rows": 4,"Actual Loops": 5,"Sort Key": ["l_returnflag", "l_linestatus"],"Sort Method": "quicksort","Sort Space Used": 27,"Sort Space Type": "Memory","Workers": [{"Worker Number": 0,"Sort Method": "quicksort","Sort Space Used": 27,"Sort Space Type": "Memory"},{"Worker Number": 1,"Sort Method": "quicksort","Sort Space Used": 27,"Sort Space Type": "Memory"},{"Worker Number": 2,"Sort Method": "quicksort","Sort Space Used": 27,"Sort Space Type": "Memory"},{"Worker Number": 3,"Sort Method": "quicksort","Sort Space Used": 27,"Sort Space Type": "Memory"}],"Plans": [{"Node Type": "Aggregate","Strategy": "Hashed","Partial Mode": "Partial","Parent Relationship": "Outer","Parallel Aware": false,"Async Capable": false,"Startup Cost": 183082.31,"Total Cost": 183082.45,"Plan Rows": 6,"Plan Width": 236,"Actual Startup Time": 1630.721,"Actual Total Time": 1630.730,"Actual Rows": 4,"Actual Loops": 5,"Group Key": ["l_returnflag", "l_linestatus"],"Planned Partitions": 0,"HashAgg Batches": 1,"Peak Memory Usage": 32,"Disk Usage": 0,"Workers": [{"Worker Number": 0,"HashAgg Batches": 1,"Peak Memory Usage": 32,"Disk Usage": 0},{"Worker Number": 1,"HashAgg Batches": 1,"Peak Memory Usage": 32,"Disk Usage": 0},{"Worker Number": 2,"HashAgg Batches": 1,"Peak Memory Usage": 32,"Disk Usage": 0},{"Worker Number": 3,"HashAgg Batches": 1,"Peak Memory Usage": 32,"Disk Usage": 0}],"Plans": [{"Node Type": "Seq Scan","Parent Relationship": "Outer","Parallel Aware": true,"Async Capable": false,"Relation Name": "lineitem","Alias": "lineitem","Startup Cost": 0.00,"Total Cost": 131256.80,"Plan Rows": 1480729,"Plan Width": 25,"Actual Startup Time": 0.040,"Actual Total Time": 612.285,"Actual Rows": 1185489,"Actual Loops": 5,"Filter": "(l_shipdate <= '1998-09-08 00:00:00'::timestamp without time zone)","Rows Removed by Filter": 14754,"Workers": []}]}]}]}]},"Planning Time": 2.744,"Triggers": [],"Execution Time": 1674.643}]
[{"Plan": {"Node Type": "Aggregate","Strategy": "Sorted","Partial Mode": "Finalize","Parallel Aware": false,"Async Capable": false,"Startup Cost": 183884.66,"Total Cost": 183888.48,"Plan Rows": 6,"Plan Width": 236,"Actual Startup Time": 1631.962,"Actual Total Time": 1665.356,"Actual Rows": 4,"Actual Loops": 1,"Group Key": ["l_returnflag", "l_linestatus"],"Plans": [{"Node Type": "Gather Merge","Parent Relationship": "Outer","Parallel Aware": false,"Async Capable": false,"Startup Cost": 183884.66,"Total Cost": 183887.53,"Plan Rows": 24,"Plan Width": 236,"Actual Startup Time": 1631.843,"Actual Total Time": 1665.213,"Actual Rows": 20,"Actual Loops": 1,"Workers Planned": 4,"Workers Launched": 4,"Plans": [{"Node Type": "Sort","Parent Relationship": "Outer","Parallel Aware": false,"Async Capable": false,"Startup Cost": 182884.60,"Total Cost": 182884.61,"Plan Rows": 6,"Plan Width": 236,"Actual Startup Time": 1623.716,"Actual Total Time": 1623.721,"Actual Rows": 4,"Actual Loops": 5,"Sort Key": ["l_returnflag", "l_linestatus"],"Sort Method": "quicksort","Sort Space Used": 27,"Sort Space Type": "Memory","Workers": [{"Worker Number": 0,"Sort Method": "quicksort","Sort Space Used": 27,"Sort Space Type": "Memory"},{"Worker Number": 1,"Sort Method": "quicksort","Sort Space Used": 27,"Sort Space Type": "Memory"},{"Worker Number": 2,"Sort Method": "quicksort","Sort Space Used": 27,"Sort Space Type": "Memory"},{"Worker Number": 3,"Sort Method": "quicksort","Sort Space Used": 27,"Sort Space Type": "Memory"}],"Plans": [{"Node Type": "Aggregate","Strategy": "Hashed","Partial Mode": "Partial","Parent Relationship": "Outer","Parallel Aware": false,"Async Capable": false,"Startup Cost": 182884.39,"Total Cost": 182884.52,"Plan Rows": 6,"Plan Width": 236,"Actual Startup Time": 1623.619,"Actual Total Time": 1623.628,"Actual Rows": 4,"Actual Loops": 5,"Group Key": ["l_returnflag", "l_linestatus"],"Planned Partitions": 0,"HashAgg Batches": 1,"Peak Memory Usage": 32,"Disk Usage": 0,"Workers": [{"Worker Number": 0,"HashAgg Batches": 1,"Peak Memory Usage": 32,"Disk Usage": 0},{"Worker Number": 1,"HashAgg Batches": 1,"Peak Memory Usage": 32,"Disk Usage": 0},{"Worker Number": 2,"HashAgg Batches": 1,"Peak Memory Usage": 32,"Disk Usage": 0},{"Worker Number": 3,"HashAgg Batches": 1,"Peak Memory Usage": 32,"Disk Usage": 0}],"Plans": [{"Node Type": "Seq Scan","Parent Relationship": "Outer","Parallel Aware": true,"Async Capable": false,"Relation Name": "lineitem","Alias": "lineitem","Startup Cost": 0.00,"Total Cost": 131256.80,"Plan Rows": 1475074,"Plan Width": 25,"Actual Startup Time": 0.042,"Actual Total Time": 607.290,"Actual Rows": 1180578,"Actual Loops": 5,"Filter": "(l_shipdate <= '1998-08-26 00:00:00'::timestamp without time zone)","Rows Removed by Filter": 19665,"Workers": []}]}]}]}]},"Planning Time": 3.049,"Triggers": [],"Execution Time": 1665.821}]
[{"Plan": {"Node Type": "Aggregate","Strategy": "Sorted","Partial Mode": "Finalize","Parallel Aware": false,"Async Capable": false,"Startup Cost": 183838.98,"Total Cost": 183842.80,"Plan Rows": 6,"Plan Width": 236,"Actual Startup Time": 1639.650,"Actual Total Time": 1673.848,"Actual Rows": 4,"Actual Loops": 1,"Group Key": ["l_returnflag", "l_linestatus"],"Plans": [{"Node Type": "Gather Merge","Parent Relationship": "Outer","Parallel Aware": false,"Async Capable": false,"Startup Cost": 183838.98,"Total Cost": 183841.86,"Plan Rows": 24,"Plan Width": 236,"Actual Startup Time": 1639.575,"Actual Total Time": 1673.737,"Actual Rows": 20,"Actual Loops": 1,"Workers Planned": 4,"Workers Launched": 4,"Plans": [{"Node Type": "Sort","Parent Relationship": "Outer","Parallel Aware": false,"Async Capable": false,"Startup Cost": 182838.92,"Total Cost": 182838.94,"Plan Rows": 6,"Plan Width": 236,"Actual Startup Time": 1631.806,"Actual Total Time": 1631.813,"Actual Rows": 4,"Actual Loops": 5,"Sort Key": ["l_returnflag", "l_linestatus"],"Sort Method": "quicksort","Sort Space Used": 27,"Sort Space Type": "Memory","Workers": [{"Worker Number": 0,"Sort Method": "quicksort","Sort Space Used": 27,"Sort Space Type": "Memory"},{"Worker Number": 1,"Sort Method": "quicksort","Sort Space Used": 27,"Sort Space Type": "Memory"},{"Worker Number": 2,"Sort Method": "quicksort","Sort Space Used": 27,"Sort Space Type": "Memory"},{"Worker Number": 3,"Sort Method": "quicksort","Sort Space Used": 27,"Sort Space Type": "Memory"}],"Plans": [{"Node Type": "Aggregate","Strategy": "Hashed","Partial Mode": "Partial","Parent Relationship": "Outer","Parallel Aware": false,"Async Capable": false,"Startup Cost": 182838.71,"Total Cost": 182838.85,"Plan Rows": 6,"Plan Width": 236,"Actual Startup Time": 1631.677,"Actual Total Time": 1631.690,"Actual Rows": 4,"Actual Loops": 5,"Group Key": ["l_returnflag", "l_linestatus"],"Planned Partitions": 0,"HashAgg Batches": 1,"Peak Memory Usage": 32,"Disk Usage": 0,"Workers": [{"Worker Number": 0,"HashAgg Batches": 1,"Peak Memory Usage": 32,"Disk Usage": 0},{"Worker Number": 1,"HashAgg Batches": 1,"Peak Memory Usage": 32,"Disk Usage": 0},{"Worker Number": 2,"HashAgg Batches": 1,"Peak Memory Usage": 32,"Disk Usage": 0},{"Worker Number": 3,"HashAgg Batches": 1,"Peak Memory Usage": 32,"Disk Usage": 0}],"Plans": [{"Node Type": "Seq Scan","Parent Relationship": "Outer","Parallel Aware": true,"Async Capable": false,"Relation Name": "lineitem","Alias": "lineitem","Startup Cost": 0.00,"Total Cost": 131256.80,"Plan Rows": 1473769,"Plan Width": 25,"Actual Startup Time": 0.045,"Actual Total Time": 617.011,"Actual Rows": 1179363,"Actual Loops": 5,"Filter": "(l_shipdate <= '1998-08-23 00:00:00'::timestamp without time zone)","Rows Removed by Filter": 20880,"Workers": []}]}]}]}]},"Planning Time": 3.143,"Triggers": [],"Execution Time": 1674.117}]
[{"Plan": {"Node Type": "Aggregate","Strategy": "Sorted","Partial Mode": "Finalize","Parallel Aware": false,"Async Capable": false,"Startup Cost": 184264.23,"Total Cost": 184268.05,"Plan Rows": 6,"Plan Width": 236,"Actual Startup Time": 1657.258,"Actual Total Time": 1692.760,"Actual Rows": 4,"Actual Loops": 1,"Group Key": ["l_returnflag", "l_linestatus"],"Plans": [{"Node Type": "Gather Merge","Parent Relationship": "Outer","Parallel Aware": false,"Async Capable": false,"Startup Cost": 184264.23,"Total Cost": 184267.11,"Plan Rows": 24,"Plan Width": 236,"Actual Startup Time": 1657.140,"Actual Total Time": 1692.614,"Actual Rows": 20,"Actual Loops": 1,"Workers Planned": 4,"Workers Launched": 4,"Plans": [{"Node Type": "Sort","Parent Relationship": "Outer","Parallel Aware": false,"Async Capable": false,"Startup Cost": 183264.17,"Total Cost": 183264.19,"Plan Rows": 6,"Plan Width": 236,"Actual Startup Time": 1648.829,"Actual Total Time": 1648.834,"Actual Rows": 4,"Actual Loops": 5,"Sort Key": ["l_returnflag", "l_linestatus"],"Sort Method": "quicksort","Sort Space Used": 27,"Sort Space Type": "Memory","Workers": [{"Worker Number": 0,"Sort Method": "quicksort","Sort Space Used": 27,"Sort Space Type": "Memory"},{"Worker Number": 1,"Sort Method": "quicksort","Sort Space Used": 27,"Sort Space Type": "Memory"},{"Worker Number": 2,"Sort Method": "quicksort","Sort Space Used": 27,"Sort Space Type": "Memory"},{"Worker Number": 3,"Sort Method": "quicksort","Sort Space Used": 27,"Sort Space Type": "Memory"}],"Plans": [{"Node Type": "Aggregate","Strategy": "Hashed","Partial Mode": "Partial","Parent Relationship": "Outer","Parallel Aware": false,"Async Capable": false,"Startup Cost": 183263.96,"Total Cost": 183264.10,"Plan Rows": 6,"Plan Width": 236,"Actual Startup Time": 1648.736,"Actual Total Time": 1648.744,"Actual Rows": 4,"Actual Loops": 5,"Group Key": ["l_returnflag", "l_linestatus"],"Planned Partitions": 0,"HashAgg Batches": 1,"Peak Memory Usage": 32,"Disk Usage": 0,"Workers": [{"Worker Number": 0,"HashAgg Batches": 1,"Peak Memory Usage": 32,"Disk Usage": 0},{"Worker Number": 1,"HashAgg Batches": 1,"Peak Memory Usage": 32,"Disk Usage": 0},{"Worker Number": 2,"HashAgg Batches": 1,"Peak Memory Usage": 32,"Disk Usage": 0},{"Worker Number": 3,"HashAgg Batches": 1,"Peak Memory Usage": 32,"Disk Usage": 0}],"Plans": [{"Node Type": "Seq Scan","Parent Relationship": "Outer","Parallel Aware": true,"Async Capable": false,"Relation Name": "lineitem","Alias": "lineitem","Startup Cost": 0.00,"Total Cost": 131256.80,"Plan Rows": 1485919,"Plan Width": 25,"Actual Startup Time": 0.042,"Actual Total Time": 617.894,"Actual Rows": 1189684,"Actual Loops": 5,"Filter": "(l_shipdate <= '1998-09-21 00:00:00'::timestamp without time zone)","Rows Removed by Filter": 10559,"Workers": []}]}]}]}]},"Planning Time": 3.474,"Triggers": [],"Execution Time": 1693.201}]
[{"Plan": {"Node Type": "Aggregate","Strategy": "Sorted","Partial Mode": "Finalize","Parallel Aware": false,"Async Capable": false,"Startup Cost": 184143.48,"Total Cost": 184147.30,"Plan Rows": 6,"Plan Width": 236,"Actual Startup Time": 1626.444,"Actual Total Time": 1660.907,"Actual Rows": 4,"Actual Loops": 1,"Group Key": ["l_returnflag", "l_linestatus"],"Plans": [{"Node Type": "Gather Merge","Parent Relationship": "Outer","Parallel Aware": false,"Async Capable": false,"Startup Cost": 184143.48,"Total Cost": 184146.36,"Plan Rows": 24,"Plan Width": 236,"Actual Startup Time": 1626.358,"Actual Total Time": 1660.800,"Actual Rows": 20,"Actual Loops": 1,"Workers Planned": 4,"Workers Launched": 4,"Plans": [{"Node Type": "Sort","Parent Relationship": "Outer","Parallel Aware": false,"Async Capable": false,"Startup Cost": 183143.42,"Total Cost": 183143.44,"Plan Rows": 6,"Plan Width": 236,"Actual Startup Time": 1618.434,"Actual Total Time": 1618.440,"Actual Rows": 4,"Actual Loops": 5,"Sort Key": ["l_returnflag", "l_linestatus"],"Sort Method": "quicksort","Sort Space Used": 27,"Sort Space Type": "Memory","Workers": [{"Worker Number": 0,"Sort Method": "quicksort","Sort Space Used": 27,"Sort Space Type": "Memory"},{"Worker Number": 1,"Sort Method": "quicksort","Sort Space Used": 27,"Sort Space Type": "Memory"},{"Worker Number": 2,"Sort Method": "quicksort","Sort Space Used": 27,"Sort Space Type": "Memory"},{"Worker Number": 3,"Sort Method": "quicksort","Sort Space Used": 27,"Sort Space Type": "Memory"}],"Plans": [{"Node Type": "Aggregate","Strategy": "Hashed","Partial Mode": "Partial","Parent Relationship": "Outer","Parallel Aware": false,"Async Capable": false,"Startup Cost": 183143.21,"Total Cost": 183143.35,"Plan Rows": 6,"Plan Width": 236,"Actual Startup Time": 1618.337,"Actual Total Time": 1618.346,"Actual Rows": 4,"Actual Loops": 5,"Group Key": ["l_returnflag", "l_linestatus"],"Planned Partitions": 0,"HashAgg Batches": 1,"Peak Memory Usage": 32,"Disk Usage": 0,"Workers": [{"Worker Number": 0,"HashAgg Batches": 1,"Peak Memory Usage": 32,"Disk Usage": 0},{"Worker Number": 1,"HashAgg Batches": 1,"Peak Memory Usage": 32,"Disk Usage": 0},{"Worker Number": 2,"HashAgg Batches": 1,"Peak Memory Usage": 32,"Disk Usage": 0},{"Worker Number": 3,"HashAgg Batches": 1,"Peak Memory Usage": 32,"Disk Usage": 0}],"Plans": [{"Node Type": "Seq Scan","Parent Relationship": "Outer","Parallel Aware": true,"Async Capable": false,"Relation Name": "lineitem","Alias": "lineitem","Startup Cost": 0.00,"Total Cost": 131256.80,"Plan Rows": 1482469,"Plan Width": 25,"Actual Startup Time": 0.037,"Actual Total Time": 601.337,"Actual Rows": 1186872,"Actual Loops": 5,"Filter": "(l_shipdate <= '1998-09-12 00:00:00'::timestamp without time zone)","Rows Removed by Filter": 13371,"Workers": []}]}]}]}]},"Planning Time": 3.114,"Triggers": [],"Execution Time": 1661.349}]
[{"Plan": {"Node Type": "Aggregate","Strategy": "Sorted","Partial Mode": "Finalize","Parallel Aware": false,"Async Capable": false,"Startup Cost": 183854.21,"Total Cost": 183858.03,"Plan Rows": 6,"Plan Width": 236,"Actual Startup Time": 1621.142,"Actual Total Time": 1653.452,"Actual Rows": 4,"Actual Loops": 1,"Group Key": ["l_returnflag", "l_linestatus"],"Plans": [{"Node Type": "Gather Merge","Parent Relationship": "Outer","Parallel Aware": false,"Async Capable": false,"Startup Cost": 183854.21,"Total Cost": 183857.08,"Plan Rows": 24,"Plan Width": 236,"Actual Startup Time": 1621.057,"Actual Total Time": 1653.343,"Actual Rows": 20,"Actual Loops": 1,"Workers Planned": 4,"Workers Launched": 4,"Plans": [{"Node Type": "Sort","Parent Relationship": "Outer","Parallel Aware": false,"Async Capable": false,"Startup Cost": 182854.15,"Total Cost": 182854.16,"Plan Rows": 6,"Plan Width": 236,"Actual Startup Time": 1613.630,"Actual Total Time": 1613.634,"Actual Rows": 4,"Actual Loops": 5,"Sort Key": ["l_returnflag", "l_linestatus"],"Sort Method": "quicksort","Sort Space Used": 27,"Sort Space Type": "Memory","Workers": [{"Worker Number": 0,"Sort Method": "quicksort","Sort Space Used": 27,"Sort Space Type": "Memory"},{"Worker Number": 1,"Sort Method": "quicksort","Sort Space Used": 27,"Sort Space Type": "Memory"},{"Worker Number": 2,"Sort Method": "quicksort","Sort Space Used": 27,"Sort Space Type": "Memory"},{"Worker Number": 3,"Sort Method": "quicksort","Sort Space Used": 27,"Sort Space Type": "Memory"}],"Plans": [{"Node Type": "Aggregate","Strategy": "Hashed","Partial Mode": "Partial","Parent Relationship": "Outer","Parallel Aware": false,"Async Capable": false,"Startup Cost": 182853.94,"Total Cost": 182854.07,"Plan Rows": 6,"Plan Width": 236,"Actual Startup Time": 1613.488,"Actual Total Time": 1613.497,"Actual Rows": 4,"Actual Loops": 5,"Group Key": ["l_returnflag", "l_linestatus"],"Planned Partitions": 0,"HashAgg Batches": 1,"Peak Memory Usage": 32,"Disk Usage": 0,"Workers": [{"Worker Number": 0,"HashAgg Batches": 1,"Peak Memory Usage": 32,"Disk Usage": 0},{"Worker Number": 1,"HashAgg Batches": 1,"Peak Memory Usage": 32,"Disk Usage": 0},{"Worker Number": 2,"HashAgg Batches": 1,"Peak Memory Usage": 32,"Disk Usage": 0},{"Worker Number": 3,"HashAgg Batches": 1,"Peak Memory Usage": 32,"Disk Usage": 0}],"Plans": [{"Node Type": "Seq Scan","Parent Relationship": "Outer","Parallel Aware": true,"Async Capable": false,"Relation Name": "lineitem","Alias": "lineitem","Startup Cost": 0.00,"Total Cost": 131256.80,"Plan Rows": 1474204,"Plan Width": 25,"Actual Startup Time": 0.040,"Actual Total Time": 601.833,"Actual Rows": 1179767,"Actual Loops": 5,"Filter": "(l_shipdate <= '1998-08-24 00:00:00'::timestamp without time zone)","Rows Removed by Filter": 20476,"Workers": []}]}]}]}]},"Planning Time": 2.415,"Triggers": [],"Execution Time": 1653.758}]
[{"Plan": {"Node Type": "Aggregate","Strategy": "Sorted","Partial Mode": "Finalize","Parallel Aware": false,"Async Capable": false,"Startup Cost": 184285.51,"Total Cost": 184289.33,"Plan Rows": 6,"Plan Width": 236,"Actual Startup Time": 1650.578,"Actual Total Time": 1683.926,"Actual Rows": 4,"Actual Loops": 1,"Group Key": ["l_returnflag", "l_linestatus"],"Plans": [{"Node Type": "Gather Merge","Parent Relationship": "Outer","Parallel Aware": false,"Async Capable": false,"Startup Cost": 184285.51,"Total Cost": 184288.39,"Plan Rows": 24,"Plan Width": 236,"Actual Startup Time": 1650.484,"Actual Total Time": 1683.804,"Actual Rows": 20,"Actual Loops": 1,"Workers Planned": 4,"Workers Launched": 4,"Plans": [{"Node Type": "Sort","Parent Relationship": "Outer","Parallel Aware": false,"Async Capable": false,"Startup Cost": 183285.45,"Total Cost": 183285.47,"Plan Rows": 6,"Plan Width": 236,"Actual Startup Time": 1642.333,"Actual Total Time": 1642.336,"Actual Rows": 4,"Actual Loops": 5,"Sort Key": ["l_returnflag", "l_linestatus"],"Sort Method": "quicksort","Sort Space Used": 27,"Sort Space Type": "Memory","Workers": [{"Worker Number": 0,"Sort Method": "quicksort","Sort Space Used": 27,"Sort Space Type": "Memory"},{"Worker Number": 1,"Sort Method": "quicksort","Sort Space Used": 27,"Sort Space Type": "Memory"},{"Worker Number": 2,"Sort Method": "quicksort","Sort Space Used": 27,"Sort Space Type": "Memory"},{"Worker Number": 3,"Sort Method": "quicksort","Sort Space Used": 27,"Sort Space Type": "Memory"}],"Plans": [{"Node Type": "Aggregate","Strategy": "Hashed","Partial Mode": "Partial","Parent Relationship": "Outer","Parallel Aware": false,"Async Capable": false,"Startup Cost": 183285.24,"Total Cost": 183285.38,"Plan Rows": 6,"Plan Width": 236,"Actual Startup Time": 1642.233,"Actual Total Time": 1642.241,"Actual Rows": 4,"Actual Loops": 5,"Group Key": ["l_returnflag", "l_linestatus"],"Planned Partitions": 0,"HashAgg Batches": 1,"Peak Memory Usage": 32,"Disk Usage": 0,"Workers": [{"Worker Number": 0,"HashAgg Batches": 1,"Peak Memory Usage": 32,"Disk Usage": 0},{"Worker Number": 1,"HashAgg Batches": 1,"Peak Memory Usage": 32,"Disk Usage": 0},{"Worker Number": 2,"HashAgg Batches": 1,"Peak Memory Usage": 32,"Disk Usage": 0},{"Worker Number": 3,"HashAgg Batches": 1,"Peak Memory Usage": 32,"Disk Usage": 0}],"Plans": [{"Node Type": "Seq Scan","Parent Relationship": "Outer","Parallel Aware": true,"Async Capable": false,"Relation Name": "lineitem","Alias": "lineitem","Startup Cost": 0.00,"Total Cost": 131256.80,"Plan Rows": 1486527,"Plan Width": 25,"Actual Startup Time": 0.042,"Actual Total Time": 620.025,"Actual Rows": 1190555,"Actual Loops": 5,"Filter": "(l_shipdate <= '1998-09-24 00:00:00'::timestamp without time zone)","Rows Removed by Filter": 9688,"Workers": []}]}]}]}]},"Planning Time": 3.559,"Triggers": [],"Execution Time": 1684.379}]
[{"Plan": {"Node Type": "Aggregate","Strategy": "Sorted","Partial Mode": "Finalize","Parallel Aware": false,"Async Capable": false,"Startup Cost": 183473.58,"Total Cost": 183477.40,"Plan Rows": 6,"Plan Width": 236,"Actual Startup Time": 1609.307,"Actual Total Time": 1642.760,"Actual Rows": 4,"Actual Loops": 1,"Group Key": ["l_returnflag", "l_linestatus"],"Plans": [{"Node Type": "Gather Merge","Parent Relationship": "Outer","Parallel Aware": false,"Async Capable": false,"Startup Cost": 183473.58,"Total Cost": 183476.46,"Plan Rows": 24,"Plan Width": 236,"Actual Startup Time": 1609.212,"Actual Total Time": 1642.638,"Actual Rows": 20,"Actual Loops": 1,"Workers Planned": 4,"Workers Launched": 4,"Plans": [{"Node Type": "Sort","Parent Relationship": "Outer","Parallel Aware": false,"Async Capable": false,"Startup Cost": 182473.52,"Total Cost": 182473.54,"Plan Rows": 6,"Plan Width": 236,"Actual Startup Time": 1601.377,"Actual Total Time": 1601.382,"Actual Rows": 4,"Actual Loops": 5,"Sort Key": ["l_returnflag", "l_linestatus"],"Sort Method": "quicksort","Sort Space Used": 27,"Sort Space Type": "Memory","Workers": [{"Worker Number": 0,"Sort Method": "quicksort","Sort Space Used": 27,"Sort Space Type": "Memory"},{"Worker Number": 1,"Sort Method": "quicksort","Sort Space Used": 27,"Sort Space Type": "Memory"},{"Worker Number": 2,"Sort Method": "quicksort","Sort Space Used": 27,"Sort Space Type": "Memory"},{"Worker Number": 3,"Sort Method": "quicksort","Sort Space Used": 27,"Sort Space Type": "Memory"}],"Plans": [{"Node Type": "Aggregate","Strategy": "Hashed","Partial Mode": "Partial","Parent Relationship": "Outer","Parallel Aware": false,"Async Capable": false,"Startup Cost": 182473.31,"Total Cost": 182473.45,"Plan Rows": 6,"Plan Width": 236,"Actual Startup Time": 1601.162,"Actual Total Time": 1601.170,"Actual Rows": 4,"Actual Loops": 5,"Group Key": ["l_returnflag", "l_linestatus"],"Planned Partitions": 0,"HashAgg Batches": 1,"Peak Memory Usage": 32,"Disk Usage": 0,"Workers": [{"Worker Number": 0,"HashAgg Batches": 1,"Peak Memory Usage": 32,"Disk Usage": 0},{"Worker Number": 1,"HashAgg Batches": 1,"Peak Memory Usage": 32,"Disk Usage": 0},{"Worker Number": 2,"HashAgg Batches": 1,"Peak Memory Usage": 32,"Disk Usage": 0},{"Worker Number": 3,"HashAgg Batches": 1,"Peak Memory Usage": 32,"Disk Usage": 0}],"Plans": [{"Node Type": "Seq Scan","Parent Relationship": "Outer","Parallel Aware": true,"Async Capable": false,"Relation Name": "lineitem","Alias": "lineitem","Startup Cost": 0.00,"Total Cost": 131256.80,"Plan Rows": 1463329,"Plan Width": 25,"Actual Startup Time": 0.041,"Actual Total Time": 597.161,"Actual Rows": 1170174,"Actual Loops": 5,"Filter": "(l_shipdate <= '1998-08-03 00:00:00'::timestamp without time zone)","Rows Removed by Filter": 30069,"Workers": []}]}]}]}]},"Planning Time": 2.665,"Triggers": [],"Execution Time": 1643.121}]
[{"Plan": {"Node Type": "Aggregate","Strategy": "Sorted","Partial Mode": "Finalize","Parallel Aware": false,"Async Capable": false,"Startup Cost": 183899.88,"Total Cost": 183903.70,"Plan Rows": 6,"Plan Width": 236,"Actual Startup Time": 1631.667,"Actual Total Time": 1664.196,"Actual Rows": 4,"Actual Loops": 1,"Group Key": ["l_returnflag", "l_linestatus"],"Plans": [{"Node Type": "Gather Merge","Parent Relationship": "Outer","Parallel Aware": false,"Async Capable": false,"Startup Cost": 183899.88,"Total Cost": 183902.76,"Plan Rows": 24,"Plan Width": 236,"Actual Startup Time": 1631.585,"Actual Total Time": 1664.073,"Actual Rows": 20,"Actual Loops": 1,"Workers Planned": 4,"Workers Launched": 4,"Plans": [{"Node Type": "Sort","Parent Relationship": "Outer","Parallel Aware": false,"Async Capable": false,"Startup Cost": 182899.82,"Total Cost": 182899.84,"Plan Rows": 6,"Plan Width": 236,"Actual Startup Time": 1623.935,"Actual Total Time": 1623.946,"Actual Rows": 4,"Actual Loops": 5,"Sort Key": ["l_returnflag", "l_linestatus"],"Sort Method": "quicksort","Sort Space Used": 27,"Sort Space Type": "Memory","Workers": [{"Worker Number": 0,"Sort Method": "quicksort","Sort Space Used": 27,"Sort Space Type": "Memory"},{"Worker Number": 1,"Sort Method": "quicksort","Sort Space Used": 27,"Sort Space Type": "Memory"},{"Worker Number": 2,"Sort Method": "quicksort","Sort Space Used": 27,"Sort Space Type": "Memory"},{"Worker Number": 3,"Sort Method": "quicksort","Sort Space Used": 27,"Sort Space Type": "Memory"}],"Plans": [{"Node Type": "Aggregate","Strategy": "Hashed","Partial Mode": "Partial","Parent Relationship": "Outer","Parallel Aware": false,"Async Capable": false,"Startup Cost": 182899.61,"Total Cost": 182899.75,"Plan Rows": 6,"Plan Width": 236,"Actual Startup Time": 1623.729,"Actual Total Time": 1623.744,"Actual Rows": 4,"Actual Loops": 5,"Group Key": ["l_returnflag", "l_linestatus"],"Planned Partitions": 0,"HashAgg Batches": 1,"Peak Memory Usage": 32,"Disk Usage": 0,"Workers": [{"Worker Number": 0,"HashAgg Batches": 1,"Peak Memory Usage": 32,"Disk Usage": 0},{"Worker Number": 1,"HashAgg Batches": 1,"Peak Memory Usage": 32,"Disk Usage": 0},{"Worker Number": 2,"HashAgg Batches": 1,"Peak Memory Usage": 32,"Disk Usage": 0},{"Worker Number": 3,"HashAgg Batches": 1,"Peak Memory Usage": 32,"Disk Usage": 0}],"Plans": [{"Node Type": "Seq Scan","Parent Relationship": "Outer","Parallel Aware": true,"Async Capable": false,"Relation Name": "lineitem","Alias": "lineitem","Startup Cost": 0.00,"Total Cost": 131256.80,"Plan Rows": 1475509,"Plan Width": 25,"Actual Startup Time": 0.043,"Actual Total Time": 609.151,"Actual Rows": 1181003,"Actual Loops": 5,"Filter": "(l_shipdate <= '1998-08-27 00:00:00'::timestamp without time zone)","Rows Removed by Filter": 19240,"Workers": []}]}]}]}]},"Planning Time": 2.796,"Triggers": [],"Execution Time": 1664.547}]
[{"Plan": {"Node Type": "Aggregate","Strategy": "Sorted","Partial Mode": "Finalize","Parallel Aware": false,"Async Capable": false,"Startup Cost": 184299.69,"Total Cost": 184303.51,"Plan Rows": 6,"Plan Width": 236,"Actual Startup Time": 1646.398,"Actual Total Time": 1680.381,"Actual Rows": 4,"Actual Loops": 1,"Group Key": ["l_returnflag", "l_linestatus"],"Plans": [{"Node Type": "Gather Merge","Parent Relationship": "Outer","Parallel Aware": false,"Async Capable": false,"Startup Cost": 184299.69,"Total Cost": 184302.56,"Plan Rows": 24,"Plan Width": 236,"Actual Startup Time": 1646.328,"Actual Total Time": 1680.272,"Actual Rows": 20,"Actual Loops": 1,"Workers Planned": 4,"Workers Launched": 4,"Plans": [{"Node Type": "Sort","Parent Relationship": "Outer","Parallel Aware": false,"Async Capable": false,"Startup Cost": 183299.63,"Total Cost": 183299.64,"Plan Rows": 6,"Plan Width": 236,"Actual Startup Time": 1638.706,"Actual Total Time": 1638.709,"Actual Rows": 4,"Actual Loops": 5,"Sort Key": ["l_returnflag", "l_linestatus"],"Sort Method": "quicksort","Sort Space Used": 27,"Sort Space Type": "Memory","Workers": [{"Worker Number": 0,"Sort Method": "quicksort","Sort Space Used": 27,"Sort Space Type": "Memory"},{"Worker Number": 1,"Sort Method": "quicksort","Sort Space Used": 27,"Sort Space Type": "Memory"},{"Worker Number": 2,"Sort Method": "quicksort","Sort Space Used": 27,"Sort Space Type": "Memory"},{"Worker Number": 3,"Sort Method": "quicksort","Sort Space Used": 27,"Sort Space Type": "Memory"}],"Plans": [{"Node Type": "Aggregate","Strategy": "Hashed","Partial Mode": "Partial","Parent Relationship": "Outer","Parallel Aware": false,"Async Capable": false,"Startup Cost": 183299.42,"Total Cost": 183299.55,"Plan Rows": 6,"Plan Width": 236,"Actual Startup Time": 1638.541,"Actual Total Time": 1638.549,"Actual Rows": 4,"Actual Loops": 5,"Group Key": ["l_returnflag", "l_linestatus"],"Planned Partitions": 0,"HashAgg Batches": 1,"Peak Memory Usage": 32,"Disk Usage": 0,"Workers": [{"Worker Number": 0,"HashAgg Batches": 1,"Peak Memory Usage": 32,"Disk Usage": 0},{"Worker Number": 1,"HashAgg Batches": 1,"Peak Memory Usage": 32,"Disk Usage": 0},{"Worker Number": 2,"HashAgg Batches": 1,"Peak Memory Usage": 32,"Disk Usage": 0},{"Worker Number": 3,"HashAgg Batches": 1,"Peak Memory Usage": 32,"Disk Usage": 0}],"Plans": [{"Node Type": "Seq Scan","Parent Relationship": "Outer","Parallel Aware": true,"Async Capable": false,"Relation Name": "lineitem","Alias": "lineitem","Startup Cost": 0.00,"Total Cost": 131256.80,"Plan Rows": 1486932,"Plan Width": 25,"Actual Startup Time": 0.035,"Actual Total Time": 615.515,"Actual Rows": 1191104,"Actual Loops": 5,"Filter": "(l_shipdate <= '1998-09-26 00:00:00'::timestamp without time zone)","Rows Removed by Filter": 9139,"Workers": []}]}]}]}]},"Planning Time": 3.172,"Triggers": [],"Execution Time": 1680.799}]
[{"Plan": {"Node Type": "Aggregate","Strategy": "Sorted","Partial Mode": "Finalize","Parallel Aware": false,"Async Capable": false,"Startup Cost": 184285.51,"Total Cost": 184289.33,"Plan Rows": 6,"Plan Width": 236,"Actual Startup Time": 1650.578,"Actual Total Time": 1683.926,"Actual Rows": 4,"Actual Loops": 1,"Group Key": ["l_returnflag", "l_linestatus"],"Plans": [{"Node Type": "Gather Merge","Parent Relationship": "Outer","Parallel Aware": false,"Async Capable": false,"Startup Cost": 184285.51,"Total Cost": 184288.39,"Plan Rows": 24,"Plan Width": 236,"Actual Startup Time": 1650.484,"Actual Total Time": 1683.804,"Actual Rows": 20,"Actual Loops": 1,"Workers Planned": 4,"Workers Launched": 4,"Plans": [{"Node Type": "Sort","Parent Relationship": "Outer","Parallel Aware": false,"Async Capable": false,"Startup Cost": 183285.45,"Total Cost": 183285.47,"Plan Rows": 6,"Plan Width": 236,"Actual Startup Time": 1642.333,"Actual Total Time": 1642.336,"Actual Rows": 4,"Actual Loops": 5,"Sort Key": ["l_returnflag", "l_linestatus"],"Sort Method": "quicksort","Sort Space Used": 27,"Sort Space Type": "Memory","Workers": [{"Worker Number": 0,"Sort Method": "quicksort","Sort Space Used": 27,"Sort Space Type": "Memory"},{"Worker Number": 1,"Sort Method": "quicksort","Sort Space Used": 27,"Sort Space Type": "Memory"},{"Worker Number": 2,"Sort Method": "quicksort","Sort Space Used": 27,"Sort Space Type": "Memory"},{"Worker Number": 3,"Sort Method": "quicksort","Sort Space Used": 27,"Sort Space Type": "Memory"}],"Plans": [{"Node Type": "Aggregate","Strategy": "Hashed","Partial Mode": "Partial","Parent Relationship": "Outer","Parallel Aware": false,"Async Capable": false,"Startup Cost": 183285.24,"Total Cost": 183285.38,"Plan Rows": 6,"Plan Width": 236,"Actual Startup Time": 1642.233,"Actual Total Time": 1642.241,"Actual Rows": 4,"Actual Loops": 5,"Group Key": ["l_returnflag", "l_linestatus"],"Planned Partitions": 0,"HashAgg Batches": 1,"Peak Memory Usage": 32,"Disk Usage": 0,"Workers": [{"Worker Number": 0,"HashAgg Batches": 1,"Peak Memory Usage": 32,"Disk Usage": 0},{"Worker Number": 1,"HashAgg Batches": 1,"Peak Memory Usage": 32,"Disk Usage": 0},{"Worker Number": 2,"HashAgg Batches": 1,"Peak Memory Usage": 32,"Disk Usage": 0},{"Worker Number": 3,"HashAgg Batches": 1,"Peak Memory Usage": 32,"Disk Usage": 0}],"Plans": [{"Node Type": "Seq Scan","Parent Relationship": "Outer","Parallel Aware": true,"Async Capable": false,"Relation Name": "lineitem","Alias": "lineitem","Startup Cost": 0.00,"Total Cost": 131256.80,"Plan Rows": 1486527,"Plan Width": 25,"Actual Startup Time": 0.042,"Actual Total Time": 620.025,"Actual Rows": 1190555,"Actual Loops": 5,"Filter": "(l_shipdate <= '1998-09-24 00:00:00'::timestamp without time zone)","Rows Removed by Filter": 9688,"Workers": []}]}]}]}]},"Planning Time": 3.559,"Triggers": [],"Execution Time": 1684.379}]
[{"Plan": {"Node Type": "Aggregate","Strategy": "Sorted","Partial Mode": "Finalize","Parallel Aware": false,"Async Capable": false,"Startup Cost": 183823.76,"Total Cost": 183827.58,"Plan Rows": 6,"Plan Width": 236,"Actual Startup Time": 1622.288,"Actual Total Time": 1656.246,"Actual Rows": 4,"Actual Loops": 1,"Group Key": ["l_returnflag", "l_linestatus"],"Plans": [{"Node Type": "Gather Merge","Parent Relationship": "Outer","Parallel Aware": false,"Async Capable": false,"Startup Cost": 183823.76,"Total Cost": 183826.63,"Plan Rows": 24,"Plan Width": 236,"Actual Startup Time": 1622.220,"Actual Total Time": 1656.142,"Actual Rows": 20,"Actual Loops": 1,"Workers Planned": 4,"Workers Launched": 4,"Plans": [{"Node Type": "Sort","Parent Relationship": "Outer","Parallel Aware": false,"Async Capable": false,"Startup Cost": 182823.70,"Total Cost": 182823.71,"Plan Rows": 6,"Plan Width": 236,"Actual Startup Time": 1613.903,"Actual Total Time": 1613.909,"Actual Rows": 4,"Actual Loops": 5,"Sort Key": ["l_returnflag", "l_linestatus"],"Sort Method": "quicksort","Sort Space Used": 27,"Sort Space Type": "Memory","Workers": [{"Worker Number": 0,"Sort Method": "quicksort","Sort Space Used": 27,"Sort Space Type": "Memory"},{"Worker Number": 1,"Sort Method": "quicksort","Sort Space Used": 27,"Sort Space Type": "Memory"},{"Worker Number": 2,"Sort Method": "quicksort","Sort Space Used": 27,"Sort Space Type": "Memory"},{"Worker Number": 3,"Sort Method": "quicksort","Sort Space Used": 27,"Sort Space Type": "Memory"}],"Plans": [{"Node Type": "Aggregate","Strategy": "Hashed","Partial Mode": "Partial","Parent Relationship": "Outer","Parallel Aware": false,"Async Capable": false,"Startup Cost": 182823.49,"Total Cost": 182823.62,"Plan Rows": 6,"Plan Width": 236,"Actual Startup Time": 1613.785,"Actual Total Time": 1613.796,"Actual Rows": 4,"Actual Loops": 5,"Group Key": ["l_returnflag", "l_linestatus"],"Planned Partitions": 0,"HashAgg Batches": 1,"Peak Memory Usage": 32,"Disk Usage": 0,"Workers": [{"Worker Number": 0,"HashAgg Batches": 1,"Peak Memory Usage": 32,"Disk Usage": 0},{"Worker Number": 1,"HashAgg Batches": 1,"Peak Memory Usage": 32,"Disk Usage": 0},{"Worker Number": 2,"HashAgg Batches": 1,"Peak Memory Usage": 32,"Disk Usage": 0},{"Worker Number": 3,"HashAgg Batches": 1,"Peak Memory Usage": 32,"Disk Usage": 0}],"Plans": [{"Node Type": "Seq Scan","Parent Relationship": "Outer","Parallel Aware": true,"Async Capable": false,"Relation Name": "lineitem","Alias": "lineitem","Startup Cost": 0.00,"Total Cost": 131256.80,"Plan Rows": 1473334,"Plan Width": 25,"Actual Startup Time": 0.047,"Actual Total Time": 599.978,"Actual Rows": 1178947,"Actual Loops": 5,"Filter": "(l_shipdate <= '1998-08-22 00:00:00'::timestamp without time zone)","Rows Removed by Filter": 21296,"Workers": []}]}]}]}]},"Planning Time": 2.579,"Triggers": [],"Execution Time": 1656.641}]
[{"Plan": {"Node Type": "Aggregate","Strategy": "Sorted","Partial Mode": "Finalize","Parallel Aware": false,"Async Capable": false,"Startup Cost": 183838.98,"Total Cost": 183842.80,"Plan Rows": 6,"Plan Width": 236,"Actual Startup Time": 1639.650,"Actual Total Time": 1673.848,"Actual Rows": 4,"Actual Loops": 1,"Group Key": ["l_returnflag", "l_linestatus"],"Plans": [{"Node Type": "Gather Merge","Parent Relationship": "Outer","Parallel Aware": false,"Async Capable": false,"Startup Cost": 183838.98,"Total Cost": 183841.86,"Plan Rows": 24,"Plan Width": 236,"Actual Startup Time": 1639.575,"Actual Total Time": 1673.737,"Actual Rows": 20,"Actual Loops": 1,"Workers Planned": 4,"Workers Launched": 4,"Plans": [{"Node Type": "Sort","Parent Relationship": "Outer","Parallel Aware": false,"Async Capable": false,"Startup Cost": 182838.92,"Total Cost": 182838.94,"Plan Rows": 6,"Plan Width": 236,"Actual Startup Time": 1631.806,"Actual Total Time": 1631.813,"Actual Rows": 4,"Actual Loops": 5,"Sort Key": ["l_returnflag", "l_linestatus"],"Sort Method": "quicksort","Sort Space Used": 27,"Sort Space Type": "Memory","Workers": [{"Worker Number": 0,"Sort Method": "quicksort","Sort Space Used": 27,"Sort Space Type": "Memory"},{"Worker Number": 1,"Sort Method": "quicksort","Sort Space Used": 27,"Sort Space Type": "Memory"},{"Worker Number": 2,"Sort Method": "quicksort","Sort Space Used": 27,"Sort Space Type": "Memory"},{"Worker Number": 3,"Sort Method": "quicksort","Sort Space Used": 27,"Sort Space Type": "Memory"}],"Plans": [{"Node Type": "Aggregate","Strategy": "Hashed","Partial Mode": "Partial","Parent Relationship": "Outer","Parallel Aware": false,"Async Capable": false,"Startup Cost": 182838.71,"Total Cost": 182838.85,"Plan Rows": 6,"Plan Width": 236,"Actual Startup Time": 1631.677,"Actual Total Time": 1631.690,"Actual Rows": 4,"Actual Loops": 5,"Group Key": ["l_returnflag", "l_linestatus"],"Planned Partitions": 0,"HashAgg Batches": 1,"Peak Memory Usage": 32,"Disk Usage": 0,"Workers": [{"Worker Number": 0,"HashAgg Batches": 1,"Peak Memory Usage": 32,"Disk Usage": 0},{"Worker Number": 1,"HashAgg Batches": 1,"Peak Memory Usage": 32,"Disk Usage": 0},{"Worker Number": 2,"HashAgg Batches": 1,"Peak Memory Usage": 32,"Disk Usage": 0},{"Worker Number": 3,"HashAgg Batches": 1,"Peak Memory Usage": 32,"Disk Usage": 0}],"Plans": [{"Node Type": "Seq Scan","Parent Relationship": "Outer","Parallel Aware": true,"Async Capable": false,"Relation Name": "lineitem","Alias": "lineitem","Startup Cost": 0.00,"Total Cost": 131256.80,"Plan Rows": 1473769,"Plan Width": 25,"Actual Startup Time": 0.045,"Actual Total Time": 617.011,"Actual Rows": 1179363,"Actual Loops": 5,"Filter": "(l_shipdate <= '1998-08-23 00:00:00'::timestamp without time zone)","Rows Removed by Filter": 20880,"Workers": []}]}]}]}]},"Planning Time": 3.143,"Triggers": [],"Execution Time": 1674.117}]
[{"Plan": {"Node Type": "Aggregate","Strategy": "Sorted","Partial Mode": "Finalize","Parallel Aware": false,"Async Capable": false,"Startup Cost": 184278.41,"Total Cost": 184282.23,"Plan Rows": 6,"Plan Width": 236,"Actual Startup Time": 1657.585,"Actual Total Time": 1690.491,"Actual Rows": 4,"Actual Loops": 1,"Group Key": ["l_returnflag", "l_linestatus"],"Plans": [{"Node Type": "Gather Merge","Parent Relationship": "Outer","Parallel Aware": false,"Async Capable": false,"Startup Cost": 184278.41,"Total Cost": 184281.28,"Plan Rows": 24,"Plan Width": 236,"Actual Startup Time": 1657.498,"Actual Total Time": 1690.371,"Actual Rows": 20,"Actual Loops": 1,"Workers Planned": 4,"Workers Launched": 4,"Plans": [{"Node Type": "Sort","Parent Relationship": "Outer","Parallel Aware": false,"Async Capable": false,"Startup Cost": 183278.35,"Total Cost": 183278.36,"Plan Rows": 6,"Plan Width": 236,"Actual Startup Time": 1649.559,"Actual Total Time": 1649.565,"Actual Rows": 4,"Actual Loops": 5,"Sort Key": ["l_returnflag", "l_linestatus"],"Sort Method": "quicksort","Sort Space Used": 27,"Sort Space Type": "Memory","Workers": [{"Worker Number": 0,"Sort Method": "quicksort","Sort Space Used": 27,"Sort Space Type": "Memory"},{"Worker Number": 1,"Sort Method": "quicksort","Sort Space Used": 27,"Sort Space Type": "Memory"},{"Worker Number": 2,"Sort Method": "quicksort","Sort Space Used": 27,"Sort Space Type": "Memory"},{"Worker Number": 3,"Sort Method": "quicksort","Sort Space Used": 27,"Sort Space Type": "Memory"}],"Plans": [{"Node Type": "Aggregate","Strategy": "Hashed","Partial Mode": "Partial","Parent Relationship": "Outer","Parallel Aware": false,"Async Capable": false,"Startup Cost": 183278.14,"Total Cost": 183278.27,"Plan Rows": 6,"Plan Width": 236,"Actual Startup Time": 1649.443,"Actual Total Time": 1649.453,"Actual Rows": 4,"Actual Loops": 5,"Group Key": ["l_returnflag", "l_linestatus"],"Planned Partitions": 0,"HashAgg Batches": 1,"Peak Memory Usage": 32,"Disk Usage": 0,"Workers": [{"Worker Number": 0,"HashAgg Batches": 1,"Peak Memory Usage": 32,"Disk Usage": 0},{"Worker Number": 1,"HashAgg Batches": 1,"Peak Memory Usage": 32,"Disk Usage": 0},{"Worker Number": 2,"HashAgg Batches": 1,"Peak Memory Usage": 32,"Disk Usage": 0},{"Worker Number": 3,"HashAgg Batches": 1,"Peak Memory Usage": 32,"Disk Usage": 0}],"Plans": [{"Node Type": "Seq Scan","Parent Relationship": "Outer","Parallel Aware": true,"Async Capable": false,"Relation Name": "lineitem","Alias": "lineitem","Startup Cost": 0.00,"Total Cost": 131256.80,"Plan Rows": 1486324,"Plan Width": 25,"Actual Startup Time": 0.045,"Actual Total Time": 616.953,"Actual Rows": 1190268,"Actual Loops": 5,"Filter": "(l_shipdate <= '1998-09-23 00:00:00'::timestamp without time zone)","Rows Removed by Filter": 9975,"Workers": []}]}]}]}]},"Planning Time": 3.178,"Triggers": [],"Execution Time": 1690.759}]
[{"Plan": {"Node Type": "Aggregate","Strategy": "Sorted","Partial Mode": "Finalize","Parallel Aware": false,"Async Capable": false,"Startup Cost": 183473.58,"Total Cost": 183477.40,"Plan Rows": 6,"Plan Width": 236,"Actual Startup Time": 1609.307,"Actual Total Time": 1642.760,"Actual Rows": 4,"Actual Loops": 1,"Group Key": ["l_returnflag", "l_linestatus"],"Plans": [{"Node Type": "Gather Merge","Parent Relationship": "Outer","Parallel Aware": false,"Async Capable": false,"Startup Cost": 183473.58,"Total Cost": 183476.46,"Plan Rows": 24,"Plan Width": 236,"Actual Startup Time": 1609.212,"Actual Total Time": 1642.638,"Actual Rows": 20,"Actual Loops": 1,"Workers Planned": 4,"Workers Launched": 4,"Plans": [{"Node Type": "Sort","Parent Relationship": "Outer","Parallel Aware": false,"Async Capable": false,"Startup Cost": 182473.52,"Total Cost": 182473.54,"Plan Rows": 6,"Plan Width": 236,"Actual Startup Time": 1601.377,"Actual Total Time": 1601.382,"Actual Rows": 4,"Actual Loops": 5,"Sort Key": ["l_returnflag", "l_linestatus"],"Sort Method": "quicksort","Sort Space Used": 27,"Sort Space Type": "Memory","Workers": [{"Worker Number": 0,"Sort Method": "quicksort","Sort Space Used": 27,"Sort Space Type": "Memory"},{"Worker Number": 1,"Sort Method": "quicksort","Sort Space Used": 27,"Sort Space Type": "Memory"},{"Worker Number": 2,"Sort Method": "quicksort","Sort Space Used": 27,"Sort Space Type": "Memory"},{"Worker Number": 3,"Sort Method": "quicksort","Sort Space Used": 27,"Sort Space Type": "Memory"}],"Plans": [{"Node Type": "Aggregate","Strategy": "Hashed","Partial Mode": "Partial","Parent Relationship": "Outer","Parallel Aware": false,"Async Capable": false,"Startup Cost": 182473.31,"Total Cost": 182473.45,"Plan Rows": 6,"Plan Width": 236,"Actual Startup Time": 1601.162,"Actual Total Time": 1601.170,"Actual Rows": 4,"Actual Loops": 5,"Group Key": ["l_returnflag", "l_linestatus"],"Planned Partitions": 0,"HashAgg Batches": 1,"Peak Memory Usage": 32,"Disk Usage": 0,"Workers": [{"Worker Number": 0,"HashAgg Batches": 1,"Peak Memory Usage": 32,"Disk Usage": 0},{"Worker Number": 1,"HashAgg Batches": 1,"Peak Memory Usage": 32,"Disk Usage": 0},{"Worker Number": 2,"HashAgg Batches": 1,"Peak Memory Usage": 32,"Disk Usage": 0},{"Worker Number": 3,"HashAgg Batches": 1,"Peak Memory Usage": 32,"Disk Usage": 0}],"Plans": [{"Node Type": "Seq Scan","Parent Relationship": "Outer","Parallel Aware": true,"Async Capable": false,"Relation Name": "lineitem","Alias": "lineitem","Startup Cost": 0.00,"Total Cost": 131256.80,"Plan Rows": 1463329,"Plan Width": 25,"Actual Startup Time": 0.041,"Actual Total Time": 597.161,"Actual Rows": 1170174,"Actual Loops": 5,"Filter": "(l_shipdate <= '1998-08-03 00:00:00'::timestamp without time zone)","Rows Removed by Filter": 30069,"Workers": []}]}]}]}]},"Planning Time": 2.665,"Triggers": [],"Execution Time": 1643.121}]
[{"Plan": {"Node Type": "Aggregate","Strategy": "Sorted","Partial Mode": "Finalize","Parallel Aware": false,"Async Capable": false,"Startup Cost": 184271.34,"Total Cost": 184275.16,"Plan Rows": 6,"Plan Width": 236,"Actual Startup Time": 1627.489,"Actual Total Time": 1661.299,"Actual Rows": 4,"Actual Loops": 1,"Group Key": ["l_returnflag", "l_linestatus"],"Plans": [{"Node Type": "Gather Merge","Parent Relationship": "Outer","Parallel Aware": false,"Async Capable": false,"Startup Cost": 184271.34,"Total Cost": 184274.21,"Plan Rows": 24,"Plan Width": 236,"Actual Startup Time": 1627.365,"Actual Total Time": 1661.147,"Actual Rows": 20,"Actual Loops": 1,"Workers Planned": 4,"Workers Launched": 4,"Plans": [{"Node Type": "Sort","Parent Relationship": "Outer","Parallel Aware": false,"Async Capable": false,"Startup Cost": 183271.28,"Total Cost": 183271.29,"Plan Rows": 6,"Plan Width": 236,"Actual Startup Time": 1619.927,"Actual Total Time": 1619.931,"Actual Rows": 4,"Actual Loops": 5,"Sort Key": ["l_returnflag", "l_linestatus"],"Sort Method": "quicksort","Sort Space Used": 27,"Sort Space Type": "Memory","Workers": [{"Worker Number": 0,"Sort Method": "quicksort","Sort Space Used": 27,"Sort Space Type": "Memory"},{"Worker Number": 1,"Sort Method": "quicksort","Sort Space Used": 27,"Sort Space Type": "Memory"},{"Worker Number": 2,"Sort Method": "quicksort","Sort Space Used": 27,"Sort Space Type": "Memory"},{"Worker Number": 3,"Sort Method": "quicksort","Sort Space Used": 27,"Sort Space Type": "Memory"}],"Plans": [{"Node Type": "Aggregate","Strategy": "Hashed","Partial Mode": "Partial","Parent Relationship": "Outer","Parallel Aware": false,"Async Capable": false,"Startup Cost": 183271.07,"Total Cost": 183271.20,"Plan Rows": 6,"Plan Width": 236,"Actual Startup Time": 1619.825,"Actual Total Time": 1619.834,"Actual Rows": 4,"Actual Loops": 5,"Group Key": ["l_returnflag", "l_linestatus"],"Planned Partitions": 0,"HashAgg Batches": 1,"Peak Memory Usage": 32,"Disk Usage": 0,"Workers": [{"Worker Number": 0,"HashAgg Batches": 1,"Peak Memory Usage": 32,"Disk Usage": 0},{"Worker Number": 1,"HashAgg Batches": 1,"Peak Memory Usage": 32,"Disk Usage": 0},{"Worker Number": 2,"HashAgg Batches": 1,"Peak Memory Usage": 32,"Disk Usage": 0},{"Worker Number": 3,"HashAgg Batches": 1,"Peak Memory Usage": 32,"Disk Usage": 0}],"Plans": [{"Node Type": "Seq Scan","Parent Relationship": "Outer","Parallel Aware": true,"Async Capable": false,"Relation Name": "lineitem","Alias": "lineitem","Startup Cost": 0.00,"Total Cost": 131256.80,"Plan Rows": 1486122,"Plan Width": 25,"Actual Startup Time": 0.036,"Actual Total Time": 598.919,"Actual Rows": 1189982,"Actual Loops": 5,"Filter": "(l_shipdate <= '1998-09-22 00:00:00'::timestamp without time zone)","Rows Removed by Filter": 10261,"Workers": []}]}]}]}]},"Planning Time": 2.236,"Triggers": [],"Execution Time": 1661.794}]
[{"Plan": {"Node Type": "Aggregate","Strategy": "Sorted","Partial Mode": "Finalize","Parallel Aware": false,"Async Capable": false,"Startup Cost": 184082.58,"Total Cost": 184086.40,"Plan Rows": 6,"Plan Width": 236,"Actual Startup Time": 1638.478,"Actual Total Time": 1674.281,"Actual Rows": 4,"Actual Loops": 1,"Group Key": ["l_returnflag", "l_linestatus"],"Plans": [{"Node Type": "Gather Merge","Parent Relationship": "Outer","Parallel Aware": false,"Async Capable": false,"Startup Cost": 184082.58,"Total Cost": 184085.46,"Plan Rows": 24,"Plan Width": 236,"Actual Startup Time": 1638.346,"Actual Total Time": 1674.153,"Actual Rows": 20,"Actual Loops": 1,"Workers Planned": 4,"Workers Launched": 4,"Plans": [{"Node Type": "Sort","Parent Relationship": "Outer","Parallel Aware": false,"Async Capable": false,"Startup Cost": 183082.52,"Total Cost": 183082.54,"Plan Rows": 6,"Plan Width": 236,"Actual Startup Time": 1630.819,"Actual Total Time": 1630.824,"Actual Rows": 4,"Actual Loops": 5,"Sort Key": ["l_returnflag", "l_linestatus"],"Sort Method": "quicksort","Sort Space Used": 27,"Sort Space Type": "Memory","Workers": [{"Worker Number": 0,"Sort Method": "quicksort","Sort Space Used": 27,"Sort Space Type": "Memory"},{"Worker Number": 1,"Sort Method": "quicksort","Sort Space Used": 27,"Sort Space Type": "Memory"},{"Worker Number": 2,"Sort Method": "quicksort","Sort Space Used": 27,"Sort Space Type": "Memory"},{"Worker Number": 3,"Sort Method": "quicksort","Sort Space Used": 27,"Sort Space Type": "Memory"}],"Plans": [{"Node Type": "Aggregate","Strategy": "Hashed","Partial Mode": "Partial","Parent Relationship": "Outer","Parallel Aware": false,"Async Capable": false,"Startup Cost": 183082.31,"Total Cost": 183082.45,"Plan Rows": 6,"Plan Width": 236,"Actual Startup Time": 1630.721,"Actual Total Time": 1630.730,"Actual Rows": 4,"Actual Loops": 5,"Group Key": ["l_returnflag", "l_linestatus"],"Planned Partitions": 0,"HashAgg Batches": 1,"Peak Memory Usage": 32,"Disk Usage": 0,"Workers": [{"Worker Number": 0,"HashAgg Batches": 1,"Peak Memory Usage": 32,"Disk Usage": 0},{"Worker Number": 1,"HashAgg Batches": 1,"Peak Memory Usage": 32,"Disk Usage": 0},{"Worker Number": 2,"HashAgg Batches": 1,"Peak Memory Usage": 32,"Disk Usage": 0},{"Worker Number": 3,"HashAgg Batches": 1,"Peak Memory Usage": 32,"Disk Usage": 0}],"Plans": [{"Node Type": "Seq Scan","Parent Relationship": "Outer","Parallel Aware": true,"Async Capable": false,"Relation Name": "lineitem","Alias": "lineitem","Startup Cost": 0.00,"Total Cost": 131256.80,"Plan Rows": 1480729,"Plan Width": 25,"Actual Startup Time": 0.040,"Actual Total Time": 612.285,"Actual Rows": 1185489,"Actual Loops": 5,"Filter": "(l_shipdate <= '1998-09-08 00:00:00'::timestamp without time zone)","Rows Removed by Filter": 14754,"Workers": []}]}]}]}]},"Planning Time": 2.744,"Triggers": [],"Execution Time": 1674.643}]
[{"Plan": {"Node Type": "Aggregate","Strategy": "Sorted","Partial Mode": "Finalize","Parallel Aware": false,"Async Capable": false,"Startup Cost": 184299.69,"Total Cost": 184303.51,"Plan Rows": 6,"Plan Width": 236,"Actual Startup Time": 1646.398,"Actual Total Time": 1680.381,"Actual Rows": 4,"Actual Loops": 1,"Group Key": ["l_returnflag", "l_linestatus"],"Plans": [{"Node Type": "Gather Merge","Parent Relationship": "Outer","Parallel Aware": false,"Async Capable": false,"Startup Cost": 184299.69,"Total Cost": 184302.56,"Plan Rows": 24,"Plan Width": 236,"Actual Startup Time": 1646.328,"Actual Total Time": 1680.272,"Actual Rows": 20,"Actual Loops": 1,"Workers Planned": 4,"Workers Launched": 4,"Plans": [{"Node Type": "Sort","Parent Relationship": "Outer","Parallel Aware": false,"Async Capable": false,"Startup Cost": 183299.63,"Total Cost": 183299.64,"Plan Rows": 6,"Plan Width": 236,"Actual Startup Time": 1638.706,"Actual Total Time": 1638.709,"Actual Rows": 4,"Actual Loops": 5,"Sort Key": ["l_returnflag", "l_linestatus"],"Sort Method": "quicksort","Sort Space Used": 27,"Sort Space Type": "Memory","Workers": [{"Worker Number": 0,"Sort Method": "quicksort","Sort Space Used": 27,"Sort Space Type": "Memory"},{"Worker Number": 1,"Sort Method": "quicksort","Sort Space Used": 27,"Sort Space Type": "Memory"},{"Worker Number": 2,"Sort Method": "quicksort","Sort Space Used": 27,"Sort Space Type": "Memory"},{"Worker Number": 3,"Sort Method": "quicksort","Sort Space Used": 27,"Sort Space Type": "Memory"}],"Plans": [{"Node Type": "Aggregate","Strategy": "Hashed","Partial Mode": "Partial","Parent Relationship": "Outer","Parallel Aware": false,"Async Capable": false,"Startup Cost": 183299.42,"Total Cost": 183299.55,"Plan Rows": 6,"Plan Width": 236,"Actual Startup Time": 1638.541,"Actual Total Time": 1638.549,"Actual Rows": 4,"Actual Loops": 5,"Group Key": ["l_returnflag", "l_linestatus"],"Planned Partitions": 0,"HashAgg Batches": 1,"Peak Memory Usage": 32,"Disk Usage": 0,"Workers": [{"Worker Number": 0,"HashAgg Batches": 1,"Peak Memory Usage": 32,"Disk Usage": 0},{"Worker Number": 1,"HashAgg Batches": 1,"Peak Memory Usage": 32,"Disk Usage": 0},{"Worker Number": 2,"HashAgg Batches": 1,"Peak Memory Usage": 32,"Disk Usage": 0},{"Worker Number": 3,"HashAgg Batches": 1,"Peak Memory Usage": 32,"Disk Usage": 0}],"Plans": [{"Node Type": "Seq Scan","Parent Relationship": "Outer","Parallel Aware": true,"Async Capable": false,"Relation Name": "lineitem","Alias": "lineitem","Startup Cost": 0.00,"Total Cost": 131256.80,"Plan Rows": 1486932,"Plan Width": 25,"Actual Startup Time": 0.035,"Actual Total Time": 615.515,"Actual Rows": 1191104,"Actual Loops": 5,"Filter": "(l_shipdate <= '1998-09-26 00:00:00'::timestamp without time zone)","Rows Removed by Filter": 9139,"Workers": []}]}]}]}]},"Planning Time": 3.172,"Triggers": [],"Execution Time": 1680.799}]
[{"Plan": {"Node Type": "Aggregate","Strategy": "Sorted","Partial Mode": "Finalize","Parallel Aware": false,"Async Capable": false,"Startup Cost": 183632.87,"Total Cost": 183636.69,"Plan Rows": 6,"Plan Width": 236,"Actual Startup Time": 1623.728,"Actual Total Time": 1657.080,"Actual Rows": 4,"Actual Loops": 1,"Group Key": ["l_returnflag", "l_linestatus"],"Plans": [{"Node Type": "Gather Merge","Parent Relationship": "Outer","Parallel Aware": false,"Async Capable": false,"Startup Cost": 183632.87,"Total Cost": 183635.74,"Plan Rows": 24,"Plan Width": 236,"Actual Startup Time": 1623.595,"Actual Total Time": 1656.839,"Actual Rows": 20,"Actual Loops": 1,"Workers Planned": 4,"Workers Launched": 4,"Plans": [{"Node Type": "Sort","Parent Relationship": "Outer","Parallel Aware": false,"Async Capable": false,"Startup Cost": 182632.81,"Total Cost": 182632.82,"Plan Rows": 6,"Plan Width": 236,"Actual Startup Time": 1615.244,"Actual Total Time": 1615.253,"Actual Rows": 4,"Actual Loops": 5,"Sort Key": ["l_returnflag", "l_linestatus"],"Sort Method": "quicksort","Sort Space Used": 27,"Sort Space Type": "Memory","Workers": [{"Worker Number": 0,"Sort Method": "quicksort","Sort Space Used": 27,"Sort Space Type": "Memory"},{"Worker Number": 1,"Sort Method": "quicksort","Sort Space Used": 27,"Sort Space Type": "Memory"},{"Worker Number": 2,"Sort Method": "quicksort","Sort Space Used": 27,"Sort Space Type": "Memory"},{"Worker Number": 3,"Sort Method": "quicksort","Sort Space Used": 27,"Sort Space Type": "Memory"}],"Plans": [{"Node Type": "Aggregate","Strategy": "Hashed","Partial Mode": "Partial","Parent Relationship": "Outer","Parallel Aware": false,"Async Capable": false,"Startup Cost": 182632.60,"Total Cost": 182632.73,"Plan Rows": 6,"Plan Width": 236,"Actual Startup Time": 1615.145,"Actual Total Time": 1615.156,"Actual Rows": 4,"Actual Loops": 5,"Group Key": ["l_returnflag", "l_linestatus"],"Planned Partitions": 0,"HashAgg Batches": 1,"Peak Memory Usage": 32,"Disk Usage": 0,"Workers": [{"Worker Number": 0,"HashAgg Batches": 1,"Peak Memory Usage": 32,"Disk Usage": 0},{"Worker Number": 1,"HashAgg Batches": 1,"Peak Memory Usage": 32,"Disk Usage": 0},{"Worker Number": 2,"HashAgg Batches": 1,"Peak Memory Usage": 32,"Disk Usage": 0},{"Worker Number": 3,"HashAgg Batches": 1,"Peak Memory Usage": 32,"Disk Usage": 0}],"Plans": [{"Node Type": "Seq Scan","Parent Relationship": "Outer","Parallel Aware": true,"Async Capable": false,"Relation Name": "lineitem","Alias": "lineitem","Startup Cost": 0.00,"Total Cost": 131256.80,"Plan Rows": 1467880,"Plan Width": 25,"Actual Startup Time": 0.041,"Actual Total Time": 606.679,"Actual Rows": 1174072,"Actual Loops": 5,"Filter": "(l_shipdate <= '1998-08-11 00:00:00'::timestamp without time zone)","Rows Removed by Filter": 26171,"Workers": []}]}]}]}]},"Planning Time": 2.392,"Triggers": [],"Execution Time": 1657.451}]
[{"Plan": {"Node Type": "Aggregate","Strategy": "Sorted","Partial Mode": "Finalize","Parallel Aware": false,"Async Capable": false,"Startup Cost": 183762.86,"Total Cost": 183766.68,"Plan Rows": 6,"Plan Width": 236,"Actual Startup Time": 1624.125,"Actual Total Time": 1658.164,"Actual Rows": 4,"Actual Loops": 1,"Group Key": ["l_returnflag", "l_linestatus"],"Plans": [{"Node Type": "Gather Merge","Parent Relationship": "Outer","Parallel Aware": false,"Async Capable": false,"Startup Cost": 183762.86,"Total Cost": 183765.73,"Plan Rows": 24,"Plan Width": 236,"Actual Startup Time": 1624.055,"Actual Total Time": 1658.060,"Actual Rows": 20,"Actual Loops": 1,"Workers Planned": 4,"Workers Launched": 4,"Plans": [{"Node Type": "Sort","Parent Relationship": "Outer","Parallel Aware": false,"Async Capable": false,"Startup Cost": 182762.80,"Total Cost": 182762.81,"Plan Rows": 6,"Plan Width": 236,"Actual Startup Time": 1615.684,"Actual Total Time": 1615.689,"Actual Rows": 4,"Actual Loops": 5,"Sort Key": ["l_returnflag", "l_linestatus"],"Sort Method": "quicksort","Sort Space Used": 27,"Sort Space Type": "Memory","Workers": [{"Worker Number": 0,"Sort Method": "quicksort","Sort Space Used": 27,"Sort Space Type": "Memory"},{"Worker Number": 1,"Sort Method": "quicksort","Sort Space Used": 27,"Sort Space Type": "Memory"},{"Worker Number": 2,"Sort Method": "quicksort","Sort Space Used": 27,"Sort Space Type": "Memory"},{"Worker Number": 3,"Sort Method": "quicksort","Sort Space Used": 27,"Sort Space Type": "Memory"}],"Plans": [{"Node Type": "Aggregate","Strategy": "Hashed","Partial Mode": "Partial","Parent Relationship": "Outer","Parallel Aware": false,"Async Capable": false,"Startup Cost": 182762.59,"Total Cost": 182762.72,"Plan Rows": 6,"Plan Width": 236,"Actual Startup Time": 1615.553,"Actual Total Time": 1615.563,"Actual Rows": 4,"Actual Loops": 5,"Group Key": ["l_returnflag", "l_linestatus"],"Planned Partitions": 0,"HashAgg Batches": 1,"Peak Memory Usage": 32,"Disk Usage": 0,"Workers": [{"Worker Number": 0,"HashAgg Batches": 1,"Peak Memory Usage": 32,"Disk Usage": 0},{"Worker Number": 1,"HashAgg Batches": 1,"Peak Memory Usage": 32,"Disk Usage": 0},{"Worker Number": 2,"HashAgg Batches": 1,"Peak Memory Usage": 32,"Disk Usage": 0},{"Worker Number": 3,"HashAgg Batches": 1,"Peak Memory Usage": 32,"Disk Usage": 0}],"Plans": [{"Node Type": "Seq Scan","Parent Relationship": "Outer","Parallel Aware": true,"Async Capable": false,"Relation Name": "lineitem","Alias": "lineitem","Startup Cost": 0.00,"Total Cost": 131256.80,"Plan Rows": 1471594,"Plan Width": 25,"Actual Startup Time": 0.040,"Actual Total Time": 605.807,"Actual Rows": 1177251,"Actual Loops": 5,"Filter": "(l_shipdate <= '1998-08-18 00:00:00'::timestamp without time zone)","Rows Removed by Filter": 22992,"Workers": []}]}]}]}]},"Planning Time": 2.911,"Triggers": [],"Execution Time": 1658.466}]
[{"Plan": {"Node Type": "Aggregate","Strategy": "Sorted","Partial Mode": "Finalize","Parallel Aware": false,"Async Capable": false,"Startup Cost": 183976.01,"Total Cost": 183979.83,"Plan Rows": 6,"Plan Width": 236,"Actual Startup Time": 1637.230,"Actual Total Time": 1671.180,"Actual Rows": 4,"Actual Loops": 1,"Group Key": ["l_returnflag", "l_linestatus"],"Plans": [{"Node Type": "Gather Merge","Parent Relationship": "Outer","Parallel Aware": false,"Async Capable": false,"Startup Cost": 183976.01,"Total Cost": 183978.88,"Plan Rows": 24,"Plan Width": 236,"Actual Startup Time": 1637.140,"Actual Total Time": 1671.060,"Actual Rows": 20,"Actual Loops": 1,"Workers Planned": 4,"Workers Launched": 4,"Plans": [{"Node Type": "Sort","Parent Relationship": "Outer","Parallel Aware": false,"Async Capable": false,"Startup Cost": 182975.95,"Total Cost": 182975.96,"Plan Rows": 6,"Plan Width": 236,"Actual Startup Time": 1629.253,"Actual Total Time": 1629.258,"Actual Rows": 4,"Actual Loops": 5,"Sort Key": ["l_returnflag", "l_linestatus"],"Sort Method": "quicksort","Sort Space Used": 27,"Sort Space Type": "Memory","Workers": [{"Worker Number": 0,"Sort Method": "quicksort","Sort Space Used": 27,"Sort Space Type": "Memory"},{"Worker Number": 1,"Sort Method": "quicksort","Sort Space Used": 27,"Sort Space Type": "Memory"},{"Worker Number": 2,"Sort Method": "quicksort","Sort Space Used": 27,"Sort Space Type": "Memory"},{"Worker Number": 3,"Sort Method": "quicksort","Sort Space Used": 27,"Sort Space Type": "Memory"}],"Plans": [{"Node Type": "Aggregate","Strategy": "Hashed","Partial Mode": "Partial","Parent Relationship": "Outer","Parallel Aware": false,"Async Capable": false,"Startup Cost": 182975.74,"Total Cost": 182975.87,"Plan Rows": 6,"Plan Width": 236,"Actual Startup Time": 1629.096,"Actual Total Time": 1629.104,"Actual Rows": 4,"Actual Loops": 5,"Group Key": ["l_returnflag", "l_linestatus"],"Planned Partitions": 0,"HashAgg Batches": 1,"Peak Memory Usage": 32,"Disk Usage": 0,"Workers": [{"Worker Number": 0,"HashAgg Batches": 1,"Peak Memory Usage": 32,"Disk Usage": 0},{"Worker Number": 1,"HashAgg Batches": 1,"Peak Memory Usage": 32,"Disk Usage": 0},{"Worker Number": 2,"HashAgg Batches": 1,"Peak Memory Usage": 32,"Disk Usage": 0},{"Worker Number": 3,"HashAgg Batches": 1,"Peak Memory Usage": 32,"Disk Usage": 0}],"Plans": [{"Node Type": "Seq Scan","Parent Relationship": "Outer","Parallel Aware": true,"Async Capable": false,"Relation Name": "lineitem","Alias": "lineitem","Startup Cost": 0.00,"Total Cost": 131256.80,"Plan Rows": 1477684,"Plan Width": 25,"Actual Startup Time": 0.036,"Actual Total Time": 613.605,"Actual Rows": 1182950,"Actual Loops": 5,"Filter": "(l_shipdate <= '1998-09-01 00:00:00'::timestamp without time zone)","Rows Removed by Filter": 17293,"Workers": []}]}]}]}]},"Planning Time": 3.200,"Triggers": [],"Execution Time": 1671.603}]
[{"Plan": {"Node Type": "Aggregate","Strategy": "Sorted","Partial Mode": "Finalize","Parallel Aware": false,"Async Capable": false,"Startup Cost": 184113.03,"Total Cost": 184116.85,"Plan Rows": 6,"Plan Width": 236,"Actual Startup Time": 1626.286,"Actual Total Time": 1659.080,"Actual Rows": 4,"Actual Loops": 1,"Group Key": ["l_returnflag", "l_linestatus"],"Plans": [{"Node Type": "Gather Merge","Parent Relationship": "Outer","Parallel Aware": false,"Async Capable": false,"Startup Cost": 184113.03,"Total Cost": 184115.91,"Plan Rows": 24,"Plan Width": 236,"Actual Startup Time": 1626.211,"Actual Total Time": 1658.952,"Actual Rows": 20,"Actual Loops": 1,"Workers Planned": 4,"Workers Launched": 4,"Plans": [{"Node Type": "Sort","Parent Relationship": "Outer","Parallel Aware": false,"Async Capable": false,"Startup Cost": 183112.97,"Total Cost": 183112.99,"Plan Rows": 6,"Plan Width": 236,"Actual Startup Time": 1618.938,"Actual Total Time": 1618.943,"Actual Rows": 4,"Actual Loops": 5,"Sort Key": ["l_returnflag", "l_linestatus"],"Sort Method": "quicksort","Sort Space Used": 27,"Sort Space Type": "Memory","Workers": [{"Worker Number": 0,"Sort Method": "quicksort","Sort Space Used": 27,"Sort Space Type": "Memory"},{"Worker Number": 1,"Sort Method": "quicksort","Sort Space Used": 27,"Sort Space Type": "Memory"},{"Worker Number": 2,"Sort Method": "quicksort","Sort Space Used": 27,"Sort Space Type": "Memory"},{"Worker Number": 3,"Sort Method": "quicksort","Sort Space Used": 27,"Sort Space Type": "Memory"}],"Plans": [{"Node Type": "Aggregate","Strategy": "Hashed","Partial Mode": "Partial","Parent Relationship": "Outer","Parallel Aware": false,"Async Capable": false,"Startup Cost": 183112.76,"Total Cost": 183112.90,"Plan Rows": 6,"Plan Width": 236,"Actual Startup Time": 1618.825,"Actual Total Time": 1618.836,"Actual Rows": 4,"Actual Loops": 5,"Group Key": ["l_returnflag", "l_linestatus"],"Planned Partitions": 0,"HashAgg Batches": 1,"Peak Memory Usage": 32,"Disk Usage": 0,"Workers": [{"Worker Number": 0,"HashAgg Batches": 1,"Peak Memory Usage": 32,"Disk Usage": 0},{"Worker Number": 1,"HashAgg Batches": 1,"Peak Memory Usage": 32,"Disk Usage": 0},{"Worker Number": 2,"HashAgg Batches": 1,"Peak Memory Usage": 32,"Disk Usage": 0},{"Worker Number": 3,"HashAgg Batches": 1,"Peak Memory Usage": 32,"Disk Usage": 0}],"Plans": [{"Node Type": "Seq Scan","Parent Relationship": "Outer","Parallel Aware": true,"Async Capable": false,"Relation Name": "lineitem","Alias": "lineitem","Startup Cost": 0.00,"Total Cost": 131256.80,"Plan Rows": 1481599,"Plan Width": 25,"Actual Startup Time": 0.033,"Actual Total Time": 600.023,"Actual Rows": 1186191,"Actual Loops": 5,"Filter": "(l_shipdate <= '1998-09-10 00:00:00'::timestamp without time zone)","Rows Removed by Filter": 14052,"Workers": []}]}]}]}]},"Planning Time": 2.494,"Triggers": [],"Execution Time": 1659.387}]
[{"Plan": {"Node Type": "Aggregate","Strategy": "Sorted","Partial Mode": "Finalize","Parallel Aware": false,"Async Capable": false,"Startup Cost": 183612.95,"Total Cost": 183616.77,"Plan Rows": 6,"Plan Width": 236,"Actual Startup Time": 1638.871,"Actual Total Time": 1672.616,"Actual Rows": 4,"Actual Loops": 1,"Group Key": ["l_returnflag", "l_linestatus"],"Plans": [{"Node Type": "Gather Merge","Parent Relationship": "Outer","Parallel Aware": false,"Async Capable": false,"Startup Cost": 183612.95,"Total Cost": 183615.83,"Plan Rows": 24,"Plan Width": 236,"Actual Startup Time": 1638.797,"Actual Total Time": 1672.514,"Actual Rows": 20,"Actual Loops": 1,"Workers Planned": 4,"Workers Launched": 4,"Plans": [{"Node Type": "Sort","Parent Relationship": "Outer","Parallel Aware": false,"Async Capable": false,"Startup Cost": 182612.89,"Total Cost": 182612.91,"Plan Rows": 6,"Plan Width": 236,"Actual Startup Time": 1630.744,"Actual Total Time": 1630.751,"Actual Rows": 4,"Actual Loops": 5,"Sort Key": ["l_returnflag", "l_linestatus"],"Sort Method": "quicksort","Sort Space Used": 27,"Sort Space Type": "Memory","Workers": [{"Worker Number": 0,"Sort Method": "quicksort","Sort Space Used": 27,"Sort Space Type": "Memory"},{"Worker Number": 1,"Sort Method": "quicksort","Sort Space Used": 27,"Sort Space Type": "Memory"},{"Worker Number": 2,"Sort Method": "quicksort","Sort Space Used": 27,"Sort Space Type": "Memory"},{"Worker Number": 3,"Sort Method": "quicksort","Sort Space Used": 27,"Sort Space Type": "Memory"}],"Plans": [{"Node Type": "Aggregate","Strategy": "Hashed","Partial Mode": "Partial","Parent Relationship": "Outer","Parallel Aware": false,"Async Capable": false,"Startup Cost": 182612.68,"Total Cost": 182612.82,"Plan Rows": 6,"Plan Width": 236,"Actual Startup Time": 1630.518,"Actual Total Time": 1630.530,"Actual Rows": 4,"Actual Loops": 5,"Group Key": ["l_returnflag", "l_linestatus"],"Planned Partitions": 0,"HashAgg Batches": 1,"Peak Memory Usage": 32,"Disk Usage": 0,"Workers": [{"Worker Number": 0,"HashAgg Batches": 1,"Peak Memory Usage": 32,"Disk Usage": 0},{"Worker Number": 1,"HashAgg Batches": 1,"Peak Memory Usage": 32,"Disk Usage": 0},{"Worker Number": 2,"HashAgg Batches": 1,"Peak Memory Usage": 32,"Disk Usage": 0},{"Worker Number": 3,"HashAgg Batches": 1,"Peak Memory Usage": 32,"Disk Usage": 0}],"Plans": [{"Node Type": "Seq Scan","Parent Relationship": "Outer","Parallel Aware": true,"Async Capable": false,"Relation Name": "lineitem","Alias": "lineitem","Startup Cost": 0.00,"Total Cost": 131256.80,"Plan Rows": 1467311,"Plan Width": 25,"Actual Startup Time": 0.045,"Actual Total Time": 621.213,"Actual Rows": 1173591,"Actual Loops": 5,"Filter": "(l_shipdate <= '1998-08-10 00:00:00'::timestamp without time zone)","Rows Removed by Filter": 26652,"Workers": []}]}]}]}]},"Planning Time": 3.248,"Triggers": [],"Execution Time": 1673.047}]
[{"Plan": {"Node Type": "Aggregate","Strategy": "Sorted","Partial Mode": "Finalize","Parallel Aware": false,"Async Capable": false,"Startup Cost": 184173.93,"Total Cost": 184177.75,"Plan Rows": 6,"Plan Width": 236,"Actual Startup Time": 1644.533,"Actual Total Time": 1680.145,"Actual Rows": 4,"Actual Loops": 1,"Group Key": ["l_returnflag", "l_linestatus"],"Plans": [{"Node Type": "Gather Merge","Parent Relationship": "Outer","Parallel Aware": false,"Async Capable": false,"Startup Cost": 184173.93,"Total Cost": 184176.81,"Plan Rows": 24,"Plan Width": 236,"Actual Startup Time": 1644.414,"Actual Total Time": 1680.013,"Actual Rows": 20,"Actual Loops": 1,"Workers Planned": 4,"Workers Launched": 4,"Plans": [{"Node Type": "Sort","Parent Relationship": "Outer","Parallel Aware": false,"Async Capable": false,"Startup Cost": 183173.87,"Total Cost": 183173.89,"Plan Rows": 6,"Plan Width": 236,"Actual Startup Time": 1636.962,"Actual Total Time": 1636.966,"Actual Rows": 4,"Actual Loops": 5,"Sort Key": ["l_returnflag", "l_linestatus"],"Sort Method": "quicksort","Sort Space Used": 27,"Sort Space Type": "Memory","Workers": [{"Worker Number": 0,"Sort Method": "quicksort","Sort Space Used": 27,"Sort Space Type": "Memory"},{"Worker Number": 1,"Sort Method": "quicksort","Sort Space Used": 27,"Sort Space Type": "Memory"},{"Worker Number": 2,"Sort Method": "quicksort","Sort Space Used": 27,"Sort Space Type": "Memory"},{"Worker Number": 3,"Sort Method": "quicksort","Sort Space Used": 27,"Sort Space Type": "Memory"}],"Plans": [{"Node Type": "Aggregate","Strategy": "Hashed","Partial Mode": "Partial","Parent Relationship": "Outer","Parallel Aware": false,"Async Capable": false,"Startup Cost": 183173.66,"Total Cost": 183173.80,"Plan Rows": 6,"Plan Width": 236,"Actual Startup Time": 1636.864,"Actual Total Time": 1636.873,"Actual Rows": 4,"Actual Loops": 5,"Group Key": ["l_returnflag", "l_linestatus"],"Planned Partitions": 0,"HashAgg Batches": 1,"Peak Memory Usage": 32,"Disk Usage": 0,"Workers": [{"Worker Number": 0,"HashAgg Batches": 1,"Peak Memory Usage": 32,"Disk Usage": 0},{"Worker Number": 1,"HashAgg Batches": 1,"Peak Memory Usage": 32,"Disk Usage": 0},{"Worker Number": 2,"HashAgg Batches": 1,"Peak Memory Usage": 32,"Disk Usage": 0},{"Worker Number": 3,"HashAgg Batches": 1,"Peak Memory Usage": 32,"Disk Usage": 0}],"Plans": [{"Node Type": "Seq Scan","Parent Relationship": "Outer","Parallel Aware": true,"Async Capable": false,"Relation Name": "lineitem","Alias": "lineitem","Startup Cost": 0.00,"Total Cost": 131256.80,"Plan Rows": 1483339,"Plan Width": 25,"Actual Startup Time": 0.043,"Actual Total Time": 617.694,"Actual Rows": 1187554,"Actual Loops": 5,"Filter": "(l_shipdate <= '1998-09-14 00:00:00'::timestamp without time zone)","Rows Removed by Filter": 12689,"Workers": []}]}]}]}]},"Planning Time": 3.116,"Triggers": [],"Execution Time": 1680.478}]
[{"Plan": {"Node Type": "Aggregate","Strategy": "Sorted","Partial Mode": "Finalize","Parallel Aware": false,"Async Capable": false,"Startup Cost": 184052.13,"Total Cost": 184055.95,"Plan Rows": 6,"Plan Width": 236,"Actual Startup Time": 1616.943,"Actual Total Time": 1650.452,"Actual Rows": 4,"Actual Loops": 1,"Group Key": ["l_returnflag", "l_linestatus"],"Plans": [{"Node Type": "Gather Merge","Parent Relationship": "Outer","Parallel Aware": false,"Async Capable": false,"Startup Cost": 184052.13,"Total Cost": 184055.01,"Plan Rows": 24,"Plan Width": 236,"Actual Startup Time": 1616.881,"Actual Total Time": 1650.358,"Actual Rows": 20,"Actual Loops": 1,"Workers Planned": 4,"Workers Launched": 4,"Plans": [{"Node Type": "Sort","Parent Relationship": "Outer","Parallel Aware": false,"Async Capable": false,"Startup Cost": 183052.07,"Total Cost": 183052.09,"Plan Rows": 6,"Plan Width": 236,"Actual Startup Time": 1610.099,"Actual Total Time": 1610.103,"Actual Rows": 4,"Actual Loops": 5,"Sort Key": ["l_returnflag", "l_linestatus"],"Sort Method": "quicksort","Sort Space Used": 27,"Sort Space Type": "Memory","Workers": [{"Worker Number": 0,"Sort Method": "quicksort","Sort Space Used": 27,"Sort Space Type": "Memory"},{"Worker Number": 1,"Sort Method": "quicksort","Sort Space Used": 27,"Sort Space Type": "Memory"},{"Worker Number": 2,"Sort Method": "quicksort","Sort Space Used": 27,"Sort Space Type": "Memory"},{"Worker Number": 3,"Sort Method": "quicksort","Sort Space Used": 27,"Sort Space Type": "Memory"}],"Plans": [{"Node Type": "Aggregate","Strategy": "Hashed","Partial Mode": "Partial","Parent Relationship": "Outer","Parallel Aware": false,"Async Capable": false,"Startup Cost": 183051.86,"Total Cost": 183052.00,"Plan Rows": 6,"Plan Width": 236,"Actual Startup Time": 1609.932,"Actual Total Time": 1609.941,"Actual Rows": 4,"Actual Loops": 5,"Group Key": ["l_returnflag", "l_linestatus"],"Planned Partitions": 0,"HashAgg Batches": 1,"Peak Memory Usage": 32,"Disk Usage": 0,"Workers": [{"Worker Number": 0,"HashAgg Batches": 1,"Peak Memory Usage": 32,"Disk Usage": 0},{"Worker Number": 1,"HashAgg Batches": 1,"Peak Memory Usage": 32,"Disk Usage": 0},{"Worker Number": 2,"HashAgg Batches": 1,"Peak Memory Usage": 32,"Disk Usage": 0},{"Worker Number": 3,"HashAgg Batches": 1,"Peak Memory Usage": 32,"Disk Usage": 0}],"Plans": [{"Node Type": "Seq Scan","Parent Relationship": "Outer","Parallel Aware": true,"Async Capable": false,"Relation Name": "lineitem","Alias": "lineitem","Startup Cost": 0.00,"Total Cost": 131256.80,"Plan Rows": 1479859,"Plan Width": 25,"Actual Startup Time": 0.033,"Actual Total Time": 594.774,"Actual Rows": 1184794,"Actual Loops": 5,"Filter": "(l_shipdate <= '1998-09-06 00:00:00'::timestamp without time zone)","Rows Removed by Filter": 15449,"Workers": []}]}]}]}]},"Planning Time": 3.475,"Triggers": [],"Execution Time": 1650.848}]
[{"Plan": {"Node Type": "Aggregate","Strategy": "Sorted","Partial Mode": "Finalize","Parallel Aware": false,"Async Capable": false,"Startup Cost": 184189.16,"Total Cost": 184192.98,"Plan Rows": 6,"Plan Width": 236,"Actual Startup Time": 1645.674,"Actual Total Time": 1680.009,"Actual Rows": 4,"Actual Loops": 1,"Group Key": ["l_returnflag", "l_linestatus"],"Plans": [{"Node Type": "Gather Merge","Parent Relationship": "Outer","Parallel Aware": false,"Async Capable": false,"Startup Cost": 184189.16,"Total Cost": 184192.03,"Plan Rows": 24,"Plan Width": 236,"Actual Startup Time": 1645.562,"Actual Total Time": 1679.891,"Actual Rows": 20,"Actual Loops": 1,"Workers Planned": 4,"Workers Launched": 4,"Plans": [{"Node Type": "Sort","Parent Relationship": "Outer","Parallel Aware": false,"Async Capable": false,"Startup Cost": 183189.10,"Total Cost": 183189.11,"Plan Rows": 6,"Plan Width": 236,"Actual Startup Time": 1638.058,"Actual Total Time": 1638.062,"Actual Rows": 4,"Actual Loops": 5,"Sort Key": ["l_returnflag", "l_linestatus"],"Sort Method": "quicksort","Sort Space Used": 27,"Sort Space Type": "Memory","Workers": [{"Worker Number": 0,"Sort Method": "quicksort","Sort Space Used": 27,"Sort Space Type": "Memory"},{"Worker Number": 1,"Sort Method": "quicksort","Sort Space Used": 27,"Sort Space Type": "Memory"},{"Worker Number": 2,"Sort Method": "quicksort","Sort Space Used": 27,"Sort Space Type": "Memory"},{"Worker Number": 3,"Sort Method": "quicksort","Sort Space Used": 27,"Sort Space Type": "Memory"}],"Plans": [{"Node Type": "Aggregate","Strategy": "Hashed","Partial Mode": "Partial","Parent Relationship": "Outer","Parallel Aware": false,"Async Capable": false,"Startup Cost": 183188.89,"Total Cost": 183189.02,"Plan Rows": 6,"Plan Width": 236,"Actual Startup Time": 1637.958,"Actual Total Time": 1637.967,"Actual Rows": 4,"Actual Loops": 5,"Group Key": ["l_returnflag", "l_linestatus"],"Planned Partitions": 0,"HashAgg Batches": 1,"Peak Memory Usage": 32,"Disk Usage": 0,"Workers": [{"Worker Number": 0,"HashAgg Batches": 1,"Peak Memory Usage": 32,"Disk Usage": 0},{"Worker Number": 1,"HashAgg Batches": 1,"Peak Memory Usage": 32,"Disk Usage": 0},{"Worker Number": 2,"HashAgg Batches": 1,"Peak Memory Usage": 32,"Disk Usage": 0},{"Worker Number": 3,"HashAgg Batches": 1,"Peak Memory Usage": 32,"Disk Usage": 0}],"Plans": [{"Node Type": "Seq Scan","Parent Relationship": "Outer","Parallel Aware": true,"Async Capable": false,"Relation Name": "lineitem","Alias": "lineitem","Startup Cost": 0.00,"Total Cost": 131256.80,"Plan Rows": 1483774,"Plan Width": 25,"Actual Startup Time": 0.042,"Actual Total Time": 618.846,"Actual Rows": 1187863,"Actual Loops": 5,"Filter": "(l_shipdate <= '1998-09-15 00:00:00'::timestamp without time zone)","Rows Removed by Filter": 12380,"Workers": []}]}]}]}]},"Planning Time": 3.014,"Triggers": [],"Execution Time": 1680.406}]
[{"Plan": {"Node Type": "Aggregate","Strategy": "Sorted","Partial Mode": "Finalize","Parallel Aware": false,"Async Capable": false,"Startup Cost": 183915.11,"Total Cost": 183918.93,"Plan Rows": 6,"Plan Width": 236,"Actual Startup Time": 1617.865,"Actual Total Time": 1652.425,"Actual Rows": 4,"Actual Loops": 1,"Group Key": ["l_returnflag", "l_linestatus"],"Plans": [{"Node Type": "Gather Merge","Parent Relationship": "Outer","Parallel Aware": false,"Async Capable": false,"Startup Cost": 183915.11,"Total Cost": 183917.98,"Plan Rows": 24,"Plan Width": 236,"Actual Startup Time": 1617.776,"Actual Total Time": 1652.277,"Actual Rows": 20,"Actual Loops": 1,"Workers Planned": 4,"Workers Launched": 4,"Plans": [{"Node Type": "Sort","Parent Relationship": "Outer","Parallel Aware": false,"Async Capable": false,"Startup Cost": 182915.05,"Total Cost": 182915.06,"Plan Rows": 6,"Plan Width": 236,"Actual Startup Time": 1610.319,"Actual Total Time": 1610.323,"Actual Rows": 4,"Actual Loops": 5,"Sort Key": ["l_returnflag", "l_linestatus"],"Sort Method": "quicksort","Sort Space Used": 27,"Sort Space Type": "Memory","Workers": [{"Worker Number": 0,"Sort Method": "quicksort","Sort Space Used": 27,"Sort Space Type": "Memory"},{"Worker Number": 1,"Sort Method": "quicksort","Sort Space Used": 27,"Sort Space Type": "Memory"},{"Worker Number": 2,"Sort Method": "quicksort","Sort Space Used": 27,"Sort Space Type": "Memory"},{"Worker Number": 3,"Sort Method": "quicksort","Sort Space Used": 27,"Sort Space Type": "Memory"}],"Plans": [{"Node Type": "Aggregate","Strategy": "Hashed","Partial Mode": "Partial","Parent Relationship": "Outer","Parallel Aware": false,"Async Capable": false,"Startup Cost": 182914.84,"Total Cost": 182914.97,"Plan Rows": 6,"Plan Width": 236,"Actual Startup Time": 1610.220,"Actual Total Time": 1610.228,"Actual Rows": 4,"Actual Loops": 5,"Group Key": ["l_returnflag", "l_linestatus"],"Planned Partitions": 0,"HashAgg Batches": 1,"Peak Memory Usage": 32,"Disk Usage": 0,"Workers": [{"Worker Number": 0,"HashAgg Batches": 1,"Peak Memory Usage": 32,"Disk Usage": 0},{"Worker Number": 1,"HashAgg Batches": 1,"Peak Memory Usage": 32,"Disk Usage": 0},{"Worker Number": 2,"HashAgg Batches": 1,"Peak Memory Usage": 32,"Disk Usage": 0},{"Worker Number": 3,"HashAgg Batches": 1,"Peak Memory Usage": 32,"Disk Usage": 0}],"Plans": [{"Node Type": "Seq Scan","Parent Relationship": "Outer","Parallel Aware": true,"Async Capable": false,"Relation Name": "lineitem","Alias": "lineitem","Startup Cost": 0.00,"Total Cost": 131256.80,"Plan Rows": 1475944,"Plan Width": 25,"Actual Startup Time": 0.051,"Actual Total Time": 598.821,"Actual Rows": 1181394,"Actual Loops": 5,"Filter": "(l_shipdate <= '1998-08-28 00:00:00'::timestamp without time zone)","Rows Removed by Filter": 18849,"Workers": []}]}]}]}]},"Planning Time": 2.726,"Triggers": [],"Execution Time": 1652.808}]
[{"Plan": {"Node Type": "Aggregate","Strategy": "Sorted","Partial Mode": "Finalize","Parallel Aware": false,"Async Capable": false,"Startup Cost": 184320.97,"Total Cost": 184324.79,"Plan Rows": 6,"Plan Width": 236,"Actual Startup Time": 1639.286,"Actual Total Time": 1673.341,"Actual Rows": 4,"Actual Loops": 1,"Group Key": ["l_returnflag", "l_linestatus"],"Plans": [{"Node Type": "Gather Merge","Parent Relationship": "Outer","Parallel Aware": false,"Async Capable": false,"Startup Cost": 184320.97,"Total Cost": 184323.84,"Plan Rows": 24,"Plan Width": 236,"Actual Startup Time": 1639.217,"Actual Total Time": 1673.248,"Actual Rows": 20,"Actual Loops": 1,"Workers Planned": 4,"Workers Launched": 4,"Plans": [{"Node Type": "Sort","Parent Relationship": "Outer","Parallel Aware": false,"Async Capable": false,"Startup Cost": 183320.91,"Total Cost": 183320.92,"Plan Rows": 6,"Plan Width": 236,"Actual Startup Time": 1630.806,"Actual Total Time": 1630.812,"Actual Rows": 4,"Actual Loops": 5,"Sort Key": ["l_returnflag", "l_linestatus"],"Sort Method": "quicksort","Sort Space Used": 27,"Sort Space Type": "Memory","Workers": [{"Worker Number": 0,"Sort Method": "quicksort","Sort Space Used": 27,"Sort Space Type": "Memory"},{"Worker Number": 1,"Sort Method": "quicksort","Sort Space Used": 27,"Sort Space Type": "Memory"},{"Worker Number": 2,"Sort Method": "quicksort","Sort Space Used": 27,"Sort Space Type": "Memory"},{"Worker Number": 3,"Sort Method": "quicksort","Sort Space Used": 27,"Sort Space Type": "Memory"}],"Plans": [{"Node Type": "Aggregate","Strategy": "Hashed","Partial Mode": "Partial","Parent Relationship": "Outer","Parallel Aware": false,"Async Capable": false,"Startup Cost": 183320.70,"Total Cost": 183320.83,"Plan Rows": 6,"Plan Width": 236,"Actual Startup Time": 1630.687,"Actual Total Time": 1630.697,"Actual Rows": 4,"Actual Loops": 5,"Group Key": ["l_returnflag", "l_linestatus"],"Planned Partitions": 0,"HashAgg Batches": 1,"Peak Memory Usage": 32,"Disk Usage": 0,"Workers": [{"Worker Number": 0,"HashAgg Batches": 1,"Peak Memory Usage": 32,"Disk Usage": 0},{"Worker Number": 1,"HashAgg Batches": 1,"Peak Memory Usage": 32,"Disk Usage": 0},{"Worker Number": 2,"HashAgg Batches": 1,"Peak Memory Usage": 32,"Disk Usage": 0},{"Worker Number": 3,"HashAgg Batches": 1,"Peak Memory Usage": 32,"Disk Usage": 0}],"Plans": [{"Node Type": "Seq Scan","Parent Relationship": "Outer","Parallel Aware": true,"Async Capable": false,"Relation Name": "lineitem","Alias": "lineitem","Startup Cost": 0.00,"Total Cost": 131256.80,"Plan Rows": 1487540,"Plan Width": 25,"Actual Startup Time": 0.050,"Actual Total Time": 607.902,"Actual Rows": 1191902,"Actual Loops": 5,"Filter": "(l_shipdate <= '1998-09-29 00:00:00'::timestamp without time zone)","Rows Removed by Filter": 8341,"Workers": []}]}]}]}]},"Planning Time": 3.425,"Triggers": [],"Execution Time": 1673.769}]
[{"Plan": {"Node Type": "Aggregate","Strategy": "Sorted","Partial Mode": "Finalize","Parallel Aware": false,"Async Capable": false,"Startup Cost": 184257.13,"Total Cost": 184260.95,"Plan Rows": 6,"Plan Width": 236,"Actual Startup Time": 1442.877,"Actual Total Time": 1461.341,"Actual Rows": 4,"Actual Loops": 1,"Group Key": ["l_returnflag", "l_linestatus"],"Plans": [{"Node Type": "Gather Merge","Parent Relationship": "Outer","Parallel Aware": false,"Async Capable": false,"Startup Cost": 184257.13,"Total Cost": 184260.00,"Plan Rows": 24,"Plan Width": 236,"Actual Startup Time": 1442.807,"Actual Total Time": 1461.246,"Actual Rows": 20,"Actual Loops": 1,"Workers Planned": 4,"Workers Launched": 4,"Plans": [{"Node Type": "Sort","Parent Relationship": "Outer","Parallel Aware": false,"Async Capable": false,"Startup Cost": 183257.07,"Total Cost": 183257.08,"Plan Rows": 6,"Plan Width": 236,"Actual Startup Time": 1433.925,"Actual Total Time": 1433.931,"Actual Rows": 4,"Actual Loops": 5,"Sort Key": ["l_returnflag", "l_linestatus"],"Sort Method": "quicksort","Sort Space Used": 27,"Sort Space Type": "Memory","Workers": [{"Worker Number": 0,"Sort Method": "quicksort","Sort Space Used": 27,"Sort Space Type": "Memory"},{"Worker Number": 1,"Sort Method": "quicksort","Sort Space Used": 27,"Sort Space Type": "Memory"},{"Worker Number": 2,"Sort Method": "quicksort","Sort Space Used": 27,"Sort Space Type": "Memory"},{"Worker Number": 3,"Sort Method": "quicksort","Sort Space Used": 27,"Sort Space Type": "Memory"}],"Plans": [{"Node Type": "Aggregate","Strategy": "Hashed","Partial Mode": "Partial","Parent Relationship": "Outer","Parallel Aware": false,"Async Capable": false,"Startup Cost": 183256.86,"Total Cost": 183256.99,"Plan Rows": 6,"Plan Width": 236,"Actual Startup Time": 1433.810,"Actual Total Time": 1433.821,"Actual Rows": 4,"Actual Loops": 5,"Group Key": ["l_returnflag", "l_linestatus"],"Planned Partitions": 0,"HashAgg Batches": 1,"Peak Memory Usage": 32,"Disk Usage": 0,"Workers": [{"Worker Number": 0,"HashAgg Batches": 1,"Peak Memory Usage": 32,"Disk Usage": 0},{"Worker Number": 1,"HashAgg Batches": 1,"Peak Memory Usage": 32,"Disk Usage": 0},{"Worker Number": 2,"HashAgg Batches": 1,"Peak Memory Usage": 32,"Disk Usage": 0},{"Worker Number": 3,"HashAgg Batches": 1,"Peak Memory Usage": 32,"Disk Usage": 0}],"Plans": [{"Node Type": "Seq Scan","Parent Relationship": "Outer","Parallel Aware": true,"Async Capable": false,"Relation Name": "lineitem","Alias": "lineitem","Startup Cost": 0.00,"Total Cost": 131256.80,"Plan Rows": 1485716,"Plan Width": 25,"Actual Startup Time": 0.083,"Actual Total Time": 411.300,"Actual Rows": 1189383,"Actual Loops": 5,"Filter": "(l_shipdate <= '1998-09-20 00:00:00'::timestamp without time zone)","Rows Removed by Filter": 10860,"Workers": []}]}]}]}]},"Planning Time": 2.939,"Triggers": [],"Execution Time": 1461.675}]
[{"Plan": {"Node Type": "Aggregate","Strategy": "Sorted","Partial Mode": "Finalize","Parallel Aware": false,"Async Capable": false,"Startup Cost": 183884.66,"Total Cost": 183888.48,"Plan Rows": 6,"Plan Width": 236,"Actual Startup Time": 1631.962,"Actual Total Time": 1665.356,"Actual Rows": 4,"Actual Loops": 1,"Group Key": ["l_returnflag", "l_linestatus"],"Plans": [{"Node Type": "Gather Merge","Parent Relationship": "Outer","Parallel Aware": false,"Async Capable": false,"Startup Cost": 183884.66,"Total Cost": 183887.53,"Plan Rows": 24,"Plan Width": 236,"Actual Startup Time": 1631.843,"Actual Total Time": 1665.213,"Actual Rows": 20,"Actual Loops": 1,"Workers Planned": 4,"Workers Launched": 4,"Plans": [{"Node Type": "Sort","Parent Relationship": "Outer","Parallel Aware": false,"Async Capable": false,"Startup Cost": 182884.60,"Total Cost": 182884.61,"Plan Rows": 6,"Plan Width": 236,"Actual Startup Time": 1623.716,"Actual Total Time": 1623.721,"Actual Rows": 4,"Actual Loops": 5,"Sort Key": ["l_returnflag", "l_linestatus"],"Sort Method": "quicksort","Sort Space Used": 27,"Sort Space Type": "Memory","Workers": [{"Worker Number": 0,"Sort Method": "quicksort","Sort Space Used": 27,"Sort Space Type": "Memory"},{"Worker Number": 1,"Sort Method": "quicksort","Sort Space Used": 27,"Sort Space Type": "Memory"},{"Worker Number": 2,"Sort Method": "quicksort","Sort Space Used": 27,"Sort Space Type": "Memory"},{"Worker Number": 3,"Sort Method": "quicksort","Sort Space Used": 27,"Sort Space Type": "Memory"}],"Plans": [{"Node Type": "Aggregate","Strategy": "Hashed","Partial Mode": "Partial","Parent Relationship": "Outer","Parallel Aware": false,"Async Capable": false,"Startup Cost": 182884.39,"Total Cost": 182884.52,"Plan Rows": 6,"Plan Width": 236,"Actual Startup Time": 1623.619,"Actual Total Time": 1623.628,"Actual Rows": 4,"Actual Loops": 5,"Group Key": ["l_returnflag", "l_linestatus"],"Planned Partitions": 0,"HashAgg Batches": 1,"Peak Memory Usage": 32,"Disk Usage": 0,"Workers": [{"Worker Number": 0,"HashAgg Batches": 1,"Peak Memory Usage": 32,"Disk Usage": 0},{"Worker Number": 1,"HashAgg Batches": 1,"Peak Memory Usage": 32,"Disk Usage": 0},{"Worker Number": 2,"HashAgg Batches": 1,"Peak Memory Usage": 32,"Disk Usage": 0},{"Worker Number": 3,"HashAgg Batches": 1,"Peak Memory Usage": 32,"Disk Usage": 0}],"Plans": [{"Node Type": "Seq Scan","Parent Relationship": "Outer","Parallel Aware": true,"Async Capable": false,"Relation Name": "lineitem","Alias": "lineitem","Startup Cost": 0.00,"Total Cost": 131256.80,"Plan Rows": 1475074,"Plan Width": 25,"Actual Startup Time": 0.042,"Actual Total Time": 607.290,"Actual Rows": 1180578,"Actual Loops": 5,"Filter": "(l_shipdate <= '1998-08-26 00:00:00'::timestamp without time zone)","Rows Removed by Filter": 19665,"Workers": []}]}]}]}]},"Planning Time": 3.049,"Triggers": [],"Execution Time": 1665.821}]
[{"Plan": {"Node Type": "Aggregate","Strategy": "Sorted","Partial Mode": "Finalize","Parallel Aware": false,"Async Capable": false,"Startup Cost": 183632.87,"Total Cost": 183636.69,"Plan Rows": 6,"Plan Width": 236,"Actual Startup Time": 1623.728,"Actual Total Time": 1657.080,"Actual Rows": 4,"Actual Loops": 1,"Group Key": ["l_returnflag", "l_linestatus"],"Plans": [{"Node Type": "Gather Merge","Parent Relationship": "Outer","Parallel Aware": false,"Async Capable": false,"Startup Cost": 183632.87,"Total Cost": 183635.74,"Plan Rows": 24,"Plan Width": 236,"Actual Startup Time": 1623.595,"Actual Total Time": 1656.839,"Actual Rows": 20,"Actual Loops": 1,"Workers Planned": 4,"Workers Launched": 4,"Plans": [{"Node Type": "Sort","Parent Relationship": "Outer","Parallel Aware": false,"Async Capable": false,"Startup Cost": 182632.81,"Total Cost": 182632.82,"Plan Rows": 6,"Plan Width": 236,"Actual Startup Time": 1615.244,"Actual Total Time": 1615.253,"Actual Rows": 4,"Actual Loops": 5,"Sort Key": ["l_returnflag", "l_linestatus"],"Sort Method": "quicksort","Sort Space Used": 27,"Sort Space Type": "Memory","Workers": [{"Worker Number": 0,"Sort Method": "quicksort","Sort Space Used": 27,"Sort Space Type": "Memory"},{"Worker Number": 1,"Sort Method": "quicksort","Sort Space Used": 27,"Sort Space Type": "Memory"},{"Worker Number": 2,"Sort Method": "quicksort","Sort Space Used": 27,"Sort Space Type": "Memory"},{"Worker Number": 3,"Sort Method": "quicksort","Sort Space Used": 27,"Sort Space Type": "Memory"}],"Plans": [{"Node Type": "Aggregate","Strategy": "Hashed","Partial Mode": "Partial","Parent Relationship": "Outer","Parallel Aware": false,"Async Capable": false,"Startup Cost": 182632.60,"Total Cost": 182632.73,"Plan Rows": 6,"Plan Width": 236,"Actual Startup Time": 1615.145,"Actual Total Time": 1615.156,"Actual Rows": 4,"Actual Loops": 5,"Group Key": ["l_returnflag", "l_linestatus"],"Planned Partitions": 0,"HashAgg Batches": 1,"Peak Memory Usage": 32,"Disk Usage": 0,"Workers": [{"Worker Number": 0,"HashAgg Batches": 1,"Peak Memory Usage": 32,"Disk Usage": 0},{"Worker Number": 1,"HashAgg Batches": 1,"Peak Memory Usage": 32,"Disk Usage": 0},{"Worker Number": 2,"HashAgg Batches": 1,"Peak Memory Usage": 32,"Disk Usage": 0},{"Worker Number": 3,"HashAgg Batches": 1,"Peak Memory Usage": 32,"Disk Usage": 0}],"Plans": [{"Node Type": "Seq Scan","Parent Relationship": "Outer","Parallel Aware": true,"Async Capable": false,"Relation Name": "lineitem","Alias": "lineitem","Startup Cost": 0.00,"Total Cost": 131256.80,"Plan Rows": 1467880,"Plan Width": 25,"Actual Startup Time": 0.041,"Actual Total Time": 606.679,"Actual Rows": 1174072,"Actual Loops": 5,"Filter": "(l_shipdate <= '1998-08-11 00:00:00'::timestamp without time zone)","Rows Removed by Filter": 26171,"Workers": []}]}]}]}]},"Planning Time": 2.392,"Triggers": [],"Execution Time": 1657.451}]
[{"Plan": {"Node Type": "Aggregate","Strategy": "Sorted","Partial Mode": "Finalize","Parallel Aware": false,"Async Capable": false,"Startup Cost": 183899.88,"Total Cost": 183903.70,"Plan Rows": 6,"Plan Width": 236,"Actual Startup Time": 1631.667,"Actual Total Time": 1664.196,"Actual Rows": 4,"Actual Loops": 1,"Group Key": ["l_returnflag", "l_linestatus"],"Plans": [{"Node Type": "Gather Merge","Parent Relationship": "Outer","Parallel Aware": false,"Async Capable": false,"Startup Cost": 183899.88,"Total Cost": 183902.76,"Plan Rows": 24,"Plan Width": 236,"Actual Startup Time": 1631.585,"Actual Total Time": 1664.073,"Actual Rows": 20,"Actual Loops": 1,"Workers Planned": 4,"Workers Launched": 4,"Plans": [{"Node Type": "Sort","Parent Relationship": "Outer","Parallel Aware": false,"Async Capable": false,"Startup Cost": 182899.82,"Total Cost": 182899.84,"Plan Rows": 6,"Plan Width": 236,"Actual Startup Time": 1623.935,"Actual Total Time": 1623.946,"Actual Rows": 4,"Actual Loops": 5,"Sort Key": ["l_returnflag", "l_linestatus"],"Sort Method": "quicksort","Sort Space Used": 27,"Sort Space Type": "Memory","Workers": [{"Worker Number": 0,"Sort Method": "quicksort","Sort Space Used": 27,"Sort Space Type": "Memory"},{"Worker Number": 1,"Sort Method": "quicksort","Sort Space Used": 27,"Sort Space Type": "Memory"},{"Worker Number": 2,"Sort Method": "quicksort","Sort Space Used": 27,"Sort Space Type": "Memory"},{"Worker Number": 3,"Sort Method": "quicksort","Sort Space Used": 27,"Sort Space Type": "Memory"}],"Plans": [{"Node Type": "Aggregate","Strategy": "Hashed","Partial Mode": "Partial","Parent Relationship": "Outer","Parallel Aware": false,"Async Capable": false,"Startup Cost": 182899.61,"Total Cost": 182899.75,"Plan Rows": 6,"Plan Width": 236,"Actual Startup Time": 1623.729,"Actual Total Time": 1623.744,"Actual Rows": 4,"Actual Loops": 5,"Group Key": ["l_returnflag", "l_linestatus"],"Planned Partitions": 0,"HashAgg Batches": 1,"Peak Memory Usage": 32,"Disk Usage": 0,"Workers": [{"Worker Number": 0,"HashAgg Batches": 1,"Peak Memory Usage": 32,"Disk Usage": 0},{"Worker Number": 1,"HashAgg Batches": 1,"Peak Memory Usage": 32,"Disk Usage": 0},{"Worker Number": 2,"HashAgg Batches": 1,"Peak Memory Usage": 32,"Disk Usage": 0},{"Worker Number": 3,"HashAgg Batches": 1,"Peak Memory Usage": 32,"Disk Usage": 0}],"Plans": [{"Node Type": "Seq Scan","Parent Relationship": "Outer","Parallel Aware": true,"Async Capable": false,"Relation Name": "lineitem","Alias": "lineitem","Startup Cost": 0.00,"Total Cost": 131256.80,"Plan Rows": 1475509,"Plan Width": 25,"Actual Startup Time": 0.043,"Actual Total Time": 609.151,"Actual Rows": 1181003,"Actual Loops": 5,"Filter": "(l_shipdate <= '1998-08-27 00:00:00'::timestamp without time zone)","Rows Removed by Filter": 19240,"Workers": []}]}]}]}]},"Planning Time": 2.796,"Triggers": [],"Execution Time": 1664.547}]
[{"Plan": {"Node Type": "Aggregate","Strategy": "Sorted","Partial Mode": "Finalize","Parallel Aware": false,"Async Capable": false,"Startup Cost": 184342.25,"Total Cost": 184346.07,"Plan Rows": 6,"Plan Width": 236,"Actual Startup Time": 1655.561,"Actual Total Time": 1689.583,"Actual Rows": 4,"Actual Loops": 1,"Group Key": ["l_returnflag", "l_linestatus"],"Plans": [{"Node Type": "Gather Merge","Parent Relationship": "Outer","Parallel Aware": false,"Async Capable": false,"Startup Cost": 184342.25,"Total Cost": 184345.12,"Plan Rows": 24,"Plan Width": 236,"Actual Startup Time": 1655.474,"Actual Total Time": 1689.450,"Actual Rows": 20,"Actual Loops": 1,"Workers Planned": 4,"Workers Launched": 4,"Plans": [{"Node Type": "Sort","Parent Relationship": "Outer","Parallel Aware": false,"Async Capable": false,"Startup Cost": 183342.19,"Total Cost": 183342.20,"Plan Rows": 6,"Plan Width": 236,"Actual Startup Time": 1647.670,"Actual Total Time": 1647.678,"Actual Rows": 4,"Actual Loops": 5,"Sort Key": ["l_returnflag", "l_linestatus"],"Sort Method": "quicksort","Sort Space Used": 27,"Sort Space Type": "Memory","Workers": [{"Worker Number": 0,"Sort Method": "quicksort","Sort Space Used": 27,"Sort Space Type": "Memory"},{"Worker Number": 1,"Sort Method": "quicksort","Sort Space Used": 27,"Sort Space Type": "Memory"},{"Worker Number": 2,"Sort Method": "quicksort","Sort Space Used": 27,"Sort Space Type": "Memory"},{"Worker Number": 3,"Sort Method": "quicksort","Sort Space Used": 27,"Sort Space Type": "Memory"}],"Plans": [{"Node Type": "Aggregate","Strategy": "Hashed","Partial Mode": "Partial","Parent Relationship": "Outer","Parallel Aware": false,"Async Capable": false,"Startup Cost": 183341.98,"Total Cost": 183342.11,"Plan Rows": 6,"Plan Width": 236,"Actual Startup Time": 1647.554,"Actual Total Time": 1647.566,"Actual Rows": 4,"Actual Loops": 5,"Group Key": ["l_returnflag", "l_linestatus"],"Planned Partitions": 0,"HashAgg Batches": 1,"Peak Memory Usage": 32,"Disk Usage": 0,"Workers": [{"Worker Number": 0,"HashAgg Batches": 1,"Peak Memory Usage": 32,"Disk Usage": 0},{"Worker Number": 1,"HashAgg Batches": 1,"Peak Memory Usage": 32,"Disk Usage": 0},{"Worker Number": 2,"HashAgg Batches": 1,"Peak Memory Usage": 32,"Disk Usage": 0},{"Worker Number": 3,"HashAgg Batches": 1,"Peak Memory Usage": 32,"Disk Usage": 0}],"Plans": [{"Node Type": "Seq Scan","Parent Relationship": "Outer","Parallel Aware": true,"Async Capable": false,"Relation Name": "lineitem","Alias": "lineitem","Startup Cost": 0.00,"Total Cost": 131256.80,"Plan Rows": 1488148,"Plan Width": 25,"Actual Startup Time": 0.043,"Actual Total Time": 623.196,"Actual Rows": 1192678,"Actual Loops": 5,"Filter": "(l_shipdate <= '1998-10-02 00:00:00'::timestamp without time zone)","Rows Removed by Filter": 7565,"Workers": []}]}]}]}]},"Planning Time": 3.639,"Triggers": [],"Execution Time": 1690.019}]
[{"Plan": {"Node Type": "Aggregate","Strategy": "Sorted","Partial Mode": "Finalize","Parallel Aware": false,"Async Capable": false,"Startup Cost": 183854.21,"Total Cost": 183858.03,"Plan Rows": 6,"Plan Width": 236,"Actual Startup Time": 1621.142,"Actual Total Time": 1653.452,"Actual Rows": 4,"Actual Loops": 1,"Group Key": ["l_returnflag", "l_linestatus"],"Plans": [{"Node Type": "Gather Merge","Parent Relationship": "Outer","Parallel Aware": false,"Async Capable": false,"Startup Cost": 183854.21,"Total Cost": 183857.08,"Plan Rows": 24,"Plan Width": 236,"Actual Startup Time": 1621.057,"Actual Total Time": 1653.343,"Actual Rows": 20,"Actual Loops": 1,"Workers Planned": 4,"Workers Launched": 4,"Plans": [{"Node Type": "Sort","Parent Relationship": "Outer","Parallel Aware": false,"Async Capable": false,"Startup Cost": 182854.15,"Total Cost": 182854.16,"Plan Rows": 6,"Plan Width": 236,"Actual Startup Time": 1613.630,"Actual Total Time": 1613.634,"Actual Rows": 4,"Actual Loops": 5,"Sort Key": ["l_returnflag", "l_linestatus"],"Sort Method": "quicksort","Sort Space Used": 27,"Sort Space Type": "Memory","Workers": [{"Worker Number": 0,"Sort Method": "quicksort","Sort Space Used": 27,"Sort Space Type": "Memory"},{"Worker Number": 1,"Sort Method": "quicksort","Sort Space Used": 27,"Sort Space Type": "Memory"},{"Worker Number": 2,"Sort Method": "quicksort","Sort Space Used": 27,"Sort Space Type": "Memory"},{"Worker Number": 3,"Sort Method": "quicksort","Sort Space Used": 27,"Sort Space Type": "Memory"}],"Plans": [{"Node Type": "Aggregate","Strategy": "Hashed","Partial Mode": "Partial","Parent Relationship": "Outer","Parallel Aware": false,"Async Capable": false,"Startup Cost": 182853.94,"Total Cost": 182854.07,"Plan Rows": 6,"Plan Width": 236,"Actual Startup Time": 1613.488,"Actual Total Time": 1613.497,"Actual Rows": 4,"Actual Loops": 5,"Group Key": ["l_returnflag", "l_linestatus"],"Planned Partitions": 0,"HashAgg Batches": 1,"Peak Memory Usage": 32,"Disk Usage": 0,"Workers": [{"Worker Number": 0,"HashAgg Batches": 1,"Peak Memory Usage": 32,"Disk Usage": 0},{"Worker Number": 1,"HashAgg Batches": 1,"Peak Memory Usage": 32,"Disk Usage": 0},{"Worker Number": 2,"HashAgg Batches": 1,"Peak Memory Usage": 32,"Disk Usage": 0},{"Worker Number": 3,"HashAgg Batches": 1,"Peak Memory Usage": 32,"Disk Usage": 0}],"Plans": [{"Node Type": "Seq Scan","Parent Relationship": "Outer","Parallel Aware": true,"Async Capable": false,"Relation Name": "lineitem","Alias": "lineitem","Startup Cost": 0.00,"Total Cost": 131256.80,"Plan Rows": 1474204,"Plan Width": 25,"Actual Startup Time": 0.040,"Actual Total Time": 601.833,"Actual Rows": 1179767,"Actual Loops": 5,"Filter": "(l_shipdate <= '1998-08-24 00:00:00'::timestamp without time zone)","Rows Removed by Filter": 20476,"Workers": []}]}]}]}]},"Planning Time": 2.415,"Triggers": [],"Execution Time": 1653.758}]
[{"Plan": {"Node Type": "Aggregate","Strategy": "Sorted","Partial Mode": "Finalize","Parallel Aware": false,"Async Capable": false,"Startup Cost": 183553.21,"Total Cost": 183557.03,"Plan Rows": 6,"Plan Width": 236,"Actual Startup Time": 1635.166,"Actual Total Time": 1668.798,"Actual Rows": 4,"Actual Loops": 1,"Group Key": ["l_returnflag", "l_linestatus"],"Plans": [{"Node Type": "Gather Merge","Parent Relationship": "Outer","Parallel Aware": false,"Async Capable": false,"Startup Cost": 183553.21,"Total Cost": 183556.08,"Plan Rows": 24,"Plan Width": 236,"Actual Startup Time": 1635.051,"Actual Total Time": 1668.649,"Actual Rows": 20,"Actual Loops": 1,"Workers Planned": 4,"Workers Launched": 4,"Plans": [{"Node Type": "Sort","Parent Relationship": "Outer","Parallel Aware": false,"Async Capable": false,"Startup Cost": 182553.15,"Total Cost": 182553.16,"Plan Rows": 6,"Plan Width": 236,"Actual Startup Time": 1627.853,"Actual Total Time": 1627.855,"Actual Rows": 4,"Actual Loops": 5,"Sort Key": ["l_returnflag", "l_linestatus"],"Sort Method": "quicksort","Sort Space Used": 27,"Sort Space Type": "Memory","Workers": [{"Worker Number": 0,"Sort Method": "quicksort","Sort Space Used": 27,"Sort Space Type": "Memory"},{"Worker Number": 1,"Sort Method": "quicksort","Sort Space Used": 27,"Sort Space Type": "Memory"},{"Worker Number": 2,"Sort Method": "quicksort","Sort Space Used": 27,"Sort Space Type": "Memory"},{"Worker Number": 3,"Sort Method": "quicksort","Sort Space Used": 27,"Sort Space Type": "Memory"}],"Plans": [{"Node Type": "Aggregate","Strategy": "Hashed","Partial Mode": "Partial","Parent Relationship": "Outer","Parallel Aware": false,"Async Capable": false,"Startup Cost": 182552.94,"Total Cost": 182553.07,"Plan Rows": 6,"Plan Width": 236,"Actual Startup Time": 1627.778,"Actual Total Time": 1627.785,"Actual Rows": 4,"Actual Loops": 5,"Group Key": ["l_returnflag", "l_linestatus"],"Planned Partitions": 0,"HashAgg Batches": 1,"Peak Memory Usage": 32,"Disk Usage": 0,"Workers": [{"Worker Number": 0,"HashAgg Batches": 1,"Peak Memory Usage": 32,"Disk Usage": 0},{"Worker Number": 1,"HashAgg Batches": 1,"Peak Memory Usage": 32,"Disk Usage": 0},{"Worker Number": 2,"HashAgg Batches": 1,"Peak Memory Usage": 32,"Disk Usage": 0},{"Worker Number": 3,"HashAgg Batches": 1,"Peak Memory Usage": 32,"Disk Usage": 0}],"Plans": [{"Node Type": "Seq Scan","Parent Relationship": "Outer","Parallel Aware": true,"Async Capable": false,"Relation Name": "lineitem","Alias": "lineitem","Startup Cost": 0.00,"Total Cost": 131256.80,"Plan Rows": 1465604,"Plan Width": 25,"Actual Startup Time": 0.035,"Actual Total Time": 612.801,"Actual Rows": 1172151,"Actual Loops": 5,"Filter": "(l_shipdate <= '1998-08-07 00:00:00'::timestamp without time zone)","Rows Removed by Filter": 28092,"Workers": []}]}]}]}]},"Planning Time": 2.559,"Triggers": [],"Execution Time": 1669.138}]
[{"Plan": {"Node Type": "Aggregate","Strategy": "Sorted","Partial Mode": "Finalize","Parallel Aware": false,"Async Capable": false,"Startup Cost": 184128.26,"Total Cost": 184132.08,"Plan Rows": 6,"Plan Width": 236,"Actual Startup Time": 1649.132,"Actual Total Time": 1683.354,"Actual Rows": 4,"Actual Loops": 1,"Group Key": ["l_returnflag", "l_linestatus"],"Plans": [{"Node Type": "Gather Merge","Parent Relationship": "Outer","Parallel Aware": false,"Async Capable": false,"Startup Cost": 184128.26,"Total Cost": 184131.13,"Plan Rows": 24,"Plan Width": 236,"Actual Startup Time": 1649.053,"Actual Total Time": 1683.242,"Actual Rows": 20,"Actual Loops": 1,"Workers Planned": 4,"Workers Launched": 4,"Plans": [{"Node Type": "Sort","Parent Relationship": "Outer","Parallel Aware": false,"Async Capable": false,"Startup Cost": 183128.20,"Total Cost": 183128.21,"Plan Rows": 6,"Plan Width": 236,"Actual Startup Time": 1640.585,"Actual Total Time": 1640.592,"Actual Rows": 4,"Actual Loops": 5,"Sort Key": ["l_returnflag", "l_linestatus"],"Sort Method": "quicksort","Sort Space Used": 27,"Sort Space Type": "Memory","Workers": [{"Worker Number": 0,"Sort Method": "quicksort","Sort Space Used": 27,"Sort Space Type": "Memory"},{"Worker Number": 1,"Sort Method": "quicksort","Sort Space Used": 27,"Sort Space Type": "Memory"},{"Worker Number": 2,"Sort Method": "quicksort","Sort Space Used": 27,"Sort Space Type": "Memory"},{"Worker Number": 3,"Sort Method": "quicksort","Sort Space Used": 27,"Sort Space Type": "Memory"}],"Plans": [{"Node Type": "Aggregate","Strategy": "Hashed","Partial Mode": "Partial","Parent Relationship": "Outer","Parallel Aware": false,"Async Capable": false,"Startup Cost": 183127.99,"Total Cost": 183128.12,"Plan Rows": 6,"Plan Width": 236,"Actual Startup Time": 1640.479,"Actual Total Time": 1640.488,"Actual Rows": 4,"Actual Loops": 5,"Group Key": ["l_returnflag", "l_linestatus"],"Planned Partitions": 0,"HashAgg Batches": 1,"Peak Memory Usage": 32,"Disk Usage": 0,"Workers": [{"Worker Number": 0,"HashAgg Batches": 1,"Peak Memory Usage": 32,"Disk Usage": 0},{"Worker Number": 1,"HashAgg Batches": 1,"Peak Memory Usage": 32,"Disk Usage": 0},{"Worker Number": 2,"HashAgg Batches": 1,"Peak Memory Usage": 32,"Disk Usage": 0},{"Worker Number": 3,"HashAgg Batches": 1,"Peak Memory Usage": 32,"Disk Usage": 0}],"Plans": [{"Node Type": "Seq Scan","Parent Relationship": "Outer","Parallel Aware": true,"Async Capable": false,"Relation Name": "lineitem","Alias": "lineitem","Startup Cost": 0.00,"Total Cost": 131256.80,"Plan Rows": 1482034,"Plan Width": 25,"Actual Startup Time": 0.041,"Actual Total Time": 618.594,"Actual Rows": 1186531,"Actual Loops": 5,"Filter": "(l_shipdate <= '1998-09-11 00:00:00'::timestamp without time zone)","Rows Removed by Filter": 13712,"Workers": []}]}]}]}]},"Planning Time": 2.806,"Triggers": [],"Execution Time": 1683.749}]
[{"Plan": {"Node Type": "Aggregate","Strategy": "Sorted","Partial Mode": "Finalize","Parallel Aware": false,"Async Capable": false,"Startup Cost": 184313.86,"Total Cost": 184317.68,"Plan Rows": 6,"Plan Width": 236,"Actual Startup Time": 1657.091,"Actual Total Time": 1690.885,"Actual Rows": 4,"Actual Loops": 1,"Group Key": ["l_returnflag", "l_linestatus"],"Plans": [{"Node Type": "Gather Merge","Parent Relationship": "Outer","Parallel Aware": false,"Async Capable": false,"Startup Cost": 184313.86,"Total Cost": 184316.74,"Plan Rows": 24,"Plan Width": 236,"Actual Startup Time": 1657.029,"Actual Total Time": 1690.788,"Actual Rows": 20,"Actual Loops": 1,"Workers Planned": 4,"Workers Launched": 4,"Plans": [{"Node Type": "Sort","Parent Relationship": "Outer","Parallel Aware": false,"Async Capable": false,"Startup Cost": 183313.80,"Total Cost": 183313.82,"Plan Rows": 6,"Plan Width": 236,"Actual Startup Time": 1648.712,"Actual Total Time": 1648.718,"Actual Rows": 4,"Actual Loops": 5,"Sort Key": ["l_returnflag", "l_linestatus"],"Sort Method": "quicksort","Sort Space Used": 27,"Sort Space Type": "Memory","Workers": [{"Worker Number": 0,"Sort Method": "quicksort","Sort Space Used": 27,"Sort Space Type": "Memory"},{"Worker Number": 1,"Sort Method": "quicksort","Sort Space Used": 27,"Sort Space Type": "Memory"},{"Worker Number": 2,"Sort Method": "quicksort","Sort Space Used": 27,"Sort Space Type": "Memory"},{"Worker Number": 3,"Sort Method": "quicksort","Sort Space Used": 27,"Sort Space Type": "Memory"}],"Plans": [{"Node Type": "Aggregate","Strategy": "Hashed","Partial Mode": "Partial","Parent Relationship": "Outer","Parallel Aware": false,"Async Capable": false,"Startup Cost": 183313.59,"Total Cost": 183313.73,"Plan Rows": 6,"Plan Width": 236,"Actual Startup Time": 1648.607,"Actual Total Time": 1648.618,"Actual Rows": 4,"Actual Loops": 5,"Group Key": ["l_returnflag", "l_linestatus"],"Planned Partitions": 0,"HashAgg Batches": 1,"Peak Memory Usage": 32,"Disk Usage": 0,"Workers": [{"Worker Number": 0,"HashAgg Batches": 1,"Peak Memory Usage": 32,"Disk Usage": 0},{"Worker Number": 1,"HashAgg Batches": 1,"Peak Memory Usage": 32,"Disk Usage": 0},{"Worker Number": 2,"HashAgg Batches": 1,"Peak Memory Usage": 32,"Disk Usage": 0},{"Worker Number": 3,"HashAgg Batches": 1,"Peak Memory Usage": 32,"Disk Usage": 0}],"Plans": [{"Node Type": "Seq Scan","Parent Relationship": "Outer","Parallel Aware": true,"Async Capable": false,"Relation Name": "lineitem","Alias": "lineitem","Startup Cost": 0.00,"Total Cost": 131256.80,"Plan Rows": 1487337,"Plan Width": 25,"Actual Startup Time": 0.037,"Actual Total Time": 622.318,"Actual Rows": 1191638,"Actual Loops": 5,"Filter": "(l_shipdate <= '1998-09-28 00:00:00'::timestamp without time zone)","Rows Removed by Filter": 8605,"Workers": []}]}]}]}]},"Planning Time": 3.442,"Triggers": [],"Execution Time": 1691.344}]
[{"Plan": {"Node Type": "Aggregate","Strategy": "Sorted","Partial Mode": "Finalize","Parallel Aware": false,"Async Capable": false,"Startup Cost": 183652.75,"Total Cost": 183656.57,"Plan Rows": 6,"Plan Width": 236,"Actual Startup Time": 1624.037,"Actual Total Time": 1657.979,"Actual Rows": 4,"Actual Loops": 1,"Group Key": ["l_returnflag", "l_linestatus"],"Plans": [{"Node Type": "Gather Merge","Parent Relationship": "Outer","Parallel Aware": false,"Async Capable": false,"Startup Cost": 183652.75,"Total Cost": 183655.62,"Plan Rows": 24,"Plan Width": 236,"Actual Startup Time": 1623.893,"Actual Total Time": 1657.849,"Actual Rows": 20,"Actual Loops": 1,"Workers Planned": 4,"Workers Launched": 4,"Plans": [{"Node Type": "Sort","Parent Relationship": "Outer","Parallel Aware": false,"Async Capable": false,"Startup Cost": 182652.69,"Total Cost": 182652.70,"Plan Rows": 6,"Plan Width": 236,"Actual Startup Time": 1616.446,"Actual Total Time": 1616.451,"Actual Rows": 4,"Actual Loops": 5,"Sort Key": ["l_returnflag", "l_linestatus"],"Sort Method": "quicksort","Sort Space Used": 27,"Sort Space Type": "Memory","Workers": [{"Worker Number": 0,"Sort Method": "quicksort","Sort Space Used": 27,"Sort Space Type": "Memory"},{"Worker Number": 1,"Sort Method": "quicksort","Sort Space Used": 27,"Sort Space Type": "Memory"},{"Worker Number": 2,"Sort Method": "quicksort","Sort Space Used": 27,"Sort Space Type": "Memory"},{"Worker Number": 3,"Sort Method": "quicksort","Sort Space Used": 27,"Sort Space Type": "Memory"}],"Plans": [{"Node Type": "Aggregate","Strategy": "Hashed","Partial Mode": "Partial","Parent Relationship": "Outer","Parallel Aware": false,"Async Capable": false,"Startup Cost": 182652.48,"Total Cost": 182652.61,"Plan Rows": 6,"Plan Width": 236,"Actual Startup Time": 1616.349,"Actual Total Time": 1616.357,"Actual Rows": 4,"Actual Loops": 5,"Group Key": ["l_returnflag", "l_linestatus"],"Planned Partitions": 0,"HashAgg Batches": 1,"Peak Memory Usage": 32,"Disk Usage": 0,"Workers": [{"Worker Number": 0,"HashAgg Batches": 1,"Peak Memory Usage": 32,"Disk Usage": 0},{"Worker Number": 1,"HashAgg Batches": 1,"Peak Memory Usage": 32,"Disk Usage": 0},{"Worker Number": 2,"HashAgg Batches": 1,"Peak Memory Usage": 32,"Disk Usage": 0},{"Worker Number": 3,"HashAgg Batches": 1,"Peak Memory Usage": 32,"Disk Usage": 0}],"Plans": [{"Node Type": "Seq Scan","Parent Relationship": "Outer","Parallel Aware": true,"Async Capable": false,"Relation Name": "lineitem","Alias": "lineitem","Startup Cost": 0.00,"Total Cost": 131256.80,"Plan Rows": 1468448,"Plan Width": 25,"Actual Startup Time": 0.039,"Actual Total Time": 608.174,"Actual Rows": 1174542,"Actual Loops": 5,"Filter": "(l_shipdate <= '1998-08-12 00:00:00'::timestamp without time zone)","Rows Removed by Filter": 25701,"Workers": []}]}]}]}]},"Planning Time": 2.541,"Triggers": [],"Execution Time": 1658.369}]
[{"Plan": {"Node Type": "Aggregate","Strategy": "Sorted","Partial Mode": "Finalize","Parallel Aware": false,"Async Capable": false,"Startup Cost": 184299.69,"Total Cost": 184303.51,"Plan Rows": 6,"Plan Width": 236,"Actual Startup Time": 1646.398,"Actual Total Time": 1680.381,"Actual Rows": 4,"Actual Loops": 1,"Group Key": ["l_returnflag", "l_linestatus"],"Plans": [{"Node Type": "Gather Merge","Parent Relationship": "Outer","Parallel Aware": false,"Async Capable": false,"Startup Cost": 184299.69,"Total Cost": 184302.56,"Plan Rows": 24,"Plan Width": 236,"Actual Startup Time": 1646.328,"Actual Total Time": 1680.272,"Actual Rows": 20,"Actual Loops": 1,"Workers Planned": 4,"Workers Launched": 4,"Plans": [{"Node Type": "Sort","Parent Relationship": "Outer","Parallel Aware": false,"Async Capable": false,"Startup Cost": 183299.63,"Total Cost": 183299.64,"Plan Rows": 6,"Plan Width": 236,"Actual Startup Time": 1638.706,"Actual Total Time": 1638.709,"Actual Rows": 4,"Actual Loops": 5,"Sort Key": ["l_returnflag", "l_linestatus"],"Sort Method": "quicksort","Sort Space Used": 27,"Sort Space Type": "Memory","Workers": [{"Worker Number": 0,"Sort Method": "quicksort","Sort Space Used": 27,"Sort Space Type": "Memory"},{"Worker Number": 1,"Sort Method": "quicksort","Sort Space Used": 27,"Sort Space Type": "Memory"},{"Worker Number": 2,"Sort Method": "quicksort","Sort Space Used": 27,"Sort Space Type": "Memory"},{"Worker Number": 3,"Sort Method": "quicksort","Sort Space Used": 27,"Sort Space Type": "Memory"}],"Plans": [{"Node Type": "Aggregate","Strategy": "Hashed","Partial Mode": "Partial","Parent Relationship": "Outer","Parallel Aware": false,"Async Capable": false,"Startup Cost": 183299.42,"Total Cost": 183299.55,"Plan Rows": 6,"Plan Width": 236,"Actual Startup Time": 1638.541,"Actual Total Time": 1638.549,"Actual Rows": 4,"Actual Loops": 5,"Group Key": ["l_returnflag", "l_linestatus"],"Planned Partitions": 0,"HashAgg Batches": 1,"Peak Memory Usage": 32,"Disk Usage": 0,"Workers": [{"Worker Number": 0,"HashAgg Batches": 1,"Peak Memory Usage": 32,"Disk Usage": 0},{"Worker Number": 1,"HashAgg Batches": 1,"Peak Memory Usage": 32,"Disk Usage": 0},{"Worker Number": 2,"HashAgg Batches": 1,"Peak Memory Usage": 32,"Disk Usage": 0},{"Worker Number": 3,"HashAgg Batches": 1,"Peak Memory Usage": 32,"Disk Usage": 0}],"Plans": [{"Node Type": "Seq Scan","Parent Relationship": "Outer","Parallel Aware": true,"Async Capable": false,"Relation Name": "lineitem","Alias": "lineitem","Startup Cost": 0.00,"Total Cost": 131256.80,"Plan Rows": 1486932,"Plan Width": 25,"Actual Startup Time": 0.035,"Actual Total Time": 615.515,"Actual Rows": 1191104,"Actual Loops": 5,"Filter": "(l_shipdate <= '1998-09-26 00:00:00'::timestamp without time zone)","Rows Removed by Filter": 9139,"Workers": []}]}]}]}]},"Planning Time": 3.172,"Triggers": [],"Execution Time": 1680.799}]
[{"Plan": {"Node Type": "Aggregate","Strategy": "Sorted","Partial Mode": "Finalize","Parallel Aware": false,"Async Capable": false,"Startup Cost": 183823.76,"Total Cost": 183827.58,"Plan Rows": 6,"Plan Width": 236,"Actual Startup Time": 1622.288,"Actual Total Time": 1656.246,"Actual Rows": 4,"Actual Loops": 1,"Group Key": ["l_returnflag", "l_linestatus"],"Plans": [{"Node Type": "Gather Merge","Parent Relationship": "Outer","Parallel Aware": false,"Async Capable": false,"Startup Cost": 183823.76,"Total Cost": 183826.63,"Plan Rows": 24,"Plan Width": 236,"Actual Startup Time": 1622.220,"Actual Total Time": 1656.142,"Actual Rows": 20,"Actual Loops": 1,"Workers Planned": 4,"Workers Launched": 4,"Plans": [{"Node Type": "Sort","Parent Relationship": "Outer","Parallel Aware": false,"Async Capable": false,"Startup Cost": 182823.70,"Total Cost": 182823.71,"Plan Rows": 6,"Plan Width": 236,"Actual Startup Time": 1613.903,"Actual Total Time": 1613.909,"Actual Rows": 4,"Actual Loops": 5,"Sort Key": ["l_returnflag", "l_linestatus"],"Sort Method": "quicksort","Sort Space Used": 27,"Sort Space Type": "Memory","Workers": [{"Worker Number": 0,"Sort Method": "quicksort","Sort Space Used": 27,"Sort Space Type": "Memory"},{"Worker Number": 1,"Sort Method": "quicksort","Sort Space Used": 27,"Sort Space Type": "Memory"},{"Worker Number": 2,"Sort Method": "quicksort","Sort Space Used": 27,"Sort Space Type": "Memory"},{"Worker Number": 3,"Sort Method": "quicksort","Sort Space Used": 27,"Sort Space Type": "Memory"}],"Plans": [{"Node Type": "Aggregate","Strategy": "Hashed","Partial Mode": "Partial","Parent Relationship": "Outer","Parallel Aware": false,"Async Capable": false,"Startup Cost": 182823.49,"Total Cost": 182823.62,"Plan Rows": 6,"Plan Width": 236,"Actual Startup Time": 1613.785,"Actual Total Time": 1613.796,"Actual Rows": 4,"Actual Loops": 5,"Group Key": ["l_returnflag", "l_linestatus"],"Planned Partitions": 0,"HashAgg Batches": 1,"Peak Memory Usage": 32,"Disk Usage": 0,"Workers": [{"Worker Number": 0,"HashAgg Batches": 1,"Peak Memory Usage": 32,"Disk Usage": 0},{"Worker Number": 1,"HashAgg Batches": 1,"Peak Memory Usage": 32,"Disk Usage": 0},{"Worker Number": 2,"HashAgg Batches": 1,"Peak Memory Usage": 32,"Disk Usage": 0},{"Worker Number": 3,"HashAgg Batches": 1,"Peak Memory Usage": 32,"Disk Usage": 0}],"Plans": [{"Node Type": "Seq Scan","Parent Relationship": "Outer","Parallel Aware": true,"Async Capable": false,"Relation Name": "lineitem","Alias": "lineitem","Startup Cost": 0.00,"Total Cost": 131256.80,"Plan Rows": 1473334,"Plan Width": 25,"Actual Startup Time": 0.047,"Actual Total Time": 599.978,"Actual Rows": 1178947,"Actual Loops": 5,"Filter": "(l_shipdate <= '1998-08-22 00:00:00'::timestamp without time zone)","Rows Removed by Filter": 21296,"Workers": []}]}]}]}]},"Planning Time": 2.579,"Triggers": [],"Execution Time": 1656.641}]
[{"Plan": {"Node Type": "Aggregate","Strategy": "Sorted","Partial Mode": "Finalize","Parallel Aware": false,"Async Capable": false,"Startup Cost": 183793.31,"Total Cost": 183797.13,"Plan Rows": 6,"Plan Width": 236,"Actual Startup Time": 1633.248,"Actual Total Time": 1668.137,"Actual Rows": 4,"Actual Loops": 1,"Group Key": ["l_returnflag", "l_linestatus"],"Plans": [{"Node Type": "Gather Merge","Parent Relationship": "Outer","Parallel Aware": false,"Async Capable": false,"Startup Cost": 183793.31,"Total Cost": 183796.18,"Plan Rows": 24,"Plan Width": 236,"Actual Startup Time": 1633.183,"Actual Total Time": 1668.026,"Actual Rows": 20,"Actual Loops": 1,"Workers Planned": 4,"Workers Launched": 4,"Plans": [{"Node Type": "Sort","Parent Relationship": "Outer","Parallel Aware": false,"Async Capable": false,"Startup Cost": 182793.25,"Total Cost": 182793.26,"Plan Rows": 6,"Plan Width": 236,"Actual Startup Time": 1625.306,"Actual Total Time": 1625.310,"Actual Rows": 4,"Actual Loops": 5,"Sort Key": ["l_returnflag", "l_linestatus"],"Sort Method": "quicksort","Sort Space Used": 27,"Sort Space Type": "Memory","Workers": [{"Worker Number": 0,"Sort Method": "quicksort","Sort Space Used": 27,"Sort Space Type": "Memory"},{"Worker Number": 1,"Sort Method": "quicksort","Sort Space Used": 27,"Sort Space Type": "Memory"},{"Worker Number": 2,"Sort Method": "quicksort","Sort Space Used": 27,"Sort Space Type": "Memory"},{"Worker Number": 3,"Sort Method": "quicksort","Sort Space Used": 27,"Sort Space Type": "Memory"}],"Plans": [{"Node Type": "Aggregate","Strategy": "Hashed","Partial Mode": "Partial","Parent Relationship": "Outer","Parallel Aware": false,"Async Capable": false,"Startup Cost": 182793.04,"Total Cost": 182793.17,"Plan Rows": 6,"Plan Width": 236,"Actual Startup Time": 1625.208,"Actual Total Time": 1625.216,"Actual Rows": 4,"Actual Loops": 5,"Group Key": ["l_returnflag", "l_linestatus"],"Planned Partitions": 0,"HashAgg Batches": 1,"Peak Memory Usage": 32,"Disk Usage": 0,"Workers": [{"Worker Number": 0,"HashAgg Batches": 1,"Peak Memory Usage": 32,"Disk Usage": 0},{"Worker Number": 1,"HashAgg Batches": 1,"Peak Memory Usage": 32,"Disk Usage": 0},{"Worker Number": 2,"HashAgg Batches": 1,"Peak Memory Usage": 32,"Disk Usage": 0},{"Worker Number": 3,"HashAgg Batches": 1,"Peak Memory Usage": 32,"Disk Usage": 0}],"Plans": [{"Node Type": "Seq Scan","Parent Relationship": "Outer","Parallel Aware": true,"Async Capable": false,"Relation Name": "lineitem","Alias": "lineitem","Startup Cost": 0.00,"Total Cost": 131256.80,"Plan Rows": 1472464,"Plan Width": 25,"Actual Startup Time": 0.041,"Actual Total Time": 612.099,"Actual Rows": 1178099,"Actual Loops": 5,"Filter": "(l_shipdate <= '1998-08-20 00:00:00'::timestamp without time zone)","Rows Removed by Filter": 22144,"Workers": []}]}]}]}]},"Planning Time": 3.085,"Triggers": [],"Execution Time": 1668.560}]
[{"Plan": {"Node Type": "Aggregate","Strategy": "Sorted","Partial Mode": "Finalize","Parallel Aware": false,"Async Capable": false,"Startup Cost": 184097.81,"Total Cost": 184101.63,"Plan Rows": 6,"Plan Width": 236,"Actual Startup Time": 1624.808,"Actual Total Time": 1658.521,"Actual Rows": 4,"Actual Loops": 1,"Group Key": ["l_returnflag", "l_linestatus"],"Plans": [{"Node Type": "Gather Merge","Parent Relationship": "Outer","Parallel Aware": false,"Async Capable": false,"Startup Cost": 184097.81,"Total Cost": 184100.68,"Plan Rows": 24,"Plan Width": 236,"Actual Startup Time": 1624.718,"Actual Total Time": 1658.389,"Actual Rows": 20,"Actual Loops": 1,"Workers Planned": 4,"Workers Launched": 4,"Plans": [{"Node Type": "Sort","Parent Relationship": "Outer","Parallel Aware": false,"Async Capable": false,"Startup Cost": 183097.75,"Total Cost": 183097.76,"Plan Rows": 6,"Plan Width": 236,"Actual Startup Time": 1616.102,"Actual Total Time": 1616.107,"Actual Rows": 4,"Actual Loops": 5,"Sort Key": ["l_returnflag", "l_linestatus"],"Sort Method": "quicksort","Sort Space Used": 27,"Sort Space Type": "Memory","Workers": [{"Worker Number": 0,"Sort Method": "quicksort","Sort Space Used": 27,"Sort Space Type": "Memory"},{"Worker Number": 1,"Sort Method": "quicksort","Sort Space Used": 27,"Sort Space Type": "Memory"},{"Worker Number": 2,"Sort Method": "quicksort","Sort Space Used": 27,"Sort Space Type": "Memory"},{"Worker Number": 3,"Sort Method": "quicksort","Sort Space Used": 27,"Sort Space Type": "Memory"}],"Plans": [{"Node Type": "Aggregate","Strategy": "Hashed","Partial Mode": "Partial","Parent Relationship": "Outer","Parallel Aware": false,"Async Capable": false,"Startup Cost": 183097.54,"Total Cost": 183097.67,"Plan Rows": 6,"Plan Width": 236,"Actual Startup Time": 1615.975,"Actual Total Time": 1615.986,"Actual Rows": 4,"Actual Loops": 5,"Group Key": ["l_returnflag", "l_linestatus"],"Planned Partitions": 0,"HashAgg Batches": 1,"Peak Memory Usage": 32,"Disk Usage": 0,"Workers": [{"Worker Number": 0,"HashAgg Batches": 1,"Peak Memory Usage": 32,"Disk Usage": 0},{"Worker Number": 1,"HashAgg Batches": 1,"Peak Memory Usage": 32,"Disk Usage": 0},{"Worker Number": 2,"HashAgg Batches": 1,"Peak Memory Usage": 32,"Disk Usage": 0},{"Worker Number": 3,"HashAgg Batches": 1,"Peak Memory Usage": 32,"Disk Usage": 0}],"Plans": [{"Node Type": "Seq Scan","Parent Relationship": "Outer","Parallel Aware": true,"Async Capable": false,"Relation Name": "lineitem","Alias": "lineitem","Startup Cost": 0.00,"Total Cost": 131256.80,"Plan Rows": 1481164,"Plan Width": 25,"Actual Startup Time": 0.044,"Actual Total Time": 598.688,"Actual Rows": 1185852,"Actual Loops": 5,"Filter": "(l_shipdate <= '1998-09-09 00:00:00'::timestamp without time zone)","Rows Removed by Filter": 14391,"Workers": []}]}]}]}]},"Planning Time": 3.148,"Triggers": [],"Execution Time": 1658.881}]
[{"Plan": {"Node Type": "Aggregate","Strategy": "Sorted","Partial Mode": "Finalize","Parallel Aware": false,"Async Capable": false,"Startup Cost": 184219.61,"Total Cost": 184223.43,"Plan Rows": 6,"Plan Width": 236,"Actual Startup Time": 1646.602,"Actual Total Time": 1679.901,"Actual Rows": 4,"Actual Loops": 1,"Group Key": ["l_returnflag", "l_linestatus"],"Plans": [{"Node Type": "Gather Merge","Parent Relationship": "Outer","Parallel Aware": false,"Async Capable": false,"Startup Cost": 184219.61,"Total Cost": 184222.48,"Plan Rows": 24,"Plan Width": 236,"Actual Startup Time": 1646.535,"Actual Total Time": 1679.806,"Actual Rows": 20,"Actual Loops": 1,"Workers Planned": 4,"Workers Launched": 4,"Plans": [{"Node Type": "Sort","Parent Relationship": "Outer","Parallel Aware": false,"Async Capable": false,"Startup Cost": 183219.55,"Total Cost": 183219.56,"Plan Rows": 6,"Plan Width": 236,"Actual Startup Time": 1638.551,"Actual Total Time": 1638.556,"Actual Rows": 4,"Actual Loops": 5,"Sort Key": ["l_returnflag", "l_linestatus"],"Sort Method": "quicksort","Sort Space Used": 27,"Sort Space Type": "Memory","Workers": [{"Worker Number": 0,"Sort Method": "quicksort","Sort Space Used": 27,"Sort Space Type": "Memory"},{"Worker Number": 1,"Sort Method": "quicksort","Sort Space Used": 27,"Sort Space Type": "Memory"},{"Worker Number": 2,"Sort Method": "quicksort","Sort Space Used": 27,"Sort Space Type": "Memory"},{"Worker Number": 3,"Sort Method": "quicksort","Sort Space Used": 27,"Sort Space Type": "Memory"}],"Plans": [{"Node Type": "Aggregate","Strategy": "Hashed","Partial Mode": "Partial","Parent Relationship": "Outer","Parallel Aware": false,"Async Capable": false,"Startup Cost": 183219.34,"Total Cost": 183219.47,"Plan Rows": 6,"Plan Width": 236,"Actual Startup Time": 1638.441,"Actual Total Time": 1638.450,"Actual Rows": 4,"Actual Loops": 5,"Group Key": ["l_returnflag", "l_linestatus"],"Planned Partitions": 0,"HashAgg Batches": 1,"Peak Memory Usage": 32,"Disk Usage": 0,"Workers": [{"Worker Number": 0,"HashAgg Batches": 1,"Peak Memory Usage": 32,"Disk Usage": 0},{"Worker Number": 1,"HashAgg Batches": 1,"Peak Memory Usage": 32,"Disk Usage": 0},{"Worker Number": 2,"HashAgg Batches": 1,"Peak Memory Usage": 32,"Disk Usage": 0},{"Worker Number": 3,"HashAgg Batches": 1,"Peak Memory Usage": 32,"Disk Usage": 0}],"Plans": [{"Node Type": "Seq Scan","Parent Relationship": "Outer","Parallel Aware": true,"Async Capable": false,"Relation Name": "lineitem","Alias": "lineitem","Startup Cost": 0.00,"Total Cost": 131256.80,"Plan Rows": 1484644,"Plan Width": 25,"Actual Startup Time": 0.045,"Actual Total Time": 617.400,"Actual Rows": 1188486,"Actual Loops": 5,"Filter": "(l_shipdate <= '1998-09-17 00:00:00'::timestamp without time zone)","Rows Removed by Filter": 11757,"Workers": []}]}]}]}]},"Planning Time": 3.561,"Triggers": [],"Execution Time": 1680.351}]
[{"Plan": {"Node Type": "Aggregate","Strategy": "Sorted","Partial Mode": "Finalize","Parallel Aware": false,"Async Capable": false,"Startup Cost": 184113.03,"Total Cost": 184116.85,"Plan Rows": 6,"Plan Width": 236,"Actual Startup Time": 1626.286,"Actual Total Time": 1659.080,"Actual Rows": 4,"Actual Loops": 1,"Group Key": ["l_returnflag", "l_linestatus"],"Plans": [{"Node Type": "Gather Merge","Parent Relationship": "Outer","Parallel Aware": false,"Async Capable": false,"Startup Cost": 184113.03,"Total Cost": 184115.91,"Plan Rows": 24,"Plan Width": 236,"Actual Startup Time": 1626.211,"Actual Total Time": 1658.952,"Actual Rows": 20,"Actual Loops": 1,"Workers Planned": 4,"Workers Launched": 4,"Plans": [{"Node Type": "Sort","Parent Relationship": "Outer","Parallel Aware": false,"Async Capable": false,"Startup Cost": 183112.97,"Total Cost": 183112.99,"Plan Rows": 6,"Plan Width": 236,"Actual Startup Time": 1618.938,"Actual Total Time": 1618.943,"Actual Rows": 4,"Actual Loops": 5,"Sort Key": ["l_returnflag", "l_linestatus"],"Sort Method": "quicksort","Sort Space Used": 27,"Sort Space Type": "Memory","Workers": [{"Worker Number": 0,"Sort Method": "quicksort","Sort Space Used": 27,"Sort Space Type": "Memory"},{"Worker Number": 1,"Sort Method": "quicksort","Sort Space Used": 27,"Sort Space Type": "Memory"},{"Worker Number": 2,"Sort Method": "quicksort","Sort Space Used": 27,"Sort Space Type": "Memory"},{"Worker Number": 3,"Sort Method": "quicksort","Sort Space Used": 27,"Sort Space Type": "Memory"}],"Plans": [{"Node Type": "Aggregate","Strategy": "Hashed","Partial Mode": "Partial","Parent Relationship": "Outer","Parallel Aware": false,"Async Capable": false,"Startup Cost": 183112.76,"Total Cost": 183112.90,"Plan Rows": 6,"Plan Width": 236,"Actual Startup Time": 1618.825,"Actual Total Time": 1618.836,"Actual Rows": 4,"Actual Loops": 5,"Group Key": ["l_returnflag", "l_linestatus"],"Planned Partitions": 0,"HashAgg Batches": 1,"Peak Memory Usage": 32,"Disk Usage": 0,"Workers": [{"Worker Number": 0,"HashAgg Batches": 1,"Peak Memory Usage": 32,"Disk Usage": 0},{"Worker Number": 1,"HashAgg Batches": 1,"Peak Memory Usage": 32,"Disk Usage": 0},{"Worker Number": 2,"HashAgg Batches": 1,"Peak Memory Usage": 32,"Disk Usage": 0},{"Worker Number": 3,"HashAgg Batches": 1,"Peak Memory Usage": 32,"Disk Usage": 0}],"Plans": [{"Node Type": "Seq Scan","Parent Relationship": "Outer","Parallel Aware": true,"Async Capable": false,"Relation Name": "lineitem","Alias": "lineitem","Startup Cost": 0.00,"Total Cost": 131256.80,"Plan Rows": 1481599,"Plan Width": 25,"Actual Startup Time": 0.033,"Actual Total Time": 600.023,"Actual Rows": 1186191,"Actual Loops": 5,"Filter": "(l_shipdate <= '1998-09-10 00:00:00'::timestamp without time zone)","Rows Removed by Filter": 14052,"Workers": []}]}]}]}]},"Planning Time": 2.494,"Triggers": [],"Execution Time": 1659.387}]
[{"Plan": {"Node Type": "Aggregate","Strategy": "Sorted","Partial Mode": "Finalize","Parallel Aware": false,"Async Capable": false,"Startup Cost": 183960.78,"Total Cost": 183964.60,"Plan Rows": 6,"Plan Width": 236,"Actual Startup Time": 1647.401,"Actual Total Time": 1680.504,"Actual Rows": 4,"Actual Loops": 1,"Group Key": ["l_returnflag", "l_linestatus"],"Plans": [{"Node Type": "Gather Merge","Parent Relationship": "Outer","Parallel Aware": false,"Async Capable": false,"Startup Cost": 183960.78,"Total Cost": 183963.66,"Plan Rows": 24,"Plan Width": 236,"Actual Startup Time": 1647.346,"Actual Total Time": 1680.378,"Actual Rows": 20,"Actual Loops": 1,"Workers Planned": 4,"Workers Launched": 4,"Plans": [{"Node Type": "Sort","Parent Relationship": "Outer","Parallel Aware": false,"Async Capable": false,"Startup Cost": 182960.72,"Total Cost": 182960.74,"Plan Rows": 6,"Plan Width": 236,"Actual Startup Time": 1639.973,"Actual Total Time": 1639.976,"Actual Rows": 4,"Actual Loops": 5,"Sort Key": ["l_returnflag", "l_linestatus"],"Sort Method": "quicksort","Sort Space Used": 27,"Sort Space Type": "Memory","Workers": [{"Worker Number": 0,"Sort Method": "quicksort","Sort Space Used": 27,"Sort Space Type": "Memory"},{"Worker Number": 1,"Sort Method": "quicksort","Sort Space Used": 27,"Sort Space Type": "Memory"},{"Worker Number": 2,"Sort Method": "quicksort","Sort Space Used": 27,"Sort Space Type": "Memory"},{"Worker Number": 3,"Sort Method": "quicksort","Sort Space Used": 27,"Sort Space Type": "Memory"}],"Plans": [{"Node Type": "Aggregate","Strategy": "Hashed","Partial Mode": "Partial","Parent Relationship": "Outer","Parallel Aware": false,"Async Capable": false,"Startup Cost": 182960.51,"Total Cost": 182960.65,"Plan Rows": 6,"Plan Width": 236,"Actual Startup Time": 1639.892,"Actual Total Time": 1639.899,"Actual Rows": 4,"Actual Loops": 5,"Group Key": ["l_returnflag", "l_linestatus"],"Planned Partitions": 0,"HashAgg Batches": 1,"Peak Memory Usage": 32,"Disk Usage": 0,"Workers": [{"Worker Number": 0,"HashAgg Batches": 1,"Peak Memory Usage": 32,"Disk Usage": 0},{"Worker Number": 1,"HashAgg Batches": 1,"Peak Memory Usage": 32,"Disk Usage": 0},{"Worker Number": 2,"HashAgg Batches": 1,"Peak Memory Usage": 32,"Disk Usage": 0},{"Worker Number": 3,"HashAgg Batches": 1,"Peak Memory Usage": 32,"Disk Usage": 0}],"Plans": [{"Node Type": "Seq Scan","Parent Relationship": "Outer","Parallel Aware": true,"Async Capable": false,"Relation Name": "lineitem","Alias": "lineitem","Startup Cost": 0.00,"Total Cost": 131256.80,"Plan Rows": 1477249,"Plan Width": 25,"Actual Startup Time": 0.035,"Actual Total Time": 614.894,"Actual Rows": 1182556,"Actual Loops": 5,"Filter": "(l_shipdate <= '1998-08-31 00:00:00'::timestamp without time zone)","Rows Removed by Filter": 17687,"Workers": []}]}]}]}]},"Planning Time": 3.505,"Triggers": [],"Execution Time": 1680.895}]
[{"Plan": {"Node Type": "Aggregate","Strategy": "Sorted","Partial Mode": "Finalize","Parallel Aware": false,"Async Capable": false,"Startup Cost": 184219.61,"Total Cost": 184223.43,"Plan Rows": 6,"Plan Width": 236,"Actual Startup Time": 1646.602,"Actual Total Time": 1679.901,"Actual Rows": 4,"Actual Loops": 1,"Group Key": ["l_returnflag", "l_linestatus"],"Plans": [{"Node Type": "Gather Merge","Parent Relationship": "Outer","Parallel Aware": false,"Async Capable": false,"Startup Cost": 184219.61,"Total Cost": 184222.48,"Plan Rows": 24,"Plan Width": 236,"Actual Startup Time": 1646.535,"Actual Total Time": 1679.806,"Actual Rows": 20,"Actual Loops": 1,"Workers Planned": 4,"Workers Launched": 4,"Plans": [{"Node Type": "Sort","Parent Relationship": "Outer","Parallel Aware": false,"Async Capable": false,"Startup Cost": 183219.55,"Total Cost": 183219.56,"Plan Rows": 6,"Plan Width": 236,"Actual Startup Time": 1638.551,"Actual Total Time": 1638.556,"Actual Rows": 4,"Actual Loops": 5,"Sort Key": ["l_returnflag", "l_linestatus"],"Sort Method": "quicksort","Sort Space Used": 27,"Sort Space Type": "Memory","Workers": [{"Worker Number": 0,"Sort Method": "quicksort","Sort Space Used": 27,"Sort Space Type": "Memory"},{"Worker Number": 1,"Sort Method": "quicksort","Sort Space Used": 27,"Sort Space Type": "Memory"},{"Worker Number": 2,"Sort Method": "quicksort","Sort Space Used": 27,"Sort Space Type": "Memory"},{"Worker Number": 3,"Sort Method": "quicksort","Sort Space Used": 27,"Sort Space Type": "Memory"}],"Plans": [{"Node Type": "Aggregate","Strategy": "Hashed","Partial Mode": "Partial","Parent Relationship": "Outer","Parallel Aware": false,"Async Capable": false,"Startup Cost": 183219.34,"Total Cost": 183219.47,"Plan Rows": 6,"Plan Width": 236,"Actual Startup Time": 1638.441,"Actual Total Time": 1638.450,"Actual Rows": 4,"Actual Loops": 5,"Group Key": ["l_returnflag", "l_linestatus"],"Planned Partitions": 0,"HashAgg Batches": 1,"Peak Memory Usage": 32,"Disk Usage": 0,"Workers": [{"Worker Number": 0,"HashAgg Batches": 1,"Peak Memory Usage": 32,"Disk Usage": 0},{"Worker Number": 1,"HashAgg Batches": 1,"Peak Memory Usage": 32,"Disk Usage": 0},{"Worker Number": 2,"HashAgg Batches": 1,"Peak Memory Usage": 32,"Disk Usage": 0},{"Worker Number": 3,"HashAgg Batches": 1,"Peak Memory Usage": 32,"Disk Usage": 0}],"Plans": [{"Node Type": "Seq Scan","Parent Relationship": "Outer","Parallel Aware": true,"Async Capable": false,"Relation Name": "lineitem","Alias": "lineitem","Startup Cost": 0.00,"Total Cost": 131256.80,"Plan Rows": 1484644,"Plan Width": 25,"Actual Startup Time": 0.045,"Actual Total Time": 617.400,"Actual Rows": 1188486,"Actual Loops": 5,"Filter": "(l_shipdate <= '1998-09-17 00:00:00'::timestamp without time zone)","Rows Removed by Filter": 11757,"Workers": []}]}]}]}]},"Planning Time": 3.561,"Triggers": [],"Execution Time": 1680.351}]
[{"Plan": {"Node Type": "Aggregate","Strategy": "Sorted","Partial Mode": "Finalize","Parallel Aware": false,"Async Capable": false,"Startup Cost": 184052.13,"Total Cost": 184055.95,"Plan Rows": 6,"Plan Width": 236,"Actual Startup Time": 1616.943,"Actual Total Time": 1650.452,"Actual Rows": 4,"Actual Loops": 1,"Group Key": ["l_returnflag", "l_linestatus"],"Plans": [{"Node Type": "Gather Merge","Parent Relationship": "Outer","Parallel Aware": false,"Async Capable": false,"Startup Cost": 184052.13,"Total Cost": 184055.01,"Plan Rows": 24,"Plan Width": 236,"Actual Startup Time": 1616.881,"Actual Total Time": 1650.358,"Actual Rows": 20,"Actual Loops": 1,"Workers Planned": 4,"Workers Launched": 4,"Plans": [{"Node Type": "Sort","Parent Relationship": "Outer","Parallel Aware": false,"Async Capable": false,"Startup Cost": 183052.07,"Total Cost": 183052.09,"Plan Rows": 6,"Plan Width": 236,"Actual Startup Time": 1610.099,"Actual Total Time": 1610.103,"Actual Rows": 4,"Actual Loops": 5,"Sort Key": ["l_returnflag", "l_linestatus"],"Sort Method": "quicksort","Sort Space Used": 27,"Sort Space Type": "Memory","Workers": [{"Worker Number": 0,"Sort Method": "quicksort","Sort Space Used": 27,"Sort Space Type": "Memory"},{"Worker Number": 1,"Sort Method": "quicksort","Sort Space Used": 27,"Sort Space Type": "Memory"},{"Worker Number": 2,"Sort Method": "quicksort","Sort Space Used": 27,"Sort Space Type": "Memory"},{"Worker Number": 3,"Sort Method": "quicksort","Sort Space Used": 27,"Sort Space Type": "Memory"}],"Plans": [{"Node Type": "Aggregate","Strategy": "Hashed","Partial Mode": "Partial","Parent Relationship": "Outer","Parallel Aware": false,"Async Capable": false,"Startup Cost": 183051.86,"Total Cost": 183052.00,"Plan Rows": 6,"Plan Width": 236,"Actual Startup Time": 1609.932,"Actual Total Time": 1609.941,"Actual Rows": 4,"Actual Loops": 5,"Group Key": ["l_returnflag", "l_linestatus"],"Planned Partitions": 0,"HashAgg Batches": 1,"Peak Memory Usage": 32,"Disk Usage": 0,"Workers": [{"Worker Number": 0,"HashAgg Batches": 1,"Peak Memory Usage": 32,"Disk Usage": 0},{"Worker Number": 1,"HashAgg Batches": 1,"Peak Memory Usage": 32,"Disk Usage": 0},{"Worker Number": 2,"HashAgg Batches": 1,"Peak Memory Usage": 32,"Disk Usage": 0},{"Worker Number": 3,"HashAgg Batches": 1,"Peak Memory Usage": 32,"Disk Usage": 0}],"Plans": [{"Node Type": "Seq Scan","Parent Relationship": "Outer","Parallel Aware": true,"Async Capable": false,"Relation Name": "lineitem","Alias": "lineitem","Startup Cost": 0.00,"Total Cost": 131256.80,"Plan Rows": 1479859,"Plan Width": 25,"Actual Startup Time": 0.033,"Actual Total Time": 594.774,"Actual Rows": 1184794,"Actual Loops": 5,"Filter": "(l_shipdate <= '1998-09-06 00:00:00'::timestamp without time zone)","Rows Removed by Filter": 15449,"Workers": []}]}]}]}]},"Planning Time": 3.475,"Triggers": [],"Execution Time": 1650.848}]
[{"Plan": {"Node Type": "Aggregate","Strategy": "Sorted","Partial Mode": "Finalize","Parallel Aware": false,"Async Capable": false,"Startup Cost": 184313.86,"Total Cost": 184317.68,"Plan Rows": 6,"Plan Width": 236,"Actual Startup Time": 1657.091,"Actual Total Time": 1690.885,"Actual Rows": 4,"Actual Loops": 1,"Group Key": ["l_returnflag", "l_linestatus"],"Plans": [{"Node Type": "Gather Merge","Parent Relationship": "Outer","Parallel Aware": false,"Async Capable": false,"Startup Cost": 184313.86,"Total Cost": 184316.74,"Plan Rows": 24,"Plan Width": 236,"Actual Startup Time": 1657.029,"Actual Total Time": 1690.788,"Actual Rows": 20,"Actual Loops": 1,"Workers Planned": 4,"Workers Launched": 4,"Plans": [{"Node Type": "Sort","Parent Relationship": "Outer","Parallel Aware": false,"Async Capable": false,"Startup Cost": 183313.80,"Total Cost": 183313.82,"Plan Rows": 6,"Plan Width": 236,"Actual Startup Time": 1648.712,"Actual Total Time": 1648.718,"Actual Rows": 4,"Actual Loops": 5,"Sort Key": ["l_returnflag", "l_linestatus"],"Sort Method": "quicksort","Sort Space Used": 27,"Sort Space Type": "Memory","Workers": [{"Worker Number": 0,"Sort Method": "quicksort","Sort Space Used": 27,"Sort Space Type": "Memory"},{"Worker Number": 1,"Sort Method": "quicksort","Sort Space Used": 27,"Sort Space Type": "Memory"},{"Worker Number": 2,"Sort Method": "quicksort","Sort Space Used": 27,"Sort Space Type": "Memory"},{"Worker Number": 3,"Sort Method": "quicksort","Sort Space Used": 27,"Sort Space Type": "Memory"}],"Plans": [{"Node Type": "Aggregate","Strategy": "Hashed","Partial Mode": "Partial","Parent Relationship": "Outer","Parallel Aware": false,"Async Capable": false,"Startup Cost": 183313.59,"Total Cost": 183313.73,"Plan Rows": 6,"Plan Width": 236,"Actual Startup Time": 1648.607,"Actual Total Time": 1648.618,"Actual Rows": 4,"Actual Loops": 5,"Group Key": ["l_returnflag", "l_linestatus"],"Planned Partitions": 0,"HashAgg Batches": 1,"Peak Memory Usage": 32,"Disk Usage": 0,"Workers": [{"Worker Number": 0,"HashAgg Batches": 1,"Peak Memory Usage": 32,"Disk Usage": 0},{"Worker Number": 1,"HashAgg Batches": 1,"Peak Memory Usage": 32,"Disk Usage": 0},{"Worker Number": 2,"HashAgg Batches": 1,"Peak Memory Usage": 32,"Disk Usage": 0},{"Worker Number": 3,"HashAgg Batches": 1,"Peak Memory Usage": 32,"Disk Usage": 0}],"Plans": [{"Node Type": "Seq Scan","Parent Relationship": "Outer","Parallel Aware": true,"Async Capable": false,"Relation Name": "lineitem","Alias": "lineitem","Startup Cost": 0.00,"Total Cost": 131256.80,"Plan Rows": 1487337,"Plan Width": 25,"Actual Startup Time": 0.037,"Actual Total Time": 622.318,"Actual Rows": 1191638,"Actual Loops": 5,"Filter": "(l_shipdate <= '1998-09-28 00:00:00'::timestamp without time zone)","Rows Removed by Filter": 8605,"Workers": []}]}]}]}]},"Planning Time": 3.442,"Triggers": [],"Execution Time": 1691.344}]
[{"Plan": {"Node Type": "Aggregate","Strategy": "Sorted","Partial Mode": "Finalize","Parallel Aware": false,"Async Capable": false,"Startup Cost": 184292.58,"Total Cost": 184296.40,"Plan Rows": 6,"Plan Width": 236,"Actual Startup Time": 1633.594,"Actual Total Time": 1667.041,"Actual Rows": 4,"Actual Loops": 1,"Group Key": ["l_returnflag", "l_linestatus"],"Plans": [{"Node Type": "Gather Merge","Parent Relationship": "Outer","Parallel Aware": false,"Async Capable": false,"Startup Cost": 184292.58,"Total Cost": 184295.46,"Plan Rows": 24,"Plan Width": 236,"Actual Startup Time": 1633.506,"Actual Total Time": 1666.927,"Actual Rows": 20,"Actual Loops": 1,"Workers Planned": 4,"Workers Launched": 4,"Plans": [{"Node Type": "Sort","Parent Relationship": "Outer","Parallel Aware": false,"Async Capable": false,"Startup Cost": 183292.52,"Total Cost": 183292.54,"Plan Rows": 6,"Plan Width": 236,"Actual Startup Time": 1625.739,"Actual Total Time": 1625.743,"Actual Rows": 4,"Actual Loops": 5,"Sort Key": ["l_returnflag", "l_linestatus"],"Sort Method": "quicksort","Sort Space Used": 27,"Sort Space Type": "Memory","Workers": [{"Worker Number": 0,"Sort Method": "quicksort","Sort Space Used": 27,"Sort Space Type": "Memory"},{"Worker Number": 1,"Sort Method": "quicksort","Sort Space Used": 27,"Sort Space Type": "Memory"},{"Worker Number": 2,"Sort Method": "quicksort","Sort Space Used": 27,"Sort Space Type": "Memory"},{"Worker Number": 3,"Sort Method": "quicksort","Sort Space Used": 27,"Sort Space Type": "Memory"}],"Plans": [{"Node Type": "Aggregate","Strategy": "Hashed","Partial Mode": "Partial","Parent Relationship": "Outer","Parallel Aware": false,"Async Capable": false,"Startup Cost": 183292.31,"Total Cost": 183292.45,"Plan Rows": 6,"Plan Width": 236,"Actual Startup Time": 1625.630,"Actual Total Time": 1625.638,"Actual Rows": 4,"Actual Loops": 5,"Group Key": ["l_returnflag", "l_linestatus"],"Planned Partitions": 0,"HashAgg Batches": 1,"Peak Memory Usage": 32,"Disk Usage": 0,"Workers": [{"Worker Number": 0,"HashAgg Batches": 1,"Peak Memory Usage": 32,"Disk Usage": 0},{"Worker Number": 1,"HashAgg Batches": 1,"Peak Memory Usage": 32,"Disk Usage": 0},{"Worker Number": 2,"HashAgg Batches": 1,"Peak Memory Usage": 32,"Disk Usage": 0},{"Worker Number": 3,"HashAgg Batches": 1,"Peak Memory Usage": 32,"Disk Usage": 0}],"Plans": [{"Node Type": "Seq Scan","Parent Relationship": "Outer","Parallel Aware": true,"Async Capable": false,"Relation Name": "lineitem","Alias": "lineitem","Startup Cost": 0.00,"Total Cost": 131256.80,"Plan Rows": 1486729,"Plan Width": 25,"Actual Startup Time": 0.041,"Actual Total Time": 605.239,"Actual Rows": 1190833,"Actual Loops": 5,"Filter": "(l_shipdate <= '1998-09-25 00:00:00'::timestamp without time zone)","Rows Removed by Filter": 9410,"Workers": []}]}]}]}]},"Planning Time": 2.948,"Triggers": [],"Execution Time": 1667.404}]
[{"Plan": {"Node Type": "Aggregate","Strategy": "Sorted","Partial Mode": "Finalize","Parallel Aware": false,"Async Capable": false,"Startup Cost": 184173.93,"Total Cost": 184177.75,"Plan Rows": 6,"Plan Width": 236,"Actual Startup Time": 1644.533,"Actual Total Time": 1680.145,"Actual Rows": 4,"Actual Loops": 1,"Group Key": ["l_returnflag", "l_linestatus"],"Plans": [{"Node Type": "Gather Merge","Parent Relationship": "Outer","Parallel Aware": false,"Async Capable": false,"Startup Cost": 184173.93,"Total Cost": 184176.81,"Plan Rows": 24,"Plan Width": 236,"Actual Startup Time": 1644.414,"Actual Total Time": 1680.013,"Actual Rows": 20,"Actual Loops": 1,"Workers Planned": 4,"Workers Launched": 4,"Plans": [{"Node Type": "Sort","Parent Relationship": "Outer","Parallel Aware": false,"Async Capable": false,"Startup Cost": 183173.87,"Total Cost": 183173.89,"Plan Rows": 6,"Plan Width": 236,"Actual Startup Time": 1636.962,"Actual Total Time": 1636.966,"Actual Rows": 4,"Actual Loops": 5,"Sort Key": ["l_returnflag", "l_linestatus"],"Sort Method": "quicksort","Sort Space Used": 27,"Sort Space Type": "Memory","Workers": [{"Worker Number": 0,"Sort Method": "quicksort","Sort Space Used": 27,"Sort Space Type": "Memory"},{"Worker Number": 1,"Sort Method": "quicksort","Sort Space Used": 27,"Sort Space Type": "Memory"},{"Worker Number": 2,"Sort Method": "quicksort","Sort Space Used": 27,"Sort Space Type": "Memory"},{"Worker Number": 3,"Sort Method": "quicksort","Sort Space Used": 27,"Sort Space Type": "Memory"}],"Plans": [{"Node Type": "Aggregate","Strategy": "Hashed","Partial Mode": "Partial","Parent Relationship": "Outer","Parallel Aware": false,"Async Capable": false,"Startup Cost": 183173.66,"Total Cost": 183173.80,"Plan Rows": 6,"Plan Width": 236,"Actual Startup Time": 1636.864,"Actual Total Time": 1636.873,"Actual Rows": 4,"Actual Loops": 5,"Group Key": ["l_returnflag", "l_linestatus"],"Planned Partitions": 0,"HashAgg Batches": 1,"Peak Memory Usage": 32,"Disk Usage": 0,"Workers": [{"Worker Number": 0,"HashAgg Batches": 1,"Peak Memory Usage": 32,"Disk Usage": 0},{"Worker Number": 1,"HashAgg Batches": 1,"Peak Memory Usage": 32,"Disk Usage": 0},{"Worker Number": 2,"HashAgg Batches": 1,"Peak Memory Usage": 32,"Disk Usage": 0},{"Worker Number": 3,"HashAgg Batches": 1,"Peak Memory Usage": 32,"Disk Usage": 0}],"Plans": [{"Node Type": "Seq Scan","Parent Relationship": "Outer","Parallel Aware": true,"Async Capable": false,"Relation Name": "lineitem","Alias": "lineitem","Startup Cost": 0.00,"Total Cost": 131256.80,"Plan Rows": 1483339,"Plan Width": 25,"Actual Startup Time": 0.043,"Actual Total Time": 617.694,"Actual Rows": 1187554,"Actual Loops": 5,"Filter": "(l_shipdate <= '1998-09-14 00:00:00'::timestamp without time zone)","Rows Removed by Filter": 12689,"Workers": []}]}]}]}]},"Planning Time": 3.116,"Triggers": [],"Execution Time": 1680.478}]
[{"Plan": {"Node Type": "Aggregate","Strategy": "Sorted","Partial Mode": "Finalize","Parallel Aware": false,"Async Capable": false,"Startup Cost": 183899.88,"Total Cost": 183903.70,"Plan Rows": 6,"Plan Width": 236,"Actual Startup Time": 1631.667,"Actual Total Time": 1664.196,"Actual Rows": 4,"Actual Loops": 1,"Group Key": ["l_returnflag", "l_linestatus"],"Plans": [{"Node Type": "Gather Merge","Parent Relationship": "Outer","Parallel Aware": false,"Async Capable": false,"Startup Cost": 183899.88,"Total Cost": 183902.76,"Plan Rows": 24,"Plan Width": 236,"Actual Startup Time": 1631.585,"Actual Total Time": 1664.073,"Actual Rows": 20,"Actual Loops": 1,"Workers Planned": 4,"Workers Launched": 4,"Plans": [{"Node Type": "Sort","Parent Relationship": "Outer","Parallel Aware": false,"Async Capable": false,"Startup Cost": 182899.82,"Total Cost": 182899.84,"Plan Rows": 6,"Plan Width": 236,"Actual Startup Time": 1623.935,"Actual Total Time": 1623.946,"Actual Rows": 4,"Actual Loops": 5,"Sort Key": ["l_returnflag", "l_linestatus"],"Sort Method": "quicksort","Sort Space Used": 27,"Sort Space Type": "Memory","Workers": [{"Worker Number": 0,"Sort Method": "quicksort","Sort Space Used": 27,"Sort Space Type": "Memory"},{"Worker Number": 1,"Sort Method": "quicksort","Sort Space Used": 27,"Sort Space Type": "Memory"},{"Worker Number": 2,"Sort Method": "quicksort","Sort Space Used": 27,"Sort Space Type": "Memory"},{"Worker Number": 3,"Sort Method": "quicksort","Sort Space Used": 27,"Sort Space Type": "Memory"}],"Plans": [{"Node Type": "Aggregate","Strategy": "Hashed","Partial Mode": "Partial","Parent Relationship": "Outer","Parallel Aware": false,"Async Capable": false,"Startup Cost": 182899.61,"Total Cost": 182899.75,"Plan Rows": 6,"Plan Width": 236,"Actual Startup Time": 1623.729,"Actual Total Time": 1623.744,"Actual Rows": 4,"Actual Loops": 5,"Group Key": ["l_returnflag", "l_linestatus"],"Planned Partitions": 0,"HashAgg Batches": 1,"Peak Memory Usage": 32,"Disk Usage": 0,"Workers": [{"Worker Number": 0,"HashAgg Batches": 1,"Peak Memory Usage": 32,"Disk Usage": 0},{"Worker Number": 1,"HashAgg Batches": 1,"Peak Memory Usage": 32,"Disk Usage": 0},{"Worker Number": 2,"HashAgg Batches": 1,"Peak Memory Usage": 32,"Disk Usage": 0},{"Worker Number": 3,"HashAgg Batches": 1,"Peak Memory Usage": 32,"Disk Usage": 0}],"Plans": [{"Node Type": "Seq Scan","Parent Relationship": "Outer","Parallel Aware": true,"Async Capable": false,"Relation Name": "lineitem","Alias": "lineitem","Startup Cost": 0.00,"Total Cost": 131256.80,"Plan Rows": 1475509,"Plan Width": 25,"Actual Startup Time": 0.043,"Actual Total Time": 609.151,"Actual Rows": 1181003,"Actual Loops": 5,"Filter": "(l_shipdate <= '1998-08-27 00:00:00'::timestamp without time zone)","Rows Removed by Filter": 19240,"Workers": []}]}]}]}]},"Planning Time": 2.796,"Triggers": [],"Execution Time": 1664.547}]
[{"Plan": {"Node Type": "Aggregate","Strategy": "Sorted","Partial Mode": "Finalize","Parallel Aware": false,"Async Capable": false,"Startup Cost": 183869.43,"Total Cost": 183873.25,"Plan Rows": 6,"Plan Width": 236,"Actual Startup Time": 1619.155,"Actual Total Time": 1653.329,"Actual Rows": 4,"Actual Loops": 1,"Group Key": ["l_returnflag", "l_linestatus"],"Plans": [{"Node Type": "Gather Merge","Parent Relationship": "Outer","Parallel Aware": false,"Async Capable": false,"Startup Cost": 183869.43,"Total Cost": 183872.31,"Plan Rows": 24,"Plan Width": 236,"Actual Startup Time": 1619.083,"Actual Total Time": 1653.209,"Actual Rows": 20,"Actual Loops": 1,"Workers Planned": 4,"Workers Launched": 4,"Plans": [{"Node Type": "Sort","Parent Relationship": "Outer","Parallel Aware": false,"Async Capable": false,"Startup Cost": 182869.37,"Total Cost": 182869.39,"Plan Rows": 6,"Plan Width": 236,"Actual Startup Time": 1611.487,"Actual Total Time": 1611.493,"Actual Rows": 4,"Actual Loops": 5,"Sort Key": ["l_returnflag", "l_linestatus"],"Sort Method": "quicksort","Sort Space Used": 27,"Sort Space Type": "Memory","Workers": [{"Worker Number": 0,"Sort Method": "quicksort","Sort Space Used": 27,"Sort Space Type": "Memory"},{"Worker Number": 1,"Sort Method": "quicksort","Sort Space Used": 27,"Sort Space Type": "Memory"},{"Worker Number": 2,"Sort Method": "quicksort","Sort Space Used": 27,"Sort Space Type": "Memory"},{"Worker Number": 3,"Sort Method": "quicksort","Sort Space Used": 27,"Sort Space Type": "Memory"}],"Plans": [{"Node Type": "Aggregate","Strategy": "Hashed","Partial Mode": "Partial","Parent Relationship": "Outer","Parallel Aware": false,"Async Capable": false,"Startup Cost": 182869.16,"Total Cost": 182869.30,"Plan Rows": 6,"Plan Width": 236,"Actual Startup Time": 1611.316,"Actual Total Time": 1611.326,"Actual Rows": 4,"Actual Loops": 5,"Group Key": ["l_returnflag", "l_linestatus"],"Planned Partitions": 0,"HashAgg Batches": 1,"Peak Memory Usage": 32,"Disk Usage": 0,"Workers": [{"Worker Number": 0,"HashAgg Batches": 1,"Peak Memory Usage": 32,"Disk Usage": 0},{"Worker Number": 1,"HashAgg Batches": 1,"Peak Memory Usage": 32,"Disk Usage": 0},{"Worker Number": 2,"HashAgg Batches": 1,"Peak Memory Usage": 32,"Disk Usage": 0},{"Worker Number": 3,"HashAgg Batches": 1,"Peak Memory Usage": 32,"Disk Usage": 0}],"Plans": [{"Node Type": "Seq Scan","Parent Relationship": "Outer","Parallel Aware": true,"Async Capable": false,"Relation Name": "lineitem","Alias": "lineitem","Startup Cost": 0.00,"Total Cost": 131256.80,"Plan Rows": 1474639,"Plan Width": 25,"Actual Startup Time": 0.039,"Actual Total Time": 599.980,"Actual Rows": 1180176,"Actual Loops": 5,"Filter": "(l_shipdate <= '1998-08-25 00:00:00'::timestamp without time zone)","Rows Removed by Filter": 20067,"Workers": []}]}]}]}]},"Planning Time": 3.360,"Triggers": [],"Execution Time": 1653.697}]
[{"Plan": {"Node Type": "Aggregate","Strategy": "Sorted","Partial Mode": "Finalize","Parallel Aware": false,"Async Capable": false,"Startup Cost": 183930.33,"Total Cost": 183934.15,"Plan Rows": 6,"Plan Width": 236,"Actual Startup Time": 1627.037,"Actual Total Time": 1661.564,"Actual Rows": 4,"Actual Loops": 1,"Group Key": ["l_returnflag", "l_linestatus"],"Plans": [{"Node Type": "Gather Merge","Parent Relationship": "Outer","Parallel Aware": false,"Async Capable": false,"Startup Cost": 183930.33,"Total Cost": 183933.21,"Plan Rows": 24,"Plan Width": 236,"Actual Startup Time": 1626.958,"Actual Total Time": 1661.457,"Actual Rows": 20,"Actual Loops": 1,"Workers Planned": 4,"Workers Launched": 4,"Plans": [{"Node Type": "Sort","Parent Relationship": "Outer","Parallel Aware": false,"Async Capable": false,"Startup Cost": 182930.27,"Total Cost": 182930.29,"Plan Rows": 6,"Plan Width": 236,"Actual Startup Time": 1619.213,"Actual Total Time": 1619.219,"Actual Rows": 4,"Actual Loops": 5,"Sort Key": ["l_returnflag", "l_linestatus"],"Sort Method": "quicksort","Sort Space Used": 27,"Sort Space Type": "Memory","Workers": [{"Worker Number": 0,"Sort Method": "quicksort","Sort Space Used": 27,"Sort Space Type": "Memory"},{"Worker Number": 1,"Sort Method": "quicksort","Sort Space Used": 27,"Sort Space Type": "Memory"},{"Worker Number": 2,"Sort Method": "quicksort","Sort Space Used": 27,"Sort Space Type": "Memory"},{"Worker Number": 3,"Sort Method": "quicksort","Sort Space Used": 27,"Sort Space Type": "Memory"}],"Plans": [{"Node Type": "Aggregate","Strategy": "Hashed","Partial Mode": "Partial","Parent Relationship": "Outer","Parallel Aware": false,"Async Capable": false,"Startup Cost": 182930.06,"Total Cost": 182930.20,"Plan Rows": 6,"Plan Width": 236,"Actual Startup Time": 1619.109,"Actual Total Time": 1619.118,"Actual Rows": 4,"Actual Loops": 5,"Group Key": ["l_returnflag", "l_linestatus"],"Planned Partitions": 0,"HashAgg Batches": 1,"Peak Memory Usage": 32,"Disk Usage": 0,"Workers": [{"Worker Number": 0,"HashAgg Batches": 1,"Peak Memory Usage": 32,"Disk Usage": 0},{"Worker Number": 1,"HashAgg Batches": 1,"Peak Memory Usage": 32,"Disk Usage": 0},{"Worker Number": 2,"HashAgg Batches": 1,"Peak Memory Usage": 32,"Disk Usage": 0},{"Worker Number": 3,"HashAgg Batches": 1,"Peak Memory Usage": 32,"Disk Usage": 0}],"Plans": [{"Node Type": "Seq Scan","Parent Relationship": "Outer","Parallel Aware": true,"Async Capable": false,"Relation Name": "lineitem","Alias": "lineitem","Startup Cost": 0.00,"Total Cost": 131256.80,"Plan Rows": 1476379,"Plan Width": 25,"Actual Startup Time": 0.041,"Actual Total Time": 606.279,"Actual Rows": 1181785,"Actual Loops": 5,"Filter": "(l_shipdate <= '1998-08-29 00:00:00'::timestamp without time zone)","Rows Removed by Filter": 18458,"Workers": []}]}]}]}]},"Planning Time": 2.737,"Triggers": [],"Execution Time": 1661.952}]
[{"Plan": {"Node Type": "Aggregate","Strategy": "Sorted","Partial Mode": "Finalize","Parallel Aware": false,"Async Capable": false,"Startup Cost": 183899.88,"Total Cost": 183903.70,"Plan Rows": 6,"Plan Width": 236,"Actual Startup Time": 1631.667,"Actual Total Time": 1664.196,"Actual Rows": 4,"Actual Loops": 1,"Group Key": ["l_returnflag", "l_linestatus"],"Plans": [{"Node Type": "Gather Merge","Parent Relationship": "Outer","Parallel Aware": false,"Async Capable": false,"Startup Cost": 183899.88,"Total Cost": 183902.76,"Plan Rows": 24,"Plan Width": 236,"Actual Startup Time": 1631.585,"Actual Total Time": 1664.073,"Actual Rows": 20,"Actual Loops": 1,"Workers Planned": 4,"Workers Launched": 4,"Plans": [{"Node Type": "Sort","Parent Relationship": "Outer","Parallel Aware": false,"Async Capable": false,"Startup Cost": 182899.82,"Total Cost": 182899.84,"Plan Rows": 6,"Plan Width": 236,"Actual Startup Time": 1623.935,"Actual Total Time": 1623.946,"Actual Rows": 4,"Actual Loops": 5,"Sort Key": ["l_returnflag", "l_linestatus"],"Sort Method": "quicksort","Sort Space Used": 27,"Sort Space Type": "Memory","Workers": [{"Worker Number": 0,"Sort Method": "quicksort","Sort Space Used": 27,"Sort Space Type": "Memory"},{"Worker Number": 1,"Sort Method": "quicksort","Sort Space Used": 27,"Sort Space Type": "Memory"},{"Worker Number": 2,"Sort Method": "quicksort","Sort Space Used": 27,"Sort Space Type": "Memory"},{"Worker Number": 3,"Sort Method": "quicksort","Sort Space Used": 27,"Sort Space Type": "Memory"}],"Plans": [{"Node Type": "Aggregate","Strategy": "Hashed","Partial Mode": "Partial","Parent Relationship": "Outer","Parallel Aware": false,"Async Capable": false,"Startup Cost": 182899.61,"Total Cost": 182899.75,"Plan Rows": 6,"Plan Width": 236,"Actual Startup Time": 1623.729,"Actual Total Time": 1623.744,"Actual Rows": 4,"Actual Loops": 5,"Group Key": ["l_returnflag", "l_linestatus"],"Planned Partitions": 0,"HashAgg Batches": 1,"Peak Memory Usage": 32,"Disk Usage": 0,"Workers": [{"Worker Number": 0,"HashAgg Batches": 1,"Peak Memory Usage": 32,"Disk Usage": 0},{"Worker Number": 1,"HashAgg Batches": 1,"Peak Memory Usage": 32,"Disk Usage": 0},{"Worker Number": 2,"HashAgg Batches": 1,"Peak Memory Usage": 32,"Disk Usage": 0},{"Worker Number": 3,"HashAgg Batches": 1,"Peak Memory Usage": 32,"Disk Usage": 0}],"Plans": [{"Node Type": "Seq Scan","Parent Relationship": "Outer","Parallel Aware": true,"Async Capable": false,"Relation Name": "lineitem","Alias": "lineitem","Startup Cost": 0.00,"Total Cost": 131256.80,"Plan Rows": 1475509,"Plan Width": 25,"Actual Startup Time": 0.043,"Actual Total Time": 609.151,"Actual Rows": 1181003,"Actual Loops": 5,"Filter": "(l_shipdate <= '1998-08-27 00:00:00'::timestamp without time zone)","Rows Removed by Filter": 19240,"Workers": []}]}]}]}]},"Planning Time": 2.796,"Triggers": [],"Execution Time": 1664.547}]
[{"Plan": {"Node Type": "Aggregate","Strategy": "Sorted","Partial Mode": "Finalize","Parallel Aware": false,"Async Capable": false,"Startup Cost": 183533.29,"Total Cost": 183537.11,"Plan Rows": 6,"Plan Width": 236,"Actual Startup Time": 1630.517,"Actual Total Time": 1664.896,"Actual Rows": 4,"Actual Loops": 1,"Group Key": ["l_returnflag", "l_linestatus"],"Plans": [{"Node Type": "Gather Merge","Parent Relationship": "Outer","Parallel Aware": false,"Async Capable": false,"Startup Cost": 183533.29,"Total Cost": 183536.17,"Plan Rows": 24,"Plan Width": 236,"Actual Startup Time": 1630.471,"Actual Total Time": 1664.800,"Actual Rows": 20,"Actual Loops": 1,"Workers Planned": 4,"Workers Launched": 4,"Plans": [{"Node Type": "Sort","Parent Relationship": "Outer","Parallel Aware": false,"Async Capable": false,"Startup Cost": 182533.23,"Total Cost": 182533.25,"Plan Rows": 6,"Plan Width": 236,"Actual Startup Time": 1622.825,"Actual Total Time": 1622.834,"Actual Rows": 4,"Actual Loops": 5,"Sort Key": ["l_returnflag", "l_linestatus"],"Sort Method": "quicksort","Sort Space Used": 27,"Sort Space Type": "Memory","Workers": [{"Worker Number": 0,"Sort Method": "quicksort","Sort Space Used": 27,"Sort Space Type": "Memory"},{"Worker Number": 1,"Sort Method": "quicksort","Sort Space Used": 27,"Sort Space Type": "Memory"},{"Worker Number": 2,"Sort Method": "quicksort","Sort Space Used": 27,"Sort Space Type": "Memory"},{"Worker Number": 3,"Sort Method": "quicksort","Sort Space Used": 27,"Sort Space Type": "Memory"}],"Plans": [{"Node Type": "Aggregate","Strategy": "Hashed","Partial Mode": "Partial","Parent Relationship": "Outer","Parallel Aware": false,"Async Capable": false,"Startup Cost": 182533.02,"Total Cost": 182533.16,"Plan Rows": 6,"Plan Width": 236,"Actual Startup Time": 1622.618,"Actual Total Time": 1622.631,"Actual Rows": 4,"Actual Loops": 5,"Group Key": ["l_returnflag", "l_linestatus"],"Planned Partitions": 0,"HashAgg Batches": 1,"Peak Memory Usage": 32,"Disk Usage": 0,"Workers": [{"Worker Number": 0,"HashAgg Batches": 1,"Peak Memory Usage": 32,"Disk Usage": 0},{"Worker Number": 1,"HashAgg Batches": 1,"Peak Memory Usage": 32,"Disk Usage": 0},{"Worker Number": 2,"HashAgg Batches": 1,"Peak Memory Usage": 32,"Disk Usage": 0},{"Worker Number": 3,"HashAgg Batches": 1,"Peak Memory Usage": 32,"Disk Usage": 0}],"Plans": [{"Node Type": "Seq Scan","Parent Relationship": "Outer","Parallel Aware": true,"Async Capable": false,"Relation Name": "lineitem","Alias": "lineitem","Startup Cost": 0.00,"Total Cost": 131256.80,"Plan Rows": 1465035,"Plan Width": 25,"Actual Startup Time": 0.025,"Actual Total Time": 611.078,"Actual Rows": 1171657,"Actual Loops": 5,"Filter": "(l_shipdate <= '1998-08-06 00:00:00'::timestamp without time zone)","Rows Removed by Filter": 28586,"Workers": []}]}]}]}]},"Planning Time": 2.842,"Triggers": [],"Execution Time": 1665.196}]
[{"Plan": {"Node Type": "Aggregate","Strategy": "Sorted","Partial Mode": "Finalize","Parallel Aware": false,"Async Capable": false,"Startup Cost": 184342.25,"Total Cost": 184346.07,"Plan Rows": 6,"Plan Width": 236,"Actual Startup Time": 1655.561,"Actual Total Time": 1689.583,"Actual Rows": 4,"Actual Loops": 1,"Group Key": ["l_returnflag", "l_linestatus"],"Plans": [{"Node Type": "Gather Merge","Parent Relationship": "Outer","Parallel Aware": false,"Async Capable": false,"Startup Cost": 184342.25,"Total Cost": 184345.12,"Plan Rows": 24,"Plan Width": 236,"Actual Startup Time": 1655.474,"Actual Total Time": 1689.450,"Actual Rows": 20,"Actual Loops": 1,"Workers Planned": 4,"Workers Launched": 4,"Plans": [{"Node Type": "Sort","Parent Relationship": "Outer","Parallel Aware": false,"Async Capable": false,"Startup Cost": 183342.19,"Total Cost": 183342.20,"Plan Rows": 6,"Plan Width": 236,"Actual Startup Time": 1647.670,"Actual Total Time": 1647.678,"Actual Rows": 4,"Actual Loops": 5,"Sort Key": ["l_returnflag", "l_linestatus"],"Sort Method": "quicksort","Sort Space Used": 27,"Sort Space Type": "Memory","Workers": [{"Worker Number": 0,"Sort Method": "quicksort","Sort Space Used": 27,"Sort Space Type": "Memory"},{"Worker Number": 1,"Sort Method": "quicksort","Sort Space Used": 27,"Sort Space Type": "Memory"},{"Worker Number": 2,"Sort Method": "quicksort","Sort Space Used": 27,"Sort Space Type": "Memory"},{"Worker Number": 3,"Sort Method": "quicksort","Sort Space Used": 27,"Sort Space Type": "Memory"}],"Plans": [{"Node Type": "Aggregate","Strategy": "Hashed","Partial Mode": "Partial","Parent Relationship": "Outer","Parallel Aware": false,"Async Capable": false,"Startup Cost": 183341.98,"Total Cost": 183342.11,"Plan Rows": 6,"Plan Width": 236,"Actual Startup Time": 1647.554,"Actual Total Time": 1647.566,"Actual Rows": 4,"Actual Loops": 5,"Group Key": ["l_returnflag", "l_linestatus"],"Planned Partitions": 0,"HashAgg Batches": 1,"Peak Memory Usage": 32,"Disk Usage": 0,"Workers": [{"Worker Number": 0,"HashAgg Batches": 1,"Peak Memory Usage": 32,"Disk Usage": 0},{"Worker Number": 1,"HashAgg Batches": 1,"Peak Memory Usage": 32,"Disk Usage": 0},{"Worker Number": 2,"HashAgg Batches": 1,"Peak Memory Usage": 32,"Disk Usage": 0},{"Worker Number": 3,"HashAgg Batches": 1,"Peak Memory Usage": 32,"Disk Usage": 0}],"Plans": [{"Node Type": "Seq Scan","Parent Relationship": "Outer","Parallel Aware": true,"Async Capable": false,"Relation Name": "lineitem","Alias": "lineitem","Startup Cost": 0.00,"Total Cost": 131256.80,"Plan Rows": 1488148,"Plan Width": 25,"Actual Startup Time": 0.043,"Actual Total Time": 623.196,"Actual Rows": 1192678,"Actual Loops": 5,"Filter": "(l_shipdate <= '1998-10-02 00:00:00'::timestamp without time zone)","Rows Removed by Filter": 7565,"Workers": []}]}]}]}]},"Planning Time": 3.639,"Triggers": [],"Execution Time": 1690.019}]
[{"Plan": {"Node Type": "Aggregate","Strategy": "Sorted","Partial Mode": "Finalize","Parallel Aware": false,"Async Capable": false,"Startup Cost": 183838.98,"Total Cost": 183842.80,"Plan Rows": 6,"Plan Width": 236,"Actual Startup Time": 1639.650,"Actual Total Time": 1673.848,"Actual Rows": 4,"Actual Loops": 1,"Group Key": ["l_returnflag", "l_linestatus"],"Plans": [{"Node Type": "Gather Merge","Parent Relationship": "Outer","Parallel Aware": false,"Async Capable": false,"Startup Cost": 183838.98,"Total Cost": 183841.86,"Plan Rows": 24,"Plan Width": 236,"Actual Startup Time": 1639.575,"Actual Total Time": 1673.737,"Actual Rows": 20,"Actual Loops": 1,"Workers Planned": 4,"Workers Launched": 4,"Plans": [{"Node Type": "Sort","Parent Relationship": "Outer","Parallel Aware": false,"Async Capable": false,"Startup Cost": 182838.92,"Total Cost": 182838.94,"Plan Rows": 6,"Plan Width": 236,"Actual Startup Time": 1631.806,"Actual Total Time": 1631.813,"Actual Rows": 4,"Actual Loops": 5,"Sort Key": ["l_returnflag", "l_linestatus"],"Sort Method": "quicksort","Sort Space Used": 27,"Sort Space Type": "Memory","Workers": [{"Worker Number": 0,"Sort Method": "quicksort","Sort Space Used": 27,"Sort Space Type": "Memory"},{"Worker Number": 1,"Sort Method": "quicksort","Sort Space Used": 27,"Sort Space Type": "Memory"},{"Worker Number": 2,"Sort Method": "quicksort","Sort Space Used": 27,"Sort Space Type": "Memory"},{"Worker Number": 3,"Sort Method": "quicksort","Sort Space Used": 27,"Sort Space Type": "Memory"}],"Plans": [{"Node Type": "Aggregate","Strategy": "Hashed","Partial Mode": "Partial","Parent Relationship": "Outer","Parallel Aware": false,"Async Capable": false,"Startup Cost": 182838.71,"Total Cost": 182838.85,"Plan Rows": 6,"Plan Width": 236,"Actual Startup Time": 1631.677,"Actual Total Time": 1631.690,"Actual Rows": 4,"Actual Loops": 5,"Group Key": ["l_returnflag", "l_linestatus"],"Planned Partitions": 0,"HashAgg Batches": 1,"Peak Memory Usage": 32,"Disk Usage": 0,"Workers": [{"Worker Number": 0,"HashAgg Batches": 1,"Peak Memory Usage": 32,"Disk Usage": 0},{"Worker Number": 1,"HashAgg Batches": 1,"Peak Memory Usage": 32,"Disk Usage": 0},{"Worker Number": 2,"HashAgg Batches": 1,"Peak Memory Usage": 32,"Disk Usage": 0},{"Worker Number": 3,"HashAgg Batches": 1,"Peak Memory Usage": 32,"Disk Usage": 0}],"Plans": [{"Node Type": "Seq Scan","Parent Relationship": "Outer","Parallel Aware": true,"Async Capable": false,"Relation Name": "lineitem","Alias": "lineitem","Startup Cost": 0.00,"Total Cost": 131256.80,"Plan Rows": 1473769,"Plan Width": 25,"Actual Startup Time": 0.045,"Actual Total Time": 617.011,"Actual Rows": 1179363,"Actual Loops": 5,"Filter": "(l_shipdate <= '1998-08-23 00:00:00'::timestamp without time zone)","Rows Removed by Filter": 20880,"Workers": []}]}]}]}]},"Planning Time": 3.143,"Triggers": [],"Execution Time": 1674.117}]
[{"Plan": {"Node Type": "Aggregate","Strategy": "Sorted","Partial Mode": "Finalize","Parallel Aware": false,"Async Capable": false,"Startup Cost": 184173.93,"Total Cost": 184177.75,"Plan Rows": 6,"Plan Width": 236,"Actual Startup Time": 1644.533,"Actual Total Time": 1680.145,"Actual Rows": 4,"Actual Loops": 1,"Group Key": ["l_returnflag", "l_linestatus"],"Plans": [{"Node Type": "Gather Merge","Parent Relationship": "Outer","Parallel Aware": false,"Async Capable": false,"Startup Cost": 184173.93,"Total Cost": 184176.81,"Plan Rows": 24,"Plan Width": 236,"Actual Startup Time": 1644.414,"Actual Total Time": 1680.013,"Actual Rows": 20,"Actual Loops": 1,"Workers Planned": 4,"Workers Launched": 4,"Plans": [{"Node Type": "Sort","Parent Relationship": "Outer","Parallel Aware": false,"Async Capable": false,"Startup Cost": 183173.87,"Total Cost": 183173.89,"Plan Rows": 6,"Plan Width": 236,"Actual Startup Time": 1636.962,"Actual Total Time": 1636.966,"Actual Rows": 4,"Actual Loops": 5,"Sort Key": ["l_returnflag", "l_linestatus"],"Sort Method": "quicksort","Sort Space Used": 27,"Sort Space Type": "Memory","Workers": [{"Worker Number": 0,"Sort Method": "quicksort","Sort Space Used": 27,"Sort Space Type": "Memory"},{"Worker Number": 1,"Sort Method": "quicksort","Sort Space Used": 27,"Sort Space Type": "Memory"},{"Worker Number": 2,"Sort Method": "quicksort","Sort Space Used": 27,"Sort Space Type": "Memory"},{"Worker Number": 3,"Sort Method": "quicksort","Sort Space Used": 27,"Sort Space Type": "Memory"}],"Plans": [{"Node Type": "Aggregate","Strategy": "Hashed","Partial Mode": "Partial","Parent Relationship": "Outer","Parallel Aware": false,"Async Capable": false,"Startup Cost": 183173.66,"Total Cost": 183173.80,"Plan Rows": 6,"Plan Width": 236,"Actual Startup Time": 1636.864,"Actual Total Time": 1636.873,"Actual Rows": 4,"Actual Loops": 5,"Group Key": ["l_returnflag", "l_linestatus"],"Planned Partitions": 0,"HashAgg Batches": 1,"Peak Memory Usage": 32,"Disk Usage": 0,"Workers": [{"Worker Number": 0,"HashAgg Batches": 1,"Peak Memory Usage": 32,"Disk Usage": 0},{"Worker Number": 1,"HashAgg Batches": 1,"Peak Memory Usage": 32,"Disk Usage": 0},{"Worker Number": 2,"HashAgg Batches": 1,"Peak Memory Usage": 32,"Disk Usage": 0},{"Worker Number": 3,"HashAgg Batches": 1,"Peak Memory Usage": 32,"Disk Usage": 0}],"Plans": [{"Node Type": "Seq Scan","Parent Relationship": "Outer","Parallel Aware": true,"Async Capable": false,"Relation Name": "lineitem","Alias": "lineitem","Startup Cost": 0.00,"Total Cost": 131256.80,"Plan Rows": 1483339,"Plan Width": 25,"Actual Startup Time": 0.043,"Actual Total Time": 617.694,"Actual Rows": 1187554,"Actual Loops": 5,"Filter": "(l_shipdate <= '1998-09-14 00:00:00'::timestamp without time zone)","Rows Removed by Filter": 12689,"Workers": []}]}]}]}]},"Planning Time": 3.116,"Triggers": [],"Execution Time": 1680.478}]
[{"Plan": {"Node Type": "Aggregate","Strategy": "Sorted","Partial Mode": "Finalize","Parallel Aware": false,"Async Capable": false,"Startup Cost": 183672.66,"Total Cost": 183676.48,"Plan Rows": 6,"Plan Width": 236,"Actual Startup Time": 1616.111,"Actual Total Time": 1649.293,"Actual Rows": 4,"Actual Loops": 1,"Group Key": ["l_returnflag", "l_linestatus"],"Plans": [{"Node Type": "Gather Merge","Parent Relationship": "Outer","Parallel Aware": false,"Async Capable": false,"Startup Cost": 183672.66,"Total Cost": 183675.54,"Plan Rows": 24,"Plan Width": 236,"Actual Startup Time": 1616.040,"Actual Total Time": 1649.181,"Actual Rows": 20,"Actual Loops": 1,"Workers Planned": 4,"Workers Launched": 4,"Plans": [{"Node Type": "Sort","Parent Relationship": "Outer","Parallel Aware": false,"Async Capable": false,"Startup Cost": 182672.60,"Total Cost": 182672.62,"Plan Rows": 6,"Plan Width": 236,"Actual Startup Time": 1608.293,"Actual Total Time": 1608.295,"Actual Rows": 4,"Actual Loops": 5,"Sort Key": ["l_returnflag", "l_linestatus"],"Sort Method": "quicksort","Sort Space Used": 27,"Sort Space Type": "Memory","Workers": [{"Worker Number": 0,"Sort Method": "quicksort","Sort Space Used": 27,"Sort Space Type": "Memory"},{"Worker Number": 1,"Sort Method": "quicksort","Sort Space Used": 27,"Sort Space Type": "Memory"},{"Worker Number": 2,"Sort Method": "quicksort","Sort Space Used": 27,"Sort Space Type": "Memory"},{"Worker Number": 3,"Sort Method": "quicksort","Sort Space Used": 27,"Sort Space Type": "Memory"}],"Plans": [{"Node Type": "Aggregate","Strategy": "Hashed","Partial Mode": "Partial","Parent Relationship": "Outer","Parallel Aware": false,"Async Capable": false,"Startup Cost": 182672.39,"Total Cost": 182672.53,"Plan Rows": 6,"Plan Width": 236,"Actual Startup Time": 1608.122,"Actual Total Time": 1608.128,"Actual Rows": 4,"Actual Loops": 5,"Group Key": ["l_returnflag", "l_linestatus"],"Planned Partitions": 0,"HashAgg Batches": 1,"Peak Memory Usage": 32,"Disk Usage": 0,"Workers": [{"Worker Number": 0,"HashAgg Batches": 1,"Peak Memory Usage": 32,"Disk Usage": 0},{"Worker Number": 1,"HashAgg Batches": 1,"Peak Memory Usage": 32,"Disk Usage": 0},{"Worker Number": 2,"HashAgg Batches": 1,"Peak Memory Usage": 32,"Disk Usage": 0},{"Worker Number": 3,"HashAgg Batches": 1,"Peak Memory Usage": 32,"Disk Usage": 0}],"Plans": [{"Node Type": "Seq Scan","Parent Relationship": "Outer","Parallel Aware": true,"Async Capable": false,"Relation Name": "lineitem","Alias": "lineitem","Startup Cost": 0.00,"Total Cost": 131256.80,"Plan Rows": 1469017,"Plan Width": 25,"Actual Startup Time": 0.038,"Actual Total Time": 601.467,"Actual Rows": 1175005,"Actual Loops": 5,"Filter": "(l_shipdate <= '1998-08-13 00:00:00'::timestamp without time zone)","Rows Removed by Filter": 25238,"Workers": []}]}]}]}]},"Planning Time": 3.226,"Triggers": [],"Execution Time": 1649.755}]
[{"Plan": {"Node Type": "Aggregate","Strategy": "Sorted","Partial Mode": "Finalize","Parallel Aware": false,"Async Capable": false,"Startup Cost": 183473.58,"Total Cost": 183477.40,"Plan Rows": 6,"Plan Width": 236,"Actual Startup Time": 1609.307,"Actual Total Time": 1642.760,"Actual Rows": 4,"Actual Loops": 1,"Group Key": ["l_returnflag", "l_linestatus"],"Plans": [{"Node Type": "Gather Merge","Parent Relationship": "Outer","Parallel Aware": false,"Async Capable": false,"Startup Cost": 183473.58,"Total Cost": 183476.46,"Plan Rows": 24,"Plan Width": 236,"Actual Startup Time": 1609.212,"Actual Total Time": 1642.638,"Actual Rows": 20,"Actual Loops": 1,"Workers Planned": 4,"Workers Launched": 4,"Plans": [{"Node Type": "Sort","Parent Relationship": "Outer","Parallel Aware": false,"Async Capable": false,"Startup Cost": 182473.52,"Total Cost": 182473.54,"Plan Rows": 6,"Plan Width": 236,"Actual Startup Time": 1601.377,"Actual Total Time": 1601.382,"Actual Rows": 4,"Actual Loops": 5,"Sort Key": ["l_returnflag", "l_linestatus"],"Sort Method": "quicksort","Sort Space Used": 27,"Sort Space Type": "Memory","Workers": [{"Worker Number": 0,"Sort Method": "quicksort","Sort Space Used": 27,"Sort Space Type": "Memory"},{"Worker Number": 1,"Sort Method": "quicksort","Sort Space Used": 27,"Sort Space Type": "Memory"},{"Worker Number": 2,"Sort Method": "quicksort","Sort Space Used": 27,"Sort Space Type": "Memory"},{"Worker Number": 3,"Sort Method": "quicksort","Sort Space Used": 27,"Sort Space Type": "Memory"}],"Plans": [{"Node Type": "Aggregate","Strategy": "Hashed","Partial Mode": "Partial","Parent Relationship": "Outer","Parallel Aware": false,"Async Capable": false,"Startup Cost": 182473.31,"Total Cost": 182473.45,"Plan Rows": 6,"Plan Width": 236,"Actual Startup Time": 1601.162,"Actual Total Time": 1601.170,"Actual Rows": 4,"Actual Loops": 5,"Group Key": ["l_returnflag", "l_linestatus"],"Planned Partitions": 0,"HashAgg Batches": 1,"Peak Memory Usage": 32,"Disk Usage": 0,"Workers": [{"Worker Number": 0,"HashAgg Batches": 1,"Peak Memory Usage": 32,"Disk Usage": 0},{"Worker Number": 1,"HashAgg Batches": 1,"Peak Memory Usage": 32,"Disk Usage": 0},{"Worker Number": 2,"HashAgg Batches": 1,"Peak Memory Usage": 32,"Disk Usage": 0},{"Worker Number": 3,"HashAgg Batches": 1,"Peak Memory Usage": 32,"Disk Usage": 0}],"Plans": [{"Node Type": "Seq Scan","Parent Relationship": "Outer","Parallel Aware": true,"Async Capable": false,"Relation Name": "lineitem","Alias": "lineitem","Startup Cost": 0.00,"Total Cost": 131256.80,"Plan Rows": 1463329,"Plan Width": 25,"Actual Startup Time": 0.041,"Actual Total Time": 597.161,"Actual Rows": 1170174,"Actual Loops": 5,"Filter": "(l_shipdate <= '1998-08-03 00:00:00'::timestamp without time zone)","Rows Removed by Filter": 30069,"Workers": []}]}]}]}]},"Planning Time": 2.665,"Triggers": [],"Execution Time": 1643.121}]
[{"Plan": {"Node Type": "Aggregate","Strategy": "Sorted","Partial Mode": "Finalize","Parallel Aware": false,"Async Capable": false,"Startup Cost": 183808.53,"Total Cost": 183812.35,"Plan Rows": 6,"Plan Width": 236,"Actual Startup Time": 1619.235,"Actual Total Time": 1653.260,"Actual Rows": 4,"Actual Loops": 1,"Group Key": ["l_returnflag", "l_linestatus"],"Plans": [{"Node Type": "Gather Merge","Parent Relationship": "Outer","Parallel Aware": false,"Async Capable": false,"Startup Cost": 183808.53,"Total Cost": 183811.41,"Plan Rows": 24,"Plan Width": 236,"Actual Startup Time": 1619.159,"Actual Total Time": 1653.151,"Actual Rows": 20,"Actual Loops": 1,"Workers Planned": 4,"Workers Launched": 4,"Plans": [{"Node Type": "Sort","Parent Relationship": "Outer","Parallel Aware": false,"Async Capable": false,"Startup Cost": 182808.47,"Total Cost": 182808.49,"Plan Rows": 6,"Plan Width": 236,"Actual Startup Time": 1611.659,"Actual Total Time": 1611.663,"Actual Rows": 4,"Actual Loops": 5,"Sort Key": ["l_returnflag", "l_linestatus"],"Sort Method": "quicksort","Sort Space Used": 27,"Sort Space Type": "Memory","Workers": [{"Worker Number": 0,"Sort Method": "quicksort","Sort Space Used": 27,"Sort Space Type": "Memory"},{"Worker Number": 1,"Sort Method": "quicksort","Sort Space Used": 27,"Sort Space Type": "Memory"},{"Worker Number": 2,"Sort Method": "quicksort","Sort Space Used": 27,"Sort Space Type": "Memory"},{"Worker Number": 3,"Sort Method": "quicksort","Sort Space Used": 27,"Sort Space Type": "Memory"}],"Plans": [{"Node Type": "Aggregate","Strategy": "Hashed","Partial Mode": "Partial","Parent Relationship": "Outer","Parallel Aware": false,"Async Capable": false,"Startup Cost": 182808.26,"Total Cost": 182808.40,"Plan Rows": 6,"Plan Width": 236,"Actual Startup Time": 1611.564,"Actual Total Time": 1611.571,"Actual Rows": 4,"Actual Loops": 5,"Group Key": ["l_returnflag", "l_linestatus"],"Planned Partitions": 0,"HashAgg Batches": 1,"Peak Memory Usage": 32,"Disk Usage": 0,"Workers": [{"Worker Number": 0,"HashAgg Batches": 1,"Peak Memory Usage": 32,"Disk Usage": 0},{"Worker Number": 1,"HashAgg Batches": 1,"Peak Memory Usage": 32,"Disk Usage": 0},{"Worker Number": 2,"HashAgg Batches": 1,"Peak Memory Usage": 32,"Disk Usage": 0},{"Worker Number": 3,"HashAgg Batches": 1,"Peak Memory Usage": 32,"Disk Usage": 0}],"Plans": [{"Node Type": "Seq Scan","Parent Relationship": "Outer","Parallel Aware": true,"Async Capable": false,"Relation Name": "lineitem","Alias": "lineitem","Startup Cost": 0.00,"Total Cost": 131256.80,"Plan Rows": 1472899,"Plan Width": 25,"Actual Startup Time": 0.037,"Actual Total Time": 601.894,"Actual Rows": 1178523,"Actual Loops": 5,"Filter": "(l_shipdate <= '1998-08-21 00:00:00'::timestamp without time zone)","Rows Removed by Filter": 21720,"Workers": []}]}]}]}]},"Planning Time": 2.978,"Triggers": [],"Execution Time": 1653.673}]
[{"Plan": {"Node Type": "Aggregate","Strategy": "Sorted","Partial Mode": "Finalize","Parallel Aware": false,"Async Capable": false,"Startup Cost": 183692.58,"Total Cost": 183696.40,"Plan Rows": 6,"Plan Width": 236,"Actual Startup Time": 1626.646,"Actual Total Time": 1661.361,"Actual Rows": 4,"Actual Loops": 1,"Group Key": ["l_returnflag", "l_linestatus"],"Plans": [{"Node Type": "Gather Merge","Parent Relationship": "Outer","Parallel Aware": false,"Async Capable": false,"Startup Cost": 183692.58,"Total Cost": 183695.45,"Plan Rows": 24,"Plan Width": 236,"Actual Startup Time": 1626.569,"Actual Total Time": 1661.254,"Actual Rows": 20,"Actual Loops": 1,"Workers Planned": 4,"Workers Launched": 4,"Plans": [{"Node Type": "Sort","Parent Relationship": "Outer","Parallel Aware": false,"Async Capable": false,"Startup Cost": 182692.52,"Total Cost": 182692.53,"Plan Rows": 6,"Plan Width": 236,"Actual Startup Time": 1618.460,"Actual Total Time": 1618.464,"Actual Rows": 4,"Actual Loops": 5,"Sort Key": ["l_returnflag", "l_linestatus"],"Sort Method": "quicksort","Sort Space Used": 27,"Sort Space Type": "Memory","Workers": [{"Worker Number": 0,"Sort Method": "quicksort","Sort Space Used": 27,"Sort Space Type": "Memory"},{"Worker Number": 1,"Sort Method": "quicksort","Sort Space Used": 27,"Sort Space Type": "Memory"},{"Worker Number": 2,"Sort Method": "quicksort","Sort Space Used": 27,"Sort Space Type": "Memory"},{"Worker Number": 3,"Sort Method": "quicksort","Sort Space Used": 27,"Sort Space Type": "Memory"}],"Plans": [{"Node Type": "Aggregate","Strategy": "Hashed","Partial Mode": "Partial","Parent Relationship": "Outer","Parallel Aware": false,"Async Capable": false,"Startup Cost": 182692.31,"Total Cost": 182692.44,"Plan Rows": 6,"Plan Width": 236,"Actual Startup Time": 1618.346,"Actual Total Time": 1618.354,"Actual Rows": 4,"Actual Loops": 5,"Group Key": ["l_returnflag", "l_linestatus"],"Planned Partitions": 0,"HashAgg Batches": 1,"Peak Memory Usage": 32,"Disk Usage": 0,"Workers": [{"Worker Number": 0,"HashAgg Batches": 1,"Peak Memory Usage": 32,"Disk Usage": 0},{"Worker Number": 1,"HashAgg Batches": 1,"Peak Memory Usage": 32,"Disk Usage": 0},{"Worker Number": 2,"HashAgg Batches": 1,"Peak Memory Usage": 32,"Disk Usage": 0},{"Worker Number": 3,"HashAgg Batches": 1,"Peak Memory Usage": 32,"Disk Usage": 0}],"Plans": [{"Node Type": "Seq Scan","Parent Relationship": "Outer","Parallel Aware": true,"Async Capable": false,"Relation Name": "lineitem","Alias": "lineitem","Startup Cost": 0.00,"Total Cost": 131256.80,"Plan Rows": 1469586,"Plan Width": 25,"Actual Startup Time": 0.041,"Actual Total Time": 609.410,"Actual Rows": 1175478,"Actual Loops": 5,"Filter": "(l_shipdate <= '1998-08-14 00:00:00'::timestamp without time zone)","Rows Removed by Filter": 24765,"Workers": []}]}]}]}]},"Planning Time": 2.740,"Triggers": [],"Execution Time": 1661.769}]
[{"Plan": {"Node Type": "Aggregate","Strategy": "Sorted","Partial Mode": "Finalize","Parallel Aware": false,"Async Capable": false,"Startup Cost": 184128.26,"Total Cost": 184132.08,"Plan Rows": 6,"Plan Width": 236,"Actual Startup Time": 1649.132,"Actual Total Time": 1683.354,"Actual Rows": 4,"Actual Loops": 1,"Group Key": ["l_returnflag", "l_linestatus"],"Plans": [{"Node Type": "Gather Merge","Parent Relationship": "Outer","Parallel Aware": false,"Async Capable": false,"Startup Cost": 184128.26,"Total Cost": 184131.13,"Plan Rows": 24,"Plan Width": 236,"Actual Startup Time": 1649.053,"Actual Total Time": 1683.242,"Actual Rows": 20,"Actual Loops": 1,"Workers Planned": 4,"Workers Launched": 4,"Plans": [{"Node Type": "Sort","Parent Relationship": "Outer","Parallel Aware": false,"Async Capable": false,"Startup Cost": 183128.20,"Total Cost": 183128.21,"Plan Rows": 6,"Plan Width": 236,"Actual Startup Time": 1640.585,"Actual Total Time": 1640.592,"Actual Rows": 4,"Actual Loops": 5,"Sort Key": ["l_returnflag", "l_linestatus"],"Sort Method": "quicksort","Sort Space Used": 27,"Sort Space Type": "Memory","Workers": [{"Worker Number": 0,"Sort Method": "quicksort","Sort Space Used": 27,"Sort Space Type": "Memory"},{"Worker Number": 1,"Sort Method": "quicksort","Sort Space Used": 27,"Sort Space Type": "Memory"},{"Worker Number": 2,"Sort Method": "quicksort","Sort Space Used": 27,"Sort Space Type": "Memory"},{"Worker Number": 3,"Sort Method": "quicksort","Sort Space Used": 27,"Sort Space Type": "Memory"}],"Plans": [{"Node Type": "Aggregate","Strategy": "Hashed","Partial Mode": "Partial","Parent Relationship": "Outer","Parallel Aware": false,"Async Capable": false,"Startup Cost": 183127.99,"Total Cost": 183128.12,"Plan Rows": 6,"Plan Width": 236,"Actual Startup Time": 1640.479,"Actual Total Time": 1640.488,"Actual Rows": 4,"Actual Loops": 5,"Group Key": ["l_returnflag", "l_linestatus"],"Planned Partitions": 0,"HashAgg Batches": 1,"Peak Memory Usage": 32,"Disk Usage": 0,"Workers": [{"Worker Number": 0,"HashAgg Batches": 1,"Peak Memory Usage": 32,"Disk Usage": 0},{"Worker Number": 1,"HashAgg Batches": 1,"Peak Memory Usage": 32,"Disk Usage": 0},{"Worker Number": 2,"HashAgg Batches": 1,"Peak Memory Usage": 32,"Disk Usage": 0},{"Worker Number": 3,"HashAgg Batches": 1,"Peak Memory Usage": 32,"Disk Usage": 0}],"Plans": [{"Node Type": "Seq Scan","Parent Relationship": "Outer","Parallel Aware": true,"Async Capable": false,"Relation Name": "lineitem","Alias": "lineitem","Startup Cost": 0.00,"Total Cost": 131256.80,"Plan Rows": 1482034,"Plan Width": 25,"Actual Startup Time": 0.041,"Actual Total Time": 618.594,"Actual Rows": 1186531,"Actual Loops": 5,"Filter": "(l_shipdate <= '1998-09-11 00:00:00'::timestamp without time zone)","Rows Removed by Filter": 13712,"Workers": []}]}]}]}]},"Planning Time": 2.806,"Triggers": [],"Execution Time": 1683.749}]
[{"Plan": {"Node Type": "Aggregate","Strategy": "Sorted","Partial Mode": "Finalize","Parallel Aware": false,"Async Capable": false,"Startup Cost": 183808.53,"Total Cost": 183812.35,"Plan Rows": 6,"Plan Width": 236,"Actual Startup Time": 1619.235,"Actual Total Time": 1653.260,"Actual Rows": 4,"Actual Loops": 1,"Group Key": ["l_returnflag", "l_linestatus"],"Plans": [{"Node Type": "Gather Merge","Parent Relationship": "Outer","Parallel Aware": false,"Async Capable": false,"Startup Cost": 183808.53,"Total Cost": 183811.41,"Plan Rows": 24,"Plan Width": 236,"Actual Startup Time": 1619.159,"Actual Total Time": 1653.151,"Actual Rows": 20,"Actual Loops": 1,"Workers Planned": 4,"Workers Launched": 4,"Plans": [{"Node Type": "Sort","Parent Relationship": "Outer","Parallel Aware": false,"Async Capable": false,"Startup Cost": 182808.47,"Total Cost": 182808.49,"Plan Rows": 6,"Plan Width": 236,"Actual Startup Time": 1611.659,"Actual Total Time": 1611.663,"Actual Rows": 4,"Actual Loops": 5,"Sort Key": ["l_returnflag", "l_linestatus"],"Sort Method": "quicksort","Sort Space Used": 27,"Sort Space Type": "Memory","Workers": [{"Worker Number": 0,"Sort Method": "quicksort","Sort Space Used": 27,"Sort Space Type": "Memory"},{"Worker Number": 1,"Sort Method": "quicksort","Sort Space Used": 27,"Sort Space Type": "Memory"},{"Worker Number": 2,"Sort Method": "quicksort","Sort Space Used": 27,"Sort Space Type": "Memory"},{"Worker Number": 3,"Sort Method": "quicksort","Sort Space Used": 27,"Sort Space Type": "Memory"}],"Plans": [{"Node Type": "Aggregate","Strategy": "Hashed","Partial Mode": "Partial","Parent Relationship": "Outer","Parallel Aware": false,"Async Capable": false,"Startup Cost": 182808.26,"Total Cost": 182808.40,"Plan Rows": 6,"Plan Width": 236,"Actual Startup Time": 1611.564,"Actual Total Time": 1611.571,"Actual Rows": 4,"Actual Loops": 5,"Group Key": ["l_returnflag", "l_linestatus"],"Planned Partitions": 0,"HashAgg Batches": 1,"Peak Memory Usage": 32,"Disk Usage": 0,"Workers": [{"Worker Number": 0,"HashAgg Batches": 1,"Peak Memory Usage": 32,"Disk Usage": 0},{"Worker Number": 1,"HashAgg Batches": 1,"Peak Memory Usage": 32,"Disk Usage": 0},{"Worker Number": 2,"HashAgg Batches": 1,"Peak Memory Usage": 32,"Disk Usage": 0},{"Worker Number": 3,"HashAgg Batches": 1,"Peak Memory Usage": 32,"Disk Usage": 0}],"Plans": [{"Node Type": "Seq Scan","Parent Relationship": "Outer","Parallel Aware": true,"Async Capable": false,"Relation Name": "lineitem","Alias": "lineitem","Startup Cost": 0.00,"Total Cost": 131256.80,"Plan Rows": 1472899,"Plan Width": 25,"Actual Startup Time": 0.037,"Actual Total Time": 601.894,"Actual Rows": 1178523,"Actual Loops": 5,"Filter": "(l_shipdate <= '1998-08-21 00:00:00'::timestamp without time zone)","Rows Removed by Filter": 21720,"Workers": []}]}]}]}]},"Planning Time": 2.978,"Triggers": [],"Execution Time": 1653.673}]
[{"Plan": {"Node Type": "Aggregate","Strategy": "Sorted","Partial Mode": "Finalize","Parallel Aware": false,"Async Capable": false,"Startup Cost": 184234.83,"Total Cost": 184238.65,"Plan Rows": 6,"Plan Width": 236,"Actual Startup Time": 1625.718,"Actual Total Time": 1658.748,"Actual Rows": 4,"Actual Loops": 1,"Group Key": ["l_returnflag", "l_linestatus"],"Plans": [{"Node Type": "Gather Merge","Parent Relationship": "Outer","Parallel Aware": false,"Async Capable": false,"Startup Cost": 184234.83,"Total Cost": 184237.71,"Plan Rows": 24,"Plan Width": 236,"Actual Startup Time": 1625.652,"Actual Total Time": 1658.651,"Actual Rows": 20,"Actual Loops": 1,"Workers Planned": 4,"Workers Launched": 4,"Plans": [{"Node Type": "Sort","Parent Relationship": "Outer","Parallel Aware": false,"Async Capable": false,"Startup Cost": 183234.77,"Total Cost": 183234.79,"Plan Rows": 6,"Plan Width": 236,"Actual Startup Time": 1618.337,"Actual Total Time": 1618.340,"Actual Rows": 4,"Actual Loops": 5,"Sort Key": ["l_returnflag", "l_linestatus"],"Sort Method": "quicksort","Sort Space Used": 27,"Sort Space Type": "Memory","Workers": [{"Worker Number": 0,"Sort Method": "quicksort","Sort Space Used": 27,"Sort Space Type": "Memory"},{"Worker Number": 1,"Sort Method": "quicksort","Sort Space Used": 27,"Sort Space Type": "Memory"},{"Worker Number": 2,"Sort Method": "quicksort","Sort Space Used": 27,"Sort Space Type": "Memory"},{"Worker Number": 3,"Sort Method": "quicksort","Sort Space Used": 27,"Sort Space Type": "Memory"}],"Plans": [{"Node Type": "Aggregate","Strategy": "Hashed","Partial Mode": "Partial","Parent Relationship": "Outer","Parallel Aware": false,"Async Capable": false,"Startup Cost": 183234.56,"Total Cost": 183234.70,"Plan Rows": 6,"Plan Width": 236,"Actual Startup Time": 1618.239,"Actual Total Time": 1618.246,"Actual Rows": 4,"Actual Loops": 5,"Group Key": ["l_returnflag", "l_linestatus"],"Planned Partitions": 0,"HashAgg Batches": 1,"Peak Memory Usage": 32,"Disk Usage": 0,"Workers": [{"Worker Number": 0,"HashAgg Batches": 1,"Peak Memory Usage": 32,"Disk Usage": 0},{"Worker Number": 1,"HashAgg Batches": 1,"Peak Memory Usage": 32,"Disk Usage": 0},{"Worker Number": 2,"HashAgg Batches": 1,"Peak Memory Usage": 32,"Disk Usage": 0},{"Worker Number": 3,"HashAgg Batches": 1,"Peak Memory Usage": 32,"Disk Usage": 0}],"Plans": [{"Node Type": "Seq Scan","Parent Relationship": "Outer","Parallel Aware": true,"Async Capable": false,"Relation Name": "lineitem","Alias": "lineitem","Startup Cost": 0.00,"Total Cost": 131256.80,"Plan Rows": 1485079,"Plan Width": 25,"Actual Startup Time": 0.035,"Actual Total Time": 599.174,"Actual Rows": 1188798,"Actual Loops": 5,"Filter": "(l_shipdate <= '1998-09-18 00:00:00'::timestamp without time zone)","Rows Removed by Filter": 11445,"Workers": []}]}]}]}]},"Planning Time": 2.904,"Triggers": [],"Execution Time": 1659.073}]
[{"Plan": {"Node Type": "Aggregate","Strategy": "Sorted","Partial Mode": "Finalize","Parallel Aware": false,"Async Capable": false,"Startup Cost": 184320.97,"Total Cost": 184324.79,"Plan Rows": 6,"Plan Width": 236,"Actual Startup Time": 1639.286,"Actual Total Time": 1673.341,"Actual Rows": 4,"Actual Loops": 1,"Group Key": ["l_returnflag", "l_linestatus"],"Plans": [{"Node Type": "Gather Merge","Parent Relationship": "Outer","Parallel Aware": false,"Async Capable": false,"Startup Cost": 184320.97,"Total Cost": 184323.84,"Plan Rows": 24,"Plan Width": 236,"Actual Startup Time": 1639.217,"Actual Total Time": 1673.248,"Actual Rows": 20,"Actual Loops": 1,"Workers Planned": 4,"Workers Launched": 4,"Plans": [{"Node Type": "Sort","Parent Relationship": "Outer","Parallel Aware": false,"Async Capable": false,"Startup Cost": 183320.91,"Total Cost": 183320.92,"Plan Rows": 6,"Plan Width": 236,"Actual Startup Time": 1630.806,"Actual Total Time": 1630.812,"Actual Rows": 4,"Actual Loops": 5,"Sort Key": ["l_returnflag", "l_linestatus"],"Sort Method": "quicksort","Sort Space Used": 27,"Sort Space Type": "Memory","Workers": [{"Worker Number": 0,"Sort Method": "quicksort","Sort Space Used": 27,"Sort Space Type": "Memory"},{"Worker Number": 1,"Sort Method": "quicksort","Sort Space Used": 27,"Sort Space Type": "Memory"},{"Worker Number": 2,"Sort Method": "quicksort","Sort Space Used": 27,"Sort Space Type": "Memory"},{"Worker Number": 3,"Sort Method": "quicksort","Sort Space Used": 27,"Sort Space Type": "Memory"}],"Plans": [{"Node Type": "Aggregate","Strategy": "Hashed","Partial Mode": "Partial","Parent Relationship": "Outer","Parallel Aware": false,"Async Capable": false,"Startup Cost": 183320.70,"Total Cost": 183320.83,"Plan Rows": 6,"Plan Width": 236,"Actual Startup Time": 1630.687,"Actual Total Time": 1630.697,"Actual Rows": 4,"Actual Loops": 5,"Group Key": ["l_returnflag", "l_linestatus"],"Planned Partitions": 0,"HashAgg Batches": 1,"Peak Memory Usage": 32,"Disk Usage": 0,"Workers": [{"Worker Number": 0,"HashAgg Batches": 1,"Peak Memory Usage": 32,"Disk Usage": 0},{"Worker Number": 1,"HashAgg Batches": 1,"Peak Memory Usage": 32,"Disk Usage": 0},{"Worker Number": 2,"HashAgg Batches": 1,"Peak Memory Usage": 32,"Disk Usage": 0},{"Worker Number": 3,"HashAgg Batches": 1,"Peak Memory Usage": 32,"Disk Usage": 0}],"Plans": [{"Node Type": "Seq Scan","Parent Relationship": "Outer","Parallel Aware": true,"Async Capable": false,"Relation Name": "lineitem","Alias": "lineitem","Startup Cost": 0.00,"Total Cost": 131256.80,"Plan Rows": 1487540,"Plan Width": 25,"Actual Startup Time": 0.050,"Actual Total Time": 607.902,"Actual Rows": 1191902,"Actual Loops": 5,"Filter": "(l_shipdate <= '1998-09-29 00:00:00'::timestamp without time zone)","Rows Removed by Filter": 8341,"Workers": []}]}]}]}]},"Planning Time": 3.425,"Triggers": [],"Execution Time": 1673.769}]
[{"Plan": {"Node Type": "Aggregate","Strategy": "Sorted","Partial Mode": "Finalize","Parallel Aware": false,"Async Capable": false,"Startup Cost": 184328.04,"Total Cost": 184331.86,"Plan Rows": 6,"Plan Width": 236,"Actual Startup Time": 1635.956,"Actual Total Time": 1669.939,"Actual Rows": 4,"Actual Loops": 1,"Group Key": ["l_returnflag", "l_linestatus"],"Plans": [{"Node Type": "Gather Merge","Parent Relationship": "Outer","Parallel Aware": false,"Async Capable": false,"Startup Cost": 184328.04,"Total Cost": 184330.91,"Plan Rows": 24,"Plan Width": 236,"Actual Startup Time": 1635.886,"Actual Total Time": 1669.839,"Actual Rows": 20,"Actual Loops": 1,"Workers Planned": 4,"Workers Launched": 4,"Plans": [{"Node Type": "Sort","Parent Relationship": "Outer","Parallel Aware": false,"Async Capable": false,"Startup Cost": 183327.98,"Total Cost": 183327.99,"Plan Rows": 6,"Plan Width": 236,"Actual Startup Time": 1627.958,"Actual Total Time": 1627.963,"Actual Rows": 4,"Actual Loops": 5,"Sort Key": ["l_returnflag", "l_linestatus"],"Sort Method": "quicksort","Sort Space Used": 27,"Sort Space Type": "Memory","Workers": [{"Worker Number": 0,"Sort Method": "quicksort","Sort Space Used": 27,"Sort Space Type": "Memory"},{"Worker Number": 1,"Sort Method": "quicksort","Sort Space Used": 27,"Sort Space Type": "Memory"},{"Worker Number": 2,"Sort Method": "quicksort","Sort Space Used": 27,"Sort Space Type": "Memory"},{"Worker Number": 3,"Sort Method": "quicksort","Sort Space Used": 27,"Sort Space Type": "Memory"}],"Plans": [{"Node Type": "Aggregate","Strategy": "Hashed","Partial Mode": "Partial","Parent Relationship": "Outer","Parallel Aware": false,"Async Capable": false,"Startup Cost": 183327.77,"Total Cost": 183327.90,"Plan Rows": 6,"Plan Width": 236,"Actual Startup Time": 1627.844,"Actual Total Time": 1627.853,"Actual Rows": 4,"Actual Loops": 5,"Group Key": ["l_returnflag", "l_linestatus"],"Planned Partitions": 0,"HashAgg Batches": 1,"Peak Memory Usage": 32,"Disk Usage": 0,"Workers": [{"Worker Number": 0,"HashAgg Batches": 1,"Peak Memory Usage": 32,"Disk Usage": 0},{"Worker Number": 1,"HashAgg Batches": 1,"Peak Memory Usage": 32,"Disk Usage": 0},{"Worker Number": 2,"HashAgg Batches": 1,"Peak Memory Usage": 32,"Disk Usage": 0},{"Worker Number": 3,"HashAgg Batches": 1,"Peak Memory Usage": 32,"Disk Usage": 0}],"Plans": [{"Node Type": "Seq Scan","Parent Relationship": "Outer","Parallel Aware": true,"Async Capable": false,"Relation Name": "lineitem","Alias": "lineitem","Startup Cost": 0.00,"Total Cost": 131256.80,"Plan Rows": 1487742,"Plan Width": 25,"Actual Startup Time": 0.040,"Actual Total Time": 600.899,"Actual Rows": 1192163,"Actual Loops": 5,"Filter": "(l_shipdate <= '1998-09-30 00:00:00'::timestamp without time zone)","Rows Removed by Filter": 8080,"Workers": []}]}]}]}]},"Planning Time": 2.946,"Triggers": [],"Execution Time": 1670.282}]
[{"Plan": {"Node Type": "Aggregate","Strategy": "Sorted","Partial Mode": "Finalize","Parallel Aware": false,"Async Capable": false,"Startup Cost": 184158.71,"Total Cost": 184162.53,"Plan Rows": 6,"Plan Width": 236,"Actual Startup Time": 1644.692,"Actual Total Time": 1677.942,"Actual Rows": 4,"Actual Loops": 1,"Group Key": ["l_returnflag", "l_linestatus"],"Plans": [{"Node Type": "Gather Merge","Parent Relationship": "Outer","Parallel Aware": false,"Async Capable": false,"Startup Cost": 184158.71,"Total Cost": 184161.58,"Plan Rows": 24,"Plan Width": 236,"Actual Startup Time": 1644.623,"Actual Total Time": 1677.838,"Actual Rows": 20,"Actual Loops": 1,"Workers Planned": 4,"Workers Launched": 4,"Plans": [{"Node Type": "Sort","Parent Relationship": "Outer","Parallel Aware": false,"Async Capable": false,"Startup Cost": 183158.65,"Total Cost": 183158.66,"Plan Rows": 6,"Plan Width": 236,"Actual Startup Time": 1636.538,"Actual Total Time": 1636.541,"Actual Rows": 4,"Actual Loops": 5,"Sort Key": ["l_returnflag", "l_linestatus"],"Sort Method": "quicksort","Sort Space Used": 27,"Sort Space Type": "Memory","Workers": [{"Worker Number": 0,"Sort Method": "quicksort","Sort Space Used": 27,"Sort Space Type": "Memory"},{"Worker Number": 1,"Sort Method": "quicksort","Sort Space Used": 27,"Sort Space Type": "Memory"},{"Worker Number": 2,"Sort Method": "quicksort","Sort Space Used": 27,"Sort Space Type": "Memory"},{"Worker Number": 3,"Sort Method": "quicksort","Sort Space Used": 27,"Sort Space Type": "Memory"}],"Plans": [{"Node Type": "Aggregate","Strategy": "Hashed","Partial Mode": "Partial","Parent Relationship": "Outer","Parallel Aware": false,"Async Capable": false,"Startup Cost": 183158.44,"Total Cost": 183158.57,"Plan Rows": 6,"Plan Width": 236,"Actual Startup Time": 1636.415,"Actual Total Time": 1636.424,"Actual Rows": 4,"Actual Loops": 5,"Group Key": ["l_returnflag", "l_linestatus"],"Planned Partitions": 0,"HashAgg Batches": 1,"Peak Memory Usage": 32,"Disk Usage": 0,"Workers": [{"Worker Number": 0,"HashAgg Batches": 1,"Peak Memory Usage": 32,"Disk Usage": 0},{"Worker Number": 1,"HashAgg Batches": 1,"Peak Memory Usage": 32,"Disk Usage": 0},{"Worker Number": 2,"HashAgg Batches": 1,"Peak Memory Usage": 32,"Disk Usage": 0},{"Worker Number": 3,"HashAgg Batches": 1,"Peak Memory Usage": 32,"Disk Usage": 0}],"Plans": [{"Node Type": "Seq Scan","Parent Relationship": "Outer","Parallel Aware": true,"Async Capable": false,"Relation Name": "lineitem","Alias": "lineitem","Startup Cost": 0.00,"Total Cost": 131256.80,"Plan Rows": 1482904,"Plan Width": 25,"Actual Startup Time": 0.036,"Actual Total Time": 612.237,"Actual Rows": 1187224,"Actual Loops": 5,"Filter": "(l_shipdate <= '1998-09-13 00:00:00'::timestamp without time zone)","Rows Removed by Filter": 13019,"Workers": []}]}]}]}]},"Planning Time": 3.447,"Triggers": [],"Execution Time": 1678.368}]
[{"Plan": {"Node Type": "Aggregate","Strategy": "Sorted","Partial Mode": "Finalize","Parallel Aware": false,"Async Capable": false,"Startup Cost": 184335.14,"Total Cost": 184338.96,"Plan Rows": 6,"Plan Width": 236,"Actual Startup Time": 1633.513,"Actual Total Time": 1666.910,"Actual Rows": 4,"Actual Loops": 1,"Group Key": ["l_returnflag", "l_linestatus"],"Plans": [{"Node Type": "Gather Merge","Parent Relationship": "Outer","Parallel Aware": false,"Async Capable": false,"Startup Cost": 184335.14,"Total Cost": 184338.02,"Plan Rows": 24,"Plan Width": 236,"Actual Startup Time": 1633.424,"Actual Total Time": 1666.783,"Actual Rows": 20,"Actual Loops": 1,"Workers Planned": 4,"Workers Launched": 4,"Plans": [{"Node Type": "Sort","Parent Relationship": "Outer","Parallel Aware": false,"Async Capable": false,"Startup Cost": 183335.08,"Total Cost": 183335.10,"Plan Rows": 6,"Plan Width": 236,"Actual Startup Time": 1625.582,"Actual Total Time": 1625.585,"Actual Rows": 4,"Actual Loops": 5,"Sort Key": ["l_returnflag", "l_linestatus"],"Sort Method": "quicksort","Sort Space Used": 27,"Sort Space Type": "Memory","Workers": [{"Worker Number": 0,"Sort Method": "quicksort","Sort Space Used": 27,"Sort Space Type": "Memory"},{"Worker Number": 1,"Sort Method": "quicksort","Sort Space Used": 27,"Sort Space Type": "Memory"},{"Worker Number": 2,"Sort Method": "quicksort","Sort Space Used": 27,"Sort Space Type": "Memory"},{"Worker Number": 3,"Sort Method": "quicksort","Sort Space Used": 27,"Sort Space Type": "Memory"}],"Plans": [{"Node Type": "Aggregate","Strategy": "Hashed","Partial Mode": "Partial","Parent Relationship": "Outer","Parallel Aware": false,"Async Capable": false,"Startup Cost": 183334.87,"Total Cost": 183335.01,"Plan Rows": 6,"Plan Width": 236,"Actual Startup Time": 1625.416,"Actual Total Time": 1625.424,"Actual Rows": 4,"Actual Loops": 5,"Group Key": ["l_returnflag", "l_linestatus"],"Planned Partitions": 0,"HashAgg Batches": 1,"Peak Memory Usage": 32,"Disk Usage": 0,"Workers": [{"Worker Number": 0,"HashAgg Batches": 1,"Peak Memory Usage": 32,"Disk Usage": 0},{"Worker Number": 1,"HashAgg Batches": 1,"Peak Memory Usage": 32,"Disk Usage": 0},{"Worker Number": 2,"HashAgg Batches": 1,"Peak Memory Usage": 32,"Disk Usage": 0},{"Worker Number": 3,"HashAgg Batches": 1,"Peak Memory Usage": 32,"Disk Usage": 0}],"Plans": [{"Node Type": "Seq Scan","Parent Relationship": "Outer","Parallel Aware": true,"Async Capable": false,"Relation Name": "lineitem","Alias": "lineitem","Startup Cost": 0.00,"Total Cost": 131256.80,"Plan Rows": 1487945,"Plan Width": 25,"Actual Startup Time": 0.042,"Actual Total Time": 603.220,"Actual Rows": 1192429,"Actual Loops": 5,"Filter": "(l_shipdate <= '1998-10-01 00:00:00'::timestamp without time zone)","Rows Removed by Filter": 7814,"Workers": []}]}]}]}]},"Planning Time": 2.873,"Triggers": [],"Execution Time": 1667.344}]
[{"Plan": {"Node Type": "Aggregate","Strategy": "Sorted","Partial Mode": "Finalize","Parallel Aware": false,"Async Capable": false,"Startup Cost": 184189.16,"Total Cost": 184192.98,"Plan Rows": 6,"Plan Width": 236,"Actual Startup Time": 1645.674,"Actual Total Time": 1680.009,"Actual Rows": 4,"Actual Loops": 1,"Group Key": ["l_returnflag", "l_linestatus"],"Plans": [{"Node Type": "Gather Merge","Parent Relationship": "Outer","Parallel Aware": false,"Async Capable": false,"Startup Cost": 184189.16,"Total Cost": 184192.03,"Plan Rows": 24,"Plan Width": 236,"Actual Startup Time": 1645.562,"Actual Total Time": 1679.891,"Actual Rows": 20,"Actual Loops": 1,"Workers Planned": 4,"Workers Launched": 4,"Plans": [{"Node Type": "Sort","Parent Relationship": "Outer","Parallel Aware": false,"Async Capable": false,"Startup Cost": 183189.10,"Total Cost": 183189.11,"Plan Rows": 6,"Plan Width": 236,"Actual Startup Time": 1638.058,"Actual Total Time": 1638.062,"Actual Rows": 4,"Actual Loops": 5,"Sort Key": ["l_returnflag", "l_linestatus"],"Sort Method": "quicksort","Sort Space Used": 27,"Sort Space Type": "Memory","Workers": [{"Worker Number": 0,"Sort Method": "quicksort","Sort Space Used": 27,"Sort Space Type": "Memory"},{"Worker Number": 1,"Sort Method": "quicksort","Sort Space Used": 27,"Sort Space Type": "Memory"},{"Worker Number": 2,"Sort Method": "quicksort","Sort Space Used": 27,"Sort Space Type": "Memory"},{"Worker Number": 3,"Sort Method": "quicksort","Sort Space Used": 27,"Sort Space Type": "Memory"}],"Plans": [{"Node Type": "Aggregate","Strategy": "Hashed","Partial Mode": "Partial","Parent Relationship": "Outer","Parallel Aware": false,"Async Capable": false,"Startup Cost": 183188.89,"Total Cost": 183189.02,"Plan Rows": 6,"Plan Width": 236,"Actual Startup Time": 1637.958,"Actual Total Time": 1637.967,"Actual Rows": 4,"Actual Loops": 5,"Group Key": ["l_returnflag", "l_linestatus"],"Planned Partitions": 0,"HashAgg Batches": 1,"Peak Memory Usage": 32,"Disk Usage": 0,"Workers": [{"Worker Number": 0,"HashAgg Batches": 1,"Peak Memory Usage": 32,"Disk Usage": 0},{"Worker Number": 1,"HashAgg Batches": 1,"Peak Memory Usage": 32,"Disk Usage": 0},{"Worker Number": 2,"HashAgg Batches": 1,"Peak Memory Usage": 32,"Disk Usage": 0},{"Worker Number": 3,"HashAgg Batches": 1,"Peak Memory Usage": 32,"Disk Usage": 0}],"Plans": [{"Node Type": "Seq Scan","Parent Relationship": "Outer","Parallel Aware": true,"Async Capable": false,"Relation Name": "lineitem","Alias": "lineitem","Startup Cost": 0.00,"Total Cost": 131256.80,"Plan Rows": 1483774,"Plan Width": 25,"Actual Startup Time": 0.042,"Actual Total Time": 618.846,"Actual Rows": 1187863,"Actual Loops": 5,"Filter": "(l_shipdate <= '1998-09-15 00:00:00'::timestamp without time zone)","Rows Removed by Filter": 12380,"Workers": []}]}]}]}]},"Planning Time": 3.014,"Triggers": [],"Execution Time": 1680.406}]
[{"Plan": {"Node Type": "Aggregate","Strategy": "Sorted","Partial Mode": "Finalize","Parallel Aware": false,"Async Capable": false,"Startup Cost": 183747.63,"Total Cost": 183751.45,"Plan Rows": 6,"Plan Width": 236,"Actual Startup Time": 1617.442,"Actual Total Time": 1650.246,"Actual Rows": 4,"Actual Loops": 1,"Group Key": ["l_returnflag", "l_linestatus"],"Plans": [{"Node Type": "Gather Merge","Parent Relationship": "Outer","Parallel Aware": false,"Async Capable": false,"Startup Cost": 183747.63,"Total Cost": 183750.51,"Plan Rows": 24,"Plan Width": 236,"Actual Startup Time": 1617.370,"Actual Total Time": 1650.147,"Actual Rows": 20,"Actual Loops": 1,"Workers Planned": 4,"Workers Launched": 4,"Plans": [{"Node Type": "Sort","Parent Relationship": "Outer","Parallel Aware": false,"Async Capable": false,"Startup Cost": 182747.57,"Total Cost": 182747.59,"Plan Rows": 6,"Plan Width": 236,"Actual Startup Time": 1609.546,"Actual Total Time": 1609.553,"Actual Rows": 4,"Actual Loops": 5,"Sort Key": ["l_returnflag", "l_linestatus"],"Sort Method": "quicksort","Sort Space Used": 27,"Sort Space Type": "Memory","Workers": [{"Worker Number": 0,"Sort Method": "quicksort","Sort Space Used": 27,"Sort Space Type": "Memory"},{"Worker Number": 1,"Sort Method": "quicksort","Sort Space Used": 27,"Sort Space Type": "Memory"},{"Worker Number": 2,"Sort Method": "quicksort","Sort Space Used": 27,"Sort Space Type": "Memory"},{"Worker Number": 3,"Sort Method": "quicksort","Sort Space Used": 27,"Sort Space Type": "Memory"}],"Plans": [{"Node Type": "Aggregate","Strategy": "Hashed","Partial Mode": "Partial","Parent Relationship": "Outer","Parallel Aware": false,"Async Capable": false,"Startup Cost": 182747.36,"Total Cost": 182747.50,"Plan Rows": 6,"Plan Width": 236,"Actual Startup Time": 1609.431,"Actual Total Time": 1609.444,"Actual Rows": 4,"Actual Loops": 5,"Group Key": ["l_returnflag", "l_linestatus"],"Planned Partitions": 0,"HashAgg Batches": 1,"Peak Memory Usage": 32,"Disk Usage": 0,"Workers": [{"Worker Number": 0,"HashAgg Batches": 1,"Peak Memory Usage": 32,"Disk Usage": 0},{"Worker Number": 1,"HashAgg Batches": 1,"Peak Memory Usage": 32,"Disk Usage": 0},{"Worker Number": 2,"HashAgg Batches": 1,"Peak Memory Usage": 32,"Disk Usage": 0},{"Worker Number": 3,"HashAgg Batches": 1,"Peak Memory Usage": 32,"Disk Usage": 0}],"Plans": [{"Node Type": "Seq Scan","Parent Relationship": "Outer","Parallel Aware": true,"Async Capable": false,"Relation Name": "lineitem","Alias": "lineitem","Startup Cost": 0.00,"Total Cost": 131256.80,"Plan Rows": 1471159,"Plan Width": 25,"Actual Startup Time": 0.038,"Actual Total Time": 600.325,"Actual Rows": 1176807,"Actual Loops": 5,"Filter": "(l_shipdate <= '1998-08-17 00:00:00'::timestamp without time zone)","Rows Removed by Filter": 23436,"Workers": []}]}]}]}]},"Planning Time": 3.488,"Triggers": [],"Execution Time": 1650.549}]
[{"Plan": {"Node Type": "Aggregate","Strategy": "Sorted","Partial Mode": "Finalize","Parallel Aware": false,"Async Capable": false,"Startup Cost": 183778.08,"Total Cost": 183781.90,"Plan Rows": 6,"Plan Width": 236,"Actual Startup Time": 1629.845,"Actual Total Time": 1663.181,"Actual Rows": 4,"Actual Loops": 1,"Group Key": ["l_returnflag", "l_linestatus"],"Plans": [{"Node Type": "Gather Merge","Parent Relationship": "Outer","Parallel Aware": false,"Async Capable": false,"Startup Cost": 183778.08,"Total Cost": 183780.96,"Plan Rows": 24,"Plan Width": 236,"Actual Startup Time": 1629.762,"Actual Total Time": 1663.049,"Actual Rows": 20,"Actual Loops": 1,"Workers Planned": 4,"Workers Launched": 4,"Plans": [{"Node Type": "Sort","Parent Relationship": "Outer","Parallel Aware": false,"Async Capable": false,"Startup Cost": 182778.02,"Total Cost": 182778.04,"Plan Rows": 6,"Plan Width": 236,"Actual Startup Time": 1622.415,"Actual Total Time": 1622.418,"Actual Rows": 4,"Actual Loops": 5,"Sort Key": ["l_returnflag", "l_linestatus"],"Sort Method": "quicksort","Sort Space Used": 27,"Sort Space Type": "Memory","Workers": [{"Worker Number": 0,"Sort Method": "quicksort","Sort Space Used": 27,"Sort Space Type": "Memory"},{"Worker Number": 1,"Sort Method": "quicksort","Sort Space Used": 27,"Sort Space Type": "Memory"},{"Worker Number": 2,"Sort Method": "quicksort","Sort Space Used": 27,"Sort Space Type": "Memory"},{"Worker Number": 3,"Sort Method": "quicksort","Sort Space Used": 27,"Sort Space Type": "Memory"}],"Plans": [{"Node Type": "Aggregate","Strategy": "Hashed","Partial Mode": "Partial","Parent Relationship": "Outer","Parallel Aware": false,"Async Capable": false,"Startup Cost": 182777.81,"Total Cost": 182777.95,"Plan Rows": 6,"Plan Width": 236,"Actual Startup Time": 1622.311,"Actual Total Time": 1622.319,"Actual Rows": 4,"Actual Loops": 5,"Group Key": ["l_returnflag", "l_linestatus"],"Planned Partitions": 0,"HashAgg Batches": 1,"Peak Memory Usage": 32,"Disk Usage": 0,"Workers": [{"Worker Number": 0,"HashAgg Batches": 1,"Peak Memory Usage": 32,"Disk Usage": 0},{"Worker Number": 1,"HashAgg Batches": 1,"Peak Memory Usage": 32,"Disk Usage": 0},{"Worker Number": 2,"HashAgg Batches": 1,"Peak Memory Usage": 32,"Disk Usage": 0},{"Worker Number": 3,"HashAgg Batches": 1,"Peak Memory Usage": 32,"Disk Usage": 0}],"Plans": [{"Node Type": "Seq Scan","Parent Relationship": "Outer","Parallel Aware": true,"Async Capable": false,"Relation Name": "lineitem","Alias": "lineitem","Startup Cost": 0.00,"Total Cost": 131256.80,"Plan Rows": 1472029,"Plan Width": 25,"Actual Startup Time": 0.039,"Actual Total Time": 611.490,"Actual Rows": 1177690,"Actual Loops": 5,"Filter": "(l_shipdate <= '1998-08-19 00:00:00'::timestamp without time zone)","Rows Removed by Filter": 22553,"Workers": []}]}]}]}]},"Planning Time": 2.535,"Triggers": [],"Execution Time": 1663.520}]
[{"Plan": {"Node Type": "Aggregate","Strategy": "Sorted","Partial Mode": "Finalize","Parallel Aware": false,"Async Capable": false,"Startup Cost": 183838.98,"Total Cost": 183842.80,"Plan Rows": 6,"Plan Width": 236,"Actual Startup Time": 1639.650,"Actual Total Time": 1673.848,"Actual Rows": 4,"Actual Loops": 1,"Group Key": ["l_returnflag", "l_linestatus"],"Plans": [{"Node Type": "Gather Merge","Parent Relationship": "Outer","Parallel Aware": false,"Async Capable": false,"Startup Cost": 183838.98,"Total Cost": 183841.86,"Plan Rows": 24,"Plan Width": 236,"Actual Startup Time": 1639.575,"Actual Total Time": 1673.737,"Actual Rows": 20,"Actual Loops": 1,"Workers Planned": 4,"Workers Launched": 4,"Plans": [{"Node Type": "Sort","Parent Relationship": "Outer","Parallel Aware": false,"Async Capable": false,"Startup Cost": 182838.92,"Total Cost": 182838.94,"Plan Rows": 6,"Plan Width": 236,"Actual Startup Time": 1631.806,"Actual Total Time": 1631.813,"Actual Rows": 4,"Actual Loops": 5,"Sort Key": ["l_returnflag", "l_linestatus"],"Sort Method": "quicksort","Sort Space Used": 27,"Sort Space Type": "Memory","Workers": [{"Worker Number": 0,"Sort Method": "quicksort","Sort Space Used": 27,"Sort Space Type": "Memory"},{"Worker Number": 1,"Sort Method": "quicksort","Sort Space Used": 27,"Sort Space Type": "Memory"},{"Worker Number": 2,"Sort Method": "quicksort","Sort Space Used": 27,"Sort Space Type": "Memory"},{"Worker Number": 3,"Sort Method": "quicksort","Sort Space Used": 27,"Sort Space Type": "Memory"}],"Plans": [{"Node Type": "Aggregate","Strategy": "Hashed","Partial Mode": "Partial","Parent Relationship": "Outer","Parallel Aware": false,"Async Capable": false,"Startup Cost": 182838.71,"Total Cost": 182838.85,"Plan Rows": 6,"Plan Width": 236,"Actual Startup Time": 1631.677,"Actual Total Time": 1631.690,"Actual Rows": 4,"Actual Loops": 5,"Group Key": ["l_returnflag", "l_linestatus"],"Planned Partitions": 0,"HashAgg Batches": 1,"Peak Memory Usage": 32,"Disk Usage": 0,"Workers": [{"Worker Number": 0,"HashAgg Batches": 1,"Peak Memory Usage": 32,"Disk Usage": 0},{"Worker Number": 1,"HashAgg Batches": 1,"Peak Memory Usage": 32,"Disk Usage": 0},{"Worker Number": 2,"HashAgg Batches": 1,"Peak Memory Usage": 32,"Disk Usage": 0},{"Worker Number": 3,"HashAgg Batches": 1,"Peak Memory Usage": 32,"Disk Usage": 0}],"Plans": [{"Node Type": "Seq Scan","Parent Relationship": "Outer","Parallel Aware": true,"Async Capable": false,"Relation Name": "lineitem","Alias": "lineitem","Startup Cost": 0.00,"Total Cost": 131256.80,"Plan Rows": 1473769,"Plan Width": 25,"Actual Startup Time": 0.045,"Actual Total Time": 617.011,"Actual Rows": 1179363,"Actual Loops": 5,"Filter": "(l_shipdate <= '1998-08-23 00:00:00'::timestamp without time zone)","Rows Removed by Filter": 20880,"Workers": []}]}]}]}]},"Planning Time": 3.143,"Triggers": [],"Execution Time": 1674.117}]
[{"Plan": {"Node Type": "Aggregate","Strategy": "Sorted","Partial Mode": "Finalize","Parallel Aware": false,"Async Capable": false,"Startup Cost": 184335.14,"Total Cost": 184338.96,"Plan Rows": 6,"Plan Width": 236,"Actual Startup Time": 1633.513,"Actual Total Time": 1666.910,"Actual Rows": 4,"Actual Loops": 1,"Group Key": ["l_returnflag", "l_linestatus"],"Plans": [{"Node Type": "Gather Merge","Parent Relationship": "Outer","Parallel Aware": false,"Async Capable": false,"Startup Cost": 184335.14,"Total Cost": 184338.02,"Plan Rows": 24,"Plan Width": 236,"Actual Startup Time": 1633.424,"Actual Total Time": 1666.783,"Actual Rows": 20,"Actual Loops": 1,"Workers Planned": 4,"Workers Launched": 4,"Plans": [{"Node Type": "Sort","Parent Relationship": "Outer","Parallel Aware": false,"Async Capable": false,"Startup Cost": 183335.08,"Total Cost": 183335.10,"Plan Rows": 6,"Plan Width": 236,"Actual Startup Time": 1625.582,"Actual Total Time": 1625.585,"Actual Rows": 4,"Actual Loops": 5,"Sort Key": ["l_returnflag", "l_linestatus"],"Sort Method": "quicksort","Sort Space Used": 27,"Sort Space Type": "Memory","Workers": [{"Worker Number": 0,"Sort Method": "quicksort","Sort Space Used": 27,"Sort Space Type": "Memory"},{"Worker Number": 1,"Sort Method": "quicksort","Sort Space Used": 27,"Sort Space Type": "Memory"},{"Worker Number": 2,"Sort Method": "quicksort","Sort Space Used": 27,"Sort Space Type": "Memory"},{"Worker Number": 3,"Sort Method": "quicksort","Sort Space Used": 27,"Sort Space Type": "Memory"}],"Plans": [{"Node Type": "Aggregate","Strategy": "Hashed","Partial Mode": "Partial","Parent Relationship": "Outer","Parallel Aware": false,"Async Capable": false,"Startup Cost": 183334.87,"Total Cost": 183335.01,"Plan Rows": 6,"Plan Width": 236,"Actual Startup Time": 1625.416,"Actual Total Time": 1625.424,"Actual Rows": 4,"Actual Loops": 5,"Group Key": ["l_returnflag", "l_linestatus"],"Planned Partitions": 0,"HashAgg Batches": 1,"Peak Memory Usage": 32,"Disk Usage": 0,"Workers": [{"Worker Number": 0,"HashAgg Batches": 1,"Peak Memory Usage": 32,"Disk Usage": 0},{"Worker Number": 1,"HashAgg Batches": 1,"Peak Memory Usage": 32,"Disk Usage": 0},{"Worker Number": 2,"HashAgg Batches": 1,"Peak Memory Usage": 32,"Disk Usage": 0},{"Worker Number": 3,"HashAgg Batches": 1,"Peak Memory Usage": 32,"Disk Usage": 0}],"Plans": [{"Node Type": "Seq Scan","Parent Relationship": "Outer","Parallel Aware": true,"Async Capable": false,"Relation Name": "lineitem","Alias": "lineitem","Startup Cost": 0.00,"Total Cost": 131256.80,"Plan Rows": 1487945,"Plan Width": 25,"Actual Startup Time": 0.042,"Actual Total Time": 603.220,"Actual Rows": 1192429,"Actual Loops": 5,"Filter": "(l_shipdate <= '1998-10-01 00:00:00'::timestamp without time zone)","Rows Removed by Filter": 7814,"Workers": []}]}]}]}]},"Planning Time": 2.873,"Triggers": [],"Execution Time": 1667.344}]
[{"Plan": {"Node Type": "Aggregate","Strategy": "Sorted","Partial Mode": "Finalize","Parallel Aware": false,"Async Capable": false,"Startup Cost": 183473.58,"Total Cost": 183477.40,"Plan Rows": 6,"Plan Width": 236,"Actual Startup Time": 1609.307,"Actual Total Time": 1642.760,"Actual Rows": 4,"Actual Loops": 1,"Group Key": ["l_returnflag", "l_linestatus"],"Plans": [{"Node Type": "Gather Merge","Parent Relationship": "Outer","Parallel Aware": false,"Async Capable": false,"Startup Cost": 183473.58,"Total Cost": 183476.46,"Plan Rows": 24,"Plan Width": 236,"Actual Startup Time": 1609.212,"Actual Total Time": 1642.638,"Actual Rows": 20,"Actual Loops": 1,"Workers Planned": 4,"Workers Launched": 4,"Plans": [{"Node Type": "Sort","Parent Relationship": "Outer","Parallel Aware": false,"Async Capable": false,"Startup Cost": 182473.52,"Total Cost": 182473.54,"Plan Rows": 6,"Plan Width": 236,"Actual Startup Time": 1601.377,"Actual Total Time": 1601.382,"Actual Rows": 4,"Actual Loops": 5,"Sort Key": ["l_returnflag", "l_linestatus"],"Sort Method": "quicksort","Sort Space Used": 27,"Sort Space Type": "Memory","Workers": [{"Worker Number": 0,"Sort Method": "quicksort","Sort Space Used": 27,"Sort Space Type": "Memory"},{"Worker Number": 1,"Sort Method": "quicksort","Sort Space Used": 27,"Sort Space Type": "Memory"},{"Worker Number": 2,"Sort Method": "quicksort","Sort Space Used": 27,"Sort Space Type": "Memory"},{"Worker Number": 3,"Sort Method": "quicksort","Sort Space Used": 27,"Sort Space Type": "Memory"}],"Plans": [{"Node Type": "Aggregate","Strategy": "Hashed","Partial Mode": "Partial","Parent Relationship": "Outer","Parallel Aware": false,"Async Capable": false,"Startup Cost": 182473.31,"Total Cost": 182473.45,"Plan Rows": 6,"Plan Width": 236,"Actual Startup Time": 1601.162,"Actual Total Time": 1601.170,"Actual Rows": 4,"Actual Loops": 5,"Group Key": ["l_returnflag", "l_linestatus"],"Planned Partitions": 0,"HashAgg Batches": 1,"Peak Memory Usage": 32,"Disk Usage": 0,"Workers": [{"Worker Number": 0,"HashAgg Batches": 1,"Peak Memory Usage": 32,"Disk Usage": 0},{"Worker Number": 1,"HashAgg Batches": 1,"Peak Memory Usage": 32,"Disk Usage": 0},{"Worker Number": 2,"HashAgg Batches": 1,"Peak Memory Usage": 32,"Disk Usage": 0},{"Worker Number": 3,"HashAgg Batches": 1,"Peak Memory Usage": 32,"Disk Usage": 0}],"Plans": [{"Node Type": "Seq Scan","Parent Relationship": "Outer","Parallel Aware": true,"Async Capable": false,"Relation Name": "lineitem","Alias": "lineitem","Startup Cost": 0.00,"Total Cost": 131256.80,"Plan Rows": 1463329,"Plan Width": 25,"Actual Startup Time": 0.041,"Actual Total Time": 597.161,"Actual Rows": 1170174,"Actual Loops": 5,"Filter": "(l_shipdate <= '1998-08-03 00:00:00'::timestamp without time zone)","Rows Removed by Filter": 30069,"Workers": []}]}]}]}]},"Planning Time": 2.665,"Triggers": [],"Execution Time": 1643.121}]
[{"Plan": {"Node Type": "Aggregate","Strategy": "Sorted","Partial Mode": "Finalize","Parallel Aware": false,"Async Capable": false,"Startup Cost": 183513.38,"Total Cost": 183517.20,"Plan Rows": 6,"Plan Width": 236,"Actual Startup Time": 1627.259,"Actual Total Time": 1660.459,"Actual Rows": 4,"Actual Loops": 1,"Group Key": ["l_returnflag", "l_linestatus"],"Plans": [{"Node Type": "Gather Merge","Parent Relationship": "Outer","Parallel Aware": false,"Async Capable": false,"Startup Cost": 183513.38,"Total Cost": 183516.25,"Plan Rows": 24,"Plan Width": 236,"Actual Startup Time": 1627.170,"Actual Total Time": 1660.364,"Actual Rows": 20,"Actual Loops": 1,"Workers Planned": 4,"Workers Launched": 4,"Plans": [{"Node Type": "Sort","Parent Relationship": "Outer","Parallel Aware": false,"Async Capable": false,"Startup Cost": 182513.32,"Total Cost": 182513.33,"Plan Rows": 6,"Plan Width": 236,"Actual Startup Time": 1619.907,"Actual Total Time": 1619.911,"Actual Rows": 4,"Actual Loops": 5,"Sort Key": ["l_returnflag", "l_linestatus"],"Sort Method": "quicksort","Sort Space Used": 27,"Sort Space Type": "Memory","Workers": [{"Worker Number": 0,"Sort Method": "quicksort","Sort Space Used": 27,"Sort Space Type": "Memory"},{"Worker Number": 1,"Sort Method": "quicksort","Sort Space Used": 27,"Sort Space Type": "Memory"},{"Worker Number": 2,"Sort Method": "quicksort","Sort Space Used": 27,"Sort Space Type": "Memory"},{"Worker Number": 3,"Sort Method": "quicksort","Sort Space Used": 27,"Sort Space Type": "Memory"}],"Plans": [{"Node Type": "Aggregate","Strategy": "Hashed","Partial Mode": "Partial","Parent Relationship": "Outer","Parallel Aware": false,"Async Capable": false,"Startup Cost": 182513.11,"Total Cost": 182513.24,"Plan Rows": 6,"Plan Width": 236,"Actual Startup Time": 1619.809,"Actual Total Time": 1619.818,"Actual Rows": 4,"Actual Loops": 5,"Group Key": ["l_returnflag", "l_linestatus"],"Planned Partitions": 0,"HashAgg Batches": 1,"Peak Memory Usage": 32,"Disk Usage": 0,"Workers": [{"Worker Number": 0,"HashAgg Batches": 1,"Peak Memory Usage": 32,"Disk Usage": 0},{"Worker Number": 1,"HashAgg Batches": 1,"Peak Memory Usage": 32,"Disk Usage": 0},{"Worker Number": 2,"HashAgg Batches": 1,"Peak Memory Usage": 32,"Disk Usage": 0},{"Worker Number": 3,"HashAgg Batches": 1,"Peak Memory Usage": 32,"Disk Usage": 0}],"Plans": [{"Node Type": "Seq Scan","Parent Relationship": "Outer","Parallel Aware": true,"Async Capable": false,"Relation Name": "lineitem","Alias": "lineitem","Startup Cost": 0.00,"Total Cost": 131256.80,"Plan Rows": 1464466,"Plan Width": 25,"Actual Startup Time": 0.034,"Actual Total Time": 612.549,"Actual Rows": 1171169,"Actual Loops": 5,"Filter": "(l_shipdate <= '1998-08-05 00:00:00'::timestamp without time zone)","Rows Removed by Filter": 29074,"Workers": []}]}]}]}]},"Planning Time": 2.496,"Triggers": [],"Execution Time": 1660.730}]
[{"Plan": {"Node Type": "Aggregate","Strategy": "Sorted","Partial Mode": "Finalize","Parallel Aware": false,"Async Capable": false,"Startup Cost": 184204.38,"Total Cost": 184208.20,"Plan Rows": 6,"Plan Width": 236,"Actual Startup Time": 1633.981,"Actual Total Time": 1667.258,"Actual Rows": 4,"Actual Loops": 1,"Group Key": ["l_returnflag", "l_linestatus"],"Plans": [{"Node Type": "Gather Merge","Parent Relationship": "Outer","Parallel Aware": false,"Async Capable": false,"Startup Cost": 184204.38,"Total Cost": 184207.26,"Plan Rows": 24,"Plan Width": 236,"Actual Startup Time": 1633.916,"Actual Total Time": 1667.158,"Actual Rows": 20,"Actual Loops": 1,"Workers Planned": 4,"Workers Launched": 4,"Plans": [{"Node Type": "Sort","Parent Relationship": "Outer","Parallel Aware": false,"Async Capable": false,"Startup Cost": 183204.32,"Total Cost": 183204.34,"Plan Rows": 6,"Plan Width": 236,"Actual Startup Time": 1625.100,"Actual Total Time": 1625.105,"Actual Rows": 4,"Actual Loops": 5,"Sort Key": ["l_returnflag", "l_linestatus"],"Sort Method": "quicksort","Sort Space Used": 27,"Sort Space Type": "Memory","Workers": [{"Worker Number": 0,"Sort Method": "quicksort","Sort Space Used": 27,"Sort Space Type": "Memory"},{"Worker Number": 1,"Sort Method": "quicksort","Sort Space Used": 27,"Sort Space Type": "Memory"},{"Worker Number": 2,"Sort Method": "quicksort","Sort Space Used": 27,"Sort Space Type": "Memory"},{"Worker Number": 3,"Sort Method": "quicksort","Sort Space Used": 27,"Sort Space Type": "Memory"}],"Plans": [{"Node Type": "Aggregate","Strategy": "Hashed","Partial Mode": "Partial","Parent Relationship": "Outer","Parallel Aware": false,"Async Capable": false,"Startup Cost": 183204.11,"Total Cost": 183204.25,"Plan Rows": 6,"Plan Width": 236,"Actual Startup Time": 1624.988,"Actual Total Time": 1624.999,"Actual Rows": 4,"Actual Loops": 5,"Group Key": ["l_returnflag", "l_linestatus"],"Planned Partitions": 0,"HashAgg Batches": 1,"Peak Memory Usage": 32,"Disk Usage": 0,"Workers": [{"Worker Number": 0,"HashAgg Batches": 1,"Peak Memory Usage": 32,"Disk Usage": 0},{"Worker Number": 1,"HashAgg Batches": 1,"Peak Memory Usage": 32,"Disk Usage": 0},{"Worker Number": 2,"HashAgg Batches": 1,"Peak Memory Usage": 32,"Disk Usage": 0},{"Worker Number": 3,"HashAgg Batches": 1,"Peak Memory Usage": 32,"Disk Usage": 0}],"Plans": [{"Node Type": "Seq Scan","Parent Relationship": "Outer","Parallel Aware": true,"Async Capable": false,"Relation Name": "lineitem","Alias": "lineitem","Startup Cost": 0.00,"Total Cost": 131256.80,"Plan Rows": 1484209,"Plan Width": 25,"Actual Startup Time": 0.040,"Actual Total Time": 604.937,"Actual Rows": 1188181,"Actual Loops": 5,"Filter": "(l_shipdate <= '1998-09-16 00:00:00'::timestamp without time zone)","Rows Removed by Filter": 12062,"Workers": []}]}]}]}]},"Planning Time": 3.653,"Triggers": [],"Execution Time": 1667.715}]
[{"Plan": {"Node Type": "Aggregate","Strategy": "Sorted","Partial Mode": "Finalize","Parallel Aware": false,"Async Capable": false,"Startup Cost": 184052.13,"Total Cost": 184055.95,"Plan Rows": 6,"Plan Width": 236,"Actual Startup Time": 1616.943,"Actual Total Time": 1650.452,"Actual Rows": 4,"Actual Loops": 1,"Group Key": ["l_returnflag", "l_linestatus"],"Plans": [{"Node Type": "Gather Merge","Parent Relationship": "Outer","Parallel Aware": false,"Async Capable": false,"Startup Cost": 184052.13,"Total Cost": 184055.01,"Plan Rows": 24,"Plan Width": 236,"Actual Startup Time": 1616.881,"Actual Total Time": 1650.358,"Actual Rows": 20,"Actual Loops": 1,"Workers Planned": 4,"Workers Launched": 4,"Plans": [{"Node Type": "Sort","Parent Relationship": "Outer","Parallel Aware": false,"Async Capable": false,"Startup Cost": 183052.07,"Total Cost": 183052.09,"Plan Rows": 6,"Plan Width": 236,"Actual Startup Time": 1610.099,"Actual Total Time": 1610.103,"Actual Rows": 4,"Actual Loops": 5,"Sort Key": ["l_returnflag", "l_linestatus"],"Sort Method": "quicksort","Sort Space Used": 27,"Sort Space Type": "Memory","Workers": [{"Worker Number": 0,"Sort Method": "quicksort","Sort Space Used": 27,"Sort Space Type": "Memory"},{"Worker Number": 1,"Sort Method": "quicksort","Sort Space Used": 27,"Sort Space Type": "Memory"},{"Worker Number": 2,"Sort Method": "quicksort","Sort Space Used": 27,"Sort Space Type": "Memory"},{"Worker Number": 3,"Sort Method": "quicksort","Sort Space Used": 27,"Sort Space Type": "Memory"}],"Plans": [{"Node Type": "Aggregate","Strategy": "Hashed","Partial Mode": "Partial","Parent Relationship": "Outer","Parallel Aware": false,"Async Capable": false,"Startup Cost": 183051.86,"Total Cost": 183052.00,"Plan Rows": 6,"Plan Width": 236,"Actual Startup Time": 1609.932,"Actual Total Time": 1609.941,"Actual Rows": 4,"Actual Loops": 5,"Group Key": ["l_returnflag", "l_linestatus"],"Planned Partitions": 0,"HashAgg Batches": 1,"Peak Memory Usage": 32,"Disk Usage": 0,"Workers": [{"Worker Number": 0,"HashAgg Batches": 1,"Peak Memory Usage": 32,"Disk Usage": 0},{"Worker Number": 1,"HashAgg Batches": 1,"Peak Memory Usage": 32,"Disk Usage": 0},{"Worker Number": 2,"HashAgg Batches": 1,"Peak Memory Usage": 32,"Disk Usage": 0},{"Worker Number": 3,"HashAgg Batches": 1,"Peak Memory Usage": 32,"Disk Usage": 0}],"Plans": [{"Node Type": "Seq Scan","Parent Relationship": "Outer","Parallel Aware": true,"Async Capable": false,"Relation Name": "lineitem","Alias": "lineitem","Startup Cost": 0.00,"Total Cost": 131256.80,"Plan Rows": 1479859,"Plan Width": 25,"Actual Startup Time": 0.033,"Actual Total Time": 594.774,"Actual Rows": 1184794,"Actual Loops": 5,"Filter": "(l_shipdate <= '1998-09-06 00:00:00'::timestamp without time zone)","Rows Removed by Filter": 15449,"Workers": []}]}]}]}]},"Planning Time": 3.475,"Triggers": [],"Execution Time": 1650.848}]
[{"Plan": {"Node Type": "Aggregate","Strategy": "Sorted","Partial Mode": "Finalize","Parallel Aware": false,"Async Capable": false,"Startup Cost": 183692.58,"Total Cost": 183696.40,"Plan Rows": 6,"Plan Width": 236,"Actual Startup Time": 1626.646,"Actual Total Time": 1661.361,"Actual Rows": 4,"Actual Loops": 1,"Group Key": ["l_returnflag", "l_linestatus"],"Plans": [{"Node Type": "Gather Merge","Parent Relationship": "Outer","Parallel Aware": false,"Async Capable": false,"Startup Cost": 183692.58,"Total Cost": 183695.45,"Plan Rows": 24,"Plan Width": 236,"Actual Startup Time": 1626.569,"Actual Total Time": 1661.254,"Actual Rows": 20,"Actual Loops": 1,"Workers Planned": 4,"Workers Launched": 4,"Plans": [{"Node Type": "Sort","Parent Relationship": "Outer","Parallel Aware": false,"Async Capable": false,"Startup Cost": 182692.52,"Total Cost": 182692.53,"Plan Rows": 6,"Plan Width": 236,"Actual Startup Time": 1618.460,"Actual Total Time": 1618.464,"Actual Rows": 4,"Actual Loops": 5,"Sort Key": ["l_returnflag", "l_linestatus"],"Sort Method": "quicksort","Sort Space Used": 27,"Sort Space Type": "Memory","Workers": [{"Worker Number": 0,"Sort Method": "quicksort","Sort Space Used": 27,"Sort Space Type": "Memory"},{"Worker Number": 1,"Sort Method": "quicksort","Sort Space Used": 27,"Sort Space Type": "Memory"},{"Worker Number": 2,"Sort Method": "quicksort","Sort Space Used": 27,"Sort Space Type": "Memory"},{"Worker Number": 3,"Sort Method": "quicksort","Sort Space Used": 27,"Sort Space Type": "Memory"}],"Plans": [{"Node Type": "Aggregate","Strategy": "Hashed","Partial Mode": "Partial","Parent Relationship": "Outer","Parallel Aware": false,"Async Capable": false,"Startup Cost": 182692.31,"Total Cost": 182692.44,"Plan Rows": 6,"Plan Width": 236,"Actual Startup Time": 1618.346,"Actual Total Time": 1618.354,"Actual Rows": 4,"Actual Loops": 5,"Group Key": ["l_returnflag", "l_linestatus"],"Planned Partitions": 0,"HashAgg Batches": 1,"Peak Memory Usage": 32,"Disk Usage": 0,"Workers": [{"Worker Number": 0,"HashAgg Batches": 1,"Peak Memory Usage": 32,"Disk Usage": 0},{"Worker Number": 1,"HashAgg Batches": 1,"Peak Memory Usage": 32,"Disk Usage": 0},{"Worker Number": 2,"HashAgg Batches": 1,"Peak Memory Usage": 32,"Disk Usage": 0},{"Worker Number": 3,"HashAgg Batches": 1,"Peak Memory Usage": 32,"Disk Usage": 0}],"Plans": [{"Node Type": "Seq Scan","Parent Relationship": "Outer","Parallel Aware": true,"Async Capable": false,"Relation Name": "lineitem","Alias": "lineitem","Startup Cost": 0.00,"Total Cost": 131256.80,"Plan Rows": 1469586,"Plan Width": 25,"Actual Startup Time": 0.041,"Actual Total Time": 609.410,"Actual Rows": 1175478,"Actual Loops": 5,"Filter": "(l_shipdate <= '1998-08-14 00:00:00'::timestamp without time zone)","Rows Removed by Filter": 24765,"Workers": []}]}]}]}]},"Planning Time": 2.740,"Triggers": [],"Execution Time": 1661.769}]
[{"Plan": {"Node Type": "Aggregate","Strategy": "Sorted","Partial Mode": "Finalize","Parallel Aware": false,"Async Capable": false,"Startup Cost": 183960.78,"Total Cost": 183964.60,"Plan Rows": 6,"Plan Width": 236,"Actual Startup Time": 1647.401,"Actual Total Time": 1680.504,"Actual Rows": 4,"Actual Loops": 1,"Group Key": ["l_returnflag", "l_linestatus"],"Plans": [{"Node Type": "Gather Merge","Parent Relationship": "Outer","Parallel Aware": false,"Async Capable": false,"Startup Cost": 183960.78,"Total Cost": 183963.66,"Plan Rows": 24,"Plan Width": 236,"Actual Startup Time": 1647.346,"Actual Total Time": 1680.378,"Actual Rows": 20,"Actual Loops": 1,"Workers Planned": 4,"Workers Launched": 4,"Plans": [{"Node Type": "Sort","Parent Relationship": "Outer","Parallel Aware": false,"Async Capable": false,"Startup Cost": 182960.72,"Total Cost": 182960.74,"Plan Rows": 6,"Plan Width": 236,"Actual Startup Time": 1639.973,"Actual Total Time": 1639.976,"Actual Rows": 4,"Actual Loops": 5,"Sort Key": ["l_returnflag", "l_linestatus"],"Sort Method": "quicksort","Sort Space Used": 27,"Sort Space Type": "Memory","Workers": [{"Worker Number": 0,"Sort Method": "quicksort","Sort Space Used": 27,"Sort Space Type": "Memory"},{"Worker Number": 1,"Sort Method": "quicksort","Sort Space Used": 27,"Sort Space Type": "Memory"},{"Worker Number": 2,"Sort Method": "quicksort","Sort Space Used": 27,"Sort Space Type": "Memory"},{"Worker Number": 3,"Sort Method": "quicksort","Sort Space Used": 27,"Sort Space Type": "Memory"}],"Plans": [{"Node Type": "Aggregate","Strategy": "Hashed","Partial Mode": "Partial","Parent Relationship": "Outer","Parallel Aware": false,"Async Capable": false,"Startup Cost": 182960.51,"Total Cost": 182960.65,"Plan Rows": 6,"Plan Width": 236,"Actual Startup Time": 1639.892,"Actual Total Time": 1639.899,"Actual Rows": 4,"Actual Loops": 5,"Group Key": ["l_returnflag", "l_linestatus"],"Planned Partitions": 0,"HashAgg Batches": 1,"Peak Memory Usage": 32,"Disk Usage": 0,"Workers": [{"Worker Number": 0,"HashAgg Batches": 1,"Peak Memory Usage": 32,"Disk Usage": 0},{"Worker Number": 1,"HashAgg Batches": 1,"Peak Memory Usage": 32,"Disk Usage": 0},{"Worker Number": 2,"HashAgg Batches": 1,"Peak Memory Usage": 32,"Disk Usage": 0},{"Worker Number": 3,"HashAgg Batches": 1,"Peak Memory Usage": 32,"Disk Usage": 0}],"Plans": [{"Node Type": "Seq Scan","Parent Relationship": "Outer","Parallel Aware": true,"Async Capable": false,"Relation Name": "lineitem","Alias": "lineitem","Startup Cost": 0.00,"Total Cost": 131256.80,"Plan Rows": 1477249,"Plan Width": 25,"Actual Startup Time": 0.035,"Actual Total Time": 614.894,"Actual Rows": 1182556,"Actual Loops": 5,"Filter": "(l_shipdate <= '1998-08-31 00:00:00'::timestamp without time zone)","Rows Removed by Filter": 17687,"Workers": []}]}]}]}]},"Planning Time": 3.505,"Triggers": [],"Execution Time": 1680.895}]
[{"Plan": {"Node Type": "Aggregate","Strategy": "Sorted","Partial Mode": "Finalize","Parallel Aware": false,"Async Capable": false,"Startup Cost": 183976.01,"Total Cost": 183979.83,"Plan Rows": 6,"Plan Width": 236,"Actual Startup Time": 1637.230,"Actual Total Time": 1671.180,"Actual Rows": 4,"Actual Loops": 1,"Group Key": ["l_returnflag", "l_linestatus"],"Plans": [{"Node Type": "Gather Merge","Parent Relationship": "Outer","Parallel Aware": false,"Async Capable": false,"Startup Cost": 183976.01,"Total Cost": 183978.88,"Plan Rows": 24,"Plan Width": 236,"Actual Startup Time": 1637.140,"Actual Total Time": 1671.060,"Actual Rows": 20,"Actual Loops": 1,"Workers Planned": 4,"Workers Launched": 4,"Plans": [{"Node Type": "Sort","Parent Relationship": "Outer","Parallel Aware": false,"Async Capable": false,"Startup Cost": 182975.95,"Total Cost": 182975.96,"Plan Rows": 6,"Plan Width": 236,"Actual Startup Time": 1629.253,"Actual Total Time": 1629.258,"Actual Rows": 4,"Actual Loops": 5,"Sort Key": ["l_returnflag", "l_linestatus"],"Sort Method": "quicksort","Sort Space Used": 27,"Sort Space Type": "Memory","Workers": [{"Worker Number": 0,"Sort Method": "quicksort","Sort Space Used": 27,"Sort Space Type": "Memory"},{"Worker Number": 1,"Sort Method": "quicksort","Sort Space Used": 27,"Sort Space Type": "Memory"},{"Worker Number": 2,"Sort Method": "quicksort","Sort Space Used": 27,"Sort Space Type": "Memory"},{"Worker Number": 3,"Sort Method": "quicksort","Sort Space Used": 27,"Sort Space Type": "Memory"}],"Plans": [{"Node Type": "Aggregate","Strategy": "Hashed","Partial Mode": "Partial","Parent Relationship": "Outer","Parallel Aware": false,"Async Capable": false,"Startup Cost": 182975.74,"Total Cost": 182975.87,"Plan Rows": 6,"Plan Width": 236,"Actual Startup Time": 1629.096,"Actual Total Time": 1629.104,"Actual Rows": 4,"Actual Loops": 5,"Group Key": ["l_returnflag", "l_linestatus"],"Planned Partitions": 0,"HashAgg Batches": 1,"Peak Memory Usage": 32,"Disk Usage": 0,"Workers": [{"Worker Number": 0,"HashAgg Batches": 1,"Peak Memory Usage": 32,"Disk Usage": 0},{"Worker Number": 1,"HashAgg Batches": 1,"Peak Memory Usage": 32,"Disk Usage": 0},{"Worker Number": 2,"HashAgg Batches": 1,"Peak Memory Usage": 32,"Disk Usage": 0},{"Worker Number": 3,"HashAgg Batches": 1,"Peak Memory Usage": 32,"Disk Usage": 0}],"Plans": [{"Node Type": "Seq Scan","Parent Relationship": "Outer","Parallel Aware": true,"Async Capable": false,"Relation Name": "lineitem","Alias": "lineitem","Startup Cost": 0.00,"Total Cost": 131256.80,"Plan Rows": 1477684,"Plan Width": 25,"Actual Startup Time": 0.036,"Actual Total Time": 613.605,"Actual Rows": 1182950,"Actual Loops": 5,"Filter": "(l_shipdate <= '1998-09-01 00:00:00'::timestamp without time zone)","Rows Removed by Filter": 17293,"Workers": []}]}]}]}]},"Planning Time": 3.200,"Triggers": [],"Execution Time": 1671.603}]
[{"Plan": {"Node Type": "Aggregate","Strategy": "Sorted","Partial Mode": "Finalize","Parallel Aware": false,"Async Capable": false,"Startup Cost": 183945.56,"Total Cost": 183949.38,"Plan Rows": 6,"Plan Width": 236,"Actual Startup Time": 1624.685,"Actual Total Time": 1659.093,"Actual Rows": 4,"Actual Loops": 1,"Group Key": ["l_returnflag", "l_linestatus"],"Plans": [{"Node Type": "Gather Merge","Parent Relationship": "Outer","Parallel Aware": false,"Async Capable": false,"Startup Cost": 183945.56,"Total Cost": 183948.43,"Plan Rows": 24,"Plan Width": 236,"Actual Startup Time": 1624.576,"Actual Total Time": 1658.968,"Actual Rows": 20,"Actual Loops": 1,"Workers Planned": 4,"Workers Launched": 4,"Plans": [{"Node Type": "Sort","Parent Relationship": "Outer","Parallel Aware": false,"Async Capable": false,"Startup Cost": 182945.50,"Total Cost": 182945.51,"Plan Rows": 6,"Plan Width": 236,"Actual Startup Time": 1616.640,"Actual Total Time": 1616.644,"Actual Rows": 4,"Actual Loops": 5,"Sort Key": ["l_returnflag", "l_linestatus"],"Sort Method": "quicksort","Sort Space Used": 27,"Sort Space Type": "Memory","Workers": [{"Worker Number": 0,"Sort Method": "quicksort","Sort Space Used": 27,"Sort Space Type": "Memory"},{"Worker Number": 1,"Sort Method": "quicksort","Sort Space Used": 27,"Sort Space Type": "Memory"},{"Worker Number": 2,"Sort Method": "quicksort","Sort Space Used": 27,"Sort Space Type": "Memory"},{"Worker Number": 3,"Sort Method": "quicksort","Sort Space Used": 27,"Sort Space Type": "Memory"}],"Plans": [{"Node Type": "Aggregate","Strategy": "Hashed","Partial Mode": "Partial","Parent Relationship": "Outer","Parallel Aware": false,"Async Capable": false,"Startup Cost": 182945.29,"Total Cost": 182945.42,"Plan Rows": 6,"Plan Width": 236,"Actual Startup Time": 1616.535,"Actual Total Time": 1616.542,"Actual Rows": 4,"Actual Loops": 5,"Group Key": ["l_returnflag", "l_linestatus"],"Planned Partitions": 0,"HashAgg Batches": 1,"Peak Memory Usage": 32,"Disk Usage": 0,"Workers": [{"Worker Number": 0,"HashAgg Batches": 1,"Peak Memory Usage": 32,"Disk Usage": 0},{"Worker Number": 1,"HashAgg Batches": 1,"Peak Memory Usage": 32,"Disk Usage": 0},{"Worker Number": 2,"HashAgg Batches": 1,"Peak Memory Usage": 32,"Disk Usage": 0},{"Worker Number": 3,"HashAgg Batches": 1,"Peak Memory Usage": 32,"Disk Usage": 0}],"Plans": [{"Node Type": "Seq Scan","Parent Relationship": "Outer","Parallel Aware": true,"Async Capable": false,"Relation Name": "lineitem","Alias": "lineitem","Startup Cost": 0.00,"Total Cost": 131256.80,"Plan Rows": 1476814,"Plan Width": 25,"Actual Startup Time": 0.043,"Actual Total Time": 602.040,"Actual Rows": 1182172,"Actual Loops": 5,"Filter": "(l_shipdate <= '1998-08-30 00:00:00'::timestamp without time zone)","Rows Removed by Filter": 18071,"Workers": []}]}]}]}]},"Planning Time": 2.906,"Triggers": [],"Execution Time": 1659.548}]
[{"Plan": {"Node Type": "Aggregate","Strategy": "Sorted","Partial Mode": "Finalize","Parallel Aware": false,"Async Capable": false,"Startup Cost": 183533.29,"Total Cost": 183537.11,"Plan Rows": 6,"Plan Width": 236,"Actual Startup Time": 1630.517,"Actual Total Time": 1664.896,"Actual Rows": 4,"Actual Loops": 1,"Group Key": ["l_returnflag", "l_linestatus"],"Plans": [{"Node Type": "Gather Merge","Parent Relationship": "Outer","Parallel Aware": false,"Async Capable": false,"Startup Cost": 183533.29,"Total Cost": 183536.17,"Plan Rows": 24,"Plan Width": 236,"Actual Startup Time": 1630.471,"Actual Total Time": 1664.800,"Actual Rows": 20,"Actual Loops": 1,"Workers Planned": 4,"Workers Launched": 4,"Plans": [{"Node Type": "Sort","Parent Relationship": "Outer","Parallel Aware": false,"Async Capable": false,"Startup Cost": 182533.23,"Total Cost": 182533.25,"Plan Rows": 6,"Plan Width": 236,"Actual Startup Time": 1622.825,"Actual Total Time": 1622.834,"Actual Rows": 4,"Actual Loops": 5,"Sort Key": ["l_returnflag", "l_linestatus"],"Sort Method": "quicksort","Sort Space Used": 27,"Sort Space Type": "Memory","Workers": [{"Worker Number": 0,"Sort Method": "quicksort","Sort Space Used": 27,"Sort Space Type": "Memory"},{"Worker Number": 1,"Sort Method": "quicksort","Sort Space Used": 27,"Sort Space Type": "Memory"},{"Worker Number": 2,"Sort Method": "quicksort","Sort Space Used": 27,"Sort Space Type": "Memory"},{"Worker Number": 3,"Sort Method": "quicksort","Sort Space Used": 27,"Sort Space Type": "Memory"}],"Plans": [{"Node Type": "Aggregate","Strategy": "Hashed","Partial Mode": "Partial","Parent Relationship": "Outer","Parallel Aware": false,"Async Capable": false,"Startup Cost": 182533.02,"Total Cost": 182533.16,"Plan Rows": 6,"Plan Width": 236,"Actual Startup Time": 1622.618,"Actual Total Time": 1622.631,"Actual Rows": 4,"Actual Loops": 5,"Group Key": ["l_returnflag", "l_linestatus"],"Planned Partitions": 0,"HashAgg Batches": 1,"Peak Memory Usage": 32,"Disk Usage": 0,"Workers": [{"Worker Number": 0,"HashAgg Batches": 1,"Peak Memory Usage": 32,"Disk Usage": 0},{"Worker Number": 1,"HashAgg Batches": 1,"Peak Memory Usage": 32,"Disk Usage": 0},{"Worker Number": 2,"HashAgg Batches": 1,"Peak Memory Usage": 32,"Disk Usage": 0},{"Worker Number": 3,"HashAgg Batches": 1,"Peak Memory Usage": 32,"Disk Usage": 0}],"Plans": [{"Node Type": "Seq Scan","Parent Relationship": "Outer","Parallel Aware": true,"Async Capable": false,"Relation Name": "lineitem","Alias": "lineitem","Startup Cost": 0.00,"Total Cost": 131256.80,"Plan Rows": 1465035,"Plan Width": 25,"Actual Startup Time": 0.025,"Actual Total Time": 611.078,"Actual Rows": 1171657,"Actual Loops": 5,"Filter": "(l_shipdate <= '1998-08-06 00:00:00'::timestamp without time zone)","Rows Removed by Filter": 28586,"Workers": []}]}]}]}]},"Planning Time": 2.842,"Triggers": [],"Execution Time": 1665.196}]
[{"Plan": {"Node Type": "Aggregate","Strategy": "Sorted","Partial Mode": "Finalize","Parallel Aware": false,"Async Capable": false,"Startup Cost": 184313.86,"Total Cost": 184317.68,"Plan Rows": 6,"Plan Width": 236,"Actual Startup Time": 1657.091,"Actual Total Time": 1690.885,"Actual Rows": 4,"Actual Loops": 1,"Group Key": ["l_returnflag", "l_linestatus"],"Plans": [{"Node Type": "Gather Merge","Parent Relationship": "Outer","Parallel Aware": false,"Async Capable": false,"Startup Cost": 184313.86,"Total Cost": 184316.74,"Plan Rows": 24,"Plan Width": 236,"Actual Startup Time": 1657.029,"Actual Total Time": 1690.788,"Actual Rows": 20,"Actual Loops": 1,"Workers Planned": 4,"Workers Launched": 4,"Plans": [{"Node Type": "Sort","Parent Relationship": "Outer","Parallel Aware": false,"Async Capable": false,"Startup Cost": 183313.80,"Total Cost": 183313.82,"Plan Rows": 6,"Plan Width": 236,"Actual Startup Time": 1648.712,"Actual Total Time": 1648.718,"Actual Rows": 4,"Actual Loops": 5,"Sort Key": ["l_returnflag", "l_linestatus"],"Sort Method": "quicksort","Sort Space Used": 27,"Sort Space Type": "Memory","Workers": [{"Worker Number": 0,"Sort Method": "quicksort","Sort Space Used": 27,"Sort Space Type": "Memory"},{"Worker Number": 1,"Sort Method": "quicksort","Sort Space Used": 27,"Sort Space Type": "Memory"},{"Worker Number": 2,"Sort Method": "quicksort","Sort Space Used": 27,"Sort Space Type": "Memory"},{"Worker Number": 3,"Sort Method": "quicksort","Sort Space Used": 27,"Sort Space Type": "Memory"}],"Plans": [{"Node Type": "Aggregate","Strategy": "Hashed","Partial Mode": "Partial","Parent Relationship": "Outer","Parallel Aware": false,"Async Capable": false,"Startup Cost": 183313.59,"Total Cost": 183313.73,"Plan Rows": 6,"Plan Width": 236,"Actual Startup Time": 1648.607,"Actual Total Time": 1648.618,"Actual Rows": 4,"Actual Loops": 5,"Group Key": ["l_returnflag", "l_linestatus"],"Planned Partitions": 0,"HashAgg Batches": 1,"Peak Memory Usage": 32,"Disk Usage": 0,"Workers": [{"Worker Number": 0,"HashAgg Batches": 1,"Peak Memory Usage": 32,"Disk Usage": 0},{"Worker Number": 1,"HashAgg Batches": 1,"Peak Memory Usage": 32,"Disk Usage": 0},{"Worker Number": 2,"HashAgg Batches": 1,"Peak Memory Usage": 32,"Disk Usage": 0},{"Worker Number": 3,"HashAgg Batches": 1,"Peak Memory Usage": 32,"Disk Usage": 0}],"Plans": [{"Node Type": "Seq Scan","Parent Relationship": "Outer","Parallel Aware": true,"Async Capable": false,"Relation Name": "lineitem","Alias": "lineitem","Startup Cost": 0.00,"Total Cost": 131256.80,"Plan Rows": 1487337,"Plan Width": 25,"Actual Startup Time": 0.037,"Actual Total Time": 622.318,"Actual Rows": 1191638,"Actual Loops": 5,"Filter": "(l_shipdate <= '1998-09-28 00:00:00'::timestamp without time zone)","Rows Removed by Filter": 8605,"Workers": []}]}]}]}]},"Planning Time": 3.442,"Triggers": [],"Execution Time": 1691.344}]
[{"Plan": {"Node Type": "Aggregate","Strategy": "Sorted","Partial Mode": "Finalize","Parallel Aware": false,"Async Capable": false,"Startup Cost": 183553.21,"Total Cost": 183557.03,"Plan Rows": 6,"Plan Width": 236,"Actual Startup Time": 1635.166,"Actual Total Time": 1668.798,"Actual Rows": 4,"Actual Loops": 1,"Group Key": ["l_returnflag", "l_linestatus"],"Plans": [{"Node Type": "Gather Merge","Parent Relationship": "Outer","Parallel Aware": false,"Async Capable": false,"Startup Cost": 183553.21,"Total Cost": 183556.08,"Plan Rows": 24,"Plan Width": 236,"Actual Startup Time": 1635.051,"Actual Total Time": 1668.649,"Actual Rows": 20,"Actual Loops": 1,"Workers Planned": 4,"Workers Launched": 4,"Plans": [{"Node Type": "Sort","Parent Relationship": "Outer","Parallel Aware": false,"Async Capable": false,"Startup Cost": 182553.15,"Total Cost": 182553.16,"Plan Rows": 6,"Plan Width": 236,"Actual Startup Time": 1627.853,"Actual Total Time": 1627.855,"Actual Rows": 4,"Actual Loops": 5,"Sort Key": ["l_returnflag", "l_linestatus"],"Sort Method": "quicksort","Sort Space Used": 27,"Sort Space Type": "Memory","Workers": [{"Worker Number": 0,"Sort Method": "quicksort","Sort Space Used": 27,"Sort Space Type": "Memory"},{"Worker Number": 1,"Sort Method": "quicksort","Sort Space Used": 27,"Sort Space Type": "Memory"},{"Worker Number": 2,"Sort Method": "quicksort","Sort Space Used": 27,"Sort Space Type": "Memory"},{"Worker Number": 3,"Sort Method": "quicksort","Sort Space Used": 27,"Sort Space Type": "Memory"}],"Plans": [{"Node Type": "Aggregate","Strategy": "Hashed","Partial Mode": "Partial","Parent Relationship": "Outer","Parallel Aware": false,"Async Capable": false,"Startup Cost": 182552.94,"Total Cost": 182553.07,"Plan Rows": 6,"Plan Width": 236,"Actual Startup Time": 1627.778,"Actual Total Time": 1627.785,"Actual Rows": 4,"Actual Loops": 5,"Group Key": ["l_returnflag", "l_linestatus"],"Planned Partitions": 0,"HashAgg Batches": 1,"Peak Memory Usage": 32,"Disk Usage": 0,"Workers": [{"Worker Number": 0,"HashAgg Batches": 1,"Peak Memory Usage": 32,"Disk Usage": 0},{"Worker Number": 1,"HashAgg Batches": 1,"Peak Memory Usage": 32,"Disk Usage": 0},{"Worker Number": 2,"HashAgg Batches": 1,"Peak Memory Usage": 32,"Disk Usage": 0},{"Worker Number": 3,"HashAgg Batches": 1,"Peak Memory Usage": 32,"Disk Usage": 0}],"Plans": [{"Node Type": "Seq Scan","Parent Relationship": "Outer","Parallel Aware": true,"Async Capable": false,"Relation Name": "lineitem","Alias": "lineitem","Startup Cost": 0.00,"Total Cost": 131256.80,"Plan Rows": 1465604,"Plan Width": 25,"Actual Startup Time": 0.035,"Actual Total Time": 612.801,"Actual Rows": 1172151,"Actual Loops": 5,"Filter": "(l_shipdate <= '1998-08-07 00:00:00'::timestamp without time zone)","Rows Removed by Filter": 28092,"Workers": []}]}]}]}]},"Planning Time": 2.559,"Triggers": [],"Execution Time": 1669.138}]
[{"Plan": {"Node Type": "Aggregate","Strategy": "Sorted","Partial Mode": "Finalize","Parallel Aware": false,"Async Capable": false,"Startup Cost": 183732.41,"Total Cost": 183736.23,"Plan Rows": 6,"Plan Width": 236,"Actual Startup Time": 1628.328,"Actual Total Time": 1661.003,"Actual Rows": 4,"Actual Loops": 1,"Group Key": ["l_returnflag", "l_linestatus"],"Plans": [{"Node Type": "Gather Merge","Parent Relationship": "Outer","Parallel Aware": false,"Async Capable": false,"Startup Cost": 183732.41,"Total Cost": 183735.28,"Plan Rows": 24,"Plan Width": 236,"Actual Startup Time": 1628.236,"Actual Total Time": 1660.877,"Actual Rows": 20,"Actual Loops": 1,"Workers Planned": 4,"Workers Launched": 4,"Plans": [{"Node Type": "Sort","Parent Relationship": "Outer","Parallel Aware": false,"Async Capable": false,"Startup Cost": 182732.35,"Total Cost": 182732.36,"Plan Rows": 6,"Plan Width": 236,"Actual Startup Time": 1620.833,"Actual Total Time": 1620.835,"Actual Rows": 4,"Actual Loops": 5,"Sort Key": ["l_returnflag", "l_linestatus"],"Sort Method": "quicksort","Sort Space Used": 27,"Sort Space Type": "Memory","Workers": [{"Worker Number": 0,"Sort Method": "quicksort","Sort Space Used": 27,"Sort Space Type": "Memory"},{"Worker Number": 1,"Sort Method": "quicksort","Sort Space Used": 27,"Sort Space Type": "Memory"},{"Worker Number": 2,"Sort Method": "quicksort","Sort Space Used": 27,"Sort Space Type": "Memory"},{"Worker Number": 3,"Sort Method": "quicksort","Sort Space Used": 27,"Sort Space Type": "Memory"}],"Plans": [{"Node Type": "Aggregate","Strategy": "Hashed","Partial Mode": "Partial","Parent Relationship": "Outer","Parallel Aware": false,"Async Capable": false,"Startup Cost": 182732.14,"Total Cost": 182732.27,"Plan Rows": 6,"Plan Width": 236,"Actual Startup Time": 1620.753,"Actual Total Time": 1620.760,"Actual Rows": 4,"Actual Loops": 5,"Group Key": ["l_returnflag", "l_linestatus"],"Planned Partitions": 0,"HashAgg Batches": 1,"Peak Memory Usage": 32,"Disk Usage": 0,"Workers": [{"Worker Number": 0,"HashAgg Batches": 1,"Peak Memory Usage": 32,"Disk Usage": 0},{"Worker Number": 1,"HashAgg Batches": 1,"Peak Memory Usage": 32,"Disk Usage": 0},{"Worker Number": 2,"HashAgg Batches": 1,"Peak Memory Usage": 32,"Disk Usage": 0},{"Worker Number": 3,"HashAgg Batches": 1,"Peak Memory Usage": 32,"Disk Usage": 0}],"Plans": [{"Node Type": "Seq Scan","Parent Relationship": "Outer","Parallel Aware": true,"Async Capable": false,"Relation Name": "lineitem","Alias": "lineitem","Startup Cost": 0.00,"Total Cost": 131256.80,"Plan Rows": 1470724,"Plan Width": 25,"Actual Startup Time": 0.036,"Actual Total Time": 604.007,"Actual Rows": 1176368,"Actual Loops": 5,"Filter": "(l_shipdate <= '1998-08-16 00:00:00'::timestamp without time zone)","Rows Removed by Filter": 23875,"Workers": []}]}]}]}]},"Planning Time": 3.031,"Triggers": [],"Execution Time": 1661.279}]
[{"Plan": {"Node Type": "Aggregate","Strategy": "Sorted","Partial Mode": "Finalize","Parallel Aware": false,"Async Capable": false,"Startup Cost": 183652.75,"Total Cost": 183656.57,"Plan Rows": 6,"Plan Width": 236,"Actual Startup Time": 1624.037,"Actual Total Time": 1657.979,"Actual Rows": 4,"Actual Loops": 1,"Group Key": ["l_returnflag", "l_linestatus"],"Plans": [{"Node Type": "Gather Merge","Parent Relationship": "Outer","Parallel Aware": false,"Async Capable": false,"Startup Cost": 183652.75,"Total Cost": 183655.62,"Plan Rows": 24,"Plan Width": 236,"Actual Startup Time": 1623.893,"Actual Total Time": 1657.849,"Actual Rows": 20,"Actual Loops": 1,"Workers Planned": 4,"Workers Launched": 4,"Plans": [{"Node Type": "Sort","Parent Relationship": "Outer","Parallel Aware": false,"Async Capable": false,"Startup Cost": 182652.69,"Total Cost": 182652.70,"Plan Rows": 6,"Plan Width": 236,"Actual Startup Time": 1616.446,"Actual Total Time": 1616.451,"Actual Rows": 4,"Actual Loops": 5,"Sort Key": ["l_returnflag", "l_linestatus"],"Sort Method": "quicksort","Sort Space Used": 27,"Sort Space Type": "Memory","Workers": [{"Worker Number": 0,"Sort Method": "quicksort","Sort Space Used": 27,"Sort Space Type": "Memory"},{"Worker Number": 1,"Sort Method": "quicksort","Sort Space Used": 27,"Sort Space Type": "Memory"},{"Worker Number": 2,"Sort Method": "quicksort","Sort Space Used": 27,"Sort Space Type": "Memory"},{"Worker Number": 3,"Sort Method": "quicksort","Sort Space Used": 27,"Sort Space Type": "Memory"}],"Plans": [{"Node Type": "Aggregate","Strategy": "Hashed","Partial Mode": "Partial","Parent Relationship": "Outer","Parallel Aware": false,"Async Capable": false,"Startup Cost": 182652.48,"Total Cost": 182652.61,"Plan Rows": 6,"Plan Width": 236,"Actual Startup Time": 1616.349,"Actual Total Time": 1616.357,"Actual Rows": 4,"Actual Loops": 5,"Group Key": ["l_returnflag", "l_linestatus"],"Planned Partitions": 0,"HashAgg Batches": 1,"Peak Memory Usage": 32,"Disk Usage": 0,"Workers": [{"Worker Number": 0,"HashAgg Batches": 1,"Peak Memory Usage": 32,"Disk Usage": 0},{"Worker Number": 1,"HashAgg Batches": 1,"Peak Memory Usage": 32,"Disk Usage": 0},{"Worker Number": 2,"HashAgg Batches": 1,"Peak Memory Usage": 32,"Disk Usage": 0},{"Worker Number": 3,"HashAgg Batches": 1,"Peak Memory Usage": 32,"Disk Usage": 0}],"Plans": [{"Node Type": "Seq Scan","Parent Relationship": "Outer","Parallel Aware": true,"Async Capable": false,"Relation Name": "lineitem","Alias": "lineitem","Startup Cost": 0.00,"Total Cost": 131256.80,"Plan Rows": 1468448,"Plan Width": 25,"Actual Startup Time": 0.039,"Actual Total Time": 608.174,"Actual Rows": 1174542,"Actual Loops": 5,"Filter": "(l_shipdate <= '1998-08-12 00:00:00'::timestamp without time zone)","Rows Removed by Filter": 25701,"Workers": []}]}]}]}]},"Planning Time": 2.541,"Triggers": [],"Execution Time": 1658.369}]
[{"Plan": {"Node Type": "Aggregate","Strategy": "Sorted","Partial Mode": "Finalize","Parallel Aware": false,"Async Capable": false,"Startup Cost": 183915.11,"Total Cost": 183918.93,"Plan Rows": 6,"Plan Width": 236,"Actual Startup Time": 1617.865,"Actual Total Time": 1652.425,"Actual Rows": 4,"Actual Loops": 1,"Group Key": ["l_returnflag", "l_linestatus"],"Plans": [{"Node Type": "Gather Merge","Parent Relationship": "Outer","Parallel Aware": false,"Async Capable": false,"Startup Cost": 183915.11,"Total Cost": 183917.98,"Plan Rows": 24,"Plan Width": 236,"Actual Startup Time": 1617.776,"Actual Total Time": 1652.277,"Actual Rows": 20,"Actual Loops": 1,"Workers Planned": 4,"Workers Launched": 4,"Plans": [{"Node Type": "Sort","Parent Relationship": "Outer","Parallel Aware": false,"Async Capable": false,"Startup Cost": 182915.05,"Total Cost": 182915.06,"Plan Rows": 6,"Plan Width": 236,"Actual Startup Time": 1610.319,"Actual Total Time": 1610.323,"Actual Rows": 4,"Actual Loops": 5,"Sort Key": ["l_returnflag", "l_linestatus"],"Sort Method": "quicksort","Sort Space Used": 27,"Sort Space Type": "Memory","Workers": [{"Worker Number": 0,"Sort Method": "quicksort","Sort Space Used": 27,"Sort Space Type": "Memory"},{"Worker Number": 1,"Sort Method": "quicksort","Sort Space Used": 27,"Sort Space Type": "Memory"},{"Worker Number": 2,"Sort Method": "quicksort","Sort Space Used": 27,"Sort Space Type": "Memory"},{"Worker Number": 3,"Sort Method": "quicksort","Sort Space Used": 27,"Sort Space Type": "Memory"}],"Plans": [{"Node Type": "Aggregate","Strategy": "Hashed","Partial Mode": "Partial","Parent Relationship": "Outer","Parallel Aware": false,"Async Capable": false,"Startup Cost": 182914.84,"Total Cost": 182914.97,"Plan Rows": 6,"Plan Width": 236,"Actual Startup Time": 1610.220,"Actual Total Time": 1610.228,"Actual Rows": 4,"Actual Loops": 5,"Group Key": ["l_returnflag", "l_linestatus"],"Planned Partitions": 0,"HashAgg Batches": 1,"Peak Memory Usage": 32,"Disk Usage": 0,"Workers": [{"Worker Number": 0,"HashAgg Batches": 1,"Peak Memory Usage": 32,"Disk Usage": 0},{"Worker Number": 1,"HashAgg Batches": 1,"Peak Memory Usage": 32,"Disk Usage": 0},{"Worker Number": 2,"HashAgg Batches": 1,"Peak Memory Usage": 32,"Disk Usage": 0},{"Worker Number": 3,"HashAgg Batches": 1,"Peak Memory Usage": 32,"Disk Usage": 0}],"Plans": [{"Node Type": "Seq Scan","Parent Relationship": "Outer","Parallel Aware": true,"Async Capable": false,"Relation Name": "lineitem","Alias": "lineitem","Startup Cost": 0.00,"Total Cost": 131256.80,"Plan Rows": 1475944,"Plan Width": 25,"Actual Startup Time": 0.051,"Actual Total Time": 598.821,"Actual Rows": 1181394,"Actual Loops": 5,"Filter": "(l_shipdate <= '1998-08-28 00:00:00'::timestamp without time zone)","Rows Removed by Filter": 18849,"Workers": []}]}]}]}]},"Planning Time": 2.726,"Triggers": [],"Execution Time": 1652.808}]
[{"Plan": {"Node Type": "Aggregate","Strategy": "Sorted","Partial Mode": "Finalize","Parallel Aware": false,"Async Capable": false,"Startup Cost": 184313.86,"Total Cost": 184317.68,"Plan Rows": 6,"Plan Width": 236,"Actual Startup Time": 1657.091,"Actual Total Time": 1690.885,"Actual Rows": 4,"Actual Loops": 1,"Group Key": ["l_returnflag", "l_linestatus"],"Plans": [{"Node Type": "Gather Merge","Parent Relationship": "Outer","Parallel Aware": false,"Async Capable": false,"Startup Cost": 184313.86,"Total Cost": 184316.74,"Plan Rows": 24,"Plan Width": 236,"Actual Startup Time": 1657.029,"Actual Total Time": 1690.788,"Actual Rows": 20,"Actual Loops": 1,"Workers Planned": 4,"Workers Launched": 4,"Plans": [{"Node Type": "Sort","Parent Relationship": "Outer","Parallel Aware": false,"Async Capable": false,"Startup Cost": 183313.80,"Total Cost": 183313.82,"Plan Rows": 6,"Plan Width": 236,"Actual Startup Time": 1648.712,"Actual Total Time": 1648.718,"Actual Rows": 4,"Actual Loops": 5,"Sort Key": ["l_returnflag", "l_linestatus"],"Sort Method": "quicksort","Sort Space Used": 27,"Sort Space Type": "Memory","Workers": [{"Worker Number": 0,"Sort Method": "quicksort","Sort Space Used": 27,"Sort Space Type": "Memory"},{"Worker Number": 1,"Sort Method": "quicksort","Sort Space Used": 27,"Sort Space Type": "Memory"},{"Worker Number": 2,"Sort Method": "quicksort","Sort Space Used": 27,"Sort Space Type": "Memory"},{"Worker Number": 3,"Sort Method": "quicksort","Sort Space Used": 27,"Sort Space Type": "Memory"}],"Plans": [{"Node Type": "Aggregate","Strategy": "Hashed","Partial Mode": "Partial","Parent Relationship": "Outer","Parallel Aware": false,"Async Capable": false,"Startup Cost": 183313.59,"Total Cost": 183313.73,"Plan Rows": 6,"Plan Width": 236,"Actual Startup Time": 1648.607,"Actual Total Time": 1648.618,"Actual Rows": 4,"Actual Loops": 5,"Group Key": ["l_returnflag", "l_linestatus"],"Planned Partitions": 0,"HashAgg Batches": 1,"Peak Memory Usage": 32,"Disk Usage": 0,"Workers": [{"Worker Number": 0,"HashAgg Batches": 1,"Peak Memory Usage": 32,"Disk Usage": 0},{"Worker Number": 1,"HashAgg Batches": 1,"Peak Memory Usage": 32,"Disk Usage": 0},{"Worker Number": 2,"HashAgg Batches": 1,"Peak Memory Usage": 32,"Disk Usage": 0},{"Worker Number": 3,"HashAgg Batches": 1,"Peak Memory Usage": 32,"Disk Usage": 0}],"Plans": [{"Node Type": "Seq Scan","Parent Relationship": "Outer","Parallel Aware": true,"Async Capable": false,"Relation Name": "lineitem","Alias": "lineitem","Startup Cost": 0.00,"Total Cost": 131256.80,"Plan Rows": 1487337,"Plan Width": 25,"Actual Startup Time": 0.037,"Actual Total Time": 622.318,"Actual Rows": 1191638,"Actual Loops": 5,"Filter": "(l_shipdate <= '1998-09-28 00:00:00'::timestamp without time zone)","Rows Removed by Filter": 8605,"Workers": []}]}]}]}]},"Planning Time": 3.442,"Triggers": [],"Execution Time": 1691.344}]
[{"Plan": {"Node Type": "Aggregate","Strategy": "Sorted","Partial Mode": "Finalize","Parallel Aware": false,"Async Capable": false,"Startup Cost": 183915.11,"Total Cost": 183918.93,"Plan Rows": 6,"Plan Width": 236,"Actual Startup Time": 1617.865,"Actual Total Time": 1652.425,"Actual Rows": 4,"Actual Loops": 1,"Group Key": ["l_returnflag", "l_linestatus"],"Plans": [{"Node Type": "Gather Merge","Parent Relationship": "Outer","Parallel Aware": false,"Async Capable": false,"Startup Cost": 183915.11,"Total Cost": 183917.98,"Plan Rows": 24,"Plan Width": 236,"Actual Startup Time": 1617.776,"Actual Total Time": 1652.277,"Actual Rows": 20,"Actual Loops": 1,"Workers Planned": 4,"Workers Launched": 4,"Plans": [{"Node Type": "Sort","Parent Relationship": "Outer","Parallel Aware": false,"Async Capable": false,"Startup Cost": 182915.05,"Total Cost": 182915.06,"Plan Rows": 6,"Plan Width": 236,"Actual Startup Time": 1610.319,"Actual Total Time": 1610.323,"Actual Rows": 4,"Actual Loops": 5,"Sort Key": ["l_returnflag", "l_linestatus"],"Sort Method": "quicksort","Sort Space Used": 27,"Sort Space Type": "Memory","Workers": [{"Worker Number": 0,"Sort Method": "quicksort","Sort Space Used": 27,"Sort Space Type": "Memory"},{"Worker Number": 1,"Sort Method": "quicksort","Sort Space Used": 27,"Sort Space Type": "Memory"},{"Worker Number": 2,"Sort Method": "quicksort","Sort Space Used": 27,"Sort Space Type": "Memory"},{"Worker Number": 3,"Sort Method": "quicksort","Sort Space Used": 27,"Sort Space Type": "Memory"}],"Plans": [{"Node Type": "Aggregate","Strategy": "Hashed","Partial Mode": "Partial","Parent Relationship": "Outer","Parallel Aware": false,"Async Capable": false,"Startup Cost": 182914.84,"Total Cost": 182914.97,"Plan Rows": 6,"Plan Width": 236,"Actual Startup Time": 1610.220,"Actual Total Time": 1610.228,"Actual Rows": 4,"Actual Loops": 5,"Group Key": ["l_returnflag", "l_linestatus"],"Planned Partitions": 0,"HashAgg Batches": 1,"Peak Memory Usage": 32,"Disk Usage": 0,"Workers": [{"Worker Number": 0,"HashAgg Batches": 1,"Peak Memory Usage": 32,"Disk Usage": 0},{"Worker Number": 1,"HashAgg Batches": 1,"Peak Memory Usage": 32,"Disk Usage": 0},{"Worker Number": 2,"HashAgg Batches": 1,"Peak Memory Usage": 32,"Disk Usage": 0},{"Worker Number": 3,"HashAgg Batches": 1,"Peak Memory Usage": 32,"Disk Usage": 0}],"Plans": [{"Node Type": "Seq Scan","Parent Relationship": "Outer","Parallel Aware": true,"Async Capable": false,"Relation Name": "lineitem","Alias": "lineitem","Startup Cost": 0.00,"Total Cost": 131256.80,"Plan Rows": 1475944,"Plan Width": 25,"Actual Startup Time": 0.051,"Actual Total Time": 598.821,"Actual Rows": 1181394,"Actual Loops": 5,"Filter": "(l_shipdate <= '1998-08-28 00:00:00'::timestamp without time zone)","Rows Removed by Filter": 18849,"Workers": []}]}]}]}]},"Planning Time": 2.726,"Triggers": [],"Execution Time": 1652.808}]
[{"Plan": {"Node Type": "Aggregate","Strategy": "Sorted","Partial Mode": "Finalize","Parallel Aware": false,"Async Capable": false,"Startup Cost": 184143.48,"Total Cost": 184147.30,"Plan Rows": 6,"Plan Width": 236,"Actual Startup Time": 1626.444,"Actual Total Time": 1660.907,"Actual Rows": 4,"Actual Loops": 1,"Group Key": ["l_returnflag", "l_linestatus"],"Plans": [{"Node Type": "Gather Merge","Parent Relationship": "Outer","Parallel Aware": false,"Async Capable": false,"Startup Cost": 184143.48,"Total Cost": 184146.36,"Plan Rows": 24,"Plan Width": 236,"Actual Startup Time": 1626.358,"Actual Total Time": 1660.800,"Actual Rows": 20,"Actual Loops": 1,"Workers Planned": 4,"Workers Launched": 4,"Plans": [{"Node Type": "Sort","Parent Relationship": "Outer","Parallel Aware": false,"Async Capable": false,"Startup Cost": 183143.42,"Total Cost": 183143.44,"Plan Rows": 6,"Plan Width": 236,"Actual Startup Time": 1618.434,"Actual Total Time": 1618.440,"Actual Rows": 4,"Actual Loops": 5,"Sort Key": ["l_returnflag", "l_linestatus"],"Sort Method": "quicksort","Sort Space Used": 27,"Sort Space Type": "Memory","Workers": [{"Worker Number": 0,"Sort Method": "quicksort","Sort Space Used": 27,"Sort Space Type": "Memory"},{"Worker Number": 1,"Sort Method": "quicksort","Sort Space Used": 27,"Sort Space Type": "Memory"},{"Worker Number": 2,"Sort Method": "quicksort","Sort Space Used": 27,"Sort Space Type": "Memory"},{"Worker Number": 3,"Sort Method": "quicksort","Sort Space Used": 27,"Sort Space Type": "Memory"}],"Plans": [{"Node Type": "Aggregate","Strategy": "Hashed","Partial Mode": "Partial","Parent Relationship": "Outer","Parallel Aware": false,"Async Capable": false,"Startup Cost": 183143.21,"Total Cost": 183143.35,"Plan Rows": 6,"Plan Width": 236,"Actual Startup Time": 1618.337,"Actual Total Time": 1618.346,"Actual Rows": 4,"Actual Loops": 5,"Group Key": ["l_returnflag", "l_linestatus"],"Planned Partitions": 0,"HashAgg Batches": 1,"Peak Memory Usage": 32,"Disk Usage": 0,"Workers": [{"Worker Number": 0,"HashAgg Batches": 1,"Peak Memory Usage": 32,"Disk Usage": 0},{"Worker Number": 1,"HashAgg Batches": 1,"Peak Memory Usage": 32,"Disk Usage": 0},{"Worker Number": 2,"HashAgg Batches": 1,"Peak Memory Usage": 32,"Disk Usage": 0},{"Worker Number": 3,"HashAgg Batches": 1,"Peak Memory Usage": 32,"Disk Usage": 0}],"Plans": [{"Node Type": "Seq Scan","Parent Relationship": "Outer","Parallel Aware": true,"Async Capable": false,"Relation Name": "lineitem","Alias": "lineitem","Startup Cost": 0.00,"Total Cost": 131256.80,"Plan Rows": 1482469,"Plan Width": 25,"Actual Startup Time": 0.037,"Actual Total Time": 601.337,"Actual Rows": 1186872,"Actual Loops": 5,"Filter": "(l_shipdate <= '1998-09-12 00:00:00'::timestamp without time zone)","Rows Removed by Filter": 13371,"Workers": []}]}]}]}]},"Planning Time": 3.114,"Triggers": [],"Execution Time": 1661.349}]
[{"Plan": {"Node Type": "Aggregate","Strategy": "Sorted","Partial Mode": "Finalize","Parallel Aware": false,"Async Capable": false,"Startup Cost": 183573.12,"Total Cost": 183576.94,"Plan Rows": 6,"Plan Width": 236,"Actual Startup Time": 1630.320,"Actual Total Time": 1663.472,"Actual Rows": 4,"Actual Loops": 1,"Group Key": ["l_returnflag", "l_linestatus"],"Plans": [{"Node Type": "Gather Merge","Parent Relationship": "Outer","Parallel Aware": false,"Async Capable": false,"Startup Cost": 183573.12,"Total Cost": 183576.00,"Plan Rows": 24,"Plan Width": 236,"Actual Startup Time": 1630.214,"Actual Total Time": 1663.326,"Actual Rows": 20,"Actual Loops": 1,"Workers Planned": 4,"Workers Launched": 4,"Plans": [{"Node Type": "Sort","Parent Relationship": "Outer","Parallel Aware": false,"Async Capable": false,"Startup Cost": 182573.06,"Total Cost": 182573.08,"Plan Rows": 6,"Plan Width": 236,"Actual Startup Time": 1621.960,"Actual Total Time": 1621.963,"Actual Rows": 4,"Actual Loops": 5,"Sort Key": ["l_returnflag", "l_linestatus"],"Sort Method": "quicksort","Sort Space Used": 27,"Sort Space Type": "Memory","Workers": [{"Worker Number": 0,"Sort Method": "quicksort","Sort Space Used": 27,"Sort Space Type": "Memory"},{"Worker Number": 1,"Sort Method": "quicksort","Sort Space Used": 27,"Sort Space Type": "Memory"},{"Worker Number": 2,"Sort Method": "quicksort","Sort Space Used": 27,"Sort Space Type": "Memory"},{"Worker Number": 3,"Sort Method": "quicksort","Sort Space Used": 27,"Sort Space Type": "Memory"}],"Plans": [{"Node Type": "Aggregate","Strategy": "Hashed","Partial Mode": "Partial","Parent Relationship": "Outer","Parallel Aware": false,"Async Capable": false,"Startup Cost": 182572.85,"Total Cost": 182572.99,"Plan Rows": 6,"Plan Width": 236,"Actual Startup Time": 1621.870,"Actual Total Time": 1621.879,"Actual Rows": 4,"Actual Loops": 5,"Group Key": ["l_returnflag", "l_linestatus"],"Planned Partitions": 0,"HashAgg Batches": 1,"Peak Memory Usage": 32,"Disk Usage": 0,"Workers": [{"Worker Number": 0,"HashAgg Batches": 1,"Peak Memory Usage": 32,"Disk Usage": 0},{"Worker Number": 1,"HashAgg Batches": 1,"Peak Memory Usage": 32,"Disk Usage": 0},{"Worker Number": 2,"HashAgg Batches": 1,"Peak Memory Usage": 32,"Disk Usage": 0},{"Worker Number": 3,"HashAgg Batches": 1,"Peak Memory Usage": 32,"Disk Usage": 0}],"Plans": [{"Node Type": "Seq Scan","Parent Relationship": "Outer","Parallel Aware": true,"Async Capable": false,"Relation Name": "lineitem","Alias": "lineitem","Startup Cost": 0.00,"Total Cost": 131256.80,"Plan Rows": 1466173,"Plan Width": 25,"Actual Startup Time": 0.040,"Actual Total Time": 613.933,"Actual Rows": 1172635,"Actual Loops": 5,"Filter": "(l_shipdate <= '1998-08-08 00:00:00'::timestamp without time zone)","Rows Removed by Filter": 27608,"Workers": []}]}]}]}]},"Planning Time": 2.802,"Triggers": [],"Execution Time": 1663.865}]
[{"Plan": {"Node Type": "Aggregate","Strategy": "Sorted","Partial Mode": "Finalize","Parallel Aware": false,"Async Capable": false,"Startup Cost": 184271.34,"Total Cost": 184275.16,"Plan Rows": 6,"Plan Width": 236,"Actual Startup Time": 1627.489,"Actual Total Time": 1661.299,"Actual Rows": 4,"Actual Loops": 1,"Group Key": ["l_returnflag", "l_linestatus"],"Plans": [{"Node Type": "Gather Merge","Parent Relationship": "Outer","Parallel Aware": false,"Async Capable": false,"Startup Cost": 184271.34,"Total Cost": 184274.21,"Plan Rows": 24,"Plan Width": 236,"Actual Startup Time": 1627.365,"Actual Total Time": 1661.147,"Actual Rows": 20,"Actual Loops": 1,"Workers Planned": 4,"Workers Launched": 4,"Plans": [{"Node Type": "Sort","Parent Relationship": "Outer","Parallel Aware": false,"Async Capable": false,"Startup Cost": 183271.28,"Total Cost": 183271.29,"Plan Rows": 6,"Plan Width": 236,"Actual Startup Time": 1619.927,"Actual Total Time": 1619.931,"Actual Rows": 4,"Actual Loops": 5,"Sort Key": ["l_returnflag", "l_linestatus"],"Sort Method": "quicksort","Sort Space Used": 27,"Sort Space Type": "Memory","Workers": [{"Worker Number": 0,"Sort Method": "quicksort","Sort Space Used": 27,"Sort Space Type": "Memory"},{"Worker Number": 1,"Sort Method": "quicksort","Sort Space Used": 27,"Sort Space Type": "Memory"},{"Worker Number": 2,"Sort Method": "quicksort","Sort Space Used": 27,"Sort Space Type": "Memory"},{"Worker Number": 3,"Sort Method": "quicksort","Sort Space Used": 27,"Sort Space Type": "Memory"}],"Plans": [{"Node Type": "Aggregate","Strategy": "Hashed","Partial Mode": "Partial","Parent Relationship": "Outer","Parallel Aware": false,"Async Capable": false,"Startup Cost": 183271.07,"Total Cost": 183271.20,"Plan Rows": 6,"Plan Width": 236,"Actual Startup Time": 1619.825,"Actual Total Time": 1619.834,"Actual Rows": 4,"Actual Loops": 5,"Group Key": ["l_returnflag", "l_linestatus"],"Planned Partitions": 0,"HashAgg Batches": 1,"Peak Memory Usage": 32,"Disk Usage": 0,"Workers": [{"Worker Number": 0,"HashAgg Batches": 1,"Peak Memory Usage": 32,"Disk Usage": 0},{"Worker Number": 1,"HashAgg Batches": 1,"Peak Memory Usage": 32,"Disk Usage": 0},{"Worker Number": 2,"HashAgg Batches": 1,"Peak Memory Usage": 32,"Disk Usage": 0},{"Worker Number": 3,"HashAgg Batches": 1,"Peak Memory Usage": 32,"Disk Usage": 0}],"Plans": [{"Node Type": "Seq Scan","Parent Relationship": "Outer","Parallel Aware": true,"Async Capable": false,"Relation Name": "lineitem","Alias": "lineitem","Startup Cost": 0.00,"Total Cost": 131256.80,"Plan Rows": 1486122,"Plan Width": 25,"Actual Startup Time": 0.036,"Actual Total Time": 598.919,"Actual Rows": 1189982,"Actual Loops": 5,"Filter": "(l_shipdate <= '1998-09-22 00:00:00'::timestamp without time zone)","Rows Removed by Filter": 10261,"Workers": []}]}]}]}]},"Planning Time": 2.236,"Triggers": [],"Execution Time": 1661.794}]
[{"Plan": {"Node Type": "Aggregate","Strategy": "Sorted","Partial Mode": "Finalize","Parallel Aware": false,"Async Capable": false,"Startup Cost": 183672.66,"Total Cost": 183676.48,"Plan Rows": 6,"Plan Width": 236,"Actual Startup Time": 1616.111,"Actual Total Time": 1649.293,"Actual Rows": 4,"Actual Loops": 1,"Group Key": ["l_returnflag", "l_linestatus"],"Plans": [{"Node Type": "Gather Merge","Parent Relationship": "Outer","Parallel Aware": false,"Async Capable": false,"Startup Cost": 183672.66,"Total Cost": 183675.54,"Plan Rows": 24,"Plan Width": 236,"Actual Startup Time": 1616.040,"Actual Total Time": 1649.181,"Actual Rows": 20,"Actual Loops": 1,"Workers Planned": 4,"Workers Launched": 4,"Plans": [{"Node Type": "Sort","Parent Relationship": "Outer","Parallel Aware": false,"Async Capable": false,"Startup Cost": 182672.60,"Total Cost": 182672.62,"Plan Rows": 6,"Plan Width": 236,"Actual Startup Time": 1608.293,"Actual Total Time": 1608.295,"Actual Rows": 4,"Actual Loops": 5,"Sort Key": ["l_returnflag", "l_linestatus"],"Sort Method": "quicksort","Sort Space Used": 27,"Sort Space Type": "Memory","Workers": [{"Worker Number": 0,"Sort Method": "quicksort","Sort Space Used": 27,"Sort Space Type": "Memory"},{"Worker Number": 1,"Sort Method": "quicksort","Sort Space Used": 27,"Sort Space Type": "Memory"},{"Worker Number": 2,"Sort Method": "quicksort","Sort Space Used": 27,"Sort Space Type": "Memory"},{"Worker Number": 3,"Sort Method": "quicksort","Sort Space Used": 27,"Sort Space Type": "Memory"}],"Plans": [{"Node Type": "Aggregate","Strategy": "Hashed","Partial Mode": "Partial","Parent Relationship": "Outer","Parallel Aware": false,"Async Capable": false,"Startup Cost": 182672.39,"Total Cost": 182672.53,"Plan Rows": 6,"Plan Width": 236,"Actual Startup Time": 1608.122,"Actual Total Time": 1608.128,"Actual Rows": 4,"Actual Loops": 5,"Group Key": ["l_returnflag", "l_linestatus"],"Planned Partitions": 0,"HashAgg Batches": 1,"Peak Memory Usage": 32,"Disk Usage": 0,"Workers": [{"Worker Number": 0,"HashAgg Batches": 1,"Peak Memory Usage": 32,"Disk Usage": 0},{"Worker Number": 1,"HashAgg Batches": 1,"Peak Memory Usage": 32,"Disk Usage": 0},{"Worker Number": 2,"HashAgg Batches": 1,"Peak Memory Usage": 32,"Disk Usage": 0},{"Worker Number": 3,"HashAgg Batches": 1,"Peak Memory Usage": 32,"Disk Usage": 0}],"Plans": [{"Node Type": "Seq Scan","Parent Relationship": "Outer","Parallel Aware": true,"Async Capable": false,"Relation Name": "lineitem","Alias": "lineitem","Startup Cost": 0.00,"Total Cost": 131256.80,"Plan Rows": 1469017,"Plan Width": 25,"Actual Startup Time": 0.038,"Actual Total Time": 601.467,"Actual Rows": 1175005,"Actual Loops": 5,"Filter": "(l_shipdate <= '1998-08-13 00:00:00'::timestamp without time zone)","Rows Removed by Filter": 25238,"Workers": []}]}]}]}]},"Planning Time": 3.226,"Triggers": [],"Execution Time": 1649.755}]
[{"Plan": {"Node Type": "Aggregate","Strategy": "Sorted","Partial Mode": "Finalize","Parallel Aware": false,"Async Capable": false,"Startup Cost": 183899.88,"Total Cost": 183903.70,"Plan Rows": 6,"Plan Width": 236,"Actual Startup Time": 1631.667,"Actual Total Time": 1664.196,"Actual Rows": 4,"Actual Loops": 1,"Group Key": ["l_returnflag", "l_linestatus"],"Plans": [{"Node Type": "Gather Merge","Parent Relationship": "Outer","Parallel Aware": false,"Async Capable": false,"Startup Cost": 183899.88,"Total Cost": 183902.76,"Plan Rows": 24,"Plan Width": 236,"Actual Startup Time": 1631.585,"Actual Total Time": 1664.073,"Actual Rows": 20,"Actual Loops": 1,"Workers Planned": 4,"Workers Launched": 4,"Plans": [{"Node Type": "Sort","Parent Relationship": "Outer","Parallel Aware": false,"Async Capable": false,"Startup Cost": 182899.82,"Total Cost": 182899.84,"Plan Rows": 6,"Plan Width": 236,"Actual Startup Time": 1623.935,"Actual Total Time": 1623.946,"Actual Rows": 4,"Actual Loops": 5,"Sort Key": ["l_returnflag", "l_linestatus"],"Sort Method": "quicksort","Sort Space Used": 27,"Sort Space Type": "Memory","Workers": [{"Worker Number": 0,"Sort Method": "quicksort","Sort Space Used": 27,"Sort Space Type": "Memory"},{"Worker Number": 1,"Sort Method": "quicksort","Sort Space Used": 27,"Sort Space Type": "Memory"},{"Worker Number": 2,"Sort Method": "quicksort","Sort Space Used": 27,"Sort Space Type": "Memory"},{"Worker Number": 3,"Sort Method": "quicksort","Sort Space Used": 27,"Sort Space Type": "Memory"}],"Plans": [{"Node Type": "Aggregate","Strategy": "Hashed","Partial Mode": "Partial","Parent Relationship": "Outer","Parallel Aware": false,"Async Capable": false,"Startup Cost": 182899.61,"Total Cost": 182899.75,"Plan Rows": 6,"Plan Width": 236,"Actual Startup Time": 1623.729,"Actual Total Time": 1623.744,"Actual Rows": 4,"Actual Loops": 5,"Group Key": ["l_returnflag", "l_linestatus"],"Planned Partitions": 0,"HashAgg Batches": 1,"Peak Memory Usage": 32,"Disk Usage": 0,"Workers": [{"Worker Number": 0,"HashAgg Batches": 1,"Peak Memory Usage": 32,"Disk Usage": 0},{"Worker Number": 1,"HashAgg Batches": 1,"Peak Memory Usage": 32,"Disk Usage": 0},{"Worker Number": 2,"HashAgg Batches": 1,"Peak Memory Usage": 32,"Disk Usage": 0},{"Worker Number": 3,"HashAgg Batches": 1,"Peak Memory Usage": 32,"Disk Usage": 0}],"Plans": [{"Node Type": "Seq Scan","Parent Relationship": "Outer","Parallel Aware": true,"Async Capable": false,"Relation Name": "lineitem","Alias": "lineitem","Startup Cost": 0.00,"Total Cost": 131256.80,"Plan Rows": 1475509,"Plan Width": 25,"Actual Startup Time": 0.043,"Actual Total Time": 609.151,"Actual Rows": 1181003,"Actual Loops": 5,"Filter": "(l_shipdate <= '1998-08-27 00:00:00'::timestamp without time zone)","Rows Removed by Filter": 19240,"Workers": []}]}]}]}]},"Planning Time": 2.796,"Triggers": [],"Execution Time": 1664.547}]
[{"Plan": {"Node Type": "Aggregate","Strategy": "Sorted","Partial Mode": "Finalize","Parallel Aware": false,"Async Capable": false,"Startup Cost": 184082.58,"Total Cost": 184086.40,"Plan Rows": 6,"Plan Width": 236,"Actual Startup Time": 1638.478,"Actual Total Time": 1674.281,"Actual Rows": 4,"Actual Loops": 1,"Group Key": ["l_returnflag", "l_linestatus"],"Plans": [{"Node Type": "Gather Merge","Parent Relationship": "Outer","Parallel Aware": false,"Async Capable": false,"Startup Cost": 184082.58,"Total Cost": 184085.46,"Plan Rows": 24,"Plan Width": 236,"Actual Startup Time": 1638.346,"Actual Total Time": 1674.153,"Actual Rows": 20,"Actual Loops": 1,"Workers Planned": 4,"Workers Launched": 4,"Plans": [{"Node Type": "Sort","Parent Relationship": "Outer","Parallel Aware": false,"Async Capable": false,"Startup Cost": 183082.52,"Total Cost": 183082.54,"Plan Rows": 6,"Plan Width": 236,"Actual Startup Time": 1630.819,"Actual Total Time": 1630.824,"Actual Rows": 4,"Actual Loops": 5,"Sort Key": ["l_returnflag", "l_linestatus"],"Sort Method": "quicksort","Sort Space Used": 27,"Sort Space Type": "Memory","Workers": [{"Worker Number": 0,"Sort Method": "quicksort","Sort Space Used": 27,"Sort Space Type": "Memory"},{"Worker Number": 1,"Sort Method": "quicksort","Sort Space Used": 27,"Sort Space Type": "Memory"},{"Worker Number": 2,"Sort Method": "quicksort","Sort Space Used": 27,"Sort Space Type": "Memory"},{"Worker Number": 3,"Sort Method": "quicksort","Sort Space Used": 27,"Sort Space Type": "Memory"}],"Plans": [{"Node Type": "Aggregate","Strategy": "Hashed","Partial Mode": "Partial","Parent Relationship": "Outer","Parallel Aware": false,"Async Capable": false,"Startup Cost": 183082.31,"Total Cost": 183082.45,"Plan Rows": 6,"Plan Width": 236,"Actual Startup Time": 1630.721,"Actual Total Time": 1630.730,"Actual Rows": 4,"Actual Loops": 5,"Group Key": ["l_returnflag", "l_linestatus"],"Planned Partitions": 0,"HashAgg Batches": 1,"Peak Memory Usage": 32,"Disk Usage": 0,"Workers": [{"Worker Number": 0,"HashAgg Batches": 1,"Peak Memory Usage": 32,"Disk Usage": 0},{"Worker Number": 1,"HashAgg Batches": 1,"Peak Memory Usage": 32,"Disk Usage": 0},{"Worker Number": 2,"HashAgg Batches": 1,"Peak Memory Usage": 32,"Disk Usage": 0},{"Worker Number": 3,"HashAgg Batches": 1,"Peak Memory Usage": 32,"Disk Usage": 0}],"Plans": [{"Node Type": "Seq Scan","Parent Relationship": "Outer","Parallel Aware": true,"Async Capable": false,"Relation Name": "lineitem","Alias": "lineitem","Startup Cost": 0.00,"Total Cost": 131256.80,"Plan Rows": 1480729,"Plan Width": 25,"Actual Startup Time": 0.040,"Actual Total Time": 612.285,"Actual Rows": 1185489,"Actual Loops": 5,"Filter": "(l_shipdate <= '1998-09-08 00:00:00'::timestamp without time zone)","Rows Removed by Filter": 14754,"Workers": []}]}]}]}]},"Planning Time": 2.744,"Triggers": [],"Execution Time": 1674.643}]
[{"Plan": {"Node Type": "Aggregate","Strategy": "Sorted","Partial Mode": "Finalize","Parallel Aware": false,"Async Capable": false,"Startup Cost": 183854.21,"Total Cost": 183858.03,"Plan Rows": 6,"Plan Width": 236,"Actual Startup Time": 1621.142,"Actual Total Time": 1653.452,"Actual Rows": 4,"Actual Loops": 1,"Group Key": ["l_returnflag", "l_linestatus"],"Plans": [{"Node Type": "Gather Merge","Parent Relationship": "Outer","Parallel Aware": false,"Async Capable": false,"Startup Cost": 183854.21,"Total Cost": 183857.08,"Plan Rows": 24,"Plan Width": 236,"Actual Startup Time": 1621.057,"Actual Total Time": 1653.343,"Actual Rows": 20,"Actual Loops": 1,"Workers Planned": 4,"Workers Launched": 4,"Plans": [{"Node Type": "Sort","Parent Relationship": "Outer","Parallel Aware": false,"Async Capable": false,"Startup Cost": 182854.15,"Total Cost": 182854.16,"Plan Rows": 6,"Plan Width": 236,"Actual Startup Time": 1613.630,"Actual Total Time": 1613.634,"Actual Rows": 4,"Actual Loops": 5,"Sort Key": ["l_returnflag", "l_linestatus"],"Sort Method": "quicksort","Sort Space Used": 27,"Sort Space Type": "Memory","Workers": [{"Worker Number": 0,"Sort Method": "quicksort","Sort Space Used": 27,"Sort Space Type": "Memory"},{"Worker Number": 1,"Sort Method": "quicksort","Sort Space Used": 27,"Sort Space Type": "Memory"},{"Worker Number": 2,"Sort Method": "quicksort","Sort Space Used": 27,"Sort Space Type": "Memory"},{"Worker Number": 3,"Sort Method": "quicksort","Sort Space Used": 27,"Sort Space Type": "Memory"}],"Plans": [{"Node Type": "Aggregate","Strategy": "Hashed","Partial Mode": "Partial","Parent Relationship": "Outer","Parallel Aware": false,"Async Capable": false,"Startup Cost": 182853.94,"Total Cost": 182854.07,"Plan Rows": 6,"Plan Width": 236,"Actual Startup Time": 1613.488,"Actual Total Time": 1613.497,"Actual Rows": 4,"Actual Loops": 5,"Group Key": ["l_returnflag", "l_linestatus"],"Planned Partitions": 0,"HashAgg Batches": 1,"Peak Memory Usage": 32,"Disk Usage": 0,"Workers": [{"Worker Number": 0,"HashAgg Batches": 1,"Peak Memory Usage": 32,"Disk Usage": 0},{"Worker Number": 1,"HashAgg Batches": 1,"Peak Memory Usage": 32,"Disk Usage": 0},{"Worker Number": 2,"HashAgg Batches": 1,"Peak Memory Usage": 32,"Disk Usage": 0},{"Worker Number": 3,"HashAgg Batches": 1,"Peak Memory Usage": 32,"Disk Usage": 0}],"Plans": [{"Node Type": "Seq Scan","Parent Relationship": "Outer","Parallel Aware": true,"Async Capable": false,"Relation Name": "lineitem","Alias": "lineitem","Startup Cost": 0.00,"Total Cost": 131256.80,"Plan Rows": 1474204,"Plan Width": 25,"Actual Startup Time": 0.040,"Actual Total Time": 601.833,"Actual Rows": 1179767,"Actual Loops": 5,"Filter": "(l_shipdate <= '1998-08-24 00:00:00'::timestamp without time zone)","Rows Removed by Filter": 20476,"Workers": []}]}]}]}]},"Planning Time": 2.415,"Triggers": [],"Execution Time": 1653.758}]
[{"Plan": {"Node Type": "Aggregate","Strategy": "Sorted","Partial Mode": "Finalize","Parallel Aware": false,"Async Capable": false,"Startup Cost": 183945.56,"Total Cost": 183949.38,"Plan Rows": 6,"Plan Width": 236,"Actual Startup Time": 1624.685,"Actual Total Time": 1659.093,"Actual Rows": 4,"Actual Loops": 1,"Group Key": ["l_returnflag", "l_linestatus"],"Plans": [{"Node Type": "Gather Merge","Parent Relationship": "Outer","Parallel Aware": false,"Async Capable": false,"Startup Cost": 183945.56,"Total Cost": 183948.43,"Plan Rows": 24,"Plan Width": 236,"Actual Startup Time": 1624.576,"Actual Total Time": 1658.968,"Actual Rows": 20,"Actual Loops": 1,"Workers Planned": 4,"Workers Launched": 4,"Plans": [{"Node Type": "Sort","Parent Relationship": "Outer","Parallel Aware": false,"Async Capable": false,"Startup Cost": 182945.50,"Total Cost": 182945.51,"Plan Rows": 6,"Plan Width": 236,"Actual Startup Time": 1616.640,"Actual Total Time": 1616.644,"Actual Rows": 4,"Actual Loops": 5,"Sort Key": ["l_returnflag", "l_linestatus"],"Sort Method": "quicksort","Sort Space Used": 27,"Sort Space Type": "Memory","Workers": [{"Worker Number": 0,"Sort Method": "quicksort","Sort Space Used": 27,"Sort Space Type": "Memory"},{"Worker Number": 1,"Sort Method": "quicksort","Sort Space Used": 27,"Sort Space Type": "Memory"},{"Worker Number": 2,"Sort Method": "quicksort","Sort Space Used": 27,"Sort Space Type": "Memory"},{"Worker Number": 3,"Sort Method": "quicksort","Sort Space Used": 27,"Sort Space Type": "Memory"}],"Plans": [{"Node Type": "Aggregate","Strategy": "Hashed","Partial Mode": "Partial","Parent Relationship": "Outer","Parallel Aware": false,"Async Capable": false,"Startup Cost": 182945.29,"Total Cost": 182945.42,"Plan Rows": 6,"Plan Width": 236,"Actual Startup Time": 1616.535,"Actual Total Time": 1616.542,"Actual Rows": 4,"Actual Loops": 5,"Group Key": ["l_returnflag", "l_linestatus"],"Planned Partitions": 0,"HashAgg Batches": 1,"Peak Memory Usage": 32,"Disk Usage": 0,"Workers": [{"Worker Number": 0,"HashAgg Batches": 1,"Peak Memory Usage": 32,"Disk Usage": 0},{"Worker Number": 1,"HashAgg Batches": 1,"Peak Memory Usage": 32,"Disk Usage": 0},{"Worker Number": 2,"HashAgg Batches": 1,"Peak Memory Usage": 32,"Disk Usage": 0},{"Worker Number": 3,"HashAgg Batches": 1,"Peak Memory Usage": 32,"Disk Usage": 0}],"Plans": [{"Node Type": "Seq Scan","Parent Relationship": "Outer","Parallel Aware": true,"Async Capable": false,"Relation Name": "lineitem","Alias": "lineitem","Startup Cost": 0.00,"Total Cost": 131256.80,"Plan Rows": 1476814,"Plan Width": 25,"Actual Startup Time": 0.043,"Actual Total Time": 602.040,"Actual Rows": 1182172,"Actual Loops": 5,"Filter": "(l_shipdate <= '1998-08-30 00:00:00'::timestamp without time zone)","Rows Removed by Filter": 18071,"Workers": []}]}]}]}]},"Planning Time": 2.906,"Triggers": [],"Execution Time": 1659.548}]
[{"Plan": {"Node Type": "Aggregate","Strategy": "Sorted","Partial Mode": "Finalize","Parallel Aware": false,"Async Capable": false,"Startup Cost": 184006.46,"Total Cost": 184010.28,"Plan Rows": 6,"Plan Width": 236,"Actual Startup Time": 1637.563,"Actual Total Time": 1670.763,"Actual Rows": 4,"Actual Loops": 1,"Group Key": ["l_returnflag", "l_linestatus"],"Plans": [{"Node Type": "Gather Merge","Parent Relationship": "Outer","Parallel Aware": false,"Async Capable": false,"Startup Cost": 184006.46,"Total Cost": 184009.33,"Plan Rows": 24,"Plan Width": 236,"Actual Startup Time": 1637.486,"Actual Total Time": 1670.648,"Actual Rows": 20,"Actual Loops": 1,"Workers Planned": 4,"Workers Launched": 4,"Plans": [{"Node Type": "Sort","Parent Relationship": "Outer","Parallel Aware": false,"Async Capable": false,"Startup Cost": 183006.40,"Total Cost": 183006.41,"Plan Rows": 6,"Plan Width": 236,"Actual Startup Time": 1629.890,"Actual Total Time": 1629.896,"Actual Rows": 4,"Actual Loops": 5,"Sort Key": ["l_returnflag", "l_linestatus"],"Sort Method": "quicksort","Sort Space Used": 27,"Sort Space Type": "Memory","Workers": [{"Worker Number": 0,"Sort Method": "quicksort","Sort Space Used": 27,"Sort Space Type": "Memory"},{"Worker Number": 1,"Sort Method": "quicksort","Sort Space Used": 27,"Sort Space Type": "Memory"},{"Worker Number": 2,"Sort Method": "quicksort","Sort Space Used": 27,"Sort Space Type": "Memory"},{"Worker Number": 3,"Sort Method": "quicksort","Sort Space Used": 27,"Sort Space Type": "Memory"}],"Plans": [{"Node Type": "Aggregate","Strategy": "Hashed","Partial Mode": "Partial","Parent Relationship": "Outer","Parallel Aware": false,"Async Capable": false,"Startup Cost": 183006.19,"Total Cost": 183006.32,"Plan Rows": 6,"Plan Width": 236,"Actual Startup Time": 1629.716,"Actual Total Time": 1629.726,"Actual Rows": 4,"Actual Loops": 5,"Group Key": ["l_returnflag", "l_linestatus"],"Planned Partitions": 0,"HashAgg Batches": 1,"Peak Memory Usage": 32,"Disk Usage": 0,"Workers": [{"Worker Number": 0,"HashAgg Batches": 1,"Peak Memory Usage": 32,"Disk Usage": 0},{"Worker Number": 1,"HashAgg Batches": 1,"Peak Memory Usage": 32,"Disk Usage": 0},{"Worker Number": 2,"HashAgg Batches": 1,"Peak Memory Usage": 32,"Disk Usage": 0},{"Worker Number": 3,"HashAgg Batches": 1,"Peak Memory Usage": 32,"Disk Usage": 0}],"Plans": [{"Node Type": "Seq Scan","Parent Relationship": "Outer","Parallel Aware": true,"Async Capable": false,"Relation Name": "lineitem","Alias": "lineitem","Startup Cost": 0.00,"Total Cost": 131256.80,"Plan Rows": 1478554,"Plan Width": 25,"Actual Startup Time": 0.036,"Actual Total Time": 613.531,"Actual Rows": 1183691,"Actual Loops": 5,"Filter": "(l_shipdate <= '1998-09-03 00:00:00'::timestamp without time zone)","Rows Removed by Filter": 16552,"Workers": []}]}]}]}]},"Planning Time": 3.591,"Triggers": [],"Execution Time": 1671.277}]
[{"Plan": {"Node Type": "Aggregate","Strategy": "Sorted","Partial Mode": "Finalize","Parallel Aware": false,"Async Capable": false,"Startup Cost": 183838.98,"Total Cost": 183842.80,"Plan Rows": 6,"Plan Width": 236,"Actual Startup Time": 1639.650,"Actual Total Time": 1673.848,"Actual Rows": 4,"Actual Loops": 1,"Group Key": ["l_returnflag", "l_linestatus"],"Plans": [{"Node Type": "Gather Merge","Parent Relationship": "Outer","Parallel Aware": false,"Async Capable": false,"Startup Cost": 183838.98,"Total Cost": 183841.86,"Plan Rows": 24,"Plan Width": 236,"Actual Startup Time": 1639.575,"Actual Total Time": 1673.737,"Actual Rows": 20,"Actual Loops": 1,"Workers Planned": 4,"Workers Launched": 4,"Plans": [{"Node Type": "Sort","Parent Relationship": "Outer","Parallel Aware": false,"Async Capable": false,"Startup Cost": 182838.92,"Total Cost": 182838.94,"Plan Rows": 6,"Plan Width": 236,"Actual Startup Time": 1631.806,"Actual Total Time": 1631.813,"Actual Rows": 4,"Actual Loops": 5,"Sort Key": ["l_returnflag", "l_linestatus"],"Sort Method": "quicksort","Sort Space Used": 27,"Sort Space Type": "Memory","Workers": [{"Worker Number": 0,"Sort Method": "quicksort","Sort Space Used": 27,"Sort Space Type": "Memory"},{"Worker Number": 1,"Sort Method": "quicksort","Sort Space Used": 27,"Sort Space Type": "Memory"},{"Worker Number": 2,"Sort Method": "quicksort","Sort Space Used": 27,"Sort Space Type": "Memory"},{"Worker Number": 3,"Sort Method": "quicksort","Sort Space Used": 27,"Sort Space Type": "Memory"}],"Plans": [{"Node Type": "Aggregate","Strategy": "Hashed","Partial Mode": "Partial","Parent Relationship": "Outer","Parallel Aware": false,"Async Capable": false,"Startup Cost": 182838.71,"Total Cost": 182838.85,"Plan Rows": 6,"Plan Width": 236,"Actual Startup Time": 1631.677,"Actual Total Time": 1631.690,"Actual Rows": 4,"Actual Loops": 5,"Group Key": ["l_returnflag", "l_linestatus"],"Planned Partitions": 0,"HashAgg Batches": 1,"Peak Memory Usage": 32,"Disk Usage": 0,"Workers": [{"Worker Number": 0,"HashAgg Batches": 1,"Peak Memory Usage": 32,"Disk Usage": 0},{"Worker Number": 1,"HashAgg Batches": 1,"Peak Memory Usage": 32,"Disk Usage": 0},{"Worker Number": 2,"HashAgg Batches": 1,"Peak Memory Usage": 32,"Disk Usage": 0},{"Worker Number": 3,"HashAgg Batches": 1,"Peak Memory Usage": 32,"Disk Usage": 0}],"Plans": [{"Node Type": "Seq Scan","Parent Relationship": "Outer","Parallel Aware": true,"Async Capable": false,"Relation Name": "lineitem","Alias": "lineitem","Startup Cost": 0.00,"Total Cost": 131256.80,"Plan Rows": 1473769,"Plan Width": 25,"Actual Startup Time": 0.045,"Actual Total Time": 617.011,"Actual Rows": 1179363,"Actual Loops": 5,"Filter": "(l_shipdate <= '1998-08-23 00:00:00'::timestamp without time zone)","Rows Removed by Filter": 20880,"Workers": []}]}]}]}]},"Planning Time": 3.143,"Triggers": [],"Execution Time": 1674.117}]
[{"Plan": {"Node Type": "Aggregate","Strategy": "Sorted","Partial Mode": "Finalize","Parallel Aware": false,"Async Capable": false,"Startup Cost": 183899.88,"Total Cost": 183903.70,"Plan Rows": 6,"Plan Width": 236,"Actual Startup Time": 1631.667,"Actual Total Time": 1664.196,"Actual Rows": 4,"Actual Loops": 1,"Group Key": ["l_returnflag", "l_linestatus"],"Plans": [{"Node Type": "Gather Merge","Parent Relationship": "Outer","Parallel Aware": false,"Async Capable": false,"Startup Cost": 183899.88,"Total Cost": 183902.76,"Plan Rows": 24,"Plan Width": 236,"Actual Startup Time": 1631.585,"Actual Total Time": 1664.073,"Actual Rows": 20,"Actual Loops": 1,"Workers Planned": 4,"Workers Launched": 4,"Plans": [{"Node Type": "Sort","Parent Relationship": "Outer","Parallel Aware": false,"Async Capable": false,"Startup Cost": 182899.82,"Total Cost": 182899.84,"Plan Rows": 6,"Plan Width": 236,"Actual Startup Time": 1623.935,"Actual Total Time": 1623.946,"Actual Rows": 4,"Actual Loops": 5,"Sort Key": ["l_returnflag", "l_linestatus"],"Sort Method": "quicksort","Sort Space Used": 27,"Sort Space Type": "Memory","Workers": [{"Worker Number": 0,"Sort Method": "quicksort","Sort Space Used": 27,"Sort Space Type": "Memory"},{"Worker Number": 1,"Sort Method": "quicksort","Sort Space Used": 27,"Sort Space Type": "Memory"},{"Worker Number": 2,"Sort Method": "quicksort","Sort Space Used": 27,"Sort Space Type": "Memory"},{"Worker Number": 3,"Sort Method": "quicksort","Sort Space Used": 27,"Sort Space Type": "Memory"}],"Plans": [{"Node Type": "Aggregate","Strategy": "Hashed","Partial Mode": "Partial","Parent Relationship": "Outer","Parallel Aware": false,"Async Capable": false,"Startup Cost": 182899.61,"Total Cost": 182899.75,"Plan Rows": 6,"Plan Width": 236,"Actual Startup Time": 1623.729,"Actual Total Time": 1623.744,"Actual Rows": 4,"Actual Loops": 5,"Group Key": ["l_returnflag", "l_linestatus"],"Planned Partitions": 0,"HashAgg Batches": 1,"Peak Memory Usage": 32,"Disk Usage": 0,"Workers": [{"Worker Number": 0,"HashAgg Batches": 1,"Peak Memory Usage": 32,"Disk Usage": 0},{"Worker Number": 1,"HashAgg Batches": 1,"Peak Memory Usage": 32,"Disk Usage": 0},{"Worker Number": 2,"HashAgg Batches": 1,"Peak Memory Usage": 32,"Disk Usage": 0},{"Worker Number": 3,"HashAgg Batches": 1,"Peak Memory Usage": 32,"Disk Usage": 0}],"Plans": [{"Node Type": "Seq Scan","Parent Relationship": "Outer","Parallel Aware": true,"Async Capable": false,"Relation Name": "lineitem","Alias": "lineitem","Startup Cost": 0.00,"Total Cost": 131256.80,"Plan Rows": 1475509,"Plan Width": 25,"Actual Startup Time": 0.043,"Actual Total Time": 609.151,"Actual Rows": 1181003,"Actual Loops": 5,"Filter": "(l_shipdate <= '1998-08-27 00:00:00'::timestamp without time zone)","Rows Removed by Filter": 19240,"Workers": []}]}]}]}]},"Planning Time": 2.796,"Triggers": [],"Execution Time": 1664.547}]
[{"Plan": {"Node Type": "Aggregate","Strategy": "Sorted","Partial Mode": "Finalize","Parallel Aware": false,"Async Capable": false,"Startup Cost": 184335.14,"Total Cost": 184338.96,"Plan Rows": 6,"Plan Width": 236,"Actual Startup Time": 1633.513,"Actual Total Time": 1666.910,"Actual Rows": 4,"Actual Loops": 1,"Group Key": ["l_returnflag", "l_linestatus"],"Plans": [{"Node Type": "Gather Merge","Parent Relationship": "Outer","Parallel Aware": false,"Async Capable": false,"Startup Cost": 184335.14,"Total Cost": 184338.02,"Plan Rows": 24,"Plan Width": 236,"Actual Startup Time": 1633.424,"Actual Total Time": 1666.783,"Actual Rows": 20,"Actual Loops": 1,"Workers Planned": 4,"Workers Launched": 4,"Plans": [{"Node Type": "Sort","Parent Relationship": "Outer","Parallel Aware": false,"Async Capable": false,"Startup Cost": 183335.08,"Total Cost": 183335.10,"Plan Rows": 6,"Plan Width": 236,"Actual Startup Time": 1625.582,"Actual Total Time": 1625.585,"Actual Rows": 4,"Actual Loops": 5,"Sort Key": ["l_returnflag", "l_linestatus"],"Sort Method": "quicksort","Sort Space Used": 27,"Sort Space Type": "Memory","Workers": [{"Worker Number": 0,"Sort Method": "quicksort","Sort Space Used": 27,"Sort Space Type": "Memory"},{"Worker Number": 1,"Sort Method": "quicksort","Sort Space Used": 27,"Sort Space Type": "Memory"},{"Worker Number": 2,"Sort Method": "quicksort","Sort Space Used": 27,"Sort Space Type": "Memory"},{"Worker Number": 3,"Sort Method": "quicksort","Sort Space Used": 27,"Sort Space Type": "Memory"}],"Plans": [{"Node Type": "Aggregate","Strategy": "Hashed","Partial Mode": "Partial","Parent Relationship": "Outer","Parallel Aware": false,"Async Capable": false,"Startup Cost": 183334.87,"Total Cost": 183335.01,"Plan Rows": 6,"Plan Width": 236,"Actual Startup Time": 1625.416,"Actual Total Time": 1625.424,"Actual Rows": 4,"Actual Loops": 5,"Group Key": ["l_returnflag", "l_linestatus"],"Planned Partitions": 0,"HashAgg Batches": 1,"Peak Memory Usage": 32,"Disk Usage": 0,"Workers": [{"Worker Number": 0,"HashAgg Batches": 1,"Peak Memory Usage": 32,"Disk Usage": 0},{"Worker Number": 1,"HashAgg Batches": 1,"Peak Memory Usage": 32,"Disk Usage": 0},{"Worker Number": 2,"HashAgg Batches": 1,"Peak Memory Usage": 32,"Disk Usage": 0},{"Worker Number": 3,"HashAgg Batches": 1,"Peak Memory Usage": 32,"Disk Usage": 0}],"Plans": [{"Node Type": "Seq Scan","Parent Relationship": "Outer","Parallel Aware": true,"Async Capable": false,"Relation Name": "lineitem","Alias": "lineitem","Startup Cost": 0.00,"Total Cost": 131256.80,"Plan Rows": 1487945,"Plan Width": 25,"Actual Startup Time": 0.042,"Actual Total Time": 603.220,"Actual Rows": 1192429,"Actual Loops": 5,"Filter": "(l_shipdate <= '1998-10-01 00:00:00'::timestamp without time zone)","Rows Removed by Filter": 7814,"Workers": []}]}]}]}]},"Planning Time": 2.873,"Triggers": [],"Execution Time": 1667.344}]
[{"Plan": {"Node Type": "Aggregate","Strategy": "Sorted","Partial Mode": "Finalize","Parallel Aware": false,"Async Capable": false,"Startup Cost": 184189.16,"Total Cost": 184192.98,"Plan Rows": 6,"Plan Width": 236,"Actual Startup Time": 1645.674,"Actual Total Time": 1680.009,"Actual Rows": 4,"Actual Loops": 1,"Group Key": ["l_returnflag", "l_linestatus"],"Plans": [{"Node Type": "Gather Merge","Parent Relationship": "Outer","Parallel Aware": false,"Async Capable": false,"Startup Cost": 184189.16,"Total Cost": 184192.03,"Plan Rows": 24,"Plan Width": 236,"Actual Startup Time": 1645.562,"Actual Total Time": 1679.891,"Actual Rows": 20,"Actual Loops": 1,"Workers Planned": 4,"Workers Launched": 4,"Plans": [{"Node Type": "Sort","Parent Relationship": "Outer","Parallel Aware": false,"Async Capable": false,"Startup Cost": 183189.10,"Total Cost": 183189.11,"Plan Rows": 6,"Plan Width": 236,"Actual Startup Time": 1638.058,"Actual Total Time": 1638.062,"Actual Rows": 4,"Actual Loops": 5,"Sort Key": ["l_returnflag", "l_linestatus"],"Sort Method": "quicksort","Sort Space Used": 27,"Sort Space Type": "Memory","Workers": [{"Worker Number": 0,"Sort Method": "quicksort","Sort Space Used": 27,"Sort Space Type": "Memory"},{"Worker Number": 1,"Sort Method": "quicksort","Sort Space Used": 27,"Sort Space Type": "Memory"},{"Worker Number": 2,"Sort Method": "quicksort","Sort Space Used": 27,"Sort Space Type": "Memory"},{"Worker Number": 3,"Sort Method": "quicksort","Sort Space Used": 27,"Sort Space Type": "Memory"}],"Plans": [{"Node Type": "Aggregate","Strategy": "Hashed","Partial Mode": "Partial","Parent Relationship": "Outer","Parallel Aware": false,"Async Capable": false,"Startup Cost": 183188.89,"Total Cost": 183189.02,"Plan Rows": 6,"Plan Width": 236,"Actual Startup Time": 1637.958,"Actual Total Time": 1637.967,"Actual Rows": 4,"Actual Loops": 5,"Group Key": ["l_returnflag", "l_linestatus"],"Planned Partitions": 0,"HashAgg Batches": 1,"Peak Memory Usage": 32,"Disk Usage": 0,"Workers": [{"Worker Number": 0,"HashAgg Batches": 1,"Peak Memory Usage": 32,"Disk Usage": 0},{"Worker Number": 1,"HashAgg Batches": 1,"Peak Memory Usage": 32,"Disk Usage": 0},{"Worker Number": 2,"HashAgg Batches": 1,"Peak Memory Usage": 32,"Disk Usage": 0},{"Worker Number": 3,"HashAgg Batches": 1,"Peak Memory Usage": 32,"Disk Usage": 0}],"Plans": [{"Node Type": "Seq Scan","Parent Relationship": "Outer","Parallel Aware": true,"Async Capable": false,"Relation Name": "lineitem","Alias": "lineitem","Startup Cost": 0.00,"Total Cost": 131256.80,"Plan Rows": 1483774,"Plan Width": 25,"Actual Startup Time": 0.042,"Actual Total Time": 618.846,"Actual Rows": 1187863,"Actual Loops": 5,"Filter": "(l_shipdate <= '1998-09-15 00:00:00'::timestamp without time zone)","Rows Removed by Filter": 12380,"Workers": []}]}]}]}]},"Planning Time": 3.014,"Triggers": [],"Execution Time": 1680.406}]
[{"Plan": {"Node Type": "Aggregate","Strategy": "Sorted","Partial Mode": "Finalize","Parallel Aware": false,"Async Capable": false,"Startup Cost": 184335.14,"Total Cost": 184338.96,"Plan Rows": 6,"Plan Width": 236,"Actual Startup Time": 1633.513,"Actual Total Time": 1666.910,"Actual Rows": 4,"Actual Loops": 1,"Group Key": ["l_returnflag", "l_linestatus"],"Plans": [{"Node Type": "Gather Merge","Parent Relationship": "Outer","Parallel Aware": false,"Async Capable": false,"Startup Cost": 184335.14,"Total Cost": 184338.02,"Plan Rows": 24,"Plan Width": 236,"Actual Startup Time": 1633.424,"Actual Total Time": 1666.783,"Actual Rows": 20,"Actual Loops": 1,"Workers Planned": 4,"Workers Launched": 4,"Plans": [{"Node Type": "Sort","Parent Relationship": "Outer","Parallel Aware": false,"Async Capable": false,"Startup Cost": 183335.08,"Total Cost": 183335.10,"Plan Rows": 6,"Plan Width": 236,"Actual Startup Time": 1625.582,"Actual Total Time": 1625.585,"Actual Rows": 4,"Actual Loops": 5,"Sort Key": ["l_returnflag", "l_linestatus"],"Sort Method": "quicksort","Sort Space Used": 27,"Sort Space Type": "Memory","Workers": [{"Worker Number": 0,"Sort Method": "quicksort","Sort Space Used": 27,"Sort Space Type": "Memory"},{"Worker Number": 1,"Sort Method": "quicksort","Sort Space Used": 27,"Sort Space Type": "Memory"},{"Worker Number": 2,"Sort Method": "quicksort","Sort Space Used": 27,"Sort Space Type": "Memory"},{"Worker Number": 3,"Sort Method": "quicksort","Sort Space Used": 27,"Sort Space Type": "Memory"}],"Plans": [{"Node Type": "Aggregate","Strategy": "Hashed","Partial Mode": "Partial","Parent Relationship": "Outer","Parallel Aware": false,"Async Capable": false,"Startup Cost": 183334.87,"Total Cost": 183335.01,"Plan Rows": 6,"Plan Width": 236,"Actual Startup Time": 1625.416,"Actual Total Time": 1625.424,"Actual Rows": 4,"Actual Loops": 5,"Group Key": ["l_returnflag", "l_linestatus"],"Planned Partitions": 0,"HashAgg Batches": 1,"Peak Memory Usage": 32,"Disk Usage": 0,"Workers": [{"Worker Number": 0,"HashAgg Batches": 1,"Peak Memory Usage": 32,"Disk Usage": 0},{"Worker Number": 1,"HashAgg Batches": 1,"Peak Memory Usage": 32,"Disk Usage": 0},{"Worker Number": 2,"HashAgg Batches": 1,"Peak Memory Usage": 32,"Disk Usage": 0},{"Worker Number": 3,"HashAgg Batches": 1,"Peak Memory Usage": 32,"Disk Usage": 0}],"Plans": [{"Node Type": "Seq Scan","Parent Relationship": "Outer","Parallel Aware": true,"Async Capable": false,"Relation Name": "lineitem","Alias": "lineitem","Startup Cost": 0.00,"Total Cost": 131256.80,"Plan Rows": 1487945,"Plan Width": 25,"Actual Startup Time": 0.042,"Actual Total Time": 603.220,"Actual Rows": 1192429,"Actual Loops": 5,"Filter": "(l_shipdate <= '1998-10-01 00:00:00'::timestamp without time zone)","Rows Removed by Filter": 7814,"Workers": []}]}]}]}]},"Planning Time": 2.873,"Triggers": [],"Execution Time": 1667.344}]
[{"Plan": {"Node Type": "Aggregate","Strategy": "Sorted","Partial Mode": "Finalize","Parallel Aware": false,"Async Capable": false,"Startup Cost": 184264.23,"Total Cost": 184268.05,"Plan Rows": 6,"Plan Width": 236,"Actual Startup Time": 1657.258,"Actual Total Time": 1692.760,"Actual Rows": 4,"Actual Loops": 1,"Group Key": ["l_returnflag", "l_linestatus"],"Plans": [{"Node Type": "Gather Merge","Parent Relationship": "Outer","Parallel Aware": false,"Async Capable": false,"Startup Cost": 184264.23,"Total Cost": 184267.11,"Plan Rows": 24,"Plan Width": 236,"Actual Startup Time": 1657.140,"Actual Total Time": 1692.614,"Actual Rows": 20,"Actual Loops": 1,"Workers Planned": 4,"Workers Launched": 4,"Plans": [{"Node Type": "Sort","Parent Relationship": "Outer","Parallel Aware": false,"Async Capable": false,"Startup Cost": 183264.17,"Total Cost": 183264.19,"Plan Rows": 6,"Plan Width": 236,"Actual Startup Time": 1648.829,"Actual Total Time": 1648.834,"Actual Rows": 4,"Actual Loops": 5,"Sort Key": ["l_returnflag", "l_linestatus"],"Sort Method": "quicksort","Sort Space Used": 27,"Sort Space Type": "Memory","Workers": [{"Worker Number": 0,"Sort Method": "quicksort","Sort Space Used": 27,"Sort Space Type": "Memory"},{"Worker Number": 1,"Sort Method": "quicksort","Sort Space Used": 27,"Sort Space Type": "Memory"},{"Worker Number": 2,"Sort Method": "quicksort","Sort Space Used": 27,"Sort Space Type": "Memory"},{"Worker Number": 3,"Sort Method": "quicksort","Sort Space Used": 27,"Sort Space Type": "Memory"}],"Plans": [{"Node Type": "Aggregate","Strategy": "Hashed","Partial Mode": "Partial","Parent Relationship": "Outer","Parallel Aware": false,"Async Capable": false,"Startup Cost": 183263.96,"Total Cost": 183264.10,"Plan Rows": 6,"Plan Width": 236,"Actual Startup Time": 1648.736,"Actual Total Time": 1648.744,"Actual Rows": 4,"Actual Loops": 5,"Group Key": ["l_returnflag", "l_linestatus"],"Planned Partitions": 0,"HashAgg Batches": 1,"Peak Memory Usage": 32,"Disk Usage": 0,"Workers": [{"Worker Number": 0,"HashAgg Batches": 1,"Peak Memory Usage": 32,"Disk Usage": 0},{"Worker Number": 1,"HashAgg Batches": 1,"Peak Memory Usage": 32,"Disk Usage": 0},{"Worker Number": 2,"HashAgg Batches": 1,"Peak Memory Usage": 32,"Disk Usage": 0},{"Worker Number": 3,"HashAgg Batches": 1,"Peak Memory Usage": 32,"Disk Usage": 0}],"Plans": [{"Node Type": "Seq Scan","Parent Relationship": "Outer","Parallel Aware": true,"Async Capable": false,"Relation Name": "lineitem","Alias": "lineitem","Startup Cost": 0.00,"Total Cost": 131256.80,"Plan Rows": 1485919,"Plan Width": 25,"Actual Startup Time": 0.042,"Actual Total Time": 617.894,"Actual Rows": 1189684,"Actual Loops": 5,"Filter": "(l_shipdate <= '1998-09-21 00:00:00'::timestamp without time zone)","Rows Removed by Filter": 10559,"Workers": []}]}]}]}]},"Planning Time": 3.474,"Triggers": [],"Execution Time": 1693.201}]
[{"Plan": {"Node Type": "Aggregate","Strategy": "Sorted","Partial Mode": "Finalize","Parallel Aware": false,"Async Capable": false,"Startup Cost": 184189.16,"Total Cost": 184192.98,"Plan Rows": 6,"Plan Width": 236,"Actual Startup Time": 1645.674,"Actual Total Time": 1680.009,"Actual Rows": 4,"Actual Loops": 1,"Group Key": ["l_returnflag", "l_linestatus"],"Plans": [{"Node Type": "Gather Merge","Parent Relationship": "Outer","Parallel Aware": false,"Async Capable": false,"Startup Cost": 184189.16,"Total Cost": 184192.03,"Plan Rows": 24,"Plan Width": 236,"Actual Startup Time": 1645.562,"Actual Total Time": 1679.891,"Actual Rows": 20,"Actual Loops": 1,"Workers Planned": 4,"Workers Launched": 4,"Plans": [{"Node Type": "Sort","Parent Relationship": "Outer","Parallel Aware": false,"Async Capable": false,"Startup Cost": 183189.10,"Total Cost": 183189.11,"Plan Rows": 6,"Plan Width": 236,"Actual Startup Time": 1638.058,"Actual Total Time": 1638.062,"Actual Rows": 4,"Actual Loops": 5,"Sort Key": ["l_returnflag", "l_linestatus"],"Sort Method": "quicksort","Sort Space Used": 27,"Sort Space Type": "Memory","Workers": [{"Worker Number": 0,"Sort Method": "quicksort","Sort Space Used": 27,"Sort Space Type": "Memory"},{"Worker Number": 1,"Sort Method": "quicksort","Sort Space Used": 27,"Sort Space Type": "Memory"},{"Worker Number": 2,"Sort Method": "quicksort","Sort Space Used": 27,"Sort Space Type": "Memory"},{"Worker Number": 3,"Sort Method": "quicksort","Sort Space Used": 27,"Sort Space Type": "Memory"}],"Plans": [{"Node Type": "Aggregate","Strategy": "Hashed","Partial Mode": "Partial","Parent Relationship": "Outer","Parallel Aware": false,"Async Capable": false,"Startup Cost": 183188.89,"Total Cost": 183189.02,"Plan Rows": 6,"Plan Width": 236,"Actual Startup Time": 1637.958,"Actual Total Time": 1637.967,"Actual Rows": 4,"Actual Loops": 5,"Group Key": ["l_returnflag", "l_linestatus"],"Planned Partitions": 0,"HashAgg Batches": 1,"Peak Memory Usage": 32,"Disk Usage": 0,"Workers": [{"Worker Number": 0,"HashAgg Batches": 1,"Peak Memory Usage": 32,"Disk Usage": 0},{"Worker Number": 1,"HashAgg Batches": 1,"Peak Memory Usage": 32,"Disk Usage": 0},{"Worker Number": 2,"HashAgg Batches": 1,"Peak Memory Usage": 32,"Disk Usage": 0},{"Worker Number": 3,"HashAgg Batches": 1,"Peak Memory Usage": 32,"Disk Usage": 0}],"Plans": [{"Node Type": "Seq Scan","Parent Relationship": "Outer","Parallel Aware": true,"Async Capable": false,"Relation Name": "lineitem","Alias": "lineitem","Startup Cost": 0.00,"Total Cost": 131256.80,"Plan Rows": 1483774,"Plan Width": 25,"Actual Startup Time": 0.042,"Actual Total Time": 618.846,"Actual Rows": 1187863,"Actual Loops": 5,"Filter": "(l_shipdate <= '1998-09-15 00:00:00'::timestamp without time zone)","Rows Removed by Filter": 12380,"Workers": []}]}]}]}]},"Planning Time": 3.014,"Triggers": [],"Execution Time": 1680.406}]
[{"Plan": {"Node Type": "Aggregate","Strategy": "Sorted","Partial Mode": "Finalize","Parallel Aware": false,"Async Capable": false,"Startup Cost": 183473.58,"Total Cost": 183477.40,"Plan Rows": 6,"Plan Width": 236,"Actual Startup Time": 1609.307,"Actual Total Time": 1642.760,"Actual Rows": 4,"Actual Loops": 1,"Group Key": ["l_returnflag", "l_linestatus"],"Plans": [{"Node Type": "Gather Merge","Parent Relationship": "Outer","Parallel Aware": false,"Async Capable": false,"Startup Cost": 183473.58,"Total Cost": 183476.46,"Plan Rows": 24,"Plan Width": 236,"Actual Startup Time": 1609.212,"Actual Total Time": 1642.638,"Actual Rows": 20,"Actual Loops": 1,"Workers Planned": 4,"Workers Launched": 4,"Plans": [{"Node Type": "Sort","Parent Relationship": "Outer","Parallel Aware": false,"Async Capable": false,"Startup Cost": 182473.52,"Total Cost": 182473.54,"Plan Rows": 6,"Plan Width": 236,"Actual Startup Time": 1601.377,"Actual Total Time": 1601.382,"Actual Rows": 4,"Actual Loops": 5,"Sort Key": ["l_returnflag", "l_linestatus"],"Sort Method": "quicksort","Sort Space Used": 27,"Sort Space Type": "Memory","Workers": [{"Worker Number": 0,"Sort Method": "quicksort","Sort Space Used": 27,"Sort Space Type": "Memory"},{"Worker Number": 1,"Sort Method": "quicksort","Sort Space Used": 27,"Sort Space Type": "Memory"},{"Worker Number": 2,"Sort Method": "quicksort","Sort Space Used": 27,"Sort Space Type": "Memory"},{"Worker Number": 3,"Sort Method": "quicksort","Sort Space Used": 27,"Sort Space Type": "Memory"}],"Plans": [{"Node Type": "Aggregate","Strategy": "Hashed","Partial Mode": "Partial","Parent Relationship": "Outer","Parallel Aware": false,"Async Capable": false,"Startup Cost": 182473.31,"Total Cost": 182473.45,"Plan Rows": 6,"Plan Width": 236,"Actual Startup Time": 1601.162,"Actual Total Time": 1601.170,"Actual Rows": 4,"Actual Loops": 5,"Group Key": ["l_returnflag", "l_linestatus"],"Planned Partitions": 0,"HashAgg Batches": 1,"Peak Memory Usage": 32,"Disk Usage": 0,"Workers": [{"Worker Number": 0,"HashAgg Batches": 1,"Peak Memory Usage": 32,"Disk Usage": 0},{"Worker Number": 1,"HashAgg Batches": 1,"Peak Memory Usage": 32,"Disk Usage": 0},{"Worker Number": 2,"HashAgg Batches": 1,"Peak Memory Usage": 32,"Disk Usage": 0},{"Worker Number": 3,"HashAgg Batches": 1,"Peak Memory Usage": 32,"Disk Usage": 0}],"Plans": [{"Node Type": "Seq Scan","Parent Relationship": "Outer","Parallel Aware": true,"Async Capable": false,"Relation Name": "lineitem","Alias": "lineitem","Startup Cost": 0.00,"Total Cost": 131256.80,"Plan Rows": 1463329,"Plan Width": 25,"Actual Startup Time": 0.041,"Actual Total Time": 597.161,"Actual Rows": 1170174,"Actual Loops": 5,"Filter": "(l_shipdate <= '1998-08-03 00:00:00'::timestamp without time zone)","Rows Removed by Filter": 30069,"Workers": []}]}]}]}]},"Planning Time": 2.665,"Triggers": [],"Execution Time": 1643.121}]
[{"Plan": {"Node Type": "Aggregate","Strategy": "Sorted","Partial Mode": "Finalize","Parallel Aware": false,"Async Capable": false,"Startup Cost": 184250.06,"Total Cost": 184253.88,"Plan Rows": 6,"Plan Width": 236,"Actual Startup Time": 1627.450,"Actual Total Time": 1660.875,"Actual Rows": 4,"Actual Loops": 1,"Group Key": ["l_returnflag", "l_linestatus"],"Plans": [{"Node Type": "Gather Merge","Parent Relationship": "Outer","Parallel Aware": false,"Async Capable": false,"Startup Cost": 184250.06,"Total Cost": 184252.93,"Plan Rows": 24,"Plan Width": 236,"Actual Startup Time": 1627.263,"Actual Total Time": 1660.610,"Actual Rows": 20,"Actual Loops": 1,"Workers Planned": 4,"Workers Launched": 4,"Plans": [{"Node Type": "Sort","Parent Relationship": "Outer","Parallel Aware": false,"Async Capable": false,"Startup Cost": 183250.00,"Total Cost": 183250.01,"Plan Rows": 6,"Plan Width": 236,"Actual Startup Time": 1619.617,"Actual Total Time": 1619.625,"Actual Rows": 4,"Actual Loops": 5,"Sort Key": ["l_returnflag", "l_linestatus"],"Sort Method": "quicksort","Sort Space Used": 27,"Sort Space Type": "Memory","Workers": [{"Worker Number": 0,"Sort Method": "quicksort","Sort Space Used": 27,"Sort Space Type": "Memory"},{"Worker Number": 1,"Sort Method": "quicksort","Sort Space Used": 27,"Sort Space Type": "Memory"},{"Worker Number": 2,"Sort Method": "quicksort","Sort Space Used": 27,"Sort Space Type": "Memory"},{"Worker Number": 3,"Sort Method": "quicksort","Sort Space Used": 27,"Sort Space Type": "Memory"}],"Plans": [{"Node Type": "Aggregate","Strategy": "Hashed","Partial Mode": "Partial","Parent Relationship": "Outer","Parallel Aware": false,"Async Capable": false,"Startup Cost": 183249.79,"Total Cost": 183249.92,"Plan Rows": 6,"Plan Width": 236,"Actual Startup Time": 1619.408,"Actual Total Time": 1619.419,"Actual Rows": 4,"Actual Loops": 5,"Group Key": ["l_returnflag", "l_linestatus"],"Planned Partitions": 0,"HashAgg Batches": 1,"Peak Memory Usage": 32,"Disk Usage": 0,"Workers": [{"Worker Number": 0,"HashAgg Batches": 1,"Peak Memory Usage": 32,"Disk Usage": 0},{"Worker Number": 1,"HashAgg Batches": 1,"Peak Memory Usage": 32,"Disk Usage": 0},{"Worker Number": 2,"HashAgg Batches": 1,"Peak Memory Usage": 32,"Disk Usage": 0},{"Worker Number": 3,"HashAgg Batches": 1,"Peak Memory Usage": 32,"Disk Usage": 0}],"Plans": [{"Node Type": "Seq Scan","Parent Relationship": "Outer","Parallel Aware": true,"Async Capable": false,"Relation Name": "lineitem","Alias": "lineitem","Startup Cost": 0.00,"Total Cost": 131256.80,"Plan Rows": 1485514,"Plan Width": 25,"Actual Startup Time": 0.044,"Actual Total Time": 599.275,"Actual Rows": 1189085,"Actual Loops": 5,"Filter": "(l_shipdate <= '1998-09-19 00:00:00'::timestamp without time zone)","Rows Removed by Filter": 11158,"Workers": []}]}]}]}]},"Planning Time": 3.424,"Triggers": [],"Execution Time": 1661.334}]
[{"Plan": {"Node Type": "Aggregate","Strategy": "Sorted","Partial Mode": "Finalize","Parallel Aware": false,"Async Capable": false,"Startup Cost": 184006.46,"Total Cost": 184010.28,"Plan Rows": 6,"Plan Width": 236,"Actual Startup Time": 1637.563,"Actual Total Time": 1670.763,"Actual Rows": 4,"Actual Loops": 1,"Group Key": ["l_returnflag", "l_linestatus"],"Plans": [{"Node Type": "Gather Merge","Parent Relationship": "Outer","Parallel Aware": false,"Async Capable": false,"Startup Cost": 184006.46,"Total Cost": 184009.33,"Plan Rows": 24,"Plan Width": 236,"Actual Startup Time": 1637.486,"Actual Total Time": 1670.648,"Actual Rows": 20,"Actual Loops": 1,"Workers Planned": 4,"Workers Launched": 4,"Plans": [{"Node Type": "Sort","Parent Relationship": "Outer","Parallel Aware": false,"Async Capable": false,"Startup Cost": 183006.40,"Total Cost": 183006.41,"Plan Rows": 6,"Plan Width": 236,"Actual Startup Time": 1629.890,"Actual Total Time": 1629.896,"Actual Rows": 4,"Actual Loops": 5,"Sort Key": ["l_returnflag", "l_linestatus"],"Sort Method": "quicksort","Sort Space Used": 27,"Sort Space Type": "Memory","Workers": [{"Worker Number": 0,"Sort Method": "quicksort","Sort Space Used": 27,"Sort Space Type": "Memory"},{"Worker Number": 1,"Sort Method": "quicksort","Sort Space Used": 27,"Sort Space Type": "Memory"},{"Worker Number": 2,"Sort Method": "quicksort","Sort Space Used": 27,"Sort Space Type": "Memory"},{"Worker Number": 3,"Sort Method": "quicksort","Sort Space Used": 27,"Sort Space Type": "Memory"}],"Plans": [{"Node Type": "Aggregate","Strategy": "Hashed","Partial Mode": "Partial","Parent Relationship": "Outer","Parallel Aware": false,"Async Capable": false,"Startup Cost": 183006.19,"Total Cost": 183006.32,"Plan Rows": 6,"Plan Width": 236,"Actual Startup Time": 1629.716,"Actual Total Time": 1629.726,"Actual Rows": 4,"Actual Loops": 5,"Group Key": ["l_returnflag", "l_linestatus"],"Planned Partitions": 0,"HashAgg Batches": 1,"Peak Memory Usage": 32,"Disk Usage": 0,"Workers": [{"Worker Number": 0,"HashAgg Batches": 1,"Peak Memory Usage": 32,"Disk Usage": 0},{"Worker Number": 1,"HashAgg Batches": 1,"Peak Memory Usage": 32,"Disk Usage": 0},{"Worker Number": 2,"HashAgg Batches": 1,"Peak Memory Usage": 32,"Disk Usage": 0},{"Worker Number": 3,"HashAgg Batches": 1,"Peak Memory Usage": 32,"Disk Usage": 0}],"Plans": [{"Node Type": "Seq Scan","Parent Relationship": "Outer","Parallel Aware": true,"Async Capable": false,"Relation Name": "lineitem","Alias": "lineitem","Startup Cost": 0.00,"Total Cost": 131256.80,"Plan Rows": 1478554,"Plan Width": 25,"Actual Startup Time": 0.036,"Actual Total Time": 613.531,"Actual Rows": 1183691,"Actual Loops": 5,"Filter": "(l_shipdate <= '1998-09-03 00:00:00'::timestamp without time zone)","Rows Removed by Filter": 16552,"Workers": []}]}]}]}]},"Planning Time": 3.591,"Triggers": [],"Execution Time": 1671.277}]
[{"Plan": {"Node Type": "Aggregate","Strategy": "Sorted","Partial Mode": "Finalize","Parallel Aware": false,"Async Capable": false,"Startup Cost": 183553.21,"Total Cost": 183557.03,"Plan Rows": 6,"Plan Width": 236,"Actual Startup Time": 1635.166,"Actual Total Time": 1668.798,"Actual Rows": 4,"Actual Loops": 1,"Group Key": ["l_returnflag", "l_linestatus"],"Plans": [{"Node Type": "Gather Merge","Parent Relationship": "Outer","Parallel Aware": false,"Async Capable": false,"Startup Cost": 183553.21,"Total Cost": 183556.08,"Plan Rows": 24,"Plan Width": 236,"Actual Startup Time": 1635.051,"Actual Total Time": 1668.649,"Actual Rows": 20,"Actual Loops": 1,"Workers Planned": 4,"Workers Launched": 4,"Plans": [{"Node Type": "Sort","Parent Relationship": "Outer","Parallel Aware": false,"Async Capable": false,"Startup Cost": 182553.15,"Total Cost": 182553.16,"Plan Rows": 6,"Plan Width": 236,"Actual Startup Time": 1627.853,"Actual Total Time": 1627.855,"Actual Rows": 4,"Actual Loops": 5,"Sort Key": ["l_returnflag", "l_linestatus"],"Sort Method": "quicksort","Sort Space Used": 27,"Sort Space Type": "Memory","Workers": [{"Worker Number": 0,"Sort Method": "quicksort","Sort Space Used": 27,"Sort Space Type": "Memory"},{"Worker Number": 1,"Sort Method": "quicksort","Sort Space Used": 27,"Sort Space Type": "Memory"},{"Worker Number": 2,"Sort Method": "quicksort","Sort Space Used": 27,"Sort Space Type": "Memory"},{"Worker Number": 3,"Sort Method": "quicksort","Sort Space Used": 27,"Sort Space Type": "Memory"}],"Plans": [{"Node Type": "Aggregate","Strategy": "Hashed","Partial Mode": "Partial","Parent Relationship": "Outer","Parallel Aware": false,"Async Capable": false,"Startup Cost": 182552.94,"Total Cost": 182553.07,"Plan Rows": 6,"Plan Width": 236,"Actual Startup Time": 1627.778,"Actual Total Time": 1627.785,"Actual Rows": 4,"Actual Loops": 5,"Group Key": ["l_returnflag", "l_linestatus"],"Planned Partitions": 0,"HashAgg Batches": 1,"Peak Memory Usage": 32,"Disk Usage": 0,"Workers": [{"Worker Number": 0,"HashAgg Batches": 1,"Peak Memory Usage": 32,"Disk Usage": 0},{"Worker Number": 1,"HashAgg Batches": 1,"Peak Memory Usage": 32,"Disk Usage": 0},{"Worker Number": 2,"HashAgg Batches": 1,"Peak Memory Usage": 32,"Disk Usage": 0},{"Worker Number": 3,"HashAgg Batches": 1,"Peak Memory Usage": 32,"Disk Usage": 0}],"Plans": [{"Node Type": "Seq Scan","Parent Relationship": "Outer","Parallel Aware": true,"Async Capable": false,"Relation Name": "lineitem","Alias": "lineitem","Startup Cost": 0.00,"Total Cost": 131256.80,"Plan Rows": 1465604,"Plan Width": 25,"Actual Startup Time": 0.035,"Actual Total Time": 612.801,"Actual Rows": 1172151,"Actual Loops": 5,"Filter": "(l_shipdate <= '1998-08-07 00:00:00'::timestamp without time zone)","Rows Removed by Filter": 28092,"Workers": []}]}]}]}]},"Planning Time": 2.559,"Triggers": [],"Execution Time": 1669.138}]
[{"Plan": {"Node Type": "Aggregate","Strategy": "Sorted","Partial Mode": "Finalize","Parallel Aware": false,"Async Capable": false,"Startup Cost": 183960.78,"Total Cost": 183964.60,"Plan Rows": 6,"Plan Width": 236,"Actual Startup Time": 1647.401,"Actual Total Time": 1680.504,"Actual Rows": 4,"Actual Loops": 1,"Group Key": ["l_returnflag", "l_linestatus"],"Plans": [{"Node Type": "Gather Merge","Parent Relationship": "Outer","Parallel Aware": false,"Async Capable": false,"Startup Cost": 183960.78,"Total Cost": 183963.66,"Plan Rows": 24,"Plan Width": 236,"Actual Startup Time": 1647.346,"Actual Total Time": 1680.378,"Actual Rows": 20,"Actual Loops": 1,"Workers Planned": 4,"Workers Launched": 4,"Plans": [{"Node Type": "Sort","Parent Relationship": "Outer","Parallel Aware": false,"Async Capable": false,"Startup Cost": 182960.72,"Total Cost": 182960.74,"Plan Rows": 6,"Plan Width": 236,"Actual Startup Time": 1639.973,"Actual Total Time": 1639.976,"Actual Rows": 4,"Actual Loops": 5,"Sort Key": ["l_returnflag", "l_linestatus"],"Sort Method": "quicksort","Sort Space Used": 27,"Sort Space Type": "Memory","Workers": [{"Worker Number": 0,"Sort Method": "quicksort","Sort Space Used": 27,"Sort Space Type": "Memory"},{"Worker Number": 1,"Sort Method": "quicksort","Sort Space Used": 27,"Sort Space Type": "Memory"},{"Worker Number": 2,"Sort Method": "quicksort","Sort Space Used": 27,"Sort Space Type": "Memory"},{"Worker Number": 3,"Sort Method": "quicksort","Sort Space Used": 27,"Sort Space Type": "Memory"}],"Plans": [{"Node Type": "Aggregate","Strategy": "Hashed","Partial Mode": "Partial","Parent Relationship": "Outer","Parallel Aware": false,"Async Capable": false,"Startup Cost": 182960.51,"Total Cost": 182960.65,"Plan Rows": 6,"Plan Width": 236,"Actual Startup Time": 1639.892,"Actual Total Time": 1639.899,"Actual Rows": 4,"Actual Loops": 5,"Group Key": ["l_returnflag", "l_linestatus"],"Planned Partitions": 0,"HashAgg Batches": 1,"Peak Memory Usage": 32,"Disk Usage": 0,"Workers": [{"Worker Number": 0,"HashAgg Batches": 1,"Peak Memory Usage": 32,"Disk Usage": 0},{"Worker Number": 1,"HashAgg Batches": 1,"Peak Memory Usage": 32,"Disk Usage": 0},{"Worker Number": 2,"HashAgg Batches": 1,"Peak Memory Usage": 32,"Disk Usage": 0},{"Worker Number": 3,"HashAgg Batches": 1,"Peak Memory Usage": 32,"Disk Usage": 0}],"Plans": [{"Node Type": "Seq Scan","Parent Relationship": "Outer","Parallel Aware": true,"Async Capable": false,"Relation Name": "lineitem","Alias": "lineitem","Startup Cost": 0.00,"Total Cost": 131256.80,"Plan Rows": 1477249,"Plan Width": 25,"Actual Startup Time": 0.035,"Actual Total Time": 614.894,"Actual Rows": 1182556,"Actual Loops": 5,"Filter": "(l_shipdate <= '1998-08-31 00:00:00'::timestamp without time zone)","Rows Removed by Filter": 17687,"Workers": []}]}]}]}]},"Planning Time": 3.505,"Triggers": [],"Execution Time": 1680.895}]
[{"Plan": {"Node Type": "Aggregate","Strategy": "Sorted","Partial Mode": "Finalize","Parallel Aware": false,"Async Capable": false,"Startup Cost": 183747.63,"Total Cost": 183751.45,"Plan Rows": 6,"Plan Width": 236,"Actual Startup Time": 1617.442,"Actual Total Time": 1650.246,"Actual Rows": 4,"Actual Loops": 1,"Group Key": ["l_returnflag", "l_linestatus"],"Plans": [{"Node Type": "Gather Merge","Parent Relationship": "Outer","Parallel Aware": false,"Async Capable": false,"Startup Cost": 183747.63,"Total Cost": 183750.51,"Plan Rows": 24,"Plan Width": 236,"Actual Startup Time": 1617.370,"Actual Total Time": 1650.147,"Actual Rows": 20,"Actual Loops": 1,"Workers Planned": 4,"Workers Launched": 4,"Plans": [{"Node Type": "Sort","Parent Relationship": "Outer","Parallel Aware": false,"Async Capable": false,"Startup Cost": 182747.57,"Total Cost": 182747.59,"Plan Rows": 6,"Plan Width": 236,"Actual Startup Time": 1609.546,"Actual Total Time": 1609.553,"Actual Rows": 4,"Actual Loops": 5,"Sort Key": ["l_returnflag", "l_linestatus"],"Sort Method": "quicksort","Sort Space Used": 27,"Sort Space Type": "Memory","Workers": [{"Worker Number": 0,"Sort Method": "quicksort","Sort Space Used": 27,"Sort Space Type": "Memory"},{"Worker Number": 1,"Sort Method": "quicksort","Sort Space Used": 27,"Sort Space Type": "Memory"},{"Worker Number": 2,"Sort Method": "quicksort","Sort Space Used": 27,"Sort Space Type": "Memory"},{"Worker Number": 3,"Sort Method": "quicksort","Sort Space Used": 27,"Sort Space Type": "Memory"}],"Plans": [{"Node Type": "Aggregate","Strategy": "Hashed","Partial Mode": "Partial","Parent Relationship": "Outer","Parallel Aware": false,"Async Capable": false,"Startup Cost": 182747.36,"Total Cost": 182747.50,"Plan Rows": 6,"Plan Width": 236,"Actual Startup Time": 1609.431,"Actual Total Time": 1609.444,"Actual Rows": 4,"Actual Loops": 5,"Group Key": ["l_returnflag", "l_linestatus"],"Planned Partitions": 0,"HashAgg Batches": 1,"Peak Memory Usage": 32,"Disk Usage": 0,"Workers": [{"Worker Number": 0,"HashAgg Batches": 1,"Peak Memory Usage": 32,"Disk Usage": 0},{"Worker Number": 1,"HashAgg Batches": 1,"Peak Memory Usage": 32,"Disk Usage": 0},{"Worker Number": 2,"HashAgg Batches": 1,"Peak Memory Usage": 32,"Disk Usage": 0},{"Worker Number": 3,"HashAgg Batches": 1,"Peak Memory Usage": 32,"Disk Usage": 0}],"Plans": [{"Node Type": "Seq Scan","Parent Relationship": "Outer","Parallel Aware": true,"Async Capable": false,"Relation Name": "lineitem","Alias": "lineitem","Startup Cost": 0.00,"Total Cost": 131256.80,"Plan Rows": 1471159,"Plan Width": 25,"Actual Startup Time": 0.038,"Actual Total Time": 600.325,"Actual Rows": 1176807,"Actual Loops": 5,"Filter": "(l_shipdate <= '1998-08-17 00:00:00'::timestamp without time zone)","Rows Removed by Filter": 23436,"Workers": []}]}]}]}]},"Planning Time": 3.488,"Triggers": [],"Execution Time": 1650.549}]
[{"Plan": {"Node Type": "Aggregate","Strategy": "Sorted","Partial Mode": "Finalize","Parallel Aware": false,"Async Capable": false,"Startup Cost": 184234.83,"Total Cost": 184238.65,"Plan Rows": 6,"Plan Width": 236,"Actual Startup Time": 1625.718,"Actual Total Time": 1658.748,"Actual Rows": 4,"Actual Loops": 1,"Group Key": ["l_returnflag", "l_linestatus"],"Plans": [{"Node Type": "Gather Merge","Parent Relationship": "Outer","Parallel Aware": false,"Async Capable": false,"Startup Cost": 184234.83,"Total Cost": 184237.71,"Plan Rows": 24,"Plan Width": 236,"Actual Startup Time": 1625.652,"Actual Total Time": 1658.651,"Actual Rows": 20,"Actual Loops": 1,"Workers Planned": 4,"Workers Launched": 4,"Plans": [{"Node Type": "Sort","Parent Relationship": "Outer","Parallel Aware": false,"Async Capable": false,"Startup Cost": 183234.77,"Total Cost": 183234.79,"Plan Rows": 6,"Plan Width": 236,"Actual Startup Time": 1618.337,"Actual Total Time": 1618.340,"Actual Rows": 4,"Actual Loops": 5,"Sort Key": ["l_returnflag", "l_linestatus"],"Sort Method": "quicksort","Sort Space Used": 27,"Sort Space Type": "Memory","Workers": [{"Worker Number": 0,"Sort Method": "quicksort","Sort Space Used": 27,"Sort Space Type": "Memory"},{"Worker Number": 1,"Sort Method": "quicksort","Sort Space Used": 27,"Sort Space Type": "Memory"},{"Worker Number": 2,"Sort Method": "quicksort","Sort Space Used": 27,"Sort Space Type": "Memory"},{"Worker Number": 3,"Sort Method": "quicksort","Sort Space Used": 27,"Sort Space Type": "Memory"}],"Plans": [{"Node Type": "Aggregate","Strategy": "Hashed","Partial Mode": "Partial","Parent Relationship": "Outer","Parallel Aware": false,"Async Capable": false,"Startup Cost": 183234.56,"Total Cost": 183234.70,"Plan Rows": 6,"Plan Width": 236,"Actual Startup Time": 1618.239,"Actual Total Time": 1618.246,"Actual Rows": 4,"Actual Loops": 5,"Group Key": ["l_returnflag", "l_linestatus"],"Planned Partitions": 0,"HashAgg Batches": 1,"Peak Memory Usage": 32,"Disk Usage": 0,"Workers": [{"Worker Number": 0,"HashAgg Batches": 1,"Peak Memory Usage": 32,"Disk Usage": 0},{"Worker Number": 1,"HashAgg Batches": 1,"Peak Memory Usage": 32,"Disk Usage": 0},{"Worker Number": 2,"HashAgg Batches": 1,"Peak Memory Usage": 32,"Disk Usage": 0},{"Worker Number": 3,"HashAgg Batches": 1,"Peak Memory Usage": 32,"Disk Usage": 0}],"Plans": [{"Node Type": "Seq Scan","Parent Relationship": "Outer","Parallel Aware": true,"Async Capable": false,"Relation Name": "lineitem","Alias": "lineitem","Startup Cost": 0.00,"Total Cost": 131256.80,"Plan Rows": 1485079,"Plan Width": 25,"Actual Startup Time": 0.035,"Actual Total Time": 599.174,"Actual Rows": 1188798,"Actual Loops": 5,"Filter": "(l_shipdate <= '1998-09-18 00:00:00'::timestamp without time zone)","Rows Removed by Filter": 11445,"Workers": []}]}]}]}]},"Planning Time": 2.904,"Triggers": [],"Execution Time": 1659.073}]
[{"Plan": {"Node Type": "Aggregate","Strategy": "Sorted","Partial Mode": "Finalize","Parallel Aware": false,"Async Capable": false,"Startup Cost": 184113.03,"Total Cost": 184116.85,"Plan Rows": 6,"Plan Width": 236,"Actual Startup Time": 1626.286,"Actual Total Time": 1659.080,"Actual Rows": 4,"Actual Loops": 1,"Group Key": ["l_returnflag", "l_linestatus"],"Plans": [{"Node Type": "Gather Merge","Parent Relationship": "Outer","Parallel Aware": false,"Async Capable": false,"Startup Cost": 184113.03,"Total Cost": 184115.91,"Plan Rows": 24,"Plan Width": 236,"Actual Startup Time": 1626.211,"Actual Total Time": 1658.952,"Actual Rows": 20,"Actual Loops": 1,"Workers Planned": 4,"Workers Launched": 4,"Plans": [{"Node Type": "Sort","Parent Relationship": "Outer","Parallel Aware": false,"Async Capable": false,"Startup Cost": 183112.97,"Total Cost": 183112.99,"Plan Rows": 6,"Plan Width": 236,"Actual Startup Time": 1618.938,"Actual Total Time": 1618.943,"Actual Rows": 4,"Actual Loops": 5,"Sort Key": ["l_returnflag", "l_linestatus"],"Sort Method": "quicksort","Sort Space Used": 27,"Sort Space Type": "Memory","Workers": [{"Worker Number": 0,"Sort Method": "quicksort","Sort Space Used": 27,"Sort Space Type": "Memory"},{"Worker Number": 1,"Sort Method": "quicksort","Sort Space Used": 27,"Sort Space Type": "Memory"},{"Worker Number": 2,"Sort Method": "quicksort","Sort Space Used": 27,"Sort Space Type": "Memory"},{"Worker Number": 3,"Sort Method": "quicksort","Sort Space Used": 27,"Sort Space Type": "Memory"}],"Plans": [{"Node Type": "Aggregate","Strategy": "Hashed","Partial Mode": "Partial","Parent Relationship": "Outer","Parallel Aware": false,"Async Capable": false,"Startup Cost": 183112.76,"Total Cost": 183112.90,"Plan Rows": 6,"Plan Width": 236,"Actual Startup Time": 1618.825,"Actual Total Time": 1618.836,"Actual Rows": 4,"Actual Loops": 5,"Group Key": ["l_returnflag", "l_linestatus"],"Planned Partitions": 0,"HashAgg Batches": 1,"Peak Memory Usage": 32,"Disk Usage": 0,"Workers": [{"Worker Number": 0,"HashAgg Batches": 1,"Peak Memory Usage": 32,"Disk Usage": 0},{"Worker Number": 1,"HashAgg Batches": 1,"Peak Memory Usage": 32,"Disk Usage": 0},{"Worker Number": 2,"HashAgg Batches": 1,"Peak Memory Usage": 32,"Disk Usage": 0},{"Worker Number": 3,"HashAgg Batches": 1,"Peak Memory Usage": 32,"Disk Usage": 0}],"Plans": [{"Node Type": "Seq Scan","Parent Relationship": "Outer","Parallel Aware": true,"Async Capable": false,"Relation Name": "lineitem","Alias": "lineitem","Startup Cost": 0.00,"Total Cost": 131256.80,"Plan Rows": 1481599,"Plan Width": 25,"Actual Startup Time": 0.033,"Actual Total Time": 600.023,"Actual Rows": 1186191,"Actual Loops": 5,"Filter": "(l_shipdate <= '1998-09-10 00:00:00'::timestamp without time zone)","Rows Removed by Filter": 14052,"Workers": []}]}]}]}]},"Planning Time": 2.494,"Triggers": [],"Execution Time": 1659.387}]
[{"Plan": {"Node Type": "Aggregate","Strategy": "Sorted","Partial Mode": "Finalize","Parallel Aware": false,"Async Capable": false,"Startup Cost": 183762.86,"Total Cost": 183766.68,"Plan Rows": 6,"Plan Width": 236,"Actual Startup Time": 1624.125,"Actual Total Time": 1658.164,"Actual Rows": 4,"Actual Loops": 1,"Group Key": ["l_returnflag", "l_linestatus"],"Plans": [{"Node Type": "Gather Merge","Parent Relationship": "Outer","Parallel Aware": false,"Async Capable": false,"Startup Cost": 183762.86,"Total Cost": 183765.73,"Plan Rows": 24,"Plan Width": 236,"Actual Startup Time": 1624.055,"Actual Total Time": 1658.060,"Actual Rows": 20,"Actual Loops": 1,"Workers Planned": 4,"Workers Launched": 4,"Plans": [{"Node Type": "Sort","Parent Relationship": "Outer","Parallel Aware": false,"Async Capable": false,"Startup Cost": 182762.80,"Total Cost": 182762.81,"Plan Rows": 6,"Plan Width": 236,"Actual Startup Time": 1615.684,"Actual Total Time": 1615.689,"Actual Rows": 4,"Actual Loops": 5,"Sort Key": ["l_returnflag", "l_linestatus"],"Sort Method": "quicksort","Sort Space Used": 27,"Sort Space Type": "Memory","Workers": [{"Worker Number": 0,"Sort Method": "quicksort","Sort Space Used": 27,"Sort Space Type": "Memory"},{"Worker Number": 1,"Sort Method": "quicksort","Sort Space Used": 27,"Sort Space Type": "Memory"},{"Worker Number": 2,"Sort Method": "quicksort","Sort Space Used": 27,"Sort Space Type": "Memory"},{"Worker Number": 3,"Sort Method": "quicksort","Sort Space Used": 27,"Sort Space Type": "Memory"}],"Plans": [{"Node Type": "Aggregate","Strategy": "Hashed","Partial Mode": "Partial","Parent Relationship": "Outer","Parallel Aware": false,"Async Capable": false,"Startup Cost": 182762.59,"Total Cost": 182762.72,"Plan Rows": 6,"Plan Width": 236,"Actual Startup Time": 1615.553,"Actual Total Time": 1615.563,"Actual Rows": 4,"Actual Loops": 5,"Group Key": ["l_returnflag", "l_linestatus"],"Planned Partitions": 0,"HashAgg Batches": 1,"Peak Memory Usage": 32,"Disk Usage": 0,"Workers": [{"Worker Number": 0,"HashAgg Batches": 1,"Peak Memory Usage": 32,"Disk Usage": 0},{"Worker Number": 1,"HashAgg Batches": 1,"Peak Memory Usage": 32,"Disk Usage": 0},{"Worker Number": 2,"HashAgg Batches": 1,"Peak Memory Usage": 32,"Disk Usage": 0},{"Worker Number": 3,"HashAgg Batches": 1,"Peak Memory Usage": 32,"Disk Usage": 0}],"Plans": [{"Node Type": "Seq Scan","Parent Relationship": "Outer","Parallel Aware": true,"Async Capable": false,"Relation Name": "lineitem","Alias": "lineitem","Startup Cost": 0.00,"Total Cost": 131256.80,"Plan Rows": 1471594,"Plan Width": 25,"Actual Startup Time": 0.040,"Actual Total Time": 605.807,"Actual Rows": 1177251,"Actual Loops": 5,"Filter": "(l_shipdate <= '1998-08-18 00:00:00'::timestamp without time zone)","Rows Removed by Filter": 22992,"Workers": []}]}]}]}]},"Planning Time": 2.911,"Triggers": [],"Execution Time": 1658.466}]
[{"Plan": {"Node Type": "Aggregate","Strategy": "Sorted","Partial Mode": "Finalize","Parallel Aware": false,"Async Capable": false,"Startup Cost": 184278.41,"Total Cost": 184282.23,"Plan Rows": 6,"Plan Width": 236,"Actual Startup Time": 1657.585,"Actual Total Time": 1690.491,"Actual Rows": 4,"Actual Loops": 1,"Group Key": ["l_returnflag", "l_linestatus"],"Plans": [{"Node Type": "Gather Merge","Parent Relationship": "Outer","Parallel Aware": false,"Async Capable": false,"Startup Cost": 184278.41,"Total Cost": 184281.28,"Plan Rows": 24,"Plan Width": 236,"Actual Startup Time": 1657.498,"Actual Total Time": 1690.371,"Actual Rows": 20,"Actual Loops": 1,"Workers Planned": 4,"Workers Launched": 4,"Plans": [{"Node Type": "Sort","Parent Relationship": "Outer","Parallel Aware": false,"Async Capable": false,"Startup Cost": 183278.35,"Total Cost": 183278.36,"Plan Rows": 6,"Plan Width": 236,"Actual Startup Time": 1649.559,"Actual Total Time": 1649.565,"Actual Rows": 4,"Actual Loops": 5,"Sort Key": ["l_returnflag", "l_linestatus"],"Sort Method": "quicksort","Sort Space Used": 27,"Sort Space Type": "Memory","Workers": [{"Worker Number": 0,"Sort Method": "quicksort","Sort Space Used": 27,"Sort Space Type": "Memory"},{"Worker Number": 1,"Sort Method": "quicksort","Sort Space Used": 27,"Sort Space Type": "Memory"},{"Worker Number": 2,"Sort Method": "quicksort","Sort Space Used": 27,"Sort Space Type": "Memory"},{"Worker Number": 3,"Sort Method": "quicksort","Sort Space Used": 27,"Sort Space Type": "Memory"}],"Plans": [{"Node Type": "Aggregate","Strategy": "Hashed","Partial Mode": "Partial","Parent Relationship": "Outer","Parallel Aware": false,"Async Capable": false,"Startup Cost": 183278.14,"Total Cost": 183278.27,"Plan Rows": 6,"Plan Width": 236,"Actual Startup Time": 1649.443,"Actual Total Time": 1649.453,"Actual Rows": 4,"Actual Loops": 5,"Group Key": ["l_returnflag", "l_linestatus"],"Planned Partitions": 0,"HashAgg Batches": 1,"Peak Memory Usage": 32,"Disk Usage": 0,"Workers": [{"Worker Number": 0,"HashAgg Batches": 1,"Peak Memory Usage": 32,"Disk Usage": 0},{"Worker Number": 1,"HashAgg Batches": 1,"Peak Memory Usage": 32,"Disk Usage": 0},{"Worker Number": 2,"HashAgg Batches": 1,"Peak Memory Usage": 32,"Disk Usage": 0},{"Worker Number": 3,"HashAgg Batches": 1,"Peak Memory Usage": 32,"Disk Usage": 0}],"Plans": [{"Node Type": "Seq Scan","Parent Relationship": "Outer","Parallel Aware": true,"Async Capable": false,"Relation Name": "lineitem","Alias": "lineitem","Startup Cost": 0.00,"Total Cost": 131256.80,"Plan Rows": 1486324,"Plan Width": 25,"Actual Startup Time": 0.045,"Actual Total Time": 616.953,"Actual Rows": 1190268,"Actual Loops": 5,"Filter": "(l_shipdate <= '1998-09-23 00:00:00'::timestamp without time zone)","Rows Removed by Filter": 9975,"Workers": []}]}]}]}]},"Planning Time": 3.178,"Triggers": [],"Execution Time": 1690.759}]
[{"Plan": {"Node Type": "Aggregate","Strategy": "Sorted","Partial Mode": "Finalize","Parallel Aware": false,"Async Capable": false,"Startup Cost": 184285.51,"Total Cost": 184289.33,"Plan Rows": 6,"Plan Width": 236,"Actual Startup Time": 1650.578,"Actual Total Time": 1683.926,"Actual Rows": 4,"Actual Loops": 1,"Group Key": ["l_returnflag", "l_linestatus"],"Plans": [{"Node Type": "Gather Merge","Parent Relationship": "Outer","Parallel Aware": false,"Async Capable": false,"Startup Cost": 184285.51,"Total Cost": 184288.39,"Plan Rows": 24,"Plan Width": 236,"Actual Startup Time": 1650.484,"Actual Total Time": 1683.804,"Actual Rows": 20,"Actual Loops": 1,"Workers Planned": 4,"Workers Launched": 4,"Plans": [{"Node Type": "Sort","Parent Relationship": "Outer","Parallel Aware": false,"Async Capable": false,"Startup Cost": 183285.45,"Total Cost": 183285.47,"Plan Rows": 6,"Plan Width": 236,"Actual Startup Time": 1642.333,"Actual Total Time": 1642.336,"Actual Rows": 4,"Actual Loops": 5,"Sort Key": ["l_returnflag", "l_linestatus"],"Sort Method": "quicksort","Sort Space Used": 27,"Sort Space Type": "Memory","Workers": [{"Worker Number": 0,"Sort Method": "quicksort","Sort Space Used": 27,"Sort Space Type": "Memory"},{"Worker Number": 1,"Sort Method": "quicksort","Sort Space Used": 27,"Sort Space Type": "Memory"},{"Worker Number": 2,"Sort Method": "quicksort","Sort Space Used": 27,"Sort Space Type": "Memory"},{"Worker Number": 3,"Sort Method": "quicksort","Sort Space Used": 27,"Sort Space Type": "Memory"}],"Plans": [{"Node Type": "Aggregate","Strategy": "Hashed","Partial Mode": "Partial","Parent Relationship": "Outer","Parallel Aware": false,"Async Capable": false,"Startup Cost": 183285.24,"Total Cost": 183285.38,"Plan Rows": 6,"Plan Width": 236,"Actual Startup Time": 1642.233,"Actual Total Time": 1642.241,"Actual Rows": 4,"Actual Loops": 5,"Group Key": ["l_returnflag", "l_linestatus"],"Planned Partitions": 0,"HashAgg Batches": 1,"Peak Memory Usage": 32,"Disk Usage": 0,"Workers": [{"Worker Number": 0,"HashAgg Batches": 1,"Peak Memory Usage": 32,"Disk Usage": 0},{"Worker Number": 1,"HashAgg Batches": 1,"Peak Memory Usage": 32,"Disk Usage": 0},{"Worker Number": 2,"HashAgg Batches": 1,"Peak Memory Usage": 32,"Disk Usage": 0},{"Worker Number": 3,"HashAgg Batches": 1,"Peak Memory Usage": 32,"Disk Usage": 0}],"Plans": [{"Node Type": "Seq Scan","Parent Relationship": "Outer","Parallel Aware": true,"Async Capable": false,"Relation Name": "lineitem","Alias": "lineitem","Startup Cost": 0.00,"Total Cost": 131256.80,"Plan Rows": 1486527,"Plan Width": 25,"Actual Startup Time": 0.042,"Actual Total Time": 620.025,"Actual Rows": 1190555,"Actual Loops": 5,"Filter": "(l_shipdate <= '1998-09-24 00:00:00'::timestamp without time zone)","Rows Removed by Filter": 9688,"Workers": []}]}]}]}]},"Planning Time": 3.559,"Triggers": [],"Execution Time": 1684.379}]
[{"Plan": {"Node Type": "Aggregate","Strategy": "Sorted","Partial Mode": "Finalize","Parallel Aware": false,"Async Capable": false,"Startup Cost": 184113.03,"Total Cost": 184116.85,"Plan Rows": 6,"Plan Width": 236,"Actual Startup Time": 1626.286,"Actual Total Time": 1659.080,"Actual Rows": 4,"Actual Loops": 1,"Group Key": ["l_returnflag", "l_linestatus"],"Plans": [{"Node Type": "Gather Merge","Parent Relationship": "Outer","Parallel Aware": false,"Async Capable": false,"Startup Cost": 184113.03,"Total Cost": 184115.91,"Plan Rows": 24,"Plan Width": 236,"Actual Startup Time": 1626.211,"Actual Total Time": 1658.952,"Actual Rows": 20,"Actual Loops": 1,"Workers Planned": 4,"Workers Launched": 4,"Plans": [{"Node Type": "Sort","Parent Relationship": "Outer","Parallel Aware": false,"Async Capable": false,"Startup Cost": 183112.97,"Total Cost": 183112.99,"Plan Rows": 6,"Plan Width": 236,"Actual Startup Time": 1618.938,"Actual Total Time": 1618.943,"Actual Rows": 4,"Actual Loops": 5,"Sort Key": ["l_returnflag", "l_linestatus"],"Sort Method": "quicksort","Sort Space Used": 27,"Sort Space Type": "Memory","Workers": [{"Worker Number": 0,"Sort Method": "quicksort","Sort Space Used": 27,"Sort Space Type": "Memory"},{"Worker Number": 1,"Sort Method": "quicksort","Sort Space Used": 27,"Sort Space Type": "Memory"},{"Worker Number": 2,"Sort Method": "quicksort","Sort Space Used": 27,"Sort Space Type": "Memory"},{"Worker Number": 3,"Sort Method": "quicksort","Sort Space Used": 27,"Sort Space Type": "Memory"}],"Plans": [{"Node Type": "Aggregate","Strategy": "Hashed","Partial Mode": "Partial","Parent Relationship": "Outer","Parallel Aware": false,"Async Capable": false,"Startup Cost": 183112.76,"Total Cost": 183112.90,"Plan Rows": 6,"Plan Width": 236,"Actual Startup Time": 1618.825,"Actual Total Time": 1618.836,"Actual Rows": 4,"Actual Loops": 5,"Group Key": ["l_returnflag", "l_linestatus"],"Planned Partitions": 0,"HashAgg Batches": 1,"Peak Memory Usage": 32,"Disk Usage": 0,"Workers": [{"Worker Number": 0,"HashAgg Batches": 1,"Peak Memory Usage": 32,"Disk Usage": 0},{"Worker Number": 1,"HashAgg Batches": 1,"Peak Memory Usage": 32,"Disk Usage": 0},{"Worker Number": 2,"HashAgg Batches": 1,"Peak Memory Usage": 32,"Disk Usage": 0},{"Worker Number": 3,"HashAgg Batches": 1,"Peak Memory Usage": 32,"Disk Usage": 0}],"Plans": [{"Node Type": "Seq Scan","Parent Relationship": "Outer","Parallel Aware": true,"Async Capable": false,"Relation Name": "lineitem","Alias": "lineitem","Startup Cost": 0.00,"Total Cost": 131256.80,"Plan Rows": 1481599,"Plan Width": 25,"Actual Startup Time": 0.033,"Actual Total Time": 600.023,"Actual Rows": 1186191,"Actual Loops": 5,"Filter": "(l_shipdate <= '1998-09-10 00:00:00'::timestamp without time zone)","Rows Removed by Filter": 14052,"Workers": []}]}]}]}]},"Planning Time": 2.494,"Triggers": [],"Execution Time": 1659.387}]
[{"Plan": {"Node Type": "Aggregate","Strategy": "Sorted","Partial Mode": "Finalize","Parallel Aware": false,"Async Capable": false,"Startup Cost": 183976.01,"Total Cost": 183979.83,"Plan Rows": 6,"Plan Width": 236,"Actual Startup Time": 1637.230,"Actual Total Time": 1671.180,"Actual Rows": 4,"Actual Loops": 1,"Group Key": ["l_returnflag", "l_linestatus"],"Plans": [{"Node Type": "Gather Merge","Parent Relationship": "Outer","Parallel Aware": false,"Async Capable": false,"Startup Cost": 183976.01,"Total Cost": 183978.88,"Plan Rows": 24,"Plan Width": 236,"Actual Startup Time": 1637.140,"Actual Total Time": 1671.060,"Actual Rows": 20,"Actual Loops": 1,"Workers Planned": 4,"Workers Launched": 4,"Plans": [{"Node Type": "Sort","Parent Relationship": "Outer","Parallel Aware": false,"Async Capable": false,"Startup Cost": 182975.95,"Total Cost": 182975.96,"Plan Rows": 6,"Plan Width": 236,"Actual Startup Time": 1629.253,"Actual Total Time": 1629.258,"Actual Rows": 4,"Actual Loops": 5,"Sort Key": ["l_returnflag", "l_linestatus"],"Sort Method": "quicksort","Sort Space Used": 27,"Sort Space Type": "Memory","Workers": [{"Worker Number": 0,"Sort Method": "quicksort","Sort Space Used": 27,"Sort Space Type": "Memory"},{"Worker Number": 1,"Sort Method": "quicksort","Sort Space Used": 27,"Sort Space Type": "Memory"},{"Worker Number": 2,"Sort Method": "quicksort","Sort Space Used": 27,"Sort Space Type": "Memory"},{"Worker Number": 3,"Sort Method": "quicksort","Sort Space Used": 27,"Sort Space Type": "Memory"}],"Plans": [{"Node Type": "Aggregate","Strategy": "Hashed","Partial Mode": "Partial","Parent Relationship": "Outer","Parallel Aware": false,"Async Capable": false,"Startup Cost": 182975.74,"Total Cost": 182975.87,"Plan Rows": 6,"Plan Width": 236,"Actual Startup Time": 1629.096,"Actual Total Time": 1629.104,"Actual Rows": 4,"Actual Loops": 5,"Group Key": ["l_returnflag", "l_linestatus"],"Planned Partitions": 0,"HashAgg Batches": 1,"Peak Memory Usage": 32,"Disk Usage": 0,"Workers": [{"Worker Number": 0,"HashAgg Batches": 1,"Peak Memory Usage": 32,"Disk Usage": 0},{"Worker Number": 1,"HashAgg Batches": 1,"Peak Memory Usage": 32,"Disk Usage": 0},{"Worker Number": 2,"HashAgg Batches": 1,"Peak Memory Usage": 32,"Disk Usage": 0},{"Worker Number": 3,"HashAgg Batches": 1,"Peak Memory Usage": 32,"Disk Usage": 0}],"Plans": [{"Node Type": "Seq Scan","Parent Relationship": "Outer","Parallel Aware": true,"Async Capable": false,"Relation Name": "lineitem","Alias": "lineitem","Startup Cost": 0.00,"Total Cost": 131256.80,"Plan Rows": 1477684,"Plan Width": 25,"Actual Startup Time": 0.036,"Actual Total Time": 613.605,"Actual Rows": 1182950,"Actual Loops": 5,"Filter": "(l_shipdate <= '1998-09-01 00:00:00'::timestamp without time zone)","Rows Removed by Filter": 17293,"Workers": []}]}]}]}]},"Planning Time": 3.200,"Triggers": [],"Execution Time": 1671.603}]
[{"Plan": {"Node Type": "Aggregate","Strategy": "Sorted","Partial Mode": "Finalize","Parallel Aware": false,"Async Capable": false,"Startup Cost": 183473.58,"Total Cost": 183477.40,"Plan Rows": 6,"Plan Width": 236,"Actual Startup Time": 1609.307,"Actual Total Time": 1642.760,"Actual Rows": 4,"Actual Loops": 1,"Group Key": ["l_returnflag", "l_linestatus"],"Plans": [{"Node Type": "Gather Merge","Parent Relationship": "Outer","Parallel Aware": false,"Async Capable": false,"Startup Cost": 183473.58,"Total Cost": 183476.46,"Plan Rows": 24,"Plan Width": 236,"Actual Startup Time": 1609.212,"Actual Total Time": 1642.638,"Actual Rows": 20,"Actual Loops": 1,"Workers Planned": 4,"Workers Launched": 4,"Plans": [{"Node Type": "Sort","Parent Relationship": "Outer","Parallel Aware": false,"Async Capable": false,"Startup Cost": 182473.52,"Total Cost": 182473.54,"Plan Rows": 6,"Plan Width": 236,"Actual Startup Time": 1601.377,"Actual Total Time": 1601.382,"Actual Rows": 4,"Actual Loops": 5,"Sort Key": ["l_returnflag", "l_linestatus"],"Sort Method": "quicksort","Sort Space Used": 27,"Sort Space Type": "Memory","Workers": [{"Worker Number": 0,"Sort Method": "quicksort","Sort Space Used": 27,"Sort Space Type": "Memory"},{"Worker Number": 1,"Sort Method": "quicksort","Sort Space Used": 27,"Sort Space Type": "Memory"},{"Worker Number": 2,"Sort Method": "quicksort","Sort Space Used": 27,"Sort Space Type": "Memory"},{"Worker Number": 3,"Sort Method": "quicksort","Sort Space Used": 27,"Sort Space Type": "Memory"}],"Plans": [{"Node Type": "Aggregate","Strategy": "Hashed","Partial Mode": "Partial","Parent Relationship": "Outer","Parallel Aware": false,"Async Capable": false,"Startup Cost": 182473.31,"Total Cost": 182473.45,"Plan Rows": 6,"Plan Width": 236,"Actual Startup Time": 1601.162,"Actual Total Time": 1601.170,"Actual Rows": 4,"Actual Loops": 5,"Group Key": ["l_returnflag", "l_linestatus"],"Planned Partitions": 0,"HashAgg Batches": 1,"Peak Memory Usage": 32,"Disk Usage": 0,"Workers": [{"Worker Number": 0,"HashAgg Batches": 1,"Peak Memory Usage": 32,"Disk Usage": 0},{"Worker Number": 1,"HashAgg Batches": 1,"Peak Memory Usage": 32,"Disk Usage": 0},{"Worker Number": 2,"HashAgg Batches": 1,"Peak Memory Usage": 32,"Disk Usage": 0},{"Worker Number": 3,"HashAgg Batches": 1,"Peak Memory Usage": 32,"Disk Usage": 0}],"Plans": [{"Node Type": "Seq Scan","Parent Relationship": "Outer","Parallel Aware": true,"Async Capable": false,"Relation Name": "lineitem","Alias": "lineitem","Startup Cost": 0.00,"Total Cost": 131256.80,"Plan Rows": 1463329,"Plan Width": 25,"Actual Startup Time": 0.041,"Actual Total Time": 597.161,"Actual Rows": 1170174,"Actual Loops": 5,"Filter": "(l_shipdate <= '1998-08-03 00:00:00'::timestamp without time zone)","Rows Removed by Filter": 30069,"Workers": []}]}]}]}]},"Planning Time": 2.665,"Triggers": [],"Execution Time": 1643.121}]
[{"Plan": {"Node Type": "Aggregate","Strategy": "Sorted","Partial Mode": "Finalize","Parallel Aware": false,"Async Capable": false,"Startup Cost": 183533.29,"Total Cost": 183537.11,"Plan Rows": 6,"Plan Width": 236,"Actual Startup Time": 1630.517,"Actual Total Time": 1664.896,"Actual Rows": 4,"Actual Loops": 1,"Group Key": ["l_returnflag", "l_linestatus"],"Plans": [{"Node Type": "Gather Merge","Parent Relationship": "Outer","Parallel Aware": false,"Async Capable": false,"Startup Cost": 183533.29,"Total Cost": 183536.17,"Plan Rows": 24,"Plan Width": 236,"Actual Startup Time": 1630.471,"Actual Total Time": 1664.800,"Actual Rows": 20,"Actual Loops": 1,"Workers Planned": 4,"Workers Launched": 4,"Plans": [{"Node Type": "Sort","Parent Relationship": "Outer","Parallel Aware": false,"Async Capable": false,"Startup Cost": 182533.23,"Total Cost": 182533.25,"Plan Rows": 6,"Plan Width": 236,"Actual Startup Time": 1622.825,"Actual Total Time": 1622.834,"Actual Rows": 4,"Actual Loops": 5,"Sort Key": ["l_returnflag", "l_linestatus"],"Sort Method": "quicksort","Sort Space Used": 27,"Sort Space Type": "Memory","Workers": [{"Worker Number": 0,"Sort Method": "quicksort","Sort Space Used": 27,"Sort Space Type": "Memory"},{"Worker Number": 1,"Sort Method": "quicksort","Sort Space Used": 27,"Sort Space Type": "Memory"},{"Worker Number": 2,"Sort Method": "quicksort","Sort Space Used": 27,"Sort Space Type": "Memory"},{"Worker Number": 3,"Sort Method": "quicksort","Sort Space Used": 27,"Sort Space Type": "Memory"}],"Plans": [{"Node Type": "Aggregate","Strategy": "Hashed","Partial Mode": "Partial","Parent Relationship": "Outer","Parallel Aware": false,"Async Capable": false,"Startup Cost": 182533.02,"Total Cost": 182533.16,"Plan Rows": 6,"Plan Width": 236,"Actual Startup Time": 1622.618,"Actual Total Time": 1622.631,"Actual Rows": 4,"Actual Loops": 5,"Group Key": ["l_returnflag", "l_linestatus"],"Planned Partitions": 0,"HashAgg Batches": 1,"Peak Memory Usage": 32,"Disk Usage": 0,"Workers": [{"Worker Number": 0,"HashAgg Batches": 1,"Peak Memory Usage": 32,"Disk Usage": 0},{"Worker Number": 1,"HashAgg Batches": 1,"Peak Memory Usage": 32,"Disk Usage": 0},{"Worker Number": 2,"HashAgg Batches": 1,"Peak Memory Usage": 32,"Disk Usage": 0},{"Worker Number": 3,"HashAgg Batches": 1,"Peak Memory Usage": 32,"Disk Usage": 0}],"Plans": [{"Node Type": "Seq Scan","Parent Relationship": "Outer","Parallel Aware": true,"Async Capable": false,"Relation Name": "lineitem","Alias": "lineitem","Startup Cost": 0.00,"Total Cost": 131256.80,"Plan Rows": 1465035,"Plan Width": 25,"Actual Startup Time": 0.025,"Actual Total Time": 611.078,"Actual Rows": 1171657,"Actual Loops": 5,"Filter": "(l_shipdate <= '1998-08-06 00:00:00'::timestamp without time zone)","Rows Removed by Filter": 28586,"Workers": []}]}]}]}]},"Planning Time": 2.842,"Triggers": [],"Execution Time": 1665.196}]
[{"Plan": {"Node Type": "Aggregate","Strategy": "Sorted","Partial Mode": "Finalize","Parallel Aware": false,"Async Capable": false,"Startup Cost": 183493.50,"Total Cost": 183497.32,"Plan Rows": 6,"Plan Width": 236,"Actual Startup Time": 1609.024,"Actual Total Time": 1641.882,"Actual Rows": 4,"Actual Loops": 1,"Group Key": ["l_returnflag", "l_linestatus"],"Plans": [{"Node Type": "Gather Merge","Parent Relationship": "Outer","Parallel Aware": false,"Async Capable": false,"Startup Cost": 183493.50,"Total Cost": 183496.37,"Plan Rows": 24,"Plan Width": 236,"Actual Startup Time": 1608.904,"Actual Total Time": 1641.764,"Actual Rows": 20,"Actual Loops": 1,"Workers Planned": 4,"Workers Launched": 4,"Plans": [{"Node Type": "Sort","Parent Relationship": "Outer","Parallel Aware": false,"Async Capable": false,"Startup Cost": 182493.44,"Total Cost": 182493.45,"Plan Rows": 6,"Plan Width": 236,"Actual Startup Time": 1601.101,"Actual Total Time": 1601.104,"Actual Rows": 4,"Actual Loops": 5,"Sort Key": ["l_returnflag", "l_linestatus"],"Sort Method": "quicksort","Sort Space Used": 27,"Sort Space Type": "Memory","Workers": [{"Worker Number": 0,"Sort Method": "quicksort","Sort Space Used": 27,"Sort Space Type": "Memory"},{"Worker Number": 1,"Sort Method": "quicksort","Sort Space Used": 27,"Sort Space Type": "Memory"},{"Worker Number": 2,"Sort Method": "quicksort","Sort Space Used": 27,"Sort Space Type": "Memory"},{"Worker Number": 3,"Sort Method": "quicksort","Sort Space Used": 27,"Sort Space Type": "Memory"}],"Plans": [{"Node Type": "Aggregate","Strategy": "Hashed","Partial Mode": "Partial","Parent Relationship": "Outer","Parallel Aware": false,"Async Capable": false,"Startup Cost": 182493.23,"Total Cost": 182493.36,"Plan Rows": 6,"Plan Width": 236,"Actual Startup Time": 1601.000,"Actual Total Time": 1601.008,"Actual Rows": 4,"Actual Loops": 5,"Group Key": ["l_returnflag", "l_linestatus"],"Planned Partitions": 0,"HashAgg Batches": 1,"Peak Memory Usage": 32,"Disk Usage": 0,"Workers": [{"Worker Number": 0,"HashAgg Batches": 1,"Peak Memory Usage": 32,"Disk Usage": 0},{"Worker Number": 1,"HashAgg Batches": 1,"Peak Memory Usage": 32,"Disk Usage": 0},{"Worker Number": 2,"HashAgg Batches": 1,"Peak Memory Usage": 32,"Disk Usage": 0},{"Worker Number": 3,"HashAgg Batches": 1,"Peak Memory Usage": 32,"Disk Usage": 0}],"Plans": [{"Node Type": "Seq Scan","Parent Relationship": "Outer","Parallel Aware": true,"Async Capable": false,"Relation Name": "lineitem","Alias": "lineitem","Startup Cost": 0.00,"Total Cost": 131256.80,"Plan Rows": 1463898,"Plan Width": 25,"Actual Startup Time": 0.042,"Actual Total Time": 598.084,"Actual Rows": 1170668,"Actual Loops": 5,"Filter": "(l_shipdate <= '1998-08-04 00:00:00'::timestamp without time zone)","Rows Removed by Filter": 29575,"Workers": []}]}]}]}]},"Planning Time": 3.512,"Triggers": [],"Execution Time": 1642.332}]
[{"Plan": {"Node Type": "Aggregate","Strategy": "Sorted","Partial Mode": "Finalize","Parallel Aware": false,"Async Capable": false,"Startup Cost": 183838.98,"Total Cost": 183842.80,"Plan Rows": 6,"Plan Width": 236,"Actual Startup Time": 1639.650,"Actual Total Time": 1673.848,"Actual Rows": 4,"Actual Loops": 1,"Group Key": ["l_returnflag", "l_linestatus"],"Plans": [{"Node Type": "Gather Merge","Parent Relationship": "Outer","Parallel Aware": false,"Async Capable": false,"Startup Cost": 183838.98,"Total Cost": 183841.86,"Plan Rows": 24,"Plan Width": 236,"Actual Startup Time": 1639.575,"Actual Total Time": 1673.737,"Actual Rows": 20,"Actual Loops": 1,"Workers Planned": 4,"Workers Launched": 4,"Plans": [{"Node Type": "Sort","Parent Relationship": "Outer","Parallel Aware": false,"Async Capable": false,"Startup Cost": 182838.92,"Total Cost": 182838.94,"Plan Rows": 6,"Plan Width": 236,"Actual Startup Time": 1631.806,"Actual Total Time": 1631.813,"Actual Rows": 4,"Actual Loops": 5,"Sort Key": ["l_returnflag", "l_linestatus"],"Sort Method": "quicksort","Sort Space Used": 27,"Sort Space Type": "Memory","Workers": [{"Worker Number": 0,"Sort Method": "quicksort","Sort Space Used": 27,"Sort Space Type": "Memory"},{"Worker Number": 1,"Sort Method": "quicksort","Sort Space Used": 27,"Sort Space Type": "Memory"},{"Worker Number": 2,"Sort Method": "quicksort","Sort Space Used": 27,"Sort Space Type": "Memory"},{"Worker Number": 3,"Sort Method": "quicksort","Sort Space Used": 27,"Sort Space Type": "Memory"}],"Plans": [{"Node Type": "Aggregate","Strategy": "Hashed","Partial Mode": "Partial","Parent Relationship": "Outer","Parallel Aware": false,"Async Capable": false,"Startup Cost": 182838.71,"Total Cost": 182838.85,"Plan Rows": 6,"Plan Width": 236,"Actual Startup Time": 1631.677,"Actual Total Time": 1631.690,"Actual Rows": 4,"Actual Loops": 5,"Group Key": ["l_returnflag", "l_linestatus"],"Planned Partitions": 0,"HashAgg Batches": 1,"Peak Memory Usage": 32,"Disk Usage": 0,"Workers": [{"Worker Number": 0,"HashAgg Batches": 1,"Peak Memory Usage": 32,"Disk Usage": 0},{"Worker Number": 1,"HashAgg Batches": 1,"Peak Memory Usage": 32,"Disk Usage": 0},{"Worker Number": 2,"HashAgg Batches": 1,"Peak Memory Usage": 32,"Disk Usage": 0},{"Worker Number": 3,"HashAgg Batches": 1,"Peak Memory Usage": 32,"Disk Usage": 0}],"Plans": [{"Node Type": "Seq Scan","Parent Relationship": "Outer","Parallel Aware": true,"Async Capable": false,"Relation Name": "lineitem","Alias": "lineitem","Startup Cost": 0.00,"Total Cost": 131256.80,"Plan Rows": 1473769,"Plan Width": 25,"Actual Startup Time": 0.045,"Actual Total Time": 617.011,"Actual Rows": 1179363,"Actual Loops": 5,"Filter": "(l_shipdate <= '1998-08-23 00:00:00'::timestamp without time zone)","Rows Removed by Filter": 20880,"Workers": []}]}]}]}]},"Planning Time": 3.143,"Triggers": [],"Execution Time": 1674.117}]
[{"Plan": {"Node Type": "Aggregate","Strategy": "Sorted","Partial Mode": "Finalize","Parallel Aware": false,"Async Capable": false,"Startup Cost": 184292.58,"Total Cost": 184296.40,"Plan Rows": 6,"Plan Width": 236,"Actual Startup Time": 1633.594,"Actual Total Time": 1667.041,"Actual Rows": 4,"Actual Loops": 1,"Group Key": ["l_returnflag", "l_linestatus"],"Plans": [{"Node Type": "Gather Merge","Parent Relationship": "Outer","Parallel Aware": false,"Async Capable": false,"Startup Cost": 184292.58,"Total Cost": 184295.46,"Plan Rows": 24,"Plan Width": 236,"Actual Startup Time": 1633.506,"Actual Total Time": 1666.927,"Actual Rows": 20,"Actual Loops": 1,"Workers Planned": 4,"Workers Launched": 4,"Plans": [{"Node Type": "Sort","Parent Relationship": "Outer","Parallel Aware": false,"Async Capable": false,"Startup Cost": 183292.52,"Total Cost": 183292.54,"Plan Rows": 6,"Plan Width": 236,"Actual Startup Time": 1625.739,"Actual Total Time": 1625.743,"Actual Rows": 4,"Actual Loops": 5,"Sort Key": ["l_returnflag", "l_linestatus"],"Sort Method": "quicksort","Sort Space Used": 27,"Sort Space Type": "Memory","Workers": [{"Worker Number": 0,"Sort Method": "quicksort","Sort Space Used": 27,"Sort Space Type": "Memory"},{"Worker Number": 1,"Sort Method": "quicksort","Sort Space Used": 27,"Sort Space Type": "Memory"},{"Worker Number": 2,"Sort Method": "quicksort","Sort Space Used": 27,"Sort Space Type": "Memory"},{"Worker Number": 3,"Sort Method": "quicksort","Sort Space Used": 27,"Sort Space Type": "Memory"}],"Plans": [{"Node Type": "Aggregate","Strategy": "Hashed","Partial Mode": "Partial","Parent Relationship": "Outer","Parallel Aware": false,"Async Capable": false,"Startup Cost": 183292.31,"Total Cost": 183292.45,"Plan Rows": 6,"Plan Width": 236,"Actual Startup Time": 1625.630,"Actual Total Time": 1625.638,"Actual Rows": 4,"Actual Loops": 5,"Group Key": ["l_returnflag", "l_linestatus"],"Planned Partitions": 0,"HashAgg Batches": 1,"Peak Memory Usage": 32,"Disk Usage": 0,"Workers": [{"Worker Number": 0,"HashAgg Batches": 1,"Peak Memory Usage": 32,"Disk Usage": 0},{"Worker Number": 1,"HashAgg Batches": 1,"Peak Memory Usage": 32,"Disk Usage": 0},{"Worker Number": 2,"HashAgg Batches": 1,"Peak Memory Usage": 32,"Disk Usage": 0},{"Worker Number": 3,"HashAgg Batches": 1,"Peak Memory Usage": 32,"Disk Usage": 0}],"Plans": [{"Node Type": "Seq Scan","Parent Relationship": "Outer","Parallel Aware": true,"Async Capable": false,"Relation Name": "lineitem","Alias": "lineitem","Startup Cost": 0.00,"Total Cost": 131256.80,"Plan Rows": 1486729,"Plan Width": 25,"Actual Startup Time": 0.041,"Actual Total Time": 605.239,"Actual Rows": 1190833,"Actual Loops": 5,"Filter": "(l_shipdate <= '1998-09-25 00:00:00'::timestamp without time zone)","Rows Removed by Filter": 9410,"Workers": []}]}]}]}]},"Planning Time": 2.948,"Triggers": [],"Execution Time": 1667.404}]
[{"Plan": {"Node Type": "Aggregate","Strategy": "Sorted","Partial Mode": "Finalize","Parallel Aware": false,"Async Capable": false,"Startup Cost": 183930.33,"Total Cost": 183934.15,"Plan Rows": 6,"Plan Width": 236,"Actual Startup Time": 1627.037,"Actual Total Time": 1661.564,"Actual Rows": 4,"Actual Loops": 1,"Group Key": ["l_returnflag", "l_linestatus"],"Plans": [{"Node Type": "Gather Merge","Parent Relationship": "Outer","Parallel Aware": false,"Async Capable": false,"Startup Cost": 183930.33,"Total Cost": 183933.21,"Plan Rows": 24,"Plan Width": 236,"Actual Startup Time": 1626.958,"Actual Total Time": 1661.457,"Actual Rows": 20,"Actual Loops": 1,"Workers Planned": 4,"Workers Launched": 4,"Plans": [{"Node Type": "Sort","Parent Relationship": "Outer","Parallel Aware": false,"Async Capable": false,"Startup Cost": 182930.27,"Total Cost": 182930.29,"Plan Rows": 6,"Plan Width": 236,"Actual Startup Time": 1619.213,"Actual Total Time": 1619.219,"Actual Rows": 4,"Actual Loops": 5,"Sort Key": ["l_returnflag", "l_linestatus"],"Sort Method": "quicksort","Sort Space Used": 27,"Sort Space Type": "Memory","Workers": [{"Worker Number": 0,"Sort Method": "quicksort","Sort Space Used": 27,"Sort Space Type": "Memory"},{"Worker Number": 1,"Sort Method": "quicksort","Sort Space Used": 27,"Sort Space Type": "Memory"},{"Worker Number": 2,"Sort Method": "quicksort","Sort Space Used": 27,"Sort Space Type": "Memory"},{"Worker Number": 3,"Sort Method": "quicksort","Sort Space Used": 27,"Sort Space Type": "Memory"}],"Plans": [{"Node Type": "Aggregate","Strategy": "Hashed","Partial Mode": "Partial","Parent Relationship": "Outer","Parallel Aware": false,"Async Capable": false,"Startup Cost": 182930.06,"Total Cost": 182930.20,"Plan Rows": 6,"Plan Width": 236,"Actual Startup Time": 1619.109,"Actual Total Time": 1619.118,"Actual Rows": 4,"Actual Loops": 5,"Group Key": ["l_returnflag", "l_linestatus"],"Planned Partitions": 0,"HashAgg Batches": 1,"Peak Memory Usage": 32,"Disk Usage": 0,"Workers": [{"Worker Number": 0,"HashAgg Batches": 1,"Peak Memory Usage": 32,"Disk Usage": 0},{"Worker Number": 1,"HashAgg Batches": 1,"Peak Memory Usage": 32,"Disk Usage": 0},{"Worker Number": 2,"HashAgg Batches": 1,"Peak Memory Usage": 32,"Disk Usage": 0},{"Worker Number": 3,"HashAgg Batches": 1,"Peak Memory Usage": 32,"Disk Usage": 0}],"Plans": [{"Node Type": "Seq Scan","Parent Relationship": "Outer","Parallel Aware": true,"Async Capable": false,"Relation Name": "lineitem","Alias": "lineitem","Startup Cost": 0.00,"Total Cost": 131256.80,"Plan Rows": 1476379,"Plan Width": 25,"Actual Startup Time": 0.041,"Actual Total Time": 606.279,"Actual Rows": 1181785,"Actual Loops": 5,"Filter": "(l_shipdate <= '1998-08-29 00:00:00'::timestamp without time zone)","Rows Removed by Filter": 18458,"Workers": []}]}]}]}]},"Planning Time": 2.737,"Triggers": [],"Execution Time": 1661.952}]
[{"Plan": {"Node Type": "Aggregate","Strategy": "Sorted","Partial Mode": "Finalize","Parallel Aware": false,"Async Capable": false,"Startup Cost": 184278.41,"Total Cost": 184282.23,"Plan Rows": 6,"Plan Width": 236,"Actual Startup Time": 1657.585,"Actual Total Time": 1690.491,"Actual Rows": 4,"Actual Loops": 1,"Group Key": ["l_returnflag", "l_linestatus"],"Plans": [{"Node Type": "Gather Merge","Parent Relationship": "Outer","Parallel Aware": false,"Async Capable": false,"Startup Cost": 184278.41,"Total Cost": 184281.28,"Plan Rows": 24,"Plan Width": 236,"Actual Startup Time": 1657.498,"Actual Total Time": 1690.371,"Actual Rows": 20,"Actual Loops": 1,"Workers Planned": 4,"Workers Launched": 4,"Plans": [{"Node Type": "Sort","Parent Relationship": "Outer","Parallel Aware": false,"Async Capable": false,"Startup Cost": 183278.35,"Total Cost": 183278.36,"Plan Rows": 6,"Plan Width": 236,"Actual Startup Time": 1649.559,"Actual Total Time": 1649.565,"Actual Rows": 4,"Actual Loops": 5,"Sort Key": ["l_returnflag", "l_linestatus"],"Sort Method": "quicksort","Sort Space Used": 27,"Sort Space Type": "Memory","Workers": [{"Worker Number": 0,"Sort Method": "quicksort","Sort Space Used": 27,"Sort Space Type": "Memory"},{"Worker Number": 1,"Sort Method": "quicksort","Sort Space Used": 27,"Sort Space Type": "Memory"},{"Worker Number": 2,"Sort Method": "quicksort","Sort Space Used": 27,"Sort Space Type": "Memory"},{"Worker Number": 3,"Sort Method": "quicksort","Sort Space Used": 27,"Sort Space Type": "Memory"}],"Plans": [{"Node Type": "Aggregate","Strategy": "Hashed","Partial Mode": "Partial","Parent Relationship": "Outer","Parallel Aware": false,"Async Capable": false,"Startup Cost": 183278.14,"Total Cost": 183278.27,"Plan Rows": 6,"Plan Width": 236,"Actual Startup Time": 1649.443,"Actual Total Time": 1649.453,"Actual Rows": 4,"Actual Loops": 5,"Group Key": ["l_returnflag", "l_linestatus"],"Planned Partitions": 0,"HashAgg Batches": 1,"Peak Memory Usage": 32,"Disk Usage": 0,"Workers": [{"Worker Number": 0,"HashAgg Batches": 1,"Peak Memory Usage": 32,"Disk Usage": 0},{"Worker Number": 1,"HashAgg Batches": 1,"Peak Memory Usage": 32,"Disk Usage": 0},{"Worker Number": 2,"HashAgg Batches": 1,"Peak Memory Usage": 32,"Disk Usage": 0},{"Worker Number": 3,"HashAgg Batches": 1,"Peak Memory Usage": 32,"Disk Usage": 0}],"Plans": [{"Node Type": "Seq Scan","Parent Relationship": "Outer","Parallel Aware": true,"Async Capable": false,"Relation Name": "lineitem","Alias": "lineitem","Startup Cost": 0.00,"Total Cost": 131256.80,"Plan Rows": 1486324,"Plan Width": 25,"Actual Startup Time": 0.045,"Actual Total Time": 616.953,"Actual Rows": 1190268,"Actual Loops": 5,"Filter": "(l_shipdate <= '1998-09-23 00:00:00'::timestamp without time zone)","Rows Removed by Filter": 9975,"Workers": []}]}]}]}]},"Planning Time": 3.178,"Triggers": [],"Execution Time": 1690.759}]
[{"Plan": {"Node Type": "Aggregate","Strategy": "Sorted","Partial Mode": "Finalize","Parallel Aware": false,"Async Capable": false,"Startup Cost": 183976.01,"Total Cost": 183979.83,"Plan Rows": 6,"Plan Width": 236,"Actual Startup Time": 1637.230,"Actual Total Time": 1671.180,"Actual Rows": 4,"Actual Loops": 1,"Group Key": ["l_returnflag", "l_linestatus"],"Plans": [{"Node Type": "Gather Merge","Parent Relationship": "Outer","Parallel Aware": false,"Async Capable": false,"Startup Cost": 183976.01,"Total Cost": 183978.88,"Plan Rows": 24,"Plan Width": 236,"Actual Startup Time": 1637.140,"Actual Total Time": 1671.060,"Actual Rows": 20,"Actual Loops": 1,"Workers Planned": 4,"Workers Launched": 4,"Plans": [{"Node Type": "Sort","Parent Relationship": "Outer","Parallel Aware": false,"Async Capable": false,"Startup Cost": 182975.95,"Total Cost": 182975.96,"Plan Rows": 6,"Plan Width": 236,"Actual Startup Time": 1629.253,"Actual Total Time": 1629.258,"Actual Rows": 4,"Actual Loops": 5,"Sort Key": ["l_returnflag", "l_linestatus"],"Sort Method": "quicksort","Sort Space Used": 27,"Sort Space Type": "Memory","Workers": [{"Worker Number": 0,"Sort Method": "quicksort","Sort Space Used": 27,"Sort Space Type": "Memory"},{"Worker Number": 1,"Sort Method": "quicksort","Sort Space Used": 27,"Sort Space Type": "Memory"},{"Worker Number": 2,"Sort Method": "quicksort","Sort Space Used": 27,"Sort Space Type": "Memory"},{"Worker Number": 3,"Sort Method": "quicksort","Sort Space Used": 27,"Sort Space Type": "Memory"}],"Plans": [{"Node Type": "Aggregate","Strategy": "Hashed","Partial Mode": "Partial","Parent Relationship": "Outer","Parallel Aware": false,"Async Capable": false,"Startup Cost": 182975.74,"Total Cost": 182975.87,"Plan Rows": 6,"Plan Width": 236,"Actual Startup Time": 1629.096,"Actual Total Time": 1629.104,"Actual Rows": 4,"Actual Loops": 5,"Group Key": ["l_returnflag", "l_linestatus"],"Planned Partitions": 0,"HashAgg Batches": 1,"Peak Memory Usage": 32,"Disk Usage": 0,"Workers": [{"Worker Number": 0,"HashAgg Batches": 1,"Peak Memory Usage": 32,"Disk Usage": 0},{"Worker Number": 1,"HashAgg Batches": 1,"Peak Memory Usage": 32,"Disk Usage": 0},{"Worker Number": 2,"HashAgg Batches": 1,"Peak Memory Usage": 32,"Disk Usage": 0},{"Worker Number": 3,"HashAgg Batches": 1,"Peak Memory Usage": 32,"Disk Usage": 0}],"Plans": [{"Node Type": "Seq Scan","Parent Relationship": "Outer","Parallel Aware": true,"Async Capable": false,"Relation Name": "lineitem","Alias": "lineitem","Startup Cost": 0.00,"Total Cost": 131256.80,"Plan Rows": 1477684,"Plan Width": 25,"Actual Startup Time": 0.036,"Actual Total Time": 613.605,"Actual Rows": 1182950,"Actual Loops": 5,"Filter": "(l_shipdate <= '1998-09-01 00:00:00'::timestamp without time zone)","Rows Removed by Filter": 17293,"Workers": []}]}]}]}]},"Planning Time": 3.200,"Triggers": [],"Execution Time": 1671.603}]
[{"Plan": {"Node Type": "Aggregate","Strategy": "Sorted","Partial Mode": "Finalize","Parallel Aware": false,"Async Capable": false,"Startup Cost": 184257.13,"Total Cost": 184260.95,"Plan Rows": 6,"Plan Width": 236,"Actual Startup Time": 1442.877,"Actual Total Time": 1461.341,"Actual Rows": 4,"Actual Loops": 1,"Group Key": ["l_returnflag", "l_linestatus"],"Plans": [{"Node Type": "Gather Merge","Parent Relationship": "Outer","Parallel Aware": false,"Async Capable": false,"Startup Cost": 184257.13,"Total Cost": 184260.00,"Plan Rows": 24,"Plan Width": 236,"Actual Startup Time": 1442.807,"Actual Total Time": 1461.246,"Actual Rows": 20,"Actual Loops": 1,"Workers Planned": 4,"Workers Launched": 4,"Plans": [{"Node Type": "Sort","Parent Relationship": "Outer","Parallel Aware": false,"Async Capable": false,"Startup Cost": 183257.07,"Total Cost": 183257.08,"Plan Rows": 6,"Plan Width": 236,"Actual Startup Time": 1433.925,"Actual Total Time": 1433.931,"Actual Rows": 4,"Actual Loops": 5,"Sort Key": ["l_returnflag", "l_linestatus"],"Sort Method": "quicksort","Sort Space Used": 27,"Sort Space Type": "Memory","Workers": [{"Worker Number": 0,"Sort Method": "quicksort","Sort Space Used": 27,"Sort Space Type": "Memory"},{"Worker Number": 1,"Sort Method": "quicksort","Sort Space Used": 27,"Sort Space Type": "Memory"},{"Worker Number": 2,"Sort Method": "quicksort","Sort Space Used": 27,"Sort Space Type": "Memory"},{"Worker Number": 3,"Sort Method": "quicksort","Sort Space Used": 27,"Sort Space Type": "Memory"}],"Plans": [{"Node Type": "Aggregate","Strategy": "Hashed","Partial Mode": "Partial","Parent Relationship": "Outer","Parallel Aware": false,"Async Capable": false,"Startup Cost": 183256.86,"Total Cost": 183256.99,"Plan Rows": 6,"Plan Width": 236,"Actual Startup Time": 1433.810,"Actual Total Time": 1433.821,"Actual Rows": 4,"Actual Loops": 5,"Group Key": ["l_returnflag", "l_linestatus"],"Planned Partitions": 0,"HashAgg Batches": 1,"Peak Memory Usage": 32,"Disk Usage": 0,"Workers": [{"Worker Number": 0,"HashAgg Batches": 1,"Peak Memory Usage": 32,"Disk Usage": 0},{"Worker Number": 1,"HashAgg Batches": 1,"Peak Memory Usage": 32,"Disk Usage": 0},{"Worker Number": 2,"HashAgg Batches": 1,"Peak Memory Usage": 32,"Disk Usage": 0},{"Worker Number": 3,"HashAgg Batches": 1,"Peak Memory Usage": 32,"Disk Usage": 0}],"Plans": [{"Node Type": "Seq Scan","Parent Relationship": "Outer","Parallel Aware": true,"Async Capable": false,"Relation Name": "lineitem","Alias": "lineitem","Startup Cost": 0.00,"Total Cost": 131256.80,"Plan Rows": 1485716,"Plan Width": 25,"Actual Startup Time": 0.083,"Actual Total Time": 411.300,"Actual Rows": 1189383,"Actual Loops": 5,"Filter": "(l_shipdate <= '1998-09-20 00:00:00'::timestamp without time zone)","Rows Removed by Filter": 10860,"Workers": []}]}]}]}]},"Planning Time": 2.939,"Triggers": [],"Execution Time": 1461.675}]
[{"Plan": {"Node Type": "Aggregate","Strategy": "Sorted","Partial Mode": "Finalize","Parallel Aware": false,"Async Capable": false,"Startup Cost": 183793.31,"Total Cost": 183797.13,"Plan Rows": 6,"Plan Width": 236,"Actual Startup Time": 1633.248,"Actual Total Time": 1668.137,"Actual Rows": 4,"Actual Loops": 1,"Group Key": ["l_returnflag", "l_linestatus"],"Plans": [{"Node Type": "Gather Merge","Parent Relationship": "Outer","Parallel Aware": false,"Async Capable": false,"Startup Cost": 183793.31,"Total Cost": 183796.18,"Plan Rows": 24,"Plan Width": 236,"Actual Startup Time": 1633.183,"Actual Total Time": 1668.026,"Actual Rows": 20,"Actual Loops": 1,"Workers Planned": 4,"Workers Launched": 4,"Plans": [{"Node Type": "Sort","Parent Relationship": "Outer","Parallel Aware": false,"Async Capable": false,"Startup Cost": 182793.25,"Total Cost": 182793.26,"Plan Rows": 6,"Plan Width": 236,"Actual Startup Time": 1625.306,"Actual Total Time": 1625.310,"Actual Rows": 4,"Actual Loops": 5,"Sort Key": ["l_returnflag", "l_linestatus"],"Sort Method": "quicksort","Sort Space Used": 27,"Sort Space Type": "Memory","Workers": [{"Worker Number": 0,"Sort Method": "quicksort","Sort Space Used": 27,"Sort Space Type": "Memory"},{"Worker Number": 1,"Sort Method": "quicksort","Sort Space Used": 27,"Sort Space Type": "Memory"},{"Worker Number": 2,"Sort Method": "quicksort","Sort Space Used": 27,"Sort Space Type": "Memory"},{"Worker Number": 3,"Sort Method": "quicksort","Sort Space Used": 27,"Sort Space Type": "Memory"}],"Plans": [{"Node Type": "Aggregate","Strategy": "Hashed","Partial Mode": "Partial","Parent Relationship": "Outer","Parallel Aware": false,"Async Capable": false,"Startup Cost": 182793.04,"Total Cost": 182793.17,"Plan Rows": 6,"Plan Width": 236,"Actual Startup Time": 1625.208,"Actual Total Time": 1625.216,"Actual Rows": 4,"Actual Loops": 5,"Group Key": ["l_returnflag", "l_linestatus"],"Planned Partitions": 0,"HashAgg Batches": 1,"Peak Memory Usage": 32,"Disk Usage": 0,"Workers": [{"Worker Number": 0,"HashAgg Batches": 1,"Peak Memory Usage": 32,"Disk Usage": 0},{"Worker Number": 1,"HashAgg Batches": 1,"Peak Memory Usage": 32,"Disk Usage": 0},{"Worker Number": 2,"HashAgg Batches": 1,"Peak Memory Usage": 32,"Disk Usage": 0},{"Worker Number": 3,"HashAgg Batches": 1,"Peak Memory Usage": 32,"Disk Usage": 0}],"Plans": [{"Node Type": "Seq Scan","Parent Relationship": "Outer","Parallel Aware": true,"Async Capable": false,"Relation Name": "lineitem","Alias": "lineitem","Startup Cost": 0.00,"Total Cost": 131256.80,"Plan Rows": 1472464,"Plan Width": 25,"Actual Startup Time": 0.041,"Actual Total Time": 612.099,"Actual Rows": 1178099,"Actual Loops": 5,"Filter": "(l_shipdate <= '1998-08-20 00:00:00'::timestamp without time zone)","Rows Removed by Filter": 22144,"Workers": []}]}]}]}]},"Planning Time": 3.085,"Triggers": [],"Execution Time": 1668.560}]
[{"Plan": {"Node Type": "Aggregate","Strategy": "Sorted","Partial Mode": "Finalize","Parallel Aware": false,"Async Capable": false,"Startup Cost": 184342.25,"Total Cost": 184346.07,"Plan Rows": 6,"Plan Width": 236,"Actual Startup Time": 1655.561,"Actual Total Time": 1689.583,"Actual Rows": 4,"Actual Loops": 1,"Group Key": ["l_returnflag", "l_linestatus"],"Plans": [{"Node Type": "Gather Merge","Parent Relationship": "Outer","Parallel Aware": false,"Async Capable": false,"Startup Cost": 184342.25,"Total Cost": 184345.12,"Plan Rows": 24,"Plan Width": 236,"Actual Startup Time": 1655.474,"Actual Total Time": 1689.450,"Actual Rows": 20,"Actual Loops": 1,"Workers Planned": 4,"Workers Launched": 4,"Plans": [{"Node Type": "Sort","Parent Relationship": "Outer","Parallel Aware": false,"Async Capable": false,"Startup Cost": 183342.19,"Total Cost": 183342.20,"Plan Rows": 6,"Plan Width": 236,"Actual Startup Time": 1647.670,"Actual Total Time": 1647.678,"Actual Rows": 4,"Actual Loops": 5,"Sort Key": ["l_returnflag", "l_linestatus"],"Sort Method": "quicksort","Sort Space Used": 27,"Sort Space Type": "Memory","Workers": [{"Worker Number": 0,"Sort Method": "quicksort","Sort Space Used": 27,"Sort Space Type": "Memory"},{"Worker Number": 1,"Sort Method": "quicksort","Sort Space Used": 27,"Sort Space Type": "Memory"},{"Worker Number": 2,"Sort Method": "quicksort","Sort Space Used": 27,"Sort Space Type": "Memory"},{"Worker Number": 3,"Sort Method": "quicksort","Sort Space Used": 27,"Sort Space Type": "Memory"}],"Plans": [{"Node Type": "Aggregate","Strategy": "Hashed","Partial Mode": "Partial","Parent Relationship": "Outer","Parallel Aware": false,"Async Capable": false,"Startup Cost": 183341.98,"Total Cost": 183342.11,"Plan Rows": 6,"Plan Width": 236,"Actual Startup Time": 1647.554,"Actual Total Time": 1647.566,"Actual Rows": 4,"Actual Loops": 5,"Group Key": ["l_returnflag", "l_linestatus"],"Planned Partitions": 0,"HashAgg Batches": 1,"Peak Memory Usage": 32,"Disk Usage": 0,"Workers": [{"Worker Number": 0,"HashAgg Batches": 1,"Peak Memory Usage": 32,"Disk Usage": 0},{"Worker Number": 1,"HashAgg Batches": 1,"Peak Memory Usage": 32,"Disk Usage": 0},{"Worker Number": 2,"HashAgg Batches": 1,"Peak Memory Usage": 32,"Disk Usage": 0},{"Worker Number": 3,"HashAgg Batches": 1,"Peak Memory Usage": 32,"Disk Usage": 0}],"Plans": [{"Node Type": "Seq Scan","Parent Relationship": "Outer","Parallel Aware": true,"Async Capable": false,"Relation Name": "lineitem","Alias": "lineitem","Startup Cost": 0.00,"Total Cost": 131256.80,"Plan Rows": 1488148,"Plan Width": 25,"Actual Startup Time": 0.043,"Actual Total Time": 623.196,"Actual Rows": 1192678,"Actual Loops": 5,"Filter": "(l_shipdate <= '1998-10-02 00:00:00'::timestamp without time zone)","Rows Removed by Filter": 7565,"Workers": []}]}]}]}]},"Planning Time": 3.639,"Triggers": [],"Execution Time": 1690.019}]
[{"Plan": {"Node Type": "Aggregate","Strategy": "Sorted","Partial Mode": "Finalize","Parallel Aware": false,"Async Capable": false,"Startup Cost": 184342.25,"Total Cost": 184346.07,"Plan Rows": 6,"Plan Width": 236,"Actual Startup Time": 1655.561,"Actual Total Time": 1689.583,"Actual Rows": 4,"Actual Loops": 1,"Group Key": ["l_returnflag", "l_linestatus"],"Plans": [{"Node Type": "Gather Merge","Parent Relationship": "Outer","Parallel Aware": false,"Async Capable": false,"Startup Cost": 184342.25,"Total Cost": 184345.12,"Plan Rows": 24,"Plan Width": 236,"Actual Startup Time": 1655.474,"Actual Total Time": 1689.450,"Actual Rows": 20,"Actual Loops": 1,"Workers Planned": 4,"Workers Launched": 4,"Plans": [{"Node Type": "Sort","Parent Relationship": "Outer","Parallel Aware": false,"Async Capable": false,"Startup Cost": 183342.19,"Total Cost": 183342.20,"Plan Rows": 6,"Plan Width": 236,"Actual Startup Time": 1647.670,"Actual Total Time": 1647.678,"Actual Rows": 4,"Actual Loops": 5,"Sort Key": ["l_returnflag", "l_linestatus"],"Sort Method": "quicksort","Sort Space Used": 27,"Sort Space Type": "Memory","Workers": [{"Worker Number": 0,"Sort Method": "quicksort","Sort Space Used": 27,"Sort Space Type": "Memory"},{"Worker Number": 1,"Sort Method": "quicksort","Sort Space Used": 27,"Sort Space Type": "Memory"},{"Worker Number": 2,"Sort Method": "quicksort","Sort Space Used": 27,"Sort Space Type": "Memory"},{"Worker Number": 3,"Sort Method": "quicksort","Sort Space Used": 27,"Sort Space Type": "Memory"}],"Plans": [{"Node Type": "Aggregate","Strategy": "Hashed","Partial Mode": "Partial","Parent Relationship": "Outer","Parallel Aware": false,"Async Capable": false,"Startup Cost": 183341.98,"Total Cost": 183342.11,"Plan Rows": 6,"Plan Width": 236,"Actual Startup Time": 1647.554,"Actual Total Time": 1647.566,"Actual Rows": 4,"Actual Loops": 5,"Group Key": ["l_returnflag", "l_linestatus"],"Planned Partitions": 0,"HashAgg Batches": 1,"Peak Memory Usage": 32,"Disk Usage": 0,"Workers": [{"Worker Number": 0,"HashAgg Batches": 1,"Peak Memory Usage": 32,"Disk Usage": 0},{"Worker Number": 1,"HashAgg Batches": 1,"Peak Memory Usage": 32,"Disk Usage": 0},{"Worker Number": 2,"HashAgg Batches": 1,"Peak Memory Usage": 32,"Disk Usage": 0},{"Worker Number": 3,"HashAgg Batches": 1,"Peak Memory Usage": 32,"Disk Usage": 0}],"Plans": [{"Node Type": "Seq Scan","Parent Relationship": "Outer","Parallel Aware": true,"Async Capable": false,"Relation Name": "lineitem","Alias": "lineitem","Startup Cost": 0.00,"Total Cost": 131256.80,"Plan Rows": 1488148,"Plan Width": 25,"Actual Startup Time": 0.043,"Actual Total Time": 623.196,"Actual Rows": 1192678,"Actual Loops": 5,"Filter": "(l_shipdate <= '1998-10-02 00:00:00'::timestamp without time zone)","Rows Removed by Filter": 7565,"Workers": []}]}]}]}]},"Planning Time": 3.639,"Triggers": [],"Execution Time": 1690.019}]
[{"Plan": {"Node Type": "Aggregate","Strategy": "Sorted","Partial Mode": "Finalize","Parallel Aware": false,"Async Capable": false,"Startup Cost": 184313.86,"Total Cost": 184317.68,"Plan Rows": 6,"Plan Width": 236,"Actual Startup Time": 1657.091,"Actual Total Time": 1690.885,"Actual Rows": 4,"Actual Loops": 1,"Group Key": ["l_returnflag", "l_linestatus"],"Plans": [{"Node Type": "Gather Merge","Parent Relationship": "Outer","Parallel Aware": false,"Async Capable": false,"Startup Cost": 184313.86,"Total Cost": 184316.74,"Plan Rows": 24,"Plan Width": 236,"Actual Startup Time": 1657.029,"Actual Total Time": 1690.788,"Actual Rows": 20,"Actual Loops": 1,"Workers Planned": 4,"Workers Launched": 4,"Plans": [{"Node Type": "Sort","Parent Relationship": "Outer","Parallel Aware": false,"Async Capable": false,"Startup Cost": 183313.80,"Total Cost": 183313.82,"Plan Rows": 6,"Plan Width": 236,"Actual Startup Time": 1648.712,"Actual Total Time": 1648.718,"Actual Rows": 4,"Actual Loops": 5,"Sort Key": ["l_returnflag", "l_linestatus"],"Sort Method": "quicksort","Sort Space Used": 27,"Sort Space Type": "Memory","Workers": [{"Worker Number": 0,"Sort Method": "quicksort","Sort Space Used": 27,"Sort Space Type": "Memory"},{"Worker Number": 1,"Sort Method": "quicksort","Sort Space Used": 27,"Sort Space Type": "Memory"},{"Worker Number": 2,"Sort Method": "quicksort","Sort Space Used": 27,"Sort Space Type": "Memory"},{"Worker Number": 3,"Sort Method": "quicksort","Sort Space Used": 27,"Sort Space Type": "Memory"}],"Plans": [{"Node Type": "Aggregate","Strategy": "Hashed","Partial Mode": "Partial","Parent Relationship": "Outer","Parallel Aware": false,"Async Capable": false,"Startup Cost": 183313.59,"Total Cost": 183313.73,"Plan Rows": 6,"Plan Width": 236,"Actual Startup Time": 1648.607,"Actual Total Time": 1648.618,"Actual Rows": 4,"Actual Loops": 5,"Group Key": ["l_returnflag", "l_linestatus"],"Planned Partitions": 0,"HashAgg Batches": 1,"Peak Memory Usage": 32,"Disk Usage": 0,"Workers": [{"Worker Number": 0,"HashAgg Batches": 1,"Peak Memory Usage": 32,"Disk Usage": 0},{"Worker Number": 1,"HashAgg Batches": 1,"Peak Memory Usage": 32,"Disk Usage": 0},{"Worker Number": 2,"HashAgg Batches": 1,"Peak Memory Usage": 32,"Disk Usage": 0},{"Worker Number": 3,"HashAgg Batches": 1,"Peak Memory Usage": 32,"Disk Usage": 0}],"Plans": [{"Node Type": "Seq Scan","Parent Relationship": "Outer","Parallel Aware": true,"Async Capable": false,"Relation Name": "lineitem","Alias": "lineitem","Startup Cost": 0.00,"Total Cost": 131256.80,"Plan Rows": 1487337,"Plan Width": 25,"Actual Startup Time": 0.037,"Actual Total Time": 622.318,"Actual Rows": 1191638,"Actual Loops": 5,"Filter": "(l_shipdate <= '1998-09-28 00:00:00'::timestamp without time zone)","Rows Removed by Filter": 8605,"Workers": []}]}]}]}]},"Planning Time": 3.442,"Triggers": [],"Execution Time": 1691.344}]
[{"Plan": {"Node Type": "Aggregate","Strategy": "Sorted","Partial Mode": "Finalize","Parallel Aware": false,"Async Capable": false,"Startup Cost": 183533.29,"Total Cost": 183537.11,"Plan Rows": 6,"Plan Width": 236,"Actual Startup Time": 1630.517,"Actual Total Time": 1664.896,"Actual Rows": 4,"Actual Loops": 1,"Group Key": ["l_returnflag", "l_linestatus"],"Plans": [{"Node Type": "Gather Merge","Parent Relationship": "Outer","Parallel Aware": false,"Async Capable": false,"Startup Cost": 183533.29,"Total Cost": 183536.17,"Plan Rows": 24,"Plan Width": 236,"Actual Startup Time": 1630.471,"Actual Total Time": 1664.800,"Actual Rows": 20,"Actual Loops": 1,"Workers Planned": 4,"Workers Launched": 4,"Plans": [{"Node Type": "Sort","Parent Relationship": "Outer","Parallel Aware": false,"Async Capable": false,"Startup Cost": 182533.23,"Total Cost": 182533.25,"Plan Rows": 6,"Plan Width": 236,"Actual Startup Time": 1622.825,"Actual Total Time": 1622.834,"Actual Rows": 4,"Actual Loops": 5,"Sort Key": ["l_returnflag", "l_linestatus"],"Sort Method": "quicksort","Sort Space Used": 27,"Sort Space Type": "Memory","Workers": [{"Worker Number": 0,"Sort Method": "quicksort","Sort Space Used": 27,"Sort Space Type": "Memory"},{"Worker Number": 1,"Sort Method": "quicksort","Sort Space Used": 27,"Sort Space Type": "Memory"},{"Worker Number": 2,"Sort Method": "quicksort","Sort Space Used": 27,"Sort Space Type": "Memory"},{"Worker Number": 3,"Sort Method": "quicksort","Sort Space Used": 27,"Sort Space Type": "Memory"}],"Plans": [{"Node Type": "Aggregate","Strategy": "Hashed","Partial Mode": "Partial","Parent Relationship": "Outer","Parallel Aware": false,"Async Capable": false,"Startup Cost": 182533.02,"Total Cost": 182533.16,"Plan Rows": 6,"Plan Width": 236,"Actual Startup Time": 1622.618,"Actual Total Time": 1622.631,"Actual Rows": 4,"Actual Loops": 5,"Group Key": ["l_returnflag", "l_linestatus"],"Planned Partitions": 0,"HashAgg Batches": 1,"Peak Memory Usage": 32,"Disk Usage": 0,"Workers": [{"Worker Number": 0,"HashAgg Batches": 1,"Peak Memory Usage": 32,"Disk Usage": 0},{"Worker Number": 1,"HashAgg Batches": 1,"Peak Memory Usage": 32,"Disk Usage": 0},{"Worker Number": 2,"HashAgg Batches": 1,"Peak Memory Usage": 32,"Disk Usage": 0},{"Worker Number": 3,"HashAgg Batches": 1,"Peak Memory Usage": 32,"Disk Usage": 0}],"Plans": [{"Node Type": "Seq Scan","Parent Relationship": "Outer","Parallel Aware": true,"Async Capable": false,"Relation Name": "lineitem","Alias": "lineitem","Startup Cost": 0.00,"Total Cost": 131256.80,"Plan Rows": 1465035,"Plan Width": 25,"Actual Startup Time": 0.025,"Actual Total Time": 611.078,"Actual Rows": 1171657,"Actual Loops": 5,"Filter": "(l_shipdate <= '1998-08-06 00:00:00'::timestamp without time zone)","Rows Removed by Filter": 28586,"Workers": []}]}]}]}]},"Planning Time": 2.842,"Triggers": [],"Execution Time": 1665.196}]
[{"Plan": {"Node Type": "Aggregate","Strategy": "Sorted","Partial Mode": "Finalize","Parallel Aware": false,"Async Capable": false,"Startup Cost": 184313.86,"Total Cost": 184317.68,"Plan Rows": 6,"Plan Width": 236,"Actual Startup Time": 1657.091,"Actual Total Time": 1690.885,"Actual Rows": 4,"Actual Loops": 1,"Group Key": ["l_returnflag", "l_linestatus"],"Plans": [{"Node Type": "Gather Merge","Parent Relationship": "Outer","Parallel Aware": false,"Async Capable": false,"Startup Cost": 184313.86,"Total Cost": 184316.74,"Plan Rows": 24,"Plan Width": 236,"Actual Startup Time": 1657.029,"Actual Total Time": 1690.788,"Actual Rows": 20,"Actual Loops": 1,"Workers Planned": 4,"Workers Launched": 4,"Plans": [{"Node Type": "Sort","Parent Relationship": "Outer","Parallel Aware": false,"Async Capable": false,"Startup Cost": 183313.80,"Total Cost": 183313.82,"Plan Rows": 6,"Plan Width": 236,"Actual Startup Time": 1648.712,"Actual Total Time": 1648.718,"Actual Rows": 4,"Actual Loops": 5,"Sort Key": ["l_returnflag", "l_linestatus"],"Sort Method": "quicksort","Sort Space Used": 27,"Sort Space Type": "Memory","Workers": [{"Worker Number": 0,"Sort Method": "quicksort","Sort Space Used": 27,"Sort Space Type": "Memory"},{"Worker Number": 1,"Sort Method": "quicksort","Sort Space Used": 27,"Sort Space Type": "Memory"},{"Worker Number": 2,"Sort Method": "quicksort","Sort Space Used": 27,"Sort Space Type": "Memory"},{"Worker Number": 3,"Sort Method": "quicksort","Sort Space Used": 27,"Sort Space Type": "Memory"}],"Plans": [{"Node Type": "Aggregate","Strategy": "Hashed","Partial Mode": "Partial","Parent Relationship": "Outer","Parallel Aware": false,"Async Capable": false,"Startup Cost": 183313.59,"Total Cost": 183313.73,"Plan Rows": 6,"Plan Width": 236,"Actual Startup Time": 1648.607,"Actual Total Time": 1648.618,"Actual Rows": 4,"Actual Loops": 5,"Group Key": ["l_returnflag", "l_linestatus"],"Planned Partitions": 0,"HashAgg Batches": 1,"Peak Memory Usage": 32,"Disk Usage": 0,"Workers": [{"Worker Number": 0,"HashAgg Batches": 1,"Peak Memory Usage": 32,"Disk Usage": 0},{"Worker Number": 1,"HashAgg Batches": 1,"Peak Memory Usage": 32,"Disk Usage": 0},{"Worker Number": 2,"HashAgg Batches": 1,"Peak Memory Usage": 32,"Disk Usage": 0},{"Worker Number": 3,"HashAgg Batches": 1,"Peak Memory Usage": 32,"Disk Usage": 0}],"Plans": [{"Node Type": "Seq Scan","Parent Relationship": "Outer","Parallel Aware": true,"Async Capable": false,"Relation Name": "lineitem","Alias": "lineitem","Startup Cost": 0.00,"Total Cost": 131256.80,"Plan Rows": 1487337,"Plan Width": 25,"Actual Startup Time": 0.037,"Actual Total Time": 622.318,"Actual Rows": 1191638,"Actual Loops": 5,"Filter": "(l_shipdate <= '1998-09-28 00:00:00'::timestamp without time zone)","Rows Removed by Filter": 8605,"Workers": []}]}]}]}]},"Planning Time": 3.442,"Triggers": [],"Execution Time": 1691.344}]
[{"Plan": {"Node Type": "Aggregate","Strategy": "Sorted","Partial Mode": "Finalize","Parallel Aware": false,"Async Capable": false,"Startup Cost": 184306.79,"Total Cost": 184310.61,"Plan Rows": 6,"Plan Width": 236,"Actual Startup Time": 1655.540,"Actual Total Time": 1688.646,"Actual Rows": 4,"Actual Loops": 1,"Group Key": ["l_returnflag", "l_linestatus"],"Plans": [{"Node Type": "Gather Merge","Parent Relationship": "Outer","Parallel Aware": false,"Async Capable": false,"Startup Cost": 184306.79,"Total Cost": 184309.67,"Plan Rows": 24,"Plan Width": 236,"Actual Startup Time": 1655.492,"Actual Total Time": 1688.546,"Actual Rows": 20,"Actual Loops": 1,"Workers Planned": 4,"Workers Launched": 4,"Plans": [{"Node Type": "Sort","Parent Relationship": "Outer","Parallel Aware": false,"Async Capable": false,"Startup Cost": 183306.73,"Total Cost": 183306.75,"Plan Rows": 6,"Plan Width": 236,"Actual Startup Time": 1648.136,"Actual Total Time": 1648.139,"Actual Rows": 4,"Actual Loops": 5,"Sort Key": ["l_returnflag", "l_linestatus"],"Sort Method": "quicksort","Sort Space Used": 27,"Sort Space Type": "Memory","Workers": [{"Worker Number": 0,"Sort Method": "quicksort","Sort Space Used": 27,"Sort Space Type": "Memory"},{"Worker Number": 1,"Sort Method": "quicksort","Sort Space Used": 27,"Sort Space Type": "Memory"},{"Worker Number": 2,"Sort Method": "quicksort","Sort Space Used": 27,"Sort Space Type": "Memory"},{"Worker Number": 3,"Sort Method": "quicksort","Sort Space Used": 27,"Sort Space Type": "Memory"}],"Plans": [{"Node Type": "Aggregate","Strategy": "Hashed","Partial Mode": "Partial","Parent Relationship": "Outer","Parallel Aware": false,"Async Capable": false,"Startup Cost": 183306.52,"Total Cost": 183306.66,"Plan Rows": 6,"Plan Width": 236,"Actual Startup Time": 1648.047,"Actual Total Time": 1648.054,"Actual Rows": 4,"Actual Loops": 5,"Group Key": ["l_returnflag", "l_linestatus"],"Planned Partitions": 0,"HashAgg Batches": 1,"Peak Memory Usage": 32,"Disk Usage": 0,"Workers": [{"Worker Number": 0,"HashAgg Batches": 1,"Peak Memory Usage": 32,"Disk Usage": 0},{"Worker Number": 1,"HashAgg Batches": 1,"Peak Memory Usage": 32,"Disk Usage": 0},{"Worker Number": 2,"HashAgg Batches": 1,"Peak Memory Usage": 32,"Disk Usage": 0},{"Worker Number": 3,"HashAgg Batches": 1,"Peak Memory Usage": 32,"Disk Usage": 0}],"Plans": [{"Node Type": "Seq Scan","Parent Relationship": "Outer","Parallel Aware": true,"Async Capable": false,"Relation Name": "lineitem","Alias": "lineitem","Startup Cost": 0.00,"Total Cost": 131256.80,"Plan Rows": 1487135,"Plan Width": 25,"Actual Startup Time": 0.035,"Actual Total Time": 616.849,"Actual Rows": 1191378,"Actual Loops": 5,"Filter": "(l_shipdate <= '1998-09-27 00:00:00'::timestamp without time zone)","Rows Removed by Filter": 8865,"Workers": []}]}]}]}]},"Planning Time": 2.700,"Triggers": [],"Execution Time": 1688.966}]
[{"Plan": {"Node Type": "Aggregate","Strategy": "Sorted","Partial Mode": "Finalize","Parallel Aware": false,"Async Capable": false,"Startup Cost": 184292.58,"Total Cost": 184296.40,"Plan Rows": 6,"Plan Width": 236,"Actual Startup Time": 1633.594,"Actual Total Time": 1667.041,"Actual Rows": 4,"Actual Loops": 1,"Group Key": ["l_returnflag", "l_linestatus"],"Plans": [{"Node Type": "Gather Merge","Parent Relationship": "Outer","Parallel Aware": false,"Async Capable": false,"Startup Cost": 184292.58,"Total Cost": 184295.46,"Plan Rows": 24,"Plan Width": 236,"Actual Startup Time": 1633.506,"Actual Total Time": 1666.927,"Actual Rows": 20,"Actual Loops": 1,"Workers Planned": 4,"Workers Launched": 4,"Plans": [{"Node Type": "Sort","Parent Relationship": "Outer","Parallel Aware": false,"Async Capable": false,"Startup Cost": 183292.52,"Total Cost": 183292.54,"Plan Rows": 6,"Plan Width": 236,"Actual Startup Time": 1625.739,"Actual Total Time": 1625.743,"Actual Rows": 4,"Actual Loops": 5,"Sort Key": ["l_returnflag", "l_linestatus"],"Sort Method": "quicksort","Sort Space Used": 27,"Sort Space Type": "Memory","Workers": [{"Worker Number": 0,"Sort Method": "quicksort","Sort Space Used": 27,"Sort Space Type": "Memory"},{"Worker Number": 1,"Sort Method": "quicksort","Sort Space Used": 27,"Sort Space Type": "Memory"},{"Worker Number": 2,"Sort Method": "quicksort","Sort Space Used": 27,"Sort Space Type": "Memory"},{"Worker Number": 3,"Sort Method": "quicksort","Sort Space Used": 27,"Sort Space Type": "Memory"}],"Plans": [{"Node Type": "Aggregate","Strategy": "Hashed","Partial Mode": "Partial","Parent Relationship": "Outer","Parallel Aware": false,"Async Capable": false,"Startup Cost": 183292.31,"Total Cost": 183292.45,"Plan Rows": 6,"Plan Width": 236,"Actual Startup Time": 1625.630,"Actual Total Time": 1625.638,"Actual Rows": 4,"Actual Loops": 5,"Group Key": ["l_returnflag", "l_linestatus"],"Planned Partitions": 0,"HashAgg Batches": 1,"Peak Memory Usage": 32,"Disk Usage": 0,"Workers": [{"Worker Number": 0,"HashAgg Batches": 1,"Peak Memory Usage": 32,"Disk Usage": 0},{"Worker Number": 1,"HashAgg Batches": 1,"Peak Memory Usage": 32,"Disk Usage": 0},{"Worker Number": 2,"HashAgg Batches": 1,"Peak Memory Usage": 32,"Disk Usage": 0},{"Worker Number": 3,"HashAgg Batches": 1,"Peak Memory Usage": 32,"Disk Usage": 0}],"Plans": [{"Node Type": "Seq Scan","Parent Relationship": "Outer","Parallel Aware": true,"Async Capable": false,"Relation Name": "lineitem","Alias": "lineitem","Startup Cost": 0.00,"Total Cost": 131256.80,"Plan Rows": 1486729,"Plan Width": 25,"Actual Startup Time": 0.041,"Actual Total Time": 605.239,"Actual Rows": 1190833,"Actual Loops": 5,"Filter": "(l_shipdate <= '1998-09-25 00:00:00'::timestamp without time zone)","Rows Removed by Filter": 9410,"Workers": []}]}]}]}]},"Planning Time": 2.948,"Triggers": [],"Execution Time": 1667.404}]
[{"Plan": {"Node Type": "Aggregate","Strategy": "Sorted","Partial Mode": "Finalize","Parallel Aware": false,"Async Capable": false,"Startup Cost": 184292.58,"Total Cost": 184296.40,"Plan Rows": 6,"Plan Width": 236,"Actual Startup Time": 1633.594,"Actual Total Time": 1667.041,"Actual Rows": 4,"Actual Loops": 1,"Group Key": ["l_returnflag", "l_linestatus"],"Plans": [{"Node Type": "Gather Merge","Parent Relationship": "Outer","Parallel Aware": false,"Async Capable": false,"Startup Cost": 184292.58,"Total Cost": 184295.46,"Plan Rows": 24,"Plan Width": 236,"Actual Startup Time": 1633.506,"Actual Total Time": 1666.927,"Actual Rows": 20,"Actual Loops": 1,"Workers Planned": 4,"Workers Launched": 4,"Plans": [{"Node Type": "Sort","Parent Relationship": "Outer","Parallel Aware": false,"Async Capable": false,"Startup Cost": 183292.52,"Total Cost": 183292.54,"Plan Rows": 6,"Plan Width": 236,"Actual Startup Time": 1625.739,"Actual Total Time": 1625.743,"Actual Rows": 4,"Actual Loops": 5,"Sort Key": ["l_returnflag", "l_linestatus"],"Sort Method": "quicksort","Sort Space Used": 27,"Sort Space Type": "Memory","Workers": [{"Worker Number": 0,"Sort Method": "quicksort","Sort Space Used": 27,"Sort Space Type": "Memory"},{"Worker Number": 1,"Sort Method": "quicksort","Sort Space Used": 27,"Sort Space Type": "Memory"},{"Worker Number": 2,"Sort Method": "quicksort","Sort Space Used": 27,"Sort Space Type": "Memory"},{"Worker Number": 3,"Sort Method": "quicksort","Sort Space Used": 27,"Sort Space Type": "Memory"}],"Plans": [{"Node Type": "Aggregate","Strategy": "Hashed","Partial Mode": "Partial","Parent Relationship": "Outer","Parallel Aware": false,"Async Capable": false,"Startup Cost": 183292.31,"Total Cost": 183292.45,"Plan Rows": 6,"Plan Width": 236,"Actual Startup Time": 1625.630,"Actual Total Time": 1625.638,"Actual Rows": 4,"Actual Loops": 5,"Group Key": ["l_returnflag", "l_linestatus"],"Planned Partitions": 0,"HashAgg Batches": 1,"Peak Memory Usage": 32,"Disk Usage": 0,"Workers": [{"Worker Number": 0,"HashAgg Batches": 1,"Peak Memory Usage": 32,"Disk Usage": 0},{"Worker Number": 1,"HashAgg Batches": 1,"Peak Memory Usage": 32,"Disk Usage": 0},{"Worker Number": 2,"HashAgg Batches": 1,"Peak Memory Usage": 32,"Disk Usage": 0},{"Worker Number": 3,"HashAgg Batches": 1,"Peak Memory Usage": 32,"Disk Usage": 0}],"Plans": [{"Node Type": "Seq Scan","Parent Relationship": "Outer","Parallel Aware": true,"Async Capable": false,"Relation Name": "lineitem","Alias": "lineitem","Startup Cost": 0.00,"Total Cost": 131256.80,"Plan Rows": 1486729,"Plan Width": 25,"Actual Startup Time": 0.041,"Actual Total Time": 605.239,"Actual Rows": 1190833,"Actual Loops": 5,"Filter": "(l_shipdate <= '1998-09-25 00:00:00'::timestamp without time zone)","Rows Removed by Filter": 9410,"Workers": []}]}]}]}]},"Planning Time": 2.948,"Triggers": [],"Execution Time": 1667.404}]
[{"Plan": {"Node Type": "Aggregate","Strategy": "Sorted","Partial Mode": "Finalize","Parallel Aware": false,"Async Capable": false,"Startup Cost": 183652.75,"Total Cost": 183656.57,"Plan Rows": 6,"Plan Width": 236,"Actual Startup Time": 1624.037,"Actual Total Time": 1657.979,"Actual Rows": 4,"Actual Loops": 1,"Group Key": ["l_returnflag", "l_linestatus"],"Plans": [{"Node Type": "Gather Merge","Parent Relationship": "Outer","Parallel Aware": false,"Async Capable": false,"Startup Cost": 183652.75,"Total Cost": 183655.62,"Plan Rows": 24,"Plan Width": 236,"Actual Startup Time": 1623.893,"Actual Total Time": 1657.849,"Actual Rows": 20,"Actual Loops": 1,"Workers Planned": 4,"Workers Launched": 4,"Plans": [{"Node Type": "Sort","Parent Relationship": "Outer","Parallel Aware": false,"Async Capable": false,"Startup Cost": 182652.69,"Total Cost": 182652.70,"Plan Rows": 6,"Plan Width": 236,"Actual Startup Time": 1616.446,"Actual Total Time": 1616.451,"Actual Rows": 4,"Actual Loops": 5,"Sort Key": ["l_returnflag", "l_linestatus"],"Sort Method": "quicksort","Sort Space Used": 27,"Sort Space Type": "Memory","Workers": [{"Worker Number": 0,"Sort Method": "quicksort","Sort Space Used": 27,"Sort Space Type": "Memory"},{"Worker Number": 1,"Sort Method": "quicksort","Sort Space Used": 27,"Sort Space Type": "Memory"},{"Worker Number": 2,"Sort Method": "quicksort","Sort Space Used": 27,"Sort Space Type": "Memory"},{"Worker Number": 3,"Sort Method": "quicksort","Sort Space Used": 27,"Sort Space Type": "Memory"}],"Plans": [{"Node Type": "Aggregate","Strategy": "Hashed","Partial Mode": "Partial","Parent Relationship": "Outer","Parallel Aware": false,"Async Capable": false,"Startup Cost": 182652.48,"Total Cost": 182652.61,"Plan Rows": 6,"Plan Width": 236,"Actual Startup Time": 1616.349,"Actual Total Time": 1616.357,"Actual Rows": 4,"Actual Loops": 5,"Group Key": ["l_returnflag", "l_linestatus"],"Planned Partitions": 0,"HashAgg Batches": 1,"Peak Memory Usage": 32,"Disk Usage": 0,"Workers": [{"Worker Number": 0,"HashAgg Batches": 1,"Peak Memory Usage": 32,"Disk Usage": 0},{"Worker Number": 1,"HashAgg Batches": 1,"Peak Memory Usage": 32,"Disk Usage": 0},{"Worker Number": 2,"HashAgg Batches": 1,"Peak Memory Usage": 32,"Disk Usage": 0},{"Worker Number": 3,"HashAgg Batches": 1,"Peak Memory Usage": 32,"Disk Usage": 0}],"Plans": [{"Node Type": "Seq Scan","Parent Relationship": "Outer","Parallel Aware": true,"Async Capable": false,"Relation Name": "lineitem","Alias": "lineitem","Startup Cost": 0.00,"Total Cost": 131256.80,"Plan Rows": 1468448,"Plan Width": 25,"Actual Startup Time": 0.039,"Actual Total Time": 608.174,"Actual Rows": 1174542,"Actual Loops": 5,"Filter": "(l_shipdate <= '1998-08-12 00:00:00'::timestamp without time zone)","Rows Removed by Filter": 25701,"Workers": []}]}]}]}]},"Planning Time": 2.541,"Triggers": [],"Execution Time": 1658.369}]
[{"Plan": {"Node Type": "Aggregate","Strategy": "Sorted","Partial Mode": "Finalize","Parallel Aware": false,"Async Capable": false,"Startup Cost": 184299.69,"Total Cost": 184303.51,"Plan Rows": 6,"Plan Width": 236,"Actual Startup Time": 1646.398,"Actual Total Time": 1680.381,"Actual Rows": 4,"Actual Loops": 1,"Group Key": ["l_returnflag", "l_linestatus"],"Plans": [{"Node Type": "Gather Merge","Parent Relationship": "Outer","Parallel Aware": false,"Async Capable": false,"Startup Cost": 184299.69,"Total Cost": 184302.56,"Plan Rows": 24,"Plan Width": 236,"Actual Startup Time": 1646.328,"Actual Total Time": 1680.272,"Actual Rows": 20,"Actual Loops": 1,"Workers Planned": 4,"Workers Launched": 4,"Plans": [{"Node Type": "Sort","Parent Relationship": "Outer","Parallel Aware": false,"Async Capable": false,"Startup Cost": 183299.63,"Total Cost": 183299.64,"Plan Rows": 6,"Plan Width": 236,"Actual Startup Time": 1638.706,"Actual Total Time": 1638.709,"Actual Rows": 4,"Actual Loops": 5,"Sort Key": ["l_returnflag", "l_linestatus"],"Sort Method": "quicksort","Sort Space Used": 27,"Sort Space Type": "Memory","Workers": [{"Worker Number": 0,"Sort Method": "quicksort","Sort Space Used": 27,"Sort Space Type": "Memory"},{"Worker Number": 1,"Sort Method": "quicksort","Sort Space Used": 27,"Sort Space Type": "Memory"},{"Worker Number": 2,"Sort Method": "quicksort","Sort Space Used": 27,"Sort Space Type": "Memory"},{"Worker Number": 3,"Sort Method": "quicksort","Sort Space Used": 27,"Sort Space Type": "Memory"}],"Plans": [{"Node Type": "Aggregate","Strategy": "Hashed","Partial Mode": "Partial","Parent Relationship": "Outer","Parallel Aware": false,"Async Capable": false,"Startup Cost": 183299.42,"Total Cost": 183299.55,"Plan Rows": 6,"Plan Width": 236,"Actual Startup Time": 1638.541,"Actual Total Time": 1638.549,"Actual Rows": 4,"Actual Loops": 5,"Group Key": ["l_returnflag", "l_linestatus"],"Planned Partitions": 0,"HashAgg Batches": 1,"Peak Memory Usage": 32,"Disk Usage": 0,"Workers": [{"Worker Number": 0,"HashAgg Batches": 1,"Peak Memory Usage": 32,"Disk Usage": 0},{"Worker Number": 1,"HashAgg Batches": 1,"Peak Memory Usage": 32,"Disk Usage": 0},{"Worker Number": 2,"HashAgg Batches": 1,"Peak Memory Usage": 32,"Disk Usage": 0},{"Worker Number": 3,"HashAgg Batches": 1,"Peak Memory Usage": 32,"Disk Usage": 0}],"Plans": [{"Node Type": "Seq Scan","Parent Relationship": "Outer","Parallel Aware": true,"Async Capable": false,"Relation Name": "lineitem","Alias": "lineitem","Startup Cost": 0.00,"Total Cost": 131256.80,"Plan Rows": 1486932,"Plan Width": 25,"Actual Startup Time": 0.035,"Actual Total Time": 615.515,"Actual Rows": 1191104,"Actual Loops": 5,"Filter": "(l_shipdate <= '1998-09-26 00:00:00'::timestamp without time zone)","Rows Removed by Filter": 9139,"Workers": []}]}]}]}]},"Planning Time": 3.172,"Triggers": [],"Execution Time": 1680.799}]
[{"Plan": {"Node Type": "Aggregate","Strategy": "Sorted","Partial Mode": "Finalize","Parallel Aware": false,"Async Capable": false,"Startup Cost": 184097.81,"Total Cost": 184101.63,"Plan Rows": 6,"Plan Width": 236,"Actual Startup Time": 1624.808,"Actual Total Time": 1658.521,"Actual Rows": 4,"Actual Loops": 1,"Group Key": ["l_returnflag", "l_linestatus"],"Plans": [{"Node Type": "Gather Merge","Parent Relationship": "Outer","Parallel Aware": false,"Async Capable": false,"Startup Cost": 184097.81,"Total Cost": 184100.68,"Plan Rows": 24,"Plan Width": 236,"Actual Startup Time": 1624.718,"Actual Total Time": 1658.389,"Actual Rows": 20,"Actual Loops": 1,"Workers Planned": 4,"Workers Launched": 4,"Plans": [{"Node Type": "Sort","Parent Relationship": "Outer","Parallel Aware": false,"Async Capable": false,"Startup Cost": 183097.75,"Total Cost": 183097.76,"Plan Rows": 6,"Plan Width": 236,"Actual Startup Time": 1616.102,"Actual Total Time": 1616.107,"Actual Rows": 4,"Actual Loops": 5,"Sort Key": ["l_returnflag", "l_linestatus"],"Sort Method": "quicksort","Sort Space Used": 27,"Sort Space Type": "Memory","Workers": [{"Worker Number": 0,"Sort Method": "quicksort","Sort Space Used": 27,"Sort Space Type": "Memory"},{"Worker Number": 1,"Sort Method": "quicksort","Sort Space Used": 27,"Sort Space Type": "Memory"},{"Worker Number": 2,"Sort Method": "quicksort","Sort Space Used": 27,"Sort Space Type": "Memory"},{"Worker Number": 3,"Sort Method": "quicksort","Sort Space Used": 27,"Sort Space Type": "Memory"}],"Plans": [{"Node Type": "Aggregate","Strategy": "Hashed","Partial Mode": "Partial","Parent Relationship": "Outer","Parallel Aware": false,"Async Capable": false,"Startup Cost": 183097.54,"Total Cost": 183097.67,"Plan Rows": 6,"Plan Width": 236,"Actual Startup Time": 1615.975,"Actual Total Time": 1615.986,"Actual Rows": 4,"Actual Loops": 5,"Group Key": ["l_returnflag", "l_linestatus"],"Planned Partitions": 0,"HashAgg Batches": 1,"Peak Memory Usage": 32,"Disk Usage": 0,"Workers": [{"Worker Number": 0,"HashAgg Batches": 1,"Peak Memory Usage": 32,"Disk Usage": 0},{"Worker Number": 1,"HashAgg Batches": 1,"Peak Memory Usage": 32,"Disk Usage": 0},{"Worker Number": 2,"HashAgg Batches": 1,"Peak Memory Usage": 32,"Disk Usage": 0},{"Worker Number": 3,"HashAgg Batches": 1,"Peak Memory Usage": 32,"Disk Usage": 0}],"Plans": [{"Node Type": "Seq Scan","Parent Relationship": "Outer","Parallel Aware": true,"Async Capable": false,"Relation Name": "lineitem","Alias": "lineitem","Startup Cost": 0.00,"Total Cost": 131256.80,"Plan Rows": 1481164,"Plan Width": 25,"Actual Startup Time": 0.044,"Actual Total Time": 598.688,"Actual Rows": 1185852,"Actual Loops": 5,"Filter": "(l_shipdate <= '1998-09-09 00:00:00'::timestamp without time zone)","Rows Removed by Filter": 14391,"Workers": []}]}]}]}]},"Planning Time": 3.148,"Triggers": [],"Execution Time": 1658.881}]
[{"Plan": {"Node Type": "Aggregate","Strategy": "Sorted","Partial Mode": "Finalize","Parallel Aware": false,"Async Capable": false,"Startup Cost": 183945.56,"Total Cost": 183949.38,"Plan Rows": 6,"Plan Width": 236,"Actual Startup Time": 1624.685,"Actual Total Time": 1659.093,"Actual Rows": 4,"Actual Loops": 1,"Group Key": ["l_returnflag", "l_linestatus"],"Plans": [{"Node Type": "Gather Merge","Parent Relationship": "Outer","Parallel Aware": false,"Async Capable": false,"Startup Cost": 183945.56,"Total Cost": 183948.43,"Plan Rows": 24,"Plan Width": 236,"Actual Startup Time": 1624.576,"Actual Total Time": 1658.968,"Actual Rows": 20,"Actual Loops": 1,"Workers Planned": 4,"Workers Launched": 4,"Plans": [{"Node Type": "Sort","Parent Relationship": "Outer","Parallel Aware": false,"Async Capable": false,"Startup Cost": 182945.50,"Total Cost": 182945.51,"Plan Rows": 6,"Plan Width": 236,"Actual Startup Time": 1616.640,"Actual Total Time": 1616.644,"Actual Rows": 4,"Actual Loops": 5,"Sort Key": ["l_returnflag", "l_linestatus"],"Sort Method": "quicksort","Sort Space Used": 27,"Sort Space Type": "Memory","Workers": [{"Worker Number": 0,"Sort Method": "quicksort","Sort Space Used": 27,"Sort Space Type": "Memory"},{"Worker Number": 1,"Sort Method": "quicksort","Sort Space Used": 27,"Sort Space Type": "Memory"},{"Worker Number": 2,"Sort Method": "quicksort","Sort Space Used": 27,"Sort Space Type": "Memory"},{"Worker Number": 3,"Sort Method": "quicksort","Sort Space Used": 27,"Sort Space Type": "Memory"}],"Plans": [{"Node Type": "Aggregate","Strategy": "Hashed","Partial Mode": "Partial","Parent Relationship": "Outer","Parallel Aware": false,"Async Capable": false,"Startup Cost": 182945.29,"Total Cost": 182945.42,"Plan Rows": 6,"Plan Width": 236,"Actual Startup Time": 1616.535,"Actual Total Time": 1616.542,"Actual Rows": 4,"Actual Loops": 5,"Group Key": ["l_returnflag", "l_linestatus"],"Planned Partitions": 0,"HashAgg Batches": 1,"Peak Memory Usage": 32,"Disk Usage": 0,"Workers": [{"Worker Number": 0,"HashAgg Batches": 1,"Peak Memory Usage": 32,"Disk Usage": 0},{"Worker Number": 1,"HashAgg Batches": 1,"Peak Memory Usage": 32,"Disk Usage": 0},{"Worker Number": 2,"HashAgg Batches": 1,"Peak Memory Usage": 32,"Disk Usage": 0},{"Worker Number": 3,"HashAgg Batches": 1,"Peak Memory Usage": 32,"Disk Usage": 0}],"Plans": [{"Node Type": "Seq Scan","Parent Relationship": "Outer","Parallel Aware": true,"Async Capable": false,"Relation Name": "lineitem","Alias": "lineitem","Startup Cost": 0.00,"Total Cost": 131256.80,"Plan Rows": 1476814,"Plan Width": 25,"Actual Startup Time": 0.043,"Actual Total Time": 602.040,"Actual Rows": 1182172,"Actual Loops": 5,"Filter": "(l_shipdate <= '1998-08-30 00:00:00'::timestamp without time zone)","Rows Removed by Filter": 18071,"Workers": []}]}]}]}]},"Planning Time": 2.906,"Triggers": [],"Execution Time": 1659.548}]
[{"Plan": {"Node Type": "Aggregate","Strategy": "Sorted","Partial Mode": "Finalize","Parallel Aware": false,"Async Capable": false,"Startup Cost": 183960.78,"Total Cost": 183964.60,"Plan Rows": 6,"Plan Width": 236,"Actual Startup Time": 1647.401,"Actual Total Time": 1680.504,"Actual Rows": 4,"Actual Loops": 1,"Group Key": ["l_returnflag", "l_linestatus"],"Plans": [{"Node Type": "Gather Merge","Parent Relationship": "Outer","Parallel Aware": false,"Async Capable": false,"Startup Cost": 183960.78,"Total Cost": 183963.66,"Plan Rows": 24,"Plan Width": 236,"Actual Startup Time": 1647.346,"Actual Total Time": 1680.378,"Actual Rows": 20,"Actual Loops": 1,"Workers Planned": 4,"Workers Launched": 4,"Plans": [{"Node Type": "Sort","Parent Relationship": "Outer","Parallel Aware": false,"Async Capable": false,"Startup Cost": 182960.72,"Total Cost": 182960.74,"Plan Rows": 6,"Plan Width": 236,"Actual Startup Time": 1639.973,"Actual Total Time": 1639.976,"Actual Rows": 4,"Actual Loops": 5,"Sort Key": ["l_returnflag", "l_linestatus"],"Sort Method": "quicksort","Sort Space Used": 27,"Sort Space Type": "Memory","Workers": [{"Worker Number": 0,"Sort Method": "quicksort","Sort Space Used": 27,"Sort Space Type": "Memory"},{"Worker Number": 1,"Sort Method": "quicksort","Sort Space Used": 27,"Sort Space Type": "Memory"},{"Worker Number": 2,"Sort Method": "quicksort","Sort Space Used": 27,"Sort Space Type": "Memory"},{"Worker Number": 3,"Sort Method": "quicksort","Sort Space Used": 27,"Sort Space Type": "Memory"}],"Plans": [{"Node Type": "Aggregate","Strategy": "Hashed","Partial Mode": "Partial","Parent Relationship": "Outer","Parallel Aware": false,"Async Capable": false,"Startup Cost": 182960.51,"Total Cost": 182960.65,"Plan Rows": 6,"Plan Width": 236,"Actual Startup Time": 1639.892,"Actual Total Time": 1639.899,"Actual Rows": 4,"Actual Loops": 5,"Group Key": ["l_returnflag", "l_linestatus"],"Planned Partitions": 0,"HashAgg Batches": 1,"Peak Memory Usage": 32,"Disk Usage": 0,"Workers": [{"Worker Number": 0,"HashAgg Batches": 1,"Peak Memory Usage": 32,"Disk Usage": 0},{"Worker Number": 1,"HashAgg Batches": 1,"Peak Memory Usage": 32,"Disk Usage": 0},{"Worker Number": 2,"HashAgg Batches": 1,"Peak Memory Usage": 32,"Disk Usage": 0},{"Worker Number": 3,"HashAgg Batches": 1,"Peak Memory Usage": 32,"Disk Usage": 0}],"Plans": [{"Node Type": "Seq Scan","Parent Relationship": "Outer","Parallel Aware": true,"Async Capable": false,"Relation Name": "lineitem","Alias": "lineitem","Startup Cost": 0.00,"Total Cost": 131256.80,"Plan Rows": 1477249,"Plan Width": 25,"Actual Startup Time": 0.035,"Actual Total Time": 614.894,"Actual Rows": 1182556,"Actual Loops": 5,"Filter": "(l_shipdate <= '1998-08-31 00:00:00'::timestamp without time zone)","Rows Removed by Filter": 17687,"Workers": []}]}]}]}]},"Planning Time": 3.505,"Triggers": [],"Execution Time": 1680.895}]
[{"Plan": {"Node Type": "Aggregate","Strategy": "Sorted","Partial Mode": "Finalize","Parallel Aware": false,"Async Capable": false,"Startup Cost": 184278.41,"Total Cost": 184282.23,"Plan Rows": 6,"Plan Width": 236,"Actual Startup Time": 1657.585,"Actual Total Time": 1690.491,"Actual Rows": 4,"Actual Loops": 1,"Group Key": ["l_returnflag", "l_linestatus"],"Plans": [{"Node Type": "Gather Merge","Parent Relationship": "Outer","Parallel Aware": false,"Async Capable": false,"Startup Cost": 184278.41,"Total Cost": 184281.28,"Plan Rows": 24,"Plan Width": 236,"Actual Startup Time": 1657.498,"Actual Total Time": 1690.371,"Actual Rows": 20,"Actual Loops": 1,"Workers Planned": 4,"Workers Launched": 4,"Plans": [{"Node Type": "Sort","Parent Relationship": "Outer","Parallel Aware": false,"Async Capable": false,"Startup Cost": 183278.35,"Total Cost": 183278.36,"Plan Rows": 6,"Plan Width": 236,"Actual Startup Time": 1649.559,"Actual Total Time": 1649.565,"Actual Rows": 4,"Actual Loops": 5,"Sort Key": ["l_returnflag", "l_linestatus"],"Sort Method": "quicksort","Sort Space Used": 27,"Sort Space Type": "Memory","Workers": [{"Worker Number": 0,"Sort Method": "quicksort","Sort Space Used": 27,"Sort Space Type": "Memory"},{"Worker Number": 1,"Sort Method": "quicksort","Sort Space Used": 27,"Sort Space Type": "Memory"},{"Worker Number": 2,"Sort Method": "quicksort","Sort Space Used": 27,"Sort Space Type": "Memory"},{"Worker Number": 3,"Sort Method": "quicksort","Sort Space Used": 27,"Sort Space Type": "Memory"}],"Plans": [{"Node Type": "Aggregate","Strategy": "Hashed","Partial Mode": "Partial","Parent Relationship": "Outer","Parallel Aware": false,"Async Capable": false,"Startup Cost": 183278.14,"Total Cost": 183278.27,"Plan Rows": 6,"Plan Width": 236,"Actual Startup Time": 1649.443,"Actual Total Time": 1649.453,"Actual Rows": 4,"Actual Loops": 5,"Group Key": ["l_returnflag", "l_linestatus"],"Planned Partitions": 0,"HashAgg Batches": 1,"Peak Memory Usage": 32,"Disk Usage": 0,"Workers": [{"Worker Number": 0,"HashAgg Batches": 1,"Peak Memory Usage": 32,"Disk Usage": 0},{"Worker Number": 1,"HashAgg Batches": 1,"Peak Memory Usage": 32,"Disk Usage": 0},{"Worker Number": 2,"HashAgg Batches": 1,"Peak Memory Usage": 32,"Disk Usage": 0},{"Worker Number": 3,"HashAgg Batches": 1,"Peak Memory Usage": 32,"Disk Usage": 0}],"Plans": [{"Node Type": "Seq Scan","Parent Relationship": "Outer","Parallel Aware": true,"Async Capable": false,"Relation Name": "lineitem","Alias": "lineitem","Startup Cost": 0.00,"Total Cost": 131256.80,"Plan Rows": 1486324,"Plan Width": 25,"Actual Startup Time": 0.045,"Actual Total Time": 616.953,"Actual Rows": 1190268,"Actual Loops": 5,"Filter": "(l_shipdate <= '1998-09-23 00:00:00'::timestamp without time zone)","Rows Removed by Filter": 9975,"Workers": []}]}]}]}]},"Planning Time": 3.178,"Triggers": [],"Execution Time": 1690.759}]
[{"Plan": {"Node Type": "Aggregate","Strategy": "Sorted","Partial Mode": "Finalize","Parallel Aware": false,"Async Capable": false,"Startup Cost": 183732.41,"Total Cost": 183736.23,"Plan Rows": 6,"Plan Width": 236,"Actual Startup Time": 1628.328,"Actual Total Time": 1661.003,"Actual Rows": 4,"Actual Loops": 1,"Group Key": ["l_returnflag", "l_linestatus"],"Plans": [{"Node Type": "Gather Merge","Parent Relationship": "Outer","Parallel Aware": false,"Async Capable": false,"Startup Cost": 183732.41,"Total Cost": 183735.28,"Plan Rows": 24,"Plan Width": 236,"Actual Startup Time": 1628.236,"Actual Total Time": 1660.877,"Actual Rows": 20,"Actual Loops": 1,"Workers Planned": 4,"Workers Launched": 4,"Plans": [{"Node Type": "Sort","Parent Relationship": "Outer","Parallel Aware": false,"Async Capable": false,"Startup Cost": 182732.35,"Total Cost": 182732.36,"Plan Rows": 6,"Plan Width": 236,"Actual Startup Time": 1620.833,"Actual Total Time": 1620.835,"Actual Rows": 4,"Actual Loops": 5,"Sort Key": ["l_returnflag", "l_linestatus"],"Sort Method": "quicksort","Sort Space Used": 27,"Sort Space Type": "Memory","Workers": [{"Worker Number": 0,"Sort Method": "quicksort","Sort Space Used": 27,"Sort Space Type": "Memory"},{"Worker Number": 1,"Sort Method": "quicksort","Sort Space Used": 27,"Sort Space Type": "Memory"},{"Worker Number": 2,"Sort Method": "quicksort","Sort Space Used": 27,"Sort Space Type": "Memory"},{"Worker Number": 3,"Sort Method": "quicksort","Sort Space Used": 27,"Sort Space Type": "Memory"}],"Plans": [{"Node Type": "Aggregate","Strategy": "Hashed","Partial Mode": "Partial","Parent Relationship": "Outer","Parallel Aware": false,"Async Capable": false,"Startup Cost": 182732.14,"Total Cost": 182732.27,"Plan Rows": 6,"Plan Width": 236,"Actual Startup Time": 1620.753,"Actual Total Time": 1620.760,"Actual Rows": 4,"Actual Loops": 5,"Group Key": ["l_returnflag", "l_linestatus"],"Planned Partitions": 0,"HashAgg Batches": 1,"Peak Memory Usage": 32,"Disk Usage": 0,"Workers": [{"Worker Number": 0,"HashAgg Batches": 1,"Peak Memory Usage": 32,"Disk Usage": 0},{"Worker Number": 1,"HashAgg Batches": 1,"Peak Memory Usage": 32,"Disk Usage": 0},{"Worker Number": 2,"HashAgg Batches": 1,"Peak Memory Usage": 32,"Disk Usage": 0},{"Worker Number": 3,"HashAgg Batches": 1,"Peak Memory Usage": 32,"Disk Usage": 0}],"Plans": [{"Node Type": "Seq Scan","Parent Relationship": "Outer","Parallel Aware": true,"Async Capable": false,"Relation Name": "lineitem","Alias": "lineitem","Startup Cost": 0.00,"Total Cost": 131256.80,"Plan Rows": 1470724,"Plan Width": 25,"Actual Startup Time": 0.036,"Actual Total Time": 604.007,"Actual Rows": 1176368,"Actual Loops": 5,"Filter": "(l_shipdate <= '1998-08-16 00:00:00'::timestamp without time zone)","Rows Removed by Filter": 23875,"Workers": []}]}]}]}]},"Planning Time": 3.031,"Triggers": [],"Execution Time": 1661.279}]
[{"Plan": {"Node Type": "Aggregate","Strategy": "Sorted","Partial Mode": "Finalize","Parallel Aware": false,"Async Capable": false,"Startup Cost": 183593.04,"Total Cost": 183596.86,"Plan Rows": 6,"Plan Width": 236,"Actual Startup Time": 1626.635,"Actual Total Time": 1660.743,"Actual Rows": 4,"Actual Loops": 1,"Group Key": ["l_returnflag", "l_linestatus"],"Plans": [{"Node Type": "Gather Merge","Parent Relationship": "Outer","Parallel Aware": false,"Async Capable": false,"Startup Cost": 183593.04,"Total Cost": 183595.91,"Plan Rows": 24,"Plan Width": 236,"Actual Startup Time": 1626.497,"Actual Total Time": 1660.589,"Actual Rows": 20,"Actual Loops": 1,"Workers Planned": 4,"Workers Launched": 4,"Plans": [{"Node Type": "Sort","Parent Relationship": "Outer","Parallel Aware": false,"Async Capable": false,"Startup Cost": 182592.98,"Total Cost": 182592.99,"Plan Rows": 6,"Plan Width": 236,"Actual Startup Time": 1618.685,"Actual Total Time": 1618.689,"Actual Rows": 4,"Actual Loops": 5,"Sort Key": ["l_returnflag", "l_linestatus"],"Sort Method": "quicksort","Sort Space Used": 27,"Sort Space Type": "Memory","Workers": [{"Worker Number": 0,"Sort Method": "quicksort","Sort Space Used": 27,"Sort Space Type": "Memory"},{"Worker Number": 1,"Sort Method": "quicksort","Sort Space Used": 27,"Sort Space Type": "Memory"},{"Worker Number": 2,"Sort Method": "quicksort","Sort Space Used": 27,"Sort Space Type": "Memory"},{"Worker Number": 3,"Sort Method": "quicksort","Sort Space Used": 27,"Sort Space Type": "Memory"}],"Plans": [{"Node Type": "Aggregate","Strategy": "Hashed","Partial Mode": "Partial","Parent Relationship": "Outer","Parallel Aware": false,"Async Capable": false,"Startup Cost": 182592.77,"Total Cost": 182592.90,"Plan Rows": 6,"Plan Width": 236,"Actual Startup Time": 1618.594,"Actual Total Time": 1618.602,"Actual Rows": 4,"Actual Loops": 5,"Group Key": ["l_returnflag", "l_linestatus"],"Planned Partitions": 0,"HashAgg Batches": 1,"Peak Memory Usage": 32,"Disk Usage": 0,"Workers": [{"Worker Number": 0,"HashAgg Batches": 1,"Peak Memory Usage": 32,"Disk Usage": 0},{"Worker Number": 1,"HashAgg Batches": 1,"Peak Memory Usage": 32,"Disk Usage": 0},{"Worker Number": 2,"HashAgg Batches": 1,"Peak Memory Usage": 32,"Disk Usage": 0},{"Worker Number": 3,"HashAgg Batches": 1,"Peak Memory Usage": 32,"Disk Usage": 0}],"Plans": [{"Node Type": "Seq Scan","Parent Relationship": "Outer","Parallel Aware": true,"Async Capable": false,"Relation Name": "lineitem","Alias": "lineitem","Startup Cost": 0.00,"Total Cost": 131256.80,"Plan Rows": 1466742,"Plan Width": 25,"Actual Startup Time": 0.037,"Actual Total Time": 612.013,"Actual Rows": 1173110,"Actual Loops": 5,"Filter": "(l_shipdate <= '1998-08-09 00:00:00'::timestamp without time zone)","Rows Removed by Filter": 27133,"Workers": []}]}]}]}]},"Planning Time": 3.212,"Triggers": [],"Execution Time": 1661.179}]
[{"Plan": {"Node Type": "Aggregate","Strategy": "Sorted","Partial Mode": "Finalize","Parallel Aware": false,"Async Capable": false,"Startup Cost": 183838.98,"Total Cost": 183842.80,"Plan Rows": 6,"Plan Width": 236,"Actual Startup Time": 1639.650,"Actual Total Time": 1673.848,"Actual Rows": 4,"Actual Loops": 1,"Group Key": ["l_returnflag", "l_linestatus"],"Plans": [{"Node Type": "Gather Merge","Parent Relationship": "Outer","Parallel Aware": false,"Async Capable": false,"Startup Cost": 183838.98,"Total Cost": 183841.86,"Plan Rows": 24,"Plan Width": 236,"Actual Startup Time": 1639.575,"Actual Total Time": 1673.737,"Actual Rows": 20,"Actual Loops": 1,"Workers Planned": 4,"Workers Launched": 4,"Plans": [{"Node Type": "Sort","Parent Relationship": "Outer","Parallel Aware": false,"Async Capable": false,"Startup Cost": 182838.92,"Total Cost": 182838.94,"Plan Rows": 6,"Plan Width": 236,"Actual Startup Time": 1631.806,"Actual Total Time": 1631.813,"Actual Rows": 4,"Actual Loops": 5,"Sort Key": ["l_returnflag", "l_linestatus"],"Sort Method": "quicksort","Sort Space Used": 27,"Sort Space Type": "Memory","Workers": [{"Worker Number": 0,"Sort Method": "quicksort","Sort Space Used": 27,"Sort Space Type": "Memory"},{"Worker Number": 1,"Sort Method": "quicksort","Sort Space Used": 27,"Sort Space Type": "Memory"},{"Worker Number": 2,"Sort Method": "quicksort","Sort Space Used": 27,"Sort Space Type": "Memory"},{"Worker Number": 3,"Sort Method": "quicksort","Sort Space Used": 27,"Sort Space Type": "Memory"}],"Plans": [{"Node Type": "Aggregate","Strategy": "Hashed","Partial Mode": "Partial","Parent Relationship": "Outer","Parallel Aware": false,"Async Capable": false,"Startup Cost": 182838.71,"Total Cost": 182838.85,"Plan Rows": 6,"Plan Width": 236,"Actual Startup Time": 1631.677,"Actual Total Time": 1631.690,"Actual Rows": 4,"Actual Loops": 5,"Group Key": ["l_returnflag", "l_linestatus"],"Planned Partitions": 0,"HashAgg Batches": 1,"Peak Memory Usage": 32,"Disk Usage": 0,"Workers": [{"Worker Number": 0,"HashAgg Batches": 1,"Peak Memory Usage": 32,"Disk Usage": 0},{"Worker Number": 1,"HashAgg Batches": 1,"Peak Memory Usage": 32,"Disk Usage": 0},{"Worker Number": 2,"HashAgg Batches": 1,"Peak Memory Usage": 32,"Disk Usage": 0},{"Worker Number": 3,"HashAgg Batches": 1,"Peak Memory Usage": 32,"Disk Usage": 0}],"Plans": [{"Node Type": "Seq Scan","Parent Relationship": "Outer","Parallel Aware": true,"Async Capable": false,"Relation Name": "lineitem","Alias": "lineitem","Startup Cost": 0.00,"Total Cost": 131256.80,"Plan Rows": 1473769,"Plan Width": 25,"Actual Startup Time": 0.045,"Actual Total Time": 617.011,"Actual Rows": 1179363,"Actual Loops": 5,"Filter": "(l_shipdate <= '1998-08-23 00:00:00'::timestamp without time zone)","Rows Removed by Filter": 20880,"Workers": []}]}]}]}]},"Planning Time": 3.143,"Triggers": [],"Execution Time": 1674.117}]
[{"Plan": {"Node Type": "Aggregate","Strategy": "Sorted","Partial Mode": "Finalize","Parallel Aware": false,"Async Capable": false,"Startup Cost": 183793.31,"Total Cost": 183797.13,"Plan Rows": 6,"Plan Width": 236,"Actual Startup Time": 1633.248,"Actual Total Time": 1668.137,"Actual Rows": 4,"Actual Loops": 1,"Group Key": ["l_returnflag", "l_linestatus"],"Plans": [{"Node Type": "Gather Merge","Parent Relationship": "Outer","Parallel Aware": false,"Async Capable": false,"Startup Cost": 183793.31,"Total Cost": 183796.18,"Plan Rows": 24,"Plan Width": 236,"Actual Startup Time": 1633.183,"Actual Total Time": 1668.026,"Actual Rows": 20,"Actual Loops": 1,"Workers Planned": 4,"Workers Launched": 4,"Plans": [{"Node Type": "Sort","Parent Relationship": "Outer","Parallel Aware": false,"Async Capable": false,"Startup Cost": 182793.25,"Total Cost": 182793.26,"Plan Rows": 6,"Plan Width": 236,"Actual Startup Time": 1625.306,"Actual Total Time": 1625.310,"Actual Rows": 4,"Actual Loops": 5,"Sort Key": ["l_returnflag", "l_linestatus"],"Sort Method": "quicksort","Sort Space Used": 27,"Sort Space Type": "Memory","Workers": [{"Worker Number": 0,"Sort Method": "quicksort","Sort Space Used": 27,"Sort Space Type": "Memory"},{"Worker Number": 1,"Sort Method": "quicksort","Sort Space Used": 27,"Sort Space Type": "Memory"},{"Worker Number": 2,"Sort Method": "quicksort","Sort Space Used": 27,"Sort Space Type": "Memory"},{"Worker Number": 3,"Sort Method": "quicksort","Sort Space Used": 27,"Sort Space Type": "Memory"}],"Plans": [{"Node Type": "Aggregate","Strategy": "Hashed","Partial Mode": "Partial","Parent Relationship": "Outer","Parallel Aware": false,"Async Capable": false,"Startup Cost": 182793.04,"Total Cost": 182793.17,"Plan Rows": 6,"Plan Width": 236,"Actual Startup Time": 1625.208,"Actual Total Time": 1625.216,"Actual Rows": 4,"Actual Loops": 5,"Group Key": ["l_returnflag", "l_linestatus"],"Planned Partitions": 0,"HashAgg Batches": 1,"Peak Memory Usage": 32,"Disk Usage": 0,"Workers": [{"Worker Number": 0,"HashAgg Batches": 1,"Peak Memory Usage": 32,"Disk Usage": 0},{"Worker Number": 1,"HashAgg Batches": 1,"Peak Memory Usage": 32,"Disk Usage": 0},{"Worker Number": 2,"HashAgg Batches": 1,"Peak Memory Usage": 32,"Disk Usage": 0},{"Worker Number": 3,"HashAgg Batches": 1,"Peak Memory Usage": 32,"Disk Usage": 0}],"Plans": [{"Node Type": "Seq Scan","Parent Relationship": "Outer","Parallel Aware": true,"Async Capable": false,"Relation Name": "lineitem","Alias": "lineitem","Startup Cost": 0.00,"Total Cost": 131256.80,"Plan Rows": 1472464,"Plan Width": 25,"Actual Startup Time": 0.041,"Actual Total Time": 612.099,"Actual Rows": 1178099,"Actual Loops": 5,"Filter": "(l_shipdate <= '1998-08-20 00:00:00'::timestamp without time zone)","Rows Removed by Filter": 22144,"Workers": []}]}]}]}]},"Planning Time": 3.085,"Triggers": [],"Execution Time": 1668.560}]
[{"Plan": {"Node Type": "Aggregate","Strategy": "Sorted","Partial Mode": "Finalize","Parallel Aware": false,"Async Capable": false,"Startup Cost": 184328.04,"Total Cost": 184331.86,"Plan Rows": 6,"Plan Width": 236,"Actual Startup Time": 1635.956,"Actual Total Time": 1669.939,"Actual Rows": 4,"Actual Loops": 1,"Group Key": ["l_returnflag", "l_linestatus"],"Plans": [{"Node Type": "Gather Merge","Parent Relationship": "Outer","Parallel Aware": false,"Async Capable": false,"Startup Cost": 184328.04,"Total Cost": 184330.91,"Plan Rows": 24,"Plan Width": 236,"Actual Startup Time": 1635.886,"Actual Total Time": 1669.839,"Actual Rows": 20,"Actual Loops": 1,"Workers Planned": 4,"Workers Launched": 4,"Plans": [{"Node Type": "Sort","Parent Relationship": "Outer","Parallel Aware": false,"Async Capable": false,"Startup Cost": 183327.98,"Total Cost": 183327.99,"Plan Rows": 6,"Plan Width": 236,"Actual Startup Time": 1627.958,"Actual Total Time": 1627.963,"Actual Rows": 4,"Actual Loops": 5,"Sort Key": ["l_returnflag", "l_linestatus"],"Sort Method": "quicksort","Sort Space Used": 27,"Sort Space Type": "Memory","Workers": [{"Worker Number": 0,"Sort Method": "quicksort","Sort Space Used": 27,"Sort Space Type": "Memory"},{"Worker Number": 1,"Sort Method": "quicksort","Sort Space Used": 27,"Sort Space Type": "Memory"},{"Worker Number": 2,"Sort Method": "quicksort","Sort Space Used": 27,"Sort Space Type": "Memory"},{"Worker Number": 3,"Sort Method": "quicksort","Sort Space Used": 27,"Sort Space Type": "Memory"}],"Plans": [{"Node Type": "Aggregate","Strategy": "Hashed","Partial Mode": "Partial","Parent Relationship": "Outer","Parallel Aware": false,"Async Capable": false,"Startup Cost": 183327.77,"Total Cost": 183327.90,"Plan Rows": 6,"Plan Width": 236,"Actual Startup Time": 1627.844,"Actual Total Time": 1627.853,"Actual Rows": 4,"Actual Loops": 5,"Group Key": ["l_returnflag", "l_linestatus"],"Planned Partitions": 0,"HashAgg Batches": 1,"Peak Memory Usage": 32,"Disk Usage": 0,"Workers": [{"Worker Number": 0,"HashAgg Batches": 1,"Peak Memory Usage": 32,"Disk Usage": 0},{"Worker Number": 1,"HashAgg Batches": 1,"Peak Memory Usage": 32,"Disk Usage": 0},{"Worker Number": 2,"HashAgg Batches": 1,"Peak Memory Usage": 32,"Disk Usage": 0},{"Worker Number": 3,"HashAgg Batches": 1,"Peak Memory Usage": 32,"Disk Usage": 0}],"Plans": [{"Node Type": "Seq Scan","Parent Relationship": "Outer","Parallel Aware": true,"Async Capable": false,"Relation Name": "lineitem","Alias": "lineitem","Startup Cost": 0.00,"Total Cost": 131256.80,"Plan Rows": 1487742,"Plan Width": 25,"Actual Startup Time": 0.040,"Actual Total Time": 600.899,"Actual Rows": 1192163,"Actual Loops": 5,"Filter": "(l_shipdate <= '1998-09-30 00:00:00'::timestamp without time zone)","Rows Removed by Filter": 8080,"Workers": []}]}]}]}]},"Planning Time": 2.946,"Triggers": [],"Execution Time": 1670.282}]
[{"Plan": {"Node Type": "Aggregate","Strategy": "Sorted","Partial Mode": "Finalize","Parallel Aware": false,"Async Capable": false,"Startup Cost": 184271.34,"Total Cost": 184275.16,"Plan Rows": 6,"Plan Width": 236,"Actual Startup Time": 1627.489,"Actual Total Time": 1661.299,"Actual Rows": 4,"Actual Loops": 1,"Group Key": ["l_returnflag", "l_linestatus"],"Plans": [{"Node Type": "Gather Merge","Parent Relationship": "Outer","Parallel Aware": false,"Async Capable": false,"Startup Cost": 184271.34,"Total Cost": 184274.21,"Plan Rows": 24,"Plan Width": 236,"Actual Startup Time": 1627.365,"Actual Total Time": 1661.147,"Actual Rows": 20,"Actual Loops": 1,"Workers Planned": 4,"Workers Launched": 4,"Plans": [{"Node Type": "Sort","Parent Relationship": "Outer","Parallel Aware": false,"Async Capable": false,"Startup Cost": 183271.28,"Total Cost": 183271.29,"Plan Rows": 6,"Plan Width": 236,"Actual Startup Time": 1619.927,"Actual Total Time": 1619.931,"Actual Rows": 4,"Actual Loops": 5,"Sort Key": ["l_returnflag", "l_linestatus"],"Sort Method": "quicksort","Sort Space Used": 27,"Sort Space Type": "Memory","Workers": [{"Worker Number": 0,"Sort Method": "quicksort","Sort Space Used": 27,"Sort Space Type": "Memory"},{"Worker Number": 1,"Sort Method": "quicksort","Sort Space Used": 27,"Sort Space Type": "Memory"},{"Worker Number": 2,"Sort Method": "quicksort","Sort Space Used": 27,"Sort Space Type": "Memory"},{"Worker Number": 3,"Sort Method": "quicksort","Sort Space Used": 27,"Sort Space Type": "Memory"}],"Plans": [{"Node Type": "Aggregate","Strategy": "Hashed","Partial Mode": "Partial","Parent Relationship": "Outer","Parallel Aware": false,"Async Capable": false,"Startup Cost": 183271.07,"Total Cost": 183271.20,"Plan Rows": 6,"Plan Width": 236,"Actual Startup Time": 1619.825,"Actual Total Time": 1619.834,"Actual Rows": 4,"Actual Loops": 5,"Group Key": ["l_returnflag", "l_linestatus"],"Planned Partitions": 0,"HashAgg Batches": 1,"Peak Memory Usage": 32,"Disk Usage": 0,"Workers": [{"Worker Number": 0,"HashAgg Batches": 1,"Peak Memory Usage": 32,"Disk Usage": 0},{"Worker Number": 1,"HashAgg Batches": 1,"Peak Memory Usage": 32,"Disk Usage": 0},{"Worker Number": 2,"HashAgg Batches": 1,"Peak Memory Usage": 32,"Disk Usage": 0},{"Worker Number": 3,"HashAgg Batches": 1,"Peak Memory Usage": 32,"Disk Usage": 0}],"Plans": [{"Node Type": "Seq Scan","Parent Relationship": "Outer","Parallel Aware": true,"Async Capable": false,"Relation Name": "lineitem","Alias": "lineitem","Startup Cost": 0.00,"Total Cost": 131256.80,"Plan Rows": 1486122,"Plan Width": 25,"Actual Startup Time": 0.036,"Actual Total Time": 598.919,"Actual Rows": 1189982,"Actual Loops": 5,"Filter": "(l_shipdate <= '1998-09-22 00:00:00'::timestamp without time zone)","Rows Removed by Filter": 10261,"Workers": []}]}]}]}]},"Planning Time": 2.236,"Triggers": [],"Execution Time": 1661.794}]
[{"Plan": {"Node Type": "Aggregate","Strategy": "Sorted","Partial Mode": "Finalize","Parallel Aware": false,"Async Capable": false,"Startup Cost": 184128.26,"Total Cost": 184132.08,"Plan Rows": 6,"Plan Width": 236,"Actual Startup Time": 1649.132,"Actual Total Time": 1683.354,"Actual Rows": 4,"Actual Loops": 1,"Group Key": ["l_returnflag", "l_linestatus"],"Plans": [{"Node Type": "Gather Merge","Parent Relationship": "Outer","Parallel Aware": false,"Async Capable": false,"Startup Cost": 184128.26,"Total Cost": 184131.13,"Plan Rows": 24,"Plan Width": 236,"Actual Startup Time": 1649.053,"Actual Total Time": 1683.242,"Actual Rows": 20,"Actual Loops": 1,"Workers Planned": 4,"Workers Launched": 4,"Plans": [{"Node Type": "Sort","Parent Relationship": "Outer","Parallel Aware": false,"Async Capable": false,"Startup Cost": 183128.20,"Total Cost": 183128.21,"Plan Rows": 6,"Plan Width": 236,"Actual Startup Time": 1640.585,"Actual Total Time": 1640.592,"Actual Rows": 4,"Actual Loops": 5,"Sort Key": ["l_returnflag", "l_linestatus"],"Sort Method": "quicksort","Sort Space Used": 27,"Sort Space Type": "Memory","Workers": [{"Worker Number": 0,"Sort Method": "quicksort","Sort Space Used": 27,"Sort Space Type": "Memory"},{"Worker Number": 1,"Sort Method": "quicksort","Sort Space Used": 27,"Sort Space Type": "Memory"},{"Worker Number": 2,"Sort Method": "quicksort","Sort Space Used": 27,"Sort Space Type": "Memory"},{"Worker Number": 3,"Sort Method": "quicksort","Sort Space Used": 27,"Sort Space Type": "Memory"}],"Plans": [{"Node Type": "Aggregate","Strategy": "Hashed","Partial Mode": "Partial","Parent Relationship": "Outer","Parallel Aware": false,"Async Capable": false,"Startup Cost": 183127.99,"Total Cost": 183128.12,"Plan Rows": 6,"Plan Width": 236,"Actual Startup Time": 1640.479,"Actual Total Time": 1640.488,"Actual Rows": 4,"Actual Loops": 5,"Group Key": ["l_returnflag", "l_linestatus"],"Planned Partitions": 0,"HashAgg Batches": 1,"Peak Memory Usage": 32,"Disk Usage": 0,"Workers": [{"Worker Number": 0,"HashAgg Batches": 1,"Peak Memory Usage": 32,"Disk Usage": 0},{"Worker Number": 1,"HashAgg Batches": 1,"Peak Memory Usage": 32,"Disk Usage": 0},{"Worker Number": 2,"HashAgg Batches": 1,"Peak Memory Usage": 32,"Disk Usage": 0},{"Worker Number": 3,"HashAgg Batches": 1,"Peak Memory Usage": 32,"Disk Usage": 0}],"Plans": [{"Node Type": "Seq Scan","Parent Relationship": "Outer","Parallel Aware": true,"Async Capable": false,"Relation Name": "lineitem","Alias": "lineitem","Startup Cost": 0.00,"Total Cost": 131256.80,"Plan Rows": 1482034,"Plan Width": 25,"Actual Startup Time": 0.041,"Actual Total Time": 618.594,"Actual Rows": 1186531,"Actual Loops": 5,"Filter": "(l_shipdate <= '1998-09-11 00:00:00'::timestamp without time zone)","Rows Removed by Filter": 13712,"Workers": []}]}]}]}]},"Planning Time": 2.806,"Triggers": [],"Execution Time": 1683.749}]
[{"Plan": {"Node Type": "Aggregate","Strategy": "Sorted","Partial Mode": "Finalize","Parallel Aware": false,"Async Capable": false,"Startup Cost": 183712.49,"Total Cost": 183716.31,"Plan Rows": 6,"Plan Width": 236,"Actual Startup Time": 1630.342,"Actual Total Time": 1664.480,"Actual Rows": 4,"Actual Loops": 1,"Group Key": ["l_returnflag", "l_linestatus"],"Plans": [{"Node Type": "Gather Merge","Parent Relationship": "Outer","Parallel Aware": false,"Async Capable": false,"Startup Cost": 183712.49,"Total Cost": 183715.37,"Plan Rows": 24,"Plan Width": 236,"Actual Startup Time": 1630.278,"Actual Total Time": 1664.377,"Actual Rows": 20,"Actual Loops": 1,"Workers Planned": 4,"Workers Launched": 4,"Plans": [{"Node Type": "Sort","Parent Relationship": "Outer","Parallel Aware": false,"Async Capable": false,"Startup Cost": 182712.43,"Total Cost": 182712.45,"Plan Rows": 6,"Plan Width": 236,"Actual Startup Time": 1622.558,"Actual Total Time": 1622.562,"Actual Rows": 4,"Actual Loops": 5,"Sort Key": ["l_returnflag", "l_linestatus"],"Sort Method": "quicksort","Sort Space Used": 27,"Sort Space Type": "Memory","Workers": [{"Worker Number": 0,"Sort Method": "quicksort","Sort Space Used": 27,"Sort Space Type": "Memory"},{"Worker Number": 1,"Sort Method": "quicksort","Sort Space Used": 27,"Sort Space Type": "Memory"},{"Worker Number": 2,"Sort Method": "quicksort","Sort Space Used": 27,"Sort Space Type": "Memory"},{"Worker Number": 3,"Sort Method": "quicksort","Sort Space Used": 27,"Sort Space Type": "Memory"}],"Plans": [{"Node Type": "Aggregate","Strategy": "Hashed","Partial Mode": "Partial","Parent Relationship": "Outer","Parallel Aware": false,"Async Capable": false,"Startup Cost": 182712.22,"Total Cost": 182712.36,"Plan Rows": 6,"Plan Width": 236,"Actual Startup Time": 1622.442,"Actual Total Time": 1622.451,"Actual Rows": 4,"Actual Loops": 5,"Group Key": ["l_returnflag", "l_linestatus"],"Planned Partitions": 0,"HashAgg Batches": 1,"Peak Memory Usage": 32,"Disk Usage": 0,"Workers": [{"Worker Number": 0,"HashAgg Batches": 1,"Peak Memory Usage": 32,"Disk Usage": 0},{"Worker Number": 1,"HashAgg Batches": 1,"Peak Memory Usage": 32,"Disk Usage": 0},{"Worker Number": 2,"HashAgg Batches": 1,"Peak Memory Usage": 32,"Disk Usage": 0},{"Worker Number": 3,"HashAgg Batches": 1,"Peak Memory Usage": 32,"Disk Usage": 0}],"Plans": [{"Node Type": "Seq Scan","Parent Relationship": "Outer","Parallel Aware": true,"Async Capable": false,"Relation Name": "lineitem","Alias": "lineitem","Startup Cost": 0.00,"Total Cost": 131256.80,"Plan Rows": 1470155,"Plan Width": 25,"Actual Startup Time": 0.046,"Actual Total Time": 613.406,"Actual Rows": 1175926,"Actual Loops": 5,"Filter": "(l_shipdate <= '1998-08-15 00:00:00'::timestamp without time zone)","Rows Removed by Filter": 24317,"Workers": []}]}]}]}]},"Planning Time": 2.534,"Triggers": [],"Execution Time": 1664.859}]
[{"Plan": {"Node Type": "Aggregate","Strategy": "Sorted","Partial Mode": "Finalize","Parallel Aware": false,"Async Capable": false,"Startup Cost": 184292.58,"Total Cost": 184296.40,"Plan Rows": 6,"Plan Width": 236,"Actual Startup Time": 1633.594,"Actual Total Time": 1667.041,"Actual Rows": 4,"Actual Loops": 1,"Group Key": ["l_returnflag", "l_linestatus"],"Plans": [{"Node Type": "Gather Merge","Parent Relationship": "Outer","Parallel Aware": false,"Async Capable": false,"Startup Cost": 184292.58,"Total Cost": 184295.46,"Plan Rows": 24,"Plan Width": 236,"Actual Startup Time": 1633.506,"Actual Total Time": 1666.927,"Actual Rows": 20,"Actual Loops": 1,"Workers Planned": 4,"Workers Launched": 4,"Plans": [{"Node Type": "Sort","Parent Relationship": "Outer","Parallel Aware": false,"Async Capable": false,"Startup Cost": 183292.52,"Total Cost": 183292.54,"Plan Rows": 6,"Plan Width": 236,"Actual Startup Time": 1625.739,"Actual Total Time": 1625.743,"Actual Rows": 4,"Actual Loops": 5,"Sort Key": ["l_returnflag", "l_linestatus"],"Sort Method": "quicksort","Sort Space Used": 27,"Sort Space Type": "Memory","Workers": [{"Worker Number": 0,"Sort Method": "quicksort","Sort Space Used": 27,"Sort Space Type": "Memory"},{"Worker Number": 1,"Sort Method": "quicksort","Sort Space Used": 27,"Sort Space Type": "Memory"},{"Worker Number": 2,"Sort Method": "quicksort","Sort Space Used": 27,"Sort Space Type": "Memory"},{"Worker Number": 3,"Sort Method": "quicksort","Sort Space Used": 27,"Sort Space Type": "Memory"}],"Plans": [{"Node Type": "Aggregate","Strategy": "Hashed","Partial Mode": "Partial","Parent Relationship": "Outer","Parallel Aware": false,"Async Capable": false,"Startup Cost": 183292.31,"Total Cost": 183292.45,"Plan Rows": 6,"Plan Width": 236,"Actual Startup Time": 1625.630,"Actual Total Time": 1625.638,"Actual Rows": 4,"Actual Loops": 5,"Group Key": ["l_returnflag", "l_linestatus"],"Planned Partitions": 0,"HashAgg Batches": 1,"Peak Memory Usage": 32,"Disk Usage": 0,"Workers": [{"Worker Number": 0,"HashAgg Batches": 1,"Peak Memory Usage": 32,"Disk Usage": 0},{"Worker Number": 1,"HashAgg Batches": 1,"Peak Memory Usage": 32,"Disk Usage": 0},{"Worker Number": 2,"HashAgg Batches": 1,"Peak Memory Usage": 32,"Disk Usage": 0},{"Worker Number": 3,"HashAgg Batches": 1,"Peak Memory Usage": 32,"Disk Usage": 0}],"Plans": [{"Node Type": "Seq Scan","Parent Relationship": "Outer","Parallel Aware": true,"Async Capable": false,"Relation Name": "lineitem","Alias": "lineitem","Startup Cost": 0.00,"Total Cost": 131256.80,"Plan Rows": 1486729,"Plan Width": 25,"Actual Startup Time": 0.041,"Actual Total Time": 605.239,"Actual Rows": 1190833,"Actual Loops": 5,"Filter": "(l_shipdate <= '1998-09-25 00:00:00'::timestamp without time zone)","Rows Removed by Filter": 9410,"Workers": []}]}]}]}]},"Planning Time": 2.948,"Triggers": [],"Execution Time": 1667.404}]
[{"Plan": {"Node Type": "Aggregate","Strategy": "Sorted","Partial Mode": "Finalize","Parallel Aware": false,"Async Capable": false,"Startup Cost": 184143.48,"Total Cost": 184147.30,"Plan Rows": 6,"Plan Width": 236,"Actual Startup Time": 1626.444,"Actual Total Time": 1660.907,"Actual Rows": 4,"Actual Loops": 1,"Group Key": ["l_returnflag", "l_linestatus"],"Plans": [{"Node Type": "Gather Merge","Parent Relationship": "Outer","Parallel Aware": false,"Async Capable": false,"Startup Cost": 184143.48,"Total Cost": 184146.36,"Plan Rows": 24,"Plan Width": 236,"Actual Startup Time": 1626.358,"Actual Total Time": 1660.800,"Actual Rows": 20,"Actual Loops": 1,"Workers Planned": 4,"Workers Launched": 4,"Plans": [{"Node Type": "Sort","Parent Relationship": "Outer","Parallel Aware": false,"Async Capable": false,"Startup Cost": 183143.42,"Total Cost": 183143.44,"Plan Rows": 6,"Plan Width": 236,"Actual Startup Time": 1618.434,"Actual Total Time": 1618.440,"Actual Rows": 4,"Actual Loops": 5,"Sort Key": ["l_returnflag", "l_linestatus"],"Sort Method": "quicksort","Sort Space Used": 27,"Sort Space Type": "Memory","Workers": [{"Worker Number": 0,"Sort Method": "quicksort","Sort Space Used": 27,"Sort Space Type": "Memory"},{"Worker Number": 1,"Sort Method": "quicksort","Sort Space Used": 27,"Sort Space Type": "Memory"},{"Worker Number": 2,"Sort Method": "quicksort","Sort Space Used": 27,"Sort Space Type": "Memory"},{"Worker Number": 3,"Sort Method": "quicksort","Sort Space Used": 27,"Sort Space Type": "Memory"}],"Plans": [{"Node Type": "Aggregate","Strategy": "Hashed","Partial Mode": "Partial","Parent Relationship": "Outer","Parallel Aware": false,"Async Capable": false,"Startup Cost": 183143.21,"Total Cost": 183143.35,"Plan Rows": 6,"Plan Width": 236,"Actual Startup Time": 1618.337,"Actual Total Time": 1618.346,"Actual Rows": 4,"Actual Loops": 5,"Group Key": ["l_returnflag", "l_linestatus"],"Planned Partitions": 0,"HashAgg Batches": 1,"Peak Memory Usage": 32,"Disk Usage": 0,"Workers": [{"Worker Number": 0,"HashAgg Batches": 1,"Peak Memory Usage": 32,"Disk Usage": 0},{"Worker Number": 1,"HashAgg Batches": 1,"Peak Memory Usage": 32,"Disk Usage": 0},{"Worker Number": 2,"HashAgg Batches": 1,"Peak Memory Usage": 32,"Disk Usage": 0},{"Worker Number": 3,"HashAgg Batches": 1,"Peak Memory Usage": 32,"Disk Usage": 0}],"Plans": [{"Node Type": "Seq Scan","Parent Relationship": "Outer","Parallel Aware": true,"Async Capable": false,"Relation Name": "lineitem","Alias": "lineitem","Startup Cost": 0.00,"Total Cost": 131256.80,"Plan Rows": 1482469,"Plan Width": 25,"Actual Startup Time": 0.037,"Actual Total Time": 601.337,"Actual Rows": 1186872,"Actual Loops": 5,"Filter": "(l_shipdate <= '1998-09-12 00:00:00'::timestamp without time zone)","Rows Removed by Filter": 13371,"Workers": []}]}]}]}]},"Planning Time": 3.114,"Triggers": [],"Execution Time": 1661.349}]
[{"Plan": {"Node Type": "Aggregate","Strategy": "Sorted","Partial Mode": "Finalize","Parallel Aware": false,"Async Capable": false,"Startup Cost": 183899.88,"Total Cost": 183903.70,"Plan Rows": 6,"Plan Width": 236,"Actual Startup Time": 1631.667,"Actual Total Time": 1664.196,"Actual Rows": 4,"Actual Loops": 1,"Group Key": ["l_returnflag", "l_linestatus"],"Plans": [{"Node Type": "Gather Merge","Parent Relationship": "Outer","Parallel Aware": false,"Async Capable": false,"Startup Cost": 183899.88,"Total Cost": 183902.76,"Plan Rows": 24,"Plan Width": 236,"Actual Startup Time": 1631.585,"Actual Total Time": 1664.073,"Actual Rows": 20,"Actual Loops": 1,"Workers Planned": 4,"Workers Launched": 4,"Plans": [{"Node Type": "Sort","Parent Relationship": "Outer","Parallel Aware": false,"Async Capable": false,"Startup Cost": 182899.82,"Total Cost": 182899.84,"Plan Rows": 6,"Plan Width": 236,"Actual Startup Time": 1623.935,"Actual Total Time": 1623.946,"Actual Rows": 4,"Actual Loops": 5,"Sort Key": ["l_returnflag", "l_linestatus"],"Sort Method": "quicksort","Sort Space Used": 27,"Sort Space Type": "Memory","Workers": [{"Worker Number": 0,"Sort Method": "quicksort","Sort Space Used": 27,"Sort Space Type": "Memory"},{"Worker Number": 1,"Sort Method": "quicksort","Sort Space Used": 27,"Sort Space Type": "Memory"},{"Worker Number": 2,"Sort Method": "quicksort","Sort Space Used": 27,"Sort Space Type": "Memory"},{"Worker Number": 3,"Sort Method": "quicksort","Sort Space Used": 27,"Sort Space Type": "Memory"}],"Plans": [{"Node Type": "Aggregate","Strategy": "Hashed","Partial Mode": "Partial","Parent Relationship": "Outer","Parallel Aware": false,"Async Capable": false,"Startup Cost": 182899.61,"Total Cost": 182899.75,"Plan Rows": 6,"Plan Width": 236,"Actual Startup Time": 1623.729,"Actual Total Time": 1623.744,"Actual Rows": 4,"Actual Loops": 5,"Group Key": ["l_returnflag", "l_linestatus"],"Planned Partitions": 0,"HashAgg Batches": 1,"Peak Memory Usage": 32,"Disk Usage": 0,"Workers": [{"Worker Number": 0,"HashAgg Batches": 1,"Peak Memory Usage": 32,"Disk Usage": 0},{"Worker Number": 1,"HashAgg Batches": 1,"Peak Memory Usage": 32,"Disk Usage": 0},{"Worker Number": 2,"HashAgg Batches": 1,"Peak Memory Usage": 32,"Disk Usage": 0},{"Worker Number": 3,"HashAgg Batches": 1,"Peak Memory Usage": 32,"Disk Usage": 0}],"Plans": [{"Node Type": "Seq Scan","Parent Relationship": "Outer","Parallel Aware": true,"Async Capable": false,"Relation Name": "lineitem","Alias": "lineitem","Startup Cost": 0.00,"Total Cost": 131256.80,"Plan Rows": 1475509,"Plan Width": 25,"Actual Startup Time": 0.043,"Actual Total Time": 609.151,"Actual Rows": 1181003,"Actual Loops": 5,"Filter": "(l_shipdate <= '1998-08-27 00:00:00'::timestamp without time zone)","Rows Removed by Filter": 19240,"Workers": []}]}]}]}]},"Planning Time": 2.796,"Triggers": [],"Execution Time": 1664.547}]
[{"Plan": {"Node Type": "Aggregate","Strategy": "Sorted","Partial Mode": "Finalize","Parallel Aware": false,"Async Capable": false,"Startup Cost": 184113.03,"Total Cost": 184116.85,"Plan Rows": 6,"Plan Width": 236,"Actual Startup Time": 1626.286,"Actual Total Time": 1659.080,"Actual Rows": 4,"Actual Loops": 1,"Group Key": ["l_returnflag", "l_linestatus"],"Plans": [{"Node Type": "Gather Merge","Parent Relationship": "Outer","Parallel Aware": false,"Async Capable": false,"Startup Cost": 184113.03,"Total Cost": 184115.91,"Plan Rows": 24,"Plan Width": 236,"Actual Startup Time": 1626.211,"Actual Total Time": 1658.952,"Actual Rows": 20,"Actual Loops": 1,"Workers Planned": 4,"Workers Launched": 4,"Plans": [{"Node Type": "Sort","Parent Relationship": "Outer","Parallel Aware": false,"Async Capable": false,"Startup Cost": 183112.97,"Total Cost": 183112.99,"Plan Rows": 6,"Plan Width": 236,"Actual Startup Time": 1618.938,"Actual Total Time": 1618.943,"Actual Rows": 4,"Actual Loops": 5,"Sort Key": ["l_returnflag", "l_linestatus"],"Sort Method": "quicksort","Sort Space Used": 27,"Sort Space Type": "Memory","Workers": [{"Worker Number": 0,"Sort Method": "quicksort","Sort Space Used": 27,"Sort Space Type": "Memory"},{"Worker Number": 1,"Sort Method": "quicksort","Sort Space Used": 27,"Sort Space Type": "Memory"},{"Worker Number": 2,"Sort Method": "quicksort","Sort Space Used": 27,"Sort Space Type": "Memory"},{"Worker Number": 3,"Sort Method": "quicksort","Sort Space Used": 27,"Sort Space Type": "Memory"}],"Plans": [{"Node Type": "Aggregate","Strategy": "Hashed","Partial Mode": "Partial","Parent Relationship": "Outer","Parallel Aware": false,"Async Capable": false,"Startup Cost": 183112.76,"Total Cost": 183112.90,"Plan Rows": 6,"Plan Width": 236,"Actual Startup Time": 1618.825,"Actual Total Time": 1618.836,"Actual Rows": 4,"Actual Loops": 5,"Group Key": ["l_returnflag", "l_linestatus"],"Planned Partitions": 0,"HashAgg Batches": 1,"Peak Memory Usage": 32,"Disk Usage": 0,"Workers": [{"Worker Number": 0,"HashAgg Batches": 1,"Peak Memory Usage": 32,"Disk Usage": 0},{"Worker Number": 1,"HashAgg Batches": 1,"Peak Memory Usage": 32,"Disk Usage": 0},{"Worker Number": 2,"HashAgg Batches": 1,"Peak Memory Usage": 32,"Disk Usage": 0},{"Worker Number": 3,"HashAgg Batches": 1,"Peak Memory Usage": 32,"Disk Usage": 0}],"Plans": [{"Node Type": "Seq Scan","Parent Relationship": "Outer","Parallel Aware": true,"Async Capable": false,"Relation Name": "lineitem","Alias": "lineitem","Startup Cost": 0.00,"Total Cost": 131256.80,"Plan Rows": 1481599,"Plan Width": 25,"Actual Startup Time": 0.033,"Actual Total Time": 600.023,"Actual Rows": 1186191,"Actual Loops": 5,"Filter": "(l_shipdate <= '1998-09-10 00:00:00'::timestamp without time zone)","Rows Removed by Filter": 14052,"Workers": []}]}]}]}]},"Planning Time": 2.494,"Triggers": [],"Execution Time": 1659.387}]
[{"Plan": {"Node Type": "Aggregate","Strategy": "Sorted","Partial Mode": "Finalize","Parallel Aware": false,"Async Capable": false,"Startup Cost": 183593.04,"Total Cost": 183596.86,"Plan Rows": 6,"Plan Width": 236,"Actual Startup Time": 1626.635,"Actual Total Time": 1660.743,"Actual Rows": 4,"Actual Loops": 1,"Group Key": ["l_returnflag", "l_linestatus"],"Plans": [{"Node Type": "Gather Merge","Parent Relationship": "Outer","Parallel Aware": false,"Async Capable": false,"Startup Cost": 183593.04,"Total Cost": 183595.91,"Plan Rows": 24,"Plan Width": 236,"Actual Startup Time": 1626.497,"Actual Total Time": 1660.589,"Actual Rows": 20,"Actual Loops": 1,"Workers Planned": 4,"Workers Launched": 4,"Plans": [{"Node Type": "Sort","Parent Relationship": "Outer","Parallel Aware": false,"Async Capable": false,"Startup Cost": 182592.98,"Total Cost": 182592.99,"Plan Rows": 6,"Plan Width": 236,"Actual Startup Time": 1618.685,"Actual Total Time": 1618.689,"Actual Rows": 4,"Actual Loops": 5,"Sort Key": ["l_returnflag", "l_linestatus"],"Sort Method": "quicksort","Sort Space Used": 27,"Sort Space Type": "Memory","Workers": [{"Worker Number": 0,"Sort Method": "quicksort","Sort Space Used": 27,"Sort Space Type": "Memory"},{"Worker Number": 1,"Sort Method": "quicksort","Sort Space Used": 27,"Sort Space Type": "Memory"},{"Worker Number": 2,"Sort Method": "quicksort","Sort Space Used": 27,"Sort Space Type": "Memory"},{"Worker Number": 3,"Sort Method": "quicksort","Sort Space Used": 27,"Sort Space Type": "Memory"}],"Plans": [{"Node Type": "Aggregate","Strategy": "Hashed","Partial Mode": "Partial","Parent Relationship": "Outer","Parallel Aware": false,"Async Capable": false,"Startup Cost": 182592.77,"Total Cost": 182592.90,"Plan Rows": 6,"Plan Width": 236,"Actual Startup Time": 1618.594,"Actual Total Time": 1618.602,"Actual Rows": 4,"Actual Loops": 5,"Group Key": ["l_returnflag", "l_linestatus"],"Planned Partitions": 0,"HashAgg Batches": 1,"Peak Memory Usage": 32,"Disk Usage": 0,"Workers": [{"Worker Number": 0,"HashAgg Batches": 1,"Peak Memory Usage": 32,"Disk Usage": 0},{"Worker Number": 1,"HashAgg Batches": 1,"Peak Memory Usage": 32,"Disk Usage": 0},{"Worker Number": 2,"HashAgg Batches": 1,"Peak Memory Usage": 32,"Disk Usage": 0},{"Worker Number": 3,"HashAgg Batches": 1,"Peak Memory Usage": 32,"Disk Usage": 0}],"Plans": [{"Node Type": "Seq Scan","Parent Relationship": "Outer","Parallel Aware": true,"Async Capable": false,"Relation Name": "lineitem","Alias": "lineitem","Startup Cost": 0.00,"Total Cost": 131256.80,"Plan Rows": 1466742,"Plan Width": 25,"Actual Startup Time": 0.037,"Actual Total Time": 612.013,"Actual Rows": 1173110,"Actual Loops": 5,"Filter": "(l_shipdate <= '1998-08-09 00:00:00'::timestamp without time zone)","Rows Removed by Filter": 27133,"Workers": []}]}]}]}]},"Planning Time": 3.212,"Triggers": [],"Execution Time": 1661.179}]
[{"Plan": {"Node Type": "Aggregate","Strategy": "Sorted","Partial Mode": "Finalize","Parallel Aware": false,"Async Capable": false,"Startup Cost": 183747.63,"Total Cost": 183751.45,"Plan Rows": 6,"Plan Width": 236,"Actual Startup Time": 1617.442,"Actual Total Time": 1650.246,"Actual Rows": 4,"Actual Loops": 1,"Group Key": ["l_returnflag", "l_linestatus"],"Plans": [{"Node Type": "Gather Merge","Parent Relationship": "Outer","Parallel Aware": false,"Async Capable": false,"Startup Cost": 183747.63,"Total Cost": 183750.51,"Plan Rows": 24,"Plan Width": 236,"Actual Startup Time": 1617.370,"Actual Total Time": 1650.147,"Actual Rows": 20,"Actual Loops": 1,"Workers Planned": 4,"Workers Launched": 4,"Plans": [{"Node Type": "Sort","Parent Relationship": "Outer","Parallel Aware": false,"Async Capable": false,"Startup Cost": 182747.57,"Total Cost": 182747.59,"Plan Rows": 6,"Plan Width": 236,"Actual Startup Time": 1609.546,"Actual Total Time": 1609.553,"Actual Rows": 4,"Actual Loops": 5,"Sort Key": ["l_returnflag", "l_linestatus"],"Sort Method": "quicksort","Sort Space Used": 27,"Sort Space Type": "Memory","Workers": [{"Worker Number": 0,"Sort Method": "quicksort","Sort Space Used": 27,"Sort Space Type": "Memory"},{"Worker Number": 1,"Sort Method": "quicksort","Sort Space Used": 27,"Sort Space Type": "Memory"},{"Worker Number": 2,"Sort Method": "quicksort","Sort Space Used": 27,"Sort Space Type": "Memory"},{"Worker Number": 3,"Sort Method": "quicksort","Sort Space Used": 27,"Sort Space Type": "Memory"}],"Plans": [{"Node Type": "Aggregate","Strategy": "Hashed","Partial Mode": "Partial","Parent Relationship": "Outer","Parallel Aware": false,"Async Capable": false,"Startup Cost": 182747.36,"Total Cost": 182747.50,"Plan Rows": 6,"Plan Width": 236,"Actual Startup Time": 1609.431,"Actual Total Time": 1609.444,"Actual Rows": 4,"Actual Loops": 5,"Group Key": ["l_returnflag", "l_linestatus"],"Planned Partitions": 0,"HashAgg Batches": 1,"Peak Memory Usage": 32,"Disk Usage": 0,"Workers": [{"Worker Number": 0,"HashAgg Batches": 1,"Peak Memory Usage": 32,"Disk Usage": 0},{"Worker Number": 1,"HashAgg Batches": 1,"Peak Memory Usage": 32,"Disk Usage": 0},{"Worker Number": 2,"HashAgg Batches": 1,"Peak Memory Usage": 32,"Disk Usage": 0},{"Worker Number": 3,"HashAgg Batches": 1,"Peak Memory Usage": 32,"Disk Usage": 0}],"Plans": [{"Node Type": "Seq Scan","Parent Relationship": "Outer","Parallel Aware": true,"Async Capable": false,"Relation Name": "lineitem","Alias": "lineitem","Startup Cost": 0.00,"Total Cost": 131256.80,"Plan Rows": 1471159,"Plan Width": 25,"Actual Startup Time": 0.038,"Actual Total Time": 600.325,"Actual Rows": 1176807,"Actual Loops": 5,"Filter": "(l_shipdate <= '1998-08-17 00:00:00'::timestamp without time zone)","Rows Removed by Filter": 23436,"Workers": []}]}]}]}]},"Planning Time": 3.488,"Triggers": [],"Execution Time": 1650.549}]
[{"Plan": {"Node Type": "Aggregate","Strategy": "Sorted","Partial Mode": "Finalize","Parallel Aware": false,"Async Capable": false,"Startup Cost": 183838.98,"Total Cost": 183842.80,"Plan Rows": 6,"Plan Width": 236,"Actual Startup Time": 1639.650,"Actual Total Time": 1673.848,"Actual Rows": 4,"Actual Loops": 1,"Group Key": ["l_returnflag", "l_linestatus"],"Plans": [{"Node Type": "Gather Merge","Parent Relationship": "Outer","Parallel Aware": false,"Async Capable": false,"Startup Cost": 183838.98,"Total Cost": 183841.86,"Plan Rows": 24,"Plan Width": 236,"Actual Startup Time": 1639.575,"Actual Total Time": 1673.737,"Actual Rows": 20,"Actual Loops": 1,"Workers Planned": 4,"Workers Launched": 4,"Plans": [{"Node Type": "Sort","Parent Relationship": "Outer","Parallel Aware": false,"Async Capable": false,"Startup Cost": 182838.92,"Total Cost": 182838.94,"Plan Rows": 6,"Plan Width": 236,"Actual Startup Time": 1631.806,"Actual Total Time": 1631.813,"Actual Rows": 4,"Actual Loops": 5,"Sort Key": ["l_returnflag", "l_linestatus"],"Sort Method": "quicksort","Sort Space Used": 27,"Sort Space Type": "Memory","Workers": [{"Worker Number": 0,"Sort Method": "quicksort","Sort Space Used": 27,"Sort Space Type": "Memory"},{"Worker Number": 1,"Sort Method": "quicksort","Sort Space Used": 27,"Sort Space Type": "Memory"},{"Worker Number": 2,"Sort Method": "quicksort","Sort Space Used": 27,"Sort Space Type": "Memory"},{"Worker Number": 3,"Sort Method": "quicksort","Sort Space Used": 27,"Sort Space Type": "Memory"}],"Plans": [{"Node Type": "Aggregate","Strategy": "Hashed","Partial Mode": "Partial","Parent Relationship": "Outer","Parallel Aware": false,"Async Capable": false,"Startup Cost": 182838.71,"Total Cost": 182838.85,"Plan Rows": 6,"Plan Width": 236,"Actual Startup Time": 1631.677,"Actual Total Time": 1631.690,"Actual Rows": 4,"Actual Loops": 5,"Group Key": ["l_returnflag", "l_linestatus"],"Planned Partitions": 0,"HashAgg Batches": 1,"Peak Memory Usage": 32,"Disk Usage": 0,"Workers": [{"Worker Number": 0,"HashAgg Batches": 1,"Peak Memory Usage": 32,"Disk Usage": 0},{"Worker Number": 1,"HashAgg Batches": 1,"Peak Memory Usage": 32,"Disk Usage": 0},{"Worker Number": 2,"HashAgg Batches": 1,"Peak Memory Usage": 32,"Disk Usage": 0},{"Worker Number": 3,"HashAgg Batches": 1,"Peak Memory Usage": 32,"Disk Usage": 0}],"Plans": [{"Node Type": "Seq Scan","Parent Relationship": "Outer","Parallel Aware": true,"Async Capable": false,"Relation Name": "lineitem","Alias": "lineitem","Startup Cost": 0.00,"Total Cost": 131256.80,"Plan Rows": 1473769,"Plan Width": 25,"Actual Startup Time": 0.045,"Actual Total Time": 617.011,"Actual Rows": 1179363,"Actual Loops": 5,"Filter": "(l_shipdate <= '1998-08-23 00:00:00'::timestamp without time zone)","Rows Removed by Filter": 20880,"Workers": []}]}]}]}]},"Planning Time": 3.143,"Triggers": [],"Execution Time": 1674.117}]
[{"Plan": {"Node Type": "Aggregate","Strategy": "Sorted","Partial Mode": "Finalize","Parallel Aware": false,"Async Capable": false,"Startup Cost": 183612.95,"Total Cost": 183616.77,"Plan Rows": 6,"Plan Width": 236,"Actual Startup Time": 1638.871,"Actual Total Time": 1672.616,"Actual Rows": 4,"Actual Loops": 1,"Group Key": ["l_returnflag", "l_linestatus"],"Plans": [{"Node Type": "Gather Merge","Parent Relationship": "Outer","Parallel Aware": false,"Async Capable": false,"Startup Cost": 183612.95,"Total Cost": 183615.83,"Plan Rows": 24,"Plan Width": 236,"Actual Startup Time": 1638.797,"Actual Total Time": 1672.514,"Actual Rows": 20,"Actual Loops": 1,"Workers Planned": 4,"Workers Launched": 4,"Plans": [{"Node Type": "Sort","Parent Relationship": "Outer","Parallel Aware": false,"Async Capable": false,"Startup Cost": 182612.89,"Total Cost": 182612.91,"Plan Rows": 6,"Plan Width": 236,"Actual Startup Time": 1630.744,"Actual Total Time": 1630.751,"Actual Rows": 4,"Actual Loops": 5,"Sort Key": ["l_returnflag", "l_linestatus"],"Sort Method": "quicksort","Sort Space Used": 27,"Sort Space Type": "Memory","Workers": [{"Worker Number": 0,"Sort Method": "quicksort","Sort Space Used": 27,"Sort Space Type": "Memory"},{"Worker Number": 1,"Sort Method": "quicksort","Sort Space Used": 27,"Sort Space Type": "Memory"},{"Worker Number": 2,"Sort Method": "quicksort","Sort Space Used": 27,"Sort Space Type": "Memory"},{"Worker Number": 3,"Sort Method": "quicksort","Sort Space Used": 27,"Sort Space Type": "Memory"}],"Plans": [{"Node Type": "Aggregate","Strategy": "Hashed","Partial Mode": "Partial","Parent Relationship": "Outer","Parallel Aware": false,"Async Capable": false,"Startup Cost": 182612.68,"Total Cost": 182612.82,"Plan Rows": 6,"Plan Width": 236,"Actual Startup Time": 1630.518,"Actual Total Time": 1630.530,"Actual Rows": 4,"Actual Loops": 5,"Group Key": ["l_returnflag", "l_linestatus"],"Planned Partitions": 0,"HashAgg Batches": 1,"Peak Memory Usage": 32,"Disk Usage": 0,"Workers": [{"Worker Number": 0,"HashAgg Batches": 1,"Peak Memory Usage": 32,"Disk Usage": 0},{"Worker Number": 1,"HashAgg Batches": 1,"Peak Memory Usage": 32,"Disk Usage": 0},{"Worker Number": 2,"HashAgg Batches": 1,"Peak Memory Usage": 32,"Disk Usage": 0},{"Worker Number": 3,"HashAgg Batches": 1,"Peak Memory Usage": 32,"Disk Usage": 0}],"Plans": [{"Node Type": "Seq Scan","Parent Relationship": "Outer","Parallel Aware": true,"Async Capable": false,"Relation Name": "lineitem","Alias": "lineitem","Startup Cost": 0.00,"Total Cost": 131256.80,"Plan Rows": 1467311,"Plan Width": 25,"Actual Startup Time": 0.045,"Actual Total Time": 621.213,"Actual Rows": 1173591,"Actual Loops": 5,"Filter": "(l_shipdate <= '1998-08-10 00:00:00'::timestamp without time zone)","Rows Removed by Filter": 26652,"Workers": []}]}]}]}]},"Planning Time": 3.248,"Triggers": [],"Execution Time": 1673.047}]
[{"Plan": {"Node Type": "Aggregate","Strategy": "Sorted","Partial Mode": "Finalize","Parallel Aware": false,"Async Capable": false,"Startup Cost": 184021.68,"Total Cost": 184025.50,"Plan Rows": 6,"Plan Width": 236,"Actual Startup Time": 1618.994,"Actual Total Time": 1651.452,"Actual Rows": 4,"Actual Loops": 1,"Group Key": ["l_returnflag", "l_linestatus"],"Plans": [{"Node Type": "Gather Merge","Parent Relationship": "Outer","Parallel Aware": false,"Async Capable": false,"Startup Cost": 184021.68,"Total Cost": 184024.56,"Plan Rows": 24,"Plan Width": 236,"Actual Startup Time": 1618.907,"Actual Total Time": 1651.331,"Actual Rows": 20,"Actual Loops": 1,"Workers Planned": 4,"Workers Launched": 4,"Plans": [{"Node Type": "Sort","Parent Relationship": "Outer","Parallel Aware": false,"Async Capable": false,"Startup Cost": 183021.62,"Total Cost": 183021.64,"Plan Rows": 6,"Plan Width": 236,"Actual Startup Time": 1611.315,"Actual Total Time": 1611.318,"Actual Rows": 4,"Actual Loops": 5,"Sort Key": ["l_returnflag", "l_linestatus"],"Sort Method": "quicksort","Sort Space Used": 27,"Sort Space Type": "Memory","Workers": [{"Worker Number": 0,"Sort Method": "quicksort","Sort Space Used": 27,"Sort Space Type": "Memory"},{"Worker Number": 1,"Sort Method": "quicksort","Sort Space Used": 27,"Sort Space Type": "Memory"},{"Worker Number": 2,"Sort Method": "quicksort","Sort Space Used": 27,"Sort Space Type": "Memory"},{"Worker Number": 3,"Sort Method": "quicksort","Sort Space Used": 27,"Sort Space Type": "Memory"}],"Plans": [{"Node Type": "Aggregate","Strategy": "Hashed","Partial Mode": "Partial","Parent Relationship": "Outer","Parallel Aware": false,"Async Capable": false,"Startup Cost": 183021.41,"Total Cost": 183021.55,"Plan Rows": 6,"Plan Width": 236,"Actual Startup Time": 1611.089,"Actual Total Time": 1611.097,"Actual Rows": 4,"Actual Loops": 5,"Group Key": ["l_returnflag", "l_linestatus"],"Planned Partitions": 0,"HashAgg Batches": 1,"Peak Memory Usage": 32,"Disk Usage": 0,"Workers": [{"Worker Number": 0,"HashAgg Batches": 1,"Peak Memory Usage": 32,"Disk Usage": 0},{"Worker Number": 1,"HashAgg Batches": 1,"Peak Memory Usage": 32,"Disk Usage": 0},{"Worker Number": 2,"HashAgg Batches": 1,"Peak Memory Usage": 32,"Disk Usage": 0},{"Worker Number": 3,"HashAgg Batches": 1,"Peak Memory Usage": 32,"Disk Usage": 0}],"Plans": [{"Node Type": "Seq Scan","Parent Relationship": "Outer","Parallel Aware": true,"Async Capable": false,"Relation Name": "lineitem","Alias": "lineitem","Startup Cost": 0.00,"Total Cost": 131256.80,"Plan Rows": 1478989,"Plan Width": 25,"Actual Startup Time": 0.039,"Actual Total Time": 596.159,"Actual Rows": 1184062,"Actual Loops": 5,"Filter": "(l_shipdate <= '1998-09-04 00:00:00'::timestamp without time zone)","Rows Removed by Filter": 16181,"Workers": []}]}]}]}]},"Planning Time": 2.929,"Triggers": [],"Execution Time": 1651.788}]
[{"Plan": {"Node Type": "Aggregate","Strategy": "Sorted","Partial Mode": "Finalize","Parallel Aware": false,"Async Capable": false,"Startup Cost": 183712.49,"Total Cost": 183716.31,"Plan Rows": 6,"Plan Width": 236,"Actual Startup Time": 1630.342,"Actual Total Time": 1664.480,"Actual Rows": 4,"Actual Loops": 1,"Group Key": ["l_returnflag", "l_linestatus"],"Plans": [{"Node Type": "Gather Merge","Parent Relationship": "Outer","Parallel Aware": false,"Async Capable": false,"Startup Cost": 183712.49,"Total Cost": 183715.37,"Plan Rows": 24,"Plan Width": 236,"Actual Startup Time": 1630.278,"Actual Total Time": 1664.377,"Actual Rows": 20,"Actual Loops": 1,"Workers Planned": 4,"Workers Launched": 4,"Plans": [{"Node Type": "Sort","Parent Relationship": "Outer","Parallel Aware": false,"Async Capable": false,"Startup Cost": 182712.43,"Total Cost": 182712.45,"Plan Rows": 6,"Plan Width": 236,"Actual Startup Time": 1622.558,"Actual Total Time": 1622.562,"Actual Rows": 4,"Actual Loops": 5,"Sort Key": ["l_returnflag", "l_linestatus"],"Sort Method": "quicksort","Sort Space Used": 27,"Sort Space Type": "Memory","Workers": [{"Worker Number": 0,"Sort Method": "quicksort","Sort Space Used": 27,"Sort Space Type": "Memory"},{"Worker Number": 1,"Sort Method": "quicksort","Sort Space Used": 27,"Sort Space Type": "Memory"},{"Worker Number": 2,"Sort Method": "quicksort","Sort Space Used": 27,"Sort Space Type": "Memory"},{"Worker Number": 3,"Sort Method": "quicksort","Sort Space Used": 27,"Sort Space Type": "Memory"}],"Plans": [{"Node Type": "Aggregate","Strategy": "Hashed","Partial Mode": "Partial","Parent Relationship": "Outer","Parallel Aware": false,"Async Capable": false,"Startup Cost": 182712.22,"Total Cost": 182712.36,"Plan Rows": 6,"Plan Width": 236,"Actual Startup Time": 1622.442,"Actual Total Time": 1622.451,"Actual Rows": 4,"Actual Loops": 5,"Group Key": ["l_returnflag", "l_linestatus"],"Planned Partitions": 0,"HashAgg Batches": 1,"Peak Memory Usage": 32,"Disk Usage": 0,"Workers": [{"Worker Number": 0,"HashAgg Batches": 1,"Peak Memory Usage": 32,"Disk Usage": 0},{"Worker Number": 1,"HashAgg Batches": 1,"Peak Memory Usage": 32,"Disk Usage": 0},{"Worker Number": 2,"HashAgg Batches": 1,"Peak Memory Usage": 32,"Disk Usage": 0},{"Worker Number": 3,"HashAgg Batches": 1,"Peak Memory Usage": 32,"Disk Usage": 0}],"Plans": [{"Node Type": "Seq Scan","Parent Relationship": "Outer","Parallel Aware": true,"Async Capable": false,"Relation Name": "lineitem","Alias": "lineitem","Startup Cost": 0.00,"Total Cost": 131256.80,"Plan Rows": 1470155,"Plan Width": 25,"Actual Startup Time": 0.046,"Actual Total Time": 613.406,"Actual Rows": 1175926,"Actual Loops": 5,"Filter": "(l_shipdate <= '1998-08-15 00:00:00'::timestamp without time zone)","Rows Removed by Filter": 24317,"Workers": []}]}]}]}]},"Planning Time": 2.534,"Triggers": [],"Execution Time": 1664.859}]
[{"Plan": {"Node Type": "Aggregate","Strategy": "Sorted","Partial Mode": "Finalize","Parallel Aware": false,"Async Capable": false,"Startup Cost": 183593.04,"Total Cost": 183596.86,"Plan Rows": 6,"Plan Width": 236,"Actual Startup Time": 1626.635,"Actual Total Time": 1660.743,"Actual Rows": 4,"Actual Loops": 1,"Group Key": ["l_returnflag", "l_linestatus"],"Plans": [{"Node Type": "Gather Merge","Parent Relationship": "Outer","Parallel Aware": false,"Async Capable": false,"Startup Cost": 183593.04,"Total Cost": 183595.91,"Plan Rows": 24,"Plan Width": 236,"Actual Startup Time": 1626.497,"Actual Total Time": 1660.589,"Actual Rows": 20,"Actual Loops": 1,"Workers Planned": 4,"Workers Launched": 4,"Plans": [{"Node Type": "Sort","Parent Relationship": "Outer","Parallel Aware": false,"Async Capable": false,"Startup Cost": 182592.98,"Total Cost": 182592.99,"Plan Rows": 6,"Plan Width": 236,"Actual Startup Time": 1618.685,"Actual Total Time": 1618.689,"Actual Rows": 4,"Actual Loops": 5,"Sort Key": ["l_returnflag", "l_linestatus"],"Sort Method": "quicksort","Sort Space Used": 27,"Sort Space Type": "Memory","Workers": [{"Worker Number": 0,"Sort Method": "quicksort","Sort Space Used": 27,"Sort Space Type": "Memory"},{"Worker Number": 1,"Sort Method": "quicksort","Sort Space Used": 27,"Sort Space Type": "Memory"},{"Worker Number": 2,"Sort Method": "quicksort","Sort Space Used": 27,"Sort Space Type": "Memory"},{"Worker Number": 3,"Sort Method": "quicksort","Sort Space Used": 27,"Sort Space Type": "Memory"}],"Plans": [{"Node Type": "Aggregate","Strategy": "Hashed","Partial Mode": "Partial","Parent Relationship": "Outer","Parallel Aware": false,"Async Capable": false,"Startup Cost": 182592.77,"Total Cost": 182592.90,"Plan Rows": 6,"Plan Width": 236,"Actual Startup Time": 1618.594,"Actual Total Time": 1618.602,"Actual Rows": 4,"Actual Loops": 5,"Group Key": ["l_returnflag", "l_linestatus"],"Planned Partitions": 0,"HashAgg Batches": 1,"Peak Memory Usage": 32,"Disk Usage": 0,"Workers": [{"Worker Number": 0,"HashAgg Batches": 1,"Peak Memory Usage": 32,"Disk Usage": 0},{"Worker Number": 1,"HashAgg Batches": 1,"Peak Memory Usage": 32,"Disk Usage": 0},{"Worker Number": 2,"HashAgg Batches": 1,"Peak Memory Usage": 32,"Disk Usage": 0},{"Worker Number": 3,"HashAgg Batches": 1,"Peak Memory Usage": 32,"Disk Usage": 0}],"Plans": [{"Node Type": "Seq Scan","Parent Relationship": "Outer","Parallel Aware": true,"Async Capable": false,"Relation Name": "lineitem","Alias": "lineitem","Startup Cost": 0.00,"Total Cost": 131256.80,"Plan Rows": 1466742,"Plan Width": 25,"Actual Startup Time": 0.037,"Actual Total Time": 612.013,"Actual Rows": 1173110,"Actual Loops": 5,"Filter": "(l_shipdate <= '1998-08-09 00:00:00'::timestamp without time zone)","Rows Removed by Filter": 27133,"Workers": []}]}]}]}]},"Planning Time": 3.212,"Triggers": [],"Execution Time": 1661.179}]
[{"Plan": {"Node Type": "Aggregate","Strategy": "Sorted","Partial Mode": "Finalize","Parallel Aware": false,"Async Capable": false,"Startup Cost": 184173.93,"Total Cost": 184177.75,"Plan Rows": 6,"Plan Width": 236,"Actual Startup Time": 1644.533,"Actual Total Time": 1680.145,"Actual Rows": 4,"Actual Loops": 1,"Group Key": ["l_returnflag", "l_linestatus"],"Plans": [{"Node Type": "Gather Merge","Parent Relationship": "Outer","Parallel Aware": false,"Async Capable": false,"Startup Cost": 184173.93,"Total Cost": 184176.81,"Plan Rows": 24,"Plan Width": 236,"Actual Startup Time": 1644.414,"Actual Total Time": 1680.013,"Actual Rows": 20,"Actual Loops": 1,"Workers Planned": 4,"Workers Launched": 4,"Plans": [{"Node Type": "Sort","Parent Relationship": "Outer","Parallel Aware": false,"Async Capable": false,"Startup Cost": 183173.87,"Total Cost": 183173.89,"Plan Rows": 6,"Plan Width": 236,"Actual Startup Time": 1636.962,"Actual Total Time": 1636.966,"Actual Rows": 4,"Actual Loops": 5,"Sort Key": ["l_returnflag", "l_linestatus"],"Sort Method": "quicksort","Sort Space Used": 27,"Sort Space Type": "Memory","Workers": [{"Worker Number": 0,"Sort Method": "quicksort","Sort Space Used": 27,"Sort Space Type": "Memory"},{"Worker Number": 1,"Sort Method": "quicksort","Sort Space Used": 27,"Sort Space Type": "Memory"},{"Worker Number": 2,"Sort Method": "quicksort","Sort Space Used": 27,"Sort Space Type": "Memory"},{"Worker Number": 3,"Sort Method": "quicksort","Sort Space Used": 27,"Sort Space Type": "Memory"}],"Plans": [{"Node Type": "Aggregate","Strategy": "Hashed","Partial Mode": "Partial","Parent Relationship": "Outer","Parallel Aware": false,"Async Capable": false,"Startup Cost": 183173.66,"Total Cost": 183173.80,"Plan Rows": 6,"Plan Width": 236,"Actual Startup Time": 1636.864,"Actual Total Time": 1636.873,"Actual Rows": 4,"Actual Loops": 5,"Group Key": ["l_returnflag", "l_linestatus"],"Planned Partitions": 0,"HashAgg Batches": 1,"Peak Memory Usage": 32,"Disk Usage": 0,"Workers": [{"Worker Number": 0,"HashAgg Batches": 1,"Peak Memory Usage": 32,"Disk Usage": 0},{"Worker Number": 1,"HashAgg Batches": 1,"Peak Memory Usage": 32,"Disk Usage": 0},{"Worker Number": 2,"HashAgg Batches": 1,"Peak Memory Usage": 32,"Disk Usage": 0},{"Worker Number": 3,"HashAgg Batches": 1,"Peak Memory Usage": 32,"Disk Usage": 0}],"Plans": [{"Node Type": "Seq Scan","Parent Relationship": "Outer","Parallel Aware": true,"Async Capable": false,"Relation Name": "lineitem","Alias": "lineitem","Startup Cost": 0.00,"Total Cost": 131256.80,"Plan Rows": 1483339,"Plan Width": 25,"Actual Startup Time": 0.043,"Actual Total Time": 617.694,"Actual Rows": 1187554,"Actual Loops": 5,"Filter": "(l_shipdate <= '1998-09-14 00:00:00'::timestamp without time zone)","Rows Removed by Filter": 12689,"Workers": []}]}]}]}]},"Planning Time": 3.116,"Triggers": [],"Execution Time": 1680.478}]
[{"Plan": {"Node Type": "Aggregate","Strategy": "Sorted","Partial Mode": "Finalize","Parallel Aware": false,"Async Capable": false,"Startup Cost": 183991.23,"Total Cost": 183995.05,"Plan Rows": 6,"Plan Width": 236,"Actual Startup Time": 1639.156,"Actual Total Time": 1672.574,"Actual Rows": 4,"Actual Loops": 1,"Group Key": ["l_returnflag", "l_linestatus"],"Plans": [{"Node Type": "Gather Merge","Parent Relationship": "Outer","Parallel Aware": false,"Async Capable": false,"Startup Cost": 183991.23,"Total Cost": 183994.11,"Plan Rows": 24,"Plan Width": 236,"Actual Startup Time": 1639.083,"Actual Total Time": 1672.474,"Actual Rows": 20,"Actual Loops": 1,"Workers Planned": 4,"Workers Launched": 4,"Plans": [{"Node Type": "Sort","Parent Relationship": "Outer","Parallel Aware": false,"Async Capable": false,"Startup Cost": 182991.17,"Total Cost": 182991.19,"Plan Rows": 6,"Plan Width": 236,"Actual Startup Time": 1631.486,"Actual Total Time": 1631.494,"Actual Rows": 4,"Actual Loops": 5,"Sort Key": ["l_returnflag", "l_linestatus"],"Sort Method": "quicksort","Sort Space Used": 27,"Sort Space Type": "Memory","Workers": [{"Worker Number": 0,"Sort Method": "quicksort","Sort Space Used": 27,"Sort Space Type": "Memory"},{"Worker Number": 1,"Sort Method": "quicksort","Sort Space Used": 27,"Sort Space Type": "Memory"},{"Worker Number": 2,"Sort Method": "quicksort","Sort Space Used": 27,"Sort Space Type": "Memory"},{"Worker Number": 3,"Sort Method": "quicksort","Sort Space Used": 27,"Sort Space Type": "Memory"}],"Plans": [{"Node Type": "Aggregate","Strategy": "Hashed","Partial Mode": "Partial","Parent Relationship": "Outer","Parallel Aware": false,"Async Capable": false,"Startup Cost": 182990.96,"Total Cost": 182991.10,"Plan Rows": 6,"Plan Width": 236,"Actual Startup Time": 1631.371,"Actual Total Time": 1631.381,"Actual Rows": 4,"Actual Loops": 5,"Group Key": ["l_returnflag", "l_linestatus"],"Planned Partitions": 0,"HashAgg Batches": 1,"Peak Memory Usage": 32,"Disk Usage": 0,"Workers": [{"Worker Number": 0,"HashAgg Batches": 1,"Peak Memory Usage": 32,"Disk Usage": 0},{"Worker Number": 1,"HashAgg Batches": 1,"Peak Memory Usage": 32,"Disk Usage": 0},{"Worker Number": 2,"HashAgg Batches": 1,"Peak Memory Usage": 32,"Disk Usage": 0},{"Worker Number": 3,"HashAgg Batches": 1,"Peak Memory Usage": 32,"Disk Usage": 0}],"Plans": [{"Node Type": "Seq Scan","Parent Relationship": "Outer","Parallel Aware": true,"Async Capable": false,"Relation Name": "lineitem","Alias": "lineitem","Startup Cost": 0.00,"Total Cost": 131256.80,"Plan Rows": 1478119,"Plan Width": 25,"Actual Startup Time": 0.040,"Actual Total Time": 614.636,"Actual Rows": 1183318,"Actual Loops": 5,"Filter": "(l_shipdate <= '1998-09-02 00:00:00'::timestamp without time zone)","Rows Removed by Filter": 16925,"Workers": []}]}]}]}]},"Planning Time": 2.730,"Triggers": [],"Execution Time": 1672.922}]
[{"Plan": {"Node Type": "Aggregate","Strategy": "Sorted","Partial Mode": "Finalize","Parallel Aware": false,"Async Capable": false,"Startup Cost": 183778.08,"Total Cost": 183781.90,"Plan Rows": 6,"Plan Width": 236,"Actual Startup Time": 1629.845,"Actual Total Time": 1663.181,"Actual Rows": 4,"Actual Loops": 1,"Group Key": ["l_returnflag", "l_linestatus"],"Plans": [{"Node Type": "Gather Merge","Parent Relationship": "Outer","Parallel Aware": false,"Async Capable": false,"Startup Cost": 183778.08,"Total Cost": 183780.96,"Plan Rows": 24,"Plan Width": 236,"Actual Startup Time": 1629.762,"Actual Total Time": 1663.049,"Actual Rows": 20,"Actual Loops": 1,"Workers Planned": 4,"Workers Launched": 4,"Plans": [{"Node Type": "Sort","Parent Relationship": "Outer","Parallel Aware": false,"Async Capable": false,"Startup Cost": 182778.02,"Total Cost": 182778.04,"Plan Rows": 6,"Plan Width": 236,"Actual Startup Time": 1622.415,"Actual Total Time": 1622.418,"Actual Rows": 4,"Actual Loops": 5,"Sort Key": ["l_returnflag", "l_linestatus"],"Sort Method": "quicksort","Sort Space Used": 27,"Sort Space Type": "Memory","Workers": [{"Worker Number": 0,"Sort Method": "quicksort","Sort Space Used": 27,"Sort Space Type": "Memory"},{"Worker Number": 1,"Sort Method": "quicksort","Sort Space Used": 27,"Sort Space Type": "Memory"},{"Worker Number": 2,"Sort Method": "quicksort","Sort Space Used": 27,"Sort Space Type": "Memory"},{"Worker Number": 3,"Sort Method": "quicksort","Sort Space Used": 27,"Sort Space Type": "Memory"}],"Plans": [{"Node Type": "Aggregate","Strategy": "Hashed","Partial Mode": "Partial","Parent Relationship": "Outer","Parallel Aware": false,"Async Capable": false,"Startup Cost": 182777.81,"Total Cost": 182777.95,"Plan Rows": 6,"Plan Width": 236,"Actual Startup Time": 1622.311,"Actual Total Time": 1622.319,"Actual Rows": 4,"Actual Loops": 5,"Group Key": ["l_returnflag", "l_linestatus"],"Planned Partitions": 0,"HashAgg Batches": 1,"Peak Memory Usage": 32,"Disk Usage": 0,"Workers": [{"Worker Number": 0,"HashAgg Batches": 1,"Peak Memory Usage": 32,"Disk Usage": 0},{"Worker Number": 1,"HashAgg Batches": 1,"Peak Memory Usage": 32,"Disk Usage": 0},{"Worker Number": 2,"HashAgg Batches": 1,"Peak Memory Usage": 32,"Disk Usage": 0},{"Worker Number": 3,"HashAgg Batches": 1,"Peak Memory Usage": 32,"Disk Usage": 0}],"Plans": [{"Node Type": "Seq Scan","Parent Relationship": "Outer","Parallel Aware": true,"Async Capable": false,"Relation Name": "lineitem","Alias": "lineitem","Startup Cost": 0.00,"Total Cost": 131256.80,"Plan Rows": 1472029,"Plan Width": 25,"Actual Startup Time": 0.039,"Actual Total Time": 611.490,"Actual Rows": 1177690,"Actual Loops": 5,"Filter": "(l_shipdate <= '1998-08-19 00:00:00'::timestamp without time zone)","Rows Removed by Filter": 22553,"Workers": []}]}]}]}]},"Planning Time": 2.535,"Triggers": [],"Execution Time": 1663.520}]
[{"Plan": {"Node Type": "Aggregate","Strategy": "Sorted","Partial Mode": "Finalize","Parallel Aware": false,"Async Capable": false,"Startup Cost": 184278.41,"Total Cost": 184282.23,"Plan Rows": 6,"Plan Width": 236,"Actual Startup Time": 1657.585,"Actual Total Time": 1690.491,"Actual Rows": 4,"Actual Loops": 1,"Group Key": ["l_returnflag", "l_linestatus"],"Plans": [{"Node Type": "Gather Merge","Parent Relationship": "Outer","Parallel Aware": false,"Async Capable": false,"Startup Cost": 184278.41,"Total Cost": 184281.28,"Plan Rows": 24,"Plan Width": 236,"Actual Startup Time": 1657.498,"Actual Total Time": 1690.371,"Actual Rows": 20,"Actual Loops": 1,"Workers Planned": 4,"Workers Launched": 4,"Plans": [{"Node Type": "Sort","Parent Relationship": "Outer","Parallel Aware": false,"Async Capable": false,"Startup Cost": 183278.35,"Total Cost": 183278.36,"Plan Rows": 6,"Plan Width": 236,"Actual Startup Time": 1649.559,"Actual Total Time": 1649.565,"Actual Rows": 4,"Actual Loops": 5,"Sort Key": ["l_returnflag", "l_linestatus"],"Sort Method": "quicksort","Sort Space Used": 27,"Sort Space Type": "Memory","Workers": [{"Worker Number": 0,"Sort Method": "quicksort","Sort Space Used": 27,"Sort Space Type": "Memory"},{"Worker Number": 1,"Sort Method": "quicksort","Sort Space Used": 27,"Sort Space Type": "Memory"},{"Worker Number": 2,"Sort Method": "quicksort","Sort Space Used": 27,"Sort Space Type": "Memory"},{"Worker Number": 3,"Sort Method": "quicksort","Sort Space Used": 27,"Sort Space Type": "Memory"}],"Plans": [{"Node Type": "Aggregate","Strategy": "Hashed","Partial Mode": "Partial","Parent Relationship": "Outer","Parallel Aware": false,"Async Capable": false,"Startup Cost": 183278.14,"Total Cost": 183278.27,"Plan Rows": 6,"Plan Width": 236,"Actual Startup Time": 1649.443,"Actual Total Time": 1649.453,"Actual Rows": 4,"Actual Loops": 5,"Group Key": ["l_returnflag", "l_linestatus"],"Planned Partitions": 0,"HashAgg Batches": 1,"Peak Memory Usage": 32,"Disk Usage": 0,"Workers": [{"Worker Number": 0,"HashAgg Batches": 1,"Peak Memory Usage": 32,"Disk Usage": 0},{"Worker Number": 1,"HashAgg Batches": 1,"Peak Memory Usage": 32,"Disk Usage": 0},{"Worker Number": 2,"HashAgg Batches": 1,"Peak Memory Usage": 32,"Disk Usage": 0},{"Worker Number": 3,"HashAgg Batches": 1,"Peak Memory Usage": 32,"Disk Usage": 0}],"Plans": [{"Node Type": "Seq Scan","Parent Relationship": "Outer","Parallel Aware": true,"Async Capable": false,"Relation Name": "lineitem","Alias": "lineitem","Startup Cost": 0.00,"Total Cost": 131256.80,"Plan Rows": 1486324,"Plan Width": 25,"Actual Startup Time": 0.045,"Actual Total Time": 616.953,"Actual Rows": 1190268,"Actual Loops": 5,"Filter": "(l_shipdate <= '1998-09-23 00:00:00'::timestamp without time zone)","Rows Removed by Filter": 9975,"Workers": []}]}]}]}]},"Planning Time": 3.178,"Triggers": [],"Execution Time": 1690.759}]
[{"Plan": {"Node Type": "Aggregate","Strategy": "Sorted","Partial Mode": "Finalize","Parallel Aware": false,"Async Capable": false,"Startup Cost": 184082.58,"Total Cost": 184086.40,"Plan Rows": 6,"Plan Width": 236,"Actual Startup Time": 1638.478,"Actual Total Time": 1674.281,"Actual Rows": 4,"Actual Loops": 1,"Group Key": ["l_returnflag", "l_linestatus"],"Plans": [{"Node Type": "Gather Merge","Parent Relationship": "Outer","Parallel Aware": false,"Async Capable": false,"Startup Cost": 184082.58,"Total Cost": 184085.46,"Plan Rows": 24,"Plan Width": 236,"Actual Startup Time": 1638.346,"Actual Total Time": 1674.153,"Actual Rows": 20,"Actual Loops": 1,"Workers Planned": 4,"Workers Launched": 4,"Plans": [{"Node Type": "Sort","Parent Relationship": "Outer","Parallel Aware": false,"Async Capable": false,"Startup Cost": 183082.52,"Total Cost": 183082.54,"Plan Rows": 6,"Plan Width": 236,"Actual Startup Time": 1630.819,"Actual Total Time": 1630.824,"Actual Rows": 4,"Actual Loops": 5,"Sort Key": ["l_returnflag", "l_linestatus"],"Sort Method": "quicksort","Sort Space Used": 27,"Sort Space Type": "Memory","Workers": [{"Worker Number": 0,"Sort Method": "quicksort","Sort Space Used": 27,"Sort Space Type": "Memory"},{"Worker Number": 1,"Sort Method": "quicksort","Sort Space Used": 27,"Sort Space Type": "Memory"},{"Worker Number": 2,"Sort Method": "quicksort","Sort Space Used": 27,"Sort Space Type": "Memory"},{"Worker Number": 3,"Sort Method": "quicksort","Sort Space Used": 27,"Sort Space Type": "Memory"}],"Plans": [{"Node Type": "Aggregate","Strategy": "Hashed","Partial Mode": "Partial","Parent Relationship": "Outer","Parallel Aware": false,"Async Capable": false,"Startup Cost": 183082.31,"Total Cost": 183082.45,"Plan Rows": 6,"Plan Width": 236,"Actual Startup Time": 1630.721,"Actual Total Time": 1630.730,"Actual Rows": 4,"Actual Loops": 5,"Group Key": ["l_returnflag", "l_linestatus"],"Planned Partitions": 0,"HashAgg Batches": 1,"Peak Memory Usage": 32,"Disk Usage": 0,"Workers": [{"Worker Number": 0,"HashAgg Batches": 1,"Peak Memory Usage": 32,"Disk Usage": 0},{"Worker Number": 1,"HashAgg Batches": 1,"Peak Memory Usage": 32,"Disk Usage": 0},{"Worker Number": 2,"HashAgg Batches": 1,"Peak Memory Usage": 32,"Disk Usage": 0},{"Worker Number": 3,"HashAgg Batches": 1,"Peak Memory Usage": 32,"Disk Usage": 0}],"Plans": [{"Node Type": "Seq Scan","Parent Relationship": "Outer","Parallel Aware": true,"Async Capable": false,"Relation Name": "lineitem","Alias": "lineitem","Startup Cost": 0.00,"Total Cost": 131256.80,"Plan Rows": 1480729,"Plan Width": 25,"Actual Startup Time": 0.040,"Actual Total Time": 612.285,"Actual Rows": 1185489,"Actual Loops": 5,"Filter": "(l_shipdate <= '1998-09-08 00:00:00'::timestamp without time zone)","Rows Removed by Filter": 14754,"Workers": []}]}]}]}]},"Planning Time": 2.744,"Triggers": [],"Execution Time": 1674.643}]
[{"Plan": {"Node Type": "Aggregate","Strategy": "Sorted","Partial Mode": "Finalize","Parallel Aware": false,"Async Capable": false,"Startup Cost": 183652.75,"Total Cost": 183656.57,"Plan Rows": 6,"Plan Width": 236,"Actual Startup Time": 1624.037,"Actual Total Time": 1657.979,"Actual Rows": 4,"Actual Loops": 1,"Group Key": ["l_returnflag", "l_linestatus"],"Plans": [{"Node Type": "Gather Merge","Parent Relationship": "Outer","Parallel Aware": false,"Async Capable": false,"Startup Cost": 183652.75,"Total Cost": 183655.62,"Plan Rows": 24,"Plan Width": 236,"Actual Startup Time": 1623.893,"Actual Total Time": 1657.849,"Actual Rows": 20,"Actual Loops": 1,"Workers Planned": 4,"Workers Launched": 4,"Plans": [{"Node Type": "Sort","Parent Relationship": "Outer","Parallel Aware": false,"Async Capable": false,"Startup Cost": 182652.69,"Total Cost": 182652.70,"Plan Rows": 6,"Plan Width": 236,"Actual Startup Time": 1616.446,"Actual Total Time": 1616.451,"Actual Rows": 4,"Actual Loops": 5,"Sort Key": ["l_returnflag", "l_linestatus"],"Sort Method": "quicksort","Sort Space Used": 27,"Sort Space Type": "Memory","Workers": [{"Worker Number": 0,"Sort Method": "quicksort","Sort Space Used": 27,"Sort Space Type": "Memory"},{"Worker Number": 1,"Sort Method": "quicksort","Sort Space Used": 27,"Sort Space Type": "Memory"},{"Worker Number": 2,"Sort Method": "quicksort","Sort Space Used": 27,"Sort Space Type": "Memory"},{"Worker Number": 3,"Sort Method": "quicksort","Sort Space Used": 27,"Sort Space Type": "Memory"}],"Plans": [{"Node Type": "Aggregate","Strategy": "Hashed","Partial Mode": "Partial","Parent Relationship": "Outer","Parallel Aware": false,"Async Capable": false,"Startup Cost": 182652.48,"Total Cost": 182652.61,"Plan Rows": 6,"Plan Width": 236,"Actual Startup Time": 1616.349,"Actual Total Time": 1616.357,"Actual Rows": 4,"Actual Loops": 5,"Group Key": ["l_returnflag", "l_linestatus"],"Planned Partitions": 0,"HashAgg Batches": 1,"Peak Memory Usage": 32,"Disk Usage": 0,"Workers": [{"Worker Number": 0,"HashAgg Batches": 1,"Peak Memory Usage": 32,"Disk Usage": 0},{"Worker Number": 1,"HashAgg Batches": 1,"Peak Memory Usage": 32,"Disk Usage": 0},{"Worker Number": 2,"HashAgg Batches": 1,"Peak Memory Usage": 32,"Disk Usage": 0},{"Worker Number": 3,"HashAgg Batches": 1,"Peak Memory Usage": 32,"Disk Usage": 0}],"Plans": [{"Node Type": "Seq Scan","Parent Relationship": "Outer","Parallel Aware": true,"Async Capable": false,"Relation Name": "lineitem","Alias": "lineitem","Startup Cost": 0.00,"Total Cost": 131256.80,"Plan Rows": 1468448,"Plan Width": 25,"Actual Startup Time": 0.039,"Actual Total Time": 608.174,"Actual Rows": 1174542,"Actual Loops": 5,"Filter": "(l_shipdate <= '1998-08-12 00:00:00'::timestamp without time zone)","Rows Removed by Filter": 25701,"Workers": []}]}]}]}]},"Planning Time": 2.541,"Triggers": [],"Execution Time": 1658.369}]
[{"Plan": {"Node Type": "Aggregate","Strategy": "Sorted","Partial Mode": "Finalize","Parallel Aware": false,"Async Capable": false,"Startup Cost": 184342.25,"Total Cost": 184346.07,"Plan Rows": 6,"Plan Width": 236,"Actual Startup Time": 1655.561,"Actual Total Time": 1689.583,"Actual Rows": 4,"Actual Loops": 1,"Group Key": ["l_returnflag", "l_linestatus"],"Plans": [{"Node Type": "Gather Merge","Parent Relationship": "Outer","Parallel Aware": false,"Async Capable": false,"Startup Cost": 184342.25,"Total Cost": 184345.12,"Plan Rows": 24,"Plan Width": 236,"Actual Startup Time": 1655.474,"Actual Total Time": 1689.450,"Actual Rows": 20,"Actual Loops": 1,"Workers Planned": 4,"Workers Launched": 4,"Plans": [{"Node Type": "Sort","Parent Relationship": "Outer","Parallel Aware": false,"Async Capable": false,"Startup Cost": 183342.19,"Total Cost": 183342.20,"Plan Rows": 6,"Plan Width": 236,"Actual Startup Time": 1647.670,"Actual Total Time": 1647.678,"Actual Rows": 4,"Actual Loops": 5,"Sort Key": ["l_returnflag", "l_linestatus"],"Sort Method": "quicksort","Sort Space Used": 27,"Sort Space Type": "Memory","Workers": [{"Worker Number": 0,"Sort Method": "quicksort","Sort Space Used": 27,"Sort Space Type": "Memory"},{"Worker Number": 1,"Sort Method": "quicksort","Sort Space Used": 27,"Sort Space Type": "Memory"},{"Worker Number": 2,"Sort Method": "quicksort","Sort Space Used": 27,"Sort Space Type": "Memory"},{"Worker Number": 3,"Sort Method": "quicksort","Sort Space Used": 27,"Sort Space Type": "Memory"}],"Plans": [{"Node Type": "Aggregate","Strategy": "Hashed","Partial Mode": "Partial","Parent Relationship": "Outer","Parallel Aware": false,"Async Capable": false,"Startup Cost": 183341.98,"Total Cost": 183342.11,"Plan Rows": 6,"Plan Width": 236,"Actual Startup Time": 1647.554,"Actual Total Time": 1647.566,"Actual Rows": 4,"Actual Loops": 5,"Group Key": ["l_returnflag", "l_linestatus"],"Planned Partitions": 0,"HashAgg Batches": 1,"Peak Memory Usage": 32,"Disk Usage": 0,"Workers": [{"Worker Number": 0,"HashAgg Batches": 1,"Peak Memory Usage": 32,"Disk Usage": 0},{"Worker Number": 1,"HashAgg Batches": 1,"Peak Memory Usage": 32,"Disk Usage": 0},{"Worker Number": 2,"HashAgg Batches": 1,"Peak Memory Usage": 32,"Disk Usage": 0},{"Worker Number": 3,"HashAgg Batches": 1,"Peak Memory Usage": 32,"Disk Usage": 0}],"Plans": [{"Node Type": "Seq Scan","Parent Relationship": "Outer","Parallel Aware": true,"Async Capable": false,"Relation Name": "lineitem","Alias": "lineitem","Startup Cost": 0.00,"Total Cost": 131256.80,"Plan Rows": 1488148,"Plan Width": 25,"Actual Startup Time": 0.043,"Actual Total Time": 623.196,"Actual Rows": 1192678,"Actual Loops": 5,"Filter": "(l_shipdate <= '1998-10-02 00:00:00'::timestamp without time zone)","Rows Removed by Filter": 7565,"Workers": []}]}]}]}]},"Planning Time": 3.639,"Triggers": [],"Execution Time": 1690.019}]
[{"Plan": {"Node Type": "Aggregate","Strategy": "Sorted","Partial Mode": "Finalize","Parallel Aware": false,"Async Capable": false,"Startup Cost": 183976.01,"Total Cost": 183979.83,"Plan Rows": 6,"Plan Width": 236,"Actual Startup Time": 1637.230,"Actual Total Time": 1671.180,"Actual Rows": 4,"Actual Loops": 1,"Group Key": ["l_returnflag", "l_linestatus"],"Plans": [{"Node Type": "Gather Merge","Parent Relationship": "Outer","Parallel Aware": false,"Async Capable": false,"Startup Cost": 183976.01,"Total Cost": 183978.88,"Plan Rows": 24,"Plan Width": 236,"Actual Startup Time": 1637.140,"Actual Total Time": 1671.060,"Actual Rows": 20,"Actual Loops": 1,"Workers Planned": 4,"Workers Launched": 4,"Plans": [{"Node Type": "Sort","Parent Relationship": "Outer","Parallel Aware": false,"Async Capable": false,"Startup Cost": 182975.95,"Total Cost": 182975.96,"Plan Rows": 6,"Plan Width": 236,"Actual Startup Time": 1629.253,"Actual Total Time": 1629.258,"Actual Rows": 4,"Actual Loops": 5,"Sort Key": ["l_returnflag", "l_linestatus"],"Sort Method": "quicksort","Sort Space Used": 27,"Sort Space Type": "Memory","Workers": [{"Worker Number": 0,"Sort Method": "quicksort","Sort Space Used": 27,"Sort Space Type": "Memory"},{"Worker Number": 1,"Sort Method": "quicksort","Sort Space Used": 27,"Sort Space Type": "Memory"},{"Worker Number": 2,"Sort Method": "quicksort","Sort Space Used": 27,"Sort Space Type": "Memory"},{"Worker Number": 3,"Sort Method": "quicksort","Sort Space Used": 27,"Sort Space Type": "Memory"}],"Plans": [{"Node Type": "Aggregate","Strategy": "Hashed","Partial Mode": "Partial","Parent Relationship": "Outer","Parallel Aware": false,"Async Capable": false,"Startup Cost": 182975.74,"Total Cost": 182975.87,"Plan Rows": 6,"Plan Width": 236,"Actual Startup Time": 1629.096,"Actual Total Time": 1629.104,"Actual Rows": 4,"Actual Loops": 5,"Group Key": ["l_returnflag", "l_linestatus"],"Planned Partitions": 0,"HashAgg Batches": 1,"Peak Memory Usage": 32,"Disk Usage": 0,"Workers": [{"Worker Number": 0,"HashAgg Batches": 1,"Peak Memory Usage": 32,"Disk Usage": 0},{"Worker Number": 1,"HashAgg Batches": 1,"Peak Memory Usage": 32,"Disk Usage": 0},{"Worker Number": 2,"HashAgg Batches": 1,"Peak Memory Usage": 32,"Disk Usage": 0},{"Worker Number": 3,"HashAgg Batches": 1,"Peak Memory Usage": 32,"Disk Usage": 0}],"Plans": [{"Node Type": "Seq Scan","Parent Relationship": "Outer","Parallel Aware": true,"Async Capable": false,"Relation Name": "lineitem","Alias": "lineitem","Startup Cost": 0.00,"Total Cost": 131256.80,"Plan Rows": 1477684,"Plan Width": 25,"Actual Startup Time": 0.036,"Actual Total Time": 613.605,"Actual Rows": 1182950,"Actual Loops": 5,"Filter": "(l_shipdate <= '1998-09-01 00:00:00'::timestamp without time zone)","Rows Removed by Filter": 17293,"Workers": []}]}]}]}]},"Planning Time": 3.200,"Triggers": [],"Execution Time": 1671.603}]
[{"Plan": {"Node Type": "Aggregate","Strategy": "Sorted","Partial Mode": "Finalize","Parallel Aware": false,"Async Capable": false,"Startup Cost": 184234.83,"Total Cost": 184238.65,"Plan Rows": 6,"Plan Width": 236,"Actual Startup Time": 1625.718,"Actual Total Time": 1658.748,"Actual Rows": 4,"Actual Loops": 1,"Group Key": ["l_returnflag", "l_linestatus"],"Plans": [{"Node Type": "Gather Merge","Parent Relationship": "Outer","Parallel Aware": false,"Async Capable": false,"Startup Cost": 184234.83,"Total Cost": 184237.71,"Plan Rows": 24,"Plan Width": 236,"Actual Startup Time": 1625.652,"Actual Total Time": 1658.651,"Actual Rows": 20,"Actual Loops": 1,"Workers Planned": 4,"Workers Launched": 4,"Plans": [{"Node Type": "Sort","Parent Relationship": "Outer","Parallel Aware": false,"Async Capable": false,"Startup Cost": 183234.77,"Total Cost": 183234.79,"Plan Rows": 6,"Plan Width": 236,"Actual Startup Time": 1618.337,"Actual Total Time": 1618.340,"Actual Rows": 4,"Actual Loops": 5,"Sort Key": ["l_returnflag", "l_linestatus"],"Sort Method": "quicksort","Sort Space Used": 27,"Sort Space Type": "Memory","Workers": [{"Worker Number": 0,"Sort Method": "quicksort","Sort Space Used": 27,"Sort Space Type": "Memory"},{"Worker Number": 1,"Sort Method": "quicksort","Sort Space Used": 27,"Sort Space Type": "Memory"},{"Worker Number": 2,"Sort Method": "quicksort","Sort Space Used": 27,"Sort Space Type": "Memory"},{"Worker Number": 3,"Sort Method": "quicksort","Sort Space Used": 27,"Sort Space Type": "Memory"}],"Plans": [{"Node Type": "Aggregate","Strategy": "Hashed","Partial Mode": "Partial","Parent Relationship": "Outer","Parallel Aware": false,"Async Capable": false,"Startup Cost": 183234.56,"Total Cost": 183234.70,"Plan Rows": 6,"Plan Width": 236,"Actual Startup Time": 1618.239,"Actual Total Time": 1618.246,"Actual Rows": 4,"Actual Loops": 5,"Group Key": ["l_returnflag", "l_linestatus"],"Planned Partitions": 0,"HashAgg Batches": 1,"Peak Memory Usage": 32,"Disk Usage": 0,"Workers": [{"Worker Number": 0,"HashAgg Batches": 1,"Peak Memory Usage": 32,"Disk Usage": 0},{"Worker Number": 1,"HashAgg Batches": 1,"Peak Memory Usage": 32,"Disk Usage": 0},{"Worker Number": 2,"HashAgg Batches": 1,"Peak Memory Usage": 32,"Disk Usage": 0},{"Worker Number": 3,"HashAgg Batches": 1,"Peak Memory Usage": 32,"Disk Usage": 0}],"Plans": [{"Node Type": "Seq Scan","Parent Relationship": "Outer","Parallel Aware": true,"Async Capable": false,"Relation Name": "lineitem","Alias": "lineitem","Startup Cost": 0.00,"Total Cost": 131256.80,"Plan Rows": 1485079,"Plan Width": 25,"Actual Startup Time": 0.035,"Actual Total Time": 599.174,"Actual Rows": 1188798,"Actual Loops": 5,"Filter": "(l_shipdate <= '1998-09-18 00:00:00'::timestamp without time zone)","Rows Removed by Filter": 11445,"Workers": []}]}]}]}]},"Planning Time": 2.904,"Triggers": [],"Execution Time": 1659.073}]
[{"Plan": {"Node Type": "Aggregate","Strategy": "Sorted","Partial Mode": "Finalize","Parallel Aware": false,"Async Capable": false,"Startup Cost": 183823.76,"Total Cost": 183827.58,"Plan Rows": 6,"Plan Width": 236,"Actual Startup Time": 1622.288,"Actual Total Time": 1656.246,"Actual Rows": 4,"Actual Loops": 1,"Group Key": ["l_returnflag", "l_linestatus"],"Plans": [{"Node Type": "Gather Merge","Parent Relationship": "Outer","Parallel Aware": false,"Async Capable": false,"Startup Cost": 183823.76,"Total Cost": 183826.63,"Plan Rows": 24,"Plan Width": 236,"Actual Startup Time": 1622.220,"Actual Total Time": 1656.142,"Actual Rows": 20,"Actual Loops": 1,"Workers Planned": 4,"Workers Launched": 4,"Plans": [{"Node Type": "Sort","Parent Relationship": "Outer","Parallel Aware": false,"Async Capable": false,"Startup Cost": 182823.70,"Total Cost": 182823.71,"Plan Rows": 6,"Plan Width": 236,"Actual Startup Time": 1613.903,"Actual Total Time": 1613.909,"Actual Rows": 4,"Actual Loops": 5,"Sort Key": ["l_returnflag", "l_linestatus"],"Sort Method": "quicksort","Sort Space Used": 27,"Sort Space Type": "Memory","Workers": [{"Worker Number": 0,"Sort Method": "quicksort","Sort Space Used": 27,"Sort Space Type": "Memory"},{"Worker Number": 1,"Sort Method": "quicksort","Sort Space Used": 27,"Sort Space Type": "Memory"},{"Worker Number": 2,"Sort Method": "quicksort","Sort Space Used": 27,"Sort Space Type": "Memory"},{"Worker Number": 3,"Sort Method": "quicksort","Sort Space Used": 27,"Sort Space Type": "Memory"}],"Plans": [{"Node Type": "Aggregate","Strategy": "Hashed","Partial Mode": "Partial","Parent Relationship": "Outer","Parallel Aware": false,"Async Capable": false,"Startup Cost": 182823.49,"Total Cost": 182823.62,"Plan Rows": 6,"Plan Width": 236,"Actual Startup Time": 1613.785,"Actual Total Time": 1613.796,"Actual Rows": 4,"Actual Loops": 5,"Group Key": ["l_returnflag", "l_linestatus"],"Planned Partitions": 0,"HashAgg Batches": 1,"Peak Memory Usage": 32,"Disk Usage": 0,"Workers": [{"Worker Number": 0,"HashAgg Batches": 1,"Peak Memory Usage": 32,"Disk Usage": 0},{"Worker Number": 1,"HashAgg Batches": 1,"Peak Memory Usage": 32,"Disk Usage": 0},{"Worker Number": 2,"HashAgg Batches": 1,"Peak Memory Usage": 32,"Disk Usage": 0},{"Worker Number": 3,"HashAgg Batches": 1,"Peak Memory Usage": 32,"Disk Usage": 0}],"Plans": [{"Node Type": "Seq Scan","Parent Relationship": "Outer","Parallel Aware": true,"Async Capable": false,"Relation Name": "lineitem","Alias": "lineitem","Startup Cost": 0.00,"Total Cost": 131256.80,"Plan Rows": 1473334,"Plan Width": 25,"Actual Startup Time": 0.047,"Actual Total Time": 599.978,"Actual Rows": 1178947,"Actual Loops": 5,"Filter": "(l_shipdate <= '1998-08-22 00:00:00'::timestamp without time zone)","Rows Removed by Filter": 21296,"Workers": []}]}]}]}]},"Planning Time": 2.579,"Triggers": [],"Execution Time": 1656.641}]
[{"Plan": {"Node Type": "Aggregate","Strategy": "Sorted","Partial Mode": "Finalize","Parallel Aware": false,"Async Capable": false,"Startup Cost": 183672.66,"Total Cost": 183676.48,"Plan Rows": 6,"Plan Width": 236,"Actual Startup Time": 1616.111,"Actual Total Time": 1649.293,"Actual Rows": 4,"Actual Loops": 1,"Group Key": ["l_returnflag", "l_linestatus"],"Plans": [{"Node Type": "Gather Merge","Parent Relationship": "Outer","Parallel Aware": false,"Async Capable": false,"Startup Cost": 183672.66,"Total Cost": 183675.54,"Plan Rows": 24,"Plan Width": 236,"Actual Startup Time": 1616.040,"Actual Total Time": 1649.181,"Actual Rows": 20,"Actual Loops": 1,"Workers Planned": 4,"Workers Launched": 4,"Plans": [{"Node Type": "Sort","Parent Relationship": "Outer","Parallel Aware": false,"Async Capable": false,"Startup Cost": 182672.60,"Total Cost": 182672.62,"Plan Rows": 6,"Plan Width": 236,"Actual Startup Time": 1608.293,"Actual Total Time": 1608.295,"Actual Rows": 4,"Actual Loops": 5,"Sort Key": ["l_returnflag", "l_linestatus"],"Sort Method": "quicksort","Sort Space Used": 27,"Sort Space Type": "Memory","Workers": [{"Worker Number": 0,"Sort Method": "quicksort","Sort Space Used": 27,"Sort Space Type": "Memory"},{"Worker Number": 1,"Sort Method": "quicksort","Sort Space Used": 27,"Sort Space Type": "Memory"},{"Worker Number": 2,"Sort Method": "quicksort","Sort Space Used": 27,"Sort Space Type": "Memory"},{"Worker Number": 3,"Sort Method": "quicksort","Sort Space Used": 27,"Sort Space Type": "Memory"}],"Plans": [{"Node Type": "Aggregate","Strategy": "Hashed","Partial Mode": "Partial","Parent Relationship": "Outer","Parallel Aware": false,"Async Capable": false,"Startup Cost": 182672.39,"Total Cost": 182672.53,"Plan Rows": 6,"Plan Width": 236,"Actual Startup Time": 1608.122,"Actual Total Time": 1608.128,"Actual Rows": 4,"Actual Loops": 5,"Group Key": ["l_returnflag", "l_linestatus"],"Planned Partitions": 0,"HashAgg Batches": 1,"Peak Memory Usage": 32,"Disk Usage": 0,"Workers": [{"Worker Number": 0,"HashAgg Batches": 1,"Peak Memory Usage": 32,"Disk Usage": 0},{"Worker Number": 1,"HashAgg Batches": 1,"Peak Memory Usage": 32,"Disk Usage": 0},{"Worker Number": 2,"HashAgg Batches": 1,"Peak Memory Usage": 32,"Disk Usage": 0},{"Worker Number": 3,"HashAgg Batches": 1,"Peak Memory Usage": 32,"Disk Usage": 0}],"Plans": [{"Node Type": "Seq Scan","Parent Relationship": "Outer","Parallel Aware": true,"Async Capable": false,"Relation Name": "lineitem","Alias": "lineitem","Startup Cost": 0.00,"Total Cost": 131256.80,"Plan Rows": 1469017,"Plan Width": 25,"Actual Startup Time": 0.038,"Actual Total Time": 601.467,"Actual Rows": 1175005,"Actual Loops": 5,"Filter": "(l_shipdate <= '1998-08-13 00:00:00'::timestamp without time zone)","Rows Removed by Filter": 25238,"Workers": []}]}]}]}]},"Planning Time": 3.226,"Triggers": [],"Execution Time": 1649.755}]
[{"Plan": {"Node Type": "Aggregate","Strategy": "Sorted","Partial Mode": "Finalize","Parallel Aware": false,"Async Capable": false,"Startup Cost": 184189.16,"Total Cost": 184192.98,"Plan Rows": 6,"Plan Width": 236,"Actual Startup Time": 1645.674,"Actual Total Time": 1680.009,"Actual Rows": 4,"Actual Loops": 1,"Group Key": ["l_returnflag", "l_linestatus"],"Plans": [{"Node Type": "Gather Merge","Parent Relationship": "Outer","Parallel Aware": false,"Async Capable": false,"Startup Cost": 184189.16,"Total Cost": 184192.03,"Plan Rows": 24,"Plan Width": 236,"Actual Startup Time": 1645.562,"Actual Total Time": 1679.891,"Actual Rows": 20,"Actual Loops": 1,"Workers Planned": 4,"Workers Launched": 4,"Plans": [{"Node Type": "Sort","Parent Relationship": "Outer","Parallel Aware": false,"Async Capable": false,"Startup Cost": 183189.10,"Total Cost": 183189.11,"Plan Rows": 6,"Plan Width": 236,"Actual Startup Time": 1638.058,"Actual Total Time": 1638.062,"Actual Rows": 4,"Actual Loops": 5,"Sort Key": ["l_returnflag", "l_linestatus"],"Sort Method": "quicksort","Sort Space Used": 27,"Sort Space Type": "Memory","Workers": [{"Worker Number": 0,"Sort Method": "quicksort","Sort Space Used": 27,"Sort Space Type": "Memory"},{"Worker Number": 1,"Sort Method": "quicksort","Sort Space Used": 27,"Sort Space Type": "Memory"},{"Worker Number": 2,"Sort Method": "quicksort","Sort Space Used": 27,"Sort Space Type": "Memory"},{"Worker Number": 3,"Sort Method": "quicksort","Sort Space Used": 27,"Sort Space Type": "Memory"}],"Plans": [{"Node Type": "Aggregate","Strategy": "Hashed","Partial Mode": "Partial","Parent Relationship": "Outer","Parallel Aware": false,"Async Capable": false,"Startup Cost": 183188.89,"Total Cost": 183189.02,"Plan Rows": 6,"Plan Width": 236,"Actual Startup Time": 1637.958,"Actual Total Time": 1637.967,"Actual Rows": 4,"Actual Loops": 5,"Group Key": ["l_returnflag", "l_linestatus"],"Planned Partitions": 0,"HashAgg Batches": 1,"Peak Memory Usage": 32,"Disk Usage": 0,"Workers": [{"Worker Number": 0,"HashAgg Batches": 1,"Peak Memory Usage": 32,"Disk Usage": 0},{"Worker Number": 1,"HashAgg Batches": 1,"Peak Memory Usage": 32,"Disk Usage": 0},{"Worker Number": 2,"HashAgg Batches": 1,"Peak Memory Usage": 32,"Disk Usage": 0},{"Worker Number": 3,"HashAgg Batches": 1,"Peak Memory Usage": 32,"Disk Usage": 0}],"Plans": [{"Node Type": "Seq Scan","Parent Relationship": "Outer","Parallel Aware": true,"Async Capable": false,"Relation Name": "lineitem","Alias": "lineitem","Startup Cost": 0.00,"Total Cost": 131256.80,"Plan Rows": 1483774,"Plan Width": 25,"Actual Startup Time": 0.042,"Actual Total Time": 618.846,"Actual Rows": 1187863,"Actual Loops": 5,"Filter": "(l_shipdate <= '1998-09-15 00:00:00'::timestamp without time zone)","Rows Removed by Filter": 12380,"Workers": []}]}]}]}]},"Planning Time": 3.014,"Triggers": [],"Execution Time": 1680.406}]
[{"Plan": {"Node Type": "Aggregate","Strategy": "Sorted","Partial Mode": "Finalize","Parallel Aware": false,"Async Capable": false,"Startup Cost": 184234.83,"Total Cost": 184238.65,"Plan Rows": 6,"Plan Width": 236,"Actual Startup Time": 1625.718,"Actual Total Time": 1658.748,"Actual Rows": 4,"Actual Loops": 1,"Group Key": ["l_returnflag", "l_linestatus"],"Plans": [{"Node Type": "Gather Merge","Parent Relationship": "Outer","Parallel Aware": false,"Async Capable": false,"Startup Cost": 184234.83,"Total Cost": 184237.71,"Plan Rows": 24,"Plan Width": 236,"Actual Startup Time": 1625.652,"Actual Total Time": 1658.651,"Actual Rows": 20,"Actual Loops": 1,"Workers Planned": 4,"Workers Launched": 4,"Plans": [{"Node Type": "Sort","Parent Relationship": "Outer","Parallel Aware": false,"Async Capable": false,"Startup Cost": 183234.77,"Total Cost": 183234.79,"Plan Rows": 6,"Plan Width": 236,"Actual Startup Time": 1618.337,"Actual Total Time": 1618.340,"Actual Rows": 4,"Actual Loops": 5,"Sort Key": ["l_returnflag", "l_linestatus"],"Sort Method": "quicksort","Sort Space Used": 27,"Sort Space Type": "Memory","Workers": [{"Worker Number": 0,"Sort Method": "quicksort","Sort Space Used": 27,"Sort Space Type": "Memory"},{"Worker Number": 1,"Sort Method": "quicksort","Sort Space Used": 27,"Sort Space Type": "Memory"},{"Worker Number": 2,"Sort Method": "quicksort","Sort Space Used": 27,"Sort Space Type": "Memory"},{"Worker Number": 3,"Sort Method": "quicksort","Sort Space Used": 27,"Sort Space Type": "Memory"}],"Plans": [{"Node Type": "Aggregate","Strategy": "Hashed","Partial Mode": "Partial","Parent Relationship": "Outer","Parallel Aware": false,"Async Capable": false,"Startup Cost": 183234.56,"Total Cost": 183234.70,"Plan Rows": 6,"Plan Width": 236,"Actual Startup Time": 1618.239,"Actual Total Time": 1618.246,"Actual Rows": 4,"Actual Loops": 5,"Group Key": ["l_returnflag", "l_linestatus"],"Planned Partitions": 0,"HashAgg Batches": 1,"Peak Memory Usage": 32,"Disk Usage": 0,"Workers": [{"Worker Number": 0,"HashAgg Batches": 1,"Peak Memory Usage": 32,"Disk Usage": 0},{"Worker Number": 1,"HashAgg Batches": 1,"Peak Memory Usage": 32,"Disk Usage": 0},{"Worker Number": 2,"HashAgg Batches": 1,"Peak Memory Usage": 32,"Disk Usage": 0},{"Worker Number": 3,"HashAgg Batches": 1,"Peak Memory Usage": 32,"Disk Usage": 0}],"Plans": [{"Node Type": "Seq Scan","Parent Relationship": "Outer","Parallel Aware": true,"Async Capable": false,"Relation Name": "lineitem","Alias": "lineitem","Startup Cost": 0.00,"Total Cost": 131256.80,"Plan Rows": 1485079,"Plan Width": 25,"Actual Startup Time": 0.035,"Actual Total Time": 599.174,"Actual Rows": 1188798,"Actual Loops": 5,"Filter": "(l_shipdate <= '1998-09-18 00:00:00'::timestamp without time zone)","Rows Removed by Filter": 11445,"Workers": []}]}]}]}]},"Planning Time": 2.904,"Triggers": [],"Execution Time": 1659.073}]
[{"Plan": {"Node Type": "Aggregate","Strategy": "Sorted","Partial Mode": "Finalize","Parallel Aware": false,"Async Capable": false,"Startup Cost": 183778.08,"Total Cost": 183781.90,"Plan Rows": 6,"Plan Width": 236,"Actual Startup Time": 1629.845,"Actual Total Time": 1663.181,"Actual Rows": 4,"Actual Loops": 1,"Group Key": ["l_returnflag", "l_linestatus"],"Plans": [{"Node Type": "Gather Merge","Parent Relationship": "Outer","Parallel Aware": false,"Async Capable": false,"Startup Cost": 183778.08,"Total Cost": 183780.96,"Plan Rows": 24,"Plan Width": 236,"Actual Startup Time": 1629.762,"Actual Total Time": 1663.049,"Actual Rows": 20,"Actual Loops": 1,"Workers Planned": 4,"Workers Launched": 4,"Plans": [{"Node Type": "Sort","Parent Relationship": "Outer","Parallel Aware": false,"Async Capable": false,"Startup Cost": 182778.02,"Total Cost": 182778.04,"Plan Rows": 6,"Plan Width": 236,"Actual Startup Time": 1622.415,"Actual Total Time": 1622.418,"Actual Rows": 4,"Actual Loops": 5,"Sort Key": ["l_returnflag", "l_linestatus"],"Sort Method": "quicksort","Sort Space Used": 27,"Sort Space Type": "Memory","Workers": [{"Worker Number": 0,"Sort Method": "quicksort","Sort Space Used": 27,"Sort Space Type": "Memory"},{"Worker Number": 1,"Sort Method": "quicksort","Sort Space Used": 27,"Sort Space Type": "Memory"},{"Worker Number": 2,"Sort Method": "quicksort","Sort Space Used": 27,"Sort Space Type": "Memory"},{"Worker Number": 3,"Sort Method": "quicksort","Sort Space Used": 27,"Sort Space Type": "Memory"}],"Plans": [{"Node Type": "Aggregate","Strategy": "Hashed","Partial Mode": "Partial","Parent Relationship": "Outer","Parallel Aware": false,"Async Capable": false,"Startup Cost": 182777.81,"Total Cost": 182777.95,"Plan Rows": 6,"Plan Width": 236,"Actual Startup Time": 1622.311,"Actual Total Time": 1622.319,"Actual Rows": 4,"Actual Loops": 5,"Group Key": ["l_returnflag", "l_linestatus"],"Planned Partitions": 0,"HashAgg Batches": 1,"Peak Memory Usage": 32,"Disk Usage": 0,"Workers": [{"Worker Number": 0,"HashAgg Batches": 1,"Peak Memory Usage": 32,"Disk Usage": 0},{"Worker Number": 1,"HashAgg Batches": 1,"Peak Memory Usage": 32,"Disk Usage": 0},{"Worker Number": 2,"HashAgg Batches": 1,"Peak Memory Usage": 32,"Disk Usage": 0},{"Worker Number": 3,"HashAgg Batches": 1,"Peak Memory Usage": 32,"Disk Usage": 0}],"Plans": [{"Node Type": "Seq Scan","Parent Relationship": "Outer","Parallel Aware": true,"Async Capable": false,"Relation Name": "lineitem","Alias": "lineitem","Startup Cost": 0.00,"Total Cost": 131256.80,"Plan Rows": 1472029,"Plan Width": 25,"Actual Startup Time": 0.039,"Actual Total Time": 611.490,"Actual Rows": 1177690,"Actual Loops": 5,"Filter": "(l_shipdate <= '1998-08-19 00:00:00'::timestamp without time zone)","Rows Removed by Filter": 22553,"Workers": []}]}]}]}]},"Planning Time": 2.535,"Triggers": [],"Execution Time": 1663.520}]
[{"Plan": {"Node Type": "Aggregate","Strategy": "Sorted","Partial Mode": "Finalize","Parallel Aware": false,"Async Capable": false,"Startup Cost": 183513.38,"Total Cost": 183517.20,"Plan Rows": 6,"Plan Width": 236,"Actual Startup Time": 1627.259,"Actual Total Time": 1660.459,"Actual Rows": 4,"Actual Loops": 1,"Group Key": ["l_returnflag", "l_linestatus"],"Plans": [{"Node Type": "Gather Merge","Parent Relationship": "Outer","Parallel Aware": false,"Async Capable": false,"Startup Cost": 183513.38,"Total Cost": 183516.25,"Plan Rows": 24,"Plan Width": 236,"Actual Startup Time": 1627.170,"Actual Total Time": 1660.364,"Actual Rows": 20,"Actual Loops": 1,"Workers Planned": 4,"Workers Launched": 4,"Plans": [{"Node Type": "Sort","Parent Relationship": "Outer","Parallel Aware": false,"Async Capable": false,"Startup Cost": 182513.32,"Total Cost": 182513.33,"Plan Rows": 6,"Plan Width": 236,"Actual Startup Time": 1619.907,"Actual Total Time": 1619.911,"Actual Rows": 4,"Actual Loops": 5,"Sort Key": ["l_returnflag", "l_linestatus"],"Sort Method": "quicksort","Sort Space Used": 27,"Sort Space Type": "Memory","Workers": [{"Worker Number": 0,"Sort Method": "quicksort","Sort Space Used": 27,"Sort Space Type": "Memory"},{"Worker Number": 1,"Sort Method": "quicksort","Sort Space Used": 27,"Sort Space Type": "Memory"},{"Worker Number": 2,"Sort Method": "quicksort","Sort Space Used": 27,"Sort Space Type": "Memory"},{"Worker Number": 3,"Sort Method": "quicksort","Sort Space Used": 27,"Sort Space Type": "Memory"}],"Plans": [{"Node Type": "Aggregate","Strategy": "Hashed","Partial Mode": "Partial","Parent Relationship": "Outer","Parallel Aware": false,"Async Capable": false,"Startup Cost": 182513.11,"Total Cost": 182513.24,"Plan Rows": 6,"Plan Width": 236,"Actual Startup Time": 1619.809,"Actual Total Time": 1619.818,"Actual Rows": 4,"Actual Loops": 5,"Group Key": ["l_returnflag", "l_linestatus"],"Planned Partitions": 0,"HashAgg Batches": 1,"Peak Memory Usage": 32,"Disk Usage": 0,"Workers": [{"Worker Number": 0,"HashAgg Batches": 1,"Peak Memory Usage": 32,"Disk Usage": 0},{"Worker Number": 1,"HashAgg Batches": 1,"Peak Memory Usage": 32,"Disk Usage": 0},{"Worker Number": 2,"HashAgg Batches": 1,"Peak Memory Usage": 32,"Disk Usage": 0},{"Worker Number": 3,"HashAgg Batches": 1,"Peak Memory Usage": 32,"Disk Usage": 0}],"Plans": [{"Node Type": "Seq Scan","Parent Relationship": "Outer","Parallel Aware": true,"Async Capable": false,"Relation Name": "lineitem","Alias": "lineitem","Startup Cost": 0.00,"Total Cost": 131256.80,"Plan Rows": 1464466,"Plan Width": 25,"Actual Startup Time": 0.034,"Actual Total Time": 612.549,"Actual Rows": 1171169,"Actual Loops": 5,"Filter": "(l_shipdate <= '1998-08-05 00:00:00'::timestamp without time zone)","Rows Removed by Filter": 29074,"Workers": []}]}]}]}]},"Planning Time": 2.496,"Triggers": [],"Execution Time": 1660.730}]
[{"Plan": {"Node Type": "Aggregate","Strategy": "Sorted","Partial Mode": "Finalize","Parallel Aware": false,"Async Capable": false,"Startup Cost": 183632.87,"Total Cost": 183636.69,"Plan Rows": 6,"Plan Width": 236,"Actual Startup Time": 1623.728,"Actual Total Time": 1657.080,"Actual Rows": 4,"Actual Loops": 1,"Group Key": ["l_returnflag", "l_linestatus"],"Plans": [{"Node Type": "Gather Merge","Parent Relationship": "Outer","Parallel Aware": false,"Async Capable": false,"Startup Cost": 183632.87,"Total Cost": 183635.74,"Plan Rows": 24,"Plan Width": 236,"Actual Startup Time": 1623.595,"Actual Total Time": 1656.839,"Actual Rows": 20,"Actual Loops": 1,"Workers Planned": 4,"Workers Launched": 4,"Plans": [{"Node Type": "Sort","Parent Relationship": "Outer","Parallel Aware": false,"Async Capable": false,"Startup Cost": 182632.81,"Total Cost": 182632.82,"Plan Rows": 6,"Plan Width": 236,"Actual Startup Time": 1615.244,"Actual Total Time": 1615.253,"Actual Rows": 4,"Actual Loops": 5,"Sort Key": ["l_returnflag", "l_linestatus"],"Sort Method": "quicksort","Sort Space Used": 27,"Sort Space Type": "Memory","Workers": [{"Worker Number": 0,"Sort Method": "quicksort","Sort Space Used": 27,"Sort Space Type": "Memory"},{"Worker Number": 1,"Sort Method": "quicksort","Sort Space Used": 27,"Sort Space Type": "Memory"},{"Worker Number": 2,"Sort Method": "quicksort","Sort Space Used": 27,"Sort Space Type": "Memory"},{"Worker Number": 3,"Sort Method": "quicksort","Sort Space Used": 27,"Sort Space Type": "Memory"}],"Plans": [{"Node Type": "Aggregate","Strategy": "Hashed","Partial Mode": "Partial","Parent Relationship": "Outer","Parallel Aware": false,"Async Capable": false,"Startup Cost": 182632.60,"Total Cost": 182632.73,"Plan Rows": 6,"Plan Width": 236,"Actual Startup Time": 1615.145,"Actual Total Time": 1615.156,"Actual Rows": 4,"Actual Loops": 5,"Group Key": ["l_returnflag", "l_linestatus"],"Planned Partitions": 0,"HashAgg Batches": 1,"Peak Memory Usage": 32,"Disk Usage": 0,"Workers": [{"Worker Number": 0,"HashAgg Batches": 1,"Peak Memory Usage": 32,"Disk Usage": 0},{"Worker Number": 1,"HashAgg Batches": 1,"Peak Memory Usage": 32,"Disk Usage": 0},{"Worker Number": 2,"HashAgg Batches": 1,"Peak Memory Usage": 32,"Disk Usage": 0},{"Worker Number": 3,"HashAgg Batches": 1,"Peak Memory Usage": 32,"Disk Usage": 0}],"Plans": [{"Node Type": "Seq Scan","Parent Relationship": "Outer","Parallel Aware": true,"Async Capable": false,"Relation Name": "lineitem","Alias": "lineitem","Startup Cost": 0.00,"Total Cost": 131256.80,"Plan Rows": 1467880,"Plan Width": 25,"Actual Startup Time": 0.041,"Actual Total Time": 606.679,"Actual Rows": 1174072,"Actual Loops": 5,"Filter": "(l_shipdate <= '1998-08-11 00:00:00'::timestamp without time zone)","Rows Removed by Filter": 26171,"Workers": []}]}]}]}]},"Planning Time": 2.392,"Triggers": [],"Execution Time": 1657.451}]
[{"Plan": {"Node Type": "Aggregate","Strategy": "Sorted","Partial Mode": "Finalize","Parallel Aware": false,"Async Capable": false,"Startup Cost": 183960.78,"Total Cost": 183964.60,"Plan Rows": 6,"Plan Width": 236,"Actual Startup Time": 1647.401,"Actual Total Time": 1680.504,"Actual Rows": 4,"Actual Loops": 1,"Group Key": ["l_returnflag", "l_linestatus"],"Plans": [{"Node Type": "Gather Merge","Parent Relationship": "Outer","Parallel Aware": false,"Async Capable": false,"Startup Cost": 183960.78,"Total Cost": 183963.66,"Plan Rows": 24,"Plan Width": 236,"Actual Startup Time": 1647.346,"Actual Total Time": 1680.378,"Actual Rows": 20,"Actual Loops": 1,"Workers Planned": 4,"Workers Launched": 4,"Plans": [{"Node Type": "Sort","Parent Relationship": "Outer","Parallel Aware": false,"Async Capable": false,"Startup Cost": 182960.72,"Total Cost": 182960.74,"Plan Rows": 6,"Plan Width": 236,"Actual Startup Time": 1639.973,"Actual Total Time": 1639.976,"Actual Rows": 4,"Actual Loops": 5,"Sort Key": ["l_returnflag", "l_linestatus"],"Sort Method": "quicksort","Sort Space Used": 27,"Sort Space Type": "Memory","Workers": [{"Worker Number": 0,"Sort Method": "quicksort","Sort Space Used": 27,"Sort Space Type": "Memory"},{"Worker Number": 1,"Sort Method": "quicksort","Sort Space Used": 27,"Sort Space Type": "Memory"},{"Worker Number": 2,"Sort Method": "quicksort","Sort Space Used": 27,"Sort Space Type": "Memory"},{"Worker Number": 3,"Sort Method": "quicksort","Sort Space Used": 27,"Sort Space Type": "Memory"}],"Plans": [{"Node Type": "Aggregate","Strategy": "Hashed","Partial Mode": "Partial","Parent Relationship": "Outer","Parallel Aware": false,"Async Capable": false,"Startup Cost": 182960.51,"Total Cost": 182960.65,"Plan Rows": 6,"Plan Width": 236,"Actual Startup Time": 1639.892,"Actual Total Time": 1639.899,"Actual Rows": 4,"Actual Loops": 5,"Group Key": ["l_returnflag", "l_linestatus"],"Planned Partitions": 0,"HashAgg Batches": 1,"Peak Memory Usage": 32,"Disk Usage": 0,"Workers": [{"Worker Number": 0,"HashAgg Batches": 1,"Peak Memory Usage": 32,"Disk Usage": 0},{"Worker Number": 1,"HashAgg Batches": 1,"Peak Memory Usage": 32,"Disk Usage": 0},{"Worker Number": 2,"HashAgg Batches": 1,"Peak Memory Usage": 32,"Disk Usage": 0},{"Worker Number": 3,"HashAgg Batches": 1,"Peak Memory Usage": 32,"Disk Usage": 0}],"Plans": [{"Node Type": "Seq Scan","Parent Relationship": "Outer","Parallel Aware": true,"Async Capable": false,"Relation Name": "lineitem","Alias": "lineitem","Startup Cost": 0.00,"Total Cost": 131256.80,"Plan Rows": 1477249,"Plan Width": 25,"Actual Startup Time": 0.035,"Actual Total Time": 614.894,"Actual Rows": 1182556,"Actual Loops": 5,"Filter": "(l_shipdate <= '1998-08-31 00:00:00'::timestamp without time zone)","Rows Removed by Filter": 17687,"Workers": []}]}]}]}]},"Planning Time": 3.505,"Triggers": [],"Execution Time": 1680.895}]
[{"Plan": {"Node Type": "Aggregate","Strategy": "Sorted","Partial Mode": "Finalize","Parallel Aware": false,"Async Capable": false,"Startup Cost": 183593.04,"Total Cost": 183596.86,"Plan Rows": 6,"Plan Width": 236,"Actual Startup Time": 1626.635,"Actual Total Time": 1660.743,"Actual Rows": 4,"Actual Loops": 1,"Group Key": ["l_returnflag", "l_linestatus"],"Plans": [{"Node Type": "Gather Merge","Parent Relationship": "Outer","Parallel Aware": false,"Async Capable": false,"Startup Cost": 183593.04,"Total Cost": 183595.91,"Plan Rows": 24,"Plan Width": 236,"Actual Startup Time": 1626.497,"Actual Total Time": 1660.589,"Actual Rows": 20,"Actual Loops": 1,"Workers Planned": 4,"Workers Launched": 4,"Plans": [{"Node Type": "Sort","Parent Relationship": "Outer","Parallel Aware": false,"Async Capable": false,"Startup Cost": 182592.98,"Total Cost": 182592.99,"Plan Rows": 6,"Plan Width": 236,"Actual Startup Time": 1618.685,"Actual Total Time": 1618.689,"Actual Rows": 4,"Actual Loops": 5,"Sort Key": ["l_returnflag", "l_linestatus"],"Sort Method": "quicksort","Sort Space Used": 27,"Sort Space Type": "Memory","Workers": [{"Worker Number": 0,"Sort Method": "quicksort","Sort Space Used": 27,"Sort Space Type": "Memory"},{"Worker Number": 1,"Sort Method": "quicksort","Sort Space Used": 27,"Sort Space Type": "Memory"},{"Worker Number": 2,"Sort Method": "quicksort","Sort Space Used": 27,"Sort Space Type": "Memory"},{"Worker Number": 3,"Sort Method": "quicksort","Sort Space Used": 27,"Sort Space Type": "Memory"}],"Plans": [{"Node Type": "Aggregate","Strategy": "Hashed","Partial Mode": "Partial","Parent Relationship": "Outer","Parallel Aware": false,"Async Capable": false,"Startup Cost": 182592.77,"Total Cost": 182592.90,"Plan Rows": 6,"Plan Width": 236,"Actual Startup Time": 1618.594,"Actual Total Time": 1618.602,"Actual Rows": 4,"Actual Loops": 5,"Group Key": ["l_returnflag", "l_linestatus"],"Planned Partitions": 0,"HashAgg Batches": 1,"Peak Memory Usage": 32,"Disk Usage": 0,"Workers": [{"Worker Number": 0,"HashAgg Batches": 1,"Peak Memory Usage": 32,"Disk Usage": 0},{"Worker Number": 1,"HashAgg Batches": 1,"Peak Memory Usage": 32,"Disk Usage": 0},{"Worker Number": 2,"HashAgg Batches": 1,"Peak Memory Usage": 32,"Disk Usage": 0},{"Worker Number": 3,"HashAgg Batches": 1,"Peak Memory Usage": 32,"Disk Usage": 0}],"Plans": [{"Node Type": "Seq Scan","Parent Relationship": "Outer","Parallel Aware": true,"Async Capable": false,"Relation Name": "lineitem","Alias": "lineitem","Startup Cost": 0.00,"Total Cost": 131256.80,"Plan Rows": 1466742,"Plan Width": 25,"Actual Startup Time": 0.037,"Actual Total Time": 612.013,"Actual Rows": 1173110,"Actual Loops": 5,"Filter": "(l_shipdate <= '1998-08-09 00:00:00'::timestamp without time zone)","Rows Removed by Filter": 27133,"Workers": []}]}]}]}]},"Planning Time": 3.212,"Triggers": [],"Execution Time": 1661.179}]
[{"Plan": {"Node Type": "Aggregate","Strategy": "Sorted","Partial Mode": "Finalize","Parallel Aware": false,"Async Capable": false,"Startup Cost": 184257.13,"Total Cost": 184260.95,"Plan Rows": 6,"Plan Width": 236,"Actual Startup Time": 1442.877,"Actual Total Time": 1461.341,"Actual Rows": 4,"Actual Loops": 1,"Group Key": ["l_returnflag", "l_linestatus"],"Plans": [{"Node Type": "Gather Merge","Parent Relationship": "Outer","Parallel Aware": false,"Async Capable": false,"Startup Cost": 184257.13,"Total Cost": 184260.00,"Plan Rows": 24,"Plan Width": 236,"Actual Startup Time": 1442.807,"Actual Total Time": 1461.246,"Actual Rows": 20,"Actual Loops": 1,"Workers Planned": 4,"Workers Launched": 4,"Plans": [{"Node Type": "Sort","Parent Relationship": "Outer","Parallel Aware": false,"Async Capable": false,"Startup Cost": 183257.07,"Total Cost": 183257.08,"Plan Rows": 6,"Plan Width": 236,"Actual Startup Time": 1433.925,"Actual Total Time": 1433.931,"Actual Rows": 4,"Actual Loops": 5,"Sort Key": ["l_returnflag", "l_linestatus"],"Sort Method": "quicksort","Sort Space Used": 27,"Sort Space Type": "Memory","Workers": [{"Worker Number": 0,"Sort Method": "quicksort","Sort Space Used": 27,"Sort Space Type": "Memory"},{"Worker Number": 1,"Sort Method": "quicksort","Sort Space Used": 27,"Sort Space Type": "Memory"},{"Worker Number": 2,"Sort Method": "quicksort","Sort Space Used": 27,"Sort Space Type": "Memory"},{"Worker Number": 3,"Sort Method": "quicksort","Sort Space Used": 27,"Sort Space Type": "Memory"}],"Plans": [{"Node Type": "Aggregate","Strategy": "Hashed","Partial Mode": "Partial","Parent Relationship": "Outer","Parallel Aware": false,"Async Capable": false,"Startup Cost": 183256.86,"Total Cost": 183256.99,"Plan Rows": 6,"Plan Width": 236,"Actual Startup Time": 1433.810,"Actual Total Time": 1433.821,"Actual Rows": 4,"Actual Loops": 5,"Group Key": ["l_returnflag", "l_linestatus"],"Planned Partitions": 0,"HashAgg Batches": 1,"Peak Memory Usage": 32,"Disk Usage": 0,"Workers": [{"Worker Number": 0,"HashAgg Batches": 1,"Peak Memory Usage": 32,"Disk Usage": 0},{"Worker Number": 1,"HashAgg Batches": 1,"Peak Memory Usage": 32,"Disk Usage": 0},{"Worker Number": 2,"HashAgg Batches": 1,"Peak Memory Usage": 32,"Disk Usage": 0},{"Worker Number": 3,"HashAgg Batches": 1,"Peak Memory Usage": 32,"Disk Usage": 0}],"Plans": [{"Node Type": "Seq Scan","Parent Relationship": "Outer","Parallel Aware": true,"Async Capable": false,"Relation Name": "lineitem","Alias": "lineitem","Startup Cost": 0.00,"Total Cost": 131256.80,"Plan Rows": 1485716,"Plan Width": 25,"Actual Startup Time": 0.083,"Actual Total Time": 411.300,"Actual Rows": 1189383,"Actual Loops": 5,"Filter": "(l_shipdate <= '1998-09-20 00:00:00'::timestamp without time zone)","Rows Removed by Filter": 10860,"Workers": []}]}]}]}]},"Planning Time": 2.939,"Triggers": [],"Execution Time": 1461.675}]
[{"Plan": {"Node Type": "Aggregate","Strategy": "Sorted","Partial Mode": "Finalize","Parallel Aware": false,"Async Capable": false,"Startup Cost": 184234.83,"Total Cost": 184238.65,"Plan Rows": 6,"Plan Width": 236,"Actual Startup Time": 1625.718,"Actual Total Time": 1658.748,"Actual Rows": 4,"Actual Loops": 1,"Group Key": ["l_returnflag", "l_linestatus"],"Plans": [{"Node Type": "Gather Merge","Parent Relationship": "Outer","Parallel Aware": false,"Async Capable": false,"Startup Cost": 184234.83,"Total Cost": 184237.71,"Plan Rows": 24,"Plan Width": 236,"Actual Startup Time": 1625.652,"Actual Total Time": 1658.651,"Actual Rows": 20,"Actual Loops": 1,"Workers Planned": 4,"Workers Launched": 4,"Plans": [{"Node Type": "Sort","Parent Relationship": "Outer","Parallel Aware": false,"Async Capable": false,"Startup Cost": 183234.77,"Total Cost": 183234.79,"Plan Rows": 6,"Plan Width": 236,"Actual Startup Time": 1618.337,"Actual Total Time": 1618.340,"Actual Rows": 4,"Actual Loops": 5,"Sort Key": ["l_returnflag", "l_linestatus"],"Sort Method": "quicksort","Sort Space Used": 27,"Sort Space Type": "Memory","Workers": [{"Worker Number": 0,"Sort Method": "quicksort","Sort Space Used": 27,"Sort Space Type": "Memory"},{"Worker Number": 1,"Sort Method": "quicksort","Sort Space Used": 27,"Sort Space Type": "Memory"},{"Worker Number": 2,"Sort Method": "quicksort","Sort Space Used": 27,"Sort Space Type": "Memory"},{"Worker Number": 3,"Sort Method": "quicksort","Sort Space Used": 27,"Sort Space Type": "Memory"}],"Plans": [{"Node Type": "Aggregate","Strategy": "Hashed","Partial Mode": "Partial","Parent Relationship": "Outer","Parallel Aware": false,"Async Capable": false,"Startup Cost": 183234.56,"Total Cost": 183234.70,"Plan Rows": 6,"Plan Width": 236,"Actual Startup Time": 1618.239,"Actual Total Time": 1618.246,"Actual Rows": 4,"Actual Loops": 5,"Group Key": ["l_returnflag", "l_linestatus"],"Planned Partitions": 0,"HashAgg Batches": 1,"Peak Memory Usage": 32,"Disk Usage": 0,"Workers": [{"Worker Number": 0,"HashAgg Batches": 1,"Peak Memory Usage": 32,"Disk Usage": 0},{"Worker Number": 1,"HashAgg Batches": 1,"Peak Memory Usage": 32,"Disk Usage": 0},{"Worker Number": 2,"HashAgg Batches": 1,"Peak Memory Usage": 32,"Disk Usage": 0},{"Worker Number": 3,"HashAgg Batches": 1,"Peak Memory Usage": 32,"Disk Usage": 0}],"Plans": [{"Node Type": "Seq Scan","Parent Relationship": "Outer","Parallel Aware": true,"Async Capable": false,"Relation Name": "lineitem","Alias": "lineitem","Startup Cost": 0.00,"Total Cost": 131256.80,"Plan Rows": 1485079,"Plan Width": 25,"Actual Startup Time": 0.035,"Actual Total Time": 599.174,"Actual Rows": 1188798,"Actual Loops": 5,"Filter": "(l_shipdate <= '1998-09-18 00:00:00'::timestamp without time zone)","Rows Removed by Filter": 11445,"Workers": []}]}]}]}]},"Planning Time": 2.904,"Triggers": [],"Execution Time": 1659.073}]
[{"Plan": {"Node Type": "Aggregate","Strategy": "Sorted","Partial Mode": "Finalize","Parallel Aware": false,"Async Capable": false,"Startup Cost": 184278.41,"Total Cost": 184282.23,"Plan Rows": 6,"Plan Width": 236,"Actual Startup Time": 1657.585,"Actual Total Time": 1690.491,"Actual Rows": 4,"Actual Loops": 1,"Group Key": ["l_returnflag", "l_linestatus"],"Plans": [{"Node Type": "Gather Merge","Parent Relationship": "Outer","Parallel Aware": false,"Async Capable": false,"Startup Cost": 184278.41,"Total Cost": 184281.28,"Plan Rows": 24,"Plan Width": 236,"Actual Startup Time": 1657.498,"Actual Total Time": 1690.371,"Actual Rows": 20,"Actual Loops": 1,"Workers Planned": 4,"Workers Launched": 4,"Plans": [{"Node Type": "Sort","Parent Relationship": "Outer","Parallel Aware": false,"Async Capable": false,"Startup Cost": 183278.35,"Total Cost": 183278.36,"Plan Rows": 6,"Plan Width": 236,"Actual Startup Time": 1649.559,"Actual Total Time": 1649.565,"Actual Rows": 4,"Actual Loops": 5,"Sort Key": ["l_returnflag", "l_linestatus"],"Sort Method": "quicksort","Sort Space Used": 27,"Sort Space Type": "Memory","Workers": [{"Worker Number": 0,"Sort Method": "quicksort","Sort Space Used": 27,"Sort Space Type": "Memory"},{"Worker Number": 1,"Sort Method": "quicksort","Sort Space Used": 27,"Sort Space Type": "Memory"},{"Worker Number": 2,"Sort Method": "quicksort","Sort Space Used": 27,"Sort Space Type": "Memory"},{"Worker Number": 3,"Sort Method": "quicksort","Sort Space Used": 27,"Sort Space Type": "Memory"}],"Plans": [{"Node Type": "Aggregate","Strategy": "Hashed","Partial Mode": "Partial","Parent Relationship": "Outer","Parallel Aware": false,"Async Capable": false,"Startup Cost": 183278.14,"Total Cost": 183278.27,"Plan Rows": 6,"Plan Width": 236,"Actual Startup Time": 1649.443,"Actual Total Time": 1649.453,"Actual Rows": 4,"Actual Loops": 5,"Group Key": ["l_returnflag", "l_linestatus"],"Planned Partitions": 0,"HashAgg Batches": 1,"Peak Memory Usage": 32,"Disk Usage": 0,"Workers": [{"Worker Number": 0,"HashAgg Batches": 1,"Peak Memory Usage": 32,"Disk Usage": 0},{"Worker Number": 1,"HashAgg Batches": 1,"Peak Memory Usage": 32,"Disk Usage": 0},{"Worker Number": 2,"HashAgg Batches": 1,"Peak Memory Usage": 32,"Disk Usage": 0},{"Worker Number": 3,"HashAgg Batches": 1,"Peak Memory Usage": 32,"Disk Usage": 0}],"Plans": [{"Node Type": "Seq Scan","Parent Relationship": "Outer","Parallel Aware": true,"Async Capable": false,"Relation Name": "lineitem","Alias": "lineitem","Startup Cost": 0.00,"Total Cost": 131256.80,"Plan Rows": 1486324,"Plan Width": 25,"Actual Startup Time": 0.045,"Actual Total Time": 616.953,"Actual Rows": 1190268,"Actual Loops": 5,"Filter": "(l_shipdate <= '1998-09-23 00:00:00'::timestamp without time zone)","Rows Removed by Filter": 9975,"Workers": []}]}]}]}]},"Planning Time": 3.178,"Triggers": [],"Execution Time": 1690.759}]
[{"Plan": {"Node Type": "Aggregate","Strategy": "Sorted","Partial Mode": "Finalize","Parallel Aware": false,"Async Capable": false,"Startup Cost": 184173.93,"Total Cost": 184177.75,"Plan Rows": 6,"Plan Width": 236,"Actual Startup Time": 1644.533,"Actual Total Time": 1680.145,"Actual Rows": 4,"Actual Loops": 1,"Group Key": ["l_returnflag", "l_linestatus"],"Plans": [{"Node Type": "Gather Merge","Parent Relationship": "Outer","Parallel Aware": false,"Async Capable": false,"Startup Cost": 184173.93,"Total Cost": 184176.81,"Plan Rows": 24,"Plan Width": 236,"Actual Startup Time": 1644.414,"Actual Total Time": 1680.013,"Actual Rows": 20,"Actual Loops": 1,"Workers Planned": 4,"Workers Launched": 4,"Plans": [{"Node Type": "Sort","Parent Relationship": "Outer","Parallel Aware": false,"Async Capable": false,"Startup Cost": 183173.87,"Total Cost": 183173.89,"Plan Rows": 6,"Plan Width": 236,"Actual Startup Time": 1636.962,"Actual Total Time": 1636.966,"Actual Rows": 4,"Actual Loops": 5,"Sort Key": ["l_returnflag", "l_linestatus"],"Sort Method": "quicksort","Sort Space Used": 27,"Sort Space Type": "Memory","Workers": [{"Worker Number": 0,"Sort Method": "quicksort","Sort Space Used": 27,"Sort Space Type": "Memory"},{"Worker Number": 1,"Sort Method": "quicksort","Sort Space Used": 27,"Sort Space Type": "Memory"},{"Worker Number": 2,"Sort Method": "quicksort","Sort Space Used": 27,"Sort Space Type": "Memory"},{"Worker Number": 3,"Sort Method": "quicksort","Sort Space Used": 27,"Sort Space Type": "Memory"}],"Plans": [{"Node Type": "Aggregate","Strategy": "Hashed","Partial Mode": "Partial","Parent Relationship": "Outer","Parallel Aware": false,"Async Capable": false,"Startup Cost": 183173.66,"Total Cost": 183173.80,"Plan Rows": 6,"Plan Width": 236,"Actual Startup Time": 1636.864,"Actual Total Time": 1636.873,"Actual Rows": 4,"Actual Loops": 5,"Group Key": ["l_returnflag", "l_linestatus"],"Planned Partitions": 0,"HashAgg Batches": 1,"Peak Memory Usage": 32,"Disk Usage": 0,"Workers": [{"Worker Number": 0,"HashAgg Batches": 1,"Peak Memory Usage": 32,"Disk Usage": 0},{"Worker Number": 1,"HashAgg Batches": 1,"Peak Memory Usage": 32,"Disk Usage": 0},{"Worker Number": 2,"HashAgg Batches": 1,"Peak Memory Usage": 32,"Disk Usage": 0},{"Worker Number": 3,"HashAgg Batches": 1,"Peak Memory Usage": 32,"Disk Usage": 0}],"Plans": [{"Node Type": "Seq Scan","Parent Relationship": "Outer","Parallel Aware": true,"Async Capable": false,"Relation Name": "lineitem","Alias": "lineitem","Startup Cost": 0.00,"Total Cost": 131256.80,"Plan Rows": 1483339,"Plan Width": 25,"Actual Startup Time": 0.043,"Actual Total Time": 617.694,"Actual Rows": 1187554,"Actual Loops": 5,"Filter": "(l_shipdate <= '1998-09-14 00:00:00'::timestamp without time zone)","Rows Removed by Filter": 12689,"Workers": []}]}]}]}]},"Planning Time": 3.116,"Triggers": [],"Execution Time": 1680.478}]
[{"Plan": {"Node Type": "Aggregate","Strategy": "Sorted","Partial Mode": "Finalize","Parallel Aware": false,"Async Capable": false,"Startup Cost": 183672.66,"Total Cost": 183676.48,"Plan Rows": 6,"Plan Width": 236,"Actual Startup Time": 1616.111,"Actual Total Time": 1649.293,"Actual Rows": 4,"Actual Loops": 1,"Group Key": ["l_returnflag", "l_linestatus"],"Plans": [{"Node Type": "Gather Merge","Parent Relationship": "Outer","Parallel Aware": false,"Async Capable": false,"Startup Cost": 183672.66,"Total Cost": 183675.54,"Plan Rows": 24,"Plan Width": 236,"Actual Startup Time": 1616.040,"Actual Total Time": 1649.181,"Actual Rows": 20,"Actual Loops": 1,"Workers Planned": 4,"Workers Launched": 4,"Plans": [{"Node Type": "Sort","Parent Relationship": "Outer","Parallel Aware": false,"Async Capable": false,"Startup Cost": 182672.60,"Total Cost": 182672.62,"Plan Rows": 6,"Plan Width": 236,"Actual Startup Time": 1608.293,"Actual Total Time": 1608.295,"Actual Rows": 4,"Actual Loops": 5,"Sort Key": ["l_returnflag", "l_linestatus"],"Sort Method": "quicksort","Sort Space Used": 27,"Sort Space Type": "Memory","Workers": [{"Worker Number": 0,"Sort Method": "quicksort","Sort Space Used": 27,"Sort Space Type": "Memory"},{"Worker Number": 1,"Sort Method": "quicksort","Sort Space Used": 27,"Sort Space Type": "Memory"},{"Worker Number": 2,"Sort Method": "quicksort","Sort Space Used": 27,"Sort Space Type": "Memory"},{"Worker Number": 3,"Sort Method": "quicksort","Sort Space Used": 27,"Sort Space Type": "Memory"}],"Plans": [{"Node Type": "Aggregate","Strategy": "Hashed","Partial Mode": "Partial","Parent Relationship": "Outer","Parallel Aware": false,"Async Capable": false,"Startup Cost": 182672.39,"Total Cost": 182672.53,"Plan Rows": 6,"Plan Width": 236,"Actual Startup Time": 1608.122,"Actual Total Time": 1608.128,"Actual Rows": 4,"Actual Loops": 5,"Group Key": ["l_returnflag", "l_linestatus"],"Planned Partitions": 0,"HashAgg Batches": 1,"Peak Memory Usage": 32,"Disk Usage": 0,"Workers": [{"Worker Number": 0,"HashAgg Batches": 1,"Peak Memory Usage": 32,"Disk Usage": 0},{"Worker Number": 1,"HashAgg Batches": 1,"Peak Memory Usage": 32,"Disk Usage": 0},{"Worker Number": 2,"HashAgg Batches": 1,"Peak Memory Usage": 32,"Disk Usage": 0},{"Worker Number": 3,"HashAgg Batches": 1,"Peak Memory Usage": 32,"Disk Usage": 0}],"Plans": [{"Node Type": "Seq Scan","Parent Relationship": "Outer","Parallel Aware": true,"Async Capable": false,"Relation Name": "lineitem","Alias": "lineitem","Startup Cost": 0.00,"Total Cost": 131256.80,"Plan Rows": 1469017,"Plan Width": 25,"Actual Startup Time": 0.038,"Actual Total Time": 601.467,"Actual Rows": 1175005,"Actual Loops": 5,"Filter": "(l_shipdate <= '1998-08-13 00:00:00'::timestamp without time zone)","Rows Removed by Filter": 25238,"Workers": []}]}]}]}]},"Planning Time": 3.226,"Triggers": [],"Execution Time": 1649.755}]
[{"Plan": {"Node Type": "Aggregate","Strategy": "Sorted","Partial Mode": "Finalize","Parallel Aware": false,"Async Capable": false,"Startup Cost": 183976.01,"Total Cost": 183979.83,"Plan Rows": 6,"Plan Width": 236,"Actual Startup Time": 1637.230,"Actual Total Time": 1671.180,"Actual Rows": 4,"Actual Loops": 1,"Group Key": ["l_returnflag", "l_linestatus"],"Plans": [{"Node Type": "Gather Merge","Parent Relationship": "Outer","Parallel Aware": false,"Async Capable": false,"Startup Cost": 183976.01,"Total Cost": 183978.88,"Plan Rows": 24,"Plan Width": 236,"Actual Startup Time": 1637.140,"Actual Total Time": 1671.060,"Actual Rows": 20,"Actual Loops": 1,"Workers Planned": 4,"Workers Launched": 4,"Plans": [{"Node Type": "Sort","Parent Relationship": "Outer","Parallel Aware": false,"Async Capable": false,"Startup Cost": 182975.95,"Total Cost": 182975.96,"Plan Rows": 6,"Plan Width": 236,"Actual Startup Time": 1629.253,"Actual Total Time": 1629.258,"Actual Rows": 4,"Actual Loops": 5,"Sort Key": ["l_returnflag", "l_linestatus"],"Sort Method": "quicksort","Sort Space Used": 27,"Sort Space Type": "Memory","Workers": [{"Worker Number": 0,"Sort Method": "quicksort","Sort Space Used": 27,"Sort Space Type": "Memory"},{"Worker Number": 1,"Sort Method": "quicksort","Sort Space Used": 27,"Sort Space Type": "Memory"},{"Worker Number": 2,"Sort Method": "quicksort","Sort Space Used": 27,"Sort Space Type": "Memory"},{"Worker Number": 3,"Sort Method": "quicksort","Sort Space Used": 27,"Sort Space Type": "Memory"}],"Plans": [{"Node Type": "Aggregate","Strategy": "Hashed","Partial Mode": "Partial","Parent Relationship": "Outer","Parallel Aware": false,"Async Capable": false,"Startup Cost": 182975.74,"Total Cost": 182975.87,"Plan Rows": 6,"Plan Width": 236,"Actual Startup Time": 1629.096,"Actual Total Time": 1629.104,"Actual Rows": 4,"Actual Loops": 5,"Group Key": ["l_returnflag", "l_linestatus"],"Planned Partitions": 0,"HashAgg Batches": 1,"Peak Memory Usage": 32,"Disk Usage": 0,"Workers": [{"Worker Number": 0,"HashAgg Batches": 1,"Peak Memory Usage": 32,"Disk Usage": 0},{"Worker Number": 1,"HashAgg Batches": 1,"Peak Memory Usage": 32,"Disk Usage": 0},{"Worker Number": 2,"HashAgg Batches": 1,"Peak Memory Usage": 32,"Disk Usage": 0},{"Worker Number": 3,"HashAgg Batches": 1,"Peak Memory Usage": 32,"Disk Usage": 0}],"Plans": [{"Node Type": "Seq Scan","Parent Relationship": "Outer","Parallel Aware": true,"Async Capable": false,"Relation Name": "lineitem","Alias": "lineitem","Startup Cost": 0.00,"Total Cost": 131256.80,"Plan Rows": 1477684,"Plan Width": 25,"Actual Startup Time": 0.036,"Actual Total Time": 613.605,"Actual Rows": 1182950,"Actual Loops": 5,"Filter": "(l_shipdate <= '1998-09-01 00:00:00'::timestamp without time zone)","Rows Removed by Filter": 17293,"Workers": []}]}]}]}]},"Planning Time": 3.200,"Triggers": [],"Execution Time": 1671.603}]
[{"Plan": {"Node Type": "Aggregate","Strategy": "Sorted","Partial Mode": "Finalize","Parallel Aware": false,"Async Capable": false,"Startup Cost": 183493.50,"Total Cost": 183497.32,"Plan Rows": 6,"Plan Width": 236,"Actual Startup Time": 1609.024,"Actual Total Time": 1641.882,"Actual Rows": 4,"Actual Loops": 1,"Group Key": ["l_returnflag", "l_linestatus"],"Plans": [{"Node Type": "Gather Merge","Parent Relationship": "Outer","Parallel Aware": false,"Async Capable": false,"Startup Cost": 183493.50,"Total Cost": 183496.37,"Plan Rows": 24,"Plan Width": 236,"Actual Startup Time": 1608.904,"Actual Total Time": 1641.764,"Actual Rows": 20,"Actual Loops": 1,"Workers Planned": 4,"Workers Launched": 4,"Plans": [{"Node Type": "Sort","Parent Relationship": "Outer","Parallel Aware": false,"Async Capable": false,"Startup Cost": 182493.44,"Total Cost": 182493.45,"Plan Rows": 6,"Plan Width": 236,"Actual Startup Time": 1601.101,"Actual Total Time": 1601.104,"Actual Rows": 4,"Actual Loops": 5,"Sort Key": ["l_returnflag", "l_linestatus"],"Sort Method": "quicksort","Sort Space Used": 27,"Sort Space Type": "Memory","Workers": [{"Worker Number": 0,"Sort Method": "quicksort","Sort Space Used": 27,"Sort Space Type": "Memory"},{"Worker Number": 1,"Sort Method": "quicksort","Sort Space Used": 27,"Sort Space Type": "Memory"},{"Worker Number": 2,"Sort Method": "quicksort","Sort Space Used": 27,"Sort Space Type": "Memory"},{"Worker Number": 3,"Sort Method": "quicksort","Sort Space Used": 27,"Sort Space Type": "Memory"}],"Plans": [{"Node Type": "Aggregate","Strategy": "Hashed","Partial Mode": "Partial","Parent Relationship": "Outer","Parallel Aware": false,"Async Capable": false,"Startup Cost": 182493.23,"Total Cost": 182493.36,"Plan Rows": 6,"Plan Width": 236,"Actual Startup Time": 1601.000,"Actual Total Time": 1601.008,"Actual Rows": 4,"Actual Loops": 5,"Group Key": ["l_returnflag", "l_linestatus"],"Planned Partitions": 0,"HashAgg Batches": 1,"Peak Memory Usage": 32,"Disk Usage": 0,"Workers": [{"Worker Number": 0,"HashAgg Batches": 1,"Peak Memory Usage": 32,"Disk Usage": 0},{"Worker Number": 1,"HashAgg Batches": 1,"Peak Memory Usage": 32,"Disk Usage": 0},{"Worker Number": 2,"HashAgg Batches": 1,"Peak Memory Usage": 32,"Disk Usage": 0},{"Worker Number": 3,"HashAgg Batches": 1,"Peak Memory Usage": 32,"Disk Usage": 0}],"Plans": [{"Node Type": "Seq Scan","Parent Relationship": "Outer","Parallel Aware": true,"Async Capable": false,"Relation Name": "lineitem","Alias": "lineitem","Startup Cost": 0.00,"Total Cost": 131256.80,"Plan Rows": 1463898,"Plan Width": 25,"Actual Startup Time": 0.042,"Actual Total Time": 598.084,"Actual Rows": 1170668,"Actual Loops": 5,"Filter": "(l_shipdate <= '1998-08-04 00:00:00'::timestamp without time zone)","Rows Removed by Filter": 29575,"Workers": []}]}]}]}]},"Planning Time": 3.512,"Triggers": [],"Execution Time": 1642.332}]
[{"Plan": {"Node Type": "Aggregate","Strategy": "Sorted","Partial Mode": "Finalize","Parallel Aware": false,"Async Capable": false,"Startup Cost": 183915.11,"Total Cost": 183918.93,"Plan Rows": 6,"Plan Width": 236,"Actual Startup Time": 1617.865,"Actual Total Time": 1652.425,"Actual Rows": 4,"Actual Loops": 1,"Group Key": ["l_returnflag", "l_linestatus"],"Plans": [{"Node Type": "Gather Merge","Parent Relationship": "Outer","Parallel Aware": false,"Async Capable": false,"Startup Cost": 183915.11,"Total Cost": 183917.98,"Plan Rows": 24,"Plan Width": 236,"Actual Startup Time": 1617.776,"Actual Total Time": 1652.277,"Actual Rows": 20,"Actual Loops": 1,"Workers Planned": 4,"Workers Launched": 4,"Plans": [{"Node Type": "Sort","Parent Relationship": "Outer","Parallel Aware": false,"Async Capable": false,"Startup Cost": 182915.05,"Total Cost": 182915.06,"Plan Rows": 6,"Plan Width": 236,"Actual Startup Time": 1610.319,"Actual Total Time": 1610.323,"Actual Rows": 4,"Actual Loops": 5,"Sort Key": ["l_returnflag", "l_linestatus"],"Sort Method": "quicksort","Sort Space Used": 27,"Sort Space Type": "Memory","Workers": [{"Worker Number": 0,"Sort Method": "quicksort","Sort Space Used": 27,"Sort Space Type": "Memory"},{"Worker Number": 1,"Sort Method": "quicksort","Sort Space Used": 27,"Sort Space Type": "Memory"},{"Worker Number": 2,"Sort Method": "quicksort","Sort Space Used": 27,"Sort Space Type": "Memory"},{"Worker Number": 3,"Sort Method": "quicksort","Sort Space Used": 27,"Sort Space Type": "Memory"}],"Plans": [{"Node Type": "Aggregate","Strategy": "Hashed","Partial Mode": "Partial","Parent Relationship": "Outer","Parallel Aware": false,"Async Capable": false,"Startup Cost": 182914.84,"Total Cost": 182914.97,"Plan Rows": 6,"Plan Width": 236,"Actual Startup Time": 1610.220,"Actual Total Time": 1610.228,"Actual Rows": 4,"Actual Loops": 5,"Group Key": ["l_returnflag", "l_linestatus"],"Planned Partitions": 0,"HashAgg Batches": 1,"Peak Memory Usage": 32,"Disk Usage": 0,"Workers": [{"Worker Number": 0,"HashAgg Batches": 1,"Peak Memory Usage": 32,"Disk Usage": 0},{"Worker Number": 1,"HashAgg Batches": 1,"Peak Memory Usage": 32,"Disk Usage": 0},{"Worker Number": 2,"HashAgg Batches": 1,"Peak Memory Usage": 32,"Disk Usage": 0},{"Worker Number": 3,"HashAgg Batches": 1,"Peak Memory Usage": 32,"Disk Usage": 0}],"Plans": [{"Node Type": "Seq Scan","Parent Relationship": "Outer","Parallel Aware": true,"Async Capable": false,"Relation Name": "lineitem","Alias": "lineitem","Startup Cost": 0.00,"Total Cost": 131256.80,"Plan Rows": 1475944,"Plan Width": 25,"Actual Startup Time": 0.051,"Actual Total Time": 598.821,"Actual Rows": 1181394,"Actual Loops": 5,"Filter": "(l_shipdate <= '1998-08-28 00:00:00'::timestamp without time zone)","Rows Removed by Filter": 18849,"Workers": []}]}]}]}]},"Planning Time": 2.726,"Triggers": [],"Execution Time": 1652.808}]
[{"Plan": {"Node Type": "Aggregate","Strategy": "Sorted","Partial Mode": "Finalize","Parallel Aware": false,"Async Capable": false,"Startup Cost": 184271.34,"Total Cost": 184275.16,"Plan Rows": 6,"Plan Width": 236,"Actual Startup Time": 1627.489,"Actual Total Time": 1661.299,"Actual Rows": 4,"Actual Loops": 1,"Group Key": ["l_returnflag", "l_linestatus"],"Plans": [{"Node Type": "Gather Merge","Parent Relationship": "Outer","Parallel Aware": false,"Async Capable": false,"Startup Cost": 184271.34,"Total Cost": 184274.21,"Plan Rows": 24,"Plan Width": 236,"Actual Startup Time": 1627.365,"Actual Total Time": 1661.147,"Actual Rows": 20,"Actual Loops": 1,"Workers Planned": 4,"Workers Launched": 4,"Plans": [{"Node Type": "Sort","Parent Relationship": "Outer","Parallel Aware": false,"Async Capable": false,"Startup Cost": 183271.28,"Total Cost": 183271.29,"Plan Rows": 6,"Plan Width": 236,"Actual Startup Time": 1619.927,"Actual Total Time": 1619.931,"Actual Rows": 4,"Actual Loops": 5,"Sort Key": ["l_returnflag", "l_linestatus"],"Sort Method": "quicksort","Sort Space Used": 27,"Sort Space Type": "Memory","Workers": [{"Worker Number": 0,"Sort Method": "quicksort","Sort Space Used": 27,"Sort Space Type": "Memory"},{"Worker Number": 1,"Sort Method": "quicksort","Sort Space Used": 27,"Sort Space Type": "Memory"},{"Worker Number": 2,"Sort Method": "quicksort","Sort Space Used": 27,"Sort Space Type": "Memory"},{"Worker Number": 3,"Sort Method": "quicksort","Sort Space Used": 27,"Sort Space Type": "Memory"}],"Plans": [{"Node Type": "Aggregate","Strategy": "Hashed","Partial Mode": "Partial","Parent Relationship": "Outer","Parallel Aware": false,"Async Capable": false,"Startup Cost": 183271.07,"Total Cost": 183271.20,"Plan Rows": 6,"Plan Width": 236,"Actual Startup Time": 1619.825,"Actual Total Time": 1619.834,"Actual Rows": 4,"Actual Loops": 5,"Group Key": ["l_returnflag", "l_linestatus"],"Planned Partitions": 0,"HashAgg Batches": 1,"Peak Memory Usage": 32,"Disk Usage": 0,"Workers": [{"Worker Number": 0,"HashAgg Batches": 1,"Peak Memory Usage": 32,"Disk Usage": 0},{"Worker Number": 1,"HashAgg Batches": 1,"Peak Memory Usage": 32,"Disk Usage": 0},{"Worker Number": 2,"HashAgg Batches": 1,"Peak Memory Usage": 32,"Disk Usage": 0},{"Worker Number": 3,"HashAgg Batches": 1,"Peak Memory Usage": 32,"Disk Usage": 0}],"Plans": [{"Node Type": "Seq Scan","Parent Relationship": "Outer","Parallel Aware": true,"Async Capable": false,"Relation Name": "lineitem","Alias": "lineitem","Startup Cost": 0.00,"Total Cost": 131256.80,"Plan Rows": 1486122,"Plan Width": 25,"Actual Startup Time": 0.036,"Actual Total Time": 598.919,"Actual Rows": 1189982,"Actual Loops": 5,"Filter": "(l_shipdate <= '1998-09-22 00:00:00'::timestamp without time zone)","Rows Removed by Filter": 10261,"Workers": []}]}]}]}]},"Planning Time": 2.236,"Triggers": [],"Execution Time": 1661.794}]
[{"Plan": {"Node Type": "Aggregate","Strategy": "Sorted","Partial Mode": "Finalize","Parallel Aware": false,"Async Capable": false,"Startup Cost": 183632.87,"Total Cost": 183636.69,"Plan Rows": 6,"Plan Width": 236,"Actual Startup Time": 1623.728,"Actual Total Time": 1657.080,"Actual Rows": 4,"Actual Loops": 1,"Group Key": ["l_returnflag", "l_linestatus"],"Plans": [{"Node Type": "Gather Merge","Parent Relationship": "Outer","Parallel Aware": false,"Async Capable": false,"Startup Cost": 183632.87,"Total Cost": 183635.74,"Plan Rows": 24,"Plan Width": 236,"Actual Startup Time": 1623.595,"Actual Total Time": 1656.839,"Actual Rows": 20,"Actual Loops": 1,"Workers Planned": 4,"Workers Launched": 4,"Plans": [{"Node Type": "Sort","Parent Relationship": "Outer","Parallel Aware": false,"Async Capable": false,"Startup Cost": 182632.81,"Total Cost": 182632.82,"Plan Rows": 6,"Plan Width": 236,"Actual Startup Time": 1615.244,"Actual Total Time": 1615.253,"Actual Rows": 4,"Actual Loops": 5,"Sort Key": ["l_returnflag", "l_linestatus"],"Sort Method": "quicksort","Sort Space Used": 27,"Sort Space Type": "Memory","Workers": [{"Worker Number": 0,"Sort Method": "quicksort","Sort Space Used": 27,"Sort Space Type": "Memory"},{"Worker Number": 1,"Sort Method": "quicksort","Sort Space Used": 27,"Sort Space Type": "Memory"},{"Worker Number": 2,"Sort Method": "quicksort","Sort Space Used": 27,"Sort Space Type": "Memory"},{"Worker Number": 3,"Sort Method": "quicksort","Sort Space Used": 27,"Sort Space Type": "Memory"}],"Plans": [{"Node Type": "Aggregate","Strategy": "Hashed","Partial Mode": "Partial","Parent Relationship": "Outer","Parallel Aware": false,"Async Capable": false,"Startup Cost": 182632.60,"Total Cost": 182632.73,"Plan Rows": 6,"Plan Width": 236,"Actual Startup Time": 1615.145,"Actual Total Time": 1615.156,"Actual Rows": 4,"Actual Loops": 5,"Group Key": ["l_returnflag", "l_linestatus"],"Planned Partitions": 0,"HashAgg Batches": 1,"Peak Memory Usage": 32,"Disk Usage": 0,"Workers": [{"Worker Number": 0,"HashAgg Batches": 1,"Peak Memory Usage": 32,"Disk Usage": 0},{"Worker Number": 1,"HashAgg Batches": 1,"Peak Memory Usage": 32,"Disk Usage": 0},{"Worker Number": 2,"HashAgg Batches": 1,"Peak Memory Usage": 32,"Disk Usage": 0},{"Worker Number": 3,"HashAgg Batches": 1,"Peak Memory Usage": 32,"Disk Usage": 0}],"Plans": [{"Node Type": "Seq Scan","Parent Relationship": "Outer","Parallel Aware": true,"Async Capable": false,"Relation Name": "lineitem","Alias": "lineitem","Startup Cost": 0.00,"Total Cost": 131256.80,"Plan Rows": 1467880,"Plan Width": 25,"Actual Startup Time": 0.041,"Actual Total Time": 606.679,"Actual Rows": 1174072,"Actual Loops": 5,"Filter": "(l_shipdate <= '1998-08-11 00:00:00'::timestamp without time zone)","Rows Removed by Filter": 26171,"Workers": []}]}]}]}]},"Planning Time": 2.392,"Triggers": [],"Execution Time": 1657.451}]
[{"Plan": {"Node Type": "Aggregate","Strategy": "Sorted","Partial Mode": "Finalize","Parallel Aware": false,"Async Capable": false,"Startup Cost": 183692.58,"Total Cost": 183696.40,"Plan Rows": 6,"Plan Width": 236,"Actual Startup Time": 1626.646,"Actual Total Time": 1661.361,"Actual Rows": 4,"Actual Loops": 1,"Group Key": ["l_returnflag", "l_linestatus"],"Plans": [{"Node Type": "Gather Merge","Parent Relationship": "Outer","Parallel Aware": false,"Async Capable": false,"Startup Cost": 183692.58,"Total Cost": 183695.45,"Plan Rows": 24,"Plan Width": 236,"Actual Startup Time": 1626.569,"Actual Total Time": 1661.254,"Actual Rows": 20,"Actual Loops": 1,"Workers Planned": 4,"Workers Launched": 4,"Plans": [{"Node Type": "Sort","Parent Relationship": "Outer","Parallel Aware": false,"Async Capable": false,"Startup Cost": 182692.52,"Total Cost": 182692.53,"Plan Rows": 6,"Plan Width": 236,"Actual Startup Time": 1618.460,"Actual Total Time": 1618.464,"Actual Rows": 4,"Actual Loops": 5,"Sort Key": ["l_returnflag", "l_linestatus"],"Sort Method": "quicksort","Sort Space Used": 27,"Sort Space Type": "Memory","Workers": [{"Worker Number": 0,"Sort Method": "quicksort","Sort Space Used": 27,"Sort Space Type": "Memory"},{"Worker Number": 1,"Sort Method": "quicksort","Sort Space Used": 27,"Sort Space Type": "Memory"},{"Worker Number": 2,"Sort Method": "quicksort","Sort Space Used": 27,"Sort Space Type": "Memory"},{"Worker Number": 3,"Sort Method": "quicksort","Sort Space Used": 27,"Sort Space Type": "Memory"}],"Plans": [{"Node Type": "Aggregate","Strategy": "Hashed","Partial Mode": "Partial","Parent Relationship": "Outer","Parallel Aware": false,"Async Capable": false,"Startup Cost": 182692.31,"Total Cost": 182692.44,"Plan Rows": 6,"Plan Width": 236,"Actual Startup Time": 1618.346,"Actual Total Time": 1618.354,"Actual Rows": 4,"Actual Loops": 5,"Group Key": ["l_returnflag", "l_linestatus"],"Planned Partitions": 0,"HashAgg Batches": 1,"Peak Memory Usage": 32,"Disk Usage": 0,"Workers": [{"Worker Number": 0,"HashAgg Batches": 1,"Peak Memory Usage": 32,"Disk Usage": 0},{"Worker Number": 1,"HashAgg Batches": 1,"Peak Memory Usage": 32,"Disk Usage": 0},{"Worker Number": 2,"HashAgg Batches": 1,"Peak Memory Usage": 32,"Disk Usage": 0},{"Worker Number": 3,"HashAgg Batches": 1,"Peak Memory Usage": 32,"Disk Usage": 0}],"Plans": [{"Node Type": "Seq Scan","Parent Relationship": "Outer","Parallel Aware": true,"Async Capable": false,"Relation Name": "lineitem","Alias": "lineitem","Startup Cost": 0.00,"Total Cost": 131256.80,"Plan Rows": 1469586,"Plan Width": 25,"Actual Startup Time": 0.041,"Actual Total Time": 609.410,"Actual Rows": 1175478,"Actual Loops": 5,"Filter": "(l_shipdate <= '1998-08-14 00:00:00'::timestamp without time zone)","Rows Removed by Filter": 24765,"Workers": []}]}]}]}]},"Planning Time": 2.740,"Triggers": [],"Execution Time": 1661.769}]
[{"Plan": {"Node Type": "Aggregate","Strategy": "Sorted","Partial Mode": "Finalize","Parallel Aware": false,"Async Capable": false,"Startup Cost": 183762.86,"Total Cost": 183766.68,"Plan Rows": 6,"Plan Width": 236,"Actual Startup Time": 1624.125,"Actual Total Time": 1658.164,"Actual Rows": 4,"Actual Loops": 1,"Group Key": ["l_returnflag", "l_linestatus"],"Plans": [{"Node Type": "Gather Merge","Parent Relationship": "Outer","Parallel Aware": false,"Async Capable": false,"Startup Cost": 183762.86,"Total Cost": 183765.73,"Plan Rows": 24,"Plan Width": 236,"Actual Startup Time": 1624.055,"Actual Total Time": 1658.060,"Actual Rows": 20,"Actual Loops": 1,"Workers Planned": 4,"Workers Launched": 4,"Plans": [{"Node Type": "Sort","Parent Relationship": "Outer","Parallel Aware": false,"Async Capable": false,"Startup Cost": 182762.80,"Total Cost": 182762.81,"Plan Rows": 6,"Plan Width": 236,"Actual Startup Time": 1615.684,"Actual Total Time": 1615.689,"Actual Rows": 4,"Actual Loops": 5,"Sort Key": ["l_returnflag", "l_linestatus"],"Sort Method": "quicksort","Sort Space Used": 27,"Sort Space Type": "Memory","Workers": [{"Worker Number": 0,"Sort Method": "quicksort","Sort Space Used": 27,"Sort Space Type": "Memory"},{"Worker Number": 1,"Sort Method": "quicksort","Sort Space Used": 27,"Sort Space Type": "Memory"},{"Worker Number": 2,"Sort Method": "quicksort","Sort Space Used": 27,"Sort Space Type": "Memory"},{"Worker Number": 3,"Sort Method": "quicksort","Sort Space Used": 27,"Sort Space Type": "Memory"}],"Plans": [{"Node Type": "Aggregate","Strategy": "Hashed","Partial Mode": "Partial","Parent Relationship": "Outer","Parallel Aware": false,"Async Capable": false,"Startup Cost": 182762.59,"Total Cost": 182762.72,"Plan Rows": 6,"Plan Width": 236,"Actual Startup Time": 1615.553,"Actual Total Time": 1615.563,"Actual Rows": 4,"Actual Loops": 5,"Group Key": ["l_returnflag", "l_linestatus"],"Planned Partitions": 0,"HashAgg Batches": 1,"Peak Memory Usage": 32,"Disk Usage": 0,"Workers": [{"Worker Number": 0,"HashAgg Batches": 1,"Peak Memory Usage": 32,"Disk Usage": 0},{"Worker Number": 1,"HashAgg Batches": 1,"Peak Memory Usage": 32,"Disk Usage": 0},{"Worker Number": 2,"HashAgg Batches": 1,"Peak Memory Usage": 32,"Disk Usage": 0},{"Worker Number": 3,"HashAgg Batches": 1,"Peak Memory Usage": 32,"Disk Usage": 0}],"Plans": [{"Node Type": "Seq Scan","Parent Relationship": "Outer","Parallel Aware": true,"Async Capable": false,"Relation Name": "lineitem","Alias": "lineitem","Startup Cost": 0.00,"Total Cost": 131256.80,"Plan Rows": 1471594,"Plan Width": 25,"Actual Startup Time": 0.040,"Actual Total Time": 605.807,"Actual Rows": 1177251,"Actual Loops": 5,"Filter": "(l_shipdate <= '1998-08-18 00:00:00'::timestamp without time zone)","Rows Removed by Filter": 22992,"Workers": []}]}]}]}]},"Planning Time": 2.911,"Triggers": [],"Execution Time": 1658.466}]
[{"Plan": {"Node Type": "Aggregate","Strategy": "Sorted","Partial Mode": "Finalize","Parallel Aware": false,"Async Capable": false,"Startup Cost": 183854.21,"Total Cost": 183858.03,"Plan Rows": 6,"Plan Width": 236,"Actual Startup Time": 1621.142,"Actual Total Time": 1653.452,"Actual Rows": 4,"Actual Loops": 1,"Group Key": ["l_returnflag", "l_linestatus"],"Plans": [{"Node Type": "Gather Merge","Parent Relationship": "Outer","Parallel Aware": false,"Async Capable": false,"Startup Cost": 183854.21,"Total Cost": 183857.08,"Plan Rows": 24,"Plan Width": 236,"Actual Startup Time": 1621.057,"Actual Total Time": 1653.343,"Actual Rows": 20,"Actual Loops": 1,"Workers Planned": 4,"Workers Launched": 4,"Plans": [{"Node Type": "Sort","Parent Relationship": "Outer","Parallel Aware": false,"Async Capable": false,"Startup Cost": 182854.15,"Total Cost": 182854.16,"Plan Rows": 6,"Plan Width": 236,"Actual Startup Time": 1613.630,"Actual Total Time": 1613.634,"Actual Rows": 4,"Actual Loops": 5,"Sort Key": ["l_returnflag", "l_linestatus"],"Sort Method": "quicksort","Sort Space Used": 27,"Sort Space Type": "Memory","Workers": [{"Worker Number": 0,"Sort Method": "quicksort","Sort Space Used": 27,"Sort Space Type": "Memory"},{"Worker Number": 1,"Sort Method": "quicksort","Sort Space Used": 27,"Sort Space Type": "Memory"},{"Worker Number": 2,"Sort Method": "quicksort","Sort Space Used": 27,"Sort Space Type": "Memory"},{"Worker Number": 3,"Sort Method": "quicksort","Sort Space Used": 27,"Sort Space Type": "Memory"}],"Plans": [{"Node Type": "Aggregate","Strategy": "Hashed","Partial Mode": "Partial","Parent Relationship": "Outer","Parallel Aware": false,"Async Capable": false,"Startup Cost": 182853.94,"Total Cost": 182854.07,"Plan Rows": 6,"Plan Width": 236,"Actual Startup Time": 1613.488,"Actual Total Time": 1613.497,"Actual Rows": 4,"Actual Loops": 5,"Group Key": ["l_returnflag", "l_linestatus"],"Planned Partitions": 0,"HashAgg Batches": 1,"Peak Memory Usage": 32,"Disk Usage": 0,"Workers": [{"Worker Number": 0,"HashAgg Batches": 1,"Peak Memory Usage": 32,"Disk Usage": 0},{"Worker Number": 1,"HashAgg Batches": 1,"Peak Memory Usage": 32,"Disk Usage": 0},{"Worker Number": 2,"HashAgg Batches": 1,"Peak Memory Usage": 32,"Disk Usage": 0},{"Worker Number": 3,"HashAgg Batches": 1,"Peak Memory Usage": 32,"Disk Usage": 0}],"Plans": [{"Node Type": "Seq Scan","Parent Relationship": "Outer","Parallel Aware": true,"Async Capable": false,"Relation Name": "lineitem","Alias": "lineitem","Startup Cost": 0.00,"Total Cost": 131256.80,"Plan Rows": 1474204,"Plan Width": 25,"Actual Startup Time": 0.040,"Actual Total Time": 601.833,"Actual Rows": 1179767,"Actual Loops": 5,"Filter": "(l_shipdate <= '1998-08-24 00:00:00'::timestamp without time zone)","Rows Removed by Filter": 20476,"Workers": []}]}]}]}]},"Planning Time": 2.415,"Triggers": [],"Execution Time": 1653.758}]
[{"Plan": {"Node Type": "Aggregate","Strategy": "Sorted","Partial Mode": "Finalize","Parallel Aware": false,"Async Capable": false,"Startup Cost": 184292.58,"Total Cost": 184296.40,"Plan Rows": 6,"Plan Width": 236,"Actual Startup Time": 1633.594,"Actual Total Time": 1667.041,"Actual Rows": 4,"Actual Loops": 1,"Group Key": ["l_returnflag", "l_linestatus"],"Plans": [{"Node Type": "Gather Merge","Parent Relationship": "Outer","Parallel Aware": false,"Async Capable": false,"Startup Cost": 184292.58,"Total Cost": 184295.46,"Plan Rows": 24,"Plan Width": 236,"Actual Startup Time": 1633.506,"Actual Total Time": 1666.927,"Actual Rows": 20,"Actual Loops": 1,"Workers Planned": 4,"Workers Launched": 4,"Plans": [{"Node Type": "Sort","Parent Relationship": "Outer","Parallel Aware": false,"Async Capable": false,"Startup Cost": 183292.52,"Total Cost": 183292.54,"Plan Rows": 6,"Plan Width": 236,"Actual Startup Time": 1625.739,"Actual Total Time": 1625.743,"Actual Rows": 4,"Actual Loops": 5,"Sort Key": ["l_returnflag", "l_linestatus"],"Sort Method": "quicksort","Sort Space Used": 27,"Sort Space Type": "Memory","Workers": [{"Worker Number": 0,"Sort Method": "quicksort","Sort Space Used": 27,"Sort Space Type": "Memory"},{"Worker Number": 1,"Sort Method": "quicksort","Sort Space Used": 27,"Sort Space Type": "Memory"},{"Worker Number": 2,"Sort Method": "quicksort","Sort Space Used": 27,"Sort Space Type": "Memory"},{"Worker Number": 3,"Sort Method": "quicksort","Sort Space Used": 27,"Sort Space Type": "Memory"}],"Plans": [{"Node Type": "Aggregate","Strategy": "Hashed","Partial Mode": "Partial","Parent Relationship": "Outer","Parallel Aware": false,"Async Capable": false,"Startup Cost": 183292.31,"Total Cost": 183292.45,"Plan Rows": 6,"Plan Width": 236,"Actual Startup Time": 1625.630,"Actual Total Time": 1625.638,"Actual Rows": 4,"Actual Loops": 5,"Group Key": ["l_returnflag", "l_linestatus"],"Planned Partitions": 0,"HashAgg Batches": 1,"Peak Memory Usage": 32,"Disk Usage": 0,"Workers": [{"Worker Number": 0,"HashAgg Batches": 1,"Peak Memory Usage": 32,"Disk Usage": 0},{"Worker Number": 1,"HashAgg Batches": 1,"Peak Memory Usage": 32,"Disk Usage": 0},{"Worker Number": 2,"HashAgg Batches": 1,"Peak Memory Usage": 32,"Disk Usage": 0},{"Worker Number": 3,"HashAgg Batches": 1,"Peak Memory Usage": 32,"Disk Usage": 0}],"Plans": [{"Node Type": "Seq Scan","Parent Relationship": "Outer","Parallel Aware": true,"Async Capable": false,"Relation Name": "lineitem","Alias": "lineitem","Startup Cost": 0.00,"Total Cost": 131256.80,"Plan Rows": 1486729,"Plan Width": 25,"Actual Startup Time": 0.041,"Actual Total Time": 605.239,"Actual Rows": 1190833,"Actual Loops": 5,"Filter": "(l_shipdate <= '1998-09-25 00:00:00'::timestamp without time zone)","Rows Removed by Filter": 9410,"Workers": []}]}]}]}]},"Planning Time": 2.948,"Triggers": [],"Execution Time": 1667.404}]
[{"Plan": {"Node Type": "Aggregate","Strategy": "Sorted","Partial Mode": "Finalize","Parallel Aware": false,"Async Capable": false,"Startup Cost": 184219.61,"Total Cost": 184223.43,"Plan Rows": 6,"Plan Width": 236,"Actual Startup Time": 1646.602,"Actual Total Time": 1679.901,"Actual Rows": 4,"Actual Loops": 1,"Group Key": ["l_returnflag", "l_linestatus"],"Plans": [{"Node Type": "Gather Merge","Parent Relationship": "Outer","Parallel Aware": false,"Async Capable": false,"Startup Cost": 184219.61,"Total Cost": 184222.48,"Plan Rows": 24,"Plan Width": 236,"Actual Startup Time": 1646.535,"Actual Total Time": 1679.806,"Actual Rows": 20,"Actual Loops": 1,"Workers Planned": 4,"Workers Launched": 4,"Plans": [{"Node Type": "Sort","Parent Relationship": "Outer","Parallel Aware": false,"Async Capable": false,"Startup Cost": 183219.55,"Total Cost": 183219.56,"Plan Rows": 6,"Plan Width": 236,"Actual Startup Time": 1638.551,"Actual Total Time": 1638.556,"Actual Rows": 4,"Actual Loops": 5,"Sort Key": ["l_returnflag", "l_linestatus"],"Sort Method": "quicksort","Sort Space Used": 27,"Sort Space Type": "Memory","Workers": [{"Worker Number": 0,"Sort Method": "quicksort","Sort Space Used": 27,"Sort Space Type": "Memory"},{"Worker Number": 1,"Sort Method": "quicksort","Sort Space Used": 27,"Sort Space Type": "Memory"},{"Worker Number": 2,"Sort Method": "quicksort","Sort Space Used": 27,"Sort Space Type": "Memory"},{"Worker Number": 3,"Sort Method": "quicksort","Sort Space Used": 27,"Sort Space Type": "Memory"}],"Plans": [{"Node Type": "Aggregate","Strategy": "Hashed","Partial Mode": "Partial","Parent Relationship": "Outer","Parallel Aware": false,"Async Capable": false,"Startup Cost": 183219.34,"Total Cost": 183219.47,"Plan Rows": 6,"Plan Width": 236,"Actual Startup Time": 1638.441,"Actual Total Time": 1638.450,"Actual Rows": 4,"Actual Loops": 5,"Group Key": ["l_returnflag", "l_linestatus"],"Planned Partitions": 0,"HashAgg Batches": 1,"Peak Memory Usage": 32,"Disk Usage": 0,"Workers": [{"Worker Number": 0,"HashAgg Batches": 1,"Peak Memory Usage": 32,"Disk Usage": 0},{"Worker Number": 1,"HashAgg Batches": 1,"Peak Memory Usage": 32,"Disk Usage": 0},{"Worker Number": 2,"HashAgg Batches": 1,"Peak Memory Usage": 32,"Disk Usage": 0},{"Worker Number": 3,"HashAgg Batches": 1,"Peak Memory Usage": 32,"Disk Usage": 0}],"Plans": [{"Node Type": "Seq Scan","Parent Relationship": "Outer","Parallel Aware": true,"Async Capable": false,"Relation Name": "lineitem","Alias": "lineitem","Startup Cost": 0.00,"Total Cost": 131256.80,"Plan Rows": 1484644,"Plan Width": 25,"Actual Startup Time": 0.045,"Actual Total Time": 617.400,"Actual Rows": 1188486,"Actual Loops": 5,"Filter": "(l_shipdate <= '1998-09-17 00:00:00'::timestamp without time zone)","Rows Removed by Filter": 11757,"Workers": []}]}]}]}]},"Planning Time": 3.561,"Triggers": [],"Execution Time": 1680.351}]
[{"Plan": {"Node Type": "Aggregate","Strategy": "Sorted","Partial Mode": "Finalize","Parallel Aware": false,"Async Capable": false,"Startup Cost": 184113.03,"Total Cost": 184116.85,"Plan Rows": 6,"Plan Width": 236,"Actual Startup Time": 1626.286,"Actual Total Time": 1659.080,"Actual Rows": 4,"Actual Loops": 1,"Group Key": ["l_returnflag", "l_linestatus"],"Plans": [{"Node Type": "Gather Merge","Parent Relationship": "Outer","Parallel Aware": false,"Async Capable": false,"Startup Cost": 184113.03,"Total Cost": 184115.91,"Plan Rows": 24,"Plan Width": 236,"Actual Startup Time": 1626.211,"Actual Total Time": 1658.952,"Actual Rows": 20,"Actual Loops": 1,"Workers Planned": 4,"Workers Launched": 4,"Plans": [{"Node Type": "Sort","Parent Relationship": "Outer","Parallel Aware": false,"Async Capable": false,"Startup Cost": 183112.97,"Total Cost": 183112.99,"Plan Rows": 6,"Plan Width": 236,"Actual Startup Time": 1618.938,"Actual Total Time": 1618.943,"Actual Rows": 4,"Actual Loops": 5,"Sort Key": ["l_returnflag", "l_linestatus"],"Sort Method": "quicksort","Sort Space Used": 27,"Sort Space Type": "Memory","Workers": [{"Worker Number": 0,"Sort Method": "quicksort","Sort Space Used": 27,"Sort Space Type": "Memory"},{"Worker Number": 1,"Sort Method": "quicksort","Sort Space Used": 27,"Sort Space Type": "Memory"},{"Worker Number": 2,"Sort Method": "quicksort","Sort Space Used": 27,"Sort Space Type": "Memory"},{"Worker Number": 3,"Sort Method": "quicksort","Sort Space Used": 27,"Sort Space Type": "Memory"}],"Plans": [{"Node Type": "Aggregate","Strategy": "Hashed","Partial Mode": "Partial","Parent Relationship": "Outer","Parallel Aware": false,"Async Capable": false,"Startup Cost": 183112.76,"Total Cost": 183112.90,"Plan Rows": 6,"Plan Width": 236,"Actual Startup Time": 1618.825,"Actual Total Time": 1618.836,"Actual Rows": 4,"Actual Loops": 5,"Group Key": ["l_returnflag", "l_linestatus"],"Planned Partitions": 0,"HashAgg Batches": 1,"Peak Memory Usage": 32,"Disk Usage": 0,"Workers": [{"Worker Number": 0,"HashAgg Batches": 1,"Peak Memory Usage": 32,"Disk Usage": 0},{"Worker Number": 1,"HashAgg Batches": 1,"Peak Memory Usage": 32,"Disk Usage": 0},{"Worker Number": 2,"HashAgg Batches": 1,"Peak Memory Usage": 32,"Disk Usage": 0},{"Worker Number": 3,"HashAgg Batches": 1,"Peak Memory Usage": 32,"Disk Usage": 0}],"Plans": [{"Node Type": "Seq Scan","Parent Relationship": "Outer","Parallel Aware": true,"Async Capable": false,"Relation Name": "lineitem","Alias": "lineitem","Startup Cost": 0.00,"Total Cost": 131256.80,"Plan Rows": 1481599,"Plan Width": 25,"Actual Startup Time": 0.033,"Actual Total Time": 600.023,"Actual Rows": 1186191,"Actual Loops": 5,"Filter": "(l_shipdate <= '1998-09-10 00:00:00'::timestamp without time zone)","Rows Removed by Filter": 14052,"Workers": []}]}]}]}]},"Planning Time": 2.494,"Triggers": [],"Execution Time": 1659.387}]
[{"Plan": {"Node Type": "Aggregate","Strategy": "Sorted","Partial Mode": "Finalize","Parallel Aware": false,"Async Capable": false,"Startup Cost": 184189.16,"Total Cost": 184192.98,"Plan Rows": 6,"Plan Width": 236,"Actual Startup Time": 1645.674,"Actual Total Time": 1680.009,"Actual Rows": 4,"Actual Loops": 1,"Group Key": ["l_returnflag", "l_linestatus"],"Plans": [{"Node Type": "Gather Merge","Parent Relationship": "Outer","Parallel Aware": false,"Async Capable": false,"Startup Cost": 184189.16,"Total Cost": 184192.03,"Plan Rows": 24,"Plan Width": 236,"Actual Startup Time": 1645.562,"Actual Total Time": 1679.891,"Actual Rows": 20,"Actual Loops": 1,"Workers Planned": 4,"Workers Launched": 4,"Plans": [{"Node Type": "Sort","Parent Relationship": "Outer","Parallel Aware": false,"Async Capable": false,"Startup Cost": 183189.10,"Total Cost": 183189.11,"Plan Rows": 6,"Plan Width": 236,"Actual Startup Time": 1638.058,"Actual Total Time": 1638.062,"Actual Rows": 4,"Actual Loops": 5,"Sort Key": ["l_returnflag", "l_linestatus"],"Sort Method": "quicksort","Sort Space Used": 27,"Sort Space Type": "Memory","Workers": [{"Worker Number": 0,"Sort Method": "quicksort","Sort Space Used": 27,"Sort Space Type": "Memory"},{"Worker Number": 1,"Sort Method": "quicksort","Sort Space Used": 27,"Sort Space Type": "Memory"},{"Worker Number": 2,"Sort Method": "quicksort","Sort Space Used": 27,"Sort Space Type": "Memory"},{"Worker Number": 3,"Sort Method": "quicksort","Sort Space Used": 27,"Sort Space Type": "Memory"}],"Plans": [{"Node Type": "Aggregate","Strategy": "Hashed","Partial Mode": "Partial","Parent Relationship": "Outer","Parallel Aware": false,"Async Capable": false,"Startup Cost": 183188.89,"Total Cost": 183189.02,"Plan Rows": 6,"Plan Width": 236,"Actual Startup Time": 1637.958,"Actual Total Time": 1637.967,"Actual Rows": 4,"Actual Loops": 5,"Group Key": ["l_returnflag", "l_linestatus"],"Planned Partitions": 0,"HashAgg Batches": 1,"Peak Memory Usage": 32,"Disk Usage": 0,"Workers": [{"Worker Number": 0,"HashAgg Batches": 1,"Peak Memory Usage": 32,"Disk Usage": 0},{"Worker Number": 1,"HashAgg Batches": 1,"Peak Memory Usage": 32,"Disk Usage": 0},{"Worker Number": 2,"HashAgg Batches": 1,"Peak Memory Usage": 32,"Disk Usage": 0},{"Worker Number": 3,"HashAgg Batches": 1,"Peak Memory Usage": 32,"Disk Usage": 0}],"Plans": [{"Node Type": "Seq Scan","Parent Relationship": "Outer","Parallel Aware": true,"Async Capable": false,"Relation Name": "lineitem","Alias": "lineitem","Startup Cost": 0.00,"Total Cost": 131256.80,"Plan Rows": 1483774,"Plan Width": 25,"Actual Startup Time": 0.042,"Actual Total Time": 618.846,"Actual Rows": 1187863,"Actual Loops": 5,"Filter": "(l_shipdate <= '1998-09-15 00:00:00'::timestamp without time zone)","Rows Removed by Filter": 12380,"Workers": []}]}]}]}]},"Planning Time": 3.014,"Triggers": [],"Execution Time": 1680.406}]
[{"Plan": {"Node Type": "Aggregate","Strategy": "Sorted","Partial Mode": "Finalize","Parallel Aware": false,"Async Capable": false,"Startup Cost": 183854.21,"Total Cost": 183858.03,"Plan Rows": 6,"Plan Width": 236,"Actual Startup Time": 1621.142,"Actual Total Time": 1653.452,"Actual Rows": 4,"Actual Loops": 1,"Group Key": ["l_returnflag", "l_linestatus"],"Plans": [{"Node Type": "Gather Merge","Parent Relationship": "Outer","Parallel Aware": false,"Async Capable": false,"Startup Cost": 183854.21,"Total Cost": 183857.08,"Plan Rows": 24,"Plan Width": 236,"Actual Startup Time": 1621.057,"Actual Total Time": 1653.343,"Actual Rows": 20,"Actual Loops": 1,"Workers Planned": 4,"Workers Launched": 4,"Plans": [{"Node Type": "Sort","Parent Relationship": "Outer","Parallel Aware": false,"Async Capable": false,"Startup Cost": 182854.15,"Total Cost": 182854.16,"Plan Rows": 6,"Plan Width": 236,"Actual Startup Time": 1613.630,"Actual Total Time": 1613.634,"Actual Rows": 4,"Actual Loops": 5,"Sort Key": ["l_returnflag", "l_linestatus"],"Sort Method": "quicksort","Sort Space Used": 27,"Sort Space Type": "Memory","Workers": [{"Worker Number": 0,"Sort Method": "quicksort","Sort Space Used": 27,"Sort Space Type": "Memory"},{"Worker Number": 1,"Sort Method": "quicksort","Sort Space Used": 27,"Sort Space Type": "Memory"},{"Worker Number": 2,"Sort Method": "quicksort","Sort Space Used": 27,"Sort Space Type": "Memory"},{"Worker Number": 3,"Sort Method": "quicksort","Sort Space Used": 27,"Sort Space Type": "Memory"}],"Plans": [{"Node Type": "Aggregate","Strategy": "Hashed","Partial Mode": "Partial","Parent Relationship": "Outer","Parallel Aware": false,"Async Capable": false,"Startup Cost": 182853.94,"Total Cost": 182854.07,"Plan Rows": 6,"Plan Width": 236,"Actual Startup Time": 1613.488,"Actual Total Time": 1613.497,"Actual Rows": 4,"Actual Loops": 5,"Group Key": ["l_returnflag", "l_linestatus"],"Planned Partitions": 0,"HashAgg Batches": 1,"Peak Memory Usage": 32,"Disk Usage": 0,"Workers": [{"Worker Number": 0,"HashAgg Batches": 1,"Peak Memory Usage": 32,"Disk Usage": 0},{"Worker Number": 1,"HashAgg Batches": 1,"Peak Memory Usage": 32,"Disk Usage": 0},{"Worker Number": 2,"HashAgg Batches": 1,"Peak Memory Usage": 32,"Disk Usage": 0},{"Worker Number": 3,"HashAgg Batches": 1,"Peak Memory Usage": 32,"Disk Usage": 0}],"Plans": [{"Node Type": "Seq Scan","Parent Relationship": "Outer","Parallel Aware": true,"Async Capable": false,"Relation Name": "lineitem","Alias": "lineitem","Startup Cost": 0.00,"Total Cost": 131256.80,"Plan Rows": 1474204,"Plan Width": 25,"Actual Startup Time": 0.040,"Actual Total Time": 601.833,"Actual Rows": 1179767,"Actual Loops": 5,"Filter": "(l_shipdate <= '1998-08-24 00:00:00'::timestamp without time zone)","Rows Removed by Filter": 20476,"Workers": []}]}]}]}]},"Planning Time": 2.415,"Triggers": [],"Execution Time": 1653.758}]
[{"Plan": {"Node Type": "Aggregate","Strategy": "Sorted","Partial Mode": "Finalize","Parallel Aware": false,"Async Capable": false,"Startup Cost": 184292.58,"Total Cost": 184296.40,"Plan Rows": 6,"Plan Width": 236,"Actual Startup Time": 1633.594,"Actual Total Time": 1667.041,"Actual Rows": 4,"Actual Loops": 1,"Group Key": ["l_returnflag", "l_linestatus"],"Plans": [{"Node Type": "Gather Merge","Parent Relationship": "Outer","Parallel Aware": false,"Async Capable": false,"Startup Cost": 184292.58,"Total Cost": 184295.46,"Plan Rows": 24,"Plan Width": 236,"Actual Startup Time": 1633.506,"Actual Total Time": 1666.927,"Actual Rows": 20,"Actual Loops": 1,"Workers Planned": 4,"Workers Launched": 4,"Plans": [{"Node Type": "Sort","Parent Relationship": "Outer","Parallel Aware": false,"Async Capable": false,"Startup Cost": 183292.52,"Total Cost": 183292.54,"Plan Rows": 6,"Plan Width": 236,"Actual Startup Time": 1625.739,"Actual Total Time": 1625.743,"Actual Rows": 4,"Actual Loops": 5,"Sort Key": ["l_returnflag", "l_linestatus"],"Sort Method": "quicksort","Sort Space Used": 27,"Sort Space Type": "Memory","Workers": [{"Worker Number": 0,"Sort Method": "quicksort","Sort Space Used": 27,"Sort Space Type": "Memory"},{"Worker Number": 1,"Sort Method": "quicksort","Sort Space Used": 27,"Sort Space Type": "Memory"},{"Worker Number": 2,"Sort Method": "quicksort","Sort Space Used": 27,"Sort Space Type": "Memory"},{"Worker Number": 3,"Sort Method": "quicksort","Sort Space Used": 27,"Sort Space Type": "Memory"}],"Plans": [{"Node Type": "Aggregate","Strategy": "Hashed","Partial Mode": "Partial","Parent Relationship": "Outer","Parallel Aware": false,"Async Capable": false,"Startup Cost": 183292.31,"Total Cost": 183292.45,"Plan Rows": 6,"Plan Width": 236,"Actual Startup Time": 1625.630,"Actual Total Time": 1625.638,"Actual Rows": 4,"Actual Loops": 5,"Group Key": ["l_returnflag", "l_linestatus"],"Planned Partitions": 0,"HashAgg Batches": 1,"Peak Memory Usage": 32,"Disk Usage": 0,"Workers": [{"Worker Number": 0,"HashAgg Batches": 1,"Peak Memory Usage": 32,"Disk Usage": 0},{"Worker Number": 1,"HashAgg Batches": 1,"Peak Memory Usage": 32,"Disk Usage": 0},{"Worker Number": 2,"HashAgg Batches": 1,"Peak Memory Usage": 32,"Disk Usage": 0},{"Worker Number": 3,"HashAgg Batches": 1,"Peak Memory Usage": 32,"Disk Usage": 0}],"Plans": [{"Node Type": "Seq Scan","Parent Relationship": "Outer","Parallel Aware": true,"Async Capable": false,"Relation Name": "lineitem","Alias": "lineitem","Startup Cost": 0.00,"Total Cost": 131256.80,"Plan Rows": 1486729,"Plan Width": 25,"Actual Startup Time": 0.041,"Actual Total Time": 605.239,"Actual Rows": 1190833,"Actual Loops": 5,"Filter": "(l_shipdate <= '1998-09-25 00:00:00'::timestamp without time zone)","Rows Removed by Filter": 9410,"Workers": []}]}]}]}]},"Planning Time": 2.948,"Triggers": [],"Execution Time": 1667.404}]
[{"Plan": {"Node Type": "Aggregate","Strategy": "Sorted","Partial Mode": "Finalize","Parallel Aware": false,"Async Capable": false,"Startup Cost": 184320.97,"Total Cost": 184324.79,"Plan Rows": 6,"Plan Width": 236,"Actual Startup Time": 1639.286,"Actual Total Time": 1673.341,"Actual Rows": 4,"Actual Loops": 1,"Group Key": ["l_returnflag", "l_linestatus"],"Plans": [{"Node Type": "Gather Merge","Parent Relationship": "Outer","Parallel Aware": false,"Async Capable": false,"Startup Cost": 184320.97,"Total Cost": 184323.84,"Plan Rows": 24,"Plan Width": 236,"Actual Startup Time": 1639.217,"Actual Total Time": 1673.248,"Actual Rows": 20,"Actual Loops": 1,"Workers Planned": 4,"Workers Launched": 4,"Plans": [{"Node Type": "Sort","Parent Relationship": "Outer","Parallel Aware": false,"Async Capable": false,"Startup Cost": 183320.91,"Total Cost": 183320.92,"Plan Rows": 6,"Plan Width": 236,"Actual Startup Time": 1630.806,"Actual Total Time": 1630.812,"Actual Rows": 4,"Actual Loops": 5,"Sort Key": ["l_returnflag", "l_linestatus"],"Sort Method": "quicksort","Sort Space Used": 27,"Sort Space Type": "Memory","Workers": [{"Worker Number": 0,"Sort Method": "quicksort","Sort Space Used": 27,"Sort Space Type": "Memory"},{"Worker Number": 1,"Sort Method": "quicksort","Sort Space Used": 27,"Sort Space Type": "Memory"},{"Worker Number": 2,"Sort Method": "quicksort","Sort Space Used": 27,"Sort Space Type": "Memory"},{"Worker Number": 3,"Sort Method": "quicksort","Sort Space Used": 27,"Sort Space Type": "Memory"}],"Plans": [{"Node Type": "Aggregate","Strategy": "Hashed","Partial Mode": "Partial","Parent Relationship": "Outer","Parallel Aware": false,"Async Capable": false,"Startup Cost": 183320.70,"Total Cost": 183320.83,"Plan Rows": 6,"Plan Width": 236,"Actual Startup Time": 1630.687,"Actual Total Time": 1630.697,"Actual Rows": 4,"Actual Loops": 5,"Group Key": ["l_returnflag", "l_linestatus"],"Planned Partitions": 0,"HashAgg Batches": 1,"Peak Memory Usage": 32,"Disk Usage": 0,"Workers": [{"Worker Number": 0,"HashAgg Batches": 1,"Peak Memory Usage": 32,"Disk Usage": 0},{"Worker Number": 1,"HashAgg Batches": 1,"Peak Memory Usage": 32,"Disk Usage": 0},{"Worker Number": 2,"HashAgg Batches": 1,"Peak Memory Usage": 32,"Disk Usage": 0},{"Worker Number": 3,"HashAgg Batches": 1,"Peak Memory Usage": 32,"Disk Usage": 0}],"Plans": [{"Node Type": "Seq Scan","Parent Relationship": "Outer","Parallel Aware": true,"Async Capable": false,"Relation Name": "lineitem","Alias": "lineitem","Startup Cost": 0.00,"Total Cost": 131256.80,"Plan Rows": 1487540,"Plan Width": 25,"Actual Startup Time": 0.050,"Actual Total Time": 607.902,"Actual Rows": 1191902,"Actual Loops": 5,"Filter": "(l_shipdate <= '1998-09-29 00:00:00'::timestamp without time zone)","Rows Removed by Filter": 8341,"Workers": []}]}]}]}]},"Planning Time": 3.425,"Triggers": [],"Execution Time": 1673.769}]
[{"Plan": {"Node Type": "Aggregate","Strategy": "Sorted","Partial Mode": "Finalize","Parallel Aware": false,"Async Capable": false,"Startup Cost": 184320.97,"Total Cost": 184324.79,"Plan Rows": 6,"Plan Width": 236,"Actual Startup Time": 1639.286,"Actual Total Time": 1673.341,"Actual Rows": 4,"Actual Loops": 1,"Group Key": ["l_returnflag", "l_linestatus"],"Plans": [{"Node Type": "Gather Merge","Parent Relationship": "Outer","Parallel Aware": false,"Async Capable": false,"Startup Cost": 184320.97,"Total Cost": 184323.84,"Plan Rows": 24,"Plan Width": 236,"Actual Startup Time": 1639.217,"Actual Total Time": 1673.248,"Actual Rows": 20,"Actual Loops": 1,"Workers Planned": 4,"Workers Launched": 4,"Plans": [{"Node Type": "Sort","Parent Relationship": "Outer","Parallel Aware": false,"Async Capable": false,"Startup Cost": 183320.91,"Total Cost": 183320.92,"Plan Rows": 6,"Plan Width": 236,"Actual Startup Time": 1630.806,"Actual Total Time": 1630.812,"Actual Rows": 4,"Actual Loops": 5,"Sort Key": ["l_returnflag", "l_linestatus"],"Sort Method": "quicksort","Sort Space Used": 27,"Sort Space Type": "Memory","Workers": [{"Worker Number": 0,"Sort Method": "quicksort","Sort Space Used": 27,"Sort Space Type": "Memory"},{"Worker Number": 1,"Sort Method": "quicksort","Sort Space Used": 27,"Sort Space Type": "Memory"},{"Worker Number": 2,"Sort Method": "quicksort","Sort Space Used": 27,"Sort Space Type": "Memory"},{"Worker Number": 3,"Sort Method": "quicksort","Sort Space Used": 27,"Sort Space Type": "Memory"}],"Plans": [{"Node Type": "Aggregate","Strategy": "Hashed","Partial Mode": "Partial","Parent Relationship": "Outer","Parallel Aware": false,"Async Capable": false,"Startup Cost": 183320.70,"Total Cost": 183320.83,"Plan Rows": 6,"Plan Width": 236,"Actual Startup Time": 1630.687,"Actual Total Time": 1630.697,"Actual Rows": 4,"Actual Loops": 5,"Group Key": ["l_returnflag", "l_linestatus"],"Planned Partitions": 0,"HashAgg Batches": 1,"Peak Memory Usage": 32,"Disk Usage": 0,"Workers": [{"Worker Number": 0,"HashAgg Batches": 1,"Peak Memory Usage": 32,"Disk Usage": 0},{"Worker Number": 1,"HashAgg Batches": 1,"Peak Memory Usage": 32,"Disk Usage": 0},{"Worker Number": 2,"HashAgg Batches": 1,"Peak Memory Usage": 32,"Disk Usage": 0},{"Worker Number": 3,"HashAgg Batches": 1,"Peak Memory Usage": 32,"Disk Usage": 0}],"Plans": [{"Node Type": "Seq Scan","Parent Relationship": "Outer","Parallel Aware": true,"Async Capable": false,"Relation Name": "lineitem","Alias": "lineitem","Startup Cost": 0.00,"Total Cost": 131256.80,"Plan Rows": 1487540,"Plan Width": 25,"Actual Startup Time": 0.050,"Actual Total Time": 607.902,"Actual Rows": 1191902,"Actual Loops": 5,"Filter": "(l_shipdate <= '1998-09-29 00:00:00'::timestamp without time zone)","Rows Removed by Filter": 8341,"Workers": []}]}]}]}]},"Planning Time": 3.425,"Triggers": [],"Execution Time": 1673.769}]
[{"Plan": {"Node Type": "Aggregate","Strategy": "Sorted","Partial Mode": "Finalize","Parallel Aware": false,"Async Capable": false,"Startup Cost": 184292.58,"Total Cost": 184296.40,"Plan Rows": 6,"Plan Width": 236,"Actual Startup Time": 1633.594,"Actual Total Time": 1667.041,"Actual Rows": 4,"Actual Loops": 1,"Group Key": ["l_returnflag", "l_linestatus"],"Plans": [{"Node Type": "Gather Merge","Parent Relationship": "Outer","Parallel Aware": false,"Async Capable": false,"Startup Cost": 184292.58,"Total Cost": 184295.46,"Plan Rows": 24,"Plan Width": 236,"Actual Startup Time": 1633.506,"Actual Total Time": 1666.927,"Actual Rows": 20,"Actual Loops": 1,"Workers Planned": 4,"Workers Launched": 4,"Plans": [{"Node Type": "Sort","Parent Relationship": "Outer","Parallel Aware": false,"Async Capable": false,"Startup Cost": 183292.52,"Total Cost": 183292.54,"Plan Rows": 6,"Plan Width": 236,"Actual Startup Time": 1625.739,"Actual Total Time": 1625.743,"Actual Rows": 4,"Actual Loops": 5,"Sort Key": ["l_returnflag", "l_linestatus"],"Sort Method": "quicksort","Sort Space Used": 27,"Sort Space Type": "Memory","Workers": [{"Worker Number": 0,"Sort Method": "quicksort","Sort Space Used": 27,"Sort Space Type": "Memory"},{"Worker Number": 1,"Sort Method": "quicksort","Sort Space Used": 27,"Sort Space Type": "Memory"},{"Worker Number": 2,"Sort Method": "quicksort","Sort Space Used": 27,"Sort Space Type": "Memory"},{"Worker Number": 3,"Sort Method": "quicksort","Sort Space Used": 27,"Sort Space Type": "Memory"}],"Plans": [{"Node Type": "Aggregate","Strategy": "Hashed","Partial Mode": "Partial","Parent Relationship": "Outer","Parallel Aware": false,"Async Capable": false,"Startup Cost": 183292.31,"Total Cost": 183292.45,"Plan Rows": 6,"Plan Width": 236,"Actual Startup Time": 1625.630,"Actual Total Time": 1625.638,"Actual Rows": 4,"Actual Loops": 5,"Group Key": ["l_returnflag", "l_linestatus"],"Planned Partitions": 0,"HashAgg Batches": 1,"Peak Memory Usage": 32,"Disk Usage": 0,"Workers": [{"Worker Number": 0,"HashAgg Batches": 1,"Peak Memory Usage": 32,"Disk Usage": 0},{"Worker Number": 1,"HashAgg Batches": 1,"Peak Memory Usage": 32,"Disk Usage": 0},{"Worker Number": 2,"HashAgg Batches": 1,"Peak Memory Usage": 32,"Disk Usage": 0},{"Worker Number": 3,"HashAgg Batches": 1,"Peak Memory Usage": 32,"Disk Usage": 0}],"Plans": [{"Node Type": "Seq Scan","Parent Relationship": "Outer","Parallel Aware": true,"Async Capable": false,"Relation Name": "lineitem","Alias": "lineitem","Startup Cost": 0.00,"Total Cost": 131256.80,"Plan Rows": 1486729,"Plan Width": 25,"Actual Startup Time": 0.041,"Actual Total Time": 605.239,"Actual Rows": 1190833,"Actual Loops": 5,"Filter": "(l_shipdate <= '1998-09-25 00:00:00'::timestamp without time zone)","Rows Removed by Filter": 9410,"Workers": []}]}]}]}]},"Planning Time": 2.948,"Triggers": [],"Execution Time": 1667.404}]
[{"Plan": {"Node Type": "Aggregate","Strategy": "Sorted","Partial Mode": "Finalize","Parallel Aware": false,"Async Capable": false,"Startup Cost": 183762.86,"Total Cost": 183766.68,"Plan Rows": 6,"Plan Width": 236,"Actual Startup Time": 1624.125,"Actual Total Time": 1658.164,"Actual Rows": 4,"Actual Loops": 1,"Group Key": ["l_returnflag", "l_linestatus"],"Plans": [{"Node Type": "Gather Merge","Parent Relationship": "Outer","Parallel Aware": false,"Async Capable": false,"Startup Cost": 183762.86,"Total Cost": 183765.73,"Plan Rows": 24,"Plan Width": 236,"Actual Startup Time": 1624.055,"Actual Total Time": 1658.060,"Actual Rows": 20,"Actual Loops": 1,"Workers Planned": 4,"Workers Launched": 4,"Plans": [{"Node Type": "Sort","Parent Relationship": "Outer","Parallel Aware": false,"Async Capable": false,"Startup Cost": 182762.80,"Total Cost": 182762.81,"Plan Rows": 6,"Plan Width": 236,"Actual Startup Time": 1615.684,"Actual Total Time": 1615.689,"Actual Rows": 4,"Actual Loops": 5,"Sort Key": ["l_returnflag", "l_linestatus"],"Sort Method": "quicksort","Sort Space Used": 27,"Sort Space Type": "Memory","Workers": [{"Worker Number": 0,"Sort Method": "quicksort","Sort Space Used": 27,"Sort Space Type": "Memory"},{"Worker Number": 1,"Sort Method": "quicksort","Sort Space Used": 27,"Sort Space Type": "Memory"},{"Worker Number": 2,"Sort Method": "quicksort","Sort Space Used": 27,"Sort Space Type": "Memory"},{"Worker Number": 3,"Sort Method": "quicksort","Sort Space Used": 27,"Sort Space Type": "Memory"}],"Plans": [{"Node Type": "Aggregate","Strategy": "Hashed","Partial Mode": "Partial","Parent Relationship": "Outer","Parallel Aware": false,"Async Capable": false,"Startup Cost": 182762.59,"Total Cost": 182762.72,"Plan Rows": 6,"Plan Width": 236,"Actual Startup Time": 1615.553,"Actual Total Time": 1615.563,"Actual Rows": 4,"Actual Loops": 5,"Group Key": ["l_returnflag", "l_linestatus"],"Planned Partitions": 0,"HashAgg Batches": 1,"Peak Memory Usage": 32,"Disk Usage": 0,"Workers": [{"Worker Number": 0,"HashAgg Batches": 1,"Peak Memory Usage": 32,"Disk Usage": 0},{"Worker Number": 1,"HashAgg Batches": 1,"Peak Memory Usage": 32,"Disk Usage": 0},{"Worker Number": 2,"HashAgg Batches": 1,"Peak Memory Usage": 32,"Disk Usage": 0},{"Worker Number": 3,"HashAgg Batches": 1,"Peak Memory Usage": 32,"Disk Usage": 0}],"Plans": [{"Node Type": "Seq Scan","Parent Relationship": "Outer","Parallel Aware": true,"Async Capable": false,"Relation Name": "lineitem","Alias": "lineitem","Startup Cost": 0.00,"Total Cost": 131256.80,"Plan Rows": 1471594,"Plan Width": 25,"Actual Startup Time": 0.040,"Actual Total Time": 605.807,"Actual Rows": 1177251,"Actual Loops": 5,"Filter": "(l_shipdate <= '1998-08-18 00:00:00'::timestamp without time zone)","Rows Removed by Filter": 22992,"Workers": []}]}]}]}]},"Planning Time": 2.911,"Triggers": [],"Execution Time": 1658.466}]
[{"Plan": {"Node Type": "Aggregate","Strategy": "Sorted","Partial Mode": "Finalize","Parallel Aware": false,"Async Capable": false,"Startup Cost": 183612.95,"Total Cost": 183616.77,"Plan Rows": 6,"Plan Width": 236,"Actual Startup Time": 1638.871,"Actual Total Time": 1672.616,"Actual Rows": 4,"Actual Loops": 1,"Group Key": ["l_returnflag", "l_linestatus"],"Plans": [{"Node Type": "Gather Merge","Parent Relationship": "Outer","Parallel Aware": false,"Async Capable": false,"Startup Cost": 183612.95,"Total Cost": 183615.83,"Plan Rows": 24,"Plan Width": 236,"Actual Startup Time": 1638.797,"Actual Total Time": 1672.514,"Actual Rows": 20,"Actual Loops": 1,"Workers Planned": 4,"Workers Launched": 4,"Plans": [{"Node Type": "Sort","Parent Relationship": "Outer","Parallel Aware": false,"Async Capable": false,"Startup Cost": 182612.89,"Total Cost": 182612.91,"Plan Rows": 6,"Plan Width": 236,"Actual Startup Time": 1630.744,"Actual Total Time": 1630.751,"Actual Rows": 4,"Actual Loops": 5,"Sort Key": ["l_returnflag", "l_linestatus"],"Sort Method": "quicksort","Sort Space Used": 27,"Sort Space Type": "Memory","Workers": [{"Worker Number": 0,"Sort Method": "quicksort","Sort Space Used": 27,"Sort Space Type": "Memory"},{"Worker Number": 1,"Sort Method": "quicksort","Sort Space Used": 27,"Sort Space Type": "Memory"},{"Worker Number": 2,"Sort Method": "quicksort","Sort Space Used": 27,"Sort Space Type": "Memory"},{"Worker Number": 3,"Sort Method": "quicksort","Sort Space Used": 27,"Sort Space Type": "Memory"}],"Plans": [{"Node Type": "Aggregate","Strategy": "Hashed","Partial Mode": "Partial","Parent Relationship": "Outer","Parallel Aware": false,"Async Capable": false,"Startup Cost": 182612.68,"Total Cost": 182612.82,"Plan Rows": 6,"Plan Width": 236,"Actual Startup Time": 1630.518,"Actual Total Time": 1630.530,"Actual Rows": 4,"Actual Loops": 5,"Group Key": ["l_returnflag", "l_linestatus"],"Planned Partitions": 0,"HashAgg Batches": 1,"Peak Memory Usage": 32,"Disk Usage": 0,"Workers": [{"Worker Number": 0,"HashAgg Batches": 1,"Peak Memory Usage": 32,"Disk Usage": 0},{"Worker Number": 1,"HashAgg Batches": 1,"Peak Memory Usage": 32,"Disk Usage": 0},{"Worker Number": 2,"HashAgg Batches": 1,"Peak Memory Usage": 32,"Disk Usage": 0},{"Worker Number": 3,"HashAgg Batches": 1,"Peak Memory Usage": 32,"Disk Usage": 0}],"Plans": [{"Node Type": "Seq Scan","Parent Relationship": "Outer","Parallel Aware": true,"Async Capable": false,"Relation Name": "lineitem","Alias": "lineitem","Startup Cost": 0.00,"Total Cost": 131256.80,"Plan Rows": 1467311,"Plan Width": 25,"Actual Startup Time": 0.045,"Actual Total Time": 621.213,"Actual Rows": 1173591,"Actual Loops": 5,"Filter": "(l_shipdate <= '1998-08-10 00:00:00'::timestamp without time zone)","Rows Removed by Filter": 26652,"Workers": []}]}]}]}]},"Planning Time": 3.248,"Triggers": [],"Execution Time": 1673.047}]
[{"Plan": {"Node Type": "Aggregate","Strategy": "Sorted","Partial Mode": "Finalize","Parallel Aware": false,"Async Capable": false,"Startup Cost": 184271.34,"Total Cost": 184275.16,"Plan Rows": 6,"Plan Width": 236,"Actual Startup Time": 1627.489,"Actual Total Time": 1661.299,"Actual Rows": 4,"Actual Loops": 1,"Group Key": ["l_returnflag", "l_linestatus"],"Plans": [{"Node Type": "Gather Merge","Parent Relationship": "Outer","Parallel Aware": false,"Async Capable": false,"Startup Cost": 184271.34,"Total Cost": 184274.21,"Plan Rows": 24,"Plan Width": 236,"Actual Startup Time": 1627.365,"Actual Total Time": 1661.147,"Actual Rows": 20,"Actual Loops": 1,"Workers Planned": 4,"Workers Launched": 4,"Plans": [{"Node Type": "Sort","Parent Relationship": "Outer","Parallel Aware": false,"Async Capable": false,"Startup Cost": 183271.28,"Total Cost": 183271.29,"Plan Rows": 6,"Plan Width": 236,"Actual Startup Time": 1619.927,"Actual Total Time": 1619.931,"Actual Rows": 4,"Actual Loops": 5,"Sort Key": ["l_returnflag", "l_linestatus"],"Sort Method": "quicksort","Sort Space Used": 27,"Sort Space Type": "Memory","Workers": [{"Worker Number": 0,"Sort Method": "quicksort","Sort Space Used": 27,"Sort Space Type": "Memory"},{"Worker Number": 1,"Sort Method": "quicksort","Sort Space Used": 27,"Sort Space Type": "Memory"},{"Worker Number": 2,"Sort Method": "quicksort","Sort Space Used": 27,"Sort Space Type": "Memory"},{"Worker Number": 3,"Sort Method": "quicksort","Sort Space Used": 27,"Sort Space Type": "Memory"}],"Plans": [{"Node Type": "Aggregate","Strategy": "Hashed","Partial Mode": "Partial","Parent Relationship": "Outer","Parallel Aware": false,"Async Capable": false,"Startup Cost": 183271.07,"Total Cost": 183271.20,"Plan Rows": 6,"Plan Width": 236,"Actual Startup Time": 1619.825,"Actual Total Time": 1619.834,"Actual Rows": 4,"Actual Loops": 5,"Group Key": ["l_returnflag", "l_linestatus"],"Planned Partitions": 0,"HashAgg Batches": 1,"Peak Memory Usage": 32,"Disk Usage": 0,"Workers": [{"Worker Number": 0,"HashAgg Batches": 1,"Peak Memory Usage": 32,"Disk Usage": 0},{"Worker Number": 1,"HashAgg Batches": 1,"Peak Memory Usage": 32,"Disk Usage": 0},{"Worker Number": 2,"HashAgg Batches": 1,"Peak Memory Usage": 32,"Disk Usage": 0},{"Worker Number": 3,"HashAgg Batches": 1,"Peak Memory Usage": 32,"Disk Usage": 0}],"Plans": [{"Node Type": "Seq Scan","Parent Relationship": "Outer","Parallel Aware": true,"Async Capable": false,"Relation Name": "lineitem","Alias": "lineitem","Startup Cost": 0.00,"Total Cost": 131256.80,"Plan Rows": 1486122,"Plan Width": 25,"Actual Startup Time": 0.036,"Actual Total Time": 598.919,"Actual Rows": 1189982,"Actual Loops": 5,"Filter": "(l_shipdate <= '1998-09-22 00:00:00'::timestamp without time zone)","Rows Removed by Filter": 10261,"Workers": []}]}]}]}]},"Planning Time": 2.236,"Triggers": [],"Execution Time": 1661.794}]
[{"Plan": {"Node Type": "Aggregate","Strategy": "Sorted","Partial Mode": "Finalize","Parallel Aware": false,"Async Capable": false,"Startup Cost": 183612.95,"Total Cost": 183616.77,"Plan Rows": 6,"Plan Width": 236,"Actual Startup Time": 1638.871,"Actual Total Time": 1672.616,"Actual Rows": 4,"Actual Loops": 1,"Group Key": ["l_returnflag", "l_linestatus"],"Plans": [{"Node Type": "Gather Merge","Parent Relationship": "Outer","Parallel Aware": false,"Async Capable": false,"Startup Cost": 183612.95,"Total Cost": 183615.83,"Plan Rows": 24,"Plan Width": 236,"Actual Startup Time": 1638.797,"Actual Total Time": 1672.514,"Actual Rows": 20,"Actual Loops": 1,"Workers Planned": 4,"Workers Launched": 4,"Plans": [{"Node Type": "Sort","Parent Relationship": "Outer","Parallel Aware": false,"Async Capable": false,"Startup Cost": 182612.89,"Total Cost": 182612.91,"Plan Rows": 6,"Plan Width": 236,"Actual Startup Time": 1630.744,"Actual Total Time": 1630.751,"Actual Rows": 4,"Actual Loops": 5,"Sort Key": ["l_returnflag", "l_linestatus"],"Sort Method": "quicksort","Sort Space Used": 27,"Sort Space Type": "Memory","Workers": [{"Worker Number": 0,"Sort Method": "quicksort","Sort Space Used": 27,"Sort Space Type": "Memory"},{"Worker Number": 1,"Sort Method": "quicksort","Sort Space Used": 27,"Sort Space Type": "Memory"},{"Worker Number": 2,"Sort Method": "quicksort","Sort Space Used": 27,"Sort Space Type": "Memory"},{"Worker Number": 3,"Sort Method": "quicksort","Sort Space Used": 27,"Sort Space Type": "Memory"}],"Plans": [{"Node Type": "Aggregate","Strategy": "Hashed","Partial Mode": "Partial","Parent Relationship": "Outer","Parallel Aware": false,"Async Capable": false,"Startup Cost": 182612.68,"Total Cost": 182612.82,"Plan Rows": 6,"Plan Width": 236,"Actual Startup Time": 1630.518,"Actual Total Time": 1630.530,"Actual Rows": 4,"Actual Loops": 5,"Group Key": ["l_returnflag", "l_linestatus"],"Planned Partitions": 0,"HashAgg Batches": 1,"Peak Memory Usage": 32,"Disk Usage": 0,"Workers": [{"Worker Number": 0,"HashAgg Batches": 1,"Peak Memory Usage": 32,"Disk Usage": 0},{"Worker Number": 1,"HashAgg Batches": 1,"Peak Memory Usage": 32,"Disk Usage": 0},{"Worker Number": 2,"HashAgg Batches": 1,"Peak Memory Usage": 32,"Disk Usage": 0},{"Worker Number": 3,"HashAgg Batches": 1,"Peak Memory Usage": 32,"Disk Usage": 0}],"Plans": [{"Node Type": "Seq Scan","Parent Relationship": "Outer","Parallel Aware": true,"Async Capable": false,"Relation Name": "lineitem","Alias": "lineitem","Startup Cost": 0.00,"Total Cost": 131256.80,"Plan Rows": 1467311,"Plan Width": 25,"Actual Startup Time": 0.045,"Actual Total Time": 621.213,"Actual Rows": 1173591,"Actual Loops": 5,"Filter": "(l_shipdate <= '1998-08-10 00:00:00'::timestamp without time zone)","Rows Removed by Filter": 26652,"Workers": []}]}]}]}]},"Planning Time": 3.248,"Triggers": [],"Execution Time": 1673.047}]
[{"Plan": {"Node Type": "Aggregate","Strategy": "Sorted","Partial Mode": "Finalize","Parallel Aware": false,"Async Capable": false,"Startup Cost": 183991.23,"Total Cost": 183995.05,"Plan Rows": 6,"Plan Width": 236,"Actual Startup Time": 1639.156,"Actual Total Time": 1672.574,"Actual Rows": 4,"Actual Loops": 1,"Group Key": ["l_returnflag", "l_linestatus"],"Plans": [{"Node Type": "Gather Merge","Parent Relationship": "Outer","Parallel Aware": false,"Async Capable": false,"Startup Cost": 183991.23,"Total Cost": 183994.11,"Plan Rows": 24,"Plan Width": 236,"Actual Startup Time": 1639.083,"Actual Total Time": 1672.474,"Actual Rows": 20,"Actual Loops": 1,"Workers Planned": 4,"Workers Launched": 4,"Plans": [{"Node Type": "Sort","Parent Relationship": "Outer","Parallel Aware": false,"Async Capable": false,"Startup Cost": 182991.17,"Total Cost": 182991.19,"Plan Rows": 6,"Plan Width": 236,"Actual Startup Time": 1631.486,"Actual Total Time": 1631.494,"Actual Rows": 4,"Actual Loops": 5,"Sort Key": ["l_returnflag", "l_linestatus"],"Sort Method": "quicksort","Sort Space Used": 27,"Sort Space Type": "Memory","Workers": [{"Worker Number": 0,"Sort Method": "quicksort","Sort Space Used": 27,"Sort Space Type": "Memory"},{"Worker Number": 1,"Sort Method": "quicksort","Sort Space Used": 27,"Sort Space Type": "Memory"},{"Worker Number": 2,"Sort Method": "quicksort","Sort Space Used": 27,"Sort Space Type": "Memory"},{"Worker Number": 3,"Sort Method": "quicksort","Sort Space Used": 27,"Sort Space Type": "Memory"}],"Plans": [{"Node Type": "Aggregate","Strategy": "Hashed","Partial Mode": "Partial","Parent Relationship": "Outer","Parallel Aware": false,"Async Capable": false,"Startup Cost": 182990.96,"Total Cost": 182991.10,"Plan Rows": 6,"Plan Width": 236,"Actual Startup Time": 1631.371,"Actual Total Time": 1631.381,"Actual Rows": 4,"Actual Loops": 5,"Group Key": ["l_returnflag", "l_linestatus"],"Planned Partitions": 0,"HashAgg Batches": 1,"Peak Memory Usage": 32,"Disk Usage": 0,"Workers": [{"Worker Number": 0,"HashAgg Batches": 1,"Peak Memory Usage": 32,"Disk Usage": 0},{"Worker Number": 1,"HashAgg Batches": 1,"Peak Memory Usage": 32,"Disk Usage": 0},{"Worker Number": 2,"HashAgg Batches": 1,"Peak Memory Usage": 32,"Disk Usage": 0},{"Worker Number": 3,"HashAgg Batches": 1,"Peak Memory Usage": 32,"Disk Usage": 0}],"Plans": [{"Node Type": "Seq Scan","Parent Relationship": "Outer","Parallel Aware": true,"Async Capable": false,"Relation Name": "lineitem","Alias": "lineitem","Startup Cost": 0.00,"Total Cost": 131256.80,"Plan Rows": 1478119,"Plan Width": 25,"Actual Startup Time": 0.040,"Actual Total Time": 614.636,"Actual Rows": 1183318,"Actual Loops": 5,"Filter": "(l_shipdate <= '1998-09-02 00:00:00'::timestamp without time zone)","Rows Removed by Filter": 16925,"Workers": []}]}]}]}]},"Planning Time": 2.730,"Triggers": [],"Execution Time": 1672.922}]
[{"Plan": {"Node Type": "Aggregate","Strategy": "Sorted","Partial Mode": "Finalize","Parallel Aware": false,"Async Capable": false,"Startup Cost": 184204.38,"Total Cost": 184208.20,"Plan Rows": 6,"Plan Width": 236,"Actual Startup Time": 1633.981,"Actual Total Time": 1667.258,"Actual Rows": 4,"Actual Loops": 1,"Group Key": ["l_returnflag", "l_linestatus"],"Plans": [{"Node Type": "Gather Merge","Parent Relationship": "Outer","Parallel Aware": false,"Async Capable": false,"Startup Cost": 184204.38,"Total Cost": 184207.26,"Plan Rows": 24,"Plan Width": 236,"Actual Startup Time": 1633.916,"Actual Total Time": 1667.158,"Actual Rows": 20,"Actual Loops": 1,"Workers Planned": 4,"Workers Launched": 4,"Plans": [{"Node Type": "Sort","Parent Relationship": "Outer","Parallel Aware": false,"Async Capable": false,"Startup Cost": 183204.32,"Total Cost": 183204.34,"Plan Rows": 6,"Plan Width": 236,"Actual Startup Time": 1625.100,"Actual Total Time": 1625.105,"Actual Rows": 4,"Actual Loops": 5,"Sort Key": ["l_returnflag", "l_linestatus"],"Sort Method": "quicksort","Sort Space Used": 27,"Sort Space Type": "Memory","Workers": [{"Worker Number": 0,"Sort Method": "quicksort","Sort Space Used": 27,"Sort Space Type": "Memory"},{"Worker Number": 1,"Sort Method": "quicksort","Sort Space Used": 27,"Sort Space Type": "Memory"},{"Worker Number": 2,"Sort Method": "quicksort","Sort Space Used": 27,"Sort Space Type": "Memory"},{"Worker Number": 3,"Sort Method": "quicksort","Sort Space Used": 27,"Sort Space Type": "Memory"}],"Plans": [{"Node Type": "Aggregate","Strategy": "Hashed","Partial Mode": "Partial","Parent Relationship": "Outer","Parallel Aware": false,"Async Capable": false,"Startup Cost": 183204.11,"Total Cost": 183204.25,"Plan Rows": 6,"Plan Width": 236,"Actual Startup Time": 1624.988,"Actual Total Time": 1624.999,"Actual Rows": 4,"Actual Loops": 5,"Group Key": ["l_returnflag", "l_linestatus"],"Planned Partitions": 0,"HashAgg Batches": 1,"Peak Memory Usage": 32,"Disk Usage": 0,"Workers": [{"Worker Number": 0,"HashAgg Batches": 1,"Peak Memory Usage": 32,"Disk Usage": 0},{"Worker Number": 1,"HashAgg Batches": 1,"Peak Memory Usage": 32,"Disk Usage": 0},{"Worker Number": 2,"HashAgg Batches": 1,"Peak Memory Usage": 32,"Disk Usage": 0},{"Worker Number": 3,"HashAgg Batches": 1,"Peak Memory Usage": 32,"Disk Usage": 0}],"Plans": [{"Node Type": "Seq Scan","Parent Relationship": "Outer","Parallel Aware": true,"Async Capable": false,"Relation Name": "lineitem","Alias": "lineitem","Startup Cost": 0.00,"Total Cost": 131256.80,"Plan Rows": 1484209,"Plan Width": 25,"Actual Startup Time": 0.040,"Actual Total Time": 604.937,"Actual Rows": 1188181,"Actual Loops": 5,"Filter": "(l_shipdate <= '1998-09-16 00:00:00'::timestamp without time zone)","Rows Removed by Filter": 12062,"Workers": []}]}]}]}]},"Planning Time": 3.653,"Triggers": [],"Execution Time": 1667.715}]
[{"Plan": {"Node Type": "Aggregate","Strategy": "Sorted","Partial Mode": "Finalize","Parallel Aware": false,"Async Capable": false,"Startup Cost": 183778.08,"Total Cost": 183781.90,"Plan Rows": 6,"Plan Width": 236,"Actual Startup Time": 1629.845,"Actual Total Time": 1663.181,"Actual Rows": 4,"Actual Loops": 1,"Group Key": ["l_returnflag", "l_linestatus"],"Plans": [{"Node Type": "Gather Merge","Parent Relationship": "Outer","Parallel Aware": false,"Async Capable": false,"Startup Cost": 183778.08,"Total Cost": 183780.96,"Plan Rows": 24,"Plan Width": 236,"Actual Startup Time": 1629.762,"Actual Total Time": 1663.049,"Actual Rows": 20,"Actual Loops": 1,"Workers Planned": 4,"Workers Launched": 4,"Plans": [{"Node Type": "Sort","Parent Relationship": "Outer","Parallel Aware": false,"Async Capable": false,"Startup Cost": 182778.02,"Total Cost": 182778.04,"Plan Rows": 6,"Plan Width": 236,"Actual Startup Time": 1622.415,"Actual Total Time": 1622.418,"Actual Rows": 4,"Actual Loops": 5,"Sort Key": ["l_returnflag", "l_linestatus"],"Sort Method": "quicksort","Sort Space Used": 27,"Sort Space Type": "Memory","Workers": [{"Worker Number": 0,"Sort Method": "quicksort","Sort Space Used": 27,"Sort Space Type": "Memory"},{"Worker Number": 1,"Sort Method": "quicksort","Sort Space Used": 27,"Sort Space Type": "Memory"},{"Worker Number": 2,"Sort Method": "quicksort","Sort Space Used": 27,"Sort Space Type": "Memory"},{"Worker Number": 3,"Sort Method": "quicksort","Sort Space Used": 27,"Sort Space Type": "Memory"}],"Plans": [{"Node Type": "Aggregate","Strategy": "Hashed","Partial Mode": "Partial","Parent Relationship": "Outer","Parallel Aware": false,"Async Capable": false,"Startup Cost": 182777.81,"Total Cost": 182777.95,"Plan Rows": 6,"Plan Width": 236,"Actual Startup Time": 1622.311,"Actual Total Time": 1622.319,"Actual Rows": 4,"Actual Loops": 5,"Group Key": ["l_returnflag", "l_linestatus"],"Planned Partitions": 0,"HashAgg Batches": 1,"Peak Memory Usage": 32,"Disk Usage": 0,"Workers": [{"Worker Number": 0,"HashAgg Batches": 1,"Peak Memory Usage": 32,"Disk Usage": 0},{"Worker Number": 1,"HashAgg Batches": 1,"Peak Memory Usage": 32,"Disk Usage": 0},{"Worker Number": 2,"HashAgg Batches": 1,"Peak Memory Usage": 32,"Disk Usage": 0},{"Worker Number": 3,"HashAgg Batches": 1,"Peak Memory Usage": 32,"Disk Usage": 0}],"Plans": [{"Node Type": "Seq Scan","Parent Relationship": "Outer","Parallel Aware": true,"Async Capable": false,"Relation Name": "lineitem","Alias": "lineitem","Startup Cost": 0.00,"Total Cost": 131256.80,"Plan Rows": 1472029,"Plan Width": 25,"Actual Startup Time": 0.039,"Actual Total Time": 611.490,"Actual Rows": 1177690,"Actual Loops": 5,"Filter": "(l_shipdate <= '1998-08-19 00:00:00'::timestamp without time zone)","Rows Removed by Filter": 22553,"Workers": []}]}]}]}]},"Planning Time": 2.535,"Triggers": [],"Execution Time": 1663.520}]
[{"Plan": {"Node Type": "Aggregate","Strategy": "Sorted","Partial Mode": "Finalize","Parallel Aware": false,"Async Capable": false,"Startup Cost": 183692.58,"Total Cost": 183696.40,"Plan Rows": 6,"Plan Width": 236,"Actual Startup Time": 1626.646,"Actual Total Time": 1661.361,"Actual Rows": 4,"Actual Loops": 1,"Group Key": ["l_returnflag", "l_linestatus"],"Plans": [{"Node Type": "Gather Merge","Parent Relationship": "Outer","Parallel Aware": false,"Async Capable": false,"Startup Cost": 183692.58,"Total Cost": 183695.45,"Plan Rows": 24,"Plan Width": 236,"Actual Startup Time": 1626.569,"Actual Total Time": 1661.254,"Actual Rows": 20,"Actual Loops": 1,"Workers Planned": 4,"Workers Launched": 4,"Plans": [{"Node Type": "Sort","Parent Relationship": "Outer","Parallel Aware": false,"Async Capable": false,"Startup Cost": 182692.52,"Total Cost": 182692.53,"Plan Rows": 6,"Plan Width": 236,"Actual Startup Time": 1618.460,"Actual Total Time": 1618.464,"Actual Rows": 4,"Actual Loops": 5,"Sort Key": ["l_returnflag", "l_linestatus"],"Sort Method": "quicksort","Sort Space Used": 27,"Sort Space Type": "Memory","Workers": [{"Worker Number": 0,"Sort Method": "quicksort","Sort Space Used": 27,"Sort Space Type": "Memory"},{"Worker Number": 1,"Sort Method": "quicksort","Sort Space Used": 27,"Sort Space Type": "Memory"},{"Worker Number": 2,"Sort Method": "quicksort","Sort Space Used": 27,"Sort Space Type": "Memory"},{"Worker Number": 3,"Sort Method": "quicksort","Sort Space Used": 27,"Sort Space Type": "Memory"}],"Plans": [{"Node Type": "Aggregate","Strategy": "Hashed","Partial Mode": "Partial","Parent Relationship": "Outer","Parallel Aware": false,"Async Capable": false,"Startup Cost": 182692.31,"Total Cost": 182692.44,"Plan Rows": 6,"Plan Width": 236,"Actual Startup Time": 1618.346,"Actual Total Time": 1618.354,"Actual Rows": 4,"Actual Loops": 5,"Group Key": ["l_returnflag", "l_linestatus"],"Planned Partitions": 0,"HashAgg Batches": 1,"Peak Memory Usage": 32,"Disk Usage": 0,"Workers": [{"Worker Number": 0,"HashAgg Batches": 1,"Peak Memory Usage": 32,"Disk Usage": 0},{"Worker Number": 1,"HashAgg Batches": 1,"Peak Memory Usage": 32,"Disk Usage": 0},{"Worker Number": 2,"HashAgg Batches": 1,"Peak Memory Usage": 32,"Disk Usage": 0},{"Worker Number": 3,"HashAgg Batches": 1,"Peak Memory Usage": 32,"Disk Usage": 0}],"Plans": [{"Node Type": "Seq Scan","Parent Relationship": "Outer","Parallel Aware": true,"Async Capable": false,"Relation Name": "lineitem","Alias": "lineitem","Startup Cost": 0.00,"Total Cost": 131256.80,"Plan Rows": 1469586,"Plan Width": 25,"Actual Startup Time": 0.041,"Actual Total Time": 609.410,"Actual Rows": 1175478,"Actual Loops": 5,"Filter": "(l_shipdate <= '1998-08-14 00:00:00'::timestamp without time zone)","Rows Removed by Filter": 24765,"Workers": []}]}]}]}]},"Planning Time": 2.740,"Triggers": [],"Execution Time": 1661.769}]
[{"Plan": {"Node Type": "Aggregate","Strategy": "Sorted","Partial Mode": "Finalize","Parallel Aware": false,"Async Capable": false,"Startup Cost": 184271.34,"Total Cost": 184275.16,"Plan Rows": 6,"Plan Width": 236,"Actual Startup Time": 1627.489,"Actual Total Time": 1661.299,"Actual Rows": 4,"Actual Loops": 1,"Group Key": ["l_returnflag", "l_linestatus"],"Plans": [{"Node Type": "Gather Merge","Parent Relationship": "Outer","Parallel Aware": false,"Async Capable": false,"Startup Cost": 184271.34,"Total Cost": 184274.21,"Plan Rows": 24,"Plan Width": 236,"Actual Startup Time": 1627.365,"Actual Total Time": 1661.147,"Actual Rows": 20,"Actual Loops": 1,"Workers Planned": 4,"Workers Launched": 4,"Plans": [{"Node Type": "Sort","Parent Relationship": "Outer","Parallel Aware": false,"Async Capable": false,"Startup Cost": 183271.28,"Total Cost": 183271.29,"Plan Rows": 6,"Plan Width": 236,"Actual Startup Time": 1619.927,"Actual Total Time": 1619.931,"Actual Rows": 4,"Actual Loops": 5,"Sort Key": ["l_returnflag", "l_linestatus"],"Sort Method": "quicksort","Sort Space Used": 27,"Sort Space Type": "Memory","Workers": [{"Worker Number": 0,"Sort Method": "quicksort","Sort Space Used": 27,"Sort Space Type": "Memory"},{"Worker Number": 1,"Sort Method": "quicksort","Sort Space Used": 27,"Sort Space Type": "Memory"},{"Worker Number": 2,"Sort Method": "quicksort","Sort Space Used": 27,"Sort Space Type": "Memory"},{"Worker Number": 3,"Sort Method": "quicksort","Sort Space Used": 27,"Sort Space Type": "Memory"}],"Plans": [{"Node Type": "Aggregate","Strategy": "Hashed","Partial Mode": "Partial","Parent Relationship": "Outer","Parallel Aware": false,"Async Capable": false,"Startup Cost": 183271.07,"Total Cost": 183271.20,"Plan Rows": 6,"Plan Width": 236,"Actual Startup Time": 1619.825,"Actual Total Time": 1619.834,"Actual Rows": 4,"Actual Loops": 5,"Group Key": ["l_returnflag", "l_linestatus"],"Planned Partitions": 0,"HashAgg Batches": 1,"Peak Memory Usage": 32,"Disk Usage": 0,"Workers": [{"Worker Number": 0,"HashAgg Batches": 1,"Peak Memory Usage": 32,"Disk Usage": 0},{"Worker Number": 1,"HashAgg Batches": 1,"Peak Memory Usage": 32,"Disk Usage": 0},{"Worker Number": 2,"HashAgg Batches": 1,"Peak Memory Usage": 32,"Disk Usage": 0},{"Worker Number": 3,"HashAgg Batches": 1,"Peak Memory Usage": 32,"Disk Usage": 0}],"Plans": [{"Node Type": "Seq Scan","Parent Relationship": "Outer","Parallel Aware": true,"Async Capable": false,"Relation Name": "lineitem","Alias": "lineitem","Startup Cost": 0.00,"Total Cost": 131256.80,"Plan Rows": 1486122,"Plan Width": 25,"Actual Startup Time": 0.036,"Actual Total Time": 598.919,"Actual Rows": 1189982,"Actual Loops": 5,"Filter": "(l_shipdate <= '1998-09-22 00:00:00'::timestamp without time zone)","Rows Removed by Filter": 10261,"Workers": []}]}]}]}]},"Planning Time": 2.236,"Triggers": [],"Execution Time": 1661.794}]
[{"Plan": {"Node Type": "Aggregate","Strategy": "Sorted","Partial Mode": "Finalize","Parallel Aware": false,"Async Capable": false,"Startup Cost": 183793.31,"Total Cost": 183797.13,"Plan Rows": 6,"Plan Width": 236,"Actual Startup Time": 1633.248,"Actual Total Time": 1668.137,"Actual Rows": 4,"Actual Loops": 1,"Group Key": ["l_returnflag", "l_linestatus"],"Plans": [{"Node Type": "Gather Merge","Parent Relationship": "Outer","Parallel Aware": false,"Async Capable": false,"Startup Cost": 183793.31,"Total Cost": 183796.18,"Plan Rows": 24,"Plan Width": 236,"Actual Startup Time": 1633.183,"Actual Total Time": 1668.026,"Actual Rows": 20,"Actual Loops": 1,"Workers Planned": 4,"Workers Launched": 4,"Plans": [{"Node Type": "Sort","Parent Relationship": "Outer","Parallel Aware": false,"Async Capable": false,"Startup Cost": 182793.25,"Total Cost": 182793.26,"Plan Rows": 6,"Plan Width": 236,"Actual Startup Time": 1625.306,"Actual Total Time": 1625.310,"Actual Rows": 4,"Actual Loops": 5,"Sort Key": ["l_returnflag", "l_linestatus"],"Sort Method": "quicksort","Sort Space Used": 27,"Sort Space Type": "Memory","Workers": [{"Worker Number": 0,"Sort Method": "quicksort","Sort Space Used": 27,"Sort Space Type": "Memory"},{"Worker Number": 1,"Sort Method": "quicksort","Sort Space Used": 27,"Sort Space Type": "Memory"},{"Worker Number": 2,"Sort Method": "quicksort","Sort Space Used": 27,"Sort Space Type": "Memory"},{"Worker Number": 3,"Sort Method": "quicksort","Sort Space Used": 27,"Sort Space Type": "Memory"}],"Plans": [{"Node Type": "Aggregate","Strategy": "Hashed","Partial Mode": "Partial","Parent Relationship": "Outer","Parallel Aware": false,"Async Capable": false,"Startup Cost": 182793.04,"Total Cost": 182793.17,"Plan Rows": 6,"Plan Width": 236,"Actual Startup Time": 1625.208,"Actual Total Time": 1625.216,"Actual Rows": 4,"Actual Loops": 5,"Group Key": ["l_returnflag", "l_linestatus"],"Planned Partitions": 0,"HashAgg Batches": 1,"Peak Memory Usage": 32,"Disk Usage": 0,"Workers": [{"Worker Number": 0,"HashAgg Batches": 1,"Peak Memory Usage": 32,"Disk Usage": 0},{"Worker Number": 1,"HashAgg Batches": 1,"Peak Memory Usage": 32,"Disk Usage": 0},{"Worker Number": 2,"HashAgg Batches": 1,"Peak Memory Usage": 32,"Disk Usage": 0},{"Worker Number": 3,"HashAgg Batches": 1,"Peak Memory Usage": 32,"Disk Usage": 0}],"Plans": [{"Node Type": "Seq Scan","Parent Relationship": "Outer","Parallel Aware": true,"Async Capable": false,"Relation Name": "lineitem","Alias": "lineitem","Startup Cost": 0.00,"Total Cost": 131256.80,"Plan Rows": 1472464,"Plan Width": 25,"Actual Startup Time": 0.041,"Actual Total Time": 612.099,"Actual Rows": 1178099,"Actual Loops": 5,"Filter": "(l_shipdate <= '1998-08-20 00:00:00'::timestamp without time zone)","Rows Removed by Filter": 22144,"Workers": []}]}]}]}]},"Planning Time": 3.085,"Triggers": [],"Execution Time": 1668.560}]
[{"Plan": {"Node Type": "Aggregate","Strategy": "Sorted","Partial Mode": "Finalize","Parallel Aware": false,"Async Capable": false,"Startup Cost": 184328.04,"Total Cost": 184331.86,"Plan Rows": 6,"Plan Width": 236,"Actual Startup Time": 1635.956,"Actual Total Time": 1669.939,"Actual Rows": 4,"Actual Loops": 1,"Group Key": ["l_returnflag", "l_linestatus"],"Plans": [{"Node Type": "Gather Merge","Parent Relationship": "Outer","Parallel Aware": false,"Async Capable": false,"Startup Cost": 184328.04,"Total Cost": 184330.91,"Plan Rows": 24,"Plan Width": 236,"Actual Startup Time": 1635.886,"Actual Total Time": 1669.839,"Actual Rows": 20,"Actual Loops": 1,"Workers Planned": 4,"Workers Launched": 4,"Plans": [{"Node Type": "Sort","Parent Relationship": "Outer","Parallel Aware": false,"Async Capable": false,"Startup Cost": 183327.98,"Total Cost": 183327.99,"Plan Rows": 6,"Plan Width": 236,"Actual Startup Time": 1627.958,"Actual Total Time": 1627.963,"Actual Rows": 4,"Actual Loops": 5,"Sort Key": ["l_returnflag", "l_linestatus"],"Sort Method": "quicksort","Sort Space Used": 27,"Sort Space Type": "Memory","Workers": [{"Worker Number": 0,"Sort Method": "quicksort","Sort Space Used": 27,"Sort Space Type": "Memory"},{"Worker Number": 1,"Sort Method": "quicksort","Sort Space Used": 27,"Sort Space Type": "Memory"},{"Worker Number": 2,"Sort Method": "quicksort","Sort Space Used": 27,"Sort Space Type": "Memory"},{"Worker Number": 3,"Sort Method": "quicksort","Sort Space Used": 27,"Sort Space Type": "Memory"}],"Plans": [{"Node Type": "Aggregate","Strategy": "Hashed","Partial Mode": "Partial","Parent Relationship": "Outer","Parallel Aware": false,"Async Capable": false,"Startup Cost": 183327.77,"Total Cost": 183327.90,"Plan Rows": 6,"Plan Width": 236,"Actual Startup Time": 1627.844,"Actual Total Time": 1627.853,"Actual Rows": 4,"Actual Loops": 5,"Group Key": ["l_returnflag", "l_linestatus"],"Planned Partitions": 0,"HashAgg Batches": 1,"Peak Memory Usage": 32,"Disk Usage": 0,"Workers": [{"Worker Number": 0,"HashAgg Batches": 1,"Peak Memory Usage": 32,"Disk Usage": 0},{"Worker Number": 1,"HashAgg Batches": 1,"Peak Memory Usage": 32,"Disk Usage": 0},{"Worker Number": 2,"HashAgg Batches": 1,"Peak Memory Usage": 32,"Disk Usage": 0},{"Worker Number": 3,"HashAgg Batches": 1,"Peak Memory Usage": 32,"Disk Usage": 0}],"Plans": [{"Node Type": "Seq Scan","Parent Relationship": "Outer","Parallel Aware": true,"Async Capable": false,"Relation Name": "lineitem","Alias": "lineitem","Startup Cost": 0.00,"Total Cost": 131256.80,"Plan Rows": 1487742,"Plan Width": 25,"Actual Startup Time": 0.040,"Actual Total Time": 600.899,"Actual Rows": 1192163,"Actual Loops": 5,"Filter": "(l_shipdate <= '1998-09-30 00:00:00'::timestamp without time zone)","Rows Removed by Filter": 8080,"Workers": []}]}]}]}]},"Planning Time": 2.946,"Triggers": [],"Execution Time": 1670.282}]
[{"Plan": {"Node Type": "Aggregate","Strategy": "Sorted","Partial Mode": "Finalize","Parallel Aware": false,"Async Capable": false,"Startup Cost": 184306.79,"Total Cost": 184310.61,"Plan Rows": 6,"Plan Width": 236,"Actual Startup Time": 1655.540,"Actual Total Time": 1688.646,"Actual Rows": 4,"Actual Loops": 1,"Group Key": ["l_returnflag", "l_linestatus"],"Plans": [{"Node Type": "Gather Merge","Parent Relationship": "Outer","Parallel Aware": false,"Async Capable": false,"Startup Cost": 184306.79,"Total Cost": 184309.67,"Plan Rows": 24,"Plan Width": 236,"Actual Startup Time": 1655.492,"Actual Total Time": 1688.546,"Actual Rows": 20,"Actual Loops": 1,"Workers Planned": 4,"Workers Launched": 4,"Plans": [{"Node Type": "Sort","Parent Relationship": "Outer","Parallel Aware": false,"Async Capable": false,"Startup Cost": 183306.73,"Total Cost": 183306.75,"Plan Rows": 6,"Plan Width": 236,"Actual Startup Time": 1648.136,"Actual Total Time": 1648.139,"Actual Rows": 4,"Actual Loops": 5,"Sort Key": ["l_returnflag", "l_linestatus"],"Sort Method": "quicksort","Sort Space Used": 27,"Sort Space Type": "Memory","Workers": [{"Worker Number": 0,"Sort Method": "quicksort","Sort Space Used": 27,"Sort Space Type": "Memory"},{"Worker Number": 1,"Sort Method": "quicksort","Sort Space Used": 27,"Sort Space Type": "Memory"},{"Worker Number": 2,"Sort Method": "quicksort","Sort Space Used": 27,"Sort Space Type": "Memory"},{"Worker Number": 3,"Sort Method": "quicksort","Sort Space Used": 27,"Sort Space Type": "Memory"}],"Plans": [{"Node Type": "Aggregate","Strategy": "Hashed","Partial Mode": "Partial","Parent Relationship": "Outer","Parallel Aware": false,"Async Capable": false,"Startup Cost": 183306.52,"Total Cost": 183306.66,"Plan Rows": 6,"Plan Width": 236,"Actual Startup Time": 1648.047,"Actual Total Time": 1648.054,"Actual Rows": 4,"Actual Loops": 5,"Group Key": ["l_returnflag", "l_linestatus"],"Planned Partitions": 0,"HashAgg Batches": 1,"Peak Memory Usage": 32,"Disk Usage": 0,"Workers": [{"Worker Number": 0,"HashAgg Batches": 1,"Peak Memory Usage": 32,"Disk Usage": 0},{"Worker Number": 1,"HashAgg Batches": 1,"Peak Memory Usage": 32,"Disk Usage": 0},{"Worker Number": 2,"HashAgg Batches": 1,"Peak Memory Usage": 32,"Disk Usage": 0},{"Worker Number": 3,"HashAgg Batches": 1,"Peak Memory Usage": 32,"Disk Usage": 0}],"Plans": [{"Node Type": "Seq Scan","Parent Relationship": "Outer","Parallel Aware": true,"Async Capable": false,"Relation Name": "lineitem","Alias": "lineitem","Startup Cost": 0.00,"Total Cost": 131256.80,"Plan Rows": 1487135,"Plan Width": 25,"Actual Startup Time": 0.035,"Actual Total Time": 616.849,"Actual Rows": 1191378,"Actual Loops": 5,"Filter": "(l_shipdate <= '1998-09-27 00:00:00'::timestamp without time zone)","Rows Removed by Filter": 8865,"Workers": []}]}]}]}]},"Planning Time": 2.700,"Triggers": [],"Execution Time": 1688.966}]
[{"Plan": {"Node Type": "Aggregate","Strategy": "Sorted","Partial Mode": "Finalize","Parallel Aware": false,"Async Capable": false,"Startup Cost": 183712.49,"Total Cost": 183716.31,"Plan Rows": 6,"Plan Width": 236,"Actual Startup Time": 1630.342,"Actual Total Time": 1664.480,"Actual Rows": 4,"Actual Loops": 1,"Group Key": ["l_returnflag", "l_linestatus"],"Plans": [{"Node Type": "Gather Merge","Parent Relationship": "Outer","Parallel Aware": false,"Async Capable": false,"Startup Cost": 183712.49,"Total Cost": 183715.37,"Plan Rows": 24,"Plan Width": 236,"Actual Startup Time": 1630.278,"Actual Total Time": 1664.377,"Actual Rows": 20,"Actual Loops": 1,"Workers Planned": 4,"Workers Launched": 4,"Plans": [{"Node Type": "Sort","Parent Relationship": "Outer","Parallel Aware": false,"Async Capable": false,"Startup Cost": 182712.43,"Total Cost": 182712.45,"Plan Rows": 6,"Plan Width": 236,"Actual Startup Time": 1622.558,"Actual Total Time": 1622.562,"Actual Rows": 4,"Actual Loops": 5,"Sort Key": ["l_returnflag", "l_linestatus"],"Sort Method": "quicksort","Sort Space Used": 27,"Sort Space Type": "Memory","Workers": [{"Worker Number": 0,"Sort Method": "quicksort","Sort Space Used": 27,"Sort Space Type": "Memory"},{"Worker Number": 1,"Sort Method": "quicksort","Sort Space Used": 27,"Sort Space Type": "Memory"},{"Worker Number": 2,"Sort Method": "quicksort","Sort Space Used": 27,"Sort Space Type": "Memory"},{"Worker Number": 3,"Sort Method": "quicksort","Sort Space Used": 27,"Sort Space Type": "Memory"}],"Plans": [{"Node Type": "Aggregate","Strategy": "Hashed","Partial Mode": "Partial","Parent Relationship": "Outer","Parallel Aware": false,"Async Capable": false,"Startup Cost": 182712.22,"Total Cost": 182712.36,"Plan Rows": 6,"Plan Width": 236,"Actual Startup Time": 1622.442,"Actual Total Time": 1622.451,"Actual Rows": 4,"Actual Loops": 5,"Group Key": ["l_returnflag", "l_linestatus"],"Planned Partitions": 0,"HashAgg Batches": 1,"Peak Memory Usage": 32,"Disk Usage": 0,"Workers": [{"Worker Number": 0,"HashAgg Batches": 1,"Peak Memory Usage": 32,"Disk Usage": 0},{"Worker Number": 1,"HashAgg Batches": 1,"Peak Memory Usage": 32,"Disk Usage": 0},{"Worker Number": 2,"HashAgg Batches": 1,"Peak Memory Usage": 32,"Disk Usage": 0},{"Worker Number": 3,"HashAgg Batches": 1,"Peak Memory Usage": 32,"Disk Usage": 0}],"Plans": [{"Node Type": "Seq Scan","Parent Relationship": "Outer","Parallel Aware": true,"Async Capable": false,"Relation Name": "lineitem","Alias": "lineitem","Startup Cost": 0.00,"Total Cost": 131256.80,"Plan Rows": 1470155,"Plan Width": 25,"Actual Startup Time": 0.046,"Actual Total Time": 613.406,"Actual Rows": 1175926,"Actual Loops": 5,"Filter": "(l_shipdate <= '1998-08-15 00:00:00'::timestamp without time zone)","Rows Removed by Filter": 24317,"Workers": []}]}]}]}]},"Planning Time": 2.534,"Triggers": [],"Execution Time": 1664.859}]
[{"Plan": {"Node Type": "Aggregate","Strategy": "Sorted","Partial Mode": "Finalize","Parallel Aware": false,"Async Capable": false,"Startup Cost": 183632.87,"Total Cost": 183636.69,"Plan Rows": 6,"Plan Width": 236,"Actual Startup Time": 1623.728,"Actual Total Time": 1657.080,"Actual Rows": 4,"Actual Loops": 1,"Group Key": ["l_returnflag", "l_linestatus"],"Plans": [{"Node Type": "Gather Merge","Parent Relationship": "Outer","Parallel Aware": false,"Async Capable": false,"Startup Cost": 183632.87,"Total Cost": 183635.74,"Plan Rows": 24,"Plan Width": 236,"Actual Startup Time": 1623.595,"Actual Total Time": 1656.839,"Actual Rows": 20,"Actual Loops": 1,"Workers Planned": 4,"Workers Launched": 4,"Plans": [{"Node Type": "Sort","Parent Relationship": "Outer","Parallel Aware": false,"Async Capable": false,"Startup Cost": 182632.81,"Total Cost": 182632.82,"Plan Rows": 6,"Plan Width": 236,"Actual Startup Time": 1615.244,"Actual Total Time": 1615.253,"Actual Rows": 4,"Actual Loops": 5,"Sort Key": ["l_returnflag", "l_linestatus"],"Sort Method": "quicksort","Sort Space Used": 27,"Sort Space Type": "Memory","Workers": [{"Worker Number": 0,"Sort Method": "quicksort","Sort Space Used": 27,"Sort Space Type": "Memory"},{"Worker Number": 1,"Sort Method": "quicksort","Sort Space Used": 27,"Sort Space Type": "Memory"},{"Worker Number": 2,"Sort Method": "quicksort","Sort Space Used": 27,"Sort Space Type": "Memory"},{"Worker Number": 3,"Sort Method": "quicksort","Sort Space Used": 27,"Sort Space Type": "Memory"}],"Plans": [{"Node Type": "Aggregate","Strategy": "Hashed","Partial Mode": "Partial","Parent Relationship": "Outer","Parallel Aware": false,"Async Capable": false,"Startup Cost": 182632.60,"Total Cost": 182632.73,"Plan Rows": 6,"Plan Width": 236,"Actual Startup Time": 1615.145,"Actual Total Time": 1615.156,"Actual Rows": 4,"Actual Loops": 5,"Group Key": ["l_returnflag", "l_linestatus"],"Planned Partitions": 0,"HashAgg Batches": 1,"Peak Memory Usage": 32,"Disk Usage": 0,"Workers": [{"Worker Number": 0,"HashAgg Batches": 1,"Peak Memory Usage": 32,"Disk Usage": 0},{"Worker Number": 1,"HashAgg Batches": 1,"Peak Memory Usage": 32,"Disk Usage": 0},{"Worker Number": 2,"HashAgg Batches": 1,"Peak Memory Usage": 32,"Disk Usage": 0},{"Worker Number": 3,"HashAgg Batches": 1,"Peak Memory Usage": 32,"Disk Usage": 0}],"Plans": [{"Node Type": "Seq Scan","Parent Relationship": "Outer","Parallel Aware": true,"Async Capable": false,"Relation Name": "lineitem","Alias": "lineitem","Startup Cost": 0.00,"Total Cost": 131256.80,"Plan Rows": 1467880,"Plan Width": 25,"Actual Startup Time": 0.041,"Actual Total Time": 606.679,"Actual Rows": 1174072,"Actual Loops": 5,"Filter": "(l_shipdate <= '1998-08-11 00:00:00'::timestamp without time zone)","Rows Removed by Filter": 26171,"Workers": []}]}]}]}]},"Planning Time": 2.392,"Triggers": [],"Execution Time": 1657.451}]
[{"Plan": {"Node Type": "Aggregate","Strategy": "Sorted","Partial Mode": "Finalize","Parallel Aware": false,"Async Capable": false,"Startup Cost": 183899.88,"Total Cost": 183903.70,"Plan Rows": 6,"Plan Width": 236,"Actual Startup Time": 1631.667,"Actual Total Time": 1664.196,"Actual Rows": 4,"Actual Loops": 1,"Group Key": ["l_returnflag", "l_linestatus"],"Plans": [{"Node Type": "Gather Merge","Parent Relationship": "Outer","Parallel Aware": false,"Async Capable": false,"Startup Cost": 183899.88,"Total Cost": 183902.76,"Plan Rows": 24,"Plan Width": 236,"Actual Startup Time": 1631.585,"Actual Total Time": 1664.073,"Actual Rows": 20,"Actual Loops": 1,"Workers Planned": 4,"Workers Launched": 4,"Plans": [{"Node Type": "Sort","Parent Relationship": "Outer","Parallel Aware": false,"Async Capable": false,"Startup Cost": 182899.82,"Total Cost": 182899.84,"Plan Rows": 6,"Plan Width": 236,"Actual Startup Time": 1623.935,"Actual Total Time": 1623.946,"Actual Rows": 4,"Actual Loops": 5,"Sort Key": ["l_returnflag", "l_linestatus"],"Sort Method": "quicksort","Sort Space Used": 27,"Sort Space Type": "Memory","Workers": [{"Worker Number": 0,"Sort Method": "quicksort","Sort Space Used": 27,"Sort Space Type": "Memory"},{"Worker Number": 1,"Sort Method": "quicksort","Sort Space Used": 27,"Sort Space Type": "Memory"},{"Worker Number": 2,"Sort Method": "quicksort","Sort Space Used": 27,"Sort Space Type": "Memory"},{"Worker Number": 3,"Sort Method": "quicksort","Sort Space Used": 27,"Sort Space Type": "Memory"}],"Plans": [{"Node Type": "Aggregate","Strategy": "Hashed","Partial Mode": "Partial","Parent Relationship": "Outer","Parallel Aware": false,"Async Capable": false,"Startup Cost": 182899.61,"Total Cost": 182899.75,"Plan Rows": 6,"Plan Width": 236,"Actual Startup Time": 1623.729,"Actual Total Time": 1623.744,"Actual Rows": 4,"Actual Loops": 5,"Group Key": ["l_returnflag", "l_linestatus"],"Planned Partitions": 0,"HashAgg Batches": 1,"Peak Memory Usage": 32,"Disk Usage": 0,"Workers": [{"Worker Number": 0,"HashAgg Batches": 1,"Peak Memory Usage": 32,"Disk Usage": 0},{"Worker Number": 1,"HashAgg Batches": 1,"Peak Memory Usage": 32,"Disk Usage": 0},{"Worker Number": 2,"HashAgg Batches": 1,"Peak Memory Usage": 32,"Disk Usage": 0},{"Worker Number": 3,"HashAgg Batches": 1,"Peak Memory Usage": 32,"Disk Usage": 0}],"Plans": [{"Node Type": "Seq Scan","Parent Relationship": "Outer","Parallel Aware": true,"Async Capable": false,"Relation Name": "lineitem","Alias": "lineitem","Startup Cost": 0.00,"Total Cost": 131256.80,"Plan Rows": 1475509,"Plan Width": 25,"Actual Startup Time": 0.043,"Actual Total Time": 609.151,"Actual Rows": 1181003,"Actual Loops": 5,"Filter": "(l_shipdate <= '1998-08-27 00:00:00'::timestamp without time zone)","Rows Removed by Filter": 19240,"Workers": []}]}]}]}]},"Planning Time": 2.796,"Triggers": [],"Execution Time": 1664.547}]
[{"Plan": {"Node Type": "Aggregate","Strategy": "Sorted","Partial Mode": "Finalize","Parallel Aware": false,"Async Capable": false,"Startup Cost": 183732.41,"Total Cost": 183736.23,"Plan Rows": 6,"Plan Width": 236,"Actual Startup Time": 1628.328,"Actual Total Time": 1661.003,"Actual Rows": 4,"Actual Loops": 1,"Group Key": ["l_returnflag", "l_linestatus"],"Plans": [{"Node Type": "Gather Merge","Parent Relationship": "Outer","Parallel Aware": false,"Async Capable": false,"Startup Cost": 183732.41,"Total Cost": 183735.28,"Plan Rows": 24,"Plan Width": 236,"Actual Startup Time": 1628.236,"Actual Total Time": 1660.877,"Actual Rows": 20,"Actual Loops": 1,"Workers Planned": 4,"Workers Launched": 4,"Plans": [{"Node Type": "Sort","Parent Relationship": "Outer","Parallel Aware": false,"Async Capable": false,"Startup Cost": 182732.35,"Total Cost": 182732.36,"Plan Rows": 6,"Plan Width": 236,"Actual Startup Time": 1620.833,"Actual Total Time": 1620.835,"Actual Rows": 4,"Actual Loops": 5,"Sort Key": ["l_returnflag", "l_linestatus"],"Sort Method": "quicksort","Sort Space Used": 27,"Sort Space Type": "Memory","Workers": [{"Worker Number": 0,"Sort Method": "quicksort","Sort Space Used": 27,"Sort Space Type": "Memory"},{"Worker Number": 1,"Sort Method": "quicksort","Sort Space Used": 27,"Sort Space Type": "Memory"},{"Worker Number": 2,"Sort Method": "quicksort","Sort Space Used": 27,"Sort Space Type": "Memory"},{"Worker Number": 3,"Sort Method": "quicksort","Sort Space Used": 27,"Sort Space Type": "Memory"}],"Plans": [{"Node Type": "Aggregate","Strategy": "Hashed","Partial Mode": "Partial","Parent Relationship": "Outer","Parallel Aware": false,"Async Capable": false,"Startup Cost": 182732.14,"Total Cost": 182732.27,"Plan Rows": 6,"Plan Width": 236,"Actual Startup Time": 1620.753,"Actual Total Time": 1620.760,"Actual Rows": 4,"Actual Loops": 5,"Group Key": ["l_returnflag", "l_linestatus"],"Planned Partitions": 0,"HashAgg Batches": 1,"Peak Memory Usage": 32,"Disk Usage": 0,"Workers": [{"Worker Number": 0,"HashAgg Batches": 1,"Peak Memory Usage": 32,"Disk Usage": 0},{"Worker Number": 1,"HashAgg Batches": 1,"Peak Memory Usage": 32,"Disk Usage": 0},{"Worker Number": 2,"HashAgg Batches": 1,"Peak Memory Usage": 32,"Disk Usage": 0},{"Worker Number": 3,"HashAgg Batches": 1,"Peak Memory Usage": 32,"Disk Usage": 0}],"Plans": [{"Node Type": "Seq Scan","Parent Relationship": "Outer","Parallel Aware": true,"Async Capable": false,"Relation Name": "lineitem","Alias": "lineitem","Startup Cost": 0.00,"Total Cost": 131256.80,"Plan Rows": 1470724,"Plan Width": 25,"Actual Startup Time": 0.036,"Actual Total Time": 604.007,"Actual Rows": 1176368,"Actual Loops": 5,"Filter": "(l_shipdate <= '1998-08-16 00:00:00'::timestamp without time zone)","Rows Removed by Filter": 23875,"Workers": []}]}]}]}]},"Planning Time": 3.031,"Triggers": [],"Execution Time": 1661.279}]
[{"Plan": {"Node Type": "Aggregate","Strategy": "Sorted","Partial Mode": "Finalize","Parallel Aware": false,"Async Capable": false,"Startup Cost": 184250.06,"Total Cost": 184253.88,"Plan Rows": 6,"Plan Width": 236,"Actual Startup Time": 1627.450,"Actual Total Time": 1660.875,"Actual Rows": 4,"Actual Loops": 1,"Group Key": ["l_returnflag", "l_linestatus"],"Plans": [{"Node Type": "Gather Merge","Parent Relationship": "Outer","Parallel Aware": false,"Async Capable": false,"Startup Cost": 184250.06,"Total Cost": 184252.93,"Plan Rows": 24,"Plan Width": 236,"Actual Startup Time": 1627.263,"Actual Total Time": 1660.610,"Actual Rows": 20,"Actual Loops": 1,"Workers Planned": 4,"Workers Launched": 4,"Plans": [{"Node Type": "Sort","Parent Relationship": "Outer","Parallel Aware": false,"Async Capable": false,"Startup Cost": 183250.00,"Total Cost": 183250.01,"Plan Rows": 6,"Plan Width": 236,"Actual Startup Time": 1619.617,"Actual Total Time": 1619.625,"Actual Rows": 4,"Actual Loops": 5,"Sort Key": ["l_returnflag", "l_linestatus"],"Sort Method": "quicksort","Sort Space Used": 27,"Sort Space Type": "Memory","Workers": [{"Worker Number": 0,"Sort Method": "quicksort","Sort Space Used": 27,"Sort Space Type": "Memory"},{"Worker Number": 1,"Sort Method": "quicksort","Sort Space Used": 27,"Sort Space Type": "Memory"},{"Worker Number": 2,"Sort Method": "quicksort","Sort Space Used": 27,"Sort Space Type": "Memory"},{"Worker Number": 3,"Sort Method": "quicksort","Sort Space Used": 27,"Sort Space Type": "Memory"}],"Plans": [{"Node Type": "Aggregate","Strategy": "Hashed","Partial Mode": "Partial","Parent Relationship": "Outer","Parallel Aware": false,"Async Capable": false,"Startup Cost": 183249.79,"Total Cost": 183249.92,"Plan Rows": 6,"Plan Width": 236,"Actual Startup Time": 1619.408,"Actual Total Time": 1619.419,"Actual Rows": 4,"Actual Loops": 5,"Group Key": ["l_returnflag", "l_linestatus"],"Planned Partitions": 0,"HashAgg Batches": 1,"Peak Memory Usage": 32,"Disk Usage": 0,"Workers": [{"Worker Number": 0,"HashAgg Batches": 1,"Peak Memory Usage": 32,"Disk Usage": 0},{"Worker Number": 1,"HashAgg Batches": 1,"Peak Memory Usage": 32,"Disk Usage": 0},{"Worker Number": 2,"HashAgg Batches": 1,"Peak Memory Usage": 32,"Disk Usage": 0},{"Worker Number": 3,"HashAgg Batches": 1,"Peak Memory Usage": 32,"Disk Usage": 0}],"Plans": [{"Node Type": "Seq Scan","Parent Relationship": "Outer","Parallel Aware": true,"Async Capable": false,"Relation Name": "lineitem","Alias": "lineitem","Startup Cost": 0.00,"Total Cost": 131256.80,"Plan Rows": 1485514,"Plan Width": 25,"Actual Startup Time": 0.044,"Actual Total Time": 599.275,"Actual Rows": 1189085,"Actual Loops": 5,"Filter": "(l_shipdate <= '1998-09-19 00:00:00'::timestamp without time zone)","Rows Removed by Filter": 11158,"Workers": []}]}]}]}]},"Planning Time": 3.424,"Triggers": [],"Execution Time": 1661.334}]
[{"Plan": {"Node Type": "Aggregate","Strategy": "Sorted","Partial Mode": "Finalize","Parallel Aware": false,"Async Capable": false,"Startup Cost": 183823.76,"Total Cost": 183827.58,"Plan Rows": 6,"Plan Width": 236,"Actual Startup Time": 1622.288,"Actual Total Time": 1656.246,"Actual Rows": 4,"Actual Loops": 1,"Group Key": ["l_returnflag", "l_linestatus"],"Plans": [{"Node Type": "Gather Merge","Parent Relationship": "Outer","Parallel Aware": false,"Async Capable": false,"Startup Cost": 183823.76,"Total Cost": 183826.63,"Plan Rows": 24,"Plan Width": 236,"Actual Startup Time": 1622.220,"Actual Total Time": 1656.142,"Actual Rows": 20,"Actual Loops": 1,"Workers Planned": 4,"Workers Launched": 4,"Plans": [{"Node Type": "Sort","Parent Relationship": "Outer","Parallel Aware": false,"Async Capable": false,"Startup Cost": 182823.70,"Total Cost": 182823.71,"Plan Rows": 6,"Plan Width": 236,"Actual Startup Time": 1613.903,"Actual Total Time": 1613.909,"Actual Rows": 4,"Actual Loops": 5,"Sort Key": ["l_returnflag", "l_linestatus"],"Sort Method": "quicksort","Sort Space Used": 27,"Sort Space Type": "Memory","Workers": [{"Worker Number": 0,"Sort Method": "quicksort","Sort Space Used": 27,"Sort Space Type": "Memory"},{"Worker Number": 1,"Sort Method": "quicksort","Sort Space Used": 27,"Sort Space Type": "Memory"},{"Worker Number": 2,"Sort Method": "quicksort","Sort Space Used": 27,"Sort Space Type": "Memory"},{"Worker Number": 3,"Sort Method": "quicksort","Sort Space Used": 27,"Sort Space Type": "Memory"}],"Plans": [{"Node Type": "Aggregate","Strategy": "Hashed","Partial Mode": "Partial","Parent Relationship": "Outer","Parallel Aware": false,"Async Capable": false,"Startup Cost": 182823.49,"Total Cost": 182823.62,"Plan Rows": 6,"Plan Width": 236,"Actual Startup Time": 1613.785,"Actual Total Time": 1613.796,"Actual Rows": 4,"Actual Loops": 5,"Group Key": ["l_returnflag", "l_linestatus"],"Planned Partitions": 0,"HashAgg Batches": 1,"Peak Memory Usage": 32,"Disk Usage": 0,"Workers": [{"Worker Number": 0,"HashAgg Batches": 1,"Peak Memory Usage": 32,"Disk Usage": 0},{"Worker Number": 1,"HashAgg Batches": 1,"Peak Memory Usage": 32,"Disk Usage": 0},{"Worker Number": 2,"HashAgg Batches": 1,"Peak Memory Usage": 32,"Disk Usage": 0},{"Worker Number": 3,"HashAgg Batches": 1,"Peak Memory Usage": 32,"Disk Usage": 0}],"Plans": [{"Node Type": "Seq Scan","Parent Relationship": "Outer","Parallel Aware": true,"Async Capable": false,"Relation Name": "lineitem","Alias": "lineitem","Startup Cost": 0.00,"Total Cost": 131256.80,"Plan Rows": 1473334,"Plan Width": 25,"Actual Startup Time": 0.047,"Actual Total Time": 599.978,"Actual Rows": 1178947,"Actual Loops": 5,"Filter": "(l_shipdate <= '1998-08-22 00:00:00'::timestamp without time zone)","Rows Removed by Filter": 21296,"Workers": []}]}]}]}]},"Planning Time": 2.579,"Triggers": [],"Execution Time": 1656.641}]
[{"Plan": {"Node Type": "Aggregate","Strategy": "Sorted","Partial Mode": "Finalize","Parallel Aware": false,"Async Capable": false,"Startup Cost": 184082.58,"Total Cost": 184086.40,"Plan Rows": 6,"Plan Width": 236,"Actual Startup Time": 1638.478,"Actual Total Time": 1674.281,"Actual Rows": 4,"Actual Loops": 1,"Group Key": ["l_returnflag", "l_linestatus"],"Plans": [{"Node Type": "Gather Merge","Parent Relationship": "Outer","Parallel Aware": false,"Async Capable": false,"Startup Cost": 184082.58,"Total Cost": 184085.46,"Plan Rows": 24,"Plan Width": 236,"Actual Startup Time": 1638.346,"Actual Total Time": 1674.153,"Actual Rows": 20,"Actual Loops": 1,"Workers Planned": 4,"Workers Launched": 4,"Plans": [{"Node Type": "Sort","Parent Relationship": "Outer","Parallel Aware": false,"Async Capable": false,"Startup Cost": 183082.52,"Total Cost": 183082.54,"Plan Rows": 6,"Plan Width": 236,"Actual Startup Time": 1630.819,"Actual Total Time": 1630.824,"Actual Rows": 4,"Actual Loops": 5,"Sort Key": ["l_returnflag", "l_linestatus"],"Sort Method": "quicksort","Sort Space Used": 27,"Sort Space Type": "Memory","Workers": [{"Worker Number": 0,"Sort Method": "quicksort","Sort Space Used": 27,"Sort Space Type": "Memory"},{"Worker Number": 1,"Sort Method": "quicksort","Sort Space Used": 27,"Sort Space Type": "Memory"},{"Worker Number": 2,"Sort Method": "quicksort","Sort Space Used": 27,"Sort Space Type": "Memory"},{"Worker Number": 3,"Sort Method": "quicksort","Sort Space Used": 27,"Sort Space Type": "Memory"}],"Plans": [{"Node Type": "Aggregate","Strategy": "Hashed","Partial Mode": "Partial","Parent Relationship": "Outer","Parallel Aware": false,"Async Capable": false,"Startup Cost": 183082.31,"Total Cost": 183082.45,"Plan Rows": 6,"Plan Width": 236,"Actual Startup Time": 1630.721,"Actual Total Time": 1630.730,"Actual Rows": 4,"Actual Loops": 5,"Group Key": ["l_returnflag", "l_linestatus"],"Planned Partitions": 0,"HashAgg Batches": 1,"Peak Memory Usage": 32,"Disk Usage": 0,"Workers": [{"Worker Number": 0,"HashAgg Batches": 1,"Peak Memory Usage": 32,"Disk Usage": 0},{"Worker Number": 1,"HashAgg Batches": 1,"Peak Memory Usage": 32,"Disk Usage": 0},{"Worker Number": 2,"HashAgg Batches": 1,"Peak Memory Usage": 32,"Disk Usage": 0},{"Worker Number": 3,"HashAgg Batches": 1,"Peak Memory Usage": 32,"Disk Usage": 0}],"Plans": [{"Node Type": "Seq Scan","Parent Relationship": "Outer","Parallel Aware": true,"Async Capable": false,"Relation Name": "lineitem","Alias": "lineitem","Startup Cost": 0.00,"Total Cost": 131256.80,"Plan Rows": 1480729,"Plan Width": 25,"Actual Startup Time": 0.040,"Actual Total Time": 612.285,"Actual Rows": 1185489,"Actual Loops": 5,"Filter": "(l_shipdate <= '1998-09-08 00:00:00'::timestamp without time zone)","Rows Removed by Filter": 14754,"Workers": []}]}]}]}]},"Planning Time": 2.744,"Triggers": [],"Execution Time": 1674.643}]
[{"Plan": {"Node Type": "Aggregate","Strategy": "Sorted","Partial Mode": "Finalize","Parallel Aware": false,"Async Capable": false,"Startup Cost": 184335.14,"Total Cost": 184338.96,"Plan Rows": 6,"Plan Width": 236,"Actual Startup Time": 1633.513,"Actual Total Time": 1666.910,"Actual Rows": 4,"Actual Loops": 1,"Group Key": ["l_returnflag", "l_linestatus"],"Plans": [{"Node Type": "Gather Merge","Parent Relationship": "Outer","Parallel Aware": false,"Async Capable": false,"Startup Cost": 184335.14,"Total Cost": 184338.02,"Plan Rows": 24,"Plan Width": 236,"Actual Startup Time": 1633.424,"Actual Total Time": 1666.783,"Actual Rows": 20,"Actual Loops": 1,"Workers Planned": 4,"Workers Launched": 4,"Plans": [{"Node Type": "Sort","Parent Relationship": "Outer","Parallel Aware": false,"Async Capable": false,"Startup Cost": 183335.08,"Total Cost": 183335.10,"Plan Rows": 6,"Plan Width": 236,"Actual Startup Time": 1625.582,"Actual Total Time": 1625.585,"Actual Rows": 4,"Actual Loops": 5,"Sort Key": ["l_returnflag", "l_linestatus"],"Sort Method": "quicksort","Sort Space Used": 27,"Sort Space Type": "Memory","Workers": [{"Worker Number": 0,"Sort Method": "quicksort","Sort Space Used": 27,"Sort Space Type": "Memory"},{"Worker Number": 1,"Sort Method": "quicksort","Sort Space Used": 27,"Sort Space Type": "Memory"},{"Worker Number": 2,"Sort Method": "quicksort","Sort Space Used": 27,"Sort Space Type": "Memory"},{"Worker Number": 3,"Sort Method": "quicksort","Sort Space Used": 27,"Sort Space Type": "Memory"}],"Plans": [{"Node Type": "Aggregate","Strategy": "Hashed","Partial Mode": "Partial","Parent Relationship": "Outer","Parallel Aware": false,"Async Capable": false,"Startup Cost": 183334.87,"Total Cost": 183335.01,"Plan Rows": 6,"Plan Width": 236,"Actual Startup Time": 1625.416,"Actual Total Time": 1625.424,"Actual Rows": 4,"Actual Loops": 5,"Group Key": ["l_returnflag", "l_linestatus"],"Planned Partitions": 0,"HashAgg Batches": 1,"Peak Memory Usage": 32,"Disk Usage": 0,"Workers": [{"Worker Number": 0,"HashAgg Batches": 1,"Peak Memory Usage": 32,"Disk Usage": 0},{"Worker Number": 1,"HashAgg Batches": 1,"Peak Memory Usage": 32,"Disk Usage": 0},{"Worker Number": 2,"HashAgg Batches": 1,"Peak Memory Usage": 32,"Disk Usage": 0},{"Worker Number": 3,"HashAgg Batches": 1,"Peak Memory Usage": 32,"Disk Usage": 0}],"Plans": [{"Node Type": "Seq Scan","Parent Relationship": "Outer","Parallel Aware": true,"Async Capable": false,"Relation Name": "lineitem","Alias": "lineitem","Startup Cost": 0.00,"Total Cost": 131256.80,"Plan Rows": 1487945,"Plan Width": 25,"Actual Startup Time": 0.042,"Actual Total Time": 603.220,"Actual Rows": 1192429,"Actual Loops": 5,"Filter": "(l_shipdate <= '1998-10-01 00:00:00'::timestamp without time zone)","Rows Removed by Filter": 7814,"Workers": []}]}]}]}]},"Planning Time": 2.873,"Triggers": [],"Execution Time": 1667.344}]
[{"Plan": {"Node Type": "Aggregate","Strategy": "Sorted","Partial Mode": "Finalize","Parallel Aware": false,"Async Capable": false,"Startup Cost": 184264.23,"Total Cost": 184268.05,"Plan Rows": 6,"Plan Width": 236,"Actual Startup Time": 1657.258,"Actual Total Time": 1692.760,"Actual Rows": 4,"Actual Loops": 1,"Group Key": ["l_returnflag", "l_linestatus"],"Plans": [{"Node Type": "Gather Merge","Parent Relationship": "Outer","Parallel Aware": false,"Async Capable": false,"Startup Cost": 184264.23,"Total Cost": 184267.11,"Plan Rows": 24,"Plan Width": 236,"Actual Startup Time": 1657.140,"Actual Total Time": 1692.614,"Actual Rows": 20,"Actual Loops": 1,"Workers Planned": 4,"Workers Launched": 4,"Plans": [{"Node Type": "Sort","Parent Relationship": "Outer","Parallel Aware": false,"Async Capable": false,"Startup Cost": 183264.17,"Total Cost": 183264.19,"Plan Rows": 6,"Plan Width": 236,"Actual Startup Time": 1648.829,"Actual Total Time": 1648.834,"Actual Rows": 4,"Actual Loops": 5,"Sort Key": ["l_returnflag", "l_linestatus"],"Sort Method": "quicksort","Sort Space Used": 27,"Sort Space Type": "Memory","Workers": [{"Worker Number": 0,"Sort Method": "quicksort","Sort Space Used": 27,"Sort Space Type": "Memory"},{"Worker Number": 1,"Sort Method": "quicksort","Sort Space Used": 27,"Sort Space Type": "Memory"},{"Worker Number": 2,"Sort Method": "quicksort","Sort Space Used": 27,"Sort Space Type": "Memory"},{"Worker Number": 3,"Sort Method": "quicksort","Sort Space Used": 27,"Sort Space Type": "Memory"}],"Plans": [{"Node Type": "Aggregate","Strategy": "Hashed","Partial Mode": "Partial","Parent Relationship": "Outer","Parallel Aware": false,"Async Capable": false,"Startup Cost": 183263.96,"Total Cost": 183264.10,"Plan Rows": 6,"Plan Width": 236,"Actual Startup Time": 1648.736,"Actual Total Time": 1648.744,"Actual Rows": 4,"Actual Loops": 5,"Group Key": ["l_returnflag", "l_linestatus"],"Planned Partitions": 0,"HashAgg Batches": 1,"Peak Memory Usage": 32,"Disk Usage": 0,"Workers": [{"Worker Number": 0,"HashAgg Batches": 1,"Peak Memory Usage": 32,"Disk Usage": 0},{"Worker Number": 1,"HashAgg Batches": 1,"Peak Memory Usage": 32,"Disk Usage": 0},{"Worker Number": 2,"HashAgg Batches": 1,"Peak Memory Usage": 32,"Disk Usage": 0},{"Worker Number": 3,"HashAgg Batches": 1,"Peak Memory Usage": 32,"Disk Usage": 0}],"Plans": [{"Node Type": "Seq Scan","Parent Relationship": "Outer","Parallel Aware": true,"Async Capable": false,"Relation Name": "lineitem","Alias": "lineitem","Startup Cost": 0.00,"Total Cost": 131256.80,"Plan Rows": 1485919,"Plan Width": 25,"Actual Startup Time": 0.042,"Actual Total Time": 617.894,"Actual Rows": 1189684,"Actual Loops": 5,"Filter": "(l_shipdate <= '1998-09-21 00:00:00'::timestamp without time zone)","Rows Removed by Filter": 10559,"Workers": []}]}]}]}]},"Planning Time": 3.474,"Triggers": [],"Execution Time": 1693.201}]
[{"Plan": {"Node Type": "Aggregate","Strategy": "Sorted","Partial Mode": "Finalize","Parallel Aware": false,"Async Capable": false,"Startup Cost": 184328.04,"Total Cost": 184331.86,"Plan Rows": 6,"Plan Width": 236,"Actual Startup Time": 1635.956,"Actual Total Time": 1669.939,"Actual Rows": 4,"Actual Loops": 1,"Group Key": ["l_returnflag", "l_linestatus"],"Plans": [{"Node Type": "Gather Merge","Parent Relationship": "Outer","Parallel Aware": false,"Async Capable": false,"Startup Cost": 184328.04,"Total Cost": 184330.91,"Plan Rows": 24,"Plan Width": 236,"Actual Startup Time": 1635.886,"Actual Total Time": 1669.839,"Actual Rows": 20,"Actual Loops": 1,"Workers Planned": 4,"Workers Launched": 4,"Plans": [{"Node Type": "Sort","Parent Relationship": "Outer","Parallel Aware": false,"Async Capable": false,"Startup Cost": 183327.98,"Total Cost": 183327.99,"Plan Rows": 6,"Plan Width": 236,"Actual Startup Time": 1627.958,"Actual Total Time": 1627.963,"Actual Rows": 4,"Actual Loops": 5,"Sort Key": ["l_returnflag", "l_linestatus"],"Sort Method": "quicksort","Sort Space Used": 27,"Sort Space Type": "Memory","Workers": [{"Worker Number": 0,"Sort Method": "quicksort","Sort Space Used": 27,"Sort Space Type": "Memory"},{"Worker Number": 1,"Sort Method": "quicksort","Sort Space Used": 27,"Sort Space Type": "Memory"},{"Worker Number": 2,"Sort Method": "quicksort","Sort Space Used": 27,"Sort Space Type": "Memory"},{"Worker Number": 3,"Sort Method": "quicksort","Sort Space Used": 27,"Sort Space Type": "Memory"}],"Plans": [{"Node Type": "Aggregate","Strategy": "Hashed","Partial Mode": "Partial","Parent Relationship": "Outer","Parallel Aware": false,"Async Capable": false,"Startup Cost": 183327.77,"Total Cost": 183327.90,"Plan Rows": 6,"Plan Width": 236,"Actual Startup Time": 1627.844,"Actual Total Time": 1627.853,"Actual Rows": 4,"Actual Loops": 5,"Group Key": ["l_returnflag", "l_linestatus"],"Planned Partitions": 0,"HashAgg Batches": 1,"Peak Memory Usage": 32,"Disk Usage": 0,"Workers": [{"Worker Number": 0,"HashAgg Batches": 1,"Peak Memory Usage": 32,"Disk Usage": 0},{"Worker Number": 1,"HashAgg Batches": 1,"Peak Memory Usage": 32,"Disk Usage": 0},{"Worker Number": 2,"HashAgg Batches": 1,"Peak Memory Usage": 32,"Disk Usage": 0},{"Worker Number": 3,"HashAgg Batches": 1,"Peak Memory Usage": 32,"Disk Usage": 0}],"Plans": [{"Node Type": "Seq Scan","Parent Relationship": "Outer","Parallel Aware": true,"Async Capable": false,"Relation Name": "lineitem","Alias": "lineitem","Startup Cost": 0.00,"Total Cost": 131256.80,"Plan Rows": 1487742,"Plan Width": 25,"Actual Startup Time": 0.040,"Actual Total Time": 600.899,"Actual Rows": 1192163,"Actual Loops": 5,"Filter": "(l_shipdate <= '1998-09-30 00:00:00'::timestamp without time zone)","Rows Removed by Filter": 8080,"Workers": []}]}]}]}]},"Planning Time": 2.946,"Triggers": [],"Execution Time": 1670.282}]
[{"Plan": {"Node Type": "Aggregate","Strategy": "Sorted","Partial Mode": "Finalize","Parallel Aware": false,"Async Capable": false,"Startup Cost": 183553.21,"Total Cost": 183557.03,"Plan Rows": 6,"Plan Width": 236,"Actual Startup Time": 1635.166,"Actual Total Time": 1668.798,"Actual Rows": 4,"Actual Loops": 1,"Group Key": ["l_returnflag", "l_linestatus"],"Plans": [{"Node Type": "Gather Merge","Parent Relationship": "Outer","Parallel Aware": false,"Async Capable": false,"Startup Cost": 183553.21,"Total Cost": 183556.08,"Plan Rows": 24,"Plan Width": 236,"Actual Startup Time": 1635.051,"Actual Total Time": 1668.649,"Actual Rows": 20,"Actual Loops": 1,"Workers Planned": 4,"Workers Launched": 4,"Plans": [{"Node Type": "Sort","Parent Relationship": "Outer","Parallel Aware": false,"Async Capable": false,"Startup Cost": 182553.15,"Total Cost": 182553.16,"Plan Rows": 6,"Plan Width": 236,"Actual Startup Time": 1627.853,"Actual Total Time": 1627.855,"Actual Rows": 4,"Actual Loops": 5,"Sort Key": ["l_returnflag", "l_linestatus"],"Sort Method": "quicksort","Sort Space Used": 27,"Sort Space Type": "Memory","Workers": [{"Worker Number": 0,"Sort Method": "quicksort","Sort Space Used": 27,"Sort Space Type": "Memory"},{"Worker Number": 1,"Sort Method": "quicksort","Sort Space Used": 27,"Sort Space Type": "Memory"},{"Worker Number": 2,"Sort Method": "quicksort","Sort Space Used": 27,"Sort Space Type": "Memory"},{"Worker Number": 3,"Sort Method": "quicksort","Sort Space Used": 27,"Sort Space Type": "Memory"}],"Plans": [{"Node Type": "Aggregate","Strategy": "Hashed","Partial Mode": "Partial","Parent Relationship": "Outer","Parallel Aware": false,"Async Capable": false,"Startup Cost": 182552.94,"Total Cost": 182553.07,"Plan Rows": 6,"Plan Width": 236,"Actual Startup Time": 1627.778,"Actual Total Time": 1627.785,"Actual Rows": 4,"Actual Loops": 5,"Group Key": ["l_returnflag", "l_linestatus"],"Planned Partitions": 0,"HashAgg Batches": 1,"Peak Memory Usage": 32,"Disk Usage": 0,"Workers": [{"Worker Number": 0,"HashAgg Batches": 1,"Peak Memory Usage": 32,"Disk Usage": 0},{"Worker Number": 1,"HashAgg Batches": 1,"Peak Memory Usage": 32,"Disk Usage": 0},{"Worker Number": 2,"HashAgg Batches": 1,"Peak Memory Usage": 32,"Disk Usage": 0},{"Worker Number": 3,"HashAgg Batches": 1,"Peak Memory Usage": 32,"Disk Usage": 0}],"Plans": [{"Node Type": "Seq Scan","Parent Relationship": "Outer","Parallel Aware": true,"Async Capable": false,"Relation Name": "lineitem","Alias": "lineitem","Startup Cost": 0.00,"Total Cost": 131256.80,"Plan Rows": 1465604,"Plan Width": 25,"Actual Startup Time": 0.035,"Actual Total Time": 612.801,"Actual Rows": 1172151,"Actual Loops": 5,"Filter": "(l_shipdate <= '1998-08-07 00:00:00'::timestamp without time zone)","Rows Removed by Filter": 28092,"Workers": []}]}]}]}]},"Planning Time": 2.559,"Triggers": [],"Execution Time": 1669.138}]
[{"Plan": {"Node Type": "Aggregate","Strategy": "Sorted","Partial Mode": "Finalize","Parallel Aware": false,"Async Capable": false,"Startup Cost": 184143.48,"Total Cost": 184147.30,"Plan Rows": 6,"Plan Width": 236,"Actual Startup Time": 1626.444,"Actual Total Time": 1660.907,"Actual Rows": 4,"Actual Loops": 1,"Group Key": ["l_returnflag", "l_linestatus"],"Plans": [{"Node Type": "Gather Merge","Parent Relationship": "Outer","Parallel Aware": false,"Async Capable": false,"Startup Cost": 184143.48,"Total Cost": 184146.36,"Plan Rows": 24,"Plan Width": 236,"Actual Startup Time": 1626.358,"Actual Total Time": 1660.800,"Actual Rows": 20,"Actual Loops": 1,"Workers Planned": 4,"Workers Launched": 4,"Plans": [{"Node Type": "Sort","Parent Relationship": "Outer","Parallel Aware": false,"Async Capable": false,"Startup Cost": 183143.42,"Total Cost": 183143.44,"Plan Rows": 6,"Plan Width": 236,"Actual Startup Time": 1618.434,"Actual Total Time": 1618.440,"Actual Rows": 4,"Actual Loops": 5,"Sort Key": ["l_returnflag", "l_linestatus"],"Sort Method": "quicksort","Sort Space Used": 27,"Sort Space Type": "Memory","Workers": [{"Worker Number": 0,"Sort Method": "quicksort","Sort Space Used": 27,"Sort Space Type": "Memory"},{"Worker Number": 1,"Sort Method": "quicksort","Sort Space Used": 27,"Sort Space Type": "Memory"},{"Worker Number": 2,"Sort Method": "quicksort","Sort Space Used": 27,"Sort Space Type": "Memory"},{"Worker Number": 3,"Sort Method": "quicksort","Sort Space Used": 27,"Sort Space Type": "Memory"}],"Plans": [{"Node Type": "Aggregate","Strategy": "Hashed","Partial Mode": "Partial","Parent Relationship": "Outer","Parallel Aware": false,"Async Capable": false,"Startup Cost": 183143.21,"Total Cost": 183143.35,"Plan Rows": 6,"Plan Width": 236,"Actual Startup Time": 1618.337,"Actual Total Time": 1618.346,"Actual Rows": 4,"Actual Loops": 5,"Group Key": ["l_returnflag", "l_linestatus"],"Planned Partitions": 0,"HashAgg Batches": 1,"Peak Memory Usage": 32,"Disk Usage": 0,"Workers": [{"Worker Number": 0,"HashAgg Batches": 1,"Peak Memory Usage": 32,"Disk Usage": 0},{"Worker Number": 1,"HashAgg Batches": 1,"Peak Memory Usage": 32,"Disk Usage": 0},{"Worker Number": 2,"HashAgg Batches": 1,"Peak Memory Usage": 32,"Disk Usage": 0},{"Worker Number": 3,"HashAgg Batches": 1,"Peak Memory Usage": 32,"Disk Usage": 0}],"Plans": [{"Node Type": "Seq Scan","Parent Relationship": "Outer","Parallel Aware": true,"Async Capable": false,"Relation Name": "lineitem","Alias": "lineitem","Startup Cost": 0.00,"Total Cost": 131256.80,"Plan Rows": 1482469,"Plan Width": 25,"Actual Startup Time": 0.037,"Actual Total Time": 601.337,"Actual Rows": 1186872,"Actual Loops": 5,"Filter": "(l_shipdate <= '1998-09-12 00:00:00'::timestamp without time zone)","Rows Removed by Filter": 13371,"Workers": []}]}]}]}]},"Planning Time": 3.114,"Triggers": [],"Execution Time": 1661.349}]
[{"Plan": {"Node Type": "Aggregate","Strategy": "Sorted","Partial Mode": "Finalize","Parallel Aware": false,"Async Capable": false,"Startup Cost": 184158.71,"Total Cost": 184162.53,"Plan Rows": 6,"Plan Width": 236,"Actual Startup Time": 1644.692,"Actual Total Time": 1677.942,"Actual Rows": 4,"Actual Loops": 1,"Group Key": ["l_returnflag", "l_linestatus"],"Plans": [{"Node Type": "Gather Merge","Parent Relationship": "Outer","Parallel Aware": false,"Async Capable": false,"Startup Cost": 184158.71,"Total Cost": 184161.58,"Plan Rows": 24,"Plan Width": 236,"Actual Startup Time": 1644.623,"Actual Total Time": 1677.838,"Actual Rows": 20,"Actual Loops": 1,"Workers Planned": 4,"Workers Launched": 4,"Plans": [{"Node Type": "Sort","Parent Relationship": "Outer","Parallel Aware": false,"Async Capable": false,"Startup Cost": 183158.65,"Total Cost": 183158.66,"Plan Rows": 6,"Plan Width": 236,"Actual Startup Time": 1636.538,"Actual Total Time": 1636.541,"Actual Rows": 4,"Actual Loops": 5,"Sort Key": ["l_returnflag", "l_linestatus"],"Sort Method": "quicksort","Sort Space Used": 27,"Sort Space Type": "Memory","Workers": [{"Worker Number": 0,"Sort Method": "quicksort","Sort Space Used": 27,"Sort Space Type": "Memory"},{"Worker Number": 1,"Sort Method": "quicksort","Sort Space Used": 27,"Sort Space Type": "Memory"},{"Worker Number": 2,"Sort Method": "quicksort","Sort Space Used": 27,"Sort Space Type": "Memory"},{"Worker Number": 3,"Sort Method": "quicksort","Sort Space Used": 27,"Sort Space Type": "Memory"}],"Plans": [{"Node Type": "Aggregate","Strategy": "Hashed","Partial Mode": "Partial","Parent Relationship": "Outer","Parallel Aware": false,"Async Capable": false,"Startup Cost": 183158.44,"Total Cost": 183158.57,"Plan Rows": 6,"Plan Width": 236,"Actual Startup Time": 1636.415,"Actual Total Time": 1636.424,"Actual Rows": 4,"Actual Loops": 5,"Group Key": ["l_returnflag", "l_linestatus"],"Planned Partitions": 0,"HashAgg Batches": 1,"Peak Memory Usage": 32,"Disk Usage": 0,"Workers": [{"Worker Number": 0,"HashAgg Batches": 1,"Peak Memory Usage": 32,"Disk Usage": 0},{"Worker Number": 1,"HashAgg Batches": 1,"Peak Memory Usage": 32,"Disk Usage": 0},{"Worker Number": 2,"HashAgg Batches": 1,"Peak Memory Usage": 32,"Disk Usage": 0},{"Worker Number": 3,"HashAgg Batches": 1,"Peak Memory Usage": 32,"Disk Usage": 0}],"Plans": [{"Node Type": "Seq Scan","Parent Relationship": "Outer","Parallel Aware": true,"Async Capable": false,"Relation Name": "lineitem","Alias": "lineitem","Startup Cost": 0.00,"Total Cost": 131256.80,"Plan Rows": 1482904,"Plan Width": 25,"Actual Startup Time": 0.036,"Actual Total Time": 612.237,"Actual Rows": 1187224,"Actual Loops": 5,"Filter": "(l_shipdate <= '1998-09-13 00:00:00'::timestamp without time zone)","Rows Removed by Filter": 13019,"Workers": []}]}]}]}]},"Planning Time": 3.447,"Triggers": [],"Execution Time": 1678.368}]
[{"Plan": {"Node Type": "Aggregate","Strategy": "Sorted","Partial Mode": "Finalize","Parallel Aware": false,"Async Capable": false,"Startup Cost": 184257.13,"Total Cost": 184260.95,"Plan Rows": 6,"Plan Width": 236,"Actual Startup Time": 1442.877,"Actual Total Time": 1461.341,"Actual Rows": 4,"Actual Loops": 1,"Group Key": ["l_returnflag", "l_linestatus"],"Plans": [{"Node Type": "Gather Merge","Parent Relationship": "Outer","Parallel Aware": false,"Async Capable": false,"Startup Cost": 184257.13,"Total Cost": 184260.00,"Plan Rows": 24,"Plan Width": 236,"Actual Startup Time": 1442.807,"Actual Total Time": 1461.246,"Actual Rows": 20,"Actual Loops": 1,"Workers Planned": 4,"Workers Launched": 4,"Plans": [{"Node Type": "Sort","Parent Relationship": "Outer","Parallel Aware": false,"Async Capable": false,"Startup Cost": 183257.07,"Total Cost": 183257.08,"Plan Rows": 6,"Plan Width": 236,"Actual Startup Time": 1433.925,"Actual Total Time": 1433.931,"Actual Rows": 4,"Actual Loops": 5,"Sort Key": ["l_returnflag", "l_linestatus"],"Sort Method": "quicksort","Sort Space Used": 27,"Sort Space Type": "Memory","Workers": [{"Worker Number": 0,"Sort Method": "quicksort","Sort Space Used": 27,"Sort Space Type": "Memory"},{"Worker Number": 1,"Sort Method": "quicksort","Sort Space Used": 27,"Sort Space Type": "Memory"},{"Worker Number": 2,"Sort Method": "quicksort","Sort Space Used": 27,"Sort Space Type": "Memory"},{"Worker Number": 3,"Sort Method": "quicksort","Sort Space Used": 27,"Sort Space Type": "Memory"}],"Plans": [{"Node Type": "Aggregate","Strategy": "Hashed","Partial Mode": "Partial","Parent Relationship": "Outer","Parallel Aware": false,"Async Capable": false,"Startup Cost": 183256.86,"Total Cost": 183256.99,"Plan Rows": 6,"Plan Width": 236,"Actual Startup Time": 1433.810,"Actual Total Time": 1433.821,"Actual Rows": 4,"Actual Loops": 5,"Group Key": ["l_returnflag", "l_linestatus"],"Planned Partitions": 0,"HashAgg Batches": 1,"Peak Memory Usage": 32,"Disk Usage": 0,"Workers": [{"Worker Number": 0,"HashAgg Batches": 1,"Peak Memory Usage": 32,"Disk Usage": 0},{"Worker Number": 1,"HashAgg Batches": 1,"Peak Memory Usage": 32,"Disk Usage": 0},{"Worker Number": 2,"HashAgg Batches": 1,"Peak Memory Usage": 32,"Disk Usage": 0},{"Worker Number": 3,"HashAgg Batches": 1,"Peak Memory Usage": 32,"Disk Usage": 0}],"Plans": [{"Node Type": "Seq Scan","Parent Relationship": "Outer","Parallel Aware": true,"Async Capable": false,"Relation Name": "lineitem","Alias": "lineitem","Startup Cost": 0.00,"Total Cost": 131256.80,"Plan Rows": 1485716,"Plan Width": 25,"Actual Startup Time": 0.083,"Actual Total Time": 411.300,"Actual Rows": 1189383,"Actual Loops": 5,"Filter": "(l_shipdate <= '1998-09-20 00:00:00'::timestamp without time zone)","Rows Removed by Filter": 10860,"Workers": []}]}]}]}]},"Planning Time": 2.939,"Triggers": [],"Execution Time": 1461.675}]
[{"Plan": {"Node Type": "Aggregate","Strategy": "Sorted","Partial Mode": "Finalize","Parallel Aware": false,"Async Capable": false,"Startup Cost": 183493.50,"Total Cost": 183497.32,"Plan Rows": 6,"Plan Width": 236,"Actual Startup Time": 1609.024,"Actual Total Time": 1641.882,"Actual Rows": 4,"Actual Loops": 1,"Group Key": ["l_returnflag", "l_linestatus"],"Plans": [{"Node Type": "Gather Merge","Parent Relationship": "Outer","Parallel Aware": false,"Async Capable": false,"Startup Cost": 183493.50,"Total Cost": 183496.37,"Plan Rows": 24,"Plan Width": 236,"Actual Startup Time": 1608.904,"Actual Total Time": 1641.764,"Actual Rows": 20,"Actual Loops": 1,"Workers Planned": 4,"Workers Launched": 4,"Plans": [{"Node Type": "Sort","Parent Relationship": "Outer","Parallel Aware": false,"Async Capable": false,"Startup Cost": 182493.44,"Total Cost": 182493.45,"Plan Rows": 6,"Plan Width": 236,"Actual Startup Time": 1601.101,"Actual Total Time": 1601.104,"Actual Rows": 4,"Actual Loops": 5,"Sort Key": ["l_returnflag", "l_linestatus"],"Sort Method": "quicksort","Sort Space Used": 27,"Sort Space Type": "Memory","Workers": [{"Worker Number": 0,"Sort Method": "quicksort","Sort Space Used": 27,"Sort Space Type": "Memory"},{"Worker Number": 1,"Sort Method": "quicksort","Sort Space Used": 27,"Sort Space Type": "Memory"},{"Worker Number": 2,"Sort Method": "quicksort","Sort Space Used": 27,"Sort Space Type": "Memory"},{"Worker Number": 3,"Sort Method": "quicksort","Sort Space Used": 27,"Sort Space Type": "Memory"}],"Plans": [{"Node Type": "Aggregate","Strategy": "Hashed","Partial Mode": "Partial","Parent Relationship": "Outer","Parallel Aware": false,"Async Capable": false,"Startup Cost": 182493.23,"Total Cost": 182493.36,"Plan Rows": 6,"Plan Width": 236,"Actual Startup Time": 1601.000,"Actual Total Time": 1601.008,"Actual Rows": 4,"Actual Loops": 5,"Group Key": ["l_returnflag", "l_linestatus"],"Planned Partitions": 0,"HashAgg Batches": 1,"Peak Memory Usage": 32,"Disk Usage": 0,"Workers": [{"Worker Number": 0,"HashAgg Batches": 1,"Peak Memory Usage": 32,"Disk Usage": 0},{"Worker Number": 1,"HashAgg Batches": 1,"Peak Memory Usage": 32,"Disk Usage": 0},{"Worker Number": 2,"HashAgg Batches": 1,"Peak Memory Usage": 32,"Disk Usage": 0},{"Worker Number": 3,"HashAgg Batches": 1,"Peak Memory Usage": 32,"Disk Usage": 0}],"Plans": [{"Node Type": "Seq Scan","Parent Relationship": "Outer","Parallel Aware": true,"Async Capable": false,"Relation Name": "lineitem","Alias": "lineitem","Startup Cost": 0.00,"Total Cost": 131256.80,"Plan Rows": 1463898,"Plan Width": 25,"Actual Startup Time": 0.042,"Actual Total Time": 598.084,"Actual Rows": 1170668,"Actual Loops": 5,"Filter": "(l_shipdate <= '1998-08-04 00:00:00'::timestamp without time zone)","Rows Removed by Filter": 29575,"Workers": []}]}]}]}]},"Planning Time": 3.512,"Triggers": [],"Execution Time": 1642.332}]
[{"Plan": {"Node Type": "Aggregate","Strategy": "Sorted","Partial Mode": "Finalize","Parallel Aware": false,"Async Capable": false,"Startup Cost": 184052.13,"Total Cost": 184055.95,"Plan Rows": 6,"Plan Width": 236,"Actual Startup Time": 1616.943,"Actual Total Time": 1650.452,"Actual Rows": 4,"Actual Loops": 1,"Group Key": ["l_returnflag", "l_linestatus"],"Plans": [{"Node Type": "Gather Merge","Parent Relationship": "Outer","Parallel Aware": false,"Async Capable": false,"Startup Cost": 184052.13,"Total Cost": 184055.01,"Plan Rows": 24,"Plan Width": 236,"Actual Startup Time": 1616.881,"Actual Total Time": 1650.358,"Actual Rows": 20,"Actual Loops": 1,"Workers Planned": 4,"Workers Launched": 4,"Plans": [{"Node Type": "Sort","Parent Relationship": "Outer","Parallel Aware": false,"Async Capable": false,"Startup Cost": 183052.07,"Total Cost": 183052.09,"Plan Rows": 6,"Plan Width": 236,"Actual Startup Time": 1610.099,"Actual Total Time": 1610.103,"Actual Rows": 4,"Actual Loops": 5,"Sort Key": ["l_returnflag", "l_linestatus"],"Sort Method": "quicksort","Sort Space Used": 27,"Sort Space Type": "Memory","Workers": [{"Worker Number": 0,"Sort Method": "quicksort","Sort Space Used": 27,"Sort Space Type": "Memory"},{"Worker Number": 1,"Sort Method": "quicksort","Sort Space Used": 27,"Sort Space Type": "Memory"},{"Worker Number": 2,"Sort Method": "quicksort","Sort Space Used": 27,"Sort Space Type": "Memory"},{"Worker Number": 3,"Sort Method": "quicksort","Sort Space Used": 27,"Sort Space Type": "Memory"}],"Plans": [{"Node Type": "Aggregate","Strategy": "Hashed","Partial Mode": "Partial","Parent Relationship": "Outer","Parallel Aware": false,"Async Capable": false,"Startup Cost": 183051.86,"Total Cost": 183052.00,"Plan Rows": 6,"Plan Width": 236,"Actual Startup Time": 1609.932,"Actual Total Time": 1609.941,"Actual Rows": 4,"Actual Loops": 5,"Group Key": ["l_returnflag", "l_linestatus"],"Planned Partitions": 0,"HashAgg Batches": 1,"Peak Memory Usage": 32,"Disk Usage": 0,"Workers": [{"Worker Number": 0,"HashAgg Batches": 1,"Peak Memory Usage": 32,"Disk Usage": 0},{"Worker Number": 1,"HashAgg Batches": 1,"Peak Memory Usage": 32,"Disk Usage": 0},{"Worker Number": 2,"HashAgg Batches": 1,"Peak Memory Usage": 32,"Disk Usage": 0},{"Worker Number": 3,"HashAgg Batches": 1,"Peak Memory Usage": 32,"Disk Usage": 0}],"Plans": [{"Node Type": "Seq Scan","Parent Relationship": "Outer","Parallel Aware": true,"Async Capable": false,"Relation Name": "lineitem","Alias": "lineitem","Startup Cost": 0.00,"Total Cost": 131256.80,"Plan Rows": 1479859,"Plan Width": 25,"Actual Startup Time": 0.033,"Actual Total Time": 594.774,"Actual Rows": 1184794,"Actual Loops": 5,"Filter": "(l_shipdate <= '1998-09-06 00:00:00'::timestamp without time zone)","Rows Removed by Filter": 15449,"Workers": []}]}]}]}]},"Planning Time": 3.475,"Triggers": [],"Execution Time": 1650.848}]
[{"Plan": {"Node Type": "Aggregate","Strategy": "Sorted","Partial Mode": "Finalize","Parallel Aware": false,"Async Capable": false,"Startup Cost": 184271.34,"Total Cost": 184275.16,"Plan Rows": 6,"Plan Width": 236,"Actual Startup Time": 1627.489,"Actual Total Time": 1661.299,"Actual Rows": 4,"Actual Loops": 1,"Group Key": ["l_returnflag", "l_linestatus"],"Plans": [{"Node Type": "Gather Merge","Parent Relationship": "Outer","Parallel Aware": false,"Async Capable": false,"Startup Cost": 184271.34,"Total Cost": 184274.21,"Plan Rows": 24,"Plan Width": 236,"Actual Startup Time": 1627.365,"Actual Total Time": 1661.147,"Actual Rows": 20,"Actual Loops": 1,"Workers Planned": 4,"Workers Launched": 4,"Plans": [{"Node Type": "Sort","Parent Relationship": "Outer","Parallel Aware": false,"Async Capable": false,"Startup Cost": 183271.28,"Total Cost": 183271.29,"Plan Rows": 6,"Plan Width": 236,"Actual Startup Time": 1619.927,"Actual Total Time": 1619.931,"Actual Rows": 4,"Actual Loops": 5,"Sort Key": ["l_returnflag", "l_linestatus"],"Sort Method": "quicksort","Sort Space Used": 27,"Sort Space Type": "Memory","Workers": [{"Worker Number": 0,"Sort Method": "quicksort","Sort Space Used": 27,"Sort Space Type": "Memory"},{"Worker Number": 1,"Sort Method": "quicksort","Sort Space Used": 27,"Sort Space Type": "Memory"},{"Worker Number": 2,"Sort Method": "quicksort","Sort Space Used": 27,"Sort Space Type": "Memory"},{"Worker Number": 3,"Sort Method": "quicksort","Sort Space Used": 27,"Sort Space Type": "Memory"}],"Plans": [{"Node Type": "Aggregate","Strategy": "Hashed","Partial Mode": "Partial","Parent Relationship": "Outer","Parallel Aware": false,"Async Capable": false,"Startup Cost": 183271.07,"Total Cost": 183271.20,"Plan Rows": 6,"Plan Width": 236,"Actual Startup Time": 1619.825,"Actual Total Time": 1619.834,"Actual Rows": 4,"Actual Loops": 5,"Group Key": ["l_returnflag", "l_linestatus"],"Planned Partitions": 0,"HashAgg Batches": 1,"Peak Memory Usage": 32,"Disk Usage": 0,"Workers": [{"Worker Number": 0,"HashAgg Batches": 1,"Peak Memory Usage": 32,"Disk Usage": 0},{"Worker Number": 1,"HashAgg Batches": 1,"Peak Memory Usage": 32,"Disk Usage": 0},{"Worker Number": 2,"HashAgg Batches": 1,"Peak Memory Usage": 32,"Disk Usage": 0},{"Worker Number": 3,"HashAgg Batches": 1,"Peak Memory Usage": 32,"Disk Usage": 0}],"Plans": [{"Node Type": "Seq Scan","Parent Relationship": "Outer","Parallel Aware": true,"Async Capable": false,"Relation Name": "lineitem","Alias": "lineitem","Startup Cost": 0.00,"Total Cost": 131256.80,"Plan Rows": 1486122,"Plan Width": 25,"Actual Startup Time": 0.036,"Actual Total Time": 598.919,"Actual Rows": 1189982,"Actual Loops": 5,"Filter": "(l_shipdate <= '1998-09-22 00:00:00'::timestamp without time zone)","Rows Removed by Filter": 10261,"Workers": []}]}]}]}]},"Planning Time": 2.236,"Triggers": [],"Execution Time": 1661.794}]
[{"Plan": {"Node Type": "Aggregate","Strategy": "Sorted","Partial Mode": "Finalize","Parallel Aware": false,"Async Capable": false,"Startup Cost": 183692.58,"Total Cost": 183696.40,"Plan Rows": 6,"Plan Width": 236,"Actual Startup Time": 1626.646,"Actual Total Time": 1661.361,"Actual Rows": 4,"Actual Loops": 1,"Group Key": ["l_returnflag", "l_linestatus"],"Plans": [{"Node Type": "Gather Merge","Parent Relationship": "Outer","Parallel Aware": false,"Async Capable": false,"Startup Cost": 183692.58,"Total Cost": 183695.45,"Plan Rows": 24,"Plan Width": 236,"Actual Startup Time": 1626.569,"Actual Total Time": 1661.254,"Actual Rows": 20,"Actual Loops": 1,"Workers Planned": 4,"Workers Launched": 4,"Plans": [{"Node Type": "Sort","Parent Relationship": "Outer","Parallel Aware": false,"Async Capable": false,"Startup Cost": 182692.52,"Total Cost": 182692.53,"Plan Rows": 6,"Plan Width": 236,"Actual Startup Time": 1618.460,"Actual Total Time": 1618.464,"Actual Rows": 4,"Actual Loops": 5,"Sort Key": ["l_returnflag", "l_linestatus"],"Sort Method": "quicksort","Sort Space Used": 27,"Sort Space Type": "Memory","Workers": [{"Worker Number": 0,"Sort Method": "quicksort","Sort Space Used": 27,"Sort Space Type": "Memory"},{"Worker Number": 1,"Sort Method": "quicksort","Sort Space Used": 27,"Sort Space Type": "Memory"},{"Worker Number": 2,"Sort Method": "quicksort","Sort Space Used": 27,"Sort Space Type": "Memory"},{"Worker Number": 3,"Sort Method": "quicksort","Sort Space Used": 27,"Sort Space Type": "Memory"}],"Plans": [{"Node Type": "Aggregate","Strategy": "Hashed","Partial Mode": "Partial","Parent Relationship": "Outer","Parallel Aware": false,"Async Capable": false,"Startup Cost": 182692.31,"Total Cost": 182692.44,"Plan Rows": 6,"Plan Width": 236,"Actual Startup Time": 1618.346,"Actual Total Time": 1618.354,"Actual Rows": 4,"Actual Loops": 5,"Group Key": ["l_returnflag", "l_linestatus"],"Planned Partitions": 0,"HashAgg Batches": 1,"Peak Memory Usage": 32,"Disk Usage": 0,"Workers": [{"Worker Number": 0,"HashAgg Batches": 1,"Peak Memory Usage": 32,"Disk Usage": 0},{"Worker Number": 1,"HashAgg Batches": 1,"Peak Memory Usage": 32,"Disk Usage": 0},{"Worker Number": 2,"HashAgg Batches": 1,"Peak Memory Usage": 32,"Disk Usage": 0},{"Worker Number": 3,"HashAgg Batches": 1,"Peak Memory Usage": 32,"Disk Usage": 0}],"Plans": [{"Node Type": "Seq Scan","Parent Relationship": "Outer","Parallel Aware": true,"Async Capable": false,"Relation Name": "lineitem","Alias": "lineitem","Startup Cost": 0.00,"Total Cost": 131256.80,"Plan Rows": 1469586,"Plan Width": 25,"Actual Startup Time": 0.041,"Actual Total Time": 609.410,"Actual Rows": 1175478,"Actual Loops": 5,"Filter": "(l_shipdate <= '1998-08-14 00:00:00'::timestamp without time zone)","Rows Removed by Filter": 24765,"Workers": []}]}]}]}]},"Planning Time": 2.740,"Triggers": [],"Execution Time": 1661.769}]
[{"Plan": {"Node Type": "Aggregate","Strategy": "Sorted","Partial Mode": "Finalize","Parallel Aware": false,"Async Capable": false,"Startup Cost": 184143.48,"Total Cost": 184147.30,"Plan Rows": 6,"Plan Width": 236,"Actual Startup Time": 1626.444,"Actual Total Time": 1660.907,"Actual Rows": 4,"Actual Loops": 1,"Group Key": ["l_returnflag", "l_linestatus"],"Plans": [{"Node Type": "Gather Merge","Parent Relationship": "Outer","Parallel Aware": false,"Async Capable": false,"Startup Cost": 184143.48,"Total Cost": 184146.36,"Plan Rows": 24,"Plan Width": 236,"Actual Startup Time": 1626.358,"Actual Total Time": 1660.800,"Actual Rows": 20,"Actual Loops": 1,"Workers Planned": 4,"Workers Launched": 4,"Plans": [{"Node Type": "Sort","Parent Relationship": "Outer","Parallel Aware": false,"Async Capable": false,"Startup Cost": 183143.42,"Total Cost": 183143.44,"Plan Rows": 6,"Plan Width": 236,"Actual Startup Time": 1618.434,"Actual Total Time": 1618.440,"Actual Rows": 4,"Actual Loops": 5,"Sort Key": ["l_returnflag", "l_linestatus"],"Sort Method": "quicksort","Sort Space Used": 27,"Sort Space Type": "Memory","Workers": [{"Worker Number": 0,"Sort Method": "quicksort","Sort Space Used": 27,"Sort Space Type": "Memory"},{"Worker Number": 1,"Sort Method": "quicksort","Sort Space Used": 27,"Sort Space Type": "Memory"},{"Worker Number": 2,"Sort Method": "quicksort","Sort Space Used": 27,"Sort Space Type": "Memory"},{"Worker Number": 3,"Sort Method": "quicksort","Sort Space Used": 27,"Sort Space Type": "Memory"}],"Plans": [{"Node Type": "Aggregate","Strategy": "Hashed","Partial Mode": "Partial","Parent Relationship": "Outer","Parallel Aware": false,"Async Capable": false,"Startup Cost": 183143.21,"Total Cost": 183143.35,"Plan Rows": 6,"Plan Width": 236,"Actual Startup Time": 1618.337,"Actual Total Time": 1618.346,"Actual Rows": 4,"Actual Loops": 5,"Group Key": ["l_returnflag", "l_linestatus"],"Planned Partitions": 0,"HashAgg Batches": 1,"Peak Memory Usage": 32,"Disk Usage": 0,"Workers": [{"Worker Number": 0,"HashAgg Batches": 1,"Peak Memory Usage": 32,"Disk Usage": 0},{"Worker Number": 1,"HashAgg Batches": 1,"Peak Memory Usage": 32,"Disk Usage": 0},{"Worker Number": 2,"HashAgg Batches": 1,"Peak Memory Usage": 32,"Disk Usage": 0},{"Worker Number": 3,"HashAgg Batches": 1,"Peak Memory Usage": 32,"Disk Usage": 0}],"Plans": [{"Node Type": "Seq Scan","Parent Relationship": "Outer","Parallel Aware": true,"Async Capable": false,"Relation Name": "lineitem","Alias": "lineitem","Startup Cost": 0.00,"Total Cost": 131256.80,"Plan Rows": 1482469,"Plan Width": 25,"Actual Startup Time": 0.037,"Actual Total Time": 601.337,"Actual Rows": 1186872,"Actual Loops": 5,"Filter": "(l_shipdate <= '1998-09-12 00:00:00'::timestamp without time zone)","Rows Removed by Filter": 13371,"Workers": []}]}]}]}]},"Planning Time": 3.114,"Triggers": [],"Execution Time": 1661.349}]
[{"Plan": {"Node Type": "Aggregate","Strategy": "Sorted","Partial Mode": "Finalize","Parallel Aware": false,"Async Capable": false,"Startup Cost": 183823.76,"Total Cost": 183827.58,"Plan Rows": 6,"Plan Width": 236,"Actual Startup Time": 1622.288,"Actual Total Time": 1656.246,"Actual Rows": 4,"Actual Loops": 1,"Group Key": ["l_returnflag", "l_linestatus"],"Plans": [{"Node Type": "Gather Merge","Parent Relationship": "Outer","Parallel Aware": false,"Async Capable": false,"Startup Cost": 183823.76,"Total Cost": 183826.63,"Plan Rows": 24,"Plan Width": 236,"Actual Startup Time": 1622.220,"Actual Total Time": 1656.142,"Actual Rows": 20,"Actual Loops": 1,"Workers Planned": 4,"Workers Launched": 4,"Plans": [{"Node Type": "Sort","Parent Relationship": "Outer","Parallel Aware": false,"Async Capable": false,"Startup Cost": 182823.70,"Total Cost": 182823.71,"Plan Rows": 6,"Plan Width": 236,"Actual Startup Time": 1613.903,"Actual Total Time": 1613.909,"Actual Rows": 4,"Actual Loops": 5,"Sort Key": ["l_returnflag", "l_linestatus"],"Sort Method": "quicksort","Sort Space Used": 27,"Sort Space Type": "Memory","Workers": [{"Worker Number": 0,"Sort Method": "quicksort","Sort Space Used": 27,"Sort Space Type": "Memory"},{"Worker Number": 1,"Sort Method": "quicksort","Sort Space Used": 27,"Sort Space Type": "Memory"},{"Worker Number": 2,"Sort Method": "quicksort","Sort Space Used": 27,"Sort Space Type": "Memory"},{"Worker Number": 3,"Sort Method": "quicksort","Sort Space Used": 27,"Sort Space Type": "Memory"}],"Plans": [{"Node Type": "Aggregate","Strategy": "Hashed","Partial Mode": "Partial","Parent Relationship": "Outer","Parallel Aware": false,"Async Capable": false,"Startup Cost": 182823.49,"Total Cost": 182823.62,"Plan Rows": 6,"Plan Width": 236,"Actual Startup Time": 1613.785,"Actual Total Time": 1613.796,"Actual Rows": 4,"Actual Loops": 5,"Group Key": ["l_returnflag", "l_linestatus"],"Planned Partitions": 0,"HashAgg Batches": 1,"Peak Memory Usage": 32,"Disk Usage": 0,"Workers": [{"Worker Number": 0,"HashAgg Batches": 1,"Peak Memory Usage": 32,"Disk Usage": 0},{"Worker Number": 1,"HashAgg Batches": 1,"Peak Memory Usage": 32,"Disk Usage": 0},{"Worker Number": 2,"HashAgg Batches": 1,"Peak Memory Usage": 32,"Disk Usage": 0},{"Worker Number": 3,"HashAgg Batches": 1,"Peak Memory Usage": 32,"Disk Usage": 0}],"Plans": [{"Node Type": "Seq Scan","Parent Relationship": "Outer","Parallel Aware": true,"Async Capable": false,"Relation Name": "lineitem","Alias": "lineitem","Startup Cost": 0.00,"Total Cost": 131256.80,"Plan Rows": 1473334,"Plan Width": 25,"Actual Startup Time": 0.047,"Actual Total Time": 599.978,"Actual Rows": 1178947,"Actual Loops": 5,"Filter": "(l_shipdate <= '1998-08-22 00:00:00'::timestamp without time zone)","Rows Removed by Filter": 21296,"Workers": []}]}]}]}]},"Planning Time": 2.579,"Triggers": [],"Execution Time": 1656.641}]
[{"Plan": {"Node Type": "Aggregate","Strategy": "Sorted","Partial Mode": "Finalize","Parallel Aware": false,"Async Capable": false,"Startup Cost": 183915.11,"Total Cost": 183918.93,"Plan Rows": 6,"Plan Width": 236,"Actual Startup Time": 1617.865,"Actual Total Time": 1652.425,"Actual Rows": 4,"Actual Loops": 1,"Group Key": ["l_returnflag", "l_linestatus"],"Plans": [{"Node Type": "Gather Merge","Parent Relationship": "Outer","Parallel Aware": false,"Async Capable": false,"Startup Cost": 183915.11,"Total Cost": 183917.98,"Plan Rows": 24,"Plan Width": 236,"Actual Startup Time": 1617.776,"Actual Total Time": 1652.277,"Actual Rows": 20,"Actual Loops": 1,"Workers Planned": 4,"Workers Launched": 4,"Plans": [{"Node Type": "Sort","Parent Relationship": "Outer","Parallel Aware": false,"Async Capable": false,"Startup Cost": 182915.05,"Total Cost": 182915.06,"Plan Rows": 6,"Plan Width": 236,"Actual Startup Time": 1610.319,"Actual Total Time": 1610.323,"Actual Rows": 4,"Actual Loops": 5,"Sort Key": ["l_returnflag", "l_linestatus"],"Sort Method": "quicksort","Sort Space Used": 27,"Sort Space Type": "Memory","Workers": [{"Worker Number": 0,"Sort Method": "quicksort","Sort Space Used": 27,"Sort Space Type": "Memory"},{"Worker Number": 1,"Sort Method": "quicksort","Sort Space Used": 27,"Sort Space Type": "Memory"},{"Worker Number": 2,"Sort Method": "quicksort","Sort Space Used": 27,"Sort Space Type": "Memory"},{"Worker Number": 3,"Sort Method": "quicksort","Sort Space Used": 27,"Sort Space Type": "Memory"}],"Plans": [{"Node Type": "Aggregate","Strategy": "Hashed","Partial Mode": "Partial","Parent Relationship": "Outer","Parallel Aware": false,"Async Capable": false,"Startup Cost": 182914.84,"Total Cost": 182914.97,"Plan Rows": 6,"Plan Width": 236,"Actual Startup Time": 1610.220,"Actual Total Time": 1610.228,"Actual Rows": 4,"Actual Loops": 5,"Group Key": ["l_returnflag", "l_linestatus"],"Planned Partitions": 0,"HashAgg Batches": 1,"Peak Memory Usage": 32,"Disk Usage": 0,"Workers": [{"Worker Number": 0,"HashAgg Batches": 1,"Peak Memory Usage": 32,"Disk Usage": 0},{"Worker Number": 1,"HashAgg Batches": 1,"Peak Memory Usage": 32,"Disk Usage": 0},{"Worker Number": 2,"HashAgg Batches": 1,"Peak Memory Usage": 32,"Disk Usage": 0},{"Worker Number": 3,"HashAgg Batches": 1,"Peak Memory Usage": 32,"Disk Usage": 0}],"Plans": [{"Node Type": "Seq Scan","Parent Relationship": "Outer","Parallel Aware": true,"Async Capable": false,"Relation Name": "lineitem","Alias": "lineitem","Startup Cost": 0.00,"Total Cost": 131256.80,"Plan Rows": 1475944,"Plan Width": 25,"Actual Startup Time": 0.051,"Actual Total Time": 598.821,"Actual Rows": 1181394,"Actual Loops": 5,"Filter": "(l_shipdate <= '1998-08-28 00:00:00'::timestamp without time zone)","Rows Removed by Filter": 18849,"Workers": []}]}]}]}]},"Planning Time": 2.726,"Triggers": [],"Execution Time": 1652.808}]
[{"Plan": {"Node Type": "Aggregate","Strategy": "Sorted","Partial Mode": "Finalize","Parallel Aware": false,"Async Capable": false,"Startup Cost": 183869.43,"Total Cost": 183873.25,"Plan Rows": 6,"Plan Width": 236,"Actual Startup Time": 1619.155,"Actual Total Time": 1653.329,"Actual Rows": 4,"Actual Loops": 1,"Group Key": ["l_returnflag", "l_linestatus"],"Plans": [{"Node Type": "Gather Merge","Parent Relationship": "Outer","Parallel Aware": false,"Async Capable": false,"Startup Cost": 183869.43,"Total Cost": 183872.31,"Plan Rows": 24,"Plan Width": 236,"Actual Startup Time": 1619.083,"Actual Total Time": 1653.209,"Actual Rows": 20,"Actual Loops": 1,"Workers Planned": 4,"Workers Launched": 4,"Plans": [{"Node Type": "Sort","Parent Relationship": "Outer","Parallel Aware": false,"Async Capable": false,"Startup Cost": 182869.37,"Total Cost": 182869.39,"Plan Rows": 6,"Plan Width": 236,"Actual Startup Time": 1611.487,"Actual Total Time": 1611.493,"Actual Rows": 4,"Actual Loops": 5,"Sort Key": ["l_returnflag", "l_linestatus"],"Sort Method": "quicksort","Sort Space Used": 27,"Sort Space Type": "Memory","Workers": [{"Worker Number": 0,"Sort Method": "quicksort","Sort Space Used": 27,"Sort Space Type": "Memory"},{"Worker Number": 1,"Sort Method": "quicksort","Sort Space Used": 27,"Sort Space Type": "Memory"},{"Worker Number": 2,"Sort Method": "quicksort","Sort Space Used": 27,"Sort Space Type": "Memory"},{"Worker Number": 3,"Sort Method": "quicksort","Sort Space Used": 27,"Sort Space Type": "Memory"}],"Plans": [{"Node Type": "Aggregate","Strategy": "Hashed","Partial Mode": "Partial","Parent Relationship": "Outer","Parallel Aware": false,"Async Capable": false,"Startup Cost": 182869.16,"Total Cost": 182869.30,"Plan Rows": 6,"Plan Width": 236,"Actual Startup Time": 1611.316,"Actual Total Time": 1611.326,"Actual Rows": 4,"Actual Loops": 5,"Group Key": ["l_returnflag", "l_linestatus"],"Planned Partitions": 0,"HashAgg Batches": 1,"Peak Memory Usage": 32,"Disk Usage": 0,"Workers": [{"Worker Number": 0,"HashAgg Batches": 1,"Peak Memory Usage": 32,"Disk Usage": 0},{"Worker Number": 1,"HashAgg Batches": 1,"Peak Memory Usage": 32,"Disk Usage": 0},{"Worker Number": 2,"HashAgg Batches": 1,"Peak Memory Usage": 32,"Disk Usage": 0},{"Worker Number": 3,"HashAgg Batches": 1,"Peak Memory Usage": 32,"Disk Usage": 0}],"Plans": [{"Node Type": "Seq Scan","Parent Relationship": "Outer","Parallel Aware": true,"Async Capable": false,"Relation Name": "lineitem","Alias": "lineitem","Startup Cost": 0.00,"Total Cost": 131256.80,"Plan Rows": 1474639,"Plan Width": 25,"Actual Startup Time": 0.039,"Actual Total Time": 599.980,"Actual Rows": 1180176,"Actual Loops": 5,"Filter": "(l_shipdate <= '1998-08-25 00:00:00'::timestamp without time zone)","Rows Removed by Filter": 20067,"Workers": []}]}]}]}]},"Planning Time": 3.360,"Triggers": [],"Execution Time": 1653.697}]
[{"Plan": {"Node Type": "Aggregate","Strategy": "Sorted","Partial Mode": "Finalize","Parallel Aware": false,"Async Capable": false,"Startup Cost": 183930.33,"Total Cost": 183934.15,"Plan Rows": 6,"Plan Width": 236,"Actual Startup Time": 1627.037,"Actual Total Time": 1661.564,"Actual Rows": 4,"Actual Loops": 1,"Group Key": ["l_returnflag", "l_linestatus"],"Plans": [{"Node Type": "Gather Merge","Parent Relationship": "Outer","Parallel Aware": false,"Async Capable": false,"Startup Cost": 183930.33,"Total Cost": 183933.21,"Plan Rows": 24,"Plan Width": 236,"Actual Startup Time": 1626.958,"Actual Total Time": 1661.457,"Actual Rows": 20,"Actual Loops": 1,"Workers Planned": 4,"Workers Launched": 4,"Plans": [{"Node Type": "Sort","Parent Relationship": "Outer","Parallel Aware": false,"Async Capable": false,"Startup Cost": 182930.27,"Total Cost": 182930.29,"Plan Rows": 6,"Plan Width": 236,"Actual Startup Time": 1619.213,"Actual Total Time": 1619.219,"Actual Rows": 4,"Actual Loops": 5,"Sort Key": ["l_returnflag", "l_linestatus"],"Sort Method": "quicksort","Sort Space Used": 27,"Sort Space Type": "Memory","Workers": [{"Worker Number": 0,"Sort Method": "quicksort","Sort Space Used": 27,"Sort Space Type": "Memory"},{"Worker Number": 1,"Sort Method": "quicksort","Sort Space Used": 27,"Sort Space Type": "Memory"},{"Worker Number": 2,"Sort Method": "quicksort","Sort Space Used": 27,"Sort Space Type": "Memory"},{"Worker Number": 3,"Sort Method": "quicksort","Sort Space Used": 27,"Sort Space Type": "Memory"}],"Plans": [{"Node Type": "Aggregate","Strategy": "Hashed","Partial Mode": "Partial","Parent Relationship": "Outer","Parallel Aware": false,"Async Capable": false,"Startup Cost": 182930.06,"Total Cost": 182930.20,"Plan Rows": 6,"Plan Width": 236,"Actual Startup Time": 1619.109,"Actual Total Time": 1619.118,"Actual Rows": 4,"Actual Loops": 5,"Group Key": ["l_returnflag", "l_linestatus"],"Planned Partitions": 0,"HashAgg Batches": 1,"Peak Memory Usage": 32,"Disk Usage": 0,"Workers": [{"Worker Number": 0,"HashAgg Batches": 1,"Peak Memory Usage": 32,"Disk Usage": 0},{"Worker Number": 1,"HashAgg Batches": 1,"Peak Memory Usage": 32,"Disk Usage": 0},{"Worker Number": 2,"HashAgg Batches": 1,"Peak Memory Usage": 32,"Disk Usage": 0},{"Worker Number": 3,"HashAgg Batches": 1,"Peak Memory Usage": 32,"Disk Usage": 0}],"Plans": [{"Node Type": "Seq Scan","Parent Relationship": "Outer","Parallel Aware": true,"Async Capable": false,"Relation Name": "lineitem","Alias": "lineitem","Startup Cost": 0.00,"Total Cost": 131256.80,"Plan Rows": 1476379,"Plan Width": 25,"Actual Startup Time": 0.041,"Actual Total Time": 606.279,"Actual Rows": 1181785,"Actual Loops": 5,"Filter": "(l_shipdate <= '1998-08-29 00:00:00'::timestamp without time zone)","Rows Removed by Filter": 18458,"Workers": []}]}]}]}]},"Planning Time": 2.737,"Triggers": [],"Execution Time": 1661.952}]
[{"Plan": {"Node Type": "Aggregate","Strategy": "Sorted","Partial Mode": "Finalize","Parallel Aware": false,"Async Capable": false,"Startup Cost": 183632.87,"Total Cost": 183636.69,"Plan Rows": 6,"Plan Width": 236,"Actual Startup Time": 1623.728,"Actual Total Time": 1657.080,"Actual Rows": 4,"Actual Loops": 1,"Group Key": ["l_returnflag", "l_linestatus"],"Plans": [{"Node Type": "Gather Merge","Parent Relationship": "Outer","Parallel Aware": false,"Async Capable": false,"Startup Cost": 183632.87,"Total Cost": 183635.74,"Plan Rows": 24,"Plan Width": 236,"Actual Startup Time": 1623.595,"Actual Total Time": 1656.839,"Actual Rows": 20,"Actual Loops": 1,"Workers Planned": 4,"Workers Launched": 4,"Plans": [{"Node Type": "Sort","Parent Relationship": "Outer","Parallel Aware": false,"Async Capable": false,"Startup Cost": 182632.81,"Total Cost": 182632.82,"Plan Rows": 6,"Plan Width": 236,"Actual Startup Time": 1615.244,"Actual Total Time": 1615.253,"Actual Rows": 4,"Actual Loops": 5,"Sort Key": ["l_returnflag", "l_linestatus"],"Sort Method": "quicksort","Sort Space Used": 27,"Sort Space Type": "Memory","Workers": [{"Worker Number": 0,"Sort Method": "quicksort","Sort Space Used": 27,"Sort Space Type": "Memory"},{"Worker Number": 1,"Sort Method": "quicksort","Sort Space Used": 27,"Sort Space Type": "Memory"},{"Worker Number": 2,"Sort Method": "quicksort","Sort Space Used": 27,"Sort Space Type": "Memory"},{"Worker Number": 3,"Sort Method": "quicksort","Sort Space Used": 27,"Sort Space Type": "Memory"}],"Plans": [{"Node Type": "Aggregate","Strategy": "Hashed","Partial Mode": "Partial","Parent Relationship": "Outer","Parallel Aware": false,"Async Capable": false,"Startup Cost": 182632.60,"Total Cost": 182632.73,"Plan Rows": 6,"Plan Width": 236,"Actual Startup Time": 1615.145,"Actual Total Time": 1615.156,"Actual Rows": 4,"Actual Loops": 5,"Group Key": ["l_returnflag", "l_linestatus"],"Planned Partitions": 0,"HashAgg Batches": 1,"Peak Memory Usage": 32,"Disk Usage": 0,"Workers": [{"Worker Number": 0,"HashAgg Batches": 1,"Peak Memory Usage": 32,"Disk Usage": 0},{"Worker Number": 1,"HashAgg Batches": 1,"Peak Memory Usage": 32,"Disk Usage": 0},{"Worker Number": 2,"HashAgg Batches": 1,"Peak Memory Usage": 32,"Disk Usage": 0},{"Worker Number": 3,"HashAgg Batches": 1,"Peak Memory Usage": 32,"Disk Usage": 0}],"Plans": [{"Node Type": "Seq Scan","Parent Relationship": "Outer","Parallel Aware": true,"Async Capable": false,"Relation Name": "lineitem","Alias": "lineitem","Startup Cost": 0.00,"Total Cost": 131256.80,"Plan Rows": 1467880,"Plan Width": 25,"Actual Startup Time": 0.041,"Actual Total Time": 606.679,"Actual Rows": 1174072,"Actual Loops": 5,"Filter": "(l_shipdate <= '1998-08-11 00:00:00'::timestamp without time zone)","Rows Removed by Filter": 26171,"Workers": []}]}]}]}]},"Planning Time": 2.392,"Triggers": [],"Execution Time": 1657.451}]
[{"Plan": {"Node Type": "Aggregate","Strategy": "Sorted","Partial Mode": "Finalize","Parallel Aware": false,"Async Capable": false,"Startup Cost": 183823.76,"Total Cost": 183827.58,"Plan Rows": 6,"Plan Width": 236,"Actual Startup Time": 1622.288,"Actual Total Time": 1656.246,"Actual Rows": 4,"Actual Loops": 1,"Group Key": ["l_returnflag", "l_linestatus"],"Plans": [{"Node Type": "Gather Merge","Parent Relationship": "Outer","Parallel Aware": false,"Async Capable": false,"Startup Cost": 183823.76,"Total Cost": 183826.63,"Plan Rows": 24,"Plan Width": 236,"Actual Startup Time": 1622.220,"Actual Total Time": 1656.142,"Actual Rows": 20,"Actual Loops": 1,"Workers Planned": 4,"Workers Launched": 4,"Plans": [{"Node Type": "Sort","Parent Relationship": "Outer","Parallel Aware": false,"Async Capable": false,"Startup Cost": 182823.70,"Total Cost": 182823.71,"Plan Rows": 6,"Plan Width": 236,"Actual Startup Time": 1613.903,"Actual Total Time": 1613.909,"Actual Rows": 4,"Actual Loops": 5,"Sort Key": ["l_returnflag", "l_linestatus"],"Sort Method": "quicksort","Sort Space Used": 27,"Sort Space Type": "Memory","Workers": [{"Worker Number": 0,"Sort Method": "quicksort","Sort Space Used": 27,"Sort Space Type": "Memory"},{"Worker Number": 1,"Sort Method": "quicksort","Sort Space Used": 27,"Sort Space Type": "Memory"},{"Worker Number": 2,"Sort Method": "quicksort","Sort Space Used": 27,"Sort Space Type": "Memory"},{"Worker Number": 3,"Sort Method": "quicksort","Sort Space Used": 27,"Sort Space Type": "Memory"}],"Plans": [{"Node Type": "Aggregate","Strategy": "Hashed","Partial Mode": "Partial","Parent Relationship": "Outer","Parallel Aware": false,"Async Capable": false,"Startup Cost": 182823.49,"Total Cost": 182823.62,"Plan Rows": 6,"Plan Width": 236,"Actual Startup Time": 1613.785,"Actual Total Time": 1613.796,"Actual Rows": 4,"Actual Loops": 5,"Group Key": ["l_returnflag", "l_linestatus"],"Planned Partitions": 0,"HashAgg Batches": 1,"Peak Memory Usage": 32,"Disk Usage": 0,"Workers": [{"Worker Number": 0,"HashAgg Batches": 1,"Peak Memory Usage": 32,"Disk Usage": 0},{"Worker Number": 1,"HashAgg Batches": 1,"Peak Memory Usage": 32,"Disk Usage": 0},{"Worker Number": 2,"HashAgg Batches": 1,"Peak Memory Usage": 32,"Disk Usage": 0},{"Worker Number": 3,"HashAgg Batches": 1,"Peak Memory Usage": 32,"Disk Usage": 0}],"Plans": [{"Node Type": "Seq Scan","Parent Relationship": "Outer","Parallel Aware": true,"Async Capable": false,"Relation Name": "lineitem","Alias": "lineitem","Startup Cost": 0.00,"Total Cost": 131256.80,"Plan Rows": 1473334,"Plan Width": 25,"Actual Startup Time": 0.047,"Actual Total Time": 599.978,"Actual Rows": 1178947,"Actual Loops": 5,"Filter": "(l_shipdate <= '1998-08-22 00:00:00'::timestamp without time zone)","Rows Removed by Filter": 21296,"Workers": []}]}]}]}]},"Planning Time": 2.579,"Triggers": [],"Execution Time": 1656.641}]
[{"Plan": {"Node Type": "Aggregate","Strategy": "Sorted","Partial Mode": "Finalize","Parallel Aware": false,"Async Capable": false,"Startup Cost": 184320.97,"Total Cost": 184324.79,"Plan Rows": 6,"Plan Width": 236,"Actual Startup Time": 1639.286,"Actual Total Time": 1673.341,"Actual Rows": 4,"Actual Loops": 1,"Group Key": ["l_returnflag", "l_linestatus"],"Plans": [{"Node Type": "Gather Merge","Parent Relationship": "Outer","Parallel Aware": false,"Async Capable": false,"Startup Cost": 184320.97,"Total Cost": 184323.84,"Plan Rows": 24,"Plan Width": 236,"Actual Startup Time": 1639.217,"Actual Total Time": 1673.248,"Actual Rows": 20,"Actual Loops": 1,"Workers Planned": 4,"Workers Launched": 4,"Plans": [{"Node Type": "Sort","Parent Relationship": "Outer","Parallel Aware": false,"Async Capable": false,"Startup Cost": 183320.91,"Total Cost": 183320.92,"Plan Rows": 6,"Plan Width": 236,"Actual Startup Time": 1630.806,"Actual Total Time": 1630.812,"Actual Rows": 4,"Actual Loops": 5,"Sort Key": ["l_returnflag", "l_linestatus"],"Sort Method": "quicksort","Sort Space Used": 27,"Sort Space Type": "Memory","Workers": [{"Worker Number": 0,"Sort Method": "quicksort","Sort Space Used": 27,"Sort Space Type": "Memory"},{"Worker Number": 1,"Sort Method": "quicksort","Sort Space Used": 27,"Sort Space Type": "Memory"},{"Worker Number": 2,"Sort Method": "quicksort","Sort Space Used": 27,"Sort Space Type": "Memory"},{"Worker Number": 3,"Sort Method": "quicksort","Sort Space Used": 27,"Sort Space Type": "Memory"}],"Plans": [{"Node Type": "Aggregate","Strategy": "Hashed","Partial Mode": "Partial","Parent Relationship": "Outer","Parallel Aware": false,"Async Capable": false,"Startup Cost": 183320.70,"Total Cost": 183320.83,"Plan Rows": 6,"Plan Width": 236,"Actual Startup Time": 1630.687,"Actual Total Time": 1630.697,"Actual Rows": 4,"Actual Loops": 5,"Group Key": ["l_returnflag", "l_linestatus"],"Planned Partitions": 0,"HashAgg Batches": 1,"Peak Memory Usage": 32,"Disk Usage": 0,"Workers": [{"Worker Number": 0,"HashAgg Batches": 1,"Peak Memory Usage": 32,"Disk Usage": 0},{"Worker Number": 1,"HashAgg Batches": 1,"Peak Memory Usage": 32,"Disk Usage": 0},{"Worker Number": 2,"HashAgg Batches": 1,"Peak Memory Usage": 32,"Disk Usage": 0},{"Worker Number": 3,"HashAgg Batches": 1,"Peak Memory Usage": 32,"Disk Usage": 0}],"Plans": [{"Node Type": "Seq Scan","Parent Relationship": "Outer","Parallel Aware": true,"Async Capable": false,"Relation Name": "lineitem","Alias": "lineitem","Startup Cost": 0.00,"Total Cost": 131256.80,"Plan Rows": 1487540,"Plan Width": 25,"Actual Startup Time": 0.050,"Actual Total Time": 607.902,"Actual Rows": 1191902,"Actual Loops": 5,"Filter": "(l_shipdate <= '1998-09-29 00:00:00'::timestamp without time zone)","Rows Removed by Filter": 8341,"Workers": []}]}]}]}]},"Planning Time": 3.425,"Triggers": [],"Execution Time": 1673.769}]
[{"Plan": {"Node Type": "Aggregate","Strategy": "Sorted","Partial Mode": "Finalize","Parallel Aware": false,"Async Capable": false,"Startup Cost": 183838.98,"Total Cost": 183842.80,"Plan Rows": 6,"Plan Width": 236,"Actual Startup Time": 1639.650,"Actual Total Time": 1673.848,"Actual Rows": 4,"Actual Loops": 1,"Group Key": ["l_returnflag", "l_linestatus"],"Plans": [{"Node Type": "Gather Merge","Parent Relationship": "Outer","Parallel Aware": false,"Async Capable": false,"Startup Cost": 183838.98,"Total Cost": 183841.86,"Plan Rows": 24,"Plan Width": 236,"Actual Startup Time": 1639.575,"Actual Total Time": 1673.737,"Actual Rows": 20,"Actual Loops": 1,"Workers Planned": 4,"Workers Launched": 4,"Plans": [{"Node Type": "Sort","Parent Relationship": "Outer","Parallel Aware": false,"Async Capable": false,"Startup Cost": 182838.92,"Total Cost": 182838.94,"Plan Rows": 6,"Plan Width": 236,"Actual Startup Time": 1631.806,"Actual Total Time": 1631.813,"Actual Rows": 4,"Actual Loops": 5,"Sort Key": ["l_returnflag", "l_linestatus"],"Sort Method": "quicksort","Sort Space Used": 27,"Sort Space Type": "Memory","Workers": [{"Worker Number": 0,"Sort Method": "quicksort","Sort Space Used": 27,"Sort Space Type": "Memory"},{"Worker Number": 1,"Sort Method": "quicksort","Sort Space Used": 27,"Sort Space Type": "Memory"},{"Worker Number": 2,"Sort Method": "quicksort","Sort Space Used": 27,"Sort Space Type": "Memory"},{"Worker Number": 3,"Sort Method": "quicksort","Sort Space Used": 27,"Sort Space Type": "Memory"}],"Plans": [{"Node Type": "Aggregate","Strategy": "Hashed","Partial Mode": "Partial","Parent Relationship": "Outer","Parallel Aware": false,"Async Capable": false,"Startup Cost": 182838.71,"Total Cost": 182838.85,"Plan Rows": 6,"Plan Width": 236,"Actual Startup Time": 1631.677,"Actual Total Time": 1631.690,"Actual Rows": 4,"Actual Loops": 5,"Group Key": ["l_returnflag", "l_linestatus"],"Planned Partitions": 0,"HashAgg Batches": 1,"Peak Memory Usage": 32,"Disk Usage": 0,"Workers": [{"Worker Number": 0,"HashAgg Batches": 1,"Peak Memory Usage": 32,"Disk Usage": 0},{"Worker Number": 1,"HashAgg Batches": 1,"Peak Memory Usage": 32,"Disk Usage": 0},{"Worker Number": 2,"HashAgg Batches": 1,"Peak Memory Usage": 32,"Disk Usage": 0},{"Worker Number": 3,"HashAgg Batches": 1,"Peak Memory Usage": 32,"Disk Usage": 0}],"Plans": [{"Node Type": "Seq Scan","Parent Relationship": "Outer","Parallel Aware": true,"Async Capable": false,"Relation Name": "lineitem","Alias": "lineitem","Startup Cost": 0.00,"Total Cost": 131256.80,"Plan Rows": 1473769,"Plan Width": 25,"Actual Startup Time": 0.045,"Actual Total Time": 617.011,"Actual Rows": 1179363,"Actual Loops": 5,"Filter": "(l_shipdate <= '1998-08-23 00:00:00'::timestamp without time zone)","Rows Removed by Filter": 20880,"Workers": []}]}]}]}]},"Planning Time": 3.143,"Triggers": [],"Execution Time": 1674.117}]
[{"Plan": {"Node Type": "Aggregate","Strategy": "Sorted","Partial Mode": "Finalize","Parallel Aware": false,"Async Capable": false,"Startup Cost": 183652.75,"Total Cost": 183656.57,"Plan Rows": 6,"Plan Width": 236,"Actual Startup Time": 1624.037,"Actual Total Time": 1657.979,"Actual Rows": 4,"Actual Loops": 1,"Group Key": ["l_returnflag", "l_linestatus"],"Plans": [{"Node Type": "Gather Merge","Parent Relationship": "Outer","Parallel Aware": false,"Async Capable": false,"Startup Cost": 183652.75,"Total Cost": 183655.62,"Plan Rows": 24,"Plan Width": 236,"Actual Startup Time": 1623.893,"Actual Total Time": 1657.849,"Actual Rows": 20,"Actual Loops": 1,"Workers Planned": 4,"Workers Launched": 4,"Plans": [{"Node Type": "Sort","Parent Relationship": "Outer","Parallel Aware": false,"Async Capable": false,"Startup Cost": 182652.69,"Total Cost": 182652.70,"Plan Rows": 6,"Plan Width": 236,"Actual Startup Time": 1616.446,"Actual Total Time": 1616.451,"Actual Rows": 4,"Actual Loops": 5,"Sort Key": ["l_returnflag", "l_linestatus"],"Sort Method": "quicksort","Sort Space Used": 27,"Sort Space Type": "Memory","Workers": [{"Worker Number": 0,"Sort Method": "quicksort","Sort Space Used": 27,"Sort Space Type": "Memory"},{"Worker Number": 1,"Sort Method": "quicksort","Sort Space Used": 27,"Sort Space Type": "Memory"},{"Worker Number": 2,"Sort Method": "quicksort","Sort Space Used": 27,"Sort Space Type": "Memory"},{"Worker Number": 3,"Sort Method": "quicksort","Sort Space Used": 27,"Sort Space Type": "Memory"}],"Plans": [{"Node Type": "Aggregate","Strategy": "Hashed","Partial Mode": "Partial","Parent Relationship": "Outer","Parallel Aware": false,"Async Capable": false,"Startup Cost": 182652.48,"Total Cost": 182652.61,"Plan Rows": 6,"Plan Width": 236,"Actual Startup Time": 1616.349,"Actual Total Time": 1616.357,"Actual Rows": 4,"Actual Loops": 5,"Group Key": ["l_returnflag", "l_linestatus"],"Planned Partitions": 0,"HashAgg Batches": 1,"Peak Memory Usage": 32,"Disk Usage": 0,"Workers": [{"Worker Number": 0,"HashAgg Batches": 1,"Peak Memory Usage": 32,"Disk Usage": 0},{"Worker Number": 1,"HashAgg Batches": 1,"Peak Memory Usage": 32,"Disk Usage": 0},{"Worker Number": 2,"HashAgg Batches": 1,"Peak Memory Usage": 32,"Disk Usage": 0},{"Worker Number": 3,"HashAgg Batches": 1,"Peak Memory Usage": 32,"Disk Usage": 0}],"Plans": [{"Node Type": "Seq Scan","Parent Relationship": "Outer","Parallel Aware": true,"Async Capable": false,"Relation Name": "lineitem","Alias": "lineitem","Startup Cost": 0.00,"Total Cost": 131256.80,"Plan Rows": 1468448,"Plan Width": 25,"Actual Startup Time": 0.039,"Actual Total Time": 608.174,"Actual Rows": 1174542,"Actual Loops": 5,"Filter": "(l_shipdate <= '1998-08-12 00:00:00'::timestamp without time zone)","Rows Removed by Filter": 25701,"Workers": []}]}]}]}]},"Planning Time": 2.541,"Triggers": [],"Execution Time": 1658.369}]
[{"Plan": {"Node Type": "Aggregate","Strategy": "Sorted","Partial Mode": "Finalize","Parallel Aware": false,"Async Capable": false,"Startup Cost": 183945.56,"Total Cost": 183949.38,"Plan Rows": 6,"Plan Width": 236,"Actual Startup Time": 1624.685,"Actual Total Time": 1659.093,"Actual Rows": 4,"Actual Loops": 1,"Group Key": ["l_returnflag", "l_linestatus"],"Plans": [{"Node Type": "Gather Merge","Parent Relationship": "Outer","Parallel Aware": false,"Async Capable": false,"Startup Cost": 183945.56,"Total Cost": 183948.43,"Plan Rows": 24,"Plan Width": 236,"Actual Startup Time": 1624.576,"Actual Total Time": 1658.968,"Actual Rows": 20,"Actual Loops": 1,"Workers Planned": 4,"Workers Launched": 4,"Plans": [{"Node Type": "Sort","Parent Relationship": "Outer","Parallel Aware": false,"Async Capable": false,"Startup Cost": 182945.50,"Total Cost": 182945.51,"Plan Rows": 6,"Plan Width": 236,"Actual Startup Time": 1616.640,"Actual Total Time": 1616.644,"Actual Rows": 4,"Actual Loops": 5,"Sort Key": ["l_returnflag", "l_linestatus"],"Sort Method": "quicksort","Sort Space Used": 27,"Sort Space Type": "Memory","Workers": [{"Worker Number": 0,"Sort Method": "quicksort","Sort Space Used": 27,"Sort Space Type": "Memory"},{"Worker Number": 1,"Sort Method": "quicksort","Sort Space Used": 27,"Sort Space Type": "Memory"},{"Worker Number": 2,"Sort Method": "quicksort","Sort Space Used": 27,"Sort Space Type": "Memory"},{"Worker Number": 3,"Sort Method": "quicksort","Sort Space Used": 27,"Sort Space Type": "Memory"}],"Plans": [{"Node Type": "Aggregate","Strategy": "Hashed","Partial Mode": "Partial","Parent Relationship": "Outer","Parallel Aware": false,"Async Capable": false,"Startup Cost": 182945.29,"Total Cost": 182945.42,"Plan Rows": 6,"Plan Width": 236,"Actual Startup Time": 1616.535,"Actual Total Time": 1616.542,"Actual Rows": 4,"Actual Loops": 5,"Group Key": ["l_returnflag", "l_linestatus"],"Planned Partitions": 0,"HashAgg Batches": 1,"Peak Memory Usage": 32,"Disk Usage": 0,"Workers": [{"Worker Number": 0,"HashAgg Batches": 1,"Peak Memory Usage": 32,"Disk Usage": 0},{"Worker Number": 1,"HashAgg Batches": 1,"Peak Memory Usage": 32,"Disk Usage": 0},{"Worker Number": 2,"HashAgg Batches": 1,"Peak Memory Usage": 32,"Disk Usage": 0},{"Worker Number": 3,"HashAgg Batches": 1,"Peak Memory Usage": 32,"Disk Usage": 0}],"Plans": [{"Node Type": "Seq Scan","Parent Relationship": "Outer","Parallel Aware": true,"Async Capable": false,"Relation Name": "lineitem","Alias": "lineitem","Startup Cost": 0.00,"Total Cost": 131256.80,"Plan Rows": 1476814,"Plan Width": 25,"Actual Startup Time": 0.043,"Actual Total Time": 602.040,"Actual Rows": 1182172,"Actual Loops": 5,"Filter": "(l_shipdate <= '1998-08-30 00:00:00'::timestamp without time zone)","Rows Removed by Filter": 18071,"Workers": []}]}]}]}]},"Planning Time": 2.906,"Triggers": [],"Execution Time": 1659.548}]
[{"Plan": {"Node Type": "Aggregate","Strategy": "Sorted","Partial Mode": "Finalize","Parallel Aware": false,"Async Capable": false,"Startup Cost": 183899.88,"Total Cost": 183903.70,"Plan Rows": 6,"Plan Width": 236,"Actual Startup Time": 1631.667,"Actual Total Time": 1664.196,"Actual Rows": 4,"Actual Loops": 1,"Group Key": ["l_returnflag", "l_linestatus"],"Plans": [{"Node Type": "Gather Merge","Parent Relationship": "Outer","Parallel Aware": false,"Async Capable": false,"Startup Cost": 183899.88,"Total Cost": 183902.76,"Plan Rows": 24,"Plan Width": 236,"Actual Startup Time": 1631.585,"Actual Total Time": 1664.073,"Actual Rows": 20,"Actual Loops": 1,"Workers Planned": 4,"Workers Launched": 4,"Plans": [{"Node Type": "Sort","Parent Relationship": "Outer","Parallel Aware": false,"Async Capable": false,"Startup Cost": 182899.82,"Total Cost": 182899.84,"Plan Rows": 6,"Plan Width": 236,"Actual Startup Time": 1623.935,"Actual Total Time": 1623.946,"Actual Rows": 4,"Actual Loops": 5,"Sort Key": ["l_returnflag", "l_linestatus"],"Sort Method": "quicksort","Sort Space Used": 27,"Sort Space Type": "Memory","Workers": [{"Worker Number": 0,"Sort Method": "quicksort","Sort Space Used": 27,"Sort Space Type": "Memory"},{"Worker Number": 1,"Sort Method": "quicksort","Sort Space Used": 27,"Sort Space Type": "Memory"},{"Worker Number": 2,"Sort Method": "quicksort","Sort Space Used": 27,"Sort Space Type": "Memory"},{"Worker Number": 3,"Sort Method": "quicksort","Sort Space Used": 27,"Sort Space Type": "Memory"}],"Plans": [{"Node Type": "Aggregate","Strategy": "Hashed","Partial Mode": "Partial","Parent Relationship": "Outer","Parallel Aware": false,"Async Capable": false,"Startup Cost": 182899.61,"Total Cost": 182899.75,"Plan Rows": 6,"Plan Width": 236,"Actual Startup Time": 1623.729,"Actual Total Time": 1623.744,"Actual Rows": 4,"Actual Loops": 5,"Group Key": ["l_returnflag", "l_linestatus"],"Planned Partitions": 0,"HashAgg Batches": 1,"Peak Memory Usage": 32,"Disk Usage": 0,"Workers": [{"Worker Number": 0,"HashAgg Batches": 1,"Peak Memory Usage": 32,"Disk Usage": 0},{"Worker Number": 1,"HashAgg Batches": 1,"Peak Memory Usage": 32,"Disk Usage": 0},{"Worker Number": 2,"HashAgg Batches": 1,"Peak Memory Usage": 32,"Disk Usage": 0},{"Worker Number": 3,"HashAgg Batches": 1,"Peak Memory Usage": 32,"Disk Usage": 0}],"Plans": [{"Node Type": "Seq Scan","Parent Relationship": "Outer","Parallel Aware": true,"Async Capable": false,"Relation Name": "lineitem","Alias": "lineitem","Startup Cost": 0.00,"Total Cost": 131256.80,"Plan Rows": 1475509,"Plan Width": 25,"Actual Startup Time": 0.043,"Actual Total Time": 609.151,"Actual Rows": 1181003,"Actual Loops": 5,"Filter": "(l_shipdate <= '1998-08-27 00:00:00'::timestamp without time zone)","Rows Removed by Filter": 19240,"Workers": []}]}]}]}]},"Planning Time": 2.796,"Triggers": [],"Execution Time": 1664.547}]
[{"Plan": {"Node Type": "Aggregate","Strategy": "Sorted","Partial Mode": "Finalize","Parallel Aware": false,"Async Capable": false,"Startup Cost": 183672.66,"Total Cost": 183676.48,"Plan Rows": 6,"Plan Width": 236,"Actual Startup Time": 1616.111,"Actual Total Time": 1649.293,"Actual Rows": 4,"Actual Loops": 1,"Group Key": ["l_returnflag", "l_linestatus"],"Plans": [{"Node Type": "Gather Merge","Parent Relationship": "Outer","Parallel Aware": false,"Async Capable": false,"Startup Cost": 183672.66,"Total Cost": 183675.54,"Plan Rows": 24,"Plan Width": 236,"Actual Startup Time": 1616.040,"Actual Total Time": 1649.181,"Actual Rows": 20,"Actual Loops": 1,"Workers Planned": 4,"Workers Launched": 4,"Plans": [{"Node Type": "Sort","Parent Relationship": "Outer","Parallel Aware": false,"Async Capable": false,"Startup Cost": 182672.60,"Total Cost": 182672.62,"Plan Rows": 6,"Plan Width": 236,"Actual Startup Time": 1608.293,"Actual Total Time": 1608.295,"Actual Rows": 4,"Actual Loops": 5,"Sort Key": ["l_returnflag", "l_linestatus"],"Sort Method": "quicksort","Sort Space Used": 27,"Sort Space Type": "Memory","Workers": [{"Worker Number": 0,"Sort Method": "quicksort","Sort Space Used": 27,"Sort Space Type": "Memory"},{"Worker Number": 1,"Sort Method": "quicksort","Sort Space Used": 27,"Sort Space Type": "Memory"},{"Worker Number": 2,"Sort Method": "quicksort","Sort Space Used": 27,"Sort Space Type": "Memory"},{"Worker Number": 3,"Sort Method": "quicksort","Sort Space Used": 27,"Sort Space Type": "Memory"}],"Plans": [{"Node Type": "Aggregate","Strategy": "Hashed","Partial Mode": "Partial","Parent Relationship": "Outer","Parallel Aware": false,"Async Capable": false,"Startup Cost": 182672.39,"Total Cost": 182672.53,"Plan Rows": 6,"Plan Width": 236,"Actual Startup Time": 1608.122,"Actual Total Time": 1608.128,"Actual Rows": 4,"Actual Loops": 5,"Group Key": ["l_returnflag", "l_linestatus"],"Planned Partitions": 0,"HashAgg Batches": 1,"Peak Memory Usage": 32,"Disk Usage": 0,"Workers": [{"Worker Number": 0,"HashAgg Batches": 1,"Peak Memory Usage": 32,"Disk Usage": 0},{"Worker Number": 1,"HashAgg Batches": 1,"Peak Memory Usage": 32,"Disk Usage": 0},{"Worker Number": 2,"HashAgg Batches": 1,"Peak Memory Usage": 32,"Disk Usage": 0},{"Worker Number": 3,"HashAgg Batches": 1,"Peak Memory Usage": 32,"Disk Usage": 0}],"Plans": [{"Node Type": "Seq Scan","Parent Relationship": "Outer","Parallel Aware": true,"Async Capable": false,"Relation Name": "lineitem","Alias": "lineitem","Startup Cost": 0.00,"Total Cost": 131256.80,"Plan Rows": 1469017,"Plan Width": 25,"Actual Startup Time": 0.038,"Actual Total Time": 601.467,"Actual Rows": 1175005,"Actual Loops": 5,"Filter": "(l_shipdate <= '1998-08-13 00:00:00'::timestamp without time zone)","Rows Removed by Filter": 25238,"Workers": []}]}]}]}]},"Planning Time": 3.226,"Triggers": [],"Execution Time": 1649.755}]
[{"Plan": {"Node Type": "Aggregate","Strategy": "Sorted","Partial Mode": "Finalize","Parallel Aware": false,"Async Capable": false,"Startup Cost": 184143.48,"Total Cost": 184147.30,"Plan Rows": 6,"Plan Width": 236,"Actual Startup Time": 1626.444,"Actual Total Time": 1660.907,"Actual Rows": 4,"Actual Loops": 1,"Group Key": ["l_returnflag", "l_linestatus"],"Plans": [{"Node Type": "Gather Merge","Parent Relationship": "Outer","Parallel Aware": false,"Async Capable": false,"Startup Cost": 184143.48,"Total Cost": 184146.36,"Plan Rows": 24,"Plan Width": 236,"Actual Startup Time": 1626.358,"Actual Total Time": 1660.800,"Actual Rows": 20,"Actual Loops": 1,"Workers Planned": 4,"Workers Launched": 4,"Plans": [{"Node Type": "Sort","Parent Relationship": "Outer","Parallel Aware": false,"Async Capable": false,"Startup Cost": 183143.42,"Total Cost": 183143.44,"Plan Rows": 6,"Plan Width": 236,"Actual Startup Time": 1618.434,"Actual Total Time": 1618.440,"Actual Rows": 4,"Actual Loops": 5,"Sort Key": ["l_returnflag", "l_linestatus"],"Sort Method": "quicksort","Sort Space Used": 27,"Sort Space Type": "Memory","Workers": [{"Worker Number": 0,"Sort Method": "quicksort","Sort Space Used": 27,"Sort Space Type": "Memory"},{"Worker Number": 1,"Sort Method": "quicksort","Sort Space Used": 27,"Sort Space Type": "Memory"},{"Worker Number": 2,"Sort Method": "quicksort","Sort Space Used": 27,"Sort Space Type": "Memory"},{"Worker Number": 3,"Sort Method": "quicksort","Sort Space Used": 27,"Sort Space Type": "Memory"}],"Plans": [{"Node Type": "Aggregate","Strategy": "Hashed","Partial Mode": "Partial","Parent Relationship": "Outer","Parallel Aware": false,"Async Capable": false,"Startup Cost": 183143.21,"Total Cost": 183143.35,"Plan Rows": 6,"Plan Width": 236,"Actual Startup Time": 1618.337,"Actual Total Time": 1618.346,"Actual Rows": 4,"Actual Loops": 5,"Group Key": ["l_returnflag", "l_linestatus"],"Planned Partitions": 0,"HashAgg Batches": 1,"Peak Memory Usage": 32,"Disk Usage": 0,"Workers": [{"Worker Number": 0,"HashAgg Batches": 1,"Peak Memory Usage": 32,"Disk Usage": 0},{"Worker Number": 1,"HashAgg Batches": 1,"Peak Memory Usage": 32,"Disk Usage": 0},{"Worker Number": 2,"HashAgg Batches": 1,"Peak Memory Usage": 32,"Disk Usage": 0},{"Worker Number": 3,"HashAgg Batches": 1,"Peak Memory Usage": 32,"Disk Usage": 0}],"Plans": [{"Node Type": "Seq Scan","Parent Relationship": "Outer","Parallel Aware": true,"Async Capable": false,"Relation Name": "lineitem","Alias": "lineitem","Startup Cost": 0.00,"Total Cost": 131256.80,"Plan Rows": 1482469,"Plan Width": 25,"Actual Startup Time": 0.037,"Actual Total Time": 601.337,"Actual Rows": 1186872,"Actual Loops": 5,"Filter": "(l_shipdate <= '1998-09-12 00:00:00'::timestamp without time zone)","Rows Removed by Filter": 13371,"Workers": []}]}]}]}]},"Planning Time": 3.114,"Triggers": [],"Execution Time": 1661.349}]
[{"Plan": {"Node Type": "Aggregate","Strategy": "Sorted","Partial Mode": "Finalize","Parallel Aware": false,"Async Capable": false,"Startup Cost": 184234.83,"Total Cost": 184238.65,"Plan Rows": 6,"Plan Width": 236,"Actual Startup Time": 1625.718,"Actual Total Time": 1658.748,"Actual Rows": 4,"Actual Loops": 1,"Group Key": ["l_returnflag", "l_linestatus"],"Plans": [{"Node Type": "Gather Merge","Parent Relationship": "Outer","Parallel Aware": false,"Async Capable": false,"Startup Cost": 184234.83,"Total Cost": 184237.71,"Plan Rows": 24,"Plan Width": 236,"Actual Startup Time": 1625.652,"Actual Total Time": 1658.651,"Actual Rows": 20,"Actual Loops": 1,"Workers Planned": 4,"Workers Launched": 4,"Plans": [{"Node Type": "Sort","Parent Relationship": "Outer","Parallel Aware": false,"Async Capable": false,"Startup Cost": 183234.77,"Total Cost": 183234.79,"Plan Rows": 6,"Plan Width": 236,"Actual Startup Time": 1618.337,"Actual Total Time": 1618.340,"Actual Rows": 4,"Actual Loops": 5,"Sort Key": ["l_returnflag", "l_linestatus"],"Sort Method": "quicksort","Sort Space Used": 27,"Sort Space Type": "Memory","Workers": [{"Worker Number": 0,"Sort Method": "quicksort","Sort Space Used": 27,"Sort Space Type": "Memory"},{"Worker Number": 1,"Sort Method": "quicksort","Sort Space Used": 27,"Sort Space Type": "Memory"},{"Worker Number": 2,"Sort Method": "quicksort","Sort Space Used": 27,"Sort Space Type": "Memory"},{"Worker Number": 3,"Sort Method": "quicksort","Sort Space Used": 27,"Sort Space Type": "Memory"}],"Plans": [{"Node Type": "Aggregate","Strategy": "Hashed","Partial Mode": "Partial","Parent Relationship": "Outer","Parallel Aware": false,"Async Capable": false,"Startup Cost": 183234.56,"Total Cost": 183234.70,"Plan Rows": 6,"Plan Width": 236,"Actual Startup Time": 1618.239,"Actual Total Time": 1618.246,"Actual Rows": 4,"Actual Loops": 5,"Group Key": ["l_returnflag", "l_linestatus"],"Planned Partitions": 0,"HashAgg Batches": 1,"Peak Memory Usage": 32,"Disk Usage": 0,"Workers": [{"Worker Number": 0,"HashAgg Batches": 1,"Peak Memory Usage": 32,"Disk Usage": 0},{"Worker Number": 1,"HashAgg Batches": 1,"Peak Memory Usage": 32,"Disk Usage": 0},{"Worker Number": 2,"HashAgg Batches": 1,"Peak Memory Usage": 32,"Disk Usage": 0},{"Worker Number": 3,"HashAgg Batches": 1,"Peak Memory Usage": 32,"Disk Usage": 0}],"Plans": [{"Node Type": "Seq Scan","Parent Relationship": "Outer","Parallel Aware": true,"Async Capable": false,"Relation Name": "lineitem","Alias": "lineitem","Startup Cost": 0.00,"Total Cost": 131256.80,"Plan Rows": 1485079,"Plan Width": 25,"Actual Startup Time": 0.035,"Actual Total Time": 599.174,"Actual Rows": 1188798,"Actual Loops": 5,"Filter": "(l_shipdate <= '1998-09-18 00:00:00'::timestamp without time zone)","Rows Removed by Filter": 11445,"Workers": []}]}]}]}]},"Planning Time": 2.904,"Triggers": [],"Execution Time": 1659.073}]
[{"Plan": {"Node Type": "Aggregate","Strategy": "Sorted","Partial Mode": "Finalize","Parallel Aware": false,"Async Capable": false,"Startup Cost": 184257.13,"Total Cost": 184260.95,"Plan Rows": 6,"Plan Width": 236,"Actual Startup Time": 1442.877,"Actual Total Time": 1461.341,"Actual Rows": 4,"Actual Loops": 1,"Group Key": ["l_returnflag", "l_linestatus"],"Plans": [{"Node Type": "Gather Merge","Parent Relationship": "Outer","Parallel Aware": false,"Async Capable": false,"Startup Cost": 184257.13,"Total Cost": 184260.00,"Plan Rows": 24,"Plan Width": 236,"Actual Startup Time": 1442.807,"Actual Total Time": 1461.246,"Actual Rows": 20,"Actual Loops": 1,"Workers Planned": 4,"Workers Launched": 4,"Plans": [{"Node Type": "Sort","Parent Relationship": "Outer","Parallel Aware": false,"Async Capable": false,"Startup Cost": 183257.07,"Total Cost": 183257.08,"Plan Rows": 6,"Plan Width": 236,"Actual Startup Time": 1433.925,"Actual Total Time": 1433.931,"Actual Rows": 4,"Actual Loops": 5,"Sort Key": ["l_returnflag", "l_linestatus"],"Sort Method": "quicksort","Sort Space Used": 27,"Sort Space Type": "Memory","Workers": [{"Worker Number": 0,"Sort Method": "quicksort","Sort Space Used": 27,"Sort Space Type": "Memory"},{"Worker Number": 1,"Sort Method": "quicksort","Sort Space Used": 27,"Sort Space Type": "Memory"},{"Worker Number": 2,"Sort Method": "quicksort","Sort Space Used": 27,"Sort Space Type": "Memory"},{"Worker Number": 3,"Sort Method": "quicksort","Sort Space Used": 27,"Sort Space Type": "Memory"}],"Plans": [{"Node Type": "Aggregate","Strategy": "Hashed","Partial Mode": "Partial","Parent Relationship": "Outer","Parallel Aware": false,"Async Capable": false,"Startup Cost": 183256.86,"Total Cost": 183256.99,"Plan Rows": 6,"Plan Width": 236,"Actual Startup Time": 1433.810,"Actual Total Time": 1433.821,"Actual Rows": 4,"Actual Loops": 5,"Group Key": ["l_returnflag", "l_linestatus"],"Planned Partitions": 0,"HashAgg Batches": 1,"Peak Memory Usage": 32,"Disk Usage": 0,"Workers": [{"Worker Number": 0,"HashAgg Batches": 1,"Peak Memory Usage": 32,"Disk Usage": 0},{"Worker Number": 1,"HashAgg Batches": 1,"Peak Memory Usage": 32,"Disk Usage": 0},{"Worker Number": 2,"HashAgg Batches": 1,"Peak Memory Usage": 32,"Disk Usage": 0},{"Worker Number": 3,"HashAgg Batches": 1,"Peak Memory Usage": 32,"Disk Usage": 0}],"Plans": [{"Node Type": "Seq Scan","Parent Relationship": "Outer","Parallel Aware": true,"Async Capable": false,"Relation Name": "lineitem","Alias": "lineitem","Startup Cost": 0.00,"Total Cost": 131256.80,"Plan Rows": 1485716,"Plan Width": 25,"Actual Startup Time": 0.083,"Actual Total Time": 411.300,"Actual Rows": 1189383,"Actual Loops": 5,"Filter": "(l_shipdate <= '1998-09-20 00:00:00'::timestamp without time zone)","Rows Removed by Filter": 10860,"Workers": []}]}]}]}]},"Planning Time": 2.939,"Triggers": [],"Execution Time": 1461.675}]
[{"Plan": {"Node Type": "Aggregate","Strategy": "Sorted","Partial Mode": "Finalize","Parallel Aware": false,"Async Capable": false,"Startup Cost": 184299.69,"Total Cost": 184303.51,"Plan Rows": 6,"Plan Width": 236,"Actual Startup Time": 1646.398,"Actual Total Time": 1680.381,"Actual Rows": 4,"Actual Loops": 1,"Group Key": ["l_returnflag", "l_linestatus"],"Plans": [{"Node Type": "Gather Merge","Parent Relationship": "Outer","Parallel Aware": false,"Async Capable": false,"Startup Cost": 184299.69,"Total Cost": 184302.56,"Plan Rows": 24,"Plan Width": 236,"Actual Startup Time": 1646.328,"Actual Total Time": 1680.272,"Actual Rows": 20,"Actual Loops": 1,"Workers Planned": 4,"Workers Launched": 4,"Plans": [{"Node Type": "Sort","Parent Relationship": "Outer","Parallel Aware": false,"Async Capable": false,"Startup Cost": 183299.63,"Total Cost": 183299.64,"Plan Rows": 6,"Plan Width": 236,"Actual Startup Time": 1638.706,"Actual Total Time": 1638.709,"Actual Rows": 4,"Actual Loops": 5,"Sort Key": ["l_returnflag", "l_linestatus"],"Sort Method": "quicksort","Sort Space Used": 27,"Sort Space Type": "Memory","Workers": [{"Worker Number": 0,"Sort Method": "quicksort","Sort Space Used": 27,"Sort Space Type": "Memory"},{"Worker Number": 1,"Sort Method": "quicksort","Sort Space Used": 27,"Sort Space Type": "Memory"},{"Worker Number": 2,"Sort Method": "quicksort","Sort Space Used": 27,"Sort Space Type": "Memory"},{"Worker Number": 3,"Sort Method": "quicksort","Sort Space Used": 27,"Sort Space Type": "Memory"}],"Plans": [{"Node Type": "Aggregate","Strategy": "Hashed","Partial Mode": "Partial","Parent Relationship": "Outer","Parallel Aware": false,"Async Capable": false,"Startup Cost": 183299.42,"Total Cost": 183299.55,"Plan Rows": 6,"Plan Width": 236,"Actual Startup Time": 1638.541,"Actual Total Time": 1638.549,"Actual Rows": 4,"Actual Loops": 5,"Group Key": ["l_returnflag", "l_linestatus"],"Planned Partitions": 0,"HashAgg Batches": 1,"Peak Memory Usage": 32,"Disk Usage": 0,"Workers": [{"Worker Number": 0,"HashAgg Batches": 1,"Peak Memory Usage": 32,"Disk Usage": 0},{"Worker Number": 1,"HashAgg Batches": 1,"Peak Memory Usage": 32,"Disk Usage": 0},{"Worker Number": 2,"HashAgg Batches": 1,"Peak Memory Usage": 32,"Disk Usage": 0},{"Worker Number": 3,"HashAgg Batches": 1,"Peak Memory Usage": 32,"Disk Usage": 0}],"Plans": [{"Node Type": "Seq Scan","Parent Relationship": "Outer","Parallel Aware": true,"Async Capable": false,"Relation Name": "lineitem","Alias": "lineitem","Startup Cost": 0.00,"Total Cost": 131256.80,"Plan Rows": 1486932,"Plan Width": 25,"Actual Startup Time": 0.035,"Actual Total Time": 615.515,"Actual Rows": 1191104,"Actual Loops": 5,"Filter": "(l_shipdate <= '1998-09-26 00:00:00'::timestamp without time zone)","Rows Removed by Filter": 9139,"Workers": []}]}]}]}]},"Planning Time": 3.172,"Triggers": [],"Execution Time": 1680.799}]
[{"Plan": {"Node Type": "Aggregate","Strategy": "Sorted","Partial Mode": "Finalize","Parallel Aware": false,"Async Capable": false,"Startup Cost": 184128.26,"Total Cost": 184132.08,"Plan Rows": 6,"Plan Width": 236,"Actual Startup Time": 1649.132,"Actual Total Time": 1683.354,"Actual Rows": 4,"Actual Loops": 1,"Group Key": ["l_returnflag", "l_linestatus"],"Plans": [{"Node Type": "Gather Merge","Parent Relationship": "Outer","Parallel Aware": false,"Async Capable": false,"Startup Cost": 184128.26,"Total Cost": 184131.13,"Plan Rows": 24,"Plan Width": 236,"Actual Startup Time": 1649.053,"Actual Total Time": 1683.242,"Actual Rows": 20,"Actual Loops": 1,"Workers Planned": 4,"Workers Launched": 4,"Plans": [{"Node Type": "Sort","Parent Relationship": "Outer","Parallel Aware": false,"Async Capable": false,"Startup Cost": 183128.20,"Total Cost": 183128.21,"Plan Rows": 6,"Plan Width": 236,"Actual Startup Time": 1640.585,"Actual Total Time": 1640.592,"Actual Rows": 4,"Actual Loops": 5,"Sort Key": ["l_returnflag", "l_linestatus"],"Sort Method": "quicksort","Sort Space Used": 27,"Sort Space Type": "Memory","Workers": [{"Worker Number": 0,"Sort Method": "quicksort","Sort Space Used": 27,"Sort Space Type": "Memory"},{"Worker Number": 1,"Sort Method": "quicksort","Sort Space Used": 27,"Sort Space Type": "Memory"},{"Worker Number": 2,"Sort Method": "quicksort","Sort Space Used": 27,"Sort Space Type": "Memory"},{"Worker Number": 3,"Sort Method": "quicksort","Sort Space Used": 27,"Sort Space Type": "Memory"}],"Plans": [{"Node Type": "Aggregate","Strategy": "Hashed","Partial Mode": "Partial","Parent Relationship": "Outer","Parallel Aware": false,"Async Capable": false,"Startup Cost": 183127.99,"Total Cost": 183128.12,"Plan Rows": 6,"Plan Width": 236,"Actual Startup Time": 1640.479,"Actual Total Time": 1640.488,"Actual Rows": 4,"Actual Loops": 5,"Group Key": ["l_returnflag", "l_linestatus"],"Planned Partitions": 0,"HashAgg Batches": 1,"Peak Memory Usage": 32,"Disk Usage": 0,"Workers": [{"Worker Number": 0,"HashAgg Batches": 1,"Peak Memory Usage": 32,"Disk Usage": 0},{"Worker Number": 1,"HashAgg Batches": 1,"Peak Memory Usage": 32,"Disk Usage": 0},{"Worker Number": 2,"HashAgg Batches": 1,"Peak Memory Usage": 32,"Disk Usage": 0},{"Worker Number": 3,"HashAgg Batches": 1,"Peak Memory Usage": 32,"Disk Usage": 0}],"Plans": [{"Node Type": "Seq Scan","Parent Relationship": "Outer","Parallel Aware": true,"Async Capable": false,"Relation Name": "lineitem","Alias": "lineitem","Startup Cost": 0.00,"Total Cost": 131256.80,"Plan Rows": 1482034,"Plan Width": 25,"Actual Startup Time": 0.041,"Actual Total Time": 618.594,"Actual Rows": 1186531,"Actual Loops": 5,"Filter": "(l_shipdate <= '1998-09-11 00:00:00'::timestamp without time zone)","Rows Removed by Filter": 13712,"Workers": []}]}]}]}]},"Planning Time": 2.806,"Triggers": [],"Execution Time": 1683.749}]
[{"Plan": {"Node Type": "Aggregate","Strategy": "Sorted","Partial Mode": "Finalize","Parallel Aware": false,"Async Capable": false,"Startup Cost": 183612.95,"Total Cost": 183616.77,"Plan Rows": 6,"Plan Width": 236,"Actual Startup Time": 1638.871,"Actual Total Time": 1672.616,"Actual Rows": 4,"Actual Loops": 1,"Group Key": ["l_returnflag", "l_linestatus"],"Plans": [{"Node Type": "Gather Merge","Parent Relationship": "Outer","Parallel Aware": false,"Async Capable": false,"Startup Cost": 183612.95,"Total Cost": 183615.83,"Plan Rows": 24,"Plan Width": 236,"Actual Startup Time": 1638.797,"Actual Total Time": 1672.514,"Actual Rows": 20,"Actual Loops": 1,"Workers Planned": 4,"Workers Launched": 4,"Plans": [{"Node Type": "Sort","Parent Relationship": "Outer","Parallel Aware": false,"Async Capable": false,"Startup Cost": 182612.89,"Total Cost": 182612.91,"Plan Rows": 6,"Plan Width": 236,"Actual Startup Time": 1630.744,"Actual Total Time": 1630.751,"Actual Rows": 4,"Actual Loops": 5,"Sort Key": ["l_returnflag", "l_linestatus"],"Sort Method": "quicksort","Sort Space Used": 27,"Sort Space Type": "Memory","Workers": [{"Worker Number": 0,"Sort Method": "quicksort","Sort Space Used": 27,"Sort Space Type": "Memory"},{"Worker Number": 1,"Sort Method": "quicksort","Sort Space Used": 27,"Sort Space Type": "Memory"},{"Worker Number": 2,"Sort Method": "quicksort","Sort Space Used": 27,"Sort Space Type": "Memory"},{"Worker Number": 3,"Sort Method": "quicksort","Sort Space Used": 27,"Sort Space Type": "Memory"}],"Plans": [{"Node Type": "Aggregate","Strategy": "Hashed","Partial Mode": "Partial","Parent Relationship": "Outer","Parallel Aware": false,"Async Capable": false,"Startup Cost": 182612.68,"Total Cost": 182612.82,"Plan Rows": 6,"Plan Width": 236,"Actual Startup Time": 1630.518,"Actual Total Time": 1630.530,"Actual Rows": 4,"Actual Loops": 5,"Group Key": ["l_returnflag", "l_linestatus"],"Planned Partitions": 0,"HashAgg Batches": 1,"Peak Memory Usage": 32,"Disk Usage": 0,"Workers": [{"Worker Number": 0,"HashAgg Batches": 1,"Peak Memory Usage": 32,"Disk Usage": 0},{"Worker Number": 1,"HashAgg Batches": 1,"Peak Memory Usage": 32,"Disk Usage": 0},{"Worker Number": 2,"HashAgg Batches": 1,"Peak Memory Usage": 32,"Disk Usage": 0},{"Worker Number": 3,"HashAgg Batches": 1,"Peak Memory Usage": 32,"Disk Usage": 0}],"Plans": [{"Node Type": "Seq Scan","Parent Relationship": "Outer","Parallel Aware": true,"Async Capable": false,"Relation Name": "lineitem","Alias": "lineitem","Startup Cost": 0.00,"Total Cost": 131256.80,"Plan Rows": 1467311,"Plan Width": 25,"Actual Startup Time": 0.045,"Actual Total Time": 621.213,"Actual Rows": 1173591,"Actual Loops": 5,"Filter": "(l_shipdate <= '1998-08-10 00:00:00'::timestamp without time zone)","Rows Removed by Filter": 26652,"Workers": []}]}]}]}]},"Planning Time": 3.248,"Triggers": [],"Execution Time": 1673.047}]
[{"Plan": {"Node Type": "Aggregate","Strategy": "Sorted","Partial Mode": "Finalize","Parallel Aware": false,"Async Capable": false,"Startup Cost": 183869.43,"Total Cost": 183873.25,"Plan Rows": 6,"Plan Width": 236,"Actual Startup Time": 1619.155,"Actual Total Time": 1653.329,"Actual Rows": 4,"Actual Loops": 1,"Group Key": ["l_returnflag", "l_linestatus"],"Plans": [{"Node Type": "Gather Merge","Parent Relationship": "Outer","Parallel Aware": false,"Async Capable": false,"Startup Cost": 183869.43,"Total Cost": 183872.31,"Plan Rows": 24,"Plan Width": 236,"Actual Startup Time": 1619.083,"Actual Total Time": 1653.209,"Actual Rows": 20,"Actual Loops": 1,"Workers Planned": 4,"Workers Launched": 4,"Plans": [{"Node Type": "Sort","Parent Relationship": "Outer","Parallel Aware": false,"Async Capable": false,"Startup Cost": 182869.37,"Total Cost": 182869.39,"Plan Rows": 6,"Plan Width": 236,"Actual Startup Time": 1611.487,"Actual Total Time": 1611.493,"Actual Rows": 4,"Actual Loops": 5,"Sort Key": ["l_returnflag", "l_linestatus"],"Sort Method": "quicksort","Sort Space Used": 27,"Sort Space Type": "Memory","Workers": [{"Worker Number": 0,"Sort Method": "quicksort","Sort Space Used": 27,"Sort Space Type": "Memory"},{"Worker Number": 1,"Sort Method": "quicksort","Sort Space Used": 27,"Sort Space Type": "Memory"},{"Worker Number": 2,"Sort Method": "quicksort","Sort Space Used": 27,"Sort Space Type": "Memory"},{"Worker Number": 3,"Sort Method": "quicksort","Sort Space Used": 27,"Sort Space Type": "Memory"}],"Plans": [{"Node Type": "Aggregate","Strategy": "Hashed","Partial Mode": "Partial","Parent Relationship": "Outer","Parallel Aware": false,"Async Capable": false,"Startup Cost": 182869.16,"Total Cost": 182869.30,"Plan Rows": 6,"Plan Width": 236,"Actual Startup Time": 1611.316,"Actual Total Time": 1611.326,"Actual Rows": 4,"Actual Loops": 5,"Group Key": ["l_returnflag", "l_linestatus"],"Planned Partitions": 0,"HashAgg Batches": 1,"Peak Memory Usage": 32,"Disk Usage": 0,"Workers": [{"Worker Number": 0,"HashAgg Batches": 1,"Peak Memory Usage": 32,"Disk Usage": 0},{"Worker Number": 1,"HashAgg Batches": 1,"Peak Memory Usage": 32,"Disk Usage": 0},{"Worker Number": 2,"HashAgg Batches": 1,"Peak Memory Usage": 32,"Disk Usage": 0},{"Worker Number": 3,"HashAgg Batches": 1,"Peak Memory Usage": 32,"Disk Usage": 0}],"Plans": [{"Node Type": "Seq Scan","Parent Relationship": "Outer","Parallel Aware": true,"Async Capable": false,"Relation Name": "lineitem","Alias": "lineitem","Startup Cost": 0.00,"Total Cost": 131256.80,"Plan Rows": 1474639,"Plan Width": 25,"Actual Startup Time": 0.039,"Actual Total Time": 599.980,"Actual Rows": 1180176,"Actual Loops": 5,"Filter": "(l_shipdate <= '1998-08-25 00:00:00'::timestamp without time zone)","Rows Removed by Filter": 20067,"Workers": []}]}]}]}]},"Planning Time": 3.360,"Triggers": [],"Execution Time": 1653.697}]
[{"Plan": {"Node Type": "Aggregate","Strategy": "Sorted","Partial Mode": "Finalize","Parallel Aware": false,"Async Capable": false,"Startup Cost": 184097.81,"Total Cost": 184101.63,"Plan Rows": 6,"Plan Width": 236,"Actual Startup Time": 1624.808,"Actual Total Time": 1658.521,"Actual Rows": 4,"Actual Loops": 1,"Group Key": ["l_returnflag", "l_linestatus"],"Plans": [{"Node Type": "Gather Merge","Parent Relationship": "Outer","Parallel Aware": false,"Async Capable": false,"Startup Cost": 184097.81,"Total Cost": 184100.68,"Plan Rows": 24,"Plan Width": 236,"Actual Startup Time": 1624.718,"Actual Total Time": 1658.389,"Actual Rows": 20,"Actual Loops": 1,"Workers Planned": 4,"Workers Launched": 4,"Plans": [{"Node Type": "Sort","Parent Relationship": "Outer","Parallel Aware": false,"Async Capable": false,"Startup Cost": 183097.75,"Total Cost": 183097.76,"Plan Rows": 6,"Plan Width": 236,"Actual Startup Time": 1616.102,"Actual Total Time": 1616.107,"Actual Rows": 4,"Actual Loops": 5,"Sort Key": ["l_returnflag", "l_linestatus"],"Sort Method": "quicksort","Sort Space Used": 27,"Sort Space Type": "Memory","Workers": [{"Worker Number": 0,"Sort Method": "quicksort","Sort Space Used": 27,"Sort Space Type": "Memory"},{"Worker Number": 1,"Sort Method": "quicksort","Sort Space Used": 27,"Sort Space Type": "Memory"},{"Worker Number": 2,"Sort Method": "quicksort","Sort Space Used": 27,"Sort Space Type": "Memory"},{"Worker Number": 3,"Sort Method": "quicksort","Sort Space Used": 27,"Sort Space Type": "Memory"}],"Plans": [{"Node Type": "Aggregate","Strategy": "Hashed","Partial Mode": "Partial","Parent Relationship": "Outer","Parallel Aware": false,"Async Capable": false,"Startup Cost": 183097.54,"Total Cost": 183097.67,"Plan Rows": 6,"Plan Width": 236,"Actual Startup Time": 1615.975,"Actual Total Time": 1615.986,"Actual Rows": 4,"Actual Loops": 5,"Group Key": ["l_returnflag", "l_linestatus"],"Planned Partitions": 0,"HashAgg Batches": 1,"Peak Memory Usage": 32,"Disk Usage": 0,"Workers": [{"Worker Number": 0,"HashAgg Batches": 1,"Peak Memory Usage": 32,"Disk Usage": 0},{"Worker Number": 1,"HashAgg Batches": 1,"Peak Memory Usage": 32,"Disk Usage": 0},{"Worker Number": 2,"HashAgg Batches": 1,"Peak Memory Usage": 32,"Disk Usage": 0},{"Worker Number": 3,"HashAgg Batches": 1,"Peak Memory Usage": 32,"Disk Usage": 0}],"Plans": [{"Node Type": "Seq Scan","Parent Relationship": "Outer","Parallel Aware": true,"Async Capable": false,"Relation Name": "lineitem","Alias": "lineitem","Startup Cost": 0.00,"Total Cost": 131256.80,"Plan Rows": 1481164,"Plan Width": 25,"Actual Startup Time": 0.044,"Actual Total Time": 598.688,"Actual Rows": 1185852,"Actual Loops": 5,"Filter": "(l_shipdate <= '1998-09-09 00:00:00'::timestamp without time zone)","Rows Removed by Filter": 14391,"Workers": []}]}]}]}]},"Planning Time": 3.148,"Triggers": [],"Execution Time": 1658.881}]
[{"Plan": {"Node Type": "Aggregate","Strategy": "Sorted","Partial Mode": "Finalize","Parallel Aware": false,"Async Capable": false,"Startup Cost": 183513.38,"Total Cost": 183517.20,"Plan Rows": 6,"Plan Width": 236,"Actual Startup Time": 1627.259,"Actual Total Time": 1660.459,"Actual Rows": 4,"Actual Loops": 1,"Group Key": ["l_returnflag", "l_linestatus"],"Plans": [{"Node Type": "Gather Merge","Parent Relationship": "Outer","Parallel Aware": false,"Async Capable": false,"Startup Cost": 183513.38,"Total Cost": 183516.25,"Plan Rows": 24,"Plan Width": 236,"Actual Startup Time": 1627.170,"Actual Total Time": 1660.364,"Actual Rows": 20,"Actual Loops": 1,"Workers Planned": 4,"Workers Launched": 4,"Plans": [{"Node Type": "Sort","Parent Relationship": "Outer","Parallel Aware": false,"Async Capable": false,"Startup Cost": 182513.32,"Total Cost": 182513.33,"Plan Rows": 6,"Plan Width": 236,"Actual Startup Time": 1619.907,"Actual Total Time": 1619.911,"Actual Rows": 4,"Actual Loops": 5,"Sort Key": ["l_returnflag", "l_linestatus"],"Sort Method": "quicksort","Sort Space Used": 27,"Sort Space Type": "Memory","Workers": [{"Worker Number": 0,"Sort Method": "quicksort","Sort Space Used": 27,"Sort Space Type": "Memory"},{"Worker Number": 1,"Sort Method": "quicksort","Sort Space Used": 27,"Sort Space Type": "Memory"},{"Worker Number": 2,"Sort Method": "quicksort","Sort Space Used": 27,"Sort Space Type": "Memory"},{"Worker Number": 3,"Sort Method": "quicksort","Sort Space Used": 27,"Sort Space Type": "Memory"}],"Plans": [{"Node Type": "Aggregate","Strategy": "Hashed","Partial Mode": "Partial","Parent Relationship": "Outer","Parallel Aware": false,"Async Capable": false,"Startup Cost": 182513.11,"Total Cost": 182513.24,"Plan Rows": 6,"Plan Width": 236,"Actual Startup Time": 1619.809,"Actual Total Time": 1619.818,"Actual Rows": 4,"Actual Loops": 5,"Group Key": ["l_returnflag", "l_linestatus"],"Planned Partitions": 0,"HashAgg Batches": 1,"Peak Memory Usage": 32,"Disk Usage": 0,"Workers": [{"Worker Number": 0,"HashAgg Batches": 1,"Peak Memory Usage": 32,"Disk Usage": 0},{"Worker Number": 1,"HashAgg Batches": 1,"Peak Memory Usage": 32,"Disk Usage": 0},{"Worker Number": 2,"HashAgg Batches": 1,"Peak Memory Usage": 32,"Disk Usage": 0},{"Worker Number": 3,"HashAgg Batches": 1,"Peak Memory Usage": 32,"Disk Usage": 0}],"Plans": [{"Node Type": "Seq Scan","Parent Relationship": "Outer","Parallel Aware": true,"Async Capable": false,"Relation Name": "lineitem","Alias": "lineitem","Startup Cost": 0.00,"Total Cost": 131256.80,"Plan Rows": 1464466,"Plan Width": 25,"Actual Startup Time": 0.034,"Actual Total Time": 612.549,"Actual Rows": 1171169,"Actual Loops": 5,"Filter": "(l_shipdate <= '1998-08-05 00:00:00'::timestamp without time zone)","Rows Removed by Filter": 29074,"Workers": []}]}]}]}]},"Planning Time": 2.496,"Triggers": [],"Execution Time": 1660.730}]
[{"Plan": {"Node Type": "Aggregate","Strategy": "Sorted","Partial Mode": "Finalize","Parallel Aware": false,"Async Capable": false,"Startup Cost": 184036.91,"Total Cost": 184040.73,"Plan Rows": 6,"Plan Width": 236,"Actual Startup Time": 1637.109,"Actual Total Time": 1670.020,"Actual Rows": 4,"Actual Loops": 1,"Group Key": ["l_returnflag", "l_linestatus"],"Plans": [{"Node Type": "Gather Merge","Parent Relationship": "Outer","Parallel Aware": false,"Async Capable": false,"Startup Cost": 184036.91,"Total Cost": 184039.78,"Plan Rows": 24,"Plan Width": 236,"Actual Startup Time": 1636.959,"Actual Total Time": 1669.864,"Actual Rows": 20,"Actual Loops": 1,"Workers Planned": 4,"Workers Launched": 4,"Plans": [{"Node Type": "Sort","Parent Relationship": "Outer","Parallel Aware": false,"Async Capable": false,"Startup Cost": 183036.85,"Total Cost": 183036.86,"Plan Rows": 6,"Plan Width": 236,"Actual Startup Time": 1629.472,"Actual Total Time": 1629.479,"Actual Rows": 4,"Actual Loops": 5,"Sort Key": ["l_returnflag", "l_linestatus"],"Sort Method": "quicksort","Sort Space Used": 27,"Sort Space Type": "Memory","Workers": [{"Worker Number": 0,"Sort Method": "quicksort","Sort Space Used": 27,"Sort Space Type": "Memory"},{"Worker Number": 1,"Sort Method": "quicksort","Sort Space Used": 27,"Sort Space Type": "Memory"},{"Worker Number": 2,"Sort Method": "quicksort","Sort Space Used": 27,"Sort Space Type": "Memory"},{"Worker Number": 3,"Sort Method": "quicksort","Sort Space Used": 27,"Sort Space Type": "Memory"}],"Plans": [{"Node Type": "Aggregate","Strategy": "Hashed","Partial Mode": "Partial","Parent Relationship": "Outer","Parallel Aware": false,"Async Capable": false,"Startup Cost": 183036.64,"Total Cost": 183036.77,"Plan Rows": 6,"Plan Width": 236,"Actual Startup Time": 1629.306,"Actual Total Time": 1629.317,"Actual Rows": 4,"Actual Loops": 5,"Group Key": ["l_returnflag", "l_linestatus"],"Planned Partitions": 0,"HashAgg Batches": 1,"Peak Memory Usage": 32,"Disk Usage": 0,"Workers": [{"Worker Number": 0,"HashAgg Batches": 1,"Peak Memory Usage": 32,"Disk Usage": 0},{"Worker Number": 1,"HashAgg Batches": 1,"Peak Memory Usage": 32,"Disk Usage": 0},{"Worker Number": 2,"HashAgg Batches": 1,"Peak Memory Usage": 32,"Disk Usage": 0},{"Worker Number": 3,"HashAgg Batches": 1,"Peak Memory Usage": 32,"Disk Usage": 0}],"Plans": [{"Node Type": "Seq Scan","Parent Relationship": "Outer","Parallel Aware": true,"Async Capable": false,"Relation Name": "lineitem","Alias": "lineitem","Startup Cost": 0.00,"Total Cost": 131256.80,"Plan Rows": 1479424,"Plan Width": 25,"Actual Startup Time": 0.039,"Actual Total Time": 610.786,"Actual Rows": 1184428,"Actual Loops": 5,"Filter": "(l_shipdate <= '1998-09-05 00:00:00'::timestamp without time zone)","Rows Removed by Filter": 15815,"Workers": []}]}]}]}]},"Planning Time": 3.654,"Triggers": [],"Execution Time": 1670.423}]
[{"Plan": {"Node Type": "Aggregate","Strategy": "Sorted","Partial Mode": "Finalize","Parallel Aware": false,"Async Capable": false,"Startup Cost": 184257.13,"Total Cost": 184260.95,"Plan Rows": 6,"Plan Width": 236,"Actual Startup Time": 1442.877,"Actual Total Time": 1461.341,"Actual Rows": 4,"Actual Loops": 1,"Group Key": ["l_returnflag", "l_linestatus"],"Plans": [{"Node Type": "Gather Merge","Parent Relationship": "Outer","Parallel Aware": false,"Async Capable": false,"Startup Cost": 184257.13,"Total Cost": 184260.00,"Plan Rows": 24,"Plan Width": 236,"Actual Startup Time": 1442.807,"Actual Total Time": 1461.246,"Actual Rows": 20,"Actual Loops": 1,"Workers Planned": 4,"Workers Launched": 4,"Plans": [{"Node Type": "Sort","Parent Relationship": "Outer","Parallel Aware": false,"Async Capable": false,"Startup Cost": 183257.07,"Total Cost": 183257.08,"Plan Rows": 6,"Plan Width": 236,"Actual Startup Time": 1433.925,"Actual Total Time": 1433.931,"Actual Rows": 4,"Actual Loops": 5,"Sort Key": ["l_returnflag", "l_linestatus"],"Sort Method": "quicksort","Sort Space Used": 27,"Sort Space Type": "Memory","Workers": [{"Worker Number": 0,"Sort Method": "quicksort","Sort Space Used": 27,"Sort Space Type": "Memory"},{"Worker Number": 1,"Sort Method": "quicksort","Sort Space Used": 27,"Sort Space Type": "Memory"},{"Worker Number": 2,"Sort Method": "quicksort","Sort Space Used": 27,"Sort Space Type": "Memory"},{"Worker Number": 3,"Sort Method": "quicksort","Sort Space Used": 27,"Sort Space Type": "Memory"}],"Plans": [{"Node Type": "Aggregate","Strategy": "Hashed","Partial Mode": "Partial","Parent Relationship": "Outer","Parallel Aware": false,"Async Capable": false,"Startup Cost": 183256.86,"Total Cost": 183256.99,"Plan Rows": 6,"Plan Width": 236,"Actual Startup Time": 1433.810,"Actual Total Time": 1433.821,"Actual Rows": 4,"Actual Loops": 5,"Group Key": ["l_returnflag", "l_linestatus"],"Planned Partitions": 0,"HashAgg Batches": 1,"Peak Memory Usage": 32,"Disk Usage": 0,"Workers": [{"Worker Number": 0,"HashAgg Batches": 1,"Peak Memory Usage": 32,"Disk Usage": 0},{"Worker Number": 1,"HashAgg Batches": 1,"Peak Memory Usage": 32,"Disk Usage": 0},{"Worker Number": 2,"HashAgg Batches": 1,"Peak Memory Usage": 32,"Disk Usage": 0},{"Worker Number": 3,"HashAgg Batches": 1,"Peak Memory Usage": 32,"Disk Usage": 0}],"Plans": [{"Node Type": "Seq Scan","Parent Relationship": "Outer","Parallel Aware": true,"Async Capable": false,"Relation Name": "lineitem","Alias": "lineitem","Startup Cost": 0.00,"Total Cost": 131256.80,"Plan Rows": 1485716,"Plan Width": 25,"Actual Startup Time": 0.083,"Actual Total Time": 411.300,"Actual Rows": 1189383,"Actual Loops": 5,"Filter": "(l_shipdate <= '1998-09-20 00:00:00'::timestamp without time zone)","Rows Removed by Filter": 10860,"Workers": []}]}]}]}]},"Planning Time": 2.939,"Triggers": [],"Execution Time": 1461.675}]
[{"Plan": {"Node Type": "Aggregate","Strategy": "Sorted","Partial Mode": "Finalize","Parallel Aware": false,"Async Capable": false,"Startup Cost": 184173.93,"Total Cost": 184177.75,"Plan Rows": 6,"Plan Width": 236,"Actual Startup Time": 1644.533,"Actual Total Time": 1680.145,"Actual Rows": 4,"Actual Loops": 1,"Group Key": ["l_returnflag", "l_linestatus"],"Plans": [{"Node Type": "Gather Merge","Parent Relationship": "Outer","Parallel Aware": false,"Async Capable": false,"Startup Cost": 184173.93,"Total Cost": 184176.81,"Plan Rows": 24,"Plan Width": 236,"Actual Startup Time": 1644.414,"Actual Total Time": 1680.013,"Actual Rows": 20,"Actual Loops": 1,"Workers Planned": 4,"Workers Launched": 4,"Plans": [{"Node Type": "Sort","Parent Relationship": "Outer","Parallel Aware": false,"Async Capable": false,"Startup Cost": 183173.87,"Total Cost": 183173.89,"Plan Rows": 6,"Plan Width": 236,"Actual Startup Time": 1636.962,"Actual Total Time": 1636.966,"Actual Rows": 4,"Actual Loops": 5,"Sort Key": ["l_returnflag", "l_linestatus"],"Sort Method": "quicksort","Sort Space Used": 27,"Sort Space Type": "Memory","Workers": [{"Worker Number": 0,"Sort Method": "quicksort","Sort Space Used": 27,"Sort Space Type": "Memory"},{"Worker Number": 1,"Sort Method": "quicksort","Sort Space Used": 27,"Sort Space Type": "Memory"},{"Worker Number": 2,"Sort Method": "quicksort","Sort Space Used": 27,"Sort Space Type": "Memory"},{"Worker Number": 3,"Sort Method": "quicksort","Sort Space Used": 27,"Sort Space Type": "Memory"}],"Plans": [{"Node Type": "Aggregate","Strategy": "Hashed","Partial Mode": "Partial","Parent Relationship": "Outer","Parallel Aware": false,"Async Capable": false,"Startup Cost": 183173.66,"Total Cost": 183173.80,"Plan Rows": 6,"Plan Width": 236,"Actual Startup Time": 1636.864,"Actual Total Time": 1636.873,"Actual Rows": 4,"Actual Loops": 5,"Group Key": ["l_returnflag", "l_linestatus"],"Planned Partitions": 0,"HashAgg Batches": 1,"Peak Memory Usage": 32,"Disk Usage": 0,"Workers": [{"Worker Number": 0,"HashAgg Batches": 1,"Peak Memory Usage": 32,"Disk Usage": 0},{"Worker Number": 1,"HashAgg Batches": 1,"Peak Memory Usage": 32,"Disk Usage": 0},{"Worker Number": 2,"HashAgg Batches": 1,"Peak Memory Usage": 32,"Disk Usage": 0},{"Worker Number": 3,"HashAgg Batches": 1,"Peak Memory Usage": 32,"Disk Usage": 0}],"Plans": [{"Node Type": "Seq Scan","Parent Relationship": "Outer","Parallel Aware": true,"Async Capable": false,"Relation Name": "lineitem","Alias": "lineitem","Startup Cost": 0.00,"Total Cost": 131256.80,"Plan Rows": 1483339,"Plan Width": 25,"Actual Startup Time": 0.043,"Actual Total Time": 617.694,"Actual Rows": 1187554,"Actual Loops": 5,"Filter": "(l_shipdate <= '1998-09-14 00:00:00'::timestamp without time zone)","Rows Removed by Filter": 12689,"Workers": []}]}]}]}]},"Planning Time": 3.116,"Triggers": [],"Execution Time": 1680.478}]
[{"Plan": {"Node Type": "Aggregate","Strategy": "Sorted","Partial Mode": "Finalize","Parallel Aware": false,"Async Capable": false,"Startup Cost": 183747.63,"Total Cost": 183751.45,"Plan Rows": 6,"Plan Width": 236,"Actual Startup Time": 1617.442,"Actual Total Time": 1650.246,"Actual Rows": 4,"Actual Loops": 1,"Group Key": ["l_returnflag", "l_linestatus"],"Plans": [{"Node Type": "Gather Merge","Parent Relationship": "Outer","Parallel Aware": false,"Async Capable": false,"Startup Cost": 183747.63,"Total Cost": 183750.51,"Plan Rows": 24,"Plan Width": 236,"Actual Startup Time": 1617.370,"Actual Total Time": 1650.147,"Actual Rows": 20,"Actual Loops": 1,"Workers Planned": 4,"Workers Launched": 4,"Plans": [{"Node Type": "Sort","Parent Relationship": "Outer","Parallel Aware": false,"Async Capable": false,"Startup Cost": 182747.57,"Total Cost": 182747.59,"Plan Rows": 6,"Plan Width": 236,"Actual Startup Time": 1609.546,"Actual Total Time": 1609.553,"Actual Rows": 4,"Actual Loops": 5,"Sort Key": ["l_returnflag", "l_linestatus"],"Sort Method": "quicksort","Sort Space Used": 27,"Sort Space Type": "Memory","Workers": [{"Worker Number": 0,"Sort Method": "quicksort","Sort Space Used": 27,"Sort Space Type": "Memory"},{"Worker Number": 1,"Sort Method": "quicksort","Sort Space Used": 27,"Sort Space Type": "Memory"},{"Worker Number": 2,"Sort Method": "quicksort","Sort Space Used": 27,"Sort Space Type": "Memory"},{"Worker Number": 3,"Sort Method": "quicksort","Sort Space Used": 27,"Sort Space Type": "Memory"}],"Plans": [{"Node Type": "Aggregate","Strategy": "Hashed","Partial Mode": "Partial","Parent Relationship": "Outer","Parallel Aware": false,"Async Capable": false,"Startup Cost": 182747.36,"Total Cost": 182747.50,"Plan Rows": 6,"Plan Width": 236,"Actual Startup Time": 1609.431,"Actual Total Time": 1609.444,"Actual Rows": 4,"Actual Loops": 5,"Group Key": ["l_returnflag", "l_linestatus"],"Planned Partitions": 0,"HashAgg Batches": 1,"Peak Memory Usage": 32,"Disk Usage": 0,"Workers": [{"Worker Number": 0,"HashAgg Batches": 1,"Peak Memory Usage": 32,"Disk Usage": 0},{"Worker Number": 1,"HashAgg Batches": 1,"Peak Memory Usage": 32,"Disk Usage": 0},{"Worker Number": 2,"HashAgg Batches": 1,"Peak Memory Usage": 32,"Disk Usage": 0},{"Worker Number": 3,"HashAgg Batches": 1,"Peak Memory Usage": 32,"Disk Usage": 0}],"Plans": [{"Node Type": "Seq Scan","Parent Relationship": "Outer","Parallel Aware": true,"Async Capable": false,"Relation Name": "lineitem","Alias": "lineitem","Startup Cost": 0.00,"Total Cost": 131256.80,"Plan Rows": 1471159,"Plan Width": 25,"Actual Startup Time": 0.038,"Actual Total Time": 600.325,"Actual Rows": 1176807,"Actual Loops": 5,"Filter": "(l_shipdate <= '1998-08-17 00:00:00'::timestamp without time zone)","Rows Removed by Filter": 23436,"Workers": []}]}]}]}]},"Planning Time": 3.488,"Triggers": [],"Execution Time": 1650.549}]
[{"Plan": {"Node Type": "Aggregate","Strategy": "Sorted","Partial Mode": "Finalize","Parallel Aware": false,"Async Capable": false,"Startup Cost": 184264.23,"Total Cost": 184268.05,"Plan Rows": 6,"Plan Width": 236,"Actual Startup Time": 1657.258,"Actual Total Time": 1692.760,"Actual Rows": 4,"Actual Loops": 1,"Group Key": ["l_returnflag", "l_linestatus"],"Plans": [{"Node Type": "Gather Merge","Parent Relationship": "Outer","Parallel Aware": false,"Async Capable": false,"Startup Cost": 184264.23,"Total Cost": 184267.11,"Plan Rows": 24,"Plan Width": 236,"Actual Startup Time": 1657.140,"Actual Total Time": 1692.614,"Actual Rows": 20,"Actual Loops": 1,"Workers Planned": 4,"Workers Launched": 4,"Plans": [{"Node Type": "Sort","Parent Relationship": "Outer","Parallel Aware": false,"Async Capable": false,"Startup Cost": 183264.17,"Total Cost": 183264.19,"Plan Rows": 6,"Plan Width": 236,"Actual Startup Time": 1648.829,"Actual Total Time": 1648.834,"Actual Rows": 4,"Actual Loops": 5,"Sort Key": ["l_returnflag", "l_linestatus"],"Sort Method": "quicksort","Sort Space Used": 27,"Sort Space Type": "Memory","Workers": [{"Worker Number": 0,"Sort Method": "quicksort","Sort Space Used": 27,"Sort Space Type": "Memory"},{"Worker Number": 1,"Sort Method": "quicksort","Sort Space Used": 27,"Sort Space Type": "Memory"},{"Worker Number": 2,"Sort Method": "quicksort","Sort Space Used": 27,"Sort Space Type": "Memory"},{"Worker Number": 3,"Sort Method": "quicksort","Sort Space Used": 27,"Sort Space Type": "Memory"}],"Plans": [{"Node Type": "Aggregate","Strategy": "Hashed","Partial Mode": "Partial","Parent Relationship": "Outer","Parallel Aware": false,"Async Capable": false,"Startup Cost": 183263.96,"Total Cost": 183264.10,"Plan Rows": 6,"Plan Width": 236,"Actual Startup Time": 1648.736,"Actual Total Time": 1648.744,"Actual Rows": 4,"Actual Loops": 5,"Group Key": ["l_returnflag", "l_linestatus"],"Planned Partitions": 0,"HashAgg Batches": 1,"Peak Memory Usage": 32,"Disk Usage": 0,"Workers": [{"Worker Number": 0,"HashAgg Batches": 1,"Peak Memory Usage": 32,"Disk Usage": 0},{"Worker Number": 1,"HashAgg Batches": 1,"Peak Memory Usage": 32,"Disk Usage": 0},{"Worker Number": 2,"HashAgg Batches": 1,"Peak Memory Usage": 32,"Disk Usage": 0},{"Worker Number": 3,"HashAgg Batches": 1,"Peak Memory Usage": 32,"Disk Usage": 0}],"Plans": [{"Node Type": "Seq Scan","Parent Relationship": "Outer","Parallel Aware": true,"Async Capable": false,"Relation Name": "lineitem","Alias": "lineitem","Startup Cost": 0.00,"Total Cost": 131256.80,"Plan Rows": 1485919,"Plan Width": 25,"Actual Startup Time": 0.042,"Actual Total Time": 617.894,"Actual Rows": 1189684,"Actual Loops": 5,"Filter": "(l_shipdate <= '1998-09-21 00:00:00'::timestamp without time zone)","Rows Removed by Filter": 10559,"Workers": []}]}]}]}]},"Planning Time": 3.474,"Triggers": [],"Execution Time": 1693.201}]
[{"Plan": {"Node Type": "Aggregate","Strategy": "Sorted","Partial Mode": "Finalize","Parallel Aware": false,"Async Capable": false,"Startup Cost": 184320.97,"Total Cost": 184324.79,"Plan Rows": 6,"Plan Width": 236,"Actual Startup Time": 1639.286,"Actual Total Time": 1673.341,"Actual Rows": 4,"Actual Loops": 1,"Group Key": ["l_returnflag", "l_linestatus"],"Plans": [{"Node Type": "Gather Merge","Parent Relationship": "Outer","Parallel Aware": false,"Async Capable": false,"Startup Cost": 184320.97,"Total Cost": 184323.84,"Plan Rows": 24,"Plan Width": 236,"Actual Startup Time": 1639.217,"Actual Total Time": 1673.248,"Actual Rows": 20,"Actual Loops": 1,"Workers Planned": 4,"Workers Launched": 4,"Plans": [{"Node Type": "Sort","Parent Relationship": "Outer","Parallel Aware": false,"Async Capable": false,"Startup Cost": 183320.91,"Total Cost": 183320.92,"Plan Rows": 6,"Plan Width": 236,"Actual Startup Time": 1630.806,"Actual Total Time": 1630.812,"Actual Rows": 4,"Actual Loops": 5,"Sort Key": ["l_returnflag", "l_linestatus"],"Sort Method": "quicksort","Sort Space Used": 27,"Sort Space Type": "Memory","Workers": [{"Worker Number": 0,"Sort Method": "quicksort","Sort Space Used": 27,"Sort Space Type": "Memory"},{"Worker Number": 1,"Sort Method": "quicksort","Sort Space Used": 27,"Sort Space Type": "Memory"},{"Worker Number": 2,"Sort Method": "quicksort","Sort Space Used": 27,"Sort Space Type": "Memory"},{"Worker Number": 3,"Sort Method": "quicksort","Sort Space Used": 27,"Sort Space Type": "Memory"}],"Plans": [{"Node Type": "Aggregate","Strategy": "Hashed","Partial Mode": "Partial","Parent Relationship": "Outer","Parallel Aware": false,"Async Capable": false,"Startup Cost": 183320.70,"Total Cost": 183320.83,"Plan Rows": 6,"Plan Width": 236,"Actual Startup Time": 1630.687,"Actual Total Time": 1630.697,"Actual Rows": 4,"Actual Loops": 5,"Group Key": ["l_returnflag", "l_linestatus"],"Planned Partitions": 0,"HashAgg Batches": 1,"Peak Memory Usage": 32,"Disk Usage": 0,"Workers": [{"Worker Number": 0,"HashAgg Batches": 1,"Peak Memory Usage": 32,"Disk Usage": 0},{"Worker Number": 1,"HashAgg Batches": 1,"Peak Memory Usage": 32,"Disk Usage": 0},{"Worker Number": 2,"HashAgg Batches": 1,"Peak Memory Usage": 32,"Disk Usage": 0},{"Worker Number": 3,"HashAgg Batches": 1,"Peak Memory Usage": 32,"Disk Usage": 0}],"Plans": [{"Node Type": "Seq Scan","Parent Relationship": "Outer","Parallel Aware": true,"Async Capable": false,"Relation Name": "lineitem","Alias": "lineitem","Startup Cost": 0.00,"Total Cost": 131256.80,"Plan Rows": 1487540,"Plan Width": 25,"Actual Startup Time": 0.050,"Actual Total Time": 607.902,"Actual Rows": 1191902,"Actual Loops": 5,"Filter": "(l_shipdate <= '1998-09-29 00:00:00'::timestamp without time zone)","Rows Removed by Filter": 8341,"Workers": []}]}]}]}]},"Planning Time": 3.425,"Triggers": [],"Execution Time": 1673.769}]
[{"Plan": {"Node Type": "Aggregate","Strategy": "Sorted","Partial Mode": "Finalize","Parallel Aware": false,"Async Capable": false,"Startup Cost": 183493.50,"Total Cost": 183497.32,"Plan Rows": 6,"Plan Width": 236,"Actual Startup Time": 1609.024,"Actual Total Time": 1641.882,"Actual Rows": 4,"Actual Loops": 1,"Group Key": ["l_returnflag", "l_linestatus"],"Plans": [{"Node Type": "Gather Merge","Parent Relationship": "Outer","Parallel Aware": false,"Async Capable": false,"Startup Cost": 183493.50,"Total Cost": 183496.37,"Plan Rows": 24,"Plan Width": 236,"Actual Startup Time": 1608.904,"Actual Total Time": 1641.764,"Actual Rows": 20,"Actual Loops": 1,"Workers Planned": 4,"Workers Launched": 4,"Plans": [{"Node Type": "Sort","Parent Relationship": "Outer","Parallel Aware": false,"Async Capable": false,"Startup Cost": 182493.44,"Total Cost": 182493.45,"Plan Rows": 6,"Plan Width": 236,"Actual Startup Time": 1601.101,"Actual Total Time": 1601.104,"Actual Rows": 4,"Actual Loops": 5,"Sort Key": ["l_returnflag", "l_linestatus"],"Sort Method": "quicksort","Sort Space Used": 27,"Sort Space Type": "Memory","Workers": [{"Worker Number": 0,"Sort Method": "quicksort","Sort Space Used": 27,"Sort Space Type": "Memory"},{"Worker Number": 1,"Sort Method": "quicksort","Sort Space Used": 27,"Sort Space Type": "Memory"},{"Worker Number": 2,"Sort Method": "quicksort","Sort Space Used": 27,"Sort Space Type": "Memory"},{"Worker Number": 3,"Sort Method": "quicksort","Sort Space Used": 27,"Sort Space Type": "Memory"}],"Plans": [{"Node Type": "Aggregate","Strategy": "Hashed","Partial Mode": "Partial","Parent Relationship": "Outer","Parallel Aware": false,"Async Capable": false,"Startup Cost": 182493.23,"Total Cost": 182493.36,"Plan Rows": 6,"Plan Width": 236,"Actual Startup Time": 1601.000,"Actual Total Time": 1601.008,"Actual Rows": 4,"Actual Loops": 5,"Group Key": ["l_returnflag", "l_linestatus"],"Planned Partitions": 0,"HashAgg Batches": 1,"Peak Memory Usage": 32,"Disk Usage": 0,"Workers": [{"Worker Number": 0,"HashAgg Batches": 1,"Peak Memory Usage": 32,"Disk Usage": 0},{"Worker Number": 1,"HashAgg Batches": 1,"Peak Memory Usage": 32,"Disk Usage": 0},{"Worker Number": 2,"HashAgg Batches": 1,"Peak Memory Usage": 32,"Disk Usage": 0},{"Worker Number": 3,"HashAgg Batches": 1,"Peak Memory Usage": 32,"Disk Usage": 0}],"Plans": [{"Node Type": "Seq Scan","Parent Relationship": "Outer","Parallel Aware": true,"Async Capable": false,"Relation Name": "lineitem","Alias": "lineitem","Startup Cost": 0.00,"Total Cost": 131256.80,"Plan Rows": 1463898,"Plan Width": 25,"Actual Startup Time": 0.042,"Actual Total Time": 598.084,"Actual Rows": 1170668,"Actual Loops": 5,"Filter": "(l_shipdate <= '1998-08-04 00:00:00'::timestamp without time zone)","Rows Removed by Filter": 29575,"Workers": []}]}]}]}]},"Planning Time": 3.512,"Triggers": [],"Execution Time": 1642.332}]
[{"Plan": {"Node Type": "Aggregate","Strategy": "Sorted","Partial Mode": "Finalize","Parallel Aware": false,"Async Capable": false,"Startup Cost": 184128.26,"Total Cost": 184132.08,"Plan Rows": 6,"Plan Width": 236,"Actual Startup Time": 1649.132,"Actual Total Time": 1683.354,"Actual Rows": 4,"Actual Loops": 1,"Group Key": ["l_returnflag", "l_linestatus"],"Plans": [{"Node Type": "Gather Merge","Parent Relationship": "Outer","Parallel Aware": false,"Async Capable": false,"Startup Cost": 184128.26,"Total Cost": 184131.13,"Plan Rows": 24,"Plan Width": 236,"Actual Startup Time": 1649.053,"Actual Total Time": 1683.242,"Actual Rows": 20,"Actual Loops": 1,"Workers Planned": 4,"Workers Launched": 4,"Plans": [{"Node Type": "Sort","Parent Relationship": "Outer","Parallel Aware": false,"Async Capable": false,"Startup Cost": 183128.20,"Total Cost": 183128.21,"Plan Rows": 6,"Plan Width": 236,"Actual Startup Time": 1640.585,"Actual Total Time": 1640.592,"Actual Rows": 4,"Actual Loops": 5,"Sort Key": ["l_returnflag", "l_linestatus"],"Sort Method": "quicksort","Sort Space Used": 27,"Sort Space Type": "Memory","Workers": [{"Worker Number": 0,"Sort Method": "quicksort","Sort Space Used": 27,"Sort Space Type": "Memory"},{"Worker Number": 1,"Sort Method": "quicksort","Sort Space Used": 27,"Sort Space Type": "Memory"},{"Worker Number": 2,"Sort Method": "quicksort","Sort Space Used": 27,"Sort Space Type": "Memory"},{"Worker Number": 3,"Sort Method": "quicksort","Sort Space Used": 27,"Sort Space Type": "Memory"}],"Plans": [{"Node Type": "Aggregate","Strategy": "Hashed","Partial Mode": "Partial","Parent Relationship": "Outer","Parallel Aware": false,"Async Capable": false,"Startup Cost": 183127.99,"Total Cost": 183128.12,"Plan Rows": 6,"Plan Width": 236,"Actual Startup Time": 1640.479,"Actual Total Time": 1640.488,"Actual Rows": 4,"Actual Loops": 5,"Group Key": ["l_returnflag", "l_linestatus"],"Planned Partitions": 0,"HashAgg Batches": 1,"Peak Memory Usage": 32,"Disk Usage": 0,"Workers": [{"Worker Number": 0,"HashAgg Batches": 1,"Peak Memory Usage": 32,"Disk Usage": 0},{"Worker Number": 1,"HashAgg Batches": 1,"Peak Memory Usage": 32,"Disk Usage": 0},{"Worker Number": 2,"HashAgg Batches": 1,"Peak Memory Usage": 32,"Disk Usage": 0},{"Worker Number": 3,"HashAgg Batches": 1,"Peak Memory Usage": 32,"Disk Usage": 0}],"Plans": [{"Node Type": "Seq Scan","Parent Relationship": "Outer","Parallel Aware": true,"Async Capable": false,"Relation Name": "lineitem","Alias": "lineitem","Startup Cost": 0.00,"Total Cost": 131256.80,"Plan Rows": 1482034,"Plan Width": 25,"Actual Startup Time": 0.041,"Actual Total Time": 618.594,"Actual Rows": 1186531,"Actual Loops": 5,"Filter": "(l_shipdate <= '1998-09-11 00:00:00'::timestamp without time zone)","Rows Removed by Filter": 13712,"Workers": []}]}]}]}]},"Planning Time": 2.806,"Triggers": [],"Execution Time": 1683.749}]
[{"Plan": {"Node Type": "Aggregate","Strategy": "Sorted","Partial Mode": "Finalize","Parallel Aware": false,"Async Capable": false,"Startup Cost": 183473.58,"Total Cost": 183477.40,"Plan Rows": 6,"Plan Width": 236,"Actual Startup Time": 1609.307,"Actual Total Time": 1642.760,"Actual Rows": 4,"Actual Loops": 1,"Group Key": ["l_returnflag", "l_linestatus"],"Plans": [{"Node Type": "Gather Merge","Parent Relationship": "Outer","Parallel Aware": false,"Async Capable": false,"Startup Cost": 183473.58,"Total Cost": 183476.46,"Plan Rows": 24,"Plan Width": 236,"Actual Startup Time": 1609.212,"Actual Total Time": 1642.638,"Actual Rows": 20,"Actual Loops": 1,"Workers Planned": 4,"Workers Launched": 4,"Plans": [{"Node Type": "Sort","Parent Relationship": "Outer","Parallel Aware": false,"Async Capable": false,"Startup Cost": 182473.52,"Total Cost": 182473.54,"Plan Rows": 6,"Plan Width": 236,"Actual Startup Time": 1601.377,"Actual Total Time": 1601.382,"Actual Rows": 4,"Actual Loops": 5,"Sort Key": ["l_returnflag", "l_linestatus"],"Sort Method": "quicksort","Sort Space Used": 27,"Sort Space Type": "Memory","Workers": [{"Worker Number": 0,"Sort Method": "quicksort","Sort Space Used": 27,"Sort Space Type": "Memory"},{"Worker Number": 1,"Sort Method": "quicksort","Sort Space Used": 27,"Sort Space Type": "Memory"},{"Worker Number": 2,"Sort Method": "quicksort","Sort Space Used": 27,"Sort Space Type": "Memory"},{"Worker Number": 3,"Sort Method": "quicksort","Sort Space Used": 27,"Sort Space Type": "Memory"}],"Plans": [{"Node Type": "Aggregate","Strategy": "Hashed","Partial Mode": "Partial","Parent Relationship": "Outer","Parallel Aware": false,"Async Capable": false,"Startup Cost": 182473.31,"Total Cost": 182473.45,"Plan Rows": 6,"Plan Width": 236,"Actual Startup Time": 1601.162,"Actual Total Time": 1601.170,"Actual Rows": 4,"Actual Loops": 5,"Group Key": ["l_returnflag", "l_linestatus"],"Planned Partitions": 0,"HashAgg Batches": 1,"Peak Memory Usage": 32,"Disk Usage": 0,"Workers": [{"Worker Number": 0,"HashAgg Batches": 1,"Peak Memory Usage": 32,"Disk Usage": 0},{"Worker Number": 1,"HashAgg Batches": 1,"Peak Memory Usage": 32,"Disk Usage": 0},{"Worker Number": 2,"HashAgg Batches": 1,"Peak Memory Usage": 32,"Disk Usage": 0},{"Worker Number": 3,"HashAgg Batches": 1,"Peak Memory Usage": 32,"Disk Usage": 0}],"Plans": [{"Node Type": "Seq Scan","Parent Relationship": "Outer","Parallel Aware": true,"Async Capable": false,"Relation Name": "lineitem","Alias": "lineitem","Startup Cost": 0.00,"Total Cost": 131256.80,"Plan Rows": 1463329,"Plan Width": 25,"Actual Startup Time": 0.041,"Actual Total Time": 597.161,"Actual Rows": 1170174,"Actual Loops": 5,"Filter": "(l_shipdate <= '1998-08-03 00:00:00'::timestamp without time zone)","Rows Removed by Filter": 30069,"Workers": []}]}]}]}]},"Planning Time": 2.665,"Triggers": [],"Execution Time": 1643.121}]
[{"Plan": {"Node Type": "Aggregate","Strategy": "Sorted","Partial Mode": "Finalize","Parallel Aware": false,"Async Capable": false,"Startup Cost": 184052.13,"Total Cost": 184055.95,"Plan Rows": 6,"Plan Width": 236,"Actual Startup Time": 1616.943,"Actual Total Time": 1650.452,"Actual Rows": 4,"Actual Loops": 1,"Group Key": ["l_returnflag", "l_linestatus"],"Plans": [{"Node Type": "Gather Merge","Parent Relationship": "Outer","Parallel Aware": false,"Async Capable": false,"Startup Cost": 184052.13,"Total Cost": 184055.01,"Plan Rows": 24,"Plan Width": 236,"Actual Startup Time": 1616.881,"Actual Total Time": 1650.358,"Actual Rows": 20,"Actual Loops": 1,"Workers Planned": 4,"Workers Launched": 4,"Plans": [{"Node Type": "Sort","Parent Relationship": "Outer","Parallel Aware": false,"Async Capable": false,"Startup Cost": 183052.07,"Total Cost": 183052.09,"Plan Rows": 6,"Plan Width": 236,"Actual Startup Time": 1610.099,"Actual Total Time": 1610.103,"Actual Rows": 4,"Actual Loops": 5,"Sort Key": ["l_returnflag", "l_linestatus"],"Sort Method": "quicksort","Sort Space Used": 27,"Sort Space Type": "Memory","Workers": [{"Worker Number": 0,"Sort Method": "quicksort","Sort Space Used": 27,"Sort Space Type": "Memory"},{"Worker Number": 1,"Sort Method": "quicksort","Sort Space Used": 27,"Sort Space Type": "Memory"},{"Worker Number": 2,"Sort Method": "quicksort","Sort Space Used": 27,"Sort Space Type": "Memory"},{"Worker Number": 3,"Sort Method": "quicksort","Sort Space Used": 27,"Sort Space Type": "Memory"}],"Plans": [{"Node Type": "Aggregate","Strategy": "Hashed","Partial Mode": "Partial","Parent Relationship": "Outer","Parallel Aware": false,"Async Capable": false,"Startup Cost": 183051.86,"Total Cost": 183052.00,"Plan Rows": 6,"Plan Width": 236,"Actual Startup Time": 1609.932,"Actual Total Time": 1609.941,"Actual Rows": 4,"Actual Loops": 5,"Group Key": ["l_returnflag", "l_linestatus"],"Planned Partitions": 0,"HashAgg Batches": 1,"Peak Memory Usage": 32,"Disk Usage": 0,"Workers": [{"Worker Number": 0,"HashAgg Batches": 1,"Peak Memory Usage": 32,"Disk Usage": 0},{"Worker Number": 1,"HashAgg Batches": 1,"Peak Memory Usage": 32,"Disk Usage": 0},{"Worker Number": 2,"HashAgg Batches": 1,"Peak Memory Usage": 32,"Disk Usage": 0},{"Worker Number": 3,"HashAgg Batches": 1,"Peak Memory Usage": 32,"Disk Usage": 0}],"Plans": [{"Node Type": "Seq Scan","Parent Relationship": "Outer","Parallel Aware": true,"Async Capable": false,"Relation Name": "lineitem","Alias": "lineitem","Startup Cost": 0.00,"Total Cost": 131256.80,"Plan Rows": 1479859,"Plan Width": 25,"Actual Startup Time": 0.033,"Actual Total Time": 594.774,"Actual Rows": 1184794,"Actual Loops": 5,"Filter": "(l_shipdate <= '1998-09-06 00:00:00'::timestamp without time zone)","Rows Removed by Filter": 15449,"Workers": []}]}]}]}]},"Planning Time": 3.475,"Triggers": [],"Execution Time": 1650.848}]
[{"Plan": {"Node Type": "Aggregate","Strategy": "Sorted","Partial Mode": "Finalize","Parallel Aware": false,"Async Capable": false,"Startup Cost": 184278.41,"Total Cost": 184282.23,"Plan Rows": 6,"Plan Width": 236,"Actual Startup Time": 1657.585,"Actual Total Time": 1690.491,"Actual Rows": 4,"Actual Loops": 1,"Group Key": ["l_returnflag", "l_linestatus"],"Plans": [{"Node Type": "Gather Merge","Parent Relationship": "Outer","Parallel Aware": false,"Async Capable": false,"Startup Cost": 184278.41,"Total Cost": 184281.28,"Plan Rows": 24,"Plan Width": 236,"Actual Startup Time": 1657.498,"Actual Total Time": 1690.371,"Actual Rows": 20,"Actual Loops": 1,"Workers Planned": 4,"Workers Launched": 4,"Plans": [{"Node Type": "Sort","Parent Relationship": "Outer","Parallel Aware": false,"Async Capable": false,"Startup Cost": 183278.35,"Total Cost": 183278.36,"Plan Rows": 6,"Plan Width": 236,"Actual Startup Time": 1649.559,"Actual Total Time": 1649.565,"Actual Rows": 4,"Actual Loops": 5,"Sort Key": ["l_returnflag", "l_linestatus"],"Sort Method": "quicksort","Sort Space Used": 27,"Sort Space Type": "Memory","Workers": [{"Worker Number": 0,"Sort Method": "quicksort","Sort Space Used": 27,"Sort Space Type": "Memory"},{"Worker Number": 1,"Sort Method": "quicksort","Sort Space Used": 27,"Sort Space Type": "Memory"},{"Worker Number": 2,"Sort Method": "quicksort","Sort Space Used": 27,"Sort Space Type": "Memory"},{"Worker Number": 3,"Sort Method": "quicksort","Sort Space Used": 27,"Sort Space Type": "Memory"}],"Plans": [{"Node Type": "Aggregate","Strategy": "Hashed","Partial Mode": "Partial","Parent Relationship": "Outer","Parallel Aware": false,"Async Capable": false,"Startup Cost": 183278.14,"Total Cost": 183278.27,"Plan Rows": 6,"Plan Width": 236,"Actual Startup Time": 1649.443,"Actual Total Time": 1649.453,"Actual Rows": 4,"Actual Loops": 5,"Group Key": ["l_returnflag", "l_linestatus"],"Planned Partitions": 0,"HashAgg Batches": 1,"Peak Memory Usage": 32,"Disk Usage": 0,"Workers": [{"Worker Number": 0,"HashAgg Batches": 1,"Peak Memory Usage": 32,"Disk Usage": 0},{"Worker Number": 1,"HashAgg Batches": 1,"Peak Memory Usage": 32,"Disk Usage": 0},{"Worker Number": 2,"HashAgg Batches": 1,"Peak Memory Usage": 32,"Disk Usage": 0},{"Worker Number": 3,"HashAgg Batches": 1,"Peak Memory Usage": 32,"Disk Usage": 0}],"Plans": [{"Node Type": "Seq Scan","Parent Relationship": "Outer","Parallel Aware": true,"Async Capable": false,"Relation Name": "lineitem","Alias": "lineitem","Startup Cost": 0.00,"Total Cost": 131256.80,"Plan Rows": 1486324,"Plan Width": 25,"Actual Startup Time": 0.045,"Actual Total Time": 616.953,"Actual Rows": 1190268,"Actual Loops": 5,"Filter": "(l_shipdate <= '1998-09-23 00:00:00'::timestamp without time zone)","Rows Removed by Filter": 9975,"Workers": []}]}]}]}]},"Planning Time": 3.178,"Triggers": [],"Execution Time": 1690.759}]
[{"Plan": {"Node Type": "Aggregate","Strategy": "Sorted","Partial Mode": "Finalize","Parallel Aware": false,"Async Capable": false,"Startup Cost": 184128.26,"Total Cost": 184132.08,"Plan Rows": 6,"Plan Width": 236,"Actual Startup Time": 1649.132,"Actual Total Time": 1683.354,"Actual Rows": 4,"Actual Loops": 1,"Group Key": ["l_returnflag", "l_linestatus"],"Plans": [{"Node Type": "Gather Merge","Parent Relationship": "Outer","Parallel Aware": false,"Async Capable": false,"Startup Cost": 184128.26,"Total Cost": 184131.13,"Plan Rows": 24,"Plan Width": 236,"Actual Startup Time": 1649.053,"Actual Total Time": 1683.242,"Actual Rows": 20,"Actual Loops": 1,"Workers Planned": 4,"Workers Launched": 4,"Plans": [{"Node Type": "Sort","Parent Relationship": "Outer","Parallel Aware": false,"Async Capable": false,"Startup Cost": 183128.20,"Total Cost": 183128.21,"Plan Rows": 6,"Plan Width": 236,"Actual Startup Time": 1640.585,"Actual Total Time": 1640.592,"Actual Rows": 4,"Actual Loops": 5,"Sort Key": ["l_returnflag", "l_linestatus"],"Sort Method": "quicksort","Sort Space Used": 27,"Sort Space Type": "Memory","Workers": [{"Worker Number": 0,"Sort Method": "quicksort","Sort Space Used": 27,"Sort Space Type": "Memory"},{"Worker Number": 1,"Sort Method": "quicksort","Sort Space Used": 27,"Sort Space Type": "Memory"},{"Worker Number": 2,"Sort Method": "quicksort","Sort Space Used": 27,"Sort Space Type": "Memory"},{"Worker Number": 3,"Sort Method": "quicksort","Sort Space Used": 27,"Sort Space Type": "Memory"}],"Plans": [{"Node Type": "Aggregate","Strategy": "Hashed","Partial Mode": "Partial","Parent Relationship": "Outer","Parallel Aware": false,"Async Capable": false,"Startup Cost": 183127.99,"Total Cost": 183128.12,"Plan Rows": 6,"Plan Width": 236,"Actual Startup Time": 1640.479,"Actual Total Time": 1640.488,"Actual Rows": 4,"Actual Loops": 5,"Group Key": ["l_returnflag", "l_linestatus"],"Planned Partitions": 0,"HashAgg Batches": 1,"Peak Memory Usage": 32,"Disk Usage": 0,"Workers": [{"Worker Number": 0,"HashAgg Batches": 1,"Peak Memory Usage": 32,"Disk Usage": 0},{"Worker Number": 1,"HashAgg Batches": 1,"Peak Memory Usage": 32,"Disk Usage": 0},{"Worker Number": 2,"HashAgg Batches": 1,"Peak Memory Usage": 32,"Disk Usage": 0},{"Worker Number": 3,"HashAgg Batches": 1,"Peak Memory Usage": 32,"Disk Usage": 0}],"Plans": [{"Node Type": "Seq Scan","Parent Relationship": "Outer","Parallel Aware": true,"Async Capable": false,"Relation Name": "lineitem","Alias": "lineitem","Startup Cost": 0.00,"Total Cost": 131256.80,"Plan Rows": 1482034,"Plan Width": 25,"Actual Startup Time": 0.041,"Actual Total Time": 618.594,"Actual Rows": 1186531,"Actual Loops": 5,"Filter": "(l_shipdate <= '1998-09-11 00:00:00'::timestamp without time zone)","Rows Removed by Filter": 13712,"Workers": []}]}]}]}]},"Planning Time": 2.806,"Triggers": [],"Execution Time": 1683.749}]
[{"Plan": {"Node Type": "Aggregate","Strategy": "Sorted","Partial Mode": "Finalize","Parallel Aware": false,"Async Capable": false,"Startup Cost": 184313.86,"Total Cost": 184317.68,"Plan Rows": 6,"Plan Width": 236,"Actual Startup Time": 1657.091,"Actual Total Time": 1690.885,"Actual Rows": 4,"Actual Loops": 1,"Group Key": ["l_returnflag", "l_linestatus"],"Plans": [{"Node Type": "Gather Merge","Parent Relationship": "Outer","Parallel Aware": false,"Async Capable": false,"Startup Cost": 184313.86,"Total Cost": 184316.74,"Plan Rows": 24,"Plan Width": 236,"Actual Startup Time": 1657.029,"Actual Total Time": 1690.788,"Actual Rows": 20,"Actual Loops": 1,"Workers Planned": 4,"Workers Launched": 4,"Plans": [{"Node Type": "Sort","Parent Relationship": "Outer","Parallel Aware": false,"Async Capable": false,"Startup Cost": 183313.80,"Total Cost": 183313.82,"Plan Rows": 6,"Plan Width": 236,"Actual Startup Time": 1648.712,"Actual Total Time": 1648.718,"Actual Rows": 4,"Actual Loops": 5,"Sort Key": ["l_returnflag", "l_linestatus"],"Sort Method": "quicksort","Sort Space Used": 27,"Sort Space Type": "Memory","Workers": [{"Worker Number": 0,"Sort Method": "quicksort","Sort Space Used": 27,"Sort Space Type": "Memory"},{"Worker Number": 1,"Sort Method": "quicksort","Sort Space Used": 27,"Sort Space Type": "Memory"},{"Worker Number": 2,"Sort Method": "quicksort","Sort Space Used": 27,"Sort Space Type": "Memory"},{"Worker Number": 3,"Sort Method": "quicksort","Sort Space Used": 27,"Sort Space Type": "Memory"}],"Plans": [{"Node Type": "Aggregate","Strategy": "Hashed","Partial Mode": "Partial","Parent Relationship": "Outer","Parallel Aware": false,"Async Capable": false,"Startup Cost": 183313.59,"Total Cost": 183313.73,"Plan Rows": 6,"Plan Width": 236,"Actual Startup Time": 1648.607,"Actual Total Time": 1648.618,"Actual Rows": 4,"Actual Loops": 5,"Group Key": ["l_returnflag", "l_linestatus"],"Planned Partitions": 0,"HashAgg Batches": 1,"Peak Memory Usage": 32,"Disk Usage": 0,"Workers": [{"Worker Number": 0,"HashAgg Batches": 1,"Peak Memory Usage": 32,"Disk Usage": 0},{"Worker Number": 1,"HashAgg Batches": 1,"Peak Memory Usage": 32,"Disk Usage": 0},{"Worker Number": 2,"HashAgg Batches": 1,"Peak Memory Usage": 32,"Disk Usage": 0},{"Worker Number": 3,"HashAgg Batches": 1,"Peak Memory Usage": 32,"Disk Usage": 0}],"Plans": [{"Node Type": "Seq Scan","Parent Relationship": "Outer","Parallel Aware": true,"Async Capable": false,"Relation Name": "lineitem","Alias": "lineitem","Startup Cost": 0.00,"Total Cost": 131256.80,"Plan Rows": 1487337,"Plan Width": 25,"Actual Startup Time": 0.037,"Actual Total Time": 622.318,"Actual Rows": 1191638,"Actual Loops": 5,"Filter": "(l_shipdate <= '1998-09-28 00:00:00'::timestamp without time zone)","Rows Removed by Filter": 8605,"Workers": []}]}]}]}]},"Planning Time": 3.442,"Triggers": [],"Execution Time": 1691.344}]
[{"Plan": {"Node Type": "Aggregate","Strategy": "Sorted","Partial Mode": "Finalize","Parallel Aware": false,"Async Capable": false,"Startup Cost": 183778.08,"Total Cost": 183781.90,"Plan Rows": 6,"Plan Width": 236,"Actual Startup Time": 1629.845,"Actual Total Time": 1663.181,"Actual Rows": 4,"Actual Loops": 1,"Group Key": ["l_returnflag", "l_linestatus"],"Plans": [{"Node Type": "Gather Merge","Parent Relationship": "Outer","Parallel Aware": false,"Async Capable": false,"Startup Cost": 183778.08,"Total Cost": 183780.96,"Plan Rows": 24,"Plan Width": 236,"Actual Startup Time": 1629.762,"Actual Total Time": 1663.049,"Actual Rows": 20,"Actual Loops": 1,"Workers Planned": 4,"Workers Launched": 4,"Plans": [{"Node Type": "Sort","Parent Relationship": "Outer","Parallel Aware": false,"Async Capable": false,"Startup Cost": 182778.02,"Total Cost": 182778.04,"Plan Rows": 6,"Plan Width": 236,"Actual Startup Time": 1622.415,"Actual Total Time": 1622.418,"Actual Rows": 4,"Actual Loops": 5,"Sort Key": ["l_returnflag", "l_linestatus"],"Sort Method": "quicksort","Sort Space Used": 27,"Sort Space Type": "Memory","Workers": [{"Worker Number": 0,"Sort Method": "quicksort","Sort Space Used": 27,"Sort Space Type": "Memory"},{"Worker Number": 1,"Sort Method": "quicksort","Sort Space Used": 27,"Sort Space Type": "Memory"},{"Worker Number": 2,"Sort Method": "quicksort","Sort Space Used": 27,"Sort Space Type": "Memory"},{"Worker Number": 3,"Sort Method": "quicksort","Sort Space Used": 27,"Sort Space Type": "Memory"}],"Plans": [{"Node Type": "Aggregate","Strategy": "Hashed","Partial Mode": "Partial","Parent Relationship": "Outer","Parallel Aware": false,"Async Capable": false,"Startup Cost": 182777.81,"Total Cost": 182777.95,"Plan Rows": 6,"Plan Width": 236,"Actual Startup Time": 1622.311,"Actual Total Time": 1622.319,"Actual Rows": 4,"Actual Loops": 5,"Group Key": ["l_returnflag", "l_linestatus"],"Planned Partitions": 0,"HashAgg Batches": 1,"Peak Memory Usage": 32,"Disk Usage": 0,"Workers": [{"Worker Number": 0,"HashAgg Batches": 1,"Peak Memory Usage": 32,"Disk Usage": 0},{"Worker Number": 1,"HashAgg Batches": 1,"Peak Memory Usage": 32,"Disk Usage": 0},{"Worker Number": 2,"HashAgg Batches": 1,"Peak Memory Usage": 32,"Disk Usage": 0},{"Worker Number": 3,"HashAgg Batches": 1,"Peak Memory Usage": 32,"Disk Usage": 0}],"Plans": [{"Node Type": "Seq Scan","Parent Relationship": "Outer","Parallel Aware": true,"Async Capable": false,"Relation Name": "lineitem","Alias": "lineitem","Startup Cost": 0.00,"Total Cost": 131256.80,"Plan Rows": 1472029,"Plan Width": 25,"Actual Startup Time": 0.039,"Actual Total Time": 611.490,"Actual Rows": 1177690,"Actual Loops": 5,"Filter": "(l_shipdate <= '1998-08-19 00:00:00'::timestamp without time zone)","Rows Removed by Filter": 22553,"Workers": []}]}]}]}]},"Planning Time": 2.535,"Triggers": [],"Execution Time": 1663.520}]
[{"Plan": {"Node Type": "Aggregate","Strategy": "Sorted","Partial Mode": "Finalize","Parallel Aware": false,"Async Capable": false,"Startup Cost": 184250.06,"Total Cost": 184253.88,"Plan Rows": 6,"Plan Width": 236,"Actual Startup Time": 1627.450,"Actual Total Time": 1660.875,"Actual Rows": 4,"Actual Loops": 1,"Group Key": ["l_returnflag", "l_linestatus"],"Plans": [{"Node Type": "Gather Merge","Parent Relationship": "Outer","Parallel Aware": false,"Async Capable": false,"Startup Cost": 184250.06,"Total Cost": 184252.93,"Plan Rows": 24,"Plan Width": 236,"Actual Startup Time": 1627.263,"Actual Total Time": 1660.610,"Actual Rows": 20,"Actual Loops": 1,"Workers Planned": 4,"Workers Launched": 4,"Plans": [{"Node Type": "Sort","Parent Relationship": "Outer","Parallel Aware": false,"Async Capable": false,"Startup Cost": 183250.00,"Total Cost": 183250.01,"Plan Rows": 6,"Plan Width": 236,"Actual Startup Time": 1619.617,"Actual Total Time": 1619.625,"Actual Rows": 4,"Actual Loops": 5,"Sort Key": ["l_returnflag", "l_linestatus"],"Sort Method": "quicksort","Sort Space Used": 27,"Sort Space Type": "Memory","Workers": [{"Worker Number": 0,"Sort Method": "quicksort","Sort Space Used": 27,"Sort Space Type": "Memory"},{"Worker Number": 1,"Sort Method": "quicksort","Sort Space Used": 27,"Sort Space Type": "Memory"},{"Worker Number": 2,"Sort Method": "quicksort","Sort Space Used": 27,"Sort Space Type": "Memory"},{"Worker Number": 3,"Sort Method": "quicksort","Sort Space Used": 27,"Sort Space Type": "Memory"}],"Plans": [{"Node Type": "Aggregate","Strategy": "Hashed","Partial Mode": "Partial","Parent Relationship": "Outer","Parallel Aware": false,"Async Capable": false,"Startup Cost": 183249.79,"Total Cost": 183249.92,"Plan Rows": 6,"Plan Width": 236,"Actual Startup Time": 1619.408,"Actual Total Time": 1619.419,"Actual Rows": 4,"Actual Loops": 5,"Group Key": ["l_returnflag", "l_linestatus"],"Planned Partitions": 0,"HashAgg Batches": 1,"Peak Memory Usage": 32,"Disk Usage": 0,"Workers": [{"Worker Number": 0,"HashAgg Batches": 1,"Peak Memory Usage": 32,"Disk Usage": 0},{"Worker Number": 1,"HashAgg Batches": 1,"Peak Memory Usage": 32,"Disk Usage": 0},{"Worker Number": 2,"HashAgg Batches": 1,"Peak Memory Usage": 32,"Disk Usage": 0},{"Worker Number": 3,"HashAgg Batches": 1,"Peak Memory Usage": 32,"Disk Usage": 0}],"Plans": [{"Node Type": "Seq Scan","Parent Relationship": "Outer","Parallel Aware": true,"Async Capable": false,"Relation Name": "lineitem","Alias": "lineitem","Startup Cost": 0.00,"Total Cost": 131256.80,"Plan Rows": 1485514,"Plan Width": 25,"Actual Startup Time": 0.044,"Actual Total Time": 599.275,"Actual Rows": 1189085,"Actual Loops": 5,"Filter": "(l_shipdate <= '1998-09-19 00:00:00'::timestamp without time zone)","Rows Removed by Filter": 11158,"Workers": []}]}]}]}]},"Planning Time": 3.424,"Triggers": [],"Execution Time": 1661.334}]
[{"Plan": {"Node Type": "Aggregate","Strategy": "Sorted","Partial Mode": "Finalize","Parallel Aware": false,"Async Capable": false,"Startup Cost": 183762.86,"Total Cost": 183766.68,"Plan Rows": 6,"Plan Width": 236,"Actual Startup Time": 1624.125,"Actual Total Time": 1658.164,"Actual Rows": 4,"Actual Loops": 1,"Group Key": ["l_returnflag", "l_linestatus"],"Plans": [{"Node Type": "Gather Merge","Parent Relationship": "Outer","Parallel Aware": false,"Async Capable": false,"Startup Cost": 183762.86,"Total Cost": 183765.73,"Plan Rows": 24,"Plan Width": 236,"Actual Startup Time": 1624.055,"Actual Total Time": 1658.060,"Actual Rows": 20,"Actual Loops": 1,"Workers Planned": 4,"Workers Launched": 4,"Plans": [{"Node Type": "Sort","Parent Relationship": "Outer","Parallel Aware": false,"Async Capable": false,"Startup Cost": 182762.80,"Total Cost": 182762.81,"Plan Rows": 6,"Plan Width": 236,"Actual Startup Time": 1615.684,"Actual Total Time": 1615.689,"Actual Rows": 4,"Actual Loops": 5,"Sort Key": ["l_returnflag", "l_linestatus"],"Sort Method": "quicksort","Sort Space Used": 27,"Sort Space Type": "Memory","Workers": [{"Worker Number": 0,"Sort Method": "quicksort","Sort Space Used": 27,"Sort Space Type": "Memory"},{"Worker Number": 1,"Sort Method": "quicksort","Sort Space Used": 27,"Sort Space Type": "Memory"},{"Worker Number": 2,"Sort Method": "quicksort","Sort Space Used": 27,"Sort Space Type": "Memory"},{"Worker Number": 3,"Sort Method": "quicksort","Sort Space Used": 27,"Sort Space Type": "Memory"}],"Plans": [{"Node Type": "Aggregate","Strategy": "Hashed","Partial Mode": "Partial","Parent Relationship": "Outer","Parallel Aware": false,"Async Capable": false,"Startup Cost": 182762.59,"Total Cost": 182762.72,"Plan Rows": 6,"Plan Width": 236,"Actual Startup Time": 1615.553,"Actual Total Time": 1615.563,"Actual Rows": 4,"Actual Loops": 5,"Group Key": ["l_returnflag", "l_linestatus"],"Planned Partitions": 0,"HashAgg Batches": 1,"Peak Memory Usage": 32,"Disk Usage": 0,"Workers": [{"Worker Number": 0,"HashAgg Batches": 1,"Peak Memory Usage": 32,"Disk Usage": 0},{"Worker Number": 1,"HashAgg Batches": 1,"Peak Memory Usage": 32,"Disk Usage": 0},{"Worker Number": 2,"HashAgg Batches": 1,"Peak Memory Usage": 32,"Disk Usage": 0},{"Worker Number": 3,"HashAgg Batches": 1,"Peak Memory Usage": 32,"Disk Usage": 0}],"Plans": [{"Node Type": "Seq Scan","Parent Relationship": "Outer","Parallel Aware": true,"Async Capable": false,"Relation Name": "lineitem","Alias": "lineitem","Startup Cost": 0.00,"Total Cost": 131256.80,"Plan Rows": 1471594,"Plan Width": 25,"Actual Startup Time": 0.040,"Actual Total Time": 605.807,"Actual Rows": 1177251,"Actual Loops": 5,"Filter": "(l_shipdate <= '1998-08-18 00:00:00'::timestamp without time zone)","Rows Removed by Filter": 22992,"Workers": []}]}]}]}]},"Planning Time": 2.911,"Triggers": [],"Execution Time": 1658.466}]
[{"Plan": {"Node Type": "Aggregate","Strategy": "Sorted","Partial Mode": "Finalize","Parallel Aware": false,"Async Capable": false,"Startup Cost": 183823.76,"Total Cost": 183827.58,"Plan Rows": 6,"Plan Width": 236,"Actual Startup Time": 1622.288,"Actual Total Time": 1656.246,"Actual Rows": 4,"Actual Loops": 1,"Group Key": ["l_returnflag", "l_linestatus"],"Plans": [{"Node Type": "Gather Merge","Parent Relationship": "Outer","Parallel Aware": false,"Async Capable": false,"Startup Cost": 183823.76,"Total Cost": 183826.63,"Plan Rows": 24,"Plan Width": 236,"Actual Startup Time": 1622.220,"Actual Total Time": 1656.142,"Actual Rows": 20,"Actual Loops": 1,"Workers Planned": 4,"Workers Launched": 4,"Plans": [{"Node Type": "Sort","Parent Relationship": "Outer","Parallel Aware": false,"Async Capable": false,"Startup Cost": 182823.70,"Total Cost": 182823.71,"Plan Rows": 6,"Plan Width": 236,"Actual Startup Time": 1613.903,"Actual Total Time": 1613.909,"Actual Rows": 4,"Actual Loops": 5,"Sort Key": ["l_returnflag", "l_linestatus"],"Sort Method": "quicksort","Sort Space Used": 27,"Sort Space Type": "Memory","Workers": [{"Worker Number": 0,"Sort Method": "quicksort","Sort Space Used": 27,"Sort Space Type": "Memory"},{"Worker Number": 1,"Sort Method": "quicksort","Sort Space Used": 27,"Sort Space Type": "Memory"},{"Worker Number": 2,"Sort Method": "quicksort","Sort Space Used": 27,"Sort Space Type": "Memory"},{"Worker Number": 3,"Sort Method": "quicksort","Sort Space Used": 27,"Sort Space Type": "Memory"}],"Plans": [{"Node Type": "Aggregate","Strategy": "Hashed","Partial Mode": "Partial","Parent Relationship": "Outer","Parallel Aware": false,"Async Capable": false,"Startup Cost": 182823.49,"Total Cost": 182823.62,"Plan Rows": 6,"Plan Width": 236,"Actual Startup Time": 1613.785,"Actual Total Time": 1613.796,"Actual Rows": 4,"Actual Loops": 5,"Group Key": ["l_returnflag", "l_linestatus"],"Planned Partitions": 0,"HashAgg Batches": 1,"Peak Memory Usage": 32,"Disk Usage": 0,"Workers": [{"Worker Number": 0,"HashAgg Batches": 1,"Peak Memory Usage": 32,"Disk Usage": 0},{"Worker Number": 1,"HashAgg Batches": 1,"Peak Memory Usage": 32,"Disk Usage": 0},{"Worker Number": 2,"HashAgg Batches": 1,"Peak Memory Usage": 32,"Disk Usage": 0},{"Worker Number": 3,"HashAgg Batches": 1,"Peak Memory Usage": 32,"Disk Usage": 0}],"Plans": [{"Node Type": "Seq Scan","Parent Relationship": "Outer","Parallel Aware": true,"Async Capable": false,"Relation Name": "lineitem","Alias": "lineitem","Startup Cost": 0.00,"Total Cost": 131256.80,"Plan Rows": 1473334,"Plan Width": 25,"Actual Startup Time": 0.047,"Actual Total Time": 599.978,"Actual Rows": 1178947,"Actual Loops": 5,"Filter": "(l_shipdate <= '1998-08-22 00:00:00'::timestamp without time zone)","Rows Removed by Filter": 21296,"Workers": []}]}]}]}]},"Planning Time": 2.579,"Triggers": [],"Execution Time": 1656.641}]
[{"Plan": {"Node Type": "Aggregate","Strategy": "Sorted","Partial Mode": "Finalize","Parallel Aware": false,"Async Capable": false,"Startup Cost": 183854.21,"Total Cost": 183858.03,"Plan Rows": 6,"Plan Width": 236,"Actual Startup Time": 1621.142,"Actual Total Time": 1653.452,"Actual Rows": 4,"Actual Loops": 1,"Group Key": ["l_returnflag", "l_linestatus"],"Plans": [{"Node Type": "Gather Merge","Parent Relationship": "Outer","Parallel Aware": false,"Async Capable": false,"Startup Cost": 183854.21,"Total Cost": 183857.08,"Plan Rows": 24,"Plan Width": 236,"Actual Startup Time": 1621.057,"Actual Total Time": 1653.343,"Actual Rows": 20,"Actual Loops": 1,"Workers Planned": 4,"Workers Launched": 4,"Plans": [{"Node Type": "Sort","Parent Relationship": "Outer","Parallel Aware": false,"Async Capable": false,"Startup Cost": 182854.15,"Total Cost": 182854.16,"Plan Rows": 6,"Plan Width": 236,"Actual Startup Time": 1613.630,"Actual Total Time": 1613.634,"Actual Rows": 4,"Actual Loops": 5,"Sort Key": ["l_returnflag", "l_linestatus"],"Sort Method": "quicksort","Sort Space Used": 27,"Sort Space Type": "Memory","Workers": [{"Worker Number": 0,"Sort Method": "quicksort","Sort Space Used": 27,"Sort Space Type": "Memory"},{"Worker Number": 1,"Sort Method": "quicksort","Sort Space Used": 27,"Sort Space Type": "Memory"},{"Worker Number": 2,"Sort Method": "quicksort","Sort Space Used": 27,"Sort Space Type": "Memory"},{"Worker Number": 3,"Sort Method": "quicksort","Sort Space Used": 27,"Sort Space Type": "Memory"}],"Plans": [{"Node Type": "Aggregate","Strategy": "Hashed","Partial Mode": "Partial","Parent Relationship": "Outer","Parallel Aware": false,"Async Capable": false,"Startup Cost": 182853.94,"Total Cost": 182854.07,"Plan Rows": 6,"Plan Width": 236,"Actual Startup Time": 1613.488,"Actual Total Time": 1613.497,"Actual Rows": 4,"Actual Loops": 5,"Group Key": ["l_returnflag", "l_linestatus"],"Planned Partitions": 0,"HashAgg Batches": 1,"Peak Memory Usage": 32,"Disk Usage": 0,"Workers": [{"Worker Number": 0,"HashAgg Batches": 1,"Peak Memory Usage": 32,"Disk Usage": 0},{"Worker Number": 1,"HashAgg Batches": 1,"Peak Memory Usage": 32,"Disk Usage": 0},{"Worker Number": 2,"HashAgg Batches": 1,"Peak Memory Usage": 32,"Disk Usage": 0},{"Worker Number": 3,"HashAgg Batches": 1,"Peak Memory Usage": 32,"Disk Usage": 0}],"Plans": [{"Node Type": "Seq Scan","Parent Relationship": "Outer","Parallel Aware": true,"Async Capable": false,"Relation Name": "lineitem","Alias": "lineitem","Startup Cost": 0.00,"Total Cost": 131256.80,"Plan Rows": 1474204,"Plan Width": 25,"Actual Startup Time": 0.040,"Actual Total Time": 601.833,"Actual Rows": 1179767,"Actual Loops": 5,"Filter": "(l_shipdate <= '1998-08-24 00:00:00'::timestamp without time zone)","Rows Removed by Filter": 20476,"Workers": []}]}]}]}]},"Planning Time": 2.415,"Triggers": [],"Execution Time": 1653.758}]
[{"Plan": {"Node Type": "Aggregate","Strategy": "Sorted","Partial Mode": "Finalize","Parallel Aware": false,"Async Capable": false,"Startup Cost": 184113.03,"Total Cost": 184116.85,"Plan Rows": 6,"Plan Width": 236,"Actual Startup Time": 1626.286,"Actual Total Time": 1659.080,"Actual Rows": 4,"Actual Loops": 1,"Group Key": ["l_returnflag", "l_linestatus"],"Plans": [{"Node Type": "Gather Merge","Parent Relationship": "Outer","Parallel Aware": false,"Async Capable": false,"Startup Cost": 184113.03,"Total Cost": 184115.91,"Plan Rows": 24,"Plan Width": 236,"Actual Startup Time": 1626.211,"Actual Total Time": 1658.952,"Actual Rows": 20,"Actual Loops": 1,"Workers Planned": 4,"Workers Launched": 4,"Plans": [{"Node Type": "Sort","Parent Relationship": "Outer","Parallel Aware": false,"Async Capable": false,"Startup Cost": 183112.97,"Total Cost": 183112.99,"Plan Rows": 6,"Plan Width": 236,"Actual Startup Time": 1618.938,"Actual Total Time": 1618.943,"Actual Rows": 4,"Actual Loops": 5,"Sort Key": ["l_returnflag", "l_linestatus"],"Sort Method": "quicksort","Sort Space Used": 27,"Sort Space Type": "Memory","Workers": [{"Worker Number": 0,"Sort Method": "quicksort","Sort Space Used": 27,"Sort Space Type": "Memory"},{"Worker Number": 1,"Sort Method": "quicksort","Sort Space Used": 27,"Sort Space Type": "Memory"},{"Worker Number": 2,"Sort Method": "quicksort","Sort Space Used": 27,"Sort Space Type": "Memory"},{"Worker Number": 3,"Sort Method": "quicksort","Sort Space Used": 27,"Sort Space Type": "Memory"}],"Plans": [{"Node Type": "Aggregate","Strategy": "Hashed","Partial Mode": "Partial","Parent Relationship": "Outer","Parallel Aware": false,"Async Capable": false,"Startup Cost": 183112.76,"Total Cost": 183112.90,"Plan Rows": 6,"Plan Width": 236,"Actual Startup Time": 1618.825,"Actual Total Time": 1618.836,"Actual Rows": 4,"Actual Loops": 5,"Group Key": ["l_returnflag", "l_linestatus"],"Planned Partitions": 0,"HashAgg Batches": 1,"Peak Memory Usage": 32,"Disk Usage": 0,"Workers": [{"Worker Number": 0,"HashAgg Batches": 1,"Peak Memory Usage": 32,"Disk Usage": 0},{"Worker Number": 1,"HashAgg Batches": 1,"Peak Memory Usage": 32,"Disk Usage": 0},{"Worker Number": 2,"HashAgg Batches": 1,"Peak Memory Usage": 32,"Disk Usage": 0},{"Worker Number": 3,"HashAgg Batches": 1,"Peak Memory Usage": 32,"Disk Usage": 0}],"Plans": [{"Node Type": "Seq Scan","Parent Relationship": "Outer","Parallel Aware": true,"Async Capable": false,"Relation Name": "lineitem","Alias": "lineitem","Startup Cost": 0.00,"Total Cost": 131256.80,"Plan Rows": 1481599,"Plan Width": 25,"Actual Startup Time": 0.033,"Actual Total Time": 600.023,"Actual Rows": 1186191,"Actual Loops": 5,"Filter": "(l_shipdate <= '1998-09-10 00:00:00'::timestamp without time zone)","Rows Removed by Filter": 14052,"Workers": []}]}]}]}]},"Planning Time": 2.494,"Triggers": [],"Execution Time": 1659.387}]
[{"Plan": {"Node Type": "Aggregate","Strategy": "Sorted","Partial Mode": "Finalize","Parallel Aware": false,"Async Capable": false,"Startup Cost": 184250.06,"Total Cost": 184253.88,"Plan Rows": 6,"Plan Width": 236,"Actual Startup Time": 1627.450,"Actual Total Time": 1660.875,"Actual Rows": 4,"Actual Loops": 1,"Group Key": ["l_returnflag", "l_linestatus"],"Plans": [{"Node Type": "Gather Merge","Parent Relationship": "Outer","Parallel Aware": false,"Async Capable": false,"Startup Cost": 184250.06,"Total Cost": 184252.93,"Plan Rows": 24,"Plan Width": 236,"Actual Startup Time": 1627.263,"Actual Total Time": 1660.610,"Actual Rows": 20,"Actual Loops": 1,"Workers Planned": 4,"Workers Launched": 4,"Plans": [{"Node Type": "Sort","Parent Relationship": "Outer","Parallel Aware": false,"Async Capable": false,"Startup Cost": 183250.00,"Total Cost": 183250.01,"Plan Rows": 6,"Plan Width": 236,"Actual Startup Time": 1619.617,"Actual Total Time": 1619.625,"Actual Rows": 4,"Actual Loops": 5,"Sort Key": ["l_returnflag", "l_linestatus"],"Sort Method": "quicksort","Sort Space Used": 27,"Sort Space Type": "Memory","Workers": [{"Worker Number": 0,"Sort Method": "quicksort","Sort Space Used": 27,"Sort Space Type": "Memory"},{"Worker Number": 1,"Sort Method": "quicksort","Sort Space Used": 27,"Sort Space Type": "Memory"},{"Worker Number": 2,"Sort Method": "quicksort","Sort Space Used": 27,"Sort Space Type": "Memory"},{"Worker Number": 3,"Sort Method": "quicksort","Sort Space Used": 27,"Sort Space Type": "Memory"}],"Plans": [{"Node Type": "Aggregate","Strategy": "Hashed","Partial Mode": "Partial","Parent Relationship": "Outer","Parallel Aware": false,"Async Capable": false,"Startup Cost": 183249.79,"Total Cost": 183249.92,"Plan Rows": 6,"Plan Width": 236,"Actual Startup Time": 1619.408,"Actual Total Time": 1619.419,"Actual Rows": 4,"Actual Loops": 5,"Group Key": ["l_returnflag", "l_linestatus"],"Planned Partitions": 0,"HashAgg Batches": 1,"Peak Memory Usage": 32,"Disk Usage": 0,"Workers": [{"Worker Number": 0,"HashAgg Batches": 1,"Peak Memory Usage": 32,"Disk Usage": 0},{"Worker Number": 1,"HashAgg Batches": 1,"Peak Memory Usage": 32,"Disk Usage": 0},{"Worker Number": 2,"HashAgg Batches": 1,"Peak Memory Usage": 32,"Disk Usage": 0},{"Worker Number": 3,"HashAgg Batches": 1,"Peak Memory Usage": 32,"Disk Usage": 0}],"Plans": [{"Node Type": "Seq Scan","Parent Relationship": "Outer","Parallel Aware": true,"Async Capable": false,"Relation Name": "lineitem","Alias": "lineitem","Startup Cost": 0.00,"Total Cost": 131256.80,"Plan Rows": 1485514,"Plan Width": 25,"Actual Startup Time": 0.044,"Actual Total Time": 599.275,"Actual Rows": 1189085,"Actual Loops": 5,"Filter": "(l_shipdate <= '1998-09-19 00:00:00'::timestamp without time zone)","Rows Removed by Filter": 11158,"Workers": []}]}]}]}]},"Planning Time": 3.424,"Triggers": [],"Execution Time": 1661.334}]
[{"Plan": {"Node Type": "Aggregate","Strategy": "Sorted","Partial Mode": "Finalize","Parallel Aware": false,"Async Capable": false,"Startup Cost": 184335.14,"Total Cost": 184338.96,"Plan Rows": 6,"Plan Width": 236,"Actual Startup Time": 1633.513,"Actual Total Time": 1666.910,"Actual Rows": 4,"Actual Loops": 1,"Group Key": ["l_returnflag", "l_linestatus"],"Plans": [{"Node Type": "Gather Merge","Parent Relationship": "Outer","Parallel Aware": false,"Async Capable": false,"Startup Cost": 184335.14,"Total Cost": 184338.02,"Plan Rows": 24,"Plan Width": 236,"Actual Startup Time": 1633.424,"Actual Total Time": 1666.783,"Actual Rows": 20,"Actual Loops": 1,"Workers Planned": 4,"Workers Launched": 4,"Plans": [{"Node Type": "Sort","Parent Relationship": "Outer","Parallel Aware": false,"Async Capable": false,"Startup Cost": 183335.08,"Total Cost": 183335.10,"Plan Rows": 6,"Plan Width": 236,"Actual Startup Time": 1625.582,"Actual Total Time": 1625.585,"Actual Rows": 4,"Actual Loops": 5,"Sort Key": ["l_returnflag", "l_linestatus"],"Sort Method": "quicksort","Sort Space Used": 27,"Sort Space Type": "Memory","Workers": [{"Worker Number": 0,"Sort Method": "quicksort","Sort Space Used": 27,"Sort Space Type": "Memory"},{"Worker Number": 1,"Sort Method": "quicksort","Sort Space Used": 27,"Sort Space Type": "Memory"},{"Worker Number": 2,"Sort Method": "quicksort","Sort Space Used": 27,"Sort Space Type": "Memory"},{"Worker Number": 3,"Sort Method": "quicksort","Sort Space Used": 27,"Sort Space Type": "Memory"}],"Plans": [{"Node Type": "Aggregate","Strategy": "Hashed","Partial Mode": "Partial","Parent Relationship": "Outer","Parallel Aware": false,"Async Capable": false,"Startup Cost": 183334.87,"Total Cost": 183335.01,"Plan Rows": 6,"Plan Width": 236,"Actual Startup Time": 1625.416,"Actual Total Time": 1625.424,"Actual Rows": 4,"Actual Loops": 5,"Group Key": ["l_returnflag", "l_linestatus"],"Planned Partitions": 0,"HashAgg Batches": 1,"Peak Memory Usage": 32,"Disk Usage": 0,"Workers": [{"Worker Number": 0,"HashAgg Batches": 1,"Peak Memory Usage": 32,"Disk Usage": 0},{"Worker Number": 1,"HashAgg Batches": 1,"Peak Memory Usage": 32,"Disk Usage": 0},{"Worker Number": 2,"HashAgg Batches": 1,"Peak Memory Usage": 32,"Disk Usage": 0},{"Worker Number": 3,"HashAgg Batches": 1,"Peak Memory Usage": 32,"Disk Usage": 0}],"Plans": [{"Node Type": "Seq Scan","Parent Relationship": "Outer","Parallel Aware": true,"Async Capable": false,"Relation Name": "lineitem","Alias": "lineitem","Startup Cost": 0.00,"Total Cost": 131256.80,"Plan Rows": 1487945,"Plan Width": 25,"Actual Startup Time": 0.042,"Actual Total Time": 603.220,"Actual Rows": 1192429,"Actual Loops": 5,"Filter": "(l_shipdate <= '1998-10-01 00:00:00'::timestamp without time zone)","Rows Removed by Filter": 7814,"Workers": []}]}]}]}]},"Planning Time": 2.873,"Triggers": [],"Execution Time": 1667.344}]
[{"Plan": {"Node Type": "Aggregate","Strategy": "Sorted","Partial Mode": "Finalize","Parallel Aware": false,"Async Capable": false,"Startup Cost": 184264.23,"Total Cost": 184268.05,"Plan Rows": 6,"Plan Width": 236,"Actual Startup Time": 1657.258,"Actual Total Time": 1692.760,"Actual Rows": 4,"Actual Loops": 1,"Group Key": ["l_returnflag", "l_linestatus"],"Plans": [{"Node Type": "Gather Merge","Parent Relationship": "Outer","Parallel Aware": false,"Async Capable": false,"Startup Cost": 184264.23,"Total Cost": 184267.11,"Plan Rows": 24,"Plan Width": 236,"Actual Startup Time": 1657.140,"Actual Total Time": 1692.614,"Actual Rows": 20,"Actual Loops": 1,"Workers Planned": 4,"Workers Launched": 4,"Plans": [{"Node Type": "Sort","Parent Relationship": "Outer","Parallel Aware": false,"Async Capable": false,"Startup Cost": 183264.17,"Total Cost": 183264.19,"Plan Rows": 6,"Plan Width": 236,"Actual Startup Time": 1648.829,"Actual Total Time": 1648.834,"Actual Rows": 4,"Actual Loops": 5,"Sort Key": ["l_returnflag", "l_linestatus"],"Sort Method": "quicksort","Sort Space Used": 27,"Sort Space Type": "Memory","Workers": [{"Worker Number": 0,"Sort Method": "quicksort","Sort Space Used": 27,"Sort Space Type": "Memory"},{"Worker Number": 1,"Sort Method": "quicksort","Sort Space Used": 27,"Sort Space Type": "Memory"},{"Worker Number": 2,"Sort Method": "quicksort","Sort Space Used": 27,"Sort Space Type": "Memory"},{"Worker Number": 3,"Sort Method": "quicksort","Sort Space Used": 27,"Sort Space Type": "Memory"}],"Plans": [{"Node Type": "Aggregate","Strategy": "Hashed","Partial Mode": "Partial","Parent Relationship": "Outer","Parallel Aware": false,"Async Capable": false,"Startup Cost": 183263.96,"Total Cost": 183264.10,"Plan Rows": 6,"Plan Width": 236,"Actual Startup Time": 1648.736,"Actual Total Time": 1648.744,"Actual Rows": 4,"Actual Loops": 5,"Group Key": ["l_returnflag", "l_linestatus"],"Planned Partitions": 0,"HashAgg Batches": 1,"Peak Memory Usage": 32,"Disk Usage": 0,"Workers": [{"Worker Number": 0,"HashAgg Batches": 1,"Peak Memory Usage": 32,"Disk Usage": 0},{"Worker Number": 1,"HashAgg Batches": 1,"Peak Memory Usage": 32,"Disk Usage": 0},{"Worker Number": 2,"HashAgg Batches": 1,"Peak Memory Usage": 32,"Disk Usage": 0},{"Worker Number": 3,"HashAgg Batches": 1,"Peak Memory Usage": 32,"Disk Usage": 0}],"Plans": [{"Node Type": "Seq Scan","Parent Relationship": "Outer","Parallel Aware": true,"Async Capable": false,"Relation Name": "lineitem","Alias": "lineitem","Startup Cost": 0.00,"Total Cost": 131256.80,"Plan Rows": 1485919,"Plan Width": 25,"Actual Startup Time": 0.042,"Actual Total Time": 617.894,"Actual Rows": 1189684,"Actual Loops": 5,"Filter": "(l_shipdate <= '1998-09-21 00:00:00'::timestamp without time zone)","Rows Removed by Filter": 10559,"Workers": []}]}]}]}]},"Planning Time": 3.474,"Triggers": [],"Execution Time": 1693.201}]
[{"Plan": {"Node Type": "Aggregate","Strategy": "Sorted","Partial Mode": "Finalize","Parallel Aware": false,"Async Capable": false,"Startup Cost": 183808.53,"Total Cost": 183812.35,"Plan Rows": 6,"Plan Width": 236,"Actual Startup Time": 1619.235,"Actual Total Time": 1653.260,"Actual Rows": 4,"Actual Loops": 1,"Group Key": ["l_returnflag", "l_linestatus"],"Plans": [{"Node Type": "Gather Merge","Parent Relationship": "Outer","Parallel Aware": false,"Async Capable": false,"Startup Cost": 183808.53,"Total Cost": 183811.41,"Plan Rows": 24,"Plan Width": 236,"Actual Startup Time": 1619.159,"Actual Total Time": 1653.151,"Actual Rows": 20,"Actual Loops": 1,"Workers Planned": 4,"Workers Launched": 4,"Plans": [{"Node Type": "Sort","Parent Relationship": "Outer","Parallel Aware": false,"Async Capable": false,"Startup Cost": 182808.47,"Total Cost": 182808.49,"Plan Rows": 6,"Plan Width": 236,"Actual Startup Time": 1611.659,"Actual Total Time": 1611.663,"Actual Rows": 4,"Actual Loops": 5,"Sort Key": ["l_returnflag", "l_linestatus"],"Sort Method": "quicksort","Sort Space Used": 27,"Sort Space Type": "Memory","Workers": [{"Worker Number": 0,"Sort Method": "quicksort","Sort Space Used": 27,"Sort Space Type": "Memory"},{"Worker Number": 1,"Sort Method": "quicksort","Sort Space Used": 27,"Sort Space Type": "Memory"},{"Worker Number": 2,"Sort Method": "quicksort","Sort Space Used": 27,"Sort Space Type": "Memory"},{"Worker Number": 3,"Sort Method": "quicksort","Sort Space Used": 27,"Sort Space Type": "Memory"}],"Plans": [{"Node Type": "Aggregate","Strategy": "Hashed","Partial Mode": "Partial","Parent Relationship": "Outer","Parallel Aware": false,"Async Capable": false,"Startup Cost": 182808.26,"Total Cost": 182808.40,"Plan Rows": 6,"Plan Width": 236,"Actual Startup Time": 1611.564,"Actual Total Time": 1611.571,"Actual Rows": 4,"Actual Loops": 5,"Group Key": ["l_returnflag", "l_linestatus"],"Planned Partitions": 0,"HashAgg Batches": 1,"Peak Memory Usage": 32,"Disk Usage": 0,"Workers": [{"Worker Number": 0,"HashAgg Batches": 1,"Peak Memory Usage": 32,"Disk Usage": 0},{"Worker Number": 1,"HashAgg Batches": 1,"Peak Memory Usage": 32,"Disk Usage": 0},{"Worker Number": 2,"HashAgg Batches": 1,"Peak Memory Usage": 32,"Disk Usage": 0},{"Worker Number": 3,"HashAgg Batches": 1,"Peak Memory Usage": 32,"Disk Usage": 0}],"Plans": [{"Node Type": "Seq Scan","Parent Relationship": "Outer","Parallel Aware": true,"Async Capable": false,"Relation Name": "lineitem","Alias": "lineitem","Startup Cost": 0.00,"Total Cost": 131256.80,"Plan Rows": 1472899,"Plan Width": 25,"Actual Startup Time": 0.037,"Actual Total Time": 601.894,"Actual Rows": 1178523,"Actual Loops": 5,"Filter": "(l_shipdate <= '1998-08-21 00:00:00'::timestamp without time zone)","Rows Removed by Filter": 21720,"Workers": []}]}]}]}]},"Planning Time": 2.978,"Triggers": [],"Execution Time": 1653.673}]
[{"Plan": {"Node Type": "Aggregate","Strategy": "Sorted","Partial Mode": "Finalize","Parallel Aware": false,"Async Capable": false,"Startup Cost": 184082.58,"Total Cost": 184086.40,"Plan Rows": 6,"Plan Width": 236,"Actual Startup Time": 1638.478,"Actual Total Time": 1674.281,"Actual Rows": 4,"Actual Loops": 1,"Group Key": ["l_returnflag", "l_linestatus"],"Plans": [{"Node Type": "Gather Merge","Parent Relationship": "Outer","Parallel Aware": false,"Async Capable": false,"Startup Cost": 184082.58,"Total Cost": 184085.46,"Plan Rows": 24,"Plan Width": 236,"Actual Startup Time": 1638.346,"Actual Total Time": 1674.153,"Actual Rows": 20,"Actual Loops": 1,"Workers Planned": 4,"Workers Launched": 4,"Plans": [{"Node Type": "Sort","Parent Relationship": "Outer","Parallel Aware": false,"Async Capable": false,"Startup Cost": 183082.52,"Total Cost": 183082.54,"Plan Rows": 6,"Plan Width": 236,"Actual Startup Time": 1630.819,"Actual Total Time": 1630.824,"Actual Rows": 4,"Actual Loops": 5,"Sort Key": ["l_returnflag", "l_linestatus"],"Sort Method": "quicksort","Sort Space Used": 27,"Sort Space Type": "Memory","Workers": [{"Worker Number": 0,"Sort Method": "quicksort","Sort Space Used": 27,"Sort Space Type": "Memory"},{"Worker Number": 1,"Sort Method": "quicksort","Sort Space Used": 27,"Sort Space Type": "Memory"},{"Worker Number": 2,"Sort Method": "quicksort","Sort Space Used": 27,"Sort Space Type": "Memory"},{"Worker Number": 3,"Sort Method": "quicksort","Sort Space Used": 27,"Sort Space Type": "Memory"}],"Plans": [{"Node Type": "Aggregate","Strategy": "Hashed","Partial Mode": "Partial","Parent Relationship": "Outer","Parallel Aware": false,"Async Capable": false,"Startup Cost": 183082.31,"Total Cost": 183082.45,"Plan Rows": 6,"Plan Width": 236,"Actual Startup Time": 1630.721,"Actual Total Time": 1630.730,"Actual Rows": 4,"Actual Loops": 5,"Group Key": ["l_returnflag", "l_linestatus"],"Planned Partitions": 0,"HashAgg Batches": 1,"Peak Memory Usage": 32,"Disk Usage": 0,"Workers": [{"Worker Number": 0,"HashAgg Batches": 1,"Peak Memory Usage": 32,"Disk Usage": 0},{"Worker Number": 1,"HashAgg Batches": 1,"Peak Memory Usage": 32,"Disk Usage": 0},{"Worker Number": 2,"HashAgg Batches": 1,"Peak Memory Usage": 32,"Disk Usage": 0},{"Worker Number": 3,"HashAgg Batches": 1,"Peak Memory Usage": 32,"Disk Usage": 0}],"Plans": [{"Node Type": "Seq Scan","Parent Relationship": "Outer","Parallel Aware": true,"Async Capable": false,"Relation Name": "lineitem","Alias": "lineitem","Startup Cost": 0.00,"Total Cost": 131256.80,"Plan Rows": 1480729,"Plan Width": 25,"Actual Startup Time": 0.040,"Actual Total Time": 612.285,"Actual Rows": 1185489,"Actual Loops": 5,"Filter": "(l_shipdate <= '1998-09-08 00:00:00'::timestamp without time zone)","Rows Removed by Filter": 14754,"Workers": []}]}]}]}]},"Planning Time": 2.744,"Triggers": [],"Execution Time": 1674.643}]
[{"Plan": {"Node Type": "Aggregate","Strategy": "Sorted","Partial Mode": "Finalize","Parallel Aware": false,"Async Capable": false,"Startup Cost": 183960.78,"Total Cost": 183964.60,"Plan Rows": 6,"Plan Width": 236,"Actual Startup Time": 1647.401,"Actual Total Time": 1680.504,"Actual Rows": 4,"Actual Loops": 1,"Group Key": ["l_returnflag", "l_linestatus"],"Plans": [{"Node Type": "Gather Merge","Parent Relationship": "Outer","Parallel Aware": false,"Async Capable": false,"Startup Cost": 183960.78,"Total Cost": 183963.66,"Plan Rows": 24,"Plan Width": 236,"Actual Startup Time": 1647.346,"Actual Total Time": 1680.378,"Actual Rows": 20,"Actual Loops": 1,"Workers Planned": 4,"Workers Launched": 4,"Plans": [{"Node Type": "Sort","Parent Relationship": "Outer","Parallel Aware": false,"Async Capable": false,"Startup Cost": 182960.72,"Total Cost": 182960.74,"Plan Rows": 6,"Plan Width": 236,"Actual Startup Time": 1639.973,"Actual Total Time": 1639.976,"Actual Rows": 4,"Actual Loops": 5,"Sort Key": ["l_returnflag", "l_linestatus"],"Sort Method": "quicksort","Sort Space Used": 27,"Sort Space Type": "Memory","Workers": [{"Worker Number": 0,"Sort Method": "quicksort","Sort Space Used": 27,"Sort Space Type": "Memory"},{"Worker Number": 1,"Sort Method": "quicksort","Sort Space Used": 27,"Sort Space Type": "Memory"},{"Worker Number": 2,"Sort Method": "quicksort","Sort Space Used": 27,"Sort Space Type": "Memory"},{"Worker Number": 3,"Sort Method": "quicksort","Sort Space Used": 27,"Sort Space Type": "Memory"}],"Plans": [{"Node Type": "Aggregate","Strategy": "Hashed","Partial Mode": "Partial","Parent Relationship": "Outer","Parallel Aware": false,"Async Capable": false,"Startup Cost": 182960.51,"Total Cost": 182960.65,"Plan Rows": 6,"Plan Width": 236,"Actual Startup Time": 1639.892,"Actual Total Time": 1639.899,"Actual Rows": 4,"Actual Loops": 5,"Group Key": ["l_returnflag", "l_linestatus"],"Planned Partitions": 0,"HashAgg Batches": 1,"Peak Memory Usage": 32,"Disk Usage": 0,"Workers": [{"Worker Number": 0,"HashAgg Batches": 1,"Peak Memory Usage": 32,"Disk Usage": 0},{"Worker Number": 1,"HashAgg Batches": 1,"Peak Memory Usage": 32,"Disk Usage": 0},{"Worker Number": 2,"HashAgg Batches": 1,"Peak Memory Usage": 32,"Disk Usage": 0},{"Worker Number": 3,"HashAgg Batches": 1,"Peak Memory Usage": 32,"Disk Usage": 0}],"Plans": [{"Node Type": "Seq Scan","Parent Relationship": "Outer","Parallel Aware": true,"Async Capable": false,"Relation Name": "lineitem","Alias": "lineitem","Startup Cost": 0.00,"Total Cost": 131256.80,"Plan Rows": 1477249,"Plan Width": 25,"Actual Startup Time": 0.035,"Actual Total Time": 614.894,"Actual Rows": 1182556,"Actual Loops": 5,"Filter": "(l_shipdate <= '1998-08-31 00:00:00'::timestamp without time zone)","Rows Removed by Filter": 17687,"Workers": []}]}]}]}]},"Planning Time": 3.505,"Triggers": [],"Execution Time": 1680.895}]
[{"Plan": {"Node Type": "Aggregate","Strategy": "Sorted","Partial Mode": "Finalize","Parallel Aware": false,"Async Capable": false,"Startup Cost": 183930.33,"Total Cost": 183934.15,"Plan Rows": 6,"Plan Width": 236,"Actual Startup Time": 1627.037,"Actual Total Time": 1661.564,"Actual Rows": 4,"Actual Loops": 1,"Group Key": ["l_returnflag", "l_linestatus"],"Plans": [{"Node Type": "Gather Merge","Parent Relationship": "Outer","Parallel Aware": false,"Async Capable": false,"Startup Cost": 183930.33,"Total Cost": 183933.21,"Plan Rows": 24,"Plan Width": 236,"Actual Startup Time": 1626.958,"Actual Total Time": 1661.457,"Actual Rows": 20,"Actual Loops": 1,"Workers Planned": 4,"Workers Launched": 4,"Plans": [{"Node Type": "Sort","Parent Relationship": "Outer","Parallel Aware": false,"Async Capable": false,"Startup Cost": 182930.27,"Total Cost": 182930.29,"Plan Rows": 6,"Plan Width": 236,"Actual Startup Time": 1619.213,"Actual Total Time": 1619.219,"Actual Rows": 4,"Actual Loops": 5,"Sort Key": ["l_returnflag", "l_linestatus"],"Sort Method": "quicksort","Sort Space Used": 27,"Sort Space Type": "Memory","Workers": [{"Worker Number": 0,"Sort Method": "quicksort","Sort Space Used": 27,"Sort Space Type": "Memory"},{"Worker Number": 1,"Sort Method": "quicksort","Sort Space Used": 27,"Sort Space Type": "Memory"},{"Worker Number": 2,"Sort Method": "quicksort","Sort Space Used": 27,"Sort Space Type": "Memory"},{"Worker Number": 3,"Sort Method": "quicksort","Sort Space Used": 27,"Sort Space Type": "Memory"}],"Plans": [{"Node Type": "Aggregate","Strategy": "Hashed","Partial Mode": "Partial","Parent Relationship": "Outer","Parallel Aware": false,"Async Capable": false,"Startup Cost": 182930.06,"Total Cost": 182930.20,"Plan Rows": 6,"Plan Width": 236,"Actual Startup Time": 1619.109,"Actual Total Time": 1619.118,"Actual Rows": 4,"Actual Loops": 5,"Group Key": ["l_returnflag", "l_linestatus"],"Planned Partitions": 0,"HashAgg Batches": 1,"Peak Memory Usage": 32,"Disk Usage": 0,"Workers": [{"Worker Number": 0,"HashAgg Batches": 1,"Peak Memory Usage": 32,"Disk Usage": 0},{"Worker Number": 1,"HashAgg Batches": 1,"Peak Memory Usage": 32,"Disk Usage": 0},{"Worker Number": 2,"HashAgg Batches": 1,"Peak Memory Usage": 32,"Disk Usage": 0},{"Worker Number": 3,"HashAgg Batches": 1,"Peak Memory Usage": 32,"Disk Usage": 0}],"Plans": [{"Node Type": "Seq Scan","Parent Relationship": "Outer","Parallel Aware": true,"Async Capable": false,"Relation Name": "lineitem","Alias": "lineitem","Startup Cost": 0.00,"Total Cost": 131256.80,"Plan Rows": 1476379,"Plan Width": 25,"Actual Startup Time": 0.041,"Actual Total Time": 606.279,"Actual Rows": 1181785,"Actual Loops": 5,"Filter": "(l_shipdate <= '1998-08-29 00:00:00'::timestamp without time zone)","Rows Removed by Filter": 18458,"Workers": []}]}]}]}]},"Planning Time": 2.737,"Triggers": [],"Execution Time": 1661.952}]
[{"Plan": {"Node Type": "Aggregate","Strategy": "Sorted","Partial Mode": "Finalize","Parallel Aware": false,"Async Capable": false,"Startup Cost": 183762.86,"Total Cost": 183766.68,"Plan Rows": 6,"Plan Width": 236,"Actual Startup Time": 1624.125,"Actual Total Time": 1658.164,"Actual Rows": 4,"Actual Loops": 1,"Group Key": ["l_returnflag", "l_linestatus"],"Plans": [{"Node Type": "Gather Merge","Parent Relationship": "Outer","Parallel Aware": false,"Async Capable": false,"Startup Cost": 183762.86,"Total Cost": 183765.73,"Plan Rows": 24,"Plan Width": 236,"Actual Startup Time": 1624.055,"Actual Total Time": 1658.060,"Actual Rows": 20,"Actual Loops": 1,"Workers Planned": 4,"Workers Launched": 4,"Plans": [{"Node Type": "Sort","Parent Relationship": "Outer","Parallel Aware": false,"Async Capable": false,"Startup Cost": 182762.80,"Total Cost": 182762.81,"Plan Rows": 6,"Plan Width": 236,"Actual Startup Time": 1615.684,"Actual Total Time": 1615.689,"Actual Rows": 4,"Actual Loops": 5,"Sort Key": ["l_returnflag", "l_linestatus"],"Sort Method": "quicksort","Sort Space Used": 27,"Sort Space Type": "Memory","Workers": [{"Worker Number": 0,"Sort Method": "quicksort","Sort Space Used": 27,"Sort Space Type": "Memory"},{"Worker Number": 1,"Sort Method": "quicksort","Sort Space Used": 27,"Sort Space Type": "Memory"},{"Worker Number": 2,"Sort Method": "quicksort","Sort Space Used": 27,"Sort Space Type": "Memory"},{"Worker Number": 3,"Sort Method": "quicksort","Sort Space Used": 27,"Sort Space Type": "Memory"}],"Plans": [{"Node Type": "Aggregate","Strategy": "Hashed","Partial Mode": "Partial","Parent Relationship": "Outer","Parallel Aware": false,"Async Capable": false,"Startup Cost": 182762.59,"Total Cost": 182762.72,"Plan Rows": 6,"Plan Width": 236,"Actual Startup Time": 1615.553,"Actual Total Time": 1615.563,"Actual Rows": 4,"Actual Loops": 5,"Group Key": ["l_returnflag", "l_linestatus"],"Planned Partitions": 0,"HashAgg Batches": 1,"Peak Memory Usage": 32,"Disk Usage": 0,"Workers": [{"Worker Number": 0,"HashAgg Batches": 1,"Peak Memory Usage": 32,"Disk Usage": 0},{"Worker Number": 1,"HashAgg Batches": 1,"Peak Memory Usage": 32,"Disk Usage": 0},{"Worker Number": 2,"HashAgg Batches": 1,"Peak Memory Usage": 32,"Disk Usage": 0},{"Worker Number": 3,"HashAgg Batches": 1,"Peak Memory Usage": 32,"Disk Usage": 0}],"Plans": [{"Node Type": "Seq Scan","Parent Relationship": "Outer","Parallel Aware": true,"Async Capable": false,"Relation Name": "lineitem","Alias": "lineitem","Startup Cost": 0.00,"Total Cost": 131256.80,"Plan Rows": 1471594,"Plan Width": 25,"Actual Startup Time": 0.040,"Actual Total Time": 605.807,"Actual Rows": 1177251,"Actual Loops": 5,"Filter": "(l_shipdate <= '1998-08-18 00:00:00'::timestamp without time zone)","Rows Removed by Filter": 22992,"Workers": []}]}]}]}]},"Planning Time": 2.911,"Triggers": [],"Execution Time": 1658.466}]
[{"Plan": {"Node Type": "Aggregate","Strategy": "Sorted","Partial Mode": "Finalize","Parallel Aware": false,"Async Capable": false,"Startup Cost": 184271.34,"Total Cost": 184275.16,"Plan Rows": 6,"Plan Width": 236,"Actual Startup Time": 1627.489,"Actual Total Time": 1661.299,"Actual Rows": 4,"Actual Loops": 1,"Group Key": ["l_returnflag", "l_linestatus"],"Plans": [{"Node Type": "Gather Merge","Parent Relationship": "Outer","Parallel Aware": false,"Async Capable": false,"Startup Cost": 184271.34,"Total Cost": 184274.21,"Plan Rows": 24,"Plan Width": 236,"Actual Startup Time": 1627.365,"Actual Total Time": 1661.147,"Actual Rows": 20,"Actual Loops": 1,"Workers Planned": 4,"Workers Launched": 4,"Plans": [{"Node Type": "Sort","Parent Relationship": "Outer","Parallel Aware": false,"Async Capable": false,"Startup Cost": 183271.28,"Total Cost": 183271.29,"Plan Rows": 6,"Plan Width": 236,"Actual Startup Time": 1619.927,"Actual Total Time": 1619.931,"Actual Rows": 4,"Actual Loops": 5,"Sort Key": ["l_returnflag", "l_linestatus"],"Sort Method": "quicksort","Sort Space Used": 27,"Sort Space Type": "Memory","Workers": [{"Worker Number": 0,"Sort Method": "quicksort","Sort Space Used": 27,"Sort Space Type": "Memory"},{"Worker Number": 1,"Sort Method": "quicksort","Sort Space Used": 27,"Sort Space Type": "Memory"},{"Worker Number": 2,"Sort Method": "quicksort","Sort Space Used": 27,"Sort Space Type": "Memory"},{"Worker Number": 3,"Sort Method": "quicksort","Sort Space Used": 27,"Sort Space Type": "Memory"}],"Plans": [{"Node Type": "Aggregate","Strategy": "Hashed","Partial Mode": "Partial","Parent Relationship": "Outer","Parallel Aware": false,"Async Capable": false,"Startup Cost": 183271.07,"Total Cost": 183271.20,"Plan Rows": 6,"Plan Width": 236,"Actual Startup Time": 1619.825,"Actual Total Time": 1619.834,"Actual Rows": 4,"Actual Loops": 5,"Group Key": ["l_returnflag", "l_linestatus"],"Planned Partitions": 0,"HashAgg Batches": 1,"Peak Memory Usage": 32,"Disk Usage": 0,"Workers": [{"Worker Number": 0,"HashAgg Batches": 1,"Peak Memory Usage": 32,"Disk Usage": 0},{"Worker Number": 1,"HashAgg Batches": 1,"Peak Memory Usage": 32,"Disk Usage": 0},{"Worker Number": 2,"HashAgg Batches": 1,"Peak Memory Usage": 32,"Disk Usage": 0},{"Worker Number": 3,"HashAgg Batches": 1,"Peak Memory Usage": 32,"Disk Usage": 0}],"Plans": [{"Node Type": "Seq Scan","Parent Relationship": "Outer","Parallel Aware": true,"Async Capable": false,"Relation Name": "lineitem","Alias": "lineitem","Startup Cost": 0.00,"Total Cost": 131256.80,"Plan Rows": 1486122,"Plan Width": 25,"Actual Startup Time": 0.036,"Actual Total Time": 598.919,"Actual Rows": 1189982,"Actual Loops": 5,"Filter": "(l_shipdate <= '1998-09-22 00:00:00'::timestamp without time zone)","Rows Removed by Filter": 10261,"Workers": []}]}]}]}]},"Planning Time": 2.236,"Triggers": [],"Execution Time": 1661.794}]
[{"Plan": {"Node Type": "Aggregate","Strategy": "Sorted","Partial Mode": "Finalize","Parallel Aware": false,"Async Capable": false,"Startup Cost": 183493.50,"Total Cost": 183497.32,"Plan Rows": 6,"Plan Width": 236,"Actual Startup Time": 1609.024,"Actual Total Time": 1641.882,"Actual Rows": 4,"Actual Loops": 1,"Group Key": ["l_returnflag", "l_linestatus"],"Plans": [{"Node Type": "Gather Merge","Parent Relationship": "Outer","Parallel Aware": false,"Async Capable": false,"Startup Cost": 183493.50,"Total Cost": 183496.37,"Plan Rows": 24,"Plan Width": 236,"Actual Startup Time": 1608.904,"Actual Total Time": 1641.764,"Actual Rows": 20,"Actual Loops": 1,"Workers Planned": 4,"Workers Launched": 4,"Plans": [{"Node Type": "Sort","Parent Relationship": "Outer","Parallel Aware": false,"Async Capable": false,"Startup Cost": 182493.44,"Total Cost": 182493.45,"Plan Rows": 6,"Plan Width": 236,"Actual Startup Time": 1601.101,"Actual Total Time": 1601.104,"Actual Rows": 4,"Actual Loops": 5,"Sort Key": ["l_returnflag", "l_linestatus"],"Sort Method": "quicksort","Sort Space Used": 27,"Sort Space Type": "Memory","Workers": [{"Worker Number": 0,"Sort Method": "quicksort","Sort Space Used": 27,"Sort Space Type": "Memory"},{"Worker Number": 1,"Sort Method": "quicksort","Sort Space Used": 27,"Sort Space Type": "Memory"},{"Worker Number": 2,"Sort Method": "quicksort","Sort Space Used": 27,"Sort Space Type": "Memory"},{"Worker Number": 3,"Sort Method": "quicksort","Sort Space Used": 27,"Sort Space Type": "Memory"}],"Plans": [{"Node Type": "Aggregate","Strategy": "Hashed","Partial Mode": "Partial","Parent Relationship": "Outer","Parallel Aware": false,"Async Capable": false,"Startup Cost": 182493.23,"Total Cost": 182493.36,"Plan Rows": 6,"Plan Width": 236,"Actual Startup Time": 1601.000,"Actual Total Time": 1601.008,"Actual Rows": 4,"Actual Loops": 5,"Group Key": ["l_returnflag", "l_linestatus"],"Planned Partitions": 0,"HashAgg Batches": 1,"Peak Memory Usage": 32,"Disk Usage": 0,"Workers": [{"Worker Number": 0,"HashAgg Batches": 1,"Peak Memory Usage": 32,"Disk Usage": 0},{"Worker Number": 1,"HashAgg Batches": 1,"Peak Memory Usage": 32,"Disk Usage": 0},{"Worker Number": 2,"HashAgg Batches": 1,"Peak Memory Usage": 32,"Disk Usage": 0},{"Worker Number": 3,"HashAgg Batches": 1,"Peak Memory Usage": 32,"Disk Usage": 0}],"Plans": [{"Node Type": "Seq Scan","Parent Relationship": "Outer","Parallel Aware": true,"Async Capable": false,"Relation Name": "lineitem","Alias": "lineitem","Startup Cost": 0.00,"Total Cost": 131256.80,"Plan Rows": 1463898,"Plan Width": 25,"Actual Startup Time": 0.042,"Actual Total Time": 598.084,"Actual Rows": 1170668,"Actual Loops": 5,"Filter": "(l_shipdate <= '1998-08-04 00:00:00'::timestamp without time zone)","Rows Removed by Filter": 29575,"Workers": []}]}]}]}]},"Planning Time": 3.512,"Triggers": [],"Execution Time": 1642.332}]
[{"Plan": {"Node Type": "Aggregate","Strategy": "Sorted","Partial Mode": "Finalize","Parallel Aware": false,"Async Capable": false,"Startup Cost": 183573.12,"Total Cost": 183576.94,"Plan Rows": 6,"Plan Width": 236,"Actual Startup Time": 1630.320,"Actual Total Time": 1663.472,"Actual Rows": 4,"Actual Loops": 1,"Group Key": ["l_returnflag", "l_linestatus"],"Plans": [{"Node Type": "Gather Merge","Parent Relationship": "Outer","Parallel Aware": false,"Async Capable": false,"Startup Cost": 183573.12,"Total Cost": 183576.00,"Plan Rows": 24,"Plan Width": 236,"Actual Startup Time": 1630.214,"Actual Total Time": 1663.326,"Actual Rows": 20,"Actual Loops": 1,"Workers Planned": 4,"Workers Launched": 4,"Plans": [{"Node Type": "Sort","Parent Relationship": "Outer","Parallel Aware": false,"Async Capable": false,"Startup Cost": 182573.06,"Total Cost": 182573.08,"Plan Rows": 6,"Plan Width": 236,"Actual Startup Time": 1621.960,"Actual Total Time": 1621.963,"Actual Rows": 4,"Actual Loops": 5,"Sort Key": ["l_returnflag", "l_linestatus"],"Sort Method": "quicksort","Sort Space Used": 27,"Sort Space Type": "Memory","Workers": [{"Worker Number": 0,"Sort Method": "quicksort","Sort Space Used": 27,"Sort Space Type": "Memory"},{"Worker Number": 1,"Sort Method": "quicksort","Sort Space Used": 27,"Sort Space Type": "Memory"},{"Worker Number": 2,"Sort Method": "quicksort","Sort Space Used": 27,"Sort Space Type": "Memory"},{"Worker Number": 3,"Sort Method": "quicksort","Sort Space Used": 27,"Sort Space Type": "Memory"}],"Plans": [{"Node Type": "Aggregate","Strategy": "Hashed","Partial Mode": "Partial","Parent Relationship": "Outer","Parallel Aware": false,"Async Capable": false,"Startup Cost": 182572.85,"Total Cost": 182572.99,"Plan Rows": 6,"Plan Width": 236,"Actual Startup Time": 1621.870,"Actual Total Time": 1621.879,"Actual Rows": 4,"Actual Loops": 5,"Group Key": ["l_returnflag", "l_linestatus"],"Planned Partitions": 0,"HashAgg Batches": 1,"Peak Memory Usage": 32,"Disk Usage": 0,"Workers": [{"Worker Number": 0,"HashAgg Batches": 1,"Peak Memory Usage": 32,"Disk Usage": 0},{"Worker Number": 1,"HashAgg Batches": 1,"Peak Memory Usage": 32,"Disk Usage": 0},{"Worker Number": 2,"HashAgg Batches": 1,"Peak Memory Usage": 32,"Disk Usage": 0},{"Worker Number": 3,"HashAgg Batches": 1,"Peak Memory Usage": 32,"Disk Usage": 0}],"Plans": [{"Node Type": "Seq Scan","Parent Relationship": "Outer","Parallel Aware": true,"Async Capable": false,"Relation Name": "lineitem","Alias": "lineitem","Startup Cost": 0.00,"Total Cost": 131256.80,"Plan Rows": 1466173,"Plan Width": 25,"Actual Startup Time": 0.040,"Actual Total Time": 613.933,"Actual Rows": 1172635,"Actual Loops": 5,"Filter": "(l_shipdate <= '1998-08-08 00:00:00'::timestamp without time zone)","Rows Removed by Filter": 27608,"Workers": []}]}]}]}]},"Planning Time": 2.802,"Triggers": [],"Execution Time": 1663.865}]
[{"Plan": {"Node Type": "Aggregate","Strategy": "Sorted","Partial Mode": "Finalize","Parallel Aware": false,"Async Capable": false,"Startup Cost": 184285.51,"Total Cost": 184289.33,"Plan Rows": 6,"Plan Width": 236,"Actual Startup Time": 1650.578,"Actual Total Time": 1683.926,"Actual Rows": 4,"Actual Loops": 1,"Group Key": ["l_returnflag", "l_linestatus"],"Plans": [{"Node Type": "Gather Merge","Parent Relationship": "Outer","Parallel Aware": false,"Async Capable": false,"Startup Cost": 184285.51,"Total Cost": 184288.39,"Plan Rows": 24,"Plan Width": 236,"Actual Startup Time": 1650.484,"Actual Total Time": 1683.804,"Actual Rows": 20,"Actual Loops": 1,"Workers Planned": 4,"Workers Launched": 4,"Plans": [{"Node Type": "Sort","Parent Relationship": "Outer","Parallel Aware": false,"Async Capable": false,"Startup Cost": 183285.45,"Total Cost": 183285.47,"Plan Rows": 6,"Plan Width": 236,"Actual Startup Time": 1642.333,"Actual Total Time": 1642.336,"Actual Rows": 4,"Actual Loops": 5,"Sort Key": ["l_returnflag", "l_linestatus"],"Sort Method": "quicksort","Sort Space Used": 27,"Sort Space Type": "Memory","Workers": [{"Worker Number": 0,"Sort Method": "quicksort","Sort Space Used": 27,"Sort Space Type": "Memory"},{"Worker Number": 1,"Sort Method": "quicksort","Sort Space Used": 27,"Sort Space Type": "Memory"},{"Worker Number": 2,"Sort Method": "quicksort","Sort Space Used": 27,"Sort Space Type": "Memory"},{"Worker Number": 3,"Sort Method": "quicksort","Sort Space Used": 27,"Sort Space Type": "Memory"}],"Plans": [{"Node Type": "Aggregate","Strategy": "Hashed","Partial Mode": "Partial","Parent Relationship": "Outer","Parallel Aware": false,"Async Capable": false,"Startup Cost": 183285.24,"Total Cost": 183285.38,"Plan Rows": 6,"Plan Width": 236,"Actual Startup Time": 1642.233,"Actual Total Time": 1642.241,"Actual Rows": 4,"Actual Loops": 5,"Group Key": ["l_returnflag", "l_linestatus"],"Planned Partitions": 0,"HashAgg Batches": 1,"Peak Memory Usage": 32,"Disk Usage": 0,"Workers": [{"Worker Number": 0,"HashAgg Batches": 1,"Peak Memory Usage": 32,"Disk Usage": 0},{"Worker Number": 1,"HashAgg Batches": 1,"Peak Memory Usage": 32,"Disk Usage": 0},{"Worker Number": 2,"HashAgg Batches": 1,"Peak Memory Usage": 32,"Disk Usage": 0},{"Worker Number": 3,"HashAgg Batches": 1,"Peak Memory Usage": 32,"Disk Usage": 0}],"Plans": [{"Node Type": "Seq Scan","Parent Relationship": "Outer","Parallel Aware": true,"Async Capable": false,"Relation Name": "lineitem","Alias": "lineitem","Startup Cost": 0.00,"Total Cost": 131256.80,"Plan Rows": 1486527,"Plan Width": 25,"Actual Startup Time": 0.042,"Actual Total Time": 620.025,"Actual Rows": 1190555,"Actual Loops": 5,"Filter": "(l_shipdate <= '1998-09-24 00:00:00'::timestamp without time zone)","Rows Removed by Filter": 9688,"Workers": []}]}]}]}]},"Planning Time": 3.559,"Triggers": [],"Execution Time": 1684.379}]
[{"Plan": {"Node Type": "Aggregate","Strategy": "Sorted","Partial Mode": "Finalize","Parallel Aware": false,"Async Capable": false,"Startup Cost": 183930.33,"Total Cost": 183934.15,"Plan Rows": 6,"Plan Width": 236,"Actual Startup Time": 1627.037,"Actual Total Time": 1661.564,"Actual Rows": 4,"Actual Loops": 1,"Group Key": ["l_returnflag", "l_linestatus"],"Plans": [{"Node Type": "Gather Merge","Parent Relationship": "Outer","Parallel Aware": false,"Async Capable": false,"Startup Cost": 183930.33,"Total Cost": 183933.21,"Plan Rows": 24,"Plan Width": 236,"Actual Startup Time": 1626.958,"Actual Total Time": 1661.457,"Actual Rows": 20,"Actual Loops": 1,"Workers Planned": 4,"Workers Launched": 4,"Plans": [{"Node Type": "Sort","Parent Relationship": "Outer","Parallel Aware": false,"Async Capable": false,"Startup Cost": 182930.27,"Total Cost": 182930.29,"Plan Rows": 6,"Plan Width": 236,"Actual Startup Time": 1619.213,"Actual Total Time": 1619.219,"Actual Rows": 4,"Actual Loops": 5,"Sort Key": ["l_returnflag", "l_linestatus"],"Sort Method": "quicksort","Sort Space Used": 27,"Sort Space Type": "Memory","Workers": [{"Worker Number": 0,"Sort Method": "quicksort","Sort Space Used": 27,"Sort Space Type": "Memory"},{"Worker Number": 1,"Sort Method": "quicksort","Sort Space Used": 27,"Sort Space Type": "Memory"},{"Worker Number": 2,"Sort Method": "quicksort","Sort Space Used": 27,"Sort Space Type": "Memory"},{"Worker Number": 3,"Sort Method": "quicksort","Sort Space Used": 27,"Sort Space Type": "Memory"}],"Plans": [{"Node Type": "Aggregate","Strategy": "Hashed","Partial Mode": "Partial","Parent Relationship": "Outer","Parallel Aware": false,"Async Capable": false,"Startup Cost": 182930.06,"Total Cost": 182930.20,"Plan Rows": 6,"Plan Width": 236,"Actual Startup Time": 1619.109,"Actual Total Time": 1619.118,"Actual Rows": 4,"Actual Loops": 5,"Group Key": ["l_returnflag", "l_linestatus"],"Planned Partitions": 0,"HashAgg Batches": 1,"Peak Memory Usage": 32,"Disk Usage": 0,"Workers": [{"Worker Number": 0,"HashAgg Batches": 1,"Peak Memory Usage": 32,"Disk Usage": 0},{"Worker Number": 1,"HashAgg Batches": 1,"Peak Memory Usage": 32,"Disk Usage": 0},{"Worker Number": 2,"HashAgg Batches": 1,"Peak Memory Usage": 32,"Disk Usage": 0},{"Worker Number": 3,"HashAgg Batches": 1,"Peak Memory Usage": 32,"Disk Usage": 0}],"Plans": [{"Node Type": "Seq Scan","Parent Relationship": "Outer","Parallel Aware": true,"Async Capable": false,"Relation Name": "lineitem","Alias": "lineitem","Startup Cost": 0.00,"Total Cost": 131256.80,"Plan Rows": 1476379,"Plan Width": 25,"Actual Startup Time": 0.041,"Actual Total Time": 606.279,"Actual Rows": 1181785,"Actual Loops": 5,"Filter": "(l_shipdate <= '1998-08-29 00:00:00'::timestamp without time zone)","Rows Removed by Filter": 18458,"Workers": []}]}]}]}]},"Planning Time": 2.737,"Triggers": [],"Execution Time": 1661.952}]
[{"Plan": {"Node Type": "Aggregate","Strategy": "Sorted","Partial Mode": "Finalize","Parallel Aware": false,"Async Capable": false,"Startup Cost": 184292.58,"Total Cost": 184296.40,"Plan Rows": 6,"Plan Width": 236,"Actual Startup Time": 1633.594,"Actual Total Time": 1667.041,"Actual Rows": 4,"Actual Loops": 1,"Group Key": ["l_returnflag", "l_linestatus"],"Plans": [{"Node Type": "Gather Merge","Parent Relationship": "Outer","Parallel Aware": false,"Async Capable": false,"Startup Cost": 184292.58,"Total Cost": 184295.46,"Plan Rows": 24,"Plan Width": 236,"Actual Startup Time": 1633.506,"Actual Total Time": 1666.927,"Actual Rows": 20,"Actual Loops": 1,"Workers Planned": 4,"Workers Launched": 4,"Plans": [{"Node Type": "Sort","Parent Relationship": "Outer","Parallel Aware": false,"Async Capable": false,"Startup Cost": 183292.52,"Total Cost": 183292.54,"Plan Rows": 6,"Plan Width": 236,"Actual Startup Time": 1625.739,"Actual Total Time": 1625.743,"Actual Rows": 4,"Actual Loops": 5,"Sort Key": ["l_returnflag", "l_linestatus"],"Sort Method": "quicksort","Sort Space Used": 27,"Sort Space Type": "Memory","Workers": [{"Worker Number": 0,"Sort Method": "quicksort","Sort Space Used": 27,"Sort Space Type": "Memory"},{"Worker Number": 1,"Sort Method": "quicksort","Sort Space Used": 27,"Sort Space Type": "Memory"},{"Worker Number": 2,"Sort Method": "quicksort","Sort Space Used": 27,"Sort Space Type": "Memory"},{"Worker Number": 3,"Sort Method": "quicksort","Sort Space Used": 27,"Sort Space Type": "Memory"}],"Plans": [{"Node Type": "Aggregate","Strategy": "Hashed","Partial Mode": "Partial","Parent Relationship": "Outer","Parallel Aware": false,"Async Capable": false,"Startup Cost": 183292.31,"Total Cost": 183292.45,"Plan Rows": 6,"Plan Width": 236,"Actual Startup Time": 1625.630,"Actual Total Time": 1625.638,"Actual Rows": 4,"Actual Loops": 5,"Group Key": ["l_returnflag", "l_linestatus"],"Planned Partitions": 0,"HashAgg Batches": 1,"Peak Memory Usage": 32,"Disk Usage": 0,"Workers": [{"Worker Number": 0,"HashAgg Batches": 1,"Peak Memory Usage": 32,"Disk Usage": 0},{"Worker Number": 1,"HashAgg Batches": 1,"Peak Memory Usage": 32,"Disk Usage": 0},{"Worker Number": 2,"HashAgg Batches": 1,"Peak Memory Usage": 32,"Disk Usage": 0},{"Worker Number": 3,"HashAgg Batches": 1,"Peak Memory Usage": 32,"Disk Usage": 0}],"Plans": [{"Node Type": "Seq Scan","Parent Relationship": "Outer","Parallel Aware": true,"Async Capable": false,"Relation Name": "lineitem","Alias": "lineitem","Startup Cost": 0.00,"Total Cost": 131256.80,"Plan Rows": 1486729,"Plan Width": 25,"Actual Startup Time": 0.041,"Actual Total Time": 605.239,"Actual Rows": 1190833,"Actual Loops": 5,"Filter": "(l_shipdate <= '1998-09-25 00:00:00'::timestamp without time zone)","Rows Removed by Filter": 9410,"Workers": []}]}]}]}]},"Planning Time": 2.948,"Triggers": [],"Execution Time": 1667.404}]
[{"Plan": {"Node Type": "Aggregate","Strategy": "Sorted","Partial Mode": "Finalize","Parallel Aware": false,"Async Capable": false,"Startup Cost": 184257.13,"Total Cost": 184260.95,"Plan Rows": 6,"Plan Width": 236,"Actual Startup Time": 1442.877,"Actual Total Time": 1461.341,"Actual Rows": 4,"Actual Loops": 1,"Group Key": ["l_returnflag", "l_linestatus"],"Plans": [{"Node Type": "Gather Merge","Parent Relationship": "Outer","Parallel Aware": false,"Async Capable": false,"Startup Cost": 184257.13,"Total Cost": 184260.00,"Plan Rows": 24,"Plan Width": 236,"Actual Startup Time": 1442.807,"Actual Total Time": 1461.246,"Actual Rows": 20,"Actual Loops": 1,"Workers Planned": 4,"Workers Launched": 4,"Plans": [{"Node Type": "Sort","Parent Relationship": "Outer","Parallel Aware": false,"Async Capable": false,"Startup Cost": 183257.07,"Total Cost": 183257.08,"Plan Rows": 6,"Plan Width": 236,"Actual Startup Time": 1433.925,"Actual Total Time": 1433.931,"Actual Rows": 4,"Actual Loops": 5,"Sort Key": ["l_returnflag", "l_linestatus"],"Sort Method": "quicksort","Sort Space Used": 27,"Sort Space Type": "Memory","Workers": [{"Worker Number": 0,"Sort Method": "quicksort","Sort Space Used": 27,"Sort Space Type": "Memory"},{"Worker Number": 1,"Sort Method": "quicksort","Sort Space Used": 27,"Sort Space Type": "Memory"},{"Worker Number": 2,"Sort Method": "quicksort","Sort Space Used": 27,"Sort Space Type": "Memory"},{"Worker Number": 3,"Sort Method": "quicksort","Sort Space Used": 27,"Sort Space Type": "Memory"}],"Plans": [{"Node Type": "Aggregate","Strategy": "Hashed","Partial Mode": "Partial","Parent Relationship": "Outer","Parallel Aware": false,"Async Capable": false,"Startup Cost": 183256.86,"Total Cost": 183256.99,"Plan Rows": 6,"Plan Width": 236,"Actual Startup Time": 1433.810,"Actual Total Time": 1433.821,"Actual Rows": 4,"Actual Loops": 5,"Group Key": ["l_returnflag", "l_linestatus"],"Planned Partitions": 0,"HashAgg Batches": 1,"Peak Memory Usage": 32,"Disk Usage": 0,"Workers": [{"Worker Number": 0,"HashAgg Batches": 1,"Peak Memory Usage": 32,"Disk Usage": 0},{"Worker Number": 1,"HashAgg Batches": 1,"Peak Memory Usage": 32,"Disk Usage": 0},{"Worker Number": 2,"HashAgg Batches": 1,"Peak Memory Usage": 32,"Disk Usage": 0},{"Worker Number": 3,"HashAgg Batches": 1,"Peak Memory Usage": 32,"Disk Usage": 0}],"Plans": [{"Node Type": "Seq Scan","Parent Relationship": "Outer","Parallel Aware": true,"Async Capable": false,"Relation Name": "lineitem","Alias": "lineitem","Startup Cost": 0.00,"Total Cost": 131256.80,"Plan Rows": 1485716,"Plan Width": 25,"Actual Startup Time": 0.083,"Actual Total Time": 411.300,"Actual Rows": 1189383,"Actual Loops": 5,"Filter": "(l_shipdate <= '1998-09-20 00:00:00'::timestamp without time zone)","Rows Removed by Filter": 10860,"Workers": []}]}]}]}]},"Planning Time": 2.939,"Triggers": [],"Execution Time": 1461.675}]
[{"Plan": {"Node Type": "Aggregate","Strategy": "Sorted","Partial Mode": "Finalize","Parallel Aware": false,"Async Capable": false,"Startup Cost": 184143.48,"Total Cost": 184147.30,"Plan Rows": 6,"Plan Width": 236,"Actual Startup Time": 1626.444,"Actual Total Time": 1660.907,"Actual Rows": 4,"Actual Loops": 1,"Group Key": ["l_returnflag", "l_linestatus"],"Plans": [{"Node Type": "Gather Merge","Parent Relationship": "Outer","Parallel Aware": false,"Async Capable": false,"Startup Cost": 184143.48,"Total Cost": 184146.36,"Plan Rows": 24,"Plan Width": 236,"Actual Startup Time": 1626.358,"Actual Total Time": 1660.800,"Actual Rows": 20,"Actual Loops": 1,"Workers Planned": 4,"Workers Launched": 4,"Plans": [{"Node Type": "Sort","Parent Relationship": "Outer","Parallel Aware": false,"Async Capable": false,"Startup Cost": 183143.42,"Total Cost": 183143.44,"Plan Rows": 6,"Plan Width": 236,"Actual Startup Time": 1618.434,"Actual Total Time": 1618.440,"Actual Rows": 4,"Actual Loops": 5,"Sort Key": ["l_returnflag", "l_linestatus"],"Sort Method": "quicksort","Sort Space Used": 27,"Sort Space Type": "Memory","Workers": [{"Worker Number": 0,"Sort Method": "quicksort","Sort Space Used": 27,"Sort Space Type": "Memory"},{"Worker Number": 1,"Sort Method": "quicksort","Sort Space Used": 27,"Sort Space Type": "Memory"},{"Worker Number": 2,"Sort Method": "quicksort","Sort Space Used": 27,"Sort Space Type": "Memory"},{"Worker Number": 3,"Sort Method": "quicksort","Sort Space Used": 27,"Sort Space Type": "Memory"}],"Plans": [{"Node Type": "Aggregate","Strategy": "Hashed","Partial Mode": "Partial","Parent Relationship": "Outer","Parallel Aware": false,"Async Capable": false,"Startup Cost": 183143.21,"Total Cost": 183143.35,"Plan Rows": 6,"Plan Width": 236,"Actual Startup Time": 1618.337,"Actual Total Time": 1618.346,"Actual Rows": 4,"Actual Loops": 5,"Group Key": ["l_returnflag", "l_linestatus"],"Planned Partitions": 0,"HashAgg Batches": 1,"Peak Memory Usage": 32,"Disk Usage": 0,"Workers": [{"Worker Number": 0,"HashAgg Batches": 1,"Peak Memory Usage": 32,"Disk Usage": 0},{"Worker Number": 1,"HashAgg Batches": 1,"Peak Memory Usage": 32,"Disk Usage": 0},{"Worker Number": 2,"HashAgg Batches": 1,"Peak Memory Usage": 32,"Disk Usage": 0},{"Worker Number": 3,"HashAgg Batches": 1,"Peak Memory Usage": 32,"Disk Usage": 0}],"Plans": [{"Node Type": "Seq Scan","Parent Relationship": "Outer","Parallel Aware": true,"Async Capable": false,"Relation Name": "lineitem","Alias": "lineitem","Startup Cost": 0.00,"Total Cost": 131256.80,"Plan Rows": 1482469,"Plan Width": 25,"Actual Startup Time": 0.037,"Actual Total Time": 601.337,"Actual Rows": 1186872,"Actual Loops": 5,"Filter": "(l_shipdate <= '1998-09-12 00:00:00'::timestamp without time zone)","Rows Removed by Filter": 13371,"Workers": []}]}]}]}]},"Planning Time": 3.114,"Triggers": [],"Execution Time": 1661.349}]
[{"Plan": {"Node Type": "Aggregate","Strategy": "Sorted","Partial Mode": "Finalize","Parallel Aware": false,"Async Capable": false,"Startup Cost": 184052.13,"Total Cost": 184055.95,"Plan Rows": 6,"Plan Width": 236,"Actual Startup Time": 1616.943,"Actual Total Time": 1650.452,"Actual Rows": 4,"Actual Loops": 1,"Group Key": ["l_returnflag", "l_linestatus"],"Plans": [{"Node Type": "Gather Merge","Parent Relationship": "Outer","Parallel Aware": false,"Async Capable": false,"Startup Cost": 184052.13,"Total Cost": 184055.01,"Plan Rows": 24,"Plan Width": 236,"Actual Startup Time": 1616.881,"Actual Total Time": 1650.358,"Actual Rows": 20,"Actual Loops": 1,"Workers Planned": 4,"Workers Launched": 4,"Plans": [{"Node Type": "Sort","Parent Relationship": "Outer","Parallel Aware": false,"Async Capable": false,"Startup Cost": 183052.07,"Total Cost": 183052.09,"Plan Rows": 6,"Plan Width": 236,"Actual Startup Time": 1610.099,"Actual Total Time": 1610.103,"Actual Rows": 4,"Actual Loops": 5,"Sort Key": ["l_returnflag", "l_linestatus"],"Sort Method": "quicksort","Sort Space Used": 27,"Sort Space Type": "Memory","Workers": [{"Worker Number": 0,"Sort Method": "quicksort","Sort Space Used": 27,"Sort Space Type": "Memory"},{"Worker Number": 1,"Sort Method": "quicksort","Sort Space Used": 27,"Sort Space Type": "Memory"},{"Worker Number": 2,"Sort Method": "quicksort","Sort Space Used": 27,"Sort Space Type": "Memory"},{"Worker Number": 3,"Sort Method": "quicksort","Sort Space Used": 27,"Sort Space Type": "Memory"}],"Plans": [{"Node Type": "Aggregate","Strategy": "Hashed","Partial Mode": "Partial","Parent Relationship": "Outer","Parallel Aware": false,"Async Capable": false,"Startup Cost": 183051.86,"Total Cost": 183052.00,"Plan Rows": 6,"Plan Width": 236,"Actual Startup Time": 1609.932,"Actual Total Time": 1609.941,"Actual Rows": 4,"Actual Loops": 5,"Group Key": ["l_returnflag", "l_linestatus"],"Planned Partitions": 0,"HashAgg Batches": 1,"Peak Memory Usage": 32,"Disk Usage": 0,"Workers": [{"Worker Number": 0,"HashAgg Batches": 1,"Peak Memory Usage": 32,"Disk Usage": 0},{"Worker Number": 1,"HashAgg Batches": 1,"Peak Memory Usage": 32,"Disk Usage": 0},{"Worker Number": 2,"HashAgg Batches": 1,"Peak Memory Usage": 32,"Disk Usage": 0},{"Worker Number": 3,"HashAgg Batches": 1,"Peak Memory Usage": 32,"Disk Usage": 0}],"Plans": [{"Node Type": "Seq Scan","Parent Relationship": "Outer","Parallel Aware": true,"Async Capable": false,"Relation Name": "lineitem","Alias": "lineitem","Startup Cost": 0.00,"Total Cost": 131256.80,"Plan Rows": 1479859,"Plan Width": 25,"Actual Startup Time": 0.033,"Actual Total Time": 594.774,"Actual Rows": 1184794,"Actual Loops": 5,"Filter": "(l_shipdate <= '1998-09-06 00:00:00'::timestamp without time zone)","Rows Removed by Filter": 15449,"Workers": []}]}]}]}]},"Planning Time": 3.475,"Triggers": [],"Execution Time": 1650.848}]
[{"Plan": {"Node Type": "Aggregate","Strategy": "Sorted","Partial Mode": "Finalize","Parallel Aware": false,"Async Capable": false,"Startup Cost": 184082.58,"Total Cost": 184086.40,"Plan Rows": 6,"Plan Width": 236,"Actual Startup Time": 1638.478,"Actual Total Time": 1674.281,"Actual Rows": 4,"Actual Loops": 1,"Group Key": ["l_returnflag", "l_linestatus"],"Plans": [{"Node Type": "Gather Merge","Parent Relationship": "Outer","Parallel Aware": false,"Async Capable": false,"Startup Cost": 184082.58,"Total Cost": 184085.46,"Plan Rows": 24,"Plan Width": 236,"Actual Startup Time": 1638.346,"Actual Total Time": 1674.153,"Actual Rows": 20,"Actual Loops": 1,"Workers Planned": 4,"Workers Launched": 4,"Plans": [{"Node Type": "Sort","Parent Relationship": "Outer","Parallel Aware": false,"Async Capable": false,"Startup Cost": 183082.52,"Total Cost": 183082.54,"Plan Rows": 6,"Plan Width": 236,"Actual Startup Time": 1630.819,"Actual Total Time": 1630.824,"Actual Rows": 4,"Actual Loops": 5,"Sort Key": ["l_returnflag", "l_linestatus"],"Sort Method": "quicksort","Sort Space Used": 27,"Sort Space Type": "Memory","Workers": [{"Worker Number": 0,"Sort Method": "quicksort","Sort Space Used": 27,"Sort Space Type": "Memory"},{"Worker Number": 1,"Sort Method": "quicksort","Sort Space Used": 27,"Sort Space Type": "Memory"},{"Worker Number": 2,"Sort Method": "quicksort","Sort Space Used": 27,"Sort Space Type": "Memory"},{"Worker Number": 3,"Sort Method": "quicksort","Sort Space Used": 27,"Sort Space Type": "Memory"}],"Plans": [{"Node Type": "Aggregate","Strategy": "Hashed","Partial Mode": "Partial","Parent Relationship": "Outer","Parallel Aware": false,"Async Capable": false,"Startup Cost": 183082.31,"Total Cost": 183082.45,"Plan Rows": 6,"Plan Width": 236,"Actual Startup Time": 1630.721,"Actual Total Time": 1630.730,"Actual Rows": 4,"Actual Loops": 5,"Group Key": ["l_returnflag", "l_linestatus"],"Planned Partitions": 0,"HashAgg Batches": 1,"Peak Memory Usage": 32,"Disk Usage": 0,"Workers": [{"Worker Number": 0,"HashAgg Batches": 1,"Peak Memory Usage": 32,"Disk Usage": 0},{"Worker Number": 1,"HashAgg Batches": 1,"Peak Memory Usage": 32,"Disk Usage": 0},{"Worker Number": 2,"HashAgg Batches": 1,"Peak Memory Usage": 32,"Disk Usage": 0},{"Worker Number": 3,"HashAgg Batches": 1,"Peak Memory Usage": 32,"Disk Usage": 0}],"Plans": [{"Node Type": "Seq Scan","Parent Relationship": "Outer","Parallel Aware": true,"Async Capable": false,"Relation Name": "lineitem","Alias": "lineitem","Startup Cost": 0.00,"Total Cost": 131256.80,"Plan Rows": 1480729,"Plan Width": 25,"Actual Startup Time": 0.040,"Actual Total Time": 612.285,"Actual Rows": 1185489,"Actual Loops": 5,"Filter": "(l_shipdate <= '1998-09-08 00:00:00'::timestamp without time zone)","Rows Removed by Filter": 14754,"Workers": []}]}]}]}]},"Planning Time": 2.744,"Triggers": [],"Execution Time": 1674.643}]
[{"Plan": {"Node Type": "Aggregate","Strategy": "Sorted","Partial Mode": "Finalize","Parallel Aware": false,"Async Capable": false,"Startup Cost": 184052.13,"Total Cost": 184055.95,"Plan Rows": 6,"Plan Width": 236,"Actual Startup Time": 1616.943,"Actual Total Time": 1650.452,"Actual Rows": 4,"Actual Loops": 1,"Group Key": ["l_returnflag", "l_linestatus"],"Plans": [{"Node Type": "Gather Merge","Parent Relationship": "Outer","Parallel Aware": false,"Async Capable": false,"Startup Cost": 184052.13,"Total Cost": 184055.01,"Plan Rows": 24,"Plan Width": 236,"Actual Startup Time": 1616.881,"Actual Total Time": 1650.358,"Actual Rows": 20,"Actual Loops": 1,"Workers Planned": 4,"Workers Launched": 4,"Plans": [{"Node Type": "Sort","Parent Relationship": "Outer","Parallel Aware": false,"Async Capable": false,"Startup Cost": 183052.07,"Total Cost": 183052.09,"Plan Rows": 6,"Plan Width": 236,"Actual Startup Time": 1610.099,"Actual Total Time": 1610.103,"Actual Rows": 4,"Actual Loops": 5,"Sort Key": ["l_returnflag", "l_linestatus"],"Sort Method": "quicksort","Sort Space Used": 27,"Sort Space Type": "Memory","Workers": [{"Worker Number": 0,"Sort Method": "quicksort","Sort Space Used": 27,"Sort Space Type": "Memory"},{"Worker Number": 1,"Sort Method": "quicksort","Sort Space Used": 27,"Sort Space Type": "Memory"},{"Worker Number": 2,"Sort Method": "quicksort","Sort Space Used": 27,"Sort Space Type": "Memory"},{"Worker Number": 3,"Sort Method": "quicksort","Sort Space Used": 27,"Sort Space Type": "Memory"}],"Plans": [{"Node Type": "Aggregate","Strategy": "Hashed","Partial Mode": "Partial","Parent Relationship": "Outer","Parallel Aware": false,"Async Capable": false,"Startup Cost": 183051.86,"Total Cost": 183052.00,"Plan Rows": 6,"Plan Width": 236,"Actual Startup Time": 1609.932,"Actual Total Time": 1609.941,"Actual Rows": 4,"Actual Loops": 5,"Group Key": ["l_returnflag", "l_linestatus"],"Planned Partitions": 0,"HashAgg Batches": 1,"Peak Memory Usage": 32,"Disk Usage": 0,"Workers": [{"Worker Number": 0,"HashAgg Batches": 1,"Peak Memory Usage": 32,"Disk Usage": 0},{"Worker Number": 1,"HashAgg Batches": 1,"Peak Memory Usage": 32,"Disk Usage": 0},{"Worker Number": 2,"HashAgg Batches": 1,"Peak Memory Usage": 32,"Disk Usage": 0},{"Worker Number": 3,"HashAgg Batches": 1,"Peak Memory Usage": 32,"Disk Usage": 0}],"Plans": [{"Node Type": "Seq Scan","Parent Relationship": "Outer","Parallel Aware": true,"Async Capable": false,"Relation Name": "lineitem","Alias": "lineitem","Startup Cost": 0.00,"Total Cost": 131256.80,"Plan Rows": 1479859,"Plan Width": 25,"Actual Startup Time": 0.033,"Actual Total Time": 594.774,"Actual Rows": 1184794,"Actual Loops": 5,"Filter": "(l_shipdate <= '1998-09-06 00:00:00'::timestamp without time zone)","Rows Removed by Filter": 15449,"Workers": []}]}]}]}]},"Planning Time": 3.475,"Triggers": [],"Execution Time": 1650.848}]
[{"Plan": {"Node Type": "Aggregate","Strategy": "Sorted","Partial Mode": "Finalize","Parallel Aware": false,"Async Capable": false,"Startup Cost": 183930.33,"Total Cost": 183934.15,"Plan Rows": 6,"Plan Width": 236,"Actual Startup Time": 1627.037,"Actual Total Time": 1661.564,"Actual Rows": 4,"Actual Loops": 1,"Group Key": ["l_returnflag", "l_linestatus"],"Plans": [{"Node Type": "Gather Merge","Parent Relationship": "Outer","Parallel Aware": false,"Async Capable": false,"Startup Cost": 183930.33,"Total Cost": 183933.21,"Plan Rows": 24,"Plan Width": 236,"Actual Startup Time": 1626.958,"Actual Total Time": 1661.457,"Actual Rows": 20,"Actual Loops": 1,"Workers Planned": 4,"Workers Launched": 4,"Plans": [{"Node Type": "Sort","Parent Relationship": "Outer","Parallel Aware": false,"Async Capable": false,"Startup Cost": 182930.27,"Total Cost": 182930.29,"Plan Rows": 6,"Plan Width": 236,"Actual Startup Time": 1619.213,"Actual Total Time": 1619.219,"Actual Rows": 4,"Actual Loops": 5,"Sort Key": ["l_returnflag", "l_linestatus"],"Sort Method": "quicksort","Sort Space Used": 27,"Sort Space Type": "Memory","Workers": [{"Worker Number": 0,"Sort Method": "quicksort","Sort Space Used": 27,"Sort Space Type": "Memory"},{"Worker Number": 1,"Sort Method": "quicksort","Sort Space Used": 27,"Sort Space Type": "Memory"},{"Worker Number": 2,"Sort Method": "quicksort","Sort Space Used": 27,"Sort Space Type": "Memory"},{"Worker Number": 3,"Sort Method": "quicksort","Sort Space Used": 27,"Sort Space Type": "Memory"}],"Plans": [{"Node Type": "Aggregate","Strategy": "Hashed","Partial Mode": "Partial","Parent Relationship": "Outer","Parallel Aware": false,"Async Capable": false,"Startup Cost": 182930.06,"Total Cost": 182930.20,"Plan Rows": 6,"Plan Width": 236,"Actual Startup Time": 1619.109,"Actual Total Time": 1619.118,"Actual Rows": 4,"Actual Loops": 5,"Group Key": ["l_returnflag", "l_linestatus"],"Planned Partitions": 0,"HashAgg Batches": 1,"Peak Memory Usage": 32,"Disk Usage": 0,"Workers": [{"Worker Number": 0,"HashAgg Batches": 1,"Peak Memory Usage": 32,"Disk Usage": 0},{"Worker Number": 1,"HashAgg Batches": 1,"Peak Memory Usage": 32,"Disk Usage": 0},{"Worker Number": 2,"HashAgg Batches": 1,"Peak Memory Usage": 32,"Disk Usage": 0},{"Worker Number": 3,"HashAgg Batches": 1,"Peak Memory Usage": 32,"Disk Usage": 0}],"Plans": [{"Node Type": "Seq Scan","Parent Relationship": "Outer","Parallel Aware": true,"Async Capable": false,"Relation Name": "lineitem","Alias": "lineitem","Startup Cost": 0.00,"Total Cost": 131256.80,"Plan Rows": 1476379,"Plan Width": 25,"Actual Startup Time": 0.041,"Actual Total Time": 606.279,"Actual Rows": 1181785,"Actual Loops": 5,"Filter": "(l_shipdate <= '1998-08-29 00:00:00'::timestamp without time zone)","Rows Removed by Filter": 18458,"Workers": []}]}]}]}]},"Planning Time": 2.737,"Triggers": [],"Execution Time": 1661.952}]
[{"Plan": {"Node Type": "Aggregate","Strategy": "Sorted","Partial Mode": "Finalize","Parallel Aware": false,"Async Capable": false,"Startup Cost": 184278.41,"Total Cost": 184282.23,"Plan Rows": 6,"Plan Width": 236,"Actual Startup Time": 1657.585,"Actual Total Time": 1690.491,"Actual Rows": 4,"Actual Loops": 1,"Group Key": ["l_returnflag", "l_linestatus"],"Plans": [{"Node Type": "Gather Merge","Parent Relationship": "Outer","Parallel Aware": false,"Async Capable": false,"Startup Cost": 184278.41,"Total Cost": 184281.28,"Plan Rows": 24,"Plan Width": 236,"Actual Startup Time": 1657.498,"Actual Total Time": 1690.371,"Actual Rows": 20,"Actual Loops": 1,"Workers Planned": 4,"Workers Launched": 4,"Plans": [{"Node Type": "Sort","Parent Relationship": "Outer","Parallel Aware": false,"Async Capable": false,"Startup Cost": 183278.35,"Total Cost": 183278.36,"Plan Rows": 6,"Plan Width": 236,"Actual Startup Time": 1649.559,"Actual Total Time": 1649.565,"Actual Rows": 4,"Actual Loops": 5,"Sort Key": ["l_returnflag", "l_linestatus"],"Sort Method": "quicksort","Sort Space Used": 27,"Sort Space Type": "Memory","Workers": [{"Worker Number": 0,"Sort Method": "quicksort","Sort Space Used": 27,"Sort Space Type": "Memory"},{"Worker Number": 1,"Sort Method": "quicksort","Sort Space Used": 27,"Sort Space Type": "Memory"},{"Worker Number": 2,"Sort Method": "quicksort","Sort Space Used": 27,"Sort Space Type": "Memory"},{"Worker Number": 3,"Sort Method": "quicksort","Sort Space Used": 27,"Sort Space Type": "Memory"}],"Plans": [{"Node Type": "Aggregate","Strategy": "Hashed","Partial Mode": "Partial","Parent Relationship": "Outer","Parallel Aware": false,"Async Capable": false,"Startup Cost": 183278.14,"Total Cost": 183278.27,"Plan Rows": 6,"Plan Width": 236,"Actual Startup Time": 1649.443,"Actual Total Time": 1649.453,"Actual Rows": 4,"Actual Loops": 5,"Group Key": ["l_returnflag", "l_linestatus"],"Planned Partitions": 0,"HashAgg Batches": 1,"Peak Memory Usage": 32,"Disk Usage": 0,"Workers": [{"Worker Number": 0,"HashAgg Batches": 1,"Peak Memory Usage": 32,"Disk Usage": 0},{"Worker Number": 1,"HashAgg Batches": 1,"Peak Memory Usage": 32,"Disk Usage": 0},{"Worker Number": 2,"HashAgg Batches": 1,"Peak Memory Usage": 32,"Disk Usage": 0},{"Worker Number": 3,"HashAgg Batches": 1,"Peak Memory Usage": 32,"Disk Usage": 0}],"Plans": [{"Node Type": "Seq Scan","Parent Relationship": "Outer","Parallel Aware": true,"Async Capable": false,"Relation Name": "lineitem","Alias": "lineitem","Startup Cost": 0.00,"Total Cost": 131256.80,"Plan Rows": 1486324,"Plan Width": 25,"Actual Startup Time": 0.045,"Actual Total Time": 616.953,"Actual Rows": 1190268,"Actual Loops": 5,"Filter": "(l_shipdate <= '1998-09-23 00:00:00'::timestamp without time zone)","Rows Removed by Filter": 9975,"Workers": []}]}]}]}]},"Planning Time": 3.178,"Triggers": [],"Execution Time": 1690.759}]
[{"Plan": {"Node Type": "Aggregate","Strategy": "Sorted","Partial Mode": "Finalize","Parallel Aware": false,"Async Capable": false,"Startup Cost": 183854.21,"Total Cost": 183858.03,"Plan Rows": 6,"Plan Width": 236,"Actual Startup Time": 1621.142,"Actual Total Time": 1653.452,"Actual Rows": 4,"Actual Loops": 1,"Group Key": ["l_returnflag", "l_linestatus"],"Plans": [{"Node Type": "Gather Merge","Parent Relationship": "Outer","Parallel Aware": false,"Async Capable": false,"Startup Cost": 183854.21,"Total Cost": 183857.08,"Plan Rows": 24,"Plan Width": 236,"Actual Startup Time": 1621.057,"Actual Total Time": 1653.343,"Actual Rows": 20,"Actual Loops": 1,"Workers Planned": 4,"Workers Launched": 4,"Plans": [{"Node Type": "Sort","Parent Relationship": "Outer","Parallel Aware": false,"Async Capable": false,"Startup Cost": 182854.15,"Total Cost": 182854.16,"Plan Rows": 6,"Plan Width": 236,"Actual Startup Time": 1613.630,"Actual Total Time": 1613.634,"Actual Rows": 4,"Actual Loops": 5,"Sort Key": ["l_returnflag", "l_linestatus"],"Sort Method": "quicksort","Sort Space Used": 27,"Sort Space Type": "Memory","Workers": [{"Worker Number": 0,"Sort Method": "quicksort","Sort Space Used": 27,"Sort Space Type": "Memory"},{"Worker Number": 1,"Sort Method": "quicksort","Sort Space Used": 27,"Sort Space Type": "Memory"},{"Worker Number": 2,"Sort Method": "quicksort","Sort Space Used": 27,"Sort Space Type": "Memory"},{"Worker Number": 3,"Sort Method": "quicksort","Sort Space Used": 27,"Sort Space Type": "Memory"}],"Plans": [{"Node Type": "Aggregate","Strategy": "Hashed","Partial Mode": "Partial","Parent Relationship": "Outer","Parallel Aware": false,"Async Capable": false,"Startup Cost": 182853.94,"Total Cost": 182854.07,"Plan Rows": 6,"Plan Width": 236,"Actual Startup Time": 1613.488,"Actual Total Time": 1613.497,"Actual Rows": 4,"Actual Loops": 5,"Group Key": ["l_returnflag", "l_linestatus"],"Planned Partitions": 0,"HashAgg Batches": 1,"Peak Memory Usage": 32,"Disk Usage": 0,"Workers": [{"Worker Number": 0,"HashAgg Batches": 1,"Peak Memory Usage": 32,"Disk Usage": 0},{"Worker Number": 1,"HashAgg Batches": 1,"Peak Memory Usage": 32,"Disk Usage": 0},{"Worker Number": 2,"HashAgg Batches": 1,"Peak Memory Usage": 32,"Disk Usage": 0},{"Worker Number": 3,"HashAgg Batches": 1,"Peak Memory Usage": 32,"Disk Usage": 0}],"Plans": [{"Node Type": "Seq Scan","Parent Relationship": "Outer","Parallel Aware": true,"Async Capable": false,"Relation Name": "lineitem","Alias": "lineitem","Startup Cost": 0.00,"Total Cost": 131256.80,"Plan Rows": 1474204,"Plan Width": 25,"Actual Startup Time": 0.040,"Actual Total Time": 601.833,"Actual Rows": 1179767,"Actual Loops": 5,"Filter": "(l_shipdate <= '1998-08-24 00:00:00'::timestamp without time zone)","Rows Removed by Filter": 20476,"Workers": []}]}]}]}]},"Planning Time": 2.415,"Triggers": [],"Execution Time": 1653.758}]
[{"Plan": {"Node Type": "Aggregate","Strategy": "Sorted","Partial Mode": "Finalize","Parallel Aware": false,"Async Capable": false,"Startup Cost": 183778.08,"Total Cost": 183781.90,"Plan Rows": 6,"Plan Width": 236,"Actual Startup Time": 1629.845,"Actual Total Time": 1663.181,"Actual Rows": 4,"Actual Loops": 1,"Group Key": ["l_returnflag", "l_linestatus"],"Plans": [{"Node Type": "Gather Merge","Parent Relationship": "Outer","Parallel Aware": false,"Async Capable": false,"Startup Cost": 183778.08,"Total Cost": 183780.96,"Plan Rows": 24,"Plan Width": 236,"Actual Startup Time": 1629.762,"Actual Total Time": 1663.049,"Actual Rows": 20,"Actual Loops": 1,"Workers Planned": 4,"Workers Launched": 4,"Plans": [{"Node Type": "Sort","Parent Relationship": "Outer","Parallel Aware": false,"Async Capable": false,"Startup Cost": 182778.02,"Total Cost": 182778.04,"Plan Rows": 6,"Plan Width": 236,"Actual Startup Time": 1622.415,"Actual Total Time": 1622.418,"Actual Rows": 4,"Actual Loops": 5,"Sort Key": ["l_returnflag", "l_linestatus"],"Sort Method": "quicksort","Sort Space Used": 27,"Sort Space Type": "Memory","Workers": [{"Worker Number": 0,"Sort Method": "quicksort","Sort Space Used": 27,"Sort Space Type": "Memory"},{"Worker Number": 1,"Sort Method": "quicksort","Sort Space Used": 27,"Sort Space Type": "Memory"},{"Worker Number": 2,"Sort Method": "quicksort","Sort Space Used": 27,"Sort Space Type": "Memory"},{"Worker Number": 3,"Sort Method": "quicksort","Sort Space Used": 27,"Sort Space Type": "Memory"}],"Plans": [{"Node Type": "Aggregate","Strategy": "Hashed","Partial Mode": "Partial","Parent Relationship": "Outer","Parallel Aware": false,"Async Capable": false,"Startup Cost": 182777.81,"Total Cost": 182777.95,"Plan Rows": 6,"Plan Width": 236,"Actual Startup Time": 1622.311,"Actual Total Time": 1622.319,"Actual Rows": 4,"Actual Loops": 5,"Group Key": ["l_returnflag", "l_linestatus"],"Planned Partitions": 0,"HashAgg Batches": 1,"Peak Memory Usage": 32,"Disk Usage": 0,"Workers": [{"Worker Number": 0,"HashAgg Batches": 1,"Peak Memory Usage": 32,"Disk Usage": 0},{"Worker Number": 1,"HashAgg Batches": 1,"Peak Memory Usage": 32,"Disk Usage": 0},{"Worker Number": 2,"HashAgg Batches": 1,"Peak Memory Usage": 32,"Disk Usage": 0},{"Worker Number": 3,"HashAgg Batches": 1,"Peak Memory Usage": 32,"Disk Usage": 0}],"Plans": [{"Node Type": "Seq Scan","Parent Relationship": "Outer","Parallel Aware": true,"Async Capable": false,"Relation Name": "lineitem","Alias": "lineitem","Startup Cost": 0.00,"Total Cost": 131256.80,"Plan Rows": 1472029,"Plan Width": 25,"Actual Startup Time": 0.039,"Actual Total Time": 611.490,"Actual Rows": 1177690,"Actual Loops": 5,"Filter": "(l_shipdate <= '1998-08-19 00:00:00'::timestamp without time zone)","Rows Removed by Filter": 22553,"Workers": []}]}]}]}]},"Planning Time": 2.535,"Triggers": [],"Execution Time": 1663.520}]
[{"Plan": {"Node Type": "Aggregate","Strategy": "Sorted","Partial Mode": "Finalize","Parallel Aware": false,"Async Capable": false,"Startup Cost": 183976.01,"Total Cost": 183979.83,"Plan Rows": 6,"Plan Width": 236,"Actual Startup Time": 1637.230,"Actual Total Time": 1671.180,"Actual Rows": 4,"Actual Loops": 1,"Group Key": ["l_returnflag", "l_linestatus"],"Plans": [{"Node Type": "Gather Merge","Parent Relationship": "Outer","Parallel Aware": false,"Async Capable": false,"Startup Cost": 183976.01,"Total Cost": 183978.88,"Plan Rows": 24,"Plan Width": 236,"Actual Startup Time": 1637.140,"Actual Total Time": 1671.060,"Actual Rows": 20,"Actual Loops": 1,"Workers Planned": 4,"Workers Launched": 4,"Plans": [{"Node Type": "Sort","Parent Relationship": "Outer","Parallel Aware": false,"Async Capable": false,"Startup Cost": 182975.95,"Total Cost": 182975.96,"Plan Rows": 6,"Plan Width": 236,"Actual Startup Time": 1629.253,"Actual Total Time": 1629.258,"Actual Rows": 4,"Actual Loops": 5,"Sort Key": ["l_returnflag", "l_linestatus"],"Sort Method": "quicksort","Sort Space Used": 27,"Sort Space Type": "Memory","Workers": [{"Worker Number": 0,"Sort Method": "quicksort","Sort Space Used": 27,"Sort Space Type": "Memory"},{"Worker Number": 1,"Sort Method": "quicksort","Sort Space Used": 27,"Sort Space Type": "Memory"},{"Worker Number": 2,"Sort Method": "quicksort","Sort Space Used": 27,"Sort Space Type": "Memory"},{"Worker Number": 3,"Sort Method": "quicksort","Sort Space Used": 27,"Sort Space Type": "Memory"}],"Plans": [{"Node Type": "Aggregate","Strategy": "Hashed","Partial Mode": "Partial","Parent Relationship": "Outer","Parallel Aware": false,"Async Capable": false,"Startup Cost": 182975.74,"Total Cost": 182975.87,"Plan Rows": 6,"Plan Width": 236,"Actual Startup Time": 1629.096,"Actual Total Time": 1629.104,"Actual Rows": 4,"Actual Loops": 5,"Group Key": ["l_returnflag", "l_linestatus"],"Planned Partitions": 0,"HashAgg Batches": 1,"Peak Memory Usage": 32,"Disk Usage": 0,"Workers": [{"Worker Number": 0,"HashAgg Batches": 1,"Peak Memory Usage": 32,"Disk Usage": 0},{"Worker Number": 1,"HashAgg Batches": 1,"Peak Memory Usage": 32,"Disk Usage": 0},{"Worker Number": 2,"HashAgg Batches": 1,"Peak Memory Usage": 32,"Disk Usage": 0},{"Worker Number": 3,"HashAgg Batches": 1,"Peak Memory Usage": 32,"Disk Usage": 0}],"Plans": [{"Node Type": "Seq Scan","Parent Relationship": "Outer","Parallel Aware": true,"Async Capable": false,"Relation Name": "lineitem","Alias": "lineitem","Startup Cost": 0.00,"Total Cost": 131256.80,"Plan Rows": 1477684,"Plan Width": 25,"Actual Startup Time": 0.036,"Actual Total Time": 613.605,"Actual Rows": 1182950,"Actual Loops": 5,"Filter": "(l_shipdate <= '1998-09-01 00:00:00'::timestamp without time zone)","Rows Removed by Filter": 17293,"Workers": []}]}]}]}]},"Planning Time": 3.200,"Triggers": [],"Execution Time": 1671.603}]
[{"Plan": {"Node Type": "Aggregate","Strategy": "Sorted","Partial Mode": "Finalize","Parallel Aware": false,"Async Capable": false,"Startup Cost": 183793.31,"Total Cost": 183797.13,"Plan Rows": 6,"Plan Width": 236,"Actual Startup Time": 1633.248,"Actual Total Time": 1668.137,"Actual Rows": 4,"Actual Loops": 1,"Group Key": ["l_returnflag", "l_linestatus"],"Plans": [{"Node Type": "Gather Merge","Parent Relationship": "Outer","Parallel Aware": false,"Async Capable": false,"Startup Cost": 183793.31,"Total Cost": 183796.18,"Plan Rows": 24,"Plan Width": 236,"Actual Startup Time": 1633.183,"Actual Total Time": 1668.026,"Actual Rows": 20,"Actual Loops": 1,"Workers Planned": 4,"Workers Launched": 4,"Plans": [{"Node Type": "Sort","Parent Relationship": "Outer","Parallel Aware": false,"Async Capable": false,"Startup Cost": 182793.25,"Total Cost": 182793.26,"Plan Rows": 6,"Plan Width": 236,"Actual Startup Time": 1625.306,"Actual Total Time": 1625.310,"Actual Rows": 4,"Actual Loops": 5,"Sort Key": ["l_returnflag", "l_linestatus"],"Sort Method": "quicksort","Sort Space Used": 27,"Sort Space Type": "Memory","Workers": [{"Worker Number": 0,"Sort Method": "quicksort","Sort Space Used": 27,"Sort Space Type": "Memory"},{"Worker Number": 1,"Sort Method": "quicksort","Sort Space Used": 27,"Sort Space Type": "Memory"},{"Worker Number": 2,"Sort Method": "quicksort","Sort Space Used": 27,"Sort Space Type": "Memory"},{"Worker Number": 3,"Sort Method": "quicksort","Sort Space Used": 27,"Sort Space Type": "Memory"}],"Plans": [{"Node Type": "Aggregate","Strategy": "Hashed","Partial Mode": "Partial","Parent Relationship": "Outer","Parallel Aware": false,"Async Capable": false,"Startup Cost": 182793.04,"Total Cost": 182793.17,"Plan Rows": 6,"Plan Width": 236,"Actual Startup Time": 1625.208,"Actual Total Time": 1625.216,"Actual Rows": 4,"Actual Loops": 5,"Group Key": ["l_returnflag", "l_linestatus"],"Planned Partitions": 0,"HashAgg Batches": 1,"Peak Memory Usage": 32,"Disk Usage": 0,"Workers": [{"Worker Number": 0,"HashAgg Batches": 1,"Peak Memory Usage": 32,"Disk Usage": 0},{"Worker Number": 1,"HashAgg Batches": 1,"Peak Memory Usage": 32,"Disk Usage": 0},{"Worker Number": 2,"HashAgg Batches": 1,"Peak Memory Usage": 32,"Disk Usage": 0},{"Worker Number": 3,"HashAgg Batches": 1,"Peak Memory Usage": 32,"Disk Usage": 0}],"Plans": [{"Node Type": "Seq Scan","Parent Relationship": "Outer","Parallel Aware": true,"Async Capable": false,"Relation Name": "lineitem","Alias": "lineitem","Startup Cost": 0.00,"Total Cost": 131256.80,"Plan Rows": 1472464,"Plan Width": 25,"Actual Startup Time": 0.041,"Actual Total Time": 612.099,"Actual Rows": 1178099,"Actual Loops": 5,"Filter": "(l_shipdate <= '1998-08-20 00:00:00'::timestamp without time zone)","Rows Removed by Filter": 22144,"Workers": []}]}]}]}]},"Planning Time": 3.085,"Triggers": [],"Execution Time": 1668.560}]
[{"Plan": {"Node Type": "Aggregate","Strategy": "Sorted","Partial Mode": "Finalize","Parallel Aware": false,"Async Capable": false,"Startup Cost": 184128.26,"Total Cost": 184132.08,"Plan Rows": 6,"Plan Width": 236,"Actual Startup Time": 1649.132,"Actual Total Time": 1683.354,"Actual Rows": 4,"Actual Loops": 1,"Group Key": ["l_returnflag", "l_linestatus"],"Plans": [{"Node Type": "Gather Merge","Parent Relationship": "Outer","Parallel Aware": false,"Async Capable": false,"Startup Cost": 184128.26,"Total Cost": 184131.13,"Plan Rows": 24,"Plan Width": 236,"Actual Startup Time": 1649.053,"Actual Total Time": 1683.242,"Actual Rows": 20,"Actual Loops": 1,"Workers Planned": 4,"Workers Launched": 4,"Plans": [{"Node Type": "Sort","Parent Relationship": "Outer","Parallel Aware": false,"Async Capable": false,"Startup Cost": 183128.20,"Total Cost": 183128.21,"Plan Rows": 6,"Plan Width": 236,"Actual Startup Time": 1640.585,"Actual Total Time": 1640.592,"Actual Rows": 4,"Actual Loops": 5,"Sort Key": ["l_returnflag", "l_linestatus"],"Sort Method": "quicksort","Sort Space Used": 27,"Sort Space Type": "Memory","Workers": [{"Worker Number": 0,"Sort Method": "quicksort","Sort Space Used": 27,"Sort Space Type": "Memory"},{"Worker Number": 1,"Sort Method": "quicksort","Sort Space Used": 27,"Sort Space Type": "Memory"},{"Worker Number": 2,"Sort Method": "quicksort","Sort Space Used": 27,"Sort Space Type": "Memory"},{"Worker Number": 3,"Sort Method": "quicksort","Sort Space Used": 27,"Sort Space Type": "Memory"}],"Plans": [{"Node Type": "Aggregate","Strategy": "Hashed","Partial Mode": "Partial","Parent Relationship": "Outer","Parallel Aware": false,"Async Capable": false,"Startup Cost": 183127.99,"Total Cost": 183128.12,"Plan Rows": 6,"Plan Width": 236,"Actual Startup Time": 1640.479,"Actual Total Time": 1640.488,"Actual Rows": 4,"Actual Loops": 5,"Group Key": ["l_returnflag", "l_linestatus"],"Planned Partitions": 0,"HashAgg Batches": 1,"Peak Memory Usage": 32,"Disk Usage": 0,"Workers": [{"Worker Number": 0,"HashAgg Batches": 1,"Peak Memory Usage": 32,"Disk Usage": 0},{"Worker Number": 1,"HashAgg Batches": 1,"Peak Memory Usage": 32,"Disk Usage": 0},{"Worker Number": 2,"HashAgg Batches": 1,"Peak Memory Usage": 32,"Disk Usage": 0},{"Worker Number": 3,"HashAgg Batches": 1,"Peak Memory Usage": 32,"Disk Usage": 0}],"Plans": [{"Node Type": "Seq Scan","Parent Relationship": "Outer","Parallel Aware": true,"Async Capable": false,"Relation Name": "lineitem","Alias": "lineitem","Startup Cost": 0.00,"Total Cost": 131256.80,"Plan Rows": 1482034,"Plan Width": 25,"Actual Startup Time": 0.041,"Actual Total Time": 618.594,"Actual Rows": 1186531,"Actual Loops": 5,"Filter": "(l_shipdate <= '1998-09-11 00:00:00'::timestamp without time zone)","Rows Removed by Filter": 13712,"Workers": []}]}]}]}]},"Planning Time": 2.806,"Triggers": [],"Execution Time": 1683.749}]
[{"Plan": {"Node Type": "Aggregate","Strategy": "Sorted","Partial Mode": "Finalize","Parallel Aware": false,"Async Capable": false,"Startup Cost": 183778.08,"Total Cost": 183781.90,"Plan Rows": 6,"Plan Width": 236,"Actual Startup Time": 1629.845,"Actual Total Time": 1663.181,"Actual Rows": 4,"Actual Loops": 1,"Group Key": ["l_returnflag", "l_linestatus"],"Plans": [{"Node Type": "Gather Merge","Parent Relationship": "Outer","Parallel Aware": false,"Async Capable": false,"Startup Cost": 183778.08,"Total Cost": 183780.96,"Plan Rows": 24,"Plan Width": 236,"Actual Startup Time": 1629.762,"Actual Total Time": 1663.049,"Actual Rows": 20,"Actual Loops": 1,"Workers Planned": 4,"Workers Launched": 4,"Plans": [{"Node Type": "Sort","Parent Relationship": "Outer","Parallel Aware": false,"Async Capable": false,"Startup Cost": 182778.02,"Total Cost": 182778.04,"Plan Rows": 6,"Plan Width": 236,"Actual Startup Time": 1622.415,"Actual Total Time": 1622.418,"Actual Rows": 4,"Actual Loops": 5,"Sort Key": ["l_returnflag", "l_linestatus"],"Sort Method": "quicksort","Sort Space Used": 27,"Sort Space Type": "Memory","Workers": [{"Worker Number": 0,"Sort Method": "quicksort","Sort Space Used": 27,"Sort Space Type": "Memory"},{"Worker Number": 1,"Sort Method": "quicksort","Sort Space Used": 27,"Sort Space Type": "Memory"},{"Worker Number": 2,"Sort Method": "quicksort","Sort Space Used": 27,"Sort Space Type": "Memory"},{"Worker Number": 3,"Sort Method": "quicksort","Sort Space Used": 27,"Sort Space Type": "Memory"}],"Plans": [{"Node Type": "Aggregate","Strategy": "Hashed","Partial Mode": "Partial","Parent Relationship": "Outer","Parallel Aware": false,"Async Capable": false,"Startup Cost": 182777.81,"Total Cost": 182777.95,"Plan Rows": 6,"Plan Width": 236,"Actual Startup Time": 1622.311,"Actual Total Time": 1622.319,"Actual Rows": 4,"Actual Loops": 5,"Group Key": ["l_returnflag", "l_linestatus"],"Planned Partitions": 0,"HashAgg Batches": 1,"Peak Memory Usage": 32,"Disk Usage": 0,"Workers": [{"Worker Number": 0,"HashAgg Batches": 1,"Peak Memory Usage": 32,"Disk Usage": 0},{"Worker Number": 1,"HashAgg Batches": 1,"Peak Memory Usage": 32,"Disk Usage": 0},{"Worker Number": 2,"HashAgg Batches": 1,"Peak Memory Usage": 32,"Disk Usage": 0},{"Worker Number": 3,"HashAgg Batches": 1,"Peak Memory Usage": 32,"Disk Usage": 0}],"Plans": [{"Node Type": "Seq Scan","Parent Relationship": "Outer","Parallel Aware": true,"Async Capable": false,"Relation Name": "lineitem","Alias": "lineitem","Startup Cost": 0.00,"Total Cost": 131256.80,"Plan Rows": 1472029,"Plan Width": 25,"Actual Startup Time": 0.039,"Actual Total Time": 611.490,"Actual Rows": 1177690,"Actual Loops": 5,"Filter": "(l_shipdate <= '1998-08-19 00:00:00'::timestamp without time zone)","Rows Removed by Filter": 22553,"Workers": []}]}]}]}]},"Planning Time": 2.535,"Triggers": [],"Execution Time": 1663.520}]
[{"Plan": {"Node Type": "Aggregate","Strategy": "Sorted","Partial Mode": "Finalize","Parallel Aware": false,"Async Capable": false,"Startup Cost": 184234.83,"Total Cost": 184238.65,"Plan Rows": 6,"Plan Width": 236,"Actual Startup Time": 1625.718,"Actual Total Time": 1658.748,"Actual Rows": 4,"Actual Loops": 1,"Group Key": ["l_returnflag", "l_linestatus"],"Plans": [{"Node Type": "Gather Merge","Parent Relationship": "Outer","Parallel Aware": false,"Async Capable": false,"Startup Cost": 184234.83,"Total Cost": 184237.71,"Plan Rows": 24,"Plan Width": 236,"Actual Startup Time": 1625.652,"Actual Total Time": 1658.651,"Actual Rows": 20,"Actual Loops": 1,"Workers Planned": 4,"Workers Launched": 4,"Plans": [{"Node Type": "Sort","Parent Relationship": "Outer","Parallel Aware": false,"Async Capable": false,"Startup Cost": 183234.77,"Total Cost": 183234.79,"Plan Rows": 6,"Plan Width": 236,"Actual Startup Time": 1618.337,"Actual Total Time": 1618.340,"Actual Rows": 4,"Actual Loops": 5,"Sort Key": ["l_returnflag", "l_linestatus"],"Sort Method": "quicksort","Sort Space Used": 27,"Sort Space Type": "Memory","Workers": [{"Worker Number": 0,"Sort Method": "quicksort","Sort Space Used": 27,"Sort Space Type": "Memory"},{"Worker Number": 1,"Sort Method": "quicksort","Sort Space Used": 27,"Sort Space Type": "Memory"},{"Worker Number": 2,"Sort Method": "quicksort","Sort Space Used": 27,"Sort Space Type": "Memory"},{"Worker Number": 3,"Sort Method": "quicksort","Sort Space Used": 27,"Sort Space Type": "Memory"}],"Plans": [{"Node Type": "Aggregate","Strategy": "Hashed","Partial Mode": "Partial","Parent Relationship": "Outer","Parallel Aware": false,"Async Capable": false,"Startup Cost": 183234.56,"Total Cost": 183234.70,"Plan Rows": 6,"Plan Width": 236,"Actual Startup Time": 1618.239,"Actual Total Time": 1618.246,"Actual Rows": 4,"Actual Loops": 5,"Group Key": ["l_returnflag", "l_linestatus"],"Planned Partitions": 0,"HashAgg Batches": 1,"Peak Memory Usage": 32,"Disk Usage": 0,"Workers": [{"Worker Number": 0,"HashAgg Batches": 1,"Peak Memory Usage": 32,"Disk Usage": 0},{"Worker Number": 1,"HashAgg Batches": 1,"Peak Memory Usage": 32,"Disk Usage": 0},{"Worker Number": 2,"HashAgg Batches": 1,"Peak Memory Usage": 32,"Disk Usage": 0},{"Worker Number": 3,"HashAgg Batches": 1,"Peak Memory Usage": 32,"Disk Usage": 0}],"Plans": [{"Node Type": "Seq Scan","Parent Relationship": "Outer","Parallel Aware": true,"Async Capable": false,"Relation Name": "lineitem","Alias": "lineitem","Startup Cost": 0.00,"Total Cost": 131256.80,"Plan Rows": 1485079,"Plan Width": 25,"Actual Startup Time": 0.035,"Actual Total Time": 599.174,"Actual Rows": 1188798,"Actual Loops": 5,"Filter": "(l_shipdate <= '1998-09-18 00:00:00'::timestamp without time zone)","Rows Removed by Filter": 11445,"Workers": []}]}]}]}]},"Planning Time": 2.904,"Triggers": [],"Execution Time": 1659.073}]
[{"Plan": {"Node Type": "Aggregate","Strategy": "Sorted","Partial Mode": "Finalize","Parallel Aware": false,"Async Capable": false,"Startup Cost": 184335.14,"Total Cost": 184338.96,"Plan Rows": 6,"Plan Width": 236,"Actual Startup Time": 1633.513,"Actual Total Time": 1666.910,"Actual Rows": 4,"Actual Loops": 1,"Group Key": ["l_returnflag", "l_linestatus"],"Plans": [{"Node Type": "Gather Merge","Parent Relationship": "Outer","Parallel Aware": false,"Async Capable": false,"Startup Cost": 184335.14,"Total Cost": 184338.02,"Plan Rows": 24,"Plan Width": 236,"Actual Startup Time": 1633.424,"Actual Total Time": 1666.783,"Actual Rows": 20,"Actual Loops": 1,"Workers Planned": 4,"Workers Launched": 4,"Plans": [{"Node Type": "Sort","Parent Relationship": "Outer","Parallel Aware": false,"Async Capable": false,"Startup Cost": 183335.08,"Total Cost": 183335.10,"Plan Rows": 6,"Plan Width": 236,"Actual Startup Time": 1625.582,"Actual Total Time": 1625.585,"Actual Rows": 4,"Actual Loops": 5,"Sort Key": ["l_returnflag", "l_linestatus"],"Sort Method": "quicksort","Sort Space Used": 27,"Sort Space Type": "Memory","Workers": [{"Worker Number": 0,"Sort Method": "quicksort","Sort Space Used": 27,"Sort Space Type": "Memory"},{"Worker Number": 1,"Sort Method": "quicksort","Sort Space Used": 27,"Sort Space Type": "Memory"},{"Worker Number": 2,"Sort Method": "quicksort","Sort Space Used": 27,"Sort Space Type": "Memory"},{"Worker Number": 3,"Sort Method": "quicksort","Sort Space Used": 27,"Sort Space Type": "Memory"}],"Plans": [{"Node Type": "Aggregate","Strategy": "Hashed","Partial Mode": "Partial","Parent Relationship": "Outer","Parallel Aware": false,"Async Capable": false,"Startup Cost": 183334.87,"Total Cost": 183335.01,"Plan Rows": 6,"Plan Width": 236,"Actual Startup Time": 1625.416,"Actual Total Time": 1625.424,"Actual Rows": 4,"Actual Loops": 5,"Group Key": ["l_returnflag", "l_linestatus"],"Planned Partitions": 0,"HashAgg Batches": 1,"Peak Memory Usage": 32,"Disk Usage": 0,"Workers": [{"Worker Number": 0,"HashAgg Batches": 1,"Peak Memory Usage": 32,"Disk Usage": 0},{"Worker Number": 1,"HashAgg Batches": 1,"Peak Memory Usage": 32,"Disk Usage": 0},{"Worker Number": 2,"HashAgg Batches": 1,"Peak Memory Usage": 32,"Disk Usage": 0},{"Worker Number": 3,"HashAgg Batches": 1,"Peak Memory Usage": 32,"Disk Usage": 0}],"Plans": [{"Node Type": "Seq Scan","Parent Relationship": "Outer","Parallel Aware": true,"Async Capable": false,"Relation Name": "lineitem","Alias": "lineitem","Startup Cost": 0.00,"Total Cost": 131256.80,"Plan Rows": 1487945,"Plan Width": 25,"Actual Startup Time": 0.042,"Actual Total Time": 603.220,"Actual Rows": 1192429,"Actual Loops": 5,"Filter": "(l_shipdate <= '1998-10-01 00:00:00'::timestamp without time zone)","Rows Removed by Filter": 7814,"Workers": []}]}]}]}]},"Planning Time": 2.873,"Triggers": [],"Execution Time": 1667.344}]
[{"Plan": {"Node Type": "Aggregate","Strategy": "Sorted","Partial Mode": "Finalize","Parallel Aware": false,"Async Capable": false,"Startup Cost": 184278.41,"Total Cost": 184282.23,"Plan Rows": 6,"Plan Width": 236,"Actual Startup Time": 1657.585,"Actual Total Time": 1690.491,"Actual Rows": 4,"Actual Loops": 1,"Group Key": ["l_returnflag", "l_linestatus"],"Plans": [{"Node Type": "Gather Merge","Parent Relationship": "Outer","Parallel Aware": false,"Async Capable": false,"Startup Cost": 184278.41,"Total Cost": 184281.28,"Plan Rows": 24,"Plan Width": 236,"Actual Startup Time": 1657.498,"Actual Total Time": 1690.371,"Actual Rows": 20,"Actual Loops": 1,"Workers Planned": 4,"Workers Launched": 4,"Plans": [{"Node Type": "Sort","Parent Relationship": "Outer","Parallel Aware": false,"Async Capable": false,"Startup Cost": 183278.35,"Total Cost": 183278.36,"Plan Rows": 6,"Plan Width": 236,"Actual Startup Time": 1649.559,"Actual Total Time": 1649.565,"Actual Rows": 4,"Actual Loops": 5,"Sort Key": ["l_returnflag", "l_linestatus"],"Sort Method": "quicksort","Sort Space Used": 27,"Sort Space Type": "Memory","Workers": [{"Worker Number": 0,"Sort Method": "quicksort","Sort Space Used": 27,"Sort Space Type": "Memory"},{"Worker Number": 1,"Sort Method": "quicksort","Sort Space Used": 27,"Sort Space Type": "Memory"},{"Worker Number": 2,"Sort Method": "quicksort","Sort Space Used": 27,"Sort Space Type": "Memory"},{"Worker Number": 3,"Sort Method": "quicksort","Sort Space Used": 27,"Sort Space Type": "Memory"}],"Plans": [{"Node Type": "Aggregate","Strategy": "Hashed","Partial Mode": "Partial","Parent Relationship": "Outer","Parallel Aware": false,"Async Capable": false,"Startup Cost": 183278.14,"Total Cost": 183278.27,"Plan Rows": 6,"Plan Width": 236,"Actual Startup Time": 1649.443,"Actual Total Time": 1649.453,"Actual Rows": 4,"Actual Loops": 5,"Group Key": ["l_returnflag", "l_linestatus"],"Planned Partitions": 0,"HashAgg Batches": 1,"Peak Memory Usage": 32,"Disk Usage": 0,"Workers": [{"Worker Number": 0,"HashAgg Batches": 1,"Peak Memory Usage": 32,"Disk Usage": 0},{"Worker Number": 1,"HashAgg Batches": 1,"Peak Memory Usage": 32,"Disk Usage": 0},{"Worker Number": 2,"HashAgg Batches": 1,"Peak Memory Usage": 32,"Disk Usage": 0},{"Worker Number": 3,"HashAgg Batches": 1,"Peak Memory Usage": 32,"Disk Usage": 0}],"Plans": [{"Node Type": "Seq Scan","Parent Relationship": "Outer","Parallel Aware": true,"Async Capable": false,"Relation Name": "lineitem","Alias": "lineitem","Startup Cost": 0.00,"Total Cost": 131256.80,"Plan Rows": 1486324,"Plan Width": 25,"Actual Startup Time": 0.045,"Actual Total Time": 616.953,"Actual Rows": 1190268,"Actual Loops": 5,"Filter": "(l_shipdate <= '1998-09-23 00:00:00'::timestamp without time zone)","Rows Removed by Filter": 9975,"Workers": []}]}]}]}]},"Planning Time": 3.178,"Triggers": [],"Execution Time": 1690.759}]
[{"Plan": {"Node Type": "Aggregate","Strategy": "Sorted","Partial Mode": "Finalize","Parallel Aware": false,"Async Capable": false,"Startup Cost": 184113.03,"Total Cost": 184116.85,"Plan Rows": 6,"Plan Width": 236,"Actual Startup Time": 1626.286,"Actual Total Time": 1659.080,"Actual Rows": 4,"Actual Loops": 1,"Group Key": ["l_returnflag", "l_linestatus"],"Plans": [{"Node Type": "Gather Merge","Parent Relationship": "Outer","Parallel Aware": false,"Async Capable": false,"Startup Cost": 184113.03,"Total Cost": 184115.91,"Plan Rows": 24,"Plan Width": 236,"Actual Startup Time": 1626.211,"Actual Total Time": 1658.952,"Actual Rows": 20,"Actual Loops": 1,"Workers Planned": 4,"Workers Launched": 4,"Plans": [{"Node Type": "Sort","Parent Relationship": "Outer","Parallel Aware": false,"Async Capable": false,"Startup Cost": 183112.97,"Total Cost": 183112.99,"Plan Rows": 6,"Plan Width": 236,"Actual Startup Time": 1618.938,"Actual Total Time": 1618.943,"Actual Rows": 4,"Actual Loops": 5,"Sort Key": ["l_returnflag", "l_linestatus"],"Sort Method": "quicksort","Sort Space Used": 27,"Sort Space Type": "Memory","Workers": [{"Worker Number": 0,"Sort Method": "quicksort","Sort Space Used": 27,"Sort Space Type": "Memory"},{"Worker Number": 1,"Sort Method": "quicksort","Sort Space Used": 27,"Sort Space Type": "Memory"},{"Worker Number": 2,"Sort Method": "quicksort","Sort Space Used": 27,"Sort Space Type": "Memory"},{"Worker Number": 3,"Sort Method": "quicksort","Sort Space Used": 27,"Sort Space Type": "Memory"}],"Plans": [{"Node Type": "Aggregate","Strategy": "Hashed","Partial Mode": "Partial","Parent Relationship": "Outer","Parallel Aware": false,"Async Capable": false,"Startup Cost": 183112.76,"Total Cost": 183112.90,"Plan Rows": 6,"Plan Width": 236,"Actual Startup Time": 1618.825,"Actual Total Time": 1618.836,"Actual Rows": 4,"Actual Loops": 5,"Group Key": ["l_returnflag", "l_linestatus"],"Planned Partitions": 0,"HashAgg Batches": 1,"Peak Memory Usage": 32,"Disk Usage": 0,"Workers": [{"Worker Number": 0,"HashAgg Batches": 1,"Peak Memory Usage": 32,"Disk Usage": 0},{"Worker Number": 1,"HashAgg Batches": 1,"Peak Memory Usage": 32,"Disk Usage": 0},{"Worker Number": 2,"HashAgg Batches": 1,"Peak Memory Usage": 32,"Disk Usage": 0},{"Worker Number": 3,"HashAgg Batches": 1,"Peak Memory Usage": 32,"Disk Usage": 0}],"Plans": [{"Node Type": "Seq Scan","Parent Relationship": "Outer","Parallel Aware": true,"Async Capable": false,"Relation Name": "lineitem","Alias": "lineitem","Startup Cost": 0.00,"Total Cost": 131256.80,"Plan Rows": 1481599,"Plan Width": 25,"Actual Startup Time": 0.033,"Actual Total Time": 600.023,"Actual Rows": 1186191,"Actual Loops": 5,"Filter": "(l_shipdate <= '1998-09-10 00:00:00'::timestamp without time zone)","Rows Removed by Filter": 14052,"Workers": []}]}]}]}]},"Planning Time": 2.494,"Triggers": [],"Execution Time": 1659.387}]
[{"Plan": {"Node Type": "Aggregate","Strategy": "Sorted","Partial Mode": "Finalize","Parallel Aware": false,"Async Capable": false,"Startup Cost": 184335.14,"Total Cost": 184338.96,"Plan Rows": 6,"Plan Width": 236,"Actual Startup Time": 1633.513,"Actual Total Time": 1666.910,"Actual Rows": 4,"Actual Loops": 1,"Group Key": ["l_returnflag", "l_linestatus"],"Plans": [{"Node Type": "Gather Merge","Parent Relationship": "Outer","Parallel Aware": false,"Async Capable": false,"Startup Cost": 184335.14,"Total Cost": 184338.02,"Plan Rows": 24,"Plan Width": 236,"Actual Startup Time": 1633.424,"Actual Total Time": 1666.783,"Actual Rows": 20,"Actual Loops": 1,"Workers Planned": 4,"Workers Launched": 4,"Plans": [{"Node Type": "Sort","Parent Relationship": "Outer","Parallel Aware": false,"Async Capable": false,"Startup Cost": 183335.08,"Total Cost": 183335.10,"Plan Rows": 6,"Plan Width": 236,"Actual Startup Time": 1625.582,"Actual Total Time": 1625.585,"Actual Rows": 4,"Actual Loops": 5,"Sort Key": ["l_returnflag", "l_linestatus"],"Sort Method": "quicksort","Sort Space Used": 27,"Sort Space Type": "Memory","Workers": [{"Worker Number": 0,"Sort Method": "quicksort","Sort Space Used": 27,"Sort Space Type": "Memory"},{"Worker Number": 1,"Sort Method": "quicksort","Sort Space Used": 27,"Sort Space Type": "Memory"},{"Worker Number": 2,"Sort Method": "quicksort","Sort Space Used": 27,"Sort Space Type": "Memory"},{"Worker Number": 3,"Sort Method": "quicksort","Sort Space Used": 27,"Sort Space Type": "Memory"}],"Plans": [{"Node Type": "Aggregate","Strategy": "Hashed","Partial Mode": "Partial","Parent Relationship": "Outer","Parallel Aware": false,"Async Capable": false,"Startup Cost": 183334.87,"Total Cost": 183335.01,"Plan Rows": 6,"Plan Width": 236,"Actual Startup Time": 1625.416,"Actual Total Time": 1625.424,"Actual Rows": 4,"Actual Loops": 5,"Group Key": ["l_returnflag", "l_linestatus"],"Planned Partitions": 0,"HashAgg Batches": 1,"Peak Memory Usage": 32,"Disk Usage": 0,"Workers": [{"Worker Number": 0,"HashAgg Batches": 1,"Peak Memory Usage": 32,"Disk Usage": 0},{"Worker Number": 1,"HashAgg Batches": 1,"Peak Memory Usage": 32,"Disk Usage": 0},{"Worker Number": 2,"HashAgg Batches": 1,"Peak Memory Usage": 32,"Disk Usage": 0},{"Worker Number": 3,"HashAgg Batches": 1,"Peak Memory Usage": 32,"Disk Usage": 0}],"Plans": [{"Node Type": "Seq Scan","Parent Relationship": "Outer","Parallel Aware": true,"Async Capable": false,"Relation Name": "lineitem","Alias": "lineitem","Startup Cost": 0.00,"Total Cost": 131256.80,"Plan Rows": 1487945,"Plan Width": 25,"Actual Startup Time": 0.042,"Actual Total Time": 603.220,"Actual Rows": 1192429,"Actual Loops": 5,"Filter": "(l_shipdate <= '1998-10-01 00:00:00'::timestamp without time zone)","Rows Removed by Filter": 7814,"Workers": []}]}]}]}]},"Planning Time": 2.873,"Triggers": [],"Execution Time": 1667.344}]
[{"Plan": {"Node Type": "Aggregate","Strategy": "Sorted","Partial Mode": "Finalize","Parallel Aware": false,"Async Capable": false,"Startup Cost": 184173.93,"Total Cost": 184177.75,"Plan Rows": 6,"Plan Width": 236,"Actual Startup Time": 1644.533,"Actual Total Time": 1680.145,"Actual Rows": 4,"Actual Loops": 1,"Group Key": ["l_returnflag", "l_linestatus"],"Plans": [{"Node Type": "Gather Merge","Parent Relationship": "Outer","Parallel Aware": false,"Async Capable": false,"Startup Cost": 184173.93,"Total Cost": 184176.81,"Plan Rows": 24,"Plan Width": 236,"Actual Startup Time": 1644.414,"Actual Total Time": 1680.013,"Actual Rows": 20,"Actual Loops": 1,"Workers Planned": 4,"Workers Launched": 4,"Plans": [{"Node Type": "Sort","Parent Relationship": "Outer","Parallel Aware": false,"Async Capable": false,"Startup Cost": 183173.87,"Total Cost": 183173.89,"Plan Rows": 6,"Plan Width": 236,"Actual Startup Time": 1636.962,"Actual Total Time": 1636.966,"Actual Rows": 4,"Actual Loops": 5,"Sort Key": ["l_returnflag", "l_linestatus"],"Sort Method": "quicksort","Sort Space Used": 27,"Sort Space Type": "Memory","Workers": [{"Worker Number": 0,"Sort Method": "quicksort","Sort Space Used": 27,"Sort Space Type": "Memory"},{"Worker Number": 1,"Sort Method": "quicksort","Sort Space Used": 27,"Sort Space Type": "Memory"},{"Worker Number": 2,"Sort Method": "quicksort","Sort Space Used": 27,"Sort Space Type": "Memory"},{"Worker Number": 3,"Sort Method": "quicksort","Sort Space Used": 27,"Sort Space Type": "Memory"}],"Plans": [{"Node Type": "Aggregate","Strategy": "Hashed","Partial Mode": "Partial","Parent Relationship": "Outer","Parallel Aware": false,"Async Capable": false,"Startup Cost": 183173.66,"Total Cost": 183173.80,"Plan Rows": 6,"Plan Width": 236,"Actual Startup Time": 1636.864,"Actual Total Time": 1636.873,"Actual Rows": 4,"Actual Loops": 5,"Group Key": ["l_returnflag", "l_linestatus"],"Planned Partitions": 0,"HashAgg Batches": 1,"Peak Memory Usage": 32,"Disk Usage": 0,"Workers": [{"Worker Number": 0,"HashAgg Batches": 1,"Peak Memory Usage": 32,"Disk Usage": 0},{"Worker Number": 1,"HashAgg Batches": 1,"Peak Memory Usage": 32,"Disk Usage": 0},{"Worker Number": 2,"HashAgg Batches": 1,"Peak Memory Usage": 32,"Disk Usage": 0},{"Worker Number": 3,"HashAgg Batches": 1,"Peak Memory Usage": 32,"Disk Usage": 0}],"Plans": [{"Node Type": "Seq Scan","Parent Relationship": "Outer","Parallel Aware": true,"Async Capable": false,"Relation Name": "lineitem","Alias": "lineitem","Startup Cost": 0.00,"Total Cost": 131256.80,"Plan Rows": 1483339,"Plan Width": 25,"Actual Startup Time": 0.043,"Actual Total Time": 617.694,"Actual Rows": 1187554,"Actual Loops": 5,"Filter": "(l_shipdate <= '1998-09-14 00:00:00'::timestamp without time zone)","Rows Removed by Filter": 12689,"Workers": []}]}]}]}]},"Planning Time": 3.116,"Triggers": [],"Execution Time": 1680.478}]
[{"Plan": {"Node Type": "Aggregate","Strategy": "Sorted","Partial Mode": "Finalize","Parallel Aware": false,"Async Capable": false,"Startup Cost": 183808.53,"Total Cost": 183812.35,"Plan Rows": 6,"Plan Width": 236,"Actual Startup Time": 1619.235,"Actual Total Time": 1653.260,"Actual Rows": 4,"Actual Loops": 1,"Group Key": ["l_returnflag", "l_linestatus"],"Plans": [{"Node Type": "Gather Merge","Parent Relationship": "Outer","Parallel Aware": false,"Async Capable": false,"Startup Cost": 183808.53,"Total Cost": 183811.41,"Plan Rows": 24,"Plan Width": 236,"Actual Startup Time": 1619.159,"Actual Total Time": 1653.151,"Actual Rows": 20,"Actual Loops": 1,"Workers Planned": 4,"Workers Launched": 4,"Plans": [{"Node Type": "Sort","Parent Relationship": "Outer","Parallel Aware": false,"Async Capable": false,"Startup Cost": 182808.47,"Total Cost": 182808.49,"Plan Rows": 6,"Plan Width": 236,"Actual Startup Time": 1611.659,"Actual Total Time": 1611.663,"Actual Rows": 4,"Actual Loops": 5,"Sort Key": ["l_returnflag", "l_linestatus"],"Sort Method": "quicksort","Sort Space Used": 27,"Sort Space Type": "Memory","Workers": [{"Worker Number": 0,"Sort Method": "quicksort","Sort Space Used": 27,"Sort Space Type": "Memory"},{"Worker Number": 1,"Sort Method": "quicksort","Sort Space Used": 27,"Sort Space Type": "Memory"},{"Worker Number": 2,"Sort Method": "quicksort","Sort Space Used": 27,"Sort Space Type": "Memory"},{"Worker Number": 3,"Sort Method": "quicksort","Sort Space Used": 27,"Sort Space Type": "Memory"}],"Plans": [{"Node Type": "Aggregate","Strategy": "Hashed","Partial Mode": "Partial","Parent Relationship": "Outer","Parallel Aware": false,"Async Capable": false,"Startup Cost": 182808.26,"Total Cost": 182808.40,"Plan Rows": 6,"Plan Width": 236,"Actual Startup Time": 1611.564,"Actual Total Time": 1611.571,"Actual Rows": 4,"Actual Loops": 5,"Group Key": ["l_returnflag", "l_linestatus"],"Planned Partitions": 0,"HashAgg Batches": 1,"Peak Memory Usage": 32,"Disk Usage": 0,"Workers": [{"Worker Number": 0,"HashAgg Batches": 1,"Peak Memory Usage": 32,"Disk Usage": 0},{"Worker Number": 1,"HashAgg Batches": 1,"Peak Memory Usage": 32,"Disk Usage": 0},{"Worker Number": 2,"HashAgg Batches": 1,"Peak Memory Usage": 32,"Disk Usage": 0},{"Worker Number": 3,"HashAgg Batches": 1,"Peak Memory Usage": 32,"Disk Usage": 0}],"Plans": [{"Node Type": "Seq Scan","Parent Relationship": "Outer","Parallel Aware": true,"Async Capable": false,"Relation Name": "lineitem","Alias": "lineitem","Startup Cost": 0.00,"Total Cost": 131256.80,"Plan Rows": 1472899,"Plan Width": 25,"Actual Startup Time": 0.037,"Actual Total Time": 601.894,"Actual Rows": 1178523,"Actual Loops": 5,"Filter": "(l_shipdate <= '1998-08-21 00:00:00'::timestamp without time zone)","Rows Removed by Filter": 21720,"Workers": []}]}]}]}]},"Planning Time": 2.978,"Triggers": [],"Execution Time": 1653.673}]
[{"Plan": {"Node Type": "Aggregate","Strategy": "Sorted","Partial Mode": "Finalize","Parallel Aware": false,"Async Capable": false,"Startup Cost": 183991.23,"Total Cost": 183995.05,"Plan Rows": 6,"Plan Width": 236,"Actual Startup Time": 1639.156,"Actual Total Time": 1672.574,"Actual Rows": 4,"Actual Loops": 1,"Group Key": ["l_returnflag", "l_linestatus"],"Plans": [{"Node Type": "Gather Merge","Parent Relationship": "Outer","Parallel Aware": false,"Async Capable": false,"Startup Cost": 183991.23,"Total Cost": 183994.11,"Plan Rows": 24,"Plan Width": 236,"Actual Startup Time": 1639.083,"Actual Total Time": 1672.474,"Actual Rows": 20,"Actual Loops": 1,"Workers Planned": 4,"Workers Launched": 4,"Plans": [{"Node Type": "Sort","Parent Relationship": "Outer","Parallel Aware": false,"Async Capable": false,"Startup Cost": 182991.17,"Total Cost": 182991.19,"Plan Rows": 6,"Plan Width": 236,"Actual Startup Time": 1631.486,"Actual Total Time": 1631.494,"Actual Rows": 4,"Actual Loops": 5,"Sort Key": ["l_returnflag", "l_linestatus"],"Sort Method": "quicksort","Sort Space Used": 27,"Sort Space Type": "Memory","Workers": [{"Worker Number": 0,"Sort Method": "quicksort","Sort Space Used": 27,"Sort Space Type": "Memory"},{"Worker Number": 1,"Sort Method": "quicksort","Sort Space Used": 27,"Sort Space Type": "Memory"},{"Worker Number": 2,"Sort Method": "quicksort","Sort Space Used": 27,"Sort Space Type": "Memory"},{"Worker Number": 3,"Sort Method": "quicksort","Sort Space Used": 27,"Sort Space Type": "Memory"}],"Plans": [{"Node Type": "Aggregate","Strategy": "Hashed","Partial Mode": "Partial","Parent Relationship": "Outer","Parallel Aware": false,"Async Capable": false,"Startup Cost": 182990.96,"Total Cost": 182991.10,"Plan Rows": 6,"Plan Width": 236,"Actual Startup Time": 1631.371,"Actual Total Time": 1631.381,"Actual Rows": 4,"Actual Loops": 5,"Group Key": ["l_returnflag", "l_linestatus"],"Planned Partitions": 0,"HashAgg Batches": 1,"Peak Memory Usage": 32,"Disk Usage": 0,"Workers": [{"Worker Number": 0,"HashAgg Batches": 1,"Peak Memory Usage": 32,"Disk Usage": 0},{"Worker Number": 1,"HashAgg Batches": 1,"Peak Memory Usage": 32,"Disk Usage": 0},{"Worker Number": 2,"HashAgg Batches": 1,"Peak Memory Usage": 32,"Disk Usage": 0},{"Worker Number": 3,"HashAgg Batches": 1,"Peak Memory Usage": 32,"Disk Usage": 0}],"Plans": [{"Node Type": "Seq Scan","Parent Relationship": "Outer","Parallel Aware": true,"Async Capable": false,"Relation Name": "lineitem","Alias": "lineitem","Startup Cost": 0.00,"Total Cost": 131256.80,"Plan Rows": 1478119,"Plan Width": 25,"Actual Startup Time": 0.040,"Actual Total Time": 614.636,"Actual Rows": 1183318,"Actual Loops": 5,"Filter": "(l_shipdate <= '1998-09-02 00:00:00'::timestamp without time zone)","Rows Removed by Filter": 16925,"Workers": []}]}]}]}]},"Planning Time": 2.730,"Triggers": [],"Execution Time": 1672.922}]
[{"Plan": {"Node Type": "Aggregate","Strategy": "Sorted","Partial Mode": "Finalize","Parallel Aware": false,"Async Capable": false,"Startup Cost": 183793.31,"Total Cost": 183797.13,"Plan Rows": 6,"Plan Width": 236,"Actual Startup Time": 1633.248,"Actual Total Time": 1668.137,"Actual Rows": 4,"Actual Loops": 1,"Group Key": ["l_returnflag", "l_linestatus"],"Plans": [{"Node Type": "Gather Merge","Parent Relationship": "Outer","Parallel Aware": false,"Async Capable": false,"Startup Cost": 183793.31,"Total Cost": 183796.18,"Plan Rows": 24,"Plan Width": 236,"Actual Startup Time": 1633.183,"Actual Total Time": 1668.026,"Actual Rows": 20,"Actual Loops": 1,"Workers Planned": 4,"Workers Launched": 4,"Plans": [{"Node Type": "Sort","Parent Relationship": "Outer","Parallel Aware": false,"Async Capable": false,"Startup Cost": 182793.25,"Total Cost": 182793.26,"Plan Rows": 6,"Plan Width": 236,"Actual Startup Time": 1625.306,"Actual Total Time": 1625.310,"Actual Rows": 4,"Actual Loops": 5,"Sort Key": ["l_returnflag", "l_linestatus"],"Sort Method": "quicksort","Sort Space Used": 27,"Sort Space Type": "Memory","Workers": [{"Worker Number": 0,"Sort Method": "quicksort","Sort Space Used": 27,"Sort Space Type": "Memory"},{"Worker Number": 1,"Sort Method": "quicksort","Sort Space Used": 27,"Sort Space Type": "Memory"},{"Worker Number": 2,"Sort Method": "quicksort","Sort Space Used": 27,"Sort Space Type": "Memory"},{"Worker Number": 3,"Sort Method": "quicksort","Sort Space Used": 27,"Sort Space Type": "Memory"}],"Plans": [{"Node Type": "Aggregate","Strategy": "Hashed","Partial Mode": "Partial","Parent Relationship": "Outer","Parallel Aware": false,"Async Capable": false,"Startup Cost": 182793.04,"Total Cost": 182793.17,"Plan Rows": 6,"Plan Width": 236,"Actual Startup Time": 1625.208,"Actual Total Time": 1625.216,"Actual Rows": 4,"Actual Loops": 5,"Group Key": ["l_returnflag", "l_linestatus"],"Planned Partitions": 0,"HashAgg Batches": 1,"Peak Memory Usage": 32,"Disk Usage": 0,"Workers": [{"Worker Number": 0,"HashAgg Batches": 1,"Peak Memory Usage": 32,"Disk Usage": 0},{"Worker Number": 1,"HashAgg Batches": 1,"Peak Memory Usage": 32,"Disk Usage": 0},{"Worker Number": 2,"HashAgg Batches": 1,"Peak Memory Usage": 32,"Disk Usage": 0},{"Worker Number": 3,"HashAgg Batches": 1,"Peak Memory Usage": 32,"Disk Usage": 0}],"Plans": [{"Node Type": "Seq Scan","Parent Relationship": "Outer","Parallel Aware": true,"Async Capable": false,"Relation Name": "lineitem","Alias": "lineitem","Startup Cost": 0.00,"Total Cost": 131256.80,"Plan Rows": 1472464,"Plan Width": 25,"Actual Startup Time": 0.041,"Actual Total Time": 612.099,"Actual Rows": 1178099,"Actual Loops": 5,"Filter": "(l_shipdate <= '1998-08-20 00:00:00'::timestamp without time zone)","Rows Removed by Filter": 22144,"Workers": []}]}]}]}]},"Planning Time": 3.085,"Triggers": [],"Execution Time": 1668.560}]
[{"Plan": {"Node Type": "Aggregate","Strategy": "Sorted","Partial Mode": "Finalize","Parallel Aware": false,"Async Capable": false,"Startup Cost": 183473.58,"Total Cost": 183477.40,"Plan Rows": 6,"Plan Width": 236,"Actual Startup Time": 1609.307,"Actual Total Time": 1642.760,"Actual Rows": 4,"Actual Loops": 1,"Group Key": ["l_returnflag", "l_linestatus"],"Plans": [{"Node Type": "Gather Merge","Parent Relationship": "Outer","Parallel Aware": false,"Async Capable": false,"Startup Cost": 183473.58,"Total Cost": 183476.46,"Plan Rows": 24,"Plan Width": 236,"Actual Startup Time": 1609.212,"Actual Total Time": 1642.638,"Actual Rows": 20,"Actual Loops": 1,"Workers Planned": 4,"Workers Launched": 4,"Plans": [{"Node Type": "Sort","Parent Relationship": "Outer","Parallel Aware": false,"Async Capable": false,"Startup Cost": 182473.52,"Total Cost": 182473.54,"Plan Rows": 6,"Plan Width": 236,"Actual Startup Time": 1601.377,"Actual Total Time": 1601.382,"Actual Rows": 4,"Actual Loops": 5,"Sort Key": ["l_returnflag", "l_linestatus"],"Sort Method": "quicksort","Sort Space Used": 27,"Sort Space Type": "Memory","Workers": [{"Worker Number": 0,"Sort Method": "quicksort","Sort Space Used": 27,"Sort Space Type": "Memory"},{"Worker Number": 1,"Sort Method": "quicksort","Sort Space Used": 27,"Sort Space Type": "Memory"},{"Worker Number": 2,"Sort Method": "quicksort","Sort Space Used": 27,"Sort Space Type": "Memory"},{"Worker Number": 3,"Sort Method": "quicksort","Sort Space Used": 27,"Sort Space Type": "Memory"}],"Plans": [{"Node Type": "Aggregate","Strategy": "Hashed","Partial Mode": "Partial","Parent Relationship": "Outer","Parallel Aware": false,"Async Capable": false,"Startup Cost": 182473.31,"Total Cost": 182473.45,"Plan Rows": 6,"Plan Width": 236,"Actual Startup Time": 1601.162,"Actual Total Time": 1601.170,"Actual Rows": 4,"Actual Loops": 5,"Group Key": ["l_returnflag", "l_linestatus"],"Planned Partitions": 0,"HashAgg Batches": 1,"Peak Memory Usage": 32,"Disk Usage": 0,"Workers": [{"Worker Number": 0,"HashAgg Batches": 1,"Peak Memory Usage": 32,"Disk Usage": 0},{"Worker Number": 1,"HashAgg Batches": 1,"Peak Memory Usage": 32,"Disk Usage": 0},{"Worker Number": 2,"HashAgg Batches": 1,"Peak Memory Usage": 32,"Disk Usage": 0},{"Worker Number": 3,"HashAgg Batches": 1,"Peak Memory Usage": 32,"Disk Usage": 0}],"Plans": [{"Node Type": "Seq Scan","Parent Relationship": "Outer","Parallel Aware": true,"Async Capable": false,"Relation Name": "lineitem","Alias": "lineitem","Startup Cost": 0.00,"Total Cost": 131256.80,"Plan Rows": 1463329,"Plan Width": 25,"Actual Startup Time": 0.041,"Actual Total Time": 597.161,"Actual Rows": 1170174,"Actual Loops": 5,"Filter": "(l_shipdate <= '1998-08-03 00:00:00'::timestamp without time zone)","Rows Removed by Filter": 30069,"Workers": []}]}]}]}]},"Planning Time": 2.665,"Triggers": [],"Execution Time": 1643.121}]
[{"Plan": {"Node Type": "Aggregate","Strategy": "Sorted","Partial Mode": "Finalize","Parallel Aware": false,"Async Capable": false,"Startup Cost": 184257.13,"Total Cost": 184260.95,"Plan Rows": 6,"Plan Width": 236,"Actual Startup Time": 1442.877,"Actual Total Time": 1461.341,"Actual Rows": 4,"Actual Loops": 1,"Group Key": ["l_returnflag", "l_linestatus"],"Plans": [{"Node Type": "Gather Merge","Parent Relationship": "Outer","Parallel Aware": false,"Async Capable": false,"Startup Cost": 184257.13,"Total Cost": 184260.00,"Plan Rows": 24,"Plan Width": 236,"Actual Startup Time": 1442.807,"Actual Total Time": 1461.246,"Actual Rows": 20,"Actual Loops": 1,"Workers Planned": 4,"Workers Launched": 4,"Plans": [{"Node Type": "Sort","Parent Relationship": "Outer","Parallel Aware": false,"Async Capable": false,"Startup Cost": 183257.07,"Total Cost": 183257.08,"Plan Rows": 6,"Plan Width": 236,"Actual Startup Time": 1433.925,"Actual Total Time": 1433.931,"Actual Rows": 4,"Actual Loops": 5,"Sort Key": ["l_returnflag", "l_linestatus"],"Sort Method": "quicksort","Sort Space Used": 27,"Sort Space Type": "Memory","Workers": [{"Worker Number": 0,"Sort Method": "quicksort","Sort Space Used": 27,"Sort Space Type": "Memory"},{"Worker Number": 1,"Sort Method": "quicksort","Sort Space Used": 27,"Sort Space Type": "Memory"},{"Worker Number": 2,"Sort Method": "quicksort","Sort Space Used": 27,"Sort Space Type": "Memory"},{"Worker Number": 3,"Sort Method": "quicksort","Sort Space Used": 27,"Sort Space Type": "Memory"}],"Plans": [{"Node Type": "Aggregate","Strategy": "Hashed","Partial Mode": "Partial","Parent Relationship": "Outer","Parallel Aware": false,"Async Capable": false,"Startup Cost": 183256.86,"Total Cost": 183256.99,"Plan Rows": 6,"Plan Width": 236,"Actual Startup Time": 1433.810,"Actual Total Time": 1433.821,"Actual Rows": 4,"Actual Loops": 5,"Group Key": ["l_returnflag", "l_linestatus"],"Planned Partitions": 0,"HashAgg Batches": 1,"Peak Memory Usage": 32,"Disk Usage": 0,"Workers": [{"Worker Number": 0,"HashAgg Batches": 1,"Peak Memory Usage": 32,"Disk Usage": 0},{"Worker Number": 1,"HashAgg Batches": 1,"Peak Memory Usage": 32,"Disk Usage": 0},{"Worker Number": 2,"HashAgg Batches": 1,"Peak Memory Usage": 32,"Disk Usage": 0},{"Worker Number": 3,"HashAgg Batches": 1,"Peak Memory Usage": 32,"Disk Usage": 0}],"Plans": [{"Node Type": "Seq Scan","Parent Relationship": "Outer","Parallel Aware": true,"Async Capable": false,"Relation Name": "lineitem","Alias": "lineitem","Startup Cost": 0.00,"Total Cost": 131256.80,"Plan Rows": 1485716,"Plan Width": 25,"Actual Startup Time": 0.083,"Actual Total Time": 411.300,"Actual Rows": 1189383,"Actual Loops": 5,"Filter": "(l_shipdate <= '1998-09-20 00:00:00'::timestamp without time zone)","Rows Removed by Filter": 10860,"Workers": []}]}]}]}]},"Planning Time": 2.939,"Triggers": [],"Execution Time": 1461.675}]
[{"Plan": {"Node Type": "Aggregate","Strategy": "Sorted","Partial Mode": "Finalize","Parallel Aware": false,"Async Capable": false,"Startup Cost": 184250.06,"Total Cost": 184253.88,"Plan Rows": 6,"Plan Width": 236,"Actual Startup Time": 1627.450,"Actual Total Time": 1660.875,"Actual Rows": 4,"Actual Loops": 1,"Group Key": ["l_returnflag", "l_linestatus"],"Plans": [{"Node Type": "Gather Merge","Parent Relationship": "Outer","Parallel Aware": false,"Async Capable": false,"Startup Cost": 184250.06,"Total Cost": 184252.93,"Plan Rows": 24,"Plan Width": 236,"Actual Startup Time": 1627.263,"Actual Total Time": 1660.610,"Actual Rows": 20,"Actual Loops": 1,"Workers Planned": 4,"Workers Launched": 4,"Plans": [{"Node Type": "Sort","Parent Relationship": "Outer","Parallel Aware": false,"Async Capable": false,"Startup Cost": 183250.00,"Total Cost": 183250.01,"Plan Rows": 6,"Plan Width": 236,"Actual Startup Time": 1619.617,"Actual Total Time": 1619.625,"Actual Rows": 4,"Actual Loops": 5,"Sort Key": ["l_returnflag", "l_linestatus"],"Sort Method": "quicksort","Sort Space Used": 27,"Sort Space Type": "Memory","Workers": [{"Worker Number": 0,"Sort Method": "quicksort","Sort Space Used": 27,"Sort Space Type": "Memory"},{"Worker Number": 1,"Sort Method": "quicksort","Sort Space Used": 27,"Sort Space Type": "Memory"},{"Worker Number": 2,"Sort Method": "quicksort","Sort Space Used": 27,"Sort Space Type": "Memory"},{"Worker Number": 3,"Sort Method": "quicksort","Sort Space Used": 27,"Sort Space Type": "Memory"}],"Plans": [{"Node Type": "Aggregate","Strategy": "Hashed","Partial Mode": "Partial","Parent Relationship": "Outer","Parallel Aware": false,"Async Capable": false,"Startup Cost": 183249.79,"Total Cost": 183249.92,"Plan Rows": 6,"Plan Width": 236,"Actual Startup Time": 1619.408,"Actual Total Time": 1619.419,"Actual Rows": 4,"Actual Loops": 5,"Group Key": ["l_returnflag", "l_linestatus"],"Planned Partitions": 0,"HashAgg Batches": 1,"Peak Memory Usage": 32,"Disk Usage": 0,"Workers": [{"Worker Number": 0,"HashAgg Batches": 1,"Peak Memory Usage": 32,"Disk Usage": 0},{"Worker Number": 1,"HashAgg Batches": 1,"Peak Memory Usage": 32,"Disk Usage": 0},{"Worker Number": 2,"HashAgg Batches": 1,"Peak Memory Usage": 32,"Disk Usage": 0},{"Worker Number": 3,"HashAgg Batches": 1,"Peak Memory Usage": 32,"Disk Usage": 0}],"Plans": [{"Node Type": "Seq Scan","Parent Relationship": "Outer","Parallel Aware": true,"Async Capable": false,"Relation Name": "lineitem","Alias": "lineitem","Startup Cost": 0.00,"Total Cost": 131256.80,"Plan Rows": 1485514,"Plan Width": 25,"Actual Startup Time": 0.044,"Actual Total Time": 599.275,"Actual Rows": 1189085,"Actual Loops": 5,"Filter": "(l_shipdate <= '1998-09-19 00:00:00'::timestamp without time zone)","Rows Removed by Filter": 11158,"Workers": []}]}]}]}]},"Planning Time": 3.424,"Triggers": [],"Execution Time": 1661.334}]
[{"Plan": {"Node Type": "Aggregate","Strategy": "Sorted","Partial Mode": "Finalize","Parallel Aware": false,"Async Capable": false,"Startup Cost": 183553.21,"Total Cost": 183557.03,"Plan Rows": 6,"Plan Width": 236,"Actual Startup Time": 1635.166,"Actual Total Time": 1668.798,"Actual Rows": 4,"Actual Loops": 1,"Group Key": ["l_returnflag", "l_linestatus"],"Plans": [{"Node Type": "Gather Merge","Parent Relationship": "Outer","Parallel Aware": false,"Async Capable": false,"Startup Cost": 183553.21,"Total Cost": 183556.08,"Plan Rows": 24,"Plan Width": 236,"Actual Startup Time": 1635.051,"Actual Total Time": 1668.649,"Actual Rows": 20,"Actual Loops": 1,"Workers Planned": 4,"Workers Launched": 4,"Plans": [{"Node Type": "Sort","Parent Relationship": "Outer","Parallel Aware": false,"Async Capable": false,"Startup Cost": 182553.15,"Total Cost": 182553.16,"Plan Rows": 6,"Plan Width": 236,"Actual Startup Time": 1627.853,"Actual Total Time": 1627.855,"Actual Rows": 4,"Actual Loops": 5,"Sort Key": ["l_returnflag", "l_linestatus"],"Sort Method": "quicksort","Sort Space Used": 27,"Sort Space Type": "Memory","Workers": [{"Worker Number": 0,"Sort Method": "quicksort","Sort Space Used": 27,"Sort Space Type": "Memory"},{"Worker Number": 1,"Sort Method": "quicksort","Sort Space Used": 27,"Sort Space Type": "Memory"},{"Worker Number": 2,"Sort Method": "quicksort","Sort Space Used": 27,"Sort Space Type": "Memory"},{"Worker Number": 3,"Sort Method": "quicksort","Sort Space Used": 27,"Sort Space Type": "Memory"}],"Plans": [{"Node Type": "Aggregate","Strategy": "Hashed","Partial Mode": "Partial","Parent Relationship": "Outer","Parallel Aware": false,"Async Capable": false,"Startup Cost": 182552.94,"Total Cost": 182553.07,"Plan Rows": 6,"Plan Width": 236,"Actual Startup Time": 1627.778,"Actual Total Time": 1627.785,"Actual Rows": 4,"Actual Loops": 5,"Group Key": ["l_returnflag", "l_linestatus"],"Planned Partitions": 0,"HashAgg Batches": 1,"Peak Memory Usage": 32,"Disk Usage": 0,"Workers": [{"Worker Number": 0,"HashAgg Batches": 1,"Peak Memory Usage": 32,"Disk Usage": 0},{"Worker Number": 1,"HashAgg Batches": 1,"Peak Memory Usage": 32,"Disk Usage": 0},{"Worker Number": 2,"HashAgg Batches": 1,"Peak Memory Usage": 32,"Disk Usage": 0},{"Worker Number": 3,"HashAgg Batches": 1,"Peak Memory Usage": 32,"Disk Usage": 0}],"Plans": [{"Node Type": "Seq Scan","Parent Relationship": "Outer","Parallel Aware": true,"Async Capable": false,"Relation Name": "lineitem","Alias": "lineitem","Startup Cost": 0.00,"Total Cost": 131256.80,"Plan Rows": 1465604,"Plan Width": 25,"Actual Startup Time": 0.035,"Actual Total Time": 612.801,"Actual Rows": 1172151,"Actual Loops": 5,"Filter": "(l_shipdate <= '1998-08-07 00:00:00'::timestamp without time zone)","Rows Removed by Filter": 28092,"Workers": []}]}]}]}]},"Planning Time": 2.559,"Triggers": [],"Execution Time": 1669.138}]
[{"Plan": {"Node Type": "Aggregate","Strategy": "Sorted","Partial Mode": "Finalize","Parallel Aware": false,"Async Capable": false,"Startup Cost": 184264.23,"Total Cost": 184268.05,"Plan Rows": 6,"Plan Width": 236,"Actual Startup Time": 1657.258,"Actual Total Time": 1692.760,"Actual Rows": 4,"Actual Loops": 1,"Group Key": ["l_returnflag", "l_linestatus"],"Plans": [{"Node Type": "Gather Merge","Parent Relationship": "Outer","Parallel Aware": false,"Async Capable": false,"Startup Cost": 184264.23,"Total Cost": 184267.11,"Plan Rows": 24,"Plan Width": 236,"Actual Startup Time": 1657.140,"Actual Total Time": 1692.614,"Actual Rows": 20,"Actual Loops": 1,"Workers Planned": 4,"Workers Launched": 4,"Plans": [{"Node Type": "Sort","Parent Relationship": "Outer","Parallel Aware": false,"Async Capable": false,"Startup Cost": 183264.17,"Total Cost": 183264.19,"Plan Rows": 6,"Plan Width": 236,"Actual Startup Time": 1648.829,"Actual Total Time": 1648.834,"Actual Rows": 4,"Actual Loops": 5,"Sort Key": ["l_returnflag", "l_linestatus"],"Sort Method": "quicksort","Sort Space Used": 27,"Sort Space Type": "Memory","Workers": [{"Worker Number": 0,"Sort Method": "quicksort","Sort Space Used": 27,"Sort Space Type": "Memory"},{"Worker Number": 1,"Sort Method": "quicksort","Sort Space Used": 27,"Sort Space Type": "Memory"},{"Worker Number": 2,"Sort Method": "quicksort","Sort Space Used": 27,"Sort Space Type": "Memory"},{"Worker Number": 3,"Sort Method": "quicksort","Sort Space Used": 27,"Sort Space Type": "Memory"}],"Plans": [{"Node Type": "Aggregate","Strategy": "Hashed","Partial Mode": "Partial","Parent Relationship": "Outer","Parallel Aware": false,"Async Capable": false,"Startup Cost": 183263.96,"Total Cost": 183264.10,"Plan Rows": 6,"Plan Width": 236,"Actual Startup Time": 1648.736,"Actual Total Time": 1648.744,"Actual Rows": 4,"Actual Loops": 5,"Group Key": ["l_returnflag", "l_linestatus"],"Planned Partitions": 0,"HashAgg Batches": 1,"Peak Memory Usage": 32,"Disk Usage": 0,"Workers": [{"Worker Number": 0,"HashAgg Batches": 1,"Peak Memory Usage": 32,"Disk Usage": 0},{"Worker Number": 1,"HashAgg Batches": 1,"Peak Memory Usage": 32,"Disk Usage": 0},{"Worker Number": 2,"HashAgg Batches": 1,"Peak Memory Usage": 32,"Disk Usage": 0},{"Worker Number": 3,"HashAgg Batches": 1,"Peak Memory Usage": 32,"Disk Usage": 0}],"Plans": [{"Node Type": "Seq Scan","Parent Relationship": "Outer","Parallel Aware": true,"Async Capable": false,"Relation Name": "lineitem","Alias": "lineitem","Startup Cost": 0.00,"Total Cost": 131256.80,"Plan Rows": 1485919,"Plan Width": 25,"Actual Startup Time": 0.042,"Actual Total Time": 617.894,"Actual Rows": 1189684,"Actual Loops": 5,"Filter": "(l_shipdate <= '1998-09-21 00:00:00'::timestamp without time zone)","Rows Removed by Filter": 10559,"Workers": []}]}]}]}]},"Planning Time": 3.474,"Triggers": [],"Execution Time": 1693.201}]
[{"Plan": {"Node Type": "Aggregate","Strategy": "Sorted","Partial Mode": "Finalize","Parallel Aware": false,"Async Capable": false,"Startup Cost": 183573.12,"Total Cost": 183576.94,"Plan Rows": 6,"Plan Width": 236,"Actual Startup Time": 1630.320,"Actual Total Time": 1663.472,"Actual Rows": 4,"Actual Loops": 1,"Group Key": ["l_returnflag", "l_linestatus"],"Plans": [{"Node Type": "Gather Merge","Parent Relationship": "Outer","Parallel Aware": false,"Async Capable": false,"Startup Cost": 183573.12,"Total Cost": 183576.00,"Plan Rows": 24,"Plan Width": 236,"Actual Startup Time": 1630.214,"Actual Total Time": 1663.326,"Actual Rows": 20,"Actual Loops": 1,"Workers Planned": 4,"Workers Launched": 4,"Plans": [{"Node Type": "Sort","Parent Relationship": "Outer","Parallel Aware": false,"Async Capable": false,"Startup Cost": 182573.06,"Total Cost": 182573.08,"Plan Rows": 6,"Plan Width": 236,"Actual Startup Time": 1621.960,"Actual Total Time": 1621.963,"Actual Rows": 4,"Actual Loops": 5,"Sort Key": ["l_returnflag", "l_linestatus"],"Sort Method": "quicksort","Sort Space Used": 27,"Sort Space Type": "Memory","Workers": [{"Worker Number": 0,"Sort Method": "quicksort","Sort Space Used": 27,"Sort Space Type": "Memory"},{"Worker Number": 1,"Sort Method": "quicksort","Sort Space Used": 27,"Sort Space Type": "Memory"},{"Worker Number": 2,"Sort Method": "quicksort","Sort Space Used": 27,"Sort Space Type": "Memory"},{"Worker Number": 3,"Sort Method": "quicksort","Sort Space Used": 27,"Sort Space Type": "Memory"}],"Plans": [{"Node Type": "Aggregate","Strategy": "Hashed","Partial Mode": "Partial","Parent Relationship": "Outer","Parallel Aware": false,"Async Capable": false,"Startup Cost": 182572.85,"Total Cost": 182572.99,"Plan Rows": 6,"Plan Width": 236,"Actual Startup Time": 1621.870,"Actual Total Time": 1621.879,"Actual Rows": 4,"Actual Loops": 5,"Group Key": ["l_returnflag", "l_linestatus"],"Planned Partitions": 0,"HashAgg Batches": 1,"Peak Memory Usage": 32,"Disk Usage": 0,"Workers": [{"Worker Number": 0,"HashAgg Batches": 1,"Peak Memory Usage": 32,"Disk Usage": 0},{"Worker Number": 1,"HashAgg Batches": 1,"Peak Memory Usage": 32,"Disk Usage": 0},{"Worker Number": 2,"HashAgg Batches": 1,"Peak Memory Usage": 32,"Disk Usage": 0},{"Worker Number": 3,"HashAgg Batches": 1,"Peak Memory Usage": 32,"Disk Usage": 0}],"Plans": [{"Node Type": "Seq Scan","Parent Relationship": "Outer","Parallel Aware": true,"Async Capable": false,"Relation Name": "lineitem","Alias": "lineitem","Startup Cost": 0.00,"Total Cost": 131256.80,"Plan Rows": 1466173,"Plan Width": 25,"Actual Startup Time": 0.040,"Actual Total Time": 613.933,"Actual Rows": 1172635,"Actual Loops": 5,"Filter": "(l_shipdate <= '1998-08-08 00:00:00'::timestamp without time zone)","Rows Removed by Filter": 27608,"Workers": []}]}]}]}]},"Planning Time": 2.802,"Triggers": [],"Execution Time": 1663.865}]
[{"Plan": {"Node Type": "Aggregate","Strategy": "Sorted","Partial Mode": "Finalize","Parallel Aware": false,"Async Capable": false,"Startup Cost": 183493.50,"Total Cost": 183497.32,"Plan Rows": 6,"Plan Width": 236,"Actual Startup Time": 1609.024,"Actual Total Time": 1641.882,"Actual Rows": 4,"Actual Loops": 1,"Group Key": ["l_returnflag", "l_linestatus"],"Plans": [{"Node Type": "Gather Merge","Parent Relationship": "Outer","Parallel Aware": false,"Async Capable": false,"Startup Cost": 183493.50,"Total Cost": 183496.37,"Plan Rows": 24,"Plan Width": 236,"Actual Startup Time": 1608.904,"Actual Total Time": 1641.764,"Actual Rows": 20,"Actual Loops": 1,"Workers Planned": 4,"Workers Launched": 4,"Plans": [{"Node Type": "Sort","Parent Relationship": "Outer","Parallel Aware": false,"Async Capable": false,"Startup Cost": 182493.44,"Total Cost": 182493.45,"Plan Rows": 6,"Plan Width": 236,"Actual Startup Time": 1601.101,"Actual Total Time": 1601.104,"Actual Rows": 4,"Actual Loops": 5,"Sort Key": ["l_returnflag", "l_linestatus"],"Sort Method": "quicksort","Sort Space Used": 27,"Sort Space Type": "Memory","Workers": [{"Worker Number": 0,"Sort Method": "quicksort","Sort Space Used": 27,"Sort Space Type": "Memory"},{"Worker Number": 1,"Sort Method": "quicksort","Sort Space Used": 27,"Sort Space Type": "Memory"},{"Worker Number": 2,"Sort Method": "quicksort","Sort Space Used": 27,"Sort Space Type": "Memory"},{"Worker Number": 3,"Sort Method": "quicksort","Sort Space Used": 27,"Sort Space Type": "Memory"}],"Plans": [{"Node Type": "Aggregate","Strategy": "Hashed","Partial Mode": "Partial","Parent Relationship": "Outer","Parallel Aware": false,"Async Capable": false,"Startup Cost": 182493.23,"Total Cost": 182493.36,"Plan Rows": 6,"Plan Width": 236,"Actual Startup Time": 1601.000,"Actual Total Time": 1601.008,"Actual Rows": 4,"Actual Loops": 5,"Group Key": ["l_returnflag", "l_linestatus"],"Planned Partitions": 0,"HashAgg Batches": 1,"Peak Memory Usage": 32,"Disk Usage": 0,"Workers": [{"Worker Number": 0,"HashAgg Batches": 1,"Peak Memory Usage": 32,"Disk Usage": 0},{"Worker Number": 1,"HashAgg Batches": 1,"Peak Memory Usage": 32,"Disk Usage": 0},{"Worker Number": 2,"HashAgg Batches": 1,"Peak Memory Usage": 32,"Disk Usage": 0},{"Worker Number": 3,"HashAgg Batches": 1,"Peak Memory Usage": 32,"Disk Usage": 0}],"Plans": [{"Node Type": "Seq Scan","Parent Relationship": "Outer","Parallel Aware": true,"Async Capable": false,"Relation Name": "lineitem","Alias": "lineitem","Startup Cost": 0.00,"Total Cost": 131256.80,"Plan Rows": 1463898,"Plan Width": 25,"Actual Startup Time": 0.042,"Actual Total Time": 598.084,"Actual Rows": 1170668,"Actual Loops": 5,"Filter": "(l_shipdate <= '1998-08-04 00:00:00'::timestamp without time zone)","Rows Removed by Filter": 29575,"Workers": []}]}]}]}]},"Planning Time": 3.512,"Triggers": [],"Execution Time": 1642.332}]
[{"Plan": {"Node Type": "Aggregate","Strategy": "Sorted","Partial Mode": "Finalize","Parallel Aware": false,"Async Capable": false,"Startup Cost": 183762.86,"Total Cost": 183766.68,"Plan Rows": 6,"Plan Width": 236,"Actual Startup Time": 1624.125,"Actual Total Time": 1658.164,"Actual Rows": 4,"Actual Loops": 1,"Group Key": ["l_returnflag", "l_linestatus"],"Plans": [{"Node Type": "Gather Merge","Parent Relationship": "Outer","Parallel Aware": false,"Async Capable": false,"Startup Cost": 183762.86,"Total Cost": 183765.73,"Plan Rows": 24,"Plan Width": 236,"Actual Startup Time": 1624.055,"Actual Total Time": 1658.060,"Actual Rows": 20,"Actual Loops": 1,"Workers Planned": 4,"Workers Launched": 4,"Plans": [{"Node Type": "Sort","Parent Relationship": "Outer","Parallel Aware": false,"Async Capable": false,"Startup Cost": 182762.80,"Total Cost": 182762.81,"Plan Rows": 6,"Plan Width": 236,"Actual Startup Time": 1615.684,"Actual Total Time": 1615.689,"Actual Rows": 4,"Actual Loops": 5,"Sort Key": ["l_returnflag", "l_linestatus"],"Sort Method": "quicksort","Sort Space Used": 27,"Sort Space Type": "Memory","Workers": [{"Worker Number": 0,"Sort Method": "quicksort","Sort Space Used": 27,"Sort Space Type": "Memory"},{"Worker Number": 1,"Sort Method": "quicksort","Sort Space Used": 27,"Sort Space Type": "Memory"},{"Worker Number": 2,"Sort Method": "quicksort","Sort Space Used": 27,"Sort Space Type": "Memory"},{"Worker Number": 3,"Sort Method": "quicksort","Sort Space Used": 27,"Sort Space Type": "Memory"}],"Plans": [{"Node Type": "Aggregate","Strategy": "Hashed","Partial Mode": "Partial","Parent Relationship": "Outer","Parallel Aware": false,"Async Capable": false,"Startup Cost": 182762.59,"Total Cost": 182762.72,"Plan Rows": 6,"Plan Width": 236,"Actual Startup Time": 1615.553,"Actual Total Time": 1615.563,"Actual Rows": 4,"Actual Loops": 5,"Group Key": ["l_returnflag", "l_linestatus"],"Planned Partitions": 0,"HashAgg Batches": 1,"Peak Memory Usage": 32,"Disk Usage": 0,"Workers": [{"Worker Number": 0,"HashAgg Batches": 1,"Peak Memory Usage": 32,"Disk Usage": 0},{"Worker Number": 1,"HashAgg Batches": 1,"Peak Memory Usage": 32,"Disk Usage": 0},{"Worker Number": 2,"HashAgg Batches": 1,"Peak Memory Usage": 32,"Disk Usage": 0},{"Worker Number": 3,"HashAgg Batches": 1,"Peak Memory Usage": 32,"Disk Usage": 0}],"Plans": [{"Node Type": "Seq Scan","Parent Relationship": "Outer","Parallel Aware": true,"Async Capable": false,"Relation Name": "lineitem","Alias": "lineitem","Startup Cost": 0.00,"Total Cost": 131256.80,"Plan Rows": 1471594,"Plan Width": 25,"Actual Startup Time": 0.040,"Actual Total Time": 605.807,"Actual Rows": 1177251,"Actual Loops": 5,"Filter": "(l_shipdate <= '1998-08-18 00:00:00'::timestamp without time zone)","Rows Removed by Filter": 22992,"Workers": []}]}]}]}]},"Planning Time": 2.911,"Triggers": [],"Execution Time": 1658.466}]
[{"Plan": {"Node Type": "Aggregate","Strategy": "Sorted","Partial Mode": "Finalize","Parallel Aware": false,"Async Capable": false,"Startup Cost": 183553.21,"Total Cost": 183557.03,"Plan Rows": 6,"Plan Width": 236,"Actual Startup Time": 1635.166,"Actual Total Time": 1668.798,"Actual Rows": 4,"Actual Loops": 1,"Group Key": ["l_returnflag", "l_linestatus"],"Plans": [{"Node Type": "Gather Merge","Parent Relationship": "Outer","Parallel Aware": false,"Async Capable": false,"Startup Cost": 183553.21,"Total Cost": 183556.08,"Plan Rows": 24,"Plan Width": 236,"Actual Startup Time": 1635.051,"Actual Total Time": 1668.649,"Actual Rows": 20,"Actual Loops": 1,"Workers Planned": 4,"Workers Launched": 4,"Plans": [{"Node Type": "Sort","Parent Relationship": "Outer","Parallel Aware": false,"Async Capable": false,"Startup Cost": 182553.15,"Total Cost": 182553.16,"Plan Rows": 6,"Plan Width": 236,"Actual Startup Time": 1627.853,"Actual Total Time": 1627.855,"Actual Rows": 4,"Actual Loops": 5,"Sort Key": ["l_returnflag", "l_linestatus"],"Sort Method": "quicksort","Sort Space Used": 27,"Sort Space Type": "Memory","Workers": [{"Worker Number": 0,"Sort Method": "quicksort","Sort Space Used": 27,"Sort Space Type": "Memory"},{"Worker Number": 1,"Sort Method": "quicksort","Sort Space Used": 27,"Sort Space Type": "Memory"},{"Worker Number": 2,"Sort Method": "quicksort","Sort Space Used": 27,"Sort Space Type": "Memory"},{"Worker Number": 3,"Sort Method": "quicksort","Sort Space Used": 27,"Sort Space Type": "Memory"}],"Plans": [{"Node Type": "Aggregate","Strategy": "Hashed","Partial Mode": "Partial","Parent Relationship": "Outer","Parallel Aware": false,"Async Capable": false,"Startup Cost": 182552.94,"Total Cost": 182553.07,"Plan Rows": 6,"Plan Width": 236,"Actual Startup Time": 1627.778,"Actual Total Time": 1627.785,"Actual Rows": 4,"Actual Loops": 5,"Group Key": ["l_returnflag", "l_linestatus"],"Planned Partitions": 0,"HashAgg Batches": 1,"Peak Memory Usage": 32,"Disk Usage": 0,"Workers": [{"Worker Number": 0,"HashAgg Batches": 1,"Peak Memory Usage": 32,"Disk Usage": 0},{"Worker Number": 1,"HashAgg Batches": 1,"Peak Memory Usage": 32,"Disk Usage": 0},{"Worker Number": 2,"HashAgg Batches": 1,"Peak Memory Usage": 32,"Disk Usage": 0},{"Worker Number": 3,"HashAgg Batches": 1,"Peak Memory Usage": 32,"Disk Usage": 0}],"Plans": [{"Node Type": "Seq Scan","Parent Relationship": "Outer","Parallel Aware": true,"Async Capable": false,"Relation Name": "lineitem","Alias": "lineitem","Startup Cost": 0.00,"Total Cost": 131256.80,"Plan Rows": 1465604,"Plan Width": 25,"Actual Startup Time": 0.035,"Actual Total Time": 612.801,"Actual Rows": 1172151,"Actual Loops": 5,"Filter": "(l_shipdate <= '1998-08-07 00:00:00'::timestamp without time zone)","Rows Removed by Filter": 28092,"Workers": []}]}]}]}]},"Planning Time": 2.559,"Triggers": [],"Execution Time": 1669.138}]
[{"Plan": {"Node Type": "Aggregate","Strategy": "Sorted","Partial Mode": "Finalize","Parallel Aware": false,"Async Capable": false,"Startup Cost": 184264.23,"Total Cost": 184268.05,"Plan Rows": 6,"Plan Width": 236,"Actual Startup Time": 1657.258,"Actual Total Time": 1692.760,"Actual Rows": 4,"Actual Loops": 1,"Group Key": ["l_returnflag", "l_linestatus"],"Plans": [{"Node Type": "Gather Merge","Parent Relationship": "Outer","Parallel Aware": false,"Async Capable": false,"Startup Cost": 184264.23,"Total Cost": 184267.11,"Plan Rows": 24,"Plan Width": 236,"Actual Startup Time": 1657.140,"Actual Total Time": 1692.614,"Actual Rows": 20,"Actual Loops": 1,"Workers Planned": 4,"Workers Launched": 4,"Plans": [{"Node Type": "Sort","Parent Relationship": "Outer","Parallel Aware": false,"Async Capable": false,"Startup Cost": 183264.17,"Total Cost": 183264.19,"Plan Rows": 6,"Plan Width": 236,"Actual Startup Time": 1648.829,"Actual Total Time": 1648.834,"Actual Rows": 4,"Actual Loops": 5,"Sort Key": ["l_returnflag", "l_linestatus"],"Sort Method": "quicksort","Sort Space Used": 27,"Sort Space Type": "Memory","Workers": [{"Worker Number": 0,"Sort Method": "quicksort","Sort Space Used": 27,"Sort Space Type": "Memory"},{"Worker Number": 1,"Sort Method": "quicksort","Sort Space Used": 27,"Sort Space Type": "Memory"},{"Worker Number": 2,"Sort Method": "quicksort","Sort Space Used": 27,"Sort Space Type": "Memory"},{"Worker Number": 3,"Sort Method": "quicksort","Sort Space Used": 27,"Sort Space Type": "Memory"}],"Plans": [{"Node Type": "Aggregate","Strategy": "Hashed","Partial Mode": "Partial","Parent Relationship": "Outer","Parallel Aware": false,"Async Capable": false,"Startup Cost": 183263.96,"Total Cost": 183264.10,"Plan Rows": 6,"Plan Width": 236,"Actual Startup Time": 1648.736,"Actual Total Time": 1648.744,"Actual Rows": 4,"Actual Loops": 5,"Group Key": ["l_returnflag", "l_linestatus"],"Planned Partitions": 0,"HashAgg Batches": 1,"Peak Memory Usage": 32,"Disk Usage": 0,"Workers": [{"Worker Number": 0,"HashAgg Batches": 1,"Peak Memory Usage": 32,"Disk Usage": 0},{"Worker Number": 1,"HashAgg Batches": 1,"Peak Memory Usage": 32,"Disk Usage": 0},{"Worker Number": 2,"HashAgg Batches": 1,"Peak Memory Usage": 32,"Disk Usage": 0},{"Worker Number": 3,"HashAgg Batches": 1,"Peak Memory Usage": 32,"Disk Usage": 0}],"Plans": [{"Node Type": "Seq Scan","Parent Relationship": "Outer","Parallel Aware": true,"Async Capable": false,"Relation Name": "lineitem","Alias": "lineitem","Startup Cost": 0.00,"Total Cost": 131256.80,"Plan Rows": 1485919,"Plan Width": 25,"Actual Startup Time": 0.042,"Actual Total Time": 617.894,"Actual Rows": 1189684,"Actual Loops": 5,"Filter": "(l_shipdate <= '1998-09-21 00:00:00'::timestamp without time zone)","Rows Removed by Filter": 10559,"Workers": []}]}]}]}]},"Planning Time": 3.474,"Triggers": [],"Execution Time": 1693.201}]
[{"Plan": {"Node Type": "Aggregate","Strategy": "Sorted","Partial Mode": "Finalize","Parallel Aware": false,"Async Capable": false,"Startup Cost": 183493.50,"Total Cost": 183497.32,"Plan Rows": 6,"Plan Width": 236,"Actual Startup Time": 1609.024,"Actual Total Time": 1641.882,"Actual Rows": 4,"Actual Loops": 1,"Group Key": ["l_returnflag", "l_linestatus"],"Plans": [{"Node Type": "Gather Merge","Parent Relationship": "Outer","Parallel Aware": false,"Async Capable": false,"Startup Cost": 183493.50,"Total Cost": 183496.37,"Plan Rows": 24,"Plan Width": 236,"Actual Startup Time": 1608.904,"Actual Total Time": 1641.764,"Actual Rows": 20,"Actual Loops": 1,"Workers Planned": 4,"Workers Launched": 4,"Plans": [{"Node Type": "Sort","Parent Relationship": "Outer","Parallel Aware": false,"Async Capable": false,"Startup Cost": 182493.44,"Total Cost": 182493.45,"Plan Rows": 6,"Plan Width": 236,"Actual Startup Time": 1601.101,"Actual Total Time": 1601.104,"Actual Rows": 4,"Actual Loops": 5,"Sort Key": ["l_returnflag", "l_linestatus"],"Sort Method": "quicksort","Sort Space Used": 27,"Sort Space Type": "Memory","Workers": [{"Worker Number": 0,"Sort Method": "quicksort","Sort Space Used": 27,"Sort Space Type": "Memory"},{"Worker Number": 1,"Sort Method": "quicksort","Sort Space Used": 27,"Sort Space Type": "Memory"},{"Worker Number": 2,"Sort Method": "quicksort","Sort Space Used": 27,"Sort Space Type": "Memory"},{"Worker Number": 3,"Sort Method": "quicksort","Sort Space Used": 27,"Sort Space Type": "Memory"}],"Plans": [{"Node Type": "Aggregate","Strategy": "Hashed","Partial Mode": "Partial","Parent Relationship": "Outer","Parallel Aware": false,"Async Capable": false,"Startup Cost": 182493.23,"Total Cost": 182493.36,"Plan Rows": 6,"Plan Width": 236,"Actual Startup Time": 1601.000,"Actual Total Time": 1601.008,"Actual Rows": 4,"Actual Loops": 5,"Group Key": ["l_returnflag", "l_linestatus"],"Planned Partitions": 0,"HashAgg Batches": 1,"Peak Memory Usage": 32,"Disk Usage": 0,"Workers": [{"Worker Number": 0,"HashAgg Batches": 1,"Peak Memory Usage": 32,"Disk Usage": 0},{"Worker Number": 1,"HashAgg Batches": 1,"Peak Memory Usage": 32,"Disk Usage": 0},{"Worker Number": 2,"HashAgg Batches": 1,"Peak Memory Usage": 32,"Disk Usage": 0},{"Worker Number": 3,"HashAgg Batches": 1,"Peak Memory Usage": 32,"Disk Usage": 0}],"Plans": [{"Node Type": "Seq Scan","Parent Relationship": "Outer","Parallel Aware": true,"Async Capable": false,"Relation Name": "lineitem","Alias": "lineitem","Startup Cost": 0.00,"Total Cost": 131256.80,"Plan Rows": 1463898,"Plan Width": 25,"Actual Startup Time": 0.042,"Actual Total Time": 598.084,"Actual Rows": 1170668,"Actual Loops": 5,"Filter": "(l_shipdate <= '1998-08-04 00:00:00'::timestamp without time zone)","Rows Removed by Filter": 29575,"Workers": []}]}]}]}]},"Planning Time": 3.512,"Triggers": [],"Execution Time": 1642.332}]
[{"Plan": {"Node Type": "Aggregate","Strategy": "Sorted","Partial Mode": "Finalize","Parallel Aware": false,"Async Capable": false,"Startup Cost": 184292.58,"Total Cost": 184296.40,"Plan Rows": 6,"Plan Width": 236,"Actual Startup Time": 1633.594,"Actual Total Time": 1667.041,"Actual Rows": 4,"Actual Loops": 1,"Group Key": ["l_returnflag", "l_linestatus"],"Plans": [{"Node Type": "Gather Merge","Parent Relationship": "Outer","Parallel Aware": false,"Async Capable": false,"Startup Cost": 184292.58,"Total Cost": 184295.46,"Plan Rows": 24,"Plan Width": 236,"Actual Startup Time": 1633.506,"Actual Total Time": 1666.927,"Actual Rows": 20,"Actual Loops": 1,"Workers Planned": 4,"Workers Launched": 4,"Plans": [{"Node Type": "Sort","Parent Relationship": "Outer","Parallel Aware": false,"Async Capable": false,"Startup Cost": 183292.52,"Total Cost": 183292.54,"Plan Rows": 6,"Plan Width": 236,"Actual Startup Time": 1625.739,"Actual Total Time": 1625.743,"Actual Rows": 4,"Actual Loops": 5,"Sort Key": ["l_returnflag", "l_linestatus"],"Sort Method": "quicksort","Sort Space Used": 27,"Sort Space Type": "Memory","Workers": [{"Worker Number": 0,"Sort Method": "quicksort","Sort Space Used": 27,"Sort Space Type": "Memory"},{"Worker Number": 1,"Sort Method": "quicksort","Sort Space Used": 27,"Sort Space Type": "Memory"},{"Worker Number": 2,"Sort Method": "quicksort","Sort Space Used": 27,"Sort Space Type": "Memory"},{"Worker Number": 3,"Sort Method": "quicksort","Sort Space Used": 27,"Sort Space Type": "Memory"}],"Plans": [{"Node Type": "Aggregate","Strategy": "Hashed","Partial Mode": "Partial","Parent Relationship": "Outer","Parallel Aware": false,"Async Capable": false,"Startup Cost": 183292.31,"Total Cost": 183292.45,"Plan Rows": 6,"Plan Width": 236,"Actual Startup Time": 1625.630,"Actual Total Time": 1625.638,"Actual Rows": 4,"Actual Loops": 5,"Group Key": ["l_returnflag", "l_linestatus"],"Planned Partitions": 0,"HashAgg Batches": 1,"Peak Memory Usage": 32,"Disk Usage": 0,"Workers": [{"Worker Number": 0,"HashAgg Batches": 1,"Peak Memory Usage": 32,"Disk Usage": 0},{"Worker Number": 1,"HashAgg Batches": 1,"Peak Memory Usage": 32,"Disk Usage": 0},{"Worker Number": 2,"HashAgg Batches": 1,"Peak Memory Usage": 32,"Disk Usage": 0},{"Worker Number": 3,"HashAgg Batches": 1,"Peak Memory Usage": 32,"Disk Usage": 0}],"Plans": [{"Node Type": "Seq Scan","Parent Relationship": "Outer","Parallel Aware": true,"Async Capable": false,"Relation Name": "lineitem","Alias": "lineitem","Startup Cost": 0.00,"Total Cost": 131256.80,"Plan Rows": 1486729,"Plan Width": 25,"Actual Startup Time": 0.041,"Actual Total Time": 605.239,"Actual Rows": 1190833,"Actual Loops": 5,"Filter": "(l_shipdate <= '1998-09-25 00:00:00'::timestamp without time zone)","Rows Removed by Filter": 9410,"Workers": []}]}]}]}]},"Planning Time": 2.948,"Triggers": [],"Execution Time": 1667.404}]
[{"Plan": {"Node Type": "Aggregate","Strategy": "Sorted","Partial Mode": "Finalize","Parallel Aware": false,"Async Capable": false,"Startup Cost": 184128.26,"Total Cost": 184132.08,"Plan Rows": 6,"Plan Width": 236,"Actual Startup Time": 1649.132,"Actual Total Time": 1683.354,"Actual Rows": 4,"Actual Loops": 1,"Group Key": ["l_returnflag", "l_linestatus"],"Plans": [{"Node Type": "Gather Merge","Parent Relationship": "Outer","Parallel Aware": false,"Async Capable": false,"Startup Cost": 184128.26,"Total Cost": 184131.13,"Plan Rows": 24,"Plan Width": 236,"Actual Startup Time": 1649.053,"Actual Total Time": 1683.242,"Actual Rows": 20,"Actual Loops": 1,"Workers Planned": 4,"Workers Launched": 4,"Plans": [{"Node Type": "Sort","Parent Relationship": "Outer","Parallel Aware": false,"Async Capable": false,"Startup Cost": 183128.20,"Total Cost": 183128.21,"Plan Rows": 6,"Plan Width": 236,"Actual Startup Time": 1640.585,"Actual Total Time": 1640.592,"Actual Rows": 4,"Actual Loops": 5,"Sort Key": ["l_returnflag", "l_linestatus"],"Sort Method": "quicksort","Sort Space Used": 27,"Sort Space Type": "Memory","Workers": [{"Worker Number": 0,"Sort Method": "quicksort","Sort Space Used": 27,"Sort Space Type": "Memory"},{"Worker Number": 1,"Sort Method": "quicksort","Sort Space Used": 27,"Sort Space Type": "Memory"},{"Worker Number": 2,"Sort Method": "quicksort","Sort Space Used": 27,"Sort Space Type": "Memory"},{"Worker Number": 3,"Sort Method": "quicksort","Sort Space Used": 27,"Sort Space Type": "Memory"}],"Plans": [{"Node Type": "Aggregate","Strategy": "Hashed","Partial Mode": "Partial","Parent Relationship": "Outer","Parallel Aware": false,"Async Capable": false,"Startup Cost": 183127.99,"Total Cost": 183128.12,"Plan Rows": 6,"Plan Width": 236,"Actual Startup Time": 1640.479,"Actual Total Time": 1640.488,"Actual Rows": 4,"Actual Loops": 5,"Group Key": ["l_returnflag", "l_linestatus"],"Planned Partitions": 0,"HashAgg Batches": 1,"Peak Memory Usage": 32,"Disk Usage": 0,"Workers": [{"Worker Number": 0,"HashAgg Batches": 1,"Peak Memory Usage": 32,"Disk Usage": 0},{"Worker Number": 1,"HashAgg Batches": 1,"Peak Memory Usage": 32,"Disk Usage": 0},{"Worker Number": 2,"HashAgg Batches": 1,"Peak Memory Usage": 32,"Disk Usage": 0},{"Worker Number": 3,"HashAgg Batches": 1,"Peak Memory Usage": 32,"Disk Usage": 0}],"Plans": [{"Node Type": "Seq Scan","Parent Relationship": "Outer","Parallel Aware": true,"Async Capable": false,"Relation Name": "lineitem","Alias": "lineitem","Startup Cost": 0.00,"Total Cost": 131256.80,"Plan Rows": 1482034,"Plan Width": 25,"Actual Startup Time": 0.041,"Actual Total Time": 618.594,"Actual Rows": 1186531,"Actual Loops": 5,"Filter": "(l_shipdate <= '1998-09-11 00:00:00'::timestamp without time zone)","Rows Removed by Filter": 13712,"Workers": []}]}]}]}]},"Planning Time": 2.806,"Triggers": [],"Execution Time": 1683.749}]
[{"Plan": {"Node Type": "Aggregate","Strategy": "Sorted","Partial Mode": "Finalize","Parallel Aware": false,"Async Capable": false,"Startup Cost": 184264.23,"Total Cost": 184268.05,"Plan Rows": 6,"Plan Width": 236,"Actual Startup Time": 1657.258,"Actual Total Time": 1692.760,"Actual Rows": 4,"Actual Loops": 1,"Group Key": ["l_returnflag", "l_linestatus"],"Plans": [{"Node Type": "Gather Merge","Parent Relationship": "Outer","Parallel Aware": false,"Async Capable": false,"Startup Cost": 184264.23,"Total Cost": 184267.11,"Plan Rows": 24,"Plan Width": 236,"Actual Startup Time": 1657.140,"Actual Total Time": 1692.614,"Actual Rows": 20,"Actual Loops": 1,"Workers Planned": 4,"Workers Launched": 4,"Plans": [{"Node Type": "Sort","Parent Relationship": "Outer","Parallel Aware": false,"Async Capable": false,"Startup Cost": 183264.17,"Total Cost": 183264.19,"Plan Rows": 6,"Plan Width": 236,"Actual Startup Time": 1648.829,"Actual Total Time": 1648.834,"Actual Rows": 4,"Actual Loops": 5,"Sort Key": ["l_returnflag", "l_linestatus"],"Sort Method": "quicksort","Sort Space Used": 27,"Sort Space Type": "Memory","Workers": [{"Worker Number": 0,"Sort Method": "quicksort","Sort Space Used": 27,"Sort Space Type": "Memory"},{"Worker Number": 1,"Sort Method": "quicksort","Sort Space Used": 27,"Sort Space Type": "Memory"},{"Worker Number": 2,"Sort Method": "quicksort","Sort Space Used": 27,"Sort Space Type": "Memory"},{"Worker Number": 3,"Sort Method": "quicksort","Sort Space Used": 27,"Sort Space Type": "Memory"}],"Plans": [{"Node Type": "Aggregate","Strategy": "Hashed","Partial Mode": "Partial","Parent Relationship": "Outer","Parallel Aware": false,"Async Capable": false,"Startup Cost": 183263.96,"Total Cost": 183264.10,"Plan Rows": 6,"Plan Width": 236,"Actual Startup Time": 1648.736,"Actual Total Time": 1648.744,"Actual Rows": 4,"Actual Loops": 5,"Group Key": ["l_returnflag", "l_linestatus"],"Planned Partitions": 0,"HashAgg Batches": 1,"Peak Memory Usage": 32,"Disk Usage": 0,"Workers": [{"Worker Number": 0,"HashAgg Batches": 1,"Peak Memory Usage": 32,"Disk Usage": 0},{"Worker Number": 1,"HashAgg Batches": 1,"Peak Memory Usage": 32,"Disk Usage": 0},{"Worker Number": 2,"HashAgg Batches": 1,"Peak Memory Usage": 32,"Disk Usage": 0},{"Worker Number": 3,"HashAgg Batches": 1,"Peak Memory Usage": 32,"Disk Usage": 0}],"Plans": [{"Node Type": "Seq Scan","Parent Relationship": "Outer","Parallel Aware": true,"Async Capable": false,"Relation Name": "lineitem","Alias": "lineitem","Startup Cost": 0.00,"Total Cost": 131256.80,"Plan Rows": 1485919,"Plan Width": 25,"Actual Startup Time": 0.042,"Actual Total Time": 617.894,"Actual Rows": 1189684,"Actual Loops": 5,"Filter": "(l_shipdate <= '1998-09-21 00:00:00'::timestamp without time zone)","Rows Removed by Filter": 10559,"Workers": []}]}]}]}]},"Planning Time": 3.474,"Triggers": [],"Execution Time": 1693.201}]
[{"Plan": {"Node Type": "Aggregate","Strategy": "Sorted","Partial Mode": "Finalize","Parallel Aware": false,"Async Capable": false,"Startup Cost": 183823.76,"Total Cost": 183827.58,"Plan Rows": 6,"Plan Width": 236,"Actual Startup Time": 1622.288,"Actual Total Time": 1656.246,"Actual Rows": 4,"Actual Loops": 1,"Group Key": ["l_returnflag", "l_linestatus"],"Plans": [{"Node Type": "Gather Merge","Parent Relationship": "Outer","Parallel Aware": false,"Async Capable": false,"Startup Cost": 183823.76,"Total Cost": 183826.63,"Plan Rows": 24,"Plan Width": 236,"Actual Startup Time": 1622.220,"Actual Total Time": 1656.142,"Actual Rows": 20,"Actual Loops": 1,"Workers Planned": 4,"Workers Launched": 4,"Plans": [{"Node Type": "Sort","Parent Relationship": "Outer","Parallel Aware": false,"Async Capable": false,"Startup Cost": 182823.70,"Total Cost": 182823.71,"Plan Rows": 6,"Plan Width": 236,"Actual Startup Time": 1613.903,"Actual Total Time": 1613.909,"Actual Rows": 4,"Actual Loops": 5,"Sort Key": ["l_returnflag", "l_linestatus"],"Sort Method": "quicksort","Sort Space Used": 27,"Sort Space Type": "Memory","Workers": [{"Worker Number": 0,"Sort Method": "quicksort","Sort Space Used": 27,"Sort Space Type": "Memory"},{"Worker Number": 1,"Sort Method": "quicksort","Sort Space Used": 27,"Sort Space Type": "Memory"},{"Worker Number": 2,"Sort Method": "quicksort","Sort Space Used": 27,"Sort Space Type": "Memory"},{"Worker Number": 3,"Sort Method": "quicksort","Sort Space Used": 27,"Sort Space Type": "Memory"}],"Plans": [{"Node Type": "Aggregate","Strategy": "Hashed","Partial Mode": "Partial","Parent Relationship": "Outer","Parallel Aware": false,"Async Capable": false,"Startup Cost": 182823.49,"Total Cost": 182823.62,"Plan Rows": 6,"Plan Width": 236,"Actual Startup Time": 1613.785,"Actual Total Time": 1613.796,"Actual Rows": 4,"Actual Loops": 5,"Group Key": ["l_returnflag", "l_linestatus"],"Planned Partitions": 0,"HashAgg Batches": 1,"Peak Memory Usage": 32,"Disk Usage": 0,"Workers": [{"Worker Number": 0,"HashAgg Batches": 1,"Peak Memory Usage": 32,"Disk Usage": 0},{"Worker Number": 1,"HashAgg Batches": 1,"Peak Memory Usage": 32,"Disk Usage": 0},{"Worker Number": 2,"HashAgg Batches": 1,"Peak Memory Usage": 32,"Disk Usage": 0},{"Worker Number": 3,"HashAgg Batches": 1,"Peak Memory Usage": 32,"Disk Usage": 0}],"Plans": [{"Node Type": "Seq Scan","Parent Relationship": "Outer","Parallel Aware": true,"Async Capable": false,"Relation Name": "lineitem","Alias": "lineitem","Startup Cost": 0.00,"Total Cost": 131256.80,"Plan Rows": 1473334,"Plan Width": 25,"Actual Startup Time": 0.047,"Actual Total Time": 599.978,"Actual Rows": 1178947,"Actual Loops": 5,"Filter": "(l_shipdate <= '1998-08-22 00:00:00'::timestamp without time zone)","Rows Removed by Filter": 21296,"Workers": []}]}]}]}]},"Planning Time": 2.579,"Triggers": [],"Execution Time": 1656.641}]
[{"Plan": {"Node Type": "Aggregate","Strategy": "Sorted","Partial Mode": "Finalize","Parallel Aware": false,"Async Capable": false,"Startup Cost": 183991.23,"Total Cost": 183995.05,"Plan Rows": 6,"Plan Width": 236,"Actual Startup Time": 1639.156,"Actual Total Time": 1672.574,"Actual Rows": 4,"Actual Loops": 1,"Group Key": ["l_returnflag", "l_linestatus"],"Plans": [{"Node Type": "Gather Merge","Parent Relationship": "Outer","Parallel Aware": false,"Async Capable": false,"Startup Cost": 183991.23,"Total Cost": 183994.11,"Plan Rows": 24,"Plan Width": 236,"Actual Startup Time": 1639.083,"Actual Total Time": 1672.474,"Actual Rows": 20,"Actual Loops": 1,"Workers Planned": 4,"Workers Launched": 4,"Plans": [{"Node Type": "Sort","Parent Relationship": "Outer","Parallel Aware": false,"Async Capable": false,"Startup Cost": 182991.17,"Total Cost": 182991.19,"Plan Rows": 6,"Plan Width": 236,"Actual Startup Time": 1631.486,"Actual Total Time": 1631.494,"Actual Rows": 4,"Actual Loops": 5,"Sort Key": ["l_returnflag", "l_linestatus"],"Sort Method": "quicksort","Sort Space Used": 27,"Sort Space Type": "Memory","Workers": [{"Worker Number": 0,"Sort Method": "quicksort","Sort Space Used": 27,"Sort Space Type": "Memory"},{"Worker Number": 1,"Sort Method": "quicksort","Sort Space Used": 27,"Sort Space Type": "Memory"},{"Worker Number": 2,"Sort Method": "quicksort","Sort Space Used": 27,"Sort Space Type": "Memory"},{"Worker Number": 3,"Sort Method": "quicksort","Sort Space Used": 27,"Sort Space Type": "Memory"}],"Plans": [{"Node Type": "Aggregate","Strategy": "Hashed","Partial Mode": "Partial","Parent Relationship": "Outer","Parallel Aware": false,"Async Capable": false,"Startup Cost": 182990.96,"Total Cost": 182991.10,"Plan Rows": 6,"Plan Width": 236,"Actual Startup Time": 1631.371,"Actual Total Time": 1631.381,"Actual Rows": 4,"Actual Loops": 5,"Group Key": ["l_returnflag", "l_linestatus"],"Planned Partitions": 0,"HashAgg Batches": 1,"Peak Memory Usage": 32,"Disk Usage": 0,"Workers": [{"Worker Number": 0,"HashAgg Batches": 1,"Peak Memory Usage": 32,"Disk Usage": 0},{"Worker Number": 1,"HashAgg Batches": 1,"Peak Memory Usage": 32,"Disk Usage": 0},{"Worker Number": 2,"HashAgg Batches": 1,"Peak Memory Usage": 32,"Disk Usage": 0},{"Worker Number": 3,"HashAgg Batches": 1,"Peak Memory Usage": 32,"Disk Usage": 0}],"Plans": [{"Node Type": "Seq Scan","Parent Relationship": "Outer","Parallel Aware": true,"Async Capable": false,"Relation Name": "lineitem","Alias": "lineitem","Startup Cost": 0.00,"Total Cost": 131256.80,"Plan Rows": 1478119,"Plan Width": 25,"Actual Startup Time": 0.040,"Actual Total Time": 614.636,"Actual Rows": 1183318,"Actual Loops": 5,"Filter": "(l_shipdate <= '1998-09-02 00:00:00'::timestamp without time zone)","Rows Removed by Filter": 16925,"Workers": []}]}]}]}]},"Planning Time": 2.730,"Triggers": [],"Execution Time": 1672.922}]
[{"Plan": {"Node Type": "Aggregate","Strategy": "Sorted","Partial Mode": "Finalize","Parallel Aware": false,"Async Capable": false,"Startup Cost": 183672.66,"Total Cost": 183676.48,"Plan Rows": 6,"Plan Width": 236,"Actual Startup Time": 1616.111,"Actual Total Time": 1649.293,"Actual Rows": 4,"Actual Loops": 1,"Group Key": ["l_returnflag", "l_linestatus"],"Plans": [{"Node Type": "Gather Merge","Parent Relationship": "Outer","Parallel Aware": false,"Async Capable": false,"Startup Cost": 183672.66,"Total Cost": 183675.54,"Plan Rows": 24,"Plan Width": 236,"Actual Startup Time": 1616.040,"Actual Total Time": 1649.181,"Actual Rows": 20,"Actual Loops": 1,"Workers Planned": 4,"Workers Launched": 4,"Plans": [{"Node Type": "Sort","Parent Relationship": "Outer","Parallel Aware": false,"Async Capable": false,"Startup Cost": 182672.60,"Total Cost": 182672.62,"Plan Rows": 6,"Plan Width": 236,"Actual Startup Time": 1608.293,"Actual Total Time": 1608.295,"Actual Rows": 4,"Actual Loops": 5,"Sort Key": ["l_returnflag", "l_linestatus"],"Sort Method": "quicksort","Sort Space Used": 27,"Sort Space Type": "Memory","Workers": [{"Worker Number": 0,"Sort Method": "quicksort","Sort Space Used": 27,"Sort Space Type": "Memory"},{"Worker Number": 1,"Sort Method": "quicksort","Sort Space Used": 27,"Sort Space Type": "Memory"},{"Worker Number": 2,"Sort Method": "quicksort","Sort Space Used": 27,"Sort Space Type": "Memory"},{"Worker Number": 3,"Sort Method": "quicksort","Sort Space Used": 27,"Sort Space Type": "Memory"}],"Plans": [{"Node Type": "Aggregate","Strategy": "Hashed","Partial Mode": "Partial","Parent Relationship": "Outer","Parallel Aware": false,"Async Capable": false,"Startup Cost": 182672.39,"Total Cost": 182672.53,"Plan Rows": 6,"Plan Width": 236,"Actual Startup Time": 1608.122,"Actual Total Time": 1608.128,"Actual Rows": 4,"Actual Loops": 5,"Group Key": ["l_returnflag", "l_linestatus"],"Planned Partitions": 0,"HashAgg Batches": 1,"Peak Memory Usage": 32,"Disk Usage": 0,"Workers": [{"Worker Number": 0,"HashAgg Batches": 1,"Peak Memory Usage": 32,"Disk Usage": 0},{"Worker Number": 1,"HashAgg Batches": 1,"Peak Memory Usage": 32,"Disk Usage": 0},{"Worker Number": 2,"HashAgg Batches": 1,"Peak Memory Usage": 32,"Disk Usage": 0},{"Worker Number": 3,"HashAgg Batches": 1,"Peak Memory Usage": 32,"Disk Usage": 0}],"Plans": [{"Node Type": "Seq Scan","Parent Relationship": "Outer","Parallel Aware": true,"Async Capable": false,"Relation Name": "lineitem","Alias": "lineitem","Startup Cost": 0.00,"Total Cost": 131256.80,"Plan Rows": 1469017,"Plan Width": 25,"Actual Startup Time": 0.038,"Actual Total Time": 601.467,"Actual Rows": 1175005,"Actual Loops": 5,"Filter": "(l_shipdate <= '1998-08-13 00:00:00'::timestamp without time zone)","Rows Removed by Filter": 25238,"Workers": []}]}]}]}]},"Planning Time": 3.226,"Triggers": [],"Execution Time": 1649.755}]
[{"Plan": {"Node Type": "Aggregate","Strategy": "Sorted","Partial Mode": "Finalize","Parallel Aware": false,"Async Capable": false,"Startup Cost": 183945.56,"Total Cost": 183949.38,"Plan Rows": 6,"Plan Width": 236,"Actual Startup Time": 1624.685,"Actual Total Time": 1659.093,"Actual Rows": 4,"Actual Loops": 1,"Group Key": ["l_returnflag", "l_linestatus"],"Plans": [{"Node Type": "Gather Merge","Parent Relationship": "Outer","Parallel Aware": false,"Async Capable": false,"Startup Cost": 183945.56,"Total Cost": 183948.43,"Plan Rows": 24,"Plan Width": 236,"Actual Startup Time": 1624.576,"Actual Total Time": 1658.968,"Actual Rows": 20,"Actual Loops": 1,"Workers Planned": 4,"Workers Launched": 4,"Plans": [{"Node Type": "Sort","Parent Relationship": "Outer","Parallel Aware": false,"Async Capable": false,"Startup Cost": 182945.50,"Total Cost": 182945.51,"Plan Rows": 6,"Plan Width": 236,"Actual Startup Time": 1616.640,"Actual Total Time": 1616.644,"Actual Rows": 4,"Actual Loops": 5,"Sort Key": ["l_returnflag", "l_linestatus"],"Sort Method": "quicksort","Sort Space Used": 27,"Sort Space Type": "Memory","Workers": [{"Worker Number": 0,"Sort Method": "quicksort","Sort Space Used": 27,"Sort Space Type": "Memory"},{"Worker Number": 1,"Sort Method": "quicksort","Sort Space Used": 27,"Sort Space Type": "Memory"},{"Worker Number": 2,"Sort Method": "quicksort","Sort Space Used": 27,"Sort Space Type": "Memory"},{"Worker Number": 3,"Sort Method": "quicksort","Sort Space Used": 27,"Sort Space Type": "Memory"}],"Plans": [{"Node Type": "Aggregate","Strategy": "Hashed","Partial Mode": "Partial","Parent Relationship": "Outer","Parallel Aware": false,"Async Capable": false,"Startup Cost": 182945.29,"Total Cost": 182945.42,"Plan Rows": 6,"Plan Width": 236,"Actual Startup Time": 1616.535,"Actual Total Time": 1616.542,"Actual Rows": 4,"Actual Loops": 5,"Group Key": ["l_returnflag", "l_linestatus"],"Planned Partitions": 0,"HashAgg Batches": 1,"Peak Memory Usage": 32,"Disk Usage": 0,"Workers": [{"Worker Number": 0,"HashAgg Batches": 1,"Peak Memory Usage": 32,"Disk Usage": 0},{"Worker Number": 1,"HashAgg Batches": 1,"Peak Memory Usage": 32,"Disk Usage": 0},{"Worker Number": 2,"HashAgg Batches": 1,"Peak Memory Usage": 32,"Disk Usage": 0},{"Worker Number": 3,"HashAgg Batches": 1,"Peak Memory Usage": 32,"Disk Usage": 0}],"Plans": [{"Node Type": "Seq Scan","Parent Relationship": "Outer","Parallel Aware": true,"Async Capable": false,"Relation Name": "lineitem","Alias": "lineitem","Startup Cost": 0.00,"Total Cost": 131256.80,"Plan Rows": 1476814,"Plan Width": 25,"Actual Startup Time": 0.043,"Actual Total Time": 602.040,"Actual Rows": 1182172,"Actual Loops": 5,"Filter": "(l_shipdate <= '1998-08-30 00:00:00'::timestamp without time zone)","Rows Removed by Filter": 18071,"Workers": []}]}]}]}]},"Planning Time": 2.906,"Triggers": [],"Execution Time": 1659.548}]
[{"Plan": {"Node Type": "Aggregate","Strategy": "Sorted","Partial Mode": "Finalize","Parallel Aware": false,"Async Capable": false,"Startup Cost": 183712.49,"Total Cost": 183716.31,"Plan Rows": 6,"Plan Width": 236,"Actual Startup Time": 1630.342,"Actual Total Time": 1664.480,"Actual Rows": 4,"Actual Loops": 1,"Group Key": ["l_returnflag", "l_linestatus"],"Plans": [{"Node Type": "Gather Merge","Parent Relationship": "Outer","Parallel Aware": false,"Async Capable": false,"Startup Cost": 183712.49,"Total Cost": 183715.37,"Plan Rows": 24,"Plan Width": 236,"Actual Startup Time": 1630.278,"Actual Total Time": 1664.377,"Actual Rows": 20,"Actual Loops": 1,"Workers Planned": 4,"Workers Launched": 4,"Plans": [{"Node Type": "Sort","Parent Relationship": "Outer","Parallel Aware": false,"Async Capable": false,"Startup Cost": 182712.43,"Total Cost": 182712.45,"Plan Rows": 6,"Plan Width": 236,"Actual Startup Time": 1622.558,"Actual Total Time": 1622.562,"Actual Rows": 4,"Actual Loops": 5,"Sort Key": ["l_returnflag", "l_linestatus"],"Sort Method": "quicksort","Sort Space Used": 27,"Sort Space Type": "Memory","Workers": [{"Worker Number": 0,"Sort Method": "quicksort","Sort Space Used": 27,"Sort Space Type": "Memory"},{"Worker Number": 1,"Sort Method": "quicksort","Sort Space Used": 27,"Sort Space Type": "Memory"},{"Worker Number": 2,"Sort Method": "quicksort","Sort Space Used": 27,"Sort Space Type": "Memory"},{"Worker Number": 3,"Sort Method": "quicksort","Sort Space Used": 27,"Sort Space Type": "Memory"}],"Plans": [{"Node Type": "Aggregate","Strategy": "Hashed","Partial Mode": "Partial","Parent Relationship": "Outer","Parallel Aware": false,"Async Capable": false,"Startup Cost": 182712.22,"Total Cost": 182712.36,"Plan Rows": 6,"Plan Width": 236,"Actual Startup Time": 1622.442,"Actual Total Time": 1622.451,"Actual Rows": 4,"Actual Loops": 5,"Group Key": ["l_returnflag", "l_linestatus"],"Planned Partitions": 0,"HashAgg Batches": 1,"Peak Memory Usage": 32,"Disk Usage": 0,"Workers": [{"Worker Number": 0,"HashAgg Batches": 1,"Peak Memory Usage": 32,"Disk Usage": 0},{"Worker Number": 1,"HashAgg Batches": 1,"Peak Memory Usage": 32,"Disk Usage": 0},{"Worker Number": 2,"HashAgg Batches": 1,"Peak Memory Usage": 32,"Disk Usage": 0},{"Worker Number": 3,"HashAgg Batches": 1,"Peak Memory Usage": 32,"Disk Usage": 0}],"Plans": [{"Node Type": "Seq Scan","Parent Relationship": "Outer","Parallel Aware": true,"Async Capable": false,"Relation Name": "lineitem","Alias": "lineitem","Startup Cost": 0.00,"Total Cost": 131256.80,"Plan Rows": 1470155,"Plan Width": 25,"Actual Startup Time": 0.046,"Actual Total Time": 613.406,"Actual Rows": 1175926,"Actual Loops": 5,"Filter": "(l_shipdate <= '1998-08-15 00:00:00'::timestamp without time zone)","Rows Removed by Filter": 24317,"Workers": []}]}]}]}]},"Planning Time": 2.534,"Triggers": [],"Execution Time": 1664.859}]
[{"Plan": {"Node Type": "Aggregate","Strategy": "Sorted","Partial Mode": "Finalize","Parallel Aware": false,"Async Capable": false,"Startup Cost": 184158.71,"Total Cost": 184162.53,"Plan Rows": 6,"Plan Width": 236,"Actual Startup Time": 1644.692,"Actual Total Time": 1677.942,"Actual Rows": 4,"Actual Loops": 1,"Group Key": ["l_returnflag", "l_linestatus"],"Plans": [{"Node Type": "Gather Merge","Parent Relationship": "Outer","Parallel Aware": false,"Async Capable": false,"Startup Cost": 184158.71,"Total Cost": 184161.58,"Plan Rows": 24,"Plan Width": 236,"Actual Startup Time": 1644.623,"Actual Total Time": 1677.838,"Actual Rows": 20,"Actual Loops": 1,"Workers Planned": 4,"Workers Launched": 4,"Plans": [{"Node Type": "Sort","Parent Relationship": "Outer","Parallel Aware": false,"Async Capable": false,"Startup Cost": 183158.65,"Total Cost": 183158.66,"Plan Rows": 6,"Plan Width": 236,"Actual Startup Time": 1636.538,"Actual Total Time": 1636.541,"Actual Rows": 4,"Actual Loops": 5,"Sort Key": ["l_returnflag", "l_linestatus"],"Sort Method": "quicksort","Sort Space Used": 27,"Sort Space Type": "Memory","Workers": [{"Worker Number": 0,"Sort Method": "quicksort","Sort Space Used": 27,"Sort Space Type": "Memory"},{"Worker Number": 1,"Sort Method": "quicksort","Sort Space Used": 27,"Sort Space Type": "Memory"},{"Worker Number": 2,"Sort Method": "quicksort","Sort Space Used": 27,"Sort Space Type": "Memory"},{"Worker Number": 3,"Sort Method": "quicksort","Sort Space Used": 27,"Sort Space Type": "Memory"}],"Plans": [{"Node Type": "Aggregate","Strategy": "Hashed","Partial Mode": "Partial","Parent Relationship": "Outer","Parallel Aware": false,"Async Capable": false,"Startup Cost": 183158.44,"Total Cost": 183158.57,"Plan Rows": 6,"Plan Width": 236,"Actual Startup Time": 1636.415,"Actual Total Time": 1636.424,"Actual Rows": 4,"Actual Loops": 5,"Group Key": ["l_returnflag", "l_linestatus"],"Planned Partitions": 0,"HashAgg Batches": 1,"Peak Memory Usage": 32,"Disk Usage": 0,"Workers": [{"Worker Number": 0,"HashAgg Batches": 1,"Peak Memory Usage": 32,"Disk Usage": 0},{"Worker Number": 1,"HashAgg Batches": 1,"Peak Memory Usage": 32,"Disk Usage": 0},{"Worker Number": 2,"HashAgg Batches": 1,"Peak Memory Usage": 32,"Disk Usage": 0},{"Worker Number": 3,"HashAgg Batches": 1,"Peak Memory Usage": 32,"Disk Usage": 0}],"Plans": [{"Node Type": "Seq Scan","Parent Relationship": "Outer","Parallel Aware": true,"Async Capable": false,"Relation Name": "lineitem","Alias": "lineitem","Startup Cost": 0.00,"Total Cost": 131256.80,"Plan Rows": 1482904,"Plan Width": 25,"Actual Startup Time": 0.036,"Actual Total Time": 612.237,"Actual Rows": 1187224,"Actual Loops": 5,"Filter": "(l_shipdate <= '1998-09-13 00:00:00'::timestamp without time zone)","Rows Removed by Filter": 13019,"Workers": []}]}]}]}]},"Planning Time": 3.447,"Triggers": [],"Execution Time": 1678.368}]
[{"Plan": {"Node Type": "Aggregate","Strategy": "Sorted","Partial Mode": "Finalize","Parallel Aware": false,"Async Capable": false,"Startup Cost": 183838.98,"Total Cost": 183842.80,"Plan Rows": 6,"Plan Width": 236,"Actual Startup Time": 1639.650,"Actual Total Time": 1673.848,"Actual Rows": 4,"Actual Loops": 1,"Group Key": ["l_returnflag", "l_linestatus"],"Plans": [{"Node Type": "Gather Merge","Parent Relationship": "Outer","Parallel Aware": false,"Async Capable": false,"Startup Cost": 183838.98,"Total Cost": 183841.86,"Plan Rows": 24,"Plan Width": 236,"Actual Startup Time": 1639.575,"Actual Total Time": 1673.737,"Actual Rows": 20,"Actual Loops": 1,"Workers Planned": 4,"Workers Launched": 4,"Plans": [{"Node Type": "Sort","Parent Relationship": "Outer","Parallel Aware": false,"Async Capable": false,"Startup Cost": 182838.92,"Total Cost": 182838.94,"Plan Rows": 6,"Plan Width": 236,"Actual Startup Time": 1631.806,"Actual Total Time": 1631.813,"Actual Rows": 4,"Actual Loops": 5,"Sort Key": ["l_returnflag", "l_linestatus"],"Sort Method": "quicksort","Sort Space Used": 27,"Sort Space Type": "Memory","Workers": [{"Worker Number": 0,"Sort Method": "quicksort","Sort Space Used": 27,"Sort Space Type": "Memory"},{"Worker Number": 1,"Sort Method": "quicksort","Sort Space Used": 27,"Sort Space Type": "Memory"},{"Worker Number": 2,"Sort Method": "quicksort","Sort Space Used": 27,"Sort Space Type": "Memory"},{"Worker Number": 3,"Sort Method": "quicksort","Sort Space Used": 27,"Sort Space Type": "Memory"}],"Plans": [{"Node Type": "Aggregate","Strategy": "Hashed","Partial Mode": "Partial","Parent Relationship": "Outer","Parallel Aware": false,"Async Capable": false,"Startup Cost": 182838.71,"Total Cost": 182838.85,"Plan Rows": 6,"Plan Width": 236,"Actual Startup Time": 1631.677,"Actual Total Time": 1631.690,"Actual Rows": 4,"Actual Loops": 5,"Group Key": ["l_returnflag", "l_linestatus"],"Planned Partitions": 0,"HashAgg Batches": 1,"Peak Memory Usage": 32,"Disk Usage": 0,"Workers": [{"Worker Number": 0,"HashAgg Batches": 1,"Peak Memory Usage": 32,"Disk Usage": 0},{"Worker Number": 1,"HashAgg Batches": 1,"Peak Memory Usage": 32,"Disk Usage": 0},{"Worker Number": 2,"HashAgg Batches": 1,"Peak Memory Usage": 32,"Disk Usage": 0},{"Worker Number": 3,"HashAgg Batches": 1,"Peak Memory Usage": 32,"Disk Usage": 0}],"Plans": [{"Node Type": "Seq Scan","Parent Relationship": "Outer","Parallel Aware": true,"Async Capable": false,"Relation Name": "lineitem","Alias": "lineitem","Startup Cost": 0.00,"Total Cost": 131256.80,"Plan Rows": 1473769,"Plan Width": 25,"Actual Startup Time": 0.045,"Actual Total Time": 617.011,"Actual Rows": 1179363,"Actual Loops": 5,"Filter": "(l_shipdate <= '1998-08-23 00:00:00'::timestamp without time zone)","Rows Removed by Filter": 20880,"Workers": []}]}]}]}]},"Planning Time": 3.143,"Triggers": [],"Execution Time": 1674.117}]
[{"Plan": {"Node Type": "Aggregate","Strategy": "Sorted","Partial Mode": "Finalize","Parallel Aware": false,"Async Capable": false,"Startup Cost": 184189.16,"Total Cost": 184192.98,"Plan Rows": 6,"Plan Width": 236,"Actual Startup Time": 1645.674,"Actual Total Time": 1680.009,"Actual Rows": 4,"Actual Loops": 1,"Group Key": ["l_returnflag", "l_linestatus"],"Plans": [{"Node Type": "Gather Merge","Parent Relationship": "Outer","Parallel Aware": false,"Async Capable": false,"Startup Cost": 184189.16,"Total Cost": 184192.03,"Plan Rows": 24,"Plan Width": 236,"Actual Startup Time": 1645.562,"Actual Total Time": 1679.891,"Actual Rows": 20,"Actual Loops": 1,"Workers Planned": 4,"Workers Launched": 4,"Plans": [{"Node Type": "Sort","Parent Relationship": "Outer","Parallel Aware": false,"Async Capable": false,"Startup Cost": 183189.10,"Total Cost": 183189.11,"Plan Rows": 6,"Plan Width": 236,"Actual Startup Time": 1638.058,"Actual Total Time": 1638.062,"Actual Rows": 4,"Actual Loops": 5,"Sort Key": ["l_returnflag", "l_linestatus"],"Sort Method": "quicksort","Sort Space Used": 27,"Sort Space Type": "Memory","Workers": [{"Worker Number": 0,"Sort Method": "quicksort","Sort Space Used": 27,"Sort Space Type": "Memory"},{"Worker Number": 1,"Sort Method": "quicksort","Sort Space Used": 27,"Sort Space Type": "Memory"},{"Worker Number": 2,"Sort Method": "quicksort","Sort Space Used": 27,"Sort Space Type": "Memory"},{"Worker Number": 3,"Sort Method": "quicksort","Sort Space Used": 27,"Sort Space Type": "Memory"}],"Plans": [{"Node Type": "Aggregate","Strategy": "Hashed","Partial Mode": "Partial","Parent Relationship": "Outer","Parallel Aware": false,"Async Capable": false,"Startup Cost": 183188.89,"Total Cost": 183189.02,"Plan Rows": 6,"Plan Width": 236,"Actual Startup Time": 1637.958,"Actual Total Time": 1637.967,"Actual Rows": 4,"Actual Loops": 5,"Group Key": ["l_returnflag", "l_linestatus"],"Planned Partitions": 0,"HashAgg Batches": 1,"Peak Memory Usage": 32,"Disk Usage": 0,"Workers": [{"Worker Number": 0,"HashAgg Batches": 1,"Peak Memory Usage": 32,"Disk Usage": 0},{"Worker Number": 1,"HashAgg Batches": 1,"Peak Memory Usage": 32,"Disk Usage": 0},{"Worker Number": 2,"HashAgg Batches": 1,"Peak Memory Usage": 32,"Disk Usage": 0},{"Worker Number": 3,"HashAgg Batches": 1,"Peak Memory Usage": 32,"Disk Usage": 0}],"Plans": [{"Node Type": "Seq Scan","Parent Relationship": "Outer","Parallel Aware": true,"Async Capable": false,"Relation Name": "lineitem","Alias": "lineitem","Startup Cost": 0.00,"Total Cost": 131256.80,"Plan Rows": 1483774,"Plan Width": 25,"Actual Startup Time": 0.042,"Actual Total Time": 618.846,"Actual Rows": 1187863,"Actual Loops": 5,"Filter": "(l_shipdate <= '1998-09-15 00:00:00'::timestamp without time zone)","Rows Removed by Filter": 12380,"Workers": []}]}]}]}]},"Planning Time": 3.014,"Triggers": [],"Execution Time": 1680.406}]
[{"Plan": {"Node Type": "Aggregate","Strategy": "Sorted","Partial Mode": "Finalize","Parallel Aware": false,"Async Capable": false,"Startup Cost": 184158.71,"Total Cost": 184162.53,"Plan Rows": 6,"Plan Width": 236,"Actual Startup Time": 1644.692,"Actual Total Time": 1677.942,"Actual Rows": 4,"Actual Loops": 1,"Group Key": ["l_returnflag", "l_linestatus"],"Plans": [{"Node Type": "Gather Merge","Parent Relationship": "Outer","Parallel Aware": false,"Async Capable": false,"Startup Cost": 184158.71,"Total Cost": 184161.58,"Plan Rows": 24,"Plan Width": 236,"Actual Startup Time": 1644.623,"Actual Total Time": 1677.838,"Actual Rows": 20,"Actual Loops": 1,"Workers Planned": 4,"Workers Launched": 4,"Plans": [{"Node Type": "Sort","Parent Relationship": "Outer","Parallel Aware": false,"Async Capable": false,"Startup Cost": 183158.65,"Total Cost": 183158.66,"Plan Rows": 6,"Plan Width": 236,"Actual Startup Time": 1636.538,"Actual Total Time": 1636.541,"Actual Rows": 4,"Actual Loops": 5,"Sort Key": ["l_returnflag", "l_linestatus"],"Sort Method": "quicksort","Sort Space Used": 27,"Sort Space Type": "Memory","Workers": [{"Worker Number": 0,"Sort Method": "quicksort","Sort Space Used": 27,"Sort Space Type": "Memory"},{"Worker Number": 1,"Sort Method": "quicksort","Sort Space Used": 27,"Sort Space Type": "Memory"},{"Worker Number": 2,"Sort Method": "quicksort","Sort Space Used": 27,"Sort Space Type": "Memory"},{"Worker Number": 3,"Sort Method": "quicksort","Sort Space Used": 27,"Sort Space Type": "Memory"}],"Plans": [{"Node Type": "Aggregate","Strategy": "Hashed","Partial Mode": "Partial","Parent Relationship": "Outer","Parallel Aware": false,"Async Capable": false,"Startup Cost": 183158.44,"Total Cost": 183158.57,"Plan Rows": 6,"Plan Width": 236,"Actual Startup Time": 1636.415,"Actual Total Time": 1636.424,"Actual Rows": 4,"Actual Loops": 5,"Group Key": ["l_returnflag", "l_linestatus"],"Planned Partitions": 0,"HashAgg Batches": 1,"Peak Memory Usage": 32,"Disk Usage": 0,"Workers": [{"Worker Number": 0,"HashAgg Batches": 1,"Peak Memory Usage": 32,"Disk Usage": 0},{"Worker Number": 1,"HashAgg Batches": 1,"Peak Memory Usage": 32,"Disk Usage": 0},{"Worker Number": 2,"HashAgg Batches": 1,"Peak Memory Usage": 32,"Disk Usage": 0},{"Worker Number": 3,"HashAgg Batches": 1,"Peak Memory Usage": 32,"Disk Usage": 0}],"Plans": [{"Node Type": "Seq Scan","Parent Relationship": "Outer","Parallel Aware": true,"Async Capable": false,"Relation Name": "lineitem","Alias": "lineitem","Startup Cost": 0.00,"Total Cost": 131256.80,"Plan Rows": 1482904,"Plan Width": 25,"Actual Startup Time": 0.036,"Actual Total Time": 612.237,"Actual Rows": 1187224,"Actual Loops": 5,"Filter": "(l_shipdate <= '1998-09-13 00:00:00'::timestamp without time zone)","Rows Removed by Filter": 13019,"Workers": []}]}]}]}]},"Planning Time": 3.447,"Triggers": [],"Execution Time": 1678.368}]
[{"Plan": {"Node Type": "Aggregate","Strategy": "Sorted","Partial Mode": "Finalize","Parallel Aware": false,"Async Capable": false,"Startup Cost": 183823.76,"Total Cost": 183827.58,"Plan Rows": 6,"Plan Width": 236,"Actual Startup Time": 1622.288,"Actual Total Time": 1656.246,"Actual Rows": 4,"Actual Loops": 1,"Group Key": ["l_returnflag", "l_linestatus"],"Plans": [{"Node Type": "Gather Merge","Parent Relationship": "Outer","Parallel Aware": false,"Async Capable": false,"Startup Cost": 183823.76,"Total Cost": 183826.63,"Plan Rows": 24,"Plan Width": 236,"Actual Startup Time": 1622.220,"Actual Total Time": 1656.142,"Actual Rows": 20,"Actual Loops": 1,"Workers Planned": 4,"Workers Launched": 4,"Plans": [{"Node Type": "Sort","Parent Relationship": "Outer","Parallel Aware": false,"Async Capable": false,"Startup Cost": 182823.70,"Total Cost": 182823.71,"Plan Rows": 6,"Plan Width": 236,"Actual Startup Time": 1613.903,"Actual Total Time": 1613.909,"Actual Rows": 4,"Actual Loops": 5,"Sort Key": ["l_returnflag", "l_linestatus"],"Sort Method": "quicksort","Sort Space Used": 27,"Sort Space Type": "Memory","Workers": [{"Worker Number": 0,"Sort Method": "quicksort","Sort Space Used": 27,"Sort Space Type": "Memory"},{"Worker Number": 1,"Sort Method": "quicksort","Sort Space Used": 27,"Sort Space Type": "Memory"},{"Worker Number": 2,"Sort Method": "quicksort","Sort Space Used": 27,"Sort Space Type": "Memory"},{"Worker Number": 3,"Sort Method": "quicksort","Sort Space Used": 27,"Sort Space Type": "Memory"}],"Plans": [{"Node Type": "Aggregate","Strategy": "Hashed","Partial Mode": "Partial","Parent Relationship": "Outer","Parallel Aware": false,"Async Capable": false,"Startup Cost": 182823.49,"Total Cost": 182823.62,"Plan Rows": 6,"Plan Width": 236,"Actual Startup Time": 1613.785,"Actual Total Time": 1613.796,"Actual Rows": 4,"Actual Loops": 5,"Group Key": ["l_returnflag", "l_linestatus"],"Planned Partitions": 0,"HashAgg Batches": 1,"Peak Memory Usage": 32,"Disk Usage": 0,"Workers": [{"Worker Number": 0,"HashAgg Batches": 1,"Peak Memory Usage": 32,"Disk Usage": 0},{"Worker Number": 1,"HashAgg Batches": 1,"Peak Memory Usage": 32,"Disk Usage": 0},{"Worker Number": 2,"HashAgg Batches": 1,"Peak Memory Usage": 32,"Disk Usage": 0},{"Worker Number": 3,"HashAgg Batches": 1,"Peak Memory Usage": 32,"Disk Usage": 0}],"Plans": [{"Node Type": "Seq Scan","Parent Relationship": "Outer","Parallel Aware": true,"Async Capable": false,"Relation Name": "lineitem","Alias": "lineitem","Startup Cost": 0.00,"Total Cost": 131256.80,"Plan Rows": 1473334,"Plan Width": 25,"Actual Startup Time": 0.047,"Actual Total Time": 599.978,"Actual Rows": 1178947,"Actual Loops": 5,"Filter": "(l_shipdate <= '1998-08-22 00:00:00'::timestamp without time zone)","Rows Removed by Filter": 21296,"Workers": []}]}]}]}]},"Planning Time": 2.579,"Triggers": [],"Execution Time": 1656.641}]
[{"Plan": {"Node Type": "Aggregate","Strategy": "Sorted","Partial Mode": "Finalize","Parallel Aware": false,"Async Capable": false,"Startup Cost": 183915.11,"Total Cost": 183918.93,"Plan Rows": 6,"Plan Width": 236,"Actual Startup Time": 1617.865,"Actual Total Time": 1652.425,"Actual Rows": 4,"Actual Loops": 1,"Group Key": ["l_returnflag", "l_linestatus"],"Plans": [{"Node Type": "Gather Merge","Parent Relationship": "Outer","Parallel Aware": false,"Async Capable": false,"Startup Cost": 183915.11,"Total Cost": 183917.98,"Plan Rows": 24,"Plan Width": 236,"Actual Startup Time": 1617.776,"Actual Total Time": 1652.277,"Actual Rows": 20,"Actual Loops": 1,"Workers Planned": 4,"Workers Launched": 4,"Plans": [{"Node Type": "Sort","Parent Relationship": "Outer","Parallel Aware": false,"Async Capable": false,"Startup Cost": 182915.05,"Total Cost": 182915.06,"Plan Rows": 6,"Plan Width": 236,"Actual Startup Time": 1610.319,"Actual Total Time": 1610.323,"Actual Rows": 4,"Actual Loops": 5,"Sort Key": ["l_returnflag", "l_linestatus"],"Sort Method": "quicksort","Sort Space Used": 27,"Sort Space Type": "Memory","Workers": [{"Worker Number": 0,"Sort Method": "quicksort","Sort Space Used": 27,"Sort Space Type": "Memory"},{"Worker Number": 1,"Sort Method": "quicksort","Sort Space Used": 27,"Sort Space Type": "Memory"},{"Worker Number": 2,"Sort Method": "quicksort","Sort Space Used": 27,"Sort Space Type": "Memory"},{"Worker Number": 3,"Sort Method": "quicksort","Sort Space Used": 27,"Sort Space Type": "Memory"}],"Plans": [{"Node Type": "Aggregate","Strategy": "Hashed","Partial Mode": "Partial","Parent Relationship": "Outer","Parallel Aware": false,"Async Capable": false,"Startup Cost": 182914.84,"Total Cost": 182914.97,"Plan Rows": 6,"Plan Width": 236,"Actual Startup Time": 1610.220,"Actual Total Time": 1610.228,"Actual Rows": 4,"Actual Loops": 5,"Group Key": ["l_returnflag", "l_linestatus"],"Planned Partitions": 0,"HashAgg Batches": 1,"Peak Memory Usage": 32,"Disk Usage": 0,"Workers": [{"Worker Number": 0,"HashAgg Batches": 1,"Peak Memory Usage": 32,"Disk Usage": 0},{"Worker Number": 1,"HashAgg Batches": 1,"Peak Memory Usage": 32,"Disk Usage": 0},{"Worker Number": 2,"HashAgg Batches": 1,"Peak Memory Usage": 32,"Disk Usage": 0},{"Worker Number": 3,"HashAgg Batches": 1,"Peak Memory Usage": 32,"Disk Usage": 0}],"Plans": [{"Node Type": "Seq Scan","Parent Relationship": "Outer","Parallel Aware": true,"Async Capable": false,"Relation Name": "lineitem","Alias": "lineitem","Startup Cost": 0.00,"Total Cost": 131256.80,"Plan Rows": 1475944,"Plan Width": 25,"Actual Startup Time": 0.051,"Actual Total Time": 598.821,"Actual Rows": 1181394,"Actual Loops": 5,"Filter": "(l_shipdate <= '1998-08-28 00:00:00'::timestamp without time zone)","Rows Removed by Filter": 18849,"Workers": []}]}]}]}]},"Planning Time": 2.726,"Triggers": [],"Execution Time": 1652.808}]
[{"Plan": {"Node Type": "Aggregate","Strategy": "Sorted","Partial Mode": "Finalize","Parallel Aware": false,"Async Capable": false,"Startup Cost": 183808.53,"Total Cost": 183812.35,"Plan Rows": 6,"Plan Width": 236,"Actual Startup Time": 1619.235,"Actual Total Time": 1653.260,"Actual Rows": 4,"Actual Loops": 1,"Group Key": ["l_returnflag", "l_linestatus"],"Plans": [{"Node Type": "Gather Merge","Parent Relationship": "Outer","Parallel Aware": false,"Async Capable": false,"Startup Cost": 183808.53,"Total Cost": 183811.41,"Plan Rows": 24,"Plan Width": 236,"Actual Startup Time": 1619.159,"Actual Total Time": 1653.151,"Actual Rows": 20,"Actual Loops": 1,"Workers Planned": 4,"Workers Launched": 4,"Plans": [{"Node Type": "Sort","Parent Relationship": "Outer","Parallel Aware": false,"Async Capable": false,"Startup Cost": 182808.47,"Total Cost": 182808.49,"Plan Rows": 6,"Plan Width": 236,"Actual Startup Time": 1611.659,"Actual Total Time": 1611.663,"Actual Rows": 4,"Actual Loops": 5,"Sort Key": ["l_returnflag", "l_linestatus"],"Sort Method": "quicksort","Sort Space Used": 27,"Sort Space Type": "Memory","Workers": [{"Worker Number": 0,"Sort Method": "quicksort","Sort Space Used": 27,"Sort Space Type": "Memory"},{"Worker Number": 1,"Sort Method": "quicksort","Sort Space Used": 27,"Sort Space Type": "Memory"},{"Worker Number": 2,"Sort Method": "quicksort","Sort Space Used": 27,"Sort Space Type": "Memory"},{"Worker Number": 3,"Sort Method": "quicksort","Sort Space Used": 27,"Sort Space Type": "Memory"}],"Plans": [{"Node Type": "Aggregate","Strategy": "Hashed","Partial Mode": "Partial","Parent Relationship": "Outer","Parallel Aware": false,"Async Capable": false,"Startup Cost": 182808.26,"Total Cost": 182808.40,"Plan Rows": 6,"Plan Width": 236,"Actual Startup Time": 1611.564,"Actual Total Time": 1611.571,"Actual Rows": 4,"Actual Loops": 5,"Group Key": ["l_returnflag", "l_linestatus"],"Planned Partitions": 0,"HashAgg Batches": 1,"Peak Memory Usage": 32,"Disk Usage": 0,"Workers": [{"Worker Number": 0,"HashAgg Batches": 1,"Peak Memory Usage": 32,"Disk Usage": 0},{"Worker Number": 1,"HashAgg Batches": 1,"Peak Memory Usage": 32,"Disk Usage": 0},{"Worker Number": 2,"HashAgg Batches": 1,"Peak Memory Usage": 32,"Disk Usage": 0},{"Worker Number": 3,"HashAgg Batches": 1,"Peak Memory Usage": 32,"Disk Usage": 0}],"Plans": [{"Node Type": "Seq Scan","Parent Relationship": "Outer","Parallel Aware": true,"Async Capable": false,"Relation Name": "lineitem","Alias": "lineitem","Startup Cost": 0.00,"Total Cost": 131256.80,"Plan Rows": 1472899,"Plan Width": 25,"Actual Startup Time": 0.037,"Actual Total Time": 601.894,"Actual Rows": 1178523,"Actual Loops": 5,"Filter": "(l_shipdate <= '1998-08-21 00:00:00'::timestamp without time zone)","Rows Removed by Filter": 21720,"Workers": []}]}]}]}]},"Planning Time": 2.978,"Triggers": [],"Execution Time": 1653.673}]
[{"Plan": {"Node Type": "Aggregate","Strategy": "Sorted","Partial Mode": "Finalize","Parallel Aware": false,"Async Capable": false,"Startup Cost": 184006.46,"Total Cost": 184010.28,"Plan Rows": 6,"Plan Width": 236,"Actual Startup Time": 1637.563,"Actual Total Time": 1670.763,"Actual Rows": 4,"Actual Loops": 1,"Group Key": ["l_returnflag", "l_linestatus"],"Plans": [{"Node Type": "Gather Merge","Parent Relationship": "Outer","Parallel Aware": false,"Async Capable": false,"Startup Cost": 184006.46,"Total Cost": 184009.33,"Plan Rows": 24,"Plan Width": 236,"Actual Startup Time": 1637.486,"Actual Total Time": 1670.648,"Actual Rows": 20,"Actual Loops": 1,"Workers Planned": 4,"Workers Launched": 4,"Plans": [{"Node Type": "Sort","Parent Relationship": "Outer","Parallel Aware": false,"Async Capable": false,"Startup Cost": 183006.40,"Total Cost": 183006.41,"Plan Rows": 6,"Plan Width": 236,"Actual Startup Time": 1629.890,"Actual Total Time": 1629.896,"Actual Rows": 4,"Actual Loops": 5,"Sort Key": ["l_returnflag", "l_linestatus"],"Sort Method": "quicksort","Sort Space Used": 27,"Sort Space Type": "Memory","Workers": [{"Worker Number": 0,"Sort Method": "quicksort","Sort Space Used": 27,"Sort Space Type": "Memory"},{"Worker Number": 1,"Sort Method": "quicksort","Sort Space Used": 27,"Sort Space Type": "Memory"},{"Worker Number": 2,"Sort Method": "quicksort","Sort Space Used": 27,"Sort Space Type": "Memory"},{"Worker Number": 3,"Sort Method": "quicksort","Sort Space Used": 27,"Sort Space Type": "Memory"}],"Plans": [{"Node Type": "Aggregate","Strategy": "Hashed","Partial Mode": "Partial","Parent Relationship": "Outer","Parallel Aware": false,"Async Capable": false,"Startup Cost": 183006.19,"Total Cost": 183006.32,"Plan Rows": 6,"Plan Width": 236,"Actual Startup Time": 1629.716,"Actual Total Time": 1629.726,"Actual Rows": 4,"Actual Loops": 5,"Group Key": ["l_returnflag", "l_linestatus"],"Planned Partitions": 0,"HashAgg Batches": 1,"Peak Memory Usage": 32,"Disk Usage": 0,"Workers": [{"Worker Number": 0,"HashAgg Batches": 1,"Peak Memory Usage": 32,"Disk Usage": 0},{"Worker Number": 1,"HashAgg Batches": 1,"Peak Memory Usage": 32,"Disk Usage": 0},{"Worker Number": 2,"HashAgg Batches": 1,"Peak Memory Usage": 32,"Disk Usage": 0},{"Worker Number": 3,"HashAgg Batches": 1,"Peak Memory Usage": 32,"Disk Usage": 0}],"Plans": [{"Node Type": "Seq Scan","Parent Relationship": "Outer","Parallel Aware": true,"Async Capable": false,"Relation Name": "lineitem","Alias": "lineitem","Startup Cost": 0.00,"Total Cost": 131256.80,"Plan Rows": 1478554,"Plan Width": 25,"Actual Startup Time": 0.036,"Actual Total Time": 613.531,"Actual Rows": 1183691,"Actual Loops": 5,"Filter": "(l_shipdate <= '1998-09-03 00:00:00'::timestamp without time zone)","Rows Removed by Filter": 16552,"Workers": []}]}]}]}]},"Planning Time": 3.591,"Triggers": [],"Execution Time": 1671.277}]
[{"Plan": {"Node Type": "Aggregate","Strategy": "Sorted","Partial Mode": "Finalize","Parallel Aware": false,"Async Capable": false,"Startup Cost": 183612.95,"Total Cost": 183616.77,"Plan Rows": 6,"Plan Width": 236,"Actual Startup Time": 1638.871,"Actual Total Time": 1672.616,"Actual Rows": 4,"Actual Loops": 1,"Group Key": ["l_returnflag", "l_linestatus"],"Plans": [{"Node Type": "Gather Merge","Parent Relationship": "Outer","Parallel Aware": false,"Async Capable": false,"Startup Cost": 183612.95,"Total Cost": 183615.83,"Plan Rows": 24,"Plan Width": 236,"Actual Startup Time": 1638.797,"Actual Total Time": 1672.514,"Actual Rows": 20,"Actual Loops": 1,"Workers Planned": 4,"Workers Launched": 4,"Plans": [{"Node Type": "Sort","Parent Relationship": "Outer","Parallel Aware": false,"Async Capable": false,"Startup Cost": 182612.89,"Total Cost": 182612.91,"Plan Rows": 6,"Plan Width": 236,"Actual Startup Time": 1630.744,"Actual Total Time": 1630.751,"Actual Rows": 4,"Actual Loops": 5,"Sort Key": ["l_returnflag", "l_linestatus"],"Sort Method": "quicksort","Sort Space Used": 27,"Sort Space Type": "Memory","Workers": [{"Worker Number": 0,"Sort Method": "quicksort","Sort Space Used": 27,"Sort Space Type": "Memory"},{"Worker Number": 1,"Sort Method": "quicksort","Sort Space Used": 27,"Sort Space Type": "Memory"},{"Worker Number": 2,"Sort Method": "quicksort","Sort Space Used": 27,"Sort Space Type": "Memory"},{"Worker Number": 3,"Sort Method": "quicksort","Sort Space Used": 27,"Sort Space Type": "Memory"}],"Plans": [{"Node Type": "Aggregate","Strategy": "Hashed","Partial Mode": "Partial","Parent Relationship": "Outer","Parallel Aware": false,"Async Capable": false,"Startup Cost": 182612.68,"Total Cost": 182612.82,"Plan Rows": 6,"Plan Width": 236,"Actual Startup Time": 1630.518,"Actual Total Time": 1630.530,"Actual Rows": 4,"Actual Loops": 5,"Group Key": ["l_returnflag", "l_linestatus"],"Planned Partitions": 0,"HashAgg Batches": 1,"Peak Memory Usage": 32,"Disk Usage": 0,"Workers": [{"Worker Number": 0,"HashAgg Batches": 1,"Peak Memory Usage": 32,"Disk Usage": 0},{"Worker Number": 1,"HashAgg Batches": 1,"Peak Memory Usage": 32,"Disk Usage": 0},{"Worker Number": 2,"HashAgg Batches": 1,"Peak Memory Usage": 32,"Disk Usage": 0},{"Worker Number": 3,"HashAgg Batches": 1,"Peak Memory Usage": 32,"Disk Usage": 0}],"Plans": [{"Node Type": "Seq Scan","Parent Relationship": "Outer","Parallel Aware": true,"Async Capable": false,"Relation Name": "lineitem","Alias": "lineitem","Startup Cost": 0.00,"Total Cost": 131256.80,"Plan Rows": 1467311,"Plan Width": 25,"Actual Startup Time": 0.045,"Actual Total Time": 621.213,"Actual Rows": 1173591,"Actual Loops": 5,"Filter": "(l_shipdate <= '1998-08-10 00:00:00'::timestamp without time zone)","Rows Removed by Filter": 26652,"Workers": []}]}]}]}]},"Planning Time": 3.248,"Triggers": [],"Execution Time": 1673.047}]
[{"Plan": {"Node Type": "Aggregate","Strategy": "Sorted","Partial Mode": "Finalize","Parallel Aware": false,"Async Capable": false,"Startup Cost": 184278.41,"Total Cost": 184282.23,"Plan Rows": 6,"Plan Width": 236,"Actual Startup Time": 1657.585,"Actual Total Time": 1690.491,"Actual Rows": 4,"Actual Loops": 1,"Group Key": ["l_returnflag", "l_linestatus"],"Plans": [{"Node Type": "Gather Merge","Parent Relationship": "Outer","Parallel Aware": false,"Async Capable": false,"Startup Cost": 184278.41,"Total Cost": 184281.28,"Plan Rows": 24,"Plan Width": 236,"Actual Startup Time": 1657.498,"Actual Total Time": 1690.371,"Actual Rows": 20,"Actual Loops": 1,"Workers Planned": 4,"Workers Launched": 4,"Plans": [{"Node Type": "Sort","Parent Relationship": "Outer","Parallel Aware": false,"Async Capable": false,"Startup Cost": 183278.35,"Total Cost": 183278.36,"Plan Rows": 6,"Plan Width": 236,"Actual Startup Time": 1649.559,"Actual Total Time": 1649.565,"Actual Rows": 4,"Actual Loops": 5,"Sort Key": ["l_returnflag", "l_linestatus"],"Sort Method": "quicksort","Sort Space Used": 27,"Sort Space Type": "Memory","Workers": [{"Worker Number": 0,"Sort Method": "quicksort","Sort Space Used": 27,"Sort Space Type": "Memory"},{"Worker Number": 1,"Sort Method": "quicksort","Sort Space Used": 27,"Sort Space Type": "Memory"},{"Worker Number": 2,"Sort Method": "quicksort","Sort Space Used": 27,"Sort Space Type": "Memory"},{"Worker Number": 3,"Sort Method": "quicksort","Sort Space Used": 27,"Sort Space Type": "Memory"}],"Plans": [{"Node Type": "Aggregate","Strategy": "Hashed","Partial Mode": "Partial","Parent Relationship": "Outer","Parallel Aware": false,"Async Capable": false,"Startup Cost": 183278.14,"Total Cost": 183278.27,"Plan Rows": 6,"Plan Width": 236,"Actual Startup Time": 1649.443,"Actual Total Time": 1649.453,"Actual Rows": 4,"Actual Loops": 5,"Group Key": ["l_returnflag", "l_linestatus"],"Planned Partitions": 0,"HashAgg Batches": 1,"Peak Memory Usage": 32,"Disk Usage": 0,"Workers": [{"Worker Number": 0,"HashAgg Batches": 1,"Peak Memory Usage": 32,"Disk Usage": 0},{"Worker Number": 1,"HashAgg Batches": 1,"Peak Memory Usage": 32,"Disk Usage": 0},{"Worker Number": 2,"HashAgg Batches": 1,"Peak Memory Usage": 32,"Disk Usage": 0},{"Worker Number": 3,"HashAgg Batches": 1,"Peak Memory Usage": 32,"Disk Usage": 0}],"Plans": [{"Node Type": "Seq Scan","Parent Relationship": "Outer","Parallel Aware": true,"Async Capable": false,"Relation Name": "lineitem","Alias": "lineitem","Startup Cost": 0.00,"Total Cost": 131256.80,"Plan Rows": 1486324,"Plan Width": 25,"Actual Startup Time": 0.045,"Actual Total Time": 616.953,"Actual Rows": 1190268,"Actual Loops": 5,"Filter": "(l_shipdate <= '1998-09-23 00:00:00'::timestamp without time zone)","Rows Removed by Filter": 9975,"Workers": []}]}]}]}]},"Planning Time": 3.178,"Triggers": [],"Execution Time": 1690.759}]
