[{"Plan": {"Node Type": "Sort","Parallel Aware": false,"Async Capable": false,"Startup Cost": 135821.55,"Total Cost": 135971.77,"Plan Rows": 60088,"Plan Width": 280,"Actual Startup Time": 612.241,"Actual Total Time": 654.721,"Actual Rows": 38271,"Actual Loops": 1,"Sort Key": ["(sum((lineitem.l_extendedprice * ('1'::numeric - lineitem.l_discount)))) DESC"],"Sort Method": "quicksort","Sort Space Used": 9908,"Sort Space Type": "Memory","Plans": [{"Node Type": "Aggregate","Strategy": "Hashed","Partial Mode": "Simple","Parent Relationship": "Outer","Parallel Aware": false,"Async Capable": false,"Startup Cost": 130301.02,"Total Cost": 131052.12,"Plan Rows": 60088,"Plan Width": 280,"Actual Startup Time": 429.301,"Actual Total Time": 581.634,"Actual Rows": 38271,"Actual Loops": 1,"Group Key": ["customer.c_custkey", "nation.n_name"],"Planned Partitions": 0,"HashAgg Batches": 1,"Peak Memory Usage": 27665,"Disk Usage": 0,"Plans": [{"Node Type": "Gather","Parent Relationship": "Outer","Parallel Aware": false,"Async Capable": false,"Startup Cost": 6839.13,"Total Cost": 129549.92,"Plan Rows": 60088,"Plan Width": 260,"Actual Startup Time": 85.611,"Actual Total Time": 294.175,"Actual Rows": 115282,"Actual Loops": 1,"Workers Planned": 3,"Workers Launched": 3,"Single Copy": false,"Plans": [{"Node Type": "Hash Join","Parent Relationship": "Outer","Parallel Aware": false,"Async Capable": false,"Join Type": "Inner","Startup Cost": 5839.13,"Total Cost": 122541.12,"Plan Rows": 19383,"Plan Width": 260,"Actual Startup Time": 78.447,"Actual Total Time": 371.364,"Actual Rows": 28820,"Actual Loops": 4,"Inner Unique": true,"Hash Cond": "(customer.c_nationkey = nation.n_nationkey)","Workers": [],"Plans": [{"Node Type": "Hash Join","Parent Relationship": "Outer","Parallel Aware": true,"Async Capable": false,"Join Type": "Inner","Startup Cost": 5837.56,"Total Cost": 122480.06,"Plan Rows": 19383,"Plan Width": 160,"Actual Startup Time": 78.051,"Actual Total Time": 362.469,"Actual Rows": 28820,"Actual Loops": 4,"Inner Unique": true,"Hash Cond": "(orders.o_custkey = customer.c_custkey)","Workers": [],"Plans": [{"Node Type": "Nested Loop","Parent Relationship": "Outer","Parallel Aware": false,"Async Capable": false,"Join Type": "Inner","Startup Cost": 846.31,"Total Cost": 117437.93,"Plan Rows": 19383,"Plan Width": 16,"Actual Startup Time": 13.660,"Actual Total Time": 255.763,"Actual Rows": 28820,"Actual Loops": 4,"Inner Unique": false,"Workers": [],"Plans": [{"Node Type": "Bitmap Heap Scan","Parent Relationship": "Outer","Parallel Aware": true,"Async Capable": false,"Relation Name": "orders","Alias": "orders","Startup Cost": 845.88,"Total Cost": 27236.14,"Plan Rows": 19684,"Plan Width": 8,"Actual Startup Time": 13.594,"Actual Total Time": 71.334,"Actual Rows": 14421,"Actual Loops": 4,"Recheck Cond": "((o_orderdate >= '1994-11-01'::date) AND (o_orderdate < '1995-02-01 00:00:00'::timestamp without time zone))","Rows Removed by Index Recheck": 0,"Exact Heap Blocks": 3552,"Lossy Heap Blocks": 0,"Workers": [],"Plans": [{"Node Type": "Bitmap Index Scan","Parent Relationship": "Outer","Parallel Aware": false,"Async Capable": false,"Index Name": "idx_orders_orderdate","Startup Cost": 0.00,"Total Cost": 830.63,"Plan Rows": 61020,"Plan Width": 0,"Actual Startup Time": 10.499,"Actual Total Time": 10.499,"Actual Rows": 57683,"Actual Loops": 1,"Index Cond": "((o_orderdate >= '1994-11-01'::date) AND (o_orderdate < '1995-02-01 00:00:00'::timestamp without time zone))","Workers": []}]},{"Node Type": "Index Scan","Parent Relationship": "Inner","Parallel Aware": false,"Async Capable": false,"Scan Direction": "Forward","Index Name": "idx_lineitem_orderkey","Relation Name": "lineitem","Alias": "lineitem","Startup Cost": 0.43,"Total Cost": 4.54,"Plan Rows": 4,"Plan Width": 16,"Actual Startup Time": 0.010,"Actual Total Time": 0.012,"Actual Rows": 2,"Actual Loops": 57683,"Index Cond": "(l_orderkey = orders.o_orderkey)","Rows Removed by Index Recheck": 0,"Filter": "(l_returnflag = 'R'::bpchar)","Rows Removed by Filter": 2,"Workers": []}]},{"Node Type": "Hash","Parent Relationship": "Inner","Parallel Aware": true,"Async Capable": false,"Startup Cost": 4210.00,"Total Cost": 4210.00,"Plan Rows": 62500,"Plan Width": 148,"Actual Startup Time": 63.847,"Actual Total Time": 63.854,"Actual Rows": 37500,"Actual Loops": 4,"Hash Buckets": 262144,"Original Hash Buckets": 262144,"Hash Batches": 1,"Original Hash Batches": 1,"Peak Memory Usage": 29312,"Workers": [],"Plans": [{"Node Type": "Seq Scan","Parent Relationship": "Outer","Parallel Aware": true,"Async Capable": false,"Relation Name": "customer","Alias": "customer","Startup Cost": 0.00,"Total Cost": 4210.00,"Plan Rows": 62500,"Plan Width": 148,"Actual Startup Time": 0.028,"Actual Total Time": 27.532,"Actual Rows": 37500,"Actual Loops": 4,"Workers": []}]}]},{"Node Type": "Hash","Parent Relationship": "Inner","Parallel Aware": false,"Async Capable": false,"Startup Cost": 1.25,"Total Cost": 1.25,"Plan Rows": 25,"Plan Width": 108,"Actual Startup Time": 0.090,"Actual Total Time": 0.096,"Actual Rows": 25,"Actual Loops": 4,"Hash Buckets": 1024,"Original Hash Buckets": 1024,"Hash Batches": 1,"Original Hash Batches": 1,"Peak Memory Usage": 10,"Workers": [],"Plans": [{"Node Type": "Seq Scan","Parent Relationship": "Outer","Parallel Aware": false,"Async Capable": false,"Relation Name": "nation","Alias": "nation","Startup Cost": 0.00,"Total Cost": 1.25,"Plan Rows": 25,"Plan Width": 108,"Actual Startup Time": 0.058,"Actual Total Time": 0.065,"Actual Rows": 25,"Actual Loops": 4,"Workers": []}]}]}]}]}]},"Planning Time": 7.427,"Triggers": [],"Execution Time": 660.359}]
[{"Plan": {"Node Type": "Sort","Parallel Aware": false,"Async Capable": false,"Startup Cost": 130505.43,"Total Cost": 130645.60,"Plan Rows": 56065,"Plan Width": 280,"Actual Startup Time": 601.513,"Actual Total Time": 641.580,"Actual Rows": 37018,"Actual Loops": 1,"Sort Key": ["(sum((lineitem.l_extendedprice * ('1'::numeric - lineitem.l_discount)))) DESC"],"Sort Method": "quicksort","Sort Space Used": 9627,"Sort Space Type": "Memory","Plans": [{"Node Type": "Aggregate","Strategy": "Hashed","Partial Mode": "Simple","Parent Relationship": "Outer","Parallel Aware": false,"Async Capable": false,"Startup Cost": 125382.55,"Total Cost": 126083.36,"Plan Rows": 56065,"Plan Width": 280,"Actual Startup Time": 416.495,"Actual Total Time": 572.420,"Actual Rows": 37018,"Actual Loops": 1,"Group Key": ["customer.c_custkey", "nation.n_name"],"Planned Partitions": 0,"HashAgg Batches": 1,"Peak Memory Usage": 26129,"Disk Usage": 0,"Plans": [{"Node Type": "Gather","Parent Relationship": "Outer","Parallel Aware": false,"Async Capable": false,"Startup Cost": 6781.25,"Total Cost": 124681.73,"Plan Rows": 56065,"Plan Width": 260,"Actual Startup Time": 81.623,"Actual Total Time": 288.921,"Actual Rows": 110603,"Actual Loops": 1,"Workers Planned": 3,"Workers Launched": 3,"Single Copy": false,"Plans": [{"Node Type": "Hash Join","Parent Relationship": "Outer","Parallel Aware": false,"Async Capable": false,"Join Type": "Inner","Startup Cost": 5781.25,"Total Cost": 118075.23,"Plan Rows": 18085,"Plan Width": 260,"Actual Startup Time": 74.243,"Actual Total Time": 359.851,"Actual Rows": 27651,"Actual Loops": 4,"Inner Unique": true,"Hash Cond": "(customer.c_nationkey = nation.n_nationkey)","Workers": [],"Plans": [{"Node Type": "Hash Join","Parent Relationship": "Outer","Parallel Aware": true,"Async Capable": false,"Join Type": "Inner","Startup Cost": 5779.68,"Total Cost": 118018.16,"Plan Rows": 18085,"Plan Width": 160,"Actual Startup Time": 73.807,"Actual Total Time": 350.724,"Actual Rows": 27651,"Actual Loops": 4,"Inner Unique": true,"Hash Cond": "(orders.o_custkey = customer.c_custkey)","Workers": [],"Plans": [{"Node Type": "Nested Loop","Parent Relationship": "Outer","Parallel Aware": false,"Async Capable": false,"Join Type": "Inner","Startup Cost": 788.43,"Total Cost": 112979.43,"Plan Rows": 18085,"Plan Width": 16,"Actual Startup Time": 13.351,"Actual Total Time": 248.674,"Actual Rows": 27651,"Actual Loops": 4,"Inner Unique": false,"Workers": [],"Plans": [{"Node Type": "Bitmap Heap Scan","Parent Relationship": "Outer","Parallel Aware": true,"Async Capable": false,"Relation Name": "orders","Alias": "orders","Startup Cost": 788.00,"Total Cost": 27158.49,"Plan Rows": 18366,"Plan Width": 8,"Actual Startup Time": 13.297,"Actual Total Time": 70.614,"Actual Rows": 13866,"Actual Loops": 4,"Recheck Cond": "((o_orderdate >= '1994-02-01'::date) AND (o_orderdate < '1994-05-01 00:00:00'::timestamp without time zone))","Rows Removed by Index Recheck": 0,"Exact Heap Blocks": 3619,"Lossy Heap Blocks": 0,"Workers": [],"Plans": [{"Node Type": "Bitmap Index Scan","Parent Relationship": "Outer","Parallel Aware": false,"Async Capable": false,"Index Name": "idx_orders_orderdate","Startup Cost": 0.00,"Total Cost": 773.77,"Plan Rows": 56934,"Plan Width": 0,"Actual Startup Time": 10.157,"Actual Total Time": 10.161,"Actual Rows": 55462,"Actual Loops": 1,"Index Cond": "((o_orderdate >= '1994-02-01'::date) AND (o_orderdate < '1994-05-01 00:00:00'::timestamp without time zone))","Workers": []}]},{"Node Type": "Index Scan","Parent Relationship": "Inner","Parallel Aware": false,"Async Capable": false,"Scan Direction": "Forward","Index Name": "idx_lineitem_orderkey","Relation Name": "lineitem","Alias": "lineitem","Startup Cost": 0.43,"Total Cost": 4.63,"Plan Rows": 4,"Plan Width": 16,"Actual Startup Time": 0.010,"Actual Total Time": 0.012,"Actual Rows": 2,"Actual Loops": 55462,"Index Cond": "(l_orderkey = orders.o_orderkey)","Rows Removed by Index Recheck": 0,"Filter": "(l_returnflag = 'R'::bpchar)","Rows Removed by Filter": 2,"Workers": []}]},{"Node Type": "Hash","Parent Relationship": "Inner","Parallel Aware": true,"Async Capable": false,"Startup Cost": 4210.00,"Total Cost": 4210.00,"Plan Rows": 62500,"Plan Width": 148,"Actual Startup Time": 59.812,"Actual Total Time": 59.817,"Actual Rows": 37500,"Actual Loops": 4,"Hash Buckets": 262144,"Original Hash Buckets": 262144,"Hash Batches": 1,"Original Hash Batches": 1,"Peak Memory Usage": 29344,"Workers": [],"Plans": [{"Node Type": "Seq Scan","Parent Relationship": "Outer","Parallel Aware": true,"Async Capable": false,"Relation Name": "customer","Alias": "customer","Startup Cost": 0.00,"Total Cost": 4210.00,"Plan Rows": 62500,"Plan Width": 148,"Actual Startup Time": 0.038,"Actual Total Time": 25.477,"Actual Rows": 37500,"Actual Loops": 4,"Workers": []}]}]},{"Node Type": "Hash","Parent Relationship": "Inner","Parallel Aware": false,"Async Capable": false,"Startup Cost": 1.25,"Total Cost": 1.25,"Plan Rows": 25,"Plan Width": 108,"Actual Startup Time": 0.111,"Actual Total Time": 0.116,"Actual Rows": 25,"Actual Loops": 4,"Hash Buckets": 1024,"Original Hash Buckets": 1024,"Hash Batches": 1,"Original Hash Batches": 1,"Peak Memory Usage": 10,"Workers": [],"Plans": [{"Node Type": "Seq Scan","Parent Relationship": "Outer","Parallel Aware": false,"Async Capable": false,"Relation Name": "nation","Alias": "nation","Startup Cost": 0.00,"Total Cost": 1.25,"Plan Rows": 25,"Plan Width": 108,"Actual Startup Time": 0.071,"Actual Total Time": 0.077,"Actual Rows": 25,"Actual Loops": 4,"Workers": []}]}]}]}]}]},"Planning Time": 7.387,"Triggers": [],"Execution Time": 645.928}]
[{"Plan": {"Node Type": "Sort","Parallel Aware": false,"Async Capable": false,"Startup Cost": 132166.82,"Total Cost": 132310.11,"Plan Rows": 57318,"Plan Width": 280,"Actual Startup Time": 590.000,"Actual Total Time": 630.537,"Actual Rows": 37972,"Actual Loops": 1,"Sort Key": ["(sum((lineitem.l_extendedprice * ('1'::numeric - lineitem.l_discount)))) DESC"],"Sort Method": "quicksort","Sort Space Used": 9843,"Sort Space Type": "Memory","Plans": [{"Node Type": "Aggregate","Strategy": "Hashed","Partial Mode": "Simple","Parent Relationship": "Outer","Parallel Aware": false,"Async Capable": false,"Startup Cost": 126920.30,"Total Cost": 127636.77,"Plan Rows": 57318,"Plan Width": 280,"Actual Startup Time": 413.108,"Actual Total Time": 556.129,"Actual Rows": 37972,"Actual Loops": 1,"Group Key": ["customer.c_custkey", "nation.n_name"],"Planned Partitions": 0,"HashAgg Batches": 1,"Peak Memory Usage": 26129,"Disk Usage": 0,"Plans": [{"Node Type": "Gather","Parent Relationship": "Outer","Parallel Aware": false,"Async Capable": false,"Startup Cost": 6798.29,"Total Cost": 126203.82,"Plan Rows": 57318,"Plan Width": 260,"Actual Startup Time": 77.619,"Actual Total Time": 286.194,"Actual Rows": 114459,"Actual Loops": 1,"Workers Planned": 3,"Workers Launched": 3,"Single Copy": false,"Plans": [{"Node Type": "Hash Join","Parent Relationship": "Outer","Parallel Aware": false,"Async Capable": false,"Join Type": "Inner","Startup Cost": 5798.29,"Total Cost": 119472.02,"Plan Rows": 18490,"Plan Width": 260,"Actual Startup Time": 70.122,"Actual Total Time": 358.029,"Actual Rows": 28615,"Actual Loops": 4,"Inner Unique": true,"Hash Cond": "(customer.c_nationkey = nation.n_nationkey)","Workers": [],"Plans": [{"Node Type": "Hash Join","Parent Relationship": "Outer","Parallel Aware": true,"Async Capable": false,"Join Type": "Inner","Startup Cost": 5796.73,"Total Cost": 119413.69,"Plan Rows": 18490,"Plan Width": 160,"Actual Startup Time": 69.815,"Actual Total Time": 349.575,"Actual Rows": 28615,"Actual Loops": 4,"Inner Unique": true,"Hash Cond": "(orders.o_custkey = customer.c_custkey)","Workers": [],"Plans": [{"Node Type": "Nested Loop","Parent Relationship": "Outer","Parallel Aware": false,"Async Capable": false,"Join Type": "Inner","Startup Cost": 805.48,"Total Cost": 114373.91,"Plan Rows": 18490,"Plan Width": 16,"Actual Startup Time": 13.081,"Actual Total Time": 249.954,"Actual Rows": 28615,"Actual Loops": 4,"Inner Unique": false,"Workers": [],"Plans": [{"Node Type": "Bitmap Heap Scan","Parent Relationship": "Outer","Parallel Aware": true,"Async Capable": false,"Relation Name": "orders","Alias": "orders","Startup Cost": 805.05,"Total Cost": 27181.70,"Plan Rows": 18776,"Plan Width": 8,"Actual Startup Time": 13.019,"Actual Total Time": 71.418,"Actual Rows": 14305,"Actual Loops": 4,"Recheck Cond": "((o_orderdate >= '1994-10-01'::date) AND (o_orderdate < '1995-01-01 00:00:00'::timestamp without time zone))","Rows Removed by Index Recheck": 0,"Exact Heap Blocks": 3518,"Lossy Heap Blocks": 0,"Workers": [],"Plans": [{"Node Type": "Bitmap Index Scan","Parent Relationship": "Outer","Parallel Aware": false,"Async Capable": false,"Index Name": "idx_orders_orderdate","Startup Cost": 0.00,"Total Cost": 790.50,"Plan Rows": 58207,"Plan Width": 0,"Actual Startup Time": 9.954,"Actual Total Time": 9.955,"Actual Rows": 57219,"Actual Loops": 1,"Index Cond": "((o_orderdate >= '1994-10-01'::date) AND (o_orderdate < '1995-01-01 00:00:00'::timestamp without time zone))","Workers": []}]},{"Node Type": "Index Scan","Parent Relationship": "Inner","Parallel Aware": false,"Async Capable": false,"Scan Direction": "Forward","Index Name": "idx_lineitem_orderkey","Relation Name": "lineitem","Alias": "lineitem","Startup Cost": 0.43,"Total Cost": 4.60,"Plan Rows": 4,"Plan Width": 16,"Actual Startup Time": 0.010,"Actual Total Time": 0.012,"Actual Rows": 2,"Actual Loops": 57219,"Index Cond": "(l_orderkey = orders.o_orderkey)","Rows Removed by Index Recheck": 0,"Filter": "(l_returnflag = 'R'::bpchar)","Rows Removed by Filter": 2,"Workers": []}]},{"Node Type": "Hash","Parent Relationship": "Inner","Parallel Aware": true,"Async Capable": false,"Startup Cost": 4210.00,"Total Cost": 4210.00,"Plan Rows": 62500,"Plan Width": 148,"Actual Startup Time": 56.184,"Actual Total Time": 56.192,"Actual Rows": 37500,"Actual Loops": 4,"Hash Buckets": 262144,"Original Hash Buckets": 262144,"Hash Batches": 1,"Original Hash Batches": 1,"Peak Memory Usage": 29344,"Workers": [],"Plans": [{"Node Type": "Seq Scan","Parent Relationship": "Outer","Parallel Aware": true,"Async Capable": false,"Relation Name": "customer","Alias": "customer","Startup Cost": 0.00,"Total Cost": 4210.00,"Plan Rows": 62500,"Plan Width": 148,"Actual Startup Time": 0.017,"Actual Total Time": 25.696,"Actual Rows": 37500,"Actual Loops": 4,"Workers": []}]}]},{"Node Type": "Hash","Parent Relationship": "Inner","Parallel Aware": false,"Async Capable": false,"Startup Cost": 1.25,"Total Cost": 1.25,"Plan Rows": 25,"Plan Width": 108,"Actual Startup Time": 0.071,"Actual Total Time": 0.075,"Actual Rows": 25,"Actual Loops": 4,"Hash Buckets": 1024,"Original Hash Buckets": 1024,"Hash Batches": 1,"Original Hash Batches": 1,"Peak Memory Usage": 10,"Workers": [],"Plans": [{"Node Type": "Seq Scan","Parent Relationship": "Outer","Parallel Aware": false,"Async Capable": false,"Relation Name": "nation","Alias": "nation","Startup Cost": 0.00,"Total Cost": 1.25,"Plan Rows": 25,"Plan Width": 108,"Actual Startup Time": 0.050,"Actual Total Time": 0.053,"Actual Rows": 25,"Actual Loops": 4,"Workers": []}]}]}]}]}]},"Planning Time": 7.724,"Triggers": [],"Execution Time": 636.921}]
[{"Plan": {"Node Type": "Sort","Parallel Aware": false,"Async Capable": false,"Startup Cost": 127549.79,"Total Cost": 127684.44,"Plan Rows": 53858,"Plan Width": 280,"Actual Startup Time": 605.399,"Actual Total Time": 645.666,"Actual Rows": 37880,"Actual Loops": 1,"Sort Key": ["(sum((lineitem.l_extendedprice * ('1'::numeric - lineitem.l_discount)))) DESC"],"Sort Method": "quicksort","Sort Space Used": 9830,"Sort Space Type": "Memory","Plans": [{"Node Type": "Aggregate","Strategy": "Hashed","Partial Mode": "Simple","Parent Relationship": "Outer","Parallel Aware": false,"Async Capable": false,"Startup Cost": 122644.17,"Total Cost": 123317.39,"Plan Rows": 53858,"Plan Width": 280,"Actual Startup Time": 424.771,"Actual Total Time": 574.608,"Actual Rows": 37880,"Actual Loops": 1,"Group Key": ["customer.c_custkey", "nation.n_name"],"Planned Partitions": 0,"HashAgg Batches": 1,"Peak Memory Usage": 26129,"Disk Usage": 0,"Plans": [{"Node Type": "Gather","Parent Relationship": "Outer","Parallel Aware": false,"Async Capable": false,"Startup Cost": 6750.28,"Total Cost": 121970.94,"Plan Rows": 53858,"Plan Width": 260,"Actual Startup Time": 85.178,"Actual Total Time": 295.165,"Actual Rows": 114508,"Actual Loops": 1,"Workers Planned": 3,"Workers Launched": 3,"Single Copy": false,"Plans": [{"Node Type": "Hash Join","Parent Relationship": "Outer","Parallel Aware": false,"Async Capable": false,"Join Type": "Inner","Startup Cost": 5750.28,"Total Cost": 115585.14,"Plan Rows": 17374,"Plan Width": 260,"Actual Startup Time": 78.100,"Actual Total Time": 368.715,"Actual Rows": 28627,"Actual Loops": 4,"Inner Unique": true,"Hash Cond": "(customer.c_nationkey = nation.n_nationkey)","Workers": [],"Plans": [{"Node Type": "Hash Join","Parent Relationship": "Outer","Parallel Aware": true,"Async Capable": false,"Join Type": "Inner","Startup Cost": 5748.71,"Total Cost": 115530.24,"Plan Rows": 17374,"Plan Width": 160,"Actual Startup Time": 77.678,"Actual Total Time": 360.085,"Actual Rows": 28627,"Actual Loops": 4,"Inner Unique": true,"Hash Cond": "(orders.o_custkey = customer.c_custkey)","Workers": [],"Plans": [{"Node Type": "Nested Loop","Parent Relationship": "Outer","Parallel Aware": false,"Async Capable": false,"Join Type": "Inner","Startup Cost": 757.46,"Total Cost": 110493.39,"Plan Rows": 17374,"Plan Width": 16,"Actual Startup Time": 13.130,"Actual Total Time": 256.172,"Actual Rows": 28627,"Actual Loops": 4,"Inner Unique": false,"Workers": [],"Plans": [{"Node Type": "Bitmap Heap Scan","Parent Relationship": "Outer","Parallel Aware": true,"Async Capable": false,"Relation Name": "orders","Alias": "orders","Startup Cost": 757.03,"Total Cost": 27116.67,"Plan Rows": 17643,"Plan Width": 8,"Actual Startup Time": 13.063,"Actual Total Time": 71.665,"Actual Rows": 14273,"Actual Loops": 4,"Recheck Cond": "((o_orderdate >= '1993-05-01'::date) AND (o_orderdate < '1993-08-01 00:00:00'::timestamp without time zone))","Rows Removed by Index Recheck": 0,"Exact Heap Blocks": 3695,"Lossy Heap Blocks": 0,"Workers": [],"Plans": [{"Node Type": "Bitmap Index Scan","Parent Relationship": "Outer","Parallel Aware": false,"Async Capable": false,"Index Name": "idx_orders_orderdate","Startup Cost": 0.00,"Total Cost": 743.36,"Plan Rows": 54693,"Plan Width": 0,"Actual Startup Time": 9.957,"Actual Total Time": 9.964,"Actual Rows": 57093,"Actual Loops": 1,"Index Cond": "((o_orderdate >= '1993-05-01'::date) AND (o_orderdate < '1993-08-01 00:00:00'::timestamp without time zone))","Workers": []}]},{"Node Type": "Index Scan","Parent Relationship": "Inner","Parallel Aware": false,"Async Capable": false,"Scan Direction": "Forward","Index Name": "idx_lineitem_orderkey","Relation Name": "lineitem","Alias": "lineitem","Startup Cost": 0.43,"Total Cost": 4.69,"Plan Rows": 4,"Plan Width": 16,"Actual Startup Time": 0.011,"Actual Total Time": 0.013,"Actual Rows": 2,"Actual Loops": 57093,"Index Cond": "(l_orderkey = orders.o_orderkey)","Rows Removed by Index Recheck": 0,"Filter": "(l_returnflag = 'R'::bpchar)","Rows Removed by Filter": 2,"Workers": []}]},{"Node Type": "Hash","Parent Relationship": "Inner","Parallel Aware": true,"Async Capable": false,"Startup Cost": 4210.00,"Total Cost": 4210.00,"Plan Rows": 62500,"Plan Width": 148,"Actual Startup Time": 63.988,"Actual Total Time": 63.994,"Actual Rows": 37500,"Actual Loops": 4,"Hash Buckets": 262144,"Original Hash Buckets": 262144,"Hash Batches": 1,"Original Hash Batches": 1,"Peak Memory Usage": 29344,"Workers": [],"Plans": [{"Node Type": "Seq Scan","Parent Relationship": "Outer","Parallel Aware": true,"Async Capable": false,"Relation Name": "customer","Alias": "customer","Startup Cost": 0.00,"Total Cost": 4210.00,"Plan Rows": 62500,"Plan Width": 148,"Actual Startup Time": 0.034,"Actual Total Time": 28.777,"Actual Rows": 37500,"Actual Loops": 4,"Workers": []}]}]},{"Node Type": "Hash","Parent Relationship": "Inner","Parallel Aware": false,"Async Capable": false,"Startup Cost": 1.25,"Total Cost": 1.25,"Plan Rows": 25,"Plan Width": 108,"Actual Startup Time": 0.078,"Actual Total Time": 0.083,"Actual Rows": 25,"Actual Loops": 4,"Hash Buckets": 1024,"Original Hash Buckets": 1024,"Hash Batches": 1,"Original Hash Batches": 1,"Peak Memory Usage": 10,"Workers": [],"Plans": [{"Node Type": "Seq Scan","Parent Relationship": "Outer","Parallel Aware": false,"Async Capable": false,"Relation Name": "nation","Alias": "nation","Startup Cost": 0.00,"Total Cost": 1.25,"Plan Rows": 25,"Plan Width": 108,"Actual Startup Time": 0.048,"Actual Total Time": 0.055,"Actual Rows": 25,"Actual Loops": 4,"Workers": []}]}]}]}]}]},"Planning Time": 7.141,"Triggers": [],"Execution Time": 649.992}]
[{"Plan": {"Node Type": "Sort","Parallel Aware": false,"Async Capable": false,"Startup Cost": 131436.35,"Total Cost": 131578.26,"Plan Rows": 56763,"Plan Width": 280,"Actual Startup Time": 596.282,"Actual Total Time": 636.846,"Actual Rows": 38114,"Actual Loops": 1,"Sort Key": ["(sum((lineitem.l_extendedprice * ('1'::numeric - lineitem.l_discount)))) DESC"],"Sort Method": "quicksort","Sort Space Used": 9872,"Sort Space Type": "Memory","Plans": [{"Node Type": "Aggregate","Strategy": "Hashed","Partial Mode": "Simple","Parent Relationship": "Outer","Parallel Aware": false,"Async Capable": false,"Startup Cost": 126244.62,"Total Cost": 126954.16,"Plan Rows": 56763,"Plan Width": 280,"Actual Startup Time": 413.428,"Actual Total Time": 560.180,"Actual Rows": 38114,"Actual Loops": 1,"Group Key": ["customer.c_custkey", "nation.n_name"],"Planned Partitions": 0,"HashAgg Batches": 1,"Peak Memory Usage": 26129,"Disk Usage": 0,"Plans": [{"Node Type": "Gather","Parent Relationship": "Outer","Parallel Aware": false,"Async Capable": false,"Startup Cost": 6792.51,"Total Cost": 125535.08,"Plan Rows": 56763,"Plan Width": 260,"Actual Startup Time": 80.448,"Actual Total Time": 288.766,"Actual Rows": 115292,"Actual Loops": 1,"Workers Planned": 3,"Workers Launched": 3,"Single Copy": false,"Plans": [{"Node Type": "Hash Join","Parent Relationship": "Outer","Parallel Aware": false,"Async Capable": false,"Join Type": "Inner","Startup Cost": 5792.51,"Total Cost": 118858.78,"Plan Rows": 18311,"Plan Width": 260,"Actual Startup Time": 72.950,"Actual Total Time": 358.700,"Actual Rows": 28823,"Actual Loops": 4,"Inner Unique": true,"Hash Cond": "(customer.c_nationkey = nation.n_nationkey)","Workers": [],"Plans": [{"Node Type": "Hash Join","Parent Relationship": "Outer","Parallel Aware": true,"Async Capable": false,"Join Type": "Inner","Startup Cost": 5790.95,"Total Cost": 118801.01,"Plan Rows": 18311,"Plan Width": 160,"Actual Startup Time": 72.543,"Actual Total Time": 350.000,"Actual Rows": 28823,"Actual Loops": 4,"Inner Unique": true,"Hash Cond": "(orders.o_custkey = customer.c_custkey)","Workers": [],"Plans": [{"Node Type": "Nested Loop","Parent Relationship": "Outer","Parallel Aware": false,"Async Capable": false,"Join Type": "Inner","Startup Cost": 799.70,"Total Cost": 113761.69,"Plan Rows": 18311,"Plan Width": 16,"Actual Startup Time": 13.260,"Actual Total Time": 248.922,"Actual Rows": 28823,"Actual Loops": 4,"Inner Unique": false,"Workers": [],"Plans": [{"Node Type": "Bitmap Heap Scan","Parent Relationship": "Outer","Parallel Aware": true,"Async Capable": false,"Relation Name": "orders","Alias": "orders","Startup Cost": 799.27,"Total Cost": 27173.19,"Plan Rows": 18595,"Plan Width": 8,"Actual Startup Time": 13.182,"Actual Total Time": 70.570,"Actual Rows": 14333,"Actual Loops": 4,"Recheck Cond": "((o_orderdate >= '1993-11-01'::date) AND (o_orderdate < '1994-02-01 00:00:00'::timestamp without time zone))","Rows Removed by Index Recheck": 0,"Exact Heap Blocks": 3544,"Lossy Heap Blocks": 0,"Workers": [],"Plans": [{"Node Type": "Bitmap Index Scan","Parent Relationship": "Outer","Parallel Aware": false,"Async Capable": false,"Index Name": "idx_orders_orderdate","Startup Cost": 0.00,"Total Cost": 784.86,"Plan Rows": 57643,"Plan Width": 0,"Actual Startup Time": 10.101,"Actual Total Time": 10.105,"Actual Rows": 57332,"Actual Loops": 1,"Index Cond": "((o_orderdate >= '1993-11-01'::date) AND (o_orderdate < '1994-02-01 00:00:00'::timestamp without time zone))","Workers": []}]},{"Node Type": "Index Scan","Parent Relationship": "Inner","Parallel Aware": false,"Async Capable": false,"Scan Direction": "Forward","Index Name": "idx_lineitem_orderkey","Relation Name": "lineitem","Alias": "lineitem","Startup Cost": 0.43,"Total Cost": 4.62,"Plan Rows": 4,"Plan Width": 16,"Actual Startup Time": 0.010,"Actual Total Time": 0.012,"Actual Rows": 2,"Actual Loops": 57332,"Index Cond": "(l_orderkey = orders.o_orderkey)","Rows Removed by Index Recheck": 0,"Filter": "(l_returnflag = 'R'::bpchar)","Rows Removed by Filter": 2,"Workers": []}]},{"Node Type": "Hash","Parent Relationship": "Inner","Parallel Aware": true,"Async Capable": false,"Startup Cost": 4210.00,"Total Cost": 4210.00,"Plan Rows": 62500,"Plan Width": 148,"Actual Startup Time": 58.656,"Actual Total Time": 58.664,"Actual Rows": 37500,"Actual Loops": 4,"Hash Buckets": 262144,"Original Hash Buckets": 262144,"Hash Batches": 1,"Original Hash Batches": 1,"Peak Memory Usage": 29312,"Workers": [],"Plans": [{"Node Type": "Seq Scan","Parent Relationship": "Outer","Parallel Aware": true,"Async Capable": false,"Relation Name": "customer","Alias": "customer","Startup Cost": 0.00,"Total Cost": 4210.00,"Plan Rows": 62500,"Plan Width": 148,"Actual Startup Time": 0.024,"Actual Total Time": 26.516,"Actual Rows": 37500,"Actual Loops": 4,"Workers": []}]}]},{"Node Type": "Hash","Parent Relationship": "Inner","Parallel Aware": false,"Async Capable": false,"Startup Cost": 1.25,"Total Cost": 1.25,"Plan Rows": 25,"Plan Width": 108,"Actual Startup Time": 0.099,"Actual Total Time": 0.104,"Actual Rows": 25,"Actual Loops": 4,"Hash Buckets": 1024,"Original Hash Buckets": 1024,"Hash Batches": 1,"Original Hash Batches": 1,"Peak Memory Usage": 10,"Workers": [],"Plans": [{"Node Type": "Seq Scan","Parent Relationship": "Outer","Parallel Aware": false,"Async Capable": false,"Relation Name": "nation","Alias": "nation","Startup Cost": 0.00,"Total Cost": 1.25,"Plan Rows": 25,"Plan Width": 108,"Actual Startup Time": 0.069,"Actual Total Time": 0.076,"Actual Rows": 25,"Actual Loops": 4,"Workers": []}]}]}]}]}]},"Planning Time": 7.017,"Triggers": [],"Execution Time": 642.875}]
[{"Plan": {"Node Type": "Sort","Parallel Aware": false,"Async Capable": false,"Startup Cost": 129285.16,"Total Cost": 129423.04,"Plan Rows": 55152,"Plan Width": 280,"Actual Startup Time": 594.195,"Actual Total Time": 635.058,"Actual Rows": 37857,"Actual Loops": 1,"Sort Key": ["(sum((lineitem.l_extendedprice * ('1'::numeric - lineitem.l_discount)))) DESC"],"Sort Method": "quicksort","Sort Space Used": 9823,"Sort Space Type": "Memory","Plans": [{"Node Type": "Aggregate","Strategy": "Hashed","Partial Mode": "Simple","Parent Relationship": "Outer","Parallel Aware": false,"Async Capable": false,"Startup Cost": 124252.23,"Total Cost": 124941.63,"Plan Rows": 55152,"Plan Width": 280,"Actual Startup Time": 414.188,"Actual Total Time": 557.916,"Actual Rows": 37857,"Actual Loops": 1,"Group Key": ["customer.c_custkey", "nation.n_name"],"Planned Partitions": 0,"HashAgg Batches": 1,"Peak Memory Usage": 26129,"Disk Usage": 0,"Plans": [{"Node Type": "Gather","Parent Relationship": "Outer","Parallel Aware": false,"Async Capable": false,"Startup Cost": 6767.74,"Total Cost": 123562.83,"Plan Rows": 55152,"Plan Width": 260,"Actual Startup Time": 77.793,"Actual Total Time": 289.359,"Actual Rows": 114326,"Actual Loops": 1,"Workers Planned": 3,"Workers Launched": 3,"Single Copy": false,"Plans": [{"Node Type": "Hash Join","Parent Relationship": "Outer","Parallel Aware": false,"Async Capable": false,"Join Type": "Inner","Startup Cost": 5767.74,"Total Cost": 117047.63,"Plan Rows": 17791,"Plan Width": 260,"Actual Startup Time": 70.168,"Actual Total Time": 358.948,"Actual Rows": 28582,"Actual Loops": 4,"Inner Unique": true,"Hash Cond": "(customer.c_nationkey = nation.n_nationkey)","Workers": [],"Plans": [{"Node Type": "Hash Join","Parent Relationship": "Outer","Parallel Aware": true,"Async Capable": false,"Join Type": "Inner","Startup Cost": 5766.18,"Total Cost": 116991.45,"Plan Rows": 17791,"Plan Width": 160,"Actual Startup Time": 69.698,"Actual Total Time": 349.487,"Actual Rows": 28582,"Actual Loops": 4,"Inner Unique": true,"Hash Cond": "(orders.o_custkey = customer.c_custkey)","Workers": [],"Plans": [{"Node Type": "Nested Loop","Parent Relationship": "Outer","Parallel Aware": false,"Async Capable": false,"Join Type": "Inner","Startup Cost": 774.93,"Total Cost": 111953.49,"Plan Rows": 17791,"Plan Width": 16,"Actual Startup Time": 12.978,"Actual Total Time": 249.911,"Actual Rows": 28582,"Actual Loops": 4,"Inner Unique": false,"Workers": [],"Plans": [{"Node Type": "Bitmap Heap Scan","Parent Relationship": "Outer","Parallel Aware": true,"Async Capable": false,"Relation Name": "orders","Alias": "orders","Startup Cost": 774.50,"Total Cost": 27140.50,"Plan Rows": 18067,"Plan Width": 8,"Actual Startup Time": 12.915,"Actual Total Time": 70.510,"Actual Rows": 14320,"Actual Loops": 4,"Recheck Cond": "((o_orderdate >= '1993-06-01'::date) AND (o_orderdate < '1993-09-01 00:00:00'::timestamp without time zone))","Rows Removed by Index Recheck": 0,"Exact Heap Blocks": 3550,"Lossy Heap Blocks": 0,"Workers": [],"Plans": [{"Node Type": "Bitmap Index Scan","Parent Relationship": "Outer","Parallel Aware": false,"Async Capable": false,"Index Name": "idx_orders_orderdate","Startup Cost": 0.00,"Total Cost": 760.50,"Plan Rows": 56007,"Plan Width": 0,"Actual Startup Time": 9.843,"Actual Total Time": 9.846,"Actual Rows": 57280,"Actual Loops": 1,"Index Cond": "((o_orderdate >= '1993-06-01'::date) AND (o_orderdate < '1993-09-01 00:00:00'::timestamp without time zone))","Workers": []}]},{"Node Type": "Index Scan","Parent Relationship": "Inner","Parallel Aware": false,"Async Capable": false,"Scan Direction": "Forward","Index Name": "idx_lineitem_orderkey","Relation Name": "lineitem","Alias": "lineitem","Startup Cost": 0.43,"Total Cost": 4.65,"Plan Rows": 4,"Plan Width": 16,"Actual Startup Time": 0.010,"Actual Total Time": 0.012,"Actual Rows": 2,"Actual Loops": 57280,"Index Cond": "(l_orderkey = orders.o_orderkey)","Rows Removed by Index Recheck": 0,"Filter": "(l_returnflag = 'R'::bpchar)","Rows Removed by Filter": 2,"Workers": []}]},{"Node Type": "Hash","Parent Relationship": "Inner","Parallel Aware": true,"Async Capable": false,"Startup Cost": 4210.00,"Total Cost": 4210.00,"Plan Rows": 62500,"Plan Width": 148,"Actual Startup Time": 56.151,"Actual Total Time": 56.157,"Actual Rows": 37500,"Actual Loops": 4,"Hash Buckets": 262144,"Original Hash Buckets": 262144,"Hash Batches": 1,"Original Hash Batches": 1,"Peak Memory Usage": 29312,"Workers": [],"Plans": [{"Node Type": "Seq Scan","Parent Relationship": "Outer","Parallel Aware": true,"Async Capable": false,"Relation Name": "customer","Alias": "customer","Startup Cost": 0.00,"Total Cost": 4210.00,"Plan Rows": 62500,"Plan Width": 148,"Actual Startup Time": 0.028,"Actual Total Time": 26.217,"Actual Rows": 37500,"Actual Loops": 4,"Workers": []}]}]},{"Node Type": "Hash","Parent Relationship": "Inner","Parallel Aware": false,"Async Capable": false,"Startup Cost": 1.25,"Total Cost": 1.25,"Plan Rows": 25,"Plan Width": 108,"Actual Startup Time": 0.109,"Actual Total Time": 0.115,"Actual Rows": 25,"Actual Loops": 4,"Hash Buckets": 1024,"Original Hash Buckets": 1024,"Hash Batches": 1,"Original Hash Batches": 1,"Peak Memory Usage": 10,"Workers": [],"Plans": [{"Node Type": "Seq Scan","Parent Relationship": "Outer","Parallel Aware": false,"Async Capable": false,"Relation Name": "nation","Alias": "nation","Startup Cost": 0.00,"Total Cost": 1.25,"Plan Rows": 25,"Plan Width": 108,"Actual Startup Time": 0.076,"Actual Total Time": 0.083,"Actual Rows": 25,"Actual Loops": 4,"Workers": []}]}]}]}]}]},"Planning Time": 6.852,"Triggers": [],"Execution Time": 641.259}]
[{"Plan": {"Node Type": "Sort","Parallel Aware": false,"Async Capable": false,"Startup Cost": 131080.21,"Total Cost": 131221.46,"Plan Rows": 56499,"Plan Width": 280,"Actual Startup Time": 607.607,"Actual Total Time": 646.377,"Actual Rows": 37607,"Actual Loops": 1,"Sort Key": ["(sum((lineitem.l_extendedprice * ('1'::numeric - lineitem.l_discount)))) DESC"],"Sort Method": "quicksort","Sort Space Used": 9755,"Sort Space Type": "Memory","Plans": [{"Node Type": "Aggregate","Strategy": "Hashed","Partial Mode": "Simple","Parent Relationship": "Outer","Parallel Aware": false,"Async Capable": false,"Startup Cost": 125914.53,"Total Cost": 126620.77,"Plan Rows": 56499,"Plan Width": 280,"Actual Startup Time": 421.745,"Actual Total Time": 572.585,"Actual Rows": 37607,"Actual Loops": 1,"Group Key": ["customer.c_custkey", "nation.n_name"],"Planned Partitions": 0,"HashAgg Batches": 1,"Peak Memory Usage": 26129,"Disk Usage": 0,"Plans": [{"Node Type": "Gather","Parent Relationship": "Outer","Parallel Aware": false,"Async Capable": false,"Startup Cost": 6785.77,"Total Cost": 125208.29,"Plan Rows": 56499,"Plan Width": 260,"Actual Startup Time": 84.737,"Actual Total Time": 294.745,"Actual Rows": 112798,"Actual Loops": 1,"Workers Planned": 3,"Workers Launched": 3,"Single Copy": false,"Plans": [{"Node Type": "Hash Join","Parent Relationship": "Outer","Parallel Aware": false,"Async Capable": false,"Join Type": "Inner","Startup Cost": 5785.77,"Total Cost": 118558.39,"Plan Rows": 18225,"Plan Width": 260,"Actual Startup Time": 77.703,"Actual Total Time": 365.765,"Actual Rows": 28200,"Actual Loops": 4,"Inner Unique": true,"Hash Cond": "(customer.c_nationkey = nation.n_nationkey)","Workers": [],"Plans": [{"Node Type": "Hash Join","Parent Relationship": "Outer","Parallel Aware": true,"Async Capable": false,"Join Type": "Inner","Startup Cost": 5784.20,"Total Cost": 118500.88,"Plan Rows": 18225,"Plan Width": 160,"Actual Startup Time": 77.334,"Actual Total Time": 357.276,"Actual Rows": 28200,"Actual Loops": 4,"Inner Unique": true,"Hash Cond": "(orders.o_custkey = customer.c_custkey)","Workers": [],"Plans": [{"Node Type": "Nested Loop","Parent Relationship": "Outer","Parallel Aware": false,"Async Capable": false,"Join Type": "Inner","Startup Cost": 792.95,"Total Cost": 113461.79,"Plan Rows": 18225,"Plan Width": 16,"Actual Startup Time": 13.152,"Actual Total Time": 254.573,"Actual Rows": 28200,"Actual Loops": 4,"Inner Unique": false,"Workers": [],"Plans": [{"Node Type": "Bitmap Heap Scan","Parent Relationship": "Outer","Parallel Aware": true,"Async Capable": false,"Relation Name": "orders","Alias": "orders","Startup Cost": 792.52,"Total Cost": 27165.14,"Plan Rows": 18508,"Plan Width": 8,"Actual Startup Time": 13.088,"Actual Total Time": 71.143,"Actual Rows": 14087,"Actual Loops": 4,"Recheck Cond": "((o_orderdate >= '1994-01-01'::date) AND (o_orderdate < '1994-04-01 00:00:00'::timestamp without time zone))","Rows Removed by Index Recheck": 0,"Exact Heap Blocks": 3702,"Lossy Heap Blocks": 0,"Workers": [],"Plans": [{"Node Type": "Bitmap Index Scan","Parent Relationship": "Outer","Parallel Aware": false,"Async Capable": false,"Index Name": "idx_orders_orderdate","Startup Cost": 0.00,"Total Cost": 778.18,"Plan Rows": 57375,"Plan Width": 0,"Actual Startup Time": 9.927,"Actual Total Time": 9.934,"Actual Rows": 56349,"Actual Loops": 1,"Index Cond": "((o_orderdate >= '1994-01-01'::date) AND (o_orderdate < '1994-04-01 00:00:00'::timestamp without time zone))","Workers": []}]},{"Node Type": "Index Scan","Parent Relationship": "Inner","Parallel Aware": false,"Async Capable": false,"Scan Direction": "Forward","Index Name": "idx_lineitem_orderkey","Relation Name": "lineitem","Alias": "lineitem","Startup Cost": 0.43,"Total Cost": 4.62,"Plan Rows": 4,"Plan Width": 16,"Actual Startup Time": 0.011,"Actual Total Time": 0.013,"Actual Rows": 2,"Actual Loops": 56349,"Index Cond": "(l_orderkey = orders.o_orderkey)","Rows Removed by Index Recheck": 0,"Filter": "(l_returnflag = 'R'::bpchar)","Rows Removed by Filter": 2,"Workers": []}]},{"Node Type": "Hash","Parent Relationship": "Inner","Parallel Aware": true,"Async Capable": false,"Startup Cost": 4210.00,"Total Cost": 4210.00,"Plan Rows": 62500,"Plan Width": 148,"Actual Startup Time": 63.582,"Actual Total Time": 63.588,"Actual Rows": 37500,"Actual Loops": 4,"Hash Buckets": 262144,"Original Hash Buckets": 262144,"Hash Batches": 1,"Original Hash Batches": 1,"Peak Memory Usage": 29312,"Workers": [],"Plans": [{"Node Type": "Seq Scan","Parent Relationship": "Outer","Parallel Aware": true,"Async Capable": false,"Relation Name": "customer","Alias": "customer","Startup Cost": 0.00,"Total Cost": 4210.00,"Plan Rows": 62500,"Plan Width": 148,"Actual Startup Time": 0.028,"Actual Total Time": 28.690,"Actual Rows": 37500,"Actual Loops": 4,"Workers": []}]}]},{"Node Type": "Hash","Parent Relationship": "Inner","Parallel Aware": false,"Async Capable": false,"Startup Cost": 1.25,"Total Cost": 1.25,"Plan Rows": 25,"Plan Width": 108,"Actual Startup Time": 0.094,"Actual Total Time": 0.100,"Actual Rows": 25,"Actual Loops": 4,"Hash Buckets": 1024,"Original Hash Buckets": 1024,"Hash Batches": 1,"Original Hash Batches": 1,"Peak Memory Usage": 10,"Workers": [],"Plans": [{"Node Type": "Seq Scan","Parent Relationship": "Outer","Parallel Aware": false,"Async Capable": false,"Relation Name": "nation","Alias": "nation","Startup Cost": 0.00,"Total Cost": 1.25,"Plan Rows": 25,"Plan Width": 108,"Actual Startup Time": 0.060,"Actual Total Time": 0.067,"Actual Rows": 25,"Actual Loops": 4,"Workers": []}]}]}]}]}]},"Planning Time": 7.215,"Triggers": [],"Execution Time": 650.753}]
[{"Plan": {"Node Type": "Sort","Parallel Aware": false,"Async Capable": false,"Startup Cost": 131080.21,"Total Cost": 131221.46,"Plan Rows": 56499,"Plan Width": 280,"Actual Startup Time": 605.493,"Actual Total Time": 645.716,"Actual Rows": 37967,"Actual Loops": 1,"Sort Key": ["(sum((lineitem.l_extendedprice * ('1'::numeric - lineitem.l_discount)))) DESC"],"Sort Method": "quicksort","Sort Space Used": 9838,"Sort Space Type": "Memory","Plans": [{"Node Type": "Aggregate","Strategy": "Hashed","Partial Mode": "Simple","Parent Relationship": "Outer","Parallel Aware": false,"Async Capable": false,"Startup Cost": 125914.53,"Total Cost": 126620.77,"Plan Rows": 56499,"Plan Width": 280,"Actual Startup Time": 424.904,"Actual Total Time": 572.991,"Actual Rows": 37967,"Actual Loops": 1,"Group Key": ["customer.c_custkey", "nation.n_name"],"Planned Partitions": 0,"HashAgg Batches": 1,"Peak Memory Usage": 26129,"Disk Usage": 0,"Plans": [{"Node Type": "Gather","Parent Relationship": "Outer","Parallel Aware": false,"Async Capable": false,"Startup Cost": 6785.77,"Total Cost": 125208.29,"Plan Rows": 56499,"Plan Width": 260,"Actual Startup Time": 85.491,"Actual Total Time": 295.043,"Actual Rows": 114705,"Actual Loops": 1,"Workers Planned": 3,"Workers Launched": 3,"Single Copy": false,"Plans": [{"Node Type": "Hash Join","Parent Relationship": "Outer","Parallel Aware": false,"Async Capable": false,"Join Type": "Inner","Startup Cost": 5785.77,"Total Cost": 118558.39,"Plan Rows": 18225,"Plan Width": 260,"Actual Startup Time": 77.990,"Actual Total Time": 369.128,"Actual Rows": 28676,"Actual Loops": 4,"Inner Unique": true,"Hash Cond": "(customer.c_nationkey = nation.n_nationkey)","Workers": [],"Plans": [{"Node Type": "Hash Join","Parent Relationship": "Outer","Parallel Aware": true,"Async Capable": false,"Join Type": "Inner","Startup Cost": 5784.20,"Total Cost": 118500.88,"Plan Rows": 18225,"Plan Width": 160,"Actual Startup Time": 77.566,"Actual Total Time": 359.708,"Actual Rows": 28676,"Actual Loops": 4,"Inner Unique": true,"Hash Cond": "(orders.o_custkey = customer.c_custkey)","Workers": [],"Plans": [{"Node Type": "Nested Loop","Parent Relationship": "Outer","Parallel Aware": false,"Async Capable": false,"Join Type": "Inner","Startup Cost": 792.95,"Total Cost": 113461.79,"Plan Rows": 18225,"Plan Width": 16,"Actual Startup Time": 13.246,"Actual Total Time": 255.571,"Actual Rows": 28676,"Actual Loops": 4,"Inner Unique": false,"Workers": [],"Plans": [{"Node Type": "Bitmap Heap Scan","Parent Relationship": "Outer","Parallel Aware": true,"Async Capable": false,"Relation Name": "orders","Alias": "orders","Startup Cost": 792.52,"Total Cost": 27165.14,"Plan Rows": 18508,"Plan Width": 8,"Actual Startup Time": 13.160,"Actual Total Time": 71.475,"Actual Rows": 14267,"Actual Loops": 4,"Recheck Cond": "((o_orderdate >= '1993-10-01'::date) AND (o_orderdate < '1994-01-01 00:00:00'::timestamp without time zone))","Rows Removed by Index Recheck": 0,"Exact Heap Blocks": 3708,"Lossy Heap Blocks": 0,"Workers": [],"Plans": [{"Node Type": "Bitmap Index Scan","Parent Relationship": "Outer","Parallel Aware": false,"Async Capable": false,"Index Name": "idx_orders_orderdate","Startup Cost": 0.00,"Total Cost": 778.18,"Plan Rows": 57375,"Plan Width": 0,"Actual Startup Time": 10.062,"Actual Total Time": 10.069,"Actual Rows": 57069,"Actual Loops": 1,"Index Cond": "((o_orderdate >= '1993-10-01'::date) AND (o_orderdate < '1994-01-01 00:00:00'::timestamp without time zone))","Workers": []}]},{"Node Type": "Index Scan","Parent Relationship": "Inner","Parallel Aware": false,"Async Capable": false,"Scan Direction": "Forward","Index Name": "idx_lineitem_orderkey","Relation Name": "lineitem","Alias": "lineitem","Startup Cost": 0.43,"Total Cost": 4.62,"Plan Rows": 4,"Plan Width": 16,"Actual Startup Time": 0.011,"Actual Total Time": 0.013,"Actual Rows": 2,"Actual Loops": 57069,"Index Cond": "(l_orderkey = orders.o_orderkey)","Rows Removed by Index Recheck": 0,"Filter": "(l_returnflag = 'R'::bpchar)","Rows Removed by Filter": 2,"Workers": []}]},{"Node Type": "Hash","Parent Relationship": "Inner","Parallel Aware": true,"Async Capable": false,"Startup Cost": 4210.00,"Total Cost": 4210.00,"Plan Rows": 62500,"Plan Width": 148,"Actual Startup Time": 63.688,"Actual Total Time": 63.696,"Actual Rows": 37500,"Actual Loops": 4,"Hash Buckets": 262144,"Original Hash Buckets": 262144,"Hash Batches": 1,"Original Hash Batches": 1,"Peak Memory Usage": 29312,"Workers": [],"Plans": [{"Node Type": "Seq Scan","Parent Relationship": "Outer","Parallel Aware": true,"Async Capable": false,"Relation Name": "customer","Alias": "customer","Startup Cost": 0.00,"Total Cost": 4210.00,"Plan Rows": 62500,"Plan Width": 148,"Actual Startup Time": 0.034,"Actual Total Time": 28.900,"Actual Rows": 37500,"Actual Loops": 4,"Workers": []}]}]},{"Node Type": "Hash","Parent Relationship": "Inner","Parallel Aware": false,"Async Capable": false,"Startup Cost": 1.25,"Total Cost": 1.25,"Plan Rows": 25,"Plan Width": 108,"Actual Startup Time": 0.102,"Actual Total Time": 0.107,"Actual Rows": 25,"Actual Loops": 4,"Hash Buckets": 1024,"Original Hash Buckets": 1024,"Hash Batches": 1,"Original Hash Batches": 1,"Peak Memory Usage": 10,"Workers": [],"Plans": [{"Node Type": "Seq Scan","Parent Relationship": "Outer","Parallel Aware": false,"Async Capable": false,"Relation Name": "nation","Alias": "nation","Startup Cost": 0.00,"Total Cost": 1.25,"Plan Rows": 25,"Plan Width": 108,"Actual Startup Time": 0.070,"Actual Total Time": 0.076,"Actual Rows": 25,"Actual Loops": 4,"Workers": []}]}]}]}]}]},"Planning Time": 6.575,"Triggers": [],"Execution Time": 649.944}]
[{"Plan": {"Node Type": "Sort","Parallel Aware": false,"Async Capable": false,"Startup Cost": 132166.82,"Total Cost": 132310.11,"Plan Rows": 57318,"Plan Width": 280,"Actual Startup Time": 590.000,"Actual Total Time": 630.537,"Actual Rows": 37972,"Actual Loops": 1,"Sort Key": ["(sum((lineitem.l_extendedprice * ('1'::numeric - lineitem.l_discount)))) DESC"],"Sort Method": "quicksort","Sort Space Used": 9843,"Sort Space Type": "Memory","Plans": [{"Node Type": "Aggregate","Strategy": "Hashed","Partial Mode": "Simple","Parent Relationship": "Outer","Parallel Aware": false,"Async Capable": false,"Startup Cost": 126920.30,"Total Cost": 127636.77,"Plan Rows": 57318,"Plan Width": 280,"Actual Startup Time": 413.108,"Actual Total Time": 556.129,"Actual Rows": 37972,"Actual Loops": 1,"Group Key": ["customer.c_custkey", "nation.n_name"],"Planned Partitions": 0,"HashAgg Batches": 1,"Peak Memory Usage": 26129,"Disk Usage": 0,"Plans": [{"Node Type": "Gather","Parent Relationship": "Outer","Parallel Aware": false,"Async Capable": false,"Startup Cost": 6798.29,"Total Cost": 126203.82,"Plan Rows": 57318,"Plan Width": 260,"Actual Startup Time": 77.619,"Actual Total Time": 286.194,"Actual Rows": 114459,"Actual Loops": 1,"Workers Planned": 3,"Workers Launched": 3,"Single Copy": false,"Plans": [{"Node Type": "Hash Join","Parent Relationship": "Outer","Parallel Aware": false,"Async Capable": false,"Join Type": "Inner","Startup Cost": 5798.29,"Total Cost": 119472.02,"Plan Rows": 18490,"Plan Width": 260,"Actual Startup Time": 70.122,"Actual Total Time": 358.029,"Actual Rows": 28615,"Actual Loops": 4,"Inner Unique": true,"Hash Cond": "(customer.c_nationkey = nation.n_nationkey)","Workers": [],"Plans": [{"Node Type": "Hash Join","Parent Relationship": "Outer","Parallel Aware": true,"Async Capable": false,"Join Type": "Inner","Startup Cost": 5796.73,"Total Cost": 119413.69,"Plan Rows": 18490,"Plan Width": 160,"Actual Startup Time": 69.815,"Actual Total Time": 349.575,"Actual Rows": 28615,"Actual Loops": 4,"Inner Unique": true,"Hash Cond": "(orders.o_custkey = customer.c_custkey)","Workers": [],"Plans": [{"Node Type": "Nested Loop","Parent Relationship": "Outer","Parallel Aware": false,"Async Capable": false,"Join Type": "Inner","Startup Cost": 805.48,"Total Cost": 114373.91,"Plan Rows": 18490,"Plan Width": 16,"Actual Startup Time": 13.081,"Actual Total Time": 249.954,"Actual Rows": 28615,"Actual Loops": 4,"Inner Unique": false,"Workers": [],"Plans": [{"Node Type": "Bitmap Heap Scan","Parent Relationship": "Outer","Parallel Aware": true,"Async Capable": false,"Relation Name": "orders","Alias": "orders","Startup Cost": 805.05,"Total Cost": 27181.70,"Plan Rows": 18776,"Plan Width": 8,"Actual Startup Time": 13.019,"Actual Total Time": 71.418,"Actual Rows": 14305,"Actual Loops": 4,"Recheck Cond": "((o_orderdate >= '1994-10-01'::date) AND (o_orderdate < '1995-01-01 00:00:00'::timestamp without time zone))","Rows Removed by Index Recheck": 0,"Exact Heap Blocks": 3518,"Lossy Heap Blocks": 0,"Workers": [],"Plans": [{"Node Type": "Bitmap Index Scan","Parent Relationship": "Outer","Parallel Aware": false,"Async Capable": false,"Index Name": "idx_orders_orderdate","Startup Cost": 0.00,"Total Cost": 790.50,"Plan Rows": 58207,"Plan Width": 0,"Actual Startup Time": 9.954,"Actual Total Time": 9.955,"Actual Rows": 57219,"Actual Loops": 1,"Index Cond": "((o_orderdate >= '1994-10-01'::date) AND (o_orderdate < '1995-01-01 00:00:00'::timestamp without time zone))","Workers": []}]},{"Node Type": "Index Scan","Parent Relationship": "Inner","Parallel Aware": false,"Async Capable": false,"Scan Direction": "Forward","Index Name": "idx_lineitem_orderkey","Relation Name": "lineitem","Alias": "lineitem","Startup Cost": 0.43,"Total Cost": 4.60,"Plan Rows": 4,"Plan Width": 16,"Actual Startup Time": 0.010,"Actual Total Time": 0.012,"Actual Rows": 2,"Actual Loops": 57219,"Index Cond": "(l_orderkey = orders.o_orderkey)","Rows Removed by Index Recheck": 0,"Filter": "(l_returnflag = 'R'::bpchar)","Rows Removed by Filter": 2,"Workers": []}]},{"Node Type": "Hash","Parent Relationship": "Inner","Parallel Aware": true,"Async Capable": false,"Startup Cost": 4210.00,"Total Cost": 4210.00,"Plan Rows": 62500,"Plan Width": 148,"Actual Startup Time": 56.184,"Actual Total Time": 56.192,"Actual Rows": 37500,"Actual Loops": 4,"Hash Buckets": 262144,"Original Hash Buckets": 262144,"Hash Batches": 1,"Original Hash Batches": 1,"Peak Memory Usage": 29344,"Workers": [],"Plans": [{"Node Type": "Seq Scan","Parent Relationship": "Outer","Parallel Aware": true,"Async Capable": false,"Relation Name": "customer","Alias": "customer","Startup Cost": 0.00,"Total Cost": 4210.00,"Plan Rows": 62500,"Plan Width": 148,"Actual Startup Time": 0.017,"Actual Total Time": 25.696,"Actual Rows": 37500,"Actual Loops": 4,"Workers": []}]}]},{"Node Type": "Hash","Parent Relationship": "Inner","Parallel Aware": false,"Async Capable": false,"Startup Cost": 1.25,"Total Cost": 1.25,"Plan Rows": 25,"Plan Width": 108,"Actual Startup Time": 0.071,"Actual Total Time": 0.075,"Actual Rows": 25,"Actual Loops": 4,"Hash Buckets": 1024,"Original Hash Buckets": 1024,"Hash Batches": 1,"Original Hash Batches": 1,"Peak Memory Usage": 10,"Workers": [],"Plans": [{"Node Type": "Seq Scan","Parent Relationship": "Outer","Parallel Aware": false,"Async Capable": false,"Relation Name": "nation","Alias": "nation","Startup Cost": 0.00,"Total Cost": 1.25,"Plan Rows": 25,"Plan Width": 108,"Actual Startup Time": 0.050,"Actual Total Time": 0.053,"Actual Rows": 25,"Actual Loops": 4,"Workers": []}]}]}]}]}]},"Planning Time": 7.724,"Triggers": [],"Execution Time": 636.921}]
[{"Plan": {"Node Type": "Sort","Parallel Aware": false,"Async Capable": false,"Startup Cost": 130909.78,"Total Cost": 131050.70,"Plan Rows": 56371,"Plan Width": 280,"Actual Startup Time": 586.743,"Actual Total Time": 630.152,"Actual Rows": 38263,"Actual Loops": 1,"Sort Key": ["(sum((lineitem.l_extendedprice * ('1'::numeric - lineitem.l_discount)))) DESC"],"Sort Method": "quicksort","Sort Space Used": 9899,"Sort Space Type": "Memory","Plans": [{"Node Type": "Aggregate","Strategy": "Hashed","Partial Mode": "Simple","Parent Relationship": "Outer","Parallel Aware": false,"Async Capable": false,"Startup Cost": 125756.71,"Total Cost": 126461.35,"Plan Rows": 56371,"Plan Width": 280,"Actual Startup Time": 417.199,"Actual Total Time": 554.225,"Actual Rows": 38263,"Actual Loops": 1,"Group Key": ["customer.c_custkey", "nation.n_name"],"Planned Partitions": 0,"HashAgg Batches": 1,"Peak Memory Usage": 26129,"Disk Usage": 0,"Plans": [{"Node Type": "Gather","Parent Relationship": "Outer","Parallel Aware": false,"Async Capable": false,"Startup Cost": 6784.43,"Total Cost": 125052.08,"Plan Rows": 56371,"Plan Width": 260,"Actual Startup Time": 75.828,"Actual Total Time": 292.854,"Actual Rows": 114665,"Actual Loops": 1,"Workers Planned": 3,"Workers Launched": 3,"Single Copy": false,"Plans": [{"Node Type": "Hash Join","Parent Relationship": "Outer","Parallel Aware": false,"Async Capable": false,"Join Type": "Inner","Startup Cost": 5784.43,"Total Cost": 118414.98,"Plan Rows": 18184,"Plan Width": 260,"Actual Startup Time": 68.693,"Actual Total Time": 360.677,"Actual Rows": 28666,"Actual Loops": 4,"Inner Unique": true,"Hash Cond": "(customer.c_nationkey = nation.n_nationkey)","Workers": [],"Plans": [{"Node Type": "Hash Join","Parent Relationship": "Outer","Parallel Aware": true,"Async Capable": false,"Join Type": "Inner","Startup Cost": 5782.87,"Total Cost": 118357.59,"Plan Rows": 18184,"Plan Width": 160,"Actual Startup Time": 68.338,"Actual Total Time": 351.919,"Actual Rows": 28666,"Actual Loops": 4,"Inner Unique": true,"Hash Cond": "(orders.o_custkey = customer.c_custkey)","Workers": [],"Plans": [{"Node Type": "Nested Loop","Parent Relationship": "Outer","Parallel Aware": false,"Async Capable": false,"Join Type": "Inner","Startup Cost": 791.62,"Total Cost": 113318.61,"Plan Rows": 18184,"Plan Width": 16,"Actual Startup Time": 13.513,"Actual Total Time": 254.371,"Actual Rows": 28666,"Actual Loops": 4,"Inner Unique": false,"Workers": [],"Plans": [{"Node Type": "Bitmap Heap Scan","Parent Relationship": "Outer","Parallel Aware": true,"Async Capable": false,"Relation Name": "orders","Alias": "orders","Startup Cost": 791.19,"Total Cost": 27163.18,"Plan Rows": 18466,"Plan Width": 8,"Actual Startup Time": 13.445,"Actual Total Time": 71.425,"Actual Rows": 14346,"Actual Loops": 4,"Recheck Cond": "((o_orderdate >= '1994-07-01'::date) AND (o_orderdate < '1994-10-01 00:00:00'::timestamp without time zone))","Rows Removed by Index Recheck": 0,"Exact Heap Blocks": 3489,"Lossy Heap Blocks": 0,"Workers": [],"Plans": [{"Node Type": "Bitmap Index Scan","Parent Relationship": "Outer","Parallel Aware": false,"Async Capable": false,"Index Name": "idx_orders_orderdate","Startup Cost": 0.00,"Total Cost": 776.88,"Plan Rows": 57245,"Plan Width": 0,"Actual Startup Time": 10.310,"Actual Total Time": 10.312,"Actual Rows": 57384,"Actual Loops": 1,"Index Cond": "((o_orderdate >= '1994-07-01'::date) AND (o_orderdate < '1994-10-01 00:00:00'::timestamp without time zone))","Workers": []}]},{"Node Type": "Index Scan","Parent Relationship": "Inner","Parallel Aware": false,"Async Capable": false,"Scan Direction": "Forward","Index Name": "idx_lineitem_orderkey","Relation Name": "lineitem","Alias": "lineitem","Startup Cost": 0.43,"Total Cost": 4.63,"Plan Rows": 4,"Plan Width": 16,"Actual Startup Time": 0.010,"Actual Total Time": 0.012,"Actual Rows": 2,"Actual Loops": 57384,"Index Cond": "(l_orderkey = orders.o_orderkey)","Rows Removed by Index Recheck": 0,"Filter": "(l_returnflag = 'R'::bpchar)","Rows Removed by Filter": 2,"Workers": []}]},{"Node Type": "Hash","Parent Relationship": "Inner","Parallel Aware": true,"Async Capable": false,"Startup Cost": 4210.00,"Total Cost": 4210.00,"Plan Rows": 62500,"Plan Width": 148,"Actual Startup Time": 54.206,"Actual Total Time": 54.213,"Actual Rows": 37500,"Actual Loops": 4,"Hash Buckets": 262144,"Original Hash Buckets": 262144,"Hash Batches": 1,"Original Hash Batches": 1,"Peak Memory Usage": 29312,"Workers": [],"Plans": [{"Node Type": "Seq Scan","Parent Relationship": "Outer","Parallel Aware": true,"Async Capable": false,"Relation Name": "customer","Alias": "customer","Startup Cost": 0.00,"Total Cost": 4210.00,"Plan Rows": 62500,"Plan Width": 148,"Actual Startup Time": 0.020,"Actual Total Time": 23.974,"Actual Rows": 37500,"Actual Loops": 4,"Workers": []}]}]},{"Node Type": "Hash","Parent Relationship": "Inner","Parallel Aware": false,"Async Capable": false,"Startup Cost": 1.25,"Total Cost": 1.25,"Plan Rows": 25,"Plan Width": 108,"Actual Startup Time": 0.080,"Actual Total Time": 0.085,"Actual Rows": 25,"Actual Loops": 4,"Hash Buckets": 1024,"Original Hash Buckets": 1024,"Hash Batches": 1,"Original Hash Batches": 1,"Peak Memory Usage": 10,"Workers": [],"Plans": [{"Node Type": "Seq Scan","Parent Relationship": "Outer","Parallel Aware": false,"Async Capable": false,"Relation Name": "nation","Alias": "nation","Startup Cost": 0.00,"Total Cost": 1.25,"Plan Rows": 25,"Plan Width": 108,"Actual Startup Time": 0.053,"Actual Total Time": 0.059,"Actual Rows": 25,"Actual Loops": 4,"Workers": []}]}]}]}]}]},"Planning Time": 7.471,"Triggers": [],"Execution Time": 636.412}]
[{"Plan": {"Node Type": "Sort","Parallel Aware": false,"Async Capable": false,"Startup Cost": 135294.26,"Total Cost": 135443.48,"Plan Rows": 59689,"Plan Width": 280,"Actual Startup Time": 545.457,"Actual Total Time": 585.279,"Actual Rows": 35593,"Actual Loops": 1,"Sort Key": ["(sum((lineitem.l_extendedprice * ('1'::numeric - lineitem.l_discount)))) DESC"],"Sort Method": "quicksort","Sort Space Used": 9317,"Sort Space Type": "Memory","Plans": [{"Node Type": "Aggregate","Strategy": "Hashed","Partial Mode": "Simple","Parent Relationship": "Outer","Parallel Aware": false,"Async Capable": false,"Startup Cost": 129813.27,"Total Cost": 130559.38,"Plan Rows": 59689,"Plan Width": 280,"Actual Startup Time": 389.996,"Actual Total Time": 517.393,"Actual Rows": 35593,"Actual Loops": 1,"Group Key": ["customer.c_custkey", "nation.n_name"],"Planned Partitions": 0,"HashAgg Batches": 1,"Peak Memory Usage": 27665,"Disk Usage": 0,"Plans": [{"Node Type": "Gather","Parent Relationship": "Outer","Parallel Aware": false,"Async Capable": false,"Startup Cost": 6830.97,"Total Cost": 129067.15,"Plan Rows": 59689,"Plan Width": 260,"Actual Startup Time": 76.518,"Actual Total Time": 281.363,"Actual Rows": 94907,"Actual Loops": 1,"Workers Planned": 3,"Workers Launched": 3,"Single Copy": false,"Plans": [{"Node Type": "Hash Join","Parent Relationship": "Outer","Parallel Aware": false,"Async Capable": false,"Join Type": "Inner","Startup Cost": 5830.97,"Total Cost": 122098.25,"Plan Rows": 19255,"Plan Width": 260,"Actual Startup Time": 68.775,"Actual Total Time": 339.806,"Actual Rows": 23727,"Actual Loops": 4,"Inner Unique": true,"Hash Cond": "(customer.c_nationkey = nation.n_nationkey)","Workers": [],"Plans": [{"Node Type": "Hash Join","Parent Relationship": "Outer","Parallel Aware": true,"Async Capable": false,"Join Type": "Inner","Startup Cost": 5829.40,"Total Cost": 122037.58,"Plan Rows": 19255,"Plan Width": 160,"Actual Startup Time": 68.296,"Actual Total Time": 331.130,"Actual Rows": 23727,"Actual Loops": 4,"Inner Unique": true,"Hash Cond": "(orders.o_custkey = customer.c_custkey)","Workers": [],"Plans": [{"Node Type": "Nested Loop","Parent Relationship": "Outer","Parallel Aware": false,"Async Capable": false,"Join Type": "Inner","Startup Cost": 838.15,"Total Cost": 116995.79,"Plan Rows": 19255,"Plan Width": 16,"Actual Startup Time": 13.636,"Actual Total Time": 241.200,"Actual Rows": 23727,"Actual Loops": 4,"Inner Unique": false,"Workers": [],"Plans": [{"Node Type": "Bitmap Heap Scan","Parent Relationship": "Outer","Parallel Aware": true,"Async Capable": false,"Relation Name": "orders","Alias": "orders","Startup Cost": 837.72,"Total Cost": 27226.01,"Plan Rows": 19553,"Plan Width": 8,"Actual Startup Time": 13.552,"Actual Total Time": 68.983,"Actual Rows": 14126,"Actual Loops": 4,"Recheck Cond": "((o_orderdate >= '1995-01-01'::date) AND (o_orderdate < '1995-04-01 00:00:00'::timestamp without time zone))","Rows Removed by Index Recheck": 0,"Exact Heap Blocks": 3623,"Lossy Heap Blocks": 0,"Workers": [],"Plans": [{"Node Type": "Bitmap Index Scan","Parent Relationship": "Outer","Parallel Aware": false,"Async Capable": false,"Index Name": "idx_orders_orderdate","Startup Cost": 0.00,"Total Cost": 822.57,"Plan Rows": 60614,"Plan Width": 0,"Actual Startup Time": 10.475,"Actual Total Time": 10.479,"Actual Rows": 56506,"Actual Loops": 1,"Index Cond": "((o_orderdate >= '1995-01-01'::date) AND (o_orderdate < '1995-04-01 00:00:00'::timestamp without time zone))","Workers": []}]},{"Node Type": "Index Scan","Parent Relationship": "Inner","Parallel Aware": false,"Async Capable": false,"Scan Direction": "Forward","Index Name": "idx_lineitem_orderkey","Relation Name": "lineitem","Alias": "lineitem","Startup Cost": 0.43,"Total Cost": 4.55,"Plan Rows": 4,"Plan Width": 16,"Actual Startup Time": 0.010,"Actual Total Time": 0.012,"Actual Rows": 2,"Actual Loops": 56506,"Index Cond": "(l_orderkey = orders.o_orderkey)","Rows Removed by Index Recheck": 0,"Filter": "(l_returnflag = 'R'::bpchar)","Rows Removed by Filter": 2,"Workers": []}]},{"Node Type": "Hash","Parent Relationship": "Inner","Parallel Aware": true,"Async Capable": false,"Startup Cost": 4210.00,"Total Cost": 4210.00,"Plan Rows": 62500,"Plan Width": 148,"Actual Startup Time": 54.088,"Actual Total Time": 54.097,"Actual Rows": 37500,"Actual Loops": 4,"Hash Buckets": 262144,"Original Hash Buckets": 262144,"Hash Batches": 1,"Original Hash Batches": 1,"Peak Memory Usage": 29312,"Workers": [],"Plans": [{"Node Type": "Seq Scan","Parent Relationship": "Outer","Parallel Aware": true,"Async Capable": false,"Relation Name": "customer","Alias": "customer","Startup Cost": 0.00,"Total Cost": 4210.00,"Plan Rows": 62500,"Plan Width": 148,"Actual Startup Time": 0.033,"Actual Total Time": 23.775,"Actual Rows": 37500,"Actual Loops": 4,"Workers": []}]}]},{"Node Type": "Hash","Parent Relationship": "Inner","Parallel Aware": false,"Async Capable": false,"Startup Cost": 1.25,"Total Cost": 1.25,"Plan Rows": 25,"Plan Width": 108,"Actual Startup Time": 0.094,"Actual Total Time": 0.098,"Actual Rows": 25,"Actual Loops": 4,"Hash Buckets": 1024,"Original Hash Buckets": 1024,"Hash Batches": 1,"Original Hash Batches": 1,"Peak Memory Usage": 10,"Workers": [],"Plans": [{"Node Type": "Seq Scan","Parent Relationship": "Outer","Parallel Aware": false,"Async Capable": false,"Relation Name": "nation","Alias": "nation","Startup Cost": 0.00,"Total Cost": 1.25,"Plan Rows": 25,"Plan Width": 108,"Actual Startup Time": 0.062,"Actual Total Time": 0.068,"Actual Rows": 25,"Actual Loops": 4,"Workers": []}]}]}]}]}]},"Planning Time": 7.620,"Triggers": [],"Execution Time": 593.147}]
[{"Plan": {"Node Type": "Sort","Parallel Aware": false,"Async Capable": false,"Startup Cost": 129285.16,"Total Cost": 129423.04,"Plan Rows": 55152,"Plan Width": 280,"Actual Startup Time": 594.195,"Actual Total Time": 635.058,"Actual Rows": 37857,"Actual Loops": 1,"Sort Key": ["(sum((lineitem.l_extendedprice * ('1'::numeric - lineitem.l_discount)))) DESC"],"Sort Method": "quicksort","Sort Space Used": 9823,"Sort Space Type": "Memory","Plans": [{"Node Type": "Aggregate","Strategy": "Hashed","Partial Mode": "Simple","Parent Relationship": "Outer","Parallel Aware": false,"Async Capable": false,"Startup Cost": 124252.23,"Total Cost": 124941.63,"Plan Rows": 55152,"Plan Width": 280,"Actual Startup Time": 414.188,"Actual Total Time": 557.916,"Actual Rows": 37857,"Actual Loops": 1,"Group Key": ["customer.c_custkey", "nation.n_name"],"Planned Partitions": 0,"HashAgg Batches": 1,"Peak Memory Usage": 26129,"Disk Usage": 0,"Plans": [{"Node Type": "Gather","Parent Relationship": "Outer","Parallel Aware": false,"Async Capable": false,"Startup Cost": 6767.74,"Total Cost": 123562.83,"Plan Rows": 55152,"Plan Width": 260,"Actual Startup Time": 77.793,"Actual Total Time": 289.359,"Actual Rows": 114326,"Actual Loops": 1,"Workers Planned": 3,"Workers Launched": 3,"Single Copy": false,"Plans": [{"Node Type": "Hash Join","Parent Relationship": "Outer","Parallel Aware": false,"Async Capable": false,"Join Type": "Inner","Startup Cost": 5767.74,"Total Cost": 117047.63,"Plan Rows": 17791,"Plan Width": 260,"Actual Startup Time": 70.168,"Actual Total Time": 358.948,"Actual Rows": 28582,"Actual Loops": 4,"Inner Unique": true,"Hash Cond": "(customer.c_nationkey = nation.n_nationkey)","Workers": [],"Plans": [{"Node Type": "Hash Join","Parent Relationship": "Outer","Parallel Aware": true,"Async Capable": false,"Join Type": "Inner","Startup Cost": 5766.18,"Total Cost": 116991.45,"Plan Rows": 17791,"Plan Width": 160,"Actual Startup Time": 69.698,"Actual Total Time": 349.487,"Actual Rows": 28582,"Actual Loops": 4,"Inner Unique": true,"Hash Cond": "(orders.o_custkey = customer.c_custkey)","Workers": [],"Plans": [{"Node Type": "Nested Loop","Parent Relationship": "Outer","Parallel Aware": false,"Async Capable": false,"Join Type": "Inner","Startup Cost": 774.93,"Total Cost": 111953.49,"Plan Rows": 17791,"Plan Width": 16,"Actual Startup Time": 12.978,"Actual Total Time": 249.911,"Actual Rows": 28582,"Actual Loops": 4,"Inner Unique": false,"Workers": [],"Plans": [{"Node Type": "Bitmap Heap Scan","Parent Relationship": "Outer","Parallel Aware": true,"Async Capable": false,"Relation Name": "orders","Alias": "orders","Startup Cost": 774.50,"Total Cost": 27140.50,"Plan Rows": 18067,"Plan Width": 8,"Actual Startup Time": 12.915,"Actual Total Time": 70.510,"Actual Rows": 14320,"Actual Loops": 4,"Recheck Cond": "((o_orderdate >= '1993-06-01'::date) AND (o_orderdate < '1993-09-01 00:00:00'::timestamp without time zone))","Rows Removed by Index Recheck": 0,"Exact Heap Blocks": 3550,"Lossy Heap Blocks": 0,"Workers": [],"Plans": [{"Node Type": "Bitmap Index Scan","Parent Relationship": "Outer","Parallel Aware": false,"Async Capable": false,"Index Name": "idx_orders_orderdate","Startup Cost": 0.00,"Total Cost": 760.50,"Plan Rows": 56007,"Plan Width": 0,"Actual Startup Time": 9.843,"Actual Total Time": 9.846,"Actual Rows": 57280,"Actual Loops": 1,"Index Cond": "((o_orderdate >= '1993-06-01'::date) AND (o_orderdate < '1993-09-01 00:00:00'::timestamp without time zone))","Workers": []}]},{"Node Type": "Index Scan","Parent Relationship": "Inner","Parallel Aware": false,"Async Capable": false,"Scan Direction": "Forward","Index Name": "idx_lineitem_orderkey","Relation Name": "lineitem","Alias": "lineitem","Startup Cost": 0.43,"Total Cost": 4.65,"Plan Rows": 4,"Plan Width": 16,"Actual Startup Time": 0.010,"Actual Total Time": 0.012,"Actual Rows": 2,"Actual Loops": 57280,"Index Cond": "(l_orderkey = orders.o_orderkey)","Rows Removed by Index Recheck": 0,"Filter": "(l_returnflag = 'R'::bpchar)","Rows Removed by Filter": 2,"Workers": []}]},{"Node Type": "Hash","Parent Relationship": "Inner","Parallel Aware": true,"Async Capable": false,"Startup Cost": 4210.00,"Total Cost": 4210.00,"Plan Rows": 62500,"Plan Width": 148,"Actual Startup Time": 56.151,"Actual Total Time": 56.157,"Actual Rows": 37500,"Actual Loops": 4,"Hash Buckets": 262144,"Original Hash Buckets": 262144,"Hash Batches": 1,"Original Hash Batches": 1,"Peak Memory Usage": 29312,"Workers": [],"Plans": [{"Node Type": "Seq Scan","Parent Relationship": "Outer","Parallel Aware": true,"Async Capable": false,"Relation Name": "customer","Alias": "customer","Startup Cost": 0.00,"Total Cost": 4210.00,"Plan Rows": 62500,"Plan Width": 148,"Actual Startup Time": 0.028,"Actual Total Time": 26.217,"Actual Rows": 37500,"Actual Loops": 4,"Workers": []}]}]},{"Node Type": "Hash","Parent Relationship": "Inner","Parallel Aware": false,"Async Capable": false,"Startup Cost": 1.25,"Total Cost": 1.25,"Plan Rows": 25,"Plan Width": 108,"Actual Startup Time": 0.109,"Actual Total Time": 0.115,"Actual Rows": 25,"Actual Loops": 4,"Hash Buckets": 1024,"Original Hash Buckets": 1024,"Hash Batches": 1,"Original Hash Batches": 1,"Peak Memory Usage": 10,"Workers": [],"Plans": [{"Node Type": "Seq Scan","Parent Relationship": "Outer","Parallel Aware": false,"Async Capable": false,"Relation Name": "nation","Alias": "nation","Startup Cost": 0.00,"Total Cost": 1.25,"Plan Rows": 25,"Plan Width": 108,"Actual Startup Time": 0.076,"Actual Total Time": 0.083,"Actual Rows": 25,"Actual Loops": 4,"Workers": []}]}]}]}]}]},"Planning Time": 6.852,"Triggers": [],"Execution Time": 641.259}]
[{"Plan": {"Node Type": "Sort","Parallel Aware": false,"Async Capable": false,"Startup Cost": 132166.82,"Total Cost": 132310.11,"Plan Rows": 57318,"Plan Width": 280,"Actual Startup Time": 590.000,"Actual Total Time": 630.537,"Actual Rows": 37972,"Actual Loops": 1,"Sort Key": ["(sum((lineitem.l_extendedprice * ('1'::numeric - lineitem.l_discount)))) DESC"],"Sort Method": "quicksort","Sort Space Used": 9843,"Sort Space Type": "Memory","Plans": [{"Node Type": "Aggregate","Strategy": "Hashed","Partial Mode": "Simple","Parent Relationship": "Outer","Parallel Aware": false,"Async Capable": false,"Startup Cost": 126920.30,"Total Cost": 127636.77,"Plan Rows": 57318,"Plan Width": 280,"Actual Startup Time": 413.108,"Actual Total Time": 556.129,"Actual Rows": 37972,"Actual Loops": 1,"Group Key": ["customer.c_custkey", "nation.n_name"],"Planned Partitions": 0,"HashAgg Batches": 1,"Peak Memory Usage": 26129,"Disk Usage": 0,"Plans": [{"Node Type": "Gather","Parent Relationship": "Outer","Parallel Aware": false,"Async Capable": false,"Startup Cost": 6798.29,"Total Cost": 126203.82,"Plan Rows": 57318,"Plan Width": 260,"Actual Startup Time": 77.619,"Actual Total Time": 286.194,"Actual Rows": 114459,"Actual Loops": 1,"Workers Planned": 3,"Workers Launched": 3,"Single Copy": false,"Plans": [{"Node Type": "Hash Join","Parent Relationship": "Outer","Parallel Aware": false,"Async Capable": false,"Join Type": "Inner","Startup Cost": 5798.29,"Total Cost": 119472.02,"Plan Rows": 18490,"Plan Width": 260,"Actual Startup Time": 70.122,"Actual Total Time": 358.029,"Actual Rows": 28615,"Actual Loops": 4,"Inner Unique": true,"Hash Cond": "(customer.c_nationkey = nation.n_nationkey)","Workers": [],"Plans": [{"Node Type": "Hash Join","Parent Relationship": "Outer","Parallel Aware": true,"Async Capable": false,"Join Type": "Inner","Startup Cost": 5796.73,"Total Cost": 119413.69,"Plan Rows": 18490,"Plan Width": 160,"Actual Startup Time": 69.815,"Actual Total Time": 349.575,"Actual Rows": 28615,"Actual Loops": 4,"Inner Unique": true,"Hash Cond": "(orders.o_custkey = customer.c_custkey)","Workers": [],"Plans": [{"Node Type": "Nested Loop","Parent Relationship": "Outer","Parallel Aware": false,"Async Capable": false,"Join Type": "Inner","Startup Cost": 805.48,"Total Cost": 114373.91,"Plan Rows": 18490,"Plan Width": 16,"Actual Startup Time": 13.081,"Actual Total Time": 249.954,"Actual Rows": 28615,"Actual Loops": 4,"Inner Unique": false,"Workers": [],"Plans": [{"Node Type": "Bitmap Heap Scan","Parent Relationship": "Outer","Parallel Aware": true,"Async Capable": false,"Relation Name": "orders","Alias": "orders","Startup Cost": 805.05,"Total Cost": 27181.70,"Plan Rows": 18776,"Plan Width": 8,"Actual Startup Time": 13.019,"Actual Total Time": 71.418,"Actual Rows": 14305,"Actual Loops": 4,"Recheck Cond": "((o_orderdate >= '1994-10-01'::date) AND (o_orderdate < '1995-01-01 00:00:00'::timestamp without time zone))","Rows Removed by Index Recheck": 0,"Exact Heap Blocks": 3518,"Lossy Heap Blocks": 0,"Workers": [],"Plans": [{"Node Type": "Bitmap Index Scan","Parent Relationship": "Outer","Parallel Aware": false,"Async Capable": false,"Index Name": "idx_orders_orderdate","Startup Cost": 0.00,"Total Cost": 790.50,"Plan Rows": 58207,"Plan Width": 0,"Actual Startup Time": 9.954,"Actual Total Time": 9.955,"Actual Rows": 57219,"Actual Loops": 1,"Index Cond": "((o_orderdate >= '1994-10-01'::date) AND (o_orderdate < '1995-01-01 00:00:00'::timestamp without time zone))","Workers": []}]},{"Node Type": "Index Scan","Parent Relationship": "Inner","Parallel Aware": false,"Async Capable": false,"Scan Direction": "Forward","Index Name": "idx_lineitem_orderkey","Relation Name": "lineitem","Alias": "lineitem","Startup Cost": 0.43,"Total Cost": 4.60,"Plan Rows": 4,"Plan Width": 16,"Actual Startup Time": 0.010,"Actual Total Time": 0.012,"Actual Rows": 2,"Actual Loops": 57219,"Index Cond": "(l_orderkey = orders.o_orderkey)","Rows Removed by Index Recheck": 0,"Filter": "(l_returnflag = 'R'::bpchar)","Rows Removed by Filter": 2,"Workers": []}]},{"Node Type": "Hash","Parent Relationship": "Inner","Parallel Aware": true,"Async Capable": false,"Startup Cost": 4210.00,"Total Cost": 4210.00,"Plan Rows": 62500,"Plan Width": 148,"Actual Startup Time": 56.184,"Actual Total Time": 56.192,"Actual Rows": 37500,"Actual Loops": 4,"Hash Buckets": 262144,"Original Hash Buckets": 262144,"Hash Batches": 1,"Original Hash Batches": 1,"Peak Memory Usage": 29344,"Workers": [],"Plans": [{"Node Type": "Seq Scan","Parent Relationship": "Outer","Parallel Aware": true,"Async Capable": false,"Relation Name": "customer","Alias": "customer","Startup Cost": 0.00,"Total Cost": 4210.00,"Plan Rows": 62500,"Plan Width": 148,"Actual Startup Time": 0.017,"Actual Total Time": 25.696,"Actual Rows": 37500,"Actual Loops": 4,"Workers": []}]}]},{"Node Type": "Hash","Parent Relationship": "Inner","Parallel Aware": false,"Async Capable": false,"Startup Cost": 1.25,"Total Cost": 1.25,"Plan Rows": 25,"Plan Width": 108,"Actual Startup Time": 0.071,"Actual Total Time": 0.075,"Actual Rows": 25,"Actual Loops": 4,"Hash Buckets": 1024,"Original Hash Buckets": 1024,"Hash Batches": 1,"Original Hash Batches": 1,"Peak Memory Usage": 10,"Workers": [],"Plans": [{"Node Type": "Seq Scan","Parent Relationship": "Outer","Parallel Aware": false,"Async Capable": false,"Relation Name": "nation","Alias": "nation","Startup Cost": 0.00,"Total Cost": 1.25,"Plan Rows": 25,"Plan Width": 108,"Actual Startup Time": 0.050,"Actual Total Time": 0.053,"Actual Rows": 25,"Actual Loops": 4,"Workers": []}]}]}]}]}]},"Planning Time": 7.724,"Triggers": [],"Execution Time": 636.921}]
[{"Plan": {"Node Type": "Sort","Parallel Aware": false,"Async Capable": false,"Startup Cost": 131080.21,"Total Cost": 131221.46,"Plan Rows": 56499,"Plan Width": 280,"Actual Startup Time": 605.493,"Actual Total Time": 645.716,"Actual Rows": 37967,"Actual Loops": 1,"Sort Key": ["(sum((lineitem.l_extendedprice * ('1'::numeric - lineitem.l_discount)))) DESC"],"Sort Method": "quicksort","Sort Space Used": 9838,"Sort Space Type": "Memory","Plans": [{"Node Type": "Aggregate","Strategy": "Hashed","Partial Mode": "Simple","Parent Relationship": "Outer","Parallel Aware": false,"Async Capable": false,"Startup Cost": 125914.53,"Total Cost": 126620.77,"Plan Rows": 56499,"Plan Width": 280,"Actual Startup Time": 424.904,"Actual Total Time": 572.991,"Actual Rows": 37967,"Actual Loops": 1,"Group Key": ["customer.c_custkey", "nation.n_name"],"Planned Partitions": 0,"HashAgg Batches": 1,"Peak Memory Usage": 26129,"Disk Usage": 0,"Plans": [{"Node Type": "Gather","Parent Relationship": "Outer","Parallel Aware": false,"Async Capable": false,"Startup Cost": 6785.77,"Total Cost": 125208.29,"Plan Rows": 56499,"Plan Width": 260,"Actual Startup Time": 85.491,"Actual Total Time": 295.043,"Actual Rows": 114705,"Actual Loops": 1,"Workers Planned": 3,"Workers Launched": 3,"Single Copy": false,"Plans": [{"Node Type": "Hash Join","Parent Relationship": "Outer","Parallel Aware": false,"Async Capable": false,"Join Type": "Inner","Startup Cost": 5785.77,"Total Cost": 118558.39,"Plan Rows": 18225,"Plan Width": 260,"Actual Startup Time": 77.990,"Actual Total Time": 369.128,"Actual Rows": 28676,"Actual Loops": 4,"Inner Unique": true,"Hash Cond": "(customer.c_nationkey = nation.n_nationkey)","Workers": [],"Plans": [{"Node Type": "Hash Join","Parent Relationship": "Outer","Parallel Aware": true,"Async Capable": false,"Join Type": "Inner","Startup Cost": 5784.20,"Total Cost": 118500.88,"Plan Rows": 18225,"Plan Width": 160,"Actual Startup Time": 77.566,"Actual Total Time": 359.708,"Actual Rows": 28676,"Actual Loops": 4,"Inner Unique": true,"Hash Cond": "(orders.o_custkey = customer.c_custkey)","Workers": [],"Plans": [{"Node Type": "Nested Loop","Parent Relationship": "Outer","Parallel Aware": false,"Async Capable": false,"Join Type": "Inner","Startup Cost": 792.95,"Total Cost": 113461.79,"Plan Rows": 18225,"Plan Width": 16,"Actual Startup Time": 13.246,"Actual Total Time": 255.571,"Actual Rows": 28676,"Actual Loops": 4,"Inner Unique": false,"Workers": [],"Plans": [{"Node Type": "Bitmap Heap Scan","Parent Relationship": "Outer","Parallel Aware": true,"Async Capable": false,"Relation Name": "orders","Alias": "orders","Startup Cost": 792.52,"Total Cost": 27165.14,"Plan Rows": 18508,"Plan Width": 8,"Actual Startup Time": 13.160,"Actual Total Time": 71.475,"Actual Rows": 14267,"Actual Loops": 4,"Recheck Cond": "((o_orderdate >= '1993-10-01'::date) AND (o_orderdate < '1994-01-01 00:00:00'::timestamp without time zone))","Rows Removed by Index Recheck": 0,"Exact Heap Blocks": 3708,"Lossy Heap Blocks": 0,"Workers": [],"Plans": [{"Node Type": "Bitmap Index Scan","Parent Relationship": "Outer","Parallel Aware": false,"Async Capable": false,"Index Name": "idx_orders_orderdate","Startup Cost": 0.00,"Total Cost": 778.18,"Plan Rows": 57375,"Plan Width": 0,"Actual Startup Time": 10.062,"Actual Total Time": 10.069,"Actual Rows": 57069,"Actual Loops": 1,"Index Cond": "((o_orderdate >= '1993-10-01'::date) AND (o_orderdate < '1994-01-01 00:00:00'::timestamp without time zone))","Workers": []}]},{"Node Type": "Index Scan","Parent Relationship": "Inner","Parallel Aware": false,"Async Capable": false,"Scan Direction": "Forward","Index Name": "idx_lineitem_orderkey","Relation Name": "lineitem","Alias": "lineitem","Startup Cost": 0.43,"Total Cost": 4.62,"Plan Rows": 4,"Plan Width": 16,"Actual Startup Time": 0.011,"Actual Total Time": 0.013,"Actual Rows": 2,"Actual Loops": 57069,"Index Cond": "(l_orderkey = orders.o_orderkey)","Rows Removed by Index Recheck": 0,"Filter": "(l_returnflag = 'R'::bpchar)","Rows Removed by Filter": 2,"Workers": []}]},{"Node Type": "Hash","Parent Relationship": "Inner","Parallel Aware": true,"Async Capable": false,"Startup Cost": 4210.00,"Total Cost": 4210.00,"Plan Rows": 62500,"Plan Width": 148,"Actual Startup Time": 63.688,"Actual Total Time": 63.696,"Actual Rows": 37500,"Actual Loops": 4,"Hash Buckets": 262144,"Original Hash Buckets": 262144,"Hash Batches": 1,"Original Hash Batches": 1,"Peak Memory Usage": 29312,"Workers": [],"Plans": [{"Node Type": "Seq Scan","Parent Relationship": "Outer","Parallel Aware": true,"Async Capable": false,"Relation Name": "customer","Alias": "customer","Startup Cost": 0.00,"Total Cost": 4210.00,"Plan Rows": 62500,"Plan Width": 148,"Actual Startup Time": 0.034,"Actual Total Time": 28.900,"Actual Rows": 37500,"Actual Loops": 4,"Workers": []}]}]},{"Node Type": "Hash","Parent Relationship": "Inner","Parallel Aware": false,"Async Capable": false,"Startup Cost": 1.25,"Total Cost": 1.25,"Plan Rows": 25,"Plan Width": 108,"Actual Startup Time": 0.102,"Actual Total Time": 0.107,"Actual Rows": 25,"Actual Loops": 4,"Hash Buckets": 1024,"Original Hash Buckets": 1024,"Hash Batches": 1,"Original Hash Batches": 1,"Peak Memory Usage": 10,"Workers": [],"Plans": [{"Node Type": "Seq Scan","Parent Relationship": "Outer","Parallel Aware": false,"Async Capable": false,"Relation Name": "nation","Alias": "nation","Startup Cost": 0.00,"Total Cost": 1.25,"Plan Rows": 25,"Plan Width": 108,"Actual Startup Time": 0.070,"Actual Total Time": 0.076,"Actual Rows": 25,"Actual Loops": 4,"Workers": []}]}]}]}]}]},"Planning Time": 6.575,"Triggers": [],"Execution Time": 649.944}]
[{"Plan": {"Node Type": "Sort","Parallel Aware": false,"Async Capable": false,"Startup Cost": 127549.79,"Total Cost": 127684.44,"Plan Rows": 53858,"Plan Width": 280,"Actual Startup Time": 605.399,"Actual Total Time": 645.666,"Actual Rows": 37880,"Actual Loops": 1,"Sort Key": ["(sum((lineitem.l_extendedprice * ('1'::numeric - lineitem.l_discount)))) DESC"],"Sort Method": "quicksort","Sort Space Used": 9830,"Sort Space Type": "Memory","Plans": [{"Node Type": "Aggregate","Strategy": "Hashed","Partial Mode": "Simple","Parent Relationship": "Outer","Parallel Aware": false,"Async Capable": false,"Startup Cost": 122644.17,"Total Cost": 123317.39,"Plan Rows": 53858,"Plan Width": 280,"Actual Startup Time": 424.771,"Actual Total Time": 574.608,"Actual Rows": 37880,"Actual Loops": 1,"Group Key": ["customer.c_custkey", "nation.n_name"],"Planned Partitions": 0,"HashAgg Batches": 1,"Peak Memory Usage": 26129,"Disk Usage": 0,"Plans": [{"Node Type": "Gather","Parent Relationship": "Outer","Parallel Aware": false,"Async Capable": false,"Startup Cost": 6750.28,"Total Cost": 121970.94,"Plan Rows": 53858,"Plan Width": 260,"Actual Startup Time": 85.178,"Actual Total Time": 295.165,"Actual Rows": 114508,"Actual Loops": 1,"Workers Planned": 3,"Workers Launched": 3,"Single Copy": false,"Plans": [{"Node Type": "Hash Join","Parent Relationship": "Outer","Parallel Aware": false,"Async Capable": false,"Join Type": "Inner","Startup Cost": 5750.28,"Total Cost": 115585.14,"Plan Rows": 17374,"Plan Width": 260,"Actual Startup Time": 78.100,"Actual Total Time": 368.715,"Actual Rows": 28627,"Actual Loops": 4,"Inner Unique": true,"Hash Cond": "(customer.c_nationkey = nation.n_nationkey)","Workers": [],"Plans": [{"Node Type": "Hash Join","Parent Relationship": "Outer","Parallel Aware": true,"Async Capable": false,"Join Type": "Inner","Startup Cost": 5748.71,"Total Cost": 115530.24,"Plan Rows": 17374,"Plan Width": 160,"Actual Startup Time": 77.678,"Actual Total Time": 360.085,"Actual Rows": 28627,"Actual Loops": 4,"Inner Unique": true,"Hash Cond": "(orders.o_custkey = customer.c_custkey)","Workers": [],"Plans": [{"Node Type": "Nested Loop","Parent Relationship": "Outer","Parallel Aware": false,"Async Capable": false,"Join Type": "Inner","Startup Cost": 757.46,"Total Cost": 110493.39,"Plan Rows": 17374,"Plan Width": 16,"Actual Startup Time": 13.130,"Actual Total Time": 256.172,"Actual Rows": 28627,"Actual Loops": 4,"Inner Unique": false,"Workers": [],"Plans": [{"Node Type": "Bitmap Heap Scan","Parent Relationship": "Outer","Parallel Aware": true,"Async Capable": false,"Relation Name": "orders","Alias": "orders","Startup Cost": 757.03,"Total Cost": 27116.67,"Plan Rows": 17643,"Plan Width": 8,"Actual Startup Time": 13.063,"Actual Total Time": 71.665,"Actual Rows": 14273,"Actual Loops": 4,"Recheck Cond": "((o_orderdate >= '1993-05-01'::date) AND (o_orderdate < '1993-08-01 00:00:00'::timestamp without time zone))","Rows Removed by Index Recheck": 0,"Exact Heap Blocks": 3695,"Lossy Heap Blocks": 0,"Workers": [],"Plans": [{"Node Type": "Bitmap Index Scan","Parent Relationship": "Outer","Parallel Aware": false,"Async Capable": false,"Index Name": "idx_orders_orderdate","Startup Cost": 0.00,"Total Cost": 743.36,"Plan Rows": 54693,"Plan Width": 0,"Actual Startup Time": 9.957,"Actual Total Time": 9.964,"Actual Rows": 57093,"Actual Loops": 1,"Index Cond": "((o_orderdate >= '1993-05-01'::date) AND (o_orderdate < '1993-08-01 00:00:00'::timestamp without time zone))","Workers": []}]},{"Node Type": "Index Scan","Parent Relationship": "Inner","Parallel Aware": false,"Async Capable": false,"Scan Direction": "Forward","Index Name": "idx_lineitem_orderkey","Relation Name": "lineitem","Alias": "lineitem","Startup Cost": 0.43,"Total Cost": 4.69,"Plan Rows": 4,"Plan Width": 16,"Actual Startup Time": 0.011,"Actual Total Time": 0.013,"Actual Rows": 2,"Actual Loops": 57093,"Index Cond": "(l_orderkey = orders.o_orderkey)","Rows Removed by Index Recheck": 0,"Filter": "(l_returnflag = 'R'::bpchar)","Rows Removed by Filter": 2,"Workers": []}]},{"Node Type": "Hash","Parent Relationship": "Inner","Parallel Aware": true,"Async Capable": false,"Startup Cost": 4210.00,"Total Cost": 4210.00,"Plan Rows": 62500,"Plan Width": 148,"Actual Startup Time": 63.988,"Actual Total Time": 63.994,"Actual Rows": 37500,"Actual Loops": 4,"Hash Buckets": 262144,"Original Hash Buckets": 262144,"Hash Batches": 1,"Original Hash Batches": 1,"Peak Memory Usage": 29344,"Workers": [],"Plans": [{"Node Type": "Seq Scan","Parent Relationship": "Outer","Parallel Aware": true,"Async Capable": false,"Relation Name": "customer","Alias": "customer","Startup Cost": 0.00,"Total Cost": 4210.00,"Plan Rows": 62500,"Plan Width": 148,"Actual Startup Time": 0.034,"Actual Total Time": 28.777,"Actual Rows": 37500,"Actual Loops": 4,"Workers": []}]}]},{"Node Type": "Hash","Parent Relationship": "Inner","Parallel Aware": false,"Async Capable": false,"Startup Cost": 1.25,"Total Cost": 1.25,"Plan Rows": 25,"Plan Width": 108,"Actual Startup Time": 0.078,"Actual Total Time": 0.083,"Actual Rows": 25,"Actual Loops": 4,"Hash Buckets": 1024,"Original Hash Buckets": 1024,"Hash Batches": 1,"Original Hash Batches": 1,"Peak Memory Usage": 10,"Workers": [],"Plans": [{"Node Type": "Seq Scan","Parent Relationship": "Outer","Parallel Aware": false,"Async Capable": false,"Relation Name": "nation","Alias": "nation","Startup Cost": 0.00,"Total Cost": 1.25,"Plan Rows": 25,"Plan Width": 108,"Actual Startup Time": 0.048,"Actual Total Time": 0.055,"Actual Rows": 25,"Actual Loops": 4,"Workers": []}]}]}]}]}]},"Planning Time": 7.141,"Triggers": [],"Execution Time": 649.992}]
[{"Plan": {"Node Type": "Sort","Parallel Aware": false,"Async Capable": false,"Startup Cost": 131080.21,"Total Cost": 131221.46,"Plan Rows": 56499,"Plan Width": 280,"Actual Startup Time": 607.607,"Actual Total Time": 646.377,"Actual Rows": 37607,"Actual Loops": 1,"Sort Key": ["(sum((lineitem.l_extendedprice * ('1'::numeric - lineitem.l_discount)))) DESC"],"Sort Method": "quicksort","Sort Space Used": 9755,"Sort Space Type": "Memory","Plans": [{"Node Type": "Aggregate","Strategy": "Hashed","Partial Mode": "Simple","Parent Relationship": "Outer","Parallel Aware": false,"Async Capable": false,"Startup Cost": 125914.53,"Total Cost": 126620.77,"Plan Rows": 56499,"Plan Width": 280,"Actual Startup Time": 421.745,"Actual Total Time": 572.585,"Actual Rows": 37607,"Actual Loops": 1,"Group Key": ["customer.c_custkey", "nation.n_name"],"Planned Partitions": 0,"HashAgg Batches": 1,"Peak Memory Usage": 26129,"Disk Usage": 0,"Plans": [{"Node Type": "Gather","Parent Relationship": "Outer","Parallel Aware": false,"Async Capable": false,"Startup Cost": 6785.77,"Total Cost": 125208.29,"Plan Rows": 56499,"Plan Width": 260,"Actual Startup Time": 84.737,"Actual Total Time": 294.745,"Actual Rows": 112798,"Actual Loops": 1,"Workers Planned": 3,"Workers Launched": 3,"Single Copy": false,"Plans": [{"Node Type": "Hash Join","Parent Relationship": "Outer","Parallel Aware": false,"Async Capable": false,"Join Type": "Inner","Startup Cost": 5785.77,"Total Cost": 118558.39,"Plan Rows": 18225,"Plan Width": 260,"Actual Startup Time": 77.703,"Actual Total Time": 365.765,"Actual Rows": 28200,"Actual Loops": 4,"Inner Unique": true,"Hash Cond": "(customer.c_nationkey = nation.n_nationkey)","Workers": [],"Plans": [{"Node Type": "Hash Join","Parent Relationship": "Outer","Parallel Aware": true,"Async Capable": false,"Join Type": "Inner","Startup Cost": 5784.20,"Total Cost": 118500.88,"Plan Rows": 18225,"Plan Width": 160,"Actual Startup Time": 77.334,"Actual Total Time": 357.276,"Actual Rows": 28200,"Actual Loops": 4,"Inner Unique": true,"Hash Cond": "(orders.o_custkey = customer.c_custkey)","Workers": [],"Plans": [{"Node Type": "Nested Loop","Parent Relationship": "Outer","Parallel Aware": false,"Async Capable": false,"Join Type": "Inner","Startup Cost": 792.95,"Total Cost": 113461.79,"Plan Rows": 18225,"Plan Width": 16,"Actual Startup Time": 13.152,"Actual Total Time": 254.573,"Actual Rows": 28200,"Actual Loops": 4,"Inner Unique": false,"Workers": [],"Plans": [{"Node Type": "Bitmap Heap Scan","Parent Relationship": "Outer","Parallel Aware": true,"Async Capable": false,"Relation Name": "orders","Alias": "orders","Startup Cost": 792.52,"Total Cost": 27165.14,"Plan Rows": 18508,"Plan Width": 8,"Actual Startup Time": 13.088,"Actual Total Time": 71.143,"Actual Rows": 14087,"Actual Loops": 4,"Recheck Cond": "((o_orderdate >= '1994-01-01'::date) AND (o_orderdate < '1994-04-01 00:00:00'::timestamp without time zone))","Rows Removed by Index Recheck": 0,"Exact Heap Blocks": 3702,"Lossy Heap Blocks": 0,"Workers": [],"Plans": [{"Node Type": "Bitmap Index Scan","Parent Relationship": "Outer","Parallel Aware": false,"Async Capable": false,"Index Name": "idx_orders_orderdate","Startup Cost": 0.00,"Total Cost": 778.18,"Plan Rows": 57375,"Plan Width": 0,"Actual Startup Time": 9.927,"Actual Total Time": 9.934,"Actual Rows": 56349,"Actual Loops": 1,"Index Cond": "((o_orderdate >= '1994-01-01'::date) AND (o_orderdate < '1994-04-01 00:00:00'::timestamp without time zone))","Workers": []}]},{"Node Type": "Index Scan","Parent Relationship": "Inner","Parallel Aware": false,"Async Capable": false,"Scan Direction": "Forward","Index Name": "idx_lineitem_orderkey","Relation Name": "lineitem","Alias": "lineitem","Startup Cost": 0.43,"Total Cost": 4.62,"Plan Rows": 4,"Plan Width": 16,"Actual Startup Time": 0.011,"Actual Total Time": 0.013,"Actual Rows": 2,"Actual Loops": 56349,"Index Cond": "(l_orderkey = orders.o_orderkey)","Rows Removed by Index Recheck": 0,"Filter": "(l_returnflag = 'R'::bpchar)","Rows Removed by Filter": 2,"Workers": []}]},{"Node Type": "Hash","Parent Relationship": "Inner","Parallel Aware": true,"Async Capable": false,"Startup Cost": 4210.00,"Total Cost": 4210.00,"Plan Rows": 62500,"Plan Width": 148,"Actual Startup Time": 63.582,"Actual Total Time": 63.588,"Actual Rows": 37500,"Actual Loops": 4,"Hash Buckets": 262144,"Original Hash Buckets": 262144,"Hash Batches": 1,"Original Hash Batches": 1,"Peak Memory Usage": 29312,"Workers": [],"Plans": [{"Node Type": "Seq Scan","Parent Relationship": "Outer","Parallel Aware": true,"Async Capable": false,"Relation Name": "customer","Alias": "customer","Startup Cost": 0.00,"Total Cost": 4210.00,"Plan Rows": 62500,"Plan Width": 148,"Actual Startup Time": 0.028,"Actual Total Time": 28.690,"Actual Rows": 37500,"Actual Loops": 4,"Workers": []}]}]},{"Node Type": "Hash","Parent Relationship": "Inner","Parallel Aware": false,"Async Capable": false,"Startup Cost": 1.25,"Total Cost": 1.25,"Plan Rows": 25,"Plan Width": 108,"Actual Startup Time": 0.094,"Actual Total Time": 0.100,"Actual Rows": 25,"Actual Loops": 4,"Hash Buckets": 1024,"Original Hash Buckets": 1024,"Hash Batches": 1,"Original Hash Batches": 1,"Peak Memory Usage": 10,"Workers": [],"Plans": [{"Node Type": "Seq Scan","Parent Relationship": "Outer","Parallel Aware": false,"Async Capable": false,"Relation Name": "nation","Alias": "nation","Startup Cost": 0.00,"Total Cost": 1.25,"Plan Rows": 25,"Plan Width": 108,"Actual Startup Time": 0.060,"Actual Total Time": 0.067,"Actual Rows": 25,"Actual Loops": 4,"Workers": []}]}]}]}]}]},"Planning Time": 7.215,"Triggers": [],"Execution Time": 650.753}]
[{"Plan": {"Node Type": "Sort","Parallel Aware": false,"Async Capable": false,"Startup Cost": 128992.79,"Total Cost": 129130.12,"Plan Rows": 54934,"Plan Width": 280,"Actual Startup Time": 576.704,"Actual Total Time": 617.888,"Actual Rows": 37047,"Actual Loops": 1,"Sort Key": ["(sum((lineitem.l_extendedprice * ('1'::numeric - lineitem.l_discount)))) DESC"],"Sort Method": "quicksort","Sort Space Used": 9638,"Sort Space Type": "Memory","Plans": [{"Node Type": "Aggregate","Strategy": "Hashed","Partial Mode": "Simple","Parent Relationship": "Outer","Parallel Aware": false,"Async Capable": false,"Startup Cost": 123981.32,"Total Cost": 124668.00,"Plan Rows": 54934,"Plan Width": 280,"Actual Startup Time": 405.696,"Actual Total Time": 547.631,"Actual Rows": 37047,"Actual Loops": 1,"Group Key": ["customer.c_custkey", "nation.n_name"],"Planned Partitions": 0,"HashAgg Batches": 1,"Peak Memory Usage": 26129,"Disk Usage": 0,"Plans": [{"Node Type": "Gather","Parent Relationship": "Outer","Parallel Aware": false,"Async Capable": false,"Startup Cost": 6765.48,"Total Cost": 123294.65,"Plan Rows": 54934,"Plan Width": 260,"Actual Startup Time": 77.101,"Actual Total Time": 288.603,"Actual Rows": 110515,"Actual Loops": 1,"Workers Planned": 3,"Workers Launched": 3,"Single Copy": false,"Plans": [{"Node Type": "Hash Join","Parent Relationship": "Outer","Parallel Aware": false,"Async Capable": false,"Join Type": "Inner","Startup Cost": 5765.48,"Total Cost": 116801.25,"Plan Rows": 17721,"Plan Width": 260,"Actual Startup Time": 69.802,"Actual Total Time": 351.295,"Actual Rows": 27629,"Actual Loops": 4,"Inner Unique": true,"Hash Cond": "(customer.c_nationkey = nation.n_nationkey)","Workers": [],"Plans": [{"Node Type": "Nested Loop","Parent Relationship": "Outer","Parallel Aware": false,"Async Capable": false,"Join Type": "Inner","Startup Cost": 5763.92,"Total Cost": 116745.28,"Plan Rows": 17721,"Plan Width": 160,"Actual Startup Time": 69.448,"Actual Total Time": 342.448,"Actual Rows": 27629,"Actual Loops": 4,"Inner Unique": false,"Workers": [],"Plans": [{"Node Type": "Hash Join","Parent Relationship": "Outer","Parallel Aware": true,"Async Capable": false,"Join Type": "Inner","Startup Cost": 5763.48,"Total Cost": 32175.66,"Plan Rows": 17995,"Plan Width": 152,"Actual Startup Time": 69.393,"Actual Total Time": 167.356,"Actual Rows": 13816,"Actual Loops": 4,"Inner Unique": true,"Hash Cond": "(orders.o_custkey = customer.c_custkey)","Workers": [],"Plans": [{"Node Type": "Bitmap Heap Scan","Parent Relationship": "Outer","Parallel Aware": true,"Async Capable": false,"Relation Name": "orders","Alias": "orders","Startup Cost": 772.23,"Total Cost": 27137.17,"Plan Rows": 17996,"Plan Width": 8,"Actual Startup Time": 13.220,"Actual Total Time": 67.142,"Actual Rows": 13816,"Actual Loops": 4,"Recheck Cond": "((o_orderdate >= '1993-02-01'::date) AND (o_orderdate < '1993-05-01 00:00:00'::timestamp without time zone))","Rows Removed by Index Recheck": 0,"Exact Heap Blocks": 3458,"Lossy Heap Blocks": 0,"Workers": [],"Plans": [{"Node Type": "Bitmap Index Scan","Parent Relationship": "Outer","Parallel Aware": false,"Async Capable": false,"Index Name": "idx_orders_orderdate","Startup Cost": 0.00,"Total Cost": 758.29,"Plan Rows": 55786,"Plan Width": 0,"Actual Startup Time": 10.104,"Actual Total Time": 10.109,"Actual Rows": 55266,"Actual Loops": 1,"Index Cond": "((o_orderdate >= '1993-02-01'::date) AND (o_orderdate < '1993-05-01 00:00:00'::timestamp without time zone))","Workers": []}]},{"Node Type": "Hash","Parent Relationship": "Inner","Parallel Aware": true,"Async Capable": false,"Startup Cost": 4210.00,"Total Cost": 4210.00,"Plan Rows": 62500,"Plan Width": 148,"Actual Startup Time": 55.605,"Actual Total Time": 55.613,"Actual Rows": 37500,"Actual Loops": 4,"Hash Buckets": 262144,"Original Hash Buckets": 262144,"Hash Batches": 1,"Original Hash Batches": 1,"Peak Memory Usage": 29312,"Workers": [],"Plans": [{"Node Type": "Seq Scan","Parent Relationship": "Outer","Parallel Aware": true,"Async Capable": false,"Relation Name": "customer","Alias": "customer","Startup Cost": 0.00,"Total Cost": 4210.00,"Plan Rows": 62500,"Plan Width": 148,"Actual Startup Time": 0.022,"Actual Total Time": 25.460,"Actual Rows": 37500,"Actual Loops": 4,"Workers": []}]}]},{"Node Type": "Index Scan","Parent Relationship": "Inner","Parallel Aware": false,"Async Capable": false,"Scan Direction": "Forward","Index Name": "idx_lineitem_orderkey","Relation Name": "lineitem","Alias": "lineitem","Startup Cost": 0.43,"Total Cost": 4.66,"Plan Rows": 4,"Plan Width": 16,"Actual Startup Time": 0.010,"Actual Total Time": 0.012,"Actual Rows": 2,"Actual Loops": 55266,"Index Cond": "(l_orderkey = orders.o_orderkey)","Rows Removed by Index Recheck": 0,"Filter": "(l_returnflag = 'R'::bpchar)","Rows Removed by Filter": 2,"Workers": []}]},{"Node Type": "Hash","Parent Relationship": "Inner","Parallel Aware": false,"Async Capable": false,"Startup Cost": 1.25,"Total Cost": 1.25,"Plan Rows": 25,"Plan Width": 108,"Actual Startup Time": 0.078,"Actual Total Time": 0.083,"Actual Rows": 25,"Actual Loops": 4,"Hash Buckets": 1024,"Original Hash Buckets": 1024,"Hash Batches": 1,"Original Hash Batches": 1,"Peak Memory Usage": 10,"Workers": [],"Plans": [{"Node Type": "Seq Scan","Parent Relationship": "Outer","Parallel Aware": false,"Async Capable": false,"Relation Name": "nation","Alias": "nation","Startup Cost": 0.00,"Total Cost": 1.25,"Plan Rows": 25,"Plan Width": 108,"Actual Startup Time": 0.053,"Actual Total Time": 0.057,"Actual Rows": 25,"Actual Loops": 4,"Workers": []}]}]}]}]}]},"Planning Time": 7.802,"Triggers": [],"Execution Time": 623.390}]
[{"Plan": {"Node Type": "Sort","Parallel Aware": false,"Async Capable": false,"Startup Cost": 132293.09,"Total Cost": 132436.61,"Plan Rows": 57411,"Plan Width": 280,"Actual Startup Time": 612.013,"Actual Total Time": 652.224,"Actual Rows": 37922,"Actual Loops": 1,"Sort Key": ["(sum((lineitem.l_extendedprice * ('1'::numeric - lineitem.l_discount)))) DESC"],"Sort Method": "quicksort","Sort Space Used": 9827,"Sort Space Type": "Memory","Plans": [{"Node Type": "Aggregate","Strategy": "Hashed","Partial Mode": "Simple","Parent Relationship": "Outer","Parallel Aware": false,"Async Capable": false,"Startup Cost": 127037.38,"Total Cost": 127755.02,"Plan Rows": 57411,"Plan Width": 280,"Actual Startup Time": 427.597,"Actual Total Time": 578.840,"Actual Rows": 37922,"Actual Loops": 1,"Group Key": ["customer.c_custkey", "nation.n_name"],"Planned Partitions": 0,"HashAgg Batches": 1,"Peak Memory Usage": 26129,"Disk Usage": 0,"Plans": [{"Node Type": "Gather","Parent Relationship": "Outer","Parallel Aware": false,"Async Capable": false,"Startup Cost": 6799.26,"Total Cost": 126319.75,"Plan Rows": 57411,"Plan Width": 260,"Actual Startup Time": 84.985,"Actual Total Time": 295.027,"Actual Rows": 114929,"Actual Loops": 1,"Workers Planned": 3,"Workers Launched": 3,"Single Copy": false,"Plans": [{"Node Type": "Hash Join","Parent Relationship": "Outer","Parallel Aware": false,"Async Capable": false,"Join Type": "Inner","Startup Cost": 5799.26,"Total Cost": 119578.65,"Plan Rows": 18520,"Plan Width": 260,"Actual Startup Time": 77.490,"Actual Total Time": 369.817,"Actual Rows": 28732,"Actual Loops": 4,"Inner Unique": true,"Hash Cond": "(customer.c_nationkey = nation.n_nationkey)","Workers": [],"Plans": [{"Node Type": "Hash Join","Parent Relationship": "Outer","Parallel Aware": true,"Async Capable": false,"Join Type": "Inner","Startup Cost": 5797.70,"Total Cost": 119520.23,"Plan Rows": 18520,"Plan Width": 160,"Actual Startup Time": 77.066,"Actual Total Time": 360.808,"Actual Rows": 28732,"Actual Loops": 4,"Inner Unique": true,"Hash Cond": "(orders.o_custkey = customer.c_custkey)","Workers": [],"Plans": [{"Node Type": "Nested Loop","Parent Relationship": "Outer","Parallel Aware": false,"Async Capable": false,"Join Type": "Inner","Startup Cost": 806.45,"Total Cost": 114480.36,"Plan Rows": 18520,"Plan Width": 16,"Actual Startup Time": 13.430,"Actual Total Time": 255.437,"Actual Rows": 28732,"Actual Loops": 4,"Inner Unique": false,"Workers": [],"Plans": [{"Node Type": "Bitmap Heap Scan","Parent Relationship": "Outer","Parallel Aware": true,"Async Capable": false,"Relation Name": "orders","Alias": "orders","Startup Cost": 806.01,"Total Cost": 27183.11,"Plan Rows": 18807,"Plan Width": 8,"Actual Startup Time": 13.367,"Actual Total Time": 72.208,"Actual Rows": 14355,"Actual Loops": 4,"Recheck Cond": "((o_orderdate >= '1994-03-01'::date) AND (o_orderdate < '1994-06-01 00:00:00'::timestamp without time zone))","Rows Removed by Index Recheck": 0,"Exact Heap Blocks": 3712,"Lossy Heap Blocks": 0,"Workers": [],"Plans": [{"Node Type": "Bitmap Index Scan","Parent Relationship": "Outer","Parallel Aware": false,"Async Capable": false,"Index Name": "idx_orders_orderdate","Startup Cost": 0.00,"Total Cost": 791.44,"Plan Rows": 58301,"Plan Width": 0,"Actual Startup Time": 10.180,"Actual Total Time": 10.183,"Actual Rows": 57420,"Actual Loops": 1,"Index Cond": "((o_orderdate >= '1994-03-01'::date) AND (o_orderdate < '1994-06-01 00:00:00'::timestamp without time zone))","Workers": []}]},{"Node Type": "Index Scan","Parent Relationship": "Inner","Parallel Aware": false,"Async Capable": false,"Scan Direction": "Forward","Index Name": "idx_lineitem_orderkey","Relation Name": "lineitem","Alias": "lineitem","Startup Cost": 0.43,"Total Cost": 4.60,"Plan Rows": 4,"Plan Width": 16,"Actual Startup Time": 0.010,"Actual Total Time": 0.012,"Actual Rows": 2,"Actual Loops": 57420,"Index Cond": "(l_orderkey = orders.o_orderkey)","Rows Removed by Index Recheck": 0,"Filter": "(l_returnflag = 'R'::bpchar)","Rows Removed by Filter": 2,"Workers": []}]},{"Node Type": "Hash","Parent Relationship": "Inner","Parallel Aware": true,"Async Capable": false,"Startup Cost": 4210.00,"Total Cost": 4210.00,"Plan Rows": 62500,"Plan Width": 148,"Actual Startup Time": 63.095,"Actual Total Time": 63.101,"Actual Rows": 37500,"Actual Loops": 4,"Hash Buckets": 262144,"Original Hash Buckets": 262144,"Hash Batches": 1,"Original Hash Batches": 1,"Peak Memory Usage": 29280,"Workers": [],"Plans": [{"Node Type": "Seq Scan","Parent Relationship": "Outer","Parallel Aware": true,"Async Capable": false,"Relation Name": "customer","Alias": "customer","Startup Cost": 0.00,"Total Cost": 4210.00,"Plan Rows": 62500,"Plan Width": 148,"Actual Startup Time": 0.041,"Actual Total Time": 28.071,"Actual Rows": 37500,"Actual Loops": 4,"Workers": []}]}]},{"Node Type": "Hash","Parent Relationship": "Inner","Parallel Aware": false,"Async Capable": false,"Startup Cost": 1.25,"Total Cost": 1.25,"Plan Rows": 25,"Plan Width": 108,"Actual Startup Time": 0.097,"Actual Total Time": 0.101,"Actual Rows": 25,"Actual Loops": 4,"Hash Buckets": 1024,"Original Hash Buckets": 1024,"Hash Batches": 1,"Original Hash Batches": 1,"Peak Memory Usage": 10,"Workers": [],"Plans": [{"Node Type": "Seq Scan","Parent Relationship": "Outer","Parallel Aware": false,"Async Capable": false,"Relation Name": "nation","Alias": "nation","Startup Cost": 0.00,"Total Cost": 1.25,"Plan Rows": 25,"Plan Width": 108,"Actual Startup Time": 0.065,"Actual Total Time": 0.071,"Actual Rows": 25,"Actual Loops": 4,"Workers": []}]}]}]}]}]},"Planning Time": 6.342,"Triggers": [],"Execution Time": 656.718}]
[{"Plan": {"Node Type": "Sort","Parallel Aware": false,"Async Capable": false,"Startup Cost": 130975.09,"Total Cost": 131116.14,"Plan Rows": 56420,"Plan Width": 280,"Actual Startup Time": 559.129,"Actual Total Time": 601.162,"Actual Rows": 37859,"Actual Loops": 1,"Sort Key": ["(sum((lineitem.l_extendedprice * ('1'::numeric - lineitem.l_discount)))) DESC"],"Sort Method": "quicksort","Sort Space Used": 9818,"Sort Space Type": "Memory","Plans": [{"Node Type": "Aggregate","Strategy": "Hashed","Partial Mode": "Simple","Parent Relationship": "Outer","Parallel Aware": false,"Async Capable": false,"Startup Cost": 125817.20,"Total Cost": 126522.45,"Plan Rows": 56420,"Plan Width": 280,"Actual Startup Time": 383.531,"Actual Total Time": 530.212,"Actual Rows": 37859,"Actual Loops": 1,"Group Key": ["customer.c_custkey", "nation.n_name"],"Planned Partitions": 0,"HashAgg Batches": 1,"Peak Memory Usage": 26129,"Disk Usage": 0,"Plans": [{"Node Type": "Gather","Parent Relationship": "Outer","Parallel Aware": false,"Async Capable": false,"Startup Cost": 6784.95,"Total Cost": 125111.95,"Plan Rows": 56420,"Plan Width": 260,"Actual Startup Time": 70.081,"Actual Total Time": 265.015,"Actual Rows": 114028,"Actual Loops": 1,"Workers Planned": 3,"Workers Launched": 3,"Single Copy": false,"Plans": [{"Node Type": "Hash Join","Parent Relationship": "Outer","Parallel Aware": false,"Async Capable": false,"Join Type": "Inner","Startup Cost": 5784.95,"Total Cost": 118469.95,"Plan Rows": 18200,"Plan Width": 260,"Actual Startup Time": 62.841,"Actual Total Time": 330.296,"Actual Rows": 28507,"Actual Loops": 4,"Inner Unique": true,"Hash Cond": "(customer.c_nationkey = nation.n_nationkey)","Workers": [],"Plans": [{"Node Type": "Hash Join","Parent Relationship": "Outer","Parallel Aware": true,"Async Capable": false,"Join Type": "Inner","Startup Cost": 5783.38,"Total Cost": 118412.51,"Plan Rows": 18200,"Plan Width": 160,"Actual Startup Time": 62.430,"Actual Total Time": 322.490,"Actual Rows": 28507,"Actual Loops": 4,"Inner Unique": true,"Hash Cond": "(orders.o_custkey = customer.c_custkey)","Workers": [],"Plans": [{"Node Type": "Nested Loop","Parent Relationship": "Outer","Parallel Aware": false,"Async Capable": false,"Join Type": "Inner","Startup Cost": 792.13,"Total Cost": 113373.49,"Plan Rows": 18200,"Plan Width": 16,"Actual Startup Time": 13.021,"Actual Total Time": 238.266,"Actual Rows": 28507,"Actual Loops": 4,"Inner Unique": false,"Workers": [],"Plans": [{"Node Type": "Bitmap Heap Scan","Parent Relationship": "Outer","Parallel Aware": true,"Async Capable": false,"Relation Name": "orders","Alias": "orders","Startup Cost": 791.70,"Total Cost": 27163.94,"Plan Rows": 18482,"Plan Width": 8,"Actual Startup Time": 12.954,"Actual Total Time": 66.534,"Actual Rows": 14234,"Actual Loops": 4,"Recheck Cond": "((o_orderdate >= '1993-03-01'::date) AND (o_orderdate < '1993-06-01 00:00:00'::timestamp without time zone))","Rows Removed by Index Recheck": 0,"Exact Heap Blocks": 3517,"Lossy Heap Blocks": 0,"Workers": [],"Plans": [{"Node Type": "Bitmap Index Scan","Parent Relationship": "Outer","Parallel Aware": false,"Async Capable": false,"Index Name": "idx_orders_orderdate","Startup Cost": 0.00,"Total Cost": 777.38,"Plan Rows": 57295,"Plan Width": 0,"Actual Startup Time": 9.836,"Actual Total Time": 9.842,"Actual Rows": 56934,"Actual Loops": 1,"Index Cond": "((o_orderdate >= '1993-03-01'::date) AND (o_orderdate < '1993-06-01 00:00:00'::timestamp without time zone))","Workers": []}]},{"Node Type": "Index Scan","Parent Relationship": "Inner","Parallel Aware": false,"Async Capable": false,"Scan Direction": "Forward","Index Name": "idx_lineitem_orderkey","Relation Name": "lineitem","Alias": "lineitem","Startup Cost": 0.43,"Total Cost": 4.62,"Plan Rows": 4,"Plan Width": 16,"Actual Startup Time": 0.010,"Actual Total Time": 0.012,"Actual Rows": 2,"Actual Loops": 56934,"Index Cond": "(l_orderkey = orders.o_orderkey)","Rows Removed by Index Recheck": 0,"Filter": "(l_returnflag = 'R'::bpchar)","Rows Removed by Filter": 2,"Workers": []}]},{"Node Type": "Hash","Parent Relationship": "Inner","Parallel Aware": true,"Async Capable": false,"Startup Cost": 4210.00,"Total Cost": 4210.00,"Plan Rows": 62500,"Plan Width": 148,"Actual Startup Time": 48.797,"Actual Total Time": 48.806,"Actual Rows": 37500,"Actual Loops": 4,"Hash Buckets": 262144,"Original Hash Buckets": 262144,"Hash Batches": 1,"Original Hash Batches": 1,"Peak Memory Usage": 29344,"Workers": [],"Plans": [{"Node Type": "Seq Scan","Parent Relationship": "Outer","Parallel Aware": true,"Async Capable": false,"Relation Name": "customer","Alias": "customer","Startup Cost": 0.00,"Total Cost": 4210.00,"Plan Rows": 62500,"Plan Width": 148,"Actual Startup Time": 0.027,"Actual Total Time": 20.617,"Actual Rows": 37500,"Actual Loops": 4,"Workers": []}]}]},{"Node Type": "Hash","Parent Relationship": "Inner","Parallel Aware": false,"Async Capable": false,"Startup Cost": 1.25,"Total Cost": 1.25,"Plan Rows": 25,"Plan Width": 108,"Actual Startup Time": 0.102,"Actual Total Time": 0.108,"Actual Rows": 25,"Actual Loops": 4,"Hash Buckets": 1024,"Original Hash Buckets": 1024,"Hash Batches": 1,"Original Hash Batches": 1,"Peak Memory Usage": 10,"Workers": [],"Plans": [{"Node Type": "Seq Scan","Parent Relationship": "Outer","Parallel Aware": false,"Async Capable": false,"Relation Name": "nation","Alias": "nation","Startup Cost": 0.00,"Total Cost": 1.25,"Plan Rows": 25,"Plan Width": 108,"Actual Startup Time": 0.068,"Actual Total Time": 0.076,"Actual Rows": 25,"Actual Loops": 4,"Workers": []}]}]}]}]}]},"Planning Time": 7.017,"Triggers": [],"Execution Time": 606.974}]
[{"Plan": {"Node Type": "Sort","Parallel Aware": false,"Async Capable": false,"Startup Cost": 132006.18,"Total Cost": 132149.16,"Plan Rows": 57194,"Plan Width": 280,"Actual Startup Time": 619.069,"Actual Total Time": 657.587,"Actual Rows": 38097,"Actual Loops": 1,"Sort Key": ["(sum((lineitem.l_extendedprice * ('1'::numeric - lineitem.l_discount)))) DESC"],"Sort Method": "quicksort","Sort Space Used": 9867,"Sort Space Type": "Memory","Plans": [{"Node Type": "Aggregate","Strategy": "Hashed","Partial Mode": "Simple","Parent Relationship": "Outer","Parallel Aware": false,"Async Capable": false,"Startup Cost": 126771.91,"Total Cost": 127486.83,"Plan Rows": 57194,"Plan Width": 280,"Actual Startup Time": 426.706,"Actual Total Time": 585.981,"Actual Rows": 38097,"Actual Loops": 1,"Group Key": ["customer.c_custkey", "nation.n_name"],"Planned Partitions": 0,"HashAgg Batches": 1,"Peak Memory Usage": 26129,"Disk Usage": 0,"Plans": [{"Node Type": "Gather","Parent Relationship": "Outer","Parallel Aware": false,"Async Capable": false,"Startup Cost": 6797.00,"Total Cost": 126056.98,"Plan Rows": 57194,"Plan Width": 260,"Actual Startup Time": 85.005,"Actual Total Time": 294.440,"Actual Rows": 114700,"Actual Loops": 1,"Workers Planned": 3,"Workers Launched": 3,"Single Copy": false,"Plans": [{"Node Type": "Hash Join","Parent Relationship": "Outer","Parallel Aware": false,"Async Capable": false,"Join Type": "Inner","Startup Cost": 5797.00,"Total Cost": 119337.58,"Plan Rows": 18450,"Plan Width": 260,"Actual Startup Time": 77.864,"Actual Total Time": 370.283,"Actual Rows": 28675,"Actual Loops": 4,"Inner Unique": true,"Hash Cond": "(customer.c_nationkey = nation.n_nationkey)","Workers": [],"Plans": [{"Node Type": "Hash Join","Parent Relationship": "Outer","Parallel Aware": true,"Async Capable": false,"Join Type": "Inner","Startup Cost": 5795.44,"Total Cost": 119279.38,"Plan Rows": 18450,"Plan Width": 160,"Actual Startup Time": 77.458,"Actual Total Time": 360.463,"Actual Rows": 28675,"Actual Loops": 4,"Inner Unique": true,"Hash Cond": "(orders.o_custkey = customer.c_custkey)","Workers": [],"Plans": [{"Node Type": "Nested Loop","Parent Relationship": "Outer","Parallel Aware": false,"Async Capable": false,"Join Type": "Inner","Startup Cost": 804.19,"Total Cost": 114239.70,"Plan Rows": 18450,"Plan Width": 16,"Actual Startup Time": 13.282,"Actual Total Time": 254.673,"Actual Rows": 28675,"Actual Loops": 4,"Inner Unique": false,"Workers": [],"Plans": [{"Node Type": "Bitmap Heap Scan","Parent Relationship": "Outer","Parallel Aware": true,"Async Capable": false,"Relation Name": "orders","Alias": "orders","Startup Cost": 803.76,"Total Cost": 27179.79,"Plan Rows": 18736,"Plan Width": 8,"Actual Startup Time": 13.232,"Actual Total Time": 71.774,"Actual Rows": 14328,"Actual Loops": 4,"Recheck Cond": "((o_orderdate >= '1994-05-01'::date) AND (o_orderdate < '1994-08-01 00:00:00'::timestamp without time zone))","Rows Removed by Index Recheck": 0,"Exact Heap Blocks": 3671,"Lossy Heap Blocks": 0,"Workers": [],"Plans": [{"Node Type": "Bitmap Index Scan","Parent Relationship": "Outer","Parallel Aware": false,"Async Capable": false,"Index Name": "idx_orders_orderdate","Startup Cost": 0.00,"Total Cost": 789.24,"Plan Rows": 58081,"Plan Width": 0,"Actual Startup Time": 10.132,"Actual Total Time": 10.140,"Actual Rows": 57311,"Actual Loops": 1,"Index Cond": "((o_orderdate >= '1994-05-01'::date) AND (o_orderdate < '1994-08-01 00:00:00'::timestamp without time zone))","Workers": []}]},{"Node Type": "Index Scan","Parent Relationship": "Inner","Parallel Aware": false,"Async Capable": false,"Scan Direction": "Forward","Index Name": "idx_lineitem_orderkey","Relation Name": "lineitem","Alias": "lineitem","Startup Cost": 0.43,"Total Cost": 4.61,"Plan Rows": 4,"Plan Width": 16,"Actual Startup Time": 0.010,"Actual Total Time": 0.012,"Actual Rows": 2,"Actual Loops": 57311,"Index Cond": "(l_orderkey = orders.o_orderkey)","Rows Removed by Index Recheck": 0,"Filter": "(l_returnflag = 'R'::bpchar)","Rows Removed by Filter": 2,"Workers": []}]},{"Node Type": "Hash","Parent Relationship": "Inner","Parallel Aware": true,"Async Capable": false,"Startup Cost": 4210.00,"Total Cost": 4210.00,"Plan Rows": 62500,"Plan Width": 148,"Actual Startup Time": 63.588,"Actual Total Time": 63.595,"Actual Rows": 37500,"Actual Loops": 4,"Hash Buckets": 262144,"Original Hash Buckets": 262144,"Hash Batches": 1,"Original Hash Batches": 1,"Peak Memory Usage": 29312,"Workers": [],"Plans": [{"Node Type": "Seq Scan","Parent Relationship": "Outer","Parallel Aware": true,"Async Capable": false,"Relation Name": "customer","Alias": "customer","Startup Cost": 0.00,"Total Cost": 4210.00,"Plan Rows": 62500,"Plan Width": 148,"Actual Startup Time": 0.027,"Actual Total Time": 28.105,"Actual Rows": 37500,"Actual Loops": 4,"Workers": []}]}]},{"Node Type": "Hash","Parent Relationship": "Inner","Parallel Aware": false,"Async Capable": false,"Startup Cost": 1.25,"Total Cost": 1.25,"Plan Rows": 25,"Plan Width": 108,"Actual Startup Time": 0.090,"Actual Total Time": 0.096,"Actual Rows": 25,"Actual Loops": 4,"Hash Buckets": 1024,"Original Hash Buckets": 1024,"Hash Batches": 1,"Original Hash Batches": 1,"Peak Memory Usage": 10,"Workers": [],"Plans": [{"Node Type": "Seq Scan","Parent Relationship": "Outer","Parallel Aware": false,"Async Capable": false,"Relation Name": "nation","Alias": "nation","Startup Cost": 0.00,"Total Cost": 1.25,"Plan Rows": 25,"Plan Width": 108,"Actual Startup Time": 0.060,"Actual Total Time": 0.066,"Actual Rows": 25,"Actual Loops": 4,"Workers": []}]}]}]}]}]},"Planning Time": 6.734,"Triggers": [],"Execution Time": 661.786}]
[{"Plan": {"Node Type": "Sort","Parallel Aware": false,"Async Capable": false,"Startup Cost": 128172.02,"Total Cost": 128307.83,"Plan Rows": 54323,"Plan Width": 280,"Actual Startup Time": 580.875,"Actual Total Time": 621.555,"Actual Rows": 37633,"Actual Loops": 1,"Sort Key": ["(sum((lineitem.l_extendedprice * ('1'::numeric - lineitem.l_discount)))) DESC"],"Sort Method": "quicksort","Sort Space Used": 9771,"Sort Space Type": "Memory","Plans": [{"Node Type": "Aggregate","Strategy": "Hashed","Partial Mode": "Simple","Parent Relationship": "Outer","Parallel Aware": false,"Async Capable": false,"Startup Cost": 123220.68,"Total Cost": 123899.72,"Plan Rows": 54323,"Plan Width": 280,"Actual Startup Time": 405.186,"Actual Total Time": 549.451,"Actual Rows": 37633,"Actual Loops": 1,"Group Key": ["customer.c_custkey", "nation.n_name"],"Planned Partitions": 0,"HashAgg Batches": 1,"Peak Memory Usage": 26129,"Disk Usage": 0,"Plans": [{"Node Type": "Gather","Parent Relationship": "Outer","Parallel Aware": false,"Async Capable": false,"Startup Cost": 6755.11,"Total Cost": 122541.64,"Plan Rows": 54323,"Plan Width": 260,"Actual Startup Time": 76.087,"Actual Total Time": 280.080,"Actual Rows": 112740,"Actual Loops": 1,"Workers Planned": 3,"Workers Launched": 3,"Single Copy": false,"Plans": [{"Node Type": "Hash Join","Parent Relationship": "Outer","Parallel Aware": false,"Async Capable": false,"Join Type": "Inner","Startup Cost": 5755.11,"Total Cost": 116109.34,"Plan Rows": 17524,"Plan Width": 260,"Actual Startup Time": 69.042,"Actual Total Time": 350.531,"Actual Rows": 28185,"Actual Loops": 4,"Inner Unique": true,"Hash Cond": "(customer.c_nationkey = nation.n_nationkey)","Workers": [],"Plans": [{"Node Type": "Hash Join","Parent Relationship": "Outer","Parallel Aware": true,"Async Capable": false,"Join Type": "Inner","Startup Cost": 5753.55,"Total Cost": 116053.98,"Plan Rows": 17524,"Plan Width": 160,"Actual Startup Time": 68.729,"Actual Total Time": 342.552,"Actual Rows": 28185,"Actual Loops": 4,"Inner Unique": true,"Hash Cond": "(orders.o_custkey = customer.c_custkey)","Workers": [],"Plans": [{"Node Type": "Nested Loop","Parent Relationship": "Outer","Parallel Aware": false,"Async Capable": false,"Join Type": "Inner","Startup Cost": 762.30,"Total Cost": 111016.73,"Plan Rows": 17524,"Plan Width": 16,"Actual Startup Time": 13.194,"Actual Total Time": 245.701,"Actual Rows": 28185,"Actual Loops": 4,"Inner Unique": false,"Workers": [],"Plans": [{"Node Type": "Bitmap Heap Scan","Parent Relationship": "Outer","Parallel Aware": true,"Async Capable": false,"Relation Name": "orders","Alias": "orders","Startup Cost": 761.87,"Total Cost": 27123.80,"Plan Rows": 17795,"Plan Width": 8,"Actual Startup Time": 13.139,"Actual Total Time": 70.147,"Actual Rows": 14108,"Actual Loops": 4,"Recheck Cond": "((o_orderdate >= '1993-04-01'::date) AND (o_orderdate < '1993-07-01 00:00:00'::timestamp without time zone))","Rows Removed by Index Recheck": 0,"Exact Heap Blocks": 3504,"Lossy Heap Blocks": 0,"Workers": [],"Plans": [{"Node Type": "Bitmap Index Scan","Parent Relationship": "Outer","Parallel Aware": false,"Async Capable": false,"Index Name": "idx_orders_orderdate","Startup Cost": 0.00,"Total Cost": 748.08,"Plan Rows": 55165,"Plan Width": 0,"Actual Startup Time": 10.077,"Actual Total Time": 10.080,"Actual Rows": 56434,"Actual Loops": 1,"Index Cond": "((o_orderdate >= '1993-04-01'::date) AND (o_orderdate < '1993-07-01 00:00:00'::timestamp without time zone))","Workers": []}]},{"Node Type": "Index Scan","Parent Relationship": "Inner","Parallel Aware": false,"Async Capable": false,"Scan Direction": "Forward","Index Name": "idx_lineitem_orderkey","Relation Name": "lineitem","Alias": "lineitem","Startup Cost": 0.43,"Total Cost": 4.67,"Plan Rows": 4,"Plan Width": 16,"Actual Startup Time": 0.010,"Actual Total Time": 0.012,"Actual Rows": 2,"Actual Loops": 56434,"Index Cond": "(l_orderkey = orders.o_orderkey)","Rows Removed by Index Recheck": 0,"Filter": "(l_returnflag = 'R'::bpchar)","Rows Removed by Filter": 2,"Workers": []}]},{"Node Type": "Hash","Parent Relationship": "Inner","Parallel Aware": true,"Async Capable": false,"Startup Cost": 4210.00,"Total Cost": 4210.00,"Plan Rows": 62500,"Plan Width": 148,"Actual Startup Time": 54.995,"Actual Total Time": 55.002,"Actual Rows": 37500,"Actual Loops": 4,"Hash Buckets": 262144,"Original Hash Buckets": 262144,"Hash Batches": 1,"Original Hash Batches": 1,"Peak Memory Usage": 29312,"Workers": [],"Plans": [{"Node Type": "Seq Scan","Parent Relationship": "Outer","Parallel Aware": true,"Async Capable": false,"Relation Name": "customer","Alias": "customer","Startup Cost": 0.00,"Total Cost": 4210.00,"Plan Rows": 62500,"Plan Width": 148,"Actual Startup Time": 0.020,"Actual Total Time": 23.497,"Actual Rows": 37500,"Actual Loops": 4,"Workers": []}]}]},{"Node Type": "Hash","Parent Relationship": "Inner","Parallel Aware": false,"Async Capable": false,"Startup Cost": 1.25,"Total Cost": 1.25,"Plan Rows": 25,"Plan Width": 108,"Actual Startup Time": 0.072,"Actual Total Time": 0.079,"Actual Rows": 25,"Actual Loops": 4,"Hash Buckets": 1024,"Original Hash Buckets": 1024,"Hash Batches": 1,"Original Hash Batches": 1,"Peak Memory Usage": 10,"Workers": [],"Plans": [{"Node Type": "Seq Scan","Parent Relationship": "Outer","Parallel Aware": false,"Async Capable": false,"Relation Name": "nation","Alias": "nation","Startup Cost": 0.00,"Total Cost": 1.25,"Plan Rows": 25,"Plan Width": 108,"Actual Startup Time": 0.049,"Actual Total Time": 0.055,"Actual Rows": 25,"Actual Loops": 4,"Workers": []}]}]}]}]}]},"Planning Time": 7.486,"Triggers": [],"Execution Time": 627.374}]
[{"Plan": {"Node Type": "Sort","Parallel Aware": false,"Async Capable": false,"Startup Cost": 130909.78,"Total Cost": 131050.70,"Plan Rows": 56371,"Plan Width": 280,"Actual Startup Time": 586.743,"Actual Total Time": 630.152,"Actual Rows": 38263,"Actual Loops": 1,"Sort Key": ["(sum((lineitem.l_extendedprice * ('1'::numeric - lineitem.l_discount)))) DESC"],"Sort Method": "quicksort","Sort Space Used": 9899,"Sort Space Type": "Memory","Plans": [{"Node Type": "Aggregate","Strategy": "Hashed","Partial Mode": "Simple","Parent Relationship": "Outer","Parallel Aware": false,"Async Capable": false,"Startup Cost": 125756.71,"Total Cost": 126461.35,"Plan Rows": 56371,"Plan Width": 280,"Actual Startup Time": 417.199,"Actual Total Time": 554.225,"Actual Rows": 38263,"Actual Loops": 1,"Group Key": ["customer.c_custkey", "nation.n_name"],"Planned Partitions": 0,"HashAgg Batches": 1,"Peak Memory Usage": 26129,"Disk Usage": 0,"Plans": [{"Node Type": "Gather","Parent Relationship": "Outer","Parallel Aware": false,"Async Capable": false,"Startup Cost": 6784.43,"Total Cost": 125052.08,"Plan Rows": 56371,"Plan Width": 260,"Actual Startup Time": 75.828,"Actual Total Time": 292.854,"Actual Rows": 114665,"Actual Loops": 1,"Workers Planned": 3,"Workers Launched": 3,"Single Copy": false,"Plans": [{"Node Type": "Hash Join","Parent Relationship": "Outer","Parallel Aware": false,"Async Capable": false,"Join Type": "Inner","Startup Cost": 5784.43,"Total Cost": 118414.98,"Plan Rows": 18184,"Plan Width": 260,"Actual Startup Time": 68.693,"Actual Total Time": 360.677,"Actual Rows": 28666,"Actual Loops": 4,"Inner Unique": true,"Hash Cond": "(customer.c_nationkey = nation.n_nationkey)","Workers": [],"Plans": [{"Node Type": "Hash Join","Parent Relationship": "Outer","Parallel Aware": true,"Async Capable": false,"Join Type": "Inner","Startup Cost": 5782.87,"Total Cost": 118357.59,"Plan Rows": 18184,"Plan Width": 160,"Actual Startup Time": 68.338,"Actual Total Time": 351.919,"Actual Rows": 28666,"Actual Loops": 4,"Inner Unique": true,"Hash Cond": "(orders.o_custkey = customer.c_custkey)","Workers": [],"Plans": [{"Node Type": "Nested Loop","Parent Relationship": "Outer","Parallel Aware": false,"Async Capable": false,"Join Type": "Inner","Startup Cost": 791.62,"Total Cost": 113318.61,"Plan Rows": 18184,"Plan Width": 16,"Actual Startup Time": 13.513,"Actual Total Time": 254.371,"Actual Rows": 28666,"Actual Loops": 4,"Inner Unique": false,"Workers": [],"Plans": [{"Node Type": "Bitmap Heap Scan","Parent Relationship": "Outer","Parallel Aware": true,"Async Capable": false,"Relation Name": "orders","Alias": "orders","Startup Cost": 791.19,"Total Cost": 27163.18,"Plan Rows": 18466,"Plan Width": 8,"Actual Startup Time": 13.445,"Actual Total Time": 71.425,"Actual Rows": 14346,"Actual Loops": 4,"Recheck Cond": "((o_orderdate >= '1994-07-01'::date) AND (o_orderdate < '1994-10-01 00:00:00'::timestamp without time zone))","Rows Removed by Index Recheck": 0,"Exact Heap Blocks": 3489,"Lossy Heap Blocks": 0,"Workers": [],"Plans": [{"Node Type": "Bitmap Index Scan","Parent Relationship": "Outer","Parallel Aware": false,"Async Capable": false,"Index Name": "idx_orders_orderdate","Startup Cost": 0.00,"Total Cost": 776.88,"Plan Rows": 57245,"Plan Width": 0,"Actual Startup Time": 10.310,"Actual Total Time": 10.312,"Actual Rows": 57384,"Actual Loops": 1,"Index Cond": "((o_orderdate >= '1994-07-01'::date) AND (o_orderdate < '1994-10-01 00:00:00'::timestamp without time zone))","Workers": []}]},{"Node Type": "Index Scan","Parent Relationship": "Inner","Parallel Aware": false,"Async Capable": false,"Scan Direction": "Forward","Index Name": "idx_lineitem_orderkey","Relation Name": "lineitem","Alias": "lineitem","Startup Cost": 0.43,"Total Cost": 4.63,"Plan Rows": 4,"Plan Width": 16,"Actual Startup Time": 0.010,"Actual Total Time": 0.012,"Actual Rows": 2,"Actual Loops": 57384,"Index Cond": "(l_orderkey = orders.o_orderkey)","Rows Removed by Index Recheck": 0,"Filter": "(l_returnflag = 'R'::bpchar)","Rows Removed by Filter": 2,"Workers": []}]},{"Node Type": "Hash","Parent Relationship": "Inner","Parallel Aware": true,"Async Capable": false,"Startup Cost": 4210.00,"Total Cost": 4210.00,"Plan Rows": 62500,"Plan Width": 148,"Actual Startup Time": 54.206,"Actual Total Time": 54.213,"Actual Rows": 37500,"Actual Loops": 4,"Hash Buckets": 262144,"Original Hash Buckets": 262144,"Hash Batches": 1,"Original Hash Batches": 1,"Peak Memory Usage": 29312,"Workers": [],"Plans": [{"Node Type": "Seq Scan","Parent Relationship": "Outer","Parallel Aware": true,"Async Capable": false,"Relation Name": "customer","Alias": "customer","Startup Cost": 0.00,"Total Cost": 4210.00,"Plan Rows": 62500,"Plan Width": 148,"Actual Startup Time": 0.020,"Actual Total Time": 23.974,"Actual Rows": 37500,"Actual Loops": 4,"Workers": []}]}]},{"Node Type": "Hash","Parent Relationship": "Inner","Parallel Aware": false,"Async Capable": false,"Startup Cost": 1.25,"Total Cost": 1.25,"Plan Rows": 25,"Plan Width": 108,"Actual Startup Time": 0.080,"Actual Total Time": 0.085,"Actual Rows": 25,"Actual Loops": 4,"Hash Buckets": 1024,"Original Hash Buckets": 1024,"Hash Batches": 1,"Original Hash Batches": 1,"Peak Memory Usage": 10,"Workers": [],"Plans": [{"Node Type": "Seq Scan","Parent Relationship": "Outer","Parallel Aware": false,"Async Capable": false,"Relation Name": "nation","Alias": "nation","Startup Cost": 0.00,"Total Cost": 1.25,"Plan Rows": 25,"Plan Width": 108,"Actual Startup Time": 0.053,"Actual Total Time": 0.059,"Actual Rows": 25,"Actual Loops": 4,"Workers": []}]}]}]}]}]},"Planning Time": 7.471,"Triggers": [],"Execution Time": 636.412}]
[{"Plan": {"Node Type": "Sort","Parallel Aware": false,"Async Capable": false,"Startup Cost": 130505.43,"Total Cost": 130645.60,"Plan Rows": 56065,"Plan Width": 280,"Actual Startup Time": 601.513,"Actual Total Time": 641.580,"Actual Rows": 37018,"Actual Loops": 1,"Sort Key": ["(sum((lineitem.l_extendedprice * ('1'::numeric - lineitem.l_discount)))) DESC"],"Sort Method": "quicksort","Sort Space Used": 9627,"Sort Space Type": "Memory","Plans": [{"Node Type": "Aggregate","Strategy": "Hashed","Partial Mode": "Simple","Parent Relationship": "Outer","Parallel Aware": false,"Async Capable": false,"Startup Cost": 125382.55,"Total Cost": 126083.36,"Plan Rows": 56065,"Plan Width": 280,"Actual Startup Time": 416.495,"Actual Total Time": 572.420,"Actual Rows": 37018,"Actual Loops": 1,"Group Key": ["customer.c_custkey", "nation.n_name"],"Planned Partitions": 0,"HashAgg Batches": 1,"Peak Memory Usage": 26129,"Disk Usage": 0,"Plans": [{"Node Type": "Gather","Parent Relationship": "Outer","Parallel Aware": false,"Async Capable": false,"Startup Cost": 6781.25,"Total Cost": 124681.73,"Plan Rows": 56065,"Plan Width": 260,"Actual Startup Time": 81.623,"Actual Total Time": 288.921,"Actual Rows": 110603,"Actual Loops": 1,"Workers Planned": 3,"Workers Launched": 3,"Single Copy": false,"Plans": [{"Node Type": "Hash Join","Parent Relationship": "Outer","Parallel Aware": false,"Async Capable": false,"Join Type": "Inner","Startup Cost": 5781.25,"Total Cost": 118075.23,"Plan Rows": 18085,"Plan Width": 260,"Actual Startup Time": 74.243,"Actual Total Time": 359.851,"Actual Rows": 27651,"Actual Loops": 4,"Inner Unique": true,"Hash Cond": "(customer.c_nationkey = nation.n_nationkey)","Workers": [],"Plans": [{"Node Type": "Hash Join","Parent Relationship": "Outer","Parallel Aware": true,"Async Capable": false,"Join Type": "Inner","Startup Cost": 5779.68,"Total Cost": 118018.16,"Plan Rows": 18085,"Plan Width": 160,"Actual Startup Time": 73.807,"Actual Total Time": 350.724,"Actual Rows": 27651,"Actual Loops": 4,"Inner Unique": true,"Hash Cond": "(orders.o_custkey = customer.c_custkey)","Workers": [],"Plans": [{"Node Type": "Nested Loop","Parent Relationship": "Outer","Parallel Aware": false,"Async Capable": false,"Join Type": "Inner","Startup Cost": 788.43,"Total Cost": 112979.43,"Plan Rows": 18085,"Plan Width": 16,"Actual Startup Time": 13.351,"Actual Total Time": 248.674,"Actual Rows": 27651,"Actual Loops": 4,"Inner Unique": false,"Workers": [],"Plans": [{"Node Type": "Bitmap Heap Scan","Parent Relationship": "Outer","Parallel Aware": true,"Async Capable": false,"Relation Name": "orders","Alias": "orders","Startup Cost": 788.00,"Total Cost": 27158.49,"Plan Rows": 18366,"Plan Width": 8,"Actual Startup Time": 13.297,"Actual Total Time": 70.614,"Actual Rows": 13866,"Actual Loops": 4,"Recheck Cond": "((o_orderdate >= '1994-02-01'::date) AND (o_orderdate < '1994-05-01 00:00:00'::timestamp without time zone))","Rows Removed by Index Recheck": 0,"Exact Heap Blocks": 3619,"Lossy Heap Blocks": 0,"Workers": [],"Plans": [{"Node Type": "Bitmap Index Scan","Parent Relationship": "Outer","Parallel Aware": false,"Async Capable": false,"Index Name": "idx_orders_orderdate","Startup Cost": 0.00,"Total Cost": 773.77,"Plan Rows": 56934,"Plan Width": 0,"Actual Startup Time": 10.157,"Actual Total Time": 10.161,"Actual Rows": 55462,"Actual Loops": 1,"Index Cond": "((o_orderdate >= '1994-02-01'::date) AND (o_orderdate < '1994-05-01 00:00:00'::timestamp without time zone))","Workers": []}]},{"Node Type": "Index Scan","Parent Relationship": "Inner","Parallel Aware": false,"Async Capable": false,"Scan Direction": "Forward","Index Name": "idx_lineitem_orderkey","Relation Name": "lineitem","Alias": "lineitem","Startup Cost": 0.43,"Total Cost": 4.63,"Plan Rows": 4,"Plan Width": 16,"Actual Startup Time": 0.010,"Actual Total Time": 0.012,"Actual Rows": 2,"Actual Loops": 55462,"Index Cond": "(l_orderkey = orders.o_orderkey)","Rows Removed by Index Recheck": 0,"Filter": "(l_returnflag = 'R'::bpchar)","Rows Removed by Filter": 2,"Workers": []}]},{"Node Type": "Hash","Parent Relationship": "Inner","Parallel Aware": true,"Async Capable": false,"Startup Cost": 4210.00,"Total Cost": 4210.00,"Plan Rows": 62500,"Plan Width": 148,"Actual Startup Time": 59.812,"Actual Total Time": 59.817,"Actual Rows": 37500,"Actual Loops": 4,"Hash Buckets": 262144,"Original Hash Buckets": 262144,"Hash Batches": 1,"Original Hash Batches": 1,"Peak Memory Usage": 29344,"Workers": [],"Plans": [{"Node Type": "Seq Scan","Parent Relationship": "Outer","Parallel Aware": true,"Async Capable": false,"Relation Name": "customer","Alias": "customer","Startup Cost": 0.00,"Total Cost": 4210.00,"Plan Rows": 62500,"Plan Width": 148,"Actual Startup Time": 0.038,"Actual Total Time": 25.477,"Actual Rows": 37500,"Actual Loops": 4,"Workers": []}]}]},{"Node Type": "Hash","Parent Relationship": "Inner","Parallel Aware": false,"Async Capable": false,"Startup Cost": 1.25,"Total Cost": 1.25,"Plan Rows": 25,"Plan Width": 108,"Actual Startup Time": 0.111,"Actual Total Time": 0.116,"Actual Rows": 25,"Actual Loops": 4,"Hash Buckets": 1024,"Original Hash Buckets": 1024,"Hash Batches": 1,"Original Hash Batches": 1,"Peak Memory Usage": 10,"Workers": [],"Plans": [{"Node Type": "Seq Scan","Parent Relationship": "Outer","Parallel Aware": false,"Async Capable": false,"Relation Name": "nation","Alias": "nation","Startup Cost": 0.00,"Total Cost": 1.25,"Plan Rows": 25,"Plan Width": 108,"Actual Startup Time": 0.071,"Actual Total Time": 0.077,"Actual Rows": 25,"Actual Loops": 4,"Workers": []}]}]}]}]}]},"Planning Time": 7.387,"Triggers": [],"Execution Time": 645.928}]
[{"Plan": {"Node Type": "Sort","Parallel Aware": false,"Async Capable": false,"Startup Cost": 135294.26,"Total Cost": 135443.48,"Plan Rows": 59689,"Plan Width": 280,"Actual Startup Time": 545.457,"Actual Total Time": 585.279,"Actual Rows": 35593,"Actual Loops": 1,"Sort Key": ["(sum((lineitem.l_extendedprice * ('1'::numeric - lineitem.l_discount)))) DESC"],"Sort Method": "quicksort","Sort Space Used": 9317,"Sort Space Type": "Memory","Plans": [{"Node Type": "Aggregate","Strategy": "Hashed","Partial Mode": "Simple","Parent Relationship": "Outer","Parallel Aware": false,"Async Capable": false,"Startup Cost": 129813.27,"Total Cost": 130559.38,"Plan Rows": 59689,"Plan Width": 280,"Actual Startup Time": 389.996,"Actual Total Time": 517.393,"Actual Rows": 35593,"Actual Loops": 1,"Group Key": ["customer.c_custkey", "nation.n_name"],"Planned Partitions": 0,"HashAgg Batches": 1,"Peak Memory Usage": 27665,"Disk Usage": 0,"Plans": [{"Node Type": "Gather","Parent Relationship": "Outer","Parallel Aware": false,"Async Capable": false,"Startup Cost": 6830.97,"Total Cost": 129067.15,"Plan Rows": 59689,"Plan Width": 260,"Actual Startup Time": 76.518,"Actual Total Time": 281.363,"Actual Rows": 94907,"Actual Loops": 1,"Workers Planned": 3,"Workers Launched": 3,"Single Copy": false,"Plans": [{"Node Type": "Hash Join","Parent Relationship": "Outer","Parallel Aware": false,"Async Capable": false,"Join Type": "Inner","Startup Cost": 5830.97,"Total Cost": 122098.25,"Plan Rows": 19255,"Plan Width": 260,"Actual Startup Time": 68.775,"Actual Total Time": 339.806,"Actual Rows": 23727,"Actual Loops": 4,"Inner Unique": true,"Hash Cond": "(customer.c_nationkey = nation.n_nationkey)","Workers": [],"Plans": [{"Node Type": "Hash Join","Parent Relationship": "Outer","Parallel Aware": true,"Async Capable": false,"Join Type": "Inner","Startup Cost": 5829.40,"Total Cost": 122037.58,"Plan Rows": 19255,"Plan Width": 160,"Actual Startup Time": 68.296,"Actual Total Time": 331.130,"Actual Rows": 23727,"Actual Loops": 4,"Inner Unique": true,"Hash Cond": "(orders.o_custkey = customer.c_custkey)","Workers": [],"Plans": [{"Node Type": "Nested Loop","Parent Relationship": "Outer","Parallel Aware": false,"Async Capable": false,"Join Type": "Inner","Startup Cost": 838.15,"Total Cost": 116995.79,"Plan Rows": 19255,"Plan Width": 16,"Actual Startup Time": 13.636,"Actual Total Time": 241.200,"Actual Rows": 23727,"Actual Loops": 4,"Inner Unique": false,"Workers": [],"Plans": [{"Node Type": "Bitmap Heap Scan","Parent Relationship": "Outer","Parallel Aware": true,"Async Capable": false,"Relation Name": "orders","Alias": "orders","Startup Cost": 837.72,"Total Cost": 27226.01,"Plan Rows": 19553,"Plan Width": 8,"Actual Startup Time": 13.552,"Actual Total Time": 68.983,"Actual Rows": 14126,"Actual Loops": 4,"Recheck Cond": "((o_orderdate >= '1995-01-01'::date) AND (o_orderdate < '1995-04-01 00:00:00'::timestamp without time zone))","Rows Removed by Index Recheck": 0,"Exact Heap Blocks": 3623,"Lossy Heap Blocks": 0,"Workers": [],"Plans": [{"Node Type": "Bitmap Index Scan","Parent Relationship": "Outer","Parallel Aware": false,"Async Capable": false,"Index Name": "idx_orders_orderdate","Startup Cost": 0.00,"Total Cost": 822.57,"Plan Rows": 60614,"Plan Width": 0,"Actual Startup Time": 10.475,"Actual Total Time": 10.479,"Actual Rows": 56506,"Actual Loops": 1,"Index Cond": "((o_orderdate >= '1995-01-01'::date) AND (o_orderdate < '1995-04-01 00:00:00'::timestamp without time zone))","Workers": []}]},{"Node Type": "Index Scan","Parent Relationship": "Inner","Parallel Aware": false,"Async Capable": false,"Scan Direction": "Forward","Index Name": "idx_lineitem_orderkey","Relation Name": "lineitem","Alias": "lineitem","Startup Cost": 0.43,"Total Cost": 4.55,"Plan Rows": 4,"Plan Width": 16,"Actual Startup Time": 0.010,"Actual Total Time": 0.012,"Actual Rows": 2,"Actual Loops": 56506,"Index Cond": "(l_orderkey = orders.o_orderkey)","Rows Removed by Index Recheck": 0,"Filter": "(l_returnflag = 'R'::bpchar)","Rows Removed by Filter": 2,"Workers": []}]},{"Node Type": "Hash","Parent Relationship": "Inner","Parallel Aware": true,"Async Capable": false,"Startup Cost": 4210.00,"Total Cost": 4210.00,"Plan Rows": 62500,"Plan Width": 148,"Actual Startup Time": 54.088,"Actual Total Time": 54.097,"Actual Rows": 37500,"Actual Loops": 4,"Hash Buckets": 262144,"Original Hash Buckets": 262144,"Hash Batches": 1,"Original Hash Batches": 1,"Peak Memory Usage": 29312,"Workers": [],"Plans": [{"Node Type": "Seq Scan","Parent Relationship": "Outer","Parallel Aware": true,"Async Capable": false,"Relation Name": "customer","Alias": "customer","Startup Cost": 0.00,"Total Cost": 4210.00,"Plan Rows": 62500,"Plan Width": 148,"Actual Startup Time": 0.033,"Actual Total Time": 23.775,"Actual Rows": 37500,"Actual Loops": 4,"Workers": []}]}]},{"Node Type": "Hash","Parent Relationship": "Inner","Parallel Aware": false,"Async Capable": false,"Startup Cost": 1.25,"Total Cost": 1.25,"Plan Rows": 25,"Plan Width": 108,"Actual Startup Time": 0.094,"Actual Total Time": 0.098,"Actual Rows": 25,"Actual Loops": 4,"Hash Buckets": 1024,"Original Hash Buckets": 1024,"Hash Batches": 1,"Original Hash Batches": 1,"Peak Memory Usage": 10,"Workers": [],"Plans": [{"Node Type": "Seq Scan","Parent Relationship": "Outer","Parallel Aware": false,"Async Capable": false,"Relation Name": "nation","Alias": "nation","Startup Cost": 0.00,"Total Cost": 1.25,"Plan Rows": 25,"Plan Width": 108,"Actual Startup Time": 0.062,"Actual Total Time": 0.068,"Actual Rows": 25,"Actual Loops": 4,"Workers": []}]}]}]}]}]},"Planning Time": 7.620,"Triggers": [],"Execution Time": 593.147}]
[{"Plan": {"Node Type": "Sort","Parallel Aware": false,"Async Capable": false,"Startup Cost": 132293.09,"Total Cost": 132436.61,"Plan Rows": 57411,"Plan Width": 280,"Actual Startup Time": 612.013,"Actual Total Time": 652.224,"Actual Rows": 37922,"Actual Loops": 1,"Sort Key": ["(sum((lineitem.l_extendedprice * ('1'::numeric - lineitem.l_discount)))) DESC"],"Sort Method": "quicksort","Sort Space Used": 9827,"Sort Space Type": "Memory","Plans": [{"Node Type": "Aggregate","Strategy": "Hashed","Partial Mode": "Simple","Parent Relationship": "Outer","Parallel Aware": false,"Async Capable": false,"Startup Cost": 127037.38,"Total Cost": 127755.02,"Plan Rows": 57411,"Plan Width": 280,"Actual Startup Time": 427.597,"Actual Total Time": 578.840,"Actual Rows": 37922,"Actual Loops": 1,"Group Key": ["customer.c_custkey", "nation.n_name"],"Planned Partitions": 0,"HashAgg Batches": 1,"Peak Memory Usage": 26129,"Disk Usage": 0,"Plans": [{"Node Type": "Gather","Parent Relationship": "Outer","Parallel Aware": false,"Async Capable": false,"Startup Cost": 6799.26,"Total Cost": 126319.75,"Plan Rows": 57411,"Plan Width": 260,"Actual Startup Time": 84.985,"Actual Total Time": 295.027,"Actual Rows": 114929,"Actual Loops": 1,"Workers Planned": 3,"Workers Launched": 3,"Single Copy": false,"Plans": [{"Node Type": "Hash Join","Parent Relationship": "Outer","Parallel Aware": false,"Async Capable": false,"Join Type": "Inner","Startup Cost": 5799.26,"Total Cost": 119578.65,"Plan Rows": 18520,"Plan Width": 260,"Actual Startup Time": 77.490,"Actual Total Time": 369.817,"Actual Rows": 28732,"Actual Loops": 4,"Inner Unique": true,"Hash Cond": "(customer.c_nationkey = nation.n_nationkey)","Workers": [],"Plans": [{"Node Type": "Hash Join","Parent Relationship": "Outer","Parallel Aware": true,"Async Capable": false,"Join Type": "Inner","Startup Cost": 5797.70,"Total Cost": 119520.23,"Plan Rows": 18520,"Plan Width": 160,"Actual Startup Time": 77.066,"Actual Total Time": 360.808,"Actual Rows": 28732,"Actual Loops": 4,"Inner Unique": true,"Hash Cond": "(orders.o_custkey = customer.c_custkey)","Workers": [],"Plans": [{"Node Type": "Nested Loop","Parent Relationship": "Outer","Parallel Aware": false,"Async Capable": false,"Join Type": "Inner","Startup Cost": 806.45,"Total Cost": 114480.36,"Plan Rows": 18520,"Plan Width": 16,"Actual Startup Time": 13.430,"Actual Total Time": 255.437,"Actual Rows": 28732,"Actual Loops": 4,"Inner Unique": false,"Workers": [],"Plans": [{"Node Type": "Bitmap Heap Scan","Parent Relationship": "Outer","Parallel Aware": true,"Async Capable": false,"Relation Name": "orders","Alias": "orders","Startup Cost": 806.01,"Total Cost": 27183.11,"Plan Rows": 18807,"Plan Width": 8,"Actual Startup Time": 13.367,"Actual Total Time": 72.208,"Actual Rows": 14355,"Actual Loops": 4,"Recheck Cond": "((o_orderdate >= '1994-03-01'::date) AND (o_orderdate < '1994-06-01 00:00:00'::timestamp without time zone))","Rows Removed by Index Recheck": 0,"Exact Heap Blocks": 3712,"Lossy Heap Blocks": 0,"Workers": [],"Plans": [{"Node Type": "Bitmap Index Scan","Parent Relationship": "Outer","Parallel Aware": false,"Async Capable": false,"Index Name": "idx_orders_orderdate","Startup Cost": 0.00,"Total Cost": 791.44,"Plan Rows": 58301,"Plan Width": 0,"Actual Startup Time": 10.180,"Actual Total Time": 10.183,"Actual Rows": 57420,"Actual Loops": 1,"Index Cond": "((o_orderdate >= '1994-03-01'::date) AND (o_orderdate < '1994-06-01 00:00:00'::timestamp without time zone))","Workers": []}]},{"Node Type": "Index Scan","Parent Relationship": "Inner","Parallel Aware": false,"Async Capable": false,"Scan Direction": "Forward","Index Name": "idx_lineitem_orderkey","Relation Name": "lineitem","Alias": "lineitem","Startup Cost": 0.43,"Total Cost": 4.60,"Plan Rows": 4,"Plan Width": 16,"Actual Startup Time": 0.010,"Actual Total Time": 0.012,"Actual Rows": 2,"Actual Loops": 57420,"Index Cond": "(l_orderkey = orders.o_orderkey)","Rows Removed by Index Recheck": 0,"Filter": "(l_returnflag = 'R'::bpchar)","Rows Removed by Filter": 2,"Workers": []}]},{"Node Type": "Hash","Parent Relationship": "Inner","Parallel Aware": true,"Async Capable": false,"Startup Cost": 4210.00,"Total Cost": 4210.00,"Plan Rows": 62500,"Plan Width": 148,"Actual Startup Time": 63.095,"Actual Total Time": 63.101,"Actual Rows": 37500,"Actual Loops": 4,"Hash Buckets": 262144,"Original Hash Buckets": 262144,"Hash Batches": 1,"Original Hash Batches": 1,"Peak Memory Usage": 29280,"Workers": [],"Plans": [{"Node Type": "Seq Scan","Parent Relationship": "Outer","Parallel Aware": true,"Async Capable": false,"Relation Name": "customer","Alias": "customer","Startup Cost": 0.00,"Total Cost": 4210.00,"Plan Rows": 62500,"Plan Width": 148,"Actual Startup Time": 0.041,"Actual Total Time": 28.071,"Actual Rows": 37500,"Actual Loops": 4,"Workers": []}]}]},{"Node Type": "Hash","Parent Relationship": "Inner","Parallel Aware": false,"Async Capable": false,"Startup Cost": 1.25,"Total Cost": 1.25,"Plan Rows": 25,"Plan Width": 108,"Actual Startup Time": 0.097,"Actual Total Time": 0.101,"Actual Rows": 25,"Actual Loops": 4,"Hash Buckets": 1024,"Original Hash Buckets": 1024,"Hash Batches": 1,"Original Hash Batches": 1,"Peak Memory Usage": 10,"Workers": [],"Plans": [{"Node Type": "Seq Scan","Parent Relationship": "Outer","Parallel Aware": false,"Async Capable": false,"Relation Name": "nation","Alias": "nation","Startup Cost": 0.00,"Total Cost": 1.25,"Plan Rows": 25,"Plan Width": 108,"Actual Startup Time": 0.065,"Actual Total Time": 0.071,"Actual Rows": 25,"Actual Loops": 4,"Workers": []}]}]}]}]}]},"Planning Time": 6.342,"Triggers": [],"Execution Time": 656.718}]
[{"Plan": {"Node Type": "Sort","Parallel Aware": false,"Async Capable": false,"Startup Cost": 129819.00,"Total Cost": 129957.88,"Plan Rows": 55552,"Plan Width": 280,"Actual Startup Time": 608.281,"Actual Total Time": 648.391,"Actual Rows": 37948,"Actual Loops": 1,"Sort Key": ["(sum((lineitem.l_extendedprice * ('1'::numeric - lineitem.l_discount)))) DESC"],"Sort Method": "quicksort","Sort Space Used": 9840,"Sort Space Type": "Memory","Plans": [{"Node Type": "Aggregate","Strategy": "Hashed","Partial Mode": "Simple","Parent Relationship": "Outer","Parallel Aware": false,"Async Capable": false,"Startup Cost": 124746.67,"Total Cost": 125441.07,"Plan Rows": 55552,"Plan Width": 280,"Actual Startup Time": 419.818,"Actual Total Time": 574.956,"Actual Rows": 37948,"Actual Loops": 1,"Group Key": ["customer.c_custkey", "nation.n_name"],"Planned Partitions": 0,"HashAgg Batches": 1,"Peak Memory Usage": 26129,"Disk Usage": 0,"Plans": [{"Node Type": "Gather","Parent Relationship": "Outer","Parallel Aware": false,"Async Capable": false,"Startup Cost": 6771.91,"Total Cost": 124052.27,"Plan Rows": 55552,"Plan Width": 260,"Actual Startup Time": 82.501,"Actual Total Time": 287.884,"Actual Rows": 114775,"Actual Loops": 1,"Workers Planned": 3,"Workers Launched": 3,"Single Copy": false,"Plans": [{"Node Type": "Hash Join","Parent Relationship": "Outer","Parallel Aware": false,"Async Capable": false,"Join Type": "Inner","Startup Cost": 5771.91,"Total Cost": 117497.07,"Plan Rows": 17920,"Plan Width": 260,"Actual Startup Time": 75.276,"Actual Total Time": 362.951,"Actual Rows": 28694,"Actual Loops": 4,"Inner Unique": true,"Hash Cond": "(customer.c_nationkey = nation.n_nationkey)","Workers": [],"Plans": [{"Node Type": "Hash Join","Parent Relationship": "Outer","Parallel Aware": true,"Async Capable": false,"Join Type": "Inner","Startup Cost": 5770.34,"Total Cost": 117440.49,"Plan Rows": 17920,"Plan Width": 160,"Actual Startup Time": 74.883,"Actual Total Time": 354.260,"Actual Rows": 28694,"Actual Loops": 4,"Inner Unique": true,"Hash Cond": "(orders.o_custkey = customer.c_custkey)","Workers": [],"Plans": [{"Node Type": "Nested Loop","Parent Relationship": "Outer","Parallel Aware": false,"Async Capable": false,"Join Type": "Inner","Startup Cost": 779.09,"Total Cost": 112402.20,"Plan Rows": 17920,"Plan Width": 16,"Actual Startup Time": 13.340,"Actual Total Time": 252.834,"Actual Rows": 28694,"Actual Loops": 4,"Inner Unique": false,"Workers": [],"Plans": [{"Node Type": "Bitmap Heap Scan","Parent Relationship": "Outer","Parallel Aware": true,"Async Capable": false,"Relation Name": "orders","Alias": "orders","Startup Cost": 778.66,"Total Cost": 27146.63,"Plan Rows": 18198,"Plan Width": 8,"Actual Startup Time": 13.279,"Actual Total Time": 70.699,"Actual Rows": 14304,"Actual Loops": 4,"Recheck Cond": "((o_orderdate >= '1993-07-01'::date) AND (o_orderdate < '1993-10-01 00:00:00'::timestamp without time zone))","Rows Removed by Index Recheck": 0,"Exact Heap Blocks": 3636,"Lossy Heap Blocks": 0,"Workers": [],"Plans": [{"Node Type": "Bitmap Index Scan","Parent Relationship": "Outer","Parallel Aware": false,"Async Capable": false,"Index Name": "idx_orders_orderdate","Startup Cost": 0.00,"Total Cost": 764.56,"Plan Rows": 56413,"Plan Width": 0,"Actual Startup Time": 10.131,"Actual Total Time": 10.133,"Actual Rows": 57218,"Actual Loops": 1,"Index Cond": "((o_orderdate >= '1993-07-01'::date) AND (o_orderdate < '1993-10-01 00:00:00'::timestamp without time zone))","Workers": []}]},{"Node Type": "Index Scan","Parent Relationship": "Inner","Parallel Aware": false,"Async Capable": false,"Scan Direction": "Forward","Index Name": "idx_lineitem_orderkey","Relation Name": "lineitem","Alias": "lineitem","Startup Cost": 0.43,"Total Cost": 4.64,"Plan Rows": 4,"Plan Width": 16,"Actual Startup Time": 0.010,"Actual Total Time": 0.012,"Actual Rows": 2,"Actual Loops": 57218,"Index Cond": "(l_orderkey = orders.o_orderkey)","Rows Removed by Index Recheck": 0,"Filter": "(l_returnflag = 'R'::bpchar)","Rows Removed by Filter": 2,"Workers": []}]},{"Node Type": "Hash","Parent Relationship": "Inner","Parallel Aware": true,"Async Capable": false,"Startup Cost": 4210.00,"Total Cost": 4210.00,"Plan Rows": 62500,"Plan Width": 148,"Actual Startup Time": 60.976,"Actual Total Time": 60.983,"Actual Rows": 37500,"Actual Loops": 4,"Hash Buckets": 262144,"Original Hash Buckets": 262144,"Hash Batches": 1,"Original Hash Batches": 1,"Peak Memory Usage": 29344,"Workers": [],"Plans": [{"Node Type": "Seq Scan","Parent Relationship": "Outer","Parallel Aware": true,"Async Capable": false,"Relation Name": "customer","Alias": "customer","Startup Cost": 0.00,"Total Cost": 4210.00,"Plan Rows": 62500,"Plan Width": 148,"Actual Startup Time": 0.026,"Actual Total Time": 27.898,"Actual Rows": 37500,"Actual Loops": 4,"Workers": []}]}]},{"Node Type": "Hash","Parent Relationship": "Inner","Parallel Aware": false,"Async Capable": false,"Startup Cost": 1.25,"Total Cost": 1.25,"Plan Rows": 25,"Plan Width": 108,"Actual Startup Time": 0.100,"Actual Total Time": 0.105,"Actual Rows": 25,"Actual Loops": 4,"Hash Buckets": 1024,"Original Hash Buckets": 1024,"Hash Batches": 1,"Original Hash Batches": 1,"Peak Memory Usage": 10,"Workers": [],"Plans": [{"Node Type": "Seq Scan","Parent Relationship": "Outer","Parallel Aware": false,"Async Capable": false,"Relation Name": "nation","Alias": "nation","Startup Cost": 0.00,"Total Cost": 1.25,"Plan Rows": 25,"Plan Width": 108,"Actual Startup Time": 0.065,"Actual Total Time": 0.072,"Actual Rows": 25,"Actual Loops": 4,"Workers": []}]}]}]}]}]},"Planning Time": 6.175,"Triggers": [],"Execution Time": 652.968}]
[{"Plan": {"Node Type": "Sort","Parallel Aware": false,"Async Capable": false,"Startup Cost": 132582.38,"Total Cost": 132726.46,"Plan Rows": 57631,"Plan Width": 280,"Actual Startup Time": 594.605,"Actual Total Time": 635.479,"Actual Rows": 38076,"Actual Loops": 1,"Sort Key": ["(sum((lineitem.l_extendedprice * ('1'::numeric - lineitem.l_discount)))) DESC"],"Sort Method": "quicksort","Sort Space Used": 9866,"Sort Space Type": "Memory","Plans": [{"Node Type": "Aggregate","Strategy": "Hashed","Partial Mode": "Simple","Parent Relationship": "Outer","Parallel Aware": false,"Async Capable": false,"Startup Cost": 127304.95,"Total Cost": 128025.33,"Plan Rows": 57631,"Plan Width": 280,"Actual Startup Time": 413.856,"Actual Total Time": 559.474,"Actual Rows": 38076,"Actual Loops": 1,"Group Key": ["customer.c_custkey", "nation.n_name"],"Planned Partitions": 0,"HashAgg Batches": 1,"Peak Memory Usage": 26129,"Disk Usage": 0,"Plans": [{"Node Type": "Gather","Parent Relationship": "Outer","Parallel Aware": false,"Async Capable": false,"Startup Cost": 6801.55,"Total Cost": 126584.56,"Plan Rows": 57631,"Plan Width": 260,"Actual Startup Time": 77.339,"Actual Total Time": 288.422,"Actual Rows": 114347,"Actual Loops": 1,"Workers Planned": 3,"Workers Launched": 3,"Single Copy": false,"Plans": [{"Node Type": "Hash Join","Parent Relationship": "Outer","Parallel Aware": false,"Async Capable": false,"Join Type": "Inner","Startup Cost": 5801.55,"Total Cost": 119821.46,"Plan Rows": 18591,"Plan Width": 260,"Actual Startup Time": 69.518,"Actual Total Time": 357.514,"Actual Rows": 28587,"Actual Loops": 4,"Inner Unique": true,"Hash Cond": "(customer.c_nationkey = nation.n_nationkey)","Workers": [],"Plans": [{"Node Type": "Hash Join","Parent Relationship": "Outer","Parallel Aware": true,"Async Capable": false,"Join Type": "Inner","Startup Cost": 5799.99,"Total Cost": 119762.82,"Plan Rows": 18591,"Plan Width": 160,"Actual Startup Time": 69.031,"Actual Total Time": 348.106,"Actual Rows": 28587,"Actual Loops": 4,"Inner Unique": true,"Hash Cond": "(orders.o_custkey = customer.c_custkey)","Workers": [],"Plans": [{"Node Type": "Nested Loop","Parent Relationship": "Outer","Parallel Aware": false,"Async Capable": false,"Join Type": "Inner","Startup Cost": 808.74,"Total Cost": 114722.77,"Plan Rows": 18591,"Plan Width": 16,"Actual Startup Time": 13.204,"Actual Total Time": 250.327,"Actual Rows": 28587,"Actual Loops": 4,"Inner Unique": false,"Workers": [],"Plans": [{"Node Type": "Bitmap Heap Scan","Parent Relationship": "Outer","Parallel Aware": true,"Async Capable": false,"Relation Name": "orders","Alias": "orders","Startup Cost": 808.31,"Total Cost": 27186.49,"Plan Rows": 18879,"Plan Width": 8,"Actual Startup Time": 13.115,"Actual Total Time": 71.395,"Actual Rows": 14278,"Actual Loops": 4,"Recheck Cond": "((o_orderdate >= '1994-08-01'::date) AND (o_orderdate < '1994-11-01 00:00:00'::timestamp without time zone))","Rows Removed by Index Recheck": 0,"Exact Heap Blocks": 3565,"Lossy Heap Blocks": 0,"Workers": [],"Plans": [{"Node Type": "Bitmap Index Scan","Parent Relationship": "Outer","Parallel Aware": false,"Async Capable": false,"Index Name": "idx_orders_orderdate","Startup Cost": 0.00,"Total Cost": 793.68,"Plan Rows": 58525,"Plan Width": 0,"Actual Startup Time": 9.999,"Actual Total Time": 10.002,"Actual Rows": 57111,"Actual Loops": 1,"Index Cond": "((o_orderdate >= '1994-08-01'::date) AND (o_orderdate < '1994-11-01 00:00:00'::timestamp without time zone))","Workers": []}]},{"Node Type": "Index Scan","Parent Relationship": "Inner","Parallel Aware": false,"Async Capable": false,"Scan Direction": "Forward","Index Name": "idx_lineitem_orderkey","Relation Name": "lineitem","Alias": "lineitem","Startup Cost": 0.43,"Total Cost": 4.60,"Plan Rows": 4,"Plan Width": 16,"Actual Startup Time": 0.010,"Actual Total Time": 0.012,"Actual Rows": 2,"Actual Loops": 57111,"Index Cond": "(l_orderkey = orders.o_orderkey)","Rows Removed by Index Recheck": 0,"Filter": "(l_returnflag = 'R'::bpchar)","Rows Removed by Filter": 2,"Workers": []}]},{"Node Type": "Hash","Parent Relationship": "Inner","Parallel Aware": true,"Async Capable": false,"Startup Cost": 4210.00,"Total Cost": 4210.00,"Plan Rows": 62500,"Plan Width": 148,"Actual Startup Time": 55.208,"Actual Total Time": 55.214,"Actual Rows": 37500,"Actual Loops": 4,"Hash Buckets": 262144,"Original Hash Buckets": 262144,"Hash Batches": 1,"Original Hash Batches": 1,"Peak Memory Usage": 29312,"Workers": [],"Plans": [{"Node Type": "Seq Scan","Parent Relationship": "Outer","Parallel Aware": true,"Async Capable": false,"Relation Name": "customer","Alias": "customer","Startup Cost": 0.00,"Total Cost": 4210.00,"Plan Rows": 62500,"Plan Width": 148,"Actual Startup Time": 0.029,"Actual Total Time": 24.765,"Actual Rows": 37500,"Actual Loops": 4,"Workers": []}]}]},{"Node Type": "Hash","Parent Relationship": "Inner","Parallel Aware": false,"Async Capable": false,"Startup Cost": 1.25,"Total Cost": 1.25,"Plan Rows": 25,"Plan Width": 108,"Actual Startup Time": 0.096,"Actual Total Time": 0.101,"Actual Rows": 25,"Actual Loops": 4,"Hash Buckets": 1024,"Original Hash Buckets": 1024,"Hash Batches": 1,"Original Hash Batches": 1,"Peak Memory Usage": 10,"Workers": [],"Plans": [{"Node Type": "Seq Scan","Parent Relationship": "Outer","Parallel Aware": false,"Async Capable": false,"Relation Name": "nation","Alias": "nation","Startup Cost": 0.00,"Total Cost": 1.25,"Plan Rows": 25,"Plan Width": 108,"Actual Startup Time": 0.058,"Actual Total Time": 0.064,"Actual Rows": 25,"Actual Loops": 4,"Workers": []}]}]}]}]}]},"Planning Time": 6.903,"Triggers": [],"Execution Time": 641.389}]
[{"Plan": {"Node Type": "Sort","Parallel Aware": false,"Async Capable": false,"Startup Cost": 130505.43,"Total Cost": 130645.60,"Plan Rows": 56065,"Plan Width": 280,"Actual Startup Time": 601.513,"Actual Total Time": 641.580,"Actual Rows": 37018,"Actual Loops": 1,"Sort Key": ["(sum((lineitem.l_extendedprice * ('1'::numeric - lineitem.l_discount)))) DESC"],"Sort Method": "quicksort","Sort Space Used": 9627,"Sort Space Type": "Memory","Plans": [{"Node Type": "Aggregate","Strategy": "Hashed","Partial Mode": "Simple","Parent Relationship": "Outer","Parallel Aware": false,"Async Capable": false,"Startup Cost": 125382.55,"Total Cost": 126083.36,"Plan Rows": 56065,"Plan Width": 280,"Actual Startup Time": 416.495,"Actual Total Time": 572.420,"Actual Rows": 37018,"Actual Loops": 1,"Group Key": ["customer.c_custkey", "nation.n_name"],"Planned Partitions": 0,"HashAgg Batches": 1,"Peak Memory Usage": 26129,"Disk Usage": 0,"Plans": [{"Node Type": "Gather","Parent Relationship": "Outer","Parallel Aware": false,"Async Capable": false,"Startup Cost": 6781.25,"Total Cost": 124681.73,"Plan Rows": 56065,"Plan Width": 260,"Actual Startup Time": 81.623,"Actual Total Time": 288.921,"Actual Rows": 110603,"Actual Loops": 1,"Workers Planned": 3,"Workers Launched": 3,"Single Copy": false,"Plans": [{"Node Type": "Hash Join","Parent Relationship": "Outer","Parallel Aware": false,"Async Capable": false,"Join Type": "Inner","Startup Cost": 5781.25,"Total Cost": 118075.23,"Plan Rows": 18085,"Plan Width": 260,"Actual Startup Time": 74.243,"Actual Total Time": 359.851,"Actual Rows": 27651,"Actual Loops": 4,"Inner Unique": true,"Hash Cond": "(customer.c_nationkey = nation.n_nationkey)","Workers": [],"Plans": [{"Node Type": "Hash Join","Parent Relationship": "Outer","Parallel Aware": true,"Async Capable": false,"Join Type": "Inner","Startup Cost": 5779.68,"Total Cost": 118018.16,"Plan Rows": 18085,"Plan Width": 160,"Actual Startup Time": 73.807,"Actual Total Time": 350.724,"Actual Rows": 27651,"Actual Loops": 4,"Inner Unique": true,"Hash Cond": "(orders.o_custkey = customer.c_custkey)","Workers": [],"Plans": [{"Node Type": "Nested Loop","Parent Relationship": "Outer","Parallel Aware": false,"Async Capable": false,"Join Type": "Inner","Startup Cost": 788.43,"Total Cost": 112979.43,"Plan Rows": 18085,"Plan Width": 16,"Actual Startup Time": 13.351,"Actual Total Time": 248.674,"Actual Rows": 27651,"Actual Loops": 4,"Inner Unique": false,"Workers": [],"Plans": [{"Node Type": "Bitmap Heap Scan","Parent Relationship": "Outer","Parallel Aware": true,"Async Capable": false,"Relation Name": "orders","Alias": "orders","Startup Cost": 788.00,"Total Cost": 27158.49,"Plan Rows": 18366,"Plan Width": 8,"Actual Startup Time": 13.297,"Actual Total Time": 70.614,"Actual Rows": 13866,"Actual Loops": 4,"Recheck Cond": "((o_orderdate >= '1994-02-01'::date) AND (o_orderdate < '1994-05-01 00:00:00'::timestamp without time zone))","Rows Removed by Index Recheck": 0,"Exact Heap Blocks": 3619,"Lossy Heap Blocks": 0,"Workers": [],"Plans": [{"Node Type": "Bitmap Index Scan","Parent Relationship": "Outer","Parallel Aware": false,"Async Capable": false,"Index Name": "idx_orders_orderdate","Startup Cost": 0.00,"Total Cost": 773.77,"Plan Rows": 56934,"Plan Width": 0,"Actual Startup Time": 10.157,"Actual Total Time": 10.161,"Actual Rows": 55462,"Actual Loops": 1,"Index Cond": "((o_orderdate >= '1994-02-01'::date) AND (o_orderdate < '1994-05-01 00:00:00'::timestamp without time zone))","Workers": []}]},{"Node Type": "Index Scan","Parent Relationship": "Inner","Parallel Aware": false,"Async Capable": false,"Scan Direction": "Forward","Index Name": "idx_lineitem_orderkey","Relation Name": "lineitem","Alias": "lineitem","Startup Cost": 0.43,"Total Cost": 4.63,"Plan Rows": 4,"Plan Width": 16,"Actual Startup Time": 0.010,"Actual Total Time": 0.012,"Actual Rows": 2,"Actual Loops": 55462,"Index Cond": "(l_orderkey = orders.o_orderkey)","Rows Removed by Index Recheck": 0,"Filter": "(l_returnflag = 'R'::bpchar)","Rows Removed by Filter": 2,"Workers": []}]},{"Node Type": "Hash","Parent Relationship": "Inner","Parallel Aware": true,"Async Capable": false,"Startup Cost": 4210.00,"Total Cost": 4210.00,"Plan Rows": 62500,"Plan Width": 148,"Actual Startup Time": 59.812,"Actual Total Time": 59.817,"Actual Rows": 37500,"Actual Loops": 4,"Hash Buckets": 262144,"Original Hash Buckets": 262144,"Hash Batches": 1,"Original Hash Batches": 1,"Peak Memory Usage": 29344,"Workers": [],"Plans": [{"Node Type": "Seq Scan","Parent Relationship": "Outer","Parallel Aware": true,"Async Capable": false,"Relation Name": "customer","Alias": "customer","Startup Cost": 0.00,"Total Cost": 4210.00,"Plan Rows": 62500,"Plan Width": 148,"Actual Startup Time": 0.038,"Actual Total Time": 25.477,"Actual Rows": 37500,"Actual Loops": 4,"Workers": []}]}]},{"Node Type": "Hash","Parent Relationship": "Inner","Parallel Aware": false,"Async Capable": false,"Startup Cost": 1.25,"Total Cost": 1.25,"Plan Rows": 25,"Plan Width": 108,"Actual Startup Time": 0.111,"Actual Total Time": 0.116,"Actual Rows": 25,"Actual Loops": 4,"Hash Buckets": 1024,"Original Hash Buckets": 1024,"Hash Batches": 1,"Original Hash Batches": 1,"Peak Memory Usage": 10,"Workers": [],"Plans": [{"Node Type": "Seq Scan","Parent Relationship": "Outer","Parallel Aware": false,"Async Capable": false,"Relation Name": "nation","Alias": "nation","Startup Cost": 0.00,"Total Cost": 1.25,"Plan Rows": 25,"Plan Width": 108,"Actual Startup Time": 0.071,"Actual Total Time": 0.077,"Actual Rows": 25,"Actual Loops": 4,"Workers": []}]}]}]}]}]},"Planning Time": 7.387,"Triggers": [],"Execution Time": 645.928}]
[{"Plan": {"Node Type": "Sort","Parallel Aware": false,"Async Capable": false,"Startup Cost": 129285.16,"Total Cost": 129423.04,"Plan Rows": 55152,"Plan Width": 280,"Actual Startup Time": 594.195,"Actual Total Time": 635.058,"Actual Rows": 37857,"Actual Loops": 1,"Sort Key": ["(sum((lineitem.l_extendedprice * ('1'::numeric - lineitem.l_discount)))) DESC"],"Sort Method": "quicksort","Sort Space Used": 9823,"Sort Space Type": "Memory","Plans": [{"Node Type": "Aggregate","Strategy": "Hashed","Partial Mode": "Simple","Parent Relationship": "Outer","Parallel Aware": false,"Async Capable": false,"Startup Cost": 124252.23,"Total Cost": 124941.63,"Plan Rows": 55152,"Plan Width": 280,"Actual Startup Time": 414.188,"Actual Total Time": 557.916,"Actual Rows": 37857,"Actual Loops": 1,"Group Key": ["customer.c_custkey", "nation.n_name"],"Planned Partitions": 0,"HashAgg Batches": 1,"Peak Memory Usage": 26129,"Disk Usage": 0,"Plans": [{"Node Type": "Gather","Parent Relationship": "Outer","Parallel Aware": false,"Async Capable": false,"Startup Cost": 6767.74,"Total Cost": 123562.83,"Plan Rows": 55152,"Plan Width": 260,"Actual Startup Time": 77.793,"Actual Total Time": 289.359,"Actual Rows": 114326,"Actual Loops": 1,"Workers Planned": 3,"Workers Launched": 3,"Single Copy": false,"Plans": [{"Node Type": "Hash Join","Parent Relationship": "Outer","Parallel Aware": false,"Async Capable": false,"Join Type": "Inner","Startup Cost": 5767.74,"Total Cost": 117047.63,"Plan Rows": 17791,"Plan Width": 260,"Actual Startup Time": 70.168,"Actual Total Time": 358.948,"Actual Rows": 28582,"Actual Loops": 4,"Inner Unique": true,"Hash Cond": "(customer.c_nationkey = nation.n_nationkey)","Workers": [],"Plans": [{"Node Type": "Hash Join","Parent Relationship": "Outer","Parallel Aware": true,"Async Capable": false,"Join Type": "Inner","Startup Cost": 5766.18,"Total Cost": 116991.45,"Plan Rows": 17791,"Plan Width": 160,"Actual Startup Time": 69.698,"Actual Total Time": 349.487,"Actual Rows": 28582,"Actual Loops": 4,"Inner Unique": true,"Hash Cond": "(orders.o_custkey = customer.c_custkey)","Workers": [],"Plans": [{"Node Type": "Nested Loop","Parent Relationship": "Outer","Parallel Aware": false,"Async Capable": false,"Join Type": "Inner","Startup Cost": 774.93,"Total Cost": 111953.49,"Plan Rows": 17791,"Plan Width": 16,"Actual Startup Time": 12.978,"Actual Total Time": 249.911,"Actual Rows": 28582,"Actual Loops": 4,"Inner Unique": false,"Workers": [],"Plans": [{"Node Type": "Bitmap Heap Scan","Parent Relationship": "Outer","Parallel Aware": true,"Async Capable": false,"Relation Name": "orders","Alias": "orders","Startup Cost": 774.50,"Total Cost": 27140.50,"Plan Rows": 18067,"Plan Width": 8,"Actual Startup Time": 12.915,"Actual Total Time": 70.510,"Actual Rows": 14320,"Actual Loops": 4,"Recheck Cond": "((o_orderdate >= '1993-06-01'::date) AND (o_orderdate < '1993-09-01 00:00:00'::timestamp without time zone))","Rows Removed by Index Recheck": 0,"Exact Heap Blocks": 3550,"Lossy Heap Blocks": 0,"Workers": [],"Plans": [{"Node Type": "Bitmap Index Scan","Parent Relationship": "Outer","Parallel Aware": false,"Async Capable": false,"Index Name": "idx_orders_orderdate","Startup Cost": 0.00,"Total Cost": 760.50,"Plan Rows": 56007,"Plan Width": 0,"Actual Startup Time": 9.843,"Actual Total Time": 9.846,"Actual Rows": 57280,"Actual Loops": 1,"Index Cond": "((o_orderdate >= '1993-06-01'::date) AND (o_orderdate < '1993-09-01 00:00:00'::timestamp without time zone))","Workers": []}]},{"Node Type": "Index Scan","Parent Relationship": "Inner","Parallel Aware": false,"Async Capable": false,"Scan Direction": "Forward","Index Name": "idx_lineitem_orderkey","Relation Name": "lineitem","Alias": "lineitem","Startup Cost": 0.43,"Total Cost": 4.65,"Plan Rows": 4,"Plan Width": 16,"Actual Startup Time": 0.010,"Actual Total Time": 0.012,"Actual Rows": 2,"Actual Loops": 57280,"Index Cond": "(l_orderkey = orders.o_orderkey)","Rows Removed by Index Recheck": 0,"Filter": "(l_returnflag = 'R'::bpchar)","Rows Removed by Filter": 2,"Workers": []}]},{"Node Type": "Hash","Parent Relationship": "Inner","Parallel Aware": true,"Async Capable": false,"Startup Cost": 4210.00,"Total Cost": 4210.00,"Plan Rows": 62500,"Plan Width": 148,"Actual Startup Time": 56.151,"Actual Total Time": 56.157,"Actual Rows": 37500,"Actual Loops": 4,"Hash Buckets": 262144,"Original Hash Buckets": 262144,"Hash Batches": 1,"Original Hash Batches": 1,"Peak Memory Usage": 29312,"Workers": [],"Plans": [{"Node Type": "Seq Scan","Parent Relationship": "Outer","Parallel Aware": true,"Async Capable": false,"Relation Name": "customer","Alias": "customer","Startup Cost": 0.00,"Total Cost": 4210.00,"Plan Rows": 62500,"Plan Width": 148,"Actual Startup Time": 0.028,"Actual Total Time": 26.217,"Actual Rows": 37500,"Actual Loops": 4,"Workers": []}]}]},{"Node Type": "Hash","Parent Relationship": "Inner","Parallel Aware": false,"Async Capable": false,"Startup Cost": 1.25,"Total Cost": 1.25,"Plan Rows": 25,"Plan Width": 108,"Actual Startup Time": 0.109,"Actual Total Time": 0.115,"Actual Rows": 25,"Actual Loops": 4,"Hash Buckets": 1024,"Original Hash Buckets": 1024,"Hash Batches": 1,"Original Hash Batches": 1,"Peak Memory Usage": 10,"Workers": [],"Plans": [{"Node Type": "Seq Scan","Parent Relationship": "Outer","Parallel Aware": false,"Async Capable": false,"Relation Name": "nation","Alias": "nation","Startup Cost": 0.00,"Total Cost": 1.25,"Plan Rows": 25,"Plan Width": 108,"Actual Startup Time": 0.076,"Actual Total Time": 0.083,"Actual Rows": 25,"Actual Loops": 4,"Workers": []}]}]}]}]}]},"Planning Time": 6.852,"Triggers": [],"Execution Time": 641.259}]
[{"Plan": {"Node Type": "Sort","Parallel Aware": false,"Async Capable": false,"Startup Cost": 134586.43,"Total Cost": 134734.30,"Plan Rows": 59150,"Plan Width": 280,"Actual Startup Time": 563.586,"Actual Total Time": 604.383,"Actual Rows": 37293,"Actual Loops": 1,"Sort Key": ["(sum((lineitem.l_extendedprice * ('1'::numeric - lineitem.l_discount)))) DESC"],"Sort Method": "quicksort","Sort Space Used": 9691,"Sort Space Type": "Memory","Plans": [{"Node Type": "Aggregate","Strategy": "Hashed","Partial Mode": "Simple","Parent Relationship": "Outer","Parallel Aware": false,"Async Capable": false,"Startup Cost": 129158.80,"Total Cost": 129898.17,"Plan Rows": 59150,"Plan Width": 280,"Actual Startup Time": 392.436,"Actual Total Time": 532.730,"Actual Rows": 37293,"Actual Loops": 1,"Group Key": ["customer.c_custkey", "nation.n_name"],"Planned Partitions": 0,"HashAgg Batches": 1,"Peak Memory Usage": 27665,"Disk Usage": 0,"Plans": [{"Node Type": "Gather","Parent Relationship": "Outer","Parallel Aware": false,"Async Capable": false,"Startup Cost": 6825.36,"Total Cost": 128419.42,"Plan Rows": 59150,"Plan Width": 260,"Actual Startup Time": 75.957,"Actual Total Time": 271.680,"Actual Rows": 108779,"Actual Loops": 1,"Workers Planned": 3,"Workers Launched": 3,"Single Copy": false,"Plans": [{"Node Type": "Hash Join","Parent Relationship": "Outer","Parallel Aware": false,"Async Capable": false,"Join Type": "Inner","Startup Cost": 5825.36,"Total Cost": 121504.42,"Plan Rows": 19081,"Plan Width": 260,"Actual Startup Time": 69.040,"Actual Total Time": 339.341,"Actual Rows": 27195,"Actual Loops": 4,"Inner Unique": true,"Hash Cond": "(customer.c_nationkey = nation.n_nationkey)","Workers": [],"Plans": [{"Node Type": "Hash Join","Parent Relationship": "Outer","Parallel Aware": true,"Async Capable": false,"Join Type": "Inner","Startup Cost": 5823.80,"Total Cost": 121444.28,"Plan Rows": 19081,"Plan Width": 160,"Actual Startup Time": 68.657,"Actual Total Time": 330.758,"Actual Rows": 27195,"Actual Loops": 4,"Inner Unique": true,"Hash Cond": "(orders.o_custkey = customer.c_custkey)","Workers": [],"Plans": [{"Node Type": "Nested Loop","Parent Relationship": "Outer","Parallel Aware": false,"Async Capable": false,"Join Type": "Inner","Startup Cost": 832.55,"Total Cost": 116402.95,"Plan Rows": 19081,"Plan Width": 16,"Actual Startup Time": 13.292,"Actual Total Time": 236.377,"Actual Rows": 27195,"Actual Loops": 4,"Inner Unique": false,"Workers": [],"Plans": [{"Node Type": "Bitmap Heap Scan","Parent Relationship": "Outer","Parallel Aware": true,"Async Capable": false,"Relation Name": "orders","Alias": "orders","Startup Cost": 832.11,"Total Cost": 27217.76,"Plan Rows": 19376,"Plan Width": 8,"Actual Startup Time": 13.230,"Actual Total Time": 65.610,"Actual Rows": 14144,"Actual Loops": 4,"Recheck Cond": "((o_orderdate >= '1994-12-01'::date) AND (o_orderdate < '1995-03-01 00:00:00'::timestamp without time zone))","Rows Removed by Index Recheck": 0,"Exact Heap Blocks": 3506,"Lossy Heap Blocks": 0,"Workers": [],"Plans": [{"Node Type": "Bitmap Index Scan","Parent Relationship": "Outer","Parallel Aware": false,"Async Capable": false,"Index Name": "idx_orders_orderdate","Startup Cost": 0.00,"Total Cost": 817.10,"Plan Rows": 60067,"Plan Width": 0,"Actual Startup Time": 10.114,"Actual Total Time": 10.122,"Actual Rows": 56577,"Actual Loops": 1,"Index Cond": "((o_orderdate >= '1994-12-01'::date) AND (o_orderdate < '1995-03-01 00:00:00'::timestamp without time zone))","Workers": []}]},{"Node Type": "Index Scan","Parent Relationship": "Inner","Parallel Aware": false,"Async Capable": false,"Scan Direction": "Forward","Index Name": "idx_lineitem_orderkey","Relation Name": "lineitem","Alias": "lineitem","Startup Cost": 0.43,"Total Cost": 4.56,"Plan Rows": 4,"Plan Width": 16,"Actual Startup Time": 0.010,"Actual Total Time": 0.012,"Actual Rows": 2,"Actual Loops": 56577,"Index Cond": "(l_orderkey = orders.o_orderkey)","Rows Removed by Index Recheck": 0,"Filter": "(l_returnflag = 'R'::bpchar)","Rows Removed by Filter": 2,"Workers": []}]},{"Node Type": "Hash","Parent Relationship": "Inner","Parallel Aware": true,"Async Capable": false,"Startup Cost": 4210.00,"Total Cost": 4210.00,"Plan Rows": 62500,"Plan Width": 148,"Actual Startup Time": 54.812,"Actual Total Time": 54.818,"Actual Rows": 37500,"Actual Loops": 4,"Hash Buckets": 262144,"Original Hash Buckets": 262144,"Hash Batches": 1,"Original Hash Batches": 1,"Peak Memory Usage": 29312,"Workers": [],"Plans": [{"Node Type": "Seq Scan","Parent Relationship": "Outer","Parallel Aware": true,"Async Capable": false,"Relation Name": "customer","Alias": "customer","Startup Cost": 0.00,"Total Cost": 4210.00,"Plan Rows": 62500,"Plan Width": 148,"Actual Startup Time": 0.022,"Actual Total Time": 23.786,"Actual Rows": 37500,"Actual Loops": 4,"Workers": []}]}]},{"Node Type": "Hash","Parent Relationship": "Inner","Parallel Aware": false,"Async Capable": false,"Startup Cost": 1.25,"Total Cost": 1.25,"Plan Rows": 25,"Plan Width": 108,"Actual Startup Time": 0.089,"Actual Total Time": 0.092,"Actual Rows": 25,"Actual Loops": 4,"Hash Buckets": 1024,"Original Hash Buckets": 1024,"Hash Batches": 1,"Original Hash Batches": 1,"Peak Memory Usage": 10,"Workers": [],"Plans": [{"Node Type": "Seq Scan","Parent Relationship": "Outer","Parallel Aware": false,"Async Capable": false,"Relation Name": "nation","Alias": "nation","Startup Cost": 0.00,"Total Cost": 1.25,"Plan Rows": 25,"Plan Width": 108,"Actual Startup Time": 0.062,"Actual Total Time": 0.067,"Actual Rows": 25,"Actual Loops": 4,"Workers": []}]}]}]}]}]},"Planning Time": 7.387,"Triggers": [],"Execution Time": 611.176}]
[{"Plan": {"Node Type": "Sort","Parallel Aware": false,"Async Capable": false,"Startup Cost": 131330.41,"Total Cost": 131472.12,"Plan Rows": 56686,"Plan Width": 280,"Actual Startup Time": 587.483,"Actual Total Time": 628.086,"Actual Rows": 37925,"Actual Loops": 1,"Sort Key": ["(sum((lineitem.l_extendedprice * ('1'::numeric - lineitem.l_discount)))) DESC"],"Sort Method": "quicksort","Sort Space Used": 9832,"Sort Space Type": "Memory","Plans": [{"Node Type": "Aggregate","Strategy": "Hashed","Partial Mode": "Simple","Parent Relationship": "Outer","Parallel Aware": false,"Async Capable": false,"Startup Cost": 126146.27,"Total Cost": 126854.85,"Plan Rows": 56686,"Plan Width": 280,"Actual Startup Time": 410.388,"Actual Total Time": 556.054,"Actual Rows": 37925,"Actual Loops": 1,"Group Key": ["customer.c_custkey", "nation.n_name"],"Planned Partitions": 0,"HashAgg Batches": 1,"Peak Memory Usage": 26129,"Disk Usage": 0,"Plans": [{"Node Type": "Gather","Parent Relationship": "Outer","Parallel Aware": false,"Async Capable": false,"Startup Cost": 6791.71,"Total Cost": 125437.70,"Plan Rows": 56686,"Plan Width": 260,"Actual Startup Time": 76.070,"Actual Total Time": 284.431,"Actual Rows": 114550,"Actual Loops": 1,"Workers Planned": 3,"Workers Launched": 3,"Single Copy": false,"Plans": [{"Node Type": "Hash Join","Parent Relationship": "Outer","Parallel Aware": false,"Async Capable": false,"Join Type": "Inner","Startup Cost": 5791.71,"Total Cost": 118769.10,"Plan Rows": 18286,"Plan Width": 260,"Actual Startup Time": 68.409,"Actual Total Time": 355.040,"Actual Rows": 28638,"Actual Loops": 4,"Inner Unique": true,"Hash Cond": "(customer.c_nationkey = nation.n_nationkey)","Workers": [],"Plans": [{"Node Type": "Hash Join","Parent Relationship": "Outer","Parallel Aware": true,"Async Capable": false,"Join Type": "Inner","Startup Cost": 5790.15,"Total Cost": 118711.40,"Plan Rows": 18286,"Plan Width": 160,"Actual Startup Time": 67.911,"Actual Total Time": 346.301,"Actual Rows": 28638,"Actual Loops": 4,"Inner Unique": true,"Hash Cond": "(orders.o_custkey = customer.c_custkey)","Workers": [],"Plans": [{"Node Type": "Nested Loop","Parent Relationship": "Outer","Parallel Aware": false,"Async Capable": false,"Join Type": "Inner","Startup Cost": 798.90,"Total Cost": 113672.15,"Plan Rows": 18286,"Plan Width": 16,"Actual Startup Time": 13.342,"Actual Total Time": 249.825,"Actual Rows": 28638,"Actual Loops": 4,"Inner Unique": false,"Workers": [],"Plans": [{"Node Type": "Bitmap Heap Scan","Parent Relationship": "Outer","Parallel Aware": true,"Async Capable": false,"Relation Name": "orders","Alias": "orders","Startup Cost": 798.47,"Total Cost": 27172.01,"Plan Rows": 18569,"Plan Width": 8,"Actual Startup Time": 13.275,"Actual Total Time": 71.340,"Actual Rows": 14284,"Actual Loops": 4,"Recheck Cond": "((o_orderdate >= '1993-08-01'::date) AND (o_orderdate < '1993-11-01 00:00:00'::timestamp without time zone))","Rows Removed by Index Recheck": 0,"Exact Heap Blocks": 3594,"Lossy Heap Blocks": 0,"Workers": [],"Plans": [{"Node Type": "Bitmap Index Scan","Parent Relationship": "Outer","Parallel Aware": false,"Async Capable": false,"Index Name": "idx_orders_orderdate","Startup Cost": 0.00,"Total Cost": 784.08,"Plan Rows": 57565,"Plan Width": 0,"Actual Startup Time": 10.135,"Actual Total Time": 10.136,"Actual Rows": 57138,"Actual Loops": 1,"Index Cond": "((o_orderdate >= '1993-08-01'::date) AND (o_orderdate < '1993-11-01 00:00:00'::timestamp without time zone))","Workers": []}]},{"Node Type": "Index Scan","Parent Relationship": "Inner","Parallel Aware": false,"Async Capable": false,"Scan Direction": "Forward","Index Name": "idx_lineitem_orderkey","Relation Name": "lineitem","Alias": "lineitem","Startup Cost": 0.43,"Total Cost": 4.62,"Plan Rows": 4,"Plan Width": 16,"Actual Startup Time": 0.010,"Actual Total Time": 0.012,"Actual Rows": 2,"Actual Loops": 57138,"Index Cond": "(l_orderkey = orders.o_orderkey)","Rows Removed by Index Recheck": 0,"Filter": "(l_returnflag = 'R'::bpchar)","Rows Removed by Filter": 2,"Workers": []}]},{"Node Type": "Hash","Parent Relationship": "Inner","Parallel Aware": true,"Async Capable": false,"Startup Cost": 4210.00,"Total Cost": 4210.00,"Plan Rows": 62500,"Plan Width": 148,"Actual Startup Time": 53.968,"Actual Total Time": 53.976,"Actual Rows": 37500,"Actual Loops": 4,"Hash Buckets": 262144,"Original Hash Buckets": 262144,"Hash Batches": 1,"Original Hash Batches": 1,"Peak Memory Usage": 29344,"Workers": [],"Plans": [{"Node Type": "Seq Scan","Parent Relationship": "Outer","Parallel Aware": true,"Async Capable": false,"Relation Name": "customer","Alias": "customer","Startup Cost": 0.00,"Total Cost": 4210.00,"Plan Rows": 62500,"Plan Width": 148,"Actual Startup Time": 0.023,"Actual Total Time": 24.403,"Actual Rows": 37500,"Actual Loops": 4,"Workers": []}]}]},{"Node Type": "Hash","Parent Relationship": "Inner","Parallel Aware": false,"Async Capable": false,"Startup Cost": 1.25,"Total Cost": 1.25,"Plan Rows": 25,"Plan Width": 108,"Actual Startup Time": 0.099,"Actual Total Time": 0.106,"Actual Rows": 25,"Actual Loops": 4,"Hash Buckets": 1024,"Original Hash Buckets": 1024,"Hash Batches": 1,"Original Hash Batches": 1,"Peak Memory Usage": 10,"Workers": [],"Plans": [{"Node Type": "Seq Scan","Parent Relationship": "Outer","Parallel Aware": false,"Async Capable": false,"Relation Name": "nation","Alias": "nation","Startup Cost": 0.00,"Total Cost": 1.25,"Plan Rows": 25,"Plan Width": 108,"Actual Startup Time": 0.062,"Actual Total Time": 0.071,"Actual Rows": 25,"Actual Loops": 4,"Workers": []}]}]}]}]}]},"Planning Time": 6.540,"Triggers": [],"Execution Time": 634.012}]
[{"Plan": {"Node Type": "Sort","Parallel Aware": false,"Async Capable": false,"Startup Cost": 128172.02,"Total Cost": 128307.83,"Plan Rows": 54323,"Plan Width": 280,"Actual Startup Time": 580.875,"Actual Total Time": 621.555,"Actual Rows": 37633,"Actual Loops": 1,"Sort Key": ["(sum((lineitem.l_extendedprice * ('1'::numeric - lineitem.l_discount)))) DESC"],"Sort Method": "quicksort","Sort Space Used": 9771,"Sort Space Type": "Memory","Plans": [{"Node Type": "Aggregate","Strategy": "Hashed","Partial Mode": "Simple","Parent Relationship": "Outer","Parallel Aware": false,"Async Capable": false,"Startup Cost": 123220.68,"Total Cost": 123899.72,"Plan Rows": 54323,"Plan Width": 280,"Actual Startup Time": 405.186,"Actual Total Time": 549.451,"Actual Rows": 37633,"Actual Loops": 1,"Group Key": ["customer.c_custkey", "nation.n_name"],"Planned Partitions": 0,"HashAgg Batches": 1,"Peak Memory Usage": 26129,"Disk Usage": 0,"Plans": [{"Node Type": "Gather","Parent Relationship": "Outer","Parallel Aware": false,"Async Capable": false,"Startup Cost": 6755.11,"Total Cost": 122541.64,"Plan Rows": 54323,"Plan Width": 260,"Actual Startup Time": 76.087,"Actual Total Time": 280.080,"Actual Rows": 112740,"Actual Loops": 1,"Workers Planned": 3,"Workers Launched": 3,"Single Copy": false,"Plans": [{"Node Type": "Hash Join","Parent Relationship": "Outer","Parallel Aware": false,"Async Capable": false,"Join Type": "Inner","Startup Cost": 5755.11,"Total Cost": 116109.34,"Plan Rows": 17524,"Plan Width": 260,"Actual Startup Time": 69.042,"Actual Total Time": 350.531,"Actual Rows": 28185,"Actual Loops": 4,"Inner Unique": true,"Hash Cond": "(customer.c_nationkey = nation.n_nationkey)","Workers": [],"Plans": [{"Node Type": "Hash Join","Parent Relationship": "Outer","Parallel Aware": true,"Async Capable": false,"Join Type": "Inner","Startup Cost": 5753.55,"Total Cost": 116053.98,"Plan Rows": 17524,"Plan Width": 160,"Actual Startup Time": 68.729,"Actual Total Time": 342.552,"Actual Rows": 28185,"Actual Loops": 4,"Inner Unique": true,"Hash Cond": "(orders.o_custkey = customer.c_custkey)","Workers": [],"Plans": [{"Node Type": "Nested Loop","Parent Relationship": "Outer","Parallel Aware": false,"Async Capable": false,"Join Type": "Inner","Startup Cost": 762.30,"Total Cost": 111016.73,"Plan Rows": 17524,"Plan Width": 16,"Actual Startup Time": 13.194,"Actual Total Time": 245.701,"Actual Rows": 28185,"Actual Loops": 4,"Inner Unique": false,"Workers": [],"Plans": [{"Node Type": "Bitmap Heap Scan","Parent Relationship": "Outer","Parallel Aware": true,"Async Capable": false,"Relation Name": "orders","Alias": "orders","Startup Cost": 761.87,"Total Cost": 27123.80,"Plan Rows": 17795,"Plan Width": 8,"Actual Startup Time": 13.139,"Actual Total Time": 70.147,"Actual Rows": 14108,"Actual Loops": 4,"Recheck Cond": "((o_orderdate >= '1993-04-01'::date) AND (o_orderdate < '1993-07-01 00:00:00'::timestamp without time zone))","Rows Removed by Index Recheck": 0,"Exact Heap Blocks": 3504,"Lossy Heap Blocks": 0,"Workers": [],"Plans": [{"Node Type": "Bitmap Index Scan","Parent Relationship": "Outer","Parallel Aware": false,"Async Capable": false,"Index Name": "idx_orders_orderdate","Startup Cost": 0.00,"Total Cost": 748.08,"Plan Rows": 55165,"Plan Width": 0,"Actual Startup Time": 10.077,"Actual Total Time": 10.080,"Actual Rows": 56434,"Actual Loops": 1,"Index Cond": "((o_orderdate >= '1993-04-01'::date) AND (o_orderdate < '1993-07-01 00:00:00'::timestamp without time zone))","Workers": []}]},{"Node Type": "Index Scan","Parent Relationship": "Inner","Parallel Aware": false,"Async Capable": false,"Scan Direction": "Forward","Index Name": "idx_lineitem_orderkey","Relation Name": "lineitem","Alias": "lineitem","Startup Cost": 0.43,"Total Cost": 4.67,"Plan Rows": 4,"Plan Width": 16,"Actual Startup Time": 0.010,"Actual Total Time": 0.012,"Actual Rows": 2,"Actual Loops": 56434,"Index Cond": "(l_orderkey = orders.o_orderkey)","Rows Removed by Index Recheck": 0,"Filter": "(l_returnflag = 'R'::bpchar)","Rows Removed by Filter": 2,"Workers": []}]},{"Node Type": "Hash","Parent Relationship": "Inner","Parallel Aware": true,"Async Capable": false,"Startup Cost": 4210.00,"Total Cost": 4210.00,"Plan Rows": 62500,"Plan Width": 148,"Actual Startup Time": 54.995,"Actual Total Time": 55.002,"Actual Rows": 37500,"Actual Loops": 4,"Hash Buckets": 262144,"Original Hash Buckets": 262144,"Hash Batches": 1,"Original Hash Batches": 1,"Peak Memory Usage": 29312,"Workers": [],"Plans": [{"Node Type": "Seq Scan","Parent Relationship": "Outer","Parallel Aware": true,"Async Capable": false,"Relation Name": "customer","Alias": "customer","Startup Cost": 0.00,"Total Cost": 4210.00,"Plan Rows": 62500,"Plan Width": 148,"Actual Startup Time": 0.020,"Actual Total Time": 23.497,"Actual Rows": 37500,"Actual Loops": 4,"Workers": []}]}]},{"Node Type": "Hash","Parent Relationship": "Inner","Parallel Aware": false,"Async Capable": false,"Startup Cost": 1.25,"Total Cost": 1.25,"Plan Rows": 25,"Plan Width": 108,"Actual Startup Time": 0.072,"Actual Total Time": 0.079,"Actual Rows": 25,"Actual Loops": 4,"Hash Buckets": 1024,"Original Hash Buckets": 1024,"Hash Batches": 1,"Original Hash Batches": 1,"Peak Memory Usage": 10,"Workers": [],"Plans": [{"Node Type": "Seq Scan","Parent Relationship": "Outer","Parallel Aware": false,"Async Capable": false,"Relation Name": "nation","Alias": "nation","Startup Cost": 0.00,"Total Cost": 1.25,"Plan Rows": 25,"Plan Width": 108,"Actual Startup Time": 0.049,"Actual Total Time": 0.055,"Actual Rows": 25,"Actual Loops": 4,"Workers": []}]}]}]}]}]},"Planning Time": 7.486,"Triggers": [],"Execution Time": 627.374}]
[{"Plan": {"Node Type": "Sort","Parallel Aware": false,"Async Capable": false,"Startup Cost": 131080.21,"Total Cost": 131221.46,"Plan Rows": 56499,"Plan Width": 280,"Actual Startup Time": 607.607,"Actual Total Time": 646.377,"Actual Rows": 37607,"Actual Loops": 1,"Sort Key": ["(sum((lineitem.l_extendedprice * ('1'::numeric - lineitem.l_discount)))) DESC"],"Sort Method": "quicksort","Sort Space Used": 9755,"Sort Space Type": "Memory","Plans": [{"Node Type": "Aggregate","Strategy": "Hashed","Partial Mode": "Simple","Parent Relationship": "Outer","Parallel Aware": false,"Async Capable": false,"Startup Cost": 125914.53,"Total Cost": 126620.77,"Plan Rows": 56499,"Plan Width": 280,"Actual Startup Time": 421.745,"Actual Total Time": 572.585,"Actual Rows": 37607,"Actual Loops": 1,"Group Key": ["customer.c_custkey", "nation.n_name"],"Planned Partitions": 0,"HashAgg Batches": 1,"Peak Memory Usage": 26129,"Disk Usage": 0,"Plans": [{"Node Type": "Gather","Parent Relationship": "Outer","Parallel Aware": false,"Async Capable": false,"Startup Cost": 6785.77,"Total Cost": 125208.29,"Plan Rows": 56499,"Plan Width": 260,"Actual Startup Time": 84.737,"Actual Total Time": 294.745,"Actual Rows": 112798,"Actual Loops": 1,"Workers Planned": 3,"Workers Launched": 3,"Single Copy": false,"Plans": [{"Node Type": "Hash Join","Parent Relationship": "Outer","Parallel Aware": false,"Async Capable": false,"Join Type": "Inner","Startup Cost": 5785.77,"Total Cost": 118558.39,"Plan Rows": 18225,"Plan Width": 260,"Actual Startup Time": 77.703,"Actual Total Time": 365.765,"Actual Rows": 28200,"Actual Loops": 4,"Inner Unique": true,"Hash Cond": "(customer.c_nationkey = nation.n_nationkey)","Workers": [],"Plans": [{"Node Type": "Hash Join","Parent Relationship": "Outer","Parallel Aware": true,"Async Capable": false,"Join Type": "Inner","Startup Cost": 5784.20,"Total Cost": 118500.88,"Plan Rows": 18225,"Plan Width": 160,"Actual Startup Time": 77.334,"Actual Total Time": 357.276,"Actual Rows": 28200,"Actual Loops": 4,"Inner Unique": true,"Hash Cond": "(orders.o_custkey = customer.c_custkey)","Workers": [],"Plans": [{"Node Type": "Nested Loop","Parent Relationship": "Outer","Parallel Aware": false,"Async Capable": false,"Join Type": "Inner","Startup Cost": 792.95,"Total Cost": 113461.79,"Plan Rows": 18225,"Plan Width": 16,"Actual Startup Time": 13.152,"Actual Total Time": 254.573,"Actual Rows": 28200,"Actual Loops": 4,"Inner Unique": false,"Workers": [],"Plans": [{"Node Type": "Bitmap Heap Scan","Parent Relationship": "Outer","Parallel Aware": true,"Async Capable": false,"Relation Name": "orders","Alias": "orders","Startup Cost": 792.52,"Total Cost": 27165.14,"Plan Rows": 18508,"Plan Width": 8,"Actual Startup Time": 13.088,"Actual Total Time": 71.143,"Actual Rows": 14087,"Actual Loops": 4,"Recheck Cond": "((o_orderdate >= '1994-01-01'::date) AND (o_orderdate < '1994-04-01 00:00:00'::timestamp without time zone))","Rows Removed by Index Recheck": 0,"Exact Heap Blocks": 3702,"Lossy Heap Blocks": 0,"Workers": [],"Plans": [{"Node Type": "Bitmap Index Scan","Parent Relationship": "Outer","Parallel Aware": false,"Async Capable": false,"Index Name": "idx_orders_orderdate","Startup Cost": 0.00,"Total Cost": 778.18,"Plan Rows": 57375,"Plan Width": 0,"Actual Startup Time": 9.927,"Actual Total Time": 9.934,"Actual Rows": 56349,"Actual Loops": 1,"Index Cond": "((o_orderdate >= '1994-01-01'::date) AND (o_orderdate < '1994-04-01 00:00:00'::timestamp without time zone))","Workers": []}]},{"Node Type": "Index Scan","Parent Relationship": "Inner","Parallel Aware": false,"Async Capable": false,"Scan Direction": "Forward","Index Name": "idx_lineitem_orderkey","Relation Name": "lineitem","Alias": "lineitem","Startup Cost": 0.43,"Total Cost": 4.62,"Plan Rows": 4,"Plan Width": 16,"Actual Startup Time": 0.011,"Actual Total Time": 0.013,"Actual Rows": 2,"Actual Loops": 56349,"Index Cond": "(l_orderkey = orders.o_orderkey)","Rows Removed by Index Recheck": 0,"Filter": "(l_returnflag = 'R'::bpchar)","Rows Removed by Filter": 2,"Workers": []}]},{"Node Type": "Hash","Parent Relationship": "Inner","Parallel Aware": true,"Async Capable": false,"Startup Cost": 4210.00,"Total Cost": 4210.00,"Plan Rows": 62500,"Plan Width": 148,"Actual Startup Time": 63.582,"Actual Total Time": 63.588,"Actual Rows": 37500,"Actual Loops": 4,"Hash Buckets": 262144,"Original Hash Buckets": 262144,"Hash Batches": 1,"Original Hash Batches": 1,"Peak Memory Usage": 29312,"Workers": [],"Plans": [{"Node Type": "Seq Scan","Parent Relationship": "Outer","Parallel Aware": true,"Async Capable": false,"Relation Name": "customer","Alias": "customer","Startup Cost": 0.00,"Total Cost": 4210.00,"Plan Rows": 62500,"Plan Width": 148,"Actual Startup Time": 0.028,"Actual Total Time": 28.690,"Actual Rows": 37500,"Actual Loops": 4,"Workers": []}]}]},{"Node Type": "Hash","Parent Relationship": "Inner","Parallel Aware": false,"Async Capable": false,"Startup Cost": 1.25,"Total Cost": 1.25,"Plan Rows": 25,"Plan Width": 108,"Actual Startup Time": 0.094,"Actual Total Time": 0.100,"Actual Rows": 25,"Actual Loops": 4,"Hash Buckets": 1024,"Original Hash Buckets": 1024,"Hash Batches": 1,"Original Hash Batches": 1,"Peak Memory Usage": 10,"Workers": [],"Plans": [{"Node Type": "Seq Scan","Parent Relationship": "Outer","Parallel Aware": false,"Async Capable": false,"Relation Name": "nation","Alias": "nation","Startup Cost": 0.00,"Total Cost": 1.25,"Plan Rows": 25,"Plan Width": 108,"Actual Startup Time": 0.060,"Actual Total Time": 0.067,"Actual Rows": 25,"Actual Loops": 4,"Workers": []}]}]}]}]}]},"Planning Time": 7.215,"Triggers": [],"Execution Time": 650.753}]
[{"Plan": {"Node Type": "Sort","Parallel Aware": false,"Async Capable": false,"Startup Cost": 128172.02,"Total Cost": 128307.83,"Plan Rows": 54323,"Plan Width": 280,"Actual Startup Time": 580.875,"Actual Total Time": 621.555,"Actual Rows": 37633,"Actual Loops": 1,"Sort Key": ["(sum((lineitem.l_extendedprice * ('1'::numeric - lineitem.l_discount)))) DESC"],"Sort Method": "quicksort","Sort Space Used": 9771,"Sort Space Type": "Memory","Plans": [{"Node Type": "Aggregate","Strategy": "Hashed","Partial Mode": "Simple","Parent Relationship": "Outer","Parallel Aware": false,"Async Capable": false,"Startup Cost": 123220.68,"Total Cost": 123899.72,"Plan Rows": 54323,"Plan Width": 280,"Actual Startup Time": 405.186,"Actual Total Time": 549.451,"Actual Rows": 37633,"Actual Loops": 1,"Group Key": ["customer.c_custkey", "nation.n_name"],"Planned Partitions": 0,"HashAgg Batches": 1,"Peak Memory Usage": 26129,"Disk Usage": 0,"Plans": [{"Node Type": "Gather","Parent Relationship": "Outer","Parallel Aware": false,"Async Capable": false,"Startup Cost": 6755.11,"Total Cost": 122541.64,"Plan Rows": 54323,"Plan Width": 260,"Actual Startup Time": 76.087,"Actual Total Time": 280.080,"Actual Rows": 112740,"Actual Loops": 1,"Workers Planned": 3,"Workers Launched": 3,"Single Copy": false,"Plans": [{"Node Type": "Hash Join","Parent Relationship": "Outer","Parallel Aware": false,"Async Capable": false,"Join Type": "Inner","Startup Cost": 5755.11,"Total Cost": 116109.34,"Plan Rows": 17524,"Plan Width": 260,"Actual Startup Time": 69.042,"Actual Total Time": 350.531,"Actual Rows": 28185,"Actual Loops": 4,"Inner Unique": true,"Hash Cond": "(customer.c_nationkey = nation.n_nationkey)","Workers": [],"Plans": [{"Node Type": "Hash Join","Parent Relationship": "Outer","Parallel Aware": true,"Async Capable": false,"Join Type": "Inner","Startup Cost": 5753.55,"Total Cost": 116053.98,"Plan Rows": 17524,"Plan Width": 160,"Actual Startup Time": 68.729,"Actual Total Time": 342.552,"Actual Rows": 28185,"Actual Loops": 4,"Inner Unique": true,"Hash Cond": "(orders.o_custkey = customer.c_custkey)","Workers": [],"Plans": [{"Node Type": "Nested Loop","Parent Relationship": "Outer","Parallel Aware": false,"Async Capable": false,"Join Type": "Inner","Startup Cost": 762.30,"Total Cost": 111016.73,"Plan Rows": 17524,"Plan Width": 16,"Actual Startup Time": 13.194,"Actual Total Time": 245.701,"Actual Rows": 28185,"Actual Loops": 4,"Inner Unique": false,"Workers": [],"Plans": [{"Node Type": "Bitmap Heap Scan","Parent Relationship": "Outer","Parallel Aware": true,"Async Capable": false,"Relation Name": "orders","Alias": "orders","Startup Cost": 761.87,"Total Cost": 27123.80,"Plan Rows": 17795,"Plan Width": 8,"Actual Startup Time": 13.139,"Actual Total Time": 70.147,"Actual Rows": 14108,"Actual Loops": 4,"Recheck Cond": "((o_orderdate >= '1993-04-01'::date) AND (o_orderdate < '1993-07-01 00:00:00'::timestamp without time zone))","Rows Removed by Index Recheck": 0,"Exact Heap Blocks": 3504,"Lossy Heap Blocks": 0,"Workers": [],"Plans": [{"Node Type": "Bitmap Index Scan","Parent Relationship": "Outer","Parallel Aware": false,"Async Capable": false,"Index Name": "idx_orders_orderdate","Startup Cost": 0.00,"Total Cost": 748.08,"Plan Rows": 55165,"Plan Width": 0,"Actual Startup Time": 10.077,"Actual Total Time": 10.080,"Actual Rows": 56434,"Actual Loops": 1,"Index Cond": "((o_orderdate >= '1993-04-01'::date) AND (o_orderdate < '1993-07-01 00:00:00'::timestamp without time zone))","Workers": []}]},{"Node Type": "Index Scan","Parent Relationship": "Inner","Parallel Aware": false,"Async Capable": false,"Scan Direction": "Forward","Index Name": "idx_lineitem_orderkey","Relation Name": "lineitem","Alias": "lineitem","Startup Cost": 0.43,"Total Cost": 4.67,"Plan Rows": 4,"Plan Width": 16,"Actual Startup Time": 0.010,"Actual Total Time": 0.012,"Actual Rows": 2,"Actual Loops": 56434,"Index Cond": "(l_orderkey = orders.o_orderkey)","Rows Removed by Index Recheck": 0,"Filter": "(l_returnflag = 'R'::bpchar)","Rows Removed by Filter": 2,"Workers": []}]},{"Node Type": "Hash","Parent Relationship": "Inner","Parallel Aware": true,"Async Capable": false,"Startup Cost": 4210.00,"Total Cost": 4210.00,"Plan Rows": 62500,"Plan Width": 148,"Actual Startup Time": 54.995,"Actual Total Time": 55.002,"Actual Rows": 37500,"Actual Loops": 4,"Hash Buckets": 262144,"Original Hash Buckets": 262144,"Hash Batches": 1,"Original Hash Batches": 1,"Peak Memory Usage": 29312,"Workers": [],"Plans": [{"Node Type": "Seq Scan","Parent Relationship": "Outer","Parallel Aware": true,"Async Capable": false,"Relation Name": "customer","Alias": "customer","Startup Cost": 0.00,"Total Cost": 4210.00,"Plan Rows": 62500,"Plan Width": 148,"Actual Startup Time": 0.020,"Actual Total Time": 23.497,"Actual Rows": 37500,"Actual Loops": 4,"Workers": []}]}]},{"Node Type": "Hash","Parent Relationship": "Inner","Parallel Aware": false,"Async Capable": false,"Startup Cost": 1.25,"Total Cost": 1.25,"Plan Rows": 25,"Plan Width": 108,"Actual Startup Time": 0.072,"Actual Total Time": 0.079,"Actual Rows": 25,"Actual Loops": 4,"Hash Buckets": 1024,"Original Hash Buckets": 1024,"Hash Batches": 1,"Original Hash Batches": 1,"Peak Memory Usage": 10,"Workers": [],"Plans": [{"Node Type": "Seq Scan","Parent Relationship": "Outer","Parallel Aware": false,"Async Capable": false,"Relation Name": "nation","Alias": "nation","Startup Cost": 0.00,"Total Cost": 1.25,"Plan Rows": 25,"Plan Width": 108,"Actual Startup Time": 0.049,"Actual Total Time": 0.055,"Actual Rows": 25,"Actual Loops": 4,"Workers": []}]}]}]}]}]},"Planning Time": 7.486,"Triggers": [],"Execution Time": 627.374}]
[{"Plan": {"Node Type": "Sort","Parallel Aware": false,"Async Capable": false,"Startup Cost": 132006.18,"Total Cost": 132149.16,"Plan Rows": 57194,"Plan Width": 280,"Actual Startup Time": 619.069,"Actual Total Time": 657.587,"Actual Rows": 38097,"Actual Loops": 1,"Sort Key": ["(sum((lineitem.l_extendedprice * ('1'::numeric - lineitem.l_discount)))) DESC"],"Sort Method": "quicksort","Sort Space Used": 9867,"Sort Space Type": "Memory","Plans": [{"Node Type": "Aggregate","Strategy": "Hashed","Partial Mode": "Simple","Parent Relationship": "Outer","Parallel Aware": false,"Async Capable": false,"Startup Cost": 126771.91,"Total Cost": 127486.83,"Plan Rows": 57194,"Plan Width": 280,"Actual Startup Time": 426.706,"Actual Total Time": 585.981,"Actual Rows": 38097,"Actual Loops": 1,"Group Key": ["customer.c_custkey", "nation.n_name"],"Planned Partitions": 0,"HashAgg Batches": 1,"Peak Memory Usage": 26129,"Disk Usage": 0,"Plans": [{"Node Type": "Gather","Parent Relationship": "Outer","Parallel Aware": false,"Async Capable": false,"Startup Cost": 6797.00,"Total Cost": 126056.98,"Plan Rows": 57194,"Plan Width": 260,"Actual Startup Time": 85.005,"Actual Total Time": 294.440,"Actual Rows": 114700,"Actual Loops": 1,"Workers Planned": 3,"Workers Launched": 3,"Single Copy": false,"Plans": [{"Node Type": "Hash Join","Parent Relationship": "Outer","Parallel Aware": false,"Async Capable": false,"Join Type": "Inner","Startup Cost": 5797.00,"Total Cost": 119337.58,"Plan Rows": 18450,"Plan Width": 260,"Actual Startup Time": 77.864,"Actual Total Time": 370.283,"Actual Rows": 28675,"Actual Loops": 4,"Inner Unique": true,"Hash Cond": "(customer.c_nationkey = nation.n_nationkey)","Workers": [],"Plans": [{"Node Type": "Hash Join","Parent Relationship": "Outer","Parallel Aware": true,"Async Capable": false,"Join Type": "Inner","Startup Cost": 5795.44,"Total Cost": 119279.38,"Plan Rows": 18450,"Plan Width": 160,"Actual Startup Time": 77.458,"Actual Total Time": 360.463,"Actual Rows": 28675,"Actual Loops": 4,"Inner Unique": true,"Hash Cond": "(orders.o_custkey = customer.c_custkey)","Workers": [],"Plans": [{"Node Type": "Nested Loop","Parent Relationship": "Outer","Parallel Aware": false,"Async Capable": false,"Join Type": "Inner","Startup Cost": 804.19,"Total Cost": 114239.70,"Plan Rows": 18450,"Plan Width": 16,"Actual Startup Time": 13.282,"Actual Total Time": 254.673,"Actual Rows": 28675,"Actual Loops": 4,"Inner Unique": false,"Workers": [],"Plans": [{"Node Type": "Bitmap Heap Scan","Parent Relationship": "Outer","Parallel Aware": true,"Async Capable": false,"Relation Name": "orders","Alias": "orders","Startup Cost": 803.76,"Total Cost": 27179.79,"Plan Rows": 18736,"Plan Width": 8,"Actual Startup Time": 13.232,"Actual Total Time": 71.774,"Actual Rows": 14328,"Actual Loops": 4,"Recheck Cond": "((o_orderdate >= '1994-05-01'::date) AND (o_orderdate < '1994-08-01 00:00:00'::timestamp without time zone))","Rows Removed by Index Recheck": 0,"Exact Heap Blocks": 3671,"Lossy Heap Blocks": 0,"Workers": [],"Plans": [{"Node Type": "Bitmap Index Scan","Parent Relationship": "Outer","Parallel Aware": false,"Async Capable": false,"Index Name": "idx_orders_orderdate","Startup Cost": 0.00,"Total Cost": 789.24,"Plan Rows": 58081,"Plan Width": 0,"Actual Startup Time": 10.132,"Actual Total Time": 10.140,"Actual Rows": 57311,"Actual Loops": 1,"Index Cond": "((o_orderdate >= '1994-05-01'::date) AND (o_orderdate < '1994-08-01 00:00:00'::timestamp without time zone))","Workers": []}]},{"Node Type": "Index Scan","Parent Relationship": "Inner","Parallel Aware": false,"Async Capable": false,"Scan Direction": "Forward","Index Name": "idx_lineitem_orderkey","Relation Name": "lineitem","Alias": "lineitem","Startup Cost": 0.43,"Total Cost": 4.61,"Plan Rows": 4,"Plan Width": 16,"Actual Startup Time": 0.010,"Actual Total Time": 0.012,"Actual Rows": 2,"Actual Loops": 57311,"Index Cond": "(l_orderkey = orders.o_orderkey)","Rows Removed by Index Recheck": 0,"Filter": "(l_returnflag = 'R'::bpchar)","Rows Removed by Filter": 2,"Workers": []}]},{"Node Type": "Hash","Parent Relationship": "Inner","Parallel Aware": true,"Async Capable": false,"Startup Cost": 4210.00,"Total Cost": 4210.00,"Plan Rows": 62500,"Plan Width": 148,"Actual Startup Time": 63.588,"Actual Total Time": 63.595,"Actual Rows": 37500,"Actual Loops": 4,"Hash Buckets": 262144,"Original Hash Buckets": 262144,"Hash Batches": 1,"Original Hash Batches": 1,"Peak Memory Usage": 29312,"Workers": [],"Plans": [{"Node Type": "Seq Scan","Parent Relationship": "Outer","Parallel Aware": true,"Async Capable": false,"Relation Name": "customer","Alias": "customer","Startup Cost": 0.00,"Total Cost": 4210.00,"Plan Rows": 62500,"Plan Width": 148,"Actual Startup Time": 0.027,"Actual Total Time": 28.105,"Actual Rows": 37500,"Actual Loops": 4,"Workers": []}]}]},{"Node Type": "Hash","Parent Relationship": "Inner","Parallel Aware": false,"Async Capable": false,"Startup Cost": 1.25,"Total Cost": 1.25,"Plan Rows": 25,"Plan Width": 108,"Actual Startup Time": 0.090,"Actual Total Time": 0.096,"Actual Rows": 25,"Actual Loops": 4,"Hash Buckets": 1024,"Original Hash Buckets": 1024,"Hash Batches": 1,"Original Hash Batches": 1,"Peak Memory Usage": 10,"Workers": [],"Plans": [{"Node Type": "Seq Scan","Parent Relationship": "Outer","Parallel Aware": false,"Async Capable": false,"Relation Name": "nation","Alias": "nation","Startup Cost": 0.00,"Total Cost": 1.25,"Plan Rows": 25,"Plan Width": 108,"Actual Startup Time": 0.060,"Actual Total Time": 0.066,"Actual Rows": 25,"Actual Loops": 4,"Workers": []}]}]}]}]}]},"Planning Time": 6.734,"Triggers": [],"Execution Time": 661.786}]
[{"Plan": {"Node Type": "Sort","Parallel Aware": false,"Async Capable": false,"Startup Cost": 129819.00,"Total Cost": 129957.88,"Plan Rows": 55552,"Plan Width": 280,"Actual Startup Time": 608.281,"Actual Total Time": 648.391,"Actual Rows": 37948,"Actual Loops": 1,"Sort Key": ["(sum((lineitem.l_extendedprice * ('1'::numeric - lineitem.l_discount)))) DESC"],"Sort Method": "quicksort","Sort Space Used": 9840,"Sort Space Type": "Memory","Plans": [{"Node Type": "Aggregate","Strategy": "Hashed","Partial Mode": "Simple","Parent Relationship": "Outer","Parallel Aware": false,"Async Capable": false,"Startup Cost": 124746.67,"Total Cost": 125441.07,"Plan Rows": 55552,"Plan Width": 280,"Actual Startup Time": 419.818,"Actual Total Time": 574.956,"Actual Rows": 37948,"Actual Loops": 1,"Group Key": ["customer.c_custkey", "nation.n_name"],"Planned Partitions": 0,"HashAgg Batches": 1,"Peak Memory Usage": 26129,"Disk Usage": 0,"Plans": [{"Node Type": "Gather","Parent Relationship": "Outer","Parallel Aware": false,"Async Capable": false,"Startup Cost": 6771.91,"Total Cost": 124052.27,"Plan Rows": 55552,"Plan Width": 260,"Actual Startup Time": 82.501,"Actual Total Time": 287.884,"Actual Rows": 114775,"Actual Loops": 1,"Workers Planned": 3,"Workers Launched": 3,"Single Copy": false,"Plans": [{"Node Type": "Hash Join","Parent Relationship": "Outer","Parallel Aware": false,"Async Capable": false,"Join Type": "Inner","Startup Cost": 5771.91,"Total Cost": 117497.07,"Plan Rows": 17920,"Plan Width": 260,"Actual Startup Time": 75.276,"Actual Total Time": 362.951,"Actual Rows": 28694,"Actual Loops": 4,"Inner Unique": true,"Hash Cond": "(customer.c_nationkey = nation.n_nationkey)","Workers": [],"Plans": [{"Node Type": "Hash Join","Parent Relationship": "Outer","Parallel Aware": true,"Async Capable": false,"Join Type": "Inner","Startup Cost": 5770.34,"Total Cost": 117440.49,"Plan Rows": 17920,"Plan Width": 160,"Actual Startup Time": 74.883,"Actual Total Time": 354.260,"Actual Rows": 28694,"Actual Loops": 4,"Inner Unique": true,"Hash Cond": "(orders.o_custkey = customer.c_custkey)","Workers": [],"Plans": [{"Node Type": "Nested Loop","Parent Relationship": "Outer","Parallel Aware": false,"Async Capable": false,"Join Type": "Inner","Startup Cost": 779.09,"Total Cost": 112402.20,"Plan Rows": 17920,"Plan Width": 16,"Actual Startup Time": 13.340,"Actual Total Time": 252.834,"Actual Rows": 28694,"Actual Loops": 4,"Inner Unique": false,"Workers": [],"Plans": [{"Node Type": "Bitmap Heap Scan","Parent Relationship": "Outer","Parallel Aware": true,"Async Capable": false,"Relation Name": "orders","Alias": "orders","Startup Cost": 778.66,"Total Cost": 27146.63,"Plan Rows": 18198,"Plan Width": 8,"Actual Startup Time": 13.279,"Actual Total Time": 70.699,"Actual Rows": 14304,"Actual Loops": 4,"Recheck Cond": "((o_orderdate >= '1993-07-01'::date) AND (o_orderdate < '1993-10-01 00:00:00'::timestamp without time zone))","Rows Removed by Index Recheck": 0,"Exact Heap Blocks": 3636,"Lossy Heap Blocks": 0,"Workers": [],"Plans": [{"Node Type": "Bitmap Index Scan","Parent Relationship": "Outer","Parallel Aware": false,"Async Capable": false,"Index Name": "idx_orders_orderdate","Startup Cost": 0.00,"Total Cost": 764.56,"Plan Rows": 56413,"Plan Width": 0,"Actual Startup Time": 10.131,"Actual Total Time": 10.133,"Actual Rows": 57218,"Actual Loops": 1,"Index Cond": "((o_orderdate >= '1993-07-01'::date) AND (o_orderdate < '1993-10-01 00:00:00'::timestamp without time zone))","Workers": []}]},{"Node Type": "Index Scan","Parent Relationship": "Inner","Parallel Aware": false,"Async Capable": false,"Scan Direction": "Forward","Index Name": "idx_lineitem_orderkey","Relation Name": "lineitem","Alias": "lineitem","Startup Cost": 0.43,"Total Cost": 4.64,"Plan Rows": 4,"Plan Width": 16,"Actual Startup Time": 0.010,"Actual Total Time": 0.012,"Actual Rows": 2,"Actual Loops": 57218,"Index Cond": "(l_orderkey = orders.o_orderkey)","Rows Removed by Index Recheck": 0,"Filter": "(l_returnflag = 'R'::bpchar)","Rows Removed by Filter": 2,"Workers": []}]},{"Node Type": "Hash","Parent Relationship": "Inner","Parallel Aware": true,"Async Capable": false,"Startup Cost": 4210.00,"Total Cost": 4210.00,"Plan Rows": 62500,"Plan Width": 148,"Actual Startup Time": 60.976,"Actual Total Time": 60.983,"Actual Rows": 37500,"Actual Loops": 4,"Hash Buckets": 262144,"Original Hash Buckets": 262144,"Hash Batches": 1,"Original Hash Batches": 1,"Peak Memory Usage": 29344,"Workers": [],"Plans": [{"Node Type": "Seq Scan","Parent Relationship": "Outer","Parallel Aware": true,"Async Capable": false,"Relation Name": "customer","Alias": "customer","Startup Cost": 0.00,"Total Cost": 4210.00,"Plan Rows": 62500,"Plan Width": 148,"Actual Startup Time": 0.026,"Actual Total Time": 27.898,"Actual Rows": 37500,"Actual Loops": 4,"Workers": []}]}]},{"Node Type": "Hash","Parent Relationship": "Inner","Parallel Aware": false,"Async Capable": false,"Startup Cost": 1.25,"Total Cost": 1.25,"Plan Rows": 25,"Plan Width": 108,"Actual Startup Time": 0.100,"Actual Total Time": 0.105,"Actual Rows": 25,"Actual Loops": 4,"Hash Buckets": 1024,"Original Hash Buckets": 1024,"Hash Batches": 1,"Original Hash Batches": 1,"Peak Memory Usage": 10,"Workers": [],"Plans": [{"Node Type": "Seq Scan","Parent Relationship": "Outer","Parallel Aware": false,"Async Capable": false,"Relation Name": "nation","Alias": "nation","Startup Cost": 0.00,"Total Cost": 1.25,"Plan Rows": 25,"Plan Width": 108,"Actual Startup Time": 0.065,"Actual Total Time": 0.072,"Actual Rows": 25,"Actual Loops": 4,"Workers": []}]}]}]}]}]},"Planning Time": 6.175,"Triggers": [],"Execution Time": 652.968}]
[{"Plan": {"Node Type": "Sort","Parallel Aware": false,"Async Capable": false,"Startup Cost": 130909.78,"Total Cost": 131050.70,"Plan Rows": 56371,"Plan Width": 280,"Actual Startup Time": 586.743,"Actual Total Time": 630.152,"Actual Rows": 38263,"Actual Loops": 1,"Sort Key": ["(sum((lineitem.l_extendedprice * ('1'::numeric - lineitem.l_discount)))) DESC"],"Sort Method": "quicksort","Sort Space Used": 9899,"Sort Space Type": "Memory","Plans": [{"Node Type": "Aggregate","Strategy": "Hashed","Partial Mode": "Simple","Parent Relationship": "Outer","Parallel Aware": false,"Async Capable": false,"Startup Cost": 125756.71,"Total Cost": 126461.35,"Plan Rows": 56371,"Plan Width": 280,"Actual Startup Time": 417.199,"Actual Total Time": 554.225,"Actual Rows": 38263,"Actual Loops": 1,"Group Key": ["customer.c_custkey", "nation.n_name"],"Planned Partitions": 0,"HashAgg Batches": 1,"Peak Memory Usage": 26129,"Disk Usage": 0,"Plans": [{"Node Type": "Gather","Parent Relationship": "Outer","Parallel Aware": false,"Async Capable": false,"Startup Cost": 6784.43,"Total Cost": 125052.08,"Plan Rows": 56371,"Plan Width": 260,"Actual Startup Time": 75.828,"Actual Total Time": 292.854,"Actual Rows": 114665,"Actual Loops": 1,"Workers Planned": 3,"Workers Launched": 3,"Single Copy": false,"Plans": [{"Node Type": "Hash Join","Parent Relationship": "Outer","Parallel Aware": false,"Async Capable": false,"Join Type": "Inner","Startup Cost": 5784.43,"Total Cost": 118414.98,"Plan Rows": 18184,"Plan Width": 260,"Actual Startup Time": 68.693,"Actual Total Time": 360.677,"Actual Rows": 28666,"Actual Loops": 4,"Inner Unique": true,"Hash Cond": "(customer.c_nationkey = nation.n_nationkey)","Workers": [],"Plans": [{"Node Type": "Hash Join","Parent Relationship": "Outer","Parallel Aware": true,"Async Capable": false,"Join Type": "Inner","Startup Cost": 5782.87,"Total Cost": 118357.59,"Plan Rows": 18184,"Plan Width": 160,"Actual Startup Time": 68.338,"Actual Total Time": 351.919,"Actual Rows": 28666,"Actual Loops": 4,"Inner Unique": true,"Hash Cond": "(orders.o_custkey = customer.c_custkey)","Workers": [],"Plans": [{"Node Type": "Nested Loop","Parent Relationship": "Outer","Parallel Aware": false,"Async Capable": false,"Join Type": "Inner","Startup Cost": 791.62,"Total Cost": 113318.61,"Plan Rows": 18184,"Plan Width": 16,"Actual Startup Time": 13.513,"Actual Total Time": 254.371,"Actual Rows": 28666,"Actual Loops": 4,"Inner Unique": false,"Workers": [],"Plans": [{"Node Type": "Bitmap Heap Scan","Parent Relationship": "Outer","Parallel Aware": true,"Async Capable": false,"Relation Name": "orders","Alias": "orders","Startup Cost": 791.19,"Total Cost": 27163.18,"Plan Rows": 18466,"Plan Width": 8,"Actual Startup Time": 13.445,"Actual Total Time": 71.425,"Actual Rows": 14346,"Actual Loops": 4,"Recheck Cond": "((o_orderdate >= '1994-07-01'::date) AND (o_orderdate < '1994-10-01 00:00:00'::timestamp without time zone))","Rows Removed by Index Recheck": 0,"Exact Heap Blocks": 3489,"Lossy Heap Blocks": 0,"Workers": [],"Plans": [{"Node Type": "Bitmap Index Scan","Parent Relationship": "Outer","Parallel Aware": false,"Async Capable": false,"Index Name": "idx_orders_orderdate","Startup Cost": 0.00,"Total Cost": 776.88,"Plan Rows": 57245,"Plan Width": 0,"Actual Startup Time": 10.310,"Actual Total Time": 10.312,"Actual Rows": 57384,"Actual Loops": 1,"Index Cond": "((o_orderdate >= '1994-07-01'::date) AND (o_orderdate < '1994-10-01 00:00:00'::timestamp without time zone))","Workers": []}]},{"Node Type": "Index Scan","Parent Relationship": "Inner","Parallel Aware": false,"Async Capable": false,"Scan Direction": "Forward","Index Name": "idx_lineitem_orderkey","Relation Name": "lineitem","Alias": "lineitem","Startup Cost": 0.43,"Total Cost": 4.63,"Plan Rows": 4,"Plan Width": 16,"Actual Startup Time": 0.010,"Actual Total Time": 0.012,"Actual Rows": 2,"Actual Loops": 57384,"Index Cond": "(l_orderkey = orders.o_orderkey)","Rows Removed by Index Recheck": 0,"Filter": "(l_returnflag = 'R'::bpchar)","Rows Removed by Filter": 2,"Workers": []}]},{"Node Type": "Hash","Parent Relationship": "Inner","Parallel Aware": true,"Async Capable": false,"Startup Cost": 4210.00,"Total Cost": 4210.00,"Plan Rows": 62500,"Plan Width": 148,"Actual Startup Time": 54.206,"Actual Total Time": 54.213,"Actual Rows": 37500,"Actual Loops": 4,"Hash Buckets": 262144,"Original Hash Buckets": 262144,"Hash Batches": 1,"Original Hash Batches": 1,"Peak Memory Usage": 29312,"Workers": [],"Plans": [{"Node Type": "Seq Scan","Parent Relationship": "Outer","Parallel Aware": true,"Async Capable": false,"Relation Name": "customer","Alias": "customer","Startup Cost": 0.00,"Total Cost": 4210.00,"Plan Rows": 62500,"Plan Width": 148,"Actual Startup Time": 0.020,"Actual Total Time": 23.974,"Actual Rows": 37500,"Actual Loops": 4,"Workers": []}]}]},{"Node Type": "Hash","Parent Relationship": "Inner","Parallel Aware": false,"Async Capable": false,"Startup Cost": 1.25,"Total Cost": 1.25,"Plan Rows": 25,"Plan Width": 108,"Actual Startup Time": 0.080,"Actual Total Time": 0.085,"Actual Rows": 25,"Actual Loops": 4,"Hash Buckets": 1024,"Original Hash Buckets": 1024,"Hash Batches": 1,"Original Hash Batches": 1,"Peak Memory Usage": 10,"Workers": [],"Plans": [{"Node Type": "Seq Scan","Parent Relationship": "Outer","Parallel Aware": false,"Async Capable": false,"Relation Name": "nation","Alias": "nation","Startup Cost": 0.00,"Total Cost": 1.25,"Plan Rows": 25,"Plan Width": 108,"Actual Startup Time": 0.053,"Actual Total Time": 0.059,"Actual Rows": 25,"Actual Loops": 4,"Workers": []}]}]}]}]}]},"Planning Time": 7.471,"Triggers": [],"Execution Time": 636.412}]
[{"Plan": {"Node Type": "Sort","Parallel Aware": false,"Async Capable": false,"Startup Cost": 127549.79,"Total Cost": 127684.44,"Plan Rows": 53858,"Plan Width": 280,"Actual Startup Time": 605.399,"Actual Total Time": 645.666,"Actual Rows": 37880,"Actual Loops": 1,"Sort Key": ["(sum((lineitem.l_extendedprice * ('1'::numeric - lineitem.l_discount)))) DESC"],"Sort Method": "quicksort","Sort Space Used": 9830,"Sort Space Type": "Memory","Plans": [{"Node Type": "Aggregate","Strategy": "Hashed","Partial Mode": "Simple","Parent Relationship": "Outer","Parallel Aware": false,"Async Capable": false,"Startup Cost": 122644.17,"Total Cost": 123317.39,"Plan Rows": 53858,"Plan Width": 280,"Actual Startup Time": 424.771,"Actual Total Time": 574.608,"Actual Rows": 37880,"Actual Loops": 1,"Group Key": ["customer.c_custkey", "nation.n_name"],"Planned Partitions": 0,"HashAgg Batches": 1,"Peak Memory Usage": 26129,"Disk Usage": 0,"Plans": [{"Node Type": "Gather","Parent Relationship": "Outer","Parallel Aware": false,"Async Capable": false,"Startup Cost": 6750.28,"Total Cost": 121970.94,"Plan Rows": 53858,"Plan Width": 260,"Actual Startup Time": 85.178,"Actual Total Time": 295.165,"Actual Rows": 114508,"Actual Loops": 1,"Workers Planned": 3,"Workers Launched": 3,"Single Copy": false,"Plans": [{"Node Type": "Hash Join","Parent Relationship": "Outer","Parallel Aware": false,"Async Capable": false,"Join Type": "Inner","Startup Cost": 5750.28,"Total Cost": 115585.14,"Plan Rows": 17374,"Plan Width": 260,"Actual Startup Time": 78.100,"Actual Total Time": 368.715,"Actual Rows": 28627,"Actual Loops": 4,"Inner Unique": true,"Hash Cond": "(customer.c_nationkey = nation.n_nationkey)","Workers": [],"Plans": [{"Node Type": "Hash Join","Parent Relationship": "Outer","Parallel Aware": true,"Async Capable": false,"Join Type": "Inner","Startup Cost": 5748.71,"Total Cost": 115530.24,"Plan Rows": 17374,"Plan Width": 160,"Actual Startup Time": 77.678,"Actual Total Time": 360.085,"Actual Rows": 28627,"Actual Loops": 4,"Inner Unique": true,"Hash Cond": "(orders.o_custkey = customer.c_custkey)","Workers": [],"Plans": [{"Node Type": "Nested Loop","Parent Relationship": "Outer","Parallel Aware": false,"Async Capable": false,"Join Type": "Inner","Startup Cost": 757.46,"Total Cost": 110493.39,"Plan Rows": 17374,"Plan Width": 16,"Actual Startup Time": 13.130,"Actual Total Time": 256.172,"Actual Rows": 28627,"Actual Loops": 4,"Inner Unique": false,"Workers": [],"Plans": [{"Node Type": "Bitmap Heap Scan","Parent Relationship": "Outer","Parallel Aware": true,"Async Capable": false,"Relation Name": "orders","Alias": "orders","Startup Cost": 757.03,"Total Cost": 27116.67,"Plan Rows": 17643,"Plan Width": 8,"Actual Startup Time": 13.063,"Actual Total Time": 71.665,"Actual Rows": 14273,"Actual Loops": 4,"Recheck Cond": "((o_orderdate >= '1993-05-01'::date) AND (o_orderdate < '1993-08-01 00:00:00'::timestamp without time zone))","Rows Removed by Index Recheck": 0,"Exact Heap Blocks": 3695,"Lossy Heap Blocks": 0,"Workers": [],"Plans": [{"Node Type": "Bitmap Index Scan","Parent Relationship": "Outer","Parallel Aware": false,"Async Capable": false,"Index Name": "idx_orders_orderdate","Startup Cost": 0.00,"Total Cost": 743.36,"Plan Rows": 54693,"Plan Width": 0,"Actual Startup Time": 9.957,"Actual Total Time": 9.964,"Actual Rows": 57093,"Actual Loops": 1,"Index Cond": "((o_orderdate >= '1993-05-01'::date) AND (o_orderdate < '1993-08-01 00:00:00'::timestamp without time zone))","Workers": []}]},{"Node Type": "Index Scan","Parent Relationship": "Inner","Parallel Aware": false,"Async Capable": false,"Scan Direction": "Forward","Index Name": "idx_lineitem_orderkey","Relation Name": "lineitem","Alias": "lineitem","Startup Cost": 0.43,"Total Cost": 4.69,"Plan Rows": 4,"Plan Width": 16,"Actual Startup Time": 0.011,"Actual Total Time": 0.013,"Actual Rows": 2,"Actual Loops": 57093,"Index Cond": "(l_orderkey = orders.o_orderkey)","Rows Removed by Index Recheck": 0,"Filter": "(l_returnflag = 'R'::bpchar)","Rows Removed by Filter": 2,"Workers": []}]},{"Node Type": "Hash","Parent Relationship": "Inner","Parallel Aware": true,"Async Capable": false,"Startup Cost": 4210.00,"Total Cost": 4210.00,"Plan Rows": 62500,"Plan Width": 148,"Actual Startup Time": 63.988,"Actual Total Time": 63.994,"Actual Rows": 37500,"Actual Loops": 4,"Hash Buckets": 262144,"Original Hash Buckets": 262144,"Hash Batches": 1,"Original Hash Batches": 1,"Peak Memory Usage": 29344,"Workers": [],"Plans": [{"Node Type": "Seq Scan","Parent Relationship": "Outer","Parallel Aware": true,"Async Capable": false,"Relation Name": "customer","Alias": "customer","Startup Cost": 0.00,"Total Cost": 4210.00,"Plan Rows": 62500,"Plan Width": 148,"Actual Startup Time": 0.034,"Actual Total Time": 28.777,"Actual Rows": 37500,"Actual Loops": 4,"Workers": []}]}]},{"Node Type": "Hash","Parent Relationship": "Inner","Parallel Aware": false,"Async Capable": false,"Startup Cost": 1.25,"Total Cost": 1.25,"Plan Rows": 25,"Plan Width": 108,"Actual Startup Time": 0.078,"Actual Total Time": 0.083,"Actual Rows": 25,"Actual Loops": 4,"Hash Buckets": 1024,"Original Hash Buckets": 1024,"Hash Batches": 1,"Original Hash Batches": 1,"Peak Memory Usage": 10,"Workers": [],"Plans": [{"Node Type": "Seq Scan","Parent Relationship": "Outer","Parallel Aware": false,"Async Capable": false,"Relation Name": "nation","Alias": "nation","Startup Cost": 0.00,"Total Cost": 1.25,"Plan Rows": 25,"Plan Width": 108,"Actual Startup Time": 0.048,"Actual Total Time": 0.055,"Actual Rows": 25,"Actual Loops": 4,"Workers": []}]}]}]}]}]},"Planning Time": 7.141,"Triggers": [],"Execution Time": 649.992}]
[{"Plan": {"Node Type": "Sort","Parallel Aware": false,"Async Capable": false,"Startup Cost": 128992.79,"Total Cost": 129130.12,"Plan Rows": 54934,"Plan Width": 280,"Actual Startup Time": 576.704,"Actual Total Time": 617.888,"Actual Rows": 37047,"Actual Loops": 1,"Sort Key": ["(sum((lineitem.l_extendedprice * ('1'::numeric - lineitem.l_discount)))) DESC"],"Sort Method": "quicksort","Sort Space Used": 9638,"Sort Space Type": "Memory","Plans": [{"Node Type": "Aggregate","Strategy": "Hashed","Partial Mode": "Simple","Parent Relationship": "Outer","Parallel Aware": false,"Async Capable": false,"Startup Cost": 123981.32,"Total Cost": 124668.00,"Plan Rows": 54934,"Plan Width": 280,"Actual Startup Time": 405.696,"Actual Total Time": 547.631,"Actual Rows": 37047,"Actual Loops": 1,"Group Key": ["customer.c_custkey", "nation.n_name"],"Planned Partitions": 0,"HashAgg Batches": 1,"Peak Memory Usage": 26129,"Disk Usage": 0,"Plans": [{"Node Type": "Gather","Parent Relationship": "Outer","Parallel Aware": false,"Async Capable": false,"Startup Cost": 6765.48,"Total Cost": 123294.65,"Plan Rows": 54934,"Plan Width": 260,"Actual Startup Time": 77.101,"Actual Total Time": 288.603,"Actual Rows": 110515,"Actual Loops": 1,"Workers Planned": 3,"Workers Launched": 3,"Single Copy": false,"Plans": [{"Node Type": "Hash Join","Parent Relationship": "Outer","Parallel Aware": false,"Async Capable": false,"Join Type": "Inner","Startup Cost": 5765.48,"Total Cost": 116801.25,"Plan Rows": 17721,"Plan Width": 260,"Actual Startup Time": 69.802,"Actual Total Time": 351.295,"Actual Rows": 27629,"Actual Loops": 4,"Inner Unique": true,"Hash Cond": "(customer.c_nationkey = nation.n_nationkey)","Workers": [],"Plans": [{"Node Type": "Nested Loop","Parent Relationship": "Outer","Parallel Aware": false,"Async Capable": false,"Join Type": "Inner","Startup Cost": 5763.92,"Total Cost": 116745.28,"Plan Rows": 17721,"Plan Width": 160,"Actual Startup Time": 69.448,"Actual Total Time": 342.448,"Actual Rows": 27629,"Actual Loops": 4,"Inner Unique": false,"Workers": [],"Plans": [{"Node Type": "Hash Join","Parent Relationship": "Outer","Parallel Aware": true,"Async Capable": false,"Join Type": "Inner","Startup Cost": 5763.48,"Total Cost": 32175.66,"Plan Rows": 17995,"Plan Width": 152,"Actual Startup Time": 69.393,"Actual Total Time": 167.356,"Actual Rows": 13816,"Actual Loops": 4,"Inner Unique": true,"Hash Cond": "(orders.o_custkey = customer.c_custkey)","Workers": [],"Plans": [{"Node Type": "Bitmap Heap Scan","Parent Relationship": "Outer","Parallel Aware": true,"Async Capable": false,"Relation Name": "orders","Alias": "orders","Startup Cost": 772.23,"Total Cost": 27137.17,"Plan Rows": 17996,"Plan Width": 8,"Actual Startup Time": 13.220,"Actual Total Time": 67.142,"Actual Rows": 13816,"Actual Loops": 4,"Recheck Cond": "((o_orderdate >= '1993-02-01'::date) AND (o_orderdate < '1993-05-01 00:00:00'::timestamp without time zone))","Rows Removed by Index Recheck": 0,"Exact Heap Blocks": 3458,"Lossy Heap Blocks": 0,"Workers": [],"Plans": [{"Node Type": "Bitmap Index Scan","Parent Relationship": "Outer","Parallel Aware": false,"Async Capable": false,"Index Name": "idx_orders_orderdate","Startup Cost": 0.00,"Total Cost": 758.29,"Plan Rows": 55786,"Plan Width": 0,"Actual Startup Time": 10.104,"Actual Total Time": 10.109,"Actual Rows": 55266,"Actual Loops": 1,"Index Cond": "((o_orderdate >= '1993-02-01'::date) AND (o_orderdate < '1993-05-01 00:00:00'::timestamp without time zone))","Workers": []}]},{"Node Type": "Hash","Parent Relationship": "Inner","Parallel Aware": true,"Async Capable": false,"Startup Cost": 4210.00,"Total Cost": 4210.00,"Plan Rows": 62500,"Plan Width": 148,"Actual Startup Time": 55.605,"Actual Total Time": 55.613,"Actual Rows": 37500,"Actual Loops": 4,"Hash Buckets": 262144,"Original Hash Buckets": 262144,"Hash Batches": 1,"Original Hash Batches": 1,"Peak Memory Usage": 29312,"Workers": [],"Plans": [{"Node Type": "Seq Scan","Parent Relationship": "Outer","Parallel Aware": true,"Async Capable": false,"Relation Name": "customer","Alias": "customer","Startup Cost": 0.00,"Total Cost": 4210.00,"Plan Rows": 62500,"Plan Width": 148,"Actual Startup Time": 0.022,"Actual Total Time": 25.460,"Actual Rows": 37500,"Actual Loops": 4,"Workers": []}]}]},{"Node Type": "Index Scan","Parent Relationship": "Inner","Parallel Aware": false,"Async Capable": false,"Scan Direction": "Forward","Index Name": "idx_lineitem_orderkey","Relation Name": "lineitem","Alias": "lineitem","Startup Cost": 0.43,"Total Cost": 4.66,"Plan Rows": 4,"Plan Width": 16,"Actual Startup Time": 0.010,"Actual Total Time": 0.012,"Actual Rows": 2,"Actual Loops": 55266,"Index Cond": "(l_orderkey = orders.o_orderkey)","Rows Removed by Index Recheck": 0,"Filter": "(l_returnflag = 'R'::bpchar)","Rows Removed by Filter": 2,"Workers": []}]},{"Node Type": "Hash","Parent Relationship": "Inner","Parallel Aware": false,"Async Capable": false,"Startup Cost": 1.25,"Total Cost": 1.25,"Plan Rows": 25,"Plan Width": 108,"Actual Startup Time": 0.078,"Actual Total Time": 0.083,"Actual Rows": 25,"Actual Loops": 4,"Hash Buckets": 1024,"Original Hash Buckets": 1024,"Hash Batches": 1,"Original Hash Batches": 1,"Peak Memory Usage": 10,"Workers": [],"Plans": [{"Node Type": "Seq Scan","Parent Relationship": "Outer","Parallel Aware": false,"Async Capable": false,"Relation Name": "nation","Alias": "nation","Startup Cost": 0.00,"Total Cost": 1.25,"Plan Rows": 25,"Plan Width": 108,"Actual Startup Time": 0.053,"Actual Total Time": 0.057,"Actual Rows": 25,"Actual Loops": 4,"Workers": []}]}]}]}]}]},"Planning Time": 7.802,"Triggers": [],"Execution Time": 623.390}]
[{"Plan": {"Node Type": "Sort","Parallel Aware": false,"Async Capable": false,"Startup Cost": 132365.07,"Total Cost": 132508.74,"Plan Rows": 57466,"Plan Width": 280,"Actual Startup Time": 604.092,"Actual Total Time": 644.113,"Actual Rows": 37690,"Actual Loops": 1,"Sort Key": ["(sum((lineitem.l_extendedprice * ('1'::numeric - lineitem.l_discount)))) DESC"],"Sort Method": "quicksort","Sort Space Used": 9779,"Sort Space Type": "Memory","Plans": [{"Node Type": "Aggregate","Strategy": "Hashed","Partial Mode": "Simple","Parent Relationship": "Outer","Parallel Aware": false,"Async Capable": false,"Startup Cost": 127103.94,"Total Cost": 127822.26,"Plan Rows": 57466,"Plan Width": 280,"Actual Startup Time": 420.502,"Actual Total Time": 570.586,"Actual Rows": 37690,"Actual Loops": 1,"Group Key": ["customer.c_custkey", "nation.n_name"],"Planned Partitions": 0,"HashAgg Batches": 1,"Peak Memory Usage": 26129,"Disk Usage": 0,"Plans": [{"Node Type": "Gather","Parent Relationship": "Outer","Parallel Aware": false,"Async Capable": false,"Startup Cost": 6799.83,"Total Cost": 126385.61,"Plan Rows": 57466,"Plan Width": 260,"Actual Startup Time": 84.807,"Actual Total Time": 291.020,"Actual Rows": 113599,"Actual Loops": 1,"Workers Planned": 3,"Workers Launched": 3,"Single Copy": false,"Plans": [{"Node Type": "Hash Join","Parent Relationship": "Outer","Parallel Aware": false,"Async Capable": false,"Join Type": "Inner","Startup Cost": 5799.83,"Total Cost": 119639.01,"Plan Rows": 18537,"Plan Width": 260,"Actual Startup Time": 77.448,"Actual Total Time": 365.330,"Actual Rows": 28400,"Actual Loops": 4,"Inner Unique": true,"Hash Cond": "(customer.c_nationkey = nation.n_nationkey)","Workers": [],"Plans": [{"Node Type": "Hash Join","Parent Relationship": "Outer","Parallel Aware": true,"Async Capable": false,"Join Type": "Inner","Startup Cost": 5798.27,"Total Cost": 119580.55,"Plan Rows": 18537,"Plan Width": 160,"Actual Startup Time": 76.978,"Actual Total Time": 356.100,"Actual Rows": 28400,"Actual Loops": 4,"Inner Unique": true,"Hash Cond": "(orders.o_custkey = customer.c_custkey)","Workers": [],"Plans": [{"Node Type": "Nested Loop","Parent Relationship": "Outer","Parallel Aware": false,"Async Capable": false,"Join Type": "Inner","Startup Cost": 807.02,"Total Cost": 114540.64,"Plan Rows": 18537,"Plan Width": 16,"Actual Startup Time": 13.069,"Actual Total Time": 252.235,"Actual Rows": 28400,"Actual Loops": 4,"Inner Unique": false,"Workers": [],"Plans": [{"Node Type": "Bitmap Heap Scan","Parent Relationship": "Outer","Parallel Aware": true,"Async Capable": false,"Relation Name": "orders","Alias": "orders","Startup Cost": 806.59,"Total Cost": 27183.96,"Plan Rows": 18825,"Plan Width": 8,"Actual Startup Time": 13.002,"Actual Total Time": 70.665,"Actual Rows": 14161,"Actual Loops": 4,"Recheck Cond": "((o_orderdate >= '1994-04-01'::date) AND (o_orderdate < '1994-07-01 00:00:00'::timestamp without time zone))","Rows Removed by Index Recheck": 0,"Exact Heap Blocks": 3668,"Lossy Heap Blocks": 0,"Workers": [],"Plans": [{"Node Type": "Bitmap Index Scan","Parent Relationship": "Outer","Parallel Aware": false,"Async Capable": false,"Index Name": "idx_orders_orderdate","Startup Cost": 0.00,"Total Cost": 792.00,"Plan Rows": 58357,"Plan Width": 0,"Actual Startup Time": 9.907,"Actual Total Time": 9.915,"Actual Rows": 56645,"Actual Loops": 1,"Index Cond": "((o_orderdate >= '1994-04-01'::date) AND (o_orderdate < '1994-07-01 00:00:00'::timestamp without time zone))","Workers": []}]},{"Node Type": "Index Scan","Parent Relationship": "Inner","Parallel Aware": false,"Async Capable": false,"Scan Direction": "Forward","Index Name": "idx_lineitem_orderkey","Relation Name": "lineitem","Alias": "lineitem","Startup Cost": 0.43,"Total Cost": 4.60,"Plan Rows": 4,"Plan Width": 16,"Actual Startup Time": 0.010,"Actual Total Time": 0.012,"Actual Rows": 2,"Actual Loops": 56645,"Index Cond": "(l_orderkey = orders.o_orderkey)","Rows Removed by Index Recheck": 0,"Filter": "(l_returnflag = 'R'::bpchar)","Rows Removed by Filter": 2,"Workers": []}]},{"Node Type": "Hash","Parent Relationship": "Inner","Parallel Aware": true,"Async Capable": false,"Startup Cost": 4210.00,"Total Cost": 4210.00,"Plan Rows": 62500,"Plan Width": 148,"Actual Startup Time": 63.332,"Actual Total Time": 63.338,"Actual Rows": 37500,"Actual Loops": 4,"Hash Buckets": 262144,"Original Hash Buckets": 262144,"Hash Batches": 1,"Original Hash Batches": 1,"Peak Memory Usage": 29344,"Workers": [],"Plans": [{"Node Type": "Seq Scan","Parent Relationship": "Outer","Parallel Aware": true,"Async Capable": false,"Relation Name": "customer","Alias": "customer","Startup Cost": 0.00,"Total Cost": 4210.00,"Plan Rows": 62500,"Plan Width": 148,"Actual Startup Time": 0.025,"Actual Total Time": 28.533,"Actual Rows": 37500,"Actual Loops": 4,"Workers": []}]}]},{"Node Type": "Hash","Parent Relationship": "Inner","Parallel Aware": false,"Async Capable": false,"Startup Cost": 1.25,"Total Cost": 1.25,"Plan Rows": 25,"Plan Width": 108,"Actual Startup Time": 0.107,"Actual Total Time": 0.110,"Actual Rows": 25,"Actual Loops": 4,"Hash Buckets": 1024,"Original Hash Buckets": 1024,"Hash Batches": 1,"Original Hash Batches": 1,"Peak Memory Usage": 10,"Workers": [],"Plans": [{"Node Type": "Seq Scan","Parent Relationship": "Outer","Parallel Aware": false,"Async Capable": false,"Relation Name": "nation","Alias": "nation","Startup Cost": 0.00,"Total Cost": 1.25,"Plan Rows": 25,"Plan Width": 108,"Actual Startup Time": 0.074,"Actual Total Time": 0.080,"Actual Rows": 25,"Actual Loops": 4,"Workers": []}]}]}]}]}]},"Planning Time": 6.317,"Triggers": [],"Execution Time": 648.403}]
[{"Plan": {"Node Type": "Sort","Parallel Aware": false,"Async Capable": false,"Startup Cost": 131330.41,"Total Cost": 131472.12,"Plan Rows": 56686,"Plan Width": 280,"Actual Startup Time": 587.483,"Actual Total Time": 628.086,"Actual Rows": 37925,"Actual Loops": 1,"Sort Key": ["(sum((lineitem.l_extendedprice * ('1'::numeric - lineitem.l_discount)))) DESC"],"Sort Method": "quicksort","Sort Space Used": 9832,"Sort Space Type": "Memory","Plans": [{"Node Type": "Aggregate","Strategy": "Hashed","Partial Mode": "Simple","Parent Relationship": "Outer","Parallel Aware": false,"Async Capable": false,"Startup Cost": 126146.27,"Total Cost": 126854.85,"Plan Rows": 56686,"Plan Width": 280,"Actual Startup Time": 410.388,"Actual Total Time": 556.054,"Actual Rows": 37925,"Actual Loops": 1,"Group Key": ["customer.c_custkey", "nation.n_name"],"Planned Partitions": 0,"HashAgg Batches": 1,"Peak Memory Usage": 26129,"Disk Usage": 0,"Plans": [{"Node Type": "Gather","Parent Relationship": "Outer","Parallel Aware": false,"Async Capable": false,"Startup Cost": 6791.71,"Total Cost": 125437.70,"Plan Rows": 56686,"Plan Width": 260,"Actual Startup Time": 76.070,"Actual Total Time": 284.431,"Actual Rows": 114550,"Actual Loops": 1,"Workers Planned": 3,"Workers Launched": 3,"Single Copy": false,"Plans": [{"Node Type": "Hash Join","Parent Relationship": "Outer","Parallel Aware": false,"Async Capable": false,"Join Type": "Inner","Startup Cost": 5791.71,"Total Cost": 118769.10,"Plan Rows": 18286,"Plan Width": 260,"Actual Startup Time": 68.409,"Actual Total Time": 355.040,"Actual Rows": 28638,"Actual Loops": 4,"Inner Unique": true,"Hash Cond": "(customer.c_nationkey = nation.n_nationkey)","Workers": [],"Plans": [{"Node Type": "Hash Join","Parent Relationship": "Outer","Parallel Aware": true,"Async Capable": false,"Join Type": "Inner","Startup Cost": 5790.15,"Total Cost": 118711.40,"Plan Rows": 18286,"Plan Width": 160,"Actual Startup Time": 67.911,"Actual Total Time": 346.301,"Actual Rows": 28638,"Actual Loops": 4,"Inner Unique": true,"Hash Cond": "(orders.o_custkey = customer.c_custkey)","Workers": [],"Plans": [{"Node Type": "Nested Loop","Parent Relationship": "Outer","Parallel Aware": false,"Async Capable": false,"Join Type": "Inner","Startup Cost": 798.90,"Total Cost": 113672.15,"Plan Rows": 18286,"Plan Width": 16,"Actual Startup Time": 13.342,"Actual Total Time": 249.825,"Actual Rows": 28638,"Actual Loops": 4,"Inner Unique": false,"Workers": [],"Plans": [{"Node Type": "Bitmap Heap Scan","Parent Relationship": "Outer","Parallel Aware": true,"Async Capable": false,"Relation Name": "orders","Alias": "orders","Startup Cost": 798.47,"Total Cost": 27172.01,"Plan Rows": 18569,"Plan Width": 8,"Actual Startup Time": 13.275,"Actual Total Time": 71.340,"Actual Rows": 14284,"Actual Loops": 4,"Recheck Cond": "((o_orderdate >= '1993-08-01'::date) AND (o_orderdate < '1993-11-01 00:00:00'::timestamp without time zone))","Rows Removed by Index Recheck": 0,"Exact Heap Blocks": 3594,"Lossy Heap Blocks": 0,"Workers": [],"Plans": [{"Node Type": "Bitmap Index Scan","Parent Relationship": "Outer","Parallel Aware": false,"Async Capable": false,"Index Name": "idx_orders_orderdate","Startup Cost": 0.00,"Total Cost": 784.08,"Plan Rows": 57565,"Plan Width": 0,"Actual Startup Time": 10.135,"Actual Total Time": 10.136,"Actual Rows": 57138,"Actual Loops": 1,"Index Cond": "((o_orderdate >= '1993-08-01'::date) AND (o_orderdate < '1993-11-01 00:00:00'::timestamp without time zone))","Workers": []}]},{"Node Type": "Index Scan","Parent Relationship": "Inner","Parallel Aware": false,"Async Capable": false,"Scan Direction": "Forward","Index Name": "idx_lineitem_orderkey","Relation Name": "lineitem","Alias": "lineitem","Startup Cost": 0.43,"Total Cost": 4.62,"Plan Rows": 4,"Plan Width": 16,"Actual Startup Time": 0.010,"Actual Total Time": 0.012,"Actual Rows": 2,"Actual Loops": 57138,"Index Cond": "(l_orderkey = orders.o_orderkey)","Rows Removed by Index Recheck": 0,"Filter": "(l_returnflag = 'R'::bpchar)","Rows Removed by Filter": 2,"Workers": []}]},{"Node Type": "Hash","Parent Relationship": "Inner","Parallel Aware": true,"Async Capable": false,"Startup Cost": 4210.00,"Total Cost": 4210.00,"Plan Rows": 62500,"Plan Width": 148,"Actual Startup Time": 53.968,"Actual Total Time": 53.976,"Actual Rows": 37500,"Actual Loops": 4,"Hash Buckets": 262144,"Original Hash Buckets": 262144,"Hash Batches": 1,"Original Hash Batches": 1,"Peak Memory Usage": 29344,"Workers": [],"Plans": [{"Node Type": "Seq Scan","Parent Relationship": "Outer","Parallel Aware": true,"Async Capable": false,"Relation Name": "customer","Alias": "customer","Startup Cost": 0.00,"Total Cost": 4210.00,"Plan Rows": 62500,"Plan Width": 148,"Actual Startup Time": 0.023,"Actual Total Time": 24.403,"Actual Rows": 37500,"Actual Loops": 4,"Workers": []}]}]},{"Node Type": "Hash","Parent Relationship": "Inner","Parallel Aware": false,"Async Capable": false,"Startup Cost": 1.25,"Total Cost": 1.25,"Plan Rows": 25,"Plan Width": 108,"Actual Startup Time": 0.099,"Actual Total Time": 0.106,"Actual Rows": 25,"Actual Loops": 4,"Hash Buckets": 1024,"Original Hash Buckets": 1024,"Hash Batches": 1,"Original Hash Batches": 1,"Peak Memory Usage": 10,"Workers": [],"Plans": [{"Node Type": "Seq Scan","Parent Relationship": "Outer","Parallel Aware": false,"Async Capable": false,"Relation Name": "nation","Alias": "nation","Startup Cost": 0.00,"Total Cost": 1.25,"Plan Rows": 25,"Plan Width": 108,"Actual Startup Time": 0.062,"Actual Total Time": 0.071,"Actual Rows": 25,"Actual Loops": 4,"Workers": []}]}]}]}]}]},"Planning Time": 6.540,"Triggers": [],"Execution Time": 634.012}]
[{"Plan": {"Node Type": "Sort","Parallel Aware": false,"Async Capable": false,"Startup Cost": 131436.35,"Total Cost": 131578.26,"Plan Rows": 56763,"Plan Width": 280,"Actual Startup Time": 596.282,"Actual Total Time": 636.846,"Actual Rows": 38114,"Actual Loops": 1,"Sort Key": ["(sum((lineitem.l_extendedprice * ('1'::numeric - lineitem.l_discount)))) DESC"],"Sort Method": "quicksort","Sort Space Used": 9872,"Sort Space Type": "Memory","Plans": [{"Node Type": "Aggregate","Strategy": "Hashed","Partial Mode": "Simple","Parent Relationship": "Outer","Parallel Aware": false,"Async Capable": false,"Startup Cost": 126244.62,"Total Cost": 126954.16,"Plan Rows": 56763,"Plan Width": 280,"Actual Startup Time": 413.428,"Actual Total Time": 560.180,"Actual Rows": 38114,"Actual Loops": 1,"Group Key": ["customer.c_custkey", "nation.n_name"],"Planned Partitions": 0,"HashAgg Batches": 1,"Peak Memory Usage": 26129,"Disk Usage": 0,"Plans": [{"Node Type": "Gather","Parent Relationship": "Outer","Parallel Aware": false,"Async Capable": false,"Startup Cost": 6792.51,"Total Cost": 125535.08,"Plan Rows": 56763,"Plan Width": 260,"Actual Startup Time": 80.448,"Actual Total Time": 288.766,"Actual Rows": 115292,"Actual Loops": 1,"Workers Planned": 3,"Workers Launched": 3,"Single Copy": false,"Plans": [{"Node Type": "Hash Join","Parent Relationship": "Outer","Parallel Aware": false,"Async Capable": false,"Join Type": "Inner","Startup Cost": 5792.51,"Total Cost": 118858.78,"Plan Rows": 18311,"Plan Width": 260,"Actual Startup Time": 72.950,"Actual Total Time": 358.700,"Actual Rows": 28823,"Actual Loops": 4,"Inner Unique": true,"Hash Cond": "(customer.c_nationkey = nation.n_nationkey)","Workers": [],"Plans": [{"Node Type": "Hash Join","Parent Relationship": "Outer","Parallel Aware": true,"Async Capable": false,"Join Type": "Inner","Startup Cost": 5790.95,"Total Cost": 118801.01,"Plan Rows": 18311,"Plan Width": 160,"Actual Startup Time": 72.543,"Actual Total Time": 350.000,"Actual Rows": 28823,"Actual Loops": 4,"Inner Unique": true,"Hash Cond": "(orders.o_custkey = customer.c_custkey)","Workers": [],"Plans": [{"Node Type": "Nested Loop","Parent Relationship": "Outer","Parallel Aware": false,"Async Capable": false,"Join Type": "Inner","Startup Cost": 799.70,"Total Cost": 113761.69,"Plan Rows": 18311,"Plan Width": 16,"Actual Startup Time": 13.260,"Actual Total Time": 248.922,"Actual Rows": 28823,"Actual Loops": 4,"Inner Unique": false,"Workers": [],"Plans": [{"Node Type": "Bitmap Heap Scan","Parent Relationship": "Outer","Parallel Aware": true,"Async Capable": false,"Relation Name": "orders","Alias": "orders","Startup Cost": 799.27,"Total Cost": 27173.19,"Plan Rows": 18595,"Plan Width": 8,"Actual Startup Time": 13.182,"Actual Total Time": 70.570,"Actual Rows": 14333,"Actual Loops": 4,"Recheck Cond": "((o_orderdate >= '1993-11-01'::date) AND (o_orderdate < '1994-02-01 00:00:00'::timestamp without time zone))","Rows Removed by Index Recheck": 0,"Exact Heap Blocks": 3544,"Lossy Heap Blocks": 0,"Workers": [],"Plans": [{"Node Type": "Bitmap Index Scan","Parent Relationship": "Outer","Parallel Aware": false,"Async Capable": false,"Index Name": "idx_orders_orderdate","Startup Cost": 0.00,"Total Cost": 784.86,"Plan Rows": 57643,"Plan Width": 0,"Actual Startup Time": 10.101,"Actual Total Time": 10.105,"Actual Rows": 57332,"Actual Loops": 1,"Index Cond": "((o_orderdate >= '1993-11-01'::date) AND (o_orderdate < '1994-02-01 00:00:00'::timestamp without time zone))","Workers": []}]},{"Node Type": "Index Scan","Parent Relationship": "Inner","Parallel Aware": false,"Async Capable": false,"Scan Direction": "Forward","Index Name": "idx_lineitem_orderkey","Relation Name": "lineitem","Alias": "lineitem","Startup Cost": 0.43,"Total Cost": 4.62,"Plan Rows": 4,"Plan Width": 16,"Actual Startup Time": 0.010,"Actual Total Time": 0.012,"Actual Rows": 2,"Actual Loops": 57332,"Index Cond": "(l_orderkey = orders.o_orderkey)","Rows Removed by Index Recheck": 0,"Filter": "(l_returnflag = 'R'::bpchar)","Rows Removed by Filter": 2,"Workers": []}]},{"Node Type": "Hash","Parent Relationship": "Inner","Parallel Aware": true,"Async Capable": false,"Startup Cost": 4210.00,"Total Cost": 4210.00,"Plan Rows": 62500,"Plan Width": 148,"Actual Startup Time": 58.656,"Actual Total Time": 58.664,"Actual Rows": 37500,"Actual Loops": 4,"Hash Buckets": 262144,"Original Hash Buckets": 262144,"Hash Batches": 1,"Original Hash Batches": 1,"Peak Memory Usage": 29312,"Workers": [],"Plans": [{"Node Type": "Seq Scan","Parent Relationship": "Outer","Parallel Aware": true,"Async Capable": false,"Relation Name": "customer","Alias": "customer","Startup Cost": 0.00,"Total Cost": 4210.00,"Plan Rows": 62500,"Plan Width": 148,"Actual Startup Time": 0.024,"Actual Total Time": 26.516,"Actual Rows": 37500,"Actual Loops": 4,"Workers": []}]}]},{"Node Type": "Hash","Parent Relationship": "Inner","Parallel Aware": false,"Async Capable": false,"Startup Cost": 1.25,"Total Cost": 1.25,"Plan Rows": 25,"Plan Width": 108,"Actual Startup Time": 0.099,"Actual Total Time": 0.104,"Actual Rows": 25,"Actual Loops": 4,"Hash Buckets": 1024,"Original Hash Buckets": 1024,"Hash Batches": 1,"Original Hash Batches": 1,"Peak Memory Usage": 10,"Workers": [],"Plans": [{"Node Type": "Seq Scan","Parent Relationship": "Outer","Parallel Aware": false,"Async Capable": false,"Relation Name": "nation","Alias": "nation","Startup Cost": 0.00,"Total Cost": 1.25,"Plan Rows": 25,"Plan Width": 108,"Actual Startup Time": 0.069,"Actual Total Time": 0.076,"Actual Rows": 25,"Actual Loops": 4,"Workers": []}]}]}]}]}]},"Planning Time": 7.017,"Triggers": [],"Execution Time": 642.875}]
[{"Plan": {"Node Type": "Sort","Parallel Aware": false,"Async Capable": false,"Startup Cost": 129285.16,"Total Cost": 129423.04,"Plan Rows": 55152,"Plan Width": 280,"Actual Startup Time": 594.195,"Actual Total Time": 635.058,"Actual Rows": 37857,"Actual Loops": 1,"Sort Key": ["(sum((lineitem.l_extendedprice * ('1'::numeric - lineitem.l_discount)))) DESC"],"Sort Method": "quicksort","Sort Space Used": 9823,"Sort Space Type": "Memory","Plans": [{"Node Type": "Aggregate","Strategy": "Hashed","Partial Mode": "Simple","Parent Relationship": "Outer","Parallel Aware": false,"Async Capable": false,"Startup Cost": 124252.23,"Total Cost": 124941.63,"Plan Rows": 55152,"Plan Width": 280,"Actual Startup Time": 414.188,"Actual Total Time": 557.916,"Actual Rows": 37857,"Actual Loops": 1,"Group Key": ["customer.c_custkey", "nation.n_name"],"Planned Partitions": 0,"HashAgg Batches": 1,"Peak Memory Usage": 26129,"Disk Usage": 0,"Plans": [{"Node Type": "Gather","Parent Relationship": "Outer","Parallel Aware": false,"Async Capable": false,"Startup Cost": 6767.74,"Total Cost": 123562.83,"Plan Rows": 55152,"Plan Width": 260,"Actual Startup Time": 77.793,"Actual Total Time": 289.359,"Actual Rows": 114326,"Actual Loops": 1,"Workers Planned": 3,"Workers Launched": 3,"Single Copy": false,"Plans": [{"Node Type": "Hash Join","Parent Relationship": "Outer","Parallel Aware": false,"Async Capable": false,"Join Type": "Inner","Startup Cost": 5767.74,"Total Cost": 117047.63,"Plan Rows": 17791,"Plan Width": 260,"Actual Startup Time": 70.168,"Actual Total Time": 358.948,"Actual Rows": 28582,"Actual Loops": 4,"Inner Unique": true,"Hash Cond": "(customer.c_nationkey = nation.n_nationkey)","Workers": [],"Plans": [{"Node Type": "Hash Join","Parent Relationship": "Outer","Parallel Aware": true,"Async Capable": false,"Join Type": "Inner","Startup Cost": 5766.18,"Total Cost": 116991.45,"Plan Rows": 17791,"Plan Width": 160,"Actual Startup Time": 69.698,"Actual Total Time": 349.487,"Actual Rows": 28582,"Actual Loops": 4,"Inner Unique": true,"Hash Cond": "(orders.o_custkey = customer.c_custkey)","Workers": [],"Plans": [{"Node Type": "Nested Loop","Parent Relationship": "Outer","Parallel Aware": false,"Async Capable": false,"Join Type": "Inner","Startup Cost": 774.93,"Total Cost": 111953.49,"Plan Rows": 17791,"Plan Width": 16,"Actual Startup Time": 12.978,"Actual Total Time": 249.911,"Actual Rows": 28582,"Actual Loops": 4,"Inner Unique": false,"Workers": [],"Plans": [{"Node Type": "Bitmap Heap Scan","Parent Relationship": "Outer","Parallel Aware": true,"Async Capable": false,"Relation Name": "orders","Alias": "orders","Startup Cost": 774.50,"Total Cost": 27140.50,"Plan Rows": 18067,"Plan Width": 8,"Actual Startup Time": 12.915,"Actual Total Time": 70.510,"Actual Rows": 14320,"Actual Loops": 4,"Recheck Cond": "((o_orderdate >= '1993-06-01'::date) AND (o_orderdate < '1993-09-01 00:00:00'::timestamp without time zone))","Rows Removed by Index Recheck": 0,"Exact Heap Blocks": 3550,"Lossy Heap Blocks": 0,"Workers": [],"Plans": [{"Node Type": "Bitmap Index Scan","Parent Relationship": "Outer","Parallel Aware": false,"Async Capable": false,"Index Name": "idx_orders_orderdate","Startup Cost": 0.00,"Total Cost": 760.50,"Plan Rows": 56007,"Plan Width": 0,"Actual Startup Time": 9.843,"Actual Total Time": 9.846,"Actual Rows": 57280,"Actual Loops": 1,"Index Cond": "((o_orderdate >= '1993-06-01'::date) AND (o_orderdate < '1993-09-01 00:00:00'::timestamp without time zone))","Workers": []}]},{"Node Type": "Index Scan","Parent Relationship": "Inner","Parallel Aware": false,"Async Capable": false,"Scan Direction": "Forward","Index Name": "idx_lineitem_orderkey","Relation Name": "lineitem","Alias": "lineitem","Startup Cost": 0.43,"Total Cost": 4.65,"Plan Rows": 4,"Plan Width": 16,"Actual Startup Time": 0.010,"Actual Total Time": 0.012,"Actual Rows": 2,"Actual Loops": 57280,"Index Cond": "(l_orderkey = orders.o_orderkey)","Rows Removed by Index Recheck": 0,"Filter": "(l_returnflag = 'R'::bpchar)","Rows Removed by Filter": 2,"Workers": []}]},{"Node Type": "Hash","Parent Relationship": "Inner","Parallel Aware": true,"Async Capable": false,"Startup Cost": 4210.00,"Total Cost": 4210.00,"Plan Rows": 62500,"Plan Width": 148,"Actual Startup Time": 56.151,"Actual Total Time": 56.157,"Actual Rows": 37500,"Actual Loops": 4,"Hash Buckets": 262144,"Original Hash Buckets": 262144,"Hash Batches": 1,"Original Hash Batches": 1,"Peak Memory Usage": 29312,"Workers": [],"Plans": [{"Node Type": "Seq Scan","Parent Relationship": "Outer","Parallel Aware": true,"Async Capable": false,"Relation Name": "customer","Alias": "customer","Startup Cost": 0.00,"Total Cost": 4210.00,"Plan Rows": 62500,"Plan Width": 148,"Actual Startup Time": 0.028,"Actual Total Time": 26.217,"Actual Rows": 37500,"Actual Loops": 4,"Workers": []}]}]},{"Node Type": "Hash","Parent Relationship": "Inner","Parallel Aware": false,"Async Capable": false,"Startup Cost": 1.25,"Total Cost": 1.25,"Plan Rows": 25,"Plan Width": 108,"Actual Startup Time": 0.109,"Actual Total Time": 0.115,"Actual Rows": 25,"Actual Loops": 4,"Hash Buckets": 1024,"Original Hash Buckets": 1024,"Hash Batches": 1,"Original Hash Batches": 1,"Peak Memory Usage": 10,"Workers": [],"Plans": [{"Node Type": "Seq Scan","Parent Relationship": "Outer","Parallel Aware": false,"Async Capable": false,"Relation Name": "nation","Alias": "nation","Startup Cost": 0.00,"Total Cost": 1.25,"Plan Rows": 25,"Plan Width": 108,"Actual Startup Time": 0.076,"Actual Total Time": 0.083,"Actual Rows": 25,"Actual Loops": 4,"Workers": []}]}]}]}]}]},"Planning Time": 6.852,"Triggers": [],"Execution Time": 641.259}]
[{"Plan": {"Node Type": "Sort","Parallel Aware": false,"Async Capable": false,"Startup Cost": 130505.43,"Total Cost": 130645.60,"Plan Rows": 56065,"Plan Width": 280,"Actual Startup Time": 601.513,"Actual Total Time": 641.580,"Actual Rows": 37018,"Actual Loops": 1,"Sort Key": ["(sum((lineitem.l_extendedprice * ('1'::numeric - lineitem.l_discount)))) DESC"],"Sort Method": "quicksort","Sort Space Used": 9627,"Sort Space Type": "Memory","Plans": [{"Node Type": "Aggregate","Strategy": "Hashed","Partial Mode": "Simple","Parent Relationship": "Outer","Parallel Aware": false,"Async Capable": false,"Startup Cost": 125382.55,"Total Cost": 126083.36,"Plan Rows": 56065,"Plan Width": 280,"Actual Startup Time": 416.495,"Actual Total Time": 572.420,"Actual Rows": 37018,"Actual Loops": 1,"Group Key": ["customer.c_custkey", "nation.n_name"],"Planned Partitions": 0,"HashAgg Batches": 1,"Peak Memory Usage": 26129,"Disk Usage": 0,"Plans": [{"Node Type": "Gather","Parent Relationship": "Outer","Parallel Aware": false,"Async Capable": false,"Startup Cost": 6781.25,"Total Cost": 124681.73,"Plan Rows": 56065,"Plan Width": 260,"Actual Startup Time": 81.623,"Actual Total Time": 288.921,"Actual Rows": 110603,"Actual Loops": 1,"Workers Planned": 3,"Workers Launched": 3,"Single Copy": false,"Plans": [{"Node Type": "Hash Join","Parent Relationship": "Outer","Parallel Aware": false,"Async Capable": false,"Join Type": "Inner","Startup Cost": 5781.25,"Total Cost": 118075.23,"Plan Rows": 18085,"Plan Width": 260,"Actual Startup Time": 74.243,"Actual Total Time": 359.851,"Actual Rows": 27651,"Actual Loops": 4,"Inner Unique": true,"Hash Cond": "(customer.c_nationkey = nation.n_nationkey)","Workers": [],"Plans": [{"Node Type": "Hash Join","Parent Relationship": "Outer","Parallel Aware": true,"Async Capable": false,"Join Type": "Inner","Startup Cost": 5779.68,"Total Cost": 118018.16,"Plan Rows": 18085,"Plan Width": 160,"Actual Startup Time": 73.807,"Actual Total Time": 350.724,"Actual Rows": 27651,"Actual Loops": 4,"Inner Unique": true,"Hash Cond": "(orders.o_custkey = customer.c_custkey)","Workers": [],"Plans": [{"Node Type": "Nested Loop","Parent Relationship": "Outer","Parallel Aware": false,"Async Capable": false,"Join Type": "Inner","Startup Cost": 788.43,"Total Cost": 112979.43,"Plan Rows": 18085,"Plan Width": 16,"Actual Startup Time": 13.351,"Actual Total Time": 248.674,"Actual Rows": 27651,"Actual Loops": 4,"Inner Unique": false,"Workers": [],"Plans": [{"Node Type": "Bitmap Heap Scan","Parent Relationship": "Outer","Parallel Aware": true,"Async Capable": false,"Relation Name": "orders","Alias": "orders","Startup Cost": 788.00,"Total Cost": 27158.49,"Plan Rows": 18366,"Plan Width": 8,"Actual Startup Time": 13.297,"Actual Total Time": 70.614,"Actual Rows": 13866,"Actual Loops": 4,"Recheck Cond": "((o_orderdate >= '1994-02-01'::date) AND (o_orderdate < '1994-05-01 00:00:00'::timestamp without time zone))","Rows Removed by Index Recheck": 0,"Exact Heap Blocks": 3619,"Lossy Heap Blocks": 0,"Workers": [],"Plans": [{"Node Type": "Bitmap Index Scan","Parent Relationship": "Outer","Parallel Aware": false,"Async Capable": false,"Index Name": "idx_orders_orderdate","Startup Cost": 0.00,"Total Cost": 773.77,"Plan Rows": 56934,"Plan Width": 0,"Actual Startup Time": 10.157,"Actual Total Time": 10.161,"Actual Rows": 55462,"Actual Loops": 1,"Index Cond": "((o_orderdate >= '1994-02-01'::date) AND (o_orderdate < '1994-05-01 00:00:00'::timestamp without time zone))","Workers": []}]},{"Node Type": "Index Scan","Parent Relationship": "Inner","Parallel Aware": false,"Async Capable": false,"Scan Direction": "Forward","Index Name": "idx_lineitem_orderkey","Relation Name": "lineitem","Alias": "lineitem","Startup Cost": 0.43,"Total Cost": 4.63,"Plan Rows": 4,"Plan Width": 16,"Actual Startup Time": 0.010,"Actual Total Time": 0.012,"Actual Rows": 2,"Actual Loops": 55462,"Index Cond": "(l_orderkey = orders.o_orderkey)","Rows Removed by Index Recheck": 0,"Filter": "(l_returnflag = 'R'::bpchar)","Rows Removed by Filter": 2,"Workers": []}]},{"Node Type": "Hash","Parent Relationship": "Inner","Parallel Aware": true,"Async Capable": false,"Startup Cost": 4210.00,"Total Cost": 4210.00,"Plan Rows": 62500,"Plan Width": 148,"Actual Startup Time": 59.812,"Actual Total Time": 59.817,"Actual Rows": 37500,"Actual Loops": 4,"Hash Buckets": 262144,"Original Hash Buckets": 262144,"Hash Batches": 1,"Original Hash Batches": 1,"Peak Memory Usage": 29344,"Workers": [],"Plans": [{"Node Type": "Seq Scan","Parent Relationship": "Outer","Parallel Aware": true,"Async Capable": false,"Relation Name": "customer","Alias": "customer","Startup Cost": 0.00,"Total Cost": 4210.00,"Plan Rows": 62500,"Plan Width": 148,"Actual Startup Time": 0.038,"Actual Total Time": 25.477,"Actual Rows": 37500,"Actual Loops": 4,"Workers": []}]}]},{"Node Type": "Hash","Parent Relationship": "Inner","Parallel Aware": false,"Async Capable": false,"Startup Cost": 1.25,"Total Cost": 1.25,"Plan Rows": 25,"Plan Width": 108,"Actual Startup Time": 0.111,"Actual Total Time": 0.116,"Actual Rows": 25,"Actual Loops": 4,"Hash Buckets": 1024,"Original Hash Buckets": 1024,"Hash Batches": 1,"Original Hash Batches": 1,"Peak Memory Usage": 10,"Workers": [],"Plans": [{"Node Type": "Seq Scan","Parent Relationship": "Outer","Parallel Aware": false,"Async Capable": false,"Relation Name": "nation","Alias": "nation","Startup Cost": 0.00,"Total Cost": 1.25,"Plan Rows": 25,"Plan Width": 108,"Actual Startup Time": 0.071,"Actual Total Time": 0.077,"Actual Rows": 25,"Actual Loops": 4,"Workers": []}]}]}]}]}]},"Planning Time": 7.387,"Triggers": [],"Execution Time": 645.928}]
[{"Plan": {"Node Type": "Sort","Parallel Aware": false,"Async Capable": false,"Startup Cost": 132582.38,"Total Cost": 132726.46,"Plan Rows": 57631,"Plan Width": 280,"Actual Startup Time": 594.605,"Actual Total Time": 635.479,"Actual Rows": 38076,"Actual Loops": 1,"Sort Key": ["(sum((lineitem.l_extendedprice * ('1'::numeric - lineitem.l_discount)))) DESC"],"Sort Method": "quicksort","Sort Space Used": 9866,"Sort Space Type": "Memory","Plans": [{"Node Type": "Aggregate","Strategy": "Hashed","Partial Mode": "Simple","Parent Relationship": "Outer","Parallel Aware": false,"Async Capable": false,"Startup Cost": 127304.95,"Total Cost": 128025.33,"Plan Rows": 57631,"Plan Width": 280,"Actual Startup Time": 413.856,"Actual Total Time": 559.474,"Actual Rows": 38076,"Actual Loops": 1,"Group Key": ["customer.c_custkey", "nation.n_name"],"Planned Partitions": 0,"HashAgg Batches": 1,"Peak Memory Usage": 26129,"Disk Usage": 0,"Plans": [{"Node Type": "Gather","Parent Relationship": "Outer","Parallel Aware": false,"Async Capable": false,"Startup Cost": 6801.55,"Total Cost": 126584.56,"Plan Rows": 57631,"Plan Width": 260,"Actual Startup Time": 77.339,"Actual Total Time": 288.422,"Actual Rows": 114347,"Actual Loops": 1,"Workers Planned": 3,"Workers Launched": 3,"Single Copy": false,"Plans": [{"Node Type": "Hash Join","Parent Relationship": "Outer","Parallel Aware": false,"Async Capable": false,"Join Type": "Inner","Startup Cost": 5801.55,"Total Cost": 119821.46,"Plan Rows": 18591,"Plan Width": 260,"Actual Startup Time": 69.518,"Actual Total Time": 357.514,"Actual Rows": 28587,"Actual Loops": 4,"Inner Unique": true,"Hash Cond": "(customer.c_nationkey = nation.n_nationkey)","Workers": [],"Plans": [{"Node Type": "Hash Join","Parent Relationship": "Outer","Parallel Aware": true,"Async Capable": false,"Join Type": "Inner","Startup Cost": 5799.99,"Total Cost": 119762.82,"Plan Rows": 18591,"Plan Width": 160,"Actual Startup Time": 69.031,"Actual Total Time": 348.106,"Actual Rows": 28587,"Actual Loops": 4,"Inner Unique": true,"Hash Cond": "(orders.o_custkey = customer.c_custkey)","Workers": [],"Plans": [{"Node Type": "Nested Loop","Parent Relationship": "Outer","Parallel Aware": false,"Async Capable": false,"Join Type": "Inner","Startup Cost": 808.74,"Total Cost": 114722.77,"Plan Rows": 18591,"Plan Width": 16,"Actual Startup Time": 13.204,"Actual Total Time": 250.327,"Actual Rows": 28587,"Actual Loops": 4,"Inner Unique": false,"Workers": [],"Plans": [{"Node Type": "Bitmap Heap Scan","Parent Relationship": "Outer","Parallel Aware": true,"Async Capable": false,"Relation Name": "orders","Alias": "orders","Startup Cost": 808.31,"Total Cost": 27186.49,"Plan Rows": 18879,"Plan Width": 8,"Actual Startup Time": 13.115,"Actual Total Time": 71.395,"Actual Rows": 14278,"Actual Loops": 4,"Recheck Cond": "((o_orderdate >= '1994-08-01'::date) AND (o_orderdate < '1994-11-01 00:00:00'::timestamp without time zone))","Rows Removed by Index Recheck": 0,"Exact Heap Blocks": 3565,"Lossy Heap Blocks": 0,"Workers": [],"Plans": [{"Node Type": "Bitmap Index Scan","Parent Relationship": "Outer","Parallel Aware": false,"Async Capable": false,"Index Name": "idx_orders_orderdate","Startup Cost": 0.00,"Total Cost": 793.68,"Plan Rows": 58525,"Plan Width": 0,"Actual Startup Time": 9.999,"Actual Total Time": 10.002,"Actual Rows": 57111,"Actual Loops": 1,"Index Cond": "((o_orderdate >= '1994-08-01'::date) AND (o_orderdate < '1994-11-01 00:00:00'::timestamp without time zone))","Workers": []}]},{"Node Type": "Index Scan","Parent Relationship": "Inner","Parallel Aware": false,"Async Capable": false,"Scan Direction": "Forward","Index Name": "idx_lineitem_orderkey","Relation Name": "lineitem","Alias": "lineitem","Startup Cost": 0.43,"Total Cost": 4.60,"Plan Rows": 4,"Plan Width": 16,"Actual Startup Time": 0.010,"Actual Total Time": 0.012,"Actual Rows": 2,"Actual Loops": 57111,"Index Cond": "(l_orderkey = orders.o_orderkey)","Rows Removed by Index Recheck": 0,"Filter": "(l_returnflag = 'R'::bpchar)","Rows Removed by Filter": 2,"Workers": []}]},{"Node Type": "Hash","Parent Relationship": "Inner","Parallel Aware": true,"Async Capable": false,"Startup Cost": 4210.00,"Total Cost": 4210.00,"Plan Rows": 62500,"Plan Width": 148,"Actual Startup Time": 55.208,"Actual Total Time": 55.214,"Actual Rows": 37500,"Actual Loops": 4,"Hash Buckets": 262144,"Original Hash Buckets": 262144,"Hash Batches": 1,"Original Hash Batches": 1,"Peak Memory Usage": 29312,"Workers": [],"Plans": [{"Node Type": "Seq Scan","Parent Relationship": "Outer","Parallel Aware": true,"Async Capable": false,"Relation Name": "customer","Alias": "customer","Startup Cost": 0.00,"Total Cost": 4210.00,"Plan Rows": 62500,"Plan Width": 148,"Actual Startup Time": 0.029,"Actual Total Time": 24.765,"Actual Rows": 37500,"Actual Loops": 4,"Workers": []}]}]},{"Node Type": "Hash","Parent Relationship": "Inner","Parallel Aware": false,"Async Capable": false,"Startup Cost": 1.25,"Total Cost": 1.25,"Plan Rows": 25,"Plan Width": 108,"Actual Startup Time": 0.096,"Actual Total Time": 0.101,"Actual Rows": 25,"Actual Loops": 4,"Hash Buckets": 1024,"Original Hash Buckets": 1024,"Hash Batches": 1,"Original Hash Batches": 1,"Peak Memory Usage": 10,"Workers": [],"Plans": [{"Node Type": "Seq Scan","Parent Relationship": "Outer","Parallel Aware": false,"Async Capable": false,"Relation Name": "nation","Alias": "nation","Startup Cost": 0.00,"Total Cost": 1.25,"Plan Rows": 25,"Plan Width": 108,"Actual Startup Time": 0.058,"Actual Total Time": 0.064,"Actual Rows": 25,"Actual Loops": 4,"Workers": []}]}]}]}]}]},"Planning Time": 6.903,"Triggers": [],"Execution Time": 641.389}]
[{"Plan": {"Node Type": "Sort","Parallel Aware": false,"Async Capable": false,"Startup Cost": 130909.78,"Total Cost": 131050.70,"Plan Rows": 56371,"Plan Width": 280,"Actual Startup Time": 586.743,"Actual Total Time": 630.152,"Actual Rows": 38263,"Actual Loops": 1,"Sort Key": ["(sum((lineitem.l_extendedprice * ('1'::numeric - lineitem.l_discount)))) DESC"],"Sort Method": "quicksort","Sort Space Used": 9899,"Sort Space Type": "Memory","Plans": [{"Node Type": "Aggregate","Strategy": "Hashed","Partial Mode": "Simple","Parent Relationship": "Outer","Parallel Aware": false,"Async Capable": false,"Startup Cost": 125756.71,"Total Cost": 126461.35,"Plan Rows": 56371,"Plan Width": 280,"Actual Startup Time": 417.199,"Actual Total Time": 554.225,"Actual Rows": 38263,"Actual Loops": 1,"Group Key": ["customer.c_custkey", "nation.n_name"],"Planned Partitions": 0,"HashAgg Batches": 1,"Peak Memory Usage": 26129,"Disk Usage": 0,"Plans": [{"Node Type": "Gather","Parent Relationship": "Outer","Parallel Aware": false,"Async Capable": false,"Startup Cost": 6784.43,"Total Cost": 125052.08,"Plan Rows": 56371,"Plan Width": 260,"Actual Startup Time": 75.828,"Actual Total Time": 292.854,"Actual Rows": 114665,"Actual Loops": 1,"Workers Planned": 3,"Workers Launched": 3,"Single Copy": false,"Plans": [{"Node Type": "Hash Join","Parent Relationship": "Outer","Parallel Aware": false,"Async Capable": false,"Join Type": "Inner","Startup Cost": 5784.43,"Total Cost": 118414.98,"Plan Rows": 18184,"Plan Width": 260,"Actual Startup Time": 68.693,"Actual Total Time": 360.677,"Actual Rows": 28666,"Actual Loops": 4,"Inner Unique": true,"Hash Cond": "(customer.c_nationkey = nation.n_nationkey)","Workers": [],"Plans": [{"Node Type": "Hash Join","Parent Relationship": "Outer","Parallel Aware": true,"Async Capable": false,"Join Type": "Inner","Startup Cost": 5782.87,"Total Cost": 118357.59,"Plan Rows": 18184,"Plan Width": 160,"Actual Startup Time": 68.338,"Actual Total Time": 351.919,"Actual Rows": 28666,"Actual Loops": 4,"Inner Unique": true,"Hash Cond": "(orders.o_custkey = customer.c_custkey)","Workers": [],"Plans": [{"Node Type": "Nested Loop","Parent Relationship": "Outer","Parallel Aware": false,"Async Capable": false,"Join Type": "Inner","Startup Cost": 791.62,"Total Cost": 113318.61,"Plan Rows": 18184,"Plan Width": 16,"Actual Startup Time": 13.513,"Actual Total Time": 254.371,"Actual Rows": 28666,"Actual Loops": 4,"Inner Unique": false,"Workers": [],"Plans": [{"Node Type": "Bitmap Heap Scan","Parent Relationship": "Outer","Parallel Aware": true,"Async Capable": false,"Relation Name": "orders","Alias": "orders","Startup Cost": 791.19,"Total Cost": 27163.18,"Plan Rows": 18466,"Plan Width": 8,"Actual Startup Time": 13.445,"Actual Total Time": 71.425,"Actual Rows": 14346,"Actual Loops": 4,"Recheck Cond": "((o_orderdate >= '1994-07-01'::date) AND (o_orderdate < '1994-10-01 00:00:00'::timestamp without time zone))","Rows Removed by Index Recheck": 0,"Exact Heap Blocks": 3489,"Lossy Heap Blocks": 0,"Workers": [],"Plans": [{"Node Type": "Bitmap Index Scan","Parent Relationship": "Outer","Parallel Aware": false,"Async Capable": false,"Index Name": "idx_orders_orderdate","Startup Cost": 0.00,"Total Cost": 776.88,"Plan Rows": 57245,"Plan Width": 0,"Actual Startup Time": 10.310,"Actual Total Time": 10.312,"Actual Rows": 57384,"Actual Loops": 1,"Index Cond": "((o_orderdate >= '1994-07-01'::date) AND (o_orderdate < '1994-10-01 00:00:00'::timestamp without time zone))","Workers": []}]},{"Node Type": "Index Scan","Parent Relationship": "Inner","Parallel Aware": false,"Async Capable": false,"Scan Direction": "Forward","Index Name": "idx_lineitem_orderkey","Relation Name": "lineitem","Alias": "lineitem","Startup Cost": 0.43,"Total Cost": 4.63,"Plan Rows": 4,"Plan Width": 16,"Actual Startup Time": 0.010,"Actual Total Time": 0.012,"Actual Rows": 2,"Actual Loops": 57384,"Index Cond": "(l_orderkey = orders.o_orderkey)","Rows Removed by Index Recheck": 0,"Filter": "(l_returnflag = 'R'::bpchar)","Rows Removed by Filter": 2,"Workers": []}]},{"Node Type": "Hash","Parent Relationship": "Inner","Parallel Aware": true,"Async Capable": false,"Startup Cost": 4210.00,"Total Cost": 4210.00,"Plan Rows": 62500,"Plan Width": 148,"Actual Startup Time": 54.206,"Actual Total Time": 54.213,"Actual Rows": 37500,"Actual Loops": 4,"Hash Buckets": 262144,"Original Hash Buckets": 262144,"Hash Batches": 1,"Original Hash Batches": 1,"Peak Memory Usage": 29312,"Workers": [],"Plans": [{"Node Type": "Seq Scan","Parent Relationship": "Outer","Parallel Aware": true,"Async Capable": false,"Relation Name": "customer","Alias": "customer","Startup Cost": 0.00,"Total Cost": 4210.00,"Plan Rows": 62500,"Plan Width": 148,"Actual Startup Time": 0.020,"Actual Total Time": 23.974,"Actual Rows": 37500,"Actual Loops": 4,"Workers": []}]}]},{"Node Type": "Hash","Parent Relationship": "Inner","Parallel Aware": false,"Async Capable": false,"Startup Cost": 1.25,"Total Cost": 1.25,"Plan Rows": 25,"Plan Width": 108,"Actual Startup Time": 0.080,"Actual Total Time": 0.085,"Actual Rows": 25,"Actual Loops": 4,"Hash Buckets": 1024,"Original Hash Buckets": 1024,"Hash Batches": 1,"Original Hash Batches": 1,"Peak Memory Usage": 10,"Workers": [],"Plans": [{"Node Type": "Seq Scan","Parent Relationship": "Outer","Parallel Aware": false,"Async Capable": false,"Relation Name": "nation","Alias": "nation","Startup Cost": 0.00,"Total Cost": 1.25,"Plan Rows": 25,"Plan Width": 108,"Actual Startup Time": 0.053,"Actual Total Time": 0.059,"Actual Rows": 25,"Actual Loops": 4,"Workers": []}]}]}]}]}]},"Planning Time": 7.471,"Triggers": [],"Execution Time": 636.412}]
[{"Plan": {"Node Type": "Sort","Parallel Aware": false,"Async Capable": false,"Startup Cost": 131436.35,"Total Cost": 131578.26,"Plan Rows": 56763,"Plan Width": 280,"Actual Startup Time": 596.282,"Actual Total Time": 636.846,"Actual Rows": 38114,"Actual Loops": 1,"Sort Key": ["(sum((lineitem.l_extendedprice * ('1'::numeric - lineitem.l_discount)))) DESC"],"Sort Method": "quicksort","Sort Space Used": 9872,"Sort Space Type": "Memory","Plans": [{"Node Type": "Aggregate","Strategy": "Hashed","Partial Mode": "Simple","Parent Relationship": "Outer","Parallel Aware": false,"Async Capable": false,"Startup Cost": 126244.62,"Total Cost": 126954.16,"Plan Rows": 56763,"Plan Width": 280,"Actual Startup Time": 413.428,"Actual Total Time": 560.180,"Actual Rows": 38114,"Actual Loops": 1,"Group Key": ["customer.c_custkey", "nation.n_name"],"Planned Partitions": 0,"HashAgg Batches": 1,"Peak Memory Usage": 26129,"Disk Usage": 0,"Plans": [{"Node Type": "Gather","Parent Relationship": "Outer","Parallel Aware": false,"Async Capable": false,"Startup Cost": 6792.51,"Total Cost": 125535.08,"Plan Rows": 56763,"Plan Width": 260,"Actual Startup Time": 80.448,"Actual Total Time": 288.766,"Actual Rows": 115292,"Actual Loops": 1,"Workers Planned": 3,"Workers Launched": 3,"Single Copy": false,"Plans": [{"Node Type": "Hash Join","Parent Relationship": "Outer","Parallel Aware": false,"Async Capable": false,"Join Type": "Inner","Startup Cost": 5792.51,"Total Cost": 118858.78,"Plan Rows": 18311,"Plan Width": 260,"Actual Startup Time": 72.950,"Actual Total Time": 358.700,"Actual Rows": 28823,"Actual Loops": 4,"Inner Unique": true,"Hash Cond": "(customer.c_nationkey = nation.n_nationkey)","Workers": [],"Plans": [{"Node Type": "Hash Join","Parent Relationship": "Outer","Parallel Aware": true,"Async Capable": false,"Join Type": "Inner","Startup Cost": 5790.95,"Total Cost": 118801.01,"Plan Rows": 18311,"Plan Width": 160,"Actual Startup Time": 72.543,"Actual Total Time": 350.000,"Actual Rows": 28823,"Actual Loops": 4,"Inner Unique": true,"Hash Cond": "(orders.o_custkey = customer.c_custkey)","Workers": [],"Plans": [{"Node Type": "Nested Loop","Parent Relationship": "Outer","Parallel Aware": false,"Async Capable": false,"Join Type": "Inner","Startup Cost": 799.70,"Total Cost": 113761.69,"Plan Rows": 18311,"Plan Width": 16,"Actual Startup Time": 13.260,"Actual Total Time": 248.922,"Actual Rows": 28823,"Actual Loops": 4,"Inner Unique": false,"Workers": [],"Plans": [{"Node Type": "Bitmap Heap Scan","Parent Relationship": "Outer","Parallel Aware": true,"Async Capable": false,"Relation Name": "orders","Alias": "orders","Startup Cost": 799.27,"Total Cost": 27173.19,"Plan Rows": 18595,"Plan Width": 8,"Actual Startup Time": 13.182,"Actual Total Time": 70.570,"Actual Rows": 14333,"Actual Loops": 4,"Recheck Cond": "((o_orderdate >= '1993-11-01'::date) AND (o_orderdate < '1994-02-01 00:00:00'::timestamp without time zone))","Rows Removed by Index Recheck": 0,"Exact Heap Blocks": 3544,"Lossy Heap Blocks": 0,"Workers": [],"Plans": [{"Node Type": "Bitmap Index Scan","Parent Relationship": "Outer","Parallel Aware": false,"Async Capable": false,"Index Name": "idx_orders_orderdate","Startup Cost": 0.00,"Total Cost": 784.86,"Plan Rows": 57643,"Plan Width": 0,"Actual Startup Time": 10.101,"Actual Total Time": 10.105,"Actual Rows": 57332,"Actual Loops": 1,"Index Cond": "((o_orderdate >= '1993-11-01'::date) AND (o_orderdate < '1994-02-01 00:00:00'::timestamp without time zone))","Workers": []}]},{"Node Type": "Index Scan","Parent Relationship": "Inner","Parallel Aware": false,"Async Capable": false,"Scan Direction": "Forward","Index Name": "idx_lineitem_orderkey","Relation Name": "lineitem","Alias": "lineitem","Startup Cost": 0.43,"Total Cost": 4.62,"Plan Rows": 4,"Plan Width": 16,"Actual Startup Time": 0.010,"Actual Total Time": 0.012,"Actual Rows": 2,"Actual Loops": 57332,"Index Cond": "(l_orderkey = orders.o_orderkey)","Rows Removed by Index Recheck": 0,"Filter": "(l_returnflag = 'R'::bpchar)","Rows Removed by Filter": 2,"Workers": []}]},{"Node Type": "Hash","Parent Relationship": "Inner","Parallel Aware": true,"Async Capable": false,"Startup Cost": 4210.00,"Total Cost": 4210.00,"Plan Rows": 62500,"Plan Width": 148,"Actual Startup Time": 58.656,"Actual Total Time": 58.664,"Actual Rows": 37500,"Actual Loops": 4,"Hash Buckets": 262144,"Original Hash Buckets": 262144,"Hash Batches": 1,"Original Hash Batches": 1,"Peak Memory Usage": 29312,"Workers": [],"Plans": [{"Node Type": "Seq Scan","Parent Relationship": "Outer","Parallel Aware": true,"Async Capable": false,"Relation Name": "customer","Alias": "customer","Startup Cost": 0.00,"Total Cost": 4210.00,"Plan Rows": 62500,"Plan Width": 148,"Actual Startup Time": 0.024,"Actual Total Time": 26.516,"Actual Rows": 37500,"Actual Loops": 4,"Workers": []}]}]},{"Node Type": "Hash","Parent Relationship": "Inner","Parallel Aware": false,"Async Capable": false,"Startup Cost": 1.25,"Total Cost": 1.25,"Plan Rows": 25,"Plan Width": 108,"Actual Startup Time": 0.099,"Actual Total Time": 0.104,"Actual Rows": 25,"Actual Loops": 4,"Hash Buckets": 1024,"Original Hash Buckets": 1024,"Hash Batches": 1,"Original Hash Batches": 1,"Peak Memory Usage": 10,"Workers": [],"Plans": [{"Node Type": "Seq Scan","Parent Relationship": "Outer","Parallel Aware": false,"Async Capable": false,"Relation Name": "nation","Alias": "nation","Startup Cost": 0.00,"Total Cost": 1.25,"Plan Rows": 25,"Plan Width": 108,"Actual Startup Time": 0.069,"Actual Total Time": 0.076,"Actual Rows": 25,"Actual Loops": 4,"Workers": []}]}]}]}]}]},"Planning Time": 7.017,"Triggers": [],"Execution Time": 642.875}]
[{"Plan": {"Node Type": "Sort","Parallel Aware": false,"Async Capable": false,"Startup Cost": 129285.16,"Total Cost": 129423.04,"Plan Rows": 55152,"Plan Width": 280,"Actual Startup Time": 594.195,"Actual Total Time": 635.058,"Actual Rows": 37857,"Actual Loops": 1,"Sort Key": ["(sum((lineitem.l_extendedprice * ('1'::numeric - lineitem.l_discount)))) DESC"],"Sort Method": "quicksort","Sort Space Used": 9823,"Sort Space Type": "Memory","Plans": [{"Node Type": "Aggregate","Strategy": "Hashed","Partial Mode": "Simple","Parent Relationship": "Outer","Parallel Aware": false,"Async Capable": false,"Startup Cost": 124252.23,"Total Cost": 124941.63,"Plan Rows": 55152,"Plan Width": 280,"Actual Startup Time": 414.188,"Actual Total Time": 557.916,"Actual Rows": 37857,"Actual Loops": 1,"Group Key": ["customer.c_custkey", "nation.n_name"],"Planned Partitions": 0,"HashAgg Batches": 1,"Peak Memory Usage": 26129,"Disk Usage": 0,"Plans": [{"Node Type": "Gather","Parent Relationship": "Outer","Parallel Aware": false,"Async Capable": false,"Startup Cost": 6767.74,"Total Cost": 123562.83,"Plan Rows": 55152,"Plan Width": 260,"Actual Startup Time": 77.793,"Actual Total Time": 289.359,"Actual Rows": 114326,"Actual Loops": 1,"Workers Planned": 3,"Workers Launched": 3,"Single Copy": false,"Plans": [{"Node Type": "Hash Join","Parent Relationship": "Outer","Parallel Aware": false,"Async Capable": false,"Join Type": "Inner","Startup Cost": 5767.74,"Total Cost": 117047.63,"Plan Rows": 17791,"Plan Width": 260,"Actual Startup Time": 70.168,"Actual Total Time": 358.948,"Actual Rows": 28582,"Actual Loops": 4,"Inner Unique": true,"Hash Cond": "(customer.c_nationkey = nation.n_nationkey)","Workers": [],"Plans": [{"Node Type": "Hash Join","Parent Relationship": "Outer","Parallel Aware": true,"Async Capable": false,"Join Type": "Inner","Startup Cost": 5766.18,"Total Cost": 116991.45,"Plan Rows": 17791,"Plan Width": 160,"Actual Startup Time": 69.698,"Actual Total Time": 349.487,"Actual Rows": 28582,"Actual Loops": 4,"Inner Unique": true,"Hash Cond": "(orders.o_custkey = customer.c_custkey)","Workers": [],"Plans": [{"Node Type": "Nested Loop","Parent Relationship": "Outer","Parallel Aware": false,"Async Capable": false,"Join Type": "Inner","Startup Cost": 774.93,"Total Cost": 111953.49,"Plan Rows": 17791,"Plan Width": 16,"Actual Startup Time": 12.978,"Actual Total Time": 249.911,"Actual Rows": 28582,"Actual Loops": 4,"Inner Unique": false,"Workers": [],"Plans": [{"Node Type": "Bitmap Heap Scan","Parent Relationship": "Outer","Parallel Aware": true,"Async Capable": false,"Relation Name": "orders","Alias": "orders","Startup Cost": 774.50,"Total Cost": 27140.50,"Plan Rows": 18067,"Plan Width": 8,"Actual Startup Time": 12.915,"Actual Total Time": 70.510,"Actual Rows": 14320,"Actual Loops": 4,"Recheck Cond": "((o_orderdate >= '1993-06-01'::date) AND (o_orderdate < '1993-09-01 00:00:00'::timestamp without time zone))","Rows Removed by Index Recheck": 0,"Exact Heap Blocks": 3550,"Lossy Heap Blocks": 0,"Workers": [],"Plans": [{"Node Type": "Bitmap Index Scan","Parent Relationship": "Outer","Parallel Aware": false,"Async Capable": false,"Index Name": "idx_orders_orderdate","Startup Cost": 0.00,"Total Cost": 760.50,"Plan Rows": 56007,"Plan Width": 0,"Actual Startup Time": 9.843,"Actual Total Time": 9.846,"Actual Rows": 57280,"Actual Loops": 1,"Index Cond": "((o_orderdate >= '1993-06-01'::date) AND (o_orderdate < '1993-09-01 00:00:00'::timestamp without time zone))","Workers": []}]},{"Node Type": "Index Scan","Parent Relationship": "Inner","Parallel Aware": false,"Async Capable": false,"Scan Direction": "Forward","Index Name": "idx_lineitem_orderkey","Relation Name": "lineitem","Alias": "lineitem","Startup Cost": 0.43,"Total Cost": 4.65,"Plan Rows": 4,"Plan Width": 16,"Actual Startup Time": 0.010,"Actual Total Time": 0.012,"Actual Rows": 2,"Actual Loops": 57280,"Index Cond": "(l_orderkey = orders.o_orderkey)","Rows Removed by Index Recheck": 0,"Filter": "(l_returnflag = 'R'::bpchar)","Rows Removed by Filter": 2,"Workers": []}]},{"Node Type": "Hash","Parent Relationship": "Inner","Parallel Aware": true,"Async Capable": false,"Startup Cost": 4210.00,"Total Cost": 4210.00,"Plan Rows": 62500,"Plan Width": 148,"Actual Startup Time": 56.151,"Actual Total Time": 56.157,"Actual Rows": 37500,"Actual Loops": 4,"Hash Buckets": 262144,"Original Hash Buckets": 262144,"Hash Batches": 1,"Original Hash Batches": 1,"Peak Memory Usage": 29312,"Workers": [],"Plans": [{"Node Type": "Seq Scan","Parent Relationship": "Outer","Parallel Aware": true,"Async Capable": false,"Relation Name": "customer","Alias": "customer","Startup Cost": 0.00,"Total Cost": 4210.00,"Plan Rows": 62500,"Plan Width": 148,"Actual Startup Time": 0.028,"Actual Total Time": 26.217,"Actual Rows": 37500,"Actual Loops": 4,"Workers": []}]}]},{"Node Type": "Hash","Parent Relationship": "Inner","Parallel Aware": false,"Async Capable": false,"Startup Cost": 1.25,"Total Cost": 1.25,"Plan Rows": 25,"Plan Width": 108,"Actual Startup Time": 0.109,"Actual Total Time": 0.115,"Actual Rows": 25,"Actual Loops": 4,"Hash Buckets": 1024,"Original Hash Buckets": 1024,"Hash Batches": 1,"Original Hash Batches": 1,"Peak Memory Usage": 10,"Workers": [],"Plans": [{"Node Type": "Seq Scan","Parent Relationship": "Outer","Parallel Aware": false,"Async Capable": false,"Relation Name": "nation","Alias": "nation","Startup Cost": 0.00,"Total Cost": 1.25,"Plan Rows": 25,"Plan Width": 108,"Actual Startup Time": 0.076,"Actual Total Time": 0.083,"Actual Rows": 25,"Actual Loops": 4,"Workers": []}]}]}]}]}]},"Planning Time": 6.852,"Triggers": [],"Execution Time": 641.259}]
[{"Plan": {"Node Type": "Sort","Parallel Aware": false,"Async Capable": false,"Startup Cost": 132260.34,"Total Cost": 132403.81,"Plan Rows": 57388,"Plan Width": 280,"Actual Startup Time": 619.828,"Actual Total Time": 659.334,"Actual Rows": 38182,"Actual Loops": 1,"Sort Key": ["(sum((lineitem.l_extendedprice * ('1'::numeric - lineitem.l_discount)))) DESC"],"Sort Method": "quicksort","Sort Space Used": 9879,"Sort Space Type": "Memory","Plans": [{"Node Type": "Aggregate","Strategy": "Hashed","Partial Mode": "Simple","Parent Relationship": "Outer","Parallel Aware": false,"Async Capable": false,"Startup Cost": 127006.91,"Total Cost": 127724.26,"Plan Rows": 57388,"Plan Width": 280,"Actual Startup Time": 430.185,"Actual Total Time": 588.903,"Actual Rows": 38182,"Actual Loops": 1,"Group Key": ["customer.c_custkey", "nation.n_name"],"Planned Partitions": 0,"HashAgg Batches": 1,"Peak Memory Usage": 26129,"Disk Usage": 0,"Plans": [{"Node Type": "Gather","Parent Relationship": "Outer","Parallel Aware": false,"Async Capable": false,"Startup Cost": 6799.02,"Total Cost": 126289.56,"Plan Rows": 57388,"Plan Width": 260,"Actual Startup Time": 89.737,"Actual Total Time": 296.974,"Actual Rows": 115050,"Actual Loops": 1,"Workers Planned": 3,"Workers Launched": 3,"Single Copy": false,"Plans": [{"Node Type": "Hash Join","Parent Relationship": "Outer","Parallel Aware": false,"Async Capable": false,"Join Type": "Inner","Startup Cost": 5799.02,"Total Cost": 119550.76,"Plan Rows": 18512,"Plan Width": 260,"Actual Startup Time": 82.322,"Actual Total Time": 373.404,"Actual Rows": 28762,"Actual Loops": 4,"Inner Unique": true,"Hash Cond": "(customer.c_nationkey = nation.n_nationkey)","Workers": [],"Plans": [{"Node Type": "Hash Join","Parent Relationship": "Outer","Parallel Aware": true,"Async Capable": false,"Join Type": "Inner","Startup Cost": 5797.46,"Total Cost": 119492.37,"Plan Rows": 18512,"Plan Width": 160,"Actual Startup Time": 81.937,"Actual Total Time": 363.986,"Actual Rows": 28762,"Actual Loops": 4,"Inner Unique": true,"Hash Cond": "(orders.o_custkey = customer.c_custkey)","Workers": [],"Plans": [{"Node Type": "Nested Loop","Parent Relationship": "Outer","Parallel Aware": false,"Async Capable": false,"Join Type": "Inner","Startup Cost": 806.21,"Total Cost": 114452.53,"Plan Rows": 18513,"Plan Width": 16,"Actual Startup Time": 13.433,"Actual Total Time": 253.545,"Actual Rows": 28762,"Actual Loops": 4,"Inner Unique": false,"Workers": [],"Plans": [{"Node Type": "Bitmap Heap Scan","Parent Relationship": "Outer","Parallel Aware": true,"Async Capable": false,"Relation Name": "orders","Alias": "orders","Startup Cost": 805.78,"Total Cost": 27182.77,"Plan Rows": 18799,"Plan Width": 8,"Actual Startup Time": 13.373,"Actual Total Time": 70.825,"Actual Rows": 14368,"Actual Loops": 4,"Recheck Cond": "((o_orderdate >= '1994-06-01'::date) AND (o_orderdate < '1994-09-01 00:00:00'::timestamp without time zone))","Rows Removed by Index Recheck": 0,"Exact Heap Blocks": 3680,"Lossy Heap Blocks": 0,"Workers": [],"Plans": [{"Node Type": "Bitmap Index Scan","Parent Relationship": "Outer","Parallel Aware": false,"Async Capable": false,"Index Name": "idx_orders_orderdate","Startup Cost": 0.00,"Total Cost": 791.21,"Plan Rows": 58278,"Plan Width": 0,"Actual Startup Time": 10.272,"Actual Total Time": 10.276,"Actual Rows": 57474,"Actual Loops": 1,"Index Cond": "((o_orderdate >= '1994-06-01'::date) AND (o_orderdate < '1994-09-01 00:00:00'::timestamp without time zone))","Workers": []}]},{"Node Type": "Index Scan","Parent Relationship": "Inner","Parallel Aware": false,"Async Capable": false,"Scan Direction": "Forward","Index Name": "idx_lineitem_orderkey","Relation Name": "lineitem","Alias": "lineitem","Startup Cost": 0.43,"Total Cost": 4.60,"Plan Rows": 4,"Plan Width": 16,"Actual Startup Time": 0.010,"Actual Total Time": 0.012,"Actual Rows": 2,"Actual Loops": 57474,"Index Cond": "(l_orderkey = orders.o_orderkey)","Rows Removed by Index Recheck": 0,"Filter": "(l_returnflag = 'R'::bpchar)","Rows Removed by Filter": 2,"Workers": []}]},{"Node Type": "Hash","Parent Relationship": "Inner","Parallel Aware": true,"Async Capable": false,"Startup Cost": 4210.00,"Total Cost": 4210.00,"Plan Rows": 62500,"Plan Width": 148,"Actual Startup Time": 67.921,"Actual Total Time": 67.927,"Actual Rows": 37500,"Actual Loops": 4,"Hash Buckets": 262144,"Original Hash Buckets": 262144,"Hash Batches": 1,"Original Hash Batches": 1,"Peak Memory Usage": 29312,"Workers": [],"Plans": [{"Node Type": "Seq Scan","Parent Relationship": "Outer","Parallel Aware": true,"Async Capable": false,"Relation Name": "customer","Alias": "customer","Startup Cost": 0.00,"Total Cost": 4210.00,"Plan Rows": 62500,"Plan Width": 148,"Actual Startup Time": 0.026,"Actual Total Time": 28.832,"Actual Rows": 37500,"Actual Loops": 4,"Workers": []}]}]},{"Node Type": "Hash","Parent Relationship": "Inner","Parallel Aware": false,"Async Capable": false,"Startup Cost": 1.25,"Total Cost": 1.25,"Plan Rows": 25,"Plan Width": 108,"Actual Startup Time": 0.096,"Actual Total Time": 0.101,"Actual Rows": 25,"Actual Loops": 4,"Hash Buckets": 1024,"Original Hash Buckets": 1024,"Hash Batches": 1,"Original Hash Batches": 1,"Peak Memory Usage": 10,"Workers": [],"Plans": [{"Node Type": "Seq Scan","Parent Relationship": "Outer","Parallel Aware": false,"Async Capable": false,"Relation Name": "nation","Alias": "nation","Startup Cost": 0.00,"Total Cost": 1.25,"Plan Rows": 25,"Plan Width": 108,"Actual Startup Time": 0.064,"Actual Total Time": 0.070,"Actual Rows": 25,"Actual Loops": 4,"Workers": []}]}]}]}]}]},"Planning Time": 7.103,"Triggers": [],"Execution Time": 663.701}]
[{"Plan": {"Node Type": "Sort","Parallel Aware": false,"Async Capable": false,"Startup Cost": 132166.82,"Total Cost": 132310.11,"Plan Rows": 57318,"Plan Width": 280,"Actual Startup Time": 590.000,"Actual Total Time": 630.537,"Actual Rows": 37972,"Actual Loops": 1,"Sort Key": ["(sum((lineitem.l_extendedprice * ('1'::numeric - lineitem.l_discount)))) DESC"],"Sort Method": "quicksort","Sort Space Used": 9843,"Sort Space Type": "Memory","Plans": [{"Node Type": "Aggregate","Strategy": "Hashed","Partial Mode": "Simple","Parent Relationship": "Outer","Parallel Aware": false,"Async Capable": false,"Startup Cost": 126920.30,"Total Cost": 127636.77,"Plan Rows": 57318,"Plan Width": 280,"Actual Startup Time": 413.108,"Actual Total Time": 556.129,"Actual Rows": 37972,"Actual Loops": 1,"Group Key": ["customer.c_custkey", "nation.n_name"],"Planned Partitions": 0,"HashAgg Batches": 1,"Peak Memory Usage": 26129,"Disk Usage": 0,"Plans": [{"Node Type": "Gather","Parent Relationship": "Outer","Parallel Aware": false,"Async Capable": false,"Startup Cost": 6798.29,"Total Cost": 126203.82,"Plan Rows": 57318,"Plan Width": 260,"Actual Startup Time": 77.619,"Actual Total Time": 286.194,"Actual Rows": 114459,"Actual Loops": 1,"Workers Planned": 3,"Workers Launched": 3,"Single Copy": false,"Plans": [{"Node Type": "Hash Join","Parent Relationship": "Outer","Parallel Aware": false,"Async Capable": false,"Join Type": "Inner","Startup Cost": 5798.29,"Total Cost": 119472.02,"Plan Rows": 18490,"Plan Width": 260,"Actual Startup Time": 70.122,"Actual Total Time": 358.029,"Actual Rows": 28615,"Actual Loops": 4,"Inner Unique": true,"Hash Cond": "(customer.c_nationkey = nation.n_nationkey)","Workers": [],"Plans": [{"Node Type": "Hash Join","Parent Relationship": "Outer","Parallel Aware": true,"Async Capable": false,"Join Type": "Inner","Startup Cost": 5796.73,"Total Cost": 119413.69,"Plan Rows": 18490,"Plan Width": 160,"Actual Startup Time": 69.815,"Actual Total Time": 349.575,"Actual Rows": 28615,"Actual Loops": 4,"Inner Unique": true,"Hash Cond": "(orders.o_custkey = customer.c_custkey)","Workers": [],"Plans": [{"Node Type": "Nested Loop","Parent Relationship": "Outer","Parallel Aware": false,"Async Capable": false,"Join Type": "Inner","Startup Cost": 805.48,"Total Cost": 114373.91,"Plan Rows": 18490,"Plan Width": 16,"Actual Startup Time": 13.081,"Actual Total Time": 249.954,"Actual Rows": 28615,"Actual Loops": 4,"Inner Unique": false,"Workers": [],"Plans": [{"Node Type": "Bitmap Heap Scan","Parent Relationship": "Outer","Parallel Aware": true,"Async Capable": false,"Relation Name": "orders","Alias": "orders","Startup Cost": 805.05,"Total Cost": 27181.70,"Plan Rows": 18776,"Plan Width": 8,"Actual Startup Time": 13.019,"Actual Total Time": 71.418,"Actual Rows": 14305,"Actual Loops": 4,"Recheck Cond": "((o_orderdate >= '1994-10-01'::date) AND (o_orderdate < '1995-01-01 00:00:00'::timestamp without time zone))","Rows Removed by Index Recheck": 0,"Exact Heap Blocks": 3518,"Lossy Heap Blocks": 0,"Workers": [],"Plans": [{"Node Type": "Bitmap Index Scan","Parent Relationship": "Outer","Parallel Aware": false,"Async Capable": false,"Index Name": "idx_orders_orderdate","Startup Cost": 0.00,"Total Cost": 790.50,"Plan Rows": 58207,"Plan Width": 0,"Actual Startup Time": 9.954,"Actual Total Time": 9.955,"Actual Rows": 57219,"Actual Loops": 1,"Index Cond": "((o_orderdate >= '1994-10-01'::date) AND (o_orderdate < '1995-01-01 00:00:00'::timestamp without time zone))","Workers": []}]},{"Node Type": "Index Scan","Parent Relationship": "Inner","Parallel Aware": false,"Async Capable": false,"Scan Direction": "Forward","Index Name": "idx_lineitem_orderkey","Relation Name": "lineitem","Alias": "lineitem","Startup Cost": 0.43,"Total Cost": 4.60,"Plan Rows": 4,"Plan Width": 16,"Actual Startup Time": 0.010,"Actual Total Time": 0.012,"Actual Rows": 2,"Actual Loops": 57219,"Index Cond": "(l_orderkey = orders.o_orderkey)","Rows Removed by Index Recheck": 0,"Filter": "(l_returnflag = 'R'::bpchar)","Rows Removed by Filter": 2,"Workers": []}]},{"Node Type": "Hash","Parent Relationship": "Inner","Parallel Aware": true,"Async Capable": false,"Startup Cost": 4210.00,"Total Cost": 4210.00,"Plan Rows": 62500,"Plan Width": 148,"Actual Startup Time": 56.184,"Actual Total Time": 56.192,"Actual Rows": 37500,"Actual Loops": 4,"Hash Buckets": 262144,"Original Hash Buckets": 262144,"Hash Batches": 1,"Original Hash Batches": 1,"Peak Memory Usage": 29344,"Workers": [],"Plans": [{"Node Type": "Seq Scan","Parent Relationship": "Outer","Parallel Aware": true,"Async Capable": false,"Relation Name": "customer","Alias": "customer","Startup Cost": 0.00,"Total Cost": 4210.00,"Plan Rows": 62500,"Plan Width": 148,"Actual Startup Time": 0.017,"Actual Total Time": 25.696,"Actual Rows": 37500,"Actual Loops": 4,"Workers": []}]}]},{"Node Type": "Hash","Parent Relationship": "Inner","Parallel Aware": false,"Async Capable": false,"Startup Cost": 1.25,"Total Cost": 1.25,"Plan Rows": 25,"Plan Width": 108,"Actual Startup Time": 0.071,"Actual Total Time": 0.075,"Actual Rows": 25,"Actual Loops": 4,"Hash Buckets": 1024,"Original Hash Buckets": 1024,"Hash Batches": 1,"Original Hash Batches": 1,"Peak Memory Usage": 10,"Workers": [],"Plans": [{"Node Type": "Seq Scan","Parent Relationship": "Outer","Parallel Aware": false,"Async Capable": false,"Relation Name": "nation","Alias": "nation","Startup Cost": 0.00,"Total Cost": 1.25,"Plan Rows": 25,"Plan Width": 108,"Actual Startup Time": 0.050,"Actual Total Time": 0.053,"Actual Rows": 25,"Actual Loops": 4,"Workers": []}]}]}]}]}]},"Planning Time": 7.724,"Triggers": [],"Execution Time": 636.921}]
[{"Plan": {"Node Type": "Sort","Parallel Aware": false,"Async Capable": false,"Startup Cost": 132365.07,"Total Cost": 132508.74,"Plan Rows": 57466,"Plan Width": 280,"Actual Startup Time": 604.092,"Actual Total Time": 644.113,"Actual Rows": 37690,"Actual Loops": 1,"Sort Key": ["(sum((lineitem.l_extendedprice * ('1'::numeric - lineitem.l_discount)))) DESC"],"Sort Method": "quicksort","Sort Space Used": 9779,"Sort Space Type": "Memory","Plans": [{"Node Type": "Aggregate","Strategy": "Hashed","Partial Mode": "Simple","Parent Relationship": "Outer","Parallel Aware": false,"Async Capable": false,"Startup Cost": 127103.94,"Total Cost": 127822.26,"Plan Rows": 57466,"Plan Width": 280,"Actual Startup Time": 420.502,"Actual Total Time": 570.586,"Actual Rows": 37690,"Actual Loops": 1,"Group Key": ["customer.c_custkey", "nation.n_name"],"Planned Partitions": 0,"HashAgg Batches": 1,"Peak Memory Usage": 26129,"Disk Usage": 0,"Plans": [{"Node Type": "Gather","Parent Relationship": "Outer","Parallel Aware": false,"Async Capable": false,"Startup Cost": 6799.83,"Total Cost": 126385.61,"Plan Rows": 57466,"Plan Width": 260,"Actual Startup Time": 84.807,"Actual Total Time": 291.020,"Actual Rows": 113599,"Actual Loops": 1,"Workers Planned": 3,"Workers Launched": 3,"Single Copy": false,"Plans": [{"Node Type": "Hash Join","Parent Relationship": "Outer","Parallel Aware": false,"Async Capable": false,"Join Type": "Inner","Startup Cost": 5799.83,"Total Cost": 119639.01,"Plan Rows": 18537,"Plan Width": 260,"Actual Startup Time": 77.448,"Actual Total Time": 365.330,"Actual Rows": 28400,"Actual Loops": 4,"Inner Unique": true,"Hash Cond": "(customer.c_nationkey = nation.n_nationkey)","Workers": [],"Plans": [{"Node Type": "Hash Join","Parent Relationship": "Outer","Parallel Aware": true,"Async Capable": false,"Join Type": "Inner","Startup Cost": 5798.27,"Total Cost": 119580.55,"Plan Rows": 18537,"Plan Width": 160,"Actual Startup Time": 76.978,"Actual Total Time": 356.100,"Actual Rows": 28400,"Actual Loops": 4,"Inner Unique": true,"Hash Cond": "(orders.o_custkey = customer.c_custkey)","Workers": [],"Plans": [{"Node Type": "Nested Loop","Parent Relationship": "Outer","Parallel Aware": false,"Async Capable": false,"Join Type": "Inner","Startup Cost": 807.02,"Total Cost": 114540.64,"Plan Rows": 18537,"Plan Width": 16,"Actual Startup Time": 13.069,"Actual Total Time": 252.235,"Actual Rows": 28400,"Actual Loops": 4,"Inner Unique": false,"Workers": [],"Plans": [{"Node Type": "Bitmap Heap Scan","Parent Relationship": "Outer","Parallel Aware": true,"Async Capable": false,"Relation Name": "orders","Alias": "orders","Startup Cost": 806.59,"Total Cost": 27183.96,"Plan Rows": 18825,"Plan Width": 8,"Actual Startup Time": 13.002,"Actual Total Time": 70.665,"Actual Rows": 14161,"Actual Loops": 4,"Recheck Cond": "((o_orderdate >= '1994-04-01'::date) AND (o_orderdate < '1994-07-01 00:00:00'::timestamp without time zone))","Rows Removed by Index Recheck": 0,"Exact Heap Blocks": 3668,"Lossy Heap Blocks": 0,"Workers": [],"Plans": [{"Node Type": "Bitmap Index Scan","Parent Relationship": "Outer","Parallel Aware": false,"Async Capable": false,"Index Name": "idx_orders_orderdate","Startup Cost": 0.00,"Total Cost": 792.00,"Plan Rows": 58357,"Plan Width": 0,"Actual Startup Time": 9.907,"Actual Total Time": 9.915,"Actual Rows": 56645,"Actual Loops": 1,"Index Cond": "((o_orderdate >= '1994-04-01'::date) AND (o_orderdate < '1994-07-01 00:00:00'::timestamp without time zone))","Workers": []}]},{"Node Type": "Index Scan","Parent Relationship": "Inner","Parallel Aware": false,"Async Capable": false,"Scan Direction": "Forward","Index Name": "idx_lineitem_orderkey","Relation Name": "lineitem","Alias": "lineitem","Startup Cost": 0.43,"Total Cost": 4.60,"Plan Rows": 4,"Plan Width": 16,"Actual Startup Time": 0.010,"Actual Total Time": 0.012,"Actual Rows": 2,"Actual Loops": 56645,"Index Cond": "(l_orderkey = orders.o_orderkey)","Rows Removed by Index Recheck": 0,"Filter": "(l_returnflag = 'R'::bpchar)","Rows Removed by Filter": 2,"Workers": []}]},{"Node Type": "Hash","Parent Relationship": "Inner","Parallel Aware": true,"Async Capable": false,"Startup Cost": 4210.00,"Total Cost": 4210.00,"Plan Rows": 62500,"Plan Width": 148,"Actual Startup Time": 63.332,"Actual Total Time": 63.338,"Actual Rows": 37500,"Actual Loops": 4,"Hash Buckets": 262144,"Original Hash Buckets": 262144,"Hash Batches": 1,"Original Hash Batches": 1,"Peak Memory Usage": 29344,"Workers": [],"Plans": [{"Node Type": "Seq Scan","Parent Relationship": "Outer","Parallel Aware": true,"Async Capable": false,"Relation Name": "customer","Alias": "customer","Startup Cost": 0.00,"Total Cost": 4210.00,"Plan Rows": 62500,"Plan Width": 148,"Actual Startup Time": 0.025,"Actual Total Time": 28.533,"Actual Rows": 37500,"Actual Loops": 4,"Workers": []}]}]},{"Node Type": "Hash","Parent Relationship": "Inner","Parallel Aware": false,"Async Capable": false,"Startup Cost": 1.25,"Total Cost": 1.25,"Plan Rows": 25,"Plan Width": 108,"Actual Startup Time": 0.107,"Actual Total Time": 0.110,"Actual Rows": 25,"Actual Loops": 4,"Hash Buckets": 1024,"Original Hash Buckets": 1024,"Hash Batches": 1,"Original Hash Batches": 1,"Peak Memory Usage": 10,"Workers": [],"Plans": [{"Node Type": "Seq Scan","Parent Relationship": "Outer","Parallel Aware": false,"Async Capable": false,"Relation Name": "nation","Alias": "nation","Startup Cost": 0.00,"Total Cost": 1.25,"Plan Rows": 25,"Plan Width": 108,"Actual Startup Time": 0.074,"Actual Total Time": 0.080,"Actual Rows": 25,"Actual Loops": 4,"Workers": []}]}]}]}]}]},"Planning Time": 6.317,"Triggers": [],"Execution Time": 648.403}]
[{"Plan": {"Node Type": "Sort","Parallel Aware": false,"Async Capable": false,"Startup Cost": 129285.16,"Total Cost": 129423.04,"Plan Rows": 55152,"Plan Width": 280,"Actual Startup Time": 594.195,"Actual Total Time": 635.058,"Actual Rows": 37857,"Actual Loops": 1,"Sort Key": ["(sum((lineitem.l_extendedprice * ('1'::numeric - lineitem.l_discount)))) DESC"],"Sort Method": "quicksort","Sort Space Used": 9823,"Sort Space Type": "Memory","Plans": [{"Node Type": "Aggregate","Strategy": "Hashed","Partial Mode": "Simple","Parent Relationship": "Outer","Parallel Aware": false,"Async Capable": false,"Startup Cost": 124252.23,"Total Cost": 124941.63,"Plan Rows": 55152,"Plan Width": 280,"Actual Startup Time": 414.188,"Actual Total Time": 557.916,"Actual Rows": 37857,"Actual Loops": 1,"Group Key": ["customer.c_custkey", "nation.n_name"],"Planned Partitions": 0,"HashAgg Batches": 1,"Peak Memory Usage": 26129,"Disk Usage": 0,"Plans": [{"Node Type": "Gather","Parent Relationship": "Outer","Parallel Aware": false,"Async Capable": false,"Startup Cost": 6767.74,"Total Cost": 123562.83,"Plan Rows": 55152,"Plan Width": 260,"Actual Startup Time": 77.793,"Actual Total Time": 289.359,"Actual Rows": 114326,"Actual Loops": 1,"Workers Planned": 3,"Workers Launched": 3,"Single Copy": false,"Plans": [{"Node Type": "Hash Join","Parent Relationship": "Outer","Parallel Aware": false,"Async Capable": false,"Join Type": "Inner","Startup Cost": 5767.74,"Total Cost": 117047.63,"Plan Rows": 17791,"Plan Width": 260,"Actual Startup Time": 70.168,"Actual Total Time": 358.948,"Actual Rows": 28582,"Actual Loops": 4,"Inner Unique": true,"Hash Cond": "(customer.c_nationkey = nation.n_nationkey)","Workers": [],"Plans": [{"Node Type": "Hash Join","Parent Relationship": "Outer","Parallel Aware": true,"Async Capable": false,"Join Type": "Inner","Startup Cost": 5766.18,"Total Cost": 116991.45,"Plan Rows": 17791,"Plan Width": 160,"Actual Startup Time": 69.698,"Actual Total Time": 349.487,"Actual Rows": 28582,"Actual Loops": 4,"Inner Unique": true,"Hash Cond": "(orders.o_custkey = customer.c_custkey)","Workers": [],"Plans": [{"Node Type": "Nested Loop","Parent Relationship": "Outer","Parallel Aware": false,"Async Capable": false,"Join Type": "Inner","Startup Cost": 774.93,"Total Cost": 111953.49,"Plan Rows": 17791,"Plan Width": 16,"Actual Startup Time": 12.978,"Actual Total Time": 249.911,"Actual Rows": 28582,"Actual Loops": 4,"Inner Unique": false,"Workers": [],"Plans": [{"Node Type": "Bitmap Heap Scan","Parent Relationship": "Outer","Parallel Aware": true,"Async Capable": false,"Relation Name": "orders","Alias": "orders","Startup Cost": 774.50,"Total Cost": 27140.50,"Plan Rows": 18067,"Plan Width": 8,"Actual Startup Time": 12.915,"Actual Total Time": 70.510,"Actual Rows": 14320,"Actual Loops": 4,"Recheck Cond": "((o_orderdate >= '1993-06-01'::date) AND (o_orderdate < '1993-09-01 00:00:00'::timestamp without time zone))","Rows Removed by Index Recheck": 0,"Exact Heap Blocks": 3550,"Lossy Heap Blocks": 0,"Workers": [],"Plans": [{"Node Type": "Bitmap Index Scan","Parent Relationship": "Outer","Parallel Aware": false,"Async Capable": false,"Index Name": "idx_orders_orderdate","Startup Cost": 0.00,"Total Cost": 760.50,"Plan Rows": 56007,"Plan Width": 0,"Actual Startup Time": 9.843,"Actual Total Time": 9.846,"Actual Rows": 57280,"Actual Loops": 1,"Index Cond": "((o_orderdate >= '1993-06-01'::date) AND (o_orderdate < '1993-09-01 00:00:00'::timestamp without time zone))","Workers": []}]},{"Node Type": "Index Scan","Parent Relationship": "Inner","Parallel Aware": false,"Async Capable": false,"Scan Direction": "Forward","Index Name": "idx_lineitem_orderkey","Relation Name": "lineitem","Alias": "lineitem","Startup Cost": 0.43,"Total Cost": 4.65,"Plan Rows": 4,"Plan Width": 16,"Actual Startup Time": 0.010,"Actual Total Time": 0.012,"Actual Rows": 2,"Actual Loops": 57280,"Index Cond": "(l_orderkey = orders.o_orderkey)","Rows Removed by Index Recheck": 0,"Filter": "(l_returnflag = 'R'::bpchar)","Rows Removed by Filter": 2,"Workers": []}]},{"Node Type": "Hash","Parent Relationship": "Inner","Parallel Aware": true,"Async Capable": false,"Startup Cost": 4210.00,"Total Cost": 4210.00,"Plan Rows": 62500,"Plan Width": 148,"Actual Startup Time": 56.151,"Actual Total Time": 56.157,"Actual Rows": 37500,"Actual Loops": 4,"Hash Buckets": 262144,"Original Hash Buckets": 262144,"Hash Batches": 1,"Original Hash Batches": 1,"Peak Memory Usage": 29312,"Workers": [],"Plans": [{"Node Type": "Seq Scan","Parent Relationship": "Outer","Parallel Aware": true,"Async Capable": false,"Relation Name": "customer","Alias": "customer","Startup Cost": 0.00,"Total Cost": 4210.00,"Plan Rows": 62500,"Plan Width": 148,"Actual Startup Time": 0.028,"Actual Total Time": 26.217,"Actual Rows": 37500,"Actual Loops": 4,"Workers": []}]}]},{"Node Type": "Hash","Parent Relationship": "Inner","Parallel Aware": false,"Async Capable": false,"Startup Cost": 1.25,"Total Cost": 1.25,"Plan Rows": 25,"Plan Width": 108,"Actual Startup Time": 0.109,"Actual Total Time": 0.115,"Actual Rows": 25,"Actual Loops": 4,"Hash Buckets": 1024,"Original Hash Buckets": 1024,"Hash Batches": 1,"Original Hash Batches": 1,"Peak Memory Usage": 10,"Workers": [],"Plans": [{"Node Type": "Seq Scan","Parent Relationship": "Outer","Parallel Aware": false,"Async Capable": false,"Relation Name": "nation","Alias": "nation","Startup Cost": 0.00,"Total Cost": 1.25,"Plan Rows": 25,"Plan Width": 108,"Actual Startup Time": 0.076,"Actual Total Time": 0.083,"Actual Rows": 25,"Actual Loops": 4,"Workers": []}]}]}]}]}]},"Planning Time": 6.852,"Triggers": [],"Execution Time": 641.259}]
[{"Plan": {"Node Type": "Sort","Parallel Aware": false,"Async Capable": false,"Startup Cost": 135294.26,"Total Cost": 135443.48,"Plan Rows": 59689,"Plan Width": 280,"Actual Startup Time": 545.457,"Actual Total Time": 585.279,"Actual Rows": 35593,"Actual Loops": 1,"Sort Key": ["(sum((lineitem.l_extendedprice * ('1'::numeric - lineitem.l_discount)))) DESC"],"Sort Method": "quicksort","Sort Space Used": 9317,"Sort Space Type": "Memory","Plans": [{"Node Type": "Aggregate","Strategy": "Hashed","Partial Mode": "Simple","Parent Relationship": "Outer","Parallel Aware": false,"Async Capable": false,"Startup Cost": 129813.27,"Total Cost": 130559.38,"Plan Rows": 59689,"Plan Width": 280,"Actual Startup Time": 389.996,"Actual Total Time": 517.393,"Actual Rows": 35593,"Actual Loops": 1,"Group Key": ["customer.c_custkey", "nation.n_name"],"Planned Partitions": 0,"HashAgg Batches": 1,"Peak Memory Usage": 27665,"Disk Usage": 0,"Plans": [{"Node Type": "Gather","Parent Relationship": "Outer","Parallel Aware": false,"Async Capable": false,"Startup Cost": 6830.97,"Total Cost": 129067.15,"Plan Rows": 59689,"Plan Width": 260,"Actual Startup Time": 76.518,"Actual Total Time": 281.363,"Actual Rows": 94907,"Actual Loops": 1,"Workers Planned": 3,"Workers Launched": 3,"Single Copy": false,"Plans": [{"Node Type": "Hash Join","Parent Relationship": "Outer","Parallel Aware": false,"Async Capable": false,"Join Type": "Inner","Startup Cost": 5830.97,"Total Cost": 122098.25,"Plan Rows": 19255,"Plan Width": 260,"Actual Startup Time": 68.775,"Actual Total Time": 339.806,"Actual Rows": 23727,"Actual Loops": 4,"Inner Unique": true,"Hash Cond": "(customer.c_nationkey = nation.n_nationkey)","Workers": [],"Plans": [{"Node Type": "Hash Join","Parent Relationship": "Outer","Parallel Aware": true,"Async Capable": false,"Join Type": "Inner","Startup Cost": 5829.40,"Total Cost": 122037.58,"Plan Rows": 19255,"Plan Width": 160,"Actual Startup Time": 68.296,"Actual Total Time": 331.130,"Actual Rows": 23727,"Actual Loops": 4,"Inner Unique": true,"Hash Cond": "(orders.o_custkey = customer.c_custkey)","Workers": [],"Plans": [{"Node Type": "Nested Loop","Parent Relationship": "Outer","Parallel Aware": false,"Async Capable": false,"Join Type": "Inner","Startup Cost": 838.15,"Total Cost": 116995.79,"Plan Rows": 19255,"Plan Width": 16,"Actual Startup Time": 13.636,"Actual Total Time": 241.200,"Actual Rows": 23727,"Actual Loops": 4,"Inner Unique": false,"Workers": [],"Plans": [{"Node Type": "Bitmap Heap Scan","Parent Relationship": "Outer","Parallel Aware": true,"Async Capable": false,"Relation Name": "orders","Alias": "orders","Startup Cost": 837.72,"Total Cost": 27226.01,"Plan Rows": 19553,"Plan Width": 8,"Actual Startup Time": 13.552,"Actual Total Time": 68.983,"Actual Rows": 14126,"Actual Loops": 4,"Recheck Cond": "((o_orderdate >= '1995-01-01'::date) AND (o_orderdate < '1995-04-01 00:00:00'::timestamp without time zone))","Rows Removed by Index Recheck": 0,"Exact Heap Blocks": 3623,"Lossy Heap Blocks": 0,"Workers": [],"Plans": [{"Node Type": "Bitmap Index Scan","Parent Relationship": "Outer","Parallel Aware": false,"Async Capable": false,"Index Name": "idx_orders_orderdate","Startup Cost": 0.00,"Total Cost": 822.57,"Plan Rows": 60614,"Plan Width": 0,"Actual Startup Time": 10.475,"Actual Total Time": 10.479,"Actual Rows": 56506,"Actual Loops": 1,"Index Cond": "((o_orderdate >= '1995-01-01'::date) AND (o_orderdate < '1995-04-01 00:00:00'::timestamp without time zone))","Workers": []}]},{"Node Type": "Index Scan","Parent Relationship": "Inner","Parallel Aware": false,"Async Capable": false,"Scan Direction": "Forward","Index Name": "idx_lineitem_orderkey","Relation Name": "lineitem","Alias": "lineitem","Startup Cost": 0.43,"Total Cost": 4.55,"Plan Rows": 4,"Plan Width": 16,"Actual Startup Time": 0.010,"Actual Total Time": 0.012,"Actual Rows": 2,"Actual Loops": 56506,"Index Cond": "(l_orderkey = orders.o_orderkey)","Rows Removed by Index Recheck": 0,"Filter": "(l_returnflag = 'R'::bpchar)","Rows Removed by Filter": 2,"Workers": []}]},{"Node Type": "Hash","Parent Relationship": "Inner","Parallel Aware": true,"Async Capable": false,"Startup Cost": 4210.00,"Total Cost": 4210.00,"Plan Rows": 62500,"Plan Width": 148,"Actual Startup Time": 54.088,"Actual Total Time": 54.097,"Actual Rows": 37500,"Actual Loops": 4,"Hash Buckets": 262144,"Original Hash Buckets": 262144,"Hash Batches": 1,"Original Hash Batches": 1,"Peak Memory Usage": 29312,"Workers": [],"Plans": [{"Node Type": "Seq Scan","Parent Relationship": "Outer","Parallel Aware": true,"Async Capable": false,"Relation Name": "customer","Alias": "customer","Startup Cost": 0.00,"Total Cost": 4210.00,"Plan Rows": 62500,"Plan Width": 148,"Actual Startup Time": 0.033,"Actual Total Time": 23.775,"Actual Rows": 37500,"Actual Loops": 4,"Workers": []}]}]},{"Node Type": "Hash","Parent Relationship": "Inner","Parallel Aware": false,"Async Capable": false,"Startup Cost": 1.25,"Total Cost": 1.25,"Plan Rows": 25,"Plan Width": 108,"Actual Startup Time": 0.094,"Actual Total Time": 0.098,"Actual Rows": 25,"Actual Loops": 4,"Hash Buckets": 1024,"Original Hash Buckets": 1024,"Hash Batches": 1,"Original Hash Batches": 1,"Peak Memory Usage": 10,"Workers": [],"Plans": [{"Node Type": "Seq Scan","Parent Relationship": "Outer","Parallel Aware": false,"Async Capable": false,"Relation Name": "nation","Alias": "nation","Startup Cost": 0.00,"Total Cost": 1.25,"Plan Rows": 25,"Plan Width": 108,"Actual Startup Time": 0.062,"Actual Total Time": 0.068,"Actual Rows": 25,"Actual Loops": 4,"Workers": []}]}]}]}]}]},"Planning Time": 7.620,"Triggers": [],"Execution Time": 593.147}]
[{"Plan": {"Node Type": "Sort","Parallel Aware": false,"Async Capable": false,"Startup Cost": 127549.79,"Total Cost": 127684.44,"Plan Rows": 53858,"Plan Width": 280,"Actual Startup Time": 605.399,"Actual Total Time": 645.666,"Actual Rows": 37880,"Actual Loops": 1,"Sort Key": ["(sum((lineitem.l_extendedprice * ('1'::numeric - lineitem.l_discount)))) DESC"],"Sort Method": "quicksort","Sort Space Used": 9830,"Sort Space Type": "Memory","Plans": [{"Node Type": "Aggregate","Strategy": "Hashed","Partial Mode": "Simple","Parent Relationship": "Outer","Parallel Aware": false,"Async Capable": false,"Startup Cost": 122644.17,"Total Cost": 123317.39,"Plan Rows": 53858,"Plan Width": 280,"Actual Startup Time": 424.771,"Actual Total Time": 574.608,"Actual Rows": 37880,"Actual Loops": 1,"Group Key": ["customer.c_custkey", "nation.n_name"],"Planned Partitions": 0,"HashAgg Batches": 1,"Peak Memory Usage": 26129,"Disk Usage": 0,"Plans": [{"Node Type": "Gather","Parent Relationship": "Outer","Parallel Aware": false,"Async Capable": false,"Startup Cost": 6750.28,"Total Cost": 121970.94,"Plan Rows": 53858,"Plan Width": 260,"Actual Startup Time": 85.178,"Actual Total Time": 295.165,"Actual Rows": 114508,"Actual Loops": 1,"Workers Planned": 3,"Workers Launched": 3,"Single Copy": false,"Plans": [{"Node Type": "Hash Join","Parent Relationship": "Outer","Parallel Aware": false,"Async Capable": false,"Join Type": "Inner","Startup Cost": 5750.28,"Total Cost": 115585.14,"Plan Rows": 17374,"Plan Width": 260,"Actual Startup Time": 78.100,"Actual Total Time": 368.715,"Actual Rows": 28627,"Actual Loops": 4,"Inner Unique": true,"Hash Cond": "(customer.c_nationkey = nation.n_nationkey)","Workers": [],"Plans": [{"Node Type": "Hash Join","Parent Relationship": "Outer","Parallel Aware": true,"Async Capable": false,"Join Type": "Inner","Startup Cost": 5748.71,"Total Cost": 115530.24,"Plan Rows": 17374,"Plan Width": 160,"Actual Startup Time": 77.678,"Actual Total Time": 360.085,"Actual Rows": 28627,"Actual Loops": 4,"Inner Unique": true,"Hash Cond": "(orders.o_custkey = customer.c_custkey)","Workers": [],"Plans": [{"Node Type": "Nested Loop","Parent Relationship": "Outer","Parallel Aware": false,"Async Capable": false,"Join Type": "Inner","Startup Cost": 757.46,"Total Cost": 110493.39,"Plan Rows": 17374,"Plan Width": 16,"Actual Startup Time": 13.130,"Actual Total Time": 256.172,"Actual Rows": 28627,"Actual Loops": 4,"Inner Unique": false,"Workers": [],"Plans": [{"Node Type": "Bitmap Heap Scan","Parent Relationship": "Outer","Parallel Aware": true,"Async Capable": false,"Relation Name": "orders","Alias": "orders","Startup Cost": 757.03,"Total Cost": 27116.67,"Plan Rows": 17643,"Plan Width": 8,"Actual Startup Time": 13.063,"Actual Total Time": 71.665,"Actual Rows": 14273,"Actual Loops": 4,"Recheck Cond": "((o_orderdate >= '1993-05-01'::date) AND (o_orderdate < '1993-08-01 00:00:00'::timestamp without time zone))","Rows Removed by Index Recheck": 0,"Exact Heap Blocks": 3695,"Lossy Heap Blocks": 0,"Workers": [],"Plans": [{"Node Type": "Bitmap Index Scan","Parent Relationship": "Outer","Parallel Aware": false,"Async Capable": false,"Index Name": "idx_orders_orderdate","Startup Cost": 0.00,"Total Cost": 743.36,"Plan Rows": 54693,"Plan Width": 0,"Actual Startup Time": 9.957,"Actual Total Time": 9.964,"Actual Rows": 57093,"Actual Loops": 1,"Index Cond": "((o_orderdate >= '1993-05-01'::date) AND (o_orderdate < '1993-08-01 00:00:00'::timestamp without time zone))","Workers": []}]},{"Node Type": "Index Scan","Parent Relationship": "Inner","Parallel Aware": false,"Async Capable": false,"Scan Direction": "Forward","Index Name": "idx_lineitem_orderkey","Relation Name": "lineitem","Alias": "lineitem","Startup Cost": 0.43,"Total Cost": 4.69,"Plan Rows": 4,"Plan Width": 16,"Actual Startup Time": 0.011,"Actual Total Time": 0.013,"Actual Rows": 2,"Actual Loops": 57093,"Index Cond": "(l_orderkey = orders.o_orderkey)","Rows Removed by Index Recheck": 0,"Filter": "(l_returnflag = 'R'::bpchar)","Rows Removed by Filter": 2,"Workers": []}]},{"Node Type": "Hash","Parent Relationship": "Inner","Parallel Aware": true,"Async Capable": false,"Startup Cost": 4210.00,"Total Cost": 4210.00,"Plan Rows": 62500,"Plan Width": 148,"Actual Startup Time": 63.988,"Actual Total Time": 63.994,"Actual Rows": 37500,"Actual Loops": 4,"Hash Buckets": 262144,"Original Hash Buckets": 262144,"Hash Batches": 1,"Original Hash Batches": 1,"Peak Memory Usage": 29344,"Workers": [],"Plans": [{"Node Type": "Seq Scan","Parent Relationship": "Outer","Parallel Aware": true,"Async Capable": false,"Relation Name": "customer","Alias": "customer","Startup Cost": 0.00,"Total Cost": 4210.00,"Plan Rows": 62500,"Plan Width": 148,"Actual Startup Time": 0.034,"Actual Total Time": 28.777,"Actual Rows": 37500,"Actual Loops": 4,"Workers": []}]}]},{"Node Type": "Hash","Parent Relationship": "Inner","Parallel Aware": false,"Async Capable": false,"Startup Cost": 1.25,"Total Cost": 1.25,"Plan Rows": 25,"Plan Width": 108,"Actual Startup Time": 0.078,"Actual Total Time": 0.083,"Actual Rows": 25,"Actual Loops": 4,"Hash Buckets": 1024,"Original Hash Buckets": 1024,"Hash Batches": 1,"Original Hash Batches": 1,"Peak Memory Usage": 10,"Workers": [],"Plans": [{"Node Type": "Seq Scan","Parent Relationship": "Outer","Parallel Aware": false,"Async Capable": false,"Relation Name": "nation","Alias": "nation","Startup Cost": 0.00,"Total Cost": 1.25,"Plan Rows": 25,"Plan Width": 108,"Actual Startup Time": 0.048,"Actual Total Time": 0.055,"Actual Rows": 25,"Actual Loops": 4,"Workers": []}]}]}]}]}]},"Planning Time": 7.141,"Triggers": [],"Execution Time": 649.992}]
[{"Plan": {"Node Type": "Sort","Parallel Aware": false,"Async Capable": false,"Startup Cost": 127549.79,"Total Cost": 127684.44,"Plan Rows": 53858,"Plan Width": 280,"Actual Startup Time": 605.399,"Actual Total Time": 645.666,"Actual Rows": 37880,"Actual Loops": 1,"Sort Key": ["(sum((lineitem.l_extendedprice * ('1'::numeric - lineitem.l_discount)))) DESC"],"Sort Method": "quicksort","Sort Space Used": 9830,"Sort Space Type": "Memory","Plans": [{"Node Type": "Aggregate","Strategy": "Hashed","Partial Mode": "Simple","Parent Relationship": "Outer","Parallel Aware": false,"Async Capable": false,"Startup Cost": 122644.17,"Total Cost": 123317.39,"Plan Rows": 53858,"Plan Width": 280,"Actual Startup Time": 424.771,"Actual Total Time": 574.608,"Actual Rows": 37880,"Actual Loops": 1,"Group Key": ["customer.c_custkey", "nation.n_name"],"Planned Partitions": 0,"HashAgg Batches": 1,"Peak Memory Usage": 26129,"Disk Usage": 0,"Plans": [{"Node Type": "Gather","Parent Relationship": "Outer","Parallel Aware": false,"Async Capable": false,"Startup Cost": 6750.28,"Total Cost": 121970.94,"Plan Rows": 53858,"Plan Width": 260,"Actual Startup Time": 85.178,"Actual Total Time": 295.165,"Actual Rows": 114508,"Actual Loops": 1,"Workers Planned": 3,"Workers Launched": 3,"Single Copy": false,"Plans": [{"Node Type": "Hash Join","Parent Relationship": "Outer","Parallel Aware": false,"Async Capable": false,"Join Type": "Inner","Startup Cost": 5750.28,"Total Cost": 115585.14,"Plan Rows": 17374,"Plan Width": 260,"Actual Startup Time": 78.100,"Actual Total Time": 368.715,"Actual Rows": 28627,"Actual Loops": 4,"Inner Unique": true,"Hash Cond": "(customer.c_nationkey = nation.n_nationkey)","Workers": [],"Plans": [{"Node Type": "Hash Join","Parent Relationship": "Outer","Parallel Aware": true,"Async Capable": false,"Join Type": "Inner","Startup Cost": 5748.71,"Total Cost": 115530.24,"Plan Rows": 17374,"Plan Width": 160,"Actual Startup Time": 77.678,"Actual Total Time": 360.085,"Actual Rows": 28627,"Actual Loops": 4,"Inner Unique": true,"Hash Cond": "(orders.o_custkey = customer.c_custkey)","Workers": [],"Plans": [{"Node Type": "Nested Loop","Parent Relationship": "Outer","Parallel Aware": false,"Async Capable": false,"Join Type": "Inner","Startup Cost": 757.46,"Total Cost": 110493.39,"Plan Rows": 17374,"Plan Width": 16,"Actual Startup Time": 13.130,"Actual Total Time": 256.172,"Actual Rows": 28627,"Actual Loops": 4,"Inner Unique": false,"Workers": [],"Plans": [{"Node Type": "Bitmap Heap Scan","Parent Relationship": "Outer","Parallel Aware": true,"Async Capable": false,"Relation Name": "orders","Alias": "orders","Startup Cost": 757.03,"Total Cost": 27116.67,"Plan Rows": 17643,"Plan Width": 8,"Actual Startup Time": 13.063,"Actual Total Time": 71.665,"Actual Rows": 14273,"Actual Loops": 4,"Recheck Cond": "((o_orderdate >= '1993-05-01'::date) AND (o_orderdate < '1993-08-01 00:00:00'::timestamp without time zone))","Rows Removed by Index Recheck": 0,"Exact Heap Blocks": 3695,"Lossy Heap Blocks": 0,"Workers": [],"Plans": [{"Node Type": "Bitmap Index Scan","Parent Relationship": "Outer","Parallel Aware": false,"Async Capable": false,"Index Name": "idx_orders_orderdate","Startup Cost": 0.00,"Total Cost": 743.36,"Plan Rows": 54693,"Plan Width": 0,"Actual Startup Time": 9.957,"Actual Total Time": 9.964,"Actual Rows": 57093,"Actual Loops": 1,"Index Cond": "((o_orderdate >= '1993-05-01'::date) AND (o_orderdate < '1993-08-01 00:00:00'::timestamp without time zone))","Workers": []}]},{"Node Type": "Index Scan","Parent Relationship": "Inner","Parallel Aware": false,"Async Capable": false,"Scan Direction": "Forward","Index Name": "idx_lineitem_orderkey","Relation Name": "lineitem","Alias": "lineitem","Startup Cost": 0.43,"Total Cost": 4.69,"Plan Rows": 4,"Plan Width": 16,"Actual Startup Time": 0.011,"Actual Total Time": 0.013,"Actual Rows": 2,"Actual Loops": 57093,"Index Cond": "(l_orderkey = orders.o_orderkey)","Rows Removed by Index Recheck": 0,"Filter": "(l_returnflag = 'R'::bpchar)","Rows Removed by Filter": 2,"Workers": []}]},{"Node Type": "Hash","Parent Relationship": "Inner","Parallel Aware": true,"Async Capable": false,"Startup Cost": 4210.00,"Total Cost": 4210.00,"Plan Rows": 62500,"Plan Width": 148,"Actual Startup Time": 63.988,"Actual Total Time": 63.994,"Actual Rows": 37500,"Actual Loops": 4,"Hash Buckets": 262144,"Original Hash Buckets": 262144,"Hash Batches": 1,"Original Hash Batches": 1,"Peak Memory Usage": 29344,"Workers": [],"Plans": [{"Node Type": "Seq Scan","Parent Relationship": "Outer","Parallel Aware": true,"Async Capable": false,"Relation Name": "customer","Alias": "customer","Startup Cost": 0.00,"Total Cost": 4210.00,"Plan Rows": 62500,"Plan Width": 148,"Actual Startup Time": 0.034,"Actual Total Time": 28.777,"Actual Rows": 37500,"Actual Loops": 4,"Workers": []}]}]},{"Node Type": "Hash","Parent Relationship": "Inner","Parallel Aware": false,"Async Capable": false,"Startup Cost": 1.25,"Total Cost": 1.25,"Plan Rows": 25,"Plan Width": 108,"Actual Startup Time": 0.078,"Actual Total Time": 0.083,"Actual Rows": 25,"Actual Loops": 4,"Hash Buckets": 1024,"Original Hash Buckets": 1024,"Hash Batches": 1,"Original Hash Batches": 1,"Peak Memory Usage": 10,"Workers": [],"Plans": [{"Node Type": "Seq Scan","Parent Relationship": "Outer","Parallel Aware": false,"Async Capable": false,"Relation Name": "nation","Alias": "nation","Startup Cost": 0.00,"Total Cost": 1.25,"Plan Rows": 25,"Plan Width": 108,"Actual Startup Time": 0.048,"Actual Total Time": 0.055,"Actual Rows": 25,"Actual Loops": 4,"Workers": []}]}]}]}]}]},"Planning Time": 7.141,"Triggers": [],"Execution Time": 649.992}]
[{"Plan": {"Node Type": "Sort","Parallel Aware": false,"Async Capable": false,"Startup Cost": 134586.43,"Total Cost": 134734.30,"Plan Rows": 59150,"Plan Width": 280,"Actual Startup Time": 563.586,"Actual Total Time": 604.383,"Actual Rows": 37293,"Actual Loops": 1,"Sort Key": ["(sum((lineitem.l_extendedprice * ('1'::numeric - lineitem.l_discount)))) DESC"],"Sort Method": "quicksort","Sort Space Used": 9691,"Sort Space Type": "Memory","Plans": [{"Node Type": "Aggregate","Strategy": "Hashed","Partial Mode": "Simple","Parent Relationship": "Outer","Parallel Aware": false,"Async Capable": false,"Startup Cost": 129158.80,"Total Cost": 129898.17,"Plan Rows": 59150,"Plan Width": 280,"Actual Startup Time": 392.436,"Actual Total Time": 532.730,"Actual Rows": 37293,"Actual Loops": 1,"Group Key": ["customer.c_custkey", "nation.n_name"],"Planned Partitions": 0,"HashAgg Batches": 1,"Peak Memory Usage": 27665,"Disk Usage": 0,"Plans": [{"Node Type": "Gather","Parent Relationship": "Outer","Parallel Aware": false,"Async Capable": false,"Startup Cost": 6825.36,"Total Cost": 128419.42,"Plan Rows": 59150,"Plan Width": 260,"Actual Startup Time": 75.957,"Actual Total Time": 271.680,"Actual Rows": 108779,"Actual Loops": 1,"Workers Planned": 3,"Workers Launched": 3,"Single Copy": false,"Plans": [{"Node Type": "Hash Join","Parent Relationship": "Outer","Parallel Aware": false,"Async Capable": false,"Join Type": "Inner","Startup Cost": 5825.36,"Total Cost": 121504.42,"Plan Rows": 19081,"Plan Width": 260,"Actual Startup Time": 69.040,"Actual Total Time": 339.341,"Actual Rows": 27195,"Actual Loops": 4,"Inner Unique": true,"Hash Cond": "(customer.c_nationkey = nation.n_nationkey)","Workers": [],"Plans": [{"Node Type": "Hash Join","Parent Relationship": "Outer","Parallel Aware": true,"Async Capable": false,"Join Type": "Inner","Startup Cost": 5823.80,"Total Cost": 121444.28,"Plan Rows": 19081,"Plan Width": 160,"Actual Startup Time": 68.657,"Actual Total Time": 330.758,"Actual Rows": 27195,"Actual Loops": 4,"Inner Unique": true,"Hash Cond": "(orders.o_custkey = customer.c_custkey)","Workers": [],"Plans": [{"Node Type": "Nested Loop","Parent Relationship": "Outer","Parallel Aware": false,"Async Capable": false,"Join Type": "Inner","Startup Cost": 832.55,"Total Cost": 116402.95,"Plan Rows": 19081,"Plan Width": 16,"Actual Startup Time": 13.292,"Actual Total Time": 236.377,"Actual Rows": 27195,"Actual Loops": 4,"Inner Unique": false,"Workers": [],"Plans": [{"Node Type": "Bitmap Heap Scan","Parent Relationship": "Outer","Parallel Aware": true,"Async Capable": false,"Relation Name": "orders","Alias": "orders","Startup Cost": 832.11,"Total Cost": 27217.76,"Plan Rows": 19376,"Plan Width": 8,"Actual Startup Time": 13.230,"Actual Total Time": 65.610,"Actual Rows": 14144,"Actual Loops": 4,"Recheck Cond": "((o_orderdate >= '1994-12-01'::date) AND (o_orderdate < '1995-03-01 00:00:00'::timestamp without time zone))","Rows Removed by Index Recheck": 0,"Exact Heap Blocks": 3506,"Lossy Heap Blocks": 0,"Workers": [],"Plans": [{"Node Type": "Bitmap Index Scan","Parent Relationship": "Outer","Parallel Aware": false,"Async Capable": false,"Index Name": "idx_orders_orderdate","Startup Cost": 0.00,"Total Cost": 817.10,"Plan Rows": 60067,"Plan Width": 0,"Actual Startup Time": 10.114,"Actual Total Time": 10.122,"Actual Rows": 56577,"Actual Loops": 1,"Index Cond": "((o_orderdate >= '1994-12-01'::date) AND (o_orderdate < '1995-03-01 00:00:00'::timestamp without time zone))","Workers": []}]},{"Node Type": "Index Scan","Parent Relationship": "Inner","Parallel Aware": false,"Async Capable": false,"Scan Direction": "Forward","Index Name": "idx_lineitem_orderkey","Relation Name": "lineitem","Alias": "lineitem","Startup Cost": 0.43,"Total Cost": 4.56,"Plan Rows": 4,"Plan Width": 16,"Actual Startup Time": 0.010,"Actual Total Time": 0.012,"Actual Rows": 2,"Actual Loops": 56577,"Index Cond": "(l_orderkey = orders.o_orderkey)","Rows Removed by Index Recheck": 0,"Filter": "(l_returnflag = 'R'::bpchar)","Rows Removed by Filter": 2,"Workers": []}]},{"Node Type": "Hash","Parent Relationship": "Inner","Parallel Aware": true,"Async Capable": false,"Startup Cost": 4210.00,"Total Cost": 4210.00,"Plan Rows": 62500,"Plan Width": 148,"Actual Startup Time": 54.812,"Actual Total Time": 54.818,"Actual Rows": 37500,"Actual Loops": 4,"Hash Buckets": 262144,"Original Hash Buckets": 262144,"Hash Batches": 1,"Original Hash Batches": 1,"Peak Memory Usage": 29312,"Workers": [],"Plans": [{"Node Type": "Seq Scan","Parent Relationship": "Outer","Parallel Aware": true,"Async Capable": false,"Relation Name": "customer","Alias": "customer","Startup Cost": 0.00,"Total Cost": 4210.00,"Plan Rows": 62500,"Plan Width": 148,"Actual Startup Time": 0.022,"Actual Total Time": 23.786,"Actual Rows": 37500,"Actual Loops": 4,"Workers": []}]}]},{"Node Type": "Hash","Parent Relationship": "Inner","Parallel Aware": false,"Async Capable": false,"Startup Cost": 1.25,"Total Cost": 1.25,"Plan Rows": 25,"Plan Width": 108,"Actual Startup Time": 0.089,"Actual Total Time": 0.092,"Actual Rows": 25,"Actual Loops": 4,"Hash Buckets": 1024,"Original Hash Buckets": 1024,"Hash Batches": 1,"Original Hash Batches": 1,"Peak Memory Usage": 10,"Workers": [],"Plans": [{"Node Type": "Seq Scan","Parent Relationship": "Outer","Parallel Aware": false,"Async Capable": false,"Relation Name": "nation","Alias": "nation","Startup Cost": 0.00,"Total Cost": 1.25,"Plan Rows": 25,"Plan Width": 108,"Actual Startup Time": 0.062,"Actual Total Time": 0.067,"Actual Rows": 25,"Actual Loops": 4,"Workers": []}]}]}]}]}]},"Planning Time": 7.387,"Triggers": [],"Execution Time": 611.176}]
[{"Plan": {"Node Type": "Sort","Parallel Aware": false,"Async Capable": false,"Startup Cost": 132582.38,"Total Cost": 132726.46,"Plan Rows": 57631,"Plan Width": 280,"Actual Startup Time": 594.605,"Actual Total Time": 635.479,"Actual Rows": 38076,"Actual Loops": 1,"Sort Key": ["(sum((lineitem.l_extendedprice * ('1'::numeric - lineitem.l_discount)))) DESC"],"Sort Method": "quicksort","Sort Space Used": 9866,"Sort Space Type": "Memory","Plans": [{"Node Type": "Aggregate","Strategy": "Hashed","Partial Mode": "Simple","Parent Relationship": "Outer","Parallel Aware": false,"Async Capable": false,"Startup Cost": 127304.95,"Total Cost": 128025.33,"Plan Rows": 57631,"Plan Width": 280,"Actual Startup Time": 413.856,"Actual Total Time": 559.474,"Actual Rows": 38076,"Actual Loops": 1,"Group Key": ["customer.c_custkey", "nation.n_name"],"Planned Partitions": 0,"HashAgg Batches": 1,"Peak Memory Usage": 26129,"Disk Usage": 0,"Plans": [{"Node Type": "Gather","Parent Relationship": "Outer","Parallel Aware": false,"Async Capable": false,"Startup Cost": 6801.55,"Total Cost": 126584.56,"Plan Rows": 57631,"Plan Width": 260,"Actual Startup Time": 77.339,"Actual Total Time": 288.422,"Actual Rows": 114347,"Actual Loops": 1,"Workers Planned": 3,"Workers Launched": 3,"Single Copy": false,"Plans": [{"Node Type": "Hash Join","Parent Relationship": "Outer","Parallel Aware": false,"Async Capable": false,"Join Type": "Inner","Startup Cost": 5801.55,"Total Cost": 119821.46,"Plan Rows": 18591,"Plan Width": 260,"Actual Startup Time": 69.518,"Actual Total Time": 357.514,"Actual Rows": 28587,"Actual Loops": 4,"Inner Unique": true,"Hash Cond": "(customer.c_nationkey = nation.n_nationkey)","Workers": [],"Plans": [{"Node Type": "Hash Join","Parent Relationship": "Outer","Parallel Aware": true,"Async Capable": false,"Join Type": "Inner","Startup Cost": 5799.99,"Total Cost": 119762.82,"Plan Rows": 18591,"Plan Width": 160,"Actual Startup Time": 69.031,"Actual Total Time": 348.106,"Actual Rows": 28587,"Actual Loops": 4,"Inner Unique": true,"Hash Cond": "(orders.o_custkey = customer.c_custkey)","Workers": [],"Plans": [{"Node Type": "Nested Loop","Parent Relationship": "Outer","Parallel Aware": false,"Async Capable": false,"Join Type": "Inner","Startup Cost": 808.74,"Total Cost": 114722.77,"Plan Rows": 18591,"Plan Width": 16,"Actual Startup Time": 13.204,"Actual Total Time": 250.327,"Actual Rows": 28587,"Actual Loops": 4,"Inner Unique": false,"Workers": [],"Plans": [{"Node Type": "Bitmap Heap Scan","Parent Relationship": "Outer","Parallel Aware": true,"Async Capable": false,"Relation Name": "orders","Alias": "orders","Startup Cost": 808.31,"Total Cost": 27186.49,"Plan Rows": 18879,"Plan Width": 8,"Actual Startup Time": 13.115,"Actual Total Time": 71.395,"Actual Rows": 14278,"Actual Loops": 4,"Recheck Cond": "((o_orderdate >= '1994-08-01'::date) AND (o_orderdate < '1994-11-01 00:00:00'::timestamp without time zone))","Rows Removed by Index Recheck": 0,"Exact Heap Blocks": 3565,"Lossy Heap Blocks": 0,"Workers": [],"Plans": [{"Node Type": "Bitmap Index Scan","Parent Relationship": "Outer","Parallel Aware": false,"Async Capable": false,"Index Name": "idx_orders_orderdate","Startup Cost": 0.00,"Total Cost": 793.68,"Plan Rows": 58525,"Plan Width": 0,"Actual Startup Time": 9.999,"Actual Total Time": 10.002,"Actual Rows": 57111,"Actual Loops": 1,"Index Cond": "((o_orderdate >= '1994-08-01'::date) AND (o_orderdate < '1994-11-01 00:00:00'::timestamp without time zone))","Workers": []}]},{"Node Type": "Index Scan","Parent Relationship": "Inner","Parallel Aware": false,"Async Capable": false,"Scan Direction": "Forward","Index Name": "idx_lineitem_orderkey","Relation Name": "lineitem","Alias": "lineitem","Startup Cost": 0.43,"Total Cost": 4.60,"Plan Rows": 4,"Plan Width": 16,"Actual Startup Time": 0.010,"Actual Total Time": 0.012,"Actual Rows": 2,"Actual Loops": 57111,"Index Cond": "(l_orderkey = orders.o_orderkey)","Rows Removed by Index Recheck": 0,"Filter": "(l_returnflag = 'R'::bpchar)","Rows Removed by Filter": 2,"Workers": []}]},{"Node Type": "Hash","Parent Relationship": "Inner","Parallel Aware": true,"Async Capable": false,"Startup Cost": 4210.00,"Total Cost": 4210.00,"Plan Rows": 62500,"Plan Width": 148,"Actual Startup Time": 55.208,"Actual Total Time": 55.214,"Actual Rows": 37500,"Actual Loops": 4,"Hash Buckets": 262144,"Original Hash Buckets": 262144,"Hash Batches": 1,"Original Hash Batches": 1,"Peak Memory Usage": 29312,"Workers": [],"Plans": [{"Node Type": "Seq Scan","Parent Relationship": "Outer","Parallel Aware": true,"Async Capable": false,"Relation Name": "customer","Alias": "customer","Startup Cost": 0.00,"Total Cost": 4210.00,"Plan Rows": 62500,"Plan Width": 148,"Actual Startup Time": 0.029,"Actual Total Time": 24.765,"Actual Rows": 37500,"Actual Loops": 4,"Workers": []}]}]},{"Node Type": "Hash","Parent Relationship": "Inner","Parallel Aware": false,"Async Capable": false,"Startup Cost": 1.25,"Total Cost": 1.25,"Plan Rows": 25,"Plan Width": 108,"Actual Startup Time": 0.096,"Actual Total Time": 0.101,"Actual Rows": 25,"Actual Loops": 4,"Hash Buckets": 1024,"Original Hash Buckets": 1024,"Hash Batches": 1,"Original Hash Batches": 1,"Peak Memory Usage": 10,"Workers": [],"Plans": [{"Node Type": "Seq Scan","Parent Relationship": "Outer","Parallel Aware": false,"Async Capable": false,"Relation Name": "nation","Alias": "nation","Startup Cost": 0.00,"Total Cost": 1.25,"Plan Rows": 25,"Plan Width": 108,"Actual Startup Time": 0.058,"Actual Total Time": 0.064,"Actual Rows": 25,"Actual Loops": 4,"Workers": []}]}]}]}]}]},"Planning Time": 6.903,"Triggers": [],"Execution Time": 641.389}]
[{"Plan": {"Node Type": "Sort","Parallel Aware": false,"Async Capable": false,"Startup Cost": 135821.55,"Total Cost": 135971.77,"Plan Rows": 60088,"Plan Width": 280,"Actual Startup Time": 612.241,"Actual Total Time": 654.721,"Actual Rows": 38271,"Actual Loops": 1,"Sort Key": ["(sum((lineitem.l_extendedprice * ('1'::numeric - lineitem.l_discount)))) DESC"],"Sort Method": "quicksort","Sort Space Used": 9908,"Sort Space Type": "Memory","Plans": [{"Node Type": "Aggregate","Strategy": "Hashed","Partial Mode": "Simple","Parent Relationship": "Outer","Parallel Aware": false,"Async Capable": false,"Startup Cost": 130301.02,"Total Cost": 131052.12,"Plan Rows": 60088,"Plan Width": 280,"Actual Startup Time": 429.301,"Actual Total Time": 581.634,"Actual Rows": 38271,"Actual Loops": 1,"Group Key": ["customer.c_custkey", "nation.n_name"],"Planned Partitions": 0,"HashAgg Batches": 1,"Peak Memory Usage": 27665,"Disk Usage": 0,"Plans": [{"Node Type": "Gather","Parent Relationship": "Outer","Parallel Aware": false,"Async Capable": false,"Startup Cost": 6839.13,"Total Cost": 129549.92,"Plan Rows": 60088,"Plan Width": 260,"Actual Startup Time": 85.611,"Actual Total Time": 294.175,"Actual Rows": 115282,"Actual Loops": 1,"Workers Planned": 3,"Workers Launched": 3,"Single Copy": false,"Plans": [{"Node Type": "Hash Join","Parent Relationship": "Outer","Parallel Aware": false,"Async Capable": false,"Join Type": "Inner","Startup Cost": 5839.13,"Total Cost": 122541.12,"Plan Rows": 19383,"Plan Width": 260,"Actual Startup Time": 78.447,"Actual Total Time": 371.364,"Actual Rows": 28820,"Actual Loops": 4,"Inner Unique": true,"Hash Cond": "(customer.c_nationkey = nation.n_nationkey)","Workers": [],"Plans": [{"Node Type": "Hash Join","Parent Relationship": "Outer","Parallel Aware": true,"Async Capable": false,"Join Type": "Inner","Startup Cost": 5837.56,"Total Cost": 122480.06,"Plan Rows": 19383,"Plan Width": 160,"Actual Startup Time": 78.051,"Actual Total Time": 362.469,"Actual Rows": 28820,"Actual Loops": 4,"Inner Unique": true,"Hash Cond": "(orders.o_custkey = customer.c_custkey)","Workers": [],"Plans": [{"Node Type": "Nested Loop","Parent Relationship": "Outer","Parallel Aware": false,"Async Capable": false,"Join Type": "Inner","Startup Cost": 846.31,"Total Cost": 117437.93,"Plan Rows": 19383,"Plan Width": 16,"Actual Startup Time": 13.660,"Actual Total Time": 255.763,"Actual Rows": 28820,"Actual Loops": 4,"Inner Unique": false,"Workers": [],"Plans": [{"Node Type": "Bitmap Heap Scan","Parent Relationship": "Outer","Parallel Aware": true,"Async Capable": false,"Relation Name": "orders","Alias": "orders","Startup Cost": 845.88,"Total Cost": 27236.14,"Plan Rows": 19684,"Plan Width": 8,"Actual Startup Time": 13.594,"Actual Total Time": 71.334,"Actual Rows": 14421,"Actual Loops": 4,"Recheck Cond": "((o_orderdate >= '1994-11-01'::date) AND (o_orderdate < '1995-02-01 00:00:00'::timestamp without time zone))","Rows Removed by Index Recheck": 0,"Exact Heap Blocks": 3552,"Lossy Heap Blocks": 0,"Workers": [],"Plans": [{"Node Type": "Bitmap Index Scan","Parent Relationship": "Outer","Parallel Aware": false,"Async Capable": false,"Index Name": "idx_orders_orderdate","Startup Cost": 0.00,"Total Cost": 830.63,"Plan Rows": 61020,"Plan Width": 0,"Actual Startup Time": 10.499,"Actual Total Time": 10.499,"Actual Rows": 57683,"Actual Loops": 1,"Index Cond": "((o_orderdate >= '1994-11-01'::date) AND (o_orderdate < '1995-02-01 00:00:00'::timestamp without time zone))","Workers": []}]},{"Node Type": "Index Scan","Parent Relationship": "Inner","Parallel Aware": false,"Async Capable": false,"Scan Direction": "Forward","Index Name": "idx_lineitem_orderkey","Relation Name": "lineitem","Alias": "lineitem","Startup Cost": 0.43,"Total Cost": 4.54,"Plan Rows": 4,"Plan Width": 16,"Actual Startup Time": 0.010,"Actual Total Time": 0.012,"Actual Rows": 2,"Actual Loops": 57683,"Index Cond": "(l_orderkey = orders.o_orderkey)","Rows Removed by Index Recheck": 0,"Filter": "(l_returnflag = 'R'::bpchar)","Rows Removed by Filter": 2,"Workers": []}]},{"Node Type": "Hash","Parent Relationship": "Inner","Parallel Aware": true,"Async Capable": false,"Startup Cost": 4210.00,"Total Cost": 4210.00,"Plan Rows": 62500,"Plan Width": 148,"Actual Startup Time": 63.847,"Actual Total Time": 63.854,"Actual Rows": 37500,"Actual Loops": 4,"Hash Buckets": 262144,"Original Hash Buckets": 262144,"Hash Batches": 1,"Original Hash Batches": 1,"Peak Memory Usage": 29312,"Workers": [],"Plans": [{"Node Type": "Seq Scan","Parent Relationship": "Outer","Parallel Aware": true,"Async Capable": false,"Relation Name": "customer","Alias": "customer","Startup Cost": 0.00,"Total Cost": 4210.00,"Plan Rows": 62500,"Plan Width": 148,"Actual Startup Time": 0.028,"Actual Total Time": 27.532,"Actual Rows": 37500,"Actual Loops": 4,"Workers": []}]}]},{"Node Type": "Hash","Parent Relationship": "Inner","Parallel Aware": false,"Async Capable": false,"Startup Cost": 1.25,"Total Cost": 1.25,"Plan Rows": 25,"Plan Width": 108,"Actual Startup Time": 0.090,"Actual Total Time": 0.096,"Actual Rows": 25,"Actual Loops": 4,"Hash Buckets": 1024,"Original Hash Buckets": 1024,"Hash Batches": 1,"Original Hash Batches": 1,"Peak Memory Usage": 10,"Workers": [],"Plans": [{"Node Type": "Seq Scan","Parent Relationship": "Outer","Parallel Aware": false,"Async Capable": false,"Relation Name": "nation","Alias": "nation","Startup Cost": 0.00,"Total Cost": 1.25,"Plan Rows": 25,"Plan Width": 108,"Actual Startup Time": 0.058,"Actual Total Time": 0.065,"Actual Rows": 25,"Actual Loops": 4,"Workers": []}]}]}]}]}]},"Planning Time": 7.427,"Triggers": [],"Execution Time": 660.359}]
[{"Plan": {"Node Type": "Sort","Parallel Aware": false,"Async Capable": false,"Startup Cost": 132166.82,"Total Cost": 132310.11,"Plan Rows": 57318,"Plan Width": 280,"Actual Startup Time": 590.000,"Actual Total Time": 630.537,"Actual Rows": 37972,"Actual Loops": 1,"Sort Key": ["(sum((lineitem.l_extendedprice * ('1'::numeric - lineitem.l_discount)))) DESC"],"Sort Method": "quicksort","Sort Space Used": 9843,"Sort Space Type": "Memory","Plans": [{"Node Type": "Aggregate","Strategy": "Hashed","Partial Mode": "Simple","Parent Relationship": "Outer","Parallel Aware": false,"Async Capable": false,"Startup Cost": 126920.30,"Total Cost": 127636.77,"Plan Rows": 57318,"Plan Width": 280,"Actual Startup Time": 413.108,"Actual Total Time": 556.129,"Actual Rows": 37972,"Actual Loops": 1,"Group Key": ["customer.c_custkey", "nation.n_name"],"Planned Partitions": 0,"HashAgg Batches": 1,"Peak Memory Usage": 26129,"Disk Usage": 0,"Plans": [{"Node Type": "Gather","Parent Relationship": "Outer","Parallel Aware": false,"Async Capable": false,"Startup Cost": 6798.29,"Total Cost": 126203.82,"Plan Rows": 57318,"Plan Width": 260,"Actual Startup Time": 77.619,"Actual Total Time": 286.194,"Actual Rows": 114459,"Actual Loops": 1,"Workers Planned": 3,"Workers Launched": 3,"Single Copy": false,"Plans": [{"Node Type": "Hash Join","Parent Relationship": "Outer","Parallel Aware": false,"Async Capable": false,"Join Type": "Inner","Startup Cost": 5798.29,"Total Cost": 119472.02,"Plan Rows": 18490,"Plan Width": 260,"Actual Startup Time": 70.122,"Actual Total Time": 358.029,"Actual Rows": 28615,"Actual Loops": 4,"Inner Unique": true,"Hash Cond": "(customer.c_nationkey = nation.n_nationkey)","Workers": [],"Plans": [{"Node Type": "Hash Join","Parent Relationship": "Outer","Parallel Aware": true,"Async Capable": false,"Join Type": "Inner","Startup Cost": 5796.73,"Total Cost": 119413.69,"Plan Rows": 18490,"Plan Width": 160,"Actual Startup Time": 69.815,"Actual Total Time": 349.575,"Actual Rows": 28615,"Actual Loops": 4,"Inner Unique": true,"Hash Cond": "(orders.o_custkey = customer.c_custkey)","Workers": [],"Plans": [{"Node Type": "Nested Loop","Parent Relationship": "Outer","Parallel Aware": false,"Async Capable": false,"Join Type": "Inner","Startup Cost": 805.48,"Total Cost": 114373.91,"Plan Rows": 18490,"Plan Width": 16,"Actual Startup Time": 13.081,"Actual Total Time": 249.954,"Actual Rows": 28615,"Actual Loops": 4,"Inner Unique": false,"Workers": [],"Plans": [{"Node Type": "Bitmap Heap Scan","Parent Relationship": "Outer","Parallel Aware": true,"Async Capable": false,"Relation Name": "orders","Alias": "orders","Startup Cost": 805.05,"Total Cost": 27181.70,"Plan Rows": 18776,"Plan Width": 8,"Actual Startup Time": 13.019,"Actual Total Time": 71.418,"Actual Rows": 14305,"Actual Loops": 4,"Recheck Cond": "((o_orderdate >= '1994-10-01'::date) AND (o_orderdate < '1995-01-01 00:00:00'::timestamp without time zone))","Rows Removed by Index Recheck": 0,"Exact Heap Blocks": 3518,"Lossy Heap Blocks": 0,"Workers": [],"Plans": [{"Node Type": "Bitmap Index Scan","Parent Relationship": "Outer","Parallel Aware": false,"Async Capable": false,"Index Name": "idx_orders_orderdate","Startup Cost": 0.00,"Total Cost": 790.50,"Plan Rows": 58207,"Plan Width": 0,"Actual Startup Time": 9.954,"Actual Total Time": 9.955,"Actual Rows": 57219,"Actual Loops": 1,"Index Cond": "((o_orderdate >= '1994-10-01'::date) AND (o_orderdate < '1995-01-01 00:00:00'::timestamp without time zone))","Workers": []}]},{"Node Type": "Index Scan","Parent Relationship": "Inner","Parallel Aware": false,"Async Capable": false,"Scan Direction": "Forward","Index Name": "idx_lineitem_orderkey","Relation Name": "lineitem","Alias": "lineitem","Startup Cost": 0.43,"Total Cost": 4.60,"Plan Rows": 4,"Plan Width": 16,"Actual Startup Time": 0.010,"Actual Total Time": 0.012,"Actual Rows": 2,"Actual Loops": 57219,"Index Cond": "(l_orderkey = orders.o_orderkey)","Rows Removed by Index Recheck": 0,"Filter": "(l_returnflag = 'R'::bpchar)","Rows Removed by Filter": 2,"Workers": []}]},{"Node Type": "Hash","Parent Relationship": "Inner","Parallel Aware": true,"Async Capable": false,"Startup Cost": 4210.00,"Total Cost": 4210.00,"Plan Rows": 62500,"Plan Width": 148,"Actual Startup Time": 56.184,"Actual Total Time": 56.192,"Actual Rows": 37500,"Actual Loops": 4,"Hash Buckets": 262144,"Original Hash Buckets": 262144,"Hash Batches": 1,"Original Hash Batches": 1,"Peak Memory Usage": 29344,"Workers": [],"Plans": [{"Node Type": "Seq Scan","Parent Relationship": "Outer","Parallel Aware": true,"Async Capable": false,"Relation Name": "customer","Alias": "customer","Startup Cost": 0.00,"Total Cost": 4210.00,"Plan Rows": 62500,"Plan Width": 148,"Actual Startup Time": 0.017,"Actual Total Time": 25.696,"Actual Rows": 37500,"Actual Loops": 4,"Workers": []}]}]},{"Node Type": "Hash","Parent Relationship": "Inner","Parallel Aware": false,"Async Capable": false,"Startup Cost": 1.25,"Total Cost": 1.25,"Plan Rows": 25,"Plan Width": 108,"Actual Startup Time": 0.071,"Actual Total Time": 0.075,"Actual Rows": 25,"Actual Loops": 4,"Hash Buckets": 1024,"Original Hash Buckets": 1024,"Hash Batches": 1,"Original Hash Batches": 1,"Peak Memory Usage": 10,"Workers": [],"Plans": [{"Node Type": "Seq Scan","Parent Relationship": "Outer","Parallel Aware": false,"Async Capable": false,"Relation Name": "nation","Alias": "nation","Startup Cost": 0.00,"Total Cost": 1.25,"Plan Rows": 25,"Plan Width": 108,"Actual Startup Time": 0.050,"Actual Total Time": 0.053,"Actual Rows": 25,"Actual Loops": 4,"Workers": []}]}]}]}]}]},"Planning Time": 7.724,"Triggers": [],"Execution Time": 636.921}]
[{"Plan": {"Node Type": "Sort","Parallel Aware": false,"Async Capable": false,"Startup Cost": 131436.35,"Total Cost": 131578.26,"Plan Rows": 56763,"Plan Width": 280,"Actual Startup Time": 596.282,"Actual Total Time": 636.846,"Actual Rows": 38114,"Actual Loops": 1,"Sort Key": ["(sum((lineitem.l_extendedprice * ('1'::numeric - lineitem.l_discount)))) DESC"],"Sort Method": "quicksort","Sort Space Used": 9872,"Sort Space Type": "Memory","Plans": [{"Node Type": "Aggregate","Strategy": "Hashed","Partial Mode": "Simple","Parent Relationship": "Outer","Parallel Aware": false,"Async Capable": false,"Startup Cost": 126244.62,"Total Cost": 126954.16,"Plan Rows": 56763,"Plan Width": 280,"Actual Startup Time": 413.428,"Actual Total Time": 560.180,"Actual Rows": 38114,"Actual Loops": 1,"Group Key": ["customer.c_custkey", "nation.n_name"],"Planned Partitions": 0,"HashAgg Batches": 1,"Peak Memory Usage": 26129,"Disk Usage": 0,"Plans": [{"Node Type": "Gather","Parent Relationship": "Outer","Parallel Aware": false,"Async Capable": false,"Startup Cost": 6792.51,"Total Cost": 125535.08,"Plan Rows": 56763,"Plan Width": 260,"Actual Startup Time": 80.448,"Actual Total Time": 288.766,"Actual Rows": 115292,"Actual Loops": 1,"Workers Planned": 3,"Workers Launched": 3,"Single Copy": false,"Plans": [{"Node Type": "Hash Join","Parent Relationship": "Outer","Parallel Aware": false,"Async Capable": false,"Join Type": "Inner","Startup Cost": 5792.51,"Total Cost": 118858.78,"Plan Rows": 18311,"Plan Width": 260,"Actual Startup Time": 72.950,"Actual Total Time": 358.700,"Actual Rows": 28823,"Actual Loops": 4,"Inner Unique": true,"Hash Cond": "(customer.c_nationkey = nation.n_nationkey)","Workers": [],"Plans": [{"Node Type": "Hash Join","Parent Relationship": "Outer","Parallel Aware": true,"Async Capable": false,"Join Type": "Inner","Startup Cost": 5790.95,"Total Cost": 118801.01,"Plan Rows": 18311,"Plan Width": 160,"Actual Startup Time": 72.543,"Actual Total Time": 350.000,"Actual Rows": 28823,"Actual Loops": 4,"Inner Unique": true,"Hash Cond": "(orders.o_custkey = customer.c_custkey)","Workers": [],"Plans": [{"Node Type": "Nested Loop","Parent Relationship": "Outer","Parallel Aware": false,"Async Capable": false,"Join Type": "Inner","Startup Cost": 799.70,"Total Cost": 113761.69,"Plan Rows": 18311,"Plan Width": 16,"Actual Startup Time": 13.260,"Actual Total Time": 248.922,"Actual Rows": 28823,"Actual Loops": 4,"Inner Unique": false,"Workers": [],"Plans": [{"Node Type": "Bitmap Heap Scan","Parent Relationship": "Outer","Parallel Aware": true,"Async Capable": false,"Relation Name": "orders","Alias": "orders","Startup Cost": 799.27,"Total Cost": 27173.19,"Plan Rows": 18595,"Plan Width": 8,"Actual Startup Time": 13.182,"Actual Total Time": 70.570,"Actual Rows": 14333,"Actual Loops": 4,"Recheck Cond": "((o_orderdate >= '1993-11-01'::date) AND (o_orderdate < '1994-02-01 00:00:00'::timestamp without time zone))","Rows Removed by Index Recheck": 0,"Exact Heap Blocks": 3544,"Lossy Heap Blocks": 0,"Workers": [],"Plans": [{"Node Type": "Bitmap Index Scan","Parent Relationship": "Outer","Parallel Aware": false,"Async Capable": false,"Index Name": "idx_orders_orderdate","Startup Cost": 0.00,"Total Cost": 784.86,"Plan Rows": 57643,"Plan Width": 0,"Actual Startup Time": 10.101,"Actual Total Time": 10.105,"Actual Rows": 57332,"Actual Loops": 1,"Index Cond": "((o_orderdate >= '1993-11-01'::date) AND (o_orderdate < '1994-02-01 00:00:00'::timestamp without time zone))","Workers": []}]},{"Node Type": "Index Scan","Parent Relationship": "Inner","Parallel Aware": false,"Async Capable": false,"Scan Direction": "Forward","Index Name": "idx_lineitem_orderkey","Relation Name": "lineitem","Alias": "lineitem","Startup Cost": 0.43,"Total Cost": 4.62,"Plan Rows": 4,"Plan Width": 16,"Actual Startup Time": 0.010,"Actual Total Time": 0.012,"Actual Rows": 2,"Actual Loops": 57332,"Index Cond": "(l_orderkey = orders.o_orderkey)","Rows Removed by Index Recheck": 0,"Filter": "(l_returnflag = 'R'::bpchar)","Rows Removed by Filter": 2,"Workers": []}]},{"Node Type": "Hash","Parent Relationship": "Inner","Parallel Aware": true,"Async Capable": false,"Startup Cost": 4210.00,"Total Cost": 4210.00,"Plan Rows": 62500,"Plan Width": 148,"Actual Startup Time": 58.656,"Actual Total Time": 58.664,"Actual Rows": 37500,"Actual Loops": 4,"Hash Buckets": 262144,"Original Hash Buckets": 262144,"Hash Batches": 1,"Original Hash Batches": 1,"Peak Memory Usage": 29312,"Workers": [],"Plans": [{"Node Type": "Seq Scan","Parent Relationship": "Outer","Parallel Aware": true,"Async Capable": false,"Relation Name": "customer","Alias": "customer","Startup Cost": 0.00,"Total Cost": 4210.00,"Plan Rows": 62500,"Plan Width": 148,"Actual Startup Time": 0.024,"Actual Total Time": 26.516,"Actual Rows": 37500,"Actual Loops": 4,"Workers": []}]}]},{"Node Type": "Hash","Parent Relationship": "Inner","Parallel Aware": false,"Async Capable": false,"Startup Cost": 1.25,"Total Cost": 1.25,"Plan Rows": 25,"Plan Width": 108,"Actual Startup Time": 0.099,"Actual Total Time": 0.104,"Actual Rows": 25,"Actual Loops": 4,"Hash Buckets": 1024,"Original Hash Buckets": 1024,"Hash Batches": 1,"Original Hash Batches": 1,"Peak Memory Usage": 10,"Workers": [],"Plans": [{"Node Type": "Seq Scan","Parent Relationship": "Outer","Parallel Aware": false,"Async Capable": false,"Relation Name": "nation","Alias": "nation","Startup Cost": 0.00,"Total Cost": 1.25,"Plan Rows": 25,"Plan Width": 108,"Actual Startup Time": 0.069,"Actual Total Time": 0.076,"Actual Rows": 25,"Actual Loops": 4,"Workers": []}]}]}]}]}]},"Planning Time": 7.017,"Triggers": [],"Execution Time": 642.875}]
[{"Plan": {"Node Type": "Sort","Parallel Aware": false,"Async Capable": false,"Startup Cost": 129819.00,"Total Cost": 129957.88,"Plan Rows": 55552,"Plan Width": 280,"Actual Startup Time": 608.281,"Actual Total Time": 648.391,"Actual Rows": 37948,"Actual Loops": 1,"Sort Key": ["(sum((lineitem.l_extendedprice * ('1'::numeric - lineitem.l_discount)))) DESC"],"Sort Method": "quicksort","Sort Space Used": 9840,"Sort Space Type": "Memory","Plans": [{"Node Type": "Aggregate","Strategy": "Hashed","Partial Mode": "Simple","Parent Relationship": "Outer","Parallel Aware": false,"Async Capable": false,"Startup Cost": 124746.67,"Total Cost": 125441.07,"Plan Rows": 55552,"Plan Width": 280,"Actual Startup Time": 419.818,"Actual Total Time": 574.956,"Actual Rows": 37948,"Actual Loops": 1,"Group Key": ["customer.c_custkey", "nation.n_name"],"Planned Partitions": 0,"HashAgg Batches": 1,"Peak Memory Usage": 26129,"Disk Usage": 0,"Plans": [{"Node Type": "Gather","Parent Relationship": "Outer","Parallel Aware": false,"Async Capable": false,"Startup Cost": 6771.91,"Total Cost": 124052.27,"Plan Rows": 55552,"Plan Width": 260,"Actual Startup Time": 82.501,"Actual Total Time": 287.884,"Actual Rows": 114775,"Actual Loops": 1,"Workers Planned": 3,"Workers Launched": 3,"Single Copy": false,"Plans": [{"Node Type": "Hash Join","Parent Relationship": "Outer","Parallel Aware": false,"Async Capable": false,"Join Type": "Inner","Startup Cost": 5771.91,"Total Cost": 117497.07,"Plan Rows": 17920,"Plan Width": 260,"Actual Startup Time": 75.276,"Actual Total Time": 362.951,"Actual Rows": 28694,"Actual Loops": 4,"Inner Unique": true,"Hash Cond": "(customer.c_nationkey = nation.n_nationkey)","Workers": [],"Plans": [{"Node Type": "Hash Join","Parent Relationship": "Outer","Parallel Aware": true,"Async Capable": false,"Join Type": "Inner","Startup Cost": 5770.34,"Total Cost": 117440.49,"Plan Rows": 17920,"Plan Width": 160,"Actual Startup Time": 74.883,"Actual Total Time": 354.260,"Actual Rows": 28694,"Actual Loops": 4,"Inner Unique": true,"Hash Cond": "(orders.o_custkey = customer.c_custkey)","Workers": [],"Plans": [{"Node Type": "Nested Loop","Parent Relationship": "Outer","Parallel Aware": false,"Async Capable": false,"Join Type": "Inner","Startup Cost": 779.09,"Total Cost": 112402.20,"Plan Rows": 17920,"Plan Width": 16,"Actual Startup Time": 13.340,"Actual Total Time": 252.834,"Actual Rows": 28694,"Actual Loops": 4,"Inner Unique": false,"Workers": [],"Plans": [{"Node Type": "Bitmap Heap Scan","Parent Relationship": "Outer","Parallel Aware": true,"Async Capable": false,"Relation Name": "orders","Alias": "orders","Startup Cost": 778.66,"Total Cost": 27146.63,"Plan Rows": 18198,"Plan Width": 8,"Actual Startup Time": 13.279,"Actual Total Time": 70.699,"Actual Rows": 14304,"Actual Loops": 4,"Recheck Cond": "((o_orderdate >= '1993-07-01'::date) AND (o_orderdate < '1993-10-01 00:00:00'::timestamp without time zone))","Rows Removed by Index Recheck": 0,"Exact Heap Blocks": 3636,"Lossy Heap Blocks": 0,"Workers": [],"Plans": [{"Node Type": "Bitmap Index Scan","Parent Relationship": "Outer","Parallel Aware": false,"Async Capable": false,"Index Name": "idx_orders_orderdate","Startup Cost": 0.00,"Total Cost": 764.56,"Plan Rows": 56413,"Plan Width": 0,"Actual Startup Time": 10.131,"Actual Total Time": 10.133,"Actual Rows": 57218,"Actual Loops": 1,"Index Cond": "((o_orderdate >= '1993-07-01'::date) AND (o_orderdate < '1993-10-01 00:00:00'::timestamp without time zone))","Workers": []}]},{"Node Type": "Index Scan","Parent Relationship": "Inner","Parallel Aware": false,"Async Capable": false,"Scan Direction": "Forward","Index Name": "idx_lineitem_orderkey","Relation Name": "lineitem","Alias": "lineitem","Startup Cost": 0.43,"Total Cost": 4.64,"Plan Rows": 4,"Plan Width": 16,"Actual Startup Time": 0.010,"Actual Total Time": 0.012,"Actual Rows": 2,"Actual Loops": 57218,"Index Cond": "(l_orderkey = orders.o_orderkey)","Rows Removed by Index Recheck": 0,"Filter": "(l_returnflag = 'R'::bpchar)","Rows Removed by Filter": 2,"Workers": []}]},{"Node Type": "Hash","Parent Relationship": "Inner","Parallel Aware": true,"Async Capable": false,"Startup Cost": 4210.00,"Total Cost": 4210.00,"Plan Rows": 62500,"Plan Width": 148,"Actual Startup Time": 60.976,"Actual Total Time": 60.983,"Actual Rows": 37500,"Actual Loops": 4,"Hash Buckets": 262144,"Original Hash Buckets": 262144,"Hash Batches": 1,"Original Hash Batches": 1,"Peak Memory Usage": 29344,"Workers": [],"Plans": [{"Node Type": "Seq Scan","Parent Relationship": "Outer","Parallel Aware": true,"Async Capable": false,"Relation Name": "customer","Alias": "customer","Startup Cost": 0.00,"Total Cost": 4210.00,"Plan Rows": 62500,"Plan Width": 148,"Actual Startup Time": 0.026,"Actual Total Time": 27.898,"Actual Rows": 37500,"Actual Loops": 4,"Workers": []}]}]},{"Node Type": "Hash","Parent Relationship": "Inner","Parallel Aware": false,"Async Capable": false,"Startup Cost": 1.25,"Total Cost": 1.25,"Plan Rows": 25,"Plan Width": 108,"Actual Startup Time": 0.100,"Actual Total Time": 0.105,"Actual Rows": 25,"Actual Loops": 4,"Hash Buckets": 1024,"Original Hash Buckets": 1024,"Hash Batches": 1,"Original Hash Batches": 1,"Peak Memory Usage": 10,"Workers": [],"Plans": [{"Node Type": "Seq Scan","Parent Relationship": "Outer","Parallel Aware": false,"Async Capable": false,"Relation Name": "nation","Alias": "nation","Startup Cost": 0.00,"Total Cost": 1.25,"Plan Rows": 25,"Plan Width": 108,"Actual Startup Time": 0.065,"Actual Total Time": 0.072,"Actual Rows": 25,"Actual Loops": 4,"Workers": []}]}]}]}]}]},"Planning Time": 6.175,"Triggers": [],"Execution Time": 652.968}]
[{"Plan": {"Node Type": "Sort","Parallel Aware": false,"Async Capable": false,"Startup Cost": 128172.02,"Total Cost": 128307.83,"Plan Rows": 54323,"Plan Width": 280,"Actual Startup Time": 580.875,"Actual Total Time": 621.555,"Actual Rows": 37633,"Actual Loops": 1,"Sort Key": ["(sum((lineitem.l_extendedprice * ('1'::numeric - lineitem.l_discount)))) DESC"],"Sort Method": "quicksort","Sort Space Used": 9771,"Sort Space Type": "Memory","Plans": [{"Node Type": "Aggregate","Strategy": "Hashed","Partial Mode": "Simple","Parent Relationship": "Outer","Parallel Aware": false,"Async Capable": false,"Startup Cost": 123220.68,"Total Cost": 123899.72,"Plan Rows": 54323,"Plan Width": 280,"Actual Startup Time": 405.186,"Actual Total Time": 549.451,"Actual Rows": 37633,"Actual Loops": 1,"Group Key": ["customer.c_custkey", "nation.n_name"],"Planned Partitions": 0,"HashAgg Batches": 1,"Peak Memory Usage": 26129,"Disk Usage": 0,"Plans": [{"Node Type": "Gather","Parent Relationship": "Outer","Parallel Aware": false,"Async Capable": false,"Startup Cost": 6755.11,"Total Cost": 122541.64,"Plan Rows": 54323,"Plan Width": 260,"Actual Startup Time": 76.087,"Actual Total Time": 280.080,"Actual Rows": 112740,"Actual Loops": 1,"Workers Planned": 3,"Workers Launched": 3,"Single Copy": false,"Plans": [{"Node Type": "Hash Join","Parent Relationship": "Outer","Parallel Aware": false,"Async Capable": false,"Join Type": "Inner","Startup Cost": 5755.11,"Total Cost": 116109.34,"Plan Rows": 17524,"Plan Width": 260,"Actual Startup Time": 69.042,"Actual Total Time": 350.531,"Actual Rows": 28185,"Actual Loops": 4,"Inner Unique": true,"Hash Cond": "(customer.c_nationkey = nation.n_nationkey)","Workers": [],"Plans": [{"Node Type": "Hash Join","Parent Relationship": "Outer","Parallel Aware": true,"Async Capable": false,"Join Type": "Inner","Startup Cost": 5753.55,"Total Cost": 116053.98,"Plan Rows": 17524,"Plan Width": 160,"Actual Startup Time": 68.729,"Actual Total Time": 342.552,"Actual Rows": 28185,"Actual Loops": 4,"Inner Unique": true,"Hash Cond": "(orders.o_custkey = customer.c_custkey)","Workers": [],"Plans": [{"Node Type": "Nested Loop","Parent Relationship": "Outer","Parallel Aware": false,"Async Capable": false,"Join Type": "Inner","Startup Cost": 762.30,"Total Cost": 111016.73,"Plan Rows": 17524,"Plan Width": 16,"Actual Startup Time": 13.194,"Actual Total Time": 245.701,"Actual Rows": 28185,"Actual Loops": 4,"Inner Unique": false,"Workers": [],"Plans": [{"Node Type": "Bitmap Heap Scan","Parent Relationship": "Outer","Parallel Aware": true,"Async Capable": false,"Relation Name": "orders","Alias": "orders","Startup Cost": 761.87,"Total Cost": 27123.80,"Plan Rows": 17795,"Plan Width": 8,"Actual Startup Time": 13.139,"Actual Total Time": 70.147,"Actual Rows": 14108,"Actual Loops": 4,"Recheck Cond": "((o_orderdate >= '1993-04-01'::date) AND (o_orderdate < '1993-07-01 00:00:00'::timestamp without time zone))","Rows Removed by Index Recheck": 0,"Exact Heap Blocks": 3504,"Lossy Heap Blocks": 0,"Workers": [],"Plans": [{"Node Type": "Bitmap Index Scan","Parent Relationship": "Outer","Parallel Aware": false,"Async Capable": false,"Index Name": "idx_orders_orderdate","Startup Cost": 0.00,"Total Cost": 748.08,"Plan Rows": 55165,"Plan Width": 0,"Actual Startup Time": 10.077,"Actual Total Time": 10.080,"Actual Rows": 56434,"Actual Loops": 1,"Index Cond": "((o_orderdate >= '1993-04-01'::date) AND (o_orderdate < '1993-07-01 00:00:00'::timestamp without time zone))","Workers": []}]},{"Node Type": "Index Scan","Parent Relationship": "Inner","Parallel Aware": false,"Async Capable": false,"Scan Direction": "Forward","Index Name": "idx_lineitem_orderkey","Relation Name": "lineitem","Alias": "lineitem","Startup Cost": 0.43,"Total Cost": 4.67,"Plan Rows": 4,"Plan Width": 16,"Actual Startup Time": 0.010,"Actual Total Time": 0.012,"Actual Rows": 2,"Actual Loops": 56434,"Index Cond": "(l_orderkey = orders.o_orderkey)","Rows Removed by Index Recheck": 0,"Filter": "(l_returnflag = 'R'::bpchar)","Rows Removed by Filter": 2,"Workers": []}]},{"Node Type": "Hash","Parent Relationship": "Inner","Parallel Aware": true,"Async Capable": false,"Startup Cost": 4210.00,"Total Cost": 4210.00,"Plan Rows": 62500,"Plan Width": 148,"Actual Startup Time": 54.995,"Actual Total Time": 55.002,"Actual Rows": 37500,"Actual Loops": 4,"Hash Buckets": 262144,"Original Hash Buckets": 262144,"Hash Batches": 1,"Original Hash Batches": 1,"Peak Memory Usage": 29312,"Workers": [],"Plans": [{"Node Type": "Seq Scan","Parent Relationship": "Outer","Parallel Aware": true,"Async Capable": false,"Relation Name": "customer","Alias": "customer","Startup Cost": 0.00,"Total Cost": 4210.00,"Plan Rows": 62500,"Plan Width": 148,"Actual Startup Time": 0.020,"Actual Total Time": 23.497,"Actual Rows": 37500,"Actual Loops": 4,"Workers": []}]}]},{"Node Type": "Hash","Parent Relationship": "Inner","Parallel Aware": false,"Async Capable": false,"Startup Cost": 1.25,"Total Cost": 1.25,"Plan Rows": 25,"Plan Width": 108,"Actual Startup Time": 0.072,"Actual Total Time": 0.079,"Actual Rows": 25,"Actual Loops": 4,"Hash Buckets": 1024,"Original Hash Buckets": 1024,"Hash Batches": 1,"Original Hash Batches": 1,"Peak Memory Usage": 10,"Workers": [],"Plans": [{"Node Type": "Seq Scan","Parent Relationship": "Outer","Parallel Aware": false,"Async Capable": false,"Relation Name": "nation","Alias": "nation","Startup Cost": 0.00,"Total Cost": 1.25,"Plan Rows": 25,"Plan Width": 108,"Actual Startup Time": 0.049,"Actual Total Time": 0.055,"Actual Rows": 25,"Actual Loops": 4,"Workers": []}]}]}]}]}]},"Planning Time": 7.486,"Triggers": [],"Execution Time": 627.374}]
[{"Plan": {"Node Type": "Sort","Parallel Aware": false,"Async Capable": false,"Startup Cost": 131080.21,"Total Cost": 131221.46,"Plan Rows": 56499,"Plan Width": 280,"Actual Startup Time": 607.607,"Actual Total Time": 646.377,"Actual Rows": 37607,"Actual Loops": 1,"Sort Key": ["(sum((lineitem.l_extendedprice * ('1'::numeric - lineitem.l_discount)))) DESC"],"Sort Method": "quicksort","Sort Space Used": 9755,"Sort Space Type": "Memory","Plans": [{"Node Type": "Aggregate","Strategy": "Hashed","Partial Mode": "Simple","Parent Relationship": "Outer","Parallel Aware": false,"Async Capable": false,"Startup Cost": 125914.53,"Total Cost": 126620.77,"Plan Rows": 56499,"Plan Width": 280,"Actual Startup Time": 421.745,"Actual Total Time": 572.585,"Actual Rows": 37607,"Actual Loops": 1,"Group Key": ["customer.c_custkey", "nation.n_name"],"Planned Partitions": 0,"HashAgg Batches": 1,"Peak Memory Usage": 26129,"Disk Usage": 0,"Plans": [{"Node Type": "Gather","Parent Relationship": "Outer","Parallel Aware": false,"Async Capable": false,"Startup Cost": 6785.77,"Total Cost": 125208.29,"Plan Rows": 56499,"Plan Width": 260,"Actual Startup Time": 84.737,"Actual Total Time": 294.745,"Actual Rows": 112798,"Actual Loops": 1,"Workers Planned": 3,"Workers Launched": 3,"Single Copy": false,"Plans": [{"Node Type": "Hash Join","Parent Relationship": "Outer","Parallel Aware": false,"Async Capable": false,"Join Type": "Inner","Startup Cost": 5785.77,"Total Cost": 118558.39,"Plan Rows": 18225,"Plan Width": 260,"Actual Startup Time": 77.703,"Actual Total Time": 365.765,"Actual Rows": 28200,"Actual Loops": 4,"Inner Unique": true,"Hash Cond": "(customer.c_nationkey = nation.n_nationkey)","Workers": [],"Plans": [{"Node Type": "Hash Join","Parent Relationship": "Outer","Parallel Aware": true,"Async Capable": false,"Join Type": "Inner","Startup Cost": 5784.20,"Total Cost": 118500.88,"Plan Rows": 18225,"Plan Width": 160,"Actual Startup Time": 77.334,"Actual Total Time": 357.276,"Actual Rows": 28200,"Actual Loops": 4,"Inner Unique": true,"Hash Cond": "(orders.o_custkey = customer.c_custkey)","Workers": [],"Plans": [{"Node Type": "Nested Loop","Parent Relationship": "Outer","Parallel Aware": false,"Async Capable": false,"Join Type": "Inner","Startup Cost": 792.95,"Total Cost": 113461.79,"Plan Rows": 18225,"Plan Width": 16,"Actual Startup Time": 13.152,"Actual Total Time": 254.573,"Actual Rows": 28200,"Actual Loops": 4,"Inner Unique": false,"Workers": [],"Plans": [{"Node Type": "Bitmap Heap Scan","Parent Relationship": "Outer","Parallel Aware": true,"Async Capable": false,"Relation Name": "orders","Alias": "orders","Startup Cost": 792.52,"Total Cost": 27165.14,"Plan Rows": 18508,"Plan Width": 8,"Actual Startup Time": 13.088,"Actual Total Time": 71.143,"Actual Rows": 14087,"Actual Loops": 4,"Recheck Cond": "((o_orderdate >= '1994-01-01'::date) AND (o_orderdate < '1994-04-01 00:00:00'::timestamp without time zone))","Rows Removed by Index Recheck": 0,"Exact Heap Blocks": 3702,"Lossy Heap Blocks": 0,"Workers": [],"Plans": [{"Node Type": "Bitmap Index Scan","Parent Relationship": "Outer","Parallel Aware": false,"Async Capable": false,"Index Name": "idx_orders_orderdate","Startup Cost": 0.00,"Total Cost": 778.18,"Plan Rows": 57375,"Plan Width": 0,"Actual Startup Time": 9.927,"Actual Total Time": 9.934,"Actual Rows": 56349,"Actual Loops": 1,"Index Cond": "((o_orderdate >= '1994-01-01'::date) AND (o_orderdate < '1994-04-01 00:00:00'::timestamp without time zone))","Workers": []}]},{"Node Type": "Index Scan","Parent Relationship": "Inner","Parallel Aware": false,"Async Capable": false,"Scan Direction": "Forward","Index Name": "idx_lineitem_orderkey","Relation Name": "lineitem","Alias": "lineitem","Startup Cost": 0.43,"Total Cost": 4.62,"Plan Rows": 4,"Plan Width": 16,"Actual Startup Time": 0.011,"Actual Total Time": 0.013,"Actual Rows": 2,"Actual Loops": 56349,"Index Cond": "(l_orderkey = orders.o_orderkey)","Rows Removed by Index Recheck": 0,"Filter": "(l_returnflag = 'R'::bpchar)","Rows Removed by Filter": 2,"Workers": []}]},{"Node Type": "Hash","Parent Relationship": "Inner","Parallel Aware": true,"Async Capable": false,"Startup Cost": 4210.00,"Total Cost": 4210.00,"Plan Rows": 62500,"Plan Width": 148,"Actual Startup Time": 63.582,"Actual Total Time": 63.588,"Actual Rows": 37500,"Actual Loops": 4,"Hash Buckets": 262144,"Original Hash Buckets": 262144,"Hash Batches": 1,"Original Hash Batches": 1,"Peak Memory Usage": 29312,"Workers": [],"Plans": [{"Node Type": "Seq Scan","Parent Relationship": "Outer","Parallel Aware": true,"Async Capable": false,"Relation Name": "customer","Alias": "customer","Startup Cost": 0.00,"Total Cost": 4210.00,"Plan Rows": 62500,"Plan Width": 148,"Actual Startup Time": 0.028,"Actual Total Time": 28.690,"Actual Rows": 37500,"Actual Loops": 4,"Workers": []}]}]},{"Node Type": "Hash","Parent Relationship": "Inner","Parallel Aware": false,"Async Capable": false,"Startup Cost": 1.25,"Total Cost": 1.25,"Plan Rows": 25,"Plan Width": 108,"Actual Startup Time": 0.094,"Actual Total Time": 0.100,"Actual Rows": 25,"Actual Loops": 4,"Hash Buckets": 1024,"Original Hash Buckets": 1024,"Hash Batches": 1,"Original Hash Batches": 1,"Peak Memory Usage": 10,"Workers": [],"Plans": [{"Node Type": "Seq Scan","Parent Relationship": "Outer","Parallel Aware": false,"Async Capable": false,"Relation Name": "nation","Alias": "nation","Startup Cost": 0.00,"Total Cost": 1.25,"Plan Rows": 25,"Plan Width": 108,"Actual Startup Time": 0.060,"Actual Total Time": 0.067,"Actual Rows": 25,"Actual Loops": 4,"Workers": []}]}]}]}]}]},"Planning Time": 7.215,"Triggers": [],"Execution Time": 650.753}]
[{"Plan": {"Node Type": "Sort","Parallel Aware": false,"Async Capable": false,"Startup Cost": 131080.21,"Total Cost": 131221.46,"Plan Rows": 56499,"Plan Width": 280,"Actual Startup Time": 607.607,"Actual Total Time": 646.377,"Actual Rows": 37607,"Actual Loops": 1,"Sort Key": ["(sum((lineitem.l_extendedprice * ('1'::numeric - lineitem.l_discount)))) DESC"],"Sort Method": "quicksort","Sort Space Used": 9755,"Sort Space Type": "Memory","Plans": [{"Node Type": "Aggregate","Strategy": "Hashed","Partial Mode": "Simple","Parent Relationship": "Outer","Parallel Aware": false,"Async Capable": false,"Startup Cost": 125914.53,"Total Cost": 126620.77,"Plan Rows": 56499,"Plan Width": 280,"Actual Startup Time": 421.745,"Actual Total Time": 572.585,"Actual Rows": 37607,"Actual Loops": 1,"Group Key": ["customer.c_custkey", "nation.n_name"],"Planned Partitions": 0,"HashAgg Batches": 1,"Peak Memory Usage": 26129,"Disk Usage": 0,"Plans": [{"Node Type": "Gather","Parent Relationship": "Outer","Parallel Aware": false,"Async Capable": false,"Startup Cost": 6785.77,"Total Cost": 125208.29,"Plan Rows": 56499,"Plan Width": 260,"Actual Startup Time": 84.737,"Actual Total Time": 294.745,"Actual Rows": 112798,"Actual Loops": 1,"Workers Planned": 3,"Workers Launched": 3,"Single Copy": false,"Plans": [{"Node Type": "Hash Join","Parent Relationship": "Outer","Parallel Aware": false,"Async Capable": false,"Join Type": "Inner","Startup Cost": 5785.77,"Total Cost": 118558.39,"Plan Rows": 18225,"Plan Width": 260,"Actual Startup Time": 77.703,"Actual Total Time": 365.765,"Actual Rows": 28200,"Actual Loops": 4,"Inner Unique": true,"Hash Cond": "(customer.c_nationkey = nation.n_nationkey)","Workers": [],"Plans": [{"Node Type": "Hash Join","Parent Relationship": "Outer","Parallel Aware": true,"Async Capable": false,"Join Type": "Inner","Startup Cost": 5784.20,"Total Cost": 118500.88,"Plan Rows": 18225,"Plan Width": 160,"Actual Startup Time": 77.334,"Actual Total Time": 357.276,"Actual Rows": 28200,"Actual Loops": 4,"Inner Unique": true,"Hash Cond": "(orders.o_custkey = customer.c_custkey)","Workers": [],"Plans": [{"Node Type": "Nested Loop","Parent Relationship": "Outer","Parallel Aware": false,"Async Capable": false,"Join Type": "Inner","Startup Cost": 792.95,"Total Cost": 113461.79,"Plan Rows": 18225,"Plan Width": 16,"Actual Startup Time": 13.152,"Actual Total Time": 254.573,"Actual Rows": 28200,"Actual Loops": 4,"Inner Unique": false,"Workers": [],"Plans": [{"Node Type": "Bitmap Heap Scan","Parent Relationship": "Outer","Parallel Aware": true,"Async Capable": false,"Relation Name": "orders","Alias": "orders","Startup Cost": 792.52,"Total Cost": 27165.14,"Plan Rows": 18508,"Plan Width": 8,"Actual Startup Time": 13.088,"Actual Total Time": 71.143,"Actual Rows": 14087,"Actual Loops": 4,"Recheck Cond": "((o_orderdate >= '1994-01-01'::date) AND (o_orderdate < '1994-04-01 00:00:00'::timestamp without time zone))","Rows Removed by Index Recheck": 0,"Exact Heap Blocks": 3702,"Lossy Heap Blocks": 0,"Workers": [],"Plans": [{"Node Type": "Bitmap Index Scan","Parent Relationship": "Outer","Parallel Aware": false,"Async Capable": false,"Index Name": "idx_orders_orderdate","Startup Cost": 0.00,"Total Cost": 778.18,"Plan Rows": 57375,"Plan Width": 0,"Actual Startup Time": 9.927,"Actual Total Time": 9.934,"Actual Rows": 56349,"Actual Loops": 1,"Index Cond": "((o_orderdate >= '1994-01-01'::date) AND (o_orderdate < '1994-04-01 00:00:00'::timestamp without time zone))","Workers": []}]},{"Node Type": "Index Scan","Parent Relationship": "Inner","Parallel Aware": false,"Async Capable": false,"Scan Direction": "Forward","Index Name": "idx_lineitem_orderkey","Relation Name": "lineitem","Alias": "lineitem","Startup Cost": 0.43,"Total Cost": 4.62,"Plan Rows": 4,"Plan Width": 16,"Actual Startup Time": 0.011,"Actual Total Time": 0.013,"Actual Rows": 2,"Actual Loops": 56349,"Index Cond": "(l_orderkey = orders.o_orderkey)","Rows Removed by Index Recheck": 0,"Filter": "(l_returnflag = 'R'::bpchar)","Rows Removed by Filter": 2,"Workers": []}]},{"Node Type": "Hash","Parent Relationship": "Inner","Parallel Aware": true,"Async Capable": false,"Startup Cost": 4210.00,"Total Cost": 4210.00,"Plan Rows": 62500,"Plan Width": 148,"Actual Startup Time": 63.582,"Actual Total Time": 63.588,"Actual Rows": 37500,"Actual Loops": 4,"Hash Buckets": 262144,"Original Hash Buckets": 262144,"Hash Batches": 1,"Original Hash Batches": 1,"Peak Memory Usage": 29312,"Workers": [],"Plans": [{"Node Type": "Seq Scan","Parent Relationship": "Outer","Parallel Aware": true,"Async Capable": false,"Relation Name": "customer","Alias": "customer","Startup Cost": 0.00,"Total Cost": 4210.00,"Plan Rows": 62500,"Plan Width": 148,"Actual Startup Time": 0.028,"Actual Total Time": 28.690,"Actual Rows": 37500,"Actual Loops": 4,"Workers": []}]}]},{"Node Type": "Hash","Parent Relationship": "Inner","Parallel Aware": false,"Async Capable": false,"Startup Cost": 1.25,"Total Cost": 1.25,"Plan Rows": 25,"Plan Width": 108,"Actual Startup Time": 0.094,"Actual Total Time": 0.100,"Actual Rows": 25,"Actual Loops": 4,"Hash Buckets": 1024,"Original Hash Buckets": 1024,"Hash Batches": 1,"Original Hash Batches": 1,"Peak Memory Usage": 10,"Workers": [],"Plans": [{"Node Type": "Seq Scan","Parent Relationship": "Outer","Parallel Aware": false,"Async Capable": false,"Relation Name": "nation","Alias": "nation","Startup Cost": 0.00,"Total Cost": 1.25,"Plan Rows": 25,"Plan Width": 108,"Actual Startup Time": 0.060,"Actual Total Time": 0.067,"Actual Rows": 25,"Actual Loops": 4,"Workers": []}]}]}]}]}]},"Planning Time": 7.215,"Triggers": [],"Execution Time": 650.753}]
[{"Plan": {"Node Type": "Sort","Parallel Aware": false,"Async Capable": false,"Startup Cost": 129819.00,"Total Cost": 129957.88,"Plan Rows": 55552,"Plan Width": 280,"Actual Startup Time": 608.281,"Actual Total Time": 648.391,"Actual Rows": 37948,"Actual Loops": 1,"Sort Key": ["(sum((lineitem.l_extendedprice * ('1'::numeric - lineitem.l_discount)))) DESC"],"Sort Method": "quicksort","Sort Space Used": 9840,"Sort Space Type": "Memory","Plans": [{"Node Type": "Aggregate","Strategy": "Hashed","Partial Mode": "Simple","Parent Relationship": "Outer","Parallel Aware": false,"Async Capable": false,"Startup Cost": 124746.67,"Total Cost": 125441.07,"Plan Rows": 55552,"Plan Width": 280,"Actual Startup Time": 419.818,"Actual Total Time": 574.956,"Actual Rows": 37948,"Actual Loops": 1,"Group Key": ["customer.c_custkey", "nation.n_name"],"Planned Partitions": 0,"HashAgg Batches": 1,"Peak Memory Usage": 26129,"Disk Usage": 0,"Plans": [{"Node Type": "Gather","Parent Relationship": "Outer","Parallel Aware": false,"Async Capable": false,"Startup Cost": 6771.91,"Total Cost": 124052.27,"Plan Rows": 55552,"Plan Width": 260,"Actual Startup Time": 82.501,"Actual Total Time": 287.884,"Actual Rows": 114775,"Actual Loops": 1,"Workers Planned": 3,"Workers Launched": 3,"Single Copy": false,"Plans": [{"Node Type": "Hash Join","Parent Relationship": "Outer","Parallel Aware": false,"Async Capable": false,"Join Type": "Inner","Startup Cost": 5771.91,"Total Cost": 117497.07,"Plan Rows": 17920,"Plan Width": 260,"Actual Startup Time": 75.276,"Actual Total Time": 362.951,"Actual Rows": 28694,"Actual Loops": 4,"Inner Unique": true,"Hash Cond": "(customer.c_nationkey = nation.n_nationkey)","Workers": [],"Plans": [{"Node Type": "Hash Join","Parent Relationship": "Outer","Parallel Aware": true,"Async Capable": false,"Join Type": "Inner","Startup Cost": 5770.34,"Total Cost": 117440.49,"Plan Rows": 17920,"Plan Width": 160,"Actual Startup Time": 74.883,"Actual Total Time": 354.260,"Actual Rows": 28694,"Actual Loops": 4,"Inner Unique": true,"Hash Cond": "(orders.o_custkey = customer.c_custkey)","Workers": [],"Plans": [{"Node Type": "Nested Loop","Parent Relationship": "Outer","Parallel Aware": false,"Async Capable": false,"Join Type": "Inner","Startup Cost": 779.09,"Total Cost": 112402.20,"Plan Rows": 17920,"Plan Width": 16,"Actual Startup Time": 13.340,"Actual Total Time": 252.834,"Actual Rows": 28694,"Actual Loops": 4,"Inner Unique": false,"Workers": [],"Plans": [{"Node Type": "Bitmap Heap Scan","Parent Relationship": "Outer","Parallel Aware": true,"Async Capable": false,"Relation Name": "orders","Alias": "orders","Startup Cost": 778.66,"Total Cost": 27146.63,"Plan Rows": 18198,"Plan Width": 8,"Actual Startup Time": 13.279,"Actual Total Time": 70.699,"Actual Rows": 14304,"Actual Loops": 4,"Recheck Cond": "((o_orderdate >= '1993-07-01'::date) AND (o_orderdate < '1993-10-01 00:00:00'::timestamp without time zone))","Rows Removed by Index Recheck": 0,"Exact Heap Blocks": 3636,"Lossy Heap Blocks": 0,"Workers": [],"Plans": [{"Node Type": "Bitmap Index Scan","Parent Relationship": "Outer","Parallel Aware": false,"Async Capable": false,"Index Name": "idx_orders_orderdate","Startup Cost": 0.00,"Total Cost": 764.56,"Plan Rows": 56413,"Plan Width": 0,"Actual Startup Time": 10.131,"Actual Total Time": 10.133,"Actual Rows": 57218,"Actual Loops": 1,"Index Cond": "((o_orderdate >= '1993-07-01'::date) AND (o_orderdate < '1993-10-01 00:00:00'::timestamp without time zone))","Workers": []}]},{"Node Type": "Index Scan","Parent Relationship": "Inner","Parallel Aware": false,"Async Capable": false,"Scan Direction": "Forward","Index Name": "idx_lineitem_orderkey","Relation Name": "lineitem","Alias": "lineitem","Startup Cost": 0.43,"Total Cost": 4.64,"Plan Rows": 4,"Plan Width": 16,"Actual Startup Time": 0.010,"Actual Total Time": 0.012,"Actual Rows": 2,"Actual Loops": 57218,"Index Cond": "(l_orderkey = orders.o_orderkey)","Rows Removed by Index Recheck": 0,"Filter": "(l_returnflag = 'R'::bpchar)","Rows Removed by Filter": 2,"Workers": []}]},{"Node Type": "Hash","Parent Relationship": "Inner","Parallel Aware": true,"Async Capable": false,"Startup Cost": 4210.00,"Total Cost": 4210.00,"Plan Rows": 62500,"Plan Width": 148,"Actual Startup Time": 60.976,"Actual Total Time": 60.983,"Actual Rows": 37500,"Actual Loops": 4,"Hash Buckets": 262144,"Original Hash Buckets": 262144,"Hash Batches": 1,"Original Hash Batches": 1,"Peak Memory Usage": 29344,"Workers": [],"Plans": [{"Node Type": "Seq Scan","Parent Relationship": "Outer","Parallel Aware": true,"Async Capable": false,"Relation Name": "customer","Alias": "customer","Startup Cost": 0.00,"Total Cost": 4210.00,"Plan Rows": 62500,"Plan Width": 148,"Actual Startup Time": 0.026,"Actual Total Time": 27.898,"Actual Rows": 37500,"Actual Loops": 4,"Workers": []}]}]},{"Node Type": "Hash","Parent Relationship": "Inner","Parallel Aware": false,"Async Capable": false,"Startup Cost": 1.25,"Total Cost": 1.25,"Plan Rows": 25,"Plan Width": 108,"Actual Startup Time": 0.100,"Actual Total Time": 0.105,"Actual Rows": 25,"Actual Loops": 4,"Hash Buckets": 1024,"Original Hash Buckets": 1024,"Hash Batches": 1,"Original Hash Batches": 1,"Peak Memory Usage": 10,"Workers": [],"Plans": [{"Node Type": "Seq Scan","Parent Relationship": "Outer","Parallel Aware": false,"Async Capable": false,"Relation Name": "nation","Alias": "nation","Startup Cost": 0.00,"Total Cost": 1.25,"Plan Rows": 25,"Plan Width": 108,"Actual Startup Time": 0.065,"Actual Total Time": 0.072,"Actual Rows": 25,"Actual Loops": 4,"Workers": []}]}]}]}]}]},"Planning Time": 6.175,"Triggers": [],"Execution Time": 652.968}]
[{"Plan": {"Node Type": "Sort","Parallel Aware": false,"Async Capable": false,"Startup Cost": 127549.79,"Total Cost": 127684.44,"Plan Rows": 53858,"Plan Width": 280,"Actual Startup Time": 605.399,"Actual Total Time": 645.666,"Actual Rows": 37880,"Actual Loops": 1,"Sort Key": ["(sum((lineitem.l_extendedprice * ('1'::numeric - lineitem.l_discount)))) DESC"],"Sort Method": "quicksort","Sort Space Used": 9830,"Sort Space Type": "Memory","Plans": [{"Node Type": "Aggregate","Strategy": "Hashed","Partial Mode": "Simple","Parent Relationship": "Outer","Parallel Aware": false,"Async Capable": false,"Startup Cost": 122644.17,"Total Cost": 123317.39,"Plan Rows": 53858,"Plan Width": 280,"Actual Startup Time": 424.771,"Actual Total Time": 574.608,"Actual Rows": 37880,"Actual Loops": 1,"Group Key": ["customer.c_custkey", "nation.n_name"],"Planned Partitions": 0,"HashAgg Batches": 1,"Peak Memory Usage": 26129,"Disk Usage": 0,"Plans": [{"Node Type": "Gather","Parent Relationship": "Outer","Parallel Aware": false,"Async Capable": false,"Startup Cost": 6750.28,"Total Cost": 121970.94,"Plan Rows": 53858,"Plan Width": 260,"Actual Startup Time": 85.178,"Actual Total Time": 295.165,"Actual Rows": 114508,"Actual Loops": 1,"Workers Planned": 3,"Workers Launched": 3,"Single Copy": false,"Plans": [{"Node Type": "Hash Join","Parent Relationship": "Outer","Parallel Aware": false,"Async Capable": false,"Join Type": "Inner","Startup Cost": 5750.28,"Total Cost": 115585.14,"Plan Rows": 17374,"Plan Width": 260,"Actual Startup Time": 78.100,"Actual Total Time": 368.715,"Actual Rows": 28627,"Actual Loops": 4,"Inner Unique": true,"Hash Cond": "(customer.c_nationkey = nation.n_nationkey)","Workers": [],"Plans": [{"Node Type": "Hash Join","Parent Relationship": "Outer","Parallel Aware": true,"Async Capable": false,"Join Type": "Inner","Startup Cost": 5748.71,"Total Cost": 115530.24,"Plan Rows": 17374,"Plan Width": 160,"Actual Startup Time": 77.678,"Actual Total Time": 360.085,"Actual Rows": 28627,"Actual Loops": 4,"Inner Unique": true,"Hash Cond": "(orders.o_custkey = customer.c_custkey)","Workers": [],"Plans": [{"Node Type": "Nested Loop","Parent Relationship": "Outer","Parallel Aware": false,"Async Capable": false,"Join Type": "Inner","Startup Cost": 757.46,"Total Cost": 110493.39,"Plan Rows": 17374,"Plan Width": 16,"Actual Startup Time": 13.130,"Actual Total Time": 256.172,"Actual Rows": 28627,"Actual Loops": 4,"Inner Unique": false,"Workers": [],"Plans": [{"Node Type": "Bitmap Heap Scan","Parent Relationship": "Outer","Parallel Aware": true,"Async Capable": false,"Relation Name": "orders","Alias": "orders","Startup Cost": 757.03,"Total Cost": 27116.67,"Plan Rows": 17643,"Plan Width": 8,"Actual Startup Time": 13.063,"Actual Total Time": 71.665,"Actual Rows": 14273,"Actual Loops": 4,"Recheck Cond": "((o_orderdate >= '1993-05-01'::date) AND (o_orderdate < '1993-08-01 00:00:00'::timestamp without time zone))","Rows Removed by Index Recheck": 0,"Exact Heap Blocks": 3695,"Lossy Heap Blocks": 0,"Workers": [],"Plans": [{"Node Type": "Bitmap Index Scan","Parent Relationship": "Outer","Parallel Aware": false,"Async Capable": false,"Index Name": "idx_orders_orderdate","Startup Cost": 0.00,"Total Cost": 743.36,"Plan Rows": 54693,"Plan Width": 0,"Actual Startup Time": 9.957,"Actual Total Time": 9.964,"Actual Rows": 57093,"Actual Loops": 1,"Index Cond": "((o_orderdate >= '1993-05-01'::date) AND (o_orderdate < '1993-08-01 00:00:00'::timestamp without time zone))","Workers": []}]},{"Node Type": "Index Scan","Parent Relationship": "Inner","Parallel Aware": false,"Async Capable": false,"Scan Direction": "Forward","Index Name": "idx_lineitem_orderkey","Relation Name": "lineitem","Alias": "lineitem","Startup Cost": 0.43,"Total Cost": 4.69,"Plan Rows": 4,"Plan Width": 16,"Actual Startup Time": 0.011,"Actual Total Time": 0.013,"Actual Rows": 2,"Actual Loops": 57093,"Index Cond": "(l_orderkey = orders.o_orderkey)","Rows Removed by Index Recheck": 0,"Filter": "(l_returnflag = 'R'::bpchar)","Rows Removed by Filter": 2,"Workers": []}]},{"Node Type": "Hash","Parent Relationship": "Inner","Parallel Aware": true,"Async Capable": false,"Startup Cost": 4210.00,"Total Cost": 4210.00,"Plan Rows": 62500,"Plan Width": 148,"Actual Startup Time": 63.988,"Actual Total Time": 63.994,"Actual Rows": 37500,"Actual Loops": 4,"Hash Buckets": 262144,"Original Hash Buckets": 262144,"Hash Batches": 1,"Original Hash Batches": 1,"Peak Memory Usage": 29344,"Workers": [],"Plans": [{"Node Type": "Seq Scan","Parent Relationship": "Outer","Parallel Aware": true,"Async Capable": false,"Relation Name": "customer","Alias": "customer","Startup Cost": 0.00,"Total Cost": 4210.00,"Plan Rows": 62500,"Plan Width": 148,"Actual Startup Time": 0.034,"Actual Total Time": 28.777,"Actual Rows": 37500,"Actual Loops": 4,"Workers": []}]}]},{"Node Type": "Hash","Parent Relationship": "Inner","Parallel Aware": false,"Async Capable": false,"Startup Cost": 1.25,"Total Cost": 1.25,"Plan Rows": 25,"Plan Width": 108,"Actual Startup Time": 0.078,"Actual Total Time": 0.083,"Actual Rows": 25,"Actual Loops": 4,"Hash Buckets": 1024,"Original Hash Buckets": 1024,"Hash Batches": 1,"Original Hash Batches": 1,"Peak Memory Usage": 10,"Workers": [],"Plans": [{"Node Type": "Seq Scan","Parent Relationship": "Outer","Parallel Aware": false,"Async Capable": false,"Relation Name": "nation","Alias": "nation","Startup Cost": 0.00,"Total Cost": 1.25,"Plan Rows": 25,"Plan Width": 108,"Actual Startup Time": 0.048,"Actual Total Time": 0.055,"Actual Rows": 25,"Actual Loops": 4,"Workers": []}]}]}]}]}]},"Planning Time": 7.141,"Triggers": [],"Execution Time": 649.992}]
[{"Plan": {"Node Type": "Sort","Parallel Aware": false,"Async Capable": false,"Startup Cost": 130909.78,"Total Cost": 131050.70,"Plan Rows": 56371,"Plan Width": 280,"Actual Startup Time": 586.743,"Actual Total Time": 630.152,"Actual Rows": 38263,"Actual Loops": 1,"Sort Key": ["(sum((lineitem.l_extendedprice * ('1'::numeric - lineitem.l_discount)))) DESC"],"Sort Method": "quicksort","Sort Space Used": 9899,"Sort Space Type": "Memory","Plans": [{"Node Type": "Aggregate","Strategy": "Hashed","Partial Mode": "Simple","Parent Relationship": "Outer","Parallel Aware": false,"Async Capable": false,"Startup Cost": 125756.71,"Total Cost": 126461.35,"Plan Rows": 56371,"Plan Width": 280,"Actual Startup Time": 417.199,"Actual Total Time": 554.225,"Actual Rows": 38263,"Actual Loops": 1,"Group Key": ["customer.c_custkey", "nation.n_name"],"Planned Partitions": 0,"HashAgg Batches": 1,"Peak Memory Usage": 26129,"Disk Usage": 0,"Plans": [{"Node Type": "Gather","Parent Relationship": "Outer","Parallel Aware": false,"Async Capable": false,"Startup Cost": 6784.43,"Total Cost": 125052.08,"Plan Rows": 56371,"Plan Width": 260,"Actual Startup Time": 75.828,"Actual Total Time": 292.854,"Actual Rows": 114665,"Actual Loops": 1,"Workers Planned": 3,"Workers Launched": 3,"Single Copy": false,"Plans": [{"Node Type": "Hash Join","Parent Relationship": "Outer","Parallel Aware": false,"Async Capable": false,"Join Type": "Inner","Startup Cost": 5784.43,"Total Cost": 118414.98,"Plan Rows": 18184,"Plan Width": 260,"Actual Startup Time": 68.693,"Actual Total Time": 360.677,"Actual Rows": 28666,"Actual Loops": 4,"Inner Unique": true,"Hash Cond": "(customer.c_nationkey = nation.n_nationkey)","Workers": [],"Plans": [{"Node Type": "Hash Join","Parent Relationship": "Outer","Parallel Aware": true,"Async Capable": false,"Join Type": "Inner","Startup Cost": 5782.87,"Total Cost": 118357.59,"Plan Rows": 18184,"Plan Width": 160,"Actual Startup Time": 68.338,"Actual Total Time": 351.919,"Actual Rows": 28666,"Actual Loops": 4,"Inner Unique": true,"Hash Cond": "(orders.o_custkey = customer.c_custkey)","Workers": [],"Plans": [{"Node Type": "Nested Loop","Parent Relationship": "Outer","Parallel Aware": false,"Async Capable": false,"Join Type": "Inner","Startup Cost": 791.62,"Total Cost": 113318.61,"Plan Rows": 18184,"Plan Width": 16,"Actual Startup Time": 13.513,"Actual Total Time": 254.371,"Actual Rows": 28666,"Actual Loops": 4,"Inner Unique": false,"Workers": [],"Plans": [{"Node Type": "Bitmap Heap Scan","Parent Relationship": "Outer","Parallel Aware": true,"Async Capable": false,"Relation Name": "orders","Alias": "orders","Startup Cost": 791.19,"Total Cost": 27163.18,"Plan Rows": 18466,"Plan Width": 8,"Actual Startup Time": 13.445,"Actual Total Time": 71.425,"Actual Rows": 14346,"Actual Loops": 4,"Recheck Cond": "((o_orderdate >= '1994-07-01'::date) AND (o_orderdate < '1994-10-01 00:00:00'::timestamp without time zone))","Rows Removed by Index Recheck": 0,"Exact Heap Blocks": 3489,"Lossy Heap Blocks": 0,"Workers": [],"Plans": [{"Node Type": "Bitmap Index Scan","Parent Relationship": "Outer","Parallel Aware": false,"Async Capable": false,"Index Name": "idx_orders_orderdate","Startup Cost": 0.00,"Total Cost": 776.88,"Plan Rows": 57245,"Plan Width": 0,"Actual Startup Time": 10.310,"Actual Total Time": 10.312,"Actual Rows": 57384,"Actual Loops": 1,"Index Cond": "((o_orderdate >= '1994-07-01'::date) AND (o_orderdate < '1994-10-01 00:00:00'::timestamp without time zone))","Workers": []}]},{"Node Type": "Index Scan","Parent Relationship": "Inner","Parallel Aware": false,"Async Capable": false,"Scan Direction": "Forward","Index Name": "idx_lineitem_orderkey","Relation Name": "lineitem","Alias": "lineitem","Startup Cost": 0.43,"Total Cost": 4.63,"Plan Rows": 4,"Plan Width": 16,"Actual Startup Time": 0.010,"Actual Total Time": 0.012,"Actual Rows": 2,"Actual Loops": 57384,"Index Cond": "(l_orderkey = orders.o_orderkey)","Rows Removed by Index Recheck": 0,"Filter": "(l_returnflag = 'R'::bpchar)","Rows Removed by Filter": 2,"Workers": []}]},{"Node Type": "Hash","Parent Relationship": "Inner","Parallel Aware": true,"Async Capable": false,"Startup Cost": 4210.00,"Total Cost": 4210.00,"Plan Rows": 62500,"Plan Width": 148,"Actual Startup Time": 54.206,"Actual Total Time": 54.213,"Actual Rows": 37500,"Actual Loops": 4,"Hash Buckets": 262144,"Original Hash Buckets": 262144,"Hash Batches": 1,"Original Hash Batches": 1,"Peak Memory Usage": 29312,"Workers": [],"Plans": [{"Node Type": "Seq Scan","Parent Relationship": "Outer","Parallel Aware": true,"Async Capable": false,"Relation Name": "customer","Alias": "customer","Startup Cost": 0.00,"Total Cost": 4210.00,"Plan Rows": 62500,"Plan Width": 148,"Actual Startup Time": 0.020,"Actual Total Time": 23.974,"Actual Rows": 37500,"Actual Loops": 4,"Workers": []}]}]},{"Node Type": "Hash","Parent Relationship": "Inner","Parallel Aware": false,"Async Capable": false,"Startup Cost": 1.25,"Total Cost": 1.25,"Plan Rows": 25,"Plan Width": 108,"Actual Startup Time": 0.080,"Actual Total Time": 0.085,"Actual Rows": 25,"Actual Loops": 4,"Hash Buckets": 1024,"Original Hash Buckets": 1024,"Hash Batches": 1,"Original Hash Batches": 1,"Peak Memory Usage": 10,"Workers": [],"Plans": [{"Node Type": "Seq Scan","Parent Relationship": "Outer","Parallel Aware": false,"Async Capable": false,"Relation Name": "nation","Alias": "nation","Startup Cost": 0.00,"Total Cost": 1.25,"Plan Rows": 25,"Plan Width": 108,"Actual Startup Time": 0.053,"Actual Total Time": 0.059,"Actual Rows": 25,"Actual Loops": 4,"Workers": []}]}]}]}]}]},"Planning Time": 7.471,"Triggers": [],"Execution Time": 636.412}]
[{"Plan": {"Node Type": "Sort","Parallel Aware": false,"Async Capable": false,"Startup Cost": 134586.43,"Total Cost": 134734.30,"Plan Rows": 59150,"Plan Width": 280,"Actual Startup Time": 563.586,"Actual Total Time": 604.383,"Actual Rows": 37293,"Actual Loops": 1,"Sort Key": ["(sum((lineitem.l_extendedprice * ('1'::numeric - lineitem.l_discount)))) DESC"],"Sort Method": "quicksort","Sort Space Used": 9691,"Sort Space Type": "Memory","Plans": [{"Node Type": "Aggregate","Strategy": "Hashed","Partial Mode": "Simple","Parent Relationship": "Outer","Parallel Aware": false,"Async Capable": false,"Startup Cost": 129158.80,"Total Cost": 129898.17,"Plan Rows": 59150,"Plan Width": 280,"Actual Startup Time": 392.436,"Actual Total Time": 532.730,"Actual Rows": 37293,"Actual Loops": 1,"Group Key": ["customer.c_custkey", "nation.n_name"],"Planned Partitions": 0,"HashAgg Batches": 1,"Peak Memory Usage": 27665,"Disk Usage": 0,"Plans": [{"Node Type": "Gather","Parent Relationship": "Outer","Parallel Aware": false,"Async Capable": false,"Startup Cost": 6825.36,"Total Cost": 128419.42,"Plan Rows": 59150,"Plan Width": 260,"Actual Startup Time": 75.957,"Actual Total Time": 271.680,"Actual Rows": 108779,"Actual Loops": 1,"Workers Planned": 3,"Workers Launched": 3,"Single Copy": false,"Plans": [{"Node Type": "Hash Join","Parent Relationship": "Outer","Parallel Aware": false,"Async Capable": false,"Join Type": "Inner","Startup Cost": 5825.36,"Total Cost": 121504.42,"Plan Rows": 19081,"Plan Width": 260,"Actual Startup Time": 69.040,"Actual Total Time": 339.341,"Actual Rows": 27195,"Actual Loops": 4,"Inner Unique": true,"Hash Cond": "(customer.c_nationkey = nation.n_nationkey)","Workers": [],"Plans": [{"Node Type": "Hash Join","Parent Relationship": "Outer","Parallel Aware": true,"Async Capable": false,"Join Type": "Inner","Startup Cost": 5823.80,"Total Cost": 121444.28,"Plan Rows": 19081,"Plan Width": 160,"Actual Startup Time": 68.657,"Actual Total Time": 330.758,"Actual Rows": 27195,"Actual Loops": 4,"Inner Unique": true,"Hash Cond": "(orders.o_custkey = customer.c_custkey)","Workers": [],"Plans": [{"Node Type": "Nested Loop","Parent Relationship": "Outer","Parallel Aware": false,"Async Capable": false,"Join Type": "Inner","Startup Cost": 832.55,"Total Cost": 116402.95,"Plan Rows": 19081,"Plan Width": 16,"Actual Startup Time": 13.292,"Actual Total Time": 236.377,"Actual Rows": 27195,"Actual Loops": 4,"Inner Unique": false,"Workers": [],"Plans": [{"Node Type": "Bitmap Heap Scan","Parent Relationship": "Outer","Parallel Aware": true,"Async Capable": false,"Relation Name": "orders","Alias": "orders","Startup Cost": 832.11,"Total Cost": 27217.76,"Plan Rows": 19376,"Plan Width": 8,"Actual Startup Time": 13.230,"Actual Total Time": 65.610,"Actual Rows": 14144,"Actual Loops": 4,"Recheck Cond": "((o_orderdate >= '1994-12-01'::date) AND (o_orderdate < '1995-03-01 00:00:00'::timestamp without time zone))","Rows Removed by Index Recheck": 0,"Exact Heap Blocks": 3506,"Lossy Heap Blocks": 0,"Workers": [],"Plans": [{"Node Type": "Bitmap Index Scan","Parent Relationship": "Outer","Parallel Aware": false,"Async Capable": false,"Index Name": "idx_orders_orderdate","Startup Cost": 0.00,"Total Cost": 817.10,"Plan Rows": 60067,"Plan Width": 0,"Actual Startup Time": 10.114,"Actual Total Time": 10.122,"Actual Rows": 56577,"Actual Loops": 1,"Index Cond": "((o_orderdate >= '1994-12-01'::date) AND (o_orderdate < '1995-03-01 00:00:00'::timestamp without time zone))","Workers": []}]},{"Node Type": "Index Scan","Parent Relationship": "Inner","Parallel Aware": false,"Async Capable": false,"Scan Direction": "Forward","Index Name": "idx_lineitem_orderkey","Relation Name": "lineitem","Alias": "lineitem","Startup Cost": 0.43,"Total Cost": 4.56,"Plan Rows": 4,"Plan Width": 16,"Actual Startup Time": 0.010,"Actual Total Time": 0.012,"Actual Rows": 2,"Actual Loops": 56577,"Index Cond": "(l_orderkey = orders.o_orderkey)","Rows Removed by Index Recheck": 0,"Filter": "(l_returnflag = 'R'::bpchar)","Rows Removed by Filter": 2,"Workers": []}]},{"Node Type": "Hash","Parent Relationship": "Inner","Parallel Aware": true,"Async Capable": false,"Startup Cost": 4210.00,"Total Cost": 4210.00,"Plan Rows": 62500,"Plan Width": 148,"Actual Startup Time": 54.812,"Actual Total Time": 54.818,"Actual Rows": 37500,"Actual Loops": 4,"Hash Buckets": 262144,"Original Hash Buckets": 262144,"Hash Batches": 1,"Original Hash Batches": 1,"Peak Memory Usage": 29312,"Workers": [],"Plans": [{"Node Type": "Seq Scan","Parent Relationship": "Outer","Parallel Aware": true,"Async Capable": false,"Relation Name": "customer","Alias": "customer","Startup Cost": 0.00,"Total Cost": 4210.00,"Plan Rows": 62500,"Plan Width": 148,"Actual Startup Time": 0.022,"Actual Total Time": 23.786,"Actual Rows": 37500,"Actual Loops": 4,"Workers": []}]}]},{"Node Type": "Hash","Parent Relationship": "Inner","Parallel Aware": false,"Async Capable": false,"Startup Cost": 1.25,"Total Cost": 1.25,"Plan Rows": 25,"Plan Width": 108,"Actual Startup Time": 0.089,"Actual Total Time": 0.092,"Actual Rows": 25,"Actual Loops": 4,"Hash Buckets": 1024,"Original Hash Buckets": 1024,"Hash Batches": 1,"Original Hash Batches": 1,"Peak Memory Usage": 10,"Workers": [],"Plans": [{"Node Type": "Seq Scan","Parent Relationship": "Outer","Parallel Aware": false,"Async Capable": false,"Relation Name": "nation","Alias": "nation","Startup Cost": 0.00,"Total Cost": 1.25,"Plan Rows": 25,"Plan Width": 108,"Actual Startup Time": 0.062,"Actual Total Time": 0.067,"Actual Rows": 25,"Actual Loops": 4,"Workers": []}]}]}]}]}]},"Planning Time": 7.387,"Triggers": [],"Execution Time": 611.176}]
[{"Plan": {"Node Type": "Sort","Parallel Aware": false,"Async Capable": false,"Startup Cost": 132260.34,"Total Cost": 132403.81,"Plan Rows": 57388,"Plan Width": 280,"Actual Startup Time": 619.828,"Actual Total Time": 659.334,"Actual Rows": 38182,"Actual Loops": 1,"Sort Key": ["(sum((lineitem.l_extendedprice * ('1'::numeric - lineitem.l_discount)))) DESC"],"Sort Method": "quicksort","Sort Space Used": 9879,"Sort Space Type": "Memory","Plans": [{"Node Type": "Aggregate","Strategy": "Hashed","Partial Mode": "Simple","Parent Relationship": "Outer","Parallel Aware": false,"Async Capable": false,"Startup Cost": 127006.91,"Total Cost": 127724.26,"Plan Rows": 57388,"Plan Width": 280,"Actual Startup Time": 430.185,"Actual Total Time": 588.903,"Actual Rows": 38182,"Actual Loops": 1,"Group Key": ["customer.c_custkey", "nation.n_name"],"Planned Partitions": 0,"HashAgg Batches": 1,"Peak Memory Usage": 26129,"Disk Usage": 0,"Plans": [{"Node Type": "Gather","Parent Relationship": "Outer","Parallel Aware": false,"Async Capable": false,"Startup Cost": 6799.02,"Total Cost": 126289.56,"Plan Rows": 57388,"Plan Width": 260,"Actual Startup Time": 89.737,"Actual Total Time": 296.974,"Actual Rows": 115050,"Actual Loops": 1,"Workers Planned": 3,"Workers Launched": 3,"Single Copy": false,"Plans": [{"Node Type": "Hash Join","Parent Relationship": "Outer","Parallel Aware": false,"Async Capable": false,"Join Type": "Inner","Startup Cost": 5799.02,"Total Cost": 119550.76,"Plan Rows": 18512,"Plan Width": 260,"Actual Startup Time": 82.322,"Actual Total Time": 373.404,"Actual Rows": 28762,"Actual Loops": 4,"Inner Unique": true,"Hash Cond": "(customer.c_nationkey = nation.n_nationkey)","Workers": [],"Plans": [{"Node Type": "Hash Join","Parent Relationship": "Outer","Parallel Aware": true,"Async Capable": false,"Join Type": "Inner","Startup Cost": 5797.46,"Total Cost": 119492.37,"Plan Rows": 18512,"Plan Width": 160,"Actual Startup Time": 81.937,"Actual Total Time": 363.986,"Actual Rows": 28762,"Actual Loops": 4,"Inner Unique": true,"Hash Cond": "(orders.o_custkey = customer.c_custkey)","Workers": [],"Plans": [{"Node Type": "Nested Loop","Parent Relationship": "Outer","Parallel Aware": false,"Async Capable": false,"Join Type": "Inner","Startup Cost": 806.21,"Total Cost": 114452.53,"Plan Rows": 18513,"Plan Width": 16,"Actual Startup Time": 13.433,"Actual Total Time": 253.545,"Actual Rows": 28762,"Actual Loops": 4,"Inner Unique": false,"Workers": [],"Plans": [{"Node Type": "Bitmap Heap Scan","Parent Relationship": "Outer","Parallel Aware": true,"Async Capable": false,"Relation Name": "orders","Alias": "orders","Startup Cost": 805.78,"Total Cost": 27182.77,"Plan Rows": 18799,"Plan Width": 8,"Actual Startup Time": 13.373,"Actual Total Time": 70.825,"Actual Rows": 14368,"Actual Loops": 4,"Recheck Cond": "((o_orderdate >= '1994-06-01'::date) AND (o_orderdate < '1994-09-01 00:00:00'::timestamp without time zone))","Rows Removed by Index Recheck": 0,"Exact Heap Blocks": 3680,"Lossy Heap Blocks": 0,"Workers": [],"Plans": [{"Node Type": "Bitmap Index Scan","Parent Relationship": "Outer","Parallel Aware": false,"Async Capable": false,"Index Name": "idx_orders_orderdate","Startup Cost": 0.00,"Total Cost": 791.21,"Plan Rows": 58278,"Plan Width": 0,"Actual Startup Time": 10.272,"Actual Total Time": 10.276,"Actual Rows": 57474,"Actual Loops": 1,"Index Cond": "((o_orderdate >= '1994-06-01'::date) AND (o_orderdate < '1994-09-01 00:00:00'::timestamp without time zone))","Workers": []}]},{"Node Type": "Index Scan","Parent Relationship": "Inner","Parallel Aware": false,"Async Capable": false,"Scan Direction": "Forward","Index Name": "idx_lineitem_orderkey","Relation Name": "lineitem","Alias": "lineitem","Startup Cost": 0.43,"Total Cost": 4.60,"Plan Rows": 4,"Plan Width": 16,"Actual Startup Time": 0.010,"Actual Total Time": 0.012,"Actual Rows": 2,"Actual Loops": 57474,"Index Cond": "(l_orderkey = orders.o_orderkey)","Rows Removed by Index Recheck": 0,"Filter": "(l_returnflag = 'R'::bpchar)","Rows Removed by Filter": 2,"Workers": []}]},{"Node Type": "Hash","Parent Relationship": "Inner","Parallel Aware": true,"Async Capable": false,"Startup Cost": 4210.00,"Total Cost": 4210.00,"Plan Rows": 62500,"Plan Width": 148,"Actual Startup Time": 67.921,"Actual Total Time": 67.927,"Actual Rows": 37500,"Actual Loops": 4,"Hash Buckets": 262144,"Original Hash Buckets": 262144,"Hash Batches": 1,"Original Hash Batches": 1,"Peak Memory Usage": 29312,"Workers": [],"Plans": [{"Node Type": "Seq Scan","Parent Relationship": "Outer","Parallel Aware": true,"Async Capable": false,"Relation Name": "customer","Alias": "customer","Startup Cost": 0.00,"Total Cost": 4210.00,"Plan Rows": 62500,"Plan Width": 148,"Actual Startup Time": 0.026,"Actual Total Time": 28.832,"Actual Rows": 37500,"Actual Loops": 4,"Workers": []}]}]},{"Node Type": "Hash","Parent Relationship": "Inner","Parallel Aware": false,"Async Capable": false,"Startup Cost": 1.25,"Total Cost": 1.25,"Plan Rows": 25,"Plan Width": 108,"Actual Startup Time": 0.096,"Actual Total Time": 0.101,"Actual Rows": 25,"Actual Loops": 4,"Hash Buckets": 1024,"Original Hash Buckets": 1024,"Hash Batches": 1,"Original Hash Batches": 1,"Peak Memory Usage": 10,"Workers": [],"Plans": [{"Node Type": "Seq Scan","Parent Relationship": "Outer","Parallel Aware": false,"Async Capable": false,"Relation Name": "nation","Alias": "nation","Startup Cost": 0.00,"Total Cost": 1.25,"Plan Rows": 25,"Plan Width": 108,"Actual Startup Time": 0.064,"Actual Total Time": 0.070,"Actual Rows": 25,"Actual Loops": 4,"Workers": []}]}]}]}]}]},"Planning Time": 7.103,"Triggers": [],"Execution Time": 663.701}]
[{"Plan": {"Node Type": "Sort","Parallel Aware": false,"Async Capable": false,"Startup Cost": 127549.79,"Total Cost": 127684.44,"Plan Rows": 53858,"Plan Width": 280,"Actual Startup Time": 605.399,"Actual Total Time": 645.666,"Actual Rows": 37880,"Actual Loops": 1,"Sort Key": ["(sum((lineitem.l_extendedprice * ('1'::numeric - lineitem.l_discount)))) DESC"],"Sort Method": "quicksort","Sort Space Used": 9830,"Sort Space Type": "Memory","Plans": [{"Node Type": "Aggregate","Strategy": "Hashed","Partial Mode": "Simple","Parent Relationship": "Outer","Parallel Aware": false,"Async Capable": false,"Startup Cost": 122644.17,"Total Cost": 123317.39,"Plan Rows": 53858,"Plan Width": 280,"Actual Startup Time": 424.771,"Actual Total Time": 574.608,"Actual Rows": 37880,"Actual Loops": 1,"Group Key": ["customer.c_custkey", "nation.n_name"],"Planned Partitions": 0,"HashAgg Batches": 1,"Peak Memory Usage": 26129,"Disk Usage": 0,"Plans": [{"Node Type": "Gather","Parent Relationship": "Outer","Parallel Aware": false,"Async Capable": false,"Startup Cost": 6750.28,"Total Cost": 121970.94,"Plan Rows": 53858,"Plan Width": 260,"Actual Startup Time": 85.178,"Actual Total Time": 295.165,"Actual Rows": 114508,"Actual Loops": 1,"Workers Planned": 3,"Workers Launched": 3,"Single Copy": false,"Plans": [{"Node Type": "Hash Join","Parent Relationship": "Outer","Parallel Aware": false,"Async Capable": false,"Join Type": "Inner","Startup Cost": 5750.28,"Total Cost": 115585.14,"Plan Rows": 17374,"Plan Width": 260,"Actual Startup Time": 78.100,"Actual Total Time": 368.715,"Actual Rows": 28627,"Actual Loops": 4,"Inner Unique": true,"Hash Cond": "(customer.c_nationkey = nation.n_nationkey)","Workers": [],"Plans": [{"Node Type": "Hash Join","Parent Relationship": "Outer","Parallel Aware": true,"Async Capable": false,"Join Type": "Inner","Startup Cost": 5748.71,"Total Cost": 115530.24,"Plan Rows": 17374,"Plan Width": 160,"Actual Startup Time": 77.678,"Actual Total Time": 360.085,"Actual Rows": 28627,"Actual Loops": 4,"Inner Unique": true,"Hash Cond": "(orders.o_custkey = customer.c_custkey)","Workers": [],"Plans": [{"Node Type": "Nested Loop","Parent Relationship": "Outer","Parallel Aware": false,"Async Capable": false,"Join Type": "Inner","Startup Cost": 757.46,"Total Cost": 110493.39,"Plan Rows": 17374,"Plan Width": 16,"Actual Startup Time": 13.130,"Actual Total Time": 256.172,"Actual Rows": 28627,"Actual Loops": 4,"Inner Unique": false,"Workers": [],"Plans": [{"Node Type": "Bitmap Heap Scan","Parent Relationship": "Outer","Parallel Aware": true,"Async Capable": false,"Relation Name": "orders","Alias": "orders","Startup Cost": 757.03,"Total Cost": 27116.67,"Plan Rows": 17643,"Plan Width": 8,"Actual Startup Time": 13.063,"Actual Total Time": 71.665,"Actual Rows": 14273,"Actual Loops": 4,"Recheck Cond": "((o_orderdate >= '1993-05-01'::date) AND (o_orderdate < '1993-08-01 00:00:00'::timestamp without time zone))","Rows Removed by Index Recheck": 0,"Exact Heap Blocks": 3695,"Lossy Heap Blocks": 0,"Workers": [],"Plans": [{"Node Type": "Bitmap Index Scan","Parent Relationship": "Outer","Parallel Aware": false,"Async Capable": false,"Index Name": "idx_orders_orderdate","Startup Cost": 0.00,"Total Cost": 743.36,"Plan Rows": 54693,"Plan Width": 0,"Actual Startup Time": 9.957,"Actual Total Time": 9.964,"Actual Rows": 57093,"Actual Loops": 1,"Index Cond": "((o_orderdate >= '1993-05-01'::date) AND (o_orderdate < '1993-08-01 00:00:00'::timestamp without time zone))","Workers": []}]},{"Node Type": "Index Scan","Parent Relationship": "Inner","Parallel Aware": false,"Async Capable": false,"Scan Direction": "Forward","Index Name": "idx_lineitem_orderkey","Relation Name": "lineitem","Alias": "lineitem","Startup Cost": 0.43,"Total Cost": 4.69,"Plan Rows": 4,"Plan Width": 16,"Actual Startup Time": 0.011,"Actual Total Time": 0.013,"Actual Rows": 2,"Actual Loops": 57093,"Index Cond": "(l_orderkey = orders.o_orderkey)","Rows Removed by Index Recheck": 0,"Filter": "(l_returnflag = 'R'::bpchar)","Rows Removed by Filter": 2,"Workers": []}]},{"Node Type": "Hash","Parent Relationship": "Inner","Parallel Aware": true,"Async Capable": false,"Startup Cost": 4210.00,"Total Cost": 4210.00,"Plan Rows": 62500,"Plan Width": 148,"Actual Startup Time": 63.988,"Actual Total Time": 63.994,"Actual Rows": 37500,"Actual Loops": 4,"Hash Buckets": 262144,"Original Hash Buckets": 262144,"Hash Batches": 1,"Original Hash Batches": 1,"Peak Memory Usage": 29344,"Workers": [],"Plans": [{"Node Type": "Seq Scan","Parent Relationship": "Outer","Parallel Aware": true,"Async Capable": false,"Relation Name": "customer","Alias": "customer","Startup Cost": 0.00,"Total Cost": 4210.00,"Plan Rows": 62500,"Plan Width": 148,"Actual Startup Time": 0.034,"Actual Total Time": 28.777,"Actual Rows": 37500,"Actual Loops": 4,"Workers": []}]}]},{"Node Type": "Hash","Parent Relationship": "Inner","Parallel Aware": false,"Async Capable": false,"Startup Cost": 1.25,"Total Cost": 1.25,"Plan Rows": 25,"Plan Width": 108,"Actual Startup Time": 0.078,"Actual Total Time": 0.083,"Actual Rows": 25,"Actual Loops": 4,"Hash Buckets": 1024,"Original Hash Buckets": 1024,"Hash Batches": 1,"Original Hash Batches": 1,"Peak Memory Usage": 10,"Workers": [],"Plans": [{"Node Type": "Seq Scan","Parent Relationship": "Outer","Parallel Aware": false,"Async Capable": false,"Relation Name": "nation","Alias": "nation","Startup Cost": 0.00,"Total Cost": 1.25,"Plan Rows": 25,"Plan Width": 108,"Actual Startup Time": 0.048,"Actual Total Time": 0.055,"Actual Rows": 25,"Actual Loops": 4,"Workers": []}]}]}]}]}]},"Planning Time": 7.141,"Triggers": [],"Execution Time": 649.992}]
[{"Plan": {"Node Type": "Sort","Parallel Aware": false,"Async Capable": false,"Startup Cost": 134586.43,"Total Cost": 134734.30,"Plan Rows": 59150,"Plan Width": 280,"Actual Startup Time": 563.586,"Actual Total Time": 604.383,"Actual Rows": 37293,"Actual Loops": 1,"Sort Key": ["(sum((lineitem.l_extendedprice * ('1'::numeric - lineitem.l_discount)))) DESC"],"Sort Method": "quicksort","Sort Space Used": 9691,"Sort Space Type": "Memory","Plans": [{"Node Type": "Aggregate","Strategy": "Hashed","Partial Mode": "Simple","Parent Relationship": "Outer","Parallel Aware": false,"Async Capable": false,"Startup Cost": 129158.80,"Total Cost": 129898.17,"Plan Rows": 59150,"Plan Width": 280,"Actual Startup Time": 392.436,"Actual Total Time": 532.730,"Actual Rows": 37293,"Actual Loops": 1,"Group Key": ["customer.c_custkey", "nation.n_name"],"Planned Partitions": 0,"HashAgg Batches": 1,"Peak Memory Usage": 27665,"Disk Usage": 0,"Plans": [{"Node Type": "Gather","Parent Relationship": "Outer","Parallel Aware": false,"Async Capable": false,"Startup Cost": 6825.36,"Total Cost": 128419.42,"Plan Rows": 59150,"Plan Width": 260,"Actual Startup Time": 75.957,"Actual Total Time": 271.680,"Actual Rows": 108779,"Actual Loops": 1,"Workers Planned": 3,"Workers Launched": 3,"Single Copy": false,"Plans": [{"Node Type": "Hash Join","Parent Relationship": "Outer","Parallel Aware": false,"Async Capable": false,"Join Type": "Inner","Startup Cost": 5825.36,"Total Cost": 121504.42,"Plan Rows": 19081,"Plan Width": 260,"Actual Startup Time": 69.040,"Actual Total Time": 339.341,"Actual Rows": 27195,"Actual Loops": 4,"Inner Unique": true,"Hash Cond": "(customer.c_nationkey = nation.n_nationkey)","Workers": [],"Plans": [{"Node Type": "Hash Join","Parent Relationship": "Outer","Parallel Aware": true,"Async Capable": false,"Join Type": "Inner","Startup Cost": 5823.80,"Total Cost": 121444.28,"Plan Rows": 19081,"Plan Width": 160,"Actual Startup Time": 68.657,"Actual Total Time": 330.758,"Actual Rows": 27195,"Actual Loops": 4,"Inner Unique": true,"Hash Cond": "(orders.o_custkey = customer.c_custkey)","Workers": [],"Plans": [{"Node Type": "Nested Loop","Parent Relationship": "Outer","Parallel Aware": false,"Async Capable": false,"Join Type": "Inner","Startup Cost": 832.55,"Total Cost": 116402.95,"Plan Rows": 19081,"Plan Width": 16,"Actual Startup Time": 13.292,"Actual Total Time": 236.377,"Actual Rows": 27195,"Actual Loops": 4,"Inner Unique": false,"Workers": [],"Plans": [{"Node Type": "Bitmap Heap Scan","Parent Relationship": "Outer","Parallel Aware": true,"Async Capable": false,"Relation Name": "orders","Alias": "orders","Startup Cost": 832.11,"Total Cost": 27217.76,"Plan Rows": 19376,"Plan Width": 8,"Actual Startup Time": 13.230,"Actual Total Time": 65.610,"Actual Rows": 14144,"Actual Loops": 4,"Recheck Cond": "((o_orderdate >= '1994-12-01'::date) AND (o_orderdate < '1995-03-01 00:00:00'::timestamp without time zone))","Rows Removed by Index Recheck": 0,"Exact Heap Blocks": 3506,"Lossy Heap Blocks": 0,"Workers": [],"Plans": [{"Node Type": "Bitmap Index Scan","Parent Relationship": "Outer","Parallel Aware": false,"Async Capable": false,"Index Name": "idx_orders_orderdate","Startup Cost": 0.00,"Total Cost": 817.10,"Plan Rows": 60067,"Plan Width": 0,"Actual Startup Time": 10.114,"Actual Total Time": 10.122,"Actual Rows": 56577,"Actual Loops": 1,"Index Cond": "((o_orderdate >= '1994-12-01'::date) AND (o_orderdate < '1995-03-01 00:00:00'::timestamp without time zone))","Workers": []}]},{"Node Type": "Index Scan","Parent Relationship": "Inner","Parallel Aware": false,"Async Capable": false,"Scan Direction": "Forward","Index Name": "idx_lineitem_orderkey","Relation Name": "lineitem","Alias": "lineitem","Startup Cost": 0.43,"Total Cost": 4.56,"Plan Rows": 4,"Plan Width": 16,"Actual Startup Time": 0.010,"Actual Total Time": 0.012,"Actual Rows": 2,"Actual Loops": 56577,"Index Cond": "(l_orderkey = orders.o_orderkey)","Rows Removed by Index Recheck": 0,"Filter": "(l_returnflag = 'R'::bpchar)","Rows Removed by Filter": 2,"Workers": []}]},{"Node Type": "Hash","Parent Relationship": "Inner","Parallel Aware": true,"Async Capable": false,"Startup Cost": 4210.00,"Total Cost": 4210.00,"Plan Rows": 62500,"Plan Width": 148,"Actual Startup Time": 54.812,"Actual Total Time": 54.818,"Actual Rows": 37500,"Actual Loops": 4,"Hash Buckets": 262144,"Original Hash Buckets": 262144,"Hash Batches": 1,"Original Hash Batches": 1,"Peak Memory Usage": 29312,"Workers": [],"Plans": [{"Node Type": "Seq Scan","Parent Relationship": "Outer","Parallel Aware": true,"Async Capable": false,"Relation Name": "customer","Alias": "customer","Startup Cost": 0.00,"Total Cost": 4210.00,"Plan Rows": 62500,"Plan Width": 148,"Actual Startup Time": 0.022,"Actual Total Time": 23.786,"Actual Rows": 37500,"Actual Loops": 4,"Workers": []}]}]},{"Node Type": "Hash","Parent Relationship": "Inner","Parallel Aware": false,"Async Capable": false,"Startup Cost": 1.25,"Total Cost": 1.25,"Plan Rows": 25,"Plan Width": 108,"Actual Startup Time": 0.089,"Actual Total Time": 0.092,"Actual Rows": 25,"Actual Loops": 4,"Hash Buckets": 1024,"Original Hash Buckets": 1024,"Hash Batches": 1,"Original Hash Batches": 1,"Peak Memory Usage": 10,"Workers": [],"Plans": [{"Node Type": "Seq Scan","Parent Relationship": "Outer","Parallel Aware": false,"Async Capable": false,"Relation Name": "nation","Alias": "nation","Startup Cost": 0.00,"Total Cost": 1.25,"Plan Rows": 25,"Plan Width": 108,"Actual Startup Time": 0.062,"Actual Total Time": 0.067,"Actual Rows": 25,"Actual Loops": 4,"Workers": []}]}]}]}]}]},"Planning Time": 7.387,"Triggers": [],"Execution Time": 611.176}]
[{"Plan": {"Node Type": "Sort","Parallel Aware": false,"Async Capable": false,"Startup Cost": 134586.43,"Total Cost": 134734.30,"Plan Rows": 59150,"Plan Width": 280,"Actual Startup Time": 563.586,"Actual Total Time": 604.383,"Actual Rows": 37293,"Actual Loops": 1,"Sort Key": ["(sum((lineitem.l_extendedprice * ('1'::numeric - lineitem.l_discount)))) DESC"],"Sort Method": "quicksort","Sort Space Used": 9691,"Sort Space Type": "Memory","Plans": [{"Node Type": "Aggregate","Strategy": "Hashed","Partial Mode": "Simple","Parent Relationship": "Outer","Parallel Aware": false,"Async Capable": false,"Startup Cost": 129158.80,"Total Cost": 129898.17,"Plan Rows": 59150,"Plan Width": 280,"Actual Startup Time": 392.436,"Actual Total Time": 532.730,"Actual Rows": 37293,"Actual Loops": 1,"Group Key": ["customer.c_custkey", "nation.n_name"],"Planned Partitions": 0,"HashAgg Batches": 1,"Peak Memory Usage": 27665,"Disk Usage": 0,"Plans": [{"Node Type": "Gather","Parent Relationship": "Outer","Parallel Aware": false,"Async Capable": false,"Startup Cost": 6825.36,"Total Cost": 128419.42,"Plan Rows": 59150,"Plan Width": 260,"Actual Startup Time": 75.957,"Actual Total Time": 271.680,"Actual Rows": 108779,"Actual Loops": 1,"Workers Planned": 3,"Workers Launched": 3,"Single Copy": false,"Plans": [{"Node Type": "Hash Join","Parent Relationship": "Outer","Parallel Aware": false,"Async Capable": false,"Join Type": "Inner","Startup Cost": 5825.36,"Total Cost": 121504.42,"Plan Rows": 19081,"Plan Width": 260,"Actual Startup Time": 69.040,"Actual Total Time": 339.341,"Actual Rows": 27195,"Actual Loops": 4,"Inner Unique": true,"Hash Cond": "(customer.c_nationkey = nation.n_nationkey)","Workers": [],"Plans": [{"Node Type": "Hash Join","Parent Relationship": "Outer","Parallel Aware": true,"Async Capable": false,"Join Type": "Inner","Startup Cost": 5823.80,"Total Cost": 121444.28,"Plan Rows": 19081,"Plan Width": 160,"Actual Startup Time": 68.657,"Actual Total Time": 330.758,"Actual Rows": 27195,"Actual Loops": 4,"Inner Unique": true,"Hash Cond": "(orders.o_custkey = customer.c_custkey)","Workers": [],"Plans": [{"Node Type": "Nested Loop","Parent Relationship": "Outer","Parallel Aware": false,"Async Capable": false,"Join Type": "Inner","Startup Cost": 832.55,"Total Cost": 116402.95,"Plan Rows": 19081,"Plan Width": 16,"Actual Startup Time": 13.292,"Actual Total Time": 236.377,"Actual Rows": 27195,"Actual Loops": 4,"Inner Unique": false,"Workers": [],"Plans": [{"Node Type": "Bitmap Heap Scan","Parent Relationship": "Outer","Parallel Aware": true,"Async Capable": false,"Relation Name": "orders","Alias": "orders","Startup Cost": 832.11,"Total Cost": 27217.76,"Plan Rows": 19376,"Plan Width": 8,"Actual Startup Time": 13.230,"Actual Total Time": 65.610,"Actual Rows": 14144,"Actual Loops": 4,"Recheck Cond": "((o_orderdate >= '1994-12-01'::date) AND (o_orderdate < '1995-03-01 00:00:00'::timestamp without time zone))","Rows Removed by Index Recheck": 0,"Exact Heap Blocks": 3506,"Lossy Heap Blocks": 0,"Workers": [],"Plans": [{"Node Type": "Bitmap Index Scan","Parent Relationship": "Outer","Parallel Aware": false,"Async Capable": false,"Index Name": "idx_orders_orderdate","Startup Cost": 0.00,"Total Cost": 817.10,"Plan Rows": 60067,"Plan Width": 0,"Actual Startup Time": 10.114,"Actual Total Time": 10.122,"Actual Rows": 56577,"Actual Loops": 1,"Index Cond": "((o_orderdate >= '1994-12-01'::date) AND (o_orderdate < '1995-03-01 00:00:00'::timestamp without time zone))","Workers": []}]},{"Node Type": "Index Scan","Parent Relationship": "Inner","Parallel Aware": false,"Async Capable": false,"Scan Direction": "Forward","Index Name": "idx_lineitem_orderkey","Relation Name": "lineitem","Alias": "lineitem","Startup Cost": 0.43,"Total Cost": 4.56,"Plan Rows": 4,"Plan Width": 16,"Actual Startup Time": 0.010,"Actual Total Time": 0.012,"Actual Rows": 2,"Actual Loops": 56577,"Index Cond": "(l_orderkey = orders.o_orderkey)","Rows Removed by Index Recheck": 0,"Filter": "(l_returnflag = 'R'::bpchar)","Rows Removed by Filter": 2,"Workers": []}]},{"Node Type": "Hash","Parent Relationship": "Inner","Parallel Aware": true,"Async Capable": false,"Startup Cost": 4210.00,"Total Cost": 4210.00,"Plan Rows": 62500,"Plan Width": 148,"Actual Startup Time": 54.812,"Actual Total Time": 54.818,"Actual Rows": 37500,"Actual Loops": 4,"Hash Buckets": 262144,"Original Hash Buckets": 262144,"Hash Batches": 1,"Original Hash Batches": 1,"Peak Memory Usage": 29312,"Workers": [],"Plans": [{"Node Type": "Seq Scan","Parent Relationship": "Outer","Parallel Aware": true,"Async Capable": false,"Relation Name": "customer","Alias": "customer","Startup Cost": 0.00,"Total Cost": 4210.00,"Plan Rows": 62500,"Plan Width": 148,"Actual Startup Time": 0.022,"Actual Total Time": 23.786,"Actual Rows": 37500,"Actual Loops": 4,"Workers": []}]}]},{"Node Type": "Hash","Parent Relationship": "Inner","Parallel Aware": false,"Async Capable": false,"Startup Cost": 1.25,"Total Cost": 1.25,"Plan Rows": 25,"Plan Width": 108,"Actual Startup Time": 0.089,"Actual Total Time": 0.092,"Actual Rows": 25,"Actual Loops": 4,"Hash Buckets": 1024,"Original Hash Buckets": 1024,"Hash Batches": 1,"Original Hash Batches": 1,"Peak Memory Usage": 10,"Workers": [],"Plans": [{"Node Type": "Seq Scan","Parent Relationship": "Outer","Parallel Aware": false,"Async Capable": false,"Relation Name": "nation","Alias": "nation","Startup Cost": 0.00,"Total Cost": 1.25,"Plan Rows": 25,"Plan Width": 108,"Actual Startup Time": 0.062,"Actual Total Time": 0.067,"Actual Rows": 25,"Actual Loops": 4,"Workers": []}]}]}]}]}]},"Planning Time": 7.387,"Triggers": [],"Execution Time": 611.176}]
[{"Plan": {"Node Type": "Sort","Parallel Aware": false,"Async Capable": false,"Startup Cost": 135821.55,"Total Cost": 135971.77,"Plan Rows": 60088,"Plan Width": 280,"Actual Startup Time": 612.241,"Actual Total Time": 654.721,"Actual Rows": 38271,"Actual Loops": 1,"Sort Key": ["(sum((lineitem.l_extendedprice * ('1'::numeric - lineitem.l_discount)))) DESC"],"Sort Method": "quicksort","Sort Space Used": 9908,"Sort Space Type": "Memory","Plans": [{"Node Type": "Aggregate","Strategy": "Hashed","Partial Mode": "Simple","Parent Relationship": "Outer","Parallel Aware": false,"Async Capable": false,"Startup Cost": 130301.02,"Total Cost": 131052.12,"Plan Rows": 60088,"Plan Width": 280,"Actual Startup Time": 429.301,"Actual Total Time": 581.634,"Actual Rows": 38271,"Actual Loops": 1,"Group Key": ["customer.c_custkey", "nation.n_name"],"Planned Partitions": 0,"HashAgg Batches": 1,"Peak Memory Usage": 27665,"Disk Usage": 0,"Plans": [{"Node Type": "Gather","Parent Relationship": "Outer","Parallel Aware": false,"Async Capable": false,"Startup Cost": 6839.13,"Total Cost": 129549.92,"Plan Rows": 60088,"Plan Width": 260,"Actual Startup Time": 85.611,"Actual Total Time": 294.175,"Actual Rows": 115282,"Actual Loops": 1,"Workers Planned": 3,"Workers Launched": 3,"Single Copy": false,"Plans": [{"Node Type": "Hash Join","Parent Relationship": "Outer","Parallel Aware": false,"Async Capable": false,"Join Type": "Inner","Startup Cost": 5839.13,"Total Cost": 122541.12,"Plan Rows": 19383,"Plan Width": 260,"Actual Startup Time": 78.447,"Actual Total Time": 371.364,"Actual Rows": 28820,"Actual Loops": 4,"Inner Unique": true,"Hash Cond": "(customer.c_nationkey = nation.n_nationkey)","Workers": [],"Plans": [{"Node Type": "Hash Join","Parent Relationship": "Outer","Parallel Aware": true,"Async Capable": false,"Join Type": "Inner","Startup Cost": 5837.56,"Total Cost": 122480.06,"Plan Rows": 19383,"Plan Width": 160,"Actual Startup Time": 78.051,"Actual Total Time": 362.469,"Actual Rows": 28820,"Actual Loops": 4,"Inner Unique": true,"Hash Cond": "(orders.o_custkey = customer.c_custkey)","Workers": [],"Plans": [{"Node Type": "Nested Loop","Parent Relationship": "Outer","Parallel Aware": false,"Async Capable": false,"Join Type": "Inner","Startup Cost": 846.31,"Total Cost": 117437.93,"Plan Rows": 19383,"Plan Width": 16,"Actual Startup Time": 13.660,"Actual Total Time": 255.763,"Actual Rows": 28820,"Actual Loops": 4,"Inner Unique": false,"Workers": [],"Plans": [{"Node Type": "Bitmap Heap Scan","Parent Relationship": "Outer","Parallel Aware": true,"Async Capable": false,"Relation Name": "orders","Alias": "orders","Startup Cost": 845.88,"Total Cost": 27236.14,"Plan Rows": 19684,"Plan Width": 8,"Actual Startup Time": 13.594,"Actual Total Time": 71.334,"Actual Rows": 14421,"Actual Loops": 4,"Recheck Cond": "((o_orderdate >= '1994-11-01'::date) AND (o_orderdate < '1995-02-01 00:00:00'::timestamp without time zone))","Rows Removed by Index Recheck": 0,"Exact Heap Blocks": 3552,"Lossy Heap Blocks": 0,"Workers": [],"Plans": [{"Node Type": "Bitmap Index Scan","Parent Relationship": "Outer","Parallel Aware": false,"Async Capable": false,"Index Name": "idx_orders_orderdate","Startup Cost": 0.00,"Total Cost": 830.63,"Plan Rows": 61020,"Plan Width": 0,"Actual Startup Time": 10.499,"Actual Total Time": 10.499,"Actual Rows": 57683,"Actual Loops": 1,"Index Cond": "((o_orderdate >= '1994-11-01'::date) AND (o_orderdate < '1995-02-01 00:00:00'::timestamp without time zone))","Workers": []}]},{"Node Type": "Index Scan","Parent Relationship": "Inner","Parallel Aware": false,"Async Capable": false,"Scan Direction": "Forward","Index Name": "idx_lineitem_orderkey","Relation Name": "lineitem","Alias": "lineitem","Startup Cost": 0.43,"Total Cost": 4.54,"Plan Rows": 4,"Plan Width": 16,"Actual Startup Time": 0.010,"Actual Total Time": 0.012,"Actual Rows": 2,"Actual Loops": 57683,"Index Cond": "(l_orderkey = orders.o_orderkey)","Rows Removed by Index Recheck": 0,"Filter": "(l_returnflag = 'R'::bpchar)","Rows Removed by Filter": 2,"Workers": []}]},{"Node Type": "Hash","Parent Relationship": "Inner","Parallel Aware": true,"Async Capable": false,"Startup Cost": 4210.00,"Total Cost": 4210.00,"Plan Rows": 62500,"Plan Width": 148,"Actual Startup Time": 63.847,"Actual Total Time": 63.854,"Actual Rows": 37500,"Actual Loops": 4,"Hash Buckets": 262144,"Original Hash Buckets": 262144,"Hash Batches": 1,"Original Hash Batches": 1,"Peak Memory Usage": 29312,"Workers": [],"Plans": [{"Node Type": "Seq Scan","Parent Relationship": "Outer","Parallel Aware": true,"Async Capable": false,"Relation Name": "customer","Alias": "customer","Startup Cost": 0.00,"Total Cost": 4210.00,"Plan Rows": 62500,"Plan Width": 148,"Actual Startup Time": 0.028,"Actual Total Time": 27.532,"Actual Rows": 37500,"Actual Loops": 4,"Workers": []}]}]},{"Node Type": "Hash","Parent Relationship": "Inner","Parallel Aware": false,"Async Capable": false,"Startup Cost": 1.25,"Total Cost": 1.25,"Plan Rows": 25,"Plan Width": 108,"Actual Startup Time": 0.090,"Actual Total Time": 0.096,"Actual Rows": 25,"Actual Loops": 4,"Hash Buckets": 1024,"Original Hash Buckets": 1024,"Hash Batches": 1,"Original Hash Batches": 1,"Peak Memory Usage": 10,"Workers": [],"Plans": [{"Node Type": "Seq Scan","Parent Relationship": "Outer","Parallel Aware": false,"Async Capable": false,"Relation Name": "nation","Alias": "nation","Startup Cost": 0.00,"Total Cost": 1.25,"Plan Rows": 25,"Plan Width": 108,"Actual Startup Time": 0.058,"Actual Total Time": 0.065,"Actual Rows": 25,"Actual Loops": 4,"Workers": []}]}]}]}]}]},"Planning Time": 7.427,"Triggers": [],"Execution Time": 660.359}]
[{"Plan": {"Node Type": "Sort","Parallel Aware": false,"Async Capable": false,"Startup Cost": 130505.43,"Total Cost": 130645.60,"Plan Rows": 56065,"Plan Width": 280,"Actual Startup Time": 601.513,"Actual Total Time": 641.580,"Actual Rows": 37018,"Actual Loops": 1,"Sort Key": ["(sum((lineitem.l_extendedprice * ('1'::numeric - lineitem.l_discount)))) DESC"],"Sort Method": "quicksort","Sort Space Used": 9627,"Sort Space Type": "Memory","Plans": [{"Node Type": "Aggregate","Strategy": "Hashed","Partial Mode": "Simple","Parent Relationship": "Outer","Parallel Aware": false,"Async Capable": false,"Startup Cost": 125382.55,"Total Cost": 126083.36,"Plan Rows": 56065,"Plan Width": 280,"Actual Startup Time": 416.495,"Actual Total Time": 572.420,"Actual Rows": 37018,"Actual Loops": 1,"Group Key": ["customer.c_custkey", "nation.n_name"],"Planned Partitions": 0,"HashAgg Batches": 1,"Peak Memory Usage": 26129,"Disk Usage": 0,"Plans": [{"Node Type": "Gather","Parent Relationship": "Outer","Parallel Aware": false,"Async Capable": false,"Startup Cost": 6781.25,"Total Cost": 124681.73,"Plan Rows": 56065,"Plan Width": 260,"Actual Startup Time": 81.623,"Actual Total Time": 288.921,"Actual Rows": 110603,"Actual Loops": 1,"Workers Planned": 3,"Workers Launched": 3,"Single Copy": false,"Plans": [{"Node Type": "Hash Join","Parent Relationship": "Outer","Parallel Aware": false,"Async Capable": false,"Join Type": "Inner","Startup Cost": 5781.25,"Total Cost": 118075.23,"Plan Rows": 18085,"Plan Width": 260,"Actual Startup Time": 74.243,"Actual Total Time": 359.851,"Actual Rows": 27651,"Actual Loops": 4,"Inner Unique": true,"Hash Cond": "(customer.c_nationkey = nation.n_nationkey)","Workers": [],"Plans": [{"Node Type": "Hash Join","Parent Relationship": "Outer","Parallel Aware": true,"Async Capable": false,"Join Type": "Inner","Startup Cost": 5779.68,"Total Cost": 118018.16,"Plan Rows": 18085,"Plan Width": 160,"Actual Startup Time": 73.807,"Actual Total Time": 350.724,"Actual Rows": 27651,"Actual Loops": 4,"Inner Unique": true,"Hash Cond": "(orders.o_custkey = customer.c_custkey)","Workers": [],"Plans": [{"Node Type": "Nested Loop","Parent Relationship": "Outer","Parallel Aware": false,"Async Capable": false,"Join Type": "Inner","Startup Cost": 788.43,"Total Cost": 112979.43,"Plan Rows": 18085,"Plan Width": 16,"Actual Startup Time": 13.351,"Actual Total Time": 248.674,"Actual Rows": 27651,"Actual Loops": 4,"Inner Unique": false,"Workers": [],"Plans": [{"Node Type": "Bitmap Heap Scan","Parent Relationship": "Outer","Parallel Aware": true,"Async Capable": false,"Relation Name": "orders","Alias": "orders","Startup Cost": 788.00,"Total Cost": 27158.49,"Plan Rows": 18366,"Plan Width": 8,"Actual Startup Time": 13.297,"Actual Total Time": 70.614,"Actual Rows": 13866,"Actual Loops": 4,"Recheck Cond": "((o_orderdate >= '1994-02-01'::date) AND (o_orderdate < '1994-05-01 00:00:00'::timestamp without time zone))","Rows Removed by Index Recheck": 0,"Exact Heap Blocks": 3619,"Lossy Heap Blocks": 0,"Workers": [],"Plans": [{"Node Type": "Bitmap Index Scan","Parent Relationship": "Outer","Parallel Aware": false,"Async Capable": false,"Index Name": "idx_orders_orderdate","Startup Cost": 0.00,"Total Cost": 773.77,"Plan Rows": 56934,"Plan Width": 0,"Actual Startup Time": 10.157,"Actual Total Time": 10.161,"Actual Rows": 55462,"Actual Loops": 1,"Index Cond": "((o_orderdate >= '1994-02-01'::date) AND (o_orderdate < '1994-05-01 00:00:00'::timestamp without time zone))","Workers": []}]},{"Node Type": "Index Scan","Parent Relationship": "Inner","Parallel Aware": false,"Async Capable": false,"Scan Direction": "Forward","Index Name": "idx_lineitem_orderkey","Relation Name": "lineitem","Alias": "lineitem","Startup Cost": 0.43,"Total Cost": 4.63,"Plan Rows": 4,"Plan Width": 16,"Actual Startup Time": 0.010,"Actual Total Time": 0.012,"Actual Rows": 2,"Actual Loops": 55462,"Index Cond": "(l_orderkey = orders.o_orderkey)","Rows Removed by Index Recheck": 0,"Filter": "(l_returnflag = 'R'::bpchar)","Rows Removed by Filter": 2,"Workers": []}]},{"Node Type": "Hash","Parent Relationship": "Inner","Parallel Aware": true,"Async Capable": false,"Startup Cost": 4210.00,"Total Cost": 4210.00,"Plan Rows": 62500,"Plan Width": 148,"Actual Startup Time": 59.812,"Actual Total Time": 59.817,"Actual Rows": 37500,"Actual Loops": 4,"Hash Buckets": 262144,"Original Hash Buckets": 262144,"Hash Batches": 1,"Original Hash Batches": 1,"Peak Memory Usage": 29344,"Workers": [],"Plans": [{"Node Type": "Seq Scan","Parent Relationship": "Outer","Parallel Aware": true,"Async Capable": false,"Relation Name": "customer","Alias": "customer","Startup Cost": 0.00,"Total Cost": 4210.00,"Plan Rows": 62500,"Plan Width": 148,"Actual Startup Time": 0.038,"Actual Total Time": 25.477,"Actual Rows": 37500,"Actual Loops": 4,"Workers": []}]}]},{"Node Type": "Hash","Parent Relationship": "Inner","Parallel Aware": false,"Async Capable": false,"Startup Cost": 1.25,"Total Cost": 1.25,"Plan Rows": 25,"Plan Width": 108,"Actual Startup Time": 0.111,"Actual Total Time": 0.116,"Actual Rows": 25,"Actual Loops": 4,"Hash Buckets": 1024,"Original Hash Buckets": 1024,"Hash Batches": 1,"Original Hash Batches": 1,"Peak Memory Usage": 10,"Workers": [],"Plans": [{"Node Type": "Seq Scan","Parent Relationship": "Outer","Parallel Aware": false,"Async Capable": false,"Relation Name": "nation","Alias": "nation","Startup Cost": 0.00,"Total Cost": 1.25,"Plan Rows": 25,"Plan Width": 108,"Actual Startup Time": 0.071,"Actual Total Time": 0.077,"Actual Rows": 25,"Actual Loops": 4,"Workers": []}]}]}]}]}]},"Planning Time": 7.387,"Triggers": [],"Execution Time": 645.928}]
[{"Plan": {"Node Type": "Sort","Parallel Aware": false,"Async Capable": false,"Startup Cost": 131330.41,"Total Cost": 131472.12,"Plan Rows": 56686,"Plan Width": 280,"Actual Startup Time": 587.483,"Actual Total Time": 628.086,"Actual Rows": 37925,"Actual Loops": 1,"Sort Key": ["(sum((lineitem.l_extendedprice * ('1'::numeric - lineitem.l_discount)))) DESC"],"Sort Method": "quicksort","Sort Space Used": 9832,"Sort Space Type": "Memory","Plans": [{"Node Type": "Aggregate","Strategy": "Hashed","Partial Mode": "Simple","Parent Relationship": "Outer","Parallel Aware": false,"Async Capable": false,"Startup Cost": 126146.27,"Total Cost": 126854.85,"Plan Rows": 56686,"Plan Width": 280,"Actual Startup Time": 410.388,"Actual Total Time": 556.054,"Actual Rows": 37925,"Actual Loops": 1,"Group Key": ["customer.c_custkey", "nation.n_name"],"Planned Partitions": 0,"HashAgg Batches": 1,"Peak Memory Usage": 26129,"Disk Usage": 0,"Plans": [{"Node Type": "Gather","Parent Relationship": "Outer","Parallel Aware": false,"Async Capable": false,"Startup Cost": 6791.71,"Total Cost": 125437.70,"Plan Rows": 56686,"Plan Width": 260,"Actual Startup Time": 76.070,"Actual Total Time": 284.431,"Actual Rows": 114550,"Actual Loops": 1,"Workers Planned": 3,"Workers Launched": 3,"Single Copy": false,"Plans": [{"Node Type": "Hash Join","Parent Relationship": "Outer","Parallel Aware": false,"Async Capable": false,"Join Type": "Inner","Startup Cost": 5791.71,"Total Cost": 118769.10,"Plan Rows": 18286,"Plan Width": 260,"Actual Startup Time": 68.409,"Actual Total Time": 355.040,"Actual Rows": 28638,"Actual Loops": 4,"Inner Unique": true,"Hash Cond": "(customer.c_nationkey = nation.n_nationkey)","Workers": [],"Plans": [{"Node Type": "Hash Join","Parent Relationship": "Outer","Parallel Aware": true,"Async Capable": false,"Join Type": "Inner","Startup Cost": 5790.15,"Total Cost": 118711.40,"Plan Rows": 18286,"Plan Width": 160,"Actual Startup Time": 67.911,"Actual Total Time": 346.301,"Actual Rows": 28638,"Actual Loops": 4,"Inner Unique": true,"Hash Cond": "(orders.o_custkey = customer.c_custkey)","Workers": [],"Plans": [{"Node Type": "Nested Loop","Parent Relationship": "Outer","Parallel Aware": false,"Async Capable": false,"Join Type": "Inner","Startup Cost": 798.90,"Total Cost": 113672.15,"Plan Rows": 18286,"Plan Width": 16,"Actual Startup Time": 13.342,"Actual Total Time": 249.825,"Actual Rows": 28638,"Actual Loops": 4,"Inner Unique": false,"Workers": [],"Plans": [{"Node Type": "Bitmap Heap Scan","Parent Relationship": "Outer","Parallel Aware": true,"Async Capable": false,"Relation Name": "orders","Alias": "orders","Startup Cost": 798.47,"Total Cost": 27172.01,"Plan Rows": 18569,"Plan Width": 8,"Actual Startup Time": 13.275,"Actual Total Time": 71.340,"Actual Rows": 14284,"Actual Loops": 4,"Recheck Cond": "((o_orderdate >= '1993-08-01'::date) AND (o_orderdate < '1993-11-01 00:00:00'::timestamp without time zone))","Rows Removed by Index Recheck": 0,"Exact Heap Blocks": 3594,"Lossy Heap Blocks": 0,"Workers": [],"Plans": [{"Node Type": "Bitmap Index Scan","Parent Relationship": "Outer","Parallel Aware": false,"Async Capable": false,"Index Name": "idx_orders_orderdate","Startup Cost": 0.00,"Total Cost": 784.08,"Plan Rows": 57565,"Plan Width": 0,"Actual Startup Time": 10.135,"Actual Total Time": 10.136,"Actual Rows": 57138,"Actual Loops": 1,"Index Cond": "((o_orderdate >= '1993-08-01'::date) AND (o_orderdate < '1993-11-01 00:00:00'::timestamp without time zone))","Workers": []}]},{"Node Type": "Index Scan","Parent Relationship": "Inner","Parallel Aware": false,"Async Capable": false,"Scan Direction": "Forward","Index Name": "idx_lineitem_orderkey","Relation Name": "lineitem","Alias": "lineitem","Startup Cost": 0.43,"Total Cost": 4.62,"Plan Rows": 4,"Plan Width": 16,"Actual Startup Time": 0.010,"Actual Total Time": 0.012,"Actual Rows": 2,"Actual Loops": 57138,"Index Cond": "(l_orderkey = orders.o_orderkey)","Rows Removed by Index Recheck": 0,"Filter": "(l_returnflag = 'R'::bpchar)","Rows Removed by Filter": 2,"Workers": []}]},{"Node Type": "Hash","Parent Relationship": "Inner","Parallel Aware": true,"Async Capable": false,"Startup Cost": 4210.00,"Total Cost": 4210.00,"Plan Rows": 62500,"Plan Width": 148,"Actual Startup Time": 53.968,"Actual Total Time": 53.976,"Actual Rows": 37500,"Actual Loops": 4,"Hash Buckets": 262144,"Original Hash Buckets": 262144,"Hash Batches": 1,"Original Hash Batches": 1,"Peak Memory Usage": 29344,"Workers": [],"Plans": [{"Node Type": "Seq Scan","Parent Relationship": "Outer","Parallel Aware": true,"Async Capable": false,"Relation Name": "customer","Alias": "customer","Startup Cost": 0.00,"Total Cost": 4210.00,"Plan Rows": 62500,"Plan Width": 148,"Actual Startup Time": 0.023,"Actual Total Time": 24.403,"Actual Rows": 37500,"Actual Loops": 4,"Workers": []}]}]},{"Node Type": "Hash","Parent Relationship": "Inner","Parallel Aware": false,"Async Capable": false,"Startup Cost": 1.25,"Total Cost": 1.25,"Plan Rows": 25,"Plan Width": 108,"Actual Startup Time": 0.099,"Actual Total Time": 0.106,"Actual Rows": 25,"Actual Loops": 4,"Hash Buckets": 1024,"Original Hash Buckets": 1024,"Hash Batches": 1,"Original Hash Batches": 1,"Peak Memory Usage": 10,"Workers": [],"Plans": [{"Node Type": "Seq Scan","Parent Relationship": "Outer","Parallel Aware": false,"Async Capable": false,"Relation Name": "nation","Alias": "nation","Startup Cost": 0.00,"Total Cost": 1.25,"Plan Rows": 25,"Plan Width": 108,"Actual Startup Time": 0.062,"Actual Total Time": 0.071,"Actual Rows": 25,"Actual Loops": 4,"Workers": []}]}]}]}]}]},"Planning Time": 6.540,"Triggers": [],"Execution Time": 634.012}]
[{"Plan": {"Node Type": "Sort","Parallel Aware": false,"Async Capable": false,"Startup Cost": 130975.09,"Total Cost": 131116.14,"Plan Rows": 56420,"Plan Width": 280,"Actual Startup Time": 559.129,"Actual Total Time": 601.162,"Actual Rows": 37859,"Actual Loops": 1,"Sort Key": ["(sum((lineitem.l_extendedprice * ('1'::numeric - lineitem.l_discount)))) DESC"],"Sort Method": "quicksort","Sort Space Used": 9818,"Sort Space Type": "Memory","Plans": [{"Node Type": "Aggregate","Strategy": "Hashed","Partial Mode": "Simple","Parent Relationship": "Outer","Parallel Aware": false,"Async Capable": false,"Startup Cost": 125817.20,"Total Cost": 126522.45,"Plan Rows": 56420,"Plan Width": 280,"Actual Startup Time": 383.531,"Actual Total Time": 530.212,"Actual Rows": 37859,"Actual Loops": 1,"Group Key": ["customer.c_custkey", "nation.n_name"],"Planned Partitions": 0,"HashAgg Batches": 1,"Peak Memory Usage": 26129,"Disk Usage": 0,"Plans": [{"Node Type": "Gather","Parent Relationship": "Outer","Parallel Aware": false,"Async Capable": false,"Startup Cost": 6784.95,"Total Cost": 125111.95,"Plan Rows": 56420,"Plan Width": 260,"Actual Startup Time": 70.081,"Actual Total Time": 265.015,"Actual Rows": 114028,"Actual Loops": 1,"Workers Planned": 3,"Workers Launched": 3,"Single Copy": false,"Plans": [{"Node Type": "Hash Join","Parent Relationship": "Outer","Parallel Aware": false,"Async Capable": false,"Join Type": "Inner","Startup Cost": 5784.95,"Total Cost": 118469.95,"Plan Rows": 18200,"Plan Width": 260,"Actual Startup Time": 62.841,"Actual Total Time": 330.296,"Actual Rows": 28507,"Actual Loops": 4,"Inner Unique": true,"Hash Cond": "(customer.c_nationkey = nation.n_nationkey)","Workers": [],"Plans": [{"Node Type": "Hash Join","Parent Relationship": "Outer","Parallel Aware": true,"Async Capable": false,"Join Type": "Inner","Startup Cost": 5783.38,"Total Cost": 118412.51,"Plan Rows": 18200,"Plan Width": 160,"Actual Startup Time": 62.430,"Actual Total Time": 322.490,"Actual Rows": 28507,"Actual Loops": 4,"Inner Unique": true,"Hash Cond": "(orders.o_custkey = customer.c_custkey)","Workers": [],"Plans": [{"Node Type": "Nested Loop","Parent Relationship": "Outer","Parallel Aware": false,"Async Capable": false,"Join Type": "Inner","Startup Cost": 792.13,"Total Cost": 113373.49,"Plan Rows": 18200,"Plan Width": 16,"Actual Startup Time": 13.021,"Actual Total Time": 238.266,"Actual Rows": 28507,"Actual Loops": 4,"Inner Unique": false,"Workers": [],"Plans": [{"Node Type": "Bitmap Heap Scan","Parent Relationship": "Outer","Parallel Aware": true,"Async Capable": false,"Relation Name": "orders","Alias": "orders","Startup Cost": 791.70,"Total Cost": 27163.94,"Plan Rows": 18482,"Plan Width": 8,"Actual Startup Time": 12.954,"Actual Total Time": 66.534,"Actual Rows": 14234,"Actual Loops": 4,"Recheck Cond": "((o_orderdate >= '1993-03-01'::date) AND (o_orderdate < '1993-06-01 00:00:00'::timestamp without time zone))","Rows Removed by Index Recheck": 0,"Exact Heap Blocks": 3517,"Lossy Heap Blocks": 0,"Workers": [],"Plans": [{"Node Type": "Bitmap Index Scan","Parent Relationship": "Outer","Parallel Aware": false,"Async Capable": false,"Index Name": "idx_orders_orderdate","Startup Cost": 0.00,"Total Cost": 777.38,"Plan Rows": 57295,"Plan Width": 0,"Actual Startup Time": 9.836,"Actual Total Time": 9.842,"Actual Rows": 56934,"Actual Loops": 1,"Index Cond": "((o_orderdate >= '1993-03-01'::date) AND (o_orderdate < '1993-06-01 00:00:00'::timestamp without time zone))","Workers": []}]},{"Node Type": "Index Scan","Parent Relationship": "Inner","Parallel Aware": false,"Async Capable": false,"Scan Direction": "Forward","Index Name": "idx_lineitem_orderkey","Relation Name": "lineitem","Alias": "lineitem","Startup Cost": 0.43,"Total Cost": 4.62,"Plan Rows": 4,"Plan Width": 16,"Actual Startup Time": 0.010,"Actual Total Time": 0.012,"Actual Rows": 2,"Actual Loops": 56934,"Index Cond": "(l_orderkey = orders.o_orderkey)","Rows Removed by Index Recheck": 0,"Filter": "(l_returnflag = 'R'::bpchar)","Rows Removed by Filter": 2,"Workers": []}]},{"Node Type": "Hash","Parent Relationship": "Inner","Parallel Aware": true,"Async Capable": false,"Startup Cost": 4210.00,"Total Cost": 4210.00,"Plan Rows": 62500,"Plan Width": 148,"Actual Startup Time": 48.797,"Actual Total Time": 48.806,"Actual Rows": 37500,"Actual Loops": 4,"Hash Buckets": 262144,"Original Hash Buckets": 262144,"Hash Batches": 1,"Original Hash Batches": 1,"Peak Memory Usage": 29344,"Workers": [],"Plans": [{"Node Type": "Seq Scan","Parent Relationship": "Outer","Parallel Aware": true,"Async Capable": false,"Relation Name": "customer","Alias": "customer","Startup Cost": 0.00,"Total Cost": 4210.00,"Plan Rows": 62500,"Plan Width": 148,"Actual Startup Time": 0.027,"Actual Total Time": 20.617,"Actual Rows": 37500,"Actual Loops": 4,"Workers": []}]}]},{"Node Type": "Hash","Parent Relationship": "Inner","Parallel Aware": false,"Async Capable": false,"Startup Cost": 1.25,"Total Cost": 1.25,"Plan Rows": 25,"Plan Width": 108,"Actual Startup Time": 0.102,"Actual Total Time": 0.108,"Actual Rows": 25,"Actual Loops": 4,"Hash Buckets": 1024,"Original Hash Buckets": 1024,"Hash Batches": 1,"Original Hash Batches": 1,"Peak Memory Usage": 10,"Workers": [],"Plans": [{"Node Type": "Seq Scan","Parent Relationship": "Outer","Parallel Aware": false,"Async Capable": false,"Relation Name": "nation","Alias": "nation","Startup Cost": 0.00,"Total Cost": 1.25,"Plan Rows": 25,"Plan Width": 108,"Actual Startup Time": 0.068,"Actual Total Time": 0.076,"Actual Rows": 25,"Actual Loops": 4,"Workers": []}]}]}]}]}]},"Planning Time": 7.017,"Triggers": [],"Execution Time": 606.974}]
[{"Plan": {"Node Type": "Sort","Parallel Aware": false,"Async Capable": false,"Startup Cost": 129819.00,"Total Cost": 129957.88,"Plan Rows": 55552,"Plan Width": 280,"Actual Startup Time": 608.281,"Actual Total Time": 648.391,"Actual Rows": 37948,"Actual Loops": 1,"Sort Key": ["(sum((lineitem.l_extendedprice * ('1'::numeric - lineitem.l_discount)))) DESC"],"Sort Method": "quicksort","Sort Space Used": 9840,"Sort Space Type": "Memory","Plans": [{"Node Type": "Aggregate","Strategy": "Hashed","Partial Mode": "Simple","Parent Relationship": "Outer","Parallel Aware": false,"Async Capable": false,"Startup Cost": 124746.67,"Total Cost": 125441.07,"Plan Rows": 55552,"Plan Width": 280,"Actual Startup Time": 419.818,"Actual Total Time": 574.956,"Actual Rows": 37948,"Actual Loops": 1,"Group Key": ["customer.c_custkey", "nation.n_name"],"Planned Partitions": 0,"HashAgg Batches": 1,"Peak Memory Usage": 26129,"Disk Usage": 0,"Plans": [{"Node Type": "Gather","Parent Relationship": "Outer","Parallel Aware": false,"Async Capable": false,"Startup Cost": 6771.91,"Total Cost": 124052.27,"Plan Rows": 55552,"Plan Width": 260,"Actual Startup Time": 82.501,"Actual Total Time": 287.884,"Actual Rows": 114775,"Actual Loops": 1,"Workers Planned": 3,"Workers Launched": 3,"Single Copy": false,"Plans": [{"Node Type": "Hash Join","Parent Relationship": "Outer","Parallel Aware": false,"Async Capable": false,"Join Type": "Inner","Startup Cost": 5771.91,"Total Cost": 117497.07,"Plan Rows": 17920,"Plan Width": 260,"Actual Startup Time": 75.276,"Actual Total Time": 362.951,"Actual Rows": 28694,"Actual Loops": 4,"Inner Unique": true,"Hash Cond": "(customer.c_nationkey = nation.n_nationkey)","Workers": [],"Plans": [{"Node Type": "Hash Join","Parent Relationship": "Outer","Parallel Aware": true,"Async Capable": false,"Join Type": "Inner","Startup Cost": 5770.34,"Total Cost": 117440.49,"Plan Rows": 17920,"Plan Width": 160,"Actual Startup Time": 74.883,"Actual Total Time": 354.260,"Actual Rows": 28694,"Actual Loops": 4,"Inner Unique": true,"Hash Cond": "(orders.o_custkey = customer.c_custkey)","Workers": [],"Plans": [{"Node Type": "Nested Loop","Parent Relationship": "Outer","Parallel Aware": false,"Async Capable": false,"Join Type": "Inner","Startup Cost": 779.09,"Total Cost": 112402.20,"Plan Rows": 17920,"Plan Width": 16,"Actual Startup Time": 13.340,"Actual Total Time": 252.834,"Actual Rows": 28694,"Actual Loops": 4,"Inner Unique": false,"Workers": [],"Plans": [{"Node Type": "Bitmap Heap Scan","Parent Relationship": "Outer","Parallel Aware": true,"Async Capable": false,"Relation Name": "orders","Alias": "orders","Startup Cost": 778.66,"Total Cost": 27146.63,"Plan Rows": 18198,"Plan Width": 8,"Actual Startup Time": 13.279,"Actual Total Time": 70.699,"Actual Rows": 14304,"Actual Loops": 4,"Recheck Cond": "((o_orderdate >= '1993-07-01'::date) AND (o_orderdate < '1993-10-01 00:00:00'::timestamp without time zone))","Rows Removed by Index Recheck": 0,"Exact Heap Blocks": 3636,"Lossy Heap Blocks": 0,"Workers": [],"Plans": [{"Node Type": "Bitmap Index Scan","Parent Relationship": "Outer","Parallel Aware": false,"Async Capable": false,"Index Name": "idx_orders_orderdate","Startup Cost": 0.00,"Total Cost": 764.56,"Plan Rows": 56413,"Plan Width": 0,"Actual Startup Time": 10.131,"Actual Total Time": 10.133,"Actual Rows": 57218,"Actual Loops": 1,"Index Cond": "((o_orderdate >= '1993-07-01'::date) AND (o_orderdate < '1993-10-01 00:00:00'::timestamp without time zone))","Workers": []}]},{"Node Type": "Index Scan","Parent Relationship": "Inner","Parallel Aware": false,"Async Capable": false,"Scan Direction": "Forward","Index Name": "idx_lineitem_orderkey","Relation Name": "lineitem","Alias": "lineitem","Startup Cost": 0.43,"Total Cost": 4.64,"Plan Rows": 4,"Plan Width": 16,"Actual Startup Time": 0.010,"Actual Total Time": 0.012,"Actual Rows": 2,"Actual Loops": 57218,"Index Cond": "(l_orderkey = orders.o_orderkey)","Rows Removed by Index Recheck": 0,"Filter": "(l_returnflag = 'R'::bpchar)","Rows Removed by Filter": 2,"Workers": []}]},{"Node Type": "Hash","Parent Relationship": "Inner","Parallel Aware": true,"Async Capable": false,"Startup Cost": 4210.00,"Total Cost": 4210.00,"Plan Rows": 62500,"Plan Width": 148,"Actual Startup Time": 60.976,"Actual Total Time": 60.983,"Actual Rows": 37500,"Actual Loops": 4,"Hash Buckets": 262144,"Original Hash Buckets": 262144,"Hash Batches": 1,"Original Hash Batches": 1,"Peak Memory Usage": 29344,"Workers": [],"Plans": [{"Node Type": "Seq Scan","Parent Relationship": "Outer","Parallel Aware": true,"Async Capable": false,"Relation Name": "customer","Alias": "customer","Startup Cost": 0.00,"Total Cost": 4210.00,"Plan Rows": 62500,"Plan Width": 148,"Actual Startup Time": 0.026,"Actual Total Time": 27.898,"Actual Rows": 37500,"Actual Loops": 4,"Workers": []}]}]},{"Node Type": "Hash","Parent Relationship": "Inner","Parallel Aware": false,"Async Capable": false,"Startup Cost": 1.25,"Total Cost": 1.25,"Plan Rows": 25,"Plan Width": 108,"Actual Startup Time": 0.100,"Actual Total Time": 0.105,"Actual Rows": 25,"Actual Loops": 4,"Hash Buckets": 1024,"Original Hash Buckets": 1024,"Hash Batches": 1,"Original Hash Batches": 1,"Peak Memory Usage": 10,"Workers": [],"Plans": [{"Node Type": "Seq Scan","Parent Relationship": "Outer","Parallel Aware": false,"Async Capable": false,"Relation Name": "nation","Alias": "nation","Startup Cost": 0.00,"Total Cost": 1.25,"Plan Rows": 25,"Plan Width": 108,"Actual Startup Time": 0.065,"Actual Total Time": 0.072,"Actual Rows": 25,"Actual Loops": 4,"Workers": []}]}]}]}]}]},"Planning Time": 6.175,"Triggers": [],"Execution Time": 652.968}]
[{"Plan": {"Node Type": "Sort","Parallel Aware": false,"Async Capable": false,"Startup Cost": 132006.18,"Total Cost": 132149.16,"Plan Rows": 57194,"Plan Width": 280,"Actual Startup Time": 619.069,"Actual Total Time": 657.587,"Actual Rows": 38097,"Actual Loops": 1,"Sort Key": ["(sum((lineitem.l_extendedprice * ('1'::numeric - lineitem.l_discount)))) DESC"],"Sort Method": "quicksort","Sort Space Used": 9867,"Sort Space Type": "Memory","Plans": [{"Node Type": "Aggregate","Strategy": "Hashed","Partial Mode": "Simple","Parent Relationship": "Outer","Parallel Aware": false,"Async Capable": false,"Startup Cost": 126771.91,"Total Cost": 127486.83,"Plan Rows": 57194,"Plan Width": 280,"Actual Startup Time": 426.706,"Actual Total Time": 585.981,"Actual Rows": 38097,"Actual Loops": 1,"Group Key": ["customer.c_custkey", "nation.n_name"],"Planned Partitions": 0,"HashAgg Batches": 1,"Peak Memory Usage": 26129,"Disk Usage": 0,"Plans": [{"Node Type": "Gather","Parent Relationship": "Outer","Parallel Aware": false,"Async Capable": false,"Startup Cost": 6797.00,"Total Cost": 126056.98,"Plan Rows": 57194,"Plan Width": 260,"Actual Startup Time": 85.005,"Actual Total Time": 294.440,"Actual Rows": 114700,"Actual Loops": 1,"Workers Planned": 3,"Workers Launched": 3,"Single Copy": false,"Plans": [{"Node Type": "Hash Join","Parent Relationship": "Outer","Parallel Aware": false,"Async Capable": false,"Join Type": "Inner","Startup Cost": 5797.00,"Total Cost": 119337.58,"Plan Rows": 18450,"Plan Width": 260,"Actual Startup Time": 77.864,"Actual Total Time": 370.283,"Actual Rows": 28675,"Actual Loops": 4,"Inner Unique": true,"Hash Cond": "(customer.c_nationkey = nation.n_nationkey)","Workers": [],"Plans": [{"Node Type": "Hash Join","Parent Relationship": "Outer","Parallel Aware": true,"Async Capable": false,"Join Type": "Inner","Startup Cost": 5795.44,"Total Cost": 119279.38,"Plan Rows": 18450,"Plan Width": 160,"Actual Startup Time": 77.458,"Actual Total Time": 360.463,"Actual Rows": 28675,"Actual Loops": 4,"Inner Unique": true,"Hash Cond": "(orders.o_custkey = customer.c_custkey)","Workers": [],"Plans": [{"Node Type": "Nested Loop","Parent Relationship": "Outer","Parallel Aware": false,"Async Capable": false,"Join Type": "Inner","Startup Cost": 804.19,"Total Cost": 114239.70,"Plan Rows": 18450,"Plan Width": 16,"Actual Startup Time": 13.282,"Actual Total Time": 254.673,"Actual Rows": 28675,"Actual Loops": 4,"Inner Unique": false,"Workers": [],"Plans": [{"Node Type": "Bitmap Heap Scan","Parent Relationship": "Outer","Parallel Aware": true,"Async Capable": false,"Relation Name": "orders","Alias": "orders","Startup Cost": 803.76,"Total Cost": 27179.79,"Plan Rows": 18736,"Plan Width": 8,"Actual Startup Time": 13.232,"Actual Total Time": 71.774,"Actual Rows": 14328,"Actual Loops": 4,"Recheck Cond": "((o_orderdate >= '1994-05-01'::date) AND (o_orderdate < '1994-08-01 00:00:00'::timestamp without time zone))","Rows Removed by Index Recheck": 0,"Exact Heap Blocks": 3671,"Lossy Heap Blocks": 0,"Workers": [],"Plans": [{"Node Type": "Bitmap Index Scan","Parent Relationship": "Outer","Parallel Aware": false,"Async Capable": false,"Index Name": "idx_orders_orderdate","Startup Cost": 0.00,"Total Cost": 789.24,"Plan Rows": 58081,"Plan Width": 0,"Actual Startup Time": 10.132,"Actual Total Time": 10.140,"Actual Rows": 57311,"Actual Loops": 1,"Index Cond": "((o_orderdate >= '1994-05-01'::date) AND (o_orderdate < '1994-08-01 00:00:00'::timestamp without time zone))","Workers": []}]},{"Node Type": "Index Scan","Parent Relationship": "Inner","Parallel Aware": false,"Async Capable": false,"Scan Direction": "Forward","Index Name": "idx_lineitem_orderkey","Relation Name": "lineitem","Alias": "lineitem","Startup Cost": 0.43,"Total Cost": 4.61,"Plan Rows": 4,"Plan Width": 16,"Actual Startup Time": 0.010,"Actual Total Time": 0.012,"Actual Rows": 2,"Actual Loops": 57311,"Index Cond": "(l_orderkey = orders.o_orderkey)","Rows Removed by Index Recheck": 0,"Filter": "(l_returnflag = 'R'::bpchar)","Rows Removed by Filter": 2,"Workers": []}]},{"Node Type": "Hash","Parent Relationship": "Inner","Parallel Aware": true,"Async Capable": false,"Startup Cost": 4210.00,"Total Cost": 4210.00,"Plan Rows": 62500,"Plan Width": 148,"Actual Startup Time": 63.588,"Actual Total Time": 63.595,"Actual Rows": 37500,"Actual Loops": 4,"Hash Buckets": 262144,"Original Hash Buckets": 262144,"Hash Batches": 1,"Original Hash Batches": 1,"Peak Memory Usage": 29312,"Workers": [],"Plans": [{"Node Type": "Seq Scan","Parent Relationship": "Outer","Parallel Aware": true,"Async Capable": false,"Relation Name": "customer","Alias": "customer","Startup Cost": 0.00,"Total Cost": 4210.00,"Plan Rows": 62500,"Plan Width": 148,"Actual Startup Time": 0.027,"Actual Total Time": 28.105,"Actual Rows": 37500,"Actual Loops": 4,"Workers": []}]}]},{"Node Type": "Hash","Parent Relationship": "Inner","Parallel Aware": false,"Async Capable": false,"Startup Cost": 1.25,"Total Cost": 1.25,"Plan Rows": 25,"Plan Width": 108,"Actual Startup Time": 0.090,"Actual Total Time": 0.096,"Actual Rows": 25,"Actual Loops": 4,"Hash Buckets": 1024,"Original Hash Buckets": 1024,"Hash Batches": 1,"Original Hash Batches": 1,"Peak Memory Usage": 10,"Workers": [],"Plans": [{"Node Type": "Seq Scan","Parent Relationship": "Outer","Parallel Aware": false,"Async Capable": false,"Relation Name": "nation","Alias": "nation","Startup Cost": 0.00,"Total Cost": 1.25,"Plan Rows": 25,"Plan Width": 108,"Actual Startup Time": 0.060,"Actual Total Time": 0.066,"Actual Rows": 25,"Actual Loops": 4,"Workers": []}]}]}]}]}]},"Planning Time": 6.734,"Triggers": [],"Execution Time": 661.786}]
[{"Plan": {"Node Type": "Sort","Parallel Aware": false,"Async Capable": false,"Startup Cost": 132365.07,"Total Cost": 132508.74,"Plan Rows": 57466,"Plan Width": 280,"Actual Startup Time": 604.092,"Actual Total Time": 644.113,"Actual Rows": 37690,"Actual Loops": 1,"Sort Key": ["(sum((lineitem.l_extendedprice * ('1'::numeric - lineitem.l_discount)))) DESC"],"Sort Method": "quicksort","Sort Space Used": 9779,"Sort Space Type": "Memory","Plans": [{"Node Type": "Aggregate","Strategy": "Hashed","Partial Mode": "Simple","Parent Relationship": "Outer","Parallel Aware": false,"Async Capable": false,"Startup Cost": 127103.94,"Total Cost": 127822.26,"Plan Rows": 57466,"Plan Width": 280,"Actual Startup Time": 420.502,"Actual Total Time": 570.586,"Actual Rows": 37690,"Actual Loops": 1,"Group Key": ["customer.c_custkey", "nation.n_name"],"Planned Partitions": 0,"HashAgg Batches": 1,"Peak Memory Usage": 26129,"Disk Usage": 0,"Plans": [{"Node Type": "Gather","Parent Relationship": "Outer","Parallel Aware": false,"Async Capable": false,"Startup Cost": 6799.83,"Total Cost": 126385.61,"Plan Rows": 57466,"Plan Width": 260,"Actual Startup Time": 84.807,"Actual Total Time": 291.020,"Actual Rows": 113599,"Actual Loops": 1,"Workers Planned": 3,"Workers Launched": 3,"Single Copy": false,"Plans": [{"Node Type": "Hash Join","Parent Relationship": "Outer","Parallel Aware": false,"Async Capable": false,"Join Type": "Inner","Startup Cost": 5799.83,"Total Cost": 119639.01,"Plan Rows": 18537,"Plan Width": 260,"Actual Startup Time": 77.448,"Actual Total Time": 365.330,"Actual Rows": 28400,"Actual Loops": 4,"Inner Unique": true,"Hash Cond": "(customer.c_nationkey = nation.n_nationkey)","Workers": [],"Plans": [{"Node Type": "Hash Join","Parent Relationship": "Outer","Parallel Aware": true,"Async Capable": false,"Join Type": "Inner","Startup Cost": 5798.27,"Total Cost": 119580.55,"Plan Rows": 18537,"Plan Width": 160,"Actual Startup Time": 76.978,"Actual Total Time": 356.100,"Actual Rows": 28400,"Actual Loops": 4,"Inner Unique": true,"Hash Cond": "(orders.o_custkey = customer.c_custkey)","Workers": [],"Plans": [{"Node Type": "Nested Loop","Parent Relationship": "Outer","Parallel Aware": false,"Async Capable": false,"Join Type": "Inner","Startup Cost": 807.02,"Total Cost": 114540.64,"Plan Rows": 18537,"Plan Width": 16,"Actual Startup Time": 13.069,"Actual Total Time": 252.235,"Actual Rows": 28400,"Actual Loops": 4,"Inner Unique": false,"Workers": [],"Plans": [{"Node Type": "Bitmap Heap Scan","Parent Relationship": "Outer","Parallel Aware": true,"Async Capable": false,"Relation Name": "orders","Alias": "orders","Startup Cost": 806.59,"Total Cost": 27183.96,"Plan Rows": 18825,"Plan Width": 8,"Actual Startup Time": 13.002,"Actual Total Time": 70.665,"Actual Rows": 14161,"Actual Loops": 4,"Recheck Cond": "((o_orderdate >= '1994-04-01'::date) AND (o_orderdate < '1994-07-01 00:00:00'::timestamp without time zone))","Rows Removed by Index Recheck": 0,"Exact Heap Blocks": 3668,"Lossy Heap Blocks": 0,"Workers": [],"Plans": [{"Node Type": "Bitmap Index Scan","Parent Relationship": "Outer","Parallel Aware": false,"Async Capable": false,"Index Name": "idx_orders_orderdate","Startup Cost": 0.00,"Total Cost": 792.00,"Plan Rows": 58357,"Plan Width": 0,"Actual Startup Time": 9.907,"Actual Total Time": 9.915,"Actual Rows": 56645,"Actual Loops": 1,"Index Cond": "((o_orderdate >= '1994-04-01'::date) AND (o_orderdate < '1994-07-01 00:00:00'::timestamp without time zone))","Workers": []}]},{"Node Type": "Index Scan","Parent Relationship": "Inner","Parallel Aware": false,"Async Capable": false,"Scan Direction": "Forward","Index Name": "idx_lineitem_orderkey","Relation Name": "lineitem","Alias": "lineitem","Startup Cost": 0.43,"Total Cost": 4.60,"Plan Rows": 4,"Plan Width": 16,"Actual Startup Time": 0.010,"Actual Total Time": 0.012,"Actual Rows": 2,"Actual Loops": 56645,"Index Cond": "(l_orderkey = orders.o_orderkey)","Rows Removed by Index Recheck": 0,"Filter": "(l_returnflag = 'R'::bpchar)","Rows Removed by Filter": 2,"Workers": []}]},{"Node Type": "Hash","Parent Relationship": "Inner","Parallel Aware": true,"Async Capable": false,"Startup Cost": 4210.00,"Total Cost": 4210.00,"Plan Rows": 62500,"Plan Width": 148,"Actual Startup Time": 63.332,"Actual Total Time": 63.338,"Actual Rows": 37500,"Actual Loops": 4,"Hash Buckets": 262144,"Original Hash Buckets": 262144,"Hash Batches": 1,"Original Hash Batches": 1,"Peak Memory Usage": 29344,"Workers": [],"Plans": [{"Node Type": "Seq Scan","Parent Relationship": "Outer","Parallel Aware": true,"Async Capable": false,"Relation Name": "customer","Alias": "customer","Startup Cost": 0.00,"Total Cost": 4210.00,"Plan Rows": 62500,"Plan Width": 148,"Actual Startup Time": 0.025,"Actual Total Time": 28.533,"Actual Rows": 37500,"Actual Loops": 4,"Workers": []}]}]},{"Node Type": "Hash","Parent Relationship": "Inner","Parallel Aware": false,"Async Capable": false,"Startup Cost": 1.25,"Total Cost": 1.25,"Plan Rows": 25,"Plan Width": 108,"Actual Startup Time": 0.107,"Actual Total Time": 0.110,"Actual Rows": 25,"Actual Loops": 4,"Hash Buckets": 1024,"Original Hash Buckets": 1024,"Hash Batches": 1,"Original Hash Batches": 1,"Peak Memory Usage": 10,"Workers": [],"Plans": [{"Node Type": "Seq Scan","Parent Relationship": "Outer","Parallel Aware": false,"Async Capable": false,"Relation Name": "nation","Alias": "nation","Startup Cost": 0.00,"Total Cost": 1.25,"Plan Rows": 25,"Plan Width": 108,"Actual Startup Time": 0.074,"Actual Total Time": 0.080,"Actual Rows": 25,"Actual Loops": 4,"Workers": []}]}]}]}]}]},"Planning Time": 6.317,"Triggers": [],"Execution Time": 648.403}]
[{"Plan": {"Node Type": "Sort","Parallel Aware": false,"Async Capable": false,"Startup Cost": 134586.43,"Total Cost": 134734.30,"Plan Rows": 59150,"Plan Width": 280,"Actual Startup Time": 563.586,"Actual Total Time": 604.383,"Actual Rows": 37293,"Actual Loops": 1,"Sort Key": ["(sum((lineitem.l_extendedprice * ('1'::numeric - lineitem.l_discount)))) DESC"],"Sort Method": "quicksort","Sort Space Used": 9691,"Sort Space Type": "Memory","Plans": [{"Node Type": "Aggregate","Strategy": "Hashed","Partial Mode": "Simple","Parent Relationship": "Outer","Parallel Aware": false,"Async Capable": false,"Startup Cost": 129158.80,"Total Cost": 129898.17,"Plan Rows": 59150,"Plan Width": 280,"Actual Startup Time": 392.436,"Actual Total Time": 532.730,"Actual Rows": 37293,"Actual Loops": 1,"Group Key": ["customer.c_custkey", "nation.n_name"],"Planned Partitions": 0,"HashAgg Batches": 1,"Peak Memory Usage": 27665,"Disk Usage": 0,"Plans": [{"Node Type": "Gather","Parent Relationship": "Outer","Parallel Aware": false,"Async Capable": false,"Startup Cost": 6825.36,"Total Cost": 128419.42,"Plan Rows": 59150,"Plan Width": 260,"Actual Startup Time": 75.957,"Actual Total Time": 271.680,"Actual Rows": 108779,"Actual Loops": 1,"Workers Planned": 3,"Workers Launched": 3,"Single Copy": false,"Plans": [{"Node Type": "Hash Join","Parent Relationship": "Outer","Parallel Aware": false,"Async Capable": false,"Join Type": "Inner","Startup Cost": 5825.36,"Total Cost": 121504.42,"Plan Rows": 19081,"Plan Width": 260,"Actual Startup Time": 69.040,"Actual Total Time": 339.341,"Actual Rows": 27195,"Actual Loops": 4,"Inner Unique": true,"Hash Cond": "(customer.c_nationkey = nation.n_nationkey)","Workers": [],"Plans": [{"Node Type": "Hash Join","Parent Relationship": "Outer","Parallel Aware": true,"Async Capable": false,"Join Type": "Inner","Startup Cost": 5823.80,"Total Cost": 121444.28,"Plan Rows": 19081,"Plan Width": 160,"Actual Startup Time": 68.657,"Actual Total Time": 330.758,"Actual Rows": 27195,"Actual Loops": 4,"Inner Unique": true,"Hash Cond": "(orders.o_custkey = customer.c_custkey)","Workers": [],"Plans": [{"Node Type": "Nested Loop","Parent Relationship": "Outer","Parallel Aware": false,"Async Capable": false,"Join Type": "Inner","Startup Cost": 832.55,"Total Cost": 116402.95,"Plan Rows": 19081,"Plan Width": 16,"Actual Startup Time": 13.292,"Actual Total Time": 236.377,"Actual Rows": 27195,"Actual Loops": 4,"Inner Unique": false,"Workers": [],"Plans": [{"Node Type": "Bitmap Heap Scan","Parent Relationship": "Outer","Parallel Aware": true,"Async Capable": false,"Relation Name": "orders","Alias": "orders","Startup Cost": 832.11,"Total Cost": 27217.76,"Plan Rows": 19376,"Plan Width": 8,"Actual Startup Time": 13.230,"Actual Total Time": 65.610,"Actual Rows": 14144,"Actual Loops": 4,"Recheck Cond": "((o_orderdate >= '1994-12-01'::date) AND (o_orderdate < '1995-03-01 00:00:00'::timestamp without time zone))","Rows Removed by Index Recheck": 0,"Exact Heap Blocks": 3506,"Lossy Heap Blocks": 0,"Workers": [],"Plans": [{"Node Type": "Bitmap Index Scan","Parent Relationship": "Outer","Parallel Aware": false,"Async Capable": false,"Index Name": "idx_orders_orderdate","Startup Cost": 0.00,"Total Cost": 817.10,"Plan Rows": 60067,"Plan Width": 0,"Actual Startup Time": 10.114,"Actual Total Time": 10.122,"Actual Rows": 56577,"Actual Loops": 1,"Index Cond": "((o_orderdate >= '1994-12-01'::date) AND (o_orderdate < '1995-03-01 00:00:00'::timestamp without time zone))","Workers": []}]},{"Node Type": "Index Scan","Parent Relationship": "Inner","Parallel Aware": false,"Async Capable": false,"Scan Direction": "Forward","Index Name": "idx_lineitem_orderkey","Relation Name": "lineitem","Alias": "lineitem","Startup Cost": 0.43,"Total Cost": 4.56,"Plan Rows": 4,"Plan Width": 16,"Actual Startup Time": 0.010,"Actual Total Time": 0.012,"Actual Rows": 2,"Actual Loops": 56577,"Index Cond": "(l_orderkey = orders.o_orderkey)","Rows Removed by Index Recheck": 0,"Filter": "(l_returnflag = 'R'::bpchar)","Rows Removed by Filter": 2,"Workers": []}]},{"Node Type": "Hash","Parent Relationship": "Inner","Parallel Aware": true,"Async Capable": false,"Startup Cost": 4210.00,"Total Cost": 4210.00,"Plan Rows": 62500,"Plan Width": 148,"Actual Startup Time": 54.812,"Actual Total Time": 54.818,"Actual Rows": 37500,"Actual Loops": 4,"Hash Buckets": 262144,"Original Hash Buckets": 262144,"Hash Batches": 1,"Original Hash Batches": 1,"Peak Memory Usage": 29312,"Workers": [],"Plans": [{"Node Type": "Seq Scan","Parent Relationship": "Outer","Parallel Aware": true,"Async Capable": false,"Relation Name": "customer","Alias": "customer","Startup Cost": 0.00,"Total Cost": 4210.00,"Plan Rows": 62500,"Plan Width": 148,"Actual Startup Time": 0.022,"Actual Total Time": 23.786,"Actual Rows": 37500,"Actual Loops": 4,"Workers": []}]}]},{"Node Type": "Hash","Parent Relationship": "Inner","Parallel Aware": false,"Async Capable": false,"Startup Cost": 1.25,"Total Cost": 1.25,"Plan Rows": 25,"Plan Width": 108,"Actual Startup Time": 0.089,"Actual Total Time": 0.092,"Actual Rows": 25,"Actual Loops": 4,"Hash Buckets": 1024,"Original Hash Buckets": 1024,"Hash Batches": 1,"Original Hash Batches": 1,"Peak Memory Usage": 10,"Workers": [],"Plans": [{"Node Type": "Seq Scan","Parent Relationship": "Outer","Parallel Aware": false,"Async Capable": false,"Relation Name": "nation","Alias": "nation","Startup Cost": 0.00,"Total Cost": 1.25,"Plan Rows": 25,"Plan Width": 108,"Actual Startup Time": 0.062,"Actual Total Time": 0.067,"Actual Rows": 25,"Actual Loops": 4,"Workers": []}]}]}]}]}]},"Planning Time": 7.387,"Triggers": [],"Execution Time": 611.176}]
[{"Plan": {"Node Type": "Sort","Parallel Aware": false,"Async Capable": false,"Startup Cost": 135821.55,"Total Cost": 135971.77,"Plan Rows": 60088,"Plan Width": 280,"Actual Startup Time": 612.241,"Actual Total Time": 654.721,"Actual Rows": 38271,"Actual Loops": 1,"Sort Key": ["(sum((lineitem.l_extendedprice * ('1'::numeric - lineitem.l_discount)))) DESC"],"Sort Method": "quicksort","Sort Space Used": 9908,"Sort Space Type": "Memory","Plans": [{"Node Type": "Aggregate","Strategy": "Hashed","Partial Mode": "Simple","Parent Relationship": "Outer","Parallel Aware": false,"Async Capable": false,"Startup Cost": 130301.02,"Total Cost": 131052.12,"Plan Rows": 60088,"Plan Width": 280,"Actual Startup Time": 429.301,"Actual Total Time": 581.634,"Actual Rows": 38271,"Actual Loops": 1,"Group Key": ["customer.c_custkey", "nation.n_name"],"Planned Partitions": 0,"HashAgg Batches": 1,"Peak Memory Usage": 27665,"Disk Usage": 0,"Plans": [{"Node Type": "Gather","Parent Relationship": "Outer","Parallel Aware": false,"Async Capable": false,"Startup Cost": 6839.13,"Total Cost": 129549.92,"Plan Rows": 60088,"Plan Width": 260,"Actual Startup Time": 85.611,"Actual Total Time": 294.175,"Actual Rows": 115282,"Actual Loops": 1,"Workers Planned": 3,"Workers Launched": 3,"Single Copy": false,"Plans": [{"Node Type": "Hash Join","Parent Relationship": "Outer","Parallel Aware": false,"Async Capable": false,"Join Type": "Inner","Startup Cost": 5839.13,"Total Cost": 122541.12,"Plan Rows": 19383,"Plan Width": 260,"Actual Startup Time": 78.447,"Actual Total Time": 371.364,"Actual Rows": 28820,"Actual Loops": 4,"Inner Unique": true,"Hash Cond": "(customer.c_nationkey = nation.n_nationkey)","Workers": [],"Plans": [{"Node Type": "Hash Join","Parent Relationship": "Outer","Parallel Aware": true,"Async Capable": false,"Join Type": "Inner","Startup Cost": 5837.56,"Total Cost": 122480.06,"Plan Rows": 19383,"Plan Width": 160,"Actual Startup Time": 78.051,"Actual Total Time": 362.469,"Actual Rows": 28820,"Actual Loops": 4,"Inner Unique": true,"Hash Cond": "(orders.o_custkey = customer.c_custkey)","Workers": [],"Plans": [{"Node Type": "Nested Loop","Parent Relationship": "Outer","Parallel Aware": false,"Async Capable": false,"Join Type": "Inner","Startup Cost": 846.31,"Total Cost": 117437.93,"Plan Rows": 19383,"Plan Width": 16,"Actual Startup Time": 13.660,"Actual Total Time": 255.763,"Actual Rows": 28820,"Actual Loops": 4,"Inner Unique": false,"Workers": [],"Plans": [{"Node Type": "Bitmap Heap Scan","Parent Relationship": "Outer","Parallel Aware": true,"Async Capable": false,"Relation Name": "orders","Alias": "orders","Startup Cost": 845.88,"Total Cost": 27236.14,"Plan Rows": 19684,"Plan Width": 8,"Actual Startup Time": 13.594,"Actual Total Time": 71.334,"Actual Rows": 14421,"Actual Loops": 4,"Recheck Cond": "((o_orderdate >= '1994-11-01'::date) AND (o_orderdate < '1995-02-01 00:00:00'::timestamp without time zone))","Rows Removed by Index Recheck": 0,"Exact Heap Blocks": 3552,"Lossy Heap Blocks": 0,"Workers": [],"Plans": [{"Node Type": "Bitmap Index Scan","Parent Relationship": "Outer","Parallel Aware": false,"Async Capable": false,"Index Name": "idx_orders_orderdate","Startup Cost": 0.00,"Total Cost": 830.63,"Plan Rows": 61020,"Plan Width": 0,"Actual Startup Time": 10.499,"Actual Total Time": 10.499,"Actual Rows": 57683,"Actual Loops": 1,"Index Cond": "((o_orderdate >= '1994-11-01'::date) AND (o_orderdate < '1995-02-01 00:00:00'::timestamp without time zone))","Workers": []}]},{"Node Type": "Index Scan","Parent Relationship": "Inner","Parallel Aware": false,"Async Capable": false,"Scan Direction": "Forward","Index Name": "idx_lineitem_orderkey","Relation Name": "lineitem","Alias": "lineitem","Startup Cost": 0.43,"Total Cost": 4.54,"Plan Rows": 4,"Plan Width": 16,"Actual Startup Time": 0.010,"Actual Total Time": 0.012,"Actual Rows": 2,"Actual Loops": 57683,"Index Cond": "(l_orderkey = orders.o_orderkey)","Rows Removed by Index Recheck": 0,"Filter": "(l_returnflag = 'R'::bpchar)","Rows Removed by Filter": 2,"Workers": []}]},{"Node Type": "Hash","Parent Relationship": "Inner","Parallel Aware": true,"Async Capable": false,"Startup Cost": 4210.00,"Total Cost": 4210.00,"Plan Rows": 62500,"Plan Width": 148,"Actual Startup Time": 63.847,"Actual Total Time": 63.854,"Actual Rows": 37500,"Actual Loops": 4,"Hash Buckets": 262144,"Original Hash Buckets": 262144,"Hash Batches": 1,"Original Hash Batches": 1,"Peak Memory Usage": 29312,"Workers": [],"Plans": [{"Node Type": "Seq Scan","Parent Relationship": "Outer","Parallel Aware": true,"Async Capable": false,"Relation Name": "customer","Alias": "customer","Startup Cost": 0.00,"Total Cost": 4210.00,"Plan Rows": 62500,"Plan Width": 148,"Actual Startup Time": 0.028,"Actual Total Time": 27.532,"Actual Rows": 37500,"Actual Loops": 4,"Workers": []}]}]},{"Node Type": "Hash","Parent Relationship": "Inner","Parallel Aware": false,"Async Capable": false,"Startup Cost": 1.25,"Total Cost": 1.25,"Plan Rows": 25,"Plan Width": 108,"Actual Startup Time": 0.090,"Actual Total Time": 0.096,"Actual Rows": 25,"Actual Loops": 4,"Hash Buckets": 1024,"Original Hash Buckets": 1024,"Hash Batches": 1,"Original Hash Batches": 1,"Peak Memory Usage": 10,"Workers": [],"Plans": [{"Node Type": "Seq Scan","Parent Relationship": "Outer","Parallel Aware": false,"Async Capable": false,"Relation Name": "nation","Alias": "nation","Startup Cost": 0.00,"Total Cost": 1.25,"Plan Rows": 25,"Plan Width": 108,"Actual Startup Time": 0.058,"Actual Total Time": 0.065,"Actual Rows": 25,"Actual Loops": 4,"Workers": []}]}]}]}]}]},"Planning Time": 7.427,"Triggers": [],"Execution Time": 660.359}]
[{"Plan": {"Node Type": "Sort","Parallel Aware": false,"Async Capable": false,"Startup Cost": 129819.00,"Total Cost": 129957.88,"Plan Rows": 55552,"Plan Width": 280,"Actual Startup Time": 608.281,"Actual Total Time": 648.391,"Actual Rows": 37948,"Actual Loops": 1,"Sort Key": ["(sum((lineitem.l_extendedprice * ('1'::numeric - lineitem.l_discount)))) DESC"],"Sort Method": "quicksort","Sort Space Used": 9840,"Sort Space Type": "Memory","Plans": [{"Node Type": "Aggregate","Strategy": "Hashed","Partial Mode": "Simple","Parent Relationship": "Outer","Parallel Aware": false,"Async Capable": false,"Startup Cost": 124746.67,"Total Cost": 125441.07,"Plan Rows": 55552,"Plan Width": 280,"Actual Startup Time": 419.818,"Actual Total Time": 574.956,"Actual Rows": 37948,"Actual Loops": 1,"Group Key": ["customer.c_custkey", "nation.n_name"],"Planned Partitions": 0,"HashAgg Batches": 1,"Peak Memory Usage": 26129,"Disk Usage": 0,"Plans": [{"Node Type": "Gather","Parent Relationship": "Outer","Parallel Aware": false,"Async Capable": false,"Startup Cost": 6771.91,"Total Cost": 124052.27,"Plan Rows": 55552,"Plan Width": 260,"Actual Startup Time": 82.501,"Actual Total Time": 287.884,"Actual Rows": 114775,"Actual Loops": 1,"Workers Planned": 3,"Workers Launched": 3,"Single Copy": false,"Plans": [{"Node Type": "Hash Join","Parent Relationship": "Outer","Parallel Aware": false,"Async Capable": false,"Join Type": "Inner","Startup Cost": 5771.91,"Total Cost": 117497.07,"Plan Rows": 17920,"Plan Width": 260,"Actual Startup Time": 75.276,"Actual Total Time": 362.951,"Actual Rows": 28694,"Actual Loops": 4,"Inner Unique": true,"Hash Cond": "(customer.c_nationkey = nation.n_nationkey)","Workers": [],"Plans": [{"Node Type": "Hash Join","Parent Relationship": "Outer","Parallel Aware": true,"Async Capable": false,"Join Type": "Inner","Startup Cost": 5770.34,"Total Cost": 117440.49,"Plan Rows": 17920,"Plan Width": 160,"Actual Startup Time": 74.883,"Actual Total Time": 354.260,"Actual Rows": 28694,"Actual Loops": 4,"Inner Unique": true,"Hash Cond": "(orders.o_custkey = customer.c_custkey)","Workers": [],"Plans": [{"Node Type": "Nested Loop","Parent Relationship": "Outer","Parallel Aware": false,"Async Capable": false,"Join Type": "Inner","Startup Cost": 779.09,"Total Cost": 112402.20,"Plan Rows": 17920,"Plan Width": 16,"Actual Startup Time": 13.340,"Actual Total Time": 252.834,"Actual Rows": 28694,"Actual Loops": 4,"Inner Unique": false,"Workers": [],"Plans": [{"Node Type": "Bitmap Heap Scan","Parent Relationship": "Outer","Parallel Aware": true,"Async Capable": false,"Relation Name": "orders","Alias": "orders","Startup Cost": 778.66,"Total Cost": 27146.63,"Plan Rows": 18198,"Plan Width": 8,"Actual Startup Time": 13.279,"Actual Total Time": 70.699,"Actual Rows": 14304,"Actual Loops": 4,"Recheck Cond": "((o_orderdate >= '1993-07-01'::date) AND (o_orderdate < '1993-10-01 00:00:00'::timestamp without time zone))","Rows Removed by Index Recheck": 0,"Exact Heap Blocks": 3636,"Lossy Heap Blocks": 0,"Workers": [],"Plans": [{"Node Type": "Bitmap Index Scan","Parent Relationship": "Outer","Parallel Aware": false,"Async Capable": false,"Index Name": "idx_orders_orderdate","Startup Cost": 0.00,"Total Cost": 764.56,"Plan Rows": 56413,"Plan Width": 0,"Actual Startup Time": 10.131,"Actual Total Time": 10.133,"Actual Rows": 57218,"Actual Loops": 1,"Index Cond": "((o_orderdate >= '1993-07-01'::date) AND (o_orderdate < '1993-10-01 00:00:00'::timestamp without time zone))","Workers": []}]},{"Node Type": "Index Scan","Parent Relationship": "Inner","Parallel Aware": false,"Async Capable": false,"Scan Direction": "Forward","Index Name": "idx_lineitem_orderkey","Relation Name": "lineitem","Alias": "lineitem","Startup Cost": 0.43,"Total Cost": 4.64,"Plan Rows": 4,"Plan Width": 16,"Actual Startup Time": 0.010,"Actual Total Time": 0.012,"Actual Rows": 2,"Actual Loops": 57218,"Index Cond": "(l_orderkey = orders.o_orderkey)","Rows Removed by Index Recheck": 0,"Filter": "(l_returnflag = 'R'::bpchar)","Rows Removed by Filter": 2,"Workers": []}]},{"Node Type": "Hash","Parent Relationship": "Inner","Parallel Aware": true,"Async Capable": false,"Startup Cost": 4210.00,"Total Cost": 4210.00,"Plan Rows": 62500,"Plan Width": 148,"Actual Startup Time": 60.976,"Actual Total Time": 60.983,"Actual Rows": 37500,"Actual Loops": 4,"Hash Buckets": 262144,"Original Hash Buckets": 262144,"Hash Batches": 1,"Original Hash Batches": 1,"Peak Memory Usage": 29344,"Workers": [],"Plans": [{"Node Type": "Seq Scan","Parent Relationship": "Outer","Parallel Aware": true,"Async Capable": false,"Relation Name": "customer","Alias": "customer","Startup Cost": 0.00,"Total Cost": 4210.00,"Plan Rows": 62500,"Plan Width": 148,"Actual Startup Time": 0.026,"Actual Total Time": 27.898,"Actual Rows": 37500,"Actual Loops": 4,"Workers": []}]}]},{"Node Type": "Hash","Parent Relationship": "Inner","Parallel Aware": false,"Async Capable": false,"Startup Cost": 1.25,"Total Cost": 1.25,"Plan Rows": 25,"Plan Width": 108,"Actual Startup Time": 0.100,"Actual Total Time": 0.105,"Actual Rows": 25,"Actual Loops": 4,"Hash Buckets": 1024,"Original Hash Buckets": 1024,"Hash Batches": 1,"Original Hash Batches": 1,"Peak Memory Usage": 10,"Workers": [],"Plans": [{"Node Type": "Seq Scan","Parent Relationship": "Outer","Parallel Aware": false,"Async Capable": false,"Relation Name": "nation","Alias": "nation","Startup Cost": 0.00,"Total Cost": 1.25,"Plan Rows": 25,"Plan Width": 108,"Actual Startup Time": 0.065,"Actual Total Time": 0.072,"Actual Rows": 25,"Actual Loops": 4,"Workers": []}]}]}]}]}]},"Planning Time": 6.175,"Triggers": [],"Execution Time": 652.968}]
[{"Plan": {"Node Type": "Sort","Parallel Aware": false,"Async Capable": false,"Startup Cost": 130505.43,"Total Cost": 130645.60,"Plan Rows": 56065,"Plan Width": 280,"Actual Startup Time": 601.513,"Actual Total Time": 641.580,"Actual Rows": 37018,"Actual Loops": 1,"Sort Key": ["(sum((lineitem.l_extendedprice * ('1'::numeric - lineitem.l_discount)))) DESC"],"Sort Method": "quicksort","Sort Space Used": 9627,"Sort Space Type": "Memory","Plans": [{"Node Type": "Aggregate","Strategy": "Hashed","Partial Mode": "Simple","Parent Relationship": "Outer","Parallel Aware": false,"Async Capable": false,"Startup Cost": 125382.55,"Total Cost": 126083.36,"Plan Rows": 56065,"Plan Width": 280,"Actual Startup Time": 416.495,"Actual Total Time": 572.420,"Actual Rows": 37018,"Actual Loops": 1,"Group Key": ["customer.c_custkey", "nation.n_name"],"Planned Partitions": 0,"HashAgg Batches": 1,"Peak Memory Usage": 26129,"Disk Usage": 0,"Plans": [{"Node Type": "Gather","Parent Relationship": "Outer","Parallel Aware": false,"Async Capable": false,"Startup Cost": 6781.25,"Total Cost": 124681.73,"Plan Rows": 56065,"Plan Width": 260,"Actual Startup Time": 81.623,"Actual Total Time": 288.921,"Actual Rows": 110603,"Actual Loops": 1,"Workers Planned": 3,"Workers Launched": 3,"Single Copy": false,"Plans": [{"Node Type": "Hash Join","Parent Relationship": "Outer","Parallel Aware": false,"Async Capable": false,"Join Type": "Inner","Startup Cost": 5781.25,"Total Cost": 118075.23,"Plan Rows": 18085,"Plan Width": 260,"Actual Startup Time": 74.243,"Actual Total Time": 359.851,"Actual Rows": 27651,"Actual Loops": 4,"Inner Unique": true,"Hash Cond": "(customer.c_nationkey = nation.n_nationkey)","Workers": [],"Plans": [{"Node Type": "Hash Join","Parent Relationship": "Outer","Parallel Aware": true,"Async Capable": false,"Join Type": "Inner","Startup Cost": 5779.68,"Total Cost": 118018.16,"Plan Rows": 18085,"Plan Width": 160,"Actual Startup Time": 73.807,"Actual Total Time": 350.724,"Actual Rows": 27651,"Actual Loops": 4,"Inner Unique": true,"Hash Cond": "(orders.o_custkey = customer.c_custkey)","Workers": [],"Plans": [{"Node Type": "Nested Loop","Parent Relationship": "Outer","Parallel Aware": false,"Async Capable": false,"Join Type": "Inner","Startup Cost": 788.43,"Total Cost": 112979.43,"Plan Rows": 18085,"Plan Width": 16,"Actual Startup Time": 13.351,"Actual Total Time": 248.674,"Actual Rows": 27651,"Actual Loops": 4,"Inner Unique": false,"Workers": [],"Plans": [{"Node Type": "Bitmap Heap Scan","Parent Relationship": "Outer","Parallel Aware": true,"Async Capable": false,"Relation Name": "orders","Alias": "orders","Startup Cost": 788.00,"Total Cost": 27158.49,"Plan Rows": 18366,"Plan Width": 8,"Actual Startup Time": 13.297,"Actual Total Time": 70.614,"Actual Rows": 13866,"Actual Loops": 4,"Recheck Cond": "((o_orderdate >= '1994-02-01'::date) AND (o_orderdate < '1994-05-01 00:00:00'::timestamp without time zone))","Rows Removed by Index Recheck": 0,"Exact Heap Blocks": 3619,"Lossy Heap Blocks": 0,"Workers": [],"Plans": [{"Node Type": "Bitmap Index Scan","Parent Relationship": "Outer","Parallel Aware": false,"Async Capable": false,"Index Name": "idx_orders_orderdate","Startup Cost": 0.00,"Total Cost": 773.77,"Plan Rows": 56934,"Plan Width": 0,"Actual Startup Time": 10.157,"Actual Total Time": 10.161,"Actual Rows": 55462,"Actual Loops": 1,"Index Cond": "((o_orderdate >= '1994-02-01'::date) AND (o_orderdate < '1994-05-01 00:00:00'::timestamp without time zone))","Workers": []}]},{"Node Type": "Index Scan","Parent Relationship": "Inner","Parallel Aware": false,"Async Capable": false,"Scan Direction": "Forward","Index Name": "idx_lineitem_orderkey","Relation Name": "lineitem","Alias": "lineitem","Startup Cost": 0.43,"Total Cost": 4.63,"Plan Rows": 4,"Plan Width": 16,"Actual Startup Time": 0.010,"Actual Total Time": 0.012,"Actual Rows": 2,"Actual Loops": 55462,"Index Cond": "(l_orderkey = orders.o_orderkey)","Rows Removed by Index Recheck": 0,"Filter": "(l_returnflag = 'R'::bpchar)","Rows Removed by Filter": 2,"Workers": []}]},{"Node Type": "Hash","Parent Relationship": "Inner","Parallel Aware": true,"Async Capable": false,"Startup Cost": 4210.00,"Total Cost": 4210.00,"Plan Rows": 62500,"Plan Width": 148,"Actual Startup Time": 59.812,"Actual Total Time": 59.817,"Actual Rows": 37500,"Actual Loops": 4,"Hash Buckets": 262144,"Original Hash Buckets": 262144,"Hash Batches": 1,"Original Hash Batches": 1,"Peak Memory Usage": 29344,"Workers": [],"Plans": [{"Node Type": "Seq Scan","Parent Relationship": "Outer","Parallel Aware": true,"Async Capable": false,"Relation Name": "customer","Alias": "customer","Startup Cost": 0.00,"Total Cost": 4210.00,"Plan Rows": 62500,"Plan Width": 148,"Actual Startup Time": 0.038,"Actual Total Time": 25.477,"Actual Rows": 37500,"Actual Loops": 4,"Workers": []}]}]},{"Node Type": "Hash","Parent Relationship": "Inner","Parallel Aware": false,"Async Capable": false,"Startup Cost": 1.25,"Total Cost": 1.25,"Plan Rows": 25,"Plan Width": 108,"Actual Startup Time": 0.111,"Actual Total Time": 0.116,"Actual Rows": 25,"Actual Loops": 4,"Hash Buckets": 1024,"Original Hash Buckets": 1024,"Hash Batches": 1,"Original Hash Batches": 1,"Peak Memory Usage": 10,"Workers": [],"Plans": [{"Node Type": "Seq Scan","Parent Relationship": "Outer","Parallel Aware": false,"Async Capable": false,"Relation Name": "nation","Alias": "nation","Startup Cost": 0.00,"Total Cost": 1.25,"Plan Rows": 25,"Plan Width": 108,"Actual Startup Time": 0.071,"Actual Total Time": 0.077,"Actual Rows": 25,"Actual Loops": 4,"Workers": []}]}]}]}]}]},"Planning Time": 7.387,"Triggers": [],"Execution Time": 645.928}]
[{"Plan": {"Node Type": "Sort","Parallel Aware": false,"Async Capable": false,"Startup Cost": 131330.41,"Total Cost": 131472.12,"Plan Rows": 56686,"Plan Width": 280,"Actual Startup Time": 587.483,"Actual Total Time": 628.086,"Actual Rows": 37925,"Actual Loops": 1,"Sort Key": ["(sum((lineitem.l_extendedprice * ('1'::numeric - lineitem.l_discount)))) DESC"],"Sort Method": "quicksort","Sort Space Used": 9832,"Sort Space Type": "Memory","Plans": [{"Node Type": "Aggregate","Strategy": "Hashed","Partial Mode": "Simple","Parent Relationship": "Outer","Parallel Aware": false,"Async Capable": false,"Startup Cost": 126146.27,"Total Cost": 126854.85,"Plan Rows": 56686,"Plan Width": 280,"Actual Startup Time": 410.388,"Actual Total Time": 556.054,"Actual Rows": 37925,"Actual Loops": 1,"Group Key": ["customer.c_custkey", "nation.n_name"],"Planned Partitions": 0,"HashAgg Batches": 1,"Peak Memory Usage": 26129,"Disk Usage": 0,"Plans": [{"Node Type": "Gather","Parent Relationship": "Outer","Parallel Aware": false,"Async Capable": false,"Startup Cost": 6791.71,"Total Cost": 125437.70,"Plan Rows": 56686,"Plan Width": 260,"Actual Startup Time": 76.070,"Actual Total Time": 284.431,"Actual Rows": 114550,"Actual Loops": 1,"Workers Planned": 3,"Workers Launched": 3,"Single Copy": false,"Plans": [{"Node Type": "Hash Join","Parent Relationship": "Outer","Parallel Aware": false,"Async Capable": false,"Join Type": "Inner","Startup Cost": 5791.71,"Total Cost": 118769.10,"Plan Rows": 18286,"Plan Width": 260,"Actual Startup Time": 68.409,"Actual Total Time": 355.040,"Actual Rows": 28638,"Actual Loops": 4,"Inner Unique": true,"Hash Cond": "(customer.c_nationkey = nation.n_nationkey)","Workers": [],"Plans": [{"Node Type": "Hash Join","Parent Relationship": "Outer","Parallel Aware": true,"Async Capable": false,"Join Type": "Inner","Startup Cost": 5790.15,"Total Cost": 118711.40,"Plan Rows": 18286,"Plan Width": 160,"Actual Startup Time": 67.911,"Actual Total Time": 346.301,"Actual Rows": 28638,"Actual Loops": 4,"Inner Unique": true,"Hash Cond": "(orders.o_custkey = customer.c_custkey)","Workers": [],"Plans": [{"Node Type": "Nested Loop","Parent Relationship": "Outer","Parallel Aware": false,"Async Capable": false,"Join Type": "Inner","Startup Cost": 798.90,"Total Cost": 113672.15,"Plan Rows": 18286,"Plan Width": 16,"Actual Startup Time": 13.342,"Actual Total Time": 249.825,"Actual Rows": 28638,"Actual Loops": 4,"Inner Unique": false,"Workers": [],"Plans": [{"Node Type": "Bitmap Heap Scan","Parent Relationship": "Outer","Parallel Aware": true,"Async Capable": false,"Relation Name": "orders","Alias": "orders","Startup Cost": 798.47,"Total Cost": 27172.01,"Plan Rows": 18569,"Plan Width": 8,"Actual Startup Time": 13.275,"Actual Total Time": 71.340,"Actual Rows": 14284,"Actual Loops": 4,"Recheck Cond": "((o_orderdate >= '1993-08-01'::date) AND (o_orderdate < '1993-11-01 00:00:00'::timestamp without time zone))","Rows Removed by Index Recheck": 0,"Exact Heap Blocks": 3594,"Lossy Heap Blocks": 0,"Workers": [],"Plans": [{"Node Type": "Bitmap Index Scan","Parent Relationship": "Outer","Parallel Aware": false,"Async Capable": false,"Index Name": "idx_orders_orderdate","Startup Cost": 0.00,"Total Cost": 784.08,"Plan Rows": 57565,"Plan Width": 0,"Actual Startup Time": 10.135,"Actual Total Time": 10.136,"Actual Rows": 57138,"Actual Loops": 1,"Index Cond": "((o_orderdate >= '1993-08-01'::date) AND (o_orderdate < '1993-11-01 00:00:00'::timestamp without time zone))","Workers": []}]},{"Node Type": "Index Scan","Parent Relationship": "Inner","Parallel Aware": false,"Async Capable": false,"Scan Direction": "Forward","Index Name": "idx_lineitem_orderkey","Relation Name": "lineitem","Alias": "lineitem","Startup Cost": 0.43,"Total Cost": 4.62,"Plan Rows": 4,"Plan Width": 16,"Actual Startup Time": 0.010,"Actual Total Time": 0.012,"Actual Rows": 2,"Actual Loops": 57138,"Index Cond": "(l_orderkey = orders.o_orderkey)","Rows Removed by Index Recheck": 0,"Filter": "(l_returnflag = 'R'::bpchar)","Rows Removed by Filter": 2,"Workers": []}]},{"Node Type": "Hash","Parent Relationship": "Inner","Parallel Aware": true,"Async Capable": false,"Startup Cost": 4210.00,"Total Cost": 4210.00,"Plan Rows": 62500,"Plan Width": 148,"Actual Startup Time": 53.968,"Actual Total Time": 53.976,"Actual Rows": 37500,"Actual Loops": 4,"Hash Buckets": 262144,"Original Hash Buckets": 262144,"Hash Batches": 1,"Original Hash Batches": 1,"Peak Memory Usage": 29344,"Workers": [],"Plans": [{"Node Type": "Seq Scan","Parent Relationship": "Outer","Parallel Aware": true,"Async Capable": false,"Relation Name": "customer","Alias": "customer","Startup Cost": 0.00,"Total Cost": 4210.00,"Plan Rows": 62500,"Plan Width": 148,"Actual Startup Time": 0.023,"Actual Total Time": 24.403,"Actual Rows": 37500,"Actual Loops": 4,"Workers": []}]}]},{"Node Type": "Hash","Parent Relationship": "Inner","Parallel Aware": false,"Async Capable": false,"Startup Cost": 1.25,"Total Cost": 1.25,"Plan Rows": 25,"Plan Width": 108,"Actual Startup Time": 0.099,"Actual Total Time": 0.106,"Actual Rows": 25,"Actual Loops": 4,"Hash Buckets": 1024,"Original Hash Buckets": 1024,"Hash Batches": 1,"Original Hash Batches": 1,"Peak Memory Usage": 10,"Workers": [],"Plans": [{"Node Type": "Seq Scan","Parent Relationship": "Outer","Parallel Aware": false,"Async Capable": false,"Relation Name": "nation","Alias": "nation","Startup Cost": 0.00,"Total Cost": 1.25,"Plan Rows": 25,"Plan Width": 108,"Actual Startup Time": 0.062,"Actual Total Time": 0.071,"Actual Rows": 25,"Actual Loops": 4,"Workers": []}]}]}]}]}]},"Planning Time": 6.540,"Triggers": [],"Execution Time": 634.012}]
[{"Plan": {"Node Type": "Sort","Parallel Aware": false,"Async Capable": false,"Startup Cost": 130809.03,"Total Cost": 130949.76,"Plan Rows": 56293,"Plan Width": 280,"Actual Startup Time": 582.640,"Actual Total Time": 623.609,"Actual Rows": 37618,"Actual Loops": 1,"Sort Key": ["(sum((lineitem.l_extendedprice * ('1'::numeric - lineitem.l_discount)))) DESC"],"Sort Method": "quicksort","Sort Space Used": 9764,"Sort Space Type": "Memory","Plans": [{"Node Type": "Aggregate","Strategy": "Hashed","Partial Mode": "Simple","Parent Relationship": "Outer","Parallel Aware": false,"Async Capable": false,"Startup Cost": 125663.66,"Total Cost": 126367.32,"Plan Rows": 56293,"Plan Width": 280,"Actual Startup Time": 404.905,"Actual Total Time": 550.580,"Actual Rows": 37618,"Actual Loops": 1,"Group Key": ["customer.c_custkey", "nation.n_name"],"Planned Partitions": 0,"HashAgg Batches": 1,"Peak Memory Usage": 26129,"Disk Usage": 0,"Plans": [{"Node Type": "Gather","Parent Relationship": "Outer","Parallel Aware": false,"Async Capable": false,"Startup Cost": 6783.62,"Total Cost": 124960.00,"Plan Rows": 56293,"Plan Width": 260,"Actual Startup Time": 77.508,"Actual Total Time": 283.856,"Actual Rows": 113037,"Actual Loops": 1,"Workers Planned": 3,"Workers Launched": 3,"Single Copy": false,"Plans": [{"Node Type": "Hash Join","Parent Relationship": "Outer","Parallel Aware": false,"Async Capable": false,"Join Type": "Inner","Startup Cost": 5783.62,"Total Cost": 118330.70,"Plan Rows": 18159,"Plan Width": 260,"Actual Startup Time": 69.943,"Actual Total Time": 350.172,"Actual Rows": 28259,"Actual Loops": 4,"Inner Unique": true,"Hash Cond": "(customer.c_nationkey = nation.n_nationkey)","Workers": [],"Plans": [{"Node Type": "Hash Join","Parent Relationship": "Outer","Parallel Aware": true,"Async Capable": false,"Join Type": "Inner","Startup Cost": 5782.06,"Total Cost": 118273.39,"Plan Rows": 18159,"Plan Width": 160,"Actual Startup Time": 69.505,"Actual Total Time": 341.161,"Actual Rows": 28259,"Actual Loops": 4,"Inner Unique": true,"Hash Cond": "(orders.o_custkey = customer.c_custkey)","Workers": [],"Plans": [{"Node Type": "Nested Loop","Parent Relationship": "Outer","Parallel Aware": false,"Async Capable": false,"Join Type": "Inner","Startup Cost": 790.81,"Total Cost": 113234.47,"Plan Rows": 18159,"Plan Width": 16,"Actual Startup Time": 13.628,"Actual Total Time": 244.904,"Actual Rows": 28259,"Actual Loops": 4,"Inner Unique": false,"Workers": [],"Plans": [{"Node Type": "Bitmap Heap Scan","Parent Relationship": "Outer","Parallel Aware": true,"Async Capable": false,"Relation Name": "orders","Alias": "orders","Startup Cost": 790.38,"Total Cost": 27161.99,"Plan Rows": 18441,"Plan Width": 8,"Actual Startup Time": 13.544,"Actual Total Time": 67.991,"Actual Rows": 14129,"Actual Loops": 4,"Recheck Cond": "((o_orderdate >= '1994-09-01'::date) AND (o_orderdate < '1994-12-01 00:00:00'::timestamp without time zone))","Rows Removed by Index Recheck": 0,"Exact Heap Blocks": 3515,"Lossy Heap Blocks": 0,"Workers": [],"Plans": [{"Node Type": "Bitmap Index Scan","Parent Relationship": "Outer","Parallel Aware": false,"Async Capable": false,"Index Name": "idx_orders_orderdate","Startup Cost": 0.00,"Total Cost": 776.09,"Plan Rows": 57166,"Plan Width": 0,"Actual Startup Time": 10.241,"Actual Total Time": 10.248,"Actual Rows": 56516,"Actual Loops": 1,"Index Cond": "((o_orderdate >= '1994-09-01'::date) AND (o_orderdate < '1994-12-01 00:00:00'::timestamp without time zone))","Workers": []}]},{"Node Type": "Index Scan","Parent Relationship": "Inner","Parallel Aware": false,"Async Capable": false,"Scan Direction": "Forward","Index Name": "idx_lineitem_orderkey","Relation Name": "lineitem","Alias": "lineitem","Startup Cost": 0.43,"Total Cost": 4.63,"Plan Rows": 4,"Plan Width": 16,"Actual Startup Time": 0.010,"Actual Total Time": 0.012,"Actual Rows": 2,"Actual Loops": 56516,"Index Cond": "(l_orderkey = orders.o_orderkey)","Rows Removed by Index Recheck": 0,"Filter": "(l_returnflag = 'R'::bpchar)","Rows Removed by Filter": 2,"Workers": []}]},{"Node Type": "Hash","Parent Relationship": "Inner","Parallel Aware": true,"Async Capable": false,"Startup Cost": 4210.00,"Total Cost": 4210.00,"Plan Rows": 62500,"Plan Width": 148,"Actual Startup Time": 55.246,"Actual Total Time": 55.254,"Actual Rows": 37500,"Actual Loops": 4,"Hash Buckets": 262144,"Original Hash Buckets": 262144,"Hash Batches": 1,"Original Hash Batches": 1,"Peak Memory Usage": 29280,"Workers": [],"Plans": [{"Node Type": "Seq Scan","Parent Relationship": "Outer","Parallel Aware": true,"Async Capable": false,"Relation Name": "customer","Alias": "customer","Startup Cost": 0.00,"Total Cost": 4210.00,"Plan Rows": 62500,"Plan Width": 148,"Actual Startup Time": 0.029,"Actual Total Time": 24.927,"Actual Rows": 37500,"Actual Loops": 4,"Workers": []}]}]},{"Node Type": "Hash","Parent Relationship": "Inner","Parallel Aware": false,"Async Capable": false,"Startup Cost": 1.25,"Total Cost": 1.25,"Plan Rows": 25,"Plan Width": 108,"Actual Startup Time": 0.092,"Actual Total Time": 0.096,"Actual Rows": 25,"Actual Loops": 4,"Hash Buckets": 1024,"Original Hash Buckets": 1024,"Hash Batches": 1,"Original Hash Batches": 1,"Peak Memory Usage": 10,"Workers": [],"Plans": [{"Node Type": "Seq Scan","Parent Relationship": "Outer","Parallel Aware": false,"Async Capable": false,"Relation Name": "nation","Alias": "nation","Startup Cost": 0.00,"Total Cost": 1.25,"Plan Rows": 25,"Plan Width": 108,"Actual Startup Time": 0.062,"Actual Total Time": 0.068,"Actual Rows": 25,"Actual Loops": 4,"Workers": []}]}]}]}]}]},"Planning Time": 5.868,"Triggers": [],"Execution Time": 629.137}]
[{"Plan": {"Node Type": "Sort","Parallel Aware": false,"Async Capable": false,"Startup Cost": 131375.21,"Total Cost": 131517.01,"Plan Rows": 56721,"Plan Width": 280,"Actual Startup Time": 563.067,"Actual Total Time": 603.830,"Actual Rows": 37302,"Actual Loops": 1,"Sort Key": ["(sum((lineitem.l_extendedprice * ('1'::numeric - lineitem.l_discount)))) DESC"],"Sort Method": "quicksort","Sort Space Used": 9696,"Sort Space Type": "Memory","Plans": [{"Node Type": "Aggregate","Strategy": "Hashed","Partial Mode": "Simple","Parent Relationship": "Outer","Parallel Aware": false,"Async Capable": false,"Startup Cost": 126187.62,"Total Cost": 126896.63,"Plan Rows": 56721,"Plan Width": 280,"Actual Startup Time": 390.529,"Actual Total Time": 528.800,"Actual Rows": 37302,"Actual Loops": 1,"Group Key": ["customer.c_custkey", "nation.n_name"],"Planned Partitions": 0,"HashAgg Batches": 1,"Peak Memory Usage": 26129,"Disk Usage": 0,"Plans": [{"Node Type": "Gather","Parent Relationship": "Outer","Parallel Aware": false,"Async Capable": false,"Startup Cost": 6792.07,"Total Cost": 125478.61,"Plan Rows": 56721,"Plan Width": 260,"Actual Startup Time": 74.264,"Actual Total Time": 271.853,"Actual Rows": 111987,"Actual Loops": 1,"Workers Planned": 3,"Workers Launched": 3,"Single Copy": false,"Plans": [{"Node Type": "Hash Join","Parent Relationship": "Outer","Parallel Aware": false,"Async Capable": false,"Join Type": "Inner","Startup Cost": 5792.07,"Total Cost": 118806.51,"Plan Rows": 18297,"Plan Width": 260,"Actual Startup Time": 66.885,"Actual Total Time": 338.409,"Actual Rows": 27997,"Actual Loops": 4,"Inner Unique": true,"Hash Cond": "(customer.c_nationkey = nation.n_nationkey)","Workers": [],"Plans": [{"Node Type": "Hash Join","Parent Relationship": "Outer","Parallel Aware": true,"Async Capable": false,"Join Type": "Inner","Startup Cost": 5790.51,"Total Cost": 118748.77,"Plan Rows": 18297,"Plan Width": 160,"Actual Startup Time": 66.491,"Actual Total Time": 330.614,"Actual Rows": 27997,"Actual Loops": 4,"Inner Unique": true,"Hash Cond": "(orders.o_custkey = customer.c_custkey)","Workers": [],"Plans": [{"Node Type": "Nested Loop","Parent Relationship": "Outer","Parallel Aware": false,"Async Capable": false,"Join Type": "Inner","Startup Cost": 799.26,"Total Cost": 113709.49,"Plan Rows": 18297,"Plan Width": 16,"Actual Startup Time": 13.178,"Actual Total Time": 239.311,"Actual Rows": 27997,"Actual Loops": 4,"Inner Unique": false,"Workers": [],"Plans": [{"Node Type": "Bitmap Heap Scan","Parent Relationship": "Outer","Parallel Aware": true,"Async Capable": false,"Relation Name": "orders","Alias": "orders","Startup Cost": 798.83,"Total Cost": 27172.54,"Plan Rows": 18580,"Plan Width": 8,"Actual Startup Time": 13.117,"Actual Total Time": 66.928,"Actual Rows": 13993,"Actual Loops": 4,"Recheck Cond": "((o_orderdate >= '1993-12-01'::date) AND (o_orderdate < '1994-03-01 00:00:00'::timestamp without time zone))","Rows Removed by Index Recheck": 0,"Exact Heap Blocks": 3558,"Lossy Heap Blocks": 0,"Workers": [],"Plans": [{"Node Type": "Bitmap Index Scan","Parent Relationship": "Outer","Parallel Aware": false,"Async Capable": false,"Index Name": "idx_orders_orderdate","Startup Cost": 0.00,"Total Cost": 784.43,"Plan Rows": 57600,"Plan Width": 0,"Actual Startup Time": 10.042,"Actual Total Time": 10.048,"Actual Rows": 55973,"Actual Loops": 1,"Index Cond": "((o_orderdate >= '1993-12-01'::date) AND (o_orderdate < '1994-03-01 00:00:00'::timestamp without time zone))","Workers": []}]},{"Node Type": "Index Scan","Parent Relationship": "Inner","Parallel Aware": false,"Async Capable": false,"Scan Direction": "Forward","Index Name": "idx_lineitem_orderkey","Relation Name": "lineitem","Alias": "lineitem","Startup Cost": 0.43,"Total Cost": 4.62,"Plan Rows": 4,"Plan Width": 16,"Actual Startup Time": 0.010,"Actual Total Time": 0.012,"Actual Rows": 2,"Actual Loops": 55973,"Index Cond": "(l_orderkey = orders.o_orderkey)","Rows Removed by Index Recheck": 0,"Filter": "(l_returnflag = 'R'::bpchar)","Rows Removed by Filter": 2,"Workers": []}]},{"Node Type": "Hash","Parent Relationship": "Inner","Parallel Aware": true,"Async Capable": false,"Startup Cost": 4210.00,"Total Cost": 4210.00,"Plan Rows": 62500,"Plan Width": 148,"Actual Startup Time": 52.746,"Actual Total Time": 52.755,"Actual Rows": 37500,"Actual Loops": 4,"Hash Buckets": 262144,"Original Hash Buckets": 262144,"Hash Batches": 1,"Original Hash Batches": 1,"Peak Memory Usage": 29312,"Workers": [],"Plans": [{"Node Type": "Seq Scan","Parent Relationship": "Outer","Parallel Aware": true,"Async Capable": false,"Relation Name": "customer","Alias": "customer","Startup Cost": 0.00,"Total Cost": 4210.00,"Plan Rows": 62500,"Plan Width": 148,"Actual Startup Time": 0.028,"Actual Total Time": 23.004,"Actual Rows": 37500,"Actual Loops": 4,"Workers": []}]}]},{"Node Type": "Hash","Parent Relationship": "Inner","Parallel Aware": false,"Async Capable": false,"Startup Cost": 1.25,"Total Cost": 1.25,"Plan Rows": 25,"Plan Width": 108,"Actual Startup Time": 0.099,"Actual Total Time": 0.105,"Actual Rows": 25,"Actual Loops": 4,"Hash Buckets": 1024,"Original Hash Buckets": 1024,"Hash Batches": 1,"Original Hash Batches": 1,"Peak Memory Usage": 10,"Workers": [],"Plans": [{"Node Type": "Seq Scan","Parent Relationship": "Outer","Parallel Aware": false,"Async Capable": false,"Relation Name": "nation","Alias": "nation","Startup Cost": 0.00,"Total Cost": 1.25,"Plan Rows": 25,"Plan Width": 108,"Actual Startup Time": 0.067,"Actual Total Time": 0.074,"Actual Rows": 25,"Actual Loops": 4,"Workers": []}]}]}]}]}]},"Planning Time": 6.321,"Triggers": [],"Execution Time": 609.357}]
[{"Plan": {"Node Type": "Sort","Parallel Aware": false,"Async Capable": false,"Startup Cost": 129819.00,"Total Cost": 129957.88,"Plan Rows": 55552,"Plan Width": 280,"Actual Startup Time": 608.281,"Actual Total Time": 648.391,"Actual Rows": 37948,"Actual Loops": 1,"Sort Key": ["(sum((lineitem.l_extendedprice * ('1'::numeric - lineitem.l_discount)))) DESC"],"Sort Method": "quicksort","Sort Space Used": 9840,"Sort Space Type": "Memory","Plans": [{"Node Type": "Aggregate","Strategy": "Hashed","Partial Mode": "Simple","Parent Relationship": "Outer","Parallel Aware": false,"Async Capable": false,"Startup Cost": 124746.67,"Total Cost": 125441.07,"Plan Rows": 55552,"Plan Width": 280,"Actual Startup Time": 419.818,"Actual Total Time": 574.956,"Actual Rows": 37948,"Actual Loops": 1,"Group Key": ["customer.c_custkey", "nation.n_name"],"Planned Partitions": 0,"HashAgg Batches": 1,"Peak Memory Usage": 26129,"Disk Usage": 0,"Plans": [{"Node Type": "Gather","Parent Relationship": "Outer","Parallel Aware": false,"Async Capable": false,"Startup Cost": 6771.91,"Total Cost": 124052.27,"Plan Rows": 55552,"Plan Width": 260,"Actual Startup Time": 82.501,"Actual Total Time": 287.884,"Actual Rows": 114775,"Actual Loops": 1,"Workers Planned": 3,"Workers Launched": 3,"Single Copy": false,"Plans": [{"Node Type": "Hash Join","Parent Relationship": "Outer","Parallel Aware": false,"Async Capable": false,"Join Type": "Inner","Startup Cost": 5771.91,"Total Cost": 117497.07,"Plan Rows": 17920,"Plan Width": 260,"Actual Startup Time": 75.276,"Actual Total Time": 362.951,"Actual Rows": 28694,"Actual Loops": 4,"Inner Unique": true,"Hash Cond": "(customer.c_nationkey = nation.n_nationkey)","Workers": [],"Plans": [{"Node Type": "Hash Join","Parent Relationship": "Outer","Parallel Aware": true,"Async Capable": false,"Join Type": "Inner","Startup Cost": 5770.34,"Total Cost": 117440.49,"Plan Rows": 17920,"Plan Width": 160,"Actual Startup Time": 74.883,"Actual Total Time": 354.260,"Actual Rows": 28694,"Actual Loops": 4,"Inner Unique": true,"Hash Cond": "(orders.o_custkey = customer.c_custkey)","Workers": [],"Plans": [{"Node Type": "Nested Loop","Parent Relationship": "Outer","Parallel Aware": false,"Async Capable": false,"Join Type": "Inner","Startup Cost": 779.09,"Total Cost": 112402.20,"Plan Rows": 17920,"Plan Width": 16,"Actual Startup Time": 13.340,"Actual Total Time": 252.834,"Actual Rows": 28694,"Actual Loops": 4,"Inner Unique": false,"Workers": [],"Plans": [{"Node Type": "Bitmap Heap Scan","Parent Relationship": "Outer","Parallel Aware": true,"Async Capable": false,"Relation Name": "orders","Alias": "orders","Startup Cost": 778.66,"Total Cost": 27146.63,"Plan Rows": 18198,"Plan Width": 8,"Actual Startup Time": 13.279,"Actual Total Time": 70.699,"Actual Rows": 14304,"Actual Loops": 4,"Recheck Cond": "((o_orderdate >= '1993-07-01'::date) AND (o_orderdate < '1993-10-01 00:00:00'::timestamp without time zone))","Rows Removed by Index Recheck": 0,"Exact Heap Blocks": 3636,"Lossy Heap Blocks": 0,"Workers": [],"Plans": [{"Node Type": "Bitmap Index Scan","Parent Relationship": "Outer","Parallel Aware": false,"Async Capable": false,"Index Name": "idx_orders_orderdate","Startup Cost": 0.00,"Total Cost": 764.56,"Plan Rows": 56413,"Plan Width": 0,"Actual Startup Time": 10.131,"Actual Total Time": 10.133,"Actual Rows": 57218,"Actual Loops": 1,"Index Cond": "((o_orderdate >= '1993-07-01'::date) AND (o_orderdate < '1993-10-01 00:00:00'::timestamp without time zone))","Workers": []}]},{"Node Type": "Index Scan","Parent Relationship": "Inner","Parallel Aware": false,"Async Capable": false,"Scan Direction": "Forward","Index Name": "idx_lineitem_orderkey","Relation Name": "lineitem","Alias": "lineitem","Startup Cost": 0.43,"Total Cost": 4.64,"Plan Rows": 4,"Plan Width": 16,"Actual Startup Time": 0.010,"Actual Total Time": 0.012,"Actual Rows": 2,"Actual Loops": 57218,"Index Cond": "(l_orderkey = orders.o_orderkey)","Rows Removed by Index Recheck": 0,"Filter": "(l_returnflag = 'R'::bpchar)","Rows Removed by Filter": 2,"Workers": []}]},{"Node Type": "Hash","Parent Relationship": "Inner","Parallel Aware": true,"Async Capable": false,"Startup Cost": 4210.00,"Total Cost": 4210.00,"Plan Rows": 62500,"Plan Width": 148,"Actual Startup Time": 60.976,"Actual Total Time": 60.983,"Actual Rows": 37500,"Actual Loops": 4,"Hash Buckets": 262144,"Original Hash Buckets": 262144,"Hash Batches": 1,"Original Hash Batches": 1,"Peak Memory Usage": 29344,"Workers": [],"Plans": [{"Node Type": "Seq Scan","Parent Relationship": "Outer","Parallel Aware": true,"Async Capable": false,"Relation Name": "customer","Alias": "customer","Startup Cost": 0.00,"Total Cost": 4210.00,"Plan Rows": 62500,"Plan Width": 148,"Actual Startup Time": 0.026,"Actual Total Time": 27.898,"Actual Rows": 37500,"Actual Loops": 4,"Workers": []}]}]},{"Node Type": "Hash","Parent Relationship": "Inner","Parallel Aware": false,"Async Capable": false,"Startup Cost": 1.25,"Total Cost": 1.25,"Plan Rows": 25,"Plan Width": 108,"Actual Startup Time": 0.100,"Actual Total Time": 0.105,"Actual Rows": 25,"Actual Loops": 4,"Hash Buckets": 1024,"Original Hash Buckets": 1024,"Hash Batches": 1,"Original Hash Batches": 1,"Peak Memory Usage": 10,"Workers": [],"Plans": [{"Node Type": "Seq Scan","Parent Relationship": "Outer","Parallel Aware": false,"Async Capable": false,"Relation Name": "nation","Alias": "nation","Startup Cost": 0.00,"Total Cost": 1.25,"Plan Rows": 25,"Plan Width": 108,"Actual Startup Time": 0.065,"Actual Total Time": 0.072,"Actual Rows": 25,"Actual Loops": 4,"Workers": []}]}]}]}]}]},"Planning Time": 6.175,"Triggers": [],"Execution Time": 652.968}]
[{"Plan": {"Node Type": "Sort","Parallel Aware": false,"Async Capable": false,"Startup Cost": 135294.26,"Total Cost": 135443.48,"Plan Rows": 59689,"Plan Width": 280,"Actual Startup Time": 545.457,"Actual Total Time": 585.279,"Actual Rows": 35593,"Actual Loops": 1,"Sort Key": ["(sum((lineitem.l_extendedprice * ('1'::numeric - lineitem.l_discount)))) DESC"],"Sort Method": "quicksort","Sort Space Used": 9317,"Sort Space Type": "Memory","Plans": [{"Node Type": "Aggregate","Strategy": "Hashed","Partial Mode": "Simple","Parent Relationship": "Outer","Parallel Aware": false,"Async Capable": false,"Startup Cost": 129813.27,"Total Cost": 130559.38,"Plan Rows": 59689,"Plan Width": 280,"Actual Startup Time": 389.996,"Actual Total Time": 517.393,"Actual Rows": 35593,"Actual Loops": 1,"Group Key": ["customer.c_custkey", "nation.n_name"],"Planned Partitions": 0,"HashAgg Batches": 1,"Peak Memory Usage": 27665,"Disk Usage": 0,"Plans": [{"Node Type": "Gather","Parent Relationship": "Outer","Parallel Aware": false,"Async Capable": false,"Startup Cost": 6830.97,"Total Cost": 129067.15,"Plan Rows": 59689,"Plan Width": 260,"Actual Startup Time": 76.518,"Actual Total Time": 281.363,"Actual Rows": 94907,"Actual Loops": 1,"Workers Planned": 3,"Workers Launched": 3,"Single Copy": false,"Plans": [{"Node Type": "Hash Join","Parent Relationship": "Outer","Parallel Aware": false,"Async Capable": false,"Join Type": "Inner","Startup Cost": 5830.97,"Total Cost": 122098.25,"Plan Rows": 19255,"Plan Width": 260,"Actual Startup Time": 68.775,"Actual Total Time": 339.806,"Actual Rows": 23727,"Actual Loops": 4,"Inner Unique": true,"Hash Cond": "(customer.c_nationkey = nation.n_nationkey)","Workers": [],"Plans": [{"Node Type": "Hash Join","Parent Relationship": "Outer","Parallel Aware": true,"Async Capable": false,"Join Type": "Inner","Startup Cost": 5829.40,"Total Cost": 122037.58,"Plan Rows": 19255,"Plan Width": 160,"Actual Startup Time": 68.296,"Actual Total Time": 331.130,"Actual Rows": 23727,"Actual Loops": 4,"Inner Unique": true,"Hash Cond": "(orders.o_custkey = customer.c_custkey)","Workers": [],"Plans": [{"Node Type": "Nested Loop","Parent Relationship": "Outer","Parallel Aware": false,"Async Capable": false,"Join Type": "Inner","Startup Cost": 838.15,"Total Cost": 116995.79,"Plan Rows": 19255,"Plan Width": 16,"Actual Startup Time": 13.636,"Actual Total Time": 241.200,"Actual Rows": 23727,"Actual Loops": 4,"Inner Unique": false,"Workers": [],"Plans": [{"Node Type": "Bitmap Heap Scan","Parent Relationship": "Outer","Parallel Aware": true,"Async Capable": false,"Relation Name": "orders","Alias": "orders","Startup Cost": 837.72,"Total Cost": 27226.01,"Plan Rows": 19553,"Plan Width": 8,"Actual Startup Time": 13.552,"Actual Total Time": 68.983,"Actual Rows": 14126,"Actual Loops": 4,"Recheck Cond": "((o_orderdate >= '1995-01-01'::date) AND (o_orderdate < '1995-04-01 00:00:00'::timestamp without time zone))","Rows Removed by Index Recheck": 0,"Exact Heap Blocks": 3623,"Lossy Heap Blocks": 0,"Workers": [],"Plans": [{"Node Type": "Bitmap Index Scan","Parent Relationship": "Outer","Parallel Aware": false,"Async Capable": false,"Index Name": "idx_orders_orderdate","Startup Cost": 0.00,"Total Cost": 822.57,"Plan Rows": 60614,"Plan Width": 0,"Actual Startup Time": 10.475,"Actual Total Time": 10.479,"Actual Rows": 56506,"Actual Loops": 1,"Index Cond": "((o_orderdate >= '1995-01-01'::date) AND (o_orderdate < '1995-04-01 00:00:00'::timestamp without time zone))","Workers": []}]},{"Node Type": "Index Scan","Parent Relationship": "Inner","Parallel Aware": false,"Async Capable": false,"Scan Direction": "Forward","Index Name": "idx_lineitem_orderkey","Relation Name": "lineitem","Alias": "lineitem","Startup Cost": 0.43,"Total Cost": 4.55,"Plan Rows": 4,"Plan Width": 16,"Actual Startup Time": 0.010,"Actual Total Time": 0.012,"Actual Rows": 2,"Actual Loops": 56506,"Index Cond": "(l_orderkey = orders.o_orderkey)","Rows Removed by Index Recheck": 0,"Filter": "(l_returnflag = 'R'::bpchar)","Rows Removed by Filter": 2,"Workers": []}]},{"Node Type": "Hash","Parent Relationship": "Inner","Parallel Aware": true,"Async Capable": false,"Startup Cost": 4210.00,"Total Cost": 4210.00,"Plan Rows": 62500,"Plan Width": 148,"Actual Startup Time": 54.088,"Actual Total Time": 54.097,"Actual Rows": 37500,"Actual Loops": 4,"Hash Buckets": 262144,"Original Hash Buckets": 262144,"Hash Batches": 1,"Original Hash Batches": 1,"Peak Memory Usage": 29312,"Workers": [],"Plans": [{"Node Type": "Seq Scan","Parent Relationship": "Outer","Parallel Aware": true,"Async Capable": false,"Relation Name": "customer","Alias": "customer","Startup Cost": 0.00,"Total Cost": 4210.00,"Plan Rows": 62500,"Plan Width": 148,"Actual Startup Time": 0.033,"Actual Total Time": 23.775,"Actual Rows": 37500,"Actual Loops": 4,"Workers": []}]}]},{"Node Type": "Hash","Parent Relationship": "Inner","Parallel Aware": false,"Async Capable": false,"Startup Cost": 1.25,"Total Cost": 1.25,"Plan Rows": 25,"Plan Width": 108,"Actual Startup Time": 0.094,"Actual Total Time": 0.098,"Actual Rows": 25,"Actual Loops": 4,"Hash Buckets": 1024,"Original Hash Buckets": 1024,"Hash Batches": 1,"Original Hash Batches": 1,"Peak Memory Usage": 10,"Workers": [],"Plans": [{"Node Type": "Seq Scan","Parent Relationship": "Outer","Parallel Aware": false,"Async Capable": false,"Relation Name": "nation","Alias": "nation","Startup Cost": 0.00,"Total Cost": 1.25,"Plan Rows": 25,"Plan Width": 108,"Actual Startup Time": 0.062,"Actual Total Time": 0.068,"Actual Rows": 25,"Actual Loops": 4,"Workers": []}]}]}]}]}]},"Planning Time": 7.620,"Triggers": [],"Execution Time": 593.147}]
[{"Plan": {"Node Type": "Sort","Parallel Aware": false,"Async Capable": false,"Startup Cost": 130909.78,"Total Cost": 131050.70,"Plan Rows": 56371,"Plan Width": 280,"Actual Startup Time": 586.743,"Actual Total Time": 630.152,"Actual Rows": 38263,"Actual Loops": 1,"Sort Key": ["(sum((lineitem.l_extendedprice * ('1'::numeric - lineitem.l_discount)))) DESC"],"Sort Method": "quicksort","Sort Space Used": 9899,"Sort Space Type": "Memory","Plans": [{"Node Type": "Aggregate","Strategy": "Hashed","Partial Mode": "Simple","Parent Relationship": "Outer","Parallel Aware": false,"Async Capable": false,"Startup Cost": 125756.71,"Total Cost": 126461.35,"Plan Rows": 56371,"Plan Width": 280,"Actual Startup Time": 417.199,"Actual Total Time": 554.225,"Actual Rows": 38263,"Actual Loops": 1,"Group Key": ["customer.c_custkey", "nation.n_name"],"Planned Partitions": 0,"HashAgg Batches": 1,"Peak Memory Usage": 26129,"Disk Usage": 0,"Plans": [{"Node Type": "Gather","Parent Relationship": "Outer","Parallel Aware": false,"Async Capable": false,"Startup Cost": 6784.43,"Total Cost": 125052.08,"Plan Rows": 56371,"Plan Width": 260,"Actual Startup Time": 75.828,"Actual Total Time": 292.854,"Actual Rows": 114665,"Actual Loops": 1,"Workers Planned": 3,"Workers Launched": 3,"Single Copy": false,"Plans": [{"Node Type": "Hash Join","Parent Relationship": "Outer","Parallel Aware": false,"Async Capable": false,"Join Type": "Inner","Startup Cost": 5784.43,"Total Cost": 118414.98,"Plan Rows": 18184,"Plan Width": 260,"Actual Startup Time": 68.693,"Actual Total Time": 360.677,"Actual Rows": 28666,"Actual Loops": 4,"Inner Unique": true,"Hash Cond": "(customer.c_nationkey = nation.n_nationkey)","Workers": [],"Plans": [{"Node Type": "Hash Join","Parent Relationship": "Outer","Parallel Aware": true,"Async Capable": false,"Join Type": "Inner","Startup Cost": 5782.87,"Total Cost": 118357.59,"Plan Rows": 18184,"Plan Width": 160,"Actual Startup Time": 68.338,"Actual Total Time": 351.919,"Actual Rows": 28666,"Actual Loops": 4,"Inner Unique": true,"Hash Cond": "(orders.o_custkey = customer.c_custkey)","Workers": [],"Plans": [{"Node Type": "Nested Loop","Parent Relationship": "Outer","Parallel Aware": false,"Async Capable": false,"Join Type": "Inner","Startup Cost": 791.62,"Total Cost": 113318.61,"Plan Rows": 18184,"Plan Width": 16,"Actual Startup Time": 13.513,"Actual Total Time": 254.371,"Actual Rows": 28666,"Actual Loops": 4,"Inner Unique": false,"Workers": [],"Plans": [{"Node Type": "Bitmap Heap Scan","Parent Relationship": "Outer","Parallel Aware": true,"Async Capable": false,"Relation Name": "orders","Alias": "orders","Startup Cost": 791.19,"Total Cost": 27163.18,"Plan Rows": 18466,"Plan Width": 8,"Actual Startup Time": 13.445,"Actual Total Time": 71.425,"Actual Rows": 14346,"Actual Loops": 4,"Recheck Cond": "((o_orderdate >= '1994-07-01'::date) AND (o_orderdate < '1994-10-01 00:00:00'::timestamp without time zone))","Rows Removed by Index Recheck": 0,"Exact Heap Blocks": 3489,"Lossy Heap Blocks": 0,"Workers": [],"Plans": [{"Node Type": "Bitmap Index Scan","Parent Relationship": "Outer","Parallel Aware": false,"Async Capable": false,"Index Name": "idx_orders_orderdate","Startup Cost": 0.00,"Total Cost": 776.88,"Plan Rows": 57245,"Plan Width": 0,"Actual Startup Time": 10.310,"Actual Total Time": 10.312,"Actual Rows": 57384,"Actual Loops": 1,"Index Cond": "((o_orderdate >= '1994-07-01'::date) AND (o_orderdate < '1994-10-01 00:00:00'::timestamp without time zone))","Workers": []}]},{"Node Type": "Index Scan","Parent Relationship": "Inner","Parallel Aware": false,"Async Capable": false,"Scan Direction": "Forward","Index Name": "idx_lineitem_orderkey","Relation Name": "lineitem","Alias": "lineitem","Startup Cost": 0.43,"Total Cost": 4.63,"Plan Rows": 4,"Plan Width": 16,"Actual Startup Time": 0.010,"Actual Total Time": 0.012,"Actual Rows": 2,"Actual Loops": 57384,"Index Cond": "(l_orderkey = orders.o_orderkey)","Rows Removed by Index Recheck": 0,"Filter": "(l_returnflag = 'R'::bpchar)","Rows Removed by Filter": 2,"Workers": []}]},{"Node Type": "Hash","Parent Relationship": "Inner","Parallel Aware": true,"Async Capable": false,"Startup Cost": 4210.00,"Total Cost": 4210.00,"Plan Rows": 62500,"Plan Width": 148,"Actual Startup Time": 54.206,"Actual Total Time": 54.213,"Actual Rows": 37500,"Actual Loops": 4,"Hash Buckets": 262144,"Original Hash Buckets": 262144,"Hash Batches": 1,"Original Hash Batches": 1,"Peak Memory Usage": 29312,"Workers": [],"Plans": [{"Node Type": "Seq Scan","Parent Relationship": "Outer","Parallel Aware": true,"Async Capable": false,"Relation Name": "customer","Alias": "customer","Startup Cost": 0.00,"Total Cost": 4210.00,"Plan Rows": 62500,"Plan Width": 148,"Actual Startup Time": 0.020,"Actual Total Time": 23.974,"Actual Rows": 37500,"Actual Loops": 4,"Workers": []}]}]},{"Node Type": "Hash","Parent Relationship": "Inner","Parallel Aware": false,"Async Capable": false,"Startup Cost": 1.25,"Total Cost": 1.25,"Plan Rows": 25,"Plan Width": 108,"Actual Startup Time": 0.080,"Actual Total Time": 0.085,"Actual Rows": 25,"Actual Loops": 4,"Hash Buckets": 1024,"Original Hash Buckets": 1024,"Hash Batches": 1,"Original Hash Batches": 1,"Peak Memory Usage": 10,"Workers": [],"Plans": [{"Node Type": "Seq Scan","Parent Relationship": "Outer","Parallel Aware": false,"Async Capable": false,"Relation Name": "nation","Alias": "nation","Startup Cost": 0.00,"Total Cost": 1.25,"Plan Rows": 25,"Plan Width": 108,"Actual Startup Time": 0.053,"Actual Total Time": 0.059,"Actual Rows": 25,"Actual Loops": 4,"Workers": []}]}]}]}]}]},"Planning Time": 7.471,"Triggers": [],"Execution Time": 636.412}]
[{"Plan": {"Node Type": "Sort","Parallel Aware": false,"Async Capable": false,"Startup Cost": 130975.09,"Total Cost": 131116.14,"Plan Rows": 56420,"Plan Width": 280,"Actual Startup Time": 559.129,"Actual Total Time": 601.162,"Actual Rows": 37859,"Actual Loops": 1,"Sort Key": ["(sum((lineitem.l_extendedprice * ('1'::numeric - lineitem.l_discount)))) DESC"],"Sort Method": "quicksort","Sort Space Used": 9818,"Sort Space Type": "Memory","Plans": [{"Node Type": "Aggregate","Strategy": "Hashed","Partial Mode": "Simple","Parent Relationship": "Outer","Parallel Aware": false,"Async Capable": false,"Startup Cost": 125817.20,"Total Cost": 126522.45,"Plan Rows": 56420,"Plan Width": 280,"Actual Startup Time": 383.531,"Actual Total Time": 530.212,"Actual Rows": 37859,"Actual Loops": 1,"Group Key": ["customer.c_custkey", "nation.n_name"],"Planned Partitions": 0,"HashAgg Batches": 1,"Peak Memory Usage": 26129,"Disk Usage": 0,"Plans": [{"Node Type": "Gather","Parent Relationship": "Outer","Parallel Aware": false,"Async Capable": false,"Startup Cost": 6784.95,"Total Cost": 125111.95,"Plan Rows": 56420,"Plan Width": 260,"Actual Startup Time": 70.081,"Actual Total Time": 265.015,"Actual Rows": 114028,"Actual Loops": 1,"Workers Planned": 3,"Workers Launched": 3,"Single Copy": false,"Plans": [{"Node Type": "Hash Join","Parent Relationship": "Outer","Parallel Aware": false,"Async Capable": false,"Join Type": "Inner","Startup Cost": 5784.95,"Total Cost": 118469.95,"Plan Rows": 18200,"Plan Width": 260,"Actual Startup Time": 62.841,"Actual Total Time": 330.296,"Actual Rows": 28507,"Actual Loops": 4,"Inner Unique": true,"Hash Cond": "(customer.c_nationkey = nation.n_nationkey)","Workers": [],"Plans": [{"Node Type": "Hash Join","Parent Relationship": "Outer","Parallel Aware": true,"Async Capable": false,"Join Type": "Inner","Startup Cost": 5783.38,"Total Cost": 118412.51,"Plan Rows": 18200,"Plan Width": 160,"Actual Startup Time": 62.430,"Actual Total Time": 322.490,"Actual Rows": 28507,"Actual Loops": 4,"Inner Unique": true,"Hash Cond": "(orders.o_custkey = customer.c_custkey)","Workers": [],"Plans": [{"Node Type": "Nested Loop","Parent Relationship": "Outer","Parallel Aware": false,"Async Capable": false,"Join Type": "Inner","Startup Cost": 792.13,"Total Cost": 113373.49,"Plan Rows": 18200,"Plan Width": 16,"Actual Startup Time": 13.021,"Actual Total Time": 238.266,"Actual Rows": 28507,"Actual Loops": 4,"Inner Unique": false,"Workers": [],"Plans": [{"Node Type": "Bitmap Heap Scan","Parent Relationship": "Outer","Parallel Aware": true,"Async Capable": false,"Relation Name": "orders","Alias": "orders","Startup Cost": 791.70,"Total Cost": 27163.94,"Plan Rows": 18482,"Plan Width": 8,"Actual Startup Time": 12.954,"Actual Total Time": 66.534,"Actual Rows": 14234,"Actual Loops": 4,"Recheck Cond": "((o_orderdate >= '1993-03-01'::date) AND (o_orderdate < '1993-06-01 00:00:00'::timestamp without time zone))","Rows Removed by Index Recheck": 0,"Exact Heap Blocks": 3517,"Lossy Heap Blocks": 0,"Workers": [],"Plans": [{"Node Type": "Bitmap Index Scan","Parent Relationship": "Outer","Parallel Aware": false,"Async Capable": false,"Index Name": "idx_orders_orderdate","Startup Cost": 0.00,"Total Cost": 777.38,"Plan Rows": 57295,"Plan Width": 0,"Actual Startup Time": 9.836,"Actual Total Time": 9.842,"Actual Rows": 56934,"Actual Loops": 1,"Index Cond": "((o_orderdate >= '1993-03-01'::date) AND (o_orderdate < '1993-06-01 00:00:00'::timestamp without time zone))","Workers": []}]},{"Node Type": "Index Scan","Parent Relationship": "Inner","Parallel Aware": false,"Async Capable": false,"Scan Direction": "Forward","Index Name": "idx_lineitem_orderkey","Relation Name": "lineitem","Alias": "lineitem","Startup Cost": 0.43,"Total Cost": 4.62,"Plan Rows": 4,"Plan Width": 16,"Actual Startup Time": 0.010,"Actual Total Time": 0.012,"Actual Rows": 2,"Actual Loops": 56934,"Index Cond": "(l_orderkey = orders.o_orderkey)","Rows Removed by Index Recheck": 0,"Filter": "(l_returnflag = 'R'::bpchar)","Rows Removed by Filter": 2,"Workers": []}]},{"Node Type": "Hash","Parent Relationship": "Inner","Parallel Aware": true,"Async Capable": false,"Startup Cost": 4210.00,"Total Cost": 4210.00,"Plan Rows": 62500,"Plan Width": 148,"Actual Startup Time": 48.797,"Actual Total Time": 48.806,"Actual Rows": 37500,"Actual Loops": 4,"Hash Buckets": 262144,"Original Hash Buckets": 262144,"Hash Batches": 1,"Original Hash Batches": 1,"Peak Memory Usage": 29344,"Workers": [],"Plans": [{"Node Type": "Seq Scan","Parent Relationship": "Outer","Parallel Aware": true,"Async Capable": false,"Relation Name": "customer","Alias": "customer","Startup Cost": 0.00,"Total Cost": 4210.00,"Plan Rows": 62500,"Plan Width": 148,"Actual Startup Time": 0.027,"Actual Total Time": 20.617,"Actual Rows": 37500,"Actual Loops": 4,"Workers": []}]}]},{"Node Type": "Hash","Parent Relationship": "Inner","Parallel Aware": false,"Async Capable": false,"Startup Cost": 1.25,"Total Cost": 1.25,"Plan Rows": 25,"Plan Width": 108,"Actual Startup Time": 0.102,"Actual Total Time": 0.108,"Actual Rows": 25,"Actual Loops": 4,"Hash Buckets": 1024,"Original Hash Buckets": 1024,"Hash Batches": 1,"Original Hash Batches": 1,"Peak Memory Usage": 10,"Workers": [],"Plans": [{"Node Type": "Seq Scan","Parent Relationship": "Outer","Parallel Aware": false,"Async Capable": false,"Relation Name": "nation","Alias": "nation","Startup Cost": 0.00,"Total Cost": 1.25,"Plan Rows": 25,"Plan Width": 108,"Actual Startup Time": 0.068,"Actual Total Time": 0.076,"Actual Rows": 25,"Actual Loops": 4,"Workers": []}]}]}]}]}]},"Planning Time": 7.017,"Triggers": [],"Execution Time": 606.974}]
[{"Plan": {"Node Type": "Sort","Parallel Aware": false,"Async Capable": false,"Startup Cost": 132582.38,"Total Cost": 132726.46,"Plan Rows": 57631,"Plan Width": 280,"Actual Startup Time": 594.605,"Actual Total Time": 635.479,"Actual Rows": 38076,"Actual Loops": 1,"Sort Key": ["(sum((lineitem.l_extendedprice * ('1'::numeric - lineitem.l_discount)))) DESC"],"Sort Method": "quicksort","Sort Space Used": 9866,"Sort Space Type": "Memory","Plans": [{"Node Type": "Aggregate","Strategy": "Hashed","Partial Mode": "Simple","Parent Relationship": "Outer","Parallel Aware": false,"Async Capable": false,"Startup Cost": 127304.95,"Total Cost": 128025.33,"Plan Rows": 57631,"Plan Width": 280,"Actual Startup Time": 413.856,"Actual Total Time": 559.474,"Actual Rows": 38076,"Actual Loops": 1,"Group Key": ["customer.c_custkey", "nation.n_name"],"Planned Partitions": 0,"HashAgg Batches": 1,"Peak Memory Usage": 26129,"Disk Usage": 0,"Plans": [{"Node Type": "Gather","Parent Relationship": "Outer","Parallel Aware": false,"Async Capable": false,"Startup Cost": 6801.55,"Total Cost": 126584.56,"Plan Rows": 57631,"Plan Width": 260,"Actual Startup Time": 77.339,"Actual Total Time": 288.422,"Actual Rows": 114347,"Actual Loops": 1,"Workers Planned": 3,"Workers Launched": 3,"Single Copy": false,"Plans": [{"Node Type": "Hash Join","Parent Relationship": "Outer","Parallel Aware": false,"Async Capable": false,"Join Type": "Inner","Startup Cost": 5801.55,"Total Cost": 119821.46,"Plan Rows": 18591,"Plan Width": 260,"Actual Startup Time": 69.518,"Actual Total Time": 357.514,"Actual Rows": 28587,"Actual Loops": 4,"Inner Unique": true,"Hash Cond": "(customer.c_nationkey = nation.n_nationkey)","Workers": [],"Plans": [{"Node Type": "Hash Join","Parent Relationship": "Outer","Parallel Aware": true,"Async Capable": false,"Join Type": "Inner","Startup Cost": 5799.99,"Total Cost": 119762.82,"Plan Rows": 18591,"Plan Width": 160,"Actual Startup Time": 69.031,"Actual Total Time": 348.106,"Actual Rows": 28587,"Actual Loops": 4,"Inner Unique": true,"Hash Cond": "(orders.o_custkey = customer.c_custkey)","Workers": [],"Plans": [{"Node Type": "Nested Loop","Parent Relationship": "Outer","Parallel Aware": false,"Async Capable": false,"Join Type": "Inner","Startup Cost": 808.74,"Total Cost": 114722.77,"Plan Rows": 18591,"Plan Width": 16,"Actual Startup Time": 13.204,"Actual Total Time": 250.327,"Actual Rows": 28587,"Actual Loops": 4,"Inner Unique": false,"Workers": [],"Plans": [{"Node Type": "Bitmap Heap Scan","Parent Relationship": "Outer","Parallel Aware": true,"Async Capable": false,"Relation Name": "orders","Alias": "orders","Startup Cost": 808.31,"Total Cost": 27186.49,"Plan Rows": 18879,"Plan Width": 8,"Actual Startup Time": 13.115,"Actual Total Time": 71.395,"Actual Rows": 14278,"Actual Loops": 4,"Recheck Cond": "((o_orderdate >= '1994-08-01'::date) AND (o_orderdate < '1994-11-01 00:00:00'::timestamp without time zone))","Rows Removed by Index Recheck": 0,"Exact Heap Blocks": 3565,"Lossy Heap Blocks": 0,"Workers": [],"Plans": [{"Node Type": "Bitmap Index Scan","Parent Relationship": "Outer","Parallel Aware": false,"Async Capable": false,"Index Name": "idx_orders_orderdate","Startup Cost": 0.00,"Total Cost": 793.68,"Plan Rows": 58525,"Plan Width": 0,"Actual Startup Time": 9.999,"Actual Total Time": 10.002,"Actual Rows": 57111,"Actual Loops": 1,"Index Cond": "((o_orderdate >= '1994-08-01'::date) AND (o_orderdate < '1994-11-01 00:00:00'::timestamp without time zone))","Workers": []}]},{"Node Type": "Index Scan","Parent Relationship": "Inner","Parallel Aware": false,"Async Capable": false,"Scan Direction": "Forward","Index Name": "idx_lineitem_orderkey","Relation Name": "lineitem","Alias": "lineitem","Startup Cost": 0.43,"Total Cost": 4.60,"Plan Rows": 4,"Plan Width": 16,"Actual Startup Time": 0.010,"Actual Total Time": 0.012,"Actual Rows": 2,"Actual Loops": 57111,"Index Cond": "(l_orderkey = orders.o_orderkey)","Rows Removed by Index Recheck": 0,"Filter": "(l_returnflag = 'R'::bpchar)","Rows Removed by Filter": 2,"Workers": []}]},{"Node Type": "Hash","Parent Relationship": "Inner","Parallel Aware": true,"Async Capable": false,"Startup Cost": 4210.00,"Total Cost": 4210.00,"Plan Rows": 62500,"Plan Width": 148,"Actual Startup Time": 55.208,"Actual Total Time": 55.214,"Actual Rows": 37500,"Actual Loops": 4,"Hash Buckets": 262144,"Original Hash Buckets": 262144,"Hash Batches": 1,"Original Hash Batches": 1,"Peak Memory Usage": 29312,"Workers": [],"Plans": [{"Node Type": "Seq Scan","Parent Relationship": "Outer","Parallel Aware": true,"Async Capable": false,"Relation Name": "customer","Alias": "customer","Startup Cost": 0.00,"Total Cost": 4210.00,"Plan Rows": 62500,"Plan Width": 148,"Actual Startup Time": 0.029,"Actual Total Time": 24.765,"Actual Rows": 37500,"Actual Loops": 4,"Workers": []}]}]},{"Node Type": "Hash","Parent Relationship": "Inner","Parallel Aware": false,"Async Capable": false,"Startup Cost": 1.25,"Total Cost": 1.25,"Plan Rows": 25,"Plan Width": 108,"Actual Startup Time": 0.096,"Actual Total Time": 0.101,"Actual Rows": 25,"Actual Loops": 4,"Hash Buckets": 1024,"Original Hash Buckets": 1024,"Hash Batches": 1,"Original Hash Batches": 1,"Peak Memory Usage": 10,"Workers": [],"Plans": [{"Node Type": "Seq Scan","Parent Relationship": "Outer","Parallel Aware": false,"Async Capable": false,"Relation Name": "nation","Alias": "nation","Startup Cost": 0.00,"Total Cost": 1.25,"Plan Rows": 25,"Plan Width": 108,"Actual Startup Time": 0.058,"Actual Total Time": 0.064,"Actual Rows": 25,"Actual Loops": 4,"Workers": []}]}]}]}]}]},"Planning Time": 6.903,"Triggers": [],"Execution Time": 641.389}]
[{"Plan": {"Node Type": "Sort","Parallel Aware": false,"Async Capable": false,"Startup Cost": 131080.21,"Total Cost": 131221.46,"Plan Rows": 56499,"Plan Width": 280,"Actual Startup Time": 605.493,"Actual Total Time": 645.716,"Actual Rows": 37967,"Actual Loops": 1,"Sort Key": ["(sum((lineitem.l_extendedprice * ('1'::numeric - lineitem.l_discount)))) DESC"],"Sort Method": "quicksort","Sort Space Used": 9838,"Sort Space Type": "Memory","Plans": [{"Node Type": "Aggregate","Strategy": "Hashed","Partial Mode": "Simple","Parent Relationship": "Outer","Parallel Aware": false,"Async Capable": false,"Startup Cost": 125914.53,"Total Cost": 126620.77,"Plan Rows": 56499,"Plan Width": 280,"Actual Startup Time": 424.904,"Actual Total Time": 572.991,"Actual Rows": 37967,"Actual Loops": 1,"Group Key": ["customer.c_custkey", "nation.n_name"],"Planned Partitions": 0,"HashAgg Batches": 1,"Peak Memory Usage": 26129,"Disk Usage": 0,"Plans": [{"Node Type": "Gather","Parent Relationship": "Outer","Parallel Aware": false,"Async Capable": false,"Startup Cost": 6785.77,"Total Cost": 125208.29,"Plan Rows": 56499,"Plan Width": 260,"Actual Startup Time": 85.491,"Actual Total Time": 295.043,"Actual Rows": 114705,"Actual Loops": 1,"Workers Planned": 3,"Workers Launched": 3,"Single Copy": false,"Plans": [{"Node Type": "Hash Join","Parent Relationship": "Outer","Parallel Aware": false,"Async Capable": false,"Join Type": "Inner","Startup Cost": 5785.77,"Total Cost": 118558.39,"Plan Rows": 18225,"Plan Width": 260,"Actual Startup Time": 77.990,"Actual Total Time": 369.128,"Actual Rows": 28676,"Actual Loops": 4,"Inner Unique": true,"Hash Cond": "(customer.c_nationkey = nation.n_nationkey)","Workers": [],"Plans": [{"Node Type": "Hash Join","Parent Relationship": "Outer","Parallel Aware": true,"Async Capable": false,"Join Type": "Inner","Startup Cost": 5784.20,"Total Cost": 118500.88,"Plan Rows": 18225,"Plan Width": 160,"Actual Startup Time": 77.566,"Actual Total Time": 359.708,"Actual Rows": 28676,"Actual Loops": 4,"Inner Unique": true,"Hash Cond": "(orders.o_custkey = customer.c_custkey)","Workers": [],"Plans": [{"Node Type": "Nested Loop","Parent Relationship": "Outer","Parallel Aware": false,"Async Capable": false,"Join Type": "Inner","Startup Cost": 792.95,"Total Cost": 113461.79,"Plan Rows": 18225,"Plan Width": 16,"Actual Startup Time": 13.246,"Actual Total Time": 255.571,"Actual Rows": 28676,"Actual Loops": 4,"Inner Unique": false,"Workers": [],"Plans": [{"Node Type": "Bitmap Heap Scan","Parent Relationship": "Outer","Parallel Aware": true,"Async Capable": false,"Relation Name": "orders","Alias": "orders","Startup Cost": 792.52,"Total Cost": 27165.14,"Plan Rows": 18508,"Plan Width": 8,"Actual Startup Time": 13.160,"Actual Total Time": 71.475,"Actual Rows": 14267,"Actual Loops": 4,"Recheck Cond": "((o_orderdate >= '1993-10-01'::date) AND (o_orderdate < '1994-01-01 00:00:00'::timestamp without time zone))","Rows Removed by Index Recheck": 0,"Exact Heap Blocks": 3708,"Lossy Heap Blocks": 0,"Workers": [],"Plans": [{"Node Type": "Bitmap Index Scan","Parent Relationship": "Outer","Parallel Aware": false,"Async Capable": false,"Index Name": "idx_orders_orderdate","Startup Cost": 0.00,"Total Cost": 778.18,"Plan Rows": 57375,"Plan Width": 0,"Actual Startup Time": 10.062,"Actual Total Time": 10.069,"Actual Rows": 57069,"Actual Loops": 1,"Index Cond": "((o_orderdate >= '1993-10-01'::date) AND (o_orderdate < '1994-01-01 00:00:00'::timestamp without time zone))","Workers": []}]},{"Node Type": "Index Scan","Parent Relationship": "Inner","Parallel Aware": false,"Async Capable": false,"Scan Direction": "Forward","Index Name": "idx_lineitem_orderkey","Relation Name": "lineitem","Alias": "lineitem","Startup Cost": 0.43,"Total Cost": 4.62,"Plan Rows": 4,"Plan Width": 16,"Actual Startup Time": 0.011,"Actual Total Time": 0.013,"Actual Rows": 2,"Actual Loops": 57069,"Index Cond": "(l_orderkey = orders.o_orderkey)","Rows Removed by Index Recheck": 0,"Filter": "(l_returnflag = 'R'::bpchar)","Rows Removed by Filter": 2,"Workers": []}]},{"Node Type": "Hash","Parent Relationship": "Inner","Parallel Aware": true,"Async Capable": false,"Startup Cost": 4210.00,"Total Cost": 4210.00,"Plan Rows": 62500,"Plan Width": 148,"Actual Startup Time": 63.688,"Actual Total Time": 63.696,"Actual Rows": 37500,"Actual Loops": 4,"Hash Buckets": 262144,"Original Hash Buckets": 262144,"Hash Batches": 1,"Original Hash Batches": 1,"Peak Memory Usage": 29312,"Workers": [],"Plans": [{"Node Type": "Seq Scan","Parent Relationship": "Outer","Parallel Aware": true,"Async Capable": false,"Relation Name": "customer","Alias": "customer","Startup Cost": 0.00,"Total Cost": 4210.00,"Plan Rows": 62500,"Plan Width": 148,"Actual Startup Time": 0.034,"Actual Total Time": 28.900,"Actual Rows": 37500,"Actual Loops": 4,"Workers": []}]}]},{"Node Type": "Hash","Parent Relationship": "Inner","Parallel Aware": false,"Async Capable": false,"Startup Cost": 1.25,"Total Cost": 1.25,"Plan Rows": 25,"Plan Width": 108,"Actual Startup Time": 0.102,"Actual Total Time": 0.107,"Actual Rows": 25,"Actual Loops": 4,"Hash Buckets": 1024,"Original Hash Buckets": 1024,"Hash Batches": 1,"Original Hash Batches": 1,"Peak Memory Usage": 10,"Workers": [],"Plans": [{"Node Type": "Seq Scan","Parent Relationship": "Outer","Parallel Aware": false,"Async Capable": false,"Relation Name": "nation","Alias": "nation","Startup Cost": 0.00,"Total Cost": 1.25,"Plan Rows": 25,"Plan Width": 108,"Actual Startup Time": 0.070,"Actual Total Time": 0.076,"Actual Rows": 25,"Actual Loops": 4,"Workers": []}]}]}]}]}]},"Planning Time": 6.575,"Triggers": [],"Execution Time": 649.944}]
[{"Plan": {"Node Type": "Sort","Parallel Aware": false,"Async Capable": false,"Startup Cost": 129285.16,"Total Cost": 129423.04,"Plan Rows": 55152,"Plan Width": 280,"Actual Startup Time": 594.195,"Actual Total Time": 635.058,"Actual Rows": 37857,"Actual Loops": 1,"Sort Key": ["(sum((lineitem.l_extendedprice * ('1'::numeric - lineitem.l_discount)))) DESC"],"Sort Method": "quicksort","Sort Space Used": 9823,"Sort Space Type": "Memory","Plans": [{"Node Type": "Aggregate","Strategy": "Hashed","Partial Mode": "Simple","Parent Relationship": "Outer","Parallel Aware": false,"Async Capable": false,"Startup Cost": 124252.23,"Total Cost": 124941.63,"Plan Rows": 55152,"Plan Width": 280,"Actual Startup Time": 414.188,"Actual Total Time": 557.916,"Actual Rows": 37857,"Actual Loops": 1,"Group Key": ["customer.c_custkey", "nation.n_name"],"Planned Partitions": 0,"HashAgg Batches": 1,"Peak Memory Usage": 26129,"Disk Usage": 0,"Plans": [{"Node Type": "Gather","Parent Relationship": "Outer","Parallel Aware": false,"Async Capable": false,"Startup Cost": 6767.74,"Total Cost": 123562.83,"Plan Rows": 55152,"Plan Width": 260,"Actual Startup Time": 77.793,"Actual Total Time": 289.359,"Actual Rows": 114326,"Actual Loops": 1,"Workers Planned": 3,"Workers Launched": 3,"Single Copy": false,"Plans": [{"Node Type": "Hash Join","Parent Relationship": "Outer","Parallel Aware": false,"Async Capable": false,"Join Type": "Inner","Startup Cost": 5767.74,"Total Cost": 117047.63,"Plan Rows": 17791,"Plan Width": 260,"Actual Startup Time": 70.168,"Actual Total Time": 358.948,"Actual Rows": 28582,"Actual Loops": 4,"Inner Unique": true,"Hash Cond": "(customer.c_nationkey = nation.n_nationkey)","Workers": [],"Plans": [{"Node Type": "Hash Join","Parent Relationship": "Outer","Parallel Aware": true,"Async Capable": false,"Join Type": "Inner","Startup Cost": 5766.18,"Total Cost": 116991.45,"Plan Rows": 17791,"Plan Width": 160,"Actual Startup Time": 69.698,"Actual Total Time": 349.487,"Actual Rows": 28582,"Actual Loops": 4,"Inner Unique": true,"Hash Cond": "(orders.o_custkey = customer.c_custkey)","Workers": [],"Plans": [{"Node Type": "Nested Loop","Parent Relationship": "Outer","Parallel Aware": false,"Async Capable": false,"Join Type": "Inner","Startup Cost": 774.93,"Total Cost": 111953.49,"Plan Rows": 17791,"Plan Width": 16,"Actual Startup Time": 12.978,"Actual Total Time": 249.911,"Actual Rows": 28582,"Actual Loops": 4,"Inner Unique": false,"Workers": [],"Plans": [{"Node Type": "Bitmap Heap Scan","Parent Relationship": "Outer","Parallel Aware": true,"Async Capable": false,"Relation Name": "orders","Alias": "orders","Startup Cost": 774.50,"Total Cost": 27140.50,"Plan Rows": 18067,"Plan Width": 8,"Actual Startup Time": 12.915,"Actual Total Time": 70.510,"Actual Rows": 14320,"Actual Loops": 4,"Recheck Cond": "((o_orderdate >= '1993-06-01'::date) AND (o_orderdate < '1993-09-01 00:00:00'::timestamp without time zone))","Rows Removed by Index Recheck": 0,"Exact Heap Blocks": 3550,"Lossy Heap Blocks": 0,"Workers": [],"Plans": [{"Node Type": "Bitmap Index Scan","Parent Relationship": "Outer","Parallel Aware": false,"Async Capable": false,"Index Name": "idx_orders_orderdate","Startup Cost": 0.00,"Total Cost": 760.50,"Plan Rows": 56007,"Plan Width": 0,"Actual Startup Time": 9.843,"Actual Total Time": 9.846,"Actual Rows": 57280,"Actual Loops": 1,"Index Cond": "((o_orderdate >= '1993-06-01'::date) AND (o_orderdate < '1993-09-01 00:00:00'::timestamp without time zone))","Workers": []}]},{"Node Type": "Index Scan","Parent Relationship": "Inner","Parallel Aware": false,"Async Capable": false,"Scan Direction": "Forward","Index Name": "idx_lineitem_orderkey","Relation Name": "lineitem","Alias": "lineitem","Startup Cost": 0.43,"Total Cost": 4.65,"Plan Rows": 4,"Plan Width": 16,"Actual Startup Time": 0.010,"Actual Total Time": 0.012,"Actual Rows": 2,"Actual Loops": 57280,"Index Cond": "(l_orderkey = orders.o_orderkey)","Rows Removed by Index Recheck": 0,"Filter": "(l_returnflag = 'R'::bpchar)","Rows Removed by Filter": 2,"Workers": []}]},{"Node Type": "Hash","Parent Relationship": "Inner","Parallel Aware": true,"Async Capable": false,"Startup Cost": 4210.00,"Total Cost": 4210.00,"Plan Rows": 62500,"Plan Width": 148,"Actual Startup Time": 56.151,"Actual Total Time": 56.157,"Actual Rows": 37500,"Actual Loops": 4,"Hash Buckets": 262144,"Original Hash Buckets": 262144,"Hash Batches": 1,"Original Hash Batches": 1,"Peak Memory Usage": 29312,"Workers": [],"Plans": [{"Node Type": "Seq Scan","Parent Relationship": "Outer","Parallel Aware": true,"Async Capable": false,"Relation Name": "customer","Alias": "customer","Startup Cost": 0.00,"Total Cost": 4210.00,"Plan Rows": 62500,"Plan Width": 148,"Actual Startup Time": 0.028,"Actual Total Time": 26.217,"Actual Rows": 37500,"Actual Loops": 4,"Workers": []}]}]},{"Node Type": "Hash","Parent Relationship": "Inner","Parallel Aware": false,"Async Capable": false,"Startup Cost": 1.25,"Total Cost": 1.25,"Plan Rows": 25,"Plan Width": 108,"Actual Startup Time": 0.109,"Actual Total Time": 0.115,"Actual Rows": 25,"Actual Loops": 4,"Hash Buckets": 1024,"Original Hash Buckets": 1024,"Hash Batches": 1,"Original Hash Batches": 1,"Peak Memory Usage": 10,"Workers": [],"Plans": [{"Node Type": "Seq Scan","Parent Relationship": "Outer","Parallel Aware": false,"Async Capable": false,"Relation Name": "nation","Alias": "nation","Startup Cost": 0.00,"Total Cost": 1.25,"Plan Rows": 25,"Plan Width": 108,"Actual Startup Time": 0.076,"Actual Total Time": 0.083,"Actual Rows": 25,"Actual Loops": 4,"Workers": []}]}]}]}]}]},"Planning Time": 6.852,"Triggers": [],"Execution Time": 641.259}]
[{"Plan": {"Node Type": "Sort","Parallel Aware": false,"Async Capable": false,"Startup Cost": 131330.41,"Total Cost": 131472.12,"Plan Rows": 56686,"Plan Width": 280,"Actual Startup Time": 587.483,"Actual Total Time": 628.086,"Actual Rows": 37925,"Actual Loops": 1,"Sort Key": ["(sum((lineitem.l_extendedprice * ('1'::numeric - lineitem.l_discount)))) DESC"],"Sort Method": "quicksort","Sort Space Used": 9832,"Sort Space Type": "Memory","Plans": [{"Node Type": "Aggregate","Strategy": "Hashed","Partial Mode": "Simple","Parent Relationship": "Outer","Parallel Aware": false,"Async Capable": false,"Startup Cost": 126146.27,"Total Cost": 126854.85,"Plan Rows": 56686,"Plan Width": 280,"Actual Startup Time": 410.388,"Actual Total Time": 556.054,"Actual Rows": 37925,"Actual Loops": 1,"Group Key": ["customer.c_custkey", "nation.n_name"],"Planned Partitions": 0,"HashAgg Batches": 1,"Peak Memory Usage": 26129,"Disk Usage": 0,"Plans": [{"Node Type": "Gather","Parent Relationship": "Outer","Parallel Aware": false,"Async Capable": false,"Startup Cost": 6791.71,"Total Cost": 125437.70,"Plan Rows": 56686,"Plan Width": 260,"Actual Startup Time": 76.070,"Actual Total Time": 284.431,"Actual Rows": 114550,"Actual Loops": 1,"Workers Planned": 3,"Workers Launched": 3,"Single Copy": false,"Plans": [{"Node Type": "Hash Join","Parent Relationship": "Outer","Parallel Aware": false,"Async Capable": false,"Join Type": "Inner","Startup Cost": 5791.71,"Total Cost": 118769.10,"Plan Rows": 18286,"Plan Width": 260,"Actual Startup Time": 68.409,"Actual Total Time": 355.040,"Actual Rows": 28638,"Actual Loops": 4,"Inner Unique": true,"Hash Cond": "(customer.c_nationkey = nation.n_nationkey)","Workers": [],"Plans": [{"Node Type": "Hash Join","Parent Relationship": "Outer","Parallel Aware": true,"Async Capable": false,"Join Type": "Inner","Startup Cost": 5790.15,"Total Cost": 118711.40,"Plan Rows": 18286,"Plan Width": 160,"Actual Startup Time": 67.911,"Actual Total Time": 346.301,"Actual Rows": 28638,"Actual Loops": 4,"Inner Unique": true,"Hash Cond": "(orders.o_custkey = customer.c_custkey)","Workers": [],"Plans": [{"Node Type": "Nested Loop","Parent Relationship": "Outer","Parallel Aware": false,"Async Capable": false,"Join Type": "Inner","Startup Cost": 798.90,"Total Cost": 113672.15,"Plan Rows": 18286,"Plan Width": 16,"Actual Startup Time": 13.342,"Actual Total Time": 249.825,"Actual Rows": 28638,"Actual Loops": 4,"Inner Unique": false,"Workers": [],"Plans": [{"Node Type": "Bitmap Heap Scan","Parent Relationship": "Outer","Parallel Aware": true,"Async Capable": false,"Relation Name": "orders","Alias": "orders","Startup Cost": 798.47,"Total Cost": 27172.01,"Plan Rows": 18569,"Plan Width": 8,"Actual Startup Time": 13.275,"Actual Total Time": 71.340,"Actual Rows": 14284,"Actual Loops": 4,"Recheck Cond": "((o_orderdate >= '1993-08-01'::date) AND (o_orderdate < '1993-11-01 00:00:00'::timestamp without time zone))","Rows Removed by Index Recheck": 0,"Exact Heap Blocks": 3594,"Lossy Heap Blocks": 0,"Workers": [],"Plans": [{"Node Type": "Bitmap Index Scan","Parent Relationship": "Outer","Parallel Aware": false,"Async Capable": false,"Index Name": "idx_orders_orderdate","Startup Cost": 0.00,"Total Cost": 784.08,"Plan Rows": 57565,"Plan Width": 0,"Actual Startup Time": 10.135,"Actual Total Time": 10.136,"Actual Rows": 57138,"Actual Loops": 1,"Index Cond": "((o_orderdate >= '1993-08-01'::date) AND (o_orderdate < '1993-11-01 00:00:00'::timestamp without time zone))","Workers": []}]},{"Node Type": "Index Scan","Parent Relationship": "Inner","Parallel Aware": false,"Async Capable": false,"Scan Direction": "Forward","Index Name": "idx_lineitem_orderkey","Relation Name": "lineitem","Alias": "lineitem","Startup Cost": 0.43,"Total Cost": 4.62,"Plan Rows": 4,"Plan Width": 16,"Actual Startup Time": 0.010,"Actual Total Time": 0.012,"Actual Rows": 2,"Actual Loops": 57138,"Index Cond": "(l_orderkey = orders.o_orderkey)","Rows Removed by Index Recheck": 0,"Filter": "(l_returnflag = 'R'::bpchar)","Rows Removed by Filter": 2,"Workers": []}]},{"Node Type": "Hash","Parent Relationship": "Inner","Parallel Aware": true,"Async Capable": false,"Startup Cost": 4210.00,"Total Cost": 4210.00,"Plan Rows": 62500,"Plan Width": 148,"Actual Startup Time": 53.968,"Actual Total Time": 53.976,"Actual Rows": 37500,"Actual Loops": 4,"Hash Buckets": 262144,"Original Hash Buckets": 262144,"Hash Batches": 1,"Original Hash Batches": 1,"Peak Memory Usage": 29344,"Workers": [],"Plans": [{"Node Type": "Seq Scan","Parent Relationship": "Outer","Parallel Aware": true,"Async Capable": false,"Relation Name": "customer","Alias": "customer","Startup Cost": 0.00,"Total Cost": 4210.00,"Plan Rows": 62500,"Plan Width": 148,"Actual Startup Time": 0.023,"Actual Total Time": 24.403,"Actual Rows": 37500,"Actual Loops": 4,"Workers": []}]}]},{"Node Type": "Hash","Parent Relationship": "Inner","Parallel Aware": false,"Async Capable": false,"Startup Cost": 1.25,"Total Cost": 1.25,"Plan Rows": 25,"Plan Width": 108,"Actual Startup Time": 0.099,"Actual Total Time": 0.106,"Actual Rows": 25,"Actual Loops": 4,"Hash Buckets": 1024,"Original Hash Buckets": 1024,"Hash Batches": 1,"Original Hash Batches": 1,"Peak Memory Usage": 10,"Workers": [],"Plans": [{"Node Type": "Seq Scan","Parent Relationship": "Outer","Parallel Aware": false,"Async Capable": false,"Relation Name": "nation","Alias": "nation","Startup Cost": 0.00,"Total Cost": 1.25,"Plan Rows": 25,"Plan Width": 108,"Actual Startup Time": 0.062,"Actual Total Time": 0.071,"Actual Rows": 25,"Actual Loops": 4,"Workers": []}]}]}]}]}]},"Planning Time": 6.540,"Triggers": [],"Execution Time": 634.012}]
[{"Plan": {"Node Type": "Sort","Parallel Aware": false,"Async Capable": false,"Startup Cost": 130809.03,"Total Cost": 130949.76,"Plan Rows": 56293,"Plan Width": 280,"Actual Startup Time": 582.640,"Actual Total Time": 623.609,"Actual Rows": 37618,"Actual Loops": 1,"Sort Key": ["(sum((lineitem.l_extendedprice * ('1'::numeric - lineitem.l_discount)))) DESC"],"Sort Method": "quicksort","Sort Space Used": 9764,"Sort Space Type": "Memory","Plans": [{"Node Type": "Aggregate","Strategy": "Hashed","Partial Mode": "Simple","Parent Relationship": "Outer","Parallel Aware": false,"Async Capable": false,"Startup Cost": 125663.66,"Total Cost": 126367.32,"Plan Rows": 56293,"Plan Width": 280,"Actual Startup Time": 404.905,"Actual Total Time": 550.580,"Actual Rows": 37618,"Actual Loops": 1,"Group Key": ["customer.c_custkey", "nation.n_name"],"Planned Partitions": 0,"HashAgg Batches": 1,"Peak Memory Usage": 26129,"Disk Usage": 0,"Plans": [{"Node Type": "Gather","Parent Relationship": "Outer","Parallel Aware": false,"Async Capable": false,"Startup Cost": 6783.62,"Total Cost": 124960.00,"Plan Rows": 56293,"Plan Width": 260,"Actual Startup Time": 77.508,"Actual Total Time": 283.856,"Actual Rows": 113037,"Actual Loops": 1,"Workers Planned": 3,"Workers Launched": 3,"Single Copy": false,"Plans": [{"Node Type": "Hash Join","Parent Relationship": "Outer","Parallel Aware": false,"Async Capable": false,"Join Type": "Inner","Startup Cost": 5783.62,"Total Cost": 118330.70,"Plan Rows": 18159,"Plan Width": 260,"Actual Startup Time": 69.943,"Actual Total Time": 350.172,"Actual Rows": 28259,"Actual Loops": 4,"Inner Unique": true,"Hash Cond": "(customer.c_nationkey = nation.n_nationkey)","Workers": [],"Plans": [{"Node Type": "Hash Join","Parent Relationship": "Outer","Parallel Aware": true,"Async Capable": false,"Join Type": "Inner","Startup Cost": 5782.06,"Total Cost": 118273.39,"Plan Rows": 18159,"Plan Width": 160,"Actual Startup Time": 69.505,"Actual Total Time": 341.161,"Actual Rows": 28259,"Actual Loops": 4,"Inner Unique": true,"Hash Cond": "(orders.o_custkey = customer.c_custkey)","Workers": [],"Plans": [{"Node Type": "Nested Loop","Parent Relationship": "Outer","Parallel Aware": false,"Async Capable": false,"Join Type": "Inner","Startup Cost": 790.81,"Total Cost": 113234.47,"Plan Rows": 18159,"Plan Width": 16,"Actual Startup Time": 13.628,"Actual Total Time": 244.904,"Actual Rows": 28259,"Actual Loops": 4,"Inner Unique": false,"Workers": [],"Plans": [{"Node Type": "Bitmap Heap Scan","Parent Relationship": "Outer","Parallel Aware": true,"Async Capable": false,"Relation Name": "orders","Alias": "orders","Startup Cost": 790.38,"Total Cost": 27161.99,"Plan Rows": 18441,"Plan Width": 8,"Actual Startup Time": 13.544,"Actual Total Time": 67.991,"Actual Rows": 14129,"Actual Loops": 4,"Recheck Cond": "((o_orderdate >= '1994-09-01'::date) AND (o_orderdate < '1994-12-01 00:00:00'::timestamp without time zone))","Rows Removed by Index Recheck": 0,"Exact Heap Blocks": 3515,"Lossy Heap Blocks": 0,"Workers": [],"Plans": [{"Node Type": "Bitmap Index Scan","Parent Relationship": "Outer","Parallel Aware": false,"Async Capable": false,"Index Name": "idx_orders_orderdate","Startup Cost": 0.00,"Total Cost": 776.09,"Plan Rows": 57166,"Plan Width": 0,"Actual Startup Time": 10.241,"Actual Total Time": 10.248,"Actual Rows": 56516,"Actual Loops": 1,"Index Cond": "((o_orderdate >= '1994-09-01'::date) AND (o_orderdate < '1994-12-01 00:00:00'::timestamp without time zone))","Workers": []}]},{"Node Type": "Index Scan","Parent Relationship": "Inner","Parallel Aware": false,"Async Capable": false,"Scan Direction": "Forward","Index Name": "idx_lineitem_orderkey","Relation Name": "lineitem","Alias": "lineitem","Startup Cost": 0.43,"Total Cost": 4.63,"Plan Rows": 4,"Plan Width": 16,"Actual Startup Time": 0.010,"Actual Total Time": 0.012,"Actual Rows": 2,"Actual Loops": 56516,"Index Cond": "(l_orderkey = orders.o_orderkey)","Rows Removed by Index Recheck": 0,"Filter": "(l_returnflag = 'R'::bpchar)","Rows Removed by Filter": 2,"Workers": []}]},{"Node Type": "Hash","Parent Relationship": "Inner","Parallel Aware": true,"Async Capable": false,"Startup Cost": 4210.00,"Total Cost": 4210.00,"Plan Rows": 62500,"Plan Width": 148,"Actual Startup Time": 55.246,"Actual Total Time": 55.254,"Actual Rows": 37500,"Actual Loops": 4,"Hash Buckets": 262144,"Original Hash Buckets": 262144,"Hash Batches": 1,"Original Hash Batches": 1,"Peak Memory Usage": 29280,"Workers": [],"Plans": [{"Node Type": "Seq Scan","Parent Relationship": "Outer","Parallel Aware": true,"Async Capable": false,"Relation Name": "customer","Alias": "customer","Startup Cost": 0.00,"Total Cost": 4210.00,"Plan Rows": 62500,"Plan Width": 148,"Actual Startup Time": 0.029,"Actual Total Time": 24.927,"Actual Rows": 37500,"Actual Loops": 4,"Workers": []}]}]},{"Node Type": "Hash","Parent Relationship": "Inner","Parallel Aware": false,"Async Capable": false,"Startup Cost": 1.25,"Total Cost": 1.25,"Plan Rows": 25,"Plan Width": 108,"Actual Startup Time": 0.092,"Actual Total Time": 0.096,"Actual Rows": 25,"Actual Loops": 4,"Hash Buckets": 1024,"Original Hash Buckets": 1024,"Hash Batches": 1,"Original Hash Batches": 1,"Peak Memory Usage": 10,"Workers": [],"Plans": [{"Node Type": "Seq Scan","Parent Relationship": "Outer","Parallel Aware": false,"Async Capable": false,"Relation Name": "nation","Alias": "nation","Startup Cost": 0.00,"Total Cost": 1.25,"Plan Rows": 25,"Plan Width": 108,"Actual Startup Time": 0.062,"Actual Total Time": 0.068,"Actual Rows": 25,"Actual Loops": 4,"Workers": []}]}]}]}]}]},"Planning Time": 5.868,"Triggers": [],"Execution Time": 629.137}]
[{"Plan": {"Node Type": "Sort","Parallel Aware": false,"Async Capable": false,"Startup Cost": 131436.35,"Total Cost": 131578.26,"Plan Rows": 56763,"Plan Width": 280,"Actual Startup Time": 596.282,"Actual Total Time": 636.846,"Actual Rows": 38114,"Actual Loops": 1,"Sort Key": ["(sum((lineitem.l_extendedprice * ('1'::numeric - lineitem.l_discount)))) DESC"],"Sort Method": "quicksort","Sort Space Used": 9872,"Sort Space Type": "Memory","Plans": [{"Node Type": "Aggregate","Strategy": "Hashed","Partial Mode": "Simple","Parent Relationship": "Outer","Parallel Aware": false,"Async Capable": false,"Startup Cost": 126244.62,"Total Cost": 126954.16,"Plan Rows": 56763,"Plan Width": 280,"Actual Startup Time": 413.428,"Actual Total Time": 560.180,"Actual Rows": 38114,"Actual Loops": 1,"Group Key": ["customer.c_custkey", "nation.n_name"],"Planned Partitions": 0,"HashAgg Batches": 1,"Peak Memory Usage": 26129,"Disk Usage": 0,"Plans": [{"Node Type": "Gather","Parent Relationship": "Outer","Parallel Aware": false,"Async Capable": false,"Startup Cost": 6792.51,"Total Cost": 125535.08,"Plan Rows": 56763,"Plan Width": 260,"Actual Startup Time": 80.448,"Actual Total Time": 288.766,"Actual Rows": 115292,"Actual Loops": 1,"Workers Planned": 3,"Workers Launched": 3,"Single Copy": false,"Plans": [{"Node Type": "Hash Join","Parent Relationship": "Outer","Parallel Aware": false,"Async Capable": false,"Join Type": "Inner","Startup Cost": 5792.51,"Total Cost": 118858.78,"Plan Rows": 18311,"Plan Width": 260,"Actual Startup Time": 72.950,"Actual Total Time": 358.700,"Actual Rows": 28823,"Actual Loops": 4,"Inner Unique": true,"Hash Cond": "(customer.c_nationkey = nation.n_nationkey)","Workers": [],"Plans": [{"Node Type": "Hash Join","Parent Relationship": "Outer","Parallel Aware": true,"Async Capable": false,"Join Type": "Inner","Startup Cost": 5790.95,"Total Cost": 118801.01,"Plan Rows": 18311,"Plan Width": 160,"Actual Startup Time": 72.543,"Actual Total Time": 350.000,"Actual Rows": 28823,"Actual Loops": 4,"Inner Unique": true,"Hash Cond": "(orders.o_custkey = customer.c_custkey)","Workers": [],"Plans": [{"Node Type": "Nested Loop","Parent Relationship": "Outer","Parallel Aware": false,"Async Capable": false,"Join Type": "Inner","Startup Cost": 799.70,"Total Cost": 113761.69,"Plan Rows": 18311,"Plan Width": 16,"Actual Startup Time": 13.260,"Actual Total Time": 248.922,"Actual Rows": 28823,"Actual Loops": 4,"Inner Unique": false,"Workers": [],"Plans": [{"Node Type": "Bitmap Heap Scan","Parent Relationship": "Outer","Parallel Aware": true,"Async Capable": false,"Relation Name": "orders","Alias": "orders","Startup Cost": 799.27,"Total Cost": 27173.19,"Plan Rows": 18595,"Plan Width": 8,"Actual Startup Time": 13.182,"Actual Total Time": 70.570,"Actual Rows": 14333,"Actual Loops": 4,"Recheck Cond": "((o_orderdate >= '1993-11-01'::date) AND (o_orderdate < '1994-02-01 00:00:00'::timestamp without time zone))","Rows Removed by Index Recheck": 0,"Exact Heap Blocks": 3544,"Lossy Heap Blocks": 0,"Workers": [],"Plans": [{"Node Type": "Bitmap Index Scan","Parent Relationship": "Outer","Parallel Aware": false,"Async Capable": false,"Index Name": "idx_orders_orderdate","Startup Cost": 0.00,"Total Cost": 784.86,"Plan Rows": 57643,"Plan Width": 0,"Actual Startup Time": 10.101,"Actual Total Time": 10.105,"Actual Rows": 57332,"Actual Loops": 1,"Index Cond": "((o_orderdate >= '1993-11-01'::date) AND (o_orderdate < '1994-02-01 00:00:00'::timestamp without time zone))","Workers": []}]},{"Node Type": "Index Scan","Parent Relationship": "Inner","Parallel Aware": false,"Async Capable": false,"Scan Direction": "Forward","Index Name": "idx_lineitem_orderkey","Relation Name": "lineitem","Alias": "lineitem","Startup Cost": 0.43,"Total Cost": 4.62,"Plan Rows": 4,"Plan Width": 16,"Actual Startup Time": 0.010,"Actual Total Time": 0.012,"Actual Rows": 2,"Actual Loops": 57332,"Index Cond": "(l_orderkey = orders.o_orderkey)","Rows Removed by Index Recheck": 0,"Filter": "(l_returnflag = 'R'::bpchar)","Rows Removed by Filter": 2,"Workers": []}]},{"Node Type": "Hash","Parent Relationship": "Inner","Parallel Aware": true,"Async Capable": false,"Startup Cost": 4210.00,"Total Cost": 4210.00,"Plan Rows": 62500,"Plan Width": 148,"Actual Startup Time": 58.656,"Actual Total Time": 58.664,"Actual Rows": 37500,"Actual Loops": 4,"Hash Buckets": 262144,"Original Hash Buckets": 262144,"Hash Batches": 1,"Original Hash Batches": 1,"Peak Memory Usage": 29312,"Workers": [],"Plans": [{"Node Type": "Seq Scan","Parent Relationship": "Outer","Parallel Aware": true,"Async Capable": false,"Relation Name": "customer","Alias": "customer","Startup Cost": 0.00,"Total Cost": 4210.00,"Plan Rows": 62500,"Plan Width": 148,"Actual Startup Time": 0.024,"Actual Total Time": 26.516,"Actual Rows": 37500,"Actual Loops": 4,"Workers": []}]}]},{"Node Type": "Hash","Parent Relationship": "Inner","Parallel Aware": false,"Async Capable": false,"Startup Cost": 1.25,"Total Cost": 1.25,"Plan Rows": 25,"Plan Width": 108,"Actual Startup Time": 0.099,"Actual Total Time": 0.104,"Actual Rows": 25,"Actual Loops": 4,"Hash Buckets": 1024,"Original Hash Buckets": 1024,"Hash Batches": 1,"Original Hash Batches": 1,"Peak Memory Usage": 10,"Workers": [],"Plans": [{"Node Type": "Seq Scan","Parent Relationship": "Outer","Parallel Aware": false,"Async Capable": false,"Relation Name": "nation","Alias": "nation","Startup Cost": 0.00,"Total Cost": 1.25,"Plan Rows": 25,"Plan Width": 108,"Actual Startup Time": 0.069,"Actual Total Time": 0.076,"Actual Rows": 25,"Actual Loops": 4,"Workers": []}]}]}]}]}]},"Planning Time": 7.017,"Triggers": [],"Execution Time": 642.875}]
[{"Plan": {"Node Type": "Sort","Parallel Aware": false,"Async Capable": false,"Startup Cost": 129285.16,"Total Cost": 129423.04,"Plan Rows": 55152,"Plan Width": 280,"Actual Startup Time": 594.195,"Actual Total Time": 635.058,"Actual Rows": 37857,"Actual Loops": 1,"Sort Key": ["(sum((lineitem.l_extendedprice * ('1'::numeric - lineitem.l_discount)))) DESC"],"Sort Method": "quicksort","Sort Space Used": 9823,"Sort Space Type": "Memory","Plans": [{"Node Type": "Aggregate","Strategy": "Hashed","Partial Mode": "Simple","Parent Relationship": "Outer","Parallel Aware": false,"Async Capable": false,"Startup Cost": 124252.23,"Total Cost": 124941.63,"Plan Rows": 55152,"Plan Width": 280,"Actual Startup Time": 414.188,"Actual Total Time": 557.916,"Actual Rows": 37857,"Actual Loops": 1,"Group Key": ["customer.c_custkey", "nation.n_name"],"Planned Partitions": 0,"HashAgg Batches": 1,"Peak Memory Usage": 26129,"Disk Usage": 0,"Plans": [{"Node Type": "Gather","Parent Relationship": "Outer","Parallel Aware": false,"Async Capable": false,"Startup Cost": 6767.74,"Total Cost": 123562.83,"Plan Rows": 55152,"Plan Width": 260,"Actual Startup Time": 77.793,"Actual Total Time": 289.359,"Actual Rows": 114326,"Actual Loops": 1,"Workers Planned": 3,"Workers Launched": 3,"Single Copy": false,"Plans": [{"Node Type": "Hash Join","Parent Relationship": "Outer","Parallel Aware": false,"Async Capable": false,"Join Type": "Inner","Startup Cost": 5767.74,"Total Cost": 117047.63,"Plan Rows": 17791,"Plan Width": 260,"Actual Startup Time": 70.168,"Actual Total Time": 358.948,"Actual Rows": 28582,"Actual Loops": 4,"Inner Unique": true,"Hash Cond": "(customer.c_nationkey = nation.n_nationkey)","Workers": [],"Plans": [{"Node Type": "Hash Join","Parent Relationship": "Outer","Parallel Aware": true,"Async Capable": false,"Join Type": "Inner","Startup Cost": 5766.18,"Total Cost": 116991.45,"Plan Rows": 17791,"Plan Width": 160,"Actual Startup Time": 69.698,"Actual Total Time": 349.487,"Actual Rows": 28582,"Actual Loops": 4,"Inner Unique": true,"Hash Cond": "(orders.o_custkey = customer.c_custkey)","Workers": [],"Plans": [{"Node Type": "Nested Loop","Parent Relationship": "Outer","Parallel Aware": false,"Async Capable": false,"Join Type": "Inner","Startup Cost": 774.93,"Total Cost": 111953.49,"Plan Rows": 17791,"Plan Width": 16,"Actual Startup Time": 12.978,"Actual Total Time": 249.911,"Actual Rows": 28582,"Actual Loops": 4,"Inner Unique": false,"Workers": [],"Plans": [{"Node Type": "Bitmap Heap Scan","Parent Relationship": "Outer","Parallel Aware": true,"Async Capable": false,"Relation Name": "orders","Alias": "orders","Startup Cost": 774.50,"Total Cost": 27140.50,"Plan Rows": 18067,"Plan Width": 8,"Actual Startup Time": 12.915,"Actual Total Time": 70.510,"Actual Rows": 14320,"Actual Loops": 4,"Recheck Cond": "((o_orderdate >= '1993-06-01'::date) AND (o_orderdate < '1993-09-01 00:00:00'::timestamp without time zone))","Rows Removed by Index Recheck": 0,"Exact Heap Blocks": 3550,"Lossy Heap Blocks": 0,"Workers": [],"Plans": [{"Node Type": "Bitmap Index Scan","Parent Relationship": "Outer","Parallel Aware": false,"Async Capable": false,"Index Name": "idx_orders_orderdate","Startup Cost": 0.00,"Total Cost": 760.50,"Plan Rows": 56007,"Plan Width": 0,"Actual Startup Time": 9.843,"Actual Total Time": 9.846,"Actual Rows": 57280,"Actual Loops": 1,"Index Cond": "((o_orderdate >= '1993-06-01'::date) AND (o_orderdate < '1993-09-01 00:00:00'::timestamp without time zone))","Workers": []}]},{"Node Type": "Index Scan","Parent Relationship": "Inner","Parallel Aware": false,"Async Capable": false,"Scan Direction": "Forward","Index Name": "idx_lineitem_orderkey","Relation Name": "lineitem","Alias": "lineitem","Startup Cost": 0.43,"Total Cost": 4.65,"Plan Rows": 4,"Plan Width": 16,"Actual Startup Time": 0.010,"Actual Total Time": 0.012,"Actual Rows": 2,"Actual Loops": 57280,"Index Cond": "(l_orderkey = orders.o_orderkey)","Rows Removed by Index Recheck": 0,"Filter": "(l_returnflag = 'R'::bpchar)","Rows Removed by Filter": 2,"Workers": []}]},{"Node Type": "Hash","Parent Relationship": "Inner","Parallel Aware": true,"Async Capable": false,"Startup Cost": 4210.00,"Total Cost": 4210.00,"Plan Rows": 62500,"Plan Width": 148,"Actual Startup Time": 56.151,"Actual Total Time": 56.157,"Actual Rows": 37500,"Actual Loops": 4,"Hash Buckets": 262144,"Original Hash Buckets": 262144,"Hash Batches": 1,"Original Hash Batches": 1,"Peak Memory Usage": 29312,"Workers": [],"Plans": [{"Node Type": "Seq Scan","Parent Relationship": "Outer","Parallel Aware": true,"Async Capable": false,"Relation Name": "customer","Alias": "customer","Startup Cost": 0.00,"Total Cost": 4210.00,"Plan Rows": 62500,"Plan Width": 148,"Actual Startup Time": 0.028,"Actual Total Time": 26.217,"Actual Rows": 37500,"Actual Loops": 4,"Workers": []}]}]},{"Node Type": "Hash","Parent Relationship": "Inner","Parallel Aware": false,"Async Capable": false,"Startup Cost": 1.25,"Total Cost": 1.25,"Plan Rows": 25,"Plan Width": 108,"Actual Startup Time": 0.109,"Actual Total Time": 0.115,"Actual Rows": 25,"Actual Loops": 4,"Hash Buckets": 1024,"Original Hash Buckets": 1024,"Hash Batches": 1,"Original Hash Batches": 1,"Peak Memory Usage": 10,"Workers": [],"Plans": [{"Node Type": "Seq Scan","Parent Relationship": "Outer","Parallel Aware": false,"Async Capable": false,"Relation Name": "nation","Alias": "nation","Startup Cost": 0.00,"Total Cost": 1.25,"Plan Rows": 25,"Plan Width": 108,"Actual Startup Time": 0.076,"Actual Total Time": 0.083,"Actual Rows": 25,"Actual Loops": 4,"Workers": []}]}]}]}]}]},"Planning Time": 6.852,"Triggers": [],"Execution Time": 641.259}]
[{"Plan": {"Node Type": "Sort","Parallel Aware": false,"Async Capable": false,"Startup Cost": 135294.26,"Total Cost": 135443.48,"Plan Rows": 59689,"Plan Width": 280,"Actual Startup Time": 545.457,"Actual Total Time": 585.279,"Actual Rows": 35593,"Actual Loops": 1,"Sort Key": ["(sum((lineitem.l_extendedprice * ('1'::numeric - lineitem.l_discount)))) DESC"],"Sort Method": "quicksort","Sort Space Used": 9317,"Sort Space Type": "Memory","Plans": [{"Node Type": "Aggregate","Strategy": "Hashed","Partial Mode": "Simple","Parent Relationship": "Outer","Parallel Aware": false,"Async Capable": false,"Startup Cost": 129813.27,"Total Cost": 130559.38,"Plan Rows": 59689,"Plan Width": 280,"Actual Startup Time": 389.996,"Actual Total Time": 517.393,"Actual Rows": 35593,"Actual Loops": 1,"Group Key": ["customer.c_custkey", "nation.n_name"],"Planned Partitions": 0,"HashAgg Batches": 1,"Peak Memory Usage": 27665,"Disk Usage": 0,"Plans": [{"Node Type": "Gather","Parent Relationship": "Outer","Parallel Aware": false,"Async Capable": false,"Startup Cost": 6830.97,"Total Cost": 129067.15,"Plan Rows": 59689,"Plan Width": 260,"Actual Startup Time": 76.518,"Actual Total Time": 281.363,"Actual Rows": 94907,"Actual Loops": 1,"Workers Planned": 3,"Workers Launched": 3,"Single Copy": false,"Plans": [{"Node Type": "Hash Join","Parent Relationship": "Outer","Parallel Aware": false,"Async Capable": false,"Join Type": "Inner","Startup Cost": 5830.97,"Total Cost": 122098.25,"Plan Rows": 19255,"Plan Width": 260,"Actual Startup Time": 68.775,"Actual Total Time": 339.806,"Actual Rows": 23727,"Actual Loops": 4,"Inner Unique": true,"Hash Cond": "(customer.c_nationkey = nation.n_nationkey)","Workers": [],"Plans": [{"Node Type": "Hash Join","Parent Relationship": "Outer","Parallel Aware": true,"Async Capable": false,"Join Type": "Inner","Startup Cost": 5829.40,"Total Cost": 122037.58,"Plan Rows": 19255,"Plan Width": 160,"Actual Startup Time": 68.296,"Actual Total Time": 331.130,"Actual Rows": 23727,"Actual Loops": 4,"Inner Unique": true,"Hash Cond": "(orders.o_custkey = customer.c_custkey)","Workers": [],"Plans": [{"Node Type": "Nested Loop","Parent Relationship": "Outer","Parallel Aware": false,"Async Capable": false,"Join Type": "Inner","Startup Cost": 838.15,"Total Cost": 116995.79,"Plan Rows": 19255,"Plan Width": 16,"Actual Startup Time": 13.636,"Actual Total Time": 241.200,"Actual Rows": 23727,"Actual Loops": 4,"Inner Unique": false,"Workers": [],"Plans": [{"Node Type": "Bitmap Heap Scan","Parent Relationship": "Outer","Parallel Aware": true,"Async Capable": false,"Relation Name": "orders","Alias": "orders","Startup Cost": 837.72,"Total Cost": 27226.01,"Plan Rows": 19553,"Plan Width": 8,"Actual Startup Time": 13.552,"Actual Total Time": 68.983,"Actual Rows": 14126,"Actual Loops": 4,"Recheck Cond": "((o_orderdate >= '1995-01-01'::date) AND (o_orderdate < '1995-04-01 00:00:00'::timestamp without time zone))","Rows Removed by Index Recheck": 0,"Exact Heap Blocks": 3623,"Lossy Heap Blocks": 0,"Workers": [],"Plans": [{"Node Type": "Bitmap Index Scan","Parent Relationship": "Outer","Parallel Aware": false,"Async Capable": false,"Index Name": "idx_orders_orderdate","Startup Cost": 0.00,"Total Cost": 822.57,"Plan Rows": 60614,"Plan Width": 0,"Actual Startup Time": 10.475,"Actual Total Time": 10.479,"Actual Rows": 56506,"Actual Loops": 1,"Index Cond": "((o_orderdate >= '1995-01-01'::date) AND (o_orderdate < '1995-04-01 00:00:00'::timestamp without time zone))","Workers": []}]},{"Node Type": "Index Scan","Parent Relationship": "Inner","Parallel Aware": false,"Async Capable": false,"Scan Direction": "Forward","Index Name": "idx_lineitem_orderkey","Relation Name": "lineitem","Alias": "lineitem","Startup Cost": 0.43,"Total Cost": 4.55,"Plan Rows": 4,"Plan Width": 16,"Actual Startup Time": 0.010,"Actual Total Time": 0.012,"Actual Rows": 2,"Actual Loops": 56506,"Index Cond": "(l_orderkey = orders.o_orderkey)","Rows Removed by Index Recheck": 0,"Filter": "(l_returnflag = 'R'::bpchar)","Rows Removed by Filter": 2,"Workers": []}]},{"Node Type": "Hash","Parent Relationship": "Inner","Parallel Aware": true,"Async Capable": false,"Startup Cost": 4210.00,"Total Cost": 4210.00,"Plan Rows": 62500,"Plan Width": 148,"Actual Startup Time": 54.088,"Actual Total Time": 54.097,"Actual Rows": 37500,"Actual Loops": 4,"Hash Buckets": 262144,"Original Hash Buckets": 262144,"Hash Batches": 1,"Original Hash Batches": 1,"Peak Memory Usage": 29312,"Workers": [],"Plans": [{"Node Type": "Seq Scan","Parent Relationship": "Outer","Parallel Aware": true,"Async Capable": false,"Relation Name": "customer","Alias": "customer","Startup Cost": 0.00,"Total Cost": 4210.00,"Plan Rows": 62500,"Plan Width": 148,"Actual Startup Time": 0.033,"Actual Total Time": 23.775,"Actual Rows": 37500,"Actual Loops": 4,"Workers": []}]}]},{"Node Type": "Hash","Parent Relationship": "Inner","Parallel Aware": false,"Async Capable": false,"Startup Cost": 1.25,"Total Cost": 1.25,"Plan Rows": 25,"Plan Width": 108,"Actual Startup Time": 0.094,"Actual Total Time": 0.098,"Actual Rows": 25,"Actual Loops": 4,"Hash Buckets": 1024,"Original Hash Buckets": 1024,"Hash Batches": 1,"Original Hash Batches": 1,"Peak Memory Usage": 10,"Workers": [],"Plans": [{"Node Type": "Seq Scan","Parent Relationship": "Outer","Parallel Aware": false,"Async Capable": false,"Relation Name": "nation","Alias": "nation","Startup Cost": 0.00,"Total Cost": 1.25,"Plan Rows": 25,"Plan Width": 108,"Actual Startup Time": 0.062,"Actual Total Time": 0.068,"Actual Rows": 25,"Actual Loops": 4,"Workers": []}]}]}]}]}]},"Planning Time": 7.620,"Triggers": [],"Execution Time": 593.147}]
[{"Plan": {"Node Type": "Sort","Parallel Aware": false,"Async Capable": false,"Startup Cost": 130909.78,"Total Cost": 131050.70,"Plan Rows": 56371,"Plan Width": 280,"Actual Startup Time": 586.743,"Actual Total Time": 630.152,"Actual Rows": 38263,"Actual Loops": 1,"Sort Key": ["(sum((lineitem.l_extendedprice * ('1'::numeric - lineitem.l_discount)))) DESC"],"Sort Method": "quicksort","Sort Space Used": 9899,"Sort Space Type": "Memory","Plans": [{"Node Type": "Aggregate","Strategy": "Hashed","Partial Mode": "Simple","Parent Relationship": "Outer","Parallel Aware": false,"Async Capable": false,"Startup Cost": 125756.71,"Total Cost": 126461.35,"Plan Rows": 56371,"Plan Width": 280,"Actual Startup Time": 417.199,"Actual Total Time": 554.225,"Actual Rows": 38263,"Actual Loops": 1,"Group Key": ["customer.c_custkey", "nation.n_name"],"Planned Partitions": 0,"HashAgg Batches": 1,"Peak Memory Usage": 26129,"Disk Usage": 0,"Plans": [{"Node Type": "Gather","Parent Relationship": "Outer","Parallel Aware": false,"Async Capable": false,"Startup Cost": 6784.43,"Total Cost": 125052.08,"Plan Rows": 56371,"Plan Width": 260,"Actual Startup Time": 75.828,"Actual Total Time": 292.854,"Actual Rows": 114665,"Actual Loops": 1,"Workers Planned": 3,"Workers Launched": 3,"Single Copy": false,"Plans": [{"Node Type": "Hash Join","Parent Relationship": "Outer","Parallel Aware": false,"Async Capable": false,"Join Type": "Inner","Startup Cost": 5784.43,"Total Cost": 118414.98,"Plan Rows": 18184,"Plan Width": 260,"Actual Startup Time": 68.693,"Actual Total Time": 360.677,"Actual Rows": 28666,"Actual Loops": 4,"Inner Unique": true,"Hash Cond": "(customer.c_nationkey = nation.n_nationkey)","Workers": [],"Plans": [{"Node Type": "Hash Join","Parent Relationship": "Outer","Parallel Aware": true,"Async Capable": false,"Join Type": "Inner","Startup Cost": 5782.87,"Total Cost": 118357.59,"Plan Rows": 18184,"Plan Width": 160,"Actual Startup Time": 68.338,"Actual Total Time": 351.919,"Actual Rows": 28666,"Actual Loops": 4,"Inner Unique": true,"Hash Cond": "(orders.o_custkey = customer.c_custkey)","Workers": [],"Plans": [{"Node Type": "Nested Loop","Parent Relationship": "Outer","Parallel Aware": false,"Async Capable": false,"Join Type": "Inner","Startup Cost": 791.62,"Total Cost": 113318.61,"Plan Rows": 18184,"Plan Width": 16,"Actual Startup Time": 13.513,"Actual Total Time": 254.371,"Actual Rows": 28666,"Actual Loops": 4,"Inner Unique": false,"Workers": [],"Plans": [{"Node Type": "Bitmap Heap Scan","Parent Relationship": "Outer","Parallel Aware": true,"Async Capable": false,"Relation Name": "orders","Alias": "orders","Startup Cost": 791.19,"Total Cost": 27163.18,"Plan Rows": 18466,"Plan Width": 8,"Actual Startup Time": 13.445,"Actual Total Time": 71.425,"Actual Rows": 14346,"Actual Loops": 4,"Recheck Cond": "((o_orderdate >= '1994-07-01'::date) AND (o_orderdate < '1994-10-01 00:00:00'::timestamp without time zone))","Rows Removed by Index Recheck": 0,"Exact Heap Blocks": 3489,"Lossy Heap Blocks": 0,"Workers": [],"Plans": [{"Node Type": "Bitmap Index Scan","Parent Relationship": "Outer","Parallel Aware": false,"Async Capable": false,"Index Name": "idx_orders_orderdate","Startup Cost": 0.00,"Total Cost": 776.88,"Plan Rows": 57245,"Plan Width": 0,"Actual Startup Time": 10.310,"Actual Total Time": 10.312,"Actual Rows": 57384,"Actual Loops": 1,"Index Cond": "((o_orderdate >= '1994-07-01'::date) AND (o_orderdate < '1994-10-01 00:00:00'::timestamp without time zone))","Workers": []}]},{"Node Type": "Index Scan","Parent Relationship": "Inner","Parallel Aware": false,"Async Capable": false,"Scan Direction": "Forward","Index Name": "idx_lineitem_orderkey","Relation Name": "lineitem","Alias": "lineitem","Startup Cost": 0.43,"Total Cost": 4.63,"Plan Rows": 4,"Plan Width": 16,"Actual Startup Time": 0.010,"Actual Total Time": 0.012,"Actual Rows": 2,"Actual Loops": 57384,"Index Cond": "(l_orderkey = orders.o_orderkey)","Rows Removed by Index Recheck": 0,"Filter": "(l_returnflag = 'R'::bpchar)","Rows Removed by Filter": 2,"Workers": []}]},{"Node Type": "Hash","Parent Relationship": "Inner","Parallel Aware": true,"Async Capable": false,"Startup Cost": 4210.00,"Total Cost": 4210.00,"Plan Rows": 62500,"Plan Width": 148,"Actual Startup Time": 54.206,"Actual Total Time": 54.213,"Actual Rows": 37500,"Actual Loops": 4,"Hash Buckets": 262144,"Original Hash Buckets": 262144,"Hash Batches": 1,"Original Hash Batches": 1,"Peak Memory Usage": 29312,"Workers": [],"Plans": [{"Node Type": "Seq Scan","Parent Relationship": "Outer","Parallel Aware": true,"Async Capable": false,"Relation Name": "customer","Alias": "customer","Startup Cost": 0.00,"Total Cost": 4210.00,"Plan Rows": 62500,"Plan Width": 148,"Actual Startup Time": 0.020,"Actual Total Time": 23.974,"Actual Rows": 37500,"Actual Loops": 4,"Workers": []}]}]},{"Node Type": "Hash","Parent Relationship": "Inner","Parallel Aware": false,"Async Capable": false,"Startup Cost": 1.25,"Total Cost": 1.25,"Plan Rows": 25,"Plan Width": 108,"Actual Startup Time": 0.080,"Actual Total Time": 0.085,"Actual Rows": 25,"Actual Loops": 4,"Hash Buckets": 1024,"Original Hash Buckets": 1024,"Hash Batches": 1,"Original Hash Batches": 1,"Peak Memory Usage": 10,"Workers": [],"Plans": [{"Node Type": "Seq Scan","Parent Relationship": "Outer","Parallel Aware": false,"Async Capable": false,"Relation Name": "nation","Alias": "nation","Startup Cost": 0.00,"Total Cost": 1.25,"Plan Rows": 25,"Plan Width": 108,"Actual Startup Time": 0.053,"Actual Total Time": 0.059,"Actual Rows": 25,"Actual Loops": 4,"Workers": []}]}]}]}]}]},"Planning Time": 7.471,"Triggers": [],"Execution Time": 636.412}]
[{"Plan": {"Node Type": "Sort","Parallel Aware": false,"Async Capable": false,"Startup Cost": 130310.74,"Total Cost": 130450.54,"Plan Rows": 55918,"Plan Width": 280,"Actual Startup Time": 603.874,"Actual Total Time": 643.975,"Actual Rows": 37728,"Actual Loops": 1,"Sort Key": ["(sum((lineitem.l_extendedprice * ('1'::numeric - lineitem.l_discount)))) DESC"],"Sort Method": "quicksort","Sort Space Used": 9784,"Sort Space Type": "Memory","Plans": [{"Node Type": "Aggregate","Strategy": "Hashed","Partial Mode": "Simple","Parent Relationship": "Outer","Parallel Aware": false,"Async Capable": false,"Startup Cost": 125202.34,"Total Cost": 125901.32,"Plan Rows": 55918,"Plan Width": 280,"Actual Startup Time": 420.772,"Actual Total Time": 572.027,"Actual Rows": 37728,"Actual Loops": 1,"Group Key": ["customer.c_custkey", "nation.n_name"],"Planned Partitions": 0,"HashAgg Batches": 1,"Peak Memory Usage": 26129,"Disk Usage": 0,"Plans": [{"Node Type": "Gather","Parent Relationship": "Outer","Parallel Aware": false,"Async Capable": false,"Startup Cost": 6779.72,"Total Cost": 124503.37,"Plan Rows": 55918,"Plan Width": 260,"Actual Startup Time": 83.828,"Actual Total Time": 288.561,"Actual Rows": 114106,"Actual Loops": 1,"Workers Planned": 3,"Workers Launched": 3,"Single Copy": false,"Plans": [{"Node Type": "Hash Join","Parent Relationship": "Outer","Parallel Aware": false,"Async Capable": false,"Join Type": "Inner","Startup Cost": 5779.72,"Total Cost": 117911.57,"Plan Rows": 18038,"Plan Width": 260,"Actual Startup Time": 76.669,"Actual Total Time": 363.746,"Actual Rows": 28526,"Actual Loops": 4,"Inner Unique": true,"Hash Cond": "(customer.c_nationkey = nation.n_nationkey)","Workers": [],"Plans": [{"Node Type": "Hash Join","Parent Relationship": "Outer","Parallel Aware": true,"Async Capable": false,"Join Type": "Inner","Startup Cost": 5778.16,"Total Cost": 117854.62,"Plan Rows": 18038,"Plan Width": 160,"Actual Startup Time": 76.278,"Actual Total Time": 354.947,"Actual Rows": 28526,"Actual Loops": 4,"Inner Unique": true,"Hash Cond": "(orders.o_custkey = customer.c_custkey)","Workers": [],"Plans": [{"Node Type": "Nested Loop","Parent Relationship": "Outer","Parallel Aware": false,"Async Capable": false,"Join Type": "Inner","Startup Cost": 786.91,"Total Cost": 112816.03,"Plan Rows": 18038,"Plan Width": 16,"Actual Startup Time": 13.309,"Actual Total Time": 250.189,"Actual Rows": 28526,"Actual Loops": 4,"Inner Unique": false,"Workers": [],"Plans": [{"Node Type": "Bitmap Heap Scan","Parent Relationship": "Outer","Parallel Aware": true,"Async Capable": false,"Relation Name": "orders","Alias": "orders","Startup Cost": 786.47,"Total Cost": 27156.24,"Plan Rows": 18318,"Plan Width": 8,"Actual Startup Time": 13.234,"Actual Total Time": 69.997,"Actual Rows": 14148,"Actual Loops": 4,"Recheck Cond": "((o_orderdate >= '1993-09-01'::date) AND (o_orderdate < '1993-12-01 00:00:00'::timestamp without time zone))","Rows Removed by Index Recheck": 0,"Exact Heap Blocks": 3617,"Lossy Heap Blocks": 0,"Workers": [],"Plans": [{"Node Type": "Bitmap Index Scan","Parent Relationship": "Outer","Parallel Aware": false,"Async Capable": false,"Index Name": "idx_orders_orderdate","Startup Cost": 0.00,"Total Cost": 772.28,"Plan Rows": 56785,"Plan Width": 0,"Actual Startup Time": 10.161,"Actual Total Time": 10.165,"Actual Rows": 56592,"Actual Loops": 1,"Index Cond": "((o_orderdate >= '1993-09-01'::date) AND (o_orderdate < '1993-12-01 00:00:00'::timestamp without time zone))","Workers": []}]},{"Node Type": "Index Scan","Parent Relationship": "Inner","Parallel Aware": false,"Async Capable": false,"Scan Direction": "Forward","Index Name": "idx_lineitem_orderkey","Relation Name": "lineitem","Alias": "lineitem","Startup Cost": 0.43,"Total Cost": 4.64,"Plan Rows": 4,"Plan Width": 16,"Actual Startup Time": 0.010,"Actual Total Time": 0.012,"Actual Rows": 2,"Actual Loops": 56592,"Index Cond": "(l_orderkey = orders.o_orderkey)","Rows Removed by Index Recheck": 0,"Filter": "(l_returnflag = 'R'::bpchar)","Rows Removed by Filter": 2,"Workers": []}]},{"Node Type": "Hash","Parent Relationship": "Inner","Parallel Aware": true,"Async Capable": false,"Startup Cost": 4210.00,"Total Cost": 4210.00,"Plan Rows": 62500,"Plan Width": 148,"Actual Startup Time": 62.426,"Actual Total Time": 62.432,"Actual Rows": 37500,"Actual Loops": 4,"Hash Buckets": 262144,"Original Hash Buckets": 262144,"Hash Batches": 1,"Original Hash Batches": 1,"Peak Memory Usage": 29312,"Workers": [],"Plans": [{"Node Type": "Seq Scan","Parent Relationship": "Outer","Parallel Aware": true,"Async Capable": false,"Relation Name": "customer","Alias": "customer","Startup Cost": 0.00,"Total Cost": 4210.00,"Plan Rows": 62500,"Plan Width": 148,"Actual Startup Time": 0.023,"Actual Total Time": 26.530,"Actual Rows": 37500,"Actual Loops": 4,"Workers": []}]}]},{"Node Type": "Hash","Parent Relationship": "Inner","Parallel Aware": false,"Async Capable": false,"Startup Cost": 1.25,"Total Cost": 1.25,"Plan Rows": 25,"Plan Width": 108,"Actual Startup Time": 0.095,"Actual Total Time": 0.100,"Actual Rows": 25,"Actual Loops": 4,"Hash Buckets": 1024,"Original Hash Buckets": 1024,"Hash Batches": 1,"Original Hash Batches": 1,"Peak Memory Usage": 10,"Workers": [],"Plans": [{"Node Type": "Seq Scan","Parent Relationship": "Outer","Parallel Aware": false,"Async Capable": false,"Relation Name": "nation","Alias": "nation","Startup Cost": 0.00,"Total Cost": 1.25,"Plan Rows": 25,"Plan Width": 108,"Actual Startup Time": 0.059,"Actual Total Time": 0.065,"Actual Rows": 25,"Actual Loops": 4,"Workers": []}]}]}]}]}]},"Planning Time": 7.546,"Triggers": [],"Execution Time": 648.224}]
[{"Plan": {"Node Type": "Sort","Parallel Aware": false,"Async Capable": false,"Startup Cost": 131080.21,"Total Cost": 131221.46,"Plan Rows": 56499,"Plan Width": 280,"Actual Startup Time": 607.607,"Actual Total Time": 646.377,"Actual Rows": 37607,"Actual Loops": 1,"Sort Key": ["(sum((lineitem.l_extendedprice * ('1'::numeric - lineitem.l_discount)))) DESC"],"Sort Method": "quicksort","Sort Space Used": 9755,"Sort Space Type": "Memory","Plans": [{"Node Type": "Aggregate","Strategy": "Hashed","Partial Mode": "Simple","Parent Relationship": "Outer","Parallel Aware": false,"Async Capable": false,"Startup Cost": 125914.53,"Total Cost": 126620.77,"Plan Rows": 56499,"Plan Width": 280,"Actual Startup Time": 421.745,"Actual Total Time": 572.585,"Actual Rows": 37607,"Actual Loops": 1,"Group Key": ["customer.c_custkey", "nation.n_name"],"Planned Partitions": 0,"HashAgg Batches": 1,"Peak Memory Usage": 26129,"Disk Usage": 0,"Plans": [{"Node Type": "Gather","Parent Relationship": "Outer","Parallel Aware": false,"Async Capable": false,"Startup Cost": 6785.77,"Total Cost": 125208.29,"Plan Rows": 56499,"Plan Width": 260,"Actual Startup Time": 84.737,"Actual Total Time": 294.745,"Actual Rows": 112798,"Actual Loops": 1,"Workers Planned": 3,"Workers Launched": 3,"Single Copy": false,"Plans": [{"Node Type": "Hash Join","Parent Relationship": "Outer","Parallel Aware": false,"Async Capable": false,"Join Type": "Inner","Startup Cost": 5785.77,"Total Cost": 118558.39,"Plan Rows": 18225,"Plan Width": 260,"Actual Startup Time": 77.703,"Actual Total Time": 365.765,"Actual Rows": 28200,"Actual Loops": 4,"Inner Unique": true,"Hash Cond": "(customer.c_nationkey = nation.n_nationkey)","Workers": [],"Plans": [{"Node Type": "Hash Join","Parent Relationship": "Outer","Parallel Aware": true,"Async Capable": false,"Join Type": "Inner","Startup Cost": 5784.20,"Total Cost": 118500.88,"Plan Rows": 18225,"Plan Width": 160,"Actual Startup Time": 77.334,"Actual Total Time": 357.276,"Actual Rows": 28200,"Actual Loops": 4,"Inner Unique": true,"Hash Cond": "(orders.o_custkey = customer.c_custkey)","Workers": [],"Plans": [{"Node Type": "Nested Loop","Parent Relationship": "Outer","Parallel Aware": false,"Async Capable": false,"Join Type": "Inner","Startup Cost": 792.95,"Total Cost": 113461.79,"Plan Rows": 18225,"Plan Width": 16,"Actual Startup Time": 13.152,"Actual Total Time": 254.573,"Actual Rows": 28200,"Actual Loops": 4,"Inner Unique": false,"Workers": [],"Plans": [{"Node Type": "Bitmap Heap Scan","Parent Relationship": "Outer","Parallel Aware": true,"Async Capable": false,"Relation Name": "orders","Alias": "orders","Startup Cost": 792.52,"Total Cost": 27165.14,"Plan Rows": 18508,"Plan Width": 8,"Actual Startup Time": 13.088,"Actual Total Time": 71.143,"Actual Rows": 14087,"Actual Loops": 4,"Recheck Cond": "((o_orderdate >= '1994-01-01'::date) AND (o_orderdate < '1994-04-01 00:00:00'::timestamp without time zone))","Rows Removed by Index Recheck": 0,"Exact Heap Blocks": 3702,"Lossy Heap Blocks": 0,"Workers": [],"Plans": [{"Node Type": "Bitmap Index Scan","Parent Relationship": "Outer","Parallel Aware": false,"Async Capable": false,"Index Name": "idx_orders_orderdate","Startup Cost": 0.00,"Total Cost": 778.18,"Plan Rows": 57375,"Plan Width": 0,"Actual Startup Time": 9.927,"Actual Total Time": 9.934,"Actual Rows": 56349,"Actual Loops": 1,"Index Cond": "((o_orderdate >= '1994-01-01'::date) AND (o_orderdate < '1994-04-01 00:00:00'::timestamp without time zone))","Workers": []}]},{"Node Type": "Index Scan","Parent Relationship": "Inner","Parallel Aware": false,"Async Capable": false,"Scan Direction": "Forward","Index Name": "idx_lineitem_orderkey","Relation Name": "lineitem","Alias": "lineitem","Startup Cost": 0.43,"Total Cost": 4.62,"Plan Rows": 4,"Plan Width": 16,"Actual Startup Time": 0.011,"Actual Total Time": 0.013,"Actual Rows": 2,"Actual Loops": 56349,"Index Cond": "(l_orderkey = orders.o_orderkey)","Rows Removed by Index Recheck": 0,"Filter": "(l_returnflag = 'R'::bpchar)","Rows Removed by Filter": 2,"Workers": []}]},{"Node Type": "Hash","Parent Relationship": "Inner","Parallel Aware": true,"Async Capable": false,"Startup Cost": 4210.00,"Total Cost": 4210.00,"Plan Rows": 62500,"Plan Width": 148,"Actual Startup Time": 63.582,"Actual Total Time": 63.588,"Actual Rows": 37500,"Actual Loops": 4,"Hash Buckets": 262144,"Original Hash Buckets": 262144,"Hash Batches": 1,"Original Hash Batches": 1,"Peak Memory Usage": 29312,"Workers": [],"Plans": [{"Node Type": "Seq Scan","Parent Relationship": "Outer","Parallel Aware": true,"Async Capable": false,"Relation Name": "customer","Alias": "customer","Startup Cost": 0.00,"Total Cost": 4210.00,"Plan Rows": 62500,"Plan Width": 148,"Actual Startup Time": 0.028,"Actual Total Time": 28.690,"Actual Rows": 37500,"Actual Loops": 4,"Workers": []}]}]},{"Node Type": "Hash","Parent Relationship": "Inner","Parallel Aware": false,"Async Capable": false,"Startup Cost": 1.25,"Total Cost": 1.25,"Plan Rows": 25,"Plan Width": 108,"Actual Startup Time": 0.094,"Actual Total Time": 0.100,"Actual Rows": 25,"Actual Loops": 4,"Hash Buckets": 1024,"Original Hash Buckets": 1024,"Hash Batches": 1,"Original Hash Batches": 1,"Peak Memory Usage": 10,"Workers": [],"Plans": [{"Node Type": "Seq Scan","Parent Relationship": "Outer","Parallel Aware": false,"Async Capable": false,"Relation Name": "nation","Alias": "nation","Startup Cost": 0.00,"Total Cost": 1.25,"Plan Rows": 25,"Plan Width": 108,"Actual Startup Time": 0.060,"Actual Total Time": 0.067,"Actual Rows": 25,"Actual Loops": 4,"Workers": []}]}]}]}]}]},"Planning Time": 7.215,"Triggers": [],"Execution Time": 650.753}]
[{"Plan": {"Node Type": "Sort","Parallel Aware": false,"Async Capable": false,"Startup Cost": 132260.34,"Total Cost": 132403.81,"Plan Rows": 57388,"Plan Width": 280,"Actual Startup Time": 619.828,"Actual Total Time": 659.334,"Actual Rows": 38182,"Actual Loops": 1,"Sort Key": ["(sum((lineitem.l_extendedprice * ('1'::numeric - lineitem.l_discount)))) DESC"],"Sort Method": "quicksort","Sort Space Used": 9879,"Sort Space Type": "Memory","Plans": [{"Node Type": "Aggregate","Strategy": "Hashed","Partial Mode": "Simple","Parent Relationship": "Outer","Parallel Aware": false,"Async Capable": false,"Startup Cost": 127006.91,"Total Cost": 127724.26,"Plan Rows": 57388,"Plan Width": 280,"Actual Startup Time": 430.185,"Actual Total Time": 588.903,"Actual Rows": 38182,"Actual Loops": 1,"Group Key": ["customer.c_custkey", "nation.n_name"],"Planned Partitions": 0,"HashAgg Batches": 1,"Peak Memory Usage": 26129,"Disk Usage": 0,"Plans": [{"Node Type": "Gather","Parent Relationship": "Outer","Parallel Aware": false,"Async Capable": false,"Startup Cost": 6799.02,"Total Cost": 126289.56,"Plan Rows": 57388,"Plan Width": 260,"Actual Startup Time": 89.737,"Actual Total Time": 296.974,"Actual Rows": 115050,"Actual Loops": 1,"Workers Planned": 3,"Workers Launched": 3,"Single Copy": false,"Plans": [{"Node Type": "Hash Join","Parent Relationship": "Outer","Parallel Aware": false,"Async Capable": false,"Join Type": "Inner","Startup Cost": 5799.02,"Total Cost": 119550.76,"Plan Rows": 18512,"Plan Width": 260,"Actual Startup Time": 82.322,"Actual Total Time": 373.404,"Actual Rows": 28762,"Actual Loops": 4,"Inner Unique": true,"Hash Cond": "(customer.c_nationkey = nation.n_nationkey)","Workers": [],"Plans": [{"Node Type": "Hash Join","Parent Relationship": "Outer","Parallel Aware": true,"Async Capable": false,"Join Type": "Inner","Startup Cost": 5797.46,"Total Cost": 119492.37,"Plan Rows": 18512,"Plan Width": 160,"Actual Startup Time": 81.937,"Actual Total Time": 363.986,"Actual Rows": 28762,"Actual Loops": 4,"Inner Unique": true,"Hash Cond": "(orders.o_custkey = customer.c_custkey)","Workers": [],"Plans": [{"Node Type": "Nested Loop","Parent Relationship": "Outer","Parallel Aware": false,"Async Capable": false,"Join Type": "Inner","Startup Cost": 806.21,"Total Cost": 114452.53,"Plan Rows": 18513,"Plan Width": 16,"Actual Startup Time": 13.433,"Actual Total Time": 253.545,"Actual Rows": 28762,"Actual Loops": 4,"Inner Unique": false,"Workers": [],"Plans": [{"Node Type": "Bitmap Heap Scan","Parent Relationship": "Outer","Parallel Aware": true,"Async Capable": false,"Relation Name": "orders","Alias": "orders","Startup Cost": 805.78,"Total Cost": 27182.77,"Plan Rows": 18799,"Plan Width": 8,"Actual Startup Time": 13.373,"Actual Total Time": 70.825,"Actual Rows": 14368,"Actual Loops": 4,"Recheck Cond": "((o_orderdate >= '1994-06-01'::date) AND (o_orderdate < '1994-09-01 00:00:00'::timestamp without time zone))","Rows Removed by Index Recheck": 0,"Exact Heap Blocks": 3680,"Lossy Heap Blocks": 0,"Workers": [],"Plans": [{"Node Type": "Bitmap Index Scan","Parent Relationship": "Outer","Parallel Aware": false,"Async Capable": false,"Index Name": "idx_orders_orderdate","Startup Cost": 0.00,"Total Cost": 791.21,"Plan Rows": 58278,"Plan Width": 0,"Actual Startup Time": 10.272,"Actual Total Time": 10.276,"Actual Rows": 57474,"Actual Loops": 1,"Index Cond": "((o_orderdate >= '1994-06-01'::date) AND (o_orderdate < '1994-09-01 00:00:00'::timestamp without time zone))","Workers": []}]},{"Node Type": "Index Scan","Parent Relationship": "Inner","Parallel Aware": false,"Async Capable": false,"Scan Direction": "Forward","Index Name": "idx_lineitem_orderkey","Relation Name": "lineitem","Alias": "lineitem","Startup Cost": 0.43,"Total Cost": 4.60,"Plan Rows": 4,"Plan Width": 16,"Actual Startup Time": 0.010,"Actual Total Time": 0.012,"Actual Rows": 2,"Actual Loops": 57474,"Index Cond": "(l_orderkey = orders.o_orderkey)","Rows Removed by Index Recheck": 0,"Filter": "(l_returnflag = 'R'::bpchar)","Rows Removed by Filter": 2,"Workers": []}]},{"Node Type": "Hash","Parent Relationship": "Inner","Parallel Aware": true,"Async Capable": false,"Startup Cost": 4210.00,"Total Cost": 4210.00,"Plan Rows": 62500,"Plan Width": 148,"Actual Startup Time": 67.921,"Actual Total Time": 67.927,"Actual Rows": 37500,"Actual Loops": 4,"Hash Buckets": 262144,"Original Hash Buckets": 262144,"Hash Batches": 1,"Original Hash Batches": 1,"Peak Memory Usage": 29312,"Workers": [],"Plans": [{"Node Type": "Seq Scan","Parent Relationship": "Outer","Parallel Aware": true,"Async Capable": false,"Relation Name": "customer","Alias": "customer","Startup Cost": 0.00,"Total Cost": 4210.00,"Plan Rows": 62500,"Plan Width": 148,"Actual Startup Time": 0.026,"Actual Total Time": 28.832,"Actual Rows": 37500,"Actual Loops": 4,"Workers": []}]}]},{"Node Type": "Hash","Parent Relationship": "Inner","Parallel Aware": false,"Async Capable": false,"Startup Cost": 1.25,"Total Cost": 1.25,"Plan Rows": 25,"Plan Width": 108,"Actual Startup Time": 0.096,"Actual Total Time": 0.101,"Actual Rows": 25,"Actual Loops": 4,"Hash Buckets": 1024,"Original Hash Buckets": 1024,"Hash Batches": 1,"Original Hash Batches": 1,"Peak Memory Usage": 10,"Workers": [],"Plans": [{"Node Type": "Seq Scan","Parent Relationship": "Outer","Parallel Aware": false,"Async Capable": false,"Relation Name": "nation","Alias": "nation","Startup Cost": 0.00,"Total Cost": 1.25,"Plan Rows": 25,"Plan Width": 108,"Actual Startup Time": 0.064,"Actual Total Time": 0.070,"Actual Rows": 25,"Actual Loops": 4,"Workers": []}]}]}]}]}]},"Planning Time": 7.103,"Triggers": [],"Execution Time": 663.701}]
[{"Plan": {"Node Type": "Sort","Parallel Aware": false,"Async Capable": false,"Startup Cost": 130975.09,"Total Cost": 131116.14,"Plan Rows": 56420,"Plan Width": 280,"Actual Startup Time": 559.129,"Actual Total Time": 601.162,"Actual Rows": 37859,"Actual Loops": 1,"Sort Key": ["(sum((lineitem.l_extendedprice * ('1'::numeric - lineitem.l_discount)))) DESC"],"Sort Method": "quicksort","Sort Space Used": 9818,"Sort Space Type": "Memory","Plans": [{"Node Type": "Aggregate","Strategy": "Hashed","Partial Mode": "Simple","Parent Relationship": "Outer","Parallel Aware": false,"Async Capable": false,"Startup Cost": 125817.20,"Total Cost": 126522.45,"Plan Rows": 56420,"Plan Width": 280,"Actual Startup Time": 383.531,"Actual Total Time": 530.212,"Actual Rows": 37859,"Actual Loops": 1,"Group Key": ["customer.c_custkey", "nation.n_name"],"Planned Partitions": 0,"HashAgg Batches": 1,"Peak Memory Usage": 26129,"Disk Usage": 0,"Plans": [{"Node Type": "Gather","Parent Relationship": "Outer","Parallel Aware": false,"Async Capable": false,"Startup Cost": 6784.95,"Total Cost": 125111.95,"Plan Rows": 56420,"Plan Width": 260,"Actual Startup Time": 70.081,"Actual Total Time": 265.015,"Actual Rows": 114028,"Actual Loops": 1,"Workers Planned": 3,"Workers Launched": 3,"Single Copy": false,"Plans": [{"Node Type": "Hash Join","Parent Relationship": "Outer","Parallel Aware": false,"Async Capable": false,"Join Type": "Inner","Startup Cost": 5784.95,"Total Cost": 118469.95,"Plan Rows": 18200,"Plan Width": 260,"Actual Startup Time": 62.841,"Actual Total Time": 330.296,"Actual Rows": 28507,"Actual Loops": 4,"Inner Unique": true,"Hash Cond": "(customer.c_nationkey = nation.n_nationkey)","Workers": [],"Plans": [{"Node Type": "Hash Join","Parent Relationship": "Outer","Parallel Aware": true,"Async Capable": false,"Join Type": "Inner","Startup Cost": 5783.38,"Total Cost": 118412.51,"Plan Rows": 18200,"Plan Width": 160,"Actual Startup Time": 62.430,"Actual Total Time": 322.490,"Actual Rows": 28507,"Actual Loops": 4,"Inner Unique": true,"Hash Cond": "(orders.o_custkey = customer.c_custkey)","Workers": [],"Plans": [{"Node Type": "Nested Loop","Parent Relationship": "Outer","Parallel Aware": false,"Async Capable": false,"Join Type": "Inner","Startup Cost": 792.13,"Total Cost": 113373.49,"Plan Rows": 18200,"Plan Width": 16,"Actual Startup Time": 13.021,"Actual Total Time": 238.266,"Actual Rows": 28507,"Actual Loops": 4,"Inner Unique": false,"Workers": [],"Plans": [{"Node Type": "Bitmap Heap Scan","Parent Relationship": "Outer","Parallel Aware": true,"Async Capable": false,"Relation Name": "orders","Alias": "orders","Startup Cost": 791.70,"Total Cost": 27163.94,"Plan Rows": 18482,"Plan Width": 8,"Actual Startup Time": 12.954,"Actual Total Time": 66.534,"Actual Rows": 14234,"Actual Loops": 4,"Recheck Cond": "((o_orderdate >= '1993-03-01'::date) AND (o_orderdate < '1993-06-01 00:00:00'::timestamp without time zone))","Rows Removed by Index Recheck": 0,"Exact Heap Blocks": 3517,"Lossy Heap Blocks": 0,"Workers": [],"Plans": [{"Node Type": "Bitmap Index Scan","Parent Relationship": "Outer","Parallel Aware": false,"Async Capable": false,"Index Name": "idx_orders_orderdate","Startup Cost": 0.00,"Total Cost": 777.38,"Plan Rows": 57295,"Plan Width": 0,"Actual Startup Time": 9.836,"Actual Total Time": 9.842,"Actual Rows": 56934,"Actual Loops": 1,"Index Cond": "((o_orderdate >= '1993-03-01'::date) AND (o_orderdate < '1993-06-01 00:00:00'::timestamp without time zone))","Workers": []}]},{"Node Type": "Index Scan","Parent Relationship": "Inner","Parallel Aware": false,"Async Capable": false,"Scan Direction": "Forward","Index Name": "idx_lineitem_orderkey","Relation Name": "lineitem","Alias": "lineitem","Startup Cost": 0.43,"Total Cost": 4.62,"Plan Rows": 4,"Plan Width": 16,"Actual Startup Time": 0.010,"Actual Total Time": 0.012,"Actual Rows": 2,"Actual Loops": 56934,"Index Cond": "(l_orderkey = orders.o_orderkey)","Rows Removed by Index Recheck": 0,"Filter": "(l_returnflag = 'R'::bpchar)","Rows Removed by Filter": 2,"Workers": []}]},{"Node Type": "Hash","Parent Relationship": "Inner","Parallel Aware": true,"Async Capable": false,"Startup Cost": 4210.00,"Total Cost": 4210.00,"Plan Rows": 62500,"Plan Width": 148,"Actual Startup Time": 48.797,"Actual Total Time": 48.806,"Actual Rows": 37500,"Actual Loops": 4,"Hash Buckets": 262144,"Original Hash Buckets": 262144,"Hash Batches": 1,"Original Hash Batches": 1,"Peak Memory Usage": 29344,"Workers": [],"Plans": [{"Node Type": "Seq Scan","Parent Relationship": "Outer","Parallel Aware": true,"Async Capable": false,"Relation Name": "customer","Alias": "customer","Startup Cost": 0.00,"Total Cost": 4210.00,"Plan Rows": 62500,"Plan Width": 148,"Actual Startup Time": 0.027,"Actual Total Time": 20.617,"Actual Rows": 37500,"Actual Loops": 4,"Workers": []}]}]},{"Node Type": "Hash","Parent Relationship": "Inner","Parallel Aware": false,"Async Capable": false,"Startup Cost": 1.25,"Total Cost": 1.25,"Plan Rows": 25,"Plan Width": 108,"Actual Startup Time": 0.102,"Actual Total Time": 0.108,"Actual Rows": 25,"Actual Loops": 4,"Hash Buckets": 1024,"Original Hash Buckets": 1024,"Hash Batches": 1,"Original Hash Batches": 1,"Peak Memory Usage": 10,"Workers": [],"Plans": [{"Node Type": "Seq Scan","Parent Relationship": "Outer","Parallel Aware": false,"Async Capable": false,"Relation Name": "nation","Alias": "nation","Startup Cost": 0.00,"Total Cost": 1.25,"Plan Rows": 25,"Plan Width": 108,"Actual Startup Time": 0.068,"Actual Total Time": 0.076,"Actual Rows": 25,"Actual Loops": 4,"Workers": []}]}]}]}]}]},"Planning Time": 7.017,"Triggers": [],"Execution Time": 606.974}]
[{"Plan": {"Node Type": "Sort","Parallel Aware": false,"Async Capable": false,"Startup Cost": 130809.03,"Total Cost": 130949.76,"Plan Rows": 56293,"Plan Width": 280,"Actual Startup Time": 582.640,"Actual Total Time": 623.609,"Actual Rows": 37618,"Actual Loops": 1,"Sort Key": ["(sum((lineitem.l_extendedprice * ('1'::numeric - lineitem.l_discount)))) DESC"],"Sort Method": "quicksort","Sort Space Used": 9764,"Sort Space Type": "Memory","Plans": [{"Node Type": "Aggregate","Strategy": "Hashed","Partial Mode": "Simple","Parent Relationship": "Outer","Parallel Aware": false,"Async Capable": false,"Startup Cost": 125663.66,"Total Cost": 126367.32,"Plan Rows": 56293,"Plan Width": 280,"Actual Startup Time": 404.905,"Actual Total Time": 550.580,"Actual Rows": 37618,"Actual Loops": 1,"Group Key": ["customer.c_custkey", "nation.n_name"],"Planned Partitions": 0,"HashAgg Batches": 1,"Peak Memory Usage": 26129,"Disk Usage": 0,"Plans": [{"Node Type": "Gather","Parent Relationship": "Outer","Parallel Aware": false,"Async Capable": false,"Startup Cost": 6783.62,"Total Cost": 124960.00,"Plan Rows": 56293,"Plan Width": 260,"Actual Startup Time": 77.508,"Actual Total Time": 283.856,"Actual Rows": 113037,"Actual Loops": 1,"Workers Planned": 3,"Workers Launched": 3,"Single Copy": false,"Plans": [{"Node Type": "Hash Join","Parent Relationship": "Outer","Parallel Aware": false,"Async Capable": false,"Join Type": "Inner","Startup Cost": 5783.62,"Total Cost": 118330.70,"Plan Rows": 18159,"Plan Width": 260,"Actual Startup Time": 69.943,"Actual Total Time": 350.172,"Actual Rows": 28259,"Actual Loops": 4,"Inner Unique": true,"Hash Cond": "(customer.c_nationkey = nation.n_nationkey)","Workers": [],"Plans": [{"Node Type": "Hash Join","Parent Relationship": "Outer","Parallel Aware": true,"Async Capable": false,"Join Type": "Inner","Startup Cost": 5782.06,"Total Cost": 118273.39,"Plan Rows": 18159,"Plan Width": 160,"Actual Startup Time": 69.505,"Actual Total Time": 341.161,"Actual Rows": 28259,"Actual Loops": 4,"Inner Unique": true,"Hash Cond": "(orders.o_custkey = customer.c_custkey)","Workers": [],"Plans": [{"Node Type": "Nested Loop","Parent Relationship": "Outer","Parallel Aware": false,"Async Capable": false,"Join Type": "Inner","Startup Cost": 790.81,"Total Cost": 113234.47,"Plan Rows": 18159,"Plan Width": 16,"Actual Startup Time": 13.628,"Actual Total Time": 244.904,"Actual Rows": 28259,"Actual Loops": 4,"Inner Unique": false,"Workers": [],"Plans": [{"Node Type": "Bitmap Heap Scan","Parent Relationship": "Outer","Parallel Aware": true,"Async Capable": false,"Relation Name": "orders","Alias": "orders","Startup Cost": 790.38,"Total Cost": 27161.99,"Plan Rows": 18441,"Plan Width": 8,"Actual Startup Time": 13.544,"Actual Total Time": 67.991,"Actual Rows": 14129,"Actual Loops": 4,"Recheck Cond": "((o_orderdate >= '1994-09-01'::date) AND (o_orderdate < '1994-12-01 00:00:00'::timestamp without time zone))","Rows Removed by Index Recheck": 0,"Exact Heap Blocks": 3515,"Lossy Heap Blocks": 0,"Workers": [],"Plans": [{"Node Type": "Bitmap Index Scan","Parent Relationship": "Outer","Parallel Aware": false,"Async Capable": false,"Index Name": "idx_orders_orderdate","Startup Cost": 0.00,"Total Cost": 776.09,"Plan Rows": 57166,"Plan Width": 0,"Actual Startup Time": 10.241,"Actual Total Time": 10.248,"Actual Rows": 56516,"Actual Loops": 1,"Index Cond": "((o_orderdate >= '1994-09-01'::date) AND (o_orderdate < '1994-12-01 00:00:00'::timestamp without time zone))","Workers": []}]},{"Node Type": "Index Scan","Parent Relationship": "Inner","Parallel Aware": false,"Async Capable": false,"Scan Direction": "Forward","Index Name": "idx_lineitem_orderkey","Relation Name": "lineitem","Alias": "lineitem","Startup Cost": 0.43,"Total Cost": 4.63,"Plan Rows": 4,"Plan Width": 16,"Actual Startup Time": 0.010,"Actual Total Time": 0.012,"Actual Rows": 2,"Actual Loops": 56516,"Index Cond": "(l_orderkey = orders.o_orderkey)","Rows Removed by Index Recheck": 0,"Filter": "(l_returnflag = 'R'::bpchar)","Rows Removed by Filter": 2,"Workers": []}]},{"Node Type": "Hash","Parent Relationship": "Inner","Parallel Aware": true,"Async Capable": false,"Startup Cost": 4210.00,"Total Cost": 4210.00,"Plan Rows": 62500,"Plan Width": 148,"Actual Startup Time": 55.246,"Actual Total Time": 55.254,"Actual Rows": 37500,"Actual Loops": 4,"Hash Buckets": 262144,"Original Hash Buckets": 262144,"Hash Batches": 1,"Original Hash Batches": 1,"Peak Memory Usage": 29280,"Workers": [],"Plans": [{"Node Type": "Seq Scan","Parent Relationship": "Outer","Parallel Aware": true,"Async Capable": false,"Relation Name": "customer","Alias": "customer","Startup Cost": 0.00,"Total Cost": 4210.00,"Plan Rows": 62500,"Plan Width": 148,"Actual Startup Time": 0.029,"Actual Total Time": 24.927,"Actual Rows": 37500,"Actual Loops": 4,"Workers": []}]}]},{"Node Type": "Hash","Parent Relationship": "Inner","Parallel Aware": false,"Async Capable": false,"Startup Cost": 1.25,"Total Cost": 1.25,"Plan Rows": 25,"Plan Width": 108,"Actual Startup Time": 0.092,"Actual Total Time": 0.096,"Actual Rows": 25,"Actual Loops": 4,"Hash Buckets": 1024,"Original Hash Buckets": 1024,"Hash Batches": 1,"Original Hash Batches": 1,"Peak Memory Usage": 10,"Workers": [],"Plans": [{"Node Type": "Seq Scan","Parent Relationship": "Outer","Parallel Aware": false,"Async Capable": false,"Relation Name": "nation","Alias": "nation","Startup Cost": 0.00,"Total Cost": 1.25,"Plan Rows": 25,"Plan Width": 108,"Actual Startup Time": 0.062,"Actual Total Time": 0.068,"Actual Rows": 25,"Actual Loops": 4,"Workers": []}]}]}]}]}]},"Planning Time": 5.868,"Triggers": [],"Execution Time": 629.137}]
[{"Plan": {"Node Type": "Sort","Parallel Aware": false,"Async Capable": false,"Startup Cost": 132293.09,"Total Cost": 132436.61,"Plan Rows": 57411,"Plan Width": 280,"Actual Startup Time": 612.013,"Actual Total Time": 652.224,"Actual Rows": 37922,"Actual Loops": 1,"Sort Key": ["(sum((lineitem.l_extendedprice * ('1'::numeric - lineitem.l_discount)))) DESC"],"Sort Method": "quicksort","Sort Space Used": 9827,"Sort Space Type": "Memory","Plans": [{"Node Type": "Aggregate","Strategy": "Hashed","Partial Mode": "Simple","Parent Relationship": "Outer","Parallel Aware": false,"Async Capable": false,"Startup Cost": 127037.38,"Total Cost": 127755.02,"Plan Rows": 57411,"Plan Width": 280,"Actual Startup Time": 427.597,"Actual Total Time": 578.840,"Actual Rows": 37922,"Actual Loops": 1,"Group Key": ["customer.c_custkey", "nation.n_name"],"Planned Partitions": 0,"HashAgg Batches": 1,"Peak Memory Usage": 26129,"Disk Usage": 0,"Plans": [{"Node Type": "Gather","Parent Relationship": "Outer","Parallel Aware": false,"Async Capable": false,"Startup Cost": 6799.26,"Total Cost": 126319.75,"Plan Rows": 57411,"Plan Width": 260,"Actual Startup Time": 84.985,"Actual Total Time": 295.027,"Actual Rows": 114929,"Actual Loops": 1,"Workers Planned": 3,"Workers Launched": 3,"Single Copy": false,"Plans": [{"Node Type": "Hash Join","Parent Relationship": "Outer","Parallel Aware": false,"Async Capable": false,"Join Type": "Inner","Startup Cost": 5799.26,"Total Cost": 119578.65,"Plan Rows": 18520,"Plan Width": 260,"Actual Startup Time": 77.490,"Actual Total Time": 369.817,"Actual Rows": 28732,"Actual Loops": 4,"Inner Unique": true,"Hash Cond": "(customer.c_nationkey = nation.n_nationkey)","Workers": [],"Plans": [{"Node Type": "Hash Join","Parent Relationship": "Outer","Parallel Aware": true,"Async Capable": false,"Join Type": "Inner","Startup Cost": 5797.70,"Total Cost": 119520.23,"Plan Rows": 18520,"Plan Width": 160,"Actual Startup Time": 77.066,"Actual Total Time": 360.808,"Actual Rows": 28732,"Actual Loops": 4,"Inner Unique": true,"Hash Cond": "(orders.o_custkey = customer.c_custkey)","Workers": [],"Plans": [{"Node Type": "Nested Loop","Parent Relationship": "Outer","Parallel Aware": false,"Async Capable": false,"Join Type": "Inner","Startup Cost": 806.45,"Total Cost": 114480.36,"Plan Rows": 18520,"Plan Width": 16,"Actual Startup Time": 13.430,"Actual Total Time": 255.437,"Actual Rows": 28732,"Actual Loops": 4,"Inner Unique": false,"Workers": [],"Plans": [{"Node Type": "Bitmap Heap Scan","Parent Relationship": "Outer","Parallel Aware": true,"Async Capable": false,"Relation Name": "orders","Alias": "orders","Startup Cost": 806.01,"Total Cost": 27183.11,"Plan Rows": 18807,"Plan Width": 8,"Actual Startup Time": 13.367,"Actual Total Time": 72.208,"Actual Rows": 14355,"Actual Loops": 4,"Recheck Cond": "((o_orderdate >= '1994-03-01'::date) AND (o_orderdate < '1994-06-01 00:00:00'::timestamp without time zone))","Rows Removed by Index Recheck": 0,"Exact Heap Blocks": 3712,"Lossy Heap Blocks": 0,"Workers": [],"Plans": [{"Node Type": "Bitmap Index Scan","Parent Relationship": "Outer","Parallel Aware": false,"Async Capable": false,"Index Name": "idx_orders_orderdate","Startup Cost": 0.00,"Total Cost": 791.44,"Plan Rows": 58301,"Plan Width": 0,"Actual Startup Time": 10.180,"Actual Total Time": 10.183,"Actual Rows": 57420,"Actual Loops": 1,"Index Cond": "((o_orderdate >= '1994-03-01'::date) AND (o_orderdate < '1994-06-01 00:00:00'::timestamp without time zone))","Workers": []}]},{"Node Type": "Index Scan","Parent Relationship": "Inner","Parallel Aware": false,"Async Capable": false,"Scan Direction": "Forward","Index Name": "idx_lineitem_orderkey","Relation Name": "lineitem","Alias": "lineitem","Startup Cost": 0.43,"Total Cost": 4.60,"Plan Rows": 4,"Plan Width": 16,"Actual Startup Time": 0.010,"Actual Total Time": 0.012,"Actual Rows": 2,"Actual Loops": 57420,"Index Cond": "(l_orderkey = orders.o_orderkey)","Rows Removed by Index Recheck": 0,"Filter": "(l_returnflag = 'R'::bpchar)","Rows Removed by Filter": 2,"Workers": []}]},{"Node Type": "Hash","Parent Relationship": "Inner","Parallel Aware": true,"Async Capable": false,"Startup Cost": 4210.00,"Total Cost": 4210.00,"Plan Rows": 62500,"Plan Width": 148,"Actual Startup Time": 63.095,"Actual Total Time": 63.101,"Actual Rows": 37500,"Actual Loops": 4,"Hash Buckets": 262144,"Original Hash Buckets": 262144,"Hash Batches": 1,"Original Hash Batches": 1,"Peak Memory Usage": 29280,"Workers": [],"Plans": [{"Node Type": "Seq Scan","Parent Relationship": "Outer","Parallel Aware": true,"Async Capable": false,"Relation Name": "customer","Alias": "customer","Startup Cost": 0.00,"Total Cost": 4210.00,"Plan Rows": 62500,"Plan Width": 148,"Actual Startup Time": 0.041,"Actual Total Time": 28.071,"Actual Rows": 37500,"Actual Loops": 4,"Workers": []}]}]},{"Node Type": "Hash","Parent Relationship": "Inner","Parallel Aware": false,"Async Capable": false,"Startup Cost": 1.25,"Total Cost": 1.25,"Plan Rows": 25,"Plan Width": 108,"Actual Startup Time": 0.097,"Actual Total Time": 0.101,"Actual Rows": 25,"Actual Loops": 4,"Hash Buckets": 1024,"Original Hash Buckets": 1024,"Hash Batches": 1,"Original Hash Batches": 1,"Peak Memory Usage": 10,"Workers": [],"Plans": [{"Node Type": "Seq Scan","Parent Relationship": "Outer","Parallel Aware": false,"Async Capable": false,"Relation Name": "nation","Alias": "nation","Startup Cost": 0.00,"Total Cost": 1.25,"Plan Rows": 25,"Plan Width": 108,"Actual Startup Time": 0.065,"Actual Total Time": 0.071,"Actual Rows": 25,"Actual Loops": 4,"Workers": []}]}]}]}]}]},"Planning Time": 6.342,"Triggers": [],"Execution Time": 656.718}]
[{"Plan": {"Node Type": "Sort","Parallel Aware": false,"Async Capable": false,"Startup Cost": 130310.74,"Total Cost": 130450.54,"Plan Rows": 55918,"Plan Width": 280,"Actual Startup Time": 603.874,"Actual Total Time": 643.975,"Actual Rows": 37728,"Actual Loops": 1,"Sort Key": ["(sum((lineitem.l_extendedprice * ('1'::numeric - lineitem.l_discount)))) DESC"],"Sort Method": "quicksort","Sort Space Used": 9784,"Sort Space Type": "Memory","Plans": [{"Node Type": "Aggregate","Strategy": "Hashed","Partial Mode": "Simple","Parent Relationship": "Outer","Parallel Aware": false,"Async Capable": false,"Startup Cost": 125202.34,"Total Cost": 125901.32,"Plan Rows": 55918,"Plan Width": 280,"Actual Startup Time": 420.772,"Actual Total Time": 572.027,"Actual Rows": 37728,"Actual Loops": 1,"Group Key": ["customer.c_custkey", "nation.n_name"],"Planned Partitions": 0,"HashAgg Batches": 1,"Peak Memory Usage": 26129,"Disk Usage": 0,"Plans": [{"Node Type": "Gather","Parent Relationship": "Outer","Parallel Aware": false,"Async Capable": false,"Startup Cost": 6779.72,"Total Cost": 124503.37,"Plan Rows": 55918,"Plan Width": 260,"Actual Startup Time": 83.828,"Actual Total Time": 288.561,"Actual Rows": 114106,"Actual Loops": 1,"Workers Planned": 3,"Workers Launched": 3,"Single Copy": false,"Plans": [{"Node Type": "Hash Join","Parent Relationship": "Outer","Parallel Aware": false,"Async Capable": false,"Join Type": "Inner","Startup Cost": 5779.72,"Total Cost": 117911.57,"Plan Rows": 18038,"Plan Width": 260,"Actual Startup Time": 76.669,"Actual Total Time": 363.746,"Actual Rows": 28526,"Actual Loops": 4,"Inner Unique": true,"Hash Cond": "(customer.c_nationkey = nation.n_nationkey)","Workers": [],"Plans": [{"Node Type": "Hash Join","Parent Relationship": "Outer","Parallel Aware": true,"Async Capable": false,"Join Type": "Inner","Startup Cost": 5778.16,"Total Cost": 117854.62,"Plan Rows": 18038,"Plan Width": 160,"Actual Startup Time": 76.278,"Actual Total Time": 354.947,"Actual Rows": 28526,"Actual Loops": 4,"Inner Unique": true,"Hash Cond": "(orders.o_custkey = customer.c_custkey)","Workers": [],"Plans": [{"Node Type": "Nested Loop","Parent Relationship": "Outer","Parallel Aware": false,"Async Capable": false,"Join Type": "Inner","Startup Cost": 786.91,"Total Cost": 112816.03,"Plan Rows": 18038,"Plan Width": 16,"Actual Startup Time": 13.309,"Actual Total Time": 250.189,"Actual Rows": 28526,"Actual Loops": 4,"Inner Unique": false,"Workers": [],"Plans": [{"Node Type": "Bitmap Heap Scan","Parent Relationship": "Outer","Parallel Aware": true,"Async Capable": false,"Relation Name": "orders","Alias": "orders","Startup Cost": 786.47,"Total Cost": 27156.24,"Plan Rows": 18318,"Plan Width": 8,"Actual Startup Time": 13.234,"Actual Total Time": 69.997,"Actual Rows": 14148,"Actual Loops": 4,"Recheck Cond": "((o_orderdate >= '1993-09-01'::date) AND (o_orderdate < '1993-12-01 00:00:00'::timestamp without time zone))","Rows Removed by Index Recheck": 0,"Exact Heap Blocks": 3617,"Lossy Heap Blocks": 0,"Workers": [],"Plans": [{"Node Type": "Bitmap Index Scan","Parent Relationship": "Outer","Parallel Aware": false,"Async Capable": false,"Index Name": "idx_orders_orderdate","Startup Cost": 0.00,"Total Cost": 772.28,"Plan Rows": 56785,"Plan Width": 0,"Actual Startup Time": 10.161,"Actual Total Time": 10.165,"Actual Rows": 56592,"Actual Loops": 1,"Index Cond": "((o_orderdate >= '1993-09-01'::date) AND (o_orderdate < '1993-12-01 00:00:00'::timestamp without time zone))","Workers": []}]},{"Node Type": "Index Scan","Parent Relationship": "Inner","Parallel Aware": false,"Async Capable": false,"Scan Direction": "Forward","Index Name": "idx_lineitem_orderkey","Relation Name": "lineitem","Alias": "lineitem","Startup Cost": 0.43,"Total Cost": 4.64,"Plan Rows": 4,"Plan Width": 16,"Actual Startup Time": 0.010,"Actual Total Time": 0.012,"Actual Rows": 2,"Actual Loops": 56592,"Index Cond": "(l_orderkey = orders.o_orderkey)","Rows Removed by Index Recheck": 0,"Filter": "(l_returnflag = 'R'::bpchar)","Rows Removed by Filter": 2,"Workers": []}]},{"Node Type": "Hash","Parent Relationship": "Inner","Parallel Aware": true,"Async Capable": false,"Startup Cost": 4210.00,"Total Cost": 4210.00,"Plan Rows": 62500,"Plan Width": 148,"Actual Startup Time": 62.426,"Actual Total Time": 62.432,"Actual Rows": 37500,"Actual Loops": 4,"Hash Buckets": 262144,"Original Hash Buckets": 262144,"Hash Batches": 1,"Original Hash Batches": 1,"Peak Memory Usage": 29312,"Workers": [],"Plans": [{"Node Type": "Seq Scan","Parent Relationship": "Outer","Parallel Aware": true,"Async Capable": false,"Relation Name": "customer","Alias": "customer","Startup Cost": 0.00,"Total Cost": 4210.00,"Plan Rows": 62500,"Plan Width": 148,"Actual Startup Time": 0.023,"Actual Total Time": 26.530,"Actual Rows": 37500,"Actual Loops": 4,"Workers": []}]}]},{"Node Type": "Hash","Parent Relationship": "Inner","Parallel Aware": false,"Async Capable": false,"Startup Cost": 1.25,"Total Cost": 1.25,"Plan Rows": 25,"Plan Width": 108,"Actual Startup Time": 0.095,"Actual Total Time": 0.100,"Actual Rows": 25,"Actual Loops": 4,"Hash Buckets": 1024,"Original Hash Buckets": 1024,"Hash Batches": 1,"Original Hash Batches": 1,"Peak Memory Usage": 10,"Workers": [],"Plans": [{"Node Type": "Seq Scan","Parent Relationship": "Outer","Parallel Aware": false,"Async Capable": false,"Relation Name": "nation","Alias": "nation","Startup Cost": 0.00,"Total Cost": 1.25,"Plan Rows": 25,"Plan Width": 108,"Actual Startup Time": 0.059,"Actual Total Time": 0.065,"Actual Rows": 25,"Actual Loops": 4,"Workers": []}]}]}]}]}]},"Planning Time": 7.546,"Triggers": [],"Execution Time": 648.224}]
[{"Plan": {"Node Type": "Sort","Parallel Aware": false,"Async Capable": false,"Startup Cost": 129819.00,"Total Cost": 129957.88,"Plan Rows": 55552,"Plan Width": 280,"Actual Startup Time": 608.281,"Actual Total Time": 648.391,"Actual Rows": 37948,"Actual Loops": 1,"Sort Key": ["(sum((lineitem.l_extendedprice * ('1'::numeric - lineitem.l_discount)))) DESC"],"Sort Method": "quicksort","Sort Space Used": 9840,"Sort Space Type": "Memory","Plans": [{"Node Type": "Aggregate","Strategy": "Hashed","Partial Mode": "Simple","Parent Relationship": "Outer","Parallel Aware": false,"Async Capable": false,"Startup Cost": 124746.67,"Total Cost": 125441.07,"Plan Rows": 55552,"Plan Width": 280,"Actual Startup Time": 419.818,"Actual Total Time": 574.956,"Actual Rows": 37948,"Actual Loops": 1,"Group Key": ["customer.c_custkey", "nation.n_name"],"Planned Partitions": 0,"HashAgg Batches": 1,"Peak Memory Usage": 26129,"Disk Usage": 0,"Plans": [{"Node Type": "Gather","Parent Relationship": "Outer","Parallel Aware": false,"Async Capable": false,"Startup Cost": 6771.91,"Total Cost": 124052.27,"Plan Rows": 55552,"Plan Width": 260,"Actual Startup Time": 82.501,"Actual Total Time": 287.884,"Actual Rows": 114775,"Actual Loops": 1,"Workers Planned": 3,"Workers Launched": 3,"Single Copy": false,"Plans": [{"Node Type": "Hash Join","Parent Relationship": "Outer","Parallel Aware": false,"Async Capable": false,"Join Type": "Inner","Startup Cost": 5771.91,"Total Cost": 117497.07,"Plan Rows": 17920,"Plan Width": 260,"Actual Startup Time": 75.276,"Actual Total Time": 362.951,"Actual Rows": 28694,"Actual Loops": 4,"Inner Unique": true,"Hash Cond": "(customer.c_nationkey = nation.n_nationkey)","Workers": [],"Plans": [{"Node Type": "Hash Join","Parent Relationship": "Outer","Parallel Aware": true,"Async Capable": false,"Join Type": "Inner","Startup Cost": 5770.34,"Total Cost": 117440.49,"Plan Rows": 17920,"Plan Width": 160,"Actual Startup Time": 74.883,"Actual Total Time": 354.260,"Actual Rows": 28694,"Actual Loops": 4,"Inner Unique": true,"Hash Cond": "(orders.o_custkey = customer.c_custkey)","Workers": [],"Plans": [{"Node Type": "Nested Loop","Parent Relationship": "Outer","Parallel Aware": false,"Async Capable": false,"Join Type": "Inner","Startup Cost": 779.09,"Total Cost": 112402.20,"Plan Rows": 17920,"Plan Width": 16,"Actual Startup Time": 13.340,"Actual Total Time": 252.834,"Actual Rows": 28694,"Actual Loops": 4,"Inner Unique": false,"Workers": [],"Plans": [{"Node Type": "Bitmap Heap Scan","Parent Relationship": "Outer","Parallel Aware": true,"Async Capable": false,"Relation Name": "orders","Alias": "orders","Startup Cost": 778.66,"Total Cost": 27146.63,"Plan Rows": 18198,"Plan Width": 8,"Actual Startup Time": 13.279,"Actual Total Time": 70.699,"Actual Rows": 14304,"Actual Loops": 4,"Recheck Cond": "((o_orderdate >= '1993-07-01'::date) AND (o_orderdate < '1993-10-01 00:00:00'::timestamp without time zone))","Rows Removed by Index Recheck": 0,"Exact Heap Blocks": 3636,"Lossy Heap Blocks": 0,"Workers": [],"Plans": [{"Node Type": "Bitmap Index Scan","Parent Relationship": "Outer","Parallel Aware": false,"Async Capable": false,"Index Name": "idx_orders_orderdate","Startup Cost": 0.00,"Total Cost": 764.56,"Plan Rows": 56413,"Plan Width": 0,"Actual Startup Time": 10.131,"Actual Total Time": 10.133,"Actual Rows": 57218,"Actual Loops": 1,"Index Cond": "((o_orderdate >= '1993-07-01'::date) AND (o_orderdate < '1993-10-01 00:00:00'::timestamp without time zone))","Workers": []}]},{"Node Type": "Index Scan","Parent Relationship": "Inner","Parallel Aware": false,"Async Capable": false,"Scan Direction": "Forward","Index Name": "idx_lineitem_orderkey","Relation Name": "lineitem","Alias": "lineitem","Startup Cost": 0.43,"Total Cost": 4.64,"Plan Rows": 4,"Plan Width": 16,"Actual Startup Time": 0.010,"Actual Total Time": 0.012,"Actual Rows": 2,"Actual Loops": 57218,"Index Cond": "(l_orderkey = orders.o_orderkey)","Rows Removed by Index Recheck": 0,"Filter": "(l_returnflag = 'R'::bpchar)","Rows Removed by Filter": 2,"Workers": []}]},{"Node Type": "Hash","Parent Relationship": "Inner","Parallel Aware": true,"Async Capable": false,"Startup Cost": 4210.00,"Total Cost": 4210.00,"Plan Rows": 62500,"Plan Width": 148,"Actual Startup Time": 60.976,"Actual Total Time": 60.983,"Actual Rows": 37500,"Actual Loops": 4,"Hash Buckets": 262144,"Original Hash Buckets": 262144,"Hash Batches": 1,"Original Hash Batches": 1,"Peak Memory Usage": 29344,"Workers": [],"Plans": [{"Node Type": "Seq Scan","Parent Relationship": "Outer","Parallel Aware": true,"Async Capable": false,"Relation Name": "customer","Alias": "customer","Startup Cost": 0.00,"Total Cost": 4210.00,"Plan Rows": 62500,"Plan Width": 148,"Actual Startup Time": 0.026,"Actual Total Time": 27.898,"Actual Rows": 37500,"Actual Loops": 4,"Workers": []}]}]},{"Node Type": "Hash","Parent Relationship": "Inner","Parallel Aware": false,"Async Capable": false,"Startup Cost": 1.25,"Total Cost": 1.25,"Plan Rows": 25,"Plan Width": 108,"Actual Startup Time": 0.100,"Actual Total Time": 0.105,"Actual Rows": 25,"Actual Loops": 4,"Hash Buckets": 1024,"Original Hash Buckets": 1024,"Hash Batches": 1,"Original Hash Batches": 1,"Peak Memory Usage": 10,"Workers": [],"Plans": [{"Node Type": "Seq Scan","Parent Relationship": "Outer","Parallel Aware": false,"Async Capable": false,"Relation Name": "nation","Alias": "nation","Startup Cost": 0.00,"Total Cost": 1.25,"Plan Rows": 25,"Plan Width": 108,"Actual Startup Time": 0.065,"Actual Total Time": 0.072,"Actual Rows": 25,"Actual Loops": 4,"Workers": []}]}]}]}]}]},"Planning Time": 6.175,"Triggers": [],"Execution Time": 652.968}]
[{"Plan": {"Node Type": "Sort","Parallel Aware": false,"Async Capable": false,"Startup Cost": 130809.03,"Total Cost": 130949.76,"Plan Rows": 56293,"Plan Width": 280,"Actual Startup Time": 582.640,"Actual Total Time": 623.609,"Actual Rows": 37618,"Actual Loops": 1,"Sort Key": ["(sum((lineitem.l_extendedprice * ('1'::numeric - lineitem.l_discount)))) DESC"],"Sort Method": "quicksort","Sort Space Used": 9764,"Sort Space Type": "Memory","Plans": [{"Node Type": "Aggregate","Strategy": "Hashed","Partial Mode": "Simple","Parent Relationship": "Outer","Parallel Aware": false,"Async Capable": false,"Startup Cost": 125663.66,"Total Cost": 126367.32,"Plan Rows": 56293,"Plan Width": 280,"Actual Startup Time": 404.905,"Actual Total Time": 550.580,"Actual Rows": 37618,"Actual Loops": 1,"Group Key": ["customer.c_custkey", "nation.n_name"],"Planned Partitions": 0,"HashAgg Batches": 1,"Peak Memory Usage": 26129,"Disk Usage": 0,"Plans": [{"Node Type": "Gather","Parent Relationship": "Outer","Parallel Aware": false,"Async Capable": false,"Startup Cost": 6783.62,"Total Cost": 124960.00,"Plan Rows": 56293,"Plan Width": 260,"Actual Startup Time": 77.508,"Actual Total Time": 283.856,"Actual Rows": 113037,"Actual Loops": 1,"Workers Planned": 3,"Workers Launched": 3,"Single Copy": false,"Plans": [{"Node Type": "Hash Join","Parent Relationship": "Outer","Parallel Aware": false,"Async Capable": false,"Join Type": "Inner","Startup Cost": 5783.62,"Total Cost": 118330.70,"Plan Rows": 18159,"Plan Width": 260,"Actual Startup Time": 69.943,"Actual Total Time": 350.172,"Actual Rows": 28259,"Actual Loops": 4,"Inner Unique": true,"Hash Cond": "(customer.c_nationkey = nation.n_nationkey)","Workers": [],"Plans": [{"Node Type": "Hash Join","Parent Relationship": "Outer","Parallel Aware": true,"Async Capable": false,"Join Type": "Inner","Startup Cost": 5782.06,"Total Cost": 118273.39,"Plan Rows": 18159,"Plan Width": 160,"Actual Startup Time": 69.505,"Actual Total Time": 341.161,"Actual Rows": 28259,"Actual Loops": 4,"Inner Unique": true,"Hash Cond": "(orders.o_custkey = customer.c_custkey)","Workers": [],"Plans": [{"Node Type": "Nested Loop","Parent Relationship": "Outer","Parallel Aware": false,"Async Capable": false,"Join Type": "Inner","Startup Cost": 790.81,"Total Cost": 113234.47,"Plan Rows": 18159,"Plan Width": 16,"Actual Startup Time": 13.628,"Actual Total Time": 244.904,"Actual Rows": 28259,"Actual Loops": 4,"Inner Unique": false,"Workers": [],"Plans": [{"Node Type": "Bitmap Heap Scan","Parent Relationship": "Outer","Parallel Aware": true,"Async Capable": false,"Relation Name": "orders","Alias": "orders","Startup Cost": 790.38,"Total Cost": 27161.99,"Plan Rows": 18441,"Plan Width": 8,"Actual Startup Time": 13.544,"Actual Total Time": 67.991,"Actual Rows": 14129,"Actual Loops": 4,"Recheck Cond": "((o_orderdate >= '1994-09-01'::date) AND (o_orderdate < '1994-12-01 00:00:00'::timestamp without time zone))","Rows Removed by Index Recheck": 0,"Exact Heap Blocks": 3515,"Lossy Heap Blocks": 0,"Workers": [],"Plans": [{"Node Type": "Bitmap Index Scan","Parent Relationship": "Outer","Parallel Aware": false,"Async Capable": false,"Index Name": "idx_orders_orderdate","Startup Cost": 0.00,"Total Cost": 776.09,"Plan Rows": 57166,"Plan Width": 0,"Actual Startup Time": 10.241,"Actual Total Time": 10.248,"Actual Rows": 56516,"Actual Loops": 1,"Index Cond": "((o_orderdate >= '1994-09-01'::date) AND (o_orderdate < '1994-12-01 00:00:00'::timestamp without time zone))","Workers": []}]},{"Node Type": "Index Scan","Parent Relationship": "Inner","Parallel Aware": false,"Async Capable": false,"Scan Direction": "Forward","Index Name": "idx_lineitem_orderkey","Relation Name": "lineitem","Alias": "lineitem","Startup Cost": 0.43,"Total Cost": 4.63,"Plan Rows": 4,"Plan Width": 16,"Actual Startup Time": 0.010,"Actual Total Time": 0.012,"Actual Rows": 2,"Actual Loops": 56516,"Index Cond": "(l_orderkey = orders.o_orderkey)","Rows Removed by Index Recheck": 0,"Filter": "(l_returnflag = 'R'::bpchar)","Rows Removed by Filter": 2,"Workers": []}]},{"Node Type": "Hash","Parent Relationship": "Inner","Parallel Aware": true,"Async Capable": false,"Startup Cost": 4210.00,"Total Cost": 4210.00,"Plan Rows": 62500,"Plan Width": 148,"Actual Startup Time": 55.246,"Actual Total Time": 55.254,"Actual Rows": 37500,"Actual Loops": 4,"Hash Buckets": 262144,"Original Hash Buckets": 262144,"Hash Batches": 1,"Original Hash Batches": 1,"Peak Memory Usage": 29280,"Workers": [],"Plans": [{"Node Type": "Seq Scan","Parent Relationship": "Outer","Parallel Aware": true,"Async Capable": false,"Relation Name": "customer","Alias": "customer","Startup Cost": 0.00,"Total Cost": 4210.00,"Plan Rows": 62500,"Plan Width": 148,"Actual Startup Time": 0.029,"Actual Total Time": 24.927,"Actual Rows": 37500,"Actual Loops": 4,"Workers": []}]}]},{"Node Type": "Hash","Parent Relationship": "Inner","Parallel Aware": false,"Async Capable": false,"Startup Cost": 1.25,"Total Cost": 1.25,"Plan Rows": 25,"Plan Width": 108,"Actual Startup Time": 0.092,"Actual Total Time": 0.096,"Actual Rows": 25,"Actual Loops": 4,"Hash Buckets": 1024,"Original Hash Buckets": 1024,"Hash Batches": 1,"Original Hash Batches": 1,"Peak Memory Usage": 10,"Workers": [],"Plans": [{"Node Type": "Seq Scan","Parent Relationship": "Outer","Parallel Aware": false,"Async Capable": false,"Relation Name": "nation","Alias": "nation","Startup Cost": 0.00,"Total Cost": 1.25,"Plan Rows": 25,"Plan Width": 108,"Actual Startup Time": 0.062,"Actual Total Time": 0.068,"Actual Rows": 25,"Actual Loops": 4,"Workers": []}]}]}]}]}]},"Planning Time": 5.868,"Triggers": [],"Execution Time": 629.137}]
[{"Plan": {"Node Type": "Sort","Parallel Aware": false,"Async Capable": false,"Startup Cost": 131080.21,"Total Cost": 131221.46,"Plan Rows": 56499,"Plan Width": 280,"Actual Startup Time": 605.493,"Actual Total Time": 645.716,"Actual Rows": 37967,"Actual Loops": 1,"Sort Key": ["(sum((lineitem.l_extendedprice * ('1'::numeric - lineitem.l_discount)))) DESC"],"Sort Method": "quicksort","Sort Space Used": 9838,"Sort Space Type": "Memory","Plans": [{"Node Type": "Aggregate","Strategy": "Hashed","Partial Mode": "Simple","Parent Relationship": "Outer","Parallel Aware": false,"Async Capable": false,"Startup Cost": 125914.53,"Total Cost": 126620.77,"Plan Rows": 56499,"Plan Width": 280,"Actual Startup Time": 424.904,"Actual Total Time": 572.991,"Actual Rows": 37967,"Actual Loops": 1,"Group Key": ["customer.c_custkey", "nation.n_name"],"Planned Partitions": 0,"HashAgg Batches": 1,"Peak Memory Usage": 26129,"Disk Usage": 0,"Plans": [{"Node Type": "Gather","Parent Relationship": "Outer","Parallel Aware": false,"Async Capable": false,"Startup Cost": 6785.77,"Total Cost": 125208.29,"Plan Rows": 56499,"Plan Width": 260,"Actual Startup Time": 85.491,"Actual Total Time": 295.043,"Actual Rows": 114705,"Actual Loops": 1,"Workers Planned": 3,"Workers Launched": 3,"Single Copy": false,"Plans": [{"Node Type": "Hash Join","Parent Relationship": "Outer","Parallel Aware": false,"Async Capable": false,"Join Type": "Inner","Startup Cost": 5785.77,"Total Cost": 118558.39,"Plan Rows": 18225,"Plan Width": 260,"Actual Startup Time": 77.990,"Actual Total Time": 369.128,"Actual Rows": 28676,"Actual Loops": 4,"Inner Unique": true,"Hash Cond": "(customer.c_nationkey = nation.n_nationkey)","Workers": [],"Plans": [{"Node Type": "Hash Join","Parent Relationship": "Outer","Parallel Aware": true,"Async Capable": false,"Join Type": "Inner","Startup Cost": 5784.20,"Total Cost": 118500.88,"Plan Rows": 18225,"Plan Width": 160,"Actual Startup Time": 77.566,"Actual Total Time": 359.708,"Actual Rows": 28676,"Actual Loops": 4,"Inner Unique": true,"Hash Cond": "(orders.o_custkey = customer.c_custkey)","Workers": [],"Plans": [{"Node Type": "Nested Loop","Parent Relationship": "Outer","Parallel Aware": false,"Async Capable": false,"Join Type": "Inner","Startup Cost": 792.95,"Total Cost": 113461.79,"Plan Rows": 18225,"Plan Width": 16,"Actual Startup Time": 13.246,"Actual Total Time": 255.571,"Actual Rows": 28676,"Actual Loops": 4,"Inner Unique": false,"Workers": [],"Plans": [{"Node Type": "Bitmap Heap Scan","Parent Relationship": "Outer","Parallel Aware": true,"Async Capable": false,"Relation Name": "orders","Alias": "orders","Startup Cost": 792.52,"Total Cost": 27165.14,"Plan Rows": 18508,"Plan Width": 8,"Actual Startup Time": 13.160,"Actual Total Time": 71.475,"Actual Rows": 14267,"Actual Loops": 4,"Recheck Cond": "((o_orderdate >= '1993-10-01'::date) AND (o_orderdate < '1994-01-01 00:00:00'::timestamp without time zone))","Rows Removed by Index Recheck": 0,"Exact Heap Blocks": 3708,"Lossy Heap Blocks": 0,"Workers": [],"Plans": [{"Node Type": "Bitmap Index Scan","Parent Relationship": "Outer","Parallel Aware": false,"Async Capable": false,"Index Name": "idx_orders_orderdate","Startup Cost": 0.00,"Total Cost": 778.18,"Plan Rows": 57375,"Plan Width": 0,"Actual Startup Time": 10.062,"Actual Total Time": 10.069,"Actual Rows": 57069,"Actual Loops": 1,"Index Cond": "((o_orderdate >= '1993-10-01'::date) AND (o_orderdate < '1994-01-01 00:00:00'::timestamp without time zone))","Workers": []}]},{"Node Type": "Index Scan","Parent Relationship": "Inner","Parallel Aware": false,"Async Capable": false,"Scan Direction": "Forward","Index Name": "idx_lineitem_orderkey","Relation Name": "lineitem","Alias": "lineitem","Startup Cost": 0.43,"Total Cost": 4.62,"Plan Rows": 4,"Plan Width": 16,"Actual Startup Time": 0.011,"Actual Total Time": 0.013,"Actual Rows": 2,"Actual Loops": 57069,"Index Cond": "(l_orderkey = orders.o_orderkey)","Rows Removed by Index Recheck": 0,"Filter": "(l_returnflag = 'R'::bpchar)","Rows Removed by Filter": 2,"Workers": []}]},{"Node Type": "Hash","Parent Relationship": "Inner","Parallel Aware": true,"Async Capable": false,"Startup Cost": 4210.00,"Total Cost": 4210.00,"Plan Rows": 62500,"Plan Width": 148,"Actual Startup Time": 63.688,"Actual Total Time": 63.696,"Actual Rows": 37500,"Actual Loops": 4,"Hash Buckets": 262144,"Original Hash Buckets": 262144,"Hash Batches": 1,"Original Hash Batches": 1,"Peak Memory Usage": 29312,"Workers": [],"Plans": [{"Node Type": "Seq Scan","Parent Relationship": "Outer","Parallel Aware": true,"Async Capable": false,"Relation Name": "customer","Alias": "customer","Startup Cost": 0.00,"Total Cost": 4210.00,"Plan Rows": 62500,"Plan Width": 148,"Actual Startup Time": 0.034,"Actual Total Time": 28.900,"Actual Rows": 37500,"Actual Loops": 4,"Workers": []}]}]},{"Node Type": "Hash","Parent Relationship": "Inner","Parallel Aware": false,"Async Capable": false,"Startup Cost": 1.25,"Total Cost": 1.25,"Plan Rows": 25,"Plan Width": 108,"Actual Startup Time": 0.102,"Actual Total Time": 0.107,"Actual Rows": 25,"Actual Loops": 4,"Hash Buckets": 1024,"Original Hash Buckets": 1024,"Hash Batches": 1,"Original Hash Batches": 1,"Peak Memory Usage": 10,"Workers": [],"Plans": [{"Node Type": "Seq Scan","Parent Relationship": "Outer","Parallel Aware": false,"Async Capable": false,"Relation Name": "nation","Alias": "nation","Startup Cost": 0.00,"Total Cost": 1.25,"Plan Rows": 25,"Plan Width": 108,"Actual Startup Time": 0.070,"Actual Total Time": 0.076,"Actual Rows": 25,"Actual Loops": 4,"Workers": []}]}]}]}]}]},"Planning Time": 6.575,"Triggers": [],"Execution Time": 649.944}]
[{"Plan": {"Node Type": "Sort","Parallel Aware": false,"Async Capable": false,"Startup Cost": 131330.41,"Total Cost": 131472.12,"Plan Rows": 56686,"Plan Width": 280,"Actual Startup Time": 587.483,"Actual Total Time": 628.086,"Actual Rows": 37925,"Actual Loops": 1,"Sort Key": ["(sum((lineitem.l_extendedprice * ('1'::numeric - lineitem.l_discount)))) DESC"],"Sort Method": "quicksort","Sort Space Used": 9832,"Sort Space Type": "Memory","Plans": [{"Node Type": "Aggregate","Strategy": "Hashed","Partial Mode": "Simple","Parent Relationship": "Outer","Parallel Aware": false,"Async Capable": false,"Startup Cost": 126146.27,"Total Cost": 126854.85,"Plan Rows": 56686,"Plan Width": 280,"Actual Startup Time": 410.388,"Actual Total Time": 556.054,"Actual Rows": 37925,"Actual Loops": 1,"Group Key": ["customer.c_custkey", "nation.n_name"],"Planned Partitions": 0,"HashAgg Batches": 1,"Peak Memory Usage": 26129,"Disk Usage": 0,"Plans": [{"Node Type": "Gather","Parent Relationship": "Outer","Parallel Aware": false,"Async Capable": false,"Startup Cost": 6791.71,"Total Cost": 125437.70,"Plan Rows": 56686,"Plan Width": 260,"Actual Startup Time": 76.070,"Actual Total Time": 284.431,"Actual Rows": 114550,"Actual Loops": 1,"Workers Planned": 3,"Workers Launched": 3,"Single Copy": false,"Plans": [{"Node Type": "Hash Join","Parent Relationship": "Outer","Parallel Aware": false,"Async Capable": false,"Join Type": "Inner","Startup Cost": 5791.71,"Total Cost": 118769.10,"Plan Rows": 18286,"Plan Width": 260,"Actual Startup Time": 68.409,"Actual Total Time": 355.040,"Actual Rows": 28638,"Actual Loops": 4,"Inner Unique": true,"Hash Cond": "(customer.c_nationkey = nation.n_nationkey)","Workers": [],"Plans": [{"Node Type": "Hash Join","Parent Relationship": "Outer","Parallel Aware": true,"Async Capable": false,"Join Type": "Inner","Startup Cost": 5790.15,"Total Cost": 118711.40,"Plan Rows": 18286,"Plan Width": 160,"Actual Startup Time": 67.911,"Actual Total Time": 346.301,"Actual Rows": 28638,"Actual Loops": 4,"Inner Unique": true,"Hash Cond": "(orders.o_custkey = customer.c_custkey)","Workers": [],"Plans": [{"Node Type": "Nested Loop","Parent Relationship": "Outer","Parallel Aware": false,"Async Capable": false,"Join Type": "Inner","Startup Cost": 798.90,"Total Cost": 113672.15,"Plan Rows": 18286,"Plan Width": 16,"Actual Startup Time": 13.342,"Actual Total Time": 249.825,"Actual Rows": 28638,"Actual Loops": 4,"Inner Unique": false,"Workers": [],"Plans": [{"Node Type": "Bitmap Heap Scan","Parent Relationship": "Outer","Parallel Aware": true,"Async Capable": false,"Relation Name": "orders","Alias": "orders","Startup Cost": 798.47,"Total Cost": 27172.01,"Plan Rows": 18569,"Plan Width": 8,"Actual Startup Time": 13.275,"Actual Total Time": 71.340,"Actual Rows": 14284,"Actual Loops": 4,"Recheck Cond": "((o_orderdate >= '1993-08-01'::date) AND (o_orderdate < '1993-11-01 00:00:00'::timestamp without time zone))","Rows Removed by Index Recheck": 0,"Exact Heap Blocks": 3594,"Lossy Heap Blocks": 0,"Workers": [],"Plans": [{"Node Type": "Bitmap Index Scan","Parent Relationship": "Outer","Parallel Aware": false,"Async Capable": false,"Index Name": "idx_orders_orderdate","Startup Cost": 0.00,"Total Cost": 784.08,"Plan Rows": 57565,"Plan Width": 0,"Actual Startup Time": 10.135,"Actual Total Time": 10.136,"Actual Rows": 57138,"Actual Loops": 1,"Index Cond": "((o_orderdate >= '1993-08-01'::date) AND (o_orderdate < '1993-11-01 00:00:00'::timestamp without time zone))","Workers": []}]},{"Node Type": "Index Scan","Parent Relationship": "Inner","Parallel Aware": false,"Async Capable": false,"Scan Direction": "Forward","Index Name": "idx_lineitem_orderkey","Relation Name": "lineitem","Alias": "lineitem","Startup Cost": 0.43,"Total Cost": 4.62,"Plan Rows": 4,"Plan Width": 16,"Actual Startup Time": 0.010,"Actual Total Time": 0.012,"Actual Rows": 2,"Actual Loops": 57138,"Index Cond": "(l_orderkey = orders.o_orderkey)","Rows Removed by Index Recheck": 0,"Filter": "(l_returnflag = 'R'::bpchar)","Rows Removed by Filter": 2,"Workers": []}]},{"Node Type": "Hash","Parent Relationship": "Inner","Parallel Aware": true,"Async Capable": false,"Startup Cost": 4210.00,"Total Cost": 4210.00,"Plan Rows": 62500,"Plan Width": 148,"Actual Startup Time": 53.968,"Actual Total Time": 53.976,"Actual Rows": 37500,"Actual Loops": 4,"Hash Buckets": 262144,"Original Hash Buckets": 262144,"Hash Batches": 1,"Original Hash Batches": 1,"Peak Memory Usage": 29344,"Workers": [],"Plans": [{"Node Type": "Seq Scan","Parent Relationship": "Outer","Parallel Aware": true,"Async Capable": false,"Relation Name": "customer","Alias": "customer","Startup Cost": 0.00,"Total Cost": 4210.00,"Plan Rows": 62500,"Plan Width": 148,"Actual Startup Time": 0.023,"Actual Total Time": 24.403,"Actual Rows": 37500,"Actual Loops": 4,"Workers": []}]}]},{"Node Type": "Hash","Parent Relationship": "Inner","Parallel Aware": false,"Async Capable": false,"Startup Cost": 1.25,"Total Cost": 1.25,"Plan Rows": 25,"Plan Width": 108,"Actual Startup Time": 0.099,"Actual Total Time": 0.106,"Actual Rows": 25,"Actual Loops": 4,"Hash Buckets": 1024,"Original Hash Buckets": 1024,"Hash Batches": 1,"Original Hash Batches": 1,"Peak Memory Usage": 10,"Workers": [],"Plans": [{"Node Type": "Seq Scan","Parent Relationship": "Outer","Parallel Aware": false,"Async Capable": false,"Relation Name": "nation","Alias": "nation","Startup Cost": 0.00,"Total Cost": 1.25,"Plan Rows": 25,"Plan Width": 108,"Actual Startup Time": 0.062,"Actual Total Time": 0.071,"Actual Rows": 25,"Actual Loops": 4,"Workers": []}]}]}]}]}]},"Planning Time": 6.540,"Triggers": [],"Execution Time": 634.012}]
[{"Plan": {"Node Type": "Sort","Parallel Aware": false,"Async Capable": false,"Startup Cost": 130505.43,"Total Cost": 130645.60,"Plan Rows": 56065,"Plan Width": 280,"Actual Startup Time": 601.513,"Actual Total Time": 641.580,"Actual Rows": 37018,"Actual Loops": 1,"Sort Key": ["(sum((lineitem.l_extendedprice * ('1'::numeric - lineitem.l_discount)))) DESC"],"Sort Method": "quicksort","Sort Space Used": 9627,"Sort Space Type": "Memory","Plans": [{"Node Type": "Aggregate","Strategy": "Hashed","Partial Mode": "Simple","Parent Relationship": "Outer","Parallel Aware": false,"Async Capable": false,"Startup Cost": 125382.55,"Total Cost": 126083.36,"Plan Rows": 56065,"Plan Width": 280,"Actual Startup Time": 416.495,"Actual Total Time": 572.420,"Actual Rows": 37018,"Actual Loops": 1,"Group Key": ["customer.c_custkey", "nation.n_name"],"Planned Partitions": 0,"HashAgg Batches": 1,"Peak Memory Usage": 26129,"Disk Usage": 0,"Plans": [{"Node Type": "Gather","Parent Relationship": "Outer","Parallel Aware": false,"Async Capable": false,"Startup Cost": 6781.25,"Total Cost": 124681.73,"Plan Rows": 56065,"Plan Width": 260,"Actual Startup Time": 81.623,"Actual Total Time": 288.921,"Actual Rows": 110603,"Actual Loops": 1,"Workers Planned": 3,"Workers Launched": 3,"Single Copy": false,"Plans": [{"Node Type": "Hash Join","Parent Relationship": "Outer","Parallel Aware": false,"Async Capable": false,"Join Type": "Inner","Startup Cost": 5781.25,"Total Cost": 118075.23,"Plan Rows": 18085,"Plan Width": 260,"Actual Startup Time": 74.243,"Actual Total Time": 359.851,"Actual Rows": 27651,"Actual Loops": 4,"Inner Unique": true,"Hash Cond": "(customer.c_nationkey = nation.n_nationkey)","Workers": [],"Plans": [{"Node Type": "Hash Join","Parent Relationship": "Outer","Parallel Aware": true,"Async Capable": false,"Join Type": "Inner","Startup Cost": 5779.68,"Total Cost": 118018.16,"Plan Rows": 18085,"Plan Width": 160,"Actual Startup Time": 73.807,"Actual Total Time": 350.724,"Actual Rows": 27651,"Actual Loops": 4,"Inner Unique": true,"Hash Cond": "(orders.o_custkey = customer.c_custkey)","Workers": [],"Plans": [{"Node Type": "Nested Loop","Parent Relationship": "Outer","Parallel Aware": false,"Async Capable": false,"Join Type": "Inner","Startup Cost": 788.43,"Total Cost": 112979.43,"Plan Rows": 18085,"Plan Width": 16,"Actual Startup Time": 13.351,"Actual Total Time": 248.674,"Actual Rows": 27651,"Actual Loops": 4,"Inner Unique": false,"Workers": [],"Plans": [{"Node Type": "Bitmap Heap Scan","Parent Relationship": "Outer","Parallel Aware": true,"Async Capable": false,"Relation Name": "orders","Alias": "orders","Startup Cost": 788.00,"Total Cost": 27158.49,"Plan Rows": 18366,"Plan Width": 8,"Actual Startup Time": 13.297,"Actual Total Time": 70.614,"Actual Rows": 13866,"Actual Loops": 4,"Recheck Cond": "((o_orderdate >= '1994-02-01'::date) AND (o_orderdate < '1994-05-01 00:00:00'::timestamp without time zone))","Rows Removed by Index Recheck": 0,"Exact Heap Blocks": 3619,"Lossy Heap Blocks": 0,"Workers": [],"Plans": [{"Node Type": "Bitmap Index Scan","Parent Relationship": "Outer","Parallel Aware": false,"Async Capable": false,"Index Name": "idx_orders_orderdate","Startup Cost": 0.00,"Total Cost": 773.77,"Plan Rows": 56934,"Plan Width": 0,"Actual Startup Time": 10.157,"Actual Total Time": 10.161,"Actual Rows": 55462,"Actual Loops": 1,"Index Cond": "((o_orderdate >= '1994-02-01'::date) AND (o_orderdate < '1994-05-01 00:00:00'::timestamp without time zone))","Workers": []}]},{"Node Type": "Index Scan","Parent Relationship": "Inner","Parallel Aware": false,"Async Capable": false,"Scan Direction": "Forward","Index Name": "idx_lineitem_orderkey","Relation Name": "lineitem","Alias": "lineitem","Startup Cost": 0.43,"Total Cost": 4.63,"Plan Rows": 4,"Plan Width": 16,"Actual Startup Time": 0.010,"Actual Total Time": 0.012,"Actual Rows": 2,"Actual Loops": 55462,"Index Cond": "(l_orderkey = orders.o_orderkey)","Rows Removed by Index Recheck": 0,"Filter": "(l_returnflag = 'R'::bpchar)","Rows Removed by Filter": 2,"Workers": []}]},{"Node Type": "Hash","Parent Relationship": "Inner","Parallel Aware": true,"Async Capable": false,"Startup Cost": 4210.00,"Total Cost": 4210.00,"Plan Rows": 62500,"Plan Width": 148,"Actual Startup Time": 59.812,"Actual Total Time": 59.817,"Actual Rows": 37500,"Actual Loops": 4,"Hash Buckets": 262144,"Original Hash Buckets": 262144,"Hash Batches": 1,"Original Hash Batches": 1,"Peak Memory Usage": 29344,"Workers": [],"Plans": [{"Node Type": "Seq Scan","Parent Relationship": "Outer","Parallel Aware": true,"Async Capable": false,"Relation Name": "customer","Alias": "customer","Startup Cost": 0.00,"Total Cost": 4210.00,"Plan Rows": 62500,"Plan Width": 148,"Actual Startup Time": 0.038,"Actual Total Time": 25.477,"Actual Rows": 37500,"Actual Loops": 4,"Workers": []}]}]},{"Node Type": "Hash","Parent Relationship": "Inner","Parallel Aware": false,"Async Capable": false,"Startup Cost": 1.25,"Total Cost": 1.25,"Plan Rows": 25,"Plan Width": 108,"Actual Startup Time": 0.111,"Actual Total Time": 0.116,"Actual Rows": 25,"Actual Loops": 4,"Hash Buckets": 1024,"Original Hash Buckets": 1024,"Hash Batches": 1,"Original Hash Batches": 1,"Peak Memory Usage": 10,"Workers": [],"Plans": [{"Node Type": "Seq Scan","Parent Relationship": "Outer","Parallel Aware": false,"Async Capable": false,"Relation Name": "nation","Alias": "nation","Startup Cost": 0.00,"Total Cost": 1.25,"Plan Rows": 25,"Plan Width": 108,"Actual Startup Time": 0.071,"Actual Total Time": 0.077,"Actual Rows": 25,"Actual Loops": 4,"Workers": []}]}]}]}]}]},"Planning Time": 7.387,"Triggers": [],"Execution Time": 645.928}]
[{"Plan": {"Node Type": "Sort","Parallel Aware": false,"Async Capable": false,"Startup Cost": 131330.41,"Total Cost": 131472.12,"Plan Rows": 56686,"Plan Width": 280,"Actual Startup Time": 587.483,"Actual Total Time": 628.086,"Actual Rows": 37925,"Actual Loops": 1,"Sort Key": ["(sum((lineitem.l_extendedprice * ('1'::numeric - lineitem.l_discount)))) DESC"],"Sort Method": "quicksort","Sort Space Used": 9832,"Sort Space Type": "Memory","Plans": [{"Node Type": "Aggregate","Strategy": "Hashed","Partial Mode": "Simple","Parent Relationship": "Outer","Parallel Aware": false,"Async Capable": false,"Startup Cost": 126146.27,"Total Cost": 126854.85,"Plan Rows": 56686,"Plan Width": 280,"Actual Startup Time": 410.388,"Actual Total Time": 556.054,"Actual Rows": 37925,"Actual Loops": 1,"Group Key": ["customer.c_custkey", "nation.n_name"],"Planned Partitions": 0,"HashAgg Batches": 1,"Peak Memory Usage": 26129,"Disk Usage": 0,"Plans": [{"Node Type": "Gather","Parent Relationship": "Outer","Parallel Aware": false,"Async Capable": false,"Startup Cost": 6791.71,"Total Cost": 125437.70,"Plan Rows": 56686,"Plan Width": 260,"Actual Startup Time": 76.070,"Actual Total Time": 284.431,"Actual Rows": 114550,"Actual Loops": 1,"Workers Planned": 3,"Workers Launched": 3,"Single Copy": false,"Plans": [{"Node Type": "Hash Join","Parent Relationship": "Outer","Parallel Aware": false,"Async Capable": false,"Join Type": "Inner","Startup Cost": 5791.71,"Total Cost": 118769.10,"Plan Rows": 18286,"Plan Width": 260,"Actual Startup Time": 68.409,"Actual Total Time": 355.040,"Actual Rows": 28638,"Actual Loops": 4,"Inner Unique": true,"Hash Cond": "(customer.c_nationkey = nation.n_nationkey)","Workers": [],"Plans": [{"Node Type": "Hash Join","Parent Relationship": "Outer","Parallel Aware": true,"Async Capable": false,"Join Type": "Inner","Startup Cost": 5790.15,"Total Cost": 118711.40,"Plan Rows": 18286,"Plan Width": 160,"Actual Startup Time": 67.911,"Actual Total Time": 346.301,"Actual Rows": 28638,"Actual Loops": 4,"Inner Unique": true,"Hash Cond": "(orders.o_custkey = customer.c_custkey)","Workers": [],"Plans": [{"Node Type": "Nested Loop","Parent Relationship": "Outer","Parallel Aware": false,"Async Capable": false,"Join Type": "Inner","Startup Cost": 798.90,"Total Cost": 113672.15,"Plan Rows": 18286,"Plan Width": 16,"Actual Startup Time": 13.342,"Actual Total Time": 249.825,"Actual Rows": 28638,"Actual Loops": 4,"Inner Unique": false,"Workers": [],"Plans": [{"Node Type": "Bitmap Heap Scan","Parent Relationship": "Outer","Parallel Aware": true,"Async Capable": false,"Relation Name": "orders","Alias": "orders","Startup Cost": 798.47,"Total Cost": 27172.01,"Plan Rows": 18569,"Plan Width": 8,"Actual Startup Time": 13.275,"Actual Total Time": 71.340,"Actual Rows": 14284,"Actual Loops": 4,"Recheck Cond": "((o_orderdate >= '1993-08-01'::date) AND (o_orderdate < '1993-11-01 00:00:00'::timestamp without time zone))","Rows Removed by Index Recheck": 0,"Exact Heap Blocks": 3594,"Lossy Heap Blocks": 0,"Workers": [],"Plans": [{"Node Type": "Bitmap Index Scan","Parent Relationship": "Outer","Parallel Aware": false,"Async Capable": false,"Index Name": "idx_orders_orderdate","Startup Cost": 0.00,"Total Cost": 784.08,"Plan Rows": 57565,"Plan Width": 0,"Actual Startup Time": 10.135,"Actual Total Time": 10.136,"Actual Rows": 57138,"Actual Loops": 1,"Index Cond": "((o_orderdate >= '1993-08-01'::date) AND (o_orderdate < '1993-11-01 00:00:00'::timestamp without time zone))","Workers": []}]},{"Node Type": "Index Scan","Parent Relationship": "Inner","Parallel Aware": false,"Async Capable": false,"Scan Direction": "Forward","Index Name": "idx_lineitem_orderkey","Relation Name": "lineitem","Alias": "lineitem","Startup Cost": 0.43,"Total Cost": 4.62,"Plan Rows": 4,"Plan Width": 16,"Actual Startup Time": 0.010,"Actual Total Time": 0.012,"Actual Rows": 2,"Actual Loops": 57138,"Index Cond": "(l_orderkey = orders.o_orderkey)","Rows Removed by Index Recheck": 0,"Filter": "(l_returnflag = 'R'::bpchar)","Rows Removed by Filter": 2,"Workers": []}]},{"Node Type": "Hash","Parent Relationship": "Inner","Parallel Aware": true,"Async Capable": false,"Startup Cost": 4210.00,"Total Cost": 4210.00,"Plan Rows": 62500,"Plan Width": 148,"Actual Startup Time": 53.968,"Actual Total Time": 53.976,"Actual Rows": 37500,"Actual Loops": 4,"Hash Buckets": 262144,"Original Hash Buckets": 262144,"Hash Batches": 1,"Original Hash Batches": 1,"Peak Memory Usage": 29344,"Workers": [],"Plans": [{"Node Type": "Seq Scan","Parent Relationship": "Outer","Parallel Aware": true,"Async Capable": false,"Relation Name": "customer","Alias": "customer","Startup Cost": 0.00,"Total Cost": 4210.00,"Plan Rows": 62500,"Plan Width": 148,"Actual Startup Time": 0.023,"Actual Total Time": 24.403,"Actual Rows": 37500,"Actual Loops": 4,"Workers": []}]}]},{"Node Type": "Hash","Parent Relationship": "Inner","Parallel Aware": false,"Async Capable": false,"Startup Cost": 1.25,"Total Cost": 1.25,"Plan Rows": 25,"Plan Width": 108,"Actual Startup Time": 0.099,"Actual Total Time": 0.106,"Actual Rows": 25,"Actual Loops": 4,"Hash Buckets": 1024,"Original Hash Buckets": 1024,"Hash Batches": 1,"Original Hash Batches": 1,"Peak Memory Usage": 10,"Workers": [],"Plans": [{"Node Type": "Seq Scan","Parent Relationship": "Outer","Parallel Aware": false,"Async Capable": false,"Relation Name": "nation","Alias": "nation","Startup Cost": 0.00,"Total Cost": 1.25,"Plan Rows": 25,"Plan Width": 108,"Actual Startup Time": 0.062,"Actual Total Time": 0.071,"Actual Rows": 25,"Actual Loops": 4,"Workers": []}]}]}]}]}]},"Planning Time": 6.540,"Triggers": [],"Execution Time": 634.012}]
[{"Plan": {"Node Type": "Sort","Parallel Aware": false,"Async Capable": false,"Startup Cost": 130505.43,"Total Cost": 130645.60,"Plan Rows": 56065,"Plan Width": 280,"Actual Startup Time": 601.513,"Actual Total Time": 641.580,"Actual Rows": 37018,"Actual Loops": 1,"Sort Key": ["(sum((lineitem.l_extendedprice * ('1'::numeric - lineitem.l_discount)))) DESC"],"Sort Method": "quicksort","Sort Space Used": 9627,"Sort Space Type": "Memory","Plans": [{"Node Type": "Aggregate","Strategy": "Hashed","Partial Mode": "Simple","Parent Relationship": "Outer","Parallel Aware": false,"Async Capable": false,"Startup Cost": 125382.55,"Total Cost": 126083.36,"Plan Rows": 56065,"Plan Width": 280,"Actual Startup Time": 416.495,"Actual Total Time": 572.420,"Actual Rows": 37018,"Actual Loops": 1,"Group Key": ["customer.c_custkey", "nation.n_name"],"Planned Partitions": 0,"HashAgg Batches": 1,"Peak Memory Usage": 26129,"Disk Usage": 0,"Plans": [{"Node Type": "Gather","Parent Relationship": "Outer","Parallel Aware": false,"Async Capable": false,"Startup Cost": 6781.25,"Total Cost": 124681.73,"Plan Rows": 56065,"Plan Width": 260,"Actual Startup Time": 81.623,"Actual Total Time": 288.921,"Actual Rows": 110603,"Actual Loops": 1,"Workers Planned": 3,"Workers Launched": 3,"Single Copy": false,"Plans": [{"Node Type": "Hash Join","Parent Relationship": "Outer","Parallel Aware": false,"Async Capable": false,"Join Type": "Inner","Startup Cost": 5781.25,"Total Cost": 118075.23,"Plan Rows": 18085,"Plan Width": 260,"Actual Startup Time": 74.243,"Actual Total Time": 359.851,"Actual Rows": 27651,"Actual Loops": 4,"Inner Unique": true,"Hash Cond": "(customer.c_nationkey = nation.n_nationkey)","Workers": [],"Plans": [{"Node Type": "Hash Join","Parent Relationship": "Outer","Parallel Aware": true,"Async Capable": false,"Join Type": "Inner","Startup Cost": 5779.68,"Total Cost": 118018.16,"Plan Rows": 18085,"Plan Width": 160,"Actual Startup Time": 73.807,"Actual Total Time": 350.724,"Actual Rows": 27651,"Actual Loops": 4,"Inner Unique": true,"Hash Cond": "(orders.o_custkey = customer.c_custkey)","Workers": [],"Plans": [{"Node Type": "Nested Loop","Parent Relationship": "Outer","Parallel Aware": false,"Async Capable": false,"Join Type": "Inner","Startup Cost": 788.43,"Total Cost": 112979.43,"Plan Rows": 18085,"Plan Width": 16,"Actual Startup Time": 13.351,"Actual Total Time": 248.674,"Actual Rows": 27651,"Actual Loops": 4,"Inner Unique": false,"Workers": [],"Plans": [{"Node Type": "Bitmap Heap Scan","Parent Relationship": "Outer","Parallel Aware": true,"Async Capable": false,"Relation Name": "orders","Alias": "orders","Startup Cost": 788.00,"Total Cost": 27158.49,"Plan Rows": 18366,"Plan Width": 8,"Actual Startup Time": 13.297,"Actual Total Time": 70.614,"Actual Rows": 13866,"Actual Loops": 4,"Recheck Cond": "((o_orderdate >= '1994-02-01'::date) AND (o_orderdate < '1994-05-01 00:00:00'::timestamp without time zone))","Rows Removed by Index Recheck": 0,"Exact Heap Blocks": 3619,"Lossy Heap Blocks": 0,"Workers": [],"Plans": [{"Node Type": "Bitmap Index Scan","Parent Relationship": "Outer","Parallel Aware": false,"Async Capable": false,"Index Name": "idx_orders_orderdate","Startup Cost": 0.00,"Total Cost": 773.77,"Plan Rows": 56934,"Plan Width": 0,"Actual Startup Time": 10.157,"Actual Total Time": 10.161,"Actual Rows": 55462,"Actual Loops": 1,"Index Cond": "((o_orderdate >= '1994-02-01'::date) AND (o_orderdate < '1994-05-01 00:00:00'::timestamp without time zone))","Workers": []}]},{"Node Type": "Index Scan","Parent Relationship": "Inner","Parallel Aware": false,"Async Capable": false,"Scan Direction": "Forward","Index Name": "idx_lineitem_orderkey","Relation Name": "lineitem","Alias": "lineitem","Startup Cost": 0.43,"Total Cost": 4.63,"Plan Rows": 4,"Plan Width": 16,"Actual Startup Time": 0.010,"Actual Total Time": 0.012,"Actual Rows": 2,"Actual Loops": 55462,"Index Cond": "(l_orderkey = orders.o_orderkey)","Rows Removed by Index Recheck": 0,"Filter": "(l_returnflag = 'R'::bpchar)","Rows Removed by Filter": 2,"Workers": []}]},{"Node Type": "Hash","Parent Relationship": "Inner","Parallel Aware": true,"Async Capable": false,"Startup Cost": 4210.00,"Total Cost": 4210.00,"Plan Rows": 62500,"Plan Width": 148,"Actual Startup Time": 59.812,"Actual Total Time": 59.817,"Actual Rows": 37500,"Actual Loops": 4,"Hash Buckets": 262144,"Original Hash Buckets": 262144,"Hash Batches": 1,"Original Hash Batches": 1,"Peak Memory Usage": 29344,"Workers": [],"Plans": [{"Node Type": "Seq Scan","Parent Relationship": "Outer","Parallel Aware": true,"Async Capable": false,"Relation Name": "customer","Alias": "customer","Startup Cost": 0.00,"Total Cost": 4210.00,"Plan Rows": 62500,"Plan Width": 148,"Actual Startup Time": 0.038,"Actual Total Time": 25.477,"Actual Rows": 37500,"Actual Loops": 4,"Workers": []}]}]},{"Node Type": "Hash","Parent Relationship": "Inner","Parallel Aware": false,"Async Capable": false,"Startup Cost": 1.25,"Total Cost": 1.25,"Plan Rows": 25,"Plan Width": 108,"Actual Startup Time": 0.111,"Actual Total Time": 0.116,"Actual Rows": 25,"Actual Loops": 4,"Hash Buckets": 1024,"Original Hash Buckets": 1024,"Hash Batches": 1,"Original Hash Batches": 1,"Peak Memory Usage": 10,"Workers": [],"Plans": [{"Node Type": "Seq Scan","Parent Relationship": "Outer","Parallel Aware": false,"Async Capable": false,"Relation Name": "nation","Alias": "nation","Startup Cost": 0.00,"Total Cost": 1.25,"Plan Rows": 25,"Plan Width": 108,"Actual Startup Time": 0.071,"Actual Total Time": 0.077,"Actual Rows": 25,"Actual Loops": 4,"Workers": []}]}]}]}]}]},"Planning Time": 7.387,"Triggers": [],"Execution Time": 645.928}]
[{"Plan": {"Node Type": "Sort","Parallel Aware": false,"Async Capable": false,"Startup Cost": 131375.21,"Total Cost": 131517.01,"Plan Rows": 56721,"Plan Width": 280,"Actual Startup Time": 563.067,"Actual Total Time": 603.830,"Actual Rows": 37302,"Actual Loops": 1,"Sort Key": ["(sum((lineitem.l_extendedprice * ('1'::numeric - lineitem.l_discount)))) DESC"],"Sort Method": "quicksort","Sort Space Used": 9696,"Sort Space Type": "Memory","Plans": [{"Node Type": "Aggregate","Strategy": "Hashed","Partial Mode": "Simple","Parent Relationship": "Outer","Parallel Aware": false,"Async Capable": false,"Startup Cost": 126187.62,"Total Cost": 126896.63,"Plan Rows": 56721,"Plan Width": 280,"Actual Startup Time": 390.529,"Actual Total Time": 528.800,"Actual Rows": 37302,"Actual Loops": 1,"Group Key": ["customer.c_custkey", "nation.n_name"],"Planned Partitions": 0,"HashAgg Batches": 1,"Peak Memory Usage": 26129,"Disk Usage": 0,"Plans": [{"Node Type": "Gather","Parent Relationship": "Outer","Parallel Aware": false,"Async Capable": false,"Startup Cost": 6792.07,"Total Cost": 125478.61,"Plan Rows": 56721,"Plan Width": 260,"Actual Startup Time": 74.264,"Actual Total Time": 271.853,"Actual Rows": 111987,"Actual Loops": 1,"Workers Planned": 3,"Workers Launched": 3,"Single Copy": false,"Plans": [{"Node Type": "Hash Join","Parent Relationship": "Outer","Parallel Aware": false,"Async Capable": false,"Join Type": "Inner","Startup Cost": 5792.07,"Total Cost": 118806.51,"Plan Rows": 18297,"Plan Width": 260,"Actual Startup Time": 66.885,"Actual Total Time": 338.409,"Actual Rows": 27997,"Actual Loops": 4,"Inner Unique": true,"Hash Cond": "(customer.c_nationkey = nation.n_nationkey)","Workers": [],"Plans": [{"Node Type": "Hash Join","Parent Relationship": "Outer","Parallel Aware": true,"Async Capable": false,"Join Type": "Inner","Startup Cost": 5790.51,"Total Cost": 118748.77,"Plan Rows": 18297,"Plan Width": 160,"Actual Startup Time": 66.491,"Actual Total Time": 330.614,"Actual Rows": 27997,"Actual Loops": 4,"Inner Unique": true,"Hash Cond": "(orders.o_custkey = customer.c_custkey)","Workers": [],"Plans": [{"Node Type": "Nested Loop","Parent Relationship": "Outer","Parallel Aware": false,"Async Capable": false,"Join Type": "Inner","Startup Cost": 799.26,"Total Cost": 113709.49,"Plan Rows": 18297,"Plan Width": 16,"Actual Startup Time": 13.178,"Actual Total Time": 239.311,"Actual Rows": 27997,"Actual Loops": 4,"Inner Unique": false,"Workers": [],"Plans": [{"Node Type": "Bitmap Heap Scan","Parent Relationship": "Outer","Parallel Aware": true,"Async Capable": false,"Relation Name": "orders","Alias": "orders","Startup Cost": 798.83,"Total Cost": 27172.54,"Plan Rows": 18580,"Plan Width": 8,"Actual Startup Time": 13.117,"Actual Total Time": 66.928,"Actual Rows": 13993,"Actual Loops": 4,"Recheck Cond": "((o_orderdate >= '1993-12-01'::date) AND (o_orderdate < '1994-03-01 00:00:00'::timestamp without time zone))","Rows Removed by Index Recheck": 0,"Exact Heap Blocks": 3558,"Lossy Heap Blocks": 0,"Workers": [],"Plans": [{"Node Type": "Bitmap Index Scan","Parent Relationship": "Outer","Parallel Aware": false,"Async Capable": false,"Index Name": "idx_orders_orderdate","Startup Cost": 0.00,"Total Cost": 784.43,"Plan Rows": 57600,"Plan Width": 0,"Actual Startup Time": 10.042,"Actual Total Time": 10.048,"Actual Rows": 55973,"Actual Loops": 1,"Index Cond": "((o_orderdate >= '1993-12-01'::date) AND (o_orderdate < '1994-03-01 00:00:00'::timestamp without time zone))","Workers": []}]},{"Node Type": "Index Scan","Parent Relationship": "Inner","Parallel Aware": false,"Async Capable": false,"Scan Direction": "Forward","Index Name": "idx_lineitem_orderkey","Relation Name": "lineitem","Alias": "lineitem","Startup Cost": 0.43,"Total Cost": 4.62,"Plan Rows": 4,"Plan Width": 16,"Actual Startup Time": 0.010,"Actual Total Time": 0.012,"Actual Rows": 2,"Actual Loops": 55973,"Index Cond": "(l_orderkey = orders.o_orderkey)","Rows Removed by Index Recheck": 0,"Filter": "(l_returnflag = 'R'::bpchar)","Rows Removed by Filter": 2,"Workers": []}]},{"Node Type": "Hash","Parent Relationship": "Inner","Parallel Aware": true,"Async Capable": false,"Startup Cost": 4210.00,"Total Cost": 4210.00,"Plan Rows": 62500,"Plan Width": 148,"Actual Startup Time": 52.746,"Actual Total Time": 52.755,"Actual Rows": 37500,"Actual Loops": 4,"Hash Buckets": 262144,"Original Hash Buckets": 262144,"Hash Batches": 1,"Original Hash Batches": 1,"Peak Memory Usage": 29312,"Workers": [],"Plans": [{"Node Type": "Seq Scan","Parent Relationship": "Outer","Parallel Aware": true,"Async Capable": false,"Relation Name": "customer","Alias": "customer","Startup Cost": 0.00,"Total Cost": 4210.00,"Plan Rows": 62500,"Plan Width": 148,"Actual Startup Time": 0.028,"Actual Total Time": 23.004,"Actual Rows": 37500,"Actual Loops": 4,"Workers": []}]}]},{"Node Type": "Hash","Parent Relationship": "Inner","Parallel Aware": false,"Async Capable": false,"Startup Cost": 1.25,"Total Cost": 1.25,"Plan Rows": 25,"Plan Width": 108,"Actual Startup Time": 0.099,"Actual Total Time": 0.105,"Actual Rows": 25,"Actual Loops": 4,"Hash Buckets": 1024,"Original Hash Buckets": 1024,"Hash Batches": 1,"Original Hash Batches": 1,"Peak Memory Usage": 10,"Workers": [],"Plans": [{"Node Type": "Seq Scan","Parent Relationship": "Outer","Parallel Aware": false,"Async Capable": false,"Relation Name": "nation","Alias": "nation","Startup Cost": 0.00,"Total Cost": 1.25,"Plan Rows": 25,"Plan Width": 108,"Actual Startup Time": 0.067,"Actual Total Time": 0.074,"Actual Rows": 25,"Actual Loops": 4,"Workers": []}]}]}]}]}]},"Planning Time": 6.321,"Triggers": [],"Execution Time": 609.357}]
[{"Plan": {"Node Type": "Sort","Parallel Aware": false,"Async Capable": false,"Startup Cost": 134586.43,"Total Cost": 134734.30,"Plan Rows": 59150,"Plan Width": 280,"Actual Startup Time": 563.586,"Actual Total Time": 604.383,"Actual Rows": 37293,"Actual Loops": 1,"Sort Key": ["(sum((lineitem.l_extendedprice * ('1'::numeric - lineitem.l_discount)))) DESC"],"Sort Method": "quicksort","Sort Space Used": 9691,"Sort Space Type": "Memory","Plans": [{"Node Type": "Aggregate","Strategy": "Hashed","Partial Mode": "Simple","Parent Relationship": "Outer","Parallel Aware": false,"Async Capable": false,"Startup Cost": 129158.80,"Total Cost": 129898.17,"Plan Rows": 59150,"Plan Width": 280,"Actual Startup Time": 392.436,"Actual Total Time": 532.730,"Actual Rows": 37293,"Actual Loops": 1,"Group Key": ["customer.c_custkey", "nation.n_name"],"Planned Partitions": 0,"HashAgg Batches": 1,"Peak Memory Usage": 27665,"Disk Usage": 0,"Plans": [{"Node Type": "Gather","Parent Relationship": "Outer","Parallel Aware": false,"Async Capable": false,"Startup Cost": 6825.36,"Total Cost": 128419.42,"Plan Rows": 59150,"Plan Width": 260,"Actual Startup Time": 75.957,"Actual Total Time": 271.680,"Actual Rows": 108779,"Actual Loops": 1,"Workers Planned": 3,"Workers Launched": 3,"Single Copy": false,"Plans": [{"Node Type": "Hash Join","Parent Relationship": "Outer","Parallel Aware": false,"Async Capable": false,"Join Type": "Inner","Startup Cost": 5825.36,"Total Cost": 121504.42,"Plan Rows": 19081,"Plan Width": 260,"Actual Startup Time": 69.040,"Actual Total Time": 339.341,"Actual Rows": 27195,"Actual Loops": 4,"Inner Unique": true,"Hash Cond": "(customer.c_nationkey = nation.n_nationkey)","Workers": [],"Plans": [{"Node Type": "Hash Join","Parent Relationship": "Outer","Parallel Aware": true,"Async Capable": false,"Join Type": "Inner","Startup Cost": 5823.80,"Total Cost": 121444.28,"Plan Rows": 19081,"Plan Width": 160,"Actual Startup Time": 68.657,"Actual Total Time": 330.758,"Actual Rows": 27195,"Actual Loops": 4,"Inner Unique": true,"Hash Cond": "(orders.o_custkey = customer.c_custkey)","Workers": [],"Plans": [{"Node Type": "Nested Loop","Parent Relationship": "Outer","Parallel Aware": false,"Async Capable": false,"Join Type": "Inner","Startup Cost": 832.55,"Total Cost": 116402.95,"Plan Rows": 19081,"Plan Width": 16,"Actual Startup Time": 13.292,"Actual Total Time": 236.377,"Actual Rows": 27195,"Actual Loops": 4,"Inner Unique": false,"Workers": [],"Plans": [{"Node Type": "Bitmap Heap Scan","Parent Relationship": "Outer","Parallel Aware": true,"Async Capable": false,"Relation Name": "orders","Alias": "orders","Startup Cost": 832.11,"Total Cost": 27217.76,"Plan Rows": 19376,"Plan Width": 8,"Actual Startup Time": 13.230,"Actual Total Time": 65.610,"Actual Rows": 14144,"Actual Loops": 4,"Recheck Cond": "((o_orderdate >= '1994-12-01'::date) AND (o_orderdate < '1995-03-01 00:00:00'::timestamp without time zone))","Rows Removed by Index Recheck": 0,"Exact Heap Blocks": 3506,"Lossy Heap Blocks": 0,"Workers": [],"Plans": [{"Node Type": "Bitmap Index Scan","Parent Relationship": "Outer","Parallel Aware": false,"Async Capable": false,"Index Name": "idx_orders_orderdate","Startup Cost": 0.00,"Total Cost": 817.10,"Plan Rows": 60067,"Plan Width": 0,"Actual Startup Time": 10.114,"Actual Total Time": 10.122,"Actual Rows": 56577,"Actual Loops": 1,"Index Cond": "((o_orderdate >= '1994-12-01'::date) AND (o_orderdate < '1995-03-01 00:00:00'::timestamp without time zone))","Workers": []}]},{"Node Type": "Index Scan","Parent Relationship": "Inner","Parallel Aware": false,"Async Capable": false,"Scan Direction": "Forward","Index Name": "idx_lineitem_orderkey","Relation Name": "lineitem","Alias": "lineitem","Startup Cost": 0.43,"Total Cost": 4.56,"Plan Rows": 4,"Plan Width": 16,"Actual Startup Time": 0.010,"Actual Total Time": 0.012,"Actual Rows": 2,"Actual Loops": 56577,"Index Cond": "(l_orderkey = orders.o_orderkey)","Rows Removed by Index Recheck": 0,"Filter": "(l_returnflag = 'R'::bpchar)","Rows Removed by Filter": 2,"Workers": []}]},{"Node Type": "Hash","Parent Relationship": "Inner","Parallel Aware": true,"Async Capable": false,"Startup Cost": 4210.00,"Total Cost": 4210.00,"Plan Rows": 62500,"Plan Width": 148,"Actual Startup Time": 54.812,"Actual Total Time": 54.818,"Actual Rows": 37500,"Actual Loops": 4,"Hash Buckets": 262144,"Original Hash Buckets": 262144,"Hash Batches": 1,"Original Hash Batches": 1,"Peak Memory Usage": 29312,"Workers": [],"Plans": [{"Node Type": "Seq Scan","Parent Relationship": "Outer","Parallel Aware": true,"Async Capable": false,"Relation Name": "customer","Alias": "customer","Startup Cost": 0.00,"Total Cost": 4210.00,"Plan Rows": 62500,"Plan Width": 148,"Actual Startup Time": 0.022,"Actual Total Time": 23.786,"Actual Rows": 37500,"Actual Loops": 4,"Workers": []}]}]},{"Node Type": "Hash","Parent Relationship": "Inner","Parallel Aware": false,"Async Capable": false,"Startup Cost": 1.25,"Total Cost": 1.25,"Plan Rows": 25,"Plan Width": 108,"Actual Startup Time": 0.089,"Actual Total Time": 0.092,"Actual Rows": 25,"Actual Loops": 4,"Hash Buckets": 1024,"Original Hash Buckets": 1024,"Hash Batches": 1,"Original Hash Batches": 1,"Peak Memory Usage": 10,"Workers": [],"Plans": [{"Node Type": "Seq Scan","Parent Relationship": "Outer","Parallel Aware": false,"Async Capable": false,"Relation Name": "nation","Alias": "nation","Startup Cost": 0.00,"Total Cost": 1.25,"Plan Rows": 25,"Plan Width": 108,"Actual Startup Time": 0.062,"Actual Total Time": 0.067,"Actual Rows": 25,"Actual Loops": 4,"Workers": []}]}]}]}]}]},"Planning Time": 7.387,"Triggers": [],"Execution Time": 611.176}]
[{"Plan": {"Node Type": "Sort","Parallel Aware": false,"Async Capable": false,"Startup Cost": 130909.78,"Total Cost": 131050.70,"Plan Rows": 56371,"Plan Width": 280,"Actual Startup Time": 586.743,"Actual Total Time": 630.152,"Actual Rows": 38263,"Actual Loops": 1,"Sort Key": ["(sum((lineitem.l_extendedprice * ('1'::numeric - lineitem.l_discount)))) DESC"],"Sort Method": "quicksort","Sort Space Used": 9899,"Sort Space Type": "Memory","Plans": [{"Node Type": "Aggregate","Strategy": "Hashed","Partial Mode": "Simple","Parent Relationship": "Outer","Parallel Aware": false,"Async Capable": false,"Startup Cost": 125756.71,"Total Cost": 126461.35,"Plan Rows": 56371,"Plan Width": 280,"Actual Startup Time": 417.199,"Actual Total Time": 554.225,"Actual Rows": 38263,"Actual Loops": 1,"Group Key": ["customer.c_custkey", "nation.n_name"],"Planned Partitions": 0,"HashAgg Batches": 1,"Peak Memory Usage": 26129,"Disk Usage": 0,"Plans": [{"Node Type": "Gather","Parent Relationship": "Outer","Parallel Aware": false,"Async Capable": false,"Startup Cost": 6784.43,"Total Cost": 125052.08,"Plan Rows": 56371,"Plan Width": 260,"Actual Startup Time": 75.828,"Actual Total Time": 292.854,"Actual Rows": 114665,"Actual Loops": 1,"Workers Planned": 3,"Workers Launched": 3,"Single Copy": false,"Plans": [{"Node Type": "Hash Join","Parent Relationship": "Outer","Parallel Aware": false,"Async Capable": false,"Join Type": "Inner","Startup Cost": 5784.43,"Total Cost": 118414.98,"Plan Rows": 18184,"Plan Width": 260,"Actual Startup Time": 68.693,"Actual Total Time": 360.677,"Actual Rows": 28666,"Actual Loops": 4,"Inner Unique": true,"Hash Cond": "(customer.c_nationkey = nation.n_nationkey)","Workers": [],"Plans": [{"Node Type": "Hash Join","Parent Relationship": "Outer","Parallel Aware": true,"Async Capable": false,"Join Type": "Inner","Startup Cost": 5782.87,"Total Cost": 118357.59,"Plan Rows": 18184,"Plan Width": 160,"Actual Startup Time": 68.338,"Actual Total Time": 351.919,"Actual Rows": 28666,"Actual Loops": 4,"Inner Unique": true,"Hash Cond": "(orders.o_custkey = customer.c_custkey)","Workers": [],"Plans": [{"Node Type": "Nested Loop","Parent Relationship": "Outer","Parallel Aware": false,"Async Capable": false,"Join Type": "Inner","Startup Cost": 791.62,"Total Cost": 113318.61,"Plan Rows": 18184,"Plan Width": 16,"Actual Startup Time": 13.513,"Actual Total Time": 254.371,"Actual Rows": 28666,"Actual Loops": 4,"Inner Unique": false,"Workers": [],"Plans": [{"Node Type": "Bitmap Heap Scan","Parent Relationship": "Outer","Parallel Aware": true,"Async Capable": false,"Relation Name": "orders","Alias": "orders","Startup Cost": 791.19,"Total Cost": 27163.18,"Plan Rows": 18466,"Plan Width": 8,"Actual Startup Time": 13.445,"Actual Total Time": 71.425,"Actual Rows": 14346,"Actual Loops": 4,"Recheck Cond": "((o_orderdate >= '1994-07-01'::date) AND (o_orderdate < '1994-10-01 00:00:00'::timestamp without time zone))","Rows Removed by Index Recheck": 0,"Exact Heap Blocks": 3489,"Lossy Heap Blocks": 0,"Workers": [],"Plans": [{"Node Type": "Bitmap Index Scan","Parent Relationship": "Outer","Parallel Aware": false,"Async Capable": false,"Index Name": "idx_orders_orderdate","Startup Cost": 0.00,"Total Cost": 776.88,"Plan Rows": 57245,"Plan Width": 0,"Actual Startup Time": 10.310,"Actual Total Time": 10.312,"Actual Rows": 57384,"Actual Loops": 1,"Index Cond": "((o_orderdate >= '1994-07-01'::date) AND (o_orderdate < '1994-10-01 00:00:00'::timestamp without time zone))","Workers": []}]},{"Node Type": "Index Scan","Parent Relationship": "Inner","Parallel Aware": false,"Async Capable": false,"Scan Direction": "Forward","Index Name": "idx_lineitem_orderkey","Relation Name": "lineitem","Alias": "lineitem","Startup Cost": 0.43,"Total Cost": 4.63,"Plan Rows": 4,"Plan Width": 16,"Actual Startup Time": 0.010,"Actual Total Time": 0.012,"Actual Rows": 2,"Actual Loops": 57384,"Index Cond": "(l_orderkey = orders.o_orderkey)","Rows Removed by Index Recheck": 0,"Filter": "(l_returnflag = 'R'::bpchar)","Rows Removed by Filter": 2,"Workers": []}]},{"Node Type": "Hash","Parent Relationship": "Inner","Parallel Aware": true,"Async Capable": false,"Startup Cost": 4210.00,"Total Cost": 4210.00,"Plan Rows": 62500,"Plan Width": 148,"Actual Startup Time": 54.206,"Actual Total Time": 54.213,"Actual Rows": 37500,"Actual Loops": 4,"Hash Buckets": 262144,"Original Hash Buckets": 262144,"Hash Batches": 1,"Original Hash Batches": 1,"Peak Memory Usage": 29312,"Workers": [],"Plans": [{"Node Type": "Seq Scan","Parent Relationship": "Outer","Parallel Aware": true,"Async Capable": false,"Relation Name": "customer","Alias": "customer","Startup Cost": 0.00,"Total Cost": 4210.00,"Plan Rows": 62500,"Plan Width": 148,"Actual Startup Time": 0.020,"Actual Total Time": 23.974,"Actual Rows": 37500,"Actual Loops": 4,"Workers": []}]}]},{"Node Type": "Hash","Parent Relationship": "Inner","Parallel Aware": false,"Async Capable": false,"Startup Cost": 1.25,"Total Cost": 1.25,"Plan Rows": 25,"Plan Width": 108,"Actual Startup Time": 0.080,"Actual Total Time": 0.085,"Actual Rows": 25,"Actual Loops": 4,"Hash Buckets": 1024,"Original Hash Buckets": 1024,"Hash Batches": 1,"Original Hash Batches": 1,"Peak Memory Usage": 10,"Workers": [],"Plans": [{"Node Type": "Seq Scan","Parent Relationship": "Outer","Parallel Aware": false,"Async Capable": false,"Relation Name": "nation","Alias": "nation","Startup Cost": 0.00,"Total Cost": 1.25,"Plan Rows": 25,"Plan Width": 108,"Actual Startup Time": 0.053,"Actual Total Time": 0.059,"Actual Rows": 25,"Actual Loops": 4,"Workers": []}]}]}]}]}]},"Planning Time": 7.471,"Triggers": [],"Execution Time": 636.412}]
[{"Plan": {"Node Type": "Sort","Parallel Aware": false,"Async Capable": false,"Startup Cost": 132166.82,"Total Cost": 132310.11,"Plan Rows": 57318,"Plan Width": 280,"Actual Startup Time": 590.000,"Actual Total Time": 630.537,"Actual Rows": 37972,"Actual Loops": 1,"Sort Key": ["(sum((lineitem.l_extendedprice * ('1'::numeric - lineitem.l_discount)))) DESC"],"Sort Method": "quicksort","Sort Space Used": 9843,"Sort Space Type": "Memory","Plans": [{"Node Type": "Aggregate","Strategy": "Hashed","Partial Mode": "Simple","Parent Relationship": "Outer","Parallel Aware": false,"Async Capable": false,"Startup Cost": 126920.30,"Total Cost": 127636.77,"Plan Rows": 57318,"Plan Width": 280,"Actual Startup Time": 413.108,"Actual Total Time": 556.129,"Actual Rows": 37972,"Actual Loops": 1,"Group Key": ["customer.c_custkey", "nation.n_name"],"Planned Partitions": 0,"HashAgg Batches": 1,"Peak Memory Usage": 26129,"Disk Usage": 0,"Plans": [{"Node Type": "Gather","Parent Relationship": "Outer","Parallel Aware": false,"Async Capable": false,"Startup Cost": 6798.29,"Total Cost": 126203.82,"Plan Rows": 57318,"Plan Width": 260,"Actual Startup Time": 77.619,"Actual Total Time": 286.194,"Actual Rows": 114459,"Actual Loops": 1,"Workers Planned": 3,"Workers Launched": 3,"Single Copy": false,"Plans": [{"Node Type": "Hash Join","Parent Relationship": "Outer","Parallel Aware": false,"Async Capable": false,"Join Type": "Inner","Startup Cost": 5798.29,"Total Cost": 119472.02,"Plan Rows": 18490,"Plan Width": 260,"Actual Startup Time": 70.122,"Actual Total Time": 358.029,"Actual Rows": 28615,"Actual Loops": 4,"Inner Unique": true,"Hash Cond": "(customer.c_nationkey = nation.n_nationkey)","Workers": [],"Plans": [{"Node Type": "Hash Join","Parent Relationship": "Outer","Parallel Aware": true,"Async Capable": false,"Join Type": "Inner","Startup Cost": 5796.73,"Total Cost": 119413.69,"Plan Rows": 18490,"Plan Width": 160,"Actual Startup Time": 69.815,"Actual Total Time": 349.575,"Actual Rows": 28615,"Actual Loops": 4,"Inner Unique": true,"Hash Cond": "(orders.o_custkey = customer.c_custkey)","Workers": [],"Plans": [{"Node Type": "Nested Loop","Parent Relationship": "Outer","Parallel Aware": false,"Async Capable": false,"Join Type": "Inner","Startup Cost": 805.48,"Total Cost": 114373.91,"Plan Rows": 18490,"Plan Width": 16,"Actual Startup Time": 13.081,"Actual Total Time": 249.954,"Actual Rows": 28615,"Actual Loops": 4,"Inner Unique": false,"Workers": [],"Plans": [{"Node Type": "Bitmap Heap Scan","Parent Relationship": "Outer","Parallel Aware": true,"Async Capable": false,"Relation Name": "orders","Alias": "orders","Startup Cost": 805.05,"Total Cost": 27181.70,"Plan Rows": 18776,"Plan Width": 8,"Actual Startup Time": 13.019,"Actual Total Time": 71.418,"Actual Rows": 14305,"Actual Loops": 4,"Recheck Cond": "((o_orderdate >= '1994-10-01'::date) AND (o_orderdate < '1995-01-01 00:00:00'::timestamp without time zone))","Rows Removed by Index Recheck": 0,"Exact Heap Blocks": 3518,"Lossy Heap Blocks": 0,"Workers": [],"Plans": [{"Node Type": "Bitmap Index Scan","Parent Relationship": "Outer","Parallel Aware": false,"Async Capable": false,"Index Name": "idx_orders_orderdate","Startup Cost": 0.00,"Total Cost": 790.50,"Plan Rows": 58207,"Plan Width": 0,"Actual Startup Time": 9.954,"Actual Total Time": 9.955,"Actual Rows": 57219,"Actual Loops": 1,"Index Cond": "((o_orderdate >= '1994-10-01'::date) AND (o_orderdate < '1995-01-01 00:00:00'::timestamp without time zone))","Workers": []}]},{"Node Type": "Index Scan","Parent Relationship": "Inner","Parallel Aware": false,"Async Capable": false,"Scan Direction": "Forward","Index Name": "idx_lineitem_orderkey","Relation Name": "lineitem","Alias": "lineitem","Startup Cost": 0.43,"Total Cost": 4.60,"Plan Rows": 4,"Plan Width": 16,"Actual Startup Time": 0.010,"Actual Total Time": 0.012,"Actual Rows": 2,"Actual Loops": 57219,"Index Cond": "(l_orderkey = orders.o_orderkey)","Rows Removed by Index Recheck": 0,"Filter": "(l_returnflag = 'R'::bpchar)","Rows Removed by Filter": 2,"Workers": []}]},{"Node Type": "Hash","Parent Relationship": "Inner","Parallel Aware": true,"Async Capable": false,"Startup Cost": 4210.00,"Total Cost": 4210.00,"Plan Rows": 62500,"Plan Width": 148,"Actual Startup Time": 56.184,"Actual Total Time": 56.192,"Actual Rows": 37500,"Actual Loops": 4,"Hash Buckets": 262144,"Original Hash Buckets": 262144,"Hash Batches": 1,"Original Hash Batches": 1,"Peak Memory Usage": 29344,"Workers": [],"Plans": [{"Node Type": "Seq Scan","Parent Relationship": "Outer","Parallel Aware": true,"Async Capable": false,"Relation Name": "customer","Alias": "customer","Startup Cost": 0.00,"Total Cost": 4210.00,"Plan Rows": 62500,"Plan Width": 148,"Actual Startup Time": 0.017,"Actual Total Time": 25.696,"Actual Rows": 37500,"Actual Loops": 4,"Workers": []}]}]},{"Node Type": "Hash","Parent Relationship": "Inner","Parallel Aware": false,"Async Capable": false,"Startup Cost": 1.25,"Total Cost": 1.25,"Plan Rows": 25,"Plan Width": 108,"Actual Startup Time": 0.071,"Actual Total Time": 0.075,"Actual Rows": 25,"Actual Loops": 4,"Hash Buckets": 1024,"Original Hash Buckets": 1024,"Hash Batches": 1,"Original Hash Batches": 1,"Peak Memory Usage": 10,"Workers": [],"Plans": [{"Node Type": "Seq Scan","Parent Relationship": "Outer","Parallel Aware": false,"Async Capable": false,"Relation Name": "nation","Alias": "nation","Startup Cost": 0.00,"Total Cost": 1.25,"Plan Rows": 25,"Plan Width": 108,"Actual Startup Time": 0.050,"Actual Total Time": 0.053,"Actual Rows": 25,"Actual Loops": 4,"Workers": []}]}]}]}]}]},"Planning Time": 7.724,"Triggers": [],"Execution Time": 636.921}]
[{"Plan": {"Node Type": "Sort","Parallel Aware": false,"Async Capable": false,"Startup Cost": 127549.79,"Total Cost": 127684.44,"Plan Rows": 53858,"Plan Width": 280,"Actual Startup Time": 605.399,"Actual Total Time": 645.666,"Actual Rows": 37880,"Actual Loops": 1,"Sort Key": ["(sum((lineitem.l_extendedprice * ('1'::numeric - lineitem.l_discount)))) DESC"],"Sort Method": "quicksort","Sort Space Used": 9830,"Sort Space Type": "Memory","Plans": [{"Node Type": "Aggregate","Strategy": "Hashed","Partial Mode": "Simple","Parent Relationship": "Outer","Parallel Aware": false,"Async Capable": false,"Startup Cost": 122644.17,"Total Cost": 123317.39,"Plan Rows": 53858,"Plan Width": 280,"Actual Startup Time": 424.771,"Actual Total Time": 574.608,"Actual Rows": 37880,"Actual Loops": 1,"Group Key": ["customer.c_custkey", "nation.n_name"],"Planned Partitions": 0,"HashAgg Batches": 1,"Peak Memory Usage": 26129,"Disk Usage": 0,"Plans": [{"Node Type": "Gather","Parent Relationship": "Outer","Parallel Aware": false,"Async Capable": false,"Startup Cost": 6750.28,"Total Cost": 121970.94,"Plan Rows": 53858,"Plan Width": 260,"Actual Startup Time": 85.178,"Actual Total Time": 295.165,"Actual Rows": 114508,"Actual Loops": 1,"Workers Planned": 3,"Workers Launched": 3,"Single Copy": false,"Plans": [{"Node Type": "Hash Join","Parent Relationship": "Outer","Parallel Aware": false,"Async Capable": false,"Join Type": "Inner","Startup Cost": 5750.28,"Total Cost": 115585.14,"Plan Rows": 17374,"Plan Width": 260,"Actual Startup Time": 78.100,"Actual Total Time": 368.715,"Actual Rows": 28627,"Actual Loops": 4,"Inner Unique": true,"Hash Cond": "(customer.c_nationkey = nation.n_nationkey)","Workers": [],"Plans": [{"Node Type": "Hash Join","Parent Relationship": "Outer","Parallel Aware": true,"Async Capable": false,"Join Type": "Inner","Startup Cost": 5748.71,"Total Cost": 115530.24,"Plan Rows": 17374,"Plan Width": 160,"Actual Startup Time": 77.678,"Actual Total Time": 360.085,"Actual Rows": 28627,"Actual Loops": 4,"Inner Unique": true,"Hash Cond": "(orders.o_custkey = customer.c_custkey)","Workers": [],"Plans": [{"Node Type": "Nested Loop","Parent Relationship": "Outer","Parallel Aware": false,"Async Capable": false,"Join Type": "Inner","Startup Cost": 757.46,"Total Cost": 110493.39,"Plan Rows": 17374,"Plan Width": 16,"Actual Startup Time": 13.130,"Actual Total Time": 256.172,"Actual Rows": 28627,"Actual Loops": 4,"Inner Unique": false,"Workers": [],"Plans": [{"Node Type": "Bitmap Heap Scan","Parent Relationship": "Outer","Parallel Aware": true,"Async Capable": false,"Relation Name": "orders","Alias": "orders","Startup Cost": 757.03,"Total Cost": 27116.67,"Plan Rows": 17643,"Plan Width": 8,"Actual Startup Time": 13.063,"Actual Total Time": 71.665,"Actual Rows": 14273,"Actual Loops": 4,"Recheck Cond": "((o_orderdate >= '1993-05-01'::date) AND (o_orderdate < '1993-08-01 00:00:00'::timestamp without time zone))","Rows Removed by Index Recheck": 0,"Exact Heap Blocks": 3695,"Lossy Heap Blocks": 0,"Workers": [],"Plans": [{"Node Type": "Bitmap Index Scan","Parent Relationship": "Outer","Parallel Aware": false,"Async Capable": false,"Index Name": "idx_orders_orderdate","Startup Cost": 0.00,"Total Cost": 743.36,"Plan Rows": 54693,"Plan Width": 0,"Actual Startup Time": 9.957,"Actual Total Time": 9.964,"Actual Rows": 57093,"Actual Loops": 1,"Index Cond": "((o_orderdate >= '1993-05-01'::date) AND (o_orderdate < '1993-08-01 00:00:00'::timestamp without time zone))","Workers": []}]},{"Node Type": "Index Scan","Parent Relationship": "Inner","Parallel Aware": false,"Async Capable": false,"Scan Direction": "Forward","Index Name": "idx_lineitem_orderkey","Relation Name": "lineitem","Alias": "lineitem","Startup Cost": 0.43,"Total Cost": 4.69,"Plan Rows": 4,"Plan Width": 16,"Actual Startup Time": 0.011,"Actual Total Time": 0.013,"Actual Rows": 2,"Actual Loops": 57093,"Index Cond": "(l_orderkey = orders.o_orderkey)","Rows Removed by Index Recheck": 0,"Filter": "(l_returnflag = 'R'::bpchar)","Rows Removed by Filter": 2,"Workers": []}]},{"Node Type": "Hash","Parent Relationship": "Inner","Parallel Aware": true,"Async Capable": false,"Startup Cost": 4210.00,"Total Cost": 4210.00,"Plan Rows": 62500,"Plan Width": 148,"Actual Startup Time": 63.988,"Actual Total Time": 63.994,"Actual Rows": 37500,"Actual Loops": 4,"Hash Buckets": 262144,"Original Hash Buckets": 262144,"Hash Batches": 1,"Original Hash Batches": 1,"Peak Memory Usage": 29344,"Workers": [],"Plans": [{"Node Type": "Seq Scan","Parent Relationship": "Outer","Parallel Aware": true,"Async Capable": false,"Relation Name": "customer","Alias": "customer","Startup Cost": 0.00,"Total Cost": 4210.00,"Plan Rows": 62500,"Plan Width": 148,"Actual Startup Time": 0.034,"Actual Total Time": 28.777,"Actual Rows": 37500,"Actual Loops": 4,"Workers": []}]}]},{"Node Type": "Hash","Parent Relationship": "Inner","Parallel Aware": false,"Async Capable": false,"Startup Cost": 1.25,"Total Cost": 1.25,"Plan Rows": 25,"Plan Width": 108,"Actual Startup Time": 0.078,"Actual Total Time": 0.083,"Actual Rows": 25,"Actual Loops": 4,"Hash Buckets": 1024,"Original Hash Buckets": 1024,"Hash Batches": 1,"Original Hash Batches": 1,"Peak Memory Usage": 10,"Workers": [],"Plans": [{"Node Type": "Seq Scan","Parent Relationship": "Outer","Parallel Aware": false,"Async Capable": false,"Relation Name": "nation","Alias": "nation","Startup Cost": 0.00,"Total Cost": 1.25,"Plan Rows": 25,"Plan Width": 108,"Actual Startup Time": 0.048,"Actual Total Time": 0.055,"Actual Rows": 25,"Actual Loops": 4,"Workers": []}]}]}]}]}]},"Planning Time": 7.141,"Triggers": [],"Execution Time": 649.992}]
[{"Plan": {"Node Type": "Sort","Parallel Aware": false,"Async Capable": false,"Startup Cost": 130909.78,"Total Cost": 131050.70,"Plan Rows": 56371,"Plan Width": 280,"Actual Startup Time": 586.743,"Actual Total Time": 630.152,"Actual Rows": 38263,"Actual Loops": 1,"Sort Key": ["(sum((lineitem.l_extendedprice * ('1'::numeric - lineitem.l_discount)))) DESC"],"Sort Method": "quicksort","Sort Space Used": 9899,"Sort Space Type": "Memory","Plans": [{"Node Type": "Aggregate","Strategy": "Hashed","Partial Mode": "Simple","Parent Relationship": "Outer","Parallel Aware": false,"Async Capable": false,"Startup Cost": 125756.71,"Total Cost": 126461.35,"Plan Rows": 56371,"Plan Width": 280,"Actual Startup Time": 417.199,"Actual Total Time": 554.225,"Actual Rows": 38263,"Actual Loops": 1,"Group Key": ["customer.c_custkey", "nation.n_name"],"Planned Partitions": 0,"HashAgg Batches": 1,"Peak Memory Usage": 26129,"Disk Usage": 0,"Plans": [{"Node Type": "Gather","Parent Relationship": "Outer","Parallel Aware": false,"Async Capable": false,"Startup Cost": 6784.43,"Total Cost": 125052.08,"Plan Rows": 56371,"Plan Width": 260,"Actual Startup Time": 75.828,"Actual Total Time": 292.854,"Actual Rows": 114665,"Actual Loops": 1,"Workers Planned": 3,"Workers Launched": 3,"Single Copy": false,"Plans": [{"Node Type": "Hash Join","Parent Relationship": "Outer","Parallel Aware": false,"Async Capable": false,"Join Type": "Inner","Startup Cost": 5784.43,"Total Cost": 118414.98,"Plan Rows": 18184,"Plan Width": 260,"Actual Startup Time": 68.693,"Actual Total Time": 360.677,"Actual Rows": 28666,"Actual Loops": 4,"Inner Unique": true,"Hash Cond": "(customer.c_nationkey = nation.n_nationkey)","Workers": [],"Plans": [{"Node Type": "Hash Join","Parent Relationship": "Outer","Parallel Aware": true,"Async Capable": false,"Join Type": "Inner","Startup Cost": 5782.87,"Total Cost": 118357.59,"Plan Rows": 18184,"Plan Width": 160,"Actual Startup Time": 68.338,"Actual Total Time": 351.919,"Actual Rows": 28666,"Actual Loops": 4,"Inner Unique": true,"Hash Cond": "(orders.o_custkey = customer.c_custkey)","Workers": [],"Plans": [{"Node Type": "Nested Loop","Parent Relationship": "Outer","Parallel Aware": false,"Async Capable": false,"Join Type": "Inner","Startup Cost": 791.62,"Total Cost": 113318.61,"Plan Rows": 18184,"Plan Width": 16,"Actual Startup Time": 13.513,"Actual Total Time": 254.371,"Actual Rows": 28666,"Actual Loops": 4,"Inner Unique": false,"Workers": [],"Plans": [{"Node Type": "Bitmap Heap Scan","Parent Relationship": "Outer","Parallel Aware": true,"Async Capable": false,"Relation Name": "orders","Alias": "orders","Startup Cost": 791.19,"Total Cost": 27163.18,"Plan Rows": 18466,"Plan Width": 8,"Actual Startup Time": 13.445,"Actual Total Time": 71.425,"Actual Rows": 14346,"Actual Loops": 4,"Recheck Cond": "((o_orderdate >= '1994-07-01'::date) AND (o_orderdate < '1994-10-01 00:00:00'::timestamp without time zone))","Rows Removed by Index Recheck": 0,"Exact Heap Blocks": 3489,"Lossy Heap Blocks": 0,"Workers": [],"Plans": [{"Node Type": "Bitmap Index Scan","Parent Relationship": "Outer","Parallel Aware": false,"Async Capable": false,"Index Name": "idx_orders_orderdate","Startup Cost": 0.00,"Total Cost": 776.88,"Plan Rows": 57245,"Plan Width": 0,"Actual Startup Time": 10.310,"Actual Total Time": 10.312,"Actual Rows": 57384,"Actual Loops": 1,"Index Cond": "((o_orderdate >= '1994-07-01'::date) AND (o_orderdate < '1994-10-01 00:00:00'::timestamp without time zone))","Workers": []}]},{"Node Type": "Index Scan","Parent Relationship": "Inner","Parallel Aware": false,"Async Capable": false,"Scan Direction": "Forward","Index Name": "idx_lineitem_orderkey","Relation Name": "lineitem","Alias": "lineitem","Startup Cost": 0.43,"Total Cost": 4.63,"Plan Rows": 4,"Plan Width": 16,"Actual Startup Time": 0.010,"Actual Total Time": 0.012,"Actual Rows": 2,"Actual Loops": 57384,"Index Cond": "(l_orderkey = orders.o_orderkey)","Rows Removed by Index Recheck": 0,"Filter": "(l_returnflag = 'R'::bpchar)","Rows Removed by Filter": 2,"Workers": []}]},{"Node Type": "Hash","Parent Relationship": "Inner","Parallel Aware": true,"Async Capable": false,"Startup Cost": 4210.00,"Total Cost": 4210.00,"Plan Rows": 62500,"Plan Width": 148,"Actual Startup Time": 54.206,"Actual Total Time": 54.213,"Actual Rows": 37500,"Actual Loops": 4,"Hash Buckets": 262144,"Original Hash Buckets": 262144,"Hash Batches": 1,"Original Hash Batches": 1,"Peak Memory Usage": 29312,"Workers": [],"Plans": [{"Node Type": "Seq Scan","Parent Relationship": "Outer","Parallel Aware": true,"Async Capable": false,"Relation Name": "customer","Alias": "customer","Startup Cost": 0.00,"Total Cost": 4210.00,"Plan Rows": 62500,"Plan Width": 148,"Actual Startup Time": 0.020,"Actual Total Time": 23.974,"Actual Rows": 37500,"Actual Loops": 4,"Workers": []}]}]},{"Node Type": "Hash","Parent Relationship": "Inner","Parallel Aware": false,"Async Capable": false,"Startup Cost": 1.25,"Total Cost": 1.25,"Plan Rows": 25,"Plan Width": 108,"Actual Startup Time": 0.080,"Actual Total Time": 0.085,"Actual Rows": 25,"Actual Loops": 4,"Hash Buckets": 1024,"Original Hash Buckets": 1024,"Hash Batches": 1,"Original Hash Batches": 1,"Peak Memory Usage": 10,"Workers": [],"Plans": [{"Node Type": "Seq Scan","Parent Relationship": "Outer","Parallel Aware": false,"Async Capable": false,"Relation Name": "nation","Alias": "nation","Startup Cost": 0.00,"Total Cost": 1.25,"Plan Rows": 25,"Plan Width": 108,"Actual Startup Time": 0.053,"Actual Total Time": 0.059,"Actual Rows": 25,"Actual Loops": 4,"Workers": []}]}]}]}]}]},"Planning Time": 7.471,"Triggers": [],"Execution Time": 636.412}]
[{"Plan": {"Node Type": "Sort","Parallel Aware": false,"Async Capable": false,"Startup Cost": 135294.26,"Total Cost": 135443.48,"Plan Rows": 59689,"Plan Width": 280,"Actual Startup Time": 545.457,"Actual Total Time": 585.279,"Actual Rows": 35593,"Actual Loops": 1,"Sort Key": ["(sum((lineitem.l_extendedprice * ('1'::numeric - lineitem.l_discount)))) DESC"],"Sort Method": "quicksort","Sort Space Used": 9317,"Sort Space Type": "Memory","Plans": [{"Node Type": "Aggregate","Strategy": "Hashed","Partial Mode": "Simple","Parent Relationship": "Outer","Parallel Aware": false,"Async Capable": false,"Startup Cost": 129813.27,"Total Cost": 130559.38,"Plan Rows": 59689,"Plan Width": 280,"Actual Startup Time": 389.996,"Actual Total Time": 517.393,"Actual Rows": 35593,"Actual Loops": 1,"Group Key": ["customer.c_custkey", "nation.n_name"],"Planned Partitions": 0,"HashAgg Batches": 1,"Peak Memory Usage": 27665,"Disk Usage": 0,"Plans": [{"Node Type": "Gather","Parent Relationship": "Outer","Parallel Aware": false,"Async Capable": false,"Startup Cost": 6830.97,"Total Cost": 129067.15,"Plan Rows": 59689,"Plan Width": 260,"Actual Startup Time": 76.518,"Actual Total Time": 281.363,"Actual Rows": 94907,"Actual Loops": 1,"Workers Planned": 3,"Workers Launched": 3,"Single Copy": false,"Plans": [{"Node Type": "Hash Join","Parent Relationship": "Outer","Parallel Aware": false,"Async Capable": false,"Join Type": "Inner","Startup Cost": 5830.97,"Total Cost": 122098.25,"Plan Rows": 19255,"Plan Width": 260,"Actual Startup Time": 68.775,"Actual Total Time": 339.806,"Actual Rows": 23727,"Actual Loops": 4,"Inner Unique": true,"Hash Cond": "(customer.c_nationkey = nation.n_nationkey)","Workers": [],"Plans": [{"Node Type": "Hash Join","Parent Relationship": "Outer","Parallel Aware": true,"Async Capable": false,"Join Type": "Inner","Startup Cost": 5829.40,"Total Cost": 122037.58,"Plan Rows": 19255,"Plan Width": 160,"Actual Startup Time": 68.296,"Actual Total Time": 331.130,"Actual Rows": 23727,"Actual Loops": 4,"Inner Unique": true,"Hash Cond": "(orders.o_custkey = customer.c_custkey)","Workers": [],"Plans": [{"Node Type": "Nested Loop","Parent Relationship": "Outer","Parallel Aware": false,"Async Capable": false,"Join Type": "Inner","Startup Cost": 838.15,"Total Cost": 116995.79,"Plan Rows": 19255,"Plan Width": 16,"Actual Startup Time": 13.636,"Actual Total Time": 241.200,"Actual Rows": 23727,"Actual Loops": 4,"Inner Unique": false,"Workers": [],"Plans": [{"Node Type": "Bitmap Heap Scan","Parent Relationship": "Outer","Parallel Aware": true,"Async Capable": false,"Relation Name": "orders","Alias": "orders","Startup Cost": 837.72,"Total Cost": 27226.01,"Plan Rows": 19553,"Plan Width": 8,"Actual Startup Time": 13.552,"Actual Total Time": 68.983,"Actual Rows": 14126,"Actual Loops": 4,"Recheck Cond": "((o_orderdate >= '1995-01-01'::date) AND (o_orderdate < '1995-04-01 00:00:00'::timestamp without time zone))","Rows Removed by Index Recheck": 0,"Exact Heap Blocks": 3623,"Lossy Heap Blocks": 0,"Workers": [],"Plans": [{"Node Type": "Bitmap Index Scan","Parent Relationship": "Outer","Parallel Aware": false,"Async Capable": false,"Index Name": "idx_orders_orderdate","Startup Cost": 0.00,"Total Cost": 822.57,"Plan Rows": 60614,"Plan Width": 0,"Actual Startup Time": 10.475,"Actual Total Time": 10.479,"Actual Rows": 56506,"Actual Loops": 1,"Index Cond": "((o_orderdate >= '1995-01-01'::date) AND (o_orderdate < '1995-04-01 00:00:00'::timestamp without time zone))","Workers": []}]},{"Node Type": "Index Scan","Parent Relationship": "Inner","Parallel Aware": false,"Async Capable": false,"Scan Direction": "Forward","Index Name": "idx_lineitem_orderkey","Relation Name": "lineitem","Alias": "lineitem","Startup Cost": 0.43,"Total Cost": 4.55,"Plan Rows": 4,"Plan Width": 16,"Actual Startup Time": 0.010,"Actual Total Time": 0.012,"Actual Rows": 2,"Actual Loops": 56506,"Index Cond": "(l_orderkey = orders.o_orderkey)","Rows Removed by Index Recheck": 0,"Filter": "(l_returnflag = 'R'::bpchar)","Rows Removed by Filter": 2,"Workers": []}]},{"Node Type": "Hash","Parent Relationship": "Inner","Parallel Aware": true,"Async Capable": false,"Startup Cost": 4210.00,"Total Cost": 4210.00,"Plan Rows": 62500,"Plan Width": 148,"Actual Startup Time": 54.088,"Actual Total Time": 54.097,"Actual Rows": 37500,"Actual Loops": 4,"Hash Buckets": 262144,"Original Hash Buckets": 262144,"Hash Batches": 1,"Original Hash Batches": 1,"Peak Memory Usage": 29312,"Workers": [],"Plans": [{"Node Type": "Seq Scan","Parent Relationship": "Outer","Parallel Aware": true,"Async Capable": false,"Relation Name": "customer","Alias": "customer","Startup Cost": 0.00,"Total Cost": 4210.00,"Plan Rows": 62500,"Plan Width": 148,"Actual Startup Time": 0.033,"Actual Total Time": 23.775,"Actual Rows": 37500,"Actual Loops": 4,"Workers": []}]}]},{"Node Type": "Hash","Parent Relationship": "Inner","Parallel Aware": false,"Async Capable": false,"Startup Cost": 1.25,"Total Cost": 1.25,"Plan Rows": 25,"Plan Width": 108,"Actual Startup Time": 0.094,"Actual Total Time": 0.098,"Actual Rows": 25,"Actual Loops": 4,"Hash Buckets": 1024,"Original Hash Buckets": 1024,"Hash Batches": 1,"Original Hash Batches": 1,"Peak Memory Usage": 10,"Workers": [],"Plans": [{"Node Type": "Seq Scan","Parent Relationship": "Outer","Parallel Aware": false,"Async Capable": false,"Relation Name": "nation","Alias": "nation","Startup Cost": 0.00,"Total Cost": 1.25,"Plan Rows": 25,"Plan Width": 108,"Actual Startup Time": 0.062,"Actual Total Time": 0.068,"Actual Rows": 25,"Actual Loops": 4,"Workers": []}]}]}]}]}]},"Planning Time": 7.620,"Triggers": [],"Execution Time": 593.147}]
[{"Plan": {"Node Type": "Sort","Parallel Aware": false,"Async Capable": false,"Startup Cost": 135294.26,"Total Cost": 135443.48,"Plan Rows": 59689,"Plan Width": 280,"Actual Startup Time": 545.457,"Actual Total Time": 585.279,"Actual Rows": 35593,"Actual Loops": 1,"Sort Key": ["(sum((lineitem.l_extendedprice * ('1'::numeric - lineitem.l_discount)))) DESC"],"Sort Method": "quicksort","Sort Space Used": 9317,"Sort Space Type": "Memory","Plans": [{"Node Type": "Aggregate","Strategy": "Hashed","Partial Mode": "Simple","Parent Relationship": "Outer","Parallel Aware": false,"Async Capable": false,"Startup Cost": 129813.27,"Total Cost": 130559.38,"Plan Rows": 59689,"Plan Width": 280,"Actual Startup Time": 389.996,"Actual Total Time": 517.393,"Actual Rows": 35593,"Actual Loops": 1,"Group Key": ["customer.c_custkey", "nation.n_name"],"Planned Partitions": 0,"HashAgg Batches": 1,"Peak Memory Usage": 27665,"Disk Usage": 0,"Plans": [{"Node Type": "Gather","Parent Relationship": "Outer","Parallel Aware": false,"Async Capable": false,"Startup Cost": 6830.97,"Total Cost": 129067.15,"Plan Rows": 59689,"Plan Width": 260,"Actual Startup Time": 76.518,"Actual Total Time": 281.363,"Actual Rows": 94907,"Actual Loops": 1,"Workers Planned": 3,"Workers Launched": 3,"Single Copy": false,"Plans": [{"Node Type": "Hash Join","Parent Relationship": "Outer","Parallel Aware": false,"Async Capable": false,"Join Type": "Inner","Startup Cost": 5830.97,"Total Cost": 122098.25,"Plan Rows": 19255,"Plan Width": 260,"Actual Startup Time": 68.775,"Actual Total Time": 339.806,"Actual Rows": 23727,"Actual Loops": 4,"Inner Unique": true,"Hash Cond": "(customer.c_nationkey = nation.n_nationkey)","Workers": [],"Plans": [{"Node Type": "Hash Join","Parent Relationship": "Outer","Parallel Aware": true,"Async Capable": false,"Join Type": "Inner","Startup Cost": 5829.40,"Total Cost": 122037.58,"Plan Rows": 19255,"Plan Width": 160,"Actual Startup Time": 68.296,"Actual Total Time": 331.130,"Actual Rows": 23727,"Actual Loops": 4,"Inner Unique": true,"Hash Cond": "(orders.o_custkey = customer.c_custkey)","Workers": [],"Plans": [{"Node Type": "Nested Loop","Parent Relationship": "Outer","Parallel Aware": false,"Async Capable": false,"Join Type": "Inner","Startup Cost": 838.15,"Total Cost": 116995.79,"Plan Rows": 19255,"Plan Width": 16,"Actual Startup Time": 13.636,"Actual Total Time": 241.200,"Actual Rows": 23727,"Actual Loops": 4,"Inner Unique": false,"Workers": [],"Plans": [{"Node Type": "Bitmap Heap Scan","Parent Relationship": "Outer","Parallel Aware": true,"Async Capable": false,"Relation Name": "orders","Alias": "orders","Startup Cost": 837.72,"Total Cost": 27226.01,"Plan Rows": 19553,"Plan Width": 8,"Actual Startup Time": 13.552,"Actual Total Time": 68.983,"Actual Rows": 14126,"Actual Loops": 4,"Recheck Cond": "((o_orderdate >= '1995-01-01'::date) AND (o_orderdate < '1995-04-01 00:00:00'::timestamp without time zone))","Rows Removed by Index Recheck": 0,"Exact Heap Blocks": 3623,"Lossy Heap Blocks": 0,"Workers": [],"Plans": [{"Node Type": "Bitmap Index Scan","Parent Relationship": "Outer","Parallel Aware": false,"Async Capable": false,"Index Name": "idx_orders_orderdate","Startup Cost": 0.00,"Total Cost": 822.57,"Plan Rows": 60614,"Plan Width": 0,"Actual Startup Time": 10.475,"Actual Total Time": 10.479,"Actual Rows": 56506,"Actual Loops": 1,"Index Cond": "((o_orderdate >= '1995-01-01'::date) AND (o_orderdate < '1995-04-01 00:00:00'::timestamp without time zone))","Workers": []}]},{"Node Type": "Index Scan","Parent Relationship": "Inner","Parallel Aware": false,"Async Capable": false,"Scan Direction": "Forward","Index Name": "idx_lineitem_orderkey","Relation Name": "lineitem","Alias": "lineitem","Startup Cost": 0.43,"Total Cost": 4.55,"Plan Rows": 4,"Plan Width": 16,"Actual Startup Time": 0.010,"Actual Total Time": 0.012,"Actual Rows": 2,"Actual Loops": 56506,"Index Cond": "(l_orderkey = orders.o_orderkey)","Rows Removed by Index Recheck": 0,"Filter": "(l_returnflag = 'R'::bpchar)","Rows Removed by Filter": 2,"Workers": []}]},{"Node Type": "Hash","Parent Relationship": "Inner","Parallel Aware": true,"Async Capable": false,"Startup Cost": 4210.00,"Total Cost": 4210.00,"Plan Rows": 62500,"Plan Width": 148,"Actual Startup Time": 54.088,"Actual Total Time": 54.097,"Actual Rows": 37500,"Actual Loops": 4,"Hash Buckets": 262144,"Original Hash Buckets": 262144,"Hash Batches": 1,"Original Hash Batches": 1,"Peak Memory Usage": 29312,"Workers": [],"Plans": [{"Node Type": "Seq Scan","Parent Relationship": "Outer","Parallel Aware": true,"Async Capable": false,"Relation Name": "customer","Alias": "customer","Startup Cost": 0.00,"Total Cost": 4210.00,"Plan Rows": 62500,"Plan Width": 148,"Actual Startup Time": 0.033,"Actual Total Time": 23.775,"Actual Rows": 37500,"Actual Loops": 4,"Workers": []}]}]},{"Node Type": "Hash","Parent Relationship": "Inner","Parallel Aware": false,"Async Capable": false,"Startup Cost": 1.25,"Total Cost": 1.25,"Plan Rows": 25,"Plan Width": 108,"Actual Startup Time": 0.094,"Actual Total Time": 0.098,"Actual Rows": 25,"Actual Loops": 4,"Hash Buckets": 1024,"Original Hash Buckets": 1024,"Hash Batches": 1,"Original Hash Batches": 1,"Peak Memory Usage": 10,"Workers": [],"Plans": [{"Node Type": "Seq Scan","Parent Relationship": "Outer","Parallel Aware": false,"Async Capable": false,"Relation Name": "nation","Alias": "nation","Startup Cost": 0.00,"Total Cost": 1.25,"Plan Rows": 25,"Plan Width": 108,"Actual Startup Time": 0.062,"Actual Total Time": 0.068,"Actual Rows": 25,"Actual Loops": 4,"Workers": []}]}]}]}]}]},"Planning Time": 7.620,"Triggers": [],"Execution Time": 593.147}]
[{"Plan": {"Node Type": "Sort","Parallel Aware": false,"Async Capable": false,"Startup Cost": 131080.21,"Total Cost": 131221.46,"Plan Rows": 56499,"Plan Width": 280,"Actual Startup Time": 607.607,"Actual Total Time": 646.377,"Actual Rows": 37607,"Actual Loops": 1,"Sort Key": ["(sum((lineitem.l_extendedprice * ('1'::numeric - lineitem.l_discount)))) DESC"],"Sort Method": "quicksort","Sort Space Used": 9755,"Sort Space Type": "Memory","Plans": [{"Node Type": "Aggregate","Strategy": "Hashed","Partial Mode": "Simple","Parent Relationship": "Outer","Parallel Aware": false,"Async Capable": false,"Startup Cost": 125914.53,"Total Cost": 126620.77,"Plan Rows": 56499,"Plan Width": 280,"Actual Startup Time": 421.745,"Actual Total Time": 572.585,"Actual Rows": 37607,"Actual Loops": 1,"Group Key": ["customer.c_custkey", "nation.n_name"],"Planned Partitions": 0,"HashAgg Batches": 1,"Peak Memory Usage": 26129,"Disk Usage": 0,"Plans": [{"Node Type": "Gather","Parent Relationship": "Outer","Parallel Aware": false,"Async Capable": false,"Startup Cost": 6785.77,"Total Cost": 125208.29,"Plan Rows": 56499,"Plan Width": 260,"Actual Startup Time": 84.737,"Actual Total Time": 294.745,"Actual Rows": 112798,"Actual Loops": 1,"Workers Planned": 3,"Workers Launched": 3,"Single Copy": false,"Plans": [{"Node Type": "Hash Join","Parent Relationship": "Outer","Parallel Aware": false,"Async Capable": false,"Join Type": "Inner","Startup Cost": 5785.77,"Total Cost": 118558.39,"Plan Rows": 18225,"Plan Width": 260,"Actual Startup Time": 77.703,"Actual Total Time": 365.765,"Actual Rows": 28200,"Actual Loops": 4,"Inner Unique": true,"Hash Cond": "(customer.c_nationkey = nation.n_nationkey)","Workers": [],"Plans": [{"Node Type": "Hash Join","Parent Relationship": "Outer","Parallel Aware": true,"Async Capable": false,"Join Type": "Inner","Startup Cost": 5784.20,"Total Cost": 118500.88,"Plan Rows": 18225,"Plan Width": 160,"Actual Startup Time": 77.334,"Actual Total Time": 357.276,"Actual Rows": 28200,"Actual Loops": 4,"Inner Unique": true,"Hash Cond": "(orders.o_custkey = customer.c_custkey)","Workers": [],"Plans": [{"Node Type": "Nested Loop","Parent Relationship": "Outer","Parallel Aware": false,"Async Capable": false,"Join Type": "Inner","Startup Cost": 792.95,"Total Cost": 113461.79,"Plan Rows": 18225,"Plan Width": 16,"Actual Startup Time": 13.152,"Actual Total Time": 254.573,"Actual Rows": 28200,"Actual Loops": 4,"Inner Unique": false,"Workers": [],"Plans": [{"Node Type": "Bitmap Heap Scan","Parent Relationship": "Outer","Parallel Aware": true,"Async Capable": false,"Relation Name": "orders","Alias": "orders","Startup Cost": 792.52,"Total Cost": 27165.14,"Plan Rows": 18508,"Plan Width": 8,"Actual Startup Time": 13.088,"Actual Total Time": 71.143,"Actual Rows": 14087,"Actual Loops": 4,"Recheck Cond": "((o_orderdate >= '1994-01-01'::date) AND (o_orderdate < '1994-04-01 00:00:00'::timestamp without time zone))","Rows Removed by Index Recheck": 0,"Exact Heap Blocks": 3702,"Lossy Heap Blocks": 0,"Workers": [],"Plans": [{"Node Type": "Bitmap Index Scan","Parent Relationship": "Outer","Parallel Aware": false,"Async Capable": false,"Index Name": "idx_orders_orderdate","Startup Cost": 0.00,"Total Cost": 778.18,"Plan Rows": 57375,"Plan Width": 0,"Actual Startup Time": 9.927,"Actual Total Time": 9.934,"Actual Rows": 56349,"Actual Loops": 1,"Index Cond": "((o_orderdate >= '1994-01-01'::date) AND (o_orderdate < '1994-04-01 00:00:00'::timestamp without time zone))","Workers": []}]},{"Node Type": "Index Scan","Parent Relationship": "Inner","Parallel Aware": false,"Async Capable": false,"Scan Direction": "Forward","Index Name": "idx_lineitem_orderkey","Relation Name": "lineitem","Alias": "lineitem","Startup Cost": 0.43,"Total Cost": 4.62,"Plan Rows": 4,"Plan Width": 16,"Actual Startup Time": 0.011,"Actual Total Time": 0.013,"Actual Rows": 2,"Actual Loops": 56349,"Index Cond": "(l_orderkey = orders.o_orderkey)","Rows Removed by Index Recheck": 0,"Filter": "(l_returnflag = 'R'::bpchar)","Rows Removed by Filter": 2,"Workers": []}]},{"Node Type": "Hash","Parent Relationship": "Inner","Parallel Aware": true,"Async Capable": false,"Startup Cost": 4210.00,"Total Cost": 4210.00,"Plan Rows": 62500,"Plan Width": 148,"Actual Startup Time": 63.582,"Actual Total Time": 63.588,"Actual Rows": 37500,"Actual Loops": 4,"Hash Buckets": 262144,"Original Hash Buckets": 262144,"Hash Batches": 1,"Original Hash Batches": 1,"Peak Memory Usage": 29312,"Workers": [],"Plans": [{"Node Type": "Seq Scan","Parent Relationship": "Outer","Parallel Aware": true,"Async Capable": false,"Relation Name": "customer","Alias": "customer","Startup Cost": 0.00,"Total Cost": 4210.00,"Plan Rows": 62500,"Plan Width": 148,"Actual Startup Time": 0.028,"Actual Total Time": 28.690,"Actual Rows": 37500,"Actual Loops": 4,"Workers": []}]}]},{"Node Type": "Hash","Parent Relationship": "Inner","Parallel Aware": false,"Async Capable": false,"Startup Cost": 1.25,"Total Cost": 1.25,"Plan Rows": 25,"Plan Width": 108,"Actual Startup Time": 0.094,"Actual Total Time": 0.100,"Actual Rows": 25,"Actual Loops": 4,"Hash Buckets": 1024,"Original Hash Buckets": 1024,"Hash Batches": 1,"Original Hash Batches": 1,"Peak Memory Usage": 10,"Workers": [],"Plans": [{"Node Type": "Seq Scan","Parent Relationship": "Outer","Parallel Aware": false,"Async Capable": false,"Relation Name": "nation","Alias": "nation","Startup Cost": 0.00,"Total Cost": 1.25,"Plan Rows": 25,"Plan Width": 108,"Actual Startup Time": 0.060,"Actual Total Time": 0.067,"Actual Rows": 25,"Actual Loops": 4,"Workers": []}]}]}]}]}]},"Planning Time": 7.215,"Triggers": [],"Execution Time": 650.753}]
[{"Plan": {"Node Type": "Sort","Parallel Aware": false,"Async Capable": false,"Startup Cost": 130909.78,"Total Cost": 131050.70,"Plan Rows": 56371,"Plan Width": 280,"Actual Startup Time": 586.743,"Actual Total Time": 630.152,"Actual Rows": 38263,"Actual Loops": 1,"Sort Key": ["(sum((lineitem.l_extendedprice * ('1'::numeric - lineitem.l_discount)))) DESC"],"Sort Method": "quicksort","Sort Space Used": 9899,"Sort Space Type": "Memory","Plans": [{"Node Type": "Aggregate","Strategy": "Hashed","Partial Mode": "Simple","Parent Relationship": "Outer","Parallel Aware": false,"Async Capable": false,"Startup Cost": 125756.71,"Total Cost": 126461.35,"Plan Rows": 56371,"Plan Width": 280,"Actual Startup Time": 417.199,"Actual Total Time": 554.225,"Actual Rows": 38263,"Actual Loops": 1,"Group Key": ["customer.c_custkey", "nation.n_name"],"Planned Partitions": 0,"HashAgg Batches": 1,"Peak Memory Usage": 26129,"Disk Usage": 0,"Plans": [{"Node Type": "Gather","Parent Relationship": "Outer","Parallel Aware": false,"Async Capable": false,"Startup Cost": 6784.43,"Total Cost": 125052.08,"Plan Rows": 56371,"Plan Width": 260,"Actual Startup Time": 75.828,"Actual Total Time": 292.854,"Actual Rows": 114665,"Actual Loops": 1,"Workers Planned": 3,"Workers Launched": 3,"Single Copy": false,"Plans": [{"Node Type": "Hash Join","Parent Relationship": "Outer","Parallel Aware": false,"Async Capable": false,"Join Type": "Inner","Startup Cost": 5784.43,"Total Cost": 118414.98,"Plan Rows": 18184,"Plan Width": 260,"Actual Startup Time": 68.693,"Actual Total Time": 360.677,"Actual Rows": 28666,"Actual Loops": 4,"Inner Unique": true,"Hash Cond": "(customer.c_nationkey = nation.n_nationkey)","Workers": [],"Plans": [{"Node Type": "Hash Join","Parent Relationship": "Outer","Parallel Aware": true,"Async Capable": false,"Join Type": "Inner","Startup Cost": 5782.87,"Total Cost": 118357.59,"Plan Rows": 18184,"Plan Width": 160,"Actual Startup Time": 68.338,"Actual Total Time": 351.919,"Actual Rows": 28666,"Actual Loops": 4,"Inner Unique": true,"Hash Cond": "(orders.o_custkey = customer.c_custkey)","Workers": [],"Plans": [{"Node Type": "Nested Loop","Parent Relationship": "Outer","Parallel Aware": false,"Async Capable": false,"Join Type": "Inner","Startup Cost": 791.62,"Total Cost": 113318.61,"Plan Rows": 18184,"Plan Width": 16,"Actual Startup Time": 13.513,"Actual Total Time": 254.371,"Actual Rows": 28666,"Actual Loops": 4,"Inner Unique": false,"Workers": [],"Plans": [{"Node Type": "Bitmap Heap Scan","Parent Relationship": "Outer","Parallel Aware": true,"Async Capable": false,"Relation Name": "orders","Alias": "orders","Startup Cost": 791.19,"Total Cost": 27163.18,"Plan Rows": 18466,"Plan Width": 8,"Actual Startup Time": 13.445,"Actual Total Time": 71.425,"Actual Rows": 14346,"Actual Loops": 4,"Recheck Cond": "((o_orderdate >= '1994-07-01'::date) AND (o_orderdate < '1994-10-01 00:00:00'::timestamp without time zone))","Rows Removed by Index Recheck": 0,"Exact Heap Blocks": 3489,"Lossy Heap Blocks": 0,"Workers": [],"Plans": [{"Node Type": "Bitmap Index Scan","Parent Relationship": "Outer","Parallel Aware": false,"Async Capable": false,"Index Name": "idx_orders_orderdate","Startup Cost": 0.00,"Total Cost": 776.88,"Plan Rows": 57245,"Plan Width": 0,"Actual Startup Time": 10.310,"Actual Total Time": 10.312,"Actual Rows": 57384,"Actual Loops": 1,"Index Cond": "((o_orderdate >= '1994-07-01'::date) AND (o_orderdate < '1994-10-01 00:00:00'::timestamp without time zone))","Workers": []}]},{"Node Type": "Index Scan","Parent Relationship": "Inner","Parallel Aware": false,"Async Capable": false,"Scan Direction": "Forward","Index Name": "idx_lineitem_orderkey","Relation Name": "lineitem","Alias": "lineitem","Startup Cost": 0.43,"Total Cost": 4.63,"Plan Rows": 4,"Plan Width": 16,"Actual Startup Time": 0.010,"Actual Total Time": 0.012,"Actual Rows": 2,"Actual Loops": 57384,"Index Cond": "(l_orderkey = orders.o_orderkey)","Rows Removed by Index Recheck": 0,"Filter": "(l_returnflag = 'R'::bpchar)","Rows Removed by Filter": 2,"Workers": []}]},{"Node Type": "Hash","Parent Relationship": "Inner","Parallel Aware": true,"Async Capable": false,"Startup Cost": 4210.00,"Total Cost": 4210.00,"Plan Rows": 62500,"Plan Width": 148,"Actual Startup Time": 54.206,"Actual Total Time": 54.213,"Actual Rows": 37500,"Actual Loops": 4,"Hash Buckets": 262144,"Original Hash Buckets": 262144,"Hash Batches": 1,"Original Hash Batches": 1,"Peak Memory Usage": 29312,"Workers": [],"Plans": [{"Node Type": "Seq Scan","Parent Relationship": "Outer","Parallel Aware": true,"Async Capable": false,"Relation Name": "customer","Alias": "customer","Startup Cost": 0.00,"Total Cost": 4210.00,"Plan Rows": 62500,"Plan Width": 148,"Actual Startup Time": 0.020,"Actual Total Time": 23.974,"Actual Rows": 37500,"Actual Loops": 4,"Workers": []}]}]},{"Node Type": "Hash","Parent Relationship": "Inner","Parallel Aware": false,"Async Capable": false,"Startup Cost": 1.25,"Total Cost": 1.25,"Plan Rows": 25,"Plan Width": 108,"Actual Startup Time": 0.080,"Actual Total Time": 0.085,"Actual Rows": 25,"Actual Loops": 4,"Hash Buckets": 1024,"Original Hash Buckets": 1024,"Hash Batches": 1,"Original Hash Batches": 1,"Peak Memory Usage": 10,"Workers": [],"Plans": [{"Node Type": "Seq Scan","Parent Relationship": "Outer","Parallel Aware": false,"Async Capable": false,"Relation Name": "nation","Alias": "nation","Startup Cost": 0.00,"Total Cost": 1.25,"Plan Rows": 25,"Plan Width": 108,"Actual Startup Time": 0.053,"Actual Total Time": 0.059,"Actual Rows": 25,"Actual Loops": 4,"Workers": []}]}]}]}]}]},"Planning Time": 7.471,"Triggers": [],"Execution Time": 636.412}]
[{"Plan": {"Node Type": "Sort","Parallel Aware": false,"Async Capable": false,"Startup Cost": 129285.16,"Total Cost": 129423.04,"Plan Rows": 55152,"Plan Width": 280,"Actual Startup Time": 594.195,"Actual Total Time": 635.058,"Actual Rows": 37857,"Actual Loops": 1,"Sort Key": ["(sum((lineitem.l_extendedprice * ('1'::numeric - lineitem.l_discount)))) DESC"],"Sort Method": "quicksort","Sort Space Used": 9823,"Sort Space Type": "Memory","Plans": [{"Node Type": "Aggregate","Strategy": "Hashed","Partial Mode": "Simple","Parent Relationship": "Outer","Parallel Aware": false,"Async Capable": false,"Startup Cost": 124252.23,"Total Cost": 124941.63,"Plan Rows": 55152,"Plan Width": 280,"Actual Startup Time": 414.188,"Actual Total Time": 557.916,"Actual Rows": 37857,"Actual Loops": 1,"Group Key": ["customer.c_custkey", "nation.n_name"],"Planned Partitions": 0,"HashAgg Batches": 1,"Peak Memory Usage": 26129,"Disk Usage": 0,"Plans": [{"Node Type": "Gather","Parent Relationship": "Outer","Parallel Aware": false,"Async Capable": false,"Startup Cost": 6767.74,"Total Cost": 123562.83,"Plan Rows": 55152,"Plan Width": 260,"Actual Startup Time": 77.793,"Actual Total Time": 289.359,"Actual Rows": 114326,"Actual Loops": 1,"Workers Planned": 3,"Workers Launched": 3,"Single Copy": false,"Plans": [{"Node Type": "Hash Join","Parent Relationship": "Outer","Parallel Aware": false,"Async Capable": false,"Join Type": "Inner","Startup Cost": 5767.74,"Total Cost": 117047.63,"Plan Rows": 17791,"Plan Width": 260,"Actual Startup Time": 70.168,"Actual Total Time": 358.948,"Actual Rows": 28582,"Actual Loops": 4,"Inner Unique": true,"Hash Cond": "(customer.c_nationkey = nation.n_nationkey)","Workers": [],"Plans": [{"Node Type": "Hash Join","Parent Relationship": "Outer","Parallel Aware": true,"Async Capable": false,"Join Type": "Inner","Startup Cost": 5766.18,"Total Cost": 116991.45,"Plan Rows": 17791,"Plan Width": 160,"Actual Startup Time": 69.698,"Actual Total Time": 349.487,"Actual Rows": 28582,"Actual Loops": 4,"Inner Unique": true,"Hash Cond": "(orders.o_custkey = customer.c_custkey)","Workers": [],"Plans": [{"Node Type": "Nested Loop","Parent Relationship": "Outer","Parallel Aware": false,"Async Capable": false,"Join Type": "Inner","Startup Cost": 774.93,"Total Cost": 111953.49,"Plan Rows": 17791,"Plan Width": 16,"Actual Startup Time": 12.978,"Actual Total Time": 249.911,"Actual Rows": 28582,"Actual Loops": 4,"Inner Unique": false,"Workers": [],"Plans": [{"Node Type": "Bitmap Heap Scan","Parent Relationship": "Outer","Parallel Aware": true,"Async Capable": false,"Relation Name": "orders","Alias": "orders","Startup Cost": 774.50,"Total Cost": 27140.50,"Plan Rows": 18067,"Plan Width": 8,"Actual Startup Time": 12.915,"Actual Total Time": 70.510,"Actual Rows": 14320,"Actual Loops": 4,"Recheck Cond": "((o_orderdate >= '1993-06-01'::date) AND (o_orderdate < '1993-09-01 00:00:00'::timestamp without time zone))","Rows Removed by Index Recheck": 0,"Exact Heap Blocks": 3550,"Lossy Heap Blocks": 0,"Workers": [],"Plans": [{"Node Type": "Bitmap Index Scan","Parent Relationship": "Outer","Parallel Aware": false,"Async Capable": false,"Index Name": "idx_orders_orderdate","Startup Cost": 0.00,"Total Cost": 760.50,"Plan Rows": 56007,"Plan Width": 0,"Actual Startup Time": 9.843,"Actual Total Time": 9.846,"Actual Rows": 57280,"Actual Loops": 1,"Index Cond": "((o_orderdate >= '1993-06-01'::date) AND (o_orderdate < '1993-09-01 00:00:00'::timestamp without time zone))","Workers": []}]},{"Node Type": "Index Scan","Parent Relationship": "Inner","Parallel Aware": false,"Async Capable": false,"Scan Direction": "Forward","Index Name": "idx_lineitem_orderkey","Relation Name": "lineitem","Alias": "lineitem","Startup Cost": 0.43,"Total Cost": 4.65,"Plan Rows": 4,"Plan Width": 16,"Actual Startup Time": 0.010,"Actual Total Time": 0.012,"Actual Rows": 2,"Actual Loops": 57280,"Index Cond": "(l_orderkey = orders.o_orderkey)","Rows Removed by Index Recheck": 0,"Filter": "(l_returnflag = 'R'::bpchar)","Rows Removed by Filter": 2,"Workers": []}]},{"Node Type": "Hash","Parent Relationship": "Inner","Parallel Aware": true,"Async Capable": false,"Startup Cost": 4210.00,"Total Cost": 4210.00,"Plan Rows": 62500,"Plan Width": 148,"Actual Startup Time": 56.151,"Actual Total Time": 56.157,"Actual Rows": 37500,"Actual Loops": 4,"Hash Buckets": 262144,"Original Hash Buckets": 262144,"Hash Batches": 1,"Original Hash Batches": 1,"Peak Memory Usage": 29312,"Workers": [],"Plans": [{"Node Type": "Seq Scan","Parent Relationship": "Outer","Parallel Aware": true,"Async Capable": false,"Relation Name": "customer","Alias": "customer","Startup Cost": 0.00,"Total Cost": 4210.00,"Plan Rows": 62500,"Plan Width": 148,"Actual Startup Time": 0.028,"Actual Total Time": 26.217,"Actual Rows": 37500,"Actual Loops": 4,"Workers": []}]}]},{"Node Type": "Hash","Parent Relationship": "Inner","Parallel Aware": false,"Async Capable": false,"Startup Cost": 1.25,"Total Cost": 1.25,"Plan Rows": 25,"Plan Width": 108,"Actual Startup Time": 0.109,"Actual Total Time": 0.115,"Actual Rows": 25,"Actual Loops": 4,"Hash Buckets": 1024,"Original Hash Buckets": 1024,"Hash Batches": 1,"Original Hash Batches": 1,"Peak Memory Usage": 10,"Workers": [],"Plans": [{"Node Type": "Seq Scan","Parent Relationship": "Outer","Parallel Aware": false,"Async Capable": false,"Relation Name": "nation","Alias": "nation","Startup Cost": 0.00,"Total Cost": 1.25,"Plan Rows": 25,"Plan Width": 108,"Actual Startup Time": 0.076,"Actual Total Time": 0.083,"Actual Rows": 25,"Actual Loops": 4,"Workers": []}]}]}]}]}]},"Planning Time": 6.852,"Triggers": [],"Execution Time": 641.259}]
[{"Plan": {"Node Type": "Sort","Parallel Aware": false,"Async Capable": false,"Startup Cost": 132293.09,"Total Cost": 132436.61,"Plan Rows": 57411,"Plan Width": 280,"Actual Startup Time": 612.013,"Actual Total Time": 652.224,"Actual Rows": 37922,"Actual Loops": 1,"Sort Key": ["(sum((lineitem.l_extendedprice * ('1'::numeric - lineitem.l_discount)))) DESC"],"Sort Method": "quicksort","Sort Space Used": 9827,"Sort Space Type": "Memory","Plans": [{"Node Type": "Aggregate","Strategy": "Hashed","Partial Mode": "Simple","Parent Relationship": "Outer","Parallel Aware": false,"Async Capable": false,"Startup Cost": 127037.38,"Total Cost": 127755.02,"Plan Rows": 57411,"Plan Width": 280,"Actual Startup Time": 427.597,"Actual Total Time": 578.840,"Actual Rows": 37922,"Actual Loops": 1,"Group Key": ["customer.c_custkey", "nation.n_name"],"Planned Partitions": 0,"HashAgg Batches": 1,"Peak Memory Usage": 26129,"Disk Usage": 0,"Plans": [{"Node Type": "Gather","Parent Relationship": "Outer","Parallel Aware": false,"Async Capable": false,"Startup Cost": 6799.26,"Total Cost": 126319.75,"Plan Rows": 57411,"Plan Width": 260,"Actual Startup Time": 84.985,"Actual Total Time": 295.027,"Actual Rows": 114929,"Actual Loops": 1,"Workers Planned": 3,"Workers Launched": 3,"Single Copy": false,"Plans": [{"Node Type": "Hash Join","Parent Relationship": "Outer","Parallel Aware": false,"Async Capable": false,"Join Type": "Inner","Startup Cost": 5799.26,"Total Cost": 119578.65,"Plan Rows": 18520,"Plan Width": 260,"Actual Startup Time": 77.490,"Actual Total Time": 369.817,"Actual Rows": 28732,"Actual Loops": 4,"Inner Unique": true,"Hash Cond": "(customer.c_nationkey = nation.n_nationkey)","Workers": [],"Plans": [{"Node Type": "Hash Join","Parent Relationship": "Outer","Parallel Aware": true,"Async Capable": false,"Join Type": "Inner","Startup Cost": 5797.70,"Total Cost": 119520.23,"Plan Rows": 18520,"Plan Width": 160,"Actual Startup Time": 77.066,"Actual Total Time": 360.808,"Actual Rows": 28732,"Actual Loops": 4,"Inner Unique": true,"Hash Cond": "(orders.o_custkey = customer.c_custkey)","Workers": [],"Plans": [{"Node Type": "Nested Loop","Parent Relationship": "Outer","Parallel Aware": false,"Async Capable": false,"Join Type": "Inner","Startup Cost": 806.45,"Total Cost": 114480.36,"Plan Rows": 18520,"Plan Width": 16,"Actual Startup Time": 13.430,"Actual Total Time": 255.437,"Actual Rows": 28732,"Actual Loops": 4,"Inner Unique": false,"Workers": [],"Plans": [{"Node Type": "Bitmap Heap Scan","Parent Relationship": "Outer","Parallel Aware": true,"Async Capable": false,"Relation Name": "orders","Alias": "orders","Startup Cost": 806.01,"Total Cost": 27183.11,"Plan Rows": 18807,"Plan Width": 8,"Actual Startup Time": 13.367,"Actual Total Time": 72.208,"Actual Rows": 14355,"Actual Loops": 4,"Recheck Cond": "((o_orderdate >= '1994-03-01'::date) AND (o_orderdate < '1994-06-01 00:00:00'::timestamp without time zone))","Rows Removed by Index Recheck": 0,"Exact Heap Blocks": 3712,"Lossy Heap Blocks": 0,"Workers": [],"Plans": [{"Node Type": "Bitmap Index Scan","Parent Relationship": "Outer","Parallel Aware": false,"Async Capable": false,"Index Name": "idx_orders_orderdate","Startup Cost": 0.00,"Total Cost": 791.44,"Plan Rows": 58301,"Plan Width": 0,"Actual Startup Time": 10.180,"Actual Total Time": 10.183,"Actual Rows": 57420,"Actual Loops": 1,"Index Cond": "((o_orderdate >= '1994-03-01'::date) AND (o_orderdate < '1994-06-01 00:00:00'::timestamp without time zone))","Workers": []}]},{"Node Type": "Index Scan","Parent Relationship": "Inner","Parallel Aware": false,"Async Capable": false,"Scan Direction": "Forward","Index Name": "idx_lineitem_orderkey","Relation Name": "lineitem","Alias": "lineitem","Startup Cost": 0.43,"Total Cost": 4.60,"Plan Rows": 4,"Plan Width": 16,"Actual Startup Time": 0.010,"Actual Total Time": 0.012,"Actual Rows": 2,"Actual Loops": 57420,"Index Cond": "(l_orderkey = orders.o_orderkey)","Rows Removed by Index Recheck": 0,"Filter": "(l_returnflag = 'R'::bpchar)","Rows Removed by Filter": 2,"Workers": []}]},{"Node Type": "Hash","Parent Relationship": "Inner","Parallel Aware": true,"Async Capable": false,"Startup Cost": 4210.00,"Total Cost": 4210.00,"Plan Rows": 62500,"Plan Width": 148,"Actual Startup Time": 63.095,"Actual Total Time": 63.101,"Actual Rows": 37500,"Actual Loops": 4,"Hash Buckets": 262144,"Original Hash Buckets": 262144,"Hash Batches": 1,"Original Hash Batches": 1,"Peak Memory Usage": 29280,"Workers": [],"Plans": [{"Node Type": "Seq Scan","Parent Relationship": "Outer","Parallel Aware": true,"Async Capable": false,"Relation Name": "customer","Alias": "customer","Startup Cost": 0.00,"Total Cost": 4210.00,"Plan Rows": 62500,"Plan Width": 148,"Actual Startup Time": 0.041,"Actual Total Time": 28.071,"Actual Rows": 37500,"Actual Loops": 4,"Workers": []}]}]},{"Node Type": "Hash","Parent Relationship": "Inner","Parallel Aware": false,"Async Capable": false,"Startup Cost": 1.25,"Total Cost": 1.25,"Plan Rows": 25,"Plan Width": 108,"Actual Startup Time": 0.097,"Actual Total Time": 0.101,"Actual Rows": 25,"Actual Loops": 4,"Hash Buckets": 1024,"Original Hash Buckets": 1024,"Hash Batches": 1,"Original Hash Batches": 1,"Peak Memory Usage": 10,"Workers": [],"Plans": [{"Node Type": "Seq Scan","Parent Relationship": "Outer","Parallel Aware": false,"Async Capable": false,"Relation Name": "nation","Alias": "nation","Startup Cost": 0.00,"Total Cost": 1.25,"Plan Rows": 25,"Plan Width": 108,"Actual Startup Time": 0.065,"Actual Total Time": 0.071,"Actual Rows": 25,"Actual Loops": 4,"Workers": []}]}]}]}]}]},"Planning Time": 6.342,"Triggers": [],"Execution Time": 656.718}]
[{"Plan": {"Node Type": "Sort","Parallel Aware": false,"Async Capable": false,"Startup Cost": 135294.26,"Total Cost": 135443.48,"Plan Rows": 59689,"Plan Width": 280,"Actual Startup Time": 545.457,"Actual Total Time": 585.279,"Actual Rows": 35593,"Actual Loops": 1,"Sort Key": ["(sum((lineitem.l_extendedprice * ('1'::numeric - lineitem.l_discount)))) DESC"],"Sort Method": "quicksort","Sort Space Used": 9317,"Sort Space Type": "Memory","Plans": [{"Node Type": "Aggregate","Strategy": "Hashed","Partial Mode": "Simple","Parent Relationship": "Outer","Parallel Aware": false,"Async Capable": false,"Startup Cost": 129813.27,"Total Cost": 130559.38,"Plan Rows": 59689,"Plan Width": 280,"Actual Startup Time": 389.996,"Actual Total Time": 517.393,"Actual Rows": 35593,"Actual Loops": 1,"Group Key": ["customer.c_custkey", "nation.n_name"],"Planned Partitions": 0,"HashAgg Batches": 1,"Peak Memory Usage": 27665,"Disk Usage": 0,"Plans": [{"Node Type": "Gather","Parent Relationship": "Outer","Parallel Aware": false,"Async Capable": false,"Startup Cost": 6830.97,"Total Cost": 129067.15,"Plan Rows": 59689,"Plan Width": 260,"Actual Startup Time": 76.518,"Actual Total Time": 281.363,"Actual Rows": 94907,"Actual Loops": 1,"Workers Planned": 3,"Workers Launched": 3,"Single Copy": false,"Plans": [{"Node Type": "Hash Join","Parent Relationship": "Outer","Parallel Aware": false,"Async Capable": false,"Join Type": "Inner","Startup Cost": 5830.97,"Total Cost": 122098.25,"Plan Rows": 19255,"Plan Width": 260,"Actual Startup Time": 68.775,"Actual Total Time": 339.806,"Actual Rows": 23727,"Actual Loops": 4,"Inner Unique": true,"Hash Cond": "(customer.c_nationkey = nation.n_nationkey)","Workers": [],"Plans": [{"Node Type": "Hash Join","Parent Relationship": "Outer","Parallel Aware": true,"Async Capable": false,"Join Type": "Inner","Startup Cost": 5829.40,"Total Cost": 122037.58,"Plan Rows": 19255,"Plan Width": 160,"Actual Startup Time": 68.296,"Actual Total Time": 331.130,"Actual Rows": 23727,"Actual Loops": 4,"Inner Unique": true,"Hash Cond": "(orders.o_custkey = customer.c_custkey)","Workers": [],"Plans": [{"Node Type": "Nested Loop","Parent Relationship": "Outer","Parallel Aware": false,"Async Capable": false,"Join Type": "Inner","Startup Cost": 838.15,"Total Cost": 116995.79,"Plan Rows": 19255,"Plan Width": 16,"Actual Startup Time": 13.636,"Actual Total Time": 241.200,"Actual Rows": 23727,"Actual Loops": 4,"Inner Unique": false,"Workers": [],"Plans": [{"Node Type": "Bitmap Heap Scan","Parent Relationship": "Outer","Parallel Aware": true,"Async Capable": false,"Relation Name": "orders","Alias": "orders","Startup Cost": 837.72,"Total Cost": 27226.01,"Plan Rows": 19553,"Plan Width": 8,"Actual Startup Time": 13.552,"Actual Total Time": 68.983,"Actual Rows": 14126,"Actual Loops": 4,"Recheck Cond": "((o_orderdate >= '1995-01-01'::date) AND (o_orderdate < '1995-04-01 00:00:00'::timestamp without time zone))","Rows Removed by Index Recheck": 0,"Exact Heap Blocks": 3623,"Lossy Heap Blocks": 0,"Workers": [],"Plans": [{"Node Type": "Bitmap Index Scan","Parent Relationship": "Outer","Parallel Aware": false,"Async Capable": false,"Index Name": "idx_orders_orderdate","Startup Cost": 0.00,"Total Cost": 822.57,"Plan Rows": 60614,"Plan Width": 0,"Actual Startup Time": 10.475,"Actual Total Time": 10.479,"Actual Rows": 56506,"Actual Loops": 1,"Index Cond": "((o_orderdate >= '1995-01-01'::date) AND (o_orderdate < '1995-04-01 00:00:00'::timestamp without time zone))","Workers": []}]},{"Node Type": "Index Scan","Parent Relationship": "Inner","Parallel Aware": false,"Async Capable": false,"Scan Direction": "Forward","Index Name": "idx_lineitem_orderkey","Relation Name": "lineitem","Alias": "lineitem","Startup Cost": 0.43,"Total Cost": 4.55,"Plan Rows": 4,"Plan Width": 16,"Actual Startup Time": 0.010,"Actual Total Time": 0.012,"Actual Rows": 2,"Actual Loops": 56506,"Index Cond": "(l_orderkey = orders.o_orderkey)","Rows Removed by Index Recheck": 0,"Filter": "(l_returnflag = 'R'::bpchar)","Rows Removed by Filter": 2,"Workers": []}]},{"Node Type": "Hash","Parent Relationship": "Inner","Parallel Aware": true,"Async Capable": false,"Startup Cost": 4210.00,"Total Cost": 4210.00,"Plan Rows": 62500,"Plan Width": 148,"Actual Startup Time": 54.088,"Actual Total Time": 54.097,"Actual Rows": 37500,"Actual Loops": 4,"Hash Buckets": 262144,"Original Hash Buckets": 262144,"Hash Batches": 1,"Original Hash Batches": 1,"Peak Memory Usage": 29312,"Workers": [],"Plans": [{"Node Type": "Seq Scan","Parent Relationship": "Outer","Parallel Aware": true,"Async Capable": false,"Relation Name": "customer","Alias": "customer","Startup Cost": 0.00,"Total Cost": 4210.00,"Plan Rows": 62500,"Plan Width": 148,"Actual Startup Time": 0.033,"Actual Total Time": 23.775,"Actual Rows": 37500,"Actual Loops": 4,"Workers": []}]}]},{"Node Type": "Hash","Parent Relationship": "Inner","Parallel Aware": false,"Async Capable": false,"Startup Cost": 1.25,"Total Cost": 1.25,"Plan Rows": 25,"Plan Width": 108,"Actual Startup Time": 0.094,"Actual Total Time": 0.098,"Actual Rows": 25,"Actual Loops": 4,"Hash Buckets": 1024,"Original Hash Buckets": 1024,"Hash Batches": 1,"Original Hash Batches": 1,"Peak Memory Usage": 10,"Workers": [],"Plans": [{"Node Type": "Seq Scan","Parent Relationship": "Outer","Parallel Aware": false,"Async Capable": false,"Relation Name": "nation","Alias": "nation","Startup Cost": 0.00,"Total Cost": 1.25,"Plan Rows": 25,"Plan Width": 108,"Actual Startup Time": 0.062,"Actual Total Time": 0.068,"Actual Rows": 25,"Actual Loops": 4,"Workers": []}]}]}]}]}]},"Planning Time": 7.620,"Triggers": [],"Execution Time": 593.147}]
[{"Plan": {"Node Type": "Sort","Parallel Aware": false,"Async Capable": false,"Startup Cost": 131080.21,"Total Cost": 131221.46,"Plan Rows": 56499,"Plan Width": 280,"Actual Startup Time": 605.493,"Actual Total Time": 645.716,"Actual Rows": 37967,"Actual Loops": 1,"Sort Key": ["(sum((lineitem.l_extendedprice * ('1'::numeric - lineitem.l_discount)))) DESC"],"Sort Method": "quicksort","Sort Space Used": 9838,"Sort Space Type": "Memory","Plans": [{"Node Type": "Aggregate","Strategy": "Hashed","Partial Mode": "Simple","Parent Relationship": "Outer","Parallel Aware": false,"Async Capable": false,"Startup Cost": 125914.53,"Total Cost": 126620.77,"Plan Rows": 56499,"Plan Width": 280,"Actual Startup Time": 424.904,"Actual Total Time": 572.991,"Actual Rows": 37967,"Actual Loops": 1,"Group Key": ["customer.c_custkey", "nation.n_name"],"Planned Partitions": 0,"HashAgg Batches": 1,"Peak Memory Usage": 26129,"Disk Usage": 0,"Plans": [{"Node Type": "Gather","Parent Relationship": "Outer","Parallel Aware": false,"Async Capable": false,"Startup Cost": 6785.77,"Total Cost": 125208.29,"Plan Rows": 56499,"Plan Width": 260,"Actual Startup Time": 85.491,"Actual Total Time": 295.043,"Actual Rows": 114705,"Actual Loops": 1,"Workers Planned": 3,"Workers Launched": 3,"Single Copy": false,"Plans": [{"Node Type": "Hash Join","Parent Relationship": "Outer","Parallel Aware": false,"Async Capable": false,"Join Type": "Inner","Startup Cost": 5785.77,"Total Cost": 118558.39,"Plan Rows": 18225,"Plan Width": 260,"Actual Startup Time": 77.990,"Actual Total Time": 369.128,"Actual Rows": 28676,"Actual Loops": 4,"Inner Unique": true,"Hash Cond": "(customer.c_nationkey = nation.n_nationkey)","Workers": [],"Plans": [{"Node Type": "Hash Join","Parent Relationship": "Outer","Parallel Aware": true,"Async Capable": false,"Join Type": "Inner","Startup Cost": 5784.20,"Total Cost": 118500.88,"Plan Rows": 18225,"Plan Width": 160,"Actual Startup Time": 77.566,"Actual Total Time": 359.708,"Actual Rows": 28676,"Actual Loops": 4,"Inner Unique": true,"Hash Cond": "(orders.o_custkey = customer.c_custkey)","Workers": [],"Plans": [{"Node Type": "Nested Loop","Parent Relationship": "Outer","Parallel Aware": false,"Async Capable": false,"Join Type": "Inner","Startup Cost": 792.95,"Total Cost": 113461.79,"Plan Rows": 18225,"Plan Width": 16,"Actual Startup Time": 13.246,"Actual Total Time": 255.571,"Actual Rows": 28676,"Actual Loops": 4,"Inner Unique": false,"Workers": [],"Plans": [{"Node Type": "Bitmap Heap Scan","Parent Relationship": "Outer","Parallel Aware": true,"Async Capable": false,"Relation Name": "orders","Alias": "orders","Startup Cost": 792.52,"Total Cost": 27165.14,"Plan Rows": 18508,"Plan Width": 8,"Actual Startup Time": 13.160,"Actual Total Time": 71.475,"Actual Rows": 14267,"Actual Loops": 4,"Recheck Cond": "((o_orderdate >= '1993-10-01'::date) AND (o_orderdate < '1994-01-01 00:00:00'::timestamp without time zone))","Rows Removed by Index Recheck": 0,"Exact Heap Blocks": 3708,"Lossy Heap Blocks": 0,"Workers": [],"Plans": [{"Node Type": "Bitmap Index Scan","Parent Relationship": "Outer","Parallel Aware": false,"Async Capable": false,"Index Name": "idx_orders_orderdate","Startup Cost": 0.00,"Total Cost": 778.18,"Plan Rows": 57375,"Plan Width": 0,"Actual Startup Time": 10.062,"Actual Total Time": 10.069,"Actual Rows": 57069,"Actual Loops": 1,"Index Cond": "((o_orderdate >= '1993-10-01'::date) AND (o_orderdate < '1994-01-01 00:00:00'::timestamp without time zone))","Workers": []}]},{"Node Type": "Index Scan","Parent Relationship": "Inner","Parallel Aware": false,"Async Capable": false,"Scan Direction": "Forward","Index Name": "idx_lineitem_orderkey","Relation Name": "lineitem","Alias": "lineitem","Startup Cost": 0.43,"Total Cost": 4.62,"Plan Rows": 4,"Plan Width": 16,"Actual Startup Time": 0.011,"Actual Total Time": 0.013,"Actual Rows": 2,"Actual Loops": 57069,"Index Cond": "(l_orderkey = orders.o_orderkey)","Rows Removed by Index Recheck": 0,"Filter": "(l_returnflag = 'R'::bpchar)","Rows Removed by Filter": 2,"Workers": []}]},{"Node Type": "Hash","Parent Relationship": "Inner","Parallel Aware": true,"Async Capable": false,"Startup Cost": 4210.00,"Total Cost": 4210.00,"Plan Rows": 62500,"Plan Width": 148,"Actual Startup Time": 63.688,"Actual Total Time": 63.696,"Actual Rows": 37500,"Actual Loops": 4,"Hash Buckets": 262144,"Original Hash Buckets": 262144,"Hash Batches": 1,"Original Hash Batches": 1,"Peak Memory Usage": 29312,"Workers": [],"Plans": [{"Node Type": "Seq Scan","Parent Relationship": "Outer","Parallel Aware": true,"Async Capable": false,"Relation Name": "customer","Alias": "customer","Startup Cost": 0.00,"Total Cost": 4210.00,"Plan Rows": 62500,"Plan Width": 148,"Actual Startup Time": 0.034,"Actual Total Time": 28.900,"Actual Rows": 37500,"Actual Loops": 4,"Workers": []}]}]},{"Node Type": "Hash","Parent Relationship": "Inner","Parallel Aware": false,"Async Capable": false,"Startup Cost": 1.25,"Total Cost": 1.25,"Plan Rows": 25,"Plan Width": 108,"Actual Startup Time": 0.102,"Actual Total Time": 0.107,"Actual Rows": 25,"Actual Loops": 4,"Hash Buckets": 1024,"Original Hash Buckets": 1024,"Hash Batches": 1,"Original Hash Batches": 1,"Peak Memory Usage": 10,"Workers": [],"Plans": [{"Node Type": "Seq Scan","Parent Relationship": "Outer","Parallel Aware": false,"Async Capable": false,"Relation Name": "nation","Alias": "nation","Startup Cost": 0.00,"Total Cost": 1.25,"Plan Rows": 25,"Plan Width": 108,"Actual Startup Time": 0.070,"Actual Total Time": 0.076,"Actual Rows": 25,"Actual Loops": 4,"Workers": []}]}]}]}]}]},"Planning Time": 6.575,"Triggers": [],"Execution Time": 649.944}]
[{"Plan": {"Node Type": "Sort","Parallel Aware": false,"Async Capable": false,"Startup Cost": 130909.78,"Total Cost": 131050.70,"Plan Rows": 56371,"Plan Width": 280,"Actual Startup Time": 586.743,"Actual Total Time": 630.152,"Actual Rows": 38263,"Actual Loops": 1,"Sort Key": ["(sum((lineitem.l_extendedprice * ('1'::numeric - lineitem.l_discount)))) DESC"],"Sort Method": "quicksort","Sort Space Used": 9899,"Sort Space Type": "Memory","Plans": [{"Node Type": "Aggregate","Strategy": "Hashed","Partial Mode": "Simple","Parent Relationship": "Outer","Parallel Aware": false,"Async Capable": false,"Startup Cost": 125756.71,"Total Cost": 126461.35,"Plan Rows": 56371,"Plan Width": 280,"Actual Startup Time": 417.199,"Actual Total Time": 554.225,"Actual Rows": 38263,"Actual Loops": 1,"Group Key": ["customer.c_custkey", "nation.n_name"],"Planned Partitions": 0,"HashAgg Batches": 1,"Peak Memory Usage": 26129,"Disk Usage": 0,"Plans": [{"Node Type": "Gather","Parent Relationship": "Outer","Parallel Aware": false,"Async Capable": false,"Startup Cost": 6784.43,"Total Cost": 125052.08,"Plan Rows": 56371,"Plan Width": 260,"Actual Startup Time": 75.828,"Actual Total Time": 292.854,"Actual Rows": 114665,"Actual Loops": 1,"Workers Planned": 3,"Workers Launched": 3,"Single Copy": false,"Plans": [{"Node Type": "Hash Join","Parent Relationship": "Outer","Parallel Aware": false,"Async Capable": false,"Join Type": "Inner","Startup Cost": 5784.43,"Total Cost": 118414.98,"Plan Rows": 18184,"Plan Width": 260,"Actual Startup Time": 68.693,"Actual Total Time": 360.677,"Actual Rows": 28666,"Actual Loops": 4,"Inner Unique": true,"Hash Cond": "(customer.c_nationkey = nation.n_nationkey)","Workers": [],"Plans": [{"Node Type": "Hash Join","Parent Relationship": "Outer","Parallel Aware": true,"Async Capable": false,"Join Type": "Inner","Startup Cost": 5782.87,"Total Cost": 118357.59,"Plan Rows": 18184,"Plan Width": 160,"Actual Startup Time": 68.338,"Actual Total Time": 351.919,"Actual Rows": 28666,"Actual Loops": 4,"Inner Unique": true,"Hash Cond": "(orders.o_custkey = customer.c_custkey)","Workers": [],"Plans": [{"Node Type": "Nested Loop","Parent Relationship": "Outer","Parallel Aware": false,"Async Capable": false,"Join Type": "Inner","Startup Cost": 791.62,"Total Cost": 113318.61,"Plan Rows": 18184,"Plan Width": 16,"Actual Startup Time": 13.513,"Actual Total Time": 254.371,"Actual Rows": 28666,"Actual Loops": 4,"Inner Unique": false,"Workers": [],"Plans": [{"Node Type": "Bitmap Heap Scan","Parent Relationship": "Outer","Parallel Aware": true,"Async Capable": false,"Relation Name": "orders","Alias": "orders","Startup Cost": 791.19,"Total Cost": 27163.18,"Plan Rows": 18466,"Plan Width": 8,"Actual Startup Time": 13.445,"Actual Total Time": 71.425,"Actual Rows": 14346,"Actual Loops": 4,"Recheck Cond": "((o_orderdate >= '1994-07-01'::date) AND (o_orderdate < '1994-10-01 00:00:00'::timestamp without time zone))","Rows Removed by Index Recheck": 0,"Exact Heap Blocks": 3489,"Lossy Heap Blocks": 0,"Workers": [],"Plans": [{"Node Type": "Bitmap Index Scan","Parent Relationship": "Outer","Parallel Aware": false,"Async Capable": false,"Index Name": "idx_orders_orderdate","Startup Cost": 0.00,"Total Cost": 776.88,"Plan Rows": 57245,"Plan Width": 0,"Actual Startup Time": 10.310,"Actual Total Time": 10.312,"Actual Rows": 57384,"Actual Loops": 1,"Index Cond": "((o_orderdate >= '1994-07-01'::date) AND (o_orderdate < '1994-10-01 00:00:00'::timestamp without time zone))","Workers": []}]},{"Node Type": "Index Scan","Parent Relationship": "Inner","Parallel Aware": false,"Async Capable": false,"Scan Direction": "Forward","Index Name": "idx_lineitem_orderkey","Relation Name": "lineitem","Alias": "lineitem","Startup Cost": 0.43,"Total Cost": 4.63,"Plan Rows": 4,"Plan Width": 16,"Actual Startup Time": 0.010,"Actual Total Time": 0.012,"Actual Rows": 2,"Actual Loops": 57384,"Index Cond": "(l_orderkey = orders.o_orderkey)","Rows Removed by Index Recheck": 0,"Filter": "(l_returnflag = 'R'::bpchar)","Rows Removed by Filter": 2,"Workers": []}]},{"Node Type": "Hash","Parent Relationship": "Inner","Parallel Aware": true,"Async Capable": false,"Startup Cost": 4210.00,"Total Cost": 4210.00,"Plan Rows": 62500,"Plan Width": 148,"Actual Startup Time": 54.206,"Actual Total Time": 54.213,"Actual Rows": 37500,"Actual Loops": 4,"Hash Buckets": 262144,"Original Hash Buckets": 262144,"Hash Batches": 1,"Original Hash Batches": 1,"Peak Memory Usage": 29312,"Workers": [],"Plans": [{"Node Type": "Seq Scan","Parent Relationship": "Outer","Parallel Aware": true,"Async Capable": false,"Relation Name": "customer","Alias": "customer","Startup Cost": 0.00,"Total Cost": 4210.00,"Plan Rows": 62500,"Plan Width": 148,"Actual Startup Time": 0.020,"Actual Total Time": 23.974,"Actual Rows": 37500,"Actual Loops": 4,"Workers": []}]}]},{"Node Type": "Hash","Parent Relationship": "Inner","Parallel Aware": false,"Async Capable": false,"Startup Cost": 1.25,"Total Cost": 1.25,"Plan Rows": 25,"Plan Width": 108,"Actual Startup Time": 0.080,"Actual Total Time": 0.085,"Actual Rows": 25,"Actual Loops": 4,"Hash Buckets": 1024,"Original Hash Buckets": 1024,"Hash Batches": 1,"Original Hash Batches": 1,"Peak Memory Usage": 10,"Workers": [],"Plans": [{"Node Type": "Seq Scan","Parent Relationship": "Outer","Parallel Aware": false,"Async Capable": false,"Relation Name": "nation","Alias": "nation","Startup Cost": 0.00,"Total Cost": 1.25,"Plan Rows": 25,"Plan Width": 108,"Actual Startup Time": 0.053,"Actual Total Time": 0.059,"Actual Rows": 25,"Actual Loops": 4,"Workers": []}]}]}]}]}]},"Planning Time": 7.471,"Triggers": [],"Execution Time": 636.412}]
[{"Plan": {"Node Type": "Sort","Parallel Aware": false,"Async Capable": false,"Startup Cost": 134586.43,"Total Cost": 134734.30,"Plan Rows": 59150,"Plan Width": 280,"Actual Startup Time": 563.586,"Actual Total Time": 604.383,"Actual Rows": 37293,"Actual Loops": 1,"Sort Key": ["(sum((lineitem.l_extendedprice * ('1'::numeric - lineitem.l_discount)))) DESC"],"Sort Method": "quicksort","Sort Space Used": 9691,"Sort Space Type": "Memory","Plans": [{"Node Type": "Aggregate","Strategy": "Hashed","Partial Mode": "Simple","Parent Relationship": "Outer","Parallel Aware": false,"Async Capable": false,"Startup Cost": 129158.80,"Total Cost": 129898.17,"Plan Rows": 59150,"Plan Width": 280,"Actual Startup Time": 392.436,"Actual Total Time": 532.730,"Actual Rows": 37293,"Actual Loops": 1,"Group Key": ["customer.c_custkey", "nation.n_name"],"Planned Partitions": 0,"HashAgg Batches": 1,"Peak Memory Usage": 27665,"Disk Usage": 0,"Plans": [{"Node Type": "Gather","Parent Relationship": "Outer","Parallel Aware": false,"Async Capable": false,"Startup Cost": 6825.36,"Total Cost": 128419.42,"Plan Rows": 59150,"Plan Width": 260,"Actual Startup Time": 75.957,"Actual Total Time": 271.680,"Actual Rows": 108779,"Actual Loops": 1,"Workers Planned": 3,"Workers Launched": 3,"Single Copy": false,"Plans": [{"Node Type": "Hash Join","Parent Relationship": "Outer","Parallel Aware": false,"Async Capable": false,"Join Type": "Inner","Startup Cost": 5825.36,"Total Cost": 121504.42,"Plan Rows": 19081,"Plan Width": 260,"Actual Startup Time": 69.040,"Actual Total Time": 339.341,"Actual Rows": 27195,"Actual Loops": 4,"Inner Unique": true,"Hash Cond": "(customer.c_nationkey = nation.n_nationkey)","Workers": [],"Plans": [{"Node Type": "Hash Join","Parent Relationship": "Outer","Parallel Aware": true,"Async Capable": false,"Join Type": "Inner","Startup Cost": 5823.80,"Total Cost": 121444.28,"Plan Rows": 19081,"Plan Width": 160,"Actual Startup Time": 68.657,"Actual Total Time": 330.758,"Actual Rows": 27195,"Actual Loops": 4,"Inner Unique": true,"Hash Cond": "(orders.o_custkey = customer.c_custkey)","Workers": [],"Plans": [{"Node Type": "Nested Loop","Parent Relationship": "Outer","Parallel Aware": false,"Async Capable": false,"Join Type": "Inner","Startup Cost": 832.55,"Total Cost": 116402.95,"Plan Rows": 19081,"Plan Width": 16,"Actual Startup Time": 13.292,"Actual Total Time": 236.377,"Actual Rows": 27195,"Actual Loops": 4,"Inner Unique": false,"Workers": [],"Plans": [{"Node Type": "Bitmap Heap Scan","Parent Relationship": "Outer","Parallel Aware": true,"Async Capable": false,"Relation Name": "orders","Alias": "orders","Startup Cost": 832.11,"Total Cost": 27217.76,"Plan Rows": 19376,"Plan Width": 8,"Actual Startup Time": 13.230,"Actual Total Time": 65.610,"Actual Rows": 14144,"Actual Loops": 4,"Recheck Cond": "((o_orderdate >= '1994-12-01'::date) AND (o_orderdate < '1995-03-01 00:00:00'::timestamp without time zone))","Rows Removed by Index Recheck": 0,"Exact Heap Blocks": 3506,"Lossy Heap Blocks": 0,"Workers": [],"Plans": [{"Node Type": "Bitmap Index Scan","Parent Relationship": "Outer","Parallel Aware": false,"Async Capable": false,"Index Name": "idx_orders_orderdate","Startup Cost": 0.00,"Total Cost": 817.10,"Plan Rows": 60067,"Plan Width": 0,"Actual Startup Time": 10.114,"Actual Total Time": 10.122,"Actual Rows": 56577,"Actual Loops": 1,"Index Cond": "((o_orderdate >= '1994-12-01'::date) AND (o_orderdate < '1995-03-01 00:00:00'::timestamp without time zone))","Workers": []}]},{"Node Type": "Index Scan","Parent Relationship": "Inner","Parallel Aware": false,"Async Capable": false,"Scan Direction": "Forward","Index Name": "idx_lineitem_orderkey","Relation Name": "lineitem","Alias": "lineitem","Startup Cost": 0.43,"Total Cost": 4.56,"Plan Rows": 4,"Plan Width": 16,"Actual Startup Time": 0.010,"Actual Total Time": 0.012,"Actual Rows": 2,"Actual Loops": 56577,"Index Cond": "(l_orderkey = orders.o_orderkey)","Rows Removed by Index Recheck": 0,"Filter": "(l_returnflag = 'R'::bpchar)","Rows Removed by Filter": 2,"Workers": []}]},{"Node Type": "Hash","Parent Relationship": "Inner","Parallel Aware": true,"Async Capable": false,"Startup Cost": 4210.00,"Total Cost": 4210.00,"Plan Rows": 62500,"Plan Width": 148,"Actual Startup Time": 54.812,"Actual Total Time": 54.818,"Actual Rows": 37500,"Actual Loops": 4,"Hash Buckets": 262144,"Original Hash Buckets": 262144,"Hash Batches": 1,"Original Hash Batches": 1,"Peak Memory Usage": 29312,"Workers": [],"Plans": [{"Node Type": "Seq Scan","Parent Relationship": "Outer","Parallel Aware": true,"Async Capable": false,"Relation Name": "customer","Alias": "customer","Startup Cost": 0.00,"Total Cost": 4210.00,"Plan Rows": 62500,"Plan Width": 148,"Actual Startup Time": 0.022,"Actual Total Time": 23.786,"Actual Rows": 37500,"Actual Loops": 4,"Workers": []}]}]},{"Node Type": "Hash","Parent Relationship": "Inner","Parallel Aware": false,"Async Capable": false,"Startup Cost": 1.25,"Total Cost": 1.25,"Plan Rows": 25,"Plan Width": 108,"Actual Startup Time": 0.089,"Actual Total Time": 0.092,"Actual Rows": 25,"Actual Loops": 4,"Hash Buckets": 1024,"Original Hash Buckets": 1024,"Hash Batches": 1,"Original Hash Batches": 1,"Peak Memory Usage": 10,"Workers": [],"Plans": [{"Node Type": "Seq Scan","Parent Relationship": "Outer","Parallel Aware": false,"Async Capable": false,"Relation Name": "nation","Alias": "nation","Startup Cost": 0.00,"Total Cost": 1.25,"Plan Rows": 25,"Plan Width": 108,"Actual Startup Time": 0.062,"Actual Total Time": 0.067,"Actual Rows": 25,"Actual Loops": 4,"Workers": []}]}]}]}]}]},"Planning Time": 7.387,"Triggers": [],"Execution Time": 611.176}]
[{"Plan": {"Node Type": "Sort","Parallel Aware": false,"Async Capable": false,"Startup Cost": 128172.02,"Total Cost": 128307.83,"Plan Rows": 54323,"Plan Width": 280,"Actual Startup Time": 580.875,"Actual Total Time": 621.555,"Actual Rows": 37633,"Actual Loops": 1,"Sort Key": ["(sum((lineitem.l_extendedprice * ('1'::numeric - lineitem.l_discount)))) DESC"],"Sort Method": "quicksort","Sort Space Used": 9771,"Sort Space Type": "Memory","Plans": [{"Node Type": "Aggregate","Strategy": "Hashed","Partial Mode": "Simple","Parent Relationship": "Outer","Parallel Aware": false,"Async Capable": false,"Startup Cost": 123220.68,"Total Cost": 123899.72,"Plan Rows": 54323,"Plan Width": 280,"Actual Startup Time": 405.186,"Actual Total Time": 549.451,"Actual Rows": 37633,"Actual Loops": 1,"Group Key": ["customer.c_custkey", "nation.n_name"],"Planned Partitions": 0,"HashAgg Batches": 1,"Peak Memory Usage": 26129,"Disk Usage": 0,"Plans": [{"Node Type": "Gather","Parent Relationship": "Outer","Parallel Aware": false,"Async Capable": false,"Startup Cost": 6755.11,"Total Cost": 122541.64,"Plan Rows": 54323,"Plan Width": 260,"Actual Startup Time": 76.087,"Actual Total Time": 280.080,"Actual Rows": 112740,"Actual Loops": 1,"Workers Planned": 3,"Workers Launched": 3,"Single Copy": false,"Plans": [{"Node Type": "Hash Join","Parent Relationship": "Outer","Parallel Aware": false,"Async Capable": false,"Join Type": "Inner","Startup Cost": 5755.11,"Total Cost": 116109.34,"Plan Rows": 17524,"Plan Width": 260,"Actual Startup Time": 69.042,"Actual Total Time": 350.531,"Actual Rows": 28185,"Actual Loops": 4,"Inner Unique": true,"Hash Cond": "(customer.c_nationkey = nation.n_nationkey)","Workers": [],"Plans": [{"Node Type": "Hash Join","Parent Relationship": "Outer","Parallel Aware": true,"Async Capable": false,"Join Type": "Inner","Startup Cost": 5753.55,"Total Cost": 116053.98,"Plan Rows": 17524,"Plan Width": 160,"Actual Startup Time": 68.729,"Actual Total Time": 342.552,"Actual Rows": 28185,"Actual Loops": 4,"Inner Unique": true,"Hash Cond": "(orders.o_custkey = customer.c_custkey)","Workers": [],"Plans": [{"Node Type": "Nested Loop","Parent Relationship": "Outer","Parallel Aware": false,"Async Capable": false,"Join Type": "Inner","Startup Cost": 762.30,"Total Cost": 111016.73,"Plan Rows": 17524,"Plan Width": 16,"Actual Startup Time": 13.194,"Actual Total Time": 245.701,"Actual Rows": 28185,"Actual Loops": 4,"Inner Unique": false,"Workers": [],"Plans": [{"Node Type": "Bitmap Heap Scan","Parent Relationship": "Outer","Parallel Aware": true,"Async Capable": false,"Relation Name": "orders","Alias": "orders","Startup Cost": 761.87,"Total Cost": 27123.80,"Plan Rows": 17795,"Plan Width": 8,"Actual Startup Time": 13.139,"Actual Total Time": 70.147,"Actual Rows": 14108,"Actual Loops": 4,"Recheck Cond": "((o_orderdate >= '1993-04-01'::date) AND (o_orderdate < '1993-07-01 00:00:00'::timestamp without time zone))","Rows Removed by Index Recheck": 0,"Exact Heap Blocks": 3504,"Lossy Heap Blocks": 0,"Workers": [],"Plans": [{"Node Type": "Bitmap Index Scan","Parent Relationship": "Outer","Parallel Aware": false,"Async Capable": false,"Index Name": "idx_orders_orderdate","Startup Cost": 0.00,"Total Cost": 748.08,"Plan Rows": 55165,"Plan Width": 0,"Actual Startup Time": 10.077,"Actual Total Time": 10.080,"Actual Rows": 56434,"Actual Loops": 1,"Index Cond": "((o_orderdate >= '1993-04-01'::date) AND (o_orderdate < '1993-07-01 00:00:00'::timestamp without time zone))","Workers": []}]},{"Node Type": "Index Scan","Parent Relationship": "Inner","Parallel Aware": false,"Async Capable": false,"Scan Direction": "Forward","Index Name": "idx_lineitem_orderkey","Relation Name": "lineitem","Alias": "lineitem","Startup Cost": 0.43,"Total Cost": 4.67,"Plan Rows": 4,"Plan Width": 16,"Actual Startup Time": 0.010,"Actual Total Time": 0.012,"Actual Rows": 2,"Actual Loops": 56434,"Index Cond": "(l_orderkey = orders.o_orderkey)","Rows Removed by Index Recheck": 0,"Filter": "(l_returnflag = 'R'::bpchar)","Rows Removed by Filter": 2,"Workers": []}]},{"Node Type": "Hash","Parent Relationship": "Inner","Parallel Aware": true,"Async Capable": false,"Startup Cost": 4210.00,"Total Cost": 4210.00,"Plan Rows": 62500,"Plan Width": 148,"Actual Startup Time": 54.995,"Actual Total Time": 55.002,"Actual Rows": 37500,"Actual Loops": 4,"Hash Buckets": 262144,"Original Hash Buckets": 262144,"Hash Batches": 1,"Original Hash Batches": 1,"Peak Memory Usage": 29312,"Workers": [],"Plans": [{"Node Type": "Seq Scan","Parent Relationship": "Outer","Parallel Aware": true,"Async Capable": false,"Relation Name": "customer","Alias": "customer","Startup Cost": 0.00,"Total Cost": 4210.00,"Plan Rows": 62500,"Plan Width": 148,"Actual Startup Time": 0.020,"Actual Total Time": 23.497,"Actual Rows": 37500,"Actual Loops": 4,"Workers": []}]}]},{"Node Type": "Hash","Parent Relationship": "Inner","Parallel Aware": false,"Async Capable": false,"Startup Cost": 1.25,"Total Cost": 1.25,"Plan Rows": 25,"Plan Width": 108,"Actual Startup Time": 0.072,"Actual Total Time": 0.079,"Actual Rows": 25,"Actual Loops": 4,"Hash Buckets": 1024,"Original Hash Buckets": 1024,"Hash Batches": 1,"Original Hash Batches": 1,"Peak Memory Usage": 10,"Workers": [],"Plans": [{"Node Type": "Seq Scan","Parent Relationship": "Outer","Parallel Aware": false,"Async Capable": false,"Relation Name": "nation","Alias": "nation","Startup Cost": 0.00,"Total Cost": 1.25,"Plan Rows": 25,"Plan Width": 108,"Actual Startup Time": 0.049,"Actual Total Time": 0.055,"Actual Rows": 25,"Actual Loops": 4,"Workers": []}]}]}]}]}]},"Planning Time": 7.486,"Triggers": [],"Execution Time": 627.374}]
[{"Plan": {"Node Type": "Sort","Parallel Aware": false,"Async Capable": false,"Startup Cost": 131375.21,"Total Cost": 131517.01,"Plan Rows": 56721,"Plan Width": 280,"Actual Startup Time": 563.067,"Actual Total Time": 603.830,"Actual Rows": 37302,"Actual Loops": 1,"Sort Key": ["(sum((lineitem.l_extendedprice * ('1'::numeric - lineitem.l_discount)))) DESC"],"Sort Method": "quicksort","Sort Space Used": 9696,"Sort Space Type": "Memory","Plans": [{"Node Type": "Aggregate","Strategy": "Hashed","Partial Mode": "Simple","Parent Relationship": "Outer","Parallel Aware": false,"Async Capable": false,"Startup Cost": 126187.62,"Total Cost": 126896.63,"Plan Rows": 56721,"Plan Width": 280,"Actual Startup Time": 390.529,"Actual Total Time": 528.800,"Actual Rows": 37302,"Actual Loops": 1,"Group Key": ["customer.c_custkey", "nation.n_name"],"Planned Partitions": 0,"HashAgg Batches": 1,"Peak Memory Usage": 26129,"Disk Usage": 0,"Plans": [{"Node Type": "Gather","Parent Relationship": "Outer","Parallel Aware": false,"Async Capable": false,"Startup Cost": 6792.07,"Total Cost": 125478.61,"Plan Rows": 56721,"Plan Width": 260,"Actual Startup Time": 74.264,"Actual Total Time": 271.853,"Actual Rows": 111987,"Actual Loops": 1,"Workers Planned": 3,"Workers Launched": 3,"Single Copy": false,"Plans": [{"Node Type": "Hash Join","Parent Relationship": "Outer","Parallel Aware": false,"Async Capable": false,"Join Type": "Inner","Startup Cost": 5792.07,"Total Cost": 118806.51,"Plan Rows": 18297,"Plan Width": 260,"Actual Startup Time": 66.885,"Actual Total Time": 338.409,"Actual Rows": 27997,"Actual Loops": 4,"Inner Unique": true,"Hash Cond": "(customer.c_nationkey = nation.n_nationkey)","Workers": [],"Plans": [{"Node Type": "Hash Join","Parent Relationship": "Outer","Parallel Aware": true,"Async Capable": false,"Join Type": "Inner","Startup Cost": 5790.51,"Total Cost": 118748.77,"Plan Rows": 18297,"Plan Width": 160,"Actual Startup Time": 66.491,"Actual Total Time": 330.614,"Actual Rows": 27997,"Actual Loops": 4,"Inner Unique": true,"Hash Cond": "(orders.o_custkey = customer.c_custkey)","Workers": [],"Plans": [{"Node Type": "Nested Loop","Parent Relationship": "Outer","Parallel Aware": false,"Async Capable": false,"Join Type": "Inner","Startup Cost": 799.26,"Total Cost": 113709.49,"Plan Rows": 18297,"Plan Width": 16,"Actual Startup Time": 13.178,"Actual Total Time": 239.311,"Actual Rows": 27997,"Actual Loops": 4,"Inner Unique": false,"Workers": [],"Plans": [{"Node Type": "Bitmap Heap Scan","Parent Relationship": "Outer","Parallel Aware": true,"Async Capable": false,"Relation Name": "orders","Alias": "orders","Startup Cost": 798.83,"Total Cost": 27172.54,"Plan Rows": 18580,"Plan Width": 8,"Actual Startup Time": 13.117,"Actual Total Time": 66.928,"Actual Rows": 13993,"Actual Loops": 4,"Recheck Cond": "((o_orderdate >= '1993-12-01'::date) AND (o_orderdate < '1994-03-01 00:00:00'::timestamp without time zone))","Rows Removed by Index Recheck": 0,"Exact Heap Blocks": 3558,"Lossy Heap Blocks": 0,"Workers": [],"Plans": [{"Node Type": "Bitmap Index Scan","Parent Relationship": "Outer","Parallel Aware": false,"Async Capable": false,"Index Name": "idx_orders_orderdate","Startup Cost": 0.00,"Total Cost": 784.43,"Plan Rows": 57600,"Plan Width": 0,"Actual Startup Time": 10.042,"Actual Total Time": 10.048,"Actual Rows": 55973,"Actual Loops": 1,"Index Cond": "((o_orderdate >= '1993-12-01'::date) AND (o_orderdate < '1994-03-01 00:00:00'::timestamp without time zone))","Workers": []}]},{"Node Type": "Index Scan","Parent Relationship": "Inner","Parallel Aware": false,"Async Capable": false,"Scan Direction": "Forward","Index Name": "idx_lineitem_orderkey","Relation Name": "lineitem","Alias": "lineitem","Startup Cost": 0.43,"Total Cost": 4.62,"Plan Rows": 4,"Plan Width": 16,"Actual Startup Time": 0.010,"Actual Total Time": 0.012,"Actual Rows": 2,"Actual Loops": 55973,"Index Cond": "(l_orderkey = orders.o_orderkey)","Rows Removed by Index Recheck": 0,"Filter": "(l_returnflag = 'R'::bpchar)","Rows Removed by Filter": 2,"Workers": []}]},{"Node Type": "Hash","Parent Relationship": "Inner","Parallel Aware": true,"Async Capable": false,"Startup Cost": 4210.00,"Total Cost": 4210.00,"Plan Rows": 62500,"Plan Width": 148,"Actual Startup Time": 52.746,"Actual Total Time": 52.755,"Actual Rows": 37500,"Actual Loops": 4,"Hash Buckets": 262144,"Original Hash Buckets": 262144,"Hash Batches": 1,"Original Hash Batches": 1,"Peak Memory Usage": 29312,"Workers": [],"Plans": [{"Node Type": "Seq Scan","Parent Relationship": "Outer","Parallel Aware": true,"Async Capable": false,"Relation Name": "customer","Alias": "customer","Startup Cost": 0.00,"Total Cost": 4210.00,"Plan Rows": 62500,"Plan Width": 148,"Actual Startup Time": 0.028,"Actual Total Time": 23.004,"Actual Rows": 37500,"Actual Loops": 4,"Workers": []}]}]},{"Node Type": "Hash","Parent Relationship": "Inner","Parallel Aware": false,"Async Capable": false,"Startup Cost": 1.25,"Total Cost": 1.25,"Plan Rows": 25,"Plan Width": 108,"Actual Startup Time": 0.099,"Actual Total Time": 0.105,"Actual Rows": 25,"Actual Loops": 4,"Hash Buckets": 1024,"Original Hash Buckets": 1024,"Hash Batches": 1,"Original Hash Batches": 1,"Peak Memory Usage": 10,"Workers": [],"Plans": [{"Node Type": "Seq Scan","Parent Relationship": "Outer","Parallel Aware": false,"Async Capable": false,"Relation Name": "nation","Alias": "nation","Startup Cost": 0.00,"Total Cost": 1.25,"Plan Rows": 25,"Plan Width": 108,"Actual Startup Time": 0.067,"Actual Total Time": 0.074,"Actual Rows": 25,"Actual Loops": 4,"Workers": []}]}]}]}]}]},"Planning Time": 6.321,"Triggers": [],"Execution Time": 609.357}]
[{"Plan": {"Node Type": "Sort","Parallel Aware": false,"Async Capable": false,"Startup Cost": 132166.82,"Total Cost": 132310.11,"Plan Rows": 57318,"Plan Width": 280,"Actual Startup Time": 590.000,"Actual Total Time": 630.537,"Actual Rows": 37972,"Actual Loops": 1,"Sort Key": ["(sum((lineitem.l_extendedprice * ('1'::numeric - lineitem.l_discount)))) DESC"],"Sort Method": "quicksort","Sort Space Used": 9843,"Sort Space Type": "Memory","Plans": [{"Node Type": "Aggregate","Strategy": "Hashed","Partial Mode": "Simple","Parent Relationship": "Outer","Parallel Aware": false,"Async Capable": false,"Startup Cost": 126920.30,"Total Cost": 127636.77,"Plan Rows": 57318,"Plan Width": 280,"Actual Startup Time": 413.108,"Actual Total Time": 556.129,"Actual Rows": 37972,"Actual Loops": 1,"Group Key": ["customer.c_custkey", "nation.n_name"],"Planned Partitions": 0,"HashAgg Batches": 1,"Peak Memory Usage": 26129,"Disk Usage": 0,"Plans": [{"Node Type": "Gather","Parent Relationship": "Outer","Parallel Aware": false,"Async Capable": false,"Startup Cost": 6798.29,"Total Cost": 126203.82,"Plan Rows": 57318,"Plan Width": 260,"Actual Startup Time": 77.619,"Actual Total Time": 286.194,"Actual Rows": 114459,"Actual Loops": 1,"Workers Planned": 3,"Workers Launched": 3,"Single Copy": false,"Plans": [{"Node Type": "Hash Join","Parent Relationship": "Outer","Parallel Aware": false,"Async Capable": false,"Join Type": "Inner","Startup Cost": 5798.29,"Total Cost": 119472.02,"Plan Rows": 18490,"Plan Width": 260,"Actual Startup Time": 70.122,"Actual Total Time": 358.029,"Actual Rows": 28615,"Actual Loops": 4,"Inner Unique": true,"Hash Cond": "(customer.c_nationkey = nation.n_nationkey)","Workers": [],"Plans": [{"Node Type": "Hash Join","Parent Relationship": "Outer","Parallel Aware": true,"Async Capable": false,"Join Type": "Inner","Startup Cost": 5796.73,"Total Cost": 119413.69,"Plan Rows": 18490,"Plan Width": 160,"Actual Startup Time": 69.815,"Actual Total Time": 349.575,"Actual Rows": 28615,"Actual Loops": 4,"Inner Unique": true,"Hash Cond": "(orders.o_custkey = customer.c_custkey)","Workers": [],"Plans": [{"Node Type": "Nested Loop","Parent Relationship": "Outer","Parallel Aware": false,"Async Capable": false,"Join Type": "Inner","Startup Cost": 805.48,"Total Cost": 114373.91,"Plan Rows": 18490,"Plan Width": 16,"Actual Startup Time": 13.081,"Actual Total Time": 249.954,"Actual Rows": 28615,"Actual Loops": 4,"Inner Unique": false,"Workers": [],"Plans": [{"Node Type": "Bitmap Heap Scan","Parent Relationship": "Outer","Parallel Aware": true,"Async Capable": false,"Relation Name": "orders","Alias": "orders","Startup Cost": 805.05,"Total Cost": 27181.70,"Plan Rows": 18776,"Plan Width": 8,"Actual Startup Time": 13.019,"Actual Total Time": 71.418,"Actual Rows": 14305,"Actual Loops": 4,"Recheck Cond": "((o_orderdate >= '1994-10-01'::date) AND (o_orderdate < '1995-01-01 00:00:00'::timestamp without time zone))","Rows Removed by Index Recheck": 0,"Exact Heap Blocks": 3518,"Lossy Heap Blocks": 0,"Workers": [],"Plans": [{"Node Type": "Bitmap Index Scan","Parent Relationship": "Outer","Parallel Aware": false,"Async Capable": false,"Index Name": "idx_orders_orderdate","Startup Cost": 0.00,"Total Cost": 790.50,"Plan Rows": 58207,"Plan Width": 0,"Actual Startup Time": 9.954,"Actual Total Time": 9.955,"Actual Rows": 57219,"Actual Loops": 1,"Index Cond": "((o_orderdate >= '1994-10-01'::date) AND (o_orderdate < '1995-01-01 00:00:00'::timestamp without time zone))","Workers": []}]},{"Node Type": "Index Scan","Parent Relationship": "Inner","Parallel Aware": false,"Async Capable": false,"Scan Direction": "Forward","Index Name": "idx_lineitem_orderkey","Relation Name": "lineitem","Alias": "lineitem","Startup Cost": 0.43,"Total Cost": 4.60,"Plan Rows": 4,"Plan Width": 16,"Actual Startup Time": 0.010,"Actual Total Time": 0.012,"Actual Rows": 2,"Actual Loops": 57219,"Index Cond": "(l_orderkey = orders.o_orderkey)","Rows Removed by Index Recheck": 0,"Filter": "(l_returnflag = 'R'::bpchar)","Rows Removed by Filter": 2,"Workers": []}]},{"Node Type": "Hash","Parent Relationship": "Inner","Parallel Aware": true,"Async Capable": false,"Startup Cost": 4210.00,"Total Cost": 4210.00,"Plan Rows": 62500,"Plan Width": 148,"Actual Startup Time": 56.184,"Actual Total Time": 56.192,"Actual Rows": 37500,"Actual Loops": 4,"Hash Buckets": 262144,"Original Hash Buckets": 262144,"Hash Batches": 1,"Original Hash Batches": 1,"Peak Memory Usage": 29344,"Workers": [],"Plans": [{"Node Type": "Seq Scan","Parent Relationship": "Outer","Parallel Aware": true,"Async Capable": false,"Relation Name": "customer","Alias": "customer","Startup Cost": 0.00,"Total Cost": 4210.00,"Plan Rows": 62500,"Plan Width": 148,"Actual Startup Time": 0.017,"Actual Total Time": 25.696,"Actual Rows": 37500,"Actual Loops": 4,"Workers": []}]}]},{"Node Type": "Hash","Parent Relationship": "Inner","Parallel Aware": false,"Async Capable": false,"Startup Cost": 1.25,"Total Cost": 1.25,"Plan Rows": 25,"Plan Width": 108,"Actual Startup Time": 0.071,"Actual Total Time": 0.075,"Actual Rows": 25,"Actual Loops": 4,"Hash Buckets": 1024,"Original Hash Buckets": 1024,"Hash Batches": 1,"Original Hash Batches": 1,"Peak Memory Usage": 10,"Workers": [],"Plans": [{"Node Type": "Seq Scan","Parent Relationship": "Outer","Parallel Aware": false,"Async Capable": false,"Relation Name": "nation","Alias": "nation","Startup Cost": 0.00,"Total Cost": 1.25,"Plan Rows": 25,"Plan Width": 108,"Actual Startup Time": 0.050,"Actual Total Time": 0.053,"Actual Rows": 25,"Actual Loops": 4,"Workers": []}]}]}]}]}]},"Planning Time": 7.724,"Triggers": [],"Execution Time": 636.921}]
[{"Plan": {"Node Type": "Sort","Parallel Aware": false,"Async Capable": false,"Startup Cost": 132293.09,"Total Cost": 132436.61,"Plan Rows": 57411,"Plan Width": 280,"Actual Startup Time": 612.013,"Actual Total Time": 652.224,"Actual Rows": 37922,"Actual Loops": 1,"Sort Key": ["(sum((lineitem.l_extendedprice * ('1'::numeric - lineitem.l_discount)))) DESC"],"Sort Method": "quicksort","Sort Space Used": 9827,"Sort Space Type": "Memory","Plans": [{"Node Type": "Aggregate","Strategy": "Hashed","Partial Mode": "Simple","Parent Relationship": "Outer","Parallel Aware": false,"Async Capable": false,"Startup Cost": 127037.38,"Total Cost": 127755.02,"Plan Rows": 57411,"Plan Width": 280,"Actual Startup Time": 427.597,"Actual Total Time": 578.840,"Actual Rows": 37922,"Actual Loops": 1,"Group Key": ["customer.c_custkey", "nation.n_name"],"Planned Partitions": 0,"HashAgg Batches": 1,"Peak Memory Usage": 26129,"Disk Usage": 0,"Plans": [{"Node Type": "Gather","Parent Relationship": "Outer","Parallel Aware": false,"Async Capable": false,"Startup Cost": 6799.26,"Total Cost": 126319.75,"Plan Rows": 57411,"Plan Width": 260,"Actual Startup Time": 84.985,"Actual Total Time": 295.027,"Actual Rows": 114929,"Actual Loops": 1,"Workers Planned": 3,"Workers Launched": 3,"Single Copy": false,"Plans": [{"Node Type": "Hash Join","Parent Relationship": "Outer","Parallel Aware": false,"Async Capable": false,"Join Type": "Inner","Startup Cost": 5799.26,"Total Cost": 119578.65,"Plan Rows": 18520,"Plan Width": 260,"Actual Startup Time": 77.490,"Actual Total Time": 369.817,"Actual Rows": 28732,"Actual Loops": 4,"Inner Unique": true,"Hash Cond": "(customer.c_nationkey = nation.n_nationkey)","Workers": [],"Plans": [{"Node Type": "Hash Join","Parent Relationship": "Outer","Parallel Aware": true,"Async Capable": false,"Join Type": "Inner","Startup Cost": 5797.70,"Total Cost": 119520.23,"Plan Rows": 18520,"Plan Width": 160,"Actual Startup Time": 77.066,"Actual Total Time": 360.808,"Actual Rows": 28732,"Actual Loops": 4,"Inner Unique": true,"Hash Cond": "(orders.o_custkey = customer.c_custkey)","Workers": [],"Plans": [{"Node Type": "Nested Loop","Parent Relationship": "Outer","Parallel Aware": false,"Async Capable": false,"Join Type": "Inner","Startup Cost": 806.45,"Total Cost": 114480.36,"Plan Rows": 18520,"Plan Width": 16,"Actual Startup Time": 13.430,"Actual Total Time": 255.437,"Actual Rows": 28732,"Actual Loops": 4,"Inner Unique": false,"Workers": [],"Plans": [{"Node Type": "Bitmap Heap Scan","Parent Relationship": "Outer","Parallel Aware": true,"Async Capable": false,"Relation Name": "orders","Alias": "orders","Startup Cost": 806.01,"Total Cost": 27183.11,"Plan Rows": 18807,"Plan Width": 8,"Actual Startup Time": 13.367,"Actual Total Time": 72.208,"Actual Rows": 14355,"Actual Loops": 4,"Recheck Cond": "((o_orderdate >= '1994-03-01'::date) AND (o_orderdate < '1994-06-01 00:00:00'::timestamp without time zone))","Rows Removed by Index Recheck": 0,"Exact Heap Blocks": 3712,"Lossy Heap Blocks": 0,"Workers": [],"Plans": [{"Node Type": "Bitmap Index Scan","Parent Relationship": "Outer","Parallel Aware": false,"Async Capable": false,"Index Name": "idx_orders_orderdate","Startup Cost": 0.00,"Total Cost": 791.44,"Plan Rows": 58301,"Plan Width": 0,"Actual Startup Time": 10.180,"Actual Total Time": 10.183,"Actual Rows": 57420,"Actual Loops": 1,"Index Cond": "((o_orderdate >= '1994-03-01'::date) AND (o_orderdate < '1994-06-01 00:00:00'::timestamp without time zone))","Workers": []}]},{"Node Type": "Index Scan","Parent Relationship": "Inner","Parallel Aware": false,"Async Capable": false,"Scan Direction": "Forward","Index Name": "idx_lineitem_orderkey","Relation Name": "lineitem","Alias": "lineitem","Startup Cost": 0.43,"Total Cost": 4.60,"Plan Rows": 4,"Plan Width": 16,"Actual Startup Time": 0.010,"Actual Total Time": 0.012,"Actual Rows": 2,"Actual Loops": 57420,"Index Cond": "(l_orderkey = orders.o_orderkey)","Rows Removed by Index Recheck": 0,"Filter": "(l_returnflag = 'R'::bpchar)","Rows Removed by Filter": 2,"Workers": []}]},{"Node Type": "Hash","Parent Relationship": "Inner","Parallel Aware": true,"Async Capable": false,"Startup Cost": 4210.00,"Total Cost": 4210.00,"Plan Rows": 62500,"Plan Width": 148,"Actual Startup Time": 63.095,"Actual Total Time": 63.101,"Actual Rows": 37500,"Actual Loops": 4,"Hash Buckets": 262144,"Original Hash Buckets": 262144,"Hash Batches": 1,"Original Hash Batches": 1,"Peak Memory Usage": 29280,"Workers": [],"Plans": [{"Node Type": "Seq Scan","Parent Relationship": "Outer","Parallel Aware": true,"Async Capable": false,"Relation Name": "customer","Alias": "customer","Startup Cost": 0.00,"Total Cost": 4210.00,"Plan Rows": 62500,"Plan Width": 148,"Actual Startup Time": 0.041,"Actual Total Time": 28.071,"Actual Rows": 37500,"Actual Loops": 4,"Workers": []}]}]},{"Node Type": "Hash","Parent Relationship": "Inner","Parallel Aware": false,"Async Capable": false,"Startup Cost": 1.25,"Total Cost": 1.25,"Plan Rows": 25,"Plan Width": 108,"Actual Startup Time": 0.097,"Actual Total Time": 0.101,"Actual Rows": 25,"Actual Loops": 4,"Hash Buckets": 1024,"Original Hash Buckets": 1024,"Hash Batches": 1,"Original Hash Batches": 1,"Peak Memory Usage": 10,"Workers": [],"Plans": [{"Node Type": "Seq Scan","Parent Relationship": "Outer","Parallel Aware": false,"Async Capable": false,"Relation Name": "nation","Alias": "nation","Startup Cost": 0.00,"Total Cost": 1.25,"Plan Rows": 25,"Plan Width": 108,"Actual Startup Time": 0.065,"Actual Total Time": 0.071,"Actual Rows": 25,"Actual Loops": 4,"Workers": []}]}]}]}]}]},"Planning Time": 6.342,"Triggers": [],"Execution Time": 656.718}]
[{"Plan": {"Node Type": "Sort","Parallel Aware": false,"Async Capable": false,"Startup Cost": 131080.21,"Total Cost": 131221.46,"Plan Rows": 56499,"Plan Width": 280,"Actual Startup Time": 607.607,"Actual Total Time": 646.377,"Actual Rows": 37607,"Actual Loops": 1,"Sort Key": ["(sum((lineitem.l_extendedprice * ('1'::numeric - lineitem.l_discount)))) DESC"],"Sort Method": "quicksort","Sort Space Used": 9755,"Sort Space Type": "Memory","Plans": [{"Node Type": "Aggregate","Strategy": "Hashed","Partial Mode": "Simple","Parent Relationship": "Outer","Parallel Aware": false,"Async Capable": false,"Startup Cost": 125914.53,"Total Cost": 126620.77,"Plan Rows": 56499,"Plan Width": 280,"Actual Startup Time": 421.745,"Actual Total Time": 572.585,"Actual Rows": 37607,"Actual Loops": 1,"Group Key": ["customer.c_custkey", "nation.n_name"],"Planned Partitions": 0,"HashAgg Batches": 1,"Peak Memory Usage": 26129,"Disk Usage": 0,"Plans": [{"Node Type": "Gather","Parent Relationship": "Outer","Parallel Aware": false,"Async Capable": false,"Startup Cost": 6785.77,"Total Cost": 125208.29,"Plan Rows": 56499,"Plan Width": 260,"Actual Startup Time": 84.737,"Actual Total Time": 294.745,"Actual Rows": 112798,"Actual Loops": 1,"Workers Planned": 3,"Workers Launched": 3,"Single Copy": false,"Plans": [{"Node Type": "Hash Join","Parent Relationship": "Outer","Parallel Aware": false,"Async Capable": false,"Join Type": "Inner","Startup Cost": 5785.77,"Total Cost": 118558.39,"Plan Rows": 18225,"Plan Width": 260,"Actual Startup Time": 77.703,"Actual Total Time": 365.765,"Actual Rows": 28200,"Actual Loops": 4,"Inner Unique": true,"Hash Cond": "(customer.c_nationkey = nation.n_nationkey)","Workers": [],"Plans": [{"Node Type": "Hash Join","Parent Relationship": "Outer","Parallel Aware": true,"Async Capable": false,"Join Type": "Inner","Startup Cost": 5784.20,"Total Cost": 118500.88,"Plan Rows": 18225,"Plan Width": 160,"Actual Startup Time": 77.334,"Actual Total Time": 357.276,"Actual Rows": 28200,"Actual Loops": 4,"Inner Unique": true,"Hash Cond": "(orders.o_custkey = customer.c_custkey)","Workers": [],"Plans": [{"Node Type": "Nested Loop","Parent Relationship": "Outer","Parallel Aware": false,"Async Capable": false,"Join Type": "Inner","Startup Cost": 792.95,"Total Cost": 113461.79,"Plan Rows": 18225,"Plan Width": 16,"Actual Startup Time": 13.152,"Actual Total Time": 254.573,"Actual Rows": 28200,"Actual Loops": 4,"Inner Unique": false,"Workers": [],"Plans": [{"Node Type": "Bitmap Heap Scan","Parent Relationship": "Outer","Parallel Aware": true,"Async Capable": false,"Relation Name": "orders","Alias": "orders","Startup Cost": 792.52,"Total Cost": 27165.14,"Plan Rows": 18508,"Plan Width": 8,"Actual Startup Time": 13.088,"Actual Total Time": 71.143,"Actual Rows": 14087,"Actual Loops": 4,"Recheck Cond": "((o_orderdate >= '1994-01-01'::date) AND (o_orderdate < '1994-04-01 00:00:00'::timestamp without time zone))","Rows Removed by Index Recheck": 0,"Exact Heap Blocks": 3702,"Lossy Heap Blocks": 0,"Workers": [],"Plans": [{"Node Type": "Bitmap Index Scan","Parent Relationship": "Outer","Parallel Aware": false,"Async Capable": false,"Index Name": "idx_orders_orderdate","Startup Cost": 0.00,"Total Cost": 778.18,"Plan Rows": 57375,"Plan Width": 0,"Actual Startup Time": 9.927,"Actual Total Time": 9.934,"Actual Rows": 56349,"Actual Loops": 1,"Index Cond": "((o_orderdate >= '1994-01-01'::date) AND (o_orderdate < '1994-04-01 00:00:00'::timestamp without time zone))","Workers": []}]},{"Node Type": "Index Scan","Parent Relationship": "Inner","Parallel Aware": false,"Async Capable": false,"Scan Direction": "Forward","Index Name": "idx_lineitem_orderkey","Relation Name": "lineitem","Alias": "lineitem","Startup Cost": 0.43,"Total Cost": 4.62,"Plan Rows": 4,"Plan Width": 16,"Actual Startup Time": 0.011,"Actual Total Time": 0.013,"Actual Rows": 2,"Actual Loops": 56349,"Index Cond": "(l_orderkey = orders.o_orderkey)","Rows Removed by Index Recheck": 0,"Filter": "(l_returnflag = 'R'::bpchar)","Rows Removed by Filter": 2,"Workers": []}]},{"Node Type": "Hash","Parent Relationship": "Inner","Parallel Aware": true,"Async Capable": false,"Startup Cost": 4210.00,"Total Cost": 4210.00,"Plan Rows": 62500,"Plan Width": 148,"Actual Startup Time": 63.582,"Actual Total Time": 63.588,"Actual Rows": 37500,"Actual Loops": 4,"Hash Buckets": 262144,"Original Hash Buckets": 262144,"Hash Batches": 1,"Original Hash Batches": 1,"Peak Memory Usage": 29312,"Workers": [],"Plans": [{"Node Type": "Seq Scan","Parent Relationship": "Outer","Parallel Aware": true,"Async Capable": false,"Relation Name": "customer","Alias": "customer","Startup Cost": 0.00,"Total Cost": 4210.00,"Plan Rows": 62500,"Plan Width": 148,"Actual Startup Time": 0.028,"Actual Total Time": 28.690,"Actual Rows": 37500,"Actual Loops": 4,"Workers": []}]}]},{"Node Type": "Hash","Parent Relationship": "Inner","Parallel Aware": false,"Async Capable": false,"Startup Cost": 1.25,"Total Cost": 1.25,"Plan Rows": 25,"Plan Width": 108,"Actual Startup Time": 0.094,"Actual Total Time": 0.100,"Actual Rows": 25,"Actual Loops": 4,"Hash Buckets": 1024,"Original Hash Buckets": 1024,"Hash Batches": 1,"Original Hash Batches": 1,"Peak Memory Usage": 10,"Workers": [],"Plans": [{"Node Type": "Seq Scan","Parent Relationship": "Outer","Parallel Aware": false,"Async Capable": false,"Relation Name": "nation","Alias": "nation","Startup Cost": 0.00,"Total Cost": 1.25,"Plan Rows": 25,"Plan Width": 108,"Actual Startup Time": 0.060,"Actual Total Time": 0.067,"Actual Rows": 25,"Actual Loops": 4,"Workers": []}]}]}]}]}]},"Planning Time": 7.215,"Triggers": [],"Execution Time": 650.753}]
[{"Plan": {"Node Type": "Sort","Parallel Aware": false,"Async Capable": false,"Startup Cost": 128992.79,"Total Cost": 129130.12,"Plan Rows": 54934,"Plan Width": 280,"Actual Startup Time": 576.704,"Actual Total Time": 617.888,"Actual Rows": 37047,"Actual Loops": 1,"Sort Key": ["(sum((lineitem.l_extendedprice * ('1'::numeric - lineitem.l_discount)))) DESC"],"Sort Method": "quicksort","Sort Space Used": 9638,"Sort Space Type": "Memory","Plans": [{"Node Type": "Aggregate","Strategy": "Hashed","Partial Mode": "Simple","Parent Relationship": "Outer","Parallel Aware": false,"Async Capable": false,"Startup Cost": 123981.32,"Total Cost": 124668.00,"Plan Rows": 54934,"Plan Width": 280,"Actual Startup Time": 405.696,"Actual Total Time": 547.631,"Actual Rows": 37047,"Actual Loops": 1,"Group Key": ["customer.c_custkey", "nation.n_name"],"Planned Partitions": 0,"HashAgg Batches": 1,"Peak Memory Usage": 26129,"Disk Usage": 0,"Plans": [{"Node Type": "Gather","Parent Relationship": "Outer","Parallel Aware": false,"Async Capable": false,"Startup Cost": 6765.48,"Total Cost": 123294.65,"Plan Rows": 54934,"Plan Width": 260,"Actual Startup Time": 77.101,"Actual Total Time": 288.603,"Actual Rows": 110515,"Actual Loops": 1,"Workers Planned": 3,"Workers Launched": 3,"Single Copy": false,"Plans": [{"Node Type": "Hash Join","Parent Relationship": "Outer","Parallel Aware": false,"Async Capable": false,"Join Type": "Inner","Startup Cost": 5765.48,"Total Cost": 116801.25,"Plan Rows": 17721,"Plan Width": 260,"Actual Startup Time": 69.802,"Actual Total Time": 351.295,"Actual Rows": 27629,"Actual Loops": 4,"Inner Unique": true,"Hash Cond": "(customer.c_nationkey = nation.n_nationkey)","Workers": [],"Plans": [{"Node Type": "Nested Loop","Parent Relationship": "Outer","Parallel Aware": false,"Async Capable": false,"Join Type": "Inner","Startup Cost": 5763.92,"Total Cost": 116745.28,"Plan Rows": 17721,"Plan Width": 160,"Actual Startup Time": 69.448,"Actual Total Time": 342.448,"Actual Rows": 27629,"Actual Loops": 4,"Inner Unique": false,"Workers": [],"Plans": [{"Node Type": "Hash Join","Parent Relationship": "Outer","Parallel Aware": true,"Async Capable": false,"Join Type": "Inner","Startup Cost": 5763.48,"Total Cost": 32175.66,"Plan Rows": 17995,"Plan Width": 152,"Actual Startup Time": 69.393,"Actual Total Time": 167.356,"Actual Rows": 13816,"Actual Loops": 4,"Inner Unique": true,"Hash Cond": "(orders.o_custkey = customer.c_custkey)","Workers": [],"Plans": [{"Node Type": "Bitmap Heap Scan","Parent Relationship": "Outer","Parallel Aware": true,"Async Capable": false,"Relation Name": "orders","Alias": "orders","Startup Cost": 772.23,"Total Cost": 27137.17,"Plan Rows": 17996,"Plan Width": 8,"Actual Startup Time": 13.220,"Actual Total Time": 67.142,"Actual Rows": 13816,"Actual Loops": 4,"Recheck Cond": "((o_orderdate >= '1993-02-01'::date) AND (o_orderdate < '1993-05-01 00:00:00'::timestamp without time zone))","Rows Removed by Index Recheck": 0,"Exact Heap Blocks": 3458,"Lossy Heap Blocks": 0,"Workers": [],"Plans": [{"Node Type": "Bitmap Index Scan","Parent Relationship": "Outer","Parallel Aware": false,"Async Capable": false,"Index Name": "idx_orders_orderdate","Startup Cost": 0.00,"Total Cost": 758.29,"Plan Rows": 55786,"Plan Width": 0,"Actual Startup Time": 10.104,"Actual Total Time": 10.109,"Actual Rows": 55266,"Actual Loops": 1,"Index Cond": "((o_orderdate >= '1993-02-01'::date) AND (o_orderdate < '1993-05-01 00:00:00'::timestamp without time zone))","Workers": []}]},{"Node Type": "Hash","Parent Relationship": "Inner","Parallel Aware": true,"Async Capable": false,"Startup Cost": 4210.00,"Total Cost": 4210.00,"Plan Rows": 62500,"Plan Width": 148,"Actual Startup Time": 55.605,"Actual Total Time": 55.613,"Actual Rows": 37500,"Actual Loops": 4,"Hash Buckets": 262144,"Original Hash Buckets": 262144,"Hash Batches": 1,"Original Hash Batches": 1,"Peak Memory Usage": 29312,"Workers": [],"Plans": [{"Node Type": "Seq Scan","Parent Relationship": "Outer","Parallel Aware": true,"Async Capable": false,"Relation Name": "customer","Alias": "customer","Startup Cost": 0.00,"Total Cost": 4210.00,"Plan Rows": 62500,"Plan Width": 148,"Actual Startup Time": 0.022,"Actual Total Time": 25.460,"Actual Rows": 37500,"Actual Loops": 4,"Workers": []}]}]},{"Node Type": "Index Scan","Parent Relationship": "Inner","Parallel Aware": false,"Async Capable": false,"Scan Direction": "Forward","Index Name": "idx_lineitem_orderkey","Relation Name": "lineitem","Alias": "lineitem","Startup Cost": 0.43,"Total Cost": 4.66,"Plan Rows": 4,"Plan Width": 16,"Actual Startup Time": 0.010,"Actual Total Time": 0.012,"Actual Rows": 2,"Actual Loops": 55266,"Index Cond": "(l_orderkey = orders.o_orderkey)","Rows Removed by Index Recheck": 0,"Filter": "(l_returnflag = 'R'::bpchar)","Rows Removed by Filter": 2,"Workers": []}]},{"Node Type": "Hash","Parent Relationship": "Inner","Parallel Aware": false,"Async Capable": false,"Startup Cost": 1.25,"Total Cost": 1.25,"Plan Rows": 25,"Plan Width": 108,"Actual Startup Time": 0.078,"Actual Total Time": 0.083,"Actual Rows": 25,"Actual Loops": 4,"Hash Buckets": 1024,"Original Hash Buckets": 1024,"Hash Batches": 1,"Original Hash Batches": 1,"Peak Memory Usage": 10,"Workers": [],"Plans": [{"Node Type": "Seq Scan","Parent Relationship": "Outer","Parallel Aware": false,"Async Capable": false,"Relation Name": "nation","Alias": "nation","Startup Cost": 0.00,"Total Cost": 1.25,"Plan Rows": 25,"Plan Width": 108,"Actual Startup Time": 0.053,"Actual Total Time": 0.057,"Actual Rows": 25,"Actual Loops": 4,"Workers": []}]}]}]}]}]},"Planning Time": 7.802,"Triggers": [],"Execution Time": 623.390}]
[{"Plan": {"Node Type": "Sort","Parallel Aware": false,"Async Capable": false,"Startup Cost": 130505.43,"Total Cost": 130645.60,"Plan Rows": 56065,"Plan Width": 280,"Actual Startup Time": 601.513,"Actual Total Time": 641.580,"Actual Rows": 37018,"Actual Loops": 1,"Sort Key": ["(sum((lineitem.l_extendedprice * ('1'::numeric - lineitem.l_discount)))) DESC"],"Sort Method": "quicksort","Sort Space Used": 9627,"Sort Space Type": "Memory","Plans": [{"Node Type": "Aggregate","Strategy": "Hashed","Partial Mode": "Simple","Parent Relationship": "Outer","Parallel Aware": false,"Async Capable": false,"Startup Cost": 125382.55,"Total Cost": 126083.36,"Plan Rows": 56065,"Plan Width": 280,"Actual Startup Time": 416.495,"Actual Total Time": 572.420,"Actual Rows": 37018,"Actual Loops": 1,"Group Key": ["customer.c_custkey", "nation.n_name"],"Planned Partitions": 0,"HashAgg Batches": 1,"Peak Memory Usage": 26129,"Disk Usage": 0,"Plans": [{"Node Type": "Gather","Parent Relationship": "Outer","Parallel Aware": false,"Async Capable": false,"Startup Cost": 6781.25,"Total Cost": 124681.73,"Plan Rows": 56065,"Plan Width": 260,"Actual Startup Time": 81.623,"Actual Total Time": 288.921,"Actual Rows": 110603,"Actual Loops": 1,"Workers Planned": 3,"Workers Launched": 3,"Single Copy": false,"Plans": [{"Node Type": "Hash Join","Parent Relationship": "Outer","Parallel Aware": false,"Async Capable": false,"Join Type": "Inner","Startup Cost": 5781.25,"Total Cost": 118075.23,"Plan Rows": 18085,"Plan Width": 260,"Actual Startup Time": 74.243,"Actual Total Time": 359.851,"Actual Rows": 27651,"Actual Loops": 4,"Inner Unique": true,"Hash Cond": "(customer.c_nationkey = nation.n_nationkey)","Workers": [],"Plans": [{"Node Type": "Hash Join","Parent Relationship": "Outer","Parallel Aware": true,"Async Capable": false,"Join Type": "Inner","Startup Cost": 5779.68,"Total Cost": 118018.16,"Plan Rows": 18085,"Plan Width": 160,"Actual Startup Time": 73.807,"Actual Total Time": 350.724,"Actual Rows": 27651,"Actual Loops": 4,"Inner Unique": true,"Hash Cond": "(orders.o_custkey = customer.c_custkey)","Workers": [],"Plans": [{"Node Type": "Nested Loop","Parent Relationship": "Outer","Parallel Aware": false,"Async Capable": false,"Join Type": "Inner","Startup Cost": 788.43,"Total Cost": 112979.43,"Plan Rows": 18085,"Plan Width": 16,"Actual Startup Time": 13.351,"Actual Total Time": 248.674,"Actual Rows": 27651,"Actual Loops": 4,"Inner Unique": false,"Workers": [],"Plans": [{"Node Type": "Bitmap Heap Scan","Parent Relationship": "Outer","Parallel Aware": true,"Async Capable": false,"Relation Name": "orders","Alias": "orders","Startup Cost": 788.00,"Total Cost": 27158.49,"Plan Rows": 18366,"Plan Width": 8,"Actual Startup Time": 13.297,"Actual Total Time": 70.614,"Actual Rows": 13866,"Actual Loops": 4,"Recheck Cond": "((o_orderdate >= '1994-02-01'::date) AND (o_orderdate < '1994-05-01 00:00:00'::timestamp without time zone))","Rows Removed by Index Recheck": 0,"Exact Heap Blocks": 3619,"Lossy Heap Blocks": 0,"Workers": [],"Plans": [{"Node Type": "Bitmap Index Scan","Parent Relationship": "Outer","Parallel Aware": false,"Async Capable": false,"Index Name": "idx_orders_orderdate","Startup Cost": 0.00,"Total Cost": 773.77,"Plan Rows": 56934,"Plan Width": 0,"Actual Startup Time": 10.157,"Actual Total Time": 10.161,"Actual Rows": 55462,"Actual Loops": 1,"Index Cond": "((o_orderdate >= '1994-02-01'::date) AND (o_orderdate < '1994-05-01 00:00:00'::timestamp without time zone))","Workers": []}]},{"Node Type": "Index Scan","Parent Relationship": "Inner","Parallel Aware": false,"Async Capable": false,"Scan Direction": "Forward","Index Name": "idx_lineitem_orderkey","Relation Name": "lineitem","Alias": "lineitem","Startup Cost": 0.43,"Total Cost": 4.63,"Plan Rows": 4,"Plan Width": 16,"Actual Startup Time": 0.010,"Actual Total Time": 0.012,"Actual Rows": 2,"Actual Loops": 55462,"Index Cond": "(l_orderkey = orders.o_orderkey)","Rows Removed by Index Recheck": 0,"Filter": "(l_returnflag = 'R'::bpchar)","Rows Removed by Filter": 2,"Workers": []}]},{"Node Type": "Hash","Parent Relationship": "Inner","Parallel Aware": true,"Async Capable": false,"Startup Cost": 4210.00,"Total Cost": 4210.00,"Plan Rows": 62500,"Plan Width": 148,"Actual Startup Time": 59.812,"Actual Total Time": 59.817,"Actual Rows": 37500,"Actual Loops": 4,"Hash Buckets": 262144,"Original Hash Buckets": 262144,"Hash Batches": 1,"Original Hash Batches": 1,"Peak Memory Usage": 29344,"Workers": [],"Plans": [{"Node Type": "Seq Scan","Parent Relationship": "Outer","Parallel Aware": true,"Async Capable": false,"Relation Name": "customer","Alias": "customer","Startup Cost": 0.00,"Total Cost": 4210.00,"Plan Rows": 62500,"Plan Width": 148,"Actual Startup Time": 0.038,"Actual Total Time": 25.477,"Actual Rows": 37500,"Actual Loops": 4,"Workers": []}]}]},{"Node Type": "Hash","Parent Relationship": "Inner","Parallel Aware": false,"Async Capable": false,"Startup Cost": 1.25,"Total Cost": 1.25,"Plan Rows": 25,"Plan Width": 108,"Actual Startup Time": 0.111,"Actual Total Time": 0.116,"Actual Rows": 25,"Actual Loops": 4,"Hash Buckets": 1024,"Original Hash Buckets": 1024,"Hash Batches": 1,"Original Hash Batches": 1,"Peak Memory Usage": 10,"Workers": [],"Plans": [{"Node Type": "Seq Scan","Parent Relationship": "Outer","Parallel Aware": false,"Async Capable": false,"Relation Name": "nation","Alias": "nation","Startup Cost": 0.00,"Total Cost": 1.25,"Plan Rows": 25,"Plan Width": 108,"Actual Startup Time": 0.071,"Actual Total Time": 0.077,"Actual Rows": 25,"Actual Loops": 4,"Workers": []}]}]}]}]}]},"Planning Time": 7.387,"Triggers": [],"Execution Time": 645.928}]
[{"Plan": {"Node Type": "Sort","Parallel Aware": false,"Async Capable": false,"Startup Cost": 130809.03,"Total Cost": 130949.76,"Plan Rows": 56293,"Plan Width": 280,"Actual Startup Time": 582.640,"Actual Total Time": 623.609,"Actual Rows": 37618,"Actual Loops": 1,"Sort Key": ["(sum((lineitem.l_extendedprice * ('1'::numeric - lineitem.l_discount)))) DESC"],"Sort Method": "quicksort","Sort Space Used": 9764,"Sort Space Type": "Memory","Plans": [{"Node Type": "Aggregate","Strategy": "Hashed","Partial Mode": "Simple","Parent Relationship": "Outer","Parallel Aware": false,"Async Capable": false,"Startup Cost": 125663.66,"Total Cost": 126367.32,"Plan Rows": 56293,"Plan Width": 280,"Actual Startup Time": 404.905,"Actual Total Time": 550.580,"Actual Rows": 37618,"Actual Loops": 1,"Group Key": ["customer.c_custkey", "nation.n_name"],"Planned Partitions": 0,"HashAgg Batches": 1,"Peak Memory Usage": 26129,"Disk Usage": 0,"Plans": [{"Node Type": "Gather","Parent Relationship": "Outer","Parallel Aware": false,"Async Capable": false,"Startup Cost": 6783.62,"Total Cost": 124960.00,"Plan Rows": 56293,"Plan Width": 260,"Actual Startup Time": 77.508,"Actual Total Time": 283.856,"Actual Rows": 113037,"Actual Loops": 1,"Workers Planned": 3,"Workers Launched": 3,"Single Copy": false,"Plans": [{"Node Type": "Hash Join","Parent Relationship": "Outer","Parallel Aware": false,"Async Capable": false,"Join Type": "Inner","Startup Cost": 5783.62,"Total Cost": 118330.70,"Plan Rows": 18159,"Plan Width": 260,"Actual Startup Time": 69.943,"Actual Total Time": 350.172,"Actual Rows": 28259,"Actual Loops": 4,"Inner Unique": true,"Hash Cond": "(customer.c_nationkey = nation.n_nationkey)","Workers": [],"Plans": [{"Node Type": "Hash Join","Parent Relationship": "Outer","Parallel Aware": true,"Async Capable": false,"Join Type": "Inner","Startup Cost": 5782.06,"Total Cost": 118273.39,"Plan Rows": 18159,"Plan Width": 160,"Actual Startup Time": 69.505,"Actual Total Time": 341.161,"Actual Rows": 28259,"Actual Loops": 4,"Inner Unique": true,"Hash Cond": "(orders.o_custkey = customer.c_custkey)","Workers": [],"Plans": [{"Node Type": "Nested Loop","Parent Relationship": "Outer","Parallel Aware": false,"Async Capable": false,"Join Type": "Inner","Startup Cost": 790.81,"Total Cost": 113234.47,"Plan Rows": 18159,"Plan Width": 16,"Actual Startup Time": 13.628,"Actual Total Time": 244.904,"Actual Rows": 28259,"Actual Loops": 4,"Inner Unique": false,"Workers": [],"Plans": [{"Node Type": "Bitmap Heap Scan","Parent Relationship": "Outer","Parallel Aware": true,"Async Capable": false,"Relation Name": "orders","Alias": "orders","Startup Cost": 790.38,"Total Cost": 27161.99,"Plan Rows": 18441,"Plan Width": 8,"Actual Startup Time": 13.544,"Actual Total Time": 67.991,"Actual Rows": 14129,"Actual Loops": 4,"Recheck Cond": "((o_orderdate >= '1994-09-01'::date) AND (o_orderdate < '1994-12-01 00:00:00'::timestamp without time zone))","Rows Removed by Index Recheck": 0,"Exact Heap Blocks": 3515,"Lossy Heap Blocks": 0,"Workers": [],"Plans": [{"Node Type": "Bitmap Index Scan","Parent Relationship": "Outer","Parallel Aware": false,"Async Capable": false,"Index Name": "idx_orders_orderdate","Startup Cost": 0.00,"Total Cost": 776.09,"Plan Rows": 57166,"Plan Width": 0,"Actual Startup Time": 10.241,"Actual Total Time": 10.248,"Actual Rows": 56516,"Actual Loops": 1,"Index Cond": "((o_orderdate >= '1994-09-01'::date) AND (o_orderdate < '1994-12-01 00:00:00'::timestamp without time zone))","Workers": []}]},{"Node Type": "Index Scan","Parent Relationship": "Inner","Parallel Aware": false,"Async Capable": false,"Scan Direction": "Forward","Index Name": "idx_lineitem_orderkey","Relation Name": "lineitem","Alias": "lineitem","Startup Cost": 0.43,"Total Cost": 4.63,"Plan Rows": 4,"Plan Width": 16,"Actual Startup Time": 0.010,"Actual Total Time": 0.012,"Actual Rows": 2,"Actual Loops": 56516,"Index Cond": "(l_orderkey = orders.o_orderkey)","Rows Removed by Index Recheck": 0,"Filter": "(l_returnflag = 'R'::bpchar)","Rows Removed by Filter": 2,"Workers": []}]},{"Node Type": "Hash","Parent Relationship": "Inner","Parallel Aware": true,"Async Capable": false,"Startup Cost": 4210.00,"Total Cost": 4210.00,"Plan Rows": 62500,"Plan Width": 148,"Actual Startup Time": 55.246,"Actual Total Time": 55.254,"Actual Rows": 37500,"Actual Loops": 4,"Hash Buckets": 262144,"Original Hash Buckets": 262144,"Hash Batches": 1,"Original Hash Batches": 1,"Peak Memory Usage": 29280,"Workers": [],"Plans": [{"Node Type": "Seq Scan","Parent Relationship": "Outer","Parallel Aware": true,"Async Capable": false,"Relation Name": "customer","Alias": "customer","Startup Cost": 0.00,"Total Cost": 4210.00,"Plan Rows": 62500,"Plan Width": 148,"Actual Startup Time": 0.029,"Actual Total Time": 24.927,"Actual Rows": 37500,"Actual Loops": 4,"Workers": []}]}]},{"Node Type": "Hash","Parent Relationship": "Inner","Parallel Aware": false,"Async Capable": false,"Startup Cost": 1.25,"Total Cost": 1.25,"Plan Rows": 25,"Plan Width": 108,"Actual Startup Time": 0.092,"Actual Total Time": 0.096,"Actual Rows": 25,"Actual Loops": 4,"Hash Buckets": 1024,"Original Hash Buckets": 1024,"Hash Batches": 1,"Original Hash Batches": 1,"Peak Memory Usage": 10,"Workers": [],"Plans": [{"Node Type": "Seq Scan","Parent Relationship": "Outer","Parallel Aware": false,"Async Capable": false,"Relation Name": "nation","Alias": "nation","Startup Cost": 0.00,"Total Cost": 1.25,"Plan Rows": 25,"Plan Width": 108,"Actual Startup Time": 0.062,"Actual Total Time": 0.068,"Actual Rows": 25,"Actual Loops": 4,"Workers": []}]}]}]}]}]},"Planning Time": 5.868,"Triggers": [],"Execution Time": 629.137}]
[{"Plan": {"Node Type": "Sort","Parallel Aware": false,"Async Capable": false,"Startup Cost": 131330.41,"Total Cost": 131472.12,"Plan Rows": 56686,"Plan Width": 280,"Actual Startup Time": 587.483,"Actual Total Time": 628.086,"Actual Rows": 37925,"Actual Loops": 1,"Sort Key": ["(sum((lineitem.l_extendedprice * ('1'::numeric - lineitem.l_discount)))) DESC"],"Sort Method": "quicksort","Sort Space Used": 9832,"Sort Space Type": "Memory","Plans": [{"Node Type": "Aggregate","Strategy": "Hashed","Partial Mode": "Simple","Parent Relationship": "Outer","Parallel Aware": false,"Async Capable": false,"Startup Cost": 126146.27,"Total Cost": 126854.85,"Plan Rows": 56686,"Plan Width": 280,"Actual Startup Time": 410.388,"Actual Total Time": 556.054,"Actual Rows": 37925,"Actual Loops": 1,"Group Key": ["customer.c_custkey", "nation.n_name"],"Planned Partitions": 0,"HashAgg Batches": 1,"Peak Memory Usage": 26129,"Disk Usage": 0,"Plans": [{"Node Type": "Gather","Parent Relationship": "Outer","Parallel Aware": false,"Async Capable": false,"Startup Cost": 6791.71,"Total Cost": 125437.70,"Plan Rows": 56686,"Plan Width": 260,"Actual Startup Time": 76.070,"Actual Total Time": 284.431,"Actual Rows": 114550,"Actual Loops": 1,"Workers Planned": 3,"Workers Launched": 3,"Single Copy": false,"Plans": [{"Node Type": "Hash Join","Parent Relationship": "Outer","Parallel Aware": false,"Async Capable": false,"Join Type": "Inner","Startup Cost": 5791.71,"Total Cost": 118769.10,"Plan Rows": 18286,"Plan Width": 260,"Actual Startup Time": 68.409,"Actual Total Time": 355.040,"Actual Rows": 28638,"Actual Loops": 4,"Inner Unique": true,"Hash Cond": "(customer.c_nationkey = nation.n_nationkey)","Workers": [],"Plans": [{"Node Type": "Hash Join","Parent Relationship": "Outer","Parallel Aware": true,"Async Capable": false,"Join Type": "Inner","Startup Cost": 5790.15,"Total Cost": 118711.40,"Plan Rows": 18286,"Plan Width": 160,"Actual Startup Time": 67.911,"Actual Total Time": 346.301,"Actual Rows": 28638,"Actual Loops": 4,"Inner Unique": true,"Hash Cond": "(orders.o_custkey = customer.c_custkey)","Workers": [],"Plans": [{"Node Type": "Nested Loop","Parent Relationship": "Outer","Parallel Aware": false,"Async Capable": false,"Join Type": "Inner","Startup Cost": 798.90,"Total Cost": 113672.15,"Plan Rows": 18286,"Plan Width": 16,"Actual Startup Time": 13.342,"Actual Total Time": 249.825,"Actual Rows": 28638,"Actual Loops": 4,"Inner Unique": false,"Workers": [],"Plans": [{"Node Type": "Bitmap Heap Scan","Parent Relationship": "Outer","Parallel Aware": true,"Async Capable": false,"Relation Name": "orders","Alias": "orders","Startup Cost": 798.47,"Total Cost": 27172.01,"Plan Rows": 18569,"Plan Width": 8,"Actual Startup Time": 13.275,"Actual Total Time": 71.340,"Actual Rows": 14284,"Actual Loops": 4,"Recheck Cond": "((o_orderdate >= '1993-08-01'::date) AND (o_orderdate < '1993-11-01 00:00:00'::timestamp without time zone))","Rows Removed by Index Recheck": 0,"Exact Heap Blocks": 3594,"Lossy Heap Blocks": 0,"Workers": [],"Plans": [{"Node Type": "Bitmap Index Scan","Parent Relationship": "Outer","Parallel Aware": false,"Async Capable": false,"Index Name": "idx_orders_orderdate","Startup Cost": 0.00,"Total Cost": 784.08,"Plan Rows": 57565,"Plan Width": 0,"Actual Startup Time": 10.135,"Actual Total Time": 10.136,"Actual Rows": 57138,"Actual Loops": 1,"Index Cond": "((o_orderdate >= '1993-08-01'::date) AND (o_orderdate < '1993-11-01 00:00:00'::timestamp without time zone))","Workers": []}]},{"Node Type": "Index Scan","Parent Relationship": "Inner","Parallel Aware": false,"Async Capable": false,"Scan Direction": "Forward","Index Name": "idx_lineitem_orderkey","Relation Name": "lineitem","Alias": "lineitem","Startup Cost": 0.43,"Total Cost": 4.62,"Plan Rows": 4,"Plan Width": 16,"Actual Startup Time": 0.010,"Actual Total Time": 0.012,"Actual Rows": 2,"Actual Loops": 57138,"Index Cond": "(l_orderkey = orders.o_orderkey)","Rows Removed by Index Recheck": 0,"Filter": "(l_returnflag = 'R'::bpchar)","Rows Removed by Filter": 2,"Workers": []}]},{"Node Type": "Hash","Parent Relationship": "Inner","Parallel Aware": true,"Async Capable": false,"Startup Cost": 4210.00,"Total Cost": 4210.00,"Plan Rows": 62500,"Plan Width": 148,"Actual Startup Time": 53.968,"Actual Total Time": 53.976,"Actual Rows": 37500,"Actual Loops": 4,"Hash Buckets": 262144,"Original Hash Buckets": 262144,"Hash Batches": 1,"Original Hash Batches": 1,"Peak Memory Usage": 29344,"Workers": [],"Plans": [{"Node Type": "Seq Scan","Parent Relationship": "Outer","Parallel Aware": true,"Async Capable": false,"Relation Name": "customer","Alias": "customer","Startup Cost": 0.00,"Total Cost": 4210.00,"Plan Rows": 62500,"Plan Width": 148,"Actual Startup Time": 0.023,"Actual Total Time": 24.403,"Actual Rows": 37500,"Actual Loops": 4,"Workers": []}]}]},{"Node Type": "Hash","Parent Relationship": "Inner","Parallel Aware": false,"Async Capable": false,"Startup Cost": 1.25,"Total Cost": 1.25,"Plan Rows": 25,"Plan Width": 108,"Actual Startup Time": 0.099,"Actual Total Time": 0.106,"Actual Rows": 25,"Actual Loops": 4,"Hash Buckets": 1024,"Original Hash Buckets": 1024,"Hash Batches": 1,"Original Hash Batches": 1,"Peak Memory Usage": 10,"Workers": [],"Plans": [{"Node Type": "Seq Scan","Parent Relationship": "Outer","Parallel Aware": false,"Async Capable": false,"Relation Name": "nation","Alias": "nation","Startup Cost": 0.00,"Total Cost": 1.25,"Plan Rows": 25,"Plan Width": 108,"Actual Startup Time": 0.062,"Actual Total Time": 0.071,"Actual Rows": 25,"Actual Loops": 4,"Workers": []}]}]}]}]}]},"Planning Time": 6.540,"Triggers": [],"Execution Time": 634.012}]
[{"Plan": {"Node Type": "Sort","Parallel Aware": false,"Async Capable": false,"Startup Cost": 130909.78,"Total Cost": 131050.70,"Plan Rows": 56371,"Plan Width": 280,"Actual Startup Time": 586.743,"Actual Total Time": 630.152,"Actual Rows": 38263,"Actual Loops": 1,"Sort Key": ["(sum((lineitem.l_extendedprice * ('1'::numeric - lineitem.l_discount)))) DESC"],"Sort Method": "quicksort","Sort Space Used": 9899,"Sort Space Type": "Memory","Plans": [{"Node Type": "Aggregate","Strategy": "Hashed","Partial Mode": "Simple","Parent Relationship": "Outer","Parallel Aware": false,"Async Capable": false,"Startup Cost": 125756.71,"Total Cost": 126461.35,"Plan Rows": 56371,"Plan Width": 280,"Actual Startup Time": 417.199,"Actual Total Time": 554.225,"Actual Rows": 38263,"Actual Loops": 1,"Group Key": ["customer.c_custkey", "nation.n_name"],"Planned Partitions": 0,"HashAgg Batches": 1,"Peak Memory Usage": 26129,"Disk Usage": 0,"Plans": [{"Node Type": "Gather","Parent Relationship": "Outer","Parallel Aware": false,"Async Capable": false,"Startup Cost": 6784.43,"Total Cost": 125052.08,"Plan Rows": 56371,"Plan Width": 260,"Actual Startup Time": 75.828,"Actual Total Time": 292.854,"Actual Rows": 114665,"Actual Loops": 1,"Workers Planned": 3,"Workers Launched": 3,"Single Copy": false,"Plans": [{"Node Type": "Hash Join","Parent Relationship": "Outer","Parallel Aware": false,"Async Capable": false,"Join Type": "Inner","Startup Cost": 5784.43,"Total Cost": 118414.98,"Plan Rows": 18184,"Plan Width": 260,"Actual Startup Time": 68.693,"Actual Total Time": 360.677,"Actual Rows": 28666,"Actual Loops": 4,"Inner Unique": true,"Hash Cond": "(customer.c_nationkey = nation.n_nationkey)","Workers": [],"Plans": [{"Node Type": "Hash Join","Parent Relationship": "Outer","Parallel Aware": true,"Async Capable": false,"Join Type": "Inner","Startup Cost": 5782.87,"Total Cost": 118357.59,"Plan Rows": 18184,"Plan Width": 160,"Actual Startup Time": 68.338,"Actual Total Time": 351.919,"Actual Rows": 28666,"Actual Loops": 4,"Inner Unique": true,"Hash Cond": "(orders.o_custkey = customer.c_custkey)","Workers": [],"Plans": [{"Node Type": "Nested Loop","Parent Relationship": "Outer","Parallel Aware": false,"Async Capable": false,"Join Type": "Inner","Startup Cost": 791.62,"Total Cost": 113318.61,"Plan Rows": 18184,"Plan Width": 16,"Actual Startup Time": 13.513,"Actual Total Time": 254.371,"Actual Rows": 28666,"Actual Loops": 4,"Inner Unique": false,"Workers": [],"Plans": [{"Node Type": "Bitmap Heap Scan","Parent Relationship": "Outer","Parallel Aware": true,"Async Capable": false,"Relation Name": "orders","Alias": "orders","Startup Cost": 791.19,"Total Cost": 27163.18,"Plan Rows": 18466,"Plan Width": 8,"Actual Startup Time": 13.445,"Actual Total Time": 71.425,"Actual Rows": 14346,"Actual Loops": 4,"Recheck Cond": "((o_orderdate >= '1994-07-01'::date) AND (o_orderdate < '1994-10-01 00:00:00'::timestamp without time zone))","Rows Removed by Index Recheck": 0,"Exact Heap Blocks": 3489,"Lossy Heap Blocks": 0,"Workers": [],"Plans": [{"Node Type": "Bitmap Index Scan","Parent Relationship": "Outer","Parallel Aware": false,"Async Capable": false,"Index Name": "idx_orders_orderdate","Startup Cost": 0.00,"Total Cost": 776.88,"Plan Rows": 57245,"Plan Width": 0,"Actual Startup Time": 10.310,"Actual Total Time": 10.312,"Actual Rows": 57384,"Actual Loops": 1,"Index Cond": "((o_orderdate >= '1994-07-01'::date) AND (o_orderdate < '1994-10-01 00:00:00'::timestamp without time zone))","Workers": []}]},{"Node Type": "Index Scan","Parent Relationship": "Inner","Parallel Aware": false,"Async Capable": false,"Scan Direction": "Forward","Index Name": "idx_lineitem_orderkey","Relation Name": "lineitem","Alias": "lineitem","Startup Cost": 0.43,"Total Cost": 4.63,"Plan Rows": 4,"Plan Width": 16,"Actual Startup Time": 0.010,"Actual Total Time": 0.012,"Actual Rows": 2,"Actual Loops": 57384,"Index Cond": "(l_orderkey = orders.o_orderkey)","Rows Removed by Index Recheck": 0,"Filter": "(l_returnflag = 'R'::bpchar)","Rows Removed by Filter": 2,"Workers": []}]},{"Node Type": "Hash","Parent Relationship": "Inner","Parallel Aware": true,"Async Capable": false,"Startup Cost": 4210.00,"Total Cost": 4210.00,"Plan Rows": 62500,"Plan Width": 148,"Actual Startup Time": 54.206,"Actual Total Time": 54.213,"Actual Rows": 37500,"Actual Loops": 4,"Hash Buckets": 262144,"Original Hash Buckets": 262144,"Hash Batches": 1,"Original Hash Batches": 1,"Peak Memory Usage": 29312,"Workers": [],"Plans": [{"Node Type": "Seq Scan","Parent Relationship": "Outer","Parallel Aware": true,"Async Capable": false,"Relation Name": "customer","Alias": "customer","Startup Cost": 0.00,"Total Cost": 4210.00,"Plan Rows": 62500,"Plan Width": 148,"Actual Startup Time": 0.020,"Actual Total Time": 23.974,"Actual Rows": 37500,"Actual Loops": 4,"Workers": []}]}]},{"Node Type": "Hash","Parent Relationship": "Inner","Parallel Aware": false,"Async Capable": false,"Startup Cost": 1.25,"Total Cost": 1.25,"Plan Rows": 25,"Plan Width": 108,"Actual Startup Time": 0.080,"Actual Total Time": 0.085,"Actual Rows": 25,"Actual Loops": 4,"Hash Buckets": 1024,"Original Hash Buckets": 1024,"Hash Batches": 1,"Original Hash Batches": 1,"Peak Memory Usage": 10,"Workers": [],"Plans": [{"Node Type": "Seq Scan","Parent Relationship": "Outer","Parallel Aware": false,"Async Capable": false,"Relation Name": "nation","Alias": "nation","Startup Cost": 0.00,"Total Cost": 1.25,"Plan Rows": 25,"Plan Width": 108,"Actual Startup Time": 0.053,"Actual Total Time": 0.059,"Actual Rows": 25,"Actual Loops": 4,"Workers": []}]}]}]}]}]},"Planning Time": 7.471,"Triggers": [],"Execution Time": 636.412}]
[{"Plan": {"Node Type": "Sort","Parallel Aware": false,"Async Capable": false,"Startup Cost": 127549.79,"Total Cost": 127684.44,"Plan Rows": 53858,"Plan Width": 280,"Actual Startup Time": 605.399,"Actual Total Time": 645.666,"Actual Rows": 37880,"Actual Loops": 1,"Sort Key": ["(sum((lineitem.l_extendedprice * ('1'::numeric - lineitem.l_discount)))) DESC"],"Sort Method": "quicksort","Sort Space Used": 9830,"Sort Space Type": "Memory","Plans": [{"Node Type": "Aggregate","Strategy": "Hashed","Partial Mode": "Simple","Parent Relationship": "Outer","Parallel Aware": false,"Async Capable": false,"Startup Cost": 122644.17,"Total Cost": 123317.39,"Plan Rows": 53858,"Plan Width": 280,"Actual Startup Time": 424.771,"Actual Total Time": 574.608,"Actual Rows": 37880,"Actual Loops": 1,"Group Key": ["customer.c_custkey", "nation.n_name"],"Planned Partitions": 0,"HashAgg Batches": 1,"Peak Memory Usage": 26129,"Disk Usage": 0,"Plans": [{"Node Type": "Gather","Parent Relationship": "Outer","Parallel Aware": false,"Async Capable": false,"Startup Cost": 6750.28,"Total Cost": 121970.94,"Plan Rows": 53858,"Plan Width": 260,"Actual Startup Time": 85.178,"Actual Total Time": 295.165,"Actual Rows": 114508,"Actual Loops": 1,"Workers Planned": 3,"Workers Launched": 3,"Single Copy": false,"Plans": [{"Node Type": "Hash Join","Parent Relationship": "Outer","Parallel Aware": false,"Async Capable": false,"Join Type": "Inner","Startup Cost": 5750.28,"Total Cost": 115585.14,"Plan Rows": 17374,"Plan Width": 260,"Actual Startup Time": 78.100,"Actual Total Time": 368.715,"Actual Rows": 28627,"Actual Loops": 4,"Inner Unique": true,"Hash Cond": "(customer.c_nationkey = nation.n_nationkey)","Workers": [],"Plans": [{"Node Type": "Hash Join","Parent Relationship": "Outer","Parallel Aware": true,"Async Capable": false,"Join Type": "Inner","Startup Cost": 5748.71,"Total Cost": 115530.24,"Plan Rows": 17374,"Plan Width": 160,"Actual Startup Time": 77.678,"Actual Total Time": 360.085,"Actual Rows": 28627,"Actual Loops": 4,"Inner Unique": true,"Hash Cond": "(orders.o_custkey = customer.c_custkey)","Workers": [],"Plans": [{"Node Type": "Nested Loop","Parent Relationship": "Outer","Parallel Aware": false,"Async Capable": false,"Join Type": "Inner","Startup Cost": 757.46,"Total Cost": 110493.39,"Plan Rows": 17374,"Plan Width": 16,"Actual Startup Time": 13.130,"Actual Total Time": 256.172,"Actual Rows": 28627,"Actual Loops": 4,"Inner Unique": false,"Workers": [],"Plans": [{"Node Type": "Bitmap Heap Scan","Parent Relationship": "Outer","Parallel Aware": true,"Async Capable": false,"Relation Name": "orders","Alias": "orders","Startup Cost": 757.03,"Total Cost": 27116.67,"Plan Rows": 17643,"Plan Width": 8,"Actual Startup Time": 13.063,"Actual Total Time": 71.665,"Actual Rows": 14273,"Actual Loops": 4,"Recheck Cond": "((o_orderdate >= '1993-05-01'::date) AND (o_orderdate < '1993-08-01 00:00:00'::timestamp without time zone))","Rows Removed by Index Recheck": 0,"Exact Heap Blocks": 3695,"Lossy Heap Blocks": 0,"Workers": [],"Plans": [{"Node Type": "Bitmap Index Scan","Parent Relationship": "Outer","Parallel Aware": false,"Async Capable": false,"Index Name": "idx_orders_orderdate","Startup Cost": 0.00,"Total Cost": 743.36,"Plan Rows": 54693,"Plan Width": 0,"Actual Startup Time": 9.957,"Actual Total Time": 9.964,"Actual Rows": 57093,"Actual Loops": 1,"Index Cond": "((o_orderdate >= '1993-05-01'::date) AND (o_orderdate < '1993-08-01 00:00:00'::timestamp without time zone))","Workers": []}]},{"Node Type": "Index Scan","Parent Relationship": "Inner","Parallel Aware": false,"Async Capable": false,"Scan Direction": "Forward","Index Name": "idx_lineitem_orderkey","Relation Name": "lineitem","Alias": "lineitem","Startup Cost": 0.43,"Total Cost": 4.69,"Plan Rows": 4,"Plan Width": 16,"Actual Startup Time": 0.011,"Actual Total Time": 0.013,"Actual Rows": 2,"Actual Loops": 57093,"Index Cond": "(l_orderkey = orders.o_orderkey)","Rows Removed by Index Recheck": 0,"Filter": "(l_returnflag = 'R'::bpchar)","Rows Removed by Filter": 2,"Workers": []}]},{"Node Type": "Hash","Parent Relationship": "Inner","Parallel Aware": true,"Async Capable": false,"Startup Cost": 4210.00,"Total Cost": 4210.00,"Plan Rows": 62500,"Plan Width": 148,"Actual Startup Time": 63.988,"Actual Total Time": 63.994,"Actual Rows": 37500,"Actual Loops": 4,"Hash Buckets": 262144,"Original Hash Buckets": 262144,"Hash Batches": 1,"Original Hash Batches": 1,"Peak Memory Usage": 29344,"Workers": [],"Plans": [{"Node Type": "Seq Scan","Parent Relationship": "Outer","Parallel Aware": true,"Async Capable": false,"Relation Name": "customer","Alias": "customer","Startup Cost": 0.00,"Total Cost": 4210.00,"Plan Rows": 62500,"Plan Width": 148,"Actual Startup Time": 0.034,"Actual Total Time": 28.777,"Actual Rows": 37500,"Actual Loops": 4,"Workers": []}]}]},{"Node Type": "Hash","Parent Relationship": "Inner","Parallel Aware": false,"Async Capable": false,"Startup Cost": 1.25,"Total Cost": 1.25,"Plan Rows": 25,"Plan Width": 108,"Actual Startup Time": 0.078,"Actual Total Time": 0.083,"Actual Rows": 25,"Actual Loops": 4,"Hash Buckets": 1024,"Original Hash Buckets": 1024,"Hash Batches": 1,"Original Hash Batches": 1,"Peak Memory Usage": 10,"Workers": [],"Plans": [{"Node Type": "Seq Scan","Parent Relationship": "Outer","Parallel Aware": false,"Async Capable": false,"Relation Name": "nation","Alias": "nation","Startup Cost": 0.00,"Total Cost": 1.25,"Plan Rows": 25,"Plan Width": 108,"Actual Startup Time": 0.048,"Actual Total Time": 0.055,"Actual Rows": 25,"Actual Loops": 4,"Workers": []}]}]}]}]}]},"Planning Time": 7.141,"Triggers": [],"Execution Time": 649.992}]
[{"Plan": {"Node Type": "Sort","Parallel Aware": false,"Async Capable": false,"Startup Cost": 134586.43,"Total Cost": 134734.30,"Plan Rows": 59150,"Plan Width": 280,"Actual Startup Time": 563.586,"Actual Total Time": 604.383,"Actual Rows": 37293,"Actual Loops": 1,"Sort Key": ["(sum((lineitem.l_extendedprice * ('1'::numeric - lineitem.l_discount)))) DESC"],"Sort Method": "quicksort","Sort Space Used": 9691,"Sort Space Type": "Memory","Plans": [{"Node Type": "Aggregate","Strategy": "Hashed","Partial Mode": "Simple","Parent Relationship": "Outer","Parallel Aware": false,"Async Capable": false,"Startup Cost": 129158.80,"Total Cost": 129898.17,"Plan Rows": 59150,"Plan Width": 280,"Actual Startup Time": 392.436,"Actual Total Time": 532.730,"Actual Rows": 37293,"Actual Loops": 1,"Group Key": ["customer.c_custkey", "nation.n_name"],"Planned Partitions": 0,"HashAgg Batches": 1,"Peak Memory Usage": 27665,"Disk Usage": 0,"Plans": [{"Node Type": "Gather","Parent Relationship": "Outer","Parallel Aware": false,"Async Capable": false,"Startup Cost": 6825.36,"Total Cost": 128419.42,"Plan Rows": 59150,"Plan Width": 260,"Actual Startup Time": 75.957,"Actual Total Time": 271.680,"Actual Rows": 108779,"Actual Loops": 1,"Workers Planned": 3,"Workers Launched": 3,"Single Copy": false,"Plans": [{"Node Type": "Hash Join","Parent Relationship": "Outer","Parallel Aware": false,"Async Capable": false,"Join Type": "Inner","Startup Cost": 5825.36,"Total Cost": 121504.42,"Plan Rows": 19081,"Plan Width": 260,"Actual Startup Time": 69.040,"Actual Total Time": 339.341,"Actual Rows": 27195,"Actual Loops": 4,"Inner Unique": true,"Hash Cond": "(customer.c_nationkey = nation.n_nationkey)","Workers": [],"Plans": [{"Node Type": "Hash Join","Parent Relationship": "Outer","Parallel Aware": true,"Async Capable": false,"Join Type": "Inner","Startup Cost": 5823.80,"Total Cost": 121444.28,"Plan Rows": 19081,"Plan Width": 160,"Actual Startup Time": 68.657,"Actual Total Time": 330.758,"Actual Rows": 27195,"Actual Loops": 4,"Inner Unique": true,"Hash Cond": "(orders.o_custkey = customer.c_custkey)","Workers": [],"Plans": [{"Node Type": "Nested Loop","Parent Relationship": "Outer","Parallel Aware": false,"Async Capable": false,"Join Type": "Inner","Startup Cost": 832.55,"Total Cost": 116402.95,"Plan Rows": 19081,"Plan Width": 16,"Actual Startup Time": 13.292,"Actual Total Time": 236.377,"Actual Rows": 27195,"Actual Loops": 4,"Inner Unique": false,"Workers": [],"Plans": [{"Node Type": "Bitmap Heap Scan","Parent Relationship": "Outer","Parallel Aware": true,"Async Capable": false,"Relation Name": "orders","Alias": "orders","Startup Cost": 832.11,"Total Cost": 27217.76,"Plan Rows": 19376,"Plan Width": 8,"Actual Startup Time": 13.230,"Actual Total Time": 65.610,"Actual Rows": 14144,"Actual Loops": 4,"Recheck Cond": "((o_orderdate >= '1994-12-01'::date) AND (o_orderdate < '1995-03-01 00:00:00'::timestamp without time zone))","Rows Removed by Index Recheck": 0,"Exact Heap Blocks": 3506,"Lossy Heap Blocks": 0,"Workers": [],"Plans": [{"Node Type": "Bitmap Index Scan","Parent Relationship": "Outer","Parallel Aware": false,"Async Capable": false,"Index Name": "idx_orders_orderdate","Startup Cost": 0.00,"Total Cost": 817.10,"Plan Rows": 60067,"Plan Width": 0,"Actual Startup Time": 10.114,"Actual Total Time": 10.122,"Actual Rows": 56577,"Actual Loops": 1,"Index Cond": "((o_orderdate >= '1994-12-01'::date) AND (o_orderdate < '1995-03-01 00:00:00'::timestamp without time zone))","Workers": []}]},{"Node Type": "Index Scan","Parent Relationship": "Inner","Parallel Aware": false,"Async Capable": false,"Scan Direction": "Forward","Index Name": "idx_lineitem_orderkey","Relation Name": "lineitem","Alias": "lineitem","Startup Cost": 0.43,"Total Cost": 4.56,"Plan Rows": 4,"Plan Width": 16,"Actual Startup Time": 0.010,"Actual Total Time": 0.012,"Actual Rows": 2,"Actual Loops": 56577,"Index Cond": "(l_orderkey = orders.o_orderkey)","Rows Removed by Index Recheck": 0,"Filter": "(l_returnflag = 'R'::bpchar)","Rows Removed by Filter": 2,"Workers": []}]},{"Node Type": "Hash","Parent Relationship": "Inner","Parallel Aware": true,"Async Capable": false,"Startup Cost": 4210.00,"Total Cost": 4210.00,"Plan Rows": 62500,"Plan Width": 148,"Actual Startup Time": 54.812,"Actual Total Time": 54.818,"Actual Rows": 37500,"Actual Loops": 4,"Hash Buckets": 262144,"Original Hash Buckets": 262144,"Hash Batches": 1,"Original Hash Batches": 1,"Peak Memory Usage": 29312,"Workers": [],"Plans": [{"Node Type": "Seq Scan","Parent Relationship": "Outer","Parallel Aware": true,"Async Capable": false,"Relation Name": "customer","Alias": "customer","Startup Cost": 0.00,"Total Cost": 4210.00,"Plan Rows": 62500,"Plan Width": 148,"Actual Startup Time": 0.022,"Actual Total Time": 23.786,"Actual Rows": 37500,"Actual Loops": 4,"Workers": []}]}]},{"Node Type": "Hash","Parent Relationship": "Inner","Parallel Aware": false,"Async Capable": false,"Startup Cost": 1.25,"Total Cost": 1.25,"Plan Rows": 25,"Plan Width": 108,"Actual Startup Time": 0.089,"Actual Total Time": 0.092,"Actual Rows": 25,"Actual Loops": 4,"Hash Buckets": 1024,"Original Hash Buckets": 1024,"Hash Batches": 1,"Original Hash Batches": 1,"Peak Memory Usage": 10,"Workers": [],"Plans": [{"Node Type": "Seq Scan","Parent Relationship": "Outer","Parallel Aware": false,"Async Capable": false,"Relation Name": "nation","Alias": "nation","Startup Cost": 0.00,"Total Cost": 1.25,"Plan Rows": 25,"Plan Width": 108,"Actual Startup Time": 0.062,"Actual Total Time": 0.067,"Actual Rows": 25,"Actual Loops": 4,"Workers": []}]}]}]}]}]},"Planning Time": 7.387,"Triggers": [],"Execution Time": 611.176}]
[{"Plan": {"Node Type": "Sort","Parallel Aware": false,"Async Capable": false,"Startup Cost": 132006.18,"Total Cost": 132149.16,"Plan Rows": 57194,"Plan Width": 280,"Actual Startup Time": 619.069,"Actual Total Time": 657.587,"Actual Rows": 38097,"Actual Loops": 1,"Sort Key": ["(sum((lineitem.l_extendedprice * ('1'::numeric - lineitem.l_discount)))) DESC"],"Sort Method": "quicksort","Sort Space Used": 9867,"Sort Space Type": "Memory","Plans": [{"Node Type": "Aggregate","Strategy": "Hashed","Partial Mode": "Simple","Parent Relationship": "Outer","Parallel Aware": false,"Async Capable": false,"Startup Cost": 126771.91,"Total Cost": 127486.83,"Plan Rows": 57194,"Plan Width": 280,"Actual Startup Time": 426.706,"Actual Total Time": 585.981,"Actual Rows": 38097,"Actual Loops": 1,"Group Key": ["customer.c_custkey", "nation.n_name"],"Planned Partitions": 0,"HashAgg Batches": 1,"Peak Memory Usage": 26129,"Disk Usage": 0,"Plans": [{"Node Type": "Gather","Parent Relationship": "Outer","Parallel Aware": false,"Async Capable": false,"Startup Cost": 6797.00,"Total Cost": 126056.98,"Plan Rows": 57194,"Plan Width": 260,"Actual Startup Time": 85.005,"Actual Total Time": 294.440,"Actual Rows": 114700,"Actual Loops": 1,"Workers Planned": 3,"Workers Launched": 3,"Single Copy": false,"Plans": [{"Node Type": "Hash Join","Parent Relationship": "Outer","Parallel Aware": false,"Async Capable": false,"Join Type": "Inner","Startup Cost": 5797.00,"Total Cost": 119337.58,"Plan Rows": 18450,"Plan Width": 260,"Actual Startup Time": 77.864,"Actual Total Time": 370.283,"Actual Rows": 28675,"Actual Loops": 4,"Inner Unique": true,"Hash Cond": "(customer.c_nationkey = nation.n_nationkey)","Workers": [],"Plans": [{"Node Type": "Hash Join","Parent Relationship": "Outer","Parallel Aware": true,"Async Capable": false,"Join Type": "Inner","Startup Cost": 5795.44,"Total Cost": 119279.38,"Plan Rows": 18450,"Plan Width": 160,"Actual Startup Time": 77.458,"Actual Total Time": 360.463,"Actual Rows": 28675,"Actual Loops": 4,"Inner Unique": true,"Hash Cond": "(orders.o_custkey = customer.c_custkey)","Workers": [],"Plans": [{"Node Type": "Nested Loop","Parent Relationship": "Outer","Parallel Aware": false,"Async Capable": false,"Join Type": "Inner","Startup Cost": 804.19,"Total Cost": 114239.70,"Plan Rows": 18450,"Plan Width": 16,"Actual Startup Time": 13.282,"Actual Total Time": 254.673,"Actual Rows": 28675,"Actual Loops": 4,"Inner Unique": false,"Workers": [],"Plans": [{"Node Type": "Bitmap Heap Scan","Parent Relationship": "Outer","Parallel Aware": true,"Async Capable": false,"Relation Name": "orders","Alias": "orders","Startup Cost": 803.76,"Total Cost": 27179.79,"Plan Rows": 18736,"Plan Width": 8,"Actual Startup Time": 13.232,"Actual Total Time": 71.774,"Actual Rows": 14328,"Actual Loops": 4,"Recheck Cond": "((o_orderdate >= '1994-05-01'::date) AND (o_orderdate < '1994-08-01 00:00:00'::timestamp without time zone))","Rows Removed by Index Recheck": 0,"Exact Heap Blocks": 3671,"Lossy Heap Blocks": 0,"Workers": [],"Plans": [{"Node Type": "Bitmap Index Scan","Parent Relationship": "Outer","Parallel Aware": false,"Async Capable": false,"Index Name": "idx_orders_orderdate","Startup Cost": 0.00,"Total Cost": 789.24,"Plan Rows": 58081,"Plan Width": 0,"Actual Startup Time": 10.132,"Actual Total Time": 10.140,"Actual Rows": 57311,"Actual Loops": 1,"Index Cond": "((o_orderdate >= '1994-05-01'::date) AND (o_orderdate < '1994-08-01 00:00:00'::timestamp without time zone))","Workers": []}]},{"Node Type": "Index Scan","Parent Relationship": "Inner","Parallel Aware": false,"Async Capable": false,"Scan Direction": "Forward","Index Name": "idx_lineitem_orderkey","Relation Name": "lineitem","Alias": "lineitem","Startup Cost": 0.43,"Total Cost": 4.61,"Plan Rows": 4,"Plan Width": 16,"Actual Startup Time": 0.010,"Actual Total Time": 0.012,"Actual Rows": 2,"Actual Loops": 57311,"Index Cond": "(l_orderkey = orders.o_orderkey)","Rows Removed by Index Recheck": 0,"Filter": "(l_returnflag = 'R'::bpchar)","Rows Removed by Filter": 2,"Workers": []}]},{"Node Type": "Hash","Parent Relationship": "Inner","Parallel Aware": true,"Async Capable": false,"Startup Cost": 4210.00,"Total Cost": 4210.00,"Plan Rows": 62500,"Plan Width": 148,"Actual Startup Time": 63.588,"Actual Total Time": 63.595,"Actual Rows": 37500,"Actual Loops": 4,"Hash Buckets": 262144,"Original Hash Buckets": 262144,"Hash Batches": 1,"Original Hash Batches": 1,"Peak Memory Usage": 29312,"Workers": [],"Plans": [{"Node Type": "Seq Scan","Parent Relationship": "Outer","Parallel Aware": true,"Async Capable": false,"Relation Name": "customer","Alias": "customer","Startup Cost": 0.00,"Total Cost": 4210.00,"Plan Rows": 62500,"Plan Width": 148,"Actual Startup Time": 0.027,"Actual Total Time": 28.105,"Actual Rows": 37500,"Actual Loops": 4,"Workers": []}]}]},{"Node Type": "Hash","Parent Relationship": "Inner","Parallel Aware": false,"Async Capable": false,"Startup Cost": 1.25,"Total Cost": 1.25,"Plan Rows": 25,"Plan Width": 108,"Actual Startup Time": 0.090,"Actual Total Time": 0.096,"Actual Rows": 25,"Actual Loops": 4,"Hash Buckets": 1024,"Original Hash Buckets": 1024,"Hash Batches": 1,"Original Hash Batches": 1,"Peak Memory Usage": 10,"Workers": [],"Plans": [{"Node Type": "Seq Scan","Parent Relationship": "Outer","Parallel Aware": false,"Async Capable": false,"Relation Name": "nation","Alias": "nation","Startup Cost": 0.00,"Total Cost": 1.25,"Plan Rows": 25,"Plan Width": 108,"Actual Startup Time": 0.060,"Actual Total Time": 0.066,"Actual Rows": 25,"Actual Loops": 4,"Workers": []}]}]}]}]}]},"Planning Time": 6.734,"Triggers": [],"Execution Time": 661.786}]
[{"Plan": {"Node Type": "Sort","Parallel Aware": false,"Async Capable": false,"Startup Cost": 129285.16,"Total Cost": 129423.04,"Plan Rows": 55152,"Plan Width": 280,"Actual Startup Time": 594.195,"Actual Total Time": 635.058,"Actual Rows": 37857,"Actual Loops": 1,"Sort Key": ["(sum((lineitem.l_extendedprice * ('1'::numeric - lineitem.l_discount)))) DESC"],"Sort Method": "quicksort","Sort Space Used": 9823,"Sort Space Type": "Memory","Plans": [{"Node Type": "Aggregate","Strategy": "Hashed","Partial Mode": "Simple","Parent Relationship": "Outer","Parallel Aware": false,"Async Capable": false,"Startup Cost": 124252.23,"Total Cost": 124941.63,"Plan Rows": 55152,"Plan Width": 280,"Actual Startup Time": 414.188,"Actual Total Time": 557.916,"Actual Rows": 37857,"Actual Loops": 1,"Group Key": ["customer.c_custkey", "nation.n_name"],"Planned Partitions": 0,"HashAgg Batches": 1,"Peak Memory Usage": 26129,"Disk Usage": 0,"Plans": [{"Node Type": "Gather","Parent Relationship": "Outer","Parallel Aware": false,"Async Capable": false,"Startup Cost": 6767.74,"Total Cost": 123562.83,"Plan Rows": 55152,"Plan Width": 260,"Actual Startup Time": 77.793,"Actual Total Time": 289.359,"Actual Rows": 114326,"Actual Loops": 1,"Workers Planned": 3,"Workers Launched": 3,"Single Copy": false,"Plans": [{"Node Type": "Hash Join","Parent Relationship": "Outer","Parallel Aware": false,"Async Capable": false,"Join Type": "Inner","Startup Cost": 5767.74,"Total Cost": 117047.63,"Plan Rows": 17791,"Plan Width": 260,"Actual Startup Time": 70.168,"Actual Total Time": 358.948,"Actual Rows": 28582,"Actual Loops": 4,"Inner Unique": true,"Hash Cond": "(customer.c_nationkey = nation.n_nationkey)","Workers": [],"Plans": [{"Node Type": "Hash Join","Parent Relationship": "Outer","Parallel Aware": true,"Async Capable": false,"Join Type": "Inner","Startup Cost": 5766.18,"Total Cost": 116991.45,"Plan Rows": 17791,"Plan Width": 160,"Actual Startup Time": 69.698,"Actual Total Time": 349.487,"Actual Rows": 28582,"Actual Loops": 4,"Inner Unique": true,"Hash Cond": "(orders.o_custkey = customer.c_custkey)","Workers": [],"Plans": [{"Node Type": "Nested Loop","Parent Relationship": "Outer","Parallel Aware": false,"Async Capable": false,"Join Type": "Inner","Startup Cost": 774.93,"Total Cost": 111953.49,"Plan Rows": 17791,"Plan Width": 16,"Actual Startup Time": 12.978,"Actual Total Time": 249.911,"Actual Rows": 28582,"Actual Loops": 4,"Inner Unique": false,"Workers": [],"Plans": [{"Node Type": "Bitmap Heap Scan","Parent Relationship": "Outer","Parallel Aware": true,"Async Capable": false,"Relation Name": "orders","Alias": "orders","Startup Cost": 774.50,"Total Cost": 27140.50,"Plan Rows": 18067,"Plan Width": 8,"Actual Startup Time": 12.915,"Actual Total Time": 70.510,"Actual Rows": 14320,"Actual Loops": 4,"Recheck Cond": "((o_orderdate >= '1993-06-01'::date) AND (o_orderdate < '1993-09-01 00:00:00'::timestamp without time zone))","Rows Removed by Index Recheck": 0,"Exact Heap Blocks": 3550,"Lossy Heap Blocks": 0,"Workers": [],"Plans": [{"Node Type": "Bitmap Index Scan","Parent Relationship": "Outer","Parallel Aware": false,"Async Capable": false,"Index Name": "idx_orders_orderdate","Startup Cost": 0.00,"Total Cost": 760.50,"Plan Rows": 56007,"Plan Width": 0,"Actual Startup Time": 9.843,"Actual Total Time": 9.846,"Actual Rows": 57280,"Actual Loops": 1,"Index Cond": "((o_orderdate >= '1993-06-01'::date) AND (o_orderdate < '1993-09-01 00:00:00'::timestamp without time zone))","Workers": []}]},{"Node Type": "Index Scan","Parent Relationship": "Inner","Parallel Aware": false,"Async Capable": false,"Scan Direction": "Forward","Index Name": "idx_lineitem_orderkey","Relation Name": "lineitem","Alias": "lineitem","Startup Cost": 0.43,"Total Cost": 4.65,"Plan Rows": 4,"Plan Width": 16,"Actual Startup Time": 0.010,"Actual Total Time": 0.012,"Actual Rows": 2,"Actual Loops": 57280,"Index Cond": "(l_orderkey = orders.o_orderkey)","Rows Removed by Index Recheck": 0,"Filter": "(l_returnflag = 'R'::bpchar)","Rows Removed by Filter": 2,"Workers": []}]},{"Node Type": "Hash","Parent Relationship": "Inner","Parallel Aware": true,"Async Capable": false,"Startup Cost": 4210.00,"Total Cost": 4210.00,"Plan Rows": 62500,"Plan Width": 148,"Actual Startup Time": 56.151,"Actual Total Time": 56.157,"Actual Rows": 37500,"Actual Loops": 4,"Hash Buckets": 262144,"Original Hash Buckets": 262144,"Hash Batches": 1,"Original Hash Batches": 1,"Peak Memory Usage": 29312,"Workers": [],"Plans": [{"Node Type": "Seq Scan","Parent Relationship": "Outer","Parallel Aware": true,"Async Capable": false,"Relation Name": "customer","Alias": "customer","Startup Cost": 0.00,"Total Cost": 4210.00,"Plan Rows": 62500,"Plan Width": 148,"Actual Startup Time": 0.028,"Actual Total Time": 26.217,"Actual Rows": 37500,"Actual Loops": 4,"Workers": []}]}]},{"Node Type": "Hash","Parent Relationship": "Inner","Parallel Aware": false,"Async Capable": false,"Startup Cost": 1.25,"Total Cost": 1.25,"Plan Rows": 25,"Plan Width": 108,"Actual Startup Time": 0.109,"Actual Total Time": 0.115,"Actual Rows": 25,"Actual Loops": 4,"Hash Buckets": 1024,"Original Hash Buckets": 1024,"Hash Batches": 1,"Original Hash Batches": 1,"Peak Memory Usage": 10,"Workers": [],"Plans": [{"Node Type": "Seq Scan","Parent Relationship": "Outer","Parallel Aware": false,"Async Capable": false,"Relation Name": "nation","Alias": "nation","Startup Cost": 0.00,"Total Cost": 1.25,"Plan Rows": 25,"Plan Width": 108,"Actual Startup Time": 0.076,"Actual Total Time": 0.083,"Actual Rows": 25,"Actual Loops": 4,"Workers": []}]}]}]}]}]},"Planning Time": 6.852,"Triggers": [],"Execution Time": 641.259}]
[{"Plan": {"Node Type": "Sort","Parallel Aware": false,"Async Capable": false,"Startup Cost": 131375.21,"Total Cost": 131517.01,"Plan Rows": 56721,"Plan Width": 280,"Actual Startup Time": 563.067,"Actual Total Time": 603.830,"Actual Rows": 37302,"Actual Loops": 1,"Sort Key": ["(sum((lineitem.l_extendedprice * ('1'::numeric - lineitem.l_discount)))) DESC"],"Sort Method": "quicksort","Sort Space Used": 9696,"Sort Space Type": "Memory","Plans": [{"Node Type": "Aggregate","Strategy": "Hashed","Partial Mode": "Simple","Parent Relationship": "Outer","Parallel Aware": false,"Async Capable": false,"Startup Cost": 126187.62,"Total Cost": 126896.63,"Plan Rows": 56721,"Plan Width": 280,"Actual Startup Time": 390.529,"Actual Total Time": 528.800,"Actual Rows": 37302,"Actual Loops": 1,"Group Key": ["customer.c_custkey", "nation.n_name"],"Planned Partitions": 0,"HashAgg Batches": 1,"Peak Memory Usage": 26129,"Disk Usage": 0,"Plans": [{"Node Type": "Gather","Parent Relationship": "Outer","Parallel Aware": false,"Async Capable": false,"Startup Cost": 6792.07,"Total Cost": 125478.61,"Plan Rows": 56721,"Plan Width": 260,"Actual Startup Time": 74.264,"Actual Total Time": 271.853,"Actual Rows": 111987,"Actual Loops": 1,"Workers Planned": 3,"Workers Launched": 3,"Single Copy": false,"Plans": [{"Node Type": "Hash Join","Parent Relationship": "Outer","Parallel Aware": false,"Async Capable": false,"Join Type": "Inner","Startup Cost": 5792.07,"Total Cost": 118806.51,"Plan Rows": 18297,"Plan Width": 260,"Actual Startup Time": 66.885,"Actual Total Time": 338.409,"Actual Rows": 27997,"Actual Loops": 4,"Inner Unique": true,"Hash Cond": "(customer.c_nationkey = nation.n_nationkey)","Workers": [],"Plans": [{"Node Type": "Hash Join","Parent Relationship": "Outer","Parallel Aware": true,"Async Capable": false,"Join Type": "Inner","Startup Cost": 5790.51,"Total Cost": 118748.77,"Plan Rows": 18297,"Plan Width": 160,"Actual Startup Time": 66.491,"Actual Total Time": 330.614,"Actual Rows": 27997,"Actual Loops": 4,"Inner Unique": true,"Hash Cond": "(orders.o_custkey = customer.c_custkey)","Workers": [],"Plans": [{"Node Type": "Nested Loop","Parent Relationship": "Outer","Parallel Aware": false,"Async Capable": false,"Join Type": "Inner","Startup Cost": 799.26,"Total Cost": 113709.49,"Plan Rows": 18297,"Plan Width": 16,"Actual Startup Time": 13.178,"Actual Total Time": 239.311,"Actual Rows": 27997,"Actual Loops": 4,"Inner Unique": false,"Workers": [],"Plans": [{"Node Type": "Bitmap Heap Scan","Parent Relationship": "Outer","Parallel Aware": true,"Async Capable": false,"Relation Name": "orders","Alias": "orders","Startup Cost": 798.83,"Total Cost": 27172.54,"Plan Rows": 18580,"Plan Width": 8,"Actual Startup Time": 13.117,"Actual Total Time": 66.928,"Actual Rows": 13993,"Actual Loops": 4,"Recheck Cond": "((o_orderdate >= '1993-12-01'::date) AND (o_orderdate < '1994-03-01 00:00:00'::timestamp without time zone))","Rows Removed by Index Recheck": 0,"Exact Heap Blocks": 3558,"Lossy Heap Blocks": 0,"Workers": [],"Plans": [{"Node Type": "Bitmap Index Scan","Parent Relationship": "Outer","Parallel Aware": false,"Async Capable": false,"Index Name": "idx_orders_orderdate","Startup Cost": 0.00,"Total Cost": 784.43,"Plan Rows": 57600,"Plan Width": 0,"Actual Startup Time": 10.042,"Actual Total Time": 10.048,"Actual Rows": 55973,"Actual Loops": 1,"Index Cond": "((o_orderdate >= '1993-12-01'::date) AND (o_orderdate < '1994-03-01 00:00:00'::timestamp without time zone))","Workers": []}]},{"Node Type": "Index Scan","Parent Relationship": "Inner","Parallel Aware": false,"Async Capable": false,"Scan Direction": "Forward","Index Name": "idx_lineitem_orderkey","Relation Name": "lineitem","Alias": "lineitem","Startup Cost": 0.43,"Total Cost": 4.62,"Plan Rows": 4,"Plan Width": 16,"Actual Startup Time": 0.010,"Actual Total Time": 0.012,"Actual Rows": 2,"Actual Loops": 55973,"Index Cond": "(l_orderkey = orders.o_orderkey)","Rows Removed by Index Recheck": 0,"Filter": "(l_returnflag = 'R'::bpchar)","Rows Removed by Filter": 2,"Workers": []}]},{"Node Type": "Hash","Parent Relationship": "Inner","Parallel Aware": true,"Async Capable": false,"Startup Cost": 4210.00,"Total Cost": 4210.00,"Plan Rows": 62500,"Plan Width": 148,"Actual Startup Time": 52.746,"Actual Total Time": 52.755,"Actual Rows": 37500,"Actual Loops": 4,"Hash Buckets": 262144,"Original Hash Buckets": 262144,"Hash Batches": 1,"Original Hash Batches": 1,"Peak Memory Usage": 29312,"Workers": [],"Plans": [{"Node Type": "Seq Scan","Parent Relationship": "Outer","Parallel Aware": true,"Async Capable": false,"Relation Name": "customer","Alias": "customer","Startup Cost": 0.00,"Total Cost": 4210.00,"Plan Rows": 62500,"Plan Width": 148,"Actual Startup Time": 0.028,"Actual Total Time": 23.004,"Actual Rows": 37500,"Actual Loops": 4,"Workers": []}]}]},{"Node Type": "Hash","Parent Relationship": "Inner","Parallel Aware": false,"Async Capable": false,"Startup Cost": 1.25,"Total Cost": 1.25,"Plan Rows": 25,"Plan Width": 108,"Actual Startup Time": 0.099,"Actual Total Time": 0.105,"Actual Rows": 25,"Actual Loops": 4,"Hash Buckets": 1024,"Original Hash Buckets": 1024,"Hash Batches": 1,"Original Hash Batches": 1,"Peak Memory Usage": 10,"Workers": [],"Plans": [{"Node Type": "Seq Scan","Parent Relationship": "Outer","Parallel Aware": false,"Async Capable": false,"Relation Name": "nation","Alias": "nation","Startup Cost": 0.00,"Total Cost": 1.25,"Plan Rows": 25,"Plan Width": 108,"Actual Startup Time": 0.067,"Actual Total Time": 0.074,"Actual Rows": 25,"Actual Loops": 4,"Workers": []}]}]}]}]}]},"Planning Time": 6.321,"Triggers": [],"Execution Time": 609.357}]
[{"Plan": {"Node Type": "Sort","Parallel Aware": false,"Async Capable": false,"Startup Cost": 128172.02,"Total Cost": 128307.83,"Plan Rows": 54323,"Plan Width": 280,"Actual Startup Time": 580.875,"Actual Total Time": 621.555,"Actual Rows": 37633,"Actual Loops": 1,"Sort Key": ["(sum((lineitem.l_extendedprice * ('1'::numeric - lineitem.l_discount)))) DESC"],"Sort Method": "quicksort","Sort Space Used": 9771,"Sort Space Type": "Memory","Plans": [{"Node Type": "Aggregate","Strategy": "Hashed","Partial Mode": "Simple","Parent Relationship": "Outer","Parallel Aware": false,"Async Capable": false,"Startup Cost": 123220.68,"Total Cost": 123899.72,"Plan Rows": 54323,"Plan Width": 280,"Actual Startup Time": 405.186,"Actual Total Time": 549.451,"Actual Rows": 37633,"Actual Loops": 1,"Group Key": ["customer.c_custkey", "nation.n_name"],"Planned Partitions": 0,"HashAgg Batches": 1,"Peak Memory Usage": 26129,"Disk Usage": 0,"Plans": [{"Node Type": "Gather","Parent Relationship": "Outer","Parallel Aware": false,"Async Capable": false,"Startup Cost": 6755.11,"Total Cost": 122541.64,"Plan Rows": 54323,"Plan Width": 260,"Actual Startup Time": 76.087,"Actual Total Time": 280.080,"Actual Rows": 112740,"Actual Loops": 1,"Workers Planned": 3,"Workers Launched": 3,"Single Copy": false,"Plans": [{"Node Type": "Hash Join","Parent Relationship": "Outer","Parallel Aware": false,"Async Capable": false,"Join Type": "Inner","Startup Cost": 5755.11,"Total Cost": 116109.34,"Plan Rows": 17524,"Plan Width": 260,"Actual Startup Time": 69.042,"Actual Total Time": 350.531,"Actual Rows": 28185,"Actual Loops": 4,"Inner Unique": true,"Hash Cond": "(customer.c_nationkey = nation.n_nationkey)","Workers": [],"Plans": [{"Node Type": "Hash Join","Parent Relationship": "Outer","Parallel Aware": true,"Async Capable": false,"Join Type": "Inner","Startup Cost": 5753.55,"Total Cost": 116053.98,"Plan Rows": 17524,"Plan Width": 160,"Actual Startup Time": 68.729,"Actual Total Time": 342.552,"Actual Rows": 28185,"Actual Loops": 4,"Inner Unique": true,"Hash Cond": "(orders.o_custkey = customer.c_custkey)","Workers": [],"Plans": [{"Node Type": "Nested Loop","Parent Relationship": "Outer","Parallel Aware": false,"Async Capable": false,"Join Type": "Inner","Startup Cost": 762.30,"Total Cost": 111016.73,"Plan Rows": 17524,"Plan Width": 16,"Actual Startup Time": 13.194,"Actual Total Time": 245.701,"Actual Rows": 28185,"Actual Loops": 4,"Inner Unique": false,"Workers": [],"Plans": [{"Node Type": "Bitmap Heap Scan","Parent Relationship": "Outer","Parallel Aware": true,"Async Capable": false,"Relation Name": "orders","Alias": "orders","Startup Cost": 761.87,"Total Cost": 27123.80,"Plan Rows": 17795,"Plan Width": 8,"Actual Startup Time": 13.139,"Actual Total Time": 70.147,"Actual Rows": 14108,"Actual Loops": 4,"Recheck Cond": "((o_orderdate >= '1993-04-01'::date) AND (o_orderdate < '1993-07-01 00:00:00'::timestamp without time zone))","Rows Removed by Index Recheck": 0,"Exact Heap Blocks": 3504,"Lossy Heap Blocks": 0,"Workers": [],"Plans": [{"Node Type": "Bitmap Index Scan","Parent Relationship": "Outer","Parallel Aware": false,"Async Capable": false,"Index Name": "idx_orders_orderdate","Startup Cost": 0.00,"Total Cost": 748.08,"Plan Rows": 55165,"Plan Width": 0,"Actual Startup Time": 10.077,"Actual Total Time": 10.080,"Actual Rows": 56434,"Actual Loops": 1,"Index Cond": "((o_orderdate >= '1993-04-01'::date) AND (o_orderdate < '1993-07-01 00:00:00'::timestamp without time zone))","Workers": []}]},{"Node Type": "Index Scan","Parent Relationship": "Inner","Parallel Aware": false,"Async Capable": false,"Scan Direction": "Forward","Index Name": "idx_lineitem_orderkey","Relation Name": "lineitem","Alias": "lineitem","Startup Cost": 0.43,"Total Cost": 4.67,"Plan Rows": 4,"Plan Width": 16,"Actual Startup Time": 0.010,"Actual Total Time": 0.012,"Actual Rows": 2,"Actual Loops": 56434,"Index Cond": "(l_orderkey = orders.o_orderkey)","Rows Removed by Index Recheck": 0,"Filter": "(l_returnflag = 'R'::bpchar)","Rows Removed by Filter": 2,"Workers": []}]},{"Node Type": "Hash","Parent Relationship": "Inner","Parallel Aware": true,"Async Capable": false,"Startup Cost": 4210.00,"Total Cost": 4210.00,"Plan Rows": 62500,"Plan Width": 148,"Actual Startup Time": 54.995,"Actual Total Time": 55.002,"Actual Rows": 37500,"Actual Loops": 4,"Hash Buckets": 262144,"Original Hash Buckets": 262144,"Hash Batches": 1,"Original Hash Batches": 1,"Peak Memory Usage": 29312,"Workers": [],"Plans": [{"Node Type": "Seq Scan","Parent Relationship": "Outer","Parallel Aware": true,"Async Capable": false,"Relation Name": "customer","Alias": "customer","Startup Cost": 0.00,"Total Cost": 4210.00,"Plan Rows": 62500,"Plan Width": 148,"Actual Startup Time": 0.020,"Actual Total Time": 23.497,"Actual Rows": 37500,"Actual Loops": 4,"Workers": []}]}]},{"Node Type": "Hash","Parent Relationship": "Inner","Parallel Aware": false,"Async Capable": false,"Startup Cost": 1.25,"Total Cost": 1.25,"Plan Rows": 25,"Plan Width": 108,"Actual Startup Time": 0.072,"Actual Total Time": 0.079,"Actual Rows": 25,"Actual Loops": 4,"Hash Buckets": 1024,"Original Hash Buckets": 1024,"Hash Batches": 1,"Original Hash Batches": 1,"Peak Memory Usage": 10,"Workers": [],"Plans": [{"Node Type": "Seq Scan","Parent Relationship": "Outer","Parallel Aware": false,"Async Capable": false,"Relation Name": "nation","Alias": "nation","Startup Cost": 0.00,"Total Cost": 1.25,"Plan Rows": 25,"Plan Width": 108,"Actual Startup Time": 0.049,"Actual Total Time": 0.055,"Actual Rows": 25,"Actual Loops": 4,"Workers": []}]}]}]}]}]},"Planning Time": 7.486,"Triggers": [],"Execution Time": 627.374}]
[{"Plan": {"Node Type": "Sort","Parallel Aware": false,"Async Capable": false,"Startup Cost": 128172.02,"Total Cost": 128307.83,"Plan Rows": 54323,"Plan Width": 280,"Actual Startup Time": 580.875,"Actual Total Time": 621.555,"Actual Rows": 37633,"Actual Loops": 1,"Sort Key": ["(sum((lineitem.l_extendedprice * ('1'::numeric - lineitem.l_discount)))) DESC"],"Sort Method": "quicksort","Sort Space Used": 9771,"Sort Space Type": "Memory","Plans": [{"Node Type": "Aggregate","Strategy": "Hashed","Partial Mode": "Simple","Parent Relationship": "Outer","Parallel Aware": false,"Async Capable": false,"Startup Cost": 123220.68,"Total Cost": 123899.72,"Plan Rows": 54323,"Plan Width": 280,"Actual Startup Time": 405.186,"Actual Total Time": 549.451,"Actual Rows": 37633,"Actual Loops": 1,"Group Key": ["customer.c_custkey", "nation.n_name"],"Planned Partitions": 0,"HashAgg Batches": 1,"Peak Memory Usage": 26129,"Disk Usage": 0,"Plans": [{"Node Type": "Gather","Parent Relationship": "Outer","Parallel Aware": false,"Async Capable": false,"Startup Cost": 6755.11,"Total Cost": 122541.64,"Plan Rows": 54323,"Plan Width": 260,"Actual Startup Time": 76.087,"Actual Total Time": 280.080,"Actual Rows": 112740,"Actual Loops": 1,"Workers Planned": 3,"Workers Launched": 3,"Single Copy": false,"Plans": [{"Node Type": "Hash Join","Parent Relationship": "Outer","Parallel Aware": false,"Async Capable": false,"Join Type": "Inner","Startup Cost": 5755.11,"Total Cost": 116109.34,"Plan Rows": 17524,"Plan Width": 260,"Actual Startup Time": 69.042,"Actual Total Time": 350.531,"Actual Rows": 28185,"Actual Loops": 4,"Inner Unique": true,"Hash Cond": "(customer.c_nationkey = nation.n_nationkey)","Workers": [],"Plans": [{"Node Type": "Hash Join","Parent Relationship": "Outer","Parallel Aware": true,"Async Capable": false,"Join Type": "Inner","Startup Cost": 5753.55,"Total Cost": 116053.98,"Plan Rows": 17524,"Plan Width": 160,"Actual Startup Time": 68.729,"Actual Total Time": 342.552,"Actual Rows": 28185,"Actual Loops": 4,"Inner Unique": true,"Hash Cond": "(orders.o_custkey = customer.c_custkey)","Workers": [],"Plans": [{"Node Type": "Nested Loop","Parent Relationship": "Outer","Parallel Aware": false,"Async Capable": false,"Join Type": "Inner","Startup Cost": 762.30,"Total Cost": 111016.73,"Plan Rows": 17524,"Plan Width": 16,"Actual Startup Time": 13.194,"Actual Total Time": 245.701,"Actual Rows": 28185,"Actual Loops": 4,"Inner Unique": false,"Workers": [],"Plans": [{"Node Type": "Bitmap Heap Scan","Parent Relationship": "Outer","Parallel Aware": true,"Async Capable": false,"Relation Name": "orders","Alias": "orders","Startup Cost": 761.87,"Total Cost": 27123.80,"Plan Rows": 17795,"Plan Width": 8,"Actual Startup Time": 13.139,"Actual Total Time": 70.147,"Actual Rows": 14108,"Actual Loops": 4,"Recheck Cond": "((o_orderdate >= '1993-04-01'::date) AND (o_orderdate < '1993-07-01 00:00:00'::timestamp without time zone))","Rows Removed by Index Recheck": 0,"Exact Heap Blocks": 3504,"Lossy Heap Blocks": 0,"Workers": [],"Plans": [{"Node Type": "Bitmap Index Scan","Parent Relationship": "Outer","Parallel Aware": false,"Async Capable": false,"Index Name": "idx_orders_orderdate","Startup Cost": 0.00,"Total Cost": 748.08,"Plan Rows": 55165,"Plan Width": 0,"Actual Startup Time": 10.077,"Actual Total Time": 10.080,"Actual Rows": 56434,"Actual Loops": 1,"Index Cond": "((o_orderdate >= '1993-04-01'::date) AND (o_orderdate < '1993-07-01 00:00:00'::timestamp without time zone))","Workers": []}]},{"Node Type": "Index Scan","Parent Relationship": "Inner","Parallel Aware": false,"Async Capable": false,"Scan Direction": "Forward","Index Name": "idx_lineitem_orderkey","Relation Name": "lineitem","Alias": "lineitem","Startup Cost": 0.43,"Total Cost": 4.67,"Plan Rows": 4,"Plan Width": 16,"Actual Startup Time": 0.010,"Actual Total Time": 0.012,"Actual Rows": 2,"Actual Loops": 56434,"Index Cond": "(l_orderkey = orders.o_orderkey)","Rows Removed by Index Recheck": 0,"Filter": "(l_returnflag = 'R'::bpchar)","Rows Removed by Filter": 2,"Workers": []}]},{"Node Type": "Hash","Parent Relationship": "Inner","Parallel Aware": true,"Async Capable": false,"Startup Cost": 4210.00,"Total Cost": 4210.00,"Plan Rows": 62500,"Plan Width": 148,"Actual Startup Time": 54.995,"Actual Total Time": 55.002,"Actual Rows": 37500,"Actual Loops": 4,"Hash Buckets": 262144,"Original Hash Buckets": 262144,"Hash Batches": 1,"Original Hash Batches": 1,"Peak Memory Usage": 29312,"Workers": [],"Plans": [{"Node Type": "Seq Scan","Parent Relationship": "Outer","Parallel Aware": true,"Async Capable": false,"Relation Name": "customer","Alias": "customer","Startup Cost": 0.00,"Total Cost": 4210.00,"Plan Rows": 62500,"Plan Width": 148,"Actual Startup Time": 0.020,"Actual Total Time": 23.497,"Actual Rows": 37500,"Actual Loops": 4,"Workers": []}]}]},{"Node Type": "Hash","Parent Relationship": "Inner","Parallel Aware": false,"Async Capable": false,"Startup Cost": 1.25,"Total Cost": 1.25,"Plan Rows": 25,"Plan Width": 108,"Actual Startup Time": 0.072,"Actual Total Time": 0.079,"Actual Rows": 25,"Actual Loops": 4,"Hash Buckets": 1024,"Original Hash Buckets": 1024,"Hash Batches": 1,"Original Hash Batches": 1,"Peak Memory Usage": 10,"Workers": [],"Plans": [{"Node Type": "Seq Scan","Parent Relationship": "Outer","Parallel Aware": false,"Async Capable": false,"Relation Name": "nation","Alias": "nation","Startup Cost": 0.00,"Total Cost": 1.25,"Plan Rows": 25,"Plan Width": 108,"Actual Startup Time": 0.049,"Actual Total Time": 0.055,"Actual Rows": 25,"Actual Loops": 4,"Workers": []}]}]}]}]}]},"Planning Time": 7.486,"Triggers": [],"Execution Time": 627.374}]
[{"Plan": {"Node Type": "Sort","Parallel Aware": false,"Async Capable": false,"Startup Cost": 132293.09,"Total Cost": 132436.61,"Plan Rows": 57411,"Plan Width": 280,"Actual Startup Time": 612.013,"Actual Total Time": 652.224,"Actual Rows": 37922,"Actual Loops": 1,"Sort Key": ["(sum((lineitem.l_extendedprice * ('1'::numeric - lineitem.l_discount)))) DESC"],"Sort Method": "quicksort","Sort Space Used": 9827,"Sort Space Type": "Memory","Plans": [{"Node Type": "Aggregate","Strategy": "Hashed","Partial Mode": "Simple","Parent Relationship": "Outer","Parallel Aware": false,"Async Capable": false,"Startup Cost": 127037.38,"Total Cost": 127755.02,"Plan Rows": 57411,"Plan Width": 280,"Actual Startup Time": 427.597,"Actual Total Time": 578.840,"Actual Rows": 37922,"Actual Loops": 1,"Group Key": ["customer.c_custkey", "nation.n_name"],"Planned Partitions": 0,"HashAgg Batches": 1,"Peak Memory Usage": 26129,"Disk Usage": 0,"Plans": [{"Node Type": "Gather","Parent Relationship": "Outer","Parallel Aware": false,"Async Capable": false,"Startup Cost": 6799.26,"Total Cost": 126319.75,"Plan Rows": 57411,"Plan Width": 260,"Actual Startup Time": 84.985,"Actual Total Time": 295.027,"Actual Rows": 114929,"Actual Loops": 1,"Workers Planned": 3,"Workers Launched": 3,"Single Copy": false,"Plans": [{"Node Type": "Hash Join","Parent Relationship": "Outer","Parallel Aware": false,"Async Capable": false,"Join Type": "Inner","Startup Cost": 5799.26,"Total Cost": 119578.65,"Plan Rows": 18520,"Plan Width": 260,"Actual Startup Time": 77.490,"Actual Total Time": 369.817,"Actual Rows": 28732,"Actual Loops": 4,"Inner Unique": true,"Hash Cond": "(customer.c_nationkey = nation.n_nationkey)","Workers": [],"Plans": [{"Node Type": "Hash Join","Parent Relationship": "Outer","Parallel Aware": true,"Async Capable": false,"Join Type": "Inner","Startup Cost": 5797.70,"Total Cost": 119520.23,"Plan Rows": 18520,"Plan Width": 160,"Actual Startup Time": 77.066,"Actual Total Time": 360.808,"Actual Rows": 28732,"Actual Loops": 4,"Inner Unique": true,"Hash Cond": "(orders.o_custkey = customer.c_custkey)","Workers": [],"Plans": [{"Node Type": "Nested Loop","Parent Relationship": "Outer","Parallel Aware": false,"Async Capable": false,"Join Type": "Inner","Startup Cost": 806.45,"Total Cost": 114480.36,"Plan Rows": 18520,"Plan Width": 16,"Actual Startup Time": 13.430,"Actual Total Time": 255.437,"Actual Rows": 28732,"Actual Loops": 4,"Inner Unique": false,"Workers": [],"Plans": [{"Node Type": "Bitmap Heap Scan","Parent Relationship": "Outer","Parallel Aware": true,"Async Capable": false,"Relation Name": "orders","Alias": "orders","Startup Cost": 806.01,"Total Cost": 27183.11,"Plan Rows": 18807,"Plan Width": 8,"Actual Startup Time": 13.367,"Actual Total Time": 72.208,"Actual Rows": 14355,"Actual Loops": 4,"Recheck Cond": "((o_orderdate >= '1994-03-01'::date) AND (o_orderdate < '1994-06-01 00:00:00'::timestamp without time zone))","Rows Removed by Index Recheck": 0,"Exact Heap Blocks": 3712,"Lossy Heap Blocks": 0,"Workers": [],"Plans": [{"Node Type": "Bitmap Index Scan","Parent Relationship": "Outer","Parallel Aware": false,"Async Capable": false,"Index Name": "idx_orders_orderdate","Startup Cost": 0.00,"Total Cost": 791.44,"Plan Rows": 58301,"Plan Width": 0,"Actual Startup Time": 10.180,"Actual Total Time": 10.183,"Actual Rows": 57420,"Actual Loops": 1,"Index Cond": "((o_orderdate >= '1994-03-01'::date) AND (o_orderdate < '1994-06-01 00:00:00'::timestamp without time zone))","Workers": []}]},{"Node Type": "Index Scan","Parent Relationship": "Inner","Parallel Aware": false,"Async Capable": false,"Scan Direction": "Forward","Index Name": "idx_lineitem_orderkey","Relation Name": "lineitem","Alias": "lineitem","Startup Cost": 0.43,"Total Cost": 4.60,"Plan Rows": 4,"Plan Width": 16,"Actual Startup Time": 0.010,"Actual Total Time": 0.012,"Actual Rows": 2,"Actual Loops": 57420,"Index Cond": "(l_orderkey = orders.o_orderkey)","Rows Removed by Index Recheck": 0,"Filter": "(l_returnflag = 'R'::bpchar)","Rows Removed by Filter": 2,"Workers": []}]},{"Node Type": "Hash","Parent Relationship": "Inner","Parallel Aware": true,"Async Capable": false,"Startup Cost": 4210.00,"Total Cost": 4210.00,"Plan Rows": 62500,"Plan Width": 148,"Actual Startup Time": 63.095,"Actual Total Time": 63.101,"Actual Rows": 37500,"Actual Loops": 4,"Hash Buckets": 262144,"Original Hash Buckets": 262144,"Hash Batches": 1,"Original Hash Batches": 1,"Peak Memory Usage": 29280,"Workers": [],"Plans": [{"Node Type": "Seq Scan","Parent Relationship": "Outer","Parallel Aware": true,"Async Capable": false,"Relation Name": "customer","Alias": "customer","Startup Cost": 0.00,"Total Cost": 4210.00,"Plan Rows": 62500,"Plan Width": 148,"Actual Startup Time": 0.041,"Actual Total Time": 28.071,"Actual Rows": 37500,"Actual Loops": 4,"Workers": []}]}]},{"Node Type": "Hash","Parent Relationship": "Inner","Parallel Aware": false,"Async Capable": false,"Startup Cost": 1.25,"Total Cost": 1.25,"Plan Rows": 25,"Plan Width": 108,"Actual Startup Time": 0.097,"Actual Total Time": 0.101,"Actual Rows": 25,"Actual Loops": 4,"Hash Buckets": 1024,"Original Hash Buckets": 1024,"Hash Batches": 1,"Original Hash Batches": 1,"Peak Memory Usage": 10,"Workers": [],"Plans": [{"Node Type": "Seq Scan","Parent Relationship": "Outer","Parallel Aware": false,"Async Capable": false,"Relation Name": "nation","Alias": "nation","Startup Cost": 0.00,"Total Cost": 1.25,"Plan Rows": 25,"Plan Width": 108,"Actual Startup Time": 0.065,"Actual Total Time": 0.071,"Actual Rows": 25,"Actual Loops": 4,"Workers": []}]}]}]}]}]},"Planning Time": 6.342,"Triggers": [],"Execution Time": 656.718}]
[{"Plan": {"Node Type": "Sort","Parallel Aware": false,"Async Capable": false,"Startup Cost": 132582.38,"Total Cost": 132726.46,"Plan Rows": 57631,"Plan Width": 280,"Actual Startup Time": 594.605,"Actual Total Time": 635.479,"Actual Rows": 38076,"Actual Loops": 1,"Sort Key": ["(sum((lineitem.l_extendedprice * ('1'::numeric - lineitem.l_discount)))) DESC"],"Sort Method": "quicksort","Sort Space Used": 9866,"Sort Space Type": "Memory","Plans": [{"Node Type": "Aggregate","Strategy": "Hashed","Partial Mode": "Simple","Parent Relationship": "Outer","Parallel Aware": false,"Async Capable": false,"Startup Cost": 127304.95,"Total Cost": 128025.33,"Plan Rows": 57631,"Plan Width": 280,"Actual Startup Time": 413.856,"Actual Total Time": 559.474,"Actual Rows": 38076,"Actual Loops": 1,"Group Key": ["customer.c_custkey", "nation.n_name"],"Planned Partitions": 0,"HashAgg Batches": 1,"Peak Memory Usage": 26129,"Disk Usage": 0,"Plans": [{"Node Type": "Gather","Parent Relationship": "Outer","Parallel Aware": false,"Async Capable": false,"Startup Cost": 6801.55,"Total Cost": 126584.56,"Plan Rows": 57631,"Plan Width": 260,"Actual Startup Time": 77.339,"Actual Total Time": 288.422,"Actual Rows": 114347,"Actual Loops": 1,"Workers Planned": 3,"Workers Launched": 3,"Single Copy": false,"Plans": [{"Node Type": "Hash Join","Parent Relationship": "Outer","Parallel Aware": false,"Async Capable": false,"Join Type": "Inner","Startup Cost": 5801.55,"Total Cost": 119821.46,"Plan Rows": 18591,"Plan Width": 260,"Actual Startup Time": 69.518,"Actual Total Time": 357.514,"Actual Rows": 28587,"Actual Loops": 4,"Inner Unique": true,"Hash Cond": "(customer.c_nationkey = nation.n_nationkey)","Workers": [],"Plans": [{"Node Type": "Hash Join","Parent Relationship": "Outer","Parallel Aware": true,"Async Capable": false,"Join Type": "Inner","Startup Cost": 5799.99,"Total Cost": 119762.82,"Plan Rows": 18591,"Plan Width": 160,"Actual Startup Time": 69.031,"Actual Total Time": 348.106,"Actual Rows": 28587,"Actual Loops": 4,"Inner Unique": true,"Hash Cond": "(orders.o_custkey = customer.c_custkey)","Workers": [],"Plans": [{"Node Type": "Nested Loop","Parent Relationship": "Outer","Parallel Aware": false,"Async Capable": false,"Join Type": "Inner","Startup Cost": 808.74,"Total Cost": 114722.77,"Plan Rows": 18591,"Plan Width": 16,"Actual Startup Time": 13.204,"Actual Total Time": 250.327,"Actual Rows": 28587,"Actual Loops": 4,"Inner Unique": false,"Workers": [],"Plans": [{"Node Type": "Bitmap Heap Scan","Parent Relationship": "Outer","Parallel Aware": true,"Async Capable": false,"Relation Name": "orders","Alias": "orders","Startup Cost": 808.31,"Total Cost": 27186.49,"Plan Rows": 18879,"Plan Width": 8,"Actual Startup Time": 13.115,"Actual Total Time": 71.395,"Actual Rows": 14278,"Actual Loops": 4,"Recheck Cond": "((o_orderdate >= '1994-08-01'::date) AND (o_orderdate < '1994-11-01 00:00:00'::timestamp without time zone))","Rows Removed by Index Recheck": 0,"Exact Heap Blocks": 3565,"Lossy Heap Blocks": 0,"Workers": [],"Plans": [{"Node Type": "Bitmap Index Scan","Parent Relationship": "Outer","Parallel Aware": false,"Async Capable": false,"Index Name": "idx_orders_orderdate","Startup Cost": 0.00,"Total Cost": 793.68,"Plan Rows": 58525,"Plan Width": 0,"Actual Startup Time": 9.999,"Actual Total Time": 10.002,"Actual Rows": 57111,"Actual Loops": 1,"Index Cond": "((o_orderdate >= '1994-08-01'::date) AND (o_orderdate < '1994-11-01 00:00:00'::timestamp without time zone))","Workers": []}]},{"Node Type": "Index Scan","Parent Relationship": "Inner","Parallel Aware": false,"Async Capable": false,"Scan Direction": "Forward","Index Name": "idx_lineitem_orderkey","Relation Name": "lineitem","Alias": "lineitem","Startup Cost": 0.43,"Total Cost": 4.60,"Plan Rows": 4,"Plan Width": 16,"Actual Startup Time": 0.010,"Actual Total Time": 0.012,"Actual Rows": 2,"Actual Loops": 57111,"Index Cond": "(l_orderkey = orders.o_orderkey)","Rows Removed by Index Recheck": 0,"Filter": "(l_returnflag = 'R'::bpchar)","Rows Removed by Filter": 2,"Workers": []}]},{"Node Type": "Hash","Parent Relationship": "Inner","Parallel Aware": true,"Async Capable": false,"Startup Cost": 4210.00,"Total Cost": 4210.00,"Plan Rows": 62500,"Plan Width": 148,"Actual Startup Time": 55.208,"Actual Total Time": 55.214,"Actual Rows": 37500,"Actual Loops": 4,"Hash Buckets": 262144,"Original Hash Buckets": 262144,"Hash Batches": 1,"Original Hash Batches": 1,"Peak Memory Usage": 29312,"Workers": [],"Plans": [{"Node Type": "Seq Scan","Parent Relationship": "Outer","Parallel Aware": true,"Async Capable": false,"Relation Name": "customer","Alias": "customer","Startup Cost": 0.00,"Total Cost": 4210.00,"Plan Rows": 62500,"Plan Width": 148,"Actual Startup Time": 0.029,"Actual Total Time": 24.765,"Actual Rows": 37500,"Actual Loops": 4,"Workers": []}]}]},{"Node Type": "Hash","Parent Relationship": "Inner","Parallel Aware": false,"Async Capable": false,"Startup Cost": 1.25,"Total Cost": 1.25,"Plan Rows": 25,"Plan Width": 108,"Actual Startup Time": 0.096,"Actual Total Time": 0.101,"Actual Rows": 25,"Actual Loops": 4,"Hash Buckets": 1024,"Original Hash Buckets": 1024,"Hash Batches": 1,"Original Hash Batches": 1,"Peak Memory Usage": 10,"Workers": [],"Plans": [{"Node Type": "Seq Scan","Parent Relationship": "Outer","Parallel Aware": false,"Async Capable": false,"Relation Name": "nation","Alias": "nation","Startup Cost": 0.00,"Total Cost": 1.25,"Plan Rows": 25,"Plan Width": 108,"Actual Startup Time": 0.058,"Actual Total Time": 0.064,"Actual Rows": 25,"Actual Loops": 4,"Workers": []}]}]}]}]}]},"Planning Time": 6.903,"Triggers": [],"Execution Time": 641.389}]
[{"Plan": {"Node Type": "Sort","Parallel Aware": false,"Async Capable": false,"Startup Cost": 132006.18,"Total Cost": 132149.16,"Plan Rows": 57194,"Plan Width": 280,"Actual Startup Time": 619.069,"Actual Total Time": 657.587,"Actual Rows": 38097,"Actual Loops": 1,"Sort Key": ["(sum((lineitem.l_extendedprice * ('1'::numeric - lineitem.l_discount)))) DESC"],"Sort Method": "quicksort","Sort Space Used": 9867,"Sort Space Type": "Memory","Plans": [{"Node Type": "Aggregate","Strategy": "Hashed","Partial Mode": "Simple","Parent Relationship": "Outer","Parallel Aware": false,"Async Capable": false,"Startup Cost": 126771.91,"Total Cost": 127486.83,"Plan Rows": 57194,"Plan Width": 280,"Actual Startup Time": 426.706,"Actual Total Time": 585.981,"Actual Rows": 38097,"Actual Loops": 1,"Group Key": ["customer.c_custkey", "nation.n_name"],"Planned Partitions": 0,"HashAgg Batches": 1,"Peak Memory Usage": 26129,"Disk Usage": 0,"Plans": [{"Node Type": "Gather","Parent Relationship": "Outer","Parallel Aware": false,"Async Capable": false,"Startup Cost": 6797.00,"Total Cost": 126056.98,"Plan Rows": 57194,"Plan Width": 260,"Actual Startup Time": 85.005,"Actual Total Time": 294.440,"Actual Rows": 114700,"Actual Loops": 1,"Workers Planned": 3,"Workers Launched": 3,"Single Copy": false,"Plans": [{"Node Type": "Hash Join","Parent Relationship": "Outer","Parallel Aware": false,"Async Capable": false,"Join Type": "Inner","Startup Cost": 5797.00,"Total Cost": 119337.58,"Plan Rows": 18450,"Plan Width": 260,"Actual Startup Time": 77.864,"Actual Total Time": 370.283,"Actual Rows": 28675,"Actual Loops": 4,"Inner Unique": true,"Hash Cond": "(customer.c_nationkey = nation.n_nationkey)","Workers": [],"Plans": [{"Node Type": "Hash Join","Parent Relationship": "Outer","Parallel Aware": true,"Async Capable": false,"Join Type": "Inner","Startup Cost": 5795.44,"Total Cost": 119279.38,"Plan Rows": 18450,"Plan Width": 160,"Actual Startup Time": 77.458,"Actual Total Time": 360.463,"Actual Rows": 28675,"Actual Loops": 4,"Inner Unique": true,"Hash Cond": "(orders.o_custkey = customer.c_custkey)","Workers": [],"Plans": [{"Node Type": "Nested Loop","Parent Relationship": "Outer","Parallel Aware": false,"Async Capable": false,"Join Type": "Inner","Startup Cost": 804.19,"Total Cost": 114239.70,"Plan Rows": 18450,"Plan Width": 16,"Actual Startup Time": 13.282,"Actual Total Time": 254.673,"Actual Rows": 28675,"Actual Loops": 4,"Inner Unique": false,"Workers": [],"Plans": [{"Node Type": "Bitmap Heap Scan","Parent Relationship": "Outer","Parallel Aware": true,"Async Capable": false,"Relation Name": "orders","Alias": "orders","Startup Cost": 803.76,"Total Cost": 27179.79,"Plan Rows": 18736,"Plan Width": 8,"Actual Startup Time": 13.232,"Actual Total Time": 71.774,"Actual Rows": 14328,"Actual Loops": 4,"Recheck Cond": "((o_orderdate >= '1994-05-01'::date) AND (o_orderdate < '1994-08-01 00:00:00'::timestamp without time zone))","Rows Removed by Index Recheck": 0,"Exact Heap Blocks": 3671,"Lossy Heap Blocks": 0,"Workers": [],"Plans": [{"Node Type": "Bitmap Index Scan","Parent Relationship": "Outer","Parallel Aware": false,"Async Capable": false,"Index Name": "idx_orders_orderdate","Startup Cost": 0.00,"Total Cost": 789.24,"Plan Rows": 58081,"Plan Width": 0,"Actual Startup Time": 10.132,"Actual Total Time": 10.140,"Actual Rows": 57311,"Actual Loops": 1,"Index Cond": "((o_orderdate >= '1994-05-01'::date) AND (o_orderdate < '1994-08-01 00:00:00'::timestamp without time zone))","Workers": []}]},{"Node Type": "Index Scan","Parent Relationship": "Inner","Parallel Aware": false,"Async Capable": false,"Scan Direction": "Forward","Index Name": "idx_lineitem_orderkey","Relation Name": "lineitem","Alias": "lineitem","Startup Cost": 0.43,"Total Cost": 4.61,"Plan Rows": 4,"Plan Width": 16,"Actual Startup Time": 0.010,"Actual Total Time": 0.012,"Actual Rows": 2,"Actual Loops": 57311,"Index Cond": "(l_orderkey = orders.o_orderkey)","Rows Removed by Index Recheck": 0,"Filter": "(l_returnflag = 'R'::bpchar)","Rows Removed by Filter": 2,"Workers": []}]},{"Node Type": "Hash","Parent Relationship": "Inner","Parallel Aware": true,"Async Capable": false,"Startup Cost": 4210.00,"Total Cost": 4210.00,"Plan Rows": 62500,"Plan Width": 148,"Actual Startup Time": 63.588,"Actual Total Time": 63.595,"Actual Rows": 37500,"Actual Loops": 4,"Hash Buckets": 262144,"Original Hash Buckets": 262144,"Hash Batches": 1,"Original Hash Batches": 1,"Peak Memory Usage": 29312,"Workers": [],"Plans": [{"Node Type": "Seq Scan","Parent Relationship": "Outer","Parallel Aware": true,"Async Capable": false,"Relation Name": "customer","Alias": "customer","Startup Cost": 0.00,"Total Cost": 4210.00,"Plan Rows": 62500,"Plan Width": 148,"Actual Startup Time": 0.027,"Actual Total Time": 28.105,"Actual Rows": 37500,"Actual Loops": 4,"Workers": []}]}]},{"Node Type": "Hash","Parent Relationship": "Inner","Parallel Aware": false,"Async Capable": false,"Startup Cost": 1.25,"Total Cost": 1.25,"Plan Rows": 25,"Plan Width": 108,"Actual Startup Time": 0.090,"Actual Total Time": 0.096,"Actual Rows": 25,"Actual Loops": 4,"Hash Buckets": 1024,"Original Hash Buckets": 1024,"Hash Batches": 1,"Original Hash Batches": 1,"Peak Memory Usage": 10,"Workers": [],"Plans": [{"Node Type": "Seq Scan","Parent Relationship": "Outer","Parallel Aware": false,"Async Capable": false,"Relation Name": "nation","Alias": "nation","Startup Cost": 0.00,"Total Cost": 1.25,"Plan Rows": 25,"Plan Width": 108,"Actual Startup Time": 0.060,"Actual Total Time": 0.066,"Actual Rows": 25,"Actual Loops": 4,"Workers": []}]}]}]}]}]},"Planning Time": 6.734,"Triggers": [],"Execution Time": 661.786}]
[{"Plan": {"Node Type": "Sort","Parallel Aware": false,"Async Capable": false,"Startup Cost": 131330.41,"Total Cost": 131472.12,"Plan Rows": 56686,"Plan Width": 280,"Actual Startup Time": 587.483,"Actual Total Time": 628.086,"Actual Rows": 37925,"Actual Loops": 1,"Sort Key": ["(sum((lineitem.l_extendedprice * ('1'::numeric - lineitem.l_discount)))) DESC"],"Sort Method": "quicksort","Sort Space Used": 9832,"Sort Space Type": "Memory","Plans": [{"Node Type": "Aggregate","Strategy": "Hashed","Partial Mode": "Simple","Parent Relationship": "Outer","Parallel Aware": false,"Async Capable": false,"Startup Cost": 126146.27,"Total Cost": 126854.85,"Plan Rows": 56686,"Plan Width": 280,"Actual Startup Time": 410.388,"Actual Total Time": 556.054,"Actual Rows": 37925,"Actual Loops": 1,"Group Key": ["customer.c_custkey", "nation.n_name"],"Planned Partitions": 0,"HashAgg Batches": 1,"Peak Memory Usage": 26129,"Disk Usage": 0,"Plans": [{"Node Type": "Gather","Parent Relationship": "Outer","Parallel Aware": false,"Async Capable": false,"Startup Cost": 6791.71,"Total Cost": 125437.70,"Plan Rows": 56686,"Plan Width": 260,"Actual Startup Time": 76.070,"Actual Total Time": 284.431,"Actual Rows": 114550,"Actual Loops": 1,"Workers Planned": 3,"Workers Launched": 3,"Single Copy": false,"Plans": [{"Node Type": "Hash Join","Parent Relationship": "Outer","Parallel Aware": false,"Async Capable": false,"Join Type": "Inner","Startup Cost": 5791.71,"Total Cost": 118769.10,"Plan Rows": 18286,"Plan Width": 260,"Actual Startup Time": 68.409,"Actual Total Time": 355.040,"Actual Rows": 28638,"Actual Loops": 4,"Inner Unique": true,"Hash Cond": "(customer.c_nationkey = nation.n_nationkey)","Workers": [],"Plans": [{"Node Type": "Hash Join","Parent Relationship": "Outer","Parallel Aware": true,"Async Capable": false,"Join Type": "Inner","Startup Cost": 5790.15,"Total Cost": 118711.40,"Plan Rows": 18286,"Plan Width": 160,"Actual Startup Time": 67.911,"Actual Total Time": 346.301,"Actual Rows": 28638,"Actual Loops": 4,"Inner Unique": true,"Hash Cond": "(orders.o_custkey = customer.c_custkey)","Workers": [],"Plans": [{"Node Type": "Nested Loop","Parent Relationship": "Outer","Parallel Aware": false,"Async Capable": false,"Join Type": "Inner","Startup Cost": 798.90,"Total Cost": 113672.15,"Plan Rows": 18286,"Plan Width": 16,"Actual Startup Time": 13.342,"Actual Total Time": 249.825,"Actual Rows": 28638,"Actual Loops": 4,"Inner Unique": false,"Workers": [],"Plans": [{"Node Type": "Bitmap Heap Scan","Parent Relationship": "Outer","Parallel Aware": true,"Async Capable": false,"Relation Name": "orders","Alias": "orders","Startup Cost": 798.47,"Total Cost": 27172.01,"Plan Rows": 18569,"Plan Width": 8,"Actual Startup Time": 13.275,"Actual Total Time": 71.340,"Actual Rows": 14284,"Actual Loops": 4,"Recheck Cond": "((o_orderdate >= '1993-08-01'::date) AND (o_orderdate < '1993-11-01 00:00:00'::timestamp without time zone))","Rows Removed by Index Recheck": 0,"Exact Heap Blocks": 3594,"Lossy Heap Blocks": 0,"Workers": [],"Plans": [{"Node Type": "Bitmap Index Scan","Parent Relationship": "Outer","Parallel Aware": false,"Async Capable": false,"Index Name": "idx_orders_orderdate","Startup Cost": 0.00,"Total Cost": 784.08,"Plan Rows": 57565,"Plan Width": 0,"Actual Startup Time": 10.135,"Actual Total Time": 10.136,"Actual Rows": 57138,"Actual Loops": 1,"Index Cond": "((o_orderdate >= '1993-08-01'::date) AND (o_orderdate < '1993-11-01 00:00:00'::timestamp without time zone))","Workers": []}]},{"Node Type": "Index Scan","Parent Relationship": "Inner","Parallel Aware": false,"Async Capable": false,"Scan Direction": "Forward","Index Name": "idx_lineitem_orderkey","Relation Name": "lineitem","Alias": "lineitem","Startup Cost": 0.43,"Total Cost": 4.62,"Plan Rows": 4,"Plan Width": 16,"Actual Startup Time": 0.010,"Actual Total Time": 0.012,"Actual Rows": 2,"Actual Loops": 57138,"Index Cond": "(l_orderkey = orders.o_orderkey)","Rows Removed by Index Recheck": 0,"Filter": "(l_returnflag = 'R'::bpchar)","Rows Removed by Filter": 2,"Workers": []}]},{"Node Type": "Hash","Parent Relationship": "Inner","Parallel Aware": true,"Async Capable": false,"Startup Cost": 4210.00,"Total Cost": 4210.00,"Plan Rows": 62500,"Plan Width": 148,"Actual Startup Time": 53.968,"Actual Total Time": 53.976,"Actual Rows": 37500,"Actual Loops": 4,"Hash Buckets": 262144,"Original Hash Buckets": 262144,"Hash Batches": 1,"Original Hash Batches": 1,"Peak Memory Usage": 29344,"Workers": [],"Plans": [{"Node Type": "Seq Scan","Parent Relationship": "Outer","Parallel Aware": true,"Async Capable": false,"Relation Name": "customer","Alias": "customer","Startup Cost": 0.00,"Total Cost": 4210.00,"Plan Rows": 62500,"Plan Width": 148,"Actual Startup Time": 0.023,"Actual Total Time": 24.403,"Actual Rows": 37500,"Actual Loops": 4,"Workers": []}]}]},{"Node Type": "Hash","Parent Relationship": "Inner","Parallel Aware": false,"Async Capable": false,"Startup Cost": 1.25,"Total Cost": 1.25,"Plan Rows": 25,"Plan Width": 108,"Actual Startup Time": 0.099,"Actual Total Time": 0.106,"Actual Rows": 25,"Actual Loops": 4,"Hash Buckets": 1024,"Original Hash Buckets": 1024,"Hash Batches": 1,"Original Hash Batches": 1,"Peak Memory Usage": 10,"Workers": [],"Plans": [{"Node Type": "Seq Scan","Parent Relationship": "Outer","Parallel Aware": false,"Async Capable": false,"Relation Name": "nation","Alias": "nation","Startup Cost": 0.00,"Total Cost": 1.25,"Plan Rows": 25,"Plan Width": 108,"Actual Startup Time": 0.062,"Actual Total Time": 0.071,"Actual Rows": 25,"Actual Loops": 4,"Workers": []}]}]}]}]}]},"Planning Time": 6.540,"Triggers": [],"Execution Time": 634.012}]
[{"Plan": {"Node Type": "Sort","Parallel Aware": false,"Async Capable": false,"Startup Cost": 127549.79,"Total Cost": 127684.44,"Plan Rows": 53858,"Plan Width": 280,"Actual Startup Time": 605.399,"Actual Total Time": 645.666,"Actual Rows": 37880,"Actual Loops": 1,"Sort Key": ["(sum((lineitem.l_extendedprice * ('1'::numeric - lineitem.l_discount)))) DESC"],"Sort Method": "quicksort","Sort Space Used": 9830,"Sort Space Type": "Memory","Plans": [{"Node Type": "Aggregate","Strategy": "Hashed","Partial Mode": "Simple","Parent Relationship": "Outer","Parallel Aware": false,"Async Capable": false,"Startup Cost": 122644.17,"Total Cost": 123317.39,"Plan Rows": 53858,"Plan Width": 280,"Actual Startup Time": 424.771,"Actual Total Time": 574.608,"Actual Rows": 37880,"Actual Loops": 1,"Group Key": ["customer.c_custkey", "nation.n_name"],"Planned Partitions": 0,"HashAgg Batches": 1,"Peak Memory Usage": 26129,"Disk Usage": 0,"Plans": [{"Node Type": "Gather","Parent Relationship": "Outer","Parallel Aware": false,"Async Capable": false,"Startup Cost": 6750.28,"Total Cost": 121970.94,"Plan Rows": 53858,"Plan Width": 260,"Actual Startup Time": 85.178,"Actual Total Time": 295.165,"Actual Rows": 114508,"Actual Loops": 1,"Workers Planned": 3,"Workers Launched": 3,"Single Copy": false,"Plans": [{"Node Type": "Hash Join","Parent Relationship": "Outer","Parallel Aware": false,"Async Capable": false,"Join Type": "Inner","Startup Cost": 5750.28,"Total Cost": 115585.14,"Plan Rows": 17374,"Plan Width": 260,"Actual Startup Time": 78.100,"Actual Total Time": 368.715,"Actual Rows": 28627,"Actual Loops": 4,"Inner Unique": true,"Hash Cond": "(customer.c_nationkey = nation.n_nationkey)","Workers": [],"Plans": [{"Node Type": "Hash Join","Parent Relationship": "Outer","Parallel Aware": true,"Async Capable": false,"Join Type": "Inner","Startup Cost": 5748.71,"Total Cost": 115530.24,"Plan Rows": 17374,"Plan Width": 160,"Actual Startup Time": 77.678,"Actual Total Time": 360.085,"Actual Rows": 28627,"Actual Loops": 4,"Inner Unique": true,"Hash Cond": "(orders.o_custkey = customer.c_custkey)","Workers": [],"Plans": [{"Node Type": "Nested Loop","Parent Relationship": "Outer","Parallel Aware": false,"Async Capable": false,"Join Type": "Inner","Startup Cost": 757.46,"Total Cost": 110493.39,"Plan Rows": 17374,"Plan Width": 16,"Actual Startup Time": 13.130,"Actual Total Time": 256.172,"Actual Rows": 28627,"Actual Loops": 4,"Inner Unique": false,"Workers": [],"Plans": [{"Node Type": "Bitmap Heap Scan","Parent Relationship": "Outer","Parallel Aware": true,"Async Capable": false,"Relation Name": "orders","Alias": "orders","Startup Cost": 757.03,"Total Cost": 27116.67,"Plan Rows": 17643,"Plan Width": 8,"Actual Startup Time": 13.063,"Actual Total Time": 71.665,"Actual Rows": 14273,"Actual Loops": 4,"Recheck Cond": "((o_orderdate >= '1993-05-01'::date) AND (o_orderdate < '1993-08-01 00:00:00'::timestamp without time zone))","Rows Removed by Index Recheck": 0,"Exact Heap Blocks": 3695,"Lossy Heap Blocks": 0,"Workers": [],"Plans": [{"Node Type": "Bitmap Index Scan","Parent Relationship": "Outer","Parallel Aware": false,"Async Capable": false,"Index Name": "idx_orders_orderdate","Startup Cost": 0.00,"Total Cost": 743.36,"Plan Rows": 54693,"Plan Width": 0,"Actual Startup Time": 9.957,"Actual Total Time": 9.964,"Actual Rows": 57093,"Actual Loops": 1,"Index Cond": "((o_orderdate >= '1993-05-01'::date) AND (o_orderdate < '1993-08-01 00:00:00'::timestamp without time zone))","Workers": []}]},{"Node Type": "Index Scan","Parent Relationship": "Inner","Parallel Aware": false,"Async Capable": false,"Scan Direction": "Forward","Index Name": "idx_lineitem_orderkey","Relation Name": "lineitem","Alias": "lineitem","Startup Cost": 0.43,"Total Cost": 4.69,"Plan Rows": 4,"Plan Width": 16,"Actual Startup Time": 0.011,"Actual Total Time": 0.013,"Actual Rows": 2,"Actual Loops": 57093,"Index Cond": "(l_orderkey = orders.o_orderkey)","Rows Removed by Index Recheck": 0,"Filter": "(l_returnflag = 'R'::bpchar)","Rows Removed by Filter": 2,"Workers": []}]},{"Node Type": "Hash","Parent Relationship": "Inner","Parallel Aware": true,"Async Capable": false,"Startup Cost": 4210.00,"Total Cost": 4210.00,"Plan Rows": 62500,"Plan Width": 148,"Actual Startup Time": 63.988,"Actual Total Time": 63.994,"Actual Rows": 37500,"Actual Loops": 4,"Hash Buckets": 262144,"Original Hash Buckets": 262144,"Hash Batches": 1,"Original Hash Batches": 1,"Peak Memory Usage": 29344,"Workers": [],"Plans": [{"Node Type": "Seq Scan","Parent Relationship": "Outer","Parallel Aware": true,"Async Capable": false,"Relation Name": "customer","Alias": "customer","Startup Cost": 0.00,"Total Cost": 4210.00,"Plan Rows": 62500,"Plan Width": 148,"Actual Startup Time": 0.034,"Actual Total Time": 28.777,"Actual Rows": 37500,"Actual Loops": 4,"Workers": []}]}]},{"Node Type": "Hash","Parent Relationship": "Inner","Parallel Aware": false,"Async Capable": false,"Startup Cost": 1.25,"Total Cost": 1.25,"Plan Rows": 25,"Plan Width": 108,"Actual Startup Time": 0.078,"Actual Total Time": 0.083,"Actual Rows": 25,"Actual Loops": 4,"Hash Buckets": 1024,"Original Hash Buckets": 1024,"Hash Batches": 1,"Original Hash Batches": 1,"Peak Memory Usage": 10,"Workers": [],"Plans": [{"Node Type": "Seq Scan","Parent Relationship": "Outer","Parallel Aware": false,"Async Capable": false,"Relation Name": "nation","Alias": "nation","Startup Cost": 0.00,"Total Cost": 1.25,"Plan Rows": 25,"Plan Width": 108,"Actual Startup Time": 0.048,"Actual Total Time": 0.055,"Actual Rows": 25,"Actual Loops": 4,"Workers": []}]}]}]}]}]},"Planning Time": 7.141,"Triggers": [],"Execution Time": 649.992}]
[{"Plan": {"Node Type": "Sort","Parallel Aware": false,"Async Capable": false,"Startup Cost": 132006.18,"Total Cost": 132149.16,"Plan Rows": 57194,"Plan Width": 280,"Actual Startup Time": 619.069,"Actual Total Time": 657.587,"Actual Rows": 38097,"Actual Loops": 1,"Sort Key": ["(sum((lineitem.l_extendedprice * ('1'::numeric - lineitem.l_discount)))) DESC"],"Sort Method": "quicksort","Sort Space Used": 9867,"Sort Space Type": "Memory","Plans": [{"Node Type": "Aggregate","Strategy": "Hashed","Partial Mode": "Simple","Parent Relationship": "Outer","Parallel Aware": false,"Async Capable": false,"Startup Cost": 126771.91,"Total Cost": 127486.83,"Plan Rows": 57194,"Plan Width": 280,"Actual Startup Time": 426.706,"Actual Total Time": 585.981,"Actual Rows": 38097,"Actual Loops": 1,"Group Key": ["customer.c_custkey", "nation.n_name"],"Planned Partitions": 0,"HashAgg Batches": 1,"Peak Memory Usage": 26129,"Disk Usage": 0,"Plans": [{"Node Type": "Gather","Parent Relationship": "Outer","Parallel Aware": false,"Async Capable": false,"Startup Cost": 6797.00,"Total Cost": 126056.98,"Plan Rows": 57194,"Plan Width": 260,"Actual Startup Time": 85.005,"Actual Total Time": 294.440,"Actual Rows": 114700,"Actual Loops": 1,"Workers Planned": 3,"Workers Launched": 3,"Single Copy": false,"Plans": [{"Node Type": "Hash Join","Parent Relationship": "Outer","Parallel Aware": false,"Async Capable": false,"Join Type": "Inner","Startup Cost": 5797.00,"Total Cost": 119337.58,"Plan Rows": 18450,"Plan Width": 260,"Actual Startup Time": 77.864,"Actual Total Time": 370.283,"Actual Rows": 28675,"Actual Loops": 4,"Inner Unique": true,"Hash Cond": "(customer.c_nationkey = nation.n_nationkey)","Workers": [],"Plans": [{"Node Type": "Hash Join","Parent Relationship": "Outer","Parallel Aware": true,"Async Capable": false,"Join Type": "Inner","Startup Cost": 5795.44,"Total Cost": 119279.38,"Plan Rows": 18450,"Plan Width": 160,"Actual Startup Time": 77.458,"Actual Total Time": 360.463,"Actual Rows": 28675,"Actual Loops": 4,"Inner Unique": true,"Hash Cond": "(orders.o_custkey = customer.c_custkey)","Workers": [],"Plans": [{"Node Type": "Nested Loop","Parent Relationship": "Outer","Parallel Aware": false,"Async Capable": false,"Join Type": "Inner","Startup Cost": 804.19,"Total Cost": 114239.70,"Plan Rows": 18450,"Plan Width": 16,"Actual Startup Time": 13.282,"Actual Total Time": 254.673,"Actual Rows": 28675,"Actual Loops": 4,"Inner Unique": false,"Workers": [],"Plans": [{"Node Type": "Bitmap Heap Scan","Parent Relationship": "Outer","Parallel Aware": true,"Async Capable": false,"Relation Name": "orders","Alias": "orders","Startup Cost": 803.76,"Total Cost": 27179.79,"Plan Rows": 18736,"Plan Width": 8,"Actual Startup Time": 13.232,"Actual Total Time": 71.774,"Actual Rows": 14328,"Actual Loops": 4,"Recheck Cond": "((o_orderdate >= '1994-05-01'::date) AND (o_orderdate < '1994-08-01 00:00:00'::timestamp without time zone))","Rows Removed by Index Recheck": 0,"Exact Heap Blocks": 3671,"Lossy Heap Blocks": 0,"Workers": [],"Plans": [{"Node Type": "Bitmap Index Scan","Parent Relationship": "Outer","Parallel Aware": false,"Async Capable": false,"Index Name": "idx_orders_orderdate","Startup Cost": 0.00,"Total Cost": 789.24,"Plan Rows": 58081,"Plan Width": 0,"Actual Startup Time": 10.132,"Actual Total Time": 10.140,"Actual Rows": 57311,"Actual Loops": 1,"Index Cond": "((o_orderdate >= '1994-05-01'::date) AND (o_orderdate < '1994-08-01 00:00:00'::timestamp without time zone))","Workers": []}]},{"Node Type": "Index Scan","Parent Relationship": "Inner","Parallel Aware": false,"Async Capable": false,"Scan Direction": "Forward","Index Name": "idx_lineitem_orderkey","Relation Name": "lineitem","Alias": "lineitem","Startup Cost": 0.43,"Total Cost": 4.61,"Plan Rows": 4,"Plan Width": 16,"Actual Startup Time": 0.010,"Actual Total Time": 0.012,"Actual Rows": 2,"Actual Loops": 57311,"Index Cond": "(l_orderkey = orders.o_orderkey)","Rows Removed by Index Recheck": 0,"Filter": "(l_returnflag = 'R'::bpchar)","Rows Removed by Filter": 2,"Workers": []}]},{"Node Type": "Hash","Parent Relationship": "Inner","Parallel Aware": true,"Async Capable": false,"Startup Cost": 4210.00,"Total Cost": 4210.00,"Plan Rows": 62500,"Plan Width": 148,"Actual Startup Time": 63.588,"Actual Total Time": 63.595,"Actual Rows": 37500,"Actual Loops": 4,"Hash Buckets": 262144,"Original Hash Buckets": 262144,"Hash Batches": 1,"Original Hash Batches": 1,"Peak Memory Usage": 29312,"Workers": [],"Plans": [{"Node Type": "Seq Scan","Parent Relationship": "Outer","Parallel Aware": true,"Async Capable": false,"Relation Name": "customer","Alias": "customer","Startup Cost": 0.00,"Total Cost": 4210.00,"Plan Rows": 62500,"Plan Width": 148,"Actual Startup Time": 0.027,"Actual Total Time": 28.105,"Actual Rows": 37500,"Actual Loops": 4,"Workers": []}]}]},{"Node Type": "Hash","Parent Relationship": "Inner","Parallel Aware": false,"Async Capable": false,"Startup Cost": 1.25,"Total Cost": 1.25,"Plan Rows": 25,"Plan Width": 108,"Actual Startup Time": 0.090,"Actual Total Time": 0.096,"Actual Rows": 25,"Actual Loops": 4,"Hash Buckets": 1024,"Original Hash Buckets": 1024,"Hash Batches": 1,"Original Hash Batches": 1,"Peak Memory Usage": 10,"Workers": [],"Plans": [{"Node Type": "Seq Scan","Parent Relationship": "Outer","Parallel Aware": false,"Async Capable": false,"Relation Name": "nation","Alias": "nation","Startup Cost": 0.00,"Total Cost": 1.25,"Plan Rows": 25,"Plan Width": 108,"Actual Startup Time": 0.060,"Actual Total Time": 0.066,"Actual Rows": 25,"Actual Loops": 4,"Workers": []}]}]}]}]}]},"Planning Time": 6.734,"Triggers": [],"Execution Time": 661.786}]
[{"Plan": {"Node Type": "Sort","Parallel Aware": false,"Async Capable": false,"Startup Cost": 130505.43,"Total Cost": 130645.60,"Plan Rows": 56065,"Plan Width": 280,"Actual Startup Time": 601.513,"Actual Total Time": 641.580,"Actual Rows": 37018,"Actual Loops": 1,"Sort Key": ["(sum((lineitem.l_extendedprice * ('1'::numeric - lineitem.l_discount)))) DESC"],"Sort Method": "quicksort","Sort Space Used": 9627,"Sort Space Type": "Memory","Plans": [{"Node Type": "Aggregate","Strategy": "Hashed","Partial Mode": "Simple","Parent Relationship": "Outer","Parallel Aware": false,"Async Capable": false,"Startup Cost": 125382.55,"Total Cost": 126083.36,"Plan Rows": 56065,"Plan Width": 280,"Actual Startup Time": 416.495,"Actual Total Time": 572.420,"Actual Rows": 37018,"Actual Loops": 1,"Group Key": ["customer.c_custkey", "nation.n_name"],"Planned Partitions": 0,"HashAgg Batches": 1,"Peak Memory Usage": 26129,"Disk Usage": 0,"Plans": [{"Node Type": "Gather","Parent Relationship": "Outer","Parallel Aware": false,"Async Capable": false,"Startup Cost": 6781.25,"Total Cost": 124681.73,"Plan Rows": 56065,"Plan Width": 260,"Actual Startup Time": 81.623,"Actual Total Time": 288.921,"Actual Rows": 110603,"Actual Loops": 1,"Workers Planned": 3,"Workers Launched": 3,"Single Copy": false,"Plans": [{"Node Type": "Hash Join","Parent Relationship": "Outer","Parallel Aware": false,"Async Capable": false,"Join Type": "Inner","Startup Cost": 5781.25,"Total Cost": 118075.23,"Plan Rows": 18085,"Plan Width": 260,"Actual Startup Time": 74.243,"Actual Total Time": 359.851,"Actual Rows": 27651,"Actual Loops": 4,"Inner Unique": true,"Hash Cond": "(customer.c_nationkey = nation.n_nationkey)","Workers": [],"Plans": [{"Node Type": "Hash Join","Parent Relationship": "Outer","Parallel Aware": true,"Async Capable": false,"Join Type": "Inner","Startup Cost": 5779.68,"Total Cost": 118018.16,"Plan Rows": 18085,"Plan Width": 160,"Actual Startup Time": 73.807,"Actual Total Time": 350.724,"Actual Rows": 27651,"Actual Loops": 4,"Inner Unique": true,"Hash Cond": "(orders.o_custkey = customer.c_custkey)","Workers": [],"Plans": [{"Node Type": "Nested Loop","Parent Relationship": "Outer","Parallel Aware": false,"Async Capable": false,"Join Type": "Inner","Startup Cost": 788.43,"Total Cost": 112979.43,"Plan Rows": 18085,"Plan Width": 16,"Actual Startup Time": 13.351,"Actual Total Time": 248.674,"Actual Rows": 27651,"Actual Loops": 4,"Inner Unique": false,"Workers": [],"Plans": [{"Node Type": "Bitmap Heap Scan","Parent Relationship": "Outer","Parallel Aware": true,"Async Capable": false,"Relation Name": "orders","Alias": "orders","Startup Cost": 788.00,"Total Cost": 27158.49,"Plan Rows": 18366,"Plan Width": 8,"Actual Startup Time": 13.297,"Actual Total Time": 70.614,"Actual Rows": 13866,"Actual Loops": 4,"Recheck Cond": "((o_orderdate >= '1994-02-01'::date) AND (o_orderdate < '1994-05-01 00:00:00'::timestamp without time zone))","Rows Removed by Index Recheck": 0,"Exact Heap Blocks": 3619,"Lossy Heap Blocks": 0,"Workers": [],"Plans": [{"Node Type": "Bitmap Index Scan","Parent Relationship": "Outer","Parallel Aware": false,"Async Capable": false,"Index Name": "idx_orders_orderdate","Startup Cost": 0.00,"Total Cost": 773.77,"Plan Rows": 56934,"Plan Width": 0,"Actual Startup Time": 10.157,"Actual Total Time": 10.161,"Actual Rows": 55462,"Actual Loops": 1,"Index Cond": "((o_orderdate >= '1994-02-01'::date) AND (o_orderdate < '1994-05-01 00:00:00'::timestamp without time zone))","Workers": []}]},{"Node Type": "Index Scan","Parent Relationship": "Inner","Parallel Aware": false,"Async Capable": false,"Scan Direction": "Forward","Index Name": "idx_lineitem_orderkey","Relation Name": "lineitem","Alias": "lineitem","Startup Cost": 0.43,"Total Cost": 4.63,"Plan Rows": 4,"Plan Width": 16,"Actual Startup Time": 0.010,"Actual Total Time": 0.012,"Actual Rows": 2,"Actual Loops": 55462,"Index Cond": "(l_orderkey = orders.o_orderkey)","Rows Removed by Index Recheck": 0,"Filter": "(l_returnflag = 'R'::bpchar)","Rows Removed by Filter": 2,"Workers": []}]},{"Node Type": "Hash","Parent Relationship": "Inner","Parallel Aware": true,"Async Capable": false,"Startup Cost": 4210.00,"Total Cost": 4210.00,"Plan Rows": 62500,"Plan Width": 148,"Actual Startup Time": 59.812,"Actual Total Time": 59.817,"Actual Rows": 37500,"Actual Loops": 4,"Hash Buckets": 262144,"Original Hash Buckets": 262144,"Hash Batches": 1,"Original Hash Batches": 1,"Peak Memory Usage": 29344,"Workers": [],"Plans": [{"Node Type": "Seq Scan","Parent Relationship": "Outer","Parallel Aware": true,"Async Capable": false,"Relation Name": "customer","Alias": "customer","Startup Cost": 0.00,"Total Cost": 4210.00,"Plan Rows": 62500,"Plan Width": 148,"Actual Startup Time": 0.038,"Actual Total Time": 25.477,"Actual Rows": 37500,"Actual Loops": 4,"Workers": []}]}]},{"Node Type": "Hash","Parent Relationship": "Inner","Parallel Aware": false,"Async Capable": false,"Startup Cost": 1.25,"Total Cost": 1.25,"Plan Rows": 25,"Plan Width": 108,"Actual Startup Time": 0.111,"Actual Total Time": 0.116,"Actual Rows": 25,"Actual Loops": 4,"Hash Buckets": 1024,"Original Hash Buckets": 1024,"Hash Batches": 1,"Original Hash Batches": 1,"Peak Memory Usage": 10,"Workers": [],"Plans": [{"Node Type": "Seq Scan","Parent Relationship": "Outer","Parallel Aware": false,"Async Capable": false,"Relation Name": "nation","Alias": "nation","Startup Cost": 0.00,"Total Cost": 1.25,"Plan Rows": 25,"Plan Width": 108,"Actual Startup Time": 0.071,"Actual Total Time": 0.077,"Actual Rows": 25,"Actual Loops": 4,"Workers": []}]}]}]}]}]},"Planning Time": 7.387,"Triggers": [],"Execution Time": 645.928}]
[{"Plan": {"Node Type": "Sort","Parallel Aware": false,"Async Capable": false,"Startup Cost": 135821.55,"Total Cost": 135971.77,"Plan Rows": 60088,"Plan Width": 280,"Actual Startup Time": 612.241,"Actual Total Time": 654.721,"Actual Rows": 38271,"Actual Loops": 1,"Sort Key": ["(sum((lineitem.l_extendedprice * ('1'::numeric - lineitem.l_discount)))) DESC"],"Sort Method": "quicksort","Sort Space Used": 9908,"Sort Space Type": "Memory","Plans": [{"Node Type": "Aggregate","Strategy": "Hashed","Partial Mode": "Simple","Parent Relationship": "Outer","Parallel Aware": false,"Async Capable": false,"Startup Cost": 130301.02,"Total Cost": 131052.12,"Plan Rows": 60088,"Plan Width": 280,"Actual Startup Time": 429.301,"Actual Total Time": 581.634,"Actual Rows": 38271,"Actual Loops": 1,"Group Key": ["customer.c_custkey", "nation.n_name"],"Planned Partitions": 0,"HashAgg Batches": 1,"Peak Memory Usage": 27665,"Disk Usage": 0,"Plans": [{"Node Type": "Gather","Parent Relationship": "Outer","Parallel Aware": false,"Async Capable": false,"Startup Cost": 6839.13,"Total Cost": 129549.92,"Plan Rows": 60088,"Plan Width": 260,"Actual Startup Time": 85.611,"Actual Total Time": 294.175,"Actual Rows": 115282,"Actual Loops": 1,"Workers Planned": 3,"Workers Launched": 3,"Single Copy": false,"Plans": [{"Node Type": "Hash Join","Parent Relationship": "Outer","Parallel Aware": false,"Async Capable": false,"Join Type": "Inner","Startup Cost": 5839.13,"Total Cost": 122541.12,"Plan Rows": 19383,"Plan Width": 260,"Actual Startup Time": 78.447,"Actual Total Time": 371.364,"Actual Rows": 28820,"Actual Loops": 4,"Inner Unique": true,"Hash Cond": "(customer.c_nationkey = nation.n_nationkey)","Workers": [],"Plans": [{"Node Type": "Hash Join","Parent Relationship": "Outer","Parallel Aware": true,"Async Capable": false,"Join Type": "Inner","Startup Cost": 5837.56,"Total Cost": 122480.06,"Plan Rows": 19383,"Plan Width": 160,"Actual Startup Time": 78.051,"Actual Total Time": 362.469,"Actual Rows": 28820,"Actual Loops": 4,"Inner Unique": true,"Hash Cond": "(orders.o_custkey = customer.c_custkey)","Workers": [],"Plans": [{"Node Type": "Nested Loop","Parent Relationship": "Outer","Parallel Aware": false,"Async Capable": false,"Join Type": "Inner","Startup Cost": 846.31,"Total Cost": 117437.93,"Plan Rows": 19383,"Plan Width": 16,"Actual Startup Time": 13.660,"Actual Total Time": 255.763,"Actual Rows": 28820,"Actual Loops": 4,"Inner Unique": false,"Workers": [],"Plans": [{"Node Type": "Bitmap Heap Scan","Parent Relationship": "Outer","Parallel Aware": true,"Async Capable": false,"Relation Name": "orders","Alias": "orders","Startup Cost": 845.88,"Total Cost": 27236.14,"Plan Rows": 19684,"Plan Width": 8,"Actual Startup Time": 13.594,"Actual Total Time": 71.334,"Actual Rows": 14421,"Actual Loops": 4,"Recheck Cond": "((o_orderdate >= '1994-11-01'::date) AND (o_orderdate < '1995-02-01 00:00:00'::timestamp without time zone))","Rows Removed by Index Recheck": 0,"Exact Heap Blocks": 3552,"Lossy Heap Blocks": 0,"Workers": [],"Plans": [{"Node Type": "Bitmap Index Scan","Parent Relationship": "Outer","Parallel Aware": false,"Async Capable": false,"Index Name": "idx_orders_orderdate","Startup Cost": 0.00,"Total Cost": 830.63,"Plan Rows": 61020,"Plan Width": 0,"Actual Startup Time": 10.499,"Actual Total Time": 10.499,"Actual Rows": 57683,"Actual Loops": 1,"Index Cond": "((o_orderdate >= '1994-11-01'::date) AND (o_orderdate < '1995-02-01 00:00:00'::timestamp without time zone))","Workers": []}]},{"Node Type": "Index Scan","Parent Relationship": "Inner","Parallel Aware": false,"Async Capable": false,"Scan Direction": "Forward","Index Name": "idx_lineitem_orderkey","Relation Name": "lineitem","Alias": "lineitem","Startup Cost": 0.43,"Total Cost": 4.54,"Plan Rows": 4,"Plan Width": 16,"Actual Startup Time": 0.010,"Actual Total Time": 0.012,"Actual Rows": 2,"Actual Loops": 57683,"Index Cond": "(l_orderkey = orders.o_orderkey)","Rows Removed by Index Recheck": 0,"Filter": "(l_returnflag = 'R'::bpchar)","Rows Removed by Filter": 2,"Workers": []}]},{"Node Type": "Hash","Parent Relationship": "Inner","Parallel Aware": true,"Async Capable": false,"Startup Cost": 4210.00,"Total Cost": 4210.00,"Plan Rows": 62500,"Plan Width": 148,"Actual Startup Time": 63.847,"Actual Total Time": 63.854,"Actual Rows": 37500,"Actual Loops": 4,"Hash Buckets": 262144,"Original Hash Buckets": 262144,"Hash Batches": 1,"Original Hash Batches": 1,"Peak Memory Usage": 29312,"Workers": [],"Plans": [{"Node Type": "Seq Scan","Parent Relationship": "Outer","Parallel Aware": true,"Async Capable": false,"Relation Name": "customer","Alias": "customer","Startup Cost": 0.00,"Total Cost": 4210.00,"Plan Rows": 62500,"Plan Width": 148,"Actual Startup Time": 0.028,"Actual Total Time": 27.532,"Actual Rows": 37500,"Actual Loops": 4,"Workers": []}]}]},{"Node Type": "Hash","Parent Relationship": "Inner","Parallel Aware": false,"Async Capable": false,"Startup Cost": 1.25,"Total Cost": 1.25,"Plan Rows": 25,"Plan Width": 108,"Actual Startup Time": 0.090,"Actual Total Time": 0.096,"Actual Rows": 25,"Actual Loops": 4,"Hash Buckets": 1024,"Original Hash Buckets": 1024,"Hash Batches": 1,"Original Hash Batches": 1,"Peak Memory Usage": 10,"Workers": [],"Plans": [{"Node Type": "Seq Scan","Parent Relationship": "Outer","Parallel Aware": false,"Async Capable": false,"Relation Name": "nation","Alias": "nation","Startup Cost": 0.00,"Total Cost": 1.25,"Plan Rows": 25,"Plan Width": 108,"Actual Startup Time": 0.058,"Actual Total Time": 0.065,"Actual Rows": 25,"Actual Loops": 4,"Workers": []}]}]}]}]}]},"Planning Time": 7.427,"Triggers": [],"Execution Time": 660.359}]
[{"Plan": {"Node Type": "Sort","Parallel Aware": false,"Async Capable": false,"Startup Cost": 132365.07,"Total Cost": 132508.74,"Plan Rows": 57466,"Plan Width": 280,"Actual Startup Time": 604.092,"Actual Total Time": 644.113,"Actual Rows": 37690,"Actual Loops": 1,"Sort Key": ["(sum((lineitem.l_extendedprice * ('1'::numeric - lineitem.l_discount)))) DESC"],"Sort Method": "quicksort","Sort Space Used": 9779,"Sort Space Type": "Memory","Plans": [{"Node Type": "Aggregate","Strategy": "Hashed","Partial Mode": "Simple","Parent Relationship": "Outer","Parallel Aware": false,"Async Capable": false,"Startup Cost": 127103.94,"Total Cost": 127822.26,"Plan Rows": 57466,"Plan Width": 280,"Actual Startup Time": 420.502,"Actual Total Time": 570.586,"Actual Rows": 37690,"Actual Loops": 1,"Group Key": ["customer.c_custkey", "nation.n_name"],"Planned Partitions": 0,"HashAgg Batches": 1,"Peak Memory Usage": 26129,"Disk Usage": 0,"Plans": [{"Node Type": "Gather","Parent Relationship": "Outer","Parallel Aware": false,"Async Capable": false,"Startup Cost": 6799.83,"Total Cost": 126385.61,"Plan Rows": 57466,"Plan Width": 260,"Actual Startup Time": 84.807,"Actual Total Time": 291.020,"Actual Rows": 113599,"Actual Loops": 1,"Workers Planned": 3,"Workers Launched": 3,"Single Copy": false,"Plans": [{"Node Type": "Hash Join","Parent Relationship": "Outer","Parallel Aware": false,"Async Capable": false,"Join Type": "Inner","Startup Cost": 5799.83,"Total Cost": 119639.01,"Plan Rows": 18537,"Plan Width": 260,"Actual Startup Time": 77.448,"Actual Total Time": 365.330,"Actual Rows": 28400,"Actual Loops": 4,"Inner Unique": true,"Hash Cond": "(customer.c_nationkey = nation.n_nationkey)","Workers": [],"Plans": [{"Node Type": "Hash Join","Parent Relationship": "Outer","Parallel Aware": true,"Async Capable": false,"Join Type": "Inner","Startup Cost": 5798.27,"Total Cost": 119580.55,"Plan Rows": 18537,"Plan Width": 160,"Actual Startup Time": 76.978,"Actual Total Time": 356.100,"Actual Rows": 28400,"Actual Loops": 4,"Inner Unique": true,"Hash Cond": "(orders.o_custkey = customer.c_custkey)","Workers": [],"Plans": [{"Node Type": "Nested Loop","Parent Relationship": "Outer","Parallel Aware": false,"Async Capable": false,"Join Type": "Inner","Startup Cost": 807.02,"Total Cost": 114540.64,"Plan Rows": 18537,"Plan Width": 16,"Actual Startup Time": 13.069,"Actual Total Time": 252.235,"Actual Rows": 28400,"Actual Loops": 4,"Inner Unique": false,"Workers": [],"Plans": [{"Node Type": "Bitmap Heap Scan","Parent Relationship": "Outer","Parallel Aware": true,"Async Capable": false,"Relation Name": "orders","Alias": "orders","Startup Cost": 806.59,"Total Cost": 27183.96,"Plan Rows": 18825,"Plan Width": 8,"Actual Startup Time": 13.002,"Actual Total Time": 70.665,"Actual Rows": 14161,"Actual Loops": 4,"Recheck Cond": "((o_orderdate >= '1994-04-01'::date) AND (o_orderdate < '1994-07-01 00:00:00'::timestamp without time zone))","Rows Removed by Index Recheck": 0,"Exact Heap Blocks": 3668,"Lossy Heap Blocks": 0,"Workers": [],"Plans": [{"Node Type": "Bitmap Index Scan","Parent Relationship": "Outer","Parallel Aware": false,"Async Capable": false,"Index Name": "idx_orders_orderdate","Startup Cost": 0.00,"Total Cost": 792.00,"Plan Rows": 58357,"Plan Width": 0,"Actual Startup Time": 9.907,"Actual Total Time": 9.915,"Actual Rows": 56645,"Actual Loops": 1,"Index Cond": "((o_orderdate >= '1994-04-01'::date) AND (o_orderdate < '1994-07-01 00:00:00'::timestamp without time zone))","Workers": []}]},{"Node Type": "Index Scan","Parent Relationship": "Inner","Parallel Aware": false,"Async Capable": false,"Scan Direction": "Forward","Index Name": "idx_lineitem_orderkey","Relation Name": "lineitem","Alias": "lineitem","Startup Cost": 0.43,"Total Cost": 4.60,"Plan Rows": 4,"Plan Width": 16,"Actual Startup Time": 0.010,"Actual Total Time": 0.012,"Actual Rows": 2,"Actual Loops": 56645,"Index Cond": "(l_orderkey = orders.o_orderkey)","Rows Removed by Index Recheck": 0,"Filter": "(l_returnflag = 'R'::bpchar)","Rows Removed by Filter": 2,"Workers": []}]},{"Node Type": "Hash","Parent Relationship": "Inner","Parallel Aware": true,"Async Capable": false,"Startup Cost": 4210.00,"Total Cost": 4210.00,"Plan Rows": 62500,"Plan Width": 148,"Actual Startup Time": 63.332,"Actual Total Time": 63.338,"Actual Rows": 37500,"Actual Loops": 4,"Hash Buckets": 262144,"Original Hash Buckets": 262144,"Hash Batches": 1,"Original Hash Batches": 1,"Peak Memory Usage": 29344,"Workers": [],"Plans": [{"Node Type": "Seq Scan","Parent Relationship": "Outer","Parallel Aware": true,"Async Capable": false,"Relation Name": "customer","Alias": "customer","Startup Cost": 0.00,"Total Cost": 4210.00,"Plan Rows": 62500,"Plan Width": 148,"Actual Startup Time": 0.025,"Actual Total Time": 28.533,"Actual Rows": 37500,"Actual Loops": 4,"Workers": []}]}]},{"Node Type": "Hash","Parent Relationship": "Inner","Parallel Aware": false,"Async Capable": false,"Startup Cost": 1.25,"Total Cost": 1.25,"Plan Rows": 25,"Plan Width": 108,"Actual Startup Time": 0.107,"Actual Total Time": 0.110,"Actual Rows": 25,"Actual Loops": 4,"Hash Buckets": 1024,"Original Hash Buckets": 1024,"Hash Batches": 1,"Original Hash Batches": 1,"Peak Memory Usage": 10,"Workers": [],"Plans": [{"Node Type": "Seq Scan","Parent Relationship": "Outer","Parallel Aware": false,"Async Capable": false,"Relation Name": "nation","Alias": "nation","Startup Cost": 0.00,"Total Cost": 1.25,"Plan Rows": 25,"Plan Width": 108,"Actual Startup Time": 0.074,"Actual Total Time": 0.080,"Actual Rows": 25,"Actual Loops": 4,"Workers": []}]}]}]}]}]},"Planning Time": 6.317,"Triggers": [],"Execution Time": 648.403}]
[{"Plan": {"Node Type": "Sort","Parallel Aware": false,"Async Capable": false,"Startup Cost": 130975.09,"Total Cost": 131116.14,"Plan Rows": 56420,"Plan Width": 280,"Actual Startup Time": 559.129,"Actual Total Time": 601.162,"Actual Rows": 37859,"Actual Loops": 1,"Sort Key": ["(sum((lineitem.l_extendedprice * ('1'::numeric - lineitem.l_discount)))) DESC"],"Sort Method": "quicksort","Sort Space Used": 9818,"Sort Space Type": "Memory","Plans": [{"Node Type": "Aggregate","Strategy": "Hashed","Partial Mode": "Simple","Parent Relationship": "Outer","Parallel Aware": false,"Async Capable": false,"Startup Cost": 125817.20,"Total Cost": 126522.45,"Plan Rows": 56420,"Plan Width": 280,"Actual Startup Time": 383.531,"Actual Total Time": 530.212,"Actual Rows": 37859,"Actual Loops": 1,"Group Key": ["customer.c_custkey", "nation.n_name"],"Planned Partitions": 0,"HashAgg Batches": 1,"Peak Memory Usage": 26129,"Disk Usage": 0,"Plans": [{"Node Type": "Gather","Parent Relationship": "Outer","Parallel Aware": false,"Async Capable": false,"Startup Cost": 6784.95,"Total Cost": 125111.95,"Plan Rows": 56420,"Plan Width": 260,"Actual Startup Time": 70.081,"Actual Total Time": 265.015,"Actual Rows": 114028,"Actual Loops": 1,"Workers Planned": 3,"Workers Launched": 3,"Single Copy": false,"Plans": [{"Node Type": "Hash Join","Parent Relationship": "Outer","Parallel Aware": false,"Async Capable": false,"Join Type": "Inner","Startup Cost": 5784.95,"Total Cost": 118469.95,"Plan Rows": 18200,"Plan Width": 260,"Actual Startup Time": 62.841,"Actual Total Time": 330.296,"Actual Rows": 28507,"Actual Loops": 4,"Inner Unique": true,"Hash Cond": "(customer.c_nationkey = nation.n_nationkey)","Workers": [],"Plans": [{"Node Type": "Hash Join","Parent Relationship": "Outer","Parallel Aware": true,"Async Capable": false,"Join Type": "Inner","Startup Cost": 5783.38,"Total Cost": 118412.51,"Plan Rows": 18200,"Plan Width": 160,"Actual Startup Time": 62.430,"Actual Total Time": 322.490,"Actual Rows": 28507,"Actual Loops": 4,"Inner Unique": true,"Hash Cond": "(orders.o_custkey = customer.c_custkey)","Workers": [],"Plans": [{"Node Type": "Nested Loop","Parent Relationship": "Outer","Parallel Aware": false,"Async Capable": false,"Join Type": "Inner","Startup Cost": 792.13,"Total Cost": 113373.49,"Plan Rows": 18200,"Plan Width": 16,"Actual Startup Time": 13.021,"Actual Total Time": 238.266,"Actual Rows": 28507,"Actual Loops": 4,"Inner Unique": false,"Workers": [],"Plans": [{"Node Type": "Bitmap Heap Scan","Parent Relationship": "Outer","Parallel Aware": true,"Async Capable": false,"Relation Name": "orders","Alias": "orders","Startup Cost": 791.70,"Total Cost": 27163.94,"Plan Rows": 18482,"Plan Width": 8,"Actual Startup Time": 12.954,"Actual Total Time": 66.534,"Actual Rows": 14234,"Actual Loops": 4,"Recheck Cond": "((o_orderdate >= '1993-03-01'::date) AND (o_orderdate < '1993-06-01 00:00:00'::timestamp without time zone))","Rows Removed by Index Recheck": 0,"Exact Heap Blocks": 3517,"Lossy Heap Blocks": 0,"Workers": [],"Plans": [{"Node Type": "Bitmap Index Scan","Parent Relationship": "Outer","Parallel Aware": false,"Async Capable": false,"Index Name": "idx_orders_orderdate","Startup Cost": 0.00,"Total Cost": 777.38,"Plan Rows": 57295,"Plan Width": 0,"Actual Startup Time": 9.836,"Actual Total Time": 9.842,"Actual Rows": 56934,"Actual Loops": 1,"Index Cond": "((o_orderdate >= '1993-03-01'::date) AND (o_orderdate < '1993-06-01 00:00:00'::timestamp without time zone))","Workers": []}]},{"Node Type": "Index Scan","Parent Relationship": "Inner","Parallel Aware": false,"Async Capable": false,"Scan Direction": "Forward","Index Name": "idx_lineitem_orderkey","Relation Name": "lineitem","Alias": "lineitem","Startup Cost": 0.43,"Total Cost": 4.62,"Plan Rows": 4,"Plan Width": 16,"Actual Startup Time": 0.010,"Actual Total Time": 0.012,"Actual Rows": 2,"Actual Loops": 56934,"Index Cond": "(l_orderkey = orders.o_orderkey)","Rows Removed by Index Recheck": 0,"Filter": "(l_returnflag = 'R'::bpchar)","Rows Removed by Filter": 2,"Workers": []}]},{"Node Type": "Hash","Parent Relationship": "Inner","Parallel Aware": true,"Async Capable": false,"Startup Cost": 4210.00,"Total Cost": 4210.00,"Plan Rows": 62500,"Plan Width": 148,"Actual Startup Time": 48.797,"Actual Total Time": 48.806,"Actual Rows": 37500,"Actual Loops": 4,"Hash Buckets": 262144,"Original Hash Buckets": 262144,"Hash Batches": 1,"Original Hash Batches": 1,"Peak Memory Usage": 29344,"Workers": [],"Plans": [{"Node Type": "Seq Scan","Parent Relationship": "Outer","Parallel Aware": true,"Async Capable": false,"Relation Name": "customer","Alias": "customer","Startup Cost": 0.00,"Total Cost": 4210.00,"Plan Rows": 62500,"Plan Width": 148,"Actual Startup Time": 0.027,"Actual Total Time": 20.617,"Actual Rows": 37500,"Actual Loops": 4,"Workers": []}]}]},{"Node Type": "Hash","Parent Relationship": "Inner","Parallel Aware": false,"Async Capable": false,"Startup Cost": 1.25,"Total Cost": 1.25,"Plan Rows": 25,"Plan Width": 108,"Actual Startup Time": 0.102,"Actual Total Time": 0.108,"Actual Rows": 25,"Actual Loops": 4,"Hash Buckets": 1024,"Original Hash Buckets": 1024,"Hash Batches": 1,"Original Hash Batches": 1,"Peak Memory Usage": 10,"Workers": [],"Plans": [{"Node Type": "Seq Scan","Parent Relationship": "Outer","Parallel Aware": false,"Async Capable": false,"Relation Name": "nation","Alias": "nation","Startup Cost": 0.00,"Total Cost": 1.25,"Plan Rows": 25,"Plan Width": 108,"Actual Startup Time": 0.068,"Actual Total Time": 0.076,"Actual Rows": 25,"Actual Loops": 4,"Workers": []}]}]}]}]}]},"Planning Time": 7.017,"Triggers": [],"Execution Time": 606.974}]
[{"Plan": {"Node Type": "Sort","Parallel Aware": false,"Async Capable": false,"Startup Cost": 132166.82,"Total Cost": 132310.11,"Plan Rows": 57318,"Plan Width": 280,"Actual Startup Time": 590.000,"Actual Total Time": 630.537,"Actual Rows": 37972,"Actual Loops": 1,"Sort Key": ["(sum((lineitem.l_extendedprice * ('1'::numeric - lineitem.l_discount)))) DESC"],"Sort Method": "quicksort","Sort Space Used": 9843,"Sort Space Type": "Memory","Plans": [{"Node Type": "Aggregate","Strategy": "Hashed","Partial Mode": "Simple","Parent Relationship": "Outer","Parallel Aware": false,"Async Capable": false,"Startup Cost": 126920.30,"Total Cost": 127636.77,"Plan Rows": 57318,"Plan Width": 280,"Actual Startup Time": 413.108,"Actual Total Time": 556.129,"Actual Rows": 37972,"Actual Loops": 1,"Group Key": ["customer.c_custkey", "nation.n_name"],"Planned Partitions": 0,"HashAgg Batches": 1,"Peak Memory Usage": 26129,"Disk Usage": 0,"Plans": [{"Node Type": "Gather","Parent Relationship": "Outer","Parallel Aware": false,"Async Capable": false,"Startup Cost": 6798.29,"Total Cost": 126203.82,"Plan Rows": 57318,"Plan Width": 260,"Actual Startup Time": 77.619,"Actual Total Time": 286.194,"Actual Rows": 114459,"Actual Loops": 1,"Workers Planned": 3,"Workers Launched": 3,"Single Copy": false,"Plans": [{"Node Type": "Hash Join","Parent Relationship": "Outer","Parallel Aware": false,"Async Capable": false,"Join Type": "Inner","Startup Cost": 5798.29,"Total Cost": 119472.02,"Plan Rows": 18490,"Plan Width": 260,"Actual Startup Time": 70.122,"Actual Total Time": 358.029,"Actual Rows": 28615,"Actual Loops": 4,"Inner Unique": true,"Hash Cond": "(customer.c_nationkey = nation.n_nationkey)","Workers": [],"Plans": [{"Node Type": "Hash Join","Parent Relationship": "Outer","Parallel Aware": true,"Async Capable": false,"Join Type": "Inner","Startup Cost": 5796.73,"Total Cost": 119413.69,"Plan Rows": 18490,"Plan Width": 160,"Actual Startup Time": 69.815,"Actual Total Time": 349.575,"Actual Rows": 28615,"Actual Loops": 4,"Inner Unique": true,"Hash Cond": "(orders.o_custkey = customer.c_custkey)","Workers": [],"Plans": [{"Node Type": "Nested Loop","Parent Relationship": "Outer","Parallel Aware": false,"Async Capable": false,"Join Type": "Inner","Startup Cost": 805.48,"Total Cost": 114373.91,"Plan Rows": 18490,"Plan Width": 16,"Actual Startup Time": 13.081,"Actual Total Time": 249.954,"Actual Rows": 28615,"Actual Loops": 4,"Inner Unique": false,"Workers": [],"Plans": [{"Node Type": "Bitmap Heap Scan","Parent Relationship": "Outer","Parallel Aware": true,"Async Capable": false,"Relation Name": "orders","Alias": "orders","Startup Cost": 805.05,"Total Cost": 27181.70,"Plan Rows": 18776,"Plan Width": 8,"Actual Startup Time": 13.019,"Actual Total Time": 71.418,"Actual Rows": 14305,"Actual Loops": 4,"Recheck Cond": "((o_orderdate >= '1994-10-01'::date) AND (o_orderdate < '1995-01-01 00:00:00'::timestamp without time zone))","Rows Removed by Index Recheck": 0,"Exact Heap Blocks": 3518,"Lossy Heap Blocks": 0,"Workers": [],"Plans": [{"Node Type": "Bitmap Index Scan","Parent Relationship": "Outer","Parallel Aware": false,"Async Capable": false,"Index Name": "idx_orders_orderdate","Startup Cost": 0.00,"Total Cost": 790.50,"Plan Rows": 58207,"Plan Width": 0,"Actual Startup Time": 9.954,"Actual Total Time": 9.955,"Actual Rows": 57219,"Actual Loops": 1,"Index Cond": "((o_orderdate >= '1994-10-01'::date) AND (o_orderdate < '1995-01-01 00:00:00'::timestamp without time zone))","Workers": []}]},{"Node Type": "Index Scan","Parent Relationship": "Inner","Parallel Aware": false,"Async Capable": false,"Scan Direction": "Forward","Index Name": "idx_lineitem_orderkey","Relation Name": "lineitem","Alias": "lineitem","Startup Cost": 0.43,"Total Cost": 4.60,"Plan Rows": 4,"Plan Width": 16,"Actual Startup Time": 0.010,"Actual Total Time": 0.012,"Actual Rows": 2,"Actual Loops": 57219,"Index Cond": "(l_orderkey = orders.o_orderkey)","Rows Removed by Index Recheck": 0,"Filter": "(l_returnflag = 'R'::bpchar)","Rows Removed by Filter": 2,"Workers": []}]},{"Node Type": "Hash","Parent Relationship": "Inner","Parallel Aware": true,"Async Capable": false,"Startup Cost": 4210.00,"Total Cost": 4210.00,"Plan Rows": 62500,"Plan Width": 148,"Actual Startup Time": 56.184,"Actual Total Time": 56.192,"Actual Rows": 37500,"Actual Loops": 4,"Hash Buckets": 262144,"Original Hash Buckets": 262144,"Hash Batches": 1,"Original Hash Batches": 1,"Peak Memory Usage": 29344,"Workers": [],"Plans": [{"Node Type": "Seq Scan","Parent Relationship": "Outer","Parallel Aware": true,"Async Capable": false,"Relation Name": "customer","Alias": "customer","Startup Cost": 0.00,"Total Cost": 4210.00,"Plan Rows": 62500,"Plan Width": 148,"Actual Startup Time": 0.017,"Actual Total Time": 25.696,"Actual Rows": 37500,"Actual Loops": 4,"Workers": []}]}]},{"Node Type": "Hash","Parent Relationship": "Inner","Parallel Aware": false,"Async Capable": false,"Startup Cost": 1.25,"Total Cost": 1.25,"Plan Rows": 25,"Plan Width": 108,"Actual Startup Time": 0.071,"Actual Total Time": 0.075,"Actual Rows": 25,"Actual Loops": 4,"Hash Buckets": 1024,"Original Hash Buckets": 1024,"Hash Batches": 1,"Original Hash Batches": 1,"Peak Memory Usage": 10,"Workers": [],"Plans": [{"Node Type": "Seq Scan","Parent Relationship": "Outer","Parallel Aware": false,"Async Capable": false,"Relation Name": "nation","Alias": "nation","Startup Cost": 0.00,"Total Cost": 1.25,"Plan Rows": 25,"Plan Width": 108,"Actual Startup Time": 0.050,"Actual Total Time": 0.053,"Actual Rows": 25,"Actual Loops": 4,"Workers": []}]}]}]}]}]},"Planning Time": 7.724,"Triggers": [],"Execution Time": 636.921}]
[{"Plan": {"Node Type": "Sort","Parallel Aware": false,"Async Capable": false,"Startup Cost": 131436.35,"Total Cost": 131578.26,"Plan Rows": 56763,"Plan Width": 280,"Actual Startup Time": 596.282,"Actual Total Time": 636.846,"Actual Rows": 38114,"Actual Loops": 1,"Sort Key": ["(sum((lineitem.l_extendedprice * ('1'::numeric - lineitem.l_discount)))) DESC"],"Sort Method": "quicksort","Sort Space Used": 9872,"Sort Space Type": "Memory","Plans": [{"Node Type": "Aggregate","Strategy": "Hashed","Partial Mode": "Simple","Parent Relationship": "Outer","Parallel Aware": false,"Async Capable": false,"Startup Cost": 126244.62,"Total Cost": 126954.16,"Plan Rows": 56763,"Plan Width": 280,"Actual Startup Time": 413.428,"Actual Total Time": 560.180,"Actual Rows": 38114,"Actual Loops": 1,"Group Key": ["customer.c_custkey", "nation.n_name"],"Planned Partitions": 0,"HashAgg Batches": 1,"Peak Memory Usage": 26129,"Disk Usage": 0,"Plans": [{"Node Type": "Gather","Parent Relationship": "Outer","Parallel Aware": false,"Async Capable": false,"Startup Cost": 6792.51,"Total Cost": 125535.08,"Plan Rows": 56763,"Plan Width": 260,"Actual Startup Time": 80.448,"Actual Total Time": 288.766,"Actual Rows": 115292,"Actual Loops": 1,"Workers Planned": 3,"Workers Launched": 3,"Single Copy": false,"Plans": [{"Node Type": "Hash Join","Parent Relationship": "Outer","Parallel Aware": false,"Async Capable": false,"Join Type": "Inner","Startup Cost": 5792.51,"Total Cost": 118858.78,"Plan Rows": 18311,"Plan Width": 260,"Actual Startup Time": 72.950,"Actual Total Time": 358.700,"Actual Rows": 28823,"Actual Loops": 4,"Inner Unique": true,"Hash Cond": "(customer.c_nationkey = nation.n_nationkey)","Workers": [],"Plans": [{"Node Type": "Hash Join","Parent Relationship": "Outer","Parallel Aware": true,"Async Capable": false,"Join Type": "Inner","Startup Cost": 5790.95,"Total Cost": 118801.01,"Plan Rows": 18311,"Plan Width": 160,"Actual Startup Time": 72.543,"Actual Total Time": 350.000,"Actual Rows": 28823,"Actual Loops": 4,"Inner Unique": true,"Hash Cond": "(orders.o_custkey = customer.c_custkey)","Workers": [],"Plans": [{"Node Type": "Nested Loop","Parent Relationship": "Outer","Parallel Aware": false,"Async Capable": false,"Join Type": "Inner","Startup Cost": 799.70,"Total Cost": 113761.69,"Plan Rows": 18311,"Plan Width": 16,"Actual Startup Time": 13.260,"Actual Total Time": 248.922,"Actual Rows": 28823,"Actual Loops": 4,"Inner Unique": false,"Workers": [],"Plans": [{"Node Type": "Bitmap Heap Scan","Parent Relationship": "Outer","Parallel Aware": true,"Async Capable": false,"Relation Name": "orders","Alias": "orders","Startup Cost": 799.27,"Total Cost": 27173.19,"Plan Rows": 18595,"Plan Width": 8,"Actual Startup Time": 13.182,"Actual Total Time": 70.570,"Actual Rows": 14333,"Actual Loops": 4,"Recheck Cond": "((o_orderdate >= '1993-11-01'::date) AND (o_orderdate < '1994-02-01 00:00:00'::timestamp without time zone))","Rows Removed by Index Recheck": 0,"Exact Heap Blocks": 3544,"Lossy Heap Blocks": 0,"Workers": [],"Plans": [{"Node Type": "Bitmap Index Scan","Parent Relationship": "Outer","Parallel Aware": false,"Async Capable": false,"Index Name": "idx_orders_orderdate","Startup Cost": 0.00,"Total Cost": 784.86,"Plan Rows": 57643,"Plan Width": 0,"Actual Startup Time": 10.101,"Actual Total Time": 10.105,"Actual Rows": 57332,"Actual Loops": 1,"Index Cond": "((o_orderdate >= '1993-11-01'::date) AND (o_orderdate < '1994-02-01 00:00:00'::timestamp without time zone))","Workers": []}]},{"Node Type": "Index Scan","Parent Relationship": "Inner","Parallel Aware": false,"Async Capable": false,"Scan Direction": "Forward","Index Name": "idx_lineitem_orderkey","Relation Name": "lineitem","Alias": "lineitem","Startup Cost": 0.43,"Total Cost": 4.62,"Plan Rows": 4,"Plan Width": 16,"Actual Startup Time": 0.010,"Actual Total Time": 0.012,"Actual Rows": 2,"Actual Loops": 57332,"Index Cond": "(l_orderkey = orders.o_orderkey)","Rows Removed by Index Recheck": 0,"Filter": "(l_returnflag = 'R'::bpchar)","Rows Removed by Filter": 2,"Workers": []}]},{"Node Type": "Hash","Parent Relationship": "Inner","Parallel Aware": true,"Async Capable": false,"Startup Cost": 4210.00,"Total Cost": 4210.00,"Plan Rows": 62500,"Plan Width": 148,"Actual Startup Time": 58.656,"Actual Total Time": 58.664,"Actual Rows": 37500,"Actual Loops": 4,"Hash Buckets": 262144,"Original Hash Buckets": 262144,"Hash Batches": 1,"Original Hash Batches": 1,"Peak Memory Usage": 29312,"Workers": [],"Plans": [{"Node Type": "Seq Scan","Parent Relationship": "Outer","Parallel Aware": true,"Async Capable": false,"Relation Name": "customer","Alias": "customer","Startup Cost": 0.00,"Total Cost": 4210.00,"Plan Rows": 62500,"Plan Width": 148,"Actual Startup Time": 0.024,"Actual Total Time": 26.516,"Actual Rows": 37500,"Actual Loops": 4,"Workers": []}]}]},{"Node Type": "Hash","Parent Relationship": "Inner","Parallel Aware": false,"Async Capable": false,"Startup Cost": 1.25,"Total Cost": 1.25,"Plan Rows": 25,"Plan Width": 108,"Actual Startup Time": 0.099,"Actual Total Time": 0.104,"Actual Rows": 25,"Actual Loops": 4,"Hash Buckets": 1024,"Original Hash Buckets": 1024,"Hash Batches": 1,"Original Hash Batches": 1,"Peak Memory Usage": 10,"Workers": [],"Plans": [{"Node Type": "Seq Scan","Parent Relationship": "Outer","Parallel Aware": false,"Async Capable": false,"Relation Name": "nation","Alias": "nation","Startup Cost": 0.00,"Total Cost": 1.25,"Plan Rows": 25,"Plan Width": 108,"Actual Startup Time": 0.069,"Actual Total Time": 0.076,"Actual Rows": 25,"Actual Loops": 4,"Workers": []}]}]}]}]}]},"Planning Time": 7.017,"Triggers": [],"Execution Time": 642.875}]
[{"Plan": {"Node Type": "Sort","Parallel Aware": false,"Async Capable": false,"Startup Cost": 129819.00,"Total Cost": 129957.88,"Plan Rows": 55552,"Plan Width": 280,"Actual Startup Time": 608.281,"Actual Total Time": 648.391,"Actual Rows": 37948,"Actual Loops": 1,"Sort Key": ["(sum((lineitem.l_extendedprice * ('1'::numeric - lineitem.l_discount)))) DESC"],"Sort Method": "quicksort","Sort Space Used": 9840,"Sort Space Type": "Memory","Plans": [{"Node Type": "Aggregate","Strategy": "Hashed","Partial Mode": "Simple","Parent Relationship": "Outer","Parallel Aware": false,"Async Capable": false,"Startup Cost": 124746.67,"Total Cost": 125441.07,"Plan Rows": 55552,"Plan Width": 280,"Actual Startup Time": 419.818,"Actual Total Time": 574.956,"Actual Rows": 37948,"Actual Loops": 1,"Group Key": ["customer.c_custkey", "nation.n_name"],"Planned Partitions": 0,"HashAgg Batches": 1,"Peak Memory Usage": 26129,"Disk Usage": 0,"Plans": [{"Node Type": "Gather","Parent Relationship": "Outer","Parallel Aware": false,"Async Capable": false,"Startup Cost": 6771.91,"Total Cost": 124052.27,"Plan Rows": 55552,"Plan Width": 260,"Actual Startup Time": 82.501,"Actual Total Time": 287.884,"Actual Rows": 114775,"Actual Loops": 1,"Workers Planned": 3,"Workers Launched": 3,"Single Copy": false,"Plans": [{"Node Type": "Hash Join","Parent Relationship": "Outer","Parallel Aware": false,"Async Capable": false,"Join Type": "Inner","Startup Cost": 5771.91,"Total Cost": 117497.07,"Plan Rows": 17920,"Plan Width": 260,"Actual Startup Time": 75.276,"Actual Total Time": 362.951,"Actual Rows": 28694,"Actual Loops": 4,"Inner Unique": true,"Hash Cond": "(customer.c_nationkey = nation.n_nationkey)","Workers": [],"Plans": [{"Node Type": "Hash Join","Parent Relationship": "Outer","Parallel Aware": true,"Async Capable": false,"Join Type": "Inner","Startup Cost": 5770.34,"Total Cost": 117440.49,"Plan Rows": 17920,"Plan Width": 160,"Actual Startup Time": 74.883,"Actual Total Time": 354.260,"Actual Rows": 28694,"Actual Loops": 4,"Inner Unique": true,"Hash Cond": "(orders.o_custkey = customer.c_custkey)","Workers": [],"Plans": [{"Node Type": "Nested Loop","Parent Relationship": "Outer","Parallel Aware": false,"Async Capable": false,"Join Type": "Inner","Startup Cost": 779.09,"Total Cost": 112402.20,"Plan Rows": 17920,"Plan Width": 16,"Actual Startup Time": 13.340,"Actual Total Time": 252.834,"Actual Rows": 28694,"Actual Loops": 4,"Inner Unique": false,"Workers": [],"Plans": [{"Node Type": "Bitmap Heap Scan","Parent Relationship": "Outer","Parallel Aware": true,"Async Capable": false,"Relation Name": "orders","Alias": "orders","Startup Cost": 778.66,"Total Cost": 27146.63,"Plan Rows": 18198,"Plan Width": 8,"Actual Startup Time": 13.279,"Actual Total Time": 70.699,"Actual Rows": 14304,"Actual Loops": 4,"Recheck Cond": "((o_orderdate >= '1993-07-01'::date) AND (o_orderdate < '1993-10-01 00:00:00'::timestamp without time zone))","Rows Removed by Index Recheck": 0,"Exact Heap Blocks": 3636,"Lossy Heap Blocks": 0,"Workers": [],"Plans": [{"Node Type": "Bitmap Index Scan","Parent Relationship": "Outer","Parallel Aware": false,"Async Capable": false,"Index Name": "idx_orders_orderdate","Startup Cost": 0.00,"Total Cost": 764.56,"Plan Rows": 56413,"Plan Width": 0,"Actual Startup Time": 10.131,"Actual Total Time": 10.133,"Actual Rows": 57218,"Actual Loops": 1,"Index Cond": "((o_orderdate >= '1993-07-01'::date) AND (o_orderdate < '1993-10-01 00:00:00'::timestamp without time zone))","Workers": []}]},{"Node Type": "Index Scan","Parent Relationship": "Inner","Parallel Aware": false,"Async Capable": false,"Scan Direction": "Forward","Index Name": "idx_lineitem_orderkey","Relation Name": "lineitem","Alias": "lineitem","Startup Cost": 0.43,"Total Cost": 4.64,"Plan Rows": 4,"Plan Width": 16,"Actual Startup Time": 0.010,"Actual Total Time": 0.012,"Actual Rows": 2,"Actual Loops": 57218,"Index Cond": "(l_orderkey = orders.o_orderkey)","Rows Removed by Index Recheck": 0,"Filter": "(l_returnflag = 'R'::bpchar)","Rows Removed by Filter": 2,"Workers": []}]},{"Node Type": "Hash","Parent Relationship": "Inner","Parallel Aware": true,"Async Capable": false,"Startup Cost": 4210.00,"Total Cost": 4210.00,"Plan Rows": 62500,"Plan Width": 148,"Actual Startup Time": 60.976,"Actual Total Time": 60.983,"Actual Rows": 37500,"Actual Loops": 4,"Hash Buckets": 262144,"Original Hash Buckets": 262144,"Hash Batches": 1,"Original Hash Batches": 1,"Peak Memory Usage": 29344,"Workers": [],"Plans": [{"Node Type": "Seq Scan","Parent Relationship": "Outer","Parallel Aware": true,"Async Capable": false,"Relation Name": "customer","Alias": "customer","Startup Cost": 0.00,"Total Cost": 4210.00,"Plan Rows": 62500,"Plan Width": 148,"Actual Startup Time": 0.026,"Actual Total Time": 27.898,"Actual Rows": 37500,"Actual Loops": 4,"Workers": []}]}]},{"Node Type": "Hash","Parent Relationship": "Inner","Parallel Aware": false,"Async Capable": false,"Startup Cost": 1.25,"Total Cost": 1.25,"Plan Rows": 25,"Plan Width": 108,"Actual Startup Time": 0.100,"Actual Total Time": 0.105,"Actual Rows": 25,"Actual Loops": 4,"Hash Buckets": 1024,"Original Hash Buckets": 1024,"Hash Batches": 1,"Original Hash Batches": 1,"Peak Memory Usage": 10,"Workers": [],"Plans": [{"Node Type": "Seq Scan","Parent Relationship": "Outer","Parallel Aware": false,"Async Capable": false,"Relation Name": "nation","Alias": "nation","Startup Cost": 0.00,"Total Cost": 1.25,"Plan Rows": 25,"Plan Width": 108,"Actual Startup Time": 0.065,"Actual Total Time": 0.072,"Actual Rows": 25,"Actual Loops": 4,"Workers": []}]}]}]}]}]},"Planning Time": 6.175,"Triggers": [],"Execution Time": 652.968}]
[{"Plan": {"Node Type": "Sort","Parallel Aware": false,"Async Capable": false,"Startup Cost": 129285.16,"Total Cost": 129423.04,"Plan Rows": 55152,"Plan Width": 280,"Actual Startup Time": 594.195,"Actual Total Time": 635.058,"Actual Rows": 37857,"Actual Loops": 1,"Sort Key": ["(sum((lineitem.l_extendedprice * ('1'::numeric - lineitem.l_discount)))) DESC"],"Sort Method": "quicksort","Sort Space Used": 9823,"Sort Space Type": "Memory","Plans": [{"Node Type": "Aggregate","Strategy": "Hashed","Partial Mode": "Simple","Parent Relationship": "Outer","Parallel Aware": false,"Async Capable": false,"Startup Cost": 124252.23,"Total Cost": 124941.63,"Plan Rows": 55152,"Plan Width": 280,"Actual Startup Time": 414.188,"Actual Total Time": 557.916,"Actual Rows": 37857,"Actual Loops": 1,"Group Key": ["customer.c_custkey", "nation.n_name"],"Planned Partitions": 0,"HashAgg Batches": 1,"Peak Memory Usage": 26129,"Disk Usage": 0,"Plans": [{"Node Type": "Gather","Parent Relationship": "Outer","Parallel Aware": false,"Async Capable": false,"Startup Cost": 6767.74,"Total Cost": 123562.83,"Plan Rows": 55152,"Plan Width": 260,"Actual Startup Time": 77.793,"Actual Total Time": 289.359,"Actual Rows": 114326,"Actual Loops": 1,"Workers Planned": 3,"Workers Launched": 3,"Single Copy": false,"Plans": [{"Node Type": "Hash Join","Parent Relationship": "Outer","Parallel Aware": false,"Async Capable": false,"Join Type": "Inner","Startup Cost": 5767.74,"Total Cost": 117047.63,"Plan Rows": 17791,"Plan Width": 260,"Actual Startup Time": 70.168,"Actual Total Time": 358.948,"Actual Rows": 28582,"Actual Loops": 4,"Inner Unique": true,"Hash Cond": "(customer.c_nationkey = nation.n_nationkey)","Workers": [],"Plans": [{"Node Type": "Hash Join","Parent Relationship": "Outer","Parallel Aware": true,"Async Capable": false,"Join Type": "Inner","Startup Cost": 5766.18,"Total Cost": 116991.45,"Plan Rows": 17791,"Plan Width": 160,"Actual Startup Time": 69.698,"Actual Total Time": 349.487,"Actual Rows": 28582,"Actual Loops": 4,"Inner Unique": true,"Hash Cond": "(orders.o_custkey = customer.c_custkey)","Workers": [],"Plans": [{"Node Type": "Nested Loop","Parent Relationship": "Outer","Parallel Aware": false,"Async Capable": false,"Join Type": "Inner","Startup Cost": 774.93,"Total Cost": 111953.49,"Plan Rows": 17791,"Plan Width": 16,"Actual Startup Time": 12.978,"Actual Total Time": 249.911,"Actual Rows": 28582,"Actual Loops": 4,"Inner Unique": false,"Workers": [],"Plans": [{"Node Type": "Bitmap Heap Scan","Parent Relationship": "Outer","Parallel Aware": true,"Async Capable": false,"Relation Name": "orders","Alias": "orders","Startup Cost": 774.50,"Total Cost": 27140.50,"Plan Rows": 18067,"Plan Width": 8,"Actual Startup Time": 12.915,"Actual Total Time": 70.510,"Actual Rows": 14320,"Actual Loops": 4,"Recheck Cond": "((o_orderdate >= '1993-06-01'::date) AND (o_orderdate < '1993-09-01 00:00:00'::timestamp without time zone))","Rows Removed by Index Recheck": 0,"Exact Heap Blocks": 3550,"Lossy Heap Blocks": 0,"Workers": [],"Plans": [{"Node Type": "Bitmap Index Scan","Parent Relationship": "Outer","Parallel Aware": false,"Async Capable": false,"Index Name": "idx_orders_orderdate","Startup Cost": 0.00,"Total Cost": 760.50,"Plan Rows": 56007,"Plan Width": 0,"Actual Startup Time": 9.843,"Actual Total Time": 9.846,"Actual Rows": 57280,"Actual Loops": 1,"Index Cond": "((o_orderdate >= '1993-06-01'::date) AND (o_orderdate < '1993-09-01 00:00:00'::timestamp without time zone))","Workers": []}]},{"Node Type": "Index Scan","Parent Relationship": "Inner","Parallel Aware": false,"Async Capable": false,"Scan Direction": "Forward","Index Name": "idx_lineitem_orderkey","Relation Name": "lineitem","Alias": "lineitem","Startup Cost": 0.43,"Total Cost": 4.65,"Plan Rows": 4,"Plan Width": 16,"Actual Startup Time": 0.010,"Actual Total Time": 0.012,"Actual Rows": 2,"Actual Loops": 57280,"Index Cond": "(l_orderkey = orders.o_orderkey)","Rows Removed by Index Recheck": 0,"Filter": "(l_returnflag = 'R'::bpchar)","Rows Removed by Filter": 2,"Workers": []}]},{"Node Type": "Hash","Parent Relationship": "Inner","Parallel Aware": true,"Async Capable": false,"Startup Cost": 4210.00,"Total Cost": 4210.00,"Plan Rows": 62500,"Plan Width": 148,"Actual Startup Time": 56.151,"Actual Total Time": 56.157,"Actual Rows": 37500,"Actual Loops": 4,"Hash Buckets": 262144,"Original Hash Buckets": 262144,"Hash Batches": 1,"Original Hash Batches": 1,"Peak Memory Usage": 29312,"Workers": [],"Plans": [{"Node Type": "Seq Scan","Parent Relationship": "Outer","Parallel Aware": true,"Async Capable": false,"Relation Name": "customer","Alias": "customer","Startup Cost": 0.00,"Total Cost": 4210.00,"Plan Rows": 62500,"Plan Width": 148,"Actual Startup Time": 0.028,"Actual Total Time": 26.217,"Actual Rows": 37500,"Actual Loops": 4,"Workers": []}]}]},{"Node Type": "Hash","Parent Relationship": "Inner","Parallel Aware": false,"Async Capable": false,"Startup Cost": 1.25,"Total Cost": 1.25,"Plan Rows": 25,"Plan Width": 108,"Actual Startup Time": 0.109,"Actual Total Time": 0.115,"Actual Rows": 25,"Actual Loops": 4,"Hash Buckets": 1024,"Original Hash Buckets": 1024,"Hash Batches": 1,"Original Hash Batches": 1,"Peak Memory Usage": 10,"Workers": [],"Plans": [{"Node Type": "Seq Scan","Parent Relationship": "Outer","Parallel Aware": false,"Async Capable": false,"Relation Name": "nation","Alias": "nation","Startup Cost": 0.00,"Total Cost": 1.25,"Plan Rows": 25,"Plan Width": 108,"Actual Startup Time": 0.076,"Actual Total Time": 0.083,"Actual Rows": 25,"Actual Loops": 4,"Workers": []}]}]}]}]}]},"Planning Time": 6.852,"Triggers": [],"Execution Time": 641.259}]
[{"Plan": {"Node Type": "Sort","Parallel Aware": false,"Async Capable": false,"Startup Cost": 132166.82,"Total Cost": 132310.11,"Plan Rows": 57318,"Plan Width": 280,"Actual Startup Time": 590.000,"Actual Total Time": 630.537,"Actual Rows": 37972,"Actual Loops": 1,"Sort Key": ["(sum((lineitem.l_extendedprice * ('1'::numeric - lineitem.l_discount)))) DESC"],"Sort Method": "quicksort","Sort Space Used": 9843,"Sort Space Type": "Memory","Plans": [{"Node Type": "Aggregate","Strategy": "Hashed","Partial Mode": "Simple","Parent Relationship": "Outer","Parallel Aware": false,"Async Capable": false,"Startup Cost": 126920.30,"Total Cost": 127636.77,"Plan Rows": 57318,"Plan Width": 280,"Actual Startup Time": 413.108,"Actual Total Time": 556.129,"Actual Rows": 37972,"Actual Loops": 1,"Group Key": ["customer.c_custkey", "nation.n_name"],"Planned Partitions": 0,"HashAgg Batches": 1,"Peak Memory Usage": 26129,"Disk Usage": 0,"Plans": [{"Node Type": "Gather","Parent Relationship": "Outer","Parallel Aware": false,"Async Capable": false,"Startup Cost": 6798.29,"Total Cost": 126203.82,"Plan Rows": 57318,"Plan Width": 260,"Actual Startup Time": 77.619,"Actual Total Time": 286.194,"Actual Rows": 114459,"Actual Loops": 1,"Workers Planned": 3,"Workers Launched": 3,"Single Copy": false,"Plans": [{"Node Type": "Hash Join","Parent Relationship": "Outer","Parallel Aware": false,"Async Capable": false,"Join Type": "Inner","Startup Cost": 5798.29,"Total Cost": 119472.02,"Plan Rows": 18490,"Plan Width": 260,"Actual Startup Time": 70.122,"Actual Total Time": 358.029,"Actual Rows": 28615,"Actual Loops": 4,"Inner Unique": true,"Hash Cond": "(customer.c_nationkey = nation.n_nationkey)","Workers": [],"Plans": [{"Node Type": "Hash Join","Parent Relationship": "Outer","Parallel Aware": true,"Async Capable": false,"Join Type": "Inner","Startup Cost": 5796.73,"Total Cost": 119413.69,"Plan Rows": 18490,"Plan Width": 160,"Actual Startup Time": 69.815,"Actual Total Time": 349.575,"Actual Rows": 28615,"Actual Loops": 4,"Inner Unique": true,"Hash Cond": "(orders.o_custkey = customer.c_custkey)","Workers": [],"Plans": [{"Node Type": "Nested Loop","Parent Relationship": "Outer","Parallel Aware": false,"Async Capable": false,"Join Type": "Inner","Startup Cost": 805.48,"Total Cost": 114373.91,"Plan Rows": 18490,"Plan Width": 16,"Actual Startup Time": 13.081,"Actual Total Time": 249.954,"Actual Rows": 28615,"Actual Loops": 4,"Inner Unique": false,"Workers": [],"Plans": [{"Node Type": "Bitmap Heap Scan","Parent Relationship": "Outer","Parallel Aware": true,"Async Capable": false,"Relation Name": "orders","Alias": "orders","Startup Cost": 805.05,"Total Cost": 27181.70,"Plan Rows": 18776,"Plan Width": 8,"Actual Startup Time": 13.019,"Actual Total Time": 71.418,"Actual Rows": 14305,"Actual Loops": 4,"Recheck Cond": "((o_orderdate >= '1994-10-01'::date) AND (o_orderdate < '1995-01-01 00:00:00'::timestamp without time zone))","Rows Removed by Index Recheck": 0,"Exact Heap Blocks": 3518,"Lossy Heap Blocks": 0,"Workers": [],"Plans": [{"Node Type": "Bitmap Index Scan","Parent Relationship": "Outer","Parallel Aware": false,"Async Capable": false,"Index Name": "idx_orders_orderdate","Startup Cost": 0.00,"Total Cost": 790.50,"Plan Rows": 58207,"Plan Width": 0,"Actual Startup Time": 9.954,"Actual Total Time": 9.955,"Actual Rows": 57219,"Actual Loops": 1,"Index Cond": "((o_orderdate >= '1994-10-01'::date) AND (o_orderdate < '1995-01-01 00:00:00'::timestamp without time zone))","Workers": []}]},{"Node Type": "Index Scan","Parent Relationship": "Inner","Parallel Aware": false,"Async Capable": false,"Scan Direction": "Forward","Index Name": "idx_lineitem_orderkey","Relation Name": "lineitem","Alias": "lineitem","Startup Cost": 0.43,"Total Cost": 4.60,"Plan Rows": 4,"Plan Width": 16,"Actual Startup Time": 0.010,"Actual Total Time": 0.012,"Actual Rows": 2,"Actual Loops": 57219,"Index Cond": "(l_orderkey = orders.o_orderkey)","Rows Removed by Index Recheck": 0,"Filter": "(l_returnflag = 'R'::bpchar)","Rows Removed by Filter": 2,"Workers": []}]},{"Node Type": "Hash","Parent Relationship": "Inner","Parallel Aware": true,"Async Capable": false,"Startup Cost": 4210.00,"Total Cost": 4210.00,"Plan Rows": 62500,"Plan Width": 148,"Actual Startup Time": 56.184,"Actual Total Time": 56.192,"Actual Rows": 37500,"Actual Loops": 4,"Hash Buckets": 262144,"Original Hash Buckets": 262144,"Hash Batches": 1,"Original Hash Batches": 1,"Peak Memory Usage": 29344,"Workers": [],"Plans": [{"Node Type": "Seq Scan","Parent Relationship": "Outer","Parallel Aware": true,"Async Capable": false,"Relation Name": "customer","Alias": "customer","Startup Cost": 0.00,"Total Cost": 4210.00,"Plan Rows": 62500,"Plan Width": 148,"Actual Startup Time": 0.017,"Actual Total Time": 25.696,"Actual Rows": 37500,"Actual Loops": 4,"Workers": []}]}]},{"Node Type": "Hash","Parent Relationship": "Inner","Parallel Aware": false,"Async Capable": false,"Startup Cost": 1.25,"Total Cost": 1.25,"Plan Rows": 25,"Plan Width": 108,"Actual Startup Time": 0.071,"Actual Total Time": 0.075,"Actual Rows": 25,"Actual Loops": 4,"Hash Buckets": 1024,"Original Hash Buckets": 1024,"Hash Batches": 1,"Original Hash Batches": 1,"Peak Memory Usage": 10,"Workers": [],"Plans": [{"Node Type": "Seq Scan","Parent Relationship": "Outer","Parallel Aware": false,"Async Capable": false,"Relation Name": "nation","Alias": "nation","Startup Cost": 0.00,"Total Cost": 1.25,"Plan Rows": 25,"Plan Width": 108,"Actual Startup Time": 0.050,"Actual Total Time": 0.053,"Actual Rows": 25,"Actual Loops": 4,"Workers": []}]}]}]}]}]},"Planning Time": 7.724,"Triggers": [],"Execution Time": 636.921}]
[{"Plan": {"Node Type": "Sort","Parallel Aware": false,"Async Capable": false,"Startup Cost": 132260.34,"Total Cost": 132403.81,"Plan Rows": 57388,"Plan Width": 280,"Actual Startup Time": 619.828,"Actual Total Time": 659.334,"Actual Rows": 38182,"Actual Loops": 1,"Sort Key": ["(sum((lineitem.l_extendedprice * ('1'::numeric - lineitem.l_discount)))) DESC"],"Sort Method": "quicksort","Sort Space Used": 9879,"Sort Space Type": "Memory","Plans": [{"Node Type": "Aggregate","Strategy": "Hashed","Partial Mode": "Simple","Parent Relationship": "Outer","Parallel Aware": false,"Async Capable": false,"Startup Cost": 127006.91,"Total Cost": 127724.26,"Plan Rows": 57388,"Plan Width": 280,"Actual Startup Time": 430.185,"Actual Total Time": 588.903,"Actual Rows": 38182,"Actual Loops": 1,"Group Key": ["customer.c_custkey", "nation.n_name"],"Planned Partitions": 0,"HashAgg Batches": 1,"Peak Memory Usage": 26129,"Disk Usage": 0,"Plans": [{"Node Type": "Gather","Parent Relationship": "Outer","Parallel Aware": false,"Async Capable": false,"Startup Cost": 6799.02,"Total Cost": 126289.56,"Plan Rows": 57388,"Plan Width": 260,"Actual Startup Time": 89.737,"Actual Total Time": 296.974,"Actual Rows": 115050,"Actual Loops": 1,"Workers Planned": 3,"Workers Launched": 3,"Single Copy": false,"Plans": [{"Node Type": "Hash Join","Parent Relationship": "Outer","Parallel Aware": false,"Async Capable": false,"Join Type": "Inner","Startup Cost": 5799.02,"Total Cost": 119550.76,"Plan Rows": 18512,"Plan Width": 260,"Actual Startup Time": 82.322,"Actual Total Time": 373.404,"Actual Rows": 28762,"Actual Loops": 4,"Inner Unique": true,"Hash Cond": "(customer.c_nationkey = nation.n_nationkey)","Workers": [],"Plans": [{"Node Type": "Hash Join","Parent Relationship": "Outer","Parallel Aware": true,"Async Capable": false,"Join Type": "Inner","Startup Cost": 5797.46,"Total Cost": 119492.37,"Plan Rows": 18512,"Plan Width": 160,"Actual Startup Time": 81.937,"Actual Total Time": 363.986,"Actual Rows": 28762,"Actual Loops": 4,"Inner Unique": true,"Hash Cond": "(orders.o_custkey = customer.c_custkey)","Workers": [],"Plans": [{"Node Type": "Nested Loop","Parent Relationship": "Outer","Parallel Aware": false,"Async Capable": false,"Join Type": "Inner","Startup Cost": 806.21,"Total Cost": 114452.53,"Plan Rows": 18513,"Plan Width": 16,"Actual Startup Time": 13.433,"Actual Total Time": 253.545,"Actual Rows": 28762,"Actual Loops": 4,"Inner Unique": false,"Workers": [],"Plans": [{"Node Type": "Bitmap Heap Scan","Parent Relationship": "Outer","Parallel Aware": true,"Async Capable": false,"Relation Name": "orders","Alias": "orders","Startup Cost": 805.78,"Total Cost": 27182.77,"Plan Rows": 18799,"Plan Width": 8,"Actual Startup Time": 13.373,"Actual Total Time": 70.825,"Actual Rows": 14368,"Actual Loops": 4,"Recheck Cond": "((o_orderdate >= '1994-06-01'::date) AND (o_orderdate < '1994-09-01 00:00:00'::timestamp without time zone))","Rows Removed by Index Recheck": 0,"Exact Heap Blocks": 3680,"Lossy Heap Blocks": 0,"Workers": [],"Plans": [{"Node Type": "Bitmap Index Scan","Parent Relationship": "Outer","Parallel Aware": false,"Async Capable": false,"Index Name": "idx_orders_orderdate","Startup Cost": 0.00,"Total Cost": 791.21,"Plan Rows": 58278,"Plan Width": 0,"Actual Startup Time": 10.272,"Actual Total Time": 10.276,"Actual Rows": 57474,"Actual Loops": 1,"Index Cond": "((o_orderdate >= '1994-06-01'::date) AND (o_orderdate < '1994-09-01 00:00:00'::timestamp without time zone))","Workers": []}]},{"Node Type": "Index Scan","Parent Relationship": "Inner","Parallel Aware": false,"Async Capable": false,"Scan Direction": "Forward","Index Name": "idx_lineitem_orderkey","Relation Name": "lineitem","Alias": "lineitem","Startup Cost": 0.43,"Total Cost": 4.60,"Plan Rows": 4,"Plan Width": 16,"Actual Startup Time": 0.010,"Actual Total Time": 0.012,"Actual Rows": 2,"Actual Loops": 57474,"Index Cond": "(l_orderkey = orders.o_orderkey)","Rows Removed by Index Recheck": 0,"Filter": "(l_returnflag = 'R'::bpchar)","Rows Removed by Filter": 2,"Workers": []}]},{"Node Type": "Hash","Parent Relationship": "Inner","Parallel Aware": true,"Async Capable": false,"Startup Cost": 4210.00,"Total Cost": 4210.00,"Plan Rows": 62500,"Plan Width": 148,"Actual Startup Time": 67.921,"Actual Total Time": 67.927,"Actual Rows": 37500,"Actual Loops": 4,"Hash Buckets": 262144,"Original Hash Buckets": 262144,"Hash Batches": 1,"Original Hash Batches": 1,"Peak Memory Usage": 29312,"Workers": [],"Plans": [{"Node Type": "Seq Scan","Parent Relationship": "Outer","Parallel Aware": true,"Async Capable": false,"Relation Name": "customer","Alias": "customer","Startup Cost": 0.00,"Total Cost": 4210.00,"Plan Rows": 62500,"Plan Width": 148,"Actual Startup Time": 0.026,"Actual Total Time": 28.832,"Actual Rows": 37500,"Actual Loops": 4,"Workers": []}]}]},{"Node Type": "Hash","Parent Relationship": "Inner","Parallel Aware": false,"Async Capable": false,"Startup Cost": 1.25,"Total Cost": 1.25,"Plan Rows": 25,"Plan Width": 108,"Actual Startup Time": 0.096,"Actual Total Time": 0.101,"Actual Rows": 25,"Actual Loops": 4,"Hash Buckets": 1024,"Original Hash Buckets": 1024,"Hash Batches": 1,"Original Hash Batches": 1,"Peak Memory Usage": 10,"Workers": [],"Plans": [{"Node Type": "Seq Scan","Parent Relationship": "Outer","Parallel Aware": false,"Async Capable": false,"Relation Name": "nation","Alias": "nation","Startup Cost": 0.00,"Total Cost": 1.25,"Plan Rows": 25,"Plan Width": 108,"Actual Startup Time": 0.064,"Actual Total Time": 0.070,"Actual Rows": 25,"Actual Loops": 4,"Workers": []}]}]}]}]}]},"Planning Time": 7.103,"Triggers": [],"Execution Time": 663.701}]
[{"Plan": {"Node Type": "Sort","Parallel Aware": false,"Async Capable": false,"Startup Cost": 128992.79,"Total Cost": 129130.12,"Plan Rows": 54934,"Plan Width": 280,"Actual Startup Time": 576.704,"Actual Total Time": 617.888,"Actual Rows": 37047,"Actual Loops": 1,"Sort Key": ["(sum((lineitem.l_extendedprice * ('1'::numeric - lineitem.l_discount)))) DESC"],"Sort Method": "quicksort","Sort Space Used": 9638,"Sort Space Type": "Memory","Plans": [{"Node Type": "Aggregate","Strategy": "Hashed","Partial Mode": "Simple","Parent Relationship": "Outer","Parallel Aware": false,"Async Capable": false,"Startup Cost": 123981.32,"Total Cost": 124668.00,"Plan Rows": 54934,"Plan Width": 280,"Actual Startup Time": 405.696,"Actual Total Time": 547.631,"Actual Rows": 37047,"Actual Loops": 1,"Group Key": ["customer.c_custkey", "nation.n_name"],"Planned Partitions": 0,"HashAgg Batches": 1,"Peak Memory Usage": 26129,"Disk Usage": 0,"Plans": [{"Node Type": "Gather","Parent Relationship": "Outer","Parallel Aware": false,"Async Capable": false,"Startup Cost": 6765.48,"Total Cost": 123294.65,"Plan Rows": 54934,"Plan Width": 260,"Actual Startup Time": 77.101,"Actual Total Time": 288.603,"Actual Rows": 110515,"Actual Loops": 1,"Workers Planned": 3,"Workers Launched": 3,"Single Copy": false,"Plans": [{"Node Type": "Hash Join","Parent Relationship": "Outer","Parallel Aware": false,"Async Capable": false,"Join Type": "Inner","Startup Cost": 5765.48,"Total Cost": 116801.25,"Plan Rows": 17721,"Plan Width": 260,"Actual Startup Time": 69.802,"Actual Total Time": 351.295,"Actual Rows": 27629,"Actual Loops": 4,"Inner Unique": true,"Hash Cond": "(customer.c_nationkey = nation.n_nationkey)","Workers": [],"Plans": [{"Node Type": "Nested Loop","Parent Relationship": "Outer","Parallel Aware": false,"Async Capable": false,"Join Type": "Inner","Startup Cost": 5763.92,"Total Cost": 116745.28,"Plan Rows": 17721,"Plan Width": 160,"Actual Startup Time": 69.448,"Actual Total Time": 342.448,"Actual Rows": 27629,"Actual Loops": 4,"Inner Unique": false,"Workers": [],"Plans": [{"Node Type": "Hash Join","Parent Relationship": "Outer","Parallel Aware": true,"Async Capable": false,"Join Type": "Inner","Startup Cost": 5763.48,"Total Cost": 32175.66,"Plan Rows": 17995,"Plan Width": 152,"Actual Startup Time": 69.393,"Actual Total Time": 167.356,"Actual Rows": 13816,"Actual Loops": 4,"Inner Unique": true,"Hash Cond": "(orders.o_custkey = customer.c_custkey)","Workers": [],"Plans": [{"Node Type": "Bitmap Heap Scan","Parent Relationship": "Outer","Parallel Aware": true,"Async Capable": false,"Relation Name": "orders","Alias": "orders","Startup Cost": 772.23,"Total Cost": 27137.17,"Plan Rows": 17996,"Plan Width": 8,"Actual Startup Time": 13.220,"Actual Total Time": 67.142,"Actual Rows": 13816,"Actual Loops": 4,"Recheck Cond": "((o_orderdate >= '1993-02-01'::date) AND (o_orderdate < '1993-05-01 00:00:00'::timestamp without time zone))","Rows Removed by Index Recheck": 0,"Exact Heap Blocks": 3458,"Lossy Heap Blocks": 0,"Workers": [],"Plans": [{"Node Type": "Bitmap Index Scan","Parent Relationship": "Outer","Parallel Aware": false,"Async Capable": false,"Index Name": "idx_orders_orderdate","Startup Cost": 0.00,"Total Cost": 758.29,"Plan Rows": 55786,"Plan Width": 0,"Actual Startup Time": 10.104,"Actual Total Time": 10.109,"Actual Rows": 55266,"Actual Loops": 1,"Index Cond": "((o_orderdate >= '1993-02-01'::date) AND (o_orderdate < '1993-05-01 00:00:00'::timestamp without time zone))","Workers": []}]},{"Node Type": "Hash","Parent Relationship": "Inner","Parallel Aware": true,"Async Capable": false,"Startup Cost": 4210.00,"Total Cost": 4210.00,"Plan Rows": 62500,"Plan Width": 148,"Actual Startup Time": 55.605,"Actual Total Time": 55.613,"Actual Rows": 37500,"Actual Loops": 4,"Hash Buckets": 262144,"Original Hash Buckets": 262144,"Hash Batches": 1,"Original Hash Batches": 1,"Peak Memory Usage": 29312,"Workers": [],"Plans": [{"Node Type": "Seq Scan","Parent Relationship": "Outer","Parallel Aware": true,"Async Capable": false,"Relation Name": "customer","Alias": "customer","Startup Cost": 0.00,"Total Cost": 4210.00,"Plan Rows": 62500,"Plan Width": 148,"Actual Startup Time": 0.022,"Actual Total Time": 25.460,"Actual Rows": 37500,"Actual Loops": 4,"Workers": []}]}]},{"Node Type": "Index Scan","Parent Relationship": "Inner","Parallel Aware": false,"Async Capable": false,"Scan Direction": "Forward","Index Name": "idx_lineitem_orderkey","Relation Name": "lineitem","Alias": "lineitem","Startup Cost": 0.43,"Total Cost": 4.66,"Plan Rows": 4,"Plan Width": 16,"Actual Startup Time": 0.010,"Actual Total Time": 0.012,"Actual Rows": 2,"Actual Loops": 55266,"Index Cond": "(l_orderkey = orders.o_orderkey)","Rows Removed by Index Recheck": 0,"Filter": "(l_returnflag = 'R'::bpchar)","Rows Removed by Filter": 2,"Workers": []}]},{"Node Type": "Hash","Parent Relationship": "Inner","Parallel Aware": false,"Async Capable": false,"Startup Cost": 1.25,"Total Cost": 1.25,"Plan Rows": 25,"Plan Width": 108,"Actual Startup Time": 0.078,"Actual Total Time": 0.083,"Actual Rows": 25,"Actual Loops": 4,"Hash Buckets": 1024,"Original Hash Buckets": 1024,"Hash Batches": 1,"Original Hash Batches": 1,"Peak Memory Usage": 10,"Workers": [],"Plans": [{"Node Type": "Seq Scan","Parent Relationship": "Outer","Parallel Aware": false,"Async Capable": false,"Relation Name": "nation","Alias": "nation","Startup Cost": 0.00,"Total Cost": 1.25,"Plan Rows": 25,"Plan Width": 108,"Actual Startup Time": 0.053,"Actual Total Time": 0.057,"Actual Rows": 25,"Actual Loops": 4,"Workers": []}]}]}]}]}]},"Planning Time": 7.802,"Triggers": [],"Execution Time": 623.390}]
[{"Plan": {"Node Type": "Sort","Parallel Aware": false,"Async Capable": false,"Startup Cost": 130809.03,"Total Cost": 130949.76,"Plan Rows": 56293,"Plan Width": 280,"Actual Startup Time": 582.640,"Actual Total Time": 623.609,"Actual Rows": 37618,"Actual Loops": 1,"Sort Key": ["(sum((lineitem.l_extendedprice * ('1'::numeric - lineitem.l_discount)))) DESC"],"Sort Method": "quicksort","Sort Space Used": 9764,"Sort Space Type": "Memory","Plans": [{"Node Type": "Aggregate","Strategy": "Hashed","Partial Mode": "Simple","Parent Relationship": "Outer","Parallel Aware": false,"Async Capable": false,"Startup Cost": 125663.66,"Total Cost": 126367.32,"Plan Rows": 56293,"Plan Width": 280,"Actual Startup Time": 404.905,"Actual Total Time": 550.580,"Actual Rows": 37618,"Actual Loops": 1,"Group Key": ["customer.c_custkey", "nation.n_name"],"Planned Partitions": 0,"HashAgg Batches": 1,"Peak Memory Usage": 26129,"Disk Usage": 0,"Plans": [{"Node Type": "Gather","Parent Relationship": "Outer","Parallel Aware": false,"Async Capable": false,"Startup Cost": 6783.62,"Total Cost": 124960.00,"Plan Rows": 56293,"Plan Width": 260,"Actual Startup Time": 77.508,"Actual Total Time": 283.856,"Actual Rows": 113037,"Actual Loops": 1,"Workers Planned": 3,"Workers Launched": 3,"Single Copy": false,"Plans": [{"Node Type": "Hash Join","Parent Relationship": "Outer","Parallel Aware": false,"Async Capable": false,"Join Type": "Inner","Startup Cost": 5783.62,"Total Cost": 118330.70,"Plan Rows": 18159,"Plan Width": 260,"Actual Startup Time": 69.943,"Actual Total Time": 350.172,"Actual Rows": 28259,"Actual Loops": 4,"Inner Unique": true,"Hash Cond": "(customer.c_nationkey = nation.n_nationkey)","Workers": [],"Plans": [{"Node Type": "Hash Join","Parent Relationship": "Outer","Parallel Aware": true,"Async Capable": false,"Join Type": "Inner","Startup Cost": 5782.06,"Total Cost": 118273.39,"Plan Rows": 18159,"Plan Width": 160,"Actual Startup Time": 69.505,"Actual Total Time": 341.161,"Actual Rows": 28259,"Actual Loops": 4,"Inner Unique": true,"Hash Cond": "(orders.o_custkey = customer.c_custkey)","Workers": [],"Plans": [{"Node Type": "Nested Loop","Parent Relationship": "Outer","Parallel Aware": false,"Async Capable": false,"Join Type": "Inner","Startup Cost": 790.81,"Total Cost": 113234.47,"Plan Rows": 18159,"Plan Width": 16,"Actual Startup Time": 13.628,"Actual Total Time": 244.904,"Actual Rows": 28259,"Actual Loops": 4,"Inner Unique": false,"Workers": [],"Plans": [{"Node Type": "Bitmap Heap Scan","Parent Relationship": "Outer","Parallel Aware": true,"Async Capable": false,"Relation Name": "orders","Alias": "orders","Startup Cost": 790.38,"Total Cost": 27161.99,"Plan Rows": 18441,"Plan Width": 8,"Actual Startup Time": 13.544,"Actual Total Time": 67.991,"Actual Rows": 14129,"Actual Loops": 4,"Recheck Cond": "((o_orderdate >= '1994-09-01'::date) AND (o_orderdate < '1994-12-01 00:00:00'::timestamp without time zone))","Rows Removed by Index Recheck": 0,"Exact Heap Blocks": 3515,"Lossy Heap Blocks": 0,"Workers": [],"Plans": [{"Node Type": "Bitmap Index Scan","Parent Relationship": "Outer","Parallel Aware": false,"Async Capable": false,"Index Name": "idx_orders_orderdate","Startup Cost": 0.00,"Total Cost": 776.09,"Plan Rows": 57166,"Plan Width": 0,"Actual Startup Time": 10.241,"Actual Total Time": 10.248,"Actual Rows": 56516,"Actual Loops": 1,"Index Cond": "((o_orderdate >= '1994-09-01'::date) AND (o_orderdate < '1994-12-01 00:00:00'::timestamp without time zone))","Workers": []}]},{"Node Type": "Index Scan","Parent Relationship": "Inner","Parallel Aware": false,"Async Capable": false,"Scan Direction": "Forward","Index Name": "idx_lineitem_orderkey","Relation Name": "lineitem","Alias": "lineitem","Startup Cost": 0.43,"Total Cost": 4.63,"Plan Rows": 4,"Plan Width": 16,"Actual Startup Time": 0.010,"Actual Total Time": 0.012,"Actual Rows": 2,"Actual Loops": 56516,"Index Cond": "(l_orderkey = orders.o_orderkey)","Rows Removed by Index Recheck": 0,"Filter": "(l_returnflag = 'R'::bpchar)","Rows Removed by Filter": 2,"Workers": []}]},{"Node Type": "Hash","Parent Relationship": "Inner","Parallel Aware": true,"Async Capable": false,"Startup Cost": 4210.00,"Total Cost": 4210.00,"Plan Rows": 62500,"Plan Width": 148,"Actual Startup Time": 55.246,"Actual Total Time": 55.254,"Actual Rows": 37500,"Actual Loops": 4,"Hash Buckets": 262144,"Original Hash Buckets": 262144,"Hash Batches": 1,"Original Hash Batches": 1,"Peak Memory Usage": 29280,"Workers": [],"Plans": [{"Node Type": "Seq Scan","Parent Relationship": "Outer","Parallel Aware": true,"Async Capable": false,"Relation Name": "customer","Alias": "customer","Startup Cost": 0.00,"Total Cost": 4210.00,"Plan Rows": 62500,"Plan Width": 148,"Actual Startup Time": 0.029,"Actual Total Time": 24.927,"Actual Rows": 37500,"Actual Loops": 4,"Workers": []}]}]},{"Node Type": "Hash","Parent Relationship": "Inner","Parallel Aware": false,"Async Capable": false,"Startup Cost": 1.25,"Total Cost": 1.25,"Plan Rows": 25,"Plan Width": 108,"Actual Startup Time": 0.092,"Actual Total Time": 0.096,"Actual Rows": 25,"Actual Loops": 4,"Hash Buckets": 1024,"Original Hash Buckets": 1024,"Hash Batches": 1,"Original Hash Batches": 1,"Peak Memory Usage": 10,"Workers": [],"Plans": [{"Node Type": "Seq Scan","Parent Relationship": "Outer","Parallel Aware": false,"Async Capable": false,"Relation Name": "nation","Alias": "nation","Startup Cost": 0.00,"Total Cost": 1.25,"Plan Rows": 25,"Plan Width": 108,"Actual Startup Time": 0.062,"Actual Total Time": 0.068,"Actual Rows": 25,"Actual Loops": 4,"Workers": []}]}]}]}]}]},"Planning Time": 5.868,"Triggers": [],"Execution Time": 629.137}]
[{"Plan": {"Node Type": "Sort","Parallel Aware": false,"Async Capable": false,"Startup Cost": 135294.26,"Total Cost": 135443.48,"Plan Rows": 59689,"Plan Width": 280,"Actual Startup Time": 545.457,"Actual Total Time": 585.279,"Actual Rows": 35593,"Actual Loops": 1,"Sort Key": ["(sum((lineitem.l_extendedprice * ('1'::numeric - lineitem.l_discount)))) DESC"],"Sort Method": "quicksort","Sort Space Used": 9317,"Sort Space Type": "Memory","Plans": [{"Node Type": "Aggregate","Strategy": "Hashed","Partial Mode": "Simple","Parent Relationship": "Outer","Parallel Aware": false,"Async Capable": false,"Startup Cost": 129813.27,"Total Cost": 130559.38,"Plan Rows": 59689,"Plan Width": 280,"Actual Startup Time": 389.996,"Actual Total Time": 517.393,"Actual Rows": 35593,"Actual Loops": 1,"Group Key": ["customer.c_custkey", "nation.n_name"],"Planned Partitions": 0,"HashAgg Batches": 1,"Peak Memory Usage": 27665,"Disk Usage": 0,"Plans": [{"Node Type": "Gather","Parent Relationship": "Outer","Parallel Aware": false,"Async Capable": false,"Startup Cost": 6830.97,"Total Cost": 129067.15,"Plan Rows": 59689,"Plan Width": 260,"Actual Startup Time": 76.518,"Actual Total Time": 281.363,"Actual Rows": 94907,"Actual Loops": 1,"Workers Planned": 3,"Workers Launched": 3,"Single Copy": false,"Plans": [{"Node Type": "Hash Join","Parent Relationship": "Outer","Parallel Aware": false,"Async Capable": false,"Join Type": "Inner","Startup Cost": 5830.97,"Total Cost": 122098.25,"Plan Rows": 19255,"Plan Width": 260,"Actual Startup Time": 68.775,"Actual Total Time": 339.806,"Actual Rows": 23727,"Actual Loops": 4,"Inner Unique": true,"Hash Cond": "(customer.c_nationkey = nation.n_nationkey)","Workers": [],"Plans": [{"Node Type": "Hash Join","Parent Relationship": "Outer","Parallel Aware": true,"Async Capable": false,"Join Type": "Inner","Startup Cost": 5829.40,"Total Cost": 122037.58,"Plan Rows": 19255,"Plan Width": 160,"Actual Startup Time": 68.296,"Actual Total Time": 331.130,"Actual Rows": 23727,"Actual Loops": 4,"Inner Unique": true,"Hash Cond": "(orders.o_custkey = customer.c_custkey)","Workers": [],"Plans": [{"Node Type": "Nested Loop","Parent Relationship": "Outer","Parallel Aware": false,"Async Capable": false,"Join Type": "Inner","Startup Cost": 838.15,"Total Cost": 116995.79,"Plan Rows": 19255,"Plan Width": 16,"Actual Startup Time": 13.636,"Actual Total Time": 241.200,"Actual Rows": 23727,"Actual Loops": 4,"Inner Unique": false,"Workers": [],"Plans": [{"Node Type": "Bitmap Heap Scan","Parent Relationship": "Outer","Parallel Aware": true,"Async Capable": false,"Relation Name": "orders","Alias": "orders","Startup Cost": 837.72,"Total Cost": 27226.01,"Plan Rows": 19553,"Plan Width": 8,"Actual Startup Time": 13.552,"Actual Total Time": 68.983,"Actual Rows": 14126,"Actual Loops": 4,"Recheck Cond": "((o_orderdate >= '1995-01-01'::date) AND (o_orderdate < '1995-04-01 00:00:00'::timestamp without time zone))","Rows Removed by Index Recheck": 0,"Exact Heap Blocks": 3623,"Lossy Heap Blocks": 0,"Workers": [],"Plans": [{"Node Type": "Bitmap Index Scan","Parent Relationship": "Outer","Parallel Aware": false,"Async Capable": false,"Index Name": "idx_orders_orderdate","Startup Cost": 0.00,"Total Cost": 822.57,"Plan Rows": 60614,"Plan Width": 0,"Actual Startup Time": 10.475,"Actual Total Time": 10.479,"Actual Rows": 56506,"Actual Loops": 1,"Index Cond": "((o_orderdate >= '1995-01-01'::date) AND (o_orderdate < '1995-04-01 00:00:00'::timestamp without time zone))","Workers": []}]},{"Node Type": "Index Scan","Parent Relationship": "Inner","Parallel Aware": false,"Async Capable": false,"Scan Direction": "Forward","Index Name": "idx_lineitem_orderkey","Relation Name": "lineitem","Alias": "lineitem","Startup Cost": 0.43,"Total Cost": 4.55,"Plan Rows": 4,"Plan Width": 16,"Actual Startup Time": 0.010,"Actual Total Time": 0.012,"Actual Rows": 2,"Actual Loops": 56506,"Index Cond": "(l_orderkey = orders.o_orderkey)","Rows Removed by Index Recheck": 0,"Filter": "(l_returnflag = 'R'::bpchar)","Rows Removed by Filter": 2,"Workers": []}]},{"Node Type": "Hash","Parent Relationship": "Inner","Parallel Aware": true,"Async Capable": false,"Startup Cost": 4210.00,"Total Cost": 4210.00,"Plan Rows": 62500,"Plan Width": 148,"Actual Startup Time": 54.088,"Actual Total Time": 54.097,"Actual Rows": 37500,"Actual Loops": 4,"Hash Buckets": 262144,"Original Hash Buckets": 262144,"Hash Batches": 1,"Original Hash Batches": 1,"Peak Memory Usage": 29312,"Workers": [],"Plans": [{"Node Type": "Seq Scan","Parent Relationship": "Outer","Parallel Aware": true,"Async Capable": false,"Relation Name": "customer","Alias": "customer","Startup Cost": 0.00,"Total Cost": 4210.00,"Plan Rows": 62500,"Plan Width": 148,"Actual Startup Time": 0.033,"Actual Total Time": 23.775,"Actual Rows": 37500,"Actual Loops": 4,"Workers": []}]}]},{"Node Type": "Hash","Parent Relationship": "Inner","Parallel Aware": false,"Async Capable": false,"Startup Cost": 1.25,"Total Cost": 1.25,"Plan Rows": 25,"Plan Width": 108,"Actual Startup Time": 0.094,"Actual Total Time": 0.098,"Actual Rows": 25,"Actual Loops": 4,"Hash Buckets": 1024,"Original Hash Buckets": 1024,"Hash Batches": 1,"Original Hash Batches": 1,"Peak Memory Usage": 10,"Workers": [],"Plans": [{"Node Type": "Seq Scan","Parent Relationship": "Outer","Parallel Aware": false,"Async Capable": false,"Relation Name": "nation","Alias": "nation","Startup Cost": 0.00,"Total Cost": 1.25,"Plan Rows": 25,"Plan Width": 108,"Actual Startup Time": 0.062,"Actual Total Time": 0.068,"Actual Rows": 25,"Actual Loops": 4,"Workers": []}]}]}]}]}]},"Planning Time": 7.620,"Triggers": [],"Execution Time": 593.147}]
[{"Plan": {"Node Type": "Sort","Parallel Aware": false,"Async Capable": false,"Startup Cost": 131080.21,"Total Cost": 131221.46,"Plan Rows": 56499,"Plan Width": 280,"Actual Startup Time": 607.607,"Actual Total Time": 646.377,"Actual Rows": 37607,"Actual Loops": 1,"Sort Key": ["(sum((lineitem.l_extendedprice * ('1'::numeric - lineitem.l_discount)))) DESC"],"Sort Method": "quicksort","Sort Space Used": 9755,"Sort Space Type": "Memory","Plans": [{"Node Type": "Aggregate","Strategy": "Hashed","Partial Mode": "Simple","Parent Relationship": "Outer","Parallel Aware": false,"Async Capable": false,"Startup Cost": 125914.53,"Total Cost": 126620.77,"Plan Rows": 56499,"Plan Width": 280,"Actual Startup Time": 421.745,"Actual Total Time": 572.585,"Actual Rows": 37607,"Actual Loops": 1,"Group Key": ["customer.c_custkey", "nation.n_name"],"Planned Partitions": 0,"HashAgg Batches": 1,"Peak Memory Usage": 26129,"Disk Usage": 0,"Plans": [{"Node Type": "Gather","Parent Relationship": "Outer","Parallel Aware": false,"Async Capable": false,"Startup Cost": 6785.77,"Total Cost": 125208.29,"Plan Rows": 56499,"Plan Width": 260,"Actual Startup Time": 84.737,"Actual Total Time": 294.745,"Actual Rows": 112798,"Actual Loops": 1,"Workers Planned": 3,"Workers Launched": 3,"Single Copy": false,"Plans": [{"Node Type": "Hash Join","Parent Relationship": "Outer","Parallel Aware": false,"Async Capable": false,"Join Type": "Inner","Startup Cost": 5785.77,"Total Cost": 118558.39,"Plan Rows": 18225,"Plan Width": 260,"Actual Startup Time": 77.703,"Actual Total Time": 365.765,"Actual Rows": 28200,"Actual Loops": 4,"Inner Unique": true,"Hash Cond": "(customer.c_nationkey = nation.n_nationkey)","Workers": [],"Plans": [{"Node Type": "Hash Join","Parent Relationship": "Outer","Parallel Aware": true,"Async Capable": false,"Join Type": "Inner","Startup Cost": 5784.20,"Total Cost": 118500.88,"Plan Rows": 18225,"Plan Width": 160,"Actual Startup Time": 77.334,"Actual Total Time": 357.276,"Actual Rows": 28200,"Actual Loops": 4,"Inner Unique": true,"Hash Cond": "(orders.o_custkey = customer.c_custkey)","Workers": [],"Plans": [{"Node Type": "Nested Loop","Parent Relationship": "Outer","Parallel Aware": false,"Async Capable": false,"Join Type": "Inner","Startup Cost": 792.95,"Total Cost": 113461.79,"Plan Rows": 18225,"Plan Width": 16,"Actual Startup Time": 13.152,"Actual Total Time": 254.573,"Actual Rows": 28200,"Actual Loops": 4,"Inner Unique": false,"Workers": [],"Plans": [{"Node Type": "Bitmap Heap Scan","Parent Relationship": "Outer","Parallel Aware": true,"Async Capable": false,"Relation Name": "orders","Alias": "orders","Startup Cost": 792.52,"Total Cost": 27165.14,"Plan Rows": 18508,"Plan Width": 8,"Actual Startup Time": 13.088,"Actual Total Time": 71.143,"Actual Rows": 14087,"Actual Loops": 4,"Recheck Cond": "((o_orderdate >= '1994-01-01'::date) AND (o_orderdate < '1994-04-01 00:00:00'::timestamp without time zone))","Rows Removed by Index Recheck": 0,"Exact Heap Blocks": 3702,"Lossy Heap Blocks": 0,"Workers": [],"Plans": [{"Node Type": "Bitmap Index Scan","Parent Relationship": "Outer","Parallel Aware": false,"Async Capable": false,"Index Name": "idx_orders_orderdate","Startup Cost": 0.00,"Total Cost": 778.18,"Plan Rows": 57375,"Plan Width": 0,"Actual Startup Time": 9.927,"Actual Total Time": 9.934,"Actual Rows": 56349,"Actual Loops": 1,"Index Cond": "((o_orderdate >= '1994-01-01'::date) AND (o_orderdate < '1994-04-01 00:00:00'::timestamp without time zone))","Workers": []}]},{"Node Type": "Index Scan","Parent Relationship": "Inner","Parallel Aware": false,"Async Capable": false,"Scan Direction": "Forward","Index Name": "idx_lineitem_orderkey","Relation Name": "lineitem","Alias": "lineitem","Startup Cost": 0.43,"Total Cost": 4.62,"Plan Rows": 4,"Plan Width": 16,"Actual Startup Time": 0.011,"Actual Total Time": 0.013,"Actual Rows": 2,"Actual Loops": 56349,"Index Cond": "(l_orderkey = orders.o_orderkey)","Rows Removed by Index Recheck": 0,"Filter": "(l_returnflag = 'R'::bpchar)","Rows Removed by Filter": 2,"Workers": []}]},{"Node Type": "Hash","Parent Relationship": "Inner","Parallel Aware": true,"Async Capable": false,"Startup Cost": 4210.00,"Total Cost": 4210.00,"Plan Rows": 62500,"Plan Width": 148,"Actual Startup Time": 63.582,"Actual Total Time": 63.588,"Actual Rows": 37500,"Actual Loops": 4,"Hash Buckets": 262144,"Original Hash Buckets": 262144,"Hash Batches": 1,"Original Hash Batches": 1,"Peak Memory Usage": 29312,"Workers": [],"Plans": [{"Node Type": "Seq Scan","Parent Relationship": "Outer","Parallel Aware": true,"Async Capable": false,"Relation Name": "customer","Alias": "customer","Startup Cost": 0.00,"Total Cost": 4210.00,"Plan Rows": 62500,"Plan Width": 148,"Actual Startup Time": 0.028,"Actual Total Time": 28.690,"Actual Rows": 37500,"Actual Loops": 4,"Workers": []}]}]},{"Node Type": "Hash","Parent Relationship": "Inner","Parallel Aware": false,"Async Capable": false,"Startup Cost": 1.25,"Total Cost": 1.25,"Plan Rows": 25,"Plan Width": 108,"Actual Startup Time": 0.094,"Actual Total Time": 0.100,"Actual Rows": 25,"Actual Loops": 4,"Hash Buckets": 1024,"Original Hash Buckets": 1024,"Hash Batches": 1,"Original Hash Batches": 1,"Peak Memory Usage": 10,"Workers": [],"Plans": [{"Node Type": "Seq Scan","Parent Relationship": "Outer","Parallel Aware": false,"Async Capable": false,"Relation Name": "nation","Alias": "nation","Startup Cost": 0.00,"Total Cost": 1.25,"Plan Rows": 25,"Plan Width": 108,"Actual Startup Time": 0.060,"Actual Total Time": 0.067,"Actual Rows": 25,"Actual Loops": 4,"Workers": []}]}]}]}]}]},"Planning Time": 7.215,"Triggers": [],"Execution Time": 650.753}]
[{"Plan": {"Node Type": "Sort","Parallel Aware": false,"Async Capable": false,"Startup Cost": 130909.78,"Total Cost": 131050.70,"Plan Rows": 56371,"Plan Width": 280,"Actual Startup Time": 586.743,"Actual Total Time": 630.152,"Actual Rows": 38263,"Actual Loops": 1,"Sort Key": ["(sum((lineitem.l_extendedprice * ('1'::numeric - lineitem.l_discount)))) DESC"],"Sort Method": "quicksort","Sort Space Used": 9899,"Sort Space Type": "Memory","Plans": [{"Node Type": "Aggregate","Strategy": "Hashed","Partial Mode": "Simple","Parent Relationship": "Outer","Parallel Aware": false,"Async Capable": false,"Startup Cost": 125756.71,"Total Cost": 126461.35,"Plan Rows": 56371,"Plan Width": 280,"Actual Startup Time": 417.199,"Actual Total Time": 554.225,"Actual Rows": 38263,"Actual Loops": 1,"Group Key": ["customer.c_custkey", "nation.n_name"],"Planned Partitions": 0,"HashAgg Batches": 1,"Peak Memory Usage": 26129,"Disk Usage": 0,"Plans": [{"Node Type": "Gather","Parent Relationship": "Outer","Parallel Aware": false,"Async Capable": false,"Startup Cost": 6784.43,"Total Cost": 125052.08,"Plan Rows": 56371,"Plan Width": 260,"Actual Startup Time": 75.828,"Actual Total Time": 292.854,"Actual Rows": 114665,"Actual Loops": 1,"Workers Planned": 3,"Workers Launched": 3,"Single Copy": false,"Plans": [{"Node Type": "Hash Join","Parent Relationship": "Outer","Parallel Aware": false,"Async Capable": false,"Join Type": "Inner","Startup Cost": 5784.43,"Total Cost": 118414.98,"Plan Rows": 18184,"Plan Width": 260,"Actual Startup Time": 68.693,"Actual Total Time": 360.677,"Actual Rows": 28666,"Actual Loops": 4,"Inner Unique": true,"Hash Cond": "(customer.c_nationkey = nation.n_nationkey)","Workers": [],"Plans": [{"Node Type": "Hash Join","Parent Relationship": "Outer","Parallel Aware": true,"Async Capable": false,"Join Type": "Inner","Startup Cost": 5782.87,"Total Cost": 118357.59,"Plan Rows": 18184,"Plan Width": 160,"Actual Startup Time": 68.338,"Actual Total Time": 351.919,"Actual Rows": 28666,"Actual Loops": 4,"Inner Unique": true,"Hash Cond": "(orders.o_custkey = customer.c_custkey)","Workers": [],"Plans": [{"Node Type": "Nested Loop","Parent Relationship": "Outer","Parallel Aware": false,"Async Capable": false,"Join Type": "Inner","Startup Cost": 791.62,"Total Cost": 113318.61,"Plan Rows": 18184,"Plan Width": 16,"Actual Startup Time": 13.513,"Actual Total Time": 254.371,"Actual Rows": 28666,"Actual Loops": 4,"Inner Unique": false,"Workers": [],"Plans": [{"Node Type": "Bitmap Heap Scan","Parent Relationship": "Outer","Parallel Aware": true,"Async Capable": false,"Relation Name": "orders","Alias": "orders","Startup Cost": 791.19,"Total Cost": 27163.18,"Plan Rows": 18466,"Plan Width": 8,"Actual Startup Time": 13.445,"Actual Total Time": 71.425,"Actual Rows": 14346,"Actual Loops": 4,"Recheck Cond": "((o_orderdate >= '1994-07-01'::date) AND (o_orderdate < '1994-10-01 00:00:00'::timestamp without time zone))","Rows Removed by Index Recheck": 0,"Exact Heap Blocks": 3489,"Lossy Heap Blocks": 0,"Workers": [],"Plans": [{"Node Type": "Bitmap Index Scan","Parent Relationship": "Outer","Parallel Aware": false,"Async Capable": false,"Index Name": "idx_orders_orderdate","Startup Cost": 0.00,"Total Cost": 776.88,"Plan Rows": 57245,"Plan Width": 0,"Actual Startup Time": 10.310,"Actual Total Time": 10.312,"Actual Rows": 57384,"Actual Loops": 1,"Index Cond": "((o_orderdate >= '1994-07-01'::date) AND (o_orderdate < '1994-10-01 00:00:00'::timestamp without time zone))","Workers": []}]},{"Node Type": "Index Scan","Parent Relationship": "Inner","Parallel Aware": false,"Async Capable": false,"Scan Direction": "Forward","Index Name": "idx_lineitem_orderkey","Relation Name": "lineitem","Alias": "lineitem","Startup Cost": 0.43,"Total Cost": 4.63,"Plan Rows": 4,"Plan Width": 16,"Actual Startup Time": 0.010,"Actual Total Time": 0.012,"Actual Rows": 2,"Actual Loops": 57384,"Index Cond": "(l_orderkey = orders.o_orderkey)","Rows Removed by Index Recheck": 0,"Filter": "(l_returnflag = 'R'::bpchar)","Rows Removed by Filter": 2,"Workers": []}]},{"Node Type": "Hash","Parent Relationship": "Inner","Parallel Aware": true,"Async Capable": false,"Startup Cost": 4210.00,"Total Cost": 4210.00,"Plan Rows": 62500,"Plan Width": 148,"Actual Startup Time": 54.206,"Actual Total Time": 54.213,"Actual Rows": 37500,"Actual Loops": 4,"Hash Buckets": 262144,"Original Hash Buckets": 262144,"Hash Batches": 1,"Original Hash Batches": 1,"Peak Memory Usage": 29312,"Workers": [],"Plans": [{"Node Type": "Seq Scan","Parent Relationship": "Outer","Parallel Aware": true,"Async Capable": false,"Relation Name": "customer","Alias": "customer","Startup Cost": 0.00,"Total Cost": 4210.00,"Plan Rows": 62500,"Plan Width": 148,"Actual Startup Time": 0.020,"Actual Total Time": 23.974,"Actual Rows": 37500,"Actual Loops": 4,"Workers": []}]}]},{"Node Type": "Hash","Parent Relationship": "Inner","Parallel Aware": false,"Async Capable": false,"Startup Cost": 1.25,"Total Cost": 1.25,"Plan Rows": 25,"Plan Width": 108,"Actual Startup Time": 0.080,"Actual Total Time": 0.085,"Actual Rows": 25,"Actual Loops": 4,"Hash Buckets": 1024,"Original Hash Buckets": 1024,"Hash Batches": 1,"Original Hash Batches": 1,"Peak Memory Usage": 10,"Workers": [],"Plans": [{"Node Type": "Seq Scan","Parent Relationship": "Outer","Parallel Aware": false,"Async Capable": false,"Relation Name": "nation","Alias": "nation","Startup Cost": 0.00,"Total Cost": 1.25,"Plan Rows": 25,"Plan Width": 108,"Actual Startup Time": 0.053,"Actual Total Time": 0.059,"Actual Rows": 25,"Actual Loops": 4,"Workers": []}]}]}]}]}]},"Planning Time": 7.471,"Triggers": [],"Execution Time": 636.412}]
[{"Plan": {"Node Type": "Sort","Parallel Aware": false,"Async Capable": false,"Startup Cost": 132582.38,"Total Cost": 132726.46,"Plan Rows": 57631,"Plan Width": 280,"Actual Startup Time": 594.605,"Actual Total Time": 635.479,"Actual Rows": 38076,"Actual Loops": 1,"Sort Key": ["(sum((lineitem.l_extendedprice * ('1'::numeric - lineitem.l_discount)))) DESC"],"Sort Method": "quicksort","Sort Space Used": 9866,"Sort Space Type": "Memory","Plans": [{"Node Type": "Aggregate","Strategy": "Hashed","Partial Mode": "Simple","Parent Relationship": "Outer","Parallel Aware": false,"Async Capable": false,"Startup Cost": 127304.95,"Total Cost": 128025.33,"Plan Rows": 57631,"Plan Width": 280,"Actual Startup Time": 413.856,"Actual Total Time": 559.474,"Actual Rows": 38076,"Actual Loops": 1,"Group Key": ["customer.c_custkey", "nation.n_name"],"Planned Partitions": 0,"HashAgg Batches": 1,"Peak Memory Usage": 26129,"Disk Usage": 0,"Plans": [{"Node Type": "Gather","Parent Relationship": "Outer","Parallel Aware": false,"Async Capable": false,"Startup Cost": 6801.55,"Total Cost": 126584.56,"Plan Rows": 57631,"Plan Width": 260,"Actual Startup Time": 77.339,"Actual Total Time": 288.422,"Actual Rows": 114347,"Actual Loops": 1,"Workers Planned": 3,"Workers Launched": 3,"Single Copy": false,"Plans": [{"Node Type": "Hash Join","Parent Relationship": "Outer","Parallel Aware": false,"Async Capable": false,"Join Type": "Inner","Startup Cost": 5801.55,"Total Cost": 119821.46,"Plan Rows": 18591,"Plan Width": 260,"Actual Startup Time": 69.518,"Actual Total Time": 357.514,"Actual Rows": 28587,"Actual Loops": 4,"Inner Unique": true,"Hash Cond": "(customer.c_nationkey = nation.n_nationkey)","Workers": [],"Plans": [{"Node Type": "Hash Join","Parent Relationship": "Outer","Parallel Aware": true,"Async Capable": false,"Join Type": "Inner","Startup Cost": 5799.99,"Total Cost": 119762.82,"Plan Rows": 18591,"Plan Width": 160,"Actual Startup Time": 69.031,"Actual Total Time": 348.106,"Actual Rows": 28587,"Actual Loops": 4,"Inner Unique": true,"Hash Cond": "(orders.o_custkey = customer.c_custkey)","Workers": [],"Plans": [{"Node Type": "Nested Loop","Parent Relationship": "Outer","Parallel Aware": false,"Async Capable": false,"Join Type": "Inner","Startup Cost": 808.74,"Total Cost": 114722.77,"Plan Rows": 18591,"Plan Width": 16,"Actual Startup Time": 13.204,"Actual Total Time": 250.327,"Actual Rows": 28587,"Actual Loops": 4,"Inner Unique": false,"Workers": [],"Plans": [{"Node Type": "Bitmap Heap Scan","Parent Relationship": "Outer","Parallel Aware": true,"Async Capable": false,"Relation Name": "orders","Alias": "orders","Startup Cost": 808.31,"Total Cost": 27186.49,"Plan Rows": 18879,"Plan Width": 8,"Actual Startup Time": 13.115,"Actual Total Time": 71.395,"Actual Rows": 14278,"Actual Loops": 4,"Recheck Cond": "((o_orderdate >= '1994-08-01'::date) AND (o_orderdate < '1994-11-01 00:00:00'::timestamp without time zone))","Rows Removed by Index Recheck": 0,"Exact Heap Blocks": 3565,"Lossy Heap Blocks": 0,"Workers": [],"Plans": [{"Node Type": "Bitmap Index Scan","Parent Relationship": "Outer","Parallel Aware": false,"Async Capable": false,"Index Name": "idx_orders_orderdate","Startup Cost": 0.00,"Total Cost": 793.68,"Plan Rows": 58525,"Plan Width": 0,"Actual Startup Time": 9.999,"Actual Total Time": 10.002,"Actual Rows": 57111,"Actual Loops": 1,"Index Cond": "((o_orderdate >= '1994-08-01'::date) AND (o_orderdate < '1994-11-01 00:00:00'::timestamp without time zone))","Workers": []}]},{"Node Type": "Index Scan","Parent Relationship": "Inner","Parallel Aware": false,"Async Capable": false,"Scan Direction": "Forward","Index Name": "idx_lineitem_orderkey","Relation Name": "lineitem","Alias": "lineitem","Startup Cost": 0.43,"Total Cost": 4.60,"Plan Rows": 4,"Plan Width": 16,"Actual Startup Time": 0.010,"Actual Total Time": 0.012,"Actual Rows": 2,"Actual Loops": 57111,"Index Cond": "(l_orderkey = orders.o_orderkey)","Rows Removed by Index Recheck": 0,"Filter": "(l_returnflag = 'R'::bpchar)","Rows Removed by Filter": 2,"Workers": []}]},{"Node Type": "Hash","Parent Relationship": "Inner","Parallel Aware": true,"Async Capable": false,"Startup Cost": 4210.00,"Total Cost": 4210.00,"Plan Rows": 62500,"Plan Width": 148,"Actual Startup Time": 55.208,"Actual Total Time": 55.214,"Actual Rows": 37500,"Actual Loops": 4,"Hash Buckets": 262144,"Original Hash Buckets": 262144,"Hash Batches": 1,"Original Hash Batches": 1,"Peak Memory Usage": 29312,"Workers": [],"Plans": [{"Node Type": "Seq Scan","Parent Relationship": "Outer","Parallel Aware": true,"Async Capable": false,"Relation Name": "customer","Alias": "customer","Startup Cost": 0.00,"Total Cost": 4210.00,"Plan Rows": 62500,"Plan Width": 148,"Actual Startup Time": 0.029,"Actual Total Time": 24.765,"Actual Rows": 37500,"Actual Loops": 4,"Workers": []}]}]},{"Node Type": "Hash","Parent Relationship": "Inner","Parallel Aware": false,"Async Capable": false,"Startup Cost": 1.25,"Total Cost": 1.25,"Plan Rows": 25,"Plan Width": 108,"Actual Startup Time": 0.096,"Actual Total Time": 0.101,"Actual Rows": 25,"Actual Loops": 4,"Hash Buckets": 1024,"Original Hash Buckets": 1024,"Hash Batches": 1,"Original Hash Batches": 1,"Peak Memory Usage": 10,"Workers": [],"Plans": [{"Node Type": "Seq Scan","Parent Relationship": "Outer","Parallel Aware": false,"Async Capable": false,"Relation Name": "nation","Alias": "nation","Startup Cost": 0.00,"Total Cost": 1.25,"Plan Rows": 25,"Plan Width": 108,"Actual Startup Time": 0.058,"Actual Total Time": 0.064,"Actual Rows": 25,"Actual Loops": 4,"Workers": []}]}]}]}]}]},"Planning Time": 6.903,"Triggers": [],"Execution Time": 641.389}]
[{"Plan": {"Node Type": "Sort","Parallel Aware": false,"Async Capable": false,"Startup Cost": 128172.02,"Total Cost": 128307.83,"Plan Rows": 54323,"Plan Width": 280,"Actual Startup Time": 580.875,"Actual Total Time": 621.555,"Actual Rows": 37633,"Actual Loops": 1,"Sort Key": ["(sum((lineitem.l_extendedprice * ('1'::numeric - lineitem.l_discount)))) DESC"],"Sort Method": "quicksort","Sort Space Used": 9771,"Sort Space Type": "Memory","Plans": [{"Node Type": "Aggregate","Strategy": "Hashed","Partial Mode": "Simple","Parent Relationship": "Outer","Parallel Aware": false,"Async Capable": false,"Startup Cost": 123220.68,"Total Cost": 123899.72,"Plan Rows": 54323,"Plan Width": 280,"Actual Startup Time": 405.186,"Actual Total Time": 549.451,"Actual Rows": 37633,"Actual Loops": 1,"Group Key": ["customer.c_custkey", "nation.n_name"],"Planned Partitions": 0,"HashAgg Batches": 1,"Peak Memory Usage": 26129,"Disk Usage": 0,"Plans": [{"Node Type": "Gather","Parent Relationship": "Outer","Parallel Aware": false,"Async Capable": false,"Startup Cost": 6755.11,"Total Cost": 122541.64,"Plan Rows": 54323,"Plan Width": 260,"Actual Startup Time": 76.087,"Actual Total Time": 280.080,"Actual Rows": 112740,"Actual Loops": 1,"Workers Planned": 3,"Workers Launched": 3,"Single Copy": false,"Plans": [{"Node Type": "Hash Join","Parent Relationship": "Outer","Parallel Aware": false,"Async Capable": false,"Join Type": "Inner","Startup Cost": 5755.11,"Total Cost": 116109.34,"Plan Rows": 17524,"Plan Width": 260,"Actual Startup Time": 69.042,"Actual Total Time": 350.531,"Actual Rows": 28185,"Actual Loops": 4,"Inner Unique": true,"Hash Cond": "(customer.c_nationkey = nation.n_nationkey)","Workers": [],"Plans": [{"Node Type": "Hash Join","Parent Relationship": "Outer","Parallel Aware": true,"Async Capable": false,"Join Type": "Inner","Startup Cost": 5753.55,"Total Cost": 116053.98,"Plan Rows": 17524,"Plan Width": 160,"Actual Startup Time": 68.729,"Actual Total Time": 342.552,"Actual Rows": 28185,"Actual Loops": 4,"Inner Unique": true,"Hash Cond": "(orders.o_custkey = customer.c_custkey)","Workers": [],"Plans": [{"Node Type": "Nested Loop","Parent Relationship": "Outer","Parallel Aware": false,"Async Capable": false,"Join Type": "Inner","Startup Cost": 762.30,"Total Cost": 111016.73,"Plan Rows": 17524,"Plan Width": 16,"Actual Startup Time": 13.194,"Actual Total Time": 245.701,"Actual Rows": 28185,"Actual Loops": 4,"Inner Unique": false,"Workers": [],"Plans": [{"Node Type": "Bitmap Heap Scan","Parent Relationship": "Outer","Parallel Aware": true,"Async Capable": false,"Relation Name": "orders","Alias": "orders","Startup Cost": 761.87,"Total Cost": 27123.80,"Plan Rows": 17795,"Plan Width": 8,"Actual Startup Time": 13.139,"Actual Total Time": 70.147,"Actual Rows": 14108,"Actual Loops": 4,"Recheck Cond": "((o_orderdate >= '1993-04-01'::date) AND (o_orderdate < '1993-07-01 00:00:00'::timestamp without time zone))","Rows Removed by Index Recheck": 0,"Exact Heap Blocks": 3504,"Lossy Heap Blocks": 0,"Workers": [],"Plans": [{"Node Type": "Bitmap Index Scan","Parent Relationship": "Outer","Parallel Aware": false,"Async Capable": false,"Index Name": "idx_orders_orderdate","Startup Cost": 0.00,"Total Cost": 748.08,"Plan Rows": 55165,"Plan Width": 0,"Actual Startup Time": 10.077,"Actual Total Time": 10.080,"Actual Rows": 56434,"Actual Loops": 1,"Index Cond": "((o_orderdate >= '1993-04-01'::date) AND (o_orderdate < '1993-07-01 00:00:00'::timestamp without time zone))","Workers": []}]},{"Node Type": "Index Scan","Parent Relationship": "Inner","Parallel Aware": false,"Async Capable": false,"Scan Direction": "Forward","Index Name": "idx_lineitem_orderkey","Relation Name": "lineitem","Alias": "lineitem","Startup Cost": 0.43,"Total Cost": 4.67,"Plan Rows": 4,"Plan Width": 16,"Actual Startup Time": 0.010,"Actual Total Time": 0.012,"Actual Rows": 2,"Actual Loops": 56434,"Index Cond": "(l_orderkey = orders.o_orderkey)","Rows Removed by Index Recheck": 0,"Filter": "(l_returnflag = 'R'::bpchar)","Rows Removed by Filter": 2,"Workers": []}]},{"Node Type": "Hash","Parent Relationship": "Inner","Parallel Aware": true,"Async Capable": false,"Startup Cost": 4210.00,"Total Cost": 4210.00,"Plan Rows": 62500,"Plan Width": 148,"Actual Startup Time": 54.995,"Actual Total Time": 55.002,"Actual Rows": 37500,"Actual Loops": 4,"Hash Buckets": 262144,"Original Hash Buckets": 262144,"Hash Batches": 1,"Original Hash Batches": 1,"Peak Memory Usage": 29312,"Workers": [],"Plans": [{"Node Type": "Seq Scan","Parent Relationship": "Outer","Parallel Aware": true,"Async Capable": false,"Relation Name": "customer","Alias": "customer","Startup Cost": 0.00,"Total Cost": 4210.00,"Plan Rows": 62500,"Plan Width": 148,"Actual Startup Time": 0.020,"Actual Total Time": 23.497,"Actual Rows": 37500,"Actual Loops": 4,"Workers": []}]}]},{"Node Type": "Hash","Parent Relationship": "Inner","Parallel Aware": false,"Async Capable": false,"Startup Cost": 1.25,"Total Cost": 1.25,"Plan Rows": 25,"Plan Width": 108,"Actual Startup Time": 0.072,"Actual Total Time": 0.079,"Actual Rows": 25,"Actual Loops": 4,"Hash Buckets": 1024,"Original Hash Buckets": 1024,"Hash Batches": 1,"Original Hash Batches": 1,"Peak Memory Usage": 10,"Workers": [],"Plans": [{"Node Type": "Seq Scan","Parent Relationship": "Outer","Parallel Aware": false,"Async Capable": false,"Relation Name": "nation","Alias": "nation","Startup Cost": 0.00,"Total Cost": 1.25,"Plan Rows": 25,"Plan Width": 108,"Actual Startup Time": 0.049,"Actual Total Time": 0.055,"Actual Rows": 25,"Actual Loops": 4,"Workers": []}]}]}]}]}]},"Planning Time": 7.486,"Triggers": [],"Execution Time": 627.374}]
[{"Plan": {"Node Type": "Sort","Parallel Aware": false,"Async Capable": false,"Startup Cost": 131080.21,"Total Cost": 131221.46,"Plan Rows": 56499,"Plan Width": 280,"Actual Startup Time": 607.607,"Actual Total Time": 646.377,"Actual Rows": 37607,"Actual Loops": 1,"Sort Key": ["(sum((lineitem.l_extendedprice * ('1'::numeric - lineitem.l_discount)))) DESC"],"Sort Method": "quicksort","Sort Space Used": 9755,"Sort Space Type": "Memory","Plans": [{"Node Type": "Aggregate","Strategy": "Hashed","Partial Mode": "Simple","Parent Relationship": "Outer","Parallel Aware": false,"Async Capable": false,"Startup Cost": 125914.53,"Total Cost": 126620.77,"Plan Rows": 56499,"Plan Width": 280,"Actual Startup Time": 421.745,"Actual Total Time": 572.585,"Actual Rows": 37607,"Actual Loops": 1,"Group Key": ["customer.c_custkey", "nation.n_name"],"Planned Partitions": 0,"HashAgg Batches": 1,"Peak Memory Usage": 26129,"Disk Usage": 0,"Plans": [{"Node Type": "Gather","Parent Relationship": "Outer","Parallel Aware": false,"Async Capable": false,"Startup Cost": 6785.77,"Total Cost": 125208.29,"Plan Rows": 56499,"Plan Width": 260,"Actual Startup Time": 84.737,"Actual Total Time": 294.745,"Actual Rows": 112798,"Actual Loops": 1,"Workers Planned": 3,"Workers Launched": 3,"Single Copy": false,"Plans": [{"Node Type": "Hash Join","Parent Relationship": "Outer","Parallel Aware": false,"Async Capable": false,"Join Type": "Inner","Startup Cost": 5785.77,"Total Cost": 118558.39,"Plan Rows": 18225,"Plan Width": 260,"Actual Startup Time": 77.703,"Actual Total Time": 365.765,"Actual Rows": 28200,"Actual Loops": 4,"Inner Unique": true,"Hash Cond": "(customer.c_nationkey = nation.n_nationkey)","Workers": [],"Plans": [{"Node Type": "Hash Join","Parent Relationship": "Outer","Parallel Aware": true,"Async Capable": false,"Join Type": "Inner","Startup Cost": 5784.20,"Total Cost": 118500.88,"Plan Rows": 18225,"Plan Width": 160,"Actual Startup Time": 77.334,"Actual Total Time": 357.276,"Actual Rows": 28200,"Actual Loops": 4,"Inner Unique": true,"Hash Cond": "(orders.o_custkey = customer.c_custkey)","Workers": [],"Plans": [{"Node Type": "Nested Loop","Parent Relationship": "Outer","Parallel Aware": false,"Async Capable": false,"Join Type": "Inner","Startup Cost": 792.95,"Total Cost": 113461.79,"Plan Rows": 18225,"Plan Width": 16,"Actual Startup Time": 13.152,"Actual Total Time": 254.573,"Actual Rows": 28200,"Actual Loops": 4,"Inner Unique": false,"Workers": [],"Plans": [{"Node Type": "Bitmap Heap Scan","Parent Relationship": "Outer","Parallel Aware": true,"Async Capable": false,"Relation Name": "orders","Alias": "orders","Startup Cost": 792.52,"Total Cost": 27165.14,"Plan Rows": 18508,"Plan Width": 8,"Actual Startup Time": 13.088,"Actual Total Time": 71.143,"Actual Rows": 14087,"Actual Loops": 4,"Recheck Cond": "((o_orderdate >= '1994-01-01'::date) AND (o_orderdate < '1994-04-01 00:00:00'::timestamp without time zone))","Rows Removed by Index Recheck": 0,"Exact Heap Blocks": 3702,"Lossy Heap Blocks": 0,"Workers": [],"Plans": [{"Node Type": "Bitmap Index Scan","Parent Relationship": "Outer","Parallel Aware": false,"Async Capable": false,"Index Name": "idx_orders_orderdate","Startup Cost": 0.00,"Total Cost": 778.18,"Plan Rows": 57375,"Plan Width": 0,"Actual Startup Time": 9.927,"Actual Total Time": 9.934,"Actual Rows": 56349,"Actual Loops": 1,"Index Cond": "((o_orderdate >= '1994-01-01'::date) AND (o_orderdate < '1994-04-01 00:00:00'::timestamp without time zone))","Workers": []}]},{"Node Type": "Index Scan","Parent Relationship": "Inner","Parallel Aware": false,"Async Capable": false,"Scan Direction": "Forward","Index Name": "idx_lineitem_orderkey","Relation Name": "lineitem","Alias": "lineitem","Startup Cost": 0.43,"Total Cost": 4.62,"Plan Rows": 4,"Plan Width": 16,"Actual Startup Time": 0.011,"Actual Total Time": 0.013,"Actual Rows": 2,"Actual Loops": 56349,"Index Cond": "(l_orderkey = orders.o_orderkey)","Rows Removed by Index Recheck": 0,"Filter": "(l_returnflag = 'R'::bpchar)","Rows Removed by Filter": 2,"Workers": []}]},{"Node Type": "Hash","Parent Relationship": "Inner","Parallel Aware": true,"Async Capable": false,"Startup Cost": 4210.00,"Total Cost": 4210.00,"Plan Rows": 62500,"Plan Width": 148,"Actual Startup Time": 63.582,"Actual Total Time": 63.588,"Actual Rows": 37500,"Actual Loops": 4,"Hash Buckets": 262144,"Original Hash Buckets": 262144,"Hash Batches": 1,"Original Hash Batches": 1,"Peak Memory Usage": 29312,"Workers": [],"Plans": [{"Node Type": "Seq Scan","Parent Relationship": "Outer","Parallel Aware": true,"Async Capable": false,"Relation Name": "customer","Alias": "customer","Startup Cost": 0.00,"Total Cost": 4210.00,"Plan Rows": 62500,"Plan Width": 148,"Actual Startup Time": 0.028,"Actual Total Time": 28.690,"Actual Rows": 37500,"Actual Loops": 4,"Workers": []}]}]},{"Node Type": "Hash","Parent Relationship": "Inner","Parallel Aware": false,"Async Capable": false,"Startup Cost": 1.25,"Total Cost": 1.25,"Plan Rows": 25,"Plan Width": 108,"Actual Startup Time": 0.094,"Actual Total Time": 0.100,"Actual Rows": 25,"Actual Loops": 4,"Hash Buckets": 1024,"Original Hash Buckets": 1024,"Hash Batches": 1,"Original Hash Batches": 1,"Peak Memory Usage": 10,"Workers": [],"Plans": [{"Node Type": "Seq Scan","Parent Relationship": "Outer","Parallel Aware": false,"Async Capable": false,"Relation Name": "nation","Alias": "nation","Startup Cost": 0.00,"Total Cost": 1.25,"Plan Rows": 25,"Plan Width": 108,"Actual Startup Time": 0.060,"Actual Total Time": 0.067,"Actual Rows": 25,"Actual Loops": 4,"Workers": []}]}]}]}]}]},"Planning Time": 7.215,"Triggers": [],"Execution Time": 650.753}]
[{"Plan": {"Node Type": "Sort","Parallel Aware": false,"Async Capable": false,"Startup Cost": 132260.34,"Total Cost": 132403.81,"Plan Rows": 57388,"Plan Width": 280,"Actual Startup Time": 619.828,"Actual Total Time": 659.334,"Actual Rows": 38182,"Actual Loops": 1,"Sort Key": ["(sum((lineitem.l_extendedprice * ('1'::numeric - lineitem.l_discount)))) DESC"],"Sort Method": "quicksort","Sort Space Used": 9879,"Sort Space Type": "Memory","Plans": [{"Node Type": "Aggregate","Strategy": "Hashed","Partial Mode": "Simple","Parent Relationship": "Outer","Parallel Aware": false,"Async Capable": false,"Startup Cost": 127006.91,"Total Cost": 127724.26,"Plan Rows": 57388,"Plan Width": 280,"Actual Startup Time": 430.185,"Actual Total Time": 588.903,"Actual Rows": 38182,"Actual Loops": 1,"Group Key": ["customer.c_custkey", "nation.n_name"],"Planned Partitions": 0,"HashAgg Batches": 1,"Peak Memory Usage": 26129,"Disk Usage": 0,"Plans": [{"Node Type": "Gather","Parent Relationship": "Outer","Parallel Aware": false,"Async Capable": false,"Startup Cost": 6799.02,"Total Cost": 126289.56,"Plan Rows": 57388,"Plan Width": 260,"Actual Startup Time": 89.737,"Actual Total Time": 296.974,"Actual Rows": 115050,"Actual Loops": 1,"Workers Planned": 3,"Workers Launched": 3,"Single Copy": false,"Plans": [{"Node Type": "Hash Join","Parent Relationship": "Outer","Parallel Aware": false,"Async Capable": false,"Join Type": "Inner","Startup Cost": 5799.02,"Total Cost": 119550.76,"Plan Rows": 18512,"Plan Width": 260,"Actual Startup Time": 82.322,"Actual Total Time": 373.404,"Actual Rows": 28762,"Actual Loops": 4,"Inner Unique": true,"Hash Cond": "(customer.c_nationkey = nation.n_nationkey)","Workers": [],"Plans": [{"Node Type": "Hash Join","Parent Relationship": "Outer","Parallel Aware": true,"Async Capable": false,"Join Type": "Inner","Startup Cost": 5797.46,"Total Cost": 119492.37,"Plan Rows": 18512,"Plan Width": 160,"Actual Startup Time": 81.937,"Actual Total Time": 363.986,"Actual Rows": 28762,"Actual Loops": 4,"Inner Unique": true,"Hash Cond": "(orders.o_custkey = customer.c_custkey)","Workers": [],"Plans": [{"Node Type": "Nested Loop","Parent Relationship": "Outer","Parallel Aware": false,"Async Capable": false,"Join Type": "Inner","Startup Cost": 806.21,"Total Cost": 114452.53,"Plan Rows": 18513,"Plan Width": 16,"Actual Startup Time": 13.433,"Actual Total Time": 253.545,"Actual Rows": 28762,"Actual Loops": 4,"Inner Unique": false,"Workers": [],"Plans": [{"Node Type": "Bitmap Heap Scan","Parent Relationship": "Outer","Parallel Aware": true,"Async Capable": false,"Relation Name": "orders","Alias": "orders","Startup Cost": 805.78,"Total Cost": 27182.77,"Plan Rows": 18799,"Plan Width": 8,"Actual Startup Time": 13.373,"Actual Total Time": 70.825,"Actual Rows": 14368,"Actual Loops": 4,"Recheck Cond": "((o_orderdate >= '1994-06-01'::date) AND (o_orderdate < '1994-09-01 00:00:00'::timestamp without time zone))","Rows Removed by Index Recheck": 0,"Exact Heap Blocks": 3680,"Lossy Heap Blocks": 0,"Workers": [],"Plans": [{"Node Type": "Bitmap Index Scan","Parent Relationship": "Outer","Parallel Aware": false,"Async Capable": false,"Index Name": "idx_orders_orderdate","Startup Cost": 0.00,"Total Cost": 791.21,"Plan Rows": 58278,"Plan Width": 0,"Actual Startup Time": 10.272,"Actual Total Time": 10.276,"Actual Rows": 57474,"Actual Loops": 1,"Index Cond": "((o_orderdate >= '1994-06-01'::date) AND (o_orderdate < '1994-09-01 00:00:00'::timestamp without time zone))","Workers": []}]},{"Node Type": "Index Scan","Parent Relationship": "Inner","Parallel Aware": false,"Async Capable": false,"Scan Direction": "Forward","Index Name": "idx_lineitem_orderkey","Relation Name": "lineitem","Alias": "lineitem","Startup Cost": 0.43,"Total Cost": 4.60,"Plan Rows": 4,"Plan Width": 16,"Actual Startup Time": 0.010,"Actual Total Time": 0.012,"Actual Rows": 2,"Actual Loops": 57474,"Index Cond": "(l_orderkey = orders.o_orderkey)","Rows Removed by Index Recheck": 0,"Filter": "(l_returnflag = 'R'::bpchar)","Rows Removed by Filter": 2,"Workers": []}]},{"Node Type": "Hash","Parent Relationship": "Inner","Parallel Aware": true,"Async Capable": false,"Startup Cost": 4210.00,"Total Cost": 4210.00,"Plan Rows": 62500,"Plan Width": 148,"Actual Startup Time": 67.921,"Actual Total Time": 67.927,"Actual Rows": 37500,"Actual Loops": 4,"Hash Buckets": 262144,"Original Hash Buckets": 262144,"Hash Batches": 1,"Original Hash Batches": 1,"Peak Memory Usage": 29312,"Workers": [],"Plans": [{"Node Type": "Seq Scan","Parent Relationship": "Outer","Parallel Aware": true,"Async Capable": false,"Relation Name": "customer","Alias": "customer","Startup Cost": 0.00,"Total Cost": 4210.00,"Plan Rows": 62500,"Plan Width": 148,"Actual Startup Time": 0.026,"Actual Total Time": 28.832,"Actual Rows": 37500,"Actual Loops": 4,"Workers": []}]}]},{"Node Type": "Hash","Parent Relationship": "Inner","Parallel Aware": false,"Async Capable": false,"Startup Cost": 1.25,"Total Cost": 1.25,"Plan Rows": 25,"Plan Width": 108,"Actual Startup Time": 0.096,"Actual Total Time": 0.101,"Actual Rows": 25,"Actual Loops": 4,"Hash Buckets": 1024,"Original Hash Buckets": 1024,"Hash Batches": 1,"Original Hash Batches": 1,"Peak Memory Usage": 10,"Workers": [],"Plans": [{"Node Type": "Seq Scan","Parent Relationship": "Outer","Parallel Aware": false,"Async Capable": false,"Relation Name": "nation","Alias": "nation","Startup Cost": 0.00,"Total Cost": 1.25,"Plan Rows": 25,"Plan Width": 108,"Actual Startup Time": 0.064,"Actual Total Time": 0.070,"Actual Rows": 25,"Actual Loops": 4,"Workers": []}]}]}]}]}]},"Planning Time": 7.103,"Triggers": [],"Execution Time": 663.701}]
[{"Plan": {"Node Type": "Sort","Parallel Aware": false,"Async Capable": false,"Startup Cost": 130975.09,"Total Cost": 131116.14,"Plan Rows": 56420,"Plan Width": 280,"Actual Startup Time": 559.129,"Actual Total Time": 601.162,"Actual Rows": 37859,"Actual Loops": 1,"Sort Key": ["(sum((lineitem.l_extendedprice * ('1'::numeric - lineitem.l_discount)))) DESC"],"Sort Method": "quicksort","Sort Space Used": 9818,"Sort Space Type": "Memory","Plans": [{"Node Type": "Aggregate","Strategy": "Hashed","Partial Mode": "Simple","Parent Relationship": "Outer","Parallel Aware": false,"Async Capable": false,"Startup Cost": 125817.20,"Total Cost": 126522.45,"Plan Rows": 56420,"Plan Width": 280,"Actual Startup Time": 383.531,"Actual Total Time": 530.212,"Actual Rows": 37859,"Actual Loops": 1,"Group Key": ["customer.c_custkey", "nation.n_name"],"Planned Partitions": 0,"HashAgg Batches": 1,"Peak Memory Usage": 26129,"Disk Usage": 0,"Plans": [{"Node Type": "Gather","Parent Relationship": "Outer","Parallel Aware": false,"Async Capable": false,"Startup Cost": 6784.95,"Total Cost": 125111.95,"Plan Rows": 56420,"Plan Width": 260,"Actual Startup Time": 70.081,"Actual Total Time": 265.015,"Actual Rows": 114028,"Actual Loops": 1,"Workers Planned": 3,"Workers Launched": 3,"Single Copy": false,"Plans": [{"Node Type": "Hash Join","Parent Relationship": "Outer","Parallel Aware": false,"Async Capable": false,"Join Type": "Inner","Startup Cost": 5784.95,"Total Cost": 118469.95,"Plan Rows": 18200,"Plan Width": 260,"Actual Startup Time": 62.841,"Actual Total Time": 330.296,"Actual Rows": 28507,"Actual Loops": 4,"Inner Unique": true,"Hash Cond": "(customer.c_nationkey = nation.n_nationkey)","Workers": [],"Plans": [{"Node Type": "Hash Join","Parent Relationship": "Outer","Parallel Aware": true,"Async Capable": false,"Join Type": "Inner","Startup Cost": 5783.38,"Total Cost": 118412.51,"Plan Rows": 18200,"Plan Width": 160,"Actual Startup Time": 62.430,"Actual Total Time": 322.490,"Actual Rows": 28507,"Actual Loops": 4,"Inner Unique": true,"Hash Cond": "(orders.o_custkey = customer.c_custkey)","Workers": [],"Plans": [{"Node Type": "Nested Loop","Parent Relationship": "Outer","Parallel Aware": false,"Async Capable": false,"Join Type": "Inner","Startup Cost": 792.13,"Total Cost": 113373.49,"Plan Rows": 18200,"Plan Width": 16,"Actual Startup Time": 13.021,"Actual Total Time": 238.266,"Actual Rows": 28507,"Actual Loops": 4,"Inner Unique": false,"Workers": [],"Plans": [{"Node Type": "Bitmap Heap Scan","Parent Relationship": "Outer","Parallel Aware": true,"Async Capable": false,"Relation Name": "orders","Alias": "orders","Startup Cost": 791.70,"Total Cost": 27163.94,"Plan Rows": 18482,"Plan Width": 8,"Actual Startup Time": 12.954,"Actual Total Time": 66.534,"Actual Rows": 14234,"Actual Loops": 4,"Recheck Cond": "((o_orderdate >= '1993-03-01'::date) AND (o_orderdate < '1993-06-01 00:00:00'::timestamp without time zone))","Rows Removed by Index Recheck": 0,"Exact Heap Blocks": 3517,"Lossy Heap Blocks": 0,"Workers": [],"Plans": [{"Node Type": "Bitmap Index Scan","Parent Relationship": "Outer","Parallel Aware": false,"Async Capable": false,"Index Name": "idx_orders_orderdate","Startup Cost": 0.00,"Total Cost": 777.38,"Plan Rows": 57295,"Plan Width": 0,"Actual Startup Time": 9.836,"Actual Total Time": 9.842,"Actual Rows": 56934,"Actual Loops": 1,"Index Cond": "((o_orderdate >= '1993-03-01'::date) AND (o_orderdate < '1993-06-01 00:00:00'::timestamp without time zone))","Workers": []}]},{"Node Type": "Index Scan","Parent Relationship": "Inner","Parallel Aware": false,"Async Capable": false,"Scan Direction": "Forward","Index Name": "idx_lineitem_orderkey","Relation Name": "lineitem","Alias": "lineitem","Startup Cost": 0.43,"Total Cost": 4.62,"Plan Rows": 4,"Plan Width": 16,"Actual Startup Time": 0.010,"Actual Total Time": 0.012,"Actual Rows": 2,"Actual Loops": 56934,"Index Cond": "(l_orderkey = orders.o_orderkey)","Rows Removed by Index Recheck": 0,"Filter": "(l_returnflag = 'R'::bpchar)","Rows Removed by Filter": 2,"Workers": []}]},{"Node Type": "Hash","Parent Relationship": "Inner","Parallel Aware": true,"Async Capable": false,"Startup Cost": 4210.00,"Total Cost": 4210.00,"Plan Rows": 62500,"Plan Width": 148,"Actual Startup Time": 48.797,"Actual Total Time": 48.806,"Actual Rows": 37500,"Actual Loops": 4,"Hash Buckets": 262144,"Original Hash Buckets": 262144,"Hash Batches": 1,"Original Hash Batches": 1,"Peak Memory Usage": 29344,"Workers": [],"Plans": [{"Node Type": "Seq Scan","Parent Relationship": "Outer","Parallel Aware": true,"Async Capable": false,"Relation Name": "customer","Alias": "customer","Startup Cost": 0.00,"Total Cost": 4210.00,"Plan Rows": 62500,"Plan Width": 148,"Actual Startup Time": 0.027,"Actual Total Time": 20.617,"Actual Rows": 37500,"Actual Loops": 4,"Workers": []}]}]},{"Node Type": "Hash","Parent Relationship": "Inner","Parallel Aware": false,"Async Capable": false,"Startup Cost": 1.25,"Total Cost": 1.25,"Plan Rows": 25,"Plan Width": 108,"Actual Startup Time": 0.102,"Actual Total Time": 0.108,"Actual Rows": 25,"Actual Loops": 4,"Hash Buckets": 1024,"Original Hash Buckets": 1024,"Hash Batches": 1,"Original Hash Batches": 1,"Peak Memory Usage": 10,"Workers": [],"Plans": [{"Node Type": "Seq Scan","Parent Relationship": "Outer","Parallel Aware": false,"Async Capable": false,"Relation Name": "nation","Alias": "nation","Startup Cost": 0.00,"Total Cost": 1.25,"Plan Rows": 25,"Plan Width": 108,"Actual Startup Time": 0.068,"Actual Total Time": 0.076,"Actual Rows": 25,"Actual Loops": 4,"Workers": []}]}]}]}]}]},"Planning Time": 7.017,"Triggers": [],"Execution Time": 606.974}]
[{"Plan": {"Node Type": "Sort","Parallel Aware": false,"Async Capable": false,"Startup Cost": 132293.09,"Total Cost": 132436.61,"Plan Rows": 57411,"Plan Width": 280,"Actual Startup Time": 612.013,"Actual Total Time": 652.224,"Actual Rows": 37922,"Actual Loops": 1,"Sort Key": ["(sum((lineitem.l_extendedprice * ('1'::numeric - lineitem.l_discount)))) DESC"],"Sort Method": "quicksort","Sort Space Used": 9827,"Sort Space Type": "Memory","Plans": [{"Node Type": "Aggregate","Strategy": "Hashed","Partial Mode": "Simple","Parent Relationship": "Outer","Parallel Aware": false,"Async Capable": false,"Startup Cost": 127037.38,"Total Cost": 127755.02,"Plan Rows": 57411,"Plan Width": 280,"Actual Startup Time": 427.597,"Actual Total Time": 578.840,"Actual Rows": 37922,"Actual Loops": 1,"Group Key": ["customer.c_custkey", "nation.n_name"],"Planned Partitions": 0,"HashAgg Batches": 1,"Peak Memory Usage": 26129,"Disk Usage": 0,"Plans": [{"Node Type": "Gather","Parent Relationship": "Outer","Parallel Aware": false,"Async Capable": false,"Startup Cost": 6799.26,"Total Cost": 126319.75,"Plan Rows": 57411,"Plan Width": 260,"Actual Startup Time": 84.985,"Actual Total Time": 295.027,"Actual Rows": 114929,"Actual Loops": 1,"Workers Planned": 3,"Workers Launched": 3,"Single Copy": false,"Plans": [{"Node Type": "Hash Join","Parent Relationship": "Outer","Parallel Aware": false,"Async Capable": false,"Join Type": "Inner","Startup Cost": 5799.26,"Total Cost": 119578.65,"Plan Rows": 18520,"Plan Width": 260,"Actual Startup Time": 77.490,"Actual Total Time": 369.817,"Actual Rows": 28732,"Actual Loops": 4,"Inner Unique": true,"Hash Cond": "(customer.c_nationkey = nation.n_nationkey)","Workers": [],"Plans": [{"Node Type": "Hash Join","Parent Relationship": "Outer","Parallel Aware": true,"Async Capable": false,"Join Type": "Inner","Startup Cost": 5797.70,"Total Cost": 119520.23,"Plan Rows": 18520,"Plan Width": 160,"Actual Startup Time": 77.066,"Actual Total Time": 360.808,"Actual Rows": 28732,"Actual Loops": 4,"Inner Unique": true,"Hash Cond": "(orders.o_custkey = customer.c_custkey)","Workers": [],"Plans": [{"Node Type": "Nested Loop","Parent Relationship": "Outer","Parallel Aware": false,"Async Capable": false,"Join Type": "Inner","Startup Cost": 806.45,"Total Cost": 114480.36,"Plan Rows": 18520,"Plan Width": 16,"Actual Startup Time": 13.430,"Actual Total Time": 255.437,"Actual Rows": 28732,"Actual Loops": 4,"Inner Unique": false,"Workers": [],"Plans": [{"Node Type": "Bitmap Heap Scan","Parent Relationship": "Outer","Parallel Aware": true,"Async Capable": false,"Relation Name": "orders","Alias": "orders","Startup Cost": 806.01,"Total Cost": 27183.11,"Plan Rows": 18807,"Plan Width": 8,"Actual Startup Time": 13.367,"Actual Total Time": 72.208,"Actual Rows": 14355,"Actual Loops": 4,"Recheck Cond": "((o_orderdate >= '1994-03-01'::date) AND (o_orderdate < '1994-06-01 00:00:00'::timestamp without time zone))","Rows Removed by Index Recheck": 0,"Exact Heap Blocks": 3712,"Lossy Heap Blocks": 0,"Workers": [],"Plans": [{"Node Type": "Bitmap Index Scan","Parent Relationship": "Outer","Parallel Aware": false,"Async Capable": false,"Index Name": "idx_orders_orderdate","Startup Cost": 0.00,"Total Cost": 791.44,"Plan Rows": 58301,"Plan Width": 0,"Actual Startup Time": 10.180,"Actual Total Time": 10.183,"Actual Rows": 57420,"Actual Loops": 1,"Index Cond": "((o_orderdate >= '1994-03-01'::date) AND (o_orderdate < '1994-06-01 00:00:00'::timestamp without time zone))","Workers": []}]},{"Node Type": "Index Scan","Parent Relationship": "Inner","Parallel Aware": false,"Async Capable": false,"Scan Direction": "Forward","Index Name": "idx_lineitem_orderkey","Relation Name": "lineitem","Alias": "lineitem","Startup Cost": 0.43,"Total Cost": 4.60,"Plan Rows": 4,"Plan Width": 16,"Actual Startup Time": 0.010,"Actual Total Time": 0.012,"Actual Rows": 2,"Actual Loops": 57420,"Index Cond": "(l_orderkey = orders.o_orderkey)","Rows Removed by Index Recheck": 0,"Filter": "(l_returnflag = 'R'::bpchar)","Rows Removed by Filter": 2,"Workers": []}]},{"Node Type": "Hash","Parent Relationship": "Inner","Parallel Aware": true,"Async Capable": false,"Startup Cost": 4210.00,"Total Cost": 4210.00,"Plan Rows": 62500,"Plan Width": 148,"Actual Startup Time": 63.095,"Actual Total Time": 63.101,"Actual Rows": 37500,"Actual Loops": 4,"Hash Buckets": 262144,"Original Hash Buckets": 262144,"Hash Batches": 1,"Original Hash Batches": 1,"Peak Memory Usage": 29280,"Workers": [],"Plans": [{"Node Type": "Seq Scan","Parent Relationship": "Outer","Parallel Aware": true,"Async Capable": false,"Relation Name": "customer","Alias": "customer","Startup Cost": 0.00,"Total Cost": 4210.00,"Plan Rows": 62500,"Plan Width": 148,"Actual Startup Time": 0.041,"Actual Total Time": 28.071,"Actual Rows": 37500,"Actual Loops": 4,"Workers": []}]}]},{"Node Type": "Hash","Parent Relationship": "Inner","Parallel Aware": false,"Async Capable": false,"Startup Cost": 1.25,"Total Cost": 1.25,"Plan Rows": 25,"Plan Width": 108,"Actual Startup Time": 0.097,"Actual Total Time": 0.101,"Actual Rows": 25,"Actual Loops": 4,"Hash Buckets": 1024,"Original Hash Buckets": 1024,"Hash Batches": 1,"Original Hash Batches": 1,"Peak Memory Usage": 10,"Workers": [],"Plans": [{"Node Type": "Seq Scan","Parent Relationship": "Outer","Parallel Aware": false,"Async Capable": false,"Relation Name": "nation","Alias": "nation","Startup Cost": 0.00,"Total Cost": 1.25,"Plan Rows": 25,"Plan Width": 108,"Actual Startup Time": 0.065,"Actual Total Time": 0.071,"Actual Rows": 25,"Actual Loops": 4,"Workers": []}]}]}]}]}]},"Planning Time": 6.342,"Triggers": [],"Execution Time": 656.718}]
[{"Plan": {"Node Type": "Sort","Parallel Aware": false,"Async Capable": false,"Startup Cost": 131330.41,"Total Cost": 131472.12,"Plan Rows": 56686,"Plan Width": 280,"Actual Startup Time": 587.483,"Actual Total Time": 628.086,"Actual Rows": 37925,"Actual Loops": 1,"Sort Key": ["(sum((lineitem.l_extendedprice * ('1'::numeric - lineitem.l_discount)))) DESC"],"Sort Method": "quicksort","Sort Space Used": 9832,"Sort Space Type": "Memory","Plans": [{"Node Type": "Aggregate","Strategy": "Hashed","Partial Mode": "Simple","Parent Relationship": "Outer","Parallel Aware": false,"Async Capable": false,"Startup Cost": 126146.27,"Total Cost": 126854.85,"Plan Rows": 56686,"Plan Width": 280,"Actual Startup Time": 410.388,"Actual Total Time": 556.054,"Actual Rows": 37925,"Actual Loops": 1,"Group Key": ["customer.c_custkey", "nation.n_name"],"Planned Partitions": 0,"HashAgg Batches": 1,"Peak Memory Usage": 26129,"Disk Usage": 0,"Plans": [{"Node Type": "Gather","Parent Relationship": "Outer","Parallel Aware": false,"Async Capable": false,"Startup Cost": 6791.71,"Total Cost": 125437.70,"Plan Rows": 56686,"Plan Width": 260,"Actual Startup Time": 76.070,"Actual Total Time": 284.431,"Actual Rows": 114550,"Actual Loops": 1,"Workers Planned": 3,"Workers Launched": 3,"Single Copy": false,"Plans": [{"Node Type": "Hash Join","Parent Relationship": "Outer","Parallel Aware": false,"Async Capable": false,"Join Type": "Inner","Startup Cost": 5791.71,"Total Cost": 118769.10,"Plan Rows": 18286,"Plan Width": 260,"Actual Startup Time": 68.409,"Actual Total Time": 355.040,"Actual Rows": 28638,"Actual Loops": 4,"Inner Unique": true,"Hash Cond": "(customer.c_nationkey = nation.n_nationkey)","Workers": [],"Plans": [{"Node Type": "Hash Join","Parent Relationship": "Outer","Parallel Aware": true,"Async Capable": false,"Join Type": "Inner","Startup Cost": 5790.15,"Total Cost": 118711.40,"Plan Rows": 18286,"Plan Width": 160,"Actual Startup Time": 67.911,"Actual Total Time": 346.301,"Actual Rows": 28638,"Actual Loops": 4,"Inner Unique": true,"Hash Cond": "(orders.o_custkey = customer.c_custkey)","Workers": [],"Plans": [{"Node Type": "Nested Loop","Parent Relationship": "Outer","Parallel Aware": false,"Async Capable": false,"Join Type": "Inner","Startup Cost": 798.90,"Total Cost": 113672.15,"Plan Rows": 18286,"Plan Width": 16,"Actual Startup Time": 13.342,"Actual Total Time": 249.825,"Actual Rows": 28638,"Actual Loops": 4,"Inner Unique": false,"Workers": [],"Plans": [{"Node Type": "Bitmap Heap Scan","Parent Relationship": "Outer","Parallel Aware": true,"Async Capable": false,"Relation Name": "orders","Alias": "orders","Startup Cost": 798.47,"Total Cost": 27172.01,"Plan Rows": 18569,"Plan Width": 8,"Actual Startup Time": 13.275,"Actual Total Time": 71.340,"Actual Rows": 14284,"Actual Loops": 4,"Recheck Cond": "((o_orderdate >= '1993-08-01'::date) AND (o_orderdate < '1993-11-01 00:00:00'::timestamp without time zone))","Rows Removed by Index Recheck": 0,"Exact Heap Blocks": 3594,"Lossy Heap Blocks": 0,"Workers": [],"Plans": [{"Node Type": "Bitmap Index Scan","Parent Relationship": "Outer","Parallel Aware": false,"Async Capable": false,"Index Name": "idx_orders_orderdate","Startup Cost": 0.00,"Total Cost": 784.08,"Plan Rows": 57565,"Plan Width": 0,"Actual Startup Time": 10.135,"Actual Total Time": 10.136,"Actual Rows": 57138,"Actual Loops": 1,"Index Cond": "((o_orderdate >= '1993-08-01'::date) AND (o_orderdate < '1993-11-01 00:00:00'::timestamp without time zone))","Workers": []}]},{"Node Type": "Index Scan","Parent Relationship": "Inner","Parallel Aware": false,"Async Capable": false,"Scan Direction": "Forward","Index Name": "idx_lineitem_orderkey","Relation Name": "lineitem","Alias": "lineitem","Startup Cost": 0.43,"Total Cost": 4.62,"Plan Rows": 4,"Plan Width": 16,"Actual Startup Time": 0.010,"Actual Total Time": 0.012,"Actual Rows": 2,"Actual Loops": 57138,"Index Cond": "(l_orderkey = orders.o_orderkey)","Rows Removed by Index Recheck": 0,"Filter": "(l_returnflag = 'R'::bpchar)","Rows Removed by Filter": 2,"Workers": []}]},{"Node Type": "Hash","Parent Relationship": "Inner","Parallel Aware": true,"Async Capable": false,"Startup Cost": 4210.00,"Total Cost": 4210.00,"Plan Rows": 62500,"Plan Width": 148,"Actual Startup Time": 53.968,"Actual Total Time": 53.976,"Actual Rows": 37500,"Actual Loops": 4,"Hash Buckets": 262144,"Original Hash Buckets": 262144,"Hash Batches": 1,"Original Hash Batches": 1,"Peak Memory Usage": 29344,"Workers": [],"Plans": [{"Node Type": "Seq Scan","Parent Relationship": "Outer","Parallel Aware": true,"Async Capable": false,"Relation Name": "customer","Alias": "customer","Startup Cost": 0.00,"Total Cost": 4210.00,"Plan Rows": 62500,"Plan Width": 148,"Actual Startup Time": 0.023,"Actual Total Time": 24.403,"Actual Rows": 37500,"Actual Loops": 4,"Workers": []}]}]},{"Node Type": "Hash","Parent Relationship": "Inner","Parallel Aware": false,"Async Capable": false,"Startup Cost": 1.25,"Total Cost": 1.25,"Plan Rows": 25,"Plan Width": 108,"Actual Startup Time": 0.099,"Actual Total Time": 0.106,"Actual Rows": 25,"Actual Loops": 4,"Hash Buckets": 1024,"Original Hash Buckets": 1024,"Hash Batches": 1,"Original Hash Batches": 1,"Peak Memory Usage": 10,"Workers": [],"Plans": [{"Node Type": "Seq Scan","Parent Relationship": "Outer","Parallel Aware": false,"Async Capable": false,"Relation Name": "nation","Alias": "nation","Startup Cost": 0.00,"Total Cost": 1.25,"Plan Rows": 25,"Plan Width": 108,"Actual Startup Time": 0.062,"Actual Total Time": 0.071,"Actual Rows": 25,"Actual Loops": 4,"Workers": []}]}]}]}]}]},"Planning Time": 6.540,"Triggers": [],"Execution Time": 634.012}]
[{"Plan": {"Node Type": "Sort","Parallel Aware": false,"Async Capable": false,"Startup Cost": 131080.21,"Total Cost": 131221.46,"Plan Rows": 56499,"Plan Width": 280,"Actual Startup Time": 607.607,"Actual Total Time": 646.377,"Actual Rows": 37607,"Actual Loops": 1,"Sort Key": ["(sum((lineitem.l_extendedprice * ('1'::numeric - lineitem.l_discount)))) DESC"],"Sort Method": "quicksort","Sort Space Used": 9755,"Sort Space Type": "Memory","Plans": [{"Node Type": "Aggregate","Strategy": "Hashed","Partial Mode": "Simple","Parent Relationship": "Outer","Parallel Aware": false,"Async Capable": false,"Startup Cost": 125914.53,"Total Cost": 126620.77,"Plan Rows": 56499,"Plan Width": 280,"Actual Startup Time": 421.745,"Actual Total Time": 572.585,"Actual Rows": 37607,"Actual Loops": 1,"Group Key": ["customer.c_custkey", "nation.n_name"],"Planned Partitions": 0,"HashAgg Batches": 1,"Peak Memory Usage": 26129,"Disk Usage": 0,"Plans": [{"Node Type": "Gather","Parent Relationship": "Outer","Parallel Aware": false,"Async Capable": false,"Startup Cost": 6785.77,"Total Cost": 125208.29,"Plan Rows": 56499,"Plan Width": 260,"Actual Startup Time": 84.737,"Actual Total Time": 294.745,"Actual Rows": 112798,"Actual Loops": 1,"Workers Planned": 3,"Workers Launched": 3,"Single Copy": false,"Plans": [{"Node Type": "Hash Join","Parent Relationship": "Outer","Parallel Aware": false,"Async Capable": false,"Join Type": "Inner","Startup Cost": 5785.77,"Total Cost": 118558.39,"Plan Rows": 18225,"Plan Width": 260,"Actual Startup Time": 77.703,"Actual Total Time": 365.765,"Actual Rows": 28200,"Actual Loops": 4,"Inner Unique": true,"Hash Cond": "(customer.c_nationkey = nation.n_nationkey)","Workers": [],"Plans": [{"Node Type": "Hash Join","Parent Relationship": "Outer","Parallel Aware": true,"Async Capable": false,"Join Type": "Inner","Startup Cost": 5784.20,"Total Cost": 118500.88,"Plan Rows": 18225,"Plan Width": 160,"Actual Startup Time": 77.334,"Actual Total Time": 357.276,"Actual Rows": 28200,"Actual Loops": 4,"Inner Unique": true,"Hash Cond": "(orders.o_custkey = customer.c_custkey)","Workers": [],"Plans": [{"Node Type": "Nested Loop","Parent Relationship": "Outer","Parallel Aware": false,"Async Capable": false,"Join Type": "Inner","Startup Cost": 792.95,"Total Cost": 113461.79,"Plan Rows": 18225,"Plan Width": 16,"Actual Startup Time": 13.152,"Actual Total Time": 254.573,"Actual Rows": 28200,"Actual Loops": 4,"Inner Unique": false,"Workers": [],"Plans": [{"Node Type": "Bitmap Heap Scan","Parent Relationship": "Outer","Parallel Aware": true,"Async Capable": false,"Relation Name": "orders","Alias": "orders","Startup Cost": 792.52,"Total Cost": 27165.14,"Plan Rows": 18508,"Plan Width": 8,"Actual Startup Time": 13.088,"Actual Total Time": 71.143,"Actual Rows": 14087,"Actual Loops": 4,"Recheck Cond": "((o_orderdate >= '1994-01-01'::date) AND (o_orderdate < '1994-04-01 00:00:00'::timestamp without time zone))","Rows Removed by Index Recheck": 0,"Exact Heap Blocks": 3702,"Lossy Heap Blocks": 0,"Workers": [],"Plans": [{"Node Type": "Bitmap Index Scan","Parent Relationship": "Outer","Parallel Aware": false,"Async Capable": false,"Index Name": "idx_orders_orderdate","Startup Cost": 0.00,"Total Cost": 778.18,"Plan Rows": 57375,"Plan Width": 0,"Actual Startup Time": 9.927,"Actual Total Time": 9.934,"Actual Rows": 56349,"Actual Loops": 1,"Index Cond": "((o_orderdate >= '1994-01-01'::date) AND (o_orderdate < '1994-04-01 00:00:00'::timestamp without time zone))","Workers": []}]},{"Node Type": "Index Scan","Parent Relationship": "Inner","Parallel Aware": false,"Async Capable": false,"Scan Direction": "Forward","Index Name": "idx_lineitem_orderkey","Relation Name": "lineitem","Alias": "lineitem","Startup Cost": 0.43,"Total Cost": 4.62,"Plan Rows": 4,"Plan Width": 16,"Actual Startup Time": 0.011,"Actual Total Time": 0.013,"Actual Rows": 2,"Actual Loops": 56349,"Index Cond": "(l_orderkey = orders.o_orderkey)","Rows Removed by Index Recheck": 0,"Filter": "(l_returnflag = 'R'::bpchar)","Rows Removed by Filter": 2,"Workers": []}]},{"Node Type": "Hash","Parent Relationship": "Inner","Parallel Aware": true,"Async Capable": false,"Startup Cost": 4210.00,"Total Cost": 4210.00,"Plan Rows": 62500,"Plan Width": 148,"Actual Startup Time": 63.582,"Actual Total Time": 63.588,"Actual Rows": 37500,"Actual Loops": 4,"Hash Buckets": 262144,"Original Hash Buckets": 262144,"Hash Batches": 1,"Original Hash Batches": 1,"Peak Memory Usage": 29312,"Workers": [],"Plans": [{"Node Type": "Seq Scan","Parent Relationship": "Outer","Parallel Aware": true,"Async Capable": false,"Relation Name": "customer","Alias": "customer","Startup Cost": 0.00,"Total Cost": 4210.00,"Plan Rows": 62500,"Plan Width": 148,"Actual Startup Time": 0.028,"Actual Total Time": 28.690,"Actual Rows": 37500,"Actual Loops": 4,"Workers": []}]}]},{"Node Type": "Hash","Parent Relationship": "Inner","Parallel Aware": false,"Async Capable": false,"Startup Cost": 1.25,"Total Cost": 1.25,"Plan Rows": 25,"Plan Width": 108,"Actual Startup Time": 0.094,"Actual Total Time": 0.100,"Actual Rows": 25,"Actual Loops": 4,"Hash Buckets": 1024,"Original Hash Buckets": 1024,"Hash Batches": 1,"Original Hash Batches": 1,"Peak Memory Usage": 10,"Workers": [],"Plans": [{"Node Type": "Seq Scan","Parent Relationship": "Outer","Parallel Aware": false,"Async Capable": false,"Relation Name": "nation","Alias": "nation","Startup Cost": 0.00,"Total Cost": 1.25,"Plan Rows": 25,"Plan Width": 108,"Actual Startup Time": 0.060,"Actual Total Time": 0.067,"Actual Rows": 25,"Actual Loops": 4,"Workers": []}]}]}]}]}]},"Planning Time": 7.215,"Triggers": [],"Execution Time": 650.753}]
[{"Plan": {"Node Type": "Sort","Parallel Aware": false,"Async Capable": false,"Startup Cost": 130975.09,"Total Cost": 131116.14,"Plan Rows": 56420,"Plan Width": 280,"Actual Startup Time": 559.129,"Actual Total Time": 601.162,"Actual Rows": 37859,"Actual Loops": 1,"Sort Key": ["(sum((lineitem.l_extendedprice * ('1'::numeric - lineitem.l_discount)))) DESC"],"Sort Method": "quicksort","Sort Space Used": 9818,"Sort Space Type": "Memory","Plans": [{"Node Type": "Aggregate","Strategy": "Hashed","Partial Mode": "Simple","Parent Relationship": "Outer","Parallel Aware": false,"Async Capable": false,"Startup Cost": 125817.20,"Total Cost": 126522.45,"Plan Rows": 56420,"Plan Width": 280,"Actual Startup Time": 383.531,"Actual Total Time": 530.212,"Actual Rows": 37859,"Actual Loops": 1,"Group Key": ["customer.c_custkey", "nation.n_name"],"Planned Partitions": 0,"HashAgg Batches": 1,"Peak Memory Usage": 26129,"Disk Usage": 0,"Plans": [{"Node Type": "Gather","Parent Relationship": "Outer","Parallel Aware": false,"Async Capable": false,"Startup Cost": 6784.95,"Total Cost": 125111.95,"Plan Rows": 56420,"Plan Width": 260,"Actual Startup Time": 70.081,"Actual Total Time": 265.015,"Actual Rows": 114028,"Actual Loops": 1,"Workers Planned": 3,"Workers Launched": 3,"Single Copy": false,"Plans": [{"Node Type": "Hash Join","Parent Relationship": "Outer","Parallel Aware": false,"Async Capable": false,"Join Type": "Inner","Startup Cost": 5784.95,"Total Cost": 118469.95,"Plan Rows": 18200,"Plan Width": 260,"Actual Startup Time": 62.841,"Actual Total Time": 330.296,"Actual Rows": 28507,"Actual Loops": 4,"Inner Unique": true,"Hash Cond": "(customer.c_nationkey = nation.n_nationkey)","Workers": [],"Plans": [{"Node Type": "Hash Join","Parent Relationship": "Outer","Parallel Aware": true,"Async Capable": false,"Join Type": "Inner","Startup Cost": 5783.38,"Total Cost": 118412.51,"Plan Rows": 18200,"Plan Width": 160,"Actual Startup Time": 62.430,"Actual Total Time": 322.490,"Actual Rows": 28507,"Actual Loops": 4,"Inner Unique": true,"Hash Cond": "(orders.o_custkey = customer.c_custkey)","Workers": [],"Plans": [{"Node Type": "Nested Loop","Parent Relationship": "Outer","Parallel Aware": false,"Async Capable": false,"Join Type": "Inner","Startup Cost": 792.13,"Total Cost": 113373.49,"Plan Rows": 18200,"Plan Width": 16,"Actual Startup Time": 13.021,"Actual Total Time": 238.266,"Actual Rows": 28507,"Actual Loops": 4,"Inner Unique": false,"Workers": [],"Plans": [{"Node Type": "Bitmap Heap Scan","Parent Relationship": "Outer","Parallel Aware": true,"Async Capable": false,"Relation Name": "orders","Alias": "orders","Startup Cost": 791.70,"Total Cost": 27163.94,"Plan Rows": 18482,"Plan Width": 8,"Actual Startup Time": 12.954,"Actual Total Time": 66.534,"Actual Rows": 14234,"Actual Loops": 4,"Recheck Cond": "((o_orderdate >= '1993-03-01'::date) AND (o_orderdate < '1993-06-01 00:00:00'::timestamp without time zone))","Rows Removed by Index Recheck": 0,"Exact Heap Blocks": 3517,"Lossy Heap Blocks": 0,"Workers": [],"Plans": [{"Node Type": "Bitmap Index Scan","Parent Relationship": "Outer","Parallel Aware": false,"Async Capable": false,"Index Name": "idx_orders_orderdate","Startup Cost": 0.00,"Total Cost": 777.38,"Plan Rows": 57295,"Plan Width": 0,"Actual Startup Time": 9.836,"Actual Total Time": 9.842,"Actual Rows": 56934,"Actual Loops": 1,"Index Cond": "((o_orderdate >= '1993-03-01'::date) AND (o_orderdate < '1993-06-01 00:00:00'::timestamp without time zone))","Workers": []}]},{"Node Type": "Index Scan","Parent Relationship": "Inner","Parallel Aware": false,"Async Capable": false,"Scan Direction": "Forward","Index Name": "idx_lineitem_orderkey","Relation Name": "lineitem","Alias": "lineitem","Startup Cost": 0.43,"Total Cost": 4.62,"Plan Rows": 4,"Plan Width": 16,"Actual Startup Time": 0.010,"Actual Total Time": 0.012,"Actual Rows": 2,"Actual Loops": 56934,"Index Cond": "(l_orderkey = orders.o_orderkey)","Rows Removed by Index Recheck": 0,"Filter": "(l_returnflag = 'R'::bpchar)","Rows Removed by Filter": 2,"Workers": []}]},{"Node Type": "Hash","Parent Relationship": "Inner","Parallel Aware": true,"Async Capable": false,"Startup Cost": 4210.00,"Total Cost": 4210.00,"Plan Rows": 62500,"Plan Width": 148,"Actual Startup Time": 48.797,"Actual Total Time": 48.806,"Actual Rows": 37500,"Actual Loops": 4,"Hash Buckets": 262144,"Original Hash Buckets": 262144,"Hash Batches": 1,"Original Hash Batches": 1,"Peak Memory Usage": 29344,"Workers": [],"Plans": [{"Node Type": "Seq Scan","Parent Relationship": "Outer","Parallel Aware": true,"Async Capable": false,"Relation Name": "customer","Alias": "customer","Startup Cost": 0.00,"Total Cost": 4210.00,"Plan Rows": 62500,"Plan Width": 148,"Actual Startup Time": 0.027,"Actual Total Time": 20.617,"Actual Rows": 37500,"Actual Loops": 4,"Workers": []}]}]},{"Node Type": "Hash","Parent Relationship": "Inner","Parallel Aware": false,"Async Capable": false,"Startup Cost": 1.25,"Total Cost": 1.25,"Plan Rows": 25,"Plan Width": 108,"Actual Startup Time": 0.102,"Actual Total Time": 0.108,"Actual Rows": 25,"Actual Loops": 4,"Hash Buckets": 1024,"Original Hash Buckets": 1024,"Hash Batches": 1,"Original Hash Batches": 1,"Peak Memory Usage": 10,"Workers": [],"Plans": [{"Node Type": "Seq Scan","Parent Relationship": "Outer","Parallel Aware": false,"Async Capable": false,"Relation Name": "nation","Alias": "nation","Startup Cost": 0.00,"Total Cost": 1.25,"Plan Rows": 25,"Plan Width": 108,"Actual Startup Time": 0.068,"Actual Total Time": 0.076,"Actual Rows": 25,"Actual Loops": 4,"Workers": []}]}]}]}]}]},"Planning Time": 7.017,"Triggers": [],"Execution Time": 606.974}]
[{"Plan": {"Node Type": "Sort","Parallel Aware": false,"Async Capable": false,"Startup Cost": 130809.03,"Total Cost": 130949.76,"Plan Rows": 56293,"Plan Width": 280,"Actual Startup Time": 582.640,"Actual Total Time": 623.609,"Actual Rows": 37618,"Actual Loops": 1,"Sort Key": ["(sum((lineitem.l_extendedprice * ('1'::numeric - lineitem.l_discount)))) DESC"],"Sort Method": "quicksort","Sort Space Used": 9764,"Sort Space Type": "Memory","Plans": [{"Node Type": "Aggregate","Strategy": "Hashed","Partial Mode": "Simple","Parent Relationship": "Outer","Parallel Aware": false,"Async Capable": false,"Startup Cost": 125663.66,"Total Cost": 126367.32,"Plan Rows": 56293,"Plan Width": 280,"Actual Startup Time": 404.905,"Actual Total Time": 550.580,"Actual Rows": 37618,"Actual Loops": 1,"Group Key": ["customer.c_custkey", "nation.n_name"],"Planned Partitions": 0,"HashAgg Batches": 1,"Peak Memory Usage": 26129,"Disk Usage": 0,"Plans": [{"Node Type": "Gather","Parent Relationship": "Outer","Parallel Aware": false,"Async Capable": false,"Startup Cost": 6783.62,"Total Cost": 124960.00,"Plan Rows": 56293,"Plan Width": 260,"Actual Startup Time": 77.508,"Actual Total Time": 283.856,"Actual Rows": 113037,"Actual Loops": 1,"Workers Planned": 3,"Workers Launched": 3,"Single Copy": false,"Plans": [{"Node Type": "Hash Join","Parent Relationship": "Outer","Parallel Aware": false,"Async Capable": false,"Join Type": "Inner","Startup Cost": 5783.62,"Total Cost": 118330.70,"Plan Rows": 18159,"Plan Width": 260,"Actual Startup Time": 69.943,"Actual Total Time": 350.172,"Actual Rows": 28259,"Actual Loops": 4,"Inner Unique": true,"Hash Cond": "(customer.c_nationkey = nation.n_nationkey)","Workers": [],"Plans": [{"Node Type": "Hash Join","Parent Relationship": "Outer","Parallel Aware": true,"Async Capable": false,"Join Type": "Inner","Startup Cost": 5782.06,"Total Cost": 118273.39,"Plan Rows": 18159,"Plan Width": 160,"Actual Startup Time": 69.505,"Actual Total Time": 341.161,"Actual Rows": 28259,"Actual Loops": 4,"Inner Unique": true,"Hash Cond": "(orders.o_custkey = customer.c_custkey)","Workers": [],"Plans": [{"Node Type": "Nested Loop","Parent Relationship": "Outer","Parallel Aware": false,"Async Capable": false,"Join Type": "Inner","Startup Cost": 790.81,"Total Cost": 113234.47,"Plan Rows": 18159,"Plan Width": 16,"Actual Startup Time": 13.628,"Actual Total Time": 244.904,"Actual Rows": 28259,"Actual Loops": 4,"Inner Unique": false,"Workers": [],"Plans": [{"Node Type": "Bitmap Heap Scan","Parent Relationship": "Outer","Parallel Aware": true,"Async Capable": false,"Relation Name": "orders","Alias": "orders","Startup Cost": 790.38,"Total Cost": 27161.99,"Plan Rows": 18441,"Plan Width": 8,"Actual Startup Time": 13.544,"Actual Total Time": 67.991,"Actual Rows": 14129,"Actual Loops": 4,"Recheck Cond": "((o_orderdate >= '1994-09-01'::date) AND (o_orderdate < '1994-12-01 00:00:00'::timestamp without time zone))","Rows Removed by Index Recheck": 0,"Exact Heap Blocks": 3515,"Lossy Heap Blocks": 0,"Workers": [],"Plans": [{"Node Type": "Bitmap Index Scan","Parent Relationship": "Outer","Parallel Aware": false,"Async Capable": false,"Index Name": "idx_orders_orderdate","Startup Cost": 0.00,"Total Cost": 776.09,"Plan Rows": 57166,"Plan Width": 0,"Actual Startup Time": 10.241,"Actual Total Time": 10.248,"Actual Rows": 56516,"Actual Loops": 1,"Index Cond": "((o_orderdate >= '1994-09-01'::date) AND (o_orderdate < '1994-12-01 00:00:00'::timestamp without time zone))","Workers": []}]},{"Node Type": "Index Scan","Parent Relationship": "Inner","Parallel Aware": false,"Async Capable": false,"Scan Direction": "Forward","Index Name": "idx_lineitem_orderkey","Relation Name": "lineitem","Alias": "lineitem","Startup Cost": 0.43,"Total Cost": 4.63,"Plan Rows": 4,"Plan Width": 16,"Actual Startup Time": 0.010,"Actual Total Time": 0.012,"Actual Rows": 2,"Actual Loops": 56516,"Index Cond": "(l_orderkey = orders.o_orderkey)","Rows Removed by Index Recheck": 0,"Filter": "(l_returnflag = 'R'::bpchar)","Rows Removed by Filter": 2,"Workers": []}]},{"Node Type": "Hash","Parent Relationship": "Inner","Parallel Aware": true,"Async Capable": false,"Startup Cost": 4210.00,"Total Cost": 4210.00,"Plan Rows": 62500,"Plan Width": 148,"Actual Startup Time": 55.246,"Actual Total Time": 55.254,"Actual Rows": 37500,"Actual Loops": 4,"Hash Buckets": 262144,"Original Hash Buckets": 262144,"Hash Batches": 1,"Original Hash Batches": 1,"Peak Memory Usage": 29280,"Workers": [],"Plans": [{"Node Type": "Seq Scan","Parent Relationship": "Outer","Parallel Aware": true,"Async Capable": false,"Relation Name": "customer","Alias": "customer","Startup Cost": 0.00,"Total Cost": 4210.00,"Plan Rows": 62500,"Plan Width": 148,"Actual Startup Time": 0.029,"Actual Total Time": 24.927,"Actual Rows": 37500,"Actual Loops": 4,"Workers": []}]}]},{"Node Type": "Hash","Parent Relationship": "Inner","Parallel Aware": false,"Async Capable": false,"Startup Cost": 1.25,"Total Cost": 1.25,"Plan Rows": 25,"Plan Width": 108,"Actual Startup Time": 0.092,"Actual Total Time": 0.096,"Actual Rows": 25,"Actual Loops": 4,"Hash Buckets": 1024,"Original Hash Buckets": 1024,"Hash Batches": 1,"Original Hash Batches": 1,"Peak Memory Usage": 10,"Workers": [],"Plans": [{"Node Type": "Seq Scan","Parent Relationship": "Outer","Parallel Aware": false,"Async Capable": false,"Relation Name": "nation","Alias": "nation","Startup Cost": 0.00,"Total Cost": 1.25,"Plan Rows": 25,"Plan Width": 108,"Actual Startup Time": 0.062,"Actual Total Time": 0.068,"Actual Rows": 25,"Actual Loops": 4,"Workers": []}]}]}]}]}]},"Planning Time": 5.868,"Triggers": [],"Execution Time": 629.137}]
[{"Plan": {"Node Type": "Sort","Parallel Aware": false,"Async Capable": false,"Startup Cost": 131375.21,"Total Cost": 131517.01,"Plan Rows": 56721,"Plan Width": 280,"Actual Startup Time": 563.067,"Actual Total Time": 603.830,"Actual Rows": 37302,"Actual Loops": 1,"Sort Key": ["(sum((lineitem.l_extendedprice * ('1'::numeric - lineitem.l_discount)))) DESC"],"Sort Method": "quicksort","Sort Space Used": 9696,"Sort Space Type": "Memory","Plans": [{"Node Type": "Aggregate","Strategy": "Hashed","Partial Mode": "Simple","Parent Relationship": "Outer","Parallel Aware": false,"Async Capable": false,"Startup Cost": 126187.62,"Total Cost": 126896.63,"Plan Rows": 56721,"Plan Width": 280,"Actual Startup Time": 390.529,"Actual Total Time": 528.800,"Actual Rows": 37302,"Actual Loops": 1,"Group Key": ["customer.c_custkey", "nation.n_name"],"Planned Partitions": 0,"HashAgg Batches": 1,"Peak Memory Usage": 26129,"Disk Usage": 0,"Plans": [{"Node Type": "Gather","Parent Relationship": "Outer","Parallel Aware": false,"Async Capable": false,"Startup Cost": 6792.07,"Total Cost": 125478.61,"Plan Rows": 56721,"Plan Width": 260,"Actual Startup Time": 74.264,"Actual Total Time": 271.853,"Actual Rows": 111987,"Actual Loops": 1,"Workers Planned": 3,"Workers Launched": 3,"Single Copy": false,"Plans": [{"Node Type": "Hash Join","Parent Relationship": "Outer","Parallel Aware": false,"Async Capable": false,"Join Type": "Inner","Startup Cost": 5792.07,"Total Cost": 118806.51,"Plan Rows": 18297,"Plan Width": 260,"Actual Startup Time": 66.885,"Actual Total Time": 338.409,"Actual Rows": 27997,"Actual Loops": 4,"Inner Unique": true,"Hash Cond": "(customer.c_nationkey = nation.n_nationkey)","Workers": [],"Plans": [{"Node Type": "Hash Join","Parent Relationship": "Outer","Parallel Aware": true,"Async Capable": false,"Join Type": "Inner","Startup Cost": 5790.51,"Total Cost": 118748.77,"Plan Rows": 18297,"Plan Width": 160,"Actual Startup Time": 66.491,"Actual Total Time": 330.614,"Actual Rows": 27997,"Actual Loops": 4,"Inner Unique": true,"Hash Cond": "(orders.o_custkey = customer.c_custkey)","Workers": [],"Plans": [{"Node Type": "Nested Loop","Parent Relationship": "Outer","Parallel Aware": false,"Async Capable": false,"Join Type": "Inner","Startup Cost": 799.26,"Total Cost": 113709.49,"Plan Rows": 18297,"Plan Width": 16,"Actual Startup Time": 13.178,"Actual Total Time": 239.311,"Actual Rows": 27997,"Actual Loops": 4,"Inner Unique": false,"Workers": [],"Plans": [{"Node Type": "Bitmap Heap Scan","Parent Relationship": "Outer","Parallel Aware": true,"Async Capable": false,"Relation Name": "orders","Alias": "orders","Startup Cost": 798.83,"Total Cost": 27172.54,"Plan Rows": 18580,"Plan Width": 8,"Actual Startup Time": 13.117,"Actual Total Time": 66.928,"Actual Rows": 13993,"Actual Loops": 4,"Recheck Cond": "((o_orderdate >= '1993-12-01'::date) AND (o_orderdate < '1994-03-01 00:00:00'::timestamp without time zone))","Rows Removed by Index Recheck": 0,"Exact Heap Blocks": 3558,"Lossy Heap Blocks": 0,"Workers": [],"Plans": [{"Node Type": "Bitmap Index Scan","Parent Relationship": "Outer","Parallel Aware": false,"Async Capable": false,"Index Name": "idx_orders_orderdate","Startup Cost": 0.00,"Total Cost": 784.43,"Plan Rows": 57600,"Plan Width": 0,"Actual Startup Time": 10.042,"Actual Total Time": 10.048,"Actual Rows": 55973,"Actual Loops": 1,"Index Cond": "((o_orderdate >= '1993-12-01'::date) AND (o_orderdate < '1994-03-01 00:00:00'::timestamp without time zone))","Workers": []}]},{"Node Type": "Index Scan","Parent Relationship": "Inner","Parallel Aware": false,"Async Capable": false,"Scan Direction": "Forward","Index Name": "idx_lineitem_orderkey","Relation Name": "lineitem","Alias": "lineitem","Startup Cost": 0.43,"Total Cost": 4.62,"Plan Rows": 4,"Plan Width": 16,"Actual Startup Time": 0.010,"Actual Total Time": 0.012,"Actual Rows": 2,"Actual Loops": 55973,"Index Cond": "(l_orderkey = orders.o_orderkey)","Rows Removed by Index Recheck": 0,"Filter": "(l_returnflag = 'R'::bpchar)","Rows Removed by Filter": 2,"Workers": []}]},{"Node Type": "Hash","Parent Relationship": "Inner","Parallel Aware": true,"Async Capable": false,"Startup Cost": 4210.00,"Total Cost": 4210.00,"Plan Rows": 62500,"Plan Width": 148,"Actual Startup Time": 52.746,"Actual Total Time": 52.755,"Actual Rows": 37500,"Actual Loops": 4,"Hash Buckets": 262144,"Original Hash Buckets": 262144,"Hash Batches": 1,"Original Hash Batches": 1,"Peak Memory Usage": 29312,"Workers": [],"Plans": [{"Node Type": "Seq Scan","Parent Relationship": "Outer","Parallel Aware": true,"Async Capable": false,"Relation Name": "customer","Alias": "customer","Startup Cost": 0.00,"Total Cost": 4210.00,"Plan Rows": 62500,"Plan Width": 148,"Actual Startup Time": 0.028,"Actual Total Time": 23.004,"Actual Rows": 37500,"Actual Loops": 4,"Workers": []}]}]},{"Node Type": "Hash","Parent Relationship": "Inner","Parallel Aware": false,"Async Capable": false,"Startup Cost": 1.25,"Total Cost": 1.25,"Plan Rows": 25,"Plan Width": 108,"Actual Startup Time": 0.099,"Actual Total Time": 0.105,"Actual Rows": 25,"Actual Loops": 4,"Hash Buckets": 1024,"Original Hash Buckets": 1024,"Hash Batches": 1,"Original Hash Batches": 1,"Peak Memory Usage": 10,"Workers": [],"Plans": [{"Node Type": "Seq Scan","Parent Relationship": "Outer","Parallel Aware": false,"Async Capable": false,"Relation Name": "nation","Alias": "nation","Startup Cost": 0.00,"Total Cost": 1.25,"Plan Rows": 25,"Plan Width": 108,"Actual Startup Time": 0.067,"Actual Total Time": 0.074,"Actual Rows": 25,"Actual Loops": 4,"Workers": []}]}]}]}]}]},"Planning Time": 6.321,"Triggers": [],"Execution Time": 609.357}]
[{"Plan": {"Node Type": "Sort","Parallel Aware": false,"Async Capable": false,"Startup Cost": 130809.03,"Total Cost": 130949.76,"Plan Rows": 56293,"Plan Width": 280,"Actual Startup Time": 582.640,"Actual Total Time": 623.609,"Actual Rows": 37618,"Actual Loops": 1,"Sort Key": ["(sum((lineitem.l_extendedprice * ('1'::numeric - lineitem.l_discount)))) DESC"],"Sort Method": "quicksort","Sort Space Used": 9764,"Sort Space Type": "Memory","Plans": [{"Node Type": "Aggregate","Strategy": "Hashed","Partial Mode": "Simple","Parent Relationship": "Outer","Parallel Aware": false,"Async Capable": false,"Startup Cost": 125663.66,"Total Cost": 126367.32,"Plan Rows": 56293,"Plan Width": 280,"Actual Startup Time": 404.905,"Actual Total Time": 550.580,"Actual Rows": 37618,"Actual Loops": 1,"Group Key": ["customer.c_custkey", "nation.n_name"],"Planned Partitions": 0,"HashAgg Batches": 1,"Peak Memory Usage": 26129,"Disk Usage": 0,"Plans": [{"Node Type": "Gather","Parent Relationship": "Outer","Parallel Aware": false,"Async Capable": false,"Startup Cost": 6783.62,"Total Cost": 124960.00,"Plan Rows": 56293,"Plan Width": 260,"Actual Startup Time": 77.508,"Actual Total Time": 283.856,"Actual Rows": 113037,"Actual Loops": 1,"Workers Planned": 3,"Workers Launched": 3,"Single Copy": false,"Plans": [{"Node Type": "Hash Join","Parent Relationship": "Outer","Parallel Aware": false,"Async Capable": false,"Join Type": "Inner","Startup Cost": 5783.62,"Total Cost": 118330.70,"Plan Rows": 18159,"Plan Width": 260,"Actual Startup Time": 69.943,"Actual Total Time": 350.172,"Actual Rows": 28259,"Actual Loops": 4,"Inner Unique": true,"Hash Cond": "(customer.c_nationkey = nation.n_nationkey)","Workers": [],"Plans": [{"Node Type": "Hash Join","Parent Relationship": "Outer","Parallel Aware": true,"Async Capable": false,"Join Type": "Inner","Startup Cost": 5782.06,"Total Cost": 118273.39,"Plan Rows": 18159,"Plan Width": 160,"Actual Startup Time": 69.505,"Actual Total Time": 341.161,"Actual Rows": 28259,"Actual Loops": 4,"Inner Unique": true,"Hash Cond": "(orders.o_custkey = customer.c_custkey)","Workers": [],"Plans": [{"Node Type": "Nested Loop","Parent Relationship": "Outer","Parallel Aware": false,"Async Capable": false,"Join Type": "Inner","Startup Cost": 790.81,"Total Cost": 113234.47,"Plan Rows": 18159,"Plan Width": 16,"Actual Startup Time": 13.628,"Actual Total Time": 244.904,"Actual Rows": 28259,"Actual Loops": 4,"Inner Unique": false,"Workers": [],"Plans": [{"Node Type": "Bitmap Heap Scan","Parent Relationship": "Outer","Parallel Aware": true,"Async Capable": false,"Relation Name": "orders","Alias": "orders","Startup Cost": 790.38,"Total Cost": 27161.99,"Plan Rows": 18441,"Plan Width": 8,"Actual Startup Time": 13.544,"Actual Total Time": 67.991,"Actual Rows": 14129,"Actual Loops": 4,"Recheck Cond": "((o_orderdate >= '1994-09-01'::date) AND (o_orderdate < '1994-12-01 00:00:00'::timestamp without time zone))","Rows Removed by Index Recheck": 0,"Exact Heap Blocks": 3515,"Lossy Heap Blocks": 0,"Workers": [],"Plans": [{"Node Type": "Bitmap Index Scan","Parent Relationship": "Outer","Parallel Aware": false,"Async Capable": false,"Index Name": "idx_orders_orderdate","Startup Cost": 0.00,"Total Cost": 776.09,"Plan Rows": 57166,"Plan Width": 0,"Actual Startup Time": 10.241,"Actual Total Time": 10.248,"Actual Rows": 56516,"Actual Loops": 1,"Index Cond": "((o_orderdate >= '1994-09-01'::date) AND (o_orderdate < '1994-12-01 00:00:00'::timestamp without time zone))","Workers": []}]},{"Node Type": "Index Scan","Parent Relationship": "Inner","Parallel Aware": false,"Async Capable": false,"Scan Direction": "Forward","Index Name": "idx_lineitem_orderkey","Relation Name": "lineitem","Alias": "lineitem","Startup Cost": 0.43,"Total Cost": 4.63,"Plan Rows": 4,"Plan Width": 16,"Actual Startup Time": 0.010,"Actual Total Time": 0.012,"Actual Rows": 2,"Actual Loops": 56516,"Index Cond": "(l_orderkey = orders.o_orderkey)","Rows Removed by Index Recheck": 0,"Filter": "(l_returnflag = 'R'::bpchar)","Rows Removed by Filter": 2,"Workers": []}]},{"Node Type": "Hash","Parent Relationship": "Inner","Parallel Aware": true,"Async Capable": false,"Startup Cost": 4210.00,"Total Cost": 4210.00,"Plan Rows": 62500,"Plan Width": 148,"Actual Startup Time": 55.246,"Actual Total Time": 55.254,"Actual Rows": 37500,"Actual Loops": 4,"Hash Buckets": 262144,"Original Hash Buckets": 262144,"Hash Batches": 1,"Original Hash Batches": 1,"Peak Memory Usage": 29280,"Workers": [],"Plans": [{"Node Type": "Seq Scan","Parent Relationship": "Outer","Parallel Aware": true,"Async Capable": false,"Relation Name": "customer","Alias": "customer","Startup Cost": 0.00,"Total Cost": 4210.00,"Plan Rows": 62500,"Plan Width": 148,"Actual Startup Time": 0.029,"Actual Total Time": 24.927,"Actual Rows": 37500,"Actual Loops": 4,"Workers": []}]}]},{"Node Type": "Hash","Parent Relationship": "Inner","Parallel Aware": false,"Async Capable": false,"Startup Cost": 1.25,"Total Cost": 1.25,"Plan Rows": 25,"Plan Width": 108,"Actual Startup Time": 0.092,"Actual Total Time": 0.096,"Actual Rows": 25,"Actual Loops": 4,"Hash Buckets": 1024,"Original Hash Buckets": 1024,"Hash Batches": 1,"Original Hash Batches": 1,"Peak Memory Usage": 10,"Workers": [],"Plans": [{"Node Type": "Seq Scan","Parent Relationship": "Outer","Parallel Aware": false,"Async Capable": false,"Relation Name": "nation","Alias": "nation","Startup Cost": 0.00,"Total Cost": 1.25,"Plan Rows": 25,"Plan Width": 108,"Actual Startup Time": 0.062,"Actual Total Time": 0.068,"Actual Rows": 25,"Actual Loops": 4,"Workers": []}]}]}]}]}]},"Planning Time": 5.868,"Triggers": [],"Execution Time": 629.137}]
[{"Plan": {"Node Type": "Sort","Parallel Aware": false,"Async Capable": false,"Startup Cost": 131080.21,"Total Cost": 131221.46,"Plan Rows": 56499,"Plan Width": 280,"Actual Startup Time": 607.607,"Actual Total Time": 646.377,"Actual Rows": 37607,"Actual Loops": 1,"Sort Key": ["(sum((lineitem.l_extendedprice * ('1'::numeric - lineitem.l_discount)))) DESC"],"Sort Method": "quicksort","Sort Space Used": 9755,"Sort Space Type": "Memory","Plans": [{"Node Type": "Aggregate","Strategy": "Hashed","Partial Mode": "Simple","Parent Relationship": "Outer","Parallel Aware": false,"Async Capable": false,"Startup Cost": 125914.53,"Total Cost": 126620.77,"Plan Rows": 56499,"Plan Width": 280,"Actual Startup Time": 421.745,"Actual Total Time": 572.585,"Actual Rows": 37607,"Actual Loops": 1,"Group Key": ["customer.c_custkey", "nation.n_name"],"Planned Partitions": 0,"HashAgg Batches": 1,"Peak Memory Usage": 26129,"Disk Usage": 0,"Plans": [{"Node Type": "Gather","Parent Relationship": "Outer","Parallel Aware": false,"Async Capable": false,"Startup Cost": 6785.77,"Total Cost": 125208.29,"Plan Rows": 56499,"Plan Width": 260,"Actual Startup Time": 84.737,"Actual Total Time": 294.745,"Actual Rows": 112798,"Actual Loops": 1,"Workers Planned": 3,"Workers Launched": 3,"Single Copy": false,"Plans": [{"Node Type": "Hash Join","Parent Relationship": "Outer","Parallel Aware": false,"Async Capable": false,"Join Type": "Inner","Startup Cost": 5785.77,"Total Cost": 118558.39,"Plan Rows": 18225,"Plan Width": 260,"Actual Startup Time": 77.703,"Actual Total Time": 365.765,"Actual Rows": 28200,"Actual Loops": 4,"Inner Unique": true,"Hash Cond": "(customer.c_nationkey = nation.n_nationkey)","Workers": [],"Plans": [{"Node Type": "Hash Join","Parent Relationship": "Outer","Parallel Aware": true,"Async Capable": false,"Join Type": "Inner","Startup Cost": 5784.20,"Total Cost": 118500.88,"Plan Rows": 18225,"Plan Width": 160,"Actual Startup Time": 77.334,"Actual Total Time": 357.276,"Actual Rows": 28200,"Actual Loops": 4,"Inner Unique": true,"Hash Cond": "(orders.o_custkey = customer.c_custkey)","Workers": [],"Plans": [{"Node Type": "Nested Loop","Parent Relationship": "Outer","Parallel Aware": false,"Async Capable": false,"Join Type": "Inner","Startup Cost": 792.95,"Total Cost": 113461.79,"Plan Rows": 18225,"Plan Width": 16,"Actual Startup Time": 13.152,"Actual Total Time": 254.573,"Actual Rows": 28200,"Actual Loops": 4,"Inner Unique": false,"Workers": [],"Plans": [{"Node Type": "Bitmap Heap Scan","Parent Relationship": "Outer","Parallel Aware": true,"Async Capable": false,"Relation Name": "orders","Alias": "orders","Startup Cost": 792.52,"Total Cost": 27165.14,"Plan Rows": 18508,"Plan Width": 8,"Actual Startup Time": 13.088,"Actual Total Time": 71.143,"Actual Rows": 14087,"Actual Loops": 4,"Recheck Cond": "((o_orderdate >= '1994-01-01'::date) AND (o_orderdate < '1994-04-01 00:00:00'::timestamp without time zone))","Rows Removed by Index Recheck": 0,"Exact Heap Blocks": 3702,"Lossy Heap Blocks": 0,"Workers": [],"Plans": [{"Node Type": "Bitmap Index Scan","Parent Relationship": "Outer","Parallel Aware": false,"Async Capable": false,"Index Name": "idx_orders_orderdate","Startup Cost": 0.00,"Total Cost": 778.18,"Plan Rows": 57375,"Plan Width": 0,"Actual Startup Time": 9.927,"Actual Total Time": 9.934,"Actual Rows": 56349,"Actual Loops": 1,"Index Cond": "((o_orderdate >= '1994-01-01'::date) AND (o_orderdate < '1994-04-01 00:00:00'::timestamp without time zone))","Workers": []}]},{"Node Type": "Index Scan","Parent Relationship": "Inner","Parallel Aware": false,"Async Capable": false,"Scan Direction": "Forward","Index Name": "idx_lineitem_orderkey","Relation Name": "lineitem","Alias": "lineitem","Startup Cost": 0.43,"Total Cost": 4.62,"Plan Rows": 4,"Plan Width": 16,"Actual Startup Time": 0.011,"Actual Total Time": 0.013,"Actual Rows": 2,"Actual Loops": 56349,"Index Cond": "(l_orderkey = orders.o_orderkey)","Rows Removed by Index Recheck": 0,"Filter": "(l_returnflag = 'R'::bpchar)","Rows Removed by Filter": 2,"Workers": []}]},{"Node Type": "Hash","Parent Relationship": "Inner","Parallel Aware": true,"Async Capable": false,"Startup Cost": 4210.00,"Total Cost": 4210.00,"Plan Rows": 62500,"Plan Width": 148,"Actual Startup Time": 63.582,"Actual Total Time": 63.588,"Actual Rows": 37500,"Actual Loops": 4,"Hash Buckets": 262144,"Original Hash Buckets": 262144,"Hash Batches": 1,"Original Hash Batches": 1,"Peak Memory Usage": 29312,"Workers": [],"Plans": [{"Node Type": "Seq Scan","Parent Relationship": "Outer","Parallel Aware": true,"Async Capable": false,"Relation Name": "customer","Alias": "customer","Startup Cost": 0.00,"Total Cost": 4210.00,"Plan Rows": 62500,"Plan Width": 148,"Actual Startup Time": 0.028,"Actual Total Time": 28.690,"Actual Rows": 37500,"Actual Loops": 4,"Workers": []}]}]},{"Node Type": "Hash","Parent Relationship": "Inner","Parallel Aware": false,"Async Capable": false,"Startup Cost": 1.25,"Total Cost": 1.25,"Plan Rows": 25,"Plan Width": 108,"Actual Startup Time": 0.094,"Actual Total Time": 0.100,"Actual Rows": 25,"Actual Loops": 4,"Hash Buckets": 1024,"Original Hash Buckets": 1024,"Hash Batches": 1,"Original Hash Batches": 1,"Peak Memory Usage": 10,"Workers": [],"Plans": [{"Node Type": "Seq Scan","Parent Relationship": "Outer","Parallel Aware": false,"Async Capable": false,"Relation Name": "nation","Alias": "nation","Startup Cost": 0.00,"Total Cost": 1.25,"Plan Rows": 25,"Plan Width": 108,"Actual Startup Time": 0.060,"Actual Total Time": 0.067,"Actual Rows": 25,"Actual Loops": 4,"Workers": []}]}]}]}]}]},"Planning Time": 7.215,"Triggers": [],"Execution Time": 650.753}]
[{"Plan": {"Node Type": "Sort","Parallel Aware": false,"Async Capable": false,"Startup Cost": 128172.02,"Total Cost": 128307.83,"Plan Rows": 54323,"Plan Width": 280,"Actual Startup Time": 580.875,"Actual Total Time": 621.555,"Actual Rows": 37633,"Actual Loops": 1,"Sort Key": ["(sum((lineitem.l_extendedprice * ('1'::numeric - lineitem.l_discount)))) DESC"],"Sort Method": "quicksort","Sort Space Used": 9771,"Sort Space Type": "Memory","Plans": [{"Node Type": "Aggregate","Strategy": "Hashed","Partial Mode": "Simple","Parent Relationship": "Outer","Parallel Aware": false,"Async Capable": false,"Startup Cost": 123220.68,"Total Cost": 123899.72,"Plan Rows": 54323,"Plan Width": 280,"Actual Startup Time": 405.186,"Actual Total Time": 549.451,"Actual Rows": 37633,"Actual Loops": 1,"Group Key": ["customer.c_custkey", "nation.n_name"],"Planned Partitions": 0,"HashAgg Batches": 1,"Peak Memory Usage": 26129,"Disk Usage": 0,"Plans": [{"Node Type": "Gather","Parent Relationship": "Outer","Parallel Aware": false,"Async Capable": false,"Startup Cost": 6755.11,"Total Cost": 122541.64,"Plan Rows": 54323,"Plan Width": 260,"Actual Startup Time": 76.087,"Actual Total Time": 280.080,"Actual Rows": 112740,"Actual Loops": 1,"Workers Planned": 3,"Workers Launched": 3,"Single Copy": false,"Plans": [{"Node Type": "Hash Join","Parent Relationship": "Outer","Parallel Aware": false,"Async Capable": false,"Join Type": "Inner","Startup Cost": 5755.11,"Total Cost": 116109.34,"Plan Rows": 17524,"Plan Width": 260,"Actual Startup Time": 69.042,"Actual Total Time": 350.531,"Actual Rows": 28185,"Actual Loops": 4,"Inner Unique": true,"Hash Cond": "(customer.c_nationkey = nation.n_nationkey)","Workers": [],"Plans": [{"Node Type": "Hash Join","Parent Relationship": "Outer","Parallel Aware": true,"Async Capable": false,"Join Type": "Inner","Startup Cost": 5753.55,"Total Cost": 116053.98,"Plan Rows": 17524,"Plan Width": 160,"Actual Startup Time": 68.729,"Actual Total Time": 342.552,"Actual Rows": 28185,"Actual Loops": 4,"Inner Unique": true,"Hash Cond": "(orders.o_custkey = customer.c_custkey)","Workers": [],"Plans": [{"Node Type": "Nested Loop","Parent Relationship": "Outer","Parallel Aware": false,"Async Capable": false,"Join Type": "Inner","Startup Cost": 762.30,"Total Cost": 111016.73,"Plan Rows": 17524,"Plan Width": 16,"Actual Startup Time": 13.194,"Actual Total Time": 245.701,"Actual Rows": 28185,"Actual Loops": 4,"Inner Unique": false,"Workers": [],"Plans": [{"Node Type": "Bitmap Heap Scan","Parent Relationship": "Outer","Parallel Aware": true,"Async Capable": false,"Relation Name": "orders","Alias": "orders","Startup Cost": 761.87,"Total Cost": 27123.80,"Plan Rows": 17795,"Plan Width": 8,"Actual Startup Time": 13.139,"Actual Total Time": 70.147,"Actual Rows": 14108,"Actual Loops": 4,"Recheck Cond": "((o_orderdate >= '1993-04-01'::date) AND (o_orderdate < '1993-07-01 00:00:00'::timestamp without time zone))","Rows Removed by Index Recheck": 0,"Exact Heap Blocks": 3504,"Lossy Heap Blocks": 0,"Workers": [],"Plans": [{"Node Type": "Bitmap Index Scan","Parent Relationship": "Outer","Parallel Aware": false,"Async Capable": false,"Index Name": "idx_orders_orderdate","Startup Cost": 0.00,"Total Cost": 748.08,"Plan Rows": 55165,"Plan Width": 0,"Actual Startup Time": 10.077,"Actual Total Time": 10.080,"Actual Rows": 56434,"Actual Loops": 1,"Index Cond": "((o_orderdate >= '1993-04-01'::date) AND (o_orderdate < '1993-07-01 00:00:00'::timestamp without time zone))","Workers": []}]},{"Node Type": "Index Scan","Parent Relationship": "Inner","Parallel Aware": false,"Async Capable": false,"Scan Direction": "Forward","Index Name": "idx_lineitem_orderkey","Relation Name": "lineitem","Alias": "lineitem","Startup Cost": 0.43,"Total Cost": 4.67,"Plan Rows": 4,"Plan Width": 16,"Actual Startup Time": 0.010,"Actual Total Time": 0.012,"Actual Rows": 2,"Actual Loops": 56434,"Index Cond": "(l_orderkey = orders.o_orderkey)","Rows Removed by Index Recheck": 0,"Filter": "(l_returnflag = 'R'::bpchar)","Rows Removed by Filter": 2,"Workers": []}]},{"Node Type": "Hash","Parent Relationship": "Inner","Parallel Aware": true,"Async Capable": false,"Startup Cost": 4210.00,"Total Cost": 4210.00,"Plan Rows": 62500,"Plan Width": 148,"Actual Startup Time": 54.995,"Actual Total Time": 55.002,"Actual Rows": 37500,"Actual Loops": 4,"Hash Buckets": 262144,"Original Hash Buckets": 262144,"Hash Batches": 1,"Original Hash Batches": 1,"Peak Memory Usage": 29312,"Workers": [],"Plans": [{"Node Type": "Seq Scan","Parent Relationship": "Outer","Parallel Aware": true,"Async Capable": false,"Relation Name": "customer","Alias": "customer","Startup Cost": 0.00,"Total Cost": 4210.00,"Plan Rows": 62500,"Plan Width": 148,"Actual Startup Time": 0.020,"Actual Total Time": 23.497,"Actual Rows": 37500,"Actual Loops": 4,"Workers": []}]}]},{"Node Type": "Hash","Parent Relationship": "Inner","Parallel Aware": false,"Async Capable": false,"Startup Cost": 1.25,"Total Cost": 1.25,"Plan Rows": 25,"Plan Width": 108,"Actual Startup Time": 0.072,"Actual Total Time": 0.079,"Actual Rows": 25,"Actual Loops": 4,"Hash Buckets": 1024,"Original Hash Buckets": 1024,"Hash Batches": 1,"Original Hash Batches": 1,"Peak Memory Usage": 10,"Workers": [],"Plans": [{"Node Type": "Seq Scan","Parent Relationship": "Outer","Parallel Aware": false,"Async Capable": false,"Relation Name": "nation","Alias": "nation","Startup Cost": 0.00,"Total Cost": 1.25,"Plan Rows": 25,"Plan Width": 108,"Actual Startup Time": 0.049,"Actual Total Time": 0.055,"Actual Rows": 25,"Actual Loops": 4,"Workers": []}]}]}]}]}]},"Planning Time": 7.486,"Triggers": [],"Execution Time": 627.374}]
[{"Plan": {"Node Type": "Sort","Parallel Aware": false,"Async Capable": false,"Startup Cost": 135294.26,"Total Cost": 135443.48,"Plan Rows": 59689,"Plan Width": 280,"Actual Startup Time": 545.457,"Actual Total Time": 585.279,"Actual Rows": 35593,"Actual Loops": 1,"Sort Key": ["(sum((lineitem.l_extendedprice * ('1'::numeric - lineitem.l_discount)))) DESC"],"Sort Method": "quicksort","Sort Space Used": 9317,"Sort Space Type": "Memory","Plans": [{"Node Type": "Aggregate","Strategy": "Hashed","Partial Mode": "Simple","Parent Relationship": "Outer","Parallel Aware": false,"Async Capable": false,"Startup Cost": 129813.27,"Total Cost": 130559.38,"Plan Rows": 59689,"Plan Width": 280,"Actual Startup Time": 389.996,"Actual Total Time": 517.393,"Actual Rows": 35593,"Actual Loops": 1,"Group Key": ["customer.c_custkey", "nation.n_name"],"Planned Partitions": 0,"HashAgg Batches": 1,"Peak Memory Usage": 27665,"Disk Usage": 0,"Plans": [{"Node Type": "Gather","Parent Relationship": "Outer","Parallel Aware": false,"Async Capable": false,"Startup Cost": 6830.97,"Total Cost": 129067.15,"Plan Rows": 59689,"Plan Width": 260,"Actual Startup Time": 76.518,"Actual Total Time": 281.363,"Actual Rows": 94907,"Actual Loops": 1,"Workers Planned": 3,"Workers Launched": 3,"Single Copy": false,"Plans": [{"Node Type": "Hash Join","Parent Relationship": "Outer","Parallel Aware": false,"Async Capable": false,"Join Type": "Inner","Startup Cost": 5830.97,"Total Cost": 122098.25,"Plan Rows": 19255,"Plan Width": 260,"Actual Startup Time": 68.775,"Actual Total Time": 339.806,"Actual Rows": 23727,"Actual Loops": 4,"Inner Unique": true,"Hash Cond": "(customer.c_nationkey = nation.n_nationkey)","Workers": [],"Plans": [{"Node Type": "Hash Join","Parent Relationship": "Outer","Parallel Aware": true,"Async Capable": false,"Join Type": "Inner","Startup Cost": 5829.40,"Total Cost": 122037.58,"Plan Rows": 19255,"Plan Width": 160,"Actual Startup Time": 68.296,"Actual Total Time": 331.130,"Actual Rows": 23727,"Actual Loops": 4,"Inner Unique": true,"Hash Cond": "(orders.o_custkey = customer.c_custkey)","Workers": [],"Plans": [{"Node Type": "Nested Loop","Parent Relationship": "Outer","Parallel Aware": false,"Async Capable": false,"Join Type": "Inner","Startup Cost": 838.15,"Total Cost": 116995.79,"Plan Rows": 19255,"Plan Width": 16,"Actual Startup Time": 13.636,"Actual Total Time": 241.200,"Actual Rows": 23727,"Actual Loops": 4,"Inner Unique": false,"Workers": [],"Plans": [{"Node Type": "Bitmap Heap Scan","Parent Relationship": "Outer","Parallel Aware": true,"Async Capable": false,"Relation Name": "orders","Alias": "orders","Startup Cost": 837.72,"Total Cost": 27226.01,"Plan Rows": 19553,"Plan Width": 8,"Actual Startup Time": 13.552,"Actual Total Time": 68.983,"Actual Rows": 14126,"Actual Loops": 4,"Recheck Cond": "((o_orderdate >= '1995-01-01'::date) AND (o_orderdate < '1995-04-01 00:00:00'::timestamp without time zone))","Rows Removed by Index Recheck": 0,"Exact Heap Blocks": 3623,"Lossy Heap Blocks": 0,"Workers": [],"Plans": [{"Node Type": "Bitmap Index Scan","Parent Relationship": "Outer","Parallel Aware": false,"Async Capable": false,"Index Name": "idx_orders_orderdate","Startup Cost": 0.00,"Total Cost": 822.57,"Plan Rows": 60614,"Plan Width": 0,"Actual Startup Time": 10.475,"Actual Total Time": 10.479,"Actual Rows": 56506,"Actual Loops": 1,"Index Cond": "((o_orderdate >= '1995-01-01'::date) AND (o_orderdate < '1995-04-01 00:00:00'::timestamp without time zone))","Workers": []}]},{"Node Type": "Index Scan","Parent Relationship": "Inner","Parallel Aware": false,"Async Capable": false,"Scan Direction": "Forward","Index Name": "idx_lineitem_orderkey","Relation Name": "lineitem","Alias": "lineitem","Startup Cost": 0.43,"Total Cost": 4.55,"Plan Rows": 4,"Plan Width": 16,"Actual Startup Time": 0.010,"Actual Total Time": 0.012,"Actual Rows": 2,"Actual Loops": 56506,"Index Cond": "(l_orderkey = orders.o_orderkey)","Rows Removed by Index Recheck": 0,"Filter": "(l_returnflag = 'R'::bpchar)","Rows Removed by Filter": 2,"Workers": []}]},{"Node Type": "Hash","Parent Relationship": "Inner","Parallel Aware": true,"Async Capable": false,"Startup Cost": 4210.00,"Total Cost": 4210.00,"Plan Rows": 62500,"Plan Width": 148,"Actual Startup Time": 54.088,"Actual Total Time": 54.097,"Actual Rows": 37500,"Actual Loops": 4,"Hash Buckets": 262144,"Original Hash Buckets": 262144,"Hash Batches": 1,"Original Hash Batches": 1,"Peak Memory Usage": 29312,"Workers": [],"Plans": [{"Node Type": "Seq Scan","Parent Relationship": "Outer","Parallel Aware": true,"Async Capable": false,"Relation Name": "customer","Alias": "customer","Startup Cost": 0.00,"Total Cost": 4210.00,"Plan Rows": 62500,"Plan Width": 148,"Actual Startup Time": 0.033,"Actual Total Time": 23.775,"Actual Rows": 37500,"Actual Loops": 4,"Workers": []}]}]},{"Node Type": "Hash","Parent Relationship": "Inner","Parallel Aware": false,"Async Capable": false,"Startup Cost": 1.25,"Total Cost": 1.25,"Plan Rows": 25,"Plan Width": 108,"Actual Startup Time": 0.094,"Actual Total Time": 0.098,"Actual Rows": 25,"Actual Loops": 4,"Hash Buckets": 1024,"Original Hash Buckets": 1024,"Hash Batches": 1,"Original Hash Batches": 1,"Peak Memory Usage": 10,"Workers": [],"Plans": [{"Node Type": "Seq Scan","Parent Relationship": "Outer","Parallel Aware": false,"Async Capable": false,"Relation Name": "nation","Alias": "nation","Startup Cost": 0.00,"Total Cost": 1.25,"Plan Rows": 25,"Plan Width": 108,"Actual Startup Time": 0.062,"Actual Total Time": 0.068,"Actual Rows": 25,"Actual Loops": 4,"Workers": []}]}]}]}]}]},"Planning Time": 7.620,"Triggers": [],"Execution Time": 593.147}]
[{"Plan": {"Node Type": "Sort","Parallel Aware": false,"Async Capable": false,"Startup Cost": 135821.55,"Total Cost": 135971.77,"Plan Rows": 60088,"Plan Width": 280,"Actual Startup Time": 612.241,"Actual Total Time": 654.721,"Actual Rows": 38271,"Actual Loops": 1,"Sort Key": ["(sum((lineitem.l_extendedprice * ('1'::numeric - lineitem.l_discount)))) DESC"],"Sort Method": "quicksort","Sort Space Used": 9908,"Sort Space Type": "Memory","Plans": [{"Node Type": "Aggregate","Strategy": "Hashed","Partial Mode": "Simple","Parent Relationship": "Outer","Parallel Aware": false,"Async Capable": false,"Startup Cost": 130301.02,"Total Cost": 131052.12,"Plan Rows": 60088,"Plan Width": 280,"Actual Startup Time": 429.301,"Actual Total Time": 581.634,"Actual Rows": 38271,"Actual Loops": 1,"Group Key": ["customer.c_custkey", "nation.n_name"],"Planned Partitions": 0,"HashAgg Batches": 1,"Peak Memory Usage": 27665,"Disk Usage": 0,"Plans": [{"Node Type": "Gather","Parent Relationship": "Outer","Parallel Aware": false,"Async Capable": false,"Startup Cost": 6839.13,"Total Cost": 129549.92,"Plan Rows": 60088,"Plan Width": 260,"Actual Startup Time": 85.611,"Actual Total Time": 294.175,"Actual Rows": 115282,"Actual Loops": 1,"Workers Planned": 3,"Workers Launched": 3,"Single Copy": false,"Plans": [{"Node Type": "Hash Join","Parent Relationship": "Outer","Parallel Aware": false,"Async Capable": false,"Join Type": "Inner","Startup Cost": 5839.13,"Total Cost": 122541.12,"Plan Rows": 19383,"Plan Width": 260,"Actual Startup Time": 78.447,"Actual Total Time": 371.364,"Actual Rows": 28820,"Actual Loops": 4,"Inner Unique": true,"Hash Cond": "(customer.c_nationkey = nation.n_nationkey)","Workers": [],"Plans": [{"Node Type": "Hash Join","Parent Relationship": "Outer","Parallel Aware": true,"Async Capable": false,"Join Type": "Inner","Startup Cost": 5837.56,"Total Cost": 122480.06,"Plan Rows": 19383,"Plan Width": 160,"Actual Startup Time": 78.051,"Actual Total Time": 362.469,"Actual Rows": 28820,"Actual Loops": 4,"Inner Unique": true,"Hash Cond": "(orders.o_custkey = customer.c_custkey)","Workers": [],"Plans": [{"Node Type": "Nested Loop","Parent Relationship": "Outer","Parallel Aware": false,"Async Capable": false,"Join Type": "Inner","Startup Cost": 846.31,"Total Cost": 117437.93,"Plan Rows": 19383,"Plan Width": 16,"Actual Startup Time": 13.660,"Actual Total Time": 255.763,"Actual Rows": 28820,"Actual Loops": 4,"Inner Unique": false,"Workers": [],"Plans": [{"Node Type": "Bitmap Heap Scan","Parent Relationship": "Outer","Parallel Aware": true,"Async Capable": false,"Relation Name": "orders","Alias": "orders","Startup Cost": 845.88,"Total Cost": 27236.14,"Plan Rows": 19684,"Plan Width": 8,"Actual Startup Time": 13.594,"Actual Total Time": 71.334,"Actual Rows": 14421,"Actual Loops": 4,"Recheck Cond": "((o_orderdate >= '1994-11-01'::date) AND (o_orderdate < '1995-02-01 00:00:00'::timestamp without time zone))","Rows Removed by Index Recheck": 0,"Exact Heap Blocks": 3552,"Lossy Heap Blocks": 0,"Workers": [],"Plans": [{"Node Type": "Bitmap Index Scan","Parent Relationship": "Outer","Parallel Aware": false,"Async Capable": false,"Index Name": "idx_orders_orderdate","Startup Cost": 0.00,"Total Cost": 830.63,"Plan Rows": 61020,"Plan Width": 0,"Actual Startup Time": 10.499,"Actual Total Time": 10.499,"Actual Rows": 57683,"Actual Loops": 1,"Index Cond": "((o_orderdate >= '1994-11-01'::date) AND (o_orderdate < '1995-02-01 00:00:00'::timestamp without time zone))","Workers": []}]},{"Node Type": "Index Scan","Parent Relationship": "Inner","Parallel Aware": false,"Async Capable": false,"Scan Direction": "Forward","Index Name": "idx_lineitem_orderkey","Relation Name": "lineitem","Alias": "lineitem","Startup Cost": 0.43,"Total Cost": 4.54,"Plan Rows": 4,"Plan Width": 16,"Actual Startup Time": 0.010,"Actual Total Time": 0.012,"Actual Rows": 2,"Actual Loops": 57683,"Index Cond": "(l_orderkey = orders.o_orderkey)","Rows Removed by Index Recheck": 0,"Filter": "(l_returnflag = 'R'::bpchar)","Rows Removed by Filter": 2,"Workers": []}]},{"Node Type": "Hash","Parent Relationship": "Inner","Parallel Aware": true,"Async Capable": false,"Startup Cost": 4210.00,"Total Cost": 4210.00,"Plan Rows": 62500,"Plan Width": 148,"Actual Startup Time": 63.847,"Actual Total Time": 63.854,"Actual Rows": 37500,"Actual Loops": 4,"Hash Buckets": 262144,"Original Hash Buckets": 262144,"Hash Batches": 1,"Original Hash Batches": 1,"Peak Memory Usage": 29312,"Workers": [],"Plans": [{"Node Type": "Seq Scan","Parent Relationship": "Outer","Parallel Aware": true,"Async Capable": false,"Relation Name": "customer","Alias": "customer","Startup Cost": 0.00,"Total Cost": 4210.00,"Plan Rows": 62500,"Plan Width": 148,"Actual Startup Time": 0.028,"Actual Total Time": 27.532,"Actual Rows": 37500,"Actual Loops": 4,"Workers": []}]}]},{"Node Type": "Hash","Parent Relationship": "Inner","Parallel Aware": false,"Async Capable": false,"Startup Cost": 1.25,"Total Cost": 1.25,"Plan Rows": 25,"Plan Width": 108,"Actual Startup Time": 0.090,"Actual Total Time": 0.096,"Actual Rows": 25,"Actual Loops": 4,"Hash Buckets": 1024,"Original Hash Buckets": 1024,"Hash Batches": 1,"Original Hash Batches": 1,"Peak Memory Usage": 10,"Workers": [],"Plans": [{"Node Type": "Seq Scan","Parent Relationship": "Outer","Parallel Aware": false,"Async Capable": false,"Relation Name": "nation","Alias": "nation","Startup Cost": 0.00,"Total Cost": 1.25,"Plan Rows": 25,"Plan Width": 108,"Actual Startup Time": 0.058,"Actual Total Time": 0.065,"Actual Rows": 25,"Actual Loops": 4,"Workers": []}]}]}]}]}]},"Planning Time": 7.427,"Triggers": [],"Execution Time": 660.359}]
[{"Plan": {"Node Type": "Sort","Parallel Aware": false,"Async Capable": false,"Startup Cost": 132365.07,"Total Cost": 132508.74,"Plan Rows": 57466,"Plan Width": 280,"Actual Startup Time": 604.092,"Actual Total Time": 644.113,"Actual Rows": 37690,"Actual Loops": 1,"Sort Key": ["(sum((lineitem.l_extendedprice * ('1'::numeric - lineitem.l_discount)))) DESC"],"Sort Method": "quicksort","Sort Space Used": 9779,"Sort Space Type": "Memory","Plans": [{"Node Type": "Aggregate","Strategy": "Hashed","Partial Mode": "Simple","Parent Relationship": "Outer","Parallel Aware": false,"Async Capable": false,"Startup Cost": 127103.94,"Total Cost": 127822.26,"Plan Rows": 57466,"Plan Width": 280,"Actual Startup Time": 420.502,"Actual Total Time": 570.586,"Actual Rows": 37690,"Actual Loops": 1,"Group Key": ["customer.c_custkey", "nation.n_name"],"Planned Partitions": 0,"HashAgg Batches": 1,"Peak Memory Usage": 26129,"Disk Usage": 0,"Plans": [{"Node Type": "Gather","Parent Relationship": "Outer","Parallel Aware": false,"Async Capable": false,"Startup Cost": 6799.83,"Total Cost": 126385.61,"Plan Rows": 57466,"Plan Width": 260,"Actual Startup Time": 84.807,"Actual Total Time": 291.020,"Actual Rows": 113599,"Actual Loops": 1,"Workers Planned": 3,"Workers Launched": 3,"Single Copy": false,"Plans": [{"Node Type": "Hash Join","Parent Relationship": "Outer","Parallel Aware": false,"Async Capable": false,"Join Type": "Inner","Startup Cost": 5799.83,"Total Cost": 119639.01,"Plan Rows": 18537,"Plan Width": 260,"Actual Startup Time": 77.448,"Actual Total Time": 365.330,"Actual Rows": 28400,"Actual Loops": 4,"Inner Unique": true,"Hash Cond": "(customer.c_nationkey = nation.n_nationkey)","Workers": [],"Plans": [{"Node Type": "Hash Join","Parent Relationship": "Outer","Parallel Aware": true,"Async Capable": false,"Join Type": "Inner","Startup Cost": 5798.27,"Total Cost": 119580.55,"Plan Rows": 18537,"Plan Width": 160,"Actual Startup Time": 76.978,"Actual Total Time": 356.100,"Actual Rows": 28400,"Actual Loops": 4,"Inner Unique": true,"Hash Cond": "(orders.o_custkey = customer.c_custkey)","Workers": [],"Plans": [{"Node Type": "Nested Loop","Parent Relationship": "Outer","Parallel Aware": false,"Async Capable": false,"Join Type": "Inner","Startup Cost": 807.02,"Total Cost": 114540.64,"Plan Rows": 18537,"Plan Width": 16,"Actual Startup Time": 13.069,"Actual Total Time": 252.235,"Actual Rows": 28400,"Actual Loops": 4,"Inner Unique": false,"Workers": [],"Plans": [{"Node Type": "Bitmap Heap Scan","Parent Relationship": "Outer","Parallel Aware": true,"Async Capable": false,"Relation Name": "orders","Alias": "orders","Startup Cost": 806.59,"Total Cost": 27183.96,"Plan Rows": 18825,"Plan Width": 8,"Actual Startup Time": 13.002,"Actual Total Time": 70.665,"Actual Rows": 14161,"Actual Loops": 4,"Recheck Cond": "((o_orderdate >= '1994-04-01'::date) AND (o_orderdate < '1994-07-01 00:00:00'::timestamp without time zone))","Rows Removed by Index Recheck": 0,"Exact Heap Blocks": 3668,"Lossy Heap Blocks": 0,"Workers": [],"Plans": [{"Node Type": "Bitmap Index Scan","Parent Relationship": "Outer","Parallel Aware": false,"Async Capable": false,"Index Name": "idx_orders_orderdate","Startup Cost": 0.00,"Total Cost": 792.00,"Plan Rows": 58357,"Plan Width": 0,"Actual Startup Time": 9.907,"Actual Total Time": 9.915,"Actual Rows": 56645,"Actual Loops": 1,"Index Cond": "((o_orderdate >= '1994-04-01'::date) AND (o_orderdate < '1994-07-01 00:00:00'::timestamp without time zone))","Workers": []}]},{"Node Type": "Index Scan","Parent Relationship": "Inner","Parallel Aware": false,"Async Capable": false,"Scan Direction": "Forward","Index Name": "idx_lineitem_orderkey","Relation Name": "lineitem","Alias": "lineitem","Startup Cost": 0.43,"Total Cost": 4.60,"Plan Rows": 4,"Plan Width": 16,"Actual Startup Time": 0.010,"Actual Total Time": 0.012,"Actual Rows": 2,"Actual Loops": 56645,"Index Cond": "(l_orderkey = orders.o_orderkey)","Rows Removed by Index Recheck": 0,"Filter": "(l_returnflag = 'R'::bpchar)","Rows Removed by Filter": 2,"Workers": []}]},{"Node Type": "Hash","Parent Relationship": "Inner","Parallel Aware": true,"Async Capable": false,"Startup Cost": 4210.00,"Total Cost": 4210.00,"Plan Rows": 62500,"Plan Width": 148,"Actual Startup Time": 63.332,"Actual Total Time": 63.338,"Actual Rows": 37500,"Actual Loops": 4,"Hash Buckets": 262144,"Original Hash Buckets": 262144,"Hash Batches": 1,"Original Hash Batches": 1,"Peak Memory Usage": 29344,"Workers": [],"Plans": [{"Node Type": "Seq Scan","Parent Relationship": "Outer","Parallel Aware": true,"Async Capable": false,"Relation Name": "customer","Alias": "customer","Startup Cost": 0.00,"Total Cost": 4210.00,"Plan Rows": 62500,"Plan Width": 148,"Actual Startup Time": 0.025,"Actual Total Time": 28.533,"Actual Rows": 37500,"Actual Loops": 4,"Workers": []}]}]},{"Node Type": "Hash","Parent Relationship": "Inner","Parallel Aware": false,"Async Capable": false,"Startup Cost": 1.25,"Total Cost": 1.25,"Plan Rows": 25,"Plan Width": 108,"Actual Startup Time": 0.107,"Actual Total Time": 0.110,"Actual Rows": 25,"Actual Loops": 4,"Hash Buckets": 1024,"Original Hash Buckets": 1024,"Hash Batches": 1,"Original Hash Batches": 1,"Peak Memory Usage": 10,"Workers": [],"Plans": [{"Node Type": "Seq Scan","Parent Relationship": "Outer","Parallel Aware": false,"Async Capable": false,"Relation Name": "nation","Alias": "nation","Startup Cost": 0.00,"Total Cost": 1.25,"Plan Rows": 25,"Plan Width": 108,"Actual Startup Time": 0.074,"Actual Total Time": 0.080,"Actual Rows": 25,"Actual Loops": 4,"Workers": []}]}]}]}]}]},"Planning Time": 6.317,"Triggers": [],"Execution Time": 648.403}]
[{"Plan": {"Node Type": "Sort","Parallel Aware": false,"Async Capable": false,"Startup Cost": 131330.41,"Total Cost": 131472.12,"Plan Rows": 56686,"Plan Width": 280,"Actual Startup Time": 587.483,"Actual Total Time": 628.086,"Actual Rows": 37925,"Actual Loops": 1,"Sort Key": ["(sum((lineitem.l_extendedprice * ('1'::numeric - lineitem.l_discount)))) DESC"],"Sort Method": "quicksort","Sort Space Used": 9832,"Sort Space Type": "Memory","Plans": [{"Node Type": "Aggregate","Strategy": "Hashed","Partial Mode": "Simple","Parent Relationship": "Outer","Parallel Aware": false,"Async Capable": false,"Startup Cost": 126146.27,"Total Cost": 126854.85,"Plan Rows": 56686,"Plan Width": 280,"Actual Startup Time": 410.388,"Actual Total Time": 556.054,"Actual Rows": 37925,"Actual Loops": 1,"Group Key": ["customer.c_custkey", "nation.n_name"],"Planned Partitions": 0,"HashAgg Batches": 1,"Peak Memory Usage": 26129,"Disk Usage": 0,"Plans": [{"Node Type": "Gather","Parent Relationship": "Outer","Parallel Aware": false,"Async Capable": false,"Startup Cost": 6791.71,"Total Cost": 125437.70,"Plan Rows": 56686,"Plan Width": 260,"Actual Startup Time": 76.070,"Actual Total Time": 284.431,"Actual Rows": 114550,"Actual Loops": 1,"Workers Planned": 3,"Workers Launched": 3,"Single Copy": false,"Plans": [{"Node Type": "Hash Join","Parent Relationship": "Outer","Parallel Aware": false,"Async Capable": false,"Join Type": "Inner","Startup Cost": 5791.71,"Total Cost": 118769.10,"Plan Rows": 18286,"Plan Width": 260,"Actual Startup Time": 68.409,"Actual Total Time": 355.040,"Actual Rows": 28638,"Actual Loops": 4,"Inner Unique": true,"Hash Cond": "(customer.c_nationkey = nation.n_nationkey)","Workers": [],"Plans": [{"Node Type": "Hash Join","Parent Relationship": "Outer","Parallel Aware": true,"Async Capable": false,"Join Type": "Inner","Startup Cost": 5790.15,"Total Cost": 118711.40,"Plan Rows": 18286,"Plan Width": 160,"Actual Startup Time": 67.911,"Actual Total Time": 346.301,"Actual Rows": 28638,"Actual Loops": 4,"Inner Unique": true,"Hash Cond": "(orders.o_custkey = customer.c_custkey)","Workers": [],"Plans": [{"Node Type": "Nested Loop","Parent Relationship": "Outer","Parallel Aware": false,"Async Capable": false,"Join Type": "Inner","Startup Cost": 798.90,"Total Cost": 113672.15,"Plan Rows": 18286,"Plan Width": 16,"Actual Startup Time": 13.342,"Actual Total Time": 249.825,"Actual Rows": 28638,"Actual Loops": 4,"Inner Unique": false,"Workers": [],"Plans": [{"Node Type": "Bitmap Heap Scan","Parent Relationship": "Outer","Parallel Aware": true,"Async Capable": false,"Relation Name": "orders","Alias": "orders","Startup Cost": 798.47,"Total Cost": 27172.01,"Plan Rows": 18569,"Plan Width": 8,"Actual Startup Time": 13.275,"Actual Total Time": 71.340,"Actual Rows": 14284,"Actual Loops": 4,"Recheck Cond": "((o_orderdate >= '1993-08-01'::date) AND (o_orderdate < '1993-11-01 00:00:00'::timestamp without time zone))","Rows Removed by Index Recheck": 0,"Exact Heap Blocks": 3594,"Lossy Heap Blocks": 0,"Workers": [],"Plans": [{"Node Type": "Bitmap Index Scan","Parent Relationship": "Outer","Parallel Aware": false,"Async Capable": false,"Index Name": "idx_orders_orderdate","Startup Cost": 0.00,"Total Cost": 784.08,"Plan Rows": 57565,"Plan Width": 0,"Actual Startup Time": 10.135,"Actual Total Time": 10.136,"Actual Rows": 57138,"Actual Loops": 1,"Index Cond": "((o_orderdate >= '1993-08-01'::date) AND (o_orderdate < '1993-11-01 00:00:00'::timestamp without time zone))","Workers": []}]},{"Node Type": "Index Scan","Parent Relationship": "Inner","Parallel Aware": false,"Async Capable": false,"Scan Direction": "Forward","Index Name": "idx_lineitem_orderkey","Relation Name": "lineitem","Alias": "lineitem","Startup Cost": 0.43,"Total Cost": 4.62,"Plan Rows": 4,"Plan Width": 16,"Actual Startup Time": 0.010,"Actual Total Time": 0.012,"Actual Rows": 2,"Actual Loops": 57138,"Index Cond": "(l_orderkey = orders.o_orderkey)","Rows Removed by Index Recheck": 0,"Filter": "(l_returnflag = 'R'::bpchar)","Rows Removed by Filter": 2,"Workers": []}]},{"Node Type": "Hash","Parent Relationship": "Inner","Parallel Aware": true,"Async Capable": false,"Startup Cost": 4210.00,"Total Cost": 4210.00,"Plan Rows": 62500,"Plan Width": 148,"Actual Startup Time": 53.968,"Actual Total Time": 53.976,"Actual Rows": 37500,"Actual Loops": 4,"Hash Buckets": 262144,"Original Hash Buckets": 262144,"Hash Batches": 1,"Original Hash Batches": 1,"Peak Memory Usage": 29344,"Workers": [],"Plans": [{"Node Type": "Seq Scan","Parent Relationship": "Outer","Parallel Aware": true,"Async Capable": false,"Relation Name": "customer","Alias": "customer","Startup Cost": 0.00,"Total Cost": 4210.00,"Plan Rows": 62500,"Plan Width": 148,"Actual Startup Time": 0.023,"Actual Total Time": 24.403,"Actual Rows": 37500,"Actual Loops": 4,"Workers": []}]}]},{"Node Type": "Hash","Parent Relationship": "Inner","Parallel Aware": false,"Async Capable": false,"Startup Cost": 1.25,"Total Cost": 1.25,"Plan Rows": 25,"Plan Width": 108,"Actual Startup Time": 0.099,"Actual Total Time": 0.106,"Actual Rows": 25,"Actual Loops": 4,"Hash Buckets": 1024,"Original Hash Buckets": 1024,"Hash Batches": 1,"Original Hash Batches": 1,"Peak Memory Usage": 10,"Workers": [],"Plans": [{"Node Type": "Seq Scan","Parent Relationship": "Outer","Parallel Aware": false,"Async Capable": false,"Relation Name": "nation","Alias": "nation","Startup Cost": 0.00,"Total Cost": 1.25,"Plan Rows": 25,"Plan Width": 108,"Actual Startup Time": 0.062,"Actual Total Time": 0.071,"Actual Rows": 25,"Actual Loops": 4,"Workers": []}]}]}]}]}]},"Planning Time": 6.540,"Triggers": [],"Execution Time": 634.012}]
[{"Plan": {"Node Type": "Sort","Parallel Aware": false,"Async Capable": false,"Startup Cost": 134586.43,"Total Cost": 134734.30,"Plan Rows": 59150,"Plan Width": 280,"Actual Startup Time": 563.586,"Actual Total Time": 604.383,"Actual Rows": 37293,"Actual Loops": 1,"Sort Key": ["(sum((lineitem.l_extendedprice * ('1'::numeric - lineitem.l_discount)))) DESC"],"Sort Method": "quicksort","Sort Space Used": 9691,"Sort Space Type": "Memory","Plans": [{"Node Type": "Aggregate","Strategy": "Hashed","Partial Mode": "Simple","Parent Relationship": "Outer","Parallel Aware": false,"Async Capable": false,"Startup Cost": 129158.80,"Total Cost": 129898.17,"Plan Rows": 59150,"Plan Width": 280,"Actual Startup Time": 392.436,"Actual Total Time": 532.730,"Actual Rows": 37293,"Actual Loops": 1,"Group Key": ["customer.c_custkey", "nation.n_name"],"Planned Partitions": 0,"HashAgg Batches": 1,"Peak Memory Usage": 27665,"Disk Usage": 0,"Plans": [{"Node Type": "Gather","Parent Relationship": "Outer","Parallel Aware": false,"Async Capable": false,"Startup Cost": 6825.36,"Total Cost": 128419.42,"Plan Rows": 59150,"Plan Width": 260,"Actual Startup Time": 75.957,"Actual Total Time": 271.680,"Actual Rows": 108779,"Actual Loops": 1,"Workers Planned": 3,"Workers Launched": 3,"Single Copy": false,"Plans": [{"Node Type": "Hash Join","Parent Relationship": "Outer","Parallel Aware": false,"Async Capable": false,"Join Type": "Inner","Startup Cost": 5825.36,"Total Cost": 121504.42,"Plan Rows": 19081,"Plan Width": 260,"Actual Startup Time": 69.040,"Actual Total Time": 339.341,"Actual Rows": 27195,"Actual Loops": 4,"Inner Unique": true,"Hash Cond": "(customer.c_nationkey = nation.n_nationkey)","Workers": [],"Plans": [{"Node Type": "Hash Join","Parent Relationship": "Outer","Parallel Aware": true,"Async Capable": false,"Join Type": "Inner","Startup Cost": 5823.80,"Total Cost": 121444.28,"Plan Rows": 19081,"Plan Width": 160,"Actual Startup Time": 68.657,"Actual Total Time": 330.758,"Actual Rows": 27195,"Actual Loops": 4,"Inner Unique": true,"Hash Cond": "(orders.o_custkey = customer.c_custkey)","Workers": [],"Plans": [{"Node Type": "Nested Loop","Parent Relationship": "Outer","Parallel Aware": false,"Async Capable": false,"Join Type": "Inner","Startup Cost": 832.55,"Total Cost": 116402.95,"Plan Rows": 19081,"Plan Width": 16,"Actual Startup Time": 13.292,"Actual Total Time": 236.377,"Actual Rows": 27195,"Actual Loops": 4,"Inner Unique": false,"Workers": [],"Plans": [{"Node Type": "Bitmap Heap Scan","Parent Relationship": "Outer","Parallel Aware": true,"Async Capable": false,"Relation Name": "orders","Alias": "orders","Startup Cost": 832.11,"Total Cost": 27217.76,"Plan Rows": 19376,"Plan Width": 8,"Actual Startup Time": 13.230,"Actual Total Time": 65.610,"Actual Rows": 14144,"Actual Loops": 4,"Recheck Cond": "((o_orderdate >= '1994-12-01'::date) AND (o_orderdate < '1995-03-01 00:00:00'::timestamp without time zone))","Rows Removed by Index Recheck": 0,"Exact Heap Blocks": 3506,"Lossy Heap Blocks": 0,"Workers": [],"Plans": [{"Node Type": "Bitmap Index Scan","Parent Relationship": "Outer","Parallel Aware": false,"Async Capable": false,"Index Name": "idx_orders_orderdate","Startup Cost": 0.00,"Total Cost": 817.10,"Plan Rows": 60067,"Plan Width": 0,"Actual Startup Time": 10.114,"Actual Total Time": 10.122,"Actual Rows": 56577,"Actual Loops": 1,"Index Cond": "((o_orderdate >= '1994-12-01'::date) AND (o_orderdate < '1995-03-01 00:00:00'::timestamp without time zone))","Workers": []}]},{"Node Type": "Index Scan","Parent Relationship": "Inner","Parallel Aware": false,"Async Capable": false,"Scan Direction": "Forward","Index Name": "idx_lineitem_orderkey","Relation Name": "lineitem","Alias": "lineitem","Startup Cost": 0.43,"Total Cost": 4.56,"Plan Rows": 4,"Plan Width": 16,"Actual Startup Time": 0.010,"Actual Total Time": 0.012,"Actual Rows": 2,"Actual Loops": 56577,"Index Cond": "(l_orderkey = orders.o_orderkey)","Rows Removed by Index Recheck": 0,"Filter": "(l_returnflag = 'R'::bpchar)","Rows Removed by Filter": 2,"Workers": []}]},{"Node Type": "Hash","Parent Relationship": "Inner","Parallel Aware": true,"Async Capable": false,"Startup Cost": 4210.00,"Total Cost": 4210.00,"Plan Rows": 62500,"Plan Width": 148,"Actual Startup Time": 54.812,"Actual Total Time": 54.818,"Actual Rows": 37500,"Actual Loops": 4,"Hash Buckets": 262144,"Original Hash Buckets": 262144,"Hash Batches": 1,"Original Hash Batches": 1,"Peak Memory Usage": 29312,"Workers": [],"Plans": [{"Node Type": "Seq Scan","Parent Relationship": "Outer","Parallel Aware": true,"Async Capable": false,"Relation Name": "customer","Alias": "customer","Startup Cost": 0.00,"Total Cost": 4210.00,"Plan Rows": 62500,"Plan Width": 148,"Actual Startup Time": 0.022,"Actual Total Time": 23.786,"Actual Rows": 37500,"Actual Loops": 4,"Workers": []}]}]},{"Node Type": "Hash","Parent Relationship": "Inner","Parallel Aware": false,"Async Capable": false,"Startup Cost": 1.25,"Total Cost": 1.25,"Plan Rows": 25,"Plan Width": 108,"Actual Startup Time": 0.089,"Actual Total Time": 0.092,"Actual Rows": 25,"Actual Loops": 4,"Hash Buckets": 1024,"Original Hash Buckets": 1024,"Hash Batches": 1,"Original Hash Batches": 1,"Peak Memory Usage": 10,"Workers": [],"Plans": [{"Node Type": "Seq Scan","Parent Relationship": "Outer","Parallel Aware": false,"Async Capable": false,"Relation Name": "nation","Alias": "nation","Startup Cost": 0.00,"Total Cost": 1.25,"Plan Rows": 25,"Plan Width": 108,"Actual Startup Time": 0.062,"Actual Total Time": 0.067,"Actual Rows": 25,"Actual Loops": 4,"Workers": []}]}]}]}]}]},"Planning Time": 7.387,"Triggers": [],"Execution Time": 611.176}]
[{"Plan": {"Node Type": "Sort","Parallel Aware": false,"Async Capable": false,"Startup Cost": 128172.02,"Total Cost": 128307.83,"Plan Rows": 54323,"Plan Width": 280,"Actual Startup Time": 580.875,"Actual Total Time": 621.555,"Actual Rows": 37633,"Actual Loops": 1,"Sort Key": ["(sum((lineitem.l_extendedprice * ('1'::numeric - lineitem.l_discount)))) DESC"],"Sort Method": "quicksort","Sort Space Used": 9771,"Sort Space Type": "Memory","Plans": [{"Node Type": "Aggregate","Strategy": "Hashed","Partial Mode": "Simple","Parent Relationship": "Outer","Parallel Aware": false,"Async Capable": false,"Startup Cost": 123220.68,"Total Cost": 123899.72,"Plan Rows": 54323,"Plan Width": 280,"Actual Startup Time": 405.186,"Actual Total Time": 549.451,"Actual Rows": 37633,"Actual Loops": 1,"Group Key": ["customer.c_custkey", "nation.n_name"],"Planned Partitions": 0,"HashAgg Batches": 1,"Peak Memory Usage": 26129,"Disk Usage": 0,"Plans": [{"Node Type": "Gather","Parent Relationship": "Outer","Parallel Aware": false,"Async Capable": false,"Startup Cost": 6755.11,"Total Cost": 122541.64,"Plan Rows": 54323,"Plan Width": 260,"Actual Startup Time": 76.087,"Actual Total Time": 280.080,"Actual Rows": 112740,"Actual Loops": 1,"Workers Planned": 3,"Workers Launched": 3,"Single Copy": false,"Plans": [{"Node Type": "Hash Join","Parent Relationship": "Outer","Parallel Aware": false,"Async Capable": false,"Join Type": "Inner","Startup Cost": 5755.11,"Total Cost": 116109.34,"Plan Rows": 17524,"Plan Width": 260,"Actual Startup Time": 69.042,"Actual Total Time": 350.531,"Actual Rows": 28185,"Actual Loops": 4,"Inner Unique": true,"Hash Cond": "(customer.c_nationkey = nation.n_nationkey)","Workers": [],"Plans": [{"Node Type": "Hash Join","Parent Relationship": "Outer","Parallel Aware": true,"Async Capable": false,"Join Type": "Inner","Startup Cost": 5753.55,"Total Cost": 116053.98,"Plan Rows": 17524,"Plan Width": 160,"Actual Startup Time": 68.729,"Actual Total Time": 342.552,"Actual Rows": 28185,"Actual Loops": 4,"Inner Unique": true,"Hash Cond": "(orders.o_custkey = customer.c_custkey)","Workers": [],"Plans": [{"Node Type": "Nested Loop","Parent Relationship": "Outer","Parallel Aware": false,"Async Capable": false,"Join Type": "Inner","Startup Cost": 762.30,"Total Cost": 111016.73,"Plan Rows": 17524,"Plan Width": 16,"Actual Startup Time": 13.194,"Actual Total Time": 245.701,"Actual Rows": 28185,"Actual Loops": 4,"Inner Unique": false,"Workers": [],"Plans": [{"Node Type": "Bitmap Heap Scan","Parent Relationship": "Outer","Parallel Aware": true,"Async Capable": false,"Relation Name": "orders","Alias": "orders","Startup Cost": 761.87,"Total Cost": 27123.80,"Plan Rows": 17795,"Plan Width": 8,"Actual Startup Time": 13.139,"Actual Total Time": 70.147,"Actual Rows": 14108,"Actual Loops": 4,"Recheck Cond": "((o_orderdate >= '1993-04-01'::date) AND (o_orderdate < '1993-07-01 00:00:00'::timestamp without time zone))","Rows Removed by Index Recheck": 0,"Exact Heap Blocks": 3504,"Lossy Heap Blocks": 0,"Workers": [],"Plans": [{"Node Type": "Bitmap Index Scan","Parent Relationship": "Outer","Parallel Aware": false,"Async Capable": false,"Index Name": "idx_orders_orderdate","Startup Cost": 0.00,"Total Cost": 748.08,"Plan Rows": 55165,"Plan Width": 0,"Actual Startup Time": 10.077,"Actual Total Time": 10.080,"Actual Rows": 56434,"Actual Loops": 1,"Index Cond": "((o_orderdate >= '1993-04-01'::date) AND (o_orderdate < '1993-07-01 00:00:00'::timestamp without time zone))","Workers": []}]},{"Node Type": "Index Scan","Parent Relationship": "Inner","Parallel Aware": false,"Async Capable": false,"Scan Direction": "Forward","Index Name": "idx_lineitem_orderkey","Relation Name": "lineitem","Alias": "lineitem","Startup Cost": 0.43,"Total Cost": 4.67,"Plan Rows": 4,"Plan Width": 16,"Actual Startup Time": 0.010,"Actual Total Time": 0.012,"Actual Rows": 2,"Actual Loops": 56434,"Index Cond": "(l_orderkey = orders.o_orderkey)","Rows Removed by Index Recheck": 0,"Filter": "(l_returnflag = 'R'::bpchar)","Rows Removed by Filter": 2,"Workers": []}]},{"Node Type": "Hash","Parent Relationship": "Inner","Parallel Aware": true,"Async Capable": false,"Startup Cost": 4210.00,"Total Cost": 4210.00,"Plan Rows": 62500,"Plan Width": 148,"Actual Startup Time": 54.995,"Actual Total Time": 55.002,"Actual Rows": 37500,"Actual Loops": 4,"Hash Buckets": 262144,"Original Hash Buckets": 262144,"Hash Batches": 1,"Original Hash Batches": 1,"Peak Memory Usage": 29312,"Workers": [],"Plans": [{"Node Type": "Seq Scan","Parent Relationship": "Outer","Parallel Aware": true,"Async Capable": false,"Relation Name": "customer","Alias": "customer","Startup Cost": 0.00,"Total Cost": 4210.00,"Plan Rows": 62500,"Plan Width": 148,"Actual Startup Time": 0.020,"Actual Total Time": 23.497,"Actual Rows": 37500,"Actual Loops": 4,"Workers": []}]}]},{"Node Type": "Hash","Parent Relationship": "Inner","Parallel Aware": false,"Async Capable": false,"Startup Cost": 1.25,"Total Cost": 1.25,"Plan Rows": 25,"Plan Width": 108,"Actual Startup Time": 0.072,"Actual Total Time": 0.079,"Actual Rows": 25,"Actual Loops": 4,"Hash Buckets": 1024,"Original Hash Buckets": 1024,"Hash Batches": 1,"Original Hash Batches": 1,"Peak Memory Usage": 10,"Workers": [],"Plans": [{"Node Type": "Seq Scan","Parent Relationship": "Outer","Parallel Aware": false,"Async Capable": false,"Relation Name": "nation","Alias": "nation","Startup Cost": 0.00,"Total Cost": 1.25,"Plan Rows": 25,"Plan Width": 108,"Actual Startup Time": 0.049,"Actual Total Time": 0.055,"Actual Rows": 25,"Actual Loops": 4,"Workers": []}]}]}]}]}]},"Planning Time": 7.486,"Triggers": [],"Execution Time": 627.374}]
[{"Plan": {"Node Type": "Sort","Parallel Aware": false,"Async Capable": false,"Startup Cost": 127549.79,"Total Cost": 127684.44,"Plan Rows": 53858,"Plan Width": 280,"Actual Startup Time": 605.399,"Actual Total Time": 645.666,"Actual Rows": 37880,"Actual Loops": 1,"Sort Key": ["(sum((lineitem.l_extendedprice * ('1'::numeric - lineitem.l_discount)))) DESC"],"Sort Method": "quicksort","Sort Space Used": 9830,"Sort Space Type": "Memory","Plans": [{"Node Type": "Aggregate","Strategy": "Hashed","Partial Mode": "Simple","Parent Relationship": "Outer","Parallel Aware": false,"Async Capable": false,"Startup Cost": 122644.17,"Total Cost": 123317.39,"Plan Rows": 53858,"Plan Width": 280,"Actual Startup Time": 424.771,"Actual Total Time": 574.608,"Actual Rows": 37880,"Actual Loops": 1,"Group Key": ["customer.c_custkey", "nation.n_name"],"Planned Partitions": 0,"HashAgg Batches": 1,"Peak Memory Usage": 26129,"Disk Usage": 0,"Plans": [{"Node Type": "Gather","Parent Relationship": "Outer","Parallel Aware": false,"Async Capable": false,"Startup Cost": 6750.28,"Total Cost": 121970.94,"Plan Rows": 53858,"Plan Width": 260,"Actual Startup Time": 85.178,"Actual Total Time": 295.165,"Actual Rows": 114508,"Actual Loops": 1,"Workers Planned": 3,"Workers Launched": 3,"Single Copy": false,"Plans": [{"Node Type": "Hash Join","Parent Relationship": "Outer","Parallel Aware": false,"Async Capable": false,"Join Type": "Inner","Startup Cost": 5750.28,"Total Cost": 115585.14,"Plan Rows": 17374,"Plan Width": 260,"Actual Startup Time": 78.100,"Actual Total Time": 368.715,"Actual Rows": 28627,"Actual Loops": 4,"Inner Unique": true,"Hash Cond": "(customer.c_nationkey = nation.n_nationkey)","Workers": [],"Plans": [{"Node Type": "Hash Join","Parent Relationship": "Outer","Parallel Aware": true,"Async Capable": false,"Join Type": "Inner","Startup Cost": 5748.71,"Total Cost": 115530.24,"Plan Rows": 17374,"Plan Width": 160,"Actual Startup Time": 77.678,"Actual Total Time": 360.085,"Actual Rows": 28627,"Actual Loops": 4,"Inner Unique": true,"Hash Cond": "(orders.o_custkey = customer.c_custkey)","Workers": [],"Plans": [{"Node Type": "Nested Loop","Parent Relationship": "Outer","Parallel Aware": false,"Async Capable": false,"Join Type": "Inner","Startup Cost": 757.46,"Total Cost": 110493.39,"Plan Rows": 17374,"Plan Width": 16,"Actual Startup Time": 13.130,"Actual Total Time": 256.172,"Actual Rows": 28627,"Actual Loops": 4,"Inner Unique": false,"Workers": [],"Plans": [{"Node Type": "Bitmap Heap Scan","Parent Relationship": "Outer","Parallel Aware": true,"Async Capable": false,"Relation Name": "orders","Alias": "orders","Startup Cost": 757.03,"Total Cost": 27116.67,"Plan Rows": 17643,"Plan Width": 8,"Actual Startup Time": 13.063,"Actual Total Time": 71.665,"Actual Rows": 14273,"Actual Loops": 4,"Recheck Cond": "((o_orderdate >= '1993-05-01'::date) AND (o_orderdate < '1993-08-01 00:00:00'::timestamp without time zone))","Rows Removed by Index Recheck": 0,"Exact Heap Blocks": 3695,"Lossy Heap Blocks": 0,"Workers": [],"Plans": [{"Node Type": "Bitmap Index Scan","Parent Relationship": "Outer","Parallel Aware": false,"Async Capable": false,"Index Name": "idx_orders_orderdate","Startup Cost": 0.00,"Total Cost": 743.36,"Plan Rows": 54693,"Plan Width": 0,"Actual Startup Time": 9.957,"Actual Total Time": 9.964,"Actual Rows": 57093,"Actual Loops": 1,"Index Cond": "((o_orderdate >= '1993-05-01'::date) AND (o_orderdate < '1993-08-01 00:00:00'::timestamp without time zone))","Workers": []}]},{"Node Type": "Index Scan","Parent Relationship": "Inner","Parallel Aware": false,"Async Capable": false,"Scan Direction": "Forward","Index Name": "idx_lineitem_orderkey","Relation Name": "lineitem","Alias": "lineitem","Startup Cost": 0.43,"Total Cost": 4.69,"Plan Rows": 4,"Plan Width": 16,"Actual Startup Time": 0.011,"Actual Total Time": 0.013,"Actual Rows": 2,"Actual Loops": 57093,"Index Cond": "(l_orderkey = orders.o_orderkey)","Rows Removed by Index Recheck": 0,"Filter": "(l_returnflag = 'R'::bpchar)","Rows Removed by Filter": 2,"Workers": []}]},{"Node Type": "Hash","Parent Relationship": "Inner","Parallel Aware": true,"Async Capable": false,"Startup Cost": 4210.00,"Total Cost": 4210.00,"Plan Rows": 62500,"Plan Width": 148,"Actual Startup Time": 63.988,"Actual Total Time": 63.994,"Actual Rows": 37500,"Actual Loops": 4,"Hash Buckets": 262144,"Original Hash Buckets": 262144,"Hash Batches": 1,"Original Hash Batches": 1,"Peak Memory Usage": 29344,"Workers": [],"Plans": [{"Node Type": "Seq Scan","Parent Relationship": "Outer","Parallel Aware": true,"Async Capable": false,"Relation Name": "customer","Alias": "customer","Startup Cost": 0.00,"Total Cost": 4210.00,"Plan Rows": 62500,"Plan Width": 148,"Actual Startup Time": 0.034,"Actual Total Time": 28.777,"Actual Rows": 37500,"Actual Loops": 4,"Workers": []}]}]},{"Node Type": "Hash","Parent Relationship": "Inner","Parallel Aware": false,"Async Capable": false,"Startup Cost": 1.25,"Total Cost": 1.25,"Plan Rows": 25,"Plan Width": 108,"Actual Startup Time": 0.078,"Actual Total Time": 0.083,"Actual Rows": 25,"Actual Loops": 4,"Hash Buckets": 1024,"Original Hash Buckets": 1024,"Hash Batches": 1,"Original Hash Batches": 1,"Peak Memory Usage": 10,"Workers": [],"Plans": [{"Node Type": "Seq Scan","Parent Relationship": "Outer","Parallel Aware": false,"Async Capable": false,"Relation Name": "nation","Alias": "nation","Startup Cost": 0.00,"Total Cost": 1.25,"Plan Rows": 25,"Plan Width": 108,"Actual Startup Time": 0.048,"Actual Total Time": 0.055,"Actual Rows": 25,"Actual Loops": 4,"Workers": []}]}]}]}]}]},"Planning Time": 7.141,"Triggers": [],"Execution Time": 649.992}]
[{"Plan": {"Node Type": "Sort","Parallel Aware": false,"Async Capable": false,"Startup Cost": 130310.74,"Total Cost": 130450.54,"Plan Rows": 55918,"Plan Width": 280,"Actual Startup Time": 603.874,"Actual Total Time": 643.975,"Actual Rows": 37728,"Actual Loops": 1,"Sort Key": ["(sum((lineitem.l_extendedprice * ('1'::numeric - lineitem.l_discount)))) DESC"],"Sort Method": "quicksort","Sort Space Used": 9784,"Sort Space Type": "Memory","Plans": [{"Node Type": "Aggregate","Strategy": "Hashed","Partial Mode": "Simple","Parent Relationship": "Outer","Parallel Aware": false,"Async Capable": false,"Startup Cost": 125202.34,"Total Cost": 125901.32,"Plan Rows": 55918,"Plan Width": 280,"Actual Startup Time": 420.772,"Actual Total Time": 572.027,"Actual Rows": 37728,"Actual Loops": 1,"Group Key": ["customer.c_custkey", "nation.n_name"],"Planned Partitions": 0,"HashAgg Batches": 1,"Peak Memory Usage": 26129,"Disk Usage": 0,"Plans": [{"Node Type": "Gather","Parent Relationship": "Outer","Parallel Aware": false,"Async Capable": false,"Startup Cost": 6779.72,"Total Cost": 124503.37,"Plan Rows": 55918,"Plan Width": 260,"Actual Startup Time": 83.828,"Actual Total Time": 288.561,"Actual Rows": 114106,"Actual Loops": 1,"Workers Planned": 3,"Workers Launched": 3,"Single Copy": false,"Plans": [{"Node Type": "Hash Join","Parent Relationship": "Outer","Parallel Aware": false,"Async Capable": false,"Join Type": "Inner","Startup Cost": 5779.72,"Total Cost": 117911.57,"Plan Rows": 18038,"Plan Width": 260,"Actual Startup Time": 76.669,"Actual Total Time": 363.746,"Actual Rows": 28526,"Actual Loops": 4,"Inner Unique": true,"Hash Cond": "(customer.c_nationkey = nation.n_nationkey)","Workers": [],"Plans": [{"Node Type": "Hash Join","Parent Relationship": "Outer","Parallel Aware": true,"Async Capable": false,"Join Type": "Inner","Startup Cost": 5778.16,"Total Cost": 117854.62,"Plan Rows": 18038,"Plan Width": 160,"Actual Startup Time": 76.278,"Actual Total Time": 354.947,"Actual Rows": 28526,"Actual Loops": 4,"Inner Unique": true,"Hash Cond": "(orders.o_custkey = customer.c_custkey)","Workers": [],"Plans": [{"Node Type": "Nested Loop","Parent Relationship": "Outer","Parallel Aware": false,"Async Capable": false,"Join Type": "Inner","Startup Cost": 786.91,"Total Cost": 112816.03,"Plan Rows": 18038,"Plan Width": 16,"Actual Startup Time": 13.309,"Actual Total Time": 250.189,"Actual Rows": 28526,"Actual Loops": 4,"Inner Unique": false,"Workers": [],"Plans": [{"Node Type": "Bitmap Heap Scan","Parent Relationship": "Outer","Parallel Aware": true,"Async Capable": false,"Relation Name": "orders","Alias": "orders","Startup Cost": 786.47,"Total Cost": 27156.24,"Plan Rows": 18318,"Plan Width": 8,"Actual Startup Time": 13.234,"Actual Total Time": 69.997,"Actual Rows": 14148,"Actual Loops": 4,"Recheck Cond": "((o_orderdate >= '1993-09-01'::date) AND (o_orderdate < '1993-12-01 00:00:00'::timestamp without time zone))","Rows Removed by Index Recheck": 0,"Exact Heap Blocks": 3617,"Lossy Heap Blocks": 0,"Workers": [],"Plans": [{"Node Type": "Bitmap Index Scan","Parent Relationship": "Outer","Parallel Aware": false,"Async Capable": false,"Index Name": "idx_orders_orderdate","Startup Cost": 0.00,"Total Cost": 772.28,"Plan Rows": 56785,"Plan Width": 0,"Actual Startup Time": 10.161,"Actual Total Time": 10.165,"Actual Rows": 56592,"Actual Loops": 1,"Index Cond": "((o_orderdate >= '1993-09-01'::date) AND (o_orderdate < '1993-12-01 00:00:00'::timestamp without time zone))","Workers": []}]},{"Node Type": "Index Scan","Parent Relationship": "Inner","Parallel Aware": false,"Async Capable": false,"Scan Direction": "Forward","Index Name": "idx_lineitem_orderkey","Relation Name": "lineitem","Alias": "lineitem","Startup Cost": 0.43,"Total Cost": 4.64,"Plan Rows": 4,"Plan Width": 16,"Actual Startup Time": 0.010,"Actual Total Time": 0.012,"Actual Rows": 2,"Actual Loops": 56592,"Index Cond": "(l_orderkey = orders.o_orderkey)","Rows Removed by Index Recheck": 0,"Filter": "(l_returnflag = 'R'::bpchar)","Rows Removed by Filter": 2,"Workers": []}]},{"Node Type": "Hash","Parent Relationship": "Inner","Parallel Aware": true,"Async Capable": false,"Startup Cost": 4210.00,"Total Cost": 4210.00,"Plan Rows": 62500,"Plan Width": 148,"Actual Startup Time": 62.426,"Actual Total Time": 62.432,"Actual Rows": 37500,"Actual Loops": 4,"Hash Buckets": 262144,"Original Hash Buckets": 262144,"Hash Batches": 1,"Original Hash Batches": 1,"Peak Memory Usage": 29312,"Workers": [],"Plans": [{"Node Type": "Seq Scan","Parent Relationship": "Outer","Parallel Aware": true,"Async Capable": false,"Relation Name": "customer","Alias": "customer","Startup Cost": 0.00,"Total Cost": 4210.00,"Plan Rows": 62500,"Plan Width": 148,"Actual Startup Time": 0.023,"Actual Total Time": 26.530,"Actual Rows": 37500,"Actual Loops": 4,"Workers": []}]}]},{"Node Type": "Hash","Parent Relationship": "Inner","Parallel Aware": false,"Async Capable": false,"Startup Cost": 1.25,"Total Cost": 1.25,"Plan Rows": 25,"Plan Width": 108,"Actual Startup Time": 0.095,"Actual Total Time": 0.100,"Actual Rows": 25,"Actual Loops": 4,"Hash Buckets": 1024,"Original Hash Buckets": 1024,"Hash Batches": 1,"Original Hash Batches": 1,"Peak Memory Usage": 10,"Workers": [],"Plans": [{"Node Type": "Seq Scan","Parent Relationship": "Outer","Parallel Aware": false,"Async Capable": false,"Relation Name": "nation","Alias": "nation","Startup Cost": 0.00,"Total Cost": 1.25,"Plan Rows": 25,"Plan Width": 108,"Actual Startup Time": 0.059,"Actual Total Time": 0.065,"Actual Rows": 25,"Actual Loops": 4,"Workers": []}]}]}]}]}]},"Planning Time": 7.546,"Triggers": [],"Execution Time": 648.224}]
[{"Plan": {"Node Type": "Sort","Parallel Aware": false,"Async Capable": false,"Startup Cost": 131080.21,"Total Cost": 131221.46,"Plan Rows": 56499,"Plan Width": 280,"Actual Startup Time": 605.493,"Actual Total Time": 645.716,"Actual Rows": 37967,"Actual Loops": 1,"Sort Key": ["(sum((lineitem.l_extendedprice * ('1'::numeric - lineitem.l_discount)))) DESC"],"Sort Method": "quicksort","Sort Space Used": 9838,"Sort Space Type": "Memory","Plans": [{"Node Type": "Aggregate","Strategy": "Hashed","Partial Mode": "Simple","Parent Relationship": "Outer","Parallel Aware": false,"Async Capable": false,"Startup Cost": 125914.53,"Total Cost": 126620.77,"Plan Rows": 56499,"Plan Width": 280,"Actual Startup Time": 424.904,"Actual Total Time": 572.991,"Actual Rows": 37967,"Actual Loops": 1,"Group Key": ["customer.c_custkey", "nation.n_name"],"Planned Partitions": 0,"HashAgg Batches": 1,"Peak Memory Usage": 26129,"Disk Usage": 0,"Plans": [{"Node Type": "Gather","Parent Relationship": "Outer","Parallel Aware": false,"Async Capable": false,"Startup Cost": 6785.77,"Total Cost": 125208.29,"Plan Rows": 56499,"Plan Width": 260,"Actual Startup Time": 85.491,"Actual Total Time": 295.043,"Actual Rows": 114705,"Actual Loops": 1,"Workers Planned": 3,"Workers Launched": 3,"Single Copy": false,"Plans": [{"Node Type": "Hash Join","Parent Relationship": "Outer","Parallel Aware": false,"Async Capable": false,"Join Type": "Inner","Startup Cost": 5785.77,"Total Cost": 118558.39,"Plan Rows": 18225,"Plan Width": 260,"Actual Startup Time": 77.990,"Actual Total Time": 369.128,"Actual Rows": 28676,"Actual Loops": 4,"Inner Unique": true,"Hash Cond": "(customer.c_nationkey = nation.n_nationkey)","Workers": [],"Plans": [{"Node Type": "Hash Join","Parent Relationship": "Outer","Parallel Aware": true,"Async Capable": false,"Join Type": "Inner","Startup Cost": 5784.20,"Total Cost": 118500.88,"Plan Rows": 18225,"Plan Width": 160,"Actual Startup Time": 77.566,"Actual Total Time": 359.708,"Actual Rows": 28676,"Actual Loops": 4,"Inner Unique": true,"Hash Cond": "(orders.o_custkey = customer.c_custkey)","Workers": [],"Plans": [{"Node Type": "Nested Loop","Parent Relationship": "Outer","Parallel Aware": false,"Async Capable": false,"Join Type": "Inner","Startup Cost": 792.95,"Total Cost": 113461.79,"Plan Rows": 18225,"Plan Width": 16,"Actual Startup Time": 13.246,"Actual Total Time": 255.571,"Actual Rows": 28676,"Actual Loops": 4,"Inner Unique": false,"Workers": [],"Plans": [{"Node Type": "Bitmap Heap Scan","Parent Relationship": "Outer","Parallel Aware": true,"Async Capable": false,"Relation Name": "orders","Alias": "orders","Startup Cost": 792.52,"Total Cost": 27165.14,"Plan Rows": 18508,"Plan Width": 8,"Actual Startup Time": 13.160,"Actual Total Time": 71.475,"Actual Rows": 14267,"Actual Loops": 4,"Recheck Cond": "((o_orderdate >= '1993-10-01'::date) AND (o_orderdate < '1994-01-01 00:00:00'::timestamp without time zone))","Rows Removed by Index Recheck": 0,"Exact Heap Blocks": 3708,"Lossy Heap Blocks": 0,"Workers": [],"Plans": [{"Node Type": "Bitmap Index Scan","Parent Relationship": "Outer","Parallel Aware": false,"Async Capable": false,"Index Name": "idx_orders_orderdate","Startup Cost": 0.00,"Total Cost": 778.18,"Plan Rows": 57375,"Plan Width": 0,"Actual Startup Time": 10.062,"Actual Total Time": 10.069,"Actual Rows": 57069,"Actual Loops": 1,"Index Cond": "((o_orderdate >= '1993-10-01'::date) AND (o_orderdate < '1994-01-01 00:00:00'::timestamp without time zone))","Workers": []}]},{"Node Type": "Index Scan","Parent Relationship": "Inner","Parallel Aware": false,"Async Capable": false,"Scan Direction": "Forward","Index Name": "idx_lineitem_orderkey","Relation Name": "lineitem","Alias": "lineitem","Startup Cost": 0.43,"Total Cost": 4.62,"Plan Rows": 4,"Plan Width": 16,"Actual Startup Time": 0.011,"Actual Total Time": 0.013,"Actual Rows": 2,"Actual Loops": 57069,"Index Cond": "(l_orderkey = orders.o_orderkey)","Rows Removed by Index Recheck": 0,"Filter": "(l_returnflag = 'R'::bpchar)","Rows Removed by Filter": 2,"Workers": []}]},{"Node Type": "Hash","Parent Relationship": "Inner","Parallel Aware": true,"Async Capable": false,"Startup Cost": 4210.00,"Total Cost": 4210.00,"Plan Rows": 62500,"Plan Width": 148,"Actual Startup Time": 63.688,"Actual Total Time": 63.696,"Actual Rows": 37500,"Actual Loops": 4,"Hash Buckets": 262144,"Original Hash Buckets": 262144,"Hash Batches": 1,"Original Hash Batches": 1,"Peak Memory Usage": 29312,"Workers": [],"Plans": [{"Node Type": "Seq Scan","Parent Relationship": "Outer","Parallel Aware": true,"Async Capable": false,"Relation Name": "customer","Alias": "customer","Startup Cost": 0.00,"Total Cost": 4210.00,"Plan Rows": 62500,"Plan Width": 148,"Actual Startup Time": 0.034,"Actual Total Time": 28.900,"Actual Rows": 37500,"Actual Loops": 4,"Workers": []}]}]},{"Node Type": "Hash","Parent Relationship": "Inner","Parallel Aware": false,"Async Capable": false,"Startup Cost": 1.25,"Total Cost": 1.25,"Plan Rows": 25,"Plan Width": 108,"Actual Startup Time": 0.102,"Actual Total Time": 0.107,"Actual Rows": 25,"Actual Loops": 4,"Hash Buckets": 1024,"Original Hash Buckets": 1024,"Hash Batches": 1,"Original Hash Batches": 1,"Peak Memory Usage": 10,"Workers": [],"Plans": [{"Node Type": "Seq Scan","Parent Relationship": "Outer","Parallel Aware": false,"Async Capable": false,"Relation Name": "nation","Alias": "nation","Startup Cost": 0.00,"Total Cost": 1.25,"Plan Rows": 25,"Plan Width": 108,"Actual Startup Time": 0.070,"Actual Total Time": 0.076,"Actual Rows": 25,"Actual Loops": 4,"Workers": []}]}]}]}]}]},"Planning Time": 6.575,"Triggers": [],"Execution Time": 649.944}]
[{"Plan": {"Node Type": "Sort","Parallel Aware": false,"Async Capable": false,"Startup Cost": 132582.38,"Total Cost": 132726.46,"Plan Rows": 57631,"Plan Width": 280,"Actual Startup Time": 594.605,"Actual Total Time": 635.479,"Actual Rows": 38076,"Actual Loops": 1,"Sort Key": ["(sum((lineitem.l_extendedprice * ('1'::numeric - lineitem.l_discount)))) DESC"],"Sort Method": "quicksort","Sort Space Used": 9866,"Sort Space Type": "Memory","Plans": [{"Node Type": "Aggregate","Strategy": "Hashed","Partial Mode": "Simple","Parent Relationship": "Outer","Parallel Aware": false,"Async Capable": false,"Startup Cost": 127304.95,"Total Cost": 128025.33,"Plan Rows": 57631,"Plan Width": 280,"Actual Startup Time": 413.856,"Actual Total Time": 559.474,"Actual Rows": 38076,"Actual Loops": 1,"Group Key": ["customer.c_custkey", "nation.n_name"],"Planned Partitions": 0,"HashAgg Batches": 1,"Peak Memory Usage": 26129,"Disk Usage": 0,"Plans": [{"Node Type": "Gather","Parent Relationship": "Outer","Parallel Aware": false,"Async Capable": false,"Startup Cost": 6801.55,"Total Cost": 126584.56,"Plan Rows": 57631,"Plan Width": 260,"Actual Startup Time": 77.339,"Actual Total Time": 288.422,"Actual Rows": 114347,"Actual Loops": 1,"Workers Planned": 3,"Workers Launched": 3,"Single Copy": false,"Plans": [{"Node Type": "Hash Join","Parent Relationship": "Outer","Parallel Aware": false,"Async Capable": false,"Join Type": "Inner","Startup Cost": 5801.55,"Total Cost": 119821.46,"Plan Rows": 18591,"Plan Width": 260,"Actual Startup Time": 69.518,"Actual Total Time": 357.514,"Actual Rows": 28587,"Actual Loops": 4,"Inner Unique": true,"Hash Cond": "(customer.c_nationkey = nation.n_nationkey)","Workers": [],"Plans": [{"Node Type": "Hash Join","Parent Relationship": "Outer","Parallel Aware": true,"Async Capable": false,"Join Type": "Inner","Startup Cost": 5799.99,"Total Cost": 119762.82,"Plan Rows": 18591,"Plan Width": 160,"Actual Startup Time": 69.031,"Actual Total Time": 348.106,"Actual Rows": 28587,"Actual Loops": 4,"Inner Unique": true,"Hash Cond": "(orders.o_custkey = customer.c_custkey)","Workers": [],"Plans": [{"Node Type": "Nested Loop","Parent Relationship": "Outer","Parallel Aware": false,"Async Capable": false,"Join Type": "Inner","Startup Cost": 808.74,"Total Cost": 114722.77,"Plan Rows": 18591,"Plan Width": 16,"Actual Startup Time": 13.204,"Actual Total Time": 250.327,"Actual Rows": 28587,"Actual Loops": 4,"Inner Unique": false,"Workers": [],"Plans": [{"Node Type": "Bitmap Heap Scan","Parent Relationship": "Outer","Parallel Aware": true,"Async Capable": false,"Relation Name": "orders","Alias": "orders","Startup Cost": 808.31,"Total Cost": 27186.49,"Plan Rows": 18879,"Plan Width": 8,"Actual Startup Time": 13.115,"Actual Total Time": 71.395,"Actual Rows": 14278,"Actual Loops": 4,"Recheck Cond": "((o_orderdate >= '1994-08-01'::date) AND (o_orderdate < '1994-11-01 00:00:00'::timestamp without time zone))","Rows Removed by Index Recheck": 0,"Exact Heap Blocks": 3565,"Lossy Heap Blocks": 0,"Workers": [],"Plans": [{"Node Type": "Bitmap Index Scan","Parent Relationship": "Outer","Parallel Aware": false,"Async Capable": false,"Index Name": "idx_orders_orderdate","Startup Cost": 0.00,"Total Cost": 793.68,"Plan Rows": 58525,"Plan Width": 0,"Actual Startup Time": 9.999,"Actual Total Time": 10.002,"Actual Rows": 57111,"Actual Loops": 1,"Index Cond": "((o_orderdate >= '1994-08-01'::date) AND (o_orderdate < '1994-11-01 00:00:00'::timestamp without time zone))","Workers": []}]},{"Node Type": "Index Scan","Parent Relationship": "Inner","Parallel Aware": false,"Async Capable": false,"Scan Direction": "Forward","Index Name": "idx_lineitem_orderkey","Relation Name": "lineitem","Alias": "lineitem","Startup Cost": 0.43,"Total Cost": 4.60,"Plan Rows": 4,"Plan Width": 16,"Actual Startup Time": 0.010,"Actual Total Time": 0.012,"Actual Rows": 2,"Actual Loops": 57111,"Index Cond": "(l_orderkey = orders.o_orderkey)","Rows Removed by Index Recheck": 0,"Filter": "(l_returnflag = 'R'::bpchar)","Rows Removed by Filter": 2,"Workers": []}]},{"Node Type": "Hash","Parent Relationship": "Inner","Parallel Aware": true,"Async Capable": false,"Startup Cost": 4210.00,"Total Cost": 4210.00,"Plan Rows": 62500,"Plan Width": 148,"Actual Startup Time": 55.208,"Actual Total Time": 55.214,"Actual Rows": 37500,"Actual Loops": 4,"Hash Buckets": 262144,"Original Hash Buckets": 262144,"Hash Batches": 1,"Original Hash Batches": 1,"Peak Memory Usage": 29312,"Workers": [],"Plans": [{"Node Type": "Seq Scan","Parent Relationship": "Outer","Parallel Aware": true,"Async Capable": false,"Relation Name": "customer","Alias": "customer","Startup Cost": 0.00,"Total Cost": 4210.00,"Plan Rows": 62500,"Plan Width": 148,"Actual Startup Time": 0.029,"Actual Total Time": 24.765,"Actual Rows": 37500,"Actual Loops": 4,"Workers": []}]}]},{"Node Type": "Hash","Parent Relationship": "Inner","Parallel Aware": false,"Async Capable": false,"Startup Cost": 1.25,"Total Cost": 1.25,"Plan Rows": 25,"Plan Width": 108,"Actual Startup Time": 0.096,"Actual Total Time": 0.101,"Actual Rows": 25,"Actual Loops": 4,"Hash Buckets": 1024,"Original Hash Buckets": 1024,"Hash Batches": 1,"Original Hash Batches": 1,"Peak Memory Usage": 10,"Workers": [],"Plans": [{"Node Type": "Seq Scan","Parent Relationship": "Outer","Parallel Aware": false,"Async Capable": false,"Relation Name": "nation","Alias": "nation","Startup Cost": 0.00,"Total Cost": 1.25,"Plan Rows": 25,"Plan Width": 108,"Actual Startup Time": 0.058,"Actual Total Time": 0.064,"Actual Rows": 25,"Actual Loops": 4,"Workers": []}]}]}]}]}]},"Planning Time": 6.903,"Triggers": [],"Execution Time": 641.389}]
[{"Plan": {"Node Type": "Sort","Parallel Aware": false,"Async Capable": false,"Startup Cost": 129285.16,"Total Cost": 129423.04,"Plan Rows": 55152,"Plan Width": 280,"Actual Startup Time": 594.195,"Actual Total Time": 635.058,"Actual Rows": 37857,"Actual Loops": 1,"Sort Key": ["(sum((lineitem.l_extendedprice * ('1'::numeric - lineitem.l_discount)))) DESC"],"Sort Method": "quicksort","Sort Space Used": 9823,"Sort Space Type": "Memory","Plans": [{"Node Type": "Aggregate","Strategy": "Hashed","Partial Mode": "Simple","Parent Relationship": "Outer","Parallel Aware": false,"Async Capable": false,"Startup Cost": 124252.23,"Total Cost": 124941.63,"Plan Rows": 55152,"Plan Width": 280,"Actual Startup Time": 414.188,"Actual Total Time": 557.916,"Actual Rows": 37857,"Actual Loops": 1,"Group Key": ["customer.c_custkey", "nation.n_name"],"Planned Partitions": 0,"HashAgg Batches": 1,"Peak Memory Usage": 26129,"Disk Usage": 0,"Plans": [{"Node Type": "Gather","Parent Relationship": "Outer","Parallel Aware": false,"Async Capable": false,"Startup Cost": 6767.74,"Total Cost": 123562.83,"Plan Rows": 55152,"Plan Width": 260,"Actual Startup Time": 77.793,"Actual Total Time": 289.359,"Actual Rows": 114326,"Actual Loops": 1,"Workers Planned": 3,"Workers Launched": 3,"Single Copy": false,"Plans": [{"Node Type": "Hash Join","Parent Relationship": "Outer","Parallel Aware": false,"Async Capable": false,"Join Type": "Inner","Startup Cost": 5767.74,"Total Cost": 117047.63,"Plan Rows": 17791,"Plan Width": 260,"Actual Startup Time": 70.168,"Actual Total Time": 358.948,"Actual Rows": 28582,"Actual Loops": 4,"Inner Unique": true,"Hash Cond": "(customer.c_nationkey = nation.n_nationkey)","Workers": [],"Plans": [{"Node Type": "Hash Join","Parent Relationship": "Outer","Parallel Aware": true,"Async Capable": false,"Join Type": "Inner","Startup Cost": 5766.18,"Total Cost": 116991.45,"Plan Rows": 17791,"Plan Width": 160,"Actual Startup Time": 69.698,"Actual Total Time": 349.487,"Actual Rows": 28582,"Actual Loops": 4,"Inner Unique": true,"Hash Cond": "(orders.o_custkey = customer.c_custkey)","Workers": [],"Plans": [{"Node Type": "Nested Loop","Parent Relationship": "Outer","Parallel Aware": false,"Async Capable": false,"Join Type": "Inner","Startup Cost": 774.93,"Total Cost": 111953.49,"Plan Rows": 17791,"Plan Width": 16,"Actual Startup Time": 12.978,"Actual Total Time": 249.911,"Actual Rows": 28582,"Actual Loops": 4,"Inner Unique": false,"Workers": [],"Plans": [{"Node Type": "Bitmap Heap Scan","Parent Relationship": "Outer","Parallel Aware": true,"Async Capable": false,"Relation Name": "orders","Alias": "orders","Startup Cost": 774.50,"Total Cost": 27140.50,"Plan Rows": 18067,"Plan Width": 8,"Actual Startup Time": 12.915,"Actual Total Time": 70.510,"Actual Rows": 14320,"Actual Loops": 4,"Recheck Cond": "((o_orderdate >= '1993-06-01'::date) AND (o_orderdate < '1993-09-01 00:00:00'::timestamp without time zone))","Rows Removed by Index Recheck": 0,"Exact Heap Blocks": 3550,"Lossy Heap Blocks": 0,"Workers": [],"Plans": [{"Node Type": "Bitmap Index Scan","Parent Relationship": "Outer","Parallel Aware": false,"Async Capable": false,"Index Name": "idx_orders_orderdate","Startup Cost": 0.00,"Total Cost": 760.50,"Plan Rows": 56007,"Plan Width": 0,"Actual Startup Time": 9.843,"Actual Total Time": 9.846,"Actual Rows": 57280,"Actual Loops": 1,"Index Cond": "((o_orderdate >= '1993-06-01'::date) AND (o_orderdate < '1993-09-01 00:00:00'::timestamp without time zone))","Workers": []}]},{"Node Type": "Index Scan","Parent Relationship": "Inner","Parallel Aware": false,"Async Capable": false,"Scan Direction": "Forward","Index Name": "idx_lineitem_orderkey","Relation Name": "lineitem","Alias": "lineitem","Startup Cost": 0.43,"Total Cost": 4.65,"Plan Rows": 4,"Plan Width": 16,"Actual Startup Time": 0.010,"Actual Total Time": 0.012,"Actual Rows": 2,"Actual Loops": 57280,"Index Cond": "(l_orderkey = orders.o_orderkey)","Rows Removed by Index Recheck": 0,"Filter": "(l_returnflag = 'R'::bpchar)","Rows Removed by Filter": 2,"Workers": []}]},{"Node Type": "Hash","Parent Relationship": "Inner","Parallel Aware": true,"Async Capable": false,"Startup Cost": 4210.00,"Total Cost": 4210.00,"Plan Rows": 62500,"Plan Width": 148,"Actual Startup Time": 56.151,"Actual Total Time": 56.157,"Actual Rows": 37500,"Actual Loops": 4,"Hash Buckets": 262144,"Original Hash Buckets": 262144,"Hash Batches": 1,"Original Hash Batches": 1,"Peak Memory Usage": 29312,"Workers": [],"Plans": [{"Node Type": "Seq Scan","Parent Relationship": "Outer","Parallel Aware": true,"Async Capable": false,"Relation Name": "customer","Alias": "customer","Startup Cost": 0.00,"Total Cost": 4210.00,"Plan Rows": 62500,"Plan Width": 148,"Actual Startup Time": 0.028,"Actual Total Time": 26.217,"Actual Rows": 37500,"Actual Loops": 4,"Workers": []}]}]},{"Node Type": "Hash","Parent Relationship": "Inner","Parallel Aware": false,"Async Capable": false,"Startup Cost": 1.25,"Total Cost": 1.25,"Plan Rows": 25,"Plan Width": 108,"Actual Startup Time": 0.109,"Actual Total Time": 0.115,"Actual Rows": 25,"Actual Loops": 4,"Hash Buckets": 1024,"Original Hash Buckets": 1024,"Hash Batches": 1,"Original Hash Batches": 1,"Peak Memory Usage": 10,"Workers": [],"Plans": [{"Node Type": "Seq Scan","Parent Relationship": "Outer","Parallel Aware": false,"Async Capable": false,"Relation Name": "nation","Alias": "nation","Startup Cost": 0.00,"Total Cost": 1.25,"Plan Rows": 25,"Plan Width": 108,"Actual Startup Time": 0.076,"Actual Total Time": 0.083,"Actual Rows": 25,"Actual Loops": 4,"Workers": []}]}]}]}]}]},"Planning Time": 6.852,"Triggers": [],"Execution Time": 641.259}]
[{"Plan": {"Node Type": "Sort","Parallel Aware": false,"Async Capable": false,"Startup Cost": 131375.21,"Total Cost": 131517.01,"Plan Rows": 56721,"Plan Width": 280,"Actual Startup Time": 563.067,"Actual Total Time": 603.830,"Actual Rows": 37302,"Actual Loops": 1,"Sort Key": ["(sum((lineitem.l_extendedprice * ('1'::numeric - lineitem.l_discount)))) DESC"],"Sort Method": "quicksort","Sort Space Used": 9696,"Sort Space Type": "Memory","Plans": [{"Node Type": "Aggregate","Strategy": "Hashed","Partial Mode": "Simple","Parent Relationship": "Outer","Parallel Aware": false,"Async Capable": false,"Startup Cost": 126187.62,"Total Cost": 126896.63,"Plan Rows": 56721,"Plan Width": 280,"Actual Startup Time": 390.529,"Actual Total Time": 528.800,"Actual Rows": 37302,"Actual Loops": 1,"Group Key": ["customer.c_custkey", "nation.n_name"],"Planned Partitions": 0,"HashAgg Batches": 1,"Peak Memory Usage": 26129,"Disk Usage": 0,"Plans": [{"Node Type": "Gather","Parent Relationship": "Outer","Parallel Aware": false,"Async Capable": false,"Startup Cost": 6792.07,"Total Cost": 125478.61,"Plan Rows": 56721,"Plan Width": 260,"Actual Startup Time": 74.264,"Actual Total Time": 271.853,"Actual Rows": 111987,"Actual Loops": 1,"Workers Planned": 3,"Workers Launched": 3,"Single Copy": false,"Plans": [{"Node Type": "Hash Join","Parent Relationship": "Outer","Parallel Aware": false,"Async Capable": false,"Join Type": "Inner","Startup Cost": 5792.07,"Total Cost": 118806.51,"Plan Rows": 18297,"Plan Width": 260,"Actual Startup Time": 66.885,"Actual Total Time": 338.409,"Actual Rows": 27997,"Actual Loops": 4,"Inner Unique": true,"Hash Cond": "(customer.c_nationkey = nation.n_nationkey)","Workers": [],"Plans": [{"Node Type": "Hash Join","Parent Relationship": "Outer","Parallel Aware": true,"Async Capable": false,"Join Type": "Inner","Startup Cost": 5790.51,"Total Cost": 118748.77,"Plan Rows": 18297,"Plan Width": 160,"Actual Startup Time": 66.491,"Actual Total Time": 330.614,"Actual Rows": 27997,"Actual Loops": 4,"Inner Unique": true,"Hash Cond": "(orders.o_custkey = customer.c_custkey)","Workers": [],"Plans": [{"Node Type": "Nested Loop","Parent Relationship": "Outer","Parallel Aware": false,"Async Capable": false,"Join Type": "Inner","Startup Cost": 799.26,"Total Cost": 113709.49,"Plan Rows": 18297,"Plan Width": 16,"Actual Startup Time": 13.178,"Actual Total Time": 239.311,"Actual Rows": 27997,"Actual Loops": 4,"Inner Unique": false,"Workers": [],"Plans": [{"Node Type": "Bitmap Heap Scan","Parent Relationship": "Outer","Parallel Aware": true,"Async Capable": false,"Relation Name": "orders","Alias": "orders","Startup Cost": 798.83,"Total Cost": 27172.54,"Plan Rows": 18580,"Plan Width": 8,"Actual Startup Time": 13.117,"Actual Total Time": 66.928,"Actual Rows": 13993,"Actual Loops": 4,"Recheck Cond": "((o_orderdate >= '1993-12-01'::date) AND (o_orderdate < '1994-03-01 00:00:00'::timestamp without time zone))","Rows Removed by Index Recheck": 0,"Exact Heap Blocks": 3558,"Lossy Heap Blocks": 0,"Workers": [],"Plans": [{"Node Type": "Bitmap Index Scan","Parent Relationship": "Outer","Parallel Aware": false,"Async Capable": false,"Index Name": "idx_orders_orderdate","Startup Cost": 0.00,"Total Cost": 784.43,"Plan Rows": 57600,"Plan Width": 0,"Actual Startup Time": 10.042,"Actual Total Time": 10.048,"Actual Rows": 55973,"Actual Loops": 1,"Index Cond": "((o_orderdate >= '1993-12-01'::date) AND (o_orderdate < '1994-03-01 00:00:00'::timestamp without time zone))","Workers": []}]},{"Node Type": "Index Scan","Parent Relationship": "Inner","Parallel Aware": false,"Async Capable": false,"Scan Direction": "Forward","Index Name": "idx_lineitem_orderkey","Relation Name": "lineitem","Alias": "lineitem","Startup Cost": 0.43,"Total Cost": 4.62,"Plan Rows": 4,"Plan Width": 16,"Actual Startup Time": 0.010,"Actual Total Time": 0.012,"Actual Rows": 2,"Actual Loops": 55973,"Index Cond": "(l_orderkey = orders.o_orderkey)","Rows Removed by Index Recheck": 0,"Filter": "(l_returnflag = 'R'::bpchar)","Rows Removed by Filter": 2,"Workers": []}]},{"Node Type": "Hash","Parent Relationship": "Inner","Parallel Aware": true,"Async Capable": false,"Startup Cost": 4210.00,"Total Cost": 4210.00,"Plan Rows": 62500,"Plan Width": 148,"Actual Startup Time": 52.746,"Actual Total Time": 52.755,"Actual Rows": 37500,"Actual Loops": 4,"Hash Buckets": 262144,"Original Hash Buckets": 262144,"Hash Batches": 1,"Original Hash Batches": 1,"Peak Memory Usage": 29312,"Workers": [],"Plans": [{"Node Type": "Seq Scan","Parent Relationship": "Outer","Parallel Aware": true,"Async Capable": false,"Relation Name": "customer","Alias": "customer","Startup Cost": 0.00,"Total Cost": 4210.00,"Plan Rows": 62500,"Plan Width": 148,"Actual Startup Time": 0.028,"Actual Total Time": 23.004,"Actual Rows": 37500,"Actual Loops": 4,"Workers": []}]}]},{"Node Type": "Hash","Parent Relationship": "Inner","Parallel Aware": false,"Async Capable": false,"Startup Cost": 1.25,"Total Cost": 1.25,"Plan Rows": 25,"Plan Width": 108,"Actual Startup Time": 0.099,"Actual Total Time": 0.105,"Actual Rows": 25,"Actual Loops": 4,"Hash Buckets": 1024,"Original Hash Buckets": 1024,"Hash Batches": 1,"Original Hash Batches": 1,"Peak Memory Usage": 10,"Workers": [],"Plans": [{"Node Type": "Seq Scan","Parent Relationship": "Outer","Parallel Aware": false,"Async Capable": false,"Relation Name": "nation","Alias": "nation","Startup Cost": 0.00,"Total Cost": 1.25,"Plan Rows": 25,"Plan Width": 108,"Actual Startup Time": 0.067,"Actual Total Time": 0.074,"Actual Rows": 25,"Actual Loops": 4,"Workers": []}]}]}]}]}]},"Planning Time": 6.321,"Triggers": [],"Execution Time": 609.357}]
[{"Plan": {"Node Type": "Sort","Parallel Aware": false,"Async Capable": false,"Startup Cost": 132365.07,"Total Cost": 132508.74,"Plan Rows": 57466,"Plan Width": 280,"Actual Startup Time": 604.092,"Actual Total Time": 644.113,"Actual Rows": 37690,"Actual Loops": 1,"Sort Key": ["(sum((lineitem.l_extendedprice * ('1'::numeric - lineitem.l_discount)))) DESC"],"Sort Method": "quicksort","Sort Space Used": 9779,"Sort Space Type": "Memory","Plans": [{"Node Type": "Aggregate","Strategy": "Hashed","Partial Mode": "Simple","Parent Relationship": "Outer","Parallel Aware": false,"Async Capable": false,"Startup Cost": 127103.94,"Total Cost": 127822.26,"Plan Rows": 57466,"Plan Width": 280,"Actual Startup Time": 420.502,"Actual Total Time": 570.586,"Actual Rows": 37690,"Actual Loops": 1,"Group Key": ["customer.c_custkey", "nation.n_name"],"Planned Partitions": 0,"HashAgg Batches": 1,"Peak Memory Usage": 26129,"Disk Usage": 0,"Plans": [{"Node Type": "Gather","Parent Relationship": "Outer","Parallel Aware": false,"Async Capable": false,"Startup Cost": 6799.83,"Total Cost": 126385.61,"Plan Rows": 57466,"Plan Width": 260,"Actual Startup Time": 84.807,"Actual Total Time": 291.020,"Actual Rows": 113599,"Actual Loops": 1,"Workers Planned": 3,"Workers Launched": 3,"Single Copy": false,"Plans": [{"Node Type": "Hash Join","Parent Relationship": "Outer","Parallel Aware": false,"Async Capable": false,"Join Type": "Inner","Startup Cost": 5799.83,"Total Cost": 119639.01,"Plan Rows": 18537,"Plan Width": 260,"Actual Startup Time": 77.448,"Actual Total Time": 365.330,"Actual Rows": 28400,"Actual Loops": 4,"Inner Unique": true,"Hash Cond": "(customer.c_nationkey = nation.n_nationkey)","Workers": [],"Plans": [{"Node Type": "Hash Join","Parent Relationship": "Outer","Parallel Aware": true,"Async Capable": false,"Join Type": "Inner","Startup Cost": 5798.27,"Total Cost": 119580.55,"Plan Rows": 18537,"Plan Width": 160,"Actual Startup Time": 76.978,"Actual Total Time": 356.100,"Actual Rows": 28400,"Actual Loops": 4,"Inner Unique": true,"Hash Cond": "(orders.o_custkey = customer.c_custkey)","Workers": [],"Plans": [{"Node Type": "Nested Loop","Parent Relationship": "Outer","Parallel Aware": false,"Async Capable": false,"Join Type": "Inner","Startup Cost": 807.02,"Total Cost": 114540.64,"Plan Rows": 18537,"Plan Width": 16,"Actual Startup Time": 13.069,"Actual Total Time": 252.235,"Actual Rows": 28400,"Actual Loops": 4,"Inner Unique": false,"Workers": [],"Plans": [{"Node Type": "Bitmap Heap Scan","Parent Relationship": "Outer","Parallel Aware": true,"Async Capable": false,"Relation Name": "orders","Alias": "orders","Startup Cost": 806.59,"Total Cost": 27183.96,"Plan Rows": 18825,"Plan Width": 8,"Actual Startup Time": 13.002,"Actual Total Time": 70.665,"Actual Rows": 14161,"Actual Loops": 4,"Recheck Cond": "((o_orderdate >= '1994-04-01'::date) AND (o_orderdate < '1994-07-01 00:00:00'::timestamp without time zone))","Rows Removed by Index Recheck": 0,"Exact Heap Blocks": 3668,"Lossy Heap Blocks": 0,"Workers": [],"Plans": [{"Node Type": "Bitmap Index Scan","Parent Relationship": "Outer","Parallel Aware": false,"Async Capable": false,"Index Name": "idx_orders_orderdate","Startup Cost": 0.00,"Total Cost": 792.00,"Plan Rows": 58357,"Plan Width": 0,"Actual Startup Time": 9.907,"Actual Total Time": 9.915,"Actual Rows": 56645,"Actual Loops": 1,"Index Cond": "((o_orderdate >= '1994-04-01'::date) AND (o_orderdate < '1994-07-01 00:00:00'::timestamp without time zone))","Workers": []}]},{"Node Type": "Index Scan","Parent Relationship": "Inner","Parallel Aware": false,"Async Capable": false,"Scan Direction": "Forward","Index Name": "idx_lineitem_orderkey","Relation Name": "lineitem","Alias": "lineitem","Startup Cost": 0.43,"Total Cost": 4.60,"Plan Rows": 4,"Plan Width": 16,"Actual Startup Time": 0.010,"Actual Total Time": 0.012,"Actual Rows": 2,"Actual Loops": 56645,"Index Cond": "(l_orderkey = orders.o_orderkey)","Rows Removed by Index Recheck": 0,"Filter": "(l_returnflag = 'R'::bpchar)","Rows Removed by Filter": 2,"Workers": []}]},{"Node Type": "Hash","Parent Relationship": "Inner","Parallel Aware": true,"Async Capable": false,"Startup Cost": 4210.00,"Total Cost": 4210.00,"Plan Rows": 62500,"Plan Width": 148,"Actual Startup Time": 63.332,"Actual Total Time": 63.338,"Actual Rows": 37500,"Actual Loops": 4,"Hash Buckets": 262144,"Original Hash Buckets": 262144,"Hash Batches": 1,"Original Hash Batches": 1,"Peak Memory Usage": 29344,"Workers": [],"Plans": [{"Node Type": "Seq Scan","Parent Relationship": "Outer","Parallel Aware": true,"Async Capable": false,"Relation Name": "customer","Alias": "customer","Startup Cost": 0.00,"Total Cost": 4210.00,"Plan Rows": 62500,"Plan Width": 148,"Actual Startup Time": 0.025,"Actual Total Time": 28.533,"Actual Rows": 37500,"Actual Loops": 4,"Workers": []}]}]},{"Node Type": "Hash","Parent Relationship": "Inner","Parallel Aware": false,"Async Capable": false,"Startup Cost": 1.25,"Total Cost": 1.25,"Plan Rows": 25,"Plan Width": 108,"Actual Startup Time": 0.107,"Actual Total Time": 0.110,"Actual Rows": 25,"Actual Loops": 4,"Hash Buckets": 1024,"Original Hash Buckets": 1024,"Hash Batches": 1,"Original Hash Batches": 1,"Peak Memory Usage": 10,"Workers": [],"Plans": [{"Node Type": "Seq Scan","Parent Relationship": "Outer","Parallel Aware": false,"Async Capable": false,"Relation Name": "nation","Alias": "nation","Startup Cost": 0.00,"Total Cost": 1.25,"Plan Rows": 25,"Plan Width": 108,"Actual Startup Time": 0.074,"Actual Total Time": 0.080,"Actual Rows": 25,"Actual Loops": 4,"Workers": []}]}]}]}]}]},"Planning Time": 6.317,"Triggers": [],"Execution Time": 648.403}]
[{"Plan": {"Node Type": "Sort","Parallel Aware": false,"Async Capable": false,"Startup Cost": 131436.35,"Total Cost": 131578.26,"Plan Rows": 56763,"Plan Width": 280,"Actual Startup Time": 596.282,"Actual Total Time": 636.846,"Actual Rows": 38114,"Actual Loops": 1,"Sort Key": ["(sum((lineitem.l_extendedprice * ('1'::numeric - lineitem.l_discount)))) DESC"],"Sort Method": "quicksort","Sort Space Used": 9872,"Sort Space Type": "Memory","Plans": [{"Node Type": "Aggregate","Strategy": "Hashed","Partial Mode": "Simple","Parent Relationship": "Outer","Parallel Aware": false,"Async Capable": false,"Startup Cost": 126244.62,"Total Cost": 126954.16,"Plan Rows": 56763,"Plan Width": 280,"Actual Startup Time": 413.428,"Actual Total Time": 560.180,"Actual Rows": 38114,"Actual Loops": 1,"Group Key": ["customer.c_custkey", "nation.n_name"],"Planned Partitions": 0,"HashAgg Batches": 1,"Peak Memory Usage": 26129,"Disk Usage": 0,"Plans": [{"Node Type": "Gather","Parent Relationship": "Outer","Parallel Aware": false,"Async Capable": false,"Startup Cost": 6792.51,"Total Cost": 125535.08,"Plan Rows": 56763,"Plan Width": 260,"Actual Startup Time": 80.448,"Actual Total Time": 288.766,"Actual Rows": 115292,"Actual Loops": 1,"Workers Planned": 3,"Workers Launched": 3,"Single Copy": false,"Plans": [{"Node Type": "Hash Join","Parent Relationship": "Outer","Parallel Aware": false,"Async Capable": false,"Join Type": "Inner","Startup Cost": 5792.51,"Total Cost": 118858.78,"Plan Rows": 18311,"Plan Width": 260,"Actual Startup Time": 72.950,"Actual Total Time": 358.700,"Actual Rows": 28823,"Actual Loops": 4,"Inner Unique": true,"Hash Cond": "(customer.c_nationkey = nation.n_nationkey)","Workers": [],"Plans": [{"Node Type": "Hash Join","Parent Relationship": "Outer","Parallel Aware": true,"Async Capable": false,"Join Type": "Inner","Startup Cost": 5790.95,"Total Cost": 118801.01,"Plan Rows": 18311,"Plan Width": 160,"Actual Startup Time": 72.543,"Actual Total Time": 350.000,"Actual Rows": 28823,"Actual Loops": 4,"Inner Unique": true,"Hash Cond": "(orders.o_custkey = customer.c_custkey)","Workers": [],"Plans": [{"Node Type": "Nested Loop","Parent Relationship": "Outer","Parallel Aware": false,"Async Capable": false,"Join Type": "Inner","Startup Cost": 799.70,"Total Cost": 113761.69,"Plan Rows": 18311,"Plan Width": 16,"Actual Startup Time": 13.260,"Actual Total Time": 248.922,"Actual Rows": 28823,"Actual Loops": 4,"Inner Unique": false,"Workers": [],"Plans": [{"Node Type": "Bitmap Heap Scan","Parent Relationship": "Outer","Parallel Aware": true,"Async Capable": false,"Relation Name": "orders","Alias": "orders","Startup Cost": 799.27,"Total Cost": 27173.19,"Plan Rows": 18595,"Plan Width": 8,"Actual Startup Time": 13.182,"Actual Total Time": 70.570,"Actual Rows": 14333,"Actual Loops": 4,"Recheck Cond": "((o_orderdate >= '1993-11-01'::date) AND (o_orderdate < '1994-02-01 00:00:00'::timestamp without time zone))","Rows Removed by Index Recheck": 0,"Exact Heap Blocks": 3544,"Lossy Heap Blocks": 0,"Workers": [],"Plans": [{"Node Type": "Bitmap Index Scan","Parent Relationship": "Outer","Parallel Aware": false,"Async Capable": false,"Index Name": "idx_orders_orderdate","Startup Cost": 0.00,"Total Cost": 784.86,"Plan Rows": 57643,"Plan Width": 0,"Actual Startup Time": 10.101,"Actual Total Time": 10.105,"Actual Rows": 57332,"Actual Loops": 1,"Index Cond": "((o_orderdate >= '1993-11-01'::date) AND (o_orderdate < '1994-02-01 00:00:00'::timestamp without time zone))","Workers": []}]},{"Node Type": "Index Scan","Parent Relationship": "Inner","Parallel Aware": false,"Async Capable": false,"Scan Direction": "Forward","Index Name": "idx_lineitem_orderkey","Relation Name": "lineitem","Alias": "lineitem","Startup Cost": 0.43,"Total Cost": 4.62,"Plan Rows": 4,"Plan Width": 16,"Actual Startup Time": 0.010,"Actual Total Time": 0.012,"Actual Rows": 2,"Actual Loops": 57332,"Index Cond": "(l_orderkey = orders.o_orderkey)","Rows Removed by Index Recheck": 0,"Filter": "(l_returnflag = 'R'::bpchar)","Rows Removed by Filter": 2,"Workers": []}]},{"Node Type": "Hash","Parent Relationship": "Inner","Parallel Aware": true,"Async Capable": false,"Startup Cost": 4210.00,"Total Cost": 4210.00,"Plan Rows": 62500,"Plan Width": 148,"Actual Startup Time": 58.656,"Actual Total Time": 58.664,"Actual Rows": 37500,"Actual Loops": 4,"Hash Buckets": 262144,"Original Hash Buckets": 262144,"Hash Batches": 1,"Original Hash Batches": 1,"Peak Memory Usage": 29312,"Workers": [],"Plans": [{"Node Type": "Seq Scan","Parent Relationship": "Outer","Parallel Aware": true,"Async Capable": false,"Relation Name": "customer","Alias": "customer","Startup Cost": 0.00,"Total Cost": 4210.00,"Plan Rows": 62500,"Plan Width": 148,"Actual Startup Time": 0.024,"Actual Total Time": 26.516,"Actual Rows": 37500,"Actual Loops": 4,"Workers": []}]}]},{"Node Type": "Hash","Parent Relationship": "Inner","Parallel Aware": false,"Async Capable": false,"Startup Cost": 1.25,"Total Cost": 1.25,"Plan Rows": 25,"Plan Width": 108,"Actual Startup Time": 0.099,"Actual Total Time": 0.104,"Actual Rows": 25,"Actual Loops": 4,"Hash Buckets": 1024,"Original Hash Buckets": 1024,"Hash Batches": 1,"Original Hash Batches": 1,"Peak Memory Usage": 10,"Workers": [],"Plans": [{"Node Type": "Seq Scan","Parent Relationship": "Outer","Parallel Aware": false,"Async Capable": false,"Relation Name": "nation","Alias": "nation","Startup Cost": 0.00,"Total Cost": 1.25,"Plan Rows": 25,"Plan Width": 108,"Actual Startup Time": 0.069,"Actual Total Time": 0.076,"Actual Rows": 25,"Actual Loops": 4,"Workers": []}]}]}]}]}]},"Planning Time": 7.017,"Triggers": [],"Execution Time": 642.875}]
[{"Plan": {"Node Type": "Sort","Parallel Aware": false,"Async Capable": false,"Startup Cost": 131436.35,"Total Cost": 131578.26,"Plan Rows": 56763,"Plan Width": 280,"Actual Startup Time": 596.282,"Actual Total Time": 636.846,"Actual Rows": 38114,"Actual Loops": 1,"Sort Key": ["(sum((lineitem.l_extendedprice * ('1'::numeric - lineitem.l_discount)))) DESC"],"Sort Method": "quicksort","Sort Space Used": 9872,"Sort Space Type": "Memory","Plans": [{"Node Type": "Aggregate","Strategy": "Hashed","Partial Mode": "Simple","Parent Relationship": "Outer","Parallel Aware": false,"Async Capable": false,"Startup Cost": 126244.62,"Total Cost": 126954.16,"Plan Rows": 56763,"Plan Width": 280,"Actual Startup Time": 413.428,"Actual Total Time": 560.180,"Actual Rows": 38114,"Actual Loops": 1,"Group Key": ["customer.c_custkey", "nation.n_name"],"Planned Partitions": 0,"HashAgg Batches": 1,"Peak Memory Usage": 26129,"Disk Usage": 0,"Plans": [{"Node Type": "Gather","Parent Relationship": "Outer","Parallel Aware": false,"Async Capable": false,"Startup Cost": 6792.51,"Total Cost": 125535.08,"Plan Rows": 56763,"Plan Width": 260,"Actual Startup Time": 80.448,"Actual Total Time": 288.766,"Actual Rows": 115292,"Actual Loops": 1,"Workers Planned": 3,"Workers Launched": 3,"Single Copy": false,"Plans": [{"Node Type": "Hash Join","Parent Relationship": "Outer","Parallel Aware": false,"Async Capable": false,"Join Type": "Inner","Startup Cost": 5792.51,"Total Cost": 118858.78,"Plan Rows": 18311,"Plan Width": 260,"Actual Startup Time": 72.950,"Actual Total Time": 358.700,"Actual Rows": 28823,"Actual Loops": 4,"Inner Unique": true,"Hash Cond": "(customer.c_nationkey = nation.n_nationkey)","Workers": [],"Plans": [{"Node Type": "Hash Join","Parent Relationship": "Outer","Parallel Aware": true,"Async Capable": false,"Join Type": "Inner","Startup Cost": 5790.95,"Total Cost": 118801.01,"Plan Rows": 18311,"Plan Width": 160,"Actual Startup Time": 72.543,"Actual Total Time": 350.000,"Actual Rows": 28823,"Actual Loops": 4,"Inner Unique": true,"Hash Cond": "(orders.o_custkey = customer.c_custkey)","Workers": [],"Plans": [{"Node Type": "Nested Loop","Parent Relationship": "Outer","Parallel Aware": false,"Async Capable": false,"Join Type": "Inner","Startup Cost": 799.70,"Total Cost": 113761.69,"Plan Rows": 18311,"Plan Width": 16,"Actual Startup Time": 13.260,"Actual Total Time": 248.922,"Actual Rows": 28823,"Actual Loops": 4,"Inner Unique": false,"Workers": [],"Plans": [{"Node Type": "Bitmap Heap Scan","Parent Relationship": "Outer","Parallel Aware": true,"Async Capable": false,"Relation Name": "orders","Alias": "orders","Startup Cost": 799.27,"Total Cost": 27173.19,"Plan Rows": 18595,"Plan Width": 8,"Actual Startup Time": 13.182,"Actual Total Time": 70.570,"Actual Rows": 14333,"Actual Loops": 4,"Recheck Cond": "((o_orderdate >= '1993-11-01'::date) AND (o_orderdate < '1994-02-01 00:00:00'::timestamp without time zone))","Rows Removed by Index Recheck": 0,"Exact Heap Blocks": 3544,"Lossy Heap Blocks": 0,"Workers": [],"Plans": [{"Node Type": "Bitmap Index Scan","Parent Relationship": "Outer","Parallel Aware": false,"Async Capable": false,"Index Name": "idx_orders_orderdate","Startup Cost": 0.00,"Total Cost": 784.86,"Plan Rows": 57643,"Plan Width": 0,"Actual Startup Time": 10.101,"Actual Total Time": 10.105,"Actual Rows": 57332,"Actual Loops": 1,"Index Cond": "((o_orderdate >= '1993-11-01'::date) AND (o_orderdate < '1994-02-01 00:00:00'::timestamp without time zone))","Workers": []}]},{"Node Type": "Index Scan","Parent Relationship": "Inner","Parallel Aware": false,"Async Capable": false,"Scan Direction": "Forward","Index Name": "idx_lineitem_orderkey","Relation Name": "lineitem","Alias": "lineitem","Startup Cost": 0.43,"Total Cost": 4.62,"Plan Rows": 4,"Plan Width": 16,"Actual Startup Time": 0.010,"Actual Total Time": 0.012,"Actual Rows": 2,"Actual Loops": 57332,"Index Cond": "(l_orderkey = orders.o_orderkey)","Rows Removed by Index Recheck": 0,"Filter": "(l_returnflag = 'R'::bpchar)","Rows Removed by Filter": 2,"Workers": []}]},{"Node Type": "Hash","Parent Relationship": "Inner","Parallel Aware": true,"Async Capable": false,"Startup Cost": 4210.00,"Total Cost": 4210.00,"Plan Rows": 62500,"Plan Width": 148,"Actual Startup Time": 58.656,"Actual Total Time": 58.664,"Actual Rows": 37500,"Actual Loops": 4,"Hash Buckets": 262144,"Original Hash Buckets": 262144,"Hash Batches": 1,"Original Hash Batches": 1,"Peak Memory Usage": 29312,"Workers": [],"Plans": [{"Node Type": "Seq Scan","Parent Relationship": "Outer","Parallel Aware": true,"Async Capable": false,"Relation Name": "customer","Alias": "customer","Startup Cost": 0.00,"Total Cost": 4210.00,"Plan Rows": 62500,"Plan Width": 148,"Actual Startup Time": 0.024,"Actual Total Time": 26.516,"Actual Rows": 37500,"Actual Loops": 4,"Workers": []}]}]},{"Node Type": "Hash","Parent Relationship": "Inner","Parallel Aware": false,"Async Capable": false,"Startup Cost": 1.25,"Total Cost": 1.25,"Plan Rows": 25,"Plan Width": 108,"Actual Startup Time": 0.099,"Actual Total Time": 0.104,"Actual Rows": 25,"Actual Loops": 4,"Hash Buckets": 1024,"Original Hash Buckets": 1024,"Hash Batches": 1,"Original Hash Batches": 1,"Peak Memory Usage": 10,"Workers": [],"Plans": [{"Node Type": "Seq Scan","Parent Relationship": "Outer","Parallel Aware": false,"Async Capable": false,"Relation Name": "nation","Alias": "nation","Startup Cost": 0.00,"Total Cost": 1.25,"Plan Rows": 25,"Plan Width": 108,"Actual Startup Time": 0.069,"Actual Total Time": 0.076,"Actual Rows": 25,"Actual Loops": 4,"Workers": []}]}]}]}]}]},"Planning Time": 7.017,"Triggers": [],"Execution Time": 642.875}]
[{"Plan": {"Node Type": "Sort","Parallel Aware": false,"Async Capable": false,"Startup Cost": 130975.09,"Total Cost": 131116.14,"Plan Rows": 56420,"Plan Width": 280,"Actual Startup Time": 559.129,"Actual Total Time": 601.162,"Actual Rows": 37859,"Actual Loops": 1,"Sort Key": ["(sum((lineitem.l_extendedprice * ('1'::numeric - lineitem.l_discount)))) DESC"],"Sort Method": "quicksort","Sort Space Used": 9818,"Sort Space Type": "Memory","Plans": [{"Node Type": "Aggregate","Strategy": "Hashed","Partial Mode": "Simple","Parent Relationship": "Outer","Parallel Aware": false,"Async Capable": false,"Startup Cost": 125817.20,"Total Cost": 126522.45,"Plan Rows": 56420,"Plan Width": 280,"Actual Startup Time": 383.531,"Actual Total Time": 530.212,"Actual Rows": 37859,"Actual Loops": 1,"Group Key": ["customer.c_custkey", "nation.n_name"],"Planned Partitions": 0,"HashAgg Batches": 1,"Peak Memory Usage": 26129,"Disk Usage": 0,"Plans": [{"Node Type": "Gather","Parent Relationship": "Outer","Parallel Aware": false,"Async Capable": false,"Startup Cost": 6784.95,"Total Cost": 125111.95,"Plan Rows": 56420,"Plan Width": 260,"Actual Startup Time": 70.081,"Actual Total Time": 265.015,"Actual Rows": 114028,"Actual Loops": 1,"Workers Planned": 3,"Workers Launched": 3,"Single Copy": false,"Plans": [{"Node Type": "Hash Join","Parent Relationship": "Outer","Parallel Aware": false,"Async Capable": false,"Join Type": "Inner","Startup Cost": 5784.95,"Total Cost": 118469.95,"Plan Rows": 18200,"Plan Width": 260,"Actual Startup Time": 62.841,"Actual Total Time": 330.296,"Actual Rows": 28507,"Actual Loops": 4,"Inner Unique": true,"Hash Cond": "(customer.c_nationkey = nation.n_nationkey)","Workers": [],"Plans": [{"Node Type": "Hash Join","Parent Relationship": "Outer","Parallel Aware": true,"Async Capable": false,"Join Type": "Inner","Startup Cost": 5783.38,"Total Cost": 118412.51,"Plan Rows": 18200,"Plan Width": 160,"Actual Startup Time": 62.430,"Actual Total Time": 322.490,"Actual Rows": 28507,"Actual Loops": 4,"Inner Unique": true,"Hash Cond": "(orders.o_custkey = customer.c_custkey)","Workers": [],"Plans": [{"Node Type": "Nested Loop","Parent Relationship": "Outer","Parallel Aware": false,"Async Capable": false,"Join Type": "Inner","Startup Cost": 792.13,"Total Cost": 113373.49,"Plan Rows": 18200,"Plan Width": 16,"Actual Startup Time": 13.021,"Actual Total Time": 238.266,"Actual Rows": 28507,"Actual Loops": 4,"Inner Unique": false,"Workers": [],"Plans": [{"Node Type": "Bitmap Heap Scan","Parent Relationship": "Outer","Parallel Aware": true,"Async Capable": false,"Relation Name": "orders","Alias": "orders","Startup Cost": 791.70,"Total Cost": 27163.94,"Plan Rows": 18482,"Plan Width": 8,"Actual Startup Time": 12.954,"Actual Total Time": 66.534,"Actual Rows": 14234,"Actual Loops": 4,"Recheck Cond": "((o_orderdate >= '1993-03-01'::date) AND (o_orderdate < '1993-06-01 00:00:00'::timestamp without time zone))","Rows Removed by Index Recheck": 0,"Exact Heap Blocks": 3517,"Lossy Heap Blocks": 0,"Workers": [],"Plans": [{"Node Type": "Bitmap Index Scan","Parent Relationship": "Outer","Parallel Aware": false,"Async Capable": false,"Index Name": "idx_orders_orderdate","Startup Cost": 0.00,"Total Cost": 777.38,"Plan Rows": 57295,"Plan Width": 0,"Actual Startup Time": 9.836,"Actual Total Time": 9.842,"Actual Rows": 56934,"Actual Loops": 1,"Index Cond": "((o_orderdate >= '1993-03-01'::date) AND (o_orderdate < '1993-06-01 00:00:00'::timestamp without time zone))","Workers": []}]},{"Node Type": "Index Scan","Parent Relationship": "Inner","Parallel Aware": false,"Async Capable": false,"Scan Direction": "Forward","Index Name": "idx_lineitem_orderkey","Relation Name": "lineitem","Alias": "lineitem","Startup Cost": 0.43,"Total Cost": 4.62,"Plan Rows": 4,"Plan Width": 16,"Actual Startup Time": 0.010,"Actual Total Time": 0.012,"Actual Rows": 2,"Actual Loops": 56934,"Index Cond": "(l_orderkey = orders.o_orderkey)","Rows Removed by Index Recheck": 0,"Filter": "(l_returnflag = 'R'::bpchar)","Rows Removed by Filter": 2,"Workers": []}]},{"Node Type": "Hash","Parent Relationship": "Inner","Parallel Aware": true,"Async Capable": false,"Startup Cost": 4210.00,"Total Cost": 4210.00,"Plan Rows": 62500,"Plan Width": 148,"Actual Startup Time": 48.797,"Actual Total Time": 48.806,"Actual Rows": 37500,"Actual Loops": 4,"Hash Buckets": 262144,"Original Hash Buckets": 262144,"Hash Batches": 1,"Original Hash Batches": 1,"Peak Memory Usage": 29344,"Workers": [],"Plans": [{"Node Type": "Seq Scan","Parent Relationship": "Outer","Parallel Aware": true,"Async Capable": false,"Relation Name": "customer","Alias": "customer","Startup Cost": 0.00,"Total Cost": 4210.00,"Plan Rows": 62500,"Plan Width": 148,"Actual Startup Time": 0.027,"Actual Total Time": 20.617,"Actual Rows": 37500,"Actual Loops": 4,"Workers": []}]}]},{"Node Type": "Hash","Parent Relationship": "Inner","Parallel Aware": false,"Async Capable": false,"Startup Cost": 1.25,"Total Cost": 1.25,"Plan Rows": 25,"Plan Width": 108,"Actual Startup Time": 0.102,"Actual Total Time": 0.108,"Actual Rows": 25,"Actual Loops": 4,"Hash Buckets": 1024,"Original Hash Buckets": 1024,"Hash Batches": 1,"Original Hash Batches": 1,"Peak Memory Usage": 10,"Workers": [],"Plans": [{"Node Type": "Seq Scan","Parent Relationship": "Outer","Parallel Aware": false,"Async Capable": false,"Relation Name": "nation","Alias": "nation","Startup Cost": 0.00,"Total Cost": 1.25,"Plan Rows": 25,"Plan Width": 108,"Actual Startup Time": 0.068,"Actual Total Time": 0.076,"Actual Rows": 25,"Actual Loops": 4,"Workers": []}]}]}]}]}]},"Planning Time": 7.017,"Triggers": [],"Execution Time": 606.974}]
[{"Plan": {"Node Type": "Sort","Parallel Aware": false,"Async Capable": false,"Startup Cost": 127549.79,"Total Cost": 127684.44,"Plan Rows": 53858,"Plan Width": 280,"Actual Startup Time": 605.399,"Actual Total Time": 645.666,"Actual Rows": 37880,"Actual Loops": 1,"Sort Key": ["(sum((lineitem.l_extendedprice * ('1'::numeric - lineitem.l_discount)))) DESC"],"Sort Method": "quicksort","Sort Space Used": 9830,"Sort Space Type": "Memory","Plans": [{"Node Type": "Aggregate","Strategy": "Hashed","Partial Mode": "Simple","Parent Relationship": "Outer","Parallel Aware": false,"Async Capable": false,"Startup Cost": 122644.17,"Total Cost": 123317.39,"Plan Rows": 53858,"Plan Width": 280,"Actual Startup Time": 424.771,"Actual Total Time": 574.608,"Actual Rows": 37880,"Actual Loops": 1,"Group Key": ["customer.c_custkey", "nation.n_name"],"Planned Partitions": 0,"HashAgg Batches": 1,"Peak Memory Usage": 26129,"Disk Usage": 0,"Plans": [{"Node Type": "Gather","Parent Relationship": "Outer","Parallel Aware": false,"Async Capable": false,"Startup Cost": 6750.28,"Total Cost": 121970.94,"Plan Rows": 53858,"Plan Width": 260,"Actual Startup Time": 85.178,"Actual Total Time": 295.165,"Actual Rows": 114508,"Actual Loops": 1,"Workers Planned": 3,"Workers Launched": 3,"Single Copy": false,"Plans": [{"Node Type": "Hash Join","Parent Relationship": "Outer","Parallel Aware": false,"Async Capable": false,"Join Type": "Inner","Startup Cost": 5750.28,"Total Cost": 115585.14,"Plan Rows": 17374,"Plan Width": 260,"Actual Startup Time": 78.100,"Actual Total Time": 368.715,"Actual Rows": 28627,"Actual Loops": 4,"Inner Unique": true,"Hash Cond": "(customer.c_nationkey = nation.n_nationkey)","Workers": [],"Plans": [{"Node Type": "Hash Join","Parent Relationship": "Outer","Parallel Aware": true,"Async Capable": false,"Join Type": "Inner","Startup Cost": 5748.71,"Total Cost": 115530.24,"Plan Rows": 17374,"Plan Width": 160,"Actual Startup Time": 77.678,"Actual Total Time": 360.085,"Actual Rows": 28627,"Actual Loops": 4,"Inner Unique": true,"Hash Cond": "(orders.o_custkey = customer.c_custkey)","Workers": [],"Plans": [{"Node Type": "Nested Loop","Parent Relationship": "Outer","Parallel Aware": false,"Async Capable": false,"Join Type": "Inner","Startup Cost": 757.46,"Total Cost": 110493.39,"Plan Rows": 17374,"Plan Width": 16,"Actual Startup Time": 13.130,"Actual Total Time": 256.172,"Actual Rows": 28627,"Actual Loops": 4,"Inner Unique": false,"Workers": [],"Plans": [{"Node Type": "Bitmap Heap Scan","Parent Relationship": "Outer","Parallel Aware": true,"Async Capable": false,"Relation Name": "orders","Alias": "orders","Startup Cost": 757.03,"Total Cost": 27116.67,"Plan Rows": 17643,"Plan Width": 8,"Actual Startup Time": 13.063,"Actual Total Time": 71.665,"Actual Rows": 14273,"Actual Loops": 4,"Recheck Cond": "((o_orderdate >= '1993-05-01'::date) AND (o_orderdate < '1993-08-01 00:00:00'::timestamp without time zone))","Rows Removed by Index Recheck": 0,"Exact Heap Blocks": 3695,"Lossy Heap Blocks": 0,"Workers": [],"Plans": [{"Node Type": "Bitmap Index Scan","Parent Relationship": "Outer","Parallel Aware": false,"Async Capable": false,"Index Name": "idx_orders_orderdate","Startup Cost": 0.00,"Total Cost": 743.36,"Plan Rows": 54693,"Plan Width": 0,"Actual Startup Time": 9.957,"Actual Total Time": 9.964,"Actual Rows": 57093,"Actual Loops": 1,"Index Cond": "((o_orderdate >= '1993-05-01'::date) AND (o_orderdate < '1993-08-01 00:00:00'::timestamp without time zone))","Workers": []}]},{"Node Type": "Index Scan","Parent Relationship": "Inner","Parallel Aware": false,"Async Capable": false,"Scan Direction": "Forward","Index Name": "idx_lineitem_orderkey","Relation Name": "lineitem","Alias": "lineitem","Startup Cost": 0.43,"Total Cost": 4.69,"Plan Rows": 4,"Plan Width": 16,"Actual Startup Time": 0.011,"Actual Total Time": 0.013,"Actual Rows": 2,"Actual Loops": 57093,"Index Cond": "(l_orderkey = orders.o_orderkey)","Rows Removed by Index Recheck": 0,"Filter": "(l_returnflag = 'R'::bpchar)","Rows Removed by Filter": 2,"Workers": []}]},{"Node Type": "Hash","Parent Relationship": "Inner","Parallel Aware": true,"Async Capable": false,"Startup Cost": 4210.00,"Total Cost": 4210.00,"Plan Rows": 62500,"Plan Width": 148,"Actual Startup Time": 63.988,"Actual Total Time": 63.994,"Actual Rows": 37500,"Actual Loops": 4,"Hash Buckets": 262144,"Original Hash Buckets": 262144,"Hash Batches": 1,"Original Hash Batches": 1,"Peak Memory Usage": 29344,"Workers": [],"Plans": [{"Node Type": "Seq Scan","Parent Relationship": "Outer","Parallel Aware": true,"Async Capable": false,"Relation Name": "customer","Alias": "customer","Startup Cost": 0.00,"Total Cost": 4210.00,"Plan Rows": 62500,"Plan Width": 148,"Actual Startup Time": 0.034,"Actual Total Time": 28.777,"Actual Rows": 37500,"Actual Loops": 4,"Workers": []}]}]},{"Node Type": "Hash","Parent Relationship": "Inner","Parallel Aware": false,"Async Capable": false,"Startup Cost": 1.25,"Total Cost": 1.25,"Plan Rows": 25,"Plan Width": 108,"Actual Startup Time": 0.078,"Actual Total Time": 0.083,"Actual Rows": 25,"Actual Loops": 4,"Hash Buckets": 1024,"Original Hash Buckets": 1024,"Hash Batches": 1,"Original Hash Batches": 1,"Peak Memory Usage": 10,"Workers": [],"Plans": [{"Node Type": "Seq Scan","Parent Relationship": "Outer","Parallel Aware": false,"Async Capable": false,"Relation Name": "nation","Alias": "nation","Startup Cost": 0.00,"Total Cost": 1.25,"Plan Rows": 25,"Plan Width": 108,"Actual Startup Time": 0.048,"Actual Total Time": 0.055,"Actual Rows": 25,"Actual Loops": 4,"Workers": []}]}]}]}]}]},"Planning Time": 7.141,"Triggers": [],"Execution Time": 649.992}]
[{"Plan": {"Node Type": "Sort","Parallel Aware": false,"Async Capable": false,"Startup Cost": 135294.26,"Total Cost": 135443.48,"Plan Rows": 59689,"Plan Width": 280,"Actual Startup Time": 545.457,"Actual Total Time": 585.279,"Actual Rows": 35593,"Actual Loops": 1,"Sort Key": ["(sum((lineitem.l_extendedprice * ('1'::numeric - lineitem.l_discount)))) DESC"],"Sort Method": "quicksort","Sort Space Used": 9317,"Sort Space Type": "Memory","Plans": [{"Node Type": "Aggregate","Strategy": "Hashed","Partial Mode": "Simple","Parent Relationship": "Outer","Parallel Aware": false,"Async Capable": false,"Startup Cost": 129813.27,"Total Cost": 130559.38,"Plan Rows": 59689,"Plan Width": 280,"Actual Startup Time": 389.996,"Actual Total Time": 517.393,"Actual Rows": 35593,"Actual Loops": 1,"Group Key": ["customer.c_custkey", "nation.n_name"],"Planned Partitions": 0,"HashAgg Batches": 1,"Peak Memory Usage": 27665,"Disk Usage": 0,"Plans": [{"Node Type": "Gather","Parent Relationship": "Outer","Parallel Aware": false,"Async Capable": false,"Startup Cost": 6830.97,"Total Cost": 129067.15,"Plan Rows": 59689,"Plan Width": 260,"Actual Startup Time": 76.518,"Actual Total Time": 281.363,"Actual Rows": 94907,"Actual Loops": 1,"Workers Planned": 3,"Workers Launched": 3,"Single Copy": false,"Plans": [{"Node Type": "Hash Join","Parent Relationship": "Outer","Parallel Aware": false,"Async Capable": false,"Join Type": "Inner","Startup Cost": 5830.97,"Total Cost": 122098.25,"Plan Rows": 19255,"Plan Width": 260,"Actual Startup Time": 68.775,"Actual Total Time": 339.806,"Actual Rows": 23727,"Actual Loops": 4,"Inner Unique": true,"Hash Cond": "(customer.c_nationkey = nation.n_nationkey)","Workers": [],"Plans": [{"Node Type": "Hash Join","Parent Relationship": "Outer","Parallel Aware": true,"Async Capable": false,"Join Type": "Inner","Startup Cost": 5829.40,"Total Cost": 122037.58,"Plan Rows": 19255,"Plan Width": 160,"Actual Startup Time": 68.296,"Actual Total Time": 331.130,"Actual Rows": 23727,"Actual Loops": 4,"Inner Unique": true,"Hash Cond": "(orders.o_custkey = customer.c_custkey)","Workers": [],"Plans": [{"Node Type": "Nested Loop","Parent Relationship": "Outer","Parallel Aware": false,"Async Capable": false,"Join Type": "Inner","Startup Cost": 838.15,"Total Cost": 116995.79,"Plan Rows": 19255,"Plan Width": 16,"Actual Startup Time": 13.636,"Actual Total Time": 241.200,"Actual Rows": 23727,"Actual Loops": 4,"Inner Unique": false,"Workers": [],"Plans": [{"Node Type": "Bitmap Heap Scan","Parent Relationship": "Outer","Parallel Aware": true,"Async Capable": false,"Relation Name": "orders","Alias": "orders","Startup Cost": 837.72,"Total Cost": 27226.01,"Plan Rows": 19553,"Plan Width": 8,"Actual Startup Time": 13.552,"Actual Total Time": 68.983,"Actual Rows": 14126,"Actual Loops": 4,"Recheck Cond": "((o_orderdate >= '1995-01-01'::date) AND (o_orderdate < '1995-04-01 00:00:00'::timestamp without time zone))","Rows Removed by Index Recheck": 0,"Exact Heap Blocks": 3623,"Lossy Heap Blocks": 0,"Workers": [],"Plans": [{"Node Type": "Bitmap Index Scan","Parent Relationship": "Outer","Parallel Aware": false,"Async Capable": false,"Index Name": "idx_orders_orderdate","Startup Cost": 0.00,"Total Cost": 822.57,"Plan Rows": 60614,"Plan Width": 0,"Actual Startup Time": 10.475,"Actual Total Time": 10.479,"Actual Rows": 56506,"Actual Loops": 1,"Index Cond": "((o_orderdate >= '1995-01-01'::date) AND (o_orderdate < '1995-04-01 00:00:00'::timestamp without time zone))","Workers": []}]},{"Node Type": "Index Scan","Parent Relationship": "Inner","Parallel Aware": false,"Async Capable": false,"Scan Direction": "Forward","Index Name": "idx_lineitem_orderkey","Relation Name": "lineitem","Alias": "lineitem","Startup Cost": 0.43,"Total Cost": 4.55,"Plan Rows": 4,"Plan Width": 16,"Actual Startup Time": 0.010,"Actual Total Time": 0.012,"Actual Rows": 2,"Actual Loops": 56506,"Index Cond": "(l_orderkey = orders.o_orderkey)","Rows Removed by Index Recheck": 0,"Filter": "(l_returnflag = 'R'::bpchar)","Rows Removed by Filter": 2,"Workers": []}]},{"Node Type": "Hash","Parent Relationship": "Inner","Parallel Aware": true,"Async Capable": false,"Startup Cost": 4210.00,"Total Cost": 4210.00,"Plan Rows": 62500,"Plan Width": 148,"Actual Startup Time": 54.088,"Actual Total Time": 54.097,"Actual Rows": 37500,"Actual Loops": 4,"Hash Buckets": 262144,"Original Hash Buckets": 262144,"Hash Batches": 1,"Original Hash Batches": 1,"Peak Memory Usage": 29312,"Workers": [],"Plans": [{"Node Type": "Seq Scan","Parent Relationship": "Outer","Parallel Aware": true,"Async Capable": false,"Relation Name": "customer","Alias": "customer","Startup Cost": 0.00,"Total Cost": 4210.00,"Plan Rows": 62500,"Plan Width": 148,"Actual Startup Time": 0.033,"Actual Total Time": 23.775,"Actual Rows": 37500,"Actual Loops": 4,"Workers": []}]}]},{"Node Type": "Hash","Parent Relationship": "Inner","Parallel Aware": false,"Async Capable": false,"Startup Cost": 1.25,"Total Cost": 1.25,"Plan Rows": 25,"Plan Width": 108,"Actual Startup Time": 0.094,"Actual Total Time": 0.098,"Actual Rows": 25,"Actual Loops": 4,"Hash Buckets": 1024,"Original Hash Buckets": 1024,"Hash Batches": 1,"Original Hash Batches": 1,"Peak Memory Usage": 10,"Workers": [],"Plans": [{"Node Type": "Seq Scan","Parent Relationship": "Outer","Parallel Aware": false,"Async Capable": false,"Relation Name": "nation","Alias": "nation","Startup Cost": 0.00,"Total Cost": 1.25,"Plan Rows": 25,"Plan Width": 108,"Actual Startup Time": 0.062,"Actual Total Time": 0.068,"Actual Rows": 25,"Actual Loops": 4,"Workers": []}]}]}]}]}]},"Planning Time": 7.620,"Triggers": [],"Execution Time": 593.147}]
[{"Plan": {"Node Type": "Sort","Parallel Aware": false,"Async Capable": false,"Startup Cost": 132293.09,"Total Cost": 132436.61,"Plan Rows": 57411,"Plan Width": 280,"Actual Startup Time": 612.013,"Actual Total Time": 652.224,"Actual Rows": 37922,"Actual Loops": 1,"Sort Key": ["(sum((lineitem.l_extendedprice * ('1'::numeric - lineitem.l_discount)))) DESC"],"Sort Method": "quicksort","Sort Space Used": 9827,"Sort Space Type": "Memory","Plans": [{"Node Type": "Aggregate","Strategy": "Hashed","Partial Mode": "Simple","Parent Relationship": "Outer","Parallel Aware": false,"Async Capable": false,"Startup Cost": 127037.38,"Total Cost": 127755.02,"Plan Rows": 57411,"Plan Width": 280,"Actual Startup Time": 427.597,"Actual Total Time": 578.840,"Actual Rows": 37922,"Actual Loops": 1,"Group Key": ["customer.c_custkey", "nation.n_name"],"Planned Partitions": 0,"HashAgg Batches": 1,"Peak Memory Usage": 26129,"Disk Usage": 0,"Plans": [{"Node Type": "Gather","Parent Relationship": "Outer","Parallel Aware": false,"Async Capable": false,"Startup Cost": 6799.26,"Total Cost": 126319.75,"Plan Rows": 57411,"Plan Width": 260,"Actual Startup Time": 84.985,"Actual Total Time": 295.027,"Actual Rows": 114929,"Actual Loops": 1,"Workers Planned": 3,"Workers Launched": 3,"Single Copy": false,"Plans": [{"Node Type": "Hash Join","Parent Relationship": "Outer","Parallel Aware": false,"Async Capable": false,"Join Type": "Inner","Startup Cost": 5799.26,"Total Cost": 119578.65,"Plan Rows": 18520,"Plan Width": 260,"Actual Startup Time": 77.490,"Actual Total Time": 369.817,"Actual Rows": 28732,"Actual Loops": 4,"Inner Unique": true,"Hash Cond": "(customer.c_nationkey = nation.n_nationkey)","Workers": [],"Plans": [{"Node Type": "Hash Join","Parent Relationship": "Outer","Parallel Aware": true,"Async Capable": false,"Join Type": "Inner","Startup Cost": 5797.70,"Total Cost": 119520.23,"Plan Rows": 18520,"Plan Width": 160,"Actual Startup Time": 77.066,"Actual Total Time": 360.808,"Actual Rows": 28732,"Actual Loops": 4,"Inner Unique": true,"Hash Cond": "(orders.o_custkey = customer.c_custkey)","Workers": [],"Plans": [{"Node Type": "Nested Loop","Parent Relationship": "Outer","Parallel Aware": false,"Async Capable": false,"Join Type": "Inner","Startup Cost": 806.45,"Total Cost": 114480.36,"Plan Rows": 18520,"Plan Width": 16,"Actual Startup Time": 13.430,"Actual Total Time": 255.437,"Actual Rows": 28732,"Actual Loops": 4,"Inner Unique": false,"Workers": [],"Plans": [{"Node Type": "Bitmap Heap Scan","Parent Relationship": "Outer","Parallel Aware": true,"Async Capable": false,"Relation Name": "orders","Alias": "orders","Startup Cost": 806.01,"Total Cost": 27183.11,"Plan Rows": 18807,"Plan Width": 8,"Actual Startup Time": 13.367,"Actual Total Time": 72.208,"Actual Rows": 14355,"Actual Loops": 4,"Recheck Cond": "((o_orderdate >= '1994-03-01'::date) AND (o_orderdate < '1994-06-01 00:00:00'::timestamp without time zone))","Rows Removed by Index Recheck": 0,"Exact Heap Blocks": 3712,"Lossy Heap Blocks": 0,"Workers": [],"Plans": [{"Node Type": "Bitmap Index Scan","Parent Relationship": "Outer","Parallel Aware": false,"Async Capable": false,"Index Name": "idx_orders_orderdate","Startup Cost": 0.00,"Total Cost": 791.44,"Plan Rows": 58301,"Plan Width": 0,"Actual Startup Time": 10.180,"Actual Total Time": 10.183,"Actual Rows": 57420,"Actual Loops": 1,"Index Cond": "((o_orderdate >= '1994-03-01'::date) AND (o_orderdate < '1994-06-01 00:00:00'::timestamp without time zone))","Workers": []}]},{"Node Type": "Index Scan","Parent Relationship": "Inner","Parallel Aware": false,"Async Capable": false,"Scan Direction": "Forward","Index Name": "idx_lineitem_orderkey","Relation Name": "lineitem","Alias": "lineitem","Startup Cost": 0.43,"Total Cost": 4.60,"Plan Rows": 4,"Plan Width": 16,"Actual Startup Time": 0.010,"Actual Total Time": 0.012,"Actual Rows": 2,"Actual Loops": 57420,"Index Cond": "(l_orderkey = orders.o_orderkey)","Rows Removed by Index Recheck": 0,"Filter": "(l_returnflag = 'R'::bpchar)","Rows Removed by Filter": 2,"Workers": []}]},{"Node Type": "Hash","Parent Relationship": "Inner","Parallel Aware": true,"Async Capable": false,"Startup Cost": 4210.00,"Total Cost": 4210.00,"Plan Rows": 62500,"Plan Width": 148,"Actual Startup Time": 63.095,"Actual Total Time": 63.101,"Actual Rows": 37500,"Actual Loops": 4,"Hash Buckets": 262144,"Original Hash Buckets": 262144,"Hash Batches": 1,"Original Hash Batches": 1,"Peak Memory Usage": 29280,"Workers": [],"Plans": [{"Node Type": "Seq Scan","Parent Relationship": "Outer","Parallel Aware": true,"Async Capable": false,"Relation Name": "customer","Alias": "customer","Startup Cost": 0.00,"Total Cost": 4210.00,"Plan Rows": 62500,"Plan Width": 148,"Actual Startup Time": 0.041,"Actual Total Time": 28.071,"Actual Rows": 37500,"Actual Loops": 4,"Workers": []}]}]},{"Node Type": "Hash","Parent Relationship": "Inner","Parallel Aware": false,"Async Capable": false,"Startup Cost": 1.25,"Total Cost": 1.25,"Plan Rows": 25,"Plan Width": 108,"Actual Startup Time": 0.097,"Actual Total Time": 0.101,"Actual Rows": 25,"Actual Loops": 4,"Hash Buckets": 1024,"Original Hash Buckets": 1024,"Hash Batches": 1,"Original Hash Batches": 1,"Peak Memory Usage": 10,"Workers": [],"Plans": [{"Node Type": "Seq Scan","Parent Relationship": "Outer","Parallel Aware": false,"Async Capable": false,"Relation Name": "nation","Alias": "nation","Startup Cost": 0.00,"Total Cost": 1.25,"Plan Rows": 25,"Plan Width": 108,"Actual Startup Time": 0.065,"Actual Total Time": 0.071,"Actual Rows": 25,"Actual Loops": 4,"Workers": []}]}]}]}]}]},"Planning Time": 6.342,"Triggers": [],"Execution Time": 656.718}]
[{"Plan": {"Node Type": "Sort","Parallel Aware": false,"Async Capable": false,"Startup Cost": 128992.79,"Total Cost": 129130.12,"Plan Rows": 54934,"Plan Width": 280,"Actual Startup Time": 576.704,"Actual Total Time": 617.888,"Actual Rows": 37047,"Actual Loops": 1,"Sort Key": ["(sum((lineitem.l_extendedprice * ('1'::numeric - lineitem.l_discount)))) DESC"],"Sort Method": "quicksort","Sort Space Used": 9638,"Sort Space Type": "Memory","Plans": [{"Node Type": "Aggregate","Strategy": "Hashed","Partial Mode": "Simple","Parent Relationship": "Outer","Parallel Aware": false,"Async Capable": false,"Startup Cost": 123981.32,"Total Cost": 124668.00,"Plan Rows": 54934,"Plan Width": 280,"Actual Startup Time": 405.696,"Actual Total Time": 547.631,"Actual Rows": 37047,"Actual Loops": 1,"Group Key": ["customer.c_custkey", "nation.n_name"],"Planned Partitions": 0,"HashAgg Batches": 1,"Peak Memory Usage": 26129,"Disk Usage": 0,"Plans": [{"Node Type": "Gather","Parent Relationship": "Outer","Parallel Aware": false,"Async Capable": false,"Startup Cost": 6765.48,"Total Cost": 123294.65,"Plan Rows": 54934,"Plan Width": 260,"Actual Startup Time": 77.101,"Actual Total Time": 288.603,"Actual Rows": 110515,"Actual Loops": 1,"Workers Planned": 3,"Workers Launched": 3,"Single Copy": false,"Plans": [{"Node Type": "Hash Join","Parent Relationship": "Outer","Parallel Aware": false,"Async Capable": false,"Join Type": "Inner","Startup Cost": 5765.48,"Total Cost": 116801.25,"Plan Rows": 17721,"Plan Width": 260,"Actual Startup Time": 69.802,"Actual Total Time": 351.295,"Actual Rows": 27629,"Actual Loops": 4,"Inner Unique": true,"Hash Cond": "(customer.c_nationkey = nation.n_nationkey)","Workers": [],"Plans": [{"Node Type": "Nested Loop","Parent Relationship": "Outer","Parallel Aware": false,"Async Capable": false,"Join Type": "Inner","Startup Cost": 5763.92,"Total Cost": 116745.28,"Plan Rows": 17721,"Plan Width": 160,"Actual Startup Time": 69.448,"Actual Total Time": 342.448,"Actual Rows": 27629,"Actual Loops": 4,"Inner Unique": false,"Workers": [],"Plans": [{"Node Type": "Hash Join","Parent Relationship": "Outer","Parallel Aware": true,"Async Capable": false,"Join Type": "Inner","Startup Cost": 5763.48,"Total Cost": 32175.66,"Plan Rows": 17995,"Plan Width": 152,"Actual Startup Time": 69.393,"Actual Total Time": 167.356,"Actual Rows": 13816,"Actual Loops": 4,"Inner Unique": true,"Hash Cond": "(orders.o_custkey = customer.c_custkey)","Workers": [],"Plans": [{"Node Type": "Bitmap Heap Scan","Parent Relationship": "Outer","Parallel Aware": true,"Async Capable": false,"Relation Name": "orders","Alias": "orders","Startup Cost": 772.23,"Total Cost": 27137.17,"Plan Rows": 17996,"Plan Width": 8,"Actual Startup Time": 13.220,"Actual Total Time": 67.142,"Actual Rows": 13816,"Actual Loops": 4,"Recheck Cond": "((o_orderdate >= '1993-02-01'::date) AND (o_orderdate < '1993-05-01 00:00:00'::timestamp without time zone))","Rows Removed by Index Recheck": 0,"Exact Heap Blocks": 3458,"Lossy Heap Blocks": 0,"Workers": [],"Plans": [{"Node Type": "Bitmap Index Scan","Parent Relationship": "Outer","Parallel Aware": false,"Async Capable": false,"Index Name": "idx_orders_orderdate","Startup Cost": 0.00,"Total Cost": 758.29,"Plan Rows": 55786,"Plan Width": 0,"Actual Startup Time": 10.104,"Actual Total Time": 10.109,"Actual Rows": 55266,"Actual Loops": 1,"Index Cond": "((o_orderdate >= '1993-02-01'::date) AND (o_orderdate < '1993-05-01 00:00:00'::timestamp without time zone))","Workers": []}]},{"Node Type": "Hash","Parent Relationship": "Inner","Parallel Aware": true,"Async Capable": false,"Startup Cost": 4210.00,"Total Cost": 4210.00,"Plan Rows": 62500,"Plan Width": 148,"Actual Startup Time": 55.605,"Actual Total Time": 55.613,"Actual Rows": 37500,"Actual Loops": 4,"Hash Buckets": 262144,"Original Hash Buckets": 262144,"Hash Batches": 1,"Original Hash Batches": 1,"Peak Memory Usage": 29312,"Workers": [],"Plans": [{"Node Type": "Seq Scan","Parent Relationship": "Outer","Parallel Aware": true,"Async Capable": false,"Relation Name": "customer","Alias": "customer","Startup Cost": 0.00,"Total Cost": 4210.00,"Plan Rows": 62500,"Plan Width": 148,"Actual Startup Time": 0.022,"Actual Total Time": 25.460,"Actual Rows": 37500,"Actual Loops": 4,"Workers": []}]}]},{"Node Type": "Index Scan","Parent Relationship": "Inner","Parallel Aware": false,"Async Capable": false,"Scan Direction": "Forward","Index Name": "idx_lineitem_orderkey","Relation Name": "lineitem","Alias": "lineitem","Startup Cost": 0.43,"Total Cost": 4.66,"Plan Rows": 4,"Plan Width": 16,"Actual Startup Time": 0.010,"Actual Total Time": 0.012,"Actual Rows": 2,"Actual Loops": 55266,"Index Cond": "(l_orderkey = orders.o_orderkey)","Rows Removed by Index Recheck": 0,"Filter": "(l_returnflag = 'R'::bpchar)","Rows Removed by Filter": 2,"Workers": []}]},{"Node Type": "Hash","Parent Relationship": "Inner","Parallel Aware": false,"Async Capable": false,"Startup Cost": 1.25,"Total Cost": 1.25,"Plan Rows": 25,"Plan Width": 108,"Actual Startup Time": 0.078,"Actual Total Time": 0.083,"Actual Rows": 25,"Actual Loops": 4,"Hash Buckets": 1024,"Original Hash Buckets": 1024,"Hash Batches": 1,"Original Hash Batches": 1,"Peak Memory Usage": 10,"Workers": [],"Plans": [{"Node Type": "Seq Scan","Parent Relationship": "Outer","Parallel Aware": false,"Async Capable": false,"Relation Name": "nation","Alias": "nation","Startup Cost": 0.00,"Total Cost": 1.25,"Plan Rows": 25,"Plan Width": 108,"Actual Startup Time": 0.053,"Actual Total Time": 0.057,"Actual Rows": 25,"Actual Loops": 4,"Workers": []}]}]}]}]}]},"Planning Time": 7.802,"Triggers": [],"Execution Time": 623.390}]
[{"Plan": {"Node Type": "Sort","Parallel Aware": false,"Async Capable": false,"Startup Cost": 130975.09,"Total Cost": 131116.14,"Plan Rows": 56420,"Plan Width": 280,"Actual Startup Time": 559.129,"Actual Total Time": 601.162,"Actual Rows": 37859,"Actual Loops": 1,"Sort Key": ["(sum((lineitem.l_extendedprice * ('1'::numeric - lineitem.l_discount)))) DESC"],"Sort Method": "quicksort","Sort Space Used": 9818,"Sort Space Type": "Memory","Plans": [{"Node Type": "Aggregate","Strategy": "Hashed","Partial Mode": "Simple","Parent Relationship": "Outer","Parallel Aware": false,"Async Capable": false,"Startup Cost": 125817.20,"Total Cost": 126522.45,"Plan Rows": 56420,"Plan Width": 280,"Actual Startup Time": 383.531,"Actual Total Time": 530.212,"Actual Rows": 37859,"Actual Loops": 1,"Group Key": ["customer.c_custkey", "nation.n_name"],"Planned Partitions": 0,"HashAgg Batches": 1,"Peak Memory Usage": 26129,"Disk Usage": 0,"Plans": [{"Node Type": "Gather","Parent Relationship": "Outer","Parallel Aware": false,"Async Capable": false,"Startup Cost": 6784.95,"Total Cost": 125111.95,"Plan Rows": 56420,"Plan Width": 260,"Actual Startup Time": 70.081,"Actual Total Time": 265.015,"Actual Rows": 114028,"Actual Loops": 1,"Workers Planned": 3,"Workers Launched": 3,"Single Copy": false,"Plans": [{"Node Type": "Hash Join","Parent Relationship": "Outer","Parallel Aware": false,"Async Capable": false,"Join Type": "Inner","Startup Cost": 5784.95,"Total Cost": 118469.95,"Plan Rows": 18200,"Plan Width": 260,"Actual Startup Time": 62.841,"Actual Total Time": 330.296,"Actual Rows": 28507,"Actual Loops": 4,"Inner Unique": true,"Hash Cond": "(customer.c_nationkey = nation.n_nationkey)","Workers": [],"Plans": [{"Node Type": "Hash Join","Parent Relationship": "Outer","Parallel Aware": true,"Async Capable": false,"Join Type": "Inner","Startup Cost": 5783.38,"Total Cost": 118412.51,"Plan Rows": 18200,"Plan Width": 160,"Actual Startup Time": 62.430,"Actual Total Time": 322.490,"Actual Rows": 28507,"Actual Loops": 4,"Inner Unique": true,"Hash Cond": "(orders.o_custkey = customer.c_custkey)","Workers": [],"Plans": [{"Node Type": "Nested Loop","Parent Relationship": "Outer","Parallel Aware": false,"Async Capable": false,"Join Type": "Inner","Startup Cost": 792.13,"Total Cost": 113373.49,"Plan Rows": 18200,"Plan Width": 16,"Actual Startup Time": 13.021,"Actual Total Time": 238.266,"Actual Rows": 28507,"Actual Loops": 4,"Inner Unique": false,"Workers": [],"Plans": [{"Node Type": "Bitmap Heap Scan","Parent Relationship": "Outer","Parallel Aware": true,"Async Capable": false,"Relation Name": "orders","Alias": "orders","Startup Cost": 791.70,"Total Cost": 27163.94,"Plan Rows": 18482,"Plan Width": 8,"Actual Startup Time": 12.954,"Actual Total Time": 66.534,"Actual Rows": 14234,"Actual Loops": 4,"Recheck Cond": "((o_orderdate >= '1993-03-01'::date) AND (o_orderdate < '1993-06-01 00:00:00'::timestamp without time zone))","Rows Removed by Index Recheck": 0,"Exact Heap Blocks": 3517,"Lossy Heap Blocks": 0,"Workers": [],"Plans": [{"Node Type": "Bitmap Index Scan","Parent Relationship": "Outer","Parallel Aware": false,"Async Capable": false,"Index Name": "idx_orders_orderdate","Startup Cost": 0.00,"Total Cost": 777.38,"Plan Rows": 57295,"Plan Width": 0,"Actual Startup Time": 9.836,"Actual Total Time": 9.842,"Actual Rows": 56934,"Actual Loops": 1,"Index Cond": "((o_orderdate >= '1993-03-01'::date) AND (o_orderdate < '1993-06-01 00:00:00'::timestamp without time zone))","Workers": []}]},{"Node Type": "Index Scan","Parent Relationship": "Inner","Parallel Aware": false,"Async Capable": false,"Scan Direction": "Forward","Index Name": "idx_lineitem_orderkey","Relation Name": "lineitem","Alias": "lineitem","Startup Cost": 0.43,"Total Cost": 4.62,"Plan Rows": 4,"Plan Width": 16,"Actual Startup Time": 0.010,"Actual Total Time": 0.012,"Actual Rows": 2,"Actual Loops": 56934,"Index Cond": "(l_orderkey = orders.o_orderkey)","Rows Removed by Index Recheck": 0,"Filter": "(l_returnflag = 'R'::bpchar)","Rows Removed by Filter": 2,"Workers": []}]},{"Node Type": "Hash","Parent Relationship": "Inner","Parallel Aware": true,"Async Capable": false,"Startup Cost": 4210.00,"Total Cost": 4210.00,"Plan Rows": 62500,"Plan Width": 148,"Actual Startup Time": 48.797,"Actual Total Time": 48.806,"Actual Rows": 37500,"Actual Loops": 4,"Hash Buckets": 262144,"Original Hash Buckets": 262144,"Hash Batches": 1,"Original Hash Batches": 1,"Peak Memory Usage": 29344,"Workers": [],"Plans": [{"Node Type": "Seq Scan","Parent Relationship": "Outer","Parallel Aware": true,"Async Capable": false,"Relation Name": "customer","Alias": "customer","Startup Cost": 0.00,"Total Cost": 4210.00,"Plan Rows": 62500,"Plan Width": 148,"Actual Startup Time": 0.027,"Actual Total Time": 20.617,"Actual Rows": 37500,"Actual Loops": 4,"Workers": []}]}]},{"Node Type": "Hash","Parent Relationship": "Inner","Parallel Aware": false,"Async Capable": false,"Startup Cost": 1.25,"Total Cost": 1.25,"Plan Rows": 25,"Plan Width": 108,"Actual Startup Time": 0.102,"Actual Total Time": 0.108,"Actual Rows": 25,"Actual Loops": 4,"Hash Buckets": 1024,"Original Hash Buckets": 1024,"Hash Batches": 1,"Original Hash Batches": 1,"Peak Memory Usage": 10,"Workers": [],"Plans": [{"Node Type": "Seq Scan","Parent Relationship": "Outer","Parallel Aware": false,"Async Capable": false,"Relation Name": "nation","Alias": "nation","Startup Cost": 0.00,"Total Cost": 1.25,"Plan Rows": 25,"Plan Width": 108,"Actual Startup Time": 0.068,"Actual Total Time": 0.076,"Actual Rows": 25,"Actual Loops": 4,"Workers": []}]}]}]}]}]},"Planning Time": 7.017,"Triggers": [],"Execution Time": 606.974}]
[{"Plan": {"Node Type": "Sort","Parallel Aware": false,"Async Capable": false,"Startup Cost": 132365.07,"Total Cost": 132508.74,"Plan Rows": 57466,"Plan Width": 280,"Actual Startup Time": 604.092,"Actual Total Time": 644.113,"Actual Rows": 37690,"Actual Loops": 1,"Sort Key": ["(sum((lineitem.l_extendedprice * ('1'::numeric - lineitem.l_discount)))) DESC"],"Sort Method": "quicksort","Sort Space Used": 9779,"Sort Space Type": "Memory","Plans": [{"Node Type": "Aggregate","Strategy": "Hashed","Partial Mode": "Simple","Parent Relationship": "Outer","Parallel Aware": false,"Async Capable": false,"Startup Cost": 127103.94,"Total Cost": 127822.26,"Plan Rows": 57466,"Plan Width": 280,"Actual Startup Time": 420.502,"Actual Total Time": 570.586,"Actual Rows": 37690,"Actual Loops": 1,"Group Key": ["customer.c_custkey", "nation.n_name"],"Planned Partitions": 0,"HashAgg Batches": 1,"Peak Memory Usage": 26129,"Disk Usage": 0,"Plans": [{"Node Type": "Gather","Parent Relationship": "Outer","Parallel Aware": false,"Async Capable": false,"Startup Cost": 6799.83,"Total Cost": 126385.61,"Plan Rows": 57466,"Plan Width": 260,"Actual Startup Time": 84.807,"Actual Total Time": 291.020,"Actual Rows": 113599,"Actual Loops": 1,"Workers Planned": 3,"Workers Launched": 3,"Single Copy": false,"Plans": [{"Node Type": "Hash Join","Parent Relationship": "Outer","Parallel Aware": false,"Async Capable": false,"Join Type": "Inner","Startup Cost": 5799.83,"Total Cost": 119639.01,"Plan Rows": 18537,"Plan Width": 260,"Actual Startup Time": 77.448,"Actual Total Time": 365.330,"Actual Rows": 28400,"Actual Loops": 4,"Inner Unique": true,"Hash Cond": "(customer.c_nationkey = nation.n_nationkey)","Workers": [],"Plans": [{"Node Type": "Hash Join","Parent Relationship": "Outer","Parallel Aware": true,"Async Capable": false,"Join Type": "Inner","Startup Cost": 5798.27,"Total Cost": 119580.55,"Plan Rows": 18537,"Plan Width": 160,"Actual Startup Time": 76.978,"Actual Total Time": 356.100,"Actual Rows": 28400,"Actual Loops": 4,"Inner Unique": true,"Hash Cond": "(orders.o_custkey = customer.c_custkey)","Workers": [],"Plans": [{"Node Type": "Nested Loop","Parent Relationship": "Outer","Parallel Aware": false,"Async Capable": false,"Join Type": "Inner","Startup Cost": 807.02,"Total Cost": 114540.64,"Plan Rows": 18537,"Plan Width": 16,"Actual Startup Time": 13.069,"Actual Total Time": 252.235,"Actual Rows": 28400,"Actual Loops": 4,"Inner Unique": false,"Workers": [],"Plans": [{"Node Type": "Bitmap Heap Scan","Parent Relationship": "Outer","Parallel Aware": true,"Async Capable": false,"Relation Name": "orders","Alias": "orders","Startup Cost": 806.59,"Total Cost": 27183.96,"Plan Rows": 18825,"Plan Width": 8,"Actual Startup Time": 13.002,"Actual Total Time": 70.665,"Actual Rows": 14161,"Actual Loops": 4,"Recheck Cond": "((o_orderdate >= '1994-04-01'::date) AND (o_orderdate < '1994-07-01 00:00:00'::timestamp without time zone))","Rows Removed by Index Recheck": 0,"Exact Heap Blocks": 3668,"Lossy Heap Blocks": 0,"Workers": [],"Plans": [{"Node Type": "Bitmap Index Scan","Parent Relationship": "Outer","Parallel Aware": false,"Async Capable": false,"Index Name": "idx_orders_orderdate","Startup Cost": 0.00,"Total Cost": 792.00,"Plan Rows": 58357,"Plan Width": 0,"Actual Startup Time": 9.907,"Actual Total Time": 9.915,"Actual Rows": 56645,"Actual Loops": 1,"Index Cond": "((o_orderdate >= '1994-04-01'::date) AND (o_orderdate < '1994-07-01 00:00:00'::timestamp without time zone))","Workers": []}]},{"Node Type": "Index Scan","Parent Relationship": "Inner","Parallel Aware": false,"Async Capable": false,"Scan Direction": "Forward","Index Name": "idx_lineitem_orderkey","Relation Name": "lineitem","Alias": "lineitem","Startup Cost": 0.43,"Total Cost": 4.60,"Plan Rows": 4,"Plan Width": 16,"Actual Startup Time": 0.010,"Actual Total Time": 0.012,"Actual Rows": 2,"Actual Loops": 56645,"Index Cond": "(l_orderkey = orders.o_orderkey)","Rows Removed by Index Recheck": 0,"Filter": "(l_returnflag = 'R'::bpchar)","Rows Removed by Filter": 2,"Workers": []}]},{"Node Type": "Hash","Parent Relationship": "Inner","Parallel Aware": true,"Async Capable": false,"Startup Cost": 4210.00,"Total Cost": 4210.00,"Plan Rows": 62500,"Plan Width": 148,"Actual Startup Time": 63.332,"Actual Total Time": 63.338,"Actual Rows": 37500,"Actual Loops": 4,"Hash Buckets": 262144,"Original Hash Buckets": 262144,"Hash Batches": 1,"Original Hash Batches": 1,"Peak Memory Usage": 29344,"Workers": [],"Plans": [{"Node Type": "Seq Scan","Parent Relationship": "Outer","Parallel Aware": true,"Async Capable": false,"Relation Name": "customer","Alias": "customer","Startup Cost": 0.00,"Total Cost": 4210.00,"Plan Rows": 62500,"Plan Width": 148,"Actual Startup Time": 0.025,"Actual Total Time": 28.533,"Actual Rows": 37500,"Actual Loops": 4,"Workers": []}]}]},{"Node Type": "Hash","Parent Relationship": "Inner","Parallel Aware": false,"Async Capable": false,"Startup Cost": 1.25,"Total Cost": 1.25,"Plan Rows": 25,"Plan Width": 108,"Actual Startup Time": 0.107,"Actual Total Time": 0.110,"Actual Rows": 25,"Actual Loops": 4,"Hash Buckets": 1024,"Original Hash Buckets": 1024,"Hash Batches": 1,"Original Hash Batches": 1,"Peak Memory Usage": 10,"Workers": [],"Plans": [{"Node Type": "Seq Scan","Parent Relationship": "Outer","Parallel Aware": false,"Async Capable": false,"Relation Name": "nation","Alias": "nation","Startup Cost": 0.00,"Total Cost": 1.25,"Plan Rows": 25,"Plan Width": 108,"Actual Startup Time": 0.074,"Actual Total Time": 0.080,"Actual Rows": 25,"Actual Loops": 4,"Workers": []}]}]}]}]}]},"Planning Time": 6.317,"Triggers": [],"Execution Time": 648.403}]
[{"Plan": {"Node Type": "Sort","Parallel Aware": false,"Async Capable": false,"Startup Cost": 134586.43,"Total Cost": 134734.30,"Plan Rows": 59150,"Plan Width": 280,"Actual Startup Time": 563.586,"Actual Total Time": 604.383,"Actual Rows": 37293,"Actual Loops": 1,"Sort Key": ["(sum((lineitem.l_extendedprice * ('1'::numeric - lineitem.l_discount)))) DESC"],"Sort Method": "quicksort","Sort Space Used": 9691,"Sort Space Type": "Memory","Plans": [{"Node Type": "Aggregate","Strategy": "Hashed","Partial Mode": "Simple","Parent Relationship": "Outer","Parallel Aware": false,"Async Capable": false,"Startup Cost": 129158.80,"Total Cost": 129898.17,"Plan Rows": 59150,"Plan Width": 280,"Actual Startup Time": 392.436,"Actual Total Time": 532.730,"Actual Rows": 37293,"Actual Loops": 1,"Group Key": ["customer.c_custkey", "nation.n_name"],"Planned Partitions": 0,"HashAgg Batches": 1,"Peak Memory Usage": 27665,"Disk Usage": 0,"Plans": [{"Node Type": "Gather","Parent Relationship": "Outer","Parallel Aware": false,"Async Capable": false,"Startup Cost": 6825.36,"Total Cost": 128419.42,"Plan Rows": 59150,"Plan Width": 260,"Actual Startup Time": 75.957,"Actual Total Time": 271.680,"Actual Rows": 108779,"Actual Loops": 1,"Workers Planned": 3,"Workers Launched": 3,"Single Copy": false,"Plans": [{"Node Type": "Hash Join","Parent Relationship": "Outer","Parallel Aware": false,"Async Capable": false,"Join Type": "Inner","Startup Cost": 5825.36,"Total Cost": 121504.42,"Plan Rows": 19081,"Plan Width": 260,"Actual Startup Time": 69.040,"Actual Total Time": 339.341,"Actual Rows": 27195,"Actual Loops": 4,"Inner Unique": true,"Hash Cond": "(customer.c_nationkey = nation.n_nationkey)","Workers": [],"Plans": [{"Node Type": "Hash Join","Parent Relationship": "Outer","Parallel Aware": true,"Async Capable": false,"Join Type": "Inner","Startup Cost": 5823.80,"Total Cost": 121444.28,"Plan Rows": 19081,"Plan Width": 160,"Actual Startup Time": 68.657,"Actual Total Time": 330.758,"Actual Rows": 27195,"Actual Loops": 4,"Inner Unique": true,"Hash Cond": "(orders.o_custkey = customer.c_custkey)","Workers": [],"Plans": [{"Node Type": "Nested Loop","Parent Relationship": "Outer","Parallel Aware": false,"Async Capable": false,"Join Type": "Inner","Startup Cost": 832.55,"Total Cost": 116402.95,"Plan Rows": 19081,"Plan Width": 16,"Actual Startup Time": 13.292,"Actual Total Time": 236.377,"Actual Rows": 27195,"Actual Loops": 4,"Inner Unique": false,"Workers": [],"Plans": [{"Node Type": "Bitmap Heap Scan","Parent Relationship": "Outer","Parallel Aware": true,"Async Capable": false,"Relation Name": "orders","Alias": "orders","Startup Cost": 832.11,"Total Cost": 27217.76,"Plan Rows": 19376,"Plan Width": 8,"Actual Startup Time": 13.230,"Actual Total Time": 65.610,"Actual Rows": 14144,"Actual Loops": 4,"Recheck Cond": "((o_orderdate >= '1994-12-01'::date) AND (o_orderdate < '1995-03-01 00:00:00'::timestamp without time zone))","Rows Removed by Index Recheck": 0,"Exact Heap Blocks": 3506,"Lossy Heap Blocks": 0,"Workers": [],"Plans": [{"Node Type": "Bitmap Index Scan","Parent Relationship": "Outer","Parallel Aware": false,"Async Capable": false,"Index Name": "idx_orders_orderdate","Startup Cost": 0.00,"Total Cost": 817.10,"Plan Rows": 60067,"Plan Width": 0,"Actual Startup Time": 10.114,"Actual Total Time": 10.122,"Actual Rows": 56577,"Actual Loops": 1,"Index Cond": "((o_orderdate >= '1994-12-01'::date) AND (o_orderdate < '1995-03-01 00:00:00'::timestamp without time zone))","Workers": []}]},{"Node Type": "Index Scan","Parent Relationship": "Inner","Parallel Aware": false,"Async Capable": false,"Scan Direction": "Forward","Index Name": "idx_lineitem_orderkey","Relation Name": "lineitem","Alias": "lineitem","Startup Cost": 0.43,"Total Cost": 4.56,"Plan Rows": 4,"Plan Width": 16,"Actual Startup Time": 0.010,"Actual Total Time": 0.012,"Actual Rows": 2,"Actual Loops": 56577,"Index Cond": "(l_orderkey = orders.o_orderkey)","Rows Removed by Index Recheck": 0,"Filter": "(l_returnflag = 'R'::bpchar)","Rows Removed by Filter": 2,"Workers": []}]},{"Node Type": "Hash","Parent Relationship": "Inner","Parallel Aware": true,"Async Capable": false,"Startup Cost": 4210.00,"Total Cost": 4210.00,"Plan Rows": 62500,"Plan Width": 148,"Actual Startup Time": 54.812,"Actual Total Time": 54.818,"Actual Rows": 37500,"Actual Loops": 4,"Hash Buckets": 262144,"Original Hash Buckets": 262144,"Hash Batches": 1,"Original Hash Batches": 1,"Peak Memory Usage": 29312,"Workers": [],"Plans": [{"Node Type": "Seq Scan","Parent Relationship": "Outer","Parallel Aware": true,"Async Capable": false,"Relation Name": "customer","Alias": "customer","Startup Cost": 0.00,"Total Cost": 4210.00,"Plan Rows": 62500,"Plan Width": 148,"Actual Startup Time": 0.022,"Actual Total Time": 23.786,"Actual Rows": 37500,"Actual Loops": 4,"Workers": []}]}]},{"Node Type": "Hash","Parent Relationship": "Inner","Parallel Aware": false,"Async Capable": false,"Startup Cost": 1.25,"Total Cost": 1.25,"Plan Rows": 25,"Plan Width": 108,"Actual Startup Time": 0.089,"Actual Total Time": 0.092,"Actual Rows": 25,"Actual Loops": 4,"Hash Buckets": 1024,"Original Hash Buckets": 1024,"Hash Batches": 1,"Original Hash Batches": 1,"Peak Memory Usage": 10,"Workers": [],"Plans": [{"Node Type": "Seq Scan","Parent Relationship": "Outer","Parallel Aware": false,"Async Capable": false,"Relation Name": "nation","Alias": "nation","Startup Cost": 0.00,"Total Cost": 1.25,"Plan Rows": 25,"Plan Width": 108,"Actual Startup Time": 0.062,"Actual Total Time": 0.067,"Actual Rows": 25,"Actual Loops": 4,"Workers": []}]}]}]}]}]},"Planning Time": 7.387,"Triggers": [],"Execution Time": 611.176}]
[{"Plan": {"Node Type": "Sort","Parallel Aware": false,"Async Capable": false,"Startup Cost": 131080.21,"Total Cost": 131221.46,"Plan Rows": 56499,"Plan Width": 280,"Actual Startup Time": 605.493,"Actual Total Time": 645.716,"Actual Rows": 37967,"Actual Loops": 1,"Sort Key": ["(sum((lineitem.l_extendedprice * ('1'::numeric - lineitem.l_discount)))) DESC"],"Sort Method": "quicksort","Sort Space Used": 9838,"Sort Space Type": "Memory","Plans": [{"Node Type": "Aggregate","Strategy": "Hashed","Partial Mode": "Simple","Parent Relationship": "Outer","Parallel Aware": false,"Async Capable": false,"Startup Cost": 125914.53,"Total Cost": 126620.77,"Plan Rows": 56499,"Plan Width": 280,"Actual Startup Time": 424.904,"Actual Total Time": 572.991,"Actual Rows": 37967,"Actual Loops": 1,"Group Key": ["customer.c_custkey", "nation.n_name"],"Planned Partitions": 0,"HashAgg Batches": 1,"Peak Memory Usage": 26129,"Disk Usage": 0,"Plans": [{"Node Type": "Gather","Parent Relationship": "Outer","Parallel Aware": false,"Async Capable": false,"Startup Cost": 6785.77,"Total Cost": 125208.29,"Plan Rows": 56499,"Plan Width": 260,"Actual Startup Time": 85.491,"Actual Total Time": 295.043,"Actual Rows": 114705,"Actual Loops": 1,"Workers Planned": 3,"Workers Launched": 3,"Single Copy": false,"Plans": [{"Node Type": "Hash Join","Parent Relationship": "Outer","Parallel Aware": false,"Async Capable": false,"Join Type": "Inner","Startup Cost": 5785.77,"Total Cost": 118558.39,"Plan Rows": 18225,"Plan Width": 260,"Actual Startup Time": 77.990,"Actual Total Time": 369.128,"Actual Rows": 28676,"Actual Loops": 4,"Inner Unique": true,"Hash Cond": "(customer.c_nationkey = nation.n_nationkey)","Workers": [],"Plans": [{"Node Type": "Hash Join","Parent Relationship": "Outer","Parallel Aware": true,"Async Capable": false,"Join Type": "Inner","Startup Cost": 5784.20,"Total Cost": 118500.88,"Plan Rows": 18225,"Plan Width": 160,"Actual Startup Time": 77.566,"Actual Total Time": 359.708,"Actual Rows": 28676,"Actual Loops": 4,"Inner Unique": true,"Hash Cond": "(orders.o_custkey = customer.c_custkey)","Workers": [],"Plans": [{"Node Type": "Nested Loop","Parent Relationship": "Outer","Parallel Aware": false,"Async Capable": false,"Join Type": "Inner","Startup Cost": 792.95,"Total Cost": 113461.79,"Plan Rows": 18225,"Plan Width": 16,"Actual Startup Time": 13.246,"Actual Total Time": 255.571,"Actual Rows": 28676,"Actual Loops": 4,"Inner Unique": false,"Workers": [],"Plans": [{"Node Type": "Bitmap Heap Scan","Parent Relationship": "Outer","Parallel Aware": true,"Async Capable": false,"Relation Name": "orders","Alias": "orders","Startup Cost": 792.52,"Total Cost": 27165.14,"Plan Rows": 18508,"Plan Width": 8,"Actual Startup Time": 13.160,"Actual Total Time": 71.475,"Actual Rows": 14267,"Actual Loops": 4,"Recheck Cond": "((o_orderdate >= '1993-10-01'::date) AND (o_orderdate < '1994-01-01 00:00:00'::timestamp without time zone))","Rows Removed by Index Recheck": 0,"Exact Heap Blocks": 3708,"Lossy Heap Blocks": 0,"Workers": [],"Plans": [{"Node Type": "Bitmap Index Scan","Parent Relationship": "Outer","Parallel Aware": false,"Async Capable": false,"Index Name": "idx_orders_orderdate","Startup Cost": 0.00,"Total Cost": 778.18,"Plan Rows": 57375,"Plan Width": 0,"Actual Startup Time": 10.062,"Actual Total Time": 10.069,"Actual Rows": 57069,"Actual Loops": 1,"Index Cond": "((o_orderdate >= '1993-10-01'::date) AND (o_orderdate < '1994-01-01 00:00:00'::timestamp without time zone))","Workers": []}]},{"Node Type": "Index Scan","Parent Relationship": "Inner","Parallel Aware": false,"Async Capable": false,"Scan Direction": "Forward","Index Name": "idx_lineitem_orderkey","Relation Name": "lineitem","Alias": "lineitem","Startup Cost": 0.43,"Total Cost": 4.62,"Plan Rows": 4,"Plan Width": 16,"Actual Startup Time": 0.011,"Actual Total Time": 0.013,"Actual Rows": 2,"Actual Loops": 57069,"Index Cond": "(l_orderkey = orders.o_orderkey)","Rows Removed by Index Recheck": 0,"Filter": "(l_returnflag = 'R'::bpchar)","Rows Removed by Filter": 2,"Workers": []}]},{"Node Type": "Hash","Parent Relationship": "Inner","Parallel Aware": true,"Async Capable": false,"Startup Cost": 4210.00,"Total Cost": 4210.00,"Plan Rows": 62500,"Plan Width": 148,"Actual Startup Time": 63.688,"Actual Total Time": 63.696,"Actual Rows": 37500,"Actual Loops": 4,"Hash Buckets": 262144,"Original Hash Buckets": 262144,"Hash Batches": 1,"Original Hash Batches": 1,"Peak Memory Usage": 29312,"Workers": [],"Plans": [{"Node Type": "Seq Scan","Parent Relationship": "Outer","Parallel Aware": true,"Async Capable": false,"Relation Name": "customer","Alias": "customer","Startup Cost": 0.00,"Total Cost": 4210.00,"Plan Rows": 62500,"Plan Width": 148,"Actual Startup Time": 0.034,"Actual Total Time": 28.900,"Actual Rows": 37500,"Actual Loops": 4,"Workers": []}]}]},{"Node Type": "Hash","Parent Relationship": "Inner","Parallel Aware": false,"Async Capable": false,"Startup Cost": 1.25,"Total Cost": 1.25,"Plan Rows": 25,"Plan Width": 108,"Actual Startup Time": 0.102,"Actual Total Time": 0.107,"Actual Rows": 25,"Actual Loops": 4,"Hash Buckets": 1024,"Original Hash Buckets": 1024,"Hash Batches": 1,"Original Hash Batches": 1,"Peak Memory Usage": 10,"Workers": [],"Plans": [{"Node Type": "Seq Scan","Parent Relationship": "Outer","Parallel Aware": false,"Async Capable": false,"Relation Name": "nation","Alias": "nation","Startup Cost": 0.00,"Total Cost": 1.25,"Plan Rows": 25,"Plan Width": 108,"Actual Startup Time": 0.070,"Actual Total Time": 0.076,"Actual Rows": 25,"Actual Loops": 4,"Workers": []}]}]}]}]}]},"Planning Time": 6.575,"Triggers": [],"Execution Time": 649.944}]
[{"Plan": {"Node Type": "Sort","Parallel Aware": false,"Async Capable": false,"Startup Cost": 132166.82,"Total Cost": 132310.11,"Plan Rows": 57318,"Plan Width": 280,"Actual Startup Time": 590.000,"Actual Total Time": 630.537,"Actual Rows": 37972,"Actual Loops": 1,"Sort Key": ["(sum((lineitem.l_extendedprice * ('1'::numeric - lineitem.l_discount)))) DESC"],"Sort Method": "quicksort","Sort Space Used": 9843,"Sort Space Type": "Memory","Plans": [{"Node Type": "Aggregate","Strategy": "Hashed","Partial Mode": "Simple","Parent Relationship": "Outer","Parallel Aware": false,"Async Capable": false,"Startup Cost": 126920.30,"Total Cost": 127636.77,"Plan Rows": 57318,"Plan Width": 280,"Actual Startup Time": 413.108,"Actual Total Time": 556.129,"Actual Rows": 37972,"Actual Loops": 1,"Group Key": ["customer.c_custkey", "nation.n_name"],"Planned Partitions": 0,"HashAgg Batches": 1,"Peak Memory Usage": 26129,"Disk Usage": 0,"Plans": [{"Node Type": "Gather","Parent Relationship": "Outer","Parallel Aware": false,"Async Capable": false,"Startup Cost": 6798.29,"Total Cost": 126203.82,"Plan Rows": 57318,"Plan Width": 260,"Actual Startup Time": 77.619,"Actual Total Time": 286.194,"Actual Rows": 114459,"Actual Loops": 1,"Workers Planned": 3,"Workers Launched": 3,"Single Copy": false,"Plans": [{"Node Type": "Hash Join","Parent Relationship": "Outer","Parallel Aware": false,"Async Capable": false,"Join Type": "Inner","Startup Cost": 5798.29,"Total Cost": 119472.02,"Plan Rows": 18490,"Plan Width": 260,"Actual Startup Time": 70.122,"Actual Total Time": 358.029,"Actual Rows": 28615,"Actual Loops": 4,"Inner Unique": true,"Hash Cond": "(customer.c_nationkey = nation.n_nationkey)","Workers": [],"Plans": [{"Node Type": "Hash Join","Parent Relationship": "Outer","Parallel Aware": true,"Async Capable": false,"Join Type": "Inner","Startup Cost": 5796.73,"Total Cost": 119413.69,"Plan Rows": 18490,"Plan Width": 160,"Actual Startup Time": 69.815,"Actual Total Time": 349.575,"Actual Rows": 28615,"Actual Loops": 4,"Inner Unique": true,"Hash Cond": "(orders.o_custkey = customer.c_custkey)","Workers": [],"Plans": [{"Node Type": "Nested Loop","Parent Relationship": "Outer","Parallel Aware": false,"Async Capable": false,"Join Type": "Inner","Startup Cost": 805.48,"Total Cost": 114373.91,"Plan Rows": 18490,"Plan Width": 16,"Actual Startup Time": 13.081,"Actual Total Time": 249.954,"Actual Rows": 28615,"Actual Loops": 4,"Inner Unique": false,"Workers": [],"Plans": [{"Node Type": "Bitmap Heap Scan","Parent Relationship": "Outer","Parallel Aware": true,"Async Capable": false,"Relation Name": "orders","Alias": "orders","Startup Cost": 805.05,"Total Cost": 27181.70,"Plan Rows": 18776,"Plan Width": 8,"Actual Startup Time": 13.019,"Actual Total Time": 71.418,"Actual Rows": 14305,"Actual Loops": 4,"Recheck Cond": "((o_orderdate >= '1994-10-01'::date) AND (o_orderdate < '1995-01-01 00:00:00'::timestamp without time zone))","Rows Removed by Index Recheck": 0,"Exact Heap Blocks": 3518,"Lossy Heap Blocks": 0,"Workers": [],"Plans": [{"Node Type": "Bitmap Index Scan","Parent Relationship": "Outer","Parallel Aware": false,"Async Capable": false,"Index Name": "idx_orders_orderdate","Startup Cost": 0.00,"Total Cost": 790.50,"Plan Rows": 58207,"Plan Width": 0,"Actual Startup Time": 9.954,"Actual Total Time": 9.955,"Actual Rows": 57219,"Actual Loops": 1,"Index Cond": "((o_orderdate >= '1994-10-01'::date) AND (o_orderdate < '1995-01-01 00:00:00'::timestamp without time zone))","Workers": []}]},{"Node Type": "Index Scan","Parent Relationship": "Inner","Parallel Aware": false,"Async Capable": false,"Scan Direction": "Forward","Index Name": "idx_lineitem_orderkey","Relation Name": "lineitem","Alias": "lineitem","Startup Cost": 0.43,"Total Cost": 4.60,"Plan Rows": 4,"Plan Width": 16,"Actual Startup Time": 0.010,"Actual Total Time": 0.012,"Actual Rows": 2,"Actual Loops": 57219,"Index Cond": "(l_orderkey = orders.o_orderkey)","Rows Removed by Index Recheck": 0,"Filter": "(l_returnflag = 'R'::bpchar)","Rows Removed by Filter": 2,"Workers": []}]},{"Node Type": "Hash","Parent Relationship": "Inner","Parallel Aware": true,"Async Capable": false,"Startup Cost": 4210.00,"Total Cost": 4210.00,"Plan Rows": 62500,"Plan Width": 148,"Actual Startup Time": 56.184,"Actual Total Time": 56.192,"Actual Rows": 37500,"Actual Loops": 4,"Hash Buckets": 262144,"Original Hash Buckets": 262144,"Hash Batches": 1,"Original Hash Batches": 1,"Peak Memory Usage": 29344,"Workers": [],"Plans": [{"Node Type": "Seq Scan","Parent Relationship": "Outer","Parallel Aware": true,"Async Capable": false,"Relation Name": "customer","Alias": "customer","Startup Cost": 0.00,"Total Cost": 4210.00,"Plan Rows": 62500,"Plan Width": 148,"Actual Startup Time": 0.017,"Actual Total Time": 25.696,"Actual Rows": 37500,"Actual Loops": 4,"Workers": []}]}]},{"Node Type": "Hash","Parent Relationship": "Inner","Parallel Aware": false,"Async Capable": false,"Startup Cost": 1.25,"Total Cost": 1.25,"Plan Rows": 25,"Plan Width": 108,"Actual Startup Time": 0.071,"Actual Total Time": 0.075,"Actual Rows": 25,"Actual Loops": 4,"Hash Buckets": 1024,"Original Hash Buckets": 1024,"Hash Batches": 1,"Original Hash Batches": 1,"Peak Memory Usage": 10,"Workers": [],"Plans": [{"Node Type": "Seq Scan","Parent Relationship": "Outer","Parallel Aware": false,"Async Capable": false,"Relation Name": "nation","Alias": "nation","Startup Cost": 0.00,"Total Cost": 1.25,"Plan Rows": 25,"Plan Width": 108,"Actual Startup Time": 0.050,"Actual Total Time": 0.053,"Actual Rows": 25,"Actual Loops": 4,"Workers": []}]}]}]}]}]},"Planning Time": 7.724,"Triggers": [],"Execution Time": 636.921}]
[{"Plan": {"Node Type": "Sort","Parallel Aware": false,"Async Capable": false,"Startup Cost": 128992.79,"Total Cost": 129130.12,"Plan Rows": 54934,"Plan Width": 280,"Actual Startup Time": 576.704,"Actual Total Time": 617.888,"Actual Rows": 37047,"Actual Loops": 1,"Sort Key": ["(sum((lineitem.l_extendedprice * ('1'::numeric - lineitem.l_discount)))) DESC"],"Sort Method": "quicksort","Sort Space Used": 9638,"Sort Space Type": "Memory","Plans": [{"Node Type": "Aggregate","Strategy": "Hashed","Partial Mode": "Simple","Parent Relationship": "Outer","Parallel Aware": false,"Async Capable": false,"Startup Cost": 123981.32,"Total Cost": 124668.00,"Plan Rows": 54934,"Plan Width": 280,"Actual Startup Time": 405.696,"Actual Total Time": 547.631,"Actual Rows": 37047,"Actual Loops": 1,"Group Key": ["customer.c_custkey", "nation.n_name"],"Planned Partitions": 0,"HashAgg Batches": 1,"Peak Memory Usage": 26129,"Disk Usage": 0,"Plans": [{"Node Type": "Gather","Parent Relationship": "Outer","Parallel Aware": false,"Async Capable": false,"Startup Cost": 6765.48,"Total Cost": 123294.65,"Plan Rows": 54934,"Plan Width": 260,"Actual Startup Time": 77.101,"Actual Total Time": 288.603,"Actual Rows": 110515,"Actual Loops": 1,"Workers Planned": 3,"Workers Launched": 3,"Single Copy": false,"Plans": [{"Node Type": "Hash Join","Parent Relationship": "Outer","Parallel Aware": false,"Async Capable": false,"Join Type": "Inner","Startup Cost": 5765.48,"Total Cost": 116801.25,"Plan Rows": 17721,"Plan Width": 260,"Actual Startup Time": 69.802,"Actual Total Time": 351.295,"Actual Rows": 27629,"Actual Loops": 4,"Inner Unique": true,"Hash Cond": "(customer.c_nationkey = nation.n_nationkey)","Workers": [],"Plans": [{"Node Type": "Nested Loop","Parent Relationship": "Outer","Parallel Aware": false,"Async Capable": false,"Join Type": "Inner","Startup Cost": 5763.92,"Total Cost": 116745.28,"Plan Rows": 17721,"Plan Width": 160,"Actual Startup Time": 69.448,"Actual Total Time": 342.448,"Actual Rows": 27629,"Actual Loops": 4,"Inner Unique": false,"Workers": [],"Plans": [{"Node Type": "Hash Join","Parent Relationship": "Outer","Parallel Aware": true,"Async Capable": false,"Join Type": "Inner","Startup Cost": 5763.48,"Total Cost": 32175.66,"Plan Rows": 17995,"Plan Width": 152,"Actual Startup Time": 69.393,"Actual Total Time": 167.356,"Actual Rows": 13816,"Actual Loops": 4,"Inner Unique": true,"Hash Cond": "(orders.o_custkey = customer.c_custkey)","Workers": [],"Plans": [{"Node Type": "Bitmap Heap Scan","Parent Relationship": "Outer","Parallel Aware": true,"Async Capable": false,"Relation Name": "orders","Alias": "orders","Startup Cost": 772.23,"Total Cost": 27137.17,"Plan Rows": 17996,"Plan Width": 8,"Actual Startup Time": 13.220,"Actual Total Time": 67.142,"Actual Rows": 13816,"Actual Loops": 4,"Recheck Cond": "((o_orderdate >= '1993-02-01'::date) AND (o_orderdate < '1993-05-01 00:00:00'::timestamp without time zone))","Rows Removed by Index Recheck": 0,"Exact Heap Blocks": 3458,"Lossy Heap Blocks": 0,"Workers": [],"Plans": [{"Node Type": "Bitmap Index Scan","Parent Relationship": "Outer","Parallel Aware": false,"Async Capable": false,"Index Name": "idx_orders_orderdate","Startup Cost": 0.00,"Total Cost": 758.29,"Plan Rows": 55786,"Plan Width": 0,"Actual Startup Time": 10.104,"Actual Total Time": 10.109,"Actual Rows": 55266,"Actual Loops": 1,"Index Cond": "((o_orderdate >= '1993-02-01'::date) AND (o_orderdate < '1993-05-01 00:00:00'::timestamp without time zone))","Workers": []}]},{"Node Type": "Hash","Parent Relationship": "Inner","Parallel Aware": true,"Async Capable": false,"Startup Cost": 4210.00,"Total Cost": 4210.00,"Plan Rows": 62500,"Plan Width": 148,"Actual Startup Time": 55.605,"Actual Total Time": 55.613,"Actual Rows": 37500,"Actual Loops": 4,"Hash Buckets": 262144,"Original Hash Buckets": 262144,"Hash Batches": 1,"Original Hash Batches": 1,"Peak Memory Usage": 29312,"Workers": [],"Plans": [{"Node Type": "Seq Scan","Parent Relationship": "Outer","Parallel Aware": true,"Async Capable": false,"Relation Name": "customer","Alias": "customer","Startup Cost": 0.00,"Total Cost": 4210.00,"Plan Rows": 62500,"Plan Width": 148,"Actual Startup Time": 0.022,"Actual Total Time": 25.460,"Actual Rows": 37500,"Actual Loops": 4,"Workers": []}]}]},{"Node Type": "Index Scan","Parent Relationship": "Inner","Parallel Aware": false,"Async Capable": false,"Scan Direction": "Forward","Index Name": "idx_lineitem_orderkey","Relation Name": "lineitem","Alias": "lineitem","Startup Cost": 0.43,"Total Cost": 4.66,"Plan Rows": 4,"Plan Width": 16,"Actual Startup Time": 0.010,"Actual Total Time": 0.012,"Actual Rows": 2,"Actual Loops": 55266,"Index Cond": "(l_orderkey = orders.o_orderkey)","Rows Removed by Index Recheck": 0,"Filter": "(l_returnflag = 'R'::bpchar)","Rows Removed by Filter": 2,"Workers": []}]},{"Node Type": "Hash","Parent Relationship": "Inner","Parallel Aware": false,"Async Capable": false,"Startup Cost": 1.25,"Total Cost": 1.25,"Plan Rows": 25,"Plan Width": 108,"Actual Startup Time": 0.078,"Actual Total Time": 0.083,"Actual Rows": 25,"Actual Loops": 4,"Hash Buckets": 1024,"Original Hash Buckets": 1024,"Hash Batches": 1,"Original Hash Batches": 1,"Peak Memory Usage": 10,"Workers": [],"Plans": [{"Node Type": "Seq Scan","Parent Relationship": "Outer","Parallel Aware": false,"Async Capable": false,"Relation Name": "nation","Alias": "nation","Startup Cost": 0.00,"Total Cost": 1.25,"Plan Rows": 25,"Plan Width": 108,"Actual Startup Time": 0.053,"Actual Total Time": 0.057,"Actual Rows": 25,"Actual Loops": 4,"Workers": []}]}]}]}]}]},"Planning Time": 7.802,"Triggers": [],"Execution Time": 623.390}]
[{"Plan": {"Node Type": "Sort","Parallel Aware": false,"Async Capable": false,"Startup Cost": 127549.79,"Total Cost": 127684.44,"Plan Rows": 53858,"Plan Width": 280,"Actual Startup Time": 605.399,"Actual Total Time": 645.666,"Actual Rows": 37880,"Actual Loops": 1,"Sort Key": ["(sum((lineitem.l_extendedprice * ('1'::numeric - lineitem.l_discount)))) DESC"],"Sort Method": "quicksort","Sort Space Used": 9830,"Sort Space Type": "Memory","Plans": [{"Node Type": "Aggregate","Strategy": "Hashed","Partial Mode": "Simple","Parent Relationship": "Outer","Parallel Aware": false,"Async Capable": false,"Startup Cost": 122644.17,"Total Cost": 123317.39,"Plan Rows": 53858,"Plan Width": 280,"Actual Startup Time": 424.771,"Actual Total Time": 574.608,"Actual Rows": 37880,"Actual Loops": 1,"Group Key": ["customer.c_custkey", "nation.n_name"],"Planned Partitions": 0,"HashAgg Batches": 1,"Peak Memory Usage": 26129,"Disk Usage": 0,"Plans": [{"Node Type": "Gather","Parent Relationship": "Outer","Parallel Aware": false,"Async Capable": false,"Startup Cost": 6750.28,"Total Cost": 121970.94,"Plan Rows": 53858,"Plan Width": 260,"Actual Startup Time": 85.178,"Actual Total Time": 295.165,"Actual Rows": 114508,"Actual Loops": 1,"Workers Planned": 3,"Workers Launched": 3,"Single Copy": false,"Plans": [{"Node Type": "Hash Join","Parent Relationship": "Outer","Parallel Aware": false,"Async Capable": false,"Join Type": "Inner","Startup Cost": 5750.28,"Total Cost": 115585.14,"Plan Rows": 17374,"Plan Width": 260,"Actual Startup Time": 78.100,"Actual Total Time": 368.715,"Actual Rows": 28627,"Actual Loops": 4,"Inner Unique": true,"Hash Cond": "(customer.c_nationkey = nation.n_nationkey)","Workers": [],"Plans": [{"Node Type": "Hash Join","Parent Relationship": "Outer","Parallel Aware": true,"Async Capable": false,"Join Type": "Inner","Startup Cost": 5748.71,"Total Cost": 115530.24,"Plan Rows": 17374,"Plan Width": 160,"Actual Startup Time": 77.678,"Actual Total Time": 360.085,"Actual Rows": 28627,"Actual Loops": 4,"Inner Unique": true,"Hash Cond": "(orders.o_custkey = customer.c_custkey)","Workers": [],"Plans": [{"Node Type": "Nested Loop","Parent Relationship": "Outer","Parallel Aware": false,"Async Capable": false,"Join Type": "Inner","Startup Cost": 757.46,"Total Cost": 110493.39,"Plan Rows": 17374,"Plan Width": 16,"Actual Startup Time": 13.130,"Actual Total Time": 256.172,"Actual Rows": 28627,"Actual Loops": 4,"Inner Unique": false,"Workers": [],"Plans": [{"Node Type": "Bitmap Heap Scan","Parent Relationship": "Outer","Parallel Aware": true,"Async Capable": false,"Relation Name": "orders","Alias": "orders","Startup Cost": 757.03,"Total Cost": 27116.67,"Plan Rows": 17643,"Plan Width": 8,"Actual Startup Time": 13.063,"Actual Total Time": 71.665,"Actual Rows": 14273,"Actual Loops": 4,"Recheck Cond": "((o_orderdate >= '1993-05-01'::date) AND (o_orderdate < '1993-08-01 00:00:00'::timestamp without time zone))","Rows Removed by Index Recheck": 0,"Exact Heap Blocks": 3695,"Lossy Heap Blocks": 0,"Workers": [],"Plans": [{"Node Type": "Bitmap Index Scan","Parent Relationship": "Outer","Parallel Aware": false,"Async Capable": false,"Index Name": "idx_orders_orderdate","Startup Cost": 0.00,"Total Cost": 743.36,"Plan Rows": 54693,"Plan Width": 0,"Actual Startup Time": 9.957,"Actual Total Time": 9.964,"Actual Rows": 57093,"Actual Loops": 1,"Index Cond": "((o_orderdate >= '1993-05-01'::date) AND (o_orderdate < '1993-08-01 00:00:00'::timestamp without time zone))","Workers": []}]},{"Node Type": "Index Scan","Parent Relationship": "Inner","Parallel Aware": false,"Async Capable": false,"Scan Direction": "Forward","Index Name": "idx_lineitem_orderkey","Relation Name": "lineitem","Alias": "lineitem","Startup Cost": 0.43,"Total Cost": 4.69,"Plan Rows": 4,"Plan Width": 16,"Actual Startup Time": 0.011,"Actual Total Time": 0.013,"Actual Rows": 2,"Actual Loops": 57093,"Index Cond": "(l_orderkey = orders.o_orderkey)","Rows Removed by Index Recheck": 0,"Filter": "(l_returnflag = 'R'::bpchar)","Rows Removed by Filter": 2,"Workers": []}]},{"Node Type": "Hash","Parent Relationship": "Inner","Parallel Aware": true,"Async Capable": false,"Startup Cost": 4210.00,"Total Cost": 4210.00,"Plan Rows": 62500,"Plan Width": 148,"Actual Startup Time": 63.988,"Actual Total Time": 63.994,"Actual Rows": 37500,"Actual Loops": 4,"Hash Buckets": 262144,"Original Hash Buckets": 262144,"Hash Batches": 1,"Original Hash Batches": 1,"Peak Memory Usage": 29344,"Workers": [],"Plans": [{"Node Type": "Seq Scan","Parent Relationship": "Outer","Parallel Aware": true,"Async Capable": false,"Relation Name": "customer","Alias": "customer","Startup Cost": 0.00,"Total Cost": 4210.00,"Plan Rows": 62500,"Plan Width": 148,"Actual Startup Time": 0.034,"Actual Total Time": 28.777,"Actual Rows": 37500,"Actual Loops": 4,"Workers": []}]}]},{"Node Type": "Hash","Parent Relationship": "Inner","Parallel Aware": false,"Async Capable": false,"Startup Cost": 1.25,"Total Cost": 1.25,"Plan Rows": 25,"Plan Width": 108,"Actual Startup Time": 0.078,"Actual Total Time": 0.083,"Actual Rows": 25,"Actual Loops": 4,"Hash Buckets": 1024,"Original Hash Buckets": 1024,"Hash Batches": 1,"Original Hash Batches": 1,"Peak Memory Usage": 10,"Workers": [],"Plans": [{"Node Type": "Seq Scan","Parent Relationship": "Outer","Parallel Aware": false,"Async Capable": false,"Relation Name": "nation","Alias": "nation","Startup Cost": 0.00,"Total Cost": 1.25,"Plan Rows": 25,"Plan Width": 108,"Actual Startup Time": 0.048,"Actual Total Time": 0.055,"Actual Rows": 25,"Actual Loops": 4,"Workers": []}]}]}]}]}]},"Planning Time": 7.141,"Triggers": [],"Execution Time": 649.992}]
[{"Plan": {"Node Type": "Sort","Parallel Aware": false,"Async Capable": false,"Startup Cost": 130310.74,"Total Cost": 130450.54,"Plan Rows": 55918,"Plan Width": 280,"Actual Startup Time": 603.874,"Actual Total Time": 643.975,"Actual Rows": 37728,"Actual Loops": 1,"Sort Key": ["(sum((lineitem.l_extendedprice * ('1'::numeric - lineitem.l_discount)))) DESC"],"Sort Method": "quicksort","Sort Space Used": 9784,"Sort Space Type": "Memory","Plans": [{"Node Type": "Aggregate","Strategy": "Hashed","Partial Mode": "Simple","Parent Relationship": "Outer","Parallel Aware": false,"Async Capable": false,"Startup Cost": 125202.34,"Total Cost": 125901.32,"Plan Rows": 55918,"Plan Width": 280,"Actual Startup Time": 420.772,"Actual Total Time": 572.027,"Actual Rows": 37728,"Actual Loops": 1,"Group Key": ["customer.c_custkey", "nation.n_name"],"Planned Partitions": 0,"HashAgg Batches": 1,"Peak Memory Usage": 26129,"Disk Usage": 0,"Plans": [{"Node Type": "Gather","Parent Relationship": "Outer","Parallel Aware": false,"Async Capable": false,"Startup Cost": 6779.72,"Total Cost": 124503.37,"Plan Rows": 55918,"Plan Width": 260,"Actual Startup Time": 83.828,"Actual Total Time": 288.561,"Actual Rows": 114106,"Actual Loops": 1,"Workers Planned": 3,"Workers Launched": 3,"Single Copy": false,"Plans": [{"Node Type": "Hash Join","Parent Relationship": "Outer","Parallel Aware": false,"Async Capable": false,"Join Type": "Inner","Startup Cost": 5779.72,"Total Cost": 117911.57,"Plan Rows": 18038,"Plan Width": 260,"Actual Startup Time": 76.669,"Actual Total Time": 363.746,"Actual Rows": 28526,"Actual Loops": 4,"Inner Unique": true,"Hash Cond": "(customer.c_nationkey = nation.n_nationkey)","Workers": [],"Plans": [{"Node Type": "Hash Join","Parent Relationship": "Outer","Parallel Aware": true,"Async Capable": false,"Join Type": "Inner","Startup Cost": 5778.16,"Total Cost": 117854.62,"Plan Rows": 18038,"Plan Width": 160,"Actual Startup Time": 76.278,"Actual Total Time": 354.947,"Actual Rows": 28526,"Actual Loops": 4,"Inner Unique": true,"Hash Cond": "(orders.o_custkey = customer.c_custkey)","Workers": [],"Plans": [{"Node Type": "Nested Loop","Parent Relationship": "Outer","Parallel Aware": false,"Async Capable": false,"Join Type": "Inner","Startup Cost": 786.91,"Total Cost": 112816.03,"Plan Rows": 18038,"Plan Width": 16,"Actual Startup Time": 13.309,"Actual Total Time": 250.189,"Actual Rows": 28526,"Actual Loops": 4,"Inner Unique": false,"Workers": [],"Plans": [{"Node Type": "Bitmap Heap Scan","Parent Relationship": "Outer","Parallel Aware": true,"Async Capable": false,"Relation Name": "orders","Alias": "orders","Startup Cost": 786.47,"Total Cost": 27156.24,"Plan Rows": 18318,"Plan Width": 8,"Actual Startup Time": 13.234,"Actual Total Time": 69.997,"Actual Rows": 14148,"Actual Loops": 4,"Recheck Cond": "((o_orderdate >= '1993-09-01'::date) AND (o_orderdate < '1993-12-01 00:00:00'::timestamp without time zone))","Rows Removed by Index Recheck": 0,"Exact Heap Blocks": 3617,"Lossy Heap Blocks": 0,"Workers": [],"Plans": [{"Node Type": "Bitmap Index Scan","Parent Relationship": "Outer","Parallel Aware": false,"Async Capable": false,"Index Name": "idx_orders_orderdate","Startup Cost": 0.00,"Total Cost": 772.28,"Plan Rows": 56785,"Plan Width": 0,"Actual Startup Time": 10.161,"Actual Total Time": 10.165,"Actual Rows": 56592,"Actual Loops": 1,"Index Cond": "((o_orderdate >= '1993-09-01'::date) AND (o_orderdate < '1993-12-01 00:00:00'::timestamp without time zone))","Workers": []}]},{"Node Type": "Index Scan","Parent Relationship": "Inner","Parallel Aware": false,"Async Capable": false,"Scan Direction": "Forward","Index Name": "idx_lineitem_orderkey","Relation Name": "lineitem","Alias": "lineitem","Startup Cost": 0.43,"Total Cost": 4.64,"Plan Rows": 4,"Plan Width": 16,"Actual Startup Time": 0.010,"Actual Total Time": 0.012,"Actual Rows": 2,"Actual Loops": 56592,"Index Cond": "(l_orderkey = orders.o_orderkey)","Rows Removed by Index Recheck": 0,"Filter": "(l_returnflag = 'R'::bpchar)","Rows Removed by Filter": 2,"Workers": []}]},{"Node Type": "Hash","Parent Relationship": "Inner","Parallel Aware": true,"Async Capable": false,"Startup Cost": 4210.00,"Total Cost": 4210.00,"Plan Rows": 62500,"Plan Width": 148,"Actual Startup Time": 62.426,"Actual Total Time": 62.432,"Actual Rows": 37500,"Actual Loops": 4,"Hash Buckets": 262144,"Original Hash Buckets": 262144,"Hash Batches": 1,"Original Hash Batches": 1,"Peak Memory Usage": 29312,"Workers": [],"Plans": [{"Node Type": "Seq Scan","Parent Relationship": "Outer","Parallel Aware": true,"Async Capable": false,"Relation Name": "customer","Alias": "customer","Startup Cost": 0.00,"Total Cost": 4210.00,"Plan Rows": 62500,"Plan Width": 148,"Actual Startup Time": 0.023,"Actual Total Time": 26.530,"Actual Rows": 37500,"Actual Loops": 4,"Workers": []}]}]},{"Node Type": "Hash","Parent Relationship": "Inner","Parallel Aware": false,"Async Capable": false,"Startup Cost": 1.25,"Total Cost": 1.25,"Plan Rows": 25,"Plan Width": 108,"Actual Startup Time": 0.095,"Actual Total Time": 0.100,"Actual Rows": 25,"Actual Loops": 4,"Hash Buckets": 1024,"Original Hash Buckets": 1024,"Hash Batches": 1,"Original Hash Batches": 1,"Peak Memory Usage": 10,"Workers": [],"Plans": [{"Node Type": "Seq Scan","Parent Relationship": "Outer","Parallel Aware": false,"Async Capable": false,"Relation Name": "nation","Alias": "nation","Startup Cost": 0.00,"Total Cost": 1.25,"Plan Rows": 25,"Plan Width": 108,"Actual Startup Time": 0.059,"Actual Total Time": 0.065,"Actual Rows": 25,"Actual Loops": 4,"Workers": []}]}]}]}]}]},"Planning Time": 7.546,"Triggers": [],"Execution Time": 648.224}]
[{"Plan": {"Node Type": "Sort","Parallel Aware": false,"Async Capable": false,"Startup Cost": 132365.07,"Total Cost": 132508.74,"Plan Rows": 57466,"Plan Width": 280,"Actual Startup Time": 604.092,"Actual Total Time": 644.113,"Actual Rows": 37690,"Actual Loops": 1,"Sort Key": ["(sum((lineitem.l_extendedprice * ('1'::numeric - lineitem.l_discount)))) DESC"],"Sort Method": "quicksort","Sort Space Used": 9779,"Sort Space Type": "Memory","Plans": [{"Node Type": "Aggregate","Strategy": "Hashed","Partial Mode": "Simple","Parent Relationship": "Outer","Parallel Aware": false,"Async Capable": false,"Startup Cost": 127103.94,"Total Cost": 127822.26,"Plan Rows": 57466,"Plan Width": 280,"Actual Startup Time": 420.502,"Actual Total Time": 570.586,"Actual Rows": 37690,"Actual Loops": 1,"Group Key": ["customer.c_custkey", "nation.n_name"],"Planned Partitions": 0,"HashAgg Batches": 1,"Peak Memory Usage": 26129,"Disk Usage": 0,"Plans": [{"Node Type": "Gather","Parent Relationship": "Outer","Parallel Aware": false,"Async Capable": false,"Startup Cost": 6799.83,"Total Cost": 126385.61,"Plan Rows": 57466,"Plan Width": 260,"Actual Startup Time": 84.807,"Actual Total Time": 291.020,"Actual Rows": 113599,"Actual Loops": 1,"Workers Planned": 3,"Workers Launched": 3,"Single Copy": false,"Plans": [{"Node Type": "Hash Join","Parent Relationship": "Outer","Parallel Aware": false,"Async Capable": false,"Join Type": "Inner","Startup Cost": 5799.83,"Total Cost": 119639.01,"Plan Rows": 18537,"Plan Width": 260,"Actual Startup Time": 77.448,"Actual Total Time": 365.330,"Actual Rows": 28400,"Actual Loops": 4,"Inner Unique": true,"Hash Cond": "(customer.c_nationkey = nation.n_nationkey)","Workers": [],"Plans": [{"Node Type": "Hash Join","Parent Relationship": "Outer","Parallel Aware": true,"Async Capable": false,"Join Type": "Inner","Startup Cost": 5798.27,"Total Cost": 119580.55,"Plan Rows": 18537,"Plan Width": 160,"Actual Startup Time": 76.978,"Actual Total Time": 356.100,"Actual Rows": 28400,"Actual Loops": 4,"Inner Unique": true,"Hash Cond": "(orders.o_custkey = customer.c_custkey)","Workers": [],"Plans": [{"Node Type": "Nested Loop","Parent Relationship": "Outer","Parallel Aware": false,"Async Capable": false,"Join Type": "Inner","Startup Cost": 807.02,"Total Cost": 114540.64,"Plan Rows": 18537,"Plan Width": 16,"Actual Startup Time": 13.069,"Actual Total Time": 252.235,"Actual Rows": 28400,"Actual Loops": 4,"Inner Unique": false,"Workers": [],"Plans": [{"Node Type": "Bitmap Heap Scan","Parent Relationship": "Outer","Parallel Aware": true,"Async Capable": false,"Relation Name": "orders","Alias": "orders","Startup Cost": 806.59,"Total Cost": 27183.96,"Plan Rows": 18825,"Plan Width": 8,"Actual Startup Time": 13.002,"Actual Total Time": 70.665,"Actual Rows": 14161,"Actual Loops": 4,"Recheck Cond": "((o_orderdate >= '1994-04-01'::date) AND (o_orderdate < '1994-07-01 00:00:00'::timestamp without time zone))","Rows Removed by Index Recheck": 0,"Exact Heap Blocks": 3668,"Lossy Heap Blocks": 0,"Workers": [],"Plans": [{"Node Type": "Bitmap Index Scan","Parent Relationship": "Outer","Parallel Aware": false,"Async Capable": false,"Index Name": "idx_orders_orderdate","Startup Cost": 0.00,"Total Cost": 792.00,"Plan Rows": 58357,"Plan Width": 0,"Actual Startup Time": 9.907,"Actual Total Time": 9.915,"Actual Rows": 56645,"Actual Loops": 1,"Index Cond": "((o_orderdate >= '1994-04-01'::date) AND (o_orderdate < '1994-07-01 00:00:00'::timestamp without time zone))","Workers": []}]},{"Node Type": "Index Scan","Parent Relationship": "Inner","Parallel Aware": false,"Async Capable": false,"Scan Direction": "Forward","Index Name": "idx_lineitem_orderkey","Relation Name": "lineitem","Alias": "lineitem","Startup Cost": 0.43,"Total Cost": 4.60,"Plan Rows": 4,"Plan Width": 16,"Actual Startup Time": 0.010,"Actual Total Time": 0.012,"Actual Rows": 2,"Actual Loops": 56645,"Index Cond": "(l_orderkey = orders.o_orderkey)","Rows Removed by Index Recheck": 0,"Filter": "(l_returnflag = 'R'::bpchar)","Rows Removed by Filter": 2,"Workers": []}]},{"Node Type": "Hash","Parent Relationship": "Inner","Parallel Aware": true,"Async Capable": false,"Startup Cost": 4210.00,"Total Cost": 4210.00,"Plan Rows": 62500,"Plan Width": 148,"Actual Startup Time": 63.332,"Actual Total Time": 63.338,"Actual Rows": 37500,"Actual Loops": 4,"Hash Buckets": 262144,"Original Hash Buckets": 262144,"Hash Batches": 1,"Original Hash Batches": 1,"Peak Memory Usage": 29344,"Workers": [],"Plans": [{"Node Type": "Seq Scan","Parent Relationship": "Outer","Parallel Aware": true,"Async Capable": false,"Relation Name": "customer","Alias": "customer","Startup Cost": 0.00,"Total Cost": 4210.00,"Plan Rows": 62500,"Plan Width": 148,"Actual Startup Time": 0.025,"Actual Total Time": 28.533,"Actual Rows": 37500,"Actual Loops": 4,"Workers": []}]}]},{"Node Type": "Hash","Parent Relationship": "Inner","Parallel Aware": false,"Async Capable": false,"Startup Cost": 1.25,"Total Cost": 1.25,"Plan Rows": 25,"Plan Width": 108,"Actual Startup Time": 0.107,"Actual Total Time": 0.110,"Actual Rows": 25,"Actual Loops": 4,"Hash Buckets": 1024,"Original Hash Buckets": 1024,"Hash Batches": 1,"Original Hash Batches": 1,"Peak Memory Usage": 10,"Workers": [],"Plans": [{"Node Type": "Seq Scan","Parent Relationship": "Outer","Parallel Aware": false,"Async Capable": false,"Relation Name": "nation","Alias": "nation","Startup Cost": 0.00,"Total Cost": 1.25,"Plan Rows": 25,"Plan Width": 108,"Actual Startup Time": 0.074,"Actual Total Time": 0.080,"Actual Rows": 25,"Actual Loops": 4,"Workers": []}]}]}]}]}]},"Planning Time": 6.317,"Triggers": [],"Execution Time": 648.403}]
[{"Plan": {"Node Type": "Sort","Parallel Aware": false,"Async Capable": false,"Startup Cost": 128992.79,"Total Cost": 129130.12,"Plan Rows": 54934,"Plan Width": 280,"Actual Startup Time": 576.704,"Actual Total Time": 617.888,"Actual Rows": 37047,"Actual Loops": 1,"Sort Key": ["(sum((lineitem.l_extendedprice * ('1'::numeric - lineitem.l_discount)))) DESC"],"Sort Method": "quicksort","Sort Space Used": 9638,"Sort Space Type": "Memory","Plans": [{"Node Type": "Aggregate","Strategy": "Hashed","Partial Mode": "Simple","Parent Relationship": "Outer","Parallel Aware": false,"Async Capable": false,"Startup Cost": 123981.32,"Total Cost": 124668.00,"Plan Rows": 54934,"Plan Width": 280,"Actual Startup Time": 405.696,"Actual Total Time": 547.631,"Actual Rows": 37047,"Actual Loops": 1,"Group Key": ["customer.c_custkey", "nation.n_name"],"Planned Partitions": 0,"HashAgg Batches": 1,"Peak Memory Usage": 26129,"Disk Usage": 0,"Plans": [{"Node Type": "Gather","Parent Relationship": "Outer","Parallel Aware": false,"Async Capable": false,"Startup Cost": 6765.48,"Total Cost": 123294.65,"Plan Rows": 54934,"Plan Width": 260,"Actual Startup Time": 77.101,"Actual Total Time": 288.603,"Actual Rows": 110515,"Actual Loops": 1,"Workers Planned": 3,"Workers Launched": 3,"Single Copy": false,"Plans": [{"Node Type": "Hash Join","Parent Relationship": "Outer","Parallel Aware": false,"Async Capable": false,"Join Type": "Inner","Startup Cost": 5765.48,"Total Cost": 116801.25,"Plan Rows": 17721,"Plan Width": 260,"Actual Startup Time": 69.802,"Actual Total Time": 351.295,"Actual Rows": 27629,"Actual Loops": 4,"Inner Unique": true,"Hash Cond": "(customer.c_nationkey = nation.n_nationkey)","Workers": [],"Plans": [{"Node Type": "Nested Loop","Parent Relationship": "Outer","Parallel Aware": false,"Async Capable": false,"Join Type": "Inner","Startup Cost": 5763.92,"Total Cost": 116745.28,"Plan Rows": 17721,"Plan Width": 160,"Actual Startup Time": 69.448,"Actual Total Time": 342.448,"Actual Rows": 27629,"Actual Loops": 4,"Inner Unique": false,"Workers": [],"Plans": [{"Node Type": "Hash Join","Parent Relationship": "Outer","Parallel Aware": true,"Async Capable": false,"Join Type": "Inner","Startup Cost": 5763.48,"Total Cost": 32175.66,"Plan Rows": 17995,"Plan Width": 152,"Actual Startup Time": 69.393,"Actual Total Time": 167.356,"Actual Rows": 13816,"Actual Loops": 4,"Inner Unique": true,"Hash Cond": "(orders.o_custkey = customer.c_custkey)","Workers": [],"Plans": [{"Node Type": "Bitmap Heap Scan","Parent Relationship": "Outer","Parallel Aware": true,"Async Capable": false,"Relation Name": "orders","Alias": "orders","Startup Cost": 772.23,"Total Cost": 27137.17,"Plan Rows": 17996,"Plan Width": 8,"Actual Startup Time": 13.220,"Actual Total Time": 67.142,"Actual Rows": 13816,"Actual Loops": 4,"Recheck Cond": "((o_orderdate >= '1993-02-01'::date) AND (o_orderdate < '1993-05-01 00:00:00'::timestamp without time zone))","Rows Removed by Index Recheck": 0,"Exact Heap Blocks": 3458,"Lossy Heap Blocks": 0,"Workers": [],"Plans": [{"Node Type": "Bitmap Index Scan","Parent Relationship": "Outer","Parallel Aware": false,"Async Capable": false,"Index Name": "idx_orders_orderdate","Startup Cost": 0.00,"Total Cost": 758.29,"Plan Rows": 55786,"Plan Width": 0,"Actual Startup Time": 10.104,"Actual Total Time": 10.109,"Actual Rows": 55266,"Actual Loops": 1,"Index Cond": "((o_orderdate >= '1993-02-01'::date) AND (o_orderdate < '1993-05-01 00:00:00'::timestamp without time zone))","Workers": []}]},{"Node Type": "Hash","Parent Relationship": "Inner","Parallel Aware": true,"Async Capable": false,"Startup Cost": 4210.00,"Total Cost": 4210.00,"Plan Rows": 62500,"Plan Width": 148,"Actual Startup Time": 55.605,"Actual Total Time": 55.613,"Actual Rows": 37500,"Actual Loops": 4,"Hash Buckets": 262144,"Original Hash Buckets": 262144,"Hash Batches": 1,"Original Hash Batches": 1,"Peak Memory Usage": 29312,"Workers": [],"Plans": [{"Node Type": "Seq Scan","Parent Relationship": "Outer","Parallel Aware": true,"Async Capable": false,"Relation Name": "customer","Alias": "customer","Startup Cost": 0.00,"Total Cost": 4210.00,"Plan Rows": 62500,"Plan Width": 148,"Actual Startup Time": 0.022,"Actual Total Time": 25.460,"Actual Rows": 37500,"Actual Loops": 4,"Workers": []}]}]},{"Node Type": "Index Scan","Parent Relationship": "Inner","Parallel Aware": false,"Async Capable": false,"Scan Direction": "Forward","Index Name": "idx_lineitem_orderkey","Relation Name": "lineitem","Alias": "lineitem","Startup Cost": 0.43,"Total Cost": 4.66,"Plan Rows": 4,"Plan Width": 16,"Actual Startup Time": 0.010,"Actual Total Time": 0.012,"Actual Rows": 2,"Actual Loops": 55266,"Index Cond": "(l_orderkey = orders.o_orderkey)","Rows Removed by Index Recheck": 0,"Filter": "(l_returnflag = 'R'::bpchar)","Rows Removed by Filter": 2,"Workers": []}]},{"Node Type": "Hash","Parent Relationship": "Inner","Parallel Aware": false,"Async Capable": false,"Startup Cost": 1.25,"Total Cost": 1.25,"Plan Rows": 25,"Plan Width": 108,"Actual Startup Time": 0.078,"Actual Total Time": 0.083,"Actual Rows": 25,"Actual Loops": 4,"Hash Buckets": 1024,"Original Hash Buckets": 1024,"Hash Batches": 1,"Original Hash Batches": 1,"Peak Memory Usage": 10,"Workers": [],"Plans": [{"Node Type": "Seq Scan","Parent Relationship": "Outer","Parallel Aware": false,"Async Capable": false,"Relation Name": "nation","Alias": "nation","Startup Cost": 0.00,"Total Cost": 1.25,"Plan Rows": 25,"Plan Width": 108,"Actual Startup Time": 0.053,"Actual Total Time": 0.057,"Actual Rows": 25,"Actual Loops": 4,"Workers": []}]}]}]}]}]},"Planning Time": 7.802,"Triggers": [],"Execution Time": 623.390}]
[{"Plan": {"Node Type": "Sort","Parallel Aware": false,"Async Capable": false,"Startup Cost": 132582.38,"Total Cost": 132726.46,"Plan Rows": 57631,"Plan Width": 280,"Actual Startup Time": 594.605,"Actual Total Time": 635.479,"Actual Rows": 38076,"Actual Loops": 1,"Sort Key": ["(sum((lineitem.l_extendedprice * ('1'::numeric - lineitem.l_discount)))) DESC"],"Sort Method": "quicksort","Sort Space Used": 9866,"Sort Space Type": "Memory","Plans": [{"Node Type": "Aggregate","Strategy": "Hashed","Partial Mode": "Simple","Parent Relationship": "Outer","Parallel Aware": false,"Async Capable": false,"Startup Cost": 127304.95,"Total Cost": 128025.33,"Plan Rows": 57631,"Plan Width": 280,"Actual Startup Time": 413.856,"Actual Total Time": 559.474,"Actual Rows": 38076,"Actual Loops": 1,"Group Key": ["customer.c_custkey", "nation.n_name"],"Planned Partitions": 0,"HashAgg Batches": 1,"Peak Memory Usage": 26129,"Disk Usage": 0,"Plans": [{"Node Type": "Gather","Parent Relationship": "Outer","Parallel Aware": false,"Async Capable": false,"Startup Cost": 6801.55,"Total Cost": 126584.56,"Plan Rows": 57631,"Plan Width": 260,"Actual Startup Time": 77.339,"Actual Total Time": 288.422,"Actual Rows": 114347,"Actual Loops": 1,"Workers Planned": 3,"Workers Launched": 3,"Single Copy": false,"Plans": [{"Node Type": "Hash Join","Parent Relationship": "Outer","Parallel Aware": false,"Async Capable": false,"Join Type": "Inner","Startup Cost": 5801.55,"Total Cost": 119821.46,"Plan Rows": 18591,"Plan Width": 260,"Actual Startup Time": 69.518,"Actual Total Time": 357.514,"Actual Rows": 28587,"Actual Loops": 4,"Inner Unique": true,"Hash Cond": "(customer.c_nationkey = nation.n_nationkey)","Workers": [],"Plans": [{"Node Type": "Hash Join","Parent Relationship": "Outer","Parallel Aware": true,"Async Capable": false,"Join Type": "Inner","Startup Cost": 5799.99,"Total Cost": 119762.82,"Plan Rows": 18591,"Plan Width": 160,"Actual Startup Time": 69.031,"Actual Total Time": 348.106,"Actual Rows": 28587,"Actual Loops": 4,"Inner Unique": true,"Hash Cond": "(orders.o_custkey = customer.c_custkey)","Workers": [],"Plans": [{"Node Type": "Nested Loop","Parent Relationship": "Outer","Parallel Aware": false,"Async Capable": false,"Join Type": "Inner","Startup Cost": 808.74,"Total Cost": 114722.77,"Plan Rows": 18591,"Plan Width": 16,"Actual Startup Time": 13.204,"Actual Total Time": 250.327,"Actual Rows": 28587,"Actual Loops": 4,"Inner Unique": false,"Workers": [],"Plans": [{"Node Type": "Bitmap Heap Scan","Parent Relationship": "Outer","Parallel Aware": true,"Async Capable": false,"Relation Name": "orders","Alias": "orders","Startup Cost": 808.31,"Total Cost": 27186.49,"Plan Rows": 18879,"Plan Width": 8,"Actual Startup Time": 13.115,"Actual Total Time": 71.395,"Actual Rows": 14278,"Actual Loops": 4,"Recheck Cond": "((o_orderdate >= '1994-08-01'::date) AND (o_orderdate < '1994-11-01 00:00:00'::timestamp without time zone))","Rows Removed by Index Recheck": 0,"Exact Heap Blocks": 3565,"Lossy Heap Blocks": 0,"Workers": [],"Plans": [{"Node Type": "Bitmap Index Scan","Parent Relationship": "Outer","Parallel Aware": false,"Async Capable": false,"Index Name": "idx_orders_orderdate","Startup Cost": 0.00,"Total Cost": 793.68,"Plan Rows": 58525,"Plan Width": 0,"Actual Startup Time": 9.999,"Actual Total Time": 10.002,"Actual Rows": 57111,"Actual Loops": 1,"Index Cond": "((o_orderdate >= '1994-08-01'::date) AND (o_orderdate < '1994-11-01 00:00:00'::timestamp without time zone))","Workers": []}]},{"Node Type": "Index Scan","Parent Relationship": "Inner","Parallel Aware": false,"Async Capable": false,"Scan Direction": "Forward","Index Name": "idx_lineitem_orderkey","Relation Name": "lineitem","Alias": "lineitem","Startup Cost": 0.43,"Total Cost": 4.60,"Plan Rows": 4,"Plan Width": 16,"Actual Startup Time": 0.010,"Actual Total Time": 0.012,"Actual Rows": 2,"Actual Loops": 57111,"Index Cond": "(l_orderkey = orders.o_orderkey)","Rows Removed by Index Recheck": 0,"Filter": "(l_returnflag = 'R'::bpchar)","Rows Removed by Filter": 2,"Workers": []}]},{"Node Type": "Hash","Parent Relationship": "Inner","Parallel Aware": true,"Async Capable": false,"Startup Cost": 4210.00,"Total Cost": 4210.00,"Plan Rows": 62500,"Plan Width": 148,"Actual Startup Time": 55.208,"Actual Total Time": 55.214,"Actual Rows": 37500,"Actual Loops": 4,"Hash Buckets": 262144,"Original Hash Buckets": 262144,"Hash Batches": 1,"Original Hash Batches": 1,"Peak Memory Usage": 29312,"Workers": [],"Plans": [{"Node Type": "Seq Scan","Parent Relationship": "Outer","Parallel Aware": true,"Async Capable": false,"Relation Name": "customer","Alias": "customer","Startup Cost": 0.00,"Total Cost": 4210.00,"Plan Rows": 62500,"Plan Width": 148,"Actual Startup Time": 0.029,"Actual Total Time": 24.765,"Actual Rows": 37500,"Actual Loops": 4,"Workers": []}]}]},{"Node Type": "Hash","Parent Relationship": "Inner","Parallel Aware": false,"Async Capable": false,"Startup Cost": 1.25,"Total Cost": 1.25,"Plan Rows": 25,"Plan Width": 108,"Actual Startup Time": 0.096,"Actual Total Time": 0.101,"Actual Rows": 25,"Actual Loops": 4,"Hash Buckets": 1024,"Original Hash Buckets": 1024,"Hash Batches": 1,"Original Hash Batches": 1,"Peak Memory Usage": 10,"Workers": [],"Plans": [{"Node Type": "Seq Scan","Parent Relationship": "Outer","Parallel Aware": false,"Async Capable": false,"Relation Name": "nation","Alias": "nation","Startup Cost": 0.00,"Total Cost": 1.25,"Plan Rows": 25,"Plan Width": 108,"Actual Startup Time": 0.058,"Actual Total Time": 0.064,"Actual Rows": 25,"Actual Loops": 4,"Workers": []}]}]}]}]}]},"Planning Time": 6.903,"Triggers": [],"Execution Time": 641.389}]
[{"Plan": {"Node Type": "Sort","Parallel Aware": false,"Async Capable": false,"Startup Cost": 132365.07,"Total Cost": 132508.74,"Plan Rows": 57466,"Plan Width": 280,"Actual Startup Time": 604.092,"Actual Total Time": 644.113,"Actual Rows": 37690,"Actual Loops": 1,"Sort Key": ["(sum((lineitem.l_extendedprice * ('1'::numeric - lineitem.l_discount)))) DESC"],"Sort Method": "quicksort","Sort Space Used": 9779,"Sort Space Type": "Memory","Plans": [{"Node Type": "Aggregate","Strategy": "Hashed","Partial Mode": "Simple","Parent Relationship": "Outer","Parallel Aware": false,"Async Capable": false,"Startup Cost": 127103.94,"Total Cost": 127822.26,"Plan Rows": 57466,"Plan Width": 280,"Actual Startup Time": 420.502,"Actual Total Time": 570.586,"Actual Rows": 37690,"Actual Loops": 1,"Group Key": ["customer.c_custkey", "nation.n_name"],"Planned Partitions": 0,"HashAgg Batches": 1,"Peak Memory Usage": 26129,"Disk Usage": 0,"Plans": [{"Node Type": "Gather","Parent Relationship": "Outer","Parallel Aware": false,"Async Capable": false,"Startup Cost": 6799.83,"Total Cost": 126385.61,"Plan Rows": 57466,"Plan Width": 260,"Actual Startup Time": 84.807,"Actual Total Time": 291.020,"Actual Rows": 113599,"Actual Loops": 1,"Workers Planned": 3,"Workers Launched": 3,"Single Copy": false,"Plans": [{"Node Type": "Hash Join","Parent Relationship": "Outer","Parallel Aware": false,"Async Capable": false,"Join Type": "Inner","Startup Cost": 5799.83,"Total Cost": 119639.01,"Plan Rows": 18537,"Plan Width": 260,"Actual Startup Time": 77.448,"Actual Total Time": 365.330,"Actual Rows": 28400,"Actual Loops": 4,"Inner Unique": true,"Hash Cond": "(customer.c_nationkey = nation.n_nationkey)","Workers": [],"Plans": [{"Node Type": "Hash Join","Parent Relationship": "Outer","Parallel Aware": true,"Async Capable": false,"Join Type": "Inner","Startup Cost": 5798.27,"Total Cost": 119580.55,"Plan Rows": 18537,"Plan Width": 160,"Actual Startup Time": 76.978,"Actual Total Time": 356.100,"Actual Rows": 28400,"Actual Loops": 4,"Inner Unique": true,"Hash Cond": "(orders.o_custkey = customer.c_custkey)","Workers": [],"Plans": [{"Node Type": "Nested Loop","Parent Relationship": "Outer","Parallel Aware": false,"Async Capable": false,"Join Type": "Inner","Startup Cost": 807.02,"Total Cost": 114540.64,"Plan Rows": 18537,"Plan Width": 16,"Actual Startup Time": 13.069,"Actual Total Time": 252.235,"Actual Rows": 28400,"Actual Loops": 4,"Inner Unique": false,"Workers": [],"Plans": [{"Node Type": "Bitmap Heap Scan","Parent Relationship": "Outer","Parallel Aware": true,"Async Capable": false,"Relation Name": "orders","Alias": "orders","Startup Cost": 806.59,"Total Cost": 27183.96,"Plan Rows": 18825,"Plan Width": 8,"Actual Startup Time": 13.002,"Actual Total Time": 70.665,"Actual Rows": 14161,"Actual Loops": 4,"Recheck Cond": "((o_orderdate >= '1994-04-01'::date) AND (o_orderdate < '1994-07-01 00:00:00'::timestamp without time zone))","Rows Removed by Index Recheck": 0,"Exact Heap Blocks": 3668,"Lossy Heap Blocks": 0,"Workers": [],"Plans": [{"Node Type": "Bitmap Index Scan","Parent Relationship": "Outer","Parallel Aware": false,"Async Capable": false,"Index Name": "idx_orders_orderdate","Startup Cost": 0.00,"Total Cost": 792.00,"Plan Rows": 58357,"Plan Width": 0,"Actual Startup Time": 9.907,"Actual Total Time": 9.915,"Actual Rows": 56645,"Actual Loops": 1,"Index Cond": "((o_orderdate >= '1994-04-01'::date) AND (o_orderdate < '1994-07-01 00:00:00'::timestamp without time zone))","Workers": []}]},{"Node Type": "Index Scan","Parent Relationship": "Inner","Parallel Aware": false,"Async Capable": false,"Scan Direction": "Forward","Index Name": "idx_lineitem_orderkey","Relation Name": "lineitem","Alias": "lineitem","Startup Cost": 0.43,"Total Cost": 4.60,"Plan Rows": 4,"Plan Width": 16,"Actual Startup Time": 0.010,"Actual Total Time": 0.012,"Actual Rows": 2,"Actual Loops": 56645,"Index Cond": "(l_orderkey = orders.o_orderkey)","Rows Removed by Index Recheck": 0,"Filter": "(l_returnflag = 'R'::bpchar)","Rows Removed by Filter": 2,"Workers": []}]},{"Node Type": "Hash","Parent Relationship": "Inner","Parallel Aware": true,"Async Capable": false,"Startup Cost": 4210.00,"Total Cost": 4210.00,"Plan Rows": 62500,"Plan Width": 148,"Actual Startup Time": 63.332,"Actual Total Time": 63.338,"Actual Rows": 37500,"Actual Loops": 4,"Hash Buckets": 262144,"Original Hash Buckets": 262144,"Hash Batches": 1,"Original Hash Batches": 1,"Peak Memory Usage": 29344,"Workers": [],"Plans": [{"Node Type": "Seq Scan","Parent Relationship": "Outer","Parallel Aware": true,"Async Capable": false,"Relation Name": "customer","Alias": "customer","Startup Cost": 0.00,"Total Cost": 4210.00,"Plan Rows": 62500,"Plan Width": 148,"Actual Startup Time": 0.025,"Actual Total Time": 28.533,"Actual Rows": 37500,"Actual Loops": 4,"Workers": []}]}]},{"Node Type": "Hash","Parent Relationship": "Inner","Parallel Aware": false,"Async Capable": false,"Startup Cost": 1.25,"Total Cost": 1.25,"Plan Rows": 25,"Plan Width": 108,"Actual Startup Time": 0.107,"Actual Total Time": 0.110,"Actual Rows": 25,"Actual Loops": 4,"Hash Buckets": 1024,"Original Hash Buckets": 1024,"Hash Batches": 1,"Original Hash Batches": 1,"Peak Memory Usage": 10,"Workers": [],"Plans": [{"Node Type": "Seq Scan","Parent Relationship": "Outer","Parallel Aware": false,"Async Capable": false,"Relation Name": "nation","Alias": "nation","Startup Cost": 0.00,"Total Cost": 1.25,"Plan Rows": 25,"Plan Width": 108,"Actual Startup Time": 0.074,"Actual Total Time": 0.080,"Actual Rows": 25,"Actual Loops": 4,"Workers": []}]}]}]}]}]},"Planning Time": 6.317,"Triggers": [],"Execution Time": 648.403}]
[{"Plan": {"Node Type": "Sort","Parallel Aware": false,"Async Capable": false,"Startup Cost": 130310.74,"Total Cost": 130450.54,"Plan Rows": 55918,"Plan Width": 280,"Actual Startup Time": 603.874,"Actual Total Time": 643.975,"Actual Rows": 37728,"Actual Loops": 1,"Sort Key": ["(sum((lineitem.l_extendedprice * ('1'::numeric - lineitem.l_discount)))) DESC"],"Sort Method": "quicksort","Sort Space Used": 9784,"Sort Space Type": "Memory","Plans": [{"Node Type": "Aggregate","Strategy": "Hashed","Partial Mode": "Simple","Parent Relationship": "Outer","Parallel Aware": false,"Async Capable": false,"Startup Cost": 125202.34,"Total Cost": 125901.32,"Plan Rows": 55918,"Plan Width": 280,"Actual Startup Time": 420.772,"Actual Total Time": 572.027,"Actual Rows": 37728,"Actual Loops": 1,"Group Key": ["customer.c_custkey", "nation.n_name"],"Planned Partitions": 0,"HashAgg Batches": 1,"Peak Memory Usage": 26129,"Disk Usage": 0,"Plans": [{"Node Type": "Gather","Parent Relationship": "Outer","Parallel Aware": false,"Async Capable": false,"Startup Cost": 6779.72,"Total Cost": 124503.37,"Plan Rows": 55918,"Plan Width": 260,"Actual Startup Time": 83.828,"Actual Total Time": 288.561,"Actual Rows": 114106,"Actual Loops": 1,"Workers Planned": 3,"Workers Launched": 3,"Single Copy": false,"Plans": [{"Node Type": "Hash Join","Parent Relationship": "Outer","Parallel Aware": false,"Async Capable": false,"Join Type": "Inner","Startup Cost": 5779.72,"Total Cost": 117911.57,"Plan Rows": 18038,"Plan Width": 260,"Actual Startup Time": 76.669,"Actual Total Time": 363.746,"Actual Rows": 28526,"Actual Loops": 4,"Inner Unique": true,"Hash Cond": "(customer.c_nationkey = nation.n_nationkey)","Workers": [],"Plans": [{"Node Type": "Hash Join","Parent Relationship": "Outer","Parallel Aware": true,"Async Capable": false,"Join Type": "Inner","Startup Cost": 5778.16,"Total Cost": 117854.62,"Plan Rows": 18038,"Plan Width": 160,"Actual Startup Time": 76.278,"Actual Total Time": 354.947,"Actual Rows": 28526,"Actual Loops": 4,"Inner Unique": true,"Hash Cond": "(orders.o_custkey = customer.c_custkey)","Workers": [],"Plans": [{"Node Type": "Nested Loop","Parent Relationship": "Outer","Parallel Aware": false,"Async Capable": false,"Join Type": "Inner","Startup Cost": 786.91,"Total Cost": 112816.03,"Plan Rows": 18038,"Plan Width": 16,"Actual Startup Time": 13.309,"Actual Total Time": 250.189,"Actual Rows": 28526,"Actual Loops": 4,"Inner Unique": false,"Workers": [],"Plans": [{"Node Type": "Bitmap Heap Scan","Parent Relationship": "Outer","Parallel Aware": true,"Async Capable": false,"Relation Name": "orders","Alias": "orders","Startup Cost": 786.47,"Total Cost": 27156.24,"Plan Rows": 18318,"Plan Width": 8,"Actual Startup Time": 13.234,"Actual Total Time": 69.997,"Actual Rows": 14148,"Actual Loops": 4,"Recheck Cond": "((o_orderdate >= '1993-09-01'::date) AND (o_orderdate < '1993-12-01 00:00:00'::timestamp without time zone))","Rows Removed by Index Recheck": 0,"Exact Heap Blocks": 3617,"Lossy Heap Blocks": 0,"Workers": [],"Plans": [{"Node Type": "Bitmap Index Scan","Parent Relationship": "Outer","Parallel Aware": false,"Async Capable": false,"Index Name": "idx_orders_orderdate","Startup Cost": 0.00,"Total Cost": 772.28,"Plan Rows": 56785,"Plan Width": 0,"Actual Startup Time": 10.161,"Actual Total Time": 10.165,"Actual Rows": 56592,"Actual Loops": 1,"Index Cond": "((o_orderdate >= '1993-09-01'::date) AND (o_orderdate < '1993-12-01 00:00:00'::timestamp without time zone))","Workers": []}]},{"Node Type": "Index Scan","Parent Relationship": "Inner","Parallel Aware": false,"Async Capable": false,"Scan Direction": "Forward","Index Name": "idx_lineitem_orderkey","Relation Name": "lineitem","Alias": "lineitem","Startup Cost": 0.43,"Total Cost": 4.64,"Plan Rows": 4,"Plan Width": 16,"Actual Startup Time": 0.010,"Actual Total Time": 0.012,"Actual Rows": 2,"Actual Loops": 56592,"Index Cond": "(l_orderkey = orders.o_orderkey)","Rows Removed by Index Recheck": 0,"Filter": "(l_returnflag = 'R'::bpchar)","Rows Removed by Filter": 2,"Workers": []}]},{"Node Type": "Hash","Parent Relationship": "Inner","Parallel Aware": true,"Async Capable": false,"Startup Cost": 4210.00,"Total Cost": 4210.00,"Plan Rows": 62500,"Plan Width": 148,"Actual Startup Time": 62.426,"Actual Total Time": 62.432,"Actual Rows": 37500,"Actual Loops": 4,"Hash Buckets": 262144,"Original Hash Buckets": 262144,"Hash Batches": 1,"Original Hash Batches": 1,"Peak Memory Usage": 29312,"Workers": [],"Plans": [{"Node Type": "Seq Scan","Parent Relationship": "Outer","Parallel Aware": true,"Async Capable": false,"Relation Name": "customer","Alias": "customer","Startup Cost": 0.00,"Total Cost": 4210.00,"Plan Rows": 62500,"Plan Width": 148,"Actual Startup Time": 0.023,"Actual Total Time": 26.530,"Actual Rows": 37500,"Actual Loops": 4,"Workers": []}]}]},{"Node Type": "Hash","Parent Relationship": "Inner","Parallel Aware": false,"Async Capable": false,"Startup Cost": 1.25,"Total Cost": 1.25,"Plan Rows": 25,"Plan Width": 108,"Actual Startup Time": 0.095,"Actual Total Time": 0.100,"Actual Rows": 25,"Actual Loops": 4,"Hash Buckets": 1024,"Original Hash Buckets": 1024,"Hash Batches": 1,"Original Hash Batches": 1,"Peak Memory Usage": 10,"Workers": [],"Plans": [{"Node Type": "Seq Scan","Parent Relationship": "Outer","Parallel Aware": false,"Async Capable": false,"Relation Name": "nation","Alias": "nation","Startup Cost": 0.00,"Total Cost": 1.25,"Plan Rows": 25,"Plan Width": 108,"Actual Startup Time": 0.059,"Actual Total Time": 0.065,"Actual Rows": 25,"Actual Loops": 4,"Workers": []}]}]}]}]}]},"Planning Time": 7.546,"Triggers": [],"Execution Time": 648.224}]
[{"Plan": {"Node Type": "Sort","Parallel Aware": false,"Async Capable": false,"Startup Cost": 131436.35,"Total Cost": 131578.26,"Plan Rows": 56763,"Plan Width": 280,"Actual Startup Time": 596.282,"Actual Total Time": 636.846,"Actual Rows": 38114,"Actual Loops": 1,"Sort Key": ["(sum((lineitem.l_extendedprice * ('1'::numeric - lineitem.l_discount)))) DESC"],"Sort Method": "quicksort","Sort Space Used": 9872,"Sort Space Type": "Memory","Plans": [{"Node Type": "Aggregate","Strategy": "Hashed","Partial Mode": "Simple","Parent Relationship": "Outer","Parallel Aware": false,"Async Capable": false,"Startup Cost": 126244.62,"Total Cost": 126954.16,"Plan Rows": 56763,"Plan Width": 280,"Actual Startup Time": 413.428,"Actual Total Time": 560.180,"Actual Rows": 38114,"Actual Loops": 1,"Group Key": ["customer.c_custkey", "nation.n_name"],"Planned Partitions": 0,"HashAgg Batches": 1,"Peak Memory Usage": 26129,"Disk Usage": 0,"Plans": [{"Node Type": "Gather","Parent Relationship": "Outer","Parallel Aware": false,"Async Capable": false,"Startup Cost": 6792.51,"Total Cost": 125535.08,"Plan Rows": 56763,"Plan Width": 260,"Actual Startup Time": 80.448,"Actual Total Time": 288.766,"Actual Rows": 115292,"Actual Loops": 1,"Workers Planned": 3,"Workers Launched": 3,"Single Copy": false,"Plans": [{"Node Type": "Hash Join","Parent Relationship": "Outer","Parallel Aware": false,"Async Capable": false,"Join Type": "Inner","Startup Cost": 5792.51,"Total Cost": 118858.78,"Plan Rows": 18311,"Plan Width": 260,"Actual Startup Time": 72.950,"Actual Total Time": 358.700,"Actual Rows": 28823,"Actual Loops": 4,"Inner Unique": true,"Hash Cond": "(customer.c_nationkey = nation.n_nationkey)","Workers": [],"Plans": [{"Node Type": "Hash Join","Parent Relationship": "Outer","Parallel Aware": true,"Async Capable": false,"Join Type": "Inner","Startup Cost": 5790.95,"Total Cost": 118801.01,"Plan Rows": 18311,"Plan Width": 160,"Actual Startup Time": 72.543,"Actual Total Time": 350.000,"Actual Rows": 28823,"Actual Loops": 4,"Inner Unique": true,"Hash Cond": "(orders.o_custkey = customer.c_custkey)","Workers": [],"Plans": [{"Node Type": "Nested Loop","Parent Relationship": "Outer","Parallel Aware": false,"Async Capable": false,"Join Type": "Inner","Startup Cost": 799.70,"Total Cost": 113761.69,"Plan Rows": 18311,"Plan Width": 16,"Actual Startup Time": 13.260,"Actual Total Time": 248.922,"Actual Rows": 28823,"Actual Loops": 4,"Inner Unique": false,"Workers": [],"Plans": [{"Node Type": "Bitmap Heap Scan","Parent Relationship": "Outer","Parallel Aware": true,"Async Capable": false,"Relation Name": "orders","Alias": "orders","Startup Cost": 799.27,"Total Cost": 27173.19,"Plan Rows": 18595,"Plan Width": 8,"Actual Startup Time": 13.182,"Actual Total Time": 70.570,"Actual Rows": 14333,"Actual Loops": 4,"Recheck Cond": "((o_orderdate >= '1993-11-01'::date) AND (o_orderdate < '1994-02-01 00:00:00'::timestamp without time zone))","Rows Removed by Index Recheck": 0,"Exact Heap Blocks": 3544,"Lossy Heap Blocks": 0,"Workers": [],"Plans": [{"Node Type": "Bitmap Index Scan","Parent Relationship": "Outer","Parallel Aware": false,"Async Capable": false,"Index Name": "idx_orders_orderdate","Startup Cost": 0.00,"Total Cost": 784.86,"Plan Rows": 57643,"Plan Width": 0,"Actual Startup Time": 10.101,"Actual Total Time": 10.105,"Actual Rows": 57332,"Actual Loops": 1,"Index Cond": "((o_orderdate >= '1993-11-01'::date) AND (o_orderdate < '1994-02-01 00:00:00'::timestamp without time zone))","Workers": []}]},{"Node Type": "Index Scan","Parent Relationship": "Inner","Parallel Aware": false,"Async Capable": false,"Scan Direction": "Forward","Index Name": "idx_lineitem_orderkey","Relation Name": "lineitem","Alias": "lineitem","Startup Cost": 0.43,"Total Cost": 4.62,"Plan Rows": 4,"Plan Width": 16,"Actual Startup Time": 0.010,"Actual Total Time": 0.012,"Actual Rows": 2,"Actual Loops": 57332,"Index Cond": "(l_orderkey = orders.o_orderkey)","Rows Removed by Index Recheck": 0,"Filter": "(l_returnflag = 'R'::bpchar)","Rows Removed by Filter": 2,"Workers": []}]},{"Node Type": "Hash","Parent Relationship": "Inner","Parallel Aware": true,"Async Capable": false,"Startup Cost": 4210.00,"Total Cost": 4210.00,"Plan Rows": 62500,"Plan Width": 148,"Actual Startup Time": 58.656,"Actual Total Time": 58.664,"Actual Rows": 37500,"Actual Loops": 4,"Hash Buckets": 262144,"Original Hash Buckets": 262144,"Hash Batches": 1,"Original Hash Batches": 1,"Peak Memory Usage": 29312,"Workers": [],"Plans": [{"Node Type": "Seq Scan","Parent Relationship": "Outer","Parallel Aware": true,"Async Capable": false,"Relation Name": "customer","Alias": "customer","Startup Cost": 0.00,"Total Cost": 4210.00,"Plan Rows": 62500,"Plan Width": 148,"Actual Startup Time": 0.024,"Actual Total Time": 26.516,"Actual Rows": 37500,"Actual Loops": 4,"Workers": []}]}]},{"Node Type": "Hash","Parent Relationship": "Inner","Parallel Aware": false,"Async Capable": false,"Startup Cost": 1.25,"Total Cost": 1.25,"Plan Rows": 25,"Plan Width": 108,"Actual Startup Time": 0.099,"Actual Total Time": 0.104,"Actual Rows": 25,"Actual Loops": 4,"Hash Buckets": 1024,"Original Hash Buckets": 1024,"Hash Batches": 1,"Original Hash Batches": 1,"Peak Memory Usage": 10,"Workers": [],"Plans": [{"Node Type": "Seq Scan","Parent Relationship": "Outer","Parallel Aware": false,"Async Capable": false,"Relation Name": "nation","Alias": "nation","Startup Cost": 0.00,"Total Cost": 1.25,"Plan Rows": 25,"Plan Width": 108,"Actual Startup Time": 0.069,"Actual Total Time": 0.076,"Actual Rows": 25,"Actual Loops": 4,"Workers": []}]}]}]}]}]},"Planning Time": 7.017,"Triggers": [],"Execution Time": 642.875}]
[{"Plan": {"Node Type": "Sort","Parallel Aware": false,"Async Capable": false,"Startup Cost": 131330.41,"Total Cost": 131472.12,"Plan Rows": 56686,"Plan Width": 280,"Actual Startup Time": 587.483,"Actual Total Time": 628.086,"Actual Rows": 37925,"Actual Loops": 1,"Sort Key": ["(sum((lineitem.l_extendedprice * ('1'::numeric - lineitem.l_discount)))) DESC"],"Sort Method": "quicksort","Sort Space Used": 9832,"Sort Space Type": "Memory","Plans": [{"Node Type": "Aggregate","Strategy": "Hashed","Partial Mode": "Simple","Parent Relationship": "Outer","Parallel Aware": false,"Async Capable": false,"Startup Cost": 126146.27,"Total Cost": 126854.85,"Plan Rows": 56686,"Plan Width": 280,"Actual Startup Time": 410.388,"Actual Total Time": 556.054,"Actual Rows": 37925,"Actual Loops": 1,"Group Key": ["customer.c_custkey", "nation.n_name"],"Planned Partitions": 0,"HashAgg Batches": 1,"Peak Memory Usage": 26129,"Disk Usage": 0,"Plans": [{"Node Type": "Gather","Parent Relationship": "Outer","Parallel Aware": false,"Async Capable": false,"Startup Cost": 6791.71,"Total Cost": 125437.70,"Plan Rows": 56686,"Plan Width": 260,"Actual Startup Time": 76.070,"Actual Total Time": 284.431,"Actual Rows": 114550,"Actual Loops": 1,"Workers Planned": 3,"Workers Launched": 3,"Single Copy": false,"Plans": [{"Node Type": "Hash Join","Parent Relationship": "Outer","Parallel Aware": false,"Async Capable": false,"Join Type": "Inner","Startup Cost": 5791.71,"Total Cost": 118769.10,"Plan Rows": 18286,"Plan Width": 260,"Actual Startup Time": 68.409,"Actual Total Time": 355.040,"Actual Rows": 28638,"Actual Loops": 4,"Inner Unique": true,"Hash Cond": "(customer.c_nationkey = nation.n_nationkey)","Workers": [],"Plans": [{"Node Type": "Hash Join","Parent Relationship": "Outer","Parallel Aware": true,"Async Capable": false,"Join Type": "Inner","Startup Cost": 5790.15,"Total Cost": 118711.40,"Plan Rows": 18286,"Plan Width": 160,"Actual Startup Time": 67.911,"Actual Total Time": 346.301,"Actual Rows": 28638,"Actual Loops": 4,"Inner Unique": true,"Hash Cond": "(orders.o_custkey = customer.c_custkey)","Workers": [],"Plans": [{"Node Type": "Nested Loop","Parent Relationship": "Outer","Parallel Aware": false,"Async Capable": false,"Join Type": "Inner","Startup Cost": 798.90,"Total Cost": 113672.15,"Plan Rows": 18286,"Plan Width": 16,"Actual Startup Time": 13.342,"Actual Total Time": 249.825,"Actual Rows": 28638,"Actual Loops": 4,"Inner Unique": false,"Workers": [],"Plans": [{"Node Type": "Bitmap Heap Scan","Parent Relationship": "Outer","Parallel Aware": true,"Async Capable": false,"Relation Name": "orders","Alias": "orders","Startup Cost": 798.47,"Total Cost": 27172.01,"Plan Rows": 18569,"Plan Width": 8,"Actual Startup Time": 13.275,"Actual Total Time": 71.340,"Actual Rows": 14284,"Actual Loops": 4,"Recheck Cond": "((o_orderdate >= '1993-08-01'::date) AND (o_orderdate < '1993-11-01 00:00:00'::timestamp without time zone))","Rows Removed by Index Recheck": 0,"Exact Heap Blocks": 3594,"Lossy Heap Blocks": 0,"Workers": [],"Plans": [{"Node Type": "Bitmap Index Scan","Parent Relationship": "Outer","Parallel Aware": false,"Async Capable": false,"Index Name": "idx_orders_orderdate","Startup Cost": 0.00,"Total Cost": 784.08,"Plan Rows": 57565,"Plan Width": 0,"Actual Startup Time": 10.135,"Actual Total Time": 10.136,"Actual Rows": 57138,"Actual Loops": 1,"Index Cond": "((o_orderdate >= '1993-08-01'::date) AND (o_orderdate < '1993-11-01 00:00:00'::timestamp without time zone))","Workers": []}]},{"Node Type": "Index Scan","Parent Relationship": "Inner","Parallel Aware": false,"Async Capable": false,"Scan Direction": "Forward","Index Name": "idx_lineitem_orderkey","Relation Name": "lineitem","Alias": "lineitem","Startup Cost": 0.43,"Total Cost": 4.62,"Plan Rows": 4,"Plan Width": 16,"Actual Startup Time": 0.010,"Actual Total Time": 0.012,"Actual Rows": 2,"Actual Loops": 57138,"Index Cond": "(l_orderkey = orders.o_orderkey)","Rows Removed by Index Recheck": 0,"Filter": "(l_returnflag = 'R'::bpchar)","Rows Removed by Filter": 2,"Workers": []}]},{"Node Type": "Hash","Parent Relationship": "Inner","Parallel Aware": true,"Async Capable": false,"Startup Cost": 4210.00,"Total Cost": 4210.00,"Plan Rows": 62500,"Plan Width": 148,"Actual Startup Time": 53.968,"Actual Total Time": 53.976,"Actual Rows": 37500,"Actual Loops": 4,"Hash Buckets": 262144,"Original Hash Buckets": 262144,"Hash Batches": 1,"Original Hash Batches": 1,"Peak Memory Usage": 29344,"Workers": [],"Plans": [{"Node Type": "Seq Scan","Parent Relationship": "Outer","Parallel Aware": true,"Async Capable": false,"Relation Name": "customer","Alias": "customer","Startup Cost": 0.00,"Total Cost": 4210.00,"Plan Rows": 62500,"Plan Width": 148,"Actual Startup Time": 0.023,"Actual Total Time": 24.403,"Actual Rows": 37500,"Actual Loops": 4,"Workers": []}]}]},{"Node Type": "Hash","Parent Relationship": "Inner","Parallel Aware": false,"Async Capable": false,"Startup Cost": 1.25,"Total Cost": 1.25,"Plan Rows": 25,"Plan Width": 108,"Actual Startup Time": 0.099,"Actual Total Time": 0.106,"Actual Rows": 25,"Actual Loops": 4,"Hash Buckets": 1024,"Original Hash Buckets": 1024,"Hash Batches": 1,"Original Hash Batches": 1,"Peak Memory Usage": 10,"Workers": [],"Plans": [{"Node Type": "Seq Scan","Parent Relationship": "Outer","Parallel Aware": false,"Async Capable": false,"Relation Name": "nation","Alias": "nation","Startup Cost": 0.00,"Total Cost": 1.25,"Plan Rows": 25,"Plan Width": 108,"Actual Startup Time": 0.062,"Actual Total Time": 0.071,"Actual Rows": 25,"Actual Loops": 4,"Workers": []}]}]}]}]}]},"Planning Time": 6.540,"Triggers": [],"Execution Time": 634.012}]
[{"Plan": {"Node Type": "Sort","Parallel Aware": false,"Async Capable": false,"Startup Cost": 131330.41,"Total Cost": 131472.12,"Plan Rows": 56686,"Plan Width": 280,"Actual Startup Time": 587.483,"Actual Total Time": 628.086,"Actual Rows": 37925,"Actual Loops": 1,"Sort Key": ["(sum((lineitem.l_extendedprice * ('1'::numeric - lineitem.l_discount)))) DESC"],"Sort Method": "quicksort","Sort Space Used": 9832,"Sort Space Type": "Memory","Plans": [{"Node Type": "Aggregate","Strategy": "Hashed","Partial Mode": "Simple","Parent Relationship": "Outer","Parallel Aware": false,"Async Capable": false,"Startup Cost": 126146.27,"Total Cost": 126854.85,"Plan Rows": 56686,"Plan Width": 280,"Actual Startup Time": 410.388,"Actual Total Time": 556.054,"Actual Rows": 37925,"Actual Loops": 1,"Group Key": ["customer.c_custkey", "nation.n_name"],"Planned Partitions": 0,"HashAgg Batches": 1,"Peak Memory Usage": 26129,"Disk Usage": 0,"Plans": [{"Node Type": "Gather","Parent Relationship": "Outer","Parallel Aware": false,"Async Capable": false,"Startup Cost": 6791.71,"Total Cost": 125437.70,"Plan Rows": 56686,"Plan Width": 260,"Actual Startup Time": 76.070,"Actual Total Time": 284.431,"Actual Rows": 114550,"Actual Loops": 1,"Workers Planned": 3,"Workers Launched": 3,"Single Copy": false,"Plans": [{"Node Type": "Hash Join","Parent Relationship": "Outer","Parallel Aware": false,"Async Capable": false,"Join Type": "Inner","Startup Cost": 5791.71,"Total Cost": 118769.10,"Plan Rows": 18286,"Plan Width": 260,"Actual Startup Time": 68.409,"Actual Total Time": 355.040,"Actual Rows": 28638,"Actual Loops": 4,"Inner Unique": true,"Hash Cond": "(customer.c_nationkey = nation.n_nationkey)","Workers": [],"Plans": [{"Node Type": "Hash Join","Parent Relationship": "Outer","Parallel Aware": true,"Async Capable": false,"Join Type": "Inner","Startup Cost": 5790.15,"Total Cost": 118711.40,"Plan Rows": 18286,"Plan Width": 160,"Actual Startup Time": 67.911,"Actual Total Time": 346.301,"Actual Rows": 28638,"Actual Loops": 4,"Inner Unique": true,"Hash Cond": "(orders.o_custkey = customer.c_custkey)","Workers": [],"Plans": [{"Node Type": "Nested Loop","Parent Relationship": "Outer","Parallel Aware": false,"Async Capable": false,"Join Type": "Inner","Startup Cost": 798.90,"Total Cost": 113672.15,"Plan Rows": 18286,"Plan Width": 16,"Actual Startup Time": 13.342,"Actual Total Time": 249.825,"Actual Rows": 28638,"Actual Loops": 4,"Inner Unique": false,"Workers": [],"Plans": [{"Node Type": "Bitmap Heap Scan","Parent Relationship": "Outer","Parallel Aware": true,"Async Capable": false,"Relation Name": "orders","Alias": "orders","Startup Cost": 798.47,"Total Cost": 27172.01,"Plan Rows": 18569,"Plan Width": 8,"Actual Startup Time": 13.275,"Actual Total Time": 71.340,"Actual Rows": 14284,"Actual Loops": 4,"Recheck Cond": "((o_orderdate >= '1993-08-01'::date) AND (o_orderdate < '1993-11-01 00:00:00'::timestamp without time zone))","Rows Removed by Index Recheck": 0,"Exact Heap Blocks": 3594,"Lossy Heap Blocks": 0,"Workers": [],"Plans": [{"Node Type": "Bitmap Index Scan","Parent Relationship": "Outer","Parallel Aware": false,"Async Capable": false,"Index Name": "idx_orders_orderdate","Startup Cost": 0.00,"Total Cost": 784.08,"Plan Rows": 57565,"Plan Width": 0,"Actual Startup Time": 10.135,"Actual Total Time": 10.136,"Actual Rows": 57138,"Actual Loops": 1,"Index Cond": "((o_orderdate >= '1993-08-01'::date) AND (o_orderdate < '1993-11-01 00:00:00'::timestamp without time zone))","Workers": []}]},{"Node Type": "Index Scan","Parent Relationship": "Inner","Parallel Aware": false,"Async Capable": false,"Scan Direction": "Forward","Index Name": "idx_lineitem_orderkey","Relation Name": "lineitem","Alias": "lineitem","Startup Cost": 0.43,"Total Cost": 4.62,"Plan Rows": 4,"Plan Width": 16,"Actual Startup Time": 0.010,"Actual Total Time": 0.012,"Actual Rows": 2,"Actual Loops": 57138,"Index Cond": "(l_orderkey = orders.o_orderkey)","Rows Removed by Index Recheck": 0,"Filter": "(l_returnflag = 'R'::bpchar)","Rows Removed by Filter": 2,"Workers": []}]},{"Node Type": "Hash","Parent Relationship": "Inner","Parallel Aware": true,"Async Capable": false,"Startup Cost": 4210.00,"Total Cost": 4210.00,"Plan Rows": 62500,"Plan Width": 148,"Actual Startup Time": 53.968,"Actual Total Time": 53.976,"Actual Rows": 37500,"Actual Loops": 4,"Hash Buckets": 262144,"Original Hash Buckets": 262144,"Hash Batches": 1,"Original Hash Batches": 1,"Peak Memory Usage": 29344,"Workers": [],"Plans": [{"Node Type": "Seq Scan","Parent Relationship": "Outer","Parallel Aware": true,"Async Capable": false,"Relation Name": "customer","Alias": "customer","Startup Cost": 0.00,"Total Cost": 4210.00,"Plan Rows": 62500,"Plan Width": 148,"Actual Startup Time": 0.023,"Actual Total Time": 24.403,"Actual Rows": 37500,"Actual Loops": 4,"Workers": []}]}]},{"Node Type": "Hash","Parent Relationship": "Inner","Parallel Aware": false,"Async Capable": false,"Startup Cost": 1.25,"Total Cost": 1.25,"Plan Rows": 25,"Plan Width": 108,"Actual Startup Time": 0.099,"Actual Total Time": 0.106,"Actual Rows": 25,"Actual Loops": 4,"Hash Buckets": 1024,"Original Hash Buckets": 1024,"Hash Batches": 1,"Original Hash Batches": 1,"Peak Memory Usage": 10,"Workers": [],"Plans": [{"Node Type": "Seq Scan","Parent Relationship": "Outer","Parallel Aware": false,"Async Capable": false,"Relation Name": "nation","Alias": "nation","Startup Cost": 0.00,"Total Cost": 1.25,"Plan Rows": 25,"Plan Width": 108,"Actual Startup Time": 0.062,"Actual Total Time": 0.071,"Actual Rows": 25,"Actual Loops": 4,"Workers": []}]}]}]}]}]},"Planning Time": 6.540,"Triggers": [],"Execution Time": 634.012}]
[{"Plan": {"Node Type": "Sort","Parallel Aware": false,"Async Capable": false,"Startup Cost": 130505.43,"Total Cost": 130645.60,"Plan Rows": 56065,"Plan Width": 280,"Actual Startup Time": 601.513,"Actual Total Time": 641.580,"Actual Rows": 37018,"Actual Loops": 1,"Sort Key": ["(sum((lineitem.l_extendedprice * ('1'::numeric - lineitem.l_discount)))) DESC"],"Sort Method": "quicksort","Sort Space Used": 9627,"Sort Space Type": "Memory","Plans": [{"Node Type": "Aggregate","Strategy": "Hashed","Partial Mode": "Simple","Parent Relationship": "Outer","Parallel Aware": false,"Async Capable": false,"Startup Cost": 125382.55,"Total Cost": 126083.36,"Plan Rows": 56065,"Plan Width": 280,"Actual Startup Time": 416.495,"Actual Total Time": 572.420,"Actual Rows": 37018,"Actual Loops": 1,"Group Key": ["customer.c_custkey", "nation.n_name"],"Planned Partitions": 0,"HashAgg Batches": 1,"Peak Memory Usage": 26129,"Disk Usage": 0,"Plans": [{"Node Type": "Gather","Parent Relationship": "Outer","Parallel Aware": false,"Async Capable": false,"Startup Cost": 6781.25,"Total Cost": 124681.73,"Plan Rows": 56065,"Plan Width": 260,"Actual Startup Time": 81.623,"Actual Total Time": 288.921,"Actual Rows": 110603,"Actual Loops": 1,"Workers Planned": 3,"Workers Launched": 3,"Single Copy": false,"Plans": [{"Node Type": "Hash Join","Parent Relationship": "Outer","Parallel Aware": false,"Async Capable": false,"Join Type": "Inner","Startup Cost": 5781.25,"Total Cost": 118075.23,"Plan Rows": 18085,"Plan Width": 260,"Actual Startup Time": 74.243,"Actual Total Time": 359.851,"Actual Rows": 27651,"Actual Loops": 4,"Inner Unique": true,"Hash Cond": "(customer.c_nationkey = nation.n_nationkey)","Workers": [],"Plans": [{"Node Type": "Hash Join","Parent Relationship": "Outer","Parallel Aware": true,"Async Capable": false,"Join Type": "Inner","Startup Cost": 5779.68,"Total Cost": 118018.16,"Plan Rows": 18085,"Plan Width": 160,"Actual Startup Time": 73.807,"Actual Total Time": 350.724,"Actual Rows": 27651,"Actual Loops": 4,"Inner Unique": true,"Hash Cond": "(orders.o_custkey = customer.c_custkey)","Workers": [],"Plans": [{"Node Type": "Nested Loop","Parent Relationship": "Outer","Parallel Aware": false,"Async Capable": false,"Join Type": "Inner","Startup Cost": 788.43,"Total Cost": 112979.43,"Plan Rows": 18085,"Plan Width": 16,"Actual Startup Time": 13.351,"Actual Total Time": 248.674,"Actual Rows": 27651,"Actual Loops": 4,"Inner Unique": false,"Workers": [],"Plans": [{"Node Type": "Bitmap Heap Scan","Parent Relationship": "Outer","Parallel Aware": true,"Async Capable": false,"Relation Name": "orders","Alias": "orders","Startup Cost": 788.00,"Total Cost": 27158.49,"Plan Rows": 18366,"Plan Width": 8,"Actual Startup Time": 13.297,"Actual Total Time": 70.614,"Actual Rows": 13866,"Actual Loops": 4,"Recheck Cond": "((o_orderdate >= '1994-02-01'::date) AND (o_orderdate < '1994-05-01 00:00:00'::timestamp without time zone))","Rows Removed by Index Recheck": 0,"Exact Heap Blocks": 3619,"Lossy Heap Blocks": 0,"Workers": [],"Plans": [{"Node Type": "Bitmap Index Scan","Parent Relationship": "Outer","Parallel Aware": false,"Async Capable": false,"Index Name": "idx_orders_orderdate","Startup Cost": 0.00,"Total Cost": 773.77,"Plan Rows": 56934,"Plan Width": 0,"Actual Startup Time": 10.157,"Actual Total Time": 10.161,"Actual Rows": 55462,"Actual Loops": 1,"Index Cond": "((o_orderdate >= '1994-02-01'::date) AND (o_orderdate < '1994-05-01 00:00:00'::timestamp without time zone))","Workers": []}]},{"Node Type": "Index Scan","Parent Relationship": "Inner","Parallel Aware": false,"Async Capable": false,"Scan Direction": "Forward","Index Name": "idx_lineitem_orderkey","Relation Name": "lineitem","Alias": "lineitem","Startup Cost": 0.43,"Total Cost": 4.63,"Plan Rows": 4,"Plan Width": 16,"Actual Startup Time": 0.010,"Actual Total Time": 0.012,"Actual Rows": 2,"Actual Loops": 55462,"Index Cond": "(l_orderkey = orders.o_orderkey)","Rows Removed by Index Recheck": 0,"Filter": "(l_returnflag = 'R'::bpchar)","Rows Removed by Filter": 2,"Workers": []}]},{"Node Type": "Hash","Parent Relationship": "Inner","Parallel Aware": true,"Async Capable": false,"Startup Cost": 4210.00,"Total Cost": 4210.00,"Plan Rows": 62500,"Plan Width": 148,"Actual Startup Time": 59.812,"Actual Total Time": 59.817,"Actual Rows": 37500,"Actual Loops": 4,"Hash Buckets": 262144,"Original Hash Buckets": 262144,"Hash Batches": 1,"Original Hash Batches": 1,"Peak Memory Usage": 29344,"Workers": [],"Plans": [{"Node Type": "Seq Scan","Parent Relationship": "Outer","Parallel Aware": true,"Async Capable": false,"Relation Name": "customer","Alias": "customer","Startup Cost": 0.00,"Total Cost": 4210.00,"Plan Rows": 62500,"Plan Width": 148,"Actual Startup Time": 0.038,"Actual Total Time": 25.477,"Actual Rows": 37500,"Actual Loops": 4,"Workers": []}]}]},{"Node Type": "Hash","Parent Relationship": "Inner","Parallel Aware": false,"Async Capable": false,"Startup Cost": 1.25,"Total Cost": 1.25,"Plan Rows": 25,"Plan Width": 108,"Actual Startup Time": 0.111,"Actual Total Time": 0.116,"Actual Rows": 25,"Actual Loops": 4,"Hash Buckets": 1024,"Original Hash Buckets": 1024,"Hash Batches": 1,"Original Hash Batches": 1,"Peak Memory Usage": 10,"Workers": [],"Plans": [{"Node Type": "Seq Scan","Parent Relationship": "Outer","Parallel Aware": false,"Async Capable": false,"Relation Name": "nation","Alias": "nation","Startup Cost": 0.00,"Total Cost": 1.25,"Plan Rows": 25,"Plan Width": 108,"Actual Startup Time": 0.071,"Actual Total Time": 0.077,"Actual Rows": 25,"Actual Loops": 4,"Workers": []}]}]}]}]}]},"Planning Time": 7.387,"Triggers": [],"Execution Time": 645.928}]
[{"Plan": {"Node Type": "Sort","Parallel Aware": false,"Async Capable": false,"Startup Cost": 130809.03,"Total Cost": 130949.76,"Plan Rows": 56293,"Plan Width": 280,"Actual Startup Time": 582.640,"Actual Total Time": 623.609,"Actual Rows": 37618,"Actual Loops": 1,"Sort Key": ["(sum((lineitem.l_extendedprice * ('1'::numeric - lineitem.l_discount)))) DESC"],"Sort Method": "quicksort","Sort Space Used": 9764,"Sort Space Type": "Memory","Plans": [{"Node Type": "Aggregate","Strategy": "Hashed","Partial Mode": "Simple","Parent Relationship": "Outer","Parallel Aware": false,"Async Capable": false,"Startup Cost": 125663.66,"Total Cost": 126367.32,"Plan Rows": 56293,"Plan Width": 280,"Actual Startup Time": 404.905,"Actual Total Time": 550.580,"Actual Rows": 37618,"Actual Loops": 1,"Group Key": ["customer.c_custkey", "nation.n_name"],"Planned Partitions": 0,"HashAgg Batches": 1,"Peak Memory Usage": 26129,"Disk Usage": 0,"Plans": [{"Node Type": "Gather","Parent Relationship": "Outer","Parallel Aware": false,"Async Capable": false,"Startup Cost": 6783.62,"Total Cost": 124960.00,"Plan Rows": 56293,"Plan Width": 260,"Actual Startup Time": 77.508,"Actual Total Time": 283.856,"Actual Rows": 113037,"Actual Loops": 1,"Workers Planned": 3,"Workers Launched": 3,"Single Copy": false,"Plans": [{"Node Type": "Hash Join","Parent Relationship": "Outer","Parallel Aware": false,"Async Capable": false,"Join Type": "Inner","Startup Cost": 5783.62,"Total Cost": 118330.70,"Plan Rows": 18159,"Plan Width": 260,"Actual Startup Time": 69.943,"Actual Total Time": 350.172,"Actual Rows": 28259,"Actual Loops": 4,"Inner Unique": true,"Hash Cond": "(customer.c_nationkey = nation.n_nationkey)","Workers": [],"Plans": [{"Node Type": "Hash Join","Parent Relationship": "Outer","Parallel Aware": true,"Async Capable": false,"Join Type": "Inner","Startup Cost": 5782.06,"Total Cost": 118273.39,"Plan Rows": 18159,"Plan Width": 160,"Actual Startup Time": 69.505,"Actual Total Time": 341.161,"Actual Rows": 28259,"Actual Loops": 4,"Inner Unique": true,"Hash Cond": "(orders.o_custkey = customer.c_custkey)","Workers": [],"Plans": [{"Node Type": "Nested Loop","Parent Relationship": "Outer","Parallel Aware": false,"Async Capable": false,"Join Type": "Inner","Startup Cost": 790.81,"Total Cost": 113234.47,"Plan Rows": 18159,"Plan Width": 16,"Actual Startup Time": 13.628,"Actual Total Time": 244.904,"Actual Rows": 28259,"Actual Loops": 4,"Inner Unique": false,"Workers": [],"Plans": [{"Node Type": "Bitmap Heap Scan","Parent Relationship": "Outer","Parallel Aware": true,"Async Capable": false,"Relation Name": "orders","Alias": "orders","Startup Cost": 790.38,"Total Cost": 27161.99,"Plan Rows": 18441,"Plan Width": 8,"Actual Startup Time": 13.544,"Actual Total Time": 67.991,"Actual Rows": 14129,"Actual Loops": 4,"Recheck Cond": "((o_orderdate >= '1994-09-01'::date) AND (o_orderdate < '1994-12-01 00:00:00'::timestamp without time zone))","Rows Removed by Index Recheck": 0,"Exact Heap Blocks": 3515,"Lossy Heap Blocks": 0,"Workers": [],"Plans": [{"Node Type": "Bitmap Index Scan","Parent Relationship": "Outer","Parallel Aware": false,"Async Capable": false,"Index Name": "idx_orders_orderdate","Startup Cost": 0.00,"Total Cost": 776.09,"Plan Rows": 57166,"Plan Width": 0,"Actual Startup Time": 10.241,"Actual Total Time": 10.248,"Actual Rows": 56516,"Actual Loops": 1,"Index Cond": "((o_orderdate >= '1994-09-01'::date) AND (o_orderdate < '1994-12-01 00:00:00'::timestamp without time zone))","Workers": []}]},{"Node Type": "Index Scan","Parent Relationship": "Inner","Parallel Aware": false,"Async Capable": false,"Scan Direction": "Forward","Index Name": "idx_lineitem_orderkey","Relation Name": "lineitem","Alias": "lineitem","Startup Cost": 0.43,"Total Cost": 4.63,"Plan Rows": 4,"Plan Width": 16,"Actual Startup Time": 0.010,"Actual Total Time": 0.012,"Actual Rows": 2,"Actual Loops": 56516,"Index Cond": "(l_orderkey = orders.o_orderkey)","Rows Removed by Index Recheck": 0,"Filter": "(l_returnflag = 'R'::bpchar)","Rows Removed by Filter": 2,"Workers": []}]},{"Node Type": "Hash","Parent Relationship": "Inner","Parallel Aware": true,"Async Capable": false,"Startup Cost": 4210.00,"Total Cost": 4210.00,"Plan Rows": 62500,"Plan Width": 148,"Actual Startup Time": 55.246,"Actual Total Time": 55.254,"Actual Rows": 37500,"Actual Loops": 4,"Hash Buckets": 262144,"Original Hash Buckets": 262144,"Hash Batches": 1,"Original Hash Batches": 1,"Peak Memory Usage": 29280,"Workers": [],"Plans": [{"Node Type": "Seq Scan","Parent Relationship": "Outer","Parallel Aware": true,"Async Capable": false,"Relation Name": "customer","Alias": "customer","Startup Cost": 0.00,"Total Cost": 4210.00,"Plan Rows": 62500,"Plan Width": 148,"Actual Startup Time": 0.029,"Actual Total Time": 24.927,"Actual Rows": 37500,"Actual Loops": 4,"Workers": []}]}]},{"Node Type": "Hash","Parent Relationship": "Inner","Parallel Aware": false,"Async Capable": false,"Startup Cost": 1.25,"Total Cost": 1.25,"Plan Rows": 25,"Plan Width": 108,"Actual Startup Time": 0.092,"Actual Total Time": 0.096,"Actual Rows": 25,"Actual Loops": 4,"Hash Buckets": 1024,"Original Hash Buckets": 1024,"Hash Batches": 1,"Original Hash Batches": 1,"Peak Memory Usage": 10,"Workers": [],"Plans": [{"Node Type": "Seq Scan","Parent Relationship": "Outer","Parallel Aware": false,"Async Capable": false,"Relation Name": "nation","Alias": "nation","Startup Cost": 0.00,"Total Cost": 1.25,"Plan Rows": 25,"Plan Width": 108,"Actual Startup Time": 0.062,"Actual Total Time": 0.068,"Actual Rows": 25,"Actual Loops": 4,"Workers": []}]}]}]}]}]},"Planning Time": 5.868,"Triggers": [],"Execution Time": 629.137}]
[{"Plan": {"Node Type": "Sort","Parallel Aware": false,"Async Capable": false,"Startup Cost": 135294.26,"Total Cost": 135443.48,"Plan Rows": 59689,"Plan Width": 280,"Actual Startup Time": 545.457,"Actual Total Time": 585.279,"Actual Rows": 35593,"Actual Loops": 1,"Sort Key": ["(sum((lineitem.l_extendedprice * ('1'::numeric - lineitem.l_discount)))) DESC"],"Sort Method": "quicksort","Sort Space Used": 9317,"Sort Space Type": "Memory","Plans": [{"Node Type": "Aggregate","Strategy": "Hashed","Partial Mode": "Simple","Parent Relationship": "Outer","Parallel Aware": false,"Async Capable": false,"Startup Cost": 129813.27,"Total Cost": 130559.38,"Plan Rows": 59689,"Plan Width": 280,"Actual Startup Time": 389.996,"Actual Total Time": 517.393,"Actual Rows": 35593,"Actual Loops": 1,"Group Key": ["customer.c_custkey", "nation.n_name"],"Planned Partitions": 0,"HashAgg Batches": 1,"Peak Memory Usage": 27665,"Disk Usage": 0,"Plans": [{"Node Type": "Gather","Parent Relationship": "Outer","Parallel Aware": false,"Async Capable": false,"Startup Cost": 6830.97,"Total Cost": 129067.15,"Plan Rows": 59689,"Plan Width": 260,"Actual Startup Time": 76.518,"Actual Total Time": 281.363,"Actual Rows": 94907,"Actual Loops": 1,"Workers Planned": 3,"Workers Launched": 3,"Single Copy": false,"Plans": [{"Node Type": "Hash Join","Parent Relationship": "Outer","Parallel Aware": false,"Async Capable": false,"Join Type": "Inner","Startup Cost": 5830.97,"Total Cost": 122098.25,"Plan Rows": 19255,"Plan Width": 260,"Actual Startup Time": 68.775,"Actual Total Time": 339.806,"Actual Rows": 23727,"Actual Loops": 4,"Inner Unique": true,"Hash Cond": "(customer.c_nationkey = nation.n_nationkey)","Workers": [],"Plans": [{"Node Type": "Hash Join","Parent Relationship": "Outer","Parallel Aware": true,"Async Capable": false,"Join Type": "Inner","Startup Cost": 5829.40,"Total Cost": 122037.58,"Plan Rows": 19255,"Plan Width": 160,"Actual Startup Time": 68.296,"Actual Total Time": 331.130,"Actual Rows": 23727,"Actual Loops": 4,"Inner Unique": true,"Hash Cond": "(orders.o_custkey = customer.c_custkey)","Workers": [],"Plans": [{"Node Type": "Nested Loop","Parent Relationship": "Outer","Parallel Aware": false,"Async Capable": false,"Join Type": "Inner","Startup Cost": 838.15,"Total Cost": 116995.79,"Plan Rows": 19255,"Plan Width": 16,"Actual Startup Time": 13.636,"Actual Total Time": 241.200,"Actual Rows": 23727,"Actual Loops": 4,"Inner Unique": false,"Workers": [],"Plans": [{"Node Type": "Bitmap Heap Scan","Parent Relationship": "Outer","Parallel Aware": true,"Async Capable": false,"Relation Name": "orders","Alias": "orders","Startup Cost": 837.72,"Total Cost": 27226.01,"Plan Rows": 19553,"Plan Width": 8,"Actual Startup Time": 13.552,"Actual Total Time": 68.983,"Actual Rows": 14126,"Actual Loops": 4,"Recheck Cond": "((o_orderdate >= '1995-01-01'::date) AND (o_orderdate < '1995-04-01 00:00:00'::timestamp without time zone))","Rows Removed by Index Recheck": 0,"Exact Heap Blocks": 3623,"Lossy Heap Blocks": 0,"Workers": [],"Plans": [{"Node Type": "Bitmap Index Scan","Parent Relationship": "Outer","Parallel Aware": false,"Async Capable": false,"Index Name": "idx_orders_orderdate","Startup Cost": 0.00,"Total Cost": 822.57,"Plan Rows": 60614,"Plan Width": 0,"Actual Startup Time": 10.475,"Actual Total Time": 10.479,"Actual Rows": 56506,"Actual Loops": 1,"Index Cond": "((o_orderdate >= '1995-01-01'::date) AND (o_orderdate < '1995-04-01 00:00:00'::timestamp without time zone))","Workers": []}]},{"Node Type": "Index Scan","Parent Relationship": "Inner","Parallel Aware": false,"Async Capable": false,"Scan Direction": "Forward","Index Name": "idx_lineitem_orderkey","Relation Name": "lineitem","Alias": "lineitem","Startup Cost": 0.43,"Total Cost": 4.55,"Plan Rows": 4,"Plan Width": 16,"Actual Startup Time": 0.010,"Actual Total Time": 0.012,"Actual Rows": 2,"Actual Loops": 56506,"Index Cond": "(l_orderkey = orders.o_orderkey)","Rows Removed by Index Recheck": 0,"Filter": "(l_returnflag = 'R'::bpchar)","Rows Removed by Filter": 2,"Workers": []}]},{"Node Type": "Hash","Parent Relationship": "Inner","Parallel Aware": true,"Async Capable": false,"Startup Cost": 4210.00,"Total Cost": 4210.00,"Plan Rows": 62500,"Plan Width": 148,"Actual Startup Time": 54.088,"Actual Total Time": 54.097,"Actual Rows": 37500,"Actual Loops": 4,"Hash Buckets": 262144,"Original Hash Buckets": 262144,"Hash Batches": 1,"Original Hash Batches": 1,"Peak Memory Usage": 29312,"Workers": [],"Plans": [{"Node Type": "Seq Scan","Parent Relationship": "Outer","Parallel Aware": true,"Async Capable": false,"Relation Name": "customer","Alias": "customer","Startup Cost": 0.00,"Total Cost": 4210.00,"Plan Rows": 62500,"Plan Width": 148,"Actual Startup Time": 0.033,"Actual Total Time": 23.775,"Actual Rows": 37500,"Actual Loops": 4,"Workers": []}]}]},{"Node Type": "Hash","Parent Relationship": "Inner","Parallel Aware": false,"Async Capable": false,"Startup Cost": 1.25,"Total Cost": 1.25,"Plan Rows": 25,"Plan Width": 108,"Actual Startup Time": 0.094,"Actual Total Time": 0.098,"Actual Rows": 25,"Actual Loops": 4,"Hash Buckets": 1024,"Original Hash Buckets": 1024,"Hash Batches": 1,"Original Hash Batches": 1,"Peak Memory Usage": 10,"Workers": [],"Plans": [{"Node Type": "Seq Scan","Parent Relationship": "Outer","Parallel Aware": false,"Async Capable": false,"Relation Name": "nation","Alias": "nation","Startup Cost": 0.00,"Total Cost": 1.25,"Plan Rows": 25,"Plan Width": 108,"Actual Startup Time": 0.062,"Actual Total Time": 0.068,"Actual Rows": 25,"Actual Loops": 4,"Workers": []}]}]}]}]}]},"Planning Time": 7.620,"Triggers": [],"Execution Time": 593.147}]
[{"Plan": {"Node Type": "Sort","Parallel Aware": false,"Async Capable": false,"Startup Cost": 131330.41,"Total Cost": 131472.12,"Plan Rows": 56686,"Plan Width": 280,"Actual Startup Time": 587.483,"Actual Total Time": 628.086,"Actual Rows": 37925,"Actual Loops": 1,"Sort Key": ["(sum((lineitem.l_extendedprice * ('1'::numeric - lineitem.l_discount)))) DESC"],"Sort Method": "quicksort","Sort Space Used": 9832,"Sort Space Type": "Memory","Plans": [{"Node Type": "Aggregate","Strategy": "Hashed","Partial Mode": "Simple","Parent Relationship": "Outer","Parallel Aware": false,"Async Capable": false,"Startup Cost": 126146.27,"Total Cost": 126854.85,"Plan Rows": 56686,"Plan Width": 280,"Actual Startup Time": 410.388,"Actual Total Time": 556.054,"Actual Rows": 37925,"Actual Loops": 1,"Group Key": ["customer.c_custkey", "nation.n_name"],"Planned Partitions": 0,"HashAgg Batches": 1,"Peak Memory Usage": 26129,"Disk Usage": 0,"Plans": [{"Node Type": "Gather","Parent Relationship": "Outer","Parallel Aware": false,"Async Capable": false,"Startup Cost": 6791.71,"Total Cost": 125437.70,"Plan Rows": 56686,"Plan Width": 260,"Actual Startup Time": 76.070,"Actual Total Time": 284.431,"Actual Rows": 114550,"Actual Loops": 1,"Workers Planned": 3,"Workers Launched": 3,"Single Copy": false,"Plans": [{"Node Type": "Hash Join","Parent Relationship": "Outer","Parallel Aware": false,"Async Capable": false,"Join Type": "Inner","Startup Cost": 5791.71,"Total Cost": 118769.10,"Plan Rows": 18286,"Plan Width": 260,"Actual Startup Time": 68.409,"Actual Total Time": 355.040,"Actual Rows": 28638,"Actual Loops": 4,"Inner Unique": true,"Hash Cond": "(customer.c_nationkey = nation.n_nationkey)","Workers": [],"Plans": [{"Node Type": "Hash Join","Parent Relationship": "Outer","Parallel Aware": true,"Async Capable": false,"Join Type": "Inner","Startup Cost": 5790.15,"Total Cost": 118711.40,"Plan Rows": 18286,"Plan Width": 160,"Actual Startup Time": 67.911,"Actual Total Time": 346.301,"Actual Rows": 28638,"Actual Loops": 4,"Inner Unique": true,"Hash Cond": "(orders.o_custkey = customer.c_custkey)","Workers": [],"Plans": [{"Node Type": "Nested Loop","Parent Relationship": "Outer","Parallel Aware": false,"Async Capable": false,"Join Type": "Inner","Startup Cost": 798.90,"Total Cost": 113672.15,"Plan Rows": 18286,"Plan Width": 16,"Actual Startup Time": 13.342,"Actual Total Time": 249.825,"Actual Rows": 28638,"Actual Loops": 4,"Inner Unique": false,"Workers": [],"Plans": [{"Node Type": "Bitmap Heap Scan","Parent Relationship": "Outer","Parallel Aware": true,"Async Capable": false,"Relation Name": "orders","Alias": "orders","Startup Cost": 798.47,"Total Cost": 27172.01,"Plan Rows": 18569,"Plan Width": 8,"Actual Startup Time": 13.275,"Actual Total Time": 71.340,"Actual Rows": 14284,"Actual Loops": 4,"Recheck Cond": "((o_orderdate >= '1993-08-01'::date) AND (o_orderdate < '1993-11-01 00:00:00'::timestamp without time zone))","Rows Removed by Index Recheck": 0,"Exact Heap Blocks": 3594,"Lossy Heap Blocks": 0,"Workers": [],"Plans": [{"Node Type": "Bitmap Index Scan","Parent Relationship": "Outer","Parallel Aware": false,"Async Capable": false,"Index Name": "idx_orders_orderdate","Startup Cost": 0.00,"Total Cost": 784.08,"Plan Rows": 57565,"Plan Width": 0,"Actual Startup Time": 10.135,"Actual Total Time": 10.136,"Actual Rows": 57138,"Actual Loops": 1,"Index Cond": "((o_orderdate >= '1993-08-01'::date) AND (o_orderdate < '1993-11-01 00:00:00'::timestamp without time zone))","Workers": []}]},{"Node Type": "Index Scan","Parent Relationship": "Inner","Parallel Aware": false,"Async Capable": false,"Scan Direction": "Forward","Index Name": "idx_lineitem_orderkey","Relation Name": "lineitem","Alias": "lineitem","Startup Cost": 0.43,"Total Cost": 4.62,"Plan Rows": 4,"Plan Width": 16,"Actual Startup Time": 0.010,"Actual Total Time": 0.012,"Actual Rows": 2,"Actual Loops": 57138,"Index Cond": "(l_orderkey = orders.o_orderkey)","Rows Removed by Index Recheck": 0,"Filter": "(l_returnflag = 'R'::bpchar)","Rows Removed by Filter": 2,"Workers": []}]},{"Node Type": "Hash","Parent Relationship": "Inner","Parallel Aware": true,"Async Capable": false,"Startup Cost": 4210.00,"Total Cost": 4210.00,"Plan Rows": 62500,"Plan Width": 148,"Actual Startup Time": 53.968,"Actual Total Time": 53.976,"Actual Rows": 37500,"Actual Loops": 4,"Hash Buckets": 262144,"Original Hash Buckets": 262144,"Hash Batches": 1,"Original Hash Batches": 1,"Peak Memory Usage": 29344,"Workers": [],"Plans": [{"Node Type": "Seq Scan","Parent Relationship": "Outer","Parallel Aware": true,"Async Capable": false,"Relation Name": "customer","Alias": "customer","Startup Cost": 0.00,"Total Cost": 4210.00,"Plan Rows": 62500,"Plan Width": 148,"Actual Startup Time": 0.023,"Actual Total Time": 24.403,"Actual Rows": 37500,"Actual Loops": 4,"Workers": []}]}]},{"Node Type": "Hash","Parent Relationship": "Inner","Parallel Aware": false,"Async Capable": false,"Startup Cost": 1.25,"Total Cost": 1.25,"Plan Rows": 25,"Plan Width": 108,"Actual Startup Time": 0.099,"Actual Total Time": 0.106,"Actual Rows": 25,"Actual Loops": 4,"Hash Buckets": 1024,"Original Hash Buckets": 1024,"Hash Batches": 1,"Original Hash Batches": 1,"Peak Memory Usage": 10,"Workers": [],"Plans": [{"Node Type": "Seq Scan","Parent Relationship": "Outer","Parallel Aware": false,"Async Capable": false,"Relation Name": "nation","Alias": "nation","Startup Cost": 0.00,"Total Cost": 1.25,"Plan Rows": 25,"Plan Width": 108,"Actual Startup Time": 0.062,"Actual Total Time": 0.071,"Actual Rows": 25,"Actual Loops": 4,"Workers": []}]}]}]}]}]},"Planning Time": 6.540,"Triggers": [],"Execution Time": 634.012}]
[{"Plan": {"Node Type": "Sort","Parallel Aware": false,"Async Capable": false,"Startup Cost": 131080.21,"Total Cost": 131221.46,"Plan Rows": 56499,"Plan Width": 280,"Actual Startup Time": 605.493,"Actual Total Time": 645.716,"Actual Rows": 37967,"Actual Loops": 1,"Sort Key": ["(sum((lineitem.l_extendedprice * ('1'::numeric - lineitem.l_discount)))) DESC"],"Sort Method": "quicksort","Sort Space Used": 9838,"Sort Space Type": "Memory","Plans": [{"Node Type": "Aggregate","Strategy": "Hashed","Partial Mode": "Simple","Parent Relationship": "Outer","Parallel Aware": false,"Async Capable": false,"Startup Cost": 125914.53,"Total Cost": 126620.77,"Plan Rows": 56499,"Plan Width": 280,"Actual Startup Time": 424.904,"Actual Total Time": 572.991,"Actual Rows": 37967,"Actual Loops": 1,"Group Key": ["customer.c_custkey", "nation.n_name"],"Planned Partitions": 0,"HashAgg Batches": 1,"Peak Memory Usage": 26129,"Disk Usage": 0,"Plans": [{"Node Type": "Gather","Parent Relationship": "Outer","Parallel Aware": false,"Async Capable": false,"Startup Cost": 6785.77,"Total Cost": 125208.29,"Plan Rows": 56499,"Plan Width": 260,"Actual Startup Time": 85.491,"Actual Total Time": 295.043,"Actual Rows": 114705,"Actual Loops": 1,"Workers Planned": 3,"Workers Launched": 3,"Single Copy": false,"Plans": [{"Node Type": "Hash Join","Parent Relationship": "Outer","Parallel Aware": false,"Async Capable": false,"Join Type": "Inner","Startup Cost": 5785.77,"Total Cost": 118558.39,"Plan Rows": 18225,"Plan Width": 260,"Actual Startup Time": 77.990,"Actual Total Time": 369.128,"Actual Rows": 28676,"Actual Loops": 4,"Inner Unique": true,"Hash Cond": "(customer.c_nationkey = nation.n_nationkey)","Workers": [],"Plans": [{"Node Type": "Hash Join","Parent Relationship": "Outer","Parallel Aware": true,"Async Capable": false,"Join Type": "Inner","Startup Cost": 5784.20,"Total Cost": 118500.88,"Plan Rows": 18225,"Plan Width": 160,"Actual Startup Time": 77.566,"Actual Total Time": 359.708,"Actual Rows": 28676,"Actual Loops": 4,"Inner Unique": true,"Hash Cond": "(orders.o_custkey = customer.c_custkey)","Workers": [],"Plans": [{"Node Type": "Nested Loop","Parent Relationship": "Outer","Parallel Aware": false,"Async Capable": false,"Join Type": "Inner","Startup Cost": 792.95,"Total Cost": 113461.79,"Plan Rows": 18225,"Plan Width": 16,"Actual Startup Time": 13.246,"Actual Total Time": 255.571,"Actual Rows": 28676,"Actual Loops": 4,"Inner Unique": false,"Workers": [],"Plans": [{"Node Type": "Bitmap Heap Scan","Parent Relationship": "Outer","Parallel Aware": true,"Async Capable": false,"Relation Name": "orders","Alias": "orders","Startup Cost": 792.52,"Total Cost": 27165.14,"Plan Rows": 18508,"Plan Width": 8,"Actual Startup Time": 13.160,"Actual Total Time": 71.475,"Actual Rows": 14267,"Actual Loops": 4,"Recheck Cond": "((o_orderdate >= '1993-10-01'::date) AND (o_orderdate < '1994-01-01 00:00:00'::timestamp without time zone))","Rows Removed by Index Recheck": 0,"Exact Heap Blocks": 3708,"Lossy Heap Blocks": 0,"Workers": [],"Plans": [{"Node Type": "Bitmap Index Scan","Parent Relationship": "Outer","Parallel Aware": false,"Async Capable": false,"Index Name": "idx_orders_orderdate","Startup Cost": 0.00,"Total Cost": 778.18,"Plan Rows": 57375,"Plan Width": 0,"Actual Startup Time": 10.062,"Actual Total Time": 10.069,"Actual Rows": 57069,"Actual Loops": 1,"Index Cond": "((o_orderdate >= '1993-10-01'::date) AND (o_orderdate < '1994-01-01 00:00:00'::timestamp without time zone))","Workers": []}]},{"Node Type": "Index Scan","Parent Relationship": "Inner","Parallel Aware": false,"Async Capable": false,"Scan Direction": "Forward","Index Name": "idx_lineitem_orderkey","Relation Name": "lineitem","Alias": "lineitem","Startup Cost": 0.43,"Total Cost": 4.62,"Plan Rows": 4,"Plan Width": 16,"Actual Startup Time": 0.011,"Actual Total Time": 0.013,"Actual Rows": 2,"Actual Loops": 57069,"Index Cond": "(l_orderkey = orders.o_orderkey)","Rows Removed by Index Recheck": 0,"Filter": "(l_returnflag = 'R'::bpchar)","Rows Removed by Filter": 2,"Workers": []}]},{"Node Type": "Hash","Parent Relationship": "Inner","Parallel Aware": true,"Async Capable": false,"Startup Cost": 4210.00,"Total Cost": 4210.00,"Plan Rows": 62500,"Plan Width": 148,"Actual Startup Time": 63.688,"Actual Total Time": 63.696,"Actual Rows": 37500,"Actual Loops": 4,"Hash Buckets": 262144,"Original Hash Buckets": 262144,"Hash Batches": 1,"Original Hash Batches": 1,"Peak Memory Usage": 29312,"Workers": [],"Plans": [{"Node Type": "Seq Scan","Parent Relationship": "Outer","Parallel Aware": true,"Async Capable": false,"Relation Name": "customer","Alias": "customer","Startup Cost": 0.00,"Total Cost": 4210.00,"Plan Rows": 62500,"Plan Width": 148,"Actual Startup Time": 0.034,"Actual Total Time": 28.900,"Actual Rows": 37500,"Actual Loops": 4,"Workers": []}]}]},{"Node Type": "Hash","Parent Relationship": "Inner","Parallel Aware": false,"Async Capable": false,"Startup Cost": 1.25,"Total Cost": 1.25,"Plan Rows": 25,"Plan Width": 108,"Actual Startup Time": 0.102,"Actual Total Time": 0.107,"Actual Rows": 25,"Actual Loops": 4,"Hash Buckets": 1024,"Original Hash Buckets": 1024,"Hash Batches": 1,"Original Hash Batches": 1,"Peak Memory Usage": 10,"Workers": [],"Plans": [{"Node Type": "Seq Scan","Parent Relationship": "Outer","Parallel Aware": false,"Async Capable": false,"Relation Name": "nation","Alias": "nation","Startup Cost": 0.00,"Total Cost": 1.25,"Plan Rows": 25,"Plan Width": 108,"Actual Startup Time": 0.070,"Actual Total Time": 0.076,"Actual Rows": 25,"Actual Loops": 4,"Workers": []}]}]}]}]}]},"Planning Time": 6.575,"Triggers": [],"Execution Time": 649.944}]
[{"Plan": {"Node Type": "Sort","Parallel Aware": false,"Async Capable": false,"Startup Cost": 134586.43,"Total Cost": 134734.30,"Plan Rows": 59150,"Plan Width": 280,"Actual Startup Time": 563.586,"Actual Total Time": 604.383,"Actual Rows": 37293,"Actual Loops": 1,"Sort Key": ["(sum((lineitem.l_extendedprice * ('1'::numeric - lineitem.l_discount)))) DESC"],"Sort Method": "quicksort","Sort Space Used": 9691,"Sort Space Type": "Memory","Plans": [{"Node Type": "Aggregate","Strategy": "Hashed","Partial Mode": "Simple","Parent Relationship": "Outer","Parallel Aware": false,"Async Capable": false,"Startup Cost": 129158.80,"Total Cost": 129898.17,"Plan Rows": 59150,"Plan Width": 280,"Actual Startup Time": 392.436,"Actual Total Time": 532.730,"Actual Rows": 37293,"Actual Loops": 1,"Group Key": ["customer.c_custkey", "nation.n_name"],"Planned Partitions": 0,"HashAgg Batches": 1,"Peak Memory Usage": 27665,"Disk Usage": 0,"Plans": [{"Node Type": "Gather","Parent Relationship": "Outer","Parallel Aware": false,"Async Capable": false,"Startup Cost": 6825.36,"Total Cost": 128419.42,"Plan Rows": 59150,"Plan Width": 260,"Actual Startup Time": 75.957,"Actual Total Time": 271.680,"Actual Rows": 108779,"Actual Loops": 1,"Workers Planned": 3,"Workers Launched": 3,"Single Copy": false,"Plans": [{"Node Type": "Hash Join","Parent Relationship": "Outer","Parallel Aware": false,"Async Capable": false,"Join Type": "Inner","Startup Cost": 5825.36,"Total Cost": 121504.42,"Plan Rows": 19081,"Plan Width": 260,"Actual Startup Time": 69.040,"Actual Total Time": 339.341,"Actual Rows": 27195,"Actual Loops": 4,"Inner Unique": true,"Hash Cond": "(customer.c_nationkey = nation.n_nationkey)","Workers": [],"Plans": [{"Node Type": "Hash Join","Parent Relationship": "Outer","Parallel Aware": true,"Async Capable": false,"Join Type": "Inner","Startup Cost": 5823.80,"Total Cost": 121444.28,"Plan Rows": 19081,"Plan Width": 160,"Actual Startup Time": 68.657,"Actual Total Time": 330.758,"Actual Rows": 27195,"Actual Loops": 4,"Inner Unique": true,"Hash Cond": "(orders.o_custkey = customer.c_custkey)","Workers": [],"Plans": [{"Node Type": "Nested Loop","Parent Relationship": "Outer","Parallel Aware": false,"Async Capable": false,"Join Type": "Inner","Startup Cost": 832.55,"Total Cost": 116402.95,"Plan Rows": 19081,"Plan Width": 16,"Actual Startup Time": 13.292,"Actual Total Time": 236.377,"Actual Rows": 27195,"Actual Loops": 4,"Inner Unique": false,"Workers": [],"Plans": [{"Node Type": "Bitmap Heap Scan","Parent Relationship": "Outer","Parallel Aware": true,"Async Capable": false,"Relation Name": "orders","Alias": "orders","Startup Cost": 832.11,"Total Cost": 27217.76,"Plan Rows": 19376,"Plan Width": 8,"Actual Startup Time": 13.230,"Actual Total Time": 65.610,"Actual Rows": 14144,"Actual Loops": 4,"Recheck Cond": "((o_orderdate >= '1994-12-01'::date) AND (o_orderdate < '1995-03-01 00:00:00'::timestamp without time zone))","Rows Removed by Index Recheck": 0,"Exact Heap Blocks": 3506,"Lossy Heap Blocks": 0,"Workers": [],"Plans": [{"Node Type": "Bitmap Index Scan","Parent Relationship": "Outer","Parallel Aware": false,"Async Capable": false,"Index Name": "idx_orders_orderdate","Startup Cost": 0.00,"Total Cost": 817.10,"Plan Rows": 60067,"Plan Width": 0,"Actual Startup Time": 10.114,"Actual Total Time": 10.122,"Actual Rows": 56577,"Actual Loops": 1,"Index Cond": "((o_orderdate >= '1994-12-01'::date) AND (o_orderdate < '1995-03-01 00:00:00'::timestamp without time zone))","Workers": []}]},{"Node Type": "Index Scan","Parent Relationship": "Inner","Parallel Aware": false,"Async Capable": false,"Scan Direction": "Forward","Index Name": "idx_lineitem_orderkey","Relation Name": "lineitem","Alias": "lineitem","Startup Cost": 0.43,"Total Cost": 4.56,"Plan Rows": 4,"Plan Width": 16,"Actual Startup Time": 0.010,"Actual Total Time": 0.012,"Actual Rows": 2,"Actual Loops": 56577,"Index Cond": "(l_orderkey = orders.o_orderkey)","Rows Removed by Index Recheck": 0,"Filter": "(l_returnflag = 'R'::bpchar)","Rows Removed by Filter": 2,"Workers": []}]},{"Node Type": "Hash","Parent Relationship": "Inner","Parallel Aware": true,"Async Capable": false,"Startup Cost": 4210.00,"Total Cost": 4210.00,"Plan Rows": 62500,"Plan Width": 148,"Actual Startup Time": 54.812,"Actual Total Time": 54.818,"Actual Rows": 37500,"Actual Loops": 4,"Hash Buckets": 262144,"Original Hash Buckets": 262144,"Hash Batches": 1,"Original Hash Batches": 1,"Peak Memory Usage": 29312,"Workers": [],"Plans": [{"Node Type": "Seq Scan","Parent Relationship": "Outer","Parallel Aware": true,"Async Capable": false,"Relation Name": "customer","Alias": "customer","Startup Cost": 0.00,"Total Cost": 4210.00,"Plan Rows": 62500,"Plan Width": 148,"Actual Startup Time": 0.022,"Actual Total Time": 23.786,"Actual Rows": 37500,"Actual Loops": 4,"Workers": []}]}]},{"Node Type": "Hash","Parent Relationship": "Inner","Parallel Aware": false,"Async Capable": false,"Startup Cost": 1.25,"Total Cost": 1.25,"Plan Rows": 25,"Plan Width": 108,"Actual Startup Time": 0.089,"Actual Total Time": 0.092,"Actual Rows": 25,"Actual Loops": 4,"Hash Buckets": 1024,"Original Hash Buckets": 1024,"Hash Batches": 1,"Original Hash Batches": 1,"Peak Memory Usage": 10,"Workers": [],"Plans": [{"Node Type": "Seq Scan","Parent Relationship": "Outer","Parallel Aware": false,"Async Capable": false,"Relation Name": "nation","Alias": "nation","Startup Cost": 0.00,"Total Cost": 1.25,"Plan Rows": 25,"Plan Width": 108,"Actual Startup Time": 0.062,"Actual Total Time": 0.067,"Actual Rows": 25,"Actual Loops": 4,"Workers": []}]}]}]}]}]},"Planning Time": 7.387,"Triggers": [],"Execution Time": 611.176}]
[{"Plan": {"Node Type": "Sort","Parallel Aware": false,"Async Capable": false,"Startup Cost": 128172.02,"Total Cost": 128307.83,"Plan Rows": 54323,"Plan Width": 280,"Actual Startup Time": 580.875,"Actual Total Time": 621.555,"Actual Rows": 37633,"Actual Loops": 1,"Sort Key": ["(sum((lineitem.l_extendedprice * ('1'::numeric - lineitem.l_discount)))) DESC"],"Sort Method": "quicksort","Sort Space Used": 9771,"Sort Space Type": "Memory","Plans": [{"Node Type": "Aggregate","Strategy": "Hashed","Partial Mode": "Simple","Parent Relationship": "Outer","Parallel Aware": false,"Async Capable": false,"Startup Cost": 123220.68,"Total Cost": 123899.72,"Plan Rows": 54323,"Plan Width": 280,"Actual Startup Time": 405.186,"Actual Total Time": 549.451,"Actual Rows": 37633,"Actual Loops": 1,"Group Key": ["customer.c_custkey", "nation.n_name"],"Planned Partitions": 0,"HashAgg Batches": 1,"Peak Memory Usage": 26129,"Disk Usage": 0,"Plans": [{"Node Type": "Gather","Parent Relationship": "Outer","Parallel Aware": false,"Async Capable": false,"Startup Cost": 6755.11,"Total Cost": 122541.64,"Plan Rows": 54323,"Plan Width": 260,"Actual Startup Time": 76.087,"Actual Total Time": 280.080,"Actual Rows": 112740,"Actual Loops": 1,"Workers Planned": 3,"Workers Launched": 3,"Single Copy": false,"Plans": [{"Node Type": "Hash Join","Parent Relationship": "Outer","Parallel Aware": false,"Async Capable": false,"Join Type": "Inner","Startup Cost": 5755.11,"Total Cost": 116109.34,"Plan Rows": 17524,"Plan Width": 260,"Actual Startup Time": 69.042,"Actual Total Time": 350.531,"Actual Rows": 28185,"Actual Loops": 4,"Inner Unique": true,"Hash Cond": "(customer.c_nationkey = nation.n_nationkey)","Workers": [],"Plans": [{"Node Type": "Hash Join","Parent Relationship": "Outer","Parallel Aware": true,"Async Capable": false,"Join Type": "Inner","Startup Cost": 5753.55,"Total Cost": 116053.98,"Plan Rows": 17524,"Plan Width": 160,"Actual Startup Time": 68.729,"Actual Total Time": 342.552,"Actual Rows": 28185,"Actual Loops": 4,"Inner Unique": true,"Hash Cond": "(orders.o_custkey = customer.c_custkey)","Workers": [],"Plans": [{"Node Type": "Nested Loop","Parent Relationship": "Outer","Parallel Aware": false,"Async Capable": false,"Join Type": "Inner","Startup Cost": 762.30,"Total Cost": 111016.73,"Plan Rows": 17524,"Plan Width": 16,"Actual Startup Time": 13.194,"Actual Total Time": 245.701,"Actual Rows": 28185,"Actual Loops": 4,"Inner Unique": false,"Workers": [],"Plans": [{"Node Type": "Bitmap Heap Scan","Parent Relationship": "Outer","Parallel Aware": true,"Async Capable": false,"Relation Name": "orders","Alias": "orders","Startup Cost": 761.87,"Total Cost": 27123.80,"Plan Rows": 17795,"Plan Width": 8,"Actual Startup Time": 13.139,"Actual Total Time": 70.147,"Actual Rows": 14108,"Actual Loops": 4,"Recheck Cond": "((o_orderdate >= '1993-04-01'::date) AND (o_orderdate < '1993-07-01 00:00:00'::timestamp without time zone))","Rows Removed by Index Recheck": 0,"Exact Heap Blocks": 3504,"Lossy Heap Blocks": 0,"Workers": [],"Plans": [{"Node Type": "Bitmap Index Scan","Parent Relationship": "Outer","Parallel Aware": false,"Async Capable": false,"Index Name": "idx_orders_orderdate","Startup Cost": 0.00,"Total Cost": 748.08,"Plan Rows": 55165,"Plan Width": 0,"Actual Startup Time": 10.077,"Actual Total Time": 10.080,"Actual Rows": 56434,"Actual Loops": 1,"Index Cond": "((o_orderdate >= '1993-04-01'::date) AND (o_orderdate < '1993-07-01 00:00:00'::timestamp without time zone))","Workers": []}]},{"Node Type": "Index Scan","Parent Relationship": "Inner","Parallel Aware": false,"Async Capable": false,"Scan Direction": "Forward","Index Name": "idx_lineitem_orderkey","Relation Name": "lineitem","Alias": "lineitem","Startup Cost": 0.43,"Total Cost": 4.67,"Plan Rows": 4,"Plan Width": 16,"Actual Startup Time": 0.010,"Actual Total Time": 0.012,"Actual Rows": 2,"Actual Loops": 56434,"Index Cond": "(l_orderkey = orders.o_orderkey)","Rows Removed by Index Recheck": 0,"Filter": "(l_returnflag = 'R'::bpchar)","Rows Removed by Filter": 2,"Workers": []}]},{"Node Type": "Hash","Parent Relationship": "Inner","Parallel Aware": true,"Async Capable": false,"Startup Cost": 4210.00,"Total Cost": 4210.00,"Plan Rows": 62500,"Plan Width": 148,"Actual Startup Time": 54.995,"Actual Total Time": 55.002,"Actual Rows": 37500,"Actual Loops": 4,"Hash Buckets": 262144,"Original Hash Buckets": 262144,"Hash Batches": 1,"Original Hash Batches": 1,"Peak Memory Usage": 29312,"Workers": [],"Plans": [{"Node Type": "Seq Scan","Parent Relationship": "Outer","Parallel Aware": true,"Async Capable": false,"Relation Name": "customer","Alias": "customer","Startup Cost": 0.00,"Total Cost": 4210.00,"Plan Rows": 62500,"Plan Width": 148,"Actual Startup Time": 0.020,"Actual Total Time": 23.497,"Actual Rows": 37500,"Actual Loops": 4,"Workers": []}]}]},{"Node Type": "Hash","Parent Relationship": "Inner","Parallel Aware": false,"Async Capable": false,"Startup Cost": 1.25,"Total Cost": 1.25,"Plan Rows": 25,"Plan Width": 108,"Actual Startup Time": 0.072,"Actual Total Time": 0.079,"Actual Rows": 25,"Actual Loops": 4,"Hash Buckets": 1024,"Original Hash Buckets": 1024,"Hash Batches": 1,"Original Hash Batches": 1,"Peak Memory Usage": 10,"Workers": [],"Plans": [{"Node Type": "Seq Scan","Parent Relationship": "Outer","Parallel Aware": false,"Async Capable": false,"Relation Name": "nation","Alias": "nation","Startup Cost": 0.00,"Total Cost": 1.25,"Plan Rows": 25,"Plan Width": 108,"Actual Startup Time": 0.049,"Actual Total Time": 0.055,"Actual Rows": 25,"Actual Loops": 4,"Workers": []}]}]}]}]}]},"Planning Time": 7.486,"Triggers": [],"Execution Time": 627.374}]
[{"Plan": {"Node Type": "Sort","Parallel Aware": false,"Async Capable": false,"Startup Cost": 134586.43,"Total Cost": 134734.30,"Plan Rows": 59150,"Plan Width": 280,"Actual Startup Time": 563.586,"Actual Total Time": 604.383,"Actual Rows": 37293,"Actual Loops": 1,"Sort Key": ["(sum((lineitem.l_extendedprice * ('1'::numeric - lineitem.l_discount)))) DESC"],"Sort Method": "quicksort","Sort Space Used": 9691,"Sort Space Type": "Memory","Plans": [{"Node Type": "Aggregate","Strategy": "Hashed","Partial Mode": "Simple","Parent Relationship": "Outer","Parallel Aware": false,"Async Capable": false,"Startup Cost": 129158.80,"Total Cost": 129898.17,"Plan Rows": 59150,"Plan Width": 280,"Actual Startup Time": 392.436,"Actual Total Time": 532.730,"Actual Rows": 37293,"Actual Loops": 1,"Group Key": ["customer.c_custkey", "nation.n_name"],"Planned Partitions": 0,"HashAgg Batches": 1,"Peak Memory Usage": 27665,"Disk Usage": 0,"Plans": [{"Node Type": "Gather","Parent Relationship": "Outer","Parallel Aware": false,"Async Capable": false,"Startup Cost": 6825.36,"Total Cost": 128419.42,"Plan Rows": 59150,"Plan Width": 260,"Actual Startup Time": 75.957,"Actual Total Time": 271.680,"Actual Rows": 108779,"Actual Loops": 1,"Workers Planned": 3,"Workers Launched": 3,"Single Copy": false,"Plans": [{"Node Type": "Hash Join","Parent Relationship": "Outer","Parallel Aware": false,"Async Capable": false,"Join Type": "Inner","Startup Cost": 5825.36,"Total Cost": 121504.42,"Plan Rows": 19081,"Plan Width": 260,"Actual Startup Time": 69.040,"Actual Total Time": 339.341,"Actual Rows": 27195,"Actual Loops": 4,"Inner Unique": true,"Hash Cond": "(customer.c_nationkey = nation.n_nationkey)","Workers": [],"Plans": [{"Node Type": "Hash Join","Parent Relationship": "Outer","Parallel Aware": true,"Async Capable": false,"Join Type": "Inner","Startup Cost": 5823.80,"Total Cost": 121444.28,"Plan Rows": 19081,"Plan Width": 160,"Actual Startup Time": 68.657,"Actual Total Time": 330.758,"Actual Rows": 27195,"Actual Loops": 4,"Inner Unique": true,"Hash Cond": "(orders.o_custkey = customer.c_custkey)","Workers": [],"Plans": [{"Node Type": "Nested Loop","Parent Relationship": "Outer","Parallel Aware": false,"Async Capable": false,"Join Type": "Inner","Startup Cost": 832.55,"Total Cost": 116402.95,"Plan Rows": 19081,"Plan Width": 16,"Actual Startup Time": 13.292,"Actual Total Time": 236.377,"Actual Rows": 27195,"Actual Loops": 4,"Inner Unique": false,"Workers": [],"Plans": [{"Node Type": "Bitmap Heap Scan","Parent Relationship": "Outer","Parallel Aware": true,"Async Capable": false,"Relation Name": "orders","Alias": "orders","Startup Cost": 832.11,"Total Cost": 27217.76,"Plan Rows": 19376,"Plan Width": 8,"Actual Startup Time": 13.230,"Actual Total Time": 65.610,"Actual Rows": 14144,"Actual Loops": 4,"Recheck Cond": "((o_orderdate >= '1994-12-01'::date) AND (o_orderdate < '1995-03-01 00:00:00'::timestamp without time zone))","Rows Removed by Index Recheck": 0,"Exact Heap Blocks": 3506,"Lossy Heap Blocks": 0,"Workers": [],"Plans": [{"Node Type": "Bitmap Index Scan","Parent Relationship": "Outer","Parallel Aware": false,"Async Capable": false,"Index Name": "idx_orders_orderdate","Startup Cost": 0.00,"Total Cost": 817.10,"Plan Rows": 60067,"Plan Width": 0,"Actual Startup Time": 10.114,"Actual Total Time": 10.122,"Actual Rows": 56577,"Actual Loops": 1,"Index Cond": "((o_orderdate >= '1994-12-01'::date) AND (o_orderdate < '1995-03-01 00:00:00'::timestamp without time zone))","Workers": []}]},{"Node Type": "Index Scan","Parent Relationship": "Inner","Parallel Aware": false,"Async Capable": false,"Scan Direction": "Forward","Index Name": "idx_lineitem_orderkey","Relation Name": "lineitem","Alias": "lineitem","Startup Cost": 0.43,"Total Cost": 4.56,"Plan Rows": 4,"Plan Width": 16,"Actual Startup Time": 0.010,"Actual Total Time": 0.012,"Actual Rows": 2,"Actual Loops": 56577,"Index Cond": "(l_orderkey = orders.o_orderkey)","Rows Removed by Index Recheck": 0,"Filter": "(l_returnflag = 'R'::bpchar)","Rows Removed by Filter": 2,"Workers": []}]},{"Node Type": "Hash","Parent Relationship": "Inner","Parallel Aware": true,"Async Capable": false,"Startup Cost": 4210.00,"Total Cost": 4210.00,"Plan Rows": 62500,"Plan Width": 148,"Actual Startup Time": 54.812,"Actual Total Time": 54.818,"Actual Rows": 37500,"Actual Loops": 4,"Hash Buckets": 262144,"Original Hash Buckets": 262144,"Hash Batches": 1,"Original Hash Batches": 1,"Peak Memory Usage": 29312,"Workers": [],"Plans": [{"Node Type": "Seq Scan","Parent Relationship": "Outer","Parallel Aware": true,"Async Capable": false,"Relation Name": "customer","Alias": "customer","Startup Cost": 0.00,"Total Cost": 4210.00,"Plan Rows": 62500,"Plan Width": 148,"Actual Startup Time": 0.022,"Actual Total Time": 23.786,"Actual Rows": 37500,"Actual Loops": 4,"Workers": []}]}]},{"Node Type": "Hash","Parent Relationship": "Inner","Parallel Aware": false,"Async Capable": false,"Startup Cost": 1.25,"Total Cost": 1.25,"Plan Rows": 25,"Plan Width": 108,"Actual Startup Time": 0.089,"Actual Total Time": 0.092,"Actual Rows": 25,"Actual Loops": 4,"Hash Buckets": 1024,"Original Hash Buckets": 1024,"Hash Batches": 1,"Original Hash Batches": 1,"Peak Memory Usage": 10,"Workers": [],"Plans": [{"Node Type": "Seq Scan","Parent Relationship": "Outer","Parallel Aware": false,"Async Capable": false,"Relation Name": "nation","Alias": "nation","Startup Cost": 0.00,"Total Cost": 1.25,"Plan Rows": 25,"Plan Width": 108,"Actual Startup Time": 0.062,"Actual Total Time": 0.067,"Actual Rows": 25,"Actual Loops": 4,"Workers": []}]}]}]}]}]},"Planning Time": 7.387,"Triggers": [],"Execution Time": 611.176}]
[{"Plan": {"Node Type": "Sort","Parallel Aware": false,"Async Capable": false,"Startup Cost": 130909.78,"Total Cost": 131050.70,"Plan Rows": 56371,"Plan Width": 280,"Actual Startup Time": 586.743,"Actual Total Time": 630.152,"Actual Rows": 38263,"Actual Loops": 1,"Sort Key": ["(sum((lineitem.l_extendedprice * ('1'::numeric - lineitem.l_discount)))) DESC"],"Sort Method": "quicksort","Sort Space Used": 9899,"Sort Space Type": "Memory","Plans": [{"Node Type": "Aggregate","Strategy": "Hashed","Partial Mode": "Simple","Parent Relationship": "Outer","Parallel Aware": false,"Async Capable": false,"Startup Cost": 125756.71,"Total Cost": 126461.35,"Plan Rows": 56371,"Plan Width": 280,"Actual Startup Time": 417.199,"Actual Total Time": 554.225,"Actual Rows": 38263,"Actual Loops": 1,"Group Key": ["customer.c_custkey", "nation.n_name"],"Planned Partitions": 0,"HashAgg Batches": 1,"Peak Memory Usage": 26129,"Disk Usage": 0,"Plans": [{"Node Type": "Gather","Parent Relationship": "Outer","Parallel Aware": false,"Async Capable": false,"Startup Cost": 6784.43,"Total Cost": 125052.08,"Plan Rows": 56371,"Plan Width": 260,"Actual Startup Time": 75.828,"Actual Total Time": 292.854,"Actual Rows": 114665,"Actual Loops": 1,"Workers Planned": 3,"Workers Launched": 3,"Single Copy": false,"Plans": [{"Node Type": "Hash Join","Parent Relationship": "Outer","Parallel Aware": false,"Async Capable": false,"Join Type": "Inner","Startup Cost": 5784.43,"Total Cost": 118414.98,"Plan Rows": 18184,"Plan Width": 260,"Actual Startup Time": 68.693,"Actual Total Time": 360.677,"Actual Rows": 28666,"Actual Loops": 4,"Inner Unique": true,"Hash Cond": "(customer.c_nationkey = nation.n_nationkey)","Workers": [],"Plans": [{"Node Type": "Hash Join","Parent Relationship": "Outer","Parallel Aware": true,"Async Capable": false,"Join Type": "Inner","Startup Cost": 5782.87,"Total Cost": 118357.59,"Plan Rows": 18184,"Plan Width": 160,"Actual Startup Time": 68.338,"Actual Total Time": 351.919,"Actual Rows": 28666,"Actual Loops": 4,"Inner Unique": true,"Hash Cond": "(orders.o_custkey = customer.c_custkey)","Workers": [],"Plans": [{"Node Type": "Nested Loop","Parent Relationship": "Outer","Parallel Aware": false,"Async Capable": false,"Join Type": "Inner","Startup Cost": 791.62,"Total Cost": 113318.61,"Plan Rows": 18184,"Plan Width": 16,"Actual Startup Time": 13.513,"Actual Total Time": 254.371,"Actual Rows": 28666,"Actual Loops": 4,"Inner Unique": false,"Workers": [],"Plans": [{"Node Type": "Bitmap Heap Scan","Parent Relationship": "Outer","Parallel Aware": true,"Async Capable": false,"Relation Name": "orders","Alias": "orders","Startup Cost": 791.19,"Total Cost": 27163.18,"Plan Rows": 18466,"Plan Width": 8,"Actual Startup Time": 13.445,"Actual Total Time": 71.425,"Actual Rows": 14346,"Actual Loops": 4,"Recheck Cond": "((o_orderdate >= '1994-07-01'::date) AND (o_orderdate < '1994-10-01 00:00:00'::timestamp without time zone))","Rows Removed by Index Recheck": 0,"Exact Heap Blocks": 3489,"Lossy Heap Blocks": 0,"Workers": [],"Plans": [{"Node Type": "Bitmap Index Scan","Parent Relationship": "Outer","Parallel Aware": false,"Async Capable": false,"Index Name": "idx_orders_orderdate","Startup Cost": 0.00,"Total Cost": 776.88,"Plan Rows": 57245,"Plan Width": 0,"Actual Startup Time": 10.310,"Actual Total Time": 10.312,"Actual Rows": 57384,"Actual Loops": 1,"Index Cond": "((o_orderdate >= '1994-07-01'::date) AND (o_orderdate < '1994-10-01 00:00:00'::timestamp without time zone))","Workers": []}]},{"Node Type": "Index Scan","Parent Relationship": "Inner","Parallel Aware": false,"Async Capable": false,"Scan Direction": "Forward","Index Name": "idx_lineitem_orderkey","Relation Name": "lineitem","Alias": "lineitem","Startup Cost": 0.43,"Total Cost": 4.63,"Plan Rows": 4,"Plan Width": 16,"Actual Startup Time": 0.010,"Actual Total Time": 0.012,"Actual Rows": 2,"Actual Loops": 57384,"Index Cond": "(l_orderkey = orders.o_orderkey)","Rows Removed by Index Recheck": 0,"Filter": "(l_returnflag = 'R'::bpchar)","Rows Removed by Filter": 2,"Workers": []}]},{"Node Type": "Hash","Parent Relationship": "Inner","Parallel Aware": true,"Async Capable": false,"Startup Cost": 4210.00,"Total Cost": 4210.00,"Plan Rows": 62500,"Plan Width": 148,"Actual Startup Time": 54.206,"Actual Total Time": 54.213,"Actual Rows": 37500,"Actual Loops": 4,"Hash Buckets": 262144,"Original Hash Buckets": 262144,"Hash Batches": 1,"Original Hash Batches": 1,"Peak Memory Usage": 29312,"Workers": [],"Plans": [{"Node Type": "Seq Scan","Parent Relationship": "Outer","Parallel Aware": true,"Async Capable": false,"Relation Name": "customer","Alias": "customer","Startup Cost": 0.00,"Total Cost": 4210.00,"Plan Rows": 62500,"Plan Width": 148,"Actual Startup Time": 0.020,"Actual Total Time": 23.974,"Actual Rows": 37500,"Actual Loops": 4,"Workers": []}]}]},{"Node Type": "Hash","Parent Relationship": "Inner","Parallel Aware": false,"Async Capable": false,"Startup Cost": 1.25,"Total Cost": 1.25,"Plan Rows": 25,"Plan Width": 108,"Actual Startup Time": 0.080,"Actual Total Time": 0.085,"Actual Rows": 25,"Actual Loops": 4,"Hash Buckets": 1024,"Original Hash Buckets": 1024,"Hash Batches": 1,"Original Hash Batches": 1,"Peak Memory Usage": 10,"Workers": [],"Plans": [{"Node Type": "Seq Scan","Parent Relationship": "Outer","Parallel Aware": false,"Async Capable": false,"Relation Name": "nation","Alias": "nation","Startup Cost": 0.00,"Total Cost": 1.25,"Plan Rows": 25,"Plan Width": 108,"Actual Startup Time": 0.053,"Actual Total Time": 0.059,"Actual Rows": 25,"Actual Loops": 4,"Workers": []}]}]}]}]}]},"Planning Time": 7.471,"Triggers": [],"Execution Time": 636.412}]
[{"Plan": {"Node Type": "Sort","Parallel Aware": false,"Async Capable": false,"Startup Cost": 130505.43,"Total Cost": 130645.60,"Plan Rows": 56065,"Plan Width": 280,"Actual Startup Time": 601.513,"Actual Total Time": 641.580,"Actual Rows": 37018,"Actual Loops": 1,"Sort Key": ["(sum((lineitem.l_extendedprice * ('1'::numeric - lineitem.l_discount)))) DESC"],"Sort Method": "quicksort","Sort Space Used": 9627,"Sort Space Type": "Memory","Plans": [{"Node Type": "Aggregate","Strategy": "Hashed","Partial Mode": "Simple","Parent Relationship": "Outer","Parallel Aware": false,"Async Capable": false,"Startup Cost": 125382.55,"Total Cost": 126083.36,"Plan Rows": 56065,"Plan Width": 280,"Actual Startup Time": 416.495,"Actual Total Time": 572.420,"Actual Rows": 37018,"Actual Loops": 1,"Group Key": ["customer.c_custkey", "nation.n_name"],"Planned Partitions": 0,"HashAgg Batches": 1,"Peak Memory Usage": 26129,"Disk Usage": 0,"Plans": [{"Node Type": "Gather","Parent Relationship": "Outer","Parallel Aware": false,"Async Capable": false,"Startup Cost": 6781.25,"Total Cost": 124681.73,"Plan Rows": 56065,"Plan Width": 260,"Actual Startup Time": 81.623,"Actual Total Time": 288.921,"Actual Rows": 110603,"Actual Loops": 1,"Workers Planned": 3,"Workers Launched": 3,"Single Copy": false,"Plans": [{"Node Type": "Hash Join","Parent Relationship": "Outer","Parallel Aware": false,"Async Capable": false,"Join Type": "Inner","Startup Cost": 5781.25,"Total Cost": 118075.23,"Plan Rows": 18085,"Plan Width": 260,"Actual Startup Time": 74.243,"Actual Total Time": 359.851,"Actual Rows": 27651,"Actual Loops": 4,"Inner Unique": true,"Hash Cond": "(customer.c_nationkey = nation.n_nationkey)","Workers": [],"Plans": [{"Node Type": "Hash Join","Parent Relationship": "Outer","Parallel Aware": true,"Async Capable": false,"Join Type": "Inner","Startup Cost": 5779.68,"Total Cost": 118018.16,"Plan Rows": 18085,"Plan Width": 160,"Actual Startup Time": 73.807,"Actual Total Time": 350.724,"Actual Rows": 27651,"Actual Loops": 4,"Inner Unique": true,"Hash Cond": "(orders.o_custkey = customer.c_custkey)","Workers": [],"Plans": [{"Node Type": "Nested Loop","Parent Relationship": "Outer","Parallel Aware": false,"Async Capable": false,"Join Type": "Inner","Startup Cost": 788.43,"Total Cost": 112979.43,"Plan Rows": 18085,"Plan Width": 16,"Actual Startup Time": 13.351,"Actual Total Time": 248.674,"Actual Rows": 27651,"Actual Loops": 4,"Inner Unique": false,"Workers": [],"Plans": [{"Node Type": "Bitmap Heap Scan","Parent Relationship": "Outer","Parallel Aware": true,"Async Capable": false,"Relation Name": "orders","Alias": "orders","Startup Cost": 788.00,"Total Cost": 27158.49,"Plan Rows": 18366,"Plan Width": 8,"Actual Startup Time": 13.297,"Actual Total Time": 70.614,"Actual Rows": 13866,"Actual Loops": 4,"Recheck Cond": "((o_orderdate >= '1994-02-01'::date) AND (o_orderdate < '1994-05-01 00:00:00'::timestamp without time zone))","Rows Removed by Index Recheck": 0,"Exact Heap Blocks": 3619,"Lossy Heap Blocks": 0,"Workers": [],"Plans": [{"Node Type": "Bitmap Index Scan","Parent Relationship": "Outer","Parallel Aware": false,"Async Capable": false,"Index Name": "idx_orders_orderdate","Startup Cost": 0.00,"Total Cost": 773.77,"Plan Rows": 56934,"Plan Width": 0,"Actual Startup Time": 10.157,"Actual Total Time": 10.161,"Actual Rows": 55462,"Actual Loops": 1,"Index Cond": "((o_orderdate >= '1994-02-01'::date) AND (o_orderdate < '1994-05-01 00:00:00'::timestamp without time zone))","Workers": []}]},{"Node Type": "Index Scan","Parent Relationship": "Inner","Parallel Aware": false,"Async Capable": false,"Scan Direction": "Forward","Index Name": "idx_lineitem_orderkey","Relation Name": "lineitem","Alias": "lineitem","Startup Cost": 0.43,"Total Cost": 4.63,"Plan Rows": 4,"Plan Width": 16,"Actual Startup Time": 0.010,"Actual Total Time": 0.012,"Actual Rows": 2,"Actual Loops": 55462,"Index Cond": "(l_orderkey = orders.o_orderkey)","Rows Removed by Index Recheck": 0,"Filter": "(l_returnflag = 'R'::bpchar)","Rows Removed by Filter": 2,"Workers": []}]},{"Node Type": "Hash","Parent Relationship": "Inner","Parallel Aware": true,"Async Capable": false,"Startup Cost": 4210.00,"Total Cost": 4210.00,"Plan Rows": 62500,"Plan Width": 148,"Actual Startup Time": 59.812,"Actual Total Time": 59.817,"Actual Rows": 37500,"Actual Loops": 4,"Hash Buckets": 262144,"Original Hash Buckets": 262144,"Hash Batches": 1,"Original Hash Batches": 1,"Peak Memory Usage": 29344,"Workers": [],"Plans": [{"Node Type": "Seq Scan","Parent Relationship": "Outer","Parallel Aware": true,"Async Capable": false,"Relation Name": "customer","Alias": "customer","Startup Cost": 0.00,"Total Cost": 4210.00,"Plan Rows": 62500,"Plan Width": 148,"Actual Startup Time": 0.038,"Actual Total Time": 25.477,"Actual Rows": 37500,"Actual Loops": 4,"Workers": []}]}]},{"Node Type": "Hash","Parent Relationship": "Inner","Parallel Aware": false,"Async Capable": false,"Startup Cost": 1.25,"Total Cost": 1.25,"Plan Rows": 25,"Plan Width": 108,"Actual Startup Time": 0.111,"Actual Total Time": 0.116,"Actual Rows": 25,"Actual Loops": 4,"Hash Buckets": 1024,"Original Hash Buckets": 1024,"Hash Batches": 1,"Original Hash Batches": 1,"Peak Memory Usage": 10,"Workers": [],"Plans": [{"Node Type": "Seq Scan","Parent Relationship": "Outer","Parallel Aware": false,"Async Capable": false,"Relation Name": "nation","Alias": "nation","Startup Cost": 0.00,"Total Cost": 1.25,"Plan Rows": 25,"Plan Width": 108,"Actual Startup Time": 0.071,"Actual Total Time": 0.077,"Actual Rows": 25,"Actual Loops": 4,"Workers": []}]}]}]}]}]},"Planning Time": 7.387,"Triggers": [],"Execution Time": 645.928}]
[{"Plan": {"Node Type": "Sort","Parallel Aware": false,"Async Capable": false,"Startup Cost": 135294.26,"Total Cost": 135443.48,"Plan Rows": 59689,"Plan Width": 280,"Actual Startup Time": 545.457,"Actual Total Time": 585.279,"Actual Rows": 35593,"Actual Loops": 1,"Sort Key": ["(sum((lineitem.l_extendedprice * ('1'::numeric - lineitem.l_discount)))) DESC"],"Sort Method": "quicksort","Sort Space Used": 9317,"Sort Space Type": "Memory","Plans": [{"Node Type": "Aggregate","Strategy": "Hashed","Partial Mode": "Simple","Parent Relationship": "Outer","Parallel Aware": false,"Async Capable": false,"Startup Cost": 129813.27,"Total Cost": 130559.38,"Plan Rows": 59689,"Plan Width": 280,"Actual Startup Time": 389.996,"Actual Total Time": 517.393,"Actual Rows": 35593,"Actual Loops": 1,"Group Key": ["customer.c_custkey", "nation.n_name"],"Planned Partitions": 0,"HashAgg Batches": 1,"Peak Memory Usage": 27665,"Disk Usage": 0,"Plans": [{"Node Type": "Gather","Parent Relationship": "Outer","Parallel Aware": false,"Async Capable": false,"Startup Cost": 6830.97,"Total Cost": 129067.15,"Plan Rows": 59689,"Plan Width": 260,"Actual Startup Time": 76.518,"Actual Total Time": 281.363,"Actual Rows": 94907,"Actual Loops": 1,"Workers Planned": 3,"Workers Launched": 3,"Single Copy": false,"Plans": [{"Node Type": "Hash Join","Parent Relationship": "Outer","Parallel Aware": false,"Async Capable": false,"Join Type": "Inner","Startup Cost": 5830.97,"Total Cost": 122098.25,"Plan Rows": 19255,"Plan Width": 260,"Actual Startup Time": 68.775,"Actual Total Time": 339.806,"Actual Rows": 23727,"Actual Loops": 4,"Inner Unique": true,"Hash Cond": "(customer.c_nationkey = nation.n_nationkey)","Workers": [],"Plans": [{"Node Type": "Hash Join","Parent Relationship": "Outer","Parallel Aware": true,"Async Capable": false,"Join Type": "Inner","Startup Cost": 5829.40,"Total Cost": 122037.58,"Plan Rows": 19255,"Plan Width": 160,"Actual Startup Time": 68.296,"Actual Total Time": 331.130,"Actual Rows": 23727,"Actual Loops": 4,"Inner Unique": true,"Hash Cond": "(orders.o_custkey = customer.c_custkey)","Workers": [],"Plans": [{"Node Type": "Nested Loop","Parent Relationship": "Outer","Parallel Aware": false,"Async Capable": false,"Join Type": "Inner","Startup Cost": 838.15,"Total Cost": 116995.79,"Plan Rows": 19255,"Plan Width": 16,"Actual Startup Time": 13.636,"Actual Total Time": 241.200,"Actual Rows": 23727,"Actual Loops": 4,"Inner Unique": false,"Workers": [],"Plans": [{"Node Type": "Bitmap Heap Scan","Parent Relationship": "Outer","Parallel Aware": true,"Async Capable": false,"Relation Name": "orders","Alias": "orders","Startup Cost": 837.72,"Total Cost": 27226.01,"Plan Rows": 19553,"Plan Width": 8,"Actual Startup Time": 13.552,"Actual Total Time": 68.983,"Actual Rows": 14126,"Actual Loops": 4,"Recheck Cond": "((o_orderdate >= '1995-01-01'::date) AND (o_orderdate < '1995-04-01 00:00:00'::timestamp without time zone))","Rows Removed by Index Recheck": 0,"Exact Heap Blocks": 3623,"Lossy Heap Blocks": 0,"Workers": [],"Plans": [{"Node Type": "Bitmap Index Scan","Parent Relationship": "Outer","Parallel Aware": false,"Async Capable": false,"Index Name": "idx_orders_orderdate","Startup Cost": 0.00,"Total Cost": 822.57,"Plan Rows": 60614,"Plan Width": 0,"Actual Startup Time": 10.475,"Actual Total Time": 10.479,"Actual Rows": 56506,"Actual Loops": 1,"Index Cond": "((o_orderdate >= '1995-01-01'::date) AND (o_orderdate < '1995-04-01 00:00:00'::timestamp without time zone))","Workers": []}]},{"Node Type": "Index Scan","Parent Relationship": "Inner","Parallel Aware": false,"Async Capable": false,"Scan Direction": "Forward","Index Name": "idx_lineitem_orderkey","Relation Name": "lineitem","Alias": "lineitem","Startup Cost": 0.43,"Total Cost": 4.55,"Plan Rows": 4,"Plan Width": 16,"Actual Startup Time": 0.010,"Actual Total Time": 0.012,"Actual Rows": 2,"Actual Loops": 56506,"Index Cond": "(l_orderkey = orders.o_orderkey)","Rows Removed by Index Recheck": 0,"Filter": "(l_returnflag = 'R'::bpchar)","Rows Removed by Filter": 2,"Workers": []}]},{"Node Type": "Hash","Parent Relationship": "Inner","Parallel Aware": true,"Async Capable": false,"Startup Cost": 4210.00,"Total Cost": 4210.00,"Plan Rows": 62500,"Plan Width": 148,"Actual Startup Time": 54.088,"Actual Total Time": 54.097,"Actual Rows": 37500,"Actual Loops": 4,"Hash Buckets": 262144,"Original Hash Buckets": 262144,"Hash Batches": 1,"Original Hash Batches": 1,"Peak Memory Usage": 29312,"Workers": [],"Plans": [{"Node Type": "Seq Scan","Parent Relationship": "Outer","Parallel Aware": true,"Async Capable": false,"Relation Name": "customer","Alias": "customer","Startup Cost": 0.00,"Total Cost": 4210.00,"Plan Rows": 62500,"Plan Width": 148,"Actual Startup Time": 0.033,"Actual Total Time": 23.775,"Actual Rows": 37500,"Actual Loops": 4,"Workers": []}]}]},{"Node Type": "Hash","Parent Relationship": "Inner","Parallel Aware": false,"Async Capable": false,"Startup Cost": 1.25,"Total Cost": 1.25,"Plan Rows": 25,"Plan Width": 108,"Actual Startup Time": 0.094,"Actual Total Time": 0.098,"Actual Rows": 25,"Actual Loops": 4,"Hash Buckets": 1024,"Original Hash Buckets": 1024,"Hash Batches": 1,"Original Hash Batches": 1,"Peak Memory Usage": 10,"Workers": [],"Plans": [{"Node Type": "Seq Scan","Parent Relationship": "Outer","Parallel Aware": false,"Async Capable": false,"Relation Name": "nation","Alias": "nation","Startup Cost": 0.00,"Total Cost": 1.25,"Plan Rows": 25,"Plan Width": 108,"Actual Startup Time": 0.062,"Actual Total Time": 0.068,"Actual Rows": 25,"Actual Loops": 4,"Workers": []}]}]}]}]}]},"Planning Time": 7.620,"Triggers": [],"Execution Time": 593.147}]
[{"Plan": {"Node Type": "Sort","Parallel Aware": false,"Async Capable": false,"Startup Cost": 132166.82,"Total Cost": 132310.11,"Plan Rows": 57318,"Plan Width": 280,"Actual Startup Time": 590.000,"Actual Total Time": 630.537,"Actual Rows": 37972,"Actual Loops": 1,"Sort Key": ["(sum((lineitem.l_extendedprice * ('1'::numeric - lineitem.l_discount)))) DESC"],"Sort Method": "quicksort","Sort Space Used": 9843,"Sort Space Type": "Memory","Plans": [{"Node Type": "Aggregate","Strategy": "Hashed","Partial Mode": "Simple","Parent Relationship": "Outer","Parallel Aware": false,"Async Capable": false,"Startup Cost": 126920.30,"Total Cost": 127636.77,"Plan Rows": 57318,"Plan Width": 280,"Actual Startup Time": 413.108,"Actual Total Time": 556.129,"Actual Rows": 37972,"Actual Loops": 1,"Group Key": ["customer.c_custkey", "nation.n_name"],"Planned Partitions": 0,"HashAgg Batches": 1,"Peak Memory Usage": 26129,"Disk Usage": 0,"Plans": [{"Node Type": "Gather","Parent Relationship": "Outer","Parallel Aware": false,"Async Capable": false,"Startup Cost": 6798.29,"Total Cost": 126203.82,"Plan Rows": 57318,"Plan Width": 260,"Actual Startup Time": 77.619,"Actual Total Time": 286.194,"Actual Rows": 114459,"Actual Loops": 1,"Workers Planned": 3,"Workers Launched": 3,"Single Copy": false,"Plans": [{"Node Type": "Hash Join","Parent Relationship": "Outer","Parallel Aware": false,"Async Capable": false,"Join Type": "Inner","Startup Cost": 5798.29,"Total Cost": 119472.02,"Plan Rows": 18490,"Plan Width": 260,"Actual Startup Time": 70.122,"Actual Total Time": 358.029,"Actual Rows": 28615,"Actual Loops": 4,"Inner Unique": true,"Hash Cond": "(customer.c_nationkey = nation.n_nationkey)","Workers": [],"Plans": [{"Node Type": "Hash Join","Parent Relationship": "Outer","Parallel Aware": true,"Async Capable": false,"Join Type": "Inner","Startup Cost": 5796.73,"Total Cost": 119413.69,"Plan Rows": 18490,"Plan Width": 160,"Actual Startup Time": 69.815,"Actual Total Time": 349.575,"Actual Rows": 28615,"Actual Loops": 4,"Inner Unique": true,"Hash Cond": "(orders.o_custkey = customer.c_custkey)","Workers": [],"Plans": [{"Node Type": "Nested Loop","Parent Relationship": "Outer","Parallel Aware": false,"Async Capable": false,"Join Type": "Inner","Startup Cost": 805.48,"Total Cost": 114373.91,"Plan Rows": 18490,"Plan Width": 16,"Actual Startup Time": 13.081,"Actual Total Time": 249.954,"Actual Rows": 28615,"Actual Loops": 4,"Inner Unique": false,"Workers": [],"Plans": [{"Node Type": "Bitmap Heap Scan","Parent Relationship": "Outer","Parallel Aware": true,"Async Capable": false,"Relation Name": "orders","Alias": "orders","Startup Cost": 805.05,"Total Cost": 27181.70,"Plan Rows": 18776,"Plan Width": 8,"Actual Startup Time": 13.019,"Actual Total Time": 71.418,"Actual Rows": 14305,"Actual Loops": 4,"Recheck Cond": "((o_orderdate >= '1994-10-01'::date) AND (o_orderdate < '1995-01-01 00:00:00'::timestamp without time zone))","Rows Removed by Index Recheck": 0,"Exact Heap Blocks": 3518,"Lossy Heap Blocks": 0,"Workers": [],"Plans": [{"Node Type": "Bitmap Index Scan","Parent Relationship": "Outer","Parallel Aware": false,"Async Capable": false,"Index Name": "idx_orders_orderdate","Startup Cost": 0.00,"Total Cost": 790.50,"Plan Rows": 58207,"Plan Width": 0,"Actual Startup Time": 9.954,"Actual Total Time": 9.955,"Actual Rows": 57219,"Actual Loops": 1,"Index Cond": "((o_orderdate >= '1994-10-01'::date) AND (o_orderdate < '1995-01-01 00:00:00'::timestamp without time zone))","Workers": []}]},{"Node Type": "Index Scan","Parent Relationship": "Inner","Parallel Aware": false,"Async Capable": false,"Scan Direction": "Forward","Index Name": "idx_lineitem_orderkey","Relation Name": "lineitem","Alias": "lineitem","Startup Cost": 0.43,"Total Cost": 4.60,"Plan Rows": 4,"Plan Width": 16,"Actual Startup Time": 0.010,"Actual Total Time": 0.012,"Actual Rows": 2,"Actual Loops": 57219,"Index Cond": "(l_orderkey = orders.o_orderkey)","Rows Removed by Index Recheck": 0,"Filter": "(l_returnflag = 'R'::bpchar)","Rows Removed by Filter": 2,"Workers": []}]},{"Node Type": "Hash","Parent Relationship": "Inner","Parallel Aware": true,"Async Capable": false,"Startup Cost": 4210.00,"Total Cost": 4210.00,"Plan Rows": 62500,"Plan Width": 148,"Actual Startup Time": 56.184,"Actual Total Time": 56.192,"Actual Rows": 37500,"Actual Loops": 4,"Hash Buckets": 262144,"Original Hash Buckets": 262144,"Hash Batches": 1,"Original Hash Batches": 1,"Peak Memory Usage": 29344,"Workers": [],"Plans": [{"Node Type": "Seq Scan","Parent Relationship": "Outer","Parallel Aware": true,"Async Capable": false,"Relation Name": "customer","Alias": "customer","Startup Cost": 0.00,"Total Cost": 4210.00,"Plan Rows": 62500,"Plan Width": 148,"Actual Startup Time": 0.017,"Actual Total Time": 25.696,"Actual Rows": 37500,"Actual Loops": 4,"Workers": []}]}]},{"Node Type": "Hash","Parent Relationship": "Inner","Parallel Aware": false,"Async Capable": false,"Startup Cost": 1.25,"Total Cost": 1.25,"Plan Rows": 25,"Plan Width": 108,"Actual Startup Time": 0.071,"Actual Total Time": 0.075,"Actual Rows": 25,"Actual Loops": 4,"Hash Buckets": 1024,"Original Hash Buckets": 1024,"Hash Batches": 1,"Original Hash Batches": 1,"Peak Memory Usage": 10,"Workers": [],"Plans": [{"Node Type": "Seq Scan","Parent Relationship": "Outer","Parallel Aware": false,"Async Capable": false,"Relation Name": "nation","Alias": "nation","Startup Cost": 0.00,"Total Cost": 1.25,"Plan Rows": 25,"Plan Width": 108,"Actual Startup Time": 0.050,"Actual Total Time": 0.053,"Actual Rows": 25,"Actual Loops": 4,"Workers": []}]}]}]}]}]},"Planning Time": 7.724,"Triggers": [],"Execution Time": 636.921}]
[{"Plan": {"Node Type": "Sort","Parallel Aware": false,"Async Capable": false,"Startup Cost": 131080.21,"Total Cost": 131221.46,"Plan Rows": 56499,"Plan Width": 280,"Actual Startup Time": 607.607,"Actual Total Time": 646.377,"Actual Rows": 37607,"Actual Loops": 1,"Sort Key": ["(sum((lineitem.l_extendedprice * ('1'::numeric - lineitem.l_discount)))) DESC"],"Sort Method": "quicksort","Sort Space Used": 9755,"Sort Space Type": "Memory","Plans": [{"Node Type": "Aggregate","Strategy": "Hashed","Partial Mode": "Simple","Parent Relationship": "Outer","Parallel Aware": false,"Async Capable": false,"Startup Cost": 125914.53,"Total Cost": 126620.77,"Plan Rows": 56499,"Plan Width": 280,"Actual Startup Time": 421.745,"Actual Total Time": 572.585,"Actual Rows": 37607,"Actual Loops": 1,"Group Key": ["customer.c_custkey", "nation.n_name"],"Planned Partitions": 0,"HashAgg Batches": 1,"Peak Memory Usage": 26129,"Disk Usage": 0,"Plans": [{"Node Type": "Gather","Parent Relationship": "Outer","Parallel Aware": false,"Async Capable": false,"Startup Cost": 6785.77,"Total Cost": 125208.29,"Plan Rows": 56499,"Plan Width": 260,"Actual Startup Time": 84.737,"Actual Total Time": 294.745,"Actual Rows": 112798,"Actual Loops": 1,"Workers Planned": 3,"Workers Launched": 3,"Single Copy": false,"Plans": [{"Node Type": "Hash Join","Parent Relationship": "Outer","Parallel Aware": false,"Async Capable": false,"Join Type": "Inner","Startup Cost": 5785.77,"Total Cost": 118558.39,"Plan Rows": 18225,"Plan Width": 260,"Actual Startup Time": 77.703,"Actual Total Time": 365.765,"Actual Rows": 28200,"Actual Loops": 4,"Inner Unique": true,"Hash Cond": "(customer.c_nationkey = nation.n_nationkey)","Workers": [],"Plans": [{"Node Type": "Hash Join","Parent Relationship": "Outer","Parallel Aware": true,"Async Capable": false,"Join Type": "Inner","Startup Cost": 5784.20,"Total Cost": 118500.88,"Plan Rows": 18225,"Plan Width": 160,"Actual Startup Time": 77.334,"Actual Total Time": 357.276,"Actual Rows": 28200,"Actual Loops": 4,"Inner Unique": true,"Hash Cond": "(orders.o_custkey = customer.c_custkey)","Workers": [],"Plans": [{"Node Type": "Nested Loop","Parent Relationship": "Outer","Parallel Aware": false,"Async Capable": false,"Join Type": "Inner","Startup Cost": 792.95,"Total Cost": 113461.79,"Plan Rows": 18225,"Plan Width": 16,"Actual Startup Time": 13.152,"Actual Total Time": 254.573,"Actual Rows": 28200,"Actual Loops": 4,"Inner Unique": false,"Workers": [],"Plans": [{"Node Type": "Bitmap Heap Scan","Parent Relationship": "Outer","Parallel Aware": true,"Async Capable": false,"Relation Name": "orders","Alias": "orders","Startup Cost": 792.52,"Total Cost": 27165.14,"Plan Rows": 18508,"Plan Width": 8,"Actual Startup Time": 13.088,"Actual Total Time": 71.143,"Actual Rows": 14087,"Actual Loops": 4,"Recheck Cond": "((o_orderdate >= '1994-01-01'::date) AND (o_orderdate < '1994-04-01 00:00:00'::timestamp without time zone))","Rows Removed by Index Recheck": 0,"Exact Heap Blocks": 3702,"Lossy Heap Blocks": 0,"Workers": [],"Plans": [{"Node Type": "Bitmap Index Scan","Parent Relationship": "Outer","Parallel Aware": false,"Async Capable": false,"Index Name": "idx_orders_orderdate","Startup Cost": 0.00,"Total Cost": 778.18,"Plan Rows": 57375,"Plan Width": 0,"Actual Startup Time": 9.927,"Actual Total Time": 9.934,"Actual Rows": 56349,"Actual Loops": 1,"Index Cond": "((o_orderdate >= '1994-01-01'::date) AND (o_orderdate < '1994-04-01 00:00:00'::timestamp without time zone))","Workers": []}]},{"Node Type": "Index Scan","Parent Relationship": "Inner","Parallel Aware": false,"Async Capable": false,"Scan Direction": "Forward","Index Name": "idx_lineitem_orderkey","Relation Name": "lineitem","Alias": "lineitem","Startup Cost": 0.43,"Total Cost": 4.62,"Plan Rows": 4,"Plan Width": 16,"Actual Startup Time": 0.011,"Actual Total Time": 0.013,"Actual Rows": 2,"Actual Loops": 56349,"Index Cond": "(l_orderkey = orders.o_orderkey)","Rows Removed by Index Recheck": 0,"Filter": "(l_returnflag = 'R'::bpchar)","Rows Removed by Filter": 2,"Workers": []}]},{"Node Type": "Hash","Parent Relationship": "Inner","Parallel Aware": true,"Async Capable": false,"Startup Cost": 4210.00,"Total Cost": 4210.00,"Plan Rows": 62500,"Plan Width": 148,"Actual Startup Time": 63.582,"Actual Total Time": 63.588,"Actual Rows": 37500,"Actual Loops": 4,"Hash Buckets": 262144,"Original Hash Buckets": 262144,"Hash Batches": 1,"Original Hash Batches": 1,"Peak Memory Usage": 29312,"Workers": [],"Plans": [{"Node Type": "Seq Scan","Parent Relationship": "Outer","Parallel Aware": true,"Async Capable": false,"Relation Name": "customer","Alias": "customer","Startup Cost": 0.00,"Total Cost": 4210.00,"Plan Rows": 62500,"Plan Width": 148,"Actual Startup Time": 0.028,"Actual Total Time": 28.690,"Actual Rows": 37500,"Actual Loops": 4,"Workers": []}]}]},{"Node Type": "Hash","Parent Relationship": "Inner","Parallel Aware": false,"Async Capable": false,"Startup Cost": 1.25,"Total Cost": 1.25,"Plan Rows": 25,"Plan Width": 108,"Actual Startup Time": 0.094,"Actual Total Time": 0.100,"Actual Rows": 25,"Actual Loops": 4,"Hash Buckets": 1024,"Original Hash Buckets": 1024,"Hash Batches": 1,"Original Hash Batches": 1,"Peak Memory Usage": 10,"Workers": [],"Plans": [{"Node Type": "Seq Scan","Parent Relationship": "Outer","Parallel Aware": false,"Async Capable": false,"Relation Name": "nation","Alias": "nation","Startup Cost": 0.00,"Total Cost": 1.25,"Plan Rows": 25,"Plan Width": 108,"Actual Startup Time": 0.060,"Actual Total Time": 0.067,"Actual Rows": 25,"Actual Loops": 4,"Workers": []}]}]}]}]}]},"Planning Time": 7.215,"Triggers": [],"Execution Time": 650.753}]
[{"Plan": {"Node Type": "Sort","Parallel Aware": false,"Async Capable": false,"Startup Cost": 134586.43,"Total Cost": 134734.30,"Plan Rows": 59150,"Plan Width": 280,"Actual Startup Time": 563.586,"Actual Total Time": 604.383,"Actual Rows": 37293,"Actual Loops": 1,"Sort Key": ["(sum((lineitem.l_extendedprice * ('1'::numeric - lineitem.l_discount)))) DESC"],"Sort Method": "quicksort","Sort Space Used": 9691,"Sort Space Type": "Memory","Plans": [{"Node Type": "Aggregate","Strategy": "Hashed","Partial Mode": "Simple","Parent Relationship": "Outer","Parallel Aware": false,"Async Capable": false,"Startup Cost": 129158.80,"Total Cost": 129898.17,"Plan Rows": 59150,"Plan Width": 280,"Actual Startup Time": 392.436,"Actual Total Time": 532.730,"Actual Rows": 37293,"Actual Loops": 1,"Group Key": ["customer.c_custkey", "nation.n_name"],"Planned Partitions": 0,"HashAgg Batches": 1,"Peak Memory Usage": 27665,"Disk Usage": 0,"Plans": [{"Node Type": "Gather","Parent Relationship": "Outer","Parallel Aware": false,"Async Capable": false,"Startup Cost": 6825.36,"Total Cost": 128419.42,"Plan Rows": 59150,"Plan Width": 260,"Actual Startup Time": 75.957,"Actual Total Time": 271.680,"Actual Rows": 108779,"Actual Loops": 1,"Workers Planned": 3,"Workers Launched": 3,"Single Copy": false,"Plans": [{"Node Type": "Hash Join","Parent Relationship": "Outer","Parallel Aware": false,"Async Capable": false,"Join Type": "Inner","Startup Cost": 5825.36,"Total Cost": 121504.42,"Plan Rows": 19081,"Plan Width": 260,"Actual Startup Time": 69.040,"Actual Total Time": 339.341,"Actual Rows": 27195,"Actual Loops": 4,"Inner Unique": true,"Hash Cond": "(customer.c_nationkey = nation.n_nationkey)","Workers": [],"Plans": [{"Node Type": "Hash Join","Parent Relationship": "Outer","Parallel Aware": true,"Async Capable": false,"Join Type": "Inner","Startup Cost": 5823.80,"Total Cost": 121444.28,"Plan Rows": 19081,"Plan Width": 160,"Actual Startup Time": 68.657,"Actual Total Time": 330.758,"Actual Rows": 27195,"Actual Loops": 4,"Inner Unique": true,"Hash Cond": "(orders.o_custkey = customer.c_custkey)","Workers": [],"Plans": [{"Node Type": "Nested Loop","Parent Relationship": "Outer","Parallel Aware": false,"Async Capable": false,"Join Type": "Inner","Startup Cost": 832.55,"Total Cost": 116402.95,"Plan Rows": 19081,"Plan Width": 16,"Actual Startup Time": 13.292,"Actual Total Time": 236.377,"Actual Rows": 27195,"Actual Loops": 4,"Inner Unique": false,"Workers": [],"Plans": [{"Node Type": "Bitmap Heap Scan","Parent Relationship": "Outer","Parallel Aware": true,"Async Capable": false,"Relation Name": "orders","Alias": "orders","Startup Cost": 832.11,"Total Cost": 27217.76,"Plan Rows": 19376,"Plan Width": 8,"Actual Startup Time": 13.230,"Actual Total Time": 65.610,"Actual Rows": 14144,"Actual Loops": 4,"Recheck Cond": "((o_orderdate >= '1994-12-01'::date) AND (o_orderdate < '1995-03-01 00:00:00'::timestamp without time zone))","Rows Removed by Index Recheck": 0,"Exact Heap Blocks": 3506,"Lossy Heap Blocks": 0,"Workers": [],"Plans": [{"Node Type": "Bitmap Index Scan","Parent Relationship": "Outer","Parallel Aware": false,"Async Capable": false,"Index Name": "idx_orders_orderdate","Startup Cost": 0.00,"Total Cost": 817.10,"Plan Rows": 60067,"Plan Width": 0,"Actual Startup Time": 10.114,"Actual Total Time": 10.122,"Actual Rows": 56577,"Actual Loops": 1,"Index Cond": "((o_orderdate >= '1994-12-01'::date) AND (o_orderdate < '1995-03-01 00:00:00'::timestamp without time zone))","Workers": []}]},{"Node Type": "Index Scan","Parent Relationship": "Inner","Parallel Aware": false,"Async Capable": false,"Scan Direction": "Forward","Index Name": "idx_lineitem_orderkey","Relation Name": "lineitem","Alias": "lineitem","Startup Cost": 0.43,"Total Cost": 4.56,"Plan Rows": 4,"Plan Width": 16,"Actual Startup Time": 0.010,"Actual Total Time": 0.012,"Actual Rows": 2,"Actual Loops": 56577,"Index Cond": "(l_orderkey = orders.o_orderkey)","Rows Removed by Index Recheck": 0,"Filter": "(l_returnflag = 'R'::bpchar)","Rows Removed by Filter": 2,"Workers": []}]},{"Node Type": "Hash","Parent Relationship": "Inner","Parallel Aware": true,"Async Capable": false,"Startup Cost": 4210.00,"Total Cost": 4210.00,"Plan Rows": 62500,"Plan Width": 148,"Actual Startup Time": 54.812,"Actual Total Time": 54.818,"Actual Rows": 37500,"Actual Loops": 4,"Hash Buckets": 262144,"Original Hash Buckets": 262144,"Hash Batches": 1,"Original Hash Batches": 1,"Peak Memory Usage": 29312,"Workers": [],"Plans": [{"Node Type": "Seq Scan","Parent Relationship": "Outer","Parallel Aware": true,"Async Capable": false,"Relation Name": "customer","Alias": "customer","Startup Cost": 0.00,"Total Cost": 4210.00,"Plan Rows": 62500,"Plan Width": 148,"Actual Startup Time": 0.022,"Actual Total Time": 23.786,"Actual Rows": 37500,"Actual Loops": 4,"Workers": []}]}]},{"Node Type": "Hash","Parent Relationship": "Inner","Parallel Aware": false,"Async Capable": false,"Startup Cost": 1.25,"Total Cost": 1.25,"Plan Rows": 25,"Plan Width": 108,"Actual Startup Time": 0.089,"Actual Total Time": 0.092,"Actual Rows": 25,"Actual Loops": 4,"Hash Buckets": 1024,"Original Hash Buckets": 1024,"Hash Batches": 1,"Original Hash Batches": 1,"Peak Memory Usage": 10,"Workers": [],"Plans": [{"Node Type": "Seq Scan","Parent Relationship": "Outer","Parallel Aware": false,"Async Capable": false,"Relation Name": "nation","Alias": "nation","Startup Cost": 0.00,"Total Cost": 1.25,"Plan Rows": 25,"Plan Width": 108,"Actual Startup Time": 0.062,"Actual Total Time": 0.067,"Actual Rows": 25,"Actual Loops": 4,"Workers": []}]}]}]}]}]},"Planning Time": 7.387,"Triggers": [],"Execution Time": 611.176}]
[{"Plan": {"Node Type": "Sort","Parallel Aware": false,"Async Capable": false,"Startup Cost": 131330.41,"Total Cost": 131472.12,"Plan Rows": 56686,"Plan Width": 280,"Actual Startup Time": 587.483,"Actual Total Time": 628.086,"Actual Rows": 37925,"Actual Loops": 1,"Sort Key": ["(sum((lineitem.l_extendedprice * ('1'::numeric - lineitem.l_discount)))) DESC"],"Sort Method": "quicksort","Sort Space Used": 9832,"Sort Space Type": "Memory","Plans": [{"Node Type": "Aggregate","Strategy": "Hashed","Partial Mode": "Simple","Parent Relationship": "Outer","Parallel Aware": false,"Async Capable": false,"Startup Cost": 126146.27,"Total Cost": 126854.85,"Plan Rows": 56686,"Plan Width": 280,"Actual Startup Time": 410.388,"Actual Total Time": 556.054,"Actual Rows": 37925,"Actual Loops": 1,"Group Key": ["customer.c_custkey", "nation.n_name"],"Planned Partitions": 0,"HashAgg Batches": 1,"Peak Memory Usage": 26129,"Disk Usage": 0,"Plans": [{"Node Type": "Gather","Parent Relationship": "Outer","Parallel Aware": false,"Async Capable": false,"Startup Cost": 6791.71,"Total Cost": 125437.70,"Plan Rows": 56686,"Plan Width": 260,"Actual Startup Time": 76.070,"Actual Total Time": 284.431,"Actual Rows": 114550,"Actual Loops": 1,"Workers Planned": 3,"Workers Launched": 3,"Single Copy": false,"Plans": [{"Node Type": "Hash Join","Parent Relationship": "Outer","Parallel Aware": false,"Async Capable": false,"Join Type": "Inner","Startup Cost": 5791.71,"Total Cost": 118769.10,"Plan Rows": 18286,"Plan Width": 260,"Actual Startup Time": 68.409,"Actual Total Time": 355.040,"Actual Rows": 28638,"Actual Loops": 4,"Inner Unique": true,"Hash Cond": "(customer.c_nationkey = nation.n_nationkey)","Workers": [],"Plans": [{"Node Type": "Hash Join","Parent Relationship": "Outer","Parallel Aware": true,"Async Capable": false,"Join Type": "Inner","Startup Cost": 5790.15,"Total Cost": 118711.40,"Plan Rows": 18286,"Plan Width": 160,"Actual Startup Time": 67.911,"Actual Total Time": 346.301,"Actual Rows": 28638,"Actual Loops": 4,"Inner Unique": true,"Hash Cond": "(orders.o_custkey = customer.c_custkey)","Workers": [],"Plans": [{"Node Type": "Nested Loop","Parent Relationship": "Outer","Parallel Aware": false,"Async Capable": false,"Join Type": "Inner","Startup Cost": 798.90,"Total Cost": 113672.15,"Plan Rows": 18286,"Plan Width": 16,"Actual Startup Time": 13.342,"Actual Total Time": 249.825,"Actual Rows": 28638,"Actual Loops": 4,"Inner Unique": false,"Workers": [],"Plans": [{"Node Type": "Bitmap Heap Scan","Parent Relationship": "Outer","Parallel Aware": true,"Async Capable": false,"Relation Name": "orders","Alias": "orders","Startup Cost": 798.47,"Total Cost": 27172.01,"Plan Rows": 18569,"Plan Width": 8,"Actual Startup Time": 13.275,"Actual Total Time": 71.340,"Actual Rows": 14284,"Actual Loops": 4,"Recheck Cond": "((o_orderdate >= '1993-08-01'::date) AND (o_orderdate < '1993-11-01 00:00:00'::timestamp without time zone))","Rows Removed by Index Recheck": 0,"Exact Heap Blocks": 3594,"Lossy Heap Blocks": 0,"Workers": [],"Plans": [{"Node Type": "Bitmap Index Scan","Parent Relationship": "Outer","Parallel Aware": false,"Async Capable": false,"Index Name": "idx_orders_orderdate","Startup Cost": 0.00,"Total Cost": 784.08,"Plan Rows": 57565,"Plan Width": 0,"Actual Startup Time": 10.135,"Actual Total Time": 10.136,"Actual Rows": 57138,"Actual Loops": 1,"Index Cond": "((o_orderdate >= '1993-08-01'::date) AND (o_orderdate < '1993-11-01 00:00:00'::timestamp without time zone))","Workers": []}]},{"Node Type": "Index Scan","Parent Relationship": "Inner","Parallel Aware": false,"Async Capable": false,"Scan Direction": "Forward","Index Name": "idx_lineitem_orderkey","Relation Name": "lineitem","Alias": "lineitem","Startup Cost": 0.43,"Total Cost": 4.62,"Plan Rows": 4,"Plan Width": 16,"Actual Startup Time": 0.010,"Actual Total Time": 0.012,"Actual Rows": 2,"Actual Loops": 57138,"Index Cond": "(l_orderkey = orders.o_orderkey)","Rows Removed by Index Recheck": 0,"Filter": "(l_returnflag = 'R'::bpchar)","Rows Removed by Filter": 2,"Workers": []}]},{"Node Type": "Hash","Parent Relationship": "Inner","Parallel Aware": true,"Async Capable": false,"Startup Cost": 4210.00,"Total Cost": 4210.00,"Plan Rows": 62500,"Plan Width": 148,"Actual Startup Time": 53.968,"Actual Total Time": 53.976,"Actual Rows": 37500,"Actual Loops": 4,"Hash Buckets": 262144,"Original Hash Buckets": 262144,"Hash Batches": 1,"Original Hash Batches": 1,"Peak Memory Usage": 29344,"Workers": [],"Plans": [{"Node Type": "Seq Scan","Parent Relationship": "Outer","Parallel Aware": true,"Async Capable": false,"Relation Name": "customer","Alias": "customer","Startup Cost": 0.00,"Total Cost": 4210.00,"Plan Rows": 62500,"Plan Width": 148,"Actual Startup Time": 0.023,"Actual Total Time": 24.403,"Actual Rows": 37500,"Actual Loops": 4,"Workers": []}]}]},{"Node Type": "Hash","Parent Relationship": "Inner","Parallel Aware": false,"Async Capable": false,"Startup Cost": 1.25,"Total Cost": 1.25,"Plan Rows": 25,"Plan Width": 108,"Actual Startup Time": 0.099,"Actual Total Time": 0.106,"Actual Rows": 25,"Actual Loops": 4,"Hash Buckets": 1024,"Original Hash Buckets": 1024,"Hash Batches": 1,"Original Hash Batches": 1,"Peak Memory Usage": 10,"Workers": [],"Plans": [{"Node Type": "Seq Scan","Parent Relationship": "Outer","Parallel Aware": false,"Async Capable": false,"Relation Name": "nation","Alias": "nation","Startup Cost": 0.00,"Total Cost": 1.25,"Plan Rows": 25,"Plan Width": 108,"Actual Startup Time": 0.062,"Actual Total Time": 0.071,"Actual Rows": 25,"Actual Loops": 4,"Workers": []}]}]}]}]}]},"Planning Time": 6.540,"Triggers": [],"Execution Time": 634.012}]
[{"Plan": {"Node Type": "Sort","Parallel Aware": false,"Async Capable": false,"Startup Cost": 132293.09,"Total Cost": 132436.61,"Plan Rows": 57411,"Plan Width": 280,"Actual Startup Time": 612.013,"Actual Total Time": 652.224,"Actual Rows": 37922,"Actual Loops": 1,"Sort Key": ["(sum((lineitem.l_extendedprice * ('1'::numeric - lineitem.l_discount)))) DESC"],"Sort Method": "quicksort","Sort Space Used": 9827,"Sort Space Type": "Memory","Plans": [{"Node Type": "Aggregate","Strategy": "Hashed","Partial Mode": "Simple","Parent Relationship": "Outer","Parallel Aware": false,"Async Capable": false,"Startup Cost": 127037.38,"Total Cost": 127755.02,"Plan Rows": 57411,"Plan Width": 280,"Actual Startup Time": 427.597,"Actual Total Time": 578.840,"Actual Rows": 37922,"Actual Loops": 1,"Group Key": ["customer.c_custkey", "nation.n_name"],"Planned Partitions": 0,"HashAgg Batches": 1,"Peak Memory Usage": 26129,"Disk Usage": 0,"Plans": [{"Node Type": "Gather","Parent Relationship": "Outer","Parallel Aware": false,"Async Capable": false,"Startup Cost": 6799.26,"Total Cost": 126319.75,"Plan Rows": 57411,"Plan Width": 260,"Actual Startup Time": 84.985,"Actual Total Time": 295.027,"Actual Rows": 114929,"Actual Loops": 1,"Workers Planned": 3,"Workers Launched": 3,"Single Copy": false,"Plans": [{"Node Type": "Hash Join","Parent Relationship": "Outer","Parallel Aware": false,"Async Capable": false,"Join Type": "Inner","Startup Cost": 5799.26,"Total Cost": 119578.65,"Plan Rows": 18520,"Plan Width": 260,"Actual Startup Time": 77.490,"Actual Total Time": 369.817,"Actual Rows": 28732,"Actual Loops": 4,"Inner Unique": true,"Hash Cond": "(customer.c_nationkey = nation.n_nationkey)","Workers": [],"Plans": [{"Node Type": "Hash Join","Parent Relationship": "Outer","Parallel Aware": true,"Async Capable": false,"Join Type": "Inner","Startup Cost": 5797.70,"Total Cost": 119520.23,"Plan Rows": 18520,"Plan Width": 160,"Actual Startup Time": 77.066,"Actual Total Time": 360.808,"Actual Rows": 28732,"Actual Loops": 4,"Inner Unique": true,"Hash Cond": "(orders.o_custkey = customer.c_custkey)","Workers": [],"Plans": [{"Node Type": "Nested Loop","Parent Relationship": "Outer","Parallel Aware": false,"Async Capable": false,"Join Type": "Inner","Startup Cost": 806.45,"Total Cost": 114480.36,"Plan Rows": 18520,"Plan Width": 16,"Actual Startup Time": 13.430,"Actual Total Time": 255.437,"Actual Rows": 28732,"Actual Loops": 4,"Inner Unique": false,"Workers": [],"Plans": [{"Node Type": "Bitmap Heap Scan","Parent Relationship": "Outer","Parallel Aware": true,"Async Capable": false,"Relation Name": "orders","Alias": "orders","Startup Cost": 806.01,"Total Cost": 27183.11,"Plan Rows": 18807,"Plan Width": 8,"Actual Startup Time": 13.367,"Actual Total Time": 72.208,"Actual Rows": 14355,"Actual Loops": 4,"Recheck Cond": "((o_orderdate >= '1994-03-01'::date) AND (o_orderdate < '1994-06-01 00:00:00'::timestamp without time zone))","Rows Removed by Index Recheck": 0,"Exact Heap Blocks": 3712,"Lossy Heap Blocks": 0,"Workers": [],"Plans": [{"Node Type": "Bitmap Index Scan","Parent Relationship": "Outer","Parallel Aware": false,"Async Capable": false,"Index Name": "idx_orders_orderdate","Startup Cost": 0.00,"Total Cost": 791.44,"Plan Rows": 58301,"Plan Width": 0,"Actual Startup Time": 10.180,"Actual Total Time": 10.183,"Actual Rows": 57420,"Actual Loops": 1,"Index Cond": "((o_orderdate >= '1994-03-01'::date) AND (o_orderdate < '1994-06-01 00:00:00'::timestamp without time zone))","Workers": []}]},{"Node Type": "Index Scan","Parent Relationship": "Inner","Parallel Aware": false,"Async Capable": false,"Scan Direction": "Forward","Index Name": "idx_lineitem_orderkey","Relation Name": "lineitem","Alias": "lineitem","Startup Cost": 0.43,"Total Cost": 4.60,"Plan Rows": 4,"Plan Width": 16,"Actual Startup Time": 0.010,"Actual Total Time": 0.012,"Actual Rows": 2,"Actual Loops": 57420,"Index Cond": "(l_orderkey = orders.o_orderkey)","Rows Removed by Index Recheck": 0,"Filter": "(l_returnflag = 'R'::bpchar)","Rows Removed by Filter": 2,"Workers": []}]},{"Node Type": "Hash","Parent Relationship": "Inner","Parallel Aware": true,"Async Capable": false,"Startup Cost": 4210.00,"Total Cost": 4210.00,"Plan Rows": 62500,"Plan Width": 148,"Actual Startup Time": 63.095,"Actual Total Time": 63.101,"Actual Rows": 37500,"Actual Loops": 4,"Hash Buckets": 262144,"Original Hash Buckets": 262144,"Hash Batches": 1,"Original Hash Batches": 1,"Peak Memory Usage": 29280,"Workers": [],"Plans": [{"Node Type": "Seq Scan","Parent Relationship": "Outer","Parallel Aware": true,"Async Capable": false,"Relation Name": "customer","Alias": "customer","Startup Cost": 0.00,"Total Cost": 4210.00,"Plan Rows": 62500,"Plan Width": 148,"Actual Startup Time": 0.041,"Actual Total Time": 28.071,"Actual Rows": 37500,"Actual Loops": 4,"Workers": []}]}]},{"Node Type": "Hash","Parent Relationship": "Inner","Parallel Aware": false,"Async Capable": false,"Startup Cost": 1.25,"Total Cost": 1.25,"Plan Rows": 25,"Plan Width": 108,"Actual Startup Time": 0.097,"Actual Total Time": 0.101,"Actual Rows": 25,"Actual Loops": 4,"Hash Buckets": 1024,"Original Hash Buckets": 1024,"Hash Batches": 1,"Original Hash Batches": 1,"Peak Memory Usage": 10,"Workers": [],"Plans": [{"Node Type": "Seq Scan","Parent Relationship": "Outer","Parallel Aware": false,"Async Capable": false,"Relation Name": "nation","Alias": "nation","Startup Cost": 0.00,"Total Cost": 1.25,"Plan Rows": 25,"Plan Width": 108,"Actual Startup Time": 0.065,"Actual Total Time": 0.071,"Actual Rows": 25,"Actual Loops": 4,"Workers": []}]}]}]}]}]},"Planning Time": 6.342,"Triggers": [],"Execution Time": 656.718}]
[{"Plan": {"Node Type": "Sort","Parallel Aware": false,"Async Capable": false,"Startup Cost": 134586.43,"Total Cost": 134734.30,"Plan Rows": 59150,"Plan Width": 280,"Actual Startup Time": 563.586,"Actual Total Time": 604.383,"Actual Rows": 37293,"Actual Loops": 1,"Sort Key": ["(sum((lineitem.l_extendedprice * ('1'::numeric - lineitem.l_discount)))) DESC"],"Sort Method": "quicksort","Sort Space Used": 9691,"Sort Space Type": "Memory","Plans": [{"Node Type": "Aggregate","Strategy": "Hashed","Partial Mode": "Simple","Parent Relationship": "Outer","Parallel Aware": false,"Async Capable": false,"Startup Cost": 129158.80,"Total Cost": 129898.17,"Plan Rows": 59150,"Plan Width": 280,"Actual Startup Time": 392.436,"Actual Total Time": 532.730,"Actual Rows": 37293,"Actual Loops": 1,"Group Key": ["customer.c_custkey", "nation.n_name"],"Planned Partitions": 0,"HashAgg Batches": 1,"Peak Memory Usage": 27665,"Disk Usage": 0,"Plans": [{"Node Type": "Gather","Parent Relationship": "Outer","Parallel Aware": false,"Async Capable": false,"Startup Cost": 6825.36,"Total Cost": 128419.42,"Plan Rows": 59150,"Plan Width": 260,"Actual Startup Time": 75.957,"Actual Total Time": 271.680,"Actual Rows": 108779,"Actual Loops": 1,"Workers Planned": 3,"Workers Launched": 3,"Single Copy": false,"Plans": [{"Node Type": "Hash Join","Parent Relationship": "Outer","Parallel Aware": false,"Async Capable": false,"Join Type": "Inner","Startup Cost": 5825.36,"Total Cost": 121504.42,"Plan Rows": 19081,"Plan Width": 260,"Actual Startup Time": 69.040,"Actual Total Time": 339.341,"Actual Rows": 27195,"Actual Loops": 4,"Inner Unique": true,"Hash Cond": "(customer.c_nationkey = nation.n_nationkey)","Workers": [],"Plans": [{"Node Type": "Hash Join","Parent Relationship": "Outer","Parallel Aware": true,"Async Capable": false,"Join Type": "Inner","Startup Cost": 5823.80,"Total Cost": 121444.28,"Plan Rows": 19081,"Plan Width": 160,"Actual Startup Time": 68.657,"Actual Total Time": 330.758,"Actual Rows": 27195,"Actual Loops": 4,"Inner Unique": true,"Hash Cond": "(orders.o_custkey = customer.c_custkey)","Workers": [],"Plans": [{"Node Type": "Nested Loop","Parent Relationship": "Outer","Parallel Aware": false,"Async Capable": false,"Join Type": "Inner","Startup Cost": 832.55,"Total Cost": 116402.95,"Plan Rows": 19081,"Plan Width": 16,"Actual Startup Time": 13.292,"Actual Total Time": 236.377,"Actual Rows": 27195,"Actual Loops": 4,"Inner Unique": false,"Workers": [],"Plans": [{"Node Type": "Bitmap Heap Scan","Parent Relationship": "Outer","Parallel Aware": true,"Async Capable": false,"Relation Name": "orders","Alias": "orders","Startup Cost": 832.11,"Total Cost": 27217.76,"Plan Rows": 19376,"Plan Width": 8,"Actual Startup Time": 13.230,"Actual Total Time": 65.610,"Actual Rows": 14144,"Actual Loops": 4,"Recheck Cond": "((o_orderdate >= '1994-12-01'::date) AND (o_orderdate < '1995-03-01 00:00:00'::timestamp without time zone))","Rows Removed by Index Recheck": 0,"Exact Heap Blocks": 3506,"Lossy Heap Blocks": 0,"Workers": [],"Plans": [{"Node Type": "Bitmap Index Scan","Parent Relationship": "Outer","Parallel Aware": false,"Async Capable": false,"Index Name": "idx_orders_orderdate","Startup Cost": 0.00,"Total Cost": 817.10,"Plan Rows": 60067,"Plan Width": 0,"Actual Startup Time": 10.114,"Actual Total Time": 10.122,"Actual Rows": 56577,"Actual Loops": 1,"Index Cond": "((o_orderdate >= '1994-12-01'::date) AND (o_orderdate < '1995-03-01 00:00:00'::timestamp without time zone))","Workers": []}]},{"Node Type": "Index Scan","Parent Relationship": "Inner","Parallel Aware": false,"Async Capable": false,"Scan Direction": "Forward","Index Name": "idx_lineitem_orderkey","Relation Name": "lineitem","Alias": "lineitem","Startup Cost": 0.43,"Total Cost": 4.56,"Plan Rows": 4,"Plan Width": 16,"Actual Startup Time": 0.010,"Actual Total Time": 0.012,"Actual Rows": 2,"Actual Loops": 56577,"Index Cond": "(l_orderkey = orders.o_orderkey)","Rows Removed by Index Recheck": 0,"Filter": "(l_returnflag = 'R'::bpchar)","Rows Removed by Filter": 2,"Workers": []}]},{"Node Type": "Hash","Parent Relationship": "Inner","Parallel Aware": true,"Async Capable": false,"Startup Cost": 4210.00,"Total Cost": 4210.00,"Plan Rows": 62500,"Plan Width": 148,"Actual Startup Time": 54.812,"Actual Total Time": 54.818,"Actual Rows": 37500,"Actual Loops": 4,"Hash Buckets": 262144,"Original Hash Buckets": 262144,"Hash Batches": 1,"Original Hash Batches": 1,"Peak Memory Usage": 29312,"Workers": [],"Plans": [{"Node Type": "Seq Scan","Parent Relationship": "Outer","Parallel Aware": true,"Async Capable": false,"Relation Name": "customer","Alias": "customer","Startup Cost": 0.00,"Total Cost": 4210.00,"Plan Rows": 62500,"Plan Width": 148,"Actual Startup Time": 0.022,"Actual Total Time": 23.786,"Actual Rows": 37500,"Actual Loops": 4,"Workers": []}]}]},{"Node Type": "Hash","Parent Relationship": "Inner","Parallel Aware": false,"Async Capable": false,"Startup Cost": 1.25,"Total Cost": 1.25,"Plan Rows": 25,"Plan Width": 108,"Actual Startup Time": 0.089,"Actual Total Time": 0.092,"Actual Rows": 25,"Actual Loops": 4,"Hash Buckets": 1024,"Original Hash Buckets": 1024,"Hash Batches": 1,"Original Hash Batches": 1,"Peak Memory Usage": 10,"Workers": [],"Plans": [{"Node Type": "Seq Scan","Parent Relationship": "Outer","Parallel Aware": false,"Async Capable": false,"Relation Name": "nation","Alias": "nation","Startup Cost": 0.00,"Total Cost": 1.25,"Plan Rows": 25,"Plan Width": 108,"Actual Startup Time": 0.062,"Actual Total Time": 0.067,"Actual Rows": 25,"Actual Loops": 4,"Workers": []}]}]}]}]}]},"Planning Time": 7.387,"Triggers": [],"Execution Time": 611.176}]
[{"Plan": {"Node Type": "Sort","Parallel Aware": false,"Async Capable": false,"Startup Cost": 132365.07,"Total Cost": 132508.74,"Plan Rows": 57466,"Plan Width": 280,"Actual Startup Time": 604.092,"Actual Total Time": 644.113,"Actual Rows": 37690,"Actual Loops": 1,"Sort Key": ["(sum((lineitem.l_extendedprice * ('1'::numeric - lineitem.l_discount)))) DESC"],"Sort Method": "quicksort","Sort Space Used": 9779,"Sort Space Type": "Memory","Plans": [{"Node Type": "Aggregate","Strategy": "Hashed","Partial Mode": "Simple","Parent Relationship": "Outer","Parallel Aware": false,"Async Capable": false,"Startup Cost": 127103.94,"Total Cost": 127822.26,"Plan Rows": 57466,"Plan Width": 280,"Actual Startup Time": 420.502,"Actual Total Time": 570.586,"Actual Rows": 37690,"Actual Loops": 1,"Group Key": ["customer.c_custkey", "nation.n_name"],"Planned Partitions": 0,"HashAgg Batches": 1,"Peak Memory Usage": 26129,"Disk Usage": 0,"Plans": [{"Node Type": "Gather","Parent Relationship": "Outer","Parallel Aware": false,"Async Capable": false,"Startup Cost": 6799.83,"Total Cost": 126385.61,"Plan Rows": 57466,"Plan Width": 260,"Actual Startup Time": 84.807,"Actual Total Time": 291.020,"Actual Rows": 113599,"Actual Loops": 1,"Workers Planned": 3,"Workers Launched": 3,"Single Copy": false,"Plans": [{"Node Type": "Hash Join","Parent Relationship": "Outer","Parallel Aware": false,"Async Capable": false,"Join Type": "Inner","Startup Cost": 5799.83,"Total Cost": 119639.01,"Plan Rows": 18537,"Plan Width": 260,"Actual Startup Time": 77.448,"Actual Total Time": 365.330,"Actual Rows": 28400,"Actual Loops": 4,"Inner Unique": true,"Hash Cond": "(customer.c_nationkey = nation.n_nationkey)","Workers": [],"Plans": [{"Node Type": "Hash Join","Parent Relationship": "Outer","Parallel Aware": true,"Async Capable": false,"Join Type": "Inner","Startup Cost": 5798.27,"Total Cost": 119580.55,"Plan Rows": 18537,"Plan Width": 160,"Actual Startup Time": 76.978,"Actual Total Time": 356.100,"Actual Rows": 28400,"Actual Loops": 4,"Inner Unique": true,"Hash Cond": "(orders.o_custkey = customer.c_custkey)","Workers": [],"Plans": [{"Node Type": "Nested Loop","Parent Relationship": "Outer","Parallel Aware": false,"Async Capable": false,"Join Type": "Inner","Startup Cost": 807.02,"Total Cost": 114540.64,"Plan Rows": 18537,"Plan Width": 16,"Actual Startup Time": 13.069,"Actual Total Time": 252.235,"Actual Rows": 28400,"Actual Loops": 4,"Inner Unique": false,"Workers": [],"Plans": [{"Node Type": "Bitmap Heap Scan","Parent Relationship": "Outer","Parallel Aware": true,"Async Capable": false,"Relation Name": "orders","Alias": "orders","Startup Cost": 806.59,"Total Cost": 27183.96,"Plan Rows": 18825,"Plan Width": 8,"Actual Startup Time": 13.002,"Actual Total Time": 70.665,"Actual Rows": 14161,"Actual Loops": 4,"Recheck Cond": "((o_orderdate >= '1994-04-01'::date) AND (o_orderdate < '1994-07-01 00:00:00'::timestamp without time zone))","Rows Removed by Index Recheck": 0,"Exact Heap Blocks": 3668,"Lossy Heap Blocks": 0,"Workers": [],"Plans": [{"Node Type": "Bitmap Index Scan","Parent Relationship": "Outer","Parallel Aware": false,"Async Capable": false,"Index Name": "idx_orders_orderdate","Startup Cost": 0.00,"Total Cost": 792.00,"Plan Rows": 58357,"Plan Width": 0,"Actual Startup Time": 9.907,"Actual Total Time": 9.915,"Actual Rows": 56645,"Actual Loops": 1,"Index Cond": "((o_orderdate >= '1994-04-01'::date) AND (o_orderdate < '1994-07-01 00:00:00'::timestamp without time zone))","Workers": []}]},{"Node Type": "Index Scan","Parent Relationship": "Inner","Parallel Aware": false,"Async Capable": false,"Scan Direction": "Forward","Index Name": "idx_lineitem_orderkey","Relation Name": "lineitem","Alias": "lineitem","Startup Cost": 0.43,"Total Cost": 4.60,"Plan Rows": 4,"Plan Width": 16,"Actual Startup Time": 0.010,"Actual Total Time": 0.012,"Actual Rows": 2,"Actual Loops": 56645,"Index Cond": "(l_orderkey = orders.o_orderkey)","Rows Removed by Index Recheck": 0,"Filter": "(l_returnflag = 'R'::bpchar)","Rows Removed by Filter": 2,"Workers": []}]},{"Node Type": "Hash","Parent Relationship": "Inner","Parallel Aware": true,"Async Capable": false,"Startup Cost": 4210.00,"Total Cost": 4210.00,"Plan Rows": 62500,"Plan Width": 148,"Actual Startup Time": 63.332,"Actual Total Time": 63.338,"Actual Rows": 37500,"Actual Loops": 4,"Hash Buckets": 262144,"Original Hash Buckets": 262144,"Hash Batches": 1,"Original Hash Batches": 1,"Peak Memory Usage": 29344,"Workers": [],"Plans": [{"Node Type": "Seq Scan","Parent Relationship": "Outer","Parallel Aware": true,"Async Capable": false,"Relation Name": "customer","Alias": "customer","Startup Cost": 0.00,"Total Cost": 4210.00,"Plan Rows": 62500,"Plan Width": 148,"Actual Startup Time": 0.025,"Actual Total Time": 28.533,"Actual Rows": 37500,"Actual Loops": 4,"Workers": []}]}]},{"Node Type": "Hash","Parent Relationship": "Inner","Parallel Aware": false,"Async Capable": false,"Startup Cost": 1.25,"Total Cost": 1.25,"Plan Rows": 25,"Plan Width": 108,"Actual Startup Time": 0.107,"Actual Total Time": 0.110,"Actual Rows": 25,"Actual Loops": 4,"Hash Buckets": 1024,"Original Hash Buckets": 1024,"Hash Batches": 1,"Original Hash Batches": 1,"Peak Memory Usage": 10,"Workers": [],"Plans": [{"Node Type": "Seq Scan","Parent Relationship": "Outer","Parallel Aware": false,"Async Capable": false,"Relation Name": "nation","Alias": "nation","Startup Cost": 0.00,"Total Cost": 1.25,"Plan Rows": 25,"Plan Width": 108,"Actual Startup Time": 0.074,"Actual Total Time": 0.080,"Actual Rows": 25,"Actual Loops": 4,"Workers": []}]}]}]}]}]},"Planning Time": 6.317,"Triggers": [],"Execution Time": 648.403}]
[{"Plan": {"Node Type": "Sort","Parallel Aware": false,"Async Capable": false,"Startup Cost": 130310.74,"Total Cost": 130450.54,"Plan Rows": 55918,"Plan Width": 280,"Actual Startup Time": 603.874,"Actual Total Time": 643.975,"Actual Rows": 37728,"Actual Loops": 1,"Sort Key": ["(sum((lineitem.l_extendedprice * ('1'::numeric - lineitem.l_discount)))) DESC"],"Sort Method": "quicksort","Sort Space Used": 9784,"Sort Space Type": "Memory","Plans": [{"Node Type": "Aggregate","Strategy": "Hashed","Partial Mode": "Simple","Parent Relationship": "Outer","Parallel Aware": false,"Async Capable": false,"Startup Cost": 125202.34,"Total Cost": 125901.32,"Plan Rows": 55918,"Plan Width": 280,"Actual Startup Time": 420.772,"Actual Total Time": 572.027,"Actual Rows": 37728,"Actual Loops": 1,"Group Key": ["customer.c_custkey", "nation.n_name"],"Planned Partitions": 0,"HashAgg Batches": 1,"Peak Memory Usage": 26129,"Disk Usage": 0,"Plans": [{"Node Type": "Gather","Parent Relationship": "Outer","Parallel Aware": false,"Async Capable": false,"Startup Cost": 6779.72,"Total Cost": 124503.37,"Plan Rows": 55918,"Plan Width": 260,"Actual Startup Time": 83.828,"Actual Total Time": 288.561,"Actual Rows": 114106,"Actual Loops": 1,"Workers Planned": 3,"Workers Launched": 3,"Single Copy": false,"Plans": [{"Node Type": "Hash Join","Parent Relationship": "Outer","Parallel Aware": false,"Async Capable": false,"Join Type": "Inner","Startup Cost": 5779.72,"Total Cost": 117911.57,"Plan Rows": 18038,"Plan Width": 260,"Actual Startup Time": 76.669,"Actual Total Time": 363.746,"Actual Rows": 28526,"Actual Loops": 4,"Inner Unique": true,"Hash Cond": "(customer.c_nationkey = nation.n_nationkey)","Workers": [],"Plans": [{"Node Type": "Hash Join","Parent Relationship": "Outer","Parallel Aware": true,"Async Capable": false,"Join Type": "Inner","Startup Cost": 5778.16,"Total Cost": 117854.62,"Plan Rows": 18038,"Plan Width": 160,"Actual Startup Time": 76.278,"Actual Total Time": 354.947,"Actual Rows": 28526,"Actual Loops": 4,"Inner Unique": true,"Hash Cond": "(orders.o_custkey = customer.c_custkey)","Workers": [],"Plans": [{"Node Type": "Nested Loop","Parent Relationship": "Outer","Parallel Aware": false,"Async Capable": false,"Join Type": "Inner","Startup Cost": 786.91,"Total Cost": 112816.03,"Plan Rows": 18038,"Plan Width": 16,"Actual Startup Time": 13.309,"Actual Total Time": 250.189,"Actual Rows": 28526,"Actual Loops": 4,"Inner Unique": false,"Workers": [],"Plans": [{"Node Type": "Bitmap Heap Scan","Parent Relationship": "Outer","Parallel Aware": true,"Async Capable": false,"Relation Name": "orders","Alias": "orders","Startup Cost": 786.47,"Total Cost": 27156.24,"Plan Rows": 18318,"Plan Width": 8,"Actual Startup Time": 13.234,"Actual Total Time": 69.997,"Actual Rows": 14148,"Actual Loops": 4,"Recheck Cond": "((o_orderdate >= '1993-09-01'::date) AND (o_orderdate < '1993-12-01 00:00:00'::timestamp without time zone))","Rows Removed by Index Recheck": 0,"Exact Heap Blocks": 3617,"Lossy Heap Blocks": 0,"Workers": [],"Plans": [{"Node Type": "Bitmap Index Scan","Parent Relationship": "Outer","Parallel Aware": false,"Async Capable": false,"Index Name": "idx_orders_orderdate","Startup Cost": 0.00,"Total Cost": 772.28,"Plan Rows": 56785,"Plan Width": 0,"Actual Startup Time": 10.161,"Actual Total Time": 10.165,"Actual Rows": 56592,"Actual Loops": 1,"Index Cond": "((o_orderdate >= '1993-09-01'::date) AND (o_orderdate < '1993-12-01 00:00:00'::timestamp without time zone))","Workers": []}]},{"Node Type": "Index Scan","Parent Relationship": "Inner","Parallel Aware": false,"Async Capable": false,"Scan Direction": "Forward","Index Name": "idx_lineitem_orderkey","Relation Name": "lineitem","Alias": "lineitem","Startup Cost": 0.43,"Total Cost": 4.64,"Plan Rows": 4,"Plan Width": 16,"Actual Startup Time": 0.010,"Actual Total Time": 0.012,"Actual Rows": 2,"Actual Loops": 56592,"Index Cond": "(l_orderkey = orders.o_orderkey)","Rows Removed by Index Recheck": 0,"Filter": "(l_returnflag = 'R'::bpchar)","Rows Removed by Filter": 2,"Workers": []}]},{"Node Type": "Hash","Parent Relationship": "Inner","Parallel Aware": true,"Async Capable": false,"Startup Cost": 4210.00,"Total Cost": 4210.00,"Plan Rows": 62500,"Plan Width": 148,"Actual Startup Time": 62.426,"Actual Total Time": 62.432,"Actual Rows": 37500,"Actual Loops": 4,"Hash Buckets": 262144,"Original Hash Buckets": 262144,"Hash Batches": 1,"Original Hash Batches": 1,"Peak Memory Usage": 29312,"Workers": [],"Plans": [{"Node Type": "Seq Scan","Parent Relationship": "Outer","Parallel Aware": true,"Async Capable": false,"Relation Name": "customer","Alias": "customer","Startup Cost": 0.00,"Total Cost": 4210.00,"Plan Rows": 62500,"Plan Width": 148,"Actual Startup Time": 0.023,"Actual Total Time": 26.530,"Actual Rows": 37500,"Actual Loops": 4,"Workers": []}]}]},{"Node Type": "Hash","Parent Relationship": "Inner","Parallel Aware": false,"Async Capable": false,"Startup Cost": 1.25,"Total Cost": 1.25,"Plan Rows": 25,"Plan Width": 108,"Actual Startup Time": 0.095,"Actual Total Time": 0.100,"Actual Rows": 25,"Actual Loops": 4,"Hash Buckets": 1024,"Original Hash Buckets": 1024,"Hash Batches": 1,"Original Hash Batches": 1,"Peak Memory Usage": 10,"Workers": [],"Plans": [{"Node Type": "Seq Scan","Parent Relationship": "Outer","Parallel Aware": false,"Async Capable": false,"Relation Name": "nation","Alias": "nation","Startup Cost": 0.00,"Total Cost": 1.25,"Plan Rows": 25,"Plan Width": 108,"Actual Startup Time": 0.059,"Actual Total Time": 0.065,"Actual Rows": 25,"Actual Loops": 4,"Workers": []}]}]}]}]}]},"Planning Time": 7.546,"Triggers": [],"Execution Time": 648.224}]
[{"Plan": {"Node Type": "Sort","Parallel Aware": false,"Async Capable": false,"Startup Cost": 129285.16,"Total Cost": 129423.04,"Plan Rows": 55152,"Plan Width": 280,"Actual Startup Time": 594.195,"Actual Total Time": 635.058,"Actual Rows": 37857,"Actual Loops": 1,"Sort Key": ["(sum((lineitem.l_extendedprice * ('1'::numeric - lineitem.l_discount)))) DESC"],"Sort Method": "quicksort","Sort Space Used": 9823,"Sort Space Type": "Memory","Plans": [{"Node Type": "Aggregate","Strategy": "Hashed","Partial Mode": "Simple","Parent Relationship": "Outer","Parallel Aware": false,"Async Capable": false,"Startup Cost": 124252.23,"Total Cost": 124941.63,"Plan Rows": 55152,"Plan Width": 280,"Actual Startup Time": 414.188,"Actual Total Time": 557.916,"Actual Rows": 37857,"Actual Loops": 1,"Group Key": ["customer.c_custkey", "nation.n_name"],"Planned Partitions": 0,"HashAgg Batches": 1,"Peak Memory Usage": 26129,"Disk Usage": 0,"Plans": [{"Node Type": "Gather","Parent Relationship": "Outer","Parallel Aware": false,"Async Capable": false,"Startup Cost": 6767.74,"Total Cost": 123562.83,"Plan Rows": 55152,"Plan Width": 260,"Actual Startup Time": 77.793,"Actual Total Time": 289.359,"Actual Rows": 114326,"Actual Loops": 1,"Workers Planned": 3,"Workers Launched": 3,"Single Copy": false,"Plans": [{"Node Type": "Hash Join","Parent Relationship": "Outer","Parallel Aware": false,"Async Capable": false,"Join Type": "Inner","Startup Cost": 5767.74,"Total Cost": 117047.63,"Plan Rows": 17791,"Plan Width": 260,"Actual Startup Time": 70.168,"Actual Total Time": 358.948,"Actual Rows": 28582,"Actual Loops": 4,"Inner Unique": true,"Hash Cond": "(customer.c_nationkey = nation.n_nationkey)","Workers": [],"Plans": [{"Node Type": "Hash Join","Parent Relationship": "Outer","Parallel Aware": true,"Async Capable": false,"Join Type": "Inner","Startup Cost": 5766.18,"Total Cost": 116991.45,"Plan Rows": 17791,"Plan Width": 160,"Actual Startup Time": 69.698,"Actual Total Time": 349.487,"Actual Rows": 28582,"Actual Loops": 4,"Inner Unique": true,"Hash Cond": "(orders.o_custkey = customer.c_custkey)","Workers": [],"Plans": [{"Node Type": "Nested Loop","Parent Relationship": "Outer","Parallel Aware": false,"Async Capable": false,"Join Type": "Inner","Startup Cost": 774.93,"Total Cost": 111953.49,"Plan Rows": 17791,"Plan Width": 16,"Actual Startup Time": 12.978,"Actual Total Time": 249.911,"Actual Rows": 28582,"Actual Loops": 4,"Inner Unique": false,"Workers": [],"Plans": [{"Node Type": "Bitmap Heap Scan","Parent Relationship": "Outer","Parallel Aware": true,"Async Capable": false,"Relation Name": "orders","Alias": "orders","Startup Cost": 774.50,"Total Cost": 27140.50,"Plan Rows": 18067,"Plan Width": 8,"Actual Startup Time": 12.915,"Actual Total Time": 70.510,"Actual Rows": 14320,"Actual Loops": 4,"Recheck Cond": "((o_orderdate >= '1993-06-01'::date) AND (o_orderdate < '1993-09-01 00:00:00'::timestamp without time zone))","Rows Removed by Index Recheck": 0,"Exact Heap Blocks": 3550,"Lossy Heap Blocks": 0,"Workers": [],"Plans": [{"Node Type": "Bitmap Index Scan","Parent Relationship": "Outer","Parallel Aware": false,"Async Capable": false,"Index Name": "idx_orders_orderdate","Startup Cost": 0.00,"Total Cost": 760.50,"Plan Rows": 56007,"Plan Width": 0,"Actual Startup Time": 9.843,"Actual Total Time": 9.846,"Actual Rows": 57280,"Actual Loops": 1,"Index Cond": "((o_orderdate >= '1993-06-01'::date) AND (o_orderdate < '1993-09-01 00:00:00'::timestamp without time zone))","Workers": []}]},{"Node Type": "Index Scan","Parent Relationship": "Inner","Parallel Aware": false,"Async Capable": false,"Scan Direction": "Forward","Index Name": "idx_lineitem_orderkey","Relation Name": "lineitem","Alias": "lineitem","Startup Cost": 0.43,"Total Cost": 4.65,"Plan Rows": 4,"Plan Width": 16,"Actual Startup Time": 0.010,"Actual Total Time": 0.012,"Actual Rows": 2,"Actual Loops": 57280,"Index Cond": "(l_orderkey = orders.o_orderkey)","Rows Removed by Index Recheck": 0,"Filter": "(l_returnflag = 'R'::bpchar)","Rows Removed by Filter": 2,"Workers": []}]},{"Node Type": "Hash","Parent Relationship": "Inner","Parallel Aware": true,"Async Capable": false,"Startup Cost": 4210.00,"Total Cost": 4210.00,"Plan Rows": 62500,"Plan Width": 148,"Actual Startup Time": 56.151,"Actual Total Time": 56.157,"Actual Rows": 37500,"Actual Loops": 4,"Hash Buckets": 262144,"Original Hash Buckets": 262144,"Hash Batches": 1,"Original Hash Batches": 1,"Peak Memory Usage": 29312,"Workers": [],"Plans": [{"Node Type": "Seq Scan","Parent Relationship": "Outer","Parallel Aware": true,"Async Capable": false,"Relation Name": "customer","Alias": "customer","Startup Cost": 0.00,"Total Cost": 4210.00,"Plan Rows": 62500,"Plan Width": 148,"Actual Startup Time": 0.028,"Actual Total Time": 26.217,"Actual Rows": 37500,"Actual Loops": 4,"Workers": []}]}]},{"Node Type": "Hash","Parent Relationship": "Inner","Parallel Aware": false,"Async Capable": false,"Startup Cost": 1.25,"Total Cost": 1.25,"Plan Rows": 25,"Plan Width": 108,"Actual Startup Time": 0.109,"Actual Total Time": 0.115,"Actual Rows": 25,"Actual Loops": 4,"Hash Buckets": 1024,"Original Hash Buckets": 1024,"Hash Batches": 1,"Original Hash Batches": 1,"Peak Memory Usage": 10,"Workers": [],"Plans": [{"Node Type": "Seq Scan","Parent Relationship": "Outer","Parallel Aware": false,"Async Capable": false,"Relation Name": "nation","Alias": "nation","Startup Cost": 0.00,"Total Cost": 1.25,"Plan Rows": 25,"Plan Width": 108,"Actual Startup Time": 0.076,"Actual Total Time": 0.083,"Actual Rows": 25,"Actual Loops": 4,"Workers": []}]}]}]}]}]},"Planning Time": 6.852,"Triggers": [],"Execution Time": 641.259}]
[{"Plan": {"Node Type": "Sort","Parallel Aware": false,"Async Capable": false,"Startup Cost": 132365.07,"Total Cost": 132508.74,"Plan Rows": 57466,"Plan Width": 280,"Actual Startup Time": 604.092,"Actual Total Time": 644.113,"Actual Rows": 37690,"Actual Loops": 1,"Sort Key": ["(sum((lineitem.l_extendedprice * ('1'::numeric - lineitem.l_discount)))) DESC"],"Sort Method": "quicksort","Sort Space Used": 9779,"Sort Space Type": "Memory","Plans": [{"Node Type": "Aggregate","Strategy": "Hashed","Partial Mode": "Simple","Parent Relationship": "Outer","Parallel Aware": false,"Async Capable": false,"Startup Cost": 127103.94,"Total Cost": 127822.26,"Plan Rows": 57466,"Plan Width": 280,"Actual Startup Time": 420.502,"Actual Total Time": 570.586,"Actual Rows": 37690,"Actual Loops": 1,"Group Key": ["customer.c_custkey", "nation.n_name"],"Planned Partitions": 0,"HashAgg Batches": 1,"Peak Memory Usage": 26129,"Disk Usage": 0,"Plans": [{"Node Type": "Gather","Parent Relationship": "Outer","Parallel Aware": false,"Async Capable": false,"Startup Cost": 6799.83,"Total Cost": 126385.61,"Plan Rows": 57466,"Plan Width": 260,"Actual Startup Time": 84.807,"Actual Total Time": 291.020,"Actual Rows": 113599,"Actual Loops": 1,"Workers Planned": 3,"Workers Launched": 3,"Single Copy": false,"Plans": [{"Node Type": "Hash Join","Parent Relationship": "Outer","Parallel Aware": false,"Async Capable": false,"Join Type": "Inner","Startup Cost": 5799.83,"Total Cost": 119639.01,"Plan Rows": 18537,"Plan Width": 260,"Actual Startup Time": 77.448,"Actual Total Time": 365.330,"Actual Rows": 28400,"Actual Loops": 4,"Inner Unique": true,"Hash Cond": "(customer.c_nationkey = nation.n_nationkey)","Workers": [],"Plans": [{"Node Type": "Hash Join","Parent Relationship": "Outer","Parallel Aware": true,"Async Capable": false,"Join Type": "Inner","Startup Cost": 5798.27,"Total Cost": 119580.55,"Plan Rows": 18537,"Plan Width": 160,"Actual Startup Time": 76.978,"Actual Total Time": 356.100,"Actual Rows": 28400,"Actual Loops": 4,"Inner Unique": true,"Hash Cond": "(orders.o_custkey = customer.c_custkey)","Workers": [],"Plans": [{"Node Type": "Nested Loop","Parent Relationship": "Outer","Parallel Aware": false,"Async Capable": false,"Join Type": "Inner","Startup Cost": 807.02,"Total Cost": 114540.64,"Plan Rows": 18537,"Plan Width": 16,"Actual Startup Time": 13.069,"Actual Total Time": 252.235,"Actual Rows": 28400,"Actual Loops": 4,"Inner Unique": false,"Workers": [],"Plans": [{"Node Type": "Bitmap Heap Scan","Parent Relationship": "Outer","Parallel Aware": true,"Async Capable": false,"Relation Name": "orders","Alias": "orders","Startup Cost": 806.59,"Total Cost": 27183.96,"Plan Rows": 18825,"Plan Width": 8,"Actual Startup Time": 13.002,"Actual Total Time": 70.665,"Actual Rows": 14161,"Actual Loops": 4,"Recheck Cond": "((o_orderdate >= '1994-04-01'::date) AND (o_orderdate < '1994-07-01 00:00:00'::timestamp without time zone))","Rows Removed by Index Recheck": 0,"Exact Heap Blocks": 3668,"Lossy Heap Blocks": 0,"Workers": [],"Plans": [{"Node Type": "Bitmap Index Scan","Parent Relationship": "Outer","Parallel Aware": false,"Async Capable": false,"Index Name": "idx_orders_orderdate","Startup Cost": 0.00,"Total Cost": 792.00,"Plan Rows": 58357,"Plan Width": 0,"Actual Startup Time": 9.907,"Actual Total Time": 9.915,"Actual Rows": 56645,"Actual Loops": 1,"Index Cond": "((o_orderdate >= '1994-04-01'::date) AND (o_orderdate < '1994-07-01 00:00:00'::timestamp without time zone))","Workers": []}]},{"Node Type": "Index Scan","Parent Relationship": "Inner","Parallel Aware": false,"Async Capable": false,"Scan Direction": "Forward","Index Name": "idx_lineitem_orderkey","Relation Name": "lineitem","Alias": "lineitem","Startup Cost": 0.43,"Total Cost": 4.60,"Plan Rows": 4,"Plan Width": 16,"Actual Startup Time": 0.010,"Actual Total Time": 0.012,"Actual Rows": 2,"Actual Loops": 56645,"Index Cond": "(l_orderkey = orders.o_orderkey)","Rows Removed by Index Recheck": 0,"Filter": "(l_returnflag = 'R'::bpchar)","Rows Removed by Filter": 2,"Workers": []}]},{"Node Type": "Hash","Parent Relationship": "Inner","Parallel Aware": true,"Async Capable": false,"Startup Cost": 4210.00,"Total Cost": 4210.00,"Plan Rows": 62500,"Plan Width": 148,"Actual Startup Time": 63.332,"Actual Total Time": 63.338,"Actual Rows": 37500,"Actual Loops": 4,"Hash Buckets": 262144,"Original Hash Buckets": 262144,"Hash Batches": 1,"Original Hash Batches": 1,"Peak Memory Usage": 29344,"Workers": [],"Plans": [{"Node Type": "Seq Scan","Parent Relationship": "Outer","Parallel Aware": true,"Async Capable": false,"Relation Name": "customer","Alias": "customer","Startup Cost": 0.00,"Total Cost": 4210.00,"Plan Rows": 62500,"Plan Width": 148,"Actual Startup Time": 0.025,"Actual Total Time": 28.533,"Actual Rows": 37500,"Actual Loops": 4,"Workers": []}]}]},{"Node Type": "Hash","Parent Relationship": "Inner","Parallel Aware": false,"Async Capable": false,"Startup Cost": 1.25,"Total Cost": 1.25,"Plan Rows": 25,"Plan Width": 108,"Actual Startup Time": 0.107,"Actual Total Time": 0.110,"Actual Rows": 25,"Actual Loops": 4,"Hash Buckets": 1024,"Original Hash Buckets": 1024,"Hash Batches": 1,"Original Hash Batches": 1,"Peak Memory Usage": 10,"Workers": [],"Plans": [{"Node Type": "Seq Scan","Parent Relationship": "Outer","Parallel Aware": false,"Async Capable": false,"Relation Name": "nation","Alias": "nation","Startup Cost": 0.00,"Total Cost": 1.25,"Plan Rows": 25,"Plan Width": 108,"Actual Startup Time": 0.074,"Actual Total Time": 0.080,"Actual Rows": 25,"Actual Loops": 4,"Workers": []}]}]}]}]}]},"Planning Time": 6.317,"Triggers": [],"Execution Time": 648.403}]
[{"Plan": {"Node Type": "Sort","Parallel Aware": false,"Async Capable": false,"Startup Cost": 131080.21,"Total Cost": 131221.46,"Plan Rows": 56499,"Plan Width": 280,"Actual Startup Time": 607.607,"Actual Total Time": 646.377,"Actual Rows": 37607,"Actual Loops": 1,"Sort Key": ["(sum((lineitem.l_extendedprice * ('1'::numeric - lineitem.l_discount)))) DESC"],"Sort Method": "quicksort","Sort Space Used": 9755,"Sort Space Type": "Memory","Plans": [{"Node Type": "Aggregate","Strategy": "Hashed","Partial Mode": "Simple","Parent Relationship": "Outer","Parallel Aware": false,"Async Capable": false,"Startup Cost": 125914.53,"Total Cost": 126620.77,"Plan Rows": 56499,"Plan Width": 280,"Actual Startup Time": 421.745,"Actual Total Time": 572.585,"Actual Rows": 37607,"Actual Loops": 1,"Group Key": ["customer.c_custkey", "nation.n_name"],"Planned Partitions": 0,"HashAgg Batches": 1,"Peak Memory Usage": 26129,"Disk Usage": 0,"Plans": [{"Node Type": "Gather","Parent Relationship": "Outer","Parallel Aware": false,"Async Capable": false,"Startup Cost": 6785.77,"Total Cost": 125208.29,"Plan Rows": 56499,"Plan Width": 260,"Actual Startup Time": 84.737,"Actual Total Time": 294.745,"Actual Rows": 112798,"Actual Loops": 1,"Workers Planned": 3,"Workers Launched": 3,"Single Copy": false,"Plans": [{"Node Type": "Hash Join","Parent Relationship": "Outer","Parallel Aware": false,"Async Capable": false,"Join Type": "Inner","Startup Cost": 5785.77,"Total Cost": 118558.39,"Plan Rows": 18225,"Plan Width": 260,"Actual Startup Time": 77.703,"Actual Total Time": 365.765,"Actual Rows": 28200,"Actual Loops": 4,"Inner Unique": true,"Hash Cond": "(customer.c_nationkey = nation.n_nationkey)","Workers": [],"Plans": [{"Node Type": "Hash Join","Parent Relationship": "Outer","Parallel Aware": true,"Async Capable": false,"Join Type": "Inner","Startup Cost": 5784.20,"Total Cost": 118500.88,"Plan Rows": 18225,"Plan Width": 160,"Actual Startup Time": 77.334,"Actual Total Time": 357.276,"Actual Rows": 28200,"Actual Loops": 4,"Inner Unique": true,"Hash Cond": "(orders.o_custkey = customer.c_custkey)","Workers": [],"Plans": [{"Node Type": "Nested Loop","Parent Relationship": "Outer","Parallel Aware": false,"Async Capable": false,"Join Type": "Inner","Startup Cost": 792.95,"Total Cost": 113461.79,"Plan Rows": 18225,"Plan Width": 16,"Actual Startup Time": 13.152,"Actual Total Time": 254.573,"Actual Rows": 28200,"Actual Loops": 4,"Inner Unique": false,"Workers": [],"Plans": [{"Node Type": "Bitmap Heap Scan","Parent Relationship": "Outer","Parallel Aware": true,"Async Capable": false,"Relation Name": "orders","Alias": "orders","Startup Cost": 792.52,"Total Cost": 27165.14,"Plan Rows": 18508,"Plan Width": 8,"Actual Startup Time": 13.088,"Actual Total Time": 71.143,"Actual Rows": 14087,"Actual Loops": 4,"Recheck Cond": "((o_orderdate >= '1994-01-01'::date) AND (o_orderdate < '1994-04-01 00:00:00'::timestamp without time zone))","Rows Removed by Index Recheck": 0,"Exact Heap Blocks": 3702,"Lossy Heap Blocks": 0,"Workers": [],"Plans": [{"Node Type": "Bitmap Index Scan","Parent Relationship": "Outer","Parallel Aware": false,"Async Capable": false,"Index Name": "idx_orders_orderdate","Startup Cost": 0.00,"Total Cost": 778.18,"Plan Rows": 57375,"Plan Width": 0,"Actual Startup Time": 9.927,"Actual Total Time": 9.934,"Actual Rows": 56349,"Actual Loops": 1,"Index Cond": "((o_orderdate >= '1994-01-01'::date) AND (o_orderdate < '1994-04-01 00:00:00'::timestamp without time zone))","Workers": []}]},{"Node Type": "Index Scan","Parent Relationship": "Inner","Parallel Aware": false,"Async Capable": false,"Scan Direction": "Forward","Index Name": "idx_lineitem_orderkey","Relation Name": "lineitem","Alias": "lineitem","Startup Cost": 0.43,"Total Cost": 4.62,"Plan Rows": 4,"Plan Width": 16,"Actual Startup Time": 0.011,"Actual Total Time": 0.013,"Actual Rows": 2,"Actual Loops": 56349,"Index Cond": "(l_orderkey = orders.o_orderkey)","Rows Removed by Index Recheck": 0,"Filter": "(l_returnflag = 'R'::bpchar)","Rows Removed by Filter": 2,"Workers": []}]},{"Node Type": "Hash","Parent Relationship": "Inner","Parallel Aware": true,"Async Capable": false,"Startup Cost": 4210.00,"Total Cost": 4210.00,"Plan Rows": 62500,"Plan Width": 148,"Actual Startup Time": 63.582,"Actual Total Time": 63.588,"Actual Rows": 37500,"Actual Loops": 4,"Hash Buckets": 262144,"Original Hash Buckets": 262144,"Hash Batches": 1,"Original Hash Batches": 1,"Peak Memory Usage": 29312,"Workers": [],"Plans": [{"Node Type": "Seq Scan","Parent Relationship": "Outer","Parallel Aware": true,"Async Capable": false,"Relation Name": "customer","Alias": "customer","Startup Cost": 0.00,"Total Cost": 4210.00,"Plan Rows": 62500,"Plan Width": 148,"Actual Startup Time": 0.028,"Actual Total Time": 28.690,"Actual Rows": 37500,"Actual Loops": 4,"Workers": []}]}]},{"Node Type": "Hash","Parent Relationship": "Inner","Parallel Aware": false,"Async Capable": false,"Startup Cost": 1.25,"Total Cost": 1.25,"Plan Rows": 25,"Plan Width": 108,"Actual Startup Time": 0.094,"Actual Total Time": 0.100,"Actual Rows": 25,"Actual Loops": 4,"Hash Buckets": 1024,"Original Hash Buckets": 1024,"Hash Batches": 1,"Original Hash Batches": 1,"Peak Memory Usage": 10,"Workers": [],"Plans": [{"Node Type": "Seq Scan","Parent Relationship": "Outer","Parallel Aware": false,"Async Capable": false,"Relation Name": "nation","Alias": "nation","Startup Cost": 0.00,"Total Cost": 1.25,"Plan Rows": 25,"Plan Width": 108,"Actual Startup Time": 0.060,"Actual Total Time": 0.067,"Actual Rows": 25,"Actual Loops": 4,"Workers": []}]}]}]}]}]},"Planning Time": 7.215,"Triggers": [],"Execution Time": 650.753}]
[{"Plan": {"Node Type": "Sort","Parallel Aware": false,"Async Capable": false,"Startup Cost": 131080.21,"Total Cost": 131221.46,"Plan Rows": 56499,"Plan Width": 280,"Actual Startup Time": 607.607,"Actual Total Time": 646.377,"Actual Rows": 37607,"Actual Loops": 1,"Sort Key": ["(sum((lineitem.l_extendedprice * ('1'::numeric - lineitem.l_discount)))) DESC"],"Sort Method": "quicksort","Sort Space Used": 9755,"Sort Space Type": "Memory","Plans": [{"Node Type": "Aggregate","Strategy": "Hashed","Partial Mode": "Simple","Parent Relationship": "Outer","Parallel Aware": false,"Async Capable": false,"Startup Cost": 125914.53,"Total Cost": 126620.77,"Plan Rows": 56499,"Plan Width": 280,"Actual Startup Time": 421.745,"Actual Total Time": 572.585,"Actual Rows": 37607,"Actual Loops": 1,"Group Key": ["customer.c_custkey", "nation.n_name"],"Planned Partitions": 0,"HashAgg Batches": 1,"Peak Memory Usage": 26129,"Disk Usage": 0,"Plans": [{"Node Type": "Gather","Parent Relationship": "Outer","Parallel Aware": false,"Async Capable": false,"Startup Cost": 6785.77,"Total Cost": 125208.29,"Plan Rows": 56499,"Plan Width": 260,"Actual Startup Time": 84.737,"Actual Total Time": 294.745,"Actual Rows": 112798,"Actual Loops": 1,"Workers Planned": 3,"Workers Launched": 3,"Single Copy": false,"Plans": [{"Node Type": "Hash Join","Parent Relationship": "Outer","Parallel Aware": false,"Async Capable": false,"Join Type": "Inner","Startup Cost": 5785.77,"Total Cost": 118558.39,"Plan Rows": 18225,"Plan Width": 260,"Actual Startup Time": 77.703,"Actual Total Time": 365.765,"Actual Rows": 28200,"Actual Loops": 4,"Inner Unique": true,"Hash Cond": "(customer.c_nationkey = nation.n_nationkey)","Workers": [],"Plans": [{"Node Type": "Hash Join","Parent Relationship": "Outer","Parallel Aware": true,"Async Capable": false,"Join Type": "Inner","Startup Cost": 5784.20,"Total Cost": 118500.88,"Plan Rows": 18225,"Plan Width": 160,"Actual Startup Time": 77.334,"Actual Total Time": 357.276,"Actual Rows": 28200,"Actual Loops": 4,"Inner Unique": true,"Hash Cond": "(orders.o_custkey = customer.c_custkey)","Workers": [],"Plans": [{"Node Type": "Nested Loop","Parent Relationship": "Outer","Parallel Aware": false,"Async Capable": false,"Join Type": "Inner","Startup Cost": 792.95,"Total Cost": 113461.79,"Plan Rows": 18225,"Plan Width": 16,"Actual Startup Time": 13.152,"Actual Total Time": 254.573,"Actual Rows": 28200,"Actual Loops": 4,"Inner Unique": false,"Workers": [],"Plans": [{"Node Type": "Bitmap Heap Scan","Parent Relationship": "Outer","Parallel Aware": true,"Async Capable": false,"Relation Name": "orders","Alias": "orders","Startup Cost": 792.52,"Total Cost": 27165.14,"Plan Rows": 18508,"Plan Width": 8,"Actual Startup Time": 13.088,"Actual Total Time": 71.143,"Actual Rows": 14087,"Actual Loops": 4,"Recheck Cond": "((o_orderdate >= '1994-01-01'::date) AND (o_orderdate < '1994-04-01 00:00:00'::timestamp without time zone))","Rows Removed by Index Recheck": 0,"Exact Heap Blocks": 3702,"Lossy Heap Blocks": 0,"Workers": [],"Plans": [{"Node Type": "Bitmap Index Scan","Parent Relationship": "Outer","Parallel Aware": false,"Async Capable": false,"Index Name": "idx_orders_orderdate","Startup Cost": 0.00,"Total Cost": 778.18,"Plan Rows": 57375,"Plan Width": 0,"Actual Startup Time": 9.927,"Actual Total Time": 9.934,"Actual Rows": 56349,"Actual Loops": 1,"Index Cond": "((o_orderdate >= '1994-01-01'::date) AND (o_orderdate < '1994-04-01 00:00:00'::timestamp without time zone))","Workers": []}]},{"Node Type": "Index Scan","Parent Relationship": "Inner","Parallel Aware": false,"Async Capable": false,"Scan Direction": "Forward","Index Name": "idx_lineitem_orderkey","Relation Name": "lineitem","Alias": "lineitem","Startup Cost": 0.43,"Total Cost": 4.62,"Plan Rows": 4,"Plan Width": 16,"Actual Startup Time": 0.011,"Actual Total Time": 0.013,"Actual Rows": 2,"Actual Loops": 56349,"Index Cond": "(l_orderkey = orders.o_orderkey)","Rows Removed by Index Recheck": 0,"Filter": "(l_returnflag = 'R'::bpchar)","Rows Removed by Filter": 2,"Workers": []}]},{"Node Type": "Hash","Parent Relationship": "Inner","Parallel Aware": true,"Async Capable": false,"Startup Cost": 4210.00,"Total Cost": 4210.00,"Plan Rows": 62500,"Plan Width": 148,"Actual Startup Time": 63.582,"Actual Total Time": 63.588,"Actual Rows": 37500,"Actual Loops": 4,"Hash Buckets": 262144,"Original Hash Buckets": 262144,"Hash Batches": 1,"Original Hash Batches": 1,"Peak Memory Usage": 29312,"Workers": [],"Plans": [{"Node Type": "Seq Scan","Parent Relationship": "Outer","Parallel Aware": true,"Async Capable": false,"Relation Name": "customer","Alias": "customer","Startup Cost": 0.00,"Total Cost": 4210.00,"Plan Rows": 62500,"Plan Width": 148,"Actual Startup Time": 0.028,"Actual Total Time": 28.690,"Actual Rows": 37500,"Actual Loops": 4,"Workers": []}]}]},{"Node Type": "Hash","Parent Relationship": "Inner","Parallel Aware": false,"Async Capable": false,"Startup Cost": 1.25,"Total Cost": 1.25,"Plan Rows": 25,"Plan Width": 108,"Actual Startup Time": 0.094,"Actual Total Time": 0.100,"Actual Rows": 25,"Actual Loops": 4,"Hash Buckets": 1024,"Original Hash Buckets": 1024,"Hash Batches": 1,"Original Hash Batches": 1,"Peak Memory Usage": 10,"Workers": [],"Plans": [{"Node Type": "Seq Scan","Parent Relationship": "Outer","Parallel Aware": false,"Async Capable": false,"Relation Name": "nation","Alias": "nation","Startup Cost": 0.00,"Total Cost": 1.25,"Plan Rows": 25,"Plan Width": 108,"Actual Startup Time": 0.060,"Actual Total Time": 0.067,"Actual Rows": 25,"Actual Loops": 4,"Workers": []}]}]}]}]}]},"Planning Time": 7.215,"Triggers": [],"Execution Time": 650.753}]
[{"Plan": {"Node Type": "Sort","Parallel Aware": false,"Async Capable": false,"Startup Cost": 129819.00,"Total Cost": 129957.88,"Plan Rows": 55552,"Plan Width": 280,"Actual Startup Time": 608.281,"Actual Total Time": 648.391,"Actual Rows": 37948,"Actual Loops": 1,"Sort Key": ["(sum((lineitem.l_extendedprice * ('1'::numeric - lineitem.l_discount)))) DESC"],"Sort Method": "quicksort","Sort Space Used": 9840,"Sort Space Type": "Memory","Plans": [{"Node Type": "Aggregate","Strategy": "Hashed","Partial Mode": "Simple","Parent Relationship": "Outer","Parallel Aware": false,"Async Capable": false,"Startup Cost": 124746.67,"Total Cost": 125441.07,"Plan Rows": 55552,"Plan Width": 280,"Actual Startup Time": 419.818,"Actual Total Time": 574.956,"Actual Rows": 37948,"Actual Loops": 1,"Group Key": ["customer.c_custkey", "nation.n_name"],"Planned Partitions": 0,"HashAgg Batches": 1,"Peak Memory Usage": 26129,"Disk Usage": 0,"Plans": [{"Node Type": "Gather","Parent Relationship": "Outer","Parallel Aware": false,"Async Capable": false,"Startup Cost": 6771.91,"Total Cost": 124052.27,"Plan Rows": 55552,"Plan Width": 260,"Actual Startup Time": 82.501,"Actual Total Time": 287.884,"Actual Rows": 114775,"Actual Loops": 1,"Workers Planned": 3,"Workers Launched": 3,"Single Copy": false,"Plans": [{"Node Type": "Hash Join","Parent Relationship": "Outer","Parallel Aware": false,"Async Capable": false,"Join Type": "Inner","Startup Cost": 5771.91,"Total Cost": 117497.07,"Plan Rows": 17920,"Plan Width": 260,"Actual Startup Time": 75.276,"Actual Total Time": 362.951,"Actual Rows": 28694,"Actual Loops": 4,"Inner Unique": true,"Hash Cond": "(customer.c_nationkey = nation.n_nationkey)","Workers": [],"Plans": [{"Node Type": "Hash Join","Parent Relationship": "Outer","Parallel Aware": true,"Async Capable": false,"Join Type": "Inner","Startup Cost": 5770.34,"Total Cost": 117440.49,"Plan Rows": 17920,"Plan Width": 160,"Actual Startup Time": 74.883,"Actual Total Time": 354.260,"Actual Rows": 28694,"Actual Loops": 4,"Inner Unique": true,"Hash Cond": "(orders.o_custkey = customer.c_custkey)","Workers": [],"Plans": [{"Node Type": "Nested Loop","Parent Relationship": "Outer","Parallel Aware": false,"Async Capable": false,"Join Type": "Inner","Startup Cost": 779.09,"Total Cost": 112402.20,"Plan Rows": 17920,"Plan Width": 16,"Actual Startup Time": 13.340,"Actual Total Time": 252.834,"Actual Rows": 28694,"Actual Loops": 4,"Inner Unique": false,"Workers": [],"Plans": [{"Node Type": "Bitmap Heap Scan","Parent Relationship": "Outer","Parallel Aware": true,"Async Capable": false,"Relation Name": "orders","Alias": "orders","Startup Cost": 778.66,"Total Cost": 27146.63,"Plan Rows": 18198,"Plan Width": 8,"Actual Startup Time": 13.279,"Actual Total Time": 70.699,"Actual Rows": 14304,"Actual Loops": 4,"Recheck Cond": "((o_orderdate >= '1993-07-01'::date) AND (o_orderdate < '1993-10-01 00:00:00'::timestamp without time zone))","Rows Removed by Index Recheck": 0,"Exact Heap Blocks": 3636,"Lossy Heap Blocks": 0,"Workers": [],"Plans": [{"Node Type": "Bitmap Index Scan","Parent Relationship": "Outer","Parallel Aware": false,"Async Capable": false,"Index Name": "idx_orders_orderdate","Startup Cost": 0.00,"Total Cost": 764.56,"Plan Rows": 56413,"Plan Width": 0,"Actual Startup Time": 10.131,"Actual Total Time": 10.133,"Actual Rows": 57218,"Actual Loops": 1,"Index Cond": "((o_orderdate >= '1993-07-01'::date) AND (o_orderdate < '1993-10-01 00:00:00'::timestamp without time zone))","Workers": []}]},{"Node Type": "Index Scan","Parent Relationship": "Inner","Parallel Aware": false,"Async Capable": false,"Scan Direction": "Forward","Index Name": "idx_lineitem_orderkey","Relation Name": "lineitem","Alias": "lineitem","Startup Cost": 0.43,"Total Cost": 4.64,"Plan Rows": 4,"Plan Width": 16,"Actual Startup Time": 0.010,"Actual Total Time": 0.012,"Actual Rows": 2,"Actual Loops": 57218,"Index Cond": "(l_orderkey = orders.o_orderkey)","Rows Removed by Index Recheck": 0,"Filter": "(l_returnflag = 'R'::bpchar)","Rows Removed by Filter": 2,"Workers": []}]},{"Node Type": "Hash","Parent Relationship": "Inner","Parallel Aware": true,"Async Capable": false,"Startup Cost": 4210.00,"Total Cost": 4210.00,"Plan Rows": 62500,"Plan Width": 148,"Actual Startup Time": 60.976,"Actual Total Time": 60.983,"Actual Rows": 37500,"Actual Loops": 4,"Hash Buckets": 262144,"Original Hash Buckets": 262144,"Hash Batches": 1,"Original Hash Batches": 1,"Peak Memory Usage": 29344,"Workers": [],"Plans": [{"Node Type": "Seq Scan","Parent Relationship": "Outer","Parallel Aware": true,"Async Capable": false,"Relation Name": "customer","Alias": "customer","Startup Cost": 0.00,"Total Cost": 4210.00,"Plan Rows": 62500,"Plan Width": 148,"Actual Startup Time": 0.026,"Actual Total Time": 27.898,"Actual Rows": 37500,"Actual Loops": 4,"Workers": []}]}]},{"Node Type": "Hash","Parent Relationship": "Inner","Parallel Aware": false,"Async Capable": false,"Startup Cost": 1.25,"Total Cost": 1.25,"Plan Rows": 25,"Plan Width": 108,"Actual Startup Time": 0.100,"Actual Total Time": 0.105,"Actual Rows": 25,"Actual Loops": 4,"Hash Buckets": 1024,"Original Hash Buckets": 1024,"Hash Batches": 1,"Original Hash Batches": 1,"Peak Memory Usage": 10,"Workers": [],"Plans": [{"Node Type": "Seq Scan","Parent Relationship": "Outer","Parallel Aware": false,"Async Capable": false,"Relation Name": "nation","Alias": "nation","Startup Cost": 0.00,"Total Cost": 1.25,"Plan Rows": 25,"Plan Width": 108,"Actual Startup Time": 0.065,"Actual Total Time": 0.072,"Actual Rows": 25,"Actual Loops": 4,"Workers": []}]}]}]}]}]},"Planning Time": 6.175,"Triggers": [],"Execution Time": 652.968}]
[{"Plan": {"Node Type": "Sort","Parallel Aware": false,"Async Capable": false,"Startup Cost": 130310.74,"Total Cost": 130450.54,"Plan Rows": 55918,"Plan Width": 280,"Actual Startup Time": 603.874,"Actual Total Time": 643.975,"Actual Rows": 37728,"Actual Loops": 1,"Sort Key": ["(sum((lineitem.l_extendedprice * ('1'::numeric - lineitem.l_discount)))) DESC"],"Sort Method": "quicksort","Sort Space Used": 9784,"Sort Space Type": "Memory","Plans": [{"Node Type": "Aggregate","Strategy": "Hashed","Partial Mode": "Simple","Parent Relationship": "Outer","Parallel Aware": false,"Async Capable": false,"Startup Cost": 125202.34,"Total Cost": 125901.32,"Plan Rows": 55918,"Plan Width": 280,"Actual Startup Time": 420.772,"Actual Total Time": 572.027,"Actual Rows": 37728,"Actual Loops": 1,"Group Key": ["customer.c_custkey", "nation.n_name"],"Planned Partitions": 0,"HashAgg Batches": 1,"Peak Memory Usage": 26129,"Disk Usage": 0,"Plans": [{"Node Type": "Gather","Parent Relationship": "Outer","Parallel Aware": false,"Async Capable": false,"Startup Cost": 6779.72,"Total Cost": 124503.37,"Plan Rows": 55918,"Plan Width": 260,"Actual Startup Time": 83.828,"Actual Total Time": 288.561,"Actual Rows": 114106,"Actual Loops": 1,"Workers Planned": 3,"Workers Launched": 3,"Single Copy": false,"Plans": [{"Node Type": "Hash Join","Parent Relationship": "Outer","Parallel Aware": false,"Async Capable": false,"Join Type": "Inner","Startup Cost": 5779.72,"Total Cost": 117911.57,"Plan Rows": 18038,"Plan Width": 260,"Actual Startup Time": 76.669,"Actual Total Time": 363.746,"Actual Rows": 28526,"Actual Loops": 4,"Inner Unique": true,"Hash Cond": "(customer.c_nationkey = nation.n_nationkey)","Workers": [],"Plans": [{"Node Type": "Hash Join","Parent Relationship": "Outer","Parallel Aware": true,"Async Capable": false,"Join Type": "Inner","Startup Cost": 5778.16,"Total Cost": 117854.62,"Plan Rows": 18038,"Plan Width": 160,"Actual Startup Time": 76.278,"Actual Total Time": 354.947,"Actual Rows": 28526,"Actual Loops": 4,"Inner Unique": true,"Hash Cond": "(orders.o_custkey = customer.c_custkey)","Workers": [],"Plans": [{"Node Type": "Nested Loop","Parent Relationship": "Outer","Parallel Aware": false,"Async Capable": false,"Join Type": "Inner","Startup Cost": 786.91,"Total Cost": 112816.03,"Plan Rows": 18038,"Plan Width": 16,"Actual Startup Time": 13.309,"Actual Total Time": 250.189,"Actual Rows": 28526,"Actual Loops": 4,"Inner Unique": false,"Workers": [],"Plans": [{"Node Type": "Bitmap Heap Scan","Parent Relationship": "Outer","Parallel Aware": true,"Async Capable": false,"Relation Name": "orders","Alias": "orders","Startup Cost": 786.47,"Total Cost": 27156.24,"Plan Rows": 18318,"Plan Width": 8,"Actual Startup Time": 13.234,"Actual Total Time": 69.997,"Actual Rows": 14148,"Actual Loops": 4,"Recheck Cond": "((o_orderdate >= '1993-09-01'::date) AND (o_orderdate < '1993-12-01 00:00:00'::timestamp without time zone))","Rows Removed by Index Recheck": 0,"Exact Heap Blocks": 3617,"Lossy Heap Blocks": 0,"Workers": [],"Plans": [{"Node Type": "Bitmap Index Scan","Parent Relationship": "Outer","Parallel Aware": false,"Async Capable": false,"Index Name": "idx_orders_orderdate","Startup Cost": 0.00,"Total Cost": 772.28,"Plan Rows": 56785,"Plan Width": 0,"Actual Startup Time": 10.161,"Actual Total Time": 10.165,"Actual Rows": 56592,"Actual Loops": 1,"Index Cond": "((o_orderdate >= '1993-09-01'::date) AND (o_orderdate < '1993-12-01 00:00:00'::timestamp without time zone))","Workers": []}]},{"Node Type": "Index Scan","Parent Relationship": "Inner","Parallel Aware": false,"Async Capable": false,"Scan Direction": "Forward","Index Name": "idx_lineitem_orderkey","Relation Name": "lineitem","Alias": "lineitem","Startup Cost": 0.43,"Total Cost": 4.64,"Plan Rows": 4,"Plan Width": 16,"Actual Startup Time": 0.010,"Actual Total Time": 0.012,"Actual Rows": 2,"Actual Loops": 56592,"Index Cond": "(l_orderkey = orders.o_orderkey)","Rows Removed by Index Recheck": 0,"Filter": "(l_returnflag = 'R'::bpchar)","Rows Removed by Filter": 2,"Workers": []}]},{"Node Type": "Hash","Parent Relationship": "Inner","Parallel Aware": true,"Async Capable": false,"Startup Cost": 4210.00,"Total Cost": 4210.00,"Plan Rows": 62500,"Plan Width": 148,"Actual Startup Time": 62.426,"Actual Total Time": 62.432,"Actual Rows": 37500,"Actual Loops": 4,"Hash Buckets": 262144,"Original Hash Buckets": 262144,"Hash Batches": 1,"Original Hash Batches": 1,"Peak Memory Usage": 29312,"Workers": [],"Plans": [{"Node Type": "Seq Scan","Parent Relationship": "Outer","Parallel Aware": true,"Async Capable": false,"Relation Name": "customer","Alias": "customer","Startup Cost": 0.00,"Total Cost": 4210.00,"Plan Rows": 62500,"Plan Width": 148,"Actual Startup Time": 0.023,"Actual Total Time": 26.530,"Actual Rows": 37500,"Actual Loops": 4,"Workers": []}]}]},{"Node Type": "Hash","Parent Relationship": "Inner","Parallel Aware": false,"Async Capable": false,"Startup Cost": 1.25,"Total Cost": 1.25,"Plan Rows": 25,"Plan Width": 108,"Actual Startup Time": 0.095,"Actual Total Time": 0.100,"Actual Rows": 25,"Actual Loops": 4,"Hash Buckets": 1024,"Original Hash Buckets": 1024,"Hash Batches": 1,"Original Hash Batches": 1,"Peak Memory Usage": 10,"Workers": [],"Plans": [{"Node Type": "Seq Scan","Parent Relationship": "Outer","Parallel Aware": false,"Async Capable": false,"Relation Name": "nation","Alias": "nation","Startup Cost": 0.00,"Total Cost": 1.25,"Plan Rows": 25,"Plan Width": 108,"Actual Startup Time": 0.059,"Actual Total Time": 0.065,"Actual Rows": 25,"Actual Loops": 4,"Workers": []}]}]}]}]}]},"Planning Time": 7.546,"Triggers": [],"Execution Time": 648.224}]
[{"Plan": {"Node Type": "Sort","Parallel Aware": false,"Async Capable": false,"Startup Cost": 132006.18,"Total Cost": 132149.16,"Plan Rows": 57194,"Plan Width": 280,"Actual Startup Time": 619.069,"Actual Total Time": 657.587,"Actual Rows": 38097,"Actual Loops": 1,"Sort Key": ["(sum((lineitem.l_extendedprice * ('1'::numeric - lineitem.l_discount)))) DESC"],"Sort Method": "quicksort","Sort Space Used": 9867,"Sort Space Type": "Memory","Plans": [{"Node Type": "Aggregate","Strategy": "Hashed","Partial Mode": "Simple","Parent Relationship": "Outer","Parallel Aware": false,"Async Capable": false,"Startup Cost": 126771.91,"Total Cost": 127486.83,"Plan Rows": 57194,"Plan Width": 280,"Actual Startup Time": 426.706,"Actual Total Time": 585.981,"Actual Rows": 38097,"Actual Loops": 1,"Group Key": ["customer.c_custkey", "nation.n_name"],"Planned Partitions": 0,"HashAgg Batches": 1,"Peak Memory Usage": 26129,"Disk Usage": 0,"Plans": [{"Node Type": "Gather","Parent Relationship": "Outer","Parallel Aware": false,"Async Capable": false,"Startup Cost": 6797.00,"Total Cost": 126056.98,"Plan Rows": 57194,"Plan Width": 260,"Actual Startup Time": 85.005,"Actual Total Time": 294.440,"Actual Rows": 114700,"Actual Loops": 1,"Workers Planned": 3,"Workers Launched": 3,"Single Copy": false,"Plans": [{"Node Type": "Hash Join","Parent Relationship": "Outer","Parallel Aware": false,"Async Capable": false,"Join Type": "Inner","Startup Cost": 5797.00,"Total Cost": 119337.58,"Plan Rows": 18450,"Plan Width": 260,"Actual Startup Time": 77.864,"Actual Total Time": 370.283,"Actual Rows": 28675,"Actual Loops": 4,"Inner Unique": true,"Hash Cond": "(customer.c_nationkey = nation.n_nationkey)","Workers": [],"Plans": [{"Node Type": "Hash Join","Parent Relationship": "Outer","Parallel Aware": true,"Async Capable": false,"Join Type": "Inner","Startup Cost": 5795.44,"Total Cost": 119279.38,"Plan Rows": 18450,"Plan Width": 160,"Actual Startup Time": 77.458,"Actual Total Time": 360.463,"Actual Rows": 28675,"Actual Loops": 4,"Inner Unique": true,"Hash Cond": "(orders.o_custkey = customer.c_custkey)","Workers": [],"Plans": [{"Node Type": "Nested Loop","Parent Relationship": "Outer","Parallel Aware": false,"Async Capable": false,"Join Type": "Inner","Startup Cost": 804.19,"Total Cost": 114239.70,"Plan Rows": 18450,"Plan Width": 16,"Actual Startup Time": 13.282,"Actual Total Time": 254.673,"Actual Rows": 28675,"Actual Loops": 4,"Inner Unique": false,"Workers": [],"Plans": [{"Node Type": "Bitmap Heap Scan","Parent Relationship": "Outer","Parallel Aware": true,"Async Capable": false,"Relation Name": "orders","Alias": "orders","Startup Cost": 803.76,"Total Cost": 27179.79,"Plan Rows": 18736,"Plan Width": 8,"Actual Startup Time": 13.232,"Actual Total Time": 71.774,"Actual Rows": 14328,"Actual Loops": 4,"Recheck Cond": "((o_orderdate >= '1994-05-01'::date) AND (o_orderdate < '1994-08-01 00:00:00'::timestamp without time zone))","Rows Removed by Index Recheck": 0,"Exact Heap Blocks": 3671,"Lossy Heap Blocks": 0,"Workers": [],"Plans": [{"Node Type": "Bitmap Index Scan","Parent Relationship": "Outer","Parallel Aware": false,"Async Capable": false,"Index Name": "idx_orders_orderdate","Startup Cost": 0.00,"Total Cost": 789.24,"Plan Rows": 58081,"Plan Width": 0,"Actual Startup Time": 10.132,"Actual Total Time": 10.140,"Actual Rows": 57311,"Actual Loops": 1,"Index Cond": "((o_orderdate >= '1994-05-01'::date) AND (o_orderdate < '1994-08-01 00:00:00'::timestamp without time zone))","Workers": []}]},{"Node Type": "Index Scan","Parent Relationship": "Inner","Parallel Aware": false,"Async Capable": false,"Scan Direction": "Forward","Index Name": "idx_lineitem_orderkey","Relation Name": "lineitem","Alias": "lineitem","Startup Cost": 0.43,"Total Cost": 4.61,"Plan Rows": 4,"Plan Width": 16,"Actual Startup Time": 0.010,"Actual Total Time": 0.012,"Actual Rows": 2,"Actual Loops": 57311,"Index Cond": "(l_orderkey = orders.o_orderkey)","Rows Removed by Index Recheck": 0,"Filter": "(l_returnflag = 'R'::bpchar)","Rows Removed by Filter": 2,"Workers": []}]},{"Node Type": "Hash","Parent Relationship": "Inner","Parallel Aware": true,"Async Capable": false,"Startup Cost": 4210.00,"Total Cost": 4210.00,"Plan Rows": 62500,"Plan Width": 148,"Actual Startup Time": 63.588,"Actual Total Time": 63.595,"Actual Rows": 37500,"Actual Loops": 4,"Hash Buckets": 262144,"Original Hash Buckets": 262144,"Hash Batches": 1,"Original Hash Batches": 1,"Peak Memory Usage": 29312,"Workers": [],"Plans": [{"Node Type": "Seq Scan","Parent Relationship": "Outer","Parallel Aware": true,"Async Capable": false,"Relation Name": "customer","Alias": "customer","Startup Cost": 0.00,"Total Cost": 4210.00,"Plan Rows": 62500,"Plan Width": 148,"Actual Startup Time": 0.027,"Actual Total Time": 28.105,"Actual Rows": 37500,"Actual Loops": 4,"Workers": []}]}]},{"Node Type": "Hash","Parent Relationship": "Inner","Parallel Aware": false,"Async Capable": false,"Startup Cost": 1.25,"Total Cost": 1.25,"Plan Rows": 25,"Plan Width": 108,"Actual Startup Time": 0.090,"Actual Total Time": 0.096,"Actual Rows": 25,"Actual Loops": 4,"Hash Buckets": 1024,"Original Hash Buckets": 1024,"Hash Batches": 1,"Original Hash Batches": 1,"Peak Memory Usage": 10,"Workers": [],"Plans": [{"Node Type": "Seq Scan","Parent Relationship": "Outer","Parallel Aware": false,"Async Capable": false,"Relation Name": "nation","Alias": "nation","Startup Cost": 0.00,"Total Cost": 1.25,"Plan Rows": 25,"Plan Width": 108,"Actual Startup Time": 0.060,"Actual Total Time": 0.066,"Actual Rows": 25,"Actual Loops": 4,"Workers": []}]}]}]}]}]},"Planning Time": 6.734,"Triggers": [],"Execution Time": 661.786}]
[{"Plan": {"Node Type": "Sort","Parallel Aware": false,"Async Capable": false,"Startup Cost": 132365.07,"Total Cost": 132508.74,"Plan Rows": 57466,"Plan Width": 280,"Actual Startup Time": 604.092,"Actual Total Time": 644.113,"Actual Rows": 37690,"Actual Loops": 1,"Sort Key": ["(sum((lineitem.l_extendedprice * ('1'::numeric - lineitem.l_discount)))) DESC"],"Sort Method": "quicksort","Sort Space Used": 9779,"Sort Space Type": "Memory","Plans": [{"Node Type": "Aggregate","Strategy": "Hashed","Partial Mode": "Simple","Parent Relationship": "Outer","Parallel Aware": false,"Async Capable": false,"Startup Cost": 127103.94,"Total Cost": 127822.26,"Plan Rows": 57466,"Plan Width": 280,"Actual Startup Time": 420.502,"Actual Total Time": 570.586,"Actual Rows": 37690,"Actual Loops": 1,"Group Key": ["customer.c_custkey", "nation.n_name"],"Planned Partitions": 0,"HashAgg Batches": 1,"Peak Memory Usage": 26129,"Disk Usage": 0,"Plans": [{"Node Type": "Gather","Parent Relationship": "Outer","Parallel Aware": false,"Async Capable": false,"Startup Cost": 6799.83,"Total Cost": 126385.61,"Plan Rows": 57466,"Plan Width": 260,"Actual Startup Time": 84.807,"Actual Total Time": 291.020,"Actual Rows": 113599,"Actual Loops": 1,"Workers Planned": 3,"Workers Launched": 3,"Single Copy": false,"Plans": [{"Node Type": "Hash Join","Parent Relationship": "Outer","Parallel Aware": false,"Async Capable": false,"Join Type": "Inner","Startup Cost": 5799.83,"Total Cost": 119639.01,"Plan Rows": 18537,"Plan Width": 260,"Actual Startup Time": 77.448,"Actual Total Time": 365.330,"Actual Rows": 28400,"Actual Loops": 4,"Inner Unique": true,"Hash Cond": "(customer.c_nationkey = nation.n_nationkey)","Workers": [],"Plans": [{"Node Type": "Hash Join","Parent Relationship": "Outer","Parallel Aware": true,"Async Capable": false,"Join Type": "Inner","Startup Cost": 5798.27,"Total Cost": 119580.55,"Plan Rows": 18537,"Plan Width": 160,"Actual Startup Time": 76.978,"Actual Total Time": 356.100,"Actual Rows": 28400,"Actual Loops": 4,"Inner Unique": true,"Hash Cond": "(orders.o_custkey = customer.c_custkey)","Workers": [],"Plans": [{"Node Type": "Nested Loop","Parent Relationship": "Outer","Parallel Aware": false,"Async Capable": false,"Join Type": "Inner","Startup Cost": 807.02,"Total Cost": 114540.64,"Plan Rows": 18537,"Plan Width": 16,"Actual Startup Time": 13.069,"Actual Total Time": 252.235,"Actual Rows": 28400,"Actual Loops": 4,"Inner Unique": false,"Workers": [],"Plans": [{"Node Type": "Bitmap Heap Scan","Parent Relationship": "Outer","Parallel Aware": true,"Async Capable": false,"Relation Name": "orders","Alias": "orders","Startup Cost": 806.59,"Total Cost": 27183.96,"Plan Rows": 18825,"Plan Width": 8,"Actual Startup Time": 13.002,"Actual Total Time": 70.665,"Actual Rows": 14161,"Actual Loops": 4,"Recheck Cond": "((o_orderdate >= '1994-04-01'::date) AND (o_orderdate < '1994-07-01 00:00:00'::timestamp without time zone))","Rows Removed by Index Recheck": 0,"Exact Heap Blocks": 3668,"Lossy Heap Blocks": 0,"Workers": [],"Plans": [{"Node Type": "Bitmap Index Scan","Parent Relationship": "Outer","Parallel Aware": false,"Async Capable": false,"Index Name": "idx_orders_orderdate","Startup Cost": 0.00,"Total Cost": 792.00,"Plan Rows": 58357,"Plan Width": 0,"Actual Startup Time": 9.907,"Actual Total Time": 9.915,"Actual Rows": 56645,"Actual Loops": 1,"Index Cond": "((o_orderdate >= '1994-04-01'::date) AND (o_orderdate < '1994-07-01 00:00:00'::timestamp without time zone))","Workers": []}]},{"Node Type": "Index Scan","Parent Relationship": "Inner","Parallel Aware": false,"Async Capable": false,"Scan Direction": "Forward","Index Name": "idx_lineitem_orderkey","Relation Name": "lineitem","Alias": "lineitem","Startup Cost": 0.43,"Total Cost": 4.60,"Plan Rows": 4,"Plan Width": 16,"Actual Startup Time": 0.010,"Actual Total Time": 0.012,"Actual Rows": 2,"Actual Loops": 56645,"Index Cond": "(l_orderkey = orders.o_orderkey)","Rows Removed by Index Recheck": 0,"Filter": "(l_returnflag = 'R'::bpchar)","Rows Removed by Filter": 2,"Workers": []}]},{"Node Type": "Hash","Parent Relationship": "Inner","Parallel Aware": true,"Async Capable": false,"Startup Cost": 4210.00,"Total Cost": 4210.00,"Plan Rows": 62500,"Plan Width": 148,"Actual Startup Time": 63.332,"Actual Total Time": 63.338,"Actual Rows": 37500,"Actual Loops": 4,"Hash Buckets": 262144,"Original Hash Buckets": 262144,"Hash Batches": 1,"Original Hash Batches": 1,"Peak Memory Usage": 29344,"Workers": [],"Plans": [{"Node Type": "Seq Scan","Parent Relationship": "Outer","Parallel Aware": true,"Async Capable": false,"Relation Name": "customer","Alias": "customer","Startup Cost": 0.00,"Total Cost": 4210.00,"Plan Rows": 62500,"Plan Width": 148,"Actual Startup Time": 0.025,"Actual Total Time": 28.533,"Actual Rows": 37500,"Actual Loops": 4,"Workers": []}]}]},{"Node Type": "Hash","Parent Relationship": "Inner","Parallel Aware": false,"Async Capable": false,"Startup Cost": 1.25,"Total Cost": 1.25,"Plan Rows": 25,"Plan Width": 108,"Actual Startup Time": 0.107,"Actual Total Time": 0.110,"Actual Rows": 25,"Actual Loops": 4,"Hash Buckets": 1024,"Original Hash Buckets": 1024,"Hash Batches": 1,"Original Hash Batches": 1,"Peak Memory Usage": 10,"Workers": [],"Plans": [{"Node Type": "Seq Scan","Parent Relationship": "Outer","Parallel Aware": false,"Async Capable": false,"Relation Name": "nation","Alias": "nation","Startup Cost": 0.00,"Total Cost": 1.25,"Plan Rows": 25,"Plan Width": 108,"Actual Startup Time": 0.074,"Actual Total Time": 0.080,"Actual Rows": 25,"Actual Loops": 4,"Workers": []}]}]}]}]}]},"Planning Time": 6.317,"Triggers": [],"Execution Time": 648.403}]
[{"Plan": {"Node Type": "Sort","Parallel Aware": false,"Async Capable": false,"Startup Cost": 132006.18,"Total Cost": 132149.16,"Plan Rows": 57194,"Plan Width": 280,"Actual Startup Time": 619.069,"Actual Total Time": 657.587,"Actual Rows": 38097,"Actual Loops": 1,"Sort Key": ["(sum((lineitem.l_extendedprice * ('1'::numeric - lineitem.l_discount)))) DESC"],"Sort Method": "quicksort","Sort Space Used": 9867,"Sort Space Type": "Memory","Plans": [{"Node Type": "Aggregate","Strategy": "Hashed","Partial Mode": "Simple","Parent Relationship": "Outer","Parallel Aware": false,"Async Capable": false,"Startup Cost": 126771.91,"Total Cost": 127486.83,"Plan Rows": 57194,"Plan Width": 280,"Actual Startup Time": 426.706,"Actual Total Time": 585.981,"Actual Rows": 38097,"Actual Loops": 1,"Group Key": ["customer.c_custkey", "nation.n_name"],"Planned Partitions": 0,"HashAgg Batches": 1,"Peak Memory Usage": 26129,"Disk Usage": 0,"Plans": [{"Node Type": "Gather","Parent Relationship": "Outer","Parallel Aware": false,"Async Capable": false,"Startup Cost": 6797.00,"Total Cost": 126056.98,"Plan Rows": 57194,"Plan Width": 260,"Actual Startup Time": 85.005,"Actual Total Time": 294.440,"Actual Rows": 114700,"Actual Loops": 1,"Workers Planned": 3,"Workers Launched": 3,"Single Copy": false,"Plans": [{"Node Type": "Hash Join","Parent Relationship": "Outer","Parallel Aware": false,"Async Capable": false,"Join Type": "Inner","Startup Cost": 5797.00,"Total Cost": 119337.58,"Plan Rows": 18450,"Plan Width": 260,"Actual Startup Time": 77.864,"Actual Total Time": 370.283,"Actual Rows": 28675,"Actual Loops": 4,"Inner Unique": true,"Hash Cond": "(customer.c_nationkey = nation.n_nationkey)","Workers": [],"Plans": [{"Node Type": "Hash Join","Parent Relationship": "Outer","Parallel Aware": true,"Async Capable": false,"Join Type": "Inner","Startup Cost": 5795.44,"Total Cost": 119279.38,"Plan Rows": 18450,"Plan Width": 160,"Actual Startup Time": 77.458,"Actual Total Time": 360.463,"Actual Rows": 28675,"Actual Loops": 4,"Inner Unique": true,"Hash Cond": "(orders.o_custkey = customer.c_custkey)","Workers": [],"Plans": [{"Node Type": "Nested Loop","Parent Relationship": "Outer","Parallel Aware": false,"Async Capable": false,"Join Type": "Inner","Startup Cost": 804.19,"Total Cost": 114239.70,"Plan Rows": 18450,"Plan Width": 16,"Actual Startup Time": 13.282,"Actual Total Time": 254.673,"Actual Rows": 28675,"Actual Loops": 4,"Inner Unique": false,"Workers": [],"Plans": [{"Node Type": "Bitmap Heap Scan","Parent Relationship": "Outer","Parallel Aware": true,"Async Capable": false,"Relation Name": "orders","Alias": "orders","Startup Cost": 803.76,"Total Cost": 27179.79,"Plan Rows": 18736,"Plan Width": 8,"Actual Startup Time": 13.232,"Actual Total Time": 71.774,"Actual Rows": 14328,"Actual Loops": 4,"Recheck Cond": "((o_orderdate >= '1994-05-01'::date) AND (o_orderdate < '1994-08-01 00:00:00'::timestamp without time zone))","Rows Removed by Index Recheck": 0,"Exact Heap Blocks": 3671,"Lossy Heap Blocks": 0,"Workers": [],"Plans": [{"Node Type": "Bitmap Index Scan","Parent Relationship": "Outer","Parallel Aware": false,"Async Capable": false,"Index Name": "idx_orders_orderdate","Startup Cost": 0.00,"Total Cost": 789.24,"Plan Rows": 58081,"Plan Width": 0,"Actual Startup Time": 10.132,"Actual Total Time": 10.140,"Actual Rows": 57311,"Actual Loops": 1,"Index Cond": "((o_orderdate >= '1994-05-01'::date) AND (o_orderdate < '1994-08-01 00:00:00'::timestamp without time zone))","Workers": []}]},{"Node Type": "Index Scan","Parent Relationship": "Inner","Parallel Aware": false,"Async Capable": false,"Scan Direction": "Forward","Index Name": "idx_lineitem_orderkey","Relation Name": "lineitem","Alias": "lineitem","Startup Cost": 0.43,"Total Cost": 4.61,"Plan Rows": 4,"Plan Width": 16,"Actual Startup Time": 0.010,"Actual Total Time": 0.012,"Actual Rows": 2,"Actual Loops": 57311,"Index Cond": "(l_orderkey = orders.o_orderkey)","Rows Removed by Index Recheck": 0,"Filter": "(l_returnflag = 'R'::bpchar)","Rows Removed by Filter": 2,"Workers": []}]},{"Node Type": "Hash","Parent Relationship": "Inner","Parallel Aware": true,"Async Capable": false,"Startup Cost": 4210.00,"Total Cost": 4210.00,"Plan Rows": 62500,"Plan Width": 148,"Actual Startup Time": 63.588,"Actual Total Time": 63.595,"Actual Rows": 37500,"Actual Loops": 4,"Hash Buckets": 262144,"Original Hash Buckets": 262144,"Hash Batches": 1,"Original Hash Batches": 1,"Peak Memory Usage": 29312,"Workers": [],"Plans": [{"Node Type": "Seq Scan","Parent Relationship": "Outer","Parallel Aware": true,"Async Capable": false,"Relation Name": "customer","Alias": "customer","Startup Cost": 0.00,"Total Cost": 4210.00,"Plan Rows": 62500,"Plan Width": 148,"Actual Startup Time": 0.027,"Actual Total Time": 28.105,"Actual Rows": 37500,"Actual Loops": 4,"Workers": []}]}]},{"Node Type": "Hash","Parent Relationship": "Inner","Parallel Aware": false,"Async Capable": false,"Startup Cost": 1.25,"Total Cost": 1.25,"Plan Rows": 25,"Plan Width": 108,"Actual Startup Time": 0.090,"Actual Total Time": 0.096,"Actual Rows": 25,"Actual Loops": 4,"Hash Buckets": 1024,"Original Hash Buckets": 1024,"Hash Batches": 1,"Original Hash Batches": 1,"Peak Memory Usage": 10,"Workers": [],"Plans": [{"Node Type": "Seq Scan","Parent Relationship": "Outer","Parallel Aware": false,"Async Capable": false,"Relation Name": "nation","Alias": "nation","Startup Cost": 0.00,"Total Cost": 1.25,"Plan Rows": 25,"Plan Width": 108,"Actual Startup Time": 0.060,"Actual Total Time": 0.066,"Actual Rows": 25,"Actual Loops": 4,"Workers": []}]}]}]}]}]},"Planning Time": 6.734,"Triggers": [],"Execution Time": 661.786}]
[{"Plan": {"Node Type": "Sort","Parallel Aware": false,"Async Capable": false,"Startup Cost": 131080.21,"Total Cost": 131221.46,"Plan Rows": 56499,"Plan Width": 280,"Actual Startup Time": 607.607,"Actual Total Time": 646.377,"Actual Rows": 37607,"Actual Loops": 1,"Sort Key": ["(sum((lineitem.l_extendedprice * ('1'::numeric - lineitem.l_discount)))) DESC"],"Sort Method": "quicksort","Sort Space Used": 9755,"Sort Space Type": "Memory","Plans": [{"Node Type": "Aggregate","Strategy": "Hashed","Partial Mode": "Simple","Parent Relationship": "Outer","Parallel Aware": false,"Async Capable": false,"Startup Cost": 125914.53,"Total Cost": 126620.77,"Plan Rows": 56499,"Plan Width": 280,"Actual Startup Time": 421.745,"Actual Total Time": 572.585,"Actual Rows": 37607,"Actual Loops": 1,"Group Key": ["customer.c_custkey", "nation.n_name"],"Planned Partitions": 0,"HashAgg Batches": 1,"Peak Memory Usage": 26129,"Disk Usage": 0,"Plans": [{"Node Type": "Gather","Parent Relationship": "Outer","Parallel Aware": false,"Async Capable": false,"Startup Cost": 6785.77,"Total Cost": 125208.29,"Plan Rows": 56499,"Plan Width": 260,"Actual Startup Time": 84.737,"Actual Total Time": 294.745,"Actual Rows": 112798,"Actual Loops": 1,"Workers Planned": 3,"Workers Launched": 3,"Single Copy": false,"Plans": [{"Node Type": "Hash Join","Parent Relationship": "Outer","Parallel Aware": false,"Async Capable": false,"Join Type": "Inner","Startup Cost": 5785.77,"Total Cost": 118558.39,"Plan Rows": 18225,"Plan Width": 260,"Actual Startup Time": 77.703,"Actual Total Time": 365.765,"Actual Rows": 28200,"Actual Loops": 4,"Inner Unique": true,"Hash Cond": "(customer.c_nationkey = nation.n_nationkey)","Workers": [],"Plans": [{"Node Type": "Hash Join","Parent Relationship": "Outer","Parallel Aware": true,"Async Capable": false,"Join Type": "Inner","Startup Cost": 5784.20,"Total Cost": 118500.88,"Plan Rows": 18225,"Plan Width": 160,"Actual Startup Time": 77.334,"Actual Total Time": 357.276,"Actual Rows": 28200,"Actual Loops": 4,"Inner Unique": true,"Hash Cond": "(orders.o_custkey = customer.c_custkey)","Workers": [],"Plans": [{"Node Type": "Nested Loop","Parent Relationship": "Outer","Parallel Aware": false,"Async Capable": false,"Join Type": "Inner","Startup Cost": 792.95,"Total Cost": 113461.79,"Plan Rows": 18225,"Plan Width": 16,"Actual Startup Time": 13.152,"Actual Total Time": 254.573,"Actual Rows": 28200,"Actual Loops": 4,"Inner Unique": false,"Workers": [],"Plans": [{"Node Type": "Bitmap Heap Scan","Parent Relationship": "Outer","Parallel Aware": true,"Async Capable": false,"Relation Name": "orders","Alias": "orders","Startup Cost": 792.52,"Total Cost": 27165.14,"Plan Rows": 18508,"Plan Width": 8,"Actual Startup Time": 13.088,"Actual Total Time": 71.143,"Actual Rows": 14087,"Actual Loops": 4,"Recheck Cond": "((o_orderdate >= '1994-01-01'::date) AND (o_orderdate < '1994-04-01 00:00:00'::timestamp without time zone))","Rows Removed by Index Recheck": 0,"Exact Heap Blocks": 3702,"Lossy Heap Blocks": 0,"Workers": [],"Plans": [{"Node Type": "Bitmap Index Scan","Parent Relationship": "Outer","Parallel Aware": false,"Async Capable": false,"Index Name": "idx_orders_orderdate","Startup Cost": 0.00,"Total Cost": 778.18,"Plan Rows": 57375,"Plan Width": 0,"Actual Startup Time": 9.927,"Actual Total Time": 9.934,"Actual Rows": 56349,"Actual Loops": 1,"Index Cond": "((o_orderdate >= '1994-01-01'::date) AND (o_orderdate < '1994-04-01 00:00:00'::timestamp without time zone))","Workers": []}]},{"Node Type": "Index Scan","Parent Relationship": "Inner","Parallel Aware": false,"Async Capable": false,"Scan Direction": "Forward","Index Name": "idx_lineitem_orderkey","Relation Name": "lineitem","Alias": "lineitem","Startup Cost": 0.43,"Total Cost": 4.62,"Plan Rows": 4,"Plan Width": 16,"Actual Startup Time": 0.011,"Actual Total Time": 0.013,"Actual Rows": 2,"Actual Loops": 56349,"Index Cond": "(l_orderkey = orders.o_orderkey)","Rows Removed by Index Recheck": 0,"Filter": "(l_returnflag = 'R'::bpchar)","Rows Removed by Filter": 2,"Workers": []}]},{"Node Type": "Hash","Parent Relationship": "Inner","Parallel Aware": true,"Async Capable": false,"Startup Cost": 4210.00,"Total Cost": 4210.00,"Plan Rows": 62500,"Plan Width": 148,"Actual Startup Time": 63.582,"Actual Total Time": 63.588,"Actual Rows": 37500,"Actual Loops": 4,"Hash Buckets": 262144,"Original Hash Buckets": 262144,"Hash Batches": 1,"Original Hash Batches": 1,"Peak Memory Usage": 29312,"Workers": [],"Plans": [{"Node Type": "Seq Scan","Parent Relationship": "Outer","Parallel Aware": true,"Async Capable": false,"Relation Name": "customer","Alias": "customer","Startup Cost": 0.00,"Total Cost": 4210.00,"Plan Rows": 62500,"Plan Width": 148,"Actual Startup Time": 0.028,"Actual Total Time": 28.690,"Actual Rows": 37500,"Actual Loops": 4,"Workers": []}]}]},{"Node Type": "Hash","Parent Relationship": "Inner","Parallel Aware": false,"Async Capable": false,"Startup Cost": 1.25,"Total Cost": 1.25,"Plan Rows": 25,"Plan Width": 108,"Actual Startup Time": 0.094,"Actual Total Time": 0.100,"Actual Rows": 25,"Actual Loops": 4,"Hash Buckets": 1024,"Original Hash Buckets": 1024,"Hash Batches": 1,"Original Hash Batches": 1,"Peak Memory Usage": 10,"Workers": [],"Plans": [{"Node Type": "Seq Scan","Parent Relationship": "Outer","Parallel Aware": false,"Async Capable": false,"Relation Name": "nation","Alias": "nation","Startup Cost": 0.00,"Total Cost": 1.25,"Plan Rows": 25,"Plan Width": 108,"Actual Startup Time": 0.060,"Actual Total Time": 0.067,"Actual Rows": 25,"Actual Loops": 4,"Workers": []}]}]}]}]}]},"Planning Time": 7.215,"Triggers": [],"Execution Time": 650.753}]
[{"Plan": {"Node Type": "Sort","Parallel Aware": false,"Async Capable": false,"Startup Cost": 131330.41,"Total Cost": 131472.12,"Plan Rows": 56686,"Plan Width": 280,"Actual Startup Time": 587.483,"Actual Total Time": 628.086,"Actual Rows": 37925,"Actual Loops": 1,"Sort Key": ["(sum((lineitem.l_extendedprice * ('1'::numeric - lineitem.l_discount)))) DESC"],"Sort Method": "quicksort","Sort Space Used": 9832,"Sort Space Type": "Memory","Plans": [{"Node Type": "Aggregate","Strategy": "Hashed","Partial Mode": "Simple","Parent Relationship": "Outer","Parallel Aware": false,"Async Capable": false,"Startup Cost": 126146.27,"Total Cost": 126854.85,"Plan Rows": 56686,"Plan Width": 280,"Actual Startup Time": 410.388,"Actual Total Time": 556.054,"Actual Rows": 37925,"Actual Loops": 1,"Group Key": ["customer.c_custkey", "nation.n_name"],"Planned Partitions": 0,"HashAgg Batches": 1,"Peak Memory Usage": 26129,"Disk Usage": 0,"Plans": [{"Node Type": "Gather","Parent Relationship": "Outer","Parallel Aware": false,"Async Capable": false,"Startup Cost": 6791.71,"Total Cost": 125437.70,"Plan Rows": 56686,"Plan Width": 260,"Actual Startup Time": 76.070,"Actual Total Time": 284.431,"Actual Rows": 114550,"Actual Loops": 1,"Workers Planned": 3,"Workers Launched": 3,"Single Copy": false,"Plans": [{"Node Type": "Hash Join","Parent Relationship": "Outer","Parallel Aware": false,"Async Capable": false,"Join Type": "Inner","Startup Cost": 5791.71,"Total Cost": 118769.10,"Plan Rows": 18286,"Plan Width": 260,"Actual Startup Time": 68.409,"Actual Total Time": 355.040,"Actual Rows": 28638,"Actual Loops": 4,"Inner Unique": true,"Hash Cond": "(customer.c_nationkey = nation.n_nationkey)","Workers": [],"Plans": [{"Node Type": "Hash Join","Parent Relationship": "Outer","Parallel Aware": true,"Async Capable": false,"Join Type": "Inner","Startup Cost": 5790.15,"Total Cost": 118711.40,"Plan Rows": 18286,"Plan Width": 160,"Actual Startup Time": 67.911,"Actual Total Time": 346.301,"Actual Rows": 28638,"Actual Loops": 4,"Inner Unique": true,"Hash Cond": "(orders.o_custkey = customer.c_custkey)","Workers": [],"Plans": [{"Node Type": "Nested Loop","Parent Relationship": "Outer","Parallel Aware": false,"Async Capable": false,"Join Type": "Inner","Startup Cost": 798.90,"Total Cost": 113672.15,"Plan Rows": 18286,"Plan Width": 16,"Actual Startup Time": 13.342,"Actual Total Time": 249.825,"Actual Rows": 28638,"Actual Loops": 4,"Inner Unique": false,"Workers": [],"Plans": [{"Node Type": "Bitmap Heap Scan","Parent Relationship": "Outer","Parallel Aware": true,"Async Capable": false,"Relation Name": "orders","Alias": "orders","Startup Cost": 798.47,"Total Cost": 27172.01,"Plan Rows": 18569,"Plan Width": 8,"Actual Startup Time": 13.275,"Actual Total Time": 71.340,"Actual Rows": 14284,"Actual Loops": 4,"Recheck Cond": "((o_orderdate >= '1993-08-01'::date) AND (o_orderdate < '1993-11-01 00:00:00'::timestamp without time zone))","Rows Removed by Index Recheck": 0,"Exact Heap Blocks": 3594,"Lossy Heap Blocks": 0,"Workers": [],"Plans": [{"Node Type": "Bitmap Index Scan","Parent Relationship": "Outer","Parallel Aware": false,"Async Capable": false,"Index Name": "idx_orders_orderdate","Startup Cost": 0.00,"Total Cost": 784.08,"Plan Rows": 57565,"Plan Width": 0,"Actual Startup Time": 10.135,"Actual Total Time": 10.136,"Actual Rows": 57138,"Actual Loops": 1,"Index Cond": "((o_orderdate >= '1993-08-01'::date) AND (o_orderdate < '1993-11-01 00:00:00'::timestamp without time zone))","Workers": []}]},{"Node Type": "Index Scan","Parent Relationship": "Inner","Parallel Aware": false,"Async Capable": false,"Scan Direction": "Forward","Index Name": "idx_lineitem_orderkey","Relation Name": "lineitem","Alias": "lineitem","Startup Cost": 0.43,"Total Cost": 4.62,"Plan Rows": 4,"Plan Width": 16,"Actual Startup Time": 0.010,"Actual Total Time": 0.012,"Actual Rows": 2,"Actual Loops": 57138,"Index Cond": "(l_orderkey = orders.o_orderkey)","Rows Removed by Index Recheck": 0,"Filter": "(l_returnflag = 'R'::bpchar)","Rows Removed by Filter": 2,"Workers": []}]},{"Node Type": "Hash","Parent Relationship": "Inner","Parallel Aware": true,"Async Capable": false,"Startup Cost": 4210.00,"Total Cost": 4210.00,"Plan Rows": 62500,"Plan Width": 148,"Actual Startup Time": 53.968,"Actual Total Time": 53.976,"Actual Rows": 37500,"Actual Loops": 4,"Hash Buckets": 262144,"Original Hash Buckets": 262144,"Hash Batches": 1,"Original Hash Batches": 1,"Peak Memory Usage": 29344,"Workers": [],"Plans": [{"Node Type": "Seq Scan","Parent Relationship": "Outer","Parallel Aware": true,"Async Capable": false,"Relation Name": "customer","Alias": "customer","Startup Cost": 0.00,"Total Cost": 4210.00,"Plan Rows": 62500,"Plan Width": 148,"Actual Startup Time": 0.023,"Actual Total Time": 24.403,"Actual Rows": 37500,"Actual Loops": 4,"Workers": []}]}]},{"Node Type": "Hash","Parent Relationship": "Inner","Parallel Aware": false,"Async Capable": false,"Startup Cost": 1.25,"Total Cost": 1.25,"Plan Rows": 25,"Plan Width": 108,"Actual Startup Time": 0.099,"Actual Total Time": 0.106,"Actual Rows": 25,"Actual Loops": 4,"Hash Buckets": 1024,"Original Hash Buckets": 1024,"Hash Batches": 1,"Original Hash Batches": 1,"Peak Memory Usage": 10,"Workers": [],"Plans": [{"Node Type": "Seq Scan","Parent Relationship": "Outer","Parallel Aware": false,"Async Capable": false,"Relation Name": "nation","Alias": "nation","Startup Cost": 0.00,"Total Cost": 1.25,"Plan Rows": 25,"Plan Width": 108,"Actual Startup Time": 0.062,"Actual Total Time": 0.071,"Actual Rows": 25,"Actual Loops": 4,"Workers": []}]}]}]}]}]},"Planning Time": 6.540,"Triggers": [],"Execution Time": 634.012}]
[{"Plan": {"Node Type": "Sort","Parallel Aware": false,"Async Capable": false,"Startup Cost": 132260.34,"Total Cost": 132403.81,"Plan Rows": 57388,"Plan Width": 280,"Actual Startup Time": 619.828,"Actual Total Time": 659.334,"Actual Rows": 38182,"Actual Loops": 1,"Sort Key": ["(sum((lineitem.l_extendedprice * ('1'::numeric - lineitem.l_discount)))) DESC"],"Sort Method": "quicksort","Sort Space Used": 9879,"Sort Space Type": "Memory","Plans": [{"Node Type": "Aggregate","Strategy": "Hashed","Partial Mode": "Simple","Parent Relationship": "Outer","Parallel Aware": false,"Async Capable": false,"Startup Cost": 127006.91,"Total Cost": 127724.26,"Plan Rows": 57388,"Plan Width": 280,"Actual Startup Time": 430.185,"Actual Total Time": 588.903,"Actual Rows": 38182,"Actual Loops": 1,"Group Key": ["customer.c_custkey", "nation.n_name"],"Planned Partitions": 0,"HashAgg Batches": 1,"Peak Memory Usage": 26129,"Disk Usage": 0,"Plans": [{"Node Type": "Gather","Parent Relationship": "Outer","Parallel Aware": false,"Async Capable": false,"Startup Cost": 6799.02,"Total Cost": 126289.56,"Plan Rows": 57388,"Plan Width": 260,"Actual Startup Time": 89.737,"Actual Total Time": 296.974,"Actual Rows": 115050,"Actual Loops": 1,"Workers Planned": 3,"Workers Launched": 3,"Single Copy": false,"Plans": [{"Node Type": "Hash Join","Parent Relationship": "Outer","Parallel Aware": false,"Async Capable": false,"Join Type": "Inner","Startup Cost": 5799.02,"Total Cost": 119550.76,"Plan Rows": 18512,"Plan Width": 260,"Actual Startup Time": 82.322,"Actual Total Time": 373.404,"Actual Rows": 28762,"Actual Loops": 4,"Inner Unique": true,"Hash Cond": "(customer.c_nationkey = nation.n_nationkey)","Workers": [],"Plans": [{"Node Type": "Hash Join","Parent Relationship": "Outer","Parallel Aware": true,"Async Capable": false,"Join Type": "Inner","Startup Cost": 5797.46,"Total Cost": 119492.37,"Plan Rows": 18512,"Plan Width": 160,"Actual Startup Time": 81.937,"Actual Total Time": 363.986,"Actual Rows": 28762,"Actual Loops": 4,"Inner Unique": true,"Hash Cond": "(orders.o_custkey = customer.c_custkey)","Workers": [],"Plans": [{"Node Type": "Nested Loop","Parent Relationship": "Outer","Parallel Aware": false,"Async Capable": false,"Join Type": "Inner","Startup Cost": 806.21,"Total Cost": 114452.53,"Plan Rows": 18513,"Plan Width": 16,"Actual Startup Time": 13.433,"Actual Total Time": 253.545,"Actual Rows": 28762,"Actual Loops": 4,"Inner Unique": false,"Workers": [],"Plans": [{"Node Type": "Bitmap Heap Scan","Parent Relationship": "Outer","Parallel Aware": true,"Async Capable": false,"Relation Name": "orders","Alias": "orders","Startup Cost": 805.78,"Total Cost": 27182.77,"Plan Rows": 18799,"Plan Width": 8,"Actual Startup Time": 13.373,"Actual Total Time": 70.825,"Actual Rows": 14368,"Actual Loops": 4,"Recheck Cond": "((o_orderdate >= '1994-06-01'::date) AND (o_orderdate < '1994-09-01 00:00:00'::timestamp without time zone))","Rows Removed by Index Recheck": 0,"Exact Heap Blocks": 3680,"Lossy Heap Blocks": 0,"Workers": [],"Plans": [{"Node Type": "Bitmap Index Scan","Parent Relationship": "Outer","Parallel Aware": false,"Async Capable": false,"Index Name": "idx_orders_orderdate","Startup Cost": 0.00,"Total Cost": 791.21,"Plan Rows": 58278,"Plan Width": 0,"Actual Startup Time": 10.272,"Actual Total Time": 10.276,"Actual Rows": 57474,"Actual Loops": 1,"Index Cond": "((o_orderdate >= '1994-06-01'::date) AND (o_orderdate < '1994-09-01 00:00:00'::timestamp without time zone))","Workers": []}]},{"Node Type": "Index Scan","Parent Relationship": "Inner","Parallel Aware": false,"Async Capable": false,"Scan Direction": "Forward","Index Name": "idx_lineitem_orderkey","Relation Name": "lineitem","Alias": "lineitem","Startup Cost": 0.43,"Total Cost": 4.60,"Plan Rows": 4,"Plan Width": 16,"Actual Startup Time": 0.010,"Actual Total Time": 0.012,"Actual Rows": 2,"Actual Loops": 57474,"Index Cond": "(l_orderkey = orders.o_orderkey)","Rows Removed by Index Recheck": 0,"Filter": "(l_returnflag = 'R'::bpchar)","Rows Removed by Filter": 2,"Workers": []}]},{"Node Type": "Hash","Parent Relationship": "Inner","Parallel Aware": true,"Async Capable": false,"Startup Cost": 4210.00,"Total Cost": 4210.00,"Plan Rows": 62500,"Plan Width": 148,"Actual Startup Time": 67.921,"Actual Total Time": 67.927,"Actual Rows": 37500,"Actual Loops": 4,"Hash Buckets": 262144,"Original Hash Buckets": 262144,"Hash Batches": 1,"Original Hash Batches": 1,"Peak Memory Usage": 29312,"Workers": [],"Plans": [{"Node Type": "Seq Scan","Parent Relationship": "Outer","Parallel Aware": true,"Async Capable": false,"Relation Name": "customer","Alias": "customer","Startup Cost": 0.00,"Total Cost": 4210.00,"Plan Rows": 62500,"Plan Width": 148,"Actual Startup Time": 0.026,"Actual Total Time": 28.832,"Actual Rows": 37500,"Actual Loops": 4,"Workers": []}]}]},{"Node Type": "Hash","Parent Relationship": "Inner","Parallel Aware": false,"Async Capable": false,"Startup Cost": 1.25,"Total Cost": 1.25,"Plan Rows": 25,"Plan Width": 108,"Actual Startup Time": 0.096,"Actual Total Time": 0.101,"Actual Rows": 25,"Actual Loops": 4,"Hash Buckets": 1024,"Original Hash Buckets": 1024,"Hash Batches": 1,"Original Hash Batches": 1,"Peak Memory Usage": 10,"Workers": [],"Plans": [{"Node Type": "Seq Scan","Parent Relationship": "Outer","Parallel Aware": false,"Async Capable": false,"Relation Name": "nation","Alias": "nation","Startup Cost": 0.00,"Total Cost": 1.25,"Plan Rows": 25,"Plan Width": 108,"Actual Startup Time": 0.064,"Actual Total Time": 0.070,"Actual Rows": 25,"Actual Loops": 4,"Workers": []}]}]}]}]}]},"Planning Time": 7.103,"Triggers": [],"Execution Time": 663.701}]
[{"Plan": {"Node Type": "Sort","Parallel Aware": false,"Async Capable": false,"Startup Cost": 132582.38,"Total Cost": 132726.46,"Plan Rows": 57631,"Plan Width": 280,"Actual Startup Time": 594.605,"Actual Total Time": 635.479,"Actual Rows": 38076,"Actual Loops": 1,"Sort Key": ["(sum((lineitem.l_extendedprice * ('1'::numeric - lineitem.l_discount)))) DESC"],"Sort Method": "quicksort","Sort Space Used": 9866,"Sort Space Type": "Memory","Plans": [{"Node Type": "Aggregate","Strategy": "Hashed","Partial Mode": "Simple","Parent Relationship": "Outer","Parallel Aware": false,"Async Capable": false,"Startup Cost": 127304.95,"Total Cost": 128025.33,"Plan Rows": 57631,"Plan Width": 280,"Actual Startup Time": 413.856,"Actual Total Time": 559.474,"Actual Rows": 38076,"Actual Loops": 1,"Group Key": ["customer.c_custkey", "nation.n_name"],"Planned Partitions": 0,"HashAgg Batches": 1,"Peak Memory Usage": 26129,"Disk Usage": 0,"Plans": [{"Node Type": "Gather","Parent Relationship": "Outer","Parallel Aware": false,"Async Capable": false,"Startup Cost": 6801.55,"Total Cost": 126584.56,"Plan Rows": 57631,"Plan Width": 260,"Actual Startup Time": 77.339,"Actual Total Time": 288.422,"Actual Rows": 114347,"Actual Loops": 1,"Workers Planned": 3,"Workers Launched": 3,"Single Copy": false,"Plans": [{"Node Type": "Hash Join","Parent Relationship": "Outer","Parallel Aware": false,"Async Capable": false,"Join Type": "Inner","Startup Cost": 5801.55,"Total Cost": 119821.46,"Plan Rows": 18591,"Plan Width": 260,"Actual Startup Time": 69.518,"Actual Total Time": 357.514,"Actual Rows": 28587,"Actual Loops": 4,"Inner Unique": true,"Hash Cond": "(customer.c_nationkey = nation.n_nationkey)","Workers": [],"Plans": [{"Node Type": "Hash Join","Parent Relationship": "Outer","Parallel Aware": true,"Async Capable": false,"Join Type": "Inner","Startup Cost": 5799.99,"Total Cost": 119762.82,"Plan Rows": 18591,"Plan Width": 160,"Actual Startup Time": 69.031,"Actual Total Time": 348.106,"Actual Rows": 28587,"Actual Loops": 4,"Inner Unique": true,"Hash Cond": "(orders.o_custkey = customer.c_custkey)","Workers": [],"Plans": [{"Node Type": "Nested Loop","Parent Relationship": "Outer","Parallel Aware": false,"Async Capable": false,"Join Type": "Inner","Startup Cost": 808.74,"Total Cost": 114722.77,"Plan Rows": 18591,"Plan Width": 16,"Actual Startup Time": 13.204,"Actual Total Time": 250.327,"Actual Rows": 28587,"Actual Loops": 4,"Inner Unique": false,"Workers": [],"Plans": [{"Node Type": "Bitmap Heap Scan","Parent Relationship": "Outer","Parallel Aware": true,"Async Capable": false,"Relation Name": "orders","Alias": "orders","Startup Cost": 808.31,"Total Cost": 27186.49,"Plan Rows": 18879,"Plan Width": 8,"Actual Startup Time": 13.115,"Actual Total Time": 71.395,"Actual Rows": 14278,"Actual Loops": 4,"Recheck Cond": "((o_orderdate >= '1994-08-01'::date) AND (o_orderdate < '1994-11-01 00:00:00'::timestamp without time zone))","Rows Removed by Index Recheck": 0,"Exact Heap Blocks": 3565,"Lossy Heap Blocks": 0,"Workers": [],"Plans": [{"Node Type": "Bitmap Index Scan","Parent Relationship": "Outer","Parallel Aware": false,"Async Capable": false,"Index Name": "idx_orders_orderdate","Startup Cost": 0.00,"Total Cost": 793.68,"Plan Rows": 58525,"Plan Width": 0,"Actual Startup Time": 9.999,"Actual Total Time": 10.002,"Actual Rows": 57111,"Actual Loops": 1,"Index Cond": "((o_orderdate >= '1994-08-01'::date) AND (o_orderdate < '1994-11-01 00:00:00'::timestamp without time zone))","Workers": []}]},{"Node Type": "Index Scan","Parent Relationship": "Inner","Parallel Aware": false,"Async Capable": false,"Scan Direction": "Forward","Index Name": "idx_lineitem_orderkey","Relation Name": "lineitem","Alias": "lineitem","Startup Cost": 0.43,"Total Cost": 4.60,"Plan Rows": 4,"Plan Width": 16,"Actual Startup Time": 0.010,"Actual Total Time": 0.012,"Actual Rows": 2,"Actual Loops": 57111,"Index Cond": "(l_orderkey = orders.o_orderkey)","Rows Removed by Index Recheck": 0,"Filter": "(l_returnflag = 'R'::bpchar)","Rows Removed by Filter": 2,"Workers": []}]},{"Node Type": "Hash","Parent Relationship": "Inner","Parallel Aware": true,"Async Capable": false,"Startup Cost": 4210.00,"Total Cost": 4210.00,"Plan Rows": 62500,"Plan Width": 148,"Actual Startup Time": 55.208,"Actual Total Time": 55.214,"Actual Rows": 37500,"Actual Loops": 4,"Hash Buckets": 262144,"Original Hash Buckets": 262144,"Hash Batches": 1,"Original Hash Batches": 1,"Peak Memory Usage": 29312,"Workers": [],"Plans": [{"Node Type": "Seq Scan","Parent Relationship": "Outer","Parallel Aware": true,"Async Capable": false,"Relation Name": "customer","Alias": "customer","Startup Cost": 0.00,"Total Cost": 4210.00,"Plan Rows": 62500,"Plan Width": 148,"Actual Startup Time": 0.029,"Actual Total Time": 24.765,"Actual Rows": 37500,"Actual Loops": 4,"Workers": []}]}]},{"Node Type": "Hash","Parent Relationship": "Inner","Parallel Aware": false,"Async Capable": false,"Startup Cost": 1.25,"Total Cost": 1.25,"Plan Rows": 25,"Plan Width": 108,"Actual Startup Time": 0.096,"Actual Total Time": 0.101,"Actual Rows": 25,"Actual Loops": 4,"Hash Buckets": 1024,"Original Hash Buckets": 1024,"Hash Batches": 1,"Original Hash Batches": 1,"Peak Memory Usage": 10,"Workers": [],"Plans": [{"Node Type": "Seq Scan","Parent Relationship": "Outer","Parallel Aware": false,"Async Capable": false,"Relation Name": "nation","Alias": "nation","Startup Cost": 0.00,"Total Cost": 1.25,"Plan Rows": 25,"Plan Width": 108,"Actual Startup Time": 0.058,"Actual Total Time": 0.064,"Actual Rows": 25,"Actual Loops": 4,"Workers": []}]}]}]}]}]},"Planning Time": 6.903,"Triggers": [],"Execution Time": 641.389}]
[{"Plan": {"Node Type": "Sort","Parallel Aware": false,"Async Capable": false,"Startup Cost": 128172.02,"Total Cost": 128307.83,"Plan Rows": 54323,"Plan Width": 280,"Actual Startup Time": 580.875,"Actual Total Time": 621.555,"Actual Rows": 37633,"Actual Loops": 1,"Sort Key": ["(sum((lineitem.l_extendedprice * ('1'::numeric - lineitem.l_discount)))) DESC"],"Sort Method": "quicksort","Sort Space Used": 9771,"Sort Space Type": "Memory","Plans": [{"Node Type": "Aggregate","Strategy": "Hashed","Partial Mode": "Simple","Parent Relationship": "Outer","Parallel Aware": false,"Async Capable": false,"Startup Cost": 123220.68,"Total Cost": 123899.72,"Plan Rows": 54323,"Plan Width": 280,"Actual Startup Time": 405.186,"Actual Total Time": 549.451,"Actual Rows": 37633,"Actual Loops": 1,"Group Key": ["customer.c_custkey", "nation.n_name"],"Planned Partitions": 0,"HashAgg Batches": 1,"Peak Memory Usage": 26129,"Disk Usage": 0,"Plans": [{"Node Type": "Gather","Parent Relationship": "Outer","Parallel Aware": false,"Async Capable": false,"Startup Cost": 6755.11,"Total Cost": 122541.64,"Plan Rows": 54323,"Plan Width": 260,"Actual Startup Time": 76.087,"Actual Total Time": 280.080,"Actual Rows": 112740,"Actual Loops": 1,"Workers Planned": 3,"Workers Launched": 3,"Single Copy": false,"Plans": [{"Node Type": "Hash Join","Parent Relationship": "Outer","Parallel Aware": false,"Async Capable": false,"Join Type": "Inner","Startup Cost": 5755.11,"Total Cost": 116109.34,"Plan Rows": 17524,"Plan Width": 260,"Actual Startup Time": 69.042,"Actual Total Time": 350.531,"Actual Rows": 28185,"Actual Loops": 4,"Inner Unique": true,"Hash Cond": "(customer.c_nationkey = nation.n_nationkey)","Workers": [],"Plans": [{"Node Type": "Hash Join","Parent Relationship": "Outer","Parallel Aware": true,"Async Capable": false,"Join Type": "Inner","Startup Cost": 5753.55,"Total Cost": 116053.98,"Plan Rows": 17524,"Plan Width": 160,"Actual Startup Time": 68.729,"Actual Total Time": 342.552,"Actual Rows": 28185,"Actual Loops": 4,"Inner Unique": true,"Hash Cond": "(orders.o_custkey = customer.c_custkey)","Workers": [],"Plans": [{"Node Type": "Nested Loop","Parent Relationship": "Outer","Parallel Aware": false,"Async Capable": false,"Join Type": "Inner","Startup Cost": 762.30,"Total Cost": 111016.73,"Plan Rows": 17524,"Plan Width": 16,"Actual Startup Time": 13.194,"Actual Total Time": 245.701,"Actual Rows": 28185,"Actual Loops": 4,"Inner Unique": false,"Workers": [],"Plans": [{"Node Type": "Bitmap Heap Scan","Parent Relationship": "Outer","Parallel Aware": true,"Async Capable": false,"Relation Name": "orders","Alias": "orders","Startup Cost": 761.87,"Total Cost": 27123.80,"Plan Rows": 17795,"Plan Width": 8,"Actual Startup Time": 13.139,"Actual Total Time": 70.147,"Actual Rows": 14108,"Actual Loops": 4,"Recheck Cond": "((o_orderdate >= '1993-04-01'::date) AND (o_orderdate < '1993-07-01 00:00:00'::timestamp without time zone))","Rows Removed by Index Recheck": 0,"Exact Heap Blocks": 3504,"Lossy Heap Blocks": 0,"Workers": [],"Plans": [{"Node Type": "Bitmap Index Scan","Parent Relationship": "Outer","Parallel Aware": false,"Async Capable": false,"Index Name": "idx_orders_orderdate","Startup Cost": 0.00,"Total Cost": 748.08,"Plan Rows": 55165,"Plan Width": 0,"Actual Startup Time": 10.077,"Actual Total Time": 10.080,"Actual Rows": 56434,"Actual Loops": 1,"Index Cond": "((o_orderdate >= '1993-04-01'::date) AND (o_orderdate < '1993-07-01 00:00:00'::timestamp without time zone))","Workers": []}]},{"Node Type": "Index Scan","Parent Relationship": "Inner","Parallel Aware": false,"Async Capable": false,"Scan Direction": "Forward","Index Name": "idx_lineitem_orderkey","Relation Name": "lineitem","Alias": "lineitem","Startup Cost": 0.43,"Total Cost": 4.67,"Plan Rows": 4,"Plan Width": 16,"Actual Startup Time": 0.010,"Actual Total Time": 0.012,"Actual Rows": 2,"Actual Loops": 56434,"Index Cond": "(l_orderkey = orders.o_orderkey)","Rows Removed by Index Recheck": 0,"Filter": "(l_returnflag = 'R'::bpchar)","Rows Removed by Filter": 2,"Workers": []}]},{"Node Type": "Hash","Parent Relationship": "Inner","Parallel Aware": true,"Async Capable": false,"Startup Cost": 4210.00,"Total Cost": 4210.00,"Plan Rows": 62500,"Plan Width": 148,"Actual Startup Time": 54.995,"Actual Total Time": 55.002,"Actual Rows": 37500,"Actual Loops": 4,"Hash Buckets": 262144,"Original Hash Buckets": 262144,"Hash Batches": 1,"Original Hash Batches": 1,"Peak Memory Usage": 29312,"Workers": [],"Plans": [{"Node Type": "Seq Scan","Parent Relationship": "Outer","Parallel Aware": true,"Async Capable": false,"Relation Name": "customer","Alias": "customer","Startup Cost": 0.00,"Total Cost": 4210.00,"Plan Rows": 62500,"Plan Width": 148,"Actual Startup Time": 0.020,"Actual Total Time": 23.497,"Actual Rows": 37500,"Actual Loops": 4,"Workers": []}]}]},{"Node Type": "Hash","Parent Relationship": "Inner","Parallel Aware": false,"Async Capable": false,"Startup Cost": 1.25,"Total Cost": 1.25,"Plan Rows": 25,"Plan Width": 108,"Actual Startup Time": 0.072,"Actual Total Time": 0.079,"Actual Rows": 25,"Actual Loops": 4,"Hash Buckets": 1024,"Original Hash Buckets": 1024,"Hash Batches": 1,"Original Hash Batches": 1,"Peak Memory Usage": 10,"Workers": [],"Plans": [{"Node Type": "Seq Scan","Parent Relationship": "Outer","Parallel Aware": false,"Async Capable": false,"Relation Name": "nation","Alias": "nation","Startup Cost": 0.00,"Total Cost": 1.25,"Plan Rows": 25,"Plan Width": 108,"Actual Startup Time": 0.049,"Actual Total Time": 0.055,"Actual Rows": 25,"Actual Loops": 4,"Workers": []}]}]}]}]}]},"Planning Time": 7.486,"Triggers": [],"Execution Time": 627.374}]
[{"Plan": {"Node Type": "Sort","Parallel Aware": false,"Async Capable": false,"Startup Cost": 132006.18,"Total Cost": 132149.16,"Plan Rows": 57194,"Plan Width": 280,"Actual Startup Time": 619.069,"Actual Total Time": 657.587,"Actual Rows": 38097,"Actual Loops": 1,"Sort Key": ["(sum((lineitem.l_extendedprice * ('1'::numeric - lineitem.l_discount)))) DESC"],"Sort Method": "quicksort","Sort Space Used": 9867,"Sort Space Type": "Memory","Plans": [{"Node Type": "Aggregate","Strategy": "Hashed","Partial Mode": "Simple","Parent Relationship": "Outer","Parallel Aware": false,"Async Capable": false,"Startup Cost": 126771.91,"Total Cost": 127486.83,"Plan Rows": 57194,"Plan Width": 280,"Actual Startup Time": 426.706,"Actual Total Time": 585.981,"Actual Rows": 38097,"Actual Loops": 1,"Group Key": ["customer.c_custkey", "nation.n_name"],"Planned Partitions": 0,"HashAgg Batches": 1,"Peak Memory Usage": 26129,"Disk Usage": 0,"Plans": [{"Node Type": "Gather","Parent Relationship": "Outer","Parallel Aware": false,"Async Capable": false,"Startup Cost": 6797.00,"Total Cost": 126056.98,"Plan Rows": 57194,"Plan Width": 260,"Actual Startup Time": 85.005,"Actual Total Time": 294.440,"Actual Rows": 114700,"Actual Loops": 1,"Workers Planned": 3,"Workers Launched": 3,"Single Copy": false,"Plans": [{"Node Type": "Hash Join","Parent Relationship": "Outer","Parallel Aware": false,"Async Capable": false,"Join Type": "Inner","Startup Cost": 5797.00,"Total Cost": 119337.58,"Plan Rows": 18450,"Plan Width": 260,"Actual Startup Time": 77.864,"Actual Total Time": 370.283,"Actual Rows": 28675,"Actual Loops": 4,"Inner Unique": true,"Hash Cond": "(customer.c_nationkey = nation.n_nationkey)","Workers": [],"Plans": [{"Node Type": "Hash Join","Parent Relationship": "Outer","Parallel Aware": true,"Async Capable": false,"Join Type": "Inner","Startup Cost": 5795.44,"Total Cost": 119279.38,"Plan Rows": 18450,"Plan Width": 160,"Actual Startup Time": 77.458,"Actual Total Time": 360.463,"Actual Rows": 28675,"Actual Loops": 4,"Inner Unique": true,"Hash Cond": "(orders.o_custkey = customer.c_custkey)","Workers": [],"Plans": [{"Node Type": "Nested Loop","Parent Relationship": "Outer","Parallel Aware": false,"Async Capable": false,"Join Type": "Inner","Startup Cost": 804.19,"Total Cost": 114239.70,"Plan Rows": 18450,"Plan Width": 16,"Actual Startup Time": 13.282,"Actual Total Time": 254.673,"Actual Rows": 28675,"Actual Loops": 4,"Inner Unique": false,"Workers": [],"Plans": [{"Node Type": "Bitmap Heap Scan","Parent Relationship": "Outer","Parallel Aware": true,"Async Capable": false,"Relation Name": "orders","Alias": "orders","Startup Cost": 803.76,"Total Cost": 27179.79,"Plan Rows": 18736,"Plan Width": 8,"Actual Startup Time": 13.232,"Actual Total Time": 71.774,"Actual Rows": 14328,"Actual Loops": 4,"Recheck Cond": "((o_orderdate >= '1994-05-01'::date) AND (o_orderdate < '1994-08-01 00:00:00'::timestamp without time zone))","Rows Removed by Index Recheck": 0,"Exact Heap Blocks": 3671,"Lossy Heap Blocks": 0,"Workers": [],"Plans": [{"Node Type": "Bitmap Index Scan","Parent Relationship": "Outer","Parallel Aware": false,"Async Capable": false,"Index Name": "idx_orders_orderdate","Startup Cost": 0.00,"Total Cost": 789.24,"Plan Rows": 58081,"Plan Width": 0,"Actual Startup Time": 10.132,"Actual Total Time": 10.140,"Actual Rows": 57311,"Actual Loops": 1,"Index Cond": "((o_orderdate >= '1994-05-01'::date) AND (o_orderdate < '1994-08-01 00:00:00'::timestamp without time zone))","Workers": []}]},{"Node Type": "Index Scan","Parent Relationship": "Inner","Parallel Aware": false,"Async Capable": false,"Scan Direction": "Forward","Index Name": "idx_lineitem_orderkey","Relation Name": "lineitem","Alias": "lineitem","Startup Cost": 0.43,"Total Cost": 4.61,"Plan Rows": 4,"Plan Width": 16,"Actual Startup Time": 0.010,"Actual Total Time": 0.012,"Actual Rows": 2,"Actual Loops": 57311,"Index Cond": "(l_orderkey = orders.o_orderkey)","Rows Removed by Index Recheck": 0,"Filter": "(l_returnflag = 'R'::bpchar)","Rows Removed by Filter": 2,"Workers": []}]},{"Node Type": "Hash","Parent Relationship": "Inner","Parallel Aware": true,"Async Capable": false,"Startup Cost": 4210.00,"Total Cost": 4210.00,"Plan Rows": 62500,"Plan Width": 148,"Actual Startup Time": 63.588,"Actual Total Time": 63.595,"Actual Rows": 37500,"Actual Loops": 4,"Hash Buckets": 262144,"Original Hash Buckets": 262144,"Hash Batches": 1,"Original Hash Batches": 1,"Peak Memory Usage": 29312,"Workers": [],"Plans": [{"Node Type": "Seq Scan","Parent Relationship": "Outer","Parallel Aware": true,"Async Capable": false,"Relation Name": "customer","Alias": "customer","Startup Cost": 0.00,"Total Cost": 4210.00,"Plan Rows": 62500,"Plan Width": 148,"Actual Startup Time": 0.027,"Actual Total Time": 28.105,"Actual Rows": 37500,"Actual Loops": 4,"Workers": []}]}]},{"Node Type": "Hash","Parent Relationship": "Inner","Parallel Aware": false,"Async Capable": false,"Startup Cost": 1.25,"Total Cost": 1.25,"Plan Rows": 25,"Plan Width": 108,"Actual Startup Time": 0.090,"Actual Total Time": 0.096,"Actual Rows": 25,"Actual Loops": 4,"Hash Buckets": 1024,"Original Hash Buckets": 1024,"Hash Batches": 1,"Original Hash Batches": 1,"Peak Memory Usage": 10,"Workers": [],"Plans": [{"Node Type": "Seq Scan","Parent Relationship": "Outer","Parallel Aware": false,"Async Capable": false,"Relation Name": "nation","Alias": "nation","Startup Cost": 0.00,"Total Cost": 1.25,"Plan Rows": 25,"Plan Width": 108,"Actual Startup Time": 0.060,"Actual Total Time": 0.066,"Actual Rows": 25,"Actual Loops": 4,"Workers": []}]}]}]}]}]},"Planning Time": 6.734,"Triggers": [],"Execution Time": 661.786}]
[{"Plan": {"Node Type": "Sort","Parallel Aware": false,"Async Capable": false,"Startup Cost": 128992.79,"Total Cost": 129130.12,"Plan Rows": 54934,"Plan Width": 280,"Actual Startup Time": 576.704,"Actual Total Time": 617.888,"Actual Rows": 37047,"Actual Loops": 1,"Sort Key": ["(sum((lineitem.l_extendedprice * ('1'::numeric - lineitem.l_discount)))) DESC"],"Sort Method": "quicksort","Sort Space Used": 9638,"Sort Space Type": "Memory","Plans": [{"Node Type": "Aggregate","Strategy": "Hashed","Partial Mode": "Simple","Parent Relationship": "Outer","Parallel Aware": false,"Async Capable": false,"Startup Cost": 123981.32,"Total Cost": 124668.00,"Plan Rows": 54934,"Plan Width": 280,"Actual Startup Time": 405.696,"Actual Total Time": 547.631,"Actual Rows": 37047,"Actual Loops": 1,"Group Key": ["customer.c_custkey", "nation.n_name"],"Planned Partitions": 0,"HashAgg Batches": 1,"Peak Memory Usage": 26129,"Disk Usage": 0,"Plans": [{"Node Type": "Gather","Parent Relationship": "Outer","Parallel Aware": false,"Async Capable": false,"Startup Cost": 6765.48,"Total Cost": 123294.65,"Plan Rows": 54934,"Plan Width": 260,"Actual Startup Time": 77.101,"Actual Total Time": 288.603,"Actual Rows": 110515,"Actual Loops": 1,"Workers Planned": 3,"Workers Launched": 3,"Single Copy": false,"Plans": [{"Node Type": "Hash Join","Parent Relationship": "Outer","Parallel Aware": false,"Async Capable": false,"Join Type": "Inner","Startup Cost": 5765.48,"Total Cost": 116801.25,"Plan Rows": 17721,"Plan Width": 260,"Actual Startup Time": 69.802,"Actual Total Time": 351.295,"Actual Rows": 27629,"Actual Loops": 4,"Inner Unique": true,"Hash Cond": "(customer.c_nationkey = nation.n_nationkey)","Workers": [],"Plans": [{"Node Type": "Nested Loop","Parent Relationship": "Outer","Parallel Aware": false,"Async Capable": false,"Join Type": "Inner","Startup Cost": 5763.92,"Total Cost": 116745.28,"Plan Rows": 17721,"Plan Width": 160,"Actual Startup Time": 69.448,"Actual Total Time": 342.448,"Actual Rows": 27629,"Actual Loops": 4,"Inner Unique": false,"Workers": [],"Plans": [{"Node Type": "Hash Join","Parent Relationship": "Outer","Parallel Aware": true,"Async Capable": false,"Join Type": "Inner","Startup Cost": 5763.48,"Total Cost": 32175.66,"Plan Rows": 17995,"Plan Width": 152,"Actual Startup Time": 69.393,"Actual Total Time": 167.356,"Actual Rows": 13816,"Actual Loops": 4,"Inner Unique": true,"Hash Cond": "(orders.o_custkey = customer.c_custkey)","Workers": [],"Plans": [{"Node Type": "Bitmap Heap Scan","Parent Relationship": "Outer","Parallel Aware": true,"Async Capable": false,"Relation Name": "orders","Alias": "orders","Startup Cost": 772.23,"Total Cost": 27137.17,"Plan Rows": 17996,"Plan Width": 8,"Actual Startup Time": 13.220,"Actual Total Time": 67.142,"Actual Rows": 13816,"Actual Loops": 4,"Recheck Cond": "((o_orderdate >= '1993-02-01'::date) AND (o_orderdate < '1993-05-01 00:00:00'::timestamp without time zone))","Rows Removed by Index Recheck": 0,"Exact Heap Blocks": 3458,"Lossy Heap Blocks": 0,"Workers": [],"Plans": [{"Node Type": "Bitmap Index Scan","Parent Relationship": "Outer","Parallel Aware": false,"Async Capable": false,"Index Name": "idx_orders_orderdate","Startup Cost": 0.00,"Total Cost": 758.29,"Plan Rows": 55786,"Plan Width": 0,"Actual Startup Time": 10.104,"Actual Total Time": 10.109,"Actual Rows": 55266,"Actual Loops": 1,"Index Cond": "((o_orderdate >= '1993-02-01'::date) AND (o_orderdate < '1993-05-01 00:00:00'::timestamp without time zone))","Workers": []}]},{"Node Type": "Hash","Parent Relationship": "Inner","Parallel Aware": true,"Async Capable": false,"Startup Cost": 4210.00,"Total Cost": 4210.00,"Plan Rows": 62500,"Plan Width": 148,"Actual Startup Time": 55.605,"Actual Total Time": 55.613,"Actual Rows": 37500,"Actual Loops": 4,"Hash Buckets": 262144,"Original Hash Buckets": 262144,"Hash Batches": 1,"Original Hash Batches": 1,"Peak Memory Usage": 29312,"Workers": [],"Plans": [{"Node Type": "Seq Scan","Parent Relationship": "Outer","Parallel Aware": true,"Async Capable": false,"Relation Name": "customer","Alias": "customer","Startup Cost": 0.00,"Total Cost": 4210.00,"Plan Rows": 62500,"Plan Width": 148,"Actual Startup Time": 0.022,"Actual Total Time": 25.460,"Actual Rows": 37500,"Actual Loops": 4,"Workers": []}]}]},{"Node Type": "Index Scan","Parent Relationship": "Inner","Parallel Aware": false,"Async Capable": false,"Scan Direction": "Forward","Index Name": "idx_lineitem_orderkey","Relation Name": "lineitem","Alias": "lineitem","Startup Cost": 0.43,"Total Cost": 4.66,"Plan Rows": 4,"Plan Width": 16,"Actual Startup Time": 0.010,"Actual Total Time": 0.012,"Actual Rows": 2,"Actual Loops": 55266,"Index Cond": "(l_orderkey = orders.o_orderkey)","Rows Removed by Index Recheck": 0,"Filter": "(l_returnflag = 'R'::bpchar)","Rows Removed by Filter": 2,"Workers": []}]},{"Node Type": "Hash","Parent Relationship": "Inner","Parallel Aware": false,"Async Capable": false,"Startup Cost": 1.25,"Total Cost": 1.25,"Plan Rows": 25,"Plan Width": 108,"Actual Startup Time": 0.078,"Actual Total Time": 0.083,"Actual Rows": 25,"Actual Loops": 4,"Hash Buckets": 1024,"Original Hash Buckets": 1024,"Hash Batches": 1,"Original Hash Batches": 1,"Peak Memory Usage": 10,"Workers": [],"Plans": [{"Node Type": "Seq Scan","Parent Relationship": "Outer","Parallel Aware": false,"Async Capable": false,"Relation Name": "nation","Alias": "nation","Startup Cost": 0.00,"Total Cost": 1.25,"Plan Rows": 25,"Plan Width": 108,"Actual Startup Time": 0.053,"Actual Total Time": 0.057,"Actual Rows": 25,"Actual Loops": 4,"Workers": []}]}]}]}]}]},"Planning Time": 7.802,"Triggers": [],"Execution Time": 623.390}]
[{"Plan": {"Node Type": "Sort","Parallel Aware": false,"Async Capable": false,"Startup Cost": 131080.21,"Total Cost": 131221.46,"Plan Rows": 56499,"Plan Width": 280,"Actual Startup Time": 607.607,"Actual Total Time": 646.377,"Actual Rows": 37607,"Actual Loops": 1,"Sort Key": ["(sum((lineitem.l_extendedprice * ('1'::numeric - lineitem.l_discount)))) DESC"],"Sort Method": "quicksort","Sort Space Used": 9755,"Sort Space Type": "Memory","Plans": [{"Node Type": "Aggregate","Strategy": "Hashed","Partial Mode": "Simple","Parent Relationship": "Outer","Parallel Aware": false,"Async Capable": false,"Startup Cost": 125914.53,"Total Cost": 126620.77,"Plan Rows": 56499,"Plan Width": 280,"Actual Startup Time": 421.745,"Actual Total Time": 572.585,"Actual Rows": 37607,"Actual Loops": 1,"Group Key": ["customer.c_custkey", "nation.n_name"],"Planned Partitions": 0,"HashAgg Batches": 1,"Peak Memory Usage": 26129,"Disk Usage": 0,"Plans": [{"Node Type": "Gather","Parent Relationship": "Outer","Parallel Aware": false,"Async Capable": false,"Startup Cost": 6785.77,"Total Cost": 125208.29,"Plan Rows": 56499,"Plan Width": 260,"Actual Startup Time": 84.737,"Actual Total Time": 294.745,"Actual Rows": 112798,"Actual Loops": 1,"Workers Planned": 3,"Workers Launched": 3,"Single Copy": false,"Plans": [{"Node Type": "Hash Join","Parent Relationship": "Outer","Parallel Aware": false,"Async Capable": false,"Join Type": "Inner","Startup Cost": 5785.77,"Total Cost": 118558.39,"Plan Rows": 18225,"Plan Width": 260,"Actual Startup Time": 77.703,"Actual Total Time": 365.765,"Actual Rows": 28200,"Actual Loops": 4,"Inner Unique": true,"Hash Cond": "(customer.c_nationkey = nation.n_nationkey)","Workers": [],"Plans": [{"Node Type": "Hash Join","Parent Relationship": "Outer","Parallel Aware": true,"Async Capable": false,"Join Type": "Inner","Startup Cost": 5784.20,"Total Cost": 118500.88,"Plan Rows": 18225,"Plan Width": 160,"Actual Startup Time": 77.334,"Actual Total Time": 357.276,"Actual Rows": 28200,"Actual Loops": 4,"Inner Unique": true,"Hash Cond": "(orders.o_custkey = customer.c_custkey)","Workers": [],"Plans": [{"Node Type": "Nested Loop","Parent Relationship": "Outer","Parallel Aware": false,"Async Capable": false,"Join Type": "Inner","Startup Cost": 792.95,"Total Cost": 113461.79,"Plan Rows": 18225,"Plan Width": 16,"Actual Startup Time": 13.152,"Actual Total Time": 254.573,"Actual Rows": 28200,"Actual Loops": 4,"Inner Unique": false,"Workers": [],"Plans": [{"Node Type": "Bitmap Heap Scan","Parent Relationship": "Outer","Parallel Aware": true,"Async Capable": false,"Relation Name": "orders","Alias": "orders","Startup Cost": 792.52,"Total Cost": 27165.14,"Plan Rows": 18508,"Plan Width": 8,"Actual Startup Time": 13.088,"Actual Total Time": 71.143,"Actual Rows": 14087,"Actual Loops": 4,"Recheck Cond": "((o_orderdate >= '1994-01-01'::date) AND (o_orderdate < '1994-04-01 00:00:00'::timestamp without time zone))","Rows Removed by Index Recheck": 0,"Exact Heap Blocks": 3702,"Lossy Heap Blocks": 0,"Workers": [],"Plans": [{"Node Type": "Bitmap Index Scan","Parent Relationship": "Outer","Parallel Aware": false,"Async Capable": false,"Index Name": "idx_orders_orderdate","Startup Cost": 0.00,"Total Cost": 778.18,"Plan Rows": 57375,"Plan Width": 0,"Actual Startup Time": 9.927,"Actual Total Time": 9.934,"Actual Rows": 56349,"Actual Loops": 1,"Index Cond": "((o_orderdate >= '1994-01-01'::date) AND (o_orderdate < '1994-04-01 00:00:00'::timestamp without time zone))","Workers": []}]},{"Node Type": "Index Scan","Parent Relationship": "Inner","Parallel Aware": false,"Async Capable": false,"Scan Direction": "Forward","Index Name": "idx_lineitem_orderkey","Relation Name": "lineitem","Alias": "lineitem","Startup Cost": 0.43,"Total Cost": 4.62,"Plan Rows": 4,"Plan Width": 16,"Actual Startup Time": 0.011,"Actual Total Time": 0.013,"Actual Rows": 2,"Actual Loops": 56349,"Index Cond": "(l_orderkey = orders.o_orderkey)","Rows Removed by Index Recheck": 0,"Filter": "(l_returnflag = 'R'::bpchar)","Rows Removed by Filter": 2,"Workers": []}]},{"Node Type": "Hash","Parent Relationship": "Inner","Parallel Aware": true,"Async Capable": false,"Startup Cost": 4210.00,"Total Cost": 4210.00,"Plan Rows": 62500,"Plan Width": 148,"Actual Startup Time": 63.582,"Actual Total Time": 63.588,"Actual Rows": 37500,"Actual Loops": 4,"Hash Buckets": 262144,"Original Hash Buckets": 262144,"Hash Batches": 1,"Original Hash Batches": 1,"Peak Memory Usage": 29312,"Workers": [],"Plans": [{"Node Type": "Seq Scan","Parent Relationship": "Outer","Parallel Aware": true,"Async Capable": false,"Relation Name": "customer","Alias": "customer","Startup Cost": 0.00,"Total Cost": 4210.00,"Plan Rows": 62500,"Plan Width": 148,"Actual Startup Time": 0.028,"Actual Total Time": 28.690,"Actual Rows": 37500,"Actual Loops": 4,"Workers": []}]}]},{"Node Type": "Hash","Parent Relationship": "Inner","Parallel Aware": false,"Async Capable": false,"Startup Cost": 1.25,"Total Cost": 1.25,"Plan Rows": 25,"Plan Width": 108,"Actual Startup Time": 0.094,"Actual Total Time": 0.100,"Actual Rows": 25,"Actual Loops": 4,"Hash Buckets": 1024,"Original Hash Buckets": 1024,"Hash Batches": 1,"Original Hash Batches": 1,"Peak Memory Usage": 10,"Workers": [],"Plans": [{"Node Type": "Seq Scan","Parent Relationship": "Outer","Parallel Aware": false,"Async Capable": false,"Relation Name": "nation","Alias": "nation","Startup Cost": 0.00,"Total Cost": 1.25,"Plan Rows": 25,"Plan Width": 108,"Actual Startup Time": 0.060,"Actual Total Time": 0.067,"Actual Rows": 25,"Actual Loops": 4,"Workers": []}]}]}]}]}]},"Planning Time": 7.215,"Triggers": [],"Execution Time": 650.753}]
[{"Plan": {"Node Type": "Sort","Parallel Aware": false,"Async Capable": false,"Startup Cost": 135294.26,"Total Cost": 135443.48,"Plan Rows": 59689,"Plan Width": 280,"Actual Startup Time": 545.457,"Actual Total Time": 585.279,"Actual Rows": 35593,"Actual Loops": 1,"Sort Key": ["(sum((lineitem.l_extendedprice * ('1'::numeric - lineitem.l_discount)))) DESC"],"Sort Method": "quicksort","Sort Space Used": 9317,"Sort Space Type": "Memory","Plans": [{"Node Type": "Aggregate","Strategy": "Hashed","Partial Mode": "Simple","Parent Relationship": "Outer","Parallel Aware": false,"Async Capable": false,"Startup Cost": 129813.27,"Total Cost": 130559.38,"Plan Rows": 59689,"Plan Width": 280,"Actual Startup Time": 389.996,"Actual Total Time": 517.393,"Actual Rows": 35593,"Actual Loops": 1,"Group Key": ["customer.c_custkey", "nation.n_name"],"Planned Partitions": 0,"HashAgg Batches": 1,"Peak Memory Usage": 27665,"Disk Usage": 0,"Plans": [{"Node Type": "Gather","Parent Relationship": "Outer","Parallel Aware": false,"Async Capable": false,"Startup Cost": 6830.97,"Total Cost": 129067.15,"Plan Rows": 59689,"Plan Width": 260,"Actual Startup Time": 76.518,"Actual Total Time": 281.363,"Actual Rows": 94907,"Actual Loops": 1,"Workers Planned": 3,"Workers Launched": 3,"Single Copy": false,"Plans": [{"Node Type": "Hash Join","Parent Relationship": "Outer","Parallel Aware": false,"Async Capable": false,"Join Type": "Inner","Startup Cost": 5830.97,"Total Cost": 122098.25,"Plan Rows": 19255,"Plan Width": 260,"Actual Startup Time": 68.775,"Actual Total Time": 339.806,"Actual Rows": 23727,"Actual Loops": 4,"Inner Unique": true,"Hash Cond": "(customer.c_nationkey = nation.n_nationkey)","Workers": [],"Plans": [{"Node Type": "Hash Join","Parent Relationship": "Outer","Parallel Aware": true,"Async Capable": false,"Join Type": "Inner","Startup Cost": 5829.40,"Total Cost": 122037.58,"Plan Rows": 19255,"Plan Width": 160,"Actual Startup Time": 68.296,"Actual Total Time": 331.130,"Actual Rows": 23727,"Actual Loops": 4,"Inner Unique": true,"Hash Cond": "(orders.o_custkey = customer.c_custkey)","Workers": [],"Plans": [{"Node Type": "Nested Loop","Parent Relationship": "Outer","Parallel Aware": false,"Async Capable": false,"Join Type": "Inner","Startup Cost": 838.15,"Total Cost": 116995.79,"Plan Rows": 19255,"Plan Width": 16,"Actual Startup Time": 13.636,"Actual Total Time": 241.200,"Actual Rows": 23727,"Actual Loops": 4,"Inner Unique": false,"Workers": [],"Plans": [{"Node Type": "Bitmap Heap Scan","Parent Relationship": "Outer","Parallel Aware": true,"Async Capable": false,"Relation Name": "orders","Alias": "orders","Startup Cost": 837.72,"Total Cost": 27226.01,"Plan Rows": 19553,"Plan Width": 8,"Actual Startup Time": 13.552,"Actual Total Time": 68.983,"Actual Rows": 14126,"Actual Loops": 4,"Recheck Cond": "((o_orderdate >= '1995-01-01'::date) AND (o_orderdate < '1995-04-01 00:00:00'::timestamp without time zone))","Rows Removed by Index Recheck": 0,"Exact Heap Blocks": 3623,"Lossy Heap Blocks": 0,"Workers": [],"Plans": [{"Node Type": "Bitmap Index Scan","Parent Relationship": "Outer","Parallel Aware": false,"Async Capable": false,"Index Name": "idx_orders_orderdate","Startup Cost": 0.00,"Total Cost": 822.57,"Plan Rows": 60614,"Plan Width": 0,"Actual Startup Time": 10.475,"Actual Total Time": 10.479,"Actual Rows": 56506,"Actual Loops": 1,"Index Cond": "((o_orderdate >= '1995-01-01'::date) AND (o_orderdate < '1995-04-01 00:00:00'::timestamp without time zone))","Workers": []}]},{"Node Type": "Index Scan","Parent Relationship": "Inner","Parallel Aware": false,"Async Capable": false,"Scan Direction": "Forward","Index Name": "idx_lineitem_orderkey","Relation Name": "lineitem","Alias": "lineitem","Startup Cost": 0.43,"Total Cost": 4.55,"Plan Rows": 4,"Plan Width": 16,"Actual Startup Time": 0.010,"Actual Total Time": 0.012,"Actual Rows": 2,"Actual Loops": 56506,"Index Cond": "(l_orderkey = orders.o_orderkey)","Rows Removed by Index Recheck": 0,"Filter": "(l_returnflag = 'R'::bpchar)","Rows Removed by Filter": 2,"Workers": []}]},{"Node Type": "Hash","Parent Relationship": "Inner","Parallel Aware": true,"Async Capable": false,"Startup Cost": 4210.00,"Total Cost": 4210.00,"Plan Rows": 62500,"Plan Width": 148,"Actual Startup Time": 54.088,"Actual Total Time": 54.097,"Actual Rows": 37500,"Actual Loops": 4,"Hash Buckets": 262144,"Original Hash Buckets": 262144,"Hash Batches": 1,"Original Hash Batches": 1,"Peak Memory Usage": 29312,"Workers": [],"Plans": [{"Node Type": "Seq Scan","Parent Relationship": "Outer","Parallel Aware": true,"Async Capable": false,"Relation Name": "customer","Alias": "customer","Startup Cost": 0.00,"Total Cost": 4210.00,"Plan Rows": 62500,"Plan Width": 148,"Actual Startup Time": 0.033,"Actual Total Time": 23.775,"Actual Rows": 37500,"Actual Loops": 4,"Workers": []}]}]},{"Node Type": "Hash","Parent Relationship": "Inner","Parallel Aware": false,"Async Capable": false,"Startup Cost": 1.25,"Total Cost": 1.25,"Plan Rows": 25,"Plan Width": 108,"Actual Startup Time": 0.094,"Actual Total Time": 0.098,"Actual Rows": 25,"Actual Loops": 4,"Hash Buckets": 1024,"Original Hash Buckets": 1024,"Hash Batches": 1,"Original Hash Batches": 1,"Peak Memory Usage": 10,"Workers": [],"Plans": [{"Node Type": "Seq Scan","Parent Relationship": "Outer","Parallel Aware": false,"Async Capable": false,"Relation Name": "nation","Alias": "nation","Startup Cost": 0.00,"Total Cost": 1.25,"Plan Rows": 25,"Plan Width": 108,"Actual Startup Time": 0.062,"Actual Total Time": 0.068,"Actual Rows": 25,"Actual Loops": 4,"Workers": []}]}]}]}]}]},"Planning Time": 7.620,"Triggers": [],"Execution Time": 593.147}]
[{"Plan": {"Node Type": "Sort","Parallel Aware": false,"Async Capable": false,"Startup Cost": 130505.43,"Total Cost": 130645.60,"Plan Rows": 56065,"Plan Width": 280,"Actual Startup Time": 601.513,"Actual Total Time": 641.580,"Actual Rows": 37018,"Actual Loops": 1,"Sort Key": ["(sum((lineitem.l_extendedprice * ('1'::numeric - lineitem.l_discount)))) DESC"],"Sort Method": "quicksort","Sort Space Used": 9627,"Sort Space Type": "Memory","Plans": [{"Node Type": "Aggregate","Strategy": "Hashed","Partial Mode": "Simple","Parent Relationship": "Outer","Parallel Aware": false,"Async Capable": false,"Startup Cost": 125382.55,"Total Cost": 126083.36,"Plan Rows": 56065,"Plan Width": 280,"Actual Startup Time": 416.495,"Actual Total Time": 572.420,"Actual Rows": 37018,"Actual Loops": 1,"Group Key": ["customer.c_custkey", "nation.n_name"],"Planned Partitions": 0,"HashAgg Batches": 1,"Peak Memory Usage": 26129,"Disk Usage": 0,"Plans": [{"Node Type": "Gather","Parent Relationship": "Outer","Parallel Aware": false,"Async Capable": false,"Startup Cost": 6781.25,"Total Cost": 124681.73,"Plan Rows": 56065,"Plan Width": 260,"Actual Startup Time": 81.623,"Actual Total Time": 288.921,"Actual Rows": 110603,"Actual Loops": 1,"Workers Planned": 3,"Workers Launched": 3,"Single Copy": false,"Plans": [{"Node Type": "Hash Join","Parent Relationship": "Outer","Parallel Aware": false,"Async Capable": false,"Join Type": "Inner","Startup Cost": 5781.25,"Total Cost": 118075.23,"Plan Rows": 18085,"Plan Width": 260,"Actual Startup Time": 74.243,"Actual Total Time": 359.851,"Actual Rows": 27651,"Actual Loops": 4,"Inner Unique": true,"Hash Cond": "(customer.c_nationkey = nation.n_nationkey)","Workers": [],"Plans": [{"Node Type": "Hash Join","Parent Relationship": "Outer","Parallel Aware": true,"Async Capable": false,"Join Type": "Inner","Startup Cost": 5779.68,"Total Cost": 118018.16,"Plan Rows": 18085,"Plan Width": 160,"Actual Startup Time": 73.807,"Actual Total Time": 350.724,"Actual Rows": 27651,"Actual Loops": 4,"Inner Unique": true,"Hash Cond": "(orders.o_custkey = customer.c_custkey)","Workers": [],"Plans": [{"Node Type": "Nested Loop","Parent Relationship": "Outer","Parallel Aware": false,"Async Capable": false,"Join Type": "Inner","Startup Cost": 788.43,"Total Cost": 112979.43,"Plan Rows": 18085,"Plan Width": 16,"Actual Startup Time": 13.351,"Actual Total Time": 248.674,"Actual Rows": 27651,"Actual Loops": 4,"Inner Unique": false,"Workers": [],"Plans": [{"Node Type": "Bitmap Heap Scan","Parent Relationship": "Outer","Parallel Aware": true,"Async Capable": false,"Relation Name": "orders","Alias": "orders","Startup Cost": 788.00,"Total Cost": 27158.49,"Plan Rows": 18366,"Plan Width": 8,"Actual Startup Time": 13.297,"Actual Total Time": 70.614,"Actual Rows": 13866,"Actual Loops": 4,"Recheck Cond": "((o_orderdate >= '1994-02-01'::date) AND (o_orderdate < '1994-05-01 00:00:00'::timestamp without time zone))","Rows Removed by Index Recheck": 0,"Exact Heap Blocks": 3619,"Lossy Heap Blocks": 0,"Workers": [],"Plans": [{"Node Type": "Bitmap Index Scan","Parent Relationship": "Outer","Parallel Aware": false,"Async Capable": false,"Index Name": "idx_orders_orderdate","Startup Cost": 0.00,"Total Cost": 773.77,"Plan Rows": 56934,"Plan Width": 0,"Actual Startup Time": 10.157,"Actual Total Time": 10.161,"Actual Rows": 55462,"Actual Loops": 1,"Index Cond": "((o_orderdate >= '1994-02-01'::date) AND (o_orderdate < '1994-05-01 00:00:00'::timestamp without time zone))","Workers": []}]},{"Node Type": "Index Scan","Parent Relationship": "Inner","Parallel Aware": false,"Async Capable": false,"Scan Direction": "Forward","Index Name": "idx_lineitem_orderkey","Relation Name": "lineitem","Alias": "lineitem","Startup Cost": 0.43,"Total Cost": 4.63,"Plan Rows": 4,"Plan Width": 16,"Actual Startup Time": 0.010,"Actual Total Time": 0.012,"Actual Rows": 2,"Actual Loops": 55462,"Index Cond": "(l_orderkey = orders.o_orderkey)","Rows Removed by Index Recheck": 0,"Filter": "(l_returnflag = 'R'::bpchar)","Rows Removed by Filter": 2,"Workers": []}]},{"Node Type": "Hash","Parent Relationship": "Inner","Parallel Aware": true,"Async Capable": false,"Startup Cost": 4210.00,"Total Cost": 4210.00,"Plan Rows": 62500,"Plan Width": 148,"Actual Startup Time": 59.812,"Actual Total Time": 59.817,"Actual Rows": 37500,"Actual Loops": 4,"Hash Buckets": 262144,"Original Hash Buckets": 262144,"Hash Batches": 1,"Original Hash Batches": 1,"Peak Memory Usage": 29344,"Workers": [],"Plans": [{"Node Type": "Seq Scan","Parent Relationship": "Outer","Parallel Aware": true,"Async Capable": false,"Relation Name": "customer","Alias": "customer","Startup Cost": 0.00,"Total Cost": 4210.00,"Plan Rows": 62500,"Plan Width": 148,"Actual Startup Time": 0.038,"Actual Total Time": 25.477,"Actual Rows": 37500,"Actual Loops": 4,"Workers": []}]}]},{"Node Type": "Hash","Parent Relationship": "Inner","Parallel Aware": false,"Async Capable": false,"Startup Cost": 1.25,"Total Cost": 1.25,"Plan Rows": 25,"Plan Width": 108,"Actual Startup Time": 0.111,"Actual Total Time": 0.116,"Actual Rows": 25,"Actual Loops": 4,"Hash Buckets": 1024,"Original Hash Buckets": 1024,"Hash Batches": 1,"Original Hash Batches": 1,"Peak Memory Usage": 10,"Workers": [],"Plans": [{"Node Type": "Seq Scan","Parent Relationship": "Outer","Parallel Aware": false,"Async Capable": false,"Relation Name": "nation","Alias": "nation","Startup Cost": 0.00,"Total Cost": 1.25,"Plan Rows": 25,"Plan Width": 108,"Actual Startup Time": 0.071,"Actual Total Time": 0.077,"Actual Rows": 25,"Actual Loops": 4,"Workers": []}]}]}]}]}]},"Planning Time": 7.387,"Triggers": [],"Execution Time": 645.928}]
[{"Plan": {"Node Type": "Sort","Parallel Aware": false,"Async Capable": false,"Startup Cost": 130809.03,"Total Cost": 130949.76,"Plan Rows": 56293,"Plan Width": 280,"Actual Startup Time": 582.640,"Actual Total Time": 623.609,"Actual Rows": 37618,"Actual Loops": 1,"Sort Key": ["(sum((lineitem.l_extendedprice * ('1'::numeric - lineitem.l_discount)))) DESC"],"Sort Method": "quicksort","Sort Space Used": 9764,"Sort Space Type": "Memory","Plans": [{"Node Type": "Aggregate","Strategy": "Hashed","Partial Mode": "Simple","Parent Relationship": "Outer","Parallel Aware": false,"Async Capable": false,"Startup Cost": 125663.66,"Total Cost": 126367.32,"Plan Rows": 56293,"Plan Width": 280,"Actual Startup Time": 404.905,"Actual Total Time": 550.580,"Actual Rows": 37618,"Actual Loops": 1,"Group Key": ["customer.c_custkey", "nation.n_name"],"Planned Partitions": 0,"HashAgg Batches": 1,"Peak Memory Usage": 26129,"Disk Usage": 0,"Plans": [{"Node Type": "Gather","Parent Relationship": "Outer","Parallel Aware": false,"Async Capable": false,"Startup Cost": 6783.62,"Total Cost": 124960.00,"Plan Rows": 56293,"Plan Width": 260,"Actual Startup Time": 77.508,"Actual Total Time": 283.856,"Actual Rows": 113037,"Actual Loops": 1,"Workers Planned": 3,"Workers Launched": 3,"Single Copy": false,"Plans": [{"Node Type": "Hash Join","Parent Relationship": "Outer","Parallel Aware": false,"Async Capable": false,"Join Type": "Inner","Startup Cost": 5783.62,"Total Cost": 118330.70,"Plan Rows": 18159,"Plan Width": 260,"Actual Startup Time": 69.943,"Actual Total Time": 350.172,"Actual Rows": 28259,"Actual Loops": 4,"Inner Unique": true,"Hash Cond": "(customer.c_nationkey = nation.n_nationkey)","Workers": [],"Plans": [{"Node Type": "Hash Join","Parent Relationship": "Outer","Parallel Aware": true,"Async Capable": false,"Join Type": "Inner","Startup Cost": 5782.06,"Total Cost": 118273.39,"Plan Rows": 18159,"Plan Width": 160,"Actual Startup Time": 69.505,"Actual Total Time": 341.161,"Actual Rows": 28259,"Actual Loops": 4,"Inner Unique": true,"Hash Cond": "(orders.o_custkey = customer.c_custkey)","Workers": [],"Plans": [{"Node Type": "Nested Loop","Parent Relationship": "Outer","Parallel Aware": false,"Async Capable": false,"Join Type": "Inner","Startup Cost": 790.81,"Total Cost": 113234.47,"Plan Rows": 18159,"Plan Width": 16,"Actual Startup Time": 13.628,"Actual Total Time": 244.904,"Actual Rows": 28259,"Actual Loops": 4,"Inner Unique": false,"Workers": [],"Plans": [{"Node Type": "Bitmap Heap Scan","Parent Relationship": "Outer","Parallel Aware": true,"Async Capable": false,"Relation Name": "orders","Alias": "orders","Startup Cost": 790.38,"Total Cost": 27161.99,"Plan Rows": 18441,"Plan Width": 8,"Actual Startup Time": 13.544,"Actual Total Time": 67.991,"Actual Rows": 14129,"Actual Loops": 4,"Recheck Cond": "((o_orderdate >= '1994-09-01'::date) AND (o_orderdate < '1994-12-01 00:00:00'::timestamp without time zone))","Rows Removed by Index Recheck": 0,"Exact Heap Blocks": 3515,"Lossy Heap Blocks": 0,"Workers": [],"Plans": [{"Node Type": "Bitmap Index Scan","Parent Relationship": "Outer","Parallel Aware": false,"Async Capable": false,"Index Name": "idx_orders_orderdate","Startup Cost": 0.00,"Total Cost": 776.09,"Plan Rows": 57166,"Plan Width": 0,"Actual Startup Time": 10.241,"Actual Total Time": 10.248,"Actual Rows": 56516,"Actual Loops": 1,"Index Cond": "((o_orderdate >= '1994-09-01'::date) AND (o_orderdate < '1994-12-01 00:00:00'::timestamp without time zone))","Workers": []}]},{"Node Type": "Index Scan","Parent Relationship": "Inner","Parallel Aware": false,"Async Capable": false,"Scan Direction": "Forward","Index Name": "idx_lineitem_orderkey","Relation Name": "lineitem","Alias": "lineitem","Startup Cost": 0.43,"Total Cost": 4.63,"Plan Rows": 4,"Plan Width": 16,"Actual Startup Time": 0.010,"Actual Total Time": 0.012,"Actual Rows": 2,"Actual Loops": 56516,"Index Cond": "(l_orderkey = orders.o_orderkey)","Rows Removed by Index Recheck": 0,"Filter": "(l_returnflag = 'R'::bpchar)","Rows Removed by Filter": 2,"Workers": []}]},{"Node Type": "Hash","Parent Relationship": "Inner","Parallel Aware": true,"Async Capable": false,"Startup Cost": 4210.00,"Total Cost": 4210.00,"Plan Rows": 62500,"Plan Width": 148,"Actual Startup Time": 55.246,"Actual Total Time": 55.254,"Actual Rows": 37500,"Actual Loops": 4,"Hash Buckets": 262144,"Original Hash Buckets": 262144,"Hash Batches": 1,"Original Hash Batches": 1,"Peak Memory Usage": 29280,"Workers": [],"Plans": [{"Node Type": "Seq Scan","Parent Relationship": "Outer","Parallel Aware": true,"Async Capable": false,"Relation Name": "customer","Alias": "customer","Startup Cost": 0.00,"Total Cost": 4210.00,"Plan Rows": 62500,"Plan Width": 148,"Actual Startup Time": 0.029,"Actual Total Time": 24.927,"Actual Rows": 37500,"Actual Loops": 4,"Workers": []}]}]},{"Node Type": "Hash","Parent Relationship": "Inner","Parallel Aware": false,"Async Capable": false,"Startup Cost": 1.25,"Total Cost": 1.25,"Plan Rows": 25,"Plan Width": 108,"Actual Startup Time": 0.092,"Actual Total Time": 0.096,"Actual Rows": 25,"Actual Loops": 4,"Hash Buckets": 1024,"Original Hash Buckets": 1024,"Hash Batches": 1,"Original Hash Batches": 1,"Peak Memory Usage": 10,"Workers": [],"Plans": [{"Node Type": "Seq Scan","Parent Relationship": "Outer","Parallel Aware": false,"Async Capable": false,"Relation Name": "nation","Alias": "nation","Startup Cost": 0.00,"Total Cost": 1.25,"Plan Rows": 25,"Plan Width": 108,"Actual Startup Time": 0.062,"Actual Total Time": 0.068,"Actual Rows": 25,"Actual Loops": 4,"Workers": []}]}]}]}]}]},"Planning Time": 5.868,"Triggers": [],"Execution Time": 629.137}]
[{"Plan": {"Node Type": "Sort","Parallel Aware": false,"Async Capable": false,"Startup Cost": 132260.34,"Total Cost": 132403.81,"Plan Rows": 57388,"Plan Width": 280,"Actual Startup Time": 619.828,"Actual Total Time": 659.334,"Actual Rows": 38182,"Actual Loops": 1,"Sort Key": ["(sum((lineitem.l_extendedprice * ('1'::numeric - lineitem.l_discount)))) DESC"],"Sort Method": "quicksort","Sort Space Used": 9879,"Sort Space Type": "Memory","Plans": [{"Node Type": "Aggregate","Strategy": "Hashed","Partial Mode": "Simple","Parent Relationship": "Outer","Parallel Aware": false,"Async Capable": false,"Startup Cost": 127006.91,"Total Cost": 127724.26,"Plan Rows": 57388,"Plan Width": 280,"Actual Startup Time": 430.185,"Actual Total Time": 588.903,"Actual Rows": 38182,"Actual Loops": 1,"Group Key": ["customer.c_custkey", "nation.n_name"],"Planned Partitions": 0,"HashAgg Batches": 1,"Peak Memory Usage": 26129,"Disk Usage": 0,"Plans": [{"Node Type": "Gather","Parent Relationship": "Outer","Parallel Aware": false,"Async Capable": false,"Startup Cost": 6799.02,"Total Cost": 126289.56,"Plan Rows": 57388,"Plan Width": 260,"Actual Startup Time": 89.737,"Actual Total Time": 296.974,"Actual Rows": 115050,"Actual Loops": 1,"Workers Planned": 3,"Workers Launched": 3,"Single Copy": false,"Plans": [{"Node Type": "Hash Join","Parent Relationship": "Outer","Parallel Aware": false,"Async Capable": false,"Join Type": "Inner","Startup Cost": 5799.02,"Total Cost": 119550.76,"Plan Rows": 18512,"Plan Width": 260,"Actual Startup Time": 82.322,"Actual Total Time": 373.404,"Actual Rows": 28762,"Actual Loops": 4,"Inner Unique": true,"Hash Cond": "(customer.c_nationkey = nation.n_nationkey)","Workers": [],"Plans": [{"Node Type": "Hash Join","Parent Relationship": "Outer","Parallel Aware": true,"Async Capable": false,"Join Type": "Inner","Startup Cost": 5797.46,"Total Cost": 119492.37,"Plan Rows": 18512,"Plan Width": 160,"Actual Startup Time": 81.937,"Actual Total Time": 363.986,"Actual Rows": 28762,"Actual Loops": 4,"Inner Unique": true,"Hash Cond": "(orders.o_custkey = customer.c_custkey)","Workers": [],"Plans": [{"Node Type": "Nested Loop","Parent Relationship": "Outer","Parallel Aware": false,"Async Capable": false,"Join Type": "Inner","Startup Cost": 806.21,"Total Cost": 114452.53,"Plan Rows": 18513,"Plan Width": 16,"Actual Startup Time": 13.433,"Actual Total Time": 253.545,"Actual Rows": 28762,"Actual Loops": 4,"Inner Unique": false,"Workers": [],"Plans": [{"Node Type": "Bitmap Heap Scan","Parent Relationship": "Outer","Parallel Aware": true,"Async Capable": false,"Relation Name": "orders","Alias": "orders","Startup Cost": 805.78,"Total Cost": 27182.77,"Plan Rows": 18799,"Plan Width": 8,"Actual Startup Time": 13.373,"Actual Total Time": 70.825,"Actual Rows": 14368,"Actual Loops": 4,"Recheck Cond": "((o_orderdate >= '1994-06-01'::date) AND (o_orderdate < '1994-09-01 00:00:00'::timestamp without time zone))","Rows Removed by Index Recheck": 0,"Exact Heap Blocks": 3680,"Lossy Heap Blocks": 0,"Workers": [],"Plans": [{"Node Type": "Bitmap Index Scan","Parent Relationship": "Outer","Parallel Aware": false,"Async Capable": false,"Index Name": "idx_orders_orderdate","Startup Cost": 0.00,"Total Cost": 791.21,"Plan Rows": 58278,"Plan Width": 0,"Actual Startup Time": 10.272,"Actual Total Time": 10.276,"Actual Rows": 57474,"Actual Loops": 1,"Index Cond": "((o_orderdate >= '1994-06-01'::date) AND (o_orderdate < '1994-09-01 00:00:00'::timestamp without time zone))","Workers": []}]},{"Node Type": "Index Scan","Parent Relationship": "Inner","Parallel Aware": false,"Async Capable": false,"Scan Direction": "Forward","Index Name": "idx_lineitem_orderkey","Relation Name": "lineitem","Alias": "lineitem","Startup Cost": 0.43,"Total Cost": 4.60,"Plan Rows": 4,"Plan Width": 16,"Actual Startup Time": 0.010,"Actual Total Time": 0.012,"Actual Rows": 2,"Actual Loops": 57474,"Index Cond": "(l_orderkey = orders.o_orderkey)","Rows Removed by Index Recheck": 0,"Filter": "(l_returnflag = 'R'::bpchar)","Rows Removed by Filter": 2,"Workers": []}]},{"Node Type": "Hash","Parent Relationship": "Inner","Parallel Aware": true,"Async Capable": false,"Startup Cost": 4210.00,"Total Cost": 4210.00,"Plan Rows": 62500,"Plan Width": 148,"Actual Startup Time": 67.921,"Actual Total Time": 67.927,"Actual Rows": 37500,"Actual Loops": 4,"Hash Buckets": 262144,"Original Hash Buckets": 262144,"Hash Batches": 1,"Original Hash Batches": 1,"Peak Memory Usage": 29312,"Workers": [],"Plans": [{"Node Type": "Seq Scan","Parent Relationship": "Outer","Parallel Aware": true,"Async Capable": false,"Relation Name": "customer","Alias": "customer","Startup Cost": 0.00,"Total Cost": 4210.00,"Plan Rows": 62500,"Plan Width": 148,"Actual Startup Time": 0.026,"Actual Total Time": 28.832,"Actual Rows": 37500,"Actual Loops": 4,"Workers": []}]}]},{"Node Type": "Hash","Parent Relationship": "Inner","Parallel Aware": false,"Async Capable": false,"Startup Cost": 1.25,"Total Cost": 1.25,"Plan Rows": 25,"Plan Width": 108,"Actual Startup Time": 0.096,"Actual Total Time": 0.101,"Actual Rows": 25,"Actual Loops": 4,"Hash Buckets": 1024,"Original Hash Buckets": 1024,"Hash Batches": 1,"Original Hash Batches": 1,"Peak Memory Usage": 10,"Workers": [],"Plans": [{"Node Type": "Seq Scan","Parent Relationship": "Outer","Parallel Aware": false,"Async Capable": false,"Relation Name": "nation","Alias": "nation","Startup Cost": 0.00,"Total Cost": 1.25,"Plan Rows": 25,"Plan Width": 108,"Actual Startup Time": 0.064,"Actual Total Time": 0.070,"Actual Rows": 25,"Actual Loops": 4,"Workers": []}]}]}]}]}]},"Planning Time": 7.103,"Triggers": [],"Execution Time": 663.701}]
[{"Plan": {"Node Type": "Sort","Parallel Aware": false,"Async Capable": false,"Startup Cost": 131375.21,"Total Cost": 131517.01,"Plan Rows": 56721,"Plan Width": 280,"Actual Startup Time": 563.067,"Actual Total Time": 603.830,"Actual Rows": 37302,"Actual Loops": 1,"Sort Key": ["(sum((lineitem.l_extendedprice * ('1'::numeric - lineitem.l_discount)))) DESC"],"Sort Method": "quicksort","Sort Space Used": 9696,"Sort Space Type": "Memory","Plans": [{"Node Type": "Aggregate","Strategy": "Hashed","Partial Mode": "Simple","Parent Relationship": "Outer","Parallel Aware": false,"Async Capable": false,"Startup Cost": 126187.62,"Total Cost": 126896.63,"Plan Rows": 56721,"Plan Width": 280,"Actual Startup Time": 390.529,"Actual Total Time": 528.800,"Actual Rows": 37302,"Actual Loops": 1,"Group Key": ["customer.c_custkey", "nation.n_name"],"Planned Partitions": 0,"HashAgg Batches": 1,"Peak Memory Usage": 26129,"Disk Usage": 0,"Plans": [{"Node Type": "Gather","Parent Relationship": "Outer","Parallel Aware": false,"Async Capable": false,"Startup Cost": 6792.07,"Total Cost": 125478.61,"Plan Rows": 56721,"Plan Width": 260,"Actual Startup Time": 74.264,"Actual Total Time": 271.853,"Actual Rows": 111987,"Actual Loops": 1,"Workers Planned": 3,"Workers Launched": 3,"Single Copy": false,"Plans": [{"Node Type": "Hash Join","Parent Relationship": "Outer","Parallel Aware": false,"Async Capable": false,"Join Type": "Inner","Startup Cost": 5792.07,"Total Cost": 118806.51,"Plan Rows": 18297,"Plan Width": 260,"Actual Startup Time": 66.885,"Actual Total Time": 338.409,"Actual Rows": 27997,"Actual Loops": 4,"Inner Unique": true,"Hash Cond": "(customer.c_nationkey = nation.n_nationkey)","Workers": [],"Plans": [{"Node Type": "Hash Join","Parent Relationship": "Outer","Parallel Aware": true,"Async Capable": false,"Join Type": "Inner","Startup Cost": 5790.51,"Total Cost": 118748.77,"Plan Rows": 18297,"Plan Width": 160,"Actual Startup Time": 66.491,"Actual Total Time": 330.614,"Actual Rows": 27997,"Actual Loops": 4,"Inner Unique": true,"Hash Cond": "(orders.o_custkey = customer.c_custkey)","Workers": [],"Plans": [{"Node Type": "Nested Loop","Parent Relationship": "Outer","Parallel Aware": false,"Async Capable": false,"Join Type": "Inner","Startup Cost": 799.26,"Total Cost": 113709.49,"Plan Rows": 18297,"Plan Width": 16,"Actual Startup Time": 13.178,"Actual Total Time": 239.311,"Actual Rows": 27997,"Actual Loops": 4,"Inner Unique": false,"Workers": [],"Plans": [{"Node Type": "Bitmap Heap Scan","Parent Relationship": "Outer","Parallel Aware": true,"Async Capable": false,"Relation Name": "orders","Alias": "orders","Startup Cost": 798.83,"Total Cost": 27172.54,"Plan Rows": 18580,"Plan Width": 8,"Actual Startup Time": 13.117,"Actual Total Time": 66.928,"Actual Rows": 13993,"Actual Loops": 4,"Recheck Cond": "((o_orderdate >= '1993-12-01'::date) AND (o_orderdate < '1994-03-01 00:00:00'::timestamp without time zone))","Rows Removed by Index Recheck": 0,"Exact Heap Blocks": 3558,"Lossy Heap Blocks": 0,"Workers": [],"Plans": [{"Node Type": "Bitmap Index Scan","Parent Relationship": "Outer","Parallel Aware": false,"Async Capable": false,"Index Name": "idx_orders_orderdate","Startup Cost": 0.00,"Total Cost": 784.43,"Plan Rows": 57600,"Plan Width": 0,"Actual Startup Time": 10.042,"Actual Total Time": 10.048,"Actual Rows": 55973,"Actual Loops": 1,"Index Cond": "((o_orderdate >= '1993-12-01'::date) AND (o_orderdate < '1994-03-01 00:00:00'::timestamp without time zone))","Workers": []}]},{"Node Type": "Index Scan","Parent Relationship": "Inner","Parallel Aware": false,"Async Capable": false,"Scan Direction": "Forward","Index Name": "idx_lineitem_orderkey","Relation Name": "lineitem","Alias": "lineitem","Startup Cost": 0.43,"Total Cost": 4.62,"Plan Rows": 4,"Plan Width": 16,"Actual Startup Time": 0.010,"Actual Total Time": 0.012,"Actual Rows": 2,"Actual Loops": 55973,"Index Cond": "(l_orderkey = orders.o_orderkey)","Rows Removed by Index Recheck": 0,"Filter": "(l_returnflag = 'R'::bpchar)","Rows Removed by Filter": 2,"Workers": []}]},{"Node Type": "Hash","Parent Relationship": "Inner","Parallel Aware": true,"Async Capable": false,"Startup Cost": 4210.00,"Total Cost": 4210.00,"Plan Rows": 62500,"Plan Width": 148,"Actual Startup Time": 52.746,"Actual Total Time": 52.755,"Actual Rows": 37500,"Actual Loops": 4,"Hash Buckets": 262144,"Original Hash Buckets": 262144,"Hash Batches": 1,"Original Hash Batches": 1,"Peak Memory Usage": 29312,"Workers": [],"Plans": [{"Node Type": "Seq Scan","Parent Relationship": "Outer","Parallel Aware": true,"Async Capable": false,"Relation Name": "customer","Alias": "customer","Startup Cost": 0.00,"Total Cost": 4210.00,"Plan Rows": 62500,"Plan Width": 148,"Actual Startup Time": 0.028,"Actual Total Time": 23.004,"Actual Rows": 37500,"Actual Loops": 4,"Workers": []}]}]},{"Node Type": "Hash","Parent Relationship": "Inner","Parallel Aware": false,"Async Capable": false,"Startup Cost": 1.25,"Total Cost": 1.25,"Plan Rows": 25,"Plan Width": 108,"Actual Startup Time": 0.099,"Actual Total Time": 0.105,"Actual Rows": 25,"Actual Loops": 4,"Hash Buckets": 1024,"Original Hash Buckets": 1024,"Hash Batches": 1,"Original Hash Batches": 1,"Peak Memory Usage": 10,"Workers": [],"Plans": [{"Node Type": "Seq Scan","Parent Relationship": "Outer","Parallel Aware": false,"Async Capable": false,"Relation Name": "nation","Alias": "nation","Startup Cost": 0.00,"Total Cost": 1.25,"Plan Rows": 25,"Plan Width": 108,"Actual Startup Time": 0.067,"Actual Total Time": 0.074,"Actual Rows": 25,"Actual Loops": 4,"Workers": []}]}]}]}]}]},"Planning Time": 6.321,"Triggers": [],"Execution Time": 609.357}]
[{"Plan": {"Node Type": "Sort","Parallel Aware": false,"Async Capable": false,"Startup Cost": 132365.07,"Total Cost": 132508.74,"Plan Rows": 57466,"Plan Width": 280,"Actual Startup Time": 604.092,"Actual Total Time": 644.113,"Actual Rows": 37690,"Actual Loops": 1,"Sort Key": ["(sum((lineitem.l_extendedprice * ('1'::numeric - lineitem.l_discount)))) DESC"],"Sort Method": "quicksort","Sort Space Used": 9779,"Sort Space Type": "Memory","Plans": [{"Node Type": "Aggregate","Strategy": "Hashed","Partial Mode": "Simple","Parent Relationship": "Outer","Parallel Aware": false,"Async Capable": false,"Startup Cost": 127103.94,"Total Cost": 127822.26,"Plan Rows": 57466,"Plan Width": 280,"Actual Startup Time": 420.502,"Actual Total Time": 570.586,"Actual Rows": 37690,"Actual Loops": 1,"Group Key": ["customer.c_custkey", "nation.n_name"],"Planned Partitions": 0,"HashAgg Batches": 1,"Peak Memory Usage": 26129,"Disk Usage": 0,"Plans": [{"Node Type": "Gather","Parent Relationship": "Outer","Parallel Aware": false,"Async Capable": false,"Startup Cost": 6799.83,"Total Cost": 126385.61,"Plan Rows": 57466,"Plan Width": 260,"Actual Startup Time": 84.807,"Actual Total Time": 291.020,"Actual Rows": 113599,"Actual Loops": 1,"Workers Planned": 3,"Workers Launched": 3,"Single Copy": false,"Plans": [{"Node Type": "Hash Join","Parent Relationship": "Outer","Parallel Aware": false,"Async Capable": false,"Join Type": "Inner","Startup Cost": 5799.83,"Total Cost": 119639.01,"Plan Rows": 18537,"Plan Width": 260,"Actual Startup Time": 77.448,"Actual Total Time": 365.330,"Actual Rows": 28400,"Actual Loops": 4,"Inner Unique": true,"Hash Cond": "(customer.c_nationkey = nation.n_nationkey)","Workers": [],"Plans": [{"Node Type": "Hash Join","Parent Relationship": "Outer","Parallel Aware": true,"Async Capable": false,"Join Type": "Inner","Startup Cost": 5798.27,"Total Cost": 119580.55,"Plan Rows": 18537,"Plan Width": 160,"Actual Startup Time": 76.978,"Actual Total Time": 356.100,"Actual Rows": 28400,"Actual Loops": 4,"Inner Unique": true,"Hash Cond": "(orders.o_custkey = customer.c_custkey)","Workers": [],"Plans": [{"Node Type": "Nested Loop","Parent Relationship": "Outer","Parallel Aware": false,"Async Capable": false,"Join Type": "Inner","Startup Cost": 807.02,"Total Cost": 114540.64,"Plan Rows": 18537,"Plan Width": 16,"Actual Startup Time": 13.069,"Actual Total Time": 252.235,"Actual Rows": 28400,"Actual Loops": 4,"Inner Unique": false,"Workers": [],"Plans": [{"Node Type": "Bitmap Heap Scan","Parent Relationship": "Outer","Parallel Aware": true,"Async Capable": false,"Relation Name": "orders","Alias": "orders","Startup Cost": 806.59,"Total Cost": 27183.96,"Plan Rows": 18825,"Plan Width": 8,"Actual Startup Time": 13.002,"Actual Total Time": 70.665,"Actual Rows": 14161,"Actual Loops": 4,"Recheck Cond": "((o_orderdate >= '1994-04-01'::date) AND (o_orderdate < '1994-07-01 00:00:00'::timestamp without time zone))","Rows Removed by Index Recheck": 0,"Exact Heap Blocks": 3668,"Lossy Heap Blocks": 0,"Workers": [],"Plans": [{"Node Type": "Bitmap Index Scan","Parent Relationship": "Outer","Parallel Aware": false,"Async Capable": false,"Index Name": "idx_orders_orderdate","Startup Cost": 0.00,"Total Cost": 792.00,"Plan Rows": 58357,"Plan Width": 0,"Actual Startup Time": 9.907,"Actual Total Time": 9.915,"Actual Rows": 56645,"Actual Loops": 1,"Index Cond": "((o_orderdate >= '1994-04-01'::date) AND (o_orderdate < '1994-07-01 00:00:00'::timestamp without time zone))","Workers": []}]},{"Node Type": "Index Scan","Parent Relationship": "Inner","Parallel Aware": false,"Async Capable": false,"Scan Direction": "Forward","Index Name": "idx_lineitem_orderkey","Relation Name": "lineitem","Alias": "lineitem","Startup Cost": 0.43,"Total Cost": 4.60,"Plan Rows": 4,"Plan Width": 16,"Actual Startup Time": 0.010,"Actual Total Time": 0.012,"Actual Rows": 2,"Actual Loops": 56645,"Index Cond": "(l_orderkey = orders.o_orderkey)","Rows Removed by Index Recheck": 0,"Filter": "(l_returnflag = 'R'::bpchar)","Rows Removed by Filter": 2,"Workers": []}]},{"Node Type": "Hash","Parent Relationship": "Inner","Parallel Aware": true,"Async Capable": false,"Startup Cost": 4210.00,"Total Cost": 4210.00,"Plan Rows": 62500,"Plan Width": 148,"Actual Startup Time": 63.332,"Actual Total Time": 63.338,"Actual Rows": 37500,"Actual Loops": 4,"Hash Buckets": 262144,"Original Hash Buckets": 262144,"Hash Batches": 1,"Original Hash Batches": 1,"Peak Memory Usage": 29344,"Workers": [],"Plans": [{"Node Type": "Seq Scan","Parent Relationship": "Outer","Parallel Aware": true,"Async Capable": false,"Relation Name": "customer","Alias": "customer","Startup Cost": 0.00,"Total Cost": 4210.00,"Plan Rows": 62500,"Plan Width": 148,"Actual Startup Time": 0.025,"Actual Total Time": 28.533,"Actual Rows": 37500,"Actual Loops": 4,"Workers": []}]}]},{"Node Type": "Hash","Parent Relationship": "Inner","Parallel Aware": false,"Async Capable": false,"Startup Cost": 1.25,"Total Cost": 1.25,"Plan Rows": 25,"Plan Width": 108,"Actual Startup Time": 0.107,"Actual Total Time": 0.110,"Actual Rows": 25,"Actual Loops": 4,"Hash Buckets": 1024,"Original Hash Buckets": 1024,"Hash Batches": 1,"Original Hash Batches": 1,"Peak Memory Usage": 10,"Workers": [],"Plans": [{"Node Type": "Seq Scan","Parent Relationship": "Outer","Parallel Aware": false,"Async Capable": false,"Relation Name": "nation","Alias": "nation","Startup Cost": 0.00,"Total Cost": 1.25,"Plan Rows": 25,"Plan Width": 108,"Actual Startup Time": 0.074,"Actual Total Time": 0.080,"Actual Rows": 25,"Actual Loops": 4,"Workers": []}]}]}]}]}]},"Planning Time": 6.317,"Triggers": [],"Execution Time": 648.403}]
[{"Plan": {"Node Type": "Sort","Parallel Aware": false,"Async Capable": false,"Startup Cost": 134586.43,"Total Cost": 134734.30,"Plan Rows": 59150,"Plan Width": 280,"Actual Startup Time": 563.586,"Actual Total Time": 604.383,"Actual Rows": 37293,"Actual Loops": 1,"Sort Key": ["(sum((lineitem.l_extendedprice * ('1'::numeric - lineitem.l_discount)))) DESC"],"Sort Method": "quicksort","Sort Space Used": 9691,"Sort Space Type": "Memory","Plans": [{"Node Type": "Aggregate","Strategy": "Hashed","Partial Mode": "Simple","Parent Relationship": "Outer","Parallel Aware": false,"Async Capable": false,"Startup Cost": 129158.80,"Total Cost": 129898.17,"Plan Rows": 59150,"Plan Width": 280,"Actual Startup Time": 392.436,"Actual Total Time": 532.730,"Actual Rows": 37293,"Actual Loops": 1,"Group Key": ["customer.c_custkey", "nation.n_name"],"Planned Partitions": 0,"HashAgg Batches": 1,"Peak Memory Usage": 27665,"Disk Usage": 0,"Plans": [{"Node Type": "Gather","Parent Relationship": "Outer","Parallel Aware": false,"Async Capable": false,"Startup Cost": 6825.36,"Total Cost": 128419.42,"Plan Rows": 59150,"Plan Width": 260,"Actual Startup Time": 75.957,"Actual Total Time": 271.680,"Actual Rows": 108779,"Actual Loops": 1,"Workers Planned": 3,"Workers Launched": 3,"Single Copy": false,"Plans": [{"Node Type": "Hash Join","Parent Relationship": "Outer","Parallel Aware": false,"Async Capable": false,"Join Type": "Inner","Startup Cost": 5825.36,"Total Cost": 121504.42,"Plan Rows": 19081,"Plan Width": 260,"Actual Startup Time": 69.040,"Actual Total Time": 339.341,"Actual Rows": 27195,"Actual Loops": 4,"Inner Unique": true,"Hash Cond": "(customer.c_nationkey = nation.n_nationkey)","Workers": [],"Plans": [{"Node Type": "Hash Join","Parent Relationship": "Outer","Parallel Aware": true,"Async Capable": false,"Join Type": "Inner","Startup Cost": 5823.80,"Total Cost": 121444.28,"Plan Rows": 19081,"Plan Width": 160,"Actual Startup Time": 68.657,"Actual Total Time": 330.758,"Actual Rows": 27195,"Actual Loops": 4,"Inner Unique": true,"Hash Cond": "(orders.o_custkey = customer.c_custkey)","Workers": [],"Plans": [{"Node Type": "Nested Loop","Parent Relationship": "Outer","Parallel Aware": false,"Async Capable": false,"Join Type": "Inner","Startup Cost": 832.55,"Total Cost": 116402.95,"Plan Rows": 19081,"Plan Width": 16,"Actual Startup Time": 13.292,"Actual Total Time": 236.377,"Actual Rows": 27195,"Actual Loops": 4,"Inner Unique": false,"Workers": [],"Plans": [{"Node Type": "Bitmap Heap Scan","Parent Relationship": "Outer","Parallel Aware": true,"Async Capable": false,"Relation Name": "orders","Alias": "orders","Startup Cost": 832.11,"Total Cost": 27217.76,"Plan Rows": 19376,"Plan Width": 8,"Actual Startup Time": 13.230,"Actual Total Time": 65.610,"Actual Rows": 14144,"Actual Loops": 4,"Recheck Cond": "((o_orderdate >= '1994-12-01'::date) AND (o_orderdate < '1995-03-01 00:00:00'::timestamp without time zone))","Rows Removed by Index Recheck": 0,"Exact Heap Blocks": 3506,"Lossy Heap Blocks": 0,"Workers": [],"Plans": [{"Node Type": "Bitmap Index Scan","Parent Relationship": "Outer","Parallel Aware": false,"Async Capable": false,"Index Name": "idx_orders_orderdate","Startup Cost": 0.00,"Total Cost": 817.10,"Plan Rows": 60067,"Plan Width": 0,"Actual Startup Time": 10.114,"Actual Total Time": 10.122,"Actual Rows": 56577,"Actual Loops": 1,"Index Cond": "((o_orderdate >= '1994-12-01'::date) AND (o_orderdate < '1995-03-01 00:00:00'::timestamp without time zone))","Workers": []}]},{"Node Type": "Index Scan","Parent Relationship": "Inner","Parallel Aware": false,"Async Capable": false,"Scan Direction": "Forward","Index Name": "idx_lineitem_orderkey","Relation Name": "lineitem","Alias": "lineitem","Startup Cost": 0.43,"Total Cost": 4.56,"Plan Rows": 4,"Plan Width": 16,"Actual Startup Time": 0.010,"Actual Total Time": 0.012,"Actual Rows": 2,"Actual Loops": 56577,"Index Cond": "(l_orderkey = orders.o_orderkey)","Rows Removed by Index Recheck": 0,"Filter": "(l_returnflag = 'R'::bpchar)","Rows Removed by Filter": 2,"Workers": []}]},{"Node Type": "Hash","Parent Relationship": "Inner","Parallel Aware": true,"Async Capable": false,"Startup Cost": 4210.00,"Total Cost": 4210.00,"Plan Rows": 62500,"Plan Width": 148,"Actual Startup Time": 54.812,"Actual Total Time": 54.818,"Actual Rows": 37500,"Actual Loops": 4,"Hash Buckets": 262144,"Original Hash Buckets": 262144,"Hash Batches": 1,"Original Hash Batches": 1,"Peak Memory Usage": 29312,"Workers": [],"Plans": [{"Node Type": "Seq Scan","Parent Relationship": "Outer","Parallel Aware": true,"Async Capable": false,"Relation Name": "customer","Alias": "customer","Startup Cost": 0.00,"Total Cost": 4210.00,"Plan Rows": 62500,"Plan Width": 148,"Actual Startup Time": 0.022,"Actual Total Time": 23.786,"Actual Rows": 37500,"Actual Loops": 4,"Workers": []}]}]},{"Node Type": "Hash","Parent Relationship": "Inner","Parallel Aware": false,"Async Capable": false,"Startup Cost": 1.25,"Total Cost": 1.25,"Plan Rows": 25,"Plan Width": 108,"Actual Startup Time": 0.089,"Actual Total Time": 0.092,"Actual Rows": 25,"Actual Loops": 4,"Hash Buckets": 1024,"Original Hash Buckets": 1024,"Hash Batches": 1,"Original Hash Batches": 1,"Peak Memory Usage": 10,"Workers": [],"Plans": [{"Node Type": "Seq Scan","Parent Relationship": "Outer","Parallel Aware": false,"Async Capable": false,"Relation Name": "nation","Alias": "nation","Startup Cost": 0.00,"Total Cost": 1.25,"Plan Rows": 25,"Plan Width": 108,"Actual Startup Time": 0.062,"Actual Total Time": 0.067,"Actual Rows": 25,"Actual Loops": 4,"Workers": []}]}]}]}]}]},"Planning Time": 7.387,"Triggers": [],"Execution Time": 611.176}]
[{"Plan": {"Node Type": "Sort","Parallel Aware": false,"Async Capable": false,"Startup Cost": 130310.74,"Total Cost": 130450.54,"Plan Rows": 55918,"Plan Width": 280,"Actual Startup Time": 603.874,"Actual Total Time": 643.975,"Actual Rows": 37728,"Actual Loops": 1,"Sort Key": ["(sum((lineitem.l_extendedprice * ('1'::numeric - lineitem.l_discount)))) DESC"],"Sort Method": "quicksort","Sort Space Used": 9784,"Sort Space Type": "Memory","Plans": [{"Node Type": "Aggregate","Strategy": "Hashed","Partial Mode": "Simple","Parent Relationship": "Outer","Parallel Aware": false,"Async Capable": false,"Startup Cost": 125202.34,"Total Cost": 125901.32,"Plan Rows": 55918,"Plan Width": 280,"Actual Startup Time": 420.772,"Actual Total Time": 572.027,"Actual Rows": 37728,"Actual Loops": 1,"Group Key": ["customer.c_custkey", "nation.n_name"],"Planned Partitions": 0,"HashAgg Batches": 1,"Peak Memory Usage": 26129,"Disk Usage": 0,"Plans": [{"Node Type": "Gather","Parent Relationship": "Outer","Parallel Aware": false,"Async Capable": false,"Startup Cost": 6779.72,"Total Cost": 124503.37,"Plan Rows": 55918,"Plan Width": 260,"Actual Startup Time": 83.828,"Actual Total Time": 288.561,"Actual Rows": 114106,"Actual Loops": 1,"Workers Planned": 3,"Workers Launched": 3,"Single Copy": false,"Plans": [{"Node Type": "Hash Join","Parent Relationship": "Outer","Parallel Aware": false,"Async Capable": false,"Join Type": "Inner","Startup Cost": 5779.72,"Total Cost": 117911.57,"Plan Rows": 18038,"Plan Width": 260,"Actual Startup Time": 76.669,"Actual Total Time": 363.746,"Actual Rows": 28526,"Actual Loops": 4,"Inner Unique": true,"Hash Cond": "(customer.c_nationkey = nation.n_nationkey)","Workers": [],"Plans": [{"Node Type": "Hash Join","Parent Relationship": "Outer","Parallel Aware": true,"Async Capable": false,"Join Type": "Inner","Startup Cost": 5778.16,"Total Cost": 117854.62,"Plan Rows": 18038,"Plan Width": 160,"Actual Startup Time": 76.278,"Actual Total Time": 354.947,"Actual Rows": 28526,"Actual Loops": 4,"Inner Unique": true,"Hash Cond": "(orders.o_custkey = customer.c_custkey)","Workers": [],"Plans": [{"Node Type": "Nested Loop","Parent Relationship": "Outer","Parallel Aware": false,"Async Capable": false,"Join Type": "Inner","Startup Cost": 786.91,"Total Cost": 112816.03,"Plan Rows": 18038,"Plan Width": 16,"Actual Startup Time": 13.309,"Actual Total Time": 250.189,"Actual Rows": 28526,"Actual Loops": 4,"Inner Unique": false,"Workers": [],"Plans": [{"Node Type": "Bitmap Heap Scan","Parent Relationship": "Outer","Parallel Aware": true,"Async Capable": false,"Relation Name": "orders","Alias": "orders","Startup Cost": 786.47,"Total Cost": 27156.24,"Plan Rows": 18318,"Plan Width": 8,"Actual Startup Time": 13.234,"Actual Total Time": 69.997,"Actual Rows": 14148,"Actual Loops": 4,"Recheck Cond": "((o_orderdate >= '1993-09-01'::date) AND (o_orderdate < '1993-12-01 00:00:00'::timestamp without time zone))","Rows Removed by Index Recheck": 0,"Exact Heap Blocks": 3617,"Lossy Heap Blocks": 0,"Workers": [],"Plans": [{"Node Type": "Bitmap Index Scan","Parent Relationship": "Outer","Parallel Aware": false,"Async Capable": false,"Index Name": "idx_orders_orderdate","Startup Cost": 0.00,"Total Cost": 772.28,"Plan Rows": 56785,"Plan Width": 0,"Actual Startup Time": 10.161,"Actual Total Time": 10.165,"Actual Rows": 56592,"Actual Loops": 1,"Index Cond": "((o_orderdate >= '1993-09-01'::date) AND (o_orderdate < '1993-12-01 00:00:00'::timestamp without time zone))","Workers": []}]},{"Node Type": "Index Scan","Parent Relationship": "Inner","Parallel Aware": false,"Async Capable": false,"Scan Direction": "Forward","Index Name": "idx_lineitem_orderkey","Relation Name": "lineitem","Alias": "lineitem","Startup Cost": 0.43,"Total Cost": 4.64,"Plan Rows": 4,"Plan Width": 16,"Actual Startup Time": 0.010,"Actual Total Time": 0.012,"Actual Rows": 2,"Actual Loops": 56592,"Index Cond": "(l_orderkey = orders.o_orderkey)","Rows Removed by Index Recheck": 0,"Filter": "(l_returnflag = 'R'::bpchar)","Rows Removed by Filter": 2,"Workers": []}]},{"Node Type": "Hash","Parent Relationship": "Inner","Parallel Aware": true,"Async Capable": false,"Startup Cost": 4210.00,"Total Cost": 4210.00,"Plan Rows": 62500,"Plan Width": 148,"Actual Startup Time": 62.426,"Actual Total Time": 62.432,"Actual Rows": 37500,"Actual Loops": 4,"Hash Buckets": 262144,"Original Hash Buckets": 262144,"Hash Batches": 1,"Original Hash Batches": 1,"Peak Memory Usage": 29312,"Workers": [],"Plans": [{"Node Type": "Seq Scan","Parent Relationship": "Outer","Parallel Aware": true,"Async Capable": false,"Relation Name": "customer","Alias": "customer","Startup Cost": 0.00,"Total Cost": 4210.00,"Plan Rows": 62500,"Plan Width": 148,"Actual Startup Time": 0.023,"Actual Total Time": 26.530,"Actual Rows": 37500,"Actual Loops": 4,"Workers": []}]}]},{"Node Type": "Hash","Parent Relationship": "Inner","Parallel Aware": false,"Async Capable": false,"Startup Cost": 1.25,"Total Cost": 1.25,"Plan Rows": 25,"Plan Width": 108,"Actual Startup Time": 0.095,"Actual Total Time": 0.100,"Actual Rows": 25,"Actual Loops": 4,"Hash Buckets": 1024,"Original Hash Buckets": 1024,"Hash Batches": 1,"Original Hash Batches": 1,"Peak Memory Usage": 10,"Workers": [],"Plans": [{"Node Type": "Seq Scan","Parent Relationship": "Outer","Parallel Aware": false,"Async Capable": false,"Relation Name": "nation","Alias": "nation","Startup Cost": 0.00,"Total Cost": 1.25,"Plan Rows": 25,"Plan Width": 108,"Actual Startup Time": 0.059,"Actual Total Time": 0.065,"Actual Rows": 25,"Actual Loops": 4,"Workers": []}]}]}]}]}]},"Planning Time": 7.546,"Triggers": [],"Execution Time": 648.224}]
[{"Plan": {"Node Type": "Sort","Parallel Aware": false,"Async Capable": false,"Startup Cost": 132293.09,"Total Cost": 132436.61,"Plan Rows": 57411,"Plan Width": 280,"Actual Startup Time": 612.013,"Actual Total Time": 652.224,"Actual Rows": 37922,"Actual Loops": 1,"Sort Key": ["(sum((lineitem.l_extendedprice * ('1'::numeric - lineitem.l_discount)))) DESC"],"Sort Method": "quicksort","Sort Space Used": 9827,"Sort Space Type": "Memory","Plans": [{"Node Type": "Aggregate","Strategy": "Hashed","Partial Mode": "Simple","Parent Relationship": "Outer","Parallel Aware": false,"Async Capable": false,"Startup Cost": 127037.38,"Total Cost": 127755.02,"Plan Rows": 57411,"Plan Width": 280,"Actual Startup Time": 427.597,"Actual Total Time": 578.840,"Actual Rows": 37922,"Actual Loops": 1,"Group Key": ["customer.c_custkey", "nation.n_name"],"Planned Partitions": 0,"HashAgg Batches": 1,"Peak Memory Usage": 26129,"Disk Usage": 0,"Plans": [{"Node Type": "Gather","Parent Relationship": "Outer","Parallel Aware": false,"Async Capable": false,"Startup Cost": 6799.26,"Total Cost": 126319.75,"Plan Rows": 57411,"Plan Width": 260,"Actual Startup Time": 84.985,"Actual Total Time": 295.027,"Actual Rows": 114929,"Actual Loops": 1,"Workers Planned": 3,"Workers Launched": 3,"Single Copy": false,"Plans": [{"Node Type": "Hash Join","Parent Relationship": "Outer","Parallel Aware": false,"Async Capable": false,"Join Type": "Inner","Startup Cost": 5799.26,"Total Cost": 119578.65,"Plan Rows": 18520,"Plan Width": 260,"Actual Startup Time": 77.490,"Actual Total Time": 369.817,"Actual Rows": 28732,"Actual Loops": 4,"Inner Unique": true,"Hash Cond": "(customer.c_nationkey = nation.n_nationkey)","Workers": [],"Plans": [{"Node Type": "Hash Join","Parent Relationship": "Outer","Parallel Aware": true,"Async Capable": false,"Join Type": "Inner","Startup Cost": 5797.70,"Total Cost": 119520.23,"Plan Rows": 18520,"Plan Width": 160,"Actual Startup Time": 77.066,"Actual Total Time": 360.808,"Actual Rows": 28732,"Actual Loops": 4,"Inner Unique": true,"Hash Cond": "(orders.o_custkey = customer.c_custkey)","Workers": [],"Plans": [{"Node Type": "Nested Loop","Parent Relationship": "Outer","Parallel Aware": false,"Async Capable": false,"Join Type": "Inner","Startup Cost": 806.45,"Total Cost": 114480.36,"Plan Rows": 18520,"Plan Width": 16,"Actual Startup Time": 13.430,"Actual Total Time": 255.437,"Actual Rows": 28732,"Actual Loops": 4,"Inner Unique": false,"Workers": [],"Plans": [{"Node Type": "Bitmap Heap Scan","Parent Relationship": "Outer","Parallel Aware": true,"Async Capable": false,"Relation Name": "orders","Alias": "orders","Startup Cost": 806.01,"Total Cost": 27183.11,"Plan Rows": 18807,"Plan Width": 8,"Actual Startup Time": 13.367,"Actual Total Time": 72.208,"Actual Rows": 14355,"Actual Loops": 4,"Recheck Cond": "((o_orderdate >= '1994-03-01'::date) AND (o_orderdate < '1994-06-01 00:00:00'::timestamp without time zone))","Rows Removed by Index Recheck": 0,"Exact Heap Blocks": 3712,"Lossy Heap Blocks": 0,"Workers": [],"Plans": [{"Node Type": "Bitmap Index Scan","Parent Relationship": "Outer","Parallel Aware": false,"Async Capable": false,"Index Name": "idx_orders_orderdate","Startup Cost": 0.00,"Total Cost": 791.44,"Plan Rows": 58301,"Plan Width": 0,"Actual Startup Time": 10.180,"Actual Total Time": 10.183,"Actual Rows": 57420,"Actual Loops": 1,"Index Cond": "((o_orderdate >= '1994-03-01'::date) AND (o_orderdate < '1994-06-01 00:00:00'::timestamp without time zone))","Workers": []}]},{"Node Type": "Index Scan","Parent Relationship": "Inner","Parallel Aware": false,"Async Capable": false,"Scan Direction": "Forward","Index Name": "idx_lineitem_orderkey","Relation Name": "lineitem","Alias": "lineitem","Startup Cost": 0.43,"Total Cost": 4.60,"Plan Rows": 4,"Plan Width": 16,"Actual Startup Time": 0.010,"Actual Total Time": 0.012,"Actual Rows": 2,"Actual Loops": 57420,"Index Cond": "(l_orderkey = orders.o_orderkey)","Rows Removed by Index Recheck": 0,"Filter": "(l_returnflag = 'R'::bpchar)","Rows Removed by Filter": 2,"Workers": []}]},{"Node Type": "Hash","Parent Relationship": "Inner","Parallel Aware": true,"Async Capable": false,"Startup Cost": 4210.00,"Total Cost": 4210.00,"Plan Rows": 62500,"Plan Width": 148,"Actual Startup Time": 63.095,"Actual Total Time": 63.101,"Actual Rows": 37500,"Actual Loops": 4,"Hash Buckets": 262144,"Original Hash Buckets": 262144,"Hash Batches": 1,"Original Hash Batches": 1,"Peak Memory Usage": 29280,"Workers": [],"Plans": [{"Node Type": "Seq Scan","Parent Relationship": "Outer","Parallel Aware": true,"Async Capable": false,"Relation Name": "customer","Alias": "customer","Startup Cost": 0.00,"Total Cost": 4210.00,"Plan Rows": 62500,"Plan Width": 148,"Actual Startup Time": 0.041,"Actual Total Time": 28.071,"Actual Rows": 37500,"Actual Loops": 4,"Workers": []}]}]},{"Node Type": "Hash","Parent Relationship": "Inner","Parallel Aware": false,"Async Capable": false,"Startup Cost": 1.25,"Total Cost": 1.25,"Plan Rows": 25,"Plan Width": 108,"Actual Startup Time": 0.097,"Actual Total Time": 0.101,"Actual Rows": 25,"Actual Loops": 4,"Hash Buckets": 1024,"Original Hash Buckets": 1024,"Hash Batches": 1,"Original Hash Batches": 1,"Peak Memory Usage": 10,"Workers": [],"Plans": [{"Node Type": "Seq Scan","Parent Relationship": "Outer","Parallel Aware": false,"Async Capable": false,"Relation Name": "nation","Alias": "nation","Startup Cost": 0.00,"Total Cost": 1.25,"Plan Rows": 25,"Plan Width": 108,"Actual Startup Time": 0.065,"Actual Total Time": 0.071,"Actual Rows": 25,"Actual Loops": 4,"Workers": []}]}]}]}]}]},"Planning Time": 6.342,"Triggers": [],"Execution Time": 656.718}]
[{"Plan": {"Node Type": "Sort","Parallel Aware": false,"Async Capable": false,"Startup Cost": 132365.07,"Total Cost": 132508.74,"Plan Rows": 57466,"Plan Width": 280,"Actual Startup Time": 604.092,"Actual Total Time": 644.113,"Actual Rows": 37690,"Actual Loops": 1,"Sort Key": ["(sum((lineitem.l_extendedprice * ('1'::numeric - lineitem.l_discount)))) DESC"],"Sort Method": "quicksort","Sort Space Used": 9779,"Sort Space Type": "Memory","Plans": [{"Node Type": "Aggregate","Strategy": "Hashed","Partial Mode": "Simple","Parent Relationship": "Outer","Parallel Aware": false,"Async Capable": false,"Startup Cost": 127103.94,"Total Cost": 127822.26,"Plan Rows": 57466,"Plan Width": 280,"Actual Startup Time": 420.502,"Actual Total Time": 570.586,"Actual Rows": 37690,"Actual Loops": 1,"Group Key": ["customer.c_custkey", "nation.n_name"],"Planned Partitions": 0,"HashAgg Batches": 1,"Peak Memory Usage": 26129,"Disk Usage": 0,"Plans": [{"Node Type": "Gather","Parent Relationship": "Outer","Parallel Aware": false,"Async Capable": false,"Startup Cost": 6799.83,"Total Cost": 126385.61,"Plan Rows": 57466,"Plan Width": 260,"Actual Startup Time": 84.807,"Actual Total Time": 291.020,"Actual Rows": 113599,"Actual Loops": 1,"Workers Planned": 3,"Workers Launched": 3,"Single Copy": false,"Plans": [{"Node Type": "Hash Join","Parent Relationship": "Outer","Parallel Aware": false,"Async Capable": false,"Join Type": "Inner","Startup Cost": 5799.83,"Total Cost": 119639.01,"Plan Rows": 18537,"Plan Width": 260,"Actual Startup Time": 77.448,"Actual Total Time": 365.330,"Actual Rows": 28400,"Actual Loops": 4,"Inner Unique": true,"Hash Cond": "(customer.c_nationkey = nation.n_nationkey)","Workers": [],"Plans": [{"Node Type": "Hash Join","Parent Relationship": "Outer","Parallel Aware": true,"Async Capable": false,"Join Type": "Inner","Startup Cost": 5798.27,"Total Cost": 119580.55,"Plan Rows": 18537,"Plan Width": 160,"Actual Startup Time": 76.978,"Actual Total Time": 356.100,"Actual Rows": 28400,"Actual Loops": 4,"Inner Unique": true,"Hash Cond": "(orders.o_custkey = customer.c_custkey)","Workers": [],"Plans": [{"Node Type": "Nested Loop","Parent Relationship": "Outer","Parallel Aware": false,"Async Capable": false,"Join Type": "Inner","Startup Cost": 807.02,"Total Cost": 114540.64,"Plan Rows": 18537,"Plan Width": 16,"Actual Startup Time": 13.069,"Actual Total Time": 252.235,"Actual Rows": 28400,"Actual Loops": 4,"Inner Unique": false,"Workers": [],"Plans": [{"Node Type": "Bitmap Heap Scan","Parent Relationship": "Outer","Parallel Aware": true,"Async Capable": false,"Relation Name": "orders","Alias": "orders","Startup Cost": 806.59,"Total Cost": 27183.96,"Plan Rows": 18825,"Plan Width": 8,"Actual Startup Time": 13.002,"Actual Total Time": 70.665,"Actual Rows": 14161,"Actual Loops": 4,"Recheck Cond": "((o_orderdate >= '1994-04-01'::date) AND (o_orderdate < '1994-07-01 00:00:00'::timestamp without time zone))","Rows Removed by Index Recheck": 0,"Exact Heap Blocks": 3668,"Lossy Heap Blocks": 0,"Workers": [],"Plans": [{"Node Type": "Bitmap Index Scan","Parent Relationship": "Outer","Parallel Aware": false,"Async Capable": false,"Index Name": "idx_orders_orderdate","Startup Cost": 0.00,"Total Cost": 792.00,"Plan Rows": 58357,"Plan Width": 0,"Actual Startup Time": 9.907,"Actual Total Time": 9.915,"Actual Rows": 56645,"Actual Loops": 1,"Index Cond": "((o_orderdate >= '1994-04-01'::date) AND (o_orderdate < '1994-07-01 00:00:00'::timestamp without time zone))","Workers": []}]},{"Node Type": "Index Scan","Parent Relationship": "Inner","Parallel Aware": false,"Async Capable": false,"Scan Direction": "Forward","Index Name": "idx_lineitem_orderkey","Relation Name": "lineitem","Alias": "lineitem","Startup Cost": 0.43,"Total Cost": 4.60,"Plan Rows": 4,"Plan Width": 16,"Actual Startup Time": 0.010,"Actual Total Time": 0.012,"Actual Rows": 2,"Actual Loops": 56645,"Index Cond": "(l_orderkey = orders.o_orderkey)","Rows Removed by Index Recheck": 0,"Filter": "(l_returnflag = 'R'::bpchar)","Rows Removed by Filter": 2,"Workers": []}]},{"Node Type": "Hash","Parent Relationship": "Inner","Parallel Aware": true,"Async Capable": false,"Startup Cost": 4210.00,"Total Cost": 4210.00,"Plan Rows": 62500,"Plan Width": 148,"Actual Startup Time": 63.332,"Actual Total Time": 63.338,"Actual Rows": 37500,"Actual Loops": 4,"Hash Buckets": 262144,"Original Hash Buckets": 262144,"Hash Batches": 1,"Original Hash Batches": 1,"Peak Memory Usage": 29344,"Workers": [],"Plans": [{"Node Type": "Seq Scan","Parent Relationship": "Outer","Parallel Aware": true,"Async Capable": false,"Relation Name": "customer","Alias": "customer","Startup Cost": 0.00,"Total Cost": 4210.00,"Plan Rows": 62500,"Plan Width": 148,"Actual Startup Time": 0.025,"Actual Total Time": 28.533,"Actual Rows": 37500,"Actual Loops": 4,"Workers": []}]}]},{"Node Type": "Hash","Parent Relationship": "Inner","Parallel Aware": false,"Async Capable": false,"Startup Cost": 1.25,"Total Cost": 1.25,"Plan Rows": 25,"Plan Width": 108,"Actual Startup Time": 0.107,"Actual Total Time": 0.110,"Actual Rows": 25,"Actual Loops": 4,"Hash Buckets": 1024,"Original Hash Buckets": 1024,"Hash Batches": 1,"Original Hash Batches": 1,"Peak Memory Usage": 10,"Workers": [],"Plans": [{"Node Type": "Seq Scan","Parent Relationship": "Outer","Parallel Aware": false,"Async Capable": false,"Relation Name": "nation","Alias": "nation","Startup Cost": 0.00,"Total Cost": 1.25,"Plan Rows": 25,"Plan Width": 108,"Actual Startup Time": 0.074,"Actual Total Time": 0.080,"Actual Rows": 25,"Actual Loops": 4,"Workers": []}]}]}]}]}]},"Planning Time": 6.317,"Triggers": [],"Execution Time": 648.403}]
[{"Plan": {"Node Type": "Sort","Parallel Aware": false,"Async Capable": false,"Startup Cost": 132006.18,"Total Cost": 132149.16,"Plan Rows": 57194,"Plan Width": 280,"Actual Startup Time": 619.069,"Actual Total Time": 657.587,"Actual Rows": 38097,"Actual Loops": 1,"Sort Key": ["(sum((lineitem.l_extendedprice * ('1'::numeric - lineitem.l_discount)))) DESC"],"Sort Method": "quicksort","Sort Space Used": 9867,"Sort Space Type": "Memory","Plans": [{"Node Type": "Aggregate","Strategy": "Hashed","Partial Mode": "Simple","Parent Relationship": "Outer","Parallel Aware": false,"Async Capable": false,"Startup Cost": 126771.91,"Total Cost": 127486.83,"Plan Rows": 57194,"Plan Width": 280,"Actual Startup Time": 426.706,"Actual Total Time": 585.981,"Actual Rows": 38097,"Actual Loops": 1,"Group Key": ["customer.c_custkey", "nation.n_name"],"Planned Partitions": 0,"HashAgg Batches": 1,"Peak Memory Usage": 26129,"Disk Usage": 0,"Plans": [{"Node Type": "Gather","Parent Relationship": "Outer","Parallel Aware": false,"Async Capable": false,"Startup Cost": 6797.00,"Total Cost": 126056.98,"Plan Rows": 57194,"Plan Width": 260,"Actual Startup Time": 85.005,"Actual Total Time": 294.440,"Actual Rows": 114700,"Actual Loops": 1,"Workers Planned": 3,"Workers Launched": 3,"Single Copy": false,"Plans": [{"Node Type": "Hash Join","Parent Relationship": "Outer","Parallel Aware": false,"Async Capable": false,"Join Type": "Inner","Startup Cost": 5797.00,"Total Cost": 119337.58,"Plan Rows": 18450,"Plan Width": 260,"Actual Startup Time": 77.864,"Actual Total Time": 370.283,"Actual Rows": 28675,"Actual Loops": 4,"Inner Unique": true,"Hash Cond": "(customer.c_nationkey = nation.n_nationkey)","Workers": [],"Plans": [{"Node Type": "Hash Join","Parent Relationship": "Outer","Parallel Aware": true,"Async Capable": false,"Join Type": "Inner","Startup Cost": 5795.44,"Total Cost": 119279.38,"Plan Rows": 18450,"Plan Width": 160,"Actual Startup Time": 77.458,"Actual Total Time": 360.463,"Actual Rows": 28675,"Actual Loops": 4,"Inner Unique": true,"Hash Cond": "(orders.o_custkey = customer.c_custkey)","Workers": [],"Plans": [{"Node Type": "Nested Loop","Parent Relationship": "Outer","Parallel Aware": false,"Async Capable": false,"Join Type": "Inner","Startup Cost": 804.19,"Total Cost": 114239.70,"Plan Rows": 18450,"Plan Width": 16,"Actual Startup Time": 13.282,"Actual Total Time": 254.673,"Actual Rows": 28675,"Actual Loops": 4,"Inner Unique": false,"Workers": [],"Plans": [{"Node Type": "Bitmap Heap Scan","Parent Relationship": "Outer","Parallel Aware": true,"Async Capable": false,"Relation Name": "orders","Alias": "orders","Startup Cost": 803.76,"Total Cost": 27179.79,"Plan Rows": 18736,"Plan Width": 8,"Actual Startup Time": 13.232,"Actual Total Time": 71.774,"Actual Rows": 14328,"Actual Loops": 4,"Recheck Cond": "((o_orderdate >= '1994-05-01'::date) AND (o_orderdate < '1994-08-01 00:00:00'::timestamp without time zone))","Rows Removed by Index Recheck": 0,"Exact Heap Blocks": 3671,"Lossy Heap Blocks": 0,"Workers": [],"Plans": [{"Node Type": "Bitmap Index Scan","Parent Relationship": "Outer","Parallel Aware": false,"Async Capable": false,"Index Name": "idx_orders_orderdate","Startup Cost": 0.00,"Total Cost": 789.24,"Plan Rows": 58081,"Plan Width": 0,"Actual Startup Time": 10.132,"Actual Total Time": 10.140,"Actual Rows": 57311,"Actual Loops": 1,"Index Cond": "((o_orderdate >= '1994-05-01'::date) AND (o_orderdate < '1994-08-01 00:00:00'::timestamp without time zone))","Workers": []}]},{"Node Type": "Index Scan","Parent Relationship": "Inner","Parallel Aware": false,"Async Capable": false,"Scan Direction": "Forward","Index Name": "idx_lineitem_orderkey","Relation Name": "lineitem","Alias": "lineitem","Startup Cost": 0.43,"Total Cost": 4.61,"Plan Rows": 4,"Plan Width": 16,"Actual Startup Time": 0.010,"Actual Total Time": 0.012,"Actual Rows": 2,"Actual Loops": 57311,"Index Cond": "(l_orderkey = orders.o_orderkey)","Rows Removed by Index Recheck": 0,"Filter": "(l_returnflag = 'R'::bpchar)","Rows Removed by Filter": 2,"Workers": []}]},{"Node Type": "Hash","Parent Relationship": "Inner","Parallel Aware": true,"Async Capable": false,"Startup Cost": 4210.00,"Total Cost": 4210.00,"Plan Rows": 62500,"Plan Width": 148,"Actual Startup Time": 63.588,"Actual Total Time": 63.595,"Actual Rows": 37500,"Actual Loops": 4,"Hash Buckets": 262144,"Original Hash Buckets": 262144,"Hash Batches": 1,"Original Hash Batches": 1,"Peak Memory Usage": 29312,"Workers": [],"Plans": [{"Node Type": "Seq Scan","Parent Relationship": "Outer","Parallel Aware": true,"Async Capable": false,"Relation Name": "customer","Alias": "customer","Startup Cost": 0.00,"Total Cost": 4210.00,"Plan Rows": 62500,"Plan Width": 148,"Actual Startup Time": 0.027,"Actual Total Time": 28.105,"Actual Rows": 37500,"Actual Loops": 4,"Workers": []}]}]},{"Node Type": "Hash","Parent Relationship": "Inner","Parallel Aware": false,"Async Capable": false,"Startup Cost": 1.25,"Total Cost": 1.25,"Plan Rows": 25,"Plan Width": 108,"Actual Startup Time": 0.090,"Actual Total Time": 0.096,"Actual Rows": 25,"Actual Loops": 4,"Hash Buckets": 1024,"Original Hash Buckets": 1024,"Hash Batches": 1,"Original Hash Batches": 1,"Peak Memory Usage": 10,"Workers": [],"Plans": [{"Node Type": "Seq Scan","Parent Relationship": "Outer","Parallel Aware": false,"Async Capable": false,"Relation Name": "nation","Alias": "nation","Startup Cost": 0.00,"Total Cost": 1.25,"Plan Rows": 25,"Plan Width": 108,"Actual Startup Time": 0.060,"Actual Total Time": 0.066,"Actual Rows": 25,"Actual Loops": 4,"Workers": []}]}]}]}]}]},"Planning Time": 6.734,"Triggers": [],"Execution Time": 661.786}]
[{"Plan": {"Node Type": "Sort","Parallel Aware": false,"Async Capable": false,"Startup Cost": 135821.55,"Total Cost": 135971.77,"Plan Rows": 60088,"Plan Width": 280,"Actual Startup Time": 612.241,"Actual Total Time": 654.721,"Actual Rows": 38271,"Actual Loops": 1,"Sort Key": ["(sum((lineitem.l_extendedprice * ('1'::numeric - lineitem.l_discount)))) DESC"],"Sort Method": "quicksort","Sort Space Used": 9908,"Sort Space Type": "Memory","Plans": [{"Node Type": "Aggregate","Strategy": "Hashed","Partial Mode": "Simple","Parent Relationship": "Outer","Parallel Aware": false,"Async Capable": false,"Startup Cost": 130301.02,"Total Cost": 131052.12,"Plan Rows": 60088,"Plan Width": 280,"Actual Startup Time": 429.301,"Actual Total Time": 581.634,"Actual Rows": 38271,"Actual Loops": 1,"Group Key": ["customer.c_custkey", "nation.n_name"],"Planned Partitions": 0,"HashAgg Batches": 1,"Peak Memory Usage": 27665,"Disk Usage": 0,"Plans": [{"Node Type": "Gather","Parent Relationship": "Outer","Parallel Aware": false,"Async Capable": false,"Startup Cost": 6839.13,"Total Cost": 129549.92,"Plan Rows": 60088,"Plan Width": 260,"Actual Startup Time": 85.611,"Actual Total Time": 294.175,"Actual Rows": 115282,"Actual Loops": 1,"Workers Planned": 3,"Workers Launched": 3,"Single Copy": false,"Plans": [{"Node Type": "Hash Join","Parent Relationship": "Outer","Parallel Aware": false,"Async Capable": false,"Join Type": "Inner","Startup Cost": 5839.13,"Total Cost": 122541.12,"Plan Rows": 19383,"Plan Width": 260,"Actual Startup Time": 78.447,"Actual Total Time": 371.364,"Actual Rows": 28820,"Actual Loops": 4,"Inner Unique": true,"Hash Cond": "(customer.c_nationkey = nation.n_nationkey)","Workers": [],"Plans": [{"Node Type": "Hash Join","Parent Relationship": "Outer","Parallel Aware": true,"Async Capable": false,"Join Type": "Inner","Startup Cost": 5837.56,"Total Cost": 122480.06,"Plan Rows": 19383,"Plan Width": 160,"Actual Startup Time": 78.051,"Actual Total Time": 362.469,"Actual Rows": 28820,"Actual Loops": 4,"Inner Unique": true,"Hash Cond": "(orders.o_custkey = customer.c_custkey)","Workers": [],"Plans": [{"Node Type": "Nested Loop","Parent Relationship": "Outer","Parallel Aware": false,"Async Capable": false,"Join Type": "Inner","Startup Cost": 846.31,"Total Cost": 117437.93,"Plan Rows": 19383,"Plan Width": 16,"Actual Startup Time": 13.660,"Actual Total Time": 255.763,"Actual Rows": 28820,"Actual Loops": 4,"Inner Unique": false,"Workers": [],"Plans": [{"Node Type": "Bitmap Heap Scan","Parent Relationship": "Outer","Parallel Aware": true,"Async Capable": false,"Relation Name": "orders","Alias": "orders","Startup Cost": 845.88,"Total Cost": 27236.14,"Plan Rows": 19684,"Plan Width": 8,"Actual Startup Time": 13.594,"Actual Total Time": 71.334,"Actual Rows": 14421,"Actual Loops": 4,"Recheck Cond": "((o_orderdate >= '1994-11-01'::date) AND (o_orderdate < '1995-02-01 00:00:00'::timestamp without time zone))","Rows Removed by Index Recheck": 0,"Exact Heap Blocks": 3552,"Lossy Heap Blocks": 0,"Workers": [],"Plans": [{"Node Type": "Bitmap Index Scan","Parent Relationship": "Outer","Parallel Aware": false,"Async Capable": false,"Index Name": "idx_orders_orderdate","Startup Cost": 0.00,"Total Cost": 830.63,"Plan Rows": 61020,"Plan Width": 0,"Actual Startup Time": 10.499,"Actual Total Time": 10.499,"Actual Rows": 57683,"Actual Loops": 1,"Index Cond": "((o_orderdate >= '1994-11-01'::date) AND (o_orderdate < '1995-02-01 00:00:00'::timestamp without time zone))","Workers": []}]},{"Node Type": "Index Scan","Parent Relationship": "Inner","Parallel Aware": false,"Async Capable": false,"Scan Direction": "Forward","Index Name": "idx_lineitem_orderkey","Relation Name": "lineitem","Alias": "lineitem","Startup Cost": 0.43,"Total Cost": 4.54,"Plan Rows": 4,"Plan Width": 16,"Actual Startup Time": 0.010,"Actual Total Time": 0.012,"Actual Rows": 2,"Actual Loops": 57683,"Index Cond": "(l_orderkey = orders.o_orderkey)","Rows Removed by Index Recheck": 0,"Filter": "(l_returnflag = 'R'::bpchar)","Rows Removed by Filter": 2,"Workers": []}]},{"Node Type": "Hash","Parent Relationship": "Inner","Parallel Aware": true,"Async Capable": false,"Startup Cost": 4210.00,"Total Cost": 4210.00,"Plan Rows": 62500,"Plan Width": 148,"Actual Startup Time": 63.847,"Actual Total Time": 63.854,"Actual Rows": 37500,"Actual Loops": 4,"Hash Buckets": 262144,"Original Hash Buckets": 262144,"Hash Batches": 1,"Original Hash Batches": 1,"Peak Memory Usage": 29312,"Workers": [],"Plans": [{"Node Type": "Seq Scan","Parent Relationship": "Outer","Parallel Aware": true,"Async Capable": false,"Relation Name": "customer","Alias": "customer","Startup Cost": 0.00,"Total Cost": 4210.00,"Plan Rows": 62500,"Plan Width": 148,"Actual Startup Time": 0.028,"Actual Total Time": 27.532,"Actual Rows": 37500,"Actual Loops": 4,"Workers": []}]}]},{"Node Type": "Hash","Parent Relationship": "Inner","Parallel Aware": false,"Async Capable": false,"Startup Cost": 1.25,"Total Cost": 1.25,"Plan Rows": 25,"Plan Width": 108,"Actual Startup Time": 0.090,"Actual Total Time": 0.096,"Actual Rows": 25,"Actual Loops": 4,"Hash Buckets": 1024,"Original Hash Buckets": 1024,"Hash Batches": 1,"Original Hash Batches": 1,"Peak Memory Usage": 10,"Workers": [],"Plans": [{"Node Type": "Seq Scan","Parent Relationship": "Outer","Parallel Aware": false,"Async Capable": false,"Relation Name": "nation","Alias": "nation","Startup Cost": 0.00,"Total Cost": 1.25,"Plan Rows": 25,"Plan Width": 108,"Actual Startup Time": 0.058,"Actual Total Time": 0.065,"Actual Rows": 25,"Actual Loops": 4,"Workers": []}]}]}]}]}]},"Planning Time": 7.427,"Triggers": [],"Execution Time": 660.359}]
[{"Plan": {"Node Type": "Sort","Parallel Aware": false,"Async Capable": false,"Startup Cost": 129285.16,"Total Cost": 129423.04,"Plan Rows": 55152,"Plan Width": 280,"Actual Startup Time": 594.195,"Actual Total Time": 635.058,"Actual Rows": 37857,"Actual Loops": 1,"Sort Key": ["(sum((lineitem.l_extendedprice * ('1'::numeric - lineitem.l_discount)))) DESC"],"Sort Method": "quicksort","Sort Space Used": 9823,"Sort Space Type": "Memory","Plans": [{"Node Type": "Aggregate","Strategy": "Hashed","Partial Mode": "Simple","Parent Relationship": "Outer","Parallel Aware": false,"Async Capable": false,"Startup Cost": 124252.23,"Total Cost": 124941.63,"Plan Rows": 55152,"Plan Width": 280,"Actual Startup Time": 414.188,"Actual Total Time": 557.916,"Actual Rows": 37857,"Actual Loops": 1,"Group Key": ["customer.c_custkey", "nation.n_name"],"Planned Partitions": 0,"HashAgg Batches": 1,"Peak Memory Usage": 26129,"Disk Usage": 0,"Plans": [{"Node Type": "Gather","Parent Relationship": "Outer","Parallel Aware": false,"Async Capable": false,"Startup Cost": 6767.74,"Total Cost": 123562.83,"Plan Rows": 55152,"Plan Width": 260,"Actual Startup Time": 77.793,"Actual Total Time": 289.359,"Actual Rows": 114326,"Actual Loops": 1,"Workers Planned": 3,"Workers Launched": 3,"Single Copy": false,"Plans": [{"Node Type": "Hash Join","Parent Relationship": "Outer","Parallel Aware": false,"Async Capable": false,"Join Type": "Inner","Startup Cost": 5767.74,"Total Cost": 117047.63,"Plan Rows": 17791,"Plan Width": 260,"Actual Startup Time": 70.168,"Actual Total Time": 358.948,"Actual Rows": 28582,"Actual Loops": 4,"Inner Unique": true,"Hash Cond": "(customer.c_nationkey = nation.n_nationkey)","Workers": [],"Plans": [{"Node Type": "Hash Join","Parent Relationship": "Outer","Parallel Aware": true,"Async Capable": false,"Join Type": "Inner","Startup Cost": 5766.18,"Total Cost": 116991.45,"Plan Rows": 17791,"Plan Width": 160,"Actual Startup Time": 69.698,"Actual Total Time": 349.487,"Actual Rows": 28582,"Actual Loops": 4,"Inner Unique": true,"Hash Cond": "(orders.o_custkey = customer.c_custkey)","Workers": [],"Plans": [{"Node Type": "Nested Loop","Parent Relationship": "Outer","Parallel Aware": false,"Async Capable": false,"Join Type": "Inner","Startup Cost": 774.93,"Total Cost": 111953.49,"Plan Rows": 17791,"Plan Width": 16,"Actual Startup Time": 12.978,"Actual Total Time": 249.911,"Actual Rows": 28582,"Actual Loops": 4,"Inner Unique": false,"Workers": [],"Plans": [{"Node Type": "Bitmap Heap Scan","Parent Relationship": "Outer","Parallel Aware": true,"Async Capable": false,"Relation Name": "orders","Alias": "orders","Startup Cost": 774.50,"Total Cost": 27140.50,"Plan Rows": 18067,"Plan Width": 8,"Actual Startup Time": 12.915,"Actual Total Time": 70.510,"Actual Rows": 14320,"Actual Loops": 4,"Recheck Cond": "((o_orderdate >= '1993-06-01'::date) AND (o_orderdate < '1993-09-01 00:00:00'::timestamp without time zone))","Rows Removed by Index Recheck": 0,"Exact Heap Blocks": 3550,"Lossy Heap Blocks": 0,"Workers": [],"Plans": [{"Node Type": "Bitmap Index Scan","Parent Relationship": "Outer","Parallel Aware": false,"Async Capable": false,"Index Name": "idx_orders_orderdate","Startup Cost": 0.00,"Total Cost": 760.50,"Plan Rows": 56007,"Plan Width": 0,"Actual Startup Time": 9.843,"Actual Total Time": 9.846,"Actual Rows": 57280,"Actual Loops": 1,"Index Cond": "((o_orderdate >= '1993-06-01'::date) AND (o_orderdate < '1993-09-01 00:00:00'::timestamp without time zone))","Workers": []}]},{"Node Type": "Index Scan","Parent Relationship": "Inner","Parallel Aware": false,"Async Capable": false,"Scan Direction": "Forward","Index Name": "idx_lineitem_orderkey","Relation Name": "lineitem","Alias": "lineitem","Startup Cost": 0.43,"Total Cost": 4.65,"Plan Rows": 4,"Plan Width": 16,"Actual Startup Time": 0.010,"Actual Total Time": 0.012,"Actual Rows": 2,"Actual Loops": 57280,"Index Cond": "(l_orderkey = orders.o_orderkey)","Rows Removed by Index Recheck": 0,"Filter": "(l_returnflag = 'R'::bpchar)","Rows Removed by Filter": 2,"Workers": []}]},{"Node Type": "Hash","Parent Relationship": "Inner","Parallel Aware": true,"Async Capable": false,"Startup Cost": 4210.00,"Total Cost": 4210.00,"Plan Rows": 62500,"Plan Width": 148,"Actual Startup Time": 56.151,"Actual Total Time": 56.157,"Actual Rows": 37500,"Actual Loops": 4,"Hash Buckets": 262144,"Original Hash Buckets": 262144,"Hash Batches": 1,"Original Hash Batches": 1,"Peak Memory Usage": 29312,"Workers": [],"Plans": [{"Node Type": "Seq Scan","Parent Relationship": "Outer","Parallel Aware": true,"Async Capable": false,"Relation Name": "customer","Alias": "customer","Startup Cost": 0.00,"Total Cost": 4210.00,"Plan Rows": 62500,"Plan Width": 148,"Actual Startup Time": 0.028,"Actual Total Time": 26.217,"Actual Rows": 37500,"Actual Loops": 4,"Workers": []}]}]},{"Node Type": "Hash","Parent Relationship": "Inner","Parallel Aware": false,"Async Capable": false,"Startup Cost": 1.25,"Total Cost": 1.25,"Plan Rows": 25,"Plan Width": 108,"Actual Startup Time": 0.109,"Actual Total Time": 0.115,"Actual Rows": 25,"Actual Loops": 4,"Hash Buckets": 1024,"Original Hash Buckets": 1024,"Hash Batches": 1,"Original Hash Batches": 1,"Peak Memory Usage": 10,"Workers": [],"Plans": [{"Node Type": "Seq Scan","Parent Relationship": "Outer","Parallel Aware": false,"Async Capable": false,"Relation Name": "nation","Alias": "nation","Startup Cost": 0.00,"Total Cost": 1.25,"Plan Rows": 25,"Plan Width": 108,"Actual Startup Time": 0.076,"Actual Total Time": 0.083,"Actual Rows": 25,"Actual Loops": 4,"Workers": []}]}]}]}]}]},"Planning Time": 6.852,"Triggers": [],"Execution Time": 641.259}]
[{"Plan": {"Node Type": "Sort","Parallel Aware": false,"Async Capable": false,"Startup Cost": 135294.26,"Total Cost": 135443.48,"Plan Rows": 59689,"Plan Width": 280,"Actual Startup Time": 545.457,"Actual Total Time": 585.279,"Actual Rows": 35593,"Actual Loops": 1,"Sort Key": ["(sum((lineitem.l_extendedprice * ('1'::numeric - lineitem.l_discount)))) DESC"],"Sort Method": "quicksort","Sort Space Used": 9317,"Sort Space Type": "Memory","Plans": [{"Node Type": "Aggregate","Strategy": "Hashed","Partial Mode": "Simple","Parent Relationship": "Outer","Parallel Aware": false,"Async Capable": false,"Startup Cost": 129813.27,"Total Cost": 130559.38,"Plan Rows": 59689,"Plan Width": 280,"Actual Startup Time": 389.996,"Actual Total Time": 517.393,"Actual Rows": 35593,"Actual Loops": 1,"Group Key": ["customer.c_custkey", "nation.n_name"],"Planned Partitions": 0,"HashAgg Batches": 1,"Peak Memory Usage": 27665,"Disk Usage": 0,"Plans": [{"Node Type": "Gather","Parent Relationship": "Outer","Parallel Aware": false,"Async Capable": false,"Startup Cost": 6830.97,"Total Cost": 129067.15,"Plan Rows": 59689,"Plan Width": 260,"Actual Startup Time": 76.518,"Actual Total Time": 281.363,"Actual Rows": 94907,"Actual Loops": 1,"Workers Planned": 3,"Workers Launched": 3,"Single Copy": false,"Plans": [{"Node Type": "Hash Join","Parent Relationship": "Outer","Parallel Aware": false,"Async Capable": false,"Join Type": "Inner","Startup Cost": 5830.97,"Total Cost": 122098.25,"Plan Rows": 19255,"Plan Width": 260,"Actual Startup Time": 68.775,"Actual Total Time": 339.806,"Actual Rows": 23727,"Actual Loops": 4,"Inner Unique": true,"Hash Cond": "(customer.c_nationkey = nation.n_nationkey)","Workers": [],"Plans": [{"Node Type": "Hash Join","Parent Relationship": "Outer","Parallel Aware": true,"Async Capable": false,"Join Type": "Inner","Startup Cost": 5829.40,"Total Cost": 122037.58,"Plan Rows": 19255,"Plan Width": 160,"Actual Startup Time": 68.296,"Actual Total Time": 331.130,"Actual Rows": 23727,"Actual Loops": 4,"Inner Unique": true,"Hash Cond": "(orders.o_custkey = customer.c_custkey)","Workers": [],"Plans": [{"Node Type": "Nested Loop","Parent Relationship": "Outer","Parallel Aware": false,"Async Capable": false,"Join Type": "Inner","Startup Cost": 838.15,"Total Cost": 116995.79,"Plan Rows": 19255,"Plan Width": 16,"Actual Startup Time": 13.636,"Actual Total Time": 241.200,"Actual Rows": 23727,"Actual Loops": 4,"Inner Unique": false,"Workers": [],"Plans": [{"Node Type": "Bitmap Heap Scan","Parent Relationship": "Outer","Parallel Aware": true,"Async Capable": false,"Relation Name": "orders","Alias": "orders","Startup Cost": 837.72,"Total Cost": 27226.01,"Plan Rows": 19553,"Plan Width": 8,"Actual Startup Time": 13.552,"Actual Total Time": 68.983,"Actual Rows": 14126,"Actual Loops": 4,"Recheck Cond": "((o_orderdate >= '1995-01-01'::date) AND (o_orderdate < '1995-04-01 00:00:00'::timestamp without time zone))","Rows Removed by Index Recheck": 0,"Exact Heap Blocks": 3623,"Lossy Heap Blocks": 0,"Workers": [],"Plans": [{"Node Type": "Bitmap Index Scan","Parent Relationship": "Outer","Parallel Aware": false,"Async Capable": false,"Index Name": "idx_orders_orderdate","Startup Cost": 0.00,"Total Cost": 822.57,"Plan Rows": 60614,"Plan Width": 0,"Actual Startup Time": 10.475,"Actual Total Time": 10.479,"Actual Rows": 56506,"Actual Loops": 1,"Index Cond": "((o_orderdate >= '1995-01-01'::date) AND (o_orderdate < '1995-04-01 00:00:00'::timestamp without time zone))","Workers": []}]},{"Node Type": "Index Scan","Parent Relationship": "Inner","Parallel Aware": false,"Async Capable": false,"Scan Direction": "Forward","Index Name": "idx_lineitem_orderkey","Relation Name": "lineitem","Alias": "lineitem","Startup Cost": 0.43,"Total Cost": 4.55,"Plan Rows": 4,"Plan Width": 16,"Actual Startup Time": 0.010,"Actual Total Time": 0.012,"Actual Rows": 2,"Actual Loops": 56506,"Index Cond": "(l_orderkey = orders.o_orderkey)","Rows Removed by Index Recheck": 0,"Filter": "(l_returnflag = 'R'::bpchar)","Rows Removed by Filter": 2,"Workers": []}]},{"Node Type": "Hash","Parent Relationship": "Inner","Parallel Aware": true,"Async Capable": false,"Startup Cost": 4210.00,"Total Cost": 4210.00,"Plan Rows": 62500,"Plan Width": 148,"Actual Startup Time": 54.088,"Actual Total Time": 54.097,"Actual Rows": 37500,"Actual Loops": 4,"Hash Buckets": 262144,"Original Hash Buckets": 262144,"Hash Batches": 1,"Original Hash Batches": 1,"Peak Memory Usage": 29312,"Workers": [],"Plans": [{"Node Type": "Seq Scan","Parent Relationship": "Outer","Parallel Aware": true,"Async Capable": false,"Relation Name": "customer","Alias": "customer","Startup Cost": 0.00,"Total Cost": 4210.00,"Plan Rows": 62500,"Plan Width": 148,"Actual Startup Time": 0.033,"Actual Total Time": 23.775,"Actual Rows": 37500,"Actual Loops": 4,"Workers": []}]}]},{"Node Type": "Hash","Parent Relationship": "Inner","Parallel Aware": false,"Async Capable": false,"Startup Cost": 1.25,"Total Cost": 1.25,"Plan Rows": 25,"Plan Width": 108,"Actual Startup Time": 0.094,"Actual Total Time": 0.098,"Actual Rows": 25,"Actual Loops": 4,"Hash Buckets": 1024,"Original Hash Buckets": 1024,"Hash Batches": 1,"Original Hash Batches": 1,"Peak Memory Usage": 10,"Workers": [],"Plans": [{"Node Type": "Seq Scan","Parent Relationship": "Outer","Parallel Aware": false,"Async Capable": false,"Relation Name": "nation","Alias": "nation","Startup Cost": 0.00,"Total Cost": 1.25,"Plan Rows": 25,"Plan Width": 108,"Actual Startup Time": 0.062,"Actual Total Time": 0.068,"Actual Rows": 25,"Actual Loops": 4,"Workers": []}]}]}]}]}]},"Planning Time": 7.620,"Triggers": [],"Execution Time": 593.147}]
[{"Plan": {"Node Type": "Sort","Parallel Aware": false,"Async Capable": false,"Startup Cost": 128172.02,"Total Cost": 128307.83,"Plan Rows": 54323,"Plan Width": 280,"Actual Startup Time": 580.875,"Actual Total Time": 621.555,"Actual Rows": 37633,"Actual Loops": 1,"Sort Key": ["(sum((lineitem.l_extendedprice * ('1'::numeric - lineitem.l_discount)))) DESC"],"Sort Method": "quicksort","Sort Space Used": 9771,"Sort Space Type": "Memory","Plans": [{"Node Type": "Aggregate","Strategy": "Hashed","Partial Mode": "Simple","Parent Relationship": "Outer","Parallel Aware": false,"Async Capable": false,"Startup Cost": 123220.68,"Total Cost": 123899.72,"Plan Rows": 54323,"Plan Width": 280,"Actual Startup Time": 405.186,"Actual Total Time": 549.451,"Actual Rows": 37633,"Actual Loops": 1,"Group Key": ["customer.c_custkey", "nation.n_name"],"Planned Partitions": 0,"HashAgg Batches": 1,"Peak Memory Usage": 26129,"Disk Usage": 0,"Plans": [{"Node Type": "Gather","Parent Relationship": "Outer","Parallel Aware": false,"Async Capable": false,"Startup Cost": 6755.11,"Total Cost": 122541.64,"Plan Rows": 54323,"Plan Width": 260,"Actual Startup Time": 76.087,"Actual Total Time": 280.080,"Actual Rows": 112740,"Actual Loops": 1,"Workers Planned": 3,"Workers Launched": 3,"Single Copy": false,"Plans": [{"Node Type": "Hash Join","Parent Relationship": "Outer","Parallel Aware": false,"Async Capable": false,"Join Type": "Inner","Startup Cost": 5755.11,"Total Cost": 116109.34,"Plan Rows": 17524,"Plan Width": 260,"Actual Startup Time": 69.042,"Actual Total Time": 350.531,"Actual Rows": 28185,"Actual Loops": 4,"Inner Unique": true,"Hash Cond": "(customer.c_nationkey = nation.n_nationkey)","Workers": [],"Plans": [{"Node Type": "Hash Join","Parent Relationship": "Outer","Parallel Aware": true,"Async Capable": false,"Join Type": "Inner","Startup Cost": 5753.55,"Total Cost": 116053.98,"Plan Rows": 17524,"Plan Width": 160,"Actual Startup Time": 68.729,"Actual Total Time": 342.552,"Actual Rows": 28185,"Actual Loops": 4,"Inner Unique": true,"Hash Cond": "(orders.o_custkey = customer.c_custkey)","Workers": [],"Plans": [{"Node Type": "Nested Loop","Parent Relationship": "Outer","Parallel Aware": false,"Async Capable": false,"Join Type": "Inner","Startup Cost": 762.30,"Total Cost": 111016.73,"Plan Rows": 17524,"Plan Width": 16,"Actual Startup Time": 13.194,"Actual Total Time": 245.701,"Actual Rows": 28185,"Actual Loops": 4,"Inner Unique": false,"Workers": [],"Plans": [{"Node Type": "Bitmap Heap Scan","Parent Relationship": "Outer","Parallel Aware": true,"Async Capable": false,"Relation Name": "orders","Alias": "orders","Startup Cost": 761.87,"Total Cost": 27123.80,"Plan Rows": 17795,"Plan Width": 8,"Actual Startup Time": 13.139,"Actual Total Time": 70.147,"Actual Rows": 14108,"Actual Loops": 4,"Recheck Cond": "((o_orderdate >= '1993-04-01'::date) AND (o_orderdate < '1993-07-01 00:00:00'::timestamp without time zone))","Rows Removed by Index Recheck": 0,"Exact Heap Blocks": 3504,"Lossy Heap Blocks": 0,"Workers": [],"Plans": [{"Node Type": "Bitmap Index Scan","Parent Relationship": "Outer","Parallel Aware": false,"Async Capable": false,"Index Name": "idx_orders_orderdate","Startup Cost": 0.00,"Total Cost": 748.08,"Plan Rows": 55165,"Plan Width": 0,"Actual Startup Time": 10.077,"Actual Total Time": 10.080,"Actual Rows": 56434,"Actual Loops": 1,"Index Cond": "((o_orderdate >= '1993-04-01'::date) AND (o_orderdate < '1993-07-01 00:00:00'::timestamp without time zone))","Workers": []}]},{"Node Type": "Index Scan","Parent Relationship": "Inner","Parallel Aware": false,"Async Capable": false,"Scan Direction": "Forward","Index Name": "idx_lineitem_orderkey","Relation Name": "lineitem","Alias": "lineitem","Startup Cost": 0.43,"Total Cost": 4.67,"Plan Rows": 4,"Plan Width": 16,"Actual Startup Time": 0.010,"Actual Total Time": 0.012,"Actual Rows": 2,"Actual Loops": 56434,"Index Cond": "(l_orderkey = orders.o_orderkey)","Rows Removed by Index Recheck": 0,"Filter": "(l_returnflag = 'R'::bpchar)","Rows Removed by Filter": 2,"Workers": []}]},{"Node Type": "Hash","Parent Relationship": "Inner","Parallel Aware": true,"Async Capable": false,"Startup Cost": 4210.00,"Total Cost": 4210.00,"Plan Rows": 62500,"Plan Width": 148,"Actual Startup Time": 54.995,"Actual Total Time": 55.002,"Actual Rows": 37500,"Actual Loops": 4,"Hash Buckets": 262144,"Original Hash Buckets": 262144,"Hash Batches": 1,"Original Hash Batches": 1,"Peak Memory Usage": 29312,"Workers": [],"Plans": [{"Node Type": "Seq Scan","Parent Relationship": "Outer","Parallel Aware": true,"Async Capable": false,"Relation Name": "customer","Alias": "customer","Startup Cost": 0.00,"Total Cost": 4210.00,"Plan Rows": 62500,"Plan Width": 148,"Actual Startup Time": 0.020,"Actual Total Time": 23.497,"Actual Rows": 37500,"Actual Loops": 4,"Workers": []}]}]},{"Node Type": "Hash","Parent Relationship": "Inner","Parallel Aware": false,"Async Capable": false,"Startup Cost": 1.25,"Total Cost": 1.25,"Plan Rows": 25,"Plan Width": 108,"Actual Startup Time": 0.072,"Actual Total Time": 0.079,"Actual Rows": 25,"Actual Loops": 4,"Hash Buckets": 1024,"Original Hash Buckets": 1024,"Hash Batches": 1,"Original Hash Batches": 1,"Peak Memory Usage": 10,"Workers": [],"Plans": [{"Node Type": "Seq Scan","Parent Relationship": "Outer","Parallel Aware": false,"Async Capable": false,"Relation Name": "nation","Alias": "nation","Startup Cost": 0.00,"Total Cost": 1.25,"Plan Rows": 25,"Plan Width": 108,"Actual Startup Time": 0.049,"Actual Total Time": 0.055,"Actual Rows": 25,"Actual Loops": 4,"Workers": []}]}]}]}]}]},"Planning Time": 7.486,"Triggers": [],"Execution Time": 627.374}]
[{"Plan": {"Node Type": "Sort","Parallel Aware": false,"Async Capable": false,"Startup Cost": 132365.07,"Total Cost": 132508.74,"Plan Rows": 57466,"Plan Width": 280,"Actual Startup Time": 604.092,"Actual Total Time": 644.113,"Actual Rows": 37690,"Actual Loops": 1,"Sort Key": ["(sum((lineitem.l_extendedprice * ('1'::numeric - lineitem.l_discount)))) DESC"],"Sort Method": "quicksort","Sort Space Used": 9779,"Sort Space Type": "Memory","Plans": [{"Node Type": "Aggregate","Strategy": "Hashed","Partial Mode": "Simple","Parent Relationship": "Outer","Parallel Aware": false,"Async Capable": false,"Startup Cost": 127103.94,"Total Cost": 127822.26,"Plan Rows": 57466,"Plan Width": 280,"Actual Startup Time": 420.502,"Actual Total Time": 570.586,"Actual Rows": 37690,"Actual Loops": 1,"Group Key": ["customer.c_custkey", "nation.n_name"],"Planned Partitions": 0,"HashAgg Batches": 1,"Peak Memory Usage": 26129,"Disk Usage": 0,"Plans": [{"Node Type": "Gather","Parent Relationship": "Outer","Parallel Aware": false,"Async Capable": false,"Startup Cost": 6799.83,"Total Cost": 126385.61,"Plan Rows": 57466,"Plan Width": 260,"Actual Startup Time": 84.807,"Actual Total Time": 291.020,"Actual Rows": 113599,"Actual Loops": 1,"Workers Planned": 3,"Workers Launched": 3,"Single Copy": false,"Plans": [{"Node Type": "Hash Join","Parent Relationship": "Outer","Parallel Aware": false,"Async Capable": false,"Join Type": "Inner","Startup Cost": 5799.83,"Total Cost": 119639.01,"Plan Rows": 18537,"Plan Width": 260,"Actual Startup Time": 77.448,"Actual Total Time": 365.330,"Actual Rows": 28400,"Actual Loops": 4,"Inner Unique": true,"Hash Cond": "(customer.c_nationkey = nation.n_nationkey)","Workers": [],"Plans": [{"Node Type": "Hash Join","Parent Relationship": "Outer","Parallel Aware": true,"Async Capable": false,"Join Type": "Inner","Startup Cost": 5798.27,"Total Cost": 119580.55,"Plan Rows": 18537,"Plan Width": 160,"Actual Startup Time": 76.978,"Actual Total Time": 356.100,"Actual Rows": 28400,"Actual Loops": 4,"Inner Unique": true,"Hash Cond": "(orders.o_custkey = customer.c_custkey)","Workers": [],"Plans": [{"Node Type": "Nested Loop","Parent Relationship": "Outer","Parallel Aware": false,"Async Capable": false,"Join Type": "Inner","Startup Cost": 807.02,"Total Cost": 114540.64,"Plan Rows": 18537,"Plan Width": 16,"Actual Startup Time": 13.069,"Actual Total Time": 252.235,"Actual Rows": 28400,"Actual Loops": 4,"Inner Unique": false,"Workers": [],"Plans": [{"Node Type": "Bitmap Heap Scan","Parent Relationship": "Outer","Parallel Aware": true,"Async Capable": false,"Relation Name": "orders","Alias": "orders","Startup Cost": 806.59,"Total Cost": 27183.96,"Plan Rows": 18825,"Plan Width": 8,"Actual Startup Time": 13.002,"Actual Total Time": 70.665,"Actual Rows": 14161,"Actual Loops": 4,"Recheck Cond": "((o_orderdate >= '1994-04-01'::date) AND (o_orderdate < '1994-07-01 00:00:00'::timestamp without time zone))","Rows Removed by Index Recheck": 0,"Exact Heap Blocks": 3668,"Lossy Heap Blocks": 0,"Workers": [],"Plans": [{"Node Type": "Bitmap Index Scan","Parent Relationship": "Outer","Parallel Aware": false,"Async Capable": false,"Index Name": "idx_orders_orderdate","Startup Cost": 0.00,"Total Cost": 792.00,"Plan Rows": 58357,"Plan Width": 0,"Actual Startup Time": 9.907,"Actual Total Time": 9.915,"Actual Rows": 56645,"Actual Loops": 1,"Index Cond": "((o_orderdate >= '1994-04-01'::date) AND (o_orderdate < '1994-07-01 00:00:00'::timestamp without time zone))","Workers": []}]},{"Node Type": "Index Scan","Parent Relationship": "Inner","Parallel Aware": false,"Async Capable": false,"Scan Direction": "Forward","Index Name": "idx_lineitem_orderkey","Relation Name": "lineitem","Alias": "lineitem","Startup Cost": 0.43,"Total Cost": 4.60,"Plan Rows": 4,"Plan Width": 16,"Actual Startup Time": 0.010,"Actual Total Time": 0.012,"Actual Rows": 2,"Actual Loops": 56645,"Index Cond": "(l_orderkey = orders.o_orderkey)","Rows Removed by Index Recheck": 0,"Filter": "(l_returnflag = 'R'::bpchar)","Rows Removed by Filter": 2,"Workers": []}]},{"Node Type": "Hash","Parent Relationship": "Inner","Parallel Aware": true,"Async Capable": false,"Startup Cost": 4210.00,"Total Cost": 4210.00,"Plan Rows": 62500,"Plan Width": 148,"Actual Startup Time": 63.332,"Actual Total Time": 63.338,"Actual Rows": 37500,"Actual Loops": 4,"Hash Buckets": 262144,"Original Hash Buckets": 262144,"Hash Batches": 1,"Original Hash Batches": 1,"Peak Memory Usage": 29344,"Workers": [],"Plans": [{"Node Type": "Seq Scan","Parent Relationship": "Outer","Parallel Aware": true,"Async Capable": false,"Relation Name": "customer","Alias": "customer","Startup Cost": 0.00,"Total Cost": 4210.00,"Plan Rows": 62500,"Plan Width": 148,"Actual Startup Time": 0.025,"Actual Total Time": 28.533,"Actual Rows": 37500,"Actual Loops": 4,"Workers": []}]}]},{"Node Type": "Hash","Parent Relationship": "Inner","Parallel Aware": false,"Async Capable": false,"Startup Cost": 1.25,"Total Cost": 1.25,"Plan Rows": 25,"Plan Width": 108,"Actual Startup Time": 0.107,"Actual Total Time": 0.110,"Actual Rows": 25,"Actual Loops": 4,"Hash Buckets": 1024,"Original Hash Buckets": 1024,"Hash Batches": 1,"Original Hash Batches": 1,"Peak Memory Usage": 10,"Workers": [],"Plans": [{"Node Type": "Seq Scan","Parent Relationship": "Outer","Parallel Aware": false,"Async Capable": false,"Relation Name": "nation","Alias": "nation","Startup Cost": 0.00,"Total Cost": 1.25,"Plan Rows": 25,"Plan Width": 108,"Actual Startup Time": 0.074,"Actual Total Time": 0.080,"Actual Rows": 25,"Actual Loops": 4,"Workers": []}]}]}]}]}]},"Planning Time": 6.317,"Triggers": [],"Execution Time": 648.403}]
[{"Plan": {"Node Type": "Sort","Parallel Aware": false,"Async Capable": false,"Startup Cost": 129819.00,"Total Cost": 129957.88,"Plan Rows": 55552,"Plan Width": 280,"Actual Startup Time": 608.281,"Actual Total Time": 648.391,"Actual Rows": 37948,"Actual Loops": 1,"Sort Key": ["(sum((lineitem.l_extendedprice * ('1'::numeric - lineitem.l_discount)))) DESC"],"Sort Method": "quicksort","Sort Space Used": 9840,"Sort Space Type": "Memory","Plans": [{"Node Type": "Aggregate","Strategy": "Hashed","Partial Mode": "Simple","Parent Relationship": "Outer","Parallel Aware": false,"Async Capable": false,"Startup Cost": 124746.67,"Total Cost": 125441.07,"Plan Rows": 55552,"Plan Width": 280,"Actual Startup Time": 419.818,"Actual Total Time": 574.956,"Actual Rows": 37948,"Actual Loops": 1,"Group Key": ["customer.c_custkey", "nation.n_name"],"Planned Partitions": 0,"HashAgg Batches": 1,"Peak Memory Usage": 26129,"Disk Usage": 0,"Plans": [{"Node Type": "Gather","Parent Relationship": "Outer","Parallel Aware": false,"Async Capable": false,"Startup Cost": 6771.91,"Total Cost": 124052.27,"Plan Rows": 55552,"Plan Width": 260,"Actual Startup Time": 82.501,"Actual Total Time": 287.884,"Actual Rows": 114775,"Actual Loops": 1,"Workers Planned": 3,"Workers Launched": 3,"Single Copy": false,"Plans": [{"Node Type": "Hash Join","Parent Relationship": "Outer","Parallel Aware": false,"Async Capable": false,"Join Type": "Inner","Startup Cost": 5771.91,"Total Cost": 117497.07,"Plan Rows": 17920,"Plan Width": 260,"Actual Startup Time": 75.276,"Actual Total Time": 362.951,"Actual Rows": 28694,"Actual Loops": 4,"Inner Unique": true,"Hash Cond": "(customer.c_nationkey = nation.n_nationkey)","Workers": [],"Plans": [{"Node Type": "Hash Join","Parent Relationship": "Outer","Parallel Aware": true,"Async Capable": false,"Join Type": "Inner","Startup Cost": 5770.34,"Total Cost": 117440.49,"Plan Rows": 17920,"Plan Width": 160,"Actual Startup Time": 74.883,"Actual Total Time": 354.260,"Actual Rows": 28694,"Actual Loops": 4,"Inner Unique": true,"Hash Cond": "(orders.o_custkey = customer.c_custkey)","Workers": [],"Plans": [{"Node Type": "Nested Loop","Parent Relationship": "Outer","Parallel Aware": false,"Async Capable": false,"Join Type": "Inner","Startup Cost": 779.09,"Total Cost": 112402.20,"Plan Rows": 17920,"Plan Width": 16,"Actual Startup Time": 13.340,"Actual Total Time": 252.834,"Actual Rows": 28694,"Actual Loops": 4,"Inner Unique": false,"Workers": [],"Plans": [{"Node Type": "Bitmap Heap Scan","Parent Relationship": "Outer","Parallel Aware": true,"Async Capable": false,"Relation Name": "orders","Alias": "orders","Startup Cost": 778.66,"Total Cost": 27146.63,"Plan Rows": 18198,"Plan Width": 8,"Actual Startup Time": 13.279,"Actual Total Time": 70.699,"Actual Rows": 14304,"Actual Loops": 4,"Recheck Cond": "((o_orderdate >= '1993-07-01'::date) AND (o_orderdate < '1993-10-01 00:00:00'::timestamp without time zone))","Rows Removed by Index Recheck": 0,"Exact Heap Blocks": 3636,"Lossy Heap Blocks": 0,"Workers": [],"Plans": [{"Node Type": "Bitmap Index Scan","Parent Relationship": "Outer","Parallel Aware": false,"Async Capable": false,"Index Name": "idx_orders_orderdate","Startup Cost": 0.00,"Total Cost": 764.56,"Plan Rows": 56413,"Plan Width": 0,"Actual Startup Time": 10.131,"Actual Total Time": 10.133,"Actual Rows": 57218,"Actual Loops": 1,"Index Cond": "((o_orderdate >= '1993-07-01'::date) AND (o_orderdate < '1993-10-01 00:00:00'::timestamp without time zone))","Workers": []}]},{"Node Type": "Index Scan","Parent Relationship": "Inner","Parallel Aware": false,"Async Capable": false,"Scan Direction": "Forward","Index Name": "idx_lineitem_orderkey","Relation Name": "lineitem","Alias": "lineitem","Startup Cost": 0.43,"Total Cost": 4.64,"Plan Rows": 4,"Plan Width": 16,"Actual Startup Time": 0.010,"Actual Total Time": 0.012,"Actual Rows": 2,"Actual Loops": 57218,"Index Cond": "(l_orderkey = orders.o_orderkey)","Rows Removed by Index Recheck": 0,"Filter": "(l_returnflag = 'R'::bpchar)","Rows Removed by Filter": 2,"Workers": []}]},{"Node Type": "Hash","Parent Relationship": "Inner","Parallel Aware": true,"Async Capable": false,"Startup Cost": 4210.00,"Total Cost": 4210.00,"Plan Rows": 62500,"Plan Width": 148,"Actual Startup Time": 60.976,"Actual Total Time": 60.983,"Actual Rows": 37500,"Actual Loops": 4,"Hash Buckets": 262144,"Original Hash Buckets": 262144,"Hash Batches": 1,"Original Hash Batches": 1,"Peak Memory Usage": 29344,"Workers": [],"Plans": [{"Node Type": "Seq Scan","Parent Relationship": "Outer","Parallel Aware": true,"Async Capable": false,"Relation Name": "customer","Alias": "customer","Startup Cost": 0.00,"Total Cost": 4210.00,"Plan Rows": 62500,"Plan Width": 148,"Actual Startup Time": 0.026,"Actual Total Time": 27.898,"Actual Rows": 37500,"Actual Loops": 4,"Workers": []}]}]},{"Node Type": "Hash","Parent Relationship": "Inner","Parallel Aware": false,"Async Capable": false,"Startup Cost": 1.25,"Total Cost": 1.25,"Plan Rows": 25,"Plan Width": 108,"Actual Startup Time": 0.100,"Actual Total Time": 0.105,"Actual Rows": 25,"Actual Loops": 4,"Hash Buckets": 1024,"Original Hash Buckets": 1024,"Hash Batches": 1,"Original Hash Batches": 1,"Peak Memory Usage": 10,"Workers": [],"Plans": [{"Node Type": "Seq Scan","Parent Relationship": "Outer","Parallel Aware": false,"Async Capable": false,"Relation Name": "nation","Alias": "nation","Startup Cost": 0.00,"Total Cost": 1.25,"Plan Rows": 25,"Plan Width": 108,"Actual Startup Time": 0.065,"Actual Total Time": 0.072,"Actual Rows": 25,"Actual Loops": 4,"Workers": []}]}]}]}]}]},"Planning Time": 6.175,"Triggers": [],"Execution Time": 652.968}]
[{"Plan": {"Node Type": "Sort","Parallel Aware": false,"Async Capable": false,"Startup Cost": 131080.21,"Total Cost": 131221.46,"Plan Rows": 56499,"Plan Width": 280,"Actual Startup Time": 605.493,"Actual Total Time": 645.716,"Actual Rows": 37967,"Actual Loops": 1,"Sort Key": ["(sum((lineitem.l_extendedprice * ('1'::numeric - lineitem.l_discount)))) DESC"],"Sort Method": "quicksort","Sort Space Used": 9838,"Sort Space Type": "Memory","Plans": [{"Node Type": "Aggregate","Strategy": "Hashed","Partial Mode": "Simple","Parent Relationship": "Outer","Parallel Aware": false,"Async Capable": false,"Startup Cost": 125914.53,"Total Cost": 126620.77,"Plan Rows": 56499,"Plan Width": 280,"Actual Startup Time": 424.904,"Actual Total Time": 572.991,"Actual Rows": 37967,"Actual Loops": 1,"Group Key": ["customer.c_custkey", "nation.n_name"],"Planned Partitions": 0,"HashAgg Batches": 1,"Peak Memory Usage": 26129,"Disk Usage": 0,"Plans": [{"Node Type": "Gather","Parent Relationship": "Outer","Parallel Aware": false,"Async Capable": false,"Startup Cost": 6785.77,"Total Cost": 125208.29,"Plan Rows": 56499,"Plan Width": 260,"Actual Startup Time": 85.491,"Actual Total Time": 295.043,"Actual Rows": 114705,"Actual Loops": 1,"Workers Planned": 3,"Workers Launched": 3,"Single Copy": false,"Plans": [{"Node Type": "Hash Join","Parent Relationship": "Outer","Parallel Aware": false,"Async Capable": false,"Join Type": "Inner","Startup Cost": 5785.77,"Total Cost": 118558.39,"Plan Rows": 18225,"Plan Width": 260,"Actual Startup Time": 77.990,"Actual Total Time": 369.128,"Actual Rows": 28676,"Actual Loops": 4,"Inner Unique": true,"Hash Cond": "(customer.c_nationkey = nation.n_nationkey)","Workers": [],"Plans": [{"Node Type": "Hash Join","Parent Relationship": "Outer","Parallel Aware": true,"Async Capable": false,"Join Type": "Inner","Startup Cost": 5784.20,"Total Cost": 118500.88,"Plan Rows": 18225,"Plan Width": 160,"Actual Startup Time": 77.566,"Actual Total Time": 359.708,"Actual Rows": 28676,"Actual Loops": 4,"Inner Unique": true,"Hash Cond": "(orders.o_custkey = customer.c_custkey)","Workers": [],"Plans": [{"Node Type": "Nested Loop","Parent Relationship": "Outer","Parallel Aware": false,"Async Capable": false,"Join Type": "Inner","Startup Cost": 792.95,"Total Cost": 113461.79,"Plan Rows": 18225,"Plan Width": 16,"Actual Startup Time": 13.246,"Actual Total Time": 255.571,"Actual Rows": 28676,"Actual Loops": 4,"Inner Unique": false,"Workers": [],"Plans": [{"Node Type": "Bitmap Heap Scan","Parent Relationship": "Outer","Parallel Aware": true,"Async Capable": false,"Relation Name": "orders","Alias": "orders","Startup Cost": 792.52,"Total Cost": 27165.14,"Plan Rows": 18508,"Plan Width": 8,"Actual Startup Time": 13.160,"Actual Total Time": 71.475,"Actual Rows": 14267,"Actual Loops": 4,"Recheck Cond": "((o_orderdate >= '1993-10-01'::date) AND (o_orderdate < '1994-01-01 00:00:00'::timestamp without time zone))","Rows Removed by Index Recheck": 0,"Exact Heap Blocks": 3708,"Lossy Heap Blocks": 0,"Workers": [],"Plans": [{"Node Type": "Bitmap Index Scan","Parent Relationship": "Outer","Parallel Aware": false,"Async Capable": false,"Index Name": "idx_orders_orderdate","Startup Cost": 0.00,"Total Cost": 778.18,"Plan Rows": 57375,"Plan Width": 0,"Actual Startup Time": 10.062,"Actual Total Time": 10.069,"Actual Rows": 57069,"Actual Loops": 1,"Index Cond": "((o_orderdate >= '1993-10-01'::date) AND (o_orderdate < '1994-01-01 00:00:00'::timestamp without time zone))","Workers": []}]},{"Node Type": "Index Scan","Parent Relationship": "Inner","Parallel Aware": false,"Async Capable": false,"Scan Direction": "Forward","Index Name": "idx_lineitem_orderkey","Relation Name": "lineitem","Alias": "lineitem","Startup Cost": 0.43,"Total Cost": 4.62,"Plan Rows": 4,"Plan Width": 16,"Actual Startup Time": 0.011,"Actual Total Time": 0.013,"Actual Rows": 2,"Actual Loops": 57069,"Index Cond": "(l_orderkey = orders.o_orderkey)","Rows Removed by Index Recheck": 0,"Filter": "(l_returnflag = 'R'::bpchar)","Rows Removed by Filter": 2,"Workers": []}]},{"Node Type": "Hash","Parent Relationship": "Inner","Parallel Aware": true,"Async Capable": false,"Startup Cost": 4210.00,"Total Cost": 4210.00,"Plan Rows": 62500,"Plan Width": 148,"Actual Startup Time": 63.688,"Actual Total Time": 63.696,"Actual Rows": 37500,"Actual Loops": 4,"Hash Buckets": 262144,"Original Hash Buckets": 262144,"Hash Batches": 1,"Original Hash Batches": 1,"Peak Memory Usage": 29312,"Workers": [],"Plans": [{"Node Type": "Seq Scan","Parent Relationship": "Outer","Parallel Aware": true,"Async Capable": false,"Relation Name": "customer","Alias": "customer","Startup Cost": 0.00,"Total Cost": 4210.00,"Plan Rows": 62500,"Plan Width": 148,"Actual Startup Time": 0.034,"Actual Total Time": 28.900,"Actual Rows": 37500,"Actual Loops": 4,"Workers": []}]}]},{"Node Type": "Hash","Parent Relationship": "Inner","Parallel Aware": false,"Async Capable": false,"Startup Cost": 1.25,"Total Cost": 1.25,"Plan Rows": 25,"Plan Width": 108,"Actual Startup Time": 0.102,"Actual Total Time": 0.107,"Actual Rows": 25,"Actual Loops": 4,"Hash Buckets": 1024,"Original Hash Buckets": 1024,"Hash Batches": 1,"Original Hash Batches": 1,"Peak Memory Usage": 10,"Workers": [],"Plans": [{"Node Type": "Seq Scan","Parent Relationship": "Outer","Parallel Aware": false,"Async Capable": false,"Relation Name": "nation","Alias": "nation","Startup Cost": 0.00,"Total Cost": 1.25,"Plan Rows": 25,"Plan Width": 108,"Actual Startup Time": 0.070,"Actual Total Time": 0.076,"Actual Rows": 25,"Actual Loops": 4,"Workers": []}]}]}]}]}]},"Planning Time": 6.575,"Triggers": [],"Execution Time": 649.944}]
[{"Plan": {"Node Type": "Sort","Parallel Aware": false,"Async Capable": false,"Startup Cost": 132166.82,"Total Cost": 132310.11,"Plan Rows": 57318,"Plan Width": 280,"Actual Startup Time": 590.000,"Actual Total Time": 630.537,"Actual Rows": 37972,"Actual Loops": 1,"Sort Key": ["(sum((lineitem.l_extendedprice * ('1'::numeric - lineitem.l_discount)))) DESC"],"Sort Method": "quicksort","Sort Space Used": 9843,"Sort Space Type": "Memory","Plans": [{"Node Type": "Aggregate","Strategy": "Hashed","Partial Mode": "Simple","Parent Relationship": "Outer","Parallel Aware": false,"Async Capable": false,"Startup Cost": 126920.30,"Total Cost": 127636.77,"Plan Rows": 57318,"Plan Width": 280,"Actual Startup Time": 413.108,"Actual Total Time": 556.129,"Actual Rows": 37972,"Actual Loops": 1,"Group Key": ["customer.c_custkey", "nation.n_name"],"Planned Partitions": 0,"HashAgg Batches": 1,"Peak Memory Usage": 26129,"Disk Usage": 0,"Plans": [{"Node Type": "Gather","Parent Relationship": "Outer","Parallel Aware": false,"Async Capable": false,"Startup Cost": 6798.29,"Total Cost": 126203.82,"Plan Rows": 57318,"Plan Width": 260,"Actual Startup Time": 77.619,"Actual Total Time": 286.194,"Actual Rows": 114459,"Actual Loops": 1,"Workers Planned": 3,"Workers Launched": 3,"Single Copy": false,"Plans": [{"Node Type": "Hash Join","Parent Relationship": "Outer","Parallel Aware": false,"Async Capable": false,"Join Type": "Inner","Startup Cost": 5798.29,"Total Cost": 119472.02,"Plan Rows": 18490,"Plan Width": 260,"Actual Startup Time": 70.122,"Actual Total Time": 358.029,"Actual Rows": 28615,"Actual Loops": 4,"Inner Unique": true,"Hash Cond": "(customer.c_nationkey = nation.n_nationkey)","Workers": [],"Plans": [{"Node Type": "Hash Join","Parent Relationship": "Outer","Parallel Aware": true,"Async Capable": false,"Join Type": "Inner","Startup Cost": 5796.73,"Total Cost": 119413.69,"Plan Rows": 18490,"Plan Width": 160,"Actual Startup Time": 69.815,"Actual Total Time": 349.575,"Actual Rows": 28615,"Actual Loops": 4,"Inner Unique": true,"Hash Cond": "(orders.o_custkey = customer.c_custkey)","Workers": [],"Plans": [{"Node Type": "Nested Loop","Parent Relationship": "Outer","Parallel Aware": false,"Async Capable": false,"Join Type": "Inner","Startup Cost": 805.48,"Total Cost": 114373.91,"Plan Rows": 18490,"Plan Width": 16,"Actual Startup Time": 13.081,"Actual Total Time": 249.954,"Actual Rows": 28615,"Actual Loops": 4,"Inner Unique": false,"Workers": [],"Plans": [{"Node Type": "Bitmap Heap Scan","Parent Relationship": "Outer","Parallel Aware": true,"Async Capable": false,"Relation Name": "orders","Alias": "orders","Startup Cost": 805.05,"Total Cost": 27181.70,"Plan Rows": 18776,"Plan Width": 8,"Actual Startup Time": 13.019,"Actual Total Time": 71.418,"Actual Rows": 14305,"Actual Loops": 4,"Recheck Cond": "((o_orderdate >= '1994-10-01'::date) AND (o_orderdate < '1995-01-01 00:00:00'::timestamp without time zone))","Rows Removed by Index Recheck": 0,"Exact Heap Blocks": 3518,"Lossy Heap Blocks": 0,"Workers": [],"Plans": [{"Node Type": "Bitmap Index Scan","Parent Relationship": "Outer","Parallel Aware": false,"Async Capable": false,"Index Name": "idx_orders_orderdate","Startup Cost": 0.00,"Total Cost": 790.50,"Plan Rows": 58207,"Plan Width": 0,"Actual Startup Time": 9.954,"Actual Total Time": 9.955,"Actual Rows": 57219,"Actual Loops": 1,"Index Cond": "((o_orderdate >= '1994-10-01'::date) AND (o_orderdate < '1995-01-01 00:00:00'::timestamp without time zone))","Workers": []}]},{"Node Type": "Index Scan","Parent Relationship": "Inner","Parallel Aware": false,"Async Capable": false,"Scan Direction": "Forward","Index Name": "idx_lineitem_orderkey","Relation Name": "lineitem","Alias": "lineitem","Startup Cost": 0.43,"Total Cost": 4.60,"Plan Rows": 4,"Plan Width": 16,"Actual Startup Time": 0.010,"Actual Total Time": 0.012,"Actual Rows": 2,"Actual Loops": 57219,"Index Cond": "(l_orderkey = orders.o_orderkey)","Rows Removed by Index Recheck": 0,"Filter": "(l_returnflag = 'R'::bpchar)","Rows Removed by Filter": 2,"Workers": []}]},{"Node Type": "Hash","Parent Relationship": "Inner","Parallel Aware": true,"Async Capable": false,"Startup Cost": 4210.00,"Total Cost": 4210.00,"Plan Rows": 62500,"Plan Width": 148,"Actual Startup Time": 56.184,"Actual Total Time": 56.192,"Actual Rows": 37500,"Actual Loops": 4,"Hash Buckets": 262144,"Original Hash Buckets": 262144,"Hash Batches": 1,"Original Hash Batches": 1,"Peak Memory Usage": 29344,"Workers": [],"Plans": [{"Node Type": "Seq Scan","Parent Relationship": "Outer","Parallel Aware": true,"Async Capable": false,"Relation Name": "customer","Alias": "customer","Startup Cost": 0.00,"Total Cost": 4210.00,"Plan Rows": 62500,"Plan Width": 148,"Actual Startup Time": 0.017,"Actual Total Time": 25.696,"Actual Rows": 37500,"Actual Loops": 4,"Workers": []}]}]},{"Node Type": "Hash","Parent Relationship": "Inner","Parallel Aware": false,"Async Capable": false,"Startup Cost": 1.25,"Total Cost": 1.25,"Plan Rows": 25,"Plan Width": 108,"Actual Startup Time": 0.071,"Actual Total Time": 0.075,"Actual Rows": 25,"Actual Loops": 4,"Hash Buckets": 1024,"Original Hash Buckets": 1024,"Hash Batches": 1,"Original Hash Batches": 1,"Peak Memory Usage": 10,"Workers": [],"Plans": [{"Node Type": "Seq Scan","Parent Relationship": "Outer","Parallel Aware": false,"Async Capable": false,"Relation Name": "nation","Alias": "nation","Startup Cost": 0.00,"Total Cost": 1.25,"Plan Rows": 25,"Plan Width": 108,"Actual Startup Time": 0.050,"Actual Total Time": 0.053,"Actual Rows": 25,"Actual Loops": 4,"Workers": []}]}]}]}]}]},"Planning Time": 7.724,"Triggers": [],"Execution Time": 636.921}]
[{"Plan": {"Node Type": "Sort","Parallel Aware": false,"Async Capable": false,"Startup Cost": 130505.43,"Total Cost": 130645.60,"Plan Rows": 56065,"Plan Width": 280,"Actual Startup Time": 601.513,"Actual Total Time": 641.580,"Actual Rows": 37018,"Actual Loops": 1,"Sort Key": ["(sum((lineitem.l_extendedprice * ('1'::numeric - lineitem.l_discount)))) DESC"],"Sort Method": "quicksort","Sort Space Used": 9627,"Sort Space Type": "Memory","Plans": [{"Node Type": "Aggregate","Strategy": "Hashed","Partial Mode": "Simple","Parent Relationship": "Outer","Parallel Aware": false,"Async Capable": false,"Startup Cost": 125382.55,"Total Cost": 126083.36,"Plan Rows": 56065,"Plan Width": 280,"Actual Startup Time": 416.495,"Actual Total Time": 572.420,"Actual Rows": 37018,"Actual Loops": 1,"Group Key": ["customer.c_custkey", "nation.n_name"],"Planned Partitions": 0,"HashAgg Batches": 1,"Peak Memory Usage": 26129,"Disk Usage": 0,"Plans": [{"Node Type": "Gather","Parent Relationship": "Outer","Parallel Aware": false,"Async Capable": false,"Startup Cost": 6781.25,"Total Cost": 124681.73,"Plan Rows": 56065,"Plan Width": 260,"Actual Startup Time": 81.623,"Actual Total Time": 288.921,"Actual Rows": 110603,"Actual Loops": 1,"Workers Planned": 3,"Workers Launched": 3,"Single Copy": false,"Plans": [{"Node Type": "Hash Join","Parent Relationship": "Outer","Parallel Aware": false,"Async Capable": false,"Join Type": "Inner","Startup Cost": 5781.25,"Total Cost": 118075.23,"Plan Rows": 18085,"Plan Width": 260,"Actual Startup Time": 74.243,"Actual Total Time": 359.851,"Actual Rows": 27651,"Actual Loops": 4,"Inner Unique": true,"Hash Cond": "(customer.c_nationkey = nation.n_nationkey)","Workers": [],"Plans": [{"Node Type": "Hash Join","Parent Relationship": "Outer","Parallel Aware": true,"Async Capable": false,"Join Type": "Inner","Startup Cost": 5779.68,"Total Cost": 118018.16,"Plan Rows": 18085,"Plan Width": 160,"Actual Startup Time": 73.807,"Actual Total Time": 350.724,"Actual Rows": 27651,"Actual Loops": 4,"Inner Unique": true,"Hash Cond": "(orders.o_custkey = customer.c_custkey)","Workers": [],"Plans": [{"Node Type": "Nested Loop","Parent Relationship": "Outer","Parallel Aware": false,"Async Capable": false,"Join Type": "Inner","Startup Cost": 788.43,"Total Cost": 112979.43,"Plan Rows": 18085,"Plan Width": 16,"Actual Startup Time": 13.351,"Actual Total Time": 248.674,"Actual Rows": 27651,"Actual Loops": 4,"Inner Unique": false,"Workers": [],"Plans": [{"Node Type": "Bitmap Heap Scan","Parent Relationship": "Outer","Parallel Aware": true,"Async Capable": false,"Relation Name": "orders","Alias": "orders","Startup Cost": 788.00,"Total Cost": 27158.49,"Plan Rows": 18366,"Plan Width": 8,"Actual Startup Time": 13.297,"Actual Total Time": 70.614,"Actual Rows": 13866,"Actual Loops": 4,"Recheck Cond": "((o_orderdate >= '1994-02-01'::date) AND (o_orderdate < '1994-05-01 00:00:00'::timestamp without time zone))","Rows Removed by Index Recheck": 0,"Exact Heap Blocks": 3619,"Lossy Heap Blocks": 0,"Workers": [],"Plans": [{"Node Type": "Bitmap Index Scan","Parent Relationship": "Outer","Parallel Aware": false,"Async Capable": false,"Index Name": "idx_orders_orderdate","Startup Cost": 0.00,"Total Cost": 773.77,"Plan Rows": 56934,"Plan Width": 0,"Actual Startup Time": 10.157,"Actual Total Time": 10.161,"Actual Rows": 55462,"Actual Loops": 1,"Index Cond": "((o_orderdate >= '1994-02-01'::date) AND (o_orderdate < '1994-05-01 00:00:00'::timestamp without time zone))","Workers": []}]},{"Node Type": "Index Scan","Parent Relationship": "Inner","Parallel Aware": false,"Async Capable": false,"Scan Direction": "Forward","Index Name": "idx_lineitem_orderkey","Relation Name": "lineitem","Alias": "lineitem","Startup Cost": 0.43,"Total Cost": 4.63,"Plan Rows": 4,"Plan Width": 16,"Actual Startup Time": 0.010,"Actual Total Time": 0.012,"Actual Rows": 2,"Actual Loops": 55462,"Index Cond": "(l_orderkey = orders.o_orderkey)","Rows Removed by Index Recheck": 0,"Filter": "(l_returnflag = 'R'::bpchar)","Rows Removed by Filter": 2,"Workers": []}]},{"Node Type": "Hash","Parent Relationship": "Inner","Parallel Aware": true,"Async Capable": false,"Startup Cost": 4210.00,"Total Cost": 4210.00,"Plan Rows": 62500,"Plan Width": 148,"Actual Startup Time": 59.812,"Actual Total Time": 59.817,"Actual Rows": 37500,"Actual Loops": 4,"Hash Buckets": 262144,"Original Hash Buckets": 262144,"Hash Batches": 1,"Original Hash Batches": 1,"Peak Memory Usage": 29344,"Workers": [],"Plans": [{"Node Type": "Seq Scan","Parent Relationship": "Outer","Parallel Aware": true,"Async Capable": false,"Relation Name": "customer","Alias": "customer","Startup Cost": 0.00,"Total Cost": 4210.00,"Plan Rows": 62500,"Plan Width": 148,"Actual Startup Time": 0.038,"Actual Total Time": 25.477,"Actual Rows": 37500,"Actual Loops": 4,"Workers": []}]}]},{"Node Type": "Hash","Parent Relationship": "Inner","Parallel Aware": false,"Async Capable": false,"Startup Cost": 1.25,"Total Cost": 1.25,"Plan Rows": 25,"Plan Width": 108,"Actual Startup Time": 0.111,"Actual Total Time": 0.116,"Actual Rows": 25,"Actual Loops": 4,"Hash Buckets": 1024,"Original Hash Buckets": 1024,"Hash Batches": 1,"Original Hash Batches": 1,"Peak Memory Usage": 10,"Workers": [],"Plans": [{"Node Type": "Seq Scan","Parent Relationship": "Outer","Parallel Aware": false,"Async Capable": false,"Relation Name": "nation","Alias": "nation","Startup Cost": 0.00,"Total Cost": 1.25,"Plan Rows": 25,"Plan Width": 108,"Actual Startup Time": 0.071,"Actual Total Time": 0.077,"Actual Rows": 25,"Actual Loops": 4,"Workers": []}]}]}]}]}]},"Planning Time": 7.387,"Triggers": [],"Execution Time": 645.928}]
[{"Plan": {"Node Type": "Sort","Parallel Aware": false,"Async Capable": false,"Startup Cost": 128992.79,"Total Cost": 129130.12,"Plan Rows": 54934,"Plan Width": 280,"Actual Startup Time": 576.704,"Actual Total Time": 617.888,"Actual Rows": 37047,"Actual Loops": 1,"Sort Key": ["(sum((lineitem.l_extendedprice * ('1'::numeric - lineitem.l_discount)))) DESC"],"Sort Method": "quicksort","Sort Space Used": 9638,"Sort Space Type": "Memory","Plans": [{"Node Type": "Aggregate","Strategy": "Hashed","Partial Mode": "Simple","Parent Relationship": "Outer","Parallel Aware": false,"Async Capable": false,"Startup Cost": 123981.32,"Total Cost": 124668.00,"Plan Rows": 54934,"Plan Width": 280,"Actual Startup Time": 405.696,"Actual Total Time": 547.631,"Actual Rows": 37047,"Actual Loops": 1,"Group Key": ["customer.c_custkey", "nation.n_name"],"Planned Partitions": 0,"HashAgg Batches": 1,"Peak Memory Usage": 26129,"Disk Usage": 0,"Plans": [{"Node Type": "Gather","Parent Relationship": "Outer","Parallel Aware": false,"Async Capable": false,"Startup Cost": 6765.48,"Total Cost": 123294.65,"Plan Rows": 54934,"Plan Width": 260,"Actual Startup Time": 77.101,"Actual Total Time": 288.603,"Actual Rows": 110515,"Actual Loops": 1,"Workers Planned": 3,"Workers Launched": 3,"Single Copy": false,"Plans": [{"Node Type": "Hash Join","Parent Relationship": "Outer","Parallel Aware": false,"Async Capable": false,"Join Type": "Inner","Startup Cost": 5765.48,"Total Cost": 116801.25,"Plan Rows": 17721,"Plan Width": 260,"Actual Startup Time": 69.802,"Actual Total Time": 351.295,"Actual Rows": 27629,"Actual Loops": 4,"Inner Unique": true,"Hash Cond": "(customer.c_nationkey = nation.n_nationkey)","Workers": [],"Plans": [{"Node Type": "Nested Loop","Parent Relationship": "Outer","Parallel Aware": false,"Async Capable": false,"Join Type": "Inner","Startup Cost": 5763.92,"Total Cost": 116745.28,"Plan Rows": 17721,"Plan Width": 160,"Actual Startup Time": 69.448,"Actual Total Time": 342.448,"Actual Rows": 27629,"Actual Loops": 4,"Inner Unique": false,"Workers": [],"Plans": [{"Node Type": "Hash Join","Parent Relationship": "Outer","Parallel Aware": true,"Async Capable": false,"Join Type": "Inner","Startup Cost": 5763.48,"Total Cost": 32175.66,"Plan Rows": 17995,"Plan Width": 152,"Actual Startup Time": 69.393,"Actual Total Time": 167.356,"Actual Rows": 13816,"Actual Loops": 4,"Inner Unique": true,"Hash Cond": "(orders.o_custkey = customer.c_custkey)","Workers": [],"Plans": [{"Node Type": "Bitmap Heap Scan","Parent Relationship": "Outer","Parallel Aware": true,"Async Capable": false,"Relation Name": "orders","Alias": "orders","Startup Cost": 772.23,"Total Cost": 27137.17,"Plan Rows": 17996,"Plan Width": 8,"Actual Startup Time": 13.220,"Actual Total Time": 67.142,"Actual Rows": 13816,"Actual Loops": 4,"Recheck Cond": "((o_orderdate >= '1993-02-01'::date) AND (o_orderdate < '1993-05-01 00:00:00'::timestamp without time zone))","Rows Removed by Index Recheck": 0,"Exact Heap Blocks": 3458,"Lossy Heap Blocks": 0,"Workers": [],"Plans": [{"Node Type": "Bitmap Index Scan","Parent Relationship": "Outer","Parallel Aware": false,"Async Capable": false,"Index Name": "idx_orders_orderdate","Startup Cost": 0.00,"Total Cost": 758.29,"Plan Rows": 55786,"Plan Width": 0,"Actual Startup Time": 10.104,"Actual Total Time": 10.109,"Actual Rows": 55266,"Actual Loops": 1,"Index Cond": "((o_orderdate >= '1993-02-01'::date) AND (o_orderdate < '1993-05-01 00:00:00'::timestamp without time zone))","Workers": []}]},{"Node Type": "Hash","Parent Relationship": "Inner","Parallel Aware": true,"Async Capable": false,"Startup Cost": 4210.00,"Total Cost": 4210.00,"Plan Rows": 62500,"Plan Width": 148,"Actual Startup Time": 55.605,"Actual Total Time": 55.613,"Actual Rows": 37500,"Actual Loops": 4,"Hash Buckets": 262144,"Original Hash Buckets": 262144,"Hash Batches": 1,"Original Hash Batches": 1,"Peak Memory Usage": 29312,"Workers": [],"Plans": [{"Node Type": "Seq Scan","Parent Relationship": "Outer","Parallel Aware": true,"Async Capable": false,"Relation Name": "customer","Alias": "customer","Startup Cost": 0.00,"Total Cost": 4210.00,"Plan Rows": 62500,"Plan Width": 148,"Actual Startup Time": 0.022,"Actual Total Time": 25.460,"Actual Rows": 37500,"Actual Loops": 4,"Workers": []}]}]},{"Node Type": "Index Scan","Parent Relationship": "Inner","Parallel Aware": false,"Async Capable": false,"Scan Direction": "Forward","Index Name": "idx_lineitem_orderkey","Relation Name": "lineitem","Alias": "lineitem","Startup Cost": 0.43,"Total Cost": 4.66,"Plan Rows": 4,"Plan Width": 16,"Actual Startup Time": 0.010,"Actual Total Time": 0.012,"Actual Rows": 2,"Actual Loops": 55266,"Index Cond": "(l_orderkey = orders.o_orderkey)","Rows Removed by Index Recheck": 0,"Filter": "(l_returnflag = 'R'::bpchar)","Rows Removed by Filter": 2,"Workers": []}]},{"Node Type": "Hash","Parent Relationship": "Inner","Parallel Aware": false,"Async Capable": false,"Startup Cost": 1.25,"Total Cost": 1.25,"Plan Rows": 25,"Plan Width": 108,"Actual Startup Time": 0.078,"Actual Total Time": 0.083,"Actual Rows": 25,"Actual Loops": 4,"Hash Buckets": 1024,"Original Hash Buckets": 1024,"Hash Batches": 1,"Original Hash Batches": 1,"Peak Memory Usage": 10,"Workers": [],"Plans": [{"Node Type": "Seq Scan","Parent Relationship": "Outer","Parallel Aware": false,"Async Capable": false,"Relation Name": "nation","Alias": "nation","Startup Cost": 0.00,"Total Cost": 1.25,"Plan Rows": 25,"Plan Width": 108,"Actual Startup Time": 0.053,"Actual Total Time": 0.057,"Actual Rows": 25,"Actual Loops": 4,"Workers": []}]}]}]}]}]},"Planning Time": 7.802,"Triggers": [],"Execution Time": 623.390}]
[{"Plan": {"Node Type": "Sort","Parallel Aware": false,"Async Capable": false,"Startup Cost": 132166.82,"Total Cost": 132310.11,"Plan Rows": 57318,"Plan Width": 280,"Actual Startup Time": 590.000,"Actual Total Time": 630.537,"Actual Rows": 37972,"Actual Loops": 1,"Sort Key": ["(sum((lineitem.l_extendedprice * ('1'::numeric - lineitem.l_discount)))) DESC"],"Sort Method": "quicksort","Sort Space Used": 9843,"Sort Space Type": "Memory","Plans": [{"Node Type": "Aggregate","Strategy": "Hashed","Partial Mode": "Simple","Parent Relationship": "Outer","Parallel Aware": false,"Async Capable": false,"Startup Cost": 126920.30,"Total Cost": 127636.77,"Plan Rows": 57318,"Plan Width": 280,"Actual Startup Time": 413.108,"Actual Total Time": 556.129,"Actual Rows": 37972,"Actual Loops": 1,"Group Key": ["customer.c_custkey", "nation.n_name"],"Planned Partitions": 0,"HashAgg Batches": 1,"Peak Memory Usage": 26129,"Disk Usage": 0,"Plans": [{"Node Type": "Gather","Parent Relationship": "Outer","Parallel Aware": false,"Async Capable": false,"Startup Cost": 6798.29,"Total Cost": 126203.82,"Plan Rows": 57318,"Plan Width": 260,"Actual Startup Time": 77.619,"Actual Total Time": 286.194,"Actual Rows": 114459,"Actual Loops": 1,"Workers Planned": 3,"Workers Launched": 3,"Single Copy": false,"Plans": [{"Node Type": "Hash Join","Parent Relationship": "Outer","Parallel Aware": false,"Async Capable": false,"Join Type": "Inner","Startup Cost": 5798.29,"Total Cost": 119472.02,"Plan Rows": 18490,"Plan Width": 260,"Actual Startup Time": 70.122,"Actual Total Time": 358.029,"Actual Rows": 28615,"Actual Loops": 4,"Inner Unique": true,"Hash Cond": "(customer.c_nationkey = nation.n_nationkey)","Workers": [],"Plans": [{"Node Type": "Hash Join","Parent Relationship": "Outer","Parallel Aware": true,"Async Capable": false,"Join Type": "Inner","Startup Cost": 5796.73,"Total Cost": 119413.69,"Plan Rows": 18490,"Plan Width": 160,"Actual Startup Time": 69.815,"Actual Total Time": 349.575,"Actual Rows": 28615,"Actual Loops": 4,"Inner Unique": true,"Hash Cond": "(orders.o_custkey = customer.c_custkey)","Workers": [],"Plans": [{"Node Type": "Nested Loop","Parent Relationship": "Outer","Parallel Aware": false,"Async Capable": false,"Join Type": "Inner","Startup Cost": 805.48,"Total Cost": 114373.91,"Plan Rows": 18490,"Plan Width": 16,"Actual Startup Time": 13.081,"Actual Total Time": 249.954,"Actual Rows": 28615,"Actual Loops": 4,"Inner Unique": false,"Workers": [],"Plans": [{"Node Type": "Bitmap Heap Scan","Parent Relationship": "Outer","Parallel Aware": true,"Async Capable": false,"Relation Name": "orders","Alias": "orders","Startup Cost": 805.05,"Total Cost": 27181.70,"Plan Rows": 18776,"Plan Width": 8,"Actual Startup Time": 13.019,"Actual Total Time": 71.418,"Actual Rows": 14305,"Actual Loops": 4,"Recheck Cond": "((o_orderdate >= '1994-10-01'::date) AND (o_orderdate < '1995-01-01 00:00:00'::timestamp without time zone))","Rows Removed by Index Recheck": 0,"Exact Heap Blocks": 3518,"Lossy Heap Blocks": 0,"Workers": [],"Plans": [{"Node Type": "Bitmap Index Scan","Parent Relationship": "Outer","Parallel Aware": false,"Async Capable": false,"Index Name": "idx_orders_orderdate","Startup Cost": 0.00,"Total Cost": 790.50,"Plan Rows": 58207,"Plan Width": 0,"Actual Startup Time": 9.954,"Actual Total Time": 9.955,"Actual Rows": 57219,"Actual Loops": 1,"Index Cond": "((o_orderdate >= '1994-10-01'::date) AND (o_orderdate < '1995-01-01 00:00:00'::timestamp without time zone))","Workers": []}]},{"Node Type": "Index Scan","Parent Relationship": "Inner","Parallel Aware": false,"Async Capable": false,"Scan Direction": "Forward","Index Name": "idx_lineitem_orderkey","Relation Name": "lineitem","Alias": "lineitem","Startup Cost": 0.43,"Total Cost": 4.60,"Plan Rows": 4,"Plan Width": 16,"Actual Startup Time": 0.010,"Actual Total Time": 0.012,"Actual Rows": 2,"Actual Loops": 57219,"Index Cond": "(l_orderkey = orders.o_orderkey)","Rows Removed by Index Recheck": 0,"Filter": "(l_returnflag = 'R'::bpchar)","Rows Removed by Filter": 2,"Workers": []}]},{"Node Type": "Hash","Parent Relationship": "Inner","Parallel Aware": true,"Async Capable": false,"Startup Cost": 4210.00,"Total Cost": 4210.00,"Plan Rows": 62500,"Plan Width": 148,"Actual Startup Time": 56.184,"Actual Total Time": 56.192,"Actual Rows": 37500,"Actual Loops": 4,"Hash Buckets": 262144,"Original Hash Buckets": 262144,"Hash Batches": 1,"Original Hash Batches": 1,"Peak Memory Usage": 29344,"Workers": [],"Plans": [{"Node Type": "Seq Scan","Parent Relationship": "Outer","Parallel Aware": true,"Async Capable": false,"Relation Name": "customer","Alias": "customer","Startup Cost": 0.00,"Total Cost": 4210.00,"Plan Rows": 62500,"Plan Width": 148,"Actual Startup Time": 0.017,"Actual Total Time": 25.696,"Actual Rows": 37500,"Actual Loops": 4,"Workers": []}]}]},{"Node Type": "Hash","Parent Relationship": "Inner","Parallel Aware": false,"Async Capable": false,"Startup Cost": 1.25,"Total Cost": 1.25,"Plan Rows": 25,"Plan Width": 108,"Actual Startup Time": 0.071,"Actual Total Time": 0.075,"Actual Rows": 25,"Actual Loops": 4,"Hash Buckets": 1024,"Original Hash Buckets": 1024,"Hash Batches": 1,"Original Hash Batches": 1,"Peak Memory Usage": 10,"Workers": [],"Plans": [{"Node Type": "Seq Scan","Parent Relationship": "Outer","Parallel Aware": false,"Async Capable": false,"Relation Name": "nation","Alias": "nation","Startup Cost": 0.00,"Total Cost": 1.25,"Plan Rows": 25,"Plan Width": 108,"Actual Startup Time": 0.050,"Actual Total Time": 0.053,"Actual Rows": 25,"Actual Loops": 4,"Workers": []}]}]}]}]}]},"Planning Time": 7.724,"Triggers": [],"Execution Time": 636.921}]
[{"Plan": {"Node Type": "Sort","Parallel Aware": false,"Async Capable": false,"Startup Cost": 132293.09,"Total Cost": 132436.61,"Plan Rows": 57411,"Plan Width": 280,"Actual Startup Time": 612.013,"Actual Total Time": 652.224,"Actual Rows": 37922,"Actual Loops": 1,"Sort Key": ["(sum((lineitem.l_extendedprice * ('1'::numeric - lineitem.l_discount)))) DESC"],"Sort Method": "quicksort","Sort Space Used": 9827,"Sort Space Type": "Memory","Plans": [{"Node Type": "Aggregate","Strategy": "Hashed","Partial Mode": "Simple","Parent Relationship": "Outer","Parallel Aware": false,"Async Capable": false,"Startup Cost": 127037.38,"Total Cost": 127755.02,"Plan Rows": 57411,"Plan Width": 280,"Actual Startup Time": 427.597,"Actual Total Time": 578.840,"Actual Rows": 37922,"Actual Loops": 1,"Group Key": ["customer.c_custkey", "nation.n_name"],"Planned Partitions": 0,"HashAgg Batches": 1,"Peak Memory Usage": 26129,"Disk Usage": 0,"Plans": [{"Node Type": "Gather","Parent Relationship": "Outer","Parallel Aware": false,"Async Capable": false,"Startup Cost": 6799.26,"Total Cost": 126319.75,"Plan Rows": 57411,"Plan Width": 260,"Actual Startup Time": 84.985,"Actual Total Time": 295.027,"Actual Rows": 114929,"Actual Loops": 1,"Workers Planned": 3,"Workers Launched": 3,"Single Copy": false,"Plans": [{"Node Type": "Hash Join","Parent Relationship": "Outer","Parallel Aware": false,"Async Capable": false,"Join Type": "Inner","Startup Cost": 5799.26,"Total Cost": 119578.65,"Plan Rows": 18520,"Plan Width": 260,"Actual Startup Time": 77.490,"Actual Total Time": 369.817,"Actual Rows": 28732,"Actual Loops": 4,"Inner Unique": true,"Hash Cond": "(customer.c_nationkey = nation.n_nationkey)","Workers": [],"Plans": [{"Node Type": "Hash Join","Parent Relationship": "Outer","Parallel Aware": true,"Async Capable": false,"Join Type": "Inner","Startup Cost": 5797.70,"Total Cost": 119520.23,"Plan Rows": 18520,"Plan Width": 160,"Actual Startup Time": 77.066,"Actual Total Time": 360.808,"Actual Rows": 28732,"Actual Loops": 4,"Inner Unique": true,"Hash Cond": "(orders.o_custkey = customer.c_custkey)","Workers": [],"Plans": [{"Node Type": "Nested Loop","Parent Relationship": "Outer","Parallel Aware": false,"Async Capable": false,"Join Type": "Inner","Startup Cost": 806.45,"Total Cost": 114480.36,"Plan Rows": 18520,"Plan Width": 16,"Actual Startup Time": 13.430,"Actual Total Time": 255.437,"Actual Rows": 28732,"Actual Loops": 4,"Inner Unique": false,"Workers": [],"Plans": [{"Node Type": "Bitmap Heap Scan","Parent Relationship": "Outer","Parallel Aware": true,"Async Capable": false,"Relation Name": "orders","Alias": "orders","Startup Cost": 806.01,"Total Cost": 27183.11,"Plan Rows": 18807,"Plan Width": 8,"Actual Startup Time": 13.367,"Actual Total Time": 72.208,"Actual Rows": 14355,"Actual Loops": 4,"Recheck Cond": "((o_orderdate >= '1994-03-01'::date) AND (o_orderdate < '1994-06-01 00:00:00'::timestamp without time zone))","Rows Removed by Index Recheck": 0,"Exact Heap Blocks": 3712,"Lossy Heap Blocks": 0,"Workers": [],"Plans": [{"Node Type": "Bitmap Index Scan","Parent Relationship": "Outer","Parallel Aware": false,"Async Capable": false,"Index Name": "idx_orders_orderdate","Startup Cost": 0.00,"Total Cost": 791.44,"Plan Rows": 58301,"Plan Width": 0,"Actual Startup Time": 10.180,"Actual Total Time": 10.183,"Actual Rows": 57420,"Actual Loops": 1,"Index Cond": "((o_orderdate >= '1994-03-01'::date) AND (o_orderdate < '1994-06-01 00:00:00'::timestamp without time zone))","Workers": []}]},{"Node Type": "Index Scan","Parent Relationship": "Inner","Parallel Aware": false,"Async Capable": false,"Scan Direction": "Forward","Index Name": "idx_lineitem_orderkey","Relation Name": "lineitem","Alias": "lineitem","Startup Cost": 0.43,"Total Cost": 4.60,"Plan Rows": 4,"Plan Width": 16,"Actual Startup Time": 0.010,"Actual Total Time": 0.012,"Actual Rows": 2,"Actual Loops": 57420,"Index Cond": "(l_orderkey = orders.o_orderkey)","Rows Removed by Index Recheck": 0,"Filter": "(l_returnflag = 'R'::bpchar)","Rows Removed by Filter": 2,"Workers": []}]},{"Node Type": "Hash","Parent Relationship": "Inner","Parallel Aware": true,"Async Capable": false,"Startup Cost": 4210.00,"Total Cost": 4210.00,"Plan Rows": 62500,"Plan Width": 148,"Actual Startup Time": 63.095,"Actual Total Time": 63.101,"Actual Rows": 37500,"Actual Loops": 4,"Hash Buckets": 262144,"Original Hash Buckets": 262144,"Hash Batches": 1,"Original Hash Batches": 1,"Peak Memory Usage": 29280,"Workers": [],"Plans": [{"Node Type": "Seq Scan","Parent Relationship": "Outer","Parallel Aware": true,"Async Capable": false,"Relation Name": "customer","Alias": "customer","Startup Cost": 0.00,"Total Cost": 4210.00,"Plan Rows": 62500,"Plan Width": 148,"Actual Startup Time": 0.041,"Actual Total Time": 28.071,"Actual Rows": 37500,"Actual Loops": 4,"Workers": []}]}]},{"Node Type": "Hash","Parent Relationship": "Inner","Parallel Aware": false,"Async Capable": false,"Startup Cost": 1.25,"Total Cost": 1.25,"Plan Rows": 25,"Plan Width": 108,"Actual Startup Time": 0.097,"Actual Total Time": 0.101,"Actual Rows": 25,"Actual Loops": 4,"Hash Buckets": 1024,"Original Hash Buckets": 1024,"Hash Batches": 1,"Original Hash Batches": 1,"Peak Memory Usage": 10,"Workers": [],"Plans": [{"Node Type": "Seq Scan","Parent Relationship": "Outer","Parallel Aware": false,"Async Capable": false,"Relation Name": "nation","Alias": "nation","Startup Cost": 0.00,"Total Cost": 1.25,"Plan Rows": 25,"Plan Width": 108,"Actual Startup Time": 0.065,"Actual Total Time": 0.071,"Actual Rows": 25,"Actual Loops": 4,"Workers": []}]}]}]}]}]},"Planning Time": 6.342,"Triggers": [],"Execution Time": 656.718}]
[{"Plan": {"Node Type": "Sort","Parallel Aware": false,"Async Capable": false,"Startup Cost": 135821.55,"Total Cost": 135971.77,"Plan Rows": 60088,"Plan Width": 280,"Actual Startup Time": 612.241,"Actual Total Time": 654.721,"Actual Rows": 38271,"Actual Loops": 1,"Sort Key": ["(sum((lineitem.l_extendedprice * ('1'::numeric - lineitem.l_discount)))) DESC"],"Sort Method": "quicksort","Sort Space Used": 9908,"Sort Space Type": "Memory","Plans": [{"Node Type": "Aggregate","Strategy": "Hashed","Partial Mode": "Simple","Parent Relationship": "Outer","Parallel Aware": false,"Async Capable": false,"Startup Cost": 130301.02,"Total Cost": 131052.12,"Plan Rows": 60088,"Plan Width": 280,"Actual Startup Time": 429.301,"Actual Total Time": 581.634,"Actual Rows": 38271,"Actual Loops": 1,"Group Key": ["customer.c_custkey", "nation.n_name"],"Planned Partitions": 0,"HashAgg Batches": 1,"Peak Memory Usage": 27665,"Disk Usage": 0,"Plans": [{"Node Type": "Gather","Parent Relationship": "Outer","Parallel Aware": false,"Async Capable": false,"Startup Cost": 6839.13,"Total Cost": 129549.92,"Plan Rows": 60088,"Plan Width": 260,"Actual Startup Time": 85.611,"Actual Total Time": 294.175,"Actual Rows": 115282,"Actual Loops": 1,"Workers Planned": 3,"Workers Launched": 3,"Single Copy": false,"Plans": [{"Node Type": "Hash Join","Parent Relationship": "Outer","Parallel Aware": false,"Async Capable": false,"Join Type": "Inner","Startup Cost": 5839.13,"Total Cost": 122541.12,"Plan Rows": 19383,"Plan Width": 260,"Actual Startup Time": 78.447,"Actual Total Time": 371.364,"Actual Rows": 28820,"Actual Loops": 4,"Inner Unique": true,"Hash Cond": "(customer.c_nationkey = nation.n_nationkey)","Workers": [],"Plans": [{"Node Type": "Hash Join","Parent Relationship": "Outer","Parallel Aware": true,"Async Capable": false,"Join Type": "Inner","Startup Cost": 5837.56,"Total Cost": 122480.06,"Plan Rows": 19383,"Plan Width": 160,"Actual Startup Time": 78.051,"Actual Total Time": 362.469,"Actual Rows": 28820,"Actual Loops": 4,"Inner Unique": true,"Hash Cond": "(orders.o_custkey = customer.c_custkey)","Workers": [],"Plans": [{"Node Type": "Nested Loop","Parent Relationship": "Outer","Parallel Aware": false,"Async Capable": false,"Join Type": "Inner","Startup Cost": 846.31,"Total Cost": 117437.93,"Plan Rows": 19383,"Plan Width": 16,"Actual Startup Time": 13.660,"Actual Total Time": 255.763,"Actual Rows": 28820,"Actual Loops": 4,"Inner Unique": false,"Workers": [],"Plans": [{"Node Type": "Bitmap Heap Scan","Parent Relationship": "Outer","Parallel Aware": true,"Async Capable": false,"Relation Name": "orders","Alias": "orders","Startup Cost": 845.88,"Total Cost": 27236.14,"Plan Rows": 19684,"Plan Width": 8,"Actual Startup Time": 13.594,"Actual Total Time": 71.334,"Actual Rows": 14421,"Actual Loops": 4,"Recheck Cond": "((o_orderdate >= '1994-11-01'::date) AND (o_orderdate < '1995-02-01 00:00:00'::timestamp without time zone))","Rows Removed by Index Recheck": 0,"Exact Heap Blocks": 3552,"Lossy Heap Blocks": 0,"Workers": [],"Plans": [{"Node Type": "Bitmap Index Scan","Parent Relationship": "Outer","Parallel Aware": false,"Async Capable": false,"Index Name": "idx_orders_orderdate","Startup Cost": 0.00,"Total Cost": 830.63,"Plan Rows": 61020,"Plan Width": 0,"Actual Startup Time": 10.499,"Actual Total Time": 10.499,"Actual Rows": 57683,"Actual Loops": 1,"Index Cond": "((o_orderdate >= '1994-11-01'::date) AND (o_orderdate < '1995-02-01 00:00:00'::timestamp without time zone))","Workers": []}]},{"Node Type": "Index Scan","Parent Relationship": "Inner","Parallel Aware": false,"Async Capable": false,"Scan Direction": "Forward","Index Name": "idx_lineitem_orderkey","Relation Name": "lineitem","Alias": "lineitem","Startup Cost": 0.43,"Total Cost": 4.54,"Plan Rows": 4,"Plan Width": 16,"Actual Startup Time": 0.010,"Actual Total Time": 0.012,"Actual Rows": 2,"Actual Loops": 57683,"Index Cond": "(l_orderkey = orders.o_orderkey)","Rows Removed by Index Recheck": 0,"Filter": "(l_returnflag = 'R'::bpchar)","Rows Removed by Filter": 2,"Workers": []}]},{"Node Type": "Hash","Parent Relationship": "Inner","Parallel Aware": true,"Async Capable": false,"Startup Cost": 4210.00,"Total Cost": 4210.00,"Plan Rows": 62500,"Plan Width": 148,"Actual Startup Time": 63.847,"Actual Total Time": 63.854,"Actual Rows": 37500,"Actual Loops": 4,"Hash Buckets": 262144,"Original Hash Buckets": 262144,"Hash Batches": 1,"Original Hash Batches": 1,"Peak Memory Usage": 29312,"Workers": [],"Plans": [{"Node Type": "Seq Scan","Parent Relationship": "Outer","Parallel Aware": true,"Async Capable": false,"Relation Name": "customer","Alias": "customer","Startup Cost": 0.00,"Total Cost": 4210.00,"Plan Rows": 62500,"Plan Width": 148,"Actual Startup Time": 0.028,"Actual Total Time": 27.532,"Actual Rows": 37500,"Actual Loops": 4,"Workers": []}]}]},{"Node Type": "Hash","Parent Relationship": "Inner","Parallel Aware": false,"Async Capable": false,"Startup Cost": 1.25,"Total Cost": 1.25,"Plan Rows": 25,"Plan Width": 108,"Actual Startup Time": 0.090,"Actual Total Time": 0.096,"Actual Rows": 25,"Actual Loops": 4,"Hash Buckets": 1024,"Original Hash Buckets": 1024,"Hash Batches": 1,"Original Hash Batches": 1,"Peak Memory Usage": 10,"Workers": [],"Plans": [{"Node Type": "Seq Scan","Parent Relationship": "Outer","Parallel Aware": false,"Async Capable": false,"Relation Name": "nation","Alias": "nation","Startup Cost": 0.00,"Total Cost": 1.25,"Plan Rows": 25,"Plan Width": 108,"Actual Startup Time": 0.058,"Actual Total Time": 0.065,"Actual Rows": 25,"Actual Loops": 4,"Workers": []}]}]}]}]}]},"Planning Time": 7.427,"Triggers": [],"Execution Time": 660.359}]
[{"Plan": {"Node Type": "Sort","Parallel Aware": false,"Async Capable": false,"Startup Cost": 127549.79,"Total Cost": 127684.44,"Plan Rows": 53858,"Plan Width": 280,"Actual Startup Time": 605.399,"Actual Total Time": 645.666,"Actual Rows": 37880,"Actual Loops": 1,"Sort Key": ["(sum((lineitem.l_extendedprice * ('1'::numeric - lineitem.l_discount)))) DESC"],"Sort Method": "quicksort","Sort Space Used": 9830,"Sort Space Type": "Memory","Plans": [{"Node Type": "Aggregate","Strategy": "Hashed","Partial Mode": "Simple","Parent Relationship": "Outer","Parallel Aware": false,"Async Capable": false,"Startup Cost": 122644.17,"Total Cost": 123317.39,"Plan Rows": 53858,"Plan Width": 280,"Actual Startup Time": 424.771,"Actual Total Time": 574.608,"Actual Rows": 37880,"Actual Loops": 1,"Group Key": ["customer.c_custkey", "nation.n_name"],"Planned Partitions": 0,"HashAgg Batches": 1,"Peak Memory Usage": 26129,"Disk Usage": 0,"Plans": [{"Node Type": "Gather","Parent Relationship": "Outer","Parallel Aware": false,"Async Capable": false,"Startup Cost": 6750.28,"Total Cost": 121970.94,"Plan Rows": 53858,"Plan Width": 260,"Actual Startup Time": 85.178,"Actual Total Time": 295.165,"Actual Rows": 114508,"Actual Loops": 1,"Workers Planned": 3,"Workers Launched": 3,"Single Copy": false,"Plans": [{"Node Type": "Hash Join","Parent Relationship": "Outer","Parallel Aware": false,"Async Capable": false,"Join Type": "Inner","Startup Cost": 5750.28,"Total Cost": 115585.14,"Plan Rows": 17374,"Plan Width": 260,"Actual Startup Time": 78.100,"Actual Total Time": 368.715,"Actual Rows": 28627,"Actual Loops": 4,"Inner Unique": true,"Hash Cond": "(customer.c_nationkey = nation.n_nationkey)","Workers": [],"Plans": [{"Node Type": "Hash Join","Parent Relationship": "Outer","Parallel Aware": true,"Async Capable": false,"Join Type": "Inner","Startup Cost": 5748.71,"Total Cost": 115530.24,"Plan Rows": 17374,"Plan Width": 160,"Actual Startup Time": 77.678,"Actual Total Time": 360.085,"Actual Rows": 28627,"Actual Loops": 4,"Inner Unique": true,"Hash Cond": "(orders.o_custkey = customer.c_custkey)","Workers": [],"Plans": [{"Node Type": "Nested Loop","Parent Relationship": "Outer","Parallel Aware": false,"Async Capable": false,"Join Type": "Inner","Startup Cost": 757.46,"Total Cost": 110493.39,"Plan Rows": 17374,"Plan Width": 16,"Actual Startup Time": 13.130,"Actual Total Time": 256.172,"Actual Rows": 28627,"Actual Loops": 4,"Inner Unique": false,"Workers": [],"Plans": [{"Node Type": "Bitmap Heap Scan","Parent Relationship": "Outer","Parallel Aware": true,"Async Capable": false,"Relation Name": "orders","Alias": "orders","Startup Cost": 757.03,"Total Cost": 27116.67,"Plan Rows": 17643,"Plan Width": 8,"Actual Startup Time": 13.063,"Actual Total Time": 71.665,"Actual Rows": 14273,"Actual Loops": 4,"Recheck Cond": "((o_orderdate >= '1993-05-01'::date) AND (o_orderdate < '1993-08-01 00:00:00'::timestamp without time zone))","Rows Removed by Index Recheck": 0,"Exact Heap Blocks": 3695,"Lossy Heap Blocks": 0,"Workers": [],"Plans": [{"Node Type": "Bitmap Index Scan","Parent Relationship": "Outer","Parallel Aware": false,"Async Capable": false,"Index Name": "idx_orders_orderdate","Startup Cost": 0.00,"Total Cost": 743.36,"Plan Rows": 54693,"Plan Width": 0,"Actual Startup Time": 9.957,"Actual Total Time": 9.964,"Actual Rows": 57093,"Actual Loops": 1,"Index Cond": "((o_orderdate >= '1993-05-01'::date) AND (o_orderdate < '1993-08-01 00:00:00'::timestamp without time zone))","Workers": []}]},{"Node Type": "Index Scan","Parent Relationship": "Inner","Parallel Aware": false,"Async Capable": false,"Scan Direction": "Forward","Index Name": "idx_lineitem_orderkey","Relation Name": "lineitem","Alias": "lineitem","Startup Cost": 0.43,"Total Cost": 4.69,"Plan Rows": 4,"Plan Width": 16,"Actual Startup Time": 0.011,"Actual Total Time": 0.013,"Actual Rows": 2,"Actual Loops": 57093,"Index Cond": "(l_orderkey = orders.o_orderkey)","Rows Removed by Index Recheck": 0,"Filter": "(l_returnflag = 'R'::bpchar)","Rows Removed by Filter": 2,"Workers": []}]},{"Node Type": "Hash","Parent Relationship": "Inner","Parallel Aware": true,"Async Capable": false,"Startup Cost": 4210.00,"Total Cost": 4210.00,"Plan Rows": 62500,"Plan Width": 148,"Actual Startup Time": 63.988,"Actual Total Time": 63.994,"Actual Rows": 37500,"Actual Loops": 4,"Hash Buckets": 262144,"Original Hash Buckets": 262144,"Hash Batches": 1,"Original Hash Batches": 1,"Peak Memory Usage": 29344,"Workers": [],"Plans": [{"Node Type": "Seq Scan","Parent Relationship": "Outer","Parallel Aware": true,"Async Capable": false,"Relation Name": "customer","Alias": "customer","Startup Cost": 0.00,"Total Cost": 4210.00,"Plan Rows": 62500,"Plan Width": 148,"Actual Startup Time": 0.034,"Actual Total Time": 28.777,"Actual Rows": 37500,"Actual Loops": 4,"Workers": []}]}]},{"Node Type": "Hash","Parent Relationship": "Inner","Parallel Aware": false,"Async Capable": false,"Startup Cost": 1.25,"Total Cost": 1.25,"Plan Rows": 25,"Plan Width": 108,"Actual Startup Time": 0.078,"Actual Total Time": 0.083,"Actual Rows": 25,"Actual Loops": 4,"Hash Buckets": 1024,"Original Hash Buckets": 1024,"Hash Batches": 1,"Original Hash Batches": 1,"Peak Memory Usage": 10,"Workers": [],"Plans": [{"Node Type": "Seq Scan","Parent Relationship": "Outer","Parallel Aware": false,"Async Capable": false,"Relation Name": "nation","Alias": "nation","Startup Cost": 0.00,"Total Cost": 1.25,"Plan Rows": 25,"Plan Width": 108,"Actual Startup Time": 0.048,"Actual Total Time": 0.055,"Actual Rows": 25,"Actual Loops": 4,"Workers": []}]}]}]}]}]},"Planning Time": 7.141,"Triggers": [],"Execution Time": 649.992}]
[{"Plan": {"Node Type": "Sort","Parallel Aware": false,"Async Capable": false,"Startup Cost": 131330.41,"Total Cost": 131472.12,"Plan Rows": 56686,"Plan Width": 280,"Actual Startup Time": 587.483,"Actual Total Time": 628.086,"Actual Rows": 37925,"Actual Loops": 1,"Sort Key": ["(sum((lineitem.l_extendedprice * ('1'::numeric - lineitem.l_discount)))) DESC"],"Sort Method": "quicksort","Sort Space Used": 9832,"Sort Space Type": "Memory","Plans": [{"Node Type": "Aggregate","Strategy": "Hashed","Partial Mode": "Simple","Parent Relationship": "Outer","Parallel Aware": false,"Async Capable": false,"Startup Cost": 126146.27,"Total Cost": 126854.85,"Plan Rows": 56686,"Plan Width": 280,"Actual Startup Time": 410.388,"Actual Total Time": 556.054,"Actual Rows": 37925,"Actual Loops": 1,"Group Key": ["customer.c_custkey", "nation.n_name"],"Planned Partitions": 0,"HashAgg Batches": 1,"Peak Memory Usage": 26129,"Disk Usage": 0,"Plans": [{"Node Type": "Gather","Parent Relationship": "Outer","Parallel Aware": false,"Async Capable": false,"Startup Cost": 6791.71,"Total Cost": 125437.70,"Plan Rows": 56686,"Plan Width": 260,"Actual Startup Time": 76.070,"Actual Total Time": 284.431,"Actual Rows": 114550,"Actual Loops": 1,"Workers Planned": 3,"Workers Launched": 3,"Single Copy": false,"Plans": [{"Node Type": "Hash Join","Parent Relationship": "Outer","Parallel Aware": false,"Async Capable": false,"Join Type": "Inner","Startup Cost": 5791.71,"Total Cost": 118769.10,"Plan Rows": 18286,"Plan Width": 260,"Actual Startup Time": 68.409,"Actual Total Time": 355.040,"Actual Rows": 28638,"Actual Loops": 4,"Inner Unique": true,"Hash Cond": "(customer.c_nationkey = nation.n_nationkey)","Workers": [],"Plans": [{"Node Type": "Hash Join","Parent Relationship": "Outer","Parallel Aware": true,"Async Capable": false,"Join Type": "Inner","Startup Cost": 5790.15,"Total Cost": 118711.40,"Plan Rows": 18286,"Plan Width": 160,"Actual Startup Time": 67.911,"Actual Total Time": 346.301,"Actual Rows": 28638,"Actual Loops": 4,"Inner Unique": true,"Hash Cond": "(orders.o_custkey = customer.c_custkey)","Workers": [],"Plans": [{"Node Type": "Nested Loop","Parent Relationship": "Outer","Parallel Aware": false,"Async Capable": false,"Join Type": "Inner","Startup Cost": 798.90,"Total Cost": 113672.15,"Plan Rows": 18286,"Plan Width": 16,"Actual Startup Time": 13.342,"Actual Total Time": 249.825,"Actual Rows": 28638,"Actual Loops": 4,"Inner Unique": false,"Workers": [],"Plans": [{"Node Type": "Bitmap Heap Scan","Parent Relationship": "Outer","Parallel Aware": true,"Async Capable": false,"Relation Name": "orders","Alias": "orders","Startup Cost": 798.47,"Total Cost": 27172.01,"Plan Rows": 18569,"Plan Width": 8,"Actual Startup Time": 13.275,"Actual Total Time": 71.340,"Actual Rows": 14284,"Actual Loops": 4,"Recheck Cond": "((o_orderdate >= '1993-08-01'::date) AND (o_orderdate < '1993-11-01 00:00:00'::timestamp without time zone))","Rows Removed by Index Recheck": 0,"Exact Heap Blocks": 3594,"Lossy Heap Blocks": 0,"Workers": [],"Plans": [{"Node Type": "Bitmap Index Scan","Parent Relationship": "Outer","Parallel Aware": false,"Async Capable": false,"Index Name": "idx_orders_orderdate","Startup Cost": 0.00,"Total Cost": 784.08,"Plan Rows": 57565,"Plan Width": 0,"Actual Startup Time": 10.135,"Actual Total Time": 10.136,"Actual Rows": 57138,"Actual Loops": 1,"Index Cond": "((o_orderdate >= '1993-08-01'::date) AND (o_orderdate < '1993-11-01 00:00:00'::timestamp without time zone))","Workers": []}]},{"Node Type": "Index Scan","Parent Relationship": "Inner","Parallel Aware": false,"Async Capable": false,"Scan Direction": "Forward","Index Name": "idx_lineitem_orderkey","Relation Name": "lineitem","Alias": "lineitem","Startup Cost": 0.43,"Total Cost": 4.62,"Plan Rows": 4,"Plan Width": 16,"Actual Startup Time": 0.010,"Actual Total Time": 0.012,"Actual Rows": 2,"Actual Loops": 57138,"Index Cond": "(l_orderkey = orders.o_orderkey)","Rows Removed by Index Recheck": 0,"Filter": "(l_returnflag = 'R'::bpchar)","Rows Removed by Filter": 2,"Workers": []}]},{"Node Type": "Hash","Parent Relationship": "Inner","Parallel Aware": true,"Async Capable": false,"Startup Cost": 4210.00,"Total Cost": 4210.00,"Plan Rows": 62500,"Plan Width": 148,"Actual Startup Time": 53.968,"Actual Total Time": 53.976,"Actual Rows": 37500,"Actual Loops": 4,"Hash Buckets": 262144,"Original Hash Buckets": 262144,"Hash Batches": 1,"Original Hash Batches": 1,"Peak Memory Usage": 29344,"Workers": [],"Plans": [{"Node Type": "Seq Scan","Parent Relationship": "Outer","Parallel Aware": true,"Async Capable": false,"Relation Name": "customer","Alias": "customer","Startup Cost": 0.00,"Total Cost": 4210.00,"Plan Rows": 62500,"Plan Width": 148,"Actual Startup Time": 0.023,"Actual Total Time": 24.403,"Actual Rows": 37500,"Actual Loops": 4,"Workers": []}]}]},{"Node Type": "Hash","Parent Relationship": "Inner","Parallel Aware": false,"Async Capable": false,"Startup Cost": 1.25,"Total Cost": 1.25,"Plan Rows": 25,"Plan Width": 108,"Actual Startup Time": 0.099,"Actual Total Time": 0.106,"Actual Rows": 25,"Actual Loops": 4,"Hash Buckets": 1024,"Original Hash Buckets": 1024,"Hash Batches": 1,"Original Hash Batches": 1,"Peak Memory Usage": 10,"Workers": [],"Plans": [{"Node Type": "Seq Scan","Parent Relationship": "Outer","Parallel Aware": false,"Async Capable": false,"Relation Name": "nation","Alias": "nation","Startup Cost": 0.00,"Total Cost": 1.25,"Plan Rows": 25,"Plan Width": 108,"Actual Startup Time": 0.062,"Actual Total Time": 0.071,"Actual Rows": 25,"Actual Loops": 4,"Workers": []}]}]}]}]}]},"Planning Time": 6.540,"Triggers": [],"Execution Time": 634.012}]
[{"Plan": {"Node Type": "Sort","Parallel Aware": false,"Async Capable": false,"Startup Cost": 132260.34,"Total Cost": 132403.81,"Plan Rows": 57388,"Plan Width": 280,"Actual Startup Time": 619.828,"Actual Total Time": 659.334,"Actual Rows": 38182,"Actual Loops": 1,"Sort Key": ["(sum((lineitem.l_extendedprice * ('1'::numeric - lineitem.l_discount)))) DESC"],"Sort Method": "quicksort","Sort Space Used": 9879,"Sort Space Type": "Memory","Plans": [{"Node Type": "Aggregate","Strategy": "Hashed","Partial Mode": "Simple","Parent Relationship": "Outer","Parallel Aware": false,"Async Capable": false,"Startup Cost": 127006.91,"Total Cost": 127724.26,"Plan Rows": 57388,"Plan Width": 280,"Actual Startup Time": 430.185,"Actual Total Time": 588.903,"Actual Rows": 38182,"Actual Loops": 1,"Group Key": ["customer.c_custkey", "nation.n_name"],"Planned Partitions": 0,"HashAgg Batches": 1,"Peak Memory Usage": 26129,"Disk Usage": 0,"Plans": [{"Node Type": "Gather","Parent Relationship": "Outer","Parallel Aware": false,"Async Capable": false,"Startup Cost": 6799.02,"Total Cost": 126289.56,"Plan Rows": 57388,"Plan Width": 260,"Actual Startup Time": 89.737,"Actual Total Time": 296.974,"Actual Rows": 115050,"Actual Loops": 1,"Workers Planned": 3,"Workers Launched": 3,"Single Copy": false,"Plans": [{"Node Type": "Hash Join","Parent Relationship": "Outer","Parallel Aware": false,"Async Capable": false,"Join Type": "Inner","Startup Cost": 5799.02,"Total Cost": 119550.76,"Plan Rows": 18512,"Plan Width": 260,"Actual Startup Time": 82.322,"Actual Total Time": 373.404,"Actual Rows": 28762,"Actual Loops": 4,"Inner Unique": true,"Hash Cond": "(customer.c_nationkey = nation.n_nationkey)","Workers": [],"Plans": [{"Node Type": "Hash Join","Parent Relationship": "Outer","Parallel Aware": true,"Async Capable": false,"Join Type": "Inner","Startup Cost": 5797.46,"Total Cost": 119492.37,"Plan Rows": 18512,"Plan Width": 160,"Actual Startup Time": 81.937,"Actual Total Time": 363.986,"Actual Rows": 28762,"Actual Loops": 4,"Inner Unique": true,"Hash Cond": "(orders.o_custkey = customer.c_custkey)","Workers": [],"Plans": [{"Node Type": "Nested Loop","Parent Relationship": "Outer","Parallel Aware": false,"Async Capable": false,"Join Type": "Inner","Startup Cost": 806.21,"Total Cost": 114452.53,"Plan Rows": 18513,"Plan Width": 16,"Actual Startup Time": 13.433,"Actual Total Time": 253.545,"Actual Rows": 28762,"Actual Loops": 4,"Inner Unique": false,"Workers": [],"Plans": [{"Node Type": "Bitmap Heap Scan","Parent Relationship": "Outer","Parallel Aware": true,"Async Capable": false,"Relation Name": "orders","Alias": "orders","Startup Cost": 805.78,"Total Cost": 27182.77,"Plan Rows": 18799,"Plan Width": 8,"Actual Startup Time": 13.373,"Actual Total Time": 70.825,"Actual Rows": 14368,"Actual Loops": 4,"Recheck Cond": "((o_orderdate >= '1994-06-01'::date) AND (o_orderdate < '1994-09-01 00:00:00'::timestamp without time zone))","Rows Removed by Index Recheck": 0,"Exact Heap Blocks": 3680,"Lossy Heap Blocks": 0,"Workers": [],"Plans": [{"Node Type": "Bitmap Index Scan","Parent Relationship": "Outer","Parallel Aware": false,"Async Capable": false,"Index Name": "idx_orders_orderdate","Startup Cost": 0.00,"Total Cost": 791.21,"Plan Rows": 58278,"Plan Width": 0,"Actual Startup Time": 10.272,"Actual Total Time": 10.276,"Actual Rows": 57474,"Actual Loops": 1,"Index Cond": "((o_orderdate >= '1994-06-01'::date) AND (o_orderdate < '1994-09-01 00:00:00'::timestamp without time zone))","Workers": []}]},{"Node Type": "Index Scan","Parent Relationship": "Inner","Parallel Aware": false,"Async Capable": false,"Scan Direction": "Forward","Index Name": "idx_lineitem_orderkey","Relation Name": "lineitem","Alias": "lineitem","Startup Cost": 0.43,"Total Cost": 4.60,"Plan Rows": 4,"Plan Width": 16,"Actual Startup Time": 0.010,"Actual Total Time": 0.012,"Actual Rows": 2,"Actual Loops": 57474,"Index Cond": "(l_orderkey = orders.o_orderkey)","Rows Removed by Index Recheck": 0,"Filter": "(l_returnflag = 'R'::bpchar)","Rows Removed by Filter": 2,"Workers": []}]},{"Node Type": "Hash","Parent Relationship": "Inner","Parallel Aware": true,"Async Capable": false,"Startup Cost": 4210.00,"Total Cost": 4210.00,"Plan Rows": 62500,"Plan Width": 148,"Actual Startup Time": 67.921,"Actual Total Time": 67.927,"Actual Rows": 37500,"Actual Loops": 4,"Hash Buckets": 262144,"Original Hash Buckets": 262144,"Hash Batches": 1,"Original Hash Batches": 1,"Peak Memory Usage": 29312,"Workers": [],"Plans": [{"Node Type": "Seq Scan","Parent Relationship": "Outer","Parallel Aware": true,"Async Capable": false,"Relation Name": "customer","Alias": "customer","Startup Cost": 0.00,"Total Cost": 4210.00,"Plan Rows": 62500,"Plan Width": 148,"Actual Startup Time": 0.026,"Actual Total Time": 28.832,"Actual Rows": 37500,"Actual Loops": 4,"Workers": []}]}]},{"Node Type": "Hash","Parent Relationship": "Inner","Parallel Aware": false,"Async Capable": false,"Startup Cost": 1.25,"Total Cost": 1.25,"Plan Rows": 25,"Plan Width": 108,"Actual Startup Time": 0.096,"Actual Total Time": 0.101,"Actual Rows": 25,"Actual Loops": 4,"Hash Buckets": 1024,"Original Hash Buckets": 1024,"Hash Batches": 1,"Original Hash Batches": 1,"Peak Memory Usage": 10,"Workers": [],"Plans": [{"Node Type": "Seq Scan","Parent Relationship": "Outer","Parallel Aware": false,"Async Capable": false,"Relation Name": "nation","Alias": "nation","Startup Cost": 0.00,"Total Cost": 1.25,"Plan Rows": 25,"Plan Width": 108,"Actual Startup Time": 0.064,"Actual Total Time": 0.070,"Actual Rows": 25,"Actual Loops": 4,"Workers": []}]}]}]}]}]},"Planning Time": 7.103,"Triggers": [],"Execution Time": 663.701}]
[{"Plan": {"Node Type": "Sort","Parallel Aware": false,"Async Capable": false,"Startup Cost": 130975.09,"Total Cost": 131116.14,"Plan Rows": 56420,"Plan Width": 280,"Actual Startup Time": 559.129,"Actual Total Time": 601.162,"Actual Rows": 37859,"Actual Loops": 1,"Sort Key": ["(sum((lineitem.l_extendedprice * ('1'::numeric - lineitem.l_discount)))) DESC"],"Sort Method": "quicksort","Sort Space Used": 9818,"Sort Space Type": "Memory","Plans": [{"Node Type": "Aggregate","Strategy": "Hashed","Partial Mode": "Simple","Parent Relationship": "Outer","Parallel Aware": false,"Async Capable": false,"Startup Cost": 125817.20,"Total Cost": 126522.45,"Plan Rows": 56420,"Plan Width": 280,"Actual Startup Time": 383.531,"Actual Total Time": 530.212,"Actual Rows": 37859,"Actual Loops": 1,"Group Key": ["customer.c_custkey", "nation.n_name"],"Planned Partitions": 0,"HashAgg Batches": 1,"Peak Memory Usage": 26129,"Disk Usage": 0,"Plans": [{"Node Type": "Gather","Parent Relationship": "Outer","Parallel Aware": false,"Async Capable": false,"Startup Cost": 6784.95,"Total Cost": 125111.95,"Plan Rows": 56420,"Plan Width": 260,"Actual Startup Time": 70.081,"Actual Total Time": 265.015,"Actual Rows": 114028,"Actual Loops": 1,"Workers Planned": 3,"Workers Launched": 3,"Single Copy": false,"Plans": [{"Node Type": "Hash Join","Parent Relationship": "Outer","Parallel Aware": false,"Async Capable": false,"Join Type": "Inner","Startup Cost": 5784.95,"Total Cost": 118469.95,"Plan Rows": 18200,"Plan Width": 260,"Actual Startup Time": 62.841,"Actual Total Time": 330.296,"Actual Rows": 28507,"Actual Loops": 4,"Inner Unique": true,"Hash Cond": "(customer.c_nationkey = nation.n_nationkey)","Workers": [],"Plans": [{"Node Type": "Hash Join","Parent Relationship": "Outer","Parallel Aware": true,"Async Capable": false,"Join Type": "Inner","Startup Cost": 5783.38,"Total Cost": 118412.51,"Plan Rows": 18200,"Plan Width": 160,"Actual Startup Time": 62.430,"Actual Total Time": 322.490,"Actual Rows": 28507,"Actual Loops": 4,"Inner Unique": true,"Hash Cond": "(orders.o_custkey = customer.c_custkey)","Workers": [],"Plans": [{"Node Type": "Nested Loop","Parent Relationship": "Outer","Parallel Aware": false,"Async Capable": false,"Join Type": "Inner","Startup Cost": 792.13,"Total Cost": 113373.49,"Plan Rows": 18200,"Plan Width": 16,"Actual Startup Time": 13.021,"Actual Total Time": 238.266,"Actual Rows": 28507,"Actual Loops": 4,"Inner Unique": false,"Workers": [],"Plans": [{"Node Type": "Bitmap Heap Scan","Parent Relationship": "Outer","Parallel Aware": true,"Async Capable": false,"Relation Name": "orders","Alias": "orders","Startup Cost": 791.70,"Total Cost": 27163.94,"Plan Rows": 18482,"Plan Width": 8,"Actual Startup Time": 12.954,"Actual Total Time": 66.534,"Actual Rows": 14234,"Actual Loops": 4,"Recheck Cond": "((o_orderdate >= '1993-03-01'::date) AND (o_orderdate < '1993-06-01 00:00:00'::timestamp without time zone))","Rows Removed by Index Recheck": 0,"Exact Heap Blocks": 3517,"Lossy Heap Blocks": 0,"Workers": [],"Plans": [{"Node Type": "Bitmap Index Scan","Parent Relationship": "Outer","Parallel Aware": false,"Async Capable": false,"Index Name": "idx_orders_orderdate","Startup Cost": 0.00,"Total Cost": 777.38,"Plan Rows": 57295,"Plan Width": 0,"Actual Startup Time": 9.836,"Actual Total Time": 9.842,"Actual Rows": 56934,"Actual Loops": 1,"Index Cond": "((o_orderdate >= '1993-03-01'::date) AND (o_orderdate < '1993-06-01 00:00:00'::timestamp without time zone))","Workers": []}]},{"Node Type": "Index Scan","Parent Relationship": "Inner","Parallel Aware": false,"Async Capable": false,"Scan Direction": "Forward","Index Name": "idx_lineitem_orderkey","Relation Name": "lineitem","Alias": "lineitem","Startup Cost": 0.43,"Total Cost": 4.62,"Plan Rows": 4,"Plan Width": 16,"Actual Startup Time": 0.010,"Actual Total Time": 0.012,"Actual Rows": 2,"Actual Loops": 56934,"Index Cond": "(l_orderkey = orders.o_orderkey)","Rows Removed by Index Recheck": 0,"Filter": "(l_returnflag = 'R'::bpchar)","Rows Removed by Filter": 2,"Workers": []}]},{"Node Type": "Hash","Parent Relationship": "Inner","Parallel Aware": true,"Async Capable": false,"Startup Cost": 4210.00,"Total Cost": 4210.00,"Plan Rows": 62500,"Plan Width": 148,"Actual Startup Time": 48.797,"Actual Total Time": 48.806,"Actual Rows": 37500,"Actual Loops": 4,"Hash Buckets": 262144,"Original Hash Buckets": 262144,"Hash Batches": 1,"Original Hash Batches": 1,"Peak Memory Usage": 29344,"Workers": [],"Plans": [{"Node Type": "Seq Scan","Parent Relationship": "Outer","Parallel Aware": true,"Async Capable": false,"Relation Name": "customer","Alias": "customer","Startup Cost": 0.00,"Total Cost": 4210.00,"Plan Rows": 62500,"Plan Width": 148,"Actual Startup Time": 0.027,"Actual Total Time": 20.617,"Actual Rows": 37500,"Actual Loops": 4,"Workers": []}]}]},{"Node Type": "Hash","Parent Relationship": "Inner","Parallel Aware": false,"Async Capable": false,"Startup Cost": 1.25,"Total Cost": 1.25,"Plan Rows": 25,"Plan Width": 108,"Actual Startup Time": 0.102,"Actual Total Time": 0.108,"Actual Rows": 25,"Actual Loops": 4,"Hash Buckets": 1024,"Original Hash Buckets": 1024,"Hash Batches": 1,"Original Hash Batches": 1,"Peak Memory Usage": 10,"Workers": [],"Plans": [{"Node Type": "Seq Scan","Parent Relationship": "Outer","Parallel Aware": false,"Async Capable": false,"Relation Name": "nation","Alias": "nation","Startup Cost": 0.00,"Total Cost": 1.25,"Plan Rows": 25,"Plan Width": 108,"Actual Startup Time": 0.068,"Actual Total Time": 0.076,"Actual Rows": 25,"Actual Loops": 4,"Workers": []}]}]}]}]}]},"Planning Time": 7.017,"Triggers": [],"Execution Time": 606.974}]
[{"Plan": {"Node Type": "Sort","Parallel Aware": false,"Async Capable": false,"Startup Cost": 132260.34,"Total Cost": 132403.81,"Plan Rows": 57388,"Plan Width": 280,"Actual Startup Time": 619.828,"Actual Total Time": 659.334,"Actual Rows": 38182,"Actual Loops": 1,"Sort Key": ["(sum((lineitem.l_extendedprice * ('1'::numeric - lineitem.l_discount)))) DESC"],"Sort Method": "quicksort","Sort Space Used": 9879,"Sort Space Type": "Memory","Plans": [{"Node Type": "Aggregate","Strategy": "Hashed","Partial Mode": "Simple","Parent Relationship": "Outer","Parallel Aware": false,"Async Capable": false,"Startup Cost": 127006.91,"Total Cost": 127724.26,"Plan Rows": 57388,"Plan Width": 280,"Actual Startup Time": 430.185,"Actual Total Time": 588.903,"Actual Rows": 38182,"Actual Loops": 1,"Group Key": ["customer.c_custkey", "nation.n_name"],"Planned Partitions": 0,"HashAgg Batches": 1,"Peak Memory Usage": 26129,"Disk Usage": 0,"Plans": [{"Node Type": "Gather","Parent Relationship": "Outer","Parallel Aware": false,"Async Capable": false,"Startup Cost": 6799.02,"Total Cost": 126289.56,"Plan Rows": 57388,"Plan Width": 260,"Actual Startup Time": 89.737,"Actual Total Time": 296.974,"Actual Rows": 115050,"Actual Loops": 1,"Workers Planned": 3,"Workers Launched": 3,"Single Copy": false,"Plans": [{"Node Type": "Hash Join","Parent Relationship": "Outer","Parallel Aware": false,"Async Capable": false,"Join Type": "Inner","Startup Cost": 5799.02,"Total Cost": 119550.76,"Plan Rows": 18512,"Plan Width": 260,"Actual Startup Time": 82.322,"Actual Total Time": 373.404,"Actual Rows": 28762,"Actual Loops": 4,"Inner Unique": true,"Hash Cond": "(customer.c_nationkey = nation.n_nationkey)","Workers": [],"Plans": [{"Node Type": "Hash Join","Parent Relationship": "Outer","Parallel Aware": true,"Async Capable": false,"Join Type": "Inner","Startup Cost": 5797.46,"Total Cost": 119492.37,"Plan Rows": 18512,"Plan Width": 160,"Actual Startup Time": 81.937,"Actual Total Time": 363.986,"Actual Rows": 28762,"Actual Loops": 4,"Inner Unique": true,"Hash Cond": "(orders.o_custkey = customer.c_custkey)","Workers": [],"Plans": [{"Node Type": "Nested Loop","Parent Relationship": "Outer","Parallel Aware": false,"Async Capable": false,"Join Type": "Inner","Startup Cost": 806.21,"Total Cost": 114452.53,"Plan Rows": 18513,"Plan Width": 16,"Actual Startup Time": 13.433,"Actual Total Time": 253.545,"Actual Rows": 28762,"Actual Loops": 4,"Inner Unique": false,"Workers": [],"Plans": [{"Node Type": "Bitmap Heap Scan","Parent Relationship": "Outer","Parallel Aware": true,"Async Capable": false,"Relation Name": "orders","Alias": "orders","Startup Cost": 805.78,"Total Cost": 27182.77,"Plan Rows": 18799,"Plan Width": 8,"Actual Startup Time": 13.373,"Actual Total Time": 70.825,"Actual Rows": 14368,"Actual Loops": 4,"Recheck Cond": "((o_orderdate >= '1994-06-01'::date) AND (o_orderdate < '1994-09-01 00:00:00'::timestamp without time zone))","Rows Removed by Index Recheck": 0,"Exact Heap Blocks": 3680,"Lossy Heap Blocks": 0,"Workers": [],"Plans": [{"Node Type": "Bitmap Index Scan","Parent Relationship": "Outer","Parallel Aware": false,"Async Capable": false,"Index Name": "idx_orders_orderdate","Startup Cost": 0.00,"Total Cost": 791.21,"Plan Rows": 58278,"Plan Width": 0,"Actual Startup Time": 10.272,"Actual Total Time": 10.276,"Actual Rows": 57474,"Actual Loops": 1,"Index Cond": "((o_orderdate >= '1994-06-01'::date) AND (o_orderdate < '1994-09-01 00:00:00'::timestamp without time zone))","Workers": []}]},{"Node Type": "Index Scan","Parent Relationship": "Inner","Parallel Aware": false,"Async Capable": false,"Scan Direction": "Forward","Index Name": "idx_lineitem_orderkey","Relation Name": "lineitem","Alias": "lineitem","Startup Cost": 0.43,"Total Cost": 4.60,"Plan Rows": 4,"Plan Width": 16,"Actual Startup Time": 0.010,"Actual Total Time": 0.012,"Actual Rows": 2,"Actual Loops": 57474,"Index Cond": "(l_orderkey = orders.o_orderkey)","Rows Removed by Index Recheck": 0,"Filter": "(l_returnflag = 'R'::bpchar)","Rows Removed by Filter": 2,"Workers": []}]},{"Node Type": "Hash","Parent Relationship": "Inner","Parallel Aware": true,"Async Capable": false,"Startup Cost": 4210.00,"Total Cost": 4210.00,"Plan Rows": 62500,"Plan Width": 148,"Actual Startup Time": 67.921,"Actual Total Time": 67.927,"Actual Rows": 37500,"Actual Loops": 4,"Hash Buckets": 262144,"Original Hash Buckets": 262144,"Hash Batches": 1,"Original Hash Batches": 1,"Peak Memory Usage": 29312,"Workers": [],"Plans": [{"Node Type": "Seq Scan","Parent Relationship": "Outer","Parallel Aware": true,"Async Capable": false,"Relation Name": "customer","Alias": "customer","Startup Cost": 0.00,"Total Cost": 4210.00,"Plan Rows": 62500,"Plan Width": 148,"Actual Startup Time": 0.026,"Actual Total Time": 28.832,"Actual Rows": 37500,"Actual Loops": 4,"Workers": []}]}]},{"Node Type": "Hash","Parent Relationship": "Inner","Parallel Aware": false,"Async Capable": false,"Startup Cost": 1.25,"Total Cost": 1.25,"Plan Rows": 25,"Plan Width": 108,"Actual Startup Time": 0.096,"Actual Total Time": 0.101,"Actual Rows": 25,"Actual Loops": 4,"Hash Buckets": 1024,"Original Hash Buckets": 1024,"Hash Batches": 1,"Original Hash Batches": 1,"Peak Memory Usage": 10,"Workers": [],"Plans": [{"Node Type": "Seq Scan","Parent Relationship": "Outer","Parallel Aware": false,"Async Capable": false,"Relation Name": "nation","Alias": "nation","Startup Cost": 0.00,"Total Cost": 1.25,"Plan Rows": 25,"Plan Width": 108,"Actual Startup Time": 0.064,"Actual Total Time": 0.070,"Actual Rows": 25,"Actual Loops": 4,"Workers": []}]}]}]}]}]},"Planning Time": 7.103,"Triggers": [],"Execution Time": 663.701}]
[{"Plan": {"Node Type": "Sort","Parallel Aware": false,"Async Capable": false,"Startup Cost": 130505.43,"Total Cost": 130645.60,"Plan Rows": 56065,"Plan Width": 280,"Actual Startup Time": 601.513,"Actual Total Time": 641.580,"Actual Rows": 37018,"Actual Loops": 1,"Sort Key": ["(sum((lineitem.l_extendedprice * ('1'::numeric - lineitem.l_discount)))) DESC"],"Sort Method": "quicksort","Sort Space Used": 9627,"Sort Space Type": "Memory","Plans": [{"Node Type": "Aggregate","Strategy": "Hashed","Partial Mode": "Simple","Parent Relationship": "Outer","Parallel Aware": false,"Async Capable": false,"Startup Cost": 125382.55,"Total Cost": 126083.36,"Plan Rows": 56065,"Plan Width": 280,"Actual Startup Time": 416.495,"Actual Total Time": 572.420,"Actual Rows": 37018,"Actual Loops": 1,"Group Key": ["customer.c_custkey", "nation.n_name"],"Planned Partitions": 0,"HashAgg Batches": 1,"Peak Memory Usage": 26129,"Disk Usage": 0,"Plans": [{"Node Type": "Gather","Parent Relationship": "Outer","Parallel Aware": false,"Async Capable": false,"Startup Cost": 6781.25,"Total Cost": 124681.73,"Plan Rows": 56065,"Plan Width": 260,"Actual Startup Time": 81.623,"Actual Total Time": 288.921,"Actual Rows": 110603,"Actual Loops": 1,"Workers Planned": 3,"Workers Launched": 3,"Single Copy": false,"Plans": [{"Node Type": "Hash Join","Parent Relationship": "Outer","Parallel Aware": false,"Async Capable": false,"Join Type": "Inner","Startup Cost": 5781.25,"Total Cost": 118075.23,"Plan Rows": 18085,"Plan Width": 260,"Actual Startup Time": 74.243,"Actual Total Time": 359.851,"Actual Rows": 27651,"Actual Loops": 4,"Inner Unique": true,"Hash Cond": "(customer.c_nationkey = nation.n_nationkey)","Workers": [],"Plans": [{"Node Type": "Hash Join","Parent Relationship": "Outer","Parallel Aware": true,"Async Capable": false,"Join Type": "Inner","Startup Cost": 5779.68,"Total Cost": 118018.16,"Plan Rows": 18085,"Plan Width": 160,"Actual Startup Time": 73.807,"Actual Total Time": 350.724,"Actual Rows": 27651,"Actual Loops": 4,"Inner Unique": true,"Hash Cond": "(orders.o_custkey = customer.c_custkey)","Workers": [],"Plans": [{"Node Type": "Nested Loop","Parent Relationship": "Outer","Parallel Aware": false,"Async Capable": false,"Join Type": "Inner","Startup Cost": 788.43,"Total Cost": 112979.43,"Plan Rows": 18085,"Plan Width": 16,"Actual Startup Time": 13.351,"Actual Total Time": 248.674,"Actual Rows": 27651,"Actual Loops": 4,"Inner Unique": false,"Workers": [],"Plans": [{"Node Type": "Bitmap Heap Scan","Parent Relationship": "Outer","Parallel Aware": true,"Async Capable": false,"Relation Name": "orders","Alias": "orders","Startup Cost": 788.00,"Total Cost": 27158.49,"Plan Rows": 18366,"Plan Width": 8,"Actual Startup Time": 13.297,"Actual Total Time": 70.614,"Actual Rows": 13866,"Actual Loops": 4,"Recheck Cond": "((o_orderdate >= '1994-02-01'::date) AND (o_orderdate < '1994-05-01 00:00:00'::timestamp without time zone))","Rows Removed by Index Recheck": 0,"Exact Heap Blocks": 3619,"Lossy Heap Blocks": 0,"Workers": [],"Plans": [{"Node Type": "Bitmap Index Scan","Parent Relationship": "Outer","Parallel Aware": false,"Async Capable": false,"Index Name": "idx_orders_orderdate","Startup Cost": 0.00,"Total Cost": 773.77,"Plan Rows": 56934,"Plan Width": 0,"Actual Startup Time": 10.157,"Actual Total Time": 10.161,"Actual Rows": 55462,"Actual Loops": 1,"Index Cond": "((o_orderdate >= '1994-02-01'::date) AND (o_orderdate < '1994-05-01 00:00:00'::timestamp without time zone))","Workers": []}]},{"Node Type": "Index Scan","Parent Relationship": "Inner","Parallel Aware": false,"Async Capable": false,"Scan Direction": "Forward","Index Name": "idx_lineitem_orderkey","Relation Name": "lineitem","Alias": "lineitem","Startup Cost": 0.43,"Total Cost": 4.63,"Plan Rows": 4,"Plan Width": 16,"Actual Startup Time": 0.010,"Actual Total Time": 0.012,"Actual Rows": 2,"Actual Loops": 55462,"Index Cond": "(l_orderkey = orders.o_orderkey)","Rows Removed by Index Recheck": 0,"Filter": "(l_returnflag = 'R'::bpchar)","Rows Removed by Filter": 2,"Workers": []}]},{"Node Type": "Hash","Parent Relationship": "Inner","Parallel Aware": true,"Async Capable": false,"Startup Cost": 4210.00,"Total Cost": 4210.00,"Plan Rows": 62500,"Plan Width": 148,"Actual Startup Time": 59.812,"Actual Total Time": 59.817,"Actual Rows": 37500,"Actual Loops": 4,"Hash Buckets": 262144,"Original Hash Buckets": 262144,"Hash Batches": 1,"Original Hash Batches": 1,"Peak Memory Usage": 29344,"Workers": [],"Plans": [{"Node Type": "Seq Scan","Parent Relationship": "Outer","Parallel Aware": true,"Async Capable": false,"Relation Name": "customer","Alias": "customer","Startup Cost": 0.00,"Total Cost": 4210.00,"Plan Rows": 62500,"Plan Width": 148,"Actual Startup Time": 0.038,"Actual Total Time": 25.477,"Actual Rows": 37500,"Actual Loops": 4,"Workers": []}]}]},{"Node Type": "Hash","Parent Relationship": "Inner","Parallel Aware": false,"Async Capable": false,"Startup Cost": 1.25,"Total Cost": 1.25,"Plan Rows": 25,"Plan Width": 108,"Actual Startup Time": 0.111,"Actual Total Time": 0.116,"Actual Rows": 25,"Actual Loops": 4,"Hash Buckets": 1024,"Original Hash Buckets": 1024,"Hash Batches": 1,"Original Hash Batches": 1,"Peak Memory Usage": 10,"Workers": [],"Plans": [{"Node Type": "Seq Scan","Parent Relationship": "Outer","Parallel Aware": false,"Async Capable": false,"Relation Name": "nation","Alias": "nation","Startup Cost": 0.00,"Total Cost": 1.25,"Plan Rows": 25,"Plan Width": 108,"Actual Startup Time": 0.071,"Actual Total Time": 0.077,"Actual Rows": 25,"Actual Loops": 4,"Workers": []}]}]}]}]}]},"Planning Time": 7.387,"Triggers": [],"Execution Time": 645.928}]
[{"Plan": {"Node Type": "Sort","Parallel Aware": false,"Async Capable": false,"Startup Cost": 135821.55,"Total Cost": 135971.77,"Plan Rows": 60088,"Plan Width": 280,"Actual Startup Time": 612.241,"Actual Total Time": 654.721,"Actual Rows": 38271,"Actual Loops": 1,"Sort Key": ["(sum((lineitem.l_extendedprice * ('1'::numeric - lineitem.l_discount)))) DESC"],"Sort Method": "quicksort","Sort Space Used": 9908,"Sort Space Type": "Memory","Plans": [{"Node Type": "Aggregate","Strategy": "Hashed","Partial Mode": "Simple","Parent Relationship": "Outer","Parallel Aware": false,"Async Capable": false,"Startup Cost": 130301.02,"Total Cost": 131052.12,"Plan Rows": 60088,"Plan Width": 280,"Actual Startup Time": 429.301,"Actual Total Time": 581.634,"Actual Rows": 38271,"Actual Loops": 1,"Group Key": ["customer.c_custkey", "nation.n_name"],"Planned Partitions": 0,"HashAgg Batches": 1,"Peak Memory Usage": 27665,"Disk Usage": 0,"Plans": [{"Node Type": "Gather","Parent Relationship": "Outer","Parallel Aware": false,"Async Capable": false,"Startup Cost": 6839.13,"Total Cost": 129549.92,"Plan Rows": 60088,"Plan Width": 260,"Actual Startup Time": 85.611,"Actual Total Time": 294.175,"Actual Rows": 115282,"Actual Loops": 1,"Workers Planned": 3,"Workers Launched": 3,"Single Copy": false,"Plans": [{"Node Type": "Hash Join","Parent Relationship": "Outer","Parallel Aware": false,"Async Capable": false,"Join Type": "Inner","Startup Cost": 5839.13,"Total Cost": 122541.12,"Plan Rows": 19383,"Plan Width": 260,"Actual Startup Time": 78.447,"Actual Total Time": 371.364,"Actual Rows": 28820,"Actual Loops": 4,"Inner Unique": true,"Hash Cond": "(customer.c_nationkey = nation.n_nationkey)","Workers": [],"Plans": [{"Node Type": "Hash Join","Parent Relationship": "Outer","Parallel Aware": true,"Async Capable": false,"Join Type": "Inner","Startup Cost": 5837.56,"Total Cost": 122480.06,"Plan Rows": 19383,"Plan Width": 160,"Actual Startup Time": 78.051,"Actual Total Time": 362.469,"Actual Rows": 28820,"Actual Loops": 4,"Inner Unique": true,"Hash Cond": "(orders.o_custkey = customer.c_custkey)","Workers": [],"Plans": [{"Node Type": "Nested Loop","Parent Relationship": "Outer","Parallel Aware": false,"Async Capable": false,"Join Type": "Inner","Startup Cost": 846.31,"Total Cost": 117437.93,"Plan Rows": 19383,"Plan Width": 16,"Actual Startup Time": 13.660,"Actual Total Time": 255.763,"Actual Rows": 28820,"Actual Loops": 4,"Inner Unique": false,"Workers": [],"Plans": [{"Node Type": "Bitmap Heap Scan","Parent Relationship": "Outer","Parallel Aware": true,"Async Capable": false,"Relation Name": "orders","Alias": "orders","Startup Cost": 845.88,"Total Cost": 27236.14,"Plan Rows": 19684,"Plan Width": 8,"Actual Startup Time": 13.594,"Actual Total Time": 71.334,"Actual Rows": 14421,"Actual Loops": 4,"Recheck Cond": "((o_orderdate >= '1994-11-01'::date) AND (o_orderdate < '1995-02-01 00:00:00'::timestamp without time zone))","Rows Removed by Index Recheck": 0,"Exact Heap Blocks": 3552,"Lossy Heap Blocks": 0,"Workers": [],"Plans": [{"Node Type": "Bitmap Index Scan","Parent Relationship": "Outer","Parallel Aware": false,"Async Capable": false,"Index Name": "idx_orders_orderdate","Startup Cost": 0.00,"Total Cost": 830.63,"Plan Rows": 61020,"Plan Width": 0,"Actual Startup Time": 10.499,"Actual Total Time": 10.499,"Actual Rows": 57683,"Actual Loops": 1,"Index Cond": "((o_orderdate >= '1994-11-01'::date) AND (o_orderdate < '1995-02-01 00:00:00'::timestamp without time zone))","Workers": []}]},{"Node Type": "Index Scan","Parent Relationship": "Inner","Parallel Aware": false,"Async Capable": false,"Scan Direction": "Forward","Index Name": "idx_lineitem_orderkey","Relation Name": "lineitem","Alias": "lineitem","Startup Cost": 0.43,"Total Cost": 4.54,"Plan Rows": 4,"Plan Width": 16,"Actual Startup Time": 0.010,"Actual Total Time": 0.012,"Actual Rows": 2,"Actual Loops": 57683,"Index Cond": "(l_orderkey = orders.o_orderkey)","Rows Removed by Index Recheck": 0,"Filter": "(l_returnflag = 'R'::bpchar)","Rows Removed by Filter": 2,"Workers": []}]},{"Node Type": "Hash","Parent Relationship": "Inner","Parallel Aware": true,"Async Capable": false,"Startup Cost": 4210.00,"Total Cost": 4210.00,"Plan Rows": 62500,"Plan Width": 148,"Actual Startup Time": 63.847,"Actual Total Time": 63.854,"Actual Rows": 37500,"Actual Loops": 4,"Hash Buckets": 262144,"Original Hash Buckets": 262144,"Hash Batches": 1,"Original Hash Batches": 1,"Peak Memory Usage": 29312,"Workers": [],"Plans": [{"Node Type": "Seq Scan","Parent Relationship": "Outer","Parallel Aware": true,"Async Capable": false,"Relation Name": "customer","Alias": "customer","Startup Cost": 0.00,"Total Cost": 4210.00,"Plan Rows": 62500,"Plan Width": 148,"Actual Startup Time": 0.028,"Actual Total Time": 27.532,"Actual Rows": 37500,"Actual Loops": 4,"Workers": []}]}]},{"Node Type": "Hash","Parent Relationship": "Inner","Parallel Aware": false,"Async Capable": false,"Startup Cost": 1.25,"Total Cost": 1.25,"Plan Rows": 25,"Plan Width": 108,"Actual Startup Time": 0.090,"Actual Total Time": 0.096,"Actual Rows": 25,"Actual Loops": 4,"Hash Buckets": 1024,"Original Hash Buckets": 1024,"Hash Batches": 1,"Original Hash Batches": 1,"Peak Memory Usage": 10,"Workers": [],"Plans": [{"Node Type": "Seq Scan","Parent Relationship": "Outer","Parallel Aware": false,"Async Capable": false,"Relation Name": "nation","Alias": "nation","Startup Cost": 0.00,"Total Cost": 1.25,"Plan Rows": 25,"Plan Width": 108,"Actual Startup Time": 0.058,"Actual Total Time": 0.065,"Actual Rows": 25,"Actual Loops": 4,"Workers": []}]}]}]}]}]},"Planning Time": 7.427,"Triggers": [],"Execution Time": 660.359}]
[{"Plan": {"Node Type": "Sort","Parallel Aware": false,"Async Capable": false,"Startup Cost": 132006.18,"Total Cost": 132149.16,"Plan Rows": 57194,"Plan Width": 280,"Actual Startup Time": 619.069,"Actual Total Time": 657.587,"Actual Rows": 38097,"Actual Loops": 1,"Sort Key": ["(sum((lineitem.l_extendedprice * ('1'::numeric - lineitem.l_discount)))) DESC"],"Sort Method": "quicksort","Sort Space Used": 9867,"Sort Space Type": "Memory","Plans": [{"Node Type": "Aggregate","Strategy": "Hashed","Partial Mode": "Simple","Parent Relationship": "Outer","Parallel Aware": false,"Async Capable": false,"Startup Cost": 126771.91,"Total Cost": 127486.83,"Plan Rows": 57194,"Plan Width": 280,"Actual Startup Time": 426.706,"Actual Total Time": 585.981,"Actual Rows": 38097,"Actual Loops": 1,"Group Key": ["customer.c_custkey", "nation.n_name"],"Planned Partitions": 0,"HashAgg Batches": 1,"Peak Memory Usage": 26129,"Disk Usage": 0,"Plans": [{"Node Type": "Gather","Parent Relationship": "Outer","Parallel Aware": false,"Async Capable": false,"Startup Cost": 6797.00,"Total Cost": 126056.98,"Plan Rows": 57194,"Plan Width": 260,"Actual Startup Time": 85.005,"Actual Total Time": 294.440,"Actual Rows": 114700,"Actual Loops": 1,"Workers Planned": 3,"Workers Launched": 3,"Single Copy": false,"Plans": [{"Node Type": "Hash Join","Parent Relationship": "Outer","Parallel Aware": false,"Async Capable": false,"Join Type": "Inner","Startup Cost": 5797.00,"Total Cost": 119337.58,"Plan Rows": 18450,"Plan Width": 260,"Actual Startup Time": 77.864,"Actual Total Time": 370.283,"Actual Rows": 28675,"Actual Loops": 4,"Inner Unique": true,"Hash Cond": "(customer.c_nationkey = nation.n_nationkey)","Workers": [],"Plans": [{"Node Type": "Hash Join","Parent Relationship": "Outer","Parallel Aware": true,"Async Capable": false,"Join Type": "Inner","Startup Cost": 5795.44,"Total Cost": 119279.38,"Plan Rows": 18450,"Plan Width": 160,"Actual Startup Time": 77.458,"Actual Total Time": 360.463,"Actual Rows": 28675,"Actual Loops": 4,"Inner Unique": true,"Hash Cond": "(orders.o_custkey = customer.c_custkey)","Workers": [],"Plans": [{"Node Type": "Nested Loop","Parent Relationship": "Outer","Parallel Aware": false,"Async Capable": false,"Join Type": "Inner","Startup Cost": 804.19,"Total Cost": 114239.70,"Plan Rows": 18450,"Plan Width": 16,"Actual Startup Time": 13.282,"Actual Total Time": 254.673,"Actual Rows": 28675,"Actual Loops": 4,"Inner Unique": false,"Workers": [],"Plans": [{"Node Type": "Bitmap Heap Scan","Parent Relationship": "Outer","Parallel Aware": true,"Async Capable": false,"Relation Name": "orders","Alias": "orders","Startup Cost": 803.76,"Total Cost": 27179.79,"Plan Rows": 18736,"Plan Width": 8,"Actual Startup Time": 13.232,"Actual Total Time": 71.774,"Actual Rows": 14328,"Actual Loops": 4,"Recheck Cond": "((o_orderdate >= '1994-05-01'::date) AND (o_orderdate < '1994-08-01 00:00:00'::timestamp without time zone))","Rows Removed by Index Recheck": 0,"Exact Heap Blocks": 3671,"Lossy Heap Blocks": 0,"Workers": [],"Plans": [{"Node Type": "Bitmap Index Scan","Parent Relationship": "Outer","Parallel Aware": false,"Async Capable": false,"Index Name": "idx_orders_orderdate","Startup Cost": 0.00,"Total Cost": 789.24,"Plan Rows": 58081,"Plan Width": 0,"Actual Startup Time": 10.132,"Actual Total Time": 10.140,"Actual Rows": 57311,"Actual Loops": 1,"Index Cond": "((o_orderdate >= '1994-05-01'::date) AND (o_orderdate < '1994-08-01 00:00:00'::timestamp without time zone))","Workers": []}]},{"Node Type": "Index Scan","Parent Relationship": "Inner","Parallel Aware": false,"Async Capable": false,"Scan Direction": "Forward","Index Name": "idx_lineitem_orderkey","Relation Name": "lineitem","Alias": "lineitem","Startup Cost": 0.43,"Total Cost": 4.61,"Plan Rows": 4,"Plan Width": 16,"Actual Startup Time": 0.010,"Actual Total Time": 0.012,"Actual Rows": 2,"Actual Loops": 57311,"Index Cond": "(l_orderkey = orders.o_orderkey)","Rows Removed by Index Recheck": 0,"Filter": "(l_returnflag = 'R'::bpchar)","Rows Removed by Filter": 2,"Workers": []}]},{"Node Type": "Hash","Parent Relationship": "Inner","Parallel Aware": true,"Async Capable": false,"Startup Cost": 4210.00,"Total Cost": 4210.00,"Plan Rows": 62500,"Plan Width": 148,"Actual Startup Time": 63.588,"Actual Total Time": 63.595,"Actual Rows": 37500,"Actual Loops": 4,"Hash Buckets": 262144,"Original Hash Buckets": 262144,"Hash Batches": 1,"Original Hash Batches": 1,"Peak Memory Usage": 29312,"Workers": [],"Plans": [{"Node Type": "Seq Scan","Parent Relationship": "Outer","Parallel Aware": true,"Async Capable": false,"Relation Name": "customer","Alias": "customer","Startup Cost": 0.00,"Total Cost": 4210.00,"Plan Rows": 62500,"Plan Width": 148,"Actual Startup Time": 0.027,"Actual Total Time": 28.105,"Actual Rows": 37500,"Actual Loops": 4,"Workers": []}]}]},{"Node Type": "Hash","Parent Relationship": "Inner","Parallel Aware": false,"Async Capable": false,"Startup Cost": 1.25,"Total Cost": 1.25,"Plan Rows": 25,"Plan Width": 108,"Actual Startup Time": 0.090,"Actual Total Time": 0.096,"Actual Rows": 25,"Actual Loops": 4,"Hash Buckets": 1024,"Original Hash Buckets": 1024,"Hash Batches": 1,"Original Hash Batches": 1,"Peak Memory Usage": 10,"Workers": [],"Plans": [{"Node Type": "Seq Scan","Parent Relationship": "Outer","Parallel Aware": false,"Async Capable": false,"Relation Name": "nation","Alias": "nation","Startup Cost": 0.00,"Total Cost": 1.25,"Plan Rows": 25,"Plan Width": 108,"Actual Startup Time": 0.060,"Actual Total Time": 0.066,"Actual Rows": 25,"Actual Loops": 4,"Workers": []}]}]}]}]}]},"Planning Time": 6.734,"Triggers": [],"Execution Time": 661.786}]
[{"Plan": {"Node Type": "Sort","Parallel Aware": false,"Async Capable": false,"Startup Cost": 128992.79,"Total Cost": 129130.12,"Plan Rows": 54934,"Plan Width": 280,"Actual Startup Time": 576.704,"Actual Total Time": 617.888,"Actual Rows": 37047,"Actual Loops": 1,"Sort Key": ["(sum((lineitem.l_extendedprice * ('1'::numeric - lineitem.l_discount)))) DESC"],"Sort Method": "quicksort","Sort Space Used": 9638,"Sort Space Type": "Memory","Plans": [{"Node Type": "Aggregate","Strategy": "Hashed","Partial Mode": "Simple","Parent Relationship": "Outer","Parallel Aware": false,"Async Capable": false,"Startup Cost": 123981.32,"Total Cost": 124668.00,"Plan Rows": 54934,"Plan Width": 280,"Actual Startup Time": 405.696,"Actual Total Time": 547.631,"Actual Rows": 37047,"Actual Loops": 1,"Group Key": ["customer.c_custkey", "nation.n_name"],"Planned Partitions": 0,"HashAgg Batches": 1,"Peak Memory Usage": 26129,"Disk Usage": 0,"Plans": [{"Node Type": "Gather","Parent Relationship": "Outer","Parallel Aware": false,"Async Capable": false,"Startup Cost": 6765.48,"Total Cost": 123294.65,"Plan Rows": 54934,"Plan Width": 260,"Actual Startup Time": 77.101,"Actual Total Time": 288.603,"Actual Rows": 110515,"Actual Loops": 1,"Workers Planned": 3,"Workers Launched": 3,"Single Copy": false,"Plans": [{"Node Type": "Hash Join","Parent Relationship": "Outer","Parallel Aware": false,"Async Capable": false,"Join Type": "Inner","Startup Cost": 5765.48,"Total Cost": 116801.25,"Plan Rows": 17721,"Plan Width": 260,"Actual Startup Time": 69.802,"Actual Total Time": 351.295,"Actual Rows": 27629,"Actual Loops": 4,"Inner Unique": true,"Hash Cond": "(customer.c_nationkey = nation.n_nationkey)","Workers": [],"Plans": [{"Node Type": "Nested Loop","Parent Relationship": "Outer","Parallel Aware": false,"Async Capable": false,"Join Type": "Inner","Startup Cost": 5763.92,"Total Cost": 116745.28,"Plan Rows": 17721,"Plan Width": 160,"Actual Startup Time": 69.448,"Actual Total Time": 342.448,"Actual Rows": 27629,"Actual Loops": 4,"Inner Unique": false,"Workers": [],"Plans": [{"Node Type": "Hash Join","Parent Relationship": "Outer","Parallel Aware": true,"Async Capable": false,"Join Type": "Inner","Startup Cost": 5763.48,"Total Cost": 32175.66,"Plan Rows": 17995,"Plan Width": 152,"Actual Startup Time": 69.393,"Actual Total Time": 167.356,"Actual Rows": 13816,"Actual Loops": 4,"Inner Unique": true,"Hash Cond": "(orders.o_custkey = customer.c_custkey)","Workers": [],"Plans": [{"Node Type": "Bitmap Heap Scan","Parent Relationship": "Outer","Parallel Aware": true,"Async Capable": false,"Relation Name": "orders","Alias": "orders","Startup Cost": 772.23,"Total Cost": 27137.17,"Plan Rows": 17996,"Plan Width": 8,"Actual Startup Time": 13.220,"Actual Total Time": 67.142,"Actual Rows": 13816,"Actual Loops": 4,"Recheck Cond": "((o_orderdate >= '1993-02-01'::date) AND (o_orderdate < '1993-05-01 00:00:00'::timestamp without time zone))","Rows Removed by Index Recheck": 0,"Exact Heap Blocks": 3458,"Lossy Heap Blocks": 0,"Workers": [],"Plans": [{"Node Type": "Bitmap Index Scan","Parent Relationship": "Outer","Parallel Aware": false,"Async Capable": false,"Index Name": "idx_orders_orderdate","Startup Cost": 0.00,"Total Cost": 758.29,"Plan Rows": 55786,"Plan Width": 0,"Actual Startup Time": 10.104,"Actual Total Time": 10.109,"Actual Rows": 55266,"Actual Loops": 1,"Index Cond": "((o_orderdate >= '1993-02-01'::date) AND (o_orderdate < '1993-05-01 00:00:00'::timestamp without time zone))","Workers": []}]},{"Node Type": "Hash","Parent Relationship": "Inner","Parallel Aware": true,"Async Capable": false,"Startup Cost": 4210.00,"Total Cost": 4210.00,"Plan Rows": 62500,"Plan Width": 148,"Actual Startup Time": 55.605,"Actual Total Time": 55.613,"Actual Rows": 37500,"Actual Loops": 4,"Hash Buckets": 262144,"Original Hash Buckets": 262144,"Hash Batches": 1,"Original Hash Batches": 1,"Peak Memory Usage": 29312,"Workers": [],"Plans": [{"Node Type": "Seq Scan","Parent Relationship": "Outer","Parallel Aware": true,"Async Capable": false,"Relation Name": "customer","Alias": "customer","Startup Cost": 0.00,"Total Cost": 4210.00,"Plan Rows": 62500,"Plan Width": 148,"Actual Startup Time": 0.022,"Actual Total Time": 25.460,"Actual Rows": 37500,"Actual Loops": 4,"Workers": []}]}]},{"Node Type": "Index Scan","Parent Relationship": "Inner","Parallel Aware": false,"Async Capable": false,"Scan Direction": "Forward","Index Name": "idx_lineitem_orderkey","Relation Name": "lineitem","Alias": "lineitem","Startup Cost": 0.43,"Total Cost": 4.66,"Plan Rows": 4,"Plan Width": 16,"Actual Startup Time": 0.010,"Actual Total Time": 0.012,"Actual Rows": 2,"Actual Loops": 55266,"Index Cond": "(l_orderkey = orders.o_orderkey)","Rows Removed by Index Recheck": 0,"Filter": "(l_returnflag = 'R'::bpchar)","Rows Removed by Filter": 2,"Workers": []}]},{"Node Type": "Hash","Parent Relationship": "Inner","Parallel Aware": false,"Async Capable": false,"Startup Cost": 1.25,"Total Cost": 1.25,"Plan Rows": 25,"Plan Width": 108,"Actual Startup Time": 0.078,"Actual Total Time": 0.083,"Actual Rows": 25,"Actual Loops": 4,"Hash Buckets": 1024,"Original Hash Buckets": 1024,"Hash Batches": 1,"Original Hash Batches": 1,"Peak Memory Usage": 10,"Workers": [],"Plans": [{"Node Type": "Seq Scan","Parent Relationship": "Outer","Parallel Aware": false,"Async Capable": false,"Relation Name": "nation","Alias": "nation","Startup Cost": 0.00,"Total Cost": 1.25,"Plan Rows": 25,"Plan Width": 108,"Actual Startup Time": 0.053,"Actual Total Time": 0.057,"Actual Rows": 25,"Actual Loops": 4,"Workers": []}]}]}]}]}]},"Planning Time": 7.802,"Triggers": [],"Execution Time": 623.390}]
[{"Plan": {"Node Type": "Sort","Parallel Aware": false,"Async Capable": false,"Startup Cost": 128172.02,"Total Cost": 128307.83,"Plan Rows": 54323,"Plan Width": 280,"Actual Startup Time": 580.875,"Actual Total Time": 621.555,"Actual Rows": 37633,"Actual Loops": 1,"Sort Key": ["(sum((lineitem.l_extendedprice * ('1'::numeric - lineitem.l_discount)))) DESC"],"Sort Method": "quicksort","Sort Space Used": 9771,"Sort Space Type": "Memory","Plans": [{"Node Type": "Aggregate","Strategy": "Hashed","Partial Mode": "Simple","Parent Relationship": "Outer","Parallel Aware": false,"Async Capable": false,"Startup Cost": 123220.68,"Total Cost": 123899.72,"Plan Rows": 54323,"Plan Width": 280,"Actual Startup Time": 405.186,"Actual Total Time": 549.451,"Actual Rows": 37633,"Actual Loops": 1,"Group Key": ["customer.c_custkey", "nation.n_name"],"Planned Partitions": 0,"HashAgg Batches": 1,"Peak Memory Usage": 26129,"Disk Usage": 0,"Plans": [{"Node Type": "Gather","Parent Relationship": "Outer","Parallel Aware": false,"Async Capable": false,"Startup Cost": 6755.11,"Total Cost": 122541.64,"Plan Rows": 54323,"Plan Width": 260,"Actual Startup Time": 76.087,"Actual Total Time": 280.080,"Actual Rows": 112740,"Actual Loops": 1,"Workers Planned": 3,"Workers Launched": 3,"Single Copy": false,"Plans": [{"Node Type": "Hash Join","Parent Relationship": "Outer","Parallel Aware": false,"Async Capable": false,"Join Type": "Inner","Startup Cost": 5755.11,"Total Cost": 116109.34,"Plan Rows": 17524,"Plan Width": 260,"Actual Startup Time": 69.042,"Actual Total Time": 350.531,"Actual Rows": 28185,"Actual Loops": 4,"Inner Unique": true,"Hash Cond": "(customer.c_nationkey = nation.n_nationkey)","Workers": [],"Plans": [{"Node Type": "Hash Join","Parent Relationship": "Outer","Parallel Aware": true,"Async Capable": false,"Join Type": "Inner","Startup Cost": 5753.55,"Total Cost": 116053.98,"Plan Rows": 17524,"Plan Width": 160,"Actual Startup Time": 68.729,"Actual Total Time": 342.552,"Actual Rows": 28185,"Actual Loops": 4,"Inner Unique": true,"Hash Cond": "(orders.o_custkey = customer.c_custkey)","Workers": [],"Plans": [{"Node Type": "Nested Loop","Parent Relationship": "Outer","Parallel Aware": false,"Async Capable": false,"Join Type": "Inner","Startup Cost": 762.30,"Total Cost": 111016.73,"Plan Rows": 17524,"Plan Width": 16,"Actual Startup Time": 13.194,"Actual Total Time": 245.701,"Actual Rows": 28185,"Actual Loops": 4,"Inner Unique": false,"Workers": [],"Plans": [{"Node Type": "Bitmap Heap Scan","Parent Relationship": "Outer","Parallel Aware": true,"Async Capable": false,"Relation Name": "orders","Alias": "orders","Startup Cost": 761.87,"Total Cost": 27123.80,"Plan Rows": 17795,"Plan Width": 8,"Actual Startup Time": 13.139,"Actual Total Time": 70.147,"Actual Rows": 14108,"Actual Loops": 4,"Recheck Cond": "((o_orderdate >= '1993-04-01'::date) AND (o_orderdate < '1993-07-01 00:00:00'::timestamp without time zone))","Rows Removed by Index Recheck": 0,"Exact Heap Blocks": 3504,"Lossy Heap Blocks": 0,"Workers": [],"Plans": [{"Node Type": "Bitmap Index Scan","Parent Relationship": "Outer","Parallel Aware": false,"Async Capable": false,"Index Name": "idx_orders_orderdate","Startup Cost": 0.00,"Total Cost": 748.08,"Plan Rows": 55165,"Plan Width": 0,"Actual Startup Time": 10.077,"Actual Total Time": 10.080,"Actual Rows": 56434,"Actual Loops": 1,"Index Cond": "((o_orderdate >= '1993-04-01'::date) AND (o_orderdate < '1993-07-01 00:00:00'::timestamp without time zone))","Workers": []}]},{"Node Type": "Index Scan","Parent Relationship": "Inner","Parallel Aware": false,"Async Capable": false,"Scan Direction": "Forward","Index Name": "idx_lineitem_orderkey","Relation Name": "lineitem","Alias": "lineitem","Startup Cost": 0.43,"Total Cost": 4.67,"Plan Rows": 4,"Plan Width": 16,"Actual Startup Time": 0.010,"Actual Total Time": 0.012,"Actual Rows": 2,"Actual Loops": 56434,"Index Cond": "(l_orderkey = orders.o_orderkey)","Rows Removed by Index Recheck": 0,"Filter": "(l_returnflag = 'R'::bpchar)","Rows Removed by Filter": 2,"Workers": []}]},{"Node Type": "Hash","Parent Relationship": "Inner","Parallel Aware": true,"Async Capable": false,"Startup Cost": 4210.00,"Total Cost": 4210.00,"Plan Rows": 62500,"Plan Width": 148,"Actual Startup Time": 54.995,"Actual Total Time": 55.002,"Actual Rows": 37500,"Actual Loops": 4,"Hash Buckets": 262144,"Original Hash Buckets": 262144,"Hash Batches": 1,"Original Hash Batches": 1,"Peak Memory Usage": 29312,"Workers": [],"Plans": [{"Node Type": "Seq Scan","Parent Relationship": "Outer","Parallel Aware": true,"Async Capable": false,"Relation Name": "customer","Alias": "customer","Startup Cost": 0.00,"Total Cost": 4210.00,"Plan Rows": 62500,"Plan Width": 148,"Actual Startup Time": 0.020,"Actual Total Time": 23.497,"Actual Rows": 37500,"Actual Loops": 4,"Workers": []}]}]},{"Node Type": "Hash","Parent Relationship": "Inner","Parallel Aware": false,"Async Capable": false,"Startup Cost": 1.25,"Total Cost": 1.25,"Plan Rows": 25,"Plan Width": 108,"Actual Startup Time": 0.072,"Actual Total Time": 0.079,"Actual Rows": 25,"Actual Loops": 4,"Hash Buckets": 1024,"Original Hash Buckets": 1024,"Hash Batches": 1,"Original Hash Batches": 1,"Peak Memory Usage": 10,"Workers": [],"Plans": [{"Node Type": "Seq Scan","Parent Relationship": "Outer","Parallel Aware": false,"Async Capable": false,"Relation Name": "nation","Alias": "nation","Startup Cost": 0.00,"Total Cost": 1.25,"Plan Rows": 25,"Plan Width": 108,"Actual Startup Time": 0.049,"Actual Total Time": 0.055,"Actual Rows": 25,"Actual Loops": 4,"Workers": []}]}]}]}]}]},"Planning Time": 7.486,"Triggers": [],"Execution Time": 627.374}]
[{"Plan": {"Node Type": "Sort","Parallel Aware": false,"Async Capable": false,"Startup Cost": 127549.79,"Total Cost": 127684.44,"Plan Rows": 53858,"Plan Width": 280,"Actual Startup Time": 605.399,"Actual Total Time": 645.666,"Actual Rows": 37880,"Actual Loops": 1,"Sort Key": ["(sum((lineitem.l_extendedprice * ('1'::numeric - lineitem.l_discount)))) DESC"],"Sort Method": "quicksort","Sort Space Used": 9830,"Sort Space Type": "Memory","Plans": [{"Node Type": "Aggregate","Strategy": "Hashed","Partial Mode": "Simple","Parent Relationship": "Outer","Parallel Aware": false,"Async Capable": false,"Startup Cost": 122644.17,"Total Cost": 123317.39,"Plan Rows": 53858,"Plan Width": 280,"Actual Startup Time": 424.771,"Actual Total Time": 574.608,"Actual Rows": 37880,"Actual Loops": 1,"Group Key": ["customer.c_custkey", "nation.n_name"],"Planned Partitions": 0,"HashAgg Batches": 1,"Peak Memory Usage": 26129,"Disk Usage": 0,"Plans": [{"Node Type": "Gather","Parent Relationship": "Outer","Parallel Aware": false,"Async Capable": false,"Startup Cost": 6750.28,"Total Cost": 121970.94,"Plan Rows": 53858,"Plan Width": 260,"Actual Startup Time": 85.178,"Actual Total Time": 295.165,"Actual Rows": 114508,"Actual Loops": 1,"Workers Planned": 3,"Workers Launched": 3,"Single Copy": false,"Plans": [{"Node Type": "Hash Join","Parent Relationship": "Outer","Parallel Aware": false,"Async Capable": false,"Join Type": "Inner","Startup Cost": 5750.28,"Total Cost": 115585.14,"Plan Rows": 17374,"Plan Width": 260,"Actual Startup Time": 78.100,"Actual Total Time": 368.715,"Actual Rows": 28627,"Actual Loops": 4,"Inner Unique": true,"Hash Cond": "(customer.c_nationkey = nation.n_nationkey)","Workers": [],"Plans": [{"Node Type": "Hash Join","Parent Relationship": "Outer","Parallel Aware": true,"Async Capable": false,"Join Type": "Inner","Startup Cost": 5748.71,"Total Cost": 115530.24,"Plan Rows": 17374,"Plan Width": 160,"Actual Startup Time": 77.678,"Actual Total Time": 360.085,"Actual Rows": 28627,"Actual Loops": 4,"Inner Unique": true,"Hash Cond": "(orders.o_custkey = customer.c_custkey)","Workers": [],"Plans": [{"Node Type": "Nested Loop","Parent Relationship": "Outer","Parallel Aware": false,"Async Capable": false,"Join Type": "Inner","Startup Cost": 757.46,"Total Cost": 110493.39,"Plan Rows": 17374,"Plan Width": 16,"Actual Startup Time": 13.130,"Actual Total Time": 256.172,"Actual Rows": 28627,"Actual Loops": 4,"Inner Unique": false,"Workers": [],"Plans": [{"Node Type": "Bitmap Heap Scan","Parent Relationship": "Outer","Parallel Aware": true,"Async Capable": false,"Relation Name": "orders","Alias": "orders","Startup Cost": 757.03,"Total Cost": 27116.67,"Plan Rows": 17643,"Plan Width": 8,"Actual Startup Time": 13.063,"Actual Total Time": 71.665,"Actual Rows": 14273,"Actual Loops": 4,"Recheck Cond": "((o_orderdate >= '1993-05-01'::date) AND (o_orderdate < '1993-08-01 00:00:00'::timestamp without time zone))","Rows Removed by Index Recheck": 0,"Exact Heap Blocks": 3695,"Lossy Heap Blocks": 0,"Workers": [],"Plans": [{"Node Type": "Bitmap Index Scan","Parent Relationship": "Outer","Parallel Aware": false,"Async Capable": false,"Index Name": "idx_orders_orderdate","Startup Cost": 0.00,"Total Cost": 743.36,"Plan Rows": 54693,"Plan Width": 0,"Actual Startup Time": 9.957,"Actual Total Time": 9.964,"Actual Rows": 57093,"Actual Loops": 1,"Index Cond": "((o_orderdate >= '1993-05-01'::date) AND (o_orderdate < '1993-08-01 00:00:00'::timestamp without time zone))","Workers": []}]},{"Node Type": "Index Scan","Parent Relationship": "Inner","Parallel Aware": false,"Async Capable": false,"Scan Direction": "Forward","Index Name": "idx_lineitem_orderkey","Relation Name": "lineitem","Alias": "lineitem","Startup Cost": 0.43,"Total Cost": 4.69,"Plan Rows": 4,"Plan Width": 16,"Actual Startup Time": 0.011,"Actual Total Time": 0.013,"Actual Rows": 2,"Actual Loops": 57093,"Index Cond": "(l_orderkey = orders.o_orderkey)","Rows Removed by Index Recheck": 0,"Filter": "(l_returnflag = 'R'::bpchar)","Rows Removed by Filter": 2,"Workers": []}]},{"Node Type": "Hash","Parent Relationship": "Inner","Parallel Aware": true,"Async Capable": false,"Startup Cost": 4210.00,"Total Cost": 4210.00,"Plan Rows": 62500,"Plan Width": 148,"Actual Startup Time": 63.988,"Actual Total Time": 63.994,"Actual Rows": 37500,"Actual Loops": 4,"Hash Buckets": 262144,"Original Hash Buckets": 262144,"Hash Batches": 1,"Original Hash Batches": 1,"Peak Memory Usage": 29344,"Workers": [],"Plans": [{"Node Type": "Seq Scan","Parent Relationship": "Outer","Parallel Aware": true,"Async Capable": false,"Relation Name": "customer","Alias": "customer","Startup Cost": 0.00,"Total Cost": 4210.00,"Plan Rows": 62500,"Plan Width": 148,"Actual Startup Time": 0.034,"Actual Total Time": 28.777,"Actual Rows": 37500,"Actual Loops": 4,"Workers": []}]}]},{"Node Type": "Hash","Parent Relationship": "Inner","Parallel Aware": false,"Async Capable": false,"Startup Cost": 1.25,"Total Cost": 1.25,"Plan Rows": 25,"Plan Width": 108,"Actual Startup Time": 0.078,"Actual Total Time": 0.083,"Actual Rows": 25,"Actual Loops": 4,"Hash Buckets": 1024,"Original Hash Buckets": 1024,"Hash Batches": 1,"Original Hash Batches": 1,"Peak Memory Usage": 10,"Workers": [],"Plans": [{"Node Type": "Seq Scan","Parent Relationship": "Outer","Parallel Aware": false,"Async Capable": false,"Relation Name": "nation","Alias": "nation","Startup Cost": 0.00,"Total Cost": 1.25,"Plan Rows": 25,"Plan Width": 108,"Actual Startup Time": 0.048,"Actual Total Time": 0.055,"Actual Rows": 25,"Actual Loops": 4,"Workers": []}]}]}]}]}]},"Planning Time": 7.141,"Triggers": [],"Execution Time": 649.992}]
[{"Plan": {"Node Type": "Sort","Parallel Aware": false,"Async Capable": false,"Startup Cost": 132166.82,"Total Cost": 132310.11,"Plan Rows": 57318,"Plan Width": 280,"Actual Startup Time": 590.000,"Actual Total Time": 630.537,"Actual Rows": 37972,"Actual Loops": 1,"Sort Key": ["(sum((lineitem.l_extendedprice * ('1'::numeric - lineitem.l_discount)))) DESC"],"Sort Method": "quicksort","Sort Space Used": 9843,"Sort Space Type": "Memory","Plans": [{"Node Type": "Aggregate","Strategy": "Hashed","Partial Mode": "Simple","Parent Relationship": "Outer","Parallel Aware": false,"Async Capable": false,"Startup Cost": 126920.30,"Total Cost": 127636.77,"Plan Rows": 57318,"Plan Width": 280,"Actual Startup Time": 413.108,"Actual Total Time": 556.129,"Actual Rows": 37972,"Actual Loops": 1,"Group Key": ["customer.c_custkey", "nation.n_name"],"Planned Partitions": 0,"HashAgg Batches": 1,"Peak Memory Usage": 26129,"Disk Usage": 0,"Plans": [{"Node Type": "Gather","Parent Relationship": "Outer","Parallel Aware": false,"Async Capable": false,"Startup Cost": 6798.29,"Total Cost": 126203.82,"Plan Rows": 57318,"Plan Width": 260,"Actual Startup Time": 77.619,"Actual Total Time": 286.194,"Actual Rows": 114459,"Actual Loops": 1,"Workers Planned": 3,"Workers Launched": 3,"Single Copy": false,"Plans": [{"Node Type": "Hash Join","Parent Relationship": "Outer","Parallel Aware": false,"Async Capable": false,"Join Type": "Inner","Startup Cost": 5798.29,"Total Cost": 119472.02,"Plan Rows": 18490,"Plan Width": 260,"Actual Startup Time": 70.122,"Actual Total Time": 358.029,"Actual Rows": 28615,"Actual Loops": 4,"Inner Unique": true,"Hash Cond": "(customer.c_nationkey = nation.n_nationkey)","Workers": [],"Plans": [{"Node Type": "Hash Join","Parent Relationship": "Outer","Parallel Aware": true,"Async Capable": false,"Join Type": "Inner","Startup Cost": 5796.73,"Total Cost": 119413.69,"Plan Rows": 18490,"Plan Width": 160,"Actual Startup Time": 69.815,"Actual Total Time": 349.575,"Actual Rows": 28615,"Actual Loops": 4,"Inner Unique": true,"Hash Cond": "(orders.o_custkey = customer.c_custkey)","Workers": [],"Plans": [{"Node Type": "Nested Loop","Parent Relationship": "Outer","Parallel Aware": false,"Async Capable": false,"Join Type": "Inner","Startup Cost": 805.48,"Total Cost": 114373.91,"Plan Rows": 18490,"Plan Width": 16,"Actual Startup Time": 13.081,"Actual Total Time": 249.954,"Actual Rows": 28615,"Actual Loops": 4,"Inner Unique": false,"Workers": [],"Plans": [{"Node Type": "Bitmap Heap Scan","Parent Relationship": "Outer","Parallel Aware": true,"Async Capable": false,"Relation Name": "orders","Alias": "orders","Startup Cost": 805.05,"Total Cost": 27181.70,"Plan Rows": 18776,"Plan Width": 8,"Actual Startup Time": 13.019,"Actual Total Time": 71.418,"Actual Rows": 14305,"Actual Loops": 4,"Recheck Cond": "((o_orderdate >= '1994-10-01'::date) AND (o_orderdate < '1995-01-01 00:00:00'::timestamp without time zone))","Rows Removed by Index Recheck": 0,"Exact Heap Blocks": 3518,"Lossy Heap Blocks": 0,"Workers": [],"Plans": [{"Node Type": "Bitmap Index Scan","Parent Relationship": "Outer","Parallel Aware": false,"Async Capable": false,"Index Name": "idx_orders_orderdate","Startup Cost": 0.00,"Total Cost": 790.50,"Plan Rows": 58207,"Plan Width": 0,"Actual Startup Time": 9.954,"Actual Total Time": 9.955,"Actual Rows": 57219,"Actual Loops": 1,"Index Cond": "((o_orderdate >= '1994-10-01'::date) AND (o_orderdate < '1995-01-01 00:00:00'::timestamp without time zone))","Workers": []}]},{"Node Type": "Index Scan","Parent Relationship": "Inner","Parallel Aware": false,"Async Capable": false,"Scan Direction": "Forward","Index Name": "idx_lineitem_orderkey","Relation Name": "lineitem","Alias": "lineitem","Startup Cost": 0.43,"Total Cost": 4.60,"Plan Rows": 4,"Plan Width": 16,"Actual Startup Time": 0.010,"Actual Total Time": 0.012,"Actual Rows": 2,"Actual Loops": 57219,"Index Cond": "(l_orderkey = orders.o_orderkey)","Rows Removed by Index Recheck": 0,"Filter": "(l_returnflag = 'R'::bpchar)","Rows Removed by Filter": 2,"Workers": []}]},{"Node Type": "Hash","Parent Relationship": "Inner","Parallel Aware": true,"Async Capable": false,"Startup Cost": 4210.00,"Total Cost": 4210.00,"Plan Rows": 62500,"Plan Width": 148,"Actual Startup Time": 56.184,"Actual Total Time": 56.192,"Actual Rows": 37500,"Actual Loops": 4,"Hash Buckets": 262144,"Original Hash Buckets": 262144,"Hash Batches": 1,"Original Hash Batches": 1,"Peak Memory Usage": 29344,"Workers": [],"Plans": [{"Node Type": "Seq Scan","Parent Relationship": "Outer","Parallel Aware": true,"Async Capable": false,"Relation Name": "customer","Alias": "customer","Startup Cost": 0.00,"Total Cost": 4210.00,"Plan Rows": 62500,"Plan Width": 148,"Actual Startup Time": 0.017,"Actual Total Time": 25.696,"Actual Rows": 37500,"Actual Loops": 4,"Workers": []}]}]},{"Node Type": "Hash","Parent Relationship": "Inner","Parallel Aware": false,"Async Capable": false,"Startup Cost": 1.25,"Total Cost": 1.25,"Plan Rows": 25,"Plan Width": 108,"Actual Startup Time": 0.071,"Actual Total Time": 0.075,"Actual Rows": 25,"Actual Loops": 4,"Hash Buckets": 1024,"Original Hash Buckets": 1024,"Hash Batches": 1,"Original Hash Batches": 1,"Peak Memory Usage": 10,"Workers": [],"Plans": [{"Node Type": "Seq Scan","Parent Relationship": "Outer","Parallel Aware": false,"Async Capable": false,"Relation Name": "nation","Alias": "nation","Startup Cost": 0.00,"Total Cost": 1.25,"Plan Rows": 25,"Plan Width": 108,"Actual Startup Time": 0.050,"Actual Total Time": 0.053,"Actual Rows": 25,"Actual Loops": 4,"Workers": []}]}]}]}]}]},"Planning Time": 7.724,"Triggers": [],"Execution Time": 636.921}]
[{"Plan": {"Node Type": "Sort","Parallel Aware": false,"Async Capable": false,"Startup Cost": 132260.34,"Total Cost": 132403.81,"Plan Rows": 57388,"Plan Width": 280,"Actual Startup Time": 619.828,"Actual Total Time": 659.334,"Actual Rows": 38182,"Actual Loops": 1,"Sort Key": ["(sum((lineitem.l_extendedprice * ('1'::numeric - lineitem.l_discount)))) DESC"],"Sort Method": "quicksort","Sort Space Used": 9879,"Sort Space Type": "Memory","Plans": [{"Node Type": "Aggregate","Strategy": "Hashed","Partial Mode": "Simple","Parent Relationship": "Outer","Parallel Aware": false,"Async Capable": false,"Startup Cost": 127006.91,"Total Cost": 127724.26,"Plan Rows": 57388,"Plan Width": 280,"Actual Startup Time": 430.185,"Actual Total Time": 588.903,"Actual Rows": 38182,"Actual Loops": 1,"Group Key": ["customer.c_custkey", "nation.n_name"],"Planned Partitions": 0,"HashAgg Batches": 1,"Peak Memory Usage": 26129,"Disk Usage": 0,"Plans": [{"Node Type": "Gather","Parent Relationship": "Outer","Parallel Aware": false,"Async Capable": false,"Startup Cost": 6799.02,"Total Cost": 126289.56,"Plan Rows": 57388,"Plan Width": 260,"Actual Startup Time": 89.737,"Actual Total Time": 296.974,"Actual Rows": 115050,"Actual Loops": 1,"Workers Planned": 3,"Workers Launched": 3,"Single Copy": false,"Plans": [{"Node Type": "Hash Join","Parent Relationship": "Outer","Parallel Aware": false,"Async Capable": false,"Join Type": "Inner","Startup Cost": 5799.02,"Total Cost": 119550.76,"Plan Rows": 18512,"Plan Width": 260,"Actual Startup Time": 82.322,"Actual Total Time": 373.404,"Actual Rows": 28762,"Actual Loops": 4,"Inner Unique": true,"Hash Cond": "(customer.c_nationkey = nation.n_nationkey)","Workers": [],"Plans": [{"Node Type": "Hash Join","Parent Relationship": "Outer","Parallel Aware": true,"Async Capable": false,"Join Type": "Inner","Startup Cost": 5797.46,"Total Cost": 119492.37,"Plan Rows": 18512,"Plan Width": 160,"Actual Startup Time": 81.937,"Actual Total Time": 363.986,"Actual Rows": 28762,"Actual Loops": 4,"Inner Unique": true,"Hash Cond": "(orders.o_custkey = customer.c_custkey)","Workers": [],"Plans": [{"Node Type": "Nested Loop","Parent Relationship": "Outer","Parallel Aware": false,"Async Capable": false,"Join Type": "Inner","Startup Cost": 806.21,"Total Cost": 114452.53,"Plan Rows": 18513,"Plan Width": 16,"Actual Startup Time": 13.433,"Actual Total Time": 253.545,"Actual Rows": 28762,"Actual Loops": 4,"Inner Unique": false,"Workers": [],"Plans": [{"Node Type": "Bitmap Heap Scan","Parent Relationship": "Outer","Parallel Aware": true,"Async Capable": false,"Relation Name": "orders","Alias": "orders","Startup Cost": 805.78,"Total Cost": 27182.77,"Plan Rows": 18799,"Plan Width": 8,"Actual Startup Time": 13.373,"Actual Total Time": 70.825,"Actual Rows": 14368,"Actual Loops": 4,"Recheck Cond": "((o_orderdate >= '1994-06-01'::date) AND (o_orderdate < '1994-09-01 00:00:00'::timestamp without time zone))","Rows Removed by Index Recheck": 0,"Exact Heap Blocks": 3680,"Lossy Heap Blocks": 0,"Workers": [],"Plans": [{"Node Type": "Bitmap Index Scan","Parent Relationship": "Outer","Parallel Aware": false,"Async Capable": false,"Index Name": "idx_orders_orderdate","Startup Cost": 0.00,"Total Cost": 791.21,"Plan Rows": 58278,"Plan Width": 0,"Actual Startup Time": 10.272,"Actual Total Time": 10.276,"Actual Rows": 57474,"Actual Loops": 1,"Index Cond": "((o_orderdate >= '1994-06-01'::date) AND (o_orderdate < '1994-09-01 00:00:00'::timestamp without time zone))","Workers": []}]},{"Node Type": "Index Scan","Parent Relationship": "Inner","Parallel Aware": false,"Async Capable": false,"Scan Direction": "Forward","Index Name": "idx_lineitem_orderkey","Relation Name": "lineitem","Alias": "lineitem","Startup Cost": 0.43,"Total Cost": 4.60,"Plan Rows": 4,"Plan Width": 16,"Actual Startup Time": 0.010,"Actual Total Time": 0.012,"Actual Rows": 2,"Actual Loops": 57474,"Index Cond": "(l_orderkey = orders.o_orderkey)","Rows Removed by Index Recheck": 0,"Filter": "(l_returnflag = 'R'::bpchar)","Rows Removed by Filter": 2,"Workers": []}]},{"Node Type": "Hash","Parent Relationship": "Inner","Parallel Aware": true,"Async Capable": false,"Startup Cost": 4210.00,"Total Cost": 4210.00,"Plan Rows": 62500,"Plan Width": 148,"Actual Startup Time": 67.921,"Actual Total Time": 67.927,"Actual Rows": 37500,"Actual Loops": 4,"Hash Buckets": 262144,"Original Hash Buckets": 262144,"Hash Batches": 1,"Original Hash Batches": 1,"Peak Memory Usage": 29312,"Workers": [],"Plans": [{"Node Type": "Seq Scan","Parent Relationship": "Outer","Parallel Aware": true,"Async Capable": false,"Relation Name": "customer","Alias": "customer","Startup Cost": 0.00,"Total Cost": 4210.00,"Plan Rows": 62500,"Plan Width": 148,"Actual Startup Time": 0.026,"Actual Total Time": 28.832,"Actual Rows": 37500,"Actual Loops": 4,"Workers": []}]}]},{"Node Type": "Hash","Parent Relationship": "Inner","Parallel Aware": false,"Async Capable": false,"Startup Cost": 1.25,"Total Cost": 1.25,"Plan Rows": 25,"Plan Width": 108,"Actual Startup Time": 0.096,"Actual Total Time": 0.101,"Actual Rows": 25,"Actual Loops": 4,"Hash Buckets": 1024,"Original Hash Buckets": 1024,"Hash Batches": 1,"Original Hash Batches": 1,"Peak Memory Usage": 10,"Workers": [],"Plans": [{"Node Type": "Seq Scan","Parent Relationship": "Outer","Parallel Aware": false,"Async Capable": false,"Relation Name": "nation","Alias": "nation","Startup Cost": 0.00,"Total Cost": 1.25,"Plan Rows": 25,"Plan Width": 108,"Actual Startup Time": 0.064,"Actual Total Time": 0.070,"Actual Rows": 25,"Actual Loops": 4,"Workers": []}]}]}]}]}]},"Planning Time": 7.103,"Triggers": [],"Execution Time": 663.701}]
[{"Plan": {"Node Type": "Sort","Parallel Aware": false,"Async Capable": false,"Startup Cost": 130975.09,"Total Cost": 131116.14,"Plan Rows": 56420,"Plan Width": 280,"Actual Startup Time": 559.129,"Actual Total Time": 601.162,"Actual Rows": 37859,"Actual Loops": 1,"Sort Key": ["(sum((lineitem.l_extendedprice * ('1'::numeric - lineitem.l_discount)))) DESC"],"Sort Method": "quicksort","Sort Space Used": 9818,"Sort Space Type": "Memory","Plans": [{"Node Type": "Aggregate","Strategy": "Hashed","Partial Mode": "Simple","Parent Relationship": "Outer","Parallel Aware": false,"Async Capable": false,"Startup Cost": 125817.20,"Total Cost": 126522.45,"Plan Rows": 56420,"Plan Width": 280,"Actual Startup Time": 383.531,"Actual Total Time": 530.212,"Actual Rows": 37859,"Actual Loops": 1,"Group Key": ["customer.c_custkey", "nation.n_name"],"Planned Partitions": 0,"HashAgg Batches": 1,"Peak Memory Usage": 26129,"Disk Usage": 0,"Plans": [{"Node Type": "Gather","Parent Relationship": "Outer","Parallel Aware": false,"Async Capable": false,"Startup Cost": 6784.95,"Total Cost": 125111.95,"Plan Rows": 56420,"Plan Width": 260,"Actual Startup Time": 70.081,"Actual Total Time": 265.015,"Actual Rows": 114028,"Actual Loops": 1,"Workers Planned": 3,"Workers Launched": 3,"Single Copy": false,"Plans": [{"Node Type": "Hash Join","Parent Relationship": "Outer","Parallel Aware": false,"Async Capable": false,"Join Type": "Inner","Startup Cost": 5784.95,"Total Cost": 118469.95,"Plan Rows": 18200,"Plan Width": 260,"Actual Startup Time": 62.841,"Actual Total Time": 330.296,"Actual Rows": 28507,"Actual Loops": 4,"Inner Unique": true,"Hash Cond": "(customer.c_nationkey = nation.n_nationkey)","Workers": [],"Plans": [{"Node Type": "Hash Join","Parent Relationship": "Outer","Parallel Aware": true,"Async Capable": false,"Join Type": "Inner","Startup Cost": 5783.38,"Total Cost": 118412.51,"Plan Rows": 18200,"Plan Width": 160,"Actual Startup Time": 62.430,"Actual Total Time": 322.490,"Actual Rows": 28507,"Actual Loops": 4,"Inner Unique": true,"Hash Cond": "(orders.o_custkey = customer.c_custkey)","Workers": [],"Plans": [{"Node Type": "Nested Loop","Parent Relationship": "Outer","Parallel Aware": false,"Async Capable": false,"Join Type": "Inner","Startup Cost": 792.13,"Total Cost": 113373.49,"Plan Rows": 18200,"Plan Width": 16,"Actual Startup Time": 13.021,"Actual Total Time": 238.266,"Actual Rows": 28507,"Actual Loops": 4,"Inner Unique": false,"Workers": [],"Plans": [{"Node Type": "Bitmap Heap Scan","Parent Relationship": "Outer","Parallel Aware": true,"Async Capable": false,"Relation Name": "orders","Alias": "orders","Startup Cost": 791.70,"Total Cost": 27163.94,"Plan Rows": 18482,"Plan Width": 8,"Actual Startup Time": 12.954,"Actual Total Time": 66.534,"Actual Rows": 14234,"Actual Loops": 4,"Recheck Cond": "((o_orderdate >= '1993-03-01'::date) AND (o_orderdate < '1993-06-01 00:00:00'::timestamp without time zone))","Rows Removed by Index Recheck": 0,"Exact Heap Blocks": 3517,"Lossy Heap Blocks": 0,"Workers": [],"Plans": [{"Node Type": "Bitmap Index Scan","Parent Relationship": "Outer","Parallel Aware": false,"Async Capable": false,"Index Name": "idx_orders_orderdate","Startup Cost": 0.00,"Total Cost": 777.38,"Plan Rows": 57295,"Plan Width": 0,"Actual Startup Time": 9.836,"Actual Total Time": 9.842,"Actual Rows": 56934,"Actual Loops": 1,"Index Cond": "((o_orderdate >= '1993-03-01'::date) AND (o_orderdate < '1993-06-01 00:00:00'::timestamp without time zone))","Workers": []}]},{"Node Type": "Index Scan","Parent Relationship": "Inner","Parallel Aware": false,"Async Capable": false,"Scan Direction": "Forward","Index Name": "idx_lineitem_orderkey","Relation Name": "lineitem","Alias": "lineitem","Startup Cost": 0.43,"Total Cost": 4.62,"Plan Rows": 4,"Plan Width": 16,"Actual Startup Time": 0.010,"Actual Total Time": 0.012,"Actual Rows": 2,"Actual Loops": 56934,"Index Cond": "(l_orderkey = orders.o_orderkey)","Rows Removed by Index Recheck": 0,"Filter": "(l_returnflag = 'R'::bpchar)","Rows Removed by Filter": 2,"Workers": []}]},{"Node Type": "Hash","Parent Relationship": "Inner","Parallel Aware": true,"Async Capable": false,"Startup Cost": 4210.00,"Total Cost": 4210.00,"Plan Rows": 62500,"Plan Width": 148,"Actual Startup Time": 48.797,"Actual Total Time": 48.806,"Actual Rows": 37500,"Actual Loops": 4,"Hash Buckets": 262144,"Original Hash Buckets": 262144,"Hash Batches": 1,"Original Hash Batches": 1,"Peak Memory Usage": 29344,"Workers": [],"Plans": [{"Node Type": "Seq Scan","Parent Relationship": "Outer","Parallel Aware": true,"Async Capable": false,"Relation Name": "customer","Alias": "customer","Startup Cost": 0.00,"Total Cost": 4210.00,"Plan Rows": 62500,"Plan Width": 148,"Actual Startup Time": 0.027,"Actual Total Time": 20.617,"Actual Rows": 37500,"Actual Loops": 4,"Workers": []}]}]},{"Node Type": "Hash","Parent Relationship": "Inner","Parallel Aware": false,"Async Capable": false,"Startup Cost": 1.25,"Total Cost": 1.25,"Plan Rows": 25,"Plan Width": 108,"Actual Startup Time": 0.102,"Actual Total Time": 0.108,"Actual Rows": 25,"Actual Loops": 4,"Hash Buckets": 1024,"Original Hash Buckets": 1024,"Hash Batches": 1,"Original Hash Batches": 1,"Peak Memory Usage": 10,"Workers": [],"Plans": [{"Node Type": "Seq Scan","Parent Relationship": "Outer","Parallel Aware": false,"Async Capable": false,"Relation Name": "nation","Alias": "nation","Startup Cost": 0.00,"Total Cost": 1.25,"Plan Rows": 25,"Plan Width": 108,"Actual Startup Time": 0.068,"Actual Total Time": 0.076,"Actual Rows": 25,"Actual Loops": 4,"Workers": []}]}]}]}]}]},"Planning Time": 7.017,"Triggers": [],"Execution Time": 606.974}]
[{"Plan": {"Node Type": "Sort","Parallel Aware": false,"Async Capable": false,"Startup Cost": 134586.43,"Total Cost": 134734.30,"Plan Rows": 59150,"Plan Width": 280,"Actual Startup Time": 563.586,"Actual Total Time": 604.383,"Actual Rows": 37293,"Actual Loops": 1,"Sort Key": ["(sum((lineitem.l_extendedprice * ('1'::numeric - lineitem.l_discount)))) DESC"],"Sort Method": "quicksort","Sort Space Used": 9691,"Sort Space Type": "Memory","Plans": [{"Node Type": "Aggregate","Strategy": "Hashed","Partial Mode": "Simple","Parent Relationship": "Outer","Parallel Aware": false,"Async Capable": false,"Startup Cost": 129158.80,"Total Cost": 129898.17,"Plan Rows": 59150,"Plan Width": 280,"Actual Startup Time": 392.436,"Actual Total Time": 532.730,"Actual Rows": 37293,"Actual Loops": 1,"Group Key": ["customer.c_custkey", "nation.n_name"],"Planned Partitions": 0,"HashAgg Batches": 1,"Peak Memory Usage": 27665,"Disk Usage": 0,"Plans": [{"Node Type": "Gather","Parent Relationship": "Outer","Parallel Aware": false,"Async Capable": false,"Startup Cost": 6825.36,"Total Cost": 128419.42,"Plan Rows": 59150,"Plan Width": 260,"Actual Startup Time": 75.957,"Actual Total Time": 271.680,"Actual Rows": 108779,"Actual Loops": 1,"Workers Planned": 3,"Workers Launched": 3,"Single Copy": false,"Plans": [{"Node Type": "Hash Join","Parent Relationship": "Outer","Parallel Aware": false,"Async Capable": false,"Join Type": "Inner","Startup Cost": 5825.36,"Total Cost": 121504.42,"Plan Rows": 19081,"Plan Width": 260,"Actual Startup Time": 69.040,"Actual Total Time": 339.341,"Actual Rows": 27195,"Actual Loops": 4,"Inner Unique": true,"Hash Cond": "(customer.c_nationkey = nation.n_nationkey)","Workers": [],"Plans": [{"Node Type": "Hash Join","Parent Relationship": "Outer","Parallel Aware": true,"Async Capable": false,"Join Type": "Inner","Startup Cost": 5823.80,"Total Cost": 121444.28,"Plan Rows": 19081,"Plan Width": 160,"Actual Startup Time": 68.657,"Actual Total Time": 330.758,"Actual Rows": 27195,"Actual Loops": 4,"Inner Unique": true,"Hash Cond": "(orders.o_custkey = customer.c_custkey)","Workers": [],"Plans": [{"Node Type": "Nested Loop","Parent Relationship": "Outer","Parallel Aware": false,"Async Capable": false,"Join Type": "Inner","Startup Cost": 832.55,"Total Cost": 116402.95,"Plan Rows": 19081,"Plan Width": 16,"Actual Startup Time": 13.292,"Actual Total Time": 236.377,"Actual Rows": 27195,"Actual Loops": 4,"Inner Unique": false,"Workers": [],"Plans": [{"Node Type": "Bitmap Heap Scan","Parent Relationship": "Outer","Parallel Aware": true,"Async Capable": false,"Relation Name": "orders","Alias": "orders","Startup Cost": 832.11,"Total Cost": 27217.76,"Plan Rows": 19376,"Plan Width": 8,"Actual Startup Time": 13.230,"Actual Total Time": 65.610,"Actual Rows": 14144,"Actual Loops": 4,"Recheck Cond": "((o_orderdate >= '1994-12-01'::date) AND (o_orderdate < '1995-03-01 00:00:00'::timestamp without time zone))","Rows Removed by Index Recheck": 0,"Exact Heap Blocks": 3506,"Lossy Heap Blocks": 0,"Workers": [],"Plans": [{"Node Type": "Bitmap Index Scan","Parent Relationship": "Outer","Parallel Aware": false,"Async Capable": false,"Index Name": "idx_orders_orderdate","Startup Cost": 0.00,"Total Cost": 817.10,"Plan Rows": 60067,"Plan Width": 0,"Actual Startup Time": 10.114,"Actual Total Time": 10.122,"Actual Rows": 56577,"Actual Loops": 1,"Index Cond": "((o_orderdate >= '1994-12-01'::date) AND (o_orderdate < '1995-03-01 00:00:00'::timestamp without time zone))","Workers": []}]},{"Node Type": "Index Scan","Parent Relationship": "Inner","Parallel Aware": false,"Async Capable": false,"Scan Direction": "Forward","Index Name": "idx_lineitem_orderkey","Relation Name": "lineitem","Alias": "lineitem","Startup Cost": 0.43,"Total Cost": 4.56,"Plan Rows": 4,"Plan Width": 16,"Actual Startup Time": 0.010,"Actual Total Time": 0.012,"Actual Rows": 2,"Actual Loops": 56577,"Index Cond": "(l_orderkey = orders.o_orderkey)","Rows Removed by Index Recheck": 0,"Filter": "(l_returnflag = 'R'::bpchar)","Rows Removed by Filter": 2,"Workers": []}]},{"Node Type": "Hash","Parent Relationship": "Inner","Parallel Aware": true,"Async Capable": false,"Startup Cost": 4210.00,"Total Cost": 4210.00,"Plan Rows": 62500,"Plan Width": 148,"Actual Startup Time": 54.812,"Actual Total Time": 54.818,"Actual Rows": 37500,"Actual Loops": 4,"Hash Buckets": 262144,"Original Hash Buckets": 262144,"Hash Batches": 1,"Original Hash Batches": 1,"Peak Memory Usage": 29312,"Workers": [],"Plans": [{"Node Type": "Seq Scan","Parent Relationship": "Outer","Parallel Aware": true,"Async Capable": false,"Relation Name": "customer","Alias": "customer","Startup Cost": 0.00,"Total Cost": 4210.00,"Plan Rows": 62500,"Plan Width": 148,"Actual Startup Time": 0.022,"Actual Total Time": 23.786,"Actual Rows": 37500,"Actual Loops": 4,"Workers": []}]}]},{"Node Type": "Hash","Parent Relationship": "Inner","Parallel Aware": false,"Async Capable": false,"Startup Cost": 1.25,"Total Cost": 1.25,"Plan Rows": 25,"Plan Width": 108,"Actual Startup Time": 0.089,"Actual Total Time": 0.092,"Actual Rows": 25,"Actual Loops": 4,"Hash Buckets": 1024,"Original Hash Buckets": 1024,"Hash Batches": 1,"Original Hash Batches": 1,"Peak Memory Usage": 10,"Workers": [],"Plans": [{"Node Type": "Seq Scan","Parent Relationship": "Outer","Parallel Aware": false,"Async Capable": false,"Relation Name": "nation","Alias": "nation","Startup Cost": 0.00,"Total Cost": 1.25,"Plan Rows": 25,"Plan Width": 108,"Actual Startup Time": 0.062,"Actual Total Time": 0.067,"Actual Rows": 25,"Actual Loops": 4,"Workers": []}]}]}]}]}]},"Planning Time": 7.387,"Triggers": [],"Execution Time": 611.176}]
[{"Plan": {"Node Type": "Sort","Parallel Aware": false,"Async Capable": false,"Startup Cost": 132006.18,"Total Cost": 132149.16,"Plan Rows": 57194,"Plan Width": 280,"Actual Startup Time": 619.069,"Actual Total Time": 657.587,"Actual Rows": 38097,"Actual Loops": 1,"Sort Key": ["(sum((lineitem.l_extendedprice * ('1'::numeric - lineitem.l_discount)))) DESC"],"Sort Method": "quicksort","Sort Space Used": 9867,"Sort Space Type": "Memory","Plans": [{"Node Type": "Aggregate","Strategy": "Hashed","Partial Mode": "Simple","Parent Relationship": "Outer","Parallel Aware": false,"Async Capable": false,"Startup Cost": 126771.91,"Total Cost": 127486.83,"Plan Rows": 57194,"Plan Width": 280,"Actual Startup Time": 426.706,"Actual Total Time": 585.981,"Actual Rows": 38097,"Actual Loops": 1,"Group Key": ["customer.c_custkey", "nation.n_name"],"Planned Partitions": 0,"HashAgg Batches": 1,"Peak Memory Usage": 26129,"Disk Usage": 0,"Plans": [{"Node Type": "Gather","Parent Relationship": "Outer","Parallel Aware": false,"Async Capable": false,"Startup Cost": 6797.00,"Total Cost": 126056.98,"Plan Rows": 57194,"Plan Width": 260,"Actual Startup Time": 85.005,"Actual Total Time": 294.440,"Actual Rows": 114700,"Actual Loops": 1,"Workers Planned": 3,"Workers Launched": 3,"Single Copy": false,"Plans": [{"Node Type": "Hash Join","Parent Relationship": "Outer","Parallel Aware": false,"Async Capable": false,"Join Type": "Inner","Startup Cost": 5797.00,"Total Cost": 119337.58,"Plan Rows": 18450,"Plan Width": 260,"Actual Startup Time": 77.864,"Actual Total Time": 370.283,"Actual Rows": 28675,"Actual Loops": 4,"Inner Unique": true,"Hash Cond": "(customer.c_nationkey = nation.n_nationkey)","Workers": [],"Plans": [{"Node Type": "Hash Join","Parent Relationship": "Outer","Parallel Aware": true,"Async Capable": false,"Join Type": "Inner","Startup Cost": 5795.44,"Total Cost": 119279.38,"Plan Rows": 18450,"Plan Width": 160,"Actual Startup Time": 77.458,"Actual Total Time": 360.463,"Actual Rows": 28675,"Actual Loops": 4,"Inner Unique": true,"Hash Cond": "(orders.o_custkey = customer.c_custkey)","Workers": [],"Plans": [{"Node Type": "Nested Loop","Parent Relationship": "Outer","Parallel Aware": false,"Async Capable": false,"Join Type": "Inner","Startup Cost": 804.19,"Total Cost": 114239.70,"Plan Rows": 18450,"Plan Width": 16,"Actual Startup Time": 13.282,"Actual Total Time": 254.673,"Actual Rows": 28675,"Actual Loops": 4,"Inner Unique": false,"Workers": [],"Plans": [{"Node Type": "Bitmap Heap Scan","Parent Relationship": "Outer","Parallel Aware": true,"Async Capable": false,"Relation Name": "orders","Alias": "orders","Startup Cost": 803.76,"Total Cost": 27179.79,"Plan Rows": 18736,"Plan Width": 8,"Actual Startup Time": 13.232,"Actual Total Time": 71.774,"Actual Rows": 14328,"Actual Loops": 4,"Recheck Cond": "((o_orderdate >= '1994-05-01'::date) AND (o_orderdate < '1994-08-01 00:00:00'::timestamp without time zone))","Rows Removed by Index Recheck": 0,"Exact Heap Blocks": 3671,"Lossy Heap Blocks": 0,"Workers": [],"Plans": [{"Node Type": "Bitmap Index Scan","Parent Relationship": "Outer","Parallel Aware": false,"Async Capable": false,"Index Name": "idx_orders_orderdate","Startup Cost": 0.00,"Total Cost": 789.24,"Plan Rows": 58081,"Plan Width": 0,"Actual Startup Time": 10.132,"Actual Total Time": 10.140,"Actual Rows": 57311,"Actual Loops": 1,"Index Cond": "((o_orderdate >= '1994-05-01'::date) AND (o_orderdate < '1994-08-01 00:00:00'::timestamp without time zone))","Workers": []}]},{"Node Type": "Index Scan","Parent Relationship": "Inner","Parallel Aware": false,"Async Capable": false,"Scan Direction": "Forward","Index Name": "idx_lineitem_orderkey","Relation Name": "lineitem","Alias": "lineitem","Startup Cost": 0.43,"Total Cost": 4.61,"Plan Rows": 4,"Plan Width": 16,"Actual Startup Time": 0.010,"Actual Total Time": 0.012,"Actual Rows": 2,"Actual Loops": 57311,"Index Cond": "(l_orderkey = orders.o_orderkey)","Rows Removed by Index Recheck": 0,"Filter": "(l_returnflag = 'R'::bpchar)","Rows Removed by Filter": 2,"Workers": []}]},{"Node Type": "Hash","Parent Relationship": "Inner","Parallel Aware": true,"Async Capable": false,"Startup Cost": 4210.00,"Total Cost": 4210.00,"Plan Rows": 62500,"Plan Width": 148,"Actual Startup Time": 63.588,"Actual Total Time": 63.595,"Actual Rows": 37500,"Actual Loops": 4,"Hash Buckets": 262144,"Original Hash Buckets": 262144,"Hash Batches": 1,"Original Hash Batches": 1,"Peak Memory Usage": 29312,"Workers": [],"Plans": [{"Node Type": "Seq Scan","Parent Relationship": "Outer","Parallel Aware": true,"Async Capable": false,"Relation Name": "customer","Alias": "customer","Startup Cost": 0.00,"Total Cost": 4210.00,"Plan Rows": 62500,"Plan Width": 148,"Actual Startup Time": 0.027,"Actual Total Time": 28.105,"Actual Rows": 37500,"Actual Loops": 4,"Workers": []}]}]},{"Node Type": "Hash","Parent Relationship": "Inner","Parallel Aware": false,"Async Capable": false,"Startup Cost": 1.25,"Total Cost": 1.25,"Plan Rows": 25,"Plan Width": 108,"Actual Startup Time": 0.090,"Actual Total Time": 0.096,"Actual Rows": 25,"Actual Loops": 4,"Hash Buckets": 1024,"Original Hash Buckets": 1024,"Hash Batches": 1,"Original Hash Batches": 1,"Peak Memory Usage": 10,"Workers": [],"Plans": [{"Node Type": "Seq Scan","Parent Relationship": "Outer","Parallel Aware": false,"Async Capable": false,"Relation Name": "nation","Alias": "nation","Startup Cost": 0.00,"Total Cost": 1.25,"Plan Rows": 25,"Plan Width": 108,"Actual Startup Time": 0.060,"Actual Total Time": 0.066,"Actual Rows": 25,"Actual Loops": 4,"Workers": []}]}]}]}]}]},"Planning Time": 6.734,"Triggers": [],"Execution Time": 661.786}]
[{"Plan": {"Node Type": "Sort","Parallel Aware": false,"Async Capable": false,"Startup Cost": 130975.09,"Total Cost": 131116.14,"Plan Rows": 56420,"Plan Width": 280,"Actual Startup Time": 559.129,"Actual Total Time": 601.162,"Actual Rows": 37859,"Actual Loops": 1,"Sort Key": ["(sum((lineitem.l_extendedprice * ('1'::numeric - lineitem.l_discount)))) DESC"],"Sort Method": "quicksort","Sort Space Used": 9818,"Sort Space Type": "Memory","Plans": [{"Node Type": "Aggregate","Strategy": "Hashed","Partial Mode": "Simple","Parent Relationship": "Outer","Parallel Aware": false,"Async Capable": false,"Startup Cost": 125817.20,"Total Cost": 126522.45,"Plan Rows": 56420,"Plan Width": 280,"Actual Startup Time": 383.531,"Actual Total Time": 530.212,"Actual Rows": 37859,"Actual Loops": 1,"Group Key": ["customer.c_custkey", "nation.n_name"],"Planned Partitions": 0,"HashAgg Batches": 1,"Peak Memory Usage": 26129,"Disk Usage": 0,"Plans": [{"Node Type": "Gather","Parent Relationship": "Outer","Parallel Aware": false,"Async Capable": false,"Startup Cost": 6784.95,"Total Cost": 125111.95,"Plan Rows": 56420,"Plan Width": 260,"Actual Startup Time": 70.081,"Actual Total Time": 265.015,"Actual Rows": 114028,"Actual Loops": 1,"Workers Planned": 3,"Workers Launched": 3,"Single Copy": false,"Plans": [{"Node Type": "Hash Join","Parent Relationship": "Outer","Parallel Aware": false,"Async Capable": false,"Join Type": "Inner","Startup Cost": 5784.95,"Total Cost": 118469.95,"Plan Rows": 18200,"Plan Width": 260,"Actual Startup Time": 62.841,"Actual Total Time": 330.296,"Actual Rows": 28507,"Actual Loops": 4,"Inner Unique": true,"Hash Cond": "(customer.c_nationkey = nation.n_nationkey)","Workers": [],"Plans": [{"Node Type": "Hash Join","Parent Relationship": "Outer","Parallel Aware": true,"Async Capable": false,"Join Type": "Inner","Startup Cost": 5783.38,"Total Cost": 118412.51,"Plan Rows": 18200,"Plan Width": 160,"Actual Startup Time": 62.430,"Actual Total Time": 322.490,"Actual Rows": 28507,"Actual Loops": 4,"Inner Unique": true,"Hash Cond": "(orders.o_custkey = customer.c_custkey)","Workers": [],"Plans": [{"Node Type": "Nested Loop","Parent Relationship": "Outer","Parallel Aware": false,"Async Capable": false,"Join Type": "Inner","Startup Cost": 792.13,"Total Cost": 113373.49,"Plan Rows": 18200,"Plan Width": 16,"Actual Startup Time": 13.021,"Actual Total Time": 238.266,"Actual Rows": 28507,"Actual Loops": 4,"Inner Unique": false,"Workers": [],"Plans": [{"Node Type": "Bitmap Heap Scan","Parent Relationship": "Outer","Parallel Aware": true,"Async Capable": false,"Relation Name": "orders","Alias": "orders","Startup Cost": 791.70,"Total Cost": 27163.94,"Plan Rows": 18482,"Plan Width": 8,"Actual Startup Time": 12.954,"Actual Total Time": 66.534,"Actual Rows": 14234,"Actual Loops": 4,"Recheck Cond": "((o_orderdate >= '1993-03-01'::date) AND (o_orderdate < '1993-06-01 00:00:00'::timestamp without time zone))","Rows Removed by Index Recheck": 0,"Exact Heap Blocks": 3517,"Lossy Heap Blocks": 0,"Workers": [],"Plans": [{"Node Type": "Bitmap Index Scan","Parent Relationship": "Outer","Parallel Aware": false,"Async Capable": false,"Index Name": "idx_orders_orderdate","Startup Cost": 0.00,"Total Cost": 777.38,"Plan Rows": 57295,"Plan Width": 0,"Actual Startup Time": 9.836,"Actual Total Time": 9.842,"Actual Rows": 56934,"Actual Loops": 1,"Index Cond": "((o_orderdate >= '1993-03-01'::date) AND (o_orderdate < '1993-06-01 00:00:00'::timestamp without time zone))","Workers": []}]},{"Node Type": "Index Scan","Parent Relationship": "Inner","Parallel Aware": false,"Async Capable": false,"Scan Direction": "Forward","Index Name": "idx_lineitem_orderkey","Relation Name": "lineitem","Alias": "lineitem","Startup Cost": 0.43,"Total Cost": 4.62,"Plan Rows": 4,"Plan Width": 16,"Actual Startup Time": 0.010,"Actual Total Time": 0.012,"Actual Rows": 2,"Actual Loops": 56934,"Index Cond": "(l_orderkey = orders.o_orderkey)","Rows Removed by Index Recheck": 0,"Filter": "(l_returnflag = 'R'::bpchar)","Rows Removed by Filter": 2,"Workers": []}]},{"Node Type": "Hash","Parent Relationship": "Inner","Parallel Aware": true,"Async Capable": false,"Startup Cost": 4210.00,"Total Cost": 4210.00,"Plan Rows": 62500,"Plan Width": 148,"Actual Startup Time": 48.797,"Actual Total Time": 48.806,"Actual Rows": 37500,"Actual Loops": 4,"Hash Buckets": 262144,"Original Hash Buckets": 262144,"Hash Batches": 1,"Original Hash Batches": 1,"Peak Memory Usage": 29344,"Workers": [],"Plans": [{"Node Type": "Seq Scan","Parent Relationship": "Outer","Parallel Aware": true,"Async Capable": false,"Relation Name": "customer","Alias": "customer","Startup Cost": 0.00,"Total Cost": 4210.00,"Plan Rows": 62500,"Plan Width": 148,"Actual Startup Time": 0.027,"Actual Total Time": 20.617,"Actual Rows": 37500,"Actual Loops": 4,"Workers": []}]}]},{"Node Type": "Hash","Parent Relationship": "Inner","Parallel Aware": false,"Async Capable": false,"Startup Cost": 1.25,"Total Cost": 1.25,"Plan Rows": 25,"Plan Width": 108,"Actual Startup Time": 0.102,"Actual Total Time": 0.108,"Actual Rows": 25,"Actual Loops": 4,"Hash Buckets": 1024,"Original Hash Buckets": 1024,"Hash Batches": 1,"Original Hash Batches": 1,"Peak Memory Usage": 10,"Workers": [],"Plans": [{"Node Type": "Seq Scan","Parent Relationship": "Outer","Parallel Aware": false,"Async Capable": false,"Relation Name": "nation","Alias": "nation","Startup Cost": 0.00,"Total Cost": 1.25,"Plan Rows": 25,"Plan Width": 108,"Actual Startup Time": 0.068,"Actual Total Time": 0.076,"Actual Rows": 25,"Actual Loops": 4,"Workers": []}]}]}]}]}]},"Planning Time": 7.017,"Triggers": [],"Execution Time": 606.974}]
[{"Plan": {"Node Type": "Sort","Parallel Aware": false,"Async Capable": false,"Startup Cost": 132365.07,"Total Cost": 132508.74,"Plan Rows": 57466,"Plan Width": 280,"Actual Startup Time": 604.092,"Actual Total Time": 644.113,"Actual Rows": 37690,"Actual Loops": 1,"Sort Key": ["(sum((lineitem.l_extendedprice * ('1'::numeric - lineitem.l_discount)))) DESC"],"Sort Method": "quicksort","Sort Space Used": 9779,"Sort Space Type": "Memory","Plans": [{"Node Type": "Aggregate","Strategy": "Hashed","Partial Mode": "Simple","Parent Relationship": "Outer","Parallel Aware": false,"Async Capable": false,"Startup Cost": 127103.94,"Total Cost": 127822.26,"Plan Rows": 57466,"Plan Width": 280,"Actual Startup Time": 420.502,"Actual Total Time": 570.586,"Actual Rows": 37690,"Actual Loops": 1,"Group Key": ["customer.c_custkey", "nation.n_name"],"Planned Partitions": 0,"HashAgg Batches": 1,"Peak Memory Usage": 26129,"Disk Usage": 0,"Plans": [{"Node Type": "Gather","Parent Relationship": "Outer","Parallel Aware": false,"Async Capable": false,"Startup Cost": 6799.83,"Total Cost": 126385.61,"Plan Rows": 57466,"Plan Width": 260,"Actual Startup Time": 84.807,"Actual Total Time": 291.020,"Actual Rows": 113599,"Actual Loops": 1,"Workers Planned": 3,"Workers Launched": 3,"Single Copy": false,"Plans": [{"Node Type": "Hash Join","Parent Relationship": "Outer","Parallel Aware": false,"Async Capable": false,"Join Type": "Inner","Startup Cost": 5799.83,"Total Cost": 119639.01,"Plan Rows": 18537,"Plan Width": 260,"Actual Startup Time": 77.448,"Actual Total Time": 365.330,"Actual Rows": 28400,"Actual Loops": 4,"Inner Unique": true,"Hash Cond": "(customer.c_nationkey = nation.n_nationkey)","Workers": [],"Plans": [{"Node Type": "Hash Join","Parent Relationship": "Outer","Parallel Aware": true,"Async Capable": false,"Join Type": "Inner","Startup Cost": 5798.27,"Total Cost": 119580.55,"Plan Rows": 18537,"Plan Width": 160,"Actual Startup Time": 76.978,"Actual Total Time": 356.100,"Actual Rows": 28400,"Actual Loops": 4,"Inner Unique": true,"Hash Cond": "(orders.o_custkey = customer.c_custkey)","Workers": [],"Plans": [{"Node Type": "Nested Loop","Parent Relationship": "Outer","Parallel Aware": false,"Async Capable": false,"Join Type": "Inner","Startup Cost": 807.02,"Total Cost": 114540.64,"Plan Rows": 18537,"Plan Width": 16,"Actual Startup Time": 13.069,"Actual Total Time": 252.235,"Actual Rows": 28400,"Actual Loops": 4,"Inner Unique": false,"Workers": [],"Plans": [{"Node Type": "Bitmap Heap Scan","Parent Relationship": "Outer","Parallel Aware": true,"Async Capable": false,"Relation Name": "orders","Alias": "orders","Startup Cost": 806.59,"Total Cost": 27183.96,"Plan Rows": 18825,"Plan Width": 8,"Actual Startup Time": 13.002,"Actual Total Time": 70.665,"Actual Rows": 14161,"Actual Loops": 4,"Recheck Cond": "((o_orderdate >= '1994-04-01'::date) AND (o_orderdate < '1994-07-01 00:00:00'::timestamp without time zone))","Rows Removed by Index Recheck": 0,"Exact Heap Blocks": 3668,"Lossy Heap Blocks": 0,"Workers": [],"Plans": [{"Node Type": "Bitmap Index Scan","Parent Relationship": "Outer","Parallel Aware": false,"Async Capable": false,"Index Name": "idx_orders_orderdate","Startup Cost": 0.00,"Total Cost": 792.00,"Plan Rows": 58357,"Plan Width": 0,"Actual Startup Time": 9.907,"Actual Total Time": 9.915,"Actual Rows": 56645,"Actual Loops": 1,"Index Cond": "((o_orderdate >= '1994-04-01'::date) AND (o_orderdate < '1994-07-01 00:00:00'::timestamp without time zone))","Workers": []}]},{"Node Type": "Index Scan","Parent Relationship": "Inner","Parallel Aware": false,"Async Capable": false,"Scan Direction": "Forward","Index Name": "idx_lineitem_orderkey","Relation Name": "lineitem","Alias": "lineitem","Startup Cost": 0.43,"Total Cost": 4.60,"Plan Rows": 4,"Plan Width": 16,"Actual Startup Time": 0.010,"Actual Total Time": 0.012,"Actual Rows": 2,"Actual Loops": 56645,"Index Cond": "(l_orderkey = orders.o_orderkey)","Rows Removed by Index Recheck": 0,"Filter": "(l_returnflag = 'R'::bpchar)","Rows Removed by Filter": 2,"Workers": []}]},{"Node Type": "Hash","Parent Relationship": "Inner","Parallel Aware": true,"Async Capable": false,"Startup Cost": 4210.00,"Total Cost": 4210.00,"Plan Rows": 62500,"Plan Width": 148,"Actual Startup Time": 63.332,"Actual Total Time": 63.338,"Actual Rows": 37500,"Actual Loops": 4,"Hash Buckets": 262144,"Original Hash Buckets": 262144,"Hash Batches": 1,"Original Hash Batches": 1,"Peak Memory Usage": 29344,"Workers": [],"Plans": [{"Node Type": "Seq Scan","Parent Relationship": "Outer","Parallel Aware": true,"Async Capable": false,"Relation Name": "customer","Alias": "customer","Startup Cost": 0.00,"Total Cost": 4210.00,"Plan Rows": 62500,"Plan Width": 148,"Actual Startup Time": 0.025,"Actual Total Time": 28.533,"Actual Rows": 37500,"Actual Loops": 4,"Workers": []}]}]},{"Node Type": "Hash","Parent Relationship": "Inner","Parallel Aware": false,"Async Capable": false,"Startup Cost": 1.25,"Total Cost": 1.25,"Plan Rows": 25,"Plan Width": 108,"Actual Startup Time": 0.107,"Actual Total Time": 0.110,"Actual Rows": 25,"Actual Loops": 4,"Hash Buckets": 1024,"Original Hash Buckets": 1024,"Hash Batches": 1,"Original Hash Batches": 1,"Peak Memory Usage": 10,"Workers": [],"Plans": [{"Node Type": "Seq Scan","Parent Relationship": "Outer","Parallel Aware": false,"Async Capable": false,"Relation Name": "nation","Alias": "nation","Startup Cost": 0.00,"Total Cost": 1.25,"Plan Rows": 25,"Plan Width": 108,"Actual Startup Time": 0.074,"Actual Total Time": 0.080,"Actual Rows": 25,"Actual Loops": 4,"Workers": []}]}]}]}]}]},"Planning Time": 6.317,"Triggers": [],"Execution Time": 648.403}]
[{"Plan": {"Node Type": "Sort","Parallel Aware": false,"Async Capable": false,"Startup Cost": 134586.43,"Total Cost": 134734.30,"Plan Rows": 59150,"Plan Width": 280,"Actual Startup Time": 563.586,"Actual Total Time": 604.383,"Actual Rows": 37293,"Actual Loops": 1,"Sort Key": ["(sum((lineitem.l_extendedprice * ('1'::numeric - lineitem.l_discount)))) DESC"],"Sort Method": "quicksort","Sort Space Used": 9691,"Sort Space Type": "Memory","Plans": [{"Node Type": "Aggregate","Strategy": "Hashed","Partial Mode": "Simple","Parent Relationship": "Outer","Parallel Aware": false,"Async Capable": false,"Startup Cost": 129158.80,"Total Cost": 129898.17,"Plan Rows": 59150,"Plan Width": 280,"Actual Startup Time": 392.436,"Actual Total Time": 532.730,"Actual Rows": 37293,"Actual Loops": 1,"Group Key": ["customer.c_custkey", "nation.n_name"],"Planned Partitions": 0,"HashAgg Batches": 1,"Peak Memory Usage": 27665,"Disk Usage": 0,"Plans": [{"Node Type": "Gather","Parent Relationship": "Outer","Parallel Aware": false,"Async Capable": false,"Startup Cost": 6825.36,"Total Cost": 128419.42,"Plan Rows": 59150,"Plan Width": 260,"Actual Startup Time": 75.957,"Actual Total Time": 271.680,"Actual Rows": 108779,"Actual Loops": 1,"Workers Planned": 3,"Workers Launched": 3,"Single Copy": false,"Plans": [{"Node Type": "Hash Join","Parent Relationship": "Outer","Parallel Aware": false,"Async Capable": false,"Join Type": "Inner","Startup Cost": 5825.36,"Total Cost": 121504.42,"Plan Rows": 19081,"Plan Width": 260,"Actual Startup Time": 69.040,"Actual Total Time": 339.341,"Actual Rows": 27195,"Actual Loops": 4,"Inner Unique": true,"Hash Cond": "(customer.c_nationkey = nation.n_nationkey)","Workers": [],"Plans": [{"Node Type": "Hash Join","Parent Relationship": "Outer","Parallel Aware": true,"Async Capable": false,"Join Type": "Inner","Startup Cost": 5823.80,"Total Cost": 121444.28,"Plan Rows": 19081,"Plan Width": 160,"Actual Startup Time": 68.657,"Actual Total Time": 330.758,"Actual Rows": 27195,"Actual Loops": 4,"Inner Unique": true,"Hash Cond": "(orders.o_custkey = customer.c_custkey)","Workers": [],"Plans": [{"Node Type": "Nested Loop","Parent Relationship": "Outer","Parallel Aware": false,"Async Capable": false,"Join Type": "Inner","Startup Cost": 832.55,"Total Cost": 116402.95,"Plan Rows": 19081,"Plan Width": 16,"Actual Startup Time": 13.292,"Actual Total Time": 236.377,"Actual Rows": 27195,"Actual Loops": 4,"Inner Unique": false,"Workers": [],"Plans": [{"Node Type": "Bitmap Heap Scan","Parent Relationship": "Outer","Parallel Aware": true,"Async Capable": false,"Relation Name": "orders","Alias": "orders","Startup Cost": 832.11,"Total Cost": 27217.76,"Plan Rows": 19376,"Plan Width": 8,"Actual Startup Time": 13.230,"Actual Total Time": 65.610,"Actual Rows": 14144,"Actual Loops": 4,"Recheck Cond": "((o_orderdate >= '1994-12-01'::date) AND (o_orderdate < '1995-03-01 00:00:00'::timestamp without time zone))","Rows Removed by Index Recheck": 0,"Exact Heap Blocks": 3506,"Lossy Heap Blocks": 0,"Workers": [],"Plans": [{"Node Type": "Bitmap Index Scan","Parent Relationship": "Outer","Parallel Aware": false,"Async Capable": false,"Index Name": "idx_orders_orderdate","Startup Cost": 0.00,"Total Cost": 817.10,"Plan Rows": 60067,"Plan Width": 0,"Actual Startup Time": 10.114,"Actual Total Time": 10.122,"Actual Rows": 56577,"Actual Loops": 1,"Index Cond": "((o_orderdate >= '1994-12-01'::date) AND (o_orderdate < '1995-03-01 00:00:00'::timestamp without time zone))","Workers": []}]},{"Node Type": "Index Scan","Parent Relationship": "Inner","Parallel Aware": false,"Async Capable": false,"Scan Direction": "Forward","Index Name": "idx_lineitem_orderkey","Relation Name": "lineitem","Alias": "lineitem","Startup Cost": 0.43,"Total Cost": 4.56,"Plan Rows": 4,"Plan Width": 16,"Actual Startup Time": 0.010,"Actual Total Time": 0.012,"Actual Rows": 2,"Actual Loops": 56577,"Index Cond": "(l_orderkey = orders.o_orderkey)","Rows Removed by Index Recheck": 0,"Filter": "(l_returnflag = 'R'::bpchar)","Rows Removed by Filter": 2,"Workers": []}]},{"Node Type": "Hash","Parent Relationship": "Inner","Parallel Aware": true,"Async Capable": false,"Startup Cost": 4210.00,"Total Cost": 4210.00,"Plan Rows": 62500,"Plan Width": 148,"Actual Startup Time": 54.812,"Actual Total Time": 54.818,"Actual Rows": 37500,"Actual Loops": 4,"Hash Buckets": 262144,"Original Hash Buckets": 262144,"Hash Batches": 1,"Original Hash Batches": 1,"Peak Memory Usage": 29312,"Workers": [],"Plans": [{"Node Type": "Seq Scan","Parent Relationship": "Outer","Parallel Aware": true,"Async Capable": false,"Relation Name": "customer","Alias": "customer","Startup Cost": 0.00,"Total Cost": 4210.00,"Plan Rows": 62500,"Plan Width": 148,"Actual Startup Time": 0.022,"Actual Total Time": 23.786,"Actual Rows": 37500,"Actual Loops": 4,"Workers": []}]}]},{"Node Type": "Hash","Parent Relationship": "Inner","Parallel Aware": false,"Async Capable": false,"Startup Cost": 1.25,"Total Cost": 1.25,"Plan Rows": 25,"Plan Width": 108,"Actual Startup Time": 0.089,"Actual Total Time": 0.092,"Actual Rows": 25,"Actual Loops": 4,"Hash Buckets": 1024,"Original Hash Buckets": 1024,"Hash Batches": 1,"Original Hash Batches": 1,"Peak Memory Usage": 10,"Workers": [],"Plans": [{"Node Type": "Seq Scan","Parent Relationship": "Outer","Parallel Aware": false,"Async Capable": false,"Relation Name": "nation","Alias": "nation","Startup Cost": 0.00,"Total Cost": 1.25,"Plan Rows": 25,"Plan Width": 108,"Actual Startup Time": 0.062,"Actual Total Time": 0.067,"Actual Rows": 25,"Actual Loops": 4,"Workers": []}]}]}]}]}]},"Planning Time": 7.387,"Triggers": [],"Execution Time": 611.176}]
[{"Plan": {"Node Type": "Sort","Parallel Aware": false,"Async Capable": false,"Startup Cost": 132006.18,"Total Cost": 132149.16,"Plan Rows": 57194,"Plan Width": 280,"Actual Startup Time": 619.069,"Actual Total Time": 657.587,"Actual Rows": 38097,"Actual Loops": 1,"Sort Key": ["(sum((lineitem.l_extendedprice * ('1'::numeric - lineitem.l_discount)))) DESC"],"Sort Method": "quicksort","Sort Space Used": 9867,"Sort Space Type": "Memory","Plans": [{"Node Type": "Aggregate","Strategy": "Hashed","Partial Mode": "Simple","Parent Relationship": "Outer","Parallel Aware": false,"Async Capable": false,"Startup Cost": 126771.91,"Total Cost": 127486.83,"Plan Rows": 57194,"Plan Width": 280,"Actual Startup Time": 426.706,"Actual Total Time": 585.981,"Actual Rows": 38097,"Actual Loops": 1,"Group Key": ["customer.c_custkey", "nation.n_name"],"Planned Partitions": 0,"HashAgg Batches": 1,"Peak Memory Usage": 26129,"Disk Usage": 0,"Plans": [{"Node Type": "Gather","Parent Relationship": "Outer","Parallel Aware": false,"Async Capable": false,"Startup Cost": 6797.00,"Total Cost": 126056.98,"Plan Rows": 57194,"Plan Width": 260,"Actual Startup Time": 85.005,"Actual Total Time": 294.440,"Actual Rows": 114700,"Actual Loops": 1,"Workers Planned": 3,"Workers Launched": 3,"Single Copy": false,"Plans": [{"Node Type": "Hash Join","Parent Relationship": "Outer","Parallel Aware": false,"Async Capable": false,"Join Type": "Inner","Startup Cost": 5797.00,"Total Cost": 119337.58,"Plan Rows": 18450,"Plan Width": 260,"Actual Startup Time": 77.864,"Actual Total Time": 370.283,"Actual Rows": 28675,"Actual Loops": 4,"Inner Unique": true,"Hash Cond": "(customer.c_nationkey = nation.n_nationkey)","Workers": [],"Plans": [{"Node Type": "Hash Join","Parent Relationship": "Outer","Parallel Aware": true,"Async Capable": false,"Join Type": "Inner","Startup Cost": 5795.44,"Total Cost": 119279.38,"Plan Rows": 18450,"Plan Width": 160,"Actual Startup Time": 77.458,"Actual Total Time": 360.463,"Actual Rows": 28675,"Actual Loops": 4,"Inner Unique": true,"Hash Cond": "(orders.o_custkey = customer.c_custkey)","Workers": [],"Plans": [{"Node Type": "Nested Loop","Parent Relationship": "Outer","Parallel Aware": false,"Async Capable": false,"Join Type": "Inner","Startup Cost": 804.19,"Total Cost": 114239.70,"Plan Rows": 18450,"Plan Width": 16,"Actual Startup Time": 13.282,"Actual Total Time": 254.673,"Actual Rows": 28675,"Actual Loops": 4,"Inner Unique": false,"Workers": [],"Plans": [{"Node Type": "Bitmap Heap Scan","Parent Relationship": "Outer","Parallel Aware": true,"Async Capable": false,"Relation Name": "orders","Alias": "orders","Startup Cost": 803.76,"Total Cost": 27179.79,"Plan Rows": 18736,"Plan Width": 8,"Actual Startup Time": 13.232,"Actual Total Time": 71.774,"Actual Rows": 14328,"Actual Loops": 4,"Recheck Cond": "((o_orderdate >= '1994-05-01'::date) AND (o_orderdate < '1994-08-01 00:00:00'::timestamp without time zone))","Rows Removed by Index Recheck": 0,"Exact Heap Blocks": 3671,"Lossy Heap Blocks": 0,"Workers": [],"Plans": [{"Node Type": "Bitmap Index Scan","Parent Relationship": "Outer","Parallel Aware": false,"Async Capable": false,"Index Name": "idx_orders_orderdate","Startup Cost": 0.00,"Total Cost": 789.24,"Plan Rows": 58081,"Plan Width": 0,"Actual Startup Time": 10.132,"Actual Total Time": 10.140,"Actual Rows": 57311,"Actual Loops": 1,"Index Cond": "((o_orderdate >= '1994-05-01'::date) AND (o_orderdate < '1994-08-01 00:00:00'::timestamp without time zone))","Workers": []}]},{"Node Type": "Index Scan","Parent Relationship": "Inner","Parallel Aware": false,"Async Capable": false,"Scan Direction": "Forward","Index Name": "idx_lineitem_orderkey","Relation Name": "lineitem","Alias": "lineitem","Startup Cost": 0.43,"Total Cost": 4.61,"Plan Rows": 4,"Plan Width": 16,"Actual Startup Time": 0.010,"Actual Total Time": 0.012,"Actual Rows": 2,"Actual Loops": 57311,"Index Cond": "(l_orderkey = orders.o_orderkey)","Rows Removed by Index Recheck": 0,"Filter": "(l_returnflag = 'R'::bpchar)","Rows Removed by Filter": 2,"Workers": []}]},{"Node Type": "Hash","Parent Relationship": "Inner","Parallel Aware": true,"Async Capable": false,"Startup Cost": 4210.00,"Total Cost": 4210.00,"Plan Rows": 62500,"Plan Width": 148,"Actual Startup Time": 63.588,"Actual Total Time": 63.595,"Actual Rows": 37500,"Actual Loops": 4,"Hash Buckets": 262144,"Original Hash Buckets": 262144,"Hash Batches": 1,"Original Hash Batches": 1,"Peak Memory Usage": 29312,"Workers": [],"Plans": [{"Node Type": "Seq Scan","Parent Relationship": "Outer","Parallel Aware": true,"Async Capable": false,"Relation Name": "customer","Alias": "customer","Startup Cost": 0.00,"Total Cost": 4210.00,"Plan Rows": 62500,"Plan Width": 148,"Actual Startup Time": 0.027,"Actual Total Time": 28.105,"Actual Rows": 37500,"Actual Loops": 4,"Workers": []}]}]},{"Node Type": "Hash","Parent Relationship": "Inner","Parallel Aware": false,"Async Capable": false,"Startup Cost": 1.25,"Total Cost": 1.25,"Plan Rows": 25,"Plan Width": 108,"Actual Startup Time": 0.090,"Actual Total Time": 0.096,"Actual Rows": 25,"Actual Loops": 4,"Hash Buckets": 1024,"Original Hash Buckets": 1024,"Hash Batches": 1,"Original Hash Batches": 1,"Peak Memory Usage": 10,"Workers": [],"Plans": [{"Node Type": "Seq Scan","Parent Relationship": "Outer","Parallel Aware": false,"Async Capable": false,"Relation Name": "nation","Alias": "nation","Startup Cost": 0.00,"Total Cost": 1.25,"Plan Rows": 25,"Plan Width": 108,"Actual Startup Time": 0.060,"Actual Total Time": 0.066,"Actual Rows": 25,"Actual Loops": 4,"Workers": []}]}]}]}]}]},"Planning Time": 6.734,"Triggers": [],"Execution Time": 661.786}]
[{"Plan": {"Node Type": "Sort","Parallel Aware": false,"Async Capable": false,"Startup Cost": 135294.26,"Total Cost": 135443.48,"Plan Rows": 59689,"Plan Width": 280,"Actual Startup Time": 545.457,"Actual Total Time": 585.279,"Actual Rows": 35593,"Actual Loops": 1,"Sort Key": ["(sum((lineitem.l_extendedprice * ('1'::numeric - lineitem.l_discount)))) DESC"],"Sort Method": "quicksort","Sort Space Used": 9317,"Sort Space Type": "Memory","Plans": [{"Node Type": "Aggregate","Strategy": "Hashed","Partial Mode": "Simple","Parent Relationship": "Outer","Parallel Aware": false,"Async Capable": false,"Startup Cost": 129813.27,"Total Cost": 130559.38,"Plan Rows": 59689,"Plan Width": 280,"Actual Startup Time": 389.996,"Actual Total Time": 517.393,"Actual Rows": 35593,"Actual Loops": 1,"Group Key": ["customer.c_custkey", "nation.n_name"],"Planned Partitions": 0,"HashAgg Batches": 1,"Peak Memory Usage": 27665,"Disk Usage": 0,"Plans": [{"Node Type": "Gather","Parent Relationship": "Outer","Parallel Aware": false,"Async Capable": false,"Startup Cost": 6830.97,"Total Cost": 129067.15,"Plan Rows": 59689,"Plan Width": 260,"Actual Startup Time": 76.518,"Actual Total Time": 281.363,"Actual Rows": 94907,"Actual Loops": 1,"Workers Planned": 3,"Workers Launched": 3,"Single Copy": false,"Plans": [{"Node Type": "Hash Join","Parent Relationship": "Outer","Parallel Aware": false,"Async Capable": false,"Join Type": "Inner","Startup Cost": 5830.97,"Total Cost": 122098.25,"Plan Rows": 19255,"Plan Width": 260,"Actual Startup Time": 68.775,"Actual Total Time": 339.806,"Actual Rows": 23727,"Actual Loops": 4,"Inner Unique": true,"Hash Cond": "(customer.c_nationkey = nation.n_nationkey)","Workers": [],"Plans": [{"Node Type": "Hash Join","Parent Relationship": "Outer","Parallel Aware": true,"Async Capable": false,"Join Type": "Inner","Startup Cost": 5829.40,"Total Cost": 122037.58,"Plan Rows": 19255,"Plan Width": 160,"Actual Startup Time": 68.296,"Actual Total Time": 331.130,"Actual Rows": 23727,"Actual Loops": 4,"Inner Unique": true,"Hash Cond": "(orders.o_custkey = customer.c_custkey)","Workers": [],"Plans": [{"Node Type": "Nested Loop","Parent Relationship": "Outer","Parallel Aware": false,"Async Capable": false,"Join Type": "Inner","Startup Cost": 838.15,"Total Cost": 116995.79,"Plan Rows": 19255,"Plan Width": 16,"Actual Startup Time": 13.636,"Actual Total Time": 241.200,"Actual Rows": 23727,"Actual Loops": 4,"Inner Unique": false,"Workers": [],"Plans": [{"Node Type": "Bitmap Heap Scan","Parent Relationship": "Outer","Parallel Aware": true,"Async Capable": false,"Relation Name": "orders","Alias": "orders","Startup Cost": 837.72,"Total Cost": 27226.01,"Plan Rows": 19553,"Plan Width": 8,"Actual Startup Time": 13.552,"Actual Total Time": 68.983,"Actual Rows": 14126,"Actual Loops": 4,"Recheck Cond": "((o_orderdate >= '1995-01-01'::date) AND (o_orderdate < '1995-04-01 00:00:00'::timestamp without time zone))","Rows Removed by Index Recheck": 0,"Exact Heap Blocks": 3623,"Lossy Heap Blocks": 0,"Workers": [],"Plans": [{"Node Type": "Bitmap Index Scan","Parent Relationship": "Outer","Parallel Aware": false,"Async Capable": false,"Index Name": "idx_orders_orderdate","Startup Cost": 0.00,"Total Cost": 822.57,"Plan Rows": 60614,"Plan Width": 0,"Actual Startup Time": 10.475,"Actual Total Time": 10.479,"Actual Rows": 56506,"Actual Loops": 1,"Index Cond": "((o_orderdate >= '1995-01-01'::date) AND (o_orderdate < '1995-04-01 00:00:00'::timestamp without time zone))","Workers": []}]},{"Node Type": "Index Scan","Parent Relationship": "Inner","Parallel Aware": false,"Async Capable": false,"Scan Direction": "Forward","Index Name": "idx_lineitem_orderkey","Relation Name": "lineitem","Alias": "lineitem","Startup Cost": 0.43,"Total Cost": 4.55,"Plan Rows": 4,"Plan Width": 16,"Actual Startup Time": 0.010,"Actual Total Time": 0.012,"Actual Rows": 2,"Actual Loops": 56506,"Index Cond": "(l_orderkey = orders.o_orderkey)","Rows Removed by Index Recheck": 0,"Filter": "(l_returnflag = 'R'::bpchar)","Rows Removed by Filter": 2,"Workers": []}]},{"Node Type": "Hash","Parent Relationship": "Inner","Parallel Aware": true,"Async Capable": false,"Startup Cost": 4210.00,"Total Cost": 4210.00,"Plan Rows": 62500,"Plan Width": 148,"Actual Startup Time": 54.088,"Actual Total Time": 54.097,"Actual Rows": 37500,"Actual Loops": 4,"Hash Buckets": 262144,"Original Hash Buckets": 262144,"Hash Batches": 1,"Original Hash Batches": 1,"Peak Memory Usage": 29312,"Workers": [],"Plans": [{"Node Type": "Seq Scan","Parent Relationship": "Outer","Parallel Aware": true,"Async Capable": false,"Relation Name": "customer","Alias": "customer","Startup Cost": 0.00,"Total Cost": 4210.00,"Plan Rows": 62500,"Plan Width": 148,"Actual Startup Time": 0.033,"Actual Total Time": 23.775,"Actual Rows": 37500,"Actual Loops": 4,"Workers": []}]}]},{"Node Type": "Hash","Parent Relationship": "Inner","Parallel Aware": false,"Async Capable": false,"Startup Cost": 1.25,"Total Cost": 1.25,"Plan Rows": 25,"Plan Width": 108,"Actual Startup Time": 0.094,"Actual Total Time": 0.098,"Actual Rows": 25,"Actual Loops": 4,"Hash Buckets": 1024,"Original Hash Buckets": 1024,"Hash Batches": 1,"Original Hash Batches": 1,"Peak Memory Usage": 10,"Workers": [],"Plans": [{"Node Type": "Seq Scan","Parent Relationship": "Outer","Parallel Aware": false,"Async Capable": false,"Relation Name": "nation","Alias": "nation","Startup Cost": 0.00,"Total Cost": 1.25,"Plan Rows": 25,"Plan Width": 108,"Actual Startup Time": 0.062,"Actual Total Time": 0.068,"Actual Rows": 25,"Actual Loops": 4,"Workers": []}]}]}]}]}]},"Planning Time": 7.620,"Triggers": [],"Execution Time": 593.147}]
[{"Plan": {"Node Type": "Sort","Parallel Aware": false,"Async Capable": false,"Startup Cost": 131375.21,"Total Cost": 131517.01,"Plan Rows": 56721,"Plan Width": 280,"Actual Startup Time": 563.067,"Actual Total Time": 603.830,"Actual Rows": 37302,"Actual Loops": 1,"Sort Key": ["(sum((lineitem.l_extendedprice * ('1'::numeric - lineitem.l_discount)))) DESC"],"Sort Method": "quicksort","Sort Space Used": 9696,"Sort Space Type": "Memory","Plans": [{"Node Type": "Aggregate","Strategy": "Hashed","Partial Mode": "Simple","Parent Relationship": "Outer","Parallel Aware": false,"Async Capable": false,"Startup Cost": 126187.62,"Total Cost": 126896.63,"Plan Rows": 56721,"Plan Width": 280,"Actual Startup Time": 390.529,"Actual Total Time": 528.800,"Actual Rows": 37302,"Actual Loops": 1,"Group Key": ["customer.c_custkey", "nation.n_name"],"Planned Partitions": 0,"HashAgg Batches": 1,"Peak Memory Usage": 26129,"Disk Usage": 0,"Plans": [{"Node Type": "Gather","Parent Relationship": "Outer","Parallel Aware": false,"Async Capable": false,"Startup Cost": 6792.07,"Total Cost": 125478.61,"Plan Rows": 56721,"Plan Width": 260,"Actual Startup Time": 74.264,"Actual Total Time": 271.853,"Actual Rows": 111987,"Actual Loops": 1,"Workers Planned": 3,"Workers Launched": 3,"Single Copy": false,"Plans": [{"Node Type": "Hash Join","Parent Relationship": "Outer","Parallel Aware": false,"Async Capable": false,"Join Type": "Inner","Startup Cost": 5792.07,"Total Cost": 118806.51,"Plan Rows": 18297,"Plan Width": 260,"Actual Startup Time": 66.885,"Actual Total Time": 338.409,"Actual Rows": 27997,"Actual Loops": 4,"Inner Unique": true,"Hash Cond": "(customer.c_nationkey = nation.n_nationkey)","Workers": [],"Plans": [{"Node Type": "Hash Join","Parent Relationship": "Outer","Parallel Aware": true,"Async Capable": false,"Join Type": "Inner","Startup Cost": 5790.51,"Total Cost": 118748.77,"Plan Rows": 18297,"Plan Width": 160,"Actual Startup Time": 66.491,"Actual Total Time": 330.614,"Actual Rows": 27997,"Actual Loops": 4,"Inner Unique": true,"Hash Cond": "(orders.o_custkey = customer.c_custkey)","Workers": [],"Plans": [{"Node Type": "Nested Loop","Parent Relationship": "Outer","Parallel Aware": false,"Async Capable": false,"Join Type": "Inner","Startup Cost": 799.26,"Total Cost": 113709.49,"Plan Rows": 18297,"Plan Width": 16,"Actual Startup Time": 13.178,"Actual Total Time": 239.311,"Actual Rows": 27997,"Actual Loops": 4,"Inner Unique": false,"Workers": [],"Plans": [{"Node Type": "Bitmap Heap Scan","Parent Relationship": "Outer","Parallel Aware": true,"Async Capable": false,"Relation Name": "orders","Alias": "orders","Startup Cost": 798.83,"Total Cost": 27172.54,"Plan Rows": 18580,"Plan Width": 8,"Actual Startup Time": 13.117,"Actual Total Time": 66.928,"Actual Rows": 13993,"Actual Loops": 4,"Recheck Cond": "((o_orderdate >= '1993-12-01'::date) AND (o_orderdate < '1994-03-01 00:00:00'::timestamp without time zone))","Rows Removed by Index Recheck": 0,"Exact Heap Blocks": 3558,"Lossy Heap Blocks": 0,"Workers": [],"Plans": [{"Node Type": "Bitmap Index Scan","Parent Relationship": "Outer","Parallel Aware": false,"Async Capable": false,"Index Name": "idx_orders_orderdate","Startup Cost": 0.00,"Total Cost": 784.43,"Plan Rows": 57600,"Plan Width": 0,"Actual Startup Time": 10.042,"Actual Total Time": 10.048,"Actual Rows": 55973,"Actual Loops": 1,"Index Cond": "((o_orderdate >= '1993-12-01'::date) AND (o_orderdate < '1994-03-01 00:00:00'::timestamp without time zone))","Workers": []}]},{"Node Type": "Index Scan","Parent Relationship": "Inner","Parallel Aware": false,"Async Capable": false,"Scan Direction": "Forward","Index Name": "idx_lineitem_orderkey","Relation Name": "lineitem","Alias": "lineitem","Startup Cost": 0.43,"Total Cost": 4.62,"Plan Rows": 4,"Plan Width": 16,"Actual Startup Time": 0.010,"Actual Total Time": 0.012,"Actual Rows": 2,"Actual Loops": 55973,"Index Cond": "(l_orderkey = orders.o_orderkey)","Rows Removed by Index Recheck": 0,"Filter": "(l_returnflag = 'R'::bpchar)","Rows Removed by Filter": 2,"Workers": []}]},{"Node Type": "Hash","Parent Relationship": "Inner","Parallel Aware": true,"Async Capable": false,"Startup Cost": 4210.00,"Total Cost": 4210.00,"Plan Rows": 62500,"Plan Width": 148,"Actual Startup Time": 52.746,"Actual Total Time": 52.755,"Actual Rows": 37500,"Actual Loops": 4,"Hash Buckets": 262144,"Original Hash Buckets": 262144,"Hash Batches": 1,"Original Hash Batches": 1,"Peak Memory Usage": 29312,"Workers": [],"Plans": [{"Node Type": "Seq Scan","Parent Relationship": "Outer","Parallel Aware": true,"Async Capable": false,"Relation Name": "customer","Alias": "customer","Startup Cost": 0.00,"Total Cost": 4210.00,"Plan Rows": 62500,"Plan Width": 148,"Actual Startup Time": 0.028,"Actual Total Time": 23.004,"Actual Rows": 37500,"Actual Loops": 4,"Workers": []}]}]},{"Node Type": "Hash","Parent Relationship": "Inner","Parallel Aware": false,"Async Capable": false,"Startup Cost": 1.25,"Total Cost": 1.25,"Plan Rows": 25,"Plan Width": 108,"Actual Startup Time": 0.099,"Actual Total Time": 0.105,"Actual Rows": 25,"Actual Loops": 4,"Hash Buckets": 1024,"Original Hash Buckets": 1024,"Hash Batches": 1,"Original Hash Batches": 1,"Peak Memory Usage": 10,"Workers": [],"Plans": [{"Node Type": "Seq Scan","Parent Relationship": "Outer","Parallel Aware": false,"Async Capable": false,"Relation Name": "nation","Alias": "nation","Startup Cost": 0.00,"Total Cost": 1.25,"Plan Rows": 25,"Plan Width": 108,"Actual Startup Time": 0.067,"Actual Total Time": 0.074,"Actual Rows": 25,"Actual Loops": 4,"Workers": []}]}]}]}]}]},"Planning Time": 6.321,"Triggers": [],"Execution Time": 609.357}]
[{"Plan": {"Node Type": "Sort","Parallel Aware": false,"Async Capable": false,"Startup Cost": 131330.41,"Total Cost": 131472.12,"Plan Rows": 56686,"Plan Width": 280,"Actual Startup Time": 587.483,"Actual Total Time": 628.086,"Actual Rows": 37925,"Actual Loops": 1,"Sort Key": ["(sum((lineitem.l_extendedprice * ('1'::numeric - lineitem.l_discount)))) DESC"],"Sort Method": "quicksort","Sort Space Used": 9832,"Sort Space Type": "Memory","Plans": [{"Node Type": "Aggregate","Strategy": "Hashed","Partial Mode": "Simple","Parent Relationship": "Outer","Parallel Aware": false,"Async Capable": false,"Startup Cost": 126146.27,"Total Cost": 126854.85,"Plan Rows": 56686,"Plan Width": 280,"Actual Startup Time": 410.388,"Actual Total Time": 556.054,"Actual Rows": 37925,"Actual Loops": 1,"Group Key": ["customer.c_custkey", "nation.n_name"],"Planned Partitions": 0,"HashAgg Batches": 1,"Peak Memory Usage": 26129,"Disk Usage": 0,"Plans": [{"Node Type": "Gather","Parent Relationship": "Outer","Parallel Aware": false,"Async Capable": false,"Startup Cost": 6791.71,"Total Cost": 125437.70,"Plan Rows": 56686,"Plan Width": 260,"Actual Startup Time": 76.070,"Actual Total Time": 284.431,"Actual Rows": 114550,"Actual Loops": 1,"Workers Planned": 3,"Workers Launched": 3,"Single Copy": false,"Plans": [{"Node Type": "Hash Join","Parent Relationship": "Outer","Parallel Aware": false,"Async Capable": false,"Join Type": "Inner","Startup Cost": 5791.71,"Total Cost": 118769.10,"Plan Rows": 18286,"Plan Width": 260,"Actual Startup Time": 68.409,"Actual Total Time": 355.040,"Actual Rows": 28638,"Actual Loops": 4,"Inner Unique": true,"Hash Cond": "(customer.c_nationkey = nation.n_nationkey)","Workers": [],"Plans": [{"Node Type": "Hash Join","Parent Relationship": "Outer","Parallel Aware": true,"Async Capable": false,"Join Type": "Inner","Startup Cost": 5790.15,"Total Cost": 118711.40,"Plan Rows": 18286,"Plan Width": 160,"Actual Startup Time": 67.911,"Actual Total Time": 346.301,"Actual Rows": 28638,"Actual Loops": 4,"Inner Unique": true,"Hash Cond": "(orders.o_custkey = customer.c_custkey)","Workers": [],"Plans": [{"Node Type": "Nested Loop","Parent Relationship": "Outer","Parallel Aware": false,"Async Capable": false,"Join Type": "Inner","Startup Cost": 798.90,"Total Cost": 113672.15,"Plan Rows": 18286,"Plan Width": 16,"Actual Startup Time": 13.342,"Actual Total Time": 249.825,"Actual Rows": 28638,"Actual Loops": 4,"Inner Unique": false,"Workers": [],"Plans": [{"Node Type": "Bitmap Heap Scan","Parent Relationship": "Outer","Parallel Aware": true,"Async Capable": false,"Relation Name": "orders","Alias": "orders","Startup Cost": 798.47,"Total Cost": 27172.01,"Plan Rows": 18569,"Plan Width": 8,"Actual Startup Time": 13.275,"Actual Total Time": 71.340,"Actual Rows": 14284,"Actual Loops": 4,"Recheck Cond": "((o_orderdate >= '1993-08-01'::date) AND (o_orderdate < '1993-11-01 00:00:00'::timestamp without time zone))","Rows Removed by Index Recheck": 0,"Exact Heap Blocks": 3594,"Lossy Heap Blocks": 0,"Workers": [],"Plans": [{"Node Type": "Bitmap Index Scan","Parent Relationship": "Outer","Parallel Aware": false,"Async Capable": false,"Index Name": "idx_orders_orderdate","Startup Cost": 0.00,"Total Cost": 784.08,"Plan Rows": 57565,"Plan Width": 0,"Actual Startup Time": 10.135,"Actual Total Time": 10.136,"Actual Rows": 57138,"Actual Loops": 1,"Index Cond": "((o_orderdate >= '1993-08-01'::date) AND (o_orderdate < '1993-11-01 00:00:00'::timestamp without time zone))","Workers": []}]},{"Node Type": "Index Scan","Parent Relationship": "Inner","Parallel Aware": false,"Async Capable": false,"Scan Direction": "Forward","Index Name": "idx_lineitem_orderkey","Relation Name": "lineitem","Alias": "lineitem","Startup Cost": 0.43,"Total Cost": 4.62,"Plan Rows": 4,"Plan Width": 16,"Actual Startup Time": 0.010,"Actual Total Time": 0.012,"Actual Rows": 2,"Actual Loops": 57138,"Index Cond": "(l_orderkey = orders.o_orderkey)","Rows Removed by Index Recheck": 0,"Filter": "(l_returnflag = 'R'::bpchar)","Rows Removed by Filter": 2,"Workers": []}]},{"Node Type": "Hash","Parent Relationship": "Inner","Parallel Aware": true,"Async Capable": false,"Startup Cost": 4210.00,"Total Cost": 4210.00,"Plan Rows": 62500,"Plan Width": 148,"Actual Startup Time": 53.968,"Actual Total Time": 53.976,"Actual Rows": 37500,"Actual Loops": 4,"Hash Buckets": 262144,"Original Hash Buckets": 262144,"Hash Batches": 1,"Original Hash Batches": 1,"Peak Memory Usage": 29344,"Workers": [],"Plans": [{"Node Type": "Seq Scan","Parent Relationship": "Outer","Parallel Aware": true,"Async Capable": false,"Relation Name": "customer","Alias": "customer","Startup Cost": 0.00,"Total Cost": 4210.00,"Plan Rows": 62500,"Plan Width": 148,"Actual Startup Time": 0.023,"Actual Total Time": 24.403,"Actual Rows": 37500,"Actual Loops": 4,"Workers": []}]}]},{"Node Type": "Hash","Parent Relationship": "Inner","Parallel Aware": false,"Async Capable": false,"Startup Cost": 1.25,"Total Cost": 1.25,"Plan Rows": 25,"Plan Width": 108,"Actual Startup Time": 0.099,"Actual Total Time": 0.106,"Actual Rows": 25,"Actual Loops": 4,"Hash Buckets": 1024,"Original Hash Buckets": 1024,"Hash Batches": 1,"Original Hash Batches": 1,"Peak Memory Usage": 10,"Workers": [],"Plans": [{"Node Type": "Seq Scan","Parent Relationship": "Outer","Parallel Aware": false,"Async Capable": false,"Relation Name": "nation","Alias": "nation","Startup Cost": 0.00,"Total Cost": 1.25,"Plan Rows": 25,"Plan Width": 108,"Actual Startup Time": 0.062,"Actual Total Time": 0.071,"Actual Rows": 25,"Actual Loops": 4,"Workers": []}]}]}]}]}]},"Planning Time": 6.540,"Triggers": [],"Execution Time": 634.012}]
[{"Plan": {"Node Type": "Sort","Parallel Aware": false,"Async Capable": false,"Startup Cost": 129285.16,"Total Cost": 129423.04,"Plan Rows": 55152,"Plan Width": 280,"Actual Startup Time": 594.195,"Actual Total Time": 635.058,"Actual Rows": 37857,"Actual Loops": 1,"Sort Key": ["(sum((lineitem.l_extendedprice * ('1'::numeric - lineitem.l_discount)))) DESC"],"Sort Method": "quicksort","Sort Space Used": 9823,"Sort Space Type": "Memory","Plans": [{"Node Type": "Aggregate","Strategy": "Hashed","Partial Mode": "Simple","Parent Relationship": "Outer","Parallel Aware": false,"Async Capable": false,"Startup Cost": 124252.23,"Total Cost": 124941.63,"Plan Rows": 55152,"Plan Width": 280,"Actual Startup Time": 414.188,"Actual Total Time": 557.916,"Actual Rows": 37857,"Actual Loops": 1,"Group Key": ["customer.c_custkey", "nation.n_name"],"Planned Partitions": 0,"HashAgg Batches": 1,"Peak Memory Usage": 26129,"Disk Usage": 0,"Plans": [{"Node Type": "Gather","Parent Relationship": "Outer","Parallel Aware": false,"Async Capable": false,"Startup Cost": 6767.74,"Total Cost": 123562.83,"Plan Rows": 55152,"Plan Width": 260,"Actual Startup Time": 77.793,"Actual Total Time": 289.359,"Actual Rows": 114326,"Actual Loops": 1,"Workers Planned": 3,"Workers Launched": 3,"Single Copy": false,"Plans": [{"Node Type": "Hash Join","Parent Relationship": "Outer","Parallel Aware": false,"Async Capable": false,"Join Type": "Inner","Startup Cost": 5767.74,"Total Cost": 117047.63,"Plan Rows": 17791,"Plan Width": 260,"Actual Startup Time": 70.168,"Actual Total Time": 358.948,"Actual Rows": 28582,"Actual Loops": 4,"Inner Unique": true,"Hash Cond": "(customer.c_nationkey = nation.n_nationkey)","Workers": [],"Plans": [{"Node Type": "Hash Join","Parent Relationship": "Outer","Parallel Aware": true,"Async Capable": false,"Join Type": "Inner","Startup Cost": 5766.18,"Total Cost": 116991.45,"Plan Rows": 17791,"Plan Width": 160,"Actual Startup Time": 69.698,"Actual Total Time": 349.487,"Actual Rows": 28582,"Actual Loops": 4,"Inner Unique": true,"Hash Cond": "(orders.o_custkey = customer.c_custkey)","Workers": [],"Plans": [{"Node Type": "Nested Loop","Parent Relationship": "Outer","Parallel Aware": false,"Async Capable": false,"Join Type": "Inner","Startup Cost": 774.93,"Total Cost": 111953.49,"Plan Rows": 17791,"Plan Width": 16,"Actual Startup Time": 12.978,"Actual Total Time": 249.911,"Actual Rows": 28582,"Actual Loops": 4,"Inner Unique": false,"Workers": [],"Plans": [{"Node Type": "Bitmap Heap Scan","Parent Relationship": "Outer","Parallel Aware": true,"Async Capable": false,"Relation Name": "orders","Alias": "orders","Startup Cost": 774.50,"Total Cost": 27140.50,"Plan Rows": 18067,"Plan Width": 8,"Actual Startup Time": 12.915,"Actual Total Time": 70.510,"Actual Rows": 14320,"Actual Loops": 4,"Recheck Cond": "((o_orderdate >= '1993-06-01'::date) AND (o_orderdate < '1993-09-01 00:00:00'::timestamp without time zone))","Rows Removed by Index Recheck": 0,"Exact Heap Blocks": 3550,"Lossy Heap Blocks": 0,"Workers": [],"Plans": [{"Node Type": "Bitmap Index Scan","Parent Relationship": "Outer","Parallel Aware": false,"Async Capable": false,"Index Name": "idx_orders_orderdate","Startup Cost": 0.00,"Total Cost": 760.50,"Plan Rows": 56007,"Plan Width": 0,"Actual Startup Time": 9.843,"Actual Total Time": 9.846,"Actual Rows": 57280,"Actual Loops": 1,"Index Cond": "((o_orderdate >= '1993-06-01'::date) AND (o_orderdate < '1993-09-01 00:00:00'::timestamp without time zone))","Workers": []}]},{"Node Type": "Index Scan","Parent Relationship": "Inner","Parallel Aware": false,"Async Capable": false,"Scan Direction": "Forward","Index Name": "idx_lineitem_orderkey","Relation Name": "lineitem","Alias": "lineitem","Startup Cost": 0.43,"Total Cost": 4.65,"Plan Rows": 4,"Plan Width": 16,"Actual Startup Time": 0.010,"Actual Total Time": 0.012,"Actual Rows": 2,"Actual Loops": 57280,"Index Cond": "(l_orderkey = orders.o_orderkey)","Rows Removed by Index Recheck": 0,"Filter": "(l_returnflag = 'R'::bpchar)","Rows Removed by Filter": 2,"Workers": []}]},{"Node Type": "Hash","Parent Relationship": "Inner","Parallel Aware": true,"Async Capable": false,"Startup Cost": 4210.00,"Total Cost": 4210.00,"Plan Rows": 62500,"Plan Width": 148,"Actual Startup Time": 56.151,"Actual Total Time": 56.157,"Actual Rows": 37500,"Actual Loops": 4,"Hash Buckets": 262144,"Original Hash Buckets": 262144,"Hash Batches": 1,"Original Hash Batches": 1,"Peak Memory Usage": 29312,"Workers": [],"Plans": [{"Node Type": "Seq Scan","Parent Relationship": "Outer","Parallel Aware": true,"Async Capable": false,"Relation Name": "customer","Alias": "customer","Startup Cost": 0.00,"Total Cost": 4210.00,"Plan Rows": 62500,"Plan Width": 148,"Actual Startup Time": 0.028,"Actual Total Time": 26.217,"Actual Rows": 37500,"Actual Loops": 4,"Workers": []}]}]},{"Node Type": "Hash","Parent Relationship": "Inner","Parallel Aware": false,"Async Capable": false,"Startup Cost": 1.25,"Total Cost": 1.25,"Plan Rows": 25,"Plan Width": 108,"Actual Startup Time": 0.109,"Actual Total Time": 0.115,"Actual Rows": 25,"Actual Loops": 4,"Hash Buckets": 1024,"Original Hash Buckets": 1024,"Hash Batches": 1,"Original Hash Batches": 1,"Peak Memory Usage": 10,"Workers": [],"Plans": [{"Node Type": "Seq Scan","Parent Relationship": "Outer","Parallel Aware": false,"Async Capable": false,"Relation Name": "nation","Alias": "nation","Startup Cost": 0.00,"Total Cost": 1.25,"Plan Rows": 25,"Plan Width": 108,"Actual Startup Time": 0.076,"Actual Total Time": 0.083,"Actual Rows": 25,"Actual Loops": 4,"Workers": []}]}]}]}]}]},"Planning Time": 6.852,"Triggers": [],"Execution Time": 641.259}]
[{"Plan": {"Node Type": "Sort","Parallel Aware": false,"Async Capable": false,"Startup Cost": 130809.03,"Total Cost": 130949.76,"Plan Rows": 56293,"Plan Width": 280,"Actual Startup Time": 582.640,"Actual Total Time": 623.609,"Actual Rows": 37618,"Actual Loops": 1,"Sort Key": ["(sum((lineitem.l_extendedprice * ('1'::numeric - lineitem.l_discount)))) DESC"],"Sort Method": "quicksort","Sort Space Used": 9764,"Sort Space Type": "Memory","Plans": [{"Node Type": "Aggregate","Strategy": "Hashed","Partial Mode": "Simple","Parent Relationship": "Outer","Parallel Aware": false,"Async Capable": false,"Startup Cost": 125663.66,"Total Cost": 126367.32,"Plan Rows": 56293,"Plan Width": 280,"Actual Startup Time": 404.905,"Actual Total Time": 550.580,"Actual Rows": 37618,"Actual Loops": 1,"Group Key": ["customer.c_custkey", "nation.n_name"],"Planned Partitions": 0,"HashAgg Batches": 1,"Peak Memory Usage": 26129,"Disk Usage": 0,"Plans": [{"Node Type": "Gather","Parent Relationship": "Outer","Parallel Aware": false,"Async Capable": false,"Startup Cost": 6783.62,"Total Cost": 124960.00,"Plan Rows": 56293,"Plan Width": 260,"Actual Startup Time": 77.508,"Actual Total Time": 283.856,"Actual Rows": 113037,"Actual Loops": 1,"Workers Planned": 3,"Workers Launched": 3,"Single Copy": false,"Plans": [{"Node Type": "Hash Join","Parent Relationship": "Outer","Parallel Aware": false,"Async Capable": false,"Join Type": "Inner","Startup Cost": 5783.62,"Total Cost": 118330.70,"Plan Rows": 18159,"Plan Width": 260,"Actual Startup Time": 69.943,"Actual Total Time": 350.172,"Actual Rows": 28259,"Actual Loops": 4,"Inner Unique": true,"Hash Cond": "(customer.c_nationkey = nation.n_nationkey)","Workers": [],"Plans": [{"Node Type": "Hash Join","Parent Relationship": "Outer","Parallel Aware": true,"Async Capable": false,"Join Type": "Inner","Startup Cost": 5782.06,"Total Cost": 118273.39,"Plan Rows": 18159,"Plan Width": 160,"Actual Startup Time": 69.505,"Actual Total Time": 341.161,"Actual Rows": 28259,"Actual Loops": 4,"Inner Unique": true,"Hash Cond": "(orders.o_custkey = customer.c_custkey)","Workers": [],"Plans": [{"Node Type": "Nested Loop","Parent Relationship": "Outer","Parallel Aware": false,"Async Capable": false,"Join Type": "Inner","Startup Cost": 790.81,"Total Cost": 113234.47,"Plan Rows": 18159,"Plan Width": 16,"Actual Startup Time": 13.628,"Actual Total Time": 244.904,"Actual Rows": 28259,"Actual Loops": 4,"Inner Unique": false,"Workers": [],"Plans": [{"Node Type": "Bitmap Heap Scan","Parent Relationship": "Outer","Parallel Aware": true,"Async Capable": false,"Relation Name": "orders","Alias": "orders","Startup Cost": 790.38,"Total Cost": 27161.99,"Plan Rows": 18441,"Plan Width": 8,"Actual Startup Time": 13.544,"Actual Total Time": 67.991,"Actual Rows": 14129,"Actual Loops": 4,"Recheck Cond": "((o_orderdate >= '1994-09-01'::date) AND (o_orderdate < '1994-12-01 00:00:00'::timestamp without time zone))","Rows Removed by Index Recheck": 0,"Exact Heap Blocks": 3515,"Lossy Heap Blocks": 0,"Workers": [],"Plans": [{"Node Type": "Bitmap Index Scan","Parent Relationship": "Outer","Parallel Aware": false,"Async Capable": false,"Index Name": "idx_orders_orderdate","Startup Cost": 0.00,"Total Cost": 776.09,"Plan Rows": 57166,"Plan Width": 0,"Actual Startup Time": 10.241,"Actual Total Time": 10.248,"Actual Rows": 56516,"Actual Loops": 1,"Index Cond": "((o_orderdate >= '1994-09-01'::date) AND (o_orderdate < '1994-12-01 00:00:00'::timestamp without time zone))","Workers": []}]},{"Node Type": "Index Scan","Parent Relationship": "Inner","Parallel Aware": false,"Async Capable": false,"Scan Direction": "Forward","Index Name": "idx_lineitem_orderkey","Relation Name": "lineitem","Alias": "lineitem","Startup Cost": 0.43,"Total Cost": 4.63,"Plan Rows": 4,"Plan Width": 16,"Actual Startup Time": 0.010,"Actual Total Time": 0.012,"Actual Rows": 2,"Actual Loops": 56516,"Index Cond": "(l_orderkey = orders.o_orderkey)","Rows Removed by Index Recheck": 0,"Filter": "(l_returnflag = 'R'::bpchar)","Rows Removed by Filter": 2,"Workers": []}]},{"Node Type": "Hash","Parent Relationship": "Inner","Parallel Aware": true,"Async Capable": false,"Startup Cost": 4210.00,"Total Cost": 4210.00,"Plan Rows": 62500,"Plan Width": 148,"Actual Startup Time": 55.246,"Actual Total Time": 55.254,"Actual Rows": 37500,"Actual Loops": 4,"Hash Buckets": 262144,"Original Hash Buckets": 262144,"Hash Batches": 1,"Original Hash Batches": 1,"Peak Memory Usage": 29280,"Workers": [],"Plans": [{"Node Type": "Seq Scan","Parent Relationship": "Outer","Parallel Aware": true,"Async Capable": false,"Relation Name": "customer","Alias": "customer","Startup Cost": 0.00,"Total Cost": 4210.00,"Plan Rows": 62500,"Plan Width": 148,"Actual Startup Time": 0.029,"Actual Total Time": 24.927,"Actual Rows": 37500,"Actual Loops": 4,"Workers": []}]}]},{"Node Type": "Hash","Parent Relationship": "Inner","Parallel Aware": false,"Async Capable": false,"Startup Cost": 1.25,"Total Cost": 1.25,"Plan Rows": 25,"Plan Width": 108,"Actual Startup Time": 0.092,"Actual Total Time": 0.096,"Actual Rows": 25,"Actual Loops": 4,"Hash Buckets": 1024,"Original Hash Buckets": 1024,"Hash Batches": 1,"Original Hash Batches": 1,"Peak Memory Usage": 10,"Workers": [],"Plans": [{"Node Type": "Seq Scan","Parent Relationship": "Outer","Parallel Aware": false,"Async Capable": false,"Relation Name": "nation","Alias": "nation","Startup Cost": 0.00,"Total Cost": 1.25,"Plan Rows": 25,"Plan Width": 108,"Actual Startup Time": 0.062,"Actual Total Time": 0.068,"Actual Rows": 25,"Actual Loops": 4,"Workers": []}]}]}]}]}]},"Planning Time": 5.868,"Triggers": [],"Execution Time": 629.137}]
[{"Plan": {"Node Type": "Sort","Parallel Aware": false,"Async Capable": false,"Startup Cost": 131080.21,"Total Cost": 131221.46,"Plan Rows": 56499,"Plan Width": 280,"Actual Startup Time": 607.607,"Actual Total Time": 646.377,"Actual Rows": 37607,"Actual Loops": 1,"Sort Key": ["(sum((lineitem.l_extendedprice * ('1'::numeric - lineitem.l_discount)))) DESC"],"Sort Method": "quicksort","Sort Space Used": 9755,"Sort Space Type": "Memory","Plans": [{"Node Type": "Aggregate","Strategy": "Hashed","Partial Mode": "Simple","Parent Relationship": "Outer","Parallel Aware": false,"Async Capable": false,"Startup Cost": 125914.53,"Total Cost": 126620.77,"Plan Rows": 56499,"Plan Width": 280,"Actual Startup Time": 421.745,"Actual Total Time": 572.585,"Actual Rows": 37607,"Actual Loops": 1,"Group Key": ["customer.c_custkey", "nation.n_name"],"Planned Partitions": 0,"HashAgg Batches": 1,"Peak Memory Usage": 26129,"Disk Usage": 0,"Plans": [{"Node Type": "Gather","Parent Relationship": "Outer","Parallel Aware": false,"Async Capable": false,"Startup Cost": 6785.77,"Total Cost": 125208.29,"Plan Rows": 56499,"Plan Width": 260,"Actual Startup Time": 84.737,"Actual Total Time": 294.745,"Actual Rows": 112798,"Actual Loops": 1,"Workers Planned": 3,"Workers Launched": 3,"Single Copy": false,"Plans": [{"Node Type": "Hash Join","Parent Relationship": "Outer","Parallel Aware": false,"Async Capable": false,"Join Type": "Inner","Startup Cost": 5785.77,"Total Cost": 118558.39,"Plan Rows": 18225,"Plan Width": 260,"Actual Startup Time": 77.703,"Actual Total Time": 365.765,"Actual Rows": 28200,"Actual Loops": 4,"Inner Unique": true,"Hash Cond": "(customer.c_nationkey = nation.n_nationkey)","Workers": [],"Plans": [{"Node Type": "Hash Join","Parent Relationship": "Outer","Parallel Aware": true,"Async Capable": false,"Join Type": "Inner","Startup Cost": 5784.20,"Total Cost": 118500.88,"Plan Rows": 18225,"Plan Width": 160,"Actual Startup Time": 77.334,"Actual Total Time": 357.276,"Actual Rows": 28200,"Actual Loops": 4,"Inner Unique": true,"Hash Cond": "(orders.o_custkey = customer.c_custkey)","Workers": [],"Plans": [{"Node Type": "Nested Loop","Parent Relationship": "Outer","Parallel Aware": false,"Async Capable": false,"Join Type": "Inner","Startup Cost": 792.95,"Total Cost": 113461.79,"Plan Rows": 18225,"Plan Width": 16,"Actual Startup Time": 13.152,"Actual Total Time": 254.573,"Actual Rows": 28200,"Actual Loops": 4,"Inner Unique": false,"Workers": [],"Plans": [{"Node Type": "Bitmap Heap Scan","Parent Relationship": "Outer","Parallel Aware": true,"Async Capable": false,"Relation Name": "orders","Alias": "orders","Startup Cost": 792.52,"Total Cost": 27165.14,"Plan Rows": 18508,"Plan Width": 8,"Actual Startup Time": 13.088,"Actual Total Time": 71.143,"Actual Rows": 14087,"Actual Loops": 4,"Recheck Cond": "((o_orderdate >= '1994-01-01'::date) AND (o_orderdate < '1994-04-01 00:00:00'::timestamp without time zone))","Rows Removed by Index Recheck": 0,"Exact Heap Blocks": 3702,"Lossy Heap Blocks": 0,"Workers": [],"Plans": [{"Node Type": "Bitmap Index Scan","Parent Relationship": "Outer","Parallel Aware": false,"Async Capable": false,"Index Name": "idx_orders_orderdate","Startup Cost": 0.00,"Total Cost": 778.18,"Plan Rows": 57375,"Plan Width": 0,"Actual Startup Time": 9.927,"Actual Total Time": 9.934,"Actual Rows": 56349,"Actual Loops": 1,"Index Cond": "((o_orderdate >= '1994-01-01'::date) AND (o_orderdate < '1994-04-01 00:00:00'::timestamp without time zone))","Workers": []}]},{"Node Type": "Index Scan","Parent Relationship": "Inner","Parallel Aware": false,"Async Capable": false,"Scan Direction": "Forward","Index Name": "idx_lineitem_orderkey","Relation Name": "lineitem","Alias": "lineitem","Startup Cost": 0.43,"Total Cost": 4.62,"Plan Rows": 4,"Plan Width": 16,"Actual Startup Time": 0.011,"Actual Total Time": 0.013,"Actual Rows": 2,"Actual Loops": 56349,"Index Cond": "(l_orderkey = orders.o_orderkey)","Rows Removed by Index Recheck": 0,"Filter": "(l_returnflag = 'R'::bpchar)","Rows Removed by Filter": 2,"Workers": []}]},{"Node Type": "Hash","Parent Relationship": "Inner","Parallel Aware": true,"Async Capable": false,"Startup Cost": 4210.00,"Total Cost": 4210.00,"Plan Rows": 62500,"Plan Width": 148,"Actual Startup Time": 63.582,"Actual Total Time": 63.588,"Actual Rows": 37500,"Actual Loops": 4,"Hash Buckets": 262144,"Original Hash Buckets": 262144,"Hash Batches": 1,"Original Hash Batches": 1,"Peak Memory Usage": 29312,"Workers": [],"Plans": [{"Node Type": "Seq Scan","Parent Relationship": "Outer","Parallel Aware": true,"Async Capable": false,"Relation Name": "customer","Alias": "customer","Startup Cost": 0.00,"Total Cost": 4210.00,"Plan Rows": 62500,"Plan Width": 148,"Actual Startup Time": 0.028,"Actual Total Time": 28.690,"Actual Rows": 37500,"Actual Loops": 4,"Workers": []}]}]},{"Node Type": "Hash","Parent Relationship": "Inner","Parallel Aware": false,"Async Capable": false,"Startup Cost": 1.25,"Total Cost": 1.25,"Plan Rows": 25,"Plan Width": 108,"Actual Startup Time": 0.094,"Actual Total Time": 0.100,"Actual Rows": 25,"Actual Loops": 4,"Hash Buckets": 1024,"Original Hash Buckets": 1024,"Hash Batches": 1,"Original Hash Batches": 1,"Peak Memory Usage": 10,"Workers": [],"Plans": [{"Node Type": "Seq Scan","Parent Relationship": "Outer","Parallel Aware": false,"Async Capable": false,"Relation Name": "nation","Alias": "nation","Startup Cost": 0.00,"Total Cost": 1.25,"Plan Rows": 25,"Plan Width": 108,"Actual Startup Time": 0.060,"Actual Total Time": 0.067,"Actual Rows": 25,"Actual Loops": 4,"Workers": []}]}]}]}]}]},"Planning Time": 7.215,"Triggers": [],"Execution Time": 650.753}]
[{"Plan": {"Node Type": "Sort","Parallel Aware": false,"Async Capable": false,"Startup Cost": 127549.79,"Total Cost": 127684.44,"Plan Rows": 53858,"Plan Width": 280,"Actual Startup Time": 605.399,"Actual Total Time": 645.666,"Actual Rows": 37880,"Actual Loops": 1,"Sort Key": ["(sum((lineitem.l_extendedprice * ('1'::numeric - lineitem.l_discount)))) DESC"],"Sort Method": "quicksort","Sort Space Used": 9830,"Sort Space Type": "Memory","Plans": [{"Node Type": "Aggregate","Strategy": "Hashed","Partial Mode": "Simple","Parent Relationship": "Outer","Parallel Aware": false,"Async Capable": false,"Startup Cost": 122644.17,"Total Cost": 123317.39,"Plan Rows": 53858,"Plan Width": 280,"Actual Startup Time": 424.771,"Actual Total Time": 574.608,"Actual Rows": 37880,"Actual Loops": 1,"Group Key": ["customer.c_custkey", "nation.n_name"],"Planned Partitions": 0,"HashAgg Batches": 1,"Peak Memory Usage": 26129,"Disk Usage": 0,"Plans": [{"Node Type": "Gather","Parent Relationship": "Outer","Parallel Aware": false,"Async Capable": false,"Startup Cost": 6750.28,"Total Cost": 121970.94,"Plan Rows": 53858,"Plan Width": 260,"Actual Startup Time": 85.178,"Actual Total Time": 295.165,"Actual Rows": 114508,"Actual Loops": 1,"Workers Planned": 3,"Workers Launched": 3,"Single Copy": false,"Plans": [{"Node Type": "Hash Join","Parent Relationship": "Outer","Parallel Aware": false,"Async Capable": false,"Join Type": "Inner","Startup Cost": 5750.28,"Total Cost": 115585.14,"Plan Rows": 17374,"Plan Width": 260,"Actual Startup Time": 78.100,"Actual Total Time": 368.715,"Actual Rows": 28627,"Actual Loops": 4,"Inner Unique": true,"Hash Cond": "(customer.c_nationkey = nation.n_nationkey)","Workers": [],"Plans": [{"Node Type": "Hash Join","Parent Relationship": "Outer","Parallel Aware": true,"Async Capable": false,"Join Type": "Inner","Startup Cost": 5748.71,"Total Cost": 115530.24,"Plan Rows": 17374,"Plan Width": 160,"Actual Startup Time": 77.678,"Actual Total Time": 360.085,"Actual Rows": 28627,"Actual Loops": 4,"Inner Unique": true,"Hash Cond": "(orders.o_custkey = customer.c_custkey)","Workers": [],"Plans": [{"Node Type": "Nested Loop","Parent Relationship": "Outer","Parallel Aware": false,"Async Capable": false,"Join Type": "Inner","Startup Cost": 757.46,"Total Cost": 110493.39,"Plan Rows": 17374,"Plan Width": 16,"Actual Startup Time": 13.130,"Actual Total Time": 256.172,"Actual Rows": 28627,"Actual Loops": 4,"Inner Unique": false,"Workers": [],"Plans": [{"Node Type": "Bitmap Heap Scan","Parent Relationship": "Outer","Parallel Aware": true,"Async Capable": false,"Relation Name": "orders","Alias": "orders","Startup Cost": 757.03,"Total Cost": 27116.67,"Plan Rows": 17643,"Plan Width": 8,"Actual Startup Time": 13.063,"Actual Total Time": 71.665,"Actual Rows": 14273,"Actual Loops": 4,"Recheck Cond": "((o_orderdate >= '1993-05-01'::date) AND (o_orderdate < '1993-08-01 00:00:00'::timestamp without time zone))","Rows Removed by Index Recheck": 0,"Exact Heap Blocks": 3695,"Lossy Heap Blocks": 0,"Workers": [],"Plans": [{"Node Type": "Bitmap Index Scan","Parent Relationship": "Outer","Parallel Aware": false,"Async Capable": false,"Index Name": "idx_orders_orderdate","Startup Cost": 0.00,"Total Cost": 743.36,"Plan Rows": 54693,"Plan Width": 0,"Actual Startup Time": 9.957,"Actual Total Time": 9.964,"Actual Rows": 57093,"Actual Loops": 1,"Index Cond": "((o_orderdate >= '1993-05-01'::date) AND (o_orderdate < '1993-08-01 00:00:00'::timestamp without time zone))","Workers": []}]},{"Node Type": "Index Scan","Parent Relationship": "Inner","Parallel Aware": false,"Async Capable": false,"Scan Direction": "Forward","Index Name": "idx_lineitem_orderkey","Relation Name": "lineitem","Alias": "lineitem","Startup Cost": 0.43,"Total Cost": 4.69,"Plan Rows": 4,"Plan Width": 16,"Actual Startup Time": 0.011,"Actual Total Time": 0.013,"Actual Rows": 2,"Actual Loops": 57093,"Index Cond": "(l_orderkey = orders.o_orderkey)","Rows Removed by Index Recheck": 0,"Filter": "(l_returnflag = 'R'::bpchar)","Rows Removed by Filter": 2,"Workers": []}]},{"Node Type": "Hash","Parent Relationship": "Inner","Parallel Aware": true,"Async Capable": false,"Startup Cost": 4210.00,"Total Cost": 4210.00,"Plan Rows": 62500,"Plan Width": 148,"Actual Startup Time": 63.988,"Actual Total Time": 63.994,"Actual Rows": 37500,"Actual Loops": 4,"Hash Buckets": 262144,"Original Hash Buckets": 262144,"Hash Batches": 1,"Original Hash Batches": 1,"Peak Memory Usage": 29344,"Workers": [],"Plans": [{"Node Type": "Seq Scan","Parent Relationship": "Outer","Parallel Aware": true,"Async Capable": false,"Relation Name": "customer","Alias": "customer","Startup Cost": 0.00,"Total Cost": 4210.00,"Plan Rows": 62500,"Plan Width": 148,"Actual Startup Time": 0.034,"Actual Total Time": 28.777,"Actual Rows": 37500,"Actual Loops": 4,"Workers": []}]}]},{"Node Type": "Hash","Parent Relationship": "Inner","Parallel Aware": false,"Async Capable": false,"Startup Cost": 1.25,"Total Cost": 1.25,"Plan Rows": 25,"Plan Width": 108,"Actual Startup Time": 0.078,"Actual Total Time": 0.083,"Actual Rows": 25,"Actual Loops": 4,"Hash Buckets": 1024,"Original Hash Buckets": 1024,"Hash Batches": 1,"Original Hash Batches": 1,"Peak Memory Usage": 10,"Workers": [],"Plans": [{"Node Type": "Seq Scan","Parent Relationship": "Outer","Parallel Aware": false,"Async Capable": false,"Relation Name": "nation","Alias": "nation","Startup Cost": 0.00,"Total Cost": 1.25,"Plan Rows": 25,"Plan Width": 108,"Actual Startup Time": 0.048,"Actual Total Time": 0.055,"Actual Rows": 25,"Actual Loops": 4,"Workers": []}]}]}]}]}]},"Planning Time": 7.141,"Triggers": [],"Execution Time": 649.992}]
[{"Plan": {"Node Type": "Sort","Parallel Aware": false,"Async Capable": false,"Startup Cost": 129819.00,"Total Cost": 129957.88,"Plan Rows": 55552,"Plan Width": 280,"Actual Startup Time": 608.281,"Actual Total Time": 648.391,"Actual Rows": 37948,"Actual Loops": 1,"Sort Key": ["(sum((lineitem.l_extendedprice * ('1'::numeric - lineitem.l_discount)))) DESC"],"Sort Method": "quicksort","Sort Space Used": 9840,"Sort Space Type": "Memory","Plans": [{"Node Type": "Aggregate","Strategy": "Hashed","Partial Mode": "Simple","Parent Relationship": "Outer","Parallel Aware": false,"Async Capable": false,"Startup Cost": 124746.67,"Total Cost": 125441.07,"Plan Rows": 55552,"Plan Width": 280,"Actual Startup Time": 419.818,"Actual Total Time": 574.956,"Actual Rows": 37948,"Actual Loops": 1,"Group Key": ["customer.c_custkey", "nation.n_name"],"Planned Partitions": 0,"HashAgg Batches": 1,"Peak Memory Usage": 26129,"Disk Usage": 0,"Plans": [{"Node Type": "Gather","Parent Relationship": "Outer","Parallel Aware": false,"Async Capable": false,"Startup Cost": 6771.91,"Total Cost": 124052.27,"Plan Rows": 55552,"Plan Width": 260,"Actual Startup Time": 82.501,"Actual Total Time": 287.884,"Actual Rows": 114775,"Actual Loops": 1,"Workers Planned": 3,"Workers Launched": 3,"Single Copy": false,"Plans": [{"Node Type": "Hash Join","Parent Relationship": "Outer","Parallel Aware": false,"Async Capable": false,"Join Type": "Inner","Startup Cost": 5771.91,"Total Cost": 117497.07,"Plan Rows": 17920,"Plan Width": 260,"Actual Startup Time": 75.276,"Actual Total Time": 362.951,"Actual Rows": 28694,"Actual Loops": 4,"Inner Unique": true,"Hash Cond": "(customer.c_nationkey = nation.n_nationkey)","Workers": [],"Plans": [{"Node Type": "Hash Join","Parent Relationship": "Outer","Parallel Aware": true,"Async Capable": false,"Join Type": "Inner","Startup Cost": 5770.34,"Total Cost": 117440.49,"Plan Rows": 17920,"Plan Width": 160,"Actual Startup Time": 74.883,"Actual Total Time": 354.260,"Actual Rows": 28694,"Actual Loops": 4,"Inner Unique": true,"Hash Cond": "(orders.o_custkey = customer.c_custkey)","Workers": [],"Plans": [{"Node Type": "Nested Loop","Parent Relationship": "Outer","Parallel Aware": false,"Async Capable": false,"Join Type": "Inner","Startup Cost": 779.09,"Total Cost": 112402.20,"Plan Rows": 17920,"Plan Width": 16,"Actual Startup Time": 13.340,"Actual Total Time": 252.834,"Actual Rows": 28694,"Actual Loops": 4,"Inner Unique": false,"Workers": [],"Plans": [{"Node Type": "Bitmap Heap Scan","Parent Relationship": "Outer","Parallel Aware": true,"Async Capable": false,"Relation Name": "orders","Alias": "orders","Startup Cost": 778.66,"Total Cost": 27146.63,"Plan Rows": 18198,"Plan Width": 8,"Actual Startup Time": 13.279,"Actual Total Time": 70.699,"Actual Rows": 14304,"Actual Loops": 4,"Recheck Cond": "((o_orderdate >= '1993-07-01'::date) AND (o_orderdate < '1993-10-01 00:00:00'::timestamp without time zone))","Rows Removed by Index Recheck": 0,"Exact Heap Blocks": 3636,"Lossy Heap Blocks": 0,"Workers": [],"Plans": [{"Node Type": "Bitmap Index Scan","Parent Relationship": "Outer","Parallel Aware": false,"Async Capable": false,"Index Name": "idx_orders_orderdate","Startup Cost": 0.00,"Total Cost": 764.56,"Plan Rows": 56413,"Plan Width": 0,"Actual Startup Time": 10.131,"Actual Total Time": 10.133,"Actual Rows": 57218,"Actual Loops": 1,"Index Cond": "((o_orderdate >= '1993-07-01'::date) AND (o_orderdate < '1993-10-01 00:00:00'::timestamp without time zone))","Workers": []}]},{"Node Type": "Index Scan","Parent Relationship": "Inner","Parallel Aware": false,"Async Capable": false,"Scan Direction": "Forward","Index Name": "idx_lineitem_orderkey","Relation Name": "lineitem","Alias": "lineitem","Startup Cost": 0.43,"Total Cost": 4.64,"Plan Rows": 4,"Plan Width": 16,"Actual Startup Time": 0.010,"Actual Total Time": 0.012,"Actual Rows": 2,"Actual Loops": 57218,"Index Cond": "(l_orderkey = orders.o_orderkey)","Rows Removed by Index Recheck": 0,"Filter": "(l_returnflag = 'R'::bpchar)","Rows Removed by Filter": 2,"Workers": []}]},{"Node Type": "Hash","Parent Relationship": "Inner","Parallel Aware": true,"Async Capable": false,"Startup Cost": 4210.00,"Total Cost": 4210.00,"Plan Rows": 62500,"Plan Width": 148,"Actual Startup Time": 60.976,"Actual Total Time": 60.983,"Actual Rows": 37500,"Actual Loops": 4,"Hash Buckets": 262144,"Original Hash Buckets": 262144,"Hash Batches": 1,"Original Hash Batches": 1,"Peak Memory Usage": 29344,"Workers": [],"Plans": [{"Node Type": "Seq Scan","Parent Relationship": "Outer","Parallel Aware": true,"Async Capable": false,"Relation Name": "customer","Alias": "customer","Startup Cost": 0.00,"Total Cost": 4210.00,"Plan Rows": 62500,"Plan Width": 148,"Actual Startup Time": 0.026,"Actual Total Time": 27.898,"Actual Rows": 37500,"Actual Loops": 4,"Workers": []}]}]},{"Node Type": "Hash","Parent Relationship": "Inner","Parallel Aware": false,"Async Capable": false,"Startup Cost": 1.25,"Total Cost": 1.25,"Plan Rows": 25,"Plan Width": 108,"Actual Startup Time": 0.100,"Actual Total Time": 0.105,"Actual Rows": 25,"Actual Loops": 4,"Hash Buckets": 1024,"Original Hash Buckets": 1024,"Hash Batches": 1,"Original Hash Batches": 1,"Peak Memory Usage": 10,"Workers": [],"Plans": [{"Node Type": "Seq Scan","Parent Relationship": "Outer","Parallel Aware": false,"Async Capable": false,"Relation Name": "nation","Alias": "nation","Startup Cost": 0.00,"Total Cost": 1.25,"Plan Rows": 25,"Plan Width": 108,"Actual Startup Time": 0.065,"Actual Total Time": 0.072,"Actual Rows": 25,"Actual Loops": 4,"Workers": []}]}]}]}]}]},"Planning Time": 6.175,"Triggers": [],"Execution Time": 652.968}]
[{"Plan": {"Node Type": "Sort","Parallel Aware": false,"Async Capable": false,"Startup Cost": 131080.21,"Total Cost": 131221.46,"Plan Rows": 56499,"Plan Width": 280,"Actual Startup Time": 605.493,"Actual Total Time": 645.716,"Actual Rows": 37967,"Actual Loops": 1,"Sort Key": ["(sum((lineitem.l_extendedprice * ('1'::numeric - lineitem.l_discount)))) DESC"],"Sort Method": "quicksort","Sort Space Used": 9838,"Sort Space Type": "Memory","Plans": [{"Node Type": "Aggregate","Strategy": "Hashed","Partial Mode": "Simple","Parent Relationship": "Outer","Parallel Aware": false,"Async Capable": false,"Startup Cost": 125914.53,"Total Cost": 126620.77,"Plan Rows": 56499,"Plan Width": 280,"Actual Startup Time": 424.904,"Actual Total Time": 572.991,"Actual Rows": 37967,"Actual Loops": 1,"Group Key": ["customer.c_custkey", "nation.n_name"],"Planned Partitions": 0,"HashAgg Batches": 1,"Peak Memory Usage": 26129,"Disk Usage": 0,"Plans": [{"Node Type": "Gather","Parent Relationship": "Outer","Parallel Aware": false,"Async Capable": false,"Startup Cost": 6785.77,"Total Cost": 125208.29,"Plan Rows": 56499,"Plan Width": 260,"Actual Startup Time": 85.491,"Actual Total Time": 295.043,"Actual Rows": 114705,"Actual Loops": 1,"Workers Planned": 3,"Workers Launched": 3,"Single Copy": false,"Plans": [{"Node Type": "Hash Join","Parent Relationship": "Outer","Parallel Aware": false,"Async Capable": false,"Join Type": "Inner","Startup Cost": 5785.77,"Total Cost": 118558.39,"Plan Rows": 18225,"Plan Width": 260,"Actual Startup Time": 77.990,"Actual Total Time": 369.128,"Actual Rows": 28676,"Actual Loops": 4,"Inner Unique": true,"Hash Cond": "(customer.c_nationkey = nation.n_nationkey)","Workers": [],"Plans": [{"Node Type": "Hash Join","Parent Relationship": "Outer","Parallel Aware": true,"Async Capable": false,"Join Type": "Inner","Startup Cost": 5784.20,"Total Cost": 118500.88,"Plan Rows": 18225,"Plan Width": 160,"Actual Startup Time": 77.566,"Actual Total Time": 359.708,"Actual Rows": 28676,"Actual Loops": 4,"Inner Unique": true,"Hash Cond": "(orders.o_custkey = customer.c_custkey)","Workers": [],"Plans": [{"Node Type": "Nested Loop","Parent Relationship": "Outer","Parallel Aware": false,"Async Capable": false,"Join Type": "Inner","Startup Cost": 792.95,"Total Cost": 113461.79,"Plan Rows": 18225,"Plan Width": 16,"Actual Startup Time": 13.246,"Actual Total Time": 255.571,"Actual Rows": 28676,"Actual Loops": 4,"Inner Unique": false,"Workers": [],"Plans": [{"Node Type": "Bitmap Heap Scan","Parent Relationship": "Outer","Parallel Aware": true,"Async Capable": false,"Relation Name": "orders","Alias": "orders","Startup Cost": 792.52,"Total Cost": 27165.14,"Plan Rows": 18508,"Plan Width": 8,"Actual Startup Time": 13.160,"Actual Total Time": 71.475,"Actual Rows": 14267,"Actual Loops": 4,"Recheck Cond": "((o_orderdate >= '1993-10-01'::date) AND (o_orderdate < '1994-01-01 00:00:00'::timestamp without time zone))","Rows Removed by Index Recheck": 0,"Exact Heap Blocks": 3708,"Lossy Heap Blocks": 0,"Workers": [],"Plans": [{"Node Type": "Bitmap Index Scan","Parent Relationship": "Outer","Parallel Aware": false,"Async Capable": false,"Index Name": "idx_orders_orderdate","Startup Cost": 0.00,"Total Cost": 778.18,"Plan Rows": 57375,"Plan Width": 0,"Actual Startup Time": 10.062,"Actual Total Time": 10.069,"Actual Rows": 57069,"Actual Loops": 1,"Index Cond": "((o_orderdate >= '1993-10-01'::date) AND (o_orderdate < '1994-01-01 00:00:00'::timestamp without time zone))","Workers": []}]},{"Node Type": "Index Scan","Parent Relationship": "Inner","Parallel Aware": false,"Async Capable": false,"Scan Direction": "Forward","Index Name": "idx_lineitem_orderkey","Relation Name": "lineitem","Alias": "lineitem","Startup Cost": 0.43,"Total Cost": 4.62,"Plan Rows": 4,"Plan Width": 16,"Actual Startup Time": 0.011,"Actual Total Time": 0.013,"Actual Rows": 2,"Actual Loops": 57069,"Index Cond": "(l_orderkey = orders.o_orderkey)","Rows Removed by Index Recheck": 0,"Filter": "(l_returnflag = 'R'::bpchar)","Rows Removed by Filter": 2,"Workers": []}]},{"Node Type": "Hash","Parent Relationship": "Inner","Parallel Aware": true,"Async Capable": false,"Startup Cost": 4210.00,"Total Cost": 4210.00,"Plan Rows": 62500,"Plan Width": 148,"Actual Startup Time": 63.688,"Actual Total Time": 63.696,"Actual Rows": 37500,"Actual Loops": 4,"Hash Buckets": 262144,"Original Hash Buckets": 262144,"Hash Batches": 1,"Original Hash Batches": 1,"Peak Memory Usage": 29312,"Workers": [],"Plans": [{"Node Type": "Seq Scan","Parent Relationship": "Outer","Parallel Aware": true,"Async Capable": false,"Relation Name": "customer","Alias": "customer","Startup Cost": 0.00,"Total Cost": 4210.00,"Plan Rows": 62500,"Plan Width": 148,"Actual Startup Time": 0.034,"Actual Total Time": 28.900,"Actual Rows": 37500,"Actual Loops": 4,"Workers": []}]}]},{"Node Type": "Hash","Parent Relationship": "Inner","Parallel Aware": false,"Async Capable": false,"Startup Cost": 1.25,"Total Cost": 1.25,"Plan Rows": 25,"Plan Width": 108,"Actual Startup Time": 0.102,"Actual Total Time": 0.107,"Actual Rows": 25,"Actual Loops": 4,"Hash Buckets": 1024,"Original Hash Buckets": 1024,"Hash Batches": 1,"Original Hash Batches": 1,"Peak Memory Usage": 10,"Workers": [],"Plans": [{"Node Type": "Seq Scan","Parent Relationship": "Outer","Parallel Aware": false,"Async Capable": false,"Relation Name": "nation","Alias": "nation","Startup Cost": 0.00,"Total Cost": 1.25,"Plan Rows": 25,"Plan Width": 108,"Actual Startup Time": 0.070,"Actual Total Time": 0.076,"Actual Rows": 25,"Actual Loops": 4,"Workers": []}]}]}]}]}]},"Planning Time": 6.575,"Triggers": [],"Execution Time": 649.944}]
[{"Plan": {"Node Type": "Sort","Parallel Aware": false,"Async Capable": false,"Startup Cost": 128172.02,"Total Cost": 128307.83,"Plan Rows": 54323,"Plan Width": 280,"Actual Startup Time": 580.875,"Actual Total Time": 621.555,"Actual Rows": 37633,"Actual Loops": 1,"Sort Key": ["(sum((lineitem.l_extendedprice * ('1'::numeric - lineitem.l_discount)))) DESC"],"Sort Method": "quicksort","Sort Space Used": 9771,"Sort Space Type": "Memory","Plans": [{"Node Type": "Aggregate","Strategy": "Hashed","Partial Mode": "Simple","Parent Relationship": "Outer","Parallel Aware": false,"Async Capable": false,"Startup Cost": 123220.68,"Total Cost": 123899.72,"Plan Rows": 54323,"Plan Width": 280,"Actual Startup Time": 405.186,"Actual Total Time": 549.451,"Actual Rows": 37633,"Actual Loops": 1,"Group Key": ["customer.c_custkey", "nation.n_name"],"Planned Partitions": 0,"HashAgg Batches": 1,"Peak Memory Usage": 26129,"Disk Usage": 0,"Plans": [{"Node Type": "Gather","Parent Relationship": "Outer","Parallel Aware": false,"Async Capable": false,"Startup Cost": 6755.11,"Total Cost": 122541.64,"Plan Rows": 54323,"Plan Width": 260,"Actual Startup Time": 76.087,"Actual Total Time": 280.080,"Actual Rows": 112740,"Actual Loops": 1,"Workers Planned": 3,"Workers Launched": 3,"Single Copy": false,"Plans": [{"Node Type": "Hash Join","Parent Relationship": "Outer","Parallel Aware": false,"Async Capable": false,"Join Type": "Inner","Startup Cost": 5755.11,"Total Cost": 116109.34,"Plan Rows": 17524,"Plan Width": 260,"Actual Startup Time": 69.042,"Actual Total Time": 350.531,"Actual Rows": 28185,"Actual Loops": 4,"Inner Unique": true,"Hash Cond": "(customer.c_nationkey = nation.n_nationkey)","Workers": [],"Plans": [{"Node Type": "Hash Join","Parent Relationship": "Outer","Parallel Aware": true,"Async Capable": false,"Join Type": "Inner","Startup Cost": 5753.55,"Total Cost": 116053.98,"Plan Rows": 17524,"Plan Width": 160,"Actual Startup Time": 68.729,"Actual Total Time": 342.552,"Actual Rows": 28185,"Actual Loops": 4,"Inner Unique": true,"Hash Cond": "(orders.o_custkey = customer.c_custkey)","Workers": [],"Plans": [{"Node Type": "Nested Loop","Parent Relationship": "Outer","Parallel Aware": false,"Async Capable": false,"Join Type": "Inner","Startup Cost": 762.30,"Total Cost": 111016.73,"Plan Rows": 17524,"Plan Width": 16,"Actual Startup Time": 13.194,"Actual Total Time": 245.701,"Actual Rows": 28185,"Actual Loops": 4,"Inner Unique": false,"Workers": [],"Plans": [{"Node Type": "Bitmap Heap Scan","Parent Relationship": "Outer","Parallel Aware": true,"Async Capable": false,"Relation Name": "orders","Alias": "orders","Startup Cost": 761.87,"Total Cost": 27123.80,"Plan Rows": 17795,"Plan Width": 8,"Actual Startup Time": 13.139,"Actual Total Time": 70.147,"Actual Rows": 14108,"Actual Loops": 4,"Recheck Cond": "((o_orderdate >= '1993-04-01'::date) AND (o_orderdate < '1993-07-01 00:00:00'::timestamp without time zone))","Rows Removed by Index Recheck": 0,"Exact Heap Blocks": 3504,"Lossy Heap Blocks": 0,"Workers": [],"Plans": [{"Node Type": "Bitmap Index Scan","Parent Relationship": "Outer","Parallel Aware": false,"Async Capable": false,"Index Name": "idx_orders_orderdate","Startup Cost": 0.00,"Total Cost": 748.08,"Plan Rows": 55165,"Plan Width": 0,"Actual Startup Time": 10.077,"Actual Total Time": 10.080,"Actual Rows": 56434,"Actual Loops": 1,"Index Cond": "((o_orderdate >= '1993-04-01'::date) AND (o_orderdate < '1993-07-01 00:00:00'::timestamp without time zone))","Workers": []}]},{"Node Type": "Index Scan","Parent Relationship": "Inner","Parallel Aware": false,"Async Capable": false,"Scan Direction": "Forward","Index Name": "idx_lineitem_orderkey","Relation Name": "lineitem","Alias": "lineitem","Startup Cost": 0.43,"Total Cost": 4.67,"Plan Rows": 4,"Plan Width": 16,"Actual Startup Time": 0.010,"Actual Total Time": 0.012,"Actual Rows": 2,"Actual Loops": 56434,"Index Cond": "(l_orderkey = orders.o_orderkey)","Rows Removed by Index Recheck": 0,"Filter": "(l_returnflag = 'R'::bpchar)","Rows Removed by Filter": 2,"Workers": []}]},{"Node Type": "Hash","Parent Relationship": "Inner","Parallel Aware": true,"Async Capable": false,"Startup Cost": 4210.00,"Total Cost": 4210.00,"Plan Rows": 62500,"Plan Width": 148,"Actual Startup Time": 54.995,"Actual Total Time": 55.002,"Actual Rows": 37500,"Actual Loops": 4,"Hash Buckets": 262144,"Original Hash Buckets": 262144,"Hash Batches": 1,"Original Hash Batches": 1,"Peak Memory Usage": 29312,"Workers": [],"Plans": [{"Node Type": "Seq Scan","Parent Relationship": "Outer","Parallel Aware": true,"Async Capable": false,"Relation Name": "customer","Alias": "customer","Startup Cost": 0.00,"Total Cost": 4210.00,"Plan Rows": 62500,"Plan Width": 148,"Actual Startup Time": 0.020,"Actual Total Time": 23.497,"Actual Rows": 37500,"Actual Loops": 4,"Workers": []}]}]},{"Node Type": "Hash","Parent Relationship": "Inner","Parallel Aware": false,"Async Capable": false,"Startup Cost": 1.25,"Total Cost": 1.25,"Plan Rows": 25,"Plan Width": 108,"Actual Startup Time": 0.072,"Actual Total Time": 0.079,"Actual Rows": 25,"Actual Loops": 4,"Hash Buckets": 1024,"Original Hash Buckets": 1024,"Hash Batches": 1,"Original Hash Batches": 1,"Peak Memory Usage": 10,"Workers": [],"Plans": [{"Node Type": "Seq Scan","Parent Relationship": "Outer","Parallel Aware": false,"Async Capable": false,"Relation Name": "nation","Alias": "nation","Startup Cost": 0.00,"Total Cost": 1.25,"Plan Rows": 25,"Plan Width": 108,"Actual Startup Time": 0.049,"Actual Total Time": 0.055,"Actual Rows": 25,"Actual Loops": 4,"Workers": []}]}]}]}]}]},"Planning Time": 7.486,"Triggers": [],"Execution Time": 627.374}]
[{"Plan": {"Node Type": "Sort","Parallel Aware": false,"Async Capable": false,"Startup Cost": 130505.43,"Total Cost": 130645.60,"Plan Rows": 56065,"Plan Width": 280,"Actual Startup Time": 601.513,"Actual Total Time": 641.580,"Actual Rows": 37018,"Actual Loops": 1,"Sort Key": ["(sum((lineitem.l_extendedprice * ('1'::numeric - lineitem.l_discount)))) DESC"],"Sort Method": "quicksort","Sort Space Used": 9627,"Sort Space Type": "Memory","Plans": [{"Node Type": "Aggregate","Strategy": "Hashed","Partial Mode": "Simple","Parent Relationship": "Outer","Parallel Aware": false,"Async Capable": false,"Startup Cost": 125382.55,"Total Cost": 126083.36,"Plan Rows": 56065,"Plan Width": 280,"Actual Startup Time": 416.495,"Actual Total Time": 572.420,"Actual Rows": 37018,"Actual Loops": 1,"Group Key": ["customer.c_custkey", "nation.n_name"],"Planned Partitions": 0,"HashAgg Batches": 1,"Peak Memory Usage": 26129,"Disk Usage": 0,"Plans": [{"Node Type": "Gather","Parent Relationship": "Outer","Parallel Aware": false,"Async Capable": false,"Startup Cost": 6781.25,"Total Cost": 124681.73,"Plan Rows": 56065,"Plan Width": 260,"Actual Startup Time": 81.623,"Actual Total Time": 288.921,"Actual Rows": 110603,"Actual Loops": 1,"Workers Planned": 3,"Workers Launched": 3,"Single Copy": false,"Plans": [{"Node Type": "Hash Join","Parent Relationship": "Outer","Parallel Aware": false,"Async Capable": false,"Join Type": "Inner","Startup Cost": 5781.25,"Total Cost": 118075.23,"Plan Rows": 18085,"Plan Width": 260,"Actual Startup Time": 74.243,"Actual Total Time": 359.851,"Actual Rows": 27651,"Actual Loops": 4,"Inner Unique": true,"Hash Cond": "(customer.c_nationkey = nation.n_nationkey)","Workers": [],"Plans": [{"Node Type": "Hash Join","Parent Relationship": "Outer","Parallel Aware": true,"Async Capable": false,"Join Type": "Inner","Startup Cost": 5779.68,"Total Cost": 118018.16,"Plan Rows": 18085,"Plan Width": 160,"Actual Startup Time": 73.807,"Actual Total Time": 350.724,"Actual Rows": 27651,"Actual Loops": 4,"Inner Unique": true,"Hash Cond": "(orders.o_custkey = customer.c_custkey)","Workers": [],"Plans": [{"Node Type": "Nested Loop","Parent Relationship": "Outer","Parallel Aware": false,"Async Capable": false,"Join Type": "Inner","Startup Cost": 788.43,"Total Cost": 112979.43,"Plan Rows": 18085,"Plan Width": 16,"Actual Startup Time": 13.351,"Actual Total Time": 248.674,"Actual Rows": 27651,"Actual Loops": 4,"Inner Unique": false,"Workers": [],"Plans": [{"Node Type": "Bitmap Heap Scan","Parent Relationship": "Outer","Parallel Aware": true,"Async Capable": false,"Relation Name": "orders","Alias": "orders","Startup Cost": 788.00,"Total Cost": 27158.49,"Plan Rows": 18366,"Plan Width": 8,"Actual Startup Time": 13.297,"Actual Total Time": 70.614,"Actual Rows": 13866,"Actual Loops": 4,"Recheck Cond": "((o_orderdate >= '1994-02-01'::date) AND (o_orderdate < '1994-05-01 00:00:00'::timestamp without time zone))","Rows Removed by Index Recheck": 0,"Exact Heap Blocks": 3619,"Lossy Heap Blocks": 0,"Workers": [],"Plans": [{"Node Type": "Bitmap Index Scan","Parent Relationship": "Outer","Parallel Aware": false,"Async Capable": false,"Index Name": "idx_orders_orderdate","Startup Cost": 0.00,"Total Cost": 773.77,"Plan Rows": 56934,"Plan Width": 0,"Actual Startup Time": 10.157,"Actual Total Time": 10.161,"Actual Rows": 55462,"Actual Loops": 1,"Index Cond": "((o_orderdate >= '1994-02-01'::date) AND (o_orderdate < '1994-05-01 00:00:00'::timestamp without time zone))","Workers": []}]},{"Node Type": "Index Scan","Parent Relationship": "Inner","Parallel Aware": false,"Async Capable": false,"Scan Direction": "Forward","Index Name": "idx_lineitem_orderkey","Relation Name": "lineitem","Alias": "lineitem","Startup Cost": 0.43,"Total Cost": 4.63,"Plan Rows": 4,"Plan Width": 16,"Actual Startup Time": 0.010,"Actual Total Time": 0.012,"Actual Rows": 2,"Actual Loops": 55462,"Index Cond": "(l_orderkey = orders.o_orderkey)","Rows Removed by Index Recheck": 0,"Filter": "(l_returnflag = 'R'::bpchar)","Rows Removed by Filter": 2,"Workers": []}]},{"Node Type": "Hash","Parent Relationship": "Inner","Parallel Aware": true,"Async Capable": false,"Startup Cost": 4210.00,"Total Cost": 4210.00,"Plan Rows": 62500,"Plan Width": 148,"Actual Startup Time": 59.812,"Actual Total Time": 59.817,"Actual Rows": 37500,"Actual Loops": 4,"Hash Buckets": 262144,"Original Hash Buckets": 262144,"Hash Batches": 1,"Original Hash Batches": 1,"Peak Memory Usage": 29344,"Workers": [],"Plans": [{"Node Type": "Seq Scan","Parent Relationship": "Outer","Parallel Aware": true,"Async Capable": false,"Relation Name": "customer","Alias": "customer","Startup Cost": 0.00,"Total Cost": 4210.00,"Plan Rows": 62500,"Plan Width": 148,"Actual Startup Time": 0.038,"Actual Total Time": 25.477,"Actual Rows": 37500,"Actual Loops": 4,"Workers": []}]}]},{"Node Type": "Hash","Parent Relationship": "Inner","Parallel Aware": false,"Async Capable": false,"Startup Cost": 1.25,"Total Cost": 1.25,"Plan Rows": 25,"Plan Width": 108,"Actual Startup Time": 0.111,"Actual Total Time": 0.116,"Actual Rows": 25,"Actual Loops": 4,"Hash Buckets": 1024,"Original Hash Buckets": 1024,"Hash Batches": 1,"Original Hash Batches": 1,"Peak Memory Usage": 10,"Workers": [],"Plans": [{"Node Type": "Seq Scan","Parent Relationship": "Outer","Parallel Aware": false,"Async Capable": false,"Relation Name": "nation","Alias": "nation","Startup Cost": 0.00,"Total Cost": 1.25,"Plan Rows": 25,"Plan Width": 108,"Actual Startup Time": 0.071,"Actual Total Time": 0.077,"Actual Rows": 25,"Actual Loops": 4,"Workers": []}]}]}]}]}]},"Planning Time": 7.387,"Triggers": [],"Execution Time": 645.928}]
[{"Plan": {"Node Type": "Sort","Parallel Aware": false,"Async Capable": false,"Startup Cost": 130310.74,"Total Cost": 130450.54,"Plan Rows": 55918,"Plan Width": 280,"Actual Startup Time": 603.874,"Actual Total Time": 643.975,"Actual Rows": 37728,"Actual Loops": 1,"Sort Key": ["(sum((lineitem.l_extendedprice * ('1'::numeric - lineitem.l_discount)))) DESC"],"Sort Method": "quicksort","Sort Space Used": 9784,"Sort Space Type": "Memory","Plans": [{"Node Type": "Aggregate","Strategy": "Hashed","Partial Mode": "Simple","Parent Relationship": "Outer","Parallel Aware": false,"Async Capable": false,"Startup Cost": 125202.34,"Total Cost": 125901.32,"Plan Rows": 55918,"Plan Width": 280,"Actual Startup Time": 420.772,"Actual Total Time": 572.027,"Actual Rows": 37728,"Actual Loops": 1,"Group Key": ["customer.c_custkey", "nation.n_name"],"Planned Partitions": 0,"HashAgg Batches": 1,"Peak Memory Usage": 26129,"Disk Usage": 0,"Plans": [{"Node Type": "Gather","Parent Relationship": "Outer","Parallel Aware": false,"Async Capable": false,"Startup Cost": 6779.72,"Total Cost": 124503.37,"Plan Rows": 55918,"Plan Width": 260,"Actual Startup Time": 83.828,"Actual Total Time": 288.561,"Actual Rows": 114106,"Actual Loops": 1,"Workers Planned": 3,"Workers Launched": 3,"Single Copy": false,"Plans": [{"Node Type": "Hash Join","Parent Relationship": "Outer","Parallel Aware": false,"Async Capable": false,"Join Type": "Inner","Startup Cost": 5779.72,"Total Cost": 117911.57,"Plan Rows": 18038,"Plan Width": 260,"Actual Startup Time": 76.669,"Actual Total Time": 363.746,"Actual Rows": 28526,"Actual Loops": 4,"Inner Unique": true,"Hash Cond": "(customer.c_nationkey = nation.n_nationkey)","Workers": [],"Plans": [{"Node Type": "Hash Join","Parent Relationship": "Outer","Parallel Aware": true,"Async Capable": false,"Join Type": "Inner","Startup Cost": 5778.16,"Total Cost": 117854.62,"Plan Rows": 18038,"Plan Width": 160,"Actual Startup Time": 76.278,"Actual Total Time": 354.947,"Actual Rows": 28526,"Actual Loops": 4,"Inner Unique": true,"Hash Cond": "(orders.o_custkey = customer.c_custkey)","Workers": [],"Plans": [{"Node Type": "Nested Loop","Parent Relationship": "Outer","Parallel Aware": false,"Async Capable": false,"Join Type": "Inner","Startup Cost": 786.91,"Total Cost": 112816.03,"Plan Rows": 18038,"Plan Width": 16,"Actual Startup Time": 13.309,"Actual Total Time": 250.189,"Actual Rows": 28526,"Actual Loops": 4,"Inner Unique": false,"Workers": [],"Plans": [{"Node Type": "Bitmap Heap Scan","Parent Relationship": "Outer","Parallel Aware": true,"Async Capable": false,"Relation Name": "orders","Alias": "orders","Startup Cost": 786.47,"Total Cost": 27156.24,"Plan Rows": 18318,"Plan Width": 8,"Actual Startup Time": 13.234,"Actual Total Time": 69.997,"Actual Rows": 14148,"Actual Loops": 4,"Recheck Cond": "((o_orderdate >= '1993-09-01'::date) AND (o_orderdate < '1993-12-01 00:00:00'::timestamp without time zone))","Rows Removed by Index Recheck": 0,"Exact Heap Blocks": 3617,"Lossy Heap Blocks": 0,"Workers": [],"Plans": [{"Node Type": "Bitmap Index Scan","Parent Relationship": "Outer","Parallel Aware": false,"Async Capable": false,"Index Name": "idx_orders_orderdate","Startup Cost": 0.00,"Total Cost": 772.28,"Plan Rows": 56785,"Plan Width": 0,"Actual Startup Time": 10.161,"Actual Total Time": 10.165,"Actual Rows": 56592,"Actual Loops": 1,"Index Cond": "((o_orderdate >= '1993-09-01'::date) AND (o_orderdate < '1993-12-01 00:00:00'::timestamp without time zone))","Workers": []}]},{"Node Type": "Index Scan","Parent Relationship": "Inner","Parallel Aware": false,"Async Capable": false,"Scan Direction": "Forward","Index Name": "idx_lineitem_orderkey","Relation Name": "lineitem","Alias": "lineitem","Startup Cost": 0.43,"Total Cost": 4.64,"Plan Rows": 4,"Plan Width": 16,"Actual Startup Time": 0.010,"Actual Total Time": 0.012,"Actual Rows": 2,"Actual Loops": 56592,"Index Cond": "(l_orderkey = orders.o_orderkey)","Rows Removed by Index Recheck": 0,"Filter": "(l_returnflag = 'R'::bpchar)","Rows Removed by Filter": 2,"Workers": []}]},{"Node Type": "Hash","Parent Relationship": "Inner","Parallel Aware": true,"Async Capable": false,"Startup Cost": 4210.00,"Total Cost": 4210.00,"Plan Rows": 62500,"Plan Width": 148,"Actual Startup Time": 62.426,"Actual Total Time": 62.432,"Actual Rows": 37500,"Actual Loops": 4,"Hash Buckets": 262144,"Original Hash Buckets": 262144,"Hash Batches": 1,"Original Hash Batches": 1,"Peak Memory Usage": 29312,"Workers": [],"Plans": [{"Node Type": "Seq Scan","Parent Relationship": "Outer","Parallel Aware": true,"Async Capable": false,"Relation Name": "customer","Alias": "customer","Startup Cost": 0.00,"Total Cost": 4210.00,"Plan Rows": 62500,"Plan Width": 148,"Actual Startup Time": 0.023,"Actual Total Time": 26.530,"Actual Rows": 37500,"Actual Loops": 4,"Workers": []}]}]},{"Node Type": "Hash","Parent Relationship": "Inner","Parallel Aware": false,"Async Capable": false,"Startup Cost": 1.25,"Total Cost": 1.25,"Plan Rows": 25,"Plan Width": 108,"Actual Startup Time": 0.095,"Actual Total Time": 0.100,"Actual Rows": 25,"Actual Loops": 4,"Hash Buckets": 1024,"Original Hash Buckets": 1024,"Hash Batches": 1,"Original Hash Batches": 1,"Peak Memory Usage": 10,"Workers": [],"Plans": [{"Node Type": "Seq Scan","Parent Relationship": "Outer","Parallel Aware": false,"Async Capable": false,"Relation Name": "nation","Alias": "nation","Startup Cost": 0.00,"Total Cost": 1.25,"Plan Rows": 25,"Plan Width": 108,"Actual Startup Time": 0.059,"Actual Total Time": 0.065,"Actual Rows": 25,"Actual Loops": 4,"Workers": []}]}]}]}]}]},"Planning Time": 7.546,"Triggers": [],"Execution Time": 648.224}]
[{"Plan": {"Node Type": "Sort","Parallel Aware": false,"Async Capable": false,"Startup Cost": 131080.21,"Total Cost": 131221.46,"Plan Rows": 56499,"Plan Width": 280,"Actual Startup Time": 605.493,"Actual Total Time": 645.716,"Actual Rows": 37967,"Actual Loops": 1,"Sort Key": ["(sum((lineitem.l_extendedprice * ('1'::numeric - lineitem.l_discount)))) DESC"],"Sort Method": "quicksort","Sort Space Used": 9838,"Sort Space Type": "Memory","Plans": [{"Node Type": "Aggregate","Strategy": "Hashed","Partial Mode": "Simple","Parent Relationship": "Outer","Parallel Aware": false,"Async Capable": false,"Startup Cost": 125914.53,"Total Cost": 126620.77,"Plan Rows": 56499,"Plan Width": 280,"Actual Startup Time": 424.904,"Actual Total Time": 572.991,"Actual Rows": 37967,"Actual Loops": 1,"Group Key": ["customer.c_custkey", "nation.n_name"],"Planned Partitions": 0,"HashAgg Batches": 1,"Peak Memory Usage": 26129,"Disk Usage": 0,"Plans": [{"Node Type": "Gather","Parent Relationship": "Outer","Parallel Aware": false,"Async Capable": false,"Startup Cost": 6785.77,"Total Cost": 125208.29,"Plan Rows": 56499,"Plan Width": 260,"Actual Startup Time": 85.491,"Actual Total Time": 295.043,"Actual Rows": 114705,"Actual Loops": 1,"Workers Planned": 3,"Workers Launched": 3,"Single Copy": false,"Plans": [{"Node Type": "Hash Join","Parent Relationship": "Outer","Parallel Aware": false,"Async Capable": false,"Join Type": "Inner","Startup Cost": 5785.77,"Total Cost": 118558.39,"Plan Rows": 18225,"Plan Width": 260,"Actual Startup Time": 77.990,"Actual Total Time": 369.128,"Actual Rows": 28676,"Actual Loops": 4,"Inner Unique": true,"Hash Cond": "(customer.c_nationkey = nation.n_nationkey)","Workers": [],"Plans": [{"Node Type": "Hash Join","Parent Relationship": "Outer","Parallel Aware": true,"Async Capable": false,"Join Type": "Inner","Startup Cost": 5784.20,"Total Cost": 118500.88,"Plan Rows": 18225,"Plan Width": 160,"Actual Startup Time": 77.566,"Actual Total Time": 359.708,"Actual Rows": 28676,"Actual Loops": 4,"Inner Unique": true,"Hash Cond": "(orders.o_custkey = customer.c_custkey)","Workers": [],"Plans": [{"Node Type": "Nested Loop","Parent Relationship": "Outer","Parallel Aware": false,"Async Capable": false,"Join Type": "Inner","Startup Cost": 792.95,"Total Cost": 113461.79,"Plan Rows": 18225,"Plan Width": 16,"Actual Startup Time": 13.246,"Actual Total Time": 255.571,"Actual Rows": 28676,"Actual Loops": 4,"Inner Unique": false,"Workers": [],"Plans": [{"Node Type": "Bitmap Heap Scan","Parent Relationship": "Outer","Parallel Aware": true,"Async Capable": false,"Relation Name": "orders","Alias": "orders","Startup Cost": 792.52,"Total Cost": 27165.14,"Plan Rows": 18508,"Plan Width": 8,"Actual Startup Time": 13.160,"Actual Total Time": 71.475,"Actual Rows": 14267,"Actual Loops": 4,"Recheck Cond": "((o_orderdate >= '1993-10-01'::date) AND (o_orderdate < '1994-01-01 00:00:00'::timestamp without time zone))","Rows Removed by Index Recheck": 0,"Exact Heap Blocks": 3708,"Lossy Heap Blocks": 0,"Workers": [],"Plans": [{"Node Type": "Bitmap Index Scan","Parent Relationship": "Outer","Parallel Aware": false,"Async Capable": false,"Index Name": "idx_orders_orderdate","Startup Cost": 0.00,"Total Cost": 778.18,"Plan Rows": 57375,"Plan Width": 0,"Actual Startup Time": 10.062,"Actual Total Time": 10.069,"Actual Rows": 57069,"Actual Loops": 1,"Index Cond": "((o_orderdate >= '1993-10-01'::date) AND (o_orderdate < '1994-01-01 00:00:00'::timestamp without time zone))","Workers": []}]},{"Node Type": "Index Scan","Parent Relationship": "Inner","Parallel Aware": false,"Async Capable": false,"Scan Direction": "Forward","Index Name": "idx_lineitem_orderkey","Relation Name": "lineitem","Alias": "lineitem","Startup Cost": 0.43,"Total Cost": 4.62,"Plan Rows": 4,"Plan Width": 16,"Actual Startup Time": 0.011,"Actual Total Time": 0.013,"Actual Rows": 2,"Actual Loops": 57069,"Index Cond": "(l_orderkey = orders.o_orderkey)","Rows Removed by Index Recheck": 0,"Filter": "(l_returnflag = 'R'::bpchar)","Rows Removed by Filter": 2,"Workers": []}]},{"Node Type": "Hash","Parent Relationship": "Inner","Parallel Aware": true,"Async Capable": false,"Startup Cost": 4210.00,"Total Cost": 4210.00,"Plan Rows": 62500,"Plan Width": 148,"Actual Startup Time": 63.688,"Actual Total Time": 63.696,"Actual Rows": 37500,"Actual Loops": 4,"Hash Buckets": 262144,"Original Hash Buckets": 262144,"Hash Batches": 1,"Original Hash Batches": 1,"Peak Memory Usage": 29312,"Workers": [],"Plans": [{"Node Type": "Seq Scan","Parent Relationship": "Outer","Parallel Aware": true,"Async Capable": false,"Relation Name": "customer","Alias": "customer","Startup Cost": 0.00,"Total Cost": 4210.00,"Plan Rows": 62500,"Plan Width": 148,"Actual Startup Time": 0.034,"Actual Total Time": 28.900,"Actual Rows": 37500,"Actual Loops": 4,"Workers": []}]}]},{"Node Type": "Hash","Parent Relationship": "Inner","Parallel Aware": false,"Async Capable": false,"Startup Cost": 1.25,"Total Cost": 1.25,"Plan Rows": 25,"Plan Width": 108,"Actual Startup Time": 0.102,"Actual Total Time": 0.107,"Actual Rows": 25,"Actual Loops": 4,"Hash Buckets": 1024,"Original Hash Buckets": 1024,"Hash Batches": 1,"Original Hash Batches": 1,"Peak Memory Usage": 10,"Workers": [],"Plans": [{"Node Type": "Seq Scan","Parent Relationship": "Outer","Parallel Aware": false,"Async Capable": false,"Relation Name": "nation","Alias": "nation","Startup Cost": 0.00,"Total Cost": 1.25,"Plan Rows": 25,"Plan Width": 108,"Actual Startup Time": 0.070,"Actual Total Time": 0.076,"Actual Rows": 25,"Actual Loops": 4,"Workers": []}]}]}]}]}]},"Planning Time": 6.575,"Triggers": [],"Execution Time": 649.944}]
[{"Plan": {"Node Type": "Sort","Parallel Aware": false,"Async Capable": false,"Startup Cost": 132365.07,"Total Cost": 132508.74,"Plan Rows": 57466,"Plan Width": 280,"Actual Startup Time": 604.092,"Actual Total Time": 644.113,"Actual Rows": 37690,"Actual Loops": 1,"Sort Key": ["(sum((lineitem.l_extendedprice * ('1'::numeric - lineitem.l_discount)))) DESC"],"Sort Method": "quicksort","Sort Space Used": 9779,"Sort Space Type": "Memory","Plans": [{"Node Type": "Aggregate","Strategy": "Hashed","Partial Mode": "Simple","Parent Relationship": "Outer","Parallel Aware": false,"Async Capable": false,"Startup Cost": 127103.94,"Total Cost": 127822.26,"Plan Rows": 57466,"Plan Width": 280,"Actual Startup Time": 420.502,"Actual Total Time": 570.586,"Actual Rows": 37690,"Actual Loops": 1,"Group Key": ["customer.c_custkey", "nation.n_name"],"Planned Partitions": 0,"HashAgg Batches": 1,"Peak Memory Usage": 26129,"Disk Usage": 0,"Plans": [{"Node Type": "Gather","Parent Relationship": "Outer","Parallel Aware": false,"Async Capable": false,"Startup Cost": 6799.83,"Total Cost": 126385.61,"Plan Rows": 57466,"Plan Width": 260,"Actual Startup Time": 84.807,"Actual Total Time": 291.020,"Actual Rows": 113599,"Actual Loops": 1,"Workers Planned": 3,"Workers Launched": 3,"Single Copy": false,"Plans": [{"Node Type": "Hash Join","Parent Relationship": "Outer","Parallel Aware": false,"Async Capable": false,"Join Type": "Inner","Startup Cost": 5799.83,"Total Cost": 119639.01,"Plan Rows": 18537,"Plan Width": 260,"Actual Startup Time": 77.448,"Actual Total Time": 365.330,"Actual Rows": 28400,"Actual Loops": 4,"Inner Unique": true,"Hash Cond": "(customer.c_nationkey = nation.n_nationkey)","Workers": [],"Plans": [{"Node Type": "Hash Join","Parent Relationship": "Outer","Parallel Aware": true,"Async Capable": false,"Join Type": "Inner","Startup Cost": 5798.27,"Total Cost": 119580.55,"Plan Rows": 18537,"Plan Width": 160,"Actual Startup Time": 76.978,"Actual Total Time": 356.100,"Actual Rows": 28400,"Actual Loops": 4,"Inner Unique": true,"Hash Cond": "(orders.o_custkey = customer.c_custkey)","Workers": [],"Plans": [{"Node Type": "Nested Loop","Parent Relationship": "Outer","Parallel Aware": false,"Async Capable": false,"Join Type": "Inner","Startup Cost": 807.02,"Total Cost": 114540.64,"Plan Rows": 18537,"Plan Width": 16,"Actual Startup Time": 13.069,"Actual Total Time": 252.235,"Actual Rows": 28400,"Actual Loops": 4,"Inner Unique": false,"Workers": [],"Plans": [{"Node Type": "Bitmap Heap Scan","Parent Relationship": "Outer","Parallel Aware": true,"Async Capable": false,"Relation Name": "orders","Alias": "orders","Startup Cost": 806.59,"Total Cost": 27183.96,"Plan Rows": 18825,"Plan Width": 8,"Actual Startup Time": 13.002,"Actual Total Time": 70.665,"Actual Rows": 14161,"Actual Loops": 4,"Recheck Cond": "((o_orderdate >= '1994-04-01'::date) AND (o_orderdate < '1994-07-01 00:00:00'::timestamp without time zone))","Rows Removed by Index Recheck": 0,"Exact Heap Blocks": 3668,"Lossy Heap Blocks": 0,"Workers": [],"Plans": [{"Node Type": "Bitmap Index Scan","Parent Relationship": "Outer","Parallel Aware": false,"Async Capable": false,"Index Name": "idx_orders_orderdate","Startup Cost": 0.00,"Total Cost": 792.00,"Plan Rows": 58357,"Plan Width": 0,"Actual Startup Time": 9.907,"Actual Total Time": 9.915,"Actual Rows": 56645,"Actual Loops": 1,"Index Cond": "((o_orderdate >= '1994-04-01'::date) AND (o_orderdate < '1994-07-01 00:00:00'::timestamp without time zone))","Workers": []}]},{"Node Type": "Index Scan","Parent Relationship": "Inner","Parallel Aware": false,"Async Capable": false,"Scan Direction": "Forward","Index Name": "idx_lineitem_orderkey","Relation Name": "lineitem","Alias": "lineitem","Startup Cost": 0.43,"Total Cost": 4.60,"Plan Rows": 4,"Plan Width": 16,"Actual Startup Time": 0.010,"Actual Total Time": 0.012,"Actual Rows": 2,"Actual Loops": 56645,"Index Cond": "(l_orderkey = orders.o_orderkey)","Rows Removed by Index Recheck": 0,"Filter": "(l_returnflag = 'R'::bpchar)","Rows Removed by Filter": 2,"Workers": []}]},{"Node Type": "Hash","Parent Relationship": "Inner","Parallel Aware": true,"Async Capable": false,"Startup Cost": 4210.00,"Total Cost": 4210.00,"Plan Rows": 62500,"Plan Width": 148,"Actual Startup Time": 63.332,"Actual Total Time": 63.338,"Actual Rows": 37500,"Actual Loops": 4,"Hash Buckets": 262144,"Original Hash Buckets": 262144,"Hash Batches": 1,"Original Hash Batches": 1,"Peak Memory Usage": 29344,"Workers": [],"Plans": [{"Node Type": "Seq Scan","Parent Relationship": "Outer","Parallel Aware": true,"Async Capable": false,"Relation Name": "customer","Alias": "customer","Startup Cost": 0.00,"Total Cost": 4210.00,"Plan Rows": 62500,"Plan Width": 148,"Actual Startup Time": 0.025,"Actual Total Time": 28.533,"Actual Rows": 37500,"Actual Loops": 4,"Workers": []}]}]},{"Node Type": "Hash","Parent Relationship": "Inner","Parallel Aware": false,"Async Capable": false,"Startup Cost": 1.25,"Total Cost": 1.25,"Plan Rows": 25,"Plan Width": 108,"Actual Startup Time": 0.107,"Actual Total Time": 0.110,"Actual Rows": 25,"Actual Loops": 4,"Hash Buckets": 1024,"Original Hash Buckets": 1024,"Hash Batches": 1,"Original Hash Batches": 1,"Peak Memory Usage": 10,"Workers": [],"Plans": [{"Node Type": "Seq Scan","Parent Relationship": "Outer","Parallel Aware": false,"Async Capable": false,"Relation Name": "nation","Alias": "nation","Startup Cost": 0.00,"Total Cost": 1.25,"Plan Rows": 25,"Plan Width": 108,"Actual Startup Time": 0.074,"Actual Total Time": 0.080,"Actual Rows": 25,"Actual Loops": 4,"Workers": []}]}]}]}]}]},"Planning Time": 6.317,"Triggers": [],"Execution Time": 648.403}]
[{"Plan": {"Node Type": "Sort","Parallel Aware": false,"Async Capable": false,"Startup Cost": 131080.21,"Total Cost": 131221.46,"Plan Rows": 56499,"Plan Width": 280,"Actual Startup Time": 605.493,"Actual Total Time": 645.716,"Actual Rows": 37967,"Actual Loops": 1,"Sort Key": ["(sum((lineitem.l_extendedprice * ('1'::numeric - lineitem.l_discount)))) DESC"],"Sort Method": "quicksort","Sort Space Used": 9838,"Sort Space Type": "Memory","Plans": [{"Node Type": "Aggregate","Strategy": "Hashed","Partial Mode": "Simple","Parent Relationship": "Outer","Parallel Aware": false,"Async Capable": false,"Startup Cost": 125914.53,"Total Cost": 126620.77,"Plan Rows": 56499,"Plan Width": 280,"Actual Startup Time": 424.904,"Actual Total Time": 572.991,"Actual Rows": 37967,"Actual Loops": 1,"Group Key": ["customer.c_custkey", "nation.n_name"],"Planned Partitions": 0,"HashAgg Batches": 1,"Peak Memory Usage": 26129,"Disk Usage": 0,"Plans": [{"Node Type": "Gather","Parent Relationship": "Outer","Parallel Aware": false,"Async Capable": false,"Startup Cost": 6785.77,"Total Cost": 125208.29,"Plan Rows": 56499,"Plan Width": 260,"Actual Startup Time": 85.491,"Actual Total Time": 295.043,"Actual Rows": 114705,"Actual Loops": 1,"Workers Planned": 3,"Workers Launched": 3,"Single Copy": false,"Plans": [{"Node Type": "Hash Join","Parent Relationship": "Outer","Parallel Aware": false,"Async Capable": false,"Join Type": "Inner","Startup Cost": 5785.77,"Total Cost": 118558.39,"Plan Rows": 18225,"Plan Width": 260,"Actual Startup Time": 77.990,"Actual Total Time": 369.128,"Actual Rows": 28676,"Actual Loops": 4,"Inner Unique": true,"Hash Cond": "(customer.c_nationkey = nation.n_nationkey)","Workers": [],"Plans": [{"Node Type": "Hash Join","Parent Relationship": "Outer","Parallel Aware": true,"Async Capable": false,"Join Type": "Inner","Startup Cost": 5784.20,"Total Cost": 118500.88,"Plan Rows": 18225,"Plan Width": 160,"Actual Startup Time": 77.566,"Actual Total Time": 359.708,"Actual Rows": 28676,"Actual Loops": 4,"Inner Unique": true,"Hash Cond": "(orders.o_custkey = customer.c_custkey)","Workers": [],"Plans": [{"Node Type": "Nested Loop","Parent Relationship": "Outer","Parallel Aware": false,"Async Capable": false,"Join Type": "Inner","Startup Cost": 792.95,"Total Cost": 113461.79,"Plan Rows": 18225,"Plan Width": 16,"Actual Startup Time": 13.246,"Actual Total Time": 255.571,"Actual Rows": 28676,"Actual Loops": 4,"Inner Unique": false,"Workers": [],"Plans": [{"Node Type": "Bitmap Heap Scan","Parent Relationship": "Outer","Parallel Aware": true,"Async Capable": false,"Relation Name": "orders","Alias": "orders","Startup Cost": 792.52,"Total Cost": 27165.14,"Plan Rows": 18508,"Plan Width": 8,"Actual Startup Time": 13.160,"Actual Total Time": 71.475,"Actual Rows": 14267,"Actual Loops": 4,"Recheck Cond": "((o_orderdate >= '1993-10-01'::date) AND (o_orderdate < '1994-01-01 00:00:00'::timestamp without time zone))","Rows Removed by Index Recheck": 0,"Exact Heap Blocks": 3708,"Lossy Heap Blocks": 0,"Workers": [],"Plans": [{"Node Type": "Bitmap Index Scan","Parent Relationship": "Outer","Parallel Aware": false,"Async Capable": false,"Index Name": "idx_orders_orderdate","Startup Cost": 0.00,"Total Cost": 778.18,"Plan Rows": 57375,"Plan Width": 0,"Actual Startup Time": 10.062,"Actual Total Time": 10.069,"Actual Rows": 57069,"Actual Loops": 1,"Index Cond": "((o_orderdate >= '1993-10-01'::date) AND (o_orderdate < '1994-01-01 00:00:00'::timestamp without time zone))","Workers": []}]},{"Node Type": "Index Scan","Parent Relationship": "Inner","Parallel Aware": false,"Async Capable": false,"Scan Direction": "Forward","Index Name": "idx_lineitem_orderkey","Relation Name": "lineitem","Alias": "lineitem","Startup Cost": 0.43,"Total Cost": 4.62,"Plan Rows": 4,"Plan Width": 16,"Actual Startup Time": 0.011,"Actual Total Time": 0.013,"Actual Rows": 2,"Actual Loops": 57069,"Index Cond": "(l_orderkey = orders.o_orderkey)","Rows Removed by Index Recheck": 0,"Filter": "(l_returnflag = 'R'::bpchar)","Rows Removed by Filter": 2,"Workers": []}]},{"Node Type": "Hash","Parent Relationship": "Inner","Parallel Aware": true,"Async Capable": false,"Startup Cost": 4210.00,"Total Cost": 4210.00,"Plan Rows": 62500,"Plan Width": 148,"Actual Startup Time": 63.688,"Actual Total Time": 63.696,"Actual Rows": 37500,"Actual Loops": 4,"Hash Buckets": 262144,"Original Hash Buckets": 262144,"Hash Batches": 1,"Original Hash Batches": 1,"Peak Memory Usage": 29312,"Workers": [],"Plans": [{"Node Type": "Seq Scan","Parent Relationship": "Outer","Parallel Aware": true,"Async Capable": false,"Relation Name": "customer","Alias": "customer","Startup Cost": 0.00,"Total Cost": 4210.00,"Plan Rows": 62500,"Plan Width": 148,"Actual Startup Time": 0.034,"Actual Total Time": 28.900,"Actual Rows": 37500,"Actual Loops": 4,"Workers": []}]}]},{"Node Type": "Hash","Parent Relationship": "Inner","Parallel Aware": false,"Async Capable": false,"Startup Cost": 1.25,"Total Cost": 1.25,"Plan Rows": 25,"Plan Width": 108,"Actual Startup Time": 0.102,"Actual Total Time": 0.107,"Actual Rows": 25,"Actual Loops": 4,"Hash Buckets": 1024,"Original Hash Buckets": 1024,"Hash Batches": 1,"Original Hash Batches": 1,"Peak Memory Usage": 10,"Workers": [],"Plans": [{"Node Type": "Seq Scan","Parent Relationship": "Outer","Parallel Aware": false,"Async Capable": false,"Relation Name": "nation","Alias": "nation","Startup Cost": 0.00,"Total Cost": 1.25,"Plan Rows": 25,"Plan Width": 108,"Actual Startup Time": 0.070,"Actual Total Time": 0.076,"Actual Rows": 25,"Actual Loops": 4,"Workers": []}]}]}]}]}]},"Planning Time": 6.575,"Triggers": [],"Execution Time": 649.944}]
[{"Plan": {"Node Type": "Sort","Parallel Aware": false,"Async Capable": false,"Startup Cost": 131375.21,"Total Cost": 131517.01,"Plan Rows": 56721,"Plan Width": 280,"Actual Startup Time": 563.067,"Actual Total Time": 603.830,"Actual Rows": 37302,"Actual Loops": 1,"Sort Key": ["(sum((lineitem.l_extendedprice * ('1'::numeric - lineitem.l_discount)))) DESC"],"Sort Method": "quicksort","Sort Space Used": 9696,"Sort Space Type": "Memory","Plans": [{"Node Type": "Aggregate","Strategy": "Hashed","Partial Mode": "Simple","Parent Relationship": "Outer","Parallel Aware": false,"Async Capable": false,"Startup Cost": 126187.62,"Total Cost": 126896.63,"Plan Rows": 56721,"Plan Width": 280,"Actual Startup Time": 390.529,"Actual Total Time": 528.800,"Actual Rows": 37302,"Actual Loops": 1,"Group Key": ["customer.c_custkey", "nation.n_name"],"Planned Partitions": 0,"HashAgg Batches": 1,"Peak Memory Usage": 26129,"Disk Usage": 0,"Plans": [{"Node Type": "Gather","Parent Relationship": "Outer","Parallel Aware": false,"Async Capable": false,"Startup Cost": 6792.07,"Total Cost": 125478.61,"Plan Rows": 56721,"Plan Width": 260,"Actual Startup Time": 74.264,"Actual Total Time": 271.853,"Actual Rows": 111987,"Actual Loops": 1,"Workers Planned": 3,"Workers Launched": 3,"Single Copy": false,"Plans": [{"Node Type": "Hash Join","Parent Relationship": "Outer","Parallel Aware": false,"Async Capable": false,"Join Type": "Inner","Startup Cost": 5792.07,"Total Cost": 118806.51,"Plan Rows": 18297,"Plan Width": 260,"Actual Startup Time": 66.885,"Actual Total Time": 338.409,"Actual Rows": 27997,"Actual Loops": 4,"Inner Unique": true,"Hash Cond": "(customer.c_nationkey = nation.n_nationkey)","Workers": [],"Plans": [{"Node Type": "Hash Join","Parent Relationship": "Outer","Parallel Aware": true,"Async Capable": false,"Join Type": "Inner","Startup Cost": 5790.51,"Total Cost": 118748.77,"Plan Rows": 18297,"Plan Width": 160,"Actual Startup Time": 66.491,"Actual Total Time": 330.614,"Actual Rows": 27997,"Actual Loops": 4,"Inner Unique": true,"Hash Cond": "(orders.o_custkey = customer.c_custkey)","Workers": [],"Plans": [{"Node Type": "Nested Loop","Parent Relationship": "Outer","Parallel Aware": false,"Async Capable": false,"Join Type": "Inner","Startup Cost": 799.26,"Total Cost": 113709.49,"Plan Rows": 18297,"Plan Width": 16,"Actual Startup Time": 13.178,"Actual Total Time": 239.311,"Actual Rows": 27997,"Actual Loops": 4,"Inner Unique": false,"Workers": [],"Plans": [{"Node Type": "Bitmap Heap Scan","Parent Relationship": "Outer","Parallel Aware": true,"Async Capable": false,"Relation Name": "orders","Alias": "orders","Startup Cost": 798.83,"Total Cost": 27172.54,"Plan Rows": 18580,"Plan Width": 8,"Actual Startup Time": 13.117,"Actual Total Time": 66.928,"Actual Rows": 13993,"Actual Loops": 4,"Recheck Cond": "((o_orderdate >= '1993-12-01'::date) AND (o_orderdate < '1994-03-01 00:00:00'::timestamp without time zone))","Rows Removed by Index Recheck": 0,"Exact Heap Blocks": 3558,"Lossy Heap Blocks": 0,"Workers": [],"Plans": [{"Node Type": "Bitmap Index Scan","Parent Relationship": "Outer","Parallel Aware": false,"Async Capable": false,"Index Name": "idx_orders_orderdate","Startup Cost": 0.00,"Total Cost": 784.43,"Plan Rows": 57600,"Plan Width": 0,"Actual Startup Time": 10.042,"Actual Total Time": 10.048,"Actual Rows": 55973,"Actual Loops": 1,"Index Cond": "((o_orderdate >= '1993-12-01'::date) AND (o_orderdate < '1994-03-01 00:00:00'::timestamp without time zone))","Workers": []}]},{"Node Type": "Index Scan","Parent Relationship": "Inner","Parallel Aware": false,"Async Capable": false,"Scan Direction": "Forward","Index Name": "idx_lineitem_orderkey","Relation Name": "lineitem","Alias": "lineitem","Startup Cost": 0.43,"Total Cost": 4.62,"Plan Rows": 4,"Plan Width": 16,"Actual Startup Time": 0.010,"Actual Total Time": 0.012,"Actual Rows": 2,"Actual Loops": 55973,"Index Cond": "(l_orderkey = orders.o_orderkey)","Rows Removed by Index Recheck": 0,"Filter": "(l_returnflag = 'R'::bpchar)","Rows Removed by Filter": 2,"Workers": []}]},{"Node Type": "Hash","Parent Relationship": "Inner","Parallel Aware": true,"Async Capable": false,"Startup Cost": 4210.00,"Total Cost": 4210.00,"Plan Rows": 62500,"Plan Width": 148,"Actual Startup Time": 52.746,"Actual Total Time": 52.755,"Actual Rows": 37500,"Actual Loops": 4,"Hash Buckets": 262144,"Original Hash Buckets": 262144,"Hash Batches": 1,"Original Hash Batches": 1,"Peak Memory Usage": 29312,"Workers": [],"Plans": [{"Node Type": "Seq Scan","Parent Relationship": "Outer","Parallel Aware": true,"Async Capable": false,"Relation Name": "customer","Alias": "customer","Startup Cost": 0.00,"Total Cost": 4210.00,"Plan Rows": 62500,"Plan Width": 148,"Actual Startup Time": 0.028,"Actual Total Time": 23.004,"Actual Rows": 37500,"Actual Loops": 4,"Workers": []}]}]},{"Node Type": "Hash","Parent Relationship": "Inner","Parallel Aware": false,"Async Capable": false,"Startup Cost": 1.25,"Total Cost": 1.25,"Plan Rows": 25,"Plan Width": 108,"Actual Startup Time": 0.099,"Actual Total Time": 0.105,"Actual Rows": 25,"Actual Loops": 4,"Hash Buckets": 1024,"Original Hash Buckets": 1024,"Hash Batches": 1,"Original Hash Batches": 1,"Peak Memory Usage": 10,"Workers": [],"Plans": [{"Node Type": "Seq Scan","Parent Relationship": "Outer","Parallel Aware": false,"Async Capable": false,"Relation Name": "nation","Alias": "nation","Startup Cost": 0.00,"Total Cost": 1.25,"Plan Rows": 25,"Plan Width": 108,"Actual Startup Time": 0.067,"Actual Total Time": 0.074,"Actual Rows": 25,"Actual Loops": 4,"Workers": []}]}]}]}]}]},"Planning Time": 6.321,"Triggers": [],"Execution Time": 609.357}]
[{"Plan": {"Node Type": "Sort","Parallel Aware": false,"Async Capable": false,"Startup Cost": 128172.02,"Total Cost": 128307.83,"Plan Rows": 54323,"Plan Width": 280,"Actual Startup Time": 580.875,"Actual Total Time": 621.555,"Actual Rows": 37633,"Actual Loops": 1,"Sort Key": ["(sum((lineitem.l_extendedprice * ('1'::numeric - lineitem.l_discount)))) DESC"],"Sort Method": "quicksort","Sort Space Used": 9771,"Sort Space Type": "Memory","Plans": [{"Node Type": "Aggregate","Strategy": "Hashed","Partial Mode": "Simple","Parent Relationship": "Outer","Parallel Aware": false,"Async Capable": false,"Startup Cost": 123220.68,"Total Cost": 123899.72,"Plan Rows": 54323,"Plan Width": 280,"Actual Startup Time": 405.186,"Actual Total Time": 549.451,"Actual Rows": 37633,"Actual Loops": 1,"Group Key": ["customer.c_custkey", "nation.n_name"],"Planned Partitions": 0,"HashAgg Batches": 1,"Peak Memory Usage": 26129,"Disk Usage": 0,"Plans": [{"Node Type": "Gather","Parent Relationship": "Outer","Parallel Aware": false,"Async Capable": false,"Startup Cost": 6755.11,"Total Cost": 122541.64,"Plan Rows": 54323,"Plan Width": 260,"Actual Startup Time": 76.087,"Actual Total Time": 280.080,"Actual Rows": 112740,"Actual Loops": 1,"Workers Planned": 3,"Workers Launched": 3,"Single Copy": false,"Plans": [{"Node Type": "Hash Join","Parent Relationship": "Outer","Parallel Aware": false,"Async Capable": false,"Join Type": "Inner","Startup Cost": 5755.11,"Total Cost": 116109.34,"Plan Rows": 17524,"Plan Width": 260,"Actual Startup Time": 69.042,"Actual Total Time": 350.531,"Actual Rows": 28185,"Actual Loops": 4,"Inner Unique": true,"Hash Cond": "(customer.c_nationkey = nation.n_nationkey)","Workers": [],"Plans": [{"Node Type": "Hash Join","Parent Relationship": "Outer","Parallel Aware": true,"Async Capable": false,"Join Type": "Inner","Startup Cost": 5753.55,"Total Cost": 116053.98,"Plan Rows": 17524,"Plan Width": 160,"Actual Startup Time": 68.729,"Actual Total Time": 342.552,"Actual Rows": 28185,"Actual Loops": 4,"Inner Unique": true,"Hash Cond": "(orders.o_custkey = customer.c_custkey)","Workers": [],"Plans": [{"Node Type": "Nested Loop","Parent Relationship": "Outer","Parallel Aware": false,"Async Capable": false,"Join Type": "Inner","Startup Cost": 762.30,"Total Cost": 111016.73,"Plan Rows": 17524,"Plan Width": 16,"Actual Startup Time": 13.194,"Actual Total Time": 245.701,"Actual Rows": 28185,"Actual Loops": 4,"Inner Unique": false,"Workers": [],"Plans": [{"Node Type": "Bitmap Heap Scan","Parent Relationship": "Outer","Parallel Aware": true,"Async Capable": false,"Relation Name": "orders","Alias": "orders","Startup Cost": 761.87,"Total Cost": 27123.80,"Plan Rows": 17795,"Plan Width": 8,"Actual Startup Time": 13.139,"Actual Total Time": 70.147,"Actual Rows": 14108,"Actual Loops": 4,"Recheck Cond": "((o_orderdate >= '1993-04-01'::date) AND (o_orderdate < '1993-07-01 00:00:00'::timestamp without time zone))","Rows Removed by Index Recheck": 0,"Exact Heap Blocks": 3504,"Lossy Heap Blocks": 0,"Workers": [],"Plans": [{"Node Type": "Bitmap Index Scan","Parent Relationship": "Outer","Parallel Aware": false,"Async Capable": false,"Index Name": "idx_orders_orderdate","Startup Cost": 0.00,"Total Cost": 748.08,"Plan Rows": 55165,"Plan Width": 0,"Actual Startup Time": 10.077,"Actual Total Time": 10.080,"Actual Rows": 56434,"Actual Loops": 1,"Index Cond": "((o_orderdate >= '1993-04-01'::date) AND (o_orderdate < '1993-07-01 00:00:00'::timestamp without time zone))","Workers": []}]},{"Node Type": "Index Scan","Parent Relationship": "Inner","Parallel Aware": false,"Async Capable": false,"Scan Direction": "Forward","Index Name": "idx_lineitem_orderkey","Relation Name": "lineitem","Alias": "lineitem","Startup Cost": 0.43,"Total Cost": 4.67,"Plan Rows": 4,"Plan Width": 16,"Actual Startup Time": 0.010,"Actual Total Time": 0.012,"Actual Rows": 2,"Actual Loops": 56434,"Index Cond": "(l_orderkey = orders.o_orderkey)","Rows Removed by Index Recheck": 0,"Filter": "(l_returnflag = 'R'::bpchar)","Rows Removed by Filter": 2,"Workers": []}]},{"Node Type": "Hash","Parent Relationship": "Inner","Parallel Aware": true,"Async Capable": false,"Startup Cost": 4210.00,"Total Cost": 4210.00,"Plan Rows": 62500,"Plan Width": 148,"Actual Startup Time": 54.995,"Actual Total Time": 55.002,"Actual Rows": 37500,"Actual Loops": 4,"Hash Buckets": 262144,"Original Hash Buckets": 262144,"Hash Batches": 1,"Original Hash Batches": 1,"Peak Memory Usage": 29312,"Workers": [],"Plans": [{"Node Type": "Seq Scan","Parent Relationship": "Outer","Parallel Aware": true,"Async Capable": false,"Relation Name": "customer","Alias": "customer","Startup Cost": 0.00,"Total Cost": 4210.00,"Plan Rows": 62500,"Plan Width": 148,"Actual Startup Time": 0.020,"Actual Total Time": 23.497,"Actual Rows": 37500,"Actual Loops": 4,"Workers": []}]}]},{"Node Type": "Hash","Parent Relationship": "Inner","Parallel Aware": false,"Async Capable": false,"Startup Cost": 1.25,"Total Cost": 1.25,"Plan Rows": 25,"Plan Width": 108,"Actual Startup Time": 0.072,"Actual Total Time": 0.079,"Actual Rows": 25,"Actual Loops": 4,"Hash Buckets": 1024,"Original Hash Buckets": 1024,"Hash Batches": 1,"Original Hash Batches": 1,"Peak Memory Usage": 10,"Workers": [],"Plans": [{"Node Type": "Seq Scan","Parent Relationship": "Outer","Parallel Aware": false,"Async Capable": false,"Relation Name": "nation","Alias": "nation","Startup Cost": 0.00,"Total Cost": 1.25,"Plan Rows": 25,"Plan Width": 108,"Actual Startup Time": 0.049,"Actual Total Time": 0.055,"Actual Rows": 25,"Actual Loops": 4,"Workers": []}]}]}]}]}]},"Planning Time": 7.486,"Triggers": [],"Execution Time": 627.374}]
[{"Plan": {"Node Type": "Sort","Parallel Aware": false,"Async Capable": false,"Startup Cost": 131330.41,"Total Cost": 131472.12,"Plan Rows": 56686,"Plan Width": 280,"Actual Startup Time": 587.483,"Actual Total Time": 628.086,"Actual Rows": 37925,"Actual Loops": 1,"Sort Key": ["(sum((lineitem.l_extendedprice * ('1'::numeric - lineitem.l_discount)))) DESC"],"Sort Method": "quicksort","Sort Space Used": 9832,"Sort Space Type": "Memory","Plans": [{"Node Type": "Aggregate","Strategy": "Hashed","Partial Mode": "Simple","Parent Relationship": "Outer","Parallel Aware": false,"Async Capable": false,"Startup Cost": 126146.27,"Total Cost": 126854.85,"Plan Rows": 56686,"Plan Width": 280,"Actual Startup Time": 410.388,"Actual Total Time": 556.054,"Actual Rows": 37925,"Actual Loops": 1,"Group Key": ["customer.c_custkey", "nation.n_name"],"Planned Partitions": 0,"HashAgg Batches": 1,"Peak Memory Usage": 26129,"Disk Usage": 0,"Plans": [{"Node Type": "Gather","Parent Relationship": "Outer","Parallel Aware": false,"Async Capable": false,"Startup Cost": 6791.71,"Total Cost": 125437.70,"Plan Rows": 56686,"Plan Width": 260,"Actual Startup Time": 76.070,"Actual Total Time": 284.431,"Actual Rows": 114550,"Actual Loops": 1,"Workers Planned": 3,"Workers Launched": 3,"Single Copy": false,"Plans": [{"Node Type": "Hash Join","Parent Relationship": "Outer","Parallel Aware": false,"Async Capable": false,"Join Type": "Inner","Startup Cost": 5791.71,"Total Cost": 118769.10,"Plan Rows": 18286,"Plan Width": 260,"Actual Startup Time": 68.409,"Actual Total Time": 355.040,"Actual Rows": 28638,"Actual Loops": 4,"Inner Unique": true,"Hash Cond": "(customer.c_nationkey = nation.n_nationkey)","Workers": [],"Plans": [{"Node Type": "Hash Join","Parent Relationship": "Outer","Parallel Aware": true,"Async Capable": false,"Join Type": "Inner","Startup Cost": 5790.15,"Total Cost": 118711.40,"Plan Rows": 18286,"Plan Width": 160,"Actual Startup Time": 67.911,"Actual Total Time": 346.301,"Actual Rows": 28638,"Actual Loops": 4,"Inner Unique": true,"Hash Cond": "(orders.o_custkey = customer.c_custkey)","Workers": [],"Plans": [{"Node Type": "Nested Loop","Parent Relationship": "Outer","Parallel Aware": false,"Async Capable": false,"Join Type": "Inner","Startup Cost": 798.90,"Total Cost": 113672.15,"Plan Rows": 18286,"Plan Width": 16,"Actual Startup Time": 13.342,"Actual Total Time": 249.825,"Actual Rows": 28638,"Actual Loops": 4,"Inner Unique": false,"Workers": [],"Plans": [{"Node Type": "Bitmap Heap Scan","Parent Relationship": "Outer","Parallel Aware": true,"Async Capable": false,"Relation Name": "orders","Alias": "orders","Startup Cost": 798.47,"Total Cost": 27172.01,"Plan Rows": 18569,"Plan Width": 8,"Actual Startup Time": 13.275,"Actual Total Time": 71.340,"Actual Rows": 14284,"Actual Loops": 4,"Recheck Cond": "((o_orderdate >= '1993-08-01'::date) AND (o_orderdate < '1993-11-01 00:00:00'::timestamp without time zone))","Rows Removed by Index Recheck": 0,"Exact Heap Blocks": 3594,"Lossy Heap Blocks": 0,"Workers": [],"Plans": [{"Node Type": "Bitmap Index Scan","Parent Relationship": "Outer","Parallel Aware": false,"Async Capable": false,"Index Name": "idx_orders_orderdate","Startup Cost": 0.00,"Total Cost": 784.08,"Plan Rows": 57565,"Plan Width": 0,"Actual Startup Time": 10.135,"Actual Total Time": 10.136,"Actual Rows": 57138,"Actual Loops": 1,"Index Cond": "((o_orderdate >= '1993-08-01'::date) AND (o_orderdate < '1993-11-01 00:00:00'::timestamp without time zone))","Workers": []}]},{"Node Type": "Index Scan","Parent Relationship": "Inner","Parallel Aware": false,"Async Capable": false,"Scan Direction": "Forward","Index Name": "idx_lineitem_orderkey","Relation Name": "lineitem","Alias": "lineitem","Startup Cost": 0.43,"Total Cost": 4.62,"Plan Rows": 4,"Plan Width": 16,"Actual Startup Time": 0.010,"Actual Total Time": 0.012,"Actual Rows": 2,"Actual Loops": 57138,"Index Cond": "(l_orderkey = orders.o_orderkey)","Rows Removed by Index Recheck": 0,"Filter": "(l_returnflag = 'R'::bpchar)","Rows Removed by Filter": 2,"Workers": []}]},{"Node Type": "Hash","Parent Relationship": "Inner","Parallel Aware": true,"Async Capable": false,"Startup Cost": 4210.00,"Total Cost": 4210.00,"Plan Rows": 62500,"Plan Width": 148,"Actual Startup Time": 53.968,"Actual Total Time": 53.976,"Actual Rows": 37500,"Actual Loops": 4,"Hash Buckets": 262144,"Original Hash Buckets": 262144,"Hash Batches": 1,"Original Hash Batches": 1,"Peak Memory Usage": 29344,"Workers": [],"Plans": [{"Node Type": "Seq Scan","Parent Relationship": "Outer","Parallel Aware": true,"Async Capable": false,"Relation Name": "customer","Alias": "customer","Startup Cost": 0.00,"Total Cost": 4210.00,"Plan Rows": 62500,"Plan Width": 148,"Actual Startup Time": 0.023,"Actual Total Time": 24.403,"Actual Rows": 37500,"Actual Loops": 4,"Workers": []}]}]},{"Node Type": "Hash","Parent Relationship": "Inner","Parallel Aware": false,"Async Capable": false,"Startup Cost": 1.25,"Total Cost": 1.25,"Plan Rows": 25,"Plan Width": 108,"Actual Startup Time": 0.099,"Actual Total Time": 0.106,"Actual Rows": 25,"Actual Loops": 4,"Hash Buckets": 1024,"Original Hash Buckets": 1024,"Hash Batches": 1,"Original Hash Batches": 1,"Peak Memory Usage": 10,"Workers": [],"Plans": [{"Node Type": "Seq Scan","Parent Relationship": "Outer","Parallel Aware": false,"Async Capable": false,"Relation Name": "nation","Alias": "nation","Startup Cost": 0.00,"Total Cost": 1.25,"Plan Rows": 25,"Plan Width": 108,"Actual Startup Time": 0.062,"Actual Total Time": 0.071,"Actual Rows": 25,"Actual Loops": 4,"Workers": []}]}]}]}]}]},"Planning Time": 6.540,"Triggers": [],"Execution Time": 634.012}]
[{"Plan": {"Node Type": "Sort","Parallel Aware": false,"Async Capable": false,"Startup Cost": 132166.82,"Total Cost": 132310.11,"Plan Rows": 57318,"Plan Width": 280,"Actual Startup Time": 590.000,"Actual Total Time": 630.537,"Actual Rows": 37972,"Actual Loops": 1,"Sort Key": ["(sum((lineitem.l_extendedprice * ('1'::numeric - lineitem.l_discount)))) DESC"],"Sort Method": "quicksort","Sort Space Used": 9843,"Sort Space Type": "Memory","Plans": [{"Node Type": "Aggregate","Strategy": "Hashed","Partial Mode": "Simple","Parent Relationship": "Outer","Parallel Aware": false,"Async Capable": false,"Startup Cost": 126920.30,"Total Cost": 127636.77,"Plan Rows": 57318,"Plan Width": 280,"Actual Startup Time": 413.108,"Actual Total Time": 556.129,"Actual Rows": 37972,"Actual Loops": 1,"Group Key": ["customer.c_custkey", "nation.n_name"],"Planned Partitions": 0,"HashAgg Batches": 1,"Peak Memory Usage": 26129,"Disk Usage": 0,"Plans": [{"Node Type": "Gather","Parent Relationship": "Outer","Parallel Aware": false,"Async Capable": false,"Startup Cost": 6798.29,"Total Cost": 126203.82,"Plan Rows": 57318,"Plan Width": 260,"Actual Startup Time": 77.619,"Actual Total Time": 286.194,"Actual Rows": 114459,"Actual Loops": 1,"Workers Planned": 3,"Workers Launched": 3,"Single Copy": false,"Plans": [{"Node Type": "Hash Join","Parent Relationship": "Outer","Parallel Aware": false,"Async Capable": false,"Join Type": "Inner","Startup Cost": 5798.29,"Total Cost": 119472.02,"Plan Rows": 18490,"Plan Width": 260,"Actual Startup Time": 70.122,"Actual Total Time": 358.029,"Actual Rows": 28615,"Actual Loops": 4,"Inner Unique": true,"Hash Cond": "(customer.c_nationkey = nation.n_nationkey)","Workers": [],"Plans": [{"Node Type": "Hash Join","Parent Relationship": "Outer","Parallel Aware": true,"Async Capable": false,"Join Type": "Inner","Startup Cost": 5796.73,"Total Cost": 119413.69,"Plan Rows": 18490,"Plan Width": 160,"Actual Startup Time": 69.815,"Actual Total Time": 349.575,"Actual Rows": 28615,"Actual Loops": 4,"Inner Unique": true,"Hash Cond": "(orders.o_custkey = customer.c_custkey)","Workers": [],"Plans": [{"Node Type": "Nested Loop","Parent Relationship": "Outer","Parallel Aware": false,"Async Capable": false,"Join Type": "Inner","Startup Cost": 805.48,"Total Cost": 114373.91,"Plan Rows": 18490,"Plan Width": 16,"Actual Startup Time": 13.081,"Actual Total Time": 249.954,"Actual Rows": 28615,"Actual Loops": 4,"Inner Unique": false,"Workers": [],"Plans": [{"Node Type": "Bitmap Heap Scan","Parent Relationship": "Outer","Parallel Aware": true,"Async Capable": false,"Relation Name": "orders","Alias": "orders","Startup Cost": 805.05,"Total Cost": 27181.70,"Plan Rows": 18776,"Plan Width": 8,"Actual Startup Time": 13.019,"Actual Total Time": 71.418,"Actual Rows": 14305,"Actual Loops": 4,"Recheck Cond": "((o_orderdate >= '1994-10-01'::date) AND (o_orderdate < '1995-01-01 00:00:00'::timestamp without time zone))","Rows Removed by Index Recheck": 0,"Exact Heap Blocks": 3518,"Lossy Heap Blocks": 0,"Workers": [],"Plans": [{"Node Type": "Bitmap Index Scan","Parent Relationship": "Outer","Parallel Aware": false,"Async Capable": false,"Index Name": "idx_orders_orderdate","Startup Cost": 0.00,"Total Cost": 790.50,"Plan Rows": 58207,"Plan Width": 0,"Actual Startup Time": 9.954,"Actual Total Time": 9.955,"Actual Rows": 57219,"Actual Loops": 1,"Index Cond": "((o_orderdate >= '1994-10-01'::date) AND (o_orderdate < '1995-01-01 00:00:00'::timestamp without time zone))","Workers": []}]},{"Node Type": "Index Scan","Parent Relationship": "Inner","Parallel Aware": false,"Async Capable": false,"Scan Direction": "Forward","Index Name": "idx_lineitem_orderkey","Relation Name": "lineitem","Alias": "lineitem","Startup Cost": 0.43,"Total Cost": 4.60,"Plan Rows": 4,"Plan Width": 16,"Actual Startup Time": 0.010,"Actual Total Time": 0.012,"Actual Rows": 2,"Actual Loops": 57219,"Index Cond": "(l_orderkey = orders.o_orderkey)","Rows Removed by Index Recheck": 0,"Filter": "(l_returnflag = 'R'::bpchar)","Rows Removed by Filter": 2,"Workers": []}]},{"Node Type": "Hash","Parent Relationship": "Inner","Parallel Aware": true,"Async Capable": false,"Startup Cost": 4210.00,"Total Cost": 4210.00,"Plan Rows": 62500,"Plan Width": 148,"Actual Startup Time": 56.184,"Actual Total Time": 56.192,"Actual Rows": 37500,"Actual Loops": 4,"Hash Buckets": 262144,"Original Hash Buckets": 262144,"Hash Batches": 1,"Original Hash Batches": 1,"Peak Memory Usage": 29344,"Workers": [],"Plans": [{"Node Type": "Seq Scan","Parent Relationship": "Outer","Parallel Aware": true,"Async Capable": false,"Relation Name": "customer","Alias": "customer","Startup Cost": 0.00,"Total Cost": 4210.00,"Plan Rows": 62500,"Plan Width": 148,"Actual Startup Time": 0.017,"Actual Total Time": 25.696,"Actual Rows": 37500,"Actual Loops": 4,"Workers": []}]}]},{"Node Type": "Hash","Parent Relationship": "Inner","Parallel Aware": false,"Async Capable": false,"Startup Cost": 1.25,"Total Cost": 1.25,"Plan Rows": 25,"Plan Width": 108,"Actual Startup Time": 0.071,"Actual Total Time": 0.075,"Actual Rows": 25,"Actual Loops": 4,"Hash Buckets": 1024,"Original Hash Buckets": 1024,"Hash Batches": 1,"Original Hash Batches": 1,"Peak Memory Usage": 10,"Workers": [],"Plans": [{"Node Type": "Seq Scan","Parent Relationship": "Outer","Parallel Aware": false,"Async Capable": false,"Relation Name": "nation","Alias": "nation","Startup Cost": 0.00,"Total Cost": 1.25,"Plan Rows": 25,"Plan Width": 108,"Actual Startup Time": 0.050,"Actual Total Time": 0.053,"Actual Rows": 25,"Actual Loops": 4,"Workers": []}]}]}]}]}]},"Planning Time": 7.724,"Triggers": [],"Execution Time": 636.921}]
[{"Plan": {"Node Type": "Sort","Parallel Aware": false,"Async Capable": false,"Startup Cost": 134586.43,"Total Cost": 134734.30,"Plan Rows": 59150,"Plan Width": 280,"Actual Startup Time": 563.586,"Actual Total Time": 604.383,"Actual Rows": 37293,"Actual Loops": 1,"Sort Key": ["(sum((lineitem.l_extendedprice * ('1'::numeric - lineitem.l_discount)))) DESC"],"Sort Method": "quicksort","Sort Space Used": 9691,"Sort Space Type": "Memory","Plans": [{"Node Type": "Aggregate","Strategy": "Hashed","Partial Mode": "Simple","Parent Relationship": "Outer","Parallel Aware": false,"Async Capable": false,"Startup Cost": 129158.80,"Total Cost": 129898.17,"Plan Rows": 59150,"Plan Width": 280,"Actual Startup Time": 392.436,"Actual Total Time": 532.730,"Actual Rows": 37293,"Actual Loops": 1,"Group Key": ["customer.c_custkey", "nation.n_name"],"Planned Partitions": 0,"HashAgg Batches": 1,"Peak Memory Usage": 27665,"Disk Usage": 0,"Plans": [{"Node Type": "Gather","Parent Relationship": "Outer","Parallel Aware": false,"Async Capable": false,"Startup Cost": 6825.36,"Total Cost": 128419.42,"Plan Rows": 59150,"Plan Width": 260,"Actual Startup Time": 75.957,"Actual Total Time": 271.680,"Actual Rows": 108779,"Actual Loops": 1,"Workers Planned": 3,"Workers Launched": 3,"Single Copy": false,"Plans": [{"Node Type": "Hash Join","Parent Relationship": "Outer","Parallel Aware": false,"Async Capable": false,"Join Type": "Inner","Startup Cost": 5825.36,"Total Cost": 121504.42,"Plan Rows": 19081,"Plan Width": 260,"Actual Startup Time": 69.040,"Actual Total Time": 339.341,"Actual Rows": 27195,"Actual Loops": 4,"Inner Unique": true,"Hash Cond": "(customer.c_nationkey = nation.n_nationkey)","Workers": [],"Plans": [{"Node Type": "Hash Join","Parent Relationship": "Outer","Parallel Aware": true,"Async Capable": false,"Join Type": "Inner","Startup Cost": 5823.80,"Total Cost": 121444.28,"Plan Rows": 19081,"Plan Width": 160,"Actual Startup Time": 68.657,"Actual Total Time": 330.758,"Actual Rows": 27195,"Actual Loops": 4,"Inner Unique": true,"Hash Cond": "(orders.o_custkey = customer.c_custkey)","Workers": [],"Plans": [{"Node Type": "Nested Loop","Parent Relationship": "Outer","Parallel Aware": false,"Async Capable": false,"Join Type": "Inner","Startup Cost": 832.55,"Total Cost": 116402.95,"Plan Rows": 19081,"Plan Width": 16,"Actual Startup Time": 13.292,"Actual Total Time": 236.377,"Actual Rows": 27195,"Actual Loops": 4,"Inner Unique": false,"Workers": [],"Plans": [{"Node Type": "Bitmap Heap Scan","Parent Relationship": "Outer","Parallel Aware": true,"Async Capable": false,"Relation Name": "orders","Alias": "orders","Startup Cost": 832.11,"Total Cost": 27217.76,"Plan Rows": 19376,"Plan Width": 8,"Actual Startup Time": 13.230,"Actual Total Time": 65.610,"Actual Rows": 14144,"Actual Loops": 4,"Recheck Cond": "((o_orderdate >= '1994-12-01'::date) AND (o_orderdate < '1995-03-01 00:00:00'::timestamp without time zone))","Rows Removed by Index Recheck": 0,"Exact Heap Blocks": 3506,"Lossy Heap Blocks": 0,"Workers": [],"Plans": [{"Node Type": "Bitmap Index Scan","Parent Relationship": "Outer","Parallel Aware": false,"Async Capable": false,"Index Name": "idx_orders_orderdate","Startup Cost": 0.00,"Total Cost": 817.10,"Plan Rows": 60067,"Plan Width": 0,"Actual Startup Time": 10.114,"Actual Total Time": 10.122,"Actual Rows": 56577,"Actual Loops": 1,"Index Cond": "((o_orderdate >= '1994-12-01'::date) AND (o_orderdate < '1995-03-01 00:00:00'::timestamp without time zone))","Workers": []}]},{"Node Type": "Index Scan","Parent Relationship": "Inner","Parallel Aware": false,"Async Capable": false,"Scan Direction": "Forward","Index Name": "idx_lineitem_orderkey","Relation Name": "lineitem","Alias": "lineitem","Startup Cost": 0.43,"Total Cost": 4.56,"Plan Rows": 4,"Plan Width": 16,"Actual Startup Time": 0.010,"Actual Total Time": 0.012,"Actual Rows": 2,"Actual Loops": 56577,"Index Cond": "(l_orderkey = orders.o_orderkey)","Rows Removed by Index Recheck": 0,"Filter": "(l_returnflag = 'R'::bpchar)","Rows Removed by Filter": 2,"Workers": []}]},{"Node Type": "Hash","Parent Relationship": "Inner","Parallel Aware": true,"Async Capable": false,"Startup Cost": 4210.00,"Total Cost": 4210.00,"Plan Rows": 62500,"Plan Width": 148,"Actual Startup Time": 54.812,"Actual Total Time": 54.818,"Actual Rows": 37500,"Actual Loops": 4,"Hash Buckets": 262144,"Original Hash Buckets": 262144,"Hash Batches": 1,"Original Hash Batches": 1,"Peak Memory Usage": 29312,"Workers": [],"Plans": [{"Node Type": "Seq Scan","Parent Relationship": "Outer","Parallel Aware": true,"Async Capable": false,"Relation Name": "customer","Alias": "customer","Startup Cost": 0.00,"Total Cost": 4210.00,"Plan Rows": 62500,"Plan Width": 148,"Actual Startup Time": 0.022,"Actual Total Time": 23.786,"Actual Rows": 37500,"Actual Loops": 4,"Workers": []}]}]},{"Node Type": "Hash","Parent Relationship": "Inner","Parallel Aware": false,"Async Capable": false,"Startup Cost": 1.25,"Total Cost": 1.25,"Plan Rows": 25,"Plan Width": 108,"Actual Startup Time": 0.089,"Actual Total Time": 0.092,"Actual Rows": 25,"Actual Loops": 4,"Hash Buckets": 1024,"Original Hash Buckets": 1024,"Hash Batches": 1,"Original Hash Batches": 1,"Peak Memory Usage": 10,"Workers": [],"Plans": [{"Node Type": "Seq Scan","Parent Relationship": "Outer","Parallel Aware": false,"Async Capable": false,"Relation Name": "nation","Alias": "nation","Startup Cost": 0.00,"Total Cost": 1.25,"Plan Rows": 25,"Plan Width": 108,"Actual Startup Time": 0.062,"Actual Total Time": 0.067,"Actual Rows": 25,"Actual Loops": 4,"Workers": []}]}]}]}]}]},"Planning Time": 7.387,"Triggers": [],"Execution Time": 611.176}]
[{"Plan": {"Node Type": "Sort","Parallel Aware": false,"Async Capable": false,"Startup Cost": 131080.21,"Total Cost": 131221.46,"Plan Rows": 56499,"Plan Width": 280,"Actual Startup Time": 605.493,"Actual Total Time": 645.716,"Actual Rows": 37967,"Actual Loops": 1,"Sort Key": ["(sum((lineitem.l_extendedprice * ('1'::numeric - lineitem.l_discount)))) DESC"],"Sort Method": "quicksort","Sort Space Used": 9838,"Sort Space Type": "Memory","Plans": [{"Node Type": "Aggregate","Strategy": "Hashed","Partial Mode": "Simple","Parent Relationship": "Outer","Parallel Aware": false,"Async Capable": false,"Startup Cost": 125914.53,"Total Cost": 126620.77,"Plan Rows": 56499,"Plan Width": 280,"Actual Startup Time": 424.904,"Actual Total Time": 572.991,"Actual Rows": 37967,"Actual Loops": 1,"Group Key": ["customer.c_custkey", "nation.n_name"],"Planned Partitions": 0,"HashAgg Batches": 1,"Peak Memory Usage": 26129,"Disk Usage": 0,"Plans": [{"Node Type": "Gather","Parent Relationship": "Outer","Parallel Aware": false,"Async Capable": false,"Startup Cost": 6785.77,"Total Cost": 125208.29,"Plan Rows": 56499,"Plan Width": 260,"Actual Startup Time": 85.491,"Actual Total Time": 295.043,"Actual Rows": 114705,"Actual Loops": 1,"Workers Planned": 3,"Workers Launched": 3,"Single Copy": false,"Plans": [{"Node Type": "Hash Join","Parent Relationship": "Outer","Parallel Aware": false,"Async Capable": false,"Join Type": "Inner","Startup Cost": 5785.77,"Total Cost": 118558.39,"Plan Rows": 18225,"Plan Width": 260,"Actual Startup Time": 77.990,"Actual Total Time": 369.128,"Actual Rows": 28676,"Actual Loops": 4,"Inner Unique": true,"Hash Cond": "(customer.c_nationkey = nation.n_nationkey)","Workers": [],"Plans": [{"Node Type": "Hash Join","Parent Relationship": "Outer","Parallel Aware": true,"Async Capable": false,"Join Type": "Inner","Startup Cost": 5784.20,"Total Cost": 118500.88,"Plan Rows": 18225,"Plan Width": 160,"Actual Startup Time": 77.566,"Actual Total Time": 359.708,"Actual Rows": 28676,"Actual Loops": 4,"Inner Unique": true,"Hash Cond": "(orders.o_custkey = customer.c_custkey)","Workers": [],"Plans": [{"Node Type": "Nested Loop","Parent Relationship": "Outer","Parallel Aware": false,"Async Capable": false,"Join Type": "Inner","Startup Cost": 792.95,"Total Cost": 113461.79,"Plan Rows": 18225,"Plan Width": 16,"Actual Startup Time": 13.246,"Actual Total Time": 255.571,"Actual Rows": 28676,"Actual Loops": 4,"Inner Unique": false,"Workers": [],"Plans": [{"Node Type": "Bitmap Heap Scan","Parent Relationship": "Outer","Parallel Aware": true,"Async Capable": false,"Relation Name": "orders","Alias": "orders","Startup Cost": 792.52,"Total Cost": 27165.14,"Plan Rows": 18508,"Plan Width": 8,"Actual Startup Time": 13.160,"Actual Total Time": 71.475,"Actual Rows": 14267,"Actual Loops": 4,"Recheck Cond": "((o_orderdate >= '1993-10-01'::date) AND (o_orderdate < '1994-01-01 00:00:00'::timestamp without time zone))","Rows Removed by Index Recheck": 0,"Exact Heap Blocks": 3708,"Lossy Heap Blocks": 0,"Workers": [],"Plans": [{"Node Type": "Bitmap Index Scan","Parent Relationship": "Outer","Parallel Aware": false,"Async Capable": false,"Index Name": "idx_orders_orderdate","Startup Cost": 0.00,"Total Cost": 778.18,"Plan Rows": 57375,"Plan Width": 0,"Actual Startup Time": 10.062,"Actual Total Time": 10.069,"Actual Rows": 57069,"Actual Loops": 1,"Index Cond": "((o_orderdate >= '1993-10-01'::date) AND (o_orderdate < '1994-01-01 00:00:00'::timestamp without time zone))","Workers": []}]},{"Node Type": "Index Scan","Parent Relationship": "Inner","Parallel Aware": false,"Async Capable": false,"Scan Direction": "Forward","Index Name": "idx_lineitem_orderkey","Relation Name": "lineitem","Alias": "lineitem","Startup Cost": 0.43,"Total Cost": 4.62,"Plan Rows": 4,"Plan Width": 16,"Actual Startup Time": 0.011,"Actual Total Time": 0.013,"Actual Rows": 2,"Actual Loops": 57069,"Index Cond": "(l_orderkey = orders.o_orderkey)","Rows Removed by Index Recheck": 0,"Filter": "(l_returnflag = 'R'::bpchar)","Rows Removed by Filter": 2,"Workers": []}]},{"Node Type": "Hash","Parent Relationship": "Inner","Parallel Aware": true,"Async Capable": false,"Startup Cost": 4210.00,"Total Cost": 4210.00,"Plan Rows": 62500,"Plan Width": 148,"Actual Startup Time": 63.688,"Actual Total Time": 63.696,"Actual Rows": 37500,"Actual Loops": 4,"Hash Buckets": 262144,"Original Hash Buckets": 262144,"Hash Batches": 1,"Original Hash Batches": 1,"Peak Memory Usage": 29312,"Workers": [],"Plans": [{"Node Type": "Seq Scan","Parent Relationship": "Outer","Parallel Aware": true,"Async Capable": false,"Relation Name": "customer","Alias": "customer","Startup Cost": 0.00,"Total Cost": 4210.00,"Plan Rows": 62500,"Plan Width": 148,"Actual Startup Time": 0.034,"Actual Total Time": 28.900,"Actual Rows": 37500,"Actual Loops": 4,"Workers": []}]}]},{"Node Type": "Hash","Parent Relationship": "Inner","Parallel Aware": false,"Async Capable": false,"Startup Cost": 1.25,"Total Cost": 1.25,"Plan Rows": 25,"Plan Width": 108,"Actual Startup Time": 0.102,"Actual Total Time": 0.107,"Actual Rows": 25,"Actual Loops": 4,"Hash Buckets": 1024,"Original Hash Buckets": 1024,"Hash Batches": 1,"Original Hash Batches": 1,"Peak Memory Usage": 10,"Workers": [],"Plans": [{"Node Type": "Seq Scan","Parent Relationship": "Outer","Parallel Aware": false,"Async Capable": false,"Relation Name": "nation","Alias": "nation","Startup Cost": 0.00,"Total Cost": 1.25,"Plan Rows": 25,"Plan Width": 108,"Actual Startup Time": 0.070,"Actual Total Time": 0.076,"Actual Rows": 25,"Actual Loops": 4,"Workers": []}]}]}]}]}]},"Planning Time": 6.575,"Triggers": [],"Execution Time": 649.944}]
[{"Plan": {"Node Type": "Sort","Parallel Aware": false,"Async Capable": false,"Startup Cost": 128992.79,"Total Cost": 129130.12,"Plan Rows": 54934,"Plan Width": 280,"Actual Startup Time": 576.704,"Actual Total Time": 617.888,"Actual Rows": 37047,"Actual Loops": 1,"Sort Key": ["(sum((lineitem.l_extendedprice * ('1'::numeric - lineitem.l_discount)))) DESC"],"Sort Method": "quicksort","Sort Space Used": 9638,"Sort Space Type": "Memory","Plans": [{"Node Type": "Aggregate","Strategy": "Hashed","Partial Mode": "Simple","Parent Relationship": "Outer","Parallel Aware": false,"Async Capable": false,"Startup Cost": 123981.32,"Total Cost": 124668.00,"Plan Rows": 54934,"Plan Width": 280,"Actual Startup Time": 405.696,"Actual Total Time": 547.631,"Actual Rows": 37047,"Actual Loops": 1,"Group Key": ["customer.c_custkey", "nation.n_name"],"Planned Partitions": 0,"HashAgg Batches": 1,"Peak Memory Usage": 26129,"Disk Usage": 0,"Plans": [{"Node Type": "Gather","Parent Relationship": "Outer","Parallel Aware": false,"Async Capable": false,"Startup Cost": 6765.48,"Total Cost": 123294.65,"Plan Rows": 54934,"Plan Width": 260,"Actual Startup Time": 77.101,"Actual Total Time": 288.603,"Actual Rows": 110515,"Actual Loops": 1,"Workers Planned": 3,"Workers Launched": 3,"Single Copy": false,"Plans": [{"Node Type": "Hash Join","Parent Relationship": "Outer","Parallel Aware": false,"Async Capable": false,"Join Type": "Inner","Startup Cost": 5765.48,"Total Cost": 116801.25,"Plan Rows": 17721,"Plan Width": 260,"Actual Startup Time": 69.802,"Actual Total Time": 351.295,"Actual Rows": 27629,"Actual Loops": 4,"Inner Unique": true,"Hash Cond": "(customer.c_nationkey = nation.n_nationkey)","Workers": [],"Plans": [{"Node Type": "Nested Loop","Parent Relationship": "Outer","Parallel Aware": false,"Async Capable": false,"Join Type": "Inner","Startup Cost": 5763.92,"Total Cost": 116745.28,"Plan Rows": 17721,"Plan Width": 160,"Actual Startup Time": 69.448,"Actual Total Time": 342.448,"Actual Rows": 27629,"Actual Loops": 4,"Inner Unique": false,"Workers": [],"Plans": [{"Node Type": "Hash Join","Parent Relationship": "Outer","Parallel Aware": true,"Async Capable": false,"Join Type": "Inner","Startup Cost": 5763.48,"Total Cost": 32175.66,"Plan Rows": 17995,"Plan Width": 152,"Actual Startup Time": 69.393,"Actual Total Time": 167.356,"Actual Rows": 13816,"Actual Loops": 4,"Inner Unique": true,"Hash Cond": "(orders.o_custkey = customer.c_custkey)","Workers": [],"Plans": [{"Node Type": "Bitmap Heap Scan","Parent Relationship": "Outer","Parallel Aware": true,"Async Capable": false,"Relation Name": "orders","Alias": "orders","Startup Cost": 772.23,"Total Cost": 27137.17,"Plan Rows": 17996,"Plan Width": 8,"Actual Startup Time": 13.220,"Actual Total Time": 67.142,"Actual Rows": 13816,"Actual Loops": 4,"Recheck Cond": "((o_orderdate >= '1993-02-01'::date) AND (o_orderdate < '1993-05-01 00:00:00'::timestamp without time zone))","Rows Removed by Index Recheck": 0,"Exact Heap Blocks": 3458,"Lossy Heap Blocks": 0,"Workers": [],"Plans": [{"Node Type": "Bitmap Index Scan","Parent Relationship": "Outer","Parallel Aware": false,"Async Capable": false,"Index Name": "idx_orders_orderdate","Startup Cost": 0.00,"Total Cost": 758.29,"Plan Rows": 55786,"Plan Width": 0,"Actual Startup Time": 10.104,"Actual Total Time": 10.109,"Actual Rows": 55266,"Actual Loops": 1,"Index Cond": "((o_orderdate >= '1993-02-01'::date) AND (o_orderdate < '1993-05-01 00:00:00'::timestamp without time zone))","Workers": []}]},{"Node Type": "Hash","Parent Relationship": "Inner","Parallel Aware": true,"Async Capable": false,"Startup Cost": 4210.00,"Total Cost": 4210.00,"Plan Rows": 62500,"Plan Width": 148,"Actual Startup Time": 55.605,"Actual Total Time": 55.613,"Actual Rows": 37500,"Actual Loops": 4,"Hash Buckets": 262144,"Original Hash Buckets": 262144,"Hash Batches": 1,"Original Hash Batches": 1,"Peak Memory Usage": 29312,"Workers": [],"Plans": [{"Node Type": "Seq Scan","Parent Relationship": "Outer","Parallel Aware": true,"Async Capable": false,"Relation Name": "customer","Alias": "customer","Startup Cost": 0.00,"Total Cost": 4210.00,"Plan Rows": 62500,"Plan Width": 148,"Actual Startup Time": 0.022,"Actual Total Time": 25.460,"Actual Rows": 37500,"Actual Loops": 4,"Workers": []}]}]},{"Node Type": "Index Scan","Parent Relationship": "Inner","Parallel Aware": false,"Async Capable": false,"Scan Direction": "Forward","Index Name": "idx_lineitem_orderkey","Relation Name": "lineitem","Alias": "lineitem","Startup Cost": 0.43,"Total Cost": 4.66,"Plan Rows": 4,"Plan Width": 16,"Actual Startup Time": 0.010,"Actual Total Time": 0.012,"Actual Rows": 2,"Actual Loops": 55266,"Index Cond": "(l_orderkey = orders.o_orderkey)","Rows Removed by Index Recheck": 0,"Filter": "(l_returnflag = 'R'::bpchar)","Rows Removed by Filter": 2,"Workers": []}]},{"Node Type": "Hash","Parent Relationship": "Inner","Parallel Aware": false,"Async Capable": false,"Startup Cost": 1.25,"Total Cost": 1.25,"Plan Rows": 25,"Plan Width": 108,"Actual Startup Time": 0.078,"Actual Total Time": 0.083,"Actual Rows": 25,"Actual Loops": 4,"Hash Buckets": 1024,"Original Hash Buckets": 1024,"Hash Batches": 1,"Original Hash Batches": 1,"Peak Memory Usage": 10,"Workers": [],"Plans": [{"Node Type": "Seq Scan","Parent Relationship": "Outer","Parallel Aware": false,"Async Capable": false,"Relation Name": "nation","Alias": "nation","Startup Cost": 0.00,"Total Cost": 1.25,"Plan Rows": 25,"Plan Width": 108,"Actual Startup Time": 0.053,"Actual Total Time": 0.057,"Actual Rows": 25,"Actual Loops": 4,"Workers": []}]}]}]}]}]},"Planning Time": 7.802,"Triggers": [],"Execution Time": 623.390}]
[{"Plan": {"Node Type": "Sort","Parallel Aware": false,"Async Capable": false,"Startup Cost": 129285.16,"Total Cost": 129423.04,"Plan Rows": 55152,"Plan Width": 280,"Actual Startup Time": 594.195,"Actual Total Time": 635.058,"Actual Rows": 37857,"Actual Loops": 1,"Sort Key": ["(sum((lineitem.l_extendedprice * ('1'::numeric - lineitem.l_discount)))) DESC"],"Sort Method": "quicksort","Sort Space Used": 9823,"Sort Space Type": "Memory","Plans": [{"Node Type": "Aggregate","Strategy": "Hashed","Partial Mode": "Simple","Parent Relationship": "Outer","Parallel Aware": false,"Async Capable": false,"Startup Cost": 124252.23,"Total Cost": 124941.63,"Plan Rows": 55152,"Plan Width": 280,"Actual Startup Time": 414.188,"Actual Total Time": 557.916,"Actual Rows": 37857,"Actual Loops": 1,"Group Key": ["customer.c_custkey", "nation.n_name"],"Planned Partitions": 0,"HashAgg Batches": 1,"Peak Memory Usage": 26129,"Disk Usage": 0,"Plans": [{"Node Type": "Gather","Parent Relationship": "Outer","Parallel Aware": false,"Async Capable": false,"Startup Cost": 6767.74,"Total Cost": 123562.83,"Plan Rows": 55152,"Plan Width": 260,"Actual Startup Time": 77.793,"Actual Total Time": 289.359,"Actual Rows": 114326,"Actual Loops": 1,"Workers Planned": 3,"Workers Launched": 3,"Single Copy": false,"Plans": [{"Node Type": "Hash Join","Parent Relationship": "Outer","Parallel Aware": false,"Async Capable": false,"Join Type": "Inner","Startup Cost": 5767.74,"Total Cost": 117047.63,"Plan Rows": 17791,"Plan Width": 260,"Actual Startup Time": 70.168,"Actual Total Time": 358.948,"Actual Rows": 28582,"Actual Loops": 4,"Inner Unique": true,"Hash Cond": "(customer.c_nationkey = nation.n_nationkey)","Workers": [],"Plans": [{"Node Type": "Hash Join","Parent Relationship": "Outer","Parallel Aware": true,"Async Capable": false,"Join Type": "Inner","Startup Cost": 5766.18,"Total Cost": 116991.45,"Plan Rows": 17791,"Plan Width": 160,"Actual Startup Time": 69.698,"Actual Total Time": 349.487,"Actual Rows": 28582,"Actual Loops": 4,"Inner Unique": true,"Hash Cond": "(orders.o_custkey = customer.c_custkey)","Workers": [],"Plans": [{"Node Type": "Nested Loop","Parent Relationship": "Outer","Parallel Aware": false,"Async Capable": false,"Join Type": "Inner","Startup Cost": 774.93,"Total Cost": 111953.49,"Plan Rows": 17791,"Plan Width": 16,"Actual Startup Time": 12.978,"Actual Total Time": 249.911,"Actual Rows": 28582,"Actual Loops": 4,"Inner Unique": false,"Workers": [],"Plans": [{"Node Type": "Bitmap Heap Scan","Parent Relationship": "Outer","Parallel Aware": true,"Async Capable": false,"Relation Name": "orders","Alias": "orders","Startup Cost": 774.50,"Total Cost": 27140.50,"Plan Rows": 18067,"Plan Width": 8,"Actual Startup Time": 12.915,"Actual Total Time": 70.510,"Actual Rows": 14320,"Actual Loops": 4,"Recheck Cond": "((o_orderdate >= '1993-06-01'::date) AND (o_orderdate < '1993-09-01 00:00:00'::timestamp without time zone))","Rows Removed by Index Recheck": 0,"Exact Heap Blocks": 3550,"Lossy Heap Blocks": 0,"Workers": [],"Plans": [{"Node Type": "Bitmap Index Scan","Parent Relationship": "Outer","Parallel Aware": false,"Async Capable": false,"Index Name": "idx_orders_orderdate","Startup Cost": 0.00,"Total Cost": 760.50,"Plan Rows": 56007,"Plan Width": 0,"Actual Startup Time": 9.843,"Actual Total Time": 9.846,"Actual Rows": 57280,"Actual Loops": 1,"Index Cond": "((o_orderdate >= '1993-06-01'::date) AND (o_orderdate < '1993-09-01 00:00:00'::timestamp without time zone))","Workers": []}]},{"Node Type": "Index Scan","Parent Relationship": "Inner","Parallel Aware": false,"Async Capable": false,"Scan Direction": "Forward","Index Name": "idx_lineitem_orderkey","Relation Name": "lineitem","Alias": "lineitem","Startup Cost": 0.43,"Total Cost": 4.65,"Plan Rows": 4,"Plan Width": 16,"Actual Startup Time": 0.010,"Actual Total Time": 0.012,"Actual Rows": 2,"Actual Loops": 57280,"Index Cond": "(l_orderkey = orders.o_orderkey)","Rows Removed by Index Recheck": 0,"Filter": "(l_returnflag = 'R'::bpchar)","Rows Removed by Filter": 2,"Workers": []}]},{"Node Type": "Hash","Parent Relationship": "Inner","Parallel Aware": true,"Async Capable": false,"Startup Cost": 4210.00,"Total Cost": 4210.00,"Plan Rows": 62500,"Plan Width": 148,"Actual Startup Time": 56.151,"Actual Total Time": 56.157,"Actual Rows": 37500,"Actual Loops": 4,"Hash Buckets": 262144,"Original Hash Buckets": 262144,"Hash Batches": 1,"Original Hash Batches": 1,"Peak Memory Usage": 29312,"Workers": [],"Plans": [{"Node Type": "Seq Scan","Parent Relationship": "Outer","Parallel Aware": true,"Async Capable": false,"Relation Name": "customer","Alias": "customer","Startup Cost": 0.00,"Total Cost": 4210.00,"Plan Rows": 62500,"Plan Width": 148,"Actual Startup Time": 0.028,"Actual Total Time": 26.217,"Actual Rows": 37500,"Actual Loops": 4,"Workers": []}]}]},{"Node Type": "Hash","Parent Relationship": "Inner","Parallel Aware": false,"Async Capable": false,"Startup Cost": 1.25,"Total Cost": 1.25,"Plan Rows": 25,"Plan Width": 108,"Actual Startup Time": 0.109,"Actual Total Time": 0.115,"Actual Rows": 25,"Actual Loops": 4,"Hash Buckets": 1024,"Original Hash Buckets": 1024,"Hash Batches": 1,"Original Hash Batches": 1,"Peak Memory Usage": 10,"Workers": [],"Plans": [{"Node Type": "Seq Scan","Parent Relationship": "Outer","Parallel Aware": false,"Async Capable": false,"Relation Name": "nation","Alias": "nation","Startup Cost": 0.00,"Total Cost": 1.25,"Plan Rows": 25,"Plan Width": 108,"Actual Startup Time": 0.076,"Actual Total Time": 0.083,"Actual Rows": 25,"Actual Loops": 4,"Workers": []}]}]}]}]}]},"Planning Time": 6.852,"Triggers": [],"Execution Time": 641.259}]
[{"Plan": {"Node Type": "Sort","Parallel Aware": false,"Async Capable": false,"Startup Cost": 131080.21,"Total Cost": 131221.46,"Plan Rows": 56499,"Plan Width": 280,"Actual Startup Time": 607.607,"Actual Total Time": 646.377,"Actual Rows": 37607,"Actual Loops": 1,"Sort Key": ["(sum((lineitem.l_extendedprice * ('1'::numeric - lineitem.l_discount)))) DESC"],"Sort Method": "quicksort","Sort Space Used": 9755,"Sort Space Type": "Memory","Plans": [{"Node Type": "Aggregate","Strategy": "Hashed","Partial Mode": "Simple","Parent Relationship": "Outer","Parallel Aware": false,"Async Capable": false,"Startup Cost": 125914.53,"Total Cost": 126620.77,"Plan Rows": 56499,"Plan Width": 280,"Actual Startup Time": 421.745,"Actual Total Time": 572.585,"Actual Rows": 37607,"Actual Loops": 1,"Group Key": ["customer.c_custkey", "nation.n_name"],"Planned Partitions": 0,"HashAgg Batches": 1,"Peak Memory Usage": 26129,"Disk Usage": 0,"Plans": [{"Node Type": "Gather","Parent Relationship": "Outer","Parallel Aware": false,"Async Capable": false,"Startup Cost": 6785.77,"Total Cost": 125208.29,"Plan Rows": 56499,"Plan Width": 260,"Actual Startup Time": 84.737,"Actual Total Time": 294.745,"Actual Rows": 112798,"Actual Loops": 1,"Workers Planned": 3,"Workers Launched": 3,"Single Copy": false,"Plans": [{"Node Type": "Hash Join","Parent Relationship": "Outer","Parallel Aware": false,"Async Capable": false,"Join Type": "Inner","Startup Cost": 5785.77,"Total Cost": 118558.39,"Plan Rows": 18225,"Plan Width": 260,"Actual Startup Time": 77.703,"Actual Total Time": 365.765,"Actual Rows": 28200,"Actual Loops": 4,"Inner Unique": true,"Hash Cond": "(customer.c_nationkey = nation.n_nationkey)","Workers": [],"Plans": [{"Node Type": "Hash Join","Parent Relationship": "Outer","Parallel Aware": true,"Async Capable": false,"Join Type": "Inner","Startup Cost": 5784.20,"Total Cost": 118500.88,"Plan Rows": 18225,"Plan Width": 160,"Actual Startup Time": 77.334,"Actual Total Time": 357.276,"Actual Rows": 28200,"Actual Loops": 4,"Inner Unique": true,"Hash Cond": "(orders.o_custkey = customer.c_custkey)","Workers": [],"Plans": [{"Node Type": "Nested Loop","Parent Relationship": "Outer","Parallel Aware": false,"Async Capable": false,"Join Type": "Inner","Startup Cost": 792.95,"Total Cost": 113461.79,"Plan Rows": 18225,"Plan Width": 16,"Actual Startup Time": 13.152,"Actual Total Time": 254.573,"Actual Rows": 28200,"Actual Loops": 4,"Inner Unique": false,"Workers": [],"Plans": [{"Node Type": "Bitmap Heap Scan","Parent Relationship": "Outer","Parallel Aware": true,"Async Capable": false,"Relation Name": "orders","Alias": "orders","Startup Cost": 792.52,"Total Cost": 27165.14,"Plan Rows": 18508,"Plan Width": 8,"Actual Startup Time": 13.088,"Actual Total Time": 71.143,"Actual Rows": 14087,"Actual Loops": 4,"Recheck Cond": "((o_orderdate >= '1994-01-01'::date) AND (o_orderdate < '1994-04-01 00:00:00'::timestamp without time zone))","Rows Removed by Index Recheck": 0,"Exact Heap Blocks": 3702,"Lossy Heap Blocks": 0,"Workers": [],"Plans": [{"Node Type": "Bitmap Index Scan","Parent Relationship": "Outer","Parallel Aware": false,"Async Capable": false,"Index Name": "idx_orders_orderdate","Startup Cost": 0.00,"Total Cost": 778.18,"Plan Rows": 57375,"Plan Width": 0,"Actual Startup Time": 9.927,"Actual Total Time": 9.934,"Actual Rows": 56349,"Actual Loops": 1,"Index Cond": "((o_orderdate >= '1994-01-01'::date) AND (o_orderdate < '1994-04-01 00:00:00'::timestamp without time zone))","Workers": []}]},{"Node Type": "Index Scan","Parent Relationship": "Inner","Parallel Aware": false,"Async Capable": false,"Scan Direction": "Forward","Index Name": "idx_lineitem_orderkey","Relation Name": "lineitem","Alias": "lineitem","Startup Cost": 0.43,"Total Cost": 4.62,"Plan Rows": 4,"Plan Width": 16,"Actual Startup Time": 0.011,"Actual Total Time": 0.013,"Actual Rows": 2,"Actual Loops": 56349,"Index Cond": "(l_orderkey = orders.o_orderkey)","Rows Removed by Index Recheck": 0,"Filter": "(l_returnflag = 'R'::bpchar)","Rows Removed by Filter": 2,"Workers": []}]},{"Node Type": "Hash","Parent Relationship": "Inner","Parallel Aware": true,"Async Capable": false,"Startup Cost": 4210.00,"Total Cost": 4210.00,"Plan Rows": 62500,"Plan Width": 148,"Actual Startup Time": 63.582,"Actual Total Time": 63.588,"Actual Rows": 37500,"Actual Loops": 4,"Hash Buckets": 262144,"Original Hash Buckets": 262144,"Hash Batches": 1,"Original Hash Batches": 1,"Peak Memory Usage": 29312,"Workers": [],"Plans": [{"Node Type": "Seq Scan","Parent Relationship": "Outer","Parallel Aware": true,"Async Capable": false,"Relation Name": "customer","Alias": "customer","Startup Cost": 0.00,"Total Cost": 4210.00,"Plan Rows": 62500,"Plan Width": 148,"Actual Startup Time": 0.028,"Actual Total Time": 28.690,"Actual Rows": 37500,"Actual Loops": 4,"Workers": []}]}]},{"Node Type": "Hash","Parent Relationship": "Inner","Parallel Aware": false,"Async Capable": false,"Startup Cost": 1.25,"Total Cost": 1.25,"Plan Rows": 25,"Plan Width": 108,"Actual Startup Time": 0.094,"Actual Total Time": 0.100,"Actual Rows": 25,"Actual Loops": 4,"Hash Buckets": 1024,"Original Hash Buckets": 1024,"Hash Batches": 1,"Original Hash Batches": 1,"Peak Memory Usage": 10,"Workers": [],"Plans": [{"Node Type": "Seq Scan","Parent Relationship": "Outer","Parallel Aware": false,"Async Capable": false,"Relation Name": "nation","Alias": "nation","Startup Cost": 0.00,"Total Cost": 1.25,"Plan Rows": 25,"Plan Width": 108,"Actual Startup Time": 0.060,"Actual Total Time": 0.067,"Actual Rows": 25,"Actual Loops": 4,"Workers": []}]}]}]}]}]},"Planning Time": 7.215,"Triggers": [],"Execution Time": 650.753}]
[{"Plan": {"Node Type": "Sort","Parallel Aware": false,"Async Capable": false,"Startup Cost": 130975.09,"Total Cost": 131116.14,"Plan Rows": 56420,"Plan Width": 280,"Actual Startup Time": 559.129,"Actual Total Time": 601.162,"Actual Rows": 37859,"Actual Loops": 1,"Sort Key": ["(sum((lineitem.l_extendedprice * ('1'::numeric - lineitem.l_discount)))) DESC"],"Sort Method": "quicksort","Sort Space Used": 9818,"Sort Space Type": "Memory","Plans": [{"Node Type": "Aggregate","Strategy": "Hashed","Partial Mode": "Simple","Parent Relationship": "Outer","Parallel Aware": false,"Async Capable": false,"Startup Cost": 125817.20,"Total Cost": 126522.45,"Plan Rows": 56420,"Plan Width": 280,"Actual Startup Time": 383.531,"Actual Total Time": 530.212,"Actual Rows": 37859,"Actual Loops": 1,"Group Key": ["customer.c_custkey", "nation.n_name"],"Planned Partitions": 0,"HashAgg Batches": 1,"Peak Memory Usage": 26129,"Disk Usage": 0,"Plans": [{"Node Type": "Gather","Parent Relationship": "Outer","Parallel Aware": false,"Async Capable": false,"Startup Cost": 6784.95,"Total Cost": 125111.95,"Plan Rows": 56420,"Plan Width": 260,"Actual Startup Time": 70.081,"Actual Total Time": 265.015,"Actual Rows": 114028,"Actual Loops": 1,"Workers Planned": 3,"Workers Launched": 3,"Single Copy": false,"Plans": [{"Node Type": "Hash Join","Parent Relationship": "Outer","Parallel Aware": false,"Async Capable": false,"Join Type": "Inner","Startup Cost": 5784.95,"Total Cost": 118469.95,"Plan Rows": 18200,"Plan Width": 260,"Actual Startup Time": 62.841,"Actual Total Time": 330.296,"Actual Rows": 28507,"Actual Loops": 4,"Inner Unique": true,"Hash Cond": "(customer.c_nationkey = nation.n_nationkey)","Workers": [],"Plans": [{"Node Type": "Hash Join","Parent Relationship": "Outer","Parallel Aware": true,"Async Capable": false,"Join Type": "Inner","Startup Cost": 5783.38,"Total Cost": 118412.51,"Plan Rows": 18200,"Plan Width": 160,"Actual Startup Time": 62.430,"Actual Total Time": 322.490,"Actual Rows": 28507,"Actual Loops": 4,"Inner Unique": true,"Hash Cond": "(orders.o_custkey = customer.c_custkey)","Workers": [],"Plans": [{"Node Type": "Nested Loop","Parent Relationship": "Outer","Parallel Aware": false,"Async Capable": false,"Join Type": "Inner","Startup Cost": 792.13,"Total Cost": 113373.49,"Plan Rows": 18200,"Plan Width": 16,"Actual Startup Time": 13.021,"Actual Total Time": 238.266,"Actual Rows": 28507,"Actual Loops": 4,"Inner Unique": false,"Workers": [],"Plans": [{"Node Type": "Bitmap Heap Scan","Parent Relationship": "Outer","Parallel Aware": true,"Async Capable": false,"Relation Name": "orders","Alias": "orders","Startup Cost": 791.70,"Total Cost": 27163.94,"Plan Rows": 18482,"Plan Width": 8,"Actual Startup Time": 12.954,"Actual Total Time": 66.534,"Actual Rows": 14234,"Actual Loops": 4,"Recheck Cond": "((o_orderdate >= '1993-03-01'::date) AND (o_orderdate < '1993-06-01 00:00:00'::timestamp without time zone))","Rows Removed by Index Recheck": 0,"Exact Heap Blocks": 3517,"Lossy Heap Blocks": 0,"Workers": [],"Plans": [{"Node Type": "Bitmap Index Scan","Parent Relationship": "Outer","Parallel Aware": false,"Async Capable": false,"Index Name": "idx_orders_orderdate","Startup Cost": 0.00,"Total Cost": 777.38,"Plan Rows": 57295,"Plan Width": 0,"Actual Startup Time": 9.836,"Actual Total Time": 9.842,"Actual Rows": 56934,"Actual Loops": 1,"Index Cond": "((o_orderdate >= '1993-03-01'::date) AND (o_orderdate < '1993-06-01 00:00:00'::timestamp without time zone))","Workers": []}]},{"Node Type": "Index Scan","Parent Relationship": "Inner","Parallel Aware": false,"Async Capable": false,"Scan Direction": "Forward","Index Name": "idx_lineitem_orderkey","Relation Name": "lineitem","Alias": "lineitem","Startup Cost": 0.43,"Total Cost": 4.62,"Plan Rows": 4,"Plan Width": 16,"Actual Startup Time": 0.010,"Actual Total Time": 0.012,"Actual Rows": 2,"Actual Loops": 56934,"Index Cond": "(l_orderkey = orders.o_orderkey)","Rows Removed by Index Recheck": 0,"Filter": "(l_returnflag = 'R'::bpchar)","Rows Removed by Filter": 2,"Workers": []}]},{"Node Type": "Hash","Parent Relationship": "Inner","Parallel Aware": true,"Async Capable": false,"Startup Cost": 4210.00,"Total Cost": 4210.00,"Plan Rows": 62500,"Plan Width": 148,"Actual Startup Time": 48.797,"Actual Total Time": 48.806,"Actual Rows": 37500,"Actual Loops": 4,"Hash Buckets": 262144,"Original Hash Buckets": 262144,"Hash Batches": 1,"Original Hash Batches": 1,"Peak Memory Usage": 29344,"Workers": [],"Plans": [{"Node Type": "Seq Scan","Parent Relationship": "Outer","Parallel Aware": true,"Async Capable": false,"Relation Name": "customer","Alias": "customer","Startup Cost": 0.00,"Total Cost": 4210.00,"Plan Rows": 62500,"Plan Width": 148,"Actual Startup Time": 0.027,"Actual Total Time": 20.617,"Actual Rows": 37500,"Actual Loops": 4,"Workers": []}]}]},{"Node Type": "Hash","Parent Relationship": "Inner","Parallel Aware": false,"Async Capable": false,"Startup Cost": 1.25,"Total Cost": 1.25,"Plan Rows": 25,"Plan Width": 108,"Actual Startup Time": 0.102,"Actual Total Time": 0.108,"Actual Rows": 25,"Actual Loops": 4,"Hash Buckets": 1024,"Original Hash Buckets": 1024,"Hash Batches": 1,"Original Hash Batches": 1,"Peak Memory Usage": 10,"Workers": [],"Plans": [{"Node Type": "Seq Scan","Parent Relationship": "Outer","Parallel Aware": false,"Async Capable": false,"Relation Name": "nation","Alias": "nation","Startup Cost": 0.00,"Total Cost": 1.25,"Plan Rows": 25,"Plan Width": 108,"Actual Startup Time": 0.068,"Actual Total Time": 0.076,"Actual Rows": 25,"Actual Loops": 4,"Workers": []}]}]}]}]}]},"Planning Time": 7.017,"Triggers": [],"Execution Time": 606.974}]
[{"Plan": {"Node Type": "Sort","Parallel Aware": false,"Async Capable": false,"Startup Cost": 132293.09,"Total Cost": 132436.61,"Plan Rows": 57411,"Plan Width": 280,"Actual Startup Time": 612.013,"Actual Total Time": 652.224,"Actual Rows": 37922,"Actual Loops": 1,"Sort Key": ["(sum((lineitem.l_extendedprice * ('1'::numeric - lineitem.l_discount)))) DESC"],"Sort Method": "quicksort","Sort Space Used": 9827,"Sort Space Type": "Memory","Plans": [{"Node Type": "Aggregate","Strategy": "Hashed","Partial Mode": "Simple","Parent Relationship": "Outer","Parallel Aware": false,"Async Capable": false,"Startup Cost": 127037.38,"Total Cost": 127755.02,"Plan Rows": 57411,"Plan Width": 280,"Actual Startup Time": 427.597,"Actual Total Time": 578.840,"Actual Rows": 37922,"Actual Loops": 1,"Group Key": ["customer.c_custkey", "nation.n_name"],"Planned Partitions": 0,"HashAgg Batches": 1,"Peak Memory Usage": 26129,"Disk Usage": 0,"Plans": [{"Node Type": "Gather","Parent Relationship": "Outer","Parallel Aware": false,"Async Capable": false,"Startup Cost": 6799.26,"Total Cost": 126319.75,"Plan Rows": 57411,"Plan Width": 260,"Actual Startup Time": 84.985,"Actual Total Time": 295.027,"Actual Rows": 114929,"Actual Loops": 1,"Workers Planned": 3,"Workers Launched": 3,"Single Copy": false,"Plans": [{"Node Type": "Hash Join","Parent Relationship": "Outer","Parallel Aware": false,"Async Capable": false,"Join Type": "Inner","Startup Cost": 5799.26,"Total Cost": 119578.65,"Plan Rows": 18520,"Plan Width": 260,"Actual Startup Time": 77.490,"Actual Total Time": 369.817,"Actual Rows": 28732,"Actual Loops": 4,"Inner Unique": true,"Hash Cond": "(customer.c_nationkey = nation.n_nationkey)","Workers": [],"Plans": [{"Node Type": "Hash Join","Parent Relationship": "Outer","Parallel Aware": true,"Async Capable": false,"Join Type": "Inner","Startup Cost": 5797.70,"Total Cost": 119520.23,"Plan Rows": 18520,"Plan Width": 160,"Actual Startup Time": 77.066,"Actual Total Time": 360.808,"Actual Rows": 28732,"Actual Loops": 4,"Inner Unique": true,"Hash Cond": "(orders.o_custkey = customer.c_custkey)","Workers": [],"Plans": [{"Node Type": "Nested Loop","Parent Relationship": "Outer","Parallel Aware": false,"Async Capable": false,"Join Type": "Inner","Startup Cost": 806.45,"Total Cost": 114480.36,"Plan Rows": 18520,"Plan Width": 16,"Actual Startup Time": 13.430,"Actual Total Time": 255.437,"Actual Rows": 28732,"Actual Loops": 4,"Inner Unique": false,"Workers": [],"Plans": [{"Node Type": "Bitmap Heap Scan","Parent Relationship": "Outer","Parallel Aware": true,"Async Capable": false,"Relation Name": "orders","Alias": "orders","Startup Cost": 806.01,"Total Cost": 27183.11,"Plan Rows": 18807,"Plan Width": 8,"Actual Startup Time": 13.367,"Actual Total Time": 72.208,"Actual Rows": 14355,"Actual Loops": 4,"Recheck Cond": "((o_orderdate >= '1994-03-01'::date) AND (o_orderdate < '1994-06-01 00:00:00'::timestamp without time zone))","Rows Removed by Index Recheck": 0,"Exact Heap Blocks": 3712,"Lossy Heap Blocks": 0,"Workers": [],"Plans": [{"Node Type": "Bitmap Index Scan","Parent Relationship": "Outer","Parallel Aware": false,"Async Capable": false,"Index Name": "idx_orders_orderdate","Startup Cost": 0.00,"Total Cost": 791.44,"Plan Rows": 58301,"Plan Width": 0,"Actual Startup Time": 10.180,"Actual Total Time": 10.183,"Actual Rows": 57420,"Actual Loops": 1,"Index Cond": "((o_orderdate >= '1994-03-01'::date) AND (o_orderdate < '1994-06-01 00:00:00'::timestamp without time zone))","Workers": []}]},{"Node Type": "Index Scan","Parent Relationship": "Inner","Parallel Aware": false,"Async Capable": false,"Scan Direction": "Forward","Index Name": "idx_lineitem_orderkey","Relation Name": "lineitem","Alias": "lineitem","Startup Cost": 0.43,"Total Cost": 4.60,"Plan Rows": 4,"Plan Width": 16,"Actual Startup Time": 0.010,"Actual Total Time": 0.012,"Actual Rows": 2,"Actual Loops": 57420,"Index Cond": "(l_orderkey = orders.o_orderkey)","Rows Removed by Index Recheck": 0,"Filter": "(l_returnflag = 'R'::bpchar)","Rows Removed by Filter": 2,"Workers": []}]},{"Node Type": "Hash","Parent Relationship": "Inner","Parallel Aware": true,"Async Capable": false,"Startup Cost": 4210.00,"Total Cost": 4210.00,"Plan Rows": 62500,"Plan Width": 148,"Actual Startup Time": 63.095,"Actual Total Time": 63.101,"Actual Rows": 37500,"Actual Loops": 4,"Hash Buckets": 262144,"Original Hash Buckets": 262144,"Hash Batches": 1,"Original Hash Batches": 1,"Peak Memory Usage": 29280,"Workers": [],"Plans": [{"Node Type": "Seq Scan","Parent Relationship": "Outer","Parallel Aware": true,"Async Capable": false,"Relation Name": "customer","Alias": "customer","Startup Cost": 0.00,"Total Cost": 4210.00,"Plan Rows": 62500,"Plan Width": 148,"Actual Startup Time": 0.041,"Actual Total Time": 28.071,"Actual Rows": 37500,"Actual Loops": 4,"Workers": []}]}]},{"Node Type": "Hash","Parent Relationship": "Inner","Parallel Aware": false,"Async Capable": false,"Startup Cost": 1.25,"Total Cost": 1.25,"Plan Rows": 25,"Plan Width": 108,"Actual Startup Time": 0.097,"Actual Total Time": 0.101,"Actual Rows": 25,"Actual Loops": 4,"Hash Buckets": 1024,"Original Hash Buckets": 1024,"Hash Batches": 1,"Original Hash Batches": 1,"Peak Memory Usage": 10,"Workers": [],"Plans": [{"Node Type": "Seq Scan","Parent Relationship": "Outer","Parallel Aware": false,"Async Capable": false,"Relation Name": "nation","Alias": "nation","Startup Cost": 0.00,"Total Cost": 1.25,"Plan Rows": 25,"Plan Width": 108,"Actual Startup Time": 0.065,"Actual Total Time": 0.071,"Actual Rows": 25,"Actual Loops": 4,"Workers": []}]}]}]}]}]},"Planning Time": 6.342,"Triggers": [],"Execution Time": 656.718}]
[{"Plan": {"Node Type": "Sort","Parallel Aware": false,"Async Capable": false,"Startup Cost": 134586.43,"Total Cost": 134734.30,"Plan Rows": 59150,"Plan Width": 280,"Actual Startup Time": 563.586,"Actual Total Time": 604.383,"Actual Rows": 37293,"Actual Loops": 1,"Sort Key": ["(sum((lineitem.l_extendedprice * ('1'::numeric - lineitem.l_discount)))) DESC"],"Sort Method": "quicksort","Sort Space Used": 9691,"Sort Space Type": "Memory","Plans": [{"Node Type": "Aggregate","Strategy": "Hashed","Partial Mode": "Simple","Parent Relationship": "Outer","Parallel Aware": false,"Async Capable": false,"Startup Cost": 129158.80,"Total Cost": 129898.17,"Plan Rows": 59150,"Plan Width": 280,"Actual Startup Time": 392.436,"Actual Total Time": 532.730,"Actual Rows": 37293,"Actual Loops": 1,"Group Key": ["customer.c_custkey", "nation.n_name"],"Planned Partitions": 0,"HashAgg Batches": 1,"Peak Memory Usage": 27665,"Disk Usage": 0,"Plans": [{"Node Type": "Gather","Parent Relationship": "Outer","Parallel Aware": false,"Async Capable": false,"Startup Cost": 6825.36,"Total Cost": 128419.42,"Plan Rows": 59150,"Plan Width": 260,"Actual Startup Time": 75.957,"Actual Total Time": 271.680,"Actual Rows": 108779,"Actual Loops": 1,"Workers Planned": 3,"Workers Launched": 3,"Single Copy": false,"Plans": [{"Node Type": "Hash Join","Parent Relationship": "Outer","Parallel Aware": false,"Async Capable": false,"Join Type": "Inner","Startup Cost": 5825.36,"Total Cost": 121504.42,"Plan Rows": 19081,"Plan Width": 260,"Actual Startup Time": 69.040,"Actual Total Time": 339.341,"Actual Rows": 27195,"Actual Loops": 4,"Inner Unique": true,"Hash Cond": "(customer.c_nationkey = nation.n_nationkey)","Workers": [],"Plans": [{"Node Type": "Hash Join","Parent Relationship": "Outer","Parallel Aware": true,"Async Capable": false,"Join Type": "Inner","Startup Cost": 5823.80,"Total Cost": 121444.28,"Plan Rows": 19081,"Plan Width": 160,"Actual Startup Time": 68.657,"Actual Total Time": 330.758,"Actual Rows": 27195,"Actual Loops": 4,"Inner Unique": true,"Hash Cond": "(orders.o_custkey = customer.c_custkey)","Workers": [],"Plans": [{"Node Type": "Nested Loop","Parent Relationship": "Outer","Parallel Aware": false,"Async Capable": false,"Join Type": "Inner","Startup Cost": 832.55,"Total Cost": 116402.95,"Plan Rows": 19081,"Plan Width": 16,"Actual Startup Time": 13.292,"Actual Total Time": 236.377,"Actual Rows": 27195,"Actual Loops": 4,"Inner Unique": false,"Workers": [],"Plans": [{"Node Type": "Bitmap Heap Scan","Parent Relationship": "Outer","Parallel Aware": true,"Async Capable": false,"Relation Name": "orders","Alias": "orders","Startup Cost": 832.11,"Total Cost": 27217.76,"Plan Rows": 19376,"Plan Width": 8,"Actual Startup Time": 13.230,"Actual Total Time": 65.610,"Actual Rows": 14144,"Actual Loops": 4,"Recheck Cond": "((o_orderdate >= '1994-12-01'::date) AND (o_orderdate < '1995-03-01 00:00:00'::timestamp without time zone))","Rows Removed by Index Recheck": 0,"Exact Heap Blocks": 3506,"Lossy Heap Blocks": 0,"Workers": [],"Plans": [{"Node Type": "Bitmap Index Scan","Parent Relationship": "Outer","Parallel Aware": false,"Async Capable": false,"Index Name": "idx_orders_orderdate","Startup Cost": 0.00,"Total Cost": 817.10,"Plan Rows": 60067,"Plan Width": 0,"Actual Startup Time": 10.114,"Actual Total Time": 10.122,"Actual Rows": 56577,"Actual Loops": 1,"Index Cond": "((o_orderdate >= '1994-12-01'::date) AND (o_orderdate < '1995-03-01 00:00:00'::timestamp without time zone))","Workers": []}]},{"Node Type": "Index Scan","Parent Relationship": "Inner","Parallel Aware": false,"Async Capable": false,"Scan Direction": "Forward","Index Name": "idx_lineitem_orderkey","Relation Name": "lineitem","Alias": "lineitem","Startup Cost": 0.43,"Total Cost": 4.56,"Plan Rows": 4,"Plan Width": 16,"Actual Startup Time": 0.010,"Actual Total Time": 0.012,"Actual Rows": 2,"Actual Loops": 56577,"Index Cond": "(l_orderkey = orders.o_orderkey)","Rows Removed by Index Recheck": 0,"Filter": "(l_returnflag = 'R'::bpchar)","Rows Removed by Filter": 2,"Workers": []}]},{"Node Type": "Hash","Parent Relationship": "Inner","Parallel Aware": true,"Async Capable": false,"Startup Cost": 4210.00,"Total Cost": 4210.00,"Plan Rows": 62500,"Plan Width": 148,"Actual Startup Time": 54.812,"Actual Total Time": 54.818,"Actual Rows": 37500,"Actual Loops": 4,"Hash Buckets": 262144,"Original Hash Buckets": 262144,"Hash Batches": 1,"Original Hash Batches": 1,"Peak Memory Usage": 29312,"Workers": [],"Plans": [{"Node Type": "Seq Scan","Parent Relationship": "Outer","Parallel Aware": true,"Async Capable": false,"Relation Name": "customer","Alias": "customer","Startup Cost": 0.00,"Total Cost": 4210.00,"Plan Rows": 62500,"Plan Width": 148,"Actual Startup Time": 0.022,"Actual Total Time": 23.786,"Actual Rows": 37500,"Actual Loops": 4,"Workers": []}]}]},{"Node Type": "Hash","Parent Relationship": "Inner","Parallel Aware": false,"Async Capable": false,"Startup Cost": 1.25,"Total Cost": 1.25,"Plan Rows": 25,"Plan Width": 108,"Actual Startup Time": 0.089,"Actual Total Time": 0.092,"Actual Rows": 25,"Actual Loops": 4,"Hash Buckets": 1024,"Original Hash Buckets": 1024,"Hash Batches": 1,"Original Hash Batches": 1,"Peak Memory Usage": 10,"Workers": [],"Plans": [{"Node Type": "Seq Scan","Parent Relationship": "Outer","Parallel Aware": false,"Async Capable": false,"Relation Name": "nation","Alias": "nation","Startup Cost": 0.00,"Total Cost": 1.25,"Plan Rows": 25,"Plan Width": 108,"Actual Startup Time": 0.062,"Actual Total Time": 0.067,"Actual Rows": 25,"Actual Loops": 4,"Workers": []}]}]}]}]}]},"Planning Time": 7.387,"Triggers": [],"Execution Time": 611.176}]
[{"Plan": {"Node Type": "Sort","Parallel Aware": false,"Async Capable": false,"Startup Cost": 130505.43,"Total Cost": 130645.60,"Plan Rows": 56065,"Plan Width": 280,"Actual Startup Time": 601.513,"Actual Total Time": 641.580,"Actual Rows": 37018,"Actual Loops": 1,"Sort Key": ["(sum((lineitem.l_extendedprice * ('1'::numeric - lineitem.l_discount)))) DESC"],"Sort Method": "quicksort","Sort Space Used": 9627,"Sort Space Type": "Memory","Plans": [{"Node Type": "Aggregate","Strategy": "Hashed","Partial Mode": "Simple","Parent Relationship": "Outer","Parallel Aware": false,"Async Capable": false,"Startup Cost": 125382.55,"Total Cost": 126083.36,"Plan Rows": 56065,"Plan Width": 280,"Actual Startup Time": 416.495,"Actual Total Time": 572.420,"Actual Rows": 37018,"Actual Loops": 1,"Group Key": ["customer.c_custkey", "nation.n_name"],"Planned Partitions": 0,"HashAgg Batches": 1,"Peak Memory Usage": 26129,"Disk Usage": 0,"Plans": [{"Node Type": "Gather","Parent Relationship": "Outer","Parallel Aware": false,"Async Capable": false,"Startup Cost": 6781.25,"Total Cost": 124681.73,"Plan Rows": 56065,"Plan Width": 260,"Actual Startup Time": 81.623,"Actual Total Time": 288.921,"Actual Rows": 110603,"Actual Loops": 1,"Workers Planned": 3,"Workers Launched": 3,"Single Copy": false,"Plans": [{"Node Type": "Hash Join","Parent Relationship": "Outer","Parallel Aware": false,"Async Capable": false,"Join Type": "Inner","Startup Cost": 5781.25,"Total Cost": 118075.23,"Plan Rows": 18085,"Plan Width": 260,"Actual Startup Time": 74.243,"Actual Total Time": 359.851,"Actual Rows": 27651,"Actual Loops": 4,"Inner Unique": true,"Hash Cond": "(customer.c_nationkey = nation.n_nationkey)","Workers": [],"Plans": [{"Node Type": "Hash Join","Parent Relationship": "Outer","Parallel Aware": true,"Async Capable": false,"Join Type": "Inner","Startup Cost": 5779.68,"Total Cost": 118018.16,"Plan Rows": 18085,"Plan Width": 160,"Actual Startup Time": 73.807,"Actual Total Time": 350.724,"Actual Rows": 27651,"Actual Loops": 4,"Inner Unique": true,"Hash Cond": "(orders.o_custkey = customer.c_custkey)","Workers": [],"Plans": [{"Node Type": "Nested Loop","Parent Relationship": "Outer","Parallel Aware": false,"Async Capable": false,"Join Type": "Inner","Startup Cost": 788.43,"Total Cost": 112979.43,"Plan Rows": 18085,"Plan Width": 16,"Actual Startup Time": 13.351,"Actual Total Time": 248.674,"Actual Rows": 27651,"Actual Loops": 4,"Inner Unique": false,"Workers": [],"Plans": [{"Node Type": "Bitmap Heap Scan","Parent Relationship": "Outer","Parallel Aware": true,"Async Capable": false,"Relation Name": "orders","Alias": "orders","Startup Cost": 788.00,"Total Cost": 27158.49,"Plan Rows": 18366,"Plan Width": 8,"Actual Startup Time": 13.297,"Actual Total Time": 70.614,"Actual Rows": 13866,"Actual Loops": 4,"Recheck Cond": "((o_orderdate >= '1994-02-01'::date) AND (o_orderdate < '1994-05-01 00:00:00'::timestamp without time zone))","Rows Removed by Index Recheck": 0,"Exact Heap Blocks": 3619,"Lossy Heap Blocks": 0,"Workers": [],"Plans": [{"Node Type": "Bitmap Index Scan","Parent Relationship": "Outer","Parallel Aware": false,"Async Capable": false,"Index Name": "idx_orders_orderdate","Startup Cost": 0.00,"Total Cost": 773.77,"Plan Rows": 56934,"Plan Width": 0,"Actual Startup Time": 10.157,"Actual Total Time": 10.161,"Actual Rows": 55462,"Actual Loops": 1,"Index Cond": "((o_orderdate >= '1994-02-01'::date) AND (o_orderdate < '1994-05-01 00:00:00'::timestamp without time zone))","Workers": []}]},{"Node Type": "Index Scan","Parent Relationship": "Inner","Parallel Aware": false,"Async Capable": false,"Scan Direction": "Forward","Index Name": "idx_lineitem_orderkey","Relation Name": "lineitem","Alias": "lineitem","Startup Cost": 0.43,"Total Cost": 4.63,"Plan Rows": 4,"Plan Width": 16,"Actual Startup Time": 0.010,"Actual Total Time": 0.012,"Actual Rows": 2,"Actual Loops": 55462,"Index Cond": "(l_orderkey = orders.o_orderkey)","Rows Removed by Index Recheck": 0,"Filter": "(l_returnflag = 'R'::bpchar)","Rows Removed by Filter": 2,"Workers": []}]},{"Node Type": "Hash","Parent Relationship": "Inner","Parallel Aware": true,"Async Capable": false,"Startup Cost": 4210.00,"Total Cost": 4210.00,"Plan Rows": 62500,"Plan Width": 148,"Actual Startup Time": 59.812,"Actual Total Time": 59.817,"Actual Rows": 37500,"Actual Loops": 4,"Hash Buckets": 262144,"Original Hash Buckets": 262144,"Hash Batches": 1,"Original Hash Batches": 1,"Peak Memory Usage": 29344,"Workers": [],"Plans": [{"Node Type": "Seq Scan","Parent Relationship": "Outer","Parallel Aware": true,"Async Capable": false,"Relation Name": "customer","Alias": "customer","Startup Cost": 0.00,"Total Cost": 4210.00,"Plan Rows": 62500,"Plan Width": 148,"Actual Startup Time": 0.038,"Actual Total Time": 25.477,"Actual Rows": 37500,"Actual Loops": 4,"Workers": []}]}]},{"Node Type": "Hash","Parent Relationship": "Inner","Parallel Aware": false,"Async Capable": false,"Startup Cost": 1.25,"Total Cost": 1.25,"Plan Rows": 25,"Plan Width": 108,"Actual Startup Time": 0.111,"Actual Total Time": 0.116,"Actual Rows": 25,"Actual Loops": 4,"Hash Buckets": 1024,"Original Hash Buckets": 1024,"Hash Batches": 1,"Original Hash Batches": 1,"Peak Memory Usage": 10,"Workers": [],"Plans": [{"Node Type": "Seq Scan","Parent Relationship": "Outer","Parallel Aware": false,"Async Capable": false,"Relation Name": "nation","Alias": "nation","Startup Cost": 0.00,"Total Cost": 1.25,"Plan Rows": 25,"Plan Width": 108,"Actual Startup Time": 0.071,"Actual Total Time": 0.077,"Actual Rows": 25,"Actual Loops": 4,"Workers": []}]}]}]}]}]},"Planning Time": 7.387,"Triggers": [],"Execution Time": 645.928}]
[{"Plan": {"Node Type": "Sort","Parallel Aware": false,"Async Capable": false,"Startup Cost": 130505.43,"Total Cost": 130645.60,"Plan Rows": 56065,"Plan Width": 280,"Actual Startup Time": 601.513,"Actual Total Time": 641.580,"Actual Rows": 37018,"Actual Loops": 1,"Sort Key": ["(sum((lineitem.l_extendedprice * ('1'::numeric - lineitem.l_discount)))) DESC"],"Sort Method": "quicksort","Sort Space Used": 9627,"Sort Space Type": "Memory","Plans": [{"Node Type": "Aggregate","Strategy": "Hashed","Partial Mode": "Simple","Parent Relationship": "Outer","Parallel Aware": false,"Async Capable": false,"Startup Cost": 125382.55,"Total Cost": 126083.36,"Plan Rows": 56065,"Plan Width": 280,"Actual Startup Time": 416.495,"Actual Total Time": 572.420,"Actual Rows": 37018,"Actual Loops": 1,"Group Key": ["customer.c_custkey", "nation.n_name"],"Planned Partitions": 0,"HashAgg Batches": 1,"Peak Memory Usage": 26129,"Disk Usage": 0,"Plans": [{"Node Type": "Gather","Parent Relationship": "Outer","Parallel Aware": false,"Async Capable": false,"Startup Cost": 6781.25,"Total Cost": 124681.73,"Plan Rows": 56065,"Plan Width": 260,"Actual Startup Time": 81.623,"Actual Total Time": 288.921,"Actual Rows": 110603,"Actual Loops": 1,"Workers Planned": 3,"Workers Launched": 3,"Single Copy": false,"Plans": [{"Node Type": "Hash Join","Parent Relationship": "Outer","Parallel Aware": false,"Async Capable": false,"Join Type": "Inner","Startup Cost": 5781.25,"Total Cost": 118075.23,"Plan Rows": 18085,"Plan Width": 260,"Actual Startup Time": 74.243,"Actual Total Time": 359.851,"Actual Rows": 27651,"Actual Loops": 4,"Inner Unique": true,"Hash Cond": "(customer.c_nationkey = nation.n_nationkey)","Workers": [],"Plans": [{"Node Type": "Hash Join","Parent Relationship": "Outer","Parallel Aware": true,"Async Capable": false,"Join Type": "Inner","Startup Cost": 5779.68,"Total Cost": 118018.16,"Plan Rows": 18085,"Plan Width": 160,"Actual Startup Time": 73.807,"Actual Total Time": 350.724,"Actual Rows": 27651,"Actual Loops": 4,"Inner Unique": true,"Hash Cond": "(orders.o_custkey = customer.c_custkey)","Workers": [],"Plans": [{"Node Type": "Nested Loop","Parent Relationship": "Outer","Parallel Aware": false,"Async Capable": false,"Join Type": "Inner","Startup Cost": 788.43,"Total Cost": 112979.43,"Plan Rows": 18085,"Plan Width": 16,"Actual Startup Time": 13.351,"Actual Total Time": 248.674,"Actual Rows": 27651,"Actual Loops": 4,"Inner Unique": false,"Workers": [],"Plans": [{"Node Type": "Bitmap Heap Scan","Parent Relationship": "Outer","Parallel Aware": true,"Async Capable": false,"Relation Name": "orders","Alias": "orders","Startup Cost": 788.00,"Total Cost": 27158.49,"Plan Rows": 18366,"Plan Width": 8,"Actual Startup Time": 13.297,"Actual Total Time": 70.614,"Actual Rows": 13866,"Actual Loops": 4,"Recheck Cond": "((o_orderdate >= '1994-02-01'::date) AND (o_orderdate < '1994-05-01 00:00:00'::timestamp without time zone))","Rows Removed by Index Recheck": 0,"Exact Heap Blocks": 3619,"Lossy Heap Blocks": 0,"Workers": [],"Plans": [{"Node Type": "Bitmap Index Scan","Parent Relationship": "Outer","Parallel Aware": false,"Async Capable": false,"Index Name": "idx_orders_orderdate","Startup Cost": 0.00,"Total Cost": 773.77,"Plan Rows": 56934,"Plan Width": 0,"Actual Startup Time": 10.157,"Actual Total Time": 10.161,"Actual Rows": 55462,"Actual Loops": 1,"Index Cond": "((o_orderdate >= '1994-02-01'::date) AND (o_orderdate < '1994-05-01 00:00:00'::timestamp without time zone))","Workers": []}]},{"Node Type": "Index Scan","Parent Relationship": "Inner","Parallel Aware": false,"Async Capable": false,"Scan Direction": "Forward","Index Name": "idx_lineitem_orderkey","Relation Name": "lineitem","Alias": "lineitem","Startup Cost": 0.43,"Total Cost": 4.63,"Plan Rows": 4,"Plan Width": 16,"Actual Startup Time": 0.010,"Actual Total Time": 0.012,"Actual Rows": 2,"Actual Loops": 55462,"Index Cond": "(l_orderkey = orders.o_orderkey)","Rows Removed by Index Recheck": 0,"Filter": "(l_returnflag = 'R'::bpchar)","Rows Removed by Filter": 2,"Workers": []}]},{"Node Type": "Hash","Parent Relationship": "Inner","Parallel Aware": true,"Async Capable": false,"Startup Cost": 4210.00,"Total Cost": 4210.00,"Plan Rows": 62500,"Plan Width": 148,"Actual Startup Time": 59.812,"Actual Total Time": 59.817,"Actual Rows": 37500,"Actual Loops": 4,"Hash Buckets": 262144,"Original Hash Buckets": 262144,"Hash Batches": 1,"Original Hash Batches": 1,"Peak Memory Usage": 29344,"Workers": [],"Plans": [{"Node Type": "Seq Scan","Parent Relationship": "Outer","Parallel Aware": true,"Async Capable": false,"Relation Name": "customer","Alias": "customer","Startup Cost": 0.00,"Total Cost": 4210.00,"Plan Rows": 62500,"Plan Width": 148,"Actual Startup Time": 0.038,"Actual Total Time": 25.477,"Actual Rows": 37500,"Actual Loops": 4,"Workers": []}]}]},{"Node Type": "Hash","Parent Relationship": "Inner","Parallel Aware": false,"Async Capable": false,"Startup Cost": 1.25,"Total Cost": 1.25,"Plan Rows": 25,"Plan Width": 108,"Actual Startup Time": 0.111,"Actual Total Time": 0.116,"Actual Rows": 25,"Actual Loops": 4,"Hash Buckets": 1024,"Original Hash Buckets": 1024,"Hash Batches": 1,"Original Hash Batches": 1,"Peak Memory Usage": 10,"Workers": [],"Plans": [{"Node Type": "Seq Scan","Parent Relationship": "Outer","Parallel Aware": false,"Async Capable": false,"Relation Name": "nation","Alias": "nation","Startup Cost": 0.00,"Total Cost": 1.25,"Plan Rows": 25,"Plan Width": 108,"Actual Startup Time": 0.071,"Actual Total Time": 0.077,"Actual Rows": 25,"Actual Loops": 4,"Workers": []}]}]}]}]}]},"Planning Time": 7.387,"Triggers": [],"Execution Time": 645.928}]
[{"Plan": {"Node Type": "Sort","Parallel Aware": false,"Async Capable": false,"Startup Cost": 131330.41,"Total Cost": 131472.12,"Plan Rows": 56686,"Plan Width": 280,"Actual Startup Time": 587.483,"Actual Total Time": 628.086,"Actual Rows": 37925,"Actual Loops": 1,"Sort Key": ["(sum((lineitem.l_extendedprice * ('1'::numeric - lineitem.l_discount)))) DESC"],"Sort Method": "quicksort","Sort Space Used": 9832,"Sort Space Type": "Memory","Plans": [{"Node Type": "Aggregate","Strategy": "Hashed","Partial Mode": "Simple","Parent Relationship": "Outer","Parallel Aware": false,"Async Capable": false,"Startup Cost": 126146.27,"Total Cost": 126854.85,"Plan Rows": 56686,"Plan Width": 280,"Actual Startup Time": 410.388,"Actual Total Time": 556.054,"Actual Rows": 37925,"Actual Loops": 1,"Group Key": ["customer.c_custkey", "nation.n_name"],"Planned Partitions": 0,"HashAgg Batches": 1,"Peak Memory Usage": 26129,"Disk Usage": 0,"Plans": [{"Node Type": "Gather","Parent Relationship": "Outer","Parallel Aware": false,"Async Capable": false,"Startup Cost": 6791.71,"Total Cost": 125437.70,"Plan Rows": 56686,"Plan Width": 260,"Actual Startup Time": 76.070,"Actual Total Time": 284.431,"Actual Rows": 114550,"Actual Loops": 1,"Workers Planned": 3,"Workers Launched": 3,"Single Copy": false,"Plans": [{"Node Type": "Hash Join","Parent Relationship": "Outer","Parallel Aware": false,"Async Capable": false,"Join Type": "Inner","Startup Cost": 5791.71,"Total Cost": 118769.10,"Plan Rows": 18286,"Plan Width": 260,"Actual Startup Time": 68.409,"Actual Total Time": 355.040,"Actual Rows": 28638,"Actual Loops": 4,"Inner Unique": true,"Hash Cond": "(customer.c_nationkey = nation.n_nationkey)","Workers": [],"Plans": [{"Node Type": "Hash Join","Parent Relationship": "Outer","Parallel Aware": true,"Async Capable": false,"Join Type": "Inner","Startup Cost": 5790.15,"Total Cost": 118711.40,"Plan Rows": 18286,"Plan Width": 160,"Actual Startup Time": 67.911,"Actual Total Time": 346.301,"Actual Rows": 28638,"Actual Loops": 4,"Inner Unique": true,"Hash Cond": "(orders.o_custkey = customer.c_custkey)","Workers": [],"Plans": [{"Node Type": "Nested Loop","Parent Relationship": "Outer","Parallel Aware": false,"Async Capable": false,"Join Type": "Inner","Startup Cost": 798.90,"Total Cost": 113672.15,"Plan Rows": 18286,"Plan Width": 16,"Actual Startup Time": 13.342,"Actual Total Time": 249.825,"Actual Rows": 28638,"Actual Loops": 4,"Inner Unique": false,"Workers": [],"Plans": [{"Node Type": "Bitmap Heap Scan","Parent Relationship": "Outer","Parallel Aware": true,"Async Capable": false,"Relation Name": "orders","Alias": "orders","Startup Cost": 798.47,"Total Cost": 27172.01,"Plan Rows": 18569,"Plan Width": 8,"Actual Startup Time": 13.275,"Actual Total Time": 71.340,"Actual Rows": 14284,"Actual Loops": 4,"Recheck Cond": "((o_orderdate >= '1993-08-01'::date) AND (o_orderdate < '1993-11-01 00:00:00'::timestamp without time zone))","Rows Removed by Index Recheck": 0,"Exact Heap Blocks": 3594,"Lossy Heap Blocks": 0,"Workers": [],"Plans": [{"Node Type": "Bitmap Index Scan","Parent Relationship": "Outer","Parallel Aware": false,"Async Capable": false,"Index Name": "idx_orders_orderdate","Startup Cost": 0.00,"Total Cost": 784.08,"Plan Rows": 57565,"Plan Width": 0,"Actual Startup Time": 10.135,"Actual Total Time": 10.136,"Actual Rows": 57138,"Actual Loops": 1,"Index Cond": "((o_orderdate >= '1993-08-01'::date) AND (o_orderdate < '1993-11-01 00:00:00'::timestamp without time zone))","Workers": []}]},{"Node Type": "Index Scan","Parent Relationship": "Inner","Parallel Aware": false,"Async Capable": false,"Scan Direction": "Forward","Index Name": "idx_lineitem_orderkey","Relation Name": "lineitem","Alias": "lineitem","Startup Cost": 0.43,"Total Cost": 4.62,"Plan Rows": 4,"Plan Width": 16,"Actual Startup Time": 0.010,"Actual Total Time": 0.012,"Actual Rows": 2,"Actual Loops": 57138,"Index Cond": "(l_orderkey = orders.o_orderkey)","Rows Removed by Index Recheck": 0,"Filter": "(l_returnflag = 'R'::bpchar)","Rows Removed by Filter": 2,"Workers": []}]},{"Node Type": "Hash","Parent Relationship": "Inner","Parallel Aware": true,"Async Capable": false,"Startup Cost": 4210.00,"Total Cost": 4210.00,"Plan Rows": 62500,"Plan Width": 148,"Actual Startup Time": 53.968,"Actual Total Time": 53.976,"Actual Rows": 37500,"Actual Loops": 4,"Hash Buckets": 262144,"Original Hash Buckets": 262144,"Hash Batches": 1,"Original Hash Batches": 1,"Peak Memory Usage": 29344,"Workers": [],"Plans": [{"Node Type": "Seq Scan","Parent Relationship": "Outer","Parallel Aware": true,"Async Capable": false,"Relation Name": "customer","Alias": "customer","Startup Cost": 0.00,"Total Cost": 4210.00,"Plan Rows": 62500,"Plan Width": 148,"Actual Startup Time": 0.023,"Actual Total Time": 24.403,"Actual Rows": 37500,"Actual Loops": 4,"Workers": []}]}]},{"Node Type": "Hash","Parent Relationship": "Inner","Parallel Aware": false,"Async Capable": false,"Startup Cost": 1.25,"Total Cost": 1.25,"Plan Rows": 25,"Plan Width": 108,"Actual Startup Time": 0.099,"Actual Total Time": 0.106,"Actual Rows": 25,"Actual Loops": 4,"Hash Buckets": 1024,"Original Hash Buckets": 1024,"Hash Batches": 1,"Original Hash Batches": 1,"Peak Memory Usage": 10,"Workers": [],"Plans": [{"Node Type": "Seq Scan","Parent Relationship": "Outer","Parallel Aware": false,"Async Capable": false,"Relation Name": "nation","Alias": "nation","Startup Cost": 0.00,"Total Cost": 1.25,"Plan Rows": 25,"Plan Width": 108,"Actual Startup Time": 0.062,"Actual Total Time": 0.071,"Actual Rows": 25,"Actual Loops": 4,"Workers": []}]}]}]}]}]},"Planning Time": 6.540,"Triggers": [],"Execution Time": 634.012}]
[{"Plan": {"Node Type": "Sort","Parallel Aware": false,"Async Capable": false,"Startup Cost": 132293.09,"Total Cost": 132436.61,"Plan Rows": 57411,"Plan Width": 280,"Actual Startup Time": 612.013,"Actual Total Time": 652.224,"Actual Rows": 37922,"Actual Loops": 1,"Sort Key": ["(sum((lineitem.l_extendedprice * ('1'::numeric - lineitem.l_discount)))) DESC"],"Sort Method": "quicksort","Sort Space Used": 9827,"Sort Space Type": "Memory","Plans": [{"Node Type": "Aggregate","Strategy": "Hashed","Partial Mode": "Simple","Parent Relationship": "Outer","Parallel Aware": false,"Async Capable": false,"Startup Cost": 127037.38,"Total Cost": 127755.02,"Plan Rows": 57411,"Plan Width": 280,"Actual Startup Time": 427.597,"Actual Total Time": 578.840,"Actual Rows": 37922,"Actual Loops": 1,"Group Key": ["customer.c_custkey", "nation.n_name"],"Planned Partitions": 0,"HashAgg Batches": 1,"Peak Memory Usage": 26129,"Disk Usage": 0,"Plans": [{"Node Type": "Gather","Parent Relationship": "Outer","Parallel Aware": false,"Async Capable": false,"Startup Cost": 6799.26,"Total Cost": 126319.75,"Plan Rows": 57411,"Plan Width": 260,"Actual Startup Time": 84.985,"Actual Total Time": 295.027,"Actual Rows": 114929,"Actual Loops": 1,"Workers Planned": 3,"Workers Launched": 3,"Single Copy": false,"Plans": [{"Node Type": "Hash Join","Parent Relationship": "Outer","Parallel Aware": false,"Async Capable": false,"Join Type": "Inner","Startup Cost": 5799.26,"Total Cost": 119578.65,"Plan Rows": 18520,"Plan Width": 260,"Actual Startup Time": 77.490,"Actual Total Time": 369.817,"Actual Rows": 28732,"Actual Loops": 4,"Inner Unique": true,"Hash Cond": "(customer.c_nationkey = nation.n_nationkey)","Workers": [],"Plans": [{"Node Type": "Hash Join","Parent Relationship": "Outer","Parallel Aware": true,"Async Capable": false,"Join Type": "Inner","Startup Cost": 5797.70,"Total Cost": 119520.23,"Plan Rows": 18520,"Plan Width": 160,"Actual Startup Time": 77.066,"Actual Total Time": 360.808,"Actual Rows": 28732,"Actual Loops": 4,"Inner Unique": true,"Hash Cond": "(orders.o_custkey = customer.c_custkey)","Workers": [],"Plans": [{"Node Type": "Nested Loop","Parent Relationship": "Outer","Parallel Aware": false,"Async Capable": false,"Join Type": "Inner","Startup Cost": 806.45,"Total Cost": 114480.36,"Plan Rows": 18520,"Plan Width": 16,"Actual Startup Time": 13.430,"Actual Total Time": 255.437,"Actual Rows": 28732,"Actual Loops": 4,"Inner Unique": false,"Workers": [],"Plans": [{"Node Type": "Bitmap Heap Scan","Parent Relationship": "Outer","Parallel Aware": true,"Async Capable": false,"Relation Name": "orders","Alias": "orders","Startup Cost": 806.01,"Total Cost": 27183.11,"Plan Rows": 18807,"Plan Width": 8,"Actual Startup Time": 13.367,"Actual Total Time": 72.208,"Actual Rows": 14355,"Actual Loops": 4,"Recheck Cond": "((o_orderdate >= '1994-03-01'::date) AND (o_orderdate < '1994-06-01 00:00:00'::timestamp without time zone))","Rows Removed by Index Recheck": 0,"Exact Heap Blocks": 3712,"Lossy Heap Blocks": 0,"Workers": [],"Plans": [{"Node Type": "Bitmap Index Scan","Parent Relationship": "Outer","Parallel Aware": false,"Async Capable": false,"Index Name": "idx_orders_orderdate","Startup Cost": 0.00,"Total Cost": 791.44,"Plan Rows": 58301,"Plan Width": 0,"Actual Startup Time": 10.180,"Actual Total Time": 10.183,"Actual Rows": 57420,"Actual Loops": 1,"Index Cond": "((o_orderdate >= '1994-03-01'::date) AND (o_orderdate < '1994-06-01 00:00:00'::timestamp without time zone))","Workers": []}]},{"Node Type": "Index Scan","Parent Relationship": "Inner","Parallel Aware": false,"Async Capable": false,"Scan Direction": "Forward","Index Name": "idx_lineitem_orderkey","Relation Name": "lineitem","Alias": "lineitem","Startup Cost": 0.43,"Total Cost": 4.60,"Plan Rows": 4,"Plan Width": 16,"Actual Startup Time": 0.010,"Actual Total Time": 0.012,"Actual Rows": 2,"Actual Loops": 57420,"Index Cond": "(l_orderkey = orders.o_orderkey)","Rows Removed by Index Recheck": 0,"Filter": "(l_returnflag = 'R'::bpchar)","Rows Removed by Filter": 2,"Workers": []}]},{"Node Type": "Hash","Parent Relationship": "Inner","Parallel Aware": true,"Async Capable": false,"Startup Cost": 4210.00,"Total Cost": 4210.00,"Plan Rows": 62500,"Plan Width": 148,"Actual Startup Time": 63.095,"Actual Total Time": 63.101,"Actual Rows": 37500,"Actual Loops": 4,"Hash Buckets": 262144,"Original Hash Buckets": 262144,"Hash Batches": 1,"Original Hash Batches": 1,"Peak Memory Usage": 29280,"Workers": [],"Plans": [{"Node Type": "Seq Scan","Parent Relationship": "Outer","Parallel Aware": true,"Async Capable": false,"Relation Name": "customer","Alias": "customer","Startup Cost": 0.00,"Total Cost": 4210.00,"Plan Rows": 62500,"Plan Width": 148,"Actual Startup Time": 0.041,"Actual Total Time": 28.071,"Actual Rows": 37500,"Actual Loops": 4,"Workers": []}]}]},{"Node Type": "Hash","Parent Relationship": "Inner","Parallel Aware": false,"Async Capable": false,"Startup Cost": 1.25,"Total Cost": 1.25,"Plan Rows": 25,"Plan Width": 108,"Actual Startup Time": 0.097,"Actual Total Time": 0.101,"Actual Rows": 25,"Actual Loops": 4,"Hash Buckets": 1024,"Original Hash Buckets": 1024,"Hash Batches": 1,"Original Hash Batches": 1,"Peak Memory Usage": 10,"Workers": [],"Plans": [{"Node Type": "Seq Scan","Parent Relationship": "Outer","Parallel Aware": false,"Async Capable": false,"Relation Name": "nation","Alias": "nation","Startup Cost": 0.00,"Total Cost": 1.25,"Plan Rows": 25,"Plan Width": 108,"Actual Startup Time": 0.065,"Actual Total Time": 0.071,"Actual Rows": 25,"Actual Loops": 4,"Workers": []}]}]}]}]}]},"Planning Time": 6.342,"Triggers": [],"Execution Time": 656.718}]
[{"Plan": {"Node Type": "Sort","Parallel Aware": false,"Async Capable": false,"Startup Cost": 135821.55,"Total Cost": 135971.77,"Plan Rows": 60088,"Plan Width": 280,"Actual Startup Time": 612.241,"Actual Total Time": 654.721,"Actual Rows": 38271,"Actual Loops": 1,"Sort Key": ["(sum((lineitem.l_extendedprice * ('1'::numeric - lineitem.l_discount)))) DESC"],"Sort Method": "quicksort","Sort Space Used": 9908,"Sort Space Type": "Memory","Plans": [{"Node Type": "Aggregate","Strategy": "Hashed","Partial Mode": "Simple","Parent Relationship": "Outer","Parallel Aware": false,"Async Capable": false,"Startup Cost": 130301.02,"Total Cost": 131052.12,"Plan Rows": 60088,"Plan Width": 280,"Actual Startup Time": 429.301,"Actual Total Time": 581.634,"Actual Rows": 38271,"Actual Loops": 1,"Group Key": ["customer.c_custkey", "nation.n_name"],"Planned Partitions": 0,"HashAgg Batches": 1,"Peak Memory Usage": 27665,"Disk Usage": 0,"Plans": [{"Node Type": "Gather","Parent Relationship": "Outer","Parallel Aware": false,"Async Capable": false,"Startup Cost": 6839.13,"Total Cost": 129549.92,"Plan Rows": 60088,"Plan Width": 260,"Actual Startup Time": 85.611,"Actual Total Time": 294.175,"Actual Rows": 115282,"Actual Loops": 1,"Workers Planned": 3,"Workers Launched": 3,"Single Copy": false,"Plans": [{"Node Type": "Hash Join","Parent Relationship": "Outer","Parallel Aware": false,"Async Capable": false,"Join Type": "Inner","Startup Cost": 5839.13,"Total Cost": 122541.12,"Plan Rows": 19383,"Plan Width": 260,"Actual Startup Time": 78.447,"Actual Total Time": 371.364,"Actual Rows": 28820,"Actual Loops": 4,"Inner Unique": true,"Hash Cond": "(customer.c_nationkey = nation.n_nationkey)","Workers": [],"Plans": [{"Node Type": "Hash Join","Parent Relationship": "Outer","Parallel Aware": true,"Async Capable": false,"Join Type": "Inner","Startup Cost": 5837.56,"Total Cost": 122480.06,"Plan Rows": 19383,"Plan Width": 160,"Actual Startup Time": 78.051,"Actual Total Time": 362.469,"Actual Rows": 28820,"Actual Loops": 4,"Inner Unique": true,"Hash Cond": "(orders.o_custkey = customer.c_custkey)","Workers": [],"Plans": [{"Node Type": "Nested Loop","Parent Relationship": "Outer","Parallel Aware": false,"Async Capable": false,"Join Type": "Inner","Startup Cost": 846.31,"Total Cost": 117437.93,"Plan Rows": 19383,"Plan Width": 16,"Actual Startup Time": 13.660,"Actual Total Time": 255.763,"Actual Rows": 28820,"Actual Loops": 4,"Inner Unique": false,"Workers": [],"Plans": [{"Node Type": "Bitmap Heap Scan","Parent Relationship": "Outer","Parallel Aware": true,"Async Capable": false,"Relation Name": "orders","Alias": "orders","Startup Cost": 845.88,"Total Cost": 27236.14,"Plan Rows": 19684,"Plan Width": 8,"Actual Startup Time": 13.594,"Actual Total Time": 71.334,"Actual Rows": 14421,"Actual Loops": 4,"Recheck Cond": "((o_orderdate >= '1994-11-01'::date) AND (o_orderdate < '1995-02-01 00:00:00'::timestamp without time zone))","Rows Removed by Index Recheck": 0,"Exact Heap Blocks": 3552,"Lossy Heap Blocks": 0,"Workers": [],"Plans": [{"Node Type": "Bitmap Index Scan","Parent Relationship": "Outer","Parallel Aware": false,"Async Capable": false,"Index Name": "idx_orders_orderdate","Startup Cost": 0.00,"Total Cost": 830.63,"Plan Rows": 61020,"Plan Width": 0,"Actual Startup Time": 10.499,"Actual Total Time": 10.499,"Actual Rows": 57683,"Actual Loops": 1,"Index Cond": "((o_orderdate >= '1994-11-01'::date) AND (o_orderdate < '1995-02-01 00:00:00'::timestamp without time zone))","Workers": []}]},{"Node Type": "Index Scan","Parent Relationship": "Inner","Parallel Aware": false,"Async Capable": false,"Scan Direction": "Forward","Index Name": "idx_lineitem_orderkey","Relation Name": "lineitem","Alias": "lineitem","Startup Cost": 0.43,"Total Cost": 4.54,"Plan Rows": 4,"Plan Width": 16,"Actual Startup Time": 0.010,"Actual Total Time": 0.012,"Actual Rows": 2,"Actual Loops": 57683,"Index Cond": "(l_orderkey = orders.o_orderkey)","Rows Removed by Index Recheck": 0,"Filter": "(l_returnflag = 'R'::bpchar)","Rows Removed by Filter": 2,"Workers": []}]},{"Node Type": "Hash","Parent Relationship": "Inner","Parallel Aware": true,"Async Capable": false,"Startup Cost": 4210.00,"Total Cost": 4210.00,"Plan Rows": 62500,"Plan Width": 148,"Actual Startup Time": 63.847,"Actual Total Time": 63.854,"Actual Rows": 37500,"Actual Loops": 4,"Hash Buckets": 262144,"Original Hash Buckets": 262144,"Hash Batches": 1,"Original Hash Batches": 1,"Peak Memory Usage": 29312,"Workers": [],"Plans": [{"Node Type": "Seq Scan","Parent Relationship": "Outer","Parallel Aware": true,"Async Capable": false,"Relation Name": "customer","Alias": "customer","Startup Cost": 0.00,"Total Cost": 4210.00,"Plan Rows": 62500,"Plan Width": 148,"Actual Startup Time": 0.028,"Actual Total Time": 27.532,"Actual Rows": 37500,"Actual Loops": 4,"Workers": []}]}]},{"Node Type": "Hash","Parent Relationship": "Inner","Parallel Aware": false,"Async Capable": false,"Startup Cost": 1.25,"Total Cost": 1.25,"Plan Rows": 25,"Plan Width": 108,"Actual Startup Time": 0.090,"Actual Total Time": 0.096,"Actual Rows": 25,"Actual Loops": 4,"Hash Buckets": 1024,"Original Hash Buckets": 1024,"Hash Batches": 1,"Original Hash Batches": 1,"Peak Memory Usage": 10,"Workers": [],"Plans": [{"Node Type": "Seq Scan","Parent Relationship": "Outer","Parallel Aware": false,"Async Capable": false,"Relation Name": "nation","Alias": "nation","Startup Cost": 0.00,"Total Cost": 1.25,"Plan Rows": 25,"Plan Width": 108,"Actual Startup Time": 0.058,"Actual Total Time": 0.065,"Actual Rows": 25,"Actual Loops": 4,"Workers": []}]}]}]}]}]},"Planning Time": 7.427,"Triggers": [],"Execution Time": 660.359}]
[{"Plan": {"Node Type": "Sort","Parallel Aware": false,"Async Capable": false,"Startup Cost": 130909.78,"Total Cost": 131050.70,"Plan Rows": 56371,"Plan Width": 280,"Actual Startup Time": 586.743,"Actual Total Time": 630.152,"Actual Rows": 38263,"Actual Loops": 1,"Sort Key": ["(sum((lineitem.l_extendedprice * ('1'::numeric - lineitem.l_discount)))) DESC"],"Sort Method": "quicksort","Sort Space Used": 9899,"Sort Space Type": "Memory","Plans": [{"Node Type": "Aggregate","Strategy": "Hashed","Partial Mode": "Simple","Parent Relationship": "Outer","Parallel Aware": false,"Async Capable": false,"Startup Cost": 125756.71,"Total Cost": 126461.35,"Plan Rows": 56371,"Plan Width": 280,"Actual Startup Time": 417.199,"Actual Total Time": 554.225,"Actual Rows": 38263,"Actual Loops": 1,"Group Key": ["customer.c_custkey", "nation.n_name"],"Planned Partitions": 0,"HashAgg Batches": 1,"Peak Memory Usage": 26129,"Disk Usage": 0,"Plans": [{"Node Type": "Gather","Parent Relationship": "Outer","Parallel Aware": false,"Async Capable": false,"Startup Cost": 6784.43,"Total Cost": 125052.08,"Plan Rows": 56371,"Plan Width": 260,"Actual Startup Time": 75.828,"Actual Total Time": 292.854,"Actual Rows": 114665,"Actual Loops": 1,"Workers Planned": 3,"Workers Launched": 3,"Single Copy": false,"Plans": [{"Node Type": "Hash Join","Parent Relationship": "Outer","Parallel Aware": false,"Async Capable": false,"Join Type": "Inner","Startup Cost": 5784.43,"Total Cost": 118414.98,"Plan Rows": 18184,"Plan Width": 260,"Actual Startup Time": 68.693,"Actual Total Time": 360.677,"Actual Rows": 28666,"Actual Loops": 4,"Inner Unique": true,"Hash Cond": "(customer.c_nationkey = nation.n_nationkey)","Workers": [],"Plans": [{"Node Type": "Hash Join","Parent Relationship": "Outer","Parallel Aware": true,"Async Capable": false,"Join Type": "Inner","Startup Cost": 5782.87,"Total Cost": 118357.59,"Plan Rows": 18184,"Plan Width": 160,"Actual Startup Time": 68.338,"Actual Total Time": 351.919,"Actual Rows": 28666,"Actual Loops": 4,"Inner Unique": true,"Hash Cond": "(orders.o_custkey = customer.c_custkey)","Workers": [],"Plans": [{"Node Type": "Nested Loop","Parent Relationship": "Outer","Parallel Aware": false,"Async Capable": false,"Join Type": "Inner","Startup Cost": 791.62,"Total Cost": 113318.61,"Plan Rows": 18184,"Plan Width": 16,"Actual Startup Time": 13.513,"Actual Total Time": 254.371,"Actual Rows": 28666,"Actual Loops": 4,"Inner Unique": false,"Workers": [],"Plans": [{"Node Type": "Bitmap Heap Scan","Parent Relationship": "Outer","Parallel Aware": true,"Async Capable": false,"Relation Name": "orders","Alias": "orders","Startup Cost": 791.19,"Total Cost": 27163.18,"Plan Rows": 18466,"Plan Width": 8,"Actual Startup Time": 13.445,"Actual Total Time": 71.425,"Actual Rows": 14346,"Actual Loops": 4,"Recheck Cond": "((o_orderdate >= '1994-07-01'::date) AND (o_orderdate < '1994-10-01 00:00:00'::timestamp without time zone))","Rows Removed by Index Recheck": 0,"Exact Heap Blocks": 3489,"Lossy Heap Blocks": 0,"Workers": [],"Plans": [{"Node Type": "Bitmap Index Scan","Parent Relationship": "Outer","Parallel Aware": false,"Async Capable": false,"Index Name": "idx_orders_orderdate","Startup Cost": 0.00,"Total Cost": 776.88,"Plan Rows": 57245,"Plan Width": 0,"Actual Startup Time": 10.310,"Actual Total Time": 10.312,"Actual Rows": 57384,"Actual Loops": 1,"Index Cond": "((o_orderdate >= '1994-07-01'::date) AND (o_orderdate < '1994-10-01 00:00:00'::timestamp without time zone))","Workers": []}]},{"Node Type": "Index Scan","Parent Relationship": "Inner","Parallel Aware": false,"Async Capable": false,"Scan Direction": "Forward","Index Name": "idx_lineitem_orderkey","Relation Name": "lineitem","Alias": "lineitem","Startup Cost": 0.43,"Total Cost": 4.63,"Plan Rows": 4,"Plan Width": 16,"Actual Startup Time": 0.010,"Actual Total Time": 0.012,"Actual Rows": 2,"Actual Loops": 57384,"Index Cond": "(l_orderkey = orders.o_orderkey)","Rows Removed by Index Recheck": 0,"Filter": "(l_returnflag = 'R'::bpchar)","Rows Removed by Filter": 2,"Workers": []}]},{"Node Type": "Hash","Parent Relationship": "Inner","Parallel Aware": true,"Async Capable": false,"Startup Cost": 4210.00,"Total Cost": 4210.00,"Plan Rows": 62500,"Plan Width": 148,"Actual Startup Time": 54.206,"Actual Total Time": 54.213,"Actual Rows": 37500,"Actual Loops": 4,"Hash Buckets": 262144,"Original Hash Buckets": 262144,"Hash Batches": 1,"Original Hash Batches": 1,"Peak Memory Usage": 29312,"Workers": [],"Plans": [{"Node Type": "Seq Scan","Parent Relationship": "Outer","Parallel Aware": true,"Async Capable": false,"Relation Name": "customer","Alias": "customer","Startup Cost": 0.00,"Total Cost": 4210.00,"Plan Rows": 62500,"Plan Width": 148,"Actual Startup Time": 0.020,"Actual Total Time": 23.974,"Actual Rows": 37500,"Actual Loops": 4,"Workers": []}]}]},{"Node Type": "Hash","Parent Relationship": "Inner","Parallel Aware": false,"Async Capable": false,"Startup Cost": 1.25,"Total Cost": 1.25,"Plan Rows": 25,"Plan Width": 108,"Actual Startup Time": 0.080,"Actual Total Time": 0.085,"Actual Rows": 25,"Actual Loops": 4,"Hash Buckets": 1024,"Original Hash Buckets": 1024,"Hash Batches": 1,"Original Hash Batches": 1,"Peak Memory Usage": 10,"Workers": [],"Plans": [{"Node Type": "Seq Scan","Parent Relationship": "Outer","Parallel Aware": false,"Async Capable": false,"Relation Name": "nation","Alias": "nation","Startup Cost": 0.00,"Total Cost": 1.25,"Plan Rows": 25,"Plan Width": 108,"Actual Startup Time": 0.053,"Actual Total Time": 0.059,"Actual Rows": 25,"Actual Loops": 4,"Workers": []}]}]}]}]}]},"Planning Time": 7.471,"Triggers": [],"Execution Time": 636.412}]
[{"Plan": {"Node Type": "Sort","Parallel Aware": false,"Async Capable": false,"Startup Cost": 130809.03,"Total Cost": 130949.76,"Plan Rows": 56293,"Plan Width": 280,"Actual Startup Time": 582.640,"Actual Total Time": 623.609,"Actual Rows": 37618,"Actual Loops": 1,"Sort Key": ["(sum((lineitem.l_extendedprice * ('1'::numeric - lineitem.l_discount)))) DESC"],"Sort Method": "quicksort","Sort Space Used": 9764,"Sort Space Type": "Memory","Plans": [{"Node Type": "Aggregate","Strategy": "Hashed","Partial Mode": "Simple","Parent Relationship": "Outer","Parallel Aware": false,"Async Capable": false,"Startup Cost": 125663.66,"Total Cost": 126367.32,"Plan Rows": 56293,"Plan Width": 280,"Actual Startup Time": 404.905,"Actual Total Time": 550.580,"Actual Rows": 37618,"Actual Loops": 1,"Group Key": ["customer.c_custkey", "nation.n_name"],"Planned Partitions": 0,"HashAgg Batches": 1,"Peak Memory Usage": 26129,"Disk Usage": 0,"Plans": [{"Node Type": "Gather","Parent Relationship": "Outer","Parallel Aware": false,"Async Capable": false,"Startup Cost": 6783.62,"Total Cost": 124960.00,"Plan Rows": 56293,"Plan Width": 260,"Actual Startup Time": 77.508,"Actual Total Time": 283.856,"Actual Rows": 113037,"Actual Loops": 1,"Workers Planned": 3,"Workers Launched": 3,"Single Copy": false,"Plans": [{"Node Type": "Hash Join","Parent Relationship": "Outer","Parallel Aware": false,"Async Capable": false,"Join Type": "Inner","Startup Cost": 5783.62,"Total Cost": 118330.70,"Plan Rows": 18159,"Plan Width": 260,"Actual Startup Time": 69.943,"Actual Total Time": 350.172,"Actual Rows": 28259,"Actual Loops": 4,"Inner Unique": true,"Hash Cond": "(customer.c_nationkey = nation.n_nationkey)","Workers": [],"Plans": [{"Node Type": "Hash Join","Parent Relationship": "Outer","Parallel Aware": true,"Async Capable": false,"Join Type": "Inner","Startup Cost": 5782.06,"Total Cost": 118273.39,"Plan Rows": 18159,"Plan Width": 160,"Actual Startup Time": 69.505,"Actual Total Time": 341.161,"Actual Rows": 28259,"Actual Loops": 4,"Inner Unique": true,"Hash Cond": "(orders.o_custkey = customer.c_custkey)","Workers": [],"Plans": [{"Node Type": "Nested Loop","Parent Relationship": "Outer","Parallel Aware": false,"Async Capable": false,"Join Type": "Inner","Startup Cost": 790.81,"Total Cost": 113234.47,"Plan Rows": 18159,"Plan Width": 16,"Actual Startup Time": 13.628,"Actual Total Time": 244.904,"Actual Rows": 28259,"Actual Loops": 4,"Inner Unique": false,"Workers": [],"Plans": [{"Node Type": "Bitmap Heap Scan","Parent Relationship": "Outer","Parallel Aware": true,"Async Capable": false,"Relation Name": "orders","Alias": "orders","Startup Cost": 790.38,"Total Cost": 27161.99,"Plan Rows": 18441,"Plan Width": 8,"Actual Startup Time": 13.544,"Actual Total Time": 67.991,"Actual Rows": 14129,"Actual Loops": 4,"Recheck Cond": "((o_orderdate >= '1994-09-01'::date) AND (o_orderdate < '1994-12-01 00:00:00'::timestamp without time zone))","Rows Removed by Index Recheck": 0,"Exact Heap Blocks": 3515,"Lossy Heap Blocks": 0,"Workers": [],"Plans": [{"Node Type": "Bitmap Index Scan","Parent Relationship": "Outer","Parallel Aware": false,"Async Capable": false,"Index Name": "idx_orders_orderdate","Startup Cost": 0.00,"Total Cost": 776.09,"Plan Rows": 57166,"Plan Width": 0,"Actual Startup Time": 10.241,"Actual Total Time": 10.248,"Actual Rows": 56516,"Actual Loops": 1,"Index Cond": "((o_orderdate >= '1994-09-01'::date) AND (o_orderdate < '1994-12-01 00:00:00'::timestamp without time zone))","Workers": []}]},{"Node Type": "Index Scan","Parent Relationship": "Inner","Parallel Aware": false,"Async Capable": false,"Scan Direction": "Forward","Index Name": "idx_lineitem_orderkey","Relation Name": "lineitem","Alias": "lineitem","Startup Cost": 0.43,"Total Cost": 4.63,"Plan Rows": 4,"Plan Width": 16,"Actual Startup Time": 0.010,"Actual Total Time": 0.012,"Actual Rows": 2,"Actual Loops": 56516,"Index Cond": "(l_orderkey = orders.o_orderkey)","Rows Removed by Index Recheck": 0,"Filter": "(l_returnflag = 'R'::bpchar)","Rows Removed by Filter": 2,"Workers": []}]},{"Node Type": "Hash","Parent Relationship": "Inner","Parallel Aware": true,"Async Capable": false,"Startup Cost": 4210.00,"Total Cost": 4210.00,"Plan Rows": 62500,"Plan Width": 148,"Actual Startup Time": 55.246,"Actual Total Time": 55.254,"Actual Rows": 37500,"Actual Loops": 4,"Hash Buckets": 262144,"Original Hash Buckets": 262144,"Hash Batches": 1,"Original Hash Batches": 1,"Peak Memory Usage": 29280,"Workers": [],"Plans": [{"Node Type": "Seq Scan","Parent Relationship": "Outer","Parallel Aware": true,"Async Capable": false,"Relation Name": "customer","Alias": "customer","Startup Cost": 0.00,"Total Cost": 4210.00,"Plan Rows": 62500,"Plan Width": 148,"Actual Startup Time": 0.029,"Actual Total Time": 24.927,"Actual Rows": 37500,"Actual Loops": 4,"Workers": []}]}]},{"Node Type": "Hash","Parent Relationship": "Inner","Parallel Aware": false,"Async Capable": false,"Startup Cost": 1.25,"Total Cost": 1.25,"Plan Rows": 25,"Plan Width": 108,"Actual Startup Time": 0.092,"Actual Total Time": 0.096,"Actual Rows": 25,"Actual Loops": 4,"Hash Buckets": 1024,"Original Hash Buckets": 1024,"Hash Batches": 1,"Original Hash Batches": 1,"Peak Memory Usage": 10,"Workers": [],"Plans": [{"Node Type": "Seq Scan","Parent Relationship": "Outer","Parallel Aware": false,"Async Capable": false,"Relation Name": "nation","Alias": "nation","Startup Cost": 0.00,"Total Cost": 1.25,"Plan Rows": 25,"Plan Width": 108,"Actual Startup Time": 0.062,"Actual Total Time": 0.068,"Actual Rows": 25,"Actual Loops": 4,"Workers": []}]}]}]}]}]},"Planning Time": 5.868,"Triggers": [],"Execution Time": 629.137}]
[{"Plan": {"Node Type": "Sort","Parallel Aware": false,"Async Capable": false,"Startup Cost": 131080.21,"Total Cost": 131221.46,"Plan Rows": 56499,"Plan Width": 280,"Actual Startup Time": 607.607,"Actual Total Time": 646.377,"Actual Rows": 37607,"Actual Loops": 1,"Sort Key": ["(sum((lineitem.l_extendedprice * ('1'::numeric - lineitem.l_discount)))) DESC"],"Sort Method": "quicksort","Sort Space Used": 9755,"Sort Space Type": "Memory","Plans": [{"Node Type": "Aggregate","Strategy": "Hashed","Partial Mode": "Simple","Parent Relationship": "Outer","Parallel Aware": false,"Async Capable": false,"Startup Cost": 125914.53,"Total Cost": 126620.77,"Plan Rows": 56499,"Plan Width": 280,"Actual Startup Time": 421.745,"Actual Total Time": 572.585,"Actual Rows": 37607,"Actual Loops": 1,"Group Key": ["customer.c_custkey", "nation.n_name"],"Planned Partitions": 0,"HashAgg Batches": 1,"Peak Memory Usage": 26129,"Disk Usage": 0,"Plans": [{"Node Type": "Gather","Parent Relationship": "Outer","Parallel Aware": false,"Async Capable": false,"Startup Cost": 6785.77,"Total Cost": 125208.29,"Plan Rows": 56499,"Plan Width": 260,"Actual Startup Time": 84.737,"Actual Total Time": 294.745,"Actual Rows": 112798,"Actual Loops": 1,"Workers Planned": 3,"Workers Launched": 3,"Single Copy": false,"Plans": [{"Node Type": "Hash Join","Parent Relationship": "Outer","Parallel Aware": false,"Async Capable": false,"Join Type": "Inner","Startup Cost": 5785.77,"Total Cost": 118558.39,"Plan Rows": 18225,"Plan Width": 260,"Actual Startup Time": 77.703,"Actual Total Time": 365.765,"Actual Rows": 28200,"Actual Loops": 4,"Inner Unique": true,"Hash Cond": "(customer.c_nationkey = nation.n_nationkey)","Workers": [],"Plans": [{"Node Type": "Hash Join","Parent Relationship": "Outer","Parallel Aware": true,"Async Capable": false,"Join Type": "Inner","Startup Cost": 5784.20,"Total Cost": 118500.88,"Plan Rows": 18225,"Plan Width": 160,"Actual Startup Time": 77.334,"Actual Total Time": 357.276,"Actual Rows": 28200,"Actual Loops": 4,"Inner Unique": true,"Hash Cond": "(orders.o_custkey = customer.c_custkey)","Workers": [],"Plans": [{"Node Type": "Nested Loop","Parent Relationship": "Outer","Parallel Aware": false,"Async Capable": false,"Join Type": "Inner","Startup Cost": 792.95,"Total Cost": 113461.79,"Plan Rows": 18225,"Plan Width": 16,"Actual Startup Time": 13.152,"Actual Total Time": 254.573,"Actual Rows": 28200,"Actual Loops": 4,"Inner Unique": false,"Workers": [],"Plans": [{"Node Type": "Bitmap Heap Scan","Parent Relationship": "Outer","Parallel Aware": true,"Async Capable": false,"Relation Name": "orders","Alias": "orders","Startup Cost": 792.52,"Total Cost": 27165.14,"Plan Rows": 18508,"Plan Width": 8,"Actual Startup Time": 13.088,"Actual Total Time": 71.143,"Actual Rows": 14087,"Actual Loops": 4,"Recheck Cond": "((o_orderdate >= '1994-01-01'::date) AND (o_orderdate < '1994-04-01 00:00:00'::timestamp without time zone))","Rows Removed by Index Recheck": 0,"Exact Heap Blocks": 3702,"Lossy Heap Blocks": 0,"Workers": [],"Plans": [{"Node Type": "Bitmap Index Scan","Parent Relationship": "Outer","Parallel Aware": false,"Async Capable": false,"Index Name": "idx_orders_orderdate","Startup Cost": 0.00,"Total Cost": 778.18,"Plan Rows": 57375,"Plan Width": 0,"Actual Startup Time": 9.927,"Actual Total Time": 9.934,"Actual Rows": 56349,"Actual Loops": 1,"Index Cond": "((o_orderdate >= '1994-01-01'::date) AND (o_orderdate < '1994-04-01 00:00:00'::timestamp without time zone))","Workers": []}]},{"Node Type": "Index Scan","Parent Relationship": "Inner","Parallel Aware": false,"Async Capable": false,"Scan Direction": "Forward","Index Name": "idx_lineitem_orderkey","Relation Name": "lineitem","Alias": "lineitem","Startup Cost": 0.43,"Total Cost": 4.62,"Plan Rows": 4,"Plan Width": 16,"Actual Startup Time": 0.011,"Actual Total Time": 0.013,"Actual Rows": 2,"Actual Loops": 56349,"Index Cond": "(l_orderkey = orders.o_orderkey)","Rows Removed by Index Recheck": 0,"Filter": "(l_returnflag = 'R'::bpchar)","Rows Removed by Filter": 2,"Workers": []}]},{"Node Type": "Hash","Parent Relationship": "Inner","Parallel Aware": true,"Async Capable": false,"Startup Cost": 4210.00,"Total Cost": 4210.00,"Plan Rows": 62500,"Plan Width": 148,"Actual Startup Time": 63.582,"Actual Total Time": 63.588,"Actual Rows": 37500,"Actual Loops": 4,"Hash Buckets": 262144,"Original Hash Buckets": 262144,"Hash Batches": 1,"Original Hash Batches": 1,"Peak Memory Usage": 29312,"Workers": [],"Plans": [{"Node Type": "Seq Scan","Parent Relationship": "Outer","Parallel Aware": true,"Async Capable": false,"Relation Name": "customer","Alias": "customer","Startup Cost": 0.00,"Total Cost": 4210.00,"Plan Rows": 62500,"Plan Width": 148,"Actual Startup Time": 0.028,"Actual Total Time": 28.690,"Actual Rows": 37500,"Actual Loops": 4,"Workers": []}]}]},{"Node Type": "Hash","Parent Relationship": "Inner","Parallel Aware": false,"Async Capable": false,"Startup Cost": 1.25,"Total Cost": 1.25,"Plan Rows": 25,"Plan Width": 108,"Actual Startup Time": 0.094,"Actual Total Time": 0.100,"Actual Rows": 25,"Actual Loops": 4,"Hash Buckets": 1024,"Original Hash Buckets": 1024,"Hash Batches": 1,"Original Hash Batches": 1,"Peak Memory Usage": 10,"Workers": [],"Plans": [{"Node Type": "Seq Scan","Parent Relationship": "Outer","Parallel Aware": false,"Async Capable": false,"Relation Name": "nation","Alias": "nation","Startup Cost": 0.00,"Total Cost": 1.25,"Plan Rows": 25,"Plan Width": 108,"Actual Startup Time": 0.060,"Actual Total Time": 0.067,"Actual Rows": 25,"Actual Loops": 4,"Workers": []}]}]}]}]}]},"Planning Time": 7.215,"Triggers": [],"Execution Time": 650.753}]
[{"Plan": {"Node Type": "Sort","Parallel Aware": false,"Async Capable": false,"Startup Cost": 135821.55,"Total Cost": 135971.77,"Plan Rows": 60088,"Plan Width": 280,"Actual Startup Time": 612.241,"Actual Total Time": 654.721,"Actual Rows": 38271,"Actual Loops": 1,"Sort Key": ["(sum((lineitem.l_extendedprice * ('1'::numeric - lineitem.l_discount)))) DESC"],"Sort Method": "quicksort","Sort Space Used": 9908,"Sort Space Type": "Memory","Plans": [{"Node Type": "Aggregate","Strategy": "Hashed","Partial Mode": "Simple","Parent Relationship": "Outer","Parallel Aware": false,"Async Capable": false,"Startup Cost": 130301.02,"Total Cost": 131052.12,"Plan Rows": 60088,"Plan Width": 280,"Actual Startup Time": 429.301,"Actual Total Time": 581.634,"Actual Rows": 38271,"Actual Loops": 1,"Group Key": ["customer.c_custkey", "nation.n_name"],"Planned Partitions": 0,"HashAgg Batches": 1,"Peak Memory Usage": 27665,"Disk Usage": 0,"Plans": [{"Node Type": "Gather","Parent Relationship": "Outer","Parallel Aware": false,"Async Capable": false,"Startup Cost": 6839.13,"Total Cost": 129549.92,"Plan Rows": 60088,"Plan Width": 260,"Actual Startup Time": 85.611,"Actual Total Time": 294.175,"Actual Rows": 115282,"Actual Loops": 1,"Workers Planned": 3,"Workers Launched": 3,"Single Copy": false,"Plans": [{"Node Type": "Hash Join","Parent Relationship": "Outer","Parallel Aware": false,"Async Capable": false,"Join Type": "Inner","Startup Cost": 5839.13,"Total Cost": 122541.12,"Plan Rows": 19383,"Plan Width": 260,"Actual Startup Time": 78.447,"Actual Total Time": 371.364,"Actual Rows": 28820,"Actual Loops": 4,"Inner Unique": true,"Hash Cond": "(customer.c_nationkey = nation.n_nationkey)","Workers": [],"Plans": [{"Node Type": "Hash Join","Parent Relationship": "Outer","Parallel Aware": true,"Async Capable": false,"Join Type": "Inner","Startup Cost": 5837.56,"Total Cost": 122480.06,"Plan Rows": 19383,"Plan Width": 160,"Actual Startup Time": 78.051,"Actual Total Time": 362.469,"Actual Rows": 28820,"Actual Loops": 4,"Inner Unique": true,"Hash Cond": "(orders.o_custkey = customer.c_custkey)","Workers": [],"Plans": [{"Node Type": "Nested Loop","Parent Relationship": "Outer","Parallel Aware": false,"Async Capable": false,"Join Type": "Inner","Startup Cost": 846.31,"Total Cost": 117437.93,"Plan Rows": 19383,"Plan Width": 16,"Actual Startup Time": 13.660,"Actual Total Time": 255.763,"Actual Rows": 28820,"Actual Loops": 4,"Inner Unique": false,"Workers": [],"Plans": [{"Node Type": "Bitmap Heap Scan","Parent Relationship": "Outer","Parallel Aware": true,"Async Capable": false,"Relation Name": "orders","Alias": "orders","Startup Cost": 845.88,"Total Cost": 27236.14,"Plan Rows": 19684,"Plan Width": 8,"Actual Startup Time": 13.594,"Actual Total Time": 71.334,"Actual Rows": 14421,"Actual Loops": 4,"Recheck Cond": "((o_orderdate >= '1994-11-01'::date) AND (o_orderdate < '1995-02-01 00:00:00'::timestamp without time zone))","Rows Removed by Index Recheck": 0,"Exact Heap Blocks": 3552,"Lossy Heap Blocks": 0,"Workers": [],"Plans": [{"Node Type": "Bitmap Index Scan","Parent Relationship": "Outer","Parallel Aware": false,"Async Capable": false,"Index Name": "idx_orders_orderdate","Startup Cost": 0.00,"Total Cost": 830.63,"Plan Rows": 61020,"Plan Width": 0,"Actual Startup Time": 10.499,"Actual Total Time": 10.499,"Actual Rows": 57683,"Actual Loops": 1,"Index Cond": "((o_orderdate >= '1994-11-01'::date) AND (o_orderdate < '1995-02-01 00:00:00'::timestamp without time zone))","Workers": []}]},{"Node Type": "Index Scan","Parent Relationship": "Inner","Parallel Aware": false,"Async Capable": false,"Scan Direction": "Forward","Index Name": "idx_lineitem_orderkey","Relation Name": "lineitem","Alias": "lineitem","Startup Cost": 0.43,"Total Cost": 4.54,"Plan Rows": 4,"Plan Width": 16,"Actual Startup Time": 0.010,"Actual Total Time": 0.012,"Actual Rows": 2,"Actual Loops": 57683,"Index Cond": "(l_orderkey = orders.o_orderkey)","Rows Removed by Index Recheck": 0,"Filter": "(l_returnflag = 'R'::bpchar)","Rows Removed by Filter": 2,"Workers": []}]},{"Node Type": "Hash","Parent Relationship": "Inner","Parallel Aware": true,"Async Capable": false,"Startup Cost": 4210.00,"Total Cost": 4210.00,"Plan Rows": 62500,"Plan Width": 148,"Actual Startup Time": 63.847,"Actual Total Time": 63.854,"Actual Rows": 37500,"Actual Loops": 4,"Hash Buckets": 262144,"Original Hash Buckets": 262144,"Hash Batches": 1,"Original Hash Batches": 1,"Peak Memory Usage": 29312,"Workers": [],"Plans": [{"Node Type": "Seq Scan","Parent Relationship": "Outer","Parallel Aware": true,"Async Capable": false,"Relation Name": "customer","Alias": "customer","Startup Cost": 0.00,"Total Cost": 4210.00,"Plan Rows": 62500,"Plan Width": 148,"Actual Startup Time": 0.028,"Actual Total Time": 27.532,"Actual Rows": 37500,"Actual Loops": 4,"Workers": []}]}]},{"Node Type": "Hash","Parent Relationship": "Inner","Parallel Aware": false,"Async Capable": false,"Startup Cost": 1.25,"Total Cost": 1.25,"Plan Rows": 25,"Plan Width": 108,"Actual Startup Time": 0.090,"Actual Total Time": 0.096,"Actual Rows": 25,"Actual Loops": 4,"Hash Buckets": 1024,"Original Hash Buckets": 1024,"Hash Batches": 1,"Original Hash Batches": 1,"Peak Memory Usage": 10,"Workers": [],"Plans": [{"Node Type": "Seq Scan","Parent Relationship": "Outer","Parallel Aware": false,"Async Capable": false,"Relation Name": "nation","Alias": "nation","Startup Cost": 0.00,"Total Cost": 1.25,"Plan Rows": 25,"Plan Width": 108,"Actual Startup Time": 0.058,"Actual Total Time": 0.065,"Actual Rows": 25,"Actual Loops": 4,"Workers": []}]}]}]}]}]},"Planning Time": 7.427,"Triggers": [],"Execution Time": 660.359}]
[{"Plan": {"Node Type": "Sort","Parallel Aware": false,"Async Capable": false,"Startup Cost": 130909.78,"Total Cost": 131050.70,"Plan Rows": 56371,"Plan Width": 280,"Actual Startup Time": 586.743,"Actual Total Time": 630.152,"Actual Rows": 38263,"Actual Loops": 1,"Sort Key": ["(sum((lineitem.l_extendedprice * ('1'::numeric - lineitem.l_discount)))) DESC"],"Sort Method": "quicksort","Sort Space Used": 9899,"Sort Space Type": "Memory","Plans": [{"Node Type": "Aggregate","Strategy": "Hashed","Partial Mode": "Simple","Parent Relationship": "Outer","Parallel Aware": false,"Async Capable": false,"Startup Cost": 125756.71,"Total Cost": 126461.35,"Plan Rows": 56371,"Plan Width": 280,"Actual Startup Time": 417.199,"Actual Total Time": 554.225,"Actual Rows": 38263,"Actual Loops": 1,"Group Key": ["customer.c_custkey", "nation.n_name"],"Planned Partitions": 0,"HashAgg Batches": 1,"Peak Memory Usage": 26129,"Disk Usage": 0,"Plans": [{"Node Type": "Gather","Parent Relationship": "Outer","Parallel Aware": false,"Async Capable": false,"Startup Cost": 6784.43,"Total Cost": 125052.08,"Plan Rows": 56371,"Plan Width": 260,"Actual Startup Time": 75.828,"Actual Total Time": 292.854,"Actual Rows": 114665,"Actual Loops": 1,"Workers Planned": 3,"Workers Launched": 3,"Single Copy": false,"Plans": [{"Node Type": "Hash Join","Parent Relationship": "Outer","Parallel Aware": false,"Async Capable": false,"Join Type": "Inner","Startup Cost": 5784.43,"Total Cost": 118414.98,"Plan Rows": 18184,"Plan Width": 260,"Actual Startup Time": 68.693,"Actual Total Time": 360.677,"Actual Rows": 28666,"Actual Loops": 4,"Inner Unique": true,"Hash Cond": "(customer.c_nationkey = nation.n_nationkey)","Workers": [],"Plans": [{"Node Type": "Hash Join","Parent Relationship": "Outer","Parallel Aware": true,"Async Capable": false,"Join Type": "Inner","Startup Cost": 5782.87,"Total Cost": 118357.59,"Plan Rows": 18184,"Plan Width": 160,"Actual Startup Time": 68.338,"Actual Total Time": 351.919,"Actual Rows": 28666,"Actual Loops": 4,"Inner Unique": true,"Hash Cond": "(orders.o_custkey = customer.c_custkey)","Workers": [],"Plans": [{"Node Type": "Nested Loop","Parent Relationship": "Outer","Parallel Aware": false,"Async Capable": false,"Join Type": "Inner","Startup Cost": 791.62,"Total Cost": 113318.61,"Plan Rows": 18184,"Plan Width": 16,"Actual Startup Time": 13.513,"Actual Total Time": 254.371,"Actual Rows": 28666,"Actual Loops": 4,"Inner Unique": false,"Workers": [],"Plans": [{"Node Type": "Bitmap Heap Scan","Parent Relationship": "Outer","Parallel Aware": true,"Async Capable": false,"Relation Name": "orders","Alias": "orders","Startup Cost": 791.19,"Total Cost": 27163.18,"Plan Rows": 18466,"Plan Width": 8,"Actual Startup Time": 13.445,"Actual Total Time": 71.425,"Actual Rows": 14346,"Actual Loops": 4,"Recheck Cond": "((o_orderdate >= '1994-07-01'::date) AND (o_orderdate < '1994-10-01 00:00:00'::timestamp without time zone))","Rows Removed by Index Recheck": 0,"Exact Heap Blocks": 3489,"Lossy Heap Blocks": 0,"Workers": [],"Plans": [{"Node Type": "Bitmap Index Scan","Parent Relationship": "Outer","Parallel Aware": false,"Async Capable": false,"Index Name": "idx_orders_orderdate","Startup Cost": 0.00,"Total Cost": 776.88,"Plan Rows": 57245,"Plan Width": 0,"Actual Startup Time": 10.310,"Actual Total Time": 10.312,"Actual Rows": 57384,"Actual Loops": 1,"Index Cond": "((o_orderdate >= '1994-07-01'::date) AND (o_orderdate < '1994-10-01 00:00:00'::timestamp without time zone))","Workers": []}]},{"Node Type": "Index Scan","Parent Relationship": "Inner","Parallel Aware": false,"Async Capable": false,"Scan Direction": "Forward","Index Name": "idx_lineitem_orderkey","Relation Name": "lineitem","Alias": "lineitem","Startup Cost": 0.43,"Total Cost": 4.63,"Plan Rows": 4,"Plan Width": 16,"Actual Startup Time": 0.010,"Actual Total Time": 0.012,"Actual Rows": 2,"Actual Loops": 57384,"Index Cond": "(l_orderkey = orders.o_orderkey)","Rows Removed by Index Recheck": 0,"Filter": "(l_returnflag = 'R'::bpchar)","Rows Removed by Filter": 2,"Workers": []}]},{"Node Type": "Hash","Parent Relationship": "Inner","Parallel Aware": true,"Async Capable": false,"Startup Cost": 4210.00,"Total Cost": 4210.00,"Plan Rows": 62500,"Plan Width": 148,"Actual Startup Time": 54.206,"Actual Total Time": 54.213,"Actual Rows": 37500,"Actual Loops": 4,"Hash Buckets": 262144,"Original Hash Buckets": 262144,"Hash Batches": 1,"Original Hash Batches": 1,"Peak Memory Usage": 29312,"Workers": [],"Plans": [{"Node Type": "Seq Scan","Parent Relationship": "Outer","Parallel Aware": true,"Async Capable": false,"Relation Name": "customer","Alias": "customer","Startup Cost": 0.00,"Total Cost": 4210.00,"Plan Rows": 62500,"Plan Width": 148,"Actual Startup Time": 0.020,"Actual Total Time": 23.974,"Actual Rows": 37500,"Actual Loops": 4,"Workers": []}]}]},{"Node Type": "Hash","Parent Relationship": "Inner","Parallel Aware": false,"Async Capable": false,"Startup Cost": 1.25,"Total Cost": 1.25,"Plan Rows": 25,"Plan Width": 108,"Actual Startup Time": 0.080,"Actual Total Time": 0.085,"Actual Rows": 25,"Actual Loops": 4,"Hash Buckets": 1024,"Original Hash Buckets": 1024,"Hash Batches": 1,"Original Hash Batches": 1,"Peak Memory Usage": 10,"Workers": [],"Plans": [{"Node Type": "Seq Scan","Parent Relationship": "Outer","Parallel Aware": false,"Async Capable": false,"Relation Name": "nation","Alias": "nation","Startup Cost": 0.00,"Total Cost": 1.25,"Plan Rows": 25,"Plan Width": 108,"Actual Startup Time": 0.053,"Actual Total Time": 0.059,"Actual Rows": 25,"Actual Loops": 4,"Workers": []}]}]}]}]}]},"Planning Time": 7.471,"Triggers": [],"Execution Time": 636.412}]
[{"Plan": {"Node Type": "Sort","Parallel Aware": false,"Async Capable": false,"Startup Cost": 128992.79,"Total Cost": 129130.12,"Plan Rows": 54934,"Plan Width": 280,"Actual Startup Time": 576.704,"Actual Total Time": 617.888,"Actual Rows": 37047,"Actual Loops": 1,"Sort Key": ["(sum((lineitem.l_extendedprice * ('1'::numeric - lineitem.l_discount)))) DESC"],"Sort Method": "quicksort","Sort Space Used": 9638,"Sort Space Type": "Memory","Plans": [{"Node Type": "Aggregate","Strategy": "Hashed","Partial Mode": "Simple","Parent Relationship": "Outer","Parallel Aware": false,"Async Capable": false,"Startup Cost": 123981.32,"Total Cost": 124668.00,"Plan Rows": 54934,"Plan Width": 280,"Actual Startup Time": 405.696,"Actual Total Time": 547.631,"Actual Rows": 37047,"Actual Loops": 1,"Group Key": ["customer.c_custkey", "nation.n_name"],"Planned Partitions": 0,"HashAgg Batches": 1,"Peak Memory Usage": 26129,"Disk Usage": 0,"Plans": [{"Node Type": "Gather","Parent Relationship": "Outer","Parallel Aware": false,"Async Capable": false,"Startup Cost": 6765.48,"Total Cost": 123294.65,"Plan Rows": 54934,"Plan Width": 260,"Actual Startup Time": 77.101,"Actual Total Time": 288.603,"Actual Rows": 110515,"Actual Loops": 1,"Workers Planned": 3,"Workers Launched": 3,"Single Copy": false,"Plans": [{"Node Type": "Hash Join","Parent Relationship": "Outer","Parallel Aware": false,"Async Capable": false,"Join Type": "Inner","Startup Cost": 5765.48,"Total Cost": 116801.25,"Plan Rows": 17721,"Plan Width": 260,"Actual Startup Time": 69.802,"Actual Total Time": 351.295,"Actual Rows": 27629,"Actual Loops": 4,"Inner Unique": true,"Hash Cond": "(customer.c_nationkey = nation.n_nationkey)","Workers": [],"Plans": [{"Node Type": "Nested Loop","Parent Relationship": "Outer","Parallel Aware": false,"Async Capable": false,"Join Type": "Inner","Startup Cost": 5763.92,"Total Cost": 116745.28,"Plan Rows": 17721,"Plan Width": 160,"Actual Startup Time": 69.448,"Actual Total Time": 342.448,"Actual Rows": 27629,"Actual Loops": 4,"Inner Unique": false,"Workers": [],"Plans": [{"Node Type": "Hash Join","Parent Relationship": "Outer","Parallel Aware": true,"Async Capable": false,"Join Type": "Inner","Startup Cost": 5763.48,"Total Cost": 32175.66,"Plan Rows": 17995,"Plan Width": 152,"Actual Startup Time": 69.393,"Actual Total Time": 167.356,"Actual Rows": 13816,"Actual Loops": 4,"Inner Unique": true,"Hash Cond": "(orders.o_custkey = customer.c_custkey)","Workers": [],"Plans": [{"Node Type": "Bitmap Heap Scan","Parent Relationship": "Outer","Parallel Aware": true,"Async Capable": false,"Relation Name": "orders","Alias": "orders","Startup Cost": 772.23,"Total Cost": 27137.17,"Plan Rows": 17996,"Plan Width": 8,"Actual Startup Time": 13.220,"Actual Total Time": 67.142,"Actual Rows": 13816,"Actual Loops": 4,"Recheck Cond": "((o_orderdate >= '1993-02-01'::date) AND (o_orderdate < '1993-05-01 00:00:00'::timestamp without time zone))","Rows Removed by Index Recheck": 0,"Exact Heap Blocks": 3458,"Lossy Heap Blocks": 0,"Workers": [],"Plans": [{"Node Type": "Bitmap Index Scan","Parent Relationship": "Outer","Parallel Aware": false,"Async Capable": false,"Index Name": "idx_orders_orderdate","Startup Cost": 0.00,"Total Cost": 758.29,"Plan Rows": 55786,"Plan Width": 0,"Actual Startup Time": 10.104,"Actual Total Time": 10.109,"Actual Rows": 55266,"Actual Loops": 1,"Index Cond": "((o_orderdate >= '1993-02-01'::date) AND (o_orderdate < '1993-05-01 00:00:00'::timestamp without time zone))","Workers": []}]},{"Node Type": "Hash","Parent Relationship": "Inner","Parallel Aware": true,"Async Capable": false,"Startup Cost": 4210.00,"Total Cost": 4210.00,"Plan Rows": 62500,"Plan Width": 148,"Actual Startup Time": 55.605,"Actual Total Time": 55.613,"Actual Rows": 37500,"Actual Loops": 4,"Hash Buckets": 262144,"Original Hash Buckets": 262144,"Hash Batches": 1,"Original Hash Batches": 1,"Peak Memory Usage": 29312,"Workers": [],"Plans": [{"Node Type": "Seq Scan","Parent Relationship": "Outer","Parallel Aware": true,"Async Capable": false,"Relation Name": "customer","Alias": "customer","Startup Cost": 0.00,"Total Cost": 4210.00,"Plan Rows": 62500,"Plan Width": 148,"Actual Startup Time": 0.022,"Actual Total Time": 25.460,"Actual Rows": 37500,"Actual Loops": 4,"Workers": []}]}]},{"Node Type": "Index Scan","Parent Relationship": "Inner","Parallel Aware": false,"Async Capable": false,"Scan Direction": "Forward","Index Name": "idx_lineitem_orderkey","Relation Name": "lineitem","Alias": "lineitem","Startup Cost": 0.43,"Total Cost": 4.66,"Plan Rows": 4,"Plan Width": 16,"Actual Startup Time": 0.010,"Actual Total Time": 0.012,"Actual Rows": 2,"Actual Loops": 55266,"Index Cond": "(l_orderkey = orders.o_orderkey)","Rows Removed by Index Recheck": 0,"Filter": "(l_returnflag = 'R'::bpchar)","Rows Removed by Filter": 2,"Workers": []}]},{"Node Type": "Hash","Parent Relationship": "Inner","Parallel Aware": false,"Async Capable": false,"Startup Cost": 1.25,"Total Cost": 1.25,"Plan Rows": 25,"Plan Width": 108,"Actual Startup Time": 0.078,"Actual Total Time": 0.083,"Actual Rows": 25,"Actual Loops": 4,"Hash Buckets": 1024,"Original Hash Buckets": 1024,"Hash Batches": 1,"Original Hash Batches": 1,"Peak Memory Usage": 10,"Workers": [],"Plans": [{"Node Type": "Seq Scan","Parent Relationship": "Outer","Parallel Aware": false,"Async Capable": false,"Relation Name": "nation","Alias": "nation","Startup Cost": 0.00,"Total Cost": 1.25,"Plan Rows": 25,"Plan Width": 108,"Actual Startup Time": 0.053,"Actual Total Time": 0.057,"Actual Rows": 25,"Actual Loops": 4,"Workers": []}]}]}]}]}]},"Planning Time": 7.802,"Triggers": [],"Execution Time": 623.390}]
[{"Plan": {"Node Type": "Sort","Parallel Aware": false,"Async Capable": false,"Startup Cost": 132293.09,"Total Cost": 132436.61,"Plan Rows": 57411,"Plan Width": 280,"Actual Startup Time": 612.013,"Actual Total Time": 652.224,"Actual Rows": 37922,"Actual Loops": 1,"Sort Key": ["(sum((lineitem.l_extendedprice * ('1'::numeric - lineitem.l_discount)))) DESC"],"Sort Method": "quicksort","Sort Space Used": 9827,"Sort Space Type": "Memory","Plans": [{"Node Type": "Aggregate","Strategy": "Hashed","Partial Mode": "Simple","Parent Relationship": "Outer","Parallel Aware": false,"Async Capable": false,"Startup Cost": 127037.38,"Total Cost": 127755.02,"Plan Rows": 57411,"Plan Width": 280,"Actual Startup Time": 427.597,"Actual Total Time": 578.840,"Actual Rows": 37922,"Actual Loops": 1,"Group Key": ["customer.c_custkey", "nation.n_name"],"Planned Partitions": 0,"HashAgg Batches": 1,"Peak Memory Usage": 26129,"Disk Usage": 0,"Plans": [{"Node Type": "Gather","Parent Relationship": "Outer","Parallel Aware": false,"Async Capable": false,"Startup Cost": 6799.26,"Total Cost": 126319.75,"Plan Rows": 57411,"Plan Width": 260,"Actual Startup Time": 84.985,"Actual Total Time": 295.027,"Actual Rows": 114929,"Actual Loops": 1,"Workers Planned": 3,"Workers Launched": 3,"Single Copy": false,"Plans": [{"Node Type": "Hash Join","Parent Relationship": "Outer","Parallel Aware": false,"Async Capable": false,"Join Type": "Inner","Startup Cost": 5799.26,"Total Cost": 119578.65,"Plan Rows": 18520,"Plan Width": 260,"Actual Startup Time": 77.490,"Actual Total Time": 369.817,"Actual Rows": 28732,"Actual Loops": 4,"Inner Unique": true,"Hash Cond": "(customer.c_nationkey = nation.n_nationkey)","Workers": [],"Plans": [{"Node Type": "Hash Join","Parent Relationship": "Outer","Parallel Aware": true,"Async Capable": false,"Join Type": "Inner","Startup Cost": 5797.70,"Total Cost": 119520.23,"Plan Rows": 18520,"Plan Width": 160,"Actual Startup Time": 77.066,"Actual Total Time": 360.808,"Actual Rows": 28732,"Actual Loops": 4,"Inner Unique": true,"Hash Cond": "(orders.o_custkey = customer.c_custkey)","Workers": [],"Plans": [{"Node Type": "Nested Loop","Parent Relationship": "Outer","Parallel Aware": false,"Async Capable": false,"Join Type": "Inner","Startup Cost": 806.45,"Total Cost": 114480.36,"Plan Rows": 18520,"Plan Width": 16,"Actual Startup Time": 13.430,"Actual Total Time": 255.437,"Actual Rows": 28732,"Actual Loops": 4,"Inner Unique": false,"Workers": [],"Plans": [{"Node Type": "Bitmap Heap Scan","Parent Relationship": "Outer","Parallel Aware": true,"Async Capable": false,"Relation Name": "orders","Alias": "orders","Startup Cost": 806.01,"Total Cost": 27183.11,"Plan Rows": 18807,"Plan Width": 8,"Actual Startup Time": 13.367,"Actual Total Time": 72.208,"Actual Rows": 14355,"Actual Loops": 4,"Recheck Cond": "((o_orderdate >= '1994-03-01'::date) AND (o_orderdate < '1994-06-01 00:00:00'::timestamp without time zone))","Rows Removed by Index Recheck": 0,"Exact Heap Blocks": 3712,"Lossy Heap Blocks": 0,"Workers": [],"Plans": [{"Node Type": "Bitmap Index Scan","Parent Relationship": "Outer","Parallel Aware": false,"Async Capable": false,"Index Name": "idx_orders_orderdate","Startup Cost": 0.00,"Total Cost": 791.44,"Plan Rows": 58301,"Plan Width": 0,"Actual Startup Time": 10.180,"Actual Total Time": 10.183,"Actual Rows": 57420,"Actual Loops": 1,"Index Cond": "((o_orderdate >= '1994-03-01'::date) AND (o_orderdate < '1994-06-01 00:00:00'::timestamp without time zone))","Workers": []}]},{"Node Type": "Index Scan","Parent Relationship": "Inner","Parallel Aware": false,"Async Capable": false,"Scan Direction": "Forward","Index Name": "idx_lineitem_orderkey","Relation Name": "lineitem","Alias": "lineitem","Startup Cost": 0.43,"Total Cost": 4.60,"Plan Rows": 4,"Plan Width": 16,"Actual Startup Time": 0.010,"Actual Total Time": 0.012,"Actual Rows": 2,"Actual Loops": 57420,"Index Cond": "(l_orderkey = orders.o_orderkey)","Rows Removed by Index Recheck": 0,"Filter": "(l_returnflag = 'R'::bpchar)","Rows Removed by Filter": 2,"Workers": []}]},{"Node Type": "Hash","Parent Relationship": "Inner","Parallel Aware": true,"Async Capable": false,"Startup Cost": 4210.00,"Total Cost": 4210.00,"Plan Rows": 62500,"Plan Width": 148,"Actual Startup Time": 63.095,"Actual Total Time": 63.101,"Actual Rows": 37500,"Actual Loops": 4,"Hash Buckets": 262144,"Original Hash Buckets": 262144,"Hash Batches": 1,"Original Hash Batches": 1,"Peak Memory Usage": 29280,"Workers": [],"Plans": [{"Node Type": "Seq Scan","Parent Relationship": "Outer","Parallel Aware": true,"Async Capable": false,"Relation Name": "customer","Alias": "customer","Startup Cost": 0.00,"Total Cost": 4210.00,"Plan Rows": 62500,"Plan Width": 148,"Actual Startup Time": 0.041,"Actual Total Time": 28.071,"Actual Rows": 37500,"Actual Loops": 4,"Workers": []}]}]},{"Node Type": "Hash","Parent Relationship": "Inner","Parallel Aware": false,"Async Capable": false,"Startup Cost": 1.25,"Total Cost": 1.25,"Plan Rows": 25,"Plan Width": 108,"Actual Startup Time": 0.097,"Actual Total Time": 0.101,"Actual Rows": 25,"Actual Loops": 4,"Hash Buckets": 1024,"Original Hash Buckets": 1024,"Hash Batches": 1,"Original Hash Batches": 1,"Peak Memory Usage": 10,"Workers": [],"Plans": [{"Node Type": "Seq Scan","Parent Relationship": "Outer","Parallel Aware": false,"Async Capable": false,"Relation Name": "nation","Alias": "nation","Startup Cost": 0.00,"Total Cost": 1.25,"Plan Rows": 25,"Plan Width": 108,"Actual Startup Time": 0.065,"Actual Total Time": 0.071,"Actual Rows": 25,"Actual Loops": 4,"Workers": []}]}]}]}]}]},"Planning Time": 6.342,"Triggers": [],"Execution Time": 656.718}]
[{"Plan": {"Node Type": "Sort","Parallel Aware": false,"Async Capable": false,"Startup Cost": 135821.55,"Total Cost": 135971.77,"Plan Rows": 60088,"Plan Width": 280,"Actual Startup Time": 612.241,"Actual Total Time": 654.721,"Actual Rows": 38271,"Actual Loops": 1,"Sort Key": ["(sum((lineitem.l_extendedprice * ('1'::numeric - lineitem.l_discount)))) DESC"],"Sort Method": "quicksort","Sort Space Used": 9908,"Sort Space Type": "Memory","Plans": [{"Node Type": "Aggregate","Strategy": "Hashed","Partial Mode": "Simple","Parent Relationship": "Outer","Parallel Aware": false,"Async Capable": false,"Startup Cost": 130301.02,"Total Cost": 131052.12,"Plan Rows": 60088,"Plan Width": 280,"Actual Startup Time": 429.301,"Actual Total Time": 581.634,"Actual Rows": 38271,"Actual Loops": 1,"Group Key": ["customer.c_custkey", "nation.n_name"],"Planned Partitions": 0,"HashAgg Batches": 1,"Peak Memory Usage": 27665,"Disk Usage": 0,"Plans": [{"Node Type": "Gather","Parent Relationship": "Outer","Parallel Aware": false,"Async Capable": false,"Startup Cost": 6839.13,"Total Cost": 129549.92,"Plan Rows": 60088,"Plan Width": 260,"Actual Startup Time": 85.611,"Actual Total Time": 294.175,"Actual Rows": 115282,"Actual Loops": 1,"Workers Planned": 3,"Workers Launched": 3,"Single Copy": false,"Plans": [{"Node Type": "Hash Join","Parent Relationship": "Outer","Parallel Aware": false,"Async Capable": false,"Join Type": "Inner","Startup Cost": 5839.13,"Total Cost": 122541.12,"Plan Rows": 19383,"Plan Width": 260,"Actual Startup Time": 78.447,"Actual Total Time": 371.364,"Actual Rows": 28820,"Actual Loops": 4,"Inner Unique": true,"Hash Cond": "(customer.c_nationkey = nation.n_nationkey)","Workers": [],"Plans": [{"Node Type": "Hash Join","Parent Relationship": "Outer","Parallel Aware": true,"Async Capable": false,"Join Type": "Inner","Startup Cost": 5837.56,"Total Cost": 122480.06,"Plan Rows": 19383,"Plan Width": 160,"Actual Startup Time": 78.051,"Actual Total Time": 362.469,"Actual Rows": 28820,"Actual Loops": 4,"Inner Unique": true,"Hash Cond": "(orders.o_custkey = customer.c_custkey)","Workers": [],"Plans": [{"Node Type": "Nested Loop","Parent Relationship": "Outer","Parallel Aware": false,"Async Capable": false,"Join Type": "Inner","Startup Cost": 846.31,"Total Cost": 117437.93,"Plan Rows": 19383,"Plan Width": 16,"Actual Startup Time": 13.660,"Actual Total Time": 255.763,"Actual Rows": 28820,"Actual Loops": 4,"Inner Unique": false,"Workers": [],"Plans": [{"Node Type": "Bitmap Heap Scan","Parent Relationship": "Outer","Parallel Aware": true,"Async Capable": false,"Relation Name": "orders","Alias": "orders","Startup Cost": 845.88,"Total Cost": 27236.14,"Plan Rows": 19684,"Plan Width": 8,"Actual Startup Time": 13.594,"Actual Total Time": 71.334,"Actual Rows": 14421,"Actual Loops": 4,"Recheck Cond": "((o_orderdate >= '1994-11-01'::date) AND (o_orderdate < '1995-02-01 00:00:00'::timestamp without time zone))","Rows Removed by Index Recheck": 0,"Exact Heap Blocks": 3552,"Lossy Heap Blocks": 0,"Workers": [],"Plans": [{"Node Type": "Bitmap Index Scan","Parent Relationship": "Outer","Parallel Aware": false,"Async Capable": false,"Index Name": "idx_orders_orderdate","Startup Cost": 0.00,"Total Cost": 830.63,"Plan Rows": 61020,"Plan Width": 0,"Actual Startup Time": 10.499,"Actual Total Time": 10.499,"Actual Rows": 57683,"Actual Loops": 1,"Index Cond": "((o_orderdate >= '1994-11-01'::date) AND (o_orderdate < '1995-02-01 00:00:00'::timestamp without time zone))","Workers": []}]},{"Node Type": "Index Scan","Parent Relationship": "Inner","Parallel Aware": false,"Async Capable": false,"Scan Direction": "Forward","Index Name": "idx_lineitem_orderkey","Relation Name": "lineitem","Alias": "lineitem","Startup Cost": 0.43,"Total Cost": 4.54,"Plan Rows": 4,"Plan Width": 16,"Actual Startup Time": 0.010,"Actual Total Time": 0.012,"Actual Rows": 2,"Actual Loops": 57683,"Index Cond": "(l_orderkey = orders.o_orderkey)","Rows Removed by Index Recheck": 0,"Filter": "(l_returnflag = 'R'::bpchar)","Rows Removed by Filter": 2,"Workers": []}]},{"Node Type": "Hash","Parent Relationship": "Inner","Parallel Aware": true,"Async Capable": false,"Startup Cost": 4210.00,"Total Cost": 4210.00,"Plan Rows": 62500,"Plan Width": 148,"Actual Startup Time": 63.847,"Actual Total Time": 63.854,"Actual Rows": 37500,"Actual Loops": 4,"Hash Buckets": 262144,"Original Hash Buckets": 262144,"Hash Batches": 1,"Original Hash Batches": 1,"Peak Memory Usage": 29312,"Workers": [],"Plans": [{"Node Type": "Seq Scan","Parent Relationship": "Outer","Parallel Aware": true,"Async Capable": false,"Relation Name": "customer","Alias": "customer","Startup Cost": 0.00,"Total Cost": 4210.00,"Plan Rows": 62500,"Plan Width": 148,"Actual Startup Time": 0.028,"Actual Total Time": 27.532,"Actual Rows": 37500,"Actual Loops": 4,"Workers": []}]}]},{"Node Type": "Hash","Parent Relationship": "Inner","Parallel Aware": false,"Async Capable": false,"Startup Cost": 1.25,"Total Cost": 1.25,"Plan Rows": 25,"Plan Width": 108,"Actual Startup Time": 0.090,"Actual Total Time": 0.096,"Actual Rows": 25,"Actual Loops": 4,"Hash Buckets": 1024,"Original Hash Buckets": 1024,"Hash Batches": 1,"Original Hash Batches": 1,"Peak Memory Usage": 10,"Workers": [],"Plans": [{"Node Type": "Seq Scan","Parent Relationship": "Outer","Parallel Aware": false,"Async Capable": false,"Relation Name": "nation","Alias": "nation","Startup Cost": 0.00,"Total Cost": 1.25,"Plan Rows": 25,"Plan Width": 108,"Actual Startup Time": 0.058,"Actual Total Time": 0.065,"Actual Rows": 25,"Actual Loops": 4,"Workers": []}]}]}]}]}]},"Planning Time": 7.427,"Triggers": [],"Execution Time": 660.359}]
[{"Plan": {"Node Type": "Sort","Parallel Aware": false,"Async Capable": false,"Startup Cost": 130505.43,"Total Cost": 130645.60,"Plan Rows": 56065,"Plan Width": 280,"Actual Startup Time": 601.513,"Actual Total Time": 641.580,"Actual Rows": 37018,"Actual Loops": 1,"Sort Key": ["(sum((lineitem.l_extendedprice * ('1'::numeric - lineitem.l_discount)))) DESC"],"Sort Method": "quicksort","Sort Space Used": 9627,"Sort Space Type": "Memory","Plans": [{"Node Type": "Aggregate","Strategy": "Hashed","Partial Mode": "Simple","Parent Relationship": "Outer","Parallel Aware": false,"Async Capable": false,"Startup Cost": 125382.55,"Total Cost": 126083.36,"Plan Rows": 56065,"Plan Width": 280,"Actual Startup Time": 416.495,"Actual Total Time": 572.420,"Actual Rows": 37018,"Actual Loops": 1,"Group Key": ["customer.c_custkey", "nation.n_name"],"Planned Partitions": 0,"HashAgg Batches": 1,"Peak Memory Usage": 26129,"Disk Usage": 0,"Plans": [{"Node Type": "Gather","Parent Relationship": "Outer","Parallel Aware": false,"Async Capable": false,"Startup Cost": 6781.25,"Total Cost": 124681.73,"Plan Rows": 56065,"Plan Width": 260,"Actual Startup Time": 81.623,"Actual Total Time": 288.921,"Actual Rows": 110603,"Actual Loops": 1,"Workers Planned": 3,"Workers Launched": 3,"Single Copy": false,"Plans": [{"Node Type": "Hash Join","Parent Relationship": "Outer","Parallel Aware": false,"Async Capable": false,"Join Type": "Inner","Startup Cost": 5781.25,"Total Cost": 118075.23,"Plan Rows": 18085,"Plan Width": 260,"Actual Startup Time": 74.243,"Actual Total Time": 359.851,"Actual Rows": 27651,"Actual Loops": 4,"Inner Unique": true,"Hash Cond": "(customer.c_nationkey = nation.n_nationkey)","Workers": [],"Plans": [{"Node Type": "Hash Join","Parent Relationship": "Outer","Parallel Aware": true,"Async Capable": false,"Join Type": "Inner","Startup Cost": 5779.68,"Total Cost": 118018.16,"Plan Rows": 18085,"Plan Width": 160,"Actual Startup Time": 73.807,"Actual Total Time": 350.724,"Actual Rows": 27651,"Actual Loops": 4,"Inner Unique": true,"Hash Cond": "(orders.o_custkey = customer.c_custkey)","Workers": [],"Plans": [{"Node Type": "Nested Loop","Parent Relationship": "Outer","Parallel Aware": false,"Async Capable": false,"Join Type": "Inner","Startup Cost": 788.43,"Total Cost": 112979.43,"Plan Rows": 18085,"Plan Width": 16,"Actual Startup Time": 13.351,"Actual Total Time": 248.674,"Actual Rows": 27651,"Actual Loops": 4,"Inner Unique": false,"Workers": [],"Plans": [{"Node Type": "Bitmap Heap Scan","Parent Relationship": "Outer","Parallel Aware": true,"Async Capable": false,"Relation Name": "orders","Alias": "orders","Startup Cost": 788.00,"Total Cost": 27158.49,"Plan Rows": 18366,"Plan Width": 8,"Actual Startup Time": 13.297,"Actual Total Time": 70.614,"Actual Rows": 13866,"Actual Loops": 4,"Recheck Cond": "((o_orderdate >= '1994-02-01'::date) AND (o_orderdate < '1994-05-01 00:00:00'::timestamp without time zone))","Rows Removed by Index Recheck": 0,"Exact Heap Blocks": 3619,"Lossy Heap Blocks": 0,"Workers": [],"Plans": [{"Node Type": "Bitmap Index Scan","Parent Relationship": "Outer","Parallel Aware": false,"Async Capable": false,"Index Name": "idx_orders_orderdate","Startup Cost": 0.00,"Total Cost": 773.77,"Plan Rows": 56934,"Plan Width": 0,"Actual Startup Time": 10.157,"Actual Total Time": 10.161,"Actual Rows": 55462,"Actual Loops": 1,"Index Cond": "((o_orderdate >= '1994-02-01'::date) AND (o_orderdate < '1994-05-01 00:00:00'::timestamp without time zone))","Workers": []}]},{"Node Type": "Index Scan","Parent Relationship": "Inner","Parallel Aware": false,"Async Capable": false,"Scan Direction": "Forward","Index Name": "idx_lineitem_orderkey","Relation Name": "lineitem","Alias": "lineitem","Startup Cost": 0.43,"Total Cost": 4.63,"Plan Rows": 4,"Plan Width": 16,"Actual Startup Time": 0.010,"Actual Total Time": 0.012,"Actual Rows": 2,"Actual Loops": 55462,"Index Cond": "(l_orderkey = orders.o_orderkey)","Rows Removed by Index Recheck": 0,"Filter": "(l_returnflag = 'R'::bpchar)","Rows Removed by Filter": 2,"Workers": []}]},{"Node Type": "Hash","Parent Relationship": "Inner","Parallel Aware": true,"Async Capable": false,"Startup Cost": 4210.00,"Total Cost": 4210.00,"Plan Rows": 62500,"Plan Width": 148,"Actual Startup Time": 59.812,"Actual Total Time": 59.817,"Actual Rows": 37500,"Actual Loops": 4,"Hash Buckets": 262144,"Original Hash Buckets": 262144,"Hash Batches": 1,"Original Hash Batches": 1,"Peak Memory Usage": 29344,"Workers": [],"Plans": [{"Node Type": "Seq Scan","Parent Relationship": "Outer","Parallel Aware": true,"Async Capable": false,"Relation Name": "customer","Alias": "customer","Startup Cost": 0.00,"Total Cost": 4210.00,"Plan Rows": 62500,"Plan Width": 148,"Actual Startup Time": 0.038,"Actual Total Time": 25.477,"Actual Rows": 37500,"Actual Loops": 4,"Workers": []}]}]},{"Node Type": "Hash","Parent Relationship": "Inner","Parallel Aware": false,"Async Capable": false,"Startup Cost": 1.25,"Total Cost": 1.25,"Plan Rows": 25,"Plan Width": 108,"Actual Startup Time": 0.111,"Actual Total Time": 0.116,"Actual Rows": 25,"Actual Loops": 4,"Hash Buckets": 1024,"Original Hash Buckets": 1024,"Hash Batches": 1,"Original Hash Batches": 1,"Peak Memory Usage": 10,"Workers": [],"Plans": [{"Node Type": "Seq Scan","Parent Relationship": "Outer","Parallel Aware": false,"Async Capable": false,"Relation Name": "nation","Alias": "nation","Startup Cost": 0.00,"Total Cost": 1.25,"Plan Rows": 25,"Plan Width": 108,"Actual Startup Time": 0.071,"Actual Total Time": 0.077,"Actual Rows": 25,"Actual Loops": 4,"Workers": []}]}]}]}]}]},"Planning Time": 7.387,"Triggers": [],"Execution Time": 645.928}]
[{"Plan": {"Node Type": "Sort","Parallel Aware": false,"Async Capable": false,"Startup Cost": 128172.02,"Total Cost": 128307.83,"Plan Rows": 54323,"Plan Width": 280,"Actual Startup Time": 580.875,"Actual Total Time": 621.555,"Actual Rows": 37633,"Actual Loops": 1,"Sort Key": ["(sum((lineitem.l_extendedprice * ('1'::numeric - lineitem.l_discount)))) DESC"],"Sort Method": "quicksort","Sort Space Used": 9771,"Sort Space Type": "Memory","Plans": [{"Node Type": "Aggregate","Strategy": "Hashed","Partial Mode": "Simple","Parent Relationship": "Outer","Parallel Aware": false,"Async Capable": false,"Startup Cost": 123220.68,"Total Cost": 123899.72,"Plan Rows": 54323,"Plan Width": 280,"Actual Startup Time": 405.186,"Actual Total Time": 549.451,"Actual Rows": 37633,"Actual Loops": 1,"Group Key": ["customer.c_custkey", "nation.n_name"],"Planned Partitions": 0,"HashAgg Batches": 1,"Peak Memory Usage": 26129,"Disk Usage": 0,"Plans": [{"Node Type": "Gather","Parent Relationship": "Outer","Parallel Aware": false,"Async Capable": false,"Startup Cost": 6755.11,"Total Cost": 122541.64,"Plan Rows": 54323,"Plan Width": 260,"Actual Startup Time": 76.087,"Actual Total Time": 280.080,"Actual Rows": 112740,"Actual Loops": 1,"Workers Planned": 3,"Workers Launched": 3,"Single Copy": false,"Plans": [{"Node Type": "Hash Join","Parent Relationship": "Outer","Parallel Aware": false,"Async Capable": false,"Join Type": "Inner","Startup Cost": 5755.11,"Total Cost": 116109.34,"Plan Rows": 17524,"Plan Width": 260,"Actual Startup Time": 69.042,"Actual Total Time": 350.531,"Actual Rows": 28185,"Actual Loops": 4,"Inner Unique": true,"Hash Cond": "(customer.c_nationkey = nation.n_nationkey)","Workers": [],"Plans": [{"Node Type": "Hash Join","Parent Relationship": "Outer","Parallel Aware": true,"Async Capable": false,"Join Type": "Inner","Startup Cost": 5753.55,"Total Cost": 116053.98,"Plan Rows": 17524,"Plan Width": 160,"Actual Startup Time": 68.729,"Actual Total Time": 342.552,"Actual Rows": 28185,"Actual Loops": 4,"Inner Unique": true,"Hash Cond": "(orders.o_custkey = customer.c_custkey)","Workers": [],"Plans": [{"Node Type": "Nested Loop","Parent Relationship": "Outer","Parallel Aware": false,"Async Capable": false,"Join Type": "Inner","Startup Cost": 762.30,"Total Cost": 111016.73,"Plan Rows": 17524,"Plan Width": 16,"Actual Startup Time": 13.194,"Actual Total Time": 245.701,"Actual Rows": 28185,"Actual Loops": 4,"Inner Unique": false,"Workers": [],"Plans": [{"Node Type": "Bitmap Heap Scan","Parent Relationship": "Outer","Parallel Aware": true,"Async Capable": false,"Relation Name": "orders","Alias": "orders","Startup Cost": 761.87,"Total Cost": 27123.80,"Plan Rows": 17795,"Plan Width": 8,"Actual Startup Time": 13.139,"Actual Total Time": 70.147,"Actual Rows": 14108,"Actual Loops": 4,"Recheck Cond": "((o_orderdate >= '1993-04-01'::date) AND (o_orderdate < '1993-07-01 00:00:00'::timestamp without time zone))","Rows Removed by Index Recheck": 0,"Exact Heap Blocks": 3504,"Lossy Heap Blocks": 0,"Workers": [],"Plans": [{"Node Type": "Bitmap Index Scan","Parent Relationship": "Outer","Parallel Aware": false,"Async Capable": false,"Index Name": "idx_orders_orderdate","Startup Cost": 0.00,"Total Cost": 748.08,"Plan Rows": 55165,"Plan Width": 0,"Actual Startup Time": 10.077,"Actual Total Time": 10.080,"Actual Rows": 56434,"Actual Loops": 1,"Index Cond": "((o_orderdate >= '1993-04-01'::date) AND (o_orderdate < '1993-07-01 00:00:00'::timestamp without time zone))","Workers": []}]},{"Node Type": "Index Scan","Parent Relationship": "Inner","Parallel Aware": false,"Async Capable": false,"Scan Direction": "Forward","Index Name": "idx_lineitem_orderkey","Relation Name": "lineitem","Alias": "lineitem","Startup Cost": 0.43,"Total Cost": 4.67,"Plan Rows": 4,"Plan Width": 16,"Actual Startup Time": 0.010,"Actual Total Time": 0.012,"Actual Rows": 2,"Actual Loops": 56434,"Index Cond": "(l_orderkey = orders.o_orderkey)","Rows Removed by Index Recheck": 0,"Filter": "(l_returnflag = 'R'::bpchar)","Rows Removed by Filter": 2,"Workers": []}]},{"Node Type": "Hash","Parent Relationship": "Inner","Parallel Aware": true,"Async Capable": false,"Startup Cost": 4210.00,"Total Cost": 4210.00,"Plan Rows": 62500,"Plan Width": 148,"Actual Startup Time": 54.995,"Actual Total Time": 55.002,"Actual Rows": 37500,"Actual Loops": 4,"Hash Buckets": 262144,"Original Hash Buckets": 262144,"Hash Batches": 1,"Original Hash Batches": 1,"Peak Memory Usage": 29312,"Workers": [],"Plans": [{"Node Type": "Seq Scan","Parent Relationship": "Outer","Parallel Aware": true,"Async Capable": false,"Relation Name": "customer","Alias": "customer","Startup Cost": 0.00,"Total Cost": 4210.00,"Plan Rows": 62500,"Plan Width": 148,"Actual Startup Time": 0.020,"Actual Total Time": 23.497,"Actual Rows": 37500,"Actual Loops": 4,"Workers": []}]}]},{"Node Type": "Hash","Parent Relationship": "Inner","Parallel Aware": false,"Async Capable": false,"Startup Cost": 1.25,"Total Cost": 1.25,"Plan Rows": 25,"Plan Width": 108,"Actual Startup Time": 0.072,"Actual Total Time": 0.079,"Actual Rows": 25,"Actual Loops": 4,"Hash Buckets": 1024,"Original Hash Buckets": 1024,"Hash Batches": 1,"Original Hash Batches": 1,"Peak Memory Usage": 10,"Workers": [],"Plans": [{"Node Type": "Seq Scan","Parent Relationship": "Outer","Parallel Aware": false,"Async Capable": false,"Relation Name": "nation","Alias": "nation","Startup Cost": 0.00,"Total Cost": 1.25,"Plan Rows": 25,"Plan Width": 108,"Actual Startup Time": 0.049,"Actual Total Time": 0.055,"Actual Rows": 25,"Actual Loops": 4,"Workers": []}]}]}]}]}]},"Planning Time": 7.486,"Triggers": [],"Execution Time": 627.374}]
[{"Plan": {"Node Type": "Sort","Parallel Aware": false,"Async Capable": false,"Startup Cost": 129285.16,"Total Cost": 129423.04,"Plan Rows": 55152,"Plan Width": 280,"Actual Startup Time": 594.195,"Actual Total Time": 635.058,"Actual Rows": 37857,"Actual Loops": 1,"Sort Key": ["(sum((lineitem.l_extendedprice * ('1'::numeric - lineitem.l_discount)))) DESC"],"Sort Method": "quicksort","Sort Space Used": 9823,"Sort Space Type": "Memory","Plans": [{"Node Type": "Aggregate","Strategy": "Hashed","Partial Mode": "Simple","Parent Relationship": "Outer","Parallel Aware": false,"Async Capable": false,"Startup Cost": 124252.23,"Total Cost": 124941.63,"Plan Rows": 55152,"Plan Width": 280,"Actual Startup Time": 414.188,"Actual Total Time": 557.916,"Actual Rows": 37857,"Actual Loops": 1,"Group Key": ["customer.c_custkey", "nation.n_name"],"Planned Partitions": 0,"HashAgg Batches": 1,"Peak Memory Usage": 26129,"Disk Usage": 0,"Plans": [{"Node Type": "Gather","Parent Relationship": "Outer","Parallel Aware": false,"Async Capable": false,"Startup Cost": 6767.74,"Total Cost": 123562.83,"Plan Rows": 55152,"Plan Width": 260,"Actual Startup Time": 77.793,"Actual Total Time": 289.359,"Actual Rows": 114326,"Actual Loops": 1,"Workers Planned": 3,"Workers Launched": 3,"Single Copy": false,"Plans": [{"Node Type": "Hash Join","Parent Relationship": "Outer","Parallel Aware": false,"Async Capable": false,"Join Type": "Inner","Startup Cost": 5767.74,"Total Cost": 117047.63,"Plan Rows": 17791,"Plan Width": 260,"Actual Startup Time": 70.168,"Actual Total Time": 358.948,"Actual Rows": 28582,"Actual Loops": 4,"Inner Unique": true,"Hash Cond": "(customer.c_nationkey = nation.n_nationkey)","Workers": [],"Plans": [{"Node Type": "Hash Join","Parent Relationship": "Outer","Parallel Aware": true,"Async Capable": false,"Join Type": "Inner","Startup Cost": 5766.18,"Total Cost": 116991.45,"Plan Rows": 17791,"Plan Width": 160,"Actual Startup Time": 69.698,"Actual Total Time": 349.487,"Actual Rows": 28582,"Actual Loops": 4,"Inner Unique": true,"Hash Cond": "(orders.o_custkey = customer.c_custkey)","Workers": [],"Plans": [{"Node Type": "Nested Loop","Parent Relationship": "Outer","Parallel Aware": false,"Async Capable": false,"Join Type": "Inner","Startup Cost": 774.93,"Total Cost": 111953.49,"Plan Rows": 17791,"Plan Width": 16,"Actual Startup Time": 12.978,"Actual Total Time": 249.911,"Actual Rows": 28582,"Actual Loops": 4,"Inner Unique": false,"Workers": [],"Plans": [{"Node Type": "Bitmap Heap Scan","Parent Relationship": "Outer","Parallel Aware": true,"Async Capable": false,"Relation Name": "orders","Alias": "orders","Startup Cost": 774.50,"Total Cost": 27140.50,"Plan Rows": 18067,"Plan Width": 8,"Actual Startup Time": 12.915,"Actual Total Time": 70.510,"Actual Rows": 14320,"Actual Loops": 4,"Recheck Cond": "((o_orderdate >= '1993-06-01'::date) AND (o_orderdate < '1993-09-01 00:00:00'::timestamp without time zone))","Rows Removed by Index Recheck": 0,"Exact Heap Blocks": 3550,"Lossy Heap Blocks": 0,"Workers": [],"Plans": [{"Node Type": "Bitmap Index Scan","Parent Relationship": "Outer","Parallel Aware": false,"Async Capable": false,"Index Name": "idx_orders_orderdate","Startup Cost": 0.00,"Total Cost": 760.50,"Plan Rows": 56007,"Plan Width": 0,"Actual Startup Time": 9.843,"Actual Total Time": 9.846,"Actual Rows": 57280,"Actual Loops": 1,"Index Cond": "((o_orderdate >= '1993-06-01'::date) AND (o_orderdate < '1993-09-01 00:00:00'::timestamp without time zone))","Workers": []}]},{"Node Type": "Index Scan","Parent Relationship": "Inner","Parallel Aware": false,"Async Capable": false,"Scan Direction": "Forward","Index Name": "idx_lineitem_orderkey","Relation Name": "lineitem","Alias": "lineitem","Startup Cost": 0.43,"Total Cost": 4.65,"Plan Rows": 4,"Plan Width": 16,"Actual Startup Time": 0.010,"Actual Total Time": 0.012,"Actual Rows": 2,"Actual Loops": 57280,"Index Cond": "(l_orderkey = orders.o_orderkey)","Rows Removed by Index Recheck": 0,"Filter": "(l_returnflag = 'R'::bpchar)","Rows Removed by Filter": 2,"Workers": []}]},{"Node Type": "Hash","Parent Relationship": "Inner","Parallel Aware": true,"Async Capable": false,"Startup Cost": 4210.00,"Total Cost": 4210.00,"Plan Rows": 62500,"Plan Width": 148,"Actual Startup Time": 56.151,"Actual Total Time": 56.157,"Actual Rows": 37500,"Actual Loops": 4,"Hash Buckets": 262144,"Original Hash Buckets": 262144,"Hash Batches": 1,"Original Hash Batches": 1,"Peak Memory Usage": 29312,"Workers": [],"Plans": [{"Node Type": "Seq Scan","Parent Relationship": "Outer","Parallel Aware": true,"Async Capable": false,"Relation Name": "customer","Alias": "customer","Startup Cost": 0.00,"Total Cost": 4210.00,"Plan Rows": 62500,"Plan Width": 148,"Actual Startup Time": 0.028,"Actual Total Time": 26.217,"Actual Rows": 37500,"Actual Loops": 4,"Workers": []}]}]},{"Node Type": "Hash","Parent Relationship": "Inner","Parallel Aware": false,"Async Capable": false,"Startup Cost": 1.25,"Total Cost": 1.25,"Plan Rows": 25,"Plan Width": 108,"Actual Startup Time": 0.109,"Actual Total Time": 0.115,"Actual Rows": 25,"Actual Loops": 4,"Hash Buckets": 1024,"Original Hash Buckets": 1024,"Hash Batches": 1,"Original Hash Batches": 1,"Peak Memory Usage": 10,"Workers": [],"Plans": [{"Node Type": "Seq Scan","Parent Relationship": "Outer","Parallel Aware": false,"Async Capable": false,"Relation Name": "nation","Alias": "nation","Startup Cost": 0.00,"Total Cost": 1.25,"Plan Rows": 25,"Plan Width": 108,"Actual Startup Time": 0.076,"Actual Total Time": 0.083,"Actual Rows": 25,"Actual Loops": 4,"Workers": []}]}]}]}]}]},"Planning Time": 6.852,"Triggers": [],"Execution Time": 641.259}]
[{"Plan": {"Node Type": "Sort","Parallel Aware": false,"Async Capable": false,"Startup Cost": 132166.82,"Total Cost": 132310.11,"Plan Rows": 57318,"Plan Width": 280,"Actual Startup Time": 590.000,"Actual Total Time": 630.537,"Actual Rows": 37972,"Actual Loops": 1,"Sort Key": ["(sum((lineitem.l_extendedprice * ('1'::numeric - lineitem.l_discount)))) DESC"],"Sort Method": "quicksort","Sort Space Used": 9843,"Sort Space Type": "Memory","Plans": [{"Node Type": "Aggregate","Strategy": "Hashed","Partial Mode": "Simple","Parent Relationship": "Outer","Parallel Aware": false,"Async Capable": false,"Startup Cost": 126920.30,"Total Cost": 127636.77,"Plan Rows": 57318,"Plan Width": 280,"Actual Startup Time": 413.108,"Actual Total Time": 556.129,"Actual Rows": 37972,"Actual Loops": 1,"Group Key": ["customer.c_custkey", "nation.n_name"],"Planned Partitions": 0,"HashAgg Batches": 1,"Peak Memory Usage": 26129,"Disk Usage": 0,"Plans": [{"Node Type": "Gather","Parent Relationship": "Outer","Parallel Aware": false,"Async Capable": false,"Startup Cost": 6798.29,"Total Cost": 126203.82,"Plan Rows": 57318,"Plan Width": 260,"Actual Startup Time": 77.619,"Actual Total Time": 286.194,"Actual Rows": 114459,"Actual Loops": 1,"Workers Planned": 3,"Workers Launched": 3,"Single Copy": false,"Plans": [{"Node Type": "Hash Join","Parent Relationship": "Outer","Parallel Aware": false,"Async Capable": false,"Join Type": "Inner","Startup Cost": 5798.29,"Total Cost": 119472.02,"Plan Rows": 18490,"Plan Width": 260,"Actual Startup Time": 70.122,"Actual Total Time": 358.029,"Actual Rows": 28615,"Actual Loops": 4,"Inner Unique": true,"Hash Cond": "(customer.c_nationkey = nation.n_nationkey)","Workers": [],"Plans": [{"Node Type": "Hash Join","Parent Relationship": "Outer","Parallel Aware": true,"Async Capable": false,"Join Type": "Inner","Startup Cost": 5796.73,"Total Cost": 119413.69,"Plan Rows": 18490,"Plan Width": 160,"Actual Startup Time": 69.815,"Actual Total Time": 349.575,"Actual Rows": 28615,"Actual Loops": 4,"Inner Unique": true,"Hash Cond": "(orders.o_custkey = customer.c_custkey)","Workers": [],"Plans": [{"Node Type": "Nested Loop","Parent Relationship": "Outer","Parallel Aware": false,"Async Capable": false,"Join Type": "Inner","Startup Cost": 805.48,"Total Cost": 114373.91,"Plan Rows": 18490,"Plan Width": 16,"Actual Startup Time": 13.081,"Actual Total Time": 249.954,"Actual Rows": 28615,"Actual Loops": 4,"Inner Unique": false,"Workers": [],"Plans": [{"Node Type": "Bitmap Heap Scan","Parent Relationship": "Outer","Parallel Aware": true,"Async Capable": false,"Relation Name": "orders","Alias": "orders","Startup Cost": 805.05,"Total Cost": 27181.70,"Plan Rows": 18776,"Plan Width": 8,"Actual Startup Time": 13.019,"Actual Total Time": 71.418,"Actual Rows": 14305,"Actual Loops": 4,"Recheck Cond": "((o_orderdate >= '1994-10-01'::date) AND (o_orderdate < '1995-01-01 00:00:00'::timestamp without time zone))","Rows Removed by Index Recheck": 0,"Exact Heap Blocks": 3518,"Lossy Heap Blocks": 0,"Workers": [],"Plans": [{"Node Type": "Bitmap Index Scan","Parent Relationship": "Outer","Parallel Aware": false,"Async Capable": false,"Index Name": "idx_orders_orderdate","Startup Cost": 0.00,"Total Cost": 790.50,"Plan Rows": 58207,"Plan Width": 0,"Actual Startup Time": 9.954,"Actual Total Time": 9.955,"Actual Rows": 57219,"Actual Loops": 1,"Index Cond": "((o_orderdate >= '1994-10-01'::date) AND (o_orderdate < '1995-01-01 00:00:00'::timestamp without time zone))","Workers": []}]},{"Node Type": "Index Scan","Parent Relationship": "Inner","Parallel Aware": false,"Async Capable": false,"Scan Direction": "Forward","Index Name": "idx_lineitem_orderkey","Relation Name": "lineitem","Alias": "lineitem","Startup Cost": 0.43,"Total Cost": 4.60,"Plan Rows": 4,"Plan Width": 16,"Actual Startup Time": 0.010,"Actual Total Time": 0.012,"Actual Rows": 2,"Actual Loops": 57219,"Index Cond": "(l_orderkey = orders.o_orderkey)","Rows Removed by Index Recheck": 0,"Filter": "(l_returnflag = 'R'::bpchar)","Rows Removed by Filter": 2,"Workers": []}]},{"Node Type": "Hash","Parent Relationship": "Inner","Parallel Aware": true,"Async Capable": false,"Startup Cost": 4210.00,"Total Cost": 4210.00,"Plan Rows": 62500,"Plan Width": 148,"Actual Startup Time": 56.184,"Actual Total Time": 56.192,"Actual Rows": 37500,"Actual Loops": 4,"Hash Buckets": 262144,"Original Hash Buckets": 262144,"Hash Batches": 1,"Original Hash Batches": 1,"Peak Memory Usage": 29344,"Workers": [],"Plans": [{"Node Type": "Seq Scan","Parent Relationship": "Outer","Parallel Aware": true,"Async Capable": false,"Relation Name": "customer","Alias": "customer","Startup Cost": 0.00,"Total Cost": 4210.00,"Plan Rows": 62500,"Plan Width": 148,"Actual Startup Time": 0.017,"Actual Total Time": 25.696,"Actual Rows": 37500,"Actual Loops": 4,"Workers": []}]}]},{"Node Type": "Hash","Parent Relationship": "Inner","Parallel Aware": false,"Async Capable": false,"Startup Cost": 1.25,"Total Cost": 1.25,"Plan Rows": 25,"Plan Width": 108,"Actual Startup Time": 0.071,"Actual Total Time": 0.075,"Actual Rows": 25,"Actual Loops": 4,"Hash Buckets": 1024,"Original Hash Buckets": 1024,"Hash Batches": 1,"Original Hash Batches": 1,"Peak Memory Usage": 10,"Workers": [],"Plans": [{"Node Type": "Seq Scan","Parent Relationship": "Outer","Parallel Aware": false,"Async Capable": false,"Relation Name": "nation","Alias": "nation","Startup Cost": 0.00,"Total Cost": 1.25,"Plan Rows": 25,"Plan Width": 108,"Actual Startup Time": 0.050,"Actual Total Time": 0.053,"Actual Rows": 25,"Actual Loops": 4,"Workers": []}]}]}]}]}]},"Planning Time": 7.724,"Triggers": [],"Execution Time": 636.921}]
[{"Plan": {"Node Type": "Sort","Parallel Aware": false,"Async Capable": false,"Startup Cost": 128172.02,"Total Cost": 128307.83,"Plan Rows": 54323,"Plan Width": 280,"Actual Startup Time": 580.875,"Actual Total Time": 621.555,"Actual Rows": 37633,"Actual Loops": 1,"Sort Key": ["(sum((lineitem.l_extendedprice * ('1'::numeric - lineitem.l_discount)))) DESC"],"Sort Method": "quicksort","Sort Space Used": 9771,"Sort Space Type": "Memory","Plans": [{"Node Type": "Aggregate","Strategy": "Hashed","Partial Mode": "Simple","Parent Relationship": "Outer","Parallel Aware": false,"Async Capable": false,"Startup Cost": 123220.68,"Total Cost": 123899.72,"Plan Rows": 54323,"Plan Width": 280,"Actual Startup Time": 405.186,"Actual Total Time": 549.451,"Actual Rows": 37633,"Actual Loops": 1,"Group Key": ["customer.c_custkey", "nation.n_name"],"Planned Partitions": 0,"HashAgg Batches": 1,"Peak Memory Usage": 26129,"Disk Usage": 0,"Plans": [{"Node Type": "Gather","Parent Relationship": "Outer","Parallel Aware": false,"Async Capable": false,"Startup Cost": 6755.11,"Total Cost": 122541.64,"Plan Rows": 54323,"Plan Width": 260,"Actual Startup Time": 76.087,"Actual Total Time": 280.080,"Actual Rows": 112740,"Actual Loops": 1,"Workers Planned": 3,"Workers Launched": 3,"Single Copy": false,"Plans": [{"Node Type": "Hash Join","Parent Relationship": "Outer","Parallel Aware": false,"Async Capable": false,"Join Type": "Inner","Startup Cost": 5755.11,"Total Cost": 116109.34,"Plan Rows": 17524,"Plan Width": 260,"Actual Startup Time": 69.042,"Actual Total Time": 350.531,"Actual Rows": 28185,"Actual Loops": 4,"Inner Unique": true,"Hash Cond": "(customer.c_nationkey = nation.n_nationkey)","Workers": [],"Plans": [{"Node Type": "Hash Join","Parent Relationship": "Outer","Parallel Aware": true,"Async Capable": false,"Join Type": "Inner","Startup Cost": 5753.55,"Total Cost": 116053.98,"Plan Rows": 17524,"Plan Width": 160,"Actual Startup Time": 68.729,"Actual Total Time": 342.552,"Actual Rows": 28185,"Actual Loops": 4,"Inner Unique": true,"Hash Cond": "(orders.o_custkey = customer.c_custkey)","Workers": [],"Plans": [{"Node Type": "Nested Loop","Parent Relationship": "Outer","Parallel Aware": false,"Async Capable": false,"Join Type": "Inner","Startup Cost": 762.30,"Total Cost": 111016.73,"Plan Rows": 17524,"Plan Width": 16,"Actual Startup Time": 13.194,"Actual Total Time": 245.701,"Actual Rows": 28185,"Actual Loops": 4,"Inner Unique": false,"Workers": [],"Plans": [{"Node Type": "Bitmap Heap Scan","Parent Relationship": "Outer","Parallel Aware": true,"Async Capable": false,"Relation Name": "orders","Alias": "orders","Startup Cost": 761.87,"Total Cost": 27123.80,"Plan Rows": 17795,"Plan Width": 8,"Actual Startup Time": 13.139,"Actual Total Time": 70.147,"Actual Rows": 14108,"Actual Loops": 4,"Recheck Cond": "((o_orderdate >= '1993-04-01'::date) AND (o_orderdate < '1993-07-01 00:00:00'::timestamp without time zone))","Rows Removed by Index Recheck": 0,"Exact Heap Blocks": 3504,"Lossy Heap Blocks": 0,"Workers": [],"Plans": [{"Node Type": "Bitmap Index Scan","Parent Relationship": "Outer","Parallel Aware": false,"Async Capable": false,"Index Name": "idx_orders_orderdate","Startup Cost": 0.00,"Total Cost": 748.08,"Plan Rows": 55165,"Plan Width": 0,"Actual Startup Time": 10.077,"Actual Total Time": 10.080,"Actual Rows": 56434,"Actual Loops": 1,"Index Cond": "((o_orderdate >= '1993-04-01'::date) AND (o_orderdate < '1993-07-01 00:00:00'::timestamp without time zone))","Workers": []}]},{"Node Type": "Index Scan","Parent Relationship": "Inner","Parallel Aware": false,"Async Capable": false,"Scan Direction": "Forward","Index Name": "idx_lineitem_orderkey","Relation Name": "lineitem","Alias": "lineitem","Startup Cost": 0.43,"Total Cost": 4.67,"Plan Rows": 4,"Plan Width": 16,"Actual Startup Time": 0.010,"Actual Total Time": 0.012,"Actual Rows": 2,"Actual Loops": 56434,"Index Cond": "(l_orderkey = orders.o_orderkey)","Rows Removed by Index Recheck": 0,"Filter": "(l_returnflag = 'R'::bpchar)","Rows Removed by Filter": 2,"Workers": []}]},{"Node Type": "Hash","Parent Relationship": "Inner","Parallel Aware": true,"Async Capable": false,"Startup Cost": 4210.00,"Total Cost": 4210.00,"Plan Rows": 62500,"Plan Width": 148,"Actual Startup Time": 54.995,"Actual Total Time": 55.002,"Actual Rows": 37500,"Actual Loops": 4,"Hash Buckets": 262144,"Original Hash Buckets": 262144,"Hash Batches": 1,"Original Hash Batches": 1,"Peak Memory Usage": 29312,"Workers": [],"Plans": [{"Node Type": "Seq Scan","Parent Relationship": "Outer","Parallel Aware": true,"Async Capable": false,"Relation Name": "customer","Alias": "customer","Startup Cost": 0.00,"Total Cost": 4210.00,"Plan Rows": 62500,"Plan Width": 148,"Actual Startup Time": 0.020,"Actual Total Time": 23.497,"Actual Rows": 37500,"Actual Loops": 4,"Workers": []}]}]},{"Node Type": "Hash","Parent Relationship": "Inner","Parallel Aware": false,"Async Capable": false,"Startup Cost": 1.25,"Total Cost": 1.25,"Plan Rows": 25,"Plan Width": 108,"Actual Startup Time": 0.072,"Actual Total Time": 0.079,"Actual Rows": 25,"Actual Loops": 4,"Hash Buckets": 1024,"Original Hash Buckets": 1024,"Hash Batches": 1,"Original Hash Batches": 1,"Peak Memory Usage": 10,"Workers": [],"Plans": [{"Node Type": "Seq Scan","Parent Relationship": "Outer","Parallel Aware": false,"Async Capable": false,"Relation Name": "nation","Alias": "nation","Startup Cost": 0.00,"Total Cost": 1.25,"Plan Rows": 25,"Plan Width": 108,"Actual Startup Time": 0.049,"Actual Total Time": 0.055,"Actual Rows": 25,"Actual Loops": 4,"Workers": []}]}]}]}]}]},"Planning Time": 7.486,"Triggers": [],"Execution Time": 627.374}]
[{"Plan": {"Node Type": "Sort","Parallel Aware": false,"Async Capable": false,"Startup Cost": 134586.43,"Total Cost": 134734.30,"Plan Rows": 59150,"Plan Width": 280,"Actual Startup Time": 563.586,"Actual Total Time": 604.383,"Actual Rows": 37293,"Actual Loops": 1,"Sort Key": ["(sum((lineitem.l_extendedprice * ('1'::numeric - lineitem.l_discount)))) DESC"],"Sort Method": "quicksort","Sort Space Used": 9691,"Sort Space Type": "Memory","Plans": [{"Node Type": "Aggregate","Strategy": "Hashed","Partial Mode": "Simple","Parent Relationship": "Outer","Parallel Aware": false,"Async Capable": false,"Startup Cost": 129158.80,"Total Cost": 129898.17,"Plan Rows": 59150,"Plan Width": 280,"Actual Startup Time": 392.436,"Actual Total Time": 532.730,"Actual Rows": 37293,"Actual Loops": 1,"Group Key": ["customer.c_custkey", "nation.n_name"],"Planned Partitions": 0,"HashAgg Batches": 1,"Peak Memory Usage": 27665,"Disk Usage": 0,"Plans": [{"Node Type": "Gather","Parent Relationship": "Outer","Parallel Aware": false,"Async Capable": false,"Startup Cost": 6825.36,"Total Cost": 128419.42,"Plan Rows": 59150,"Plan Width": 260,"Actual Startup Time": 75.957,"Actual Total Time": 271.680,"Actual Rows": 108779,"Actual Loops": 1,"Workers Planned": 3,"Workers Launched": 3,"Single Copy": false,"Plans": [{"Node Type": "Hash Join","Parent Relationship": "Outer","Parallel Aware": false,"Async Capable": false,"Join Type": "Inner","Startup Cost": 5825.36,"Total Cost": 121504.42,"Plan Rows": 19081,"Plan Width": 260,"Actual Startup Time": 69.040,"Actual Total Time": 339.341,"Actual Rows": 27195,"Actual Loops": 4,"Inner Unique": true,"Hash Cond": "(customer.c_nationkey = nation.n_nationkey)","Workers": [],"Plans": [{"Node Type": "Hash Join","Parent Relationship": "Outer","Parallel Aware": true,"Async Capable": false,"Join Type": "Inner","Startup Cost": 5823.80,"Total Cost": 121444.28,"Plan Rows": 19081,"Plan Width": 160,"Actual Startup Time": 68.657,"Actual Total Time": 330.758,"Actual Rows": 27195,"Actual Loops": 4,"Inner Unique": true,"Hash Cond": "(orders.o_custkey = customer.c_custkey)","Workers": [],"Plans": [{"Node Type": "Nested Loop","Parent Relationship": "Outer","Parallel Aware": false,"Async Capable": false,"Join Type": "Inner","Startup Cost": 832.55,"Total Cost": 116402.95,"Plan Rows": 19081,"Plan Width": 16,"Actual Startup Time": 13.292,"Actual Total Time": 236.377,"Actual Rows": 27195,"Actual Loops": 4,"Inner Unique": false,"Workers": [],"Plans": [{"Node Type": "Bitmap Heap Scan","Parent Relationship": "Outer","Parallel Aware": true,"Async Capable": false,"Relation Name": "orders","Alias": "orders","Startup Cost": 832.11,"Total Cost": 27217.76,"Plan Rows": 19376,"Plan Width": 8,"Actual Startup Time": 13.230,"Actual Total Time": 65.610,"Actual Rows": 14144,"Actual Loops": 4,"Recheck Cond": "((o_orderdate >= '1994-12-01'::date) AND (o_orderdate < '1995-03-01 00:00:00'::timestamp without time zone))","Rows Removed by Index Recheck": 0,"Exact Heap Blocks": 3506,"Lossy Heap Blocks": 0,"Workers": [],"Plans": [{"Node Type": "Bitmap Index Scan","Parent Relationship": "Outer","Parallel Aware": false,"Async Capable": false,"Index Name": "idx_orders_orderdate","Startup Cost": 0.00,"Total Cost": 817.10,"Plan Rows": 60067,"Plan Width": 0,"Actual Startup Time": 10.114,"Actual Total Time": 10.122,"Actual Rows": 56577,"Actual Loops": 1,"Index Cond": "((o_orderdate >= '1994-12-01'::date) AND (o_orderdate < '1995-03-01 00:00:00'::timestamp without time zone))","Workers": []}]},{"Node Type": "Index Scan","Parent Relationship": "Inner","Parallel Aware": false,"Async Capable": false,"Scan Direction": "Forward","Index Name": "idx_lineitem_orderkey","Relation Name": "lineitem","Alias": "lineitem","Startup Cost": 0.43,"Total Cost": 4.56,"Plan Rows": 4,"Plan Width": 16,"Actual Startup Time": 0.010,"Actual Total Time": 0.012,"Actual Rows": 2,"Actual Loops": 56577,"Index Cond": "(l_orderkey = orders.o_orderkey)","Rows Removed by Index Recheck": 0,"Filter": "(l_returnflag = 'R'::bpchar)","Rows Removed by Filter": 2,"Workers": []}]},{"Node Type": "Hash","Parent Relationship": "Inner","Parallel Aware": true,"Async Capable": false,"Startup Cost": 4210.00,"Total Cost": 4210.00,"Plan Rows": 62500,"Plan Width": 148,"Actual Startup Time": 54.812,"Actual Total Time": 54.818,"Actual Rows": 37500,"Actual Loops": 4,"Hash Buckets": 262144,"Original Hash Buckets": 262144,"Hash Batches": 1,"Original Hash Batches": 1,"Peak Memory Usage": 29312,"Workers": [],"Plans": [{"Node Type": "Seq Scan","Parent Relationship": "Outer","Parallel Aware": true,"Async Capable": false,"Relation Name": "customer","Alias": "customer","Startup Cost": 0.00,"Total Cost": 4210.00,"Plan Rows": 62500,"Plan Width": 148,"Actual Startup Time": 0.022,"Actual Total Time": 23.786,"Actual Rows": 37500,"Actual Loops": 4,"Workers": []}]}]},{"Node Type": "Hash","Parent Relationship": "Inner","Parallel Aware": false,"Async Capable": false,"Startup Cost": 1.25,"Total Cost": 1.25,"Plan Rows": 25,"Plan Width": 108,"Actual Startup Time": 0.089,"Actual Total Time": 0.092,"Actual Rows": 25,"Actual Loops": 4,"Hash Buckets": 1024,"Original Hash Buckets": 1024,"Hash Batches": 1,"Original Hash Batches": 1,"Peak Memory Usage": 10,"Workers": [],"Plans": [{"Node Type": "Seq Scan","Parent Relationship": "Outer","Parallel Aware": false,"Async Capable": false,"Relation Name": "nation","Alias": "nation","Startup Cost": 0.00,"Total Cost": 1.25,"Plan Rows": 25,"Plan Width": 108,"Actual Startup Time": 0.062,"Actual Total Time": 0.067,"Actual Rows": 25,"Actual Loops": 4,"Workers": []}]}]}]}]}]},"Planning Time": 7.387,"Triggers": [],"Execution Time": 611.176}]
[{"Plan": {"Node Type": "Sort","Parallel Aware": false,"Async Capable": false,"Startup Cost": 130975.09,"Total Cost": 131116.14,"Plan Rows": 56420,"Plan Width": 280,"Actual Startup Time": 559.129,"Actual Total Time": 601.162,"Actual Rows": 37859,"Actual Loops": 1,"Sort Key": ["(sum((lineitem.l_extendedprice * ('1'::numeric - lineitem.l_discount)))) DESC"],"Sort Method": "quicksort","Sort Space Used": 9818,"Sort Space Type": "Memory","Plans": [{"Node Type": "Aggregate","Strategy": "Hashed","Partial Mode": "Simple","Parent Relationship": "Outer","Parallel Aware": false,"Async Capable": false,"Startup Cost": 125817.20,"Total Cost": 126522.45,"Plan Rows": 56420,"Plan Width": 280,"Actual Startup Time": 383.531,"Actual Total Time": 530.212,"Actual Rows": 37859,"Actual Loops": 1,"Group Key": ["customer.c_custkey", "nation.n_name"],"Planned Partitions": 0,"HashAgg Batches": 1,"Peak Memory Usage": 26129,"Disk Usage": 0,"Plans": [{"Node Type": "Gather","Parent Relationship": "Outer","Parallel Aware": false,"Async Capable": false,"Startup Cost": 6784.95,"Total Cost": 125111.95,"Plan Rows": 56420,"Plan Width": 260,"Actual Startup Time": 70.081,"Actual Total Time": 265.015,"Actual Rows": 114028,"Actual Loops": 1,"Workers Planned": 3,"Workers Launched": 3,"Single Copy": false,"Plans": [{"Node Type": "Hash Join","Parent Relationship": "Outer","Parallel Aware": false,"Async Capable": false,"Join Type": "Inner","Startup Cost": 5784.95,"Total Cost": 118469.95,"Plan Rows": 18200,"Plan Width": 260,"Actual Startup Time": 62.841,"Actual Total Time": 330.296,"Actual Rows": 28507,"Actual Loops": 4,"Inner Unique": true,"Hash Cond": "(customer.c_nationkey = nation.n_nationkey)","Workers": [],"Plans": [{"Node Type": "Hash Join","Parent Relationship": "Outer","Parallel Aware": true,"Async Capable": false,"Join Type": "Inner","Startup Cost": 5783.38,"Total Cost": 118412.51,"Plan Rows": 18200,"Plan Width": 160,"Actual Startup Time": 62.430,"Actual Total Time": 322.490,"Actual Rows": 28507,"Actual Loops": 4,"Inner Unique": true,"Hash Cond": "(orders.o_custkey = customer.c_custkey)","Workers": [],"Plans": [{"Node Type": "Nested Loop","Parent Relationship": "Outer","Parallel Aware": false,"Async Capable": false,"Join Type": "Inner","Startup Cost": 792.13,"Total Cost": 113373.49,"Plan Rows": 18200,"Plan Width": 16,"Actual Startup Time": 13.021,"Actual Total Time": 238.266,"Actual Rows": 28507,"Actual Loops": 4,"Inner Unique": false,"Workers": [],"Plans": [{"Node Type": "Bitmap Heap Scan","Parent Relationship": "Outer","Parallel Aware": true,"Async Capable": false,"Relation Name": "orders","Alias": "orders","Startup Cost": 791.70,"Total Cost": 27163.94,"Plan Rows": 18482,"Plan Width": 8,"Actual Startup Time": 12.954,"Actual Total Time": 66.534,"Actual Rows": 14234,"Actual Loops": 4,"Recheck Cond": "((o_orderdate >= '1993-03-01'::date) AND (o_orderdate < '1993-06-01 00:00:00'::timestamp without time zone))","Rows Removed by Index Recheck": 0,"Exact Heap Blocks": 3517,"Lossy Heap Blocks": 0,"Workers": [],"Plans": [{"Node Type": "Bitmap Index Scan","Parent Relationship": "Outer","Parallel Aware": false,"Async Capable": false,"Index Name": "idx_orders_orderdate","Startup Cost": 0.00,"Total Cost": 777.38,"Plan Rows": 57295,"Plan Width": 0,"Actual Startup Time": 9.836,"Actual Total Time": 9.842,"Actual Rows": 56934,"Actual Loops": 1,"Index Cond": "((o_orderdate >= '1993-03-01'::date) AND (o_orderdate < '1993-06-01 00:00:00'::timestamp without time zone))","Workers": []}]},{"Node Type": "Index Scan","Parent Relationship": "Inner","Parallel Aware": false,"Async Capable": false,"Scan Direction": "Forward","Index Name": "idx_lineitem_orderkey","Relation Name": "lineitem","Alias": "lineitem","Startup Cost": 0.43,"Total Cost": 4.62,"Plan Rows": 4,"Plan Width": 16,"Actual Startup Time": 0.010,"Actual Total Time": 0.012,"Actual Rows": 2,"Actual Loops": 56934,"Index Cond": "(l_orderkey = orders.o_orderkey)","Rows Removed by Index Recheck": 0,"Filter": "(l_returnflag = 'R'::bpchar)","Rows Removed by Filter": 2,"Workers": []}]},{"Node Type": "Hash","Parent Relationship": "Inner","Parallel Aware": true,"Async Capable": false,"Startup Cost": 4210.00,"Total Cost": 4210.00,"Plan Rows": 62500,"Plan Width": 148,"Actual Startup Time": 48.797,"Actual Total Time": 48.806,"Actual Rows": 37500,"Actual Loops": 4,"Hash Buckets": 262144,"Original Hash Buckets": 262144,"Hash Batches": 1,"Original Hash Batches": 1,"Peak Memory Usage": 29344,"Workers": [],"Plans": [{"Node Type": "Seq Scan","Parent Relationship": "Outer","Parallel Aware": true,"Async Capable": false,"Relation Name": "customer","Alias": "customer","Startup Cost": 0.00,"Total Cost": 4210.00,"Plan Rows": 62500,"Plan Width": 148,"Actual Startup Time": 0.027,"Actual Total Time": 20.617,"Actual Rows": 37500,"Actual Loops": 4,"Workers": []}]}]},{"Node Type": "Hash","Parent Relationship": "Inner","Parallel Aware": false,"Async Capable": false,"Startup Cost": 1.25,"Total Cost": 1.25,"Plan Rows": 25,"Plan Width": 108,"Actual Startup Time": 0.102,"Actual Total Time": 0.108,"Actual Rows": 25,"Actual Loops": 4,"Hash Buckets": 1024,"Original Hash Buckets": 1024,"Hash Batches": 1,"Original Hash Batches": 1,"Peak Memory Usage": 10,"Workers": [],"Plans": [{"Node Type": "Seq Scan","Parent Relationship": "Outer","Parallel Aware": false,"Async Capable": false,"Relation Name": "nation","Alias": "nation","Startup Cost": 0.00,"Total Cost": 1.25,"Plan Rows": 25,"Plan Width": 108,"Actual Startup Time": 0.068,"Actual Total Time": 0.076,"Actual Rows": 25,"Actual Loops": 4,"Workers": []}]}]}]}]}]},"Planning Time": 7.017,"Triggers": [],"Execution Time": 606.974}]
[{"Plan": {"Node Type": "Sort","Parallel Aware": false,"Async Capable": false,"Startup Cost": 132365.07,"Total Cost": 132508.74,"Plan Rows": 57466,"Plan Width": 280,"Actual Startup Time": 604.092,"Actual Total Time": 644.113,"Actual Rows": 37690,"Actual Loops": 1,"Sort Key": ["(sum((lineitem.l_extendedprice * ('1'::numeric - lineitem.l_discount)))) DESC"],"Sort Method": "quicksort","Sort Space Used": 9779,"Sort Space Type": "Memory","Plans": [{"Node Type": "Aggregate","Strategy": "Hashed","Partial Mode": "Simple","Parent Relationship": "Outer","Parallel Aware": false,"Async Capable": false,"Startup Cost": 127103.94,"Total Cost": 127822.26,"Plan Rows": 57466,"Plan Width": 280,"Actual Startup Time": 420.502,"Actual Total Time": 570.586,"Actual Rows": 37690,"Actual Loops": 1,"Group Key": ["customer.c_custkey", "nation.n_name"],"Planned Partitions": 0,"HashAgg Batches": 1,"Peak Memory Usage": 26129,"Disk Usage": 0,"Plans": [{"Node Type": "Gather","Parent Relationship": "Outer","Parallel Aware": false,"Async Capable": false,"Startup Cost": 6799.83,"Total Cost": 126385.61,"Plan Rows": 57466,"Plan Width": 260,"Actual Startup Time": 84.807,"Actual Total Time": 291.020,"Actual Rows": 113599,"Actual Loops": 1,"Workers Planned": 3,"Workers Launched": 3,"Single Copy": false,"Plans": [{"Node Type": "Hash Join","Parent Relationship": "Outer","Parallel Aware": false,"Async Capable": false,"Join Type": "Inner","Startup Cost": 5799.83,"Total Cost": 119639.01,"Plan Rows": 18537,"Plan Width": 260,"Actual Startup Time": 77.448,"Actual Total Time": 365.330,"Actual Rows": 28400,"Actual Loops": 4,"Inner Unique": true,"Hash Cond": "(customer.c_nationkey = nation.n_nationkey)","Workers": [],"Plans": [{"Node Type": "Hash Join","Parent Relationship": "Outer","Parallel Aware": true,"Async Capable": false,"Join Type": "Inner","Startup Cost": 5798.27,"Total Cost": 119580.55,"Plan Rows": 18537,"Plan Width": 160,"Actual Startup Time": 76.978,"Actual Total Time": 356.100,"Actual Rows": 28400,"Actual Loops": 4,"Inner Unique": true,"Hash Cond": "(orders.o_custkey = customer.c_custkey)","Workers": [],"Plans": [{"Node Type": "Nested Loop","Parent Relationship": "Outer","Parallel Aware": false,"Async Capable": false,"Join Type": "Inner","Startup Cost": 807.02,"Total Cost": 114540.64,"Plan Rows": 18537,"Plan Width": 16,"Actual Startup Time": 13.069,"Actual Total Time": 252.235,"Actual Rows": 28400,"Actual Loops": 4,"Inner Unique": false,"Workers": [],"Plans": [{"Node Type": "Bitmap Heap Scan","Parent Relationship": "Outer","Parallel Aware": true,"Async Capable": false,"Relation Name": "orders","Alias": "orders","Startup Cost": 806.59,"Total Cost": 27183.96,"Plan Rows": 18825,"Plan Width": 8,"Actual Startup Time": 13.002,"Actual Total Time": 70.665,"Actual Rows": 14161,"Actual Loops": 4,"Recheck Cond": "((o_orderdate >= '1994-04-01'::date) AND (o_orderdate < '1994-07-01 00:00:00'::timestamp without time zone))","Rows Removed by Index Recheck": 0,"Exact Heap Blocks": 3668,"Lossy Heap Blocks": 0,"Workers": [],"Plans": [{"Node Type": "Bitmap Index Scan","Parent Relationship": "Outer","Parallel Aware": false,"Async Capable": false,"Index Name": "idx_orders_orderdate","Startup Cost": 0.00,"Total Cost": 792.00,"Plan Rows": 58357,"Plan Width": 0,"Actual Startup Time": 9.907,"Actual Total Time": 9.915,"Actual Rows": 56645,"Actual Loops": 1,"Index Cond": "((o_orderdate >= '1994-04-01'::date) AND (o_orderdate < '1994-07-01 00:00:00'::timestamp without time zone))","Workers": []}]},{"Node Type": "Index Scan","Parent Relationship": "Inner","Parallel Aware": false,"Async Capable": false,"Scan Direction": "Forward","Index Name": "idx_lineitem_orderkey","Relation Name": "lineitem","Alias": "lineitem","Startup Cost": 0.43,"Total Cost": 4.60,"Plan Rows": 4,"Plan Width": 16,"Actual Startup Time": 0.010,"Actual Total Time": 0.012,"Actual Rows": 2,"Actual Loops": 56645,"Index Cond": "(l_orderkey = orders.o_orderkey)","Rows Removed by Index Recheck": 0,"Filter": "(l_returnflag = 'R'::bpchar)","Rows Removed by Filter": 2,"Workers": []}]},{"Node Type": "Hash","Parent Relationship": "Inner","Parallel Aware": true,"Async Capable": false,"Startup Cost": 4210.00,"Total Cost": 4210.00,"Plan Rows": 62500,"Plan Width": 148,"Actual Startup Time": 63.332,"Actual Total Time": 63.338,"Actual Rows": 37500,"Actual Loops": 4,"Hash Buckets": 262144,"Original Hash Buckets": 262144,"Hash Batches": 1,"Original Hash Batches": 1,"Peak Memory Usage": 29344,"Workers": [],"Plans": [{"Node Type": "Seq Scan","Parent Relationship": "Outer","Parallel Aware": true,"Async Capable": false,"Relation Name": "customer","Alias": "customer","Startup Cost": 0.00,"Total Cost": 4210.00,"Plan Rows": 62500,"Plan Width": 148,"Actual Startup Time": 0.025,"Actual Total Time": 28.533,"Actual Rows": 37500,"Actual Loops": 4,"Workers": []}]}]},{"Node Type": "Hash","Parent Relationship": "Inner","Parallel Aware": false,"Async Capable": false,"Startup Cost": 1.25,"Total Cost": 1.25,"Plan Rows": 25,"Plan Width": 108,"Actual Startup Time": 0.107,"Actual Total Time": 0.110,"Actual Rows": 25,"Actual Loops": 4,"Hash Buckets": 1024,"Original Hash Buckets": 1024,"Hash Batches": 1,"Original Hash Batches": 1,"Peak Memory Usage": 10,"Workers": [],"Plans": [{"Node Type": "Seq Scan","Parent Relationship": "Outer","Parallel Aware": false,"Async Capable": false,"Relation Name": "nation","Alias": "nation","Startup Cost": 0.00,"Total Cost": 1.25,"Plan Rows": 25,"Plan Width": 108,"Actual Startup Time": 0.074,"Actual Total Time": 0.080,"Actual Rows": 25,"Actual Loops": 4,"Workers": []}]}]}]}]}]},"Planning Time": 6.317,"Triggers": [],"Execution Time": 648.403}]
[{"Plan": {"Node Type": "Sort","Parallel Aware": false,"Async Capable": false,"Startup Cost": 129819.00,"Total Cost": 129957.88,"Plan Rows": 55552,"Plan Width": 280,"Actual Startup Time": 608.281,"Actual Total Time": 648.391,"Actual Rows": 37948,"Actual Loops": 1,"Sort Key": ["(sum((lineitem.l_extendedprice * ('1'::numeric - lineitem.l_discount)))) DESC"],"Sort Method": "quicksort","Sort Space Used": 9840,"Sort Space Type": "Memory","Plans": [{"Node Type": "Aggregate","Strategy": "Hashed","Partial Mode": "Simple","Parent Relationship": "Outer","Parallel Aware": false,"Async Capable": false,"Startup Cost": 124746.67,"Total Cost": 125441.07,"Plan Rows": 55552,"Plan Width": 280,"Actual Startup Time": 419.818,"Actual Total Time": 574.956,"Actual Rows": 37948,"Actual Loops": 1,"Group Key": ["customer.c_custkey", "nation.n_name"],"Planned Partitions": 0,"HashAgg Batches": 1,"Peak Memory Usage": 26129,"Disk Usage": 0,"Plans": [{"Node Type": "Gather","Parent Relationship": "Outer","Parallel Aware": false,"Async Capable": false,"Startup Cost": 6771.91,"Total Cost": 124052.27,"Plan Rows": 55552,"Plan Width": 260,"Actual Startup Time": 82.501,"Actual Total Time": 287.884,"Actual Rows": 114775,"Actual Loops": 1,"Workers Planned": 3,"Workers Launched": 3,"Single Copy": false,"Plans": [{"Node Type": "Hash Join","Parent Relationship": "Outer","Parallel Aware": false,"Async Capable": false,"Join Type": "Inner","Startup Cost": 5771.91,"Total Cost": 117497.07,"Plan Rows": 17920,"Plan Width": 260,"Actual Startup Time": 75.276,"Actual Total Time": 362.951,"Actual Rows": 28694,"Actual Loops": 4,"Inner Unique": true,"Hash Cond": "(customer.c_nationkey = nation.n_nationkey)","Workers": [],"Plans": [{"Node Type": "Hash Join","Parent Relationship": "Outer","Parallel Aware": true,"Async Capable": false,"Join Type": "Inner","Startup Cost": 5770.34,"Total Cost": 117440.49,"Plan Rows": 17920,"Plan Width": 160,"Actual Startup Time": 74.883,"Actual Total Time": 354.260,"Actual Rows": 28694,"Actual Loops": 4,"Inner Unique": true,"Hash Cond": "(orders.o_custkey = customer.c_custkey)","Workers": [],"Plans": [{"Node Type": "Nested Loop","Parent Relationship": "Outer","Parallel Aware": false,"Async Capable": false,"Join Type": "Inner","Startup Cost": 779.09,"Total Cost": 112402.20,"Plan Rows": 17920,"Plan Width": 16,"Actual Startup Time": 13.340,"Actual Total Time": 252.834,"Actual Rows": 28694,"Actual Loops": 4,"Inner Unique": false,"Workers": [],"Plans": [{"Node Type": "Bitmap Heap Scan","Parent Relationship": "Outer","Parallel Aware": true,"Async Capable": false,"Relation Name": "orders","Alias": "orders","Startup Cost": 778.66,"Total Cost": 27146.63,"Plan Rows": 18198,"Plan Width": 8,"Actual Startup Time": 13.279,"Actual Total Time": 70.699,"Actual Rows": 14304,"Actual Loops": 4,"Recheck Cond": "((o_orderdate >= '1993-07-01'::date) AND (o_orderdate < '1993-10-01 00:00:00'::timestamp without time zone))","Rows Removed by Index Recheck": 0,"Exact Heap Blocks": 3636,"Lossy Heap Blocks": 0,"Workers": [],"Plans": [{"Node Type": "Bitmap Index Scan","Parent Relationship": "Outer","Parallel Aware": false,"Async Capable": false,"Index Name": "idx_orders_orderdate","Startup Cost": 0.00,"Total Cost": 764.56,"Plan Rows": 56413,"Plan Width": 0,"Actual Startup Time": 10.131,"Actual Total Time": 10.133,"Actual Rows": 57218,"Actual Loops": 1,"Index Cond": "((o_orderdate >= '1993-07-01'::date) AND (o_orderdate < '1993-10-01 00:00:00'::timestamp without time zone))","Workers": []}]},{"Node Type": "Index Scan","Parent Relationship": "Inner","Parallel Aware": false,"Async Capable": false,"Scan Direction": "Forward","Index Name": "idx_lineitem_orderkey","Relation Name": "lineitem","Alias": "lineitem","Startup Cost": 0.43,"Total Cost": 4.64,"Plan Rows": 4,"Plan Width": 16,"Actual Startup Time": 0.010,"Actual Total Time": 0.012,"Actual Rows": 2,"Actual Loops": 57218,"Index Cond": "(l_orderkey = orders.o_orderkey)","Rows Removed by Index Recheck": 0,"Filter": "(l_returnflag = 'R'::bpchar)","Rows Removed by Filter": 2,"Workers": []}]},{"Node Type": "Hash","Parent Relationship": "Inner","Parallel Aware": true,"Async Capable": false,"Startup Cost": 4210.00,"Total Cost": 4210.00,"Plan Rows": 62500,"Plan Width": 148,"Actual Startup Time": 60.976,"Actual Total Time": 60.983,"Actual Rows": 37500,"Actual Loops": 4,"Hash Buckets": 262144,"Original Hash Buckets": 262144,"Hash Batches": 1,"Original Hash Batches": 1,"Peak Memory Usage": 29344,"Workers": [],"Plans": [{"Node Type": "Seq Scan","Parent Relationship": "Outer","Parallel Aware": true,"Async Capable": false,"Relation Name": "customer","Alias": "customer","Startup Cost": 0.00,"Total Cost": 4210.00,"Plan Rows": 62500,"Plan Width": 148,"Actual Startup Time": 0.026,"Actual Total Time": 27.898,"Actual Rows": 37500,"Actual Loops": 4,"Workers": []}]}]},{"Node Type": "Hash","Parent Relationship": "Inner","Parallel Aware": false,"Async Capable": false,"Startup Cost": 1.25,"Total Cost": 1.25,"Plan Rows": 25,"Plan Width": 108,"Actual Startup Time": 0.100,"Actual Total Time": 0.105,"Actual Rows": 25,"Actual Loops": 4,"Hash Buckets": 1024,"Original Hash Buckets": 1024,"Hash Batches": 1,"Original Hash Batches": 1,"Peak Memory Usage": 10,"Workers": [],"Plans": [{"Node Type": "Seq Scan","Parent Relationship": "Outer","Parallel Aware": false,"Async Capable": false,"Relation Name": "nation","Alias": "nation","Startup Cost": 0.00,"Total Cost": 1.25,"Plan Rows": 25,"Plan Width": 108,"Actual Startup Time": 0.065,"Actual Total Time": 0.072,"Actual Rows": 25,"Actual Loops": 4,"Workers": []}]}]}]}]}]},"Planning Time": 6.175,"Triggers": [],"Execution Time": 652.968}]
[{"Plan": {"Node Type": "Sort","Parallel Aware": false,"Async Capable": false,"Startup Cost": 134586.43,"Total Cost": 134734.30,"Plan Rows": 59150,"Plan Width": 280,"Actual Startup Time": 563.586,"Actual Total Time": 604.383,"Actual Rows": 37293,"Actual Loops": 1,"Sort Key": ["(sum((lineitem.l_extendedprice * ('1'::numeric - lineitem.l_discount)))) DESC"],"Sort Method": "quicksort","Sort Space Used": 9691,"Sort Space Type": "Memory","Plans": [{"Node Type": "Aggregate","Strategy": "Hashed","Partial Mode": "Simple","Parent Relationship": "Outer","Parallel Aware": false,"Async Capable": false,"Startup Cost": 129158.80,"Total Cost": 129898.17,"Plan Rows": 59150,"Plan Width": 280,"Actual Startup Time": 392.436,"Actual Total Time": 532.730,"Actual Rows": 37293,"Actual Loops": 1,"Group Key": ["customer.c_custkey", "nation.n_name"],"Planned Partitions": 0,"HashAgg Batches": 1,"Peak Memory Usage": 27665,"Disk Usage": 0,"Plans": [{"Node Type": "Gather","Parent Relationship": "Outer","Parallel Aware": false,"Async Capable": false,"Startup Cost": 6825.36,"Total Cost": 128419.42,"Plan Rows": 59150,"Plan Width": 260,"Actual Startup Time": 75.957,"Actual Total Time": 271.680,"Actual Rows": 108779,"Actual Loops": 1,"Workers Planned": 3,"Workers Launched": 3,"Single Copy": false,"Plans": [{"Node Type": "Hash Join","Parent Relationship": "Outer","Parallel Aware": false,"Async Capable": false,"Join Type": "Inner","Startup Cost": 5825.36,"Total Cost": 121504.42,"Plan Rows": 19081,"Plan Width": 260,"Actual Startup Time": 69.040,"Actual Total Time": 339.341,"Actual Rows": 27195,"Actual Loops": 4,"Inner Unique": true,"Hash Cond": "(customer.c_nationkey = nation.n_nationkey)","Workers": [],"Plans": [{"Node Type": "Hash Join","Parent Relationship": "Outer","Parallel Aware": true,"Async Capable": false,"Join Type": "Inner","Startup Cost": 5823.80,"Total Cost": 121444.28,"Plan Rows": 19081,"Plan Width": 160,"Actual Startup Time": 68.657,"Actual Total Time": 330.758,"Actual Rows": 27195,"Actual Loops": 4,"Inner Unique": true,"Hash Cond": "(orders.o_custkey = customer.c_custkey)","Workers": [],"Plans": [{"Node Type": "Nested Loop","Parent Relationship": "Outer","Parallel Aware": false,"Async Capable": false,"Join Type": "Inner","Startup Cost": 832.55,"Total Cost": 116402.95,"Plan Rows": 19081,"Plan Width": 16,"Actual Startup Time": 13.292,"Actual Total Time": 236.377,"Actual Rows": 27195,"Actual Loops": 4,"Inner Unique": false,"Workers": [],"Plans": [{"Node Type": "Bitmap Heap Scan","Parent Relationship": "Outer","Parallel Aware": true,"Async Capable": false,"Relation Name": "orders","Alias": "orders","Startup Cost": 832.11,"Total Cost": 27217.76,"Plan Rows": 19376,"Plan Width": 8,"Actual Startup Time": 13.230,"Actual Total Time": 65.610,"Actual Rows": 14144,"Actual Loops": 4,"Recheck Cond": "((o_orderdate >= '1994-12-01'::date) AND (o_orderdate < '1995-03-01 00:00:00'::timestamp without time zone))","Rows Removed by Index Recheck": 0,"Exact Heap Blocks": 3506,"Lossy Heap Blocks": 0,"Workers": [],"Plans": [{"Node Type": "Bitmap Index Scan","Parent Relationship": "Outer","Parallel Aware": false,"Async Capable": false,"Index Name": "idx_orders_orderdate","Startup Cost": 0.00,"Total Cost": 817.10,"Plan Rows": 60067,"Plan Width": 0,"Actual Startup Time": 10.114,"Actual Total Time": 10.122,"Actual Rows": 56577,"Actual Loops": 1,"Index Cond": "((o_orderdate >= '1994-12-01'::date) AND (o_orderdate < '1995-03-01 00:00:00'::timestamp without time zone))","Workers": []}]},{"Node Type": "Index Scan","Parent Relationship": "Inner","Parallel Aware": false,"Async Capable": false,"Scan Direction": "Forward","Index Name": "idx_lineitem_orderkey","Relation Name": "lineitem","Alias": "lineitem","Startup Cost": 0.43,"Total Cost": 4.56,"Plan Rows": 4,"Plan Width": 16,"Actual Startup Time": 0.010,"Actual Total Time": 0.012,"Actual Rows": 2,"Actual Loops": 56577,"Index Cond": "(l_orderkey = orders.o_orderkey)","Rows Removed by Index Recheck": 0,"Filter": "(l_returnflag = 'R'::bpchar)","Rows Removed by Filter": 2,"Workers": []}]},{"Node Type": "Hash","Parent Relationship": "Inner","Parallel Aware": true,"Async Capable": false,"Startup Cost": 4210.00,"Total Cost": 4210.00,"Plan Rows": 62500,"Plan Width": 148,"Actual Startup Time": 54.812,"Actual Total Time": 54.818,"Actual Rows": 37500,"Actual Loops": 4,"Hash Buckets": 262144,"Original Hash Buckets": 262144,"Hash Batches": 1,"Original Hash Batches": 1,"Peak Memory Usage": 29312,"Workers": [],"Plans": [{"Node Type": "Seq Scan","Parent Relationship": "Outer","Parallel Aware": true,"Async Capable": false,"Relation Name": "customer","Alias": "customer","Startup Cost": 0.00,"Total Cost": 4210.00,"Plan Rows": 62500,"Plan Width": 148,"Actual Startup Time": 0.022,"Actual Total Time": 23.786,"Actual Rows": 37500,"Actual Loops": 4,"Workers": []}]}]},{"Node Type": "Hash","Parent Relationship": "Inner","Parallel Aware": false,"Async Capable": false,"Startup Cost": 1.25,"Total Cost": 1.25,"Plan Rows": 25,"Plan Width": 108,"Actual Startup Time": 0.089,"Actual Total Time": 0.092,"Actual Rows": 25,"Actual Loops": 4,"Hash Buckets": 1024,"Original Hash Buckets": 1024,"Hash Batches": 1,"Original Hash Batches": 1,"Peak Memory Usage": 10,"Workers": [],"Plans": [{"Node Type": "Seq Scan","Parent Relationship": "Outer","Parallel Aware": false,"Async Capable": false,"Relation Name": "nation","Alias": "nation","Startup Cost": 0.00,"Total Cost": 1.25,"Plan Rows": 25,"Plan Width": 108,"Actual Startup Time": 0.062,"Actual Total Time": 0.067,"Actual Rows": 25,"Actual Loops": 4,"Workers": []}]}]}]}]}]},"Planning Time": 7.387,"Triggers": [],"Execution Time": 611.176}]
[{"Plan": {"Node Type": "Sort","Parallel Aware": false,"Async Capable": false,"Startup Cost": 134586.43,"Total Cost": 134734.30,"Plan Rows": 59150,"Plan Width": 280,"Actual Startup Time": 563.586,"Actual Total Time": 604.383,"Actual Rows": 37293,"Actual Loops": 1,"Sort Key": ["(sum((lineitem.l_extendedprice * ('1'::numeric - lineitem.l_discount)))) DESC"],"Sort Method": "quicksort","Sort Space Used": 9691,"Sort Space Type": "Memory","Plans": [{"Node Type": "Aggregate","Strategy": "Hashed","Partial Mode": "Simple","Parent Relationship": "Outer","Parallel Aware": false,"Async Capable": false,"Startup Cost": 129158.80,"Total Cost": 129898.17,"Plan Rows": 59150,"Plan Width": 280,"Actual Startup Time": 392.436,"Actual Total Time": 532.730,"Actual Rows": 37293,"Actual Loops": 1,"Group Key": ["customer.c_custkey", "nation.n_name"],"Planned Partitions": 0,"HashAgg Batches": 1,"Peak Memory Usage": 27665,"Disk Usage": 0,"Plans": [{"Node Type": "Gather","Parent Relationship": "Outer","Parallel Aware": false,"Async Capable": false,"Startup Cost": 6825.36,"Total Cost": 128419.42,"Plan Rows": 59150,"Plan Width": 260,"Actual Startup Time": 75.957,"Actual Total Time": 271.680,"Actual Rows": 108779,"Actual Loops": 1,"Workers Planned": 3,"Workers Launched": 3,"Single Copy": false,"Plans": [{"Node Type": "Hash Join","Parent Relationship": "Outer","Parallel Aware": false,"Async Capable": false,"Join Type": "Inner","Startup Cost": 5825.36,"Total Cost": 121504.42,"Plan Rows": 19081,"Plan Width": 260,"Actual Startup Time": 69.040,"Actual Total Time": 339.341,"Actual Rows": 27195,"Actual Loops": 4,"Inner Unique": true,"Hash Cond": "(customer.c_nationkey = nation.n_nationkey)","Workers": [],"Plans": [{"Node Type": "Hash Join","Parent Relationship": "Outer","Parallel Aware": true,"Async Capable": false,"Join Type": "Inner","Startup Cost": 5823.80,"Total Cost": 121444.28,"Plan Rows": 19081,"Plan Width": 160,"Actual Startup Time": 68.657,"Actual Total Time": 330.758,"Actual Rows": 27195,"Actual Loops": 4,"Inner Unique": true,"Hash Cond": "(orders.o_custkey = customer.c_custkey)","Workers": [],"Plans": [{"Node Type": "Nested Loop","Parent Relationship": "Outer","Parallel Aware": false,"Async Capable": false,"Join Type": "Inner","Startup Cost": 832.55,"Total Cost": 116402.95,"Plan Rows": 19081,"Plan Width": 16,"Actual Startup Time": 13.292,"Actual Total Time": 236.377,"Actual Rows": 27195,"Actual Loops": 4,"Inner Unique": false,"Workers": [],"Plans": [{"Node Type": "Bitmap Heap Scan","Parent Relationship": "Outer","Parallel Aware": true,"Async Capable": false,"Relation Name": "orders","Alias": "orders","Startup Cost": 832.11,"Total Cost": 27217.76,"Plan Rows": 19376,"Plan Width": 8,"Actual Startup Time": 13.230,"Actual Total Time": 65.610,"Actual Rows": 14144,"Actual Loops": 4,"Recheck Cond": "((o_orderdate >= '1994-12-01'::date) AND (o_orderdate < '1995-03-01 00:00:00'::timestamp without time zone))","Rows Removed by Index Recheck": 0,"Exact Heap Blocks": 3506,"Lossy Heap Blocks": 0,"Workers": [],"Plans": [{"Node Type": "Bitmap Index Scan","Parent Relationship": "Outer","Parallel Aware": false,"Async Capable": false,"Index Name": "idx_orders_orderdate","Startup Cost": 0.00,"Total Cost": 817.10,"Plan Rows": 60067,"Plan Width": 0,"Actual Startup Time": 10.114,"Actual Total Time": 10.122,"Actual Rows": 56577,"Actual Loops": 1,"Index Cond": "((o_orderdate >= '1994-12-01'::date) AND (o_orderdate < '1995-03-01 00:00:00'::timestamp without time zone))","Workers": []}]},{"Node Type": "Index Scan","Parent Relationship": "Inner","Parallel Aware": false,"Async Capable": false,"Scan Direction": "Forward","Index Name": "idx_lineitem_orderkey","Relation Name": "lineitem","Alias": "lineitem","Startup Cost": 0.43,"Total Cost": 4.56,"Plan Rows": 4,"Plan Width": 16,"Actual Startup Time": 0.010,"Actual Total Time": 0.012,"Actual Rows": 2,"Actual Loops": 56577,"Index Cond": "(l_orderkey = orders.o_orderkey)","Rows Removed by Index Recheck": 0,"Filter": "(l_returnflag = 'R'::bpchar)","Rows Removed by Filter": 2,"Workers": []}]},{"Node Type": "Hash","Parent Relationship": "Inner","Parallel Aware": true,"Async Capable": false,"Startup Cost": 4210.00,"Total Cost": 4210.00,"Plan Rows": 62500,"Plan Width": 148,"Actual Startup Time": 54.812,"Actual Total Time": 54.818,"Actual Rows": 37500,"Actual Loops": 4,"Hash Buckets": 262144,"Original Hash Buckets": 262144,"Hash Batches": 1,"Original Hash Batches": 1,"Peak Memory Usage": 29312,"Workers": [],"Plans": [{"Node Type": "Seq Scan","Parent Relationship": "Outer","Parallel Aware": true,"Async Capable": false,"Relation Name": "customer","Alias": "customer","Startup Cost": 0.00,"Total Cost": 4210.00,"Plan Rows": 62500,"Plan Width": 148,"Actual Startup Time": 0.022,"Actual Total Time": 23.786,"Actual Rows": 37500,"Actual Loops": 4,"Workers": []}]}]},{"Node Type": "Hash","Parent Relationship": "Inner","Parallel Aware": false,"Async Capable": false,"Startup Cost": 1.25,"Total Cost": 1.25,"Plan Rows": 25,"Plan Width": 108,"Actual Startup Time": 0.089,"Actual Total Time": 0.092,"Actual Rows": 25,"Actual Loops": 4,"Hash Buckets": 1024,"Original Hash Buckets": 1024,"Hash Batches": 1,"Original Hash Batches": 1,"Peak Memory Usage": 10,"Workers": [],"Plans": [{"Node Type": "Seq Scan","Parent Relationship": "Outer","Parallel Aware": false,"Async Capable": false,"Relation Name": "nation","Alias": "nation","Startup Cost": 0.00,"Total Cost": 1.25,"Plan Rows": 25,"Plan Width": 108,"Actual Startup Time": 0.062,"Actual Total Time": 0.067,"Actual Rows": 25,"Actual Loops": 4,"Workers": []}]}]}]}]}]},"Planning Time": 7.387,"Triggers": [],"Execution Time": 611.176}]
[{"Plan": {"Node Type": "Sort","Parallel Aware": false,"Async Capable": false,"Startup Cost": 131436.35,"Total Cost": 131578.26,"Plan Rows": 56763,"Plan Width": 280,"Actual Startup Time": 596.282,"Actual Total Time": 636.846,"Actual Rows": 38114,"Actual Loops": 1,"Sort Key": ["(sum((lineitem.l_extendedprice * ('1'::numeric - lineitem.l_discount)))) DESC"],"Sort Method": "quicksort","Sort Space Used": 9872,"Sort Space Type": "Memory","Plans": [{"Node Type": "Aggregate","Strategy": "Hashed","Partial Mode": "Simple","Parent Relationship": "Outer","Parallel Aware": false,"Async Capable": false,"Startup Cost": 126244.62,"Total Cost": 126954.16,"Plan Rows": 56763,"Plan Width": 280,"Actual Startup Time": 413.428,"Actual Total Time": 560.180,"Actual Rows": 38114,"Actual Loops": 1,"Group Key": ["customer.c_custkey", "nation.n_name"],"Planned Partitions": 0,"HashAgg Batches": 1,"Peak Memory Usage": 26129,"Disk Usage": 0,"Plans": [{"Node Type": "Gather","Parent Relationship": "Outer","Parallel Aware": false,"Async Capable": false,"Startup Cost": 6792.51,"Total Cost": 125535.08,"Plan Rows": 56763,"Plan Width": 260,"Actual Startup Time": 80.448,"Actual Total Time": 288.766,"Actual Rows": 115292,"Actual Loops": 1,"Workers Planned": 3,"Workers Launched": 3,"Single Copy": false,"Plans": [{"Node Type": "Hash Join","Parent Relationship": "Outer","Parallel Aware": false,"Async Capable": false,"Join Type": "Inner","Startup Cost": 5792.51,"Total Cost": 118858.78,"Plan Rows": 18311,"Plan Width": 260,"Actual Startup Time": 72.950,"Actual Total Time": 358.700,"Actual Rows": 28823,"Actual Loops": 4,"Inner Unique": true,"Hash Cond": "(customer.c_nationkey = nation.n_nationkey)","Workers": [],"Plans": [{"Node Type": "Hash Join","Parent Relationship": "Outer","Parallel Aware": true,"Async Capable": false,"Join Type": "Inner","Startup Cost": 5790.95,"Total Cost": 118801.01,"Plan Rows": 18311,"Plan Width": 160,"Actual Startup Time": 72.543,"Actual Total Time": 350.000,"Actual Rows": 28823,"Actual Loops": 4,"Inner Unique": true,"Hash Cond": "(orders.o_custkey = customer.c_custkey)","Workers": [],"Plans": [{"Node Type": "Nested Loop","Parent Relationship": "Outer","Parallel Aware": false,"Async Capable": false,"Join Type": "Inner","Startup Cost": 799.70,"Total Cost": 113761.69,"Plan Rows": 18311,"Plan Width": 16,"Actual Startup Time": 13.260,"Actual Total Time": 248.922,"Actual Rows": 28823,"Actual Loops": 4,"Inner Unique": false,"Workers": [],"Plans": [{"Node Type": "Bitmap Heap Scan","Parent Relationship": "Outer","Parallel Aware": true,"Async Capable": false,"Relation Name": "orders","Alias": "orders","Startup Cost": 799.27,"Total Cost": 27173.19,"Plan Rows": 18595,"Plan Width": 8,"Actual Startup Time": 13.182,"Actual Total Time": 70.570,"Actual Rows": 14333,"Actual Loops": 4,"Recheck Cond": "((o_orderdate >= '1993-11-01'::date) AND (o_orderdate < '1994-02-01 00:00:00'::timestamp without time zone))","Rows Removed by Index Recheck": 0,"Exact Heap Blocks": 3544,"Lossy Heap Blocks": 0,"Workers": [],"Plans": [{"Node Type": "Bitmap Index Scan","Parent Relationship": "Outer","Parallel Aware": false,"Async Capable": false,"Index Name": "idx_orders_orderdate","Startup Cost": 0.00,"Total Cost": 784.86,"Plan Rows": 57643,"Plan Width": 0,"Actual Startup Time": 10.101,"Actual Total Time": 10.105,"Actual Rows": 57332,"Actual Loops": 1,"Index Cond": "((o_orderdate >= '1993-11-01'::date) AND (o_orderdate < '1994-02-01 00:00:00'::timestamp without time zone))","Workers": []}]},{"Node Type": "Index Scan","Parent Relationship": "Inner","Parallel Aware": false,"Async Capable": false,"Scan Direction": "Forward","Index Name": "idx_lineitem_orderkey","Relation Name": "lineitem","Alias": "lineitem","Startup Cost": 0.43,"Total Cost": 4.62,"Plan Rows": 4,"Plan Width": 16,"Actual Startup Time": 0.010,"Actual Total Time": 0.012,"Actual Rows": 2,"Actual Loops": 57332,"Index Cond": "(l_orderkey = orders.o_orderkey)","Rows Removed by Index Recheck": 0,"Filter": "(l_returnflag = 'R'::bpchar)","Rows Removed by Filter": 2,"Workers": []}]},{"Node Type": "Hash","Parent Relationship": "Inner","Parallel Aware": true,"Async Capable": false,"Startup Cost": 4210.00,"Total Cost": 4210.00,"Plan Rows": 62500,"Plan Width": 148,"Actual Startup Time": 58.656,"Actual Total Time": 58.664,"Actual Rows": 37500,"Actual Loops": 4,"Hash Buckets": 262144,"Original Hash Buckets": 262144,"Hash Batches": 1,"Original Hash Batches": 1,"Peak Memory Usage": 29312,"Workers": [],"Plans": [{"Node Type": "Seq Scan","Parent Relationship": "Outer","Parallel Aware": true,"Async Capable": false,"Relation Name": "customer","Alias": "customer","Startup Cost": 0.00,"Total Cost": 4210.00,"Plan Rows": 62500,"Plan Width": 148,"Actual Startup Time": 0.024,"Actual Total Time": 26.516,"Actual Rows": 37500,"Actual Loops": 4,"Workers": []}]}]},{"Node Type": "Hash","Parent Relationship": "Inner","Parallel Aware": false,"Async Capable": false,"Startup Cost": 1.25,"Total Cost": 1.25,"Plan Rows": 25,"Plan Width": 108,"Actual Startup Time": 0.099,"Actual Total Time": 0.104,"Actual Rows": 25,"Actual Loops": 4,"Hash Buckets": 1024,"Original Hash Buckets": 1024,"Hash Batches": 1,"Original Hash Batches": 1,"Peak Memory Usage": 10,"Workers": [],"Plans": [{"Node Type": "Seq Scan","Parent Relationship": "Outer","Parallel Aware": false,"Async Capable": false,"Relation Name": "nation","Alias": "nation","Startup Cost": 0.00,"Total Cost": 1.25,"Plan Rows": 25,"Plan Width": 108,"Actual Startup Time": 0.069,"Actual Total Time": 0.076,"Actual Rows": 25,"Actual Loops": 4,"Workers": []}]}]}]}]}]},"Planning Time": 7.017,"Triggers": [],"Execution Time": 642.875}]
[{"Plan": {"Node Type": "Sort","Parallel Aware": false,"Async Capable": false,"Startup Cost": 134586.43,"Total Cost": 134734.30,"Plan Rows": 59150,"Plan Width": 280,"Actual Startup Time": 563.586,"Actual Total Time": 604.383,"Actual Rows": 37293,"Actual Loops": 1,"Sort Key": ["(sum((lineitem.l_extendedprice * ('1'::numeric - lineitem.l_discount)))) DESC"],"Sort Method": "quicksort","Sort Space Used": 9691,"Sort Space Type": "Memory","Plans": [{"Node Type": "Aggregate","Strategy": "Hashed","Partial Mode": "Simple","Parent Relationship": "Outer","Parallel Aware": false,"Async Capable": false,"Startup Cost": 129158.80,"Total Cost": 129898.17,"Plan Rows": 59150,"Plan Width": 280,"Actual Startup Time": 392.436,"Actual Total Time": 532.730,"Actual Rows": 37293,"Actual Loops": 1,"Group Key": ["customer.c_custkey", "nation.n_name"],"Planned Partitions": 0,"HashAgg Batches": 1,"Peak Memory Usage": 27665,"Disk Usage": 0,"Plans": [{"Node Type": "Gather","Parent Relationship": "Outer","Parallel Aware": false,"Async Capable": false,"Startup Cost": 6825.36,"Total Cost": 128419.42,"Plan Rows": 59150,"Plan Width": 260,"Actual Startup Time": 75.957,"Actual Total Time": 271.680,"Actual Rows": 108779,"Actual Loops": 1,"Workers Planned": 3,"Workers Launched": 3,"Single Copy": false,"Plans": [{"Node Type": "Hash Join","Parent Relationship": "Outer","Parallel Aware": false,"Async Capable": false,"Join Type": "Inner","Startup Cost": 5825.36,"Total Cost": 121504.42,"Plan Rows": 19081,"Plan Width": 260,"Actual Startup Time": 69.040,"Actual Total Time": 339.341,"Actual Rows": 27195,"Actual Loops": 4,"Inner Unique": true,"Hash Cond": "(customer.c_nationkey = nation.n_nationkey)","Workers": [],"Plans": [{"Node Type": "Hash Join","Parent Relationship": "Outer","Parallel Aware": true,"Async Capable": false,"Join Type": "Inner","Startup Cost": 5823.80,"Total Cost": 121444.28,"Plan Rows": 19081,"Plan Width": 160,"Actual Startup Time": 68.657,"Actual Total Time": 330.758,"Actual Rows": 27195,"Actual Loops": 4,"Inner Unique": true,"Hash Cond": "(orders.o_custkey = customer.c_custkey)","Workers": [],"Plans": [{"Node Type": "Nested Loop","Parent Relationship": "Outer","Parallel Aware": false,"Async Capable": false,"Join Type": "Inner","Startup Cost": 832.55,"Total Cost": 116402.95,"Plan Rows": 19081,"Plan Width": 16,"Actual Startup Time": 13.292,"Actual Total Time": 236.377,"Actual Rows": 27195,"Actual Loops": 4,"Inner Unique": false,"Workers": [],"Plans": [{"Node Type": "Bitmap Heap Scan","Parent Relationship": "Outer","Parallel Aware": true,"Async Capable": false,"Relation Name": "orders","Alias": "orders","Startup Cost": 832.11,"Total Cost": 27217.76,"Plan Rows": 19376,"Plan Width": 8,"Actual Startup Time": 13.230,"Actual Total Time": 65.610,"Actual Rows": 14144,"Actual Loops": 4,"Recheck Cond": "((o_orderdate >= '1994-12-01'::date) AND (o_orderdate < '1995-03-01 00:00:00'::timestamp without time zone))","Rows Removed by Index Recheck": 0,"Exact Heap Blocks": 3506,"Lossy Heap Blocks": 0,"Workers": [],"Plans": [{"Node Type": "Bitmap Index Scan","Parent Relationship": "Outer","Parallel Aware": false,"Async Capable": false,"Index Name": "idx_orders_orderdate","Startup Cost": 0.00,"Total Cost": 817.10,"Plan Rows": 60067,"Plan Width": 0,"Actual Startup Time": 10.114,"Actual Total Time": 10.122,"Actual Rows": 56577,"Actual Loops": 1,"Index Cond": "((o_orderdate >= '1994-12-01'::date) AND (o_orderdate < '1995-03-01 00:00:00'::timestamp without time zone))","Workers": []}]},{"Node Type": "Index Scan","Parent Relationship": "Inner","Parallel Aware": false,"Async Capable": false,"Scan Direction": "Forward","Index Name": "idx_lineitem_orderkey","Relation Name": "lineitem","Alias": "lineitem","Startup Cost": 0.43,"Total Cost": 4.56,"Plan Rows": 4,"Plan Width": 16,"Actual Startup Time": 0.010,"Actual Total Time": 0.012,"Actual Rows": 2,"Actual Loops": 56577,"Index Cond": "(l_orderkey = orders.o_orderkey)","Rows Removed by Index Recheck": 0,"Filter": "(l_returnflag = 'R'::bpchar)","Rows Removed by Filter": 2,"Workers": []}]},{"Node Type": "Hash","Parent Relationship": "Inner","Parallel Aware": true,"Async Capable": false,"Startup Cost": 4210.00,"Total Cost": 4210.00,"Plan Rows": 62500,"Plan Width": 148,"Actual Startup Time": 54.812,"Actual Total Time": 54.818,"Actual Rows": 37500,"Actual Loops": 4,"Hash Buckets": 262144,"Original Hash Buckets": 262144,"Hash Batches": 1,"Original Hash Batches": 1,"Peak Memory Usage": 29312,"Workers": [],"Plans": [{"Node Type": "Seq Scan","Parent Relationship": "Outer","Parallel Aware": true,"Async Capable": false,"Relation Name": "customer","Alias": "customer","Startup Cost": 0.00,"Total Cost": 4210.00,"Plan Rows": 62500,"Plan Width": 148,"Actual Startup Time": 0.022,"Actual Total Time": 23.786,"Actual Rows": 37500,"Actual Loops": 4,"Workers": []}]}]},{"Node Type": "Hash","Parent Relationship": "Inner","Parallel Aware": false,"Async Capable": false,"Startup Cost": 1.25,"Total Cost": 1.25,"Plan Rows": 25,"Plan Width": 108,"Actual Startup Time": 0.089,"Actual Total Time": 0.092,"Actual Rows": 25,"Actual Loops": 4,"Hash Buckets": 1024,"Original Hash Buckets": 1024,"Hash Batches": 1,"Original Hash Batches": 1,"Peak Memory Usage": 10,"Workers": [],"Plans": [{"Node Type": "Seq Scan","Parent Relationship": "Outer","Parallel Aware": false,"Async Capable": false,"Relation Name": "nation","Alias": "nation","Startup Cost": 0.00,"Total Cost": 1.25,"Plan Rows": 25,"Plan Width": 108,"Actual Startup Time": 0.062,"Actual Total Time": 0.067,"Actual Rows": 25,"Actual Loops": 4,"Workers": []}]}]}]}]}]},"Planning Time": 7.387,"Triggers": [],"Execution Time": 611.176}]
[{"Plan": {"Node Type": "Sort","Parallel Aware": false,"Async Capable": false,"Startup Cost": 134586.43,"Total Cost": 134734.30,"Plan Rows": 59150,"Plan Width": 280,"Actual Startup Time": 563.586,"Actual Total Time": 604.383,"Actual Rows": 37293,"Actual Loops": 1,"Sort Key": ["(sum((lineitem.l_extendedprice * ('1'::numeric - lineitem.l_discount)))) DESC"],"Sort Method": "quicksort","Sort Space Used": 9691,"Sort Space Type": "Memory","Plans": [{"Node Type": "Aggregate","Strategy": "Hashed","Partial Mode": "Simple","Parent Relationship": "Outer","Parallel Aware": false,"Async Capable": false,"Startup Cost": 129158.80,"Total Cost": 129898.17,"Plan Rows": 59150,"Plan Width": 280,"Actual Startup Time": 392.436,"Actual Total Time": 532.730,"Actual Rows": 37293,"Actual Loops": 1,"Group Key": ["customer.c_custkey", "nation.n_name"],"Planned Partitions": 0,"HashAgg Batches": 1,"Peak Memory Usage": 27665,"Disk Usage": 0,"Plans": [{"Node Type": "Gather","Parent Relationship": "Outer","Parallel Aware": false,"Async Capable": false,"Startup Cost": 6825.36,"Total Cost": 128419.42,"Plan Rows": 59150,"Plan Width": 260,"Actual Startup Time": 75.957,"Actual Total Time": 271.680,"Actual Rows": 108779,"Actual Loops": 1,"Workers Planned": 3,"Workers Launched": 3,"Single Copy": false,"Plans": [{"Node Type": "Hash Join","Parent Relationship": "Outer","Parallel Aware": false,"Async Capable": false,"Join Type": "Inner","Startup Cost": 5825.36,"Total Cost": 121504.42,"Plan Rows": 19081,"Plan Width": 260,"Actual Startup Time": 69.040,"Actual Total Time": 339.341,"Actual Rows": 27195,"Actual Loops": 4,"Inner Unique": true,"Hash Cond": "(customer.c_nationkey = nation.n_nationkey)","Workers": [],"Plans": [{"Node Type": "Hash Join","Parent Relationship": "Outer","Parallel Aware": true,"Async Capable": false,"Join Type": "Inner","Startup Cost": 5823.80,"Total Cost": 121444.28,"Plan Rows": 19081,"Plan Width": 160,"Actual Startup Time": 68.657,"Actual Total Time": 330.758,"Actual Rows": 27195,"Actual Loops": 4,"Inner Unique": true,"Hash Cond": "(orders.o_custkey = customer.c_custkey)","Workers": [],"Plans": [{"Node Type": "Nested Loop","Parent Relationship": "Outer","Parallel Aware": false,"Async Capable": false,"Join Type": "Inner","Startup Cost": 832.55,"Total Cost": 116402.95,"Plan Rows": 19081,"Plan Width": 16,"Actual Startup Time": 13.292,"Actual Total Time": 236.377,"Actual Rows": 27195,"Actual Loops": 4,"Inner Unique": false,"Workers": [],"Plans": [{"Node Type": "Bitmap Heap Scan","Parent Relationship": "Outer","Parallel Aware": true,"Async Capable": false,"Relation Name": "orders","Alias": "orders","Startup Cost": 832.11,"Total Cost": 27217.76,"Plan Rows": 19376,"Plan Width": 8,"Actual Startup Time": 13.230,"Actual Total Time": 65.610,"Actual Rows": 14144,"Actual Loops": 4,"Recheck Cond": "((o_orderdate >= '1994-12-01'::date) AND (o_orderdate < '1995-03-01 00:00:00'::timestamp without time zone))","Rows Removed by Index Recheck": 0,"Exact Heap Blocks": 3506,"Lossy Heap Blocks": 0,"Workers": [],"Plans": [{"Node Type": "Bitmap Index Scan","Parent Relationship": "Outer","Parallel Aware": false,"Async Capable": false,"Index Name": "idx_orders_orderdate","Startup Cost": 0.00,"Total Cost": 817.10,"Plan Rows": 60067,"Plan Width": 0,"Actual Startup Time": 10.114,"Actual Total Time": 10.122,"Actual Rows": 56577,"Actual Loops": 1,"Index Cond": "((o_orderdate >= '1994-12-01'::date) AND (o_orderdate < '1995-03-01 00:00:00'::timestamp without time zone))","Workers": []}]},{"Node Type": "Index Scan","Parent Relationship": "Inner","Parallel Aware": false,"Async Capable": false,"Scan Direction": "Forward","Index Name": "idx_lineitem_orderkey","Relation Name": "lineitem","Alias": "lineitem","Startup Cost": 0.43,"Total Cost": 4.56,"Plan Rows": 4,"Plan Width": 16,"Actual Startup Time": 0.010,"Actual Total Time": 0.012,"Actual Rows": 2,"Actual Loops": 56577,"Index Cond": "(l_orderkey = orders.o_orderkey)","Rows Removed by Index Recheck": 0,"Filter": "(l_returnflag = 'R'::bpchar)","Rows Removed by Filter": 2,"Workers": []}]},{"Node Type": "Hash","Parent Relationship": "Inner","Parallel Aware": true,"Async Capable": false,"Startup Cost": 4210.00,"Total Cost": 4210.00,"Plan Rows": 62500,"Plan Width": 148,"Actual Startup Time": 54.812,"Actual Total Time": 54.818,"Actual Rows": 37500,"Actual Loops": 4,"Hash Buckets": 262144,"Original Hash Buckets": 262144,"Hash Batches": 1,"Original Hash Batches": 1,"Peak Memory Usage": 29312,"Workers": [],"Plans": [{"Node Type": "Seq Scan","Parent Relationship": "Outer","Parallel Aware": true,"Async Capable": false,"Relation Name": "customer","Alias": "customer","Startup Cost": 0.00,"Total Cost": 4210.00,"Plan Rows": 62500,"Plan Width": 148,"Actual Startup Time": 0.022,"Actual Total Time": 23.786,"Actual Rows": 37500,"Actual Loops": 4,"Workers": []}]}]},{"Node Type": "Hash","Parent Relationship": "Inner","Parallel Aware": false,"Async Capable": false,"Startup Cost": 1.25,"Total Cost": 1.25,"Plan Rows": 25,"Plan Width": 108,"Actual Startup Time": 0.089,"Actual Total Time": 0.092,"Actual Rows": 25,"Actual Loops": 4,"Hash Buckets": 1024,"Original Hash Buckets": 1024,"Hash Batches": 1,"Original Hash Batches": 1,"Peak Memory Usage": 10,"Workers": [],"Plans": [{"Node Type": "Seq Scan","Parent Relationship": "Outer","Parallel Aware": false,"Async Capable": false,"Relation Name": "nation","Alias": "nation","Startup Cost": 0.00,"Total Cost": 1.25,"Plan Rows": 25,"Plan Width": 108,"Actual Startup Time": 0.062,"Actual Total Time": 0.067,"Actual Rows": 25,"Actual Loops": 4,"Workers": []}]}]}]}]}]},"Planning Time": 7.387,"Triggers": [],"Execution Time": 611.176}]
[{"Plan": {"Node Type": "Sort","Parallel Aware": false,"Async Capable": false,"Startup Cost": 132166.82,"Total Cost": 132310.11,"Plan Rows": 57318,"Plan Width": 280,"Actual Startup Time": 590.000,"Actual Total Time": 630.537,"Actual Rows": 37972,"Actual Loops": 1,"Sort Key": ["(sum((lineitem.l_extendedprice * ('1'::numeric - lineitem.l_discount)))) DESC"],"Sort Method": "quicksort","Sort Space Used": 9843,"Sort Space Type": "Memory","Plans": [{"Node Type": "Aggregate","Strategy": "Hashed","Partial Mode": "Simple","Parent Relationship": "Outer","Parallel Aware": false,"Async Capable": false,"Startup Cost": 126920.30,"Total Cost": 127636.77,"Plan Rows": 57318,"Plan Width": 280,"Actual Startup Time": 413.108,"Actual Total Time": 556.129,"Actual Rows": 37972,"Actual Loops": 1,"Group Key": ["customer.c_custkey", "nation.n_name"],"Planned Partitions": 0,"HashAgg Batches": 1,"Peak Memory Usage": 26129,"Disk Usage": 0,"Plans": [{"Node Type": "Gather","Parent Relationship": "Outer","Parallel Aware": false,"Async Capable": false,"Startup Cost": 6798.29,"Total Cost": 126203.82,"Plan Rows": 57318,"Plan Width": 260,"Actual Startup Time": 77.619,"Actual Total Time": 286.194,"Actual Rows": 114459,"Actual Loops": 1,"Workers Planned": 3,"Workers Launched": 3,"Single Copy": false,"Plans": [{"Node Type": "Hash Join","Parent Relationship": "Outer","Parallel Aware": false,"Async Capable": false,"Join Type": "Inner","Startup Cost": 5798.29,"Total Cost": 119472.02,"Plan Rows": 18490,"Plan Width": 260,"Actual Startup Time": 70.122,"Actual Total Time": 358.029,"Actual Rows": 28615,"Actual Loops": 4,"Inner Unique": true,"Hash Cond": "(customer.c_nationkey = nation.n_nationkey)","Workers": [],"Plans": [{"Node Type": "Hash Join","Parent Relationship": "Outer","Parallel Aware": true,"Async Capable": false,"Join Type": "Inner","Startup Cost": 5796.73,"Total Cost": 119413.69,"Plan Rows": 18490,"Plan Width": 160,"Actual Startup Time": 69.815,"Actual Total Time": 349.575,"Actual Rows": 28615,"Actual Loops": 4,"Inner Unique": true,"Hash Cond": "(orders.o_custkey = customer.c_custkey)","Workers": [],"Plans": [{"Node Type": "Nested Loop","Parent Relationship": "Outer","Parallel Aware": false,"Async Capable": false,"Join Type": "Inner","Startup Cost": 805.48,"Total Cost": 114373.91,"Plan Rows": 18490,"Plan Width": 16,"Actual Startup Time": 13.081,"Actual Total Time": 249.954,"Actual Rows": 28615,"Actual Loops": 4,"Inner Unique": false,"Workers": [],"Plans": [{"Node Type": "Bitmap Heap Scan","Parent Relationship": "Outer","Parallel Aware": true,"Async Capable": false,"Relation Name": "orders","Alias": "orders","Startup Cost": 805.05,"Total Cost": 27181.70,"Plan Rows": 18776,"Plan Width": 8,"Actual Startup Time": 13.019,"Actual Total Time": 71.418,"Actual Rows": 14305,"Actual Loops": 4,"Recheck Cond": "((o_orderdate >= '1994-10-01'::date) AND (o_orderdate < '1995-01-01 00:00:00'::timestamp without time zone))","Rows Removed by Index Recheck": 0,"Exact Heap Blocks": 3518,"Lossy Heap Blocks": 0,"Workers": [],"Plans": [{"Node Type": "Bitmap Index Scan","Parent Relationship": "Outer","Parallel Aware": false,"Async Capable": false,"Index Name": "idx_orders_orderdate","Startup Cost": 0.00,"Total Cost": 790.50,"Plan Rows": 58207,"Plan Width": 0,"Actual Startup Time": 9.954,"Actual Total Time": 9.955,"Actual Rows": 57219,"Actual Loops": 1,"Index Cond": "((o_orderdate >= '1994-10-01'::date) AND (o_orderdate < '1995-01-01 00:00:00'::timestamp without time zone))","Workers": []}]},{"Node Type": "Index Scan","Parent Relationship": "Inner","Parallel Aware": false,"Async Capable": false,"Scan Direction": "Forward","Index Name": "idx_lineitem_orderkey","Relation Name": "lineitem","Alias": "lineitem","Startup Cost": 0.43,"Total Cost": 4.60,"Plan Rows": 4,"Plan Width": 16,"Actual Startup Time": 0.010,"Actual Total Time": 0.012,"Actual Rows": 2,"Actual Loops": 57219,"Index Cond": "(l_orderkey = orders.o_orderkey)","Rows Removed by Index Recheck": 0,"Filter": "(l_returnflag = 'R'::bpchar)","Rows Removed by Filter": 2,"Workers": []}]},{"Node Type": "Hash","Parent Relationship": "Inner","Parallel Aware": true,"Async Capable": false,"Startup Cost": 4210.00,"Total Cost": 4210.00,"Plan Rows": 62500,"Plan Width": 148,"Actual Startup Time": 56.184,"Actual Total Time": 56.192,"Actual Rows": 37500,"Actual Loops": 4,"Hash Buckets": 262144,"Original Hash Buckets": 262144,"Hash Batches": 1,"Original Hash Batches": 1,"Peak Memory Usage": 29344,"Workers": [],"Plans": [{"Node Type": "Seq Scan","Parent Relationship": "Outer","Parallel Aware": true,"Async Capable": false,"Relation Name": "customer","Alias": "customer","Startup Cost": 0.00,"Total Cost": 4210.00,"Plan Rows": 62500,"Plan Width": 148,"Actual Startup Time": 0.017,"Actual Total Time": 25.696,"Actual Rows": 37500,"Actual Loops": 4,"Workers": []}]}]},{"Node Type": "Hash","Parent Relationship": "Inner","Parallel Aware": false,"Async Capable": false,"Startup Cost": 1.25,"Total Cost": 1.25,"Plan Rows": 25,"Plan Width": 108,"Actual Startup Time": 0.071,"Actual Total Time": 0.075,"Actual Rows": 25,"Actual Loops": 4,"Hash Buckets": 1024,"Original Hash Buckets": 1024,"Hash Batches": 1,"Original Hash Batches": 1,"Peak Memory Usage": 10,"Workers": [],"Plans": [{"Node Type": "Seq Scan","Parent Relationship": "Outer","Parallel Aware": false,"Async Capable": false,"Relation Name": "nation","Alias": "nation","Startup Cost": 0.00,"Total Cost": 1.25,"Plan Rows": 25,"Plan Width": 108,"Actual Startup Time": 0.050,"Actual Total Time": 0.053,"Actual Rows": 25,"Actual Loops": 4,"Workers": []}]}]}]}]}]},"Planning Time": 7.724,"Triggers": [],"Execution Time": 636.921}]
[{"Plan": {"Node Type": "Sort","Parallel Aware": false,"Async Capable": false,"Startup Cost": 131375.21,"Total Cost": 131517.01,"Plan Rows": 56721,"Plan Width": 280,"Actual Startup Time": 563.067,"Actual Total Time": 603.830,"Actual Rows": 37302,"Actual Loops": 1,"Sort Key": ["(sum((lineitem.l_extendedprice * ('1'::numeric - lineitem.l_discount)))) DESC"],"Sort Method": "quicksort","Sort Space Used": 9696,"Sort Space Type": "Memory","Plans": [{"Node Type": "Aggregate","Strategy": "Hashed","Partial Mode": "Simple","Parent Relationship": "Outer","Parallel Aware": false,"Async Capable": false,"Startup Cost": 126187.62,"Total Cost": 126896.63,"Plan Rows": 56721,"Plan Width": 280,"Actual Startup Time": 390.529,"Actual Total Time": 528.800,"Actual Rows": 37302,"Actual Loops": 1,"Group Key": ["customer.c_custkey", "nation.n_name"],"Planned Partitions": 0,"HashAgg Batches": 1,"Peak Memory Usage": 26129,"Disk Usage": 0,"Plans": [{"Node Type": "Gather","Parent Relationship": "Outer","Parallel Aware": false,"Async Capable": false,"Startup Cost": 6792.07,"Total Cost": 125478.61,"Plan Rows": 56721,"Plan Width": 260,"Actual Startup Time": 74.264,"Actual Total Time": 271.853,"Actual Rows": 111987,"Actual Loops": 1,"Workers Planned": 3,"Workers Launched": 3,"Single Copy": false,"Plans": [{"Node Type": "Hash Join","Parent Relationship": "Outer","Parallel Aware": false,"Async Capable": false,"Join Type": "Inner","Startup Cost": 5792.07,"Total Cost": 118806.51,"Plan Rows": 18297,"Plan Width": 260,"Actual Startup Time": 66.885,"Actual Total Time": 338.409,"Actual Rows": 27997,"Actual Loops": 4,"Inner Unique": true,"Hash Cond": "(customer.c_nationkey = nation.n_nationkey)","Workers": [],"Plans": [{"Node Type": "Hash Join","Parent Relationship": "Outer","Parallel Aware": true,"Async Capable": false,"Join Type": "Inner","Startup Cost": 5790.51,"Total Cost": 118748.77,"Plan Rows": 18297,"Plan Width": 160,"Actual Startup Time": 66.491,"Actual Total Time": 330.614,"Actual Rows": 27997,"Actual Loops": 4,"Inner Unique": true,"Hash Cond": "(orders.o_custkey = customer.c_custkey)","Workers": [],"Plans": [{"Node Type": "Nested Loop","Parent Relationship": "Outer","Parallel Aware": false,"Async Capable": false,"Join Type": "Inner","Startup Cost": 799.26,"Total Cost": 113709.49,"Plan Rows": 18297,"Plan Width": 16,"Actual Startup Time": 13.178,"Actual Total Time": 239.311,"Actual Rows": 27997,"Actual Loops": 4,"Inner Unique": false,"Workers": [],"Plans": [{"Node Type": "Bitmap Heap Scan","Parent Relationship": "Outer","Parallel Aware": true,"Async Capable": false,"Relation Name": "orders","Alias": "orders","Startup Cost": 798.83,"Total Cost": 27172.54,"Plan Rows": 18580,"Plan Width": 8,"Actual Startup Time": 13.117,"Actual Total Time": 66.928,"Actual Rows": 13993,"Actual Loops": 4,"Recheck Cond": "((o_orderdate >= '1993-12-01'::date) AND (o_orderdate < '1994-03-01 00:00:00'::timestamp without time zone))","Rows Removed by Index Recheck": 0,"Exact Heap Blocks": 3558,"Lossy Heap Blocks": 0,"Workers": [],"Plans": [{"Node Type": "Bitmap Index Scan","Parent Relationship": "Outer","Parallel Aware": false,"Async Capable": false,"Index Name": "idx_orders_orderdate","Startup Cost": 0.00,"Total Cost": 784.43,"Plan Rows": 57600,"Plan Width": 0,"Actual Startup Time": 10.042,"Actual Total Time": 10.048,"Actual Rows": 55973,"Actual Loops": 1,"Index Cond": "((o_orderdate >= '1993-12-01'::date) AND (o_orderdate < '1994-03-01 00:00:00'::timestamp without time zone))","Workers": []}]},{"Node Type": "Index Scan","Parent Relationship": "Inner","Parallel Aware": false,"Async Capable": false,"Scan Direction": "Forward","Index Name": "idx_lineitem_orderkey","Relation Name": "lineitem","Alias": "lineitem","Startup Cost": 0.43,"Total Cost": 4.62,"Plan Rows": 4,"Plan Width": 16,"Actual Startup Time": 0.010,"Actual Total Time": 0.012,"Actual Rows": 2,"Actual Loops": 55973,"Index Cond": "(l_orderkey = orders.o_orderkey)","Rows Removed by Index Recheck": 0,"Filter": "(l_returnflag = 'R'::bpchar)","Rows Removed by Filter": 2,"Workers": []}]},{"Node Type": "Hash","Parent Relationship": "Inner","Parallel Aware": true,"Async Capable": false,"Startup Cost": 4210.00,"Total Cost": 4210.00,"Plan Rows": 62500,"Plan Width": 148,"Actual Startup Time": 52.746,"Actual Total Time": 52.755,"Actual Rows": 37500,"Actual Loops": 4,"Hash Buckets": 262144,"Original Hash Buckets": 262144,"Hash Batches": 1,"Original Hash Batches": 1,"Peak Memory Usage": 29312,"Workers": [],"Plans": [{"Node Type": "Seq Scan","Parent Relationship": "Outer","Parallel Aware": true,"Async Capable": false,"Relation Name": "customer","Alias": "customer","Startup Cost": 0.00,"Total Cost": 4210.00,"Plan Rows": 62500,"Plan Width": 148,"Actual Startup Time": 0.028,"Actual Total Time": 23.004,"Actual Rows": 37500,"Actual Loops": 4,"Workers": []}]}]},{"Node Type": "Hash","Parent Relationship": "Inner","Parallel Aware": false,"Async Capable": false,"Startup Cost": 1.25,"Total Cost": 1.25,"Plan Rows": 25,"Plan Width": 108,"Actual Startup Time": 0.099,"Actual Total Time": 0.105,"Actual Rows": 25,"Actual Loops": 4,"Hash Buckets": 1024,"Original Hash Buckets": 1024,"Hash Batches": 1,"Original Hash Batches": 1,"Peak Memory Usage": 10,"Workers": [],"Plans": [{"Node Type": "Seq Scan","Parent Relationship": "Outer","Parallel Aware": false,"Async Capable": false,"Relation Name": "nation","Alias": "nation","Startup Cost": 0.00,"Total Cost": 1.25,"Plan Rows": 25,"Plan Width": 108,"Actual Startup Time": 0.067,"Actual Total Time": 0.074,"Actual Rows": 25,"Actual Loops": 4,"Workers": []}]}]}]}]}]},"Planning Time": 6.321,"Triggers": [],"Execution Time": 609.357}]
[{"Plan": {"Node Type": "Sort","Parallel Aware": false,"Async Capable": false,"Startup Cost": 131080.21,"Total Cost": 131221.46,"Plan Rows": 56499,"Plan Width": 280,"Actual Startup Time": 607.607,"Actual Total Time": 646.377,"Actual Rows": 37607,"Actual Loops": 1,"Sort Key": ["(sum((lineitem.l_extendedprice * ('1'::numeric - lineitem.l_discount)))) DESC"],"Sort Method": "quicksort","Sort Space Used": 9755,"Sort Space Type": "Memory","Plans": [{"Node Type": "Aggregate","Strategy": "Hashed","Partial Mode": "Simple","Parent Relationship": "Outer","Parallel Aware": false,"Async Capable": false,"Startup Cost": 125914.53,"Total Cost": 126620.77,"Plan Rows": 56499,"Plan Width": 280,"Actual Startup Time": 421.745,"Actual Total Time": 572.585,"Actual Rows": 37607,"Actual Loops": 1,"Group Key": ["customer.c_custkey", "nation.n_name"],"Planned Partitions": 0,"HashAgg Batches": 1,"Peak Memory Usage": 26129,"Disk Usage": 0,"Plans": [{"Node Type": "Gather","Parent Relationship": "Outer","Parallel Aware": false,"Async Capable": false,"Startup Cost": 6785.77,"Total Cost": 125208.29,"Plan Rows": 56499,"Plan Width": 260,"Actual Startup Time": 84.737,"Actual Total Time": 294.745,"Actual Rows": 112798,"Actual Loops": 1,"Workers Planned": 3,"Workers Launched": 3,"Single Copy": false,"Plans": [{"Node Type": "Hash Join","Parent Relationship": "Outer","Parallel Aware": false,"Async Capable": false,"Join Type": "Inner","Startup Cost": 5785.77,"Total Cost": 118558.39,"Plan Rows": 18225,"Plan Width": 260,"Actual Startup Time": 77.703,"Actual Total Time": 365.765,"Actual Rows": 28200,"Actual Loops": 4,"Inner Unique": true,"Hash Cond": "(customer.c_nationkey = nation.n_nationkey)","Workers": [],"Plans": [{"Node Type": "Hash Join","Parent Relationship": "Outer","Parallel Aware": true,"Async Capable": false,"Join Type": "Inner","Startup Cost": 5784.20,"Total Cost": 118500.88,"Plan Rows": 18225,"Plan Width": 160,"Actual Startup Time": 77.334,"Actual Total Time": 357.276,"Actual Rows": 28200,"Actual Loops": 4,"Inner Unique": true,"Hash Cond": "(orders.o_custkey = customer.c_custkey)","Workers": [],"Plans": [{"Node Type": "Nested Loop","Parent Relationship": "Outer","Parallel Aware": false,"Async Capable": false,"Join Type": "Inner","Startup Cost": 792.95,"Total Cost": 113461.79,"Plan Rows": 18225,"Plan Width": 16,"Actual Startup Time": 13.152,"Actual Total Time": 254.573,"Actual Rows": 28200,"Actual Loops": 4,"Inner Unique": false,"Workers": [],"Plans": [{"Node Type": "Bitmap Heap Scan","Parent Relationship": "Outer","Parallel Aware": true,"Async Capable": false,"Relation Name": "orders","Alias": "orders","Startup Cost": 792.52,"Total Cost": 27165.14,"Plan Rows": 18508,"Plan Width": 8,"Actual Startup Time": 13.088,"Actual Total Time": 71.143,"Actual Rows": 14087,"Actual Loops": 4,"Recheck Cond": "((o_orderdate >= '1994-01-01'::date) AND (o_orderdate < '1994-04-01 00:00:00'::timestamp without time zone))","Rows Removed by Index Recheck": 0,"Exact Heap Blocks": 3702,"Lossy Heap Blocks": 0,"Workers": [],"Plans": [{"Node Type": "Bitmap Index Scan","Parent Relationship": "Outer","Parallel Aware": false,"Async Capable": false,"Index Name": "idx_orders_orderdate","Startup Cost": 0.00,"Total Cost": 778.18,"Plan Rows": 57375,"Plan Width": 0,"Actual Startup Time": 9.927,"Actual Total Time": 9.934,"Actual Rows": 56349,"Actual Loops": 1,"Index Cond": "((o_orderdate >= '1994-01-01'::date) AND (o_orderdate < '1994-04-01 00:00:00'::timestamp without time zone))","Workers": []}]},{"Node Type": "Index Scan","Parent Relationship": "Inner","Parallel Aware": false,"Async Capable": false,"Scan Direction": "Forward","Index Name": "idx_lineitem_orderkey","Relation Name": "lineitem","Alias": "lineitem","Startup Cost": 0.43,"Total Cost": 4.62,"Plan Rows": 4,"Plan Width": 16,"Actual Startup Time": 0.011,"Actual Total Time": 0.013,"Actual Rows": 2,"Actual Loops": 56349,"Index Cond": "(l_orderkey = orders.o_orderkey)","Rows Removed by Index Recheck": 0,"Filter": "(l_returnflag = 'R'::bpchar)","Rows Removed by Filter": 2,"Workers": []}]},{"Node Type": "Hash","Parent Relationship": "Inner","Parallel Aware": true,"Async Capable": false,"Startup Cost": 4210.00,"Total Cost": 4210.00,"Plan Rows": 62500,"Plan Width": 148,"Actual Startup Time": 63.582,"Actual Total Time": 63.588,"Actual Rows": 37500,"Actual Loops": 4,"Hash Buckets": 262144,"Original Hash Buckets": 262144,"Hash Batches": 1,"Original Hash Batches": 1,"Peak Memory Usage": 29312,"Workers": [],"Plans": [{"Node Type": "Seq Scan","Parent Relationship": "Outer","Parallel Aware": true,"Async Capable": false,"Relation Name": "customer","Alias": "customer","Startup Cost": 0.00,"Total Cost": 4210.00,"Plan Rows": 62500,"Plan Width": 148,"Actual Startup Time": 0.028,"Actual Total Time": 28.690,"Actual Rows": 37500,"Actual Loops": 4,"Workers": []}]}]},{"Node Type": "Hash","Parent Relationship": "Inner","Parallel Aware": false,"Async Capable": false,"Startup Cost": 1.25,"Total Cost": 1.25,"Plan Rows": 25,"Plan Width": 108,"Actual Startup Time": 0.094,"Actual Total Time": 0.100,"Actual Rows": 25,"Actual Loops": 4,"Hash Buckets": 1024,"Original Hash Buckets": 1024,"Hash Batches": 1,"Original Hash Batches": 1,"Peak Memory Usage": 10,"Workers": [],"Plans": [{"Node Type": "Seq Scan","Parent Relationship": "Outer","Parallel Aware": false,"Async Capable": false,"Relation Name": "nation","Alias": "nation","Startup Cost": 0.00,"Total Cost": 1.25,"Plan Rows": 25,"Plan Width": 108,"Actual Startup Time": 0.060,"Actual Total Time": 0.067,"Actual Rows": 25,"Actual Loops": 4,"Workers": []}]}]}]}]}]},"Planning Time": 7.215,"Triggers": [],"Execution Time": 650.753}]
[{"Plan": {"Node Type": "Sort","Parallel Aware": false,"Async Capable": false,"Startup Cost": 129285.16,"Total Cost": 129423.04,"Plan Rows": 55152,"Plan Width": 280,"Actual Startup Time": 594.195,"Actual Total Time": 635.058,"Actual Rows": 37857,"Actual Loops": 1,"Sort Key": ["(sum((lineitem.l_extendedprice * ('1'::numeric - lineitem.l_discount)))) DESC"],"Sort Method": "quicksort","Sort Space Used": 9823,"Sort Space Type": "Memory","Plans": [{"Node Type": "Aggregate","Strategy": "Hashed","Partial Mode": "Simple","Parent Relationship": "Outer","Parallel Aware": false,"Async Capable": false,"Startup Cost": 124252.23,"Total Cost": 124941.63,"Plan Rows": 55152,"Plan Width": 280,"Actual Startup Time": 414.188,"Actual Total Time": 557.916,"Actual Rows": 37857,"Actual Loops": 1,"Group Key": ["customer.c_custkey", "nation.n_name"],"Planned Partitions": 0,"HashAgg Batches": 1,"Peak Memory Usage": 26129,"Disk Usage": 0,"Plans": [{"Node Type": "Gather","Parent Relationship": "Outer","Parallel Aware": false,"Async Capable": false,"Startup Cost": 6767.74,"Total Cost": 123562.83,"Plan Rows": 55152,"Plan Width": 260,"Actual Startup Time": 77.793,"Actual Total Time": 289.359,"Actual Rows": 114326,"Actual Loops": 1,"Workers Planned": 3,"Workers Launched": 3,"Single Copy": false,"Plans": [{"Node Type": "Hash Join","Parent Relationship": "Outer","Parallel Aware": false,"Async Capable": false,"Join Type": "Inner","Startup Cost": 5767.74,"Total Cost": 117047.63,"Plan Rows": 17791,"Plan Width": 260,"Actual Startup Time": 70.168,"Actual Total Time": 358.948,"Actual Rows": 28582,"Actual Loops": 4,"Inner Unique": true,"Hash Cond": "(customer.c_nationkey = nation.n_nationkey)","Workers": [],"Plans": [{"Node Type": "Hash Join","Parent Relationship": "Outer","Parallel Aware": true,"Async Capable": false,"Join Type": "Inner","Startup Cost": 5766.18,"Total Cost": 116991.45,"Plan Rows": 17791,"Plan Width": 160,"Actual Startup Time": 69.698,"Actual Total Time": 349.487,"Actual Rows": 28582,"Actual Loops": 4,"Inner Unique": true,"Hash Cond": "(orders.o_custkey = customer.c_custkey)","Workers": [],"Plans": [{"Node Type": "Nested Loop","Parent Relationship": "Outer","Parallel Aware": false,"Async Capable": false,"Join Type": "Inner","Startup Cost": 774.93,"Total Cost": 111953.49,"Plan Rows": 17791,"Plan Width": 16,"Actual Startup Time": 12.978,"Actual Total Time": 249.911,"Actual Rows": 28582,"Actual Loops": 4,"Inner Unique": false,"Workers": [],"Plans": [{"Node Type": "Bitmap Heap Scan","Parent Relationship": "Outer","Parallel Aware": true,"Async Capable": false,"Relation Name": "orders","Alias": "orders","Startup Cost": 774.50,"Total Cost": 27140.50,"Plan Rows": 18067,"Plan Width": 8,"Actual Startup Time": 12.915,"Actual Total Time": 70.510,"Actual Rows": 14320,"Actual Loops": 4,"Recheck Cond": "((o_orderdate >= '1993-06-01'::date) AND (o_orderdate < '1993-09-01 00:00:00'::timestamp without time zone))","Rows Removed by Index Recheck": 0,"Exact Heap Blocks": 3550,"Lossy Heap Blocks": 0,"Workers": [],"Plans": [{"Node Type": "Bitmap Index Scan","Parent Relationship": "Outer","Parallel Aware": false,"Async Capable": false,"Index Name": "idx_orders_orderdate","Startup Cost": 0.00,"Total Cost": 760.50,"Plan Rows": 56007,"Plan Width": 0,"Actual Startup Time": 9.843,"Actual Total Time": 9.846,"Actual Rows": 57280,"Actual Loops": 1,"Index Cond": "((o_orderdate >= '1993-06-01'::date) AND (o_orderdate < '1993-09-01 00:00:00'::timestamp without time zone))","Workers": []}]},{"Node Type": "Index Scan","Parent Relationship": "Inner","Parallel Aware": false,"Async Capable": false,"Scan Direction": "Forward","Index Name": "idx_lineitem_orderkey","Relation Name": "lineitem","Alias": "lineitem","Startup Cost": 0.43,"Total Cost": 4.65,"Plan Rows": 4,"Plan Width": 16,"Actual Startup Time": 0.010,"Actual Total Time": 0.012,"Actual Rows": 2,"Actual Loops": 57280,"Index Cond": "(l_orderkey = orders.o_orderkey)","Rows Removed by Index Recheck": 0,"Filter": "(l_returnflag = 'R'::bpchar)","Rows Removed by Filter": 2,"Workers": []}]},{"Node Type": "Hash","Parent Relationship": "Inner","Parallel Aware": true,"Async Capable": false,"Startup Cost": 4210.00,"Total Cost": 4210.00,"Plan Rows": 62500,"Plan Width": 148,"Actual Startup Time": 56.151,"Actual Total Time": 56.157,"Actual Rows": 37500,"Actual Loops": 4,"Hash Buckets": 262144,"Original Hash Buckets": 262144,"Hash Batches": 1,"Original Hash Batches": 1,"Peak Memory Usage": 29312,"Workers": [],"Plans": [{"Node Type": "Seq Scan","Parent Relationship": "Outer","Parallel Aware": true,"Async Capable": false,"Relation Name": "customer","Alias": "customer","Startup Cost": 0.00,"Total Cost": 4210.00,"Plan Rows": 62500,"Plan Width": 148,"Actual Startup Time": 0.028,"Actual Total Time": 26.217,"Actual Rows": 37500,"Actual Loops": 4,"Workers": []}]}]},{"Node Type": "Hash","Parent Relationship": "Inner","Parallel Aware": false,"Async Capable": false,"Startup Cost": 1.25,"Total Cost": 1.25,"Plan Rows": 25,"Plan Width": 108,"Actual Startup Time": 0.109,"Actual Total Time": 0.115,"Actual Rows": 25,"Actual Loops": 4,"Hash Buckets": 1024,"Original Hash Buckets": 1024,"Hash Batches": 1,"Original Hash Batches": 1,"Peak Memory Usage": 10,"Workers": [],"Plans": [{"Node Type": "Seq Scan","Parent Relationship": "Outer","Parallel Aware": false,"Async Capable": false,"Relation Name": "nation","Alias": "nation","Startup Cost": 0.00,"Total Cost": 1.25,"Plan Rows": 25,"Plan Width": 108,"Actual Startup Time": 0.076,"Actual Total Time": 0.083,"Actual Rows": 25,"Actual Loops": 4,"Workers": []}]}]}]}]}]},"Planning Time": 6.852,"Triggers": [],"Execution Time": 641.259}]
[{"Plan": {"Node Type": "Sort","Parallel Aware": false,"Async Capable": false,"Startup Cost": 130909.78,"Total Cost": 131050.70,"Plan Rows": 56371,"Plan Width": 280,"Actual Startup Time": 586.743,"Actual Total Time": 630.152,"Actual Rows": 38263,"Actual Loops": 1,"Sort Key": ["(sum((lineitem.l_extendedprice * ('1'::numeric - lineitem.l_discount)))) DESC"],"Sort Method": "quicksort","Sort Space Used": 9899,"Sort Space Type": "Memory","Plans": [{"Node Type": "Aggregate","Strategy": "Hashed","Partial Mode": "Simple","Parent Relationship": "Outer","Parallel Aware": false,"Async Capable": false,"Startup Cost": 125756.71,"Total Cost": 126461.35,"Plan Rows": 56371,"Plan Width": 280,"Actual Startup Time": 417.199,"Actual Total Time": 554.225,"Actual Rows": 38263,"Actual Loops": 1,"Group Key": ["customer.c_custkey", "nation.n_name"],"Planned Partitions": 0,"HashAgg Batches": 1,"Peak Memory Usage": 26129,"Disk Usage": 0,"Plans": [{"Node Type": "Gather","Parent Relationship": "Outer","Parallel Aware": false,"Async Capable": false,"Startup Cost": 6784.43,"Total Cost": 125052.08,"Plan Rows": 56371,"Plan Width": 260,"Actual Startup Time": 75.828,"Actual Total Time": 292.854,"Actual Rows": 114665,"Actual Loops": 1,"Workers Planned": 3,"Workers Launched": 3,"Single Copy": false,"Plans": [{"Node Type": "Hash Join","Parent Relationship": "Outer","Parallel Aware": false,"Async Capable": false,"Join Type": "Inner","Startup Cost": 5784.43,"Total Cost": 118414.98,"Plan Rows": 18184,"Plan Width": 260,"Actual Startup Time": 68.693,"Actual Total Time": 360.677,"Actual Rows": 28666,"Actual Loops": 4,"Inner Unique": true,"Hash Cond": "(customer.c_nationkey = nation.n_nationkey)","Workers": [],"Plans": [{"Node Type": "Hash Join","Parent Relationship": "Outer","Parallel Aware": true,"Async Capable": false,"Join Type": "Inner","Startup Cost": 5782.87,"Total Cost": 118357.59,"Plan Rows": 18184,"Plan Width": 160,"Actual Startup Time": 68.338,"Actual Total Time": 351.919,"Actual Rows": 28666,"Actual Loops": 4,"Inner Unique": true,"Hash Cond": "(orders.o_custkey = customer.c_custkey)","Workers": [],"Plans": [{"Node Type": "Nested Loop","Parent Relationship": "Outer","Parallel Aware": false,"Async Capable": false,"Join Type": "Inner","Startup Cost": 791.62,"Total Cost": 113318.61,"Plan Rows": 18184,"Plan Width": 16,"Actual Startup Time": 13.513,"Actual Total Time": 254.371,"Actual Rows": 28666,"Actual Loops": 4,"Inner Unique": false,"Workers": [],"Plans": [{"Node Type": "Bitmap Heap Scan","Parent Relationship": "Outer","Parallel Aware": true,"Async Capable": false,"Relation Name": "orders","Alias": "orders","Startup Cost": 791.19,"Total Cost": 27163.18,"Plan Rows": 18466,"Plan Width": 8,"Actual Startup Time": 13.445,"Actual Total Time": 71.425,"Actual Rows": 14346,"Actual Loops": 4,"Recheck Cond": "((o_orderdate >= '1994-07-01'::date) AND (o_orderdate < '1994-10-01 00:00:00'::timestamp without time zone))","Rows Removed by Index Recheck": 0,"Exact Heap Blocks": 3489,"Lossy Heap Blocks": 0,"Workers": [],"Plans": [{"Node Type": "Bitmap Index Scan","Parent Relationship": "Outer","Parallel Aware": false,"Async Capable": false,"Index Name": "idx_orders_orderdate","Startup Cost": 0.00,"Total Cost": 776.88,"Plan Rows": 57245,"Plan Width": 0,"Actual Startup Time": 10.310,"Actual Total Time": 10.312,"Actual Rows": 57384,"Actual Loops": 1,"Index Cond": "((o_orderdate >= '1994-07-01'::date) AND (o_orderdate < '1994-10-01 00:00:00'::timestamp without time zone))","Workers": []}]},{"Node Type": "Index Scan","Parent Relationship": "Inner","Parallel Aware": false,"Async Capable": false,"Scan Direction": "Forward","Index Name": "idx_lineitem_orderkey","Relation Name": "lineitem","Alias": "lineitem","Startup Cost": 0.43,"Total Cost": 4.63,"Plan Rows": 4,"Plan Width": 16,"Actual Startup Time": 0.010,"Actual Total Time": 0.012,"Actual Rows": 2,"Actual Loops": 57384,"Index Cond": "(l_orderkey = orders.o_orderkey)","Rows Removed by Index Recheck": 0,"Filter": "(l_returnflag = 'R'::bpchar)","Rows Removed by Filter": 2,"Workers": []}]},{"Node Type": "Hash","Parent Relationship": "Inner","Parallel Aware": true,"Async Capable": false,"Startup Cost": 4210.00,"Total Cost": 4210.00,"Plan Rows": 62500,"Plan Width": 148,"Actual Startup Time": 54.206,"Actual Total Time": 54.213,"Actual Rows": 37500,"Actual Loops": 4,"Hash Buckets": 262144,"Original Hash Buckets": 262144,"Hash Batches": 1,"Original Hash Batches": 1,"Peak Memory Usage": 29312,"Workers": [],"Plans": [{"Node Type": "Seq Scan","Parent Relationship": "Outer","Parallel Aware": true,"Async Capable": false,"Relation Name": "customer","Alias": "customer","Startup Cost": 0.00,"Total Cost": 4210.00,"Plan Rows": 62500,"Plan Width": 148,"Actual Startup Time": 0.020,"Actual Total Time": 23.974,"Actual Rows": 37500,"Actual Loops": 4,"Workers": []}]}]},{"Node Type": "Hash","Parent Relationship": "Inner","Parallel Aware": false,"Async Capable": false,"Startup Cost": 1.25,"Total Cost": 1.25,"Plan Rows": 25,"Plan Width": 108,"Actual Startup Time": 0.080,"Actual Total Time": 0.085,"Actual Rows": 25,"Actual Loops": 4,"Hash Buckets": 1024,"Original Hash Buckets": 1024,"Hash Batches": 1,"Original Hash Batches": 1,"Peak Memory Usage": 10,"Workers": [],"Plans": [{"Node Type": "Seq Scan","Parent Relationship": "Outer","Parallel Aware": false,"Async Capable": false,"Relation Name": "nation","Alias": "nation","Startup Cost": 0.00,"Total Cost": 1.25,"Plan Rows": 25,"Plan Width": 108,"Actual Startup Time": 0.053,"Actual Total Time": 0.059,"Actual Rows": 25,"Actual Loops": 4,"Workers": []}]}]}]}]}]},"Planning Time": 7.471,"Triggers": [],"Execution Time": 636.412}]
[{"Plan": {"Node Type": "Sort","Parallel Aware": false,"Async Capable": false,"Startup Cost": 131436.35,"Total Cost": 131578.26,"Plan Rows": 56763,"Plan Width": 280,"Actual Startup Time": 596.282,"Actual Total Time": 636.846,"Actual Rows": 38114,"Actual Loops": 1,"Sort Key": ["(sum((lineitem.l_extendedprice * ('1'::numeric - lineitem.l_discount)))) DESC"],"Sort Method": "quicksort","Sort Space Used": 9872,"Sort Space Type": "Memory","Plans": [{"Node Type": "Aggregate","Strategy": "Hashed","Partial Mode": "Simple","Parent Relationship": "Outer","Parallel Aware": false,"Async Capable": false,"Startup Cost": 126244.62,"Total Cost": 126954.16,"Plan Rows": 56763,"Plan Width": 280,"Actual Startup Time": 413.428,"Actual Total Time": 560.180,"Actual Rows": 38114,"Actual Loops": 1,"Group Key": ["customer.c_custkey", "nation.n_name"],"Planned Partitions": 0,"HashAgg Batches": 1,"Peak Memory Usage": 26129,"Disk Usage": 0,"Plans": [{"Node Type": "Gather","Parent Relationship": "Outer","Parallel Aware": false,"Async Capable": false,"Startup Cost": 6792.51,"Total Cost": 125535.08,"Plan Rows": 56763,"Plan Width": 260,"Actual Startup Time": 80.448,"Actual Total Time": 288.766,"Actual Rows": 115292,"Actual Loops": 1,"Workers Planned": 3,"Workers Launched": 3,"Single Copy": false,"Plans": [{"Node Type": "Hash Join","Parent Relationship": "Outer","Parallel Aware": false,"Async Capable": false,"Join Type": "Inner","Startup Cost": 5792.51,"Total Cost": 118858.78,"Plan Rows": 18311,"Plan Width": 260,"Actual Startup Time": 72.950,"Actual Total Time": 358.700,"Actual Rows": 28823,"Actual Loops": 4,"Inner Unique": true,"Hash Cond": "(customer.c_nationkey = nation.n_nationkey)","Workers": [],"Plans": [{"Node Type": "Hash Join","Parent Relationship": "Outer","Parallel Aware": true,"Async Capable": false,"Join Type": "Inner","Startup Cost": 5790.95,"Total Cost": 118801.01,"Plan Rows": 18311,"Plan Width": 160,"Actual Startup Time": 72.543,"Actual Total Time": 350.000,"Actual Rows": 28823,"Actual Loops": 4,"Inner Unique": true,"Hash Cond": "(orders.o_custkey = customer.c_custkey)","Workers": [],"Plans": [{"Node Type": "Nested Loop","Parent Relationship": "Outer","Parallel Aware": false,"Async Capable": false,"Join Type": "Inner","Startup Cost": 799.70,"Total Cost": 113761.69,"Plan Rows": 18311,"Plan Width": 16,"Actual Startup Time": 13.260,"Actual Total Time": 248.922,"Actual Rows": 28823,"Actual Loops": 4,"Inner Unique": false,"Workers": [],"Plans": [{"Node Type": "Bitmap Heap Scan","Parent Relationship": "Outer","Parallel Aware": true,"Async Capable": false,"Relation Name": "orders","Alias": "orders","Startup Cost": 799.27,"Total Cost": 27173.19,"Plan Rows": 18595,"Plan Width": 8,"Actual Startup Time": 13.182,"Actual Total Time": 70.570,"Actual Rows": 14333,"Actual Loops": 4,"Recheck Cond": "((o_orderdate >= '1993-11-01'::date) AND (o_orderdate < '1994-02-01 00:00:00'::timestamp without time zone))","Rows Removed by Index Recheck": 0,"Exact Heap Blocks": 3544,"Lossy Heap Blocks": 0,"Workers": [],"Plans": [{"Node Type": "Bitmap Index Scan","Parent Relationship": "Outer","Parallel Aware": false,"Async Capable": false,"Index Name": "idx_orders_orderdate","Startup Cost": 0.00,"Total Cost": 784.86,"Plan Rows": 57643,"Plan Width": 0,"Actual Startup Time": 10.101,"Actual Total Time": 10.105,"Actual Rows": 57332,"Actual Loops": 1,"Index Cond": "((o_orderdate >= '1993-11-01'::date) AND (o_orderdate < '1994-02-01 00:00:00'::timestamp without time zone))","Workers": []}]},{"Node Type": "Index Scan","Parent Relationship": "Inner","Parallel Aware": false,"Async Capable": false,"Scan Direction": "Forward","Index Name": "idx_lineitem_orderkey","Relation Name": "lineitem","Alias": "lineitem","Startup Cost": 0.43,"Total Cost": 4.62,"Plan Rows": 4,"Plan Width": 16,"Actual Startup Time": 0.010,"Actual Total Time": 0.012,"Actual Rows": 2,"Actual Loops": 57332,"Index Cond": "(l_orderkey = orders.o_orderkey)","Rows Removed by Index Recheck": 0,"Filter": "(l_returnflag = 'R'::bpchar)","Rows Removed by Filter": 2,"Workers": []}]},{"Node Type": "Hash","Parent Relationship": "Inner","Parallel Aware": true,"Async Capable": false,"Startup Cost": 4210.00,"Total Cost": 4210.00,"Plan Rows": 62500,"Plan Width": 148,"Actual Startup Time": 58.656,"Actual Total Time": 58.664,"Actual Rows": 37500,"Actual Loops": 4,"Hash Buckets": 262144,"Original Hash Buckets": 262144,"Hash Batches": 1,"Original Hash Batches": 1,"Peak Memory Usage": 29312,"Workers": [],"Plans": [{"Node Type": "Seq Scan","Parent Relationship": "Outer","Parallel Aware": true,"Async Capable": false,"Relation Name": "customer","Alias": "customer","Startup Cost": 0.00,"Total Cost": 4210.00,"Plan Rows": 62500,"Plan Width": 148,"Actual Startup Time": 0.024,"Actual Total Time": 26.516,"Actual Rows": 37500,"Actual Loops": 4,"Workers": []}]}]},{"Node Type": "Hash","Parent Relationship": "Inner","Parallel Aware": false,"Async Capable": false,"Startup Cost": 1.25,"Total Cost": 1.25,"Plan Rows": 25,"Plan Width": 108,"Actual Startup Time": 0.099,"Actual Total Time": 0.104,"Actual Rows": 25,"Actual Loops": 4,"Hash Buckets": 1024,"Original Hash Buckets": 1024,"Hash Batches": 1,"Original Hash Batches": 1,"Peak Memory Usage": 10,"Workers": [],"Plans": [{"Node Type": "Seq Scan","Parent Relationship": "Outer","Parallel Aware": false,"Async Capable": false,"Relation Name": "nation","Alias": "nation","Startup Cost": 0.00,"Total Cost": 1.25,"Plan Rows": 25,"Plan Width": 108,"Actual Startup Time": 0.069,"Actual Total Time": 0.076,"Actual Rows": 25,"Actual Loops": 4,"Workers": []}]}]}]}]}]},"Planning Time": 7.017,"Triggers": [],"Execution Time": 642.875}]
[{"Plan": {"Node Type": "Sort","Parallel Aware": false,"Async Capable": false,"Startup Cost": 131080.21,"Total Cost": 131221.46,"Plan Rows": 56499,"Plan Width": 280,"Actual Startup Time": 607.607,"Actual Total Time": 646.377,"Actual Rows": 37607,"Actual Loops": 1,"Sort Key": ["(sum((lineitem.l_extendedprice * ('1'::numeric - lineitem.l_discount)))) DESC"],"Sort Method": "quicksort","Sort Space Used": 9755,"Sort Space Type": "Memory","Plans": [{"Node Type": "Aggregate","Strategy": "Hashed","Partial Mode": "Simple","Parent Relationship": "Outer","Parallel Aware": false,"Async Capable": false,"Startup Cost": 125914.53,"Total Cost": 126620.77,"Plan Rows": 56499,"Plan Width": 280,"Actual Startup Time": 421.745,"Actual Total Time": 572.585,"Actual Rows": 37607,"Actual Loops": 1,"Group Key": ["customer.c_custkey", "nation.n_name"],"Planned Partitions": 0,"HashAgg Batches": 1,"Peak Memory Usage": 26129,"Disk Usage": 0,"Plans": [{"Node Type": "Gather","Parent Relationship": "Outer","Parallel Aware": false,"Async Capable": false,"Startup Cost": 6785.77,"Total Cost": 125208.29,"Plan Rows": 56499,"Plan Width": 260,"Actual Startup Time": 84.737,"Actual Total Time": 294.745,"Actual Rows": 112798,"Actual Loops": 1,"Workers Planned": 3,"Workers Launched": 3,"Single Copy": false,"Plans": [{"Node Type": "Hash Join","Parent Relationship": "Outer","Parallel Aware": false,"Async Capable": false,"Join Type": "Inner","Startup Cost": 5785.77,"Total Cost": 118558.39,"Plan Rows": 18225,"Plan Width": 260,"Actual Startup Time": 77.703,"Actual Total Time": 365.765,"Actual Rows": 28200,"Actual Loops": 4,"Inner Unique": true,"Hash Cond": "(customer.c_nationkey = nation.n_nationkey)","Workers": [],"Plans": [{"Node Type": "Hash Join","Parent Relationship": "Outer","Parallel Aware": true,"Async Capable": false,"Join Type": "Inner","Startup Cost": 5784.20,"Total Cost": 118500.88,"Plan Rows": 18225,"Plan Width": 160,"Actual Startup Time": 77.334,"Actual Total Time": 357.276,"Actual Rows": 28200,"Actual Loops": 4,"Inner Unique": true,"Hash Cond": "(orders.o_custkey = customer.c_custkey)","Workers": [],"Plans": [{"Node Type": "Nested Loop","Parent Relationship": "Outer","Parallel Aware": false,"Async Capable": false,"Join Type": "Inner","Startup Cost": 792.95,"Total Cost": 113461.79,"Plan Rows": 18225,"Plan Width": 16,"Actual Startup Time": 13.152,"Actual Total Time": 254.573,"Actual Rows": 28200,"Actual Loops": 4,"Inner Unique": false,"Workers": [],"Plans": [{"Node Type": "Bitmap Heap Scan","Parent Relationship": "Outer","Parallel Aware": true,"Async Capable": false,"Relation Name": "orders","Alias": "orders","Startup Cost": 792.52,"Total Cost": 27165.14,"Plan Rows": 18508,"Plan Width": 8,"Actual Startup Time": 13.088,"Actual Total Time": 71.143,"Actual Rows": 14087,"Actual Loops": 4,"Recheck Cond": "((o_orderdate >= '1994-01-01'::date) AND (o_orderdate < '1994-04-01 00:00:00'::timestamp without time zone))","Rows Removed by Index Recheck": 0,"Exact Heap Blocks": 3702,"Lossy Heap Blocks": 0,"Workers": [],"Plans": [{"Node Type": "Bitmap Index Scan","Parent Relationship": "Outer","Parallel Aware": false,"Async Capable": false,"Index Name": "idx_orders_orderdate","Startup Cost": 0.00,"Total Cost": 778.18,"Plan Rows": 57375,"Plan Width": 0,"Actual Startup Time": 9.927,"Actual Total Time": 9.934,"Actual Rows": 56349,"Actual Loops": 1,"Index Cond": "((o_orderdate >= '1994-01-01'::date) AND (o_orderdate < '1994-04-01 00:00:00'::timestamp without time zone))","Workers": []}]},{"Node Type": "Index Scan","Parent Relationship": "Inner","Parallel Aware": false,"Async Capable": false,"Scan Direction": "Forward","Index Name": "idx_lineitem_orderkey","Relation Name": "lineitem","Alias": "lineitem","Startup Cost": 0.43,"Total Cost": 4.62,"Plan Rows": 4,"Plan Width": 16,"Actual Startup Time": 0.011,"Actual Total Time": 0.013,"Actual Rows": 2,"Actual Loops": 56349,"Index Cond": "(l_orderkey = orders.o_orderkey)","Rows Removed by Index Recheck": 0,"Filter": "(l_returnflag = 'R'::bpchar)","Rows Removed by Filter": 2,"Workers": []}]},{"Node Type": "Hash","Parent Relationship": "Inner","Parallel Aware": true,"Async Capable": false,"Startup Cost": 4210.00,"Total Cost": 4210.00,"Plan Rows": 62500,"Plan Width": 148,"Actual Startup Time": 63.582,"Actual Total Time": 63.588,"Actual Rows": 37500,"Actual Loops": 4,"Hash Buckets": 262144,"Original Hash Buckets": 262144,"Hash Batches": 1,"Original Hash Batches": 1,"Peak Memory Usage": 29312,"Workers": [],"Plans": [{"Node Type": "Seq Scan","Parent Relationship": "Outer","Parallel Aware": true,"Async Capable": false,"Relation Name": "customer","Alias": "customer","Startup Cost": 0.00,"Total Cost": 4210.00,"Plan Rows": 62500,"Plan Width": 148,"Actual Startup Time": 0.028,"Actual Total Time": 28.690,"Actual Rows": 37500,"Actual Loops": 4,"Workers": []}]}]},{"Node Type": "Hash","Parent Relationship": "Inner","Parallel Aware": false,"Async Capable": false,"Startup Cost": 1.25,"Total Cost": 1.25,"Plan Rows": 25,"Plan Width": 108,"Actual Startup Time": 0.094,"Actual Total Time": 0.100,"Actual Rows": 25,"Actual Loops": 4,"Hash Buckets": 1024,"Original Hash Buckets": 1024,"Hash Batches": 1,"Original Hash Batches": 1,"Peak Memory Usage": 10,"Workers": [],"Plans": [{"Node Type": "Seq Scan","Parent Relationship": "Outer","Parallel Aware": false,"Async Capable": false,"Relation Name": "nation","Alias": "nation","Startup Cost": 0.00,"Total Cost": 1.25,"Plan Rows": 25,"Plan Width": 108,"Actual Startup Time": 0.060,"Actual Total Time": 0.067,"Actual Rows": 25,"Actual Loops": 4,"Workers": []}]}]}]}]}]},"Planning Time": 7.215,"Triggers": [],"Execution Time": 650.753}]
[{"Plan": {"Node Type": "Sort","Parallel Aware": false,"Async Capable": false,"Startup Cost": 132260.34,"Total Cost": 132403.81,"Plan Rows": 57388,"Plan Width": 280,"Actual Startup Time": 619.828,"Actual Total Time": 659.334,"Actual Rows": 38182,"Actual Loops": 1,"Sort Key": ["(sum((lineitem.l_extendedprice * ('1'::numeric - lineitem.l_discount)))) DESC"],"Sort Method": "quicksort","Sort Space Used": 9879,"Sort Space Type": "Memory","Plans": [{"Node Type": "Aggregate","Strategy": "Hashed","Partial Mode": "Simple","Parent Relationship": "Outer","Parallel Aware": false,"Async Capable": false,"Startup Cost": 127006.91,"Total Cost": 127724.26,"Plan Rows": 57388,"Plan Width": 280,"Actual Startup Time": 430.185,"Actual Total Time": 588.903,"Actual Rows": 38182,"Actual Loops": 1,"Group Key": ["customer.c_custkey", "nation.n_name"],"Planned Partitions": 0,"HashAgg Batches": 1,"Peak Memory Usage": 26129,"Disk Usage": 0,"Plans": [{"Node Type": "Gather","Parent Relationship": "Outer","Parallel Aware": false,"Async Capable": false,"Startup Cost": 6799.02,"Total Cost": 126289.56,"Plan Rows": 57388,"Plan Width": 260,"Actual Startup Time": 89.737,"Actual Total Time": 296.974,"Actual Rows": 115050,"Actual Loops": 1,"Workers Planned": 3,"Workers Launched": 3,"Single Copy": false,"Plans": [{"Node Type": "Hash Join","Parent Relationship": "Outer","Parallel Aware": false,"Async Capable": false,"Join Type": "Inner","Startup Cost": 5799.02,"Total Cost": 119550.76,"Plan Rows": 18512,"Plan Width": 260,"Actual Startup Time": 82.322,"Actual Total Time": 373.404,"Actual Rows": 28762,"Actual Loops": 4,"Inner Unique": true,"Hash Cond": "(customer.c_nationkey = nation.n_nationkey)","Workers": [],"Plans": [{"Node Type": "Hash Join","Parent Relationship": "Outer","Parallel Aware": true,"Async Capable": false,"Join Type": "Inner","Startup Cost": 5797.46,"Total Cost": 119492.37,"Plan Rows": 18512,"Plan Width": 160,"Actual Startup Time": 81.937,"Actual Total Time": 363.986,"Actual Rows": 28762,"Actual Loops": 4,"Inner Unique": true,"Hash Cond": "(orders.o_custkey = customer.c_custkey)","Workers": [],"Plans": [{"Node Type": "Nested Loop","Parent Relationship": "Outer","Parallel Aware": false,"Async Capable": false,"Join Type": "Inner","Startup Cost": 806.21,"Total Cost": 114452.53,"Plan Rows": 18513,"Plan Width": 16,"Actual Startup Time": 13.433,"Actual Total Time": 253.545,"Actual Rows": 28762,"Actual Loops": 4,"Inner Unique": false,"Workers": [],"Plans": [{"Node Type": "Bitmap Heap Scan","Parent Relationship": "Outer","Parallel Aware": true,"Async Capable": false,"Relation Name": "orders","Alias": "orders","Startup Cost": 805.78,"Total Cost": 27182.77,"Plan Rows": 18799,"Plan Width": 8,"Actual Startup Time": 13.373,"Actual Total Time": 70.825,"Actual Rows": 14368,"Actual Loops": 4,"Recheck Cond": "((o_orderdate >= '1994-06-01'::date) AND (o_orderdate < '1994-09-01 00:00:00'::timestamp without time zone))","Rows Removed by Index Recheck": 0,"Exact Heap Blocks": 3680,"Lossy Heap Blocks": 0,"Workers": [],"Plans": [{"Node Type": "Bitmap Index Scan","Parent Relationship": "Outer","Parallel Aware": false,"Async Capable": false,"Index Name": "idx_orders_orderdate","Startup Cost": 0.00,"Total Cost": 791.21,"Plan Rows": 58278,"Plan Width": 0,"Actual Startup Time": 10.272,"Actual Total Time": 10.276,"Actual Rows": 57474,"Actual Loops": 1,"Index Cond": "((o_orderdate >= '1994-06-01'::date) AND (o_orderdate < '1994-09-01 00:00:00'::timestamp without time zone))","Workers": []}]},{"Node Type": "Index Scan","Parent Relationship": "Inner","Parallel Aware": false,"Async Capable": false,"Scan Direction": "Forward","Index Name": "idx_lineitem_orderkey","Relation Name": "lineitem","Alias": "lineitem","Startup Cost": 0.43,"Total Cost": 4.60,"Plan Rows": 4,"Plan Width": 16,"Actual Startup Time": 0.010,"Actual Total Time": 0.012,"Actual Rows": 2,"Actual Loops": 57474,"Index Cond": "(l_orderkey = orders.o_orderkey)","Rows Removed by Index Recheck": 0,"Filter": "(l_returnflag = 'R'::bpchar)","Rows Removed by Filter": 2,"Workers": []}]},{"Node Type": "Hash","Parent Relationship": "Inner","Parallel Aware": true,"Async Capable": false,"Startup Cost": 4210.00,"Total Cost": 4210.00,"Plan Rows": 62500,"Plan Width": 148,"Actual Startup Time": 67.921,"Actual Total Time": 67.927,"Actual Rows": 37500,"Actual Loops": 4,"Hash Buckets": 262144,"Original Hash Buckets": 262144,"Hash Batches": 1,"Original Hash Batches": 1,"Peak Memory Usage": 29312,"Workers": [],"Plans": [{"Node Type": "Seq Scan","Parent Relationship": "Outer","Parallel Aware": true,"Async Capable": false,"Relation Name": "customer","Alias": "customer","Startup Cost": 0.00,"Total Cost": 4210.00,"Plan Rows": 62500,"Plan Width": 148,"Actual Startup Time": 0.026,"Actual Total Time": 28.832,"Actual Rows": 37500,"Actual Loops": 4,"Workers": []}]}]},{"Node Type": "Hash","Parent Relationship": "Inner","Parallel Aware": false,"Async Capable": false,"Startup Cost": 1.25,"Total Cost": 1.25,"Plan Rows": 25,"Plan Width": 108,"Actual Startup Time": 0.096,"Actual Total Time": 0.101,"Actual Rows": 25,"Actual Loops": 4,"Hash Buckets": 1024,"Original Hash Buckets": 1024,"Hash Batches": 1,"Original Hash Batches": 1,"Peak Memory Usage": 10,"Workers": [],"Plans": [{"Node Type": "Seq Scan","Parent Relationship": "Outer","Parallel Aware": false,"Async Capable": false,"Relation Name": "nation","Alias": "nation","Startup Cost": 0.00,"Total Cost": 1.25,"Plan Rows": 25,"Plan Width": 108,"Actual Startup Time": 0.064,"Actual Total Time": 0.070,"Actual Rows": 25,"Actual Loops": 4,"Workers": []}]}]}]}]}]},"Planning Time": 7.103,"Triggers": [],"Execution Time": 663.701}]
[{"Plan": {"Node Type": "Sort","Parallel Aware": false,"Async Capable": false,"Startup Cost": 131330.41,"Total Cost": 131472.12,"Plan Rows": 56686,"Plan Width": 280,"Actual Startup Time": 587.483,"Actual Total Time": 628.086,"Actual Rows": 37925,"Actual Loops": 1,"Sort Key": ["(sum((lineitem.l_extendedprice * ('1'::numeric - lineitem.l_discount)))) DESC"],"Sort Method": "quicksort","Sort Space Used": 9832,"Sort Space Type": "Memory","Plans": [{"Node Type": "Aggregate","Strategy": "Hashed","Partial Mode": "Simple","Parent Relationship": "Outer","Parallel Aware": false,"Async Capable": false,"Startup Cost": 126146.27,"Total Cost": 126854.85,"Plan Rows": 56686,"Plan Width": 280,"Actual Startup Time": 410.388,"Actual Total Time": 556.054,"Actual Rows": 37925,"Actual Loops": 1,"Group Key": ["customer.c_custkey", "nation.n_name"],"Planned Partitions": 0,"HashAgg Batches": 1,"Peak Memory Usage": 26129,"Disk Usage": 0,"Plans": [{"Node Type": "Gather","Parent Relationship": "Outer","Parallel Aware": false,"Async Capable": false,"Startup Cost": 6791.71,"Total Cost": 125437.70,"Plan Rows": 56686,"Plan Width": 260,"Actual Startup Time": 76.070,"Actual Total Time": 284.431,"Actual Rows": 114550,"Actual Loops": 1,"Workers Planned": 3,"Workers Launched": 3,"Single Copy": false,"Plans": [{"Node Type": "Hash Join","Parent Relationship": "Outer","Parallel Aware": false,"Async Capable": false,"Join Type": "Inner","Startup Cost": 5791.71,"Total Cost": 118769.10,"Plan Rows": 18286,"Plan Width": 260,"Actual Startup Time": 68.409,"Actual Total Time": 355.040,"Actual Rows": 28638,"Actual Loops": 4,"Inner Unique": true,"Hash Cond": "(customer.c_nationkey = nation.n_nationkey)","Workers": [],"Plans": [{"Node Type": "Hash Join","Parent Relationship": "Outer","Parallel Aware": true,"Async Capable": false,"Join Type": "Inner","Startup Cost": 5790.15,"Total Cost": 118711.40,"Plan Rows": 18286,"Plan Width": 160,"Actual Startup Time": 67.911,"Actual Total Time": 346.301,"Actual Rows": 28638,"Actual Loops": 4,"Inner Unique": true,"Hash Cond": "(orders.o_custkey = customer.c_custkey)","Workers": [],"Plans": [{"Node Type": "Nested Loop","Parent Relationship": "Outer","Parallel Aware": false,"Async Capable": false,"Join Type": "Inner","Startup Cost": 798.90,"Total Cost": 113672.15,"Plan Rows": 18286,"Plan Width": 16,"Actual Startup Time": 13.342,"Actual Total Time": 249.825,"Actual Rows": 28638,"Actual Loops": 4,"Inner Unique": false,"Workers": [],"Plans": [{"Node Type": "Bitmap Heap Scan","Parent Relationship": "Outer","Parallel Aware": true,"Async Capable": false,"Relation Name": "orders","Alias": "orders","Startup Cost": 798.47,"Total Cost": 27172.01,"Plan Rows": 18569,"Plan Width": 8,"Actual Startup Time": 13.275,"Actual Total Time": 71.340,"Actual Rows": 14284,"Actual Loops": 4,"Recheck Cond": "((o_orderdate >= '1993-08-01'::date) AND (o_orderdate < '1993-11-01 00:00:00'::timestamp without time zone))","Rows Removed by Index Recheck": 0,"Exact Heap Blocks": 3594,"Lossy Heap Blocks": 0,"Workers": [],"Plans": [{"Node Type": "Bitmap Index Scan","Parent Relationship": "Outer","Parallel Aware": false,"Async Capable": false,"Index Name": "idx_orders_orderdate","Startup Cost": 0.00,"Total Cost": 784.08,"Plan Rows": 57565,"Plan Width": 0,"Actual Startup Time": 10.135,"Actual Total Time": 10.136,"Actual Rows": 57138,"Actual Loops": 1,"Index Cond": "((o_orderdate >= '1993-08-01'::date) AND (o_orderdate < '1993-11-01 00:00:00'::timestamp without time zone))","Workers": []}]},{"Node Type": "Index Scan","Parent Relationship": "Inner","Parallel Aware": false,"Async Capable": false,"Scan Direction": "Forward","Index Name": "idx_lineitem_orderkey","Relation Name": "lineitem","Alias": "lineitem","Startup Cost": 0.43,"Total Cost": 4.62,"Plan Rows": 4,"Plan Width": 16,"Actual Startup Time": 0.010,"Actual Total Time": 0.012,"Actual Rows": 2,"Actual Loops": 57138,"Index Cond": "(l_orderkey = orders.o_orderkey)","Rows Removed by Index Recheck": 0,"Filter": "(l_returnflag = 'R'::bpchar)","Rows Removed by Filter": 2,"Workers": []}]},{"Node Type": "Hash","Parent Relationship": "Inner","Parallel Aware": true,"Async Capable": false,"Startup Cost": 4210.00,"Total Cost": 4210.00,"Plan Rows": 62500,"Plan Width": 148,"Actual Startup Time": 53.968,"Actual Total Time": 53.976,"Actual Rows": 37500,"Actual Loops": 4,"Hash Buckets": 262144,"Original Hash Buckets": 262144,"Hash Batches": 1,"Original Hash Batches": 1,"Peak Memory Usage": 29344,"Workers": [],"Plans": [{"Node Type": "Seq Scan","Parent Relationship": "Outer","Parallel Aware": true,"Async Capable": false,"Relation Name": "customer","Alias": "customer","Startup Cost": 0.00,"Total Cost": 4210.00,"Plan Rows": 62500,"Plan Width": 148,"Actual Startup Time": 0.023,"Actual Total Time": 24.403,"Actual Rows": 37500,"Actual Loops": 4,"Workers": []}]}]},{"Node Type": "Hash","Parent Relationship": "Inner","Parallel Aware": false,"Async Capable": false,"Startup Cost": 1.25,"Total Cost": 1.25,"Plan Rows": 25,"Plan Width": 108,"Actual Startup Time": 0.099,"Actual Total Time": 0.106,"Actual Rows": 25,"Actual Loops": 4,"Hash Buckets": 1024,"Original Hash Buckets": 1024,"Hash Batches": 1,"Original Hash Batches": 1,"Peak Memory Usage": 10,"Workers": [],"Plans": [{"Node Type": "Seq Scan","Parent Relationship": "Outer","Parallel Aware": false,"Async Capable": false,"Relation Name": "nation","Alias": "nation","Startup Cost": 0.00,"Total Cost": 1.25,"Plan Rows": 25,"Plan Width": 108,"Actual Startup Time": 0.062,"Actual Total Time": 0.071,"Actual Rows": 25,"Actual Loops": 4,"Workers": []}]}]}]}]}]},"Planning Time": 6.540,"Triggers": [],"Execution Time": 634.012}]
[{"Plan": {"Node Type": "Sort","Parallel Aware": false,"Async Capable": false,"Startup Cost": 132293.09,"Total Cost": 132436.61,"Plan Rows": 57411,"Plan Width": 280,"Actual Startup Time": 612.013,"Actual Total Time": 652.224,"Actual Rows": 37922,"Actual Loops": 1,"Sort Key": ["(sum((lineitem.l_extendedprice * ('1'::numeric - lineitem.l_discount)))) DESC"],"Sort Method": "quicksort","Sort Space Used": 9827,"Sort Space Type": "Memory","Plans": [{"Node Type": "Aggregate","Strategy": "Hashed","Partial Mode": "Simple","Parent Relationship": "Outer","Parallel Aware": false,"Async Capable": false,"Startup Cost": 127037.38,"Total Cost": 127755.02,"Plan Rows": 57411,"Plan Width": 280,"Actual Startup Time": 427.597,"Actual Total Time": 578.840,"Actual Rows": 37922,"Actual Loops": 1,"Group Key": ["customer.c_custkey", "nation.n_name"],"Planned Partitions": 0,"HashAgg Batches": 1,"Peak Memory Usage": 26129,"Disk Usage": 0,"Plans": [{"Node Type": "Gather","Parent Relationship": "Outer","Parallel Aware": false,"Async Capable": false,"Startup Cost": 6799.26,"Total Cost": 126319.75,"Plan Rows": 57411,"Plan Width": 260,"Actual Startup Time": 84.985,"Actual Total Time": 295.027,"Actual Rows": 114929,"Actual Loops": 1,"Workers Planned": 3,"Workers Launched": 3,"Single Copy": false,"Plans": [{"Node Type": "Hash Join","Parent Relationship": "Outer","Parallel Aware": false,"Async Capable": false,"Join Type": "Inner","Startup Cost": 5799.26,"Total Cost": 119578.65,"Plan Rows": 18520,"Plan Width": 260,"Actual Startup Time": 77.490,"Actual Total Time": 369.817,"Actual Rows": 28732,"Actual Loops": 4,"Inner Unique": true,"Hash Cond": "(customer.c_nationkey = nation.n_nationkey)","Workers": [],"Plans": [{"Node Type": "Hash Join","Parent Relationship": "Outer","Parallel Aware": true,"Async Capable": false,"Join Type": "Inner","Startup Cost": 5797.70,"Total Cost": 119520.23,"Plan Rows": 18520,"Plan Width": 160,"Actual Startup Time": 77.066,"Actual Total Time": 360.808,"Actual Rows": 28732,"Actual Loops": 4,"Inner Unique": true,"Hash Cond": "(orders.o_custkey = customer.c_custkey)","Workers": [],"Plans": [{"Node Type": "Nested Loop","Parent Relationship": "Outer","Parallel Aware": false,"Async Capable": false,"Join Type": "Inner","Startup Cost": 806.45,"Total Cost": 114480.36,"Plan Rows": 18520,"Plan Width": 16,"Actual Startup Time": 13.430,"Actual Total Time": 255.437,"Actual Rows": 28732,"Actual Loops": 4,"Inner Unique": false,"Workers": [],"Plans": [{"Node Type": "Bitmap Heap Scan","Parent Relationship": "Outer","Parallel Aware": true,"Async Capable": false,"Relation Name": "orders","Alias": "orders","Startup Cost": 806.01,"Total Cost": 27183.11,"Plan Rows": 18807,"Plan Width": 8,"Actual Startup Time": 13.367,"Actual Total Time": 72.208,"Actual Rows": 14355,"Actual Loops": 4,"Recheck Cond": "((o_orderdate >= '1994-03-01'::date) AND (o_orderdate < '1994-06-01 00:00:00'::timestamp without time zone))","Rows Removed by Index Recheck": 0,"Exact Heap Blocks": 3712,"Lossy Heap Blocks": 0,"Workers": [],"Plans": [{"Node Type": "Bitmap Index Scan","Parent Relationship": "Outer","Parallel Aware": false,"Async Capable": false,"Index Name": "idx_orders_orderdate","Startup Cost": 0.00,"Total Cost": 791.44,"Plan Rows": 58301,"Plan Width": 0,"Actual Startup Time": 10.180,"Actual Total Time": 10.183,"Actual Rows": 57420,"Actual Loops": 1,"Index Cond": "((o_orderdate >= '1994-03-01'::date) AND (o_orderdate < '1994-06-01 00:00:00'::timestamp without time zone))","Workers": []}]},{"Node Type": "Index Scan","Parent Relationship": "Inner","Parallel Aware": false,"Async Capable": false,"Scan Direction": "Forward","Index Name": "idx_lineitem_orderkey","Relation Name": "lineitem","Alias": "lineitem","Startup Cost": 0.43,"Total Cost": 4.60,"Plan Rows": 4,"Plan Width": 16,"Actual Startup Time": 0.010,"Actual Total Time": 0.012,"Actual Rows": 2,"Actual Loops": 57420,"Index Cond": "(l_orderkey = orders.o_orderkey)","Rows Removed by Index Recheck": 0,"Filter": "(l_returnflag = 'R'::bpchar)","Rows Removed by Filter": 2,"Workers": []}]},{"Node Type": "Hash","Parent Relationship": "Inner","Parallel Aware": true,"Async Capable": false,"Startup Cost": 4210.00,"Total Cost": 4210.00,"Plan Rows": 62500,"Plan Width": 148,"Actual Startup Time": 63.095,"Actual Total Time": 63.101,"Actual Rows": 37500,"Actual Loops": 4,"Hash Buckets": 262144,"Original Hash Buckets": 262144,"Hash Batches": 1,"Original Hash Batches": 1,"Peak Memory Usage": 29280,"Workers": [],"Plans": [{"Node Type": "Seq Scan","Parent Relationship": "Outer","Parallel Aware": true,"Async Capable": false,"Relation Name": "customer","Alias": "customer","Startup Cost": 0.00,"Total Cost": 4210.00,"Plan Rows": 62500,"Plan Width": 148,"Actual Startup Time": 0.041,"Actual Total Time": 28.071,"Actual Rows": 37500,"Actual Loops": 4,"Workers": []}]}]},{"Node Type": "Hash","Parent Relationship": "Inner","Parallel Aware": false,"Async Capable": false,"Startup Cost": 1.25,"Total Cost": 1.25,"Plan Rows": 25,"Plan Width": 108,"Actual Startup Time": 0.097,"Actual Total Time": 0.101,"Actual Rows": 25,"Actual Loops": 4,"Hash Buckets": 1024,"Original Hash Buckets": 1024,"Hash Batches": 1,"Original Hash Batches": 1,"Peak Memory Usage": 10,"Workers": [],"Plans": [{"Node Type": "Seq Scan","Parent Relationship": "Outer","Parallel Aware": false,"Async Capable": false,"Relation Name": "nation","Alias": "nation","Startup Cost": 0.00,"Total Cost": 1.25,"Plan Rows": 25,"Plan Width": 108,"Actual Startup Time": 0.065,"Actual Total Time": 0.071,"Actual Rows": 25,"Actual Loops": 4,"Workers": []}]}]}]}]}]},"Planning Time": 6.342,"Triggers": [],"Execution Time": 656.718}]
[{"Plan": {"Node Type": "Sort","Parallel Aware": false,"Async Capable": false,"Startup Cost": 135821.55,"Total Cost": 135971.77,"Plan Rows": 60088,"Plan Width": 280,"Actual Startup Time": 612.241,"Actual Total Time": 654.721,"Actual Rows": 38271,"Actual Loops": 1,"Sort Key": ["(sum((lineitem.l_extendedprice * ('1'::numeric - lineitem.l_discount)))) DESC"],"Sort Method": "quicksort","Sort Space Used": 9908,"Sort Space Type": "Memory","Plans": [{"Node Type": "Aggregate","Strategy": "Hashed","Partial Mode": "Simple","Parent Relationship": "Outer","Parallel Aware": false,"Async Capable": false,"Startup Cost": 130301.02,"Total Cost": 131052.12,"Plan Rows": 60088,"Plan Width": 280,"Actual Startup Time": 429.301,"Actual Total Time": 581.634,"Actual Rows": 38271,"Actual Loops": 1,"Group Key": ["customer.c_custkey", "nation.n_name"],"Planned Partitions": 0,"HashAgg Batches": 1,"Peak Memory Usage": 27665,"Disk Usage": 0,"Plans": [{"Node Type": "Gather","Parent Relationship": "Outer","Parallel Aware": false,"Async Capable": false,"Startup Cost": 6839.13,"Total Cost": 129549.92,"Plan Rows": 60088,"Plan Width": 260,"Actual Startup Time": 85.611,"Actual Total Time": 294.175,"Actual Rows": 115282,"Actual Loops": 1,"Workers Planned": 3,"Workers Launched": 3,"Single Copy": false,"Plans": [{"Node Type": "Hash Join","Parent Relationship": "Outer","Parallel Aware": false,"Async Capable": false,"Join Type": "Inner","Startup Cost": 5839.13,"Total Cost": 122541.12,"Plan Rows": 19383,"Plan Width": 260,"Actual Startup Time": 78.447,"Actual Total Time": 371.364,"Actual Rows": 28820,"Actual Loops": 4,"Inner Unique": true,"Hash Cond": "(customer.c_nationkey = nation.n_nationkey)","Workers": [],"Plans": [{"Node Type": "Hash Join","Parent Relationship": "Outer","Parallel Aware": true,"Async Capable": false,"Join Type": "Inner","Startup Cost": 5837.56,"Total Cost": 122480.06,"Plan Rows": 19383,"Plan Width": 160,"Actual Startup Time": 78.051,"Actual Total Time": 362.469,"Actual Rows": 28820,"Actual Loops": 4,"Inner Unique": true,"Hash Cond": "(orders.o_custkey = customer.c_custkey)","Workers": [],"Plans": [{"Node Type": "Nested Loop","Parent Relationship": "Outer","Parallel Aware": false,"Async Capable": false,"Join Type": "Inner","Startup Cost": 846.31,"Total Cost": 117437.93,"Plan Rows": 19383,"Plan Width": 16,"Actual Startup Time": 13.660,"Actual Total Time": 255.763,"Actual Rows": 28820,"Actual Loops": 4,"Inner Unique": false,"Workers": [],"Plans": [{"Node Type": "Bitmap Heap Scan","Parent Relationship": "Outer","Parallel Aware": true,"Async Capable": false,"Relation Name": "orders","Alias": "orders","Startup Cost": 845.88,"Total Cost": 27236.14,"Plan Rows": 19684,"Plan Width": 8,"Actual Startup Time": 13.594,"Actual Total Time": 71.334,"Actual Rows": 14421,"Actual Loops": 4,"Recheck Cond": "((o_orderdate >= '1994-11-01'::date) AND (o_orderdate < '1995-02-01 00:00:00'::timestamp without time zone))","Rows Removed by Index Recheck": 0,"Exact Heap Blocks": 3552,"Lossy Heap Blocks": 0,"Workers": [],"Plans": [{"Node Type": "Bitmap Index Scan","Parent Relationship": "Outer","Parallel Aware": false,"Async Capable": false,"Index Name": "idx_orders_orderdate","Startup Cost": 0.00,"Total Cost": 830.63,"Plan Rows": 61020,"Plan Width": 0,"Actual Startup Time": 10.499,"Actual Total Time": 10.499,"Actual Rows": 57683,"Actual Loops": 1,"Index Cond": "((o_orderdate >= '1994-11-01'::date) AND (o_orderdate < '1995-02-01 00:00:00'::timestamp without time zone))","Workers": []}]},{"Node Type": "Index Scan","Parent Relationship": "Inner","Parallel Aware": false,"Async Capable": false,"Scan Direction": "Forward","Index Name": "idx_lineitem_orderkey","Relation Name": "lineitem","Alias": "lineitem","Startup Cost": 0.43,"Total Cost": 4.54,"Plan Rows": 4,"Plan Width": 16,"Actual Startup Time": 0.010,"Actual Total Time": 0.012,"Actual Rows": 2,"Actual Loops": 57683,"Index Cond": "(l_orderkey = orders.o_orderkey)","Rows Removed by Index Recheck": 0,"Filter": "(l_returnflag = 'R'::bpchar)","Rows Removed by Filter": 2,"Workers": []}]},{"Node Type": "Hash","Parent Relationship": "Inner","Parallel Aware": true,"Async Capable": false,"Startup Cost": 4210.00,"Total Cost": 4210.00,"Plan Rows": 62500,"Plan Width": 148,"Actual Startup Time": 63.847,"Actual Total Time": 63.854,"Actual Rows": 37500,"Actual Loops": 4,"Hash Buckets": 262144,"Original Hash Buckets": 262144,"Hash Batches": 1,"Original Hash Batches": 1,"Peak Memory Usage": 29312,"Workers": [],"Plans": [{"Node Type": "Seq Scan","Parent Relationship": "Outer","Parallel Aware": true,"Async Capable": false,"Relation Name": "customer","Alias": "customer","Startup Cost": 0.00,"Total Cost": 4210.00,"Plan Rows": 62500,"Plan Width": 148,"Actual Startup Time": 0.028,"Actual Total Time": 27.532,"Actual Rows": 37500,"Actual Loops": 4,"Workers": []}]}]},{"Node Type": "Hash","Parent Relationship": "Inner","Parallel Aware": false,"Async Capable": false,"Startup Cost": 1.25,"Total Cost": 1.25,"Plan Rows": 25,"Plan Width": 108,"Actual Startup Time": 0.090,"Actual Total Time": 0.096,"Actual Rows": 25,"Actual Loops": 4,"Hash Buckets": 1024,"Original Hash Buckets": 1024,"Hash Batches": 1,"Original Hash Batches": 1,"Peak Memory Usage": 10,"Workers": [],"Plans": [{"Node Type": "Seq Scan","Parent Relationship": "Outer","Parallel Aware": false,"Async Capable": false,"Relation Name": "nation","Alias": "nation","Startup Cost": 0.00,"Total Cost": 1.25,"Plan Rows": 25,"Plan Width": 108,"Actual Startup Time": 0.058,"Actual Total Time": 0.065,"Actual Rows": 25,"Actual Loops": 4,"Workers": []}]}]}]}]}]},"Planning Time": 7.427,"Triggers": [],"Execution Time": 660.359}]
[{"Plan": {"Node Type": "Sort","Parallel Aware": false,"Async Capable": false,"Startup Cost": 129285.16,"Total Cost": 129423.04,"Plan Rows": 55152,"Plan Width": 280,"Actual Startup Time": 594.195,"Actual Total Time": 635.058,"Actual Rows": 37857,"Actual Loops": 1,"Sort Key": ["(sum((lineitem.l_extendedprice * ('1'::numeric - lineitem.l_discount)))) DESC"],"Sort Method": "quicksort","Sort Space Used": 9823,"Sort Space Type": "Memory","Plans": [{"Node Type": "Aggregate","Strategy": "Hashed","Partial Mode": "Simple","Parent Relationship": "Outer","Parallel Aware": false,"Async Capable": false,"Startup Cost": 124252.23,"Total Cost": 124941.63,"Plan Rows": 55152,"Plan Width": 280,"Actual Startup Time": 414.188,"Actual Total Time": 557.916,"Actual Rows": 37857,"Actual Loops": 1,"Group Key": ["customer.c_custkey", "nation.n_name"],"Planned Partitions": 0,"HashAgg Batches": 1,"Peak Memory Usage": 26129,"Disk Usage": 0,"Plans": [{"Node Type": "Gather","Parent Relationship": "Outer","Parallel Aware": false,"Async Capable": false,"Startup Cost": 6767.74,"Total Cost": 123562.83,"Plan Rows": 55152,"Plan Width": 260,"Actual Startup Time": 77.793,"Actual Total Time": 289.359,"Actual Rows": 114326,"Actual Loops": 1,"Workers Planned": 3,"Workers Launched": 3,"Single Copy": false,"Plans": [{"Node Type": "Hash Join","Parent Relationship": "Outer","Parallel Aware": false,"Async Capable": false,"Join Type": "Inner","Startup Cost": 5767.74,"Total Cost": 117047.63,"Plan Rows": 17791,"Plan Width": 260,"Actual Startup Time": 70.168,"Actual Total Time": 358.948,"Actual Rows": 28582,"Actual Loops": 4,"Inner Unique": true,"Hash Cond": "(customer.c_nationkey = nation.n_nationkey)","Workers": [],"Plans": [{"Node Type": "Hash Join","Parent Relationship": "Outer","Parallel Aware": true,"Async Capable": false,"Join Type": "Inner","Startup Cost": 5766.18,"Total Cost": 116991.45,"Plan Rows": 17791,"Plan Width": 160,"Actual Startup Time": 69.698,"Actual Total Time": 349.487,"Actual Rows": 28582,"Actual Loops": 4,"Inner Unique": true,"Hash Cond": "(orders.o_custkey = customer.c_custkey)","Workers": [],"Plans": [{"Node Type": "Nested Loop","Parent Relationship": "Outer","Parallel Aware": false,"Async Capable": false,"Join Type": "Inner","Startup Cost": 774.93,"Total Cost": 111953.49,"Plan Rows": 17791,"Plan Width": 16,"Actual Startup Time": 12.978,"Actual Total Time": 249.911,"Actual Rows": 28582,"Actual Loops": 4,"Inner Unique": false,"Workers": [],"Plans": [{"Node Type": "Bitmap Heap Scan","Parent Relationship": "Outer","Parallel Aware": true,"Async Capable": false,"Relation Name": "orders","Alias": "orders","Startup Cost": 774.50,"Total Cost": 27140.50,"Plan Rows": 18067,"Plan Width": 8,"Actual Startup Time": 12.915,"Actual Total Time": 70.510,"Actual Rows": 14320,"Actual Loops": 4,"Recheck Cond": "((o_orderdate >= '1993-06-01'::date) AND (o_orderdate < '1993-09-01 00:00:00'::timestamp without time zone))","Rows Removed by Index Recheck": 0,"Exact Heap Blocks": 3550,"Lossy Heap Blocks": 0,"Workers": [],"Plans": [{"Node Type": "Bitmap Index Scan","Parent Relationship": "Outer","Parallel Aware": false,"Async Capable": false,"Index Name": "idx_orders_orderdate","Startup Cost": 0.00,"Total Cost": 760.50,"Plan Rows": 56007,"Plan Width": 0,"Actual Startup Time": 9.843,"Actual Total Time": 9.846,"Actual Rows": 57280,"Actual Loops": 1,"Index Cond": "((o_orderdate >= '1993-06-01'::date) AND (o_orderdate < '1993-09-01 00:00:00'::timestamp without time zone))","Workers": []}]},{"Node Type": "Index Scan","Parent Relationship": "Inner","Parallel Aware": false,"Async Capable": false,"Scan Direction": "Forward","Index Name": "idx_lineitem_orderkey","Relation Name": "lineitem","Alias": "lineitem","Startup Cost": 0.43,"Total Cost": 4.65,"Plan Rows": 4,"Plan Width": 16,"Actual Startup Time": 0.010,"Actual Total Time": 0.012,"Actual Rows": 2,"Actual Loops": 57280,"Index Cond": "(l_orderkey = orders.o_orderkey)","Rows Removed by Index Recheck": 0,"Filter": "(l_returnflag = 'R'::bpchar)","Rows Removed by Filter": 2,"Workers": []}]},{"Node Type": "Hash","Parent Relationship": "Inner","Parallel Aware": true,"Async Capable": false,"Startup Cost": 4210.00,"Total Cost": 4210.00,"Plan Rows": 62500,"Plan Width": 148,"Actual Startup Time": 56.151,"Actual Total Time": 56.157,"Actual Rows": 37500,"Actual Loops": 4,"Hash Buckets": 262144,"Original Hash Buckets": 262144,"Hash Batches": 1,"Original Hash Batches": 1,"Peak Memory Usage": 29312,"Workers": [],"Plans": [{"Node Type": "Seq Scan","Parent Relationship": "Outer","Parallel Aware": true,"Async Capable": false,"Relation Name": "customer","Alias": "customer","Startup Cost": 0.00,"Total Cost": 4210.00,"Plan Rows": 62500,"Plan Width": 148,"Actual Startup Time": 0.028,"Actual Total Time": 26.217,"Actual Rows": 37500,"Actual Loops": 4,"Workers": []}]}]},{"Node Type": "Hash","Parent Relationship": "Inner","Parallel Aware": false,"Async Capable": false,"Startup Cost": 1.25,"Total Cost": 1.25,"Plan Rows": 25,"Plan Width": 108,"Actual Startup Time": 0.109,"Actual Total Time": 0.115,"Actual Rows": 25,"Actual Loops": 4,"Hash Buckets": 1024,"Original Hash Buckets": 1024,"Hash Batches": 1,"Original Hash Batches": 1,"Peak Memory Usage": 10,"Workers": [],"Plans": [{"Node Type": "Seq Scan","Parent Relationship": "Outer","Parallel Aware": false,"Async Capable": false,"Relation Name": "nation","Alias": "nation","Startup Cost": 0.00,"Total Cost": 1.25,"Plan Rows": 25,"Plan Width": 108,"Actual Startup Time": 0.076,"Actual Total Time": 0.083,"Actual Rows": 25,"Actual Loops": 4,"Workers": []}]}]}]}]}]},"Planning Time": 6.852,"Triggers": [],"Execution Time": 641.259}]
[{"Plan": {"Node Type": "Sort","Parallel Aware": false,"Async Capable": false,"Startup Cost": 135821.55,"Total Cost": 135971.77,"Plan Rows": 60088,"Plan Width": 280,"Actual Startup Time": 612.241,"Actual Total Time": 654.721,"Actual Rows": 38271,"Actual Loops": 1,"Sort Key": ["(sum((lineitem.l_extendedprice * ('1'::numeric - lineitem.l_discount)))) DESC"],"Sort Method": "quicksort","Sort Space Used": 9908,"Sort Space Type": "Memory","Plans": [{"Node Type": "Aggregate","Strategy": "Hashed","Partial Mode": "Simple","Parent Relationship": "Outer","Parallel Aware": false,"Async Capable": false,"Startup Cost": 130301.02,"Total Cost": 131052.12,"Plan Rows": 60088,"Plan Width": 280,"Actual Startup Time": 429.301,"Actual Total Time": 581.634,"Actual Rows": 38271,"Actual Loops": 1,"Group Key": ["customer.c_custkey", "nation.n_name"],"Planned Partitions": 0,"HashAgg Batches": 1,"Peak Memory Usage": 27665,"Disk Usage": 0,"Plans": [{"Node Type": "Gather","Parent Relationship": "Outer","Parallel Aware": false,"Async Capable": false,"Startup Cost": 6839.13,"Total Cost": 129549.92,"Plan Rows": 60088,"Plan Width": 260,"Actual Startup Time": 85.611,"Actual Total Time": 294.175,"Actual Rows": 115282,"Actual Loops": 1,"Workers Planned": 3,"Workers Launched": 3,"Single Copy": false,"Plans": [{"Node Type": "Hash Join","Parent Relationship": "Outer","Parallel Aware": false,"Async Capable": false,"Join Type": "Inner","Startup Cost": 5839.13,"Total Cost": 122541.12,"Plan Rows": 19383,"Plan Width": 260,"Actual Startup Time": 78.447,"Actual Total Time": 371.364,"Actual Rows": 28820,"Actual Loops": 4,"Inner Unique": true,"Hash Cond": "(customer.c_nationkey = nation.n_nationkey)","Workers": [],"Plans": [{"Node Type": "Hash Join","Parent Relationship": "Outer","Parallel Aware": true,"Async Capable": false,"Join Type": "Inner","Startup Cost": 5837.56,"Total Cost": 122480.06,"Plan Rows": 19383,"Plan Width": 160,"Actual Startup Time": 78.051,"Actual Total Time": 362.469,"Actual Rows": 28820,"Actual Loops": 4,"Inner Unique": true,"Hash Cond": "(orders.o_custkey = customer.c_custkey)","Workers": [],"Plans": [{"Node Type": "Nested Loop","Parent Relationship": "Outer","Parallel Aware": false,"Async Capable": false,"Join Type": "Inner","Startup Cost": 846.31,"Total Cost": 117437.93,"Plan Rows": 19383,"Plan Width": 16,"Actual Startup Time": 13.660,"Actual Total Time": 255.763,"Actual Rows": 28820,"Actual Loops": 4,"Inner Unique": false,"Workers": [],"Plans": [{"Node Type": "Bitmap Heap Scan","Parent Relationship": "Outer","Parallel Aware": true,"Async Capable": false,"Relation Name": "orders","Alias": "orders","Startup Cost": 845.88,"Total Cost": 27236.14,"Plan Rows": 19684,"Plan Width": 8,"Actual Startup Time": 13.594,"Actual Total Time": 71.334,"Actual Rows": 14421,"Actual Loops": 4,"Recheck Cond": "((o_orderdate >= '1994-11-01'::date) AND (o_orderdate < '1995-02-01 00:00:00'::timestamp without time zone))","Rows Removed by Index Recheck": 0,"Exact Heap Blocks": 3552,"Lossy Heap Blocks": 0,"Workers": [],"Plans": [{"Node Type": "Bitmap Index Scan","Parent Relationship": "Outer","Parallel Aware": false,"Async Capable": false,"Index Name": "idx_orders_orderdate","Startup Cost": 0.00,"Total Cost": 830.63,"Plan Rows": 61020,"Plan Width": 0,"Actual Startup Time": 10.499,"Actual Total Time": 10.499,"Actual Rows": 57683,"Actual Loops": 1,"Index Cond": "((o_orderdate >= '1994-11-01'::date) AND (o_orderdate < '1995-02-01 00:00:00'::timestamp without time zone))","Workers": []}]},{"Node Type": "Index Scan","Parent Relationship": "Inner","Parallel Aware": false,"Async Capable": false,"Scan Direction": "Forward","Index Name": "idx_lineitem_orderkey","Relation Name": "lineitem","Alias": "lineitem","Startup Cost": 0.43,"Total Cost": 4.54,"Plan Rows": 4,"Plan Width": 16,"Actual Startup Time": 0.010,"Actual Total Time": 0.012,"Actual Rows": 2,"Actual Loops": 57683,"Index Cond": "(l_orderkey = orders.o_orderkey)","Rows Removed by Index Recheck": 0,"Filter": "(l_returnflag = 'R'::bpchar)","Rows Removed by Filter": 2,"Workers": []}]},{"Node Type": "Hash","Parent Relationship": "Inner","Parallel Aware": true,"Async Capable": false,"Startup Cost": 4210.00,"Total Cost": 4210.00,"Plan Rows": 62500,"Plan Width": 148,"Actual Startup Time": 63.847,"Actual Total Time": 63.854,"Actual Rows": 37500,"Actual Loops": 4,"Hash Buckets": 262144,"Original Hash Buckets": 262144,"Hash Batches": 1,"Original Hash Batches": 1,"Peak Memory Usage": 29312,"Workers": [],"Plans": [{"Node Type": "Seq Scan","Parent Relationship": "Outer","Parallel Aware": true,"Async Capable": false,"Relation Name": "customer","Alias": "customer","Startup Cost": 0.00,"Total Cost": 4210.00,"Plan Rows": 62500,"Plan Width": 148,"Actual Startup Time": 0.028,"Actual Total Time": 27.532,"Actual Rows": 37500,"Actual Loops": 4,"Workers": []}]}]},{"Node Type": "Hash","Parent Relationship": "Inner","Parallel Aware": false,"Async Capable": false,"Startup Cost": 1.25,"Total Cost": 1.25,"Plan Rows": 25,"Plan Width": 108,"Actual Startup Time": 0.090,"Actual Total Time": 0.096,"Actual Rows": 25,"Actual Loops": 4,"Hash Buckets": 1024,"Original Hash Buckets": 1024,"Hash Batches": 1,"Original Hash Batches": 1,"Peak Memory Usage": 10,"Workers": [],"Plans": [{"Node Type": "Seq Scan","Parent Relationship": "Outer","Parallel Aware": false,"Async Capable": false,"Relation Name": "nation","Alias": "nation","Startup Cost": 0.00,"Total Cost": 1.25,"Plan Rows": 25,"Plan Width": 108,"Actual Startup Time": 0.058,"Actual Total Time": 0.065,"Actual Rows": 25,"Actual Loops": 4,"Workers": []}]}]}]}]}]},"Planning Time": 7.427,"Triggers": [],"Execution Time": 660.359}]
[{"Plan": {"Node Type": "Sort","Parallel Aware": false,"Async Capable": false,"Startup Cost": 135294.26,"Total Cost": 135443.48,"Plan Rows": 59689,"Plan Width": 280,"Actual Startup Time": 545.457,"Actual Total Time": 585.279,"Actual Rows": 35593,"Actual Loops": 1,"Sort Key": ["(sum((lineitem.l_extendedprice * ('1'::numeric - lineitem.l_discount)))) DESC"],"Sort Method": "quicksort","Sort Space Used": 9317,"Sort Space Type": "Memory","Plans": [{"Node Type": "Aggregate","Strategy": "Hashed","Partial Mode": "Simple","Parent Relationship": "Outer","Parallel Aware": false,"Async Capable": false,"Startup Cost": 129813.27,"Total Cost": 130559.38,"Plan Rows": 59689,"Plan Width": 280,"Actual Startup Time": 389.996,"Actual Total Time": 517.393,"Actual Rows": 35593,"Actual Loops": 1,"Group Key": ["customer.c_custkey", "nation.n_name"],"Planned Partitions": 0,"HashAgg Batches": 1,"Peak Memory Usage": 27665,"Disk Usage": 0,"Plans": [{"Node Type": "Gather","Parent Relationship": "Outer","Parallel Aware": false,"Async Capable": false,"Startup Cost": 6830.97,"Total Cost": 129067.15,"Plan Rows": 59689,"Plan Width": 260,"Actual Startup Time": 76.518,"Actual Total Time": 281.363,"Actual Rows": 94907,"Actual Loops": 1,"Workers Planned": 3,"Workers Launched": 3,"Single Copy": false,"Plans": [{"Node Type": "Hash Join","Parent Relationship": "Outer","Parallel Aware": false,"Async Capable": false,"Join Type": "Inner","Startup Cost": 5830.97,"Total Cost": 122098.25,"Plan Rows": 19255,"Plan Width": 260,"Actual Startup Time": 68.775,"Actual Total Time": 339.806,"Actual Rows": 23727,"Actual Loops": 4,"Inner Unique": true,"Hash Cond": "(customer.c_nationkey = nation.n_nationkey)","Workers": [],"Plans": [{"Node Type": "Hash Join","Parent Relationship": "Outer","Parallel Aware": true,"Async Capable": false,"Join Type": "Inner","Startup Cost": 5829.40,"Total Cost": 122037.58,"Plan Rows": 19255,"Plan Width": 160,"Actual Startup Time": 68.296,"Actual Total Time": 331.130,"Actual Rows": 23727,"Actual Loops": 4,"Inner Unique": true,"Hash Cond": "(orders.o_custkey = customer.c_custkey)","Workers": [],"Plans": [{"Node Type": "Nested Loop","Parent Relationship": "Outer","Parallel Aware": false,"Async Capable": false,"Join Type": "Inner","Startup Cost": 838.15,"Total Cost": 116995.79,"Plan Rows": 19255,"Plan Width": 16,"Actual Startup Time": 13.636,"Actual Total Time": 241.200,"Actual Rows": 23727,"Actual Loops": 4,"Inner Unique": false,"Workers": [],"Plans": [{"Node Type": "Bitmap Heap Scan","Parent Relationship": "Outer","Parallel Aware": true,"Async Capable": false,"Relation Name": "orders","Alias": "orders","Startup Cost": 837.72,"Total Cost": 27226.01,"Plan Rows": 19553,"Plan Width": 8,"Actual Startup Time": 13.552,"Actual Total Time": 68.983,"Actual Rows": 14126,"Actual Loops": 4,"Recheck Cond": "((o_orderdate >= '1995-01-01'::date) AND (o_orderdate < '1995-04-01 00:00:00'::timestamp without time zone))","Rows Removed by Index Recheck": 0,"Exact Heap Blocks": 3623,"Lossy Heap Blocks": 0,"Workers": [],"Plans": [{"Node Type": "Bitmap Index Scan","Parent Relationship": "Outer","Parallel Aware": false,"Async Capable": false,"Index Name": "idx_orders_orderdate","Startup Cost": 0.00,"Total Cost": 822.57,"Plan Rows": 60614,"Plan Width": 0,"Actual Startup Time": 10.475,"Actual Total Time": 10.479,"Actual Rows": 56506,"Actual Loops": 1,"Index Cond": "((o_orderdate >= '1995-01-01'::date) AND (o_orderdate < '1995-04-01 00:00:00'::timestamp without time zone))","Workers": []}]},{"Node Type": "Index Scan","Parent Relationship": "Inner","Parallel Aware": false,"Async Capable": false,"Scan Direction": "Forward","Index Name": "idx_lineitem_orderkey","Relation Name": "lineitem","Alias": "lineitem","Startup Cost": 0.43,"Total Cost": 4.55,"Plan Rows": 4,"Plan Width": 16,"Actual Startup Time": 0.010,"Actual Total Time": 0.012,"Actual Rows": 2,"Actual Loops": 56506,"Index Cond": "(l_orderkey = orders.o_orderkey)","Rows Removed by Index Recheck": 0,"Filter": "(l_returnflag = 'R'::bpchar)","Rows Removed by Filter": 2,"Workers": []}]},{"Node Type": "Hash","Parent Relationship": "Inner","Parallel Aware": true,"Async Capable": false,"Startup Cost": 4210.00,"Total Cost": 4210.00,"Plan Rows": 62500,"Plan Width": 148,"Actual Startup Time": 54.088,"Actual Total Time": 54.097,"Actual Rows": 37500,"Actual Loops": 4,"Hash Buckets": 262144,"Original Hash Buckets": 262144,"Hash Batches": 1,"Original Hash Batches": 1,"Peak Memory Usage": 29312,"Workers": [],"Plans": [{"Node Type": "Seq Scan","Parent Relationship": "Outer","Parallel Aware": true,"Async Capable": false,"Relation Name": "customer","Alias": "customer","Startup Cost": 0.00,"Total Cost": 4210.00,"Plan Rows": 62500,"Plan Width": 148,"Actual Startup Time": 0.033,"Actual Total Time": 23.775,"Actual Rows": 37500,"Actual Loops": 4,"Workers": []}]}]},{"Node Type": "Hash","Parent Relationship": "Inner","Parallel Aware": false,"Async Capable": false,"Startup Cost": 1.25,"Total Cost": 1.25,"Plan Rows": 25,"Plan Width": 108,"Actual Startup Time": 0.094,"Actual Total Time": 0.098,"Actual Rows": 25,"Actual Loops": 4,"Hash Buckets": 1024,"Original Hash Buckets": 1024,"Hash Batches": 1,"Original Hash Batches": 1,"Peak Memory Usage": 10,"Workers": [],"Plans": [{"Node Type": "Seq Scan","Parent Relationship": "Outer","Parallel Aware": false,"Async Capable": false,"Relation Name": "nation","Alias": "nation","Startup Cost": 0.00,"Total Cost": 1.25,"Plan Rows": 25,"Plan Width": 108,"Actual Startup Time": 0.062,"Actual Total Time": 0.068,"Actual Rows": 25,"Actual Loops": 4,"Workers": []}]}]}]}]}]},"Planning Time": 7.620,"Triggers": [],"Execution Time": 593.147}]
[{"Plan": {"Node Type": "Sort","Parallel Aware": false,"Async Capable": false,"Startup Cost": 129285.16,"Total Cost": 129423.04,"Plan Rows": 55152,"Plan Width": 280,"Actual Startup Time": 594.195,"Actual Total Time": 635.058,"Actual Rows": 37857,"Actual Loops": 1,"Sort Key": ["(sum((lineitem.l_extendedprice * ('1'::numeric - lineitem.l_discount)))) DESC"],"Sort Method": "quicksort","Sort Space Used": 9823,"Sort Space Type": "Memory","Plans": [{"Node Type": "Aggregate","Strategy": "Hashed","Partial Mode": "Simple","Parent Relationship": "Outer","Parallel Aware": false,"Async Capable": false,"Startup Cost": 124252.23,"Total Cost": 124941.63,"Plan Rows": 55152,"Plan Width": 280,"Actual Startup Time": 414.188,"Actual Total Time": 557.916,"Actual Rows": 37857,"Actual Loops": 1,"Group Key": ["customer.c_custkey", "nation.n_name"],"Planned Partitions": 0,"HashAgg Batches": 1,"Peak Memory Usage": 26129,"Disk Usage": 0,"Plans": [{"Node Type": "Gather","Parent Relationship": "Outer","Parallel Aware": false,"Async Capable": false,"Startup Cost": 6767.74,"Total Cost": 123562.83,"Plan Rows": 55152,"Plan Width": 260,"Actual Startup Time": 77.793,"Actual Total Time": 289.359,"Actual Rows": 114326,"Actual Loops": 1,"Workers Planned": 3,"Workers Launched": 3,"Single Copy": false,"Plans": [{"Node Type": "Hash Join","Parent Relationship": "Outer","Parallel Aware": false,"Async Capable": false,"Join Type": "Inner","Startup Cost": 5767.74,"Total Cost": 117047.63,"Plan Rows": 17791,"Plan Width": 260,"Actual Startup Time": 70.168,"Actual Total Time": 358.948,"Actual Rows": 28582,"Actual Loops": 4,"Inner Unique": true,"Hash Cond": "(customer.c_nationkey = nation.n_nationkey)","Workers": [],"Plans": [{"Node Type": "Hash Join","Parent Relationship": "Outer","Parallel Aware": true,"Async Capable": false,"Join Type": "Inner","Startup Cost": 5766.18,"Total Cost": 116991.45,"Plan Rows": 17791,"Plan Width": 160,"Actual Startup Time": 69.698,"Actual Total Time": 349.487,"Actual Rows": 28582,"Actual Loops": 4,"Inner Unique": true,"Hash Cond": "(orders.o_custkey = customer.c_custkey)","Workers": [],"Plans": [{"Node Type": "Nested Loop","Parent Relationship": "Outer","Parallel Aware": false,"Async Capable": false,"Join Type": "Inner","Startup Cost": 774.93,"Total Cost": 111953.49,"Plan Rows": 17791,"Plan Width": 16,"Actual Startup Time": 12.978,"Actual Total Time": 249.911,"Actual Rows": 28582,"Actual Loops": 4,"Inner Unique": false,"Workers": [],"Plans": [{"Node Type": "Bitmap Heap Scan","Parent Relationship": "Outer","Parallel Aware": true,"Async Capable": false,"Relation Name": "orders","Alias": "orders","Startup Cost": 774.50,"Total Cost": 27140.50,"Plan Rows": 18067,"Plan Width": 8,"Actual Startup Time": 12.915,"Actual Total Time": 70.510,"Actual Rows": 14320,"Actual Loops": 4,"Recheck Cond": "((o_orderdate >= '1993-06-01'::date) AND (o_orderdate < '1993-09-01 00:00:00'::timestamp without time zone))","Rows Removed by Index Recheck": 0,"Exact Heap Blocks": 3550,"Lossy Heap Blocks": 0,"Workers": [],"Plans": [{"Node Type": "Bitmap Index Scan","Parent Relationship": "Outer","Parallel Aware": false,"Async Capable": false,"Index Name": "idx_orders_orderdate","Startup Cost": 0.00,"Total Cost": 760.50,"Plan Rows": 56007,"Plan Width": 0,"Actual Startup Time": 9.843,"Actual Total Time": 9.846,"Actual Rows": 57280,"Actual Loops": 1,"Index Cond": "((o_orderdate >= '1993-06-01'::date) AND (o_orderdate < '1993-09-01 00:00:00'::timestamp without time zone))","Workers": []}]},{"Node Type": "Index Scan","Parent Relationship": "Inner","Parallel Aware": false,"Async Capable": false,"Scan Direction": "Forward","Index Name": "idx_lineitem_orderkey","Relation Name": "lineitem","Alias": "lineitem","Startup Cost": 0.43,"Total Cost": 4.65,"Plan Rows": 4,"Plan Width": 16,"Actual Startup Time": 0.010,"Actual Total Time": 0.012,"Actual Rows": 2,"Actual Loops": 57280,"Index Cond": "(l_orderkey = orders.o_orderkey)","Rows Removed by Index Recheck": 0,"Filter": "(l_returnflag = 'R'::bpchar)","Rows Removed by Filter": 2,"Workers": []}]},{"Node Type": "Hash","Parent Relationship": "Inner","Parallel Aware": true,"Async Capable": false,"Startup Cost": 4210.00,"Total Cost": 4210.00,"Plan Rows": 62500,"Plan Width": 148,"Actual Startup Time": 56.151,"Actual Total Time": 56.157,"Actual Rows": 37500,"Actual Loops": 4,"Hash Buckets": 262144,"Original Hash Buckets": 262144,"Hash Batches": 1,"Original Hash Batches": 1,"Peak Memory Usage": 29312,"Workers": [],"Plans": [{"Node Type": "Seq Scan","Parent Relationship": "Outer","Parallel Aware": true,"Async Capable": false,"Relation Name": "customer","Alias": "customer","Startup Cost": 0.00,"Total Cost": 4210.00,"Plan Rows": 62500,"Plan Width": 148,"Actual Startup Time": 0.028,"Actual Total Time": 26.217,"Actual Rows": 37500,"Actual Loops": 4,"Workers": []}]}]},{"Node Type": "Hash","Parent Relationship": "Inner","Parallel Aware": false,"Async Capable": false,"Startup Cost": 1.25,"Total Cost": 1.25,"Plan Rows": 25,"Plan Width": 108,"Actual Startup Time": 0.109,"Actual Total Time": 0.115,"Actual Rows": 25,"Actual Loops": 4,"Hash Buckets": 1024,"Original Hash Buckets": 1024,"Hash Batches": 1,"Original Hash Batches": 1,"Peak Memory Usage": 10,"Workers": [],"Plans": [{"Node Type": "Seq Scan","Parent Relationship": "Outer","Parallel Aware": false,"Async Capable": false,"Relation Name": "nation","Alias": "nation","Startup Cost": 0.00,"Total Cost": 1.25,"Plan Rows": 25,"Plan Width": 108,"Actual Startup Time": 0.076,"Actual Total Time": 0.083,"Actual Rows": 25,"Actual Loops": 4,"Workers": []}]}]}]}]}]},"Planning Time": 6.852,"Triggers": [],"Execution Time": 641.259}]
[{"Plan": {"Node Type": "Sort","Parallel Aware": false,"Async Capable": false,"Startup Cost": 131375.21,"Total Cost": 131517.01,"Plan Rows": 56721,"Plan Width": 280,"Actual Startup Time": 563.067,"Actual Total Time": 603.830,"Actual Rows": 37302,"Actual Loops": 1,"Sort Key": ["(sum((lineitem.l_extendedprice * ('1'::numeric - lineitem.l_discount)))) DESC"],"Sort Method": "quicksort","Sort Space Used": 9696,"Sort Space Type": "Memory","Plans": [{"Node Type": "Aggregate","Strategy": "Hashed","Partial Mode": "Simple","Parent Relationship": "Outer","Parallel Aware": false,"Async Capable": false,"Startup Cost": 126187.62,"Total Cost": 126896.63,"Plan Rows": 56721,"Plan Width": 280,"Actual Startup Time": 390.529,"Actual Total Time": 528.800,"Actual Rows": 37302,"Actual Loops": 1,"Group Key": ["customer.c_custkey", "nation.n_name"],"Planned Partitions": 0,"HashAgg Batches": 1,"Peak Memory Usage": 26129,"Disk Usage": 0,"Plans": [{"Node Type": "Gather","Parent Relationship": "Outer","Parallel Aware": false,"Async Capable": false,"Startup Cost": 6792.07,"Total Cost": 125478.61,"Plan Rows": 56721,"Plan Width": 260,"Actual Startup Time": 74.264,"Actual Total Time": 271.853,"Actual Rows": 111987,"Actual Loops": 1,"Workers Planned": 3,"Workers Launched": 3,"Single Copy": false,"Plans": [{"Node Type": "Hash Join","Parent Relationship": "Outer","Parallel Aware": false,"Async Capable": false,"Join Type": "Inner","Startup Cost": 5792.07,"Total Cost": 118806.51,"Plan Rows": 18297,"Plan Width": 260,"Actual Startup Time": 66.885,"Actual Total Time": 338.409,"Actual Rows": 27997,"Actual Loops": 4,"Inner Unique": true,"Hash Cond": "(customer.c_nationkey = nation.n_nationkey)","Workers": [],"Plans": [{"Node Type": "Hash Join","Parent Relationship": "Outer","Parallel Aware": true,"Async Capable": false,"Join Type": "Inner","Startup Cost": 5790.51,"Total Cost": 118748.77,"Plan Rows": 18297,"Plan Width": 160,"Actual Startup Time": 66.491,"Actual Total Time": 330.614,"Actual Rows": 27997,"Actual Loops": 4,"Inner Unique": true,"Hash Cond": "(orders.o_custkey = customer.c_custkey)","Workers": [],"Plans": [{"Node Type": "Nested Loop","Parent Relationship": "Outer","Parallel Aware": false,"Async Capable": false,"Join Type": "Inner","Startup Cost": 799.26,"Total Cost": 113709.49,"Plan Rows": 18297,"Plan Width": 16,"Actual Startup Time": 13.178,"Actual Total Time": 239.311,"Actual Rows": 27997,"Actual Loops": 4,"Inner Unique": false,"Workers": [],"Plans": [{"Node Type": "Bitmap Heap Scan","Parent Relationship": "Outer","Parallel Aware": true,"Async Capable": false,"Relation Name": "orders","Alias": "orders","Startup Cost": 798.83,"Total Cost": 27172.54,"Plan Rows": 18580,"Plan Width": 8,"Actual Startup Time": 13.117,"Actual Total Time": 66.928,"Actual Rows": 13993,"Actual Loops": 4,"Recheck Cond": "((o_orderdate >= '1993-12-01'::date) AND (o_orderdate < '1994-03-01 00:00:00'::timestamp without time zone))","Rows Removed by Index Recheck": 0,"Exact Heap Blocks": 3558,"Lossy Heap Blocks": 0,"Workers": [],"Plans": [{"Node Type": "Bitmap Index Scan","Parent Relationship": "Outer","Parallel Aware": false,"Async Capable": false,"Index Name": "idx_orders_orderdate","Startup Cost": 0.00,"Total Cost": 784.43,"Plan Rows": 57600,"Plan Width": 0,"Actual Startup Time": 10.042,"Actual Total Time": 10.048,"Actual Rows": 55973,"Actual Loops": 1,"Index Cond": "((o_orderdate >= '1993-12-01'::date) AND (o_orderdate < '1994-03-01 00:00:00'::timestamp without time zone))","Workers": []}]},{"Node Type": "Index Scan","Parent Relationship": "Inner","Parallel Aware": false,"Async Capable": false,"Scan Direction": "Forward","Index Name": "idx_lineitem_orderkey","Relation Name": "lineitem","Alias": "lineitem","Startup Cost": 0.43,"Total Cost": 4.62,"Plan Rows": 4,"Plan Width": 16,"Actual Startup Time": 0.010,"Actual Total Time": 0.012,"Actual Rows": 2,"Actual Loops": 55973,"Index Cond": "(l_orderkey = orders.o_orderkey)","Rows Removed by Index Recheck": 0,"Filter": "(l_returnflag = 'R'::bpchar)","Rows Removed by Filter": 2,"Workers": []}]},{"Node Type": "Hash","Parent Relationship": "Inner","Parallel Aware": true,"Async Capable": false,"Startup Cost": 4210.00,"Total Cost": 4210.00,"Plan Rows": 62500,"Plan Width": 148,"Actual Startup Time": 52.746,"Actual Total Time": 52.755,"Actual Rows": 37500,"Actual Loops": 4,"Hash Buckets": 262144,"Original Hash Buckets": 262144,"Hash Batches": 1,"Original Hash Batches": 1,"Peak Memory Usage": 29312,"Workers": [],"Plans": [{"Node Type": "Seq Scan","Parent Relationship": "Outer","Parallel Aware": true,"Async Capable": false,"Relation Name": "customer","Alias": "customer","Startup Cost": 0.00,"Total Cost": 4210.00,"Plan Rows": 62500,"Plan Width": 148,"Actual Startup Time": 0.028,"Actual Total Time": 23.004,"Actual Rows": 37500,"Actual Loops": 4,"Workers": []}]}]},{"Node Type": "Hash","Parent Relationship": "Inner","Parallel Aware": false,"Async Capable": false,"Startup Cost": 1.25,"Total Cost": 1.25,"Plan Rows": 25,"Plan Width": 108,"Actual Startup Time": 0.099,"Actual Total Time": 0.105,"Actual Rows": 25,"Actual Loops": 4,"Hash Buckets": 1024,"Original Hash Buckets": 1024,"Hash Batches": 1,"Original Hash Batches": 1,"Peak Memory Usage": 10,"Workers": [],"Plans": [{"Node Type": "Seq Scan","Parent Relationship": "Outer","Parallel Aware": false,"Async Capable": false,"Relation Name": "nation","Alias": "nation","Startup Cost": 0.00,"Total Cost": 1.25,"Plan Rows": 25,"Plan Width": 108,"Actual Startup Time": 0.067,"Actual Total Time": 0.074,"Actual Rows": 25,"Actual Loops": 4,"Workers": []}]}]}]}]}]},"Planning Time": 6.321,"Triggers": [],"Execution Time": 609.357}]
[{"Plan": {"Node Type": "Sort","Parallel Aware": false,"Async Capable": false,"Startup Cost": 131330.41,"Total Cost": 131472.12,"Plan Rows": 56686,"Plan Width": 280,"Actual Startup Time": 587.483,"Actual Total Time": 628.086,"Actual Rows": 37925,"Actual Loops": 1,"Sort Key": ["(sum((lineitem.l_extendedprice * ('1'::numeric - lineitem.l_discount)))) DESC"],"Sort Method": "quicksort","Sort Space Used": 9832,"Sort Space Type": "Memory","Plans": [{"Node Type": "Aggregate","Strategy": "Hashed","Partial Mode": "Simple","Parent Relationship": "Outer","Parallel Aware": false,"Async Capable": false,"Startup Cost": 126146.27,"Total Cost": 126854.85,"Plan Rows": 56686,"Plan Width": 280,"Actual Startup Time": 410.388,"Actual Total Time": 556.054,"Actual Rows": 37925,"Actual Loops": 1,"Group Key": ["customer.c_custkey", "nation.n_name"],"Planned Partitions": 0,"HashAgg Batches": 1,"Peak Memory Usage": 26129,"Disk Usage": 0,"Plans": [{"Node Type": "Gather","Parent Relationship": "Outer","Parallel Aware": false,"Async Capable": false,"Startup Cost": 6791.71,"Total Cost": 125437.70,"Plan Rows": 56686,"Plan Width": 260,"Actual Startup Time": 76.070,"Actual Total Time": 284.431,"Actual Rows": 114550,"Actual Loops": 1,"Workers Planned": 3,"Workers Launched": 3,"Single Copy": false,"Plans": [{"Node Type": "Hash Join","Parent Relationship": "Outer","Parallel Aware": false,"Async Capable": false,"Join Type": "Inner","Startup Cost": 5791.71,"Total Cost": 118769.10,"Plan Rows": 18286,"Plan Width": 260,"Actual Startup Time": 68.409,"Actual Total Time": 355.040,"Actual Rows": 28638,"Actual Loops": 4,"Inner Unique": true,"Hash Cond": "(customer.c_nationkey = nation.n_nationkey)","Workers": [],"Plans": [{"Node Type": "Hash Join","Parent Relationship": "Outer","Parallel Aware": true,"Async Capable": false,"Join Type": "Inner","Startup Cost": 5790.15,"Total Cost": 118711.40,"Plan Rows": 18286,"Plan Width": 160,"Actual Startup Time": 67.911,"Actual Total Time": 346.301,"Actual Rows": 28638,"Actual Loops": 4,"Inner Unique": true,"Hash Cond": "(orders.o_custkey = customer.c_custkey)","Workers": [],"Plans": [{"Node Type": "Nested Loop","Parent Relationship": "Outer","Parallel Aware": false,"Async Capable": false,"Join Type": "Inner","Startup Cost": 798.90,"Total Cost": 113672.15,"Plan Rows": 18286,"Plan Width": 16,"Actual Startup Time": 13.342,"Actual Total Time": 249.825,"Actual Rows": 28638,"Actual Loops": 4,"Inner Unique": false,"Workers": [],"Plans": [{"Node Type": "Bitmap Heap Scan","Parent Relationship": "Outer","Parallel Aware": true,"Async Capable": false,"Relation Name": "orders","Alias": "orders","Startup Cost": 798.47,"Total Cost": 27172.01,"Plan Rows": 18569,"Plan Width": 8,"Actual Startup Time": 13.275,"Actual Total Time": 71.340,"Actual Rows": 14284,"Actual Loops": 4,"Recheck Cond": "((o_orderdate >= '1993-08-01'::date) AND (o_orderdate < '1993-11-01 00:00:00'::timestamp without time zone))","Rows Removed by Index Recheck": 0,"Exact Heap Blocks": 3594,"Lossy Heap Blocks": 0,"Workers": [],"Plans": [{"Node Type": "Bitmap Index Scan","Parent Relationship": "Outer","Parallel Aware": false,"Async Capable": false,"Index Name": "idx_orders_orderdate","Startup Cost": 0.00,"Total Cost": 784.08,"Plan Rows": 57565,"Plan Width": 0,"Actual Startup Time": 10.135,"Actual Total Time": 10.136,"Actual Rows": 57138,"Actual Loops": 1,"Index Cond": "((o_orderdate >= '1993-08-01'::date) AND (o_orderdate < '1993-11-01 00:00:00'::timestamp without time zone))","Workers": []}]},{"Node Type": "Index Scan","Parent Relationship": "Inner","Parallel Aware": false,"Async Capable": false,"Scan Direction": "Forward","Index Name": "idx_lineitem_orderkey","Relation Name": "lineitem","Alias": "lineitem","Startup Cost": 0.43,"Total Cost": 4.62,"Plan Rows": 4,"Plan Width": 16,"Actual Startup Time": 0.010,"Actual Total Time": 0.012,"Actual Rows": 2,"Actual Loops": 57138,"Index Cond": "(l_orderkey = orders.o_orderkey)","Rows Removed by Index Recheck": 0,"Filter": "(l_returnflag = 'R'::bpchar)","Rows Removed by Filter": 2,"Workers": []}]},{"Node Type": "Hash","Parent Relationship": "Inner","Parallel Aware": true,"Async Capable": false,"Startup Cost": 4210.00,"Total Cost": 4210.00,"Plan Rows": 62500,"Plan Width": 148,"Actual Startup Time": 53.968,"Actual Total Time": 53.976,"Actual Rows": 37500,"Actual Loops": 4,"Hash Buckets": 262144,"Original Hash Buckets": 262144,"Hash Batches": 1,"Original Hash Batches": 1,"Peak Memory Usage": 29344,"Workers": [],"Plans": [{"Node Type": "Seq Scan","Parent Relationship": "Outer","Parallel Aware": true,"Async Capable": false,"Relation Name": "customer","Alias": "customer","Startup Cost": 0.00,"Total Cost": 4210.00,"Plan Rows": 62500,"Plan Width": 148,"Actual Startup Time": 0.023,"Actual Total Time": 24.403,"Actual Rows": 37500,"Actual Loops": 4,"Workers": []}]}]},{"Node Type": "Hash","Parent Relationship": "Inner","Parallel Aware": false,"Async Capable": false,"Startup Cost": 1.25,"Total Cost": 1.25,"Plan Rows": 25,"Plan Width": 108,"Actual Startup Time": 0.099,"Actual Total Time": 0.106,"Actual Rows": 25,"Actual Loops": 4,"Hash Buckets": 1024,"Original Hash Buckets": 1024,"Hash Batches": 1,"Original Hash Batches": 1,"Peak Memory Usage": 10,"Workers": [],"Plans": [{"Node Type": "Seq Scan","Parent Relationship": "Outer","Parallel Aware": false,"Async Capable": false,"Relation Name": "nation","Alias": "nation","Startup Cost": 0.00,"Total Cost": 1.25,"Plan Rows": 25,"Plan Width": 108,"Actual Startup Time": 0.062,"Actual Total Time": 0.071,"Actual Rows": 25,"Actual Loops": 4,"Workers": []}]}]}]}]}]},"Planning Time": 6.540,"Triggers": [],"Execution Time": 634.012}]
[{"Plan": {"Node Type": "Sort","Parallel Aware": false,"Async Capable": false,"Startup Cost": 132260.34,"Total Cost": 132403.81,"Plan Rows": 57388,"Plan Width": 280,"Actual Startup Time": 619.828,"Actual Total Time": 659.334,"Actual Rows": 38182,"Actual Loops": 1,"Sort Key": ["(sum((lineitem.l_extendedprice * ('1'::numeric - lineitem.l_discount)))) DESC"],"Sort Method": "quicksort","Sort Space Used": 9879,"Sort Space Type": "Memory","Plans": [{"Node Type": "Aggregate","Strategy": "Hashed","Partial Mode": "Simple","Parent Relationship": "Outer","Parallel Aware": false,"Async Capable": false,"Startup Cost": 127006.91,"Total Cost": 127724.26,"Plan Rows": 57388,"Plan Width": 280,"Actual Startup Time": 430.185,"Actual Total Time": 588.903,"Actual Rows": 38182,"Actual Loops": 1,"Group Key": ["customer.c_custkey", "nation.n_name"],"Planned Partitions": 0,"HashAgg Batches": 1,"Peak Memory Usage": 26129,"Disk Usage": 0,"Plans": [{"Node Type": "Gather","Parent Relationship": "Outer","Parallel Aware": false,"Async Capable": false,"Startup Cost": 6799.02,"Total Cost": 126289.56,"Plan Rows": 57388,"Plan Width": 260,"Actual Startup Time": 89.737,"Actual Total Time": 296.974,"Actual Rows": 115050,"Actual Loops": 1,"Workers Planned": 3,"Workers Launched": 3,"Single Copy": false,"Plans": [{"Node Type": "Hash Join","Parent Relationship": "Outer","Parallel Aware": false,"Async Capable": false,"Join Type": "Inner","Startup Cost": 5799.02,"Total Cost": 119550.76,"Plan Rows": 18512,"Plan Width": 260,"Actual Startup Time": 82.322,"Actual Total Time": 373.404,"Actual Rows": 28762,"Actual Loops": 4,"Inner Unique": true,"Hash Cond": "(customer.c_nationkey = nation.n_nationkey)","Workers": [],"Plans": [{"Node Type": "Hash Join","Parent Relationship": "Outer","Parallel Aware": true,"Async Capable": false,"Join Type": "Inner","Startup Cost": 5797.46,"Total Cost": 119492.37,"Plan Rows": 18512,"Plan Width": 160,"Actual Startup Time": 81.937,"Actual Total Time": 363.986,"Actual Rows": 28762,"Actual Loops": 4,"Inner Unique": true,"Hash Cond": "(orders.o_custkey = customer.c_custkey)","Workers": [],"Plans": [{"Node Type": "Nested Loop","Parent Relationship": "Outer","Parallel Aware": false,"Async Capable": false,"Join Type": "Inner","Startup Cost": 806.21,"Total Cost": 114452.53,"Plan Rows": 18513,"Plan Width": 16,"Actual Startup Time": 13.433,"Actual Total Time": 253.545,"Actual Rows": 28762,"Actual Loops": 4,"Inner Unique": false,"Workers": [],"Plans": [{"Node Type": "Bitmap Heap Scan","Parent Relationship": "Outer","Parallel Aware": true,"Async Capable": false,"Relation Name": "orders","Alias": "orders","Startup Cost": 805.78,"Total Cost": 27182.77,"Plan Rows": 18799,"Plan Width": 8,"Actual Startup Time": 13.373,"Actual Total Time": 70.825,"Actual Rows": 14368,"Actual Loops": 4,"Recheck Cond": "((o_orderdate >= '1994-06-01'::date) AND (o_orderdate < '1994-09-01 00:00:00'::timestamp without time zone))","Rows Removed by Index Recheck": 0,"Exact Heap Blocks": 3680,"Lossy Heap Blocks": 0,"Workers": [],"Plans": [{"Node Type": "Bitmap Index Scan","Parent Relationship": "Outer","Parallel Aware": false,"Async Capable": false,"Index Name": "idx_orders_orderdate","Startup Cost": 0.00,"Total Cost": 791.21,"Plan Rows": 58278,"Plan Width": 0,"Actual Startup Time": 10.272,"Actual Total Time": 10.276,"Actual Rows": 57474,"Actual Loops": 1,"Index Cond": "((o_orderdate >= '1994-06-01'::date) AND (o_orderdate < '1994-09-01 00:00:00'::timestamp without time zone))","Workers": []}]},{"Node Type": "Index Scan","Parent Relationship": "Inner","Parallel Aware": false,"Async Capable": false,"Scan Direction": "Forward","Index Name": "idx_lineitem_orderkey","Relation Name": "lineitem","Alias": "lineitem","Startup Cost": 0.43,"Total Cost": 4.60,"Plan Rows": 4,"Plan Width": 16,"Actual Startup Time": 0.010,"Actual Total Time": 0.012,"Actual Rows": 2,"Actual Loops": 57474,"Index Cond": "(l_orderkey = orders.o_orderkey)","Rows Removed by Index Recheck": 0,"Filter": "(l_returnflag = 'R'::bpchar)","Rows Removed by Filter": 2,"Workers": []}]},{"Node Type": "Hash","Parent Relationship": "Inner","Parallel Aware": true,"Async Capable": false,"Startup Cost": 4210.00,"Total Cost": 4210.00,"Plan Rows": 62500,"Plan Width": 148,"Actual Startup Time": 67.921,"Actual Total Time": 67.927,"Actual Rows": 37500,"Actual Loops": 4,"Hash Buckets": 262144,"Original Hash Buckets": 262144,"Hash Batches": 1,"Original Hash Batches": 1,"Peak Memory Usage": 29312,"Workers": [],"Plans": [{"Node Type": "Seq Scan","Parent Relationship": "Outer","Parallel Aware": true,"Async Capable": false,"Relation Name": "customer","Alias": "customer","Startup Cost": 0.00,"Total Cost": 4210.00,"Plan Rows": 62500,"Plan Width": 148,"Actual Startup Time": 0.026,"Actual Total Time": 28.832,"Actual Rows": 37500,"Actual Loops": 4,"Workers": []}]}]},{"Node Type": "Hash","Parent Relationship": "Inner","Parallel Aware": false,"Async Capable": false,"Startup Cost": 1.25,"Total Cost": 1.25,"Plan Rows": 25,"Plan Width": 108,"Actual Startup Time": 0.096,"Actual Total Time": 0.101,"Actual Rows": 25,"Actual Loops": 4,"Hash Buckets": 1024,"Original Hash Buckets": 1024,"Hash Batches": 1,"Original Hash Batches": 1,"Peak Memory Usage": 10,"Workers": [],"Plans": [{"Node Type": "Seq Scan","Parent Relationship": "Outer","Parallel Aware": false,"Async Capable": false,"Relation Name": "nation","Alias": "nation","Startup Cost": 0.00,"Total Cost": 1.25,"Plan Rows": 25,"Plan Width": 108,"Actual Startup Time": 0.064,"Actual Total Time": 0.070,"Actual Rows": 25,"Actual Loops": 4,"Workers": []}]}]}]}]}]},"Planning Time": 7.103,"Triggers": [],"Execution Time": 663.701}]
[{"Plan": {"Node Type": "Sort","Parallel Aware": false,"Async Capable": false,"Startup Cost": 130310.74,"Total Cost": 130450.54,"Plan Rows": 55918,"Plan Width": 280,"Actual Startup Time": 603.874,"Actual Total Time": 643.975,"Actual Rows": 37728,"Actual Loops": 1,"Sort Key": ["(sum((lineitem.l_extendedprice * ('1'::numeric - lineitem.l_discount)))) DESC"],"Sort Method": "quicksort","Sort Space Used": 9784,"Sort Space Type": "Memory","Plans": [{"Node Type": "Aggregate","Strategy": "Hashed","Partial Mode": "Simple","Parent Relationship": "Outer","Parallel Aware": false,"Async Capable": false,"Startup Cost": 125202.34,"Total Cost": 125901.32,"Plan Rows": 55918,"Plan Width": 280,"Actual Startup Time": 420.772,"Actual Total Time": 572.027,"Actual Rows": 37728,"Actual Loops": 1,"Group Key": ["customer.c_custkey", "nation.n_name"],"Planned Partitions": 0,"HashAgg Batches": 1,"Peak Memory Usage": 26129,"Disk Usage": 0,"Plans": [{"Node Type": "Gather","Parent Relationship": "Outer","Parallel Aware": false,"Async Capable": false,"Startup Cost": 6779.72,"Total Cost": 124503.37,"Plan Rows": 55918,"Plan Width": 260,"Actual Startup Time": 83.828,"Actual Total Time": 288.561,"Actual Rows": 114106,"Actual Loops": 1,"Workers Planned": 3,"Workers Launched": 3,"Single Copy": false,"Plans": [{"Node Type": "Hash Join","Parent Relationship": "Outer","Parallel Aware": false,"Async Capable": false,"Join Type": "Inner","Startup Cost": 5779.72,"Total Cost": 117911.57,"Plan Rows": 18038,"Plan Width": 260,"Actual Startup Time": 76.669,"Actual Total Time": 363.746,"Actual Rows": 28526,"Actual Loops": 4,"Inner Unique": true,"Hash Cond": "(customer.c_nationkey = nation.n_nationkey)","Workers": [],"Plans": [{"Node Type": "Hash Join","Parent Relationship": "Outer","Parallel Aware": true,"Async Capable": false,"Join Type": "Inner","Startup Cost": 5778.16,"Total Cost": 117854.62,"Plan Rows": 18038,"Plan Width": 160,"Actual Startup Time": 76.278,"Actual Total Time": 354.947,"Actual Rows": 28526,"Actual Loops": 4,"Inner Unique": true,"Hash Cond": "(orders.o_custkey = customer.c_custkey)","Workers": [],"Plans": [{"Node Type": "Nested Loop","Parent Relationship": "Outer","Parallel Aware": false,"Async Capable": false,"Join Type": "Inner","Startup Cost": 786.91,"Total Cost": 112816.03,"Plan Rows": 18038,"Plan Width": 16,"Actual Startup Time": 13.309,"Actual Total Time": 250.189,"Actual Rows": 28526,"Actual Loops": 4,"Inner Unique": false,"Workers": [],"Plans": [{"Node Type": "Bitmap Heap Scan","Parent Relationship": "Outer","Parallel Aware": true,"Async Capable": false,"Relation Name": "orders","Alias": "orders","Startup Cost": 786.47,"Total Cost": 27156.24,"Plan Rows": 18318,"Plan Width": 8,"Actual Startup Time": 13.234,"Actual Total Time": 69.997,"Actual Rows": 14148,"Actual Loops": 4,"Recheck Cond": "((o_orderdate >= '1993-09-01'::date) AND (o_orderdate < '1993-12-01 00:00:00'::timestamp without time zone))","Rows Removed by Index Recheck": 0,"Exact Heap Blocks": 3617,"Lossy Heap Blocks": 0,"Workers": [],"Plans": [{"Node Type": "Bitmap Index Scan","Parent Relationship": "Outer","Parallel Aware": false,"Async Capable": false,"Index Name": "idx_orders_orderdate","Startup Cost": 0.00,"Total Cost": 772.28,"Plan Rows": 56785,"Plan Width": 0,"Actual Startup Time": 10.161,"Actual Total Time": 10.165,"Actual Rows": 56592,"Actual Loops": 1,"Index Cond": "((o_orderdate >= '1993-09-01'::date) AND (o_orderdate < '1993-12-01 00:00:00'::timestamp without time zone))","Workers": []}]},{"Node Type": "Index Scan","Parent Relationship": "Inner","Parallel Aware": false,"Async Capable": false,"Scan Direction": "Forward","Index Name": "idx_lineitem_orderkey","Relation Name": "lineitem","Alias": "lineitem","Startup Cost": 0.43,"Total Cost": 4.64,"Plan Rows": 4,"Plan Width": 16,"Actual Startup Time": 0.010,"Actual Total Time": 0.012,"Actual Rows": 2,"Actual Loops": 56592,"Index Cond": "(l_orderkey = orders.o_orderkey)","Rows Removed by Index Recheck": 0,"Filter": "(l_returnflag = 'R'::bpchar)","Rows Removed by Filter": 2,"Workers": []}]},{"Node Type": "Hash","Parent Relationship": "Inner","Parallel Aware": true,"Async Capable": false,"Startup Cost": 4210.00,"Total Cost": 4210.00,"Plan Rows": 62500,"Plan Width": 148,"Actual Startup Time": 62.426,"Actual Total Time": 62.432,"Actual Rows": 37500,"Actual Loops": 4,"Hash Buckets": 262144,"Original Hash Buckets": 262144,"Hash Batches": 1,"Original Hash Batches": 1,"Peak Memory Usage": 29312,"Workers": [],"Plans": [{"Node Type": "Seq Scan","Parent Relationship": "Outer","Parallel Aware": true,"Async Capable": false,"Relation Name": "customer","Alias": "customer","Startup Cost": 0.00,"Total Cost": 4210.00,"Plan Rows": 62500,"Plan Width": 148,"Actual Startup Time": 0.023,"Actual Total Time": 26.530,"Actual Rows": 37500,"Actual Loops": 4,"Workers": []}]}]},{"Node Type": "Hash","Parent Relationship": "Inner","Parallel Aware": false,"Async Capable": false,"Startup Cost": 1.25,"Total Cost": 1.25,"Plan Rows": 25,"Plan Width": 108,"Actual Startup Time": 0.095,"Actual Total Time": 0.100,"Actual Rows": 25,"Actual Loops": 4,"Hash Buckets": 1024,"Original Hash Buckets": 1024,"Hash Batches": 1,"Original Hash Batches": 1,"Peak Memory Usage": 10,"Workers": [],"Plans": [{"Node Type": "Seq Scan","Parent Relationship": "Outer","Parallel Aware": false,"Async Capable": false,"Relation Name": "nation","Alias": "nation","Startup Cost": 0.00,"Total Cost": 1.25,"Plan Rows": 25,"Plan Width": 108,"Actual Startup Time": 0.059,"Actual Total Time": 0.065,"Actual Rows": 25,"Actual Loops": 4,"Workers": []}]}]}]}]}]},"Planning Time": 7.546,"Triggers": [],"Execution Time": 648.224}]
[{"Plan": {"Node Type": "Sort","Parallel Aware": false,"Async Capable": false,"Startup Cost": 132166.82,"Total Cost": 132310.11,"Plan Rows": 57318,"Plan Width": 280,"Actual Startup Time": 590.000,"Actual Total Time": 630.537,"Actual Rows": 37972,"Actual Loops": 1,"Sort Key": ["(sum((lineitem.l_extendedprice * ('1'::numeric - lineitem.l_discount)))) DESC"],"Sort Method": "quicksort","Sort Space Used": 9843,"Sort Space Type": "Memory","Plans": [{"Node Type": "Aggregate","Strategy": "Hashed","Partial Mode": "Simple","Parent Relationship": "Outer","Parallel Aware": false,"Async Capable": false,"Startup Cost": 126920.30,"Total Cost": 127636.77,"Plan Rows": 57318,"Plan Width": 280,"Actual Startup Time": 413.108,"Actual Total Time": 556.129,"Actual Rows": 37972,"Actual Loops": 1,"Group Key": ["customer.c_custkey", "nation.n_name"],"Planned Partitions": 0,"HashAgg Batches": 1,"Peak Memory Usage": 26129,"Disk Usage": 0,"Plans": [{"Node Type": "Gather","Parent Relationship": "Outer","Parallel Aware": false,"Async Capable": false,"Startup Cost": 6798.29,"Total Cost": 126203.82,"Plan Rows": 57318,"Plan Width": 260,"Actual Startup Time": 77.619,"Actual Total Time": 286.194,"Actual Rows": 114459,"Actual Loops": 1,"Workers Planned": 3,"Workers Launched": 3,"Single Copy": false,"Plans": [{"Node Type": "Hash Join","Parent Relationship": "Outer","Parallel Aware": false,"Async Capable": false,"Join Type": "Inner","Startup Cost": 5798.29,"Total Cost": 119472.02,"Plan Rows": 18490,"Plan Width": 260,"Actual Startup Time": 70.122,"Actual Total Time": 358.029,"Actual Rows": 28615,"Actual Loops": 4,"Inner Unique": true,"Hash Cond": "(customer.c_nationkey = nation.n_nationkey)","Workers": [],"Plans": [{"Node Type": "Hash Join","Parent Relationship": "Outer","Parallel Aware": true,"Async Capable": false,"Join Type": "Inner","Startup Cost": 5796.73,"Total Cost": 119413.69,"Plan Rows": 18490,"Plan Width": 160,"Actual Startup Time": 69.815,"Actual Total Time": 349.575,"Actual Rows": 28615,"Actual Loops": 4,"Inner Unique": true,"Hash Cond": "(orders.o_custkey = customer.c_custkey)","Workers": [],"Plans": [{"Node Type": "Nested Loop","Parent Relationship": "Outer","Parallel Aware": false,"Async Capable": false,"Join Type": "Inner","Startup Cost": 805.48,"Total Cost": 114373.91,"Plan Rows": 18490,"Plan Width": 16,"Actual Startup Time": 13.081,"Actual Total Time": 249.954,"Actual Rows": 28615,"Actual Loops": 4,"Inner Unique": false,"Workers": [],"Plans": [{"Node Type": "Bitmap Heap Scan","Parent Relationship": "Outer","Parallel Aware": true,"Async Capable": false,"Relation Name": "orders","Alias": "orders","Startup Cost": 805.05,"Total Cost": 27181.70,"Plan Rows": 18776,"Plan Width": 8,"Actual Startup Time": 13.019,"Actual Total Time": 71.418,"Actual Rows": 14305,"Actual Loops": 4,"Recheck Cond": "((o_orderdate >= '1994-10-01'::date) AND (o_orderdate < '1995-01-01 00:00:00'::timestamp without time zone))","Rows Removed by Index Recheck": 0,"Exact Heap Blocks": 3518,"Lossy Heap Blocks": 0,"Workers": [],"Plans": [{"Node Type": "Bitmap Index Scan","Parent Relationship": "Outer","Parallel Aware": false,"Async Capable": false,"Index Name": "idx_orders_orderdate","Startup Cost": 0.00,"Total Cost": 790.50,"Plan Rows": 58207,"Plan Width": 0,"Actual Startup Time": 9.954,"Actual Total Time": 9.955,"Actual Rows": 57219,"Actual Loops": 1,"Index Cond": "((o_orderdate >= '1994-10-01'::date) AND (o_orderdate < '1995-01-01 00:00:00'::timestamp without time zone))","Workers": []}]},{"Node Type": "Index Scan","Parent Relationship": "Inner","Parallel Aware": false,"Async Capable": false,"Scan Direction": "Forward","Index Name": "idx_lineitem_orderkey","Relation Name": "lineitem","Alias": "lineitem","Startup Cost": 0.43,"Total Cost": 4.60,"Plan Rows": 4,"Plan Width": 16,"Actual Startup Time": 0.010,"Actual Total Time": 0.012,"Actual Rows": 2,"Actual Loops": 57219,"Index Cond": "(l_orderkey = orders.o_orderkey)","Rows Removed by Index Recheck": 0,"Filter": "(l_returnflag = 'R'::bpchar)","Rows Removed by Filter": 2,"Workers": []}]},{"Node Type": "Hash","Parent Relationship": "Inner","Parallel Aware": true,"Async Capable": false,"Startup Cost": 4210.00,"Total Cost": 4210.00,"Plan Rows": 62500,"Plan Width": 148,"Actual Startup Time": 56.184,"Actual Total Time": 56.192,"Actual Rows": 37500,"Actual Loops": 4,"Hash Buckets": 262144,"Original Hash Buckets": 262144,"Hash Batches": 1,"Original Hash Batches": 1,"Peak Memory Usage": 29344,"Workers": [],"Plans": [{"Node Type": "Seq Scan","Parent Relationship": "Outer","Parallel Aware": true,"Async Capable": false,"Relation Name": "customer","Alias": "customer","Startup Cost": 0.00,"Total Cost": 4210.00,"Plan Rows": 62500,"Plan Width": 148,"Actual Startup Time": 0.017,"Actual Total Time": 25.696,"Actual Rows": 37500,"Actual Loops": 4,"Workers": []}]}]},{"Node Type": "Hash","Parent Relationship": "Inner","Parallel Aware": false,"Async Capable": false,"Startup Cost": 1.25,"Total Cost": 1.25,"Plan Rows": 25,"Plan Width": 108,"Actual Startup Time": 0.071,"Actual Total Time": 0.075,"Actual Rows": 25,"Actual Loops": 4,"Hash Buckets": 1024,"Original Hash Buckets": 1024,"Hash Batches": 1,"Original Hash Batches": 1,"Peak Memory Usage": 10,"Workers": [],"Plans": [{"Node Type": "Seq Scan","Parent Relationship": "Outer","Parallel Aware": false,"Async Capable": false,"Relation Name": "nation","Alias": "nation","Startup Cost": 0.00,"Total Cost": 1.25,"Plan Rows": 25,"Plan Width": 108,"Actual Startup Time": 0.050,"Actual Total Time": 0.053,"Actual Rows": 25,"Actual Loops": 4,"Workers": []}]}]}]}]}]},"Planning Time": 7.724,"Triggers": [],"Execution Time": 636.921}]
[{"Plan": {"Node Type": "Sort","Parallel Aware": false,"Async Capable": false,"Startup Cost": 130310.74,"Total Cost": 130450.54,"Plan Rows": 55918,"Plan Width": 280,"Actual Startup Time": 603.874,"Actual Total Time": 643.975,"Actual Rows": 37728,"Actual Loops": 1,"Sort Key": ["(sum((lineitem.l_extendedprice * ('1'::numeric - lineitem.l_discount)))) DESC"],"Sort Method": "quicksort","Sort Space Used": 9784,"Sort Space Type": "Memory","Plans": [{"Node Type": "Aggregate","Strategy": "Hashed","Partial Mode": "Simple","Parent Relationship": "Outer","Parallel Aware": false,"Async Capable": false,"Startup Cost": 125202.34,"Total Cost": 125901.32,"Plan Rows": 55918,"Plan Width": 280,"Actual Startup Time": 420.772,"Actual Total Time": 572.027,"Actual Rows": 37728,"Actual Loops": 1,"Group Key": ["customer.c_custkey", "nation.n_name"],"Planned Partitions": 0,"HashAgg Batches": 1,"Peak Memory Usage": 26129,"Disk Usage": 0,"Plans": [{"Node Type": "Gather","Parent Relationship": "Outer","Parallel Aware": false,"Async Capable": false,"Startup Cost": 6779.72,"Total Cost": 124503.37,"Plan Rows": 55918,"Plan Width": 260,"Actual Startup Time": 83.828,"Actual Total Time": 288.561,"Actual Rows": 114106,"Actual Loops": 1,"Workers Planned": 3,"Workers Launched": 3,"Single Copy": false,"Plans": [{"Node Type": "Hash Join","Parent Relationship": "Outer","Parallel Aware": false,"Async Capable": false,"Join Type": "Inner","Startup Cost": 5779.72,"Total Cost": 117911.57,"Plan Rows": 18038,"Plan Width": 260,"Actual Startup Time": 76.669,"Actual Total Time": 363.746,"Actual Rows": 28526,"Actual Loops": 4,"Inner Unique": true,"Hash Cond": "(customer.c_nationkey = nation.n_nationkey)","Workers": [],"Plans": [{"Node Type": "Hash Join","Parent Relationship": "Outer","Parallel Aware": true,"Async Capable": false,"Join Type": "Inner","Startup Cost": 5778.16,"Total Cost": 117854.62,"Plan Rows": 18038,"Plan Width": 160,"Actual Startup Time": 76.278,"Actual Total Time": 354.947,"Actual Rows": 28526,"Actual Loops": 4,"Inner Unique": true,"Hash Cond": "(orders.o_custkey = customer.c_custkey)","Workers": [],"Plans": [{"Node Type": "Nested Loop","Parent Relationship": "Outer","Parallel Aware": false,"Async Capable": false,"Join Type": "Inner","Startup Cost": 786.91,"Total Cost": 112816.03,"Plan Rows": 18038,"Plan Width": 16,"Actual Startup Time": 13.309,"Actual Total Time": 250.189,"Actual Rows": 28526,"Actual Loops": 4,"Inner Unique": false,"Workers": [],"Plans": [{"Node Type": "Bitmap Heap Scan","Parent Relationship": "Outer","Parallel Aware": true,"Async Capable": false,"Relation Name": "orders","Alias": "orders","Startup Cost": 786.47,"Total Cost": 27156.24,"Plan Rows": 18318,"Plan Width": 8,"Actual Startup Time": 13.234,"Actual Total Time": 69.997,"Actual Rows": 14148,"Actual Loops": 4,"Recheck Cond": "((o_orderdate >= '1993-09-01'::date) AND (o_orderdate < '1993-12-01 00:00:00'::timestamp without time zone))","Rows Removed by Index Recheck": 0,"Exact Heap Blocks": 3617,"Lossy Heap Blocks": 0,"Workers": [],"Plans": [{"Node Type": "Bitmap Index Scan","Parent Relationship": "Outer","Parallel Aware": false,"Async Capable": false,"Index Name": "idx_orders_orderdate","Startup Cost": 0.00,"Total Cost": 772.28,"Plan Rows": 56785,"Plan Width": 0,"Actual Startup Time": 10.161,"Actual Total Time": 10.165,"Actual Rows": 56592,"Actual Loops": 1,"Index Cond": "((o_orderdate >= '1993-09-01'::date) AND (o_orderdate < '1993-12-01 00:00:00'::timestamp without time zone))","Workers": []}]},{"Node Type": "Index Scan","Parent Relationship": "Inner","Parallel Aware": false,"Async Capable": false,"Scan Direction": "Forward","Index Name": "idx_lineitem_orderkey","Relation Name": "lineitem","Alias": "lineitem","Startup Cost": 0.43,"Total Cost": 4.64,"Plan Rows": 4,"Plan Width": 16,"Actual Startup Time": 0.010,"Actual Total Time": 0.012,"Actual Rows": 2,"Actual Loops": 56592,"Index Cond": "(l_orderkey = orders.o_orderkey)","Rows Removed by Index Recheck": 0,"Filter": "(l_returnflag = 'R'::bpchar)","Rows Removed by Filter": 2,"Workers": []}]},{"Node Type": "Hash","Parent Relationship": "Inner","Parallel Aware": true,"Async Capable": false,"Startup Cost": 4210.00,"Total Cost": 4210.00,"Plan Rows": 62500,"Plan Width": 148,"Actual Startup Time": 62.426,"Actual Total Time": 62.432,"Actual Rows": 37500,"Actual Loops": 4,"Hash Buckets": 262144,"Original Hash Buckets": 262144,"Hash Batches": 1,"Original Hash Batches": 1,"Peak Memory Usage": 29312,"Workers": [],"Plans": [{"Node Type": "Seq Scan","Parent Relationship": "Outer","Parallel Aware": true,"Async Capable": false,"Relation Name": "customer","Alias": "customer","Startup Cost": 0.00,"Total Cost": 4210.00,"Plan Rows": 62500,"Plan Width": 148,"Actual Startup Time": 0.023,"Actual Total Time": 26.530,"Actual Rows": 37500,"Actual Loops": 4,"Workers": []}]}]},{"Node Type": "Hash","Parent Relationship": "Inner","Parallel Aware": false,"Async Capable": false,"Startup Cost": 1.25,"Total Cost": 1.25,"Plan Rows": 25,"Plan Width": 108,"Actual Startup Time": 0.095,"Actual Total Time": 0.100,"Actual Rows": 25,"Actual Loops": 4,"Hash Buckets": 1024,"Original Hash Buckets": 1024,"Hash Batches": 1,"Original Hash Batches": 1,"Peak Memory Usage": 10,"Workers": [],"Plans": [{"Node Type": "Seq Scan","Parent Relationship": "Outer","Parallel Aware": false,"Async Capable": false,"Relation Name": "nation","Alias": "nation","Startup Cost": 0.00,"Total Cost": 1.25,"Plan Rows": 25,"Plan Width": 108,"Actual Startup Time": 0.059,"Actual Total Time": 0.065,"Actual Rows": 25,"Actual Loops": 4,"Workers": []}]}]}]}]}]},"Planning Time": 7.546,"Triggers": [],"Execution Time": 648.224}]
[{"Plan": {"Node Type": "Sort","Parallel Aware": false,"Async Capable": false,"Startup Cost": 130809.03,"Total Cost": 130949.76,"Plan Rows": 56293,"Plan Width": 280,"Actual Startup Time": 582.640,"Actual Total Time": 623.609,"Actual Rows": 37618,"Actual Loops": 1,"Sort Key": ["(sum((lineitem.l_extendedprice * ('1'::numeric - lineitem.l_discount)))) DESC"],"Sort Method": "quicksort","Sort Space Used": 9764,"Sort Space Type": "Memory","Plans": [{"Node Type": "Aggregate","Strategy": "Hashed","Partial Mode": "Simple","Parent Relationship": "Outer","Parallel Aware": false,"Async Capable": false,"Startup Cost": 125663.66,"Total Cost": 126367.32,"Plan Rows": 56293,"Plan Width": 280,"Actual Startup Time": 404.905,"Actual Total Time": 550.580,"Actual Rows": 37618,"Actual Loops": 1,"Group Key": ["customer.c_custkey", "nation.n_name"],"Planned Partitions": 0,"HashAgg Batches": 1,"Peak Memory Usage": 26129,"Disk Usage": 0,"Plans": [{"Node Type": "Gather","Parent Relationship": "Outer","Parallel Aware": false,"Async Capable": false,"Startup Cost": 6783.62,"Total Cost": 124960.00,"Plan Rows": 56293,"Plan Width": 260,"Actual Startup Time": 77.508,"Actual Total Time": 283.856,"Actual Rows": 113037,"Actual Loops": 1,"Workers Planned": 3,"Workers Launched": 3,"Single Copy": false,"Plans": [{"Node Type": "Hash Join","Parent Relationship": "Outer","Parallel Aware": false,"Async Capable": false,"Join Type": "Inner","Startup Cost": 5783.62,"Total Cost": 118330.70,"Plan Rows": 18159,"Plan Width": 260,"Actual Startup Time": 69.943,"Actual Total Time": 350.172,"Actual Rows": 28259,"Actual Loops": 4,"Inner Unique": true,"Hash Cond": "(customer.c_nationkey = nation.n_nationkey)","Workers": [],"Plans": [{"Node Type": "Hash Join","Parent Relationship": "Outer","Parallel Aware": true,"Async Capable": false,"Join Type": "Inner","Startup Cost": 5782.06,"Total Cost": 118273.39,"Plan Rows": 18159,"Plan Width": 160,"Actual Startup Time": 69.505,"Actual Total Time": 341.161,"Actual Rows": 28259,"Actual Loops": 4,"Inner Unique": true,"Hash Cond": "(orders.o_custkey = customer.c_custkey)","Workers": [],"Plans": [{"Node Type": "Nested Loop","Parent Relationship": "Outer","Parallel Aware": false,"Async Capable": false,"Join Type": "Inner","Startup Cost": 790.81,"Total Cost": 113234.47,"Plan Rows": 18159,"Plan Width": 16,"Actual Startup Time": 13.628,"Actual Total Time": 244.904,"Actual Rows": 28259,"Actual Loops": 4,"Inner Unique": false,"Workers": [],"Plans": [{"Node Type": "Bitmap Heap Scan","Parent Relationship": "Outer","Parallel Aware": true,"Async Capable": false,"Relation Name": "orders","Alias": "orders","Startup Cost": 790.38,"Total Cost": 27161.99,"Plan Rows": 18441,"Plan Width": 8,"Actual Startup Time": 13.544,"Actual Total Time": 67.991,"Actual Rows": 14129,"Actual Loops": 4,"Recheck Cond": "((o_orderdate >= '1994-09-01'::date) AND (o_orderdate < '1994-12-01 00:00:00'::timestamp without time zone))","Rows Removed by Index Recheck": 0,"Exact Heap Blocks": 3515,"Lossy Heap Blocks": 0,"Workers": [],"Plans": [{"Node Type": "Bitmap Index Scan","Parent Relationship": "Outer","Parallel Aware": false,"Async Capable": false,"Index Name": "idx_orders_orderdate","Startup Cost": 0.00,"Total Cost": 776.09,"Plan Rows": 57166,"Plan Width": 0,"Actual Startup Time": 10.241,"Actual Total Time": 10.248,"Actual Rows": 56516,"Actual Loops": 1,"Index Cond": "((o_orderdate >= '1994-09-01'::date) AND (o_orderdate < '1994-12-01 00:00:00'::timestamp without time zone))","Workers": []}]},{"Node Type": "Index Scan","Parent Relationship": "Inner","Parallel Aware": false,"Async Capable": false,"Scan Direction": "Forward","Index Name": "idx_lineitem_orderkey","Relation Name": "lineitem","Alias": "lineitem","Startup Cost": 0.43,"Total Cost": 4.63,"Plan Rows": 4,"Plan Width": 16,"Actual Startup Time": 0.010,"Actual Total Time": 0.012,"Actual Rows": 2,"Actual Loops": 56516,"Index Cond": "(l_orderkey = orders.o_orderkey)","Rows Removed by Index Recheck": 0,"Filter": "(l_returnflag = 'R'::bpchar)","Rows Removed by Filter": 2,"Workers": []}]},{"Node Type": "Hash","Parent Relationship": "Inner","Parallel Aware": true,"Async Capable": false,"Startup Cost": 4210.00,"Total Cost": 4210.00,"Plan Rows": 62500,"Plan Width": 148,"Actual Startup Time": 55.246,"Actual Total Time": 55.254,"Actual Rows": 37500,"Actual Loops": 4,"Hash Buckets": 262144,"Original Hash Buckets": 262144,"Hash Batches": 1,"Original Hash Batches": 1,"Peak Memory Usage": 29280,"Workers": [],"Plans": [{"Node Type": "Seq Scan","Parent Relationship": "Outer","Parallel Aware": true,"Async Capable": false,"Relation Name": "customer","Alias": "customer","Startup Cost": 0.00,"Total Cost": 4210.00,"Plan Rows": 62500,"Plan Width": 148,"Actual Startup Time": 0.029,"Actual Total Time": 24.927,"Actual Rows": 37500,"Actual Loops": 4,"Workers": []}]}]},{"Node Type": "Hash","Parent Relationship": "Inner","Parallel Aware": false,"Async Capable": false,"Startup Cost": 1.25,"Total Cost": 1.25,"Plan Rows": 25,"Plan Width": 108,"Actual Startup Time": 0.092,"Actual Total Time": 0.096,"Actual Rows": 25,"Actual Loops": 4,"Hash Buckets": 1024,"Original Hash Buckets": 1024,"Hash Batches": 1,"Original Hash Batches": 1,"Peak Memory Usage": 10,"Workers": [],"Plans": [{"Node Type": "Seq Scan","Parent Relationship": "Outer","Parallel Aware": false,"Async Capable": false,"Relation Name": "nation","Alias": "nation","Startup Cost": 0.00,"Total Cost": 1.25,"Plan Rows": 25,"Plan Width": 108,"Actual Startup Time": 0.062,"Actual Total Time": 0.068,"Actual Rows": 25,"Actual Loops": 4,"Workers": []}]}]}]}]}]},"Planning Time": 5.868,"Triggers": [],"Execution Time": 629.137}]
[{"Plan": {"Node Type": "Sort","Parallel Aware": false,"Async Capable": false,"Startup Cost": 130809.03,"Total Cost": 130949.76,"Plan Rows": 56293,"Plan Width": 280,"Actual Startup Time": 582.640,"Actual Total Time": 623.609,"Actual Rows": 37618,"Actual Loops": 1,"Sort Key": ["(sum((lineitem.l_extendedprice * ('1'::numeric - lineitem.l_discount)))) DESC"],"Sort Method": "quicksort","Sort Space Used": 9764,"Sort Space Type": "Memory","Plans": [{"Node Type": "Aggregate","Strategy": "Hashed","Partial Mode": "Simple","Parent Relationship": "Outer","Parallel Aware": false,"Async Capable": false,"Startup Cost": 125663.66,"Total Cost": 126367.32,"Plan Rows": 56293,"Plan Width": 280,"Actual Startup Time": 404.905,"Actual Total Time": 550.580,"Actual Rows": 37618,"Actual Loops": 1,"Group Key": ["customer.c_custkey", "nation.n_name"],"Planned Partitions": 0,"HashAgg Batches": 1,"Peak Memory Usage": 26129,"Disk Usage": 0,"Plans": [{"Node Type": "Gather","Parent Relationship": "Outer","Parallel Aware": false,"Async Capable": false,"Startup Cost": 6783.62,"Total Cost": 124960.00,"Plan Rows": 56293,"Plan Width": 260,"Actual Startup Time": 77.508,"Actual Total Time": 283.856,"Actual Rows": 113037,"Actual Loops": 1,"Workers Planned": 3,"Workers Launched": 3,"Single Copy": false,"Plans": [{"Node Type": "Hash Join","Parent Relationship": "Outer","Parallel Aware": false,"Async Capable": false,"Join Type": "Inner","Startup Cost": 5783.62,"Total Cost": 118330.70,"Plan Rows": 18159,"Plan Width": 260,"Actual Startup Time": 69.943,"Actual Total Time": 350.172,"Actual Rows": 28259,"Actual Loops": 4,"Inner Unique": true,"Hash Cond": "(customer.c_nationkey = nation.n_nationkey)","Workers": [],"Plans": [{"Node Type": "Hash Join","Parent Relationship": "Outer","Parallel Aware": true,"Async Capable": false,"Join Type": "Inner","Startup Cost": 5782.06,"Total Cost": 118273.39,"Plan Rows": 18159,"Plan Width": 160,"Actual Startup Time": 69.505,"Actual Total Time": 341.161,"Actual Rows": 28259,"Actual Loops": 4,"Inner Unique": true,"Hash Cond": "(orders.o_custkey = customer.c_custkey)","Workers": [],"Plans": [{"Node Type": "Nested Loop","Parent Relationship": "Outer","Parallel Aware": false,"Async Capable": false,"Join Type": "Inner","Startup Cost": 790.81,"Total Cost": 113234.47,"Plan Rows": 18159,"Plan Width": 16,"Actual Startup Time": 13.628,"Actual Total Time": 244.904,"Actual Rows": 28259,"Actual Loops": 4,"Inner Unique": false,"Workers": [],"Plans": [{"Node Type": "Bitmap Heap Scan","Parent Relationship": "Outer","Parallel Aware": true,"Async Capable": false,"Relation Name": "orders","Alias": "orders","Startup Cost": 790.38,"Total Cost": 27161.99,"Plan Rows": 18441,"Plan Width": 8,"Actual Startup Time": 13.544,"Actual Total Time": 67.991,"Actual Rows": 14129,"Actual Loops": 4,"Recheck Cond": "((o_orderdate >= '1994-09-01'::date) AND (o_orderdate < '1994-12-01 00:00:00'::timestamp without time zone))","Rows Removed by Index Recheck": 0,"Exact Heap Blocks": 3515,"Lossy Heap Blocks": 0,"Workers": [],"Plans": [{"Node Type": "Bitmap Index Scan","Parent Relationship": "Outer","Parallel Aware": false,"Async Capable": false,"Index Name": "idx_orders_orderdate","Startup Cost": 0.00,"Total Cost": 776.09,"Plan Rows": 57166,"Plan Width": 0,"Actual Startup Time": 10.241,"Actual Total Time": 10.248,"Actual Rows": 56516,"Actual Loops": 1,"Index Cond": "((o_orderdate >= '1994-09-01'::date) AND (o_orderdate < '1994-12-01 00:00:00'::timestamp without time zone))","Workers": []}]},{"Node Type": "Index Scan","Parent Relationship": "Inner","Parallel Aware": false,"Async Capable": false,"Scan Direction": "Forward","Index Name": "idx_lineitem_orderkey","Relation Name": "lineitem","Alias": "lineitem","Startup Cost": 0.43,"Total Cost": 4.63,"Plan Rows": 4,"Plan Width": 16,"Actual Startup Time": 0.010,"Actual Total Time": 0.012,"Actual Rows": 2,"Actual Loops": 56516,"Index Cond": "(l_orderkey = orders.o_orderkey)","Rows Removed by Index Recheck": 0,"Filter": "(l_returnflag = 'R'::bpchar)","Rows Removed by Filter": 2,"Workers": []}]},{"Node Type": "Hash","Parent Relationship": "Inner","Parallel Aware": true,"Async Capable": false,"Startup Cost": 4210.00,"Total Cost": 4210.00,"Plan Rows": 62500,"Plan Width": 148,"Actual Startup Time": 55.246,"Actual Total Time": 55.254,"Actual Rows": 37500,"Actual Loops": 4,"Hash Buckets": 262144,"Original Hash Buckets": 262144,"Hash Batches": 1,"Original Hash Batches": 1,"Peak Memory Usage": 29280,"Workers": [],"Plans": [{"Node Type": "Seq Scan","Parent Relationship": "Outer","Parallel Aware": true,"Async Capable": false,"Relation Name": "customer","Alias": "customer","Startup Cost": 0.00,"Total Cost": 4210.00,"Plan Rows": 62500,"Plan Width": 148,"Actual Startup Time": 0.029,"Actual Total Time": 24.927,"Actual Rows": 37500,"Actual Loops": 4,"Workers": []}]}]},{"Node Type": "Hash","Parent Relationship": "Inner","Parallel Aware": false,"Async Capable": false,"Startup Cost": 1.25,"Total Cost": 1.25,"Plan Rows": 25,"Plan Width": 108,"Actual Startup Time": 0.092,"Actual Total Time": 0.096,"Actual Rows": 25,"Actual Loops": 4,"Hash Buckets": 1024,"Original Hash Buckets": 1024,"Hash Batches": 1,"Original Hash Batches": 1,"Peak Memory Usage": 10,"Workers": [],"Plans": [{"Node Type": "Seq Scan","Parent Relationship": "Outer","Parallel Aware": false,"Async Capable": false,"Relation Name": "nation","Alias": "nation","Startup Cost": 0.00,"Total Cost": 1.25,"Plan Rows": 25,"Plan Width": 108,"Actual Startup Time": 0.062,"Actual Total Time": 0.068,"Actual Rows": 25,"Actual Loops": 4,"Workers": []}]}]}]}]}]},"Planning Time": 5.868,"Triggers": [],"Execution Time": 629.137}]
[{"Plan": {"Node Type": "Sort","Parallel Aware": false,"Async Capable": false,"Startup Cost": 130809.03,"Total Cost": 130949.76,"Plan Rows": 56293,"Plan Width": 280,"Actual Startup Time": 582.640,"Actual Total Time": 623.609,"Actual Rows": 37618,"Actual Loops": 1,"Sort Key": ["(sum((lineitem.l_extendedprice * ('1'::numeric - lineitem.l_discount)))) DESC"],"Sort Method": "quicksort","Sort Space Used": 9764,"Sort Space Type": "Memory","Plans": [{"Node Type": "Aggregate","Strategy": "Hashed","Partial Mode": "Simple","Parent Relationship": "Outer","Parallel Aware": false,"Async Capable": false,"Startup Cost": 125663.66,"Total Cost": 126367.32,"Plan Rows": 56293,"Plan Width": 280,"Actual Startup Time": 404.905,"Actual Total Time": 550.580,"Actual Rows": 37618,"Actual Loops": 1,"Group Key": ["customer.c_custkey", "nation.n_name"],"Planned Partitions": 0,"HashAgg Batches": 1,"Peak Memory Usage": 26129,"Disk Usage": 0,"Plans": [{"Node Type": "Gather","Parent Relationship": "Outer","Parallel Aware": false,"Async Capable": false,"Startup Cost": 6783.62,"Total Cost": 124960.00,"Plan Rows": 56293,"Plan Width": 260,"Actual Startup Time": 77.508,"Actual Total Time": 283.856,"Actual Rows": 113037,"Actual Loops": 1,"Workers Planned": 3,"Workers Launched": 3,"Single Copy": false,"Plans": [{"Node Type": "Hash Join","Parent Relationship": "Outer","Parallel Aware": false,"Async Capable": false,"Join Type": "Inner","Startup Cost": 5783.62,"Total Cost": 118330.70,"Plan Rows": 18159,"Plan Width": 260,"Actual Startup Time": 69.943,"Actual Total Time": 350.172,"Actual Rows": 28259,"Actual Loops": 4,"Inner Unique": true,"Hash Cond": "(customer.c_nationkey = nation.n_nationkey)","Workers": [],"Plans": [{"Node Type": "Hash Join","Parent Relationship": "Outer","Parallel Aware": true,"Async Capable": false,"Join Type": "Inner","Startup Cost": 5782.06,"Total Cost": 118273.39,"Plan Rows": 18159,"Plan Width": 160,"Actual Startup Time": 69.505,"Actual Total Time": 341.161,"Actual Rows": 28259,"Actual Loops": 4,"Inner Unique": true,"Hash Cond": "(orders.o_custkey = customer.c_custkey)","Workers": [],"Plans": [{"Node Type": "Nested Loop","Parent Relationship": "Outer","Parallel Aware": false,"Async Capable": false,"Join Type": "Inner","Startup Cost": 790.81,"Total Cost": 113234.47,"Plan Rows": 18159,"Plan Width": 16,"Actual Startup Time": 13.628,"Actual Total Time": 244.904,"Actual Rows": 28259,"Actual Loops": 4,"Inner Unique": false,"Workers": [],"Plans": [{"Node Type": "Bitmap Heap Scan","Parent Relationship": "Outer","Parallel Aware": true,"Async Capable": false,"Relation Name": "orders","Alias": "orders","Startup Cost": 790.38,"Total Cost": 27161.99,"Plan Rows": 18441,"Plan Width": 8,"Actual Startup Time": 13.544,"Actual Total Time": 67.991,"Actual Rows": 14129,"Actual Loops": 4,"Recheck Cond": "((o_orderdate >= '1994-09-01'::date) AND (o_orderdate < '1994-12-01 00:00:00'::timestamp without time zone))","Rows Removed by Index Recheck": 0,"Exact Heap Blocks": 3515,"Lossy Heap Blocks": 0,"Workers": [],"Plans": [{"Node Type": "Bitmap Index Scan","Parent Relationship": "Outer","Parallel Aware": false,"Async Capable": false,"Index Name": "idx_orders_orderdate","Startup Cost": 0.00,"Total Cost": 776.09,"Plan Rows": 57166,"Plan Width": 0,"Actual Startup Time": 10.241,"Actual Total Time": 10.248,"Actual Rows": 56516,"Actual Loops": 1,"Index Cond": "((o_orderdate >= '1994-09-01'::date) AND (o_orderdate < '1994-12-01 00:00:00'::timestamp without time zone))","Workers": []}]},{"Node Type": "Index Scan","Parent Relationship": "Inner","Parallel Aware": false,"Async Capable": false,"Scan Direction": "Forward","Index Name": "idx_lineitem_orderkey","Relation Name": "lineitem","Alias": "lineitem","Startup Cost": 0.43,"Total Cost": 4.63,"Plan Rows": 4,"Plan Width": 16,"Actual Startup Time": 0.010,"Actual Total Time": 0.012,"Actual Rows": 2,"Actual Loops": 56516,"Index Cond": "(l_orderkey = orders.o_orderkey)","Rows Removed by Index Recheck": 0,"Filter": "(l_returnflag = 'R'::bpchar)","Rows Removed by Filter": 2,"Workers": []}]},{"Node Type": "Hash","Parent Relationship": "Inner","Parallel Aware": true,"Async Capable": false,"Startup Cost": 4210.00,"Total Cost": 4210.00,"Plan Rows": 62500,"Plan Width": 148,"Actual Startup Time": 55.246,"Actual Total Time": 55.254,"Actual Rows": 37500,"Actual Loops": 4,"Hash Buckets": 262144,"Original Hash Buckets": 262144,"Hash Batches": 1,"Original Hash Batches": 1,"Peak Memory Usage": 29280,"Workers": [],"Plans": [{"Node Type": "Seq Scan","Parent Relationship": "Outer","Parallel Aware": true,"Async Capable": false,"Relation Name": "customer","Alias": "customer","Startup Cost": 0.00,"Total Cost": 4210.00,"Plan Rows": 62500,"Plan Width": 148,"Actual Startup Time": 0.029,"Actual Total Time": 24.927,"Actual Rows": 37500,"Actual Loops": 4,"Workers": []}]}]},{"Node Type": "Hash","Parent Relationship": "Inner","Parallel Aware": false,"Async Capable": false,"Startup Cost": 1.25,"Total Cost": 1.25,"Plan Rows": 25,"Plan Width": 108,"Actual Startup Time": 0.092,"Actual Total Time": 0.096,"Actual Rows": 25,"Actual Loops": 4,"Hash Buckets": 1024,"Original Hash Buckets": 1024,"Hash Batches": 1,"Original Hash Batches": 1,"Peak Memory Usage": 10,"Workers": [],"Plans": [{"Node Type": "Seq Scan","Parent Relationship": "Outer","Parallel Aware": false,"Async Capable": false,"Relation Name": "nation","Alias": "nation","Startup Cost": 0.00,"Total Cost": 1.25,"Plan Rows": 25,"Plan Width": 108,"Actual Startup Time": 0.062,"Actual Total Time": 0.068,"Actual Rows": 25,"Actual Loops": 4,"Workers": []}]}]}]}]}]},"Planning Time": 5.868,"Triggers": [],"Execution Time": 629.137}]
[{"Plan": {"Node Type": "Sort","Parallel Aware": false,"Async Capable": false,"Startup Cost": 131375.21,"Total Cost": 131517.01,"Plan Rows": 56721,"Plan Width": 280,"Actual Startup Time": 563.067,"Actual Total Time": 603.830,"Actual Rows": 37302,"Actual Loops": 1,"Sort Key": ["(sum((lineitem.l_extendedprice * ('1'::numeric - lineitem.l_discount)))) DESC"],"Sort Method": "quicksort","Sort Space Used": 9696,"Sort Space Type": "Memory","Plans": [{"Node Type": "Aggregate","Strategy": "Hashed","Partial Mode": "Simple","Parent Relationship": "Outer","Parallel Aware": false,"Async Capable": false,"Startup Cost": 126187.62,"Total Cost": 126896.63,"Plan Rows": 56721,"Plan Width": 280,"Actual Startup Time": 390.529,"Actual Total Time": 528.800,"Actual Rows": 37302,"Actual Loops": 1,"Group Key": ["customer.c_custkey", "nation.n_name"],"Planned Partitions": 0,"HashAgg Batches": 1,"Peak Memory Usage": 26129,"Disk Usage": 0,"Plans": [{"Node Type": "Gather","Parent Relationship": "Outer","Parallel Aware": false,"Async Capable": false,"Startup Cost": 6792.07,"Total Cost": 125478.61,"Plan Rows": 56721,"Plan Width": 260,"Actual Startup Time": 74.264,"Actual Total Time": 271.853,"Actual Rows": 111987,"Actual Loops": 1,"Workers Planned": 3,"Workers Launched": 3,"Single Copy": false,"Plans": [{"Node Type": "Hash Join","Parent Relationship": "Outer","Parallel Aware": false,"Async Capable": false,"Join Type": "Inner","Startup Cost": 5792.07,"Total Cost": 118806.51,"Plan Rows": 18297,"Plan Width": 260,"Actual Startup Time": 66.885,"Actual Total Time": 338.409,"Actual Rows": 27997,"Actual Loops": 4,"Inner Unique": true,"Hash Cond": "(customer.c_nationkey = nation.n_nationkey)","Workers": [],"Plans": [{"Node Type": "Hash Join","Parent Relationship": "Outer","Parallel Aware": true,"Async Capable": false,"Join Type": "Inner","Startup Cost": 5790.51,"Total Cost": 118748.77,"Plan Rows": 18297,"Plan Width": 160,"Actual Startup Time": 66.491,"Actual Total Time": 330.614,"Actual Rows": 27997,"Actual Loops": 4,"Inner Unique": true,"Hash Cond": "(orders.o_custkey = customer.c_custkey)","Workers": [],"Plans": [{"Node Type": "Nested Loop","Parent Relationship": "Outer","Parallel Aware": false,"Async Capable": false,"Join Type": "Inner","Startup Cost": 799.26,"Total Cost": 113709.49,"Plan Rows": 18297,"Plan Width": 16,"Actual Startup Time": 13.178,"Actual Total Time": 239.311,"Actual Rows": 27997,"Actual Loops": 4,"Inner Unique": false,"Workers": [],"Plans": [{"Node Type": "Bitmap Heap Scan","Parent Relationship": "Outer","Parallel Aware": true,"Async Capable": false,"Relation Name": "orders","Alias": "orders","Startup Cost": 798.83,"Total Cost": 27172.54,"Plan Rows": 18580,"Plan Width": 8,"Actual Startup Time": 13.117,"Actual Total Time": 66.928,"Actual Rows": 13993,"Actual Loops": 4,"Recheck Cond": "((o_orderdate >= '1993-12-01'::date) AND (o_orderdate < '1994-03-01 00:00:00'::timestamp without time zone))","Rows Removed by Index Recheck": 0,"Exact Heap Blocks": 3558,"Lossy Heap Blocks": 0,"Workers": [],"Plans": [{"Node Type": "Bitmap Index Scan","Parent Relationship": "Outer","Parallel Aware": false,"Async Capable": false,"Index Name": "idx_orders_orderdate","Startup Cost": 0.00,"Total Cost": 784.43,"Plan Rows": 57600,"Plan Width": 0,"Actual Startup Time": 10.042,"Actual Total Time": 10.048,"Actual Rows": 55973,"Actual Loops": 1,"Index Cond": "((o_orderdate >= '1993-12-01'::date) AND (o_orderdate < '1994-03-01 00:00:00'::timestamp without time zone))","Workers": []}]},{"Node Type": "Index Scan","Parent Relationship": "Inner","Parallel Aware": false,"Async Capable": false,"Scan Direction": "Forward","Index Name": "idx_lineitem_orderkey","Relation Name": "lineitem","Alias": "lineitem","Startup Cost": 0.43,"Total Cost": 4.62,"Plan Rows": 4,"Plan Width": 16,"Actual Startup Time": 0.010,"Actual Total Time": 0.012,"Actual Rows": 2,"Actual Loops": 55973,"Index Cond": "(l_orderkey = orders.o_orderkey)","Rows Removed by Index Recheck": 0,"Filter": "(l_returnflag = 'R'::bpchar)","Rows Removed by Filter": 2,"Workers": []}]},{"Node Type": "Hash","Parent Relationship": "Inner","Parallel Aware": true,"Async Capable": false,"Startup Cost": 4210.00,"Total Cost": 4210.00,"Plan Rows": 62500,"Plan Width": 148,"Actual Startup Time": 52.746,"Actual Total Time": 52.755,"Actual Rows": 37500,"Actual Loops": 4,"Hash Buckets": 262144,"Original Hash Buckets": 262144,"Hash Batches": 1,"Original Hash Batches": 1,"Peak Memory Usage": 29312,"Workers": [],"Plans": [{"Node Type": "Seq Scan","Parent Relationship": "Outer","Parallel Aware": true,"Async Capable": false,"Relation Name": "customer","Alias": "customer","Startup Cost": 0.00,"Total Cost": 4210.00,"Plan Rows": 62500,"Plan Width": 148,"Actual Startup Time": 0.028,"Actual Total Time": 23.004,"Actual Rows": 37500,"Actual Loops": 4,"Workers": []}]}]},{"Node Type": "Hash","Parent Relationship": "Inner","Parallel Aware": false,"Async Capable": false,"Startup Cost": 1.25,"Total Cost": 1.25,"Plan Rows": 25,"Plan Width": 108,"Actual Startup Time": 0.099,"Actual Total Time": 0.105,"Actual Rows": 25,"Actual Loops": 4,"Hash Buckets": 1024,"Original Hash Buckets": 1024,"Hash Batches": 1,"Original Hash Batches": 1,"Peak Memory Usage": 10,"Workers": [],"Plans": [{"Node Type": "Seq Scan","Parent Relationship": "Outer","Parallel Aware": false,"Async Capable": false,"Relation Name": "nation","Alias": "nation","Startup Cost": 0.00,"Total Cost": 1.25,"Plan Rows": 25,"Plan Width": 108,"Actual Startup Time": 0.067,"Actual Total Time": 0.074,"Actual Rows": 25,"Actual Loops": 4,"Workers": []}]}]}]}]}]},"Planning Time": 6.321,"Triggers": [],"Execution Time": 609.357}]
[{"Plan": {"Node Type": "Sort","Parallel Aware": false,"Async Capable": false,"Startup Cost": 130975.09,"Total Cost": 131116.14,"Plan Rows": 56420,"Plan Width": 280,"Actual Startup Time": 559.129,"Actual Total Time": 601.162,"Actual Rows": 37859,"Actual Loops": 1,"Sort Key": ["(sum((lineitem.l_extendedprice * ('1'::numeric - lineitem.l_discount)))) DESC"],"Sort Method": "quicksort","Sort Space Used": 9818,"Sort Space Type": "Memory","Plans": [{"Node Type": "Aggregate","Strategy": "Hashed","Partial Mode": "Simple","Parent Relationship": "Outer","Parallel Aware": false,"Async Capable": false,"Startup Cost": 125817.20,"Total Cost": 126522.45,"Plan Rows": 56420,"Plan Width": 280,"Actual Startup Time": 383.531,"Actual Total Time": 530.212,"Actual Rows": 37859,"Actual Loops": 1,"Group Key": ["customer.c_custkey", "nation.n_name"],"Planned Partitions": 0,"HashAgg Batches": 1,"Peak Memory Usage": 26129,"Disk Usage": 0,"Plans": [{"Node Type": "Gather","Parent Relationship": "Outer","Parallel Aware": false,"Async Capable": false,"Startup Cost": 6784.95,"Total Cost": 125111.95,"Plan Rows": 56420,"Plan Width": 260,"Actual Startup Time": 70.081,"Actual Total Time": 265.015,"Actual Rows": 114028,"Actual Loops": 1,"Workers Planned": 3,"Workers Launched": 3,"Single Copy": false,"Plans": [{"Node Type": "Hash Join","Parent Relationship": "Outer","Parallel Aware": false,"Async Capable": false,"Join Type": "Inner","Startup Cost": 5784.95,"Total Cost": 118469.95,"Plan Rows": 18200,"Plan Width": 260,"Actual Startup Time": 62.841,"Actual Total Time": 330.296,"Actual Rows": 28507,"Actual Loops": 4,"Inner Unique": true,"Hash Cond": "(customer.c_nationkey = nation.n_nationkey)","Workers": [],"Plans": [{"Node Type": "Hash Join","Parent Relationship": "Outer","Parallel Aware": true,"Async Capable": false,"Join Type": "Inner","Startup Cost": 5783.38,"Total Cost": 118412.51,"Plan Rows": 18200,"Plan Width": 160,"Actual Startup Time": 62.430,"Actual Total Time": 322.490,"Actual Rows": 28507,"Actual Loops": 4,"Inner Unique": true,"Hash Cond": "(orders.o_custkey = customer.c_custkey)","Workers": [],"Plans": [{"Node Type": "Nested Loop","Parent Relationship": "Outer","Parallel Aware": false,"Async Capable": false,"Join Type": "Inner","Startup Cost": 792.13,"Total Cost": 113373.49,"Plan Rows": 18200,"Plan Width": 16,"Actual Startup Time": 13.021,"Actual Total Time": 238.266,"Actual Rows": 28507,"Actual Loops": 4,"Inner Unique": false,"Workers": [],"Plans": [{"Node Type": "Bitmap Heap Scan","Parent Relationship": "Outer","Parallel Aware": true,"Async Capable": false,"Relation Name": "orders","Alias": "orders","Startup Cost": 791.70,"Total Cost": 27163.94,"Plan Rows": 18482,"Plan Width": 8,"Actual Startup Time": 12.954,"Actual Total Time": 66.534,"Actual Rows": 14234,"Actual Loops": 4,"Recheck Cond": "((o_orderdate >= '1993-03-01'::date) AND (o_orderdate < '1993-06-01 00:00:00'::timestamp without time zone))","Rows Removed by Index Recheck": 0,"Exact Heap Blocks": 3517,"Lossy Heap Blocks": 0,"Workers": [],"Plans": [{"Node Type": "Bitmap Index Scan","Parent Relationship": "Outer","Parallel Aware": false,"Async Capable": false,"Index Name": "idx_orders_orderdate","Startup Cost": 0.00,"Total Cost": 777.38,"Plan Rows": 57295,"Plan Width": 0,"Actual Startup Time": 9.836,"Actual Total Time": 9.842,"Actual Rows": 56934,"Actual Loops": 1,"Index Cond": "((o_orderdate >= '1993-03-01'::date) AND (o_orderdate < '1993-06-01 00:00:00'::timestamp without time zone))","Workers": []}]},{"Node Type": "Index Scan","Parent Relationship": "Inner","Parallel Aware": false,"Async Capable": false,"Scan Direction": "Forward","Index Name": "idx_lineitem_orderkey","Relation Name": "lineitem","Alias": "lineitem","Startup Cost": 0.43,"Total Cost": 4.62,"Plan Rows": 4,"Plan Width": 16,"Actual Startup Time": 0.010,"Actual Total Time": 0.012,"Actual Rows": 2,"Actual Loops": 56934,"Index Cond": "(l_orderkey = orders.o_orderkey)","Rows Removed by Index Recheck": 0,"Filter": "(l_returnflag = 'R'::bpchar)","Rows Removed by Filter": 2,"Workers": []}]},{"Node Type": "Hash","Parent Relationship": "Inner","Parallel Aware": true,"Async Capable": false,"Startup Cost": 4210.00,"Total Cost": 4210.00,"Plan Rows": 62500,"Plan Width": 148,"Actual Startup Time": 48.797,"Actual Total Time": 48.806,"Actual Rows": 37500,"Actual Loops": 4,"Hash Buckets": 262144,"Original Hash Buckets": 262144,"Hash Batches": 1,"Original Hash Batches": 1,"Peak Memory Usage": 29344,"Workers": [],"Plans": [{"Node Type": "Seq Scan","Parent Relationship": "Outer","Parallel Aware": true,"Async Capable": false,"Relation Name": "customer","Alias": "customer","Startup Cost": 0.00,"Total Cost": 4210.00,"Plan Rows": 62500,"Plan Width": 148,"Actual Startup Time": 0.027,"Actual Total Time": 20.617,"Actual Rows": 37500,"Actual Loops": 4,"Workers": []}]}]},{"Node Type": "Hash","Parent Relationship": "Inner","Parallel Aware": false,"Async Capable": false,"Startup Cost": 1.25,"Total Cost": 1.25,"Plan Rows": 25,"Plan Width": 108,"Actual Startup Time": 0.102,"Actual Total Time": 0.108,"Actual Rows": 25,"Actual Loops": 4,"Hash Buckets": 1024,"Original Hash Buckets": 1024,"Hash Batches": 1,"Original Hash Batches": 1,"Peak Memory Usage": 10,"Workers": [],"Plans": [{"Node Type": "Seq Scan","Parent Relationship": "Outer","Parallel Aware": false,"Async Capable": false,"Relation Name": "nation","Alias": "nation","Startup Cost": 0.00,"Total Cost": 1.25,"Plan Rows": 25,"Plan Width": 108,"Actual Startup Time": 0.068,"Actual Total Time": 0.076,"Actual Rows": 25,"Actual Loops": 4,"Workers": []}]}]}]}]}]},"Planning Time": 7.017,"Triggers": [],"Execution Time": 606.974}]
[{"Plan": {"Node Type": "Sort","Parallel Aware": false,"Async Capable": false,"Startup Cost": 132582.38,"Total Cost": 132726.46,"Plan Rows": 57631,"Plan Width": 280,"Actual Startup Time": 594.605,"Actual Total Time": 635.479,"Actual Rows": 38076,"Actual Loops": 1,"Sort Key": ["(sum((lineitem.l_extendedprice * ('1'::numeric - lineitem.l_discount)))) DESC"],"Sort Method": "quicksort","Sort Space Used": 9866,"Sort Space Type": "Memory","Plans": [{"Node Type": "Aggregate","Strategy": "Hashed","Partial Mode": "Simple","Parent Relationship": "Outer","Parallel Aware": false,"Async Capable": false,"Startup Cost": 127304.95,"Total Cost": 128025.33,"Plan Rows": 57631,"Plan Width": 280,"Actual Startup Time": 413.856,"Actual Total Time": 559.474,"Actual Rows": 38076,"Actual Loops": 1,"Group Key": ["customer.c_custkey", "nation.n_name"],"Planned Partitions": 0,"HashAgg Batches": 1,"Peak Memory Usage": 26129,"Disk Usage": 0,"Plans": [{"Node Type": "Gather","Parent Relationship": "Outer","Parallel Aware": false,"Async Capable": false,"Startup Cost": 6801.55,"Total Cost": 126584.56,"Plan Rows": 57631,"Plan Width": 260,"Actual Startup Time": 77.339,"Actual Total Time": 288.422,"Actual Rows": 114347,"Actual Loops": 1,"Workers Planned": 3,"Workers Launched": 3,"Single Copy": false,"Plans": [{"Node Type": "Hash Join","Parent Relationship": "Outer","Parallel Aware": false,"Async Capable": false,"Join Type": "Inner","Startup Cost": 5801.55,"Total Cost": 119821.46,"Plan Rows": 18591,"Plan Width": 260,"Actual Startup Time": 69.518,"Actual Total Time": 357.514,"Actual Rows": 28587,"Actual Loops": 4,"Inner Unique": true,"Hash Cond": "(customer.c_nationkey = nation.n_nationkey)","Workers": [],"Plans": [{"Node Type": "Hash Join","Parent Relationship": "Outer","Parallel Aware": true,"Async Capable": false,"Join Type": "Inner","Startup Cost": 5799.99,"Total Cost": 119762.82,"Plan Rows": 18591,"Plan Width": 160,"Actual Startup Time": 69.031,"Actual Total Time": 348.106,"Actual Rows": 28587,"Actual Loops": 4,"Inner Unique": true,"Hash Cond": "(orders.o_custkey = customer.c_custkey)","Workers": [],"Plans": [{"Node Type": "Nested Loop","Parent Relationship": "Outer","Parallel Aware": false,"Async Capable": false,"Join Type": "Inner","Startup Cost": 808.74,"Total Cost": 114722.77,"Plan Rows": 18591,"Plan Width": 16,"Actual Startup Time": 13.204,"Actual Total Time": 250.327,"Actual Rows": 28587,"Actual Loops": 4,"Inner Unique": false,"Workers": [],"Plans": [{"Node Type": "Bitmap Heap Scan","Parent Relationship": "Outer","Parallel Aware": true,"Async Capable": false,"Relation Name": "orders","Alias": "orders","Startup Cost": 808.31,"Total Cost": 27186.49,"Plan Rows": 18879,"Plan Width": 8,"Actual Startup Time": 13.115,"Actual Total Time": 71.395,"Actual Rows": 14278,"Actual Loops": 4,"Recheck Cond": "((o_orderdate >= '1994-08-01'::date) AND (o_orderdate < '1994-11-01 00:00:00'::timestamp without time zone))","Rows Removed by Index Recheck": 0,"Exact Heap Blocks": 3565,"Lossy Heap Blocks": 0,"Workers": [],"Plans": [{"Node Type": "Bitmap Index Scan","Parent Relationship": "Outer","Parallel Aware": false,"Async Capable": false,"Index Name": "idx_orders_orderdate","Startup Cost": 0.00,"Total Cost": 793.68,"Plan Rows": 58525,"Plan Width": 0,"Actual Startup Time": 9.999,"Actual Total Time": 10.002,"Actual Rows": 57111,"Actual Loops": 1,"Index Cond": "((o_orderdate >= '1994-08-01'::date) AND (o_orderdate < '1994-11-01 00:00:00'::timestamp without time zone))","Workers": []}]},{"Node Type": "Index Scan","Parent Relationship": "Inner","Parallel Aware": false,"Async Capable": false,"Scan Direction": "Forward","Index Name": "idx_lineitem_orderkey","Relation Name": "lineitem","Alias": "lineitem","Startup Cost": 0.43,"Total Cost": 4.60,"Plan Rows": 4,"Plan Width": 16,"Actual Startup Time": 0.010,"Actual Total Time": 0.012,"Actual Rows": 2,"Actual Loops": 57111,"Index Cond": "(l_orderkey = orders.o_orderkey)","Rows Removed by Index Recheck": 0,"Filter": "(l_returnflag = 'R'::bpchar)","Rows Removed by Filter": 2,"Workers": []}]},{"Node Type": "Hash","Parent Relationship": "Inner","Parallel Aware": true,"Async Capable": false,"Startup Cost": 4210.00,"Total Cost": 4210.00,"Plan Rows": 62500,"Plan Width": 148,"Actual Startup Time": 55.208,"Actual Total Time": 55.214,"Actual Rows": 37500,"Actual Loops": 4,"Hash Buckets": 262144,"Original Hash Buckets": 262144,"Hash Batches": 1,"Original Hash Batches": 1,"Peak Memory Usage": 29312,"Workers": [],"Plans": [{"Node Type": "Seq Scan","Parent Relationship": "Outer","Parallel Aware": true,"Async Capable": false,"Relation Name": "customer","Alias": "customer","Startup Cost": 0.00,"Total Cost": 4210.00,"Plan Rows": 62500,"Plan Width": 148,"Actual Startup Time": 0.029,"Actual Total Time": 24.765,"Actual Rows": 37500,"Actual Loops": 4,"Workers": []}]}]},{"Node Type": "Hash","Parent Relationship": "Inner","Parallel Aware": false,"Async Capable": false,"Startup Cost": 1.25,"Total Cost": 1.25,"Plan Rows": 25,"Plan Width": 108,"Actual Startup Time": 0.096,"Actual Total Time": 0.101,"Actual Rows": 25,"Actual Loops": 4,"Hash Buckets": 1024,"Original Hash Buckets": 1024,"Hash Batches": 1,"Original Hash Batches": 1,"Peak Memory Usage": 10,"Workers": [],"Plans": [{"Node Type": "Seq Scan","Parent Relationship": "Outer","Parallel Aware": false,"Async Capable": false,"Relation Name": "nation","Alias": "nation","Startup Cost": 0.00,"Total Cost": 1.25,"Plan Rows": 25,"Plan Width": 108,"Actual Startup Time": 0.058,"Actual Total Time": 0.064,"Actual Rows": 25,"Actual Loops": 4,"Workers": []}]}]}]}]}]},"Planning Time": 6.903,"Triggers": [],"Execution Time": 641.389}]
[{"Plan": {"Node Type": "Sort","Parallel Aware": false,"Async Capable": false,"Startup Cost": 129285.16,"Total Cost": 129423.04,"Plan Rows": 55152,"Plan Width": 280,"Actual Startup Time": 594.195,"Actual Total Time": 635.058,"Actual Rows": 37857,"Actual Loops": 1,"Sort Key": ["(sum((lineitem.l_extendedprice * ('1'::numeric - lineitem.l_discount)))) DESC"],"Sort Method": "quicksort","Sort Space Used": 9823,"Sort Space Type": "Memory","Plans": [{"Node Type": "Aggregate","Strategy": "Hashed","Partial Mode": "Simple","Parent Relationship": "Outer","Parallel Aware": false,"Async Capable": false,"Startup Cost": 124252.23,"Total Cost": 124941.63,"Plan Rows": 55152,"Plan Width": 280,"Actual Startup Time": 414.188,"Actual Total Time": 557.916,"Actual Rows": 37857,"Actual Loops": 1,"Group Key": ["customer.c_custkey", "nation.n_name"],"Planned Partitions": 0,"HashAgg Batches": 1,"Peak Memory Usage": 26129,"Disk Usage": 0,"Plans": [{"Node Type": "Gather","Parent Relationship": "Outer","Parallel Aware": false,"Async Capable": false,"Startup Cost": 6767.74,"Total Cost": 123562.83,"Plan Rows": 55152,"Plan Width": 260,"Actual Startup Time": 77.793,"Actual Total Time": 289.359,"Actual Rows": 114326,"Actual Loops": 1,"Workers Planned": 3,"Workers Launched": 3,"Single Copy": false,"Plans": [{"Node Type": "Hash Join","Parent Relationship": "Outer","Parallel Aware": false,"Async Capable": false,"Join Type": "Inner","Startup Cost": 5767.74,"Total Cost": 117047.63,"Plan Rows": 17791,"Plan Width": 260,"Actual Startup Time": 70.168,"Actual Total Time": 358.948,"Actual Rows": 28582,"Actual Loops": 4,"Inner Unique": true,"Hash Cond": "(customer.c_nationkey = nation.n_nationkey)","Workers": [],"Plans": [{"Node Type": "Hash Join","Parent Relationship": "Outer","Parallel Aware": true,"Async Capable": false,"Join Type": "Inner","Startup Cost": 5766.18,"Total Cost": 116991.45,"Plan Rows": 17791,"Plan Width": 160,"Actual Startup Time": 69.698,"Actual Total Time": 349.487,"Actual Rows": 28582,"Actual Loops": 4,"Inner Unique": true,"Hash Cond": "(orders.o_custkey = customer.c_custkey)","Workers": [],"Plans": [{"Node Type": "Nested Loop","Parent Relationship": "Outer","Parallel Aware": false,"Async Capable": false,"Join Type": "Inner","Startup Cost": 774.93,"Total Cost": 111953.49,"Plan Rows": 17791,"Plan Width": 16,"Actual Startup Time": 12.978,"Actual Total Time": 249.911,"Actual Rows": 28582,"Actual Loops": 4,"Inner Unique": false,"Workers": [],"Plans": [{"Node Type": "Bitmap Heap Scan","Parent Relationship": "Outer","Parallel Aware": true,"Async Capable": false,"Relation Name": "orders","Alias": "orders","Startup Cost": 774.50,"Total Cost": 27140.50,"Plan Rows": 18067,"Plan Width": 8,"Actual Startup Time": 12.915,"Actual Total Time": 70.510,"Actual Rows": 14320,"Actual Loops": 4,"Recheck Cond": "((o_orderdate >= '1993-06-01'::date) AND (o_orderdate < '1993-09-01 00:00:00'::timestamp without time zone))","Rows Removed by Index Recheck": 0,"Exact Heap Blocks": 3550,"Lossy Heap Blocks": 0,"Workers": [],"Plans": [{"Node Type": "Bitmap Index Scan","Parent Relationship": "Outer","Parallel Aware": false,"Async Capable": false,"Index Name": "idx_orders_orderdate","Startup Cost": 0.00,"Total Cost": 760.50,"Plan Rows": 56007,"Plan Width": 0,"Actual Startup Time": 9.843,"Actual Total Time": 9.846,"Actual Rows": 57280,"Actual Loops": 1,"Index Cond": "((o_orderdate >= '1993-06-01'::date) AND (o_orderdate < '1993-09-01 00:00:00'::timestamp without time zone))","Workers": []}]},{"Node Type": "Index Scan","Parent Relationship": "Inner","Parallel Aware": false,"Async Capable": false,"Scan Direction": "Forward","Index Name": "idx_lineitem_orderkey","Relation Name": "lineitem","Alias": "lineitem","Startup Cost": 0.43,"Total Cost": 4.65,"Plan Rows": 4,"Plan Width": 16,"Actual Startup Time": 0.010,"Actual Total Time": 0.012,"Actual Rows": 2,"Actual Loops": 57280,"Index Cond": "(l_orderkey = orders.o_orderkey)","Rows Removed by Index Recheck": 0,"Filter": "(l_returnflag = 'R'::bpchar)","Rows Removed by Filter": 2,"Workers": []}]},{"Node Type": "Hash","Parent Relationship": "Inner","Parallel Aware": true,"Async Capable": false,"Startup Cost": 4210.00,"Total Cost": 4210.00,"Plan Rows": 62500,"Plan Width": 148,"Actual Startup Time": 56.151,"Actual Total Time": 56.157,"Actual Rows": 37500,"Actual Loops": 4,"Hash Buckets": 262144,"Original Hash Buckets": 262144,"Hash Batches": 1,"Original Hash Batches": 1,"Peak Memory Usage": 29312,"Workers": [],"Plans": [{"Node Type": "Seq Scan","Parent Relationship": "Outer","Parallel Aware": true,"Async Capable": false,"Relation Name": "customer","Alias": "customer","Startup Cost": 0.00,"Total Cost": 4210.00,"Plan Rows": 62500,"Plan Width": 148,"Actual Startup Time": 0.028,"Actual Total Time": 26.217,"Actual Rows": 37500,"Actual Loops": 4,"Workers": []}]}]},{"Node Type": "Hash","Parent Relationship": "Inner","Parallel Aware": false,"Async Capable": false,"Startup Cost": 1.25,"Total Cost": 1.25,"Plan Rows": 25,"Plan Width": 108,"Actual Startup Time": 0.109,"Actual Total Time": 0.115,"Actual Rows": 25,"Actual Loops": 4,"Hash Buckets": 1024,"Original Hash Buckets": 1024,"Hash Batches": 1,"Original Hash Batches": 1,"Peak Memory Usage": 10,"Workers": [],"Plans": [{"Node Type": "Seq Scan","Parent Relationship": "Outer","Parallel Aware": false,"Async Capable": false,"Relation Name": "nation","Alias": "nation","Startup Cost": 0.00,"Total Cost": 1.25,"Plan Rows": 25,"Plan Width": 108,"Actual Startup Time": 0.076,"Actual Total Time": 0.083,"Actual Rows": 25,"Actual Loops": 4,"Workers": []}]}]}]}]}]},"Planning Time": 6.852,"Triggers": [],"Execution Time": 641.259}]
[{"Plan": {"Node Type": "Sort","Parallel Aware": false,"Async Capable": false,"Startup Cost": 131375.21,"Total Cost": 131517.01,"Plan Rows": 56721,"Plan Width": 280,"Actual Startup Time": 563.067,"Actual Total Time": 603.830,"Actual Rows": 37302,"Actual Loops": 1,"Sort Key": ["(sum((lineitem.l_extendedprice * ('1'::numeric - lineitem.l_discount)))) DESC"],"Sort Method": "quicksort","Sort Space Used": 9696,"Sort Space Type": "Memory","Plans": [{"Node Type": "Aggregate","Strategy": "Hashed","Partial Mode": "Simple","Parent Relationship": "Outer","Parallel Aware": false,"Async Capable": false,"Startup Cost": 126187.62,"Total Cost": 126896.63,"Plan Rows": 56721,"Plan Width": 280,"Actual Startup Time": 390.529,"Actual Total Time": 528.800,"Actual Rows": 37302,"Actual Loops": 1,"Group Key": ["customer.c_custkey", "nation.n_name"],"Planned Partitions": 0,"HashAgg Batches": 1,"Peak Memory Usage": 26129,"Disk Usage": 0,"Plans": [{"Node Type": "Gather","Parent Relationship": "Outer","Parallel Aware": false,"Async Capable": false,"Startup Cost": 6792.07,"Total Cost": 125478.61,"Plan Rows": 56721,"Plan Width": 260,"Actual Startup Time": 74.264,"Actual Total Time": 271.853,"Actual Rows": 111987,"Actual Loops": 1,"Workers Planned": 3,"Workers Launched": 3,"Single Copy": false,"Plans": [{"Node Type": "Hash Join","Parent Relationship": "Outer","Parallel Aware": false,"Async Capable": false,"Join Type": "Inner","Startup Cost": 5792.07,"Total Cost": 118806.51,"Plan Rows": 18297,"Plan Width": 260,"Actual Startup Time": 66.885,"Actual Total Time": 338.409,"Actual Rows": 27997,"Actual Loops": 4,"Inner Unique": true,"Hash Cond": "(customer.c_nationkey = nation.n_nationkey)","Workers": [],"Plans": [{"Node Type": "Hash Join","Parent Relationship": "Outer","Parallel Aware": true,"Async Capable": false,"Join Type": "Inner","Startup Cost": 5790.51,"Total Cost": 118748.77,"Plan Rows": 18297,"Plan Width": 160,"Actual Startup Time": 66.491,"Actual Total Time": 330.614,"Actual Rows": 27997,"Actual Loops": 4,"Inner Unique": true,"Hash Cond": "(orders.o_custkey = customer.c_custkey)","Workers": [],"Plans": [{"Node Type": "Nested Loop","Parent Relationship": "Outer","Parallel Aware": false,"Async Capable": false,"Join Type": "Inner","Startup Cost": 799.26,"Total Cost": 113709.49,"Plan Rows": 18297,"Plan Width": 16,"Actual Startup Time": 13.178,"Actual Total Time": 239.311,"Actual Rows": 27997,"Actual Loops": 4,"Inner Unique": false,"Workers": [],"Plans": [{"Node Type": "Bitmap Heap Scan","Parent Relationship": "Outer","Parallel Aware": true,"Async Capable": false,"Relation Name": "orders","Alias": "orders","Startup Cost": 798.83,"Total Cost": 27172.54,"Plan Rows": 18580,"Plan Width": 8,"Actual Startup Time": 13.117,"Actual Total Time": 66.928,"Actual Rows": 13993,"Actual Loops": 4,"Recheck Cond": "((o_orderdate >= '1993-12-01'::date) AND (o_orderdate < '1994-03-01 00:00:00'::timestamp without time zone))","Rows Removed by Index Recheck": 0,"Exact Heap Blocks": 3558,"Lossy Heap Blocks": 0,"Workers": [],"Plans": [{"Node Type": "Bitmap Index Scan","Parent Relationship": "Outer","Parallel Aware": false,"Async Capable": false,"Index Name": "idx_orders_orderdate","Startup Cost": 0.00,"Total Cost": 784.43,"Plan Rows": 57600,"Plan Width": 0,"Actual Startup Time": 10.042,"Actual Total Time": 10.048,"Actual Rows": 55973,"Actual Loops": 1,"Index Cond": "((o_orderdate >= '1993-12-01'::date) AND (o_orderdate < '1994-03-01 00:00:00'::timestamp without time zone))","Workers": []}]},{"Node Type": "Index Scan","Parent Relationship": "Inner","Parallel Aware": false,"Async Capable": false,"Scan Direction": "Forward","Index Name": "idx_lineitem_orderkey","Relation Name": "lineitem","Alias": "lineitem","Startup Cost": 0.43,"Total Cost": 4.62,"Plan Rows": 4,"Plan Width": 16,"Actual Startup Time": 0.010,"Actual Total Time": 0.012,"Actual Rows": 2,"Actual Loops": 55973,"Index Cond": "(l_orderkey = orders.o_orderkey)","Rows Removed by Index Recheck": 0,"Filter": "(l_returnflag = 'R'::bpchar)","Rows Removed by Filter": 2,"Workers": []}]},{"Node Type": "Hash","Parent Relationship": "Inner","Parallel Aware": true,"Async Capable": false,"Startup Cost": 4210.00,"Total Cost": 4210.00,"Plan Rows": 62500,"Plan Width": 148,"Actual Startup Time": 52.746,"Actual Total Time": 52.755,"Actual Rows": 37500,"Actual Loops": 4,"Hash Buckets": 262144,"Original Hash Buckets": 262144,"Hash Batches": 1,"Original Hash Batches": 1,"Peak Memory Usage": 29312,"Workers": [],"Plans": [{"Node Type": "Seq Scan","Parent Relationship": "Outer","Parallel Aware": true,"Async Capable": false,"Relation Name": "customer","Alias": "customer","Startup Cost": 0.00,"Total Cost": 4210.00,"Plan Rows": 62500,"Plan Width": 148,"Actual Startup Time": 0.028,"Actual Total Time": 23.004,"Actual Rows": 37500,"Actual Loops": 4,"Workers": []}]}]},{"Node Type": "Hash","Parent Relationship": "Inner","Parallel Aware": false,"Async Capable": false,"Startup Cost": 1.25,"Total Cost": 1.25,"Plan Rows": 25,"Plan Width": 108,"Actual Startup Time": 0.099,"Actual Total Time": 0.105,"Actual Rows": 25,"Actual Loops": 4,"Hash Buckets": 1024,"Original Hash Buckets": 1024,"Hash Batches": 1,"Original Hash Batches": 1,"Peak Memory Usage": 10,"Workers": [],"Plans": [{"Node Type": "Seq Scan","Parent Relationship": "Outer","Parallel Aware": false,"Async Capable": false,"Relation Name": "nation","Alias": "nation","Startup Cost": 0.00,"Total Cost": 1.25,"Plan Rows": 25,"Plan Width": 108,"Actual Startup Time": 0.067,"Actual Total Time": 0.074,"Actual Rows": 25,"Actual Loops": 4,"Workers": []}]}]}]}]}]},"Planning Time": 6.321,"Triggers": [],"Execution Time": 609.357}]
[{"Plan": {"Node Type": "Sort","Parallel Aware": false,"Async Capable": false,"Startup Cost": 127549.79,"Total Cost": 127684.44,"Plan Rows": 53858,"Plan Width": 280,"Actual Startup Time": 605.399,"Actual Total Time": 645.666,"Actual Rows": 37880,"Actual Loops": 1,"Sort Key": ["(sum((lineitem.l_extendedprice * ('1'::numeric - lineitem.l_discount)))) DESC"],"Sort Method": "quicksort","Sort Space Used": 9830,"Sort Space Type": "Memory","Plans": [{"Node Type": "Aggregate","Strategy": "Hashed","Partial Mode": "Simple","Parent Relationship": "Outer","Parallel Aware": false,"Async Capable": false,"Startup Cost": 122644.17,"Total Cost": 123317.39,"Plan Rows": 53858,"Plan Width": 280,"Actual Startup Time": 424.771,"Actual Total Time": 574.608,"Actual Rows": 37880,"Actual Loops": 1,"Group Key": ["customer.c_custkey", "nation.n_name"],"Planned Partitions": 0,"HashAgg Batches": 1,"Peak Memory Usage": 26129,"Disk Usage": 0,"Plans": [{"Node Type": "Gather","Parent Relationship": "Outer","Parallel Aware": false,"Async Capable": false,"Startup Cost": 6750.28,"Total Cost": 121970.94,"Plan Rows": 53858,"Plan Width": 260,"Actual Startup Time": 85.178,"Actual Total Time": 295.165,"Actual Rows": 114508,"Actual Loops": 1,"Workers Planned": 3,"Workers Launched": 3,"Single Copy": false,"Plans": [{"Node Type": "Hash Join","Parent Relationship": "Outer","Parallel Aware": false,"Async Capable": false,"Join Type": "Inner","Startup Cost": 5750.28,"Total Cost": 115585.14,"Plan Rows": 17374,"Plan Width": 260,"Actual Startup Time": 78.100,"Actual Total Time": 368.715,"Actual Rows": 28627,"Actual Loops": 4,"Inner Unique": true,"Hash Cond": "(customer.c_nationkey = nation.n_nationkey)","Workers": [],"Plans": [{"Node Type": "Hash Join","Parent Relationship": "Outer","Parallel Aware": true,"Async Capable": false,"Join Type": "Inner","Startup Cost": 5748.71,"Total Cost": 115530.24,"Plan Rows": 17374,"Plan Width": 160,"Actual Startup Time": 77.678,"Actual Total Time": 360.085,"Actual Rows": 28627,"Actual Loops": 4,"Inner Unique": true,"Hash Cond": "(orders.o_custkey = customer.c_custkey)","Workers": [],"Plans": [{"Node Type": "Nested Loop","Parent Relationship": "Outer","Parallel Aware": false,"Async Capable": false,"Join Type": "Inner","Startup Cost": 757.46,"Total Cost": 110493.39,"Plan Rows": 17374,"Plan Width": 16,"Actual Startup Time": 13.130,"Actual Total Time": 256.172,"Actual Rows": 28627,"Actual Loops": 4,"Inner Unique": false,"Workers": [],"Plans": [{"Node Type": "Bitmap Heap Scan","Parent Relationship": "Outer","Parallel Aware": true,"Async Capable": false,"Relation Name": "orders","Alias": "orders","Startup Cost": 757.03,"Total Cost": 27116.67,"Plan Rows": 17643,"Plan Width": 8,"Actual Startup Time": 13.063,"Actual Total Time": 71.665,"Actual Rows": 14273,"Actual Loops": 4,"Recheck Cond": "((o_orderdate >= '1993-05-01'::date) AND (o_orderdate < '1993-08-01 00:00:00'::timestamp without time zone))","Rows Removed by Index Recheck": 0,"Exact Heap Blocks": 3695,"Lossy Heap Blocks": 0,"Workers": [],"Plans": [{"Node Type": "Bitmap Index Scan","Parent Relationship": "Outer","Parallel Aware": false,"Async Capable": false,"Index Name": "idx_orders_orderdate","Startup Cost": 0.00,"Total Cost": 743.36,"Plan Rows": 54693,"Plan Width": 0,"Actual Startup Time": 9.957,"Actual Total Time": 9.964,"Actual Rows": 57093,"Actual Loops": 1,"Index Cond": "((o_orderdate >= '1993-05-01'::date) AND (o_orderdate < '1993-08-01 00:00:00'::timestamp without time zone))","Workers": []}]},{"Node Type": "Index Scan","Parent Relationship": "Inner","Parallel Aware": false,"Async Capable": false,"Scan Direction": "Forward","Index Name": "idx_lineitem_orderkey","Relation Name": "lineitem","Alias": "lineitem","Startup Cost": 0.43,"Total Cost": 4.69,"Plan Rows": 4,"Plan Width": 16,"Actual Startup Time": 0.011,"Actual Total Time": 0.013,"Actual Rows": 2,"Actual Loops": 57093,"Index Cond": "(l_orderkey = orders.o_orderkey)","Rows Removed by Index Recheck": 0,"Filter": "(l_returnflag = 'R'::bpchar)","Rows Removed by Filter": 2,"Workers": []}]},{"Node Type": "Hash","Parent Relationship": "Inner","Parallel Aware": true,"Async Capable": false,"Startup Cost": 4210.00,"Total Cost": 4210.00,"Plan Rows": 62500,"Plan Width": 148,"Actual Startup Time": 63.988,"Actual Total Time": 63.994,"Actual Rows": 37500,"Actual Loops": 4,"Hash Buckets": 262144,"Original Hash Buckets": 262144,"Hash Batches": 1,"Original Hash Batches": 1,"Peak Memory Usage": 29344,"Workers": [],"Plans": [{"Node Type": "Seq Scan","Parent Relationship": "Outer","Parallel Aware": true,"Async Capable": false,"Relation Name": "customer","Alias": "customer","Startup Cost": 0.00,"Total Cost": 4210.00,"Plan Rows": 62500,"Plan Width": 148,"Actual Startup Time": 0.034,"Actual Total Time": 28.777,"Actual Rows": 37500,"Actual Loops": 4,"Workers": []}]}]},{"Node Type": "Hash","Parent Relationship": "Inner","Parallel Aware": false,"Async Capable": false,"Startup Cost": 1.25,"Total Cost": 1.25,"Plan Rows": 25,"Plan Width": 108,"Actual Startup Time": 0.078,"Actual Total Time": 0.083,"Actual Rows": 25,"Actual Loops": 4,"Hash Buckets": 1024,"Original Hash Buckets": 1024,"Hash Batches": 1,"Original Hash Batches": 1,"Peak Memory Usage": 10,"Workers": [],"Plans": [{"Node Type": "Seq Scan","Parent Relationship": "Outer","Parallel Aware": false,"Async Capable": false,"Relation Name": "nation","Alias": "nation","Startup Cost": 0.00,"Total Cost": 1.25,"Plan Rows": 25,"Plan Width": 108,"Actual Startup Time": 0.048,"Actual Total Time": 0.055,"Actual Rows": 25,"Actual Loops": 4,"Workers": []}]}]}]}]}]},"Planning Time": 7.141,"Triggers": [],"Execution Time": 649.992}]
[{"Plan": {"Node Type": "Sort","Parallel Aware": false,"Async Capable": false,"Startup Cost": 127549.79,"Total Cost": 127684.44,"Plan Rows": 53858,"Plan Width": 280,"Actual Startup Time": 605.399,"Actual Total Time": 645.666,"Actual Rows": 37880,"Actual Loops": 1,"Sort Key": ["(sum((lineitem.l_extendedprice * ('1'::numeric - lineitem.l_discount)))) DESC"],"Sort Method": "quicksort","Sort Space Used": 9830,"Sort Space Type": "Memory","Plans": [{"Node Type": "Aggregate","Strategy": "Hashed","Partial Mode": "Simple","Parent Relationship": "Outer","Parallel Aware": false,"Async Capable": false,"Startup Cost": 122644.17,"Total Cost": 123317.39,"Plan Rows": 53858,"Plan Width": 280,"Actual Startup Time": 424.771,"Actual Total Time": 574.608,"Actual Rows": 37880,"Actual Loops": 1,"Group Key": ["customer.c_custkey", "nation.n_name"],"Planned Partitions": 0,"HashAgg Batches": 1,"Peak Memory Usage": 26129,"Disk Usage": 0,"Plans": [{"Node Type": "Gather","Parent Relationship": "Outer","Parallel Aware": false,"Async Capable": false,"Startup Cost": 6750.28,"Total Cost": 121970.94,"Plan Rows": 53858,"Plan Width": 260,"Actual Startup Time": 85.178,"Actual Total Time": 295.165,"Actual Rows": 114508,"Actual Loops": 1,"Workers Planned": 3,"Workers Launched": 3,"Single Copy": false,"Plans": [{"Node Type": "Hash Join","Parent Relationship": "Outer","Parallel Aware": false,"Async Capable": false,"Join Type": "Inner","Startup Cost": 5750.28,"Total Cost": 115585.14,"Plan Rows": 17374,"Plan Width": 260,"Actual Startup Time": 78.100,"Actual Total Time": 368.715,"Actual Rows": 28627,"Actual Loops": 4,"Inner Unique": true,"Hash Cond": "(customer.c_nationkey = nation.n_nationkey)","Workers": [],"Plans": [{"Node Type": "Hash Join","Parent Relationship": "Outer","Parallel Aware": true,"Async Capable": false,"Join Type": "Inner","Startup Cost": 5748.71,"Total Cost": 115530.24,"Plan Rows": 17374,"Plan Width": 160,"Actual Startup Time": 77.678,"Actual Total Time": 360.085,"Actual Rows": 28627,"Actual Loops": 4,"Inner Unique": true,"Hash Cond": "(orders.o_custkey = customer.c_custkey)","Workers": [],"Plans": [{"Node Type": "Nested Loop","Parent Relationship": "Outer","Parallel Aware": false,"Async Capable": false,"Join Type": "Inner","Startup Cost": 757.46,"Total Cost": 110493.39,"Plan Rows": 17374,"Plan Width": 16,"Actual Startup Time": 13.130,"Actual Total Time": 256.172,"Actual Rows": 28627,"Actual Loops": 4,"Inner Unique": false,"Workers": [],"Plans": [{"Node Type": "Bitmap Heap Scan","Parent Relationship": "Outer","Parallel Aware": true,"Async Capable": false,"Relation Name": "orders","Alias": "orders","Startup Cost": 757.03,"Total Cost": 27116.67,"Plan Rows": 17643,"Plan Width": 8,"Actual Startup Time": 13.063,"Actual Total Time": 71.665,"Actual Rows": 14273,"Actual Loops": 4,"Recheck Cond": "((o_orderdate >= '1993-05-01'::date) AND (o_orderdate < '1993-08-01 00:00:00'::timestamp without time zone))","Rows Removed by Index Recheck": 0,"Exact Heap Blocks": 3695,"Lossy Heap Blocks": 0,"Workers": [],"Plans": [{"Node Type": "Bitmap Index Scan","Parent Relationship": "Outer","Parallel Aware": false,"Async Capable": false,"Index Name": "idx_orders_orderdate","Startup Cost": 0.00,"Total Cost": 743.36,"Plan Rows": 54693,"Plan Width": 0,"Actual Startup Time": 9.957,"Actual Total Time": 9.964,"Actual Rows": 57093,"Actual Loops": 1,"Index Cond": "((o_orderdate >= '1993-05-01'::date) AND (o_orderdate < '1993-08-01 00:00:00'::timestamp without time zone))","Workers": []}]},{"Node Type": "Index Scan","Parent Relationship": "Inner","Parallel Aware": false,"Async Capable": false,"Scan Direction": "Forward","Index Name": "idx_lineitem_orderkey","Relation Name": "lineitem","Alias": "lineitem","Startup Cost": 0.43,"Total Cost": 4.69,"Plan Rows": 4,"Plan Width": 16,"Actual Startup Time": 0.011,"Actual Total Time": 0.013,"Actual Rows": 2,"Actual Loops": 57093,"Index Cond": "(l_orderkey = orders.o_orderkey)","Rows Removed by Index Recheck": 0,"Filter": "(l_returnflag = 'R'::bpchar)","Rows Removed by Filter": 2,"Workers": []}]},{"Node Type": "Hash","Parent Relationship": "Inner","Parallel Aware": true,"Async Capable": false,"Startup Cost": 4210.00,"Total Cost": 4210.00,"Plan Rows": 62500,"Plan Width": 148,"Actual Startup Time": 63.988,"Actual Total Time": 63.994,"Actual Rows": 37500,"Actual Loops": 4,"Hash Buckets": 262144,"Original Hash Buckets": 262144,"Hash Batches": 1,"Original Hash Batches": 1,"Peak Memory Usage": 29344,"Workers": [],"Plans": [{"Node Type": "Seq Scan","Parent Relationship": "Outer","Parallel Aware": true,"Async Capable": false,"Relation Name": "customer","Alias": "customer","Startup Cost": 0.00,"Total Cost": 4210.00,"Plan Rows": 62500,"Plan Width": 148,"Actual Startup Time": 0.034,"Actual Total Time": 28.777,"Actual Rows": 37500,"Actual Loops": 4,"Workers": []}]}]},{"Node Type": "Hash","Parent Relationship": "Inner","Parallel Aware": false,"Async Capable": false,"Startup Cost": 1.25,"Total Cost": 1.25,"Plan Rows": 25,"Plan Width": 108,"Actual Startup Time": 0.078,"Actual Total Time": 0.083,"Actual Rows": 25,"Actual Loops": 4,"Hash Buckets": 1024,"Original Hash Buckets": 1024,"Hash Batches": 1,"Original Hash Batches": 1,"Peak Memory Usage": 10,"Workers": [],"Plans": [{"Node Type": "Seq Scan","Parent Relationship": "Outer","Parallel Aware": false,"Async Capable": false,"Relation Name": "nation","Alias": "nation","Startup Cost": 0.00,"Total Cost": 1.25,"Plan Rows": 25,"Plan Width": 108,"Actual Startup Time": 0.048,"Actual Total Time": 0.055,"Actual Rows": 25,"Actual Loops": 4,"Workers": []}]}]}]}]}]},"Planning Time": 7.141,"Triggers": [],"Execution Time": 649.992}]
[{"Plan": {"Node Type": "Sort","Parallel Aware": false,"Async Capable": false,"Startup Cost": 128172.02,"Total Cost": 128307.83,"Plan Rows": 54323,"Plan Width": 280,"Actual Startup Time": 580.875,"Actual Total Time": 621.555,"Actual Rows": 37633,"Actual Loops": 1,"Sort Key": ["(sum((lineitem.l_extendedprice * ('1'::numeric - lineitem.l_discount)))) DESC"],"Sort Method": "quicksort","Sort Space Used": 9771,"Sort Space Type": "Memory","Plans": [{"Node Type": "Aggregate","Strategy": "Hashed","Partial Mode": "Simple","Parent Relationship": "Outer","Parallel Aware": false,"Async Capable": false,"Startup Cost": 123220.68,"Total Cost": 123899.72,"Plan Rows": 54323,"Plan Width": 280,"Actual Startup Time": 405.186,"Actual Total Time": 549.451,"Actual Rows": 37633,"Actual Loops": 1,"Group Key": ["customer.c_custkey", "nation.n_name"],"Planned Partitions": 0,"HashAgg Batches": 1,"Peak Memory Usage": 26129,"Disk Usage": 0,"Plans": [{"Node Type": "Gather","Parent Relationship": "Outer","Parallel Aware": false,"Async Capable": false,"Startup Cost": 6755.11,"Total Cost": 122541.64,"Plan Rows": 54323,"Plan Width": 260,"Actual Startup Time": 76.087,"Actual Total Time": 280.080,"Actual Rows": 112740,"Actual Loops": 1,"Workers Planned": 3,"Workers Launched": 3,"Single Copy": false,"Plans": [{"Node Type": "Hash Join","Parent Relationship": "Outer","Parallel Aware": false,"Async Capable": false,"Join Type": "Inner","Startup Cost": 5755.11,"Total Cost": 116109.34,"Plan Rows": 17524,"Plan Width": 260,"Actual Startup Time": 69.042,"Actual Total Time": 350.531,"Actual Rows": 28185,"Actual Loops": 4,"Inner Unique": true,"Hash Cond": "(customer.c_nationkey = nation.n_nationkey)","Workers": [],"Plans": [{"Node Type": "Hash Join","Parent Relationship": "Outer","Parallel Aware": true,"Async Capable": false,"Join Type": "Inner","Startup Cost": 5753.55,"Total Cost": 116053.98,"Plan Rows": 17524,"Plan Width": 160,"Actual Startup Time": 68.729,"Actual Total Time": 342.552,"Actual Rows": 28185,"Actual Loops": 4,"Inner Unique": true,"Hash Cond": "(orders.o_custkey = customer.c_custkey)","Workers": [],"Plans": [{"Node Type": "Nested Loop","Parent Relationship": "Outer","Parallel Aware": false,"Async Capable": false,"Join Type": "Inner","Startup Cost": 762.30,"Total Cost": 111016.73,"Plan Rows": 17524,"Plan Width": 16,"Actual Startup Time": 13.194,"Actual Total Time": 245.701,"Actual Rows": 28185,"Actual Loops": 4,"Inner Unique": false,"Workers": [],"Plans": [{"Node Type": "Bitmap Heap Scan","Parent Relationship": "Outer","Parallel Aware": true,"Async Capable": false,"Relation Name": "orders","Alias": "orders","Startup Cost": 761.87,"Total Cost": 27123.80,"Plan Rows": 17795,"Plan Width": 8,"Actual Startup Time": 13.139,"Actual Total Time": 70.147,"Actual Rows": 14108,"Actual Loops": 4,"Recheck Cond": "((o_orderdate >= '1993-04-01'::date) AND (o_orderdate < '1993-07-01 00:00:00'::timestamp without time zone))","Rows Removed by Index Recheck": 0,"Exact Heap Blocks": 3504,"Lossy Heap Blocks": 0,"Workers": [],"Plans": [{"Node Type": "Bitmap Index Scan","Parent Relationship": "Outer","Parallel Aware": false,"Async Capable": false,"Index Name": "idx_orders_orderdate","Startup Cost": 0.00,"Total Cost": 748.08,"Plan Rows": 55165,"Plan Width": 0,"Actual Startup Time": 10.077,"Actual Total Time": 10.080,"Actual Rows": 56434,"Actual Loops": 1,"Index Cond": "((o_orderdate >= '1993-04-01'::date) AND (o_orderdate < '1993-07-01 00:00:00'::timestamp without time zone))","Workers": []}]},{"Node Type": "Index Scan","Parent Relationship": "Inner","Parallel Aware": false,"Async Capable": false,"Scan Direction": "Forward","Index Name": "idx_lineitem_orderkey","Relation Name": "lineitem","Alias": "lineitem","Startup Cost": 0.43,"Total Cost": 4.67,"Plan Rows": 4,"Plan Width": 16,"Actual Startup Time": 0.010,"Actual Total Time": 0.012,"Actual Rows": 2,"Actual Loops": 56434,"Index Cond": "(l_orderkey = orders.o_orderkey)","Rows Removed by Index Recheck": 0,"Filter": "(l_returnflag = 'R'::bpchar)","Rows Removed by Filter": 2,"Workers": []}]},{"Node Type": "Hash","Parent Relationship": "Inner","Parallel Aware": true,"Async Capable": false,"Startup Cost": 4210.00,"Total Cost": 4210.00,"Plan Rows": 62500,"Plan Width": 148,"Actual Startup Time": 54.995,"Actual Total Time": 55.002,"Actual Rows": 37500,"Actual Loops": 4,"Hash Buckets": 262144,"Original Hash Buckets": 262144,"Hash Batches": 1,"Original Hash Batches": 1,"Peak Memory Usage": 29312,"Workers": [],"Plans": [{"Node Type": "Seq Scan","Parent Relationship": "Outer","Parallel Aware": true,"Async Capable": false,"Relation Name": "customer","Alias": "customer","Startup Cost": 0.00,"Total Cost": 4210.00,"Plan Rows": 62500,"Plan Width": 148,"Actual Startup Time": 0.020,"Actual Total Time": 23.497,"Actual Rows": 37500,"Actual Loops": 4,"Workers": []}]}]},{"Node Type": "Hash","Parent Relationship": "Inner","Parallel Aware": false,"Async Capable": false,"Startup Cost": 1.25,"Total Cost": 1.25,"Plan Rows": 25,"Plan Width": 108,"Actual Startup Time": 0.072,"Actual Total Time": 0.079,"Actual Rows": 25,"Actual Loops": 4,"Hash Buckets": 1024,"Original Hash Buckets": 1024,"Hash Batches": 1,"Original Hash Batches": 1,"Peak Memory Usage": 10,"Workers": [],"Plans": [{"Node Type": "Seq Scan","Parent Relationship": "Outer","Parallel Aware": false,"Async Capable": false,"Relation Name": "nation","Alias": "nation","Startup Cost": 0.00,"Total Cost": 1.25,"Plan Rows": 25,"Plan Width": 108,"Actual Startup Time": 0.049,"Actual Total Time": 0.055,"Actual Rows": 25,"Actual Loops": 4,"Workers": []}]}]}]}]}]},"Planning Time": 7.486,"Triggers": [],"Execution Time": 627.374}]
[{"Plan": {"Node Type": "Sort","Parallel Aware": false,"Async Capable": false,"Startup Cost": 135294.26,"Total Cost": 135443.48,"Plan Rows": 59689,"Plan Width": 280,"Actual Startup Time": 545.457,"Actual Total Time": 585.279,"Actual Rows": 35593,"Actual Loops": 1,"Sort Key": ["(sum((lineitem.l_extendedprice * ('1'::numeric - lineitem.l_discount)))) DESC"],"Sort Method": "quicksort","Sort Space Used": 9317,"Sort Space Type": "Memory","Plans": [{"Node Type": "Aggregate","Strategy": "Hashed","Partial Mode": "Simple","Parent Relationship": "Outer","Parallel Aware": false,"Async Capable": false,"Startup Cost": 129813.27,"Total Cost": 130559.38,"Plan Rows": 59689,"Plan Width": 280,"Actual Startup Time": 389.996,"Actual Total Time": 517.393,"Actual Rows": 35593,"Actual Loops": 1,"Group Key": ["customer.c_custkey", "nation.n_name"],"Planned Partitions": 0,"HashAgg Batches": 1,"Peak Memory Usage": 27665,"Disk Usage": 0,"Plans": [{"Node Type": "Gather","Parent Relationship": "Outer","Parallel Aware": false,"Async Capable": false,"Startup Cost": 6830.97,"Total Cost": 129067.15,"Plan Rows": 59689,"Plan Width": 260,"Actual Startup Time": 76.518,"Actual Total Time": 281.363,"Actual Rows": 94907,"Actual Loops": 1,"Workers Planned": 3,"Workers Launched": 3,"Single Copy": false,"Plans": [{"Node Type": "Hash Join","Parent Relationship": "Outer","Parallel Aware": false,"Async Capable": false,"Join Type": "Inner","Startup Cost": 5830.97,"Total Cost": 122098.25,"Plan Rows": 19255,"Plan Width": 260,"Actual Startup Time": 68.775,"Actual Total Time": 339.806,"Actual Rows": 23727,"Actual Loops": 4,"Inner Unique": true,"Hash Cond": "(customer.c_nationkey = nation.n_nationkey)","Workers": [],"Plans": [{"Node Type": "Hash Join","Parent Relationship": "Outer","Parallel Aware": true,"Async Capable": false,"Join Type": "Inner","Startup Cost": 5829.40,"Total Cost": 122037.58,"Plan Rows": 19255,"Plan Width": 160,"Actual Startup Time": 68.296,"Actual Total Time": 331.130,"Actual Rows": 23727,"Actual Loops": 4,"Inner Unique": true,"Hash Cond": "(orders.o_custkey = customer.c_custkey)","Workers": [],"Plans": [{"Node Type": "Nested Loop","Parent Relationship": "Outer","Parallel Aware": false,"Async Capable": false,"Join Type": "Inner","Startup Cost": 838.15,"Total Cost": 116995.79,"Plan Rows": 19255,"Plan Width": 16,"Actual Startup Time": 13.636,"Actual Total Time": 241.200,"Actual Rows": 23727,"Actual Loops": 4,"Inner Unique": false,"Workers": [],"Plans": [{"Node Type": "Bitmap Heap Scan","Parent Relationship": "Outer","Parallel Aware": true,"Async Capable": false,"Relation Name": "orders","Alias": "orders","Startup Cost": 837.72,"Total Cost": 27226.01,"Plan Rows": 19553,"Plan Width": 8,"Actual Startup Time": 13.552,"Actual Total Time": 68.983,"Actual Rows": 14126,"Actual Loops": 4,"Recheck Cond": "((o_orderdate >= '1995-01-01'::date) AND (o_orderdate < '1995-04-01 00:00:00'::timestamp without time zone))","Rows Removed by Index Recheck": 0,"Exact Heap Blocks": 3623,"Lossy Heap Blocks": 0,"Workers": [],"Plans": [{"Node Type": "Bitmap Index Scan","Parent Relationship": "Outer","Parallel Aware": false,"Async Capable": false,"Index Name": "idx_orders_orderdate","Startup Cost": 0.00,"Total Cost": 822.57,"Plan Rows": 60614,"Plan Width": 0,"Actual Startup Time": 10.475,"Actual Total Time": 10.479,"Actual Rows": 56506,"Actual Loops": 1,"Index Cond": "((o_orderdate >= '1995-01-01'::date) AND (o_orderdate < '1995-04-01 00:00:00'::timestamp without time zone))","Workers": []}]},{"Node Type": "Index Scan","Parent Relationship": "Inner","Parallel Aware": false,"Async Capable": false,"Scan Direction": "Forward","Index Name": "idx_lineitem_orderkey","Relation Name": "lineitem","Alias": "lineitem","Startup Cost": 0.43,"Total Cost": 4.55,"Plan Rows": 4,"Plan Width": 16,"Actual Startup Time": 0.010,"Actual Total Time": 0.012,"Actual Rows": 2,"Actual Loops": 56506,"Index Cond": "(l_orderkey = orders.o_orderkey)","Rows Removed by Index Recheck": 0,"Filter": "(l_returnflag = 'R'::bpchar)","Rows Removed by Filter": 2,"Workers": []}]},{"Node Type": "Hash","Parent Relationship": "Inner","Parallel Aware": true,"Async Capable": false,"Startup Cost": 4210.00,"Total Cost": 4210.00,"Plan Rows": 62500,"Plan Width": 148,"Actual Startup Time": 54.088,"Actual Total Time": 54.097,"Actual Rows": 37500,"Actual Loops": 4,"Hash Buckets": 262144,"Original Hash Buckets": 262144,"Hash Batches": 1,"Original Hash Batches": 1,"Peak Memory Usage": 29312,"Workers": [],"Plans": [{"Node Type": "Seq Scan","Parent Relationship": "Outer","Parallel Aware": true,"Async Capable": false,"Relation Name": "customer","Alias": "customer","Startup Cost": 0.00,"Total Cost": 4210.00,"Plan Rows": 62500,"Plan Width": 148,"Actual Startup Time": 0.033,"Actual Total Time": 23.775,"Actual Rows": 37500,"Actual Loops": 4,"Workers": []}]}]},{"Node Type": "Hash","Parent Relationship": "Inner","Parallel Aware": false,"Async Capable": false,"Startup Cost": 1.25,"Total Cost": 1.25,"Plan Rows": 25,"Plan Width": 108,"Actual Startup Time": 0.094,"Actual Total Time": 0.098,"Actual Rows": 25,"Actual Loops": 4,"Hash Buckets": 1024,"Original Hash Buckets": 1024,"Hash Batches": 1,"Original Hash Batches": 1,"Peak Memory Usage": 10,"Workers": [],"Plans": [{"Node Type": "Seq Scan","Parent Relationship": "Outer","Parallel Aware": false,"Async Capable": false,"Relation Name": "nation","Alias": "nation","Startup Cost": 0.00,"Total Cost": 1.25,"Plan Rows": 25,"Plan Width": 108,"Actual Startup Time": 0.062,"Actual Total Time": 0.068,"Actual Rows": 25,"Actual Loops": 4,"Workers": []}]}]}]}]}]},"Planning Time": 7.620,"Triggers": [],"Execution Time": 593.147}]
[{"Plan": {"Node Type": "Sort","Parallel Aware": false,"Async Capable": false,"Startup Cost": 132365.07,"Total Cost": 132508.74,"Plan Rows": 57466,"Plan Width": 280,"Actual Startup Time": 604.092,"Actual Total Time": 644.113,"Actual Rows": 37690,"Actual Loops": 1,"Sort Key": ["(sum((lineitem.l_extendedprice * ('1'::numeric - lineitem.l_discount)))) DESC"],"Sort Method": "quicksort","Sort Space Used": 9779,"Sort Space Type": "Memory","Plans": [{"Node Type": "Aggregate","Strategy": "Hashed","Partial Mode": "Simple","Parent Relationship": "Outer","Parallel Aware": false,"Async Capable": false,"Startup Cost": 127103.94,"Total Cost": 127822.26,"Plan Rows": 57466,"Plan Width": 280,"Actual Startup Time": 420.502,"Actual Total Time": 570.586,"Actual Rows": 37690,"Actual Loops": 1,"Group Key": ["customer.c_custkey", "nation.n_name"],"Planned Partitions": 0,"HashAgg Batches": 1,"Peak Memory Usage": 26129,"Disk Usage": 0,"Plans": [{"Node Type": "Gather","Parent Relationship": "Outer","Parallel Aware": false,"Async Capable": false,"Startup Cost": 6799.83,"Total Cost": 126385.61,"Plan Rows": 57466,"Plan Width": 260,"Actual Startup Time": 84.807,"Actual Total Time": 291.020,"Actual Rows": 113599,"Actual Loops": 1,"Workers Planned": 3,"Workers Launched": 3,"Single Copy": false,"Plans": [{"Node Type": "Hash Join","Parent Relationship": "Outer","Parallel Aware": false,"Async Capable": false,"Join Type": "Inner","Startup Cost": 5799.83,"Total Cost": 119639.01,"Plan Rows": 18537,"Plan Width": 260,"Actual Startup Time": 77.448,"Actual Total Time": 365.330,"Actual Rows": 28400,"Actual Loops": 4,"Inner Unique": true,"Hash Cond": "(customer.c_nationkey = nation.n_nationkey)","Workers": [],"Plans": [{"Node Type": "Hash Join","Parent Relationship": "Outer","Parallel Aware": true,"Async Capable": false,"Join Type": "Inner","Startup Cost": 5798.27,"Total Cost": 119580.55,"Plan Rows": 18537,"Plan Width": 160,"Actual Startup Time": 76.978,"Actual Total Time": 356.100,"Actual Rows": 28400,"Actual Loops": 4,"Inner Unique": true,"Hash Cond": "(orders.o_custkey = customer.c_custkey)","Workers": [],"Plans": [{"Node Type": "Nested Loop","Parent Relationship": "Outer","Parallel Aware": false,"Async Capable": false,"Join Type": "Inner","Startup Cost": 807.02,"Total Cost": 114540.64,"Plan Rows": 18537,"Plan Width": 16,"Actual Startup Time": 13.069,"Actual Total Time": 252.235,"Actual Rows": 28400,"Actual Loops": 4,"Inner Unique": false,"Workers": [],"Plans": [{"Node Type": "Bitmap Heap Scan","Parent Relationship": "Outer","Parallel Aware": true,"Async Capable": false,"Relation Name": "orders","Alias": "orders","Startup Cost": 806.59,"Total Cost": 27183.96,"Plan Rows": 18825,"Plan Width": 8,"Actual Startup Time": 13.002,"Actual Total Time": 70.665,"Actual Rows": 14161,"Actual Loops": 4,"Recheck Cond": "((o_orderdate >= '1994-04-01'::date) AND (o_orderdate < '1994-07-01 00:00:00'::timestamp without time zone))","Rows Removed by Index Recheck": 0,"Exact Heap Blocks": 3668,"Lossy Heap Blocks": 0,"Workers": [],"Plans": [{"Node Type": "Bitmap Index Scan","Parent Relationship": "Outer","Parallel Aware": false,"Async Capable": false,"Index Name": "idx_orders_orderdate","Startup Cost": 0.00,"Total Cost": 792.00,"Plan Rows": 58357,"Plan Width": 0,"Actual Startup Time": 9.907,"Actual Total Time": 9.915,"Actual Rows": 56645,"Actual Loops": 1,"Index Cond": "((o_orderdate >= '1994-04-01'::date) AND (o_orderdate < '1994-07-01 00:00:00'::timestamp without time zone))","Workers": []}]},{"Node Type": "Index Scan","Parent Relationship": "Inner","Parallel Aware": false,"Async Capable": false,"Scan Direction": "Forward","Index Name": "idx_lineitem_orderkey","Relation Name": "lineitem","Alias": "lineitem","Startup Cost": 0.43,"Total Cost": 4.60,"Plan Rows": 4,"Plan Width": 16,"Actual Startup Time": 0.010,"Actual Total Time": 0.012,"Actual Rows": 2,"Actual Loops": 56645,"Index Cond": "(l_orderkey = orders.o_orderkey)","Rows Removed by Index Recheck": 0,"Filter": "(l_returnflag = 'R'::bpchar)","Rows Removed by Filter": 2,"Workers": []}]},{"Node Type": "Hash","Parent Relationship": "Inner","Parallel Aware": true,"Async Capable": false,"Startup Cost": 4210.00,"Total Cost": 4210.00,"Plan Rows": 62500,"Plan Width": 148,"Actual Startup Time": 63.332,"Actual Total Time": 63.338,"Actual Rows": 37500,"Actual Loops": 4,"Hash Buckets": 262144,"Original Hash Buckets": 262144,"Hash Batches": 1,"Original Hash Batches": 1,"Peak Memory Usage": 29344,"Workers": [],"Plans": [{"Node Type": "Seq Scan","Parent Relationship": "Outer","Parallel Aware": true,"Async Capable": false,"Relation Name": "customer","Alias": "customer","Startup Cost": 0.00,"Total Cost": 4210.00,"Plan Rows": 62500,"Plan Width": 148,"Actual Startup Time": 0.025,"Actual Total Time": 28.533,"Actual Rows": 37500,"Actual Loops": 4,"Workers": []}]}]},{"Node Type": "Hash","Parent Relationship": "Inner","Parallel Aware": false,"Async Capable": false,"Startup Cost": 1.25,"Total Cost": 1.25,"Plan Rows": 25,"Plan Width": 108,"Actual Startup Time": 0.107,"Actual Total Time": 0.110,"Actual Rows": 25,"Actual Loops": 4,"Hash Buckets": 1024,"Original Hash Buckets": 1024,"Hash Batches": 1,"Original Hash Batches": 1,"Peak Memory Usage": 10,"Workers": [],"Plans": [{"Node Type": "Seq Scan","Parent Relationship": "Outer","Parallel Aware": false,"Async Capable": false,"Relation Name": "nation","Alias": "nation","Startup Cost": 0.00,"Total Cost": 1.25,"Plan Rows": 25,"Plan Width": 108,"Actual Startup Time": 0.074,"Actual Total Time": 0.080,"Actual Rows": 25,"Actual Loops": 4,"Workers": []}]}]}]}]}]},"Planning Time": 6.317,"Triggers": [],"Execution Time": 648.403}]
[{"Plan": {"Node Type": "Sort","Parallel Aware": false,"Async Capable": false,"Startup Cost": 131330.41,"Total Cost": 131472.12,"Plan Rows": 56686,"Plan Width": 280,"Actual Startup Time": 587.483,"Actual Total Time": 628.086,"Actual Rows": 37925,"Actual Loops": 1,"Sort Key": ["(sum((lineitem.l_extendedprice * ('1'::numeric - lineitem.l_discount)))) DESC"],"Sort Method": "quicksort","Sort Space Used": 9832,"Sort Space Type": "Memory","Plans": [{"Node Type": "Aggregate","Strategy": "Hashed","Partial Mode": "Simple","Parent Relationship": "Outer","Parallel Aware": false,"Async Capable": false,"Startup Cost": 126146.27,"Total Cost": 126854.85,"Plan Rows": 56686,"Plan Width": 280,"Actual Startup Time": 410.388,"Actual Total Time": 556.054,"Actual Rows": 37925,"Actual Loops": 1,"Group Key": ["customer.c_custkey", "nation.n_name"],"Planned Partitions": 0,"HashAgg Batches": 1,"Peak Memory Usage": 26129,"Disk Usage": 0,"Plans": [{"Node Type": "Gather","Parent Relationship": "Outer","Parallel Aware": false,"Async Capable": false,"Startup Cost": 6791.71,"Total Cost": 125437.70,"Plan Rows": 56686,"Plan Width": 260,"Actual Startup Time": 76.070,"Actual Total Time": 284.431,"Actual Rows": 114550,"Actual Loops": 1,"Workers Planned": 3,"Workers Launched": 3,"Single Copy": false,"Plans": [{"Node Type": "Hash Join","Parent Relationship": "Outer","Parallel Aware": false,"Async Capable": false,"Join Type": "Inner","Startup Cost": 5791.71,"Total Cost": 118769.10,"Plan Rows": 18286,"Plan Width": 260,"Actual Startup Time": 68.409,"Actual Total Time": 355.040,"Actual Rows": 28638,"Actual Loops": 4,"Inner Unique": true,"Hash Cond": "(customer.c_nationkey = nation.n_nationkey)","Workers": [],"Plans": [{"Node Type": "Hash Join","Parent Relationship": "Outer","Parallel Aware": true,"Async Capable": false,"Join Type": "Inner","Startup Cost": 5790.15,"Total Cost": 118711.40,"Plan Rows": 18286,"Plan Width": 160,"Actual Startup Time": 67.911,"Actual Total Time": 346.301,"Actual Rows": 28638,"Actual Loops": 4,"Inner Unique": true,"Hash Cond": "(orders.o_custkey = customer.c_custkey)","Workers": [],"Plans": [{"Node Type": "Nested Loop","Parent Relationship": "Outer","Parallel Aware": false,"Async Capable": false,"Join Type": "Inner","Startup Cost": 798.90,"Total Cost": 113672.15,"Plan Rows": 18286,"Plan Width": 16,"Actual Startup Time": 13.342,"Actual Total Time": 249.825,"Actual Rows": 28638,"Actual Loops": 4,"Inner Unique": false,"Workers": [],"Plans": [{"Node Type": "Bitmap Heap Scan","Parent Relationship": "Outer","Parallel Aware": true,"Async Capable": false,"Relation Name": "orders","Alias": "orders","Startup Cost": 798.47,"Total Cost": 27172.01,"Plan Rows": 18569,"Plan Width": 8,"Actual Startup Time": 13.275,"Actual Total Time": 71.340,"Actual Rows": 14284,"Actual Loops": 4,"Recheck Cond": "((o_orderdate >= '1993-08-01'::date) AND (o_orderdate < '1993-11-01 00:00:00'::timestamp without time zone))","Rows Removed by Index Recheck": 0,"Exact Heap Blocks": 3594,"Lossy Heap Blocks": 0,"Workers": [],"Plans": [{"Node Type": "Bitmap Index Scan","Parent Relationship": "Outer","Parallel Aware": false,"Async Capable": false,"Index Name": "idx_orders_orderdate","Startup Cost": 0.00,"Total Cost": 784.08,"Plan Rows": 57565,"Plan Width": 0,"Actual Startup Time": 10.135,"Actual Total Time": 10.136,"Actual Rows": 57138,"Actual Loops": 1,"Index Cond": "((o_orderdate >= '1993-08-01'::date) AND (o_orderdate < '1993-11-01 00:00:00'::timestamp without time zone))","Workers": []}]},{"Node Type": "Index Scan","Parent Relationship": "Inner","Parallel Aware": false,"Async Capable": false,"Scan Direction": "Forward","Index Name": "idx_lineitem_orderkey","Relation Name": "lineitem","Alias": "lineitem","Startup Cost": 0.43,"Total Cost": 4.62,"Plan Rows": 4,"Plan Width": 16,"Actual Startup Time": 0.010,"Actual Total Time": 0.012,"Actual Rows": 2,"Actual Loops": 57138,"Index Cond": "(l_orderkey = orders.o_orderkey)","Rows Removed by Index Recheck": 0,"Filter": "(l_returnflag = 'R'::bpchar)","Rows Removed by Filter": 2,"Workers": []}]},{"Node Type": "Hash","Parent Relationship": "Inner","Parallel Aware": true,"Async Capable": false,"Startup Cost": 4210.00,"Total Cost": 4210.00,"Plan Rows": 62500,"Plan Width": 148,"Actual Startup Time": 53.968,"Actual Total Time": 53.976,"Actual Rows": 37500,"Actual Loops": 4,"Hash Buckets": 262144,"Original Hash Buckets": 262144,"Hash Batches": 1,"Original Hash Batches": 1,"Peak Memory Usage": 29344,"Workers": [],"Plans": [{"Node Type": "Seq Scan","Parent Relationship": "Outer","Parallel Aware": true,"Async Capable": false,"Relation Name": "customer","Alias": "customer","Startup Cost": 0.00,"Total Cost": 4210.00,"Plan Rows": 62500,"Plan Width": 148,"Actual Startup Time": 0.023,"Actual Total Time": 24.403,"Actual Rows": 37500,"Actual Loops": 4,"Workers": []}]}]},{"Node Type": "Hash","Parent Relationship": "Inner","Parallel Aware": false,"Async Capable": false,"Startup Cost": 1.25,"Total Cost": 1.25,"Plan Rows": 25,"Plan Width": 108,"Actual Startup Time": 0.099,"Actual Total Time": 0.106,"Actual Rows": 25,"Actual Loops": 4,"Hash Buckets": 1024,"Original Hash Buckets": 1024,"Hash Batches": 1,"Original Hash Batches": 1,"Peak Memory Usage": 10,"Workers": [],"Plans": [{"Node Type": "Seq Scan","Parent Relationship": "Outer","Parallel Aware": false,"Async Capable": false,"Relation Name": "nation","Alias": "nation","Startup Cost": 0.00,"Total Cost": 1.25,"Plan Rows": 25,"Plan Width": 108,"Actual Startup Time": 0.062,"Actual Total Time": 0.071,"Actual Rows": 25,"Actual Loops": 4,"Workers": []}]}]}]}]}]},"Planning Time": 6.540,"Triggers": [],"Execution Time": 634.012}]
[{"Plan": {"Node Type": "Sort","Parallel Aware": false,"Async Capable": false,"Startup Cost": 130975.09,"Total Cost": 131116.14,"Plan Rows": 56420,"Plan Width": 280,"Actual Startup Time": 559.129,"Actual Total Time": 601.162,"Actual Rows": 37859,"Actual Loops": 1,"Sort Key": ["(sum((lineitem.l_extendedprice * ('1'::numeric - lineitem.l_discount)))) DESC"],"Sort Method": "quicksort","Sort Space Used": 9818,"Sort Space Type": "Memory","Plans": [{"Node Type": "Aggregate","Strategy": "Hashed","Partial Mode": "Simple","Parent Relationship": "Outer","Parallel Aware": false,"Async Capable": false,"Startup Cost": 125817.20,"Total Cost": 126522.45,"Plan Rows": 56420,"Plan Width": 280,"Actual Startup Time": 383.531,"Actual Total Time": 530.212,"Actual Rows": 37859,"Actual Loops": 1,"Group Key": ["customer.c_custkey", "nation.n_name"],"Planned Partitions": 0,"HashAgg Batches": 1,"Peak Memory Usage": 26129,"Disk Usage": 0,"Plans": [{"Node Type": "Gather","Parent Relationship": "Outer","Parallel Aware": false,"Async Capable": false,"Startup Cost": 6784.95,"Total Cost": 125111.95,"Plan Rows": 56420,"Plan Width": 260,"Actual Startup Time": 70.081,"Actual Total Time": 265.015,"Actual Rows": 114028,"Actual Loops": 1,"Workers Planned": 3,"Workers Launched": 3,"Single Copy": false,"Plans": [{"Node Type": "Hash Join","Parent Relationship": "Outer","Parallel Aware": false,"Async Capable": false,"Join Type": "Inner","Startup Cost": 5784.95,"Total Cost": 118469.95,"Plan Rows": 18200,"Plan Width": 260,"Actual Startup Time": 62.841,"Actual Total Time": 330.296,"Actual Rows": 28507,"Actual Loops": 4,"Inner Unique": true,"Hash Cond": "(customer.c_nationkey = nation.n_nationkey)","Workers": [],"Plans": [{"Node Type": "Hash Join","Parent Relationship": "Outer","Parallel Aware": true,"Async Capable": false,"Join Type": "Inner","Startup Cost": 5783.38,"Total Cost": 118412.51,"Plan Rows": 18200,"Plan Width": 160,"Actual Startup Time": 62.430,"Actual Total Time": 322.490,"Actual Rows": 28507,"Actual Loops": 4,"Inner Unique": true,"Hash Cond": "(orders.o_custkey = customer.c_custkey)","Workers": [],"Plans": [{"Node Type": "Nested Loop","Parent Relationship": "Outer","Parallel Aware": false,"Async Capable": false,"Join Type": "Inner","Startup Cost": 792.13,"Total Cost": 113373.49,"Plan Rows": 18200,"Plan Width": 16,"Actual Startup Time": 13.021,"Actual Total Time": 238.266,"Actual Rows": 28507,"Actual Loops": 4,"Inner Unique": false,"Workers": [],"Plans": [{"Node Type": "Bitmap Heap Scan","Parent Relationship": "Outer","Parallel Aware": true,"Async Capable": false,"Relation Name": "orders","Alias": "orders","Startup Cost": 791.70,"Total Cost": 27163.94,"Plan Rows": 18482,"Plan Width": 8,"Actual Startup Time": 12.954,"Actual Total Time": 66.534,"Actual Rows": 14234,"Actual Loops": 4,"Recheck Cond": "((o_orderdate >= '1993-03-01'::date) AND (o_orderdate < '1993-06-01 00:00:00'::timestamp without time zone))","Rows Removed by Index Recheck": 0,"Exact Heap Blocks": 3517,"Lossy Heap Blocks": 0,"Workers": [],"Plans": [{"Node Type": "Bitmap Index Scan","Parent Relationship": "Outer","Parallel Aware": false,"Async Capable": false,"Index Name": "idx_orders_orderdate","Startup Cost": 0.00,"Total Cost": 777.38,"Plan Rows": 57295,"Plan Width": 0,"Actual Startup Time": 9.836,"Actual Total Time": 9.842,"Actual Rows": 56934,"Actual Loops": 1,"Index Cond": "((o_orderdate >= '1993-03-01'::date) AND (o_orderdate < '1993-06-01 00:00:00'::timestamp without time zone))","Workers": []}]},{"Node Type": "Index Scan","Parent Relationship": "Inner","Parallel Aware": false,"Async Capable": false,"Scan Direction": "Forward","Index Name": "idx_lineitem_orderkey","Relation Name": "lineitem","Alias": "lineitem","Startup Cost": 0.43,"Total Cost": 4.62,"Plan Rows": 4,"Plan Width": 16,"Actual Startup Time": 0.010,"Actual Total Time": 0.012,"Actual Rows": 2,"Actual Loops": 56934,"Index Cond": "(l_orderkey = orders.o_orderkey)","Rows Removed by Index Recheck": 0,"Filter": "(l_returnflag = 'R'::bpchar)","Rows Removed by Filter": 2,"Workers": []}]},{"Node Type": "Hash","Parent Relationship": "Inner","Parallel Aware": true,"Async Capable": false,"Startup Cost": 4210.00,"Total Cost": 4210.00,"Plan Rows": 62500,"Plan Width": 148,"Actual Startup Time": 48.797,"Actual Total Time": 48.806,"Actual Rows": 37500,"Actual Loops": 4,"Hash Buckets": 262144,"Original Hash Buckets": 262144,"Hash Batches": 1,"Original Hash Batches": 1,"Peak Memory Usage": 29344,"Workers": [],"Plans": [{"Node Type": "Seq Scan","Parent Relationship": "Outer","Parallel Aware": true,"Async Capable": false,"Relation Name": "customer","Alias": "customer","Startup Cost": 0.00,"Total Cost": 4210.00,"Plan Rows": 62500,"Plan Width": 148,"Actual Startup Time": 0.027,"Actual Total Time": 20.617,"Actual Rows": 37500,"Actual Loops": 4,"Workers": []}]}]},{"Node Type": "Hash","Parent Relationship": "Inner","Parallel Aware": false,"Async Capable": false,"Startup Cost": 1.25,"Total Cost": 1.25,"Plan Rows": 25,"Plan Width": 108,"Actual Startup Time": 0.102,"Actual Total Time": 0.108,"Actual Rows": 25,"Actual Loops": 4,"Hash Buckets": 1024,"Original Hash Buckets": 1024,"Hash Batches": 1,"Original Hash Batches": 1,"Peak Memory Usage": 10,"Workers": [],"Plans": [{"Node Type": "Seq Scan","Parent Relationship": "Outer","Parallel Aware": false,"Async Capable": false,"Relation Name": "nation","Alias": "nation","Startup Cost": 0.00,"Total Cost": 1.25,"Plan Rows": 25,"Plan Width": 108,"Actual Startup Time": 0.068,"Actual Total Time": 0.076,"Actual Rows": 25,"Actual Loops": 4,"Workers": []}]}]}]}]}]},"Planning Time": 7.017,"Triggers": [],"Execution Time": 606.974}]
[{"Plan": {"Node Type": "Sort","Parallel Aware": false,"Async Capable": false,"Startup Cost": 128992.79,"Total Cost": 129130.12,"Plan Rows": 54934,"Plan Width": 280,"Actual Startup Time": 576.704,"Actual Total Time": 617.888,"Actual Rows": 37047,"Actual Loops": 1,"Sort Key": ["(sum((lineitem.l_extendedprice * ('1'::numeric - lineitem.l_discount)))) DESC"],"Sort Method": "quicksort","Sort Space Used": 9638,"Sort Space Type": "Memory","Plans": [{"Node Type": "Aggregate","Strategy": "Hashed","Partial Mode": "Simple","Parent Relationship": "Outer","Parallel Aware": false,"Async Capable": false,"Startup Cost": 123981.32,"Total Cost": 124668.00,"Plan Rows": 54934,"Plan Width": 280,"Actual Startup Time": 405.696,"Actual Total Time": 547.631,"Actual Rows": 37047,"Actual Loops": 1,"Group Key": ["customer.c_custkey", "nation.n_name"],"Planned Partitions": 0,"HashAgg Batches": 1,"Peak Memory Usage": 26129,"Disk Usage": 0,"Plans": [{"Node Type": "Gather","Parent Relationship": "Outer","Parallel Aware": false,"Async Capable": false,"Startup Cost": 6765.48,"Total Cost": 123294.65,"Plan Rows": 54934,"Plan Width": 260,"Actual Startup Time": 77.101,"Actual Total Time": 288.603,"Actual Rows": 110515,"Actual Loops": 1,"Workers Planned": 3,"Workers Launched": 3,"Single Copy": false,"Plans": [{"Node Type": "Hash Join","Parent Relationship": "Outer","Parallel Aware": false,"Async Capable": false,"Join Type": "Inner","Startup Cost": 5765.48,"Total Cost": 116801.25,"Plan Rows": 17721,"Plan Width": 260,"Actual Startup Time": 69.802,"Actual Total Time": 351.295,"Actual Rows": 27629,"Actual Loops": 4,"Inner Unique": true,"Hash Cond": "(customer.c_nationkey = nation.n_nationkey)","Workers": [],"Plans": [{"Node Type": "Nested Loop","Parent Relationship": "Outer","Parallel Aware": false,"Async Capable": false,"Join Type": "Inner","Startup Cost": 5763.92,"Total Cost": 116745.28,"Plan Rows": 17721,"Plan Width": 160,"Actual Startup Time": 69.448,"Actual Total Time": 342.448,"Actual Rows": 27629,"Actual Loops": 4,"Inner Unique": false,"Workers": [],"Plans": [{"Node Type": "Hash Join","Parent Relationship": "Outer","Parallel Aware": true,"Async Capable": false,"Join Type": "Inner","Startup Cost": 5763.48,"Total Cost": 32175.66,"Plan Rows": 17995,"Plan Width": 152,"Actual Startup Time": 69.393,"Actual Total Time": 167.356,"Actual Rows": 13816,"Actual Loops": 4,"Inner Unique": true,"Hash Cond": "(orders.o_custkey = customer.c_custkey)","Workers": [],"Plans": [{"Node Type": "Bitmap Heap Scan","Parent Relationship": "Outer","Parallel Aware": true,"Async Capable": false,"Relation Name": "orders","Alias": "orders","Startup Cost": 772.23,"Total Cost": 27137.17,"Plan Rows": 17996,"Plan Width": 8,"Actual Startup Time": 13.220,"Actual Total Time": 67.142,"Actual Rows": 13816,"Actual Loops": 4,"Recheck Cond": "((o_orderdate >= '1993-02-01'::date) AND (o_orderdate < '1993-05-01 00:00:00'::timestamp without time zone))","Rows Removed by Index Recheck": 0,"Exact Heap Blocks": 3458,"Lossy Heap Blocks": 0,"Workers": [],"Plans": [{"Node Type": "Bitmap Index Scan","Parent Relationship": "Outer","Parallel Aware": false,"Async Capable": false,"Index Name": "idx_orders_orderdate","Startup Cost": 0.00,"Total Cost": 758.29,"Plan Rows": 55786,"Plan Width": 0,"Actual Startup Time": 10.104,"Actual Total Time": 10.109,"Actual Rows": 55266,"Actual Loops": 1,"Index Cond": "((o_orderdate >= '1993-02-01'::date) AND (o_orderdate < '1993-05-01 00:00:00'::timestamp without time zone))","Workers": []}]},{"Node Type": "Hash","Parent Relationship": "Inner","Parallel Aware": true,"Async Capable": false,"Startup Cost": 4210.00,"Total Cost": 4210.00,"Plan Rows": 62500,"Plan Width": 148,"Actual Startup Time": 55.605,"Actual Total Time": 55.613,"Actual Rows": 37500,"Actual Loops": 4,"Hash Buckets": 262144,"Original Hash Buckets": 262144,"Hash Batches": 1,"Original Hash Batches": 1,"Peak Memory Usage": 29312,"Workers": [],"Plans": [{"Node Type": "Seq Scan","Parent Relationship": "Outer","Parallel Aware": true,"Async Capable": false,"Relation Name": "customer","Alias": "customer","Startup Cost": 0.00,"Total Cost": 4210.00,"Plan Rows": 62500,"Plan Width": 148,"Actual Startup Time": 0.022,"Actual Total Time": 25.460,"Actual Rows": 37500,"Actual Loops": 4,"Workers": []}]}]},{"Node Type": "Index Scan","Parent Relationship": "Inner","Parallel Aware": false,"Async Capable": false,"Scan Direction": "Forward","Index Name": "idx_lineitem_orderkey","Relation Name": "lineitem","Alias": "lineitem","Startup Cost": 0.43,"Total Cost": 4.66,"Plan Rows": 4,"Plan Width": 16,"Actual Startup Time": 0.010,"Actual Total Time": 0.012,"Actual Rows": 2,"Actual Loops": 55266,"Index Cond": "(l_orderkey = orders.o_orderkey)","Rows Removed by Index Recheck": 0,"Filter": "(l_returnflag = 'R'::bpchar)","Rows Removed by Filter": 2,"Workers": []}]},{"Node Type": "Hash","Parent Relationship": "Inner","Parallel Aware": false,"Async Capable": false,"Startup Cost": 1.25,"Total Cost": 1.25,"Plan Rows": 25,"Plan Width": 108,"Actual Startup Time": 0.078,"Actual Total Time": 0.083,"Actual Rows": 25,"Actual Loops": 4,"Hash Buckets": 1024,"Original Hash Buckets": 1024,"Hash Batches": 1,"Original Hash Batches": 1,"Peak Memory Usage": 10,"Workers": [],"Plans": [{"Node Type": "Seq Scan","Parent Relationship": "Outer","Parallel Aware": false,"Async Capable": false,"Relation Name": "nation","Alias": "nation","Startup Cost": 0.00,"Total Cost": 1.25,"Plan Rows": 25,"Plan Width": 108,"Actual Startup Time": 0.053,"Actual Total Time": 0.057,"Actual Rows": 25,"Actual Loops": 4,"Workers": []}]}]}]}]}]},"Planning Time": 7.802,"Triggers": [],"Execution Time": 623.390}]
[{"Plan": {"Node Type": "Sort","Parallel Aware": false,"Async Capable": false,"Startup Cost": 130505.43,"Total Cost": 130645.60,"Plan Rows": 56065,"Plan Width": 280,"Actual Startup Time": 601.513,"Actual Total Time": 641.580,"Actual Rows": 37018,"Actual Loops": 1,"Sort Key": ["(sum((lineitem.l_extendedprice * ('1'::numeric - lineitem.l_discount)))) DESC"],"Sort Method": "quicksort","Sort Space Used": 9627,"Sort Space Type": "Memory","Plans": [{"Node Type": "Aggregate","Strategy": "Hashed","Partial Mode": "Simple","Parent Relationship": "Outer","Parallel Aware": false,"Async Capable": false,"Startup Cost": 125382.55,"Total Cost": 126083.36,"Plan Rows": 56065,"Plan Width": 280,"Actual Startup Time": 416.495,"Actual Total Time": 572.420,"Actual Rows": 37018,"Actual Loops": 1,"Group Key": ["customer.c_custkey", "nation.n_name"],"Planned Partitions": 0,"HashAgg Batches": 1,"Peak Memory Usage": 26129,"Disk Usage": 0,"Plans": [{"Node Type": "Gather","Parent Relationship": "Outer","Parallel Aware": false,"Async Capable": false,"Startup Cost": 6781.25,"Total Cost": 124681.73,"Plan Rows": 56065,"Plan Width": 260,"Actual Startup Time": 81.623,"Actual Total Time": 288.921,"Actual Rows": 110603,"Actual Loops": 1,"Workers Planned": 3,"Workers Launched": 3,"Single Copy": false,"Plans": [{"Node Type": "Hash Join","Parent Relationship": "Outer","Parallel Aware": false,"Async Capable": false,"Join Type": "Inner","Startup Cost": 5781.25,"Total Cost": 118075.23,"Plan Rows": 18085,"Plan Width": 260,"Actual Startup Time": 74.243,"Actual Total Time": 359.851,"Actual Rows": 27651,"Actual Loops": 4,"Inner Unique": true,"Hash Cond": "(customer.c_nationkey = nation.n_nationkey)","Workers": [],"Plans": [{"Node Type": "Hash Join","Parent Relationship": "Outer","Parallel Aware": true,"Async Capable": false,"Join Type": "Inner","Startup Cost": 5779.68,"Total Cost": 118018.16,"Plan Rows": 18085,"Plan Width": 160,"Actual Startup Time": 73.807,"Actual Total Time": 350.724,"Actual Rows": 27651,"Actual Loops": 4,"Inner Unique": true,"Hash Cond": "(orders.o_custkey = customer.c_custkey)","Workers": [],"Plans": [{"Node Type": "Nested Loop","Parent Relationship": "Outer","Parallel Aware": false,"Async Capable": false,"Join Type": "Inner","Startup Cost": 788.43,"Total Cost": 112979.43,"Plan Rows": 18085,"Plan Width": 16,"Actual Startup Time": 13.351,"Actual Total Time": 248.674,"Actual Rows": 27651,"Actual Loops": 4,"Inner Unique": false,"Workers": [],"Plans": [{"Node Type": "Bitmap Heap Scan","Parent Relationship": "Outer","Parallel Aware": true,"Async Capable": false,"Relation Name": "orders","Alias": "orders","Startup Cost": 788.00,"Total Cost": 27158.49,"Plan Rows": 18366,"Plan Width": 8,"Actual Startup Time": 13.297,"Actual Total Time": 70.614,"Actual Rows": 13866,"Actual Loops": 4,"Recheck Cond": "((o_orderdate >= '1994-02-01'::date) AND (o_orderdate < '1994-05-01 00:00:00'::timestamp without time zone))","Rows Removed by Index Recheck": 0,"Exact Heap Blocks": 3619,"Lossy Heap Blocks": 0,"Workers": [],"Plans": [{"Node Type": "Bitmap Index Scan","Parent Relationship": "Outer","Parallel Aware": false,"Async Capable": false,"Index Name": "idx_orders_orderdate","Startup Cost": 0.00,"Total Cost": 773.77,"Plan Rows": 56934,"Plan Width": 0,"Actual Startup Time": 10.157,"Actual Total Time": 10.161,"Actual Rows": 55462,"Actual Loops": 1,"Index Cond": "((o_orderdate >= '1994-02-01'::date) AND (o_orderdate < '1994-05-01 00:00:00'::timestamp without time zone))","Workers": []}]},{"Node Type": "Index Scan","Parent Relationship": "Inner","Parallel Aware": false,"Async Capable": false,"Scan Direction": "Forward","Index Name": "idx_lineitem_orderkey","Relation Name": "lineitem","Alias": "lineitem","Startup Cost": 0.43,"Total Cost": 4.63,"Plan Rows": 4,"Plan Width": 16,"Actual Startup Time": 0.010,"Actual Total Time": 0.012,"Actual Rows": 2,"Actual Loops": 55462,"Index Cond": "(l_orderkey = orders.o_orderkey)","Rows Removed by Index Recheck": 0,"Filter": "(l_returnflag = 'R'::bpchar)","Rows Removed by Filter": 2,"Workers": []}]},{"Node Type": "Hash","Parent Relationship": "Inner","Parallel Aware": true,"Async Capable": false,"Startup Cost": 4210.00,"Total Cost": 4210.00,"Plan Rows": 62500,"Plan Width": 148,"Actual Startup Time": 59.812,"Actual Total Time": 59.817,"Actual Rows": 37500,"Actual Loops": 4,"Hash Buckets": 262144,"Original Hash Buckets": 262144,"Hash Batches": 1,"Original Hash Batches": 1,"Peak Memory Usage": 29344,"Workers": [],"Plans": [{"Node Type": "Seq Scan","Parent Relationship": "Outer","Parallel Aware": true,"Async Capable": false,"Relation Name": "customer","Alias": "customer","Startup Cost": 0.00,"Total Cost": 4210.00,"Plan Rows": 62500,"Plan Width": 148,"Actual Startup Time": 0.038,"Actual Total Time": 25.477,"Actual Rows": 37500,"Actual Loops": 4,"Workers": []}]}]},{"Node Type": "Hash","Parent Relationship": "Inner","Parallel Aware": false,"Async Capable": false,"Startup Cost": 1.25,"Total Cost": 1.25,"Plan Rows": 25,"Plan Width": 108,"Actual Startup Time": 0.111,"Actual Total Time": 0.116,"Actual Rows": 25,"Actual Loops": 4,"Hash Buckets": 1024,"Original Hash Buckets": 1024,"Hash Batches": 1,"Original Hash Batches": 1,"Peak Memory Usage": 10,"Workers": [],"Plans": [{"Node Type": "Seq Scan","Parent Relationship": "Outer","Parallel Aware": false,"Async Capable": false,"Relation Name": "nation","Alias": "nation","Startup Cost": 0.00,"Total Cost": 1.25,"Plan Rows": 25,"Plan Width": 108,"Actual Startup Time": 0.071,"Actual Total Time": 0.077,"Actual Rows": 25,"Actual Loops": 4,"Workers": []}]}]}]}]}]},"Planning Time": 7.387,"Triggers": [],"Execution Time": 645.928}]
[{"Plan": {"Node Type": "Sort","Parallel Aware": false,"Async Capable": false,"Startup Cost": 132582.38,"Total Cost": 132726.46,"Plan Rows": 57631,"Plan Width": 280,"Actual Startup Time": 594.605,"Actual Total Time": 635.479,"Actual Rows": 38076,"Actual Loops": 1,"Sort Key": ["(sum((lineitem.l_extendedprice * ('1'::numeric - lineitem.l_discount)))) DESC"],"Sort Method": "quicksort","Sort Space Used": 9866,"Sort Space Type": "Memory","Plans": [{"Node Type": "Aggregate","Strategy": "Hashed","Partial Mode": "Simple","Parent Relationship": "Outer","Parallel Aware": false,"Async Capable": false,"Startup Cost": 127304.95,"Total Cost": 128025.33,"Plan Rows": 57631,"Plan Width": 280,"Actual Startup Time": 413.856,"Actual Total Time": 559.474,"Actual Rows": 38076,"Actual Loops": 1,"Group Key": ["customer.c_custkey", "nation.n_name"],"Planned Partitions": 0,"HashAgg Batches": 1,"Peak Memory Usage": 26129,"Disk Usage": 0,"Plans": [{"Node Type": "Gather","Parent Relationship": "Outer","Parallel Aware": false,"Async Capable": false,"Startup Cost": 6801.55,"Total Cost": 126584.56,"Plan Rows": 57631,"Plan Width": 260,"Actual Startup Time": 77.339,"Actual Total Time": 288.422,"Actual Rows": 114347,"Actual Loops": 1,"Workers Planned": 3,"Workers Launched": 3,"Single Copy": false,"Plans": [{"Node Type": "Hash Join","Parent Relationship": "Outer","Parallel Aware": false,"Async Capable": false,"Join Type": "Inner","Startup Cost": 5801.55,"Total Cost": 119821.46,"Plan Rows": 18591,"Plan Width": 260,"Actual Startup Time": 69.518,"Actual Total Time": 357.514,"Actual Rows": 28587,"Actual Loops": 4,"Inner Unique": true,"Hash Cond": "(customer.c_nationkey = nation.n_nationkey)","Workers": [],"Plans": [{"Node Type": "Hash Join","Parent Relationship": "Outer","Parallel Aware": true,"Async Capable": false,"Join Type": "Inner","Startup Cost": 5799.99,"Total Cost": 119762.82,"Plan Rows": 18591,"Plan Width": 160,"Actual Startup Time": 69.031,"Actual Total Time": 348.106,"Actual Rows": 28587,"Actual Loops": 4,"Inner Unique": true,"Hash Cond": "(orders.o_custkey = customer.c_custkey)","Workers": [],"Plans": [{"Node Type": "Nested Loop","Parent Relationship": "Outer","Parallel Aware": false,"Async Capable": false,"Join Type": "Inner","Startup Cost": 808.74,"Total Cost": 114722.77,"Plan Rows": 18591,"Plan Width": 16,"Actual Startup Time": 13.204,"Actual Total Time": 250.327,"Actual Rows": 28587,"Actual Loops": 4,"Inner Unique": false,"Workers": [],"Plans": [{"Node Type": "Bitmap Heap Scan","Parent Relationship": "Outer","Parallel Aware": true,"Async Capable": false,"Relation Name": "orders","Alias": "orders","Startup Cost": 808.31,"Total Cost": 27186.49,"Plan Rows": 18879,"Plan Width": 8,"Actual Startup Time": 13.115,"Actual Total Time": 71.395,"Actual Rows": 14278,"Actual Loops": 4,"Recheck Cond": "((o_orderdate >= '1994-08-01'::date) AND (o_orderdate < '1994-11-01 00:00:00'::timestamp without time zone))","Rows Removed by Index Recheck": 0,"Exact Heap Blocks": 3565,"Lossy Heap Blocks": 0,"Workers": [],"Plans": [{"Node Type": "Bitmap Index Scan","Parent Relationship": "Outer","Parallel Aware": false,"Async Capable": false,"Index Name": "idx_orders_orderdate","Startup Cost": 0.00,"Total Cost": 793.68,"Plan Rows": 58525,"Plan Width": 0,"Actual Startup Time": 9.999,"Actual Total Time": 10.002,"Actual Rows": 57111,"Actual Loops": 1,"Index Cond": "((o_orderdate >= '1994-08-01'::date) AND (o_orderdate < '1994-11-01 00:00:00'::timestamp without time zone))","Workers": []}]},{"Node Type": "Index Scan","Parent Relationship": "Inner","Parallel Aware": false,"Async Capable": false,"Scan Direction": "Forward","Index Name": "idx_lineitem_orderkey","Relation Name": "lineitem","Alias": "lineitem","Startup Cost": 0.43,"Total Cost": 4.60,"Plan Rows": 4,"Plan Width": 16,"Actual Startup Time": 0.010,"Actual Total Time": 0.012,"Actual Rows": 2,"Actual Loops": 57111,"Index Cond": "(l_orderkey = orders.o_orderkey)","Rows Removed by Index Recheck": 0,"Filter": "(l_returnflag = 'R'::bpchar)","Rows Removed by Filter": 2,"Workers": []}]},{"Node Type": "Hash","Parent Relationship": "Inner","Parallel Aware": true,"Async Capable": false,"Startup Cost": 4210.00,"Total Cost": 4210.00,"Plan Rows": 62500,"Plan Width": 148,"Actual Startup Time": 55.208,"Actual Total Time": 55.214,"Actual Rows": 37500,"Actual Loops": 4,"Hash Buckets": 262144,"Original Hash Buckets": 262144,"Hash Batches": 1,"Original Hash Batches": 1,"Peak Memory Usage": 29312,"Workers": [],"Plans": [{"Node Type": "Seq Scan","Parent Relationship": "Outer","Parallel Aware": true,"Async Capable": false,"Relation Name": "customer","Alias": "customer","Startup Cost": 0.00,"Total Cost": 4210.00,"Plan Rows": 62500,"Plan Width": 148,"Actual Startup Time": 0.029,"Actual Total Time": 24.765,"Actual Rows": 37500,"Actual Loops": 4,"Workers": []}]}]},{"Node Type": "Hash","Parent Relationship": "Inner","Parallel Aware": false,"Async Capable": false,"Startup Cost": 1.25,"Total Cost": 1.25,"Plan Rows": 25,"Plan Width": 108,"Actual Startup Time": 0.096,"Actual Total Time": 0.101,"Actual Rows": 25,"Actual Loops": 4,"Hash Buckets": 1024,"Original Hash Buckets": 1024,"Hash Batches": 1,"Original Hash Batches": 1,"Peak Memory Usage": 10,"Workers": [],"Plans": [{"Node Type": "Seq Scan","Parent Relationship": "Outer","Parallel Aware": false,"Async Capable": false,"Relation Name": "nation","Alias": "nation","Startup Cost": 0.00,"Total Cost": 1.25,"Plan Rows": 25,"Plan Width": 108,"Actual Startup Time": 0.058,"Actual Total Time": 0.064,"Actual Rows": 25,"Actual Loops": 4,"Workers": []}]}]}]}]}]},"Planning Time": 6.903,"Triggers": [],"Execution Time": 641.389}]
[{"Plan": {"Node Type": "Sort","Parallel Aware": false,"Async Capable": false,"Startup Cost": 130909.78,"Total Cost": 131050.70,"Plan Rows": 56371,"Plan Width": 280,"Actual Startup Time": 586.743,"Actual Total Time": 630.152,"Actual Rows": 38263,"Actual Loops": 1,"Sort Key": ["(sum((lineitem.l_extendedprice * ('1'::numeric - lineitem.l_discount)))) DESC"],"Sort Method": "quicksort","Sort Space Used": 9899,"Sort Space Type": "Memory","Plans": [{"Node Type": "Aggregate","Strategy": "Hashed","Partial Mode": "Simple","Parent Relationship": "Outer","Parallel Aware": false,"Async Capable": false,"Startup Cost": 125756.71,"Total Cost": 126461.35,"Plan Rows": 56371,"Plan Width": 280,"Actual Startup Time": 417.199,"Actual Total Time": 554.225,"Actual Rows": 38263,"Actual Loops": 1,"Group Key": ["customer.c_custkey", "nation.n_name"],"Planned Partitions": 0,"HashAgg Batches": 1,"Peak Memory Usage": 26129,"Disk Usage": 0,"Plans": [{"Node Type": "Gather","Parent Relationship": "Outer","Parallel Aware": false,"Async Capable": false,"Startup Cost": 6784.43,"Total Cost": 125052.08,"Plan Rows": 56371,"Plan Width": 260,"Actual Startup Time": 75.828,"Actual Total Time": 292.854,"Actual Rows": 114665,"Actual Loops": 1,"Workers Planned": 3,"Workers Launched": 3,"Single Copy": false,"Plans": [{"Node Type": "Hash Join","Parent Relationship": "Outer","Parallel Aware": false,"Async Capable": false,"Join Type": "Inner","Startup Cost": 5784.43,"Total Cost": 118414.98,"Plan Rows": 18184,"Plan Width": 260,"Actual Startup Time": 68.693,"Actual Total Time": 360.677,"Actual Rows": 28666,"Actual Loops": 4,"Inner Unique": true,"Hash Cond": "(customer.c_nationkey = nation.n_nationkey)","Workers": [],"Plans": [{"Node Type": "Hash Join","Parent Relationship": "Outer","Parallel Aware": true,"Async Capable": false,"Join Type": "Inner","Startup Cost": 5782.87,"Total Cost": 118357.59,"Plan Rows": 18184,"Plan Width": 160,"Actual Startup Time": 68.338,"Actual Total Time": 351.919,"Actual Rows": 28666,"Actual Loops": 4,"Inner Unique": true,"Hash Cond": "(orders.o_custkey = customer.c_custkey)","Workers": [],"Plans": [{"Node Type": "Nested Loop","Parent Relationship": "Outer","Parallel Aware": false,"Async Capable": false,"Join Type": "Inner","Startup Cost": 791.62,"Total Cost": 113318.61,"Plan Rows": 18184,"Plan Width": 16,"Actual Startup Time": 13.513,"Actual Total Time": 254.371,"Actual Rows": 28666,"Actual Loops": 4,"Inner Unique": false,"Workers": [],"Plans": [{"Node Type": "Bitmap Heap Scan","Parent Relationship": "Outer","Parallel Aware": true,"Async Capable": false,"Relation Name": "orders","Alias": "orders","Startup Cost": 791.19,"Total Cost": 27163.18,"Plan Rows": 18466,"Plan Width": 8,"Actual Startup Time": 13.445,"Actual Total Time": 71.425,"Actual Rows": 14346,"Actual Loops": 4,"Recheck Cond": "((o_orderdate >= '1994-07-01'::date) AND (o_orderdate < '1994-10-01 00:00:00'::timestamp without time zone))","Rows Removed by Index Recheck": 0,"Exact Heap Blocks": 3489,"Lossy Heap Blocks": 0,"Workers": [],"Plans": [{"Node Type": "Bitmap Index Scan","Parent Relationship": "Outer","Parallel Aware": false,"Async Capable": false,"Index Name": "idx_orders_orderdate","Startup Cost": 0.00,"Total Cost": 776.88,"Plan Rows": 57245,"Plan Width": 0,"Actual Startup Time": 10.310,"Actual Total Time": 10.312,"Actual Rows": 57384,"Actual Loops": 1,"Index Cond": "((o_orderdate >= '1994-07-01'::date) AND (o_orderdate < '1994-10-01 00:00:00'::timestamp without time zone))","Workers": []}]},{"Node Type": "Index Scan","Parent Relationship": "Inner","Parallel Aware": false,"Async Capable": false,"Scan Direction": "Forward","Index Name": "idx_lineitem_orderkey","Relation Name": "lineitem","Alias": "lineitem","Startup Cost": 0.43,"Total Cost": 4.63,"Plan Rows": 4,"Plan Width": 16,"Actual Startup Time": 0.010,"Actual Total Time": 0.012,"Actual Rows": 2,"Actual Loops": 57384,"Index Cond": "(l_orderkey = orders.o_orderkey)","Rows Removed by Index Recheck": 0,"Filter": "(l_returnflag = 'R'::bpchar)","Rows Removed by Filter": 2,"Workers": []}]},{"Node Type": "Hash","Parent Relationship": "Inner","Parallel Aware": true,"Async Capable": false,"Startup Cost": 4210.00,"Total Cost": 4210.00,"Plan Rows": 62500,"Plan Width": 148,"Actual Startup Time": 54.206,"Actual Total Time": 54.213,"Actual Rows": 37500,"Actual Loops": 4,"Hash Buckets": 262144,"Original Hash Buckets": 262144,"Hash Batches": 1,"Original Hash Batches": 1,"Peak Memory Usage": 29312,"Workers": [],"Plans": [{"Node Type": "Seq Scan","Parent Relationship": "Outer","Parallel Aware": true,"Async Capable": false,"Relation Name": "customer","Alias": "customer","Startup Cost": 0.00,"Total Cost": 4210.00,"Plan Rows": 62500,"Plan Width": 148,"Actual Startup Time": 0.020,"Actual Total Time": 23.974,"Actual Rows": 37500,"Actual Loops": 4,"Workers": []}]}]},{"Node Type": "Hash","Parent Relationship": "Inner","Parallel Aware": false,"Async Capable": false,"Startup Cost": 1.25,"Total Cost": 1.25,"Plan Rows": 25,"Plan Width": 108,"Actual Startup Time": 0.080,"Actual Total Time": 0.085,"Actual Rows": 25,"Actual Loops": 4,"Hash Buckets": 1024,"Original Hash Buckets": 1024,"Hash Batches": 1,"Original Hash Batches": 1,"Peak Memory Usage": 10,"Workers": [],"Plans": [{"Node Type": "Seq Scan","Parent Relationship": "Outer","Parallel Aware": false,"Async Capable": false,"Relation Name": "nation","Alias": "nation","Startup Cost": 0.00,"Total Cost": 1.25,"Plan Rows": 25,"Plan Width": 108,"Actual Startup Time": 0.053,"Actual Total Time": 0.059,"Actual Rows": 25,"Actual Loops": 4,"Workers": []}]}]}]}]}]},"Planning Time": 7.471,"Triggers": [],"Execution Time": 636.412}]
[{"Plan": {"Node Type": "Sort","Parallel Aware": false,"Async Capable": false,"Startup Cost": 128172.02,"Total Cost": 128307.83,"Plan Rows": 54323,"Plan Width": 280,"Actual Startup Time": 580.875,"Actual Total Time": 621.555,"Actual Rows": 37633,"Actual Loops": 1,"Sort Key": ["(sum((lineitem.l_extendedprice * ('1'::numeric - lineitem.l_discount)))) DESC"],"Sort Method": "quicksort","Sort Space Used": 9771,"Sort Space Type": "Memory","Plans": [{"Node Type": "Aggregate","Strategy": "Hashed","Partial Mode": "Simple","Parent Relationship": "Outer","Parallel Aware": false,"Async Capable": false,"Startup Cost": 123220.68,"Total Cost": 123899.72,"Plan Rows": 54323,"Plan Width": 280,"Actual Startup Time": 405.186,"Actual Total Time": 549.451,"Actual Rows": 37633,"Actual Loops": 1,"Group Key": ["customer.c_custkey", "nation.n_name"],"Planned Partitions": 0,"HashAgg Batches": 1,"Peak Memory Usage": 26129,"Disk Usage": 0,"Plans": [{"Node Type": "Gather","Parent Relationship": "Outer","Parallel Aware": false,"Async Capable": false,"Startup Cost": 6755.11,"Total Cost": 122541.64,"Plan Rows": 54323,"Plan Width": 260,"Actual Startup Time": 76.087,"Actual Total Time": 280.080,"Actual Rows": 112740,"Actual Loops": 1,"Workers Planned": 3,"Workers Launched": 3,"Single Copy": false,"Plans": [{"Node Type": "Hash Join","Parent Relationship": "Outer","Parallel Aware": false,"Async Capable": false,"Join Type": "Inner","Startup Cost": 5755.11,"Total Cost": 116109.34,"Plan Rows": 17524,"Plan Width": 260,"Actual Startup Time": 69.042,"Actual Total Time": 350.531,"Actual Rows": 28185,"Actual Loops": 4,"Inner Unique": true,"Hash Cond": "(customer.c_nationkey = nation.n_nationkey)","Workers": [],"Plans": [{"Node Type": "Hash Join","Parent Relationship": "Outer","Parallel Aware": true,"Async Capable": false,"Join Type": "Inner","Startup Cost": 5753.55,"Total Cost": 116053.98,"Plan Rows": 17524,"Plan Width": 160,"Actual Startup Time": 68.729,"Actual Total Time": 342.552,"Actual Rows": 28185,"Actual Loops": 4,"Inner Unique": true,"Hash Cond": "(orders.o_custkey = customer.c_custkey)","Workers": [],"Plans": [{"Node Type": "Nested Loop","Parent Relationship": "Outer","Parallel Aware": false,"Async Capable": false,"Join Type": "Inner","Startup Cost": 762.30,"Total Cost": 111016.73,"Plan Rows": 17524,"Plan Width": 16,"Actual Startup Time": 13.194,"Actual Total Time": 245.701,"Actual Rows": 28185,"Actual Loops": 4,"Inner Unique": false,"Workers": [],"Plans": [{"Node Type": "Bitmap Heap Scan","Parent Relationship": "Outer","Parallel Aware": true,"Async Capable": false,"Relation Name": "orders","Alias": "orders","Startup Cost": 761.87,"Total Cost": 27123.80,"Plan Rows": 17795,"Plan Width": 8,"Actual Startup Time": 13.139,"Actual Total Time": 70.147,"Actual Rows": 14108,"Actual Loops": 4,"Recheck Cond": "((o_orderdate >= '1993-04-01'::date) AND (o_orderdate < '1993-07-01 00:00:00'::timestamp without time zone))","Rows Removed by Index Recheck": 0,"Exact Heap Blocks": 3504,"Lossy Heap Blocks": 0,"Workers": [],"Plans": [{"Node Type": "Bitmap Index Scan","Parent Relationship": "Outer","Parallel Aware": false,"Async Capable": false,"Index Name": "idx_orders_orderdate","Startup Cost": 0.00,"Total Cost": 748.08,"Plan Rows": 55165,"Plan Width": 0,"Actual Startup Time": 10.077,"Actual Total Time": 10.080,"Actual Rows": 56434,"Actual Loops": 1,"Index Cond": "((o_orderdate >= '1993-04-01'::date) AND (o_orderdate < '1993-07-01 00:00:00'::timestamp without time zone))","Workers": []}]},{"Node Type": "Index Scan","Parent Relationship": "Inner","Parallel Aware": false,"Async Capable": false,"Scan Direction": "Forward","Index Name": "idx_lineitem_orderkey","Relation Name": "lineitem","Alias": "lineitem","Startup Cost": 0.43,"Total Cost": 4.67,"Plan Rows": 4,"Plan Width": 16,"Actual Startup Time": 0.010,"Actual Total Time": 0.012,"Actual Rows": 2,"Actual Loops": 56434,"Index Cond": "(l_orderkey = orders.o_orderkey)","Rows Removed by Index Recheck": 0,"Filter": "(l_returnflag = 'R'::bpchar)","Rows Removed by Filter": 2,"Workers": []}]},{"Node Type": "Hash","Parent Relationship": "Inner","Parallel Aware": true,"Async Capable": false,"Startup Cost": 4210.00,"Total Cost": 4210.00,"Plan Rows": 62500,"Plan Width": 148,"Actual Startup Time": 54.995,"Actual Total Time": 55.002,"Actual Rows": 37500,"Actual Loops": 4,"Hash Buckets": 262144,"Original Hash Buckets": 262144,"Hash Batches": 1,"Original Hash Batches": 1,"Peak Memory Usage": 29312,"Workers": [],"Plans": [{"Node Type": "Seq Scan","Parent Relationship": "Outer","Parallel Aware": true,"Async Capable": false,"Relation Name": "customer","Alias": "customer","Startup Cost": 0.00,"Total Cost": 4210.00,"Plan Rows": 62500,"Plan Width": 148,"Actual Startup Time": 0.020,"Actual Total Time": 23.497,"Actual Rows": 37500,"Actual Loops": 4,"Workers": []}]}]},{"Node Type": "Hash","Parent Relationship": "Inner","Parallel Aware": false,"Async Capable": false,"Startup Cost": 1.25,"Total Cost": 1.25,"Plan Rows": 25,"Plan Width": 108,"Actual Startup Time": 0.072,"Actual Total Time": 0.079,"Actual Rows": 25,"Actual Loops": 4,"Hash Buckets": 1024,"Original Hash Buckets": 1024,"Hash Batches": 1,"Original Hash Batches": 1,"Peak Memory Usage": 10,"Workers": [],"Plans": [{"Node Type": "Seq Scan","Parent Relationship": "Outer","Parallel Aware": false,"Async Capable": false,"Relation Name": "nation","Alias": "nation","Startup Cost": 0.00,"Total Cost": 1.25,"Plan Rows": 25,"Plan Width": 108,"Actual Startup Time": 0.049,"Actual Total Time": 0.055,"Actual Rows": 25,"Actual Loops": 4,"Workers": []}]}]}]}]}]},"Planning Time": 7.486,"Triggers": [],"Execution Time": 627.374}]
[{"Plan": {"Node Type": "Sort","Parallel Aware": false,"Async Capable": false,"Startup Cost": 128992.79,"Total Cost": 129130.12,"Plan Rows": 54934,"Plan Width": 280,"Actual Startup Time": 576.704,"Actual Total Time": 617.888,"Actual Rows": 37047,"Actual Loops": 1,"Sort Key": ["(sum((lineitem.l_extendedprice * ('1'::numeric - lineitem.l_discount)))) DESC"],"Sort Method": "quicksort","Sort Space Used": 9638,"Sort Space Type": "Memory","Plans": [{"Node Type": "Aggregate","Strategy": "Hashed","Partial Mode": "Simple","Parent Relationship": "Outer","Parallel Aware": false,"Async Capable": false,"Startup Cost": 123981.32,"Total Cost": 124668.00,"Plan Rows": 54934,"Plan Width": 280,"Actual Startup Time": 405.696,"Actual Total Time": 547.631,"Actual Rows": 37047,"Actual Loops": 1,"Group Key": ["customer.c_custkey", "nation.n_name"],"Planned Partitions": 0,"HashAgg Batches": 1,"Peak Memory Usage": 26129,"Disk Usage": 0,"Plans": [{"Node Type": "Gather","Parent Relationship": "Outer","Parallel Aware": false,"Async Capable": false,"Startup Cost": 6765.48,"Total Cost": 123294.65,"Plan Rows": 54934,"Plan Width": 260,"Actual Startup Time": 77.101,"Actual Total Time": 288.603,"Actual Rows": 110515,"Actual Loops": 1,"Workers Planned": 3,"Workers Launched": 3,"Single Copy": false,"Plans": [{"Node Type": "Hash Join","Parent Relationship": "Outer","Parallel Aware": false,"Async Capable": false,"Join Type": "Inner","Startup Cost": 5765.48,"Total Cost": 116801.25,"Plan Rows": 17721,"Plan Width": 260,"Actual Startup Time": 69.802,"Actual Total Time": 351.295,"Actual Rows": 27629,"Actual Loops": 4,"Inner Unique": true,"Hash Cond": "(customer.c_nationkey = nation.n_nationkey)","Workers": [],"Plans": [{"Node Type": "Nested Loop","Parent Relationship": "Outer","Parallel Aware": false,"Async Capable": false,"Join Type": "Inner","Startup Cost": 5763.92,"Total Cost": 116745.28,"Plan Rows": 17721,"Plan Width": 160,"Actual Startup Time": 69.448,"Actual Total Time": 342.448,"Actual Rows": 27629,"Actual Loops": 4,"Inner Unique": false,"Workers": [],"Plans": [{"Node Type": "Hash Join","Parent Relationship": "Outer","Parallel Aware": true,"Async Capable": false,"Join Type": "Inner","Startup Cost": 5763.48,"Total Cost": 32175.66,"Plan Rows": 17995,"Plan Width": 152,"Actual Startup Time": 69.393,"Actual Total Time": 167.356,"Actual Rows": 13816,"Actual Loops": 4,"Inner Unique": true,"Hash Cond": "(orders.o_custkey = customer.c_custkey)","Workers": [],"Plans": [{"Node Type": "Bitmap Heap Scan","Parent Relationship": "Outer","Parallel Aware": true,"Async Capable": false,"Relation Name": "orders","Alias": "orders","Startup Cost": 772.23,"Total Cost": 27137.17,"Plan Rows": 17996,"Plan Width": 8,"Actual Startup Time": 13.220,"Actual Total Time": 67.142,"Actual Rows": 13816,"Actual Loops": 4,"Recheck Cond": "((o_orderdate >= '1993-02-01'::date) AND (o_orderdate < '1993-05-01 00:00:00'::timestamp without time zone))","Rows Removed by Index Recheck": 0,"Exact Heap Blocks": 3458,"Lossy Heap Blocks": 0,"Workers": [],"Plans": [{"Node Type": "Bitmap Index Scan","Parent Relationship": "Outer","Parallel Aware": false,"Async Capable": false,"Index Name": "idx_orders_orderdate","Startup Cost": 0.00,"Total Cost": 758.29,"Plan Rows": 55786,"Plan Width": 0,"Actual Startup Time": 10.104,"Actual Total Time": 10.109,"Actual Rows": 55266,"Actual Loops": 1,"Index Cond": "((o_orderdate >= '1993-02-01'::date) AND (o_orderdate < '1993-05-01 00:00:00'::timestamp without time zone))","Workers": []}]},{"Node Type": "Hash","Parent Relationship": "Inner","Parallel Aware": true,"Async Capable": false,"Startup Cost": 4210.00,"Total Cost": 4210.00,"Plan Rows": 62500,"Plan Width": 148,"Actual Startup Time": 55.605,"Actual Total Time": 55.613,"Actual Rows": 37500,"Actual Loops": 4,"Hash Buckets": 262144,"Original Hash Buckets": 262144,"Hash Batches": 1,"Original Hash Batches": 1,"Peak Memory Usage": 29312,"Workers": [],"Plans": [{"Node Type": "Seq Scan","Parent Relationship": "Outer","Parallel Aware": true,"Async Capable": false,"Relation Name": "customer","Alias": "customer","Startup Cost": 0.00,"Total Cost": 4210.00,"Plan Rows": 62500,"Plan Width": 148,"Actual Startup Time": 0.022,"Actual Total Time": 25.460,"Actual Rows": 37500,"Actual Loops": 4,"Workers": []}]}]},{"Node Type": "Index Scan","Parent Relationship": "Inner","Parallel Aware": false,"Async Capable": false,"Scan Direction": "Forward","Index Name": "idx_lineitem_orderkey","Relation Name": "lineitem","Alias": "lineitem","Startup Cost": 0.43,"Total Cost": 4.66,"Plan Rows": 4,"Plan Width": 16,"Actual Startup Time": 0.010,"Actual Total Time": 0.012,"Actual Rows": 2,"Actual Loops": 55266,"Index Cond": "(l_orderkey = orders.o_orderkey)","Rows Removed by Index Recheck": 0,"Filter": "(l_returnflag = 'R'::bpchar)","Rows Removed by Filter": 2,"Workers": []}]},{"Node Type": "Hash","Parent Relationship": "Inner","Parallel Aware": false,"Async Capable": false,"Startup Cost": 1.25,"Total Cost": 1.25,"Plan Rows": 25,"Plan Width": 108,"Actual Startup Time": 0.078,"Actual Total Time": 0.083,"Actual Rows": 25,"Actual Loops": 4,"Hash Buckets": 1024,"Original Hash Buckets": 1024,"Hash Batches": 1,"Original Hash Batches": 1,"Peak Memory Usage": 10,"Workers": [],"Plans": [{"Node Type": "Seq Scan","Parent Relationship": "Outer","Parallel Aware": false,"Async Capable": false,"Relation Name": "nation","Alias": "nation","Startup Cost": 0.00,"Total Cost": 1.25,"Plan Rows": 25,"Plan Width": 108,"Actual Startup Time": 0.053,"Actual Total Time": 0.057,"Actual Rows": 25,"Actual Loops": 4,"Workers": []}]}]}]}]}]},"Planning Time": 7.802,"Triggers": [],"Execution Time": 623.390}]
[{"Plan": {"Node Type": "Sort","Parallel Aware": false,"Async Capable": false,"Startup Cost": 131330.41,"Total Cost": 131472.12,"Plan Rows": 56686,"Plan Width": 280,"Actual Startup Time": 587.483,"Actual Total Time": 628.086,"Actual Rows": 37925,"Actual Loops": 1,"Sort Key": ["(sum((lineitem.l_extendedprice * ('1'::numeric - lineitem.l_discount)))) DESC"],"Sort Method": "quicksort","Sort Space Used": 9832,"Sort Space Type": "Memory","Plans": [{"Node Type": "Aggregate","Strategy": "Hashed","Partial Mode": "Simple","Parent Relationship": "Outer","Parallel Aware": false,"Async Capable": false,"Startup Cost": 126146.27,"Total Cost": 126854.85,"Plan Rows": 56686,"Plan Width": 280,"Actual Startup Time": 410.388,"Actual Total Time": 556.054,"Actual Rows": 37925,"Actual Loops": 1,"Group Key": ["customer.c_custkey", "nation.n_name"],"Planned Partitions": 0,"HashAgg Batches": 1,"Peak Memory Usage": 26129,"Disk Usage": 0,"Plans": [{"Node Type": "Gather","Parent Relationship": "Outer","Parallel Aware": false,"Async Capable": false,"Startup Cost": 6791.71,"Total Cost": 125437.70,"Plan Rows": 56686,"Plan Width": 260,"Actual Startup Time": 76.070,"Actual Total Time": 284.431,"Actual Rows": 114550,"Actual Loops": 1,"Workers Planned": 3,"Workers Launched": 3,"Single Copy": false,"Plans": [{"Node Type": "Hash Join","Parent Relationship": "Outer","Parallel Aware": false,"Async Capable": false,"Join Type": "Inner","Startup Cost": 5791.71,"Total Cost": 118769.10,"Plan Rows": 18286,"Plan Width": 260,"Actual Startup Time": 68.409,"Actual Total Time": 355.040,"Actual Rows": 28638,"Actual Loops": 4,"Inner Unique": true,"Hash Cond": "(customer.c_nationkey = nation.n_nationkey)","Workers": [],"Plans": [{"Node Type": "Hash Join","Parent Relationship": "Outer","Parallel Aware": true,"Async Capable": false,"Join Type": "Inner","Startup Cost": 5790.15,"Total Cost": 118711.40,"Plan Rows": 18286,"Plan Width": 160,"Actual Startup Time": 67.911,"Actual Total Time": 346.301,"Actual Rows": 28638,"Actual Loops": 4,"Inner Unique": true,"Hash Cond": "(orders.o_custkey = customer.c_custkey)","Workers": [],"Plans": [{"Node Type": "Nested Loop","Parent Relationship": "Outer","Parallel Aware": false,"Async Capable": false,"Join Type": "Inner","Startup Cost": 798.90,"Total Cost": 113672.15,"Plan Rows": 18286,"Plan Width": 16,"Actual Startup Time": 13.342,"Actual Total Time": 249.825,"Actual Rows": 28638,"Actual Loops": 4,"Inner Unique": false,"Workers": [],"Plans": [{"Node Type": "Bitmap Heap Scan","Parent Relationship": "Outer","Parallel Aware": true,"Async Capable": false,"Relation Name": "orders","Alias": "orders","Startup Cost": 798.47,"Total Cost": 27172.01,"Plan Rows": 18569,"Plan Width": 8,"Actual Startup Time": 13.275,"Actual Total Time": 71.340,"Actual Rows": 14284,"Actual Loops": 4,"Recheck Cond": "((o_orderdate >= '1993-08-01'::date) AND (o_orderdate < '1993-11-01 00:00:00'::timestamp without time zone))","Rows Removed by Index Recheck": 0,"Exact Heap Blocks": 3594,"Lossy Heap Blocks": 0,"Workers": [],"Plans": [{"Node Type": "Bitmap Index Scan","Parent Relationship": "Outer","Parallel Aware": false,"Async Capable": false,"Index Name": "idx_orders_orderdate","Startup Cost": 0.00,"Total Cost": 784.08,"Plan Rows": 57565,"Plan Width": 0,"Actual Startup Time": 10.135,"Actual Total Time": 10.136,"Actual Rows": 57138,"Actual Loops": 1,"Index Cond": "((o_orderdate >= '1993-08-01'::date) AND (o_orderdate < '1993-11-01 00:00:00'::timestamp without time zone))","Workers": []}]},{"Node Type": "Index Scan","Parent Relationship": "Inner","Parallel Aware": false,"Async Capable": false,"Scan Direction": "Forward","Index Name": "idx_lineitem_orderkey","Relation Name": "lineitem","Alias": "lineitem","Startup Cost": 0.43,"Total Cost": 4.62,"Plan Rows": 4,"Plan Width": 16,"Actual Startup Time": 0.010,"Actual Total Time": 0.012,"Actual Rows": 2,"Actual Loops": 57138,"Index Cond": "(l_orderkey = orders.o_orderkey)","Rows Removed by Index Recheck": 0,"Filter": "(l_returnflag = 'R'::bpchar)","Rows Removed by Filter": 2,"Workers": []}]},{"Node Type": "Hash","Parent Relationship": "Inner","Parallel Aware": true,"Async Capable": false,"Startup Cost": 4210.00,"Total Cost": 4210.00,"Plan Rows": 62500,"Plan Width": 148,"Actual Startup Time": 53.968,"Actual Total Time": 53.976,"Actual Rows": 37500,"Actual Loops": 4,"Hash Buckets": 262144,"Original Hash Buckets": 262144,"Hash Batches": 1,"Original Hash Batches": 1,"Peak Memory Usage": 29344,"Workers": [],"Plans": [{"Node Type": "Seq Scan","Parent Relationship": "Outer","Parallel Aware": true,"Async Capable": false,"Relation Name": "customer","Alias": "customer","Startup Cost": 0.00,"Total Cost": 4210.00,"Plan Rows": 62500,"Plan Width": 148,"Actual Startup Time": 0.023,"Actual Total Time": 24.403,"Actual Rows": 37500,"Actual Loops": 4,"Workers": []}]}]},{"Node Type": "Hash","Parent Relationship": "Inner","Parallel Aware": false,"Async Capable": false,"Startup Cost": 1.25,"Total Cost": 1.25,"Plan Rows": 25,"Plan Width": 108,"Actual Startup Time": 0.099,"Actual Total Time": 0.106,"Actual Rows": 25,"Actual Loops": 4,"Hash Buckets": 1024,"Original Hash Buckets": 1024,"Hash Batches": 1,"Original Hash Batches": 1,"Peak Memory Usage": 10,"Workers": [],"Plans": [{"Node Type": "Seq Scan","Parent Relationship": "Outer","Parallel Aware": false,"Async Capable": false,"Relation Name": "nation","Alias": "nation","Startup Cost": 0.00,"Total Cost": 1.25,"Plan Rows": 25,"Plan Width": 108,"Actual Startup Time": 0.062,"Actual Total Time": 0.071,"Actual Rows": 25,"Actual Loops": 4,"Workers": []}]}]}]}]}]},"Planning Time": 6.540,"Triggers": [],"Execution Time": 634.012}]
[{"Plan": {"Node Type": "Sort","Parallel Aware": false,"Async Capable": false,"Startup Cost": 131436.35,"Total Cost": 131578.26,"Plan Rows": 56763,"Plan Width": 280,"Actual Startup Time": 596.282,"Actual Total Time": 636.846,"Actual Rows": 38114,"Actual Loops": 1,"Sort Key": ["(sum((lineitem.l_extendedprice * ('1'::numeric - lineitem.l_discount)))) DESC"],"Sort Method": "quicksort","Sort Space Used": 9872,"Sort Space Type": "Memory","Plans": [{"Node Type": "Aggregate","Strategy": "Hashed","Partial Mode": "Simple","Parent Relationship": "Outer","Parallel Aware": false,"Async Capable": false,"Startup Cost": 126244.62,"Total Cost": 126954.16,"Plan Rows": 56763,"Plan Width": 280,"Actual Startup Time": 413.428,"Actual Total Time": 560.180,"Actual Rows": 38114,"Actual Loops": 1,"Group Key": ["customer.c_custkey", "nation.n_name"],"Planned Partitions": 0,"HashAgg Batches": 1,"Peak Memory Usage": 26129,"Disk Usage": 0,"Plans": [{"Node Type": "Gather","Parent Relationship": "Outer","Parallel Aware": false,"Async Capable": false,"Startup Cost": 6792.51,"Total Cost": 125535.08,"Plan Rows": 56763,"Plan Width": 260,"Actual Startup Time": 80.448,"Actual Total Time": 288.766,"Actual Rows": 115292,"Actual Loops": 1,"Workers Planned": 3,"Workers Launched": 3,"Single Copy": false,"Plans": [{"Node Type": "Hash Join","Parent Relationship": "Outer","Parallel Aware": false,"Async Capable": false,"Join Type": "Inner","Startup Cost": 5792.51,"Total Cost": 118858.78,"Plan Rows": 18311,"Plan Width": 260,"Actual Startup Time": 72.950,"Actual Total Time": 358.700,"Actual Rows": 28823,"Actual Loops": 4,"Inner Unique": true,"Hash Cond": "(customer.c_nationkey = nation.n_nationkey)","Workers": [],"Plans": [{"Node Type": "Hash Join","Parent Relationship": "Outer","Parallel Aware": true,"Async Capable": false,"Join Type": "Inner","Startup Cost": 5790.95,"Total Cost": 118801.01,"Plan Rows": 18311,"Plan Width": 160,"Actual Startup Time": 72.543,"Actual Total Time": 350.000,"Actual Rows": 28823,"Actual Loops": 4,"Inner Unique": true,"Hash Cond": "(orders.o_custkey = customer.c_custkey)","Workers": [],"Plans": [{"Node Type": "Nested Loop","Parent Relationship": "Outer","Parallel Aware": false,"Async Capable": false,"Join Type": "Inner","Startup Cost": 799.70,"Total Cost": 113761.69,"Plan Rows": 18311,"Plan Width": 16,"Actual Startup Time": 13.260,"Actual Total Time": 248.922,"Actual Rows": 28823,"Actual Loops": 4,"Inner Unique": false,"Workers": [],"Plans": [{"Node Type": "Bitmap Heap Scan","Parent Relationship": "Outer","Parallel Aware": true,"Async Capable": false,"Relation Name": "orders","Alias": "orders","Startup Cost": 799.27,"Total Cost": 27173.19,"Plan Rows": 18595,"Plan Width": 8,"Actual Startup Time": 13.182,"Actual Total Time": 70.570,"Actual Rows": 14333,"Actual Loops": 4,"Recheck Cond": "((o_orderdate >= '1993-11-01'::date) AND (o_orderdate < '1994-02-01 00:00:00'::timestamp without time zone))","Rows Removed by Index Recheck": 0,"Exact Heap Blocks": 3544,"Lossy Heap Blocks": 0,"Workers": [],"Plans": [{"Node Type": "Bitmap Index Scan","Parent Relationship": "Outer","Parallel Aware": false,"Async Capable": false,"Index Name": "idx_orders_orderdate","Startup Cost": 0.00,"Total Cost": 784.86,"Plan Rows": 57643,"Plan Width": 0,"Actual Startup Time": 10.101,"Actual Total Time": 10.105,"Actual Rows": 57332,"Actual Loops": 1,"Index Cond": "((o_orderdate >= '1993-11-01'::date) AND (o_orderdate < '1994-02-01 00:00:00'::timestamp without time zone))","Workers": []}]},{"Node Type": "Index Scan","Parent Relationship": "Inner","Parallel Aware": false,"Async Capable": false,"Scan Direction": "Forward","Index Name": "idx_lineitem_orderkey","Relation Name": "lineitem","Alias": "lineitem","Startup Cost": 0.43,"Total Cost": 4.62,"Plan Rows": 4,"Plan Width": 16,"Actual Startup Time": 0.010,"Actual Total Time": 0.012,"Actual Rows": 2,"Actual Loops": 57332,"Index Cond": "(l_orderkey = orders.o_orderkey)","Rows Removed by Index Recheck": 0,"Filter": "(l_returnflag = 'R'::bpchar)","Rows Removed by Filter": 2,"Workers": []}]},{"Node Type": "Hash","Parent Relationship": "Inner","Parallel Aware": true,"Async Capable": false,"Startup Cost": 4210.00,"Total Cost": 4210.00,"Plan Rows": 62500,"Plan Width": 148,"Actual Startup Time": 58.656,"Actual Total Time": 58.664,"Actual Rows": 37500,"Actual Loops": 4,"Hash Buckets": 262144,"Original Hash Buckets": 262144,"Hash Batches": 1,"Original Hash Batches": 1,"Peak Memory Usage": 29312,"Workers": [],"Plans": [{"Node Type": "Seq Scan","Parent Relationship": "Outer","Parallel Aware": true,"Async Capable": false,"Relation Name": "customer","Alias": "customer","Startup Cost": 0.00,"Total Cost": 4210.00,"Plan Rows": 62500,"Plan Width": 148,"Actual Startup Time": 0.024,"Actual Total Time": 26.516,"Actual Rows": 37500,"Actual Loops": 4,"Workers": []}]}]},{"Node Type": "Hash","Parent Relationship": "Inner","Parallel Aware": false,"Async Capable": false,"Startup Cost": 1.25,"Total Cost": 1.25,"Plan Rows": 25,"Plan Width": 108,"Actual Startup Time": 0.099,"Actual Total Time": 0.104,"Actual Rows": 25,"Actual Loops": 4,"Hash Buckets": 1024,"Original Hash Buckets": 1024,"Hash Batches": 1,"Original Hash Batches": 1,"Peak Memory Usage": 10,"Workers": [],"Plans": [{"Node Type": "Seq Scan","Parent Relationship": "Outer","Parallel Aware": false,"Async Capable": false,"Relation Name": "nation","Alias": "nation","Startup Cost": 0.00,"Total Cost": 1.25,"Plan Rows": 25,"Plan Width": 108,"Actual Startup Time": 0.069,"Actual Total Time": 0.076,"Actual Rows": 25,"Actual Loops": 4,"Workers": []}]}]}]}]}]},"Planning Time": 7.017,"Triggers": [],"Execution Time": 642.875}]
[{"Plan": {"Node Type": "Sort","Parallel Aware": false,"Async Capable": false,"Startup Cost": 131375.21,"Total Cost": 131517.01,"Plan Rows": 56721,"Plan Width": 280,"Actual Startup Time": 563.067,"Actual Total Time": 603.830,"Actual Rows": 37302,"Actual Loops": 1,"Sort Key": ["(sum((lineitem.l_extendedprice * ('1'::numeric - lineitem.l_discount)))) DESC"],"Sort Method": "quicksort","Sort Space Used": 9696,"Sort Space Type": "Memory","Plans": [{"Node Type": "Aggregate","Strategy": "Hashed","Partial Mode": "Simple","Parent Relationship": "Outer","Parallel Aware": false,"Async Capable": false,"Startup Cost": 126187.62,"Total Cost": 126896.63,"Plan Rows": 56721,"Plan Width": 280,"Actual Startup Time": 390.529,"Actual Total Time": 528.800,"Actual Rows": 37302,"Actual Loops": 1,"Group Key": ["customer.c_custkey", "nation.n_name"],"Planned Partitions": 0,"HashAgg Batches": 1,"Peak Memory Usage": 26129,"Disk Usage": 0,"Plans": [{"Node Type": "Gather","Parent Relationship": "Outer","Parallel Aware": false,"Async Capable": false,"Startup Cost": 6792.07,"Total Cost": 125478.61,"Plan Rows": 56721,"Plan Width": 260,"Actual Startup Time": 74.264,"Actual Total Time": 271.853,"Actual Rows": 111987,"Actual Loops": 1,"Workers Planned": 3,"Workers Launched": 3,"Single Copy": false,"Plans": [{"Node Type": "Hash Join","Parent Relationship": "Outer","Parallel Aware": false,"Async Capable": false,"Join Type": "Inner","Startup Cost": 5792.07,"Total Cost": 118806.51,"Plan Rows": 18297,"Plan Width": 260,"Actual Startup Time": 66.885,"Actual Total Time": 338.409,"Actual Rows": 27997,"Actual Loops": 4,"Inner Unique": true,"Hash Cond": "(customer.c_nationkey = nation.n_nationkey)","Workers": [],"Plans": [{"Node Type": "Hash Join","Parent Relationship": "Outer","Parallel Aware": true,"Async Capable": false,"Join Type": "Inner","Startup Cost": 5790.51,"Total Cost": 118748.77,"Plan Rows": 18297,"Plan Width": 160,"Actual Startup Time": 66.491,"Actual Total Time": 330.614,"Actual Rows": 27997,"Actual Loops": 4,"Inner Unique": true,"Hash Cond": "(orders.o_custkey = customer.c_custkey)","Workers": [],"Plans": [{"Node Type": "Nested Loop","Parent Relationship": "Outer","Parallel Aware": false,"Async Capable": false,"Join Type": "Inner","Startup Cost": 799.26,"Total Cost": 113709.49,"Plan Rows": 18297,"Plan Width": 16,"Actual Startup Time": 13.178,"Actual Total Time": 239.311,"Actual Rows": 27997,"Actual Loops": 4,"Inner Unique": false,"Workers": [],"Plans": [{"Node Type": "Bitmap Heap Scan","Parent Relationship": "Outer","Parallel Aware": true,"Async Capable": false,"Relation Name": "orders","Alias": "orders","Startup Cost": 798.83,"Total Cost": 27172.54,"Plan Rows": 18580,"Plan Width": 8,"Actual Startup Time": 13.117,"Actual Total Time": 66.928,"Actual Rows": 13993,"Actual Loops": 4,"Recheck Cond": "((o_orderdate >= '1993-12-01'::date) AND (o_orderdate < '1994-03-01 00:00:00'::timestamp without time zone))","Rows Removed by Index Recheck": 0,"Exact Heap Blocks": 3558,"Lossy Heap Blocks": 0,"Workers": [],"Plans": [{"Node Type": "Bitmap Index Scan","Parent Relationship": "Outer","Parallel Aware": false,"Async Capable": false,"Index Name": "idx_orders_orderdate","Startup Cost": 0.00,"Total Cost": 784.43,"Plan Rows": 57600,"Plan Width": 0,"Actual Startup Time": 10.042,"Actual Total Time": 10.048,"Actual Rows": 55973,"Actual Loops": 1,"Index Cond": "((o_orderdate >= '1993-12-01'::date) AND (o_orderdate < '1994-03-01 00:00:00'::timestamp without time zone))","Workers": []}]},{"Node Type": "Index Scan","Parent Relationship": "Inner","Parallel Aware": false,"Async Capable": false,"Scan Direction": "Forward","Index Name": "idx_lineitem_orderkey","Relation Name": "lineitem","Alias": "lineitem","Startup Cost": 0.43,"Total Cost": 4.62,"Plan Rows": 4,"Plan Width": 16,"Actual Startup Time": 0.010,"Actual Total Time": 0.012,"Actual Rows": 2,"Actual Loops": 55973,"Index Cond": "(l_orderkey = orders.o_orderkey)","Rows Removed by Index Recheck": 0,"Filter": "(l_returnflag = 'R'::bpchar)","Rows Removed by Filter": 2,"Workers": []}]},{"Node Type": "Hash","Parent Relationship": "Inner","Parallel Aware": true,"Async Capable": false,"Startup Cost": 4210.00,"Total Cost": 4210.00,"Plan Rows": 62500,"Plan Width": 148,"Actual Startup Time": 52.746,"Actual Total Time": 52.755,"Actual Rows": 37500,"Actual Loops": 4,"Hash Buckets": 262144,"Original Hash Buckets": 262144,"Hash Batches": 1,"Original Hash Batches": 1,"Peak Memory Usage": 29312,"Workers": [],"Plans": [{"Node Type": "Seq Scan","Parent Relationship": "Outer","Parallel Aware": true,"Async Capable": false,"Relation Name": "customer","Alias": "customer","Startup Cost": 0.00,"Total Cost": 4210.00,"Plan Rows": 62500,"Plan Width": 148,"Actual Startup Time": 0.028,"Actual Total Time": 23.004,"Actual Rows": 37500,"Actual Loops": 4,"Workers": []}]}]},{"Node Type": "Hash","Parent Relationship": "Inner","Parallel Aware": false,"Async Capable": false,"Startup Cost": 1.25,"Total Cost": 1.25,"Plan Rows": 25,"Plan Width": 108,"Actual Startup Time": 0.099,"Actual Total Time": 0.105,"Actual Rows": 25,"Actual Loops": 4,"Hash Buckets": 1024,"Original Hash Buckets": 1024,"Hash Batches": 1,"Original Hash Batches": 1,"Peak Memory Usage": 10,"Workers": [],"Plans": [{"Node Type": "Seq Scan","Parent Relationship": "Outer","Parallel Aware": false,"Async Capable": false,"Relation Name": "nation","Alias": "nation","Startup Cost": 0.00,"Total Cost": 1.25,"Plan Rows": 25,"Plan Width": 108,"Actual Startup Time": 0.067,"Actual Total Time": 0.074,"Actual Rows": 25,"Actual Loops": 4,"Workers": []}]}]}]}]}]},"Planning Time": 6.321,"Triggers": [],"Execution Time": 609.357}]
[{"Plan": {"Node Type": "Sort","Parallel Aware": false,"Async Capable": false,"Startup Cost": 132166.82,"Total Cost": 132310.11,"Plan Rows": 57318,"Plan Width": 280,"Actual Startup Time": 590.000,"Actual Total Time": 630.537,"Actual Rows": 37972,"Actual Loops": 1,"Sort Key": ["(sum((lineitem.l_extendedprice * ('1'::numeric - lineitem.l_discount)))) DESC"],"Sort Method": "quicksort","Sort Space Used": 9843,"Sort Space Type": "Memory","Plans": [{"Node Type": "Aggregate","Strategy": "Hashed","Partial Mode": "Simple","Parent Relationship": "Outer","Parallel Aware": false,"Async Capable": false,"Startup Cost": 126920.30,"Total Cost": 127636.77,"Plan Rows": 57318,"Plan Width": 280,"Actual Startup Time": 413.108,"Actual Total Time": 556.129,"Actual Rows": 37972,"Actual Loops": 1,"Group Key": ["customer.c_custkey", "nation.n_name"],"Planned Partitions": 0,"HashAgg Batches": 1,"Peak Memory Usage": 26129,"Disk Usage": 0,"Plans": [{"Node Type": "Gather","Parent Relationship": "Outer","Parallel Aware": false,"Async Capable": false,"Startup Cost": 6798.29,"Total Cost": 126203.82,"Plan Rows": 57318,"Plan Width": 260,"Actual Startup Time": 77.619,"Actual Total Time": 286.194,"Actual Rows": 114459,"Actual Loops": 1,"Workers Planned": 3,"Workers Launched": 3,"Single Copy": false,"Plans": [{"Node Type": "Hash Join","Parent Relationship": "Outer","Parallel Aware": false,"Async Capable": false,"Join Type": "Inner","Startup Cost": 5798.29,"Total Cost": 119472.02,"Plan Rows": 18490,"Plan Width": 260,"Actual Startup Time": 70.122,"Actual Total Time": 358.029,"Actual Rows": 28615,"Actual Loops": 4,"Inner Unique": true,"Hash Cond": "(customer.c_nationkey = nation.n_nationkey)","Workers": [],"Plans": [{"Node Type": "Hash Join","Parent Relationship": "Outer","Parallel Aware": true,"Async Capable": false,"Join Type": "Inner","Startup Cost": 5796.73,"Total Cost": 119413.69,"Plan Rows": 18490,"Plan Width": 160,"Actual Startup Time": 69.815,"Actual Total Time": 349.575,"Actual Rows": 28615,"Actual Loops": 4,"Inner Unique": true,"Hash Cond": "(orders.o_custkey = customer.c_custkey)","Workers": [],"Plans": [{"Node Type": "Nested Loop","Parent Relationship": "Outer","Parallel Aware": false,"Async Capable": false,"Join Type": "Inner","Startup Cost": 805.48,"Total Cost": 114373.91,"Plan Rows": 18490,"Plan Width": 16,"Actual Startup Time": 13.081,"Actual Total Time": 249.954,"Actual Rows": 28615,"Actual Loops": 4,"Inner Unique": false,"Workers": [],"Plans": [{"Node Type": "Bitmap Heap Scan","Parent Relationship": "Outer","Parallel Aware": true,"Async Capable": false,"Relation Name": "orders","Alias": "orders","Startup Cost": 805.05,"Total Cost": 27181.70,"Plan Rows": 18776,"Plan Width": 8,"Actual Startup Time": 13.019,"Actual Total Time": 71.418,"Actual Rows": 14305,"Actual Loops": 4,"Recheck Cond": "((o_orderdate >= '1994-10-01'::date) AND (o_orderdate < '1995-01-01 00:00:00'::timestamp without time zone))","Rows Removed by Index Recheck": 0,"Exact Heap Blocks": 3518,"Lossy Heap Blocks": 0,"Workers": [],"Plans": [{"Node Type": "Bitmap Index Scan","Parent Relationship": "Outer","Parallel Aware": false,"Async Capable": false,"Index Name": "idx_orders_orderdate","Startup Cost": 0.00,"Total Cost": 790.50,"Plan Rows": 58207,"Plan Width": 0,"Actual Startup Time": 9.954,"Actual Total Time": 9.955,"Actual Rows": 57219,"Actual Loops": 1,"Index Cond": "((o_orderdate >= '1994-10-01'::date) AND (o_orderdate < '1995-01-01 00:00:00'::timestamp without time zone))","Workers": []}]},{"Node Type": "Index Scan","Parent Relationship": "Inner","Parallel Aware": false,"Async Capable": false,"Scan Direction": "Forward","Index Name": "idx_lineitem_orderkey","Relation Name": "lineitem","Alias": "lineitem","Startup Cost": 0.43,"Total Cost": 4.60,"Plan Rows": 4,"Plan Width": 16,"Actual Startup Time": 0.010,"Actual Total Time": 0.012,"Actual Rows": 2,"Actual Loops": 57219,"Index Cond": "(l_orderkey = orders.o_orderkey)","Rows Removed by Index Recheck": 0,"Filter": "(l_returnflag = 'R'::bpchar)","Rows Removed by Filter": 2,"Workers": []}]},{"Node Type": "Hash","Parent Relationship": "Inner","Parallel Aware": true,"Async Capable": false,"Startup Cost": 4210.00,"Total Cost": 4210.00,"Plan Rows": 62500,"Plan Width": 148,"Actual Startup Time": 56.184,"Actual Total Time": 56.192,"Actual Rows": 37500,"Actual Loops": 4,"Hash Buckets": 262144,"Original Hash Buckets": 262144,"Hash Batches": 1,"Original Hash Batches": 1,"Peak Memory Usage": 29344,"Workers": [],"Plans": [{"Node Type": "Seq Scan","Parent Relationship": "Outer","Parallel Aware": true,"Async Capable": false,"Relation Name": "customer","Alias": "customer","Startup Cost": 0.00,"Total Cost": 4210.00,"Plan Rows": 62500,"Plan Width": 148,"Actual Startup Time": 0.017,"Actual Total Time": 25.696,"Actual Rows": 37500,"Actual Loops": 4,"Workers": []}]}]},{"Node Type": "Hash","Parent Relationship": "Inner","Parallel Aware": false,"Async Capable": false,"Startup Cost": 1.25,"Total Cost": 1.25,"Plan Rows": 25,"Plan Width": 108,"Actual Startup Time": 0.071,"Actual Total Time": 0.075,"Actual Rows": 25,"Actual Loops": 4,"Hash Buckets": 1024,"Original Hash Buckets": 1024,"Hash Batches": 1,"Original Hash Batches": 1,"Peak Memory Usage": 10,"Workers": [],"Plans": [{"Node Type": "Seq Scan","Parent Relationship": "Outer","Parallel Aware": false,"Async Capable": false,"Relation Name": "nation","Alias": "nation","Startup Cost": 0.00,"Total Cost": 1.25,"Plan Rows": 25,"Plan Width": 108,"Actual Startup Time": 0.050,"Actual Total Time": 0.053,"Actual Rows": 25,"Actual Loops": 4,"Workers": []}]}]}]}]}]},"Planning Time": 7.724,"Triggers": [],"Execution Time": 636.921}]
[{"Plan": {"Node Type": "Sort","Parallel Aware": false,"Async Capable": false,"Startup Cost": 130809.03,"Total Cost": 130949.76,"Plan Rows": 56293,"Plan Width": 280,"Actual Startup Time": 582.640,"Actual Total Time": 623.609,"Actual Rows": 37618,"Actual Loops": 1,"Sort Key": ["(sum((lineitem.l_extendedprice * ('1'::numeric - lineitem.l_discount)))) DESC"],"Sort Method": "quicksort","Sort Space Used": 9764,"Sort Space Type": "Memory","Plans": [{"Node Type": "Aggregate","Strategy": "Hashed","Partial Mode": "Simple","Parent Relationship": "Outer","Parallel Aware": false,"Async Capable": false,"Startup Cost": 125663.66,"Total Cost": 126367.32,"Plan Rows": 56293,"Plan Width": 280,"Actual Startup Time": 404.905,"Actual Total Time": 550.580,"Actual Rows": 37618,"Actual Loops": 1,"Group Key": ["customer.c_custkey", "nation.n_name"],"Planned Partitions": 0,"HashAgg Batches": 1,"Peak Memory Usage": 26129,"Disk Usage": 0,"Plans": [{"Node Type": "Gather","Parent Relationship": "Outer","Parallel Aware": false,"Async Capable": false,"Startup Cost": 6783.62,"Total Cost": 124960.00,"Plan Rows": 56293,"Plan Width": 260,"Actual Startup Time": 77.508,"Actual Total Time": 283.856,"Actual Rows": 113037,"Actual Loops": 1,"Workers Planned": 3,"Workers Launched": 3,"Single Copy": false,"Plans": [{"Node Type": "Hash Join","Parent Relationship": "Outer","Parallel Aware": false,"Async Capable": false,"Join Type": "Inner","Startup Cost": 5783.62,"Total Cost": 118330.70,"Plan Rows": 18159,"Plan Width": 260,"Actual Startup Time": 69.943,"Actual Total Time": 350.172,"Actual Rows": 28259,"Actual Loops": 4,"Inner Unique": true,"Hash Cond": "(customer.c_nationkey = nation.n_nationkey)","Workers": [],"Plans": [{"Node Type": "Hash Join","Parent Relationship": "Outer","Parallel Aware": true,"Async Capable": false,"Join Type": "Inner","Startup Cost": 5782.06,"Total Cost": 118273.39,"Plan Rows": 18159,"Plan Width": 160,"Actual Startup Time": 69.505,"Actual Total Time": 341.161,"Actual Rows": 28259,"Actual Loops": 4,"Inner Unique": true,"Hash Cond": "(orders.o_custkey = customer.c_custkey)","Workers": [],"Plans": [{"Node Type": "Nested Loop","Parent Relationship": "Outer","Parallel Aware": false,"Async Capable": false,"Join Type": "Inner","Startup Cost": 790.81,"Total Cost": 113234.47,"Plan Rows": 18159,"Plan Width": 16,"Actual Startup Time": 13.628,"Actual Total Time": 244.904,"Actual Rows": 28259,"Actual Loops": 4,"Inner Unique": false,"Workers": [],"Plans": [{"Node Type": "Bitmap Heap Scan","Parent Relationship": "Outer","Parallel Aware": true,"Async Capable": false,"Relation Name": "orders","Alias": "orders","Startup Cost": 790.38,"Total Cost": 27161.99,"Plan Rows": 18441,"Plan Width": 8,"Actual Startup Time": 13.544,"Actual Total Time": 67.991,"Actual Rows": 14129,"Actual Loops": 4,"Recheck Cond": "((o_orderdate >= '1994-09-01'::date) AND (o_orderdate < '1994-12-01 00:00:00'::timestamp without time zone))","Rows Removed by Index Recheck": 0,"Exact Heap Blocks": 3515,"Lossy Heap Blocks": 0,"Workers": [],"Plans": [{"Node Type": "Bitmap Index Scan","Parent Relationship": "Outer","Parallel Aware": false,"Async Capable": false,"Index Name": "idx_orders_orderdate","Startup Cost": 0.00,"Total Cost": 776.09,"Plan Rows": 57166,"Plan Width": 0,"Actual Startup Time": 10.241,"Actual Total Time": 10.248,"Actual Rows": 56516,"Actual Loops": 1,"Index Cond": "((o_orderdate >= '1994-09-01'::date) AND (o_orderdate < '1994-12-01 00:00:00'::timestamp without time zone))","Workers": []}]},{"Node Type": "Index Scan","Parent Relationship": "Inner","Parallel Aware": false,"Async Capable": false,"Scan Direction": "Forward","Index Name": "idx_lineitem_orderkey","Relation Name": "lineitem","Alias": "lineitem","Startup Cost": 0.43,"Total Cost": 4.63,"Plan Rows": 4,"Plan Width": 16,"Actual Startup Time": 0.010,"Actual Total Time": 0.012,"Actual Rows": 2,"Actual Loops": 56516,"Index Cond": "(l_orderkey = orders.o_orderkey)","Rows Removed by Index Recheck": 0,"Filter": "(l_returnflag = 'R'::bpchar)","Rows Removed by Filter": 2,"Workers": []}]},{"Node Type": "Hash","Parent Relationship": "Inner","Parallel Aware": true,"Async Capable": false,"Startup Cost": 4210.00,"Total Cost": 4210.00,"Plan Rows": 62500,"Plan Width": 148,"Actual Startup Time": 55.246,"Actual Total Time": 55.254,"Actual Rows": 37500,"Actual Loops": 4,"Hash Buckets": 262144,"Original Hash Buckets": 262144,"Hash Batches": 1,"Original Hash Batches": 1,"Peak Memory Usage": 29280,"Workers": [],"Plans": [{"Node Type": "Seq Scan","Parent Relationship": "Outer","Parallel Aware": true,"Async Capable": false,"Relation Name": "customer","Alias": "customer","Startup Cost": 0.00,"Total Cost": 4210.00,"Plan Rows": 62500,"Plan Width": 148,"Actual Startup Time": 0.029,"Actual Total Time": 24.927,"Actual Rows": 37500,"Actual Loops": 4,"Workers": []}]}]},{"Node Type": "Hash","Parent Relationship": "Inner","Parallel Aware": false,"Async Capable": false,"Startup Cost": 1.25,"Total Cost": 1.25,"Plan Rows": 25,"Plan Width": 108,"Actual Startup Time": 0.092,"Actual Total Time": 0.096,"Actual Rows": 25,"Actual Loops": 4,"Hash Buckets": 1024,"Original Hash Buckets": 1024,"Hash Batches": 1,"Original Hash Batches": 1,"Peak Memory Usage": 10,"Workers": [],"Plans": [{"Node Type": "Seq Scan","Parent Relationship": "Outer","Parallel Aware": false,"Async Capable": false,"Relation Name": "nation","Alias": "nation","Startup Cost": 0.00,"Total Cost": 1.25,"Plan Rows": 25,"Plan Width": 108,"Actual Startup Time": 0.062,"Actual Total Time": 0.068,"Actual Rows": 25,"Actual Loops": 4,"Workers": []}]}]}]}]}]},"Planning Time": 5.868,"Triggers": [],"Execution Time": 629.137}]
[{"Plan": {"Node Type": "Sort","Parallel Aware": false,"Async Capable": false,"Startup Cost": 132260.34,"Total Cost": 132403.81,"Plan Rows": 57388,"Plan Width": 280,"Actual Startup Time": 619.828,"Actual Total Time": 659.334,"Actual Rows": 38182,"Actual Loops": 1,"Sort Key": ["(sum((lineitem.l_extendedprice * ('1'::numeric - lineitem.l_discount)))) DESC"],"Sort Method": "quicksort","Sort Space Used": 9879,"Sort Space Type": "Memory","Plans": [{"Node Type": "Aggregate","Strategy": "Hashed","Partial Mode": "Simple","Parent Relationship": "Outer","Parallel Aware": false,"Async Capable": false,"Startup Cost": 127006.91,"Total Cost": 127724.26,"Plan Rows": 57388,"Plan Width": 280,"Actual Startup Time": 430.185,"Actual Total Time": 588.903,"Actual Rows": 38182,"Actual Loops": 1,"Group Key": ["customer.c_custkey", "nation.n_name"],"Planned Partitions": 0,"HashAgg Batches": 1,"Peak Memory Usage": 26129,"Disk Usage": 0,"Plans": [{"Node Type": "Gather","Parent Relationship": "Outer","Parallel Aware": false,"Async Capable": false,"Startup Cost": 6799.02,"Total Cost": 126289.56,"Plan Rows": 57388,"Plan Width": 260,"Actual Startup Time": 89.737,"Actual Total Time": 296.974,"Actual Rows": 115050,"Actual Loops": 1,"Workers Planned": 3,"Workers Launched": 3,"Single Copy": false,"Plans": [{"Node Type": "Hash Join","Parent Relationship": "Outer","Parallel Aware": false,"Async Capable": false,"Join Type": "Inner","Startup Cost": 5799.02,"Total Cost": 119550.76,"Plan Rows": 18512,"Plan Width": 260,"Actual Startup Time": 82.322,"Actual Total Time": 373.404,"Actual Rows": 28762,"Actual Loops": 4,"Inner Unique": true,"Hash Cond": "(customer.c_nationkey = nation.n_nationkey)","Workers": [],"Plans": [{"Node Type": "Hash Join","Parent Relationship": "Outer","Parallel Aware": true,"Async Capable": false,"Join Type": "Inner","Startup Cost": 5797.46,"Total Cost": 119492.37,"Plan Rows": 18512,"Plan Width": 160,"Actual Startup Time": 81.937,"Actual Total Time": 363.986,"Actual Rows": 28762,"Actual Loops": 4,"Inner Unique": true,"Hash Cond": "(orders.o_custkey = customer.c_custkey)","Workers": [],"Plans": [{"Node Type": "Nested Loop","Parent Relationship": "Outer","Parallel Aware": false,"Async Capable": false,"Join Type": "Inner","Startup Cost": 806.21,"Total Cost": 114452.53,"Plan Rows": 18513,"Plan Width": 16,"Actual Startup Time": 13.433,"Actual Total Time": 253.545,"Actual Rows": 28762,"Actual Loops": 4,"Inner Unique": false,"Workers": [],"Plans": [{"Node Type": "Bitmap Heap Scan","Parent Relationship": "Outer","Parallel Aware": true,"Async Capable": false,"Relation Name": "orders","Alias": "orders","Startup Cost": 805.78,"Total Cost": 27182.77,"Plan Rows": 18799,"Plan Width": 8,"Actual Startup Time": 13.373,"Actual Total Time": 70.825,"Actual Rows": 14368,"Actual Loops": 4,"Recheck Cond": "((o_orderdate >= '1994-06-01'::date) AND (o_orderdate < '1994-09-01 00:00:00'::timestamp without time zone))","Rows Removed by Index Recheck": 0,"Exact Heap Blocks": 3680,"Lossy Heap Blocks": 0,"Workers": [],"Plans": [{"Node Type": "Bitmap Index Scan","Parent Relationship": "Outer","Parallel Aware": false,"Async Capable": false,"Index Name": "idx_orders_orderdate","Startup Cost": 0.00,"Total Cost": 791.21,"Plan Rows": 58278,"Plan Width": 0,"Actual Startup Time": 10.272,"Actual Total Time": 10.276,"Actual Rows": 57474,"Actual Loops": 1,"Index Cond": "((o_orderdate >= '1994-06-01'::date) AND (o_orderdate < '1994-09-01 00:00:00'::timestamp without time zone))","Workers": []}]},{"Node Type": "Index Scan","Parent Relationship": "Inner","Parallel Aware": false,"Async Capable": false,"Scan Direction": "Forward","Index Name": "idx_lineitem_orderkey","Relation Name": "lineitem","Alias": "lineitem","Startup Cost": 0.43,"Total Cost": 4.60,"Plan Rows": 4,"Plan Width": 16,"Actual Startup Time": 0.010,"Actual Total Time": 0.012,"Actual Rows": 2,"Actual Loops": 57474,"Index Cond": "(l_orderkey = orders.o_orderkey)","Rows Removed by Index Recheck": 0,"Filter": "(l_returnflag = 'R'::bpchar)","Rows Removed by Filter": 2,"Workers": []}]},{"Node Type": "Hash","Parent Relationship": "Inner","Parallel Aware": true,"Async Capable": false,"Startup Cost": 4210.00,"Total Cost": 4210.00,"Plan Rows": 62500,"Plan Width": 148,"Actual Startup Time": 67.921,"Actual Total Time": 67.927,"Actual Rows": 37500,"Actual Loops": 4,"Hash Buckets": 262144,"Original Hash Buckets": 262144,"Hash Batches": 1,"Original Hash Batches": 1,"Peak Memory Usage": 29312,"Workers": [],"Plans": [{"Node Type": "Seq Scan","Parent Relationship": "Outer","Parallel Aware": true,"Async Capable": false,"Relation Name": "customer","Alias": "customer","Startup Cost": 0.00,"Total Cost": 4210.00,"Plan Rows": 62500,"Plan Width": 148,"Actual Startup Time": 0.026,"Actual Total Time": 28.832,"Actual Rows": 37500,"Actual Loops": 4,"Workers": []}]}]},{"Node Type": "Hash","Parent Relationship": "Inner","Parallel Aware": false,"Async Capable": false,"Startup Cost": 1.25,"Total Cost": 1.25,"Plan Rows": 25,"Plan Width": 108,"Actual Startup Time": 0.096,"Actual Total Time": 0.101,"Actual Rows": 25,"Actual Loops": 4,"Hash Buckets": 1024,"Original Hash Buckets": 1024,"Hash Batches": 1,"Original Hash Batches": 1,"Peak Memory Usage": 10,"Workers": [],"Plans": [{"Node Type": "Seq Scan","Parent Relationship": "Outer","Parallel Aware": false,"Async Capable": false,"Relation Name": "nation","Alias": "nation","Startup Cost": 0.00,"Total Cost": 1.25,"Plan Rows": 25,"Plan Width": 108,"Actual Startup Time": 0.064,"Actual Total Time": 0.070,"Actual Rows": 25,"Actual Loops": 4,"Workers": []}]}]}]}]}]},"Planning Time": 7.103,"Triggers": [],"Execution Time": 663.701}]
[{"Plan": {"Node Type": "Sort","Parallel Aware": false,"Async Capable": false,"Startup Cost": 130310.74,"Total Cost": 130450.54,"Plan Rows": 55918,"Plan Width": 280,"Actual Startup Time": 603.874,"Actual Total Time": 643.975,"Actual Rows": 37728,"Actual Loops": 1,"Sort Key": ["(sum((lineitem.l_extendedprice * ('1'::numeric - lineitem.l_discount)))) DESC"],"Sort Method": "quicksort","Sort Space Used": 9784,"Sort Space Type": "Memory","Plans": [{"Node Type": "Aggregate","Strategy": "Hashed","Partial Mode": "Simple","Parent Relationship": "Outer","Parallel Aware": false,"Async Capable": false,"Startup Cost": 125202.34,"Total Cost": 125901.32,"Plan Rows": 55918,"Plan Width": 280,"Actual Startup Time": 420.772,"Actual Total Time": 572.027,"Actual Rows": 37728,"Actual Loops": 1,"Group Key": ["customer.c_custkey", "nation.n_name"],"Planned Partitions": 0,"HashAgg Batches": 1,"Peak Memory Usage": 26129,"Disk Usage": 0,"Plans": [{"Node Type": "Gather","Parent Relationship": "Outer","Parallel Aware": false,"Async Capable": false,"Startup Cost": 6779.72,"Total Cost": 124503.37,"Plan Rows": 55918,"Plan Width": 260,"Actual Startup Time": 83.828,"Actual Total Time": 288.561,"Actual Rows": 114106,"Actual Loops": 1,"Workers Planned": 3,"Workers Launched": 3,"Single Copy": false,"Plans": [{"Node Type": "Hash Join","Parent Relationship": "Outer","Parallel Aware": false,"Async Capable": false,"Join Type": "Inner","Startup Cost": 5779.72,"Total Cost": 117911.57,"Plan Rows": 18038,"Plan Width": 260,"Actual Startup Time": 76.669,"Actual Total Time": 363.746,"Actual Rows": 28526,"Actual Loops": 4,"Inner Unique": true,"Hash Cond": "(customer.c_nationkey = nation.n_nationkey)","Workers": [],"Plans": [{"Node Type": "Hash Join","Parent Relationship": "Outer","Parallel Aware": true,"Async Capable": false,"Join Type": "Inner","Startup Cost": 5778.16,"Total Cost": 117854.62,"Plan Rows": 18038,"Plan Width": 160,"Actual Startup Time": 76.278,"Actual Total Time": 354.947,"Actual Rows": 28526,"Actual Loops": 4,"Inner Unique": true,"Hash Cond": "(orders.o_custkey = customer.c_custkey)","Workers": [],"Plans": [{"Node Type": "Nested Loop","Parent Relationship": "Outer","Parallel Aware": false,"Async Capable": false,"Join Type": "Inner","Startup Cost": 786.91,"Total Cost": 112816.03,"Plan Rows": 18038,"Plan Width": 16,"Actual Startup Time": 13.309,"Actual Total Time": 250.189,"Actual Rows": 28526,"Actual Loops": 4,"Inner Unique": false,"Workers": [],"Plans": [{"Node Type": "Bitmap Heap Scan","Parent Relationship": "Outer","Parallel Aware": true,"Async Capable": false,"Relation Name": "orders","Alias": "orders","Startup Cost": 786.47,"Total Cost": 27156.24,"Plan Rows": 18318,"Plan Width": 8,"Actual Startup Time": 13.234,"Actual Total Time": 69.997,"Actual Rows": 14148,"Actual Loops": 4,"Recheck Cond": "((o_orderdate >= '1993-09-01'::date) AND (o_orderdate < '1993-12-01 00:00:00'::timestamp without time zone))","Rows Removed by Index Recheck": 0,"Exact Heap Blocks": 3617,"Lossy Heap Blocks": 0,"Workers": [],"Plans": [{"Node Type": "Bitmap Index Scan","Parent Relationship": "Outer","Parallel Aware": false,"Async Capable": false,"Index Name": "idx_orders_orderdate","Startup Cost": 0.00,"Total Cost": 772.28,"Plan Rows": 56785,"Plan Width": 0,"Actual Startup Time": 10.161,"Actual Total Time": 10.165,"Actual Rows": 56592,"Actual Loops": 1,"Index Cond": "((o_orderdate >= '1993-09-01'::date) AND (o_orderdate < '1993-12-01 00:00:00'::timestamp without time zone))","Workers": []}]},{"Node Type": "Index Scan","Parent Relationship": "Inner","Parallel Aware": false,"Async Capable": false,"Scan Direction": "Forward","Index Name": "idx_lineitem_orderkey","Relation Name": "lineitem","Alias": "lineitem","Startup Cost": 0.43,"Total Cost": 4.64,"Plan Rows": 4,"Plan Width": 16,"Actual Startup Time": 0.010,"Actual Total Time": 0.012,"Actual Rows": 2,"Actual Loops": 56592,"Index Cond": "(l_orderkey = orders.o_orderkey)","Rows Removed by Index Recheck": 0,"Filter": "(l_returnflag = 'R'::bpchar)","Rows Removed by Filter": 2,"Workers": []}]},{"Node Type": "Hash","Parent Relationship": "Inner","Parallel Aware": true,"Async Capable": false,"Startup Cost": 4210.00,"Total Cost": 4210.00,"Plan Rows": 62500,"Plan Width": 148,"Actual Startup Time": 62.426,"Actual Total Time": 62.432,"Actual Rows": 37500,"Actual Loops": 4,"Hash Buckets": 262144,"Original Hash Buckets": 262144,"Hash Batches": 1,"Original Hash Batches": 1,"Peak Memory Usage": 29312,"Workers": [],"Plans": [{"Node Type": "Seq Scan","Parent Relationship": "Outer","Parallel Aware": true,"Async Capable": false,"Relation Name": "customer","Alias": "customer","Startup Cost": 0.00,"Total Cost": 4210.00,"Plan Rows": 62500,"Plan Width": 148,"Actual Startup Time": 0.023,"Actual Total Time": 26.530,"Actual Rows": 37500,"Actual Loops": 4,"Workers": []}]}]},{"Node Type": "Hash","Parent Relationship": "Inner","Parallel Aware": false,"Async Capable": false,"Startup Cost": 1.25,"Total Cost": 1.25,"Plan Rows": 25,"Plan Width": 108,"Actual Startup Time": 0.095,"Actual Total Time": 0.100,"Actual Rows": 25,"Actual Loops": 4,"Hash Buckets": 1024,"Original Hash Buckets": 1024,"Hash Batches": 1,"Original Hash Batches": 1,"Peak Memory Usage": 10,"Workers": [],"Plans": [{"Node Type": "Seq Scan","Parent Relationship": "Outer","Parallel Aware": false,"Async Capable": false,"Relation Name": "nation","Alias": "nation","Startup Cost": 0.00,"Total Cost": 1.25,"Plan Rows": 25,"Plan Width": 108,"Actual Startup Time": 0.059,"Actual Total Time": 0.065,"Actual Rows": 25,"Actual Loops": 4,"Workers": []}]}]}]}]}]},"Planning Time": 7.546,"Triggers": [],"Execution Time": 648.224}]
[{"Plan": {"Node Type": "Sort","Parallel Aware": false,"Async Capable": false,"Startup Cost": 132293.09,"Total Cost": 132436.61,"Plan Rows": 57411,"Plan Width": 280,"Actual Startup Time": 612.013,"Actual Total Time": 652.224,"Actual Rows": 37922,"Actual Loops": 1,"Sort Key": ["(sum((lineitem.l_extendedprice * ('1'::numeric - lineitem.l_discount)))) DESC"],"Sort Method": "quicksort","Sort Space Used": 9827,"Sort Space Type": "Memory","Plans": [{"Node Type": "Aggregate","Strategy": "Hashed","Partial Mode": "Simple","Parent Relationship": "Outer","Parallel Aware": false,"Async Capable": false,"Startup Cost": 127037.38,"Total Cost": 127755.02,"Plan Rows": 57411,"Plan Width": 280,"Actual Startup Time": 427.597,"Actual Total Time": 578.840,"Actual Rows": 37922,"Actual Loops": 1,"Group Key": ["customer.c_custkey", "nation.n_name"],"Planned Partitions": 0,"HashAgg Batches": 1,"Peak Memory Usage": 26129,"Disk Usage": 0,"Plans": [{"Node Type": "Gather","Parent Relationship": "Outer","Parallel Aware": false,"Async Capable": false,"Startup Cost": 6799.26,"Total Cost": 126319.75,"Plan Rows": 57411,"Plan Width": 260,"Actual Startup Time": 84.985,"Actual Total Time": 295.027,"Actual Rows": 114929,"Actual Loops": 1,"Workers Planned": 3,"Workers Launched": 3,"Single Copy": false,"Plans": [{"Node Type": "Hash Join","Parent Relationship": "Outer","Parallel Aware": false,"Async Capable": false,"Join Type": "Inner","Startup Cost": 5799.26,"Total Cost": 119578.65,"Plan Rows": 18520,"Plan Width": 260,"Actual Startup Time": 77.490,"Actual Total Time": 369.817,"Actual Rows": 28732,"Actual Loops": 4,"Inner Unique": true,"Hash Cond": "(customer.c_nationkey = nation.n_nationkey)","Workers": [],"Plans": [{"Node Type": "Hash Join","Parent Relationship": "Outer","Parallel Aware": true,"Async Capable": false,"Join Type": "Inner","Startup Cost": 5797.70,"Total Cost": 119520.23,"Plan Rows": 18520,"Plan Width": 160,"Actual Startup Time": 77.066,"Actual Total Time": 360.808,"Actual Rows": 28732,"Actual Loops": 4,"Inner Unique": true,"Hash Cond": "(orders.o_custkey = customer.c_custkey)","Workers": [],"Plans": [{"Node Type": "Nested Loop","Parent Relationship": "Outer","Parallel Aware": false,"Async Capable": false,"Join Type": "Inner","Startup Cost": 806.45,"Total Cost": 114480.36,"Plan Rows": 18520,"Plan Width": 16,"Actual Startup Time": 13.430,"Actual Total Time": 255.437,"Actual Rows": 28732,"Actual Loops": 4,"Inner Unique": false,"Workers": [],"Plans": [{"Node Type": "Bitmap Heap Scan","Parent Relationship": "Outer","Parallel Aware": true,"Async Capable": false,"Relation Name": "orders","Alias": "orders","Startup Cost": 806.01,"Total Cost": 27183.11,"Plan Rows": 18807,"Plan Width": 8,"Actual Startup Time": 13.367,"Actual Total Time": 72.208,"Actual Rows": 14355,"Actual Loops": 4,"Recheck Cond": "((o_orderdate >= '1994-03-01'::date) AND (o_orderdate < '1994-06-01 00:00:00'::timestamp without time zone))","Rows Removed by Index Recheck": 0,"Exact Heap Blocks": 3712,"Lossy Heap Blocks": 0,"Workers": [],"Plans": [{"Node Type": "Bitmap Index Scan","Parent Relationship": "Outer","Parallel Aware": false,"Async Capable": false,"Index Name": "idx_orders_orderdate","Startup Cost": 0.00,"Total Cost": 791.44,"Plan Rows": 58301,"Plan Width": 0,"Actual Startup Time": 10.180,"Actual Total Time": 10.183,"Actual Rows": 57420,"Actual Loops": 1,"Index Cond": "((o_orderdate >= '1994-03-01'::date) AND (o_orderdate < '1994-06-01 00:00:00'::timestamp without time zone))","Workers": []}]},{"Node Type": "Index Scan","Parent Relationship": "Inner","Parallel Aware": false,"Async Capable": false,"Scan Direction": "Forward","Index Name": "idx_lineitem_orderkey","Relation Name": "lineitem","Alias": "lineitem","Startup Cost": 0.43,"Total Cost": 4.60,"Plan Rows": 4,"Plan Width": 16,"Actual Startup Time": 0.010,"Actual Total Time": 0.012,"Actual Rows": 2,"Actual Loops": 57420,"Index Cond": "(l_orderkey = orders.o_orderkey)","Rows Removed by Index Recheck": 0,"Filter": "(l_returnflag = 'R'::bpchar)","Rows Removed by Filter": 2,"Workers": []}]},{"Node Type": "Hash","Parent Relationship": "Inner","Parallel Aware": true,"Async Capable": false,"Startup Cost": 4210.00,"Total Cost": 4210.00,"Plan Rows": 62500,"Plan Width": 148,"Actual Startup Time": 63.095,"Actual Total Time": 63.101,"Actual Rows": 37500,"Actual Loops": 4,"Hash Buckets": 262144,"Original Hash Buckets": 262144,"Hash Batches": 1,"Original Hash Batches": 1,"Peak Memory Usage": 29280,"Workers": [],"Plans": [{"Node Type": "Seq Scan","Parent Relationship": "Outer","Parallel Aware": true,"Async Capable": false,"Relation Name": "customer","Alias": "customer","Startup Cost": 0.00,"Total Cost": 4210.00,"Plan Rows": 62500,"Plan Width": 148,"Actual Startup Time": 0.041,"Actual Total Time": 28.071,"Actual Rows": 37500,"Actual Loops": 4,"Workers": []}]}]},{"Node Type": "Hash","Parent Relationship": "Inner","Parallel Aware": false,"Async Capable": false,"Startup Cost": 1.25,"Total Cost": 1.25,"Plan Rows": 25,"Plan Width": 108,"Actual Startup Time": 0.097,"Actual Total Time": 0.101,"Actual Rows": 25,"Actual Loops": 4,"Hash Buckets": 1024,"Original Hash Buckets": 1024,"Hash Batches": 1,"Original Hash Batches": 1,"Peak Memory Usage": 10,"Workers": [],"Plans": [{"Node Type": "Seq Scan","Parent Relationship": "Outer","Parallel Aware": false,"Async Capable": false,"Relation Name": "nation","Alias": "nation","Startup Cost": 0.00,"Total Cost": 1.25,"Plan Rows": 25,"Plan Width": 108,"Actual Startup Time": 0.065,"Actual Total Time": 0.071,"Actual Rows": 25,"Actual Loops": 4,"Workers": []}]}]}]}]}]},"Planning Time": 6.342,"Triggers": [],"Execution Time": 656.718}]
[{"Plan": {"Node Type": "Sort","Parallel Aware": false,"Async Capable": false,"Startup Cost": 132293.09,"Total Cost": 132436.61,"Plan Rows": 57411,"Plan Width": 280,"Actual Startup Time": 612.013,"Actual Total Time": 652.224,"Actual Rows": 37922,"Actual Loops": 1,"Sort Key": ["(sum((lineitem.l_extendedprice * ('1'::numeric - lineitem.l_discount)))) DESC"],"Sort Method": "quicksort","Sort Space Used": 9827,"Sort Space Type": "Memory","Plans": [{"Node Type": "Aggregate","Strategy": "Hashed","Partial Mode": "Simple","Parent Relationship": "Outer","Parallel Aware": false,"Async Capable": false,"Startup Cost": 127037.38,"Total Cost": 127755.02,"Plan Rows": 57411,"Plan Width": 280,"Actual Startup Time": 427.597,"Actual Total Time": 578.840,"Actual Rows": 37922,"Actual Loops": 1,"Group Key": ["customer.c_custkey", "nation.n_name"],"Planned Partitions": 0,"HashAgg Batches": 1,"Peak Memory Usage": 26129,"Disk Usage": 0,"Plans": [{"Node Type": "Gather","Parent Relationship": "Outer","Parallel Aware": false,"Async Capable": false,"Startup Cost": 6799.26,"Total Cost": 126319.75,"Plan Rows": 57411,"Plan Width": 260,"Actual Startup Time": 84.985,"Actual Total Time": 295.027,"Actual Rows": 114929,"Actual Loops": 1,"Workers Planned": 3,"Workers Launched": 3,"Single Copy": false,"Plans": [{"Node Type": "Hash Join","Parent Relationship": "Outer","Parallel Aware": false,"Async Capable": false,"Join Type": "Inner","Startup Cost": 5799.26,"Total Cost": 119578.65,"Plan Rows": 18520,"Plan Width": 260,"Actual Startup Time": 77.490,"Actual Total Time": 369.817,"Actual Rows": 28732,"Actual Loops": 4,"Inner Unique": true,"Hash Cond": "(customer.c_nationkey = nation.n_nationkey)","Workers": [],"Plans": [{"Node Type": "Hash Join","Parent Relationship": "Outer","Parallel Aware": true,"Async Capable": false,"Join Type": "Inner","Startup Cost": 5797.70,"Total Cost": 119520.23,"Plan Rows": 18520,"Plan Width": 160,"Actual Startup Time": 77.066,"Actual Total Time": 360.808,"Actual Rows": 28732,"Actual Loops": 4,"Inner Unique": true,"Hash Cond": "(orders.o_custkey = customer.c_custkey)","Workers": [],"Plans": [{"Node Type": "Nested Loop","Parent Relationship": "Outer","Parallel Aware": false,"Async Capable": false,"Join Type": "Inner","Startup Cost": 806.45,"Total Cost": 114480.36,"Plan Rows": 18520,"Plan Width": 16,"Actual Startup Time": 13.430,"Actual Total Time": 255.437,"Actual Rows": 28732,"Actual Loops": 4,"Inner Unique": false,"Workers": [],"Plans": [{"Node Type": "Bitmap Heap Scan","Parent Relationship": "Outer","Parallel Aware": true,"Async Capable": false,"Relation Name": "orders","Alias": "orders","Startup Cost": 806.01,"Total Cost": 27183.11,"Plan Rows": 18807,"Plan Width": 8,"Actual Startup Time": 13.367,"Actual Total Time": 72.208,"Actual Rows": 14355,"Actual Loops": 4,"Recheck Cond": "((o_orderdate >= '1994-03-01'::date) AND (o_orderdate < '1994-06-01 00:00:00'::timestamp without time zone))","Rows Removed by Index Recheck": 0,"Exact Heap Blocks": 3712,"Lossy Heap Blocks": 0,"Workers": [],"Plans": [{"Node Type": "Bitmap Index Scan","Parent Relationship": "Outer","Parallel Aware": false,"Async Capable": false,"Index Name": "idx_orders_orderdate","Startup Cost": 0.00,"Total Cost": 791.44,"Plan Rows": 58301,"Plan Width": 0,"Actual Startup Time": 10.180,"Actual Total Time": 10.183,"Actual Rows": 57420,"Actual Loops": 1,"Index Cond": "((o_orderdate >= '1994-03-01'::date) AND (o_orderdate < '1994-06-01 00:00:00'::timestamp without time zone))","Workers": []}]},{"Node Type": "Index Scan","Parent Relationship": "Inner","Parallel Aware": false,"Async Capable": false,"Scan Direction": "Forward","Index Name": "idx_lineitem_orderkey","Relation Name": "lineitem","Alias": "lineitem","Startup Cost": 0.43,"Total Cost": 4.60,"Plan Rows": 4,"Plan Width": 16,"Actual Startup Time": 0.010,"Actual Total Time": 0.012,"Actual Rows": 2,"Actual Loops": 57420,"Index Cond": "(l_orderkey = orders.o_orderkey)","Rows Removed by Index Recheck": 0,"Filter": "(l_returnflag = 'R'::bpchar)","Rows Removed by Filter": 2,"Workers": []}]},{"Node Type": "Hash","Parent Relationship": "Inner","Parallel Aware": true,"Async Capable": false,"Startup Cost": 4210.00,"Total Cost": 4210.00,"Plan Rows": 62500,"Plan Width": 148,"Actual Startup Time": 63.095,"Actual Total Time": 63.101,"Actual Rows": 37500,"Actual Loops": 4,"Hash Buckets": 262144,"Original Hash Buckets": 262144,"Hash Batches": 1,"Original Hash Batches": 1,"Peak Memory Usage": 29280,"Workers": [],"Plans": [{"Node Type": "Seq Scan","Parent Relationship": "Outer","Parallel Aware": true,"Async Capable": false,"Relation Name": "customer","Alias": "customer","Startup Cost": 0.00,"Total Cost": 4210.00,"Plan Rows": 62500,"Plan Width": 148,"Actual Startup Time": 0.041,"Actual Total Time": 28.071,"Actual Rows": 37500,"Actual Loops": 4,"Workers": []}]}]},{"Node Type": "Hash","Parent Relationship": "Inner","Parallel Aware": false,"Async Capable": false,"Startup Cost": 1.25,"Total Cost": 1.25,"Plan Rows": 25,"Plan Width": 108,"Actual Startup Time": 0.097,"Actual Total Time": 0.101,"Actual Rows": 25,"Actual Loops": 4,"Hash Buckets": 1024,"Original Hash Buckets": 1024,"Hash Batches": 1,"Original Hash Batches": 1,"Peak Memory Usage": 10,"Workers": [],"Plans": [{"Node Type": "Seq Scan","Parent Relationship": "Outer","Parallel Aware": false,"Async Capable": false,"Relation Name": "nation","Alias": "nation","Startup Cost": 0.00,"Total Cost": 1.25,"Plan Rows": 25,"Plan Width": 108,"Actual Startup Time": 0.065,"Actual Total Time": 0.071,"Actual Rows": 25,"Actual Loops": 4,"Workers": []}]}]}]}]}]},"Planning Time": 6.342,"Triggers": [],"Execution Time": 656.718}]
[{"Plan": {"Node Type": "Sort","Parallel Aware": false,"Async Capable": false,"Startup Cost": 130975.09,"Total Cost": 131116.14,"Plan Rows": 56420,"Plan Width": 280,"Actual Startup Time": 559.129,"Actual Total Time": 601.162,"Actual Rows": 37859,"Actual Loops": 1,"Sort Key": ["(sum((lineitem.l_extendedprice * ('1'::numeric - lineitem.l_discount)))) DESC"],"Sort Method": "quicksort","Sort Space Used": 9818,"Sort Space Type": "Memory","Plans": [{"Node Type": "Aggregate","Strategy": "Hashed","Partial Mode": "Simple","Parent Relationship": "Outer","Parallel Aware": false,"Async Capable": false,"Startup Cost": 125817.20,"Total Cost": 126522.45,"Plan Rows": 56420,"Plan Width": 280,"Actual Startup Time": 383.531,"Actual Total Time": 530.212,"Actual Rows": 37859,"Actual Loops": 1,"Group Key": ["customer.c_custkey", "nation.n_name"],"Planned Partitions": 0,"HashAgg Batches": 1,"Peak Memory Usage": 26129,"Disk Usage": 0,"Plans": [{"Node Type": "Gather","Parent Relationship": "Outer","Parallel Aware": false,"Async Capable": false,"Startup Cost": 6784.95,"Total Cost": 125111.95,"Plan Rows": 56420,"Plan Width": 260,"Actual Startup Time": 70.081,"Actual Total Time": 265.015,"Actual Rows": 114028,"Actual Loops": 1,"Workers Planned": 3,"Workers Launched": 3,"Single Copy": false,"Plans": [{"Node Type": "Hash Join","Parent Relationship": "Outer","Parallel Aware": false,"Async Capable": false,"Join Type": "Inner","Startup Cost": 5784.95,"Total Cost": 118469.95,"Plan Rows": 18200,"Plan Width": 260,"Actual Startup Time": 62.841,"Actual Total Time": 330.296,"Actual Rows": 28507,"Actual Loops": 4,"Inner Unique": true,"Hash Cond": "(customer.c_nationkey = nation.n_nationkey)","Workers": [],"Plans": [{"Node Type": "Hash Join","Parent Relationship": "Outer","Parallel Aware": true,"Async Capable": false,"Join Type": "Inner","Startup Cost": 5783.38,"Total Cost": 118412.51,"Plan Rows": 18200,"Plan Width": 160,"Actual Startup Time": 62.430,"Actual Total Time": 322.490,"Actual Rows": 28507,"Actual Loops": 4,"Inner Unique": true,"Hash Cond": "(orders.o_custkey = customer.c_custkey)","Workers": [],"Plans": [{"Node Type": "Nested Loop","Parent Relationship": "Outer","Parallel Aware": false,"Async Capable": false,"Join Type": "Inner","Startup Cost": 792.13,"Total Cost": 113373.49,"Plan Rows": 18200,"Plan Width": 16,"Actual Startup Time": 13.021,"Actual Total Time": 238.266,"Actual Rows": 28507,"Actual Loops": 4,"Inner Unique": false,"Workers": [],"Plans": [{"Node Type": "Bitmap Heap Scan","Parent Relationship": "Outer","Parallel Aware": true,"Async Capable": false,"Relation Name": "orders","Alias": "orders","Startup Cost": 791.70,"Total Cost": 27163.94,"Plan Rows": 18482,"Plan Width": 8,"Actual Startup Time": 12.954,"Actual Total Time": 66.534,"Actual Rows": 14234,"Actual Loops": 4,"Recheck Cond": "((o_orderdate >= '1993-03-01'::date) AND (o_orderdate < '1993-06-01 00:00:00'::timestamp without time zone))","Rows Removed by Index Recheck": 0,"Exact Heap Blocks": 3517,"Lossy Heap Blocks": 0,"Workers": [],"Plans": [{"Node Type": "Bitmap Index Scan","Parent Relationship": "Outer","Parallel Aware": false,"Async Capable": false,"Index Name": "idx_orders_orderdate","Startup Cost": 0.00,"Total Cost": 777.38,"Plan Rows": 57295,"Plan Width": 0,"Actual Startup Time": 9.836,"Actual Total Time": 9.842,"Actual Rows": 56934,"Actual Loops": 1,"Index Cond": "((o_orderdate >= '1993-03-01'::date) AND (o_orderdate < '1993-06-01 00:00:00'::timestamp without time zone))","Workers": []}]},{"Node Type": "Index Scan","Parent Relationship": "Inner","Parallel Aware": false,"Async Capable": false,"Scan Direction": "Forward","Index Name": "idx_lineitem_orderkey","Relation Name": "lineitem","Alias": "lineitem","Startup Cost": 0.43,"Total Cost": 4.62,"Plan Rows": 4,"Plan Width": 16,"Actual Startup Time": 0.010,"Actual Total Time": 0.012,"Actual Rows": 2,"Actual Loops": 56934,"Index Cond": "(l_orderkey = orders.o_orderkey)","Rows Removed by Index Recheck": 0,"Filter": "(l_returnflag = 'R'::bpchar)","Rows Removed by Filter": 2,"Workers": []}]},{"Node Type": "Hash","Parent Relationship": "Inner","Parallel Aware": true,"Async Capable": false,"Startup Cost": 4210.00,"Total Cost": 4210.00,"Plan Rows": 62500,"Plan Width": 148,"Actual Startup Time": 48.797,"Actual Total Time": 48.806,"Actual Rows": 37500,"Actual Loops": 4,"Hash Buckets": 262144,"Original Hash Buckets": 262144,"Hash Batches": 1,"Original Hash Batches": 1,"Peak Memory Usage": 29344,"Workers": [],"Plans": [{"Node Type": "Seq Scan","Parent Relationship": "Outer","Parallel Aware": true,"Async Capable": false,"Relation Name": "customer","Alias": "customer","Startup Cost": 0.00,"Total Cost": 4210.00,"Plan Rows": 62500,"Plan Width": 148,"Actual Startup Time": 0.027,"Actual Total Time": 20.617,"Actual Rows": 37500,"Actual Loops": 4,"Workers": []}]}]},{"Node Type": "Hash","Parent Relationship": "Inner","Parallel Aware": false,"Async Capable": false,"Startup Cost": 1.25,"Total Cost": 1.25,"Plan Rows": 25,"Plan Width": 108,"Actual Startup Time": 0.102,"Actual Total Time": 0.108,"Actual Rows": 25,"Actual Loops": 4,"Hash Buckets": 1024,"Original Hash Buckets": 1024,"Hash Batches": 1,"Original Hash Batches": 1,"Peak Memory Usage": 10,"Workers": [],"Plans": [{"Node Type": "Seq Scan","Parent Relationship": "Outer","Parallel Aware": false,"Async Capable": false,"Relation Name": "nation","Alias": "nation","Startup Cost": 0.00,"Total Cost": 1.25,"Plan Rows": 25,"Plan Width": 108,"Actual Startup Time": 0.068,"Actual Total Time": 0.076,"Actual Rows": 25,"Actual Loops": 4,"Workers": []}]}]}]}]}]},"Planning Time": 7.017,"Triggers": [],"Execution Time": 606.974}]
[{"Plan": {"Node Type": "Sort","Parallel Aware": false,"Async Capable": false,"Startup Cost": 131080.21,"Total Cost": 131221.46,"Plan Rows": 56499,"Plan Width": 280,"Actual Startup Time": 605.493,"Actual Total Time": 645.716,"Actual Rows": 37967,"Actual Loops": 1,"Sort Key": ["(sum((lineitem.l_extendedprice * ('1'::numeric - lineitem.l_discount)))) DESC"],"Sort Method": "quicksort","Sort Space Used": 9838,"Sort Space Type": "Memory","Plans": [{"Node Type": "Aggregate","Strategy": "Hashed","Partial Mode": "Simple","Parent Relationship": "Outer","Parallel Aware": false,"Async Capable": false,"Startup Cost": 125914.53,"Total Cost": 126620.77,"Plan Rows": 56499,"Plan Width": 280,"Actual Startup Time": 424.904,"Actual Total Time": 572.991,"Actual Rows": 37967,"Actual Loops": 1,"Group Key": ["customer.c_custkey", "nation.n_name"],"Planned Partitions": 0,"HashAgg Batches": 1,"Peak Memory Usage": 26129,"Disk Usage": 0,"Plans": [{"Node Type": "Gather","Parent Relationship": "Outer","Parallel Aware": false,"Async Capable": false,"Startup Cost": 6785.77,"Total Cost": 125208.29,"Plan Rows": 56499,"Plan Width": 260,"Actual Startup Time": 85.491,"Actual Total Time": 295.043,"Actual Rows": 114705,"Actual Loops": 1,"Workers Planned": 3,"Workers Launched": 3,"Single Copy": false,"Plans": [{"Node Type": "Hash Join","Parent Relationship": "Outer","Parallel Aware": false,"Async Capable": false,"Join Type": "Inner","Startup Cost": 5785.77,"Total Cost": 118558.39,"Plan Rows": 18225,"Plan Width": 260,"Actual Startup Time": 77.990,"Actual Total Time": 369.128,"Actual Rows": 28676,"Actual Loops": 4,"Inner Unique": true,"Hash Cond": "(customer.c_nationkey = nation.n_nationkey)","Workers": [],"Plans": [{"Node Type": "Hash Join","Parent Relationship": "Outer","Parallel Aware": true,"Async Capable": false,"Join Type": "Inner","Startup Cost": 5784.20,"Total Cost": 118500.88,"Plan Rows": 18225,"Plan Width": 160,"Actual Startup Time": 77.566,"Actual Total Time": 359.708,"Actual Rows": 28676,"Actual Loops": 4,"Inner Unique": true,"Hash Cond": "(orders.o_custkey = customer.c_custkey)","Workers": [],"Plans": [{"Node Type": "Nested Loop","Parent Relationship": "Outer","Parallel Aware": false,"Async Capable": false,"Join Type": "Inner","Startup Cost": 792.95,"Total Cost": 113461.79,"Plan Rows": 18225,"Plan Width": 16,"Actual Startup Time": 13.246,"Actual Total Time": 255.571,"Actual Rows": 28676,"Actual Loops": 4,"Inner Unique": false,"Workers": [],"Plans": [{"Node Type": "Bitmap Heap Scan","Parent Relationship": "Outer","Parallel Aware": true,"Async Capable": false,"Relation Name": "orders","Alias": "orders","Startup Cost": 792.52,"Total Cost": 27165.14,"Plan Rows": 18508,"Plan Width": 8,"Actual Startup Time": 13.160,"Actual Total Time": 71.475,"Actual Rows": 14267,"Actual Loops": 4,"Recheck Cond": "((o_orderdate >= '1993-10-01'::date) AND (o_orderdate < '1994-01-01 00:00:00'::timestamp without time zone))","Rows Removed by Index Recheck": 0,"Exact Heap Blocks": 3708,"Lossy Heap Blocks": 0,"Workers": [],"Plans": [{"Node Type": "Bitmap Index Scan","Parent Relationship": "Outer","Parallel Aware": false,"Async Capable": false,"Index Name": "idx_orders_orderdate","Startup Cost": 0.00,"Total Cost": 778.18,"Plan Rows": 57375,"Plan Width": 0,"Actual Startup Time": 10.062,"Actual Total Time": 10.069,"Actual Rows": 57069,"Actual Loops": 1,"Index Cond": "((o_orderdate >= '1993-10-01'::date) AND (o_orderdate < '1994-01-01 00:00:00'::timestamp without time zone))","Workers": []}]},{"Node Type": "Index Scan","Parent Relationship": "Inner","Parallel Aware": false,"Async Capable": false,"Scan Direction": "Forward","Index Name": "idx_lineitem_orderkey","Relation Name": "lineitem","Alias": "lineitem","Startup Cost": 0.43,"Total Cost": 4.62,"Plan Rows": 4,"Plan Width": 16,"Actual Startup Time": 0.011,"Actual Total Time": 0.013,"Actual Rows": 2,"Actual Loops": 57069,"Index Cond": "(l_orderkey = orders.o_orderkey)","Rows Removed by Index Recheck": 0,"Filter": "(l_returnflag = 'R'::bpchar)","Rows Removed by Filter": 2,"Workers": []}]},{"Node Type": "Hash","Parent Relationship": "Inner","Parallel Aware": true,"Async Capable": false,"Startup Cost": 4210.00,"Total Cost": 4210.00,"Plan Rows": 62500,"Plan Width": 148,"Actual Startup Time": 63.688,"Actual Total Time": 63.696,"Actual Rows": 37500,"Actual Loops": 4,"Hash Buckets": 262144,"Original Hash Buckets": 262144,"Hash Batches": 1,"Original Hash Batches": 1,"Peak Memory Usage": 29312,"Workers": [],"Plans": [{"Node Type": "Seq Scan","Parent Relationship": "Outer","Parallel Aware": true,"Async Capable": false,"Relation Name": "customer","Alias": "customer","Startup Cost": 0.00,"Total Cost": 4210.00,"Plan Rows": 62500,"Plan Width": 148,"Actual Startup Time": 0.034,"Actual Total Time": 28.900,"Actual Rows": 37500,"Actual Loops": 4,"Workers": []}]}]},{"Node Type": "Hash","Parent Relationship": "Inner","Parallel Aware": false,"Async Capable": false,"Startup Cost": 1.25,"Total Cost": 1.25,"Plan Rows": 25,"Plan Width": 108,"Actual Startup Time": 0.102,"Actual Total Time": 0.107,"Actual Rows": 25,"Actual Loops": 4,"Hash Buckets": 1024,"Original Hash Buckets": 1024,"Hash Batches": 1,"Original Hash Batches": 1,"Peak Memory Usage": 10,"Workers": [],"Plans": [{"Node Type": "Seq Scan","Parent Relationship": "Outer","Parallel Aware": false,"Async Capable": false,"Relation Name": "nation","Alias": "nation","Startup Cost": 0.00,"Total Cost": 1.25,"Plan Rows": 25,"Plan Width": 108,"Actual Startup Time": 0.070,"Actual Total Time": 0.076,"Actual Rows": 25,"Actual Loops": 4,"Workers": []}]}]}]}]}]},"Planning Time": 6.575,"Triggers": [],"Execution Time": 649.944}]
[{"Plan": {"Node Type": "Sort","Parallel Aware": false,"Async Capable": false,"Startup Cost": 131436.35,"Total Cost": 131578.26,"Plan Rows": 56763,"Plan Width": 280,"Actual Startup Time": 596.282,"Actual Total Time": 636.846,"Actual Rows": 38114,"Actual Loops": 1,"Sort Key": ["(sum((lineitem.l_extendedprice * ('1'::numeric - lineitem.l_discount)))) DESC"],"Sort Method": "quicksort","Sort Space Used": 9872,"Sort Space Type": "Memory","Plans": [{"Node Type": "Aggregate","Strategy": "Hashed","Partial Mode": "Simple","Parent Relationship": "Outer","Parallel Aware": false,"Async Capable": false,"Startup Cost": 126244.62,"Total Cost": 126954.16,"Plan Rows": 56763,"Plan Width": 280,"Actual Startup Time": 413.428,"Actual Total Time": 560.180,"Actual Rows": 38114,"Actual Loops": 1,"Group Key": ["customer.c_custkey", "nation.n_name"],"Planned Partitions": 0,"HashAgg Batches": 1,"Peak Memory Usage": 26129,"Disk Usage": 0,"Plans": [{"Node Type": "Gather","Parent Relationship": "Outer","Parallel Aware": false,"Async Capable": false,"Startup Cost": 6792.51,"Total Cost": 125535.08,"Plan Rows": 56763,"Plan Width": 260,"Actual Startup Time": 80.448,"Actual Total Time": 288.766,"Actual Rows": 115292,"Actual Loops": 1,"Workers Planned": 3,"Workers Launched": 3,"Single Copy": false,"Plans": [{"Node Type": "Hash Join","Parent Relationship": "Outer","Parallel Aware": false,"Async Capable": false,"Join Type": "Inner","Startup Cost": 5792.51,"Total Cost": 118858.78,"Plan Rows": 18311,"Plan Width": 260,"Actual Startup Time": 72.950,"Actual Total Time": 358.700,"Actual Rows": 28823,"Actual Loops": 4,"Inner Unique": true,"Hash Cond": "(customer.c_nationkey = nation.n_nationkey)","Workers": [],"Plans": [{"Node Type": "Hash Join","Parent Relationship": "Outer","Parallel Aware": true,"Async Capable": false,"Join Type": "Inner","Startup Cost": 5790.95,"Total Cost": 118801.01,"Plan Rows": 18311,"Plan Width": 160,"Actual Startup Time": 72.543,"Actual Total Time": 350.000,"Actual Rows": 28823,"Actual Loops": 4,"Inner Unique": true,"Hash Cond": "(orders.o_custkey = customer.c_custkey)","Workers": [],"Plans": [{"Node Type": "Nested Loop","Parent Relationship": "Outer","Parallel Aware": false,"Async Capable": false,"Join Type": "Inner","Startup Cost": 799.70,"Total Cost": 113761.69,"Plan Rows": 18311,"Plan Width": 16,"Actual Startup Time": 13.260,"Actual Total Time": 248.922,"Actual Rows": 28823,"Actual Loops": 4,"Inner Unique": false,"Workers": [],"Plans": [{"Node Type": "Bitmap Heap Scan","Parent Relationship": "Outer","Parallel Aware": true,"Async Capable": false,"Relation Name": "orders","Alias": "orders","Startup Cost": 799.27,"Total Cost": 27173.19,"Plan Rows": 18595,"Plan Width": 8,"Actual Startup Time": 13.182,"Actual Total Time": 70.570,"Actual Rows": 14333,"Actual Loops": 4,"Recheck Cond": "((o_orderdate >= '1993-11-01'::date) AND (o_orderdate < '1994-02-01 00:00:00'::timestamp without time zone))","Rows Removed by Index Recheck": 0,"Exact Heap Blocks": 3544,"Lossy Heap Blocks": 0,"Workers": [],"Plans": [{"Node Type": "Bitmap Index Scan","Parent Relationship": "Outer","Parallel Aware": false,"Async Capable": false,"Index Name": "idx_orders_orderdate","Startup Cost": 0.00,"Total Cost": 784.86,"Plan Rows": 57643,"Plan Width": 0,"Actual Startup Time": 10.101,"Actual Total Time": 10.105,"Actual Rows": 57332,"Actual Loops": 1,"Index Cond": "((o_orderdate >= '1993-11-01'::date) AND (o_orderdate < '1994-02-01 00:00:00'::timestamp without time zone))","Workers": []}]},{"Node Type": "Index Scan","Parent Relationship": "Inner","Parallel Aware": false,"Async Capable": false,"Scan Direction": "Forward","Index Name": "idx_lineitem_orderkey","Relation Name": "lineitem","Alias": "lineitem","Startup Cost": 0.43,"Total Cost": 4.62,"Plan Rows": 4,"Plan Width": 16,"Actual Startup Time": 0.010,"Actual Total Time": 0.012,"Actual Rows": 2,"Actual Loops": 57332,"Index Cond": "(l_orderkey = orders.o_orderkey)","Rows Removed by Index Recheck": 0,"Filter": "(l_returnflag = 'R'::bpchar)","Rows Removed by Filter": 2,"Workers": []}]},{"Node Type": "Hash","Parent Relationship": "Inner","Parallel Aware": true,"Async Capable": false,"Startup Cost": 4210.00,"Total Cost": 4210.00,"Plan Rows": 62500,"Plan Width": 148,"Actual Startup Time": 58.656,"Actual Total Time": 58.664,"Actual Rows": 37500,"Actual Loops": 4,"Hash Buckets": 262144,"Original Hash Buckets": 262144,"Hash Batches": 1,"Original Hash Batches": 1,"Peak Memory Usage": 29312,"Workers": [],"Plans": [{"Node Type": "Seq Scan","Parent Relationship": "Outer","Parallel Aware": true,"Async Capable": false,"Relation Name": "customer","Alias": "customer","Startup Cost": 0.00,"Total Cost": 4210.00,"Plan Rows": 62500,"Plan Width": 148,"Actual Startup Time": 0.024,"Actual Total Time": 26.516,"Actual Rows": 37500,"Actual Loops": 4,"Workers": []}]}]},{"Node Type": "Hash","Parent Relationship": "Inner","Parallel Aware": false,"Async Capable": false,"Startup Cost": 1.25,"Total Cost": 1.25,"Plan Rows": 25,"Plan Width": 108,"Actual Startup Time": 0.099,"Actual Total Time": 0.104,"Actual Rows": 25,"Actual Loops": 4,"Hash Buckets": 1024,"Original Hash Buckets": 1024,"Hash Batches": 1,"Original Hash Batches": 1,"Peak Memory Usage": 10,"Workers": [],"Plans": [{"Node Type": "Seq Scan","Parent Relationship": "Outer","Parallel Aware": false,"Async Capable": false,"Relation Name": "nation","Alias": "nation","Startup Cost": 0.00,"Total Cost": 1.25,"Plan Rows": 25,"Plan Width": 108,"Actual Startup Time": 0.069,"Actual Total Time": 0.076,"Actual Rows": 25,"Actual Loops": 4,"Workers": []}]}]}]}]}]},"Planning Time": 7.017,"Triggers": [],"Execution Time": 642.875}]
[{"Plan": {"Node Type": "Sort","Parallel Aware": false,"Async Capable": false,"Startup Cost": 132166.82,"Total Cost": 132310.11,"Plan Rows": 57318,"Plan Width": 280,"Actual Startup Time": 590.000,"Actual Total Time": 630.537,"Actual Rows": 37972,"Actual Loops": 1,"Sort Key": ["(sum((lineitem.l_extendedprice * ('1'::numeric - lineitem.l_discount)))) DESC"],"Sort Method": "quicksort","Sort Space Used": 9843,"Sort Space Type": "Memory","Plans": [{"Node Type": "Aggregate","Strategy": "Hashed","Partial Mode": "Simple","Parent Relationship": "Outer","Parallel Aware": false,"Async Capable": false,"Startup Cost": 126920.30,"Total Cost": 127636.77,"Plan Rows": 57318,"Plan Width": 280,"Actual Startup Time": 413.108,"Actual Total Time": 556.129,"Actual Rows": 37972,"Actual Loops": 1,"Group Key": ["customer.c_custkey", "nation.n_name"],"Planned Partitions": 0,"HashAgg Batches": 1,"Peak Memory Usage": 26129,"Disk Usage": 0,"Plans": [{"Node Type": "Gather","Parent Relationship": "Outer","Parallel Aware": false,"Async Capable": false,"Startup Cost": 6798.29,"Total Cost": 126203.82,"Plan Rows": 57318,"Plan Width": 260,"Actual Startup Time": 77.619,"Actual Total Time": 286.194,"Actual Rows": 114459,"Actual Loops": 1,"Workers Planned": 3,"Workers Launched": 3,"Single Copy": false,"Plans": [{"Node Type": "Hash Join","Parent Relationship": "Outer","Parallel Aware": false,"Async Capable": false,"Join Type": "Inner","Startup Cost": 5798.29,"Total Cost": 119472.02,"Plan Rows": 18490,"Plan Width": 260,"Actual Startup Time": 70.122,"Actual Total Time": 358.029,"Actual Rows": 28615,"Actual Loops": 4,"Inner Unique": true,"Hash Cond": "(customer.c_nationkey = nation.n_nationkey)","Workers": [],"Plans": [{"Node Type": "Hash Join","Parent Relationship": "Outer","Parallel Aware": true,"Async Capable": false,"Join Type": "Inner","Startup Cost": 5796.73,"Total Cost": 119413.69,"Plan Rows": 18490,"Plan Width": 160,"Actual Startup Time": 69.815,"Actual Total Time": 349.575,"Actual Rows": 28615,"Actual Loops": 4,"Inner Unique": true,"Hash Cond": "(orders.o_custkey = customer.c_custkey)","Workers": [],"Plans": [{"Node Type": "Nested Loop","Parent Relationship": "Outer","Parallel Aware": false,"Async Capable": false,"Join Type": "Inner","Startup Cost": 805.48,"Total Cost": 114373.91,"Plan Rows": 18490,"Plan Width": 16,"Actual Startup Time": 13.081,"Actual Total Time": 249.954,"Actual Rows": 28615,"Actual Loops": 4,"Inner Unique": false,"Workers": [],"Plans": [{"Node Type": "Bitmap Heap Scan","Parent Relationship": "Outer","Parallel Aware": true,"Async Capable": false,"Relation Name": "orders","Alias": "orders","Startup Cost": 805.05,"Total Cost": 27181.70,"Plan Rows": 18776,"Plan Width": 8,"Actual Startup Time": 13.019,"Actual Total Time": 71.418,"Actual Rows": 14305,"Actual Loops": 4,"Recheck Cond": "((o_orderdate >= '1994-10-01'::date) AND (o_orderdate < '1995-01-01 00:00:00'::timestamp without time zone))","Rows Removed by Index Recheck": 0,"Exact Heap Blocks": 3518,"Lossy Heap Blocks": 0,"Workers": [],"Plans": [{"Node Type": "Bitmap Index Scan","Parent Relationship": "Outer","Parallel Aware": false,"Async Capable": false,"Index Name": "idx_orders_orderdate","Startup Cost": 0.00,"Total Cost": 790.50,"Plan Rows": 58207,"Plan Width": 0,"Actual Startup Time": 9.954,"Actual Total Time": 9.955,"Actual Rows": 57219,"Actual Loops": 1,"Index Cond": "((o_orderdate >= '1994-10-01'::date) AND (o_orderdate < '1995-01-01 00:00:00'::timestamp without time zone))","Workers": []}]},{"Node Type": "Index Scan","Parent Relationship": "Inner","Parallel Aware": false,"Async Capable": false,"Scan Direction": "Forward","Index Name": "idx_lineitem_orderkey","Relation Name": "lineitem","Alias": "lineitem","Startup Cost": 0.43,"Total Cost": 4.60,"Plan Rows": 4,"Plan Width": 16,"Actual Startup Time": 0.010,"Actual Total Time": 0.012,"Actual Rows": 2,"Actual Loops": 57219,"Index Cond": "(l_orderkey = orders.o_orderkey)","Rows Removed by Index Recheck": 0,"Filter": "(l_returnflag = 'R'::bpchar)","Rows Removed by Filter": 2,"Workers": []}]},{"Node Type": "Hash","Parent Relationship": "Inner","Parallel Aware": true,"Async Capable": false,"Startup Cost": 4210.00,"Total Cost": 4210.00,"Plan Rows": 62500,"Plan Width": 148,"Actual Startup Time": 56.184,"Actual Total Time": 56.192,"Actual Rows": 37500,"Actual Loops": 4,"Hash Buckets": 262144,"Original Hash Buckets": 262144,"Hash Batches": 1,"Original Hash Batches": 1,"Peak Memory Usage": 29344,"Workers": [],"Plans": [{"Node Type": "Seq Scan","Parent Relationship": "Outer","Parallel Aware": true,"Async Capable": false,"Relation Name": "customer","Alias": "customer","Startup Cost": 0.00,"Total Cost": 4210.00,"Plan Rows": 62500,"Plan Width": 148,"Actual Startup Time": 0.017,"Actual Total Time": 25.696,"Actual Rows": 37500,"Actual Loops": 4,"Workers": []}]}]},{"Node Type": "Hash","Parent Relationship": "Inner","Parallel Aware": false,"Async Capable": false,"Startup Cost": 1.25,"Total Cost": 1.25,"Plan Rows": 25,"Plan Width": 108,"Actual Startup Time": 0.071,"Actual Total Time": 0.075,"Actual Rows": 25,"Actual Loops": 4,"Hash Buckets": 1024,"Original Hash Buckets": 1024,"Hash Batches": 1,"Original Hash Batches": 1,"Peak Memory Usage": 10,"Workers": [],"Plans": [{"Node Type": "Seq Scan","Parent Relationship": "Outer","Parallel Aware": false,"Async Capable": false,"Relation Name": "nation","Alias": "nation","Startup Cost": 0.00,"Total Cost": 1.25,"Plan Rows": 25,"Plan Width": 108,"Actual Startup Time": 0.050,"Actual Total Time": 0.053,"Actual Rows": 25,"Actual Loops": 4,"Workers": []}]}]}]}]}]},"Planning Time": 7.724,"Triggers": [],"Execution Time": 636.921}]
[{"Plan": {"Node Type": "Sort","Parallel Aware": false,"Async Capable": false,"Startup Cost": 129285.16,"Total Cost": 129423.04,"Plan Rows": 55152,"Plan Width": 280,"Actual Startup Time": 594.195,"Actual Total Time": 635.058,"Actual Rows": 37857,"Actual Loops": 1,"Sort Key": ["(sum((lineitem.l_extendedprice * ('1'::numeric - lineitem.l_discount)))) DESC"],"Sort Method": "quicksort","Sort Space Used": 9823,"Sort Space Type": "Memory","Plans": [{"Node Type": "Aggregate","Strategy": "Hashed","Partial Mode": "Simple","Parent Relationship": "Outer","Parallel Aware": false,"Async Capable": false,"Startup Cost": 124252.23,"Total Cost": 124941.63,"Plan Rows": 55152,"Plan Width": 280,"Actual Startup Time": 414.188,"Actual Total Time": 557.916,"Actual Rows": 37857,"Actual Loops": 1,"Group Key": ["customer.c_custkey", "nation.n_name"],"Planned Partitions": 0,"HashAgg Batches": 1,"Peak Memory Usage": 26129,"Disk Usage": 0,"Plans": [{"Node Type": "Gather","Parent Relationship": "Outer","Parallel Aware": false,"Async Capable": false,"Startup Cost": 6767.74,"Total Cost": 123562.83,"Plan Rows": 55152,"Plan Width": 260,"Actual Startup Time": 77.793,"Actual Total Time": 289.359,"Actual Rows": 114326,"Actual Loops": 1,"Workers Planned": 3,"Workers Launched": 3,"Single Copy": false,"Plans": [{"Node Type": "Hash Join","Parent Relationship": "Outer","Parallel Aware": false,"Async Capable": false,"Join Type": "Inner","Startup Cost": 5767.74,"Total Cost": 117047.63,"Plan Rows": 17791,"Plan Width": 260,"Actual Startup Time": 70.168,"Actual Total Time": 358.948,"Actual Rows": 28582,"Actual Loops": 4,"Inner Unique": true,"Hash Cond": "(customer.c_nationkey = nation.n_nationkey)","Workers": [],"Plans": [{"Node Type": "Hash Join","Parent Relationship": "Outer","Parallel Aware": true,"Async Capable": false,"Join Type": "Inner","Startup Cost": 5766.18,"Total Cost": 116991.45,"Plan Rows": 17791,"Plan Width": 160,"Actual Startup Time": 69.698,"Actual Total Time": 349.487,"Actual Rows": 28582,"Actual Loops": 4,"Inner Unique": true,"Hash Cond": "(orders.o_custkey = customer.c_custkey)","Workers": [],"Plans": [{"Node Type": "Nested Loop","Parent Relationship": "Outer","Parallel Aware": false,"Async Capable": false,"Join Type": "Inner","Startup Cost": 774.93,"Total Cost": 111953.49,"Plan Rows": 17791,"Plan Width": 16,"Actual Startup Time": 12.978,"Actual Total Time": 249.911,"Actual Rows": 28582,"Actual Loops": 4,"Inner Unique": false,"Workers": [],"Plans": [{"Node Type": "Bitmap Heap Scan","Parent Relationship": "Outer","Parallel Aware": true,"Async Capable": false,"Relation Name": "orders","Alias": "orders","Startup Cost": 774.50,"Total Cost": 27140.50,"Plan Rows": 18067,"Plan Width": 8,"Actual Startup Time": 12.915,"Actual Total Time": 70.510,"Actual Rows": 14320,"Actual Loops": 4,"Recheck Cond": "((o_orderdate >= '1993-06-01'::date) AND (o_orderdate < '1993-09-01 00:00:00'::timestamp without time zone))","Rows Removed by Index Recheck": 0,"Exact Heap Blocks": 3550,"Lossy Heap Blocks": 0,"Workers": [],"Plans": [{"Node Type": "Bitmap Index Scan","Parent Relationship": "Outer","Parallel Aware": false,"Async Capable": false,"Index Name": "idx_orders_orderdate","Startup Cost": 0.00,"Total Cost": 760.50,"Plan Rows": 56007,"Plan Width": 0,"Actual Startup Time": 9.843,"Actual Total Time": 9.846,"Actual Rows": 57280,"Actual Loops": 1,"Index Cond": "((o_orderdate >= '1993-06-01'::date) AND (o_orderdate < '1993-09-01 00:00:00'::timestamp without time zone))","Workers": []}]},{"Node Type": "Index Scan","Parent Relationship": "Inner","Parallel Aware": false,"Async Capable": false,"Scan Direction": "Forward","Index Name": "idx_lineitem_orderkey","Relation Name": "lineitem","Alias": "lineitem","Startup Cost": 0.43,"Total Cost": 4.65,"Plan Rows": 4,"Plan Width": 16,"Actual Startup Time": 0.010,"Actual Total Time": 0.012,"Actual Rows": 2,"Actual Loops": 57280,"Index Cond": "(l_orderkey = orders.o_orderkey)","Rows Removed by Index Recheck": 0,"Filter": "(l_returnflag = 'R'::bpchar)","Rows Removed by Filter": 2,"Workers": []}]},{"Node Type": "Hash","Parent Relationship": "Inner","Parallel Aware": true,"Async Capable": false,"Startup Cost": 4210.00,"Total Cost": 4210.00,"Plan Rows": 62500,"Plan Width": 148,"Actual Startup Time": 56.151,"Actual Total Time": 56.157,"Actual Rows": 37500,"Actual Loops": 4,"Hash Buckets": 262144,"Original Hash Buckets": 262144,"Hash Batches": 1,"Original Hash Batches": 1,"Peak Memory Usage": 29312,"Workers": [],"Plans": [{"Node Type": "Seq Scan","Parent Relationship": "Outer","Parallel Aware": true,"Async Capable": false,"Relation Name": "customer","Alias": "customer","Startup Cost": 0.00,"Total Cost": 4210.00,"Plan Rows": 62500,"Plan Width": 148,"Actual Startup Time": 0.028,"Actual Total Time": 26.217,"Actual Rows": 37500,"Actual Loops": 4,"Workers": []}]}]},{"Node Type": "Hash","Parent Relationship": "Inner","Parallel Aware": false,"Async Capable": false,"Startup Cost": 1.25,"Total Cost": 1.25,"Plan Rows": 25,"Plan Width": 108,"Actual Startup Time": 0.109,"Actual Total Time": 0.115,"Actual Rows": 25,"Actual Loops": 4,"Hash Buckets": 1024,"Original Hash Buckets": 1024,"Hash Batches": 1,"Original Hash Batches": 1,"Peak Memory Usage": 10,"Workers": [],"Plans": [{"Node Type": "Seq Scan","Parent Relationship": "Outer","Parallel Aware": false,"Async Capable": false,"Relation Name": "nation","Alias": "nation","Startup Cost": 0.00,"Total Cost": 1.25,"Plan Rows": 25,"Plan Width": 108,"Actual Startup Time": 0.076,"Actual Total Time": 0.083,"Actual Rows": 25,"Actual Loops": 4,"Workers": []}]}]}]}]}]},"Planning Time": 6.852,"Triggers": [],"Execution Time": 641.259}]
[{"Plan": {"Node Type": "Sort","Parallel Aware": false,"Async Capable": false,"Startup Cost": 132166.82,"Total Cost": 132310.11,"Plan Rows": 57318,"Plan Width": 280,"Actual Startup Time": 590.000,"Actual Total Time": 630.537,"Actual Rows": 37972,"Actual Loops": 1,"Sort Key": ["(sum((lineitem.l_extendedprice * ('1'::numeric - lineitem.l_discount)))) DESC"],"Sort Method": "quicksort","Sort Space Used": 9843,"Sort Space Type": "Memory","Plans": [{"Node Type": "Aggregate","Strategy": "Hashed","Partial Mode": "Simple","Parent Relationship": "Outer","Parallel Aware": false,"Async Capable": false,"Startup Cost": 126920.30,"Total Cost": 127636.77,"Plan Rows": 57318,"Plan Width": 280,"Actual Startup Time": 413.108,"Actual Total Time": 556.129,"Actual Rows": 37972,"Actual Loops": 1,"Group Key": ["customer.c_custkey", "nation.n_name"],"Planned Partitions": 0,"HashAgg Batches": 1,"Peak Memory Usage": 26129,"Disk Usage": 0,"Plans": [{"Node Type": "Gather","Parent Relationship": "Outer","Parallel Aware": false,"Async Capable": false,"Startup Cost": 6798.29,"Total Cost": 126203.82,"Plan Rows": 57318,"Plan Width": 260,"Actual Startup Time": 77.619,"Actual Total Time": 286.194,"Actual Rows": 114459,"Actual Loops": 1,"Workers Planned": 3,"Workers Launched": 3,"Single Copy": false,"Plans": [{"Node Type": "Hash Join","Parent Relationship": "Outer","Parallel Aware": false,"Async Capable": false,"Join Type": "Inner","Startup Cost": 5798.29,"Total Cost": 119472.02,"Plan Rows": 18490,"Plan Width": 260,"Actual Startup Time": 70.122,"Actual Total Time": 358.029,"Actual Rows": 28615,"Actual Loops": 4,"Inner Unique": true,"Hash Cond": "(customer.c_nationkey = nation.n_nationkey)","Workers": [],"Plans": [{"Node Type": "Hash Join","Parent Relationship": "Outer","Parallel Aware": true,"Async Capable": false,"Join Type": "Inner","Startup Cost": 5796.73,"Total Cost": 119413.69,"Plan Rows": 18490,"Plan Width": 160,"Actual Startup Time": 69.815,"Actual Total Time": 349.575,"Actual Rows": 28615,"Actual Loops": 4,"Inner Unique": true,"Hash Cond": "(orders.o_custkey = customer.c_custkey)","Workers": [],"Plans": [{"Node Type": "Nested Loop","Parent Relationship": "Outer","Parallel Aware": false,"Async Capable": false,"Join Type": "Inner","Startup Cost": 805.48,"Total Cost": 114373.91,"Plan Rows": 18490,"Plan Width": 16,"Actual Startup Time": 13.081,"Actual Total Time": 249.954,"Actual Rows": 28615,"Actual Loops": 4,"Inner Unique": false,"Workers": [],"Plans": [{"Node Type": "Bitmap Heap Scan","Parent Relationship": "Outer","Parallel Aware": true,"Async Capable": false,"Relation Name": "orders","Alias": "orders","Startup Cost": 805.05,"Total Cost": 27181.70,"Plan Rows": 18776,"Plan Width": 8,"Actual Startup Time": 13.019,"Actual Total Time": 71.418,"Actual Rows": 14305,"Actual Loops": 4,"Recheck Cond": "((o_orderdate >= '1994-10-01'::date) AND (o_orderdate < '1995-01-01 00:00:00'::timestamp without time zone))","Rows Removed by Index Recheck": 0,"Exact Heap Blocks": 3518,"Lossy Heap Blocks": 0,"Workers": [],"Plans": [{"Node Type": "Bitmap Index Scan","Parent Relationship": "Outer","Parallel Aware": false,"Async Capable": false,"Index Name": "idx_orders_orderdate","Startup Cost": 0.00,"Total Cost": 790.50,"Plan Rows": 58207,"Plan Width": 0,"Actual Startup Time": 9.954,"Actual Total Time": 9.955,"Actual Rows": 57219,"Actual Loops": 1,"Index Cond": "((o_orderdate >= '1994-10-01'::date) AND (o_orderdate < '1995-01-01 00:00:00'::timestamp without time zone))","Workers": []}]},{"Node Type": "Index Scan","Parent Relationship": "Inner","Parallel Aware": false,"Async Capable": false,"Scan Direction": "Forward","Index Name": "idx_lineitem_orderkey","Relation Name": "lineitem","Alias": "lineitem","Startup Cost": 0.43,"Total Cost": 4.60,"Plan Rows": 4,"Plan Width": 16,"Actual Startup Time": 0.010,"Actual Total Time": 0.012,"Actual Rows": 2,"Actual Loops": 57219,"Index Cond": "(l_orderkey = orders.o_orderkey)","Rows Removed by Index Recheck": 0,"Filter": "(l_returnflag = 'R'::bpchar)","Rows Removed by Filter": 2,"Workers": []}]},{"Node Type": "Hash","Parent Relationship": "Inner","Parallel Aware": true,"Async Capable": false,"Startup Cost": 4210.00,"Total Cost": 4210.00,"Plan Rows": 62500,"Plan Width": 148,"Actual Startup Time": 56.184,"Actual Total Time": 56.192,"Actual Rows": 37500,"Actual Loops": 4,"Hash Buckets": 262144,"Original Hash Buckets": 262144,"Hash Batches": 1,"Original Hash Batches": 1,"Peak Memory Usage": 29344,"Workers": [],"Plans": [{"Node Type": "Seq Scan","Parent Relationship": "Outer","Parallel Aware": true,"Async Capable": false,"Relation Name": "customer","Alias": "customer","Startup Cost": 0.00,"Total Cost": 4210.00,"Plan Rows": 62500,"Plan Width": 148,"Actual Startup Time": 0.017,"Actual Total Time": 25.696,"Actual Rows": 37500,"Actual Loops": 4,"Workers": []}]}]},{"Node Type": "Hash","Parent Relationship": "Inner","Parallel Aware": false,"Async Capable": false,"Startup Cost": 1.25,"Total Cost": 1.25,"Plan Rows": 25,"Plan Width": 108,"Actual Startup Time": 0.071,"Actual Total Time": 0.075,"Actual Rows": 25,"Actual Loops": 4,"Hash Buckets": 1024,"Original Hash Buckets": 1024,"Hash Batches": 1,"Original Hash Batches": 1,"Peak Memory Usage": 10,"Workers": [],"Plans": [{"Node Type": "Seq Scan","Parent Relationship": "Outer","Parallel Aware": false,"Async Capable": false,"Relation Name": "nation","Alias": "nation","Startup Cost": 0.00,"Total Cost": 1.25,"Plan Rows": 25,"Plan Width": 108,"Actual Startup Time": 0.050,"Actual Total Time": 0.053,"Actual Rows": 25,"Actual Loops": 4,"Workers": []}]}]}]}]}]},"Planning Time": 7.724,"Triggers": [],"Execution Time": 636.921}]
[{"Plan": {"Node Type": "Sort","Parallel Aware": false,"Async Capable": false,"Startup Cost": 130975.09,"Total Cost": 131116.14,"Plan Rows": 56420,"Plan Width": 280,"Actual Startup Time": 559.129,"Actual Total Time": 601.162,"Actual Rows": 37859,"Actual Loops": 1,"Sort Key": ["(sum((lineitem.l_extendedprice * ('1'::numeric - lineitem.l_discount)))) DESC"],"Sort Method": "quicksort","Sort Space Used": 9818,"Sort Space Type": "Memory","Plans": [{"Node Type": "Aggregate","Strategy": "Hashed","Partial Mode": "Simple","Parent Relationship": "Outer","Parallel Aware": false,"Async Capable": false,"Startup Cost": 125817.20,"Total Cost": 126522.45,"Plan Rows": 56420,"Plan Width": 280,"Actual Startup Time": 383.531,"Actual Total Time": 530.212,"Actual Rows": 37859,"Actual Loops": 1,"Group Key": ["customer.c_custkey", "nation.n_name"],"Planned Partitions": 0,"HashAgg Batches": 1,"Peak Memory Usage": 26129,"Disk Usage": 0,"Plans": [{"Node Type": "Gather","Parent Relationship": "Outer","Parallel Aware": false,"Async Capable": false,"Startup Cost": 6784.95,"Total Cost": 125111.95,"Plan Rows": 56420,"Plan Width": 260,"Actual Startup Time": 70.081,"Actual Total Time": 265.015,"Actual Rows": 114028,"Actual Loops": 1,"Workers Planned": 3,"Workers Launched": 3,"Single Copy": false,"Plans": [{"Node Type": "Hash Join","Parent Relationship": "Outer","Parallel Aware": false,"Async Capable": false,"Join Type": "Inner","Startup Cost": 5784.95,"Total Cost": 118469.95,"Plan Rows": 18200,"Plan Width": 260,"Actual Startup Time": 62.841,"Actual Total Time": 330.296,"Actual Rows": 28507,"Actual Loops": 4,"Inner Unique": true,"Hash Cond": "(customer.c_nationkey = nation.n_nationkey)","Workers": [],"Plans": [{"Node Type": "Hash Join","Parent Relationship": "Outer","Parallel Aware": true,"Async Capable": false,"Join Type": "Inner","Startup Cost": 5783.38,"Total Cost": 118412.51,"Plan Rows": 18200,"Plan Width": 160,"Actual Startup Time": 62.430,"Actual Total Time": 322.490,"Actual Rows": 28507,"Actual Loops": 4,"Inner Unique": true,"Hash Cond": "(orders.o_custkey = customer.c_custkey)","Workers": [],"Plans": [{"Node Type": "Nested Loop","Parent Relationship": "Outer","Parallel Aware": false,"Async Capable": false,"Join Type": "Inner","Startup Cost": 792.13,"Total Cost": 113373.49,"Plan Rows": 18200,"Plan Width": 16,"Actual Startup Time": 13.021,"Actual Total Time": 238.266,"Actual Rows": 28507,"Actual Loops": 4,"Inner Unique": false,"Workers": [],"Plans": [{"Node Type": "Bitmap Heap Scan","Parent Relationship": "Outer","Parallel Aware": true,"Async Capable": false,"Relation Name": "orders","Alias": "orders","Startup Cost": 791.70,"Total Cost": 27163.94,"Plan Rows": 18482,"Plan Width": 8,"Actual Startup Time": 12.954,"Actual Total Time": 66.534,"Actual Rows": 14234,"Actual Loops": 4,"Recheck Cond": "((o_orderdate >= '1993-03-01'::date) AND (o_orderdate < '1993-06-01 00:00:00'::timestamp without time zone))","Rows Removed by Index Recheck": 0,"Exact Heap Blocks": 3517,"Lossy Heap Blocks": 0,"Workers": [],"Plans": [{"Node Type": "Bitmap Index Scan","Parent Relationship": "Outer","Parallel Aware": false,"Async Capable": false,"Index Name": "idx_orders_orderdate","Startup Cost": 0.00,"Total Cost": 777.38,"Plan Rows": 57295,"Plan Width": 0,"Actual Startup Time": 9.836,"Actual Total Time": 9.842,"Actual Rows": 56934,"Actual Loops": 1,"Index Cond": "((o_orderdate >= '1993-03-01'::date) AND (o_orderdate < '1993-06-01 00:00:00'::timestamp without time zone))","Workers": []}]},{"Node Type": "Index Scan","Parent Relationship": "Inner","Parallel Aware": false,"Async Capable": false,"Scan Direction": "Forward","Index Name": "idx_lineitem_orderkey","Relation Name": "lineitem","Alias": "lineitem","Startup Cost": 0.43,"Total Cost": 4.62,"Plan Rows": 4,"Plan Width": 16,"Actual Startup Time": 0.010,"Actual Total Time": 0.012,"Actual Rows": 2,"Actual Loops": 56934,"Index Cond": "(l_orderkey = orders.o_orderkey)","Rows Removed by Index Recheck": 0,"Filter": "(l_returnflag = 'R'::bpchar)","Rows Removed by Filter": 2,"Workers": []}]},{"Node Type": "Hash","Parent Relationship": "Inner","Parallel Aware": true,"Async Capable": false,"Startup Cost": 4210.00,"Total Cost": 4210.00,"Plan Rows": 62500,"Plan Width": 148,"Actual Startup Time": 48.797,"Actual Total Time": 48.806,"Actual Rows": 37500,"Actual Loops": 4,"Hash Buckets": 262144,"Original Hash Buckets": 262144,"Hash Batches": 1,"Original Hash Batches": 1,"Peak Memory Usage": 29344,"Workers": [],"Plans": [{"Node Type": "Seq Scan","Parent Relationship": "Outer","Parallel Aware": true,"Async Capable": false,"Relation Name": "customer","Alias": "customer","Startup Cost": 0.00,"Total Cost": 4210.00,"Plan Rows": 62500,"Plan Width": 148,"Actual Startup Time": 0.027,"Actual Total Time": 20.617,"Actual Rows": 37500,"Actual Loops": 4,"Workers": []}]}]},{"Node Type": "Hash","Parent Relationship": "Inner","Parallel Aware": false,"Async Capable": false,"Startup Cost": 1.25,"Total Cost": 1.25,"Plan Rows": 25,"Plan Width": 108,"Actual Startup Time": 0.102,"Actual Total Time": 0.108,"Actual Rows": 25,"Actual Loops": 4,"Hash Buckets": 1024,"Original Hash Buckets": 1024,"Hash Batches": 1,"Original Hash Batches": 1,"Peak Memory Usage": 10,"Workers": [],"Plans": [{"Node Type": "Seq Scan","Parent Relationship": "Outer","Parallel Aware": false,"Async Capable": false,"Relation Name": "nation","Alias": "nation","Startup Cost": 0.00,"Total Cost": 1.25,"Plan Rows": 25,"Plan Width": 108,"Actual Startup Time": 0.068,"Actual Total Time": 0.076,"Actual Rows": 25,"Actual Loops": 4,"Workers": []}]}]}]}]}]},"Planning Time": 7.017,"Triggers": [],"Execution Time": 606.974}]
[{"Plan": {"Node Type": "Sort","Parallel Aware": false,"Async Capable": false,"Startup Cost": 130809.03,"Total Cost": 130949.76,"Plan Rows": 56293,"Plan Width": 280,"Actual Startup Time": 582.640,"Actual Total Time": 623.609,"Actual Rows": 37618,"Actual Loops": 1,"Sort Key": ["(sum((lineitem.l_extendedprice * ('1'::numeric - lineitem.l_discount)))) DESC"],"Sort Method": "quicksort","Sort Space Used": 9764,"Sort Space Type": "Memory","Plans": [{"Node Type": "Aggregate","Strategy": "Hashed","Partial Mode": "Simple","Parent Relationship": "Outer","Parallel Aware": false,"Async Capable": false,"Startup Cost": 125663.66,"Total Cost": 126367.32,"Plan Rows": 56293,"Plan Width": 280,"Actual Startup Time": 404.905,"Actual Total Time": 550.580,"Actual Rows": 37618,"Actual Loops": 1,"Group Key": ["customer.c_custkey", "nation.n_name"],"Planned Partitions": 0,"HashAgg Batches": 1,"Peak Memory Usage": 26129,"Disk Usage": 0,"Plans": [{"Node Type": "Gather","Parent Relationship": "Outer","Parallel Aware": false,"Async Capable": false,"Startup Cost": 6783.62,"Total Cost": 124960.00,"Plan Rows": 56293,"Plan Width": 260,"Actual Startup Time": 77.508,"Actual Total Time": 283.856,"Actual Rows": 113037,"Actual Loops": 1,"Workers Planned": 3,"Workers Launched": 3,"Single Copy": false,"Plans": [{"Node Type": "Hash Join","Parent Relationship": "Outer","Parallel Aware": false,"Async Capable": false,"Join Type": "Inner","Startup Cost": 5783.62,"Total Cost": 118330.70,"Plan Rows": 18159,"Plan Width": 260,"Actual Startup Time": 69.943,"Actual Total Time": 350.172,"Actual Rows": 28259,"Actual Loops": 4,"Inner Unique": true,"Hash Cond": "(customer.c_nationkey = nation.n_nationkey)","Workers": [],"Plans": [{"Node Type": "Hash Join","Parent Relationship": "Outer","Parallel Aware": true,"Async Capable": false,"Join Type": "Inner","Startup Cost": 5782.06,"Total Cost": 118273.39,"Plan Rows": 18159,"Plan Width": 160,"Actual Startup Time": 69.505,"Actual Total Time": 341.161,"Actual Rows": 28259,"Actual Loops": 4,"Inner Unique": true,"Hash Cond": "(orders.o_custkey = customer.c_custkey)","Workers": [],"Plans": [{"Node Type": "Nested Loop","Parent Relationship": "Outer","Parallel Aware": false,"Async Capable": false,"Join Type": "Inner","Startup Cost": 790.81,"Total Cost": 113234.47,"Plan Rows": 18159,"Plan Width": 16,"Actual Startup Time": 13.628,"Actual Total Time": 244.904,"Actual Rows": 28259,"Actual Loops": 4,"Inner Unique": false,"Workers": [],"Plans": [{"Node Type": "Bitmap Heap Scan","Parent Relationship": "Outer","Parallel Aware": true,"Async Capable": false,"Relation Name": "orders","Alias": "orders","Startup Cost": 790.38,"Total Cost": 27161.99,"Plan Rows": 18441,"Plan Width": 8,"Actual Startup Time": 13.544,"Actual Total Time": 67.991,"Actual Rows": 14129,"Actual Loops": 4,"Recheck Cond": "((o_orderdate >= '1994-09-01'::date) AND (o_orderdate < '1994-12-01 00:00:00'::timestamp without time zone))","Rows Removed by Index Recheck": 0,"Exact Heap Blocks": 3515,"Lossy Heap Blocks": 0,"Workers": [],"Plans": [{"Node Type": "Bitmap Index Scan","Parent Relationship": "Outer","Parallel Aware": false,"Async Capable": false,"Index Name": "idx_orders_orderdate","Startup Cost": 0.00,"Total Cost": 776.09,"Plan Rows": 57166,"Plan Width": 0,"Actual Startup Time": 10.241,"Actual Total Time": 10.248,"Actual Rows": 56516,"Actual Loops": 1,"Index Cond": "((o_orderdate >= '1994-09-01'::date) AND (o_orderdate < '1994-12-01 00:00:00'::timestamp without time zone))","Workers": []}]},{"Node Type": "Index Scan","Parent Relationship": "Inner","Parallel Aware": false,"Async Capable": false,"Scan Direction": "Forward","Index Name": "idx_lineitem_orderkey","Relation Name": "lineitem","Alias": "lineitem","Startup Cost": 0.43,"Total Cost": 4.63,"Plan Rows": 4,"Plan Width": 16,"Actual Startup Time": 0.010,"Actual Total Time": 0.012,"Actual Rows": 2,"Actual Loops": 56516,"Index Cond": "(l_orderkey = orders.o_orderkey)","Rows Removed by Index Recheck": 0,"Filter": "(l_returnflag = 'R'::bpchar)","Rows Removed by Filter": 2,"Workers": []}]},{"Node Type": "Hash","Parent Relationship": "Inner","Parallel Aware": true,"Async Capable": false,"Startup Cost": 4210.00,"Total Cost": 4210.00,"Plan Rows": 62500,"Plan Width": 148,"Actual Startup Time": 55.246,"Actual Total Time": 55.254,"Actual Rows": 37500,"Actual Loops": 4,"Hash Buckets": 262144,"Original Hash Buckets": 262144,"Hash Batches": 1,"Original Hash Batches": 1,"Peak Memory Usage": 29280,"Workers": [],"Plans": [{"Node Type": "Seq Scan","Parent Relationship": "Outer","Parallel Aware": true,"Async Capable": false,"Relation Name": "customer","Alias": "customer","Startup Cost": 0.00,"Total Cost": 4210.00,"Plan Rows": 62500,"Plan Width": 148,"Actual Startup Time": 0.029,"Actual Total Time": 24.927,"Actual Rows": 37500,"Actual Loops": 4,"Workers": []}]}]},{"Node Type": "Hash","Parent Relationship": "Inner","Parallel Aware": false,"Async Capable": false,"Startup Cost": 1.25,"Total Cost": 1.25,"Plan Rows": 25,"Plan Width": 108,"Actual Startup Time": 0.092,"Actual Total Time": 0.096,"Actual Rows": 25,"Actual Loops": 4,"Hash Buckets": 1024,"Original Hash Buckets": 1024,"Hash Batches": 1,"Original Hash Batches": 1,"Peak Memory Usage": 10,"Workers": [],"Plans": [{"Node Type": "Seq Scan","Parent Relationship": "Outer","Parallel Aware": false,"Async Capable": false,"Relation Name": "nation","Alias": "nation","Startup Cost": 0.00,"Total Cost": 1.25,"Plan Rows": 25,"Plan Width": 108,"Actual Startup Time": 0.062,"Actual Total Time": 0.068,"Actual Rows": 25,"Actual Loops": 4,"Workers": []}]}]}]}]}]},"Planning Time": 5.868,"Triggers": [],"Execution Time": 629.137}]
[{"Plan": {"Node Type": "Sort","Parallel Aware": false,"Async Capable": false,"Startup Cost": 128172.02,"Total Cost": 128307.83,"Plan Rows": 54323,"Plan Width": 280,"Actual Startup Time": 580.875,"Actual Total Time": 621.555,"Actual Rows": 37633,"Actual Loops": 1,"Sort Key": ["(sum((lineitem.l_extendedprice * ('1'::numeric - lineitem.l_discount)))) DESC"],"Sort Method": "quicksort","Sort Space Used": 9771,"Sort Space Type": "Memory","Plans": [{"Node Type": "Aggregate","Strategy": "Hashed","Partial Mode": "Simple","Parent Relationship": "Outer","Parallel Aware": false,"Async Capable": false,"Startup Cost": 123220.68,"Total Cost": 123899.72,"Plan Rows": 54323,"Plan Width": 280,"Actual Startup Time": 405.186,"Actual Total Time": 549.451,"Actual Rows": 37633,"Actual Loops": 1,"Group Key": ["customer.c_custkey", "nation.n_name"],"Planned Partitions": 0,"HashAgg Batches": 1,"Peak Memory Usage": 26129,"Disk Usage": 0,"Plans": [{"Node Type": "Gather","Parent Relationship": "Outer","Parallel Aware": false,"Async Capable": false,"Startup Cost": 6755.11,"Total Cost": 122541.64,"Plan Rows": 54323,"Plan Width": 260,"Actual Startup Time": 76.087,"Actual Total Time": 280.080,"Actual Rows": 112740,"Actual Loops": 1,"Workers Planned": 3,"Workers Launched": 3,"Single Copy": false,"Plans": [{"Node Type": "Hash Join","Parent Relationship": "Outer","Parallel Aware": false,"Async Capable": false,"Join Type": "Inner","Startup Cost": 5755.11,"Total Cost": 116109.34,"Plan Rows": 17524,"Plan Width": 260,"Actual Startup Time": 69.042,"Actual Total Time": 350.531,"Actual Rows": 28185,"Actual Loops": 4,"Inner Unique": true,"Hash Cond": "(customer.c_nationkey = nation.n_nationkey)","Workers": [],"Plans": [{"Node Type": "Hash Join","Parent Relationship": "Outer","Parallel Aware": true,"Async Capable": false,"Join Type": "Inner","Startup Cost": 5753.55,"Total Cost": 116053.98,"Plan Rows": 17524,"Plan Width": 160,"Actual Startup Time": 68.729,"Actual Total Time": 342.552,"Actual Rows": 28185,"Actual Loops": 4,"Inner Unique": true,"Hash Cond": "(orders.o_custkey = customer.c_custkey)","Workers": [],"Plans": [{"Node Type": "Nested Loop","Parent Relationship": "Outer","Parallel Aware": false,"Async Capable": false,"Join Type": "Inner","Startup Cost": 762.30,"Total Cost": 111016.73,"Plan Rows": 17524,"Plan Width": 16,"Actual Startup Time": 13.194,"Actual Total Time": 245.701,"Actual Rows": 28185,"Actual Loops": 4,"Inner Unique": false,"Workers": [],"Plans": [{"Node Type": "Bitmap Heap Scan","Parent Relationship": "Outer","Parallel Aware": true,"Async Capable": false,"Relation Name": "orders","Alias": "orders","Startup Cost": 761.87,"Total Cost": 27123.80,"Plan Rows": 17795,"Plan Width": 8,"Actual Startup Time": 13.139,"Actual Total Time": 70.147,"Actual Rows": 14108,"Actual Loops": 4,"Recheck Cond": "((o_orderdate >= '1993-04-01'::date) AND (o_orderdate < '1993-07-01 00:00:00'::timestamp without time zone))","Rows Removed by Index Recheck": 0,"Exact Heap Blocks": 3504,"Lossy Heap Blocks": 0,"Workers": [],"Plans": [{"Node Type": "Bitmap Index Scan","Parent Relationship": "Outer","Parallel Aware": false,"Async Capable": false,"Index Name": "idx_orders_orderdate","Startup Cost": 0.00,"Total Cost": 748.08,"Plan Rows": 55165,"Plan Width": 0,"Actual Startup Time": 10.077,"Actual Total Time": 10.080,"Actual Rows": 56434,"Actual Loops": 1,"Index Cond": "((o_orderdate >= '1993-04-01'::date) AND (o_orderdate < '1993-07-01 00:00:00'::timestamp without time zone))","Workers": []}]},{"Node Type": "Index Scan","Parent Relationship": "Inner","Parallel Aware": false,"Async Capable": false,"Scan Direction": "Forward","Index Name": "idx_lineitem_orderkey","Relation Name": "lineitem","Alias": "lineitem","Startup Cost": 0.43,"Total Cost": 4.67,"Plan Rows": 4,"Plan Width": 16,"Actual Startup Time": 0.010,"Actual Total Time": 0.012,"Actual Rows": 2,"Actual Loops": 56434,"Index Cond": "(l_orderkey = orders.o_orderkey)","Rows Removed by Index Recheck": 0,"Filter": "(l_returnflag = 'R'::bpchar)","Rows Removed by Filter": 2,"Workers": []}]},{"Node Type": "Hash","Parent Relationship": "Inner","Parallel Aware": true,"Async Capable": false,"Startup Cost": 4210.00,"Total Cost": 4210.00,"Plan Rows": 62500,"Plan Width": 148,"Actual Startup Time": 54.995,"Actual Total Time": 55.002,"Actual Rows": 37500,"Actual Loops": 4,"Hash Buckets": 262144,"Original Hash Buckets": 262144,"Hash Batches": 1,"Original Hash Batches": 1,"Peak Memory Usage": 29312,"Workers": [],"Plans": [{"Node Type": "Seq Scan","Parent Relationship": "Outer","Parallel Aware": true,"Async Capable": false,"Relation Name": "customer","Alias": "customer","Startup Cost": 0.00,"Total Cost": 4210.00,"Plan Rows": 62500,"Plan Width": 148,"Actual Startup Time": 0.020,"Actual Total Time": 23.497,"Actual Rows": 37500,"Actual Loops": 4,"Workers": []}]}]},{"Node Type": "Hash","Parent Relationship": "Inner","Parallel Aware": false,"Async Capable": false,"Startup Cost": 1.25,"Total Cost": 1.25,"Plan Rows": 25,"Plan Width": 108,"Actual Startup Time": 0.072,"Actual Total Time": 0.079,"Actual Rows": 25,"Actual Loops": 4,"Hash Buckets": 1024,"Original Hash Buckets": 1024,"Hash Batches": 1,"Original Hash Batches": 1,"Peak Memory Usage": 10,"Workers": [],"Plans": [{"Node Type": "Seq Scan","Parent Relationship": "Outer","Parallel Aware": false,"Async Capable": false,"Relation Name": "nation","Alias": "nation","Startup Cost": 0.00,"Total Cost": 1.25,"Plan Rows": 25,"Plan Width": 108,"Actual Startup Time": 0.049,"Actual Total Time": 0.055,"Actual Rows": 25,"Actual Loops": 4,"Workers": []}]}]}]}]}]},"Planning Time": 7.486,"Triggers": [],"Execution Time": 627.374}]
[{"Plan": {"Node Type": "Sort","Parallel Aware": false,"Async Capable": false,"Startup Cost": 132365.07,"Total Cost": 132508.74,"Plan Rows": 57466,"Plan Width": 280,"Actual Startup Time": 604.092,"Actual Total Time": 644.113,"Actual Rows": 37690,"Actual Loops": 1,"Sort Key": ["(sum((lineitem.l_extendedprice * ('1'::numeric - lineitem.l_discount)))) DESC"],"Sort Method": "quicksort","Sort Space Used": 9779,"Sort Space Type": "Memory","Plans": [{"Node Type": "Aggregate","Strategy": "Hashed","Partial Mode": "Simple","Parent Relationship": "Outer","Parallel Aware": false,"Async Capable": false,"Startup Cost": 127103.94,"Total Cost": 127822.26,"Plan Rows": 57466,"Plan Width": 280,"Actual Startup Time": 420.502,"Actual Total Time": 570.586,"Actual Rows": 37690,"Actual Loops": 1,"Group Key": ["customer.c_custkey", "nation.n_name"],"Planned Partitions": 0,"HashAgg Batches": 1,"Peak Memory Usage": 26129,"Disk Usage": 0,"Plans": [{"Node Type": "Gather","Parent Relationship": "Outer","Parallel Aware": false,"Async Capable": false,"Startup Cost": 6799.83,"Total Cost": 126385.61,"Plan Rows": 57466,"Plan Width": 260,"Actual Startup Time": 84.807,"Actual Total Time": 291.020,"Actual Rows": 113599,"Actual Loops": 1,"Workers Planned": 3,"Workers Launched": 3,"Single Copy": false,"Plans": [{"Node Type": "Hash Join","Parent Relationship": "Outer","Parallel Aware": false,"Async Capable": false,"Join Type": "Inner","Startup Cost": 5799.83,"Total Cost": 119639.01,"Plan Rows": 18537,"Plan Width": 260,"Actual Startup Time": 77.448,"Actual Total Time": 365.330,"Actual Rows": 28400,"Actual Loops": 4,"Inner Unique": true,"Hash Cond": "(customer.c_nationkey = nation.n_nationkey)","Workers": [],"Plans": [{"Node Type": "Hash Join","Parent Relationship": "Outer","Parallel Aware": true,"Async Capable": false,"Join Type": "Inner","Startup Cost": 5798.27,"Total Cost": 119580.55,"Plan Rows": 18537,"Plan Width": 160,"Actual Startup Time": 76.978,"Actual Total Time": 356.100,"Actual Rows": 28400,"Actual Loops": 4,"Inner Unique": true,"Hash Cond": "(orders.o_custkey = customer.c_custkey)","Workers": [],"Plans": [{"Node Type": "Nested Loop","Parent Relationship": "Outer","Parallel Aware": false,"Async Capable": false,"Join Type": "Inner","Startup Cost": 807.02,"Total Cost": 114540.64,"Plan Rows": 18537,"Plan Width": 16,"Actual Startup Time": 13.069,"Actual Total Time": 252.235,"Actual Rows": 28400,"Actual Loops": 4,"Inner Unique": false,"Workers": [],"Plans": [{"Node Type": "Bitmap Heap Scan","Parent Relationship": "Outer","Parallel Aware": true,"Async Capable": false,"Relation Name": "orders","Alias": "orders","Startup Cost": 806.59,"Total Cost": 27183.96,"Plan Rows": 18825,"Plan Width": 8,"Actual Startup Time": 13.002,"Actual Total Time": 70.665,"Actual Rows": 14161,"Actual Loops": 4,"Recheck Cond": "((o_orderdate >= '1994-04-01'::date) AND (o_orderdate < '1994-07-01 00:00:00'::timestamp without time zone))","Rows Removed by Index Recheck": 0,"Exact Heap Blocks": 3668,"Lossy Heap Blocks": 0,"Workers": [],"Plans": [{"Node Type": "Bitmap Index Scan","Parent Relationship": "Outer","Parallel Aware": false,"Async Capable": false,"Index Name": "idx_orders_orderdate","Startup Cost": 0.00,"Total Cost": 792.00,"Plan Rows": 58357,"Plan Width": 0,"Actual Startup Time": 9.907,"Actual Total Time": 9.915,"Actual Rows": 56645,"Actual Loops": 1,"Index Cond": "((o_orderdate >= '1994-04-01'::date) AND (o_orderdate < '1994-07-01 00:00:00'::timestamp without time zone))","Workers": []}]},{"Node Type": "Index Scan","Parent Relationship": "Inner","Parallel Aware": false,"Async Capable": false,"Scan Direction": "Forward","Index Name": "idx_lineitem_orderkey","Relation Name": "lineitem","Alias": "lineitem","Startup Cost": 0.43,"Total Cost": 4.60,"Plan Rows": 4,"Plan Width": 16,"Actual Startup Time": 0.010,"Actual Total Time": 0.012,"Actual Rows": 2,"Actual Loops": 56645,"Index Cond": "(l_orderkey = orders.o_orderkey)","Rows Removed by Index Recheck": 0,"Filter": "(l_returnflag = 'R'::bpchar)","Rows Removed by Filter": 2,"Workers": []}]},{"Node Type": "Hash","Parent Relationship": "Inner","Parallel Aware": true,"Async Capable": false,"Startup Cost": 4210.00,"Total Cost": 4210.00,"Plan Rows": 62500,"Plan Width": 148,"Actual Startup Time": 63.332,"Actual Total Time": 63.338,"Actual Rows": 37500,"Actual Loops": 4,"Hash Buckets": 262144,"Original Hash Buckets": 262144,"Hash Batches": 1,"Original Hash Batches": 1,"Peak Memory Usage": 29344,"Workers": [],"Plans": [{"Node Type": "Seq Scan","Parent Relationship": "Outer","Parallel Aware": true,"Async Capable": false,"Relation Name": "customer","Alias": "customer","Startup Cost": 0.00,"Total Cost": 4210.00,"Plan Rows": 62500,"Plan Width": 148,"Actual Startup Time": 0.025,"Actual Total Time": 28.533,"Actual Rows": 37500,"Actual Loops": 4,"Workers": []}]}]},{"Node Type": "Hash","Parent Relationship": "Inner","Parallel Aware": false,"Async Capable": false,"Startup Cost": 1.25,"Total Cost": 1.25,"Plan Rows": 25,"Plan Width": 108,"Actual Startup Time": 0.107,"Actual Total Time": 0.110,"Actual Rows": 25,"Actual Loops": 4,"Hash Buckets": 1024,"Original Hash Buckets": 1024,"Hash Batches": 1,"Original Hash Batches": 1,"Peak Memory Usage": 10,"Workers": [],"Plans": [{"Node Type": "Seq Scan","Parent Relationship": "Outer","Parallel Aware": false,"Async Capable": false,"Relation Name": "nation","Alias": "nation","Startup Cost": 0.00,"Total Cost": 1.25,"Plan Rows": 25,"Plan Width": 108,"Actual Startup Time": 0.074,"Actual Total Time": 0.080,"Actual Rows": 25,"Actual Loops": 4,"Workers": []}]}]}]}]}]},"Planning Time": 6.317,"Triggers": [],"Execution Time": 648.403}]
[{"Plan": {"Node Type": "Sort","Parallel Aware": false,"Async Capable": false,"Startup Cost": 134586.43,"Total Cost": 134734.30,"Plan Rows": 59150,"Plan Width": 280,"Actual Startup Time": 563.586,"Actual Total Time": 604.383,"Actual Rows": 37293,"Actual Loops": 1,"Sort Key": ["(sum((lineitem.l_extendedprice * ('1'::numeric - lineitem.l_discount)))) DESC"],"Sort Method": "quicksort","Sort Space Used": 9691,"Sort Space Type": "Memory","Plans": [{"Node Type": "Aggregate","Strategy": "Hashed","Partial Mode": "Simple","Parent Relationship": "Outer","Parallel Aware": false,"Async Capable": false,"Startup Cost": 129158.80,"Total Cost": 129898.17,"Plan Rows": 59150,"Plan Width": 280,"Actual Startup Time": 392.436,"Actual Total Time": 532.730,"Actual Rows": 37293,"Actual Loops": 1,"Group Key": ["customer.c_custkey", "nation.n_name"],"Planned Partitions": 0,"HashAgg Batches": 1,"Peak Memory Usage": 27665,"Disk Usage": 0,"Plans": [{"Node Type": "Gather","Parent Relationship": "Outer","Parallel Aware": false,"Async Capable": false,"Startup Cost": 6825.36,"Total Cost": 128419.42,"Plan Rows": 59150,"Plan Width": 260,"Actual Startup Time": 75.957,"Actual Total Time": 271.680,"Actual Rows": 108779,"Actual Loops": 1,"Workers Planned": 3,"Workers Launched": 3,"Single Copy": false,"Plans": [{"Node Type": "Hash Join","Parent Relationship": "Outer","Parallel Aware": false,"Async Capable": false,"Join Type": "Inner","Startup Cost": 5825.36,"Total Cost": 121504.42,"Plan Rows": 19081,"Plan Width": 260,"Actual Startup Time": 69.040,"Actual Total Time": 339.341,"Actual Rows": 27195,"Actual Loops": 4,"Inner Unique": true,"Hash Cond": "(customer.c_nationkey = nation.n_nationkey)","Workers": [],"Plans": [{"Node Type": "Hash Join","Parent Relationship": "Outer","Parallel Aware": true,"Async Capable": false,"Join Type": "Inner","Startup Cost": 5823.80,"Total Cost": 121444.28,"Plan Rows": 19081,"Plan Width": 160,"Actual Startup Time": 68.657,"Actual Total Time": 330.758,"Actual Rows": 27195,"Actual Loops": 4,"Inner Unique": true,"Hash Cond": "(orders.o_custkey = customer.c_custkey)","Workers": [],"Plans": [{"Node Type": "Nested Loop","Parent Relationship": "Outer","Parallel Aware": false,"Async Capable": false,"Join Type": "Inner","Startup Cost": 832.55,"Total Cost": 116402.95,"Plan Rows": 19081,"Plan Width": 16,"Actual Startup Time": 13.292,"Actual Total Time": 236.377,"Actual Rows": 27195,"Actual Loops": 4,"Inner Unique": false,"Workers": [],"Plans": [{"Node Type": "Bitmap Heap Scan","Parent Relationship": "Outer","Parallel Aware": true,"Async Capable": false,"Relation Name": "orders","Alias": "orders","Startup Cost": 832.11,"Total Cost": 27217.76,"Plan Rows": 19376,"Plan Width": 8,"Actual Startup Time": 13.230,"Actual Total Time": 65.610,"Actual Rows": 14144,"Actual Loops": 4,"Recheck Cond": "((o_orderdate >= '1994-12-01'::date) AND (o_orderdate < '1995-03-01 00:00:00'::timestamp without time zone))","Rows Removed by Index Recheck": 0,"Exact Heap Blocks": 3506,"Lossy Heap Blocks": 0,"Workers": [],"Plans": [{"Node Type": "Bitmap Index Scan","Parent Relationship": "Outer","Parallel Aware": false,"Async Capable": false,"Index Name": "idx_orders_orderdate","Startup Cost": 0.00,"Total Cost": 817.10,"Plan Rows": 60067,"Plan Width": 0,"Actual Startup Time": 10.114,"Actual Total Time": 10.122,"Actual Rows": 56577,"Actual Loops": 1,"Index Cond": "((o_orderdate >= '1994-12-01'::date) AND (o_orderdate < '1995-03-01 00:00:00'::timestamp without time zone))","Workers": []}]},{"Node Type": "Index Scan","Parent Relationship": "Inner","Parallel Aware": false,"Async Capable": false,"Scan Direction": "Forward","Index Name": "idx_lineitem_orderkey","Relation Name": "lineitem","Alias": "lineitem","Startup Cost": 0.43,"Total Cost": 4.56,"Plan Rows": 4,"Plan Width": 16,"Actual Startup Time": 0.010,"Actual Total Time": 0.012,"Actual Rows": 2,"Actual Loops": 56577,"Index Cond": "(l_orderkey = orders.o_orderkey)","Rows Removed by Index Recheck": 0,"Filter": "(l_returnflag = 'R'::bpchar)","Rows Removed by Filter": 2,"Workers": []}]},{"Node Type": "Hash","Parent Relationship": "Inner","Parallel Aware": true,"Async Capable": false,"Startup Cost": 4210.00,"Total Cost": 4210.00,"Plan Rows": 62500,"Plan Width": 148,"Actual Startup Time": 54.812,"Actual Total Time": 54.818,"Actual Rows": 37500,"Actual Loops": 4,"Hash Buckets": 262144,"Original Hash Buckets": 262144,"Hash Batches": 1,"Original Hash Batches": 1,"Peak Memory Usage": 29312,"Workers": [],"Plans": [{"Node Type": "Seq Scan","Parent Relationship": "Outer","Parallel Aware": true,"Async Capable": false,"Relation Name": "customer","Alias": "customer","Startup Cost": 0.00,"Total Cost": 4210.00,"Plan Rows": 62500,"Plan Width": 148,"Actual Startup Time": 0.022,"Actual Total Time": 23.786,"Actual Rows": 37500,"Actual Loops": 4,"Workers": []}]}]},{"Node Type": "Hash","Parent Relationship": "Inner","Parallel Aware": false,"Async Capable": false,"Startup Cost": 1.25,"Total Cost": 1.25,"Plan Rows": 25,"Plan Width": 108,"Actual Startup Time": 0.089,"Actual Total Time": 0.092,"Actual Rows": 25,"Actual Loops": 4,"Hash Buckets": 1024,"Original Hash Buckets": 1024,"Hash Batches": 1,"Original Hash Batches": 1,"Peak Memory Usage": 10,"Workers": [],"Plans": [{"Node Type": "Seq Scan","Parent Relationship": "Outer","Parallel Aware": false,"Async Capable": false,"Relation Name": "nation","Alias": "nation","Startup Cost": 0.00,"Total Cost": 1.25,"Plan Rows": 25,"Plan Width": 108,"Actual Startup Time": 0.062,"Actual Total Time": 0.067,"Actual Rows": 25,"Actual Loops": 4,"Workers": []}]}]}]}]}]},"Planning Time": 7.387,"Triggers": [],"Execution Time": 611.176}]
[{"Plan": {"Node Type": "Sort","Parallel Aware": false,"Async Capable": false,"Startup Cost": 132365.07,"Total Cost": 132508.74,"Plan Rows": 57466,"Plan Width": 280,"Actual Startup Time": 604.092,"Actual Total Time": 644.113,"Actual Rows": 37690,"Actual Loops": 1,"Sort Key": ["(sum((lineitem.l_extendedprice * ('1'::numeric - lineitem.l_discount)))) DESC"],"Sort Method": "quicksort","Sort Space Used": 9779,"Sort Space Type": "Memory","Plans": [{"Node Type": "Aggregate","Strategy": "Hashed","Partial Mode": "Simple","Parent Relationship": "Outer","Parallel Aware": false,"Async Capable": false,"Startup Cost": 127103.94,"Total Cost": 127822.26,"Plan Rows": 57466,"Plan Width": 280,"Actual Startup Time": 420.502,"Actual Total Time": 570.586,"Actual Rows": 37690,"Actual Loops": 1,"Group Key": ["customer.c_custkey", "nation.n_name"],"Planned Partitions": 0,"HashAgg Batches": 1,"Peak Memory Usage": 26129,"Disk Usage": 0,"Plans": [{"Node Type": "Gather","Parent Relationship": "Outer","Parallel Aware": false,"Async Capable": false,"Startup Cost": 6799.83,"Total Cost": 126385.61,"Plan Rows": 57466,"Plan Width": 260,"Actual Startup Time": 84.807,"Actual Total Time": 291.020,"Actual Rows": 113599,"Actual Loops": 1,"Workers Planned": 3,"Workers Launched": 3,"Single Copy": false,"Plans": [{"Node Type": "Hash Join","Parent Relationship": "Outer","Parallel Aware": false,"Async Capable": false,"Join Type": "Inner","Startup Cost": 5799.83,"Total Cost": 119639.01,"Plan Rows": 18537,"Plan Width": 260,"Actual Startup Time": 77.448,"Actual Total Time": 365.330,"Actual Rows": 28400,"Actual Loops": 4,"Inner Unique": true,"Hash Cond": "(customer.c_nationkey = nation.n_nationkey)","Workers": [],"Plans": [{"Node Type": "Hash Join","Parent Relationship": "Outer","Parallel Aware": true,"Async Capable": false,"Join Type": "Inner","Startup Cost": 5798.27,"Total Cost": 119580.55,"Plan Rows": 18537,"Plan Width": 160,"Actual Startup Time": 76.978,"Actual Total Time": 356.100,"Actual Rows": 28400,"Actual Loops": 4,"Inner Unique": true,"Hash Cond": "(orders.o_custkey = customer.c_custkey)","Workers": [],"Plans": [{"Node Type": "Nested Loop","Parent Relationship": "Outer","Parallel Aware": false,"Async Capable": false,"Join Type": "Inner","Startup Cost": 807.02,"Total Cost": 114540.64,"Plan Rows": 18537,"Plan Width": 16,"Actual Startup Time": 13.069,"Actual Total Time": 252.235,"Actual Rows": 28400,"Actual Loops": 4,"Inner Unique": false,"Workers": [],"Plans": [{"Node Type": "Bitmap Heap Scan","Parent Relationship": "Outer","Parallel Aware": true,"Async Capable": false,"Relation Name": "orders","Alias": "orders","Startup Cost": 806.59,"Total Cost": 27183.96,"Plan Rows": 18825,"Plan Width": 8,"Actual Startup Time": 13.002,"Actual Total Time": 70.665,"Actual Rows": 14161,"Actual Loops": 4,"Recheck Cond": "((o_orderdate >= '1994-04-01'::date) AND (o_orderdate < '1994-07-01 00:00:00'::timestamp without time zone))","Rows Removed by Index Recheck": 0,"Exact Heap Blocks": 3668,"Lossy Heap Blocks": 0,"Workers": [],"Plans": [{"Node Type": "Bitmap Index Scan","Parent Relationship": "Outer","Parallel Aware": false,"Async Capable": false,"Index Name": "idx_orders_orderdate","Startup Cost": 0.00,"Total Cost": 792.00,"Plan Rows": 58357,"Plan Width": 0,"Actual Startup Time": 9.907,"Actual Total Time": 9.915,"Actual Rows": 56645,"Actual Loops": 1,"Index Cond": "((o_orderdate >= '1994-04-01'::date) AND (o_orderdate < '1994-07-01 00:00:00'::timestamp without time zone))","Workers": []}]},{"Node Type": "Index Scan","Parent Relationship": "Inner","Parallel Aware": false,"Async Capable": false,"Scan Direction": "Forward","Index Name": "idx_lineitem_orderkey","Relation Name": "lineitem","Alias": "lineitem","Startup Cost": 0.43,"Total Cost": 4.60,"Plan Rows": 4,"Plan Width": 16,"Actual Startup Time": 0.010,"Actual Total Time": 0.012,"Actual Rows": 2,"Actual Loops": 56645,"Index Cond": "(l_orderkey = orders.o_orderkey)","Rows Removed by Index Recheck": 0,"Filter": "(l_returnflag = 'R'::bpchar)","Rows Removed by Filter": 2,"Workers": []}]},{"Node Type": "Hash","Parent Relationship": "Inner","Parallel Aware": true,"Async Capable": false,"Startup Cost": 4210.00,"Total Cost": 4210.00,"Plan Rows": 62500,"Plan Width": 148,"Actual Startup Time": 63.332,"Actual Total Time": 63.338,"Actual Rows": 37500,"Actual Loops": 4,"Hash Buckets": 262144,"Original Hash Buckets": 262144,"Hash Batches": 1,"Original Hash Batches": 1,"Peak Memory Usage": 29344,"Workers": [],"Plans": [{"Node Type": "Seq Scan","Parent Relationship": "Outer","Parallel Aware": true,"Async Capable": false,"Relation Name": "customer","Alias": "customer","Startup Cost": 0.00,"Total Cost": 4210.00,"Plan Rows": 62500,"Plan Width": 148,"Actual Startup Time": 0.025,"Actual Total Time": 28.533,"Actual Rows": 37500,"Actual Loops": 4,"Workers": []}]}]},{"Node Type": "Hash","Parent Relationship": "Inner","Parallel Aware": false,"Async Capable": false,"Startup Cost": 1.25,"Total Cost": 1.25,"Plan Rows": 25,"Plan Width": 108,"Actual Startup Time": 0.107,"Actual Total Time": 0.110,"Actual Rows": 25,"Actual Loops": 4,"Hash Buckets": 1024,"Original Hash Buckets": 1024,"Hash Batches": 1,"Original Hash Batches": 1,"Peak Memory Usage": 10,"Workers": [],"Plans": [{"Node Type": "Seq Scan","Parent Relationship": "Outer","Parallel Aware": false,"Async Capable": false,"Relation Name": "nation","Alias": "nation","Startup Cost": 0.00,"Total Cost": 1.25,"Plan Rows": 25,"Plan Width": 108,"Actual Startup Time": 0.074,"Actual Total Time": 0.080,"Actual Rows": 25,"Actual Loops": 4,"Workers": []}]}]}]}]}]},"Planning Time": 6.317,"Triggers": [],"Execution Time": 648.403}]
[{"Plan": {"Node Type": "Sort","Parallel Aware": false,"Async Capable": false,"Startup Cost": 134586.43,"Total Cost": 134734.30,"Plan Rows": 59150,"Plan Width": 280,"Actual Startup Time": 563.586,"Actual Total Time": 604.383,"Actual Rows": 37293,"Actual Loops": 1,"Sort Key": ["(sum((lineitem.l_extendedprice * ('1'::numeric - lineitem.l_discount)))) DESC"],"Sort Method": "quicksort","Sort Space Used": 9691,"Sort Space Type": "Memory","Plans": [{"Node Type": "Aggregate","Strategy": "Hashed","Partial Mode": "Simple","Parent Relationship": "Outer","Parallel Aware": false,"Async Capable": false,"Startup Cost": 129158.80,"Total Cost": 129898.17,"Plan Rows": 59150,"Plan Width": 280,"Actual Startup Time": 392.436,"Actual Total Time": 532.730,"Actual Rows": 37293,"Actual Loops": 1,"Group Key": ["customer.c_custkey", "nation.n_name"],"Planned Partitions": 0,"HashAgg Batches": 1,"Peak Memory Usage": 27665,"Disk Usage": 0,"Plans": [{"Node Type": "Gather","Parent Relationship": "Outer","Parallel Aware": false,"Async Capable": false,"Startup Cost": 6825.36,"Total Cost": 128419.42,"Plan Rows": 59150,"Plan Width": 260,"Actual Startup Time": 75.957,"Actual Total Time": 271.680,"Actual Rows": 108779,"Actual Loops": 1,"Workers Planned": 3,"Workers Launched": 3,"Single Copy": false,"Plans": [{"Node Type": "Hash Join","Parent Relationship": "Outer","Parallel Aware": false,"Async Capable": false,"Join Type": "Inner","Startup Cost": 5825.36,"Total Cost": 121504.42,"Plan Rows": 19081,"Plan Width": 260,"Actual Startup Time": 69.040,"Actual Total Time": 339.341,"Actual Rows": 27195,"Actual Loops": 4,"Inner Unique": true,"Hash Cond": "(customer.c_nationkey = nation.n_nationkey)","Workers": [],"Plans": [{"Node Type": "Hash Join","Parent Relationship": "Outer","Parallel Aware": true,"Async Capable": false,"Join Type": "Inner","Startup Cost": 5823.80,"Total Cost": 121444.28,"Plan Rows": 19081,"Plan Width": 160,"Actual Startup Time": 68.657,"Actual Total Time": 330.758,"Actual Rows": 27195,"Actual Loops": 4,"Inner Unique": true,"Hash Cond": "(orders.o_custkey = customer.c_custkey)","Workers": [],"Plans": [{"Node Type": "Nested Loop","Parent Relationship": "Outer","Parallel Aware": false,"Async Capable": false,"Join Type": "Inner","Startup Cost": 832.55,"Total Cost": 116402.95,"Plan Rows": 19081,"Plan Width": 16,"Actual Startup Time": 13.292,"Actual Total Time": 236.377,"Actual Rows": 27195,"Actual Loops": 4,"Inner Unique": false,"Workers": [],"Plans": [{"Node Type": "Bitmap Heap Scan","Parent Relationship": "Outer","Parallel Aware": true,"Async Capable": false,"Relation Name": "orders","Alias": "orders","Startup Cost": 832.11,"Total Cost": 27217.76,"Plan Rows": 19376,"Plan Width": 8,"Actual Startup Time": 13.230,"Actual Total Time": 65.610,"Actual Rows": 14144,"Actual Loops": 4,"Recheck Cond": "((o_orderdate >= '1994-12-01'::date) AND (o_orderdate < '1995-03-01 00:00:00'::timestamp without time zone))","Rows Removed by Index Recheck": 0,"Exact Heap Blocks": 3506,"Lossy Heap Blocks": 0,"Workers": [],"Plans": [{"Node Type": "Bitmap Index Scan","Parent Relationship": "Outer","Parallel Aware": false,"Async Capable": false,"Index Name": "idx_orders_orderdate","Startup Cost": 0.00,"Total Cost": 817.10,"Plan Rows": 60067,"Plan Width": 0,"Actual Startup Time": 10.114,"Actual Total Time": 10.122,"Actual Rows": 56577,"Actual Loops": 1,"Index Cond": "((o_orderdate >= '1994-12-01'::date) AND (o_orderdate < '1995-03-01 00:00:00'::timestamp without time zone))","Workers": []}]},{"Node Type": "Index Scan","Parent Relationship": "Inner","Parallel Aware": false,"Async Capable": false,"Scan Direction": "Forward","Index Name": "idx_lineitem_orderkey","Relation Name": "lineitem","Alias": "lineitem","Startup Cost": 0.43,"Total Cost": 4.56,"Plan Rows": 4,"Plan Width": 16,"Actual Startup Time": 0.010,"Actual Total Time": 0.012,"Actual Rows": 2,"Actual Loops": 56577,"Index Cond": "(l_orderkey = orders.o_orderkey)","Rows Removed by Index Recheck": 0,"Filter": "(l_returnflag = 'R'::bpchar)","Rows Removed by Filter": 2,"Workers": []}]},{"Node Type": "Hash","Parent Relationship": "Inner","Parallel Aware": true,"Async Capable": false,"Startup Cost": 4210.00,"Total Cost": 4210.00,"Plan Rows": 62500,"Plan Width": 148,"Actual Startup Time": 54.812,"Actual Total Time": 54.818,"Actual Rows": 37500,"Actual Loops": 4,"Hash Buckets": 262144,"Original Hash Buckets": 262144,"Hash Batches": 1,"Original Hash Batches": 1,"Peak Memory Usage": 29312,"Workers": [],"Plans": [{"Node Type": "Seq Scan","Parent Relationship": "Outer","Parallel Aware": true,"Async Capable": false,"Relation Name": "customer","Alias": "customer","Startup Cost": 0.00,"Total Cost": 4210.00,"Plan Rows": 62500,"Plan Width": 148,"Actual Startup Time": 0.022,"Actual Total Time": 23.786,"Actual Rows": 37500,"Actual Loops": 4,"Workers": []}]}]},{"Node Type": "Hash","Parent Relationship": "Inner","Parallel Aware": false,"Async Capable": false,"Startup Cost": 1.25,"Total Cost": 1.25,"Plan Rows": 25,"Plan Width": 108,"Actual Startup Time": 0.089,"Actual Total Time": 0.092,"Actual Rows": 25,"Actual Loops": 4,"Hash Buckets": 1024,"Original Hash Buckets": 1024,"Hash Batches": 1,"Original Hash Batches": 1,"Peak Memory Usage": 10,"Workers": [],"Plans": [{"Node Type": "Seq Scan","Parent Relationship": "Outer","Parallel Aware": false,"Async Capable": false,"Relation Name": "nation","Alias": "nation","Startup Cost": 0.00,"Total Cost": 1.25,"Plan Rows": 25,"Plan Width": 108,"Actual Startup Time": 0.062,"Actual Total Time": 0.067,"Actual Rows": 25,"Actual Loops": 4,"Workers": []}]}]}]}]}]},"Planning Time": 7.387,"Triggers": [],"Execution Time": 611.176}]
[{"Plan": {"Node Type": "Sort","Parallel Aware": false,"Async Capable": false,"Startup Cost": 132293.09,"Total Cost": 132436.61,"Plan Rows": 57411,"Plan Width": 280,"Actual Startup Time": 612.013,"Actual Total Time": 652.224,"Actual Rows": 37922,"Actual Loops": 1,"Sort Key": ["(sum((lineitem.l_extendedprice * ('1'::numeric - lineitem.l_discount)))) DESC"],"Sort Method": "quicksort","Sort Space Used": 9827,"Sort Space Type": "Memory","Plans": [{"Node Type": "Aggregate","Strategy": "Hashed","Partial Mode": "Simple","Parent Relationship": "Outer","Parallel Aware": false,"Async Capable": false,"Startup Cost": 127037.38,"Total Cost": 127755.02,"Plan Rows": 57411,"Plan Width": 280,"Actual Startup Time": 427.597,"Actual Total Time": 578.840,"Actual Rows": 37922,"Actual Loops": 1,"Group Key": ["customer.c_custkey", "nation.n_name"],"Planned Partitions": 0,"HashAgg Batches": 1,"Peak Memory Usage": 26129,"Disk Usage": 0,"Plans": [{"Node Type": "Gather","Parent Relationship": "Outer","Parallel Aware": false,"Async Capable": false,"Startup Cost": 6799.26,"Total Cost": 126319.75,"Plan Rows": 57411,"Plan Width": 260,"Actual Startup Time": 84.985,"Actual Total Time": 295.027,"Actual Rows": 114929,"Actual Loops": 1,"Workers Planned": 3,"Workers Launched": 3,"Single Copy": false,"Plans": [{"Node Type": "Hash Join","Parent Relationship": "Outer","Parallel Aware": false,"Async Capable": false,"Join Type": "Inner","Startup Cost": 5799.26,"Total Cost": 119578.65,"Plan Rows": 18520,"Plan Width": 260,"Actual Startup Time": 77.490,"Actual Total Time": 369.817,"Actual Rows": 28732,"Actual Loops": 4,"Inner Unique": true,"Hash Cond": "(customer.c_nationkey = nation.n_nationkey)","Workers": [],"Plans": [{"Node Type": "Hash Join","Parent Relationship": "Outer","Parallel Aware": true,"Async Capable": false,"Join Type": "Inner","Startup Cost": 5797.70,"Total Cost": 119520.23,"Plan Rows": 18520,"Plan Width": 160,"Actual Startup Time": 77.066,"Actual Total Time": 360.808,"Actual Rows": 28732,"Actual Loops": 4,"Inner Unique": true,"Hash Cond": "(orders.o_custkey = customer.c_custkey)","Workers": [],"Plans": [{"Node Type": "Nested Loop","Parent Relationship": "Outer","Parallel Aware": false,"Async Capable": false,"Join Type": "Inner","Startup Cost": 806.45,"Total Cost": 114480.36,"Plan Rows": 18520,"Plan Width": 16,"Actual Startup Time": 13.430,"Actual Total Time": 255.437,"Actual Rows": 28732,"Actual Loops": 4,"Inner Unique": false,"Workers": [],"Plans": [{"Node Type": "Bitmap Heap Scan","Parent Relationship": "Outer","Parallel Aware": true,"Async Capable": false,"Relation Name": "orders","Alias": "orders","Startup Cost": 806.01,"Total Cost": 27183.11,"Plan Rows": 18807,"Plan Width": 8,"Actual Startup Time": 13.367,"Actual Total Time": 72.208,"Actual Rows": 14355,"Actual Loops": 4,"Recheck Cond": "((o_orderdate >= '1994-03-01'::date) AND (o_orderdate < '1994-06-01 00:00:00'::timestamp without time zone))","Rows Removed by Index Recheck": 0,"Exact Heap Blocks": 3712,"Lossy Heap Blocks": 0,"Workers": [],"Plans": [{"Node Type": "Bitmap Index Scan","Parent Relationship": "Outer","Parallel Aware": false,"Async Capable": false,"Index Name": "idx_orders_orderdate","Startup Cost": 0.00,"Total Cost": 791.44,"Plan Rows": 58301,"Plan Width": 0,"Actual Startup Time": 10.180,"Actual Total Time": 10.183,"Actual Rows": 57420,"Actual Loops": 1,"Index Cond": "((o_orderdate >= '1994-03-01'::date) AND (o_orderdate < '1994-06-01 00:00:00'::timestamp without time zone))","Workers": []}]},{"Node Type": "Index Scan","Parent Relationship": "Inner","Parallel Aware": false,"Async Capable": false,"Scan Direction": "Forward","Index Name": "idx_lineitem_orderkey","Relation Name": "lineitem","Alias": "lineitem","Startup Cost": 0.43,"Total Cost": 4.60,"Plan Rows": 4,"Plan Width": 16,"Actual Startup Time": 0.010,"Actual Total Time": 0.012,"Actual Rows": 2,"Actual Loops": 57420,"Index Cond": "(l_orderkey = orders.o_orderkey)","Rows Removed by Index Recheck": 0,"Filter": "(l_returnflag = 'R'::bpchar)","Rows Removed by Filter": 2,"Workers": []}]},{"Node Type": "Hash","Parent Relationship": "Inner","Parallel Aware": true,"Async Capable": false,"Startup Cost": 4210.00,"Total Cost": 4210.00,"Plan Rows": 62500,"Plan Width": 148,"Actual Startup Time": 63.095,"Actual Total Time": 63.101,"Actual Rows": 37500,"Actual Loops": 4,"Hash Buckets": 262144,"Original Hash Buckets": 262144,"Hash Batches": 1,"Original Hash Batches": 1,"Peak Memory Usage": 29280,"Workers": [],"Plans": [{"Node Type": "Seq Scan","Parent Relationship": "Outer","Parallel Aware": true,"Async Capable": false,"Relation Name": "customer","Alias": "customer","Startup Cost": 0.00,"Total Cost": 4210.00,"Plan Rows": 62500,"Plan Width": 148,"Actual Startup Time": 0.041,"Actual Total Time": 28.071,"Actual Rows": 37500,"Actual Loops": 4,"Workers": []}]}]},{"Node Type": "Hash","Parent Relationship": "Inner","Parallel Aware": false,"Async Capable": false,"Startup Cost": 1.25,"Total Cost": 1.25,"Plan Rows": 25,"Plan Width": 108,"Actual Startup Time": 0.097,"Actual Total Time": 0.101,"Actual Rows": 25,"Actual Loops": 4,"Hash Buckets": 1024,"Original Hash Buckets": 1024,"Hash Batches": 1,"Original Hash Batches": 1,"Peak Memory Usage": 10,"Workers": [],"Plans": [{"Node Type": "Seq Scan","Parent Relationship": "Outer","Parallel Aware": false,"Async Capable": false,"Relation Name": "nation","Alias": "nation","Startup Cost": 0.00,"Total Cost": 1.25,"Plan Rows": 25,"Plan Width": 108,"Actual Startup Time": 0.065,"Actual Total Time": 0.071,"Actual Rows": 25,"Actual Loops": 4,"Workers": []}]}]}]}]}]},"Planning Time": 6.342,"Triggers": [],"Execution Time": 656.718}]
[{"Plan": {"Node Type": "Sort","Parallel Aware": false,"Async Capable": false,"Startup Cost": 132166.82,"Total Cost": 132310.11,"Plan Rows": 57318,"Plan Width": 280,"Actual Startup Time": 590.000,"Actual Total Time": 630.537,"Actual Rows": 37972,"Actual Loops": 1,"Sort Key": ["(sum((lineitem.l_extendedprice * ('1'::numeric - lineitem.l_discount)))) DESC"],"Sort Method": "quicksort","Sort Space Used": 9843,"Sort Space Type": "Memory","Plans": [{"Node Type": "Aggregate","Strategy": "Hashed","Partial Mode": "Simple","Parent Relationship": "Outer","Parallel Aware": false,"Async Capable": false,"Startup Cost": 126920.30,"Total Cost": 127636.77,"Plan Rows": 57318,"Plan Width": 280,"Actual Startup Time": 413.108,"Actual Total Time": 556.129,"Actual Rows": 37972,"Actual Loops": 1,"Group Key": ["customer.c_custkey", "nation.n_name"],"Planned Partitions": 0,"HashAgg Batches": 1,"Peak Memory Usage": 26129,"Disk Usage": 0,"Plans": [{"Node Type": "Gather","Parent Relationship": "Outer","Parallel Aware": false,"Async Capable": false,"Startup Cost": 6798.29,"Total Cost": 126203.82,"Plan Rows": 57318,"Plan Width": 260,"Actual Startup Time": 77.619,"Actual Total Time": 286.194,"Actual Rows": 114459,"Actual Loops": 1,"Workers Planned": 3,"Workers Launched": 3,"Single Copy": false,"Plans": [{"Node Type": "Hash Join","Parent Relationship": "Outer","Parallel Aware": false,"Async Capable": false,"Join Type": "Inner","Startup Cost": 5798.29,"Total Cost": 119472.02,"Plan Rows": 18490,"Plan Width": 260,"Actual Startup Time": 70.122,"Actual Total Time": 358.029,"Actual Rows": 28615,"Actual Loops": 4,"Inner Unique": true,"Hash Cond": "(customer.c_nationkey = nation.n_nationkey)","Workers": [],"Plans": [{"Node Type": "Hash Join","Parent Relationship": "Outer","Parallel Aware": true,"Async Capable": false,"Join Type": "Inner","Startup Cost": 5796.73,"Total Cost": 119413.69,"Plan Rows": 18490,"Plan Width": 160,"Actual Startup Time": 69.815,"Actual Total Time": 349.575,"Actual Rows": 28615,"Actual Loops": 4,"Inner Unique": true,"Hash Cond": "(orders.o_custkey = customer.c_custkey)","Workers": [],"Plans": [{"Node Type": "Nested Loop","Parent Relationship": "Outer","Parallel Aware": false,"Async Capable": false,"Join Type": "Inner","Startup Cost": 805.48,"Total Cost": 114373.91,"Plan Rows": 18490,"Plan Width": 16,"Actual Startup Time": 13.081,"Actual Total Time": 249.954,"Actual Rows": 28615,"Actual Loops": 4,"Inner Unique": false,"Workers": [],"Plans": [{"Node Type": "Bitmap Heap Scan","Parent Relationship": "Outer","Parallel Aware": true,"Async Capable": false,"Relation Name": "orders","Alias": "orders","Startup Cost": 805.05,"Total Cost": 27181.70,"Plan Rows": 18776,"Plan Width": 8,"Actual Startup Time": 13.019,"Actual Total Time": 71.418,"Actual Rows": 14305,"Actual Loops": 4,"Recheck Cond": "((o_orderdate >= '1994-10-01'::date) AND (o_orderdate < '1995-01-01 00:00:00'::timestamp without time zone))","Rows Removed by Index Recheck": 0,"Exact Heap Blocks": 3518,"Lossy Heap Blocks": 0,"Workers": [],"Plans": [{"Node Type": "Bitmap Index Scan","Parent Relationship": "Outer","Parallel Aware": false,"Async Capable": false,"Index Name": "idx_orders_orderdate","Startup Cost": 0.00,"Total Cost": 790.50,"Plan Rows": 58207,"Plan Width": 0,"Actual Startup Time": 9.954,"Actual Total Time": 9.955,"Actual Rows": 57219,"Actual Loops": 1,"Index Cond": "((o_orderdate >= '1994-10-01'::date) AND (o_orderdate < '1995-01-01 00:00:00'::timestamp without time zone))","Workers": []}]},{"Node Type": "Index Scan","Parent Relationship": "Inner","Parallel Aware": false,"Async Capable": false,"Scan Direction": "Forward","Index Name": "idx_lineitem_orderkey","Relation Name": "lineitem","Alias": "lineitem","Startup Cost": 0.43,"Total Cost": 4.60,"Plan Rows": 4,"Plan Width": 16,"Actual Startup Time": 0.010,"Actual Total Time": 0.012,"Actual Rows": 2,"Actual Loops": 57219,"Index Cond": "(l_orderkey = orders.o_orderkey)","Rows Removed by Index Recheck": 0,"Filter": "(l_returnflag = 'R'::bpchar)","Rows Removed by Filter": 2,"Workers": []}]},{"Node Type": "Hash","Parent Relationship": "Inner","Parallel Aware": true,"Async Capable": false,"Startup Cost": 4210.00,"Total Cost": 4210.00,"Plan Rows": 62500,"Plan Width": 148,"Actual Startup Time": 56.184,"Actual Total Time": 56.192,"Actual Rows": 37500,"Actual Loops": 4,"Hash Buckets": 262144,"Original Hash Buckets": 262144,"Hash Batches": 1,"Original Hash Batches": 1,"Peak Memory Usage": 29344,"Workers": [],"Plans": [{"Node Type": "Seq Scan","Parent Relationship": "Outer","Parallel Aware": true,"Async Capable": false,"Relation Name": "customer","Alias": "customer","Startup Cost": 0.00,"Total Cost": 4210.00,"Plan Rows": 62500,"Plan Width": 148,"Actual Startup Time": 0.017,"Actual Total Time": 25.696,"Actual Rows": 37500,"Actual Loops": 4,"Workers": []}]}]},{"Node Type": "Hash","Parent Relationship": "Inner","Parallel Aware": false,"Async Capable": false,"Startup Cost": 1.25,"Total Cost": 1.25,"Plan Rows": 25,"Plan Width": 108,"Actual Startup Time": 0.071,"Actual Total Time": 0.075,"Actual Rows": 25,"Actual Loops": 4,"Hash Buckets": 1024,"Original Hash Buckets": 1024,"Hash Batches": 1,"Original Hash Batches": 1,"Peak Memory Usage": 10,"Workers": [],"Plans": [{"Node Type": "Seq Scan","Parent Relationship": "Outer","Parallel Aware": false,"Async Capable": false,"Relation Name": "nation","Alias": "nation","Startup Cost": 0.00,"Total Cost": 1.25,"Plan Rows": 25,"Plan Width": 108,"Actual Startup Time": 0.050,"Actual Total Time": 0.053,"Actual Rows": 25,"Actual Loops": 4,"Workers": []}]}]}]}]}]},"Planning Time": 7.724,"Triggers": [],"Execution Time": 636.921}]
[{"Plan": {"Node Type": "Sort","Parallel Aware": false,"Async Capable": false,"Startup Cost": 131436.35,"Total Cost": 131578.26,"Plan Rows": 56763,"Plan Width": 280,"Actual Startup Time": 596.282,"Actual Total Time": 636.846,"Actual Rows": 38114,"Actual Loops": 1,"Sort Key": ["(sum((lineitem.l_extendedprice * ('1'::numeric - lineitem.l_discount)))) DESC"],"Sort Method": "quicksort","Sort Space Used": 9872,"Sort Space Type": "Memory","Plans": [{"Node Type": "Aggregate","Strategy": "Hashed","Partial Mode": "Simple","Parent Relationship": "Outer","Parallel Aware": false,"Async Capable": false,"Startup Cost": 126244.62,"Total Cost": 126954.16,"Plan Rows": 56763,"Plan Width": 280,"Actual Startup Time": 413.428,"Actual Total Time": 560.180,"Actual Rows": 38114,"Actual Loops": 1,"Group Key": ["customer.c_custkey", "nation.n_name"],"Planned Partitions": 0,"HashAgg Batches": 1,"Peak Memory Usage": 26129,"Disk Usage": 0,"Plans": [{"Node Type": "Gather","Parent Relationship": "Outer","Parallel Aware": false,"Async Capable": false,"Startup Cost": 6792.51,"Total Cost": 125535.08,"Plan Rows": 56763,"Plan Width": 260,"Actual Startup Time": 80.448,"Actual Total Time": 288.766,"Actual Rows": 115292,"Actual Loops": 1,"Workers Planned": 3,"Workers Launched": 3,"Single Copy": false,"Plans": [{"Node Type": "Hash Join","Parent Relationship": "Outer","Parallel Aware": false,"Async Capable": false,"Join Type": "Inner","Startup Cost": 5792.51,"Total Cost": 118858.78,"Plan Rows": 18311,"Plan Width": 260,"Actual Startup Time": 72.950,"Actual Total Time": 358.700,"Actual Rows": 28823,"Actual Loops": 4,"Inner Unique": true,"Hash Cond": "(customer.c_nationkey = nation.n_nationkey)","Workers": [],"Plans": [{"Node Type": "Hash Join","Parent Relationship": "Outer","Parallel Aware": true,"Async Capable": false,"Join Type": "Inner","Startup Cost": 5790.95,"Total Cost": 118801.01,"Plan Rows": 18311,"Plan Width": 160,"Actual Startup Time": 72.543,"Actual Total Time": 350.000,"Actual Rows": 28823,"Actual Loops": 4,"Inner Unique": true,"Hash Cond": "(orders.o_custkey = customer.c_custkey)","Workers": [],"Plans": [{"Node Type": "Nested Loop","Parent Relationship": "Outer","Parallel Aware": false,"Async Capable": false,"Join Type": "Inner","Startup Cost": 799.70,"Total Cost": 113761.69,"Plan Rows": 18311,"Plan Width": 16,"Actual Startup Time": 13.260,"Actual Total Time": 248.922,"Actual Rows": 28823,"Actual Loops": 4,"Inner Unique": false,"Workers": [],"Plans": [{"Node Type": "Bitmap Heap Scan","Parent Relationship": "Outer","Parallel Aware": true,"Async Capable": false,"Relation Name": "orders","Alias": "orders","Startup Cost": 799.27,"Total Cost": 27173.19,"Plan Rows": 18595,"Plan Width": 8,"Actual Startup Time": 13.182,"Actual Total Time": 70.570,"Actual Rows": 14333,"Actual Loops": 4,"Recheck Cond": "((o_orderdate >= '1993-11-01'::date) AND (o_orderdate < '1994-02-01 00:00:00'::timestamp without time zone))","Rows Removed by Index Recheck": 0,"Exact Heap Blocks": 3544,"Lossy Heap Blocks": 0,"Workers": [],"Plans": [{"Node Type": "Bitmap Index Scan","Parent Relationship": "Outer","Parallel Aware": false,"Async Capable": false,"Index Name": "idx_orders_orderdate","Startup Cost": 0.00,"Total Cost": 784.86,"Plan Rows": 57643,"Plan Width": 0,"Actual Startup Time": 10.101,"Actual Total Time": 10.105,"Actual Rows": 57332,"Actual Loops": 1,"Index Cond": "((o_orderdate >= '1993-11-01'::date) AND (o_orderdate < '1994-02-01 00:00:00'::timestamp without time zone))","Workers": []}]},{"Node Type": "Index Scan","Parent Relationship": "Inner","Parallel Aware": false,"Async Capable": false,"Scan Direction": "Forward","Index Name": "idx_lineitem_orderkey","Relation Name": "lineitem","Alias": "lineitem","Startup Cost": 0.43,"Total Cost": 4.62,"Plan Rows": 4,"Plan Width": 16,"Actual Startup Time": 0.010,"Actual Total Time": 0.012,"Actual Rows": 2,"Actual Loops": 57332,"Index Cond": "(l_orderkey = orders.o_orderkey)","Rows Removed by Index Recheck": 0,"Filter": "(l_returnflag = 'R'::bpchar)","Rows Removed by Filter": 2,"Workers": []}]},{"Node Type": "Hash","Parent Relationship": "Inner","Parallel Aware": true,"Async Capable": false,"Startup Cost": 4210.00,"Total Cost": 4210.00,"Plan Rows": 62500,"Plan Width": 148,"Actual Startup Time": 58.656,"Actual Total Time": 58.664,"Actual Rows": 37500,"Actual Loops": 4,"Hash Buckets": 262144,"Original Hash Buckets": 262144,"Hash Batches": 1,"Original Hash Batches": 1,"Peak Memory Usage": 29312,"Workers": [],"Plans": [{"Node Type": "Seq Scan","Parent Relationship": "Outer","Parallel Aware": true,"Async Capable": false,"Relation Name": "customer","Alias": "customer","Startup Cost": 0.00,"Total Cost": 4210.00,"Plan Rows": 62500,"Plan Width": 148,"Actual Startup Time": 0.024,"Actual Total Time": 26.516,"Actual Rows": 37500,"Actual Loops": 4,"Workers": []}]}]},{"Node Type": "Hash","Parent Relationship": "Inner","Parallel Aware": false,"Async Capable": false,"Startup Cost": 1.25,"Total Cost": 1.25,"Plan Rows": 25,"Plan Width": 108,"Actual Startup Time": 0.099,"Actual Total Time": 0.104,"Actual Rows": 25,"Actual Loops": 4,"Hash Buckets": 1024,"Original Hash Buckets": 1024,"Hash Batches": 1,"Original Hash Batches": 1,"Peak Memory Usage": 10,"Workers": [],"Plans": [{"Node Type": "Seq Scan","Parent Relationship": "Outer","Parallel Aware": false,"Async Capable": false,"Relation Name": "nation","Alias": "nation","Startup Cost": 0.00,"Total Cost": 1.25,"Plan Rows": 25,"Plan Width": 108,"Actual Startup Time": 0.069,"Actual Total Time": 0.076,"Actual Rows": 25,"Actual Loops": 4,"Workers": []}]}]}]}]}]},"Planning Time": 7.017,"Triggers": [],"Execution Time": 642.875}]
[{"Plan": {"Node Type": "Sort","Parallel Aware": false,"Async Capable": false,"Startup Cost": 131080.21,"Total Cost": 131221.46,"Plan Rows": 56499,"Plan Width": 280,"Actual Startup Time": 605.493,"Actual Total Time": 645.716,"Actual Rows": 37967,"Actual Loops": 1,"Sort Key": ["(sum((lineitem.l_extendedprice * ('1'::numeric - lineitem.l_discount)))) DESC"],"Sort Method": "quicksort","Sort Space Used": 9838,"Sort Space Type": "Memory","Plans": [{"Node Type": "Aggregate","Strategy": "Hashed","Partial Mode": "Simple","Parent Relationship": "Outer","Parallel Aware": false,"Async Capable": false,"Startup Cost": 125914.53,"Total Cost": 126620.77,"Plan Rows": 56499,"Plan Width": 280,"Actual Startup Time": 424.904,"Actual Total Time": 572.991,"Actual Rows": 37967,"Actual Loops": 1,"Group Key": ["customer.c_custkey", "nation.n_name"],"Planned Partitions": 0,"HashAgg Batches": 1,"Peak Memory Usage": 26129,"Disk Usage": 0,"Plans": [{"Node Type": "Gather","Parent Relationship": "Outer","Parallel Aware": false,"Async Capable": false,"Startup Cost": 6785.77,"Total Cost": 125208.29,"Plan Rows": 56499,"Plan Width": 260,"Actual Startup Time": 85.491,"Actual Total Time": 295.043,"Actual Rows": 114705,"Actual Loops": 1,"Workers Planned": 3,"Workers Launched": 3,"Single Copy": false,"Plans": [{"Node Type": "Hash Join","Parent Relationship": "Outer","Parallel Aware": false,"Async Capable": false,"Join Type": "Inner","Startup Cost": 5785.77,"Total Cost": 118558.39,"Plan Rows": 18225,"Plan Width": 260,"Actual Startup Time": 77.990,"Actual Total Time": 369.128,"Actual Rows": 28676,"Actual Loops": 4,"Inner Unique": true,"Hash Cond": "(customer.c_nationkey = nation.n_nationkey)","Workers": [],"Plans": [{"Node Type": "Hash Join","Parent Relationship": "Outer","Parallel Aware": true,"Async Capable": false,"Join Type": "Inner","Startup Cost": 5784.20,"Total Cost": 118500.88,"Plan Rows": 18225,"Plan Width": 160,"Actual Startup Time": 77.566,"Actual Total Time": 359.708,"Actual Rows": 28676,"Actual Loops": 4,"Inner Unique": true,"Hash Cond": "(orders.o_custkey = customer.c_custkey)","Workers": [],"Plans": [{"Node Type": "Nested Loop","Parent Relationship": "Outer","Parallel Aware": false,"Async Capable": false,"Join Type": "Inner","Startup Cost": 792.95,"Total Cost": 113461.79,"Plan Rows": 18225,"Plan Width": 16,"Actual Startup Time": 13.246,"Actual Total Time": 255.571,"Actual Rows": 28676,"Actual Loops": 4,"Inner Unique": false,"Workers": [],"Plans": [{"Node Type": "Bitmap Heap Scan","Parent Relationship": "Outer","Parallel Aware": true,"Async Capable": false,"Relation Name": "orders","Alias": "orders","Startup Cost": 792.52,"Total Cost": 27165.14,"Plan Rows": 18508,"Plan Width": 8,"Actual Startup Time": 13.160,"Actual Total Time": 71.475,"Actual Rows": 14267,"Actual Loops": 4,"Recheck Cond": "((o_orderdate >= '1993-10-01'::date) AND (o_orderdate < '1994-01-01 00:00:00'::timestamp without time zone))","Rows Removed by Index Recheck": 0,"Exact Heap Blocks": 3708,"Lossy Heap Blocks": 0,"Workers": [],"Plans": [{"Node Type": "Bitmap Index Scan","Parent Relationship": "Outer","Parallel Aware": false,"Async Capable": false,"Index Name": "idx_orders_orderdate","Startup Cost": 0.00,"Total Cost": 778.18,"Plan Rows": 57375,"Plan Width": 0,"Actual Startup Time": 10.062,"Actual Total Time": 10.069,"Actual Rows": 57069,"Actual Loops": 1,"Index Cond": "((o_orderdate >= '1993-10-01'::date) AND (o_orderdate < '1994-01-01 00:00:00'::timestamp without time zone))","Workers": []}]},{"Node Type": "Index Scan","Parent Relationship": "Inner","Parallel Aware": false,"Async Capable": false,"Scan Direction": "Forward","Index Name": "idx_lineitem_orderkey","Relation Name": "lineitem","Alias": "lineitem","Startup Cost": 0.43,"Total Cost": 4.62,"Plan Rows": 4,"Plan Width": 16,"Actual Startup Time": 0.011,"Actual Total Time": 0.013,"Actual Rows": 2,"Actual Loops": 57069,"Index Cond": "(l_orderkey = orders.o_orderkey)","Rows Removed by Index Recheck": 0,"Filter": "(l_returnflag = 'R'::bpchar)","Rows Removed by Filter": 2,"Workers": []}]},{"Node Type": "Hash","Parent Relationship": "Inner","Parallel Aware": true,"Async Capable": false,"Startup Cost": 4210.00,"Total Cost": 4210.00,"Plan Rows": 62500,"Plan Width": 148,"Actual Startup Time": 63.688,"Actual Total Time": 63.696,"Actual Rows": 37500,"Actual Loops": 4,"Hash Buckets": 262144,"Original Hash Buckets": 262144,"Hash Batches": 1,"Original Hash Batches": 1,"Peak Memory Usage": 29312,"Workers": [],"Plans": [{"Node Type": "Seq Scan","Parent Relationship": "Outer","Parallel Aware": true,"Async Capable": false,"Relation Name": "customer","Alias": "customer","Startup Cost": 0.00,"Total Cost": 4210.00,"Plan Rows": 62500,"Plan Width": 148,"Actual Startup Time": 0.034,"Actual Total Time": 28.900,"Actual Rows": 37500,"Actual Loops": 4,"Workers": []}]}]},{"Node Type": "Hash","Parent Relationship": "Inner","Parallel Aware": false,"Async Capable": false,"Startup Cost": 1.25,"Total Cost": 1.25,"Plan Rows": 25,"Plan Width": 108,"Actual Startup Time": 0.102,"Actual Total Time": 0.107,"Actual Rows": 25,"Actual Loops": 4,"Hash Buckets": 1024,"Original Hash Buckets": 1024,"Hash Batches": 1,"Original Hash Batches": 1,"Peak Memory Usage": 10,"Workers": [],"Plans": [{"Node Type": "Seq Scan","Parent Relationship": "Outer","Parallel Aware": false,"Async Capable": false,"Relation Name": "nation","Alias": "nation","Startup Cost": 0.00,"Total Cost": 1.25,"Plan Rows": 25,"Plan Width": 108,"Actual Startup Time": 0.070,"Actual Total Time": 0.076,"Actual Rows": 25,"Actual Loops": 4,"Workers": []}]}]}]}]}]},"Planning Time": 6.575,"Triggers": [],"Execution Time": 649.944}]
[{"Plan": {"Node Type": "Sort","Parallel Aware": false,"Async Capable": false,"Startup Cost": 131436.35,"Total Cost": 131578.26,"Plan Rows": 56763,"Plan Width": 280,"Actual Startup Time": 596.282,"Actual Total Time": 636.846,"Actual Rows": 38114,"Actual Loops": 1,"Sort Key": ["(sum((lineitem.l_extendedprice * ('1'::numeric - lineitem.l_discount)))) DESC"],"Sort Method": "quicksort","Sort Space Used": 9872,"Sort Space Type": "Memory","Plans": [{"Node Type": "Aggregate","Strategy": "Hashed","Partial Mode": "Simple","Parent Relationship": "Outer","Parallel Aware": false,"Async Capable": false,"Startup Cost": 126244.62,"Total Cost": 126954.16,"Plan Rows": 56763,"Plan Width": 280,"Actual Startup Time": 413.428,"Actual Total Time": 560.180,"Actual Rows": 38114,"Actual Loops": 1,"Group Key": ["customer.c_custkey", "nation.n_name"],"Planned Partitions": 0,"HashAgg Batches": 1,"Peak Memory Usage": 26129,"Disk Usage": 0,"Plans": [{"Node Type": "Gather","Parent Relationship": "Outer","Parallel Aware": false,"Async Capable": false,"Startup Cost": 6792.51,"Total Cost": 125535.08,"Plan Rows": 56763,"Plan Width": 260,"Actual Startup Time": 80.448,"Actual Total Time": 288.766,"Actual Rows": 115292,"Actual Loops": 1,"Workers Planned": 3,"Workers Launched": 3,"Single Copy": false,"Plans": [{"Node Type": "Hash Join","Parent Relationship": "Outer","Parallel Aware": false,"Async Capable": false,"Join Type": "Inner","Startup Cost": 5792.51,"Total Cost": 118858.78,"Plan Rows": 18311,"Plan Width": 260,"Actual Startup Time": 72.950,"Actual Total Time": 358.700,"Actual Rows": 28823,"Actual Loops": 4,"Inner Unique": true,"Hash Cond": "(customer.c_nationkey = nation.n_nationkey)","Workers": [],"Plans": [{"Node Type": "Hash Join","Parent Relationship": "Outer","Parallel Aware": true,"Async Capable": false,"Join Type": "Inner","Startup Cost": 5790.95,"Total Cost": 118801.01,"Plan Rows": 18311,"Plan Width": 160,"Actual Startup Time": 72.543,"Actual Total Time": 350.000,"Actual Rows": 28823,"Actual Loops": 4,"Inner Unique": true,"Hash Cond": "(orders.o_custkey = customer.c_custkey)","Workers": [],"Plans": [{"Node Type": "Nested Loop","Parent Relationship": "Outer","Parallel Aware": false,"Async Capable": false,"Join Type": "Inner","Startup Cost": 799.70,"Total Cost": 113761.69,"Plan Rows": 18311,"Plan Width": 16,"Actual Startup Time": 13.260,"Actual Total Time": 248.922,"Actual Rows": 28823,"Actual Loops": 4,"Inner Unique": false,"Workers": [],"Plans": [{"Node Type": "Bitmap Heap Scan","Parent Relationship": "Outer","Parallel Aware": true,"Async Capable": false,"Relation Name": "orders","Alias": "orders","Startup Cost": 799.27,"Total Cost": 27173.19,"Plan Rows": 18595,"Plan Width": 8,"Actual Startup Time": 13.182,"Actual Total Time": 70.570,"Actual Rows": 14333,"Actual Loops": 4,"Recheck Cond": "((o_orderdate >= '1993-11-01'::date) AND (o_orderdate < '1994-02-01 00:00:00'::timestamp without time zone))","Rows Removed by Index Recheck": 0,"Exact Heap Blocks": 3544,"Lossy Heap Blocks": 0,"Workers": [],"Plans": [{"Node Type": "Bitmap Index Scan","Parent Relationship": "Outer","Parallel Aware": false,"Async Capable": false,"Index Name": "idx_orders_orderdate","Startup Cost": 0.00,"Total Cost": 784.86,"Plan Rows": 57643,"Plan Width": 0,"Actual Startup Time": 10.101,"Actual Total Time": 10.105,"Actual Rows": 57332,"Actual Loops": 1,"Index Cond": "((o_orderdate >= '1993-11-01'::date) AND (o_orderdate < '1994-02-01 00:00:00'::timestamp without time zone))","Workers": []}]},{"Node Type": "Index Scan","Parent Relationship": "Inner","Parallel Aware": false,"Async Capable": false,"Scan Direction": "Forward","Index Name": "idx_lineitem_orderkey","Relation Name": "lineitem","Alias": "lineitem","Startup Cost": 0.43,"Total Cost": 4.62,"Plan Rows": 4,"Plan Width": 16,"Actual Startup Time": 0.010,"Actual Total Time": 0.012,"Actual Rows": 2,"Actual Loops": 57332,"Index Cond": "(l_orderkey = orders.o_orderkey)","Rows Removed by Index Recheck": 0,"Filter": "(l_returnflag = 'R'::bpchar)","Rows Removed by Filter": 2,"Workers": []}]},{"Node Type": "Hash","Parent Relationship": "Inner","Parallel Aware": true,"Async Capable": false,"Startup Cost": 4210.00,"Total Cost": 4210.00,"Plan Rows": 62500,"Plan Width": 148,"Actual Startup Time": 58.656,"Actual Total Time": 58.664,"Actual Rows": 37500,"Actual Loops": 4,"Hash Buckets": 262144,"Original Hash Buckets": 262144,"Hash Batches": 1,"Original Hash Batches": 1,"Peak Memory Usage": 29312,"Workers": [],"Plans": [{"Node Type": "Seq Scan","Parent Relationship": "Outer","Parallel Aware": true,"Async Capable": false,"Relation Name": "customer","Alias": "customer","Startup Cost": 0.00,"Total Cost": 4210.00,"Plan Rows": 62500,"Plan Width": 148,"Actual Startup Time": 0.024,"Actual Total Time": 26.516,"Actual Rows": 37500,"Actual Loops": 4,"Workers": []}]}]},{"Node Type": "Hash","Parent Relationship": "Inner","Parallel Aware": false,"Async Capable": false,"Startup Cost": 1.25,"Total Cost": 1.25,"Plan Rows": 25,"Plan Width": 108,"Actual Startup Time": 0.099,"Actual Total Time": 0.104,"Actual Rows": 25,"Actual Loops": 4,"Hash Buckets": 1024,"Original Hash Buckets": 1024,"Hash Batches": 1,"Original Hash Batches": 1,"Peak Memory Usage": 10,"Workers": [],"Plans": [{"Node Type": "Seq Scan","Parent Relationship": "Outer","Parallel Aware": false,"Async Capable": false,"Relation Name": "nation","Alias": "nation","Startup Cost": 0.00,"Total Cost": 1.25,"Plan Rows": 25,"Plan Width": 108,"Actual Startup Time": 0.069,"Actual Total Time": 0.076,"Actual Rows": 25,"Actual Loops": 4,"Workers": []}]}]}]}]}]},"Planning Time": 7.017,"Triggers": [],"Execution Time": 642.875}]
[{"Plan": {"Node Type": "Sort","Parallel Aware": false,"Async Capable": false,"Startup Cost": 132293.09,"Total Cost": 132436.61,"Plan Rows": 57411,"Plan Width": 280,"Actual Startup Time": 612.013,"Actual Total Time": 652.224,"Actual Rows": 37922,"Actual Loops": 1,"Sort Key": ["(sum((lineitem.l_extendedprice * ('1'::numeric - lineitem.l_discount)))) DESC"],"Sort Method": "quicksort","Sort Space Used": 9827,"Sort Space Type": "Memory","Plans": [{"Node Type": "Aggregate","Strategy": "Hashed","Partial Mode": "Simple","Parent Relationship": "Outer","Parallel Aware": false,"Async Capable": false,"Startup Cost": 127037.38,"Total Cost": 127755.02,"Plan Rows": 57411,"Plan Width": 280,"Actual Startup Time": 427.597,"Actual Total Time": 578.840,"Actual Rows": 37922,"Actual Loops": 1,"Group Key": ["customer.c_custkey", "nation.n_name"],"Planned Partitions": 0,"HashAgg Batches": 1,"Peak Memory Usage": 26129,"Disk Usage": 0,"Plans": [{"Node Type": "Gather","Parent Relationship": "Outer","Parallel Aware": false,"Async Capable": false,"Startup Cost": 6799.26,"Total Cost": 126319.75,"Plan Rows": 57411,"Plan Width": 260,"Actual Startup Time": 84.985,"Actual Total Time": 295.027,"Actual Rows": 114929,"Actual Loops": 1,"Workers Planned": 3,"Workers Launched": 3,"Single Copy": false,"Plans": [{"Node Type": "Hash Join","Parent Relationship": "Outer","Parallel Aware": false,"Async Capable": false,"Join Type": "Inner","Startup Cost": 5799.26,"Total Cost": 119578.65,"Plan Rows": 18520,"Plan Width": 260,"Actual Startup Time": 77.490,"Actual Total Time": 369.817,"Actual Rows": 28732,"Actual Loops": 4,"Inner Unique": true,"Hash Cond": "(customer.c_nationkey = nation.n_nationkey)","Workers": [],"Plans": [{"Node Type": "Hash Join","Parent Relationship": "Outer","Parallel Aware": true,"Async Capable": false,"Join Type": "Inner","Startup Cost": 5797.70,"Total Cost": 119520.23,"Plan Rows": 18520,"Plan Width": 160,"Actual Startup Time": 77.066,"Actual Total Time": 360.808,"Actual Rows": 28732,"Actual Loops": 4,"Inner Unique": true,"Hash Cond": "(orders.o_custkey = customer.c_custkey)","Workers": [],"Plans": [{"Node Type": "Nested Loop","Parent Relationship": "Outer","Parallel Aware": false,"Async Capable": false,"Join Type": "Inner","Startup Cost": 806.45,"Total Cost": 114480.36,"Plan Rows": 18520,"Plan Width": 16,"Actual Startup Time": 13.430,"Actual Total Time": 255.437,"Actual Rows": 28732,"Actual Loops": 4,"Inner Unique": false,"Workers": [],"Plans": [{"Node Type": "Bitmap Heap Scan","Parent Relationship": "Outer","Parallel Aware": true,"Async Capable": false,"Relation Name": "orders","Alias": "orders","Startup Cost": 806.01,"Total Cost": 27183.11,"Plan Rows": 18807,"Plan Width": 8,"Actual Startup Time": 13.367,"Actual Total Time": 72.208,"Actual Rows": 14355,"Actual Loops": 4,"Recheck Cond": "((o_orderdate >= '1994-03-01'::date) AND (o_orderdate < '1994-06-01 00:00:00'::timestamp without time zone))","Rows Removed by Index Recheck": 0,"Exact Heap Blocks": 3712,"Lossy Heap Blocks": 0,"Workers": [],"Plans": [{"Node Type": "Bitmap Index Scan","Parent Relationship": "Outer","Parallel Aware": false,"Async Capable": false,"Index Name": "idx_orders_orderdate","Startup Cost": 0.00,"Total Cost": 791.44,"Plan Rows": 58301,"Plan Width": 0,"Actual Startup Time": 10.180,"Actual Total Time": 10.183,"Actual Rows": 57420,"Actual Loops": 1,"Index Cond": "((o_orderdate >= '1994-03-01'::date) AND (o_orderdate < '1994-06-01 00:00:00'::timestamp without time zone))","Workers": []}]},{"Node Type": "Index Scan","Parent Relationship": "Inner","Parallel Aware": false,"Async Capable": false,"Scan Direction": "Forward","Index Name": "idx_lineitem_orderkey","Relation Name": "lineitem","Alias": "lineitem","Startup Cost": 0.43,"Total Cost": 4.60,"Plan Rows": 4,"Plan Width": 16,"Actual Startup Time": 0.010,"Actual Total Time": 0.012,"Actual Rows": 2,"Actual Loops": 57420,"Index Cond": "(l_orderkey = orders.o_orderkey)","Rows Removed by Index Recheck": 0,"Filter": "(l_returnflag = 'R'::bpchar)","Rows Removed by Filter": 2,"Workers": []}]},{"Node Type": "Hash","Parent Relationship": "Inner","Parallel Aware": true,"Async Capable": false,"Startup Cost": 4210.00,"Total Cost": 4210.00,"Plan Rows": 62500,"Plan Width": 148,"Actual Startup Time": 63.095,"Actual Total Time": 63.101,"Actual Rows": 37500,"Actual Loops": 4,"Hash Buckets": 262144,"Original Hash Buckets": 262144,"Hash Batches": 1,"Original Hash Batches": 1,"Peak Memory Usage": 29280,"Workers": [],"Plans": [{"Node Type": "Seq Scan","Parent Relationship": "Outer","Parallel Aware": true,"Async Capable": false,"Relation Name": "customer","Alias": "customer","Startup Cost": 0.00,"Total Cost": 4210.00,"Plan Rows": 62500,"Plan Width": 148,"Actual Startup Time": 0.041,"Actual Total Time": 28.071,"Actual Rows": 37500,"Actual Loops": 4,"Workers": []}]}]},{"Node Type": "Hash","Parent Relationship": "Inner","Parallel Aware": false,"Async Capable": false,"Startup Cost": 1.25,"Total Cost": 1.25,"Plan Rows": 25,"Plan Width": 108,"Actual Startup Time": 0.097,"Actual Total Time": 0.101,"Actual Rows": 25,"Actual Loops": 4,"Hash Buckets": 1024,"Original Hash Buckets": 1024,"Hash Batches": 1,"Original Hash Batches": 1,"Peak Memory Usage": 10,"Workers": [],"Plans": [{"Node Type": "Seq Scan","Parent Relationship": "Outer","Parallel Aware": false,"Async Capable": false,"Relation Name": "nation","Alias": "nation","Startup Cost": 0.00,"Total Cost": 1.25,"Plan Rows": 25,"Plan Width": 108,"Actual Startup Time": 0.065,"Actual Total Time": 0.071,"Actual Rows": 25,"Actual Loops": 4,"Workers": []}]}]}]}]}]},"Planning Time": 6.342,"Triggers": [],"Execution Time": 656.718}]
[{"Plan": {"Node Type": "Sort","Parallel Aware": false,"Async Capable": false,"Startup Cost": 130975.09,"Total Cost": 131116.14,"Plan Rows": 56420,"Plan Width": 280,"Actual Startup Time": 559.129,"Actual Total Time": 601.162,"Actual Rows": 37859,"Actual Loops": 1,"Sort Key": ["(sum((lineitem.l_extendedprice * ('1'::numeric - lineitem.l_discount)))) DESC"],"Sort Method": "quicksort","Sort Space Used": 9818,"Sort Space Type": "Memory","Plans": [{"Node Type": "Aggregate","Strategy": "Hashed","Partial Mode": "Simple","Parent Relationship": "Outer","Parallel Aware": false,"Async Capable": false,"Startup Cost": 125817.20,"Total Cost": 126522.45,"Plan Rows": 56420,"Plan Width": 280,"Actual Startup Time": 383.531,"Actual Total Time": 530.212,"Actual Rows": 37859,"Actual Loops": 1,"Group Key": ["customer.c_custkey", "nation.n_name"],"Planned Partitions": 0,"HashAgg Batches": 1,"Peak Memory Usage": 26129,"Disk Usage": 0,"Plans": [{"Node Type": "Gather","Parent Relationship": "Outer","Parallel Aware": false,"Async Capable": false,"Startup Cost": 6784.95,"Total Cost": 125111.95,"Plan Rows": 56420,"Plan Width": 260,"Actual Startup Time": 70.081,"Actual Total Time": 265.015,"Actual Rows": 114028,"Actual Loops": 1,"Workers Planned": 3,"Workers Launched": 3,"Single Copy": false,"Plans": [{"Node Type": "Hash Join","Parent Relationship": "Outer","Parallel Aware": false,"Async Capable": false,"Join Type": "Inner","Startup Cost": 5784.95,"Total Cost": 118469.95,"Plan Rows": 18200,"Plan Width": 260,"Actual Startup Time": 62.841,"Actual Total Time": 330.296,"Actual Rows": 28507,"Actual Loops": 4,"Inner Unique": true,"Hash Cond": "(customer.c_nationkey = nation.n_nationkey)","Workers": [],"Plans": [{"Node Type": "Hash Join","Parent Relationship": "Outer","Parallel Aware": true,"Async Capable": false,"Join Type": "Inner","Startup Cost": 5783.38,"Total Cost": 118412.51,"Plan Rows": 18200,"Plan Width": 160,"Actual Startup Time": 62.430,"Actual Total Time": 322.490,"Actual Rows": 28507,"Actual Loops": 4,"Inner Unique": true,"Hash Cond": "(orders.o_custkey = customer.c_custkey)","Workers": [],"Plans": [{"Node Type": "Nested Loop","Parent Relationship": "Outer","Parallel Aware": false,"Async Capable": false,"Join Type": "Inner","Startup Cost": 792.13,"Total Cost": 113373.49,"Plan Rows": 18200,"Plan Width": 16,"Actual Startup Time": 13.021,"Actual Total Time": 238.266,"Actual Rows": 28507,"Actual Loops": 4,"Inner Unique": false,"Workers": [],"Plans": [{"Node Type": "Bitmap Heap Scan","Parent Relationship": "Outer","Parallel Aware": true,"Async Capable": false,"Relation Name": "orders","Alias": "orders","Startup Cost": 791.70,"Total Cost": 27163.94,"Plan Rows": 18482,"Plan Width": 8,"Actual Startup Time": 12.954,"Actual Total Time": 66.534,"Actual Rows": 14234,"Actual Loops": 4,"Recheck Cond": "((o_orderdate >= '1993-03-01'::date) AND (o_orderdate < '1993-06-01 00:00:00'::timestamp without time zone))","Rows Removed by Index Recheck": 0,"Exact Heap Blocks": 3517,"Lossy Heap Blocks": 0,"Workers": [],"Plans": [{"Node Type": "Bitmap Index Scan","Parent Relationship": "Outer","Parallel Aware": false,"Async Capable": false,"Index Name": "idx_orders_orderdate","Startup Cost": 0.00,"Total Cost": 777.38,"Plan Rows": 57295,"Plan Width": 0,"Actual Startup Time": 9.836,"Actual Total Time": 9.842,"Actual Rows": 56934,"Actual Loops": 1,"Index Cond": "((o_orderdate >= '1993-03-01'::date) AND (o_orderdate < '1993-06-01 00:00:00'::timestamp without time zone))","Workers": []}]},{"Node Type": "Index Scan","Parent Relationship": "Inner","Parallel Aware": false,"Async Capable": false,"Scan Direction": "Forward","Index Name": "idx_lineitem_orderkey","Relation Name": "lineitem","Alias": "lineitem","Startup Cost": 0.43,"Total Cost": 4.62,"Plan Rows": 4,"Plan Width": 16,"Actual Startup Time": 0.010,"Actual Total Time": 0.012,"Actual Rows": 2,"Actual Loops": 56934,"Index Cond": "(l_orderkey = orders.o_orderkey)","Rows Removed by Index Recheck": 0,"Filter": "(l_returnflag = 'R'::bpchar)","Rows Removed by Filter": 2,"Workers": []}]},{"Node Type": "Hash","Parent Relationship": "Inner","Parallel Aware": true,"Async Capable": false,"Startup Cost": 4210.00,"Total Cost": 4210.00,"Plan Rows": 62500,"Plan Width": 148,"Actual Startup Time": 48.797,"Actual Total Time": 48.806,"Actual Rows": 37500,"Actual Loops": 4,"Hash Buckets": 262144,"Original Hash Buckets": 262144,"Hash Batches": 1,"Original Hash Batches": 1,"Peak Memory Usage": 29344,"Workers": [],"Plans": [{"Node Type": "Seq Scan","Parent Relationship": "Outer","Parallel Aware": true,"Async Capable": false,"Relation Name": "customer","Alias": "customer","Startup Cost": 0.00,"Total Cost": 4210.00,"Plan Rows": 62500,"Plan Width": 148,"Actual Startup Time": 0.027,"Actual Total Time": 20.617,"Actual Rows": 37500,"Actual Loops": 4,"Workers": []}]}]},{"Node Type": "Hash","Parent Relationship": "Inner","Parallel Aware": false,"Async Capable": false,"Startup Cost": 1.25,"Total Cost": 1.25,"Plan Rows": 25,"Plan Width": 108,"Actual Startup Time": 0.102,"Actual Total Time": 0.108,"Actual Rows": 25,"Actual Loops": 4,"Hash Buckets": 1024,"Original Hash Buckets": 1024,"Hash Batches": 1,"Original Hash Batches": 1,"Peak Memory Usage": 10,"Workers": [],"Plans": [{"Node Type": "Seq Scan","Parent Relationship": "Outer","Parallel Aware": false,"Async Capable": false,"Relation Name": "nation","Alias": "nation","Startup Cost": 0.00,"Total Cost": 1.25,"Plan Rows": 25,"Plan Width": 108,"Actual Startup Time": 0.068,"Actual Total Time": 0.076,"Actual Rows": 25,"Actual Loops": 4,"Workers": []}]}]}]}]}]},"Planning Time": 7.017,"Triggers": [],"Execution Time": 606.974}]
[{"Plan": {"Node Type": "Sort","Parallel Aware": false,"Async Capable": false,"Startup Cost": 135821.55,"Total Cost": 135971.77,"Plan Rows": 60088,"Plan Width": 280,"Actual Startup Time": 612.241,"Actual Total Time": 654.721,"Actual Rows": 38271,"Actual Loops": 1,"Sort Key": ["(sum((lineitem.l_extendedprice * ('1'::numeric - lineitem.l_discount)))) DESC"],"Sort Method": "quicksort","Sort Space Used": 9908,"Sort Space Type": "Memory","Plans": [{"Node Type": "Aggregate","Strategy": "Hashed","Partial Mode": "Simple","Parent Relationship": "Outer","Parallel Aware": false,"Async Capable": false,"Startup Cost": 130301.02,"Total Cost": 131052.12,"Plan Rows": 60088,"Plan Width": 280,"Actual Startup Time": 429.301,"Actual Total Time": 581.634,"Actual Rows": 38271,"Actual Loops": 1,"Group Key": ["customer.c_custkey", "nation.n_name"],"Planned Partitions": 0,"HashAgg Batches": 1,"Peak Memory Usage": 27665,"Disk Usage": 0,"Plans": [{"Node Type": "Gather","Parent Relationship": "Outer","Parallel Aware": false,"Async Capable": false,"Startup Cost": 6839.13,"Total Cost": 129549.92,"Plan Rows": 60088,"Plan Width": 260,"Actual Startup Time": 85.611,"Actual Total Time": 294.175,"Actual Rows": 115282,"Actual Loops": 1,"Workers Planned": 3,"Workers Launched": 3,"Single Copy": false,"Plans": [{"Node Type": "Hash Join","Parent Relationship": "Outer","Parallel Aware": false,"Async Capable": false,"Join Type": "Inner","Startup Cost": 5839.13,"Total Cost": 122541.12,"Plan Rows": 19383,"Plan Width": 260,"Actual Startup Time": 78.447,"Actual Total Time": 371.364,"Actual Rows": 28820,"Actual Loops": 4,"Inner Unique": true,"Hash Cond": "(customer.c_nationkey = nation.n_nationkey)","Workers": [],"Plans": [{"Node Type": "Hash Join","Parent Relationship": "Outer","Parallel Aware": true,"Async Capable": false,"Join Type": "Inner","Startup Cost": 5837.56,"Total Cost": 122480.06,"Plan Rows": 19383,"Plan Width": 160,"Actual Startup Time": 78.051,"Actual Total Time": 362.469,"Actual Rows": 28820,"Actual Loops": 4,"Inner Unique": true,"Hash Cond": "(orders.o_custkey = customer.c_custkey)","Workers": [],"Plans": [{"Node Type": "Nested Loop","Parent Relationship": "Outer","Parallel Aware": false,"Async Capable": false,"Join Type": "Inner","Startup Cost": 846.31,"Total Cost": 117437.93,"Plan Rows": 19383,"Plan Width": 16,"Actual Startup Time": 13.660,"Actual Total Time": 255.763,"Actual Rows": 28820,"Actual Loops": 4,"Inner Unique": false,"Workers": [],"Plans": [{"Node Type": "Bitmap Heap Scan","Parent Relationship": "Outer","Parallel Aware": true,"Async Capable": false,"Relation Name": "orders","Alias": "orders","Startup Cost": 845.88,"Total Cost": 27236.14,"Plan Rows": 19684,"Plan Width": 8,"Actual Startup Time": 13.594,"Actual Total Time": 71.334,"Actual Rows": 14421,"Actual Loops": 4,"Recheck Cond": "((o_orderdate >= '1994-11-01'::date) AND (o_orderdate < '1995-02-01 00:00:00'::timestamp without time zone))","Rows Removed by Index Recheck": 0,"Exact Heap Blocks": 3552,"Lossy Heap Blocks": 0,"Workers": [],"Plans": [{"Node Type": "Bitmap Index Scan","Parent Relationship": "Outer","Parallel Aware": false,"Async Capable": false,"Index Name": "idx_orders_orderdate","Startup Cost": 0.00,"Total Cost": 830.63,"Plan Rows": 61020,"Plan Width": 0,"Actual Startup Time": 10.499,"Actual Total Time": 10.499,"Actual Rows": 57683,"Actual Loops": 1,"Index Cond": "((o_orderdate >= '1994-11-01'::date) AND (o_orderdate < '1995-02-01 00:00:00'::timestamp without time zone))","Workers": []}]},{"Node Type": "Index Scan","Parent Relationship": "Inner","Parallel Aware": false,"Async Capable": false,"Scan Direction": "Forward","Index Name": "idx_lineitem_orderkey","Relation Name": "lineitem","Alias": "lineitem","Startup Cost": 0.43,"Total Cost": 4.54,"Plan Rows": 4,"Plan Width": 16,"Actual Startup Time": 0.010,"Actual Total Time": 0.012,"Actual Rows": 2,"Actual Loops": 57683,"Index Cond": "(l_orderkey = orders.o_orderkey)","Rows Removed by Index Recheck": 0,"Filter": "(l_returnflag = 'R'::bpchar)","Rows Removed by Filter": 2,"Workers": []}]},{"Node Type": "Hash","Parent Relationship": "Inner","Parallel Aware": true,"Async Capable": false,"Startup Cost": 4210.00,"Total Cost": 4210.00,"Plan Rows": 62500,"Plan Width": 148,"Actual Startup Time": 63.847,"Actual Total Time": 63.854,"Actual Rows": 37500,"Actual Loops": 4,"Hash Buckets": 262144,"Original Hash Buckets": 262144,"Hash Batches": 1,"Original Hash Batches": 1,"Peak Memory Usage": 29312,"Workers": [],"Plans": [{"Node Type": "Seq Scan","Parent Relationship": "Outer","Parallel Aware": true,"Async Capable": false,"Relation Name": "customer","Alias": "customer","Startup Cost": 0.00,"Total Cost": 4210.00,"Plan Rows": 62500,"Plan Width": 148,"Actual Startup Time": 0.028,"Actual Total Time": 27.532,"Actual Rows": 37500,"Actual Loops": 4,"Workers": []}]}]},{"Node Type": "Hash","Parent Relationship": "Inner","Parallel Aware": false,"Async Capable": false,"Startup Cost": 1.25,"Total Cost": 1.25,"Plan Rows": 25,"Plan Width": 108,"Actual Startup Time": 0.090,"Actual Total Time": 0.096,"Actual Rows": 25,"Actual Loops": 4,"Hash Buckets": 1024,"Original Hash Buckets": 1024,"Hash Batches": 1,"Original Hash Batches": 1,"Peak Memory Usage": 10,"Workers": [],"Plans": [{"Node Type": "Seq Scan","Parent Relationship": "Outer","Parallel Aware": false,"Async Capable": false,"Relation Name": "nation","Alias": "nation","Startup Cost": 0.00,"Total Cost": 1.25,"Plan Rows": 25,"Plan Width": 108,"Actual Startup Time": 0.058,"Actual Total Time": 0.065,"Actual Rows": 25,"Actual Loops": 4,"Workers": []}]}]}]}]}]},"Planning Time": 7.427,"Triggers": [],"Execution Time": 660.359}]
[{"Plan": {"Node Type": "Sort","Parallel Aware": false,"Async Capable": false,"Startup Cost": 132365.07,"Total Cost": 132508.74,"Plan Rows": 57466,"Plan Width": 280,"Actual Startup Time": 604.092,"Actual Total Time": 644.113,"Actual Rows": 37690,"Actual Loops": 1,"Sort Key": ["(sum((lineitem.l_extendedprice * ('1'::numeric - lineitem.l_discount)))) DESC"],"Sort Method": "quicksort","Sort Space Used": 9779,"Sort Space Type": "Memory","Plans": [{"Node Type": "Aggregate","Strategy": "Hashed","Partial Mode": "Simple","Parent Relationship": "Outer","Parallel Aware": false,"Async Capable": false,"Startup Cost": 127103.94,"Total Cost": 127822.26,"Plan Rows": 57466,"Plan Width": 280,"Actual Startup Time": 420.502,"Actual Total Time": 570.586,"Actual Rows": 37690,"Actual Loops": 1,"Group Key": ["customer.c_custkey", "nation.n_name"],"Planned Partitions": 0,"HashAgg Batches": 1,"Peak Memory Usage": 26129,"Disk Usage": 0,"Plans": [{"Node Type": "Gather","Parent Relationship": "Outer","Parallel Aware": false,"Async Capable": false,"Startup Cost": 6799.83,"Total Cost": 126385.61,"Plan Rows": 57466,"Plan Width": 260,"Actual Startup Time": 84.807,"Actual Total Time": 291.020,"Actual Rows": 113599,"Actual Loops": 1,"Workers Planned": 3,"Workers Launched": 3,"Single Copy": false,"Plans": [{"Node Type": "Hash Join","Parent Relationship": "Outer","Parallel Aware": false,"Async Capable": false,"Join Type": "Inner","Startup Cost": 5799.83,"Total Cost": 119639.01,"Plan Rows": 18537,"Plan Width": 260,"Actual Startup Time": 77.448,"Actual Total Time": 365.330,"Actual Rows": 28400,"Actual Loops": 4,"Inner Unique": true,"Hash Cond": "(customer.c_nationkey = nation.n_nationkey)","Workers": [],"Plans": [{"Node Type": "Hash Join","Parent Relationship": "Outer","Parallel Aware": true,"Async Capable": false,"Join Type": "Inner","Startup Cost": 5798.27,"Total Cost": 119580.55,"Plan Rows": 18537,"Plan Width": 160,"Actual Startup Time": 76.978,"Actual Total Time": 356.100,"Actual Rows": 28400,"Actual Loops": 4,"Inner Unique": true,"Hash Cond": "(orders.o_custkey = customer.c_custkey)","Workers": [],"Plans": [{"Node Type": "Nested Loop","Parent Relationship": "Outer","Parallel Aware": false,"Async Capable": false,"Join Type": "Inner","Startup Cost": 807.02,"Total Cost": 114540.64,"Plan Rows": 18537,"Plan Width": 16,"Actual Startup Time": 13.069,"Actual Total Time": 252.235,"Actual Rows": 28400,"Actual Loops": 4,"Inner Unique": false,"Workers": [],"Plans": [{"Node Type": "Bitmap Heap Scan","Parent Relationship": "Outer","Parallel Aware": true,"Async Capable": false,"Relation Name": "orders","Alias": "orders","Startup Cost": 806.59,"Total Cost": 27183.96,"Plan Rows": 18825,"Plan Width": 8,"Actual Startup Time": 13.002,"Actual Total Time": 70.665,"Actual Rows": 14161,"Actual Loops": 4,"Recheck Cond": "((o_orderdate >= '1994-04-01'::date) AND (o_orderdate < '1994-07-01 00:00:00'::timestamp without time zone))","Rows Removed by Index Recheck": 0,"Exact Heap Blocks": 3668,"Lossy Heap Blocks": 0,"Workers": [],"Plans": [{"Node Type": "Bitmap Index Scan","Parent Relationship": "Outer","Parallel Aware": false,"Async Capable": false,"Index Name": "idx_orders_orderdate","Startup Cost": 0.00,"Total Cost": 792.00,"Plan Rows": 58357,"Plan Width": 0,"Actual Startup Time": 9.907,"Actual Total Time": 9.915,"Actual Rows": 56645,"Actual Loops": 1,"Index Cond": "((o_orderdate >= '1994-04-01'::date) AND (o_orderdate < '1994-07-01 00:00:00'::timestamp without time zone))","Workers": []}]},{"Node Type": "Index Scan","Parent Relationship": "Inner","Parallel Aware": false,"Async Capable": false,"Scan Direction": "Forward","Index Name": "idx_lineitem_orderkey","Relation Name": "lineitem","Alias": "lineitem","Startup Cost": 0.43,"Total Cost": 4.60,"Plan Rows": 4,"Plan Width": 16,"Actual Startup Time": 0.010,"Actual Total Time": 0.012,"Actual Rows": 2,"Actual Loops": 56645,"Index Cond": "(l_orderkey = orders.o_orderkey)","Rows Removed by Index Recheck": 0,"Filter": "(l_returnflag = 'R'::bpchar)","Rows Removed by Filter": 2,"Workers": []}]},{"Node Type": "Hash","Parent Relationship": "Inner","Parallel Aware": true,"Async Capable": false,"Startup Cost": 4210.00,"Total Cost": 4210.00,"Plan Rows": 62500,"Plan Width": 148,"Actual Startup Time": 63.332,"Actual Total Time": 63.338,"Actual Rows": 37500,"Actual Loops": 4,"Hash Buckets": 262144,"Original Hash Buckets": 262144,"Hash Batches": 1,"Original Hash Batches": 1,"Peak Memory Usage": 29344,"Workers": [],"Plans": [{"Node Type": "Seq Scan","Parent Relationship": "Outer","Parallel Aware": true,"Async Capable": false,"Relation Name": "customer","Alias": "customer","Startup Cost": 0.00,"Total Cost": 4210.00,"Plan Rows": 62500,"Plan Width": 148,"Actual Startup Time": 0.025,"Actual Total Time": 28.533,"Actual Rows": 37500,"Actual Loops": 4,"Workers": []}]}]},{"Node Type": "Hash","Parent Relationship": "Inner","Parallel Aware": false,"Async Capable": false,"Startup Cost": 1.25,"Total Cost": 1.25,"Plan Rows": 25,"Plan Width": 108,"Actual Startup Time": 0.107,"Actual Total Time": 0.110,"Actual Rows": 25,"Actual Loops": 4,"Hash Buckets": 1024,"Original Hash Buckets": 1024,"Hash Batches": 1,"Original Hash Batches": 1,"Peak Memory Usage": 10,"Workers": [],"Plans": [{"Node Type": "Seq Scan","Parent Relationship": "Outer","Parallel Aware": false,"Async Capable": false,"Relation Name": "nation","Alias": "nation","Startup Cost": 0.00,"Total Cost": 1.25,"Plan Rows": 25,"Plan Width": 108,"Actual Startup Time": 0.074,"Actual Total Time": 0.080,"Actual Rows": 25,"Actual Loops": 4,"Workers": []}]}]}]}]}]},"Planning Time": 6.317,"Triggers": [],"Execution Time": 648.403}]
[{"Plan": {"Node Type": "Sort","Parallel Aware": false,"Async Capable": false,"Startup Cost": 130909.78,"Total Cost": 131050.70,"Plan Rows": 56371,"Plan Width": 280,"Actual Startup Time": 586.743,"Actual Total Time": 630.152,"Actual Rows": 38263,"Actual Loops": 1,"Sort Key": ["(sum((lineitem.l_extendedprice * ('1'::numeric - lineitem.l_discount)))) DESC"],"Sort Method": "quicksort","Sort Space Used": 9899,"Sort Space Type": "Memory","Plans": [{"Node Type": "Aggregate","Strategy": "Hashed","Partial Mode": "Simple","Parent Relationship": "Outer","Parallel Aware": false,"Async Capable": false,"Startup Cost": 125756.71,"Total Cost": 126461.35,"Plan Rows": 56371,"Plan Width": 280,"Actual Startup Time": 417.199,"Actual Total Time": 554.225,"Actual Rows": 38263,"Actual Loops": 1,"Group Key": ["customer.c_custkey", "nation.n_name"],"Planned Partitions": 0,"HashAgg Batches": 1,"Peak Memory Usage": 26129,"Disk Usage": 0,"Plans": [{"Node Type": "Gather","Parent Relationship": "Outer","Parallel Aware": false,"Async Capable": false,"Startup Cost": 6784.43,"Total Cost": 125052.08,"Plan Rows": 56371,"Plan Width": 260,"Actual Startup Time": 75.828,"Actual Total Time": 292.854,"Actual Rows": 114665,"Actual Loops": 1,"Workers Planned": 3,"Workers Launched": 3,"Single Copy": false,"Plans": [{"Node Type": "Hash Join","Parent Relationship": "Outer","Parallel Aware": false,"Async Capable": false,"Join Type": "Inner","Startup Cost": 5784.43,"Total Cost": 118414.98,"Plan Rows": 18184,"Plan Width": 260,"Actual Startup Time": 68.693,"Actual Total Time": 360.677,"Actual Rows": 28666,"Actual Loops": 4,"Inner Unique": true,"Hash Cond": "(customer.c_nationkey = nation.n_nationkey)","Workers": [],"Plans": [{"Node Type": "Hash Join","Parent Relationship": "Outer","Parallel Aware": true,"Async Capable": false,"Join Type": "Inner","Startup Cost": 5782.87,"Total Cost": 118357.59,"Plan Rows": 18184,"Plan Width": 160,"Actual Startup Time": 68.338,"Actual Total Time": 351.919,"Actual Rows": 28666,"Actual Loops": 4,"Inner Unique": true,"Hash Cond": "(orders.o_custkey = customer.c_custkey)","Workers": [],"Plans": [{"Node Type": "Nested Loop","Parent Relationship": "Outer","Parallel Aware": false,"Async Capable": false,"Join Type": "Inner","Startup Cost": 791.62,"Total Cost": 113318.61,"Plan Rows": 18184,"Plan Width": 16,"Actual Startup Time": 13.513,"Actual Total Time": 254.371,"Actual Rows": 28666,"Actual Loops": 4,"Inner Unique": false,"Workers": [],"Plans": [{"Node Type": "Bitmap Heap Scan","Parent Relationship": "Outer","Parallel Aware": true,"Async Capable": false,"Relation Name": "orders","Alias": "orders","Startup Cost": 791.19,"Total Cost": 27163.18,"Plan Rows": 18466,"Plan Width": 8,"Actual Startup Time": 13.445,"Actual Total Time": 71.425,"Actual Rows": 14346,"Actual Loops": 4,"Recheck Cond": "((o_orderdate >= '1994-07-01'::date) AND (o_orderdate < '1994-10-01 00:00:00'::timestamp without time zone))","Rows Removed by Index Recheck": 0,"Exact Heap Blocks": 3489,"Lossy Heap Blocks": 0,"Workers": [],"Plans": [{"Node Type": "Bitmap Index Scan","Parent Relationship": "Outer","Parallel Aware": false,"Async Capable": false,"Index Name": "idx_orders_orderdate","Startup Cost": 0.00,"Total Cost": 776.88,"Plan Rows": 57245,"Plan Width": 0,"Actual Startup Time": 10.310,"Actual Total Time": 10.312,"Actual Rows": 57384,"Actual Loops": 1,"Index Cond": "((o_orderdate >= '1994-07-01'::date) AND (o_orderdate < '1994-10-01 00:00:00'::timestamp without time zone))","Workers": []}]},{"Node Type": "Index Scan","Parent Relationship": "Inner","Parallel Aware": false,"Async Capable": false,"Scan Direction": "Forward","Index Name": "idx_lineitem_orderkey","Relation Name": "lineitem","Alias": "lineitem","Startup Cost": 0.43,"Total Cost": 4.63,"Plan Rows": 4,"Plan Width": 16,"Actual Startup Time": 0.010,"Actual Total Time": 0.012,"Actual Rows": 2,"Actual Loops": 57384,"Index Cond": "(l_orderkey = orders.o_orderkey)","Rows Removed by Index Recheck": 0,"Filter": "(l_returnflag = 'R'::bpchar)","Rows Removed by Filter": 2,"Workers": []}]},{"Node Type": "Hash","Parent Relationship": "Inner","Parallel Aware": true,"Async Capable": false,"Startup Cost": 4210.00,"Total Cost": 4210.00,"Plan Rows": 62500,"Plan Width": 148,"Actual Startup Time": 54.206,"Actual Total Time": 54.213,"Actual Rows": 37500,"Actual Loops": 4,"Hash Buckets": 262144,"Original Hash Buckets": 262144,"Hash Batches": 1,"Original Hash Batches": 1,"Peak Memory Usage": 29312,"Workers": [],"Plans": [{"Node Type": "Seq Scan","Parent Relationship": "Outer","Parallel Aware": true,"Async Capable": false,"Relation Name": "customer","Alias": "customer","Startup Cost": 0.00,"Total Cost": 4210.00,"Plan Rows": 62500,"Plan Width": 148,"Actual Startup Time": 0.020,"Actual Total Time": 23.974,"Actual Rows": 37500,"Actual Loops": 4,"Workers": []}]}]},{"Node Type": "Hash","Parent Relationship": "Inner","Parallel Aware": false,"Async Capable": false,"Startup Cost": 1.25,"Total Cost": 1.25,"Plan Rows": 25,"Plan Width": 108,"Actual Startup Time": 0.080,"Actual Total Time": 0.085,"Actual Rows": 25,"Actual Loops": 4,"Hash Buckets": 1024,"Original Hash Buckets": 1024,"Hash Batches": 1,"Original Hash Batches": 1,"Peak Memory Usage": 10,"Workers": [],"Plans": [{"Node Type": "Seq Scan","Parent Relationship": "Outer","Parallel Aware": false,"Async Capable": false,"Relation Name": "nation","Alias": "nation","Startup Cost": 0.00,"Total Cost": 1.25,"Plan Rows": 25,"Plan Width": 108,"Actual Startup Time": 0.053,"Actual Total Time": 0.059,"Actual Rows": 25,"Actual Loops": 4,"Workers": []}]}]}]}]}]},"Planning Time": 7.471,"Triggers": [],"Execution Time": 636.412}]
[{"Plan": {"Node Type": "Sort","Parallel Aware": false,"Async Capable": false,"Startup Cost": 131330.41,"Total Cost": 131472.12,"Plan Rows": 56686,"Plan Width": 280,"Actual Startup Time": 587.483,"Actual Total Time": 628.086,"Actual Rows": 37925,"Actual Loops": 1,"Sort Key": ["(sum((lineitem.l_extendedprice * ('1'::numeric - lineitem.l_discount)))) DESC"],"Sort Method": "quicksort","Sort Space Used": 9832,"Sort Space Type": "Memory","Plans": [{"Node Type": "Aggregate","Strategy": "Hashed","Partial Mode": "Simple","Parent Relationship": "Outer","Parallel Aware": false,"Async Capable": false,"Startup Cost": 126146.27,"Total Cost": 126854.85,"Plan Rows": 56686,"Plan Width": 280,"Actual Startup Time": 410.388,"Actual Total Time": 556.054,"Actual Rows": 37925,"Actual Loops": 1,"Group Key": ["customer.c_custkey", "nation.n_name"],"Planned Partitions": 0,"HashAgg Batches": 1,"Peak Memory Usage": 26129,"Disk Usage": 0,"Plans": [{"Node Type": "Gather","Parent Relationship": "Outer","Parallel Aware": false,"Async Capable": false,"Startup Cost": 6791.71,"Total Cost": 125437.70,"Plan Rows": 56686,"Plan Width": 260,"Actual Startup Time": 76.070,"Actual Total Time": 284.431,"Actual Rows": 114550,"Actual Loops": 1,"Workers Planned": 3,"Workers Launched": 3,"Single Copy": false,"Plans": [{"Node Type": "Hash Join","Parent Relationship": "Outer","Parallel Aware": false,"Async Capable": false,"Join Type": "Inner","Startup Cost": 5791.71,"Total Cost": 118769.10,"Plan Rows": 18286,"Plan Width": 260,"Actual Startup Time": 68.409,"Actual Total Time": 355.040,"Actual Rows": 28638,"Actual Loops": 4,"Inner Unique": true,"Hash Cond": "(customer.c_nationkey = nation.n_nationkey)","Workers": [],"Plans": [{"Node Type": "Hash Join","Parent Relationship": "Outer","Parallel Aware": true,"Async Capable": false,"Join Type": "Inner","Startup Cost": 5790.15,"Total Cost": 118711.40,"Plan Rows": 18286,"Plan Width": 160,"Actual Startup Time": 67.911,"Actual Total Time": 346.301,"Actual Rows": 28638,"Actual Loops": 4,"Inner Unique": true,"Hash Cond": "(orders.o_custkey = customer.c_custkey)","Workers": [],"Plans": [{"Node Type": "Nested Loop","Parent Relationship": "Outer","Parallel Aware": false,"Async Capable": false,"Join Type": "Inner","Startup Cost": 798.90,"Total Cost": 113672.15,"Plan Rows": 18286,"Plan Width": 16,"Actual Startup Time": 13.342,"Actual Total Time": 249.825,"Actual Rows": 28638,"Actual Loops": 4,"Inner Unique": false,"Workers": [],"Plans": [{"Node Type": "Bitmap Heap Scan","Parent Relationship": "Outer","Parallel Aware": true,"Async Capable": false,"Relation Name": "orders","Alias": "orders","Startup Cost": 798.47,"Total Cost": 27172.01,"Plan Rows": 18569,"Plan Width": 8,"Actual Startup Time": 13.275,"Actual Total Time": 71.340,"Actual Rows": 14284,"Actual Loops": 4,"Recheck Cond": "((o_orderdate >= '1993-08-01'::date) AND (o_orderdate < '1993-11-01 00:00:00'::timestamp without time zone))","Rows Removed by Index Recheck": 0,"Exact Heap Blocks": 3594,"Lossy Heap Blocks": 0,"Workers": [],"Plans": [{"Node Type": "Bitmap Index Scan","Parent Relationship": "Outer","Parallel Aware": false,"Async Capable": false,"Index Name": "idx_orders_orderdate","Startup Cost": 0.00,"Total Cost": 784.08,"Plan Rows": 57565,"Plan Width": 0,"Actual Startup Time": 10.135,"Actual Total Time": 10.136,"Actual Rows": 57138,"Actual Loops": 1,"Index Cond": "((o_orderdate >= '1993-08-01'::date) AND (o_orderdate < '1993-11-01 00:00:00'::timestamp without time zone))","Workers": []}]},{"Node Type": "Index Scan","Parent Relationship": "Inner","Parallel Aware": false,"Async Capable": false,"Scan Direction": "Forward","Index Name": "idx_lineitem_orderkey","Relation Name": "lineitem","Alias": "lineitem","Startup Cost": 0.43,"Total Cost": 4.62,"Plan Rows": 4,"Plan Width": 16,"Actual Startup Time": 0.010,"Actual Total Time": 0.012,"Actual Rows": 2,"Actual Loops": 57138,"Index Cond": "(l_orderkey = orders.o_orderkey)","Rows Removed by Index Recheck": 0,"Filter": "(l_returnflag = 'R'::bpchar)","Rows Removed by Filter": 2,"Workers": []}]},{"Node Type": "Hash","Parent Relationship": "Inner","Parallel Aware": true,"Async Capable": false,"Startup Cost": 4210.00,"Total Cost": 4210.00,"Plan Rows": 62500,"Plan Width": 148,"Actual Startup Time": 53.968,"Actual Total Time": 53.976,"Actual Rows": 37500,"Actual Loops": 4,"Hash Buckets": 262144,"Original Hash Buckets": 262144,"Hash Batches": 1,"Original Hash Batches": 1,"Peak Memory Usage": 29344,"Workers": [],"Plans": [{"Node Type": "Seq Scan","Parent Relationship": "Outer","Parallel Aware": true,"Async Capable": false,"Relation Name": "customer","Alias": "customer","Startup Cost": 0.00,"Total Cost": 4210.00,"Plan Rows": 62500,"Plan Width": 148,"Actual Startup Time": 0.023,"Actual Total Time": 24.403,"Actual Rows": 37500,"Actual Loops": 4,"Workers": []}]}]},{"Node Type": "Hash","Parent Relationship": "Inner","Parallel Aware": false,"Async Capable": false,"Startup Cost": 1.25,"Total Cost": 1.25,"Plan Rows": 25,"Plan Width": 108,"Actual Startup Time": 0.099,"Actual Total Time": 0.106,"Actual Rows": 25,"Actual Loops": 4,"Hash Buckets": 1024,"Original Hash Buckets": 1024,"Hash Batches": 1,"Original Hash Batches": 1,"Peak Memory Usage": 10,"Workers": [],"Plans": [{"Node Type": "Seq Scan","Parent Relationship": "Outer","Parallel Aware": false,"Async Capable": false,"Relation Name": "nation","Alias": "nation","Startup Cost": 0.00,"Total Cost": 1.25,"Plan Rows": 25,"Plan Width": 108,"Actual Startup Time": 0.062,"Actual Total Time": 0.071,"Actual Rows": 25,"Actual Loops": 4,"Workers": []}]}]}]}]}]},"Planning Time": 6.540,"Triggers": [],"Execution Time": 634.012}]
[{"Plan": {"Node Type": "Sort","Parallel Aware": false,"Async Capable": false,"Startup Cost": 128992.79,"Total Cost": 129130.12,"Plan Rows": 54934,"Plan Width": 280,"Actual Startup Time": 576.704,"Actual Total Time": 617.888,"Actual Rows": 37047,"Actual Loops": 1,"Sort Key": ["(sum((lineitem.l_extendedprice * ('1'::numeric - lineitem.l_discount)))) DESC"],"Sort Method": "quicksort","Sort Space Used": 9638,"Sort Space Type": "Memory","Plans": [{"Node Type": "Aggregate","Strategy": "Hashed","Partial Mode": "Simple","Parent Relationship": "Outer","Parallel Aware": false,"Async Capable": false,"Startup Cost": 123981.32,"Total Cost": 124668.00,"Plan Rows": 54934,"Plan Width": 280,"Actual Startup Time": 405.696,"Actual Total Time": 547.631,"Actual Rows": 37047,"Actual Loops": 1,"Group Key": ["customer.c_custkey", "nation.n_name"],"Planned Partitions": 0,"HashAgg Batches": 1,"Peak Memory Usage": 26129,"Disk Usage": 0,"Plans": [{"Node Type": "Gather","Parent Relationship": "Outer","Parallel Aware": false,"Async Capable": false,"Startup Cost": 6765.48,"Total Cost": 123294.65,"Plan Rows": 54934,"Plan Width": 260,"Actual Startup Time": 77.101,"Actual Total Time": 288.603,"Actual Rows": 110515,"Actual Loops": 1,"Workers Planned": 3,"Workers Launched": 3,"Single Copy": false,"Plans": [{"Node Type": "Hash Join","Parent Relationship": "Outer","Parallel Aware": false,"Async Capable": false,"Join Type": "Inner","Startup Cost": 5765.48,"Total Cost": 116801.25,"Plan Rows": 17721,"Plan Width": 260,"Actual Startup Time": 69.802,"Actual Total Time": 351.295,"Actual Rows": 27629,"Actual Loops": 4,"Inner Unique": true,"Hash Cond": "(customer.c_nationkey = nation.n_nationkey)","Workers": [],"Plans": [{"Node Type": "Nested Loop","Parent Relationship": "Outer","Parallel Aware": false,"Async Capable": false,"Join Type": "Inner","Startup Cost": 5763.92,"Total Cost": 116745.28,"Plan Rows": 17721,"Plan Width": 160,"Actual Startup Time": 69.448,"Actual Total Time": 342.448,"Actual Rows": 27629,"Actual Loops": 4,"Inner Unique": false,"Workers": [],"Plans": [{"Node Type": "Hash Join","Parent Relationship": "Outer","Parallel Aware": true,"Async Capable": false,"Join Type": "Inner","Startup Cost": 5763.48,"Total Cost": 32175.66,"Plan Rows": 17995,"Plan Width": 152,"Actual Startup Time": 69.393,"Actual Total Time": 167.356,"Actual Rows": 13816,"Actual Loops": 4,"Inner Unique": true,"Hash Cond": "(orders.o_custkey = customer.c_custkey)","Workers": [],"Plans": [{"Node Type": "Bitmap Heap Scan","Parent Relationship": "Outer","Parallel Aware": true,"Async Capable": false,"Relation Name": "orders","Alias": "orders","Startup Cost": 772.23,"Total Cost": 27137.17,"Plan Rows": 17996,"Plan Width": 8,"Actual Startup Time": 13.220,"Actual Total Time": 67.142,"Actual Rows": 13816,"Actual Loops": 4,"Recheck Cond": "((o_orderdate >= '1993-02-01'::date) AND (o_orderdate < '1993-05-01 00:00:00'::timestamp without time zone))","Rows Removed by Index Recheck": 0,"Exact Heap Blocks": 3458,"Lossy Heap Blocks": 0,"Workers": [],"Plans": [{"Node Type": "Bitmap Index Scan","Parent Relationship": "Outer","Parallel Aware": false,"Async Capable": false,"Index Name": "idx_orders_orderdate","Startup Cost": 0.00,"Total Cost": 758.29,"Plan Rows": 55786,"Plan Width": 0,"Actual Startup Time": 10.104,"Actual Total Time": 10.109,"Actual Rows": 55266,"Actual Loops": 1,"Index Cond": "((o_orderdate >= '1993-02-01'::date) AND (o_orderdate < '1993-05-01 00:00:00'::timestamp without time zone))","Workers": []}]},{"Node Type": "Hash","Parent Relationship": "Inner","Parallel Aware": true,"Async Capable": false,"Startup Cost": 4210.00,"Total Cost": 4210.00,"Plan Rows": 62500,"Plan Width": 148,"Actual Startup Time": 55.605,"Actual Total Time": 55.613,"Actual Rows": 37500,"Actual Loops": 4,"Hash Buckets": 262144,"Original Hash Buckets": 262144,"Hash Batches": 1,"Original Hash Batches": 1,"Peak Memory Usage": 29312,"Workers": [],"Plans": [{"Node Type": "Seq Scan","Parent Relationship": "Outer","Parallel Aware": true,"Async Capable": false,"Relation Name": "customer","Alias": "customer","Startup Cost": 0.00,"Total Cost": 4210.00,"Plan Rows": 62500,"Plan Width": 148,"Actual Startup Time": 0.022,"Actual Total Time": 25.460,"Actual Rows": 37500,"Actual Loops": 4,"Workers": []}]}]},{"Node Type": "Index Scan","Parent Relationship": "Inner","Parallel Aware": false,"Async Capable": false,"Scan Direction": "Forward","Index Name": "idx_lineitem_orderkey","Relation Name": "lineitem","Alias": "lineitem","Startup Cost": 0.43,"Total Cost": 4.66,"Plan Rows": 4,"Plan Width": 16,"Actual Startup Time": 0.010,"Actual Total Time": 0.012,"Actual Rows": 2,"Actual Loops": 55266,"Index Cond": "(l_orderkey = orders.o_orderkey)","Rows Removed by Index Recheck": 0,"Filter": "(l_returnflag = 'R'::bpchar)","Rows Removed by Filter": 2,"Workers": []}]},{"Node Type": "Hash","Parent Relationship": "Inner","Parallel Aware": false,"Async Capable": false,"Startup Cost": 1.25,"Total Cost": 1.25,"Plan Rows": 25,"Plan Width": 108,"Actual Startup Time": 0.078,"Actual Total Time": 0.083,"Actual Rows": 25,"Actual Loops": 4,"Hash Buckets": 1024,"Original Hash Buckets": 1024,"Hash Batches": 1,"Original Hash Batches": 1,"Peak Memory Usage": 10,"Workers": [],"Plans": [{"Node Type": "Seq Scan","Parent Relationship": "Outer","Parallel Aware": false,"Async Capable": false,"Relation Name": "nation","Alias": "nation","Startup Cost": 0.00,"Total Cost": 1.25,"Plan Rows": 25,"Plan Width": 108,"Actual Startup Time": 0.053,"Actual Total Time": 0.057,"Actual Rows": 25,"Actual Loops": 4,"Workers": []}]}]}]}]}]},"Planning Time": 7.802,"Triggers": [],"Execution Time": 623.390}]
[{"Plan": {"Node Type": "Sort","Parallel Aware": false,"Async Capable": false,"Startup Cost": 134586.43,"Total Cost": 134734.30,"Plan Rows": 59150,"Plan Width": 280,"Actual Startup Time": 563.586,"Actual Total Time": 604.383,"Actual Rows": 37293,"Actual Loops": 1,"Sort Key": ["(sum((lineitem.l_extendedprice * ('1'::numeric - lineitem.l_discount)))) DESC"],"Sort Method": "quicksort","Sort Space Used": 9691,"Sort Space Type": "Memory","Plans": [{"Node Type": "Aggregate","Strategy": "Hashed","Partial Mode": "Simple","Parent Relationship": "Outer","Parallel Aware": false,"Async Capable": false,"Startup Cost": 129158.80,"Total Cost": 129898.17,"Plan Rows": 59150,"Plan Width": 280,"Actual Startup Time": 392.436,"Actual Total Time": 532.730,"Actual Rows": 37293,"Actual Loops": 1,"Group Key": ["customer.c_custkey", "nation.n_name"],"Planned Partitions": 0,"HashAgg Batches": 1,"Peak Memory Usage": 27665,"Disk Usage": 0,"Plans": [{"Node Type": "Gather","Parent Relationship": "Outer","Parallel Aware": false,"Async Capable": false,"Startup Cost": 6825.36,"Total Cost": 128419.42,"Plan Rows": 59150,"Plan Width": 260,"Actual Startup Time": 75.957,"Actual Total Time": 271.680,"Actual Rows": 108779,"Actual Loops": 1,"Workers Planned": 3,"Workers Launched": 3,"Single Copy": false,"Plans": [{"Node Type": "Hash Join","Parent Relationship": "Outer","Parallel Aware": false,"Async Capable": false,"Join Type": "Inner","Startup Cost": 5825.36,"Total Cost": 121504.42,"Plan Rows": 19081,"Plan Width": 260,"Actual Startup Time": 69.040,"Actual Total Time": 339.341,"Actual Rows": 27195,"Actual Loops": 4,"Inner Unique": true,"Hash Cond": "(customer.c_nationkey = nation.n_nationkey)","Workers": [],"Plans": [{"Node Type": "Hash Join","Parent Relationship": "Outer","Parallel Aware": true,"Async Capable": false,"Join Type": "Inner","Startup Cost": 5823.80,"Total Cost": 121444.28,"Plan Rows": 19081,"Plan Width": 160,"Actual Startup Time": 68.657,"Actual Total Time": 330.758,"Actual Rows": 27195,"Actual Loops": 4,"Inner Unique": true,"Hash Cond": "(orders.o_custkey = customer.c_custkey)","Workers": [],"Plans": [{"Node Type": "Nested Loop","Parent Relationship": "Outer","Parallel Aware": false,"Async Capable": false,"Join Type": "Inner","Startup Cost": 832.55,"Total Cost": 116402.95,"Plan Rows": 19081,"Plan Width": 16,"Actual Startup Time": 13.292,"Actual Total Time": 236.377,"Actual Rows": 27195,"Actual Loops": 4,"Inner Unique": false,"Workers": [],"Plans": [{"Node Type": "Bitmap Heap Scan","Parent Relationship": "Outer","Parallel Aware": true,"Async Capable": false,"Relation Name": "orders","Alias": "orders","Startup Cost": 832.11,"Total Cost": 27217.76,"Plan Rows": 19376,"Plan Width": 8,"Actual Startup Time": 13.230,"Actual Total Time": 65.610,"Actual Rows": 14144,"Actual Loops": 4,"Recheck Cond": "((o_orderdate >= '1994-12-01'::date) AND (o_orderdate < '1995-03-01 00:00:00'::timestamp without time zone))","Rows Removed by Index Recheck": 0,"Exact Heap Blocks": 3506,"Lossy Heap Blocks": 0,"Workers": [],"Plans": [{"Node Type": "Bitmap Index Scan","Parent Relationship": "Outer","Parallel Aware": false,"Async Capable": false,"Index Name": "idx_orders_orderdate","Startup Cost": 0.00,"Total Cost": 817.10,"Plan Rows": 60067,"Plan Width": 0,"Actual Startup Time": 10.114,"Actual Total Time": 10.122,"Actual Rows": 56577,"Actual Loops": 1,"Index Cond": "((o_orderdate >= '1994-12-01'::date) AND (o_orderdate < '1995-03-01 00:00:00'::timestamp without time zone))","Workers": []}]},{"Node Type": "Index Scan","Parent Relationship": "Inner","Parallel Aware": false,"Async Capable": false,"Scan Direction": "Forward","Index Name": "idx_lineitem_orderkey","Relation Name": "lineitem","Alias": "lineitem","Startup Cost": 0.43,"Total Cost": 4.56,"Plan Rows": 4,"Plan Width": 16,"Actual Startup Time": 0.010,"Actual Total Time": 0.012,"Actual Rows": 2,"Actual Loops": 56577,"Index Cond": "(l_orderkey = orders.o_orderkey)","Rows Removed by Index Recheck": 0,"Filter": "(l_returnflag = 'R'::bpchar)","Rows Removed by Filter": 2,"Workers": []}]},{"Node Type": "Hash","Parent Relationship": "Inner","Parallel Aware": true,"Async Capable": false,"Startup Cost": 4210.00,"Total Cost": 4210.00,"Plan Rows": 62500,"Plan Width": 148,"Actual Startup Time": 54.812,"Actual Total Time": 54.818,"Actual Rows": 37500,"Actual Loops": 4,"Hash Buckets": 262144,"Original Hash Buckets": 262144,"Hash Batches": 1,"Original Hash Batches": 1,"Peak Memory Usage": 29312,"Workers": [],"Plans": [{"Node Type": "Seq Scan","Parent Relationship": "Outer","Parallel Aware": true,"Async Capable": false,"Relation Name": "customer","Alias": "customer","Startup Cost": 0.00,"Total Cost": 4210.00,"Plan Rows": 62500,"Plan Width": 148,"Actual Startup Time": 0.022,"Actual Total Time": 23.786,"Actual Rows": 37500,"Actual Loops": 4,"Workers": []}]}]},{"Node Type": "Hash","Parent Relationship": "Inner","Parallel Aware": false,"Async Capable": false,"Startup Cost": 1.25,"Total Cost": 1.25,"Plan Rows": 25,"Plan Width": 108,"Actual Startup Time": 0.089,"Actual Total Time": 0.092,"Actual Rows": 25,"Actual Loops": 4,"Hash Buckets": 1024,"Original Hash Buckets": 1024,"Hash Batches": 1,"Original Hash Batches": 1,"Peak Memory Usage": 10,"Workers": [],"Plans": [{"Node Type": "Seq Scan","Parent Relationship": "Outer","Parallel Aware": false,"Async Capable": false,"Relation Name": "nation","Alias": "nation","Startup Cost": 0.00,"Total Cost": 1.25,"Plan Rows": 25,"Plan Width": 108,"Actual Startup Time": 0.062,"Actual Total Time": 0.067,"Actual Rows": 25,"Actual Loops": 4,"Workers": []}]}]}]}]}]},"Planning Time": 7.387,"Triggers": [],"Execution Time": 611.176}]
[{"Plan": {"Node Type": "Sort","Parallel Aware": false,"Async Capable": false,"Startup Cost": 135821.55,"Total Cost": 135971.77,"Plan Rows": 60088,"Plan Width": 280,"Actual Startup Time": 612.241,"Actual Total Time": 654.721,"Actual Rows": 38271,"Actual Loops": 1,"Sort Key": ["(sum((lineitem.l_extendedprice * ('1'::numeric - lineitem.l_discount)))) DESC"],"Sort Method": "quicksort","Sort Space Used": 9908,"Sort Space Type": "Memory","Plans": [{"Node Type": "Aggregate","Strategy": "Hashed","Partial Mode": "Simple","Parent Relationship": "Outer","Parallel Aware": false,"Async Capable": false,"Startup Cost": 130301.02,"Total Cost": 131052.12,"Plan Rows": 60088,"Plan Width": 280,"Actual Startup Time": 429.301,"Actual Total Time": 581.634,"Actual Rows": 38271,"Actual Loops": 1,"Group Key": ["customer.c_custkey", "nation.n_name"],"Planned Partitions": 0,"HashAgg Batches": 1,"Peak Memory Usage": 27665,"Disk Usage": 0,"Plans": [{"Node Type": "Gather","Parent Relationship": "Outer","Parallel Aware": false,"Async Capable": false,"Startup Cost": 6839.13,"Total Cost": 129549.92,"Plan Rows": 60088,"Plan Width": 260,"Actual Startup Time": 85.611,"Actual Total Time": 294.175,"Actual Rows": 115282,"Actual Loops": 1,"Workers Planned": 3,"Workers Launched": 3,"Single Copy": false,"Plans": [{"Node Type": "Hash Join","Parent Relationship": "Outer","Parallel Aware": false,"Async Capable": false,"Join Type": "Inner","Startup Cost": 5839.13,"Total Cost": 122541.12,"Plan Rows": 19383,"Plan Width": 260,"Actual Startup Time": 78.447,"Actual Total Time": 371.364,"Actual Rows": 28820,"Actual Loops": 4,"Inner Unique": true,"Hash Cond": "(customer.c_nationkey = nation.n_nationkey)","Workers": [],"Plans": [{"Node Type": "Hash Join","Parent Relationship": "Outer","Parallel Aware": true,"Async Capable": false,"Join Type": "Inner","Startup Cost": 5837.56,"Total Cost": 122480.06,"Plan Rows": 19383,"Plan Width": 160,"Actual Startup Time": 78.051,"Actual Total Time": 362.469,"Actual Rows": 28820,"Actual Loops": 4,"Inner Unique": true,"Hash Cond": "(orders.o_custkey = customer.c_custkey)","Workers": [],"Plans": [{"Node Type": "Nested Loop","Parent Relationship": "Outer","Parallel Aware": false,"Async Capable": false,"Join Type": "Inner","Startup Cost": 846.31,"Total Cost": 117437.93,"Plan Rows": 19383,"Plan Width": 16,"Actual Startup Time": 13.660,"Actual Total Time": 255.763,"Actual Rows": 28820,"Actual Loops": 4,"Inner Unique": false,"Workers": [],"Plans": [{"Node Type": "Bitmap Heap Scan","Parent Relationship": "Outer","Parallel Aware": true,"Async Capable": false,"Relation Name": "orders","Alias": "orders","Startup Cost": 845.88,"Total Cost": 27236.14,"Plan Rows": 19684,"Plan Width": 8,"Actual Startup Time": 13.594,"Actual Total Time": 71.334,"Actual Rows": 14421,"Actual Loops": 4,"Recheck Cond": "((o_orderdate >= '1994-11-01'::date) AND (o_orderdate < '1995-02-01 00:00:00'::timestamp without time zone))","Rows Removed by Index Recheck": 0,"Exact Heap Blocks": 3552,"Lossy Heap Blocks": 0,"Workers": [],"Plans": [{"Node Type": "Bitmap Index Scan","Parent Relationship": "Outer","Parallel Aware": false,"Async Capable": false,"Index Name": "idx_orders_orderdate","Startup Cost": 0.00,"Total Cost": 830.63,"Plan Rows": 61020,"Plan Width": 0,"Actual Startup Time": 10.499,"Actual Total Time": 10.499,"Actual Rows": 57683,"Actual Loops": 1,"Index Cond": "((o_orderdate >= '1994-11-01'::date) AND (o_orderdate < '1995-02-01 00:00:00'::timestamp without time zone))","Workers": []}]},{"Node Type": "Index Scan","Parent Relationship": "Inner","Parallel Aware": false,"Async Capable": false,"Scan Direction": "Forward","Index Name": "idx_lineitem_orderkey","Relation Name": "lineitem","Alias": "lineitem","Startup Cost": 0.43,"Total Cost": 4.54,"Plan Rows": 4,"Plan Width": 16,"Actual Startup Time": 0.010,"Actual Total Time": 0.012,"Actual Rows": 2,"Actual Loops": 57683,"Index Cond": "(l_orderkey = orders.o_orderkey)","Rows Removed by Index Recheck": 0,"Filter": "(l_returnflag = 'R'::bpchar)","Rows Removed by Filter": 2,"Workers": []}]},{"Node Type": "Hash","Parent Relationship": "Inner","Parallel Aware": true,"Async Capable": false,"Startup Cost": 4210.00,"Total Cost": 4210.00,"Plan Rows": 62500,"Plan Width": 148,"Actual Startup Time": 63.847,"Actual Total Time": 63.854,"Actual Rows": 37500,"Actual Loops": 4,"Hash Buckets": 262144,"Original Hash Buckets": 262144,"Hash Batches": 1,"Original Hash Batches": 1,"Peak Memory Usage": 29312,"Workers": [],"Plans": [{"Node Type": "Seq Scan","Parent Relationship": "Outer","Parallel Aware": true,"Async Capable": false,"Relation Name": "customer","Alias": "customer","Startup Cost": 0.00,"Total Cost": 4210.00,"Plan Rows": 62500,"Plan Width": 148,"Actual Startup Time": 0.028,"Actual Total Time": 27.532,"Actual Rows": 37500,"Actual Loops": 4,"Workers": []}]}]},{"Node Type": "Hash","Parent Relationship": "Inner","Parallel Aware": false,"Async Capable": false,"Startup Cost": 1.25,"Total Cost": 1.25,"Plan Rows": 25,"Plan Width": 108,"Actual Startup Time": 0.090,"Actual Total Time": 0.096,"Actual Rows": 25,"Actual Loops": 4,"Hash Buckets": 1024,"Original Hash Buckets": 1024,"Hash Batches": 1,"Original Hash Batches": 1,"Peak Memory Usage": 10,"Workers": [],"Plans": [{"Node Type": "Seq Scan","Parent Relationship": "Outer","Parallel Aware": false,"Async Capable": false,"Relation Name": "nation","Alias": "nation","Startup Cost": 0.00,"Total Cost": 1.25,"Plan Rows": 25,"Plan Width": 108,"Actual Startup Time": 0.058,"Actual Total Time": 0.065,"Actual Rows": 25,"Actual Loops": 4,"Workers": []}]}]}]}]}]},"Planning Time": 7.427,"Triggers": [],"Execution Time": 660.359}]
[{"Plan": {"Node Type": "Sort","Parallel Aware": false,"Async Capable": false,"Startup Cost": 127549.79,"Total Cost": 127684.44,"Plan Rows": 53858,"Plan Width": 280,"Actual Startup Time": 605.399,"Actual Total Time": 645.666,"Actual Rows": 37880,"Actual Loops": 1,"Sort Key": ["(sum((lineitem.l_extendedprice * ('1'::numeric - lineitem.l_discount)))) DESC"],"Sort Method": "quicksort","Sort Space Used": 9830,"Sort Space Type": "Memory","Plans": [{"Node Type": "Aggregate","Strategy": "Hashed","Partial Mode": "Simple","Parent Relationship": "Outer","Parallel Aware": false,"Async Capable": false,"Startup Cost": 122644.17,"Total Cost": 123317.39,"Plan Rows": 53858,"Plan Width": 280,"Actual Startup Time": 424.771,"Actual Total Time": 574.608,"Actual Rows": 37880,"Actual Loops": 1,"Group Key": ["customer.c_custkey", "nation.n_name"],"Planned Partitions": 0,"HashAgg Batches": 1,"Peak Memory Usage": 26129,"Disk Usage": 0,"Plans": [{"Node Type": "Gather","Parent Relationship": "Outer","Parallel Aware": false,"Async Capable": false,"Startup Cost": 6750.28,"Total Cost": 121970.94,"Plan Rows": 53858,"Plan Width": 260,"Actual Startup Time": 85.178,"Actual Total Time": 295.165,"Actual Rows": 114508,"Actual Loops": 1,"Workers Planned": 3,"Workers Launched": 3,"Single Copy": false,"Plans": [{"Node Type": "Hash Join","Parent Relationship": "Outer","Parallel Aware": false,"Async Capable": false,"Join Type": "Inner","Startup Cost": 5750.28,"Total Cost": 115585.14,"Plan Rows": 17374,"Plan Width": 260,"Actual Startup Time": 78.100,"Actual Total Time": 368.715,"Actual Rows": 28627,"Actual Loops": 4,"Inner Unique": true,"Hash Cond": "(customer.c_nationkey = nation.n_nationkey)","Workers": [],"Plans": [{"Node Type": "Hash Join","Parent Relationship": "Outer","Parallel Aware": true,"Async Capable": false,"Join Type": "Inner","Startup Cost": 5748.71,"Total Cost": 115530.24,"Plan Rows": 17374,"Plan Width": 160,"Actual Startup Time": 77.678,"Actual Total Time": 360.085,"Actual Rows": 28627,"Actual Loops": 4,"Inner Unique": true,"Hash Cond": "(orders.o_custkey = customer.c_custkey)","Workers": [],"Plans": [{"Node Type": "Nested Loop","Parent Relationship": "Outer","Parallel Aware": false,"Async Capable": false,"Join Type": "Inner","Startup Cost": 757.46,"Total Cost": 110493.39,"Plan Rows": 17374,"Plan Width": 16,"Actual Startup Time": 13.130,"Actual Total Time": 256.172,"Actual Rows": 28627,"Actual Loops": 4,"Inner Unique": false,"Workers": [],"Plans": [{"Node Type": "Bitmap Heap Scan","Parent Relationship": "Outer","Parallel Aware": true,"Async Capable": false,"Relation Name": "orders","Alias": "orders","Startup Cost": 757.03,"Total Cost": 27116.67,"Plan Rows": 17643,"Plan Width": 8,"Actual Startup Time": 13.063,"Actual Total Time": 71.665,"Actual Rows": 14273,"Actual Loops": 4,"Recheck Cond": "((o_orderdate >= '1993-05-01'::date) AND (o_orderdate < '1993-08-01 00:00:00'::timestamp without time zone))","Rows Removed by Index Recheck": 0,"Exact Heap Blocks": 3695,"Lossy Heap Blocks": 0,"Workers": [],"Plans": [{"Node Type": "Bitmap Index Scan","Parent Relationship": "Outer","Parallel Aware": false,"Async Capable": false,"Index Name": "idx_orders_orderdate","Startup Cost": 0.00,"Total Cost": 743.36,"Plan Rows": 54693,"Plan Width": 0,"Actual Startup Time": 9.957,"Actual Total Time": 9.964,"Actual Rows": 57093,"Actual Loops": 1,"Index Cond": "((o_orderdate >= '1993-05-01'::date) AND (o_orderdate < '1993-08-01 00:00:00'::timestamp without time zone))","Workers": []}]},{"Node Type": "Index Scan","Parent Relationship": "Inner","Parallel Aware": false,"Async Capable": false,"Scan Direction": "Forward","Index Name": "idx_lineitem_orderkey","Relation Name": "lineitem","Alias": "lineitem","Startup Cost": 0.43,"Total Cost": 4.69,"Plan Rows": 4,"Plan Width": 16,"Actual Startup Time": 0.011,"Actual Total Time": 0.013,"Actual Rows": 2,"Actual Loops": 57093,"Index Cond": "(l_orderkey = orders.o_orderkey)","Rows Removed by Index Recheck": 0,"Filter": "(l_returnflag = 'R'::bpchar)","Rows Removed by Filter": 2,"Workers": []}]},{"Node Type": "Hash","Parent Relationship": "Inner","Parallel Aware": true,"Async Capable": false,"Startup Cost": 4210.00,"Total Cost": 4210.00,"Plan Rows": 62500,"Plan Width": 148,"Actual Startup Time": 63.988,"Actual Total Time": 63.994,"Actual Rows": 37500,"Actual Loops": 4,"Hash Buckets": 262144,"Original Hash Buckets": 262144,"Hash Batches": 1,"Original Hash Batches": 1,"Peak Memory Usage": 29344,"Workers": [],"Plans": [{"Node Type": "Seq Scan","Parent Relationship": "Outer","Parallel Aware": true,"Async Capable": false,"Relation Name": "customer","Alias": "customer","Startup Cost": 0.00,"Total Cost": 4210.00,"Plan Rows": 62500,"Plan Width": 148,"Actual Startup Time": 0.034,"Actual Total Time": 28.777,"Actual Rows": 37500,"Actual Loops": 4,"Workers": []}]}]},{"Node Type": "Hash","Parent Relationship": "Inner","Parallel Aware": false,"Async Capable": false,"Startup Cost": 1.25,"Total Cost": 1.25,"Plan Rows": 25,"Plan Width": 108,"Actual Startup Time": 0.078,"Actual Total Time": 0.083,"Actual Rows": 25,"Actual Loops": 4,"Hash Buckets": 1024,"Original Hash Buckets": 1024,"Hash Batches": 1,"Original Hash Batches": 1,"Peak Memory Usage": 10,"Workers": [],"Plans": [{"Node Type": "Seq Scan","Parent Relationship": "Outer","Parallel Aware": false,"Async Capable": false,"Relation Name": "nation","Alias": "nation","Startup Cost": 0.00,"Total Cost": 1.25,"Plan Rows": 25,"Plan Width": 108,"Actual Startup Time": 0.048,"Actual Total Time": 0.055,"Actual Rows": 25,"Actual Loops": 4,"Workers": []}]}]}]}]}]},"Planning Time": 7.141,"Triggers": [],"Execution Time": 649.992}]
[{"Plan": {"Node Type": "Sort","Parallel Aware": false,"Async Capable": false,"Startup Cost": 132260.34,"Total Cost": 132403.81,"Plan Rows": 57388,"Plan Width": 280,"Actual Startup Time": 619.828,"Actual Total Time": 659.334,"Actual Rows": 38182,"Actual Loops": 1,"Sort Key": ["(sum((lineitem.l_extendedprice * ('1'::numeric - lineitem.l_discount)))) DESC"],"Sort Method": "quicksort","Sort Space Used": 9879,"Sort Space Type": "Memory","Plans": [{"Node Type": "Aggregate","Strategy": "Hashed","Partial Mode": "Simple","Parent Relationship": "Outer","Parallel Aware": false,"Async Capable": false,"Startup Cost": 127006.91,"Total Cost": 127724.26,"Plan Rows": 57388,"Plan Width": 280,"Actual Startup Time": 430.185,"Actual Total Time": 588.903,"Actual Rows": 38182,"Actual Loops": 1,"Group Key": ["customer.c_custkey", "nation.n_name"],"Planned Partitions": 0,"HashAgg Batches": 1,"Peak Memory Usage": 26129,"Disk Usage": 0,"Plans": [{"Node Type": "Gather","Parent Relationship": "Outer","Parallel Aware": false,"Async Capable": false,"Startup Cost": 6799.02,"Total Cost": 126289.56,"Plan Rows": 57388,"Plan Width": 260,"Actual Startup Time": 89.737,"Actual Total Time": 296.974,"Actual Rows": 115050,"Actual Loops": 1,"Workers Planned": 3,"Workers Launched": 3,"Single Copy": false,"Plans": [{"Node Type": "Hash Join","Parent Relationship": "Outer","Parallel Aware": false,"Async Capable": false,"Join Type": "Inner","Startup Cost": 5799.02,"Total Cost": 119550.76,"Plan Rows": 18512,"Plan Width": 260,"Actual Startup Time": 82.322,"Actual Total Time": 373.404,"Actual Rows": 28762,"Actual Loops": 4,"Inner Unique": true,"Hash Cond": "(customer.c_nationkey = nation.n_nationkey)","Workers": [],"Plans": [{"Node Type": "Hash Join","Parent Relationship": "Outer","Parallel Aware": true,"Async Capable": false,"Join Type": "Inner","Startup Cost": 5797.46,"Total Cost": 119492.37,"Plan Rows": 18512,"Plan Width": 160,"Actual Startup Time": 81.937,"Actual Total Time": 363.986,"Actual Rows": 28762,"Actual Loops": 4,"Inner Unique": true,"Hash Cond": "(orders.o_custkey = customer.c_custkey)","Workers": [],"Plans": [{"Node Type": "Nested Loop","Parent Relationship": "Outer","Parallel Aware": false,"Async Capable": false,"Join Type": "Inner","Startup Cost": 806.21,"Total Cost": 114452.53,"Plan Rows": 18513,"Plan Width": 16,"Actual Startup Time": 13.433,"Actual Total Time": 253.545,"Actual Rows": 28762,"Actual Loops": 4,"Inner Unique": false,"Workers": [],"Plans": [{"Node Type": "Bitmap Heap Scan","Parent Relationship": "Outer","Parallel Aware": true,"Async Capable": false,"Relation Name": "orders","Alias": "orders","Startup Cost": 805.78,"Total Cost": 27182.77,"Plan Rows": 18799,"Plan Width": 8,"Actual Startup Time": 13.373,"Actual Total Time": 70.825,"Actual Rows": 14368,"Actual Loops": 4,"Recheck Cond": "((o_orderdate >= '1994-06-01'::date) AND (o_orderdate < '1994-09-01 00:00:00'::timestamp without time zone))","Rows Removed by Index Recheck": 0,"Exact Heap Blocks": 3680,"Lossy Heap Blocks": 0,"Workers": [],"Plans": [{"Node Type": "Bitmap Index Scan","Parent Relationship": "Outer","Parallel Aware": false,"Async Capable": false,"Index Name": "idx_orders_orderdate","Startup Cost": 0.00,"Total Cost": 791.21,"Plan Rows": 58278,"Plan Width": 0,"Actual Startup Time": 10.272,"Actual Total Time": 10.276,"Actual Rows": 57474,"Actual Loops": 1,"Index Cond": "((o_orderdate >= '1994-06-01'::date) AND (o_orderdate < '1994-09-01 00:00:00'::timestamp without time zone))","Workers": []}]},{"Node Type": "Index Scan","Parent Relationship": "Inner","Parallel Aware": false,"Async Capable": false,"Scan Direction": "Forward","Index Name": "idx_lineitem_orderkey","Relation Name": "lineitem","Alias": "lineitem","Startup Cost": 0.43,"Total Cost": 4.60,"Plan Rows": 4,"Plan Width": 16,"Actual Startup Time": 0.010,"Actual Total Time": 0.012,"Actual Rows": 2,"Actual Loops": 57474,"Index Cond": "(l_orderkey = orders.o_orderkey)","Rows Removed by Index Recheck": 0,"Filter": "(l_returnflag = 'R'::bpchar)","Rows Removed by Filter": 2,"Workers": []}]},{"Node Type": "Hash","Parent Relationship": "Inner","Parallel Aware": true,"Async Capable": false,"Startup Cost": 4210.00,"Total Cost": 4210.00,"Plan Rows": 62500,"Plan Width": 148,"Actual Startup Time": 67.921,"Actual Total Time": 67.927,"Actual Rows": 37500,"Actual Loops": 4,"Hash Buckets": 262144,"Original Hash Buckets": 262144,"Hash Batches": 1,"Original Hash Batches": 1,"Peak Memory Usage": 29312,"Workers": [],"Plans": [{"Node Type": "Seq Scan","Parent Relationship": "Outer","Parallel Aware": true,"Async Capable": false,"Relation Name": "customer","Alias": "customer","Startup Cost": 0.00,"Total Cost": 4210.00,"Plan Rows": 62500,"Plan Width": 148,"Actual Startup Time": 0.026,"Actual Total Time": 28.832,"Actual Rows": 37500,"Actual Loops": 4,"Workers": []}]}]},{"Node Type": "Hash","Parent Relationship": "Inner","Parallel Aware": false,"Async Capable": false,"Startup Cost": 1.25,"Total Cost": 1.25,"Plan Rows": 25,"Plan Width": 108,"Actual Startup Time": 0.096,"Actual Total Time": 0.101,"Actual Rows": 25,"Actual Loops": 4,"Hash Buckets": 1024,"Original Hash Buckets": 1024,"Hash Batches": 1,"Original Hash Batches": 1,"Peak Memory Usage": 10,"Workers": [],"Plans": [{"Node Type": "Seq Scan","Parent Relationship": "Outer","Parallel Aware": false,"Async Capable": false,"Relation Name": "nation","Alias": "nation","Startup Cost": 0.00,"Total Cost": 1.25,"Plan Rows": 25,"Plan Width": 108,"Actual Startup Time": 0.064,"Actual Total Time": 0.070,"Actual Rows": 25,"Actual Loops": 4,"Workers": []}]}]}]}]}]},"Planning Time": 7.103,"Triggers": [],"Execution Time": 663.701}]
[{"Plan": {"Node Type": "Sort","Parallel Aware": false,"Async Capable": false,"Startup Cost": 131375.21,"Total Cost": 131517.01,"Plan Rows": 56721,"Plan Width": 280,"Actual Startup Time": 563.067,"Actual Total Time": 603.830,"Actual Rows": 37302,"Actual Loops": 1,"Sort Key": ["(sum((lineitem.l_extendedprice * ('1'::numeric - lineitem.l_discount)))) DESC"],"Sort Method": "quicksort","Sort Space Used": 9696,"Sort Space Type": "Memory","Plans": [{"Node Type": "Aggregate","Strategy": "Hashed","Partial Mode": "Simple","Parent Relationship": "Outer","Parallel Aware": false,"Async Capable": false,"Startup Cost": 126187.62,"Total Cost": 126896.63,"Plan Rows": 56721,"Plan Width": 280,"Actual Startup Time": 390.529,"Actual Total Time": 528.800,"Actual Rows": 37302,"Actual Loops": 1,"Group Key": ["customer.c_custkey", "nation.n_name"],"Planned Partitions": 0,"HashAgg Batches": 1,"Peak Memory Usage": 26129,"Disk Usage": 0,"Plans": [{"Node Type": "Gather","Parent Relationship": "Outer","Parallel Aware": false,"Async Capable": false,"Startup Cost": 6792.07,"Total Cost": 125478.61,"Plan Rows": 56721,"Plan Width": 260,"Actual Startup Time": 74.264,"Actual Total Time": 271.853,"Actual Rows": 111987,"Actual Loops": 1,"Workers Planned": 3,"Workers Launched": 3,"Single Copy": false,"Plans": [{"Node Type": "Hash Join","Parent Relationship": "Outer","Parallel Aware": false,"Async Capable": false,"Join Type": "Inner","Startup Cost": 5792.07,"Total Cost": 118806.51,"Plan Rows": 18297,"Plan Width": 260,"Actual Startup Time": 66.885,"Actual Total Time": 338.409,"Actual Rows": 27997,"Actual Loops": 4,"Inner Unique": true,"Hash Cond": "(customer.c_nationkey = nation.n_nationkey)","Workers": [],"Plans": [{"Node Type": "Hash Join","Parent Relationship": "Outer","Parallel Aware": true,"Async Capable": false,"Join Type": "Inner","Startup Cost": 5790.51,"Total Cost": 118748.77,"Plan Rows": 18297,"Plan Width": 160,"Actual Startup Time": 66.491,"Actual Total Time": 330.614,"Actual Rows": 27997,"Actual Loops": 4,"Inner Unique": true,"Hash Cond": "(orders.o_custkey = customer.c_custkey)","Workers": [],"Plans": [{"Node Type": "Nested Loop","Parent Relationship": "Outer","Parallel Aware": false,"Async Capable": false,"Join Type": "Inner","Startup Cost": 799.26,"Total Cost": 113709.49,"Plan Rows": 18297,"Plan Width": 16,"Actual Startup Time": 13.178,"Actual Total Time": 239.311,"Actual Rows": 27997,"Actual Loops": 4,"Inner Unique": false,"Workers": [],"Plans": [{"Node Type": "Bitmap Heap Scan","Parent Relationship": "Outer","Parallel Aware": true,"Async Capable": false,"Relation Name": "orders","Alias": "orders","Startup Cost": 798.83,"Total Cost": 27172.54,"Plan Rows": 18580,"Plan Width": 8,"Actual Startup Time": 13.117,"Actual Total Time": 66.928,"Actual Rows": 13993,"Actual Loops": 4,"Recheck Cond": "((o_orderdate >= '1993-12-01'::date) AND (o_orderdate < '1994-03-01 00:00:00'::timestamp without time zone))","Rows Removed by Index Recheck": 0,"Exact Heap Blocks": 3558,"Lossy Heap Blocks": 0,"Workers": [],"Plans": [{"Node Type": "Bitmap Index Scan","Parent Relationship": "Outer","Parallel Aware": false,"Async Capable": false,"Index Name": "idx_orders_orderdate","Startup Cost": 0.00,"Total Cost": 784.43,"Plan Rows": 57600,"Plan Width": 0,"Actual Startup Time": 10.042,"Actual Total Time": 10.048,"Actual Rows": 55973,"Actual Loops": 1,"Index Cond": "((o_orderdate >= '1993-12-01'::date) AND (o_orderdate < '1994-03-01 00:00:00'::timestamp without time zone))","Workers": []}]},{"Node Type": "Index Scan","Parent Relationship": "Inner","Parallel Aware": false,"Async Capable": false,"Scan Direction": "Forward","Index Name": "idx_lineitem_orderkey","Relation Name": "lineitem","Alias": "lineitem","Startup Cost": 0.43,"Total Cost": 4.62,"Plan Rows": 4,"Plan Width": 16,"Actual Startup Time": 0.010,"Actual Total Time": 0.012,"Actual Rows": 2,"Actual Loops": 55973,"Index Cond": "(l_orderkey = orders.o_orderkey)","Rows Removed by Index Recheck": 0,"Filter": "(l_returnflag = 'R'::bpchar)","Rows Removed by Filter": 2,"Workers": []}]},{"Node Type": "Hash","Parent Relationship": "Inner","Parallel Aware": true,"Async Capable": false,"Startup Cost": 4210.00,"Total Cost": 4210.00,"Plan Rows": 62500,"Plan Width": 148,"Actual Startup Time": 52.746,"Actual Total Time": 52.755,"Actual Rows": 37500,"Actual Loops": 4,"Hash Buckets": 262144,"Original Hash Buckets": 262144,"Hash Batches": 1,"Original Hash Batches": 1,"Peak Memory Usage": 29312,"Workers": [],"Plans": [{"Node Type": "Seq Scan","Parent Relationship": "Outer","Parallel Aware": true,"Async Capable": false,"Relation Name": "customer","Alias": "customer","Startup Cost": 0.00,"Total Cost": 4210.00,"Plan Rows": 62500,"Plan Width": 148,"Actual Startup Time": 0.028,"Actual Total Time": 23.004,"Actual Rows": 37500,"Actual Loops": 4,"Workers": []}]}]},{"Node Type": "Hash","Parent Relationship": "Inner","Parallel Aware": false,"Async Capable": false,"Startup Cost": 1.25,"Total Cost": 1.25,"Plan Rows": 25,"Plan Width": 108,"Actual Startup Time": 0.099,"Actual Total Time": 0.105,"Actual Rows": 25,"Actual Loops": 4,"Hash Buckets": 1024,"Original Hash Buckets": 1024,"Hash Batches": 1,"Original Hash Batches": 1,"Peak Memory Usage": 10,"Workers": [],"Plans": [{"Node Type": "Seq Scan","Parent Relationship": "Outer","Parallel Aware": false,"Async Capable": false,"Relation Name": "nation","Alias": "nation","Startup Cost": 0.00,"Total Cost": 1.25,"Plan Rows": 25,"Plan Width": 108,"Actual Startup Time": 0.067,"Actual Total Time": 0.074,"Actual Rows": 25,"Actual Loops": 4,"Workers": []}]}]}]}]}]},"Planning Time": 6.321,"Triggers": [],"Execution Time": 609.357}]
[{"Plan": {"Node Type": "Sort","Parallel Aware": false,"Async Capable": false,"Startup Cost": 128172.02,"Total Cost": 128307.83,"Plan Rows": 54323,"Plan Width": 280,"Actual Startup Time": 580.875,"Actual Total Time": 621.555,"Actual Rows": 37633,"Actual Loops": 1,"Sort Key": ["(sum((lineitem.l_extendedprice * ('1'::numeric - lineitem.l_discount)))) DESC"],"Sort Method": "quicksort","Sort Space Used": 9771,"Sort Space Type": "Memory","Plans": [{"Node Type": "Aggregate","Strategy": "Hashed","Partial Mode": "Simple","Parent Relationship": "Outer","Parallel Aware": false,"Async Capable": false,"Startup Cost": 123220.68,"Total Cost": 123899.72,"Plan Rows": 54323,"Plan Width": 280,"Actual Startup Time": 405.186,"Actual Total Time": 549.451,"Actual Rows": 37633,"Actual Loops": 1,"Group Key": ["customer.c_custkey", "nation.n_name"],"Planned Partitions": 0,"HashAgg Batches": 1,"Peak Memory Usage": 26129,"Disk Usage": 0,"Plans": [{"Node Type": "Gather","Parent Relationship": "Outer","Parallel Aware": false,"Async Capable": false,"Startup Cost": 6755.11,"Total Cost": 122541.64,"Plan Rows": 54323,"Plan Width": 260,"Actual Startup Time": 76.087,"Actual Total Time": 280.080,"Actual Rows": 112740,"Actual Loops": 1,"Workers Planned": 3,"Workers Launched": 3,"Single Copy": false,"Plans": [{"Node Type": "Hash Join","Parent Relationship": "Outer","Parallel Aware": false,"Async Capable": false,"Join Type": "Inner","Startup Cost": 5755.11,"Total Cost": 116109.34,"Plan Rows": 17524,"Plan Width": 260,"Actual Startup Time": 69.042,"Actual Total Time": 350.531,"Actual Rows": 28185,"Actual Loops": 4,"Inner Unique": true,"Hash Cond": "(customer.c_nationkey = nation.n_nationkey)","Workers": [],"Plans": [{"Node Type": "Hash Join","Parent Relationship": "Outer","Parallel Aware": true,"Async Capable": false,"Join Type": "Inner","Startup Cost": 5753.55,"Total Cost": 116053.98,"Plan Rows": 17524,"Plan Width": 160,"Actual Startup Time": 68.729,"Actual Total Time": 342.552,"Actual Rows": 28185,"Actual Loops": 4,"Inner Unique": true,"Hash Cond": "(orders.o_custkey = customer.c_custkey)","Workers": [],"Plans": [{"Node Type": "Nested Loop","Parent Relationship": "Outer","Parallel Aware": false,"Async Capable": false,"Join Type": "Inner","Startup Cost": 762.30,"Total Cost": 111016.73,"Plan Rows": 17524,"Plan Width": 16,"Actual Startup Time": 13.194,"Actual Total Time": 245.701,"Actual Rows": 28185,"Actual Loops": 4,"Inner Unique": false,"Workers": [],"Plans": [{"Node Type": "Bitmap Heap Scan","Parent Relationship": "Outer","Parallel Aware": true,"Async Capable": false,"Relation Name": "orders","Alias": "orders","Startup Cost": 761.87,"Total Cost": 27123.80,"Plan Rows": 17795,"Plan Width": 8,"Actual Startup Time": 13.139,"Actual Total Time": 70.147,"Actual Rows": 14108,"Actual Loops": 4,"Recheck Cond": "((o_orderdate >= '1993-04-01'::date) AND (o_orderdate < '1993-07-01 00:00:00'::timestamp without time zone))","Rows Removed by Index Recheck": 0,"Exact Heap Blocks": 3504,"Lossy Heap Blocks": 0,"Workers": [],"Plans": [{"Node Type": "Bitmap Index Scan","Parent Relationship": "Outer","Parallel Aware": false,"Async Capable": false,"Index Name": "idx_orders_orderdate","Startup Cost": 0.00,"Total Cost": 748.08,"Plan Rows": 55165,"Plan Width": 0,"Actual Startup Time": 10.077,"Actual Total Time": 10.080,"Actual Rows": 56434,"Actual Loops": 1,"Index Cond": "((o_orderdate >= '1993-04-01'::date) AND (o_orderdate < '1993-07-01 00:00:00'::timestamp without time zone))","Workers": []}]},{"Node Type": "Index Scan","Parent Relationship": "Inner","Parallel Aware": false,"Async Capable": false,"Scan Direction": "Forward","Index Name": "idx_lineitem_orderkey","Relation Name": "lineitem","Alias": "lineitem","Startup Cost": 0.43,"Total Cost": 4.67,"Plan Rows": 4,"Plan Width": 16,"Actual Startup Time": 0.010,"Actual Total Time": 0.012,"Actual Rows": 2,"Actual Loops": 56434,"Index Cond": "(l_orderkey = orders.o_orderkey)","Rows Removed by Index Recheck": 0,"Filter": "(l_returnflag = 'R'::bpchar)","Rows Removed by Filter": 2,"Workers": []}]},{"Node Type": "Hash","Parent Relationship": "Inner","Parallel Aware": true,"Async Capable": false,"Startup Cost": 4210.00,"Total Cost": 4210.00,"Plan Rows": 62500,"Plan Width": 148,"Actual Startup Time": 54.995,"Actual Total Time": 55.002,"Actual Rows": 37500,"Actual Loops": 4,"Hash Buckets": 262144,"Original Hash Buckets": 262144,"Hash Batches": 1,"Original Hash Batches": 1,"Peak Memory Usage": 29312,"Workers": [],"Plans": [{"Node Type": "Seq Scan","Parent Relationship": "Outer","Parallel Aware": true,"Async Capable": false,"Relation Name": "customer","Alias": "customer","Startup Cost": 0.00,"Total Cost": 4210.00,"Plan Rows": 62500,"Plan Width": 148,"Actual Startup Time": 0.020,"Actual Total Time": 23.497,"Actual Rows": 37500,"Actual Loops": 4,"Workers": []}]}]},{"Node Type": "Hash","Parent Relationship": "Inner","Parallel Aware": false,"Async Capable": false,"Startup Cost": 1.25,"Total Cost": 1.25,"Plan Rows": 25,"Plan Width": 108,"Actual Startup Time": 0.072,"Actual Total Time": 0.079,"Actual Rows": 25,"Actual Loops": 4,"Hash Buckets": 1024,"Original Hash Buckets": 1024,"Hash Batches": 1,"Original Hash Batches": 1,"Peak Memory Usage": 10,"Workers": [],"Plans": [{"Node Type": "Seq Scan","Parent Relationship": "Outer","Parallel Aware": false,"Async Capable": false,"Relation Name": "nation","Alias": "nation","Startup Cost": 0.00,"Total Cost": 1.25,"Plan Rows": 25,"Plan Width": 108,"Actual Startup Time": 0.049,"Actual Total Time": 0.055,"Actual Rows": 25,"Actual Loops": 4,"Workers": []}]}]}]}]}]},"Planning Time": 7.486,"Triggers": [],"Execution Time": 627.374}]
[{"Plan": {"Node Type": "Sort","Parallel Aware": false,"Async Capable": false,"Startup Cost": 130909.78,"Total Cost": 131050.70,"Plan Rows": 56371,"Plan Width": 280,"Actual Startup Time": 586.743,"Actual Total Time": 630.152,"Actual Rows": 38263,"Actual Loops": 1,"Sort Key": ["(sum((lineitem.l_extendedprice * ('1'::numeric - lineitem.l_discount)))) DESC"],"Sort Method": "quicksort","Sort Space Used": 9899,"Sort Space Type": "Memory","Plans": [{"Node Type": "Aggregate","Strategy": "Hashed","Partial Mode": "Simple","Parent Relationship": "Outer","Parallel Aware": false,"Async Capable": false,"Startup Cost": 125756.71,"Total Cost": 126461.35,"Plan Rows": 56371,"Plan Width": 280,"Actual Startup Time": 417.199,"Actual Total Time": 554.225,"Actual Rows": 38263,"Actual Loops": 1,"Group Key": ["customer.c_custkey", "nation.n_name"],"Planned Partitions": 0,"HashAgg Batches": 1,"Peak Memory Usage": 26129,"Disk Usage": 0,"Plans": [{"Node Type": "Gather","Parent Relationship": "Outer","Parallel Aware": false,"Async Capable": false,"Startup Cost": 6784.43,"Total Cost": 125052.08,"Plan Rows": 56371,"Plan Width": 260,"Actual Startup Time": 75.828,"Actual Total Time": 292.854,"Actual Rows": 114665,"Actual Loops": 1,"Workers Planned": 3,"Workers Launched": 3,"Single Copy": false,"Plans": [{"Node Type": "Hash Join","Parent Relationship": "Outer","Parallel Aware": false,"Async Capable": false,"Join Type": "Inner","Startup Cost": 5784.43,"Total Cost": 118414.98,"Plan Rows": 18184,"Plan Width": 260,"Actual Startup Time": 68.693,"Actual Total Time": 360.677,"Actual Rows": 28666,"Actual Loops": 4,"Inner Unique": true,"Hash Cond": "(customer.c_nationkey = nation.n_nationkey)","Workers": [],"Plans": [{"Node Type": "Hash Join","Parent Relationship": "Outer","Parallel Aware": true,"Async Capable": false,"Join Type": "Inner","Startup Cost": 5782.87,"Total Cost": 118357.59,"Plan Rows": 18184,"Plan Width": 160,"Actual Startup Time": 68.338,"Actual Total Time": 351.919,"Actual Rows": 28666,"Actual Loops": 4,"Inner Unique": true,"Hash Cond": "(orders.o_custkey = customer.c_custkey)","Workers": [],"Plans": [{"Node Type": "Nested Loop","Parent Relationship": "Outer","Parallel Aware": false,"Async Capable": false,"Join Type": "Inner","Startup Cost": 791.62,"Total Cost": 113318.61,"Plan Rows": 18184,"Plan Width": 16,"Actual Startup Time": 13.513,"Actual Total Time": 254.371,"Actual Rows": 28666,"Actual Loops": 4,"Inner Unique": false,"Workers": [],"Plans": [{"Node Type": "Bitmap Heap Scan","Parent Relationship": "Outer","Parallel Aware": true,"Async Capable": false,"Relation Name": "orders","Alias": "orders","Startup Cost": 791.19,"Total Cost": 27163.18,"Plan Rows": 18466,"Plan Width": 8,"Actual Startup Time": 13.445,"Actual Total Time": 71.425,"Actual Rows": 14346,"Actual Loops": 4,"Recheck Cond": "((o_orderdate >= '1994-07-01'::date) AND (o_orderdate < '1994-10-01 00:00:00'::timestamp without time zone))","Rows Removed by Index Recheck": 0,"Exact Heap Blocks": 3489,"Lossy Heap Blocks": 0,"Workers": [],"Plans": [{"Node Type": "Bitmap Index Scan","Parent Relationship": "Outer","Parallel Aware": false,"Async Capable": false,"Index Name": "idx_orders_orderdate","Startup Cost": 0.00,"Total Cost": 776.88,"Plan Rows": 57245,"Plan Width": 0,"Actual Startup Time": 10.310,"Actual Total Time": 10.312,"Actual Rows": 57384,"Actual Loops": 1,"Index Cond": "((o_orderdate >= '1994-07-01'::date) AND (o_orderdate < '1994-10-01 00:00:00'::timestamp without time zone))","Workers": []}]},{"Node Type": "Index Scan","Parent Relationship": "Inner","Parallel Aware": false,"Async Capable": false,"Scan Direction": "Forward","Index Name": "idx_lineitem_orderkey","Relation Name": "lineitem","Alias": "lineitem","Startup Cost": 0.43,"Total Cost": 4.63,"Plan Rows": 4,"Plan Width": 16,"Actual Startup Time": 0.010,"Actual Total Time": 0.012,"Actual Rows": 2,"Actual Loops": 57384,"Index Cond": "(l_orderkey = orders.o_orderkey)","Rows Removed by Index Recheck": 0,"Filter": "(l_returnflag = 'R'::bpchar)","Rows Removed by Filter": 2,"Workers": []}]},{"Node Type": "Hash","Parent Relationship": "Inner","Parallel Aware": true,"Async Capable": false,"Startup Cost": 4210.00,"Total Cost": 4210.00,"Plan Rows": 62500,"Plan Width": 148,"Actual Startup Time": 54.206,"Actual Total Time": 54.213,"Actual Rows": 37500,"Actual Loops": 4,"Hash Buckets": 262144,"Original Hash Buckets": 262144,"Hash Batches": 1,"Original Hash Batches": 1,"Peak Memory Usage": 29312,"Workers": [],"Plans": [{"Node Type": "Seq Scan","Parent Relationship": "Outer","Parallel Aware": true,"Async Capable": false,"Relation Name": "customer","Alias": "customer","Startup Cost": 0.00,"Total Cost": 4210.00,"Plan Rows": 62500,"Plan Width": 148,"Actual Startup Time": 0.020,"Actual Total Time": 23.974,"Actual Rows": 37500,"Actual Loops": 4,"Workers": []}]}]},{"Node Type": "Hash","Parent Relationship": "Inner","Parallel Aware": false,"Async Capable": false,"Startup Cost": 1.25,"Total Cost": 1.25,"Plan Rows": 25,"Plan Width": 108,"Actual Startup Time": 0.080,"Actual Total Time": 0.085,"Actual Rows": 25,"Actual Loops": 4,"Hash Buckets": 1024,"Original Hash Buckets": 1024,"Hash Batches": 1,"Original Hash Batches": 1,"Peak Memory Usage": 10,"Workers": [],"Plans": [{"Node Type": "Seq Scan","Parent Relationship": "Outer","Parallel Aware": false,"Async Capable": false,"Relation Name": "nation","Alias": "nation","Startup Cost": 0.00,"Total Cost": 1.25,"Plan Rows": 25,"Plan Width": 108,"Actual Startup Time": 0.053,"Actual Total Time": 0.059,"Actual Rows": 25,"Actual Loops": 4,"Workers": []}]}]}]}]}]},"Planning Time": 7.471,"Triggers": [],"Execution Time": 636.412}]
[{"Plan": {"Node Type": "Sort","Parallel Aware": false,"Async Capable": false,"Startup Cost": 129285.16,"Total Cost": 129423.04,"Plan Rows": 55152,"Plan Width": 280,"Actual Startup Time": 594.195,"Actual Total Time": 635.058,"Actual Rows": 37857,"Actual Loops": 1,"Sort Key": ["(sum((lineitem.l_extendedprice * ('1'::numeric - lineitem.l_discount)))) DESC"],"Sort Method": "quicksort","Sort Space Used": 9823,"Sort Space Type": "Memory","Plans": [{"Node Type": "Aggregate","Strategy": "Hashed","Partial Mode": "Simple","Parent Relationship": "Outer","Parallel Aware": false,"Async Capable": false,"Startup Cost": 124252.23,"Total Cost": 124941.63,"Plan Rows": 55152,"Plan Width": 280,"Actual Startup Time": 414.188,"Actual Total Time": 557.916,"Actual Rows": 37857,"Actual Loops": 1,"Group Key": ["customer.c_custkey", "nation.n_name"],"Planned Partitions": 0,"HashAgg Batches": 1,"Peak Memory Usage": 26129,"Disk Usage": 0,"Plans": [{"Node Type": "Gather","Parent Relationship": "Outer","Parallel Aware": false,"Async Capable": false,"Startup Cost": 6767.74,"Total Cost": 123562.83,"Plan Rows": 55152,"Plan Width": 260,"Actual Startup Time": 77.793,"Actual Total Time": 289.359,"Actual Rows": 114326,"Actual Loops": 1,"Workers Planned": 3,"Workers Launched": 3,"Single Copy": false,"Plans": [{"Node Type": "Hash Join","Parent Relationship": "Outer","Parallel Aware": false,"Async Capable": false,"Join Type": "Inner","Startup Cost": 5767.74,"Total Cost": 117047.63,"Plan Rows": 17791,"Plan Width": 260,"Actual Startup Time": 70.168,"Actual Total Time": 358.948,"Actual Rows": 28582,"Actual Loops": 4,"Inner Unique": true,"Hash Cond": "(customer.c_nationkey = nation.n_nationkey)","Workers": [],"Plans": [{"Node Type": "Hash Join","Parent Relationship": "Outer","Parallel Aware": true,"Async Capable": false,"Join Type": "Inner","Startup Cost": 5766.18,"Total Cost": 116991.45,"Plan Rows": 17791,"Plan Width": 160,"Actual Startup Time": 69.698,"Actual Total Time": 349.487,"Actual Rows": 28582,"Actual Loops": 4,"Inner Unique": true,"Hash Cond": "(orders.o_custkey = customer.c_custkey)","Workers": [],"Plans": [{"Node Type": "Nested Loop","Parent Relationship": "Outer","Parallel Aware": false,"Async Capable": false,"Join Type": "Inner","Startup Cost": 774.93,"Total Cost": 111953.49,"Plan Rows": 17791,"Plan Width": 16,"Actual Startup Time": 12.978,"Actual Total Time": 249.911,"Actual Rows": 28582,"Actual Loops": 4,"Inner Unique": false,"Workers": [],"Plans": [{"Node Type": "Bitmap Heap Scan","Parent Relationship": "Outer","Parallel Aware": true,"Async Capable": false,"Relation Name": "orders","Alias": "orders","Startup Cost": 774.50,"Total Cost": 27140.50,"Plan Rows": 18067,"Plan Width": 8,"Actual Startup Time": 12.915,"Actual Total Time": 70.510,"Actual Rows": 14320,"Actual Loops": 4,"Recheck Cond": "((o_orderdate >= '1993-06-01'::date) AND (o_orderdate < '1993-09-01 00:00:00'::timestamp without time zone))","Rows Removed by Index Recheck": 0,"Exact Heap Blocks": 3550,"Lossy Heap Blocks": 0,"Workers": [],"Plans": [{"Node Type": "Bitmap Index Scan","Parent Relationship": "Outer","Parallel Aware": false,"Async Capable": false,"Index Name": "idx_orders_orderdate","Startup Cost": 0.00,"Total Cost": 760.50,"Plan Rows": 56007,"Plan Width": 0,"Actual Startup Time": 9.843,"Actual Total Time": 9.846,"Actual Rows": 57280,"Actual Loops": 1,"Index Cond": "((o_orderdate >= '1993-06-01'::date) AND (o_orderdate < '1993-09-01 00:00:00'::timestamp without time zone))","Workers": []}]},{"Node Type": "Index Scan","Parent Relationship": "Inner","Parallel Aware": false,"Async Capable": false,"Scan Direction": "Forward","Index Name": "idx_lineitem_orderkey","Relation Name": "lineitem","Alias": "lineitem","Startup Cost": 0.43,"Total Cost": 4.65,"Plan Rows": 4,"Plan Width": 16,"Actual Startup Time": 0.010,"Actual Total Time": 0.012,"Actual Rows": 2,"Actual Loops": 57280,"Index Cond": "(l_orderkey = orders.o_orderkey)","Rows Removed by Index Recheck": 0,"Filter": "(l_returnflag = 'R'::bpchar)","Rows Removed by Filter": 2,"Workers": []}]},{"Node Type": "Hash","Parent Relationship": "Inner","Parallel Aware": true,"Async Capable": false,"Startup Cost": 4210.00,"Total Cost": 4210.00,"Plan Rows": 62500,"Plan Width": 148,"Actual Startup Time": 56.151,"Actual Total Time": 56.157,"Actual Rows": 37500,"Actual Loops": 4,"Hash Buckets": 262144,"Original Hash Buckets": 262144,"Hash Batches": 1,"Original Hash Batches": 1,"Peak Memory Usage": 29312,"Workers": [],"Plans": [{"Node Type": "Seq Scan","Parent Relationship": "Outer","Parallel Aware": true,"Async Capable": false,"Relation Name": "customer","Alias": "customer","Startup Cost": 0.00,"Total Cost": 4210.00,"Plan Rows": 62500,"Plan Width": 148,"Actual Startup Time": 0.028,"Actual Total Time": 26.217,"Actual Rows": 37500,"Actual Loops": 4,"Workers": []}]}]},{"Node Type": "Hash","Parent Relationship": "Inner","Parallel Aware": false,"Async Capable": false,"Startup Cost": 1.25,"Total Cost": 1.25,"Plan Rows": 25,"Plan Width": 108,"Actual Startup Time": 0.109,"Actual Total Time": 0.115,"Actual Rows": 25,"Actual Loops": 4,"Hash Buckets": 1024,"Original Hash Buckets": 1024,"Hash Batches": 1,"Original Hash Batches": 1,"Peak Memory Usage": 10,"Workers": [],"Plans": [{"Node Type": "Seq Scan","Parent Relationship": "Outer","Parallel Aware": false,"Async Capable": false,"Relation Name": "nation","Alias": "nation","Startup Cost": 0.00,"Total Cost": 1.25,"Plan Rows": 25,"Plan Width": 108,"Actual Startup Time": 0.076,"Actual Total Time": 0.083,"Actual Rows": 25,"Actual Loops": 4,"Workers": []}]}]}]}]}]},"Planning Time": 6.852,"Triggers": [],"Execution Time": 641.259}]
[{"Plan": {"Node Type": "Sort","Parallel Aware": false,"Async Capable": false,"Startup Cost": 130505.43,"Total Cost": 130645.60,"Plan Rows": 56065,"Plan Width": 280,"Actual Startup Time": 601.513,"Actual Total Time": 641.580,"Actual Rows": 37018,"Actual Loops": 1,"Sort Key": ["(sum((lineitem.l_extendedprice * ('1'::numeric - lineitem.l_discount)))) DESC"],"Sort Method": "quicksort","Sort Space Used": 9627,"Sort Space Type": "Memory","Plans": [{"Node Type": "Aggregate","Strategy": "Hashed","Partial Mode": "Simple","Parent Relationship": "Outer","Parallel Aware": false,"Async Capable": false,"Startup Cost": 125382.55,"Total Cost": 126083.36,"Plan Rows": 56065,"Plan Width": 280,"Actual Startup Time": 416.495,"Actual Total Time": 572.420,"Actual Rows": 37018,"Actual Loops": 1,"Group Key": ["customer.c_custkey", "nation.n_name"],"Planned Partitions": 0,"HashAgg Batches": 1,"Peak Memory Usage": 26129,"Disk Usage": 0,"Plans": [{"Node Type": "Gather","Parent Relationship": "Outer","Parallel Aware": false,"Async Capable": false,"Startup Cost": 6781.25,"Total Cost": 124681.73,"Plan Rows": 56065,"Plan Width": 260,"Actual Startup Time": 81.623,"Actual Total Time": 288.921,"Actual Rows": 110603,"Actual Loops": 1,"Workers Planned": 3,"Workers Launched": 3,"Single Copy": false,"Plans": [{"Node Type": "Hash Join","Parent Relationship": "Outer","Parallel Aware": false,"Async Capable": false,"Join Type": "Inner","Startup Cost": 5781.25,"Total Cost": 118075.23,"Plan Rows": 18085,"Plan Width": 260,"Actual Startup Time": 74.243,"Actual Total Time": 359.851,"Actual Rows": 27651,"Actual Loops": 4,"Inner Unique": true,"Hash Cond": "(customer.c_nationkey = nation.n_nationkey)","Workers": [],"Plans": [{"Node Type": "Hash Join","Parent Relationship": "Outer","Parallel Aware": true,"Async Capable": false,"Join Type": "Inner","Startup Cost": 5779.68,"Total Cost": 118018.16,"Plan Rows": 18085,"Plan Width": 160,"Actual Startup Time": 73.807,"Actual Total Time": 350.724,"Actual Rows": 27651,"Actual Loops": 4,"Inner Unique": true,"Hash Cond": "(orders.o_custkey = customer.c_custkey)","Workers": [],"Plans": [{"Node Type": "Nested Loop","Parent Relationship": "Outer","Parallel Aware": false,"Async Capable": false,"Join Type": "Inner","Startup Cost": 788.43,"Total Cost": 112979.43,"Plan Rows": 18085,"Plan Width": 16,"Actual Startup Time": 13.351,"Actual Total Time": 248.674,"Actual Rows": 27651,"Actual Loops": 4,"Inner Unique": false,"Workers": [],"Plans": [{"Node Type": "Bitmap Heap Scan","Parent Relationship": "Outer","Parallel Aware": true,"Async Capable": false,"Relation Name": "orders","Alias": "orders","Startup Cost": 788.00,"Total Cost": 27158.49,"Plan Rows": 18366,"Plan Width": 8,"Actual Startup Time": 13.297,"Actual Total Time": 70.614,"Actual Rows": 13866,"Actual Loops": 4,"Recheck Cond": "((o_orderdate >= '1994-02-01'::date) AND (o_orderdate < '1994-05-01 00:00:00'::timestamp without time zone))","Rows Removed by Index Recheck": 0,"Exact Heap Blocks": 3619,"Lossy Heap Blocks": 0,"Workers": [],"Plans": [{"Node Type": "Bitmap Index Scan","Parent Relationship": "Outer","Parallel Aware": false,"Async Capable": false,"Index Name": "idx_orders_orderdate","Startup Cost": 0.00,"Total Cost": 773.77,"Plan Rows": 56934,"Plan Width": 0,"Actual Startup Time": 10.157,"Actual Total Time": 10.161,"Actual Rows": 55462,"Actual Loops": 1,"Index Cond": "((o_orderdate >= '1994-02-01'::date) AND (o_orderdate < '1994-05-01 00:00:00'::timestamp without time zone))","Workers": []}]},{"Node Type": "Index Scan","Parent Relationship": "Inner","Parallel Aware": false,"Async Capable": false,"Scan Direction": "Forward","Index Name": "idx_lineitem_orderkey","Relation Name": "lineitem","Alias": "lineitem","Startup Cost": 0.43,"Total Cost": 4.63,"Plan Rows": 4,"Plan Width": 16,"Actual Startup Time": 0.010,"Actual Total Time": 0.012,"Actual Rows": 2,"Actual Loops": 55462,"Index Cond": "(l_orderkey = orders.o_orderkey)","Rows Removed by Index Recheck": 0,"Filter": "(l_returnflag = 'R'::bpchar)","Rows Removed by Filter": 2,"Workers": []}]},{"Node Type": "Hash","Parent Relationship": "Inner","Parallel Aware": true,"Async Capable": false,"Startup Cost": 4210.00,"Total Cost": 4210.00,"Plan Rows": 62500,"Plan Width": 148,"Actual Startup Time": 59.812,"Actual Total Time": 59.817,"Actual Rows": 37500,"Actual Loops": 4,"Hash Buckets": 262144,"Original Hash Buckets": 262144,"Hash Batches": 1,"Original Hash Batches": 1,"Peak Memory Usage": 29344,"Workers": [],"Plans": [{"Node Type": "Seq Scan","Parent Relationship": "Outer","Parallel Aware": true,"Async Capable": false,"Relation Name": "customer","Alias": "customer","Startup Cost": 0.00,"Total Cost": 4210.00,"Plan Rows": 62500,"Plan Width": 148,"Actual Startup Time": 0.038,"Actual Total Time": 25.477,"Actual Rows": 37500,"Actual Loops": 4,"Workers": []}]}]},{"Node Type": "Hash","Parent Relationship": "Inner","Parallel Aware": false,"Async Capable": false,"Startup Cost": 1.25,"Total Cost": 1.25,"Plan Rows": 25,"Plan Width": 108,"Actual Startup Time": 0.111,"Actual Total Time": 0.116,"Actual Rows": 25,"Actual Loops": 4,"Hash Buckets": 1024,"Original Hash Buckets": 1024,"Hash Batches": 1,"Original Hash Batches": 1,"Peak Memory Usage": 10,"Workers": [],"Plans": [{"Node Type": "Seq Scan","Parent Relationship": "Outer","Parallel Aware": false,"Async Capable": false,"Relation Name": "nation","Alias": "nation","Startup Cost": 0.00,"Total Cost": 1.25,"Plan Rows": 25,"Plan Width": 108,"Actual Startup Time": 0.071,"Actual Total Time": 0.077,"Actual Rows": 25,"Actual Loops": 4,"Workers": []}]}]}]}]}]},"Planning Time": 7.387,"Triggers": [],"Execution Time": 645.928}]
[{"Plan": {"Node Type": "Sort","Parallel Aware": false,"Async Capable": false,"Startup Cost": 128992.79,"Total Cost": 129130.12,"Plan Rows": 54934,"Plan Width": 280,"Actual Startup Time": 576.704,"Actual Total Time": 617.888,"Actual Rows": 37047,"Actual Loops": 1,"Sort Key": ["(sum((lineitem.l_extendedprice * ('1'::numeric - lineitem.l_discount)))) DESC"],"Sort Method": "quicksort","Sort Space Used": 9638,"Sort Space Type": "Memory","Plans": [{"Node Type": "Aggregate","Strategy": "Hashed","Partial Mode": "Simple","Parent Relationship": "Outer","Parallel Aware": false,"Async Capable": false,"Startup Cost": 123981.32,"Total Cost": 124668.00,"Plan Rows": 54934,"Plan Width": 280,"Actual Startup Time": 405.696,"Actual Total Time": 547.631,"Actual Rows": 37047,"Actual Loops": 1,"Group Key": ["customer.c_custkey", "nation.n_name"],"Planned Partitions": 0,"HashAgg Batches": 1,"Peak Memory Usage": 26129,"Disk Usage": 0,"Plans": [{"Node Type": "Gather","Parent Relationship": "Outer","Parallel Aware": false,"Async Capable": false,"Startup Cost": 6765.48,"Total Cost": 123294.65,"Plan Rows": 54934,"Plan Width": 260,"Actual Startup Time": 77.101,"Actual Total Time": 288.603,"Actual Rows": 110515,"Actual Loops": 1,"Workers Planned": 3,"Workers Launched": 3,"Single Copy": false,"Plans": [{"Node Type": "Hash Join","Parent Relationship": "Outer","Parallel Aware": false,"Async Capable": false,"Join Type": "Inner","Startup Cost": 5765.48,"Total Cost": 116801.25,"Plan Rows": 17721,"Plan Width": 260,"Actual Startup Time": 69.802,"Actual Total Time": 351.295,"Actual Rows": 27629,"Actual Loops": 4,"Inner Unique": true,"Hash Cond": "(customer.c_nationkey = nation.n_nationkey)","Workers": [],"Plans": [{"Node Type": "Nested Loop","Parent Relationship": "Outer","Parallel Aware": false,"Async Capable": false,"Join Type": "Inner","Startup Cost": 5763.92,"Total Cost": 116745.28,"Plan Rows": 17721,"Plan Width": 160,"Actual Startup Time": 69.448,"Actual Total Time": 342.448,"Actual Rows": 27629,"Actual Loops": 4,"Inner Unique": false,"Workers": [],"Plans": [{"Node Type": "Hash Join","Parent Relationship": "Outer","Parallel Aware": true,"Async Capable": false,"Join Type": "Inner","Startup Cost": 5763.48,"Total Cost": 32175.66,"Plan Rows": 17995,"Plan Width": 152,"Actual Startup Time": 69.393,"Actual Total Time": 167.356,"Actual Rows": 13816,"Actual Loops": 4,"Inner Unique": true,"Hash Cond": "(orders.o_custkey = customer.c_custkey)","Workers": [],"Plans": [{"Node Type": "Bitmap Heap Scan","Parent Relationship": "Outer","Parallel Aware": true,"Async Capable": false,"Relation Name": "orders","Alias": "orders","Startup Cost": 772.23,"Total Cost": 27137.17,"Plan Rows": 17996,"Plan Width": 8,"Actual Startup Time": 13.220,"Actual Total Time": 67.142,"Actual Rows": 13816,"Actual Loops": 4,"Recheck Cond": "((o_orderdate >= '1993-02-01'::date) AND (o_orderdate < '1993-05-01 00:00:00'::timestamp without time zone))","Rows Removed by Index Recheck": 0,"Exact Heap Blocks": 3458,"Lossy Heap Blocks": 0,"Workers": [],"Plans": [{"Node Type": "Bitmap Index Scan","Parent Relationship": "Outer","Parallel Aware": false,"Async Capable": false,"Index Name": "idx_orders_orderdate","Startup Cost": 0.00,"Total Cost": 758.29,"Plan Rows": 55786,"Plan Width": 0,"Actual Startup Time": 10.104,"Actual Total Time": 10.109,"Actual Rows": 55266,"Actual Loops": 1,"Index Cond": "((o_orderdate >= '1993-02-01'::date) AND (o_orderdate < '1993-05-01 00:00:00'::timestamp without time zone))","Workers": []}]},{"Node Type": "Hash","Parent Relationship": "Inner","Parallel Aware": true,"Async Capable": false,"Startup Cost": 4210.00,"Total Cost": 4210.00,"Plan Rows": 62500,"Plan Width": 148,"Actual Startup Time": 55.605,"Actual Total Time": 55.613,"Actual Rows": 37500,"Actual Loops": 4,"Hash Buckets": 262144,"Original Hash Buckets": 262144,"Hash Batches": 1,"Original Hash Batches": 1,"Peak Memory Usage": 29312,"Workers": [],"Plans": [{"Node Type": "Seq Scan","Parent Relationship": "Outer","Parallel Aware": true,"Async Capable": false,"Relation Name": "customer","Alias": "customer","Startup Cost": 0.00,"Total Cost": 4210.00,"Plan Rows": 62500,"Plan Width": 148,"Actual Startup Time": 0.022,"Actual Total Time": 25.460,"Actual Rows": 37500,"Actual Loops": 4,"Workers": []}]}]},{"Node Type": "Index Scan","Parent Relationship": "Inner","Parallel Aware": false,"Async Capable": false,"Scan Direction": "Forward","Index Name": "idx_lineitem_orderkey","Relation Name": "lineitem","Alias": "lineitem","Startup Cost": 0.43,"Total Cost": 4.66,"Plan Rows": 4,"Plan Width": 16,"Actual Startup Time": 0.010,"Actual Total Time": 0.012,"Actual Rows": 2,"Actual Loops": 55266,"Index Cond": "(l_orderkey = orders.o_orderkey)","Rows Removed by Index Recheck": 0,"Filter": "(l_returnflag = 'R'::bpchar)","Rows Removed by Filter": 2,"Workers": []}]},{"Node Type": "Hash","Parent Relationship": "Inner","Parallel Aware": false,"Async Capable": false,"Startup Cost": 1.25,"Total Cost": 1.25,"Plan Rows": 25,"Plan Width": 108,"Actual Startup Time": 0.078,"Actual Total Time": 0.083,"Actual Rows": 25,"Actual Loops": 4,"Hash Buckets": 1024,"Original Hash Buckets": 1024,"Hash Batches": 1,"Original Hash Batches": 1,"Peak Memory Usage": 10,"Workers": [],"Plans": [{"Node Type": "Seq Scan","Parent Relationship": "Outer","Parallel Aware": false,"Async Capable": false,"Relation Name": "nation","Alias": "nation","Startup Cost": 0.00,"Total Cost": 1.25,"Plan Rows": 25,"Plan Width": 108,"Actual Startup Time": 0.053,"Actual Total Time": 0.057,"Actual Rows": 25,"Actual Loops": 4,"Workers": []}]}]}]}]}]},"Planning Time": 7.802,"Triggers": [],"Execution Time": 623.390}]
[{"Plan": {"Node Type": "Sort","Parallel Aware": false,"Async Capable": false,"Startup Cost": 132582.38,"Total Cost": 132726.46,"Plan Rows": 57631,"Plan Width": 280,"Actual Startup Time": 594.605,"Actual Total Time": 635.479,"Actual Rows": 38076,"Actual Loops": 1,"Sort Key": ["(sum((lineitem.l_extendedprice * ('1'::numeric - lineitem.l_discount)))) DESC"],"Sort Method": "quicksort","Sort Space Used": 9866,"Sort Space Type": "Memory","Plans": [{"Node Type": "Aggregate","Strategy": "Hashed","Partial Mode": "Simple","Parent Relationship": "Outer","Parallel Aware": false,"Async Capable": false,"Startup Cost": 127304.95,"Total Cost": 128025.33,"Plan Rows": 57631,"Plan Width": 280,"Actual Startup Time": 413.856,"Actual Total Time": 559.474,"Actual Rows": 38076,"Actual Loops": 1,"Group Key": ["customer.c_custkey", "nation.n_name"],"Planned Partitions": 0,"HashAgg Batches": 1,"Peak Memory Usage": 26129,"Disk Usage": 0,"Plans": [{"Node Type": "Gather","Parent Relationship": "Outer","Parallel Aware": false,"Async Capable": false,"Startup Cost": 6801.55,"Total Cost": 126584.56,"Plan Rows": 57631,"Plan Width": 260,"Actual Startup Time": 77.339,"Actual Total Time": 288.422,"Actual Rows": 114347,"Actual Loops": 1,"Workers Planned": 3,"Workers Launched": 3,"Single Copy": false,"Plans": [{"Node Type": "Hash Join","Parent Relationship": "Outer","Parallel Aware": false,"Async Capable": false,"Join Type": "Inner","Startup Cost": 5801.55,"Total Cost": 119821.46,"Plan Rows": 18591,"Plan Width": 260,"Actual Startup Time": 69.518,"Actual Total Time": 357.514,"Actual Rows": 28587,"Actual Loops": 4,"Inner Unique": true,"Hash Cond": "(customer.c_nationkey = nation.n_nationkey)","Workers": [],"Plans": [{"Node Type": "Hash Join","Parent Relationship": "Outer","Parallel Aware": true,"Async Capable": false,"Join Type": "Inner","Startup Cost": 5799.99,"Total Cost": 119762.82,"Plan Rows": 18591,"Plan Width": 160,"Actual Startup Time": 69.031,"Actual Total Time": 348.106,"Actual Rows": 28587,"Actual Loops": 4,"Inner Unique": true,"Hash Cond": "(orders.o_custkey = customer.c_custkey)","Workers": [],"Plans": [{"Node Type": "Nested Loop","Parent Relationship": "Outer","Parallel Aware": false,"Async Capable": false,"Join Type": "Inner","Startup Cost": 808.74,"Total Cost": 114722.77,"Plan Rows": 18591,"Plan Width": 16,"Actual Startup Time": 13.204,"Actual Total Time": 250.327,"Actual Rows": 28587,"Actual Loops": 4,"Inner Unique": false,"Workers": [],"Plans": [{"Node Type": "Bitmap Heap Scan","Parent Relationship": "Outer","Parallel Aware": true,"Async Capable": false,"Relation Name": "orders","Alias": "orders","Startup Cost": 808.31,"Total Cost": 27186.49,"Plan Rows": 18879,"Plan Width": 8,"Actual Startup Time": 13.115,"Actual Total Time": 71.395,"Actual Rows": 14278,"Actual Loops": 4,"Recheck Cond": "((o_orderdate >= '1994-08-01'::date) AND (o_orderdate < '1994-11-01 00:00:00'::timestamp without time zone))","Rows Removed by Index Recheck": 0,"Exact Heap Blocks": 3565,"Lossy Heap Blocks": 0,"Workers": [],"Plans": [{"Node Type": "Bitmap Index Scan","Parent Relationship": "Outer","Parallel Aware": false,"Async Capable": false,"Index Name": "idx_orders_orderdate","Startup Cost": 0.00,"Total Cost": 793.68,"Plan Rows": 58525,"Plan Width": 0,"Actual Startup Time": 9.999,"Actual Total Time": 10.002,"Actual Rows": 57111,"Actual Loops": 1,"Index Cond": "((o_orderdate >= '1994-08-01'::date) AND (o_orderdate < '1994-11-01 00:00:00'::timestamp without time zone))","Workers": []}]},{"Node Type": "Index Scan","Parent Relationship": "Inner","Parallel Aware": false,"Async Capable": false,"Scan Direction": "Forward","Index Name": "idx_lineitem_orderkey","Relation Name": "lineitem","Alias": "lineitem","Startup Cost": 0.43,"Total Cost": 4.60,"Plan Rows": 4,"Plan Width": 16,"Actual Startup Time": 0.010,"Actual Total Time": 0.012,"Actual Rows": 2,"Actual Loops": 57111,"Index Cond": "(l_orderkey = orders.o_orderkey)","Rows Removed by Index Recheck": 0,"Filter": "(l_returnflag = 'R'::bpchar)","Rows Removed by Filter": 2,"Workers": []}]},{"Node Type": "Hash","Parent Relationship": "Inner","Parallel Aware": true,"Async Capable": false,"Startup Cost": 4210.00,"Total Cost": 4210.00,"Plan Rows": 62500,"Plan Width": 148,"Actual Startup Time": 55.208,"Actual Total Time": 55.214,"Actual Rows": 37500,"Actual Loops": 4,"Hash Buckets": 262144,"Original Hash Buckets": 262144,"Hash Batches": 1,"Original Hash Batches": 1,"Peak Memory Usage": 29312,"Workers": [],"Plans": [{"Node Type": "Seq Scan","Parent Relationship": "Outer","Parallel Aware": true,"Async Capable": false,"Relation Name": "customer","Alias": "customer","Startup Cost": 0.00,"Total Cost": 4210.00,"Plan Rows": 62500,"Plan Width": 148,"Actual Startup Time": 0.029,"Actual Total Time": 24.765,"Actual Rows": 37500,"Actual Loops": 4,"Workers": []}]}]},{"Node Type": "Hash","Parent Relationship": "Inner","Parallel Aware": false,"Async Capable": false,"Startup Cost": 1.25,"Total Cost": 1.25,"Plan Rows": 25,"Plan Width": 108,"Actual Startup Time": 0.096,"Actual Total Time": 0.101,"Actual Rows": 25,"Actual Loops": 4,"Hash Buckets": 1024,"Original Hash Buckets": 1024,"Hash Batches": 1,"Original Hash Batches": 1,"Peak Memory Usage": 10,"Workers": [],"Plans": [{"Node Type": "Seq Scan","Parent Relationship": "Outer","Parallel Aware": false,"Async Capable": false,"Relation Name": "nation","Alias": "nation","Startup Cost": 0.00,"Total Cost": 1.25,"Plan Rows": 25,"Plan Width": 108,"Actual Startup Time": 0.058,"Actual Total Time": 0.064,"Actual Rows": 25,"Actual Loops": 4,"Workers": []}]}]}]}]}]},"Planning Time": 6.903,"Triggers": [],"Execution Time": 641.389}]
[{"Plan": {"Node Type": "Sort","Parallel Aware": false,"Async Capable": false,"Startup Cost": 129285.16,"Total Cost": 129423.04,"Plan Rows": 55152,"Plan Width": 280,"Actual Startup Time": 594.195,"Actual Total Time": 635.058,"Actual Rows": 37857,"Actual Loops": 1,"Sort Key": ["(sum((lineitem.l_extendedprice * ('1'::numeric - lineitem.l_discount)))) DESC"],"Sort Method": "quicksort","Sort Space Used": 9823,"Sort Space Type": "Memory","Plans": [{"Node Type": "Aggregate","Strategy": "Hashed","Partial Mode": "Simple","Parent Relationship": "Outer","Parallel Aware": false,"Async Capable": false,"Startup Cost": 124252.23,"Total Cost": 124941.63,"Plan Rows": 55152,"Plan Width": 280,"Actual Startup Time": 414.188,"Actual Total Time": 557.916,"Actual Rows": 37857,"Actual Loops": 1,"Group Key": ["customer.c_custkey", "nation.n_name"],"Planned Partitions": 0,"HashAgg Batches": 1,"Peak Memory Usage": 26129,"Disk Usage": 0,"Plans": [{"Node Type": "Gather","Parent Relationship": "Outer","Parallel Aware": false,"Async Capable": false,"Startup Cost": 6767.74,"Total Cost": 123562.83,"Plan Rows": 55152,"Plan Width": 260,"Actual Startup Time": 77.793,"Actual Total Time": 289.359,"Actual Rows": 114326,"Actual Loops": 1,"Workers Planned": 3,"Workers Launched": 3,"Single Copy": false,"Plans": [{"Node Type": "Hash Join","Parent Relationship": "Outer","Parallel Aware": false,"Async Capable": false,"Join Type": "Inner","Startup Cost": 5767.74,"Total Cost": 117047.63,"Plan Rows": 17791,"Plan Width": 260,"Actual Startup Time": 70.168,"Actual Total Time": 358.948,"Actual Rows": 28582,"Actual Loops": 4,"Inner Unique": true,"Hash Cond": "(customer.c_nationkey = nation.n_nationkey)","Workers": [],"Plans": [{"Node Type": "Hash Join","Parent Relationship": "Outer","Parallel Aware": true,"Async Capable": false,"Join Type": "Inner","Startup Cost": 5766.18,"Total Cost": 116991.45,"Plan Rows": 17791,"Plan Width": 160,"Actual Startup Time": 69.698,"Actual Total Time": 349.487,"Actual Rows": 28582,"Actual Loops": 4,"Inner Unique": true,"Hash Cond": "(orders.o_custkey = customer.c_custkey)","Workers": [],"Plans": [{"Node Type": "Nested Loop","Parent Relationship": "Outer","Parallel Aware": false,"Async Capable": false,"Join Type": "Inner","Startup Cost": 774.93,"Total Cost": 111953.49,"Plan Rows": 17791,"Plan Width": 16,"Actual Startup Time": 12.978,"Actual Total Time": 249.911,"Actual Rows": 28582,"Actual Loops": 4,"Inner Unique": false,"Workers": [],"Plans": [{"Node Type": "Bitmap Heap Scan","Parent Relationship": "Outer","Parallel Aware": true,"Async Capable": false,"Relation Name": "orders","Alias": "orders","Startup Cost": 774.50,"Total Cost": 27140.50,"Plan Rows": 18067,"Plan Width": 8,"Actual Startup Time": 12.915,"Actual Total Time": 70.510,"Actual Rows": 14320,"Actual Loops": 4,"Recheck Cond": "((o_orderdate >= '1993-06-01'::date) AND (o_orderdate < '1993-09-01 00:00:00'::timestamp without time zone))","Rows Removed by Index Recheck": 0,"Exact Heap Blocks": 3550,"Lossy Heap Blocks": 0,"Workers": [],"Plans": [{"Node Type": "Bitmap Index Scan","Parent Relationship": "Outer","Parallel Aware": false,"Async Capable": false,"Index Name": "idx_orders_orderdate","Startup Cost": 0.00,"Total Cost": 760.50,"Plan Rows": 56007,"Plan Width": 0,"Actual Startup Time": 9.843,"Actual Total Time": 9.846,"Actual Rows": 57280,"Actual Loops": 1,"Index Cond": "((o_orderdate >= '1993-06-01'::date) AND (o_orderdate < '1993-09-01 00:00:00'::timestamp without time zone))","Workers": []}]},{"Node Type": "Index Scan","Parent Relationship": "Inner","Parallel Aware": false,"Async Capable": false,"Scan Direction": "Forward","Index Name": "idx_lineitem_orderkey","Relation Name": "lineitem","Alias": "lineitem","Startup Cost": 0.43,"Total Cost": 4.65,"Plan Rows": 4,"Plan Width": 16,"Actual Startup Time": 0.010,"Actual Total Time": 0.012,"Actual Rows": 2,"Actual Loops": 57280,"Index Cond": "(l_orderkey = orders.o_orderkey)","Rows Removed by Index Recheck": 0,"Filter": "(l_returnflag = 'R'::bpchar)","Rows Removed by Filter": 2,"Workers": []}]},{"Node Type": "Hash","Parent Relationship": "Inner","Parallel Aware": true,"Async Capable": false,"Startup Cost": 4210.00,"Total Cost": 4210.00,"Plan Rows": 62500,"Plan Width": 148,"Actual Startup Time": 56.151,"Actual Total Time": 56.157,"Actual Rows": 37500,"Actual Loops": 4,"Hash Buckets": 262144,"Original Hash Buckets": 262144,"Hash Batches": 1,"Original Hash Batches": 1,"Peak Memory Usage": 29312,"Workers": [],"Plans": [{"Node Type": "Seq Scan","Parent Relationship": "Outer","Parallel Aware": true,"Async Capable": false,"Relation Name": "customer","Alias": "customer","Startup Cost": 0.00,"Total Cost": 4210.00,"Plan Rows": 62500,"Plan Width": 148,"Actual Startup Time": 0.028,"Actual Total Time": 26.217,"Actual Rows": 37500,"Actual Loops": 4,"Workers": []}]}]},{"Node Type": "Hash","Parent Relationship": "Inner","Parallel Aware": false,"Async Capable": false,"Startup Cost": 1.25,"Total Cost": 1.25,"Plan Rows": 25,"Plan Width": 108,"Actual Startup Time": 0.109,"Actual Total Time": 0.115,"Actual Rows": 25,"Actual Loops": 4,"Hash Buckets": 1024,"Original Hash Buckets": 1024,"Hash Batches": 1,"Original Hash Batches": 1,"Peak Memory Usage": 10,"Workers": [],"Plans": [{"Node Type": "Seq Scan","Parent Relationship": "Outer","Parallel Aware": false,"Async Capable": false,"Relation Name": "nation","Alias": "nation","Startup Cost": 0.00,"Total Cost": 1.25,"Plan Rows": 25,"Plan Width": 108,"Actual Startup Time": 0.076,"Actual Total Time": 0.083,"Actual Rows": 25,"Actual Loops": 4,"Workers": []}]}]}]}]}]},"Planning Time": 6.852,"Triggers": [],"Execution Time": 641.259}]
[{"Plan": {"Node Type": "Sort","Parallel Aware": false,"Async Capable": false,"Startup Cost": 131080.21,"Total Cost": 131221.46,"Plan Rows": 56499,"Plan Width": 280,"Actual Startup Time": 607.607,"Actual Total Time": 646.377,"Actual Rows": 37607,"Actual Loops": 1,"Sort Key": ["(sum((lineitem.l_extendedprice * ('1'::numeric - lineitem.l_discount)))) DESC"],"Sort Method": "quicksort","Sort Space Used": 9755,"Sort Space Type": "Memory","Plans": [{"Node Type": "Aggregate","Strategy": "Hashed","Partial Mode": "Simple","Parent Relationship": "Outer","Parallel Aware": false,"Async Capable": false,"Startup Cost": 125914.53,"Total Cost": 126620.77,"Plan Rows": 56499,"Plan Width": 280,"Actual Startup Time": 421.745,"Actual Total Time": 572.585,"Actual Rows": 37607,"Actual Loops": 1,"Group Key": ["customer.c_custkey", "nation.n_name"],"Planned Partitions": 0,"HashAgg Batches": 1,"Peak Memory Usage": 26129,"Disk Usage": 0,"Plans": [{"Node Type": "Gather","Parent Relationship": "Outer","Parallel Aware": false,"Async Capable": false,"Startup Cost": 6785.77,"Total Cost": 125208.29,"Plan Rows": 56499,"Plan Width": 260,"Actual Startup Time": 84.737,"Actual Total Time": 294.745,"Actual Rows": 112798,"Actual Loops": 1,"Workers Planned": 3,"Workers Launched": 3,"Single Copy": false,"Plans": [{"Node Type": "Hash Join","Parent Relationship": "Outer","Parallel Aware": false,"Async Capable": false,"Join Type": "Inner","Startup Cost": 5785.77,"Total Cost": 118558.39,"Plan Rows": 18225,"Plan Width": 260,"Actual Startup Time": 77.703,"Actual Total Time": 365.765,"Actual Rows": 28200,"Actual Loops": 4,"Inner Unique": true,"Hash Cond": "(customer.c_nationkey = nation.n_nationkey)","Workers": [],"Plans": [{"Node Type": "Hash Join","Parent Relationship": "Outer","Parallel Aware": true,"Async Capable": false,"Join Type": "Inner","Startup Cost": 5784.20,"Total Cost": 118500.88,"Plan Rows": 18225,"Plan Width": 160,"Actual Startup Time": 77.334,"Actual Total Time": 357.276,"Actual Rows": 28200,"Actual Loops": 4,"Inner Unique": true,"Hash Cond": "(orders.o_custkey = customer.c_custkey)","Workers": [],"Plans": [{"Node Type": "Nested Loop","Parent Relationship": "Outer","Parallel Aware": false,"Async Capable": false,"Join Type": "Inner","Startup Cost": 792.95,"Total Cost": 113461.79,"Plan Rows": 18225,"Plan Width": 16,"Actual Startup Time": 13.152,"Actual Total Time": 254.573,"Actual Rows": 28200,"Actual Loops": 4,"Inner Unique": false,"Workers": [],"Plans": [{"Node Type": "Bitmap Heap Scan","Parent Relationship": "Outer","Parallel Aware": true,"Async Capable": false,"Relation Name": "orders","Alias": "orders","Startup Cost": 792.52,"Total Cost": 27165.14,"Plan Rows": 18508,"Plan Width": 8,"Actual Startup Time": 13.088,"Actual Total Time": 71.143,"Actual Rows": 14087,"Actual Loops": 4,"Recheck Cond": "((o_orderdate >= '1994-01-01'::date) AND (o_orderdate < '1994-04-01 00:00:00'::timestamp without time zone))","Rows Removed by Index Recheck": 0,"Exact Heap Blocks": 3702,"Lossy Heap Blocks": 0,"Workers": [],"Plans": [{"Node Type": "Bitmap Index Scan","Parent Relationship": "Outer","Parallel Aware": false,"Async Capable": false,"Index Name": "idx_orders_orderdate","Startup Cost": 0.00,"Total Cost": 778.18,"Plan Rows": 57375,"Plan Width": 0,"Actual Startup Time": 9.927,"Actual Total Time": 9.934,"Actual Rows": 56349,"Actual Loops": 1,"Index Cond": "((o_orderdate >= '1994-01-01'::date) AND (o_orderdate < '1994-04-01 00:00:00'::timestamp without time zone))","Workers": []}]},{"Node Type": "Index Scan","Parent Relationship": "Inner","Parallel Aware": false,"Async Capable": false,"Scan Direction": "Forward","Index Name": "idx_lineitem_orderkey","Relation Name": "lineitem","Alias": "lineitem","Startup Cost": 0.43,"Total Cost": 4.62,"Plan Rows": 4,"Plan Width": 16,"Actual Startup Time": 0.011,"Actual Total Time": 0.013,"Actual Rows": 2,"Actual Loops": 56349,"Index Cond": "(l_orderkey = orders.o_orderkey)","Rows Removed by Index Recheck": 0,"Filter": "(l_returnflag = 'R'::bpchar)","Rows Removed by Filter": 2,"Workers": []}]},{"Node Type": "Hash","Parent Relationship": "Inner","Parallel Aware": true,"Async Capable": false,"Startup Cost": 4210.00,"Total Cost": 4210.00,"Plan Rows": 62500,"Plan Width": 148,"Actual Startup Time": 63.582,"Actual Total Time": 63.588,"Actual Rows": 37500,"Actual Loops": 4,"Hash Buckets": 262144,"Original Hash Buckets": 262144,"Hash Batches": 1,"Original Hash Batches": 1,"Peak Memory Usage": 29312,"Workers": [],"Plans": [{"Node Type": "Seq Scan","Parent Relationship": "Outer","Parallel Aware": true,"Async Capable": false,"Relation Name": "customer","Alias": "customer","Startup Cost": 0.00,"Total Cost": 4210.00,"Plan Rows": 62500,"Plan Width": 148,"Actual Startup Time": 0.028,"Actual Total Time": 28.690,"Actual Rows": 37500,"Actual Loops": 4,"Workers": []}]}]},{"Node Type": "Hash","Parent Relationship": "Inner","Parallel Aware": false,"Async Capable": false,"Startup Cost": 1.25,"Total Cost": 1.25,"Plan Rows": 25,"Plan Width": 108,"Actual Startup Time": 0.094,"Actual Total Time": 0.100,"Actual Rows": 25,"Actual Loops": 4,"Hash Buckets": 1024,"Original Hash Buckets": 1024,"Hash Batches": 1,"Original Hash Batches": 1,"Peak Memory Usage": 10,"Workers": [],"Plans": [{"Node Type": "Seq Scan","Parent Relationship": "Outer","Parallel Aware": false,"Async Capable": false,"Relation Name": "nation","Alias": "nation","Startup Cost": 0.00,"Total Cost": 1.25,"Plan Rows": 25,"Plan Width": 108,"Actual Startup Time": 0.060,"Actual Total Time": 0.067,"Actual Rows": 25,"Actual Loops": 4,"Workers": []}]}]}]}]}]},"Planning Time": 7.215,"Triggers": [],"Execution Time": 650.753}]
[{"Plan": {"Node Type": "Sort","Parallel Aware": false,"Async Capable": false,"Startup Cost": 132365.07,"Total Cost": 132508.74,"Plan Rows": 57466,"Plan Width": 280,"Actual Startup Time": 604.092,"Actual Total Time": 644.113,"Actual Rows": 37690,"Actual Loops": 1,"Sort Key": ["(sum((lineitem.l_extendedprice * ('1'::numeric - lineitem.l_discount)))) DESC"],"Sort Method": "quicksort","Sort Space Used": 9779,"Sort Space Type": "Memory","Plans": [{"Node Type": "Aggregate","Strategy": "Hashed","Partial Mode": "Simple","Parent Relationship": "Outer","Parallel Aware": false,"Async Capable": false,"Startup Cost": 127103.94,"Total Cost": 127822.26,"Plan Rows": 57466,"Plan Width": 280,"Actual Startup Time": 420.502,"Actual Total Time": 570.586,"Actual Rows": 37690,"Actual Loops": 1,"Group Key": ["customer.c_custkey", "nation.n_name"],"Planned Partitions": 0,"HashAgg Batches": 1,"Peak Memory Usage": 26129,"Disk Usage": 0,"Plans": [{"Node Type": "Gather","Parent Relationship": "Outer","Parallel Aware": false,"Async Capable": false,"Startup Cost": 6799.83,"Total Cost": 126385.61,"Plan Rows": 57466,"Plan Width": 260,"Actual Startup Time": 84.807,"Actual Total Time": 291.020,"Actual Rows": 113599,"Actual Loops": 1,"Workers Planned": 3,"Workers Launched": 3,"Single Copy": false,"Plans": [{"Node Type": "Hash Join","Parent Relationship": "Outer","Parallel Aware": false,"Async Capable": false,"Join Type": "Inner","Startup Cost": 5799.83,"Total Cost": 119639.01,"Plan Rows": 18537,"Plan Width": 260,"Actual Startup Time": 77.448,"Actual Total Time": 365.330,"Actual Rows": 28400,"Actual Loops": 4,"Inner Unique": true,"Hash Cond": "(customer.c_nationkey = nation.n_nationkey)","Workers": [],"Plans": [{"Node Type": "Hash Join","Parent Relationship": "Outer","Parallel Aware": true,"Async Capable": false,"Join Type": "Inner","Startup Cost": 5798.27,"Total Cost": 119580.55,"Plan Rows": 18537,"Plan Width": 160,"Actual Startup Time": 76.978,"Actual Total Time": 356.100,"Actual Rows": 28400,"Actual Loops": 4,"Inner Unique": true,"Hash Cond": "(orders.o_custkey = customer.c_custkey)","Workers": [],"Plans": [{"Node Type": "Nested Loop","Parent Relationship": "Outer","Parallel Aware": false,"Async Capable": false,"Join Type": "Inner","Startup Cost": 807.02,"Total Cost": 114540.64,"Plan Rows": 18537,"Plan Width": 16,"Actual Startup Time": 13.069,"Actual Total Time": 252.235,"Actual Rows": 28400,"Actual Loops": 4,"Inner Unique": false,"Workers": [],"Plans": [{"Node Type": "Bitmap Heap Scan","Parent Relationship": "Outer","Parallel Aware": true,"Async Capable": false,"Relation Name": "orders","Alias": "orders","Startup Cost": 806.59,"Total Cost": 27183.96,"Plan Rows": 18825,"Plan Width": 8,"Actual Startup Time": 13.002,"Actual Total Time": 70.665,"Actual Rows": 14161,"Actual Loops": 4,"Recheck Cond": "((o_orderdate >= '1994-04-01'::date) AND (o_orderdate < '1994-07-01 00:00:00'::timestamp without time zone))","Rows Removed by Index Recheck": 0,"Exact Heap Blocks": 3668,"Lossy Heap Blocks": 0,"Workers": [],"Plans": [{"Node Type": "Bitmap Index Scan","Parent Relationship": "Outer","Parallel Aware": false,"Async Capable": false,"Index Name": "idx_orders_orderdate","Startup Cost": 0.00,"Total Cost": 792.00,"Plan Rows": 58357,"Plan Width": 0,"Actual Startup Time": 9.907,"Actual Total Time": 9.915,"Actual Rows": 56645,"Actual Loops": 1,"Index Cond": "((o_orderdate >= '1994-04-01'::date) AND (o_orderdate < '1994-07-01 00:00:00'::timestamp without time zone))","Workers": []}]},{"Node Type": "Index Scan","Parent Relationship": "Inner","Parallel Aware": false,"Async Capable": false,"Scan Direction": "Forward","Index Name": "idx_lineitem_orderkey","Relation Name": "lineitem","Alias": "lineitem","Startup Cost": 0.43,"Total Cost": 4.60,"Plan Rows": 4,"Plan Width": 16,"Actual Startup Time": 0.010,"Actual Total Time": 0.012,"Actual Rows": 2,"Actual Loops": 56645,"Index Cond": "(l_orderkey = orders.o_orderkey)","Rows Removed by Index Recheck": 0,"Filter": "(l_returnflag = 'R'::bpchar)","Rows Removed by Filter": 2,"Workers": []}]},{"Node Type": "Hash","Parent Relationship": "Inner","Parallel Aware": true,"Async Capable": false,"Startup Cost": 4210.00,"Total Cost": 4210.00,"Plan Rows": 62500,"Plan Width": 148,"Actual Startup Time": 63.332,"Actual Total Time": 63.338,"Actual Rows": 37500,"Actual Loops": 4,"Hash Buckets": 262144,"Original Hash Buckets": 262144,"Hash Batches": 1,"Original Hash Batches": 1,"Peak Memory Usage": 29344,"Workers": [],"Plans": [{"Node Type": "Seq Scan","Parent Relationship": "Outer","Parallel Aware": true,"Async Capable": false,"Relation Name": "customer","Alias": "customer","Startup Cost": 0.00,"Total Cost": 4210.00,"Plan Rows": 62500,"Plan Width": 148,"Actual Startup Time": 0.025,"Actual Total Time": 28.533,"Actual Rows": 37500,"Actual Loops": 4,"Workers": []}]}]},{"Node Type": "Hash","Parent Relationship": "Inner","Parallel Aware": false,"Async Capable": false,"Startup Cost": 1.25,"Total Cost": 1.25,"Plan Rows": 25,"Plan Width": 108,"Actual Startup Time": 0.107,"Actual Total Time": 0.110,"Actual Rows": 25,"Actual Loops": 4,"Hash Buckets": 1024,"Original Hash Buckets": 1024,"Hash Batches": 1,"Original Hash Batches": 1,"Peak Memory Usage": 10,"Workers": [],"Plans": [{"Node Type": "Seq Scan","Parent Relationship": "Outer","Parallel Aware": false,"Async Capable": false,"Relation Name": "nation","Alias": "nation","Startup Cost": 0.00,"Total Cost": 1.25,"Plan Rows": 25,"Plan Width": 108,"Actual Startup Time": 0.074,"Actual Total Time": 0.080,"Actual Rows": 25,"Actual Loops": 4,"Workers": []}]}]}]}]}]},"Planning Time": 6.317,"Triggers": [],"Execution Time": 648.403}]
[{"Plan": {"Node Type": "Sort","Parallel Aware": false,"Async Capable": false,"Startup Cost": 131330.41,"Total Cost": 131472.12,"Plan Rows": 56686,"Plan Width": 280,"Actual Startup Time": 587.483,"Actual Total Time": 628.086,"Actual Rows": 37925,"Actual Loops": 1,"Sort Key": ["(sum((lineitem.l_extendedprice * ('1'::numeric - lineitem.l_discount)))) DESC"],"Sort Method": "quicksort","Sort Space Used": 9832,"Sort Space Type": "Memory","Plans": [{"Node Type": "Aggregate","Strategy": "Hashed","Partial Mode": "Simple","Parent Relationship": "Outer","Parallel Aware": false,"Async Capable": false,"Startup Cost": 126146.27,"Total Cost": 126854.85,"Plan Rows": 56686,"Plan Width": 280,"Actual Startup Time": 410.388,"Actual Total Time": 556.054,"Actual Rows": 37925,"Actual Loops": 1,"Group Key": ["customer.c_custkey", "nation.n_name"],"Planned Partitions": 0,"HashAgg Batches": 1,"Peak Memory Usage": 26129,"Disk Usage": 0,"Plans": [{"Node Type": "Gather","Parent Relationship": "Outer","Parallel Aware": false,"Async Capable": false,"Startup Cost": 6791.71,"Total Cost": 125437.70,"Plan Rows": 56686,"Plan Width": 260,"Actual Startup Time": 76.070,"Actual Total Time": 284.431,"Actual Rows": 114550,"Actual Loops": 1,"Workers Planned": 3,"Workers Launched": 3,"Single Copy": false,"Plans": [{"Node Type": "Hash Join","Parent Relationship": "Outer","Parallel Aware": false,"Async Capable": false,"Join Type": "Inner","Startup Cost": 5791.71,"Total Cost": 118769.10,"Plan Rows": 18286,"Plan Width": 260,"Actual Startup Time": 68.409,"Actual Total Time": 355.040,"Actual Rows": 28638,"Actual Loops": 4,"Inner Unique": true,"Hash Cond": "(customer.c_nationkey = nation.n_nationkey)","Workers": [],"Plans": [{"Node Type": "Hash Join","Parent Relationship": "Outer","Parallel Aware": true,"Async Capable": false,"Join Type": "Inner","Startup Cost": 5790.15,"Total Cost": 118711.40,"Plan Rows": 18286,"Plan Width": 160,"Actual Startup Time": 67.911,"Actual Total Time": 346.301,"Actual Rows": 28638,"Actual Loops": 4,"Inner Unique": true,"Hash Cond": "(orders.o_custkey = customer.c_custkey)","Workers": [],"Plans": [{"Node Type": "Nested Loop","Parent Relationship": "Outer","Parallel Aware": false,"Async Capable": false,"Join Type": "Inner","Startup Cost": 798.90,"Total Cost": 113672.15,"Plan Rows": 18286,"Plan Width": 16,"Actual Startup Time": 13.342,"Actual Total Time": 249.825,"Actual Rows": 28638,"Actual Loops": 4,"Inner Unique": false,"Workers": [],"Plans": [{"Node Type": "Bitmap Heap Scan","Parent Relationship": "Outer","Parallel Aware": true,"Async Capable": false,"Relation Name": "orders","Alias": "orders","Startup Cost": 798.47,"Total Cost": 27172.01,"Plan Rows": 18569,"Plan Width": 8,"Actual Startup Time": 13.275,"Actual Total Time": 71.340,"Actual Rows": 14284,"Actual Loops": 4,"Recheck Cond": "((o_orderdate >= '1993-08-01'::date) AND (o_orderdate < '1993-11-01 00:00:00'::timestamp without time zone))","Rows Removed by Index Recheck": 0,"Exact Heap Blocks": 3594,"Lossy Heap Blocks": 0,"Workers": [],"Plans": [{"Node Type": "Bitmap Index Scan","Parent Relationship": "Outer","Parallel Aware": false,"Async Capable": false,"Index Name": "idx_orders_orderdate","Startup Cost": 0.00,"Total Cost": 784.08,"Plan Rows": 57565,"Plan Width": 0,"Actual Startup Time": 10.135,"Actual Total Time": 10.136,"Actual Rows": 57138,"Actual Loops": 1,"Index Cond": "((o_orderdate >= '1993-08-01'::date) AND (o_orderdate < '1993-11-01 00:00:00'::timestamp without time zone))","Workers": []}]},{"Node Type": "Index Scan","Parent Relationship": "Inner","Parallel Aware": false,"Async Capable": false,"Scan Direction": "Forward","Index Name": "idx_lineitem_orderkey","Relation Name": "lineitem","Alias": "lineitem","Startup Cost": 0.43,"Total Cost": 4.62,"Plan Rows": 4,"Plan Width": 16,"Actual Startup Time": 0.010,"Actual Total Time": 0.012,"Actual Rows": 2,"Actual Loops": 57138,"Index Cond": "(l_orderkey = orders.o_orderkey)","Rows Removed by Index Recheck": 0,"Filter": "(l_returnflag = 'R'::bpchar)","Rows Removed by Filter": 2,"Workers": []}]},{"Node Type": "Hash","Parent Relationship": "Inner","Parallel Aware": true,"Async Capable": false,"Startup Cost": 4210.00,"Total Cost": 4210.00,"Plan Rows": 62500,"Plan Width": 148,"Actual Startup Time": 53.968,"Actual Total Time": 53.976,"Actual Rows": 37500,"Actual Loops": 4,"Hash Buckets": 262144,"Original Hash Buckets": 262144,"Hash Batches": 1,"Original Hash Batches": 1,"Peak Memory Usage": 29344,"Workers": [],"Plans": [{"Node Type": "Seq Scan","Parent Relationship": "Outer","Parallel Aware": true,"Async Capable": false,"Relation Name": "customer","Alias": "customer","Startup Cost": 0.00,"Total Cost": 4210.00,"Plan Rows": 62500,"Plan Width": 148,"Actual Startup Time": 0.023,"Actual Total Time": 24.403,"Actual Rows": 37500,"Actual Loops": 4,"Workers": []}]}]},{"Node Type": "Hash","Parent Relationship": "Inner","Parallel Aware": false,"Async Capable": false,"Startup Cost": 1.25,"Total Cost": 1.25,"Plan Rows": 25,"Plan Width": 108,"Actual Startup Time": 0.099,"Actual Total Time": 0.106,"Actual Rows": 25,"Actual Loops": 4,"Hash Buckets": 1024,"Original Hash Buckets": 1024,"Hash Batches": 1,"Original Hash Batches": 1,"Peak Memory Usage": 10,"Workers": [],"Plans": [{"Node Type": "Seq Scan","Parent Relationship": "Outer","Parallel Aware": false,"Async Capable": false,"Relation Name": "nation","Alias": "nation","Startup Cost": 0.00,"Total Cost": 1.25,"Plan Rows": 25,"Plan Width": 108,"Actual Startup Time": 0.062,"Actual Total Time": 0.071,"Actual Rows": 25,"Actual Loops": 4,"Workers": []}]}]}]}]}]},"Planning Time": 6.540,"Triggers": [],"Execution Time": 634.012}]
[{"Plan": {"Node Type": "Sort","Parallel Aware": false,"Async Capable": false,"Startup Cost": 130975.09,"Total Cost": 131116.14,"Plan Rows": 56420,"Plan Width": 280,"Actual Startup Time": 559.129,"Actual Total Time": 601.162,"Actual Rows": 37859,"Actual Loops": 1,"Sort Key": ["(sum((lineitem.l_extendedprice * ('1'::numeric - lineitem.l_discount)))) DESC"],"Sort Method": "quicksort","Sort Space Used": 9818,"Sort Space Type": "Memory","Plans": [{"Node Type": "Aggregate","Strategy": "Hashed","Partial Mode": "Simple","Parent Relationship": "Outer","Parallel Aware": false,"Async Capable": false,"Startup Cost": 125817.20,"Total Cost": 126522.45,"Plan Rows": 56420,"Plan Width": 280,"Actual Startup Time": 383.531,"Actual Total Time": 530.212,"Actual Rows": 37859,"Actual Loops": 1,"Group Key": ["customer.c_custkey", "nation.n_name"],"Planned Partitions": 0,"HashAgg Batches": 1,"Peak Memory Usage": 26129,"Disk Usage": 0,"Plans": [{"Node Type": "Gather","Parent Relationship": "Outer","Parallel Aware": false,"Async Capable": false,"Startup Cost": 6784.95,"Total Cost": 125111.95,"Plan Rows": 56420,"Plan Width": 260,"Actual Startup Time": 70.081,"Actual Total Time": 265.015,"Actual Rows": 114028,"Actual Loops": 1,"Workers Planned": 3,"Workers Launched": 3,"Single Copy": false,"Plans": [{"Node Type": "Hash Join","Parent Relationship": "Outer","Parallel Aware": false,"Async Capable": false,"Join Type": "Inner","Startup Cost": 5784.95,"Total Cost": 118469.95,"Plan Rows": 18200,"Plan Width": 260,"Actual Startup Time": 62.841,"Actual Total Time": 330.296,"Actual Rows": 28507,"Actual Loops": 4,"Inner Unique": true,"Hash Cond": "(customer.c_nationkey = nation.n_nationkey)","Workers": [],"Plans": [{"Node Type": "Hash Join","Parent Relationship": "Outer","Parallel Aware": true,"Async Capable": false,"Join Type": "Inner","Startup Cost": 5783.38,"Total Cost": 118412.51,"Plan Rows": 18200,"Plan Width": 160,"Actual Startup Time": 62.430,"Actual Total Time": 322.490,"Actual Rows": 28507,"Actual Loops": 4,"Inner Unique": true,"Hash Cond": "(orders.o_custkey = customer.c_custkey)","Workers": [],"Plans": [{"Node Type": "Nested Loop","Parent Relationship": "Outer","Parallel Aware": false,"Async Capable": false,"Join Type": "Inner","Startup Cost": 792.13,"Total Cost": 113373.49,"Plan Rows": 18200,"Plan Width": 16,"Actual Startup Time": 13.021,"Actual Total Time": 238.266,"Actual Rows": 28507,"Actual Loops": 4,"Inner Unique": false,"Workers": [],"Plans": [{"Node Type": "Bitmap Heap Scan","Parent Relationship": "Outer","Parallel Aware": true,"Async Capable": false,"Relation Name": "orders","Alias": "orders","Startup Cost": 791.70,"Total Cost": 27163.94,"Plan Rows": 18482,"Plan Width": 8,"Actual Startup Time": 12.954,"Actual Total Time": 66.534,"Actual Rows": 14234,"Actual Loops": 4,"Recheck Cond": "((o_orderdate >= '1993-03-01'::date) AND (o_orderdate < '1993-06-01 00:00:00'::timestamp without time zone))","Rows Removed by Index Recheck": 0,"Exact Heap Blocks": 3517,"Lossy Heap Blocks": 0,"Workers": [],"Plans": [{"Node Type": "Bitmap Index Scan","Parent Relationship": "Outer","Parallel Aware": false,"Async Capable": false,"Index Name": "idx_orders_orderdate","Startup Cost": 0.00,"Total Cost": 777.38,"Plan Rows": 57295,"Plan Width": 0,"Actual Startup Time": 9.836,"Actual Total Time": 9.842,"Actual Rows": 56934,"Actual Loops": 1,"Index Cond": "((o_orderdate >= '1993-03-01'::date) AND (o_orderdate < '1993-06-01 00:00:00'::timestamp without time zone))","Workers": []}]},{"Node Type": "Index Scan","Parent Relationship": "Inner","Parallel Aware": false,"Async Capable": false,"Scan Direction": "Forward","Index Name": "idx_lineitem_orderkey","Relation Name": "lineitem","Alias": "lineitem","Startup Cost": 0.43,"Total Cost": 4.62,"Plan Rows": 4,"Plan Width": 16,"Actual Startup Time": 0.010,"Actual Total Time": 0.012,"Actual Rows": 2,"Actual Loops": 56934,"Index Cond": "(l_orderkey = orders.o_orderkey)","Rows Removed by Index Recheck": 0,"Filter": "(l_returnflag = 'R'::bpchar)","Rows Removed by Filter": 2,"Workers": []}]},{"Node Type": "Hash","Parent Relationship": "Inner","Parallel Aware": true,"Async Capable": false,"Startup Cost": 4210.00,"Total Cost": 4210.00,"Plan Rows": 62500,"Plan Width": 148,"Actual Startup Time": 48.797,"Actual Total Time": 48.806,"Actual Rows": 37500,"Actual Loops": 4,"Hash Buckets": 262144,"Original Hash Buckets": 262144,"Hash Batches": 1,"Original Hash Batches": 1,"Peak Memory Usage": 29344,"Workers": [],"Plans": [{"Node Type": "Seq Scan","Parent Relationship": "Outer","Parallel Aware": true,"Async Capable": false,"Relation Name": "customer","Alias": "customer","Startup Cost": 0.00,"Total Cost": 4210.00,"Plan Rows": 62500,"Plan Width": 148,"Actual Startup Time": 0.027,"Actual Total Time": 20.617,"Actual Rows": 37500,"Actual Loops": 4,"Workers": []}]}]},{"Node Type": "Hash","Parent Relationship": "Inner","Parallel Aware": false,"Async Capable": false,"Startup Cost": 1.25,"Total Cost": 1.25,"Plan Rows": 25,"Plan Width": 108,"Actual Startup Time": 0.102,"Actual Total Time": 0.108,"Actual Rows": 25,"Actual Loops": 4,"Hash Buckets": 1024,"Original Hash Buckets": 1024,"Hash Batches": 1,"Original Hash Batches": 1,"Peak Memory Usage": 10,"Workers": [],"Plans": [{"Node Type": "Seq Scan","Parent Relationship": "Outer","Parallel Aware": false,"Async Capable": false,"Relation Name": "nation","Alias": "nation","Startup Cost": 0.00,"Total Cost": 1.25,"Plan Rows": 25,"Plan Width": 108,"Actual Startup Time": 0.068,"Actual Total Time": 0.076,"Actual Rows": 25,"Actual Loops": 4,"Workers": []}]}]}]}]}]},"Planning Time": 7.017,"Triggers": [],"Execution Time": 606.974}]
[{"Plan": {"Node Type": "Sort","Parallel Aware": false,"Async Capable": false,"Startup Cost": 130505.43,"Total Cost": 130645.60,"Plan Rows": 56065,"Plan Width": 280,"Actual Startup Time": 601.513,"Actual Total Time": 641.580,"Actual Rows": 37018,"Actual Loops": 1,"Sort Key": ["(sum((lineitem.l_extendedprice * ('1'::numeric - lineitem.l_discount)))) DESC"],"Sort Method": "quicksort","Sort Space Used": 9627,"Sort Space Type": "Memory","Plans": [{"Node Type": "Aggregate","Strategy": "Hashed","Partial Mode": "Simple","Parent Relationship": "Outer","Parallel Aware": false,"Async Capable": false,"Startup Cost": 125382.55,"Total Cost": 126083.36,"Plan Rows": 56065,"Plan Width": 280,"Actual Startup Time": 416.495,"Actual Total Time": 572.420,"Actual Rows": 37018,"Actual Loops": 1,"Group Key": ["customer.c_custkey", "nation.n_name"],"Planned Partitions": 0,"HashAgg Batches": 1,"Peak Memory Usage": 26129,"Disk Usage": 0,"Plans": [{"Node Type": "Gather","Parent Relationship": "Outer","Parallel Aware": false,"Async Capable": false,"Startup Cost": 6781.25,"Total Cost": 124681.73,"Plan Rows": 56065,"Plan Width": 260,"Actual Startup Time": 81.623,"Actual Total Time": 288.921,"Actual Rows": 110603,"Actual Loops": 1,"Workers Planned": 3,"Workers Launched": 3,"Single Copy": false,"Plans": [{"Node Type": "Hash Join","Parent Relationship": "Outer","Parallel Aware": false,"Async Capable": false,"Join Type": "Inner","Startup Cost": 5781.25,"Total Cost": 118075.23,"Plan Rows": 18085,"Plan Width": 260,"Actual Startup Time": 74.243,"Actual Total Time": 359.851,"Actual Rows": 27651,"Actual Loops": 4,"Inner Unique": true,"Hash Cond": "(customer.c_nationkey = nation.n_nationkey)","Workers": [],"Plans": [{"Node Type": "Hash Join","Parent Relationship": "Outer","Parallel Aware": true,"Async Capable": false,"Join Type": "Inner","Startup Cost": 5779.68,"Total Cost": 118018.16,"Plan Rows": 18085,"Plan Width": 160,"Actual Startup Time": 73.807,"Actual Total Time": 350.724,"Actual Rows": 27651,"Actual Loops": 4,"Inner Unique": true,"Hash Cond": "(orders.o_custkey = customer.c_custkey)","Workers": [],"Plans": [{"Node Type": "Nested Loop","Parent Relationship": "Outer","Parallel Aware": false,"Async Capable": false,"Join Type": "Inner","Startup Cost": 788.43,"Total Cost": 112979.43,"Plan Rows": 18085,"Plan Width": 16,"Actual Startup Time": 13.351,"Actual Total Time": 248.674,"Actual Rows": 27651,"Actual Loops": 4,"Inner Unique": false,"Workers": [],"Plans": [{"Node Type": "Bitmap Heap Scan","Parent Relationship": "Outer","Parallel Aware": true,"Async Capable": false,"Relation Name": "orders","Alias": "orders","Startup Cost": 788.00,"Total Cost": 27158.49,"Plan Rows": 18366,"Plan Width": 8,"Actual Startup Time": 13.297,"Actual Total Time": 70.614,"Actual Rows": 13866,"Actual Loops": 4,"Recheck Cond": "((o_orderdate >= '1994-02-01'::date) AND (o_orderdate < '1994-05-01 00:00:00'::timestamp without time zone))","Rows Removed by Index Recheck": 0,"Exact Heap Blocks": 3619,"Lossy Heap Blocks": 0,"Workers": [],"Plans": [{"Node Type": "Bitmap Index Scan","Parent Relationship": "Outer","Parallel Aware": false,"Async Capable": false,"Index Name": "idx_orders_orderdate","Startup Cost": 0.00,"Total Cost": 773.77,"Plan Rows": 56934,"Plan Width": 0,"Actual Startup Time": 10.157,"Actual Total Time": 10.161,"Actual Rows": 55462,"Actual Loops": 1,"Index Cond": "((o_orderdate >= '1994-02-01'::date) AND (o_orderdate < '1994-05-01 00:00:00'::timestamp without time zone))","Workers": []}]},{"Node Type": "Index Scan","Parent Relationship": "Inner","Parallel Aware": false,"Async Capable": false,"Scan Direction": "Forward","Index Name": "idx_lineitem_orderkey","Relation Name": "lineitem","Alias": "lineitem","Startup Cost": 0.43,"Total Cost": 4.63,"Plan Rows": 4,"Plan Width": 16,"Actual Startup Time": 0.010,"Actual Total Time": 0.012,"Actual Rows": 2,"Actual Loops": 55462,"Index Cond": "(l_orderkey = orders.o_orderkey)","Rows Removed by Index Recheck": 0,"Filter": "(l_returnflag = 'R'::bpchar)","Rows Removed by Filter": 2,"Workers": []}]},{"Node Type": "Hash","Parent Relationship": "Inner","Parallel Aware": true,"Async Capable": false,"Startup Cost": 4210.00,"Total Cost": 4210.00,"Plan Rows": 62500,"Plan Width": 148,"Actual Startup Time": 59.812,"Actual Total Time": 59.817,"Actual Rows": 37500,"Actual Loops": 4,"Hash Buckets": 262144,"Original Hash Buckets": 262144,"Hash Batches": 1,"Original Hash Batches": 1,"Peak Memory Usage": 29344,"Workers": [],"Plans": [{"Node Type": "Seq Scan","Parent Relationship": "Outer","Parallel Aware": true,"Async Capable": false,"Relation Name": "customer","Alias": "customer","Startup Cost": 0.00,"Total Cost": 4210.00,"Plan Rows": 62500,"Plan Width": 148,"Actual Startup Time": 0.038,"Actual Total Time": 25.477,"Actual Rows": 37500,"Actual Loops": 4,"Workers": []}]}]},{"Node Type": "Hash","Parent Relationship": "Inner","Parallel Aware": false,"Async Capable": false,"Startup Cost": 1.25,"Total Cost": 1.25,"Plan Rows": 25,"Plan Width": 108,"Actual Startup Time": 0.111,"Actual Total Time": 0.116,"Actual Rows": 25,"Actual Loops": 4,"Hash Buckets": 1024,"Original Hash Buckets": 1024,"Hash Batches": 1,"Original Hash Batches": 1,"Peak Memory Usage": 10,"Workers": [],"Plans": [{"Node Type": "Seq Scan","Parent Relationship": "Outer","Parallel Aware": false,"Async Capable": false,"Relation Name": "nation","Alias": "nation","Startup Cost": 0.00,"Total Cost": 1.25,"Plan Rows": 25,"Plan Width": 108,"Actual Startup Time": 0.071,"Actual Total Time": 0.077,"Actual Rows": 25,"Actual Loops": 4,"Workers": []}]}]}]}]}]},"Planning Time": 7.387,"Triggers": [],"Execution Time": 645.928}]
[{"Plan": {"Node Type": "Sort","Parallel Aware": false,"Async Capable": false,"Startup Cost": 132166.82,"Total Cost": 132310.11,"Plan Rows": 57318,"Plan Width": 280,"Actual Startup Time": 590.000,"Actual Total Time": 630.537,"Actual Rows": 37972,"Actual Loops": 1,"Sort Key": ["(sum((lineitem.l_extendedprice * ('1'::numeric - lineitem.l_discount)))) DESC"],"Sort Method": "quicksort","Sort Space Used": 9843,"Sort Space Type": "Memory","Plans": [{"Node Type": "Aggregate","Strategy": "Hashed","Partial Mode": "Simple","Parent Relationship": "Outer","Parallel Aware": false,"Async Capable": false,"Startup Cost": 126920.30,"Total Cost": 127636.77,"Plan Rows": 57318,"Plan Width": 280,"Actual Startup Time": 413.108,"Actual Total Time": 556.129,"Actual Rows": 37972,"Actual Loops": 1,"Group Key": ["customer.c_custkey", "nation.n_name"],"Planned Partitions": 0,"HashAgg Batches": 1,"Peak Memory Usage": 26129,"Disk Usage": 0,"Plans": [{"Node Type": "Gather","Parent Relationship": "Outer","Parallel Aware": false,"Async Capable": false,"Startup Cost": 6798.29,"Total Cost": 126203.82,"Plan Rows": 57318,"Plan Width": 260,"Actual Startup Time": 77.619,"Actual Total Time": 286.194,"Actual Rows": 114459,"Actual Loops": 1,"Workers Planned": 3,"Workers Launched": 3,"Single Copy": false,"Plans": [{"Node Type": "Hash Join","Parent Relationship": "Outer","Parallel Aware": false,"Async Capable": false,"Join Type": "Inner","Startup Cost": 5798.29,"Total Cost": 119472.02,"Plan Rows": 18490,"Plan Width": 260,"Actual Startup Time": 70.122,"Actual Total Time": 358.029,"Actual Rows": 28615,"Actual Loops": 4,"Inner Unique": true,"Hash Cond": "(customer.c_nationkey = nation.n_nationkey)","Workers": [],"Plans": [{"Node Type": "Hash Join","Parent Relationship": "Outer","Parallel Aware": true,"Async Capable": false,"Join Type": "Inner","Startup Cost": 5796.73,"Total Cost": 119413.69,"Plan Rows": 18490,"Plan Width": 160,"Actual Startup Time": 69.815,"Actual Total Time": 349.575,"Actual Rows": 28615,"Actual Loops": 4,"Inner Unique": true,"Hash Cond": "(orders.o_custkey = customer.c_custkey)","Workers": [],"Plans": [{"Node Type": "Nested Loop","Parent Relationship": "Outer","Parallel Aware": false,"Async Capable": false,"Join Type": "Inner","Startup Cost": 805.48,"Total Cost": 114373.91,"Plan Rows": 18490,"Plan Width": 16,"Actual Startup Time": 13.081,"Actual Total Time": 249.954,"Actual Rows": 28615,"Actual Loops": 4,"Inner Unique": false,"Workers": [],"Plans": [{"Node Type": "Bitmap Heap Scan","Parent Relationship": "Outer","Parallel Aware": true,"Async Capable": false,"Relation Name": "orders","Alias": "orders","Startup Cost": 805.05,"Total Cost": 27181.70,"Plan Rows": 18776,"Plan Width": 8,"Actual Startup Time": 13.019,"Actual Total Time": 71.418,"Actual Rows": 14305,"Actual Loops": 4,"Recheck Cond": "((o_orderdate >= '1994-10-01'::date) AND (o_orderdate < '1995-01-01 00:00:00'::timestamp without time zone))","Rows Removed by Index Recheck": 0,"Exact Heap Blocks": 3518,"Lossy Heap Blocks": 0,"Workers": [],"Plans": [{"Node Type": "Bitmap Index Scan","Parent Relationship": "Outer","Parallel Aware": false,"Async Capable": false,"Index Name": "idx_orders_orderdate","Startup Cost": 0.00,"Total Cost": 790.50,"Plan Rows": 58207,"Plan Width": 0,"Actual Startup Time": 9.954,"Actual Total Time": 9.955,"Actual Rows": 57219,"Actual Loops": 1,"Index Cond": "((o_orderdate >= '1994-10-01'::date) AND (o_orderdate < '1995-01-01 00:00:00'::timestamp without time zone))","Workers": []}]},{"Node Type": "Index Scan","Parent Relationship": "Inner","Parallel Aware": false,"Async Capable": false,"Scan Direction": "Forward","Index Name": "idx_lineitem_orderkey","Relation Name": "lineitem","Alias": "lineitem","Startup Cost": 0.43,"Total Cost": 4.60,"Plan Rows": 4,"Plan Width": 16,"Actual Startup Time": 0.010,"Actual Total Time": 0.012,"Actual Rows": 2,"Actual Loops": 57219,"Index Cond": "(l_orderkey = orders.o_orderkey)","Rows Removed by Index Recheck": 0,"Filter": "(l_returnflag = 'R'::bpchar)","Rows Removed by Filter": 2,"Workers": []}]},{"Node Type": "Hash","Parent Relationship": "Inner","Parallel Aware": true,"Async Capable": false,"Startup Cost": 4210.00,"Total Cost": 4210.00,"Plan Rows": 62500,"Plan Width": 148,"Actual Startup Time": 56.184,"Actual Total Time": 56.192,"Actual Rows": 37500,"Actual Loops": 4,"Hash Buckets": 262144,"Original Hash Buckets": 262144,"Hash Batches": 1,"Original Hash Batches": 1,"Peak Memory Usage": 29344,"Workers": [],"Plans": [{"Node Type": "Seq Scan","Parent Relationship": "Outer","Parallel Aware": true,"Async Capable": false,"Relation Name": "customer","Alias": "customer","Startup Cost": 0.00,"Total Cost": 4210.00,"Plan Rows": 62500,"Plan Width": 148,"Actual Startup Time": 0.017,"Actual Total Time": 25.696,"Actual Rows": 37500,"Actual Loops": 4,"Workers": []}]}]},{"Node Type": "Hash","Parent Relationship": "Inner","Parallel Aware": false,"Async Capable": false,"Startup Cost": 1.25,"Total Cost": 1.25,"Plan Rows": 25,"Plan Width": 108,"Actual Startup Time": 0.071,"Actual Total Time": 0.075,"Actual Rows": 25,"Actual Loops": 4,"Hash Buckets": 1024,"Original Hash Buckets": 1024,"Hash Batches": 1,"Original Hash Batches": 1,"Peak Memory Usage": 10,"Workers": [],"Plans": [{"Node Type": "Seq Scan","Parent Relationship": "Outer","Parallel Aware": false,"Async Capable": false,"Relation Name": "nation","Alias": "nation","Startup Cost": 0.00,"Total Cost": 1.25,"Plan Rows": 25,"Plan Width": 108,"Actual Startup Time": 0.050,"Actual Total Time": 0.053,"Actual Rows": 25,"Actual Loops": 4,"Workers": []}]}]}]}]}]},"Planning Time": 7.724,"Triggers": [],"Execution Time": 636.921}]
[{"Plan": {"Node Type": "Sort","Parallel Aware": false,"Async Capable": false,"Startup Cost": 135294.26,"Total Cost": 135443.48,"Plan Rows": 59689,"Plan Width": 280,"Actual Startup Time": 545.457,"Actual Total Time": 585.279,"Actual Rows": 35593,"Actual Loops": 1,"Sort Key": ["(sum((lineitem.l_extendedprice * ('1'::numeric - lineitem.l_discount)))) DESC"],"Sort Method": "quicksort","Sort Space Used": 9317,"Sort Space Type": "Memory","Plans": [{"Node Type": "Aggregate","Strategy": "Hashed","Partial Mode": "Simple","Parent Relationship": "Outer","Parallel Aware": false,"Async Capable": false,"Startup Cost": 129813.27,"Total Cost": 130559.38,"Plan Rows": 59689,"Plan Width": 280,"Actual Startup Time": 389.996,"Actual Total Time": 517.393,"Actual Rows": 35593,"Actual Loops": 1,"Group Key": ["customer.c_custkey", "nation.n_name"],"Planned Partitions": 0,"HashAgg Batches": 1,"Peak Memory Usage": 27665,"Disk Usage": 0,"Plans": [{"Node Type": "Gather","Parent Relationship": "Outer","Parallel Aware": false,"Async Capable": false,"Startup Cost": 6830.97,"Total Cost": 129067.15,"Plan Rows": 59689,"Plan Width": 260,"Actual Startup Time": 76.518,"Actual Total Time": 281.363,"Actual Rows": 94907,"Actual Loops": 1,"Workers Planned": 3,"Workers Launched": 3,"Single Copy": false,"Plans": [{"Node Type": "Hash Join","Parent Relationship": "Outer","Parallel Aware": false,"Async Capable": false,"Join Type": "Inner","Startup Cost": 5830.97,"Total Cost": 122098.25,"Plan Rows": 19255,"Plan Width": 260,"Actual Startup Time": 68.775,"Actual Total Time": 339.806,"Actual Rows": 23727,"Actual Loops": 4,"Inner Unique": true,"Hash Cond": "(customer.c_nationkey = nation.n_nationkey)","Workers": [],"Plans": [{"Node Type": "Hash Join","Parent Relationship": "Outer","Parallel Aware": true,"Async Capable": false,"Join Type": "Inner","Startup Cost": 5829.40,"Total Cost": 122037.58,"Plan Rows": 19255,"Plan Width": 160,"Actual Startup Time": 68.296,"Actual Total Time": 331.130,"Actual Rows": 23727,"Actual Loops": 4,"Inner Unique": true,"Hash Cond": "(orders.o_custkey = customer.c_custkey)","Workers": [],"Plans": [{"Node Type": "Nested Loop","Parent Relationship": "Outer","Parallel Aware": false,"Async Capable": false,"Join Type": "Inner","Startup Cost": 838.15,"Total Cost": 116995.79,"Plan Rows": 19255,"Plan Width": 16,"Actual Startup Time": 13.636,"Actual Total Time": 241.200,"Actual Rows": 23727,"Actual Loops": 4,"Inner Unique": false,"Workers": [],"Plans": [{"Node Type": "Bitmap Heap Scan","Parent Relationship": "Outer","Parallel Aware": true,"Async Capable": false,"Relation Name": "orders","Alias": "orders","Startup Cost": 837.72,"Total Cost": 27226.01,"Plan Rows": 19553,"Plan Width": 8,"Actual Startup Time": 13.552,"Actual Total Time": 68.983,"Actual Rows": 14126,"Actual Loops": 4,"Recheck Cond": "((o_orderdate >= '1995-01-01'::date) AND (o_orderdate < '1995-04-01 00:00:00'::timestamp without time zone))","Rows Removed by Index Recheck": 0,"Exact Heap Blocks": 3623,"Lossy Heap Blocks": 0,"Workers": [],"Plans": [{"Node Type": "Bitmap Index Scan","Parent Relationship": "Outer","Parallel Aware": false,"Async Capable": false,"Index Name": "idx_orders_orderdate","Startup Cost": 0.00,"Total Cost": 822.57,"Plan Rows": 60614,"Plan Width": 0,"Actual Startup Time": 10.475,"Actual Total Time": 10.479,"Actual Rows": 56506,"Actual Loops": 1,"Index Cond": "((o_orderdate >= '1995-01-01'::date) AND (o_orderdate < '1995-04-01 00:00:00'::timestamp without time zone))","Workers": []}]},{"Node Type": "Index Scan","Parent Relationship": "Inner","Parallel Aware": false,"Async Capable": false,"Scan Direction": "Forward","Index Name": "idx_lineitem_orderkey","Relation Name": "lineitem","Alias": "lineitem","Startup Cost": 0.43,"Total Cost": 4.55,"Plan Rows": 4,"Plan Width": 16,"Actual Startup Time": 0.010,"Actual Total Time": 0.012,"Actual Rows": 2,"Actual Loops": 56506,"Index Cond": "(l_orderkey = orders.o_orderkey)","Rows Removed by Index Recheck": 0,"Filter": "(l_returnflag = 'R'::bpchar)","Rows Removed by Filter": 2,"Workers": []}]},{"Node Type": "Hash","Parent Relationship": "Inner","Parallel Aware": true,"Async Capable": false,"Startup Cost": 4210.00,"Total Cost": 4210.00,"Plan Rows": 62500,"Plan Width": 148,"Actual Startup Time": 54.088,"Actual Total Time": 54.097,"Actual Rows": 37500,"Actual Loops": 4,"Hash Buckets": 262144,"Original Hash Buckets": 262144,"Hash Batches": 1,"Original Hash Batches": 1,"Peak Memory Usage": 29312,"Workers": [],"Plans": [{"Node Type": "Seq Scan","Parent Relationship": "Outer","Parallel Aware": true,"Async Capable": false,"Relation Name": "customer","Alias": "customer","Startup Cost": 0.00,"Total Cost": 4210.00,"Plan Rows": 62500,"Plan Width": 148,"Actual Startup Time": 0.033,"Actual Total Time": 23.775,"Actual Rows": 37500,"Actual Loops": 4,"Workers": []}]}]},{"Node Type": "Hash","Parent Relationship": "Inner","Parallel Aware": false,"Async Capable": false,"Startup Cost": 1.25,"Total Cost": 1.25,"Plan Rows": 25,"Plan Width": 108,"Actual Startup Time": 0.094,"Actual Total Time": 0.098,"Actual Rows": 25,"Actual Loops": 4,"Hash Buckets": 1024,"Original Hash Buckets": 1024,"Hash Batches": 1,"Original Hash Batches": 1,"Peak Memory Usage": 10,"Workers": [],"Plans": [{"Node Type": "Seq Scan","Parent Relationship": "Outer","Parallel Aware": false,"Async Capable": false,"Relation Name": "nation","Alias": "nation","Startup Cost": 0.00,"Total Cost": 1.25,"Plan Rows": 25,"Plan Width": 108,"Actual Startup Time": 0.062,"Actual Total Time": 0.068,"Actual Rows": 25,"Actual Loops": 4,"Workers": []}]}]}]}]}]},"Planning Time": 7.620,"Triggers": [],"Execution Time": 593.147}]
[{"Plan": {"Node Type": "Sort","Parallel Aware": false,"Async Capable": false,"Startup Cost": 131080.21,"Total Cost": 131221.46,"Plan Rows": 56499,"Plan Width": 280,"Actual Startup Time": 607.607,"Actual Total Time": 646.377,"Actual Rows": 37607,"Actual Loops": 1,"Sort Key": ["(sum((lineitem.l_extendedprice * ('1'::numeric - lineitem.l_discount)))) DESC"],"Sort Method": "quicksort","Sort Space Used": 9755,"Sort Space Type": "Memory","Plans": [{"Node Type": "Aggregate","Strategy": "Hashed","Partial Mode": "Simple","Parent Relationship": "Outer","Parallel Aware": false,"Async Capable": false,"Startup Cost": 125914.53,"Total Cost": 126620.77,"Plan Rows": 56499,"Plan Width": 280,"Actual Startup Time": 421.745,"Actual Total Time": 572.585,"Actual Rows": 37607,"Actual Loops": 1,"Group Key": ["customer.c_custkey", "nation.n_name"],"Planned Partitions": 0,"HashAgg Batches": 1,"Peak Memory Usage": 26129,"Disk Usage": 0,"Plans": [{"Node Type": "Gather","Parent Relationship": "Outer","Parallel Aware": false,"Async Capable": false,"Startup Cost": 6785.77,"Total Cost": 125208.29,"Plan Rows": 56499,"Plan Width": 260,"Actual Startup Time": 84.737,"Actual Total Time": 294.745,"Actual Rows": 112798,"Actual Loops": 1,"Workers Planned": 3,"Workers Launched": 3,"Single Copy": false,"Plans": [{"Node Type": "Hash Join","Parent Relationship": "Outer","Parallel Aware": false,"Async Capable": false,"Join Type": "Inner","Startup Cost": 5785.77,"Total Cost": 118558.39,"Plan Rows": 18225,"Plan Width": 260,"Actual Startup Time": 77.703,"Actual Total Time": 365.765,"Actual Rows": 28200,"Actual Loops": 4,"Inner Unique": true,"Hash Cond": "(customer.c_nationkey = nation.n_nationkey)","Workers": [],"Plans": [{"Node Type": "Hash Join","Parent Relationship": "Outer","Parallel Aware": true,"Async Capable": false,"Join Type": "Inner","Startup Cost": 5784.20,"Total Cost": 118500.88,"Plan Rows": 18225,"Plan Width": 160,"Actual Startup Time": 77.334,"Actual Total Time": 357.276,"Actual Rows": 28200,"Actual Loops": 4,"Inner Unique": true,"Hash Cond": "(orders.o_custkey = customer.c_custkey)","Workers": [],"Plans": [{"Node Type": "Nested Loop","Parent Relationship": "Outer","Parallel Aware": false,"Async Capable": false,"Join Type": "Inner","Startup Cost": 792.95,"Total Cost": 113461.79,"Plan Rows": 18225,"Plan Width": 16,"Actual Startup Time": 13.152,"Actual Total Time": 254.573,"Actual Rows": 28200,"Actual Loops": 4,"Inner Unique": false,"Workers": [],"Plans": [{"Node Type": "Bitmap Heap Scan","Parent Relationship": "Outer","Parallel Aware": true,"Async Capable": false,"Relation Name": "orders","Alias": "orders","Startup Cost": 792.52,"Total Cost": 27165.14,"Plan Rows": 18508,"Plan Width": 8,"Actual Startup Time": 13.088,"Actual Total Time": 71.143,"Actual Rows": 14087,"Actual Loops": 4,"Recheck Cond": "((o_orderdate >= '1994-01-01'::date) AND (o_orderdate < '1994-04-01 00:00:00'::timestamp without time zone))","Rows Removed by Index Recheck": 0,"Exact Heap Blocks": 3702,"Lossy Heap Blocks": 0,"Workers": [],"Plans": [{"Node Type": "Bitmap Index Scan","Parent Relationship": "Outer","Parallel Aware": false,"Async Capable": false,"Index Name": "idx_orders_orderdate","Startup Cost": 0.00,"Total Cost": 778.18,"Plan Rows": 57375,"Plan Width": 0,"Actual Startup Time": 9.927,"Actual Total Time": 9.934,"Actual Rows": 56349,"Actual Loops": 1,"Index Cond": "((o_orderdate >= '1994-01-01'::date) AND (o_orderdate < '1994-04-01 00:00:00'::timestamp without time zone))","Workers": []}]},{"Node Type": "Index Scan","Parent Relationship": "Inner","Parallel Aware": false,"Async Capable": false,"Scan Direction": "Forward","Index Name": "idx_lineitem_orderkey","Relation Name": "lineitem","Alias": "lineitem","Startup Cost": 0.43,"Total Cost": 4.62,"Plan Rows": 4,"Plan Width": 16,"Actual Startup Time": 0.011,"Actual Total Time": 0.013,"Actual Rows": 2,"Actual Loops": 56349,"Index Cond": "(l_orderkey = orders.o_orderkey)","Rows Removed by Index Recheck": 0,"Filter": "(l_returnflag = 'R'::bpchar)","Rows Removed by Filter": 2,"Workers": []}]},{"Node Type": "Hash","Parent Relationship": "Inner","Parallel Aware": true,"Async Capable": false,"Startup Cost": 4210.00,"Total Cost": 4210.00,"Plan Rows": 62500,"Plan Width": 148,"Actual Startup Time": 63.582,"Actual Total Time": 63.588,"Actual Rows": 37500,"Actual Loops": 4,"Hash Buckets": 262144,"Original Hash Buckets": 262144,"Hash Batches": 1,"Original Hash Batches": 1,"Peak Memory Usage": 29312,"Workers": [],"Plans": [{"Node Type": "Seq Scan","Parent Relationship": "Outer","Parallel Aware": true,"Async Capable": false,"Relation Name": "customer","Alias": "customer","Startup Cost": 0.00,"Total Cost": 4210.00,"Plan Rows": 62500,"Plan Width": 148,"Actual Startup Time": 0.028,"Actual Total Time": 28.690,"Actual Rows": 37500,"Actual Loops": 4,"Workers": []}]}]},{"Node Type": "Hash","Parent Relationship": "Inner","Parallel Aware": false,"Async Capable": false,"Startup Cost": 1.25,"Total Cost": 1.25,"Plan Rows": 25,"Plan Width": 108,"Actual Startup Time": 0.094,"Actual Total Time": 0.100,"Actual Rows": 25,"Actual Loops": 4,"Hash Buckets": 1024,"Original Hash Buckets": 1024,"Hash Batches": 1,"Original Hash Batches": 1,"Peak Memory Usage": 10,"Workers": [],"Plans": [{"Node Type": "Seq Scan","Parent Relationship": "Outer","Parallel Aware": false,"Async Capable": false,"Relation Name": "nation","Alias": "nation","Startup Cost": 0.00,"Total Cost": 1.25,"Plan Rows": 25,"Plan Width": 108,"Actual Startup Time": 0.060,"Actual Total Time": 0.067,"Actual Rows": 25,"Actual Loops": 4,"Workers": []}]}]}]}]}]},"Planning Time": 7.215,"Triggers": [],"Execution Time": 650.753}]
[{"Plan": {"Node Type": "Sort","Parallel Aware": false,"Async Capable": false,"Startup Cost": 127549.79,"Total Cost": 127684.44,"Plan Rows": 53858,"Plan Width": 280,"Actual Startup Time": 605.399,"Actual Total Time": 645.666,"Actual Rows": 37880,"Actual Loops": 1,"Sort Key": ["(sum((lineitem.l_extendedprice * ('1'::numeric - lineitem.l_discount)))) DESC"],"Sort Method": "quicksort","Sort Space Used": 9830,"Sort Space Type": "Memory","Plans": [{"Node Type": "Aggregate","Strategy": "Hashed","Partial Mode": "Simple","Parent Relationship": "Outer","Parallel Aware": false,"Async Capable": false,"Startup Cost": 122644.17,"Total Cost": 123317.39,"Plan Rows": 53858,"Plan Width": 280,"Actual Startup Time": 424.771,"Actual Total Time": 574.608,"Actual Rows": 37880,"Actual Loops": 1,"Group Key": ["customer.c_custkey", "nation.n_name"],"Planned Partitions": 0,"HashAgg Batches": 1,"Peak Memory Usage": 26129,"Disk Usage": 0,"Plans": [{"Node Type": "Gather","Parent Relationship": "Outer","Parallel Aware": false,"Async Capable": false,"Startup Cost": 6750.28,"Total Cost": 121970.94,"Plan Rows": 53858,"Plan Width": 260,"Actual Startup Time": 85.178,"Actual Total Time": 295.165,"Actual Rows": 114508,"Actual Loops": 1,"Workers Planned": 3,"Workers Launched": 3,"Single Copy": false,"Plans": [{"Node Type": "Hash Join","Parent Relationship": "Outer","Parallel Aware": false,"Async Capable": false,"Join Type": "Inner","Startup Cost": 5750.28,"Total Cost": 115585.14,"Plan Rows": 17374,"Plan Width": 260,"Actual Startup Time": 78.100,"Actual Total Time": 368.715,"Actual Rows": 28627,"Actual Loops": 4,"Inner Unique": true,"Hash Cond": "(customer.c_nationkey = nation.n_nationkey)","Workers": [],"Plans": [{"Node Type": "Hash Join","Parent Relationship": "Outer","Parallel Aware": true,"Async Capable": false,"Join Type": "Inner","Startup Cost": 5748.71,"Total Cost": 115530.24,"Plan Rows": 17374,"Plan Width": 160,"Actual Startup Time": 77.678,"Actual Total Time": 360.085,"Actual Rows": 28627,"Actual Loops": 4,"Inner Unique": true,"Hash Cond": "(orders.o_custkey = customer.c_custkey)","Workers": [],"Plans": [{"Node Type": "Nested Loop","Parent Relationship": "Outer","Parallel Aware": false,"Async Capable": false,"Join Type": "Inner","Startup Cost": 757.46,"Total Cost": 110493.39,"Plan Rows": 17374,"Plan Width": 16,"Actual Startup Time": 13.130,"Actual Total Time": 256.172,"Actual Rows": 28627,"Actual Loops": 4,"Inner Unique": false,"Workers": [],"Plans": [{"Node Type": "Bitmap Heap Scan","Parent Relationship": "Outer","Parallel Aware": true,"Async Capable": false,"Relation Name": "orders","Alias": "orders","Startup Cost": 757.03,"Total Cost": 27116.67,"Plan Rows": 17643,"Plan Width": 8,"Actual Startup Time": 13.063,"Actual Total Time": 71.665,"Actual Rows": 14273,"Actual Loops": 4,"Recheck Cond": "((o_orderdate >= '1993-05-01'::date) AND (o_orderdate < '1993-08-01 00:00:00'::timestamp without time zone))","Rows Removed by Index Recheck": 0,"Exact Heap Blocks": 3695,"Lossy Heap Blocks": 0,"Workers": [],"Plans": [{"Node Type": "Bitmap Index Scan","Parent Relationship": "Outer","Parallel Aware": false,"Async Capable": false,"Index Name": "idx_orders_orderdate","Startup Cost": 0.00,"Total Cost": 743.36,"Plan Rows": 54693,"Plan Width": 0,"Actual Startup Time": 9.957,"Actual Total Time": 9.964,"Actual Rows": 57093,"Actual Loops": 1,"Index Cond": "((o_orderdate >= '1993-05-01'::date) AND (o_orderdate < '1993-08-01 00:00:00'::timestamp without time zone))","Workers": []}]},{"Node Type": "Index Scan","Parent Relationship": "Inner","Parallel Aware": false,"Async Capable": false,"Scan Direction": "Forward","Index Name": "idx_lineitem_orderkey","Relation Name": "lineitem","Alias": "lineitem","Startup Cost": 0.43,"Total Cost": 4.69,"Plan Rows": 4,"Plan Width": 16,"Actual Startup Time": 0.011,"Actual Total Time": 0.013,"Actual Rows": 2,"Actual Loops": 57093,"Index Cond": "(l_orderkey = orders.o_orderkey)","Rows Removed by Index Recheck": 0,"Filter": "(l_returnflag = 'R'::bpchar)","Rows Removed by Filter": 2,"Workers": []}]},{"Node Type": "Hash","Parent Relationship": "Inner","Parallel Aware": true,"Async Capable": false,"Startup Cost": 4210.00,"Total Cost": 4210.00,"Plan Rows": 62500,"Plan Width": 148,"Actual Startup Time": 63.988,"Actual Total Time": 63.994,"Actual Rows": 37500,"Actual Loops": 4,"Hash Buckets": 262144,"Original Hash Buckets": 262144,"Hash Batches": 1,"Original Hash Batches": 1,"Peak Memory Usage": 29344,"Workers": [],"Plans": [{"Node Type": "Seq Scan","Parent Relationship": "Outer","Parallel Aware": true,"Async Capable": false,"Relation Name": "customer","Alias": "customer","Startup Cost": 0.00,"Total Cost": 4210.00,"Plan Rows": 62500,"Plan Width": 148,"Actual Startup Time": 0.034,"Actual Total Time": 28.777,"Actual Rows": 37500,"Actual Loops": 4,"Workers": []}]}]},{"Node Type": "Hash","Parent Relationship": "Inner","Parallel Aware": false,"Async Capable": false,"Startup Cost": 1.25,"Total Cost": 1.25,"Plan Rows": 25,"Plan Width": 108,"Actual Startup Time": 0.078,"Actual Total Time": 0.083,"Actual Rows": 25,"Actual Loops": 4,"Hash Buckets": 1024,"Original Hash Buckets": 1024,"Hash Batches": 1,"Original Hash Batches": 1,"Peak Memory Usage": 10,"Workers": [],"Plans": [{"Node Type": "Seq Scan","Parent Relationship": "Outer","Parallel Aware": false,"Async Capable": false,"Relation Name": "nation","Alias": "nation","Startup Cost": 0.00,"Total Cost": 1.25,"Plan Rows": 25,"Plan Width": 108,"Actual Startup Time": 0.048,"Actual Total Time": 0.055,"Actual Rows": 25,"Actual Loops": 4,"Workers": []}]}]}]}]}]},"Planning Time": 7.141,"Triggers": [],"Execution Time": 649.992}]
[{"Plan": {"Node Type": "Sort","Parallel Aware": false,"Async Capable": false,"Startup Cost": 130809.03,"Total Cost": 130949.76,"Plan Rows": 56293,"Plan Width": 280,"Actual Startup Time": 582.640,"Actual Total Time": 623.609,"Actual Rows": 37618,"Actual Loops": 1,"Sort Key": ["(sum((lineitem.l_extendedprice * ('1'::numeric - lineitem.l_discount)))) DESC"],"Sort Method": "quicksort","Sort Space Used": 9764,"Sort Space Type": "Memory","Plans": [{"Node Type": "Aggregate","Strategy": "Hashed","Partial Mode": "Simple","Parent Relationship": "Outer","Parallel Aware": false,"Async Capable": false,"Startup Cost": 125663.66,"Total Cost": 126367.32,"Plan Rows": 56293,"Plan Width": 280,"Actual Startup Time": 404.905,"Actual Total Time": 550.580,"Actual Rows": 37618,"Actual Loops": 1,"Group Key": ["customer.c_custkey", "nation.n_name"],"Planned Partitions": 0,"HashAgg Batches": 1,"Peak Memory Usage": 26129,"Disk Usage": 0,"Plans": [{"Node Type": "Gather","Parent Relationship": "Outer","Parallel Aware": false,"Async Capable": false,"Startup Cost": 6783.62,"Total Cost": 124960.00,"Plan Rows": 56293,"Plan Width": 260,"Actual Startup Time": 77.508,"Actual Total Time": 283.856,"Actual Rows": 113037,"Actual Loops": 1,"Workers Planned": 3,"Workers Launched": 3,"Single Copy": false,"Plans": [{"Node Type": "Hash Join","Parent Relationship": "Outer","Parallel Aware": false,"Async Capable": false,"Join Type": "Inner","Startup Cost": 5783.62,"Total Cost": 118330.70,"Plan Rows": 18159,"Plan Width": 260,"Actual Startup Time": 69.943,"Actual Total Time": 350.172,"Actual Rows": 28259,"Actual Loops": 4,"Inner Unique": true,"Hash Cond": "(customer.c_nationkey = nation.n_nationkey)","Workers": [],"Plans": [{"Node Type": "Hash Join","Parent Relationship": "Outer","Parallel Aware": true,"Async Capable": false,"Join Type": "Inner","Startup Cost": 5782.06,"Total Cost": 118273.39,"Plan Rows": 18159,"Plan Width": 160,"Actual Startup Time": 69.505,"Actual Total Time": 341.161,"Actual Rows": 28259,"Actual Loops": 4,"Inner Unique": true,"Hash Cond": "(orders.o_custkey = customer.c_custkey)","Workers": [],"Plans": [{"Node Type": "Nested Loop","Parent Relationship": "Outer","Parallel Aware": false,"Async Capable": false,"Join Type": "Inner","Startup Cost": 790.81,"Total Cost": 113234.47,"Plan Rows": 18159,"Plan Width": 16,"Actual Startup Time": 13.628,"Actual Total Time": 244.904,"Actual Rows": 28259,"Actual Loops": 4,"Inner Unique": false,"Workers": [],"Plans": [{"Node Type": "Bitmap Heap Scan","Parent Relationship": "Outer","Parallel Aware": true,"Async Capable": false,"Relation Name": "orders","Alias": "orders","Startup Cost": 790.38,"Total Cost": 27161.99,"Plan Rows": 18441,"Plan Width": 8,"Actual Startup Time": 13.544,"Actual Total Time": 67.991,"Actual Rows": 14129,"Actual Loops": 4,"Recheck Cond": "((o_orderdate >= '1994-09-01'::date) AND (o_orderdate < '1994-12-01 00:00:00'::timestamp without time zone))","Rows Removed by Index Recheck": 0,"Exact Heap Blocks": 3515,"Lossy Heap Blocks": 0,"Workers": [],"Plans": [{"Node Type": "Bitmap Index Scan","Parent Relationship": "Outer","Parallel Aware": false,"Async Capable": false,"Index Name": "idx_orders_orderdate","Startup Cost": 0.00,"Total Cost": 776.09,"Plan Rows": 57166,"Plan Width": 0,"Actual Startup Time": 10.241,"Actual Total Time": 10.248,"Actual Rows": 56516,"Actual Loops": 1,"Index Cond": "((o_orderdate >= '1994-09-01'::date) AND (o_orderdate < '1994-12-01 00:00:00'::timestamp without time zone))","Workers": []}]},{"Node Type": "Index Scan","Parent Relationship": "Inner","Parallel Aware": false,"Async Capable": false,"Scan Direction": "Forward","Index Name": "idx_lineitem_orderkey","Relation Name": "lineitem","Alias": "lineitem","Startup Cost": 0.43,"Total Cost": 4.63,"Plan Rows": 4,"Plan Width": 16,"Actual Startup Time": 0.010,"Actual Total Time": 0.012,"Actual Rows": 2,"Actual Loops": 56516,"Index Cond": "(l_orderkey = orders.o_orderkey)","Rows Removed by Index Recheck": 0,"Filter": "(l_returnflag = 'R'::bpchar)","Rows Removed by Filter": 2,"Workers": []}]},{"Node Type": "Hash","Parent Relationship": "Inner","Parallel Aware": true,"Async Capable": false,"Startup Cost": 4210.00,"Total Cost": 4210.00,"Plan Rows": 62500,"Plan Width": 148,"Actual Startup Time": 55.246,"Actual Total Time": 55.254,"Actual Rows": 37500,"Actual Loops": 4,"Hash Buckets": 262144,"Original Hash Buckets": 262144,"Hash Batches": 1,"Original Hash Batches": 1,"Peak Memory Usage": 29280,"Workers": [],"Plans": [{"Node Type": "Seq Scan","Parent Relationship": "Outer","Parallel Aware": true,"Async Capable": false,"Relation Name": "customer","Alias": "customer","Startup Cost": 0.00,"Total Cost": 4210.00,"Plan Rows": 62500,"Plan Width": 148,"Actual Startup Time": 0.029,"Actual Total Time": 24.927,"Actual Rows": 37500,"Actual Loops": 4,"Workers": []}]}]},{"Node Type": "Hash","Parent Relationship": "Inner","Parallel Aware": false,"Async Capable": false,"Startup Cost": 1.25,"Total Cost": 1.25,"Plan Rows": 25,"Plan Width": 108,"Actual Startup Time": 0.092,"Actual Total Time": 0.096,"Actual Rows": 25,"Actual Loops": 4,"Hash Buckets": 1024,"Original Hash Buckets": 1024,"Hash Batches": 1,"Original Hash Batches": 1,"Peak Memory Usage": 10,"Workers": [],"Plans": [{"Node Type": "Seq Scan","Parent Relationship": "Outer","Parallel Aware": false,"Async Capable": false,"Relation Name": "nation","Alias": "nation","Startup Cost": 0.00,"Total Cost": 1.25,"Plan Rows": 25,"Plan Width": 108,"Actual Startup Time": 0.062,"Actual Total Time": 0.068,"Actual Rows": 25,"Actual Loops": 4,"Workers": []}]}]}]}]}]},"Planning Time": 5.868,"Triggers": [],"Execution Time": 629.137}]
[{"Plan": {"Node Type": "Sort","Parallel Aware": false,"Async Capable": false,"Startup Cost": 130809.03,"Total Cost": 130949.76,"Plan Rows": 56293,"Plan Width": 280,"Actual Startup Time": 582.640,"Actual Total Time": 623.609,"Actual Rows": 37618,"Actual Loops": 1,"Sort Key": ["(sum((lineitem.l_extendedprice * ('1'::numeric - lineitem.l_discount)))) DESC"],"Sort Method": "quicksort","Sort Space Used": 9764,"Sort Space Type": "Memory","Plans": [{"Node Type": "Aggregate","Strategy": "Hashed","Partial Mode": "Simple","Parent Relationship": "Outer","Parallel Aware": false,"Async Capable": false,"Startup Cost": 125663.66,"Total Cost": 126367.32,"Plan Rows": 56293,"Plan Width": 280,"Actual Startup Time": 404.905,"Actual Total Time": 550.580,"Actual Rows": 37618,"Actual Loops": 1,"Group Key": ["customer.c_custkey", "nation.n_name"],"Planned Partitions": 0,"HashAgg Batches": 1,"Peak Memory Usage": 26129,"Disk Usage": 0,"Plans": [{"Node Type": "Gather","Parent Relationship": "Outer","Parallel Aware": false,"Async Capable": false,"Startup Cost": 6783.62,"Total Cost": 124960.00,"Plan Rows": 56293,"Plan Width": 260,"Actual Startup Time": 77.508,"Actual Total Time": 283.856,"Actual Rows": 113037,"Actual Loops": 1,"Workers Planned": 3,"Workers Launched": 3,"Single Copy": false,"Plans": [{"Node Type": "Hash Join","Parent Relationship": "Outer","Parallel Aware": false,"Async Capable": false,"Join Type": "Inner","Startup Cost": 5783.62,"Total Cost": 118330.70,"Plan Rows": 18159,"Plan Width": 260,"Actual Startup Time": 69.943,"Actual Total Time": 350.172,"Actual Rows": 28259,"Actual Loops": 4,"Inner Unique": true,"Hash Cond": "(customer.c_nationkey = nation.n_nationkey)","Workers": [],"Plans": [{"Node Type": "Hash Join","Parent Relationship": "Outer","Parallel Aware": true,"Async Capable": false,"Join Type": "Inner","Startup Cost": 5782.06,"Total Cost": 118273.39,"Plan Rows": 18159,"Plan Width": 160,"Actual Startup Time": 69.505,"Actual Total Time": 341.161,"Actual Rows": 28259,"Actual Loops": 4,"Inner Unique": true,"Hash Cond": "(orders.o_custkey = customer.c_custkey)","Workers": [],"Plans": [{"Node Type": "Nested Loop","Parent Relationship": "Outer","Parallel Aware": false,"Async Capable": false,"Join Type": "Inner","Startup Cost": 790.81,"Total Cost": 113234.47,"Plan Rows": 18159,"Plan Width": 16,"Actual Startup Time": 13.628,"Actual Total Time": 244.904,"Actual Rows": 28259,"Actual Loops": 4,"Inner Unique": false,"Workers": [],"Plans": [{"Node Type": "Bitmap Heap Scan","Parent Relationship": "Outer","Parallel Aware": true,"Async Capable": false,"Relation Name": "orders","Alias": "orders","Startup Cost": 790.38,"Total Cost": 27161.99,"Plan Rows": 18441,"Plan Width": 8,"Actual Startup Time": 13.544,"Actual Total Time": 67.991,"Actual Rows": 14129,"Actual Loops": 4,"Recheck Cond": "((o_orderdate >= '1994-09-01'::date) AND (o_orderdate < '1994-12-01 00:00:00'::timestamp without time zone))","Rows Removed by Index Recheck": 0,"Exact Heap Blocks": 3515,"Lossy Heap Blocks": 0,"Workers": [],"Plans": [{"Node Type": "Bitmap Index Scan","Parent Relationship": "Outer","Parallel Aware": false,"Async Capable": false,"Index Name": "idx_orders_orderdate","Startup Cost": 0.00,"Total Cost": 776.09,"Plan Rows": 57166,"Plan Width": 0,"Actual Startup Time": 10.241,"Actual Total Time": 10.248,"Actual Rows": 56516,"Actual Loops": 1,"Index Cond": "((o_orderdate >= '1994-09-01'::date) AND (o_orderdate < '1994-12-01 00:00:00'::timestamp without time zone))","Workers": []}]},{"Node Type": "Index Scan","Parent Relationship": "Inner","Parallel Aware": false,"Async Capable": false,"Scan Direction": "Forward","Index Name": "idx_lineitem_orderkey","Relation Name": "lineitem","Alias": "lineitem","Startup Cost": 0.43,"Total Cost": 4.63,"Plan Rows": 4,"Plan Width": 16,"Actual Startup Time": 0.010,"Actual Total Time": 0.012,"Actual Rows": 2,"Actual Loops": 56516,"Index Cond": "(l_orderkey = orders.o_orderkey)","Rows Removed by Index Recheck": 0,"Filter": "(l_returnflag = 'R'::bpchar)","Rows Removed by Filter": 2,"Workers": []}]},{"Node Type": "Hash","Parent Relationship": "Inner","Parallel Aware": true,"Async Capable": false,"Startup Cost": 4210.00,"Total Cost": 4210.00,"Plan Rows": 62500,"Plan Width": 148,"Actual Startup Time": 55.246,"Actual Total Time": 55.254,"Actual Rows": 37500,"Actual Loops": 4,"Hash Buckets": 262144,"Original Hash Buckets": 262144,"Hash Batches": 1,"Original Hash Batches": 1,"Peak Memory Usage": 29280,"Workers": [],"Plans": [{"Node Type": "Seq Scan","Parent Relationship": "Outer","Parallel Aware": true,"Async Capable": false,"Relation Name": "customer","Alias": "customer","Startup Cost": 0.00,"Total Cost": 4210.00,"Plan Rows": 62500,"Plan Width": 148,"Actual Startup Time": 0.029,"Actual Total Time": 24.927,"Actual Rows": 37500,"Actual Loops": 4,"Workers": []}]}]},{"Node Type": "Hash","Parent Relationship": "Inner","Parallel Aware": false,"Async Capable": false,"Startup Cost": 1.25,"Total Cost": 1.25,"Plan Rows": 25,"Plan Width": 108,"Actual Startup Time": 0.092,"Actual Total Time": 0.096,"Actual Rows": 25,"Actual Loops": 4,"Hash Buckets": 1024,"Original Hash Buckets": 1024,"Hash Batches": 1,"Original Hash Batches": 1,"Peak Memory Usage": 10,"Workers": [],"Plans": [{"Node Type": "Seq Scan","Parent Relationship": "Outer","Parallel Aware": false,"Async Capable": false,"Relation Name": "nation","Alias": "nation","Startup Cost": 0.00,"Total Cost": 1.25,"Plan Rows": 25,"Plan Width": 108,"Actual Startup Time": 0.062,"Actual Total Time": 0.068,"Actual Rows": 25,"Actual Loops": 4,"Workers": []}]}]}]}]}]},"Planning Time": 5.868,"Triggers": [],"Execution Time": 629.137}]
[{"Plan": {"Node Type": "Sort","Parallel Aware": false,"Async Capable": false,"Startup Cost": 130310.74,"Total Cost": 130450.54,"Plan Rows": 55918,"Plan Width": 280,"Actual Startup Time": 603.874,"Actual Total Time": 643.975,"Actual Rows": 37728,"Actual Loops": 1,"Sort Key": ["(sum((lineitem.l_extendedprice * ('1'::numeric - lineitem.l_discount)))) DESC"],"Sort Method": "quicksort","Sort Space Used": 9784,"Sort Space Type": "Memory","Plans": [{"Node Type": "Aggregate","Strategy": "Hashed","Partial Mode": "Simple","Parent Relationship": "Outer","Parallel Aware": false,"Async Capable": false,"Startup Cost": 125202.34,"Total Cost": 125901.32,"Plan Rows": 55918,"Plan Width": 280,"Actual Startup Time": 420.772,"Actual Total Time": 572.027,"Actual Rows": 37728,"Actual Loops": 1,"Group Key": ["customer.c_custkey", "nation.n_name"],"Planned Partitions": 0,"HashAgg Batches": 1,"Peak Memory Usage": 26129,"Disk Usage": 0,"Plans": [{"Node Type": "Gather","Parent Relationship": "Outer","Parallel Aware": false,"Async Capable": false,"Startup Cost": 6779.72,"Total Cost": 124503.37,"Plan Rows": 55918,"Plan Width": 260,"Actual Startup Time": 83.828,"Actual Total Time": 288.561,"Actual Rows": 114106,"Actual Loops": 1,"Workers Planned": 3,"Workers Launched": 3,"Single Copy": false,"Plans": [{"Node Type": "Hash Join","Parent Relationship": "Outer","Parallel Aware": false,"Async Capable": false,"Join Type": "Inner","Startup Cost": 5779.72,"Total Cost": 117911.57,"Plan Rows": 18038,"Plan Width": 260,"Actual Startup Time": 76.669,"Actual Total Time": 363.746,"Actual Rows": 28526,"Actual Loops": 4,"Inner Unique": true,"Hash Cond": "(customer.c_nationkey = nation.n_nationkey)","Workers": [],"Plans": [{"Node Type": "Hash Join","Parent Relationship": "Outer","Parallel Aware": true,"Async Capable": false,"Join Type": "Inner","Startup Cost": 5778.16,"Total Cost": 117854.62,"Plan Rows": 18038,"Plan Width": 160,"Actual Startup Time": 76.278,"Actual Total Time": 354.947,"Actual Rows": 28526,"Actual Loops": 4,"Inner Unique": true,"Hash Cond": "(orders.o_custkey = customer.c_custkey)","Workers": [],"Plans": [{"Node Type": "Nested Loop","Parent Relationship": "Outer","Parallel Aware": false,"Async Capable": false,"Join Type": "Inner","Startup Cost": 786.91,"Total Cost": 112816.03,"Plan Rows": 18038,"Plan Width": 16,"Actual Startup Time": 13.309,"Actual Total Time": 250.189,"Actual Rows": 28526,"Actual Loops": 4,"Inner Unique": false,"Workers": [],"Plans": [{"Node Type": "Bitmap Heap Scan","Parent Relationship": "Outer","Parallel Aware": true,"Async Capable": false,"Relation Name": "orders","Alias": "orders","Startup Cost": 786.47,"Total Cost": 27156.24,"Plan Rows": 18318,"Plan Width": 8,"Actual Startup Time": 13.234,"Actual Total Time": 69.997,"Actual Rows": 14148,"Actual Loops": 4,"Recheck Cond": "((o_orderdate >= '1993-09-01'::date) AND (o_orderdate < '1993-12-01 00:00:00'::timestamp without time zone))","Rows Removed by Index Recheck": 0,"Exact Heap Blocks": 3617,"Lossy Heap Blocks": 0,"Workers": [],"Plans": [{"Node Type": "Bitmap Index Scan","Parent Relationship": "Outer","Parallel Aware": false,"Async Capable": false,"Index Name": "idx_orders_orderdate","Startup Cost": 0.00,"Total Cost": 772.28,"Plan Rows": 56785,"Plan Width": 0,"Actual Startup Time": 10.161,"Actual Total Time": 10.165,"Actual Rows": 56592,"Actual Loops": 1,"Index Cond": "((o_orderdate >= '1993-09-01'::date) AND (o_orderdate < '1993-12-01 00:00:00'::timestamp without time zone))","Workers": []}]},{"Node Type": "Index Scan","Parent Relationship": "Inner","Parallel Aware": false,"Async Capable": false,"Scan Direction": "Forward","Index Name": "idx_lineitem_orderkey","Relation Name": "lineitem","Alias": "lineitem","Startup Cost": 0.43,"Total Cost": 4.64,"Plan Rows": 4,"Plan Width": 16,"Actual Startup Time": 0.010,"Actual Total Time": 0.012,"Actual Rows": 2,"Actual Loops": 56592,"Index Cond": "(l_orderkey = orders.o_orderkey)","Rows Removed by Index Recheck": 0,"Filter": "(l_returnflag = 'R'::bpchar)","Rows Removed by Filter": 2,"Workers": []}]},{"Node Type": "Hash","Parent Relationship": "Inner","Parallel Aware": true,"Async Capable": false,"Startup Cost": 4210.00,"Total Cost": 4210.00,"Plan Rows": 62500,"Plan Width": 148,"Actual Startup Time": 62.426,"Actual Total Time": 62.432,"Actual Rows": 37500,"Actual Loops": 4,"Hash Buckets": 262144,"Original Hash Buckets": 262144,"Hash Batches": 1,"Original Hash Batches": 1,"Peak Memory Usage": 29312,"Workers": [],"Plans": [{"Node Type": "Seq Scan","Parent Relationship": "Outer","Parallel Aware": true,"Async Capable": false,"Relation Name": "customer","Alias": "customer","Startup Cost": 0.00,"Total Cost": 4210.00,"Plan Rows": 62500,"Plan Width": 148,"Actual Startup Time": 0.023,"Actual Total Time": 26.530,"Actual Rows": 37500,"Actual Loops": 4,"Workers": []}]}]},{"Node Type": "Hash","Parent Relationship": "Inner","Parallel Aware": false,"Async Capable": false,"Startup Cost": 1.25,"Total Cost": 1.25,"Plan Rows": 25,"Plan Width": 108,"Actual Startup Time": 0.095,"Actual Total Time": 0.100,"Actual Rows": 25,"Actual Loops": 4,"Hash Buckets": 1024,"Original Hash Buckets": 1024,"Hash Batches": 1,"Original Hash Batches": 1,"Peak Memory Usage": 10,"Workers": [],"Plans": [{"Node Type": "Seq Scan","Parent Relationship": "Outer","Parallel Aware": false,"Async Capable": false,"Relation Name": "nation","Alias": "nation","Startup Cost": 0.00,"Total Cost": 1.25,"Plan Rows": 25,"Plan Width": 108,"Actual Startup Time": 0.059,"Actual Total Time": 0.065,"Actual Rows": 25,"Actual Loops": 4,"Workers": []}]}]}]}]}]},"Planning Time": 7.546,"Triggers": [],"Execution Time": 648.224}]
[{"Plan": {"Node Type": "Sort","Parallel Aware": false,"Async Capable": false,"Startup Cost": 132582.38,"Total Cost": 132726.46,"Plan Rows": 57631,"Plan Width": 280,"Actual Startup Time": 594.605,"Actual Total Time": 635.479,"Actual Rows": 38076,"Actual Loops": 1,"Sort Key": ["(sum((lineitem.l_extendedprice * ('1'::numeric - lineitem.l_discount)))) DESC"],"Sort Method": "quicksort","Sort Space Used": 9866,"Sort Space Type": "Memory","Plans": [{"Node Type": "Aggregate","Strategy": "Hashed","Partial Mode": "Simple","Parent Relationship": "Outer","Parallel Aware": false,"Async Capable": false,"Startup Cost": 127304.95,"Total Cost": 128025.33,"Plan Rows": 57631,"Plan Width": 280,"Actual Startup Time": 413.856,"Actual Total Time": 559.474,"Actual Rows": 38076,"Actual Loops": 1,"Group Key": ["customer.c_custkey", "nation.n_name"],"Planned Partitions": 0,"HashAgg Batches": 1,"Peak Memory Usage": 26129,"Disk Usage": 0,"Plans": [{"Node Type": "Gather","Parent Relationship": "Outer","Parallel Aware": false,"Async Capable": false,"Startup Cost": 6801.55,"Total Cost": 126584.56,"Plan Rows": 57631,"Plan Width": 260,"Actual Startup Time": 77.339,"Actual Total Time": 288.422,"Actual Rows": 114347,"Actual Loops": 1,"Workers Planned": 3,"Workers Launched": 3,"Single Copy": false,"Plans": [{"Node Type": "Hash Join","Parent Relationship": "Outer","Parallel Aware": false,"Async Capable": false,"Join Type": "Inner","Startup Cost": 5801.55,"Total Cost": 119821.46,"Plan Rows": 18591,"Plan Width": 260,"Actual Startup Time": 69.518,"Actual Total Time": 357.514,"Actual Rows": 28587,"Actual Loops": 4,"Inner Unique": true,"Hash Cond": "(customer.c_nationkey = nation.n_nationkey)","Workers": [],"Plans": [{"Node Type": "Hash Join","Parent Relationship": "Outer","Parallel Aware": true,"Async Capable": false,"Join Type": "Inner","Startup Cost": 5799.99,"Total Cost": 119762.82,"Plan Rows": 18591,"Plan Width": 160,"Actual Startup Time": 69.031,"Actual Total Time": 348.106,"Actual Rows": 28587,"Actual Loops": 4,"Inner Unique": true,"Hash Cond": "(orders.o_custkey = customer.c_custkey)","Workers": [],"Plans": [{"Node Type": "Nested Loop","Parent Relationship": "Outer","Parallel Aware": false,"Async Capable": false,"Join Type": "Inner","Startup Cost": 808.74,"Total Cost": 114722.77,"Plan Rows": 18591,"Plan Width": 16,"Actual Startup Time": 13.204,"Actual Total Time": 250.327,"Actual Rows": 28587,"Actual Loops": 4,"Inner Unique": false,"Workers": [],"Plans": [{"Node Type": "Bitmap Heap Scan","Parent Relationship": "Outer","Parallel Aware": true,"Async Capable": false,"Relation Name": "orders","Alias": "orders","Startup Cost": 808.31,"Total Cost": 27186.49,"Plan Rows": 18879,"Plan Width": 8,"Actual Startup Time": 13.115,"Actual Total Time": 71.395,"Actual Rows": 14278,"Actual Loops": 4,"Recheck Cond": "((o_orderdate >= '1994-08-01'::date) AND (o_orderdate < '1994-11-01 00:00:00'::timestamp without time zone))","Rows Removed by Index Recheck": 0,"Exact Heap Blocks": 3565,"Lossy Heap Blocks": 0,"Workers": [],"Plans": [{"Node Type": "Bitmap Index Scan","Parent Relationship": "Outer","Parallel Aware": false,"Async Capable": false,"Index Name": "idx_orders_orderdate","Startup Cost": 0.00,"Total Cost": 793.68,"Plan Rows": 58525,"Plan Width": 0,"Actual Startup Time": 9.999,"Actual Total Time": 10.002,"Actual Rows": 57111,"Actual Loops": 1,"Index Cond": "((o_orderdate >= '1994-08-01'::date) AND (o_orderdate < '1994-11-01 00:00:00'::timestamp without time zone))","Workers": []}]},{"Node Type": "Index Scan","Parent Relationship": "Inner","Parallel Aware": false,"Async Capable": false,"Scan Direction": "Forward","Index Name": "idx_lineitem_orderkey","Relation Name": "lineitem","Alias": "lineitem","Startup Cost": 0.43,"Total Cost": 4.60,"Plan Rows": 4,"Plan Width": 16,"Actual Startup Time": 0.010,"Actual Total Time": 0.012,"Actual Rows": 2,"Actual Loops": 57111,"Index Cond": "(l_orderkey = orders.o_orderkey)","Rows Removed by Index Recheck": 0,"Filter": "(l_returnflag = 'R'::bpchar)","Rows Removed by Filter": 2,"Workers": []}]},{"Node Type": "Hash","Parent Relationship": "Inner","Parallel Aware": true,"Async Capable": false,"Startup Cost": 4210.00,"Total Cost": 4210.00,"Plan Rows": 62500,"Plan Width": 148,"Actual Startup Time": 55.208,"Actual Total Time": 55.214,"Actual Rows": 37500,"Actual Loops": 4,"Hash Buckets": 262144,"Original Hash Buckets": 262144,"Hash Batches": 1,"Original Hash Batches": 1,"Peak Memory Usage": 29312,"Workers": [],"Plans": [{"Node Type": "Seq Scan","Parent Relationship": "Outer","Parallel Aware": true,"Async Capable": false,"Relation Name": "customer","Alias": "customer","Startup Cost": 0.00,"Total Cost": 4210.00,"Plan Rows": 62500,"Plan Width": 148,"Actual Startup Time": 0.029,"Actual Total Time": 24.765,"Actual Rows": 37500,"Actual Loops": 4,"Workers": []}]}]},{"Node Type": "Hash","Parent Relationship": "Inner","Parallel Aware": false,"Async Capable": false,"Startup Cost": 1.25,"Total Cost": 1.25,"Plan Rows": 25,"Plan Width": 108,"Actual Startup Time": 0.096,"Actual Total Time": 0.101,"Actual Rows": 25,"Actual Loops": 4,"Hash Buckets": 1024,"Original Hash Buckets": 1024,"Hash Batches": 1,"Original Hash Batches": 1,"Peak Memory Usage": 10,"Workers": [],"Plans": [{"Node Type": "Seq Scan","Parent Relationship": "Outer","Parallel Aware": false,"Async Capable": false,"Relation Name": "nation","Alias": "nation","Startup Cost": 0.00,"Total Cost": 1.25,"Plan Rows": 25,"Plan Width": 108,"Actual Startup Time": 0.058,"Actual Total Time": 0.064,"Actual Rows": 25,"Actual Loops": 4,"Workers": []}]}]}]}]}]},"Planning Time": 6.903,"Triggers": [],"Execution Time": 641.389}]
[{"Plan": {"Node Type": "Sort","Parallel Aware": false,"Async Capable": false,"Startup Cost": 132260.34,"Total Cost": 132403.81,"Plan Rows": 57388,"Plan Width": 280,"Actual Startup Time": 619.828,"Actual Total Time": 659.334,"Actual Rows": 38182,"Actual Loops": 1,"Sort Key": ["(sum((lineitem.l_extendedprice * ('1'::numeric - lineitem.l_discount)))) DESC"],"Sort Method": "quicksort","Sort Space Used": 9879,"Sort Space Type": "Memory","Plans": [{"Node Type": "Aggregate","Strategy": "Hashed","Partial Mode": "Simple","Parent Relationship": "Outer","Parallel Aware": false,"Async Capable": false,"Startup Cost": 127006.91,"Total Cost": 127724.26,"Plan Rows": 57388,"Plan Width": 280,"Actual Startup Time": 430.185,"Actual Total Time": 588.903,"Actual Rows": 38182,"Actual Loops": 1,"Group Key": ["customer.c_custkey", "nation.n_name"],"Planned Partitions": 0,"HashAgg Batches": 1,"Peak Memory Usage": 26129,"Disk Usage": 0,"Plans": [{"Node Type": "Gather","Parent Relationship": "Outer","Parallel Aware": false,"Async Capable": false,"Startup Cost": 6799.02,"Total Cost": 126289.56,"Plan Rows": 57388,"Plan Width": 260,"Actual Startup Time": 89.737,"Actual Total Time": 296.974,"Actual Rows": 115050,"Actual Loops": 1,"Workers Planned": 3,"Workers Launched": 3,"Single Copy": false,"Plans": [{"Node Type": "Hash Join","Parent Relationship": "Outer","Parallel Aware": false,"Async Capable": false,"Join Type": "Inner","Startup Cost": 5799.02,"Total Cost": 119550.76,"Plan Rows": 18512,"Plan Width": 260,"Actual Startup Time": 82.322,"Actual Total Time": 373.404,"Actual Rows": 28762,"Actual Loops": 4,"Inner Unique": true,"Hash Cond": "(customer.c_nationkey = nation.n_nationkey)","Workers": [],"Plans": [{"Node Type": "Hash Join","Parent Relationship": "Outer","Parallel Aware": true,"Async Capable": false,"Join Type": "Inner","Startup Cost": 5797.46,"Total Cost": 119492.37,"Plan Rows": 18512,"Plan Width": 160,"Actual Startup Time": 81.937,"Actual Total Time": 363.986,"Actual Rows": 28762,"Actual Loops": 4,"Inner Unique": true,"Hash Cond": "(orders.o_custkey = customer.c_custkey)","Workers": [],"Plans": [{"Node Type": "Nested Loop","Parent Relationship": "Outer","Parallel Aware": false,"Async Capable": false,"Join Type": "Inner","Startup Cost": 806.21,"Total Cost": 114452.53,"Plan Rows": 18513,"Plan Width": 16,"Actual Startup Time": 13.433,"Actual Total Time": 253.545,"Actual Rows": 28762,"Actual Loops": 4,"Inner Unique": false,"Workers": [],"Plans": [{"Node Type": "Bitmap Heap Scan","Parent Relationship": "Outer","Parallel Aware": true,"Async Capable": false,"Relation Name": "orders","Alias": "orders","Startup Cost": 805.78,"Total Cost": 27182.77,"Plan Rows": 18799,"Plan Width": 8,"Actual Startup Time": 13.373,"Actual Total Time": 70.825,"Actual Rows": 14368,"Actual Loops": 4,"Recheck Cond": "((o_orderdate >= '1994-06-01'::date) AND (o_orderdate < '1994-09-01 00:00:00'::timestamp without time zone))","Rows Removed by Index Recheck": 0,"Exact Heap Blocks": 3680,"Lossy Heap Blocks": 0,"Workers": [],"Plans": [{"Node Type": "Bitmap Index Scan","Parent Relationship": "Outer","Parallel Aware": false,"Async Capable": false,"Index Name": "idx_orders_orderdate","Startup Cost": 0.00,"Total Cost": 791.21,"Plan Rows": 58278,"Plan Width": 0,"Actual Startup Time": 10.272,"Actual Total Time": 10.276,"Actual Rows": 57474,"Actual Loops": 1,"Index Cond": "((o_orderdate >= '1994-06-01'::date) AND (o_orderdate < '1994-09-01 00:00:00'::timestamp without time zone))","Workers": []}]},{"Node Type": "Index Scan","Parent Relationship": "Inner","Parallel Aware": false,"Async Capable": false,"Scan Direction": "Forward","Index Name": "idx_lineitem_orderkey","Relation Name": "lineitem","Alias": "lineitem","Startup Cost": 0.43,"Total Cost": 4.60,"Plan Rows": 4,"Plan Width": 16,"Actual Startup Time": 0.010,"Actual Total Time": 0.012,"Actual Rows": 2,"Actual Loops": 57474,"Index Cond": "(l_orderkey = orders.o_orderkey)","Rows Removed by Index Recheck": 0,"Filter": "(l_returnflag = 'R'::bpchar)","Rows Removed by Filter": 2,"Workers": []}]},{"Node Type": "Hash","Parent Relationship": "Inner","Parallel Aware": true,"Async Capable": false,"Startup Cost": 4210.00,"Total Cost": 4210.00,"Plan Rows": 62500,"Plan Width": 148,"Actual Startup Time": 67.921,"Actual Total Time": 67.927,"Actual Rows": 37500,"Actual Loops": 4,"Hash Buckets": 262144,"Original Hash Buckets": 262144,"Hash Batches": 1,"Original Hash Batches": 1,"Peak Memory Usage": 29312,"Workers": [],"Plans": [{"Node Type": "Seq Scan","Parent Relationship": "Outer","Parallel Aware": true,"Async Capable": false,"Relation Name": "customer","Alias": "customer","Startup Cost": 0.00,"Total Cost": 4210.00,"Plan Rows": 62500,"Plan Width": 148,"Actual Startup Time": 0.026,"Actual Total Time": 28.832,"Actual Rows": 37500,"Actual Loops": 4,"Workers": []}]}]},{"Node Type": "Hash","Parent Relationship": "Inner","Parallel Aware": false,"Async Capable": false,"Startup Cost": 1.25,"Total Cost": 1.25,"Plan Rows": 25,"Plan Width": 108,"Actual Startup Time": 0.096,"Actual Total Time": 0.101,"Actual Rows": 25,"Actual Loops": 4,"Hash Buckets": 1024,"Original Hash Buckets": 1024,"Hash Batches": 1,"Original Hash Batches": 1,"Peak Memory Usage": 10,"Workers": [],"Plans": [{"Node Type": "Seq Scan","Parent Relationship": "Outer","Parallel Aware": false,"Async Capable": false,"Relation Name": "nation","Alias": "nation","Startup Cost": 0.00,"Total Cost": 1.25,"Plan Rows": 25,"Plan Width": 108,"Actual Startup Time": 0.064,"Actual Total Time": 0.070,"Actual Rows": 25,"Actual Loops": 4,"Workers": []}]}]}]}]}]},"Planning Time": 7.103,"Triggers": [],"Execution Time": 663.701}]
[{"Plan": {"Node Type": "Sort","Parallel Aware": false,"Async Capable": false,"Startup Cost": 132006.18,"Total Cost": 132149.16,"Plan Rows": 57194,"Plan Width": 280,"Actual Startup Time": 619.069,"Actual Total Time": 657.587,"Actual Rows": 38097,"Actual Loops": 1,"Sort Key": ["(sum((lineitem.l_extendedprice * ('1'::numeric - lineitem.l_discount)))) DESC"],"Sort Method": "quicksort","Sort Space Used": 9867,"Sort Space Type": "Memory","Plans": [{"Node Type": "Aggregate","Strategy": "Hashed","Partial Mode": "Simple","Parent Relationship": "Outer","Parallel Aware": false,"Async Capable": false,"Startup Cost": 126771.91,"Total Cost": 127486.83,"Plan Rows": 57194,"Plan Width": 280,"Actual Startup Time": 426.706,"Actual Total Time": 585.981,"Actual Rows": 38097,"Actual Loops": 1,"Group Key": ["customer.c_custkey", "nation.n_name"],"Planned Partitions": 0,"HashAgg Batches": 1,"Peak Memory Usage": 26129,"Disk Usage": 0,"Plans": [{"Node Type": "Gather","Parent Relationship": "Outer","Parallel Aware": false,"Async Capable": false,"Startup Cost": 6797.00,"Total Cost": 126056.98,"Plan Rows": 57194,"Plan Width": 260,"Actual Startup Time": 85.005,"Actual Total Time": 294.440,"Actual Rows": 114700,"Actual Loops": 1,"Workers Planned": 3,"Workers Launched": 3,"Single Copy": false,"Plans": [{"Node Type": "Hash Join","Parent Relationship": "Outer","Parallel Aware": false,"Async Capable": false,"Join Type": "Inner","Startup Cost": 5797.00,"Total Cost": 119337.58,"Plan Rows": 18450,"Plan Width": 260,"Actual Startup Time": 77.864,"Actual Total Time": 370.283,"Actual Rows": 28675,"Actual Loops": 4,"Inner Unique": true,"Hash Cond": "(customer.c_nationkey = nation.n_nationkey)","Workers": [],"Plans": [{"Node Type": "Hash Join","Parent Relationship": "Outer","Parallel Aware": true,"Async Capable": false,"Join Type": "Inner","Startup Cost": 5795.44,"Total Cost": 119279.38,"Plan Rows": 18450,"Plan Width": 160,"Actual Startup Time": 77.458,"Actual Total Time": 360.463,"Actual Rows": 28675,"Actual Loops": 4,"Inner Unique": true,"Hash Cond": "(orders.o_custkey = customer.c_custkey)","Workers": [],"Plans": [{"Node Type": "Nested Loop","Parent Relationship": "Outer","Parallel Aware": false,"Async Capable": false,"Join Type": "Inner","Startup Cost": 804.19,"Total Cost": 114239.70,"Plan Rows": 18450,"Plan Width": 16,"Actual Startup Time": 13.282,"Actual Total Time": 254.673,"Actual Rows": 28675,"Actual Loops": 4,"Inner Unique": false,"Workers": [],"Plans": [{"Node Type": "Bitmap Heap Scan","Parent Relationship": "Outer","Parallel Aware": true,"Async Capable": false,"Relation Name": "orders","Alias": "orders","Startup Cost": 803.76,"Total Cost": 27179.79,"Plan Rows": 18736,"Plan Width": 8,"Actual Startup Time": 13.232,"Actual Total Time": 71.774,"Actual Rows": 14328,"Actual Loops": 4,"Recheck Cond": "((o_orderdate >= '1994-05-01'::date) AND (o_orderdate < '1994-08-01 00:00:00'::timestamp without time zone))","Rows Removed by Index Recheck": 0,"Exact Heap Blocks": 3671,"Lossy Heap Blocks": 0,"Workers": [],"Plans": [{"Node Type": "Bitmap Index Scan","Parent Relationship": "Outer","Parallel Aware": false,"Async Capable": false,"Index Name": "idx_orders_orderdate","Startup Cost": 0.00,"Total Cost": 789.24,"Plan Rows": 58081,"Plan Width": 0,"Actual Startup Time": 10.132,"Actual Total Time": 10.140,"Actual Rows": 57311,"Actual Loops": 1,"Index Cond": "((o_orderdate >= '1994-05-01'::date) AND (o_orderdate < '1994-08-01 00:00:00'::timestamp without time zone))","Workers": []}]},{"Node Type": "Index Scan","Parent Relationship": "Inner","Parallel Aware": false,"Async Capable": false,"Scan Direction": "Forward","Index Name": "idx_lineitem_orderkey","Relation Name": "lineitem","Alias": "lineitem","Startup Cost": 0.43,"Total Cost": 4.61,"Plan Rows": 4,"Plan Width": 16,"Actual Startup Time": 0.010,"Actual Total Time": 0.012,"Actual Rows": 2,"Actual Loops": 57311,"Index Cond": "(l_orderkey = orders.o_orderkey)","Rows Removed by Index Recheck": 0,"Filter": "(l_returnflag = 'R'::bpchar)","Rows Removed by Filter": 2,"Workers": []}]},{"Node Type": "Hash","Parent Relationship": "Inner","Parallel Aware": true,"Async Capable": false,"Startup Cost": 4210.00,"Total Cost": 4210.00,"Plan Rows": 62500,"Plan Width": 148,"Actual Startup Time": 63.588,"Actual Total Time": 63.595,"Actual Rows": 37500,"Actual Loops": 4,"Hash Buckets": 262144,"Original Hash Buckets": 262144,"Hash Batches": 1,"Original Hash Batches": 1,"Peak Memory Usage": 29312,"Workers": [],"Plans": [{"Node Type": "Seq Scan","Parent Relationship": "Outer","Parallel Aware": true,"Async Capable": false,"Relation Name": "customer","Alias": "customer","Startup Cost": 0.00,"Total Cost": 4210.00,"Plan Rows": 62500,"Plan Width": 148,"Actual Startup Time": 0.027,"Actual Total Time": 28.105,"Actual Rows": 37500,"Actual Loops": 4,"Workers": []}]}]},{"Node Type": "Hash","Parent Relationship": "Inner","Parallel Aware": false,"Async Capable": false,"Startup Cost": 1.25,"Total Cost": 1.25,"Plan Rows": 25,"Plan Width": 108,"Actual Startup Time": 0.090,"Actual Total Time": 0.096,"Actual Rows": 25,"Actual Loops": 4,"Hash Buckets": 1024,"Original Hash Buckets": 1024,"Hash Batches": 1,"Original Hash Batches": 1,"Peak Memory Usage": 10,"Workers": [],"Plans": [{"Node Type": "Seq Scan","Parent Relationship": "Outer","Parallel Aware": false,"Async Capable": false,"Relation Name": "nation","Alias": "nation","Startup Cost": 0.00,"Total Cost": 1.25,"Plan Rows": 25,"Plan Width": 108,"Actual Startup Time": 0.060,"Actual Total Time": 0.066,"Actual Rows": 25,"Actual Loops": 4,"Workers": []}]}]}]}]}]},"Planning Time": 6.734,"Triggers": [],"Execution Time": 661.786}]
[{"Plan": {"Node Type": "Sort","Parallel Aware": false,"Async Capable": false,"Startup Cost": 131080.21,"Total Cost": 131221.46,"Plan Rows": 56499,"Plan Width": 280,"Actual Startup Time": 605.493,"Actual Total Time": 645.716,"Actual Rows": 37967,"Actual Loops": 1,"Sort Key": ["(sum((lineitem.l_extendedprice * ('1'::numeric - lineitem.l_discount)))) DESC"],"Sort Method": "quicksort","Sort Space Used": 9838,"Sort Space Type": "Memory","Plans": [{"Node Type": "Aggregate","Strategy": "Hashed","Partial Mode": "Simple","Parent Relationship": "Outer","Parallel Aware": false,"Async Capable": false,"Startup Cost": 125914.53,"Total Cost": 126620.77,"Plan Rows": 56499,"Plan Width": 280,"Actual Startup Time": 424.904,"Actual Total Time": 572.991,"Actual Rows": 37967,"Actual Loops": 1,"Group Key": ["customer.c_custkey", "nation.n_name"],"Planned Partitions": 0,"HashAgg Batches": 1,"Peak Memory Usage": 26129,"Disk Usage": 0,"Plans": [{"Node Type": "Gather","Parent Relationship": "Outer","Parallel Aware": false,"Async Capable": false,"Startup Cost": 6785.77,"Total Cost": 125208.29,"Plan Rows": 56499,"Plan Width": 260,"Actual Startup Time": 85.491,"Actual Total Time": 295.043,"Actual Rows": 114705,"Actual Loops": 1,"Workers Planned": 3,"Workers Launched": 3,"Single Copy": false,"Plans": [{"Node Type": "Hash Join","Parent Relationship": "Outer","Parallel Aware": false,"Async Capable": false,"Join Type": "Inner","Startup Cost": 5785.77,"Total Cost": 118558.39,"Plan Rows": 18225,"Plan Width": 260,"Actual Startup Time": 77.990,"Actual Total Time": 369.128,"Actual Rows": 28676,"Actual Loops": 4,"Inner Unique": true,"Hash Cond": "(customer.c_nationkey = nation.n_nationkey)","Workers": [],"Plans": [{"Node Type": "Hash Join","Parent Relationship": "Outer","Parallel Aware": true,"Async Capable": false,"Join Type": "Inner","Startup Cost": 5784.20,"Total Cost": 118500.88,"Plan Rows": 18225,"Plan Width": 160,"Actual Startup Time": 77.566,"Actual Total Time": 359.708,"Actual Rows": 28676,"Actual Loops": 4,"Inner Unique": true,"Hash Cond": "(orders.o_custkey = customer.c_custkey)","Workers": [],"Plans": [{"Node Type": "Nested Loop","Parent Relationship": "Outer","Parallel Aware": false,"Async Capable": false,"Join Type": "Inner","Startup Cost": 792.95,"Total Cost": 113461.79,"Plan Rows": 18225,"Plan Width": 16,"Actual Startup Time": 13.246,"Actual Total Time": 255.571,"Actual Rows": 28676,"Actual Loops": 4,"Inner Unique": false,"Workers": [],"Plans": [{"Node Type": "Bitmap Heap Scan","Parent Relationship": "Outer","Parallel Aware": true,"Async Capable": false,"Relation Name": "orders","Alias": "orders","Startup Cost": 792.52,"Total Cost": 27165.14,"Plan Rows": 18508,"Plan Width": 8,"Actual Startup Time": 13.160,"Actual Total Time": 71.475,"Actual Rows": 14267,"Actual Loops": 4,"Recheck Cond": "((o_orderdate >= '1993-10-01'::date) AND (o_orderdate < '1994-01-01 00:00:00'::timestamp without time zone))","Rows Removed by Index Recheck": 0,"Exact Heap Blocks": 3708,"Lossy Heap Blocks": 0,"Workers": [],"Plans": [{"Node Type": "Bitmap Index Scan","Parent Relationship": "Outer","Parallel Aware": false,"Async Capable": false,"Index Name": "idx_orders_orderdate","Startup Cost": 0.00,"Total Cost": 778.18,"Plan Rows": 57375,"Plan Width": 0,"Actual Startup Time": 10.062,"Actual Total Time": 10.069,"Actual Rows": 57069,"Actual Loops": 1,"Index Cond": "((o_orderdate >= '1993-10-01'::date) AND (o_orderdate < '1994-01-01 00:00:00'::timestamp without time zone))","Workers": []}]},{"Node Type": "Index Scan","Parent Relationship": "Inner","Parallel Aware": false,"Async Capable": false,"Scan Direction": "Forward","Index Name": "idx_lineitem_orderkey","Relation Name": "lineitem","Alias": "lineitem","Startup Cost": 0.43,"Total Cost": 4.62,"Plan Rows": 4,"Plan Width": 16,"Actual Startup Time": 0.011,"Actual Total Time": 0.013,"Actual Rows": 2,"Actual Loops": 57069,"Index Cond": "(l_orderkey = orders.o_orderkey)","Rows Removed by Index Recheck": 0,"Filter": "(l_returnflag = 'R'::bpchar)","Rows Removed by Filter": 2,"Workers": []}]},{"Node Type": "Hash","Parent Relationship": "Inner","Parallel Aware": true,"Async Capable": false,"Startup Cost": 4210.00,"Total Cost": 4210.00,"Plan Rows": 62500,"Plan Width": 148,"Actual Startup Time": 63.688,"Actual Total Time": 63.696,"Actual Rows": 37500,"Actual Loops": 4,"Hash Buckets": 262144,"Original Hash Buckets": 262144,"Hash Batches": 1,"Original Hash Batches": 1,"Peak Memory Usage": 29312,"Workers": [],"Plans": [{"Node Type": "Seq Scan","Parent Relationship": "Outer","Parallel Aware": true,"Async Capable": false,"Relation Name": "customer","Alias": "customer","Startup Cost": 0.00,"Total Cost": 4210.00,"Plan Rows": 62500,"Plan Width": 148,"Actual Startup Time": 0.034,"Actual Total Time": 28.900,"Actual Rows": 37500,"Actual Loops": 4,"Workers": []}]}]},{"Node Type": "Hash","Parent Relationship": "Inner","Parallel Aware": false,"Async Capable": false,"Startup Cost": 1.25,"Total Cost": 1.25,"Plan Rows": 25,"Plan Width": 108,"Actual Startup Time": 0.102,"Actual Total Time": 0.107,"Actual Rows": 25,"Actual Loops": 4,"Hash Buckets": 1024,"Original Hash Buckets": 1024,"Hash Batches": 1,"Original Hash Batches": 1,"Peak Memory Usage": 10,"Workers": [],"Plans": [{"Node Type": "Seq Scan","Parent Relationship": "Outer","Parallel Aware": false,"Async Capable": false,"Relation Name": "nation","Alias": "nation","Startup Cost": 0.00,"Total Cost": 1.25,"Plan Rows": 25,"Plan Width": 108,"Actual Startup Time": 0.070,"Actual Total Time": 0.076,"Actual Rows": 25,"Actual Loops": 4,"Workers": []}]}]}]}]}]},"Planning Time": 6.575,"Triggers": [],"Execution Time": 649.944}]
[{"Plan": {"Node Type": "Sort","Parallel Aware": false,"Async Capable": false,"Startup Cost": 130809.03,"Total Cost": 130949.76,"Plan Rows": 56293,"Plan Width": 280,"Actual Startup Time": 582.640,"Actual Total Time": 623.609,"Actual Rows": 37618,"Actual Loops": 1,"Sort Key": ["(sum((lineitem.l_extendedprice * ('1'::numeric - lineitem.l_discount)))) DESC"],"Sort Method": "quicksort","Sort Space Used": 9764,"Sort Space Type": "Memory","Plans": [{"Node Type": "Aggregate","Strategy": "Hashed","Partial Mode": "Simple","Parent Relationship": "Outer","Parallel Aware": false,"Async Capable": false,"Startup Cost": 125663.66,"Total Cost": 126367.32,"Plan Rows": 56293,"Plan Width": 280,"Actual Startup Time": 404.905,"Actual Total Time": 550.580,"Actual Rows": 37618,"Actual Loops": 1,"Group Key": ["customer.c_custkey", "nation.n_name"],"Planned Partitions": 0,"HashAgg Batches": 1,"Peak Memory Usage": 26129,"Disk Usage": 0,"Plans": [{"Node Type": "Gather","Parent Relationship": "Outer","Parallel Aware": false,"Async Capable": false,"Startup Cost": 6783.62,"Total Cost": 124960.00,"Plan Rows": 56293,"Plan Width": 260,"Actual Startup Time": 77.508,"Actual Total Time": 283.856,"Actual Rows": 113037,"Actual Loops": 1,"Workers Planned": 3,"Workers Launched": 3,"Single Copy": false,"Plans": [{"Node Type": "Hash Join","Parent Relationship": "Outer","Parallel Aware": false,"Async Capable": false,"Join Type": "Inner","Startup Cost": 5783.62,"Total Cost": 118330.70,"Plan Rows": 18159,"Plan Width": 260,"Actual Startup Time": 69.943,"Actual Total Time": 350.172,"Actual Rows": 28259,"Actual Loops": 4,"Inner Unique": true,"Hash Cond": "(customer.c_nationkey = nation.n_nationkey)","Workers": [],"Plans": [{"Node Type": "Hash Join","Parent Relationship": "Outer","Parallel Aware": true,"Async Capable": false,"Join Type": "Inner","Startup Cost": 5782.06,"Total Cost": 118273.39,"Plan Rows": 18159,"Plan Width": 160,"Actual Startup Time": 69.505,"Actual Total Time": 341.161,"Actual Rows": 28259,"Actual Loops": 4,"Inner Unique": true,"Hash Cond": "(orders.o_custkey = customer.c_custkey)","Workers": [],"Plans": [{"Node Type": "Nested Loop","Parent Relationship": "Outer","Parallel Aware": false,"Async Capable": false,"Join Type": "Inner","Startup Cost": 790.81,"Total Cost": 113234.47,"Plan Rows": 18159,"Plan Width": 16,"Actual Startup Time": 13.628,"Actual Total Time": 244.904,"Actual Rows": 28259,"Actual Loops": 4,"Inner Unique": false,"Workers": [],"Plans": [{"Node Type": "Bitmap Heap Scan","Parent Relationship": "Outer","Parallel Aware": true,"Async Capable": false,"Relation Name": "orders","Alias": "orders","Startup Cost": 790.38,"Total Cost": 27161.99,"Plan Rows": 18441,"Plan Width": 8,"Actual Startup Time": 13.544,"Actual Total Time": 67.991,"Actual Rows": 14129,"Actual Loops": 4,"Recheck Cond": "((o_orderdate >= '1994-09-01'::date) AND (o_orderdate < '1994-12-01 00:00:00'::timestamp without time zone))","Rows Removed by Index Recheck": 0,"Exact Heap Blocks": 3515,"Lossy Heap Blocks": 0,"Workers": [],"Plans": [{"Node Type": "Bitmap Index Scan","Parent Relationship": "Outer","Parallel Aware": false,"Async Capable": false,"Index Name": "idx_orders_orderdate","Startup Cost": 0.00,"Total Cost": 776.09,"Plan Rows": 57166,"Plan Width": 0,"Actual Startup Time": 10.241,"Actual Total Time": 10.248,"Actual Rows": 56516,"Actual Loops": 1,"Index Cond": "((o_orderdate >= '1994-09-01'::date) AND (o_orderdate < '1994-12-01 00:00:00'::timestamp without time zone))","Workers": []}]},{"Node Type": "Index Scan","Parent Relationship": "Inner","Parallel Aware": false,"Async Capable": false,"Scan Direction": "Forward","Index Name": "idx_lineitem_orderkey","Relation Name": "lineitem","Alias": "lineitem","Startup Cost": 0.43,"Total Cost": 4.63,"Plan Rows": 4,"Plan Width": 16,"Actual Startup Time": 0.010,"Actual Total Time": 0.012,"Actual Rows": 2,"Actual Loops": 56516,"Index Cond": "(l_orderkey = orders.o_orderkey)","Rows Removed by Index Recheck": 0,"Filter": "(l_returnflag = 'R'::bpchar)","Rows Removed by Filter": 2,"Workers": []}]},{"Node Type": "Hash","Parent Relationship": "Inner","Parallel Aware": true,"Async Capable": false,"Startup Cost": 4210.00,"Total Cost": 4210.00,"Plan Rows": 62500,"Plan Width": 148,"Actual Startup Time": 55.246,"Actual Total Time": 55.254,"Actual Rows": 37500,"Actual Loops": 4,"Hash Buckets": 262144,"Original Hash Buckets": 262144,"Hash Batches": 1,"Original Hash Batches": 1,"Peak Memory Usage": 29280,"Workers": [],"Plans": [{"Node Type": "Seq Scan","Parent Relationship": "Outer","Parallel Aware": true,"Async Capable": false,"Relation Name": "customer","Alias": "customer","Startup Cost": 0.00,"Total Cost": 4210.00,"Plan Rows": 62500,"Plan Width": 148,"Actual Startup Time": 0.029,"Actual Total Time": 24.927,"Actual Rows": 37500,"Actual Loops": 4,"Workers": []}]}]},{"Node Type": "Hash","Parent Relationship": "Inner","Parallel Aware": false,"Async Capable": false,"Startup Cost": 1.25,"Total Cost": 1.25,"Plan Rows": 25,"Plan Width": 108,"Actual Startup Time": 0.092,"Actual Total Time": 0.096,"Actual Rows": 25,"Actual Loops": 4,"Hash Buckets": 1024,"Original Hash Buckets": 1024,"Hash Batches": 1,"Original Hash Batches": 1,"Peak Memory Usage": 10,"Workers": [],"Plans": [{"Node Type": "Seq Scan","Parent Relationship": "Outer","Parallel Aware": false,"Async Capable": false,"Relation Name": "nation","Alias": "nation","Startup Cost": 0.00,"Total Cost": 1.25,"Plan Rows": 25,"Plan Width": 108,"Actual Startup Time": 0.062,"Actual Total Time": 0.068,"Actual Rows": 25,"Actual Loops": 4,"Workers": []}]}]}]}]}]},"Planning Time": 5.868,"Triggers": [],"Execution Time": 629.137}]
[{"Plan": {"Node Type": "Sort","Parallel Aware": false,"Async Capable": false,"Startup Cost": 130310.74,"Total Cost": 130450.54,"Plan Rows": 55918,"Plan Width": 280,"Actual Startup Time": 603.874,"Actual Total Time": 643.975,"Actual Rows": 37728,"Actual Loops": 1,"Sort Key": ["(sum((lineitem.l_extendedprice * ('1'::numeric - lineitem.l_discount)))) DESC"],"Sort Method": "quicksort","Sort Space Used": 9784,"Sort Space Type": "Memory","Plans": [{"Node Type": "Aggregate","Strategy": "Hashed","Partial Mode": "Simple","Parent Relationship": "Outer","Parallel Aware": false,"Async Capable": false,"Startup Cost": 125202.34,"Total Cost": 125901.32,"Plan Rows": 55918,"Plan Width": 280,"Actual Startup Time": 420.772,"Actual Total Time": 572.027,"Actual Rows": 37728,"Actual Loops": 1,"Group Key": ["customer.c_custkey", "nation.n_name"],"Planned Partitions": 0,"HashAgg Batches": 1,"Peak Memory Usage": 26129,"Disk Usage": 0,"Plans": [{"Node Type": "Gather","Parent Relationship": "Outer","Parallel Aware": false,"Async Capable": false,"Startup Cost": 6779.72,"Total Cost": 124503.37,"Plan Rows": 55918,"Plan Width": 260,"Actual Startup Time": 83.828,"Actual Total Time": 288.561,"Actual Rows": 114106,"Actual Loops": 1,"Workers Planned": 3,"Workers Launched": 3,"Single Copy": false,"Plans": [{"Node Type": "Hash Join","Parent Relationship": "Outer","Parallel Aware": false,"Async Capable": false,"Join Type": "Inner","Startup Cost": 5779.72,"Total Cost": 117911.57,"Plan Rows": 18038,"Plan Width": 260,"Actual Startup Time": 76.669,"Actual Total Time": 363.746,"Actual Rows": 28526,"Actual Loops": 4,"Inner Unique": true,"Hash Cond": "(customer.c_nationkey = nation.n_nationkey)","Workers": [],"Plans": [{"Node Type": "Hash Join","Parent Relationship": "Outer","Parallel Aware": true,"Async Capable": false,"Join Type": "Inner","Startup Cost": 5778.16,"Total Cost": 117854.62,"Plan Rows": 18038,"Plan Width": 160,"Actual Startup Time": 76.278,"Actual Total Time": 354.947,"Actual Rows": 28526,"Actual Loops": 4,"Inner Unique": true,"Hash Cond": "(orders.o_custkey = customer.c_custkey)","Workers": [],"Plans": [{"Node Type": "Nested Loop","Parent Relationship": "Outer","Parallel Aware": false,"Async Capable": false,"Join Type": "Inner","Startup Cost": 786.91,"Total Cost": 112816.03,"Plan Rows": 18038,"Plan Width": 16,"Actual Startup Time": 13.309,"Actual Total Time": 250.189,"Actual Rows": 28526,"Actual Loops": 4,"Inner Unique": false,"Workers": [],"Plans": [{"Node Type": "Bitmap Heap Scan","Parent Relationship": "Outer","Parallel Aware": true,"Async Capable": false,"Relation Name": "orders","Alias": "orders","Startup Cost": 786.47,"Total Cost": 27156.24,"Plan Rows": 18318,"Plan Width": 8,"Actual Startup Time": 13.234,"Actual Total Time": 69.997,"Actual Rows": 14148,"Actual Loops": 4,"Recheck Cond": "((o_orderdate >= '1993-09-01'::date) AND (o_orderdate < '1993-12-01 00:00:00'::timestamp without time zone))","Rows Removed by Index Recheck": 0,"Exact Heap Blocks": 3617,"Lossy Heap Blocks": 0,"Workers": [],"Plans": [{"Node Type": "Bitmap Index Scan","Parent Relationship": "Outer","Parallel Aware": false,"Async Capable": false,"Index Name": "idx_orders_orderdate","Startup Cost": 0.00,"Total Cost": 772.28,"Plan Rows": 56785,"Plan Width": 0,"Actual Startup Time": 10.161,"Actual Total Time": 10.165,"Actual Rows": 56592,"Actual Loops": 1,"Index Cond": "((o_orderdate >= '1993-09-01'::date) AND (o_orderdate < '1993-12-01 00:00:00'::timestamp without time zone))","Workers": []}]},{"Node Type": "Index Scan","Parent Relationship": "Inner","Parallel Aware": false,"Async Capable": false,"Scan Direction": "Forward","Index Name": "idx_lineitem_orderkey","Relation Name": "lineitem","Alias": "lineitem","Startup Cost": 0.43,"Total Cost": 4.64,"Plan Rows": 4,"Plan Width": 16,"Actual Startup Time": 0.010,"Actual Total Time": 0.012,"Actual Rows": 2,"Actual Loops": 56592,"Index Cond": "(l_orderkey = orders.o_orderkey)","Rows Removed by Index Recheck": 0,"Filter": "(l_returnflag = 'R'::bpchar)","Rows Removed by Filter": 2,"Workers": []}]},{"Node Type": "Hash","Parent Relationship": "Inner","Parallel Aware": true,"Async Capable": false,"Startup Cost": 4210.00,"Total Cost": 4210.00,"Plan Rows": 62500,"Plan Width": 148,"Actual Startup Time": 62.426,"Actual Total Time": 62.432,"Actual Rows": 37500,"Actual Loops": 4,"Hash Buckets": 262144,"Original Hash Buckets": 262144,"Hash Batches": 1,"Original Hash Batches": 1,"Peak Memory Usage": 29312,"Workers": [],"Plans": [{"Node Type": "Seq Scan","Parent Relationship": "Outer","Parallel Aware": true,"Async Capable": false,"Relation Name": "customer","Alias": "customer","Startup Cost": 0.00,"Total Cost": 4210.00,"Plan Rows": 62500,"Plan Width": 148,"Actual Startup Time": 0.023,"Actual Total Time": 26.530,"Actual Rows": 37500,"Actual Loops": 4,"Workers": []}]}]},{"Node Type": "Hash","Parent Relationship": "Inner","Parallel Aware": false,"Async Capable": false,"Startup Cost": 1.25,"Total Cost": 1.25,"Plan Rows": 25,"Plan Width": 108,"Actual Startup Time": 0.095,"Actual Total Time": 0.100,"Actual Rows": 25,"Actual Loops": 4,"Hash Buckets": 1024,"Original Hash Buckets": 1024,"Hash Batches": 1,"Original Hash Batches": 1,"Peak Memory Usage": 10,"Workers": [],"Plans": [{"Node Type": "Seq Scan","Parent Relationship": "Outer","Parallel Aware": false,"Async Capable": false,"Relation Name": "nation","Alias": "nation","Startup Cost": 0.00,"Total Cost": 1.25,"Plan Rows": 25,"Plan Width": 108,"Actual Startup Time": 0.059,"Actual Total Time": 0.065,"Actual Rows": 25,"Actual Loops": 4,"Workers": []}]}]}]}]}]},"Planning Time": 7.546,"Triggers": [],"Execution Time": 648.224}]
[{"Plan": {"Node Type": "Sort","Parallel Aware": false,"Async Capable": false,"Startup Cost": 129285.16,"Total Cost": 129423.04,"Plan Rows": 55152,"Plan Width": 280,"Actual Startup Time": 594.195,"Actual Total Time": 635.058,"Actual Rows": 37857,"Actual Loops": 1,"Sort Key": ["(sum((lineitem.l_extendedprice * ('1'::numeric - lineitem.l_discount)))) DESC"],"Sort Method": "quicksort","Sort Space Used": 9823,"Sort Space Type": "Memory","Plans": [{"Node Type": "Aggregate","Strategy": "Hashed","Partial Mode": "Simple","Parent Relationship": "Outer","Parallel Aware": false,"Async Capable": false,"Startup Cost": 124252.23,"Total Cost": 124941.63,"Plan Rows": 55152,"Plan Width": 280,"Actual Startup Time": 414.188,"Actual Total Time": 557.916,"Actual Rows": 37857,"Actual Loops": 1,"Group Key": ["customer.c_custkey", "nation.n_name"],"Planned Partitions": 0,"HashAgg Batches": 1,"Peak Memory Usage": 26129,"Disk Usage": 0,"Plans": [{"Node Type": "Gather","Parent Relationship": "Outer","Parallel Aware": false,"Async Capable": false,"Startup Cost": 6767.74,"Total Cost": 123562.83,"Plan Rows": 55152,"Plan Width": 260,"Actual Startup Time": 77.793,"Actual Total Time": 289.359,"Actual Rows": 114326,"Actual Loops": 1,"Workers Planned": 3,"Workers Launched": 3,"Single Copy": false,"Plans": [{"Node Type": "Hash Join","Parent Relationship": "Outer","Parallel Aware": false,"Async Capable": false,"Join Type": "Inner","Startup Cost": 5767.74,"Total Cost": 117047.63,"Plan Rows": 17791,"Plan Width": 260,"Actual Startup Time": 70.168,"Actual Total Time": 358.948,"Actual Rows": 28582,"Actual Loops": 4,"Inner Unique": true,"Hash Cond": "(customer.c_nationkey = nation.n_nationkey)","Workers": [],"Plans": [{"Node Type": "Hash Join","Parent Relationship": "Outer","Parallel Aware": true,"Async Capable": false,"Join Type": "Inner","Startup Cost": 5766.18,"Total Cost": 116991.45,"Plan Rows": 17791,"Plan Width": 160,"Actual Startup Time": 69.698,"Actual Total Time": 349.487,"Actual Rows": 28582,"Actual Loops": 4,"Inner Unique": true,"Hash Cond": "(orders.o_custkey = customer.c_custkey)","Workers": [],"Plans": [{"Node Type": "Nested Loop","Parent Relationship": "Outer","Parallel Aware": false,"Async Capable": false,"Join Type": "Inner","Startup Cost": 774.93,"Total Cost": 111953.49,"Plan Rows": 17791,"Plan Width": 16,"Actual Startup Time": 12.978,"Actual Total Time": 249.911,"Actual Rows": 28582,"Actual Loops": 4,"Inner Unique": false,"Workers": [],"Plans": [{"Node Type": "Bitmap Heap Scan","Parent Relationship": "Outer","Parallel Aware": true,"Async Capable": false,"Relation Name": "orders","Alias": "orders","Startup Cost": 774.50,"Total Cost": 27140.50,"Plan Rows": 18067,"Plan Width": 8,"Actual Startup Time": 12.915,"Actual Total Time": 70.510,"Actual Rows": 14320,"Actual Loops": 4,"Recheck Cond": "((o_orderdate >= '1993-06-01'::date) AND (o_orderdate < '1993-09-01 00:00:00'::timestamp without time zone))","Rows Removed by Index Recheck": 0,"Exact Heap Blocks": 3550,"Lossy Heap Blocks": 0,"Workers": [],"Plans": [{"Node Type": "Bitmap Index Scan","Parent Relationship": "Outer","Parallel Aware": false,"Async Capable": false,"Index Name": "idx_orders_orderdate","Startup Cost": 0.00,"Total Cost": 760.50,"Plan Rows": 56007,"Plan Width": 0,"Actual Startup Time": 9.843,"Actual Total Time": 9.846,"Actual Rows": 57280,"Actual Loops": 1,"Index Cond": "((o_orderdate >= '1993-06-01'::date) AND (o_orderdate < '1993-09-01 00:00:00'::timestamp without time zone))","Workers": []}]},{"Node Type": "Index Scan","Parent Relationship": "Inner","Parallel Aware": false,"Async Capable": false,"Scan Direction": "Forward","Index Name": "idx_lineitem_orderkey","Relation Name": "lineitem","Alias": "lineitem","Startup Cost": 0.43,"Total Cost": 4.65,"Plan Rows": 4,"Plan Width": 16,"Actual Startup Time": 0.010,"Actual Total Time": 0.012,"Actual Rows": 2,"Actual Loops": 57280,"Index Cond": "(l_orderkey = orders.o_orderkey)","Rows Removed by Index Recheck": 0,"Filter": "(l_returnflag = 'R'::bpchar)","Rows Removed by Filter": 2,"Workers": []}]},{"Node Type": "Hash","Parent Relationship": "Inner","Parallel Aware": true,"Async Capable": false,"Startup Cost": 4210.00,"Total Cost": 4210.00,"Plan Rows": 62500,"Plan Width": 148,"Actual Startup Time": 56.151,"Actual Total Time": 56.157,"Actual Rows": 37500,"Actual Loops": 4,"Hash Buckets": 262144,"Original Hash Buckets": 262144,"Hash Batches": 1,"Original Hash Batches": 1,"Peak Memory Usage": 29312,"Workers": [],"Plans": [{"Node Type": "Seq Scan","Parent Relationship": "Outer","Parallel Aware": true,"Async Capable": false,"Relation Name": "customer","Alias": "customer","Startup Cost": 0.00,"Total Cost": 4210.00,"Plan Rows": 62500,"Plan Width": 148,"Actual Startup Time": 0.028,"Actual Total Time": 26.217,"Actual Rows": 37500,"Actual Loops": 4,"Workers": []}]}]},{"Node Type": "Hash","Parent Relationship": "Inner","Parallel Aware": false,"Async Capable": false,"Startup Cost": 1.25,"Total Cost": 1.25,"Plan Rows": 25,"Plan Width": 108,"Actual Startup Time": 0.109,"Actual Total Time": 0.115,"Actual Rows": 25,"Actual Loops": 4,"Hash Buckets": 1024,"Original Hash Buckets": 1024,"Hash Batches": 1,"Original Hash Batches": 1,"Peak Memory Usage": 10,"Workers": [],"Plans": [{"Node Type": "Seq Scan","Parent Relationship": "Outer","Parallel Aware": false,"Async Capable": false,"Relation Name": "nation","Alias": "nation","Startup Cost": 0.00,"Total Cost": 1.25,"Plan Rows": 25,"Plan Width": 108,"Actual Startup Time": 0.076,"Actual Total Time": 0.083,"Actual Rows": 25,"Actual Loops": 4,"Workers": []}]}]}]}]}]},"Planning Time": 6.852,"Triggers": [],"Execution Time": 641.259}]
[{"Plan": {"Node Type": "Sort","Parallel Aware": false,"Async Capable": false,"Startup Cost": 129285.16,"Total Cost": 129423.04,"Plan Rows": 55152,"Plan Width": 280,"Actual Startup Time": 594.195,"Actual Total Time": 635.058,"Actual Rows": 37857,"Actual Loops": 1,"Sort Key": ["(sum((lineitem.l_extendedprice * ('1'::numeric - lineitem.l_discount)))) DESC"],"Sort Method": "quicksort","Sort Space Used": 9823,"Sort Space Type": "Memory","Plans": [{"Node Type": "Aggregate","Strategy": "Hashed","Partial Mode": "Simple","Parent Relationship": "Outer","Parallel Aware": false,"Async Capable": false,"Startup Cost": 124252.23,"Total Cost": 124941.63,"Plan Rows": 55152,"Plan Width": 280,"Actual Startup Time": 414.188,"Actual Total Time": 557.916,"Actual Rows": 37857,"Actual Loops": 1,"Group Key": ["customer.c_custkey", "nation.n_name"],"Planned Partitions": 0,"HashAgg Batches": 1,"Peak Memory Usage": 26129,"Disk Usage": 0,"Plans": [{"Node Type": "Gather","Parent Relationship": "Outer","Parallel Aware": false,"Async Capable": false,"Startup Cost": 6767.74,"Total Cost": 123562.83,"Plan Rows": 55152,"Plan Width": 260,"Actual Startup Time": 77.793,"Actual Total Time": 289.359,"Actual Rows": 114326,"Actual Loops": 1,"Workers Planned": 3,"Workers Launched": 3,"Single Copy": false,"Plans": [{"Node Type": "Hash Join","Parent Relationship": "Outer","Parallel Aware": false,"Async Capable": false,"Join Type": "Inner","Startup Cost": 5767.74,"Total Cost": 117047.63,"Plan Rows": 17791,"Plan Width": 260,"Actual Startup Time": 70.168,"Actual Total Time": 358.948,"Actual Rows": 28582,"Actual Loops": 4,"Inner Unique": true,"Hash Cond": "(customer.c_nationkey = nation.n_nationkey)","Workers": [],"Plans": [{"Node Type": "Hash Join","Parent Relationship": "Outer","Parallel Aware": true,"Async Capable": false,"Join Type": "Inner","Startup Cost": 5766.18,"Total Cost": 116991.45,"Plan Rows": 17791,"Plan Width": 160,"Actual Startup Time": 69.698,"Actual Total Time": 349.487,"Actual Rows": 28582,"Actual Loops": 4,"Inner Unique": true,"Hash Cond": "(orders.o_custkey = customer.c_custkey)","Workers": [],"Plans": [{"Node Type": "Nested Loop","Parent Relationship": "Outer","Parallel Aware": false,"Async Capable": false,"Join Type": "Inner","Startup Cost": 774.93,"Total Cost": 111953.49,"Plan Rows": 17791,"Plan Width": 16,"Actual Startup Time": 12.978,"Actual Total Time": 249.911,"Actual Rows": 28582,"Actual Loops": 4,"Inner Unique": false,"Workers": [],"Plans": [{"Node Type": "Bitmap Heap Scan","Parent Relationship": "Outer","Parallel Aware": true,"Async Capable": false,"Relation Name": "orders","Alias": "orders","Startup Cost": 774.50,"Total Cost": 27140.50,"Plan Rows": 18067,"Plan Width": 8,"Actual Startup Time": 12.915,"Actual Total Time": 70.510,"Actual Rows": 14320,"Actual Loops": 4,"Recheck Cond": "((o_orderdate >= '1993-06-01'::date) AND (o_orderdate < '1993-09-01 00:00:00'::timestamp without time zone))","Rows Removed by Index Recheck": 0,"Exact Heap Blocks": 3550,"Lossy Heap Blocks": 0,"Workers": [],"Plans": [{"Node Type": "Bitmap Index Scan","Parent Relationship": "Outer","Parallel Aware": false,"Async Capable": false,"Index Name": "idx_orders_orderdate","Startup Cost": 0.00,"Total Cost": 760.50,"Plan Rows": 56007,"Plan Width": 0,"Actual Startup Time": 9.843,"Actual Total Time": 9.846,"Actual Rows": 57280,"Actual Loops": 1,"Index Cond": "((o_orderdate >= '1993-06-01'::date) AND (o_orderdate < '1993-09-01 00:00:00'::timestamp without time zone))","Workers": []}]},{"Node Type": "Index Scan","Parent Relationship": "Inner","Parallel Aware": false,"Async Capable": false,"Scan Direction": "Forward","Index Name": "idx_lineitem_orderkey","Relation Name": "lineitem","Alias": "lineitem","Startup Cost": 0.43,"Total Cost": 4.65,"Plan Rows": 4,"Plan Width": 16,"Actual Startup Time": 0.010,"Actual Total Time": 0.012,"Actual Rows": 2,"Actual Loops": 57280,"Index Cond": "(l_orderkey = orders.o_orderkey)","Rows Removed by Index Recheck": 0,"Filter": "(l_returnflag = 'R'::bpchar)","Rows Removed by Filter": 2,"Workers": []}]},{"Node Type": "Hash","Parent Relationship": "Inner","Parallel Aware": true,"Async Capable": false,"Startup Cost": 4210.00,"Total Cost": 4210.00,"Plan Rows": 62500,"Plan Width": 148,"Actual Startup Time": 56.151,"Actual Total Time": 56.157,"Actual Rows": 37500,"Actual Loops": 4,"Hash Buckets": 262144,"Original Hash Buckets": 262144,"Hash Batches": 1,"Original Hash Batches": 1,"Peak Memory Usage": 29312,"Workers": [],"Plans": [{"Node Type": "Seq Scan","Parent Relationship": "Outer","Parallel Aware": true,"Async Capable": false,"Relation Name": "customer","Alias": "customer","Startup Cost": 0.00,"Total Cost": 4210.00,"Plan Rows": 62500,"Plan Width": 148,"Actual Startup Time": 0.028,"Actual Total Time": 26.217,"Actual Rows": 37500,"Actual Loops": 4,"Workers": []}]}]},{"Node Type": "Hash","Parent Relationship": "Inner","Parallel Aware": false,"Async Capable": false,"Startup Cost": 1.25,"Total Cost": 1.25,"Plan Rows": 25,"Plan Width": 108,"Actual Startup Time": 0.109,"Actual Total Time": 0.115,"Actual Rows": 25,"Actual Loops": 4,"Hash Buckets": 1024,"Original Hash Buckets": 1024,"Hash Batches": 1,"Original Hash Batches": 1,"Peak Memory Usage": 10,"Workers": [],"Plans": [{"Node Type": "Seq Scan","Parent Relationship": "Outer","Parallel Aware": false,"Async Capable": false,"Relation Name": "nation","Alias": "nation","Startup Cost": 0.00,"Total Cost": 1.25,"Plan Rows": 25,"Plan Width": 108,"Actual Startup Time": 0.076,"Actual Total Time": 0.083,"Actual Rows": 25,"Actual Loops": 4,"Workers": []}]}]}]}]}]},"Planning Time": 6.852,"Triggers": [],"Execution Time": 641.259}]
[{"Plan": {"Node Type": "Sort","Parallel Aware": false,"Async Capable": false,"Startup Cost": 132365.07,"Total Cost": 132508.74,"Plan Rows": 57466,"Plan Width": 280,"Actual Startup Time": 604.092,"Actual Total Time": 644.113,"Actual Rows": 37690,"Actual Loops": 1,"Sort Key": ["(sum((lineitem.l_extendedprice * ('1'::numeric - lineitem.l_discount)))) DESC"],"Sort Method": "quicksort","Sort Space Used": 9779,"Sort Space Type": "Memory","Plans": [{"Node Type": "Aggregate","Strategy": "Hashed","Partial Mode": "Simple","Parent Relationship": "Outer","Parallel Aware": false,"Async Capable": false,"Startup Cost": 127103.94,"Total Cost": 127822.26,"Plan Rows": 57466,"Plan Width": 280,"Actual Startup Time": 420.502,"Actual Total Time": 570.586,"Actual Rows": 37690,"Actual Loops": 1,"Group Key": ["customer.c_custkey", "nation.n_name"],"Planned Partitions": 0,"HashAgg Batches": 1,"Peak Memory Usage": 26129,"Disk Usage": 0,"Plans": [{"Node Type": "Gather","Parent Relationship": "Outer","Parallel Aware": false,"Async Capable": false,"Startup Cost": 6799.83,"Total Cost": 126385.61,"Plan Rows": 57466,"Plan Width": 260,"Actual Startup Time": 84.807,"Actual Total Time": 291.020,"Actual Rows": 113599,"Actual Loops": 1,"Workers Planned": 3,"Workers Launched": 3,"Single Copy": false,"Plans": [{"Node Type": "Hash Join","Parent Relationship": "Outer","Parallel Aware": false,"Async Capable": false,"Join Type": "Inner","Startup Cost": 5799.83,"Total Cost": 119639.01,"Plan Rows": 18537,"Plan Width": 260,"Actual Startup Time": 77.448,"Actual Total Time": 365.330,"Actual Rows": 28400,"Actual Loops": 4,"Inner Unique": true,"Hash Cond": "(customer.c_nationkey = nation.n_nationkey)","Workers": [],"Plans": [{"Node Type": "Hash Join","Parent Relationship": "Outer","Parallel Aware": true,"Async Capable": false,"Join Type": "Inner","Startup Cost": 5798.27,"Total Cost": 119580.55,"Plan Rows": 18537,"Plan Width": 160,"Actual Startup Time": 76.978,"Actual Total Time": 356.100,"Actual Rows": 28400,"Actual Loops": 4,"Inner Unique": true,"Hash Cond": "(orders.o_custkey = customer.c_custkey)","Workers": [],"Plans": [{"Node Type": "Nested Loop","Parent Relationship": "Outer","Parallel Aware": false,"Async Capable": false,"Join Type": "Inner","Startup Cost": 807.02,"Total Cost": 114540.64,"Plan Rows": 18537,"Plan Width": 16,"Actual Startup Time": 13.069,"Actual Total Time": 252.235,"Actual Rows": 28400,"Actual Loops": 4,"Inner Unique": false,"Workers": [],"Plans": [{"Node Type": "Bitmap Heap Scan","Parent Relationship": "Outer","Parallel Aware": true,"Async Capable": false,"Relation Name": "orders","Alias": "orders","Startup Cost": 806.59,"Total Cost": 27183.96,"Plan Rows": 18825,"Plan Width": 8,"Actual Startup Time": 13.002,"Actual Total Time": 70.665,"Actual Rows": 14161,"Actual Loops": 4,"Recheck Cond": "((o_orderdate >= '1994-04-01'::date) AND (o_orderdate < '1994-07-01 00:00:00'::timestamp without time zone))","Rows Removed by Index Recheck": 0,"Exact Heap Blocks": 3668,"Lossy Heap Blocks": 0,"Workers": [],"Plans": [{"Node Type": "Bitmap Index Scan","Parent Relationship": "Outer","Parallel Aware": false,"Async Capable": false,"Index Name": "idx_orders_orderdate","Startup Cost": 0.00,"Total Cost": 792.00,"Plan Rows": 58357,"Plan Width": 0,"Actual Startup Time": 9.907,"Actual Total Time": 9.915,"Actual Rows": 56645,"Actual Loops": 1,"Index Cond": "((o_orderdate >= '1994-04-01'::date) AND (o_orderdate < '1994-07-01 00:00:00'::timestamp without time zone))","Workers": []}]},{"Node Type": "Index Scan","Parent Relationship": "Inner","Parallel Aware": false,"Async Capable": false,"Scan Direction": "Forward","Index Name": "idx_lineitem_orderkey","Relation Name": "lineitem","Alias": "lineitem","Startup Cost": 0.43,"Total Cost": 4.60,"Plan Rows": 4,"Plan Width": 16,"Actual Startup Time": 0.010,"Actual Total Time": 0.012,"Actual Rows": 2,"Actual Loops": 56645,"Index Cond": "(l_orderkey = orders.o_orderkey)","Rows Removed by Index Recheck": 0,"Filter": "(l_returnflag = 'R'::bpchar)","Rows Removed by Filter": 2,"Workers": []}]},{"Node Type": "Hash","Parent Relationship": "Inner","Parallel Aware": true,"Async Capable": false,"Startup Cost": 4210.00,"Total Cost": 4210.00,"Plan Rows": 62500,"Plan Width": 148,"Actual Startup Time": 63.332,"Actual Total Time": 63.338,"Actual Rows": 37500,"Actual Loops": 4,"Hash Buckets": 262144,"Original Hash Buckets": 262144,"Hash Batches": 1,"Original Hash Batches": 1,"Peak Memory Usage": 29344,"Workers": [],"Plans": [{"Node Type": "Seq Scan","Parent Relationship": "Outer","Parallel Aware": true,"Async Capable": false,"Relation Name": "customer","Alias": "customer","Startup Cost": 0.00,"Total Cost": 4210.00,"Plan Rows": 62500,"Plan Width": 148,"Actual Startup Time": 0.025,"Actual Total Time": 28.533,"Actual Rows": 37500,"Actual Loops": 4,"Workers": []}]}]},{"Node Type": "Hash","Parent Relationship": "Inner","Parallel Aware": false,"Async Capable": false,"Startup Cost": 1.25,"Total Cost": 1.25,"Plan Rows": 25,"Plan Width": 108,"Actual Startup Time": 0.107,"Actual Total Time": 0.110,"Actual Rows": 25,"Actual Loops": 4,"Hash Buckets": 1024,"Original Hash Buckets": 1024,"Hash Batches": 1,"Original Hash Batches": 1,"Peak Memory Usage": 10,"Workers": [],"Plans": [{"Node Type": "Seq Scan","Parent Relationship": "Outer","Parallel Aware": false,"Async Capable": false,"Relation Name": "nation","Alias": "nation","Startup Cost": 0.00,"Total Cost": 1.25,"Plan Rows": 25,"Plan Width": 108,"Actual Startup Time": 0.074,"Actual Total Time": 0.080,"Actual Rows": 25,"Actual Loops": 4,"Workers": []}]}]}]}]}]},"Planning Time": 6.317,"Triggers": [],"Execution Time": 648.403}]
[{"Plan": {"Node Type": "Sort","Parallel Aware": false,"Async Capable": false,"Startup Cost": 130909.78,"Total Cost": 131050.70,"Plan Rows": 56371,"Plan Width": 280,"Actual Startup Time": 586.743,"Actual Total Time": 630.152,"Actual Rows": 38263,"Actual Loops": 1,"Sort Key": ["(sum((lineitem.l_extendedprice * ('1'::numeric - lineitem.l_discount)))) DESC"],"Sort Method": "quicksort","Sort Space Used": 9899,"Sort Space Type": "Memory","Plans": [{"Node Type": "Aggregate","Strategy": "Hashed","Partial Mode": "Simple","Parent Relationship": "Outer","Parallel Aware": false,"Async Capable": false,"Startup Cost": 125756.71,"Total Cost": 126461.35,"Plan Rows": 56371,"Plan Width": 280,"Actual Startup Time": 417.199,"Actual Total Time": 554.225,"Actual Rows": 38263,"Actual Loops": 1,"Group Key": ["customer.c_custkey", "nation.n_name"],"Planned Partitions": 0,"HashAgg Batches": 1,"Peak Memory Usage": 26129,"Disk Usage": 0,"Plans": [{"Node Type": "Gather","Parent Relationship": "Outer","Parallel Aware": false,"Async Capable": false,"Startup Cost": 6784.43,"Total Cost": 125052.08,"Plan Rows": 56371,"Plan Width": 260,"Actual Startup Time": 75.828,"Actual Total Time": 292.854,"Actual Rows": 114665,"Actual Loops": 1,"Workers Planned": 3,"Workers Launched": 3,"Single Copy": false,"Plans": [{"Node Type": "Hash Join","Parent Relationship": "Outer","Parallel Aware": false,"Async Capable": false,"Join Type": "Inner","Startup Cost": 5784.43,"Total Cost": 118414.98,"Plan Rows": 18184,"Plan Width": 260,"Actual Startup Time": 68.693,"Actual Total Time": 360.677,"Actual Rows": 28666,"Actual Loops": 4,"Inner Unique": true,"Hash Cond": "(customer.c_nationkey = nation.n_nationkey)","Workers": [],"Plans": [{"Node Type": "Hash Join","Parent Relationship": "Outer","Parallel Aware": true,"Async Capable": false,"Join Type": "Inner","Startup Cost": 5782.87,"Total Cost": 118357.59,"Plan Rows": 18184,"Plan Width": 160,"Actual Startup Time": 68.338,"Actual Total Time": 351.919,"Actual Rows": 28666,"Actual Loops": 4,"Inner Unique": true,"Hash Cond": "(orders.o_custkey = customer.c_custkey)","Workers": [],"Plans": [{"Node Type": "Nested Loop","Parent Relationship": "Outer","Parallel Aware": false,"Async Capable": false,"Join Type": "Inner","Startup Cost": 791.62,"Total Cost": 113318.61,"Plan Rows": 18184,"Plan Width": 16,"Actual Startup Time": 13.513,"Actual Total Time": 254.371,"Actual Rows": 28666,"Actual Loops": 4,"Inner Unique": false,"Workers": [],"Plans": [{"Node Type": "Bitmap Heap Scan","Parent Relationship": "Outer","Parallel Aware": true,"Async Capable": false,"Relation Name": "orders","Alias": "orders","Startup Cost": 791.19,"Total Cost": 27163.18,"Plan Rows": 18466,"Plan Width": 8,"Actual Startup Time": 13.445,"Actual Total Time": 71.425,"Actual Rows": 14346,"Actual Loops": 4,"Recheck Cond": "((o_orderdate >= '1994-07-01'::date) AND (o_orderdate < '1994-10-01 00:00:00'::timestamp without time zone))","Rows Removed by Index Recheck": 0,"Exact Heap Blocks": 3489,"Lossy Heap Blocks": 0,"Workers": [],"Plans": [{"Node Type": "Bitmap Index Scan","Parent Relationship": "Outer","Parallel Aware": false,"Async Capable": false,"Index Name": "idx_orders_orderdate","Startup Cost": 0.00,"Total Cost": 776.88,"Plan Rows": 57245,"Plan Width": 0,"Actual Startup Time": 10.310,"Actual Total Time": 10.312,"Actual Rows": 57384,"Actual Loops": 1,"Index Cond": "((o_orderdate >= '1994-07-01'::date) AND (o_orderdate < '1994-10-01 00:00:00'::timestamp without time zone))","Workers": []}]},{"Node Type": "Index Scan","Parent Relationship": "Inner","Parallel Aware": false,"Async Capable": false,"Scan Direction": "Forward","Index Name": "idx_lineitem_orderkey","Relation Name": "lineitem","Alias": "lineitem","Startup Cost": 0.43,"Total Cost": 4.63,"Plan Rows": 4,"Plan Width": 16,"Actual Startup Time": 0.010,"Actual Total Time": 0.012,"Actual Rows": 2,"Actual Loops": 57384,"Index Cond": "(l_orderkey = orders.o_orderkey)","Rows Removed by Index Recheck": 0,"Filter": "(l_returnflag = 'R'::bpchar)","Rows Removed by Filter": 2,"Workers": []}]},{"Node Type": "Hash","Parent Relationship": "Inner","Parallel Aware": true,"Async Capable": false,"Startup Cost": 4210.00,"Total Cost": 4210.00,"Plan Rows": 62500,"Plan Width": 148,"Actual Startup Time": 54.206,"Actual Total Time": 54.213,"Actual Rows": 37500,"Actual Loops": 4,"Hash Buckets": 262144,"Original Hash Buckets": 262144,"Hash Batches": 1,"Original Hash Batches": 1,"Peak Memory Usage": 29312,"Workers": [],"Plans": [{"Node Type": "Seq Scan","Parent Relationship": "Outer","Parallel Aware": true,"Async Capable": false,"Relation Name": "customer","Alias": "customer","Startup Cost": 0.00,"Total Cost": 4210.00,"Plan Rows": 62500,"Plan Width": 148,"Actual Startup Time": 0.020,"Actual Total Time": 23.974,"Actual Rows": 37500,"Actual Loops": 4,"Workers": []}]}]},{"Node Type": "Hash","Parent Relationship": "Inner","Parallel Aware": false,"Async Capable": false,"Startup Cost": 1.25,"Total Cost": 1.25,"Plan Rows": 25,"Plan Width": 108,"Actual Startup Time": 0.080,"Actual Total Time": 0.085,"Actual Rows": 25,"Actual Loops": 4,"Hash Buckets": 1024,"Original Hash Buckets": 1024,"Hash Batches": 1,"Original Hash Batches": 1,"Peak Memory Usage": 10,"Workers": [],"Plans": [{"Node Type": "Seq Scan","Parent Relationship": "Outer","Parallel Aware": false,"Async Capable": false,"Relation Name": "nation","Alias": "nation","Startup Cost": 0.00,"Total Cost": 1.25,"Plan Rows": 25,"Plan Width": 108,"Actual Startup Time": 0.053,"Actual Total Time": 0.059,"Actual Rows": 25,"Actual Loops": 4,"Workers": []}]}]}]}]}]},"Planning Time": 7.471,"Triggers": [],"Execution Time": 636.412}]
[{"Plan": {"Node Type": "Sort","Parallel Aware": false,"Async Capable": false,"Startup Cost": 132166.82,"Total Cost": 132310.11,"Plan Rows": 57318,"Plan Width": 280,"Actual Startup Time": 590.000,"Actual Total Time": 630.537,"Actual Rows": 37972,"Actual Loops": 1,"Sort Key": ["(sum((lineitem.l_extendedprice * ('1'::numeric - lineitem.l_discount)))) DESC"],"Sort Method": "quicksort","Sort Space Used": 9843,"Sort Space Type": "Memory","Plans": [{"Node Type": "Aggregate","Strategy": "Hashed","Partial Mode": "Simple","Parent Relationship": "Outer","Parallel Aware": false,"Async Capable": false,"Startup Cost": 126920.30,"Total Cost": 127636.77,"Plan Rows": 57318,"Plan Width": 280,"Actual Startup Time": 413.108,"Actual Total Time": 556.129,"Actual Rows": 37972,"Actual Loops": 1,"Group Key": ["customer.c_custkey", "nation.n_name"],"Planned Partitions": 0,"HashAgg Batches": 1,"Peak Memory Usage": 26129,"Disk Usage": 0,"Plans": [{"Node Type": "Gather","Parent Relationship": "Outer","Parallel Aware": false,"Async Capable": false,"Startup Cost": 6798.29,"Total Cost": 126203.82,"Plan Rows": 57318,"Plan Width": 260,"Actual Startup Time": 77.619,"Actual Total Time": 286.194,"Actual Rows": 114459,"Actual Loops": 1,"Workers Planned": 3,"Workers Launched": 3,"Single Copy": false,"Plans": [{"Node Type": "Hash Join","Parent Relationship": "Outer","Parallel Aware": false,"Async Capable": false,"Join Type": "Inner","Startup Cost": 5798.29,"Total Cost": 119472.02,"Plan Rows": 18490,"Plan Width": 260,"Actual Startup Time": 70.122,"Actual Total Time": 358.029,"Actual Rows": 28615,"Actual Loops": 4,"Inner Unique": true,"Hash Cond": "(customer.c_nationkey = nation.n_nationkey)","Workers": [],"Plans": [{"Node Type": "Hash Join","Parent Relationship": "Outer","Parallel Aware": true,"Async Capable": false,"Join Type": "Inner","Startup Cost": 5796.73,"Total Cost": 119413.69,"Plan Rows": 18490,"Plan Width": 160,"Actual Startup Time": 69.815,"Actual Total Time": 349.575,"Actual Rows": 28615,"Actual Loops": 4,"Inner Unique": true,"Hash Cond": "(orders.o_custkey = customer.c_custkey)","Workers": [],"Plans": [{"Node Type": "Nested Loop","Parent Relationship": "Outer","Parallel Aware": false,"Async Capable": false,"Join Type": "Inner","Startup Cost": 805.48,"Total Cost": 114373.91,"Plan Rows": 18490,"Plan Width": 16,"Actual Startup Time": 13.081,"Actual Total Time": 249.954,"Actual Rows": 28615,"Actual Loops": 4,"Inner Unique": false,"Workers": [],"Plans": [{"Node Type": "Bitmap Heap Scan","Parent Relationship": "Outer","Parallel Aware": true,"Async Capable": false,"Relation Name": "orders","Alias": "orders","Startup Cost": 805.05,"Total Cost": 27181.70,"Plan Rows": 18776,"Plan Width": 8,"Actual Startup Time": 13.019,"Actual Total Time": 71.418,"Actual Rows": 14305,"Actual Loops": 4,"Recheck Cond": "((o_orderdate >= '1994-10-01'::date) AND (o_orderdate < '1995-01-01 00:00:00'::timestamp without time zone))","Rows Removed by Index Recheck": 0,"Exact Heap Blocks": 3518,"Lossy Heap Blocks": 0,"Workers": [],"Plans": [{"Node Type": "Bitmap Index Scan","Parent Relationship": "Outer","Parallel Aware": false,"Async Capable": false,"Index Name": "idx_orders_orderdate","Startup Cost": 0.00,"Total Cost": 790.50,"Plan Rows": 58207,"Plan Width": 0,"Actual Startup Time": 9.954,"Actual Total Time": 9.955,"Actual Rows": 57219,"Actual Loops": 1,"Index Cond": "((o_orderdate >= '1994-10-01'::date) AND (o_orderdate < '1995-01-01 00:00:00'::timestamp without time zone))","Workers": []}]},{"Node Type": "Index Scan","Parent Relationship": "Inner","Parallel Aware": false,"Async Capable": false,"Scan Direction": "Forward","Index Name": "idx_lineitem_orderkey","Relation Name": "lineitem","Alias": "lineitem","Startup Cost": 0.43,"Total Cost": 4.60,"Plan Rows": 4,"Plan Width": 16,"Actual Startup Time": 0.010,"Actual Total Time": 0.012,"Actual Rows": 2,"Actual Loops": 57219,"Index Cond": "(l_orderkey = orders.o_orderkey)","Rows Removed by Index Recheck": 0,"Filter": "(l_returnflag = 'R'::bpchar)","Rows Removed by Filter": 2,"Workers": []}]},{"Node Type": "Hash","Parent Relationship": "Inner","Parallel Aware": true,"Async Capable": false,"Startup Cost": 4210.00,"Total Cost": 4210.00,"Plan Rows": 62500,"Plan Width": 148,"Actual Startup Time": 56.184,"Actual Total Time": 56.192,"Actual Rows": 37500,"Actual Loops": 4,"Hash Buckets": 262144,"Original Hash Buckets": 262144,"Hash Batches": 1,"Original Hash Batches": 1,"Peak Memory Usage": 29344,"Workers": [],"Plans": [{"Node Type": "Seq Scan","Parent Relationship": "Outer","Parallel Aware": true,"Async Capable": false,"Relation Name": "customer","Alias": "customer","Startup Cost": 0.00,"Total Cost": 4210.00,"Plan Rows": 62500,"Plan Width": 148,"Actual Startup Time": 0.017,"Actual Total Time": 25.696,"Actual Rows": 37500,"Actual Loops": 4,"Workers": []}]}]},{"Node Type": "Hash","Parent Relationship": "Inner","Parallel Aware": false,"Async Capable": false,"Startup Cost": 1.25,"Total Cost": 1.25,"Plan Rows": 25,"Plan Width": 108,"Actual Startup Time": 0.071,"Actual Total Time": 0.075,"Actual Rows": 25,"Actual Loops": 4,"Hash Buckets": 1024,"Original Hash Buckets": 1024,"Hash Batches": 1,"Original Hash Batches": 1,"Peak Memory Usage": 10,"Workers": [],"Plans": [{"Node Type": "Seq Scan","Parent Relationship": "Outer","Parallel Aware": false,"Async Capable": false,"Relation Name": "nation","Alias": "nation","Startup Cost": 0.00,"Total Cost": 1.25,"Plan Rows": 25,"Plan Width": 108,"Actual Startup Time": 0.050,"Actual Total Time": 0.053,"Actual Rows": 25,"Actual Loops": 4,"Workers": []}]}]}]}]}]},"Planning Time": 7.724,"Triggers": [],"Execution Time": 636.921}]
[{"Plan": {"Node Type": "Sort","Parallel Aware": false,"Async Capable": false,"Startup Cost": 128992.79,"Total Cost": 129130.12,"Plan Rows": 54934,"Plan Width": 280,"Actual Startup Time": 576.704,"Actual Total Time": 617.888,"Actual Rows": 37047,"Actual Loops": 1,"Sort Key": ["(sum((lineitem.l_extendedprice * ('1'::numeric - lineitem.l_discount)))) DESC"],"Sort Method": "quicksort","Sort Space Used": 9638,"Sort Space Type": "Memory","Plans": [{"Node Type": "Aggregate","Strategy": "Hashed","Partial Mode": "Simple","Parent Relationship": "Outer","Parallel Aware": false,"Async Capable": false,"Startup Cost": 123981.32,"Total Cost": 124668.00,"Plan Rows": 54934,"Plan Width": 280,"Actual Startup Time": 405.696,"Actual Total Time": 547.631,"Actual Rows": 37047,"Actual Loops": 1,"Group Key": ["customer.c_custkey", "nation.n_name"],"Planned Partitions": 0,"HashAgg Batches": 1,"Peak Memory Usage": 26129,"Disk Usage": 0,"Plans": [{"Node Type": "Gather","Parent Relationship": "Outer","Parallel Aware": false,"Async Capable": false,"Startup Cost": 6765.48,"Total Cost": 123294.65,"Plan Rows": 54934,"Plan Width": 260,"Actual Startup Time": 77.101,"Actual Total Time": 288.603,"Actual Rows": 110515,"Actual Loops": 1,"Workers Planned": 3,"Workers Launched": 3,"Single Copy": false,"Plans": [{"Node Type": "Hash Join","Parent Relationship": "Outer","Parallel Aware": false,"Async Capable": false,"Join Type": "Inner","Startup Cost": 5765.48,"Total Cost": 116801.25,"Plan Rows": 17721,"Plan Width": 260,"Actual Startup Time": 69.802,"Actual Total Time": 351.295,"Actual Rows": 27629,"Actual Loops": 4,"Inner Unique": true,"Hash Cond": "(customer.c_nationkey = nation.n_nationkey)","Workers": [],"Plans": [{"Node Type": "Nested Loop","Parent Relationship": "Outer","Parallel Aware": false,"Async Capable": false,"Join Type": "Inner","Startup Cost": 5763.92,"Total Cost": 116745.28,"Plan Rows": 17721,"Plan Width": 160,"Actual Startup Time": 69.448,"Actual Total Time": 342.448,"Actual Rows": 27629,"Actual Loops": 4,"Inner Unique": false,"Workers": [],"Plans": [{"Node Type": "Hash Join","Parent Relationship": "Outer","Parallel Aware": true,"Async Capable": false,"Join Type": "Inner","Startup Cost": 5763.48,"Total Cost": 32175.66,"Plan Rows": 17995,"Plan Width": 152,"Actual Startup Time": 69.393,"Actual Total Time": 167.356,"Actual Rows": 13816,"Actual Loops": 4,"Inner Unique": true,"Hash Cond": "(orders.o_custkey = customer.c_custkey)","Workers": [],"Plans": [{"Node Type": "Bitmap Heap Scan","Parent Relationship": "Outer","Parallel Aware": true,"Async Capable": false,"Relation Name": "orders","Alias": "orders","Startup Cost": 772.23,"Total Cost": 27137.17,"Plan Rows": 17996,"Plan Width": 8,"Actual Startup Time": 13.220,"Actual Total Time": 67.142,"Actual Rows": 13816,"Actual Loops": 4,"Recheck Cond": "((o_orderdate >= '1993-02-01'::date) AND (o_orderdate < '1993-05-01 00:00:00'::timestamp without time zone))","Rows Removed by Index Recheck": 0,"Exact Heap Blocks": 3458,"Lossy Heap Blocks": 0,"Workers": [],"Plans": [{"Node Type": "Bitmap Index Scan","Parent Relationship": "Outer","Parallel Aware": false,"Async Capable": false,"Index Name": "idx_orders_orderdate","Startup Cost": 0.00,"Total Cost": 758.29,"Plan Rows": 55786,"Plan Width": 0,"Actual Startup Time": 10.104,"Actual Total Time": 10.109,"Actual Rows": 55266,"Actual Loops": 1,"Index Cond": "((o_orderdate >= '1993-02-01'::date) AND (o_orderdate < '1993-05-01 00:00:00'::timestamp without time zone))","Workers": []}]},{"Node Type": "Hash","Parent Relationship": "Inner","Parallel Aware": true,"Async Capable": false,"Startup Cost": 4210.00,"Total Cost": 4210.00,"Plan Rows": 62500,"Plan Width": 148,"Actual Startup Time": 55.605,"Actual Total Time": 55.613,"Actual Rows": 37500,"Actual Loops": 4,"Hash Buckets": 262144,"Original Hash Buckets": 262144,"Hash Batches": 1,"Original Hash Batches": 1,"Peak Memory Usage": 29312,"Workers": [],"Plans": [{"Node Type": "Seq Scan","Parent Relationship": "Outer","Parallel Aware": true,"Async Capable": false,"Relation Name": "customer","Alias": "customer","Startup Cost": 0.00,"Total Cost": 4210.00,"Plan Rows": 62500,"Plan Width": 148,"Actual Startup Time": 0.022,"Actual Total Time": 25.460,"Actual Rows": 37500,"Actual Loops": 4,"Workers": []}]}]},{"Node Type": "Index Scan","Parent Relationship": "Inner","Parallel Aware": false,"Async Capable": false,"Scan Direction": "Forward","Index Name": "idx_lineitem_orderkey","Relation Name": "lineitem","Alias": "lineitem","Startup Cost": 0.43,"Total Cost": 4.66,"Plan Rows": 4,"Plan Width": 16,"Actual Startup Time": 0.010,"Actual Total Time": 0.012,"Actual Rows": 2,"Actual Loops": 55266,"Index Cond": "(l_orderkey = orders.o_orderkey)","Rows Removed by Index Recheck": 0,"Filter": "(l_returnflag = 'R'::bpchar)","Rows Removed by Filter": 2,"Workers": []}]},{"Node Type": "Hash","Parent Relationship": "Inner","Parallel Aware": false,"Async Capable": false,"Startup Cost": 1.25,"Total Cost": 1.25,"Plan Rows": 25,"Plan Width": 108,"Actual Startup Time": 0.078,"Actual Total Time": 0.083,"Actual Rows": 25,"Actual Loops": 4,"Hash Buckets": 1024,"Original Hash Buckets": 1024,"Hash Batches": 1,"Original Hash Batches": 1,"Peak Memory Usage": 10,"Workers": [],"Plans": [{"Node Type": "Seq Scan","Parent Relationship": "Outer","Parallel Aware": false,"Async Capable": false,"Relation Name": "nation","Alias": "nation","Startup Cost": 0.00,"Total Cost": 1.25,"Plan Rows": 25,"Plan Width": 108,"Actual Startup Time": 0.053,"Actual Total Time": 0.057,"Actual Rows": 25,"Actual Loops": 4,"Workers": []}]}]}]}]}]},"Planning Time": 7.802,"Triggers": [],"Execution Time": 623.390}]
[{"Plan": {"Node Type": "Sort","Parallel Aware": false,"Async Capable": false,"Startup Cost": 129819.00,"Total Cost": 129957.88,"Plan Rows": 55552,"Plan Width": 280,"Actual Startup Time": 608.281,"Actual Total Time": 648.391,"Actual Rows": 37948,"Actual Loops": 1,"Sort Key": ["(sum((lineitem.l_extendedprice * ('1'::numeric - lineitem.l_discount)))) DESC"],"Sort Method": "quicksort","Sort Space Used": 9840,"Sort Space Type": "Memory","Plans": [{"Node Type": "Aggregate","Strategy": "Hashed","Partial Mode": "Simple","Parent Relationship": "Outer","Parallel Aware": false,"Async Capable": false,"Startup Cost": 124746.67,"Total Cost": 125441.07,"Plan Rows": 55552,"Plan Width": 280,"Actual Startup Time": 419.818,"Actual Total Time": 574.956,"Actual Rows": 37948,"Actual Loops": 1,"Group Key": ["customer.c_custkey", "nation.n_name"],"Planned Partitions": 0,"HashAgg Batches": 1,"Peak Memory Usage": 26129,"Disk Usage": 0,"Plans": [{"Node Type": "Gather","Parent Relationship": "Outer","Parallel Aware": false,"Async Capable": false,"Startup Cost": 6771.91,"Total Cost": 124052.27,"Plan Rows": 55552,"Plan Width": 260,"Actual Startup Time": 82.501,"Actual Total Time": 287.884,"Actual Rows": 114775,"Actual Loops": 1,"Workers Planned": 3,"Workers Launched": 3,"Single Copy": false,"Plans": [{"Node Type": "Hash Join","Parent Relationship": "Outer","Parallel Aware": false,"Async Capable": false,"Join Type": "Inner","Startup Cost": 5771.91,"Total Cost": 117497.07,"Plan Rows": 17920,"Plan Width": 260,"Actual Startup Time": 75.276,"Actual Total Time": 362.951,"Actual Rows": 28694,"Actual Loops": 4,"Inner Unique": true,"Hash Cond": "(customer.c_nationkey = nation.n_nationkey)","Workers": [],"Plans": [{"Node Type": "Hash Join","Parent Relationship": "Outer","Parallel Aware": true,"Async Capable": false,"Join Type": "Inner","Startup Cost": 5770.34,"Total Cost": 117440.49,"Plan Rows": 17920,"Plan Width": 160,"Actual Startup Time": 74.883,"Actual Total Time": 354.260,"Actual Rows": 28694,"Actual Loops": 4,"Inner Unique": true,"Hash Cond": "(orders.o_custkey = customer.c_custkey)","Workers": [],"Plans": [{"Node Type": "Nested Loop","Parent Relationship": "Outer","Parallel Aware": false,"Async Capable": false,"Join Type": "Inner","Startup Cost": 779.09,"Total Cost": 112402.20,"Plan Rows": 17920,"Plan Width": 16,"Actual Startup Time": 13.340,"Actual Total Time": 252.834,"Actual Rows": 28694,"Actual Loops": 4,"Inner Unique": false,"Workers": [],"Plans": [{"Node Type": "Bitmap Heap Scan","Parent Relationship": "Outer","Parallel Aware": true,"Async Capable": false,"Relation Name": "orders","Alias": "orders","Startup Cost": 778.66,"Total Cost": 27146.63,"Plan Rows": 18198,"Plan Width": 8,"Actual Startup Time": 13.279,"Actual Total Time": 70.699,"Actual Rows": 14304,"Actual Loops": 4,"Recheck Cond": "((o_orderdate >= '1993-07-01'::date) AND (o_orderdate < '1993-10-01 00:00:00'::timestamp without time zone))","Rows Removed by Index Recheck": 0,"Exact Heap Blocks": 3636,"Lossy Heap Blocks": 0,"Workers": [],"Plans": [{"Node Type": "Bitmap Index Scan","Parent Relationship": "Outer","Parallel Aware": false,"Async Capable": false,"Index Name": "idx_orders_orderdate","Startup Cost": 0.00,"Total Cost": 764.56,"Plan Rows": 56413,"Plan Width": 0,"Actual Startup Time": 10.131,"Actual Total Time": 10.133,"Actual Rows": 57218,"Actual Loops": 1,"Index Cond": "((o_orderdate >= '1993-07-01'::date) AND (o_orderdate < '1993-10-01 00:00:00'::timestamp without time zone))","Workers": []}]},{"Node Type": "Index Scan","Parent Relationship": "Inner","Parallel Aware": false,"Async Capable": false,"Scan Direction": "Forward","Index Name": "idx_lineitem_orderkey","Relation Name": "lineitem","Alias": "lineitem","Startup Cost": 0.43,"Total Cost": 4.64,"Plan Rows": 4,"Plan Width": 16,"Actual Startup Time": 0.010,"Actual Total Time": 0.012,"Actual Rows": 2,"Actual Loops": 57218,"Index Cond": "(l_orderkey = orders.o_orderkey)","Rows Removed by Index Recheck": 0,"Filter": "(l_returnflag = 'R'::bpchar)","Rows Removed by Filter": 2,"Workers": []}]},{"Node Type": "Hash","Parent Relationship": "Inner","Parallel Aware": true,"Async Capable": false,"Startup Cost": 4210.00,"Total Cost": 4210.00,"Plan Rows": 62500,"Plan Width": 148,"Actual Startup Time": 60.976,"Actual Total Time": 60.983,"Actual Rows": 37500,"Actual Loops": 4,"Hash Buckets": 262144,"Original Hash Buckets": 262144,"Hash Batches": 1,"Original Hash Batches": 1,"Peak Memory Usage": 29344,"Workers": [],"Plans": [{"Node Type": "Seq Scan","Parent Relationship": "Outer","Parallel Aware": true,"Async Capable": false,"Relation Name": "customer","Alias": "customer","Startup Cost": 0.00,"Total Cost": 4210.00,"Plan Rows": 62500,"Plan Width": 148,"Actual Startup Time": 0.026,"Actual Total Time": 27.898,"Actual Rows": 37500,"Actual Loops": 4,"Workers": []}]}]},{"Node Type": "Hash","Parent Relationship": "Inner","Parallel Aware": false,"Async Capable": false,"Startup Cost": 1.25,"Total Cost": 1.25,"Plan Rows": 25,"Plan Width": 108,"Actual Startup Time": 0.100,"Actual Total Time": 0.105,"Actual Rows": 25,"Actual Loops": 4,"Hash Buckets": 1024,"Original Hash Buckets": 1024,"Hash Batches": 1,"Original Hash Batches": 1,"Peak Memory Usage": 10,"Workers": [],"Plans": [{"Node Type": "Seq Scan","Parent Relationship": "Outer","Parallel Aware": false,"Async Capable": false,"Relation Name": "nation","Alias": "nation","Startup Cost": 0.00,"Total Cost": 1.25,"Plan Rows": 25,"Plan Width": 108,"Actual Startup Time": 0.065,"Actual Total Time": 0.072,"Actual Rows": 25,"Actual Loops": 4,"Workers": []}]}]}]}]}]},"Planning Time": 6.175,"Triggers": [],"Execution Time": 652.968}]
[{"Plan": {"Node Type": "Sort","Parallel Aware": false,"Async Capable": false,"Startup Cost": 135294.26,"Total Cost": 135443.48,"Plan Rows": 59689,"Plan Width": 280,"Actual Startup Time": 545.457,"Actual Total Time": 585.279,"Actual Rows": 35593,"Actual Loops": 1,"Sort Key": ["(sum((lineitem.l_extendedprice * ('1'::numeric - lineitem.l_discount)))) DESC"],"Sort Method": "quicksort","Sort Space Used": 9317,"Sort Space Type": "Memory","Plans": [{"Node Type": "Aggregate","Strategy": "Hashed","Partial Mode": "Simple","Parent Relationship": "Outer","Parallel Aware": false,"Async Capable": false,"Startup Cost": 129813.27,"Total Cost": 130559.38,"Plan Rows": 59689,"Plan Width": 280,"Actual Startup Time": 389.996,"Actual Total Time": 517.393,"Actual Rows": 35593,"Actual Loops": 1,"Group Key": ["customer.c_custkey", "nation.n_name"],"Planned Partitions": 0,"HashAgg Batches": 1,"Peak Memory Usage": 27665,"Disk Usage": 0,"Plans": [{"Node Type": "Gather","Parent Relationship": "Outer","Parallel Aware": false,"Async Capable": false,"Startup Cost": 6830.97,"Total Cost": 129067.15,"Plan Rows": 59689,"Plan Width": 260,"Actual Startup Time": 76.518,"Actual Total Time": 281.363,"Actual Rows": 94907,"Actual Loops": 1,"Workers Planned": 3,"Workers Launched": 3,"Single Copy": false,"Plans": [{"Node Type": "Hash Join","Parent Relationship": "Outer","Parallel Aware": false,"Async Capable": false,"Join Type": "Inner","Startup Cost": 5830.97,"Total Cost": 122098.25,"Plan Rows": 19255,"Plan Width": 260,"Actual Startup Time": 68.775,"Actual Total Time": 339.806,"Actual Rows": 23727,"Actual Loops": 4,"Inner Unique": true,"Hash Cond": "(customer.c_nationkey = nation.n_nationkey)","Workers": [],"Plans": [{"Node Type": "Hash Join","Parent Relationship": "Outer","Parallel Aware": true,"Async Capable": false,"Join Type": "Inner","Startup Cost": 5829.40,"Total Cost": 122037.58,"Plan Rows": 19255,"Plan Width": 160,"Actual Startup Time": 68.296,"Actual Total Time": 331.130,"Actual Rows": 23727,"Actual Loops": 4,"Inner Unique": true,"Hash Cond": "(orders.o_custkey = customer.c_custkey)","Workers": [],"Plans": [{"Node Type": "Nested Loop","Parent Relationship": "Outer","Parallel Aware": false,"Async Capable": false,"Join Type": "Inner","Startup Cost": 838.15,"Total Cost": 116995.79,"Plan Rows": 19255,"Plan Width": 16,"Actual Startup Time": 13.636,"Actual Total Time": 241.200,"Actual Rows": 23727,"Actual Loops": 4,"Inner Unique": false,"Workers": [],"Plans": [{"Node Type": "Bitmap Heap Scan","Parent Relationship": "Outer","Parallel Aware": true,"Async Capable": false,"Relation Name": "orders","Alias": "orders","Startup Cost": 837.72,"Total Cost": 27226.01,"Plan Rows": 19553,"Plan Width": 8,"Actual Startup Time": 13.552,"Actual Total Time": 68.983,"Actual Rows": 14126,"Actual Loops": 4,"Recheck Cond": "((o_orderdate >= '1995-01-01'::date) AND (o_orderdate < '1995-04-01 00:00:00'::timestamp without time zone))","Rows Removed by Index Recheck": 0,"Exact Heap Blocks": 3623,"Lossy Heap Blocks": 0,"Workers": [],"Plans": [{"Node Type": "Bitmap Index Scan","Parent Relationship": "Outer","Parallel Aware": false,"Async Capable": false,"Index Name": "idx_orders_orderdate","Startup Cost": 0.00,"Total Cost": 822.57,"Plan Rows": 60614,"Plan Width": 0,"Actual Startup Time": 10.475,"Actual Total Time": 10.479,"Actual Rows": 56506,"Actual Loops": 1,"Index Cond": "((o_orderdate >= '1995-01-01'::date) AND (o_orderdate < '1995-04-01 00:00:00'::timestamp without time zone))","Workers": []}]},{"Node Type": "Index Scan","Parent Relationship": "Inner","Parallel Aware": false,"Async Capable": false,"Scan Direction": "Forward","Index Name": "idx_lineitem_orderkey","Relation Name": "lineitem","Alias": "lineitem","Startup Cost": 0.43,"Total Cost": 4.55,"Plan Rows": 4,"Plan Width": 16,"Actual Startup Time": 0.010,"Actual Total Time": 0.012,"Actual Rows": 2,"Actual Loops": 56506,"Index Cond": "(l_orderkey = orders.o_orderkey)","Rows Removed by Index Recheck": 0,"Filter": "(l_returnflag = 'R'::bpchar)","Rows Removed by Filter": 2,"Workers": []}]},{"Node Type": "Hash","Parent Relationship": "Inner","Parallel Aware": true,"Async Capable": false,"Startup Cost": 4210.00,"Total Cost": 4210.00,"Plan Rows": 62500,"Plan Width": 148,"Actual Startup Time": 54.088,"Actual Total Time": 54.097,"Actual Rows": 37500,"Actual Loops": 4,"Hash Buckets": 262144,"Original Hash Buckets": 262144,"Hash Batches": 1,"Original Hash Batches": 1,"Peak Memory Usage": 29312,"Workers": [],"Plans": [{"Node Type": "Seq Scan","Parent Relationship": "Outer","Parallel Aware": true,"Async Capable": false,"Relation Name": "customer","Alias": "customer","Startup Cost": 0.00,"Total Cost": 4210.00,"Plan Rows": 62500,"Plan Width": 148,"Actual Startup Time": 0.033,"Actual Total Time": 23.775,"Actual Rows": 37500,"Actual Loops": 4,"Workers": []}]}]},{"Node Type": "Hash","Parent Relationship": "Inner","Parallel Aware": false,"Async Capable": false,"Startup Cost": 1.25,"Total Cost": 1.25,"Plan Rows": 25,"Plan Width": 108,"Actual Startup Time": 0.094,"Actual Total Time": 0.098,"Actual Rows": 25,"Actual Loops": 4,"Hash Buckets": 1024,"Original Hash Buckets": 1024,"Hash Batches": 1,"Original Hash Batches": 1,"Peak Memory Usage": 10,"Workers": [],"Plans": [{"Node Type": "Seq Scan","Parent Relationship": "Outer","Parallel Aware": false,"Async Capable": false,"Relation Name": "nation","Alias": "nation","Startup Cost": 0.00,"Total Cost": 1.25,"Plan Rows": 25,"Plan Width": 108,"Actual Startup Time": 0.062,"Actual Total Time": 0.068,"Actual Rows": 25,"Actual Loops": 4,"Workers": []}]}]}]}]}]},"Planning Time": 7.620,"Triggers": [],"Execution Time": 593.147}]
[{"Plan": {"Node Type": "Sort","Parallel Aware": false,"Async Capable": false,"Startup Cost": 132365.07,"Total Cost": 132508.74,"Plan Rows": 57466,"Plan Width": 280,"Actual Startup Time": 604.092,"Actual Total Time": 644.113,"Actual Rows": 37690,"Actual Loops": 1,"Sort Key": ["(sum((lineitem.l_extendedprice * ('1'::numeric - lineitem.l_discount)))) DESC"],"Sort Method": "quicksort","Sort Space Used": 9779,"Sort Space Type": "Memory","Plans": [{"Node Type": "Aggregate","Strategy": "Hashed","Partial Mode": "Simple","Parent Relationship": "Outer","Parallel Aware": false,"Async Capable": false,"Startup Cost": 127103.94,"Total Cost": 127822.26,"Plan Rows": 57466,"Plan Width": 280,"Actual Startup Time": 420.502,"Actual Total Time": 570.586,"Actual Rows": 37690,"Actual Loops": 1,"Group Key": ["customer.c_custkey", "nation.n_name"],"Planned Partitions": 0,"HashAgg Batches": 1,"Peak Memory Usage": 26129,"Disk Usage": 0,"Plans": [{"Node Type": "Gather","Parent Relationship": "Outer","Parallel Aware": false,"Async Capable": false,"Startup Cost": 6799.83,"Total Cost": 126385.61,"Plan Rows": 57466,"Plan Width": 260,"Actual Startup Time": 84.807,"Actual Total Time": 291.020,"Actual Rows": 113599,"Actual Loops": 1,"Workers Planned": 3,"Workers Launched": 3,"Single Copy": false,"Plans": [{"Node Type": "Hash Join","Parent Relationship": "Outer","Parallel Aware": false,"Async Capable": false,"Join Type": "Inner","Startup Cost": 5799.83,"Total Cost": 119639.01,"Plan Rows": 18537,"Plan Width": 260,"Actual Startup Time": 77.448,"Actual Total Time": 365.330,"Actual Rows": 28400,"Actual Loops": 4,"Inner Unique": true,"Hash Cond": "(customer.c_nationkey = nation.n_nationkey)","Workers": [],"Plans": [{"Node Type": "Hash Join","Parent Relationship": "Outer","Parallel Aware": true,"Async Capable": false,"Join Type": "Inner","Startup Cost": 5798.27,"Total Cost": 119580.55,"Plan Rows": 18537,"Plan Width": 160,"Actual Startup Time": 76.978,"Actual Total Time": 356.100,"Actual Rows": 28400,"Actual Loops": 4,"Inner Unique": true,"Hash Cond": "(orders.o_custkey = customer.c_custkey)","Workers": [],"Plans": [{"Node Type": "Nested Loop","Parent Relationship": "Outer","Parallel Aware": false,"Async Capable": false,"Join Type": "Inner","Startup Cost": 807.02,"Total Cost": 114540.64,"Plan Rows": 18537,"Plan Width": 16,"Actual Startup Time": 13.069,"Actual Total Time": 252.235,"Actual Rows": 28400,"Actual Loops": 4,"Inner Unique": false,"Workers": [],"Plans": [{"Node Type": "Bitmap Heap Scan","Parent Relationship": "Outer","Parallel Aware": true,"Async Capable": false,"Relation Name": "orders","Alias": "orders","Startup Cost": 806.59,"Total Cost": 27183.96,"Plan Rows": 18825,"Plan Width": 8,"Actual Startup Time": 13.002,"Actual Total Time": 70.665,"Actual Rows": 14161,"Actual Loops": 4,"Recheck Cond": "((o_orderdate >= '1994-04-01'::date) AND (o_orderdate < '1994-07-01 00:00:00'::timestamp without time zone))","Rows Removed by Index Recheck": 0,"Exact Heap Blocks": 3668,"Lossy Heap Blocks": 0,"Workers": [],"Plans": [{"Node Type": "Bitmap Index Scan","Parent Relationship": "Outer","Parallel Aware": false,"Async Capable": false,"Index Name": "idx_orders_orderdate","Startup Cost": 0.00,"Total Cost": 792.00,"Plan Rows": 58357,"Plan Width": 0,"Actual Startup Time": 9.907,"Actual Total Time": 9.915,"Actual Rows": 56645,"Actual Loops": 1,"Index Cond": "((o_orderdate >= '1994-04-01'::date) AND (o_orderdate < '1994-07-01 00:00:00'::timestamp without time zone))","Workers": []}]},{"Node Type": "Index Scan","Parent Relationship": "Inner","Parallel Aware": false,"Async Capable": false,"Scan Direction": "Forward","Index Name": "idx_lineitem_orderkey","Relation Name": "lineitem","Alias": "lineitem","Startup Cost": 0.43,"Total Cost": 4.60,"Plan Rows": 4,"Plan Width": 16,"Actual Startup Time": 0.010,"Actual Total Time": 0.012,"Actual Rows": 2,"Actual Loops": 56645,"Index Cond": "(l_orderkey = orders.o_orderkey)","Rows Removed by Index Recheck": 0,"Filter": "(l_returnflag = 'R'::bpchar)","Rows Removed by Filter": 2,"Workers": []}]},{"Node Type": "Hash","Parent Relationship": "Inner","Parallel Aware": true,"Async Capable": false,"Startup Cost": 4210.00,"Total Cost": 4210.00,"Plan Rows": 62500,"Plan Width": 148,"Actual Startup Time": 63.332,"Actual Total Time": 63.338,"Actual Rows": 37500,"Actual Loops": 4,"Hash Buckets": 262144,"Original Hash Buckets": 262144,"Hash Batches": 1,"Original Hash Batches": 1,"Peak Memory Usage": 29344,"Workers": [],"Plans": [{"Node Type": "Seq Scan","Parent Relationship": "Outer","Parallel Aware": true,"Async Capable": false,"Relation Name": "customer","Alias": "customer","Startup Cost": 0.00,"Total Cost": 4210.00,"Plan Rows": 62500,"Plan Width": 148,"Actual Startup Time": 0.025,"Actual Total Time": 28.533,"Actual Rows": 37500,"Actual Loops": 4,"Workers": []}]}]},{"Node Type": "Hash","Parent Relationship": "Inner","Parallel Aware": false,"Async Capable": false,"Startup Cost": 1.25,"Total Cost": 1.25,"Plan Rows": 25,"Plan Width": 108,"Actual Startup Time": 0.107,"Actual Total Time": 0.110,"Actual Rows": 25,"Actual Loops": 4,"Hash Buckets": 1024,"Original Hash Buckets": 1024,"Hash Batches": 1,"Original Hash Batches": 1,"Peak Memory Usage": 10,"Workers": [],"Plans": [{"Node Type": "Seq Scan","Parent Relationship": "Outer","Parallel Aware": false,"Async Capable": false,"Relation Name": "nation","Alias": "nation","Startup Cost": 0.00,"Total Cost": 1.25,"Plan Rows": 25,"Plan Width": 108,"Actual Startup Time": 0.074,"Actual Total Time": 0.080,"Actual Rows": 25,"Actual Loops": 4,"Workers": []}]}]}]}]}]},"Planning Time": 6.317,"Triggers": [],"Execution Time": 648.403}]
[{"Plan": {"Node Type": "Sort","Parallel Aware": false,"Async Capable": false,"Startup Cost": 127549.79,"Total Cost": 127684.44,"Plan Rows": 53858,"Plan Width": 280,"Actual Startup Time": 605.399,"Actual Total Time": 645.666,"Actual Rows": 37880,"Actual Loops": 1,"Sort Key": ["(sum((lineitem.l_extendedprice * ('1'::numeric - lineitem.l_discount)))) DESC"],"Sort Method": "quicksort","Sort Space Used": 9830,"Sort Space Type": "Memory","Plans": [{"Node Type": "Aggregate","Strategy": "Hashed","Partial Mode": "Simple","Parent Relationship": "Outer","Parallel Aware": false,"Async Capable": false,"Startup Cost": 122644.17,"Total Cost": 123317.39,"Plan Rows": 53858,"Plan Width": 280,"Actual Startup Time": 424.771,"Actual Total Time": 574.608,"Actual Rows": 37880,"Actual Loops": 1,"Group Key": ["customer.c_custkey", "nation.n_name"],"Planned Partitions": 0,"HashAgg Batches": 1,"Peak Memory Usage": 26129,"Disk Usage": 0,"Plans": [{"Node Type": "Gather","Parent Relationship": "Outer","Parallel Aware": false,"Async Capable": false,"Startup Cost": 6750.28,"Total Cost": 121970.94,"Plan Rows": 53858,"Plan Width": 260,"Actual Startup Time": 85.178,"Actual Total Time": 295.165,"Actual Rows": 114508,"Actual Loops": 1,"Workers Planned": 3,"Workers Launched": 3,"Single Copy": false,"Plans": [{"Node Type": "Hash Join","Parent Relationship": "Outer","Parallel Aware": false,"Async Capable": false,"Join Type": "Inner","Startup Cost": 5750.28,"Total Cost": 115585.14,"Plan Rows": 17374,"Plan Width": 260,"Actual Startup Time": 78.100,"Actual Total Time": 368.715,"Actual Rows": 28627,"Actual Loops": 4,"Inner Unique": true,"Hash Cond": "(customer.c_nationkey = nation.n_nationkey)","Workers": [],"Plans": [{"Node Type": "Hash Join","Parent Relationship": "Outer","Parallel Aware": true,"Async Capable": false,"Join Type": "Inner","Startup Cost": 5748.71,"Total Cost": 115530.24,"Plan Rows": 17374,"Plan Width": 160,"Actual Startup Time": 77.678,"Actual Total Time": 360.085,"Actual Rows": 28627,"Actual Loops": 4,"Inner Unique": true,"Hash Cond": "(orders.o_custkey = customer.c_custkey)","Workers": [],"Plans": [{"Node Type": "Nested Loop","Parent Relationship": "Outer","Parallel Aware": false,"Async Capable": false,"Join Type": "Inner","Startup Cost": 757.46,"Total Cost": 110493.39,"Plan Rows": 17374,"Plan Width": 16,"Actual Startup Time": 13.130,"Actual Total Time": 256.172,"Actual Rows": 28627,"Actual Loops": 4,"Inner Unique": false,"Workers": [],"Plans": [{"Node Type": "Bitmap Heap Scan","Parent Relationship": "Outer","Parallel Aware": true,"Async Capable": false,"Relation Name": "orders","Alias": "orders","Startup Cost": 757.03,"Total Cost": 27116.67,"Plan Rows": 17643,"Plan Width": 8,"Actual Startup Time": 13.063,"Actual Total Time": 71.665,"Actual Rows": 14273,"Actual Loops": 4,"Recheck Cond": "((o_orderdate >= '1993-05-01'::date) AND (o_orderdate < '1993-08-01 00:00:00'::timestamp without time zone))","Rows Removed by Index Recheck": 0,"Exact Heap Blocks": 3695,"Lossy Heap Blocks": 0,"Workers": [],"Plans": [{"Node Type": "Bitmap Index Scan","Parent Relationship": "Outer","Parallel Aware": false,"Async Capable": false,"Index Name": "idx_orders_orderdate","Startup Cost": 0.00,"Total Cost": 743.36,"Plan Rows": 54693,"Plan Width": 0,"Actual Startup Time": 9.957,"Actual Total Time": 9.964,"Actual Rows": 57093,"Actual Loops": 1,"Index Cond": "((o_orderdate >= '1993-05-01'::date) AND (o_orderdate < '1993-08-01 00:00:00'::timestamp without time zone))","Workers": []}]},{"Node Type": "Index Scan","Parent Relationship": "Inner","Parallel Aware": false,"Async Capable": false,"Scan Direction": "Forward","Index Name": "idx_lineitem_orderkey","Relation Name": "lineitem","Alias": "lineitem","Startup Cost": 0.43,"Total Cost": 4.69,"Plan Rows": 4,"Plan Width": 16,"Actual Startup Time": 0.011,"Actual Total Time": 0.013,"Actual Rows": 2,"Actual Loops": 57093,"Index Cond": "(l_orderkey = orders.o_orderkey)","Rows Removed by Index Recheck": 0,"Filter": "(l_returnflag = 'R'::bpchar)","Rows Removed by Filter": 2,"Workers": []}]},{"Node Type": "Hash","Parent Relationship": "Inner","Parallel Aware": true,"Async Capable": false,"Startup Cost": 4210.00,"Total Cost": 4210.00,"Plan Rows": 62500,"Plan Width": 148,"Actual Startup Time": 63.988,"Actual Total Time": 63.994,"Actual Rows": 37500,"Actual Loops": 4,"Hash Buckets": 262144,"Original Hash Buckets": 262144,"Hash Batches": 1,"Original Hash Batches": 1,"Peak Memory Usage": 29344,"Workers": [],"Plans": [{"Node Type": "Seq Scan","Parent Relationship": "Outer","Parallel Aware": true,"Async Capable": false,"Relation Name": "customer","Alias": "customer","Startup Cost": 0.00,"Total Cost": 4210.00,"Plan Rows": 62500,"Plan Width": 148,"Actual Startup Time": 0.034,"Actual Total Time": 28.777,"Actual Rows": 37500,"Actual Loops": 4,"Workers": []}]}]},{"Node Type": "Hash","Parent Relationship": "Inner","Parallel Aware": false,"Async Capable": false,"Startup Cost": 1.25,"Total Cost": 1.25,"Plan Rows": 25,"Plan Width": 108,"Actual Startup Time": 0.078,"Actual Total Time": 0.083,"Actual Rows": 25,"Actual Loops": 4,"Hash Buckets": 1024,"Original Hash Buckets": 1024,"Hash Batches": 1,"Original Hash Batches": 1,"Peak Memory Usage": 10,"Workers": [],"Plans": [{"Node Type": "Seq Scan","Parent Relationship": "Outer","Parallel Aware": false,"Async Capable": false,"Relation Name": "nation","Alias": "nation","Startup Cost": 0.00,"Total Cost": 1.25,"Plan Rows": 25,"Plan Width": 108,"Actual Startup Time": 0.048,"Actual Total Time": 0.055,"Actual Rows": 25,"Actual Loops": 4,"Workers": []}]}]}]}]}]},"Planning Time": 7.141,"Triggers": [],"Execution Time": 649.992}]
[{"Plan": {"Node Type": "Sort","Parallel Aware": false,"Async Capable": false,"Startup Cost": 135294.26,"Total Cost": 135443.48,"Plan Rows": 59689,"Plan Width": 280,"Actual Startup Time": 545.457,"Actual Total Time": 585.279,"Actual Rows": 35593,"Actual Loops": 1,"Sort Key": ["(sum((lineitem.l_extendedprice * ('1'::numeric - lineitem.l_discount)))) DESC"],"Sort Method": "quicksort","Sort Space Used": 9317,"Sort Space Type": "Memory","Plans": [{"Node Type": "Aggregate","Strategy": "Hashed","Partial Mode": "Simple","Parent Relationship": "Outer","Parallel Aware": false,"Async Capable": false,"Startup Cost": 129813.27,"Total Cost": 130559.38,"Plan Rows": 59689,"Plan Width": 280,"Actual Startup Time": 389.996,"Actual Total Time": 517.393,"Actual Rows": 35593,"Actual Loops": 1,"Group Key": ["customer.c_custkey", "nation.n_name"],"Planned Partitions": 0,"HashAgg Batches": 1,"Peak Memory Usage": 27665,"Disk Usage": 0,"Plans": [{"Node Type": "Gather","Parent Relationship": "Outer","Parallel Aware": false,"Async Capable": false,"Startup Cost": 6830.97,"Total Cost": 129067.15,"Plan Rows": 59689,"Plan Width": 260,"Actual Startup Time": 76.518,"Actual Total Time": 281.363,"Actual Rows": 94907,"Actual Loops": 1,"Workers Planned": 3,"Workers Launched": 3,"Single Copy": false,"Plans": [{"Node Type": "Hash Join","Parent Relationship": "Outer","Parallel Aware": false,"Async Capable": false,"Join Type": "Inner","Startup Cost": 5830.97,"Total Cost": 122098.25,"Plan Rows": 19255,"Plan Width": 260,"Actual Startup Time": 68.775,"Actual Total Time": 339.806,"Actual Rows": 23727,"Actual Loops": 4,"Inner Unique": true,"Hash Cond": "(customer.c_nationkey = nation.n_nationkey)","Workers": [],"Plans": [{"Node Type": "Hash Join","Parent Relationship": "Outer","Parallel Aware": true,"Async Capable": false,"Join Type": "Inner","Startup Cost": 5829.40,"Total Cost": 122037.58,"Plan Rows": 19255,"Plan Width": 160,"Actual Startup Time": 68.296,"Actual Total Time": 331.130,"Actual Rows": 23727,"Actual Loops": 4,"Inner Unique": true,"Hash Cond": "(orders.o_custkey = customer.c_custkey)","Workers": [],"Plans": [{"Node Type": "Nested Loop","Parent Relationship": "Outer","Parallel Aware": false,"Async Capable": false,"Join Type": "Inner","Startup Cost": 838.15,"Total Cost": 116995.79,"Plan Rows": 19255,"Plan Width": 16,"Actual Startup Time": 13.636,"Actual Total Time": 241.200,"Actual Rows": 23727,"Actual Loops": 4,"Inner Unique": false,"Workers": [],"Plans": [{"Node Type": "Bitmap Heap Scan","Parent Relationship": "Outer","Parallel Aware": true,"Async Capable": false,"Relation Name": "orders","Alias": "orders","Startup Cost": 837.72,"Total Cost": 27226.01,"Plan Rows": 19553,"Plan Width": 8,"Actual Startup Time": 13.552,"Actual Total Time": 68.983,"Actual Rows": 14126,"Actual Loops": 4,"Recheck Cond": "((o_orderdate >= '1995-01-01'::date) AND (o_orderdate < '1995-04-01 00:00:00'::timestamp without time zone))","Rows Removed by Index Recheck": 0,"Exact Heap Blocks": 3623,"Lossy Heap Blocks": 0,"Workers": [],"Plans": [{"Node Type": "Bitmap Index Scan","Parent Relationship": "Outer","Parallel Aware": false,"Async Capable": false,"Index Name": "idx_orders_orderdate","Startup Cost": 0.00,"Total Cost": 822.57,"Plan Rows": 60614,"Plan Width": 0,"Actual Startup Time": 10.475,"Actual Total Time": 10.479,"Actual Rows": 56506,"Actual Loops": 1,"Index Cond": "((o_orderdate >= '1995-01-01'::date) AND (o_orderdate < '1995-04-01 00:00:00'::timestamp without time zone))","Workers": []}]},{"Node Type": "Index Scan","Parent Relationship": "Inner","Parallel Aware": false,"Async Capable": false,"Scan Direction": "Forward","Index Name": "idx_lineitem_orderkey","Relation Name": "lineitem","Alias": "lineitem","Startup Cost": 0.43,"Total Cost": 4.55,"Plan Rows": 4,"Plan Width": 16,"Actual Startup Time": 0.010,"Actual Total Time": 0.012,"Actual Rows": 2,"Actual Loops": 56506,"Index Cond": "(l_orderkey = orders.o_orderkey)","Rows Removed by Index Recheck": 0,"Filter": "(l_returnflag = 'R'::bpchar)","Rows Removed by Filter": 2,"Workers": []}]},{"Node Type": "Hash","Parent Relationship": "Inner","Parallel Aware": true,"Async Capable": false,"Startup Cost": 4210.00,"Total Cost": 4210.00,"Plan Rows": 62500,"Plan Width": 148,"Actual Startup Time": 54.088,"Actual Total Time": 54.097,"Actual Rows": 37500,"Actual Loops": 4,"Hash Buckets": 262144,"Original Hash Buckets": 262144,"Hash Batches": 1,"Original Hash Batches": 1,"Peak Memory Usage": 29312,"Workers": [],"Plans": [{"Node Type": "Seq Scan","Parent Relationship": "Outer","Parallel Aware": true,"Async Capable": false,"Relation Name": "customer","Alias": "customer","Startup Cost": 0.00,"Total Cost": 4210.00,"Plan Rows": 62500,"Plan Width": 148,"Actual Startup Time": 0.033,"Actual Total Time": 23.775,"Actual Rows": 37500,"Actual Loops": 4,"Workers": []}]}]},{"Node Type": "Hash","Parent Relationship": "Inner","Parallel Aware": false,"Async Capable": false,"Startup Cost": 1.25,"Total Cost": 1.25,"Plan Rows": 25,"Plan Width": 108,"Actual Startup Time": 0.094,"Actual Total Time": 0.098,"Actual Rows": 25,"Actual Loops": 4,"Hash Buckets": 1024,"Original Hash Buckets": 1024,"Hash Batches": 1,"Original Hash Batches": 1,"Peak Memory Usage": 10,"Workers": [],"Plans": [{"Node Type": "Seq Scan","Parent Relationship": "Outer","Parallel Aware": false,"Async Capable": false,"Relation Name": "nation","Alias": "nation","Startup Cost": 0.00,"Total Cost": 1.25,"Plan Rows": 25,"Plan Width": 108,"Actual Startup Time": 0.062,"Actual Total Time": 0.068,"Actual Rows": 25,"Actual Loops": 4,"Workers": []}]}]}]}]}]},"Planning Time": 7.620,"Triggers": [],"Execution Time": 593.147}]
[{"Plan": {"Node Type": "Sort","Parallel Aware": false,"Async Capable": false,"Startup Cost": 131436.35,"Total Cost": 131578.26,"Plan Rows": 56763,"Plan Width": 280,"Actual Startup Time": 596.282,"Actual Total Time": 636.846,"Actual Rows": 38114,"Actual Loops": 1,"Sort Key": ["(sum((lineitem.l_extendedprice * ('1'::numeric - lineitem.l_discount)))) DESC"],"Sort Method": "quicksort","Sort Space Used": 9872,"Sort Space Type": "Memory","Plans": [{"Node Type": "Aggregate","Strategy": "Hashed","Partial Mode": "Simple","Parent Relationship": "Outer","Parallel Aware": false,"Async Capable": false,"Startup Cost": 126244.62,"Total Cost": 126954.16,"Plan Rows": 56763,"Plan Width": 280,"Actual Startup Time": 413.428,"Actual Total Time": 560.180,"Actual Rows": 38114,"Actual Loops": 1,"Group Key": ["customer.c_custkey", "nation.n_name"],"Planned Partitions": 0,"HashAgg Batches": 1,"Peak Memory Usage": 26129,"Disk Usage": 0,"Plans": [{"Node Type": "Gather","Parent Relationship": "Outer","Parallel Aware": false,"Async Capable": false,"Startup Cost": 6792.51,"Total Cost": 125535.08,"Plan Rows": 56763,"Plan Width": 260,"Actual Startup Time": 80.448,"Actual Total Time": 288.766,"Actual Rows": 115292,"Actual Loops": 1,"Workers Planned": 3,"Workers Launched": 3,"Single Copy": false,"Plans": [{"Node Type": "Hash Join","Parent Relationship": "Outer","Parallel Aware": false,"Async Capable": false,"Join Type": "Inner","Startup Cost": 5792.51,"Total Cost": 118858.78,"Plan Rows": 18311,"Plan Width": 260,"Actual Startup Time": 72.950,"Actual Total Time": 358.700,"Actual Rows": 28823,"Actual Loops": 4,"Inner Unique": true,"Hash Cond": "(customer.c_nationkey = nation.n_nationkey)","Workers": [],"Plans": [{"Node Type": "Hash Join","Parent Relationship": "Outer","Parallel Aware": true,"Async Capable": false,"Join Type": "Inner","Startup Cost": 5790.95,"Total Cost": 118801.01,"Plan Rows": 18311,"Plan Width": 160,"Actual Startup Time": 72.543,"Actual Total Time": 350.000,"Actual Rows": 28823,"Actual Loops": 4,"Inner Unique": true,"Hash Cond": "(orders.o_custkey = customer.c_custkey)","Workers": [],"Plans": [{"Node Type": "Nested Loop","Parent Relationship": "Outer","Parallel Aware": false,"Async Capable": false,"Join Type": "Inner","Startup Cost": 799.70,"Total Cost": 113761.69,"Plan Rows": 18311,"Plan Width": 16,"Actual Startup Time": 13.260,"Actual Total Time": 248.922,"Actual Rows": 28823,"Actual Loops": 4,"Inner Unique": false,"Workers": [],"Plans": [{"Node Type": "Bitmap Heap Scan","Parent Relationship": "Outer","Parallel Aware": true,"Async Capable": false,"Relation Name": "orders","Alias": "orders","Startup Cost": 799.27,"Total Cost": 27173.19,"Plan Rows": 18595,"Plan Width": 8,"Actual Startup Time": 13.182,"Actual Total Time": 70.570,"Actual Rows": 14333,"Actual Loops": 4,"Recheck Cond": "((o_orderdate >= '1993-11-01'::date) AND (o_orderdate < '1994-02-01 00:00:00'::timestamp without time zone))","Rows Removed by Index Recheck": 0,"Exact Heap Blocks": 3544,"Lossy Heap Blocks": 0,"Workers": [],"Plans": [{"Node Type": "Bitmap Index Scan","Parent Relationship": "Outer","Parallel Aware": false,"Async Capable": false,"Index Name": "idx_orders_orderdate","Startup Cost": 0.00,"Total Cost": 784.86,"Plan Rows": 57643,"Plan Width": 0,"Actual Startup Time": 10.101,"Actual Total Time": 10.105,"Actual Rows": 57332,"Actual Loops": 1,"Index Cond": "((o_orderdate >= '1993-11-01'::date) AND (o_orderdate < '1994-02-01 00:00:00'::timestamp without time zone))","Workers": []}]},{"Node Type": "Index Scan","Parent Relationship": "Inner","Parallel Aware": false,"Async Capable": false,"Scan Direction": "Forward","Index Name": "idx_lineitem_orderkey","Relation Name": "lineitem","Alias": "lineitem","Startup Cost": 0.43,"Total Cost": 4.62,"Plan Rows": 4,"Plan Width": 16,"Actual Startup Time": 0.010,"Actual Total Time": 0.012,"Actual Rows": 2,"Actual Loops": 57332,"Index Cond": "(l_orderkey = orders.o_orderkey)","Rows Removed by Index Recheck": 0,"Filter": "(l_returnflag = 'R'::bpchar)","Rows Removed by Filter": 2,"Workers": []}]},{"Node Type": "Hash","Parent Relationship": "Inner","Parallel Aware": true,"Async Capable": false,"Startup Cost": 4210.00,"Total Cost": 4210.00,"Plan Rows": 62500,"Plan Width": 148,"Actual Startup Time": 58.656,"Actual Total Time": 58.664,"Actual Rows": 37500,"Actual Loops": 4,"Hash Buckets": 262144,"Original Hash Buckets": 262144,"Hash Batches": 1,"Original Hash Batches": 1,"Peak Memory Usage": 29312,"Workers": [],"Plans": [{"Node Type": "Seq Scan","Parent Relationship": "Outer","Parallel Aware": true,"Async Capable": false,"Relation Name": "customer","Alias": "customer","Startup Cost": 0.00,"Total Cost": 4210.00,"Plan Rows": 62500,"Plan Width": 148,"Actual Startup Time": 0.024,"Actual Total Time": 26.516,"Actual Rows": 37500,"Actual Loops": 4,"Workers": []}]}]},{"Node Type": "Hash","Parent Relationship": "Inner","Parallel Aware": false,"Async Capable": false,"Startup Cost": 1.25,"Total Cost": 1.25,"Plan Rows": 25,"Plan Width": 108,"Actual Startup Time": 0.099,"Actual Total Time": 0.104,"Actual Rows": 25,"Actual Loops": 4,"Hash Buckets": 1024,"Original Hash Buckets": 1024,"Hash Batches": 1,"Original Hash Batches": 1,"Peak Memory Usage": 10,"Workers": [],"Plans": [{"Node Type": "Seq Scan","Parent Relationship": "Outer","Parallel Aware": false,"Async Capable": false,"Relation Name": "nation","Alias": "nation","Startup Cost": 0.00,"Total Cost": 1.25,"Plan Rows": 25,"Plan Width": 108,"Actual Startup Time": 0.069,"Actual Total Time": 0.076,"Actual Rows": 25,"Actual Loops": 4,"Workers": []}]}]}]}]}]},"Planning Time": 7.017,"Triggers": [],"Execution Time": 642.875}]
[{"Plan": {"Node Type": "Sort","Parallel Aware": false,"Async Capable": false,"Startup Cost": 131080.21,"Total Cost": 131221.46,"Plan Rows": 56499,"Plan Width": 280,"Actual Startup Time": 605.493,"Actual Total Time": 645.716,"Actual Rows": 37967,"Actual Loops": 1,"Sort Key": ["(sum((lineitem.l_extendedprice * ('1'::numeric - lineitem.l_discount)))) DESC"],"Sort Method": "quicksort","Sort Space Used": 9838,"Sort Space Type": "Memory","Plans": [{"Node Type": "Aggregate","Strategy": "Hashed","Partial Mode": "Simple","Parent Relationship": "Outer","Parallel Aware": false,"Async Capable": false,"Startup Cost": 125914.53,"Total Cost": 126620.77,"Plan Rows": 56499,"Plan Width": 280,"Actual Startup Time": 424.904,"Actual Total Time": 572.991,"Actual Rows": 37967,"Actual Loops": 1,"Group Key": ["customer.c_custkey", "nation.n_name"],"Planned Partitions": 0,"HashAgg Batches": 1,"Peak Memory Usage": 26129,"Disk Usage": 0,"Plans": [{"Node Type": "Gather","Parent Relationship": "Outer","Parallel Aware": false,"Async Capable": false,"Startup Cost": 6785.77,"Total Cost": 125208.29,"Plan Rows": 56499,"Plan Width": 260,"Actual Startup Time": 85.491,"Actual Total Time": 295.043,"Actual Rows": 114705,"Actual Loops": 1,"Workers Planned": 3,"Workers Launched": 3,"Single Copy": false,"Plans": [{"Node Type": "Hash Join","Parent Relationship": "Outer","Parallel Aware": false,"Async Capable": false,"Join Type": "Inner","Startup Cost": 5785.77,"Total Cost": 118558.39,"Plan Rows": 18225,"Plan Width": 260,"Actual Startup Time": 77.990,"Actual Total Time": 369.128,"Actual Rows": 28676,"Actual Loops": 4,"Inner Unique": true,"Hash Cond": "(customer.c_nationkey = nation.n_nationkey)","Workers": [],"Plans": [{"Node Type": "Hash Join","Parent Relationship": "Outer","Parallel Aware": true,"Async Capable": false,"Join Type": "Inner","Startup Cost": 5784.20,"Total Cost": 118500.88,"Plan Rows": 18225,"Plan Width": 160,"Actual Startup Time": 77.566,"Actual Total Time": 359.708,"Actual Rows": 28676,"Actual Loops": 4,"Inner Unique": true,"Hash Cond": "(orders.o_custkey = customer.c_custkey)","Workers": [],"Plans": [{"Node Type": "Nested Loop","Parent Relationship": "Outer","Parallel Aware": false,"Async Capable": false,"Join Type": "Inner","Startup Cost": 792.95,"Total Cost": 113461.79,"Plan Rows": 18225,"Plan Width": 16,"Actual Startup Time": 13.246,"Actual Total Time": 255.571,"Actual Rows": 28676,"Actual Loops": 4,"Inner Unique": false,"Workers": [],"Plans": [{"Node Type": "Bitmap Heap Scan","Parent Relationship": "Outer","Parallel Aware": true,"Async Capable": false,"Relation Name": "orders","Alias": "orders","Startup Cost": 792.52,"Total Cost": 27165.14,"Plan Rows": 18508,"Plan Width": 8,"Actual Startup Time": 13.160,"Actual Total Time": 71.475,"Actual Rows": 14267,"Actual Loops": 4,"Recheck Cond": "((o_orderdate >= '1993-10-01'::date) AND (o_orderdate < '1994-01-01 00:00:00'::timestamp without time zone))","Rows Removed by Index Recheck": 0,"Exact Heap Blocks": 3708,"Lossy Heap Blocks": 0,"Workers": [],"Plans": [{"Node Type": "Bitmap Index Scan","Parent Relationship": "Outer","Parallel Aware": false,"Async Capable": false,"Index Name": "idx_orders_orderdate","Startup Cost": 0.00,"Total Cost": 778.18,"Plan Rows": 57375,"Plan Width": 0,"Actual Startup Time": 10.062,"Actual Total Time": 10.069,"Actual Rows": 57069,"Actual Loops": 1,"Index Cond": "((o_orderdate >= '1993-10-01'::date) AND (o_orderdate < '1994-01-01 00:00:00'::timestamp without time zone))","Workers": []}]},{"Node Type": "Index Scan","Parent Relationship": "Inner","Parallel Aware": false,"Async Capable": false,"Scan Direction": "Forward","Index Name": "idx_lineitem_orderkey","Relation Name": "lineitem","Alias": "lineitem","Startup Cost": 0.43,"Total Cost": 4.62,"Plan Rows": 4,"Plan Width": 16,"Actual Startup Time": 0.011,"Actual Total Time": 0.013,"Actual Rows": 2,"Actual Loops": 57069,"Index Cond": "(l_orderkey = orders.o_orderkey)","Rows Removed by Index Recheck": 0,"Filter": "(l_returnflag = 'R'::bpchar)","Rows Removed by Filter": 2,"Workers": []}]},{"Node Type": "Hash","Parent Relationship": "Inner","Parallel Aware": true,"Async Capable": false,"Startup Cost": 4210.00,"Total Cost": 4210.00,"Plan Rows": 62500,"Plan Width": 148,"Actual Startup Time": 63.688,"Actual Total Time": 63.696,"Actual Rows": 37500,"Actual Loops": 4,"Hash Buckets": 262144,"Original Hash Buckets": 262144,"Hash Batches": 1,"Original Hash Batches": 1,"Peak Memory Usage": 29312,"Workers": [],"Plans": [{"Node Type": "Seq Scan","Parent Relationship": "Outer","Parallel Aware": true,"Async Capable": false,"Relation Name": "customer","Alias": "customer","Startup Cost": 0.00,"Total Cost": 4210.00,"Plan Rows": 62500,"Plan Width": 148,"Actual Startup Time": 0.034,"Actual Total Time": 28.900,"Actual Rows": 37500,"Actual Loops": 4,"Workers": []}]}]},{"Node Type": "Hash","Parent Relationship": "Inner","Parallel Aware": false,"Async Capable": false,"Startup Cost": 1.25,"Total Cost": 1.25,"Plan Rows": 25,"Plan Width": 108,"Actual Startup Time": 0.102,"Actual Total Time": 0.107,"Actual Rows": 25,"Actual Loops": 4,"Hash Buckets": 1024,"Original Hash Buckets": 1024,"Hash Batches": 1,"Original Hash Batches": 1,"Peak Memory Usage": 10,"Workers": [],"Plans": [{"Node Type": "Seq Scan","Parent Relationship": "Outer","Parallel Aware": false,"Async Capable": false,"Relation Name": "nation","Alias": "nation","Startup Cost": 0.00,"Total Cost": 1.25,"Plan Rows": 25,"Plan Width": 108,"Actual Startup Time": 0.070,"Actual Total Time": 0.076,"Actual Rows": 25,"Actual Loops": 4,"Workers": []}]}]}]}]}]},"Planning Time": 6.575,"Triggers": [],"Execution Time": 649.944}]
[{"Plan": {"Node Type": "Sort","Parallel Aware": false,"Async Capable": false,"Startup Cost": 132166.82,"Total Cost": 132310.11,"Plan Rows": 57318,"Plan Width": 280,"Actual Startup Time": 590.000,"Actual Total Time": 630.537,"Actual Rows": 37972,"Actual Loops": 1,"Sort Key": ["(sum((lineitem.l_extendedprice * ('1'::numeric - lineitem.l_discount)))) DESC"],"Sort Method": "quicksort","Sort Space Used": 9843,"Sort Space Type": "Memory","Plans": [{"Node Type": "Aggregate","Strategy": "Hashed","Partial Mode": "Simple","Parent Relationship": "Outer","Parallel Aware": false,"Async Capable": false,"Startup Cost": 126920.30,"Total Cost": 127636.77,"Plan Rows": 57318,"Plan Width": 280,"Actual Startup Time": 413.108,"Actual Total Time": 556.129,"Actual Rows": 37972,"Actual Loops": 1,"Group Key": ["customer.c_custkey", "nation.n_name"],"Planned Partitions": 0,"HashAgg Batches": 1,"Peak Memory Usage": 26129,"Disk Usage": 0,"Plans": [{"Node Type": "Gather","Parent Relationship": "Outer","Parallel Aware": false,"Async Capable": false,"Startup Cost": 6798.29,"Total Cost": 126203.82,"Plan Rows": 57318,"Plan Width": 260,"Actual Startup Time": 77.619,"Actual Total Time": 286.194,"Actual Rows": 114459,"Actual Loops": 1,"Workers Planned": 3,"Workers Launched": 3,"Single Copy": false,"Plans": [{"Node Type": "Hash Join","Parent Relationship": "Outer","Parallel Aware": false,"Async Capable": false,"Join Type": "Inner","Startup Cost": 5798.29,"Total Cost": 119472.02,"Plan Rows": 18490,"Plan Width": 260,"Actual Startup Time": 70.122,"Actual Total Time": 358.029,"Actual Rows": 28615,"Actual Loops": 4,"Inner Unique": true,"Hash Cond": "(customer.c_nationkey = nation.n_nationkey)","Workers": [],"Plans": [{"Node Type": "Hash Join","Parent Relationship": "Outer","Parallel Aware": true,"Async Capable": false,"Join Type": "Inner","Startup Cost": 5796.73,"Total Cost": 119413.69,"Plan Rows": 18490,"Plan Width": 160,"Actual Startup Time": 69.815,"Actual Total Time": 349.575,"Actual Rows": 28615,"Actual Loops": 4,"Inner Unique": true,"Hash Cond": "(orders.o_custkey = customer.c_custkey)","Workers": [],"Plans": [{"Node Type": "Nested Loop","Parent Relationship": "Outer","Parallel Aware": false,"Async Capable": false,"Join Type": "Inner","Startup Cost": 805.48,"Total Cost": 114373.91,"Plan Rows": 18490,"Plan Width": 16,"Actual Startup Time": 13.081,"Actual Total Time": 249.954,"Actual Rows": 28615,"Actual Loops": 4,"Inner Unique": false,"Workers": [],"Plans": [{"Node Type": "Bitmap Heap Scan","Parent Relationship": "Outer","Parallel Aware": true,"Async Capable": false,"Relation Name": "orders","Alias": "orders","Startup Cost": 805.05,"Total Cost": 27181.70,"Plan Rows": 18776,"Plan Width": 8,"Actual Startup Time": 13.019,"Actual Total Time": 71.418,"Actual Rows": 14305,"Actual Loops": 4,"Recheck Cond": "((o_orderdate >= '1994-10-01'::date) AND (o_orderdate < '1995-01-01 00:00:00'::timestamp without time zone))","Rows Removed by Index Recheck": 0,"Exact Heap Blocks": 3518,"Lossy Heap Blocks": 0,"Workers": [],"Plans": [{"Node Type": "Bitmap Index Scan","Parent Relationship": "Outer","Parallel Aware": false,"Async Capable": false,"Index Name": "idx_orders_orderdate","Startup Cost": 0.00,"Total Cost": 790.50,"Plan Rows": 58207,"Plan Width": 0,"Actual Startup Time": 9.954,"Actual Total Time": 9.955,"Actual Rows": 57219,"Actual Loops": 1,"Index Cond": "((o_orderdate >= '1994-10-01'::date) AND (o_orderdate < '1995-01-01 00:00:00'::timestamp without time zone))","Workers": []}]},{"Node Type": "Index Scan","Parent Relationship": "Inner","Parallel Aware": false,"Async Capable": false,"Scan Direction": "Forward","Index Name": "idx_lineitem_orderkey","Relation Name": "lineitem","Alias": "lineitem","Startup Cost": 0.43,"Total Cost": 4.60,"Plan Rows": 4,"Plan Width": 16,"Actual Startup Time": 0.010,"Actual Total Time": 0.012,"Actual Rows": 2,"Actual Loops": 57219,"Index Cond": "(l_orderkey = orders.o_orderkey)","Rows Removed by Index Recheck": 0,"Filter": "(l_returnflag = 'R'::bpchar)","Rows Removed by Filter": 2,"Workers": []}]},{"Node Type": "Hash","Parent Relationship": "Inner","Parallel Aware": true,"Async Capable": false,"Startup Cost": 4210.00,"Total Cost": 4210.00,"Plan Rows": 62500,"Plan Width": 148,"Actual Startup Time": 56.184,"Actual Total Time": 56.192,"Actual Rows": 37500,"Actual Loops": 4,"Hash Buckets": 262144,"Original Hash Buckets": 262144,"Hash Batches": 1,"Original Hash Batches": 1,"Peak Memory Usage": 29344,"Workers": [],"Plans": [{"Node Type": "Seq Scan","Parent Relationship": "Outer","Parallel Aware": true,"Async Capable": false,"Relation Name": "customer","Alias": "customer","Startup Cost": 0.00,"Total Cost": 4210.00,"Plan Rows": 62500,"Plan Width": 148,"Actual Startup Time": 0.017,"Actual Total Time": 25.696,"Actual Rows": 37500,"Actual Loops": 4,"Workers": []}]}]},{"Node Type": "Hash","Parent Relationship": "Inner","Parallel Aware": false,"Async Capable": false,"Startup Cost": 1.25,"Total Cost": 1.25,"Plan Rows": 25,"Plan Width": 108,"Actual Startup Time": 0.071,"Actual Total Time": 0.075,"Actual Rows": 25,"Actual Loops": 4,"Hash Buckets": 1024,"Original Hash Buckets": 1024,"Hash Batches": 1,"Original Hash Batches": 1,"Peak Memory Usage": 10,"Workers": [],"Plans": [{"Node Type": "Seq Scan","Parent Relationship": "Outer","Parallel Aware": false,"Async Capable": false,"Relation Name": "nation","Alias": "nation","Startup Cost": 0.00,"Total Cost": 1.25,"Plan Rows": 25,"Plan Width": 108,"Actual Startup Time": 0.050,"Actual Total Time": 0.053,"Actual Rows": 25,"Actual Loops": 4,"Workers": []}]}]}]}]}]},"Planning Time": 7.724,"Triggers": [],"Execution Time": 636.921}]
[{"Plan": {"Node Type": "Sort","Parallel Aware": false,"Async Capable": false,"Startup Cost": 131436.35,"Total Cost": 131578.26,"Plan Rows": 56763,"Plan Width": 280,"Actual Startup Time": 596.282,"Actual Total Time": 636.846,"Actual Rows": 38114,"Actual Loops": 1,"Sort Key": ["(sum((lineitem.l_extendedprice * ('1'::numeric - lineitem.l_discount)))) DESC"],"Sort Method": "quicksort","Sort Space Used": 9872,"Sort Space Type": "Memory","Plans": [{"Node Type": "Aggregate","Strategy": "Hashed","Partial Mode": "Simple","Parent Relationship": "Outer","Parallel Aware": false,"Async Capable": false,"Startup Cost": 126244.62,"Total Cost": 126954.16,"Plan Rows": 56763,"Plan Width": 280,"Actual Startup Time": 413.428,"Actual Total Time": 560.180,"Actual Rows": 38114,"Actual Loops": 1,"Group Key": ["customer.c_custkey", "nation.n_name"],"Planned Partitions": 0,"HashAgg Batches": 1,"Peak Memory Usage": 26129,"Disk Usage": 0,"Plans": [{"Node Type": "Gather","Parent Relationship": "Outer","Parallel Aware": false,"Async Capable": false,"Startup Cost": 6792.51,"Total Cost": 125535.08,"Plan Rows": 56763,"Plan Width": 260,"Actual Startup Time": 80.448,"Actual Total Time": 288.766,"Actual Rows": 115292,"Actual Loops": 1,"Workers Planned": 3,"Workers Launched": 3,"Single Copy": false,"Plans": [{"Node Type": "Hash Join","Parent Relationship": "Outer","Parallel Aware": false,"Async Capable": false,"Join Type": "Inner","Startup Cost": 5792.51,"Total Cost": 118858.78,"Plan Rows": 18311,"Plan Width": 260,"Actual Startup Time": 72.950,"Actual Total Time": 358.700,"Actual Rows": 28823,"Actual Loops": 4,"Inner Unique": true,"Hash Cond": "(customer.c_nationkey = nation.n_nationkey)","Workers": [],"Plans": [{"Node Type": "Hash Join","Parent Relationship": "Outer","Parallel Aware": true,"Async Capable": false,"Join Type": "Inner","Startup Cost": 5790.95,"Total Cost": 118801.01,"Plan Rows": 18311,"Plan Width": 160,"Actual Startup Time": 72.543,"Actual Total Time": 350.000,"Actual Rows": 28823,"Actual Loops": 4,"Inner Unique": true,"Hash Cond": "(orders.o_custkey = customer.c_custkey)","Workers": [],"Plans": [{"Node Type": "Nested Loop","Parent Relationship": "Outer","Parallel Aware": false,"Async Capable": false,"Join Type": "Inner","Startup Cost": 799.70,"Total Cost": 113761.69,"Plan Rows": 18311,"Plan Width": 16,"Actual Startup Time": 13.260,"Actual Total Time": 248.922,"Actual Rows": 28823,"Actual Loops": 4,"Inner Unique": false,"Workers": [],"Plans": [{"Node Type": "Bitmap Heap Scan","Parent Relationship": "Outer","Parallel Aware": true,"Async Capable": false,"Relation Name": "orders","Alias": "orders","Startup Cost": 799.27,"Total Cost": 27173.19,"Plan Rows": 18595,"Plan Width": 8,"Actual Startup Time": 13.182,"Actual Total Time": 70.570,"Actual Rows": 14333,"Actual Loops": 4,"Recheck Cond": "((o_orderdate >= '1993-11-01'::date) AND (o_orderdate < '1994-02-01 00:00:00'::timestamp without time zone))","Rows Removed by Index Recheck": 0,"Exact Heap Blocks": 3544,"Lossy Heap Blocks": 0,"Workers": [],"Plans": [{"Node Type": "Bitmap Index Scan","Parent Relationship": "Outer","Parallel Aware": false,"Async Capable": false,"Index Name": "idx_orders_orderdate","Startup Cost": 0.00,"Total Cost": 784.86,"Plan Rows": 57643,"Plan Width": 0,"Actual Startup Time": 10.101,"Actual Total Time": 10.105,"Actual Rows": 57332,"Actual Loops": 1,"Index Cond": "((o_orderdate >= '1993-11-01'::date) AND (o_orderdate < '1994-02-01 00:00:00'::timestamp without time zone))","Workers": []}]},{"Node Type": "Index Scan","Parent Relationship": "Inner","Parallel Aware": false,"Async Capable": false,"Scan Direction": "Forward","Index Name": "idx_lineitem_orderkey","Relation Name": "lineitem","Alias": "lineitem","Startup Cost": 0.43,"Total Cost": 4.62,"Plan Rows": 4,"Plan Width": 16,"Actual Startup Time": 0.010,"Actual Total Time": 0.012,"Actual Rows": 2,"Actual Loops": 57332,"Index Cond": "(l_orderkey = orders.o_orderkey)","Rows Removed by Index Recheck": 0,"Filter": "(l_returnflag = 'R'::bpchar)","Rows Removed by Filter": 2,"Workers": []}]},{"Node Type": "Hash","Parent Relationship": "Inner","Parallel Aware": true,"Async Capable": false,"Startup Cost": 4210.00,"Total Cost": 4210.00,"Plan Rows": 62500,"Plan Width": 148,"Actual Startup Time": 58.656,"Actual Total Time": 58.664,"Actual Rows": 37500,"Actual Loops": 4,"Hash Buckets": 262144,"Original Hash Buckets": 262144,"Hash Batches": 1,"Original Hash Batches": 1,"Peak Memory Usage": 29312,"Workers": [],"Plans": [{"Node Type": "Seq Scan","Parent Relationship": "Outer","Parallel Aware": true,"Async Capable": false,"Relation Name": "customer","Alias": "customer","Startup Cost": 0.00,"Total Cost": 4210.00,"Plan Rows": 62500,"Plan Width": 148,"Actual Startup Time": 0.024,"Actual Total Time": 26.516,"Actual Rows": 37500,"Actual Loops": 4,"Workers": []}]}]},{"Node Type": "Hash","Parent Relationship": "Inner","Parallel Aware": false,"Async Capable": false,"Startup Cost": 1.25,"Total Cost": 1.25,"Plan Rows": 25,"Plan Width": 108,"Actual Startup Time": 0.099,"Actual Total Time": 0.104,"Actual Rows": 25,"Actual Loops": 4,"Hash Buckets": 1024,"Original Hash Buckets": 1024,"Hash Batches": 1,"Original Hash Batches": 1,"Peak Memory Usage": 10,"Workers": [],"Plans": [{"Node Type": "Seq Scan","Parent Relationship": "Outer","Parallel Aware": false,"Async Capable": false,"Relation Name": "nation","Alias": "nation","Startup Cost": 0.00,"Total Cost": 1.25,"Plan Rows": 25,"Plan Width": 108,"Actual Startup Time": 0.069,"Actual Total Time": 0.076,"Actual Rows": 25,"Actual Loops": 4,"Workers": []}]}]}]}]}]},"Planning Time": 7.017,"Triggers": [],"Execution Time": 642.875}]
[{"Plan": {"Node Type": "Sort","Parallel Aware": false,"Async Capable": false,"Startup Cost": 128992.79,"Total Cost": 129130.12,"Plan Rows": 54934,"Plan Width": 280,"Actual Startup Time": 576.704,"Actual Total Time": 617.888,"Actual Rows": 37047,"Actual Loops": 1,"Sort Key": ["(sum((lineitem.l_extendedprice * ('1'::numeric - lineitem.l_discount)))) DESC"],"Sort Method": "quicksort","Sort Space Used": 9638,"Sort Space Type": "Memory","Plans": [{"Node Type": "Aggregate","Strategy": "Hashed","Partial Mode": "Simple","Parent Relationship": "Outer","Parallel Aware": false,"Async Capable": false,"Startup Cost": 123981.32,"Total Cost": 124668.00,"Plan Rows": 54934,"Plan Width": 280,"Actual Startup Time": 405.696,"Actual Total Time": 547.631,"Actual Rows": 37047,"Actual Loops": 1,"Group Key": ["customer.c_custkey", "nation.n_name"],"Planned Partitions": 0,"HashAgg Batches": 1,"Peak Memory Usage": 26129,"Disk Usage": 0,"Plans": [{"Node Type": "Gather","Parent Relationship": "Outer","Parallel Aware": false,"Async Capable": false,"Startup Cost": 6765.48,"Total Cost": 123294.65,"Plan Rows": 54934,"Plan Width": 260,"Actual Startup Time": 77.101,"Actual Total Time": 288.603,"Actual Rows": 110515,"Actual Loops": 1,"Workers Planned": 3,"Workers Launched": 3,"Single Copy": false,"Plans": [{"Node Type": "Hash Join","Parent Relationship": "Outer","Parallel Aware": false,"Async Capable": false,"Join Type": "Inner","Startup Cost": 5765.48,"Total Cost": 116801.25,"Plan Rows": 17721,"Plan Width": 260,"Actual Startup Time": 69.802,"Actual Total Time": 351.295,"Actual Rows": 27629,"Actual Loops": 4,"Inner Unique": true,"Hash Cond": "(customer.c_nationkey = nation.n_nationkey)","Workers": [],"Plans": [{"Node Type": "Nested Loop","Parent Relationship": "Outer","Parallel Aware": false,"Async Capable": false,"Join Type": "Inner","Startup Cost": 5763.92,"Total Cost": 116745.28,"Plan Rows": 17721,"Plan Width": 160,"Actual Startup Time": 69.448,"Actual Total Time": 342.448,"Actual Rows": 27629,"Actual Loops": 4,"Inner Unique": false,"Workers": [],"Plans": [{"Node Type": "Hash Join","Parent Relationship": "Outer","Parallel Aware": true,"Async Capable": false,"Join Type": "Inner","Startup Cost": 5763.48,"Total Cost": 32175.66,"Plan Rows": 17995,"Plan Width": 152,"Actual Startup Time": 69.393,"Actual Total Time": 167.356,"Actual Rows": 13816,"Actual Loops": 4,"Inner Unique": true,"Hash Cond": "(orders.o_custkey = customer.c_custkey)","Workers": [],"Plans": [{"Node Type": "Bitmap Heap Scan","Parent Relationship": "Outer","Parallel Aware": true,"Async Capable": false,"Relation Name": "orders","Alias": "orders","Startup Cost": 772.23,"Total Cost": 27137.17,"Plan Rows": 17996,"Plan Width": 8,"Actual Startup Time": 13.220,"Actual Total Time": 67.142,"Actual Rows": 13816,"Actual Loops": 4,"Recheck Cond": "((o_orderdate >= '1993-02-01'::date) AND (o_orderdate < '1993-05-01 00:00:00'::timestamp without time zone))","Rows Removed by Index Recheck": 0,"Exact Heap Blocks": 3458,"Lossy Heap Blocks": 0,"Workers": [],"Plans": [{"Node Type": "Bitmap Index Scan","Parent Relationship": "Outer","Parallel Aware": false,"Async Capable": false,"Index Name": "idx_orders_orderdate","Startup Cost": 0.00,"Total Cost": 758.29,"Plan Rows": 55786,"Plan Width": 0,"Actual Startup Time": 10.104,"Actual Total Time": 10.109,"Actual Rows": 55266,"Actual Loops": 1,"Index Cond": "((o_orderdate >= '1993-02-01'::date) AND (o_orderdate < '1993-05-01 00:00:00'::timestamp without time zone))","Workers": []}]},{"Node Type": "Hash","Parent Relationship": "Inner","Parallel Aware": true,"Async Capable": false,"Startup Cost": 4210.00,"Total Cost": 4210.00,"Plan Rows": 62500,"Plan Width": 148,"Actual Startup Time": 55.605,"Actual Total Time": 55.613,"Actual Rows": 37500,"Actual Loops": 4,"Hash Buckets": 262144,"Original Hash Buckets": 262144,"Hash Batches": 1,"Original Hash Batches": 1,"Peak Memory Usage": 29312,"Workers": [],"Plans": [{"Node Type": "Seq Scan","Parent Relationship": "Outer","Parallel Aware": true,"Async Capable": false,"Relation Name": "customer","Alias": "customer","Startup Cost": 0.00,"Total Cost": 4210.00,"Plan Rows": 62500,"Plan Width": 148,"Actual Startup Time": 0.022,"Actual Total Time": 25.460,"Actual Rows": 37500,"Actual Loops": 4,"Workers": []}]}]},{"Node Type": "Index Scan","Parent Relationship": "Inner","Parallel Aware": false,"Async Capable": false,"Scan Direction": "Forward","Index Name": "idx_lineitem_orderkey","Relation Name": "lineitem","Alias": "lineitem","Startup Cost": 0.43,"Total Cost": 4.66,"Plan Rows": 4,"Plan Width": 16,"Actual Startup Time": 0.010,"Actual Total Time": 0.012,"Actual Rows": 2,"Actual Loops": 55266,"Index Cond": "(l_orderkey = orders.o_orderkey)","Rows Removed by Index Recheck": 0,"Filter": "(l_returnflag = 'R'::bpchar)","Rows Removed by Filter": 2,"Workers": []}]},{"Node Type": "Hash","Parent Relationship": "Inner","Parallel Aware": false,"Async Capable": false,"Startup Cost": 1.25,"Total Cost": 1.25,"Plan Rows": 25,"Plan Width": 108,"Actual Startup Time": 0.078,"Actual Total Time": 0.083,"Actual Rows": 25,"Actual Loops": 4,"Hash Buckets": 1024,"Original Hash Buckets": 1024,"Hash Batches": 1,"Original Hash Batches": 1,"Peak Memory Usage": 10,"Workers": [],"Plans": [{"Node Type": "Seq Scan","Parent Relationship": "Outer","Parallel Aware": false,"Async Capable": false,"Relation Name": "nation","Alias": "nation","Startup Cost": 0.00,"Total Cost": 1.25,"Plan Rows": 25,"Plan Width": 108,"Actual Startup Time": 0.053,"Actual Total Time": 0.057,"Actual Rows": 25,"Actual Loops": 4,"Workers": []}]}]}]}]}]},"Planning Time": 7.802,"Triggers": [],"Execution Time": 623.390}]
[{"Plan": {"Node Type": "Sort","Parallel Aware": false,"Async Capable": false,"Startup Cost": 135821.55,"Total Cost": 135971.77,"Plan Rows": 60088,"Plan Width": 280,"Actual Startup Time": 612.241,"Actual Total Time": 654.721,"Actual Rows": 38271,"Actual Loops": 1,"Sort Key": ["(sum((lineitem.l_extendedprice * ('1'::numeric - lineitem.l_discount)))) DESC"],"Sort Method": "quicksort","Sort Space Used": 9908,"Sort Space Type": "Memory","Plans": [{"Node Type": "Aggregate","Strategy": "Hashed","Partial Mode": "Simple","Parent Relationship": "Outer","Parallel Aware": false,"Async Capable": false,"Startup Cost": 130301.02,"Total Cost": 131052.12,"Plan Rows": 60088,"Plan Width": 280,"Actual Startup Time": 429.301,"Actual Total Time": 581.634,"Actual Rows": 38271,"Actual Loops": 1,"Group Key": ["customer.c_custkey", "nation.n_name"],"Planned Partitions": 0,"HashAgg Batches": 1,"Peak Memory Usage": 27665,"Disk Usage": 0,"Plans": [{"Node Type": "Gather","Parent Relationship": "Outer","Parallel Aware": false,"Async Capable": false,"Startup Cost": 6839.13,"Total Cost": 129549.92,"Plan Rows": 60088,"Plan Width": 260,"Actual Startup Time": 85.611,"Actual Total Time": 294.175,"Actual Rows": 115282,"Actual Loops": 1,"Workers Planned": 3,"Workers Launched": 3,"Single Copy": false,"Plans": [{"Node Type": "Hash Join","Parent Relationship": "Outer","Parallel Aware": false,"Async Capable": false,"Join Type": "Inner","Startup Cost": 5839.13,"Total Cost": 122541.12,"Plan Rows": 19383,"Plan Width": 260,"Actual Startup Time": 78.447,"Actual Total Time": 371.364,"Actual Rows": 28820,"Actual Loops": 4,"Inner Unique": true,"Hash Cond": "(customer.c_nationkey = nation.n_nationkey)","Workers": [],"Plans": [{"Node Type": "Hash Join","Parent Relationship": "Outer","Parallel Aware": true,"Async Capable": false,"Join Type": "Inner","Startup Cost": 5837.56,"Total Cost": 122480.06,"Plan Rows": 19383,"Plan Width": 160,"Actual Startup Time": 78.051,"Actual Total Time": 362.469,"Actual Rows": 28820,"Actual Loops": 4,"Inner Unique": true,"Hash Cond": "(orders.o_custkey = customer.c_custkey)","Workers": [],"Plans": [{"Node Type": "Nested Loop","Parent Relationship": "Outer","Parallel Aware": false,"Async Capable": false,"Join Type": "Inner","Startup Cost": 846.31,"Total Cost": 117437.93,"Plan Rows": 19383,"Plan Width": 16,"Actual Startup Time": 13.660,"Actual Total Time": 255.763,"Actual Rows": 28820,"Actual Loops": 4,"Inner Unique": false,"Workers": [],"Plans": [{"Node Type": "Bitmap Heap Scan","Parent Relationship": "Outer","Parallel Aware": true,"Async Capable": false,"Relation Name": "orders","Alias": "orders","Startup Cost": 845.88,"Total Cost": 27236.14,"Plan Rows": 19684,"Plan Width": 8,"Actual Startup Time": 13.594,"Actual Total Time": 71.334,"Actual Rows": 14421,"Actual Loops": 4,"Recheck Cond": "((o_orderdate >= '1994-11-01'::date) AND (o_orderdate < '1995-02-01 00:00:00'::timestamp without time zone))","Rows Removed by Index Recheck": 0,"Exact Heap Blocks": 3552,"Lossy Heap Blocks": 0,"Workers": [],"Plans": [{"Node Type": "Bitmap Index Scan","Parent Relationship": "Outer","Parallel Aware": false,"Async Capable": false,"Index Name": "idx_orders_orderdate","Startup Cost": 0.00,"Total Cost": 830.63,"Plan Rows": 61020,"Plan Width": 0,"Actual Startup Time": 10.499,"Actual Total Time": 10.499,"Actual Rows": 57683,"Actual Loops": 1,"Index Cond": "((o_orderdate >= '1994-11-01'::date) AND (o_orderdate < '1995-02-01 00:00:00'::timestamp without time zone))","Workers": []}]},{"Node Type": "Index Scan","Parent Relationship": "Inner","Parallel Aware": false,"Async Capable": false,"Scan Direction": "Forward","Index Name": "idx_lineitem_orderkey","Relation Name": "lineitem","Alias": "lineitem","Startup Cost": 0.43,"Total Cost": 4.54,"Plan Rows": 4,"Plan Width": 16,"Actual Startup Time": 0.010,"Actual Total Time": 0.012,"Actual Rows": 2,"Actual Loops": 57683,"Index Cond": "(l_orderkey = orders.o_orderkey)","Rows Removed by Index Recheck": 0,"Filter": "(l_returnflag = 'R'::bpchar)","Rows Removed by Filter": 2,"Workers": []}]},{"Node Type": "Hash","Parent Relationship": "Inner","Parallel Aware": true,"Async Capable": false,"Startup Cost": 4210.00,"Total Cost": 4210.00,"Plan Rows": 62500,"Plan Width": 148,"Actual Startup Time": 63.847,"Actual Total Time": 63.854,"Actual Rows": 37500,"Actual Loops": 4,"Hash Buckets": 262144,"Original Hash Buckets": 262144,"Hash Batches": 1,"Original Hash Batches": 1,"Peak Memory Usage": 29312,"Workers": [],"Plans": [{"Node Type": "Seq Scan","Parent Relationship": "Outer","Parallel Aware": true,"Async Capable": false,"Relation Name": "customer","Alias": "customer","Startup Cost": 0.00,"Total Cost": 4210.00,"Plan Rows": 62500,"Plan Width": 148,"Actual Startup Time": 0.028,"Actual Total Time": 27.532,"Actual Rows": 37500,"Actual Loops": 4,"Workers": []}]}]},{"Node Type": "Hash","Parent Relationship": "Inner","Parallel Aware": false,"Async Capable": false,"Startup Cost": 1.25,"Total Cost": 1.25,"Plan Rows": 25,"Plan Width": 108,"Actual Startup Time": 0.090,"Actual Total Time": 0.096,"Actual Rows": 25,"Actual Loops": 4,"Hash Buckets": 1024,"Original Hash Buckets": 1024,"Hash Batches": 1,"Original Hash Batches": 1,"Peak Memory Usage": 10,"Workers": [],"Plans": [{"Node Type": "Seq Scan","Parent Relationship": "Outer","Parallel Aware": false,"Async Capable": false,"Relation Name": "nation","Alias": "nation","Startup Cost": 0.00,"Total Cost": 1.25,"Plan Rows": 25,"Plan Width": 108,"Actual Startup Time": 0.058,"Actual Total Time": 0.065,"Actual Rows": 25,"Actual Loops": 4,"Workers": []}]}]}]}]}]},"Planning Time": 7.427,"Triggers": [],"Execution Time": 660.359}]
[{"Plan": {"Node Type": "Sort","Parallel Aware": false,"Async Capable": false,"Startup Cost": 130310.74,"Total Cost": 130450.54,"Plan Rows": 55918,"Plan Width": 280,"Actual Startup Time": 603.874,"Actual Total Time": 643.975,"Actual Rows": 37728,"Actual Loops": 1,"Sort Key": ["(sum((lineitem.l_extendedprice * ('1'::numeric - lineitem.l_discount)))) DESC"],"Sort Method": "quicksort","Sort Space Used": 9784,"Sort Space Type": "Memory","Plans": [{"Node Type": "Aggregate","Strategy": "Hashed","Partial Mode": "Simple","Parent Relationship": "Outer","Parallel Aware": false,"Async Capable": false,"Startup Cost": 125202.34,"Total Cost": 125901.32,"Plan Rows": 55918,"Plan Width": 280,"Actual Startup Time": 420.772,"Actual Total Time": 572.027,"Actual Rows": 37728,"Actual Loops": 1,"Group Key": ["customer.c_custkey", "nation.n_name"],"Planned Partitions": 0,"HashAgg Batches": 1,"Peak Memory Usage": 26129,"Disk Usage": 0,"Plans": [{"Node Type": "Gather","Parent Relationship": "Outer","Parallel Aware": false,"Async Capable": false,"Startup Cost": 6779.72,"Total Cost": 124503.37,"Plan Rows": 55918,"Plan Width": 260,"Actual Startup Time": 83.828,"Actual Total Time": 288.561,"Actual Rows": 114106,"Actual Loops": 1,"Workers Planned": 3,"Workers Launched": 3,"Single Copy": false,"Plans": [{"Node Type": "Hash Join","Parent Relationship": "Outer","Parallel Aware": false,"Async Capable": false,"Join Type": "Inner","Startup Cost": 5779.72,"Total Cost": 117911.57,"Plan Rows": 18038,"Plan Width": 260,"Actual Startup Time": 76.669,"Actual Total Time": 363.746,"Actual Rows": 28526,"Actual Loops": 4,"Inner Unique": true,"Hash Cond": "(customer.c_nationkey = nation.n_nationkey)","Workers": [],"Plans": [{"Node Type": "Hash Join","Parent Relationship": "Outer","Parallel Aware": true,"Async Capable": false,"Join Type": "Inner","Startup Cost": 5778.16,"Total Cost": 117854.62,"Plan Rows": 18038,"Plan Width": 160,"Actual Startup Time": 76.278,"Actual Total Time": 354.947,"Actual Rows": 28526,"Actual Loops": 4,"Inner Unique": true,"Hash Cond": "(orders.o_custkey = customer.c_custkey)","Workers": [],"Plans": [{"Node Type": "Nested Loop","Parent Relationship": "Outer","Parallel Aware": false,"Async Capable": false,"Join Type": "Inner","Startup Cost": 786.91,"Total Cost": 112816.03,"Plan Rows": 18038,"Plan Width": 16,"Actual Startup Time": 13.309,"Actual Total Time": 250.189,"Actual Rows": 28526,"Actual Loops": 4,"Inner Unique": false,"Workers": [],"Plans": [{"Node Type": "Bitmap Heap Scan","Parent Relationship": "Outer","Parallel Aware": true,"Async Capable": false,"Relation Name": "orders","Alias": "orders","Startup Cost": 786.47,"Total Cost": 27156.24,"Plan Rows": 18318,"Plan Width": 8,"Actual Startup Time": 13.234,"Actual Total Time": 69.997,"Actual Rows": 14148,"Actual Loops": 4,"Recheck Cond": "((o_orderdate >= '1993-09-01'::date) AND (o_orderdate < '1993-12-01 00:00:00'::timestamp without time zone))","Rows Removed by Index Recheck": 0,"Exact Heap Blocks": 3617,"Lossy Heap Blocks": 0,"Workers": [],"Plans": [{"Node Type": "Bitmap Index Scan","Parent Relationship": "Outer","Parallel Aware": false,"Async Capable": false,"Index Name": "idx_orders_orderdate","Startup Cost": 0.00,"Total Cost": 772.28,"Plan Rows": 56785,"Plan Width": 0,"Actual Startup Time": 10.161,"Actual Total Time": 10.165,"Actual Rows": 56592,"Actual Loops": 1,"Index Cond": "((o_orderdate >= '1993-09-01'::date) AND (o_orderdate < '1993-12-01 00:00:00'::timestamp without time zone))","Workers": []}]},{"Node Type": "Index Scan","Parent Relationship": "Inner","Parallel Aware": false,"Async Capable": false,"Scan Direction": "Forward","Index Name": "idx_lineitem_orderkey","Relation Name": "lineitem","Alias": "lineitem","Startup Cost": 0.43,"Total Cost": 4.64,"Plan Rows": 4,"Plan Width": 16,"Actual Startup Time": 0.010,"Actual Total Time": 0.012,"Actual Rows": 2,"Actual Loops": 56592,"Index Cond": "(l_orderkey = orders.o_orderkey)","Rows Removed by Index Recheck": 0,"Filter": "(l_returnflag = 'R'::bpchar)","Rows Removed by Filter": 2,"Workers": []}]},{"Node Type": "Hash","Parent Relationship": "Inner","Parallel Aware": true,"Async Capable": false,"Startup Cost": 4210.00,"Total Cost": 4210.00,"Plan Rows": 62500,"Plan Width": 148,"Actual Startup Time": 62.426,"Actual Total Time": 62.432,"Actual Rows": 37500,"Actual Loops": 4,"Hash Buckets": 262144,"Original Hash Buckets": 262144,"Hash Batches": 1,"Original Hash Batches": 1,"Peak Memory Usage": 29312,"Workers": [],"Plans": [{"Node Type": "Seq Scan","Parent Relationship": "Outer","Parallel Aware": true,"Async Capable": false,"Relation Name": "customer","Alias": "customer","Startup Cost": 0.00,"Total Cost": 4210.00,"Plan Rows": 62500,"Plan Width": 148,"Actual Startup Time": 0.023,"Actual Total Time": 26.530,"Actual Rows": 37500,"Actual Loops": 4,"Workers": []}]}]},{"Node Type": "Hash","Parent Relationship": "Inner","Parallel Aware": false,"Async Capable": false,"Startup Cost": 1.25,"Total Cost": 1.25,"Plan Rows": 25,"Plan Width": 108,"Actual Startup Time": 0.095,"Actual Total Time": 0.100,"Actual Rows": 25,"Actual Loops": 4,"Hash Buckets": 1024,"Original Hash Buckets": 1024,"Hash Batches": 1,"Original Hash Batches": 1,"Peak Memory Usage": 10,"Workers": [],"Plans": [{"Node Type": "Seq Scan","Parent Relationship": "Outer","Parallel Aware": false,"Async Capable": false,"Relation Name": "nation","Alias": "nation","Startup Cost": 0.00,"Total Cost": 1.25,"Plan Rows": 25,"Plan Width": 108,"Actual Startup Time": 0.059,"Actual Total Time": 0.065,"Actual Rows": 25,"Actual Loops": 4,"Workers": []}]}]}]}]}]},"Planning Time": 7.546,"Triggers": [],"Execution Time": 648.224}]
[{"Plan": {"Node Type": "Sort","Parallel Aware": false,"Async Capable": false,"Startup Cost": 130310.74,"Total Cost": 130450.54,"Plan Rows": 55918,"Plan Width": 280,"Actual Startup Time": 603.874,"Actual Total Time": 643.975,"Actual Rows": 37728,"Actual Loops": 1,"Sort Key": ["(sum((lineitem.l_extendedprice * ('1'::numeric - lineitem.l_discount)))) DESC"],"Sort Method": "quicksort","Sort Space Used": 9784,"Sort Space Type": "Memory","Plans": [{"Node Type": "Aggregate","Strategy": "Hashed","Partial Mode": "Simple","Parent Relationship": "Outer","Parallel Aware": false,"Async Capable": false,"Startup Cost": 125202.34,"Total Cost": 125901.32,"Plan Rows": 55918,"Plan Width": 280,"Actual Startup Time": 420.772,"Actual Total Time": 572.027,"Actual Rows": 37728,"Actual Loops": 1,"Group Key": ["customer.c_custkey", "nation.n_name"],"Planned Partitions": 0,"HashAgg Batches": 1,"Peak Memory Usage": 26129,"Disk Usage": 0,"Plans": [{"Node Type": "Gather","Parent Relationship": "Outer","Parallel Aware": false,"Async Capable": false,"Startup Cost": 6779.72,"Total Cost": 124503.37,"Plan Rows": 55918,"Plan Width": 260,"Actual Startup Time": 83.828,"Actual Total Time": 288.561,"Actual Rows": 114106,"Actual Loops": 1,"Workers Planned": 3,"Workers Launched": 3,"Single Copy": false,"Plans": [{"Node Type": "Hash Join","Parent Relationship": "Outer","Parallel Aware": false,"Async Capable": false,"Join Type": "Inner","Startup Cost": 5779.72,"Total Cost": 117911.57,"Plan Rows": 18038,"Plan Width": 260,"Actual Startup Time": 76.669,"Actual Total Time": 363.746,"Actual Rows": 28526,"Actual Loops": 4,"Inner Unique": true,"Hash Cond": "(customer.c_nationkey = nation.n_nationkey)","Workers": [],"Plans": [{"Node Type": "Hash Join","Parent Relationship": "Outer","Parallel Aware": true,"Async Capable": false,"Join Type": "Inner","Startup Cost": 5778.16,"Total Cost": 117854.62,"Plan Rows": 18038,"Plan Width": 160,"Actual Startup Time": 76.278,"Actual Total Time": 354.947,"Actual Rows": 28526,"Actual Loops": 4,"Inner Unique": true,"Hash Cond": "(orders.o_custkey = customer.c_custkey)","Workers": [],"Plans": [{"Node Type": "Nested Loop","Parent Relationship": "Outer","Parallel Aware": false,"Async Capable": false,"Join Type": "Inner","Startup Cost": 786.91,"Total Cost": 112816.03,"Plan Rows": 18038,"Plan Width": 16,"Actual Startup Time": 13.309,"Actual Total Time": 250.189,"Actual Rows": 28526,"Actual Loops": 4,"Inner Unique": false,"Workers": [],"Plans": [{"Node Type": "Bitmap Heap Scan","Parent Relationship": "Outer","Parallel Aware": true,"Async Capable": false,"Relation Name": "orders","Alias": "orders","Startup Cost": 786.47,"Total Cost": 27156.24,"Plan Rows": 18318,"Plan Width": 8,"Actual Startup Time": 13.234,"Actual Total Time": 69.997,"Actual Rows": 14148,"Actual Loops": 4,"Recheck Cond": "((o_orderdate >= '1993-09-01'::date) AND (o_orderdate < '1993-12-01 00:00:00'::timestamp without time zone))","Rows Removed by Index Recheck": 0,"Exact Heap Blocks": 3617,"Lossy Heap Blocks": 0,"Workers": [],"Plans": [{"Node Type": "Bitmap Index Scan","Parent Relationship": "Outer","Parallel Aware": false,"Async Capable": false,"Index Name": "idx_orders_orderdate","Startup Cost": 0.00,"Total Cost": 772.28,"Plan Rows": 56785,"Plan Width": 0,"Actual Startup Time": 10.161,"Actual Total Time": 10.165,"Actual Rows": 56592,"Actual Loops": 1,"Index Cond": "((o_orderdate >= '1993-09-01'::date) AND (o_orderdate < '1993-12-01 00:00:00'::timestamp without time zone))","Workers": []}]},{"Node Type": "Index Scan","Parent Relationship": "Inner","Parallel Aware": false,"Async Capable": false,"Scan Direction": "Forward","Index Name": "idx_lineitem_orderkey","Relation Name": "lineitem","Alias": "lineitem","Startup Cost": 0.43,"Total Cost": 4.64,"Plan Rows": 4,"Plan Width": 16,"Actual Startup Time": 0.010,"Actual Total Time": 0.012,"Actual Rows": 2,"Actual Loops": 56592,"Index Cond": "(l_orderkey = orders.o_orderkey)","Rows Removed by Index Recheck": 0,"Filter": "(l_returnflag = 'R'::bpchar)","Rows Removed by Filter": 2,"Workers": []}]},{"Node Type": "Hash","Parent Relationship": "Inner","Parallel Aware": true,"Async Capable": false,"Startup Cost": 4210.00,"Total Cost": 4210.00,"Plan Rows": 62500,"Plan Width": 148,"Actual Startup Time": 62.426,"Actual Total Time": 62.432,"Actual Rows": 37500,"Actual Loops": 4,"Hash Buckets": 262144,"Original Hash Buckets": 262144,"Hash Batches": 1,"Original Hash Batches": 1,"Peak Memory Usage": 29312,"Workers": [],"Plans": [{"Node Type": "Seq Scan","Parent Relationship": "Outer","Parallel Aware": true,"Async Capable": false,"Relation Name": "customer","Alias": "customer","Startup Cost": 0.00,"Total Cost": 4210.00,"Plan Rows": 62500,"Plan Width": 148,"Actual Startup Time": 0.023,"Actual Total Time": 26.530,"Actual Rows": 37500,"Actual Loops": 4,"Workers": []}]}]},{"Node Type": "Hash","Parent Relationship": "Inner","Parallel Aware": false,"Async Capable": false,"Startup Cost": 1.25,"Total Cost": 1.25,"Plan Rows": 25,"Plan Width": 108,"Actual Startup Time": 0.095,"Actual Total Time": 0.100,"Actual Rows": 25,"Actual Loops": 4,"Hash Buckets": 1024,"Original Hash Buckets": 1024,"Hash Batches": 1,"Original Hash Batches": 1,"Peak Memory Usage": 10,"Workers": [],"Plans": [{"Node Type": "Seq Scan","Parent Relationship": "Outer","Parallel Aware": false,"Async Capable": false,"Relation Name": "nation","Alias": "nation","Startup Cost": 0.00,"Total Cost": 1.25,"Plan Rows": 25,"Plan Width": 108,"Actual Startup Time": 0.059,"Actual Total Time": 0.065,"Actual Rows": 25,"Actual Loops": 4,"Workers": []}]}]}]}]}]},"Planning Time": 7.546,"Triggers": [],"Execution Time": 648.224}]
[{"Plan": {"Node Type": "Sort","Parallel Aware": false,"Async Capable": false,"Startup Cost": 132260.34,"Total Cost": 132403.81,"Plan Rows": 57388,"Plan Width": 280,"Actual Startup Time": 619.828,"Actual Total Time": 659.334,"Actual Rows": 38182,"Actual Loops": 1,"Sort Key": ["(sum((lineitem.l_extendedprice * ('1'::numeric - lineitem.l_discount)))) DESC"],"Sort Method": "quicksort","Sort Space Used": 9879,"Sort Space Type": "Memory","Plans": [{"Node Type": "Aggregate","Strategy": "Hashed","Partial Mode": "Simple","Parent Relationship": "Outer","Parallel Aware": false,"Async Capable": false,"Startup Cost": 127006.91,"Total Cost": 127724.26,"Plan Rows": 57388,"Plan Width": 280,"Actual Startup Time": 430.185,"Actual Total Time": 588.903,"Actual Rows": 38182,"Actual Loops": 1,"Group Key": ["customer.c_custkey", "nation.n_name"],"Planned Partitions": 0,"HashAgg Batches": 1,"Peak Memory Usage": 26129,"Disk Usage": 0,"Plans": [{"Node Type": "Gather","Parent Relationship": "Outer","Parallel Aware": false,"Async Capable": false,"Startup Cost": 6799.02,"Total Cost": 126289.56,"Plan Rows": 57388,"Plan Width": 260,"Actual Startup Time": 89.737,"Actual Total Time": 296.974,"Actual Rows": 115050,"Actual Loops": 1,"Workers Planned": 3,"Workers Launched": 3,"Single Copy": false,"Plans": [{"Node Type": "Hash Join","Parent Relationship": "Outer","Parallel Aware": false,"Async Capable": false,"Join Type": "Inner","Startup Cost": 5799.02,"Total Cost": 119550.76,"Plan Rows": 18512,"Plan Width": 260,"Actual Startup Time": 82.322,"Actual Total Time": 373.404,"Actual Rows": 28762,"Actual Loops": 4,"Inner Unique": true,"Hash Cond": "(customer.c_nationkey = nation.n_nationkey)","Workers": [],"Plans": [{"Node Type": "Hash Join","Parent Relationship": "Outer","Parallel Aware": true,"Async Capable": false,"Join Type": "Inner","Startup Cost": 5797.46,"Total Cost": 119492.37,"Plan Rows": 18512,"Plan Width": 160,"Actual Startup Time": 81.937,"Actual Total Time": 363.986,"Actual Rows": 28762,"Actual Loops": 4,"Inner Unique": true,"Hash Cond": "(orders.o_custkey = customer.c_custkey)","Workers": [],"Plans": [{"Node Type": "Nested Loop","Parent Relationship": "Outer","Parallel Aware": false,"Async Capable": false,"Join Type": "Inner","Startup Cost": 806.21,"Total Cost": 114452.53,"Plan Rows": 18513,"Plan Width": 16,"Actual Startup Time": 13.433,"Actual Total Time": 253.545,"Actual Rows": 28762,"Actual Loops": 4,"Inner Unique": false,"Workers": [],"Plans": [{"Node Type": "Bitmap Heap Scan","Parent Relationship": "Outer","Parallel Aware": true,"Async Capable": false,"Relation Name": "orders","Alias": "orders","Startup Cost": 805.78,"Total Cost": 27182.77,"Plan Rows": 18799,"Plan Width": 8,"Actual Startup Time": 13.373,"Actual Total Time": 70.825,"Actual Rows": 14368,"Actual Loops": 4,"Recheck Cond": "((o_orderdate >= '1994-06-01'::date) AND (o_orderdate < '1994-09-01 00:00:00'::timestamp without time zone))","Rows Removed by Index Recheck": 0,"Exact Heap Blocks": 3680,"Lossy Heap Blocks": 0,"Workers": [],"Plans": [{"Node Type": "Bitmap Index Scan","Parent Relationship": "Outer","Parallel Aware": false,"Async Capable": false,"Index Name": "idx_orders_orderdate","Startup Cost": 0.00,"Total Cost": 791.21,"Plan Rows": 58278,"Plan Width": 0,"Actual Startup Time": 10.272,"Actual Total Time": 10.276,"Actual Rows": 57474,"Actual Loops": 1,"Index Cond": "((o_orderdate >= '1994-06-01'::date) AND (o_orderdate < '1994-09-01 00:00:00'::timestamp without time zone))","Workers": []}]},{"Node Type": "Index Scan","Parent Relationship": "Inner","Parallel Aware": false,"Async Capable": false,"Scan Direction": "Forward","Index Name": "idx_lineitem_orderkey","Relation Name": "lineitem","Alias": "lineitem","Startup Cost": 0.43,"Total Cost": 4.60,"Plan Rows": 4,"Plan Width": 16,"Actual Startup Time": 0.010,"Actual Total Time": 0.012,"Actual Rows": 2,"Actual Loops": 57474,"Index Cond": "(l_orderkey = orders.o_orderkey)","Rows Removed by Index Recheck": 0,"Filter": "(l_returnflag = 'R'::bpchar)","Rows Removed by Filter": 2,"Workers": []}]},{"Node Type": "Hash","Parent Relationship": "Inner","Parallel Aware": true,"Async Capable": false,"Startup Cost": 4210.00,"Total Cost": 4210.00,"Plan Rows": 62500,"Plan Width": 148,"Actual Startup Time": 67.921,"Actual Total Time": 67.927,"Actual Rows": 37500,"Actual Loops": 4,"Hash Buckets": 262144,"Original Hash Buckets": 262144,"Hash Batches": 1,"Original Hash Batches": 1,"Peak Memory Usage": 29312,"Workers": [],"Plans": [{"Node Type": "Seq Scan","Parent Relationship": "Outer","Parallel Aware": true,"Async Capable": false,"Relation Name": "customer","Alias": "customer","Startup Cost": 0.00,"Total Cost": 4210.00,"Plan Rows": 62500,"Plan Width": 148,"Actual Startup Time": 0.026,"Actual Total Time": 28.832,"Actual Rows": 37500,"Actual Loops": 4,"Workers": []}]}]},{"Node Type": "Hash","Parent Relationship": "Inner","Parallel Aware": false,"Async Capable": false,"Startup Cost": 1.25,"Total Cost": 1.25,"Plan Rows": 25,"Plan Width": 108,"Actual Startup Time": 0.096,"Actual Total Time": 0.101,"Actual Rows": 25,"Actual Loops": 4,"Hash Buckets": 1024,"Original Hash Buckets": 1024,"Hash Batches": 1,"Original Hash Batches": 1,"Peak Memory Usage": 10,"Workers": [],"Plans": [{"Node Type": "Seq Scan","Parent Relationship": "Outer","Parallel Aware": false,"Async Capable": false,"Relation Name": "nation","Alias": "nation","Startup Cost": 0.00,"Total Cost": 1.25,"Plan Rows": 25,"Plan Width": 108,"Actual Startup Time": 0.064,"Actual Total Time": 0.070,"Actual Rows": 25,"Actual Loops": 4,"Workers": []}]}]}]}]}]},"Planning Time": 7.103,"Triggers": [],"Execution Time": 663.701}]
[{"Plan": {"Node Type": "Sort","Parallel Aware": false,"Async Capable": false,"Startup Cost": 127549.79,"Total Cost": 127684.44,"Plan Rows": 53858,"Plan Width": 280,"Actual Startup Time": 605.399,"Actual Total Time": 645.666,"Actual Rows": 37880,"Actual Loops": 1,"Sort Key": ["(sum((lineitem.l_extendedprice * ('1'::numeric - lineitem.l_discount)))) DESC"],"Sort Method": "quicksort","Sort Space Used": 9830,"Sort Space Type": "Memory","Plans": [{"Node Type": "Aggregate","Strategy": "Hashed","Partial Mode": "Simple","Parent Relationship": "Outer","Parallel Aware": false,"Async Capable": false,"Startup Cost": 122644.17,"Total Cost": 123317.39,"Plan Rows": 53858,"Plan Width": 280,"Actual Startup Time": 424.771,"Actual Total Time": 574.608,"Actual Rows": 37880,"Actual Loops": 1,"Group Key": ["customer.c_custkey", "nation.n_name"],"Planned Partitions": 0,"HashAgg Batches": 1,"Peak Memory Usage": 26129,"Disk Usage": 0,"Plans": [{"Node Type": "Gather","Parent Relationship": "Outer","Parallel Aware": false,"Async Capable": false,"Startup Cost": 6750.28,"Total Cost": 121970.94,"Plan Rows": 53858,"Plan Width": 260,"Actual Startup Time": 85.178,"Actual Total Time": 295.165,"Actual Rows": 114508,"Actual Loops": 1,"Workers Planned": 3,"Workers Launched": 3,"Single Copy": false,"Plans": [{"Node Type": "Hash Join","Parent Relationship": "Outer","Parallel Aware": false,"Async Capable": false,"Join Type": "Inner","Startup Cost": 5750.28,"Total Cost": 115585.14,"Plan Rows": 17374,"Plan Width": 260,"Actual Startup Time": 78.100,"Actual Total Time": 368.715,"Actual Rows": 28627,"Actual Loops": 4,"Inner Unique": true,"Hash Cond": "(customer.c_nationkey = nation.n_nationkey)","Workers": [],"Plans": [{"Node Type": "Hash Join","Parent Relationship": "Outer","Parallel Aware": true,"Async Capable": false,"Join Type": "Inner","Startup Cost": 5748.71,"Total Cost": 115530.24,"Plan Rows": 17374,"Plan Width": 160,"Actual Startup Time": 77.678,"Actual Total Time": 360.085,"Actual Rows": 28627,"Actual Loops": 4,"Inner Unique": true,"Hash Cond": "(orders.o_custkey = customer.c_custkey)","Workers": [],"Plans": [{"Node Type": "Nested Loop","Parent Relationship": "Outer","Parallel Aware": false,"Async Capable": false,"Join Type": "Inner","Startup Cost": 757.46,"Total Cost": 110493.39,"Plan Rows": 17374,"Plan Width": 16,"Actual Startup Time": 13.130,"Actual Total Time": 256.172,"Actual Rows": 28627,"Actual Loops": 4,"Inner Unique": false,"Workers": [],"Plans": [{"Node Type": "Bitmap Heap Scan","Parent Relationship": "Outer","Parallel Aware": true,"Async Capable": false,"Relation Name": "orders","Alias": "orders","Startup Cost": 757.03,"Total Cost": 27116.67,"Plan Rows": 17643,"Plan Width": 8,"Actual Startup Time": 13.063,"Actual Total Time": 71.665,"Actual Rows": 14273,"Actual Loops": 4,"Recheck Cond": "((o_orderdate >= '1993-05-01'::date) AND (o_orderdate < '1993-08-01 00:00:00'::timestamp without time zone))","Rows Removed by Index Recheck": 0,"Exact Heap Blocks": 3695,"Lossy Heap Blocks": 0,"Workers": [],"Plans": [{"Node Type": "Bitmap Index Scan","Parent Relationship": "Outer","Parallel Aware": false,"Async Capable": false,"Index Name": "idx_orders_orderdate","Startup Cost": 0.00,"Total Cost": 743.36,"Plan Rows": 54693,"Plan Width": 0,"Actual Startup Time": 9.957,"Actual Total Time": 9.964,"Actual Rows": 57093,"Actual Loops": 1,"Index Cond": "((o_orderdate >= '1993-05-01'::date) AND (o_orderdate < '1993-08-01 00:00:00'::timestamp without time zone))","Workers": []}]},{"Node Type": "Index Scan","Parent Relationship": "Inner","Parallel Aware": false,"Async Capable": false,"Scan Direction": "Forward","Index Name": "idx_lineitem_orderkey","Relation Name": "lineitem","Alias": "lineitem","Startup Cost": 0.43,"Total Cost": 4.69,"Plan Rows": 4,"Plan Width": 16,"Actual Startup Time": 0.011,"Actual Total Time": 0.013,"Actual Rows": 2,"Actual Loops": 57093,"Index Cond": "(l_orderkey = orders.o_orderkey)","Rows Removed by Index Recheck": 0,"Filter": "(l_returnflag = 'R'::bpchar)","Rows Removed by Filter": 2,"Workers": []}]},{"Node Type": "Hash","Parent Relationship": "Inner","Parallel Aware": true,"Async Capable": false,"Startup Cost": 4210.00,"Total Cost": 4210.00,"Plan Rows": 62500,"Plan Width": 148,"Actual Startup Time": 63.988,"Actual Total Time": 63.994,"Actual Rows": 37500,"Actual Loops": 4,"Hash Buckets": 262144,"Original Hash Buckets": 262144,"Hash Batches": 1,"Original Hash Batches": 1,"Peak Memory Usage": 29344,"Workers": [],"Plans": [{"Node Type": "Seq Scan","Parent Relationship": "Outer","Parallel Aware": true,"Async Capable": false,"Relation Name": "customer","Alias": "customer","Startup Cost": 0.00,"Total Cost": 4210.00,"Plan Rows": 62500,"Plan Width": 148,"Actual Startup Time": 0.034,"Actual Total Time": 28.777,"Actual Rows": 37500,"Actual Loops": 4,"Workers": []}]}]},{"Node Type": "Hash","Parent Relationship": "Inner","Parallel Aware": false,"Async Capable": false,"Startup Cost": 1.25,"Total Cost": 1.25,"Plan Rows": 25,"Plan Width": 108,"Actual Startup Time": 0.078,"Actual Total Time": 0.083,"Actual Rows": 25,"Actual Loops": 4,"Hash Buckets": 1024,"Original Hash Buckets": 1024,"Hash Batches": 1,"Original Hash Batches": 1,"Peak Memory Usage": 10,"Workers": [],"Plans": [{"Node Type": "Seq Scan","Parent Relationship": "Outer","Parallel Aware": false,"Async Capable": false,"Relation Name": "nation","Alias": "nation","Startup Cost": 0.00,"Total Cost": 1.25,"Plan Rows": 25,"Plan Width": 108,"Actual Startup Time": 0.048,"Actual Total Time": 0.055,"Actual Rows": 25,"Actual Loops": 4,"Workers": []}]}]}]}]}]},"Planning Time": 7.141,"Triggers": [],"Execution Time": 649.992}]
[{"Plan": {"Node Type": "Sort","Parallel Aware": false,"Async Capable": false,"Startup Cost": 129819.00,"Total Cost": 129957.88,"Plan Rows": 55552,"Plan Width": 280,"Actual Startup Time": 608.281,"Actual Total Time": 648.391,"Actual Rows": 37948,"Actual Loops": 1,"Sort Key": ["(sum((lineitem.l_extendedprice * ('1'::numeric - lineitem.l_discount)))) DESC"],"Sort Method": "quicksort","Sort Space Used": 9840,"Sort Space Type": "Memory","Plans": [{"Node Type": "Aggregate","Strategy": "Hashed","Partial Mode": "Simple","Parent Relationship": "Outer","Parallel Aware": false,"Async Capable": false,"Startup Cost": 124746.67,"Total Cost": 125441.07,"Plan Rows": 55552,"Plan Width": 280,"Actual Startup Time": 419.818,"Actual Total Time": 574.956,"Actual Rows": 37948,"Actual Loops": 1,"Group Key": ["customer.c_custkey", "nation.n_name"],"Planned Partitions": 0,"HashAgg Batches": 1,"Peak Memory Usage": 26129,"Disk Usage": 0,"Plans": [{"Node Type": "Gather","Parent Relationship": "Outer","Parallel Aware": false,"Async Capable": false,"Startup Cost": 6771.91,"Total Cost": 124052.27,"Plan Rows": 55552,"Plan Width": 260,"Actual Startup Time": 82.501,"Actual Total Time": 287.884,"Actual Rows": 114775,"Actual Loops": 1,"Workers Planned": 3,"Workers Launched": 3,"Single Copy": false,"Plans": [{"Node Type": "Hash Join","Parent Relationship": "Outer","Parallel Aware": false,"Async Capable": false,"Join Type": "Inner","Startup Cost": 5771.91,"Total Cost": 117497.07,"Plan Rows": 17920,"Plan Width": 260,"Actual Startup Time": 75.276,"Actual Total Time": 362.951,"Actual Rows": 28694,"Actual Loops": 4,"Inner Unique": true,"Hash Cond": "(customer.c_nationkey = nation.n_nationkey)","Workers": [],"Plans": [{"Node Type": "Hash Join","Parent Relationship": "Outer","Parallel Aware": true,"Async Capable": false,"Join Type": "Inner","Startup Cost": 5770.34,"Total Cost": 117440.49,"Plan Rows": 17920,"Plan Width": 160,"Actual Startup Time": 74.883,"Actual Total Time": 354.260,"Actual Rows": 28694,"Actual Loops": 4,"Inner Unique": true,"Hash Cond": "(orders.o_custkey = customer.c_custkey)","Workers": [],"Plans": [{"Node Type": "Nested Loop","Parent Relationship": "Outer","Parallel Aware": false,"Async Capable": false,"Join Type": "Inner","Startup Cost": 779.09,"Total Cost": 112402.20,"Plan Rows": 17920,"Plan Width": 16,"Actual Startup Time": 13.340,"Actual Total Time": 252.834,"Actual Rows": 28694,"Actual Loops": 4,"Inner Unique": false,"Workers": [],"Plans": [{"Node Type": "Bitmap Heap Scan","Parent Relationship": "Outer","Parallel Aware": true,"Async Capable": false,"Relation Name": "orders","Alias": "orders","Startup Cost": 778.66,"Total Cost": 27146.63,"Plan Rows": 18198,"Plan Width": 8,"Actual Startup Time": 13.279,"Actual Total Time": 70.699,"Actual Rows": 14304,"Actual Loops": 4,"Recheck Cond": "((o_orderdate >= '1993-07-01'::date) AND (o_orderdate < '1993-10-01 00:00:00'::timestamp without time zone))","Rows Removed by Index Recheck": 0,"Exact Heap Blocks": 3636,"Lossy Heap Blocks": 0,"Workers": [],"Plans": [{"Node Type": "Bitmap Index Scan","Parent Relationship": "Outer","Parallel Aware": false,"Async Capable": false,"Index Name": "idx_orders_orderdate","Startup Cost": 0.00,"Total Cost": 764.56,"Plan Rows": 56413,"Plan Width": 0,"Actual Startup Time": 10.131,"Actual Total Time": 10.133,"Actual Rows": 57218,"Actual Loops": 1,"Index Cond": "((o_orderdate >= '1993-07-01'::date) AND (o_orderdate < '1993-10-01 00:00:00'::timestamp without time zone))","Workers": []}]},{"Node Type": "Index Scan","Parent Relationship": "Inner","Parallel Aware": false,"Async Capable": false,"Scan Direction": "Forward","Index Name": "idx_lineitem_orderkey","Relation Name": "lineitem","Alias": "lineitem","Startup Cost": 0.43,"Total Cost": 4.64,"Plan Rows": 4,"Plan Width": 16,"Actual Startup Time": 0.010,"Actual Total Time": 0.012,"Actual Rows": 2,"Actual Loops": 57218,"Index Cond": "(l_orderkey = orders.o_orderkey)","Rows Removed by Index Recheck": 0,"Filter": "(l_returnflag = 'R'::bpchar)","Rows Removed by Filter": 2,"Workers": []}]},{"Node Type": "Hash","Parent Relationship": "Inner","Parallel Aware": true,"Async Capable": false,"Startup Cost": 4210.00,"Total Cost": 4210.00,"Plan Rows": 62500,"Plan Width": 148,"Actual Startup Time": 60.976,"Actual Total Time": 60.983,"Actual Rows": 37500,"Actual Loops": 4,"Hash Buckets": 262144,"Original Hash Buckets": 262144,"Hash Batches": 1,"Original Hash Batches": 1,"Peak Memory Usage": 29344,"Workers": [],"Plans": [{"Node Type": "Seq Scan","Parent Relationship": "Outer","Parallel Aware": true,"Async Capable": false,"Relation Name": "customer","Alias": "customer","Startup Cost": 0.00,"Total Cost": 4210.00,"Plan Rows": 62500,"Plan Width": 148,"Actual Startup Time": 0.026,"Actual Total Time": 27.898,"Actual Rows": 37500,"Actual Loops": 4,"Workers": []}]}]},{"Node Type": "Hash","Parent Relationship": "Inner","Parallel Aware": false,"Async Capable": false,"Startup Cost": 1.25,"Total Cost": 1.25,"Plan Rows": 25,"Plan Width": 108,"Actual Startup Time": 0.100,"Actual Total Time": 0.105,"Actual Rows": 25,"Actual Loops": 4,"Hash Buckets": 1024,"Original Hash Buckets": 1024,"Hash Batches": 1,"Original Hash Batches": 1,"Peak Memory Usage": 10,"Workers": [],"Plans": [{"Node Type": "Seq Scan","Parent Relationship": "Outer","Parallel Aware": false,"Async Capable": false,"Relation Name": "nation","Alias": "nation","Startup Cost": 0.00,"Total Cost": 1.25,"Plan Rows": 25,"Plan Width": 108,"Actual Startup Time": 0.065,"Actual Total Time": 0.072,"Actual Rows": 25,"Actual Loops": 4,"Workers": []}]}]}]}]}]},"Planning Time": 6.175,"Triggers": [],"Execution Time": 652.968}]
[{"Plan": {"Node Type": "Sort","Parallel Aware": false,"Async Capable": false,"Startup Cost": 131080.21,"Total Cost": 131221.46,"Plan Rows": 56499,"Plan Width": 280,"Actual Startup Time": 607.607,"Actual Total Time": 646.377,"Actual Rows": 37607,"Actual Loops": 1,"Sort Key": ["(sum((lineitem.l_extendedprice * ('1'::numeric - lineitem.l_discount)))) DESC"],"Sort Method": "quicksort","Sort Space Used": 9755,"Sort Space Type": "Memory","Plans": [{"Node Type": "Aggregate","Strategy": "Hashed","Partial Mode": "Simple","Parent Relationship": "Outer","Parallel Aware": false,"Async Capable": false,"Startup Cost": 125914.53,"Total Cost": 126620.77,"Plan Rows": 56499,"Plan Width": 280,"Actual Startup Time": 421.745,"Actual Total Time": 572.585,"Actual Rows": 37607,"Actual Loops": 1,"Group Key": ["customer.c_custkey", "nation.n_name"],"Planned Partitions": 0,"HashAgg Batches": 1,"Peak Memory Usage": 26129,"Disk Usage": 0,"Plans": [{"Node Type": "Gather","Parent Relationship": "Outer","Parallel Aware": false,"Async Capable": false,"Startup Cost": 6785.77,"Total Cost": 125208.29,"Plan Rows": 56499,"Plan Width": 260,"Actual Startup Time": 84.737,"Actual Total Time": 294.745,"Actual Rows": 112798,"Actual Loops": 1,"Workers Planned": 3,"Workers Launched": 3,"Single Copy": false,"Plans": [{"Node Type": "Hash Join","Parent Relationship": "Outer","Parallel Aware": false,"Async Capable": false,"Join Type": "Inner","Startup Cost": 5785.77,"Total Cost": 118558.39,"Plan Rows": 18225,"Plan Width": 260,"Actual Startup Time": 77.703,"Actual Total Time": 365.765,"Actual Rows": 28200,"Actual Loops": 4,"Inner Unique": true,"Hash Cond": "(customer.c_nationkey = nation.n_nationkey)","Workers": [],"Plans": [{"Node Type": "Hash Join","Parent Relationship": "Outer","Parallel Aware": true,"Async Capable": false,"Join Type": "Inner","Startup Cost": 5784.20,"Total Cost": 118500.88,"Plan Rows": 18225,"Plan Width": 160,"Actual Startup Time": 77.334,"Actual Total Time": 357.276,"Actual Rows": 28200,"Actual Loops": 4,"Inner Unique": true,"Hash Cond": "(orders.o_custkey = customer.c_custkey)","Workers": [],"Plans": [{"Node Type": "Nested Loop","Parent Relationship": "Outer","Parallel Aware": false,"Async Capable": false,"Join Type": "Inner","Startup Cost": 792.95,"Total Cost": 113461.79,"Plan Rows": 18225,"Plan Width": 16,"Actual Startup Time": 13.152,"Actual Total Time": 254.573,"Actual Rows": 28200,"Actual Loops": 4,"Inner Unique": false,"Workers": [],"Plans": [{"Node Type": "Bitmap Heap Scan","Parent Relationship": "Outer","Parallel Aware": true,"Async Capable": false,"Relation Name": "orders","Alias": "orders","Startup Cost": 792.52,"Total Cost": 27165.14,"Plan Rows": 18508,"Plan Width": 8,"Actual Startup Time": 13.088,"Actual Total Time": 71.143,"Actual Rows": 14087,"Actual Loops": 4,"Recheck Cond": "((o_orderdate >= '1994-01-01'::date) AND (o_orderdate < '1994-04-01 00:00:00'::timestamp without time zone))","Rows Removed by Index Recheck": 0,"Exact Heap Blocks": 3702,"Lossy Heap Blocks": 0,"Workers": [],"Plans": [{"Node Type": "Bitmap Index Scan","Parent Relationship": "Outer","Parallel Aware": false,"Async Capable": false,"Index Name": "idx_orders_orderdate","Startup Cost": 0.00,"Total Cost": 778.18,"Plan Rows": 57375,"Plan Width": 0,"Actual Startup Time": 9.927,"Actual Total Time": 9.934,"Actual Rows": 56349,"Actual Loops": 1,"Index Cond": "((o_orderdate >= '1994-01-01'::date) AND (o_orderdate < '1994-04-01 00:00:00'::timestamp without time zone))","Workers": []}]},{"Node Type": "Index Scan","Parent Relationship": "Inner","Parallel Aware": false,"Async Capable": false,"Scan Direction": "Forward","Index Name": "idx_lineitem_orderkey","Relation Name": "lineitem","Alias": "lineitem","Startup Cost": 0.43,"Total Cost": 4.62,"Plan Rows": 4,"Plan Width": 16,"Actual Startup Time": 0.011,"Actual Total Time": 0.013,"Actual Rows": 2,"Actual Loops": 56349,"Index Cond": "(l_orderkey = orders.o_orderkey)","Rows Removed by Index Recheck": 0,"Filter": "(l_returnflag = 'R'::bpchar)","Rows Removed by Filter": 2,"Workers": []}]},{"Node Type": "Hash","Parent Relationship": "Inner","Parallel Aware": true,"Async Capable": false,"Startup Cost": 4210.00,"Total Cost": 4210.00,"Plan Rows": 62500,"Plan Width": 148,"Actual Startup Time": 63.582,"Actual Total Time": 63.588,"Actual Rows": 37500,"Actual Loops": 4,"Hash Buckets": 262144,"Original Hash Buckets": 262144,"Hash Batches": 1,"Original Hash Batches": 1,"Peak Memory Usage": 29312,"Workers": [],"Plans": [{"Node Type": "Seq Scan","Parent Relationship": "Outer","Parallel Aware": true,"Async Capable": false,"Relation Name": "customer","Alias": "customer","Startup Cost": 0.00,"Total Cost": 4210.00,"Plan Rows": 62500,"Plan Width": 148,"Actual Startup Time": 0.028,"Actual Total Time": 28.690,"Actual Rows": 37500,"Actual Loops": 4,"Workers": []}]}]},{"Node Type": "Hash","Parent Relationship": "Inner","Parallel Aware": false,"Async Capable": false,"Startup Cost": 1.25,"Total Cost": 1.25,"Plan Rows": 25,"Plan Width": 108,"Actual Startup Time": 0.094,"Actual Total Time": 0.100,"Actual Rows": 25,"Actual Loops": 4,"Hash Buckets": 1024,"Original Hash Buckets": 1024,"Hash Batches": 1,"Original Hash Batches": 1,"Peak Memory Usage": 10,"Workers": [],"Plans": [{"Node Type": "Seq Scan","Parent Relationship": "Outer","Parallel Aware": false,"Async Capable": false,"Relation Name": "nation","Alias": "nation","Startup Cost": 0.00,"Total Cost": 1.25,"Plan Rows": 25,"Plan Width": 108,"Actual Startup Time": 0.060,"Actual Total Time": 0.067,"Actual Rows": 25,"Actual Loops": 4,"Workers": []}]}]}]}]}]},"Planning Time": 7.215,"Triggers": [],"Execution Time": 650.753}]
[{"Plan": {"Node Type": "Sort","Parallel Aware": false,"Async Capable": false,"Startup Cost": 131080.21,"Total Cost": 131221.46,"Plan Rows": 56499,"Plan Width": 280,"Actual Startup Time": 605.493,"Actual Total Time": 645.716,"Actual Rows": 37967,"Actual Loops": 1,"Sort Key": ["(sum((lineitem.l_extendedprice * ('1'::numeric - lineitem.l_discount)))) DESC"],"Sort Method": "quicksort","Sort Space Used": 9838,"Sort Space Type": "Memory","Plans": [{"Node Type": "Aggregate","Strategy": "Hashed","Partial Mode": "Simple","Parent Relationship": "Outer","Parallel Aware": false,"Async Capable": false,"Startup Cost": 125914.53,"Total Cost": 126620.77,"Plan Rows": 56499,"Plan Width": 280,"Actual Startup Time": 424.904,"Actual Total Time": 572.991,"Actual Rows": 37967,"Actual Loops": 1,"Group Key": ["customer.c_custkey", "nation.n_name"],"Planned Partitions": 0,"HashAgg Batches": 1,"Peak Memory Usage": 26129,"Disk Usage": 0,"Plans": [{"Node Type": "Gather","Parent Relationship": "Outer","Parallel Aware": false,"Async Capable": false,"Startup Cost": 6785.77,"Total Cost": 125208.29,"Plan Rows": 56499,"Plan Width": 260,"Actual Startup Time": 85.491,"Actual Total Time": 295.043,"Actual Rows": 114705,"Actual Loops": 1,"Workers Planned": 3,"Workers Launched": 3,"Single Copy": false,"Plans": [{"Node Type": "Hash Join","Parent Relationship": "Outer","Parallel Aware": false,"Async Capable": false,"Join Type": "Inner","Startup Cost": 5785.77,"Total Cost": 118558.39,"Plan Rows": 18225,"Plan Width": 260,"Actual Startup Time": 77.990,"Actual Total Time": 369.128,"Actual Rows": 28676,"Actual Loops": 4,"Inner Unique": true,"Hash Cond": "(customer.c_nationkey = nation.n_nationkey)","Workers": [],"Plans": [{"Node Type": "Hash Join","Parent Relationship": "Outer","Parallel Aware": true,"Async Capable": false,"Join Type": "Inner","Startup Cost": 5784.20,"Total Cost": 118500.88,"Plan Rows": 18225,"Plan Width": 160,"Actual Startup Time": 77.566,"Actual Total Time": 359.708,"Actual Rows": 28676,"Actual Loops": 4,"Inner Unique": true,"Hash Cond": "(orders.o_custkey = customer.c_custkey)","Workers": [],"Plans": [{"Node Type": "Nested Loop","Parent Relationship": "Outer","Parallel Aware": false,"Async Capable": false,"Join Type": "Inner","Startup Cost": 792.95,"Total Cost": 113461.79,"Plan Rows": 18225,"Plan Width": 16,"Actual Startup Time": 13.246,"Actual Total Time": 255.571,"Actual Rows": 28676,"Actual Loops": 4,"Inner Unique": false,"Workers": [],"Plans": [{"Node Type": "Bitmap Heap Scan","Parent Relationship": "Outer","Parallel Aware": true,"Async Capable": false,"Relation Name": "orders","Alias": "orders","Startup Cost": 792.52,"Total Cost": 27165.14,"Plan Rows": 18508,"Plan Width": 8,"Actual Startup Time": 13.160,"Actual Total Time": 71.475,"Actual Rows": 14267,"Actual Loops": 4,"Recheck Cond": "((o_orderdate >= '1993-10-01'::date) AND (o_orderdate < '1994-01-01 00:00:00'::timestamp without time zone))","Rows Removed by Index Recheck": 0,"Exact Heap Blocks": 3708,"Lossy Heap Blocks": 0,"Workers": [],"Plans": [{"Node Type": "Bitmap Index Scan","Parent Relationship": "Outer","Parallel Aware": false,"Async Capable": false,"Index Name": "idx_orders_orderdate","Startup Cost": 0.00,"Total Cost": 778.18,"Plan Rows": 57375,"Plan Width": 0,"Actual Startup Time": 10.062,"Actual Total Time": 10.069,"Actual Rows": 57069,"Actual Loops": 1,"Index Cond": "((o_orderdate >= '1993-10-01'::date) AND (o_orderdate < '1994-01-01 00:00:00'::timestamp without time zone))","Workers": []}]},{"Node Type": "Index Scan","Parent Relationship": "Inner","Parallel Aware": false,"Async Capable": false,"Scan Direction": "Forward","Index Name": "idx_lineitem_orderkey","Relation Name": "lineitem","Alias": "lineitem","Startup Cost": 0.43,"Total Cost": 4.62,"Plan Rows": 4,"Plan Width": 16,"Actual Startup Time": 0.011,"Actual Total Time": 0.013,"Actual Rows": 2,"Actual Loops": 57069,"Index Cond": "(l_orderkey = orders.o_orderkey)","Rows Removed by Index Recheck": 0,"Filter": "(l_returnflag = 'R'::bpchar)","Rows Removed by Filter": 2,"Workers": []}]},{"Node Type": "Hash","Parent Relationship": "Inner","Parallel Aware": true,"Async Capable": false,"Startup Cost": 4210.00,"Total Cost": 4210.00,"Plan Rows": 62500,"Plan Width": 148,"Actual Startup Time": 63.688,"Actual Total Time": 63.696,"Actual Rows": 37500,"Actual Loops": 4,"Hash Buckets": 262144,"Original Hash Buckets": 262144,"Hash Batches": 1,"Original Hash Batches": 1,"Peak Memory Usage": 29312,"Workers": [],"Plans": [{"Node Type": "Seq Scan","Parent Relationship": "Outer","Parallel Aware": true,"Async Capable": false,"Relation Name": "customer","Alias": "customer","Startup Cost": 0.00,"Total Cost": 4210.00,"Plan Rows": 62500,"Plan Width": 148,"Actual Startup Time": 0.034,"Actual Total Time": 28.900,"Actual Rows": 37500,"Actual Loops": 4,"Workers": []}]}]},{"Node Type": "Hash","Parent Relationship": "Inner","Parallel Aware": false,"Async Capable": false,"Startup Cost": 1.25,"Total Cost": 1.25,"Plan Rows": 25,"Plan Width": 108,"Actual Startup Time": 0.102,"Actual Total Time": 0.107,"Actual Rows": 25,"Actual Loops": 4,"Hash Buckets": 1024,"Original Hash Buckets": 1024,"Hash Batches": 1,"Original Hash Batches": 1,"Peak Memory Usage": 10,"Workers": [],"Plans": [{"Node Type": "Seq Scan","Parent Relationship": "Outer","Parallel Aware": false,"Async Capable": false,"Relation Name": "nation","Alias": "nation","Startup Cost": 0.00,"Total Cost": 1.25,"Plan Rows": 25,"Plan Width": 108,"Actual Startup Time": 0.070,"Actual Total Time": 0.076,"Actual Rows": 25,"Actual Loops": 4,"Workers": []}]}]}]}]}]},"Planning Time": 6.575,"Triggers": [],"Execution Time": 649.944}]
[{"Plan": {"Node Type": "Sort","Parallel Aware": false,"Async Capable": false,"Startup Cost": 130505.43,"Total Cost": 130645.60,"Plan Rows": 56065,"Plan Width": 280,"Actual Startup Time": 601.513,"Actual Total Time": 641.580,"Actual Rows": 37018,"Actual Loops": 1,"Sort Key": ["(sum((lineitem.l_extendedprice * ('1'::numeric - lineitem.l_discount)))) DESC"],"Sort Method": "quicksort","Sort Space Used": 9627,"Sort Space Type": "Memory","Plans": [{"Node Type": "Aggregate","Strategy": "Hashed","Partial Mode": "Simple","Parent Relationship": "Outer","Parallel Aware": false,"Async Capable": false,"Startup Cost": 125382.55,"Total Cost": 126083.36,"Plan Rows": 56065,"Plan Width": 280,"Actual Startup Time": 416.495,"Actual Total Time": 572.420,"Actual Rows": 37018,"Actual Loops": 1,"Group Key": ["customer.c_custkey", "nation.n_name"],"Planned Partitions": 0,"HashAgg Batches": 1,"Peak Memory Usage": 26129,"Disk Usage": 0,"Plans": [{"Node Type": "Gather","Parent Relationship": "Outer","Parallel Aware": false,"Async Capable": false,"Startup Cost": 6781.25,"Total Cost": 124681.73,"Plan Rows": 56065,"Plan Width": 260,"Actual Startup Time": 81.623,"Actual Total Time": 288.921,"Actual Rows": 110603,"Actual Loops": 1,"Workers Planned": 3,"Workers Launched": 3,"Single Copy": false,"Plans": [{"Node Type": "Hash Join","Parent Relationship": "Outer","Parallel Aware": false,"Async Capable": false,"Join Type": "Inner","Startup Cost": 5781.25,"Total Cost": 118075.23,"Plan Rows": 18085,"Plan Width": 260,"Actual Startup Time": 74.243,"Actual Total Time": 359.851,"Actual Rows": 27651,"Actual Loops": 4,"Inner Unique": true,"Hash Cond": "(customer.c_nationkey = nation.n_nationkey)","Workers": [],"Plans": [{"Node Type": "Hash Join","Parent Relationship": "Outer","Parallel Aware": true,"Async Capable": false,"Join Type": "Inner","Startup Cost": 5779.68,"Total Cost": 118018.16,"Plan Rows": 18085,"Plan Width": 160,"Actual Startup Time": 73.807,"Actual Total Time": 350.724,"Actual Rows": 27651,"Actual Loops": 4,"Inner Unique": true,"Hash Cond": "(orders.o_custkey = customer.c_custkey)","Workers": [],"Plans": [{"Node Type": "Nested Loop","Parent Relationship": "Outer","Parallel Aware": false,"Async Capable": false,"Join Type": "Inner","Startup Cost": 788.43,"Total Cost": 112979.43,"Plan Rows": 18085,"Plan Width": 16,"Actual Startup Time": 13.351,"Actual Total Time": 248.674,"Actual Rows": 27651,"Actual Loops": 4,"Inner Unique": false,"Workers": [],"Plans": [{"Node Type": "Bitmap Heap Scan","Parent Relationship": "Outer","Parallel Aware": true,"Async Capable": false,"Relation Name": "orders","Alias": "orders","Startup Cost": 788.00,"Total Cost": 27158.49,"Plan Rows": 18366,"Plan Width": 8,"Actual Startup Time": 13.297,"Actual Total Time": 70.614,"Actual Rows": 13866,"Actual Loops": 4,"Recheck Cond": "((o_orderdate >= '1994-02-01'::date) AND (o_orderdate < '1994-05-01 00:00:00'::timestamp without time zone))","Rows Removed by Index Recheck": 0,"Exact Heap Blocks": 3619,"Lossy Heap Blocks": 0,"Workers": [],"Plans": [{"Node Type": "Bitmap Index Scan","Parent Relationship": "Outer","Parallel Aware": false,"Async Capable": false,"Index Name": "idx_orders_orderdate","Startup Cost": 0.00,"Total Cost": 773.77,"Plan Rows": 56934,"Plan Width": 0,"Actual Startup Time": 10.157,"Actual Total Time": 10.161,"Actual Rows": 55462,"Actual Loops": 1,"Index Cond": "((o_orderdate >= '1994-02-01'::date) AND (o_orderdate < '1994-05-01 00:00:00'::timestamp without time zone))","Workers": []}]},{"Node Type": "Index Scan","Parent Relationship": "Inner","Parallel Aware": false,"Async Capable": false,"Scan Direction": "Forward","Index Name": "idx_lineitem_orderkey","Relation Name": "lineitem","Alias": "lineitem","Startup Cost": 0.43,"Total Cost": 4.63,"Plan Rows": 4,"Plan Width": 16,"Actual Startup Time": 0.010,"Actual Total Time": 0.012,"Actual Rows": 2,"Actual Loops": 55462,"Index Cond": "(l_orderkey = orders.o_orderkey)","Rows Removed by Index Recheck": 0,"Filter": "(l_returnflag = 'R'::bpchar)","Rows Removed by Filter": 2,"Workers": []}]},{"Node Type": "Hash","Parent Relationship": "Inner","Parallel Aware": true,"Async Capable": false,"Startup Cost": 4210.00,"Total Cost": 4210.00,"Plan Rows": 62500,"Plan Width": 148,"Actual Startup Time": 59.812,"Actual Total Time": 59.817,"Actual Rows": 37500,"Actual Loops": 4,"Hash Buckets": 262144,"Original Hash Buckets": 262144,"Hash Batches": 1,"Original Hash Batches": 1,"Peak Memory Usage": 29344,"Workers": [],"Plans": [{"Node Type": "Seq Scan","Parent Relationship": "Outer","Parallel Aware": true,"Async Capable": false,"Relation Name": "customer","Alias": "customer","Startup Cost": 0.00,"Total Cost": 4210.00,"Plan Rows": 62500,"Plan Width": 148,"Actual Startup Time": 0.038,"Actual Total Time": 25.477,"Actual Rows": 37500,"Actual Loops": 4,"Workers": []}]}]},{"Node Type": "Hash","Parent Relationship": "Inner","Parallel Aware": false,"Async Capable": false,"Startup Cost": 1.25,"Total Cost": 1.25,"Plan Rows": 25,"Plan Width": 108,"Actual Startup Time": 0.111,"Actual Total Time": 0.116,"Actual Rows": 25,"Actual Loops": 4,"Hash Buckets": 1024,"Original Hash Buckets": 1024,"Hash Batches": 1,"Original Hash Batches": 1,"Peak Memory Usage": 10,"Workers": [],"Plans": [{"Node Type": "Seq Scan","Parent Relationship": "Outer","Parallel Aware": false,"Async Capable": false,"Relation Name": "nation","Alias": "nation","Startup Cost": 0.00,"Total Cost": 1.25,"Plan Rows": 25,"Plan Width": 108,"Actual Startup Time": 0.071,"Actual Total Time": 0.077,"Actual Rows": 25,"Actual Loops": 4,"Workers": []}]}]}]}]}]},"Planning Time": 7.387,"Triggers": [],"Execution Time": 645.928}]
[{"Plan": {"Node Type": "Sort","Parallel Aware": false,"Async Capable": false,"Startup Cost": 131330.41,"Total Cost": 131472.12,"Plan Rows": 56686,"Plan Width": 280,"Actual Startup Time": 587.483,"Actual Total Time": 628.086,"Actual Rows": 37925,"Actual Loops": 1,"Sort Key": ["(sum((lineitem.l_extendedprice * ('1'::numeric - lineitem.l_discount)))) DESC"],"Sort Method": "quicksort","Sort Space Used": 9832,"Sort Space Type": "Memory","Plans": [{"Node Type": "Aggregate","Strategy": "Hashed","Partial Mode": "Simple","Parent Relationship": "Outer","Parallel Aware": false,"Async Capable": false,"Startup Cost": 126146.27,"Total Cost": 126854.85,"Plan Rows": 56686,"Plan Width": 280,"Actual Startup Time": 410.388,"Actual Total Time": 556.054,"Actual Rows": 37925,"Actual Loops": 1,"Group Key": ["customer.c_custkey", "nation.n_name"],"Planned Partitions": 0,"HashAgg Batches": 1,"Peak Memory Usage": 26129,"Disk Usage": 0,"Plans": [{"Node Type": "Gather","Parent Relationship": "Outer","Parallel Aware": false,"Async Capable": false,"Startup Cost": 6791.71,"Total Cost": 125437.70,"Plan Rows": 56686,"Plan Width": 260,"Actual Startup Time": 76.070,"Actual Total Time": 284.431,"Actual Rows": 114550,"Actual Loops": 1,"Workers Planned": 3,"Workers Launched": 3,"Single Copy": false,"Plans": [{"Node Type": "Hash Join","Parent Relationship": "Outer","Parallel Aware": false,"Async Capable": false,"Join Type": "Inner","Startup Cost": 5791.71,"Total Cost": 118769.10,"Plan Rows": 18286,"Plan Width": 260,"Actual Startup Time": 68.409,"Actual Total Time": 355.040,"Actual Rows": 28638,"Actual Loops": 4,"Inner Unique": true,"Hash Cond": "(customer.c_nationkey = nation.n_nationkey)","Workers": [],"Plans": [{"Node Type": "Hash Join","Parent Relationship": "Outer","Parallel Aware": true,"Async Capable": false,"Join Type": "Inner","Startup Cost": 5790.15,"Total Cost": 118711.40,"Plan Rows": 18286,"Plan Width": 160,"Actual Startup Time": 67.911,"Actual Total Time": 346.301,"Actual Rows": 28638,"Actual Loops": 4,"Inner Unique": true,"Hash Cond": "(orders.o_custkey = customer.c_custkey)","Workers": [],"Plans": [{"Node Type": "Nested Loop","Parent Relationship": "Outer","Parallel Aware": false,"Async Capable": false,"Join Type": "Inner","Startup Cost": 798.90,"Total Cost": 113672.15,"Plan Rows": 18286,"Plan Width": 16,"Actual Startup Time": 13.342,"Actual Total Time": 249.825,"Actual Rows": 28638,"Actual Loops": 4,"Inner Unique": false,"Workers": [],"Plans": [{"Node Type": "Bitmap Heap Scan","Parent Relationship": "Outer","Parallel Aware": true,"Async Capable": false,"Relation Name": "orders","Alias": "orders","Startup Cost": 798.47,"Total Cost": 27172.01,"Plan Rows": 18569,"Plan Width": 8,"Actual Startup Time": 13.275,"Actual Total Time": 71.340,"Actual Rows": 14284,"Actual Loops": 4,"Recheck Cond": "((o_orderdate >= '1993-08-01'::date) AND (o_orderdate < '1993-11-01 00:00:00'::timestamp without time zone))","Rows Removed by Index Recheck": 0,"Exact Heap Blocks": 3594,"Lossy Heap Blocks": 0,"Workers": [],"Plans": [{"Node Type": "Bitmap Index Scan","Parent Relationship": "Outer","Parallel Aware": false,"Async Capable": false,"Index Name": "idx_orders_orderdate","Startup Cost": 0.00,"Total Cost": 784.08,"Plan Rows": 57565,"Plan Width": 0,"Actual Startup Time": 10.135,"Actual Total Time": 10.136,"Actual Rows": 57138,"Actual Loops": 1,"Index Cond": "((o_orderdate >= '1993-08-01'::date) AND (o_orderdate < '1993-11-01 00:00:00'::timestamp without time zone))","Workers": []}]},{"Node Type": "Index Scan","Parent Relationship": "Inner","Parallel Aware": false,"Async Capable": false,"Scan Direction": "Forward","Index Name": "idx_lineitem_orderkey","Relation Name": "lineitem","Alias": "lineitem","Startup Cost": 0.43,"Total Cost": 4.62,"Plan Rows": 4,"Plan Width": 16,"Actual Startup Time": 0.010,"Actual Total Time": 0.012,"Actual Rows": 2,"Actual Loops": 57138,"Index Cond": "(l_orderkey = orders.o_orderkey)","Rows Removed by Index Recheck": 0,"Filter": "(l_returnflag = 'R'::bpchar)","Rows Removed by Filter": 2,"Workers": []}]},{"Node Type": "Hash","Parent Relationship": "Inner","Parallel Aware": true,"Async Capable": false,"Startup Cost": 4210.00,"Total Cost": 4210.00,"Plan Rows": 62500,"Plan Width": 148,"Actual Startup Time": 53.968,"Actual Total Time": 53.976,"Actual Rows": 37500,"Actual Loops": 4,"Hash Buckets": 262144,"Original Hash Buckets": 262144,"Hash Batches": 1,"Original Hash Batches": 1,"Peak Memory Usage": 29344,"Workers": [],"Plans": [{"Node Type": "Seq Scan","Parent Relationship": "Outer","Parallel Aware": true,"Async Capable": false,"Relation Name": "customer","Alias": "customer","Startup Cost": 0.00,"Total Cost": 4210.00,"Plan Rows": 62500,"Plan Width": 148,"Actual Startup Time": 0.023,"Actual Total Time": 24.403,"Actual Rows": 37500,"Actual Loops": 4,"Workers": []}]}]},{"Node Type": "Hash","Parent Relationship": "Inner","Parallel Aware": false,"Async Capable": false,"Startup Cost": 1.25,"Total Cost": 1.25,"Plan Rows": 25,"Plan Width": 108,"Actual Startup Time": 0.099,"Actual Total Time": 0.106,"Actual Rows": 25,"Actual Loops": 4,"Hash Buckets": 1024,"Original Hash Buckets": 1024,"Hash Batches": 1,"Original Hash Batches": 1,"Peak Memory Usage": 10,"Workers": [],"Plans": [{"Node Type": "Seq Scan","Parent Relationship": "Outer","Parallel Aware": false,"Async Capable": false,"Relation Name": "nation","Alias": "nation","Startup Cost": 0.00,"Total Cost": 1.25,"Plan Rows": 25,"Plan Width": 108,"Actual Startup Time": 0.062,"Actual Total Time": 0.071,"Actual Rows": 25,"Actual Loops": 4,"Workers": []}]}]}]}]}]},"Planning Time": 6.540,"Triggers": [],"Execution Time": 634.012}]
[{"Plan": {"Node Type": "Sort","Parallel Aware": false,"Async Capable": false,"Startup Cost": 130975.09,"Total Cost": 131116.14,"Plan Rows": 56420,"Plan Width": 280,"Actual Startup Time": 559.129,"Actual Total Time": 601.162,"Actual Rows": 37859,"Actual Loops": 1,"Sort Key": ["(sum((lineitem.l_extendedprice * ('1'::numeric - lineitem.l_discount)))) DESC"],"Sort Method": "quicksort","Sort Space Used": 9818,"Sort Space Type": "Memory","Plans": [{"Node Type": "Aggregate","Strategy": "Hashed","Partial Mode": "Simple","Parent Relationship": "Outer","Parallel Aware": false,"Async Capable": false,"Startup Cost": 125817.20,"Total Cost": 126522.45,"Plan Rows": 56420,"Plan Width": 280,"Actual Startup Time": 383.531,"Actual Total Time": 530.212,"Actual Rows": 37859,"Actual Loops": 1,"Group Key": ["customer.c_custkey", "nation.n_name"],"Planned Partitions": 0,"HashAgg Batches": 1,"Peak Memory Usage": 26129,"Disk Usage": 0,"Plans": [{"Node Type": "Gather","Parent Relationship": "Outer","Parallel Aware": false,"Async Capable": false,"Startup Cost": 6784.95,"Total Cost": 125111.95,"Plan Rows": 56420,"Plan Width": 260,"Actual Startup Time": 70.081,"Actual Total Time": 265.015,"Actual Rows": 114028,"Actual Loops": 1,"Workers Planned": 3,"Workers Launched": 3,"Single Copy": false,"Plans": [{"Node Type": "Hash Join","Parent Relationship": "Outer","Parallel Aware": false,"Async Capable": false,"Join Type": "Inner","Startup Cost": 5784.95,"Total Cost": 118469.95,"Plan Rows": 18200,"Plan Width": 260,"Actual Startup Time": 62.841,"Actual Total Time": 330.296,"Actual Rows": 28507,"Actual Loops": 4,"Inner Unique": true,"Hash Cond": "(customer.c_nationkey = nation.n_nationkey)","Workers": [],"Plans": [{"Node Type": "Hash Join","Parent Relationship": "Outer","Parallel Aware": true,"Async Capable": false,"Join Type": "Inner","Startup Cost": 5783.38,"Total Cost": 118412.51,"Plan Rows": 18200,"Plan Width": 160,"Actual Startup Time": 62.430,"Actual Total Time": 322.490,"Actual Rows": 28507,"Actual Loops": 4,"Inner Unique": true,"Hash Cond": "(orders.o_custkey = customer.c_custkey)","Workers": [],"Plans": [{"Node Type": "Nested Loop","Parent Relationship": "Outer","Parallel Aware": false,"Async Capable": false,"Join Type": "Inner","Startup Cost": 792.13,"Total Cost": 113373.49,"Plan Rows": 18200,"Plan Width": 16,"Actual Startup Time": 13.021,"Actual Total Time": 238.266,"Actual Rows": 28507,"Actual Loops": 4,"Inner Unique": false,"Workers": [],"Plans": [{"Node Type": "Bitmap Heap Scan","Parent Relationship": "Outer","Parallel Aware": true,"Async Capable": false,"Relation Name": "orders","Alias": "orders","Startup Cost": 791.70,"Total Cost": 27163.94,"Plan Rows": 18482,"Plan Width": 8,"Actual Startup Time": 12.954,"Actual Total Time": 66.534,"Actual Rows": 14234,"Actual Loops": 4,"Recheck Cond": "((o_orderdate >= '1993-03-01'::date) AND (o_orderdate < '1993-06-01 00:00:00'::timestamp without time zone))","Rows Removed by Index Recheck": 0,"Exact Heap Blocks": 3517,"Lossy Heap Blocks": 0,"Workers": [],"Plans": [{"Node Type": "Bitmap Index Scan","Parent Relationship": "Outer","Parallel Aware": false,"Async Capable": false,"Index Name": "idx_orders_orderdate","Startup Cost": 0.00,"Total Cost": 777.38,"Plan Rows": 57295,"Plan Width": 0,"Actual Startup Time": 9.836,"Actual Total Time": 9.842,"Actual Rows": 56934,"Actual Loops": 1,"Index Cond": "((o_orderdate >= '1993-03-01'::date) AND (o_orderdate < '1993-06-01 00:00:00'::timestamp without time zone))","Workers": []}]},{"Node Type": "Index Scan","Parent Relationship": "Inner","Parallel Aware": false,"Async Capable": false,"Scan Direction": "Forward","Index Name": "idx_lineitem_orderkey","Relation Name": "lineitem","Alias": "lineitem","Startup Cost": 0.43,"Total Cost": 4.62,"Plan Rows": 4,"Plan Width": 16,"Actual Startup Time": 0.010,"Actual Total Time": 0.012,"Actual Rows": 2,"Actual Loops": 56934,"Index Cond": "(l_orderkey = orders.o_orderkey)","Rows Removed by Index Recheck": 0,"Filter": "(l_returnflag = 'R'::bpchar)","Rows Removed by Filter": 2,"Workers": []}]},{"Node Type": "Hash","Parent Relationship": "Inner","Parallel Aware": true,"Async Capable": false,"Startup Cost": 4210.00,"Total Cost": 4210.00,"Plan Rows": 62500,"Plan Width": 148,"Actual Startup Time": 48.797,"Actual Total Time": 48.806,"Actual Rows": 37500,"Actual Loops": 4,"Hash Buckets": 262144,"Original Hash Buckets": 262144,"Hash Batches": 1,"Original Hash Batches": 1,"Peak Memory Usage": 29344,"Workers": [],"Plans": [{"Node Type": "Seq Scan","Parent Relationship": "Outer","Parallel Aware": true,"Async Capable": false,"Relation Name": "customer","Alias": "customer","Startup Cost": 0.00,"Total Cost": 4210.00,"Plan Rows": 62500,"Plan Width": 148,"Actual Startup Time": 0.027,"Actual Total Time": 20.617,"Actual Rows": 37500,"Actual Loops": 4,"Workers": []}]}]},{"Node Type": "Hash","Parent Relationship": "Inner","Parallel Aware": false,"Async Capable": false,"Startup Cost": 1.25,"Total Cost": 1.25,"Plan Rows": 25,"Plan Width": 108,"Actual Startup Time": 0.102,"Actual Total Time": 0.108,"Actual Rows": 25,"Actual Loops": 4,"Hash Buckets": 1024,"Original Hash Buckets": 1024,"Hash Batches": 1,"Original Hash Batches": 1,"Peak Memory Usage": 10,"Workers": [],"Plans": [{"Node Type": "Seq Scan","Parent Relationship": "Outer","Parallel Aware": false,"Async Capable": false,"Relation Name": "nation","Alias": "nation","Startup Cost": 0.00,"Total Cost": 1.25,"Plan Rows": 25,"Plan Width": 108,"Actual Startup Time": 0.068,"Actual Total Time": 0.076,"Actual Rows": 25,"Actual Loops": 4,"Workers": []}]}]}]}]}]},"Planning Time": 7.017,"Triggers": [],"Execution Time": 606.974}]
[{"Plan": {"Node Type": "Sort","Parallel Aware": false,"Async Capable": false,"Startup Cost": 132293.09,"Total Cost": 132436.61,"Plan Rows": 57411,"Plan Width": 280,"Actual Startup Time": 612.013,"Actual Total Time": 652.224,"Actual Rows": 37922,"Actual Loops": 1,"Sort Key": ["(sum((lineitem.l_extendedprice * ('1'::numeric - lineitem.l_discount)))) DESC"],"Sort Method": "quicksort","Sort Space Used": 9827,"Sort Space Type": "Memory","Plans": [{"Node Type": "Aggregate","Strategy": "Hashed","Partial Mode": "Simple","Parent Relationship": "Outer","Parallel Aware": false,"Async Capable": false,"Startup Cost": 127037.38,"Total Cost": 127755.02,"Plan Rows": 57411,"Plan Width": 280,"Actual Startup Time": 427.597,"Actual Total Time": 578.840,"Actual Rows": 37922,"Actual Loops": 1,"Group Key": ["customer.c_custkey", "nation.n_name"],"Planned Partitions": 0,"HashAgg Batches": 1,"Peak Memory Usage": 26129,"Disk Usage": 0,"Plans": [{"Node Type": "Gather","Parent Relationship": "Outer","Parallel Aware": false,"Async Capable": false,"Startup Cost": 6799.26,"Total Cost": 126319.75,"Plan Rows": 57411,"Plan Width": 260,"Actual Startup Time": 84.985,"Actual Total Time": 295.027,"Actual Rows": 114929,"Actual Loops": 1,"Workers Planned": 3,"Workers Launched": 3,"Single Copy": false,"Plans": [{"Node Type": "Hash Join","Parent Relationship": "Outer","Parallel Aware": false,"Async Capable": false,"Join Type": "Inner","Startup Cost": 5799.26,"Total Cost": 119578.65,"Plan Rows": 18520,"Plan Width": 260,"Actual Startup Time": 77.490,"Actual Total Time": 369.817,"Actual Rows": 28732,"Actual Loops": 4,"Inner Unique": true,"Hash Cond": "(customer.c_nationkey = nation.n_nationkey)","Workers": [],"Plans": [{"Node Type": "Hash Join","Parent Relationship": "Outer","Parallel Aware": true,"Async Capable": false,"Join Type": "Inner","Startup Cost": 5797.70,"Total Cost": 119520.23,"Plan Rows": 18520,"Plan Width": 160,"Actual Startup Time": 77.066,"Actual Total Time": 360.808,"Actual Rows": 28732,"Actual Loops": 4,"Inner Unique": true,"Hash Cond": "(orders.o_custkey = customer.c_custkey)","Workers": [],"Plans": [{"Node Type": "Nested Loop","Parent Relationship": "Outer","Parallel Aware": false,"Async Capable": false,"Join Type": "Inner","Startup Cost": 806.45,"Total Cost": 114480.36,"Plan Rows": 18520,"Plan Width": 16,"Actual Startup Time": 13.430,"Actual Total Time": 255.437,"Actual Rows": 28732,"Actual Loops": 4,"Inner Unique": false,"Workers": [],"Plans": [{"Node Type": "Bitmap Heap Scan","Parent Relationship": "Outer","Parallel Aware": true,"Async Capable": false,"Relation Name": "orders","Alias": "orders","Startup Cost": 806.01,"Total Cost": 27183.11,"Plan Rows": 18807,"Plan Width": 8,"Actual Startup Time": 13.367,"Actual Total Time": 72.208,"Actual Rows": 14355,"Actual Loops": 4,"Recheck Cond": "((o_orderdate >= '1994-03-01'::date) AND (o_orderdate < '1994-06-01 00:00:00'::timestamp without time zone))","Rows Removed by Index Recheck": 0,"Exact Heap Blocks": 3712,"Lossy Heap Blocks": 0,"Workers": [],"Plans": [{"Node Type": "Bitmap Index Scan","Parent Relationship": "Outer","Parallel Aware": false,"Async Capable": false,"Index Name": "idx_orders_orderdate","Startup Cost": 0.00,"Total Cost": 791.44,"Plan Rows": 58301,"Plan Width": 0,"Actual Startup Time": 10.180,"Actual Total Time": 10.183,"Actual Rows": 57420,"Actual Loops": 1,"Index Cond": "((o_orderdate >= '1994-03-01'::date) AND (o_orderdate < '1994-06-01 00:00:00'::timestamp without time zone))","Workers": []}]},{"Node Type": "Index Scan","Parent Relationship": "Inner","Parallel Aware": false,"Async Capable": false,"Scan Direction": "Forward","Index Name": "idx_lineitem_orderkey","Relation Name": "lineitem","Alias": "lineitem","Startup Cost": 0.43,"Total Cost": 4.60,"Plan Rows": 4,"Plan Width": 16,"Actual Startup Time": 0.010,"Actual Total Time": 0.012,"Actual Rows": 2,"Actual Loops": 57420,"Index Cond": "(l_orderkey = orders.o_orderkey)","Rows Removed by Index Recheck": 0,"Filter": "(l_returnflag = 'R'::bpchar)","Rows Removed by Filter": 2,"Workers": []}]},{"Node Type": "Hash","Parent Relationship": "Inner","Parallel Aware": true,"Async Capable": false,"Startup Cost": 4210.00,"Total Cost": 4210.00,"Plan Rows": 62500,"Plan Width": 148,"Actual Startup Time": 63.095,"Actual Total Time": 63.101,"Actual Rows": 37500,"Actual Loops": 4,"Hash Buckets": 262144,"Original Hash Buckets": 262144,"Hash Batches": 1,"Original Hash Batches": 1,"Peak Memory Usage": 29280,"Workers": [],"Plans": [{"Node Type": "Seq Scan","Parent Relationship": "Outer","Parallel Aware": true,"Async Capable": false,"Relation Name": "customer","Alias": "customer","Startup Cost": 0.00,"Total Cost": 4210.00,"Plan Rows": 62500,"Plan Width": 148,"Actual Startup Time": 0.041,"Actual Total Time": 28.071,"Actual Rows": 37500,"Actual Loops": 4,"Workers": []}]}]},{"Node Type": "Hash","Parent Relationship": "Inner","Parallel Aware": false,"Async Capable": false,"Startup Cost": 1.25,"Total Cost": 1.25,"Plan Rows": 25,"Plan Width": 108,"Actual Startup Time": 0.097,"Actual Total Time": 0.101,"Actual Rows": 25,"Actual Loops": 4,"Hash Buckets": 1024,"Original Hash Buckets": 1024,"Hash Batches": 1,"Original Hash Batches": 1,"Peak Memory Usage": 10,"Workers": [],"Plans": [{"Node Type": "Seq Scan","Parent Relationship": "Outer","Parallel Aware": false,"Async Capable": false,"Relation Name": "nation","Alias": "nation","Startup Cost": 0.00,"Total Cost": 1.25,"Plan Rows": 25,"Plan Width": 108,"Actual Startup Time": 0.065,"Actual Total Time": 0.071,"Actual Rows": 25,"Actual Loops": 4,"Workers": []}]}]}]}]}]},"Planning Time": 6.342,"Triggers": [],"Execution Time": 656.718}]
[{"Plan": {"Node Type": "Sort","Parallel Aware": false,"Async Capable": false,"Startup Cost": 131375.21,"Total Cost": 131517.01,"Plan Rows": 56721,"Plan Width": 280,"Actual Startup Time": 563.067,"Actual Total Time": 603.830,"Actual Rows": 37302,"Actual Loops": 1,"Sort Key": ["(sum((lineitem.l_extendedprice * ('1'::numeric - lineitem.l_discount)))) DESC"],"Sort Method": "quicksort","Sort Space Used": 9696,"Sort Space Type": "Memory","Plans": [{"Node Type": "Aggregate","Strategy": "Hashed","Partial Mode": "Simple","Parent Relationship": "Outer","Parallel Aware": false,"Async Capable": false,"Startup Cost": 126187.62,"Total Cost": 126896.63,"Plan Rows": 56721,"Plan Width": 280,"Actual Startup Time": 390.529,"Actual Total Time": 528.800,"Actual Rows": 37302,"Actual Loops": 1,"Group Key": ["customer.c_custkey", "nation.n_name"],"Planned Partitions": 0,"HashAgg Batches": 1,"Peak Memory Usage": 26129,"Disk Usage": 0,"Plans": [{"Node Type": "Gather","Parent Relationship": "Outer","Parallel Aware": false,"Async Capable": false,"Startup Cost": 6792.07,"Total Cost": 125478.61,"Plan Rows": 56721,"Plan Width": 260,"Actual Startup Time": 74.264,"Actual Total Time": 271.853,"Actual Rows": 111987,"Actual Loops": 1,"Workers Planned": 3,"Workers Launched": 3,"Single Copy": false,"Plans": [{"Node Type": "Hash Join","Parent Relationship": "Outer","Parallel Aware": false,"Async Capable": false,"Join Type": "Inner","Startup Cost": 5792.07,"Total Cost": 118806.51,"Plan Rows": 18297,"Plan Width": 260,"Actual Startup Time": 66.885,"Actual Total Time": 338.409,"Actual Rows": 27997,"Actual Loops": 4,"Inner Unique": true,"Hash Cond": "(customer.c_nationkey = nation.n_nationkey)","Workers": [],"Plans": [{"Node Type": "Hash Join","Parent Relationship": "Outer","Parallel Aware": true,"Async Capable": false,"Join Type": "Inner","Startup Cost": 5790.51,"Total Cost": 118748.77,"Plan Rows": 18297,"Plan Width": 160,"Actual Startup Time": 66.491,"Actual Total Time": 330.614,"Actual Rows": 27997,"Actual Loops": 4,"Inner Unique": true,"Hash Cond": "(orders.o_custkey = customer.c_custkey)","Workers": [],"Plans": [{"Node Type": "Nested Loop","Parent Relationship": "Outer","Parallel Aware": false,"Async Capable": false,"Join Type": "Inner","Startup Cost": 799.26,"Total Cost": 113709.49,"Plan Rows": 18297,"Plan Width": 16,"Actual Startup Time": 13.178,"Actual Total Time": 239.311,"Actual Rows": 27997,"Actual Loops": 4,"Inner Unique": false,"Workers": [],"Plans": [{"Node Type": "Bitmap Heap Scan","Parent Relationship": "Outer","Parallel Aware": true,"Async Capable": false,"Relation Name": "orders","Alias": "orders","Startup Cost": 798.83,"Total Cost": 27172.54,"Plan Rows": 18580,"Plan Width": 8,"Actual Startup Time": 13.117,"Actual Total Time": 66.928,"Actual Rows": 13993,"Actual Loops": 4,"Recheck Cond": "((o_orderdate >= '1993-12-01'::date) AND (o_orderdate < '1994-03-01 00:00:00'::timestamp without time zone))","Rows Removed by Index Recheck": 0,"Exact Heap Blocks": 3558,"Lossy Heap Blocks": 0,"Workers": [],"Plans": [{"Node Type": "Bitmap Index Scan","Parent Relationship": "Outer","Parallel Aware": false,"Async Capable": false,"Index Name": "idx_orders_orderdate","Startup Cost": 0.00,"Total Cost": 784.43,"Plan Rows": 57600,"Plan Width": 0,"Actual Startup Time": 10.042,"Actual Total Time": 10.048,"Actual Rows": 55973,"Actual Loops": 1,"Index Cond": "((o_orderdate >= '1993-12-01'::date) AND (o_orderdate < '1994-03-01 00:00:00'::timestamp without time zone))","Workers": []}]},{"Node Type": "Index Scan","Parent Relationship": "Inner","Parallel Aware": false,"Async Capable": false,"Scan Direction": "Forward","Index Name": "idx_lineitem_orderkey","Relation Name": "lineitem","Alias": "lineitem","Startup Cost": 0.43,"Total Cost": 4.62,"Plan Rows": 4,"Plan Width": 16,"Actual Startup Time": 0.010,"Actual Total Time": 0.012,"Actual Rows": 2,"Actual Loops": 55973,"Index Cond": "(l_orderkey = orders.o_orderkey)","Rows Removed by Index Recheck": 0,"Filter": "(l_returnflag = 'R'::bpchar)","Rows Removed by Filter": 2,"Workers": []}]},{"Node Type": "Hash","Parent Relationship": "Inner","Parallel Aware": true,"Async Capable": false,"Startup Cost": 4210.00,"Total Cost": 4210.00,"Plan Rows": 62500,"Plan Width": 148,"Actual Startup Time": 52.746,"Actual Total Time": 52.755,"Actual Rows": 37500,"Actual Loops": 4,"Hash Buckets": 262144,"Original Hash Buckets": 262144,"Hash Batches": 1,"Original Hash Batches": 1,"Peak Memory Usage": 29312,"Workers": [],"Plans": [{"Node Type": "Seq Scan","Parent Relationship": "Outer","Parallel Aware": true,"Async Capable": false,"Relation Name": "customer","Alias": "customer","Startup Cost": 0.00,"Total Cost": 4210.00,"Plan Rows": 62500,"Plan Width": 148,"Actual Startup Time": 0.028,"Actual Total Time": 23.004,"Actual Rows": 37500,"Actual Loops": 4,"Workers": []}]}]},{"Node Type": "Hash","Parent Relationship": "Inner","Parallel Aware": false,"Async Capable": false,"Startup Cost": 1.25,"Total Cost": 1.25,"Plan Rows": 25,"Plan Width": 108,"Actual Startup Time": 0.099,"Actual Total Time": 0.105,"Actual Rows": 25,"Actual Loops": 4,"Hash Buckets": 1024,"Original Hash Buckets": 1024,"Hash Batches": 1,"Original Hash Batches": 1,"Peak Memory Usage": 10,"Workers": [],"Plans": [{"Node Type": "Seq Scan","Parent Relationship": "Outer","Parallel Aware": false,"Async Capable": false,"Relation Name": "nation","Alias": "nation","Startup Cost": 0.00,"Total Cost": 1.25,"Plan Rows": 25,"Plan Width": 108,"Actual Startup Time": 0.067,"Actual Total Time": 0.074,"Actual Rows": 25,"Actual Loops": 4,"Workers": []}]}]}]}]}]},"Planning Time": 6.321,"Triggers": [],"Execution Time": 609.357}]
[{"Plan": {"Node Type": "Sort","Parallel Aware": false,"Async Capable": false,"Startup Cost": 132006.18,"Total Cost": 132149.16,"Plan Rows": 57194,"Plan Width": 280,"Actual Startup Time": 619.069,"Actual Total Time": 657.587,"Actual Rows": 38097,"Actual Loops": 1,"Sort Key": ["(sum((lineitem.l_extendedprice * ('1'::numeric - lineitem.l_discount)))) DESC"],"Sort Method": "quicksort","Sort Space Used": 9867,"Sort Space Type": "Memory","Plans": [{"Node Type": "Aggregate","Strategy": "Hashed","Partial Mode": "Simple","Parent Relationship": "Outer","Parallel Aware": false,"Async Capable": false,"Startup Cost": 126771.91,"Total Cost": 127486.83,"Plan Rows": 57194,"Plan Width": 280,"Actual Startup Time": 426.706,"Actual Total Time": 585.981,"Actual Rows": 38097,"Actual Loops": 1,"Group Key": ["customer.c_custkey", "nation.n_name"],"Planned Partitions": 0,"HashAgg Batches": 1,"Peak Memory Usage": 26129,"Disk Usage": 0,"Plans": [{"Node Type": "Gather","Parent Relationship": "Outer","Parallel Aware": false,"Async Capable": false,"Startup Cost": 6797.00,"Total Cost": 126056.98,"Plan Rows": 57194,"Plan Width": 260,"Actual Startup Time": 85.005,"Actual Total Time": 294.440,"Actual Rows": 114700,"Actual Loops": 1,"Workers Planned": 3,"Workers Launched": 3,"Single Copy": false,"Plans": [{"Node Type": "Hash Join","Parent Relationship": "Outer","Parallel Aware": false,"Async Capable": false,"Join Type": "Inner","Startup Cost": 5797.00,"Total Cost": 119337.58,"Plan Rows": 18450,"Plan Width": 260,"Actual Startup Time": 77.864,"Actual Total Time": 370.283,"Actual Rows": 28675,"Actual Loops": 4,"Inner Unique": true,"Hash Cond": "(customer.c_nationkey = nation.n_nationkey)","Workers": [],"Plans": [{"Node Type": "Hash Join","Parent Relationship": "Outer","Parallel Aware": true,"Async Capable": false,"Join Type": "Inner","Startup Cost": 5795.44,"Total Cost": 119279.38,"Plan Rows": 18450,"Plan Width": 160,"Actual Startup Time": 77.458,"Actual Total Time": 360.463,"Actual Rows": 28675,"Actual Loops": 4,"Inner Unique": true,"Hash Cond": "(orders.o_custkey = customer.c_custkey)","Workers": [],"Plans": [{"Node Type": "Nested Loop","Parent Relationship": "Outer","Parallel Aware": false,"Async Capable": false,"Join Type": "Inner","Startup Cost": 804.19,"Total Cost": 114239.70,"Plan Rows": 18450,"Plan Width": 16,"Actual Startup Time": 13.282,"Actual Total Time": 254.673,"Actual Rows": 28675,"Actual Loops": 4,"Inner Unique": false,"Workers": [],"Plans": [{"Node Type": "Bitmap Heap Scan","Parent Relationship": "Outer","Parallel Aware": true,"Async Capable": false,"Relation Name": "orders","Alias": "orders","Startup Cost": 803.76,"Total Cost": 27179.79,"Plan Rows": 18736,"Plan Width": 8,"Actual Startup Time": 13.232,"Actual Total Time": 71.774,"Actual Rows": 14328,"Actual Loops": 4,"Recheck Cond": "((o_orderdate >= '1994-05-01'::date) AND (o_orderdate < '1994-08-01 00:00:00'::timestamp without time zone))","Rows Removed by Index Recheck": 0,"Exact Heap Blocks": 3671,"Lossy Heap Blocks": 0,"Workers": [],"Plans": [{"Node Type": "Bitmap Index Scan","Parent Relationship": "Outer","Parallel Aware": false,"Async Capable": false,"Index Name": "idx_orders_orderdate","Startup Cost": 0.00,"Total Cost": 789.24,"Plan Rows": 58081,"Plan Width": 0,"Actual Startup Time": 10.132,"Actual Total Time": 10.140,"Actual Rows": 57311,"Actual Loops": 1,"Index Cond": "((o_orderdate >= '1994-05-01'::date) AND (o_orderdate < '1994-08-01 00:00:00'::timestamp without time zone))","Workers": []}]},{"Node Type": "Index Scan","Parent Relationship": "Inner","Parallel Aware": false,"Async Capable": false,"Scan Direction": "Forward","Index Name": "idx_lineitem_orderkey","Relation Name": "lineitem","Alias": "lineitem","Startup Cost": 0.43,"Total Cost": 4.61,"Plan Rows": 4,"Plan Width": 16,"Actual Startup Time": 0.010,"Actual Total Time": 0.012,"Actual Rows": 2,"Actual Loops": 57311,"Index Cond": "(l_orderkey = orders.o_orderkey)","Rows Removed by Index Recheck": 0,"Filter": "(l_returnflag = 'R'::bpchar)","Rows Removed by Filter": 2,"Workers": []}]},{"Node Type": "Hash","Parent Relationship": "Inner","Parallel Aware": true,"Async Capable": false,"Startup Cost": 4210.00,"Total Cost": 4210.00,"Plan Rows": 62500,"Plan Width": 148,"Actual Startup Time": 63.588,"Actual Total Time": 63.595,"Actual Rows": 37500,"Actual Loops": 4,"Hash Buckets": 262144,"Original Hash Buckets": 262144,"Hash Batches": 1,"Original Hash Batches": 1,"Peak Memory Usage": 29312,"Workers": [],"Plans": [{"Node Type": "Seq Scan","Parent Relationship": "Outer","Parallel Aware": true,"Async Capable": false,"Relation Name": "customer","Alias": "customer","Startup Cost": 0.00,"Total Cost": 4210.00,"Plan Rows": 62500,"Plan Width": 148,"Actual Startup Time": 0.027,"Actual Total Time": 28.105,"Actual Rows": 37500,"Actual Loops": 4,"Workers": []}]}]},{"Node Type": "Hash","Parent Relationship": "Inner","Parallel Aware": false,"Async Capable": false,"Startup Cost": 1.25,"Total Cost": 1.25,"Plan Rows": 25,"Plan Width": 108,"Actual Startup Time": 0.090,"Actual Total Time": 0.096,"Actual Rows": 25,"Actual Loops": 4,"Hash Buckets": 1024,"Original Hash Buckets": 1024,"Hash Batches": 1,"Original Hash Batches": 1,"Peak Memory Usage": 10,"Workers": [],"Plans": [{"Node Type": "Seq Scan","Parent Relationship": "Outer","Parallel Aware": false,"Async Capable": false,"Relation Name": "nation","Alias": "nation","Startup Cost": 0.00,"Total Cost": 1.25,"Plan Rows": 25,"Plan Width": 108,"Actual Startup Time": 0.060,"Actual Total Time": 0.066,"Actual Rows": 25,"Actual Loops": 4,"Workers": []}]}]}]}]}]},"Planning Time": 6.734,"Triggers": [],"Execution Time": 661.786}]
[{"Plan": {"Node Type": "Sort","Parallel Aware": false,"Async Capable": false,"Startup Cost": 132166.82,"Total Cost": 132310.11,"Plan Rows": 57318,"Plan Width": 280,"Actual Startup Time": 590.000,"Actual Total Time": 630.537,"Actual Rows": 37972,"Actual Loops": 1,"Sort Key": ["(sum((lineitem.l_extendedprice * ('1'::numeric - lineitem.l_discount)))) DESC"],"Sort Method": "quicksort","Sort Space Used": 9843,"Sort Space Type": "Memory","Plans": [{"Node Type": "Aggregate","Strategy": "Hashed","Partial Mode": "Simple","Parent Relationship": "Outer","Parallel Aware": false,"Async Capable": false,"Startup Cost": 126920.30,"Total Cost": 127636.77,"Plan Rows": 57318,"Plan Width": 280,"Actual Startup Time": 413.108,"Actual Total Time": 556.129,"Actual Rows": 37972,"Actual Loops": 1,"Group Key": ["customer.c_custkey", "nation.n_name"],"Planned Partitions": 0,"HashAgg Batches": 1,"Peak Memory Usage": 26129,"Disk Usage": 0,"Plans": [{"Node Type": "Gather","Parent Relationship": "Outer","Parallel Aware": false,"Async Capable": false,"Startup Cost": 6798.29,"Total Cost": 126203.82,"Plan Rows": 57318,"Plan Width": 260,"Actual Startup Time": 77.619,"Actual Total Time": 286.194,"Actual Rows": 114459,"Actual Loops": 1,"Workers Planned": 3,"Workers Launched": 3,"Single Copy": false,"Plans": [{"Node Type": "Hash Join","Parent Relationship": "Outer","Parallel Aware": false,"Async Capable": false,"Join Type": "Inner","Startup Cost": 5798.29,"Total Cost": 119472.02,"Plan Rows": 18490,"Plan Width": 260,"Actual Startup Time": 70.122,"Actual Total Time": 358.029,"Actual Rows": 28615,"Actual Loops": 4,"Inner Unique": true,"Hash Cond": "(customer.c_nationkey = nation.n_nationkey)","Workers": [],"Plans": [{"Node Type": "Hash Join","Parent Relationship": "Outer","Parallel Aware": true,"Async Capable": false,"Join Type": "Inner","Startup Cost": 5796.73,"Total Cost": 119413.69,"Plan Rows": 18490,"Plan Width": 160,"Actual Startup Time": 69.815,"Actual Total Time": 349.575,"Actual Rows": 28615,"Actual Loops": 4,"Inner Unique": true,"Hash Cond": "(orders.o_custkey = customer.c_custkey)","Workers": [],"Plans": [{"Node Type": "Nested Loop","Parent Relationship": "Outer","Parallel Aware": false,"Async Capable": false,"Join Type": "Inner","Startup Cost": 805.48,"Total Cost": 114373.91,"Plan Rows": 18490,"Plan Width": 16,"Actual Startup Time": 13.081,"Actual Total Time": 249.954,"Actual Rows": 28615,"Actual Loops": 4,"Inner Unique": false,"Workers": [],"Plans": [{"Node Type": "Bitmap Heap Scan","Parent Relationship": "Outer","Parallel Aware": true,"Async Capable": false,"Relation Name": "orders","Alias": "orders","Startup Cost": 805.05,"Total Cost": 27181.70,"Plan Rows": 18776,"Plan Width": 8,"Actual Startup Time": 13.019,"Actual Total Time": 71.418,"Actual Rows": 14305,"Actual Loops": 4,"Recheck Cond": "((o_orderdate >= '1994-10-01'::date) AND (o_orderdate < '1995-01-01 00:00:00'::timestamp without time zone))","Rows Removed by Index Recheck": 0,"Exact Heap Blocks": 3518,"Lossy Heap Blocks": 0,"Workers": [],"Plans": [{"Node Type": "Bitmap Index Scan","Parent Relationship": "Outer","Parallel Aware": false,"Async Capable": false,"Index Name": "idx_orders_orderdate","Startup Cost": 0.00,"Total Cost": 790.50,"Plan Rows": 58207,"Plan Width": 0,"Actual Startup Time": 9.954,"Actual Total Time": 9.955,"Actual Rows": 57219,"Actual Loops": 1,"Index Cond": "((o_orderdate >= '1994-10-01'::date) AND (o_orderdate < '1995-01-01 00:00:00'::timestamp without time zone))","Workers": []}]},{"Node Type": "Index Scan","Parent Relationship": "Inner","Parallel Aware": false,"Async Capable": false,"Scan Direction": "Forward","Index Name": "idx_lineitem_orderkey","Relation Name": "lineitem","Alias": "lineitem","Startup Cost": 0.43,"Total Cost": 4.60,"Plan Rows": 4,"Plan Width": 16,"Actual Startup Time": 0.010,"Actual Total Time": 0.012,"Actual Rows": 2,"Actual Loops": 57219,"Index Cond": "(l_orderkey = orders.o_orderkey)","Rows Removed by Index Recheck": 0,"Filter": "(l_returnflag = 'R'::bpchar)","Rows Removed by Filter": 2,"Workers": []}]},{"Node Type": "Hash","Parent Relationship": "Inner","Parallel Aware": true,"Async Capable": false,"Startup Cost": 4210.00,"Total Cost": 4210.00,"Plan Rows": 62500,"Plan Width": 148,"Actual Startup Time": 56.184,"Actual Total Time": 56.192,"Actual Rows": 37500,"Actual Loops": 4,"Hash Buckets": 262144,"Original Hash Buckets": 262144,"Hash Batches": 1,"Original Hash Batches": 1,"Peak Memory Usage": 29344,"Workers": [],"Plans": [{"Node Type": "Seq Scan","Parent Relationship": "Outer","Parallel Aware": true,"Async Capable": false,"Relation Name": "customer","Alias": "customer","Startup Cost": 0.00,"Total Cost": 4210.00,"Plan Rows": 62500,"Plan Width": 148,"Actual Startup Time": 0.017,"Actual Total Time": 25.696,"Actual Rows": 37500,"Actual Loops": 4,"Workers": []}]}]},{"Node Type": "Hash","Parent Relationship": "Inner","Parallel Aware": false,"Async Capable": false,"Startup Cost": 1.25,"Total Cost": 1.25,"Plan Rows": 25,"Plan Width": 108,"Actual Startup Time": 0.071,"Actual Total Time": 0.075,"Actual Rows": 25,"Actual Loops": 4,"Hash Buckets": 1024,"Original Hash Buckets": 1024,"Hash Batches": 1,"Original Hash Batches": 1,"Peak Memory Usage": 10,"Workers": [],"Plans": [{"Node Type": "Seq Scan","Parent Relationship": "Outer","Parallel Aware": false,"Async Capable": false,"Relation Name": "nation","Alias": "nation","Startup Cost": 0.00,"Total Cost": 1.25,"Plan Rows": 25,"Plan Width": 108,"Actual Startup Time": 0.050,"Actual Total Time": 0.053,"Actual Rows": 25,"Actual Loops": 4,"Workers": []}]}]}]}]}]},"Planning Time": 7.724,"Triggers": [],"Execution Time": 636.921}]
[{"Plan": {"Node Type": "Sort","Parallel Aware": false,"Async Capable": false,"Startup Cost": 132365.07,"Total Cost": 132508.74,"Plan Rows": 57466,"Plan Width": 280,"Actual Startup Time": 604.092,"Actual Total Time": 644.113,"Actual Rows": 37690,"Actual Loops": 1,"Sort Key": ["(sum((lineitem.l_extendedprice * ('1'::numeric - lineitem.l_discount)))) DESC"],"Sort Method": "quicksort","Sort Space Used": 9779,"Sort Space Type": "Memory","Plans": [{"Node Type": "Aggregate","Strategy": "Hashed","Partial Mode": "Simple","Parent Relationship": "Outer","Parallel Aware": false,"Async Capable": false,"Startup Cost": 127103.94,"Total Cost": 127822.26,"Plan Rows": 57466,"Plan Width": 280,"Actual Startup Time": 420.502,"Actual Total Time": 570.586,"Actual Rows": 37690,"Actual Loops": 1,"Group Key": ["customer.c_custkey", "nation.n_name"],"Planned Partitions": 0,"HashAgg Batches": 1,"Peak Memory Usage": 26129,"Disk Usage": 0,"Plans": [{"Node Type": "Gather","Parent Relationship": "Outer","Parallel Aware": false,"Async Capable": false,"Startup Cost": 6799.83,"Total Cost": 126385.61,"Plan Rows": 57466,"Plan Width": 260,"Actual Startup Time": 84.807,"Actual Total Time": 291.020,"Actual Rows": 113599,"Actual Loops": 1,"Workers Planned": 3,"Workers Launched": 3,"Single Copy": false,"Plans": [{"Node Type": "Hash Join","Parent Relationship": "Outer","Parallel Aware": false,"Async Capable": false,"Join Type": "Inner","Startup Cost": 5799.83,"Total Cost": 119639.01,"Plan Rows": 18537,"Plan Width": 260,"Actual Startup Time": 77.448,"Actual Total Time": 365.330,"Actual Rows": 28400,"Actual Loops": 4,"Inner Unique": true,"Hash Cond": "(customer.c_nationkey = nation.n_nationkey)","Workers": [],"Plans": [{"Node Type": "Hash Join","Parent Relationship": "Outer","Parallel Aware": true,"Async Capable": false,"Join Type": "Inner","Startup Cost": 5798.27,"Total Cost": 119580.55,"Plan Rows": 18537,"Plan Width": 160,"Actual Startup Time": 76.978,"Actual Total Time": 356.100,"Actual Rows": 28400,"Actual Loops": 4,"Inner Unique": true,"Hash Cond": "(orders.o_custkey = customer.c_custkey)","Workers": [],"Plans": [{"Node Type": "Nested Loop","Parent Relationship": "Outer","Parallel Aware": false,"Async Capable": false,"Join Type": "Inner","Startup Cost": 807.02,"Total Cost": 114540.64,"Plan Rows": 18537,"Plan Width": 16,"Actual Startup Time": 13.069,"Actual Total Time": 252.235,"Actual Rows": 28400,"Actual Loops": 4,"Inner Unique": false,"Workers": [],"Plans": [{"Node Type": "Bitmap Heap Scan","Parent Relationship": "Outer","Parallel Aware": true,"Async Capable": false,"Relation Name": "orders","Alias": "orders","Startup Cost": 806.59,"Total Cost": 27183.96,"Plan Rows": 18825,"Plan Width": 8,"Actual Startup Time": 13.002,"Actual Total Time": 70.665,"Actual Rows": 14161,"Actual Loops": 4,"Recheck Cond": "((o_orderdate >= '1994-04-01'::date) AND (o_orderdate < '1994-07-01 00:00:00'::timestamp without time zone))","Rows Removed by Index Recheck": 0,"Exact Heap Blocks": 3668,"Lossy Heap Blocks": 0,"Workers": [],"Plans": [{"Node Type": "Bitmap Index Scan","Parent Relationship": "Outer","Parallel Aware": false,"Async Capable": false,"Index Name": "idx_orders_orderdate","Startup Cost": 0.00,"Total Cost": 792.00,"Plan Rows": 58357,"Plan Width": 0,"Actual Startup Time": 9.907,"Actual Total Time": 9.915,"Actual Rows": 56645,"Actual Loops": 1,"Index Cond": "((o_orderdate >= '1994-04-01'::date) AND (o_orderdate < '1994-07-01 00:00:00'::timestamp without time zone))","Workers": []}]},{"Node Type": "Index Scan","Parent Relationship": "Inner","Parallel Aware": false,"Async Capable": false,"Scan Direction": "Forward","Index Name": "idx_lineitem_orderkey","Relation Name": "lineitem","Alias": "lineitem","Startup Cost": 0.43,"Total Cost": 4.60,"Plan Rows": 4,"Plan Width": 16,"Actual Startup Time": 0.010,"Actual Total Time": 0.012,"Actual Rows": 2,"Actual Loops": 56645,"Index Cond": "(l_orderkey = orders.o_orderkey)","Rows Removed by Index Recheck": 0,"Filter": "(l_returnflag = 'R'::bpchar)","Rows Removed by Filter": 2,"Workers": []}]},{"Node Type": "Hash","Parent Relationship": "Inner","Parallel Aware": true,"Async Capable": false,"Startup Cost": 4210.00,"Total Cost": 4210.00,"Plan Rows": 62500,"Plan Width": 148,"Actual Startup Time": 63.332,"Actual Total Time": 63.338,"Actual Rows": 37500,"Actual Loops": 4,"Hash Buckets": 262144,"Original Hash Buckets": 262144,"Hash Batches": 1,"Original Hash Batches": 1,"Peak Memory Usage": 29344,"Workers": [],"Plans": [{"Node Type": "Seq Scan","Parent Relationship": "Outer","Parallel Aware": true,"Async Capable": false,"Relation Name": "customer","Alias": "customer","Startup Cost": 0.00,"Total Cost": 4210.00,"Plan Rows": 62500,"Plan Width": 148,"Actual Startup Time": 0.025,"Actual Total Time": 28.533,"Actual Rows": 37500,"Actual Loops": 4,"Workers": []}]}]},{"Node Type": "Hash","Parent Relationship": "Inner","Parallel Aware": false,"Async Capable": false,"Startup Cost": 1.25,"Total Cost": 1.25,"Plan Rows": 25,"Plan Width": 108,"Actual Startup Time": 0.107,"Actual Total Time": 0.110,"Actual Rows": 25,"Actual Loops": 4,"Hash Buckets": 1024,"Original Hash Buckets": 1024,"Hash Batches": 1,"Original Hash Batches": 1,"Peak Memory Usage": 10,"Workers": [],"Plans": [{"Node Type": "Seq Scan","Parent Relationship": "Outer","Parallel Aware": false,"Async Capable": false,"Relation Name": "nation","Alias": "nation","Startup Cost": 0.00,"Total Cost": 1.25,"Plan Rows": 25,"Plan Width": 108,"Actual Startup Time": 0.074,"Actual Total Time": 0.080,"Actual Rows": 25,"Actual Loops": 4,"Workers": []}]}]}]}]}]},"Planning Time": 6.317,"Triggers": [],"Execution Time": 648.403}]
[{"Plan": {"Node Type": "Sort","Parallel Aware": false,"Async Capable": false,"Startup Cost": 130809.03,"Total Cost": 130949.76,"Plan Rows": 56293,"Plan Width": 280,"Actual Startup Time": 582.640,"Actual Total Time": 623.609,"Actual Rows": 37618,"Actual Loops": 1,"Sort Key": ["(sum((lineitem.l_extendedprice * ('1'::numeric - lineitem.l_discount)))) DESC"],"Sort Method": "quicksort","Sort Space Used": 9764,"Sort Space Type": "Memory","Plans": [{"Node Type": "Aggregate","Strategy": "Hashed","Partial Mode": "Simple","Parent Relationship": "Outer","Parallel Aware": false,"Async Capable": false,"Startup Cost": 125663.66,"Total Cost": 126367.32,"Plan Rows": 56293,"Plan Width": 280,"Actual Startup Time": 404.905,"Actual Total Time": 550.580,"Actual Rows": 37618,"Actual Loops": 1,"Group Key": ["customer.c_custkey", "nation.n_name"],"Planned Partitions": 0,"HashAgg Batches": 1,"Peak Memory Usage": 26129,"Disk Usage": 0,"Plans": [{"Node Type": "Gather","Parent Relationship": "Outer","Parallel Aware": false,"Async Capable": false,"Startup Cost": 6783.62,"Total Cost": 124960.00,"Plan Rows": 56293,"Plan Width": 260,"Actual Startup Time": 77.508,"Actual Total Time": 283.856,"Actual Rows": 113037,"Actual Loops": 1,"Workers Planned": 3,"Workers Launched": 3,"Single Copy": false,"Plans": [{"Node Type": "Hash Join","Parent Relationship": "Outer","Parallel Aware": false,"Async Capable": false,"Join Type": "Inner","Startup Cost": 5783.62,"Total Cost": 118330.70,"Plan Rows": 18159,"Plan Width": 260,"Actual Startup Time": 69.943,"Actual Total Time": 350.172,"Actual Rows": 28259,"Actual Loops": 4,"Inner Unique": true,"Hash Cond": "(customer.c_nationkey = nation.n_nationkey)","Workers": [],"Plans": [{"Node Type": "Hash Join","Parent Relationship": "Outer","Parallel Aware": true,"Async Capable": false,"Join Type": "Inner","Startup Cost": 5782.06,"Total Cost": 118273.39,"Plan Rows": 18159,"Plan Width": 160,"Actual Startup Time": 69.505,"Actual Total Time": 341.161,"Actual Rows": 28259,"Actual Loops": 4,"Inner Unique": true,"Hash Cond": "(orders.o_custkey = customer.c_custkey)","Workers": [],"Plans": [{"Node Type": "Nested Loop","Parent Relationship": "Outer","Parallel Aware": false,"Async Capable": false,"Join Type": "Inner","Startup Cost": 790.81,"Total Cost": 113234.47,"Plan Rows": 18159,"Plan Width": 16,"Actual Startup Time": 13.628,"Actual Total Time": 244.904,"Actual Rows": 28259,"Actual Loops": 4,"Inner Unique": false,"Workers": [],"Plans": [{"Node Type": "Bitmap Heap Scan","Parent Relationship": "Outer","Parallel Aware": true,"Async Capable": false,"Relation Name": "orders","Alias": "orders","Startup Cost": 790.38,"Total Cost": 27161.99,"Plan Rows": 18441,"Plan Width": 8,"Actual Startup Time": 13.544,"Actual Total Time": 67.991,"Actual Rows": 14129,"Actual Loops": 4,"Recheck Cond": "((o_orderdate >= '1994-09-01'::date) AND (o_orderdate < '1994-12-01 00:00:00'::timestamp without time zone))","Rows Removed by Index Recheck": 0,"Exact Heap Blocks": 3515,"Lossy Heap Blocks": 0,"Workers": [],"Plans": [{"Node Type": "Bitmap Index Scan","Parent Relationship": "Outer","Parallel Aware": false,"Async Capable": false,"Index Name": "idx_orders_orderdate","Startup Cost": 0.00,"Total Cost": 776.09,"Plan Rows": 57166,"Plan Width": 0,"Actual Startup Time": 10.241,"Actual Total Time": 10.248,"Actual Rows": 56516,"Actual Loops": 1,"Index Cond": "((o_orderdate >= '1994-09-01'::date) AND (o_orderdate < '1994-12-01 00:00:00'::timestamp without time zone))","Workers": []}]},{"Node Type": "Index Scan","Parent Relationship": "Inner","Parallel Aware": false,"Async Capable": false,"Scan Direction": "Forward","Index Name": "idx_lineitem_orderkey","Relation Name": "lineitem","Alias": "lineitem","Startup Cost": 0.43,"Total Cost": 4.63,"Plan Rows": 4,"Plan Width": 16,"Actual Startup Time": 0.010,"Actual Total Time": 0.012,"Actual Rows": 2,"Actual Loops": 56516,"Index Cond": "(l_orderkey = orders.o_orderkey)","Rows Removed by Index Recheck": 0,"Filter": "(l_returnflag = 'R'::bpchar)","Rows Removed by Filter": 2,"Workers": []}]},{"Node Type": "Hash","Parent Relationship": "Inner","Parallel Aware": true,"Async Capable": false,"Startup Cost": 4210.00,"Total Cost": 4210.00,"Plan Rows": 62500,"Plan Width": 148,"Actual Startup Time": 55.246,"Actual Total Time": 55.254,"Actual Rows": 37500,"Actual Loops": 4,"Hash Buckets": 262144,"Original Hash Buckets": 262144,"Hash Batches": 1,"Original Hash Batches": 1,"Peak Memory Usage": 29280,"Workers": [],"Plans": [{"Node Type": "Seq Scan","Parent Relationship": "Outer","Parallel Aware": true,"Async Capable": false,"Relation Name": "customer","Alias": "customer","Startup Cost": 0.00,"Total Cost": 4210.00,"Plan Rows": 62500,"Plan Width": 148,"Actual Startup Time": 0.029,"Actual Total Time": 24.927,"Actual Rows": 37500,"Actual Loops": 4,"Workers": []}]}]},{"Node Type": "Hash","Parent Relationship": "Inner","Parallel Aware": false,"Async Capable": false,"Startup Cost": 1.25,"Total Cost": 1.25,"Plan Rows": 25,"Plan Width": 108,"Actual Startup Time": 0.092,"Actual Total Time": 0.096,"Actual Rows": 25,"Actual Loops": 4,"Hash Buckets": 1024,"Original Hash Buckets": 1024,"Hash Batches": 1,"Original Hash Batches": 1,"Peak Memory Usage": 10,"Workers": [],"Plans": [{"Node Type": "Seq Scan","Parent Relationship": "Outer","Parallel Aware": false,"Async Capable": false,"Relation Name": "nation","Alias": "nation","Startup Cost": 0.00,"Total Cost": 1.25,"Plan Rows": 25,"Plan Width": 108,"Actual Startup Time": 0.062,"Actual Total Time": 0.068,"Actual Rows": 25,"Actual Loops": 4,"Workers": []}]}]}]}]}]},"Planning Time": 5.868,"Triggers": [],"Execution Time": 629.137}]
[{"Plan": {"Node Type": "Sort","Parallel Aware": false,"Async Capable": false,"Startup Cost": 132166.82,"Total Cost": 132310.11,"Plan Rows": 57318,"Plan Width": 280,"Actual Startup Time": 590.000,"Actual Total Time": 630.537,"Actual Rows": 37972,"Actual Loops": 1,"Sort Key": ["(sum((lineitem.l_extendedprice * ('1'::numeric - lineitem.l_discount)))) DESC"],"Sort Method": "quicksort","Sort Space Used": 9843,"Sort Space Type": "Memory","Plans": [{"Node Type": "Aggregate","Strategy": "Hashed","Partial Mode": "Simple","Parent Relationship": "Outer","Parallel Aware": false,"Async Capable": false,"Startup Cost": 126920.30,"Total Cost": 127636.77,"Plan Rows": 57318,"Plan Width": 280,"Actual Startup Time": 413.108,"Actual Total Time": 556.129,"Actual Rows": 37972,"Actual Loops": 1,"Group Key": ["customer.c_custkey", "nation.n_name"],"Planned Partitions": 0,"HashAgg Batches": 1,"Peak Memory Usage": 26129,"Disk Usage": 0,"Plans": [{"Node Type": "Gather","Parent Relationship": "Outer","Parallel Aware": false,"Async Capable": false,"Startup Cost": 6798.29,"Total Cost": 126203.82,"Plan Rows": 57318,"Plan Width": 260,"Actual Startup Time": 77.619,"Actual Total Time": 286.194,"Actual Rows": 114459,"Actual Loops": 1,"Workers Planned": 3,"Workers Launched": 3,"Single Copy": false,"Plans": [{"Node Type": "Hash Join","Parent Relationship": "Outer","Parallel Aware": false,"Async Capable": false,"Join Type": "Inner","Startup Cost": 5798.29,"Total Cost": 119472.02,"Plan Rows": 18490,"Plan Width": 260,"Actual Startup Time": 70.122,"Actual Total Time": 358.029,"Actual Rows": 28615,"Actual Loops": 4,"Inner Unique": true,"Hash Cond": "(customer.c_nationkey = nation.n_nationkey)","Workers": [],"Plans": [{"Node Type": "Hash Join","Parent Relationship": "Outer","Parallel Aware": true,"Async Capable": false,"Join Type": "Inner","Startup Cost": 5796.73,"Total Cost": 119413.69,"Plan Rows": 18490,"Plan Width": 160,"Actual Startup Time": 69.815,"Actual Total Time": 349.575,"Actual Rows": 28615,"Actual Loops": 4,"Inner Unique": true,"Hash Cond": "(orders.o_custkey = customer.c_custkey)","Workers": [],"Plans": [{"Node Type": "Nested Loop","Parent Relationship": "Outer","Parallel Aware": false,"Async Capable": false,"Join Type": "Inner","Startup Cost": 805.48,"Total Cost": 114373.91,"Plan Rows": 18490,"Plan Width": 16,"Actual Startup Time": 13.081,"Actual Total Time": 249.954,"Actual Rows": 28615,"Actual Loops": 4,"Inner Unique": false,"Workers": [],"Plans": [{"Node Type": "Bitmap Heap Scan","Parent Relationship": "Outer","Parallel Aware": true,"Async Capable": false,"Relation Name": "orders","Alias": "orders","Startup Cost": 805.05,"Total Cost": 27181.70,"Plan Rows": 18776,"Plan Width": 8,"Actual Startup Time": 13.019,"Actual Total Time": 71.418,"Actual Rows": 14305,"Actual Loops": 4,"Recheck Cond": "((o_orderdate >= '1994-10-01'::date) AND (o_orderdate < '1995-01-01 00:00:00'::timestamp without time zone))","Rows Removed by Index Recheck": 0,"Exact Heap Blocks": 3518,"Lossy Heap Blocks": 0,"Workers": [],"Plans": [{"Node Type": "Bitmap Index Scan","Parent Relationship": "Outer","Parallel Aware": false,"Async Capable": false,"Index Name": "idx_orders_orderdate","Startup Cost": 0.00,"Total Cost": 790.50,"Plan Rows": 58207,"Plan Width": 0,"Actual Startup Time": 9.954,"Actual Total Time": 9.955,"Actual Rows": 57219,"Actual Loops": 1,"Index Cond": "((o_orderdate >= '1994-10-01'::date) AND (o_orderdate < '1995-01-01 00:00:00'::timestamp without time zone))","Workers": []}]},{"Node Type": "Index Scan","Parent Relationship": "Inner","Parallel Aware": false,"Async Capable": false,"Scan Direction": "Forward","Index Name": "idx_lineitem_orderkey","Relation Name": "lineitem","Alias": "lineitem","Startup Cost": 0.43,"Total Cost": 4.60,"Plan Rows": 4,"Plan Width": 16,"Actual Startup Time": 0.010,"Actual Total Time": 0.012,"Actual Rows": 2,"Actual Loops": 57219,"Index Cond": "(l_orderkey = orders.o_orderkey)","Rows Removed by Index Recheck": 0,"Filter": "(l_returnflag = 'R'::bpchar)","Rows Removed by Filter": 2,"Workers": []}]},{"Node Type": "Hash","Parent Relationship": "Inner","Parallel Aware": true,"Async Capable": false,"Startup Cost": 4210.00,"Total Cost": 4210.00,"Plan Rows": 62500,"Plan Width": 148,"Actual Startup Time": 56.184,"Actual Total Time": 56.192,"Actual Rows": 37500,"Actual Loops": 4,"Hash Buckets": 262144,"Original Hash Buckets": 262144,"Hash Batches": 1,"Original Hash Batches": 1,"Peak Memory Usage": 29344,"Workers": [],"Plans": [{"Node Type": "Seq Scan","Parent Relationship": "Outer","Parallel Aware": true,"Async Capable": false,"Relation Name": "customer","Alias": "customer","Startup Cost": 0.00,"Total Cost": 4210.00,"Plan Rows": 62500,"Plan Width": 148,"Actual Startup Time": 0.017,"Actual Total Time": 25.696,"Actual Rows": 37500,"Actual Loops": 4,"Workers": []}]}]},{"Node Type": "Hash","Parent Relationship": "Inner","Parallel Aware": false,"Async Capable": false,"Startup Cost": 1.25,"Total Cost": 1.25,"Plan Rows": 25,"Plan Width": 108,"Actual Startup Time": 0.071,"Actual Total Time": 0.075,"Actual Rows": 25,"Actual Loops": 4,"Hash Buckets": 1024,"Original Hash Buckets": 1024,"Hash Batches": 1,"Original Hash Batches": 1,"Peak Memory Usage": 10,"Workers": [],"Plans": [{"Node Type": "Seq Scan","Parent Relationship": "Outer","Parallel Aware": false,"Async Capable": false,"Relation Name": "nation","Alias": "nation","Startup Cost": 0.00,"Total Cost": 1.25,"Plan Rows": 25,"Plan Width": 108,"Actual Startup Time": 0.050,"Actual Total Time": 0.053,"Actual Rows": 25,"Actual Loops": 4,"Workers": []}]}]}]}]}]},"Planning Time": 7.724,"Triggers": [],"Execution Time": 636.921}]
[{"Plan": {"Node Type": "Sort","Parallel Aware": false,"Async Capable": false,"Startup Cost": 130909.78,"Total Cost": 131050.70,"Plan Rows": 56371,"Plan Width": 280,"Actual Startup Time": 586.743,"Actual Total Time": 630.152,"Actual Rows": 38263,"Actual Loops": 1,"Sort Key": ["(sum((lineitem.l_extendedprice * ('1'::numeric - lineitem.l_discount)))) DESC"],"Sort Method": "quicksort","Sort Space Used": 9899,"Sort Space Type": "Memory","Plans": [{"Node Type": "Aggregate","Strategy": "Hashed","Partial Mode": "Simple","Parent Relationship": "Outer","Parallel Aware": false,"Async Capable": false,"Startup Cost": 125756.71,"Total Cost": 126461.35,"Plan Rows": 56371,"Plan Width": 280,"Actual Startup Time": 417.199,"Actual Total Time": 554.225,"Actual Rows": 38263,"Actual Loops": 1,"Group Key": ["customer.c_custkey", "nation.n_name"],"Planned Partitions": 0,"HashAgg Batches": 1,"Peak Memory Usage": 26129,"Disk Usage": 0,"Plans": [{"Node Type": "Gather","Parent Relationship": "Outer","Parallel Aware": false,"Async Capable": false,"Startup Cost": 6784.43,"Total Cost": 125052.08,"Plan Rows": 56371,"Plan Width": 260,"Actual Startup Time": 75.828,"Actual Total Time": 292.854,"Actual Rows": 114665,"Actual Loops": 1,"Workers Planned": 3,"Workers Launched": 3,"Single Copy": false,"Plans": [{"Node Type": "Hash Join","Parent Relationship": "Outer","Parallel Aware": false,"Async Capable": false,"Join Type": "Inner","Startup Cost": 5784.43,"Total Cost": 118414.98,"Plan Rows": 18184,"Plan Width": 260,"Actual Startup Time": 68.693,"Actual Total Time": 360.677,"Actual Rows": 28666,"Actual Loops": 4,"Inner Unique": true,"Hash Cond": "(customer.c_nationkey = nation.n_nationkey)","Workers": [],"Plans": [{"Node Type": "Hash Join","Parent Relationship": "Outer","Parallel Aware": true,"Async Capable": false,"Join Type": "Inner","Startup Cost": 5782.87,"Total Cost": 118357.59,"Plan Rows": 18184,"Plan Width": 160,"Actual Startup Time": 68.338,"Actual Total Time": 351.919,"Actual Rows": 28666,"Actual Loops": 4,"Inner Unique": true,"Hash Cond": "(orders.o_custkey = customer.c_custkey)","Workers": [],"Plans": [{"Node Type": "Nested Loop","Parent Relationship": "Outer","Parallel Aware": false,"Async Capable": false,"Join Type": "Inner","Startup Cost": 791.62,"Total Cost": 113318.61,"Plan Rows": 18184,"Plan Width": 16,"Actual Startup Time": 13.513,"Actual Total Time": 254.371,"Actual Rows": 28666,"Actual Loops": 4,"Inner Unique": false,"Workers": [],"Plans": [{"Node Type": "Bitmap Heap Scan","Parent Relationship": "Outer","Parallel Aware": true,"Async Capable": false,"Relation Name": "orders","Alias": "orders","Startup Cost": 791.19,"Total Cost": 27163.18,"Plan Rows": 18466,"Plan Width": 8,"Actual Startup Time": 13.445,"Actual Total Time": 71.425,"Actual Rows": 14346,"Actual Loops": 4,"Recheck Cond": "((o_orderdate >= '1994-07-01'::date) AND (o_orderdate < '1994-10-01 00:00:00'::timestamp without time zone))","Rows Removed by Index Recheck": 0,"Exact Heap Blocks": 3489,"Lossy Heap Blocks": 0,"Workers": [],"Plans": [{"Node Type": "Bitmap Index Scan","Parent Relationship": "Outer","Parallel Aware": false,"Async Capable": false,"Index Name": "idx_orders_orderdate","Startup Cost": 0.00,"Total Cost": 776.88,"Plan Rows": 57245,"Plan Width": 0,"Actual Startup Time": 10.310,"Actual Total Time": 10.312,"Actual Rows": 57384,"Actual Loops": 1,"Index Cond": "((o_orderdate >= '1994-07-01'::date) AND (o_orderdate < '1994-10-01 00:00:00'::timestamp without time zone))","Workers": []}]},{"Node Type": "Index Scan","Parent Relationship": "Inner","Parallel Aware": false,"Async Capable": false,"Scan Direction": "Forward","Index Name": "idx_lineitem_orderkey","Relation Name": "lineitem","Alias": "lineitem","Startup Cost": 0.43,"Total Cost": 4.63,"Plan Rows": 4,"Plan Width": 16,"Actual Startup Time": 0.010,"Actual Total Time": 0.012,"Actual Rows": 2,"Actual Loops": 57384,"Index Cond": "(l_orderkey = orders.o_orderkey)","Rows Removed by Index Recheck": 0,"Filter": "(l_returnflag = 'R'::bpchar)","Rows Removed by Filter": 2,"Workers": []}]},{"Node Type": "Hash","Parent Relationship": "Inner","Parallel Aware": true,"Async Capable": false,"Startup Cost": 4210.00,"Total Cost": 4210.00,"Plan Rows": 62500,"Plan Width": 148,"Actual Startup Time": 54.206,"Actual Total Time": 54.213,"Actual Rows": 37500,"Actual Loops": 4,"Hash Buckets": 262144,"Original Hash Buckets": 262144,"Hash Batches": 1,"Original Hash Batches": 1,"Peak Memory Usage": 29312,"Workers": [],"Plans": [{"Node Type": "Seq Scan","Parent Relationship": "Outer","Parallel Aware": true,"Async Capable": false,"Relation Name": "customer","Alias": "customer","Startup Cost": 0.00,"Total Cost": 4210.00,"Plan Rows": 62500,"Plan Width": 148,"Actual Startup Time": 0.020,"Actual Total Time": 23.974,"Actual Rows": 37500,"Actual Loops": 4,"Workers": []}]}]},{"Node Type": "Hash","Parent Relationship": "Inner","Parallel Aware": false,"Async Capable": false,"Startup Cost": 1.25,"Total Cost": 1.25,"Plan Rows": 25,"Plan Width": 108,"Actual Startup Time": 0.080,"Actual Total Time": 0.085,"Actual Rows": 25,"Actual Loops": 4,"Hash Buckets": 1024,"Original Hash Buckets": 1024,"Hash Batches": 1,"Original Hash Batches": 1,"Peak Memory Usage": 10,"Workers": [],"Plans": [{"Node Type": "Seq Scan","Parent Relationship": "Outer","Parallel Aware": false,"Async Capable": false,"Relation Name": "nation","Alias": "nation","Startup Cost": 0.00,"Total Cost": 1.25,"Plan Rows": 25,"Plan Width": 108,"Actual Startup Time": 0.053,"Actual Total Time": 0.059,"Actual Rows": 25,"Actual Loops": 4,"Workers": []}]}]}]}]}]},"Planning Time": 7.471,"Triggers": [],"Execution Time": 636.412}]
[{"Plan": {"Node Type": "Sort","Parallel Aware": false,"Async Capable": false,"Startup Cost": 128992.79,"Total Cost": 129130.12,"Plan Rows": 54934,"Plan Width": 280,"Actual Startup Time": 576.704,"Actual Total Time": 617.888,"Actual Rows": 37047,"Actual Loops": 1,"Sort Key": ["(sum((lineitem.l_extendedprice * ('1'::numeric - lineitem.l_discount)))) DESC"],"Sort Method": "quicksort","Sort Space Used": 9638,"Sort Space Type": "Memory","Plans": [{"Node Type": "Aggregate","Strategy": "Hashed","Partial Mode": "Simple","Parent Relationship": "Outer","Parallel Aware": false,"Async Capable": false,"Startup Cost": 123981.32,"Total Cost": 124668.00,"Plan Rows": 54934,"Plan Width": 280,"Actual Startup Time": 405.696,"Actual Total Time": 547.631,"Actual Rows": 37047,"Actual Loops": 1,"Group Key": ["customer.c_custkey", "nation.n_name"],"Planned Partitions": 0,"HashAgg Batches": 1,"Peak Memory Usage": 26129,"Disk Usage": 0,"Plans": [{"Node Type": "Gather","Parent Relationship": "Outer","Parallel Aware": false,"Async Capable": false,"Startup Cost": 6765.48,"Total Cost": 123294.65,"Plan Rows": 54934,"Plan Width": 260,"Actual Startup Time": 77.101,"Actual Total Time": 288.603,"Actual Rows": 110515,"Actual Loops": 1,"Workers Planned": 3,"Workers Launched": 3,"Single Copy": false,"Plans": [{"Node Type": "Hash Join","Parent Relationship": "Outer","Parallel Aware": false,"Async Capable": false,"Join Type": "Inner","Startup Cost": 5765.48,"Total Cost": 116801.25,"Plan Rows": 17721,"Plan Width": 260,"Actual Startup Time": 69.802,"Actual Total Time": 351.295,"Actual Rows": 27629,"Actual Loops": 4,"Inner Unique": true,"Hash Cond": "(customer.c_nationkey = nation.n_nationkey)","Workers": [],"Plans": [{"Node Type": "Nested Loop","Parent Relationship": "Outer","Parallel Aware": false,"Async Capable": false,"Join Type": "Inner","Startup Cost": 5763.92,"Total Cost": 116745.28,"Plan Rows": 17721,"Plan Width": 160,"Actual Startup Time": 69.448,"Actual Total Time": 342.448,"Actual Rows": 27629,"Actual Loops": 4,"Inner Unique": false,"Workers": [],"Plans": [{"Node Type": "Hash Join","Parent Relationship": "Outer","Parallel Aware": true,"Async Capable": false,"Join Type": "Inner","Startup Cost": 5763.48,"Total Cost": 32175.66,"Plan Rows": 17995,"Plan Width": 152,"Actual Startup Time": 69.393,"Actual Total Time": 167.356,"Actual Rows": 13816,"Actual Loops": 4,"Inner Unique": true,"Hash Cond": "(orders.o_custkey = customer.c_custkey)","Workers": [],"Plans": [{"Node Type": "Bitmap Heap Scan","Parent Relationship": "Outer","Parallel Aware": true,"Async Capable": false,"Relation Name": "orders","Alias": "orders","Startup Cost": 772.23,"Total Cost": 27137.17,"Plan Rows": 17996,"Plan Width": 8,"Actual Startup Time": 13.220,"Actual Total Time": 67.142,"Actual Rows": 13816,"Actual Loops": 4,"Recheck Cond": "((o_orderdate >= '1993-02-01'::date) AND (o_orderdate < '1993-05-01 00:00:00'::timestamp without time zone))","Rows Removed by Index Recheck": 0,"Exact Heap Blocks": 3458,"Lossy Heap Blocks": 0,"Workers": [],"Plans": [{"Node Type": "Bitmap Index Scan","Parent Relationship": "Outer","Parallel Aware": false,"Async Capable": false,"Index Name": "idx_orders_orderdate","Startup Cost": 0.00,"Total Cost": 758.29,"Plan Rows": 55786,"Plan Width": 0,"Actual Startup Time": 10.104,"Actual Total Time": 10.109,"Actual Rows": 55266,"Actual Loops": 1,"Index Cond": "((o_orderdate >= '1993-02-01'::date) AND (o_orderdate < '1993-05-01 00:00:00'::timestamp without time zone))","Workers": []}]},{"Node Type": "Hash","Parent Relationship": "Inner","Parallel Aware": true,"Async Capable": false,"Startup Cost": 4210.00,"Total Cost": 4210.00,"Plan Rows": 62500,"Plan Width": 148,"Actual Startup Time": 55.605,"Actual Total Time": 55.613,"Actual Rows": 37500,"Actual Loops": 4,"Hash Buckets": 262144,"Original Hash Buckets": 262144,"Hash Batches": 1,"Original Hash Batches": 1,"Peak Memory Usage": 29312,"Workers": [],"Plans": [{"Node Type": "Seq Scan","Parent Relationship": "Outer","Parallel Aware": true,"Async Capable": false,"Relation Name": "customer","Alias": "customer","Startup Cost": 0.00,"Total Cost": 4210.00,"Plan Rows": 62500,"Plan Width": 148,"Actual Startup Time": 0.022,"Actual Total Time": 25.460,"Actual Rows": 37500,"Actual Loops": 4,"Workers": []}]}]},{"Node Type": "Index Scan","Parent Relationship": "Inner","Parallel Aware": false,"Async Capable": false,"Scan Direction": "Forward","Index Name": "idx_lineitem_orderkey","Relation Name": "lineitem","Alias": "lineitem","Startup Cost": 0.43,"Total Cost": 4.66,"Plan Rows": 4,"Plan Width": 16,"Actual Startup Time": 0.010,"Actual Total Time": 0.012,"Actual Rows": 2,"Actual Loops": 55266,"Index Cond": "(l_orderkey = orders.o_orderkey)","Rows Removed by Index Recheck": 0,"Filter": "(l_returnflag = 'R'::bpchar)","Rows Removed by Filter": 2,"Workers": []}]},{"Node Type": "Hash","Parent Relationship": "Inner","Parallel Aware": false,"Async Capable": false,"Startup Cost": 1.25,"Total Cost": 1.25,"Plan Rows": 25,"Plan Width": 108,"Actual Startup Time": 0.078,"Actual Total Time": 0.083,"Actual Rows": 25,"Actual Loops": 4,"Hash Buckets": 1024,"Original Hash Buckets": 1024,"Hash Batches": 1,"Original Hash Batches": 1,"Peak Memory Usage": 10,"Workers": [],"Plans": [{"Node Type": "Seq Scan","Parent Relationship": "Outer","Parallel Aware": false,"Async Capable": false,"Relation Name": "nation","Alias": "nation","Startup Cost": 0.00,"Total Cost": 1.25,"Plan Rows": 25,"Plan Width": 108,"Actual Startup Time": 0.053,"Actual Total Time": 0.057,"Actual Rows": 25,"Actual Loops": 4,"Workers": []}]}]}]}]}]},"Planning Time": 7.802,"Triggers": [],"Execution Time": 623.390}]
[{"Plan": {"Node Type": "Sort","Parallel Aware": false,"Async Capable": false,"Startup Cost": 132006.18,"Total Cost": 132149.16,"Plan Rows": 57194,"Plan Width": 280,"Actual Startup Time": 619.069,"Actual Total Time": 657.587,"Actual Rows": 38097,"Actual Loops": 1,"Sort Key": ["(sum((lineitem.l_extendedprice * ('1'::numeric - lineitem.l_discount)))) DESC"],"Sort Method": "quicksort","Sort Space Used": 9867,"Sort Space Type": "Memory","Plans": [{"Node Type": "Aggregate","Strategy": "Hashed","Partial Mode": "Simple","Parent Relationship": "Outer","Parallel Aware": false,"Async Capable": false,"Startup Cost": 126771.91,"Total Cost": 127486.83,"Plan Rows": 57194,"Plan Width": 280,"Actual Startup Time": 426.706,"Actual Total Time": 585.981,"Actual Rows": 38097,"Actual Loops": 1,"Group Key": ["customer.c_custkey", "nation.n_name"],"Planned Partitions": 0,"HashAgg Batches": 1,"Peak Memory Usage": 26129,"Disk Usage": 0,"Plans": [{"Node Type": "Gather","Parent Relationship": "Outer","Parallel Aware": false,"Async Capable": false,"Startup Cost": 6797.00,"Total Cost": 126056.98,"Plan Rows": 57194,"Plan Width": 260,"Actual Startup Time": 85.005,"Actual Total Time": 294.440,"Actual Rows": 114700,"Actual Loops": 1,"Workers Planned": 3,"Workers Launched": 3,"Single Copy": false,"Plans": [{"Node Type": "Hash Join","Parent Relationship": "Outer","Parallel Aware": false,"Async Capable": false,"Join Type": "Inner","Startup Cost": 5797.00,"Total Cost": 119337.58,"Plan Rows": 18450,"Plan Width": 260,"Actual Startup Time": 77.864,"Actual Total Time": 370.283,"Actual Rows": 28675,"Actual Loops": 4,"Inner Unique": true,"Hash Cond": "(customer.c_nationkey = nation.n_nationkey)","Workers": [],"Plans": [{"Node Type": "Hash Join","Parent Relationship": "Outer","Parallel Aware": true,"Async Capable": false,"Join Type": "Inner","Startup Cost": 5795.44,"Total Cost": 119279.38,"Plan Rows": 18450,"Plan Width": 160,"Actual Startup Time": 77.458,"Actual Total Time": 360.463,"Actual Rows": 28675,"Actual Loops": 4,"Inner Unique": true,"Hash Cond": "(orders.o_custkey = customer.c_custkey)","Workers": [],"Plans": [{"Node Type": "Nested Loop","Parent Relationship": "Outer","Parallel Aware": false,"Async Capable": false,"Join Type": "Inner","Startup Cost": 804.19,"Total Cost": 114239.70,"Plan Rows": 18450,"Plan Width": 16,"Actual Startup Time": 13.282,"Actual Total Time": 254.673,"Actual Rows": 28675,"Actual Loops": 4,"Inner Unique": false,"Workers": [],"Plans": [{"Node Type": "Bitmap Heap Scan","Parent Relationship": "Outer","Parallel Aware": true,"Async Capable": false,"Relation Name": "orders","Alias": "orders","Startup Cost": 803.76,"Total Cost": 27179.79,"Plan Rows": 18736,"Plan Width": 8,"Actual Startup Time": 13.232,"Actual Total Time": 71.774,"Actual Rows": 14328,"Actual Loops": 4,"Recheck Cond": "((o_orderdate >= '1994-05-01'::date) AND (o_orderdate < '1994-08-01 00:00:00'::timestamp without time zone))","Rows Removed by Index Recheck": 0,"Exact Heap Blocks": 3671,"Lossy Heap Blocks": 0,"Workers": [],"Plans": [{"Node Type": "Bitmap Index Scan","Parent Relationship": "Outer","Parallel Aware": false,"Async Capable": false,"Index Name": "idx_orders_orderdate","Startup Cost": 0.00,"Total Cost": 789.24,"Plan Rows": 58081,"Plan Width": 0,"Actual Startup Time": 10.132,"Actual Total Time": 10.140,"Actual Rows": 57311,"Actual Loops": 1,"Index Cond": "((o_orderdate >= '1994-05-01'::date) AND (o_orderdate < '1994-08-01 00:00:00'::timestamp without time zone))","Workers": []}]},{"Node Type": "Index Scan","Parent Relationship": "Inner","Parallel Aware": false,"Async Capable": false,"Scan Direction": "Forward","Index Name": "idx_lineitem_orderkey","Relation Name": "lineitem","Alias": "lineitem","Startup Cost": 0.43,"Total Cost": 4.61,"Plan Rows": 4,"Plan Width": 16,"Actual Startup Time": 0.010,"Actual Total Time": 0.012,"Actual Rows": 2,"Actual Loops": 57311,"Index Cond": "(l_orderkey = orders.o_orderkey)","Rows Removed by Index Recheck": 0,"Filter": "(l_returnflag = 'R'::bpchar)","Rows Removed by Filter": 2,"Workers": []}]},{"Node Type": "Hash","Parent Relationship": "Inner","Parallel Aware": true,"Async Capable": false,"Startup Cost": 4210.00,"Total Cost": 4210.00,"Plan Rows": 62500,"Plan Width": 148,"Actual Startup Time": 63.588,"Actual Total Time": 63.595,"Actual Rows": 37500,"Actual Loops": 4,"Hash Buckets": 262144,"Original Hash Buckets": 262144,"Hash Batches": 1,"Original Hash Batches": 1,"Peak Memory Usage": 29312,"Workers": [],"Plans": [{"Node Type": "Seq Scan","Parent Relationship": "Outer","Parallel Aware": true,"Async Capable": false,"Relation Name": "customer","Alias": "customer","Startup Cost": 0.00,"Total Cost": 4210.00,"Plan Rows": 62500,"Plan Width": 148,"Actual Startup Time": 0.027,"Actual Total Time": 28.105,"Actual Rows": 37500,"Actual Loops": 4,"Workers": []}]}]},{"Node Type": "Hash","Parent Relationship": "Inner","Parallel Aware": false,"Async Capable": false,"Startup Cost": 1.25,"Total Cost": 1.25,"Plan Rows": 25,"Plan Width": 108,"Actual Startup Time": 0.090,"Actual Total Time": 0.096,"Actual Rows": 25,"Actual Loops": 4,"Hash Buckets": 1024,"Original Hash Buckets": 1024,"Hash Batches": 1,"Original Hash Batches": 1,"Peak Memory Usage": 10,"Workers": [],"Plans": [{"Node Type": "Seq Scan","Parent Relationship": "Outer","Parallel Aware": false,"Async Capable": false,"Relation Name": "nation","Alias": "nation","Startup Cost": 0.00,"Total Cost": 1.25,"Plan Rows": 25,"Plan Width": 108,"Actual Startup Time": 0.060,"Actual Total Time": 0.066,"Actual Rows": 25,"Actual Loops": 4,"Workers": []}]}]}]}]}]},"Planning Time": 6.734,"Triggers": [],"Execution Time": 661.786}]
[{"Plan": {"Node Type": "Sort","Parallel Aware": false,"Async Capable": false,"Startup Cost": 135294.26,"Total Cost": 135443.48,"Plan Rows": 59689,"Plan Width": 280,"Actual Startup Time": 545.457,"Actual Total Time": 585.279,"Actual Rows": 35593,"Actual Loops": 1,"Sort Key": ["(sum((lineitem.l_extendedprice * ('1'::numeric - lineitem.l_discount)))) DESC"],"Sort Method": "quicksort","Sort Space Used": 9317,"Sort Space Type": "Memory","Plans": [{"Node Type": "Aggregate","Strategy": "Hashed","Partial Mode": "Simple","Parent Relationship": "Outer","Parallel Aware": false,"Async Capable": false,"Startup Cost": 129813.27,"Total Cost": 130559.38,"Plan Rows": 59689,"Plan Width": 280,"Actual Startup Time": 389.996,"Actual Total Time": 517.393,"Actual Rows": 35593,"Actual Loops": 1,"Group Key": ["customer.c_custkey", "nation.n_name"],"Planned Partitions": 0,"HashAgg Batches": 1,"Peak Memory Usage": 27665,"Disk Usage": 0,"Plans": [{"Node Type": "Gather","Parent Relationship": "Outer","Parallel Aware": false,"Async Capable": false,"Startup Cost": 6830.97,"Total Cost": 129067.15,"Plan Rows": 59689,"Plan Width": 260,"Actual Startup Time": 76.518,"Actual Total Time": 281.363,"Actual Rows": 94907,"Actual Loops": 1,"Workers Planned": 3,"Workers Launched": 3,"Single Copy": false,"Plans": [{"Node Type": "Hash Join","Parent Relationship": "Outer","Parallel Aware": false,"Async Capable": false,"Join Type": "Inner","Startup Cost": 5830.97,"Total Cost": 122098.25,"Plan Rows": 19255,"Plan Width": 260,"Actual Startup Time": 68.775,"Actual Total Time": 339.806,"Actual Rows": 23727,"Actual Loops": 4,"Inner Unique": true,"Hash Cond": "(customer.c_nationkey = nation.n_nationkey)","Workers": [],"Plans": [{"Node Type": "Hash Join","Parent Relationship": "Outer","Parallel Aware": true,"Async Capable": false,"Join Type": "Inner","Startup Cost": 5829.40,"Total Cost": 122037.58,"Plan Rows": 19255,"Plan Width": 160,"Actual Startup Time": 68.296,"Actual Total Time": 331.130,"Actual Rows": 23727,"Actual Loops": 4,"Inner Unique": true,"Hash Cond": "(orders.o_custkey = customer.c_custkey)","Workers": [],"Plans": [{"Node Type": "Nested Loop","Parent Relationship": "Outer","Parallel Aware": false,"Async Capable": false,"Join Type": "Inner","Startup Cost": 838.15,"Total Cost": 116995.79,"Plan Rows": 19255,"Plan Width": 16,"Actual Startup Time": 13.636,"Actual Total Time": 241.200,"Actual Rows": 23727,"Actual Loops": 4,"Inner Unique": false,"Workers": [],"Plans": [{"Node Type": "Bitmap Heap Scan","Parent Relationship": "Outer","Parallel Aware": true,"Async Capable": false,"Relation Name": "orders","Alias": "orders","Startup Cost": 837.72,"Total Cost": 27226.01,"Plan Rows": 19553,"Plan Width": 8,"Actual Startup Time": 13.552,"Actual Total Time": 68.983,"Actual Rows": 14126,"Actual Loops": 4,"Recheck Cond": "((o_orderdate >= '1995-01-01'::date) AND (o_orderdate < '1995-04-01 00:00:00'::timestamp without time zone))","Rows Removed by Index Recheck": 0,"Exact Heap Blocks": 3623,"Lossy Heap Blocks": 0,"Workers": [],"Plans": [{"Node Type": "Bitmap Index Scan","Parent Relationship": "Outer","Parallel Aware": false,"Async Capable": false,"Index Name": "idx_orders_orderdate","Startup Cost": 0.00,"Total Cost": 822.57,"Plan Rows": 60614,"Plan Width": 0,"Actual Startup Time": 10.475,"Actual Total Time": 10.479,"Actual Rows": 56506,"Actual Loops": 1,"Index Cond": "((o_orderdate >= '1995-01-01'::date) AND (o_orderdate < '1995-04-01 00:00:00'::timestamp without time zone))","Workers": []}]},{"Node Type": "Index Scan","Parent Relationship": "Inner","Parallel Aware": false,"Async Capable": false,"Scan Direction": "Forward","Index Name": "idx_lineitem_orderkey","Relation Name": "lineitem","Alias": "lineitem","Startup Cost": 0.43,"Total Cost": 4.55,"Plan Rows": 4,"Plan Width": 16,"Actual Startup Time": 0.010,"Actual Total Time": 0.012,"Actual Rows": 2,"Actual Loops": 56506,"Index Cond": "(l_orderkey = orders.o_orderkey)","Rows Removed by Index Recheck": 0,"Filter": "(l_returnflag = 'R'::bpchar)","Rows Removed by Filter": 2,"Workers": []}]},{"Node Type": "Hash","Parent Relationship": "Inner","Parallel Aware": true,"Async Capable": false,"Startup Cost": 4210.00,"Total Cost": 4210.00,"Plan Rows": 62500,"Plan Width": 148,"Actual Startup Time": 54.088,"Actual Total Time": 54.097,"Actual Rows": 37500,"Actual Loops": 4,"Hash Buckets": 262144,"Original Hash Buckets": 262144,"Hash Batches": 1,"Original Hash Batches": 1,"Peak Memory Usage": 29312,"Workers": [],"Plans": [{"Node Type": "Seq Scan","Parent Relationship": "Outer","Parallel Aware": true,"Async Capable": false,"Relation Name": "customer","Alias": "customer","Startup Cost": 0.00,"Total Cost": 4210.00,"Plan Rows": 62500,"Plan Width": 148,"Actual Startup Time": 0.033,"Actual Total Time": 23.775,"Actual Rows": 37500,"Actual Loops": 4,"Workers": []}]}]},{"Node Type": "Hash","Parent Relationship": "Inner","Parallel Aware": false,"Async Capable": false,"Startup Cost": 1.25,"Total Cost": 1.25,"Plan Rows": 25,"Plan Width": 108,"Actual Startup Time": 0.094,"Actual Total Time": 0.098,"Actual Rows": 25,"Actual Loops": 4,"Hash Buckets": 1024,"Original Hash Buckets": 1024,"Hash Batches": 1,"Original Hash Batches": 1,"Peak Memory Usage": 10,"Workers": [],"Plans": [{"Node Type": "Seq Scan","Parent Relationship": "Outer","Parallel Aware": false,"Async Capable": false,"Relation Name": "nation","Alias": "nation","Startup Cost": 0.00,"Total Cost": 1.25,"Plan Rows": 25,"Plan Width": 108,"Actual Startup Time": 0.062,"Actual Total Time": 0.068,"Actual Rows": 25,"Actual Loops": 4,"Workers": []}]}]}]}]}]},"Planning Time": 7.620,"Triggers": [],"Execution Time": 593.147}]
[{"Plan": {"Node Type": "Sort","Parallel Aware": false,"Async Capable": false,"Startup Cost": 131375.21,"Total Cost": 131517.01,"Plan Rows": 56721,"Plan Width": 280,"Actual Startup Time": 563.067,"Actual Total Time": 603.830,"Actual Rows": 37302,"Actual Loops": 1,"Sort Key": ["(sum((lineitem.l_extendedprice * ('1'::numeric - lineitem.l_discount)))) DESC"],"Sort Method": "quicksort","Sort Space Used": 9696,"Sort Space Type": "Memory","Plans": [{"Node Type": "Aggregate","Strategy": "Hashed","Partial Mode": "Simple","Parent Relationship": "Outer","Parallel Aware": false,"Async Capable": false,"Startup Cost": 126187.62,"Total Cost": 126896.63,"Plan Rows": 56721,"Plan Width": 280,"Actual Startup Time": 390.529,"Actual Total Time": 528.800,"Actual Rows": 37302,"Actual Loops": 1,"Group Key": ["customer.c_custkey", "nation.n_name"],"Planned Partitions": 0,"HashAgg Batches": 1,"Peak Memory Usage": 26129,"Disk Usage": 0,"Plans": [{"Node Type": "Gather","Parent Relationship": "Outer","Parallel Aware": false,"Async Capable": false,"Startup Cost": 6792.07,"Total Cost": 125478.61,"Plan Rows": 56721,"Plan Width": 260,"Actual Startup Time": 74.264,"Actual Total Time": 271.853,"Actual Rows": 111987,"Actual Loops": 1,"Workers Planned": 3,"Workers Launched": 3,"Single Copy": false,"Plans": [{"Node Type": "Hash Join","Parent Relationship": "Outer","Parallel Aware": false,"Async Capable": false,"Join Type": "Inner","Startup Cost": 5792.07,"Total Cost": 118806.51,"Plan Rows": 18297,"Plan Width": 260,"Actual Startup Time": 66.885,"Actual Total Time": 338.409,"Actual Rows": 27997,"Actual Loops": 4,"Inner Unique": true,"Hash Cond": "(customer.c_nationkey = nation.n_nationkey)","Workers": [],"Plans": [{"Node Type": "Hash Join","Parent Relationship": "Outer","Parallel Aware": true,"Async Capable": false,"Join Type": "Inner","Startup Cost": 5790.51,"Total Cost": 118748.77,"Plan Rows": 18297,"Plan Width": 160,"Actual Startup Time": 66.491,"Actual Total Time": 330.614,"Actual Rows": 27997,"Actual Loops": 4,"Inner Unique": true,"Hash Cond": "(orders.o_custkey = customer.c_custkey)","Workers": [],"Plans": [{"Node Type": "Nested Loop","Parent Relationship": "Outer","Parallel Aware": false,"Async Capable": false,"Join Type": "Inner","Startup Cost": 799.26,"Total Cost": 113709.49,"Plan Rows": 18297,"Plan Width": 16,"Actual Startup Time": 13.178,"Actual Total Time": 239.311,"Actual Rows": 27997,"Actual Loops": 4,"Inner Unique": false,"Workers": [],"Plans": [{"Node Type": "Bitmap Heap Scan","Parent Relationship": "Outer","Parallel Aware": true,"Async Capable": false,"Relation Name": "orders","Alias": "orders","Startup Cost": 798.83,"Total Cost": 27172.54,"Plan Rows": 18580,"Plan Width": 8,"Actual Startup Time": 13.117,"Actual Total Time": 66.928,"Actual Rows": 13993,"Actual Loops": 4,"Recheck Cond": "((o_orderdate >= '1993-12-01'::date) AND (o_orderdate < '1994-03-01 00:00:00'::timestamp without time zone))","Rows Removed by Index Recheck": 0,"Exact Heap Blocks": 3558,"Lossy Heap Blocks": 0,"Workers": [],"Plans": [{"Node Type": "Bitmap Index Scan","Parent Relationship": "Outer","Parallel Aware": false,"Async Capable": false,"Index Name": "idx_orders_orderdate","Startup Cost": 0.00,"Total Cost": 784.43,"Plan Rows": 57600,"Plan Width": 0,"Actual Startup Time": 10.042,"Actual Total Time": 10.048,"Actual Rows": 55973,"Actual Loops": 1,"Index Cond": "((o_orderdate >= '1993-12-01'::date) AND (o_orderdate < '1994-03-01 00:00:00'::timestamp without time zone))","Workers": []}]},{"Node Type": "Index Scan","Parent Relationship": "Inner","Parallel Aware": false,"Async Capable": false,"Scan Direction": "Forward","Index Name": "idx_lineitem_orderkey","Relation Name": "lineitem","Alias": "lineitem","Startup Cost": 0.43,"Total Cost": 4.62,"Plan Rows": 4,"Plan Width": 16,"Actual Startup Time": 0.010,"Actual Total Time": 0.012,"Actual Rows": 2,"Actual Loops": 55973,"Index Cond": "(l_orderkey = orders.o_orderkey)","Rows Removed by Index Recheck": 0,"Filter": "(l_returnflag = 'R'::bpchar)","Rows Removed by Filter": 2,"Workers": []}]},{"Node Type": "Hash","Parent Relationship": "Inner","Parallel Aware": true,"Async Capable": false,"Startup Cost": 4210.00,"Total Cost": 4210.00,"Plan Rows": 62500,"Plan Width": 148,"Actual Startup Time": 52.746,"Actual Total Time": 52.755,"Actual Rows": 37500,"Actual Loops": 4,"Hash Buckets": 262144,"Original Hash Buckets": 262144,"Hash Batches": 1,"Original Hash Batches": 1,"Peak Memory Usage": 29312,"Workers": [],"Plans": [{"Node Type": "Seq Scan","Parent Relationship": "Outer","Parallel Aware": true,"Async Capable": false,"Relation Name": "customer","Alias": "customer","Startup Cost": 0.00,"Total Cost": 4210.00,"Plan Rows": 62500,"Plan Width": 148,"Actual Startup Time": 0.028,"Actual Total Time": 23.004,"Actual Rows": 37500,"Actual Loops": 4,"Workers": []}]}]},{"Node Type": "Hash","Parent Relationship": "Inner","Parallel Aware": false,"Async Capable": false,"Startup Cost": 1.25,"Total Cost": 1.25,"Plan Rows": 25,"Plan Width": 108,"Actual Startup Time": 0.099,"Actual Total Time": 0.105,"Actual Rows": 25,"Actual Loops": 4,"Hash Buckets": 1024,"Original Hash Buckets": 1024,"Hash Batches": 1,"Original Hash Batches": 1,"Peak Memory Usage": 10,"Workers": [],"Plans": [{"Node Type": "Seq Scan","Parent Relationship": "Outer","Parallel Aware": false,"Async Capable": false,"Relation Name": "nation","Alias": "nation","Startup Cost": 0.00,"Total Cost": 1.25,"Plan Rows": 25,"Plan Width": 108,"Actual Startup Time": 0.067,"Actual Total Time": 0.074,"Actual Rows": 25,"Actual Loops": 4,"Workers": []}]}]}]}]}]},"Planning Time": 6.321,"Triggers": [],"Execution Time": 609.357}]
[{"Plan": {"Node Type": "Sort","Parallel Aware": false,"Async Capable": false,"Startup Cost": 131330.41,"Total Cost": 131472.12,"Plan Rows": 56686,"Plan Width": 280,"Actual Startup Time": 587.483,"Actual Total Time": 628.086,"Actual Rows": 37925,"Actual Loops": 1,"Sort Key": ["(sum((lineitem.l_extendedprice * ('1'::numeric - lineitem.l_discount)))) DESC"],"Sort Method": "quicksort","Sort Space Used": 9832,"Sort Space Type": "Memory","Plans": [{"Node Type": "Aggregate","Strategy": "Hashed","Partial Mode": "Simple","Parent Relationship": "Outer","Parallel Aware": false,"Async Capable": false,"Startup Cost": 126146.27,"Total Cost": 126854.85,"Plan Rows": 56686,"Plan Width": 280,"Actual Startup Time": 410.388,"Actual Total Time": 556.054,"Actual Rows": 37925,"Actual Loops": 1,"Group Key": ["customer.c_custkey", "nation.n_name"],"Planned Partitions": 0,"HashAgg Batches": 1,"Peak Memory Usage": 26129,"Disk Usage": 0,"Plans": [{"Node Type": "Gather","Parent Relationship": "Outer","Parallel Aware": false,"Async Capable": false,"Startup Cost": 6791.71,"Total Cost": 125437.70,"Plan Rows": 56686,"Plan Width": 260,"Actual Startup Time": 76.070,"Actual Total Time": 284.431,"Actual Rows": 114550,"Actual Loops": 1,"Workers Planned": 3,"Workers Launched": 3,"Single Copy": false,"Plans": [{"Node Type": "Hash Join","Parent Relationship": "Outer","Parallel Aware": false,"Async Capable": false,"Join Type": "Inner","Startup Cost": 5791.71,"Total Cost": 118769.10,"Plan Rows": 18286,"Plan Width": 260,"Actual Startup Time": 68.409,"Actual Total Time": 355.040,"Actual Rows": 28638,"Actual Loops": 4,"Inner Unique": true,"Hash Cond": "(customer.c_nationkey = nation.n_nationkey)","Workers": [],"Plans": [{"Node Type": "Hash Join","Parent Relationship": "Outer","Parallel Aware": true,"Async Capable": false,"Join Type": "Inner","Startup Cost": 5790.15,"Total Cost": 118711.40,"Plan Rows": 18286,"Plan Width": 160,"Actual Startup Time": 67.911,"Actual Total Time": 346.301,"Actual Rows": 28638,"Actual Loops": 4,"Inner Unique": true,"Hash Cond": "(orders.o_custkey = customer.c_custkey)","Workers": [],"Plans": [{"Node Type": "Nested Loop","Parent Relationship": "Outer","Parallel Aware": false,"Async Capable": false,"Join Type": "Inner","Startup Cost": 798.90,"Total Cost": 113672.15,"Plan Rows": 18286,"Plan Width": 16,"Actual Startup Time": 13.342,"Actual Total Time": 249.825,"Actual Rows": 28638,"Actual Loops": 4,"Inner Unique": false,"Workers": [],"Plans": [{"Node Type": "Bitmap Heap Scan","Parent Relationship": "Outer","Parallel Aware": true,"Async Capable": false,"Relation Name": "orders","Alias": "orders","Startup Cost": 798.47,"Total Cost": 27172.01,"Plan Rows": 18569,"Plan Width": 8,"Actual Startup Time": 13.275,"Actual Total Time": 71.340,"Actual Rows": 14284,"Actual Loops": 4,"Recheck Cond": "((o_orderdate >= '1993-08-01'::date) AND (o_orderdate < '1993-11-01 00:00:00'::timestamp without time zone))","Rows Removed by Index Recheck": 0,"Exact Heap Blocks": 3594,"Lossy Heap Blocks": 0,"Workers": [],"Plans": [{"Node Type": "Bitmap Index Scan","Parent Relationship": "Outer","Parallel Aware": false,"Async Capable": false,"Index Name": "idx_orders_orderdate","Startup Cost": 0.00,"Total Cost": 784.08,"Plan Rows": 57565,"Plan Width": 0,"Actual Startup Time": 10.135,"Actual Total Time": 10.136,"Actual Rows": 57138,"Actual Loops": 1,"Index Cond": "((o_orderdate >= '1993-08-01'::date) AND (o_orderdate < '1993-11-01 00:00:00'::timestamp without time zone))","Workers": []}]},{"Node Type": "Index Scan","Parent Relationship": "Inner","Parallel Aware": false,"Async Capable": false,"Scan Direction": "Forward","Index Name": "idx_lineitem_orderkey","Relation Name": "lineitem","Alias": "lineitem","Startup Cost": 0.43,"Total Cost": 4.62,"Plan Rows": 4,"Plan Width": 16,"Actual Startup Time": 0.010,"Actual Total Time": 0.012,"Actual Rows": 2,"Actual Loops": 57138,"Index Cond": "(l_orderkey = orders.o_orderkey)","Rows Removed by Index Recheck": 0,"Filter": "(l_returnflag = 'R'::bpchar)","Rows Removed by Filter": 2,"Workers": []}]},{"Node Type": "Hash","Parent Relationship": "Inner","Parallel Aware": true,"Async Capable": false,"Startup Cost": 4210.00,"Total Cost": 4210.00,"Plan Rows": 62500,"Plan Width": 148,"Actual Startup Time": 53.968,"Actual Total Time": 53.976,"Actual Rows": 37500,"Actual Loops": 4,"Hash Buckets": 262144,"Original Hash Buckets": 262144,"Hash Batches": 1,"Original Hash Batches": 1,"Peak Memory Usage": 29344,"Workers": [],"Plans": [{"Node Type": "Seq Scan","Parent Relationship": "Outer","Parallel Aware": true,"Async Capable": false,"Relation Name": "customer","Alias": "customer","Startup Cost": 0.00,"Total Cost": 4210.00,"Plan Rows": 62500,"Plan Width": 148,"Actual Startup Time": 0.023,"Actual Total Time": 24.403,"Actual Rows": 37500,"Actual Loops": 4,"Workers": []}]}]},{"Node Type": "Hash","Parent Relationship": "Inner","Parallel Aware": false,"Async Capable": false,"Startup Cost": 1.25,"Total Cost": 1.25,"Plan Rows": 25,"Plan Width": 108,"Actual Startup Time": 0.099,"Actual Total Time": 0.106,"Actual Rows": 25,"Actual Loops": 4,"Hash Buckets": 1024,"Original Hash Buckets": 1024,"Hash Batches": 1,"Original Hash Batches": 1,"Peak Memory Usage": 10,"Workers": [],"Plans": [{"Node Type": "Seq Scan","Parent Relationship": "Outer","Parallel Aware": false,"Async Capable": false,"Relation Name": "nation","Alias": "nation","Startup Cost": 0.00,"Total Cost": 1.25,"Plan Rows": 25,"Plan Width": 108,"Actual Startup Time": 0.062,"Actual Total Time": 0.071,"Actual Rows": 25,"Actual Loops": 4,"Workers": []}]}]}]}]}]},"Planning Time": 6.540,"Triggers": [],"Execution Time": 634.012}]
[{"Plan": {"Node Type": "Sort","Parallel Aware": false,"Async Capable": false,"Startup Cost": 130505.43,"Total Cost": 130645.60,"Plan Rows": 56065,"Plan Width": 280,"Actual Startup Time": 601.513,"Actual Total Time": 641.580,"Actual Rows": 37018,"Actual Loops": 1,"Sort Key": ["(sum((lineitem.l_extendedprice * ('1'::numeric - lineitem.l_discount)))) DESC"],"Sort Method": "quicksort","Sort Space Used": 9627,"Sort Space Type": "Memory","Plans": [{"Node Type": "Aggregate","Strategy": "Hashed","Partial Mode": "Simple","Parent Relationship": "Outer","Parallel Aware": false,"Async Capable": false,"Startup Cost": 125382.55,"Total Cost": 126083.36,"Plan Rows": 56065,"Plan Width": 280,"Actual Startup Time": 416.495,"Actual Total Time": 572.420,"Actual Rows": 37018,"Actual Loops": 1,"Group Key": ["customer.c_custkey", "nation.n_name"],"Planned Partitions": 0,"HashAgg Batches": 1,"Peak Memory Usage": 26129,"Disk Usage": 0,"Plans": [{"Node Type": "Gather","Parent Relationship": "Outer","Parallel Aware": false,"Async Capable": false,"Startup Cost": 6781.25,"Total Cost": 124681.73,"Plan Rows": 56065,"Plan Width": 260,"Actual Startup Time": 81.623,"Actual Total Time": 288.921,"Actual Rows": 110603,"Actual Loops": 1,"Workers Planned": 3,"Workers Launched": 3,"Single Copy": false,"Plans": [{"Node Type": "Hash Join","Parent Relationship": "Outer","Parallel Aware": false,"Async Capable": false,"Join Type": "Inner","Startup Cost": 5781.25,"Total Cost": 118075.23,"Plan Rows": 18085,"Plan Width": 260,"Actual Startup Time": 74.243,"Actual Total Time": 359.851,"Actual Rows": 27651,"Actual Loops": 4,"Inner Unique": true,"Hash Cond": "(customer.c_nationkey = nation.n_nationkey)","Workers": [],"Plans": [{"Node Type": "Hash Join","Parent Relationship": "Outer","Parallel Aware": true,"Async Capable": false,"Join Type": "Inner","Startup Cost": 5779.68,"Total Cost": 118018.16,"Plan Rows": 18085,"Plan Width": 160,"Actual Startup Time": 73.807,"Actual Total Time": 350.724,"Actual Rows": 27651,"Actual Loops": 4,"Inner Unique": true,"Hash Cond": "(orders.o_custkey = customer.c_custkey)","Workers": [],"Plans": [{"Node Type": "Nested Loop","Parent Relationship": "Outer","Parallel Aware": false,"Async Capable": false,"Join Type": "Inner","Startup Cost": 788.43,"Total Cost": 112979.43,"Plan Rows": 18085,"Plan Width": 16,"Actual Startup Time": 13.351,"Actual Total Time": 248.674,"Actual Rows": 27651,"Actual Loops": 4,"Inner Unique": false,"Workers": [],"Plans": [{"Node Type": "Bitmap Heap Scan","Parent Relationship": "Outer","Parallel Aware": true,"Async Capable": false,"Relation Name": "orders","Alias": "orders","Startup Cost": 788.00,"Total Cost": 27158.49,"Plan Rows": 18366,"Plan Width": 8,"Actual Startup Time": 13.297,"Actual Total Time": 70.614,"Actual Rows": 13866,"Actual Loops": 4,"Recheck Cond": "((o_orderdate >= '1994-02-01'::date) AND (o_orderdate < '1994-05-01 00:00:00'::timestamp without time zone))","Rows Removed by Index Recheck": 0,"Exact Heap Blocks": 3619,"Lossy Heap Blocks": 0,"Workers": [],"Plans": [{"Node Type": "Bitmap Index Scan","Parent Relationship": "Outer","Parallel Aware": false,"Async Capable": false,"Index Name": "idx_orders_orderdate","Startup Cost": 0.00,"Total Cost": 773.77,"Plan Rows": 56934,"Plan Width": 0,"Actual Startup Time": 10.157,"Actual Total Time": 10.161,"Actual Rows": 55462,"Actual Loops": 1,"Index Cond": "((o_orderdate >= '1994-02-01'::date) AND (o_orderdate < '1994-05-01 00:00:00'::timestamp without time zone))","Workers": []}]},{"Node Type": "Index Scan","Parent Relationship": "Inner","Parallel Aware": false,"Async Capable": false,"Scan Direction": "Forward","Index Name": "idx_lineitem_orderkey","Relation Name": "lineitem","Alias": "lineitem","Startup Cost": 0.43,"Total Cost": 4.63,"Plan Rows": 4,"Plan Width": 16,"Actual Startup Time": 0.010,"Actual Total Time": 0.012,"Actual Rows": 2,"Actual Loops": 55462,"Index Cond": "(l_orderkey = orders.o_orderkey)","Rows Removed by Index Recheck": 0,"Filter": "(l_returnflag = 'R'::bpchar)","Rows Removed by Filter": 2,"Workers": []}]},{"Node Type": "Hash","Parent Relationship": "Inner","Parallel Aware": true,"Async Capable": false,"Startup Cost": 4210.00,"Total Cost": 4210.00,"Plan Rows": 62500,"Plan Width": 148,"Actual Startup Time": 59.812,"Actual Total Time": 59.817,"Actual Rows": 37500,"Actual Loops": 4,"Hash Buckets": 262144,"Original Hash Buckets": 262144,"Hash Batches": 1,"Original Hash Batches": 1,"Peak Memory Usage": 29344,"Workers": [],"Plans": [{"Node Type": "Seq Scan","Parent Relationship": "Outer","Parallel Aware": true,"Async Capable": false,"Relation Name": "customer","Alias": "customer","Startup Cost": 0.00,"Total Cost": 4210.00,"Plan Rows": 62500,"Plan Width": 148,"Actual Startup Time": 0.038,"Actual Total Time": 25.477,"Actual Rows": 37500,"Actual Loops": 4,"Workers": []}]}]},{"Node Type": "Hash","Parent Relationship": "Inner","Parallel Aware": false,"Async Capable": false,"Startup Cost": 1.25,"Total Cost": 1.25,"Plan Rows": 25,"Plan Width": 108,"Actual Startup Time": 0.111,"Actual Total Time": 0.116,"Actual Rows": 25,"Actual Loops": 4,"Hash Buckets": 1024,"Original Hash Buckets": 1024,"Hash Batches": 1,"Original Hash Batches": 1,"Peak Memory Usage": 10,"Workers": [],"Plans": [{"Node Type": "Seq Scan","Parent Relationship": "Outer","Parallel Aware": false,"Async Capable": false,"Relation Name": "nation","Alias": "nation","Startup Cost": 0.00,"Total Cost": 1.25,"Plan Rows": 25,"Plan Width": 108,"Actual Startup Time": 0.071,"Actual Total Time": 0.077,"Actual Rows": 25,"Actual Loops": 4,"Workers": []}]}]}]}]}]},"Planning Time": 7.387,"Triggers": [],"Execution Time": 645.928}]
[{"Plan": {"Node Type": "Sort","Parallel Aware": false,"Async Capable": false,"Startup Cost": 130809.03,"Total Cost": 130949.76,"Plan Rows": 56293,"Plan Width": 280,"Actual Startup Time": 582.640,"Actual Total Time": 623.609,"Actual Rows": 37618,"Actual Loops": 1,"Sort Key": ["(sum((lineitem.l_extendedprice * ('1'::numeric - lineitem.l_discount)))) DESC"],"Sort Method": "quicksort","Sort Space Used": 9764,"Sort Space Type": "Memory","Plans": [{"Node Type": "Aggregate","Strategy": "Hashed","Partial Mode": "Simple","Parent Relationship": "Outer","Parallel Aware": false,"Async Capable": false,"Startup Cost": 125663.66,"Total Cost": 126367.32,"Plan Rows": 56293,"Plan Width": 280,"Actual Startup Time": 404.905,"Actual Total Time": 550.580,"Actual Rows": 37618,"Actual Loops": 1,"Group Key": ["customer.c_custkey", "nation.n_name"],"Planned Partitions": 0,"HashAgg Batches": 1,"Peak Memory Usage": 26129,"Disk Usage": 0,"Plans": [{"Node Type": "Gather","Parent Relationship": "Outer","Parallel Aware": false,"Async Capable": false,"Startup Cost": 6783.62,"Total Cost": 124960.00,"Plan Rows": 56293,"Plan Width": 260,"Actual Startup Time": 77.508,"Actual Total Time": 283.856,"Actual Rows": 113037,"Actual Loops": 1,"Workers Planned": 3,"Workers Launched": 3,"Single Copy": false,"Plans": [{"Node Type": "Hash Join","Parent Relationship": "Outer","Parallel Aware": false,"Async Capable": false,"Join Type": "Inner","Startup Cost": 5783.62,"Total Cost": 118330.70,"Plan Rows": 18159,"Plan Width": 260,"Actual Startup Time": 69.943,"Actual Total Time": 350.172,"Actual Rows": 28259,"Actual Loops": 4,"Inner Unique": true,"Hash Cond": "(customer.c_nationkey = nation.n_nationkey)","Workers": [],"Plans": [{"Node Type": "Hash Join","Parent Relationship": "Outer","Parallel Aware": true,"Async Capable": false,"Join Type": "Inner","Startup Cost": 5782.06,"Total Cost": 118273.39,"Plan Rows": 18159,"Plan Width": 160,"Actual Startup Time": 69.505,"Actual Total Time": 341.161,"Actual Rows": 28259,"Actual Loops": 4,"Inner Unique": true,"Hash Cond": "(orders.o_custkey = customer.c_custkey)","Workers": [],"Plans": [{"Node Type": "Nested Loop","Parent Relationship": "Outer","Parallel Aware": false,"Async Capable": false,"Join Type": "Inner","Startup Cost": 790.81,"Total Cost": 113234.47,"Plan Rows": 18159,"Plan Width": 16,"Actual Startup Time": 13.628,"Actual Total Time": 244.904,"Actual Rows": 28259,"Actual Loops": 4,"Inner Unique": false,"Workers": [],"Plans": [{"Node Type": "Bitmap Heap Scan","Parent Relationship": "Outer","Parallel Aware": true,"Async Capable": false,"Relation Name": "orders","Alias": "orders","Startup Cost": 790.38,"Total Cost": 27161.99,"Plan Rows": 18441,"Plan Width": 8,"Actual Startup Time": 13.544,"Actual Total Time": 67.991,"Actual Rows": 14129,"Actual Loops": 4,"Recheck Cond": "((o_orderdate >= '1994-09-01'::date) AND (o_orderdate < '1994-12-01 00:00:00'::timestamp without time zone))","Rows Removed by Index Recheck": 0,"Exact Heap Blocks": 3515,"Lossy Heap Blocks": 0,"Workers": [],"Plans": [{"Node Type": "Bitmap Index Scan","Parent Relationship": "Outer","Parallel Aware": false,"Async Capable": false,"Index Name": "idx_orders_orderdate","Startup Cost": 0.00,"Total Cost": 776.09,"Plan Rows": 57166,"Plan Width": 0,"Actual Startup Time": 10.241,"Actual Total Time": 10.248,"Actual Rows": 56516,"Actual Loops": 1,"Index Cond": "((o_orderdate >= '1994-09-01'::date) AND (o_orderdate < '1994-12-01 00:00:00'::timestamp without time zone))","Workers": []}]},{"Node Type": "Index Scan","Parent Relationship": "Inner","Parallel Aware": false,"Async Capable": false,"Scan Direction": "Forward","Index Name": "idx_lineitem_orderkey","Relation Name": "lineitem","Alias": "lineitem","Startup Cost": 0.43,"Total Cost": 4.63,"Plan Rows": 4,"Plan Width": 16,"Actual Startup Time": 0.010,"Actual Total Time": 0.012,"Actual Rows": 2,"Actual Loops": 56516,"Index Cond": "(l_orderkey = orders.o_orderkey)","Rows Removed by Index Recheck": 0,"Filter": "(l_returnflag = 'R'::bpchar)","Rows Removed by Filter": 2,"Workers": []}]},{"Node Type": "Hash","Parent Relationship": "Inner","Parallel Aware": true,"Async Capable": false,"Startup Cost": 4210.00,"Total Cost": 4210.00,"Plan Rows": 62500,"Plan Width": 148,"Actual Startup Time": 55.246,"Actual Total Time": 55.254,"Actual Rows": 37500,"Actual Loops": 4,"Hash Buckets": 262144,"Original Hash Buckets": 262144,"Hash Batches": 1,"Original Hash Batches": 1,"Peak Memory Usage": 29280,"Workers": [],"Plans": [{"Node Type": "Seq Scan","Parent Relationship": "Outer","Parallel Aware": true,"Async Capable": false,"Relation Name": "customer","Alias": "customer","Startup Cost": 0.00,"Total Cost": 4210.00,"Plan Rows": 62500,"Plan Width": 148,"Actual Startup Time": 0.029,"Actual Total Time": 24.927,"Actual Rows": 37500,"Actual Loops": 4,"Workers": []}]}]},{"Node Type": "Hash","Parent Relationship": "Inner","Parallel Aware": false,"Async Capable": false,"Startup Cost": 1.25,"Total Cost": 1.25,"Plan Rows": 25,"Plan Width": 108,"Actual Startup Time": 0.092,"Actual Total Time": 0.096,"Actual Rows": 25,"Actual Loops": 4,"Hash Buckets": 1024,"Original Hash Buckets": 1024,"Hash Batches": 1,"Original Hash Batches": 1,"Peak Memory Usage": 10,"Workers": [],"Plans": [{"Node Type": "Seq Scan","Parent Relationship": "Outer","Parallel Aware": false,"Async Capable": false,"Relation Name": "nation","Alias": "nation","Startup Cost": 0.00,"Total Cost": 1.25,"Plan Rows": 25,"Plan Width": 108,"Actual Startup Time": 0.062,"Actual Total Time": 0.068,"Actual Rows": 25,"Actual Loops": 4,"Workers": []}]}]}]}]}]},"Planning Time": 5.868,"Triggers": [],"Execution Time": 629.137}]
[{"Plan": {"Node Type": "Sort","Parallel Aware": false,"Async Capable": false,"Startup Cost": 131375.21,"Total Cost": 131517.01,"Plan Rows": 56721,"Plan Width": 280,"Actual Startup Time": 563.067,"Actual Total Time": 603.830,"Actual Rows": 37302,"Actual Loops": 1,"Sort Key": ["(sum((lineitem.l_extendedprice * ('1'::numeric - lineitem.l_discount)))) DESC"],"Sort Method": "quicksort","Sort Space Used": 9696,"Sort Space Type": "Memory","Plans": [{"Node Type": "Aggregate","Strategy": "Hashed","Partial Mode": "Simple","Parent Relationship": "Outer","Parallel Aware": false,"Async Capable": false,"Startup Cost": 126187.62,"Total Cost": 126896.63,"Plan Rows": 56721,"Plan Width": 280,"Actual Startup Time": 390.529,"Actual Total Time": 528.800,"Actual Rows": 37302,"Actual Loops": 1,"Group Key": ["customer.c_custkey", "nation.n_name"],"Planned Partitions": 0,"HashAgg Batches": 1,"Peak Memory Usage": 26129,"Disk Usage": 0,"Plans": [{"Node Type": "Gather","Parent Relationship": "Outer","Parallel Aware": false,"Async Capable": false,"Startup Cost": 6792.07,"Total Cost": 125478.61,"Plan Rows": 56721,"Plan Width": 260,"Actual Startup Time": 74.264,"Actual Total Time": 271.853,"Actual Rows": 111987,"Actual Loops": 1,"Workers Planned": 3,"Workers Launched": 3,"Single Copy": false,"Plans": [{"Node Type": "Hash Join","Parent Relationship": "Outer","Parallel Aware": false,"Async Capable": false,"Join Type": "Inner","Startup Cost": 5792.07,"Total Cost": 118806.51,"Plan Rows": 18297,"Plan Width": 260,"Actual Startup Time": 66.885,"Actual Total Time": 338.409,"Actual Rows": 27997,"Actual Loops": 4,"Inner Unique": true,"Hash Cond": "(customer.c_nationkey = nation.n_nationkey)","Workers": [],"Plans": [{"Node Type": "Hash Join","Parent Relationship": "Outer","Parallel Aware": true,"Async Capable": false,"Join Type": "Inner","Startup Cost": 5790.51,"Total Cost": 118748.77,"Plan Rows": 18297,"Plan Width": 160,"Actual Startup Time": 66.491,"Actual Total Time": 330.614,"Actual Rows": 27997,"Actual Loops": 4,"Inner Unique": true,"Hash Cond": "(orders.o_custkey = customer.c_custkey)","Workers": [],"Plans": [{"Node Type": "Nested Loop","Parent Relationship": "Outer","Parallel Aware": false,"Async Capable": false,"Join Type": "Inner","Startup Cost": 799.26,"Total Cost": 113709.49,"Plan Rows": 18297,"Plan Width": 16,"Actual Startup Time": 13.178,"Actual Total Time": 239.311,"Actual Rows": 27997,"Actual Loops": 4,"Inner Unique": false,"Workers": [],"Plans": [{"Node Type": "Bitmap Heap Scan","Parent Relationship": "Outer","Parallel Aware": true,"Async Capable": false,"Relation Name": "orders","Alias": "orders","Startup Cost": 798.83,"Total Cost": 27172.54,"Plan Rows": 18580,"Plan Width": 8,"Actual Startup Time": 13.117,"Actual Total Time": 66.928,"Actual Rows": 13993,"Actual Loops": 4,"Recheck Cond": "((o_orderdate >= '1993-12-01'::date) AND (o_orderdate < '1994-03-01 00:00:00'::timestamp without time zone))","Rows Removed by Index Recheck": 0,"Exact Heap Blocks": 3558,"Lossy Heap Blocks": 0,"Workers": [],"Plans": [{"Node Type": "Bitmap Index Scan","Parent Relationship": "Outer","Parallel Aware": false,"Async Capable": false,"Index Name": "idx_orders_orderdate","Startup Cost": 0.00,"Total Cost": 784.43,"Plan Rows": 57600,"Plan Width": 0,"Actual Startup Time": 10.042,"Actual Total Time": 10.048,"Actual Rows": 55973,"Actual Loops": 1,"Index Cond": "((o_orderdate >= '1993-12-01'::date) AND (o_orderdate < '1994-03-01 00:00:00'::timestamp without time zone))","Workers": []}]},{"Node Type": "Index Scan","Parent Relationship": "Inner","Parallel Aware": false,"Async Capable": false,"Scan Direction": "Forward","Index Name": "idx_lineitem_orderkey","Relation Name": "lineitem","Alias": "lineitem","Startup Cost": 0.43,"Total Cost": 4.62,"Plan Rows": 4,"Plan Width": 16,"Actual Startup Time": 0.010,"Actual Total Time": 0.012,"Actual Rows": 2,"Actual Loops": 55973,"Index Cond": "(l_orderkey = orders.o_orderkey)","Rows Removed by Index Recheck": 0,"Filter": "(l_returnflag = 'R'::bpchar)","Rows Removed by Filter": 2,"Workers": []}]},{"Node Type": "Hash","Parent Relationship": "Inner","Parallel Aware": true,"Async Capable": false,"Startup Cost": 4210.00,"Total Cost": 4210.00,"Plan Rows": 62500,"Plan Width": 148,"Actual Startup Time": 52.746,"Actual Total Time": 52.755,"Actual Rows": 37500,"Actual Loops": 4,"Hash Buckets": 262144,"Original Hash Buckets": 262144,"Hash Batches": 1,"Original Hash Batches": 1,"Peak Memory Usage": 29312,"Workers": [],"Plans": [{"Node Type": "Seq Scan","Parent Relationship": "Outer","Parallel Aware": true,"Async Capable": false,"Relation Name": "customer","Alias": "customer","Startup Cost": 0.00,"Total Cost": 4210.00,"Plan Rows": 62500,"Plan Width": 148,"Actual Startup Time": 0.028,"Actual Total Time": 23.004,"Actual Rows": 37500,"Actual Loops": 4,"Workers": []}]}]},{"Node Type": "Hash","Parent Relationship": "Inner","Parallel Aware": false,"Async Capable": false,"Startup Cost": 1.25,"Total Cost": 1.25,"Plan Rows": 25,"Plan Width": 108,"Actual Startup Time": 0.099,"Actual Total Time": 0.105,"Actual Rows": 25,"Actual Loops": 4,"Hash Buckets": 1024,"Original Hash Buckets": 1024,"Hash Batches": 1,"Original Hash Batches": 1,"Peak Memory Usage": 10,"Workers": [],"Plans": [{"Node Type": "Seq Scan","Parent Relationship": "Outer","Parallel Aware": false,"Async Capable": false,"Relation Name": "nation","Alias": "nation","Startup Cost": 0.00,"Total Cost": 1.25,"Plan Rows": 25,"Plan Width": 108,"Actual Startup Time": 0.067,"Actual Total Time": 0.074,"Actual Rows": 25,"Actual Loops": 4,"Workers": []}]}]}]}]}]},"Planning Time": 6.321,"Triggers": [],"Execution Time": 609.357}]
