[{"Plan": {"Node Type": "Sort","Parallel Aware": false,"Async Capable": false,"Startup Cost": 33219.48,"Total Cost": 33259.42,"Plan Rows": 15977,"Plan Width": 44,"Actual Startup Time": 260.595,"Actual Total Time": 262.443,"Actual Rows": 18306,"Actual Loops": 1,"Sort Key": ["(count(DISTINCT partsupp.ps_suppkey)) DESC", "part.p_brand", "part.p_type", "part.p_size"],"Sort Method": "quicksort","Sort Space Used": 2341,"Sort Space Type": "Memory","Plans": [{"Node Type": "Aggregate","Strategy": "Sorted","Partial Mode": "Simple","Parent Relationship": "Outer","Parallel Aware": false,"Async Capable": false,"Startup Cost": 24255.10,"Total Cost": 32103.98,"Plan Rows": 15977,"Plan Width": 44,"Actual Startup Time": 154.097,"Actual Total Time": 222.483,"Actual Rows": 18306,"Actual Loops": 1,"Group Key": ["part.p_brand", "part.p_type", "part.p_size"],"Plans": [{"Node Type": "Gather Merge","Parent Relationship": "Outer","Parallel Aware": false,"Async Capable": false,"Startup Cost": 24255.10,"Total Cost": 31351.53,"Plan Rows": 59268,"Plan Width": 40,"Actual Startup Time": 154.030,"Actual Total Time": 194.021,"Actual Rows": 118466,"Actual Loops": 1,"Workers Planned": 4,"Workers Launched": 4,"Plans": [{"Node Type": "Sort","Parent Relationship": "Outer","Parallel Aware": false,"Async Capable": false,"Startup Cost": 23255.04,"Total Cost": 23292.09,"Plan Rows": 14817,"Plan Width": 40,"Actual Startup Time": 138.722,"Actual Total Time": 141.377,"Actual Rows": 23693,"Actual Loops": 5,"Sort Key": ["part.p_brand", "part.p_type", "part.p_size"],"Sort Method": "quicksort","Sort Space Used": 2253,"Sort Space Type": "Memory","Workers": [{"Worker Number": 0,"Sort Method": "quicksort","Sort Space Used": 2922,"Sort Space Type": "Memory"},{"Worker Number": 1,"Sort Method": "quicksort","Sort Space Used": 2901,"Sort Space Type": "Memory"},{"Worker Number": 2,"Sort Method": "quicksort","Sort Space Used": 2957,"Sort Space Type": "Memory"},{"Worker Number": 3,"Sort Method": "quicksort","Sort Space Used": 2542,"Sort Space Type": "Memory"}],"Plans": [{"Node Type": "Hash Join","Parent Relationship": "Outer","Parallel Aware": true,"Async Capable": false,"Join Type": "Inner","Startup Cost": 6682.10,"Total Cost": 22228.60,"Plan Rows": 14817,"Plan Width": 40,"Actual Startup Time": 32.997,"Actual Total Time": 92.569,"Actual Rows": 23693,"Actual Loops": 5,"Inner Unique": true,"Hash Cond": "(partsupp.ps_partkey = part.p_partkey)","Workers": [],"Plans": [{"Node Type": "Index Only Scan","Parent Relationship": "Outer","Parallel Aware": true,"Async Capable": false,"Scan Direction": "Forward","Index Name": "partsupp_pkey","Relation Name": "partsupp","Alias": "partsupp","Startup Cost": 347.43,"Total Cost": 15631.43,"Plan Rows": 100000,"Plan Width": 8,"Actual Startup Time": 8.652,"Actual Total Time": 41.428,"Actual Rows": 159936,"Actual Loops": 5,"Filter": "(NOT (hashed SubPlan 1))","Rows Removed by Filter": 64,"Heap Fetches": 0,"Workers": [],"Plans": [{"Node Type": "Seq Scan","Parent Relationship": "SubPlan","Subplan Name": "SubPlan 1","Parallel Aware": false,"Async Capable": false,"Relation Name": "supplier","Alias": "supplier","Startup Cost": 0.00,"Total Cost": 347.00,"Plan Rows": 1,"Plan Width": 4,"Actual Startup Time": 0.195,"Actual Total Time": 8.392,"Actual Rows": 4,"Actual Loops": 5,"Filter": "((s_comment)::text ~~ '%Customer%Complaints%'::text)","Rows Removed by Filter": 9996,"Workers": []}]},{"Node Type": "Hash","Parent Relationship": "Inner","Parallel Aware": true,"Async Capable": false,"Startup Cost": 6180.33,"Total Cost": 6180.33,"Plan Rows": 12347,"Plan Width": 40,"Actual Startup Time": 24.010,"Actual Total Time": 24.014,"Actual Rows": 5925,"Actual Loops": 5,"Hash Buckets": 32768,"Original Hash Buckets": 32768,"Hash Batches": 1,"Original Hash Batches": 1,"Peak Memory Usage": 2528,"Workers": [],"Plans": [{"Node Type": "Seq Scan","Parent Relationship": "Outer","Parallel Aware": true,"Async Capable": false,"Relation Name": "part","Alias": "part","Startup Cost": 0.00,"Total Cost": 6180.33,"Plan Rows": 12347,"Plan Width": 40,"Actual Startup Time": 0.070,"Actual Total Time": 20.564,"Actual Rows": 5925,"Actual Loops": 5,"Filter": "((p_brand <> 'Brand#14'::bpchar) AND ((p_type)::text !~~ 'STANDARD POLISHED%'::text) AND (p_size = ANY ('{16,44,37,47,33,40,15,28}'::integer[])))","Rows Removed by Filter": 34075,"Workers": []}]}]}]}]}]}]},"Planning Time": 4.776,"Triggers": [],"Execution Time": 264.069}]
[{"Plan": {"Node Type": "Sort","Parallel Aware": false,"Async Capable": false,"Startup Cost": 33426.13,"Total Cost": 33466.44,"Plan Rows": 16125,"Plan Width": 44,"Actual Startup Time": 254.891,"Actual Total Time": 256.619,"Actual Rows": 18357,"Actual Loops": 1,"Sort Key": ["(count(DISTINCT partsupp.ps_suppkey)) DESC", "part.p_brand", "part.p_type", "part.p_size"],"Sort Method": "quicksort","Sort Space Used": 2345,"Sort Space Type": "Memory","Plans": [{"Node Type": "Aggregate","Strategy": "Sorted","Partial Mode": "Simple","Parent Relationship": "Outer","Parallel Aware": false,"Async Capable": false,"Startup Cost": 24282.94,"Total Cost": 32299.23,"Plan Rows": 16125,"Plan Width": 44,"Actual Startup Time": 144.591,"Actual Total Time": 214.864,"Actual Rows": 18357,"Actual Loops": 1,"Group Key": ["part.p_brand", "part.p_type", "part.p_size"],"Plans": [{"Node Type": "Gather Merge","Parent Relationship": "Outer","Parallel Aware": false,"Async Capable": false,"Startup Cost": 24282.94,"Total Cost": 31532.51,"Plan Rows": 60547,"Plan Width": 40,"Actual Startup Time": 144.537,"Actual Total Time": 185.662,"Actual Rows": 119502,"Actual Loops": 1,"Workers Planned": 4,"Workers Launched": 4,"Plans": [{"Node Type": "Sort","Parent Relationship": "Outer","Parallel Aware": false,"Async Capable": false,"Startup Cost": 23282.88,"Total Cost": 23320.72,"Plan Rows": 15137,"Plan Width": 40,"Actual Startup Time": 124.635,"Actual Total Time": 127.687,"Actual Rows": 23900,"Actual Loops": 5,"Sort Key": ["part.p_brand", "part.p_type", "part.p_size"],"Sort Method": "quicksort","Sort Space Used": 2380,"Sort Space Type": "Memory","Workers": [{"Worker Number": 0,"Sort Method": "quicksort","Sort Space Used": 2826,"Sort Space Type": "Memory"},{"Worker Number": 1,"Sort Method": "quicksort","Sort Space Used": 2812,"Sort Space Type": "Memory"},{"Worker Number": 2,"Sort Method": "quicksort","Sort Space Used": 2833,"Sort Space Type": "Memory"},{"Worker Number": 3,"Sort Method": "quicksort","Sort Space Used": 2816,"Sort Space Type": "Memory"}],"Plans": [{"Node Type": "Hash Join","Parent Relationship": "Outer","Parallel Aware": true,"Async Capable": false,"Join Type": "Inner","Startup Cost": 6685.44,"Total Cost": 22231.94,"Plan Rows": 15137,"Plan Width": 40,"Actual Startup Time": 31.837,"Actual Total Time": 80.310,"Actual Rows": 23900,"Actual Loops": 5,"Inner Unique": true,"Hash Cond": "(partsupp.ps_partkey = part.p_partkey)","Workers": [],"Plans": [{"Node Type": "Index Only Scan","Parent Relationship": "Outer","Parallel Aware": true,"Async Capable": false,"Scan Direction": "Forward","Index Name": "partsupp_pkey","Relation Name": "partsupp","Alias": "partsupp","Startup Cost": 347.43,"Total Cost": 15631.43,"Plan Rows": 100000,"Plan Width": 8,"Actual Startup Time": 8.967,"Actual Total Time": 33.978,"Actual Rows": 159936,"Actual Loops": 5,"Filter": "(NOT (hashed SubPlan 1))","Rows Removed by Filter": 64,"Heap Fetches": 0,"Workers": [],"Plans": [{"Node Type": "Seq Scan","Parent Relationship": "SubPlan","Subplan Name": "SubPlan 1","Parallel Aware": false,"Async Capable": false,"Relation Name": "supplier","Alias": "supplier","Startup Cost": 0.00,"Total Cost": 347.00,"Plan Rows": 1,"Plan Width": 4,"Actual Startup Time": 0.339,"Actual Total Time": 8.845,"Actual Rows": 4,"Actual Loops": 5,"Filter": "((s_comment)::text ~~ '%Customer%Complaints%'::text)","Rows Removed by Filter": 9996,"Workers": []}]},{"Node Type": "Hash","Parent Relationship": "Inner","Parallel Aware": true,"Async Capable": false,"Startup Cost": 6180.33,"Total Cost": 6180.33,"Plan Rows": 12614,"Plan Width": 40,"Actual Startup Time": 22.591,"Actual Total Time": 22.596,"Actual Rows": 5978,"Actual Loops": 5,"Hash Buckets": 32768,"Original Hash Buckets": 32768,"Hash Batches": 1,"Original Hash Batches": 1,"Peak Memory Usage": 2592,"Workers": [],"Plans": [{"Node Type": "Seq Scan","Parent Relationship": "Outer","Parallel Aware": true,"Async Capable": false,"Relation Name": "part","Alias": "part","Startup Cost": 0.00,"Total Cost": 6180.33,"Plan Rows": 12614,"Plan Width": 40,"Actual Startup Time": 0.055,"Actual Total Time": 19.235,"Actual Rows": 5978,"Actual Loops": 5,"Filter": "((p_brand <> 'Brand#42'::bpchar) AND ((p_type)::text !~~ 'LARGE BURNISHED%'::text) AND (p_size = ANY ('{39,2,32,29,17,33,14,50}'::integer[])))","Rows Removed by Filter": 34022,"Workers": []}]}]}]}]}]}]},"Planning Time": 5.154,"Triggers": [],"Execution Time": 258.038}]
[{"Plan": {"Node Type": "Sort","Parallel Aware": false,"Async Capable": false,"Startup Cost": 33145.03,"Total Cost": 33184.84,"Plan Rows": 15922,"Plan Width": 44,"Actual Startup Time": 282.477,"Actual Total Time": 284.418,"Actual Rows": 18227,"Actual Loops": 1,"Sort Key": ["(count(DISTINCT partsupp.ps_suppkey)) DESC", "part.p_brand", "part.p_type", "part.p_size"],"Sort Method": "quicksort","Sort Space Used": 2334,"Sort Space Type": "Memory","Plans": [{"Node Type": "Aggregate","Strategy": "Sorted","Partial Mode": "Simple","Parent Relationship": "Outer","Parallel Aware": false,"Async Capable": false,"Startup Cost": 24245.12,"Total Cost": 32033.78,"Plan Rows": 15922,"Plan Width": 44,"Actual Startup Time": 166.816,"Actual Total Time": 243.383,"Actual Rows": 18227,"Actual Loops": 1,"Group Key": ["part.p_brand", "part.p_type", "part.p_size"],"Plans": [{"Node Type": "Gather Merge","Parent Relationship": "Outer","Parallel Aware": false,"Async Capable": false,"Startup Cost": 24245.12,"Total Cost": 31286.48,"Plan Rows": 58808,"Plan Width": 40,"Actual Startup Time": 166.732,"Actual Total Time": 211.245,"Actual Rows": 118913,"Actual Loops": 1,"Workers Planned": 4,"Workers Launched": 4,"Plans": [{"Node Type": "Sort","Parent Relationship": "Outer","Parallel Aware": false,"Async Capable": false,"Startup Cost": 23245.06,"Total Cost": 23281.82,"Plan Rows": 14702,"Plan Width": 40,"Actual Startup Time": 144.039,"Actual Total Time": 147.586,"Actual Rows": 23783,"Actual Loops": 5,"Sort Key": ["part.p_brand", "part.p_type", "part.p_size"],"Sort Method": "quicksort","Sort Space Used": 2367,"Sort Space Type": "Memory","Workers": [{"Worker Number": 0,"Sort Method": "quicksort","Sort Space Used": 2955,"Sort Space Type": "Memory"},{"Worker Number": 1,"Sort Method": "quicksort","Sort Space Used": 2558,"Sort Space Type": "Memory"},{"Worker Number": 2,"Sort Method": "quicksort","Sort Space Used": 2984,"Sort Space Type": "Memory"},{"Worker Number": 3,"Sort Method": "quicksort","Sort Space Used": 2757,"Sort Space Type": "Memory"}],"Plans": [{"Node Type": "Hash Join","Parent Relationship": "Outer","Parallel Aware": true,"Async Capable": false,"Join Type": "Inner","Startup Cost": 6680.91,"Total Cost": 22227.41,"Plan Rows": 14702,"Plan Width": 40,"Actual Startup Time": 32.881,"Actual Total Time": 85.953,"Actual Rows": 23783,"Actual Loops": 5,"Inner Unique": true,"Hash Cond": "(partsupp.ps_partkey = part.p_partkey)","Workers": [],"Plans": [{"Node Type": "Index Only Scan","Parent Relationship": "Outer","Parallel Aware": true,"Async Capable": false,"Scan Direction": "Forward","Index Name": "partsupp_pkey","Relation Name": "partsupp","Alias": "partsupp","Startup Cost": 347.43,"Total Cost": 15631.43,"Plan Rows": 100000,"Plan Width": 8,"Actual Startup Time": 8.817,"Actual Total Time": 36.182,"Actual Rows": 159936,"Actual Loops": 5,"Filter": "(NOT (hashed SubPlan 1))","Rows Removed by Filter": 64,"Heap Fetches": 0,"Workers": [],"Plans": [{"Node Type": "Seq Scan","Parent Relationship": "SubPlan","Subplan Name": "SubPlan 1","Parallel Aware": false,"Async Capable": false,"Relation Name": "supplier","Alias": "supplier","Startup Cost": 0.00,"Total Cost": 347.00,"Plan Rows": 1,"Plan Width": 4,"Actual Startup Time": 0.239,"Actual Total Time": 8.649,"Actual Rows": 4,"Actual Loops": 5,"Filter": "((s_comment)::text ~~ '%Customer%Complaints%'::text)","Rows Removed by Filter": 9996,"Workers": []}]},{"Node Type": "Hash","Parent Relationship": "Inner","Parallel Aware": true,"Async Capable": false,"Startup Cost": 6180.33,"Total Cost": 6180.33,"Plan Rows": 12252,"Plan Width": 40,"Actual Startup Time": 23.735,"Actual Total Time": 23.739,"Actual Rows": 5948,"Actual Loops": 5,"Hash Buckets": 32768,"Original Hash Buckets": 32768,"Hash Batches": 1,"Original Hash Batches": 1,"Peak Memory Usage": 2528,"Workers": [],"Plans": [{"Node Type": "Seq Scan","Parent Relationship": "Outer","Parallel Aware": true,"Async Capable": false,"Relation Name": "part","Alias": "part","Startup Cost": 0.00,"Total Cost": 6180.33,"Plan Rows": 12252,"Plan Width": 40,"Actual Startup Time": 0.072,"Actual Total Time": 20.131,"Actual Rows": 5948,"Actual Loops": 5,"Filter": "((p_brand <> 'Brand#53'::bpchar) AND ((p_type)::text !~~ 'MEDIUM POLISHED%'::text) AND (p_size = ANY ('{13,38,9,41,26,12,48,45}'::integer[])))","Rows Removed by Filter": 34052,"Workers": []}]}]}]}]}]}]},"Planning Time": 5.282,"Triggers": [],"Execution Time": 286.234}]
[{"Plan": {"Node Type": "Sort","Parallel Aware": false,"Async Capable": false,"Startup Cost": 33286.88,"Total Cost": 33326.95,"Plan Rows": 16026,"Plan Width": 44,"Actual Startup Time": 234.639,"Actual Total Time": 236.199,"Actual Rows": 18299,"Actual Loops": 1,"Sort Key": ["(count(DISTINCT partsupp.ps_suppkey)) DESC", "part.p_brand", "part.p_type", "part.p_size"],"Sort Method": "quicksort","Sort Space Used": 2340,"Sort Space Type": "Memory","Plans": [{"Node Type": "Aggregate","Strategy": "Sorted","Partial Mode": "Simple","Parent Relationship": "Outer","Parallel Aware": false,"Async Capable": false,"Startup Cost": 24264.15,"Total Cost": 32167.62,"Plan Rows": 16026,"Plan Width": 44,"Actual Startup Time": 131.118,"Actual Total Time": 196.395,"Actual Rows": 18299,"Actual Loops": 1,"Group Key": ["part.p_brand", "part.p_type", "part.p_size"],"Plans": [{"Node Type": "Gather Merge","Parent Relationship": "Outer","Parallel Aware": false,"Async Capable": false,"Startup Cost": 24264.15,"Total Cost": 31410.51,"Plan Rows": 59685,"Plan Width": 40,"Actual Startup Time": 131.044,"Actual Total Time": 168.970,"Actual Rows": 119144,"Actual Loops": 1,"Workers Planned": 4,"Workers Launched": 4,"Plans": [{"Node Type": "Sort","Parent Relationship": "Outer","Parallel Aware": false,"Async Capable": false,"Startup Cost": 23264.09,"Total Cost": 23301.39,"Plan Rows": 14921,"Plan Width": 40,"Actual Startup Time": 121.185,"Actual Total Time": 123.598,"Actual Rows": 23829,"Actual Loops": 5,"Sort Key": ["part.p_brand", "part.p_type", "part.p_size"],"Sort Method": "quicksort","Sort Space Used": 2645,"Sort Space Type": "Memory","Workers": [{"Worker Number": 0,"Sort Method": "quicksort","Sort Space Used": 2694,"Sort Space Type": "Memory"},{"Worker Number": 1,"Sort Method": "quicksort","Sort Space Used": 2650,"Sort Space Type": "Memory"},{"Worker Number": 2,"Sort Method": "quicksort","Sort Space Used": 2848,"Sort Space Type": "Memory"},{"Worker Number": 3,"Sort Method": "quicksort","Sort Space Used": 2804,"Sort Space Type": "Memory"}],"Plans": [{"Node Type": "Hash Join","Parent Relationship": "Outer","Parallel Aware": true,"Async Capable": false,"Join Type": "Inner","Startup Cost": 6683.19,"Total Cost": 22229.69,"Plan Rows": 14921,"Plan Width": 40,"Actual Startup Time": 31.350,"Actual Total Time": 79.494,"Actual Rows": 23829,"Actual Loops": 5,"Inner Unique": true,"Hash Cond": "(partsupp.ps_partkey = part.p_partkey)","Workers": [],"Plans": [{"Node Type": "Index Only Scan","Parent Relationship": "Outer","Parallel Aware": true,"Async Capable": false,"Scan Direction": "Forward","Index Name": "partsupp_pkey","Relation Name": "partsupp","Alias": "partsupp","Startup Cost": 347.43,"Total Cost": 15631.43,"Plan Rows": 100000,"Plan Width": 8,"Actual Startup Time": 7.418,"Actual Total Time": 32.196,"Actual Rows": 159936,"Actual Loops": 5,"Filter": "(NOT (hashed SubPlan 1))","Rows Removed by Filter": 64,"Heap Fetches": 0,"Workers": [],"Plans": [{"Node Type": "Seq Scan","Parent Relationship": "SubPlan","Subplan Name": "SubPlan 1","Parallel Aware": false,"Async Capable": false,"Relation Name": "supplier","Alias": "supplier","Startup Cost": 0.00,"Total Cost": 347.00,"Plan Rows": 1,"Plan Width": 4,"Actual Startup Time": 0.236,"Actual Total Time": 7.277,"Actual Rows": 4,"Actual Loops": 5,"Filter": "((s_comment)::text ~~ '%Customer%Complaints%'::text)","Rows Removed by Filter": 9996,"Workers": []}]},{"Node Type": "Hash","Parent Relationship": "Inner","Parallel Aware": true,"Async Capable": false,"Startup Cost": 6180.33,"Total Cost": 6180.33,"Plan Rows": 12434,"Plan Width": 40,"Actual Startup Time": 23.656,"Actual Total Time": 23.659,"Actual Rows": 5960,"Actual Loops": 5,"Hash Buckets": 32768,"Original Hash Buckets": 32768,"Hash Batches": 1,"Original Hash Batches": 1,"Peak Memory Usage": 2592,"Workers": [],"Plans": [{"Node Type": "Seq Scan","Parent Relationship": "Outer","Parallel Aware": true,"Async Capable": false,"Relation Name": "part","Alias": "part","Startup Cost": 0.00,"Total Cost": 6180.33,"Plan Rows": 12434,"Plan Width": 40,"Actual Startup Time": 0.055,"Actual Total Time": 19.892,"Actual Rows": 5960,"Actual Loops": 5,"Filter": "((p_brand <> 'Brand#45'::bpchar) AND ((p_type)::text !~~ 'ECONOMY ANODIZED%'::text) AND (p_size = ANY ('{30,41,16,12,31,37,26,39}'::integer[])))","Rows Removed by Filter": 34040,"Workers": []}]}]}]}]}]}]},"Planning Time": 3.718,"Triggers": [],"Execution Time": 237.109}]
[{"Plan": {"Node Type": "Sort","Parallel Aware": false,"Async Capable": false,"Startup Cost": 33302.38,"Total Cost": 33342.48,"Plan Rows": 16037,"Plan Width": 44,"Actual Startup Time": 241.421,"Actual Total Time": 243.288,"Actual Rows": 18281,"Actual Loops": 1,"Sort Key": ["(count(DISTINCT partsupp.ps_suppkey)) DESC", "part.p_brand", "part.p_type", "part.p_size"],"Sort Method": "quicksort","Sort Space Used": 2339,"Sort Space Type": "Memory","Plans": [{"Node Type": "Aggregate","Strategy": "Sorted","Partial Mode": "Simple","Parent Relationship": "Outer","Parallel Aware": false,"Async Capable": false,"Startup Cost": 24266.23,"Total Cost": 32182.27,"Plan Rows": 16037,"Plan Width": 44,"Actual Startup Time": 135.096,"Actual Total Time": 202.990,"Actual Rows": 18281,"Actual Loops": 1,"Group Key": ["part.p_brand", "part.p_type", "part.p_size"],"Plans": [{"Node Type": "Gather Merge","Parent Relationship": "Outer","Parallel Aware": false,"Async Capable": false,"Startup Cost": 24266.23,"Total Cost": 31424.09,"Plan Rows": 59781,"Plan Width": 40,"Actual Startup Time": 135.033,"Actual Total Time": 174.480,"Actual Rows": 118570,"Actual Loops": 1,"Workers Planned": 4,"Workers Launched": 4,"Plans": [{"Node Type": "Sort","Parent Relationship": "Outer","Parallel Aware": false,"Async Capable": false,"Startup Cost": 23266.18,"Total Cost": 23303.54,"Plan Rows": 14945,"Plan Width": 40,"Actual Startup Time": 123.256,"Actual Total Time": 126.096,"Actual Rows": 23714,"Actual Loops": 5,"Sort Key": ["part.p_brand", "part.p_type", "part.p_size"],"Sort Method": "quicksort","Sort Space Used": 2426,"Sort Space Type": "Memory","Workers": [{"Worker Number": 0,"Sort Method": "quicksort","Sort Space Used": 2895,"Sort Space Type": "Memory"},{"Worker Number": 1,"Sort Method": "quicksort","Sort Space Used": 2920,"Sort Space Type": "Memory"},{"Worker Number": 2,"Sort Method": "quicksort","Sort Space Used": 2889,"Sort Space Type": "Memory"},{"Worker Number": 3,"Sort Method": "quicksort","Sort Space Used": 2470,"Sort Space Type": "Memory"}],"Plans": [{"Node Type": "Hash Join","Parent Relationship": "Outer","Parallel Aware": true,"Async Capable": false,"Join Type": "Inner","Startup Cost": 6683.44,"Total Cost": 22229.94,"Plan Rows": 14945,"Plan Width": 40,"Actual Startup Time": 31.624,"Actual Total Time": 81.856,"Actual Rows": 23714,"Actual Loops": 5,"Inner Unique": true,"Hash Cond": "(partsupp.ps_partkey = part.p_partkey)","Workers": [],"Plans": [{"Node Type": "Index Only Scan","Parent Relationship": "Outer","Parallel Aware": true,"Async Capable": false,"Scan Direction": "Forward","Index Name": "partsupp_pkey","Relation Name": "partsupp","Alias": "partsupp","Startup Cost": 347.43,"Total Cost": 15631.43,"Plan Rows": 100000,"Plan Width": 8,"Actual Startup Time": 9.075,"Actual Total Time": 34.683,"Actual Rows": 159936,"Actual Loops": 5,"Filter": "(NOT (hashed SubPlan 1))","Rows Removed by Filter": 64,"Heap Fetches": 0,"Workers": [],"Plans": [{"Node Type": "Seq Scan","Parent Relationship": "SubPlan","Subplan Name": "SubPlan 1","Parallel Aware": false,"Async Capable": false,"Relation Name": "supplier","Alias": "supplier","Startup Cost": 0.00,"Total Cost": 347.00,"Plan Rows": 1,"Plan Width": 4,"Actual Startup Time": 0.315,"Actual Total Time": 8.935,"Actual Rows": 4,"Actual Loops": 5,"Filter": "((s_comment)::text ~~ '%Customer%Complaints%'::text)","Rows Removed by Filter": 9996,"Workers": []}]},{"Node Type": "Hash","Parent Relationship": "Inner","Parallel Aware": true,"Async Capable": false,"Startup Cost": 6180.33,"Total Cost": 6180.33,"Plan Rows": 12454,"Plan Width": 40,"Actual Startup Time": 22.276,"Actual Total Time": 22.281,"Actual Rows": 5931,"Actual Loops": 5,"Hash Buckets": 32768,"Original Hash Buckets": 32768,"Hash Batches": 1,"Original Hash Batches": 1,"Peak Memory Usage": 2528,"Workers": [],"Plans": [{"Node Type": "Seq Scan","Parent Relationship": "Outer","Parallel Aware": true,"Async Capable": false,"Relation Name": "part","Alias": "part","Startup Cost": 0.00,"Total Cost": 6180.33,"Plan Rows": 12454,"Plan Width": 40,"Actual Startup Time": 0.044,"Actual Total Time": 19.034,"Actual Rows": 5931,"Actual Loops": 5,"Filter": "((p_brand <> 'Brand#43'::bpchar) AND ((p_type)::text !~~ 'ECONOMY PLATED%'::text) AND (p_size = ANY ('{29,45,3,19,25,4,5,38}'::integer[])))","Rows Removed by Filter": 34069,"Workers": []}]}]}]}]}]}]},"Planning Time": 4.373,"Triggers": [],"Execution Time": 244.956}]
[{"Plan": {"Node Type": "Sort","Parallel Aware": false,"Async Capable": false,"Startup Cost": 33532.32,"Total Cost": 33572.82,"Plan Rows": 16200,"Plan Width": 44,"Actual Startup Time": 238.317,"Actual Total Time": 240.122,"Actual Rows": 18341,"Actual Loops": 1,"Sort Key": ["(count(DISTINCT partsupp.ps_suppkey)) DESC", "part.p_brand", "part.p_type", "part.p_size"],"Sort Method": "quicksort","Sort Space Used": 2344,"Sort Space Type": "Memory","Plans": [{"Node Type": "Aggregate","Strategy": "Sorted","Partial Mode": "Simple","Parent Relationship": "Outer","Parallel Aware": false,"Async Capable": false,"Startup Cost": 24297.23,"Total Cost": 32399.64,"Plan Rows": 16200,"Plan Width": 44,"Actual Startup Time": 135.672,"Actual Total Time": 202.111,"Actual Rows": 18341,"Actual Loops": 1,"Group Key": ["part.p_brand", "part.p_type", "part.p_size"],"Plans": [{"Node Type": "Gather Merge","Parent Relationship": "Outer","Parallel Aware": false,"Async Capable": false,"Startup Cost": 24297.23,"Total Cost": 31625.59,"Plan Rows": 61205,"Plan Width": 40,"Actual Startup Time": 135.591,"Actual Total Time": 174.432,"Actual Rows": 119929,"Actual Loops": 1,"Workers Planned": 4,"Workers Launched": 4,"Plans": [{"Node Type": "Sort","Parent Relationship": "Outer","Parallel Aware": false,"Async Capable": false,"Startup Cost": 23297.17,"Total Cost": 23335.42,"Plan Rows": 15301,"Plan Width": 40,"Actual Startup Time": 125.474,"Actual Total Time": 127.828,"Actual Rows": 23986,"Actual Loops": 5,"Sort Key": ["part.p_brand", "part.p_type", "part.p_size"],"Sort Method": "quicksort","Sort Space Used": 2874,"Sort Space Type": "Memory","Workers": [{"Worker Number": 0,"Sort Method": "quicksort","Sort Space Used": 2838,"Sort Space Type": "Memory"},{"Worker Number": 1,"Sort Method": "quicksort","Sort Space Used": 2564,"Sort Space Type": "Memory"},{"Worker Number": 2,"Sort Method": "quicksort","Sort Space Used": 2854,"Sort Space Type": "Memory"},{"Worker Number": 3,"Sort Method": "quicksort","Sort Space Used": 2576,"Sort Space Type": "Memory"}],"Plans": [{"Node Type": "Hash Join","Parent Relationship": "Outer","Parallel Aware": true,"Async Capable": false,"Join Type": "Inner","Startup Cost": 6687.15,"Total Cost": 22233.65,"Plan Rows": 15301,"Plan Width": 40,"Actual Startup Time": 32.442,"Actual Total Time": 83.519,"Actual Rows": 23986,"Actual Loops": 5,"Inner Unique": true,"Hash Cond": "(partsupp.ps_partkey = part.p_partkey)","Workers": [],"Plans": [{"Node Type": "Index Only Scan","Parent Relationship": "Outer","Parallel Aware": true,"Async Capable": false,"Scan Direction": "Forward","Index Name": "partsupp_pkey","Relation Name": "partsupp","Alias": "partsupp","Startup Cost": 347.43,"Total Cost": 15631.43,"Plan Rows": 100000,"Plan Width": 8,"Actual Startup Time": 7.989,"Actual Total Time": 33.113,"Actual Rows": 159936,"Actual Loops": 5,"Filter": "(NOT (hashed SubPlan 1))","Rows Removed by Filter": 64,"Heap Fetches": 0,"Workers": [],"Plans": [{"Node Type": "Seq Scan","Parent Relationship": "SubPlan","Subplan Name": "SubPlan 1","Parallel Aware": false,"Async Capable": false,"Relation Name": "supplier","Alias": "supplier","Startup Cost": 0.00,"Total Cost": 347.00,"Plan Rows": 1,"Plan Width": 4,"Actual Startup Time": 0.184,"Actual Total Time": 7.865,"Actual Rows": 4,"Actual Loops": 5,"Filter": "((s_comment)::text ~~ '%Customer%Complaints%'::text)","Rows Removed by Filter": 9996,"Workers": []}]},{"Node Type": "Hash","Parent Relationship": "Inner","Parallel Aware": true,"Async Capable": false,"Startup Cost": 6180.33,"Total Cost": 6180.33,"Plan Rows": 12751,"Plan Width": 40,"Actual Startup Time": 24.162,"Actual Total Time": 24.166,"Actual Rows": 5999,"Actual Loops": 5,"Hash Buckets": 32768,"Original Hash Buckets": 32768,"Hash Batches": 1,"Original Hash Batches": 1,"Peak Memory Usage": 2560,"Workers": [],"Plans": [{"Node Type": "Seq Scan","Parent Relationship": "Outer","Parallel Aware": true,"Async Capable": false,"Relation Name": "part","Alias": "part","Startup Cost": 0.00,"Total Cost": 6180.33,"Plan Rows": 12751,"Plan Width": 40,"Actual Startup Time": 0.057,"Actual Total Time": 20.222,"Actual Rows": 5999,"Actual Loops": 5,"Filter": "((p_brand <> 'Brand#31'::bpchar) AND ((p_type)::text !~~ 'STANDARD PLATED%'::text) AND (p_size = ANY ('{20,13,30,2,14,25,34,42}'::integer[])))","Rows Removed by Filter": 34001,"Workers": []}]}]}]}]}]}]},"Planning Time": 3.757,"Triggers": [],"Execution Time": 241.069}]
[{"Plan": {"Node Type": "Sort","Parallel Aware": false,"Async Capable": false,"Startup Cost": 33432.16,"Total Cost": 33472.48,"Plan Rows": 16130,"Plan Width": 44,"Actual Startup Time": 257.402,"Actual Total Time": 259.632,"Actual Rows": 18296,"Actual Loops": 1,"Sort Key": ["(count(DISTINCT partsupp.ps_suppkey)) DESC", "part.p_brand", "part.p_type", "part.p_size"],"Sort Method": "quicksort","Sort Space Used": 2340,"Sort Space Type": "Memory","Plans": [{"Node Type": "Aggregate","Strategy": "Sorted","Partial Mode": "Simple","Parent Relationship": "Outer","Parallel Aware": false,"Async Capable": false,"Startup Cost": 24283.73,"Total Cost": 32304.87,"Plan Rows": 16130,"Plan Width": 44,"Actual Startup Time": 146.710,"Actual Total Time": 218.995,"Actual Rows": 18296,"Actual Loops": 1,"Group Key": ["part.p_brand", "part.p_type", "part.p_size"],"Plans": [{"Node Type": "Gather Merge","Parent Relationship": "Outer","Parallel Aware": false,"Async Capable": false,"Startup Cost": 24283.73,"Total Cost": 31537.73,"Plan Rows": 60584,"Plan Width": 40,"Actual Startup Time": 146.639,"Actual Total Time": 188.623,"Actual Rows": 118728,"Actual Loops": 1,"Workers Planned": 4,"Workers Launched": 4,"Plans": [{"Node Type": "Sort","Parent Relationship": "Outer","Parallel Aware": false,"Async Capable": false,"Startup Cost": 23283.67,"Total Cost": 23321.54,"Plan Rows": 15146,"Plan Width": 40,"Actual Startup Time": 125.580,"Actual Total Time": 128.305,"Actual Rows": 23746,"Actual Loops": 5,"Sort Key": ["part.p_brand", "part.p_type", "part.p_size"],"Sort Method": "quicksort","Sort Space Used": 2317,"Sort Space Type": "Memory","Workers": [{"Worker Number": 0,"Sort Method": "quicksort","Sort Space Used": 2836,"Sort Space Type": "Memory"},{"Worker Number": 1,"Sort Method": "quicksort","Sort Space Used": 2799,"Sort Space Type": "Memory"},{"Worker Number": 2,"Sort Method": "quicksort","Sort Space Used": 2840,"Sort Space Type": "Memory"},{"Worker Number": 3,"Sort Method": "quicksort","Sort Space Used": 2837,"Sort Space Type": "Memory"}],"Plans": [{"Node Type": "Hash Join","Parent Relationship": "Outer","Parallel Aware": true,"Async Capable": false,"Join Type": "Inner","Startup Cost": 6685.54,"Total Cost": 22232.04,"Plan Rows": 15146,"Plan Width": 40,"Actual Startup Time": 33.308,"Actual Total Time": 81.323,"Actual Rows": 23746,"Actual Loops": 5,"Inner Unique": true,"Hash Cond": "(partsupp.ps_partkey = part.p_partkey)","Workers": [],"Plans": [{"Node Type": "Index Only Scan","Parent Relationship": "Outer","Parallel Aware": true,"Async Capable": false,"Scan Direction": "Forward","Index Name": "partsupp_pkey","Relation Name": "partsupp","Alias": "partsupp","Startup Cost": 347.43,"Total Cost": 15631.43,"Plan Rows": 100000,"Plan Width": 8,"Actual Startup Time": 9.198,"Actual Total Time": 33.578,"Actual Rows": 159936,"Actual Loops": 5,"Filter": "(NOT (hashed SubPlan 1))","Rows Removed by Filter": 64,"Heap Fetches": 0,"Workers": [],"Plans": [{"Node Type": "Seq Scan","Parent Relationship": "SubPlan","Subplan Name": "SubPlan 1","Parallel Aware": false,"Async Capable": false,"Relation Name": "supplier","Alias": "supplier","Startup Cost": 0.00,"Total Cost": 347.00,"Plan Rows": 1,"Plan Width": 4,"Actual Startup Time": 0.403,"Actual Total Time": 9.062,"Actual Rows": 4,"Actual Loops": 5,"Filter": "((s_comment)::text ~~ '%Customer%Complaints%'::text)","Rows Removed by Filter": 9996,"Workers": []}]},{"Node Type": "Hash","Parent Relationship": "Inner","Parallel Aware": true,"Async Capable": false,"Startup Cost": 6180.33,"Total Cost": 6180.33,"Plan Rows": 12622,"Plan Width": 40,"Actual Startup Time": 23.787,"Actual Total Time": 23.792,"Actual Rows": 5939,"Actual Loops": 5,"Hash Buckets": 32768,"Original Hash Buckets": 32768,"Hash Batches": 1,"Original Hash Batches": 1,"Peak Memory Usage": 2528,"Workers": [],"Plans": [{"Node Type": "Seq Scan","Parent Relationship": "Outer","Parallel Aware": true,"Async Capable": false,"Relation Name": "part","Alias": "part","Startup Cost": 0.00,"Total Cost": 6180.33,"Plan Rows": 12622,"Plan Width": 40,"Actual Startup Time": 0.050,"Actual Total Time": 20.258,"Actual Rows": 5939,"Actual Loops": 5,"Filter": "((p_brand <> 'Brand#23'::bpchar) AND ((p_type)::text !~~ 'MEDIUM PLATED%'::text) AND (p_size = ANY ('{14,23,16,7,20,45,15,43}'::integer[])))","Rows Removed by Filter": 34061,"Workers": []}]}]}]}]}]}]},"Planning Time": 5.540,"Triggers": [],"Execution Time": 261.471}]
[{"Plan": {"Node Type": "Sort","Parallel Aware": false,"Async Capable": false,"Startup Cost": 33229.31,"Total Cost": 33269.27,"Plan Rows": 15984,"Plan Width": 44,"Actual Startup Time": 240.526,"Actual Total Time": 242.710,"Actual Rows": 18240,"Actual Loops": 1,"Sort Key": ["(count(DISTINCT partsupp.ps_suppkey)) DESC", "part.p_brand", "part.p_type", "part.p_size"],"Sort Method": "quicksort","Sort Space Used": 2335,"Sort Space Type": "Memory","Plans": [{"Node Type": "Aggregate","Strategy": "Sorted","Partial Mode": "Simple","Parent Relationship": "Outer","Parallel Aware": false,"Async Capable": false,"Startup Cost": 24256.41,"Total Cost": 32113.28,"Plan Rows": 15984,"Plan Width": 44,"Actual Startup Time": 133.389,"Actual Total Time": 202.036,"Actual Rows": 18240,"Actual Loops": 1,"Group Key": ["part.p_brand", "part.p_type", "part.p_size"],"Plans": [{"Node Type": "Gather Merge","Parent Relationship": "Outer","Parallel Aware": false,"Async Capable": false,"Startup Cost": 24256.41,"Total Cost": 31360.15,"Plan Rows": 59329,"Plan Width": 40,"Actual Startup Time": 133.327,"Actual Total Time": 173.623,"Actual Rows": 118518,"Actual Loops": 1,"Workers Planned": 4,"Workers Launched": 4,"Plans": [{"Node Type": "Sort","Parent Relationship": "Outer","Parallel Aware": false,"Async Capable": false,"Startup Cost": 23256.35,"Total Cost": 23293.43,"Plan Rows": 14832,"Plan Width": 40,"Actual Startup Time": 121.046,"Actual Total Time": 123.660,"Actual Rows": 23704,"Actual Loops": 5,"Sort Key": ["part.p_brand", "part.p_type", "part.p_size"],"Sort Method": "quicksort","Sort Space Used": 2406,"Sort Space Type": "Memory","Workers": [{"Worker Number": 0,"Sort Method": "quicksort","Sort Space Used": 2941,"Sort Space Type": "Memory"},{"Worker Number": 1,"Sort Method": "quicksort","Sort Space Used": 2923,"Sort Space Type": "Memory"},{"Worker Number": 2,"Sort Method": "quicksort","Sort Space Used": 2395,"Sort Space Type": "Memory"},{"Worker Number": 3,"Sort Method": "quicksort","Sort Space Used": 2921,"Sort Space Type": "Memory"}],"Plans": [{"Node Type": "Hash Join","Parent Relationship": "Outer","Parallel Aware": true,"Async Capable": false,"Join Type": "Inner","Startup Cost": 6682.26,"Total Cost": 22228.76,"Plan Rows": 14832,"Plan Width": 40,"Actual Startup Time": 29.111,"Actual Total Time": 79.534,"Actual Rows": 23704,"Actual Loops": 5,"Inner Unique": true,"Hash Cond": "(partsupp.ps_partkey = part.p_partkey)","Workers": [],"Plans": [{"Node Type": "Index Only Scan","Parent Relationship": "Outer","Parallel Aware": true,"Async Capable": false,"Scan Direction": "Forward","Index Name": "partsupp_pkey","Relation Name": "partsupp","Alias": "partsupp","Startup Cost": 347.43,"Total Cost": 15631.43,"Plan Rows": 100000,"Plan Width": 8,"Actual Startup Time": 7.285,"Actual Total Time": 32.497,"Actual Rows": 159936,"Actual Loops": 5,"Filter": "(NOT (hashed SubPlan 1))","Rows Removed by Filter": 64,"Heap Fetches": 0,"Workers": [],"Plans": [{"Node Type": "Seq Scan","Parent Relationship": "SubPlan","Subplan Name": "SubPlan 1","Parallel Aware": false,"Async Capable": false,"Relation Name": "supplier","Alias": "supplier","Startup Cost": 0.00,"Total Cost": 347.00,"Plan Rows": 1,"Plan Width": 4,"Actual Startup Time": 0.129,"Actual Total Time": 7.138,"Actual Rows": 4,"Actual Loops": 5,"Filter": "((s_comment)::text ~~ '%Customer%Complaints%'::text)","Rows Removed by Filter": 9996,"Workers": []}]},{"Node Type": "Hash","Parent Relationship": "Inner","Parallel Aware": true,"Async Capable": false,"Startup Cost": 6180.33,"Total Cost": 6180.33,"Plan Rows": 12360,"Plan Width": 40,"Actual Startup Time": 21.532,"Actual Total Time": 21.536,"Actual Rows": 5928,"Actual Loops": 5,"Hash Buckets": 32768,"Original Hash Buckets": 32768,"Hash Batches": 1,"Original Hash Batches": 1,"Peak Memory Usage": 2560,"Workers": [],"Plans": [{"Node Type": "Seq Scan","Parent Relationship": "Outer","Parallel Aware": true,"Async Capable": false,"Relation Name": "part","Alias": "part","Startup Cost": 0.00,"Total Cost": 6180.33,"Plan Rows": 12360,"Plan Width": 40,"Actual Startup Time": 0.050,"Actual Total Time": 18.196,"Actual Rows": 5928,"Actual Loops": 5,"Filter": "((p_brand <> 'Brand#54'::bpchar) AND ((p_type)::text !~~ 'ECONOMY POLISHED%'::text) AND (p_size = ANY ('{23,40,20,25,13,33,49,14}'::integer[])))","Rows Removed by Filter": 34072,"Workers": []}]}]}]}]}]}]},"Planning Time": 5.269,"Triggers": [],"Execution Time": 244.060}]
[{"Plan": {"Node Type": "Sort","Parallel Aware": false,"Async Capable": false,"Startup Cost": 33208.02,"Total Cost": 33247.94,"Plan Rows": 15969,"Plan Width": 44,"Actual Startup Time": 235.010,"Actual Total Time": 236.762,"Actual Rows": 18190,"Actual Loops": 1,"Sort Key": ["(count(DISTINCT partsupp.ps_suppkey)) DESC", "part.p_brand", "part.p_type", "part.p_size"],"Sort Method": "quicksort","Sort Space Used": 2331,"Sort Space Type": "Memory","Plans": [{"Node Type": "Aggregate","Strategy": "Sorted","Partial Mode": "Simple","Parent Relationship": "Outer","Parallel Aware": false,"Async Capable": false,"Startup Cost": 24253.55,"Total Cost": 32093.14,"Plan Rows": 15969,"Plan Width": 44,"Actual Startup Time": 130.531,"Actual Total Time": 196.653,"Actual Rows": 18190,"Actual Loops": 1,"Group Key": ["part.p_brand", "part.p_type", "part.p_size"],"Plans": [{"Node Type": "Gather Merge","Parent Relationship": "Outer","Parallel Aware": false,"Async Capable": false,"Startup Cost": 24253.55,"Total Cost": 31341.48,"Plan Rows": 59197,"Plan Width": 40,"Actual Startup Time": 130.465,"Actual Total Time": 169.299,"Actual Rows": 118156,"Actual Loops": 1,"Workers Planned": 4,"Workers Launched": 4,"Plans": [{"Node Type": "Sort","Parent Relationship": "Outer","Parallel Aware": false,"Async Capable": false,"Startup Cost": 23253.49,"Total Cost": 23290.49,"Plan Rows": 14799,"Plan Width": 40,"Actual Startup Time": 122.523,"Actual Total Time": 125.110,"Actual Rows": 23631,"Actual Loops": 5,"Sort Key": ["part.p_brand", "part.p_type", "part.p_size"],"Sort Method": "quicksort","Sort Space Used": 2710,"Sort Space Type": "Memory","Workers": [{"Worker Number": 0,"Sort Method": "quicksort","Sort Space Used": 2728,"Sort Space Type": "Memory"},{"Worker Number": 1,"Sort Method": "quicksort","Sort Space Used": 2692,"Sort Space Type": "Memory"},{"Worker Number": 2,"Sort Method": "quicksort","Sort Space Used": 2725,"Sort Space Type": "Memory"},{"Worker Number": 3,"Sort Method": "quicksort","Sort Space Used": 2727,"Sort Space Type": "Memory"}],"Plans": [{"Node Type": "Hash Join","Parent Relationship": "Outer","Parallel Aware": true,"Async Capable": false,"Join Type": "Inner","Startup Cost": 6681.92,"Total Cost": 22228.42,"Plan Rows": 14799,"Plan Width": 40,"Actual Startup Time": 29.762,"Actual Total Time": 80.801,"Actual Rows": 23631,"Actual Loops": 5,"Inner Unique": true,"Hash Cond": "(partsupp.ps_partkey = part.p_partkey)","Workers": [],"Plans": [{"Node Type": "Index Only Scan","Parent Relationship": "Outer","Parallel Aware": true,"Async Capable": false,"Scan Direction": "Forward","Index Name": "partsupp_pkey","Relation Name": "partsupp","Alias": "partsupp","Startup Cost": 347.43,"Total Cost": 15631.43,"Plan Rows": 100000,"Plan Width": 8,"Actual Startup Time": 6.177,"Actual Total Time": 31.531,"Actual Rows": 159936,"Actual Loops": 5,"Filter": "(NOT (hashed SubPlan 1))","Rows Removed by Filter": 64,"Heap Fetches": 0,"Workers": [],"Plans": [{"Node Type": "Seq Scan","Parent Relationship": "SubPlan","Subplan Name": "SubPlan 1","Parallel Aware": false,"Async Capable": false,"Relation Name": "supplier","Alias": "supplier","Startup Cost": 0.00,"Total Cost": 347.00,"Plan Rows": 1,"Plan Width": 4,"Actual Startup Time": 0.187,"Actual Total Time": 6.021,"Actual Rows": 4,"Actual Loops": 5,"Filter": "((s_comment)::text ~~ '%Customer%Complaints%'::text)","Rows Removed by Filter": 9996,"Workers": []}]},{"Node Type": "Hash","Parent Relationship": "Inner","Parallel Aware": true,"Async Capable": false,"Startup Cost": 6180.33,"Total Cost": 6180.33,"Plan Rows": 12333,"Plan Width": 40,"Actual Startup Time": 23.307,"Actual Total Time": 23.311,"Actual Rows": 5910,"Actual Loops": 5,"Hash Buckets": 32768,"Original Hash Buckets": 32768,"Hash Batches": 1,"Original Hash Batches": 1,"Peak Memory Usage": 2560,"Workers": [],"Plans": [{"Node Type": "Seq Scan","Parent Relationship": "Outer","Parallel Aware": true,"Async Capable": false,"Relation Name": "part","Alias": "part","Startup Cost": 0.00,"Total Cost": 6180.33,"Plan Rows": 12333,"Plan Width": 40,"Actual Startup Time": 0.059,"Actual Total Time": 19.264,"Actual Rows": 5910,"Actual Loops": 5,"Filter": "((p_brand <> 'Brand#55'::bpchar) AND ((p_type)::text !~~ 'SMALL BRUSHED%'::text) AND (p_size = ANY ('{50,25,38,37,6,45,8,10}'::integer[])))","Rows Removed by Filter": 34090,"Workers": []}]}]}]}]}]}]},"Planning Time": 3.872,"Triggers": [],"Execution Time": 237.630}]
[{"Plan": {"Node Type": "Sort","Parallel Aware": false,"Async Capable": false,"Startup Cost": 33229.05,"Total Cost": 33269.01,"Plan Rows": 15984,"Plan Width": 44,"Actual Startup Time": 237.976,"Actual Total Time": 239.942,"Actual Rows": 18195,"Actual Loops": 1,"Sort Key": ["(count(DISTINCT partsupp.ps_suppkey)) DESC", "part.p_brand", "part.p_type", "part.p_size"],"Sort Method": "quicksort","Sort Space Used": 2331,"Sort Space Type": "Memory","Plans": [{"Node Type": "Aggregate","Strategy": "Sorted","Partial Mode": "Simple","Parent Relationship": "Outer","Parallel Aware": false,"Async Capable": false,"Startup Cost": 24256.41,"Total Cost": 32113.02,"Plan Rows": 15984,"Plan Width": 44,"Actual Startup Time": 133.510,"Actual Total Time": 199.321,"Actual Rows": 18195,"Actual Loops": 1,"Group Key": ["part.p_brand", "part.p_type", "part.p_size"],"Plans": [{"Node Type": "Gather Merge","Parent Relationship": "Outer","Parallel Aware": false,"Async Capable": false,"Startup Cost": 24256.41,"Total Cost": 31359.91,"Plan Rows": 59327,"Plan Width": 40,"Actual Startup Time": 133.415,"Actual Total Time": 171.789,"Actual Rows": 119051,"Actual Loops": 1,"Workers Planned": 4,"Workers Launched": 4,"Plans": [{"Node Type": "Sort","Parent Relationship": "Outer","Parallel Aware": false,"Async Capable": false,"Startup Cost": 23256.35,"Total Cost": 23293.43,"Plan Rows": 14832,"Plan Width": 40,"Actual Startup Time": 123.544,"Actual Total Time": 125.837,"Actual Rows": 23810,"Actual Loops": 5,"Sort Key": ["part.p_brand", "part.p_type", "part.p_size"],"Sort Method": "quicksort","Sort Space Used": 2838,"Sort Space Type": "Memory","Workers": [{"Worker Number": 0,"Sort Method": "quicksort","Sort Space Used": 2829,"Sort Space Type": "Memory"},{"Worker Number": 1,"Sort Method": "quicksort","Sort Space Used": 2846,"Sort Space Type": "Memory"},{"Worker Number": 2,"Sort Method": "quicksort","Sort Space Used": 2548,"Sort Space Type": "Memory"},{"Worker Number": 3,"Sort Method": "quicksort","Sort Space Used": 2566,"Sort Space Type": "Memory"}],"Plans": [{"Node Type": "Hash Join","Parent Relationship": "Outer","Parallel Aware": true,"Async Capable": false,"Join Type": "Inner","Startup Cost": 6682.26,"Total Cost": 22228.76,"Plan Rows": 14832,"Plan Width": 40,"Actual Startup Time": 30.985,"Actual Total Time": 82.058,"Actual Rows": 23810,"Actual Loops": 5,"Inner Unique": true,"Hash Cond": "(partsupp.ps_partkey = part.p_partkey)","Workers": [],"Plans": [{"Node Type": "Index Only Scan","Parent Relationship": "Outer","Parallel Aware": true,"Async Capable": false,"Scan Direction": "Forward","Index Name": "partsupp_pkey","Relation Name": "partsupp","Alias": "partsupp","Startup Cost": 347.43,"Total Cost": 15631.43,"Plan Rows": 100000,"Plan Width": 8,"Actual Startup Time": 7.860,"Actual Total Time": 32.911,"Actual Rows": 159936,"Actual Loops": 5,"Filter": "(NOT (hashed SubPlan 1))","Rows Removed by Filter": 64,"Heap Fetches": 0,"Workers": [],"Plans": [{"Node Type": "Seq Scan","Parent Relationship": "SubPlan","Subplan Name": "SubPlan 1","Parallel Aware": false,"Async Capable": false,"Relation Name": "supplier","Alias": "supplier","Startup Cost": 0.00,"Total Cost": 347.00,"Plan Rows": 1,"Plan Width": 4,"Actual Startup Time": 0.263,"Actual Total Time": 7.701,"Actual Rows": 4,"Actual Loops": 5,"Filter": "((s_comment)::text ~~ '%Customer%Complaints%'::text)","Rows Removed by Filter": 9996,"Workers": []}]},{"Node Type": "Hash","Parent Relationship": "Inner","Parallel Aware": true,"Async Capable": false,"Startup Cost": 6180.33,"Total Cost": 6180.33,"Plan Rows": 12360,"Plan Width": 40,"Actual Startup Time": 22.859,"Actual Total Time": 22.863,"Actual Rows": 5955,"Actual Loops": 5,"Hash Buckets": 32768,"Original Hash Buckets": 32768,"Hash Batches": 1,"Original Hash Batches": 1,"Peak Memory Usage": 2560,"Workers": [],"Plans": [{"Node Type": "Seq Scan","Parent Relationship": "Outer","Parallel Aware": true,"Async Capable": false,"Relation Name": "part","Alias": "part","Startup Cost": 0.00,"Total Cost": 6180.33,"Plan Rows": 12360,"Plan Width": 40,"Actual Startup Time": 0.054,"Actual Total Time": 19.019,"Actual Rows": 5955,"Actual Loops": 5,"Filter": "((p_brand <> 'Brand#41'::bpchar) AND ((p_type)::text !~~ 'LARGE BURNISHED%'::text) AND (p_size = ANY ('{35,36,29,33,30,15,6,26}'::integer[])))","Rows Removed by Filter": 34045,"Workers": []}]}]}]}]}]}]},"Planning Time": 4.557,"Triggers": [],"Execution Time": 240.945}]
[{"Plan": {"Node Type": "Sort","Parallel Aware": false,"Async Capable": false,"Startup Cost": 33181.78,"Total Cost": 33221.65,"Plan Rows": 15949,"Plan Width": 44,"Actual Startup Time": 234.160,"Actual Total Time": 236.273,"Actual Rows": 18184,"Actual Loops": 1,"Sort Key": ["(count(DISTINCT partsupp.ps_suppkey)) DESC", "part.p_brand", "part.p_type", "part.p_size"],"Sort Method": "quicksort","Sort Space Used": 2330,"Sort Space Type": "Memory","Plans": [{"Node Type": "Aggregate","Strategy": "Sorted","Partial Mode": "Simple","Parent Relationship": "Outer","Parallel Aware": false,"Async Capable": false,"Startup Cost": 24250.07,"Total Cost": 32068.44,"Plan Rows": 15949,"Plan Width": 44,"Actual Startup Time": 130.993,"Actual Total Time": 196.632,"Actual Rows": 18184,"Actual Loops": 1,"Group Key": ["part.p_brand", "part.p_type", "part.p_size"],"Plans": [{"Node Type": "Gather Merge","Parent Relationship": "Outer","Parallel Aware": false,"Async Capable": false,"Startup Cost": 24250.07,"Total Cost": 31318.60,"Plan Rows": 59035,"Plan Width": 40,"Actual Startup Time": 130.901,"Actual Total Time": 169.353,"Actual Rows": 117523,"Actual Loops": 1,"Workers Planned": 4,"Workers Launched": 4,"Plans": [{"Node Type": "Sort","Parent Relationship": "Outer","Parallel Aware": false,"Async Capable": false,"Startup Cost": 23250.01,"Total Cost": 23286.91,"Plan Rows": 14759,"Plan Width": 40,"Actual Startup Time": 121.694,"Actual Total Time": 124.203,"Actual Rows": 23505,"Actual Loops": 5,"Sort Key": ["part.p_brand", "part.p_type", "part.p_size"],"Sort Method": "quicksort","Sort Space Used": 2618,"Sort Space Type": "Memory","Workers": [{"Worker Number": 0,"Sort Method": "quicksort","Sort Space Used": 2741,"Sort Space Type": "Memory"},{"Worker Number": 1,"Sort Method": "quicksort","Sort Space Used": 2744,"Sort Space Type": "Memory"},{"Worker Number": 2,"Sort Method": "quicksort","Sort Space Used": 2643,"Sort Space Type": "Memory"},{"Worker Number": 3,"Sort Method": "quicksort","Sort Space Used": 2760,"Sort Space Type": "Memory"}],"Plans": [{"Node Type": "Hash Join","Parent Relationship": "Outer","Parallel Aware": true,"Async Capable": false,"Join Type": "Inner","Startup Cost": 6681.50,"Total Cost": 22228.00,"Plan Rows": 14759,"Plan Width": 40,"Actual Startup Time": 30.190,"Actual Total Time": 80.523,"Actual Rows": 23505,"Actual Loops": 5,"Inner Unique": true,"Hash Cond": "(partsupp.ps_partkey = part.p_partkey)","Workers": [],"Plans": [{"Node Type": "Index Only Scan","Parent Relationship": "Outer","Parallel Aware": true,"Async Capable": false,"Scan Direction": "Forward","Index Name": "partsupp_pkey","Relation Name": "partsupp","Alias": "partsupp","Startup Cost": 347.43,"Total Cost": 15631.43,"Plan Rows": 100000,"Plan Width": 8,"Actual Startup Time": 7.339,"Actual Total Time": 32.223,"Actual Rows": 159936,"Actual Loops": 5,"Filter": "(NOT (hashed SubPlan 1))","Rows Removed by Filter": 64,"Heap Fetches": 0,"Workers": [],"Plans": [{"Node Type": "Seq Scan","Parent Relationship": "SubPlan","Subplan Name": "SubPlan 1","Parallel Aware": false,"Async Capable": false,"Relation Name": "supplier","Alias": "supplier","Startup Cost": 0.00,"Total Cost": 347.00,"Plan Rows": 1,"Plan Width": 4,"Actual Startup Time": 0.151,"Actual Total Time": 7.180,"Actual Rows": 4,"Actual Loops": 5,"Filter": "((s_comment)::text ~~ '%Customer%Complaints%'::text)","Rows Removed by Filter": 9996,"Workers": []}]},{"Node Type": "Hash","Parent Relationship": "Inner","Parallel Aware": true,"Async Capable": false,"Startup Cost": 6180.33,"Total Cost": 6180.33,"Plan Rows": 12299,"Plan Width": 40,"Actual Startup Time": 22.547,"Actual Total Time": 22.550,"Actual Rows": 5878,"Actual Loops": 5,"Hash Buckets": 32768,"Original Hash Buckets": 32768,"Hash Batches": 1,"Original Hash Batches": 1,"Peak Memory Usage": 2560,"Workers": [],"Plans": [{"Node Type": "Seq Scan","Parent Relationship": "Outer","Parallel Aware": true,"Async Capable": false,"Relation Name": "part","Alias": "part","Startup Cost": 0.00,"Total Cost": 6180.33,"Plan Rows": 12299,"Plan Width": 40,"Actual Startup Time": 0.055,"Actual Total Time": 19.018,"Actual Rows": 5878,"Actual Loops": 5,"Filter": "((p_brand <> 'Brand#33'::bpchar) AND ((p_type)::text !~~ 'MEDIUM BURNISHED%'::text) AND (p_size = ANY ('{16,37,46,31,23,49,38,43}'::integer[])))","Rows Removed by Filter": 34122,"Workers": []}]}]}]}]}]}]},"Planning Time": 4.286,"Triggers": [],"Execution Time": 237.822}]
[{"Plan": {"Node Type": "Sort","Parallel Aware": false,"Async Capable": false,"Startup Cost": 33527.34,"Total Cost": 33567.83,"Plan Rows": 16196,"Plan Width": 44,"Actual Startup Time": 232.719,"Actual Total Time": 234.453,"Actual Rows": 18235,"Actual Loops": 1,"Sort Key": ["(count(DISTINCT partsupp.ps_suppkey)) DESC", "part.p_brand", "part.p_type", "part.p_size"],"Sort Method": "quicksort","Sort Space Used": 2335,"Sort Space Type": "Memory","Plans": [{"Node Type": "Aggregate","Strategy": "Sorted","Partial Mode": "Simple","Parent Relationship": "Outer","Parallel Aware": false,"Async Capable": false,"Startup Cost": 24296.62,"Total Cost": 32394.96,"Plan Rows": 16196,"Plan Width": 44,"Actual Startup Time": 130.271,"Actual Total Time": 195.210,"Actual Rows": 18235,"Actual Loops": 1,"Group Key": ["part.p_brand", "part.p_type", "part.p_size"],"Plans": [{"Node Type": "Gather Merge","Parent Relationship": "Outer","Parallel Aware": false,"Async Capable": false,"Startup Cost": 24296.62,"Total Cost": 31621.26,"Plan Rows": 61174,"Plan Width": 40,"Actual Startup Time": 130.198,"Actual Total Time": 167.897,"Actual Rows": 118158,"Actual Loops": 1,"Workers Planned": 4,"Workers Launched": 4,"Plans": [{"Node Type": "Sort","Parent Relationship": "Outer","Parallel Aware": false,"Async Capable": false,"Startup Cost": 23296.56,"Total Cost": 23334.79,"Plan Rows": 15294,"Plan Width": 40,"Actual Startup Time": 121.231,"Actual Total Time": 123.516,"Actual Rows": 23632,"Actual Loops": 5,"Sort Key": ["part.p_brand", "part.p_type", "part.p_size"],"Sort Method": "quicksort","Sort Space Used": 2664,"Sort Space Type": "Memory","Workers": [{"Worker Number": 0,"Sort Method": "quicksort","Sort Space Used": 2651,"Sort Space Type": "Memory"},{"Worker Number": 1,"Sort Method": "quicksort","Sort Space Used": 2806,"Sort Space Type": "Memory"},{"Worker Number": 2,"Sort Method": "quicksort","Sort Space Used": 2631,"Sort Space Type": "Memory"},{"Worker Number": 3,"Sort Method": "quicksort","Sort Space Used": 2797,"Sort Space Type": "Memory"}],"Plans": [{"Node Type": "Hash Join","Parent Relationship": "Outer","Parallel Aware": true,"Async Capable": false,"Join Type": "Inner","Startup Cost": 6687.07,"Total Cost": 22233.57,"Plan Rows": 15294,"Plan Width": 40,"Actual Startup Time": 31.400,"Actual Total Time": 79.967,"Actual Rows": 23632,"Actual Loops": 5,"Inner Unique": true,"Hash Cond": "(partsupp.ps_partkey = part.p_partkey)","Workers": [],"Plans": [{"Node Type": "Index Only Scan","Parent Relationship": "Outer","Parallel Aware": true,"Async Capable": false,"Scan Direction": "Forward","Index Name": "partsupp_pkey","Relation Name": "partsupp","Alias": "partsupp","Startup Cost": 347.43,"Total Cost": 15631.43,"Plan Rows": 100000,"Plan Width": 8,"Actual Startup Time": 7.687,"Actual Total Time": 32.692,"Actual Rows": 159936,"Actual Loops": 5,"Filter": "(NOT (hashed SubPlan 1))","Rows Removed by Filter": 64,"Heap Fetches": 0,"Workers": [],"Plans": [{"Node Type": "Seq Scan","Parent Relationship": "SubPlan","Subplan Name": "SubPlan 1","Parallel Aware": false,"Async Capable": false,"Relation Name": "supplier","Alias": "supplier","Startup Cost": 0.00,"Total Cost": 347.00,"Plan Rows": 1,"Plan Width": 4,"Actual Startup Time": 0.179,"Actual Total Time": 7.537,"Actual Rows": 4,"Actual Loops": 5,"Filter": "((s_comment)::text ~~ '%Customer%Complaints%'::text)","Rows Removed by Filter": 9996,"Workers": []}]},{"Node Type": "Hash","Parent Relationship": "Inner","Parallel Aware": true,"Async Capable": false,"Startup Cost": 6180.33,"Total Cost": 6180.33,"Plan Rows": 12745,"Plan Width": 40,"Actual Startup Time": 23.453,"Actual Total Time": 23.458,"Actual Rows": 5911,"Actual Loops": 5,"Hash Buckets": 32768,"Original Hash Buckets": 32768,"Hash Batches": 1,"Original Hash Batches": 1,"Peak Memory Usage": 2528,"Workers": [],"Plans": [{"Node Type": "Seq Scan","Parent Relationship": "Outer","Parallel Aware": true,"Async Capable": false,"Relation Name": "part","Alias": "part","Startup Cost": 0.00,"Total Cost": 6180.33,"Plan Rows": 12745,"Plan Width": 40,"Actual Startup Time": 0.045,"Actual Total Time": 19.497,"Actual Rows": 5911,"Actual Loops": 5,"Filter": "((p_brand <> 'Brand#21'::bpchar) AND ((p_type)::text !~~ 'ECONOMY BURNISHED%'::text) AND (p_size = ANY ('{31,28,2,3,26,1,20,45}'::integer[])))","Rows Removed by Filter": 34089,"Workers": []}]}]}]}]}]}]},"Planning Time": 4.420,"Triggers": [],"Execution Time": 235.387}]
[{"Plan": {"Node Type": "Sort","Parallel Aware": false,"Async Capable": false,"Startup Cost": 33368.15,"Total Cost": 33408.36,"Plan Rows": 16084,"Plan Width": 44,"Actual Startup Time": 240.860,"Actual Total Time": 242.426,"Actual Rows": 18255,"Actual Loops": 1,"Sort Key": ["(count(DISTINCT partsupp.ps_suppkey)) DESC", "part.p_brand", "part.p_type", "part.p_size"],"Sort Method": "quicksort","Sort Space Used": 2336,"Sort Space Type": "Memory","Plans": [{"Node Type": "Aggregate","Strategy": "Sorted","Partial Mode": "Simple","Parent Relationship": "Outer","Parallel Aware": false,"Async Capable": false,"Startup Cost": 24275.11,"Total Cost": 32244.42,"Plan Rows": 16084,"Plan Width": 44,"Actual Startup Time": 134.443,"Actual Total Time": 202.663,"Actual Rows": 18255,"Actual Loops": 1,"Group Key": ["part.p_brand", "part.p_type", "part.p_size"],"Plans": [{"Node Type": "Gather Merge","Parent Relationship": "Outer","Parallel Aware": false,"Async Capable": false,"Startup Cost": 24275.11,"Total Cost": 31481.70,"Plan Rows": 60188,"Plan Width": 40,"Actual Startup Time": 134.371,"Actual Total Time": 174.029,"Actual Rows": 118678,"Actual Loops": 1,"Workers Planned": 4,"Workers Launched": 4,"Plans": [{"Node Type": "Sort","Parent Relationship": "Outer","Parallel Aware": false,"Async Capable": false,"Startup Cost": 23275.05,"Total Cost": 23312.67,"Plan Rows": 15047,"Plan Width": 40,"Actual Startup Time": 122.029,"Actual Total Time": 124.733,"Actual Rows": 23736,"Actual Loops": 5,"Sort Key": ["part.p_brand", "part.p_type", "part.p_size"],"Sort Method": "quicksort","Sort Space Used": 2431,"Sort Space Type": "Memory","Workers": [{"Worker Number": 0,"Sort Method": "quicksort","Sort Space Used": 2942,"Sort Space Type": "Memory"},{"Worker Number": 1,"Sort Method": "quicksort","Sort Space Used": 2442,"Sort Space Type": "Memory"},{"Worker Number": 2,"Sort Method": "quicksort","Sort Space Used": 2879,"Sort Space Type": "Memory"},{"Worker Number": 3,"Sort Method": "quicksort","Sort Space Used": 2909,"Sort Space Type": "Memory"}],"Plans": [{"Node Type": "Hash Join","Parent Relationship": "Outer","Parallel Aware": true,"Async Capable": false,"Join Type": "Inner","Startup Cost": 6684.50,"Total Cost": 22231.00,"Plan Rows": 15047,"Plan Width": 40,"Actual Startup Time": 30.790,"Actual Total Time": 80.341,"Actual Rows": 23736,"Actual Loops": 5,"Inner Unique": true,"Hash Cond": "(partsupp.ps_partkey = part.p_partkey)","Workers": [],"Plans": [{"Node Type": "Index Only Scan","Parent Relationship": "Outer","Parallel Aware": true,"Async Capable": false,"Scan Direction": "Forward","Index Name": "partsupp_pkey","Relation Name": "partsupp","Alias": "partsupp","Startup Cost": 347.43,"Total Cost": 15631.43,"Plan Rows": 100000,"Plan Width": 8,"Actual Startup Time": 7.432,"Actual Total Time": 32.473,"Actual Rows": 159936,"Actual Loops": 5,"Filter": "(NOT (hashed SubPlan 1))","Rows Removed by Filter": 64,"Heap Fetches": 0,"Workers": [],"Plans": [{"Node Type": "Seq Scan","Parent Relationship": "SubPlan","Subplan Name": "SubPlan 1","Parallel Aware": false,"Async Capable": false,"Relation Name": "supplier","Alias": "supplier","Startup Cost": 0.00,"Total Cost": 347.00,"Plan Rows": 1,"Plan Width": 4,"Actual Startup Time": 0.203,"Actual Total Time": 7.278,"Actual Rows": 4,"Actual Loops": 5,"Filter": "((s_comment)::text ~~ '%Customer%Complaints%'::text)","Rows Removed by Filter": 9996,"Workers": []}]},{"Node Type": "Hash","Parent Relationship": "Inner","Parallel Aware": true,"Async Capable": false,"Startup Cost": 6180.33,"Total Cost": 6180.33,"Plan Rows": 12539,"Plan Width": 40,"Actual Startup Time": 23.048,"Actual Total Time": 23.052,"Actual Rows": 5937,"Actual Loops": 5,"Hash Buckets": 32768,"Original Hash Buckets": 32768,"Hash Batches": 1,"Original Hash Batches": 1,"Peak Memory Usage": 2560,"Workers": [],"Plans": [{"Node Type": "Seq Scan","Parent Relationship": "Outer","Parallel Aware": true,"Async Capable": false,"Relation Name": "part","Alias": "part","Startup Cost": 0.00,"Total Cost": 6180.33,"Plan Rows": 12539,"Plan Width": 40,"Actual Startup Time": 0.057,"Actual Total Time": 19.127,"Actual Rows": 5937,"Actual Loops": 5,"Filter": "((p_brand <> 'Brand#23'::bpchar) AND ((p_type)::text !~~ 'PROMO BURNISHED%'::text) AND (p_size = ANY ('{34,37,30,27,44,46,41,23}'::integer[])))","Rows Removed by Filter": 34063,"Workers": []}]}]}]}]}]}]},"Planning Time": 4.008,"Triggers": [],"Execution Time": 243.307}]
[{"Plan": {"Node Type": "Sort","Parallel Aware": false,"Async Capable": false,"Startup Cost": 33214.16,"Total Cost": 33254.09,"Plan Rows": 15973,"Plan Width": 44,"Actual Startup Time": 271.107,"Actual Total Time": 273.589,"Actual Rows": 18289,"Actual Loops": 1,"Sort Key": ["(count(DISTINCT partsupp.ps_suppkey)) DESC", "part.p_brand", "part.p_type", "part.p_size"],"Sort Method": "quicksort","Sort Space Used": 2339,"Sort Space Type": "Memory","Plans": [{"Node Type": "Aggregate","Strategy": "Sorted","Partial Mode": "Simple","Parent Relationship": "Outer","Parallel Aware": false,"Async Capable": false,"Startup Cost": 24254.41,"Total Cost": 32098.98,"Plan Rows": 15973,"Plan Width": 44,"Actual Startup Time": 159.377,"Actual Total Time": 233.117,"Actual Rows": 18289,"Actual Loops": 1,"Group Key": ["part.p_brand", "part.p_type", "part.p_size"],"Plans": [{"Node Type": "Gather Merge","Parent Relationship": "Outer","Parallel Aware": false,"Async Capable": false,"Startup Cost": 24254.41,"Total Cost": 31346.90,"Plan Rows": 59235,"Plan Width": 40,"Actual Startup Time": 159.306,"Actual Total Time": 202.305,"Actual Rows": 119456,"Actual Loops": 1,"Workers Planned": 4,"Workers Launched": 4,"Plans": [{"Node Type": "Sort","Parent Relationship": "Outer","Parallel Aware": false,"Async Capable": false,"Startup Cost": 23254.36,"Total Cost": 23291.38,"Plan Rows": 14809,"Plan Width": 40,"Actual Startup Time": 132.700,"Actual Total Time": 137.298,"Actual Rows": 23891,"Actual Loops": 5,"Sort Key": ["part.p_brand", "part.p_type", "part.p_size"],"Sort Method": "quicksort","Sort Space Used": 1638,"Sort Space Type": "Memory","Workers": [{"Worker Number": 0,"Sort Method": "quicksort","Sort Space Used": 2939,"Sort Space Type": "Memory"},{"Worker Number": 1,"Sort Method": "quicksort","Sort Space Used": 2932,"Sort Space Type": "Memory"},{"Worker Number": 2,"Sort Method": "quicksort","Sort Space Used": 2819,"Sort Space Type": "Memory"},{"Worker Number": 3,"Sort Method": "quicksort","Sort Space Used": 2951,"Sort Space Type": "Memory"}],"Plans": [{"Node Type": "Hash Join","Parent Relationship": "Outer","Parallel Aware": true,"Async Capable": false,"Join Type": "Inner","Startup Cost": 6682.02,"Total Cost": 22228.52,"Plan Rows": 14809,"Plan Width": 40,"Actual Startup Time": 33.418,"Actual Total Time": 82.982,"Actual Rows": 23891,"Actual Loops": 5,"Inner Unique": true,"Hash Cond": "(partsupp.ps_partkey = part.p_partkey)","Workers": [],"Plans": [{"Node Type": "Index Only Scan","Parent Relationship": "Outer","Parallel Aware": true,"Async Capable": false,"Scan Direction": "Forward","Index Name": "partsupp_pkey","Relation Name": "partsupp","Alias": "partsupp","Startup Cost": 347.43,"Total Cost": 15631.43,"Plan Rows": 100000,"Plan Width": 8,"Actual Startup Time": 9.185,"Actual Total Time": 34.318,"Actual Rows": 159936,"Actual Loops": 5,"Filter": "(NOT (hashed SubPlan 1))","Rows Removed by Filter": 64,"Heap Fetches": 0,"Workers": [],"Plans": [{"Node Type": "Seq Scan","Parent Relationship": "SubPlan","Subplan Name": "SubPlan 1","Parallel Aware": false,"Async Capable": false,"Relation Name": "supplier","Alias": "supplier","Startup Cost": 0.00,"Total Cost": 347.00,"Plan Rows": 1,"Plan Width": 4,"Actual Startup Time": 0.298,"Actual Total Time": 9.040,"Actual Rows": 4,"Actual Loops": 5,"Filter": "((s_comment)::text ~~ '%Customer%Complaints%'::text)","Rows Removed by Filter": 9996,"Workers": []}]},{"Node Type": "Hash","Parent Relationship": "Inner","Parallel Aware": true,"Async Capable": false,"Startup Cost": 6180.33,"Total Cost": 6180.33,"Plan Rows": 12341,"Plan Width": 40,"Actual Startup Time": 23.925,"Actual Total Time": 23.931,"Actual Rows": 5976,"Actual Loops": 5,"Hash Buckets": 32768,"Original Hash Buckets": 32768,"Hash Batches": 1,"Original Hash Batches": 1,"Peak Memory Usage": 2528,"Workers": [],"Plans": [{"Node Type": "Seq Scan","Parent Relationship": "Outer","Parallel Aware": true,"Async Capable": false,"Relation Name": "part","Alias": "part","Startup Cost": 0.00,"Total Cost": 6180.33,"Plan Rows": 12341,"Plan Width": 40,"Actual Startup Time": 0.057,"Actual Total Time": 20.444,"Actual Rows": 5976,"Actual Loops": 5,"Filter": "((p_brand <> 'Brand#55'::bpchar) AND ((p_type)::text !~~ 'STANDARD PLATED%'::text) AND (p_size = ANY ('{31,48,23,7,29,42,35,30}'::integer[])))","Rows Removed by Filter": 34024,"Workers": []}]}]}]}]}]}]},"Planning Time": 4.933,"Triggers": [],"Execution Time": 275.150}]
[{"Plan": {"Node Type": "Sort","Parallel Aware": false,"Async Capable": false,"Startup Cost": 33137.92,"Total Cost": 33177.71,"Plan Rows": 15917,"Plan Width": 44,"Actual Startup Time": 234.703,"Actual Total Time": 236.590,"Actual Rows": 18359,"Actual Loops": 1,"Sort Key": ["(count(DISTINCT partsupp.ps_suppkey)) DESC", "part.p_brand", "part.p_type", "part.p_size"],"Sort Method": "quicksort","Sort Space Used": 2345,"Sort Space Type": "Memory","Plans": [{"Node Type": "Aggregate","Strategy": "Sorted","Partial Mode": "Simple","Parent Relationship": "Outer","Parallel Aware": false,"Async Capable": false,"Startup Cost": 24244.16,"Total Cost": 32027.05,"Plan Rows": 15917,"Plan Width": 44,"Actual Startup Time": 130.861,"Actual Total Time": 197.925,"Actual Rows": 18359,"Actual Loops": 1,"Group Key": ["part.p_brand", "part.p_type", "part.p_size"],"Plans": [{"Node Type": "Gather Merge","Parent Relationship": "Outer","Parallel Aware": false,"Async Capable": false,"Startup Cost": 24244.16,"Total Cost": 31280.24,"Plan Rows": 58764,"Plan Width": 40,"Actual Startup Time": 130.803,"Actual Total Time": 170.073,"Actual Rows": 119711,"Actual Loops": 1,"Workers Planned": 4,"Workers Launched": 4,"Plans": [{"Node Type": "Sort","Parent Relationship": "Outer","Parallel Aware": false,"Async Capable": false,"Startup Cost": 23244.10,"Total Cost": 23280.82,"Plan Rows": 14691,"Plan Width": 40,"Actual Startup Time": 122.569,"Actual Total Time": 125.183,"Actual Rows": 23942,"Actual Loops": 5,"Sort Key": ["part.p_brand", "part.p_type", "part.p_size"],"Sort Method": "quicksort","Sort Space Used": 2722,"Sort Space Type": "Memory","Workers": [{"Worker Number": 0,"Sort Method": "quicksort","Sort Space Used": 2769,"Sort Space Type": "Memory"},{"Worker Number": 1,"Sort Method": "quicksort","Sort Space Used": 2797,"Sort Space Type": "Memory"},{"Worker Number": 2,"Sort Method": "quicksort","Sort Space Used": 2677,"Sort Space Type": "Memory"},{"Worker Number": 3,"Sort Method": "quicksort","Sort Space Used": 2733,"Sort Space Type": "Memory"}],"Plans": [{"Node Type": "Hash Join","Parent Relationship": "Outer","Parallel Aware": true,"Async Capable": false,"Join Type": "Inner","Startup Cost": 6680.79,"Total Cost": 22227.29,"Plan Rows": 14691,"Plan Width": 40,"Actual Startup Time": 30.393,"Actual Total Time": 80.598,"Actual Rows": 23942,"Actual Loops": 5,"Inner Unique": true,"Hash Cond": "(partsupp.ps_partkey = part.p_partkey)","Workers": [],"Plans": [{"Node Type": "Index Only Scan","Parent Relationship": "Outer","Parallel Aware": true,"Async Capable": false,"Scan Direction": "Forward","Index Name": "partsupp_pkey","Relation Name": "partsupp","Alias": "partsupp","Startup Cost": 347.43,"Total Cost": 15631.43,"Plan Rows": 100000,"Plan Width": 8,"Actual Startup Time": 7.354,"Actual Total Time": 32.002,"Actual Rows": 159936,"Actual Loops": 5,"Filter": "(NOT (hashed SubPlan 1))","Rows Removed by Filter": 64,"Heap Fetches": 0,"Workers": [],"Plans": [{"Node Type": "Seq Scan","Parent Relationship": "SubPlan","Subplan Name": "SubPlan 1","Parallel Aware": false,"Async Capable": false,"Relation Name": "supplier","Alias": "supplier","Startup Cost": 0.00,"Total Cost": 347.00,"Plan Rows": 1,"Plan Width": 4,"Actual Startup Time": 0.139,"Actual Total Time": 7.238,"Actual Rows": 4,"Actual Loops": 5,"Filter": "((s_comment)::text ~~ '%Customer%Complaints%'::text)","Rows Removed by Filter": 9996,"Workers": []}]},{"Node Type": "Hash","Parent Relationship": "Inner","Parallel Aware": true,"Async Capable": false,"Startup Cost": 6180.33,"Total Cost": 6180.33,"Plan Rows": 12242,"Plan Width": 40,"Actual Startup Time": 22.765,"Actual Total Time": 22.768,"Actual Rows": 5988,"Actual Loops": 5,"Hash Buckets": 32768,"Original Hash Buckets": 32768,"Hash Batches": 1,"Original Hash Batches": 1,"Peak Memory Usage": 2560,"Workers": [],"Plans": [{"Node Type": "Seq Scan","Parent Relationship": "Outer","Parallel Aware": true,"Async Capable": false,"Relation Name": "part","Alias": "part","Startup Cost": 0.00,"Total Cost": 6180.33,"Plan Rows": 12242,"Plan Width": 40,"Actual Startup Time": 0.054,"Actual Total Time": 19.297,"Actual Rows": 5988,"Actual Loops": 5,"Filter": "((p_brand <> 'Brand#33'::bpchar) AND ((p_type)::text !~~ 'SMALL ANODIZED%'::text) AND (p_size = ANY ('{22,9,25,21,3,4,47,37}'::integer[])))","Rows Removed by Filter": 34012,"Workers": []}]}]}]}]}]}]},"Planning Time": 5.380,"Triggers": [],"Execution Time": 238.078}]
[{"Plan": {"Node Type": "Sort","Parallel Aware": false,"Async Capable": false,"Startup Cost": 33515.51,"Total Cost": 33555.98,"Plan Rows": 16188,"Plan Width": 44,"Actual Startup Time": 235.232,"Actual Total Time": 237.255,"Actual Rows": 18275,"Actual Loops": 1,"Sort Key": ["(count(DISTINCT partsupp.ps_suppkey)) DESC", "part.p_brand", "part.p_type", "part.p_size"],"Sort Method": "quicksort","Sort Space Used": 2338,"Sort Space Type": "Memory","Plans": [{"Node Type": "Aggregate","Strategy": "Sorted","Partial Mode": "Simple","Parent Relationship": "Outer","Parallel Aware": false,"Async Capable": false,"Startup Cost": 24294.96,"Total Cost": 32383.75,"Plan Rows": 16188,"Plan Width": 44,"Actual Startup Time": 129.880,"Actual Total Time": 196.147,"Actual Rows": 18275,"Actual Loops": 1,"Group Key": ["part.p_brand", "part.p_type", "part.p_size"],"Plans": [{"Node Type": "Gather Merge","Parent Relationship": "Outer","Parallel Aware": false,"Async Capable": false,"Startup Cost": 24294.96,"Total Cost": 31610.86,"Plan Rows": 61101,"Plan Width": 40,"Actual Startup Time": 129.815,"Actual Total Time": 168.515,"Actual Rows": 118778,"Actual Loops": 1,"Workers Planned": 4,"Workers Launched": 4,"Plans": [{"Node Type": "Sort","Parent Relationship": "Outer","Parallel Aware": false,"Async Capable": false,"Startup Cost": 23294.90,"Total Cost": 23333.09,"Plan Rows": 15275,"Plan Width": 40,"Actual Startup Time": 121.344,"Actual Total Time": 123.852,"Actual Rows": 23756,"Actual Loops": 5,"Sort Key": ["part.p_brand", "part.p_type", "part.p_size"],"Sort Method": "quicksort","Sort Space Used": 2659,"Sort Space Type": "Memory","Workers": [{"Worker Number": 0,"Sort Method": "quicksort","Sort Space Used": 2753,"Sort Space Type": "Memory"},{"Worker Number": 1,"Sort Method": "quicksort","Sort Space Used": 2767,"Sort Space Type": "Memory"},{"Worker Number": 2,"Sort Method": "quicksort","Sort Space Used": 2649,"Sort Space Type": "Memory"},{"Worker Number": 3,"Sort Method": "quicksort","Sort Space Used": 2781,"Sort Space Type": "Memory"}],"Plans": [{"Node Type": "Hash Join","Parent Relationship": "Outer","Parallel Aware": true,"Async Capable": false,"Join Type": "Inner","Startup Cost": 6686.87,"Total Cost": 22233.37,"Plan Rows": 15275,"Plan Width": 40,"Actual Startup Time": 29.637,"Actual Total Time": 79.651,"Actual Rows": 23756,"Actual Loops": 5,"Inner Unique": true,"Hash Cond": "(partsupp.ps_partkey = part.p_partkey)","Workers": [],"Plans": [{"Node Type": "Index Only Scan","Parent Relationship": "Outer","Parallel Aware": true,"Async Capable": false,"Scan Direction": "Forward","Index Name": "partsupp_pkey","Relation Name": "partsupp","Alias": "partsupp","Startup Cost": 347.43,"Total Cost": 15631.43,"Plan Rows": 100000,"Plan Width": 8,"Actual Startup Time": 7.295,"Actual Total Time": 32.211,"Actual Rows": 159936,"Actual Loops": 5,"Filter": "(NOT (hashed SubPlan 1))","Rows Removed by Filter": 64,"Heap Fetches": 0,"Workers": [],"Plans": [{"Node Type": "Seq Scan","Parent Relationship": "SubPlan","Subplan Name": "SubPlan 1","Parallel Aware": false,"Async Capable": false,"Relation Name": "supplier","Alias": "supplier","Startup Cost": 0.00,"Total Cost": 347.00,"Plan Rows": 1,"Plan Width": 4,"Actual Startup Time": 0.133,"Actual Total Time": 7.151,"Actual Rows": 4,"Actual Loops": 5,"Filter": "((s_comment)::text ~~ '%Customer%Complaints%'::text)","Rows Removed by Filter": 9996,"Workers": []}]},{"Node Type": "Hash","Parent Relationship": "Inner","Parallel Aware": true,"Async Capable": false,"Startup Cost": 6180.33,"Total Cost": 6180.33,"Plan Rows": 12729,"Plan Width": 40,"Actual Startup Time": 22.048,"Actual Total Time": 22.052,"Actual Rows": 5941,"Actual Loops": 5,"Hash Buckets": 32768,"Original Hash Buckets": 32768,"Hash Batches": 1,"Original Hash Batches": 1,"Peak Memory Usage": 2560,"Workers": [],"Plans": [{"Node Type": "Seq Scan","Parent Relationship": "Outer","Parallel Aware": true,"Async Capable": false,"Relation Name": "part","Alias": "part","Startup Cost": 0.00,"Total Cost": 6180.33,"Plan Rows": 12729,"Plan Width": 40,"Actual Startup Time": 0.059,"Actual Total Time": 18.327,"Actual Rows": 5941,"Actual Loops": 5,"Filter": "((p_brand <> 'Brand#51'::bpchar) AND ((p_type)::text !~~ 'PROMO BURNISHED%'::text) AND (p_size = ANY ('{34,29,11,17,4,46,45,30}'::integer[])))","Rows Removed by Filter": 34059,"Workers": []}]}]}]}]}]}]},"Planning Time": 4.802,"Triggers": [],"Execution Time": 238.767}]
[{"Plan": {"Node Type": "Sort","Parallel Aware": false,"Async Capable": false,"Startup Cost": 33168.18,"Total Cost": 33208.02,"Plan Rows": 15939,"Plan Width": 44,"Actual Startup Time": 241.484,"Actual Total Time": 243.413,"Actual Rows": 18229,"Actual Loops": 1,"Sort Key": ["(count(DISTINCT partsupp.ps_suppkey)) DESC", "part.p_brand", "part.p_type", "part.p_size"],"Sort Method": "quicksort","Sort Space Used": 2334,"Sort Space Type": "Memory","Plans": [{"Node Type": "Aggregate","Strategy": "Sorted","Partial Mode": "Simple","Parent Relationship": "Outer","Parallel Aware": false,"Async Capable": false,"Startup Cost": 24248.24,"Total Cost": 32055.61,"Plan Rows": 15939,"Plan Width": 44,"Actual Startup Time": 135.127,"Actual Total Time": 202.881,"Actual Rows": 18229,"Actual Loops": 1,"Group Key": ["part.p_brand", "part.p_type", "part.p_size"],"Plans": [{"Node Type": "Gather Merge","Parent Relationship": "Outer","Parallel Aware": false,"Async Capable": false,"Startup Cost": 24248.24,"Total Cost": 31306.71,"Plan Rows": 58951,"Plan Width": 40,"Actual Startup Time": 135.070,"Actual Total Time": 174.732,"Actual Rows": 118085,"Actual Loops": 1,"Workers Planned": 4,"Workers Launched": 4,"Plans": [{"Node Type": "Sort","Parent Relationship": "Outer","Parallel Aware": false,"Async Capable": false,"Startup Cost": 23248.18,"Total Cost": 23285.02,"Plan Rows": 14738,"Plan Width": 40,"Actual Startup Time": 123.869,"Actual Total Time": 126.593,"Actual Rows": 23617,"Actual Loops": 5,"Sort Key": ["part.p_brand", "part.p_type", "part.p_size"],"Sort Method": "quicksort","Sort Space Used": 2450,"Sort Space Type": "Memory","Workers": [{"Worker Number": 0,"Sort Method": "quicksort","Sort Space Used": 2880,"Sort Space Type": "Memory"},{"Worker Number": 1,"Sort Method": "quicksort","Sort Space Used": 2892,"Sort Space Type": "Memory"},{"Worker Number": 2,"Sort Method": "quicksort","Sort Space Used": 2485,"Sort Space Type": "Memory"},{"Worker Number": 3,"Sort Method": "quicksort","Sort Space Used": 2845,"Sort Space Type": "Memory"}],"Plans": [{"Node Type": "Hash Join","Parent Relationship": "Outer","Parallel Aware": true,"Async Capable": false,"Join Type": "Inner","Startup Cost": 6681.27,"Total Cost": 22227.77,"Plan Rows": 14738,"Plan Width": 40,"Actual Startup Time": 32.399,"Actual Total Time": 82.408,"Actual Rows": 23617,"Actual Loops": 5,"Inner Unique": true,"Hash Cond": "(partsupp.ps_partkey = part.p_partkey)","Workers": [],"Plans": [{"Node Type": "Index Only Scan","Parent Relationship": "Outer","Parallel Aware": true,"Async Capable": false,"Scan Direction": "Forward","Index Name": "partsupp_pkey","Relation Name": "partsupp","Alias": "partsupp","Startup Cost": 347.43,"Total Cost": 15631.43,"Plan Rows": 100000,"Plan Width": 8,"Actual Startup Time": 8.814,"Actual Total Time": 34.206,"Actual Rows": 159936,"Actual Loops": 5,"Filter": "(NOT (hashed SubPlan 1))","Rows Removed by Filter": 64,"Heap Fetches": 0,"Workers": [],"Plans": [{"Node Type": "Seq Scan","Parent Relationship": "SubPlan","Subplan Name": "SubPlan 1","Parallel Aware": false,"Async Capable": false,"Relation Name": "supplier","Alias": "supplier","Startup Cost": 0.00,"Total Cost": 347.00,"Plan Rows": 1,"Plan Width": 4,"Actual Startup Time": 0.377,"Actual Total Time": 8.689,"Actual Rows": 4,"Actual Loops": 5,"Filter": "((s_comment)::text ~~ '%Customer%Complaints%'::text)","Rows Removed by Filter": 9996,"Workers": []}]},{"Node Type": "Hash","Parent Relationship": "Inner","Parallel Aware": true,"Async Capable": false,"Startup Cost": 6180.33,"Total Cost": 6180.33,"Plan Rows": 12281,"Plan Width": 40,"Actual Startup Time": 23.273,"Actual Total Time": 23.275,"Actual Rows": 5907,"Actual Loops": 5,"Hash Buckets": 32768,"Original Hash Buckets": 32768,"Hash Batches": 1,"Original Hash Batches": 1,"Peak Memory Usage": 2528,"Workers": [],"Plans": [{"Node Type": "Seq Scan","Parent Relationship": "Outer","Parallel Aware": true,"Async Capable": false,"Relation Name": "part","Alias": "part","Startup Cost": 0.00,"Total Cost": 6180.33,"Plan Rows": 12281,"Plan Width": 40,"Actual Startup Time": 0.062,"Actual Total Time": 19.868,"Actual Rows": 5907,"Actual Loops": 5,"Filter": "((p_brand <> 'Brand#11'::bpchar) AND ((p_type)::text !~~ 'ECONOMY POLISHED%'::text) AND (p_size = ANY ('{16,36,20,34,41,24,45,23}'::integer[])))","Rows Removed by Filter": 34093,"Workers": []}]}]}]}]}]}]},"Planning Time": 4.431,"Triggers": [],"Execution Time": 245.156}]
[{"Plan": {"Node Type": "Sort","Parallel Aware": false,"Async Capable": false,"Startup Cost": 33117.85,"Total Cost": 33157.60,"Plan Rows": 15902,"Plan Width": 44,"Actual Startup Time": 235.601,"Actual Total Time": 237.537,"Actual Rows": 18195,"Actual Loops": 1,"Sort Key": ["(count(DISTINCT partsupp.ps_suppkey)) DESC", "part.p_brand", "part.p_type", "part.p_size"],"Sort Method": "quicksort","Sort Space Used": 2329,"Sort Space Type": "Memory","Plans": [{"Node Type": "Aggregate","Strategy": "Sorted","Partial Mode": "Simple","Parent Relationship": "Outer","Parallel Aware": false,"Async Capable": false,"Startup Cost": 24241.47,"Total Cost": 32008.13,"Plan Rows": 15902,"Plan Width": 44,"Actual Startup Time": 132.121,"Actual Total Time": 198.103,"Actual Rows": 18195,"Actual Loops": 1,"Group Key": ["part.p_brand", "part.p_type", "part.p_size"],"Plans": [{"Node Type": "Gather Merge","Parent Relationship": "Outer","Parallel Aware": false,"Async Capable": false,"Startup Cost": 24241.47,"Total Cost": 31262.71,"Plan Rows": 58640,"Plan Width": 40,"Actual Startup Time": 132.069,"Actual Total Time": 170.840,"Actual Rows": 118375,"Actual Loops": 1,"Workers Planned": 4,"Workers Launched": 4,"Plans": [{"Node Type": "Sort","Parent Relationship": "Outer","Parallel Aware": false,"Async Capable": false,"Startup Cost": 23241.42,"Total Cost": 23278.07,"Plan Rows": 14660,"Plan Width": 40,"Actual Startup Time": 123.139,"Actual Total Time": 125.656,"Actual Rows": 23675,"Actual Loops": 5,"Sort Key": ["part.p_brand", "part.p_type", "part.p_size"],"Sort Method": "quicksort","Sort Space Used": 2688,"Sort Space Type": "Memory","Workers": [{"Worker Number": 0,"Sort Method": "quicksort","Sort Space Used": 2717,"Sort Space Type": "Memory"},{"Worker Number": 1,"Sort Method": "quicksort","Sort Space Used": 2690,"Sort Space Type": "Memory"},{"Worker Number": 2,"Sort Method": "quicksort","Sort Space Used": 2745,"Sort Space Type": "Memory"},{"Worker Number": 3,"Sort Method": "quicksort","Sort Space Used": 2727,"Sort Space Type": "Memory"}],"Plans": [{"Node Type": "Hash Join","Parent Relationship": "Outer","Parallel Aware": true,"Async Capable": false,"Join Type": "Inner","Startup Cost": 6680.47,"Total Cost": 22226.97,"Plan Rows": 14660,"Plan Width": 40,"Actual Startup Time": 30.328,"Actual Total Time": 81.497,"Actual Rows": 23675,"Actual Loops": 5,"Inner Unique": true,"Hash Cond": "(partsupp.ps_partkey = part.p_partkey)","Workers": [],"Plans": [{"Node Type": "Index Only Scan","Parent Relationship": "Outer","Parallel Aware": true,"Async Capable": false,"Scan Direction": "Forward","Index Name": "partsupp_pkey","Relation Name": "partsupp","Alias": "partsupp","Startup Cost": 347.43,"Total Cost": 15631.43,"Plan Rows": 100000,"Plan Width": 8,"Actual Startup Time": 6.977,"Actual Total Time": 32.499,"Actual Rows": 159936,"Actual Loops": 5,"Filter": "(NOT (hashed SubPlan 1))","Rows Removed by Filter": 64,"Heap Fetches": 0,"Workers": [],"Plans": [{"Node Type": "Seq Scan","Parent Relationship": "SubPlan","Subplan Name": "SubPlan 1","Parallel Aware": false,"Async Capable": false,"Relation Name": "supplier","Alias": "supplier","Startup Cost": 0.00,"Total Cost": 347.00,"Plan Rows": 1,"Plan Width": 4,"Actual Startup Time": 0.149,"Actual Total Time": 6.810,"Actual Rows": 4,"Actual Loops": 5,"Filter": "((s_comment)::text ~~ '%Customer%Complaints%'::text)","Rows Removed by Filter": 9996,"Workers": []}]},{"Node Type": "Hash","Parent Relationship": "Inner","Parallel Aware": true,"Async Capable": false,"Startup Cost": 6180.33,"Total Cost": 6180.33,"Plan Rows": 12217,"Plan Width": 40,"Actual Startup Time": 23.056,"Actual Total Time": 23.061,"Actual Rows": 5922,"Actual Loops": 5,"Hash Buckets": 32768,"Original Hash Buckets": 32768,"Hash Batches": 1,"Original Hash Batches": 1,"Peak Memory Usage": 2560,"Workers": [],"Plans": [{"Node Type": "Seq Scan","Parent Relationship": "Outer","Parallel Aware": true,"Async Capable": false,"Relation Name": "part","Alias": "part","Startup Cost": 0.00,"Total Cost": 6180.33,"Plan Rows": 12217,"Plan Width": 40,"Actual Startup Time": 0.044,"Actual Total Time": 19.004,"Actual Rows": 5922,"Actual Loops": 5,"Filter": "((p_brand <> 'Brand#51'::bpchar) AND ((p_type)::text !~~ 'STANDARD BURNISHED%'::text) AND (p_size = ANY ('{29,50,5,12,23,18,7,19}'::integer[])))","Rows Removed by Filter": 34078,"Workers": []}]}]}]}]}]}]},"Planning Time": 4.003,"Triggers": [],"Execution Time": 238.451}]
[{"Plan": {"Node Type": "Sort","Parallel Aware": false,"Async Capable": false,"Startup Cost": 33330.18,"Total Cost": 33370.32,"Plan Rows": 16057,"Plan Width": 44,"Actual Startup Time": 243.708,"Actual Total Time": 245.284,"Actual Rows": 18346,"Actual Loops": 1,"Sort Key": ["(count(DISTINCT partsupp.ps_suppkey)) DESC", "part.p_brand", "part.p_type", "part.p_size"],"Sort Method": "quicksort","Sort Space Used": 2344,"Sort Space Type": "Memory","Plans": [{"Node Type": "Aggregate","Strategy": "Sorted","Partial Mode": "Simple","Parent Relationship": "Outer","Parallel Aware": false,"Async Capable": false,"Startup Cost": 24269.98,"Total Cost": 32208.53,"Plan Rows": 16057,"Plan Width": 44,"Actual Startup Time": 133.997,"Actual Total Time": 203.072,"Actual Rows": 18346,"Actual Loops": 1,"Group Key": ["part.p_brand", "part.p_type", "part.p_size"],"Plans": [{"Node Type": "Gather Merge","Parent Relationship": "Outer","Parallel Aware": false,"Async Capable": false,"Startup Cost": 24269.98,"Total Cost": 31448.43,"Plan Rows": 59953,"Plan Width": 40,"Actual Startup Time": 133.936,"Actual Total Time": 174.266,"Actual Rows": 119537,"Actual Loops": 1,"Workers Planned": 4,"Workers Launched": 4,"Plans": [{"Node Type": "Sort","Parent Relationship": "Outer","Parallel Aware": false,"Async Capable": false,"Startup Cost": 23269.92,"Total Cost": 23307.39,"Plan Rows": 14988,"Plan Width": 40,"Actual Startup Time": 122.464,"Actual Total Time": 125.292,"Actual Rows": 23907,"Actual Loops": 5,"Sort Key": ["part.p_brand", "part.p_type", "part.p_size"],"Sort Method": "quicksort","Sort Space Used": 2445,"Sort Space Type": "Memory","Workers": [{"Worker Number": 0,"Sort Method": "quicksort","Sort Space Used": 2916,"Sort Space Type": "Memory"},{"Worker Number": 1,"Sort Method": "quicksort","Sort Space Used": 2511,"Sort Space Type": "Memory"},{"Worker Number": 2,"Sort Method": "quicksort","Sort Space Used": 2896,"Sort Space Type": "Memory"},{"Worker Number": 3,"Sort Method": "quicksort","Sort Space Used": 2903,"Sort Space Type": "Memory"}],"Plans": [{"Node Type": "Hash Join","Parent Relationship": "Outer","Parallel Aware": true,"Async Capable": false,"Join Type": "Inner","Startup Cost": 6683.89,"Total Cost": 22230.39,"Plan Rows": 14988,"Plan Width": 40,"Actual Startup Time": 30.799,"Actual Total Time": 80.431,"Actual Rows": 23907,"Actual Loops": 5,"Inner Unique": true,"Hash Cond": "(partsupp.ps_partkey = part.p_partkey)","Workers": [],"Plans": [{"Node Type": "Index Only Scan","Parent Relationship": "Outer","Parallel Aware": true,"Async Capable": false,"Scan Direction": "Forward","Index Name": "partsupp_pkey","Relation Name": "partsupp","Alias": "partsupp","Startup Cost": 347.43,"Total Cost": 15631.43,"Plan Rows": 100000,"Plan Width": 8,"Actual Startup Time": 7.394,"Actual Total Time": 32.271,"Actual Rows": 159936,"Actual Loops": 5,"Filter": "(NOT (hashed SubPlan 1))","Rows Removed by Filter": 64,"Heap Fetches": 0,"Workers": [],"Plans": [{"Node Type": "Seq Scan","Parent Relationship": "SubPlan","Subplan Name": "SubPlan 1","Parallel Aware": false,"Async Capable": false,"Relation Name": "supplier","Alias": "supplier","Startup Cost": 0.00,"Total Cost": 347.00,"Plan Rows": 1,"Plan Width": 4,"Actual Startup Time": 0.133,"Actual Total Time": 7.249,"Actual Rows": 4,"Actual Loops": 5,"Filter": "((s_comment)::text ~~ '%Customer%Complaints%'::text)","Rows Removed by Filter": 9996,"Workers": []}]},{"Node Type": "Hash","Parent Relationship": "Inner","Parallel Aware": true,"Async Capable": false,"Startup Cost": 6180.33,"Total Cost": 6180.33,"Plan Rows": 12490,"Plan Width": 40,"Actual Startup Time": 23.138,"Actual Total Time": 23.142,"Actual Rows": 5979,"Actual Loops": 5,"Hash Buckets": 32768,"Original Hash Buckets": 32768,"Hash Batches": 1,"Original Hash Batches": 1,"Peak Memory Usage": 2592,"Workers": [],"Plans": [{"Node Type": "Seq Scan","Parent Relationship": "Outer","Parallel Aware": true,"Async Capable": false,"Relation Name": "part","Alias": "part","Startup Cost": 0.00,"Total Cost": 6180.33,"Plan Rows": 12490,"Plan Width": 40,"Actual Startup Time": 0.054,"Actual Total Time": 19.195,"Actual Rows": 5979,"Actual Loops": 5,"Filter": "((p_brand <> 'Brand#34'::bpchar) AND ((p_type)::text !~~ 'STANDARD BRUSHED%'::text) AND (p_size = ANY ('{40,5,15,38,35,20,29,48}'::integer[])))","Rows Removed by Filter": 34021,"Workers": []}]}]}]}]}]}]},"Planning Time": 3.919,"Triggers": [],"Execution Time": 246.172}]
[{"Plan": {"Node Type": "Sort","Parallel Aware": false,"Async Capable": false,"Startup Cost": 33388.16,"Total Cost": 33428.40,"Plan Rows": 16098,"Plan Width": 44,"Actual Startup Time": 241.371,"Actual Total Time": 242.900,"Actual Rows": 18282,"Actual Loops": 1,"Sort Key": ["(count(DISTINCT partsupp.ps_suppkey)) DESC", "part.p_brand", "part.p_type", "part.p_size"],"Sort Method": "quicksort","Sort Space Used": 2339,"Sort Space Type": "Memory","Plans": [{"Node Type": "Aggregate","Strategy": "Sorted","Partial Mode": "Simple","Parent Relationship": "Outer","Parallel Aware": false,"Async Capable": false,"Startup Cost": 24277.81,"Total Cost": 32263.34,"Plan Rows": 16098,"Plan Width": 44,"Actual Startup Time": 133.769,"Actual Total Time": 202.206,"Actual Rows": 18282,"Actual Loops": 1,"Group Key": ["part.p_brand", "part.p_type", "part.p_size"],"Plans": [{"Node Type": "Gather Merge","Parent Relationship": "Outer","Parallel Aware": false,"Async Capable": false,"Startup Cost": 24277.81,"Total Cost": 31499.24,"Plan Rows": 60312,"Plan Width": 40,"Actual Startup Time": 133.711,"Actual Total Time": 173.839,"Actual Rows": 118195,"Actual Loops": 1,"Workers Planned": 4,"Workers Launched": 4,"Plans": [{"Node Type": "Sort","Parent Relationship": "Outer","Parallel Aware": false,"Async Capable": false,"Startup Cost": 23277.75,"Total Cost": 23315.44,"Plan Rows": 15078,"Plan Width": 40,"Actual Startup Time": 122.315,"Actual Total Time": 125.080,"Actual Rows": 23639,"Actual Loops": 5,"Sort Key": ["part.p_brand", "part.p_type", "part.p_size"],"Sort Method": "quicksort","Sort Space Used": 2453,"Sort Space Type": "Memory","Workers": [{"Worker Number": 0,"Sort Method": "quicksort","Sort Space Used": 2876,"Sort Space Type": "Memory"},{"Worker Number": 1,"Sort Method": "quicksort","Sort Space Used": 2825,"Sort Space Type": "Memory"},{"Worker Number": 2,"Sort Method": "quicksort","Sort Space Used": 2486,"Sort Space Type": "Memory"},{"Worker Number": 3,"Sort Method": "quicksort","Sort Space Used": 2919,"Sort Space Type": "Memory"}],"Plans": [{"Node Type": "Hash Join","Parent Relationship": "Outer","Parallel Aware": true,"Async Capable": false,"Join Type": "Inner","Startup Cost": 6684.82,"Total Cost": 22231.32,"Plan Rows": 15078,"Plan Width": 40,"Actual Startup Time": 30.708,"Actual Total Time": 80.685,"Actual Rows": 23639,"Actual Loops": 5,"Inner Unique": true,"Hash Cond": "(partsupp.ps_partkey = part.p_partkey)","Workers": [],"Plans": [{"Node Type": "Index Only Scan","Parent Relationship": "Outer","Parallel Aware": true,"Async Capable": false,"Scan Direction": "Forward","Index Name": "partsupp_pkey","Relation Name": "partsupp","Alias": "partsupp","Startup Cost": 347.43,"Total Cost": 15631.43,"Plan Rows": 100000,"Plan Width": 8,"Actual Startup Time": 7.472,"Actual Total Time": 33.031,"Actual Rows": 159936,"Actual Loops": 5,"Filter": "(NOT (hashed SubPlan 1))","Rows Removed by Filter": 64,"Heap Fetches": 0,"Workers": [],"Plans": [{"Node Type": "Seq Scan","Parent Relationship": "SubPlan","Subplan Name": "SubPlan 1","Parallel Aware": false,"Async Capable": false,"Relation Name": "supplier","Alias": "supplier","Startup Cost": 0.00,"Total Cost": 347.00,"Plan Rows": 1,"Plan Width": 4,"Actual Startup Time": 0.134,"Actual Total Time": 7.344,"Actual Rows": 4,"Actual Loops": 5,"Filter": "((s_comment)::text ~~ '%Customer%Complaints%'::text)","Rows Removed by Filter": 9996,"Workers": []}]},{"Node Type": "Hash","Parent Relationship": "Inner","Parallel Aware": true,"Async Capable": false,"Startup Cost": 6180.33,"Total Cost": 6180.33,"Plan Rows": 12565,"Plan Width": 40,"Actual Startup Time": 22.920,"Actual Total Time": 22.923,"Actual Rows": 5913,"Actual Loops": 5,"Hash Buckets": 32768,"Original Hash Buckets": 32768,"Hash Batches": 1,"Original Hash Batches": 1,"Peak Memory Usage": 2560,"Workers": [],"Plans": [{"Node Type": "Seq Scan","Parent Relationship": "Outer","Parallel Aware": true,"Async Capable": false,"Relation Name": "part","Alias": "part","Startup Cost": 0.00,"Total Cost": 6180.33,"Plan Rows": 12565,"Plan Width": 40,"Actual Startup Time": 0.054,"Actual Total Time": 19.098,"Actual Rows": 5913,"Actual Loops": 5,"Filter": "((p_brand <> 'Brand#14'::bpchar) AND ((p_type)::text !~~ 'ECONOMY ANODIZED%'::text) AND (p_size = ANY ('{42,31,26,47,3,17,28,1}'::integer[])))","Rows Removed by Filter": 34087,"Workers": []}]}]}]}]}]}]},"Planning Time": 4.301,"Triggers": [],"Execution Time": 243.822}]
[{"Plan": {"Node Type": "Sort","Parallel Aware": false,"Async Capable": false,"Startup Cost": 33520.14,"Total Cost": 33560.62,"Plan Rows": 16191,"Plan Width": 44,"Actual Startup Time": 242.028,"Actual Total Time": 243.973,"Actual Rows": 18319,"Actual Loops": 1,"Sort Key": ["(count(DISTINCT partsupp.ps_suppkey)) DESC", "part.p_brand", "part.p_type", "part.p_size"],"Sort Method": "quicksort","Sort Space Used": 2342,"Sort Space Type": "Memory","Plans": [{"Node Type": "Aggregate","Strategy": "Sorted","Partial Mode": "Simple","Parent Relationship": "Outer","Parallel Aware": false,"Async Capable": false,"Startup Cost": 24295.57,"Total Cost": 32388.16,"Plan Rows": 16191,"Plan Width": 44,"Actual Startup Time": 137.008,"Actual Total Time": 204.550,"Actual Rows": 18319,"Actual Loops": 1,"Group Key": ["part.p_brand", "part.p_type", "part.p_size"],"Plans": [{"Node Type": "Gather Merge","Parent Relationship": "Outer","Parallel Aware": false,"Async Capable": false,"Startup Cost": 24295.57,"Total Cost": 31614.95,"Plan Rows": 61130,"Plan Width": 40,"Actual Startup Time": 136.947,"Actual Total Time": 176.360,"Actual Rows": 119985,"Actual Loops": 1,"Workers Planned": 4,"Workers Launched": 4,"Plans": [{"Node Type": "Sort","Parent Relationship": "Outer","Parallel Aware": false,"Async Capable": false,"Startup Cost": 23295.51,"Total Cost": 23333.72,"Plan Rows": 15282,"Plan Width": 40,"Actual Startup Time": 124.652,"Actual Total Time": 127.299,"Actual Rows": 23997,"Actual Loops": 5,"Sort Key": ["part.p_brand", "part.p_type", "part.p_size"],"Sort Method": "quicksort","Sort Space Used": 2401,"Sort Space Type": "Memory","Workers": [{"Worker Number": 0,"Sort Method": "quicksort","Sort Space Used": 2881,"Sort Space Type": "Memory"},{"Worker Number": 1,"Sort Method": "quicksort","Sort Space Used": 2703,"Sort Space Type": "Memory"},{"Worker Number": 2,"Sort Method": "quicksort","Sort Space Used": 2859,"Sort Space Type": "Memory"},{"Worker Number": 3,"Sort Method": "quicksort","Sort Space Used": 2876,"Sort Space Type": "Memory"}],"Plans": [{"Node Type": "Hash Join","Parent Relationship": "Outer","Parallel Aware": true,"Async Capable": false,"Join Type": "Inner","Startup Cost": 6686.95,"Total Cost": 22233.45,"Plan Rows": 15282,"Plan Width": 40,"Actual Startup Time": 32.788,"Actual Total Time": 81.484,"Actual Rows": 23997,"Actual Loops": 5,"Inner Unique": true,"Hash Cond": "(partsupp.ps_partkey = part.p_partkey)","Workers": [],"Plans": [{"Node Type": "Index Only Scan","Parent Relationship": "Outer","Parallel Aware": true,"Async Capable": false,"Scan Direction": "Forward","Index Name": "partsupp_pkey","Relation Name": "partsupp","Alias": "partsupp","Startup Cost": 347.43,"Total Cost": 15631.43,"Plan Rows": 100000,"Plan Width": 8,"Actual Startup Time": 8.788,"Actual Total Time": 33.680,"Actual Rows": 159936,"Actual Loops": 5,"Filter": "(NOT (hashed SubPlan 1))","Rows Removed by Filter": 64,"Heap Fetches": 0,"Workers": [],"Plans": [{"Node Type": "Seq Scan","Parent Relationship": "SubPlan","Subplan Name": "SubPlan 1","Parallel Aware": false,"Async Capable": false,"Relation Name": "supplier","Alias": "supplier","Startup Cost": 0.00,"Total Cost": 347.00,"Plan Rows": 1,"Plan Width": 4,"Actual Startup Time": 0.261,"Actual Total Time": 8.627,"Actual Rows": 4,"Actual Loops": 5,"Filter": "((s_comment)::text ~~ '%Customer%Complaints%'::text)","Rows Removed by Filter": 9996,"Workers": []}]},{"Node Type": "Hash","Parent Relationship": "Inner","Parallel Aware": true,"Async Capable": false,"Startup Cost": 6180.33,"Total Cost": 6180.33,"Plan Rows": 12735,"Plan Width": 40,"Actual Startup Time": 23.655,"Actual Total Time": 23.660,"Actual Rows": 6002,"Actual Loops": 5,"Hash Buckets": 32768,"Original Hash Buckets": 32768,"Hash Batches": 1,"Original Hash Batches": 1,"Peak Memory Usage": 2592,"Workers": [],"Plans": [{"Node Type": "Seq Scan","Parent Relationship": "Outer","Parallel Aware": true,"Async Capable": false,"Relation Name": "part","Alias": "part","Startup Cost": 0.00,"Total Cost": 6180.33,"Plan Rows": 12735,"Plan Width": 40,"Actual Startup Time": 0.057,"Actual Total Time": 20.238,"Actual Rows": 6002,"Actual Loops": 5,"Filter": "((p_brand <> 'Brand#35'::bpchar) AND ((p_type)::text !~~ 'SMALL ANODIZED%'::text) AND (p_size = ANY ('{20,3,14,7,50,18,21,30}'::integer[])))","Rows Removed by Filter": 33998,"Workers": []}]}]}]}]}]}]},"Planning Time": 4.952,"Triggers": [],"Execution Time": 245.824}]
[{"Plan": {"Node Type": "Sort","Parallel Aware": false,"Async Capable": false,"Startup Cost": 33458.22,"Total Cost": 33498.59,"Plan Rows": 16148,"Plan Width": 44,"Actual Startup Time": 241.685,"Actual Total Time": 243.483,"Actual Rows": 18420,"Actual Loops": 1,"Sort Key": ["(count(DISTINCT partsupp.ps_suppkey)) DESC", "part.p_brand", "part.p_type", "part.p_size"],"Sort Method": "quicksort","Sort Space Used": 2351,"Sort Space Type": "Memory","Plans": [{"Node Type": "Aggregate","Strategy": "Sorted","Partial Mode": "Simple","Parent Relationship": "Outer","Parallel Aware": false,"Async Capable": false,"Startup Cost": 24287.21,"Total Cost": 32329.55,"Plan Rows": 16148,"Plan Width": 44,"Actual Startup Time": 137.095,"Actual Total Time": 205.255,"Actual Rows": 18420,"Actual Loops": 1,"Group Key": ["part.p_brand", "part.p_type", "part.p_size"],"Plans": [{"Node Type": "Gather Merge","Parent Relationship": "Outer","Parallel Aware": false,"Async Capable": false,"Startup Cost": 24287.21,"Total Cost": 31560.61,"Plan Rows": 60746,"Plan Width": 40,"Actual Startup Time": 137.030,"Actual Total Time": 176.689,"Actual Rows": 119981,"Actual Loops": 1,"Workers Planned": 4,"Workers Launched": 4,"Plans": [{"Node Type": "Sort","Parent Relationship": "Outer","Parallel Aware": false,"Async Capable": false,"Startup Cost": 23287.15,"Total Cost": 23325.12,"Plan Rows": 15186,"Plan Width": 40,"Actual Startup Time": 125.261,"Actual Total Time": 127.497,"Actual Rows": 23996,"Actual Loops": 5,"Sort Key": ["part.p_brand", "part.p_type", "part.p_size"],"Sort Method": "quicksort","Sort Space Used": 2476,"Sort Space Type": "Memory","Workers": [{"Worker Number": 0,"Sort Method": "quicksort","Sort Space Used": 2920,"Sort Space Type": "Memory"},{"Worker Number": 1,"Sort Method": "quicksort","Sort Space Used": 2516,"Sort Space Type": "Memory"},{"Worker Number": 2,"Sort Method": "quicksort","Sort Space Used": 2901,"Sort Space Type": "Memory"},{"Worker Number": 3,"Sort Method": "quicksort","Sort Space Used": 2891,"Sort Space Type": "Memory"}],"Plans": [{"Node Type": "Hash Join","Parent Relationship": "Outer","Parallel Aware": true,"Async Capable": false,"Join Type": "Inner","Startup Cost": 6685.95,"Total Cost": 22232.45,"Plan Rows": 15186,"Plan Width": 40,"Actual Startup Time": 32.541,"Actual Total Time": 82.992,"Actual Rows": 23996,"Actual Loops": 5,"Inner Unique": true,"Hash Cond": "(partsupp.ps_partkey = part.p_partkey)","Workers": [],"Plans": [{"Node Type": "Index Only Scan","Parent Relationship": "Outer","Parallel Aware": true,"Async Capable": false,"Scan Direction": "Forward","Index Name": "partsupp_pkey","Relation Name": "partsupp","Alias": "partsupp","Startup Cost": 347.43,"Total Cost": 15631.43,"Plan Rows": 100000,"Plan Width": 8,"Actual Startup Time": 9.539,"Actual Total Time": 35.498,"Actual Rows": 159936,"Actual Loops": 5,"Filter": "(NOT (hashed SubPlan 1))","Rows Removed by Filter": 64,"Heap Fetches": 0,"Workers": [],"Plans": [{"Node Type": "Seq Scan","Parent Relationship": "SubPlan","Subplan Name": "SubPlan 1","Parallel Aware": false,"Async Capable": false,"Relation Name": "supplier","Alias": "supplier","Startup Cost": 0.00,"Total Cost": 347.00,"Plan Rows": 1,"Plan Width": 4,"Actual Startup Time": 0.369,"Actual Total Time": 9.383,"Actual Rows": 4,"Actual Loops": 5,"Filter": "((s_comment)::text ~~ '%Customer%Complaints%'::text)","Rows Removed by Filter": 9996,"Workers": []}]},{"Node Type": "Hash","Parent Relationship": "Inner","Parallel Aware": true,"Async Capable": false,"Startup Cost": 6180.33,"Total Cost": 6180.33,"Plan Rows": 12655,"Plan Width": 40,"Actual Startup Time": 22.702,"Actual Total Time": 22.706,"Actual Rows": 6001,"Actual Loops": 5,"Hash Buckets": 32768,"Original Hash Buckets": 32768,"Hash Batches": 1,"Original Hash Batches": 1,"Peak Memory Usage": 2592,"Workers": [],"Plans": [{"Node Type": "Seq Scan","Parent Relationship": "Outer","Parallel Aware": true,"Async Capable": false,"Relation Name": "part","Alias": "part","Startup Cost": 0.00,"Total Cost": 6180.33,"Plan Rows": 12655,"Plan Width": 40,"Actual Startup Time": 0.054,"Actual Total Time": 19.227,"Actual Rows": 6001,"Actual Loops": 5,"Filter": "((p_brand <> 'Brand#14'::bpchar) AND ((p_type)::text !~~ 'MEDIUM BURNISHED%'::text) AND (p_size = ANY ('{46,10,23,35,14,44,16,50}'::integer[])))","Rows Removed by Filter": 33999,"Workers": []}]}]}]}]}]}]},"Planning Time": 4.226,"Triggers": [],"Execution Time": 245.080}]
[{"Plan": {"Node Type": "Sort","Parallel Aware": false,"Async Capable": false,"Startup Cost": 33095.03,"Total Cost": 33134.74,"Plan Rows": 15885,"Plan Width": 44,"Actual Startup Time": 232.936,"Actual Total Time": 234.796,"Actual Rows": 18198,"Actual Loops": 1,"Sort Key": ["(count(DISTINCT partsupp.ps_suppkey)) DESC", "part.p_brand", "part.p_type", "part.p_size"],"Sort Method": "quicksort","Sort Space Used": 2331,"Sort Space Type": "Memory","Plans": [{"Node Type": "Aggregate","Strategy": "Sorted","Partial Mode": "Simple","Parent Relationship": "Outer","Parallel Aware": false,"Async Capable": false,"Startup Cost": 24238.42,"Total Cost": 31986.62,"Plan Rows": 15885,"Plan Width": 44,"Actual Startup Time": 131.755,"Actual Total Time": 197.767,"Actual Rows": 18198,"Actual Loops": 1,"Group Key": ["part.p_brand", "part.p_type", "part.p_size"],"Plans": [{"Node Type": "Gather Merge","Parent Relationship": "Outer","Parallel Aware": false,"Async Capable": false,"Startup Cost": 24238.42,"Total Cost": 31242.78,"Plan Rows": 58499,"Plan Width": 40,"Actual Startup Time": 131.696,"Actual Total Time": 170.467,"Actual Rows": 118153,"Actual Loops": 1,"Workers Planned": 4,"Workers Launched": 4,"Plans": [{"Node Type": "Sort","Parent Relationship": "Outer","Parallel Aware": false,"Async Capable": false,"Startup Cost": 23238.37,"Total Cost": 23274.93,"Plan Rows": 14625,"Plan Width": 40,"Actual Startup Time": 123.174,"Actual Total Time": 125.727,"Actual Rows": 23631,"Actual Loops": 5,"Sort Key": ["part.p_brand", "part.p_type", "part.p_size"],"Sort Method": "quicksort","Sort Space Used": 2688,"Sort Space Type": "Memory","Workers": [{"Worker Number": 0,"Sort Method": "quicksort","Sort Space Used": 2744,"Sort Space Type": "Memory"},{"Worker Number": 1,"Sort Method": "quicksort","Sort Space Used": 2700,"Sort Space Type": "Memory"},{"Worker Number": 2,"Sort Method": "quicksort","Sort Space Used": 2741,"Sort Space Type": "Memory"},{"Worker Number": 3,"Sort Method": "quicksort","Sort Space Used": 2714,"Sort Space Type": "Memory"}],"Plans": [{"Node Type": "Hash Join","Parent Relationship": "Outer","Parallel Aware": true,"Async Capable": false,"Join Type": "Inner","Startup Cost": 6680.10,"Total Cost": 22226.60,"Plan Rows": 14625,"Plan Width": 40,"Actual Startup Time": 30.873,"Actual Total Time": 81.551,"Actual Rows": 23631,"Actual Loops": 5,"Inner Unique": true,"Hash Cond": "(partsupp.ps_partkey = part.p_partkey)","Workers": [],"Plans": [{"Node Type": "Index Only Scan","Parent Relationship": "Outer","Parallel Aware": true,"Async Capable": false,"Scan Direction": "Forward","Index Name": "partsupp_pkey","Relation Name": "partsupp","Alias": "partsupp","Startup Cost": 347.43,"Total Cost": 15631.43,"Plan Rows": 100000,"Plan Width": 8,"Actual Startup Time": 7.578,"Actual Total Time": 32.646,"Actual Rows": 159936,"Actual Loops": 5,"Filter": "(NOT (hashed SubPlan 1))","Rows Removed by Filter": 64,"Heap Fetches": 0,"Workers": [],"Plans": [{"Node Type": "Seq Scan","Parent Relationship": "SubPlan","Subplan Name": "SubPlan 1","Parallel Aware": false,"Async Capable": false,"Relation Name": "supplier","Alias": "supplier","Startup Cost": 0.00,"Total Cost": 347.00,"Plan Rows": 1,"Plan Width": 4,"Actual Startup Time": 0.174,"Actual Total Time": 7.427,"Actual Rows": 4,"Actual Loops": 5,"Filter": "((s_comment)::text ~~ '%Customer%Complaints%'::text)","Rows Removed by Filter": 9996,"Workers": []}]},{"Node Type": "Hash","Parent Relationship": "Inner","Parallel Aware": true,"Async Capable": false,"Startup Cost": 6180.33,"Total Cost": 6180.33,"Plan Rows": 12187,"Plan Width": 40,"Actual Startup Time": 23.023,"Actual Total Time": 23.027,"Actual Rows": 5910,"Actual Loops": 5,"Hash Buckets": 32768,"Original Hash Buckets": 32768,"Hash Batches": 1,"Original Hash Batches": 1,"Peak Memory Usage": 2528,"Workers": [],"Plans": [{"Node Type": "Seq Scan","Parent Relationship": "Outer","Parallel Aware": true,"Async Capable": false,"Relation Name": "part","Alias": "part","Startup Cost": 0.00,"Total Cost": 6180.33,"Plan Rows": 12187,"Plan Width": 40,"Actual Startup Time": 0.058,"Actual Total Time": 19.070,"Actual Rows": 5910,"Actual Loops": 5,"Filter": "((p_brand <> 'Brand#32'::bpchar) AND ((p_type)::text !~~ 'LARGE BRUSHED%'::text) AND (p_size = ANY ('{35,31,12,25,39,37,18,19}'::integer[])))","Rows Removed by Filter": 34090,"Workers": []}]}]}]}]}]}]},"Planning Time": 3.706,"Triggers": [],"Execution Time": 235.700}]
[{"Plan": {"Node Type": "Sort","Parallel Aware": false,"Async Capable": false,"Startup Cost": 33556.56,"Total Cost": 33597.10,"Plan Rows": 16217,"Plan Width": 44,"Actual Startup Time": 245.572,"Actual Total Time": 247.494,"Actual Rows": 18341,"Actual Loops": 1,"Sort Key": ["(count(DISTINCT partsupp.ps_suppkey)) DESC", "part.p_brand", "part.p_type", "part.p_size"],"Sort Method": "quicksort","Sort Space Used": 2344,"Sort Space Type": "Memory","Plans": [{"Node Type": "Aggregate","Strategy": "Sorted","Partial Mode": "Simple","Parent Relationship": "Outer","Parallel Aware": false,"Async Capable": false,"Startup Cost": 24300.53,"Total Cost": 32422.57,"Plan Rows": 16217,"Plan Width": 44,"Actual Startup Time": 139.589,"Actual Total Time": 207.670,"Actual Rows": 18341,"Actual Loops": 1,"Group Key": ["part.p_brand", "part.p_type", "part.p_size"],"Plans": [{"Node Type": "Gather Merge","Parent Relationship": "Outer","Parallel Aware": false,"Async Capable": false,"Startup Cost": 24300.53,"Total Cost": 31646.85,"Plan Rows": 61355,"Plan Width": 40,"Actual Startup Time": 139.537,"Actual Total Time": 179.346,"Actual Rows": 119717,"Actual Loops": 1,"Workers Planned": 4,"Workers Launched": 4,"Plans": [{"Node Type": "Sort","Parent Relationship": "Outer","Parallel Aware": false,"Async Capable": false,"Startup Cost": 23300.47,"Total Cost": 23338.82,"Plan Rows": 15339,"Plan Width": 40,"Actual Startup Time": 125.866,"Actual Total Time": 128.282,"Actual Rows": 23943,"Actual Loops": 5,"Sort Key": ["part.p_brand", "part.p_type", "part.p_size"],"Sort Method": "quicksort","Sort Space Used": 2147,"Sort Space Type": "Memory","Workers": [{"Worker Number": 0,"Sort Method": "quicksort","Sort Space Used": 3020,"Sort Space Type": "Memory"},{"Worker Number": 1,"Sort Method": "quicksort","Sort Space Used": 3042,"Sort Space Type": "Memory"},{"Worker Number": 2,"Sort Method": "quicksort","Sort Space Used": 2463,"Sort Space Type": "Memory"},{"Worker Number": 3,"Sort Method": "quicksort","Sort Space Used": 3010,"Sort Space Type": "Memory"}],"Plans": [{"Node Type": "Hash Join","Parent Relationship": "Outer","Parallel Aware": true,"Async Capable": false,"Join Type": "Inner","Startup Cost": 6687.54,"Total Cost": 22234.04,"Plan Rows": 15339,"Plan Width": 40,"Actual Startup Time": 32.226,"Actual Total Time": 83.532,"Actual Rows": 23943,"Actual Loops": 5,"Inner Unique": true,"Hash Cond": "(partsupp.ps_partkey = part.p_partkey)","Workers": [],"Plans": [{"Node Type": "Index Only Scan","Parent Relationship": "Outer","Parallel Aware": true,"Async Capable": false,"Scan Direction": "Forward","Index Name": "partsupp_pkey","Relation Name": "partsupp","Alias": "partsupp","Startup Cost": 347.43,"Total Cost": 15631.43,"Plan Rows": 100000,"Plan Width": 8,"Actual Startup Time": 8.622,"Actual Total Time": 34.402,"Actual Rows": 159936,"Actual Loops": 5,"Filter": "(NOT (hashed SubPlan 1))","Rows Removed by Filter": 64,"Heap Fetches": 0,"Workers": [],"Plans": [{"Node Type": "Seq Scan","Parent Relationship": "SubPlan","Subplan Name": "SubPlan 1","Parallel Aware": false,"Async Capable": false,"Relation Name": "supplier","Alias": "supplier","Startup Cost": 0.00,"Total Cost": 347.00,"Plan Rows": 1,"Plan Width": 4,"Actual Startup Time": 0.260,"Actual Total Time": 8.480,"Actual Rows": 4,"Actual Loops": 5,"Filter": "((s_comment)::text ~~ '%Customer%Complaints%'::text)","Rows Removed by Filter": 9996,"Workers": []}]},{"Node Type": "Hash","Parent Relationship": "Inner","Parallel Aware": true,"Async Capable": false,"Startup Cost": 6180.33,"Total Cost": 6180.33,"Plan Rows": 12782,"Plan Width": 40,"Actual Startup Time": 23.279,"Actual Total Time": 23.284,"Actual Rows": 5988,"Actual Loops": 5,"Hash Buckets": 32768,"Original Hash Buckets": 32768,"Hash Batches": 1,"Original Hash Batches": 1,"Peak Memory Usage": 2592,"Workers": [],"Plans": [{"Node Type": "Seq Scan","Parent Relationship": "Outer","Parallel Aware": true,"Async Capable": false,"Relation Name": "part","Alias": "part","Startup Cost": 0.00,"Total Cost": 6180.33,"Plan Rows": 12782,"Plan Width": 40,"Actual Startup Time": 0.056,"Actual Total Time": 19.788,"Actual Rows": 5988,"Actual Loops": 5,"Filter": "((p_brand <> 'Brand#24'::bpchar) AND ((p_type)::text !~~ 'MEDIUM ANODIZED%'::text) AND (p_size = ANY ('{29,15,3,14,41,13,5,26}'::integer[])))","Rows Removed by Filter": 34012,"Workers": []}]}]}]}]}]}]},"Planning Time": 4.155,"Triggers": [],"Execution Time": 248.869}]
[{"Plan": {"Node Type": "Sort","Parallel Aware": false,"Async Capable": false,"Startup Cost": 33275.28,"Total Cost": 33315.33,"Plan Rows": 16018,"Plan Width": 44,"Actual Startup Time": 233.477,"Actual Total Time": 235.575,"Actual Rows": 18318,"Actual Loops": 1,"Sort Key": ["(count(DISTINCT partsupp.ps_suppkey)) DESC", "part.p_brand", "part.p_type", "part.p_size"],"Sort Method": "quicksort","Sort Space Used": 2342,"Sort Space Type": "Memory","Plans": [{"Node Type": "Aggregate","Strategy": "Sorted","Partial Mode": "Simple","Parent Relationship": "Outer","Parallel Aware": false,"Async Capable": false,"Startup Cost": 24262.58,"Total Cost": 32156.63,"Plan Rows": 16018,"Plan Width": 44,"Actual Startup Time": 129.990,"Actual Total Time": 195.934,"Actual Rows": 18318,"Actual Loops": 1,"Group Key": ["part.p_brand", "part.p_type", "part.p_size"],"Plans": [{"Node Type": "Gather Merge","Parent Relationship": "Outer","Parallel Aware": false,"Async Capable": false,"Startup Cost": 24262.58,"Total Cost": 31400.32,"Plan Rows": 59613,"Plan Width": 40,"Actual Startup Time": 129.911,"Actual Total Time": 168.386,"Actual Rows": 119087,"Actual Loops": 1,"Workers Planned": 4,"Workers Launched": 4,"Plans": [{"Node Type": "Sort","Parent Relationship": "Outer","Parallel Aware": false,"Async Capable": false,"Startup Cost": 23262.52,"Total Cost": 23299.78,"Plan Rows": 14903,"Plan Width": 40,"Actual Startup Time": 120.746,"Actual Total Time": 123.387,"Actual Rows": 23817,"Actual Loops": 5,"Sort Key": ["part.p_brand", "part.p_type", "part.p_size"],"Sort Method": "quicksort","Sort Space Used": 2654,"Sort Space Type": "Memory","Workers": [{"Worker Number": 0,"Sort Method": "quicksort","Sort Space Used": 2709,"Sort Space Type": "Memory"},{"Worker Number": 1,"Sort Method": "quicksort","Sort Space Used": 2768,"Sort Space Type": "Memory"},{"Worker Number": 2,"Sort Method": "quicksort","Sort Space Used": 2750,"Sort Space Type": "Memory"},{"Worker Number": 3,"Sort Method": "quicksort","Sort Space Used": 2754,"Sort Space Type": "Memory"}],"Plans": [{"Node Type": "Hash Join","Parent Relationship": "Outer","Parallel Aware": true,"Async Capable": false,"Join Type": "Inner","Startup Cost": 6683.00,"Total Cost": 22229.50,"Plan Rows": 14903,"Plan Width": 40,"Actual Startup Time": 29.426,"Actual Total Time": 78.956,"Actual Rows": 23817,"Actual Loops": 5,"Inner Unique": true,"Hash Cond": "(partsupp.ps_partkey = part.p_partkey)","Workers": [],"Plans": [{"Node Type": "Index Only Scan","Parent Relationship": "Outer","Parallel Aware": true,"Async Capable": false,"Scan Direction": "Forward","Index Name": "partsupp_pkey","Relation Name": "partsupp","Alias": "partsupp","Startup Cost": 347.43,"Total Cost": 15631.43,"Plan Rows": 100000,"Plan Width": 8,"Actual Startup Time": 7.043,"Actual Total Time": 31.636,"Actual Rows": 159936,"Actual Loops": 5,"Filter": "(NOT (hashed SubPlan 1))","Rows Removed by Filter": 64,"Heap Fetches": 0,"Workers": [],"Plans": [{"Node Type": "Seq Scan","Parent Relationship": "SubPlan","Subplan Name": "SubPlan 1","Parallel Aware": false,"Async Capable": false,"Relation Name": "supplier","Alias": "supplier","Startup Cost": 0.00,"Total Cost": 347.00,"Plan Rows": 1,"Plan Width": 4,"Actual Startup Time": 0.160,"Actual Total Time": 6.909,"Actual Rows": 4,"Actual Loops": 5,"Filter": "((s_comment)::text ~~ '%Customer%Complaints%'::text)","Rows Removed by Filter": 9996,"Workers": []}]},{"Node Type": "Hash","Parent Relationship": "Inner","Parallel Aware": true,"Async Capable": false,"Startup Cost": 6180.33,"Total Cost": 6180.33,"Plan Rows": 12419,"Plan Width": 40,"Actual Startup Time": 22.088,"Actual Total Time": 22.091,"Actual Rows": 5957,"Actual Loops": 5,"Hash Buckets": 32768,"Original Hash Buckets": 32768,"Hash Batches": 1,"Original Hash Batches": 1,"Peak Memory Usage": 2592,"Workers": [],"Plans": [{"Node Type": "Seq Scan","Parent Relationship": "Outer","Parallel Aware": true,"Async Capable": false,"Relation Name": "part","Alias": "part","Startup Cost": 0.00,"Total Cost": 6180.33,"Plan Rows": 12419,"Plan Width": 40,"Actual Startup Time": 0.064,"Actual Total Time": 18.554,"Actual Rows": 5957,"Actual Loops": 5,"Filter": "((p_brand <> 'Brand#23'::bpchar) AND ((p_type)::text !~~ 'STANDARD PLATED%'::text) AND (p_size = ANY ('{43,3,49,37,28,42,11,16}'::integer[])))","Rows Removed by Filter": 34043,"Workers": []}]}]}]}]}]}]},"Planning Time": 4.218,"Triggers": [],"Execution Time": 236.997}]
[{"Plan": {"Node Type": "Sort","Parallel Aware": false,"Async Capable": false,"Startup Cost": 32987.44,"Total Cost": 33026.95,"Plan Rows": 15804,"Plan Width": 44,"Actual Startup Time": 237.966,"Actual Total Time": 239.503,"Actual Rows": 18349,"Actual Loops": 1,"Sort Key": ["(count(DISTINCT partsupp.ps_suppkey)) DESC", "part.p_brand", "part.p_type", "part.p_size"],"Sort Method": "quicksort","Sort Space Used": 2345,"Sort Space Type": "Memory","Plans": [{"Node Type": "Aggregate","Strategy": "Sorted","Partial Mode": "Simple","Parent Relationship": "Outer","Parallel Aware": false,"Async Capable": false,"Startup Cost": 24224.03,"Total Cost": 31885.27,"Plan Rows": 15804,"Plan Width": 44,"Actual Startup Time": 135.893,"Actual Total Time": 202.166,"Actual Rows": 18349,"Actual Loops": 1,"Group Key": ["part.p_brand", "part.p_type", "part.p_size"],"Plans": [{"Node Type": "Gather Merge","Parent Relationship": "Outer","Parallel Aware": false,"Async Capable": false,"Startup Cost": 24224.03,"Total Cost": 31148.88,"Plan Rows": 57835,"Plan Width": 40,"Actual Startup Time": 135.851,"Actual Total Time": 174.701,"Actual Rows": 119389,"Actual Loops": 1,"Workers Planned": 4,"Workers Launched": 4,"Plans": [{"Node Type": "Sort","Parent Relationship": "Outer","Parallel Aware": false,"Async Capable": false,"Startup Cost": 23223.97,"Total Cost": 23260.11,"Plan Rows": 14459,"Plan Width": 40,"Actual Startup Time": 124.165,"Actual Total Time": 126.778,"Actual Rows": 23878,"Actual Loops": 5,"Sort Key": ["part.p_brand", "part.p_type", "part.p_size"],"Sort Method": "quicksort","Sort Space Used": 2463,"Sort Space Type": "Memory","Workers": [{"Worker Number": 0,"Sort Method": "quicksort","Sort Space Used": 2903,"Sort Space Type": "Memory"},{"Worker Number": 1,"Sort Method": "quicksort","Sort Space Used": 2925,"Sort Space Type": "Memory"},{"Worker Number": 2,"Sort Method": "quicksort","Sort Space Used": 2456,"Sort Space Type": "Memory"},{"Worker Number": 3,"Sort Method": "quicksort","Sort Space Used": 2923,"Sort Space Type": "Memory"}],"Plans": [{"Node Type": "Hash Join","Parent Relationship": "Outer","Parallel Aware": true,"Async Capable": false,"Join Type": "Inner","Startup Cost": 6678.37,"Total Cost": 22224.87,"Plan Rows": 14459,"Plan Width": 40,"Actual Startup Time": 32.191,"Actual Total Time": 82.218,"Actual Rows": 23878,"Actual Loops": 5,"Inner Unique": true,"Hash Cond": "(partsupp.ps_partkey = part.p_partkey)","Workers": [],"Plans": [{"Node Type": "Index Only Scan","Parent Relationship": "Outer","Parallel Aware": true,"Async Capable": false,"Scan Direction": "Forward","Index Name": "partsupp_pkey","Relation Name": "partsupp","Alias": "partsupp","Startup Cost": 347.43,"Total Cost": 15631.43,"Plan Rows": 100000,"Plan Width": 8,"Actual Startup Time": 7.667,"Actual Total Time": 32.837,"Actual Rows": 159936,"Actual Loops": 5,"Filter": "(NOT (hashed SubPlan 1))","Rows Removed by Filter": 64,"Heap Fetches": 0,"Workers": [],"Plans": [{"Node Type": "Seq Scan","Parent Relationship": "SubPlan","Subplan Name": "SubPlan 1","Parallel Aware": false,"Async Capable": false,"Relation Name": "supplier","Alias": "supplier","Startup Cost": 0.00,"Total Cost": 347.00,"Plan Rows": 1,"Plan Width": 4,"Actual Startup Time": 0.145,"Actual Total Time": 7.518,"Actual Rows": 4,"Actual Loops": 5,"Filter": "((s_comment)::text ~~ '%Customer%Complaints%'::text)","Rows Removed by Filter": 9996,"Workers": []}]},{"Node Type": "Hash","Parent Relationship": "Inner","Parallel Aware": true,"Async Capable": false,"Startup Cost": 6180.33,"Total Cost": 6180.33,"Plan Rows": 12049,"Plan Width": 40,"Actual Startup Time": 24.306,"Actual Total Time": 24.310,"Actual Rows": 5971,"Actual Loops": 5,"Hash Buckets": 32768,"Original Hash Buckets": 32768,"Hash Batches": 1,"Original Hash Batches": 1,"Peak Memory Usage": 2560,"Workers": [],"Plans": [{"Node Type": "Seq Scan","Parent Relationship": "Outer","Parallel Aware": true,"Async Capable": false,"Relation Name": "part","Alias": "part","Startup Cost": 0.00,"Total Cost": 6180.33,"Plan Rows": 12049,"Plan Width": 40,"Actual Startup Time": 0.062,"Actual Total Time": 20.365,"Actual Rows": 5971,"Actual Loops": 5,"Filter": "((p_brand <> 'Brand#34'::bpchar) AND ((p_type)::text !~~ 'SMALL POLISHED%'::text) AND (p_size = ANY ('{4,35,16,44,8,12,36,32}'::integer[])))","Rows Removed by Filter": 34029,"Workers": []}]}]}]}]}]}]},"Planning Time": 5.015,"Triggers": [],"Execution Time": 240.481}]
[{"Plan": {"Node Type": "Sort","Parallel Aware": false,"Async Capable": false,"Startup Cost": 33130.97,"Total Cost": 33170.75,"Plan Rows": 15912,"Plan Width": 44,"Actual Startup Time": 233.279,"Actual Total Time": 234.893,"Actual Rows": 18272,"Actual Loops": 1,"Sort Key": ["(count(DISTINCT partsupp.ps_suppkey)) DESC", "part.p_brand", "part.p_type", "part.p_size"],"Sort Method": "quicksort","Sort Space Used": 2338,"Sort Space Type": "Memory","Plans": [{"Node Type": "Aggregate","Strategy": "Sorted","Partial Mode": "Simple","Parent Relationship": "Outer","Parallel Aware": false,"Async Capable": false,"Startup Cost": 24243.21,"Total Cost": 32020.48,"Plan Rows": 15912,"Plan Width": 44,"Actual Startup Time": 130.612,"Actual Total Time": 195.485,"Actual Rows": 18272,"Actual Loops": 1,"Group Key": ["part.p_brand", "part.p_type", "part.p_size"],"Plans": [{"Node Type": "Gather Merge","Parent Relationship": "Outer","Parallel Aware": false,"Async Capable": false,"Startup Cost": 24243.21,"Total Cost": 31274.15,"Plan Rows": 58721,"Plan Width": 40,"Actual Startup Time": 130.524,"Actual Total Time": 168.032,"Actual Rows": 118205,"Actual Loops": 1,"Workers Planned": 4,"Workers Launched": 4,"Plans": [{"Node Type": "Sort","Parent Relationship": "Outer","Parallel Aware": false,"Async Capable": false,"Startup Cost": 23243.16,"Total Cost": 23279.86,"Plan Rows": 14680,"Plan Width": 40,"Actual Startup Time": 121.017,"Actual Total Time": 123.460,"Actual Rows": 23641,"Actual Loops": 5,"Sort Key": ["part.p_brand", "part.p_type", "part.p_size"],"Sort Method": "quicksort","Sort Space Used": 2657,"Sort Space Type": "Memory","Workers": [{"Worker Number": 0,"Sort Method": "quicksort","Sort Space Used": 2648,"Sort Space Type": "Memory"},{"Worker Number": 1,"Sort Method": "quicksort","Sort Space Used": 2791,"Sort Space Type": "Memory"},{"Worker Number": 2,"Sort Method": "quicksort","Sort Space Used": 2629,"Sort Space Type": "Memory"},{"Worker Number": 3,"Sort Method": "quicksort","Sort Space Used": 2835,"Sort Space Type": "Memory"}],"Plans": [{"Node Type": "Hash Join","Parent Relationship": "Outer","Parallel Aware": true,"Async Capable": false,"Join Type": "Inner","Startup Cost": 6680.69,"Total Cost": 22227.19,"Plan Rows": 14680,"Plan Width": 40,"Actual Startup Time": 31.674,"Actual Total Time": 79.752,"Actual Rows": 23641,"Actual Loops": 5,"Inner Unique": true,"Hash Cond": "(partsupp.ps_partkey = part.p_partkey)","Workers": [],"Plans": [{"Node Type": "Index Only Scan","Parent Relationship": "Outer","Parallel Aware": true,"Async Capable": false,"Scan Direction": "Forward","Index Name": "partsupp_pkey","Relation Name": "partsupp","Alias": "partsupp","Startup Cost": 347.43,"Total Cost": 15631.43,"Plan Rows": 100000,"Plan Width": 8,"Actual Startup Time": 7.770,"Actual Total Time": 32.530,"Actual Rows": 159936,"Actual Loops": 5,"Filter": "(NOT (hashed SubPlan 1))","Rows Removed by Filter": 64,"Heap Fetches": 0,"Workers": [],"Plans": [{"Node Type": "Seq Scan","Parent Relationship": "SubPlan","Subplan Name": "SubPlan 1","Parallel Aware": false,"Async Capable": false,"Relation Name": "supplier","Alias": "supplier","Startup Cost": 0.00,"Total Cost": 347.00,"Plan Rows": 1,"Plan Width": 4,"Actual Startup Time": 0.214,"Actual Total Time": 7.605,"Actual Rows": 4,"Actual Loops": 5,"Filter": "((s_comment)::text ~~ '%Customer%Complaints%'::text)","Rows Removed by Filter": 9996,"Workers": []}]},{"Node Type": "Hash","Parent Relationship": "Inner","Parallel Aware": true,"Async Capable": false,"Startup Cost": 6180.33,"Total Cost": 6180.33,"Plan Rows": 12234,"Plan Width": 40,"Actual Startup Time": 23.667,"Actual Total Time": 23.670,"Actual Rows": 5913,"Actual Loops": 5,"Hash Buckets": 32768,"Original Hash Buckets": 32768,"Hash Batches": 1,"Original Hash Batches": 1,"Peak Memory Usage": 2592,"Workers": [],"Plans": [{"Node Type": "Seq Scan","Parent Relationship": "Outer","Parallel Aware": true,"Async Capable": false,"Relation Name": "part","Alias": "part","Startup Cost": 0.00,"Total Cost": 6180.33,"Plan Rows": 12234,"Plan Width": 40,"Actual Startup Time": 0.056,"Actual Total Time": 19.863,"Actual Rows": 5913,"Actual Loops": 5,"Filter": "((p_brand <> 'Brand#51'::bpchar) AND ((p_type)::text !~~ 'PROMO BURNISHED%'::text) AND (p_size = ANY ('{13,46,21,41,25,44,17,37}'::integer[])))","Rows Removed by Filter": 34087,"Workers": []}]}]}]}]}]}]},"Planning Time": 4.967,"Triggers": [],"Execution Time": 235.753}]
[{"Plan": {"Node Type": "Sort","Parallel Aware": false,"Async Capable": false,"Startup Cost": 33221.39,"Total Cost": 33261.33,"Plan Rows": 15978,"Plan Width": 44,"Actual Startup Time": 238.725,"Actual Total Time": 240.631,"Actual Rows": 18368,"Actual Loops": 1,"Sort Key": ["(count(DISTINCT partsupp.ps_suppkey)) DESC", "part.p_brand", "part.p_type", "part.p_size"],"Sort Method": "quicksort","Sort Space Used": 2346,"Sort Space Type": "Memory","Plans": [{"Node Type": "Aggregate","Strategy": "Sorted","Partial Mode": "Simple","Parent Relationship": "Outer","Parallel Aware": false,"Async Capable": false,"Startup Cost": 24255.37,"Total Cost": 32105.82,"Plan Rows": 15978,"Plan Width": 44,"Actual Startup Time": 133.269,"Actual Total Time": 200.267,"Actual Rows": 18368,"Actual Loops": 1,"Group Key": ["part.p_brand", "part.p_type", "part.p_size"],"Plans": [{"Node Type": "Gather Merge","Parent Relationship": "Outer","Parallel Aware": false,"Async Capable": false,"Startup Cost": 24255.37,"Total Cost": 31353.24,"Plan Rows": 59280,"Plan Width": 40,"Actual Startup Time": 133.237,"Actual Total Time": 172.611,"Actual Rows": 119512,"Actual Loops": 1,"Workers Planned": 4,"Workers Launched": 4,"Plans": [{"Node Type": "Sort","Parent Relationship": "Outer","Parallel Aware": false,"Async Capable": false,"Startup Cost": 23255.31,"Total Cost": 23292.36,"Plan Rows": 14820,"Plan Width": 40,"Actual Startup Time": 125.161,"Actual Total Time": 127.621,"Actual Rows": 23902,"Actual Loops": 5,"Sort Key": ["part.p_brand", "part.p_type", "part.p_size"],"Sort Method": "quicksort","Sort Space Used": 2731,"Sort Space Type": "Memory","Workers": [{"Worker Number": 0,"Sort Method": "quicksort","Sort Space Used": 2729,"Sort Space Type": "Memory"},{"Worker Number": 1,"Sort Method": "quicksort","Sort Space Used": 2747,"Sort Space Type": "Memory"},{"Worker Number": 2,"Sort Method": "quicksort","Sort Space Used": 2716,"Sort Space Type": "Memory"},{"Worker Number": 3,"Sort Method": "quicksort","Sort Space Used": 2749,"Sort Space Type": "Memory"}],"Plans": [{"Node Type": "Hash Join","Parent Relationship": "Outer","Parallel Aware": true,"Async Capable": false,"Join Type": "Inner","Startup Cost": 6682.14,"Total Cost": 22228.64,"Plan Rows": 14820,"Plan Width": 40,"Actual Startup Time": 31.821,"Actual Total Time": 83.118,"Actual Rows": 23902,"Actual Loops": 5,"Inner Unique": true,"Hash Cond": "(partsupp.ps_partkey = part.p_partkey)","Workers": [],"Plans": [{"Node Type": "Index Only Scan","Parent Relationship": "Outer","Parallel Aware": true,"Async Capable": false,"Scan Direction": "Forward","Index Name": "partsupp_pkey","Relation Name": "partsupp","Alias": "partsupp","Startup Cost": 347.43,"Total Cost": 15631.43,"Plan Rows": 100000,"Plan Width": 8,"Actual Startup Time": 7.642,"Actual Total Time": 33.163,"Actual Rows": 159936,"Actual Loops": 5,"Filter": "(NOT (hashed SubPlan 1))","Rows Removed by Filter": 64,"Heap Fetches": 0,"Workers": [],"Plans": [{"Node Type": "Seq Scan","Parent Relationship": "SubPlan","Subplan Name": "SubPlan 1","Parallel Aware": false,"Async Capable": false,"Relation Name": "supplier","Alias": "supplier","Startup Cost": 0.00,"Total Cost": 347.00,"Plan Rows": 1,"Plan Width": 4,"Actual Startup Time": 0.266,"Actual Total Time": 7.481,"Actual Rows": 4,"Actual Loops": 5,"Filter": "((s_comment)::text ~~ '%Customer%Complaints%'::text)","Rows Removed by Filter": 9996,"Workers": []}]},{"Node Type": "Hash","Parent Relationship": "Inner","Parallel Aware": true,"Async Capable": false,"Startup Cost": 6180.33,"Total Cost": 6180.33,"Plan Rows": 12350,"Plan Width": 40,"Actual Startup Time": 23.912,"Actual Total Time": 23.915,"Actual Rows": 5979,"Actual Loops": 5,"Hash Buckets": 32768,"Original Hash Buckets": 32768,"Hash Batches": 1,"Original Hash Batches": 1,"Peak Memory Usage": 2624,"Workers": [],"Plans": [{"Node Type": "Seq Scan","Parent Relationship": "Outer","Parallel Aware": true,"Async Capable": false,"Relation Name": "part","Alias": "part","Startup Cost": 0.00,"Total Cost": 6180.33,"Plan Rows": 12350,"Plan Width": 40,"Actual Startup Time": 0.043,"Actual Total Time": 19.634,"Actual Rows": 5979,"Actual Loops": 5,"Filter": "((p_brand <> 'Brand#41'::bpchar) AND ((p_type)::text !~~ 'STANDARD PLATED%'::text) AND (p_size = ANY ('{2,11,21,12,30,5,25,8}'::integer[])))","Rows Removed by Filter": 34021,"Workers": []}]}]}]}]}]}]},"Planning Time": 4.193,"Triggers": [],"Execution Time": 241.577}]
[{"Plan": {"Node Type": "Sort","Parallel Aware": false,"Async Capable": false,"Startup Cost": 33301.79,"Total Cost": 33341.88,"Plan Rows": 16037,"Plan Width": 44,"Actual Startup Time": 235.956,"Actual Total Time": 237.603,"Actual Rows": 18217,"Actual Loops": 1,"Sort Key": ["(count(DISTINCT partsupp.ps_suppkey)) DESC", "part.p_brand", "part.p_type", "part.p_size"],"Sort Method": "quicksort","Sort Space Used": 2333,"Sort Space Type": "Memory","Plans": [{"Node Type": "Aggregate","Strategy": "Sorted","Partial Mode": "Simple","Parent Relationship": "Outer","Parallel Aware": false,"Async Capable": false,"Startup Cost": 24266.16,"Total Cost": 32181.67,"Plan Rows": 16037,"Plan Width": 44,"Actual Startup Time": 131.615,"Actual Total Time": 197.705,"Actual Rows": 18217,"Actual Loops": 1,"Group Key": ["part.p_brand", "part.p_type", "part.p_size"],"Plans": [{"Node Type": "Gather Merge","Parent Relationship": "Outer","Parallel Aware": false,"Async Capable": false,"Startup Cost": 24266.16,"Total Cost": 31423.53,"Plan Rows": 59777,"Plan Width": 40,"Actual Startup Time": 131.540,"Actual Total Time": 169.931,"Actual Rows": 119305,"Actual Loops": 1,"Workers Planned": 4,"Workers Launched": 4,"Plans": [{"Node Type": "Sort","Parent Relationship": "Outer","Parallel Aware": false,"Async Capable": false,"Startup Cost": 23266.10,"Total Cost": 23303.46,"Plan Rows": 14944,"Plan Width": 40,"Actual Startup Time": 121.725,"Actual Total Time": 124.268,"Actual Rows": 23861,"Actual Loops": 5,"Sort Key": ["part.p_brand", "part.p_type", "part.p_size"],"Sort Method": "quicksort","Sort Space Used": 2656,"Sort Space Type": "Memory","Workers": [{"Worker Number": 0,"Sort Method": "quicksort","Sort Space Used": 2686,"Sort Space Type": "Memory"},{"Worker Number": 1,"Sort Method": "quicksort","Sort Space Used": 2829,"Sort Space Type": "Memory"},{"Worker Number": 2,"Sort Method": "quicksort","Sort Space Used": 2655,"Sort Space Type": "Memory"},{"Worker Number": 3,"Sort Method": "quicksort","Sort Space Used": 2845,"Sort Space Type": "Memory"}],"Plans": [{"Node Type": "Hash Join","Parent Relationship": "Outer","Parallel Aware": true,"Async Capable": false,"Join Type": "Inner","Startup Cost": 6683.44,"Total Cost": 22229.94,"Plan Rows": 14944,"Plan Width": 40,"Actual Startup Time": 31.331,"Actual Total Time": 79.638,"Actual Rows": 23861,"Actual Loops": 5,"Inner Unique": true,"Hash Cond": "(partsupp.ps_partkey = part.p_partkey)","Workers": [],"Plans": [{"Node Type": "Index Only Scan","Parent Relationship": "Outer","Parallel Aware": true,"Async Capable": false,"Scan Direction": "Forward","Index Name": "partsupp_pkey","Relation Name": "partsupp","Alias": "partsupp","Startup Cost": 347.43,"Total Cost": 15631.43,"Plan Rows": 100000,"Plan Width": 8,"Actual Startup Time": 7.532,"Actual Total Time": 32.267,"Actual Rows": 159936,"Actual Loops": 5,"Filter": "(NOT (hashed SubPlan 1))","Rows Removed by Filter": 64,"Heap Fetches": 0,"Workers": [],"Plans": [{"Node Type": "Seq Scan","Parent Relationship": "SubPlan","Subplan Name": "SubPlan 1","Parallel Aware": false,"Async Capable": false,"Relation Name": "supplier","Alias": "supplier","Startup Cost": 0.00,"Total Cost": 347.00,"Plan Rows": 1,"Plan Width": 4,"Actual Startup Time": 0.132,"Actual Total Time": 7.383,"Actual Rows": 4,"Actual Loops": 5,"Filter": "((s_comment)::text ~~ '%Customer%Complaints%'::text)","Rows Removed by Filter": 9996,"Workers": []}]},{"Node Type": "Hash","Parent Relationship": "Inner","Parallel Aware": true,"Async Capable": false,"Startup Cost": 6180.33,"Total Cost": 6180.33,"Plan Rows": 12454,"Plan Width": 40,"Actual Startup Time": 23.551,"Actual Total Time": 23.555,"Actual Rows": 5967,"Actual Loops": 5,"Hash Buckets": 32768,"Original Hash Buckets": 32768,"Hash Batches": 1,"Original Hash Batches": 1,"Peak Memory Usage": 2560,"Workers": [],"Plans": [{"Node Type": "Seq Scan","Parent Relationship": "Outer","Parallel Aware": true,"Async Capable": false,"Relation Name": "part","Alias": "part","Startup Cost": 0.00,"Total Cost": 6180.33,"Plan Rows": 12454,"Plan Width": 40,"Actual Startup Time": 0.052,"Actual Total Time": 19.739,"Actual Rows": 5967,"Actual Loops": 5,"Filter": "((p_brand <> 'Brand#41'::bpchar) AND ((p_type)::text !~~ 'MEDIUM PLATED%'::text) AND (p_size = ANY ('{7,44,18,43,26,27,13,10}'::integer[])))","Rows Removed by Filter": 34033,"Workers": []}]}]}]}]}]}]},"Planning Time": 5.132,"Triggers": [],"Execution Time": 238.632}]
[{"Plan": {"Node Type": "Sort","Parallel Aware": false,"Async Capable": false,"Startup Cost": 33307.45,"Total Cost": 33347.56,"Plan Rows": 16041,"Plan Width": 44,"Actual Startup Time": 233.486,"Actual Total Time": 235.539,"Actual Rows": 18221,"Actual Loops": 1,"Sort Key": ["(count(DISTINCT partsupp.ps_suppkey)) DESC", "part.p_brand", "part.p_type", "part.p_size"],"Sort Method": "quicksort","Sort Space Used": 2333,"Sort Space Type": "Memory","Plans": [{"Node Type": "Aggregate","Strategy": "Sorted","Partial Mode": "Simple","Parent Relationship": "Outer","Parallel Aware": false,"Async Capable": false,"Startup Cost": 24266.93,"Total Cost": 32187.03,"Plan Rows": 16041,"Plan Width": 44,"Actual Startup Time": 132.711,"Actual Total Time": 198.291,"Actual Rows": 18221,"Actual Loops": 1,"Group Key": ["part.p_brand", "part.p_type", "part.p_size"],"Plans": [{"Node Type": "Gather Merge","Parent Relationship": "Outer","Parallel Aware": false,"Async Capable": false,"Startup Cost": 24266.93,"Total Cost": 31428.50,"Plan Rows": 59812,"Plan Width": 40,"Actual Startup Time": 132.638,"Actual Total Time": 171.024,"Actual Rows": 118318,"Actual Loops": 1,"Workers Planned": 4,"Workers Launched": 4,"Plans": [{"Node Type": "Sort","Parent Relationship": "Outer","Parallel Aware": false,"Async Capable": false,"Startup Cost": 23266.88,"Total Cost": 23304.26,"Plan Rows": 14953,"Plan Width": 40,"Actual Startup Time": 123.145,"Actual Total Time": 125.365,"Actual Rows": 23664,"Actual Loops": 5,"Sort Key": ["part.p_brand", "part.p_type", "part.p_size"],"Sort Method": "quicksort","Sort Space Used": 2833,"Sort Space Type": "Memory","Workers": [{"Worker Number": 0,"Sort Method": "quicksort","Sort Space Used": 2821,"Sort Space Type": "Memory"},{"Worker Number": 1,"Sort Method": "quicksort","Sort Space Used": 2546,"Sort Space Type": "Memory"},{"Worker Number": 2,"Sort Method": "quicksort","Sort Space Used": 2811,"Sort Space Type": "Memory"},{"Worker Number": 3,"Sort Method": "quicksort","Sort Space Used": 2564,"Sort Space Type": "Memory"}],"Plans": [{"Node Type": "Hash Join","Parent Relationship": "Outer","Parallel Aware": true,"Async Capable": false,"Join Type": "Inner","Startup Cost": 6683.52,"Total Cost": 22230.02,"Plan Rows": 14953,"Plan Width": 40,"Actual Startup Time": 30.813,"Actual Total Time": 81.764,"Actual Rows": 23664,"Actual Loops": 5,"Inner Unique": true,"Hash Cond": "(partsupp.ps_partkey = part.p_partkey)","Workers": [],"Plans": [{"Node Type": "Index Only Scan","Parent Relationship": "Outer","Parallel Aware": true,"Async Capable": false,"Scan Direction": "Forward","Index Name": "partsupp_pkey","Relation Name": "partsupp","Alias": "partsupp","Startup Cost": 347.43,"Total Cost": 15631.43,"Plan Rows": 100000,"Plan Width": 8,"Actual Startup Time": 7.796,"Actual Total Time": 33.030,"Actual Rows": 159936,"Actual Loops": 5,"Filter": "(NOT (hashed SubPlan 1))","Rows Removed by Filter": 64,"Heap Fetches": 0,"Workers": [],"Plans": [{"Node Type": "Seq Scan","Parent Relationship": "SubPlan","Subplan Name": "SubPlan 1","Parallel Aware": false,"Async Capable": false,"Relation Name": "supplier","Alias": "supplier","Startup Cost": 0.00,"Total Cost": 347.00,"Plan Rows": 1,"Plan Width": 4,"Actual Startup Time": 0.222,"Actual Total Time": 7.656,"Actual Rows": 4,"Actual Loops": 5,"Filter": "((s_comment)::text ~~ '%Customer%Complaints%'::text)","Rows Removed by Filter": 9996,"Workers": []}]},{"Node Type": "Hash","Parent Relationship": "Inner","Parallel Aware": true,"Async Capable": false,"Startup Cost": 6180.33,"Total Cost": 6180.33,"Plan Rows": 12461,"Plan Width": 40,"Actual Startup Time": 22.757,"Actual Total Time": 22.761,"Actual Rows": 5918,"Actual Loops": 5,"Hash Buckets": 32768,"Original Hash Buckets": 32768,"Hash Batches": 1,"Original Hash Batches": 1,"Peak Memory Usage": 2496,"Workers": [],"Plans": [{"Node Type": "Seq Scan","Parent Relationship": "Outer","Parallel Aware": true,"Async Capable": false,"Relation Name": "part","Alias": "part","Startup Cost": 0.00,"Total Cost": 6180.33,"Plan Rows": 12461,"Plan Width": 40,"Actual Startup Time": 0.051,"Actual Total Time": 18.974,"Actual Rows": 5918,"Actual Loops": 5,"Filter": "((p_brand <> 'Brand#53'::bpchar) AND ((p_type)::text !~~ 'ECONOMY ANODIZED%'::text) AND (p_size = ANY ('{31,39,34,7,37,16,11,50}'::integer[])))","Rows Removed by Filter": 34082,"Workers": []}]}]}]}]}]}]},"Planning Time": 3.975,"Triggers": [],"Execution Time": 236.444}]
[{"Plan": {"Node Type": "Sort","Parallel Aware": false,"Async Capable": false,"Startup Cost": 33506.24,"Total Cost": 33546.69,"Plan Rows": 16182,"Plan Width": 44,"Actual Startup Time": 234.312,"Actual Total Time": 236.111,"Actual Rows": 18397,"Actual Loops": 1,"Sort Key": ["(count(DISTINCT partsupp.ps_suppkey)) DESC", "part.p_brand", "part.p_type", "part.p_size"],"Sort Method": "quicksort","Sort Space Used": 2349,"Sort Space Type": "Memory","Plans": [{"Node Type": "Aggregate","Strategy": "Sorted","Partial Mode": "Simple","Parent Relationship": "Outer","Parallel Aware": false,"Async Capable": false,"Startup Cost": 24293.73,"Total Cost": 32374.95,"Plan Rows": 16182,"Plan Width": 44,"Actual Startup Time": 129.705,"Actual Total Time": 196.135,"Actual Rows": 18397,"Actual Loops": 1,"Group Key": ["part.p_brand", "part.p_type", "part.p_size"],"Plans": [{"Node Type": "Gather Merge","Parent Relationship": "Outer","Parallel Aware": false,"Async Capable": false,"Startup Cost": 24293.73,"Total Cost": 31602.70,"Plan Rows": 61043,"Plan Width": 40,"Actual Startup Time": 129.653,"Actual Total Time": 168.556,"Actual Rows": 119484,"Actual Loops": 1,"Workers Planned": 4,"Workers Launched": 4,"Plans": [{"Node Type": "Sort","Parent Relationship": "Outer","Parallel Aware": false,"Async Capable": false,"Startup Cost": 23293.68,"Total Cost": 23331.83,"Plan Rows": 15261,"Plan Width": 40,"Actual Startup Time": 122.109,"Actual Total Time": 124.738,"Actual Rows": 23897,"Actual Loops": 5,"Sort Key": ["part.p_brand", "part.p_type", "part.p_size"],"Sort Method": "quicksort","Sort Space Used": 2713,"Sort Space Type": "Memory","Workers": [{"Worker Number": 0,"Sort Method": "quicksort","Sort Space Used": 2760,"Sort Space Type": "Memory"},{"Worker Number": 1,"Sort Method": "quicksort","Sort Space Used": 2703,"Sort Space Type": "Memory"},{"Worker Number": 2,"Sort Method": "quicksort","Sort Space Used": 2756,"Sort Space Type": "Memory"},{"Worker Number": 3,"Sort Method": "quicksort","Sort Space Used": 2759,"Sort Space Type": "Memory"}],"Plans": [{"Node Type": "Hash Join","Parent Relationship": "Outer","Parallel Aware": true,"Async Capable": false,"Join Type": "Inner","Startup Cost": 6686.72,"Total Cost": 22233.22,"Plan Rows": 15261,"Plan Width": 40,"Actual Startup Time": 29.012,"Actual Total Time": 80.008,"Actual Rows": 23897,"Actual Loops": 5,"Inner Unique": true,"Hash Cond": "(partsupp.ps_partkey = part.p_partkey)","Workers": [],"Plans": [{"Node Type": "Index Only Scan","Parent Relationship": "Outer","Parallel Aware": true,"Async Capable": false,"Scan Direction": "Forward","Index Name": "partsupp_pkey","Relation Name": "partsupp","Alias": "partsupp","Startup Cost": 347.43,"Total Cost": 15631.43,"Plan Rows": 100000,"Plan Width": 8,"Actual Startup Time": 6.891,"Actual Total Time": 32.038,"Actual Rows": 159936,"Actual Loops": 5,"Filter": "(NOT (hashed SubPlan 1))","Rows Removed by Filter": 64,"Heap Fetches": 0,"Workers": [],"Plans": [{"Node Type": "Seq Scan","Parent Relationship": "SubPlan","Subplan Name": "SubPlan 1","Parallel Aware": false,"Async Capable": false,"Relation Name": "supplier","Alias": "supplier","Startup Cost": 0.00,"Total Cost": 347.00,"Plan Rows": 1,"Plan Width": 4,"Actual Startup Time": 0.189,"Actual Total Time": 6.787,"Actual Rows": 4,"Actual Loops": 5,"Filter": "((s_comment)::text ~~ '%Customer%Complaints%'::text)","Rows Removed by Filter": 9996,"Workers": []}]},{"Node Type": "Hash","Parent Relationship": "Inner","Parallel Aware": true,"Async Capable": false,"Startup Cost": 6180.33,"Total Cost": 6180.33,"Plan Rows": 12717,"Plan Width": 40,"Actual Startup Time": 21.870,"Actual Total Time": 21.873,"Actual Rows": 5977,"Actual Loops": 5,"Hash Buckets": 32768,"Original Hash Buckets": 32768,"Hash Batches": 1,"Original Hash Batches": 1,"Peak Memory Usage": 2560,"Workers": [],"Plans": [{"Node Type": "Seq Scan","Parent Relationship": "Outer","Parallel Aware": true,"Async Capable": false,"Relation Name": "part","Alias": "part","Startup Cost": 0.00,"Total Cost": 6180.33,"Plan Rows": 12717,"Plan Width": 40,"Actual Startup Time": 0.045,"Actual Total Time": 17.917,"Actual Rows": 5977,"Actual Loops": 5,"Filter": "((p_brand <> 'Brand#53'::bpchar) AND ((p_type)::text !~~ 'MEDIUM PLATED%'::text) AND (p_size = ANY ('{14,19,10,5,35,50,3,15}'::integer[])))","Rows Removed by Filter": 34023,"Workers": []}]}]}]}]}]}]},"Planning Time": 4.181,"Triggers": [],"Execution Time": 237.026}]
[{"Plan": {"Node Type": "Sort","Parallel Aware": false,"Async Capable": false,"Startup Cost": 33185.32,"Total Cost": 33225.20,"Plan Rows": 15952,"Plan Width": 44,"Actual Startup Time": 240.347,"Actual Total Time": 242.402,"Actual Rows": 18346,"Actual Loops": 1,"Sort Key": ["(count(DISTINCT partsupp.ps_suppkey)) DESC", "part.p_brand", "part.p_type", "part.p_size"],"Sort Method": "quicksort","Sort Space Used": 2344,"Sort Space Type": "Memory","Plans": [{"Node Type": "Aggregate","Strategy": "Sorted","Partial Mode": "Simple","Parent Relationship": "Outer","Parallel Aware": false,"Async Capable": false,"Startup Cost": 24250.50,"Total Cost": 32071.76,"Plan Rows": 15952,"Plan Width": 44,"Actual Startup Time": 134.039,"Actual Total Time": 201.348,"Actual Rows": 18346,"Actual Loops": 1,"Group Key": ["part.p_brand", "part.p_type", "part.p_size"],"Plans": [{"Node Type": "Gather Merge","Parent Relationship": "Outer","Parallel Aware": false,"Async Capable": false,"Startup Cost": 24250.50,"Total Cost": 31321.67,"Plan Rows": 59057,"Plan Width": 40,"Actual Startup Time": 133.970,"Actual Total Time": 173.673,"Actual Rows": 119237,"Actual Loops": 1,"Workers Planned": 4,"Workers Launched": 4,"Plans": [{"Node Type": "Sort","Parent Relationship": "Outer","Parallel Aware": false,"Async Capable": false,"Startup Cost": 23250.44,"Total Cost": 23287.35,"Plan Rows": 14764,"Plan Width": 40,"Actual Startup Time": 122.287,"Actual Total Time": 124.827,"Actual Rows": 23847,"Actual Loops": 5,"Sort Key": ["part.p_brand", "part.p_type", "part.p_size"],"Sort Method": "quicksort","Sort Space Used": 2448,"Sort Space Type": "Memory","Workers": [{"Worker Number": 0,"Sort Method": "quicksort","Sort Space Used": 2921,"Sort Space Type": "Memory"},{"Worker Number": 1,"Sort Method": "quicksort","Sort Space Used": 2929,"Sort Space Type": "Memory"},{"Worker Number": 2,"Sort Method": "quicksort","Sort Space Used": 2421,"Sort Space Type": "Memory"},{"Worker Number": 3,"Sort Method": "quicksort","Sort Space Used": 2931,"Sort Space Type": "Memory"}],"Plans": [{"Node Type": "Hash Join","Parent Relationship": "Outer","Parallel Aware": true,"Async Capable": false,"Join Type": "Inner","Startup Cost": 6681.55,"Total Cost": 22228.05,"Plan Rows": 14764,"Plan Width": 40,"Actual Startup Time": 30.273,"Actual Total Time": 80.605,"Actual Rows": 23847,"Actual Loops": 5,"Inner Unique": true,"Hash Cond": "(partsupp.ps_partkey = part.p_partkey)","Workers": [],"Plans": [{"Node Type": "Index Only Scan","Parent Relationship": "Outer","Parallel Aware": true,"Async Capable": false,"Scan Direction": "Forward","Index Name": "partsupp_pkey","Relation Name": "partsupp","Alias": "partsupp","Startup Cost": 347.43,"Total Cost": 15631.43,"Plan Rows": 100000,"Plan Width": 8,"Actual Startup Time": 7.242,"Actual Total Time": 32.401,"Actual Rows": 159936,"Actual Loops": 5,"Filter": "(NOT (hashed SubPlan 1))","Rows Removed by Filter": 64,"Heap Fetches": 0,"Workers": [],"Plans": [{"Node Type": "Seq Scan","Parent Relationship": "SubPlan","Subplan Name": "SubPlan 1","Parallel Aware": false,"Async Capable": false,"Relation Name": "supplier","Alias": "supplier","Startup Cost": 0.00,"Total Cost": 347.00,"Plan Rows": 1,"Plan Width": 4,"Actual Startup Time": 0.124,"Actual Total Time": 7.081,"Actual Rows": 4,"Actual Loops": 5,"Filter": "((s_comment)::text ~~ '%Customer%Complaints%'::text)","Rows Removed by Filter": 9996,"Workers": []}]},{"Node Type": "Hash","Parent Relationship": "Inner","Parallel Aware": true,"Async Capable": false,"Startup Cost": 6180.33,"Total Cost": 6180.33,"Plan Rows": 12303,"Plan Width": 40,"Actual Startup Time": 22.752,"Actual Total Time": 22.757,"Actual Rows": 5964,"Actual Loops": 5,"Hash Buckets": 32768,"Original Hash Buckets": 32768,"Hash Batches": 1,"Original Hash Batches": 1,"Peak Memory Usage": 2528,"Workers": [],"Plans": [{"Node Type": "Seq Scan","Parent Relationship": "Outer","Parallel Aware": true,"Async Capable": false,"Relation Name": "part","Alias": "part","Startup Cost": 0.00,"Total Cost": 6180.33,"Plan Rows": 12303,"Plan Width": 40,"Actual Startup Time": 0.055,"Actual Total Time": 19.340,"Actual Rows": 5964,"Actual Loops": 5,"Filter": "((p_brand <> 'Brand#54'::bpchar) AND ((p_type)::text !~~ 'LARGE BURNISHED%'::text) AND (p_size = ANY ('{22,38,5,40,9,16,21,31}'::integer[])))","Rows Removed by Filter": 34036,"Workers": []}]}]}]}]}]}]},"Planning Time": 5.641,"Triggers": [],"Execution Time": 243.727}]
[{"Plan": {"Node Type": "Sort","Parallel Aware": false,"Async Capable": false,"Startup Cost": 32876.44,"Total Cost": 32915.74,"Plan Rows": 15720,"Plan Width": 44,"Actual Startup Time": 237.805,"Actual Total Time": 239.832,"Actual Rows": 18246,"Actual Loops": 1,"Sort Key": ["(count(DISTINCT partsupp.ps_suppkey)) DESC", "part.p_brand", "part.p_type", "part.p_size"],"Sort Method": "quicksort","Sort Space Used": 2336,"Sort Space Type": "Memory","Plans": [{"Node Type": "Aggregate","Strategy": "Sorted","Partial Mode": "Simple","Parent Relationship": "Outer","Parallel Aware": false,"Async Capable": false,"Startup Cost": 24209.20,"Total Cost": 31780.73,"Plan Rows": 15720,"Plan Width": 44,"Actual Startup Time": 132.794,"Actual Total Time": 199.663,"Actual Rows": 18246,"Actual Loops": 1,"Group Key": ["part.p_brand", "part.p_type", "part.p_size"],"Plans": [{"Node Type": "Gather Merge","Parent Relationship": "Outer","Parallel Aware": false,"Async Capable": false,"Startup Cost": 24209.20,"Total Cost": 31052.03,"Plan Rows": 57150,"Plan Width": 40,"Actual Startup Time": 132.730,"Actual Total Time": 171.853,"Actual Rows": 117695,"Actual Loops": 1,"Workers Planned": 4,"Workers Launched": 4,"Plans": [{"Node Type": "Sort","Parent Relationship": "Outer","Parallel Aware": false,"Async Capable": false,"Startup Cost": 23209.14,"Total Cost": 23244.86,"Plan Rows": 14288,"Plan Width": 40,"Actual Startup Time": 120.512,"Actual Total Time": 123.187,"Actual Rows": 23539,"Actual Loops": 5,"Sort Key": ["part.p_brand", "part.p_type", "part.p_size"],"Sort Method": "quicksort","Sort Space Used": 2404,"Sort Space Type": "Memory","Workers": [{"Worker Number": 0,"Sort Method": "quicksort","Sort Space Used": 2398,"Sort Space Type": "Memory"},{"Worker Number": 1,"Sort Method": "quicksort","Sort Space Used": 2929,"Sort Space Type": "Memory"},{"Worker Number": 2,"Sort Method": "quicksort","Sort Space Used": 2886,"Sort Space Type": "Memory"},{"Worker Number": 3,"Sort Method": "quicksort","Sort Space Used": 2917,"Sort Space Type": "Memory"}],"Plans": [{"Node Type": "Hash Join","Parent Relationship": "Outer","Parallel Aware": true,"Async Capable": false,"Join Type": "Inner","Startup Cost": 6676.59,"Total Cost": 22223.09,"Plan Rows": 14288,"Plan Width": 40,"Actual Startup Time": 28.988,"Actual Total Time": 79.037,"Actual Rows": 23539,"Actual Loops": 5,"Inner Unique": true,"Hash Cond": "(partsupp.ps_partkey = part.p_partkey)","Workers": [],"Plans": [{"Node Type": "Index Only Scan","Parent Relationship": "Outer","Parallel Aware": true,"Async Capable": false,"Scan Direction": "Forward","Index Name": "partsupp_pkey","Relation Name": "partsupp","Alias": "partsupp","Startup Cost": 347.43,"Total Cost": 15631.43,"Plan Rows": 100000,"Plan Width": 8,"Actual Startup Time": 7.421,"Actual Total Time": 32.336,"Actual Rows": 159936,"Actual Loops": 5,"Filter": "(NOT (hashed SubPlan 1))","Rows Removed by Filter": 64,"Heap Fetches": 0,"Workers": [],"Plans": [{"Node Type": "Seq Scan","Parent Relationship": "SubPlan","Subplan Name": "SubPlan 1","Parallel Aware": false,"Async Capable": false,"Relation Name": "supplier","Alias": "supplier","Startup Cost": 0.00,"Total Cost": 347.00,"Plan Rows": 1,"Plan Width": 4,"Actual Startup Time": 0.125,"Actual Total Time": 7.265,"Actual Rows": 4,"Actual Loops": 5,"Filter": "((s_comment)::text ~~ '%Customer%Complaints%'::text)","Rows Removed by Filter": 9996,"Workers": []}]},{"Node Type": "Hash","Parent Relationship": "Inner","Parallel Aware": true,"Async Capable": false,"Startup Cost": 6180.33,"Total Cost": 6180.33,"Plan Rows": 11906,"Plan Width": 40,"Actual Startup Time": 21.237,"Actual Total Time": 21.241,"Actual Rows": 5888,"Actual Loops": 5,"Hash Buckets": 32768,"Original Hash Buckets": 32768,"Hash Batches": 1,"Original Hash Batches": 1,"Peak Memory Usage": 2528,"Workers": [],"Plans": [{"Node Type": "Seq Scan","Parent Relationship": "Outer","Parallel Aware": true,"Async Capable": false,"Relation Name": "part","Alias": "part","Startup Cost": 0.00,"Total Cost": 6180.33,"Plan Rows": 11906,"Plan Width": 40,"Actual Startup Time": 0.065,"Actual Total Time": 17.738,"Actual Rows": 5888,"Actual Loops": 5,"Filter": "((p_brand <> 'Brand#24'::bpchar) AND ((p_type)::text !~~ 'MEDIUM BRUSHED%'::text) AND (p_size = ANY ('{5,31,8,6,24,34,44,28}'::integer[])))","Rows Removed by Filter": 34112,"Workers": []}]}]}]}]}]}]},"Planning Time": 3.921,"Triggers": [],"Execution Time": 241.099}]
[{"Plan": {"Node Type": "Sort","Parallel Aware": false,"Async Capable": false,"Startup Cost": 32990.26,"Total Cost": 33029.78,"Plan Rows": 15807,"Plan Width": 44,"Actual Startup Time": 253.666,"Actual Total Time": 255.726,"Actual Rows": 18301,"Actual Loops": 1,"Sort Key": ["(count(DISTINCT partsupp.ps_suppkey)) DESC", "part.p_brand", "part.p_type", "part.p_size"],"Sort Method": "quicksort","Sort Space Used": 2340,"Sort Space Type": "Memory","Plans": [{"Node Type": "Aggregate","Strategy": "Sorted","Partial Mode": "Simple","Parent Relationship": "Outer","Parallel Aware": false,"Async Capable": false,"Startup Cost": 24224.38,"Total Cost": 31887.86,"Plan Rows": 15807,"Plan Width": 44,"Actual Startup Time": 144.462,"Actual Total Time": 213.773,"Actual Rows": 18301,"Actual Loops": 1,"Group Key": ["part.p_brand", "part.p_type", "part.p_size"],"Plans": [{"Node Type": "Gather Merge","Parent Relationship": "Outer","Parallel Aware": false,"Async Capable": false,"Startup Cost": 24224.38,"Total Cost": 31151.27,"Plan Rows": 57852,"Plan Width": 40,"Actual Startup Time": 144.402,"Actual Total Time": 185.004,"Actual Rows": 118907,"Actual Loops": 1,"Workers Planned": 4,"Workers Launched": 4,"Plans": [{"Node Type": "Sort","Parent Relationship": "Outer","Parallel Aware": false,"Async Capable": false,"Startup Cost": 23224.32,"Total Cost": 23260.48,"Plan Rows": 14463,"Plan Width": 40,"Actual Startup Time": 125.429,"Actual Total Time": 128.220,"Actual Rows": 23781,"Actual Loops": 5,"Sort Key": ["part.p_brand", "part.p_type", "part.p_size"],"Sort Method": "quicksort","Sort Space Used": 2347,"Sort Space Type": "Memory","Workers": [{"Worker Number": 0,"Sort Method": "quicksort","Sort Space Used": 2812,"Sort Space Type": "Memory"},{"Worker Number": 1,"Sort Method": "quicksort","Sort Space Used": 2802,"Sort Space Type": "Memory"},{"Worker Number": 2,"Sort Method": "quicksort","Sort Space Used": 2859,"Sort Space Type": "Memory"},{"Worker Number": 3,"Sort Method": "quicksort","Sort Space Used": 2812,"Sort Space Type": "Memory"}],"Plans": [{"Node Type": "Hash Join","Parent Relationship": "Outer","Parallel Aware": true,"Async Capable": false,"Join Type": "Inner","Startup Cost": 6678.42,"Total Cost": 22224.92,"Plan Rows": 14463,"Plan Width": 40,"Actual Startup Time": 33.077,"Actual Total Time": 81.422,"Actual Rows": 23781,"Actual Loops": 5,"Inner Unique": true,"Hash Cond": "(partsupp.ps_partkey = part.p_partkey)","Workers": [],"Plans": [{"Node Type": "Index Only Scan","Parent Relationship": "Outer","Parallel Aware": true,"Async Capable": false,"Scan Direction": "Forward","Index Name": "partsupp_pkey","Relation Name": "partsupp","Alias": "partsupp","Startup Cost": 347.43,"Total Cost": 15631.43,"Plan Rows": 100000,"Plan Width": 8,"Actual Startup Time": 9.242,"Actual Total Time": 34.041,"Actual Rows": 159936,"Actual Loops": 5,"Filter": "(NOT (hashed SubPlan 1))","Rows Removed by Filter": 64,"Heap Fetches": 0,"Workers": [],"Plans": [{"Node Type": "Seq Scan","Parent Relationship": "SubPlan","Subplan Name": "SubPlan 1","Parallel Aware": false,"Async Capable": false,"Relation Name": "supplier","Alias": "supplier","Startup Cost": 0.00,"Total Cost": 347.00,"Plan Rows": 1,"Plan Width": 4,"Actual Startup Time": 0.238,"Actual Total Time": 9.111,"Actual Rows": 4,"Actual Loops": 5,"Filter": "((s_comment)::text ~~ '%Customer%Complaints%'::text)","Rows Removed by Filter": 9996,"Workers": []}]},{"Node Type": "Hash","Parent Relationship": "Inner","Parallel Aware": true,"Async Capable": false,"Startup Cost": 6180.33,"Total Cost": 6180.33,"Plan Rows": 12053,"Plan Width": 40,"Actual Startup Time": 23.571,"Actual Total Time": 23.576,"Actual Rows": 5948,"Actual Loops": 5,"Hash Buckets": 32768,"Original Hash Buckets": 32768,"Hash Batches": 1,"Original Hash Batches": 1,"Peak Memory Usage": 2528,"Workers": [],"Plans": [{"Node Type": "Seq Scan","Parent Relationship": "Outer","Parallel Aware": true,"Async Capable": false,"Relation Name": "part","Alias": "part","Startup Cost": 0.00,"Total Cost": 6180.33,"Plan Rows": 12053,"Plan Width": 40,"Actual Startup Time": 0.059,"Actual Total Time": 20.081,"Actual Rows": 5948,"Actual Loops": 5,"Filter": "((p_brand <> 'Brand#41'::bpchar) AND ((p_type)::text !~~ 'PROMO ANODIZED%'::text) AND (p_size = ANY ('{27,6,17,42,11,5,8,10}'::integer[])))","Rows Removed by Filter": 34052,"Workers": []}]}]}]}]}]}]},"Planning Time": 5.468,"Triggers": [],"Execution Time": 257.279}]
[{"Plan": {"Node Type": "Sort","Parallel Aware": false,"Async Capable": false,"Startup Cost": 33380.45,"Total Cost": 33420.68,"Plan Rows": 16093,"Plan Width": 44,"Actual Startup Time": 235.250,"Actual Total Time": 237.080,"Actual Rows": 18352,"Actual Loops": 1,"Sort Key": ["(count(DISTINCT partsupp.ps_suppkey)) DESC", "part.p_brand", "part.p_type", "part.p_size"],"Sort Method": "quicksort","Sort Space Used": 2345,"Sort Space Type": "Memory","Plans": [{"Node Type": "Aggregate","Strategy": "Sorted","Partial Mode": "Simple","Parent Relationship": "Outer","Parallel Aware": false,"Async Capable": false,"Startup Cost": 24276.76,"Total Cost": 32256.02,"Plan Rows": 16093,"Plan Width": 44,"Actual Startup Time": 130.535,"Actual Total Time": 197.202,"Actual Rows": 18352,"Actual Loops": 1,"Group Key": ["part.p_brand", "part.p_type", "part.p_size"],"Plans": [{"Node Type": "Gather Merge","Parent Relationship": "Outer","Parallel Aware": false,"Async Capable": false,"Startup Cost": 24276.76,"Total Cost": 31492.45,"Plan Rows": 60264,"Plan Width": 40,"Actual Startup Time": 130.482,"Actual Total Time": 169.611,"Actual Rows": 118982,"Actual Loops": 1,"Workers Planned": 4,"Workers Launched": 4,"Plans": [{"Node Type": "Sort","Parent Relationship": "Outer","Parallel Aware": false,"Async Capable": false,"Startup Cost": 23276.70,"Total Cost": 23314.37,"Plan Rows": 15066,"Plan Width": 40,"Actual Startup Time": 122.636,"Actual Total Time": 125.223,"Actual Rows": 23796,"Actual Loops": 5,"Sort Key": ["part.p_brand", "part.p_type", "part.p_size"],"Sort Method": "quicksort","Sort Space Used": 2734,"Sort Space Type": "Memory","Workers": [{"Worker Number": 0,"Sort Method": "quicksort","Sort Space Used": 2731,"Sort Space Type": "Memory"},{"Worker Number": 1,"Sort Method": "quicksort","Sort Space Used": 2701,"Sort Space Type": "Memory"},{"Worker Number": 2,"Sort Method": "quicksort","Sort Space Used": 2715,"Sort Space Type": "Memory"},{"Worker Number": 3,"Sort Method": "quicksort","Sort Space Used": 2743,"Sort Space Type": "Memory"}],"Plans": [{"Node Type": "Hash Join","Parent Relationship": "Outer","Parallel Aware": true,"Async Capable": false,"Join Type": "Inner","Startup Cost": 6684.70,"Total Cost": 22231.20,"Plan Rows": 15066,"Plan Width": 40,"Actual Startup Time": 29.974,"Actual Total Time": 80.777,"Actual Rows": 23796,"Actual Loops": 5,"Inner Unique": true,"Hash Cond": "(partsupp.ps_partkey = part.p_partkey)","Workers": [],"Plans": [{"Node Type": "Index Only Scan","Parent Relationship": "Outer","Parallel Aware": true,"Async Capable": false,"Scan Direction": "Forward","Index Name": "partsupp_pkey","Relation Name": "partsupp","Alias": "partsupp","Startup Cost": 347.43,"Total Cost": 15631.43,"Plan Rows": 100000,"Plan Width": 8,"Actual Startup Time": 7.435,"Actual Total Time": 32.696,"Actual Rows": 159936,"Actual Loops": 5,"Filter": "(NOT (hashed SubPlan 1))","Rows Removed by Filter": 64,"Heap Fetches": 0,"Workers": [],"Plans": [{"Node Type": "Seq Scan","Parent Relationship": "SubPlan","Subplan Name": "SubPlan 1","Parallel Aware": false,"Async Capable": false,"Relation Name": "supplier","Alias": "supplier","Startup Cost": 0.00,"Total Cost": 347.00,"Plan Rows": 1,"Plan Width": 4,"Actual Startup Time": 0.187,"Actual Total Time": 7.264,"Actual Rows": 4,"Actual Loops": 5,"Filter": "((s_comment)::text ~~ '%Customer%Complaints%'::text)","Rows Removed by Filter": 9996,"Workers": []}]},{"Node Type": "Hash","Parent Relationship": "Inner","Parallel Aware": true,"Async Capable": false,"Startup Cost": 6180.33,"Total Cost": 6180.33,"Plan Rows": 12555,"Plan Width": 40,"Actual Startup Time": 22.271,"Actual Total Time": 22.274,"Actual Rows": 5952,"Actual Loops": 5,"Hash Buckets": 32768,"Original Hash Buckets": 32768,"Hash Batches": 1,"Original Hash Batches": 1,"Peak Memory Usage": 2560,"Workers": [],"Plans": [{"Node Type": "Seq Scan","Parent Relationship": "Outer","Parallel Aware": true,"Async Capable": false,"Relation Name": "part","Alias": "part","Startup Cost": 0.00,"Total Cost": 6180.33,"Plan Rows": 12555,"Plan Width": 40,"Actual Startup Time": 0.057,"Actual Total Time": 18.437,"Actual Rows": 5952,"Actual Loops": 5,"Filter": "((p_brand <> 'Brand#34'::bpchar) AND ((p_type)::text !~~ 'SMALL BURNISHED%'::text) AND (p_size = ANY ('{1,28,19,48,35,47,41,3}'::integer[])))","Rows Removed by Filter": 34048,"Workers": []}]}]}]}]}]}]},"Planning Time": 3.820,"Triggers": [],"Execution Time": 237.950}]
[{"Plan": {"Node Type": "Sort","Parallel Aware": false,"Async Capable": false,"Startup Cost": 33178.70,"Total Cost": 33218.57,"Plan Rows": 15947,"Plan Width": 44,"Actual Startup Time": 236.741,"Actual Total Time": 238.241,"Actual Rows": 18201,"Actual Loops": 1,"Sort Key": ["(count(DISTINCT partsupp.ps_suppkey)) DESC", "part.p_brand", "part.p_type", "part.p_size"],"Sort Method": "quicksort","Sort Space Used": 2333,"Sort Space Type": "Memory","Plans": [{"Node Type": "Aggregate","Strategy": "Sorted","Partial Mode": "Simple","Parent Relationship": "Outer","Parallel Aware": false,"Async Capable": false,"Startup Cost": 24249.63,"Total Cost": 32065.52,"Plan Rows": 15947,"Plan Width": 44,"Actual Startup Time": 132.981,"Actual Total Time": 199.268,"Actual Rows": 18201,"Actual Loops": 1,"Group Key": ["part.p_brand", "part.p_type", "part.p_size"],"Plans": [{"Node Type": "Gather Merge","Parent Relationship": "Outer","Parallel Aware": false,"Async Capable": false,"Startup Cost": 24249.63,"Total Cost": 31315.89,"Plan Rows": 59016,"Plan Width": 40,"Actual Startup Time": 132.934,"Actual Total Time": 171.989,"Actual Rows": 118591,"Actual Loops": 1,"Workers Planned": 4,"Workers Launched": 4,"Plans": [{"Node Type": "Sort","Parent Relationship": "Outer","Parallel Aware": false,"Async Capable": false,"Startup Cost": 23249.58,"Total Cost": 23286.46,"Plan Rows": 14754,"Plan Width": 40,"Actual Startup Time": 121.812,"Actual Total Time": 124.350,"Actual Rows": 23718,"Actual Loops": 5,"Sort Key": ["part.p_brand", "part.p_type", "part.p_size"],"Sort Method": "quicksort","Sort Space Used": 2462,"Sort Space Type": "Memory","Workers": [{"Worker Number": 0,"Sort Method": "quicksort","Sort Space Used": 2905,"Sort Space Type": "Memory"},{"Worker Number": 1,"Sort Method": "quicksort","Sort Space Used": 2471,"Sort Space Type": "Memory"},{"Worker Number": 2,"Sort Method": "quicksort","Sort Space Used": 2881,"Sort Space Type": "Memory"},{"Worker Number": 3,"Sort Method": "quicksort","Sort Space Used": 2898,"Sort Space Type": "Memory"}],"Plans": [{"Node Type": "Hash Join","Parent Relationship": "Outer","Parallel Aware": true,"Async Capable": false,"Join Type": "Inner","Startup Cost": 6681.45,"Total Cost": 22227.95,"Plan Rows": 14754,"Plan Width": 40,"Actual Startup Time": 30.001,"Actual Total Time": 80.044,"Actual Rows": 23718,"Actual Loops": 5,"Inner Unique": true,"Hash Cond": "(partsupp.ps_partkey = part.p_partkey)","Workers": [],"Plans": [{"Node Type": "Index Only Scan","Parent Relationship": "Outer","Parallel Aware": true,"Async Capable": false,"Scan Direction": "Forward","Index Name": "partsupp_pkey","Relation Name": "partsupp","Alias": "partsupp","Startup Cost": 347.43,"Total Cost": 15631.43,"Plan Rows": 100000,"Plan Width": 8,"Actual Startup Time": 6.761,"Actual Total Time": 32.284,"Actual Rows": 159936,"Actual Loops": 5,"Filter": "(NOT (hashed SubPlan 1))","Rows Removed by Filter": 64,"Heap Fetches": 0,"Workers": [],"Plans": [{"Node Type": "Seq Scan","Parent Relationship": "SubPlan","Subplan Name": "SubPlan 1","Parallel Aware": false,"Async Capable": false,"Relation Name": "supplier","Alias": "supplier","Startup Cost": 0.00,"Total Cost": 347.00,"Plan Rows": 1,"Plan Width": 4,"Actual Startup Time": 0.227,"Actual Total Time": 6.645,"Actual Rows": 4,"Actual Loops": 5,"Filter": "((s_comment)::text ~~ '%Customer%Complaints%'::text)","Rows Removed by Filter": 9996,"Workers": []}]},{"Node Type": "Hash","Parent Relationship": "Inner","Parallel Aware": true,"Async Capable": false,"Startup Cost": 6180.33,"Total Cost": 6180.33,"Plan Rows": 12295,"Plan Width": 40,"Actual Startup Time": 22.979,"Actual Total Time": 22.982,"Actual Rows": 5932,"Actual Loops": 5,"Hash Buckets": 32768,"Original Hash Buckets": 32768,"Hash Batches": 1,"Original Hash Batches": 1,"Peak Memory Usage": 2560,"Workers": [],"Plans": [{"Node Type": "Seq Scan","Parent Relationship": "Outer","Parallel Aware": true,"Async Capable": false,"Relation Name": "part","Alias": "part","Startup Cost": 0.00,"Total Cost": 6180.33,"Plan Rows": 12295,"Plan Width": 40,"Actual Startup Time": 0.046,"Actual Total Time": 19.185,"Actual Rows": 5932,"Actual Loops": 5,"Filter": "((p_brand <> 'Brand#12'::bpchar) AND ((p_type)::text !~~ 'SMALL PLATED%'::text) AND (p_size = ANY ('{33,25,9,22,45,48,18,15}'::integer[])))","Rows Removed by Filter": 34068,"Workers": []}]}]}]}]}]}]},"Planning Time": 4.563,"Triggers": [],"Execution Time": 239.109}]
[{"Plan": {"Node Type": "Sort","Parallel Aware": false,"Async Capable": false,"Startup Cost": 33260.53,"Total Cost": 33300.55,"Plan Rows": 16007,"Plan Width": 44,"Actual Startup Time": 235.638,"Actual Total Time": 237.480,"Actual Rows": 18258,"Actual Loops": 1,"Sort Key": ["(count(DISTINCT partsupp.ps_suppkey)) DESC", "part.p_brand", "part.p_type", "part.p_size"],"Sort Method": "quicksort","Sort Space Used": 2336,"Sort Space Type": "Memory","Plans": [{"Node Type": "Aggregate","Strategy": "Sorted","Partial Mode": "Simple","Parent Relationship": "Outer","Parallel Aware": false,"Async Capable": false,"Startup Cost": 24260.60,"Total Cost": 32142.73,"Plan Rows": 16007,"Plan Width": 44,"Actual Startup Time": 130.419,"Actual Total Time": 197.026,"Actual Rows": 18258,"Actual Loops": 1,"Group Key": ["part.p_brand", "part.p_type", "part.p_size"],"Plans": [{"Node Type": "Gather Merge","Parent Relationship": "Outer","Parallel Aware": false,"Async Capable": false,"Startup Cost": 24260.60,"Total Cost": 31387.44,"Plan Rows": 59522,"Plan Width": 40,"Actual Startup Time": 130.371,"Actual Total Time": 169.501,"Actual Rows": 119109,"Actual Loops": 1,"Workers Planned": 4,"Workers Launched": 4,"Plans": [{"Node Type": "Sort","Parent Relationship": "Outer","Parallel Aware": false,"Async Capable": false,"Startup Cost": 23260.54,"Total Cost": 23297.74,"Plan Rows": 14880,"Plan Width": 40,"Actual Startup Time": 122.759,"Actual Total Time": 125.372,"Actual Rows": 23822,"Actual Loops": 5,"Sort Key": ["part.p_brand", "part.p_type", "part.p_size"],"Sort Method": "quicksort","Sort Space Used": 2744,"Sort Space Type": "Memory","Workers": [{"Worker Number": 0,"Sort Method": "quicksort","Sort Space Used": 2731,"Sort Space Type": "Memory"},{"Worker Number": 1,"Sort Method": "quicksort","Sort Space Used": 2701,"Sort Space Type": "Memory"},{"Worker Number": 2,"Sort Method": "quicksort","Sort Space Used": 2747,"Sort Space Type": "Memory"},{"Worker Number": 3,"Sort Method": "quicksort","Sort Space Used": 2725,"Sort Space Type": "Memory"}],"Plans": [{"Node Type": "Hash Join","Parent Relationship": "Outer","Parallel Aware": true,"Async Capable": false,"Join Type": "Inner","Startup Cost": 6682.77,"Total Cost": 22229.27,"Plan Rows": 14880,"Plan Width": 40,"Actual Startup Time": 30.349,"Actual Total Time": 81.047,"Actual Rows": 23822,"Actual Loops": 5,"Inner Unique": true,"Hash Cond": "(partsupp.ps_partkey = part.p_partkey)","Workers": [],"Plans": [{"Node Type": "Index Only Scan","Parent Relationship": "Outer","Parallel Aware": true,"Async Capable": false,"Scan Direction": "Forward","Index Name": "partsupp_pkey","Relation Name": "partsupp","Alias": "partsupp","Startup Cost": 347.43,"Total Cost": 15631.43,"Plan Rows": 100000,"Plan Width": 8,"Actual Startup Time": 7.169,"Actual Total Time": 32.159,"Actual Rows": 159936,"Actual Loops": 5,"Filter": "(NOT (hashed SubPlan 1))","Rows Removed by Filter": 64,"Heap Fetches": 0,"Workers": [],"Plans": [{"Node Type": "Seq Scan","Parent Relationship": "SubPlan","Subplan Name": "SubPlan 1","Parallel Aware": false,"Async Capable": false,"Relation Name": "supplier","Alias": "supplier","Startup Cost": 0.00,"Total Cost": 347.00,"Plan Rows": 1,"Plan Width": 4,"Actual Startup Time": 0.143,"Actual Total Time": 7.007,"Actual Rows": 4,"Actual Loops": 5,"Filter": "((s_comment)::text ~~ '%Customer%Complaints%'::text)","Rows Removed by Filter": 9996,"Workers": []}]},{"Node Type": "Hash","Parent Relationship": "Inner","Parallel Aware": true,"Async Capable": false,"Startup Cost": 6180.33,"Total Cost": 6180.33,"Plan Rows": 12401,"Plan Width": 40,"Actual Startup Time": 22.922,"Actual Total Time": 22.926,"Actual Rows": 5958,"Actual Loops": 5,"Hash Buckets": 32768,"Original Hash Buckets": 32768,"Hash Batches": 1,"Original Hash Batches": 1,"Peak Memory Usage": 2592,"Workers": [],"Plans": [{"Node Type": "Seq Scan","Parent Relationship": "Outer","Parallel Aware": true,"Async Capable": false,"Relation Name": "part","Alias": "part","Startup Cost": 0.00,"Total Cost": 6180.33,"Plan Rows": 12401,"Plan Width": 40,"Actual Startup Time": 0.053,"Actual Total Time": 18.977,"Actual Rows": 5958,"Actual Loops": 5,"Filter": "((p_brand <> 'Brand#11'::bpchar) AND ((p_type)::text !~~ 'PROMO POLISHED%'::text) AND (p_size = ANY ('{47,18,44,4,20,31,35,3}'::integer[])))","Rows Removed by Filter": 34042,"Workers": []}]}]}]}]}]}]},"Planning Time": 4.230,"Triggers": [],"Execution Time": 238.336}]
[{"Plan": {"Node Type": "Sort","Parallel Aware": false,"Async Capable": false,"Startup Cost": 33239.83,"Total Cost": 33279.81,"Plan Rows": 15992,"Plan Width": 44,"Actual Startup Time": 245.068,"Actual Total Time": 246.955,"Actual Rows": 18174,"Actual Loops": 1,"Sort Key": ["(count(DISTINCT partsupp.ps_suppkey)) DESC", "part.p_brand", "part.p_type", "part.p_size"],"Sort Method": "quicksort","Sort Space Used": 2329,"Sort Space Type": "Memory","Plans": [{"Node Type": "Aggregate","Strategy": "Sorted","Partial Mode": "Simple","Parent Relationship": "Outer","Parallel Aware": false,"Async Capable": false,"Startup Cost": 24257.81,"Total Cost": 32123.19,"Plan Rows": 15992,"Plan Width": 44,"Actual Startup Time": 140.780,"Actual Total Time": 206.018,"Actual Rows": 18174,"Actual Loops": 1,"Group Key": ["part.p_brand", "part.p_type", "part.p_size"],"Plans": [{"Node Type": "Gather Merge","Parent Relationship": "Outer","Parallel Aware": false,"Async Capable": false,"Startup Cost": 24257.81,"Total Cost": 31369.33,"Plan Rows": 59394,"Plan Width": 40,"Actual Startup Time": 140.721,"Actual Total Time": 178.825,"Actual Rows": 118024,"Actual Loops": 1,"Workers Planned": 4,"Workers Launched": 4,"Plans": [{"Node Type": "Sort","Parent Relationship": "Outer","Parallel Aware": false,"Async Capable": false,"Startup Cost": 23257.75,"Total Cost": 23294.87,"Plan Rows": 14848,"Plan Width": 40,"Actual Startup Time": 130.652,"Actual Total Time": 132.924,"Actual Rows": 23605,"Actual Loops": 5,"Sort Key": ["part.p_brand", "part.p_type", "part.p_size"],"Sort Method": "quicksort","Sort Space Used": 2226,"Sort Space Type": "Memory","Workers": [{"Worker Number": 0,"Sort Method": "quicksort","Sort Space Used": 2916,"Sort Space Type": "Memory"},{"Worker Number": 1,"Sort Method": "quicksort","Sort Space Used": 2877,"Sort Space Type": "Memory"},{"Worker Number": 2,"Sort Method": "quicksort","Sort Space Used": 2598,"Sort Space Type": "Memory"},{"Worker Number": 3,"Sort Method": "quicksort","Sort Space Used": 2942,"Sort Space Type": "Memory"}],"Plans": [{"Node Type": "Hash Join","Parent Relationship": "Outer","Parallel Aware": true,"Async Capable": false,"Join Type": "Inner","Startup Cost": 6682.44,"Total Cost": 22228.94,"Plan Rows": 14848,"Plan Width": 40,"Actual Startup Time": 34.007,"Actual Total Time": 84.506,"Actual Rows": 23605,"Actual Loops": 5,"Inner Unique": true,"Hash Cond": "(partsupp.ps_partkey = part.p_partkey)","Workers": [],"Plans": [{"Node Type": "Index Only Scan","Parent Relationship": "Outer","Parallel Aware": true,"Async Capable": false,"Scan Direction": "Forward","Index Name": "partsupp_pkey","Relation Name": "partsupp","Alias": "partsupp","Startup Cost": 347.43,"Total Cost": 15631.43,"Plan Rows": 100000,"Plan Width": 8,"Actual Startup Time": 9.172,"Actual Total Time": 35.279,"Actual Rows": 159936,"Actual Loops": 5,"Filter": "(NOT (hashed SubPlan 1))","Rows Removed by Filter": 64,"Heap Fetches": 0,"Workers": [],"Plans": [{"Node Type": "Seq Scan","Parent Relationship": "SubPlan","Subplan Name": "SubPlan 1","Parallel Aware": false,"Async Capable": false,"Relation Name": "supplier","Alias": "supplier","Startup Cost": 0.00,"Total Cost": 347.00,"Plan Rows": 1,"Plan Width": 4,"Actual Startup Time": 0.249,"Actual Total Time": 9.004,"Actual Rows": 4,"Actual Loops": 5,"Filter": "((s_comment)::text ~~ '%Customer%Complaints%'::text)","Rows Removed by Filter": 9996,"Workers": []}]},{"Node Type": "Hash","Parent Relationship": "Inner","Parallel Aware": true,"Async Capable": false,"Startup Cost": 6180.33,"Total Cost": 6180.33,"Plan Rows": 12374,"Plan Width": 40,"Actual Startup Time": 24.531,"Actual Total Time": 24.536,"Actual Rows": 5904,"Actual Loops": 5,"Hash Buckets": 32768,"Original Hash Buckets": 32768,"Hash Batches": 1,"Original Hash Batches": 1,"Peak Memory Usage": 2496,"Workers": [],"Plans": [{"Node Type": "Seq Scan","Parent Relationship": "Outer","Parallel Aware": true,"Async Capable": false,"Relation Name": "part","Alias": "part","Startup Cost": 0.00,"Total Cost": 6180.33,"Plan Rows": 12374,"Plan Width": 40,"Actual Startup Time": 0.063,"Actual Total Time": 20.924,"Actual Rows": 5904,"Actual Loops": 5,"Filter": "((p_brand <> 'Brand#34'::bpchar) AND ((p_type)::text !~~ 'PROMO ANODIZED%'::text) AND (p_size = ANY ('{50,41,24,3,26,33,31,6}'::integer[])))","Rows Removed by Filter": 34096,"Workers": []}]}]}]}]}]}]},"Planning Time": 5.149,"Triggers": [],"Execution Time": 248.468}]
[{"Plan": {"Node Type": "Sort","Parallel Aware": false,"Async Capable": false,"Startup Cost": 33252.95,"Total Cost": 33292.95,"Plan Rows": 16001,"Plan Width": 44,"Actual Startup Time": 234.916,"Actual Total Time": 236.909,"Actual Rows": 18247,"Actual Loops": 1,"Sort Key": ["(count(DISTINCT partsupp.ps_suppkey)) DESC", "part.p_brand", "part.p_type", "part.p_size"],"Sort Method": "quicksort","Sort Space Used": 2336,"Sort Space Type": "Memory","Plans": [{"Node Type": "Aggregate","Strategy": "Sorted","Partial Mode": "Simple","Parent Relationship": "Outer","Parallel Aware": false,"Async Capable": false,"Startup Cost": 24259.63,"Total Cost": 32135.61,"Plan Rows": 16001,"Plan Width": 44,"Actual Startup Time": 130.370,"Actual Total Time": 196.046,"Actual Rows": 18247,"Actual Loops": 1,"Group Key": ["part.p_brand", "part.p_type", "part.p_size"],"Plans": [{"Node Type": "Gather Merge","Parent Relationship": "Outer","Parallel Aware": false,"Async Capable": false,"Startup Cost": 24259.63,"Total Cost": 31380.85,"Plan Rows": 59475,"Plan Width": 40,"Actual Startup Time": 130.284,"Actual Total Time": 168.714,"Actual Rows": 117952,"Actual Loops": 1,"Workers Planned": 4,"Workers Launched": 4,"Plans": [{"Node Type": "Sort","Parent Relationship": "Outer","Parallel Aware": false,"Async Capable": false,"Startup Cost": 23259.57,"Total Cost": 23296.74,"Plan Rows": 14869,"Plan Width": 40,"Actual Startup Time": 119.949,"Actual Total Time": 122.347,"Actual Rows": 23590,"Actual Loops": 5,"Sort Key": ["part.p_brand", "part.p_type", "part.p_size"],"Sort Method": "quicksort","Sort Space Used": 2619,"Sort Space Type": "Memory","Workers": [{"Worker Number": 0,"Sort Method": "quicksort","Sort Space Used": 2631,"Sort Space Type": "Memory"},{"Worker Number": 1,"Sort Method": "quicksort","Sort Space Used": 2867,"Sort Space Type": "Memory"},{"Worker Number": 2,"Sort Method": "quicksort","Sort Space Used": 2619,"Sort Space Type": "Memory"},{"Worker Number": 3,"Sort Method": "quicksort","Sort Space Used": 2831,"Sort Space Type": "Memory"}],"Plans": [{"Node Type": "Hash Join","Parent Relationship": "Outer","Parallel Aware": true,"Async Capable": false,"Join Type": "Inner","Startup Cost": 6682.65,"Total Cost": 22229.15,"Plan Rows": 14869,"Plan Width": 40,"Actual Startup Time": 29.140,"Actual Total Time": 78.322,"Actual Rows": 23590,"Actual Loops": 5,"Inner Unique": true,"Hash Cond": "(partsupp.ps_partkey = part.p_partkey)","Workers": [],"Plans": [{"Node Type": "Index Only Scan","Parent Relationship": "Outer","Parallel Aware": true,"Async Capable": false,"Scan Direction": "Forward","Index Name": "partsupp_pkey","Relation Name": "partsupp","Alias": "partsupp","Startup Cost": 347.43,"Total Cost": 15631.43,"Plan Rows": 100000,"Plan Width": 8,"Actual Startup Time": 7.007,"Actual Total Time": 32.235,"Actual Rows": 159936,"Actual Loops": 5,"Filter": "(NOT (hashed SubPlan 1))","Rows Removed by Filter": 64,"Heap Fetches": 0,"Workers": [],"Plans": [{"Node Type": "Seq Scan","Parent Relationship": "SubPlan","Subplan Name": "SubPlan 1","Parallel Aware": false,"Async Capable": false,"Relation Name": "supplier","Alias": "supplier","Startup Cost": 0.00,"Total Cost": 347.00,"Plan Rows": 1,"Plan Width": 4,"Actual Startup Time": 0.145,"Actual Total Time": 6.841,"Actual Rows": 4,"Actual Loops": 5,"Filter": "((s_comment)::text ~~ '%Customer%Complaints%'::text)","Rows Removed by Filter": 9996,"Workers": []}]},{"Node Type": "Hash","Parent Relationship": "Inner","Parallel Aware": true,"Async Capable": false,"Startup Cost": 6180.33,"Total Cost": 6180.33,"Plan Rows": 12391,"Plan Width": 40,"Actual Startup Time": 21.885,"Actual Total Time": 21.888,"Actual Rows": 5900,"Actual Loops": 5,"Hash Buckets": 32768,"Original Hash Buckets": 32768,"Hash Batches": 1,"Original Hash Batches": 1,"Peak Memory Usage": 2528,"Workers": [],"Plans": [{"Node Type": "Seq Scan","Parent Relationship": "Outer","Parallel Aware": true,"Async Capable": false,"Relation Name": "part","Alias": "part","Startup Cost": 0.00,"Total Cost": 6180.33,"Plan Rows": 12391,"Plan Width": 40,"Actual Startup Time": 0.051,"Actual Total Time": 18.652,"Actual Rows": 5900,"Actual Loops": 5,"Filter": "((p_brand <> 'Brand#45'::bpchar) AND ((p_type)::text !~~ 'MEDIUM PLATED%'::text) AND (p_size = ANY ('{9,34,11,23,50,24,40,25}'::integer[])))","Rows Removed by Filter": 34100,"Workers": []}]}]}]}]}]}]},"Planning Time": 4.390,"Triggers": [],"Execution Time": 238.173}]
[{"Plan": {"Node Type": "Sort","Parallel Aware": false,"Async Capable": false,"Startup Cost": 33144.09,"Total Cost": 33183.89,"Plan Rows": 15922,"Plan Width": 44,"Actual Startup Time": 235.677,"Actual Total Time": 237.439,"Actual Rows": 18225,"Actual Loops": 1,"Sort Key": ["(count(DISTINCT partsupp.ps_suppkey)) DESC", "part.p_brand", "part.p_type", "part.p_size"],"Sort Method": "quicksort","Sort Space Used": 2334,"Sort Space Type": "Memory","Plans": [{"Node Type": "Aggregate","Strategy": "Sorted","Partial Mode": "Simple","Parent Relationship": "Outer","Parallel Aware": false,"Async Capable": false,"Startup Cost": 24244.96,"Total Cost": 32032.83,"Plan Rows": 15922,"Plan Width": 44,"Actual Startup Time": 130.679,"Actual Total Time": 196.236,"Actual Rows": 18225,"Actual Loops": 1,"Group Key": ["part.p_brand", "part.p_type", "part.p_size"],"Plans": [{"Node Type": "Gather Merge","Parent Relationship": "Outer","Parallel Aware": false,"Async Capable": false,"Startup Cost": 24244.96,"Total Cost": 31285.59,"Plan Rows": 58802,"Plan Width": 40,"Actual Startup Time": 130.615,"Actual Total Time": 169.031,"Actual Rows": 117773,"Actual Loops": 1,"Workers Planned": 4,"Workers Launched": 4,"Plans": [{"Node Type": "Sort","Parent Relationship": "Outer","Parallel Aware": false,"Async Capable": false,"Startup Cost": 23244.90,"Total Cost": 23281.65,"Plan Rows": 14700,"Plan Width": 40,"Actual Startup Time": 122.076,"Actual Total Time": 124.517,"Actual Rows": 23555,"Actual Loops": 5,"Sort Key": ["part.p_brand", "part.p_type", "part.p_size"],"Sort Method": "quicksort","Sort Space Used": 2678,"Sort Space Type": "Memory","Workers": [{"Worker Number": 0,"Sort Method": "quicksort","Sort Space Used": 2696,"Sort Space Type": "Memory"},{"Worker Number": 1,"Sort Method": "quicksort","Sort Space Used": 2680,"Sort Space Type": "Memory"},{"Worker Number": 2,"Sort Method": "quicksort","Sort Space Used": 2740,"Sort Space Type": "Memory"},{"Worker Number": 3,"Sort Method": "quicksort","Sort Space Used": 2742,"Sort Space Type": "Memory"}],"Plans": [{"Node Type": "Hash Join","Parent Relationship": "Outer","Parallel Aware": true,"Async Capable": false,"Join Type": "Inner","Startup Cost": 6680.90,"Total Cost": 22227.40,"Plan Rows": 14700,"Plan Width": 40,"Actual Startup Time": 29.925,"Actual Total Time": 80.764,"Actual Rows": 23555,"Actual Loops": 5,"Inner Unique": true,"Hash Cond": "(partsupp.ps_partkey = part.p_partkey)","Workers": [],"Plans": [{"Node Type": "Index Only Scan","Parent Relationship": "Outer","Parallel Aware": true,"Async Capable": false,"Scan Direction": "Forward","Index Name": "partsupp_pkey","Relation Name": "partsupp","Alias": "partsupp","Startup Cost": 347.43,"Total Cost": 15631.43,"Plan Rows": 100000,"Plan Width": 8,"Actual Startup Time": 7.256,"Actual Total Time": 32.739,"Actual Rows": 159936,"Actual Loops": 5,"Filter": "(NOT (hashed SubPlan 1))","Rows Removed by Filter": 64,"Heap Fetches": 0,"Workers": [],"Plans": [{"Node Type": "Seq Scan","Parent Relationship": "SubPlan","Subplan Name": "SubPlan 1","Parallel Aware": false,"Async Capable": false,"Relation Name": "supplier","Alias": "supplier","Startup Cost": 0.00,"Total Cost": 347.00,"Plan Rows": 1,"Plan Width": 4,"Actual Startup Time": 0.142,"Actual Total Time": 7.098,"Actual Rows": 4,"Actual Loops": 5,"Filter": "((s_comment)::text ~~ '%Customer%Complaints%'::text)","Rows Removed by Filter": 9996,"Workers": []}]},{"Node Type": "Hash","Parent Relationship": "Inner","Parallel Aware": true,"Async Capable": false,"Startup Cost": 6180.33,"Total Cost": 6180.33,"Plan Rows": 12251,"Plan Width": 40,"Actual Startup Time": 22.397,"Actual Total Time": 22.399,"Actual Rows": 5891,"Actual Loops": 5,"Hash Buckets": 32768,"Original Hash Buckets": 32768,"Hash Batches": 1,"Original Hash Batches": 1,"Peak Memory Usage": 2560,"Workers": [],"Plans": [{"Node Type": "Seq Scan","Parent Relationship": "Outer","Parallel Aware": true,"Async Capable": false,"Relation Name": "part","Alias": "part","Startup Cost": 0.00,"Total Cost": 6180.33,"Plan Rows": 12251,"Plan Width": 40,"Actual Startup Time": 0.062,"Actual Total Time": 18.513,"Actual Rows": 5891,"Actual Loops": 5,"Filter": "((p_brand <> 'Brand#55'::bpchar) AND ((p_type)::text !~~ 'MEDIUM BRUSHED%'::text) AND (p_size = ANY ('{32,33,23,10,43,17,19,25}'::integer[])))","Rows Removed by Filter": 34109,"Workers": []}]}]}]}]}]}]},"Planning Time": 4.695,"Triggers": [],"Execution Time": 238.347}]
[{"Plan": {"Node Type": "Sort","Parallel Aware": false,"Async Capable": false,"Startup Cost": 33087.59,"Total Cost": 33127.29,"Plan Rows": 15880,"Plan Width": 44,"Actual Startup Time": 241.134,"Actual Total Time": 243.178,"Actual Rows": 18162,"Actual Loops": 1,"Sort Key": ["(count(DISTINCT partsupp.ps_suppkey)) DESC", "part.p_brand", "part.p_type", "part.p_size"],"Sort Method": "quicksort","Sort Space Used": 2328,"Sort Space Type": "Memory","Plans": [{"Node Type": "Aggregate","Strategy": "Sorted","Partial Mode": "Simple","Parent Relationship": "Outer","Parallel Aware": false,"Async Capable": false,"Startup Cost": 24237.40,"Total Cost": 31979.57,"Plan Rows": 15880,"Plan Width": 44,"Actual Startup Time": 135.247,"Actual Total Time": 203.444,"Actual Rows": 18162,"Actual Loops": 1,"Group Key": ["part.p_brand", "part.p_type", "part.p_size"],"Plans": [{"Node Type": "Gather Merge","Parent Relationship": "Outer","Parallel Aware": false,"Async Capable": false,"Startup Cost": 24237.40,"Total Cost": 31236.24,"Plan Rows": 58453,"Plan Width": 40,"Actual Startup Time": 135.179,"Actual Total Time": 175.141,"Actual Rows": 117889,"Actual Loops": 1,"Workers Planned": 4,"Workers Launched": 4,"Plans": [{"Node Type": "Sort","Parent Relationship": "Outer","Parallel Aware": false,"Async Capable": false,"Startup Cost": 23237.34,"Total Cost": 23273.87,"Plan Rows": 14613,"Plan Width": 40,"Actual Startup Time": 122.320,"Actual Total Time": 124.995,"Actual Rows": 23578,"Actual Loops": 5,"Sort Key": ["part.p_brand", "part.p_type", "part.p_size"],"Sort Method": "quicksort","Sort Space Used": 2384,"Sort Space Type": "Memory","Workers": [{"Worker Number": 0,"Sort Method": "quicksort","Sort Space Used": 2908,"Sort Space Type": "Memory"},{"Worker Number": 1,"Sort Method": "quicksort","Sort Space Used": 2923,"Sort Space Type": "Memory"},{"Worker Number": 2,"Sort Method": "quicksort","Sort Space Used": 2420,"Sort Space Type": "Memory"},{"Worker Number": 3,"Sort Method": "quicksort","Sort Space Used": 2888,"Sort Space Type": "Memory"}],"Plans": [{"Node Type": "Hash Join","Parent Relationship": "Outer","Parallel Aware": true,"Async Capable": false,"Join Type": "Inner","Startup Cost": 6679.99,"Total Cost": 22226.49,"Plan Rows": 14613,"Plan Width": 40,"Actual Startup Time": 30.553,"Actual Total Time": 80.796,"Actual Rows": 23578,"Actual Loops": 5,"Inner Unique": true,"Hash Cond": "(partsupp.ps_partkey = part.p_partkey)","Workers": [],"Plans": [{"Node Type": "Index Only Scan","Parent Relationship": "Outer","Parallel Aware": true,"Async Capable": false,"Scan Direction": "Forward","Index Name": "partsupp_pkey","Relation Name": "partsupp","Alias": "partsupp","Startup Cost": 347.43,"Total Cost": 15631.43,"Plan Rows": 100000,"Plan Width": 8,"Actual Startup Time": 7.481,"Actual Total Time": 32.431,"Actual Rows": 159936,"Actual Loops": 5,"Filter": "(NOT (hashed SubPlan 1))","Rows Removed by Filter": 64,"Heap Fetches": 0,"Workers": [],"Plans": [{"Node Type": "Seq Scan","Parent Relationship": "SubPlan","Subplan Name": "SubPlan 1","Parallel Aware": false,"Async Capable": false,"Relation Name": "supplier","Alias": "supplier","Startup Cost": 0.00,"Total Cost": 347.00,"Plan Rows": 1,"Plan Width": 4,"Actual Startup Time": 0.133,"Actual Total Time": 7.324,"Actual Rows": 4,"Actual Loops": 5,"Filter": "((s_comment)::text ~~ '%Customer%Complaints%'::text)","Rows Removed by Filter": 9996,"Workers": []}]},{"Node Type": "Hash","Parent Relationship": "Inner","Parallel Aware": true,"Async Capable": false,"Startup Cost": 6180.33,"Total Cost": 6180.33,"Plan Rows": 12178,"Plan Width": 40,"Actual Startup Time": 22.773,"Actual Total Time": 22.777,"Actual Rows": 5897,"Actual Loops": 5,"Hash Buckets": 32768,"Original Hash Buckets": 32768,"Hash Batches": 1,"Original Hash Batches": 1,"Peak Memory Usage": 2528,"Workers": [],"Plans": [{"Node Type": "Seq Scan","Parent Relationship": "Outer","Parallel Aware": true,"Async Capable": false,"Relation Name": "part","Alias": "part","Startup Cost": 0.00,"Total Cost": 6180.33,"Plan Rows": 12178,"Plan Width": 40,"Actual Startup Time": 0.062,"Actual Total Time": 19.244,"Actual Rows": 5897,"Actual Loops": 5,"Filter": "((p_brand <> 'Brand#54'::bpchar) AND ((p_type)::text !~~ 'STANDARD ANODIZED%'::text) AND (p_size = ANY ('{24,38,28,7,23,27,45,33}'::integer[])))","Rows Removed by Filter": 34103,"Workers": []}]}]}]}]}]}]},"Planning Time": 3.882,"Triggers": [],"Execution Time": 244.503}]
[{"Plan": {"Node Type": "Sort","Parallel Aware": false,"Async Capable": false,"Startup Cost": 33390.49,"Total Cost": 33430.74,"Plan Rows": 16100,"Plan Width": 44,"Actual Startup Time": 237.238,"Actual Total Time": 239.082,"Actual Rows": 18307,"Actual Loops": 1,"Sort Key": ["(count(DISTINCT partsupp.ps_suppkey)) DESC", "part.p_brand", "part.p_type", "part.p_size"],"Sort Method": "quicksort","Sort Space Used": 2341,"Sort Space Type": "Memory","Plans": [{"Node Type": "Aggregate","Strategy": "Sorted","Partial Mode": "Simple","Parent Relationship": "Outer","Parallel Aware": false,"Async Capable": false,"Startup Cost": 24278.15,"Total Cost": 32265.52,"Plan Rows": 16100,"Plan Width": 44,"Actual Startup Time": 131.969,"Actual Total Time": 198.722,"Actual Rows": 18307,"Actual Loops": 1,"Group Key": ["part.p_brand", "part.p_type", "part.p_size"],"Plans": [{"Node Type": "Gather Merge","Parent Relationship": "Outer","Parallel Aware": false,"Async Capable": false,"Startup Cost": 24278.15,"Total Cost": 31501.26,"Plan Rows": 60326,"Plan Width": 40,"Actual Startup Time": 131.914,"Actual Total Time": 171.044,"Actual Rows": 119487,"Actual Loops": 1,"Workers Planned": 4,"Workers Launched": 4,"Plans": [{"Node Type": "Sort","Parent Relationship": "Outer","Parallel Aware": false,"Async Capable": false,"Startup Cost": 23278.09,"Total Cost": 23315.80,"Plan Rows": 15082,"Plan Width": 40,"Actual Startup Time": 122.780,"Actual Total Time": 125.275,"Actual Rows": 23897,"Actual Loops": 5,"Sort Key": ["part.p_brand", "part.p_type", "part.p_size"],"Sort Method": "quicksort","Sort Space Used": 2700,"Sort Space Type": "Memory","Workers": [{"Worker Number": 0,"Sort Method": "quicksort","Sort Space Used": 2725,"Sort Space Type": "Memory"},{"Worker Number": 1,"Sort Method": "quicksort","Sort Space Used": 2791,"Sort Space Type": "Memory"},{"Worker Number": 2,"Sort Method": "quicksort","Sort Space Used": 2642,"Sort Space Type": "Memory"},{"Worker Number": 3,"Sort Method": "quicksort","Sort Space Used": 2801,"Sort Space Type": "Memory"}],"Plans": [{"Node Type": "Hash Join","Parent Relationship": "Outer","Parallel Aware": true,"Async Capable": false,"Join Type": "Inner","Startup Cost": 6684.86,"Total Cost": 22231.36,"Plan Rows": 15082,"Plan Width": 40,"Actual Startup Time": 30.628,"Actual Total Time": 81.036,"Actual Rows": 23897,"Actual Loops": 5,"Inner Unique": true,"Hash Cond": "(partsupp.ps_partkey = part.p_partkey)","Workers": [],"Plans": [{"Node Type": "Index Only Scan","Parent Relationship": "Outer","Parallel Aware": true,"Async Capable": false,"Scan Direction": "Forward","Index Name": "partsupp_pkey","Relation Name": "partsupp","Alias": "partsupp","Startup Cost": 347.43,"Total Cost": 15631.43,"Plan Rows": 100000,"Plan Width": 8,"Actual Startup Time": 7.811,"Actual Total Time": 32.879,"Actual Rows": 159936,"Actual Loops": 5,"Filter": "(NOT (hashed SubPlan 1))","Rows Removed by Filter": 64,"Heap Fetches": 0,"Workers": [],"Plans": [{"Node Type": "Seq Scan","Parent Relationship": "SubPlan","Subplan Name": "SubPlan 1","Parallel Aware": false,"Async Capable": false,"Relation Name": "supplier","Alias": "supplier","Startup Cost": 0.00,"Total Cost": 347.00,"Plan Rows": 1,"Plan Width": 4,"Actual Startup Time": 0.259,"Actual Total Time": 7.574,"Actual Rows": 4,"Actual Loops": 5,"Filter": "((s_comment)::text ~~ '%Customer%Complaints%'::text)","Rows Removed by Filter": 9996,"Workers": []}]},{"Node Type": "Hash","Parent Relationship": "Inner","Parallel Aware": true,"Async Capable": false,"Startup Cost": 6180.33,"Total Cost": 6180.33,"Plan Rows": 12568,"Plan Width": 40,"Actual Startup Time": 22.524,"Actual Total Time": 22.529,"Actual Rows": 5976,"Actual Loops": 5,"Hash Buckets": 32768,"Original Hash Buckets": 32768,"Hash Batches": 1,"Original Hash Batches": 1,"Peak Memory Usage": 2560,"Workers": [],"Plans": [{"Node Type": "Seq Scan","Parent Relationship": "Outer","Parallel Aware": true,"Async Capable": false,"Relation Name": "part","Alias": "part","Startup Cost": 0.00,"Total Cost": 6180.33,"Plan Rows": 12568,"Plan Width": 40,"Actual Startup Time": 0.067,"Actual Total Time": 18.996,"Actual Rows": 5976,"Actual Loops": 5,"Filter": "((p_brand <> 'Brand#51'::bpchar) AND ((p_type)::text !~~ 'STANDARD ANODIZED%'::text) AND (p_size = ANY ('{10,13,47,24,43,2,1,39}'::integer[])))","Rows Removed by Filter": 34024,"Workers": []}]}]}]}]}]}]},"Planning Time": 4.235,"Triggers": [],"Execution Time": 240.462}]
[{"Plan": {"Node Type": "Sort","Parallel Aware": false,"Async Capable": false,"Startup Cost": 33241.00,"Total Cost": 33280.98,"Plan Rows": 15993,"Plan Width": 44,"Actual Startup Time": 244.548,"Actual Total Time": 246.243,"Actual Rows": 18291,"Actual Loops": 1,"Sort Key": ["(count(DISTINCT partsupp.ps_suppkey)) DESC", "part.p_brand", "part.p_type", "part.p_size"],"Sort Method": "quicksort","Sort Space Used": 2339,"Sort Space Type": "Memory","Plans": [{"Node Type": "Aggregate","Strategy": "Sorted","Partial Mode": "Simple","Parent Relationship": "Outer","Parallel Aware": false,"Async Capable": false,"Startup Cost": 24257.98,"Total Cost": 32124.27,"Plan Rows": 15993,"Plan Width": 44,"Actual Startup Time": 139.013,"Actual Total Time": 206.894,"Actual Rows": 18291,"Actual Loops": 1,"Group Key": ["part.p_brand", "part.p_type", "part.p_size"],"Plans": [{"Node Type": "Gather Merge","Parent Relationship": "Outer","Parallel Aware": false,"Async Capable": false,"Startup Cost": 24257.98,"Total Cost": 31370.33,"Plan Rows": 59401,"Plan Width": 40,"Actual Startup Time": 138.959,"Actual Total Time": 178.297,"Actual Rows": 119239,"Actual Loops": 1,"Workers Planned": 4,"Workers Launched": 4,"Plans": [{"Node Type": "Sort","Parent Relationship": "Outer","Parallel Aware": false,"Async Capable": false,"Startup Cost": 23257.92,"Total Cost": 23295.04,"Plan Rows": 14850,"Plan Width": 40,"Actual Startup Time": 126.401,"Actual Total Time": 128.858,"Actual Rows": 23848,"Actual Loops": 5,"Sort Key": ["part.p_brand", "part.p_type", "part.p_size"],"Sort Method": "quicksort","Sort Space Used": 2439,"Sort Space Type": "Memory","Workers": [{"Worker Number": 0,"Sort Method": "quicksort","Sort Space Used": 2878,"Sort Space Type": "Memory"},{"Worker Number": 1,"Sort Method": "quicksort","Sort Space Used": 2941,"Sort Space Type": "Memory"},{"Worker Number": 2,"Sort Method": "quicksort","Sort Space Used": 2846,"Sort Space Type": "Memory"},{"Worker Number": 3,"Sort Method": "quicksort","Sort Space Used": 2540,"Sort Space Type": "Memory"}],"Plans": [{"Node Type": "Hash Join","Parent Relationship": "Outer","Parallel Aware": true,"Async Capable": false,"Join Type": "Inner","Startup Cost": 6682.45,"Total Cost": 22228.95,"Plan Rows": 14850,"Plan Width": 40,"Actual Startup Time": 33.894,"Actual Total Time": 84.328,"Actual Rows": 23848,"Actual Loops": 5,"Inner Unique": true,"Hash Cond": "(partsupp.ps_partkey = part.p_partkey)","Workers": [],"Plans": [{"Node Type": "Index Only Scan","Parent Relationship": "Outer","Parallel Aware": true,"Async Capable": false,"Scan Direction": "Forward","Index Name": "partsupp_pkey","Relation Name": "partsupp","Alias": "partsupp","Startup Cost": 347.43,"Total Cost": 15631.43,"Plan Rows": 100000,"Plan Width": 8,"Actual Startup Time": 9.853,"Actual Total Time": 35.512,"Actual Rows": 159936,"Actual Loops": 5,"Filter": "(NOT (hashed SubPlan 1))","Rows Removed by Filter": 64,"Heap Fetches": 0,"Workers": [],"Plans": [{"Node Type": "Seq Scan","Parent Relationship": "SubPlan","Subplan Name": "SubPlan 1","Parallel Aware": false,"Async Capable": false,"Relation Name": "supplier","Alias": "supplier","Startup Cost": 0.00,"Total Cost": 347.00,"Plan Rows": 1,"Plan Width": 4,"Actual Startup Time": 0.289,"Actual Total Time": 9.670,"Actual Rows": 4,"Actual Loops": 5,"Filter": "((s_comment)::text ~~ '%Customer%Complaints%'::text)","Rows Removed by Filter": 9996,"Workers": []}]},{"Node Type": "Hash","Parent Relationship": "Inner","Parallel Aware": true,"Async Capable": false,"Startup Cost": 6180.33,"Total Cost": 6180.33,"Plan Rows": 12375,"Plan Width": 40,"Actual Startup Time": 23.742,"Actual Total Time": 23.745,"Actual Rows": 5964,"Actual Loops": 5,"Hash Buckets": 32768,"Original Hash Buckets": 32768,"Hash Batches": 1,"Original Hash Batches": 1,"Peak Memory Usage": 2528,"Workers": [],"Plans": [{"Node Type": "Seq Scan","Parent Relationship": "Outer","Parallel Aware": true,"Async Capable": false,"Relation Name": "part","Alias": "part","Startup Cost": 0.00,"Total Cost": 6180.33,"Plan Rows": 12375,"Plan Width": 40,"Actual Startup Time": 0.064,"Actual Total Time": 20.158,"Actual Rows": 5964,"Actual Loops": 5,"Filter": "((p_brand <> 'Brand#54'::bpchar) AND ((p_type)::text !~~ 'MEDIUM POLISHED%'::text) AND (p_size = ANY ('{48,50,41,7,39,33,15,3}'::integer[])))","Rows Removed by Filter": 34036,"Workers": []}]}]}]}]}]}]},"Planning Time": 5.416,"Triggers": [],"Execution Time": 247.845}]
[{"Plan": {"Node Type": "Sort","Parallel Aware": false,"Async Capable": false,"Startup Cost": 33082.73,"Total Cost": 33122.42,"Plan Rows": 15876,"Plan Width": 44,"Actual Startup Time": 241.760,"Actual Total Time": 243.645,"Actual Rows": 18283,"Actual Loops": 1,"Sort Key": ["(count(DISTINCT partsupp.ps_suppkey)) DESC", "part.p_brand", "part.p_type", "part.p_size"],"Sort Method": "quicksort","Sort Space Used": 2340,"Sort Space Type": "Memory","Plans": [{"Node Type": "Aggregate","Strategy": "Sorted","Partial Mode": "Simple","Parent Relationship": "Outer","Parallel Aware": false,"Async Capable": false,"Startup Cost": 24236.77,"Total Cost": 31975.02,"Plan Rows": 15876,"Plan Width": 44,"Actual Startup Time": 135.325,"Actual Total Time": 203.421,"Actual Rows": 18283,"Actual Loops": 1,"Group Key": ["part.p_brand", "part.p_type", "part.p_size"],"Plans": [{"Node Type": "Gather Merge","Parent Relationship": "Outer","Parallel Aware": false,"Async Capable": false,"Startup Cost": 24236.77,"Total Cost": 31232.03,"Plan Rows": 58423,"Plan Width": 40,"Actual Startup Time": 135.264,"Actual Total Time": 174.864,"Actual Rows": 118349,"Actual Loops": 1,"Workers Planned": 4,"Workers Launched": 4,"Plans": [{"Node Type": "Sort","Parent Relationship": "Outer","Parallel Aware": false,"Async Capable": false,"Startup Cost": 23236.72,"Total Cost": 23273.23,"Plan Rows": 14606,"Plan Width": 40,"Actual Startup Time": 123.081,"Actual Total Time": 125.492,"Actual Rows": 23670,"Actual Loops": 5,"Sort Key": ["part.p_brand", "part.p_type", "part.p_size"],"Sort Method": "quicksort","Sort Space Used": 2380,"Sort Space Type": "Memory","Workers": [{"Worker Number": 0,"Sort Method": "quicksort","Sort Space Used": 2645,"Sort Space Type": "Memory"},{"Worker Number": 1,"Sort Method": "quicksort","Sort Space Used": 2851,"Sort Space Type": "Memory"},{"Worker Number": 2,"Sort Method": "quicksort","Sort Space Used": 2862,"Sort Space Type": "Memory"},{"Worker Number": 3,"Sort Method": "quicksort","Sort Space Used": 2859,"Sort Space Type": "Memory"}],"Plans": [{"Node Type": "Hash Join","Parent Relationship": "Outer","Parallel Aware": true,"Async Capable": false,"Join Type": "Inner","Startup Cost": 6679.90,"Total Cost": 22226.40,"Plan Rows": 14606,"Plan Width": 40,"Actual Startup Time": 31.246,"Actual Total Time": 80.401,"Actual Rows": 23670,"Actual Loops": 5,"Inner Unique": true,"Hash Cond": "(partsupp.ps_partkey = part.p_partkey)","Workers": [],"Plans": [{"Node Type": "Index Only Scan","Parent Relationship": "Outer","Parallel Aware": true,"Async Capable": false,"Scan Direction": "Forward","Index Name": "partsupp_pkey","Relation Name": "partsupp","Alias": "partsupp","Startup Cost": 347.43,"Total Cost": 15631.43,"Plan Rows": 100000,"Plan Width": 8,"Actual Startup Time": 8.916,"Actual Total Time": 34.337,"Actual Rows": 159936,"Actual Loops": 5,"Filter": "(NOT (hashed SubPlan 1))","Rows Removed by Filter": 64,"Heap Fetches": 0,"Workers": [],"Plans": [{"Node Type": "Seq Scan","Parent Relationship": "SubPlan","Subplan Name": "SubPlan 1","Parallel Aware": false,"Async Capable": false,"Relation Name": "supplier","Alias": "supplier","Startup Cost": 0.00,"Total Cost": 347.00,"Plan Rows": 1,"Plan Width": 4,"Actual Startup Time": 0.436,"Actual Total Time": 8.764,"Actual Rows": 4,"Actual Loops": 5,"Filter": "((s_comment)::text ~~ '%Customer%Complaints%'::text)","Rows Removed by Filter": 9996,"Workers": []}]},{"Node Type": "Hash","Parent Relationship": "Inner","Parallel Aware": true,"Async Capable": false,"Startup Cost": 6180.33,"Total Cost": 6180.33,"Plan Rows": 12171,"Plan Width": 40,"Actual Startup Time": 22.051,"Actual Total Time": 22.055,"Actual Rows": 5919,"Actual Loops": 5,"Hash Buckets": 32768,"Original Hash Buckets": 32768,"Hash Batches": 1,"Original Hash Batches": 1,"Peak Memory Usage": 2592,"Workers": [],"Plans": [{"Node Type": "Seq Scan","Parent Relationship": "Outer","Parallel Aware": true,"Async Capable": false,"Relation Name": "part","Alias": "part","Startup Cost": 0.00,"Total Cost": 6180.33,"Plan Rows": 12171,"Plan Width": 40,"Actual Startup Time": 0.056,"Actual Total Time": 18.597,"Actual Rows": 5919,"Actual Loops": 5,"Filter": "((p_brand <> 'Brand#11'::bpchar) AND ((p_type)::text !~~ 'PROMO PLATED%'::text) AND (p_size = ANY ('{7,24,1,30,17,23,36,49}'::integer[])))","Rows Removed by Filter": 34081,"Workers": []}]}]}]}]}]}]},"Planning Time": 3.843,"Triggers": [],"Execution Time": 245.284}]
[{"Plan": {"Node Type": "Sort","Parallel Aware": false,"Async Capable": false,"Startup Cost": 33354.42,"Total Cost": 33394.60,"Plan Rows": 16074,"Plan Width": 44,"Actual Startup Time": 238.588,"Actual Total Time": 240.381,"Actual Rows": 18216,"Actual Loops": 1,"Sort Key": ["(count(DISTINCT partsupp.ps_suppkey)) DESC", "part.p_brand", "part.p_type", "part.p_size"],"Sort Method": "quicksort","Sort Space Used": 2333,"Sort Space Type": "Memory","Plans": [{"Node Type": "Aggregate","Strategy": "Sorted","Partial Mode": "Simple","Parent Relationship": "Outer","Parallel Aware": false,"Async Capable": false,"Startup Cost": 24273.27,"Total Cost": 32231.45,"Plan Rows": 16074,"Plan Width": 44,"Actual Startup Time": 135.786,"Actual Total Time": 201.027,"Actual Rows": 18216,"Actual Loops": 1,"Group Key": ["part.p_brand", "part.p_type", "part.p_size"],"Plans": [{"Node Type": "Gather Merge","Parent Relationship": "Outer","Parallel Aware": false,"Async Capable": false,"Startup Cost": 24273.27,"Total Cost": 31469.68,"Plan Rows": 60103,"Plan Width": 40,"Actual Startup Time": 135.722,"Actual Total Time": 173.776,"Actual Rows": 117864,"Actual Loops": 1,"Workers Planned": 4,"Workers Launched": 4,"Plans": [{"Node Type": "Sort","Parent Relationship": "Outer","Parallel Aware": false,"Async Capable": false,"Startup Cost": 23273.22,"Total Cost": 23310.78,"Plan Rows": 15026,"Plan Width": 40,"Actual Startup Time": 124.285,"Actual Total Time": 126.752,"Actual Rows": 23573,"Actual Loops": 5,"Sort Key": ["part.p_brand", "part.p_type", "part.p_size"],"Sort Method": "quicksort","Sort Space Used": 2444,"Sort Space Type": "Memory","Workers": [{"Worker Number": 0,"Sort Method": "quicksort","Sort Space Used": 2895,"Sort Space Type": "Memory"},{"Worker Number": 1,"Sort Method": "quicksort","Sort Space Used": 2464,"Sort Space Type": "Memory"},{"Worker Number": 2,"Sort Method": "quicksort","Sort Space Used": 2873,"Sort Space Type": "Memory"},{"Worker Number": 3,"Sort Method": "quicksort","Sort Space Used": 2856,"Sort Space Type": "Memory"}],"Plans": [{"Node Type": "Hash Join","Parent Relationship": "Outer","Parallel Aware": true,"Async Capable": false,"Join Type": "Inner","Startup Cost": 6684.27,"Total Cost": 22230.77,"Plan Rows": 15026,"Plan Width": 40,"Actual Startup Time": 33.052,"Actual Total Time": 82.950,"Actual Rows": 23573,"Actual Loops": 5,"Inner Unique": true,"Hash Cond": "(partsupp.ps_partkey = part.p_partkey)","Workers": [],"Plans": [{"Node Type": "Index Only Scan","Parent Relationship": "Outer","Parallel Aware": true,"Async Capable": false,"Scan Direction": "Forward","Index Name": "partsupp_pkey","Relation Name": "partsupp","Alias": "partsupp","Startup Cost": 347.43,"Total Cost": 15631.43,"Plan Rows": 100000,"Plan Width": 8,"Actual Startup Time": 8.929,"Actual Total Time": 34.527,"Actual Rows": 159936,"Actual Loops": 5,"Filter": "(NOT (hashed SubPlan 1))","Rows Removed by Filter": 64,"Heap Fetches": 0,"Workers": [],"Plans": [{"Node Type": "Seq Scan","Parent Relationship": "SubPlan","Subplan Name": "SubPlan 1","Parallel Aware": false,"Async Capable": false,"Relation Name": "supplier","Alias": "supplier","Startup Cost": 0.00,"Total Cost": 347.00,"Plan Rows": 1,"Plan Width": 4,"Actual Startup Time": 0.186,"Actual Total Time": 8.799,"Actual Rows": 4,"Actual Loops": 5,"Filter": "((s_comment)::text ~~ '%Customer%Complaints%'::text)","Rows Removed by Filter": 9996,"Workers": []}]},{"Node Type": "Hash","Parent Relationship": "Inner","Parallel Aware": true,"Async Capable": false,"Startup Cost": 6180.33,"Total Cost": 6180.33,"Plan Rows": 12521,"Plan Width": 40,"Actual Startup Time": 23.841,"Actual Total Time": 23.843,"Actual Rows": 5896,"Actual Loops": 5,"Hash Buckets": 32768,"Original Hash Buckets": 32768,"Hash Batches": 1,"Original Hash Batches": 1,"Peak Memory Usage": 2528,"Workers": [],"Plans": [{"Node Type": "Seq Scan","Parent Relationship": "Outer","Parallel Aware": true,"Async Capable": false,"Relation Name": "part","Alias": "part","Startup Cost": 0.00,"Total Cost": 6180.33,"Plan Rows": 12521,"Plan Width": 40,"Actual Startup Time": 0.053,"Actual Total Time": 20.403,"Actual Rows": 5896,"Actual Loops": 5,"Filter": "((p_brand <> 'Brand#44'::bpchar) AND ((p_type)::text !~~ 'MEDIUM ANODIZED%'::text) AND (p_size = ANY ('{26,50,11,47,43,40,21,39}'::integer[])))","Rows Removed by Filter": 34104,"Workers": []}]}]}]}]}]}]},"Planning Time": 5.587,"Triggers": [],"Execution Time": 241.930}]
[{"Plan": {"Node Type": "Sort","Parallel Aware": false,"Async Capable": false,"Startup Cost": 33164.98,"Total Cost": 33204.82,"Plan Rows": 15937,"Plan Width": 44,"Actual Startup Time": 239.499,"Actual Total Time": 241.090,"Actual Rows": 18236,"Actual Loops": 1,"Sort Key": ["(count(DISTINCT partsupp.ps_suppkey)) DESC", "part.p_brand", "part.p_type", "part.p_size"],"Sort Method": "quicksort","Sort Space Used": 2335,"Sort Space Type": "Memory","Plans": [{"Node Type": "Aggregate","Strategy": "Sorted","Partial Mode": "Simple","Parent Relationship": "Outer","Parallel Aware": false,"Async Capable": false,"Startup Cost": 24247.80,"Total Cost": 32052.57,"Plan Rows": 15937,"Plan Width": 44,"Actual Startup Time": 133.160,"Actual Total Time": 201.676,"Actual Rows": 18236,"Actual Loops": 1,"Group Key": ["part.p_brand", "part.p_type", "part.p_size"],"Plans": [{"Node Type": "Gather Merge","Parent Relationship": "Outer","Parallel Aware": false,"Async Capable": false,"Startup Cost": 24247.80,"Total Cost": 31303.89,"Plan Rows": 58931,"Plan Width": 40,"Actual Startup Time": 133.094,"Actual Total Time": 173.468,"Actual Rows": 117993,"Actual Loops": 1,"Workers Planned": 4,"Workers Launched": 4,"Plans": [{"Node Type": "Sort","Parent Relationship": "Outer","Parallel Aware": false,"Async Capable": false,"Startup Cost": 23247.75,"Total Cost": 23284.58,"Plan Rows": 14733,"Plan Width": 40,"Actual Startup Time": 121.630,"Actual Total Time": 124.269,"Actual Rows": 23599,"Actual Loops": 5,"Sort Key": ["part.p_brand", "part.p_type", "part.p_size"],"Sort Method": "quicksort","Sort Space Used": 2473,"Sort Space Type": "Memory","Workers": [{"Worker Number": 0,"Sort Method": "quicksort","Sort Space Used": 2855,"Sort Space Type": "Memory"},{"Worker Number": 1,"Sort Method": "quicksort","Sort Space Used": 2483,"Sort Space Type": "Memory"},{"Worker Number": 2,"Sort Method": "quicksort","Sort Space Used": 2841,"Sort Space Type": "Memory"},{"Worker Number": 3,"Sort Method": "quicksort","Sort Space Used": 2906,"Sort Space Type": "Memory"}],"Plans": [{"Node Type": "Hash Join","Parent Relationship": "Outer","Parallel Aware": true,"Async Capable": false,"Join Type": "Inner","Startup Cost": 6681.22,"Total Cost": 22227.72,"Plan Rows": 14733,"Plan Width": 40,"Actual Startup Time": 30.205,"Actual Total Time": 80.102,"Actual Rows": 23599,"Actual Loops": 5,"Inner Unique": true,"Hash Cond": "(partsupp.ps_partkey = part.p_partkey)","Workers": [],"Plans": [{"Node Type": "Index Only Scan","Parent Relationship": "Outer","Parallel Aware": true,"Async Capable": false,"Scan Direction": "Forward","Index Name": "partsupp_pkey","Relation Name": "partsupp","Alias": "partsupp","Startup Cost": 347.43,"Total Cost": 15631.43,"Plan Rows": 100000,"Plan Width": 8,"Actual Startup Time": 7.115,"Actual Total Time": 32.511,"Actual Rows": 159936,"Actual Loops": 5,"Filter": "(NOT (hashed SubPlan 1))","Rows Removed by Filter": 64,"Heap Fetches": 0,"Workers": [],"Plans": [{"Node Type": "Seq Scan","Parent Relationship": "SubPlan","Subplan Name": "SubPlan 1","Parallel Aware": false,"Async Capable": false,"Relation Name": "supplier","Alias": "supplier","Startup Cost": 0.00,"Total Cost": 347.00,"Plan Rows": 1,"Plan Width": 4,"Actual Startup Time": 0.136,"Actual Total Time": 6.988,"Actual Rows": 4,"Actual Loops": 5,"Filter": "((s_comment)::text ~~ '%Customer%Complaints%'::text)","Rows Removed by Filter": 9996,"Workers": []}]},{"Node Type": "Hash","Parent Relationship": "Inner","Parallel Aware": true,"Async Capable": false,"Startup Cost": 6180.33,"Total Cost": 6180.33,"Plan Rows": 12277,"Plan Width": 40,"Actual Startup Time": 22.797,"Actual Total Time": 22.800,"Actual Rows": 5902,"Actual Loops": 5,"Hash Buckets": 32768,"Original Hash Buckets": 32768,"Hash Batches": 1,"Original Hash Batches": 1,"Peak Memory Usage": 2528,"Workers": [],"Plans": [{"Node Type": "Seq Scan","Parent Relationship": "Outer","Parallel Aware": true,"Async Capable": false,"Relation Name": "part","Alias": "part","Startup Cost": 0.00,"Total Cost": 6180.33,"Plan Rows": 12277,"Plan Width": 40,"Actual Startup Time": 0.060,"Actual Total Time": 19.027,"Actual Rows": 5902,"Actual Loops": 5,"Filter": "((p_brand <> 'Brand#22'::bpchar) AND ((p_type)::text !~~ 'LARGE POLISHED%'::text) AND (p_size = ANY ('{19,9,15,25,14,49,12,27}'::integer[])))","Rows Removed by Filter": 34098,"Workers": []}]}]}]}]}]}]},"Planning Time": 4.851,"Triggers": [],"Execution Time": 242.053}]
[{"Plan": {"Node Type": "Sort","Parallel Aware": false,"Async Capable": false,"Startup Cost": 33028.16,"Total Cost": 33067.75,"Plan Rows": 15835,"Plan Width": 44,"Actual Startup Time": 240.164,"Actual Total Time": 241.892,"Actual Rows": 18223,"Actual Loops": 1,"Sort Key": ["(count(DISTINCT partsupp.ps_suppkey)) DESC", "part.p_brand", "part.p_type", "part.p_size"],"Sort Method": "quicksort","Sort Space Used": 2334,"Sort Space Type": "Memory","Plans": [{"Node Type": "Aggregate","Strategy": "Sorted","Partial Mode": "Simple","Parent Relationship": "Outer","Parallel Aware": false,"Async Capable": false,"Startup Cost": 24229.48,"Total Cost": 31923.60,"Plan Rows": 15835,"Plan Width": 44,"Actual Startup Time": 135.845,"Actual Total Time": 203.110,"Actual Rows": 18223,"Actual Loops": 1,"Group Key": ["part.p_brand", "part.p_type", "part.p_size"],"Plans": [{"Node Type": "Gather Merge","Parent Relationship": "Outer","Parallel Aware": false,"Async Capable": false,"Startup Cost": 24229.48,"Total Cost": 31184.39,"Plan Rows": 58086,"Plan Width": 40,"Actual Startup Time": 135.769,"Actual Total Time": 174.744,"Actual Rows": 117941,"Actual Loops": 1,"Workers Planned": 4,"Workers Launched": 4,"Plans": [{"Node Type": "Sort","Parent Relationship": "Outer","Parallel Aware": false,"Async Capable": false,"Startup Cost": 23229.43,"Total Cost": 23265.73,"Plan Rows": 14522,"Plan Width": 40,"Actual Startup Time": 123.101,"Actual Total Time": 125.576,"Actual Rows": 23588,"Actual Loops": 5,"Sort Key": ["part.p_brand", "part.p_type", "part.p_size"],"Sort Method": "quicksort","Sort Space Used": 2333,"Sort Space Type": "Memory","Workers": [{"Worker Number": 0,"Sort Method": "quicksort","Sort Space Used": 2854,"Sort Space Type": "Memory"},{"Worker Number": 1,"Sort Method": "quicksort","Sort Space Used": 2843,"Sort Space Type": "Memory"},{"Worker Number": 2,"Sort Method": "quicksort","Sort Space Used": 2818,"Sort Space Type": "Memory"},{"Worker Number": 3,"Sort Method": "quicksort","Sort Space Used": 2686,"Sort Space Type": "Memory"}],"Plans": [{"Node Type": "Hash Join","Parent Relationship": "Outer","Parallel Aware": true,"Async Capable": false,"Join Type": "Inner","Startup Cost": 6679.02,"Total Cost": 22225.52,"Plan Rows": 14522,"Plan Width": 40,"Actual Startup Time": 31.911,"Actual Total Time": 80.507,"Actual Rows": 23588,"Actual Loops": 5,"Inner Unique": true,"Hash Cond": "(partsupp.ps_partkey = part.p_partkey)","Workers": [],"Plans": [{"Node Type": "Index Only Scan","Parent Relationship": "Outer","Parallel Aware": true,"Async Capable": false,"Scan Direction": "Forward","Index Name": "partsupp_pkey","Relation Name": "partsupp","Alias": "partsupp","Startup Cost": 347.43,"Total Cost": 15631.43,"Plan Rows": 100000,"Plan Width": 8,"Actual Startup Time": 8.947,"Actual Total Time": 33.886,"Actual Rows": 159936,"Actual Loops": 5,"Filter": "(NOT (hashed SubPlan 1))","Rows Removed by Filter": 64,"Heap Fetches": 0,"Workers": [],"Plans": [{"Node Type": "Seq Scan","Parent Relationship": "SubPlan","Subplan Name": "SubPlan 1","Parallel Aware": false,"Async Capable": false,"Relation Name": "supplier","Alias": "supplier","Startup Cost": 0.00,"Total Cost": 347.00,"Plan Rows": 1,"Plan Width": 4,"Actual Startup Time": 0.174,"Actual Total Time": 8.805,"Actual Rows": 4,"Actual Loops": 5,"Filter": "((s_comment)::text ~~ '%Customer%Complaints%'::text)","Rows Removed by Filter": 9996,"Workers": []}]},{"Node Type": "Hash","Parent Relationship": "Inner","Parallel Aware": true,"Async Capable": false,"Startup Cost": 6180.33,"Total Cost": 6180.33,"Plan Rows": 12101,"Plan Width": 40,"Actual Startup Time": 22.683,"Actual Total Time": 22.686,"Actual Rows": 5899,"Actual Loops": 5,"Hash Buckets": 32768,"Original Hash Buckets": 32768,"Hash Batches": 1,"Original Hash Batches": 1,"Peak Memory Usage": 2528,"Workers": [],"Plans": [{"Node Type": "Seq Scan","Parent Relationship": "Outer","Parallel Aware": true,"Async Capable": false,"Relation Name": "part","Alias": "part","Startup Cost": 0.00,"Total Cost": 6180.33,"Plan Rows": 12101,"Plan Width": 40,"Actual Startup Time": 0.066,"Actual Total Time": 19.411,"Actual Rows": 5899,"Actual Loops": 5,"Filter": "((p_brand <> 'Brand#51'::bpchar) AND ((p_type)::text !~~ 'STANDARD ANODIZED%'::text) AND (p_size = ANY ('{27,43,8,16,5,9,12,50}'::integer[])))","Rows Removed by Filter": 34101,"Workers": []}]}]}]}]}]}]},"Planning Time": 4.004,"Triggers": [],"Execution Time": 243.460}]
[{"Plan": {"Node Type": "Sort","Parallel Aware": false,"Async Capable": false,"Startup Cost": 33058.55,"Total Cost": 33098.19,"Plan Rows": 15858,"Plan Width": 44,"Actual Startup Time": 235.354,"Actual Total Time": 237.186,"Actual Rows": 18129,"Actual Loops": 1,"Sort Key": ["(count(DISTINCT partsupp.ps_suppkey)) DESC", "part.p_brand", "part.p_type", "part.p_size"],"Sort Method": "quicksort","Sort Space Used": 2326,"Sort Space Type": "Memory","Plans": [{"Node Type": "Aggregate","Strategy": "Sorted","Partial Mode": "Simple","Parent Relationship": "Outer","Parallel Aware": false,"Async Capable": false,"Startup Cost": 24233.48,"Total Cost": 31952.22,"Plan Rows": 15858,"Plan Width": 44,"Actual Startup Time": 130.815,"Actual Total Time": 197.157,"Actual Rows": 18129,"Actual Loops": 1,"Group Key": ["part.p_brand", "part.p_type", "part.p_size"],"Plans": [{"Node Type": "Gather Merge","Parent Relationship": "Outer","Parallel Aware": false,"Async Capable": false,"Startup Cost": 24233.48,"Total Cost": 31210.90,"Plan Rows": 58274,"Plan Width": 40,"Actual Startup Time": 130.742,"Actual Total Time": 169.496,"Actual Rows": 117460,"Actual Loops": 1,"Workers Planned": 4,"Workers Launched": 4,"Plans": [{"Node Type": "Sort","Parent Relationship": "Outer","Parallel Aware": false,"Async Capable": false,"Startup Cost": 23233.43,"Total Cost": 23269.85,"Plan Rows": 14568,"Plan Width": 40,"Actual Startup Time": 122.518,"Actual Total Time": 124.980,"Actual Rows": 23492,"Actual Loops": 5,"Sort Key": ["part.p_brand", "part.p_type", "part.p_size"],"Sort Method": "quicksort","Sort Space Used": 2684,"Sort Space Type": "Memory","Workers": [{"Worker Number": 0,"Sort Method": "quicksort","Sort Space Used": 2652,"Sort Space Type": "Memory"},{"Worker Number": 1,"Sort Method": "quicksort","Sort Space Used": 2723,"Sort Space Type": "Memory"},{"Worker Number": 2,"Sort Method": "quicksort","Sort Space Used": 2718,"Sort Space Type": "Memory"},{"Worker Number": 3,"Sort Method": "quicksort","Sort Space Used": 2738,"Sort Space Type": "Memory"}],"Plans": [{"Node Type": "Hash Join","Parent Relationship": "Outer","Parallel Aware": true,"Async Capable": false,"Join Type": "Inner","Startup Cost": 6679.51,"Total Cost": 22226.01,"Plan Rows": 14568,"Plan Width": 40,"Actual Startup Time": 30.835,"Actual Total Time": 81.492,"Actual Rows": 23492,"Actual Loops": 5,"Inner Unique": true,"Hash Cond": "(partsupp.ps_partkey = part.p_partkey)","Workers": [],"Plans": [{"Node Type": "Index Only Scan","Parent Relationship": "Outer","Parallel Aware": true,"Async Capable": false,"Scan Direction": "Forward","Index Name": "partsupp_pkey","Relation Name": "partsupp","Alias": "partsupp","Startup Cost": 347.43,"Total Cost": 15631.43,"Plan Rows": 100000,"Plan Width": 8,"Actual Startup Time": 7.525,"Actual Total Time": 32.782,"Actual Rows": 159936,"Actual Loops": 5,"Filter": "(NOT (hashed SubPlan 1))","Rows Removed by Filter": 64,"Heap Fetches": 0,"Workers": [],"Plans": [{"Node Type": "Seq Scan","Parent Relationship": "SubPlan","Subplan Name": "SubPlan 1","Parallel Aware": false,"Async Capable": false,"Relation Name": "supplier","Alias": "supplier","Startup Cost": 0.00,"Total Cost": 347.00,"Plan Rows": 1,"Plan Width": 4,"Actual Startup Time": 0.158,"Actual Total Time": 7.346,"Actual Rows": 4,"Actual Loops": 5,"Filter": "((s_comment)::text ~~ '%Customer%Complaints%'::text)","Rows Removed by Filter": 9996,"Workers": []}]},{"Node Type": "Hash","Parent Relationship": "Inner","Parallel Aware": true,"Async Capable": false,"Startup Cost": 6180.33,"Total Cost": 6180.33,"Plan Rows": 12140,"Plan Width": 40,"Actual Startup Time": 23.060,"Actual Total Time": 23.064,"Actual Rows": 5875,"Actual Loops": 5,"Hash Buckets": 32768,"Original Hash Buckets": 32768,"Hash Batches": 1,"Original Hash Batches": 1,"Peak Memory Usage": 2528,"Workers": [],"Plans": [{"Node Type": "Seq Scan","Parent Relationship": "Outer","Parallel Aware": true,"Async Capable": false,"Relation Name": "part","Alias": "part","Startup Cost": 0.00,"Total Cost": 6180.33,"Plan Rows": 12140,"Plan Width": 40,"Actual Startup Time": 0.046,"Actual Total Time": 19.125,"Actual Rows": 5875,"Actual Loops": 5,"Filter": "((p_brand <> 'Brand#34'::bpchar) AND ((p_type)::text !~~ 'LARGE ANODIZED%'::text) AND (p_size = ANY ('{45,8,13,11,31,7,38,15}'::integer[])))","Rows Removed by Filter": 34125,"Workers": []}]}]}]}]}]}]},"Planning Time": 3.778,"Triggers": [],"Execution Time": 238.108}]
[{"Plan": {"Node Type": "Sort","Parallel Aware": false,"Async Capable": false,"Startup Cost": 33081.70,"Total Cost": 33121.39,"Plan Rows": 15875,"Plan Width": 44,"Actual Startup Time": 236.267,"Actual Total Time": 237.906,"Actual Rows": 18307,"Actual Loops": 1,"Sort Key": ["(count(DISTINCT partsupp.ps_suppkey)) DESC", "part.p_brand", "part.p_type", "part.p_size"],"Sort Method": "quicksort","Sort Space Used": 2342,"Sort Space Type": "Memory","Plans": [{"Node Type": "Aggregate","Strategy": "Sorted","Partial Mode": "Simple","Parent Relationship": "Outer","Parallel Aware": false,"Async Capable": false,"Startup Cost": 24236.61,"Total Cost": 31974.07,"Plan Rows": 15875,"Plan Width": 44,"Actual Startup Time": 134.035,"Actual Total Time": 200.689,"Actual Rows": 18307,"Actual Loops": 1,"Group Key": ["part.p_brand", "part.p_type", "part.p_size"],"Plans": [{"Node Type": "Gather Merge","Parent Relationship": "Outer","Parallel Aware": false,"Async Capable": false,"Startup Cost": 24236.61,"Total Cost": 31231.15,"Plan Rows": 58417,"Plan Width": 40,"Actual Startup Time": 133.975,"Actual Total Time": 173.168,"Actual Rows": 119141,"Actual Loops": 1,"Workers Planned": 4,"Workers Launched": 4,"Plans": [{"Node Type": "Sort","Parent Relationship": "Outer","Parallel Aware": false,"Async Capable": false,"Startup Cost": 23236.55,"Total Cost": 23273.06,"Plan Rows": 14604,"Plan Width": 40,"Actual Startup Time": 122.977,"Actual Total Time": 125.614,"Actual Rows": 23828,"Actual Loops": 5,"Sort Key": ["part.p_brand", "part.p_type", "part.p_size"],"Sort Method": "quicksort","Sort Space Used": 2480,"Sort Space Type": "Memory","Workers": [{"Worker Number": 0,"Sort Method": "quicksort","Sort Space Used": 2919,"Sort Space Type": "Memory"},{"Worker Number": 1,"Sort Method": "quicksort","Sort Space Used": 2914,"Sort Space Type": "Memory"},{"Worker Number": 2,"Sort Method": "quicksort","Sort Space Used": 2476,"Sort Space Type": "Memory"},{"Worker Number": 3,"Sort Method": "quicksort","Sort Space Used": 2876,"Sort Space Type": "Memory"}],"Plans": [{"Node Type": "Hash Join","Parent Relationship": "Outer","Parallel Aware": true,"Async Capable": false,"Join Type": "Inner","Startup Cost": 6679.89,"Total Cost": 22226.39,"Plan Rows": 14604,"Plan Width": 40,"Actual Startup Time": 30.909,"Actual Total Time": 80.910,"Actual Rows": 23828,"Actual Loops": 5,"Inner Unique": true,"Hash Cond": "(partsupp.ps_partkey = part.p_partkey)","Workers": [],"Plans": [{"Node Type": "Index Only Scan","Parent Relationship": "Outer","Parallel Aware": true,"Async Capable": false,"Scan Direction": "Forward","Index Name": "partsupp_pkey","Relation Name": "partsupp","Alias": "partsupp","Startup Cost": 347.43,"Total Cost": 15631.43,"Plan Rows": 100000,"Plan Width": 8,"Actual Startup Time": 7.540,"Actual Total Time": 32.629,"Actual Rows": 159936,"Actual Loops": 5,"Filter": "(NOT (hashed SubPlan 1))","Rows Removed by Filter": 64,"Heap Fetches": 0,"Workers": [],"Plans": [{"Node Type": "Seq Scan","Parent Relationship": "SubPlan","Subplan Name": "SubPlan 1","Parallel Aware": false,"Async Capable": false,"Relation Name": "supplier","Alias": "supplier","Startup Cost": 0.00,"Total Cost": 347.00,"Plan Rows": 1,"Plan Width": 4,"Actual Startup Time": 0.207,"Actual Total Time": 7.365,"Actual Rows": 4,"Actual Loops": 5,"Filter": "((s_comment)::text ~~ '%Customer%Complaints%'::text)","Rows Removed by Filter": 9996,"Workers": []}]},{"Node Type": "Hash","Parent Relationship": "Inner","Parallel Aware": true,"Async Capable": false,"Startup Cost": 6180.33,"Total Cost": 6180.33,"Plan Rows": 12170,"Plan Width": 40,"Actual Startup Time": 23.100,"Actual Total Time": 23.103,"Actual Rows": 5959,"Actual Loops": 5,"Hash Buckets": 32768,"Original Hash Buckets": 32768,"Hash Batches": 1,"Original Hash Batches": 1,"Peak Memory Usage": 2592,"Workers": [],"Plans": [{"Node Type": "Seq Scan","Parent Relationship": "Outer","Parallel Aware": true,"Async Capable": false,"Relation Name": "part","Alias": "part","Startup Cost": 0.00,"Total Cost": 6180.33,"Plan Rows": 12170,"Plan Width": 40,"Actual Startup Time": 0.053,"Actual Total Time": 19.116,"Actual Rows": 5959,"Actual Loops": 5,"Filter": "((p_brand <> 'Brand#52'::bpchar) AND ((p_type)::text !~~ 'PROMO PLATED%'::text) AND (p_size = ANY ('{34,48,10,6,8,7,38,17}'::integer[])))","Rows Removed by Filter": 34041,"Workers": []}]}]}]}]}]}]},"Planning Time": 4.371,"Triggers": [],"Execution Time": 238.784}]
[{"Plan": {"Node Type": "Sort","Parallel Aware": false,"Async Capable": false,"Startup Cost": 33337.63,"Total Cost": 33377.78,"Plan Rows": 16062,"Plan Width": 44,"Actual Startup Time": 245.692,"Actual Total Time": 247.635,"Actual Rows": 18261,"Actual Loops": 1,"Sort Key": ["(count(DISTINCT partsupp.ps_suppkey)) DESC", "part.p_brand", "part.p_type", "part.p_size"],"Sort Method": "quicksort","Sort Space Used": 2337,"Sort Space Type": "Memory","Plans": [{"Node Type": "Aggregate","Strategy": "Sorted","Partial Mode": "Simple","Parent Relationship": "Outer","Parallel Aware": false,"Async Capable": false,"Startup Cost": 24271.02,"Total Cost": 32215.59,"Plan Rows": 16062,"Plan Width": 44,"Actual Startup Time": 139.709,"Actual Total Time": 207.915,"Actual Rows": 18261,"Actual Loops": 1,"Group Key": ["part.p_brand", "part.p_type", "part.p_size"],"Plans": [{"Node Type": "Gather Merge","Parent Relationship": "Outer","Parallel Aware": false,"Async Capable": false,"Startup Cost": 24271.02,"Total Cost": 31454.98,"Plan Rows": 59999,"Plan Width": 40,"Actual Startup Time": 139.654,"Actual Total Time": 179.498,"Actual Rows": 118838,"Actual Loops": 1,"Workers Planned": 4,"Workers Launched": 4,"Plans": [{"Node Type": "Sort","Parent Relationship": "Outer","Parallel Aware": false,"Async Capable": false,"Startup Cost": 23270.96,"Total Cost": 23308.46,"Plan Rows": 15000,"Plan Width": 40,"Actual Startup Time": 124.680,"Actual Total Time": 127.210,"Actual Rows": 23768,"Actual Loops": 5,"Sort Key": ["part.p_brand", "part.p_type", "part.p_size"],"Sort Method": "quicksort","Sort Space Used": 2339,"Sort Space Type": "Memory","Workers": [{"Worker Number": 0,"Sort Method": "quicksort","Sort Space Used": 2823,"Sort Space Type": "Memory"},{"Worker Number": 1,"Sort Method": "quicksort","Sort Space Used": 2847,"Sort Space Type": "Memory"},{"Worker Number": 2,"Sort Method": "quicksort","Sort Space Used": 2854,"Sort Space Type": "Memory"},{"Worker Number": 3,"Sort Method": "quicksort","Sort Space Used": 2748,"Sort Space Type": "Memory"}],"Plans": [{"Node Type": "Hash Join","Parent Relationship": "Outer","Parallel Aware": true,"Async Capable": false,"Join Type": "Inner","Startup Cost": 6684.01,"Total Cost": 22230.51,"Plan Rows": 15000,"Plan Width": 40,"Actual Startup Time": 32.998,"Actual Total Time": 81.505,"Actual Rows": 23768,"Actual Loops": 5,"Inner Unique": true,"Hash Cond": "(partsupp.ps_partkey = part.p_partkey)","Workers": [],"Plans": [{"Node Type": "Index Only Scan","Parent Relationship": "Outer","Parallel Aware": true,"Async Capable": false,"Scan Direction": "Forward","Index Name": "partsupp_pkey","Relation Name": "partsupp","Alias": "partsupp","Startup Cost": 347.43,"Total Cost": 15631.43,"Plan Rows": 100000,"Plan Width": 8,"Actual Startup Time": 9.145,"Actual Total Time": 33.995,"Actual Rows": 159936,"Actual Loops": 5,"Filter": "(NOT (hashed SubPlan 1))","Rows Removed by Filter": 64,"Heap Fetches": 0,"Workers": [],"Plans": [{"Node Type": "Seq Scan","Parent Relationship": "SubPlan","Subplan Name": "SubPlan 1","Parallel Aware": false,"Async Capable": false,"Relation Name": "supplier","Alias": "supplier","Startup Cost": 0.00,"Total Cost": 347.00,"Plan Rows": 1,"Plan Width": 4,"Actual Startup Time": 0.395,"Actual Total Time": 9.012,"Actual Rows": 4,"Actual Loops": 5,"Filter": "((s_comment)::text ~~ '%Customer%Complaints%'::text)","Rows Removed by Filter": 9996,"Workers": []}]},{"Node Type": "Hash","Parent Relationship": "Inner","Parallel Aware": true,"Async Capable": false,"Startup Cost": 6180.33,"Total Cost": 6180.33,"Plan Rows": 12500,"Plan Width": 40,"Actual Startup Time": 23.588,"Actual Total Time": 23.593,"Actual Rows": 5944,"Actual Loops": 5,"Hash Buckets": 32768,"Original Hash Buckets": 32768,"Hash Batches": 1,"Original Hash Batches": 1,"Peak Memory Usage": 2560,"Workers": [],"Plans": [{"Node Type": "Seq Scan","Parent Relationship": "Outer","Parallel Aware": true,"Async Capable": false,"Relation Name": "part","Alias": "part","Startup Cost": 0.00,"Total Cost": 6180.33,"Plan Rows": 12500,"Plan Width": 40,"Actual Startup Time": 0.062,"Actual Total Time": 20.071,"Actual Rows": 5944,"Actual Loops": 5,"Filter": "((p_brand <> 'Brand#53'::bpchar) AND ((p_type)::text !~~ 'ECONOMY POLISHED%'::text) AND (p_size = ANY ('{5,9,45,50,7,8,41,29}'::integer[])))","Rows Removed by Filter": 34056,"Workers": []}]}]}]}]}]}]},"Planning Time": 4.050,"Triggers": [],"Execution Time": 249.215}]
[{"Plan": {"Node Type": "Sort","Parallel Aware": false,"Async Capable": false,"Startup Cost": 33026.18,"Total Cost": 33065.77,"Plan Rows": 15834,"Plan Width": 44,"Actual Startup Time": 233.331,"Actual Total Time": 235.375,"Actual Rows": 18235,"Actual Loops": 1,"Sort Key": ["(count(DISTINCT partsupp.ps_suppkey)) DESC", "part.p_brand", "part.p_type", "part.p_size"],"Sort Method": "quicksort","Sort Space Used": 2335,"Sort Space Type": "Memory","Plans": [{"Node Type": "Aggregate","Strategy": "Sorted","Partial Mode": "Simple","Parent Relationship": "Outer","Parallel Aware": false,"Async Capable": false,"Startup Cost": 24229.15,"Total Cost": 31921.70,"Plan Rows": 15834,"Plan Width": 44,"Actual Startup Time": 130.126,"Actual Total Time": 195.872,"Actual Rows": 18235,"Actual Loops": 1,"Group Key": ["part.p_brand", "part.p_type", "part.p_size"],"Plans": [{"Node Type": "Gather Merge","Parent Relationship": "Outer","Parallel Aware": false,"Async Capable": false,"Startup Cost": 24229.15,"Total Cost": 31182.62,"Plan Rows": 58074,"Plan Width": 40,"Actual Startup Time": 130.029,"Actual Total Time": 168.487,"Actual Rows": 117827,"Actual Loops": 1,"Workers Planned": 4,"Workers Launched": 4,"Plans": [{"Node Type": "Sort","Parent Relationship": "Outer","Parallel Aware": false,"Async Capable": false,"Startup Cost": 23229.10,"Total Cost": 23265.39,"Plan Rows": 14518,"Plan Width": 40,"Actual Startup Time": 119.633,"Actual Total Time": 122.077,"Actual Rows": 23565,"Actual Loops": 5,"Sort Key": ["part.p_brand", "part.p_type", "part.p_size"],"Sort Method": "quicksort","Sort Space Used": 2649,"Sort Space Type": "Memory","Workers": [{"Worker Number": 0,"Sort Method": "quicksort","Sort Space Used": 2605,"Sort Space Type": "Memory"},{"Worker Number": 1,"Sort Method": "quicksort","Sort Space Used": 2828,"Sort Space Type": "Memory"},{"Worker Number": 2,"Sort Method": "quicksort","Sort Space Used": 2597,"Sort Space Type": "Memory"},{"Worker Number": 3,"Sort Method": "quicksort","Sort Space Used": 2864,"Sort Space Type": "Memory"}],"Plans": [{"Node Type": "Hash Join","Parent Relationship": "Outer","Parallel Aware": true,"Async Capable": false,"Join Type": "Inner","Startup Cost": 6679.00,"Total Cost": 22225.50,"Plan Rows": 14518,"Plan Width": 40,"Actual Startup Time": 29.035,"Actual Total Time": 78.232,"Actual Rows": 23565,"Actual Loops": 5,"Inner Unique": true,"Hash Cond": "(partsupp.ps_partkey = part.p_partkey)","Workers": [],"Plans": [{"Node Type": "Index Only Scan","Parent Relationship": "Outer","Parallel Aware": true,"Async Capable": false,"Scan Direction": "Forward","Index Name": "partsupp_pkey","Relation Name": "partsupp","Alias": "partsupp","Startup Cost": 347.43,"Total Cost": 15631.43,"Plan Rows": 100000,"Plan Width": 8,"Actual Startup Time": 7.156,"Actual Total Time": 32.611,"Actual Rows": 159936,"Actual Loops": 5,"Filter": "(NOT (hashed SubPlan 1))","Rows Removed by Filter": 64,"Heap Fetches": 0,"Workers": [],"Plans": [{"Node Type": "Seq Scan","Parent Relationship": "SubPlan","Subplan Name": "SubPlan 1","Parallel Aware": false,"Async Capable": false,"Relation Name": "supplier","Alias": "supplier","Startup Cost": 0.00,"Total Cost": 347.00,"Plan Rows": 1,"Plan Width": 4,"Actual Startup Time": 0.133,"Actual Total Time": 6.990,"Actual Rows": 4,"Actual Loops": 5,"Filter": "((s_comment)::text ~~ '%Customer%Complaints%'::text)","Rows Removed by Filter": 9996,"Workers": []}]},{"Node Type": "Hash","Parent Relationship": "Inner","Parallel Aware": true,"Async Capable": false,"Startup Cost": 6180.33,"Total Cost": 6180.33,"Plan Rows": 12099,"Plan Width": 40,"Actual Startup Time": 21.676,"Actual Total Time": 21.679,"Actual Rows": 5894,"Actual Loops": 5,"Hash Buckets": 32768,"Original Hash Buckets": 32768,"Hash Batches": 1,"Original Hash Batches": 1,"Peak Memory Usage": 2528,"Workers": [],"Plans": [{"Node Type": "Seq Scan","Parent Relationship": "Outer","Parallel Aware": true,"Async Capable": false,"Relation Name": "part","Alias": "part","Startup Cost": 0.00,"Total Cost": 6180.33,"Plan Rows": 12099,"Plan Width": 40,"Actual Startup Time": 0.053,"Actual Total Time": 18.487,"Actual Rows": 5894,"Actual Loops": 5,"Filter": "((p_brand <> 'Brand#32'::bpchar) AND ((p_type)::text !~~ 'SMALL ANODIZED%'::text) AND (p_size = ANY ('{36,37,2,7,4,19,15,50}'::integer[])))","Rows Removed by Filter": 34106,"Workers": []}]}]}]}]}]}]},"Planning Time": 4.210,"Triggers": [],"Execution Time": 236.596}]
[{"Plan": {"Node Type": "Sort","Parallel Aware": false,"Async Capable": false,"Startup Cost": 33086.77,"Total Cost": 33126.47,"Plan Rows": 15879,"Plan Width": 44,"Actual Startup Time": 235.602,"Actual Total Time": 237.672,"Actual Rows": 18250,"Actual Loops": 1,"Sort Key": ["(count(DISTINCT partsupp.ps_suppkey)) DESC", "part.p_brand", "part.p_type", "part.p_size"],"Sort Method": "quicksort","Sort Space Used": 2336,"Sort Space Type": "Memory","Plans": [{"Node Type": "Aggregate","Strategy": "Sorted","Partial Mode": "Simple","Parent Relationship": "Outer","Parallel Aware": false,"Async Capable": false,"Startup Cost": 24237.31,"Total Cost": 31978.83,"Plan Rows": 15879,"Plan Width": 44,"Actual Startup Time": 131.866,"Actual Total Time": 198.105,"Actual Rows": 18250,"Actual Loops": 1,"Group Key": ["part.p_brand", "part.p_type", "part.p_size"],"Plans": [{"Node Type": "Gather Merge","Parent Relationship": "Outer","Parallel Aware": false,"Async Capable": false,"Startup Cost": 24237.31,"Total Cost": 31235.56,"Plan Rows": 58448,"Plan Width": 40,"Actual Startup Time": 131.803,"Actual Total Time": 170.777,"Actual Rows": 118634,"Actual Loops": 1,"Workers Planned": 4,"Workers Launched": 4,"Plans": [{"Node Type": "Sort","Parent Relationship": "Outer","Parallel Aware": false,"Async Capable": false,"Startup Cost": 23237.25,"Total Cost": 23273.78,"Plan Rows": 14612,"Plan Width": 40,"Actual Startup Time": 122.481,"Actual Total Time": 125.022,"Actual Rows": 23727,"Actual Loops": 5,"Sort Key": ["part.p_brand", "part.p_type", "part.p_size"],"Sort Method": "quicksort","Sort Space Used": 2687,"Sort Space Type": "Memory","Workers": [{"Worker Number": 0,"Sort Method": "quicksort","Sort Space Used": 2645,"Sort Space Type": "Memory"},{"Worker Number": 1,"Sort Method": "quicksort","Sort Space Used": 2767,"Sort Space Type": "Memory"},{"Worker Number": 2,"Sort Method": "quicksort","Sort Space Used": 2779,"Sort Space Type": "Memory"},{"Worker Number": 3,"Sort Method": "quicksort","Sort Space Used": 2728,"Sort Space Type": "Memory"}],"Plans": [{"Node Type": "Hash Join","Parent Relationship": "Outer","Parallel Aware": true,"Async Capable": false,"Join Type": "Inner","Startup Cost": 6679.97,"Total Cost": 22226.47,"Plan Rows": 14612,"Plan Width": 40,"Actual Startup Time": 30.835,"Actual Total Time": 81.189,"Actual Rows": 23727,"Actual Loops": 5,"Inner Unique": true,"Hash Cond": "(partsupp.ps_partkey = part.p_partkey)","Workers": [],"Plans": [{"Node Type": "Index Only Scan","Parent Relationship": "Outer","Parallel Aware": true,"Async Capable": false,"Scan Direction": "Forward","Index Name": "partsupp_pkey","Relation Name": "partsupp","Alias": "partsupp","Startup Cost": 347.43,"Total Cost": 15631.43,"Plan Rows": 100000,"Plan Width": 8,"Actual Startup Time": 7.981,"Actual Total Time": 33.139,"Actual Rows": 159936,"Actual Loops": 5,"Filter": "(NOT (hashed SubPlan 1))","Rows Removed by Filter": 64,"Heap Fetches": 0,"Workers": [],"Plans": [{"Node Type": "Seq Scan","Parent Relationship": "SubPlan","Subplan Name": "SubPlan 1","Parallel Aware": false,"Async Capable": false,"Relation Name": "supplier","Alias": "supplier","Startup Cost": 0.00,"Total Cost": 347.00,"Plan Rows": 1,"Plan Width": 4,"Actual Startup Time": 0.158,"Actual Total Time": 7.836,"Actual Rows": 4,"Actual Loops": 5,"Filter": "((s_comment)::text ~~ '%Customer%Complaints%'::text)","Rows Removed by Filter": 9996,"Workers": []}]},{"Node Type": "Hash","Parent Relationship": "Inner","Parallel Aware": true,"Async Capable": false,"Startup Cost": 6180.33,"Total Cost": 6180.33,"Plan Rows": 12177,"Plan Width": 40,"Actual Startup Time": 22.557,"Actual Total Time": 22.561,"Actual Rows": 5934,"Actual Loops": 5,"Hash Buckets": 32768,"Original Hash Buckets": 32768,"Hash Batches": 1,"Original Hash Batches": 1,"Peak Memory Usage": 2560,"Workers": [],"Plans": [{"Node Type": "Seq Scan","Parent Relationship": "Outer","Parallel Aware": true,"Async Capable": false,"Relation Name": "part","Alias": "part","Startup Cost": 0.00,"Total Cost": 6180.33,"Plan Rows": 12177,"Plan Width": 40,"Actual Startup Time": 0.052,"Actual Total Time": 19.010,"Actual Rows": 5934,"Actual Loops": 5,"Filter": "((p_brand <> 'Brand#11'::bpchar) AND ((p_type)::text !~~ 'MEDIUM BRUSHED%'::text) AND (p_size = ANY ('{7,21,6,38,49,13,32,44}'::integer[])))","Rows Removed by Filter": 34066,"Workers": []}]}]}]}]}]}]},"Planning Time": 4.493,"Triggers": [],"Execution Time": 239.107}]
[{"Plan": {"Node Type": "Sort","Parallel Aware": false,"Async Capable": false,"Startup Cost": 33582.85,"Total Cost": 33623.44,"Plan Rows": 16235,"Plan Width": 44,"Actual Startup Time": 241.665,"Actual Total Time": 243.506,"Actual Rows": 18366,"Actual Loops": 1,"Sort Key": ["(count(DISTINCT partsupp.ps_suppkey)) DESC", "part.p_brand", "part.p_type", "part.p_size"],"Sort Method": "quicksort","Sort Space Used": 2346,"Sort Space Type": "Memory","Plans": [{"Node Type": "Aggregate","Strategy": "Sorted","Partial Mode": "Simple","Parent Relationship": "Outer","Parallel Aware": false,"Async Capable": false,"Startup Cost": 24304.10,"Total Cost": 32447.47,"Plan Rows": 16235,"Plan Width": 44,"Actual Startup Time": 136.670,"Actual Total Time": 202.699,"Actual Rows": 18366,"Actual Loops": 1,"Group Key": ["part.p_brand", "part.p_type", "part.p_size"],"Plans": [{"Node Type": "Gather Merge","Parent Relationship": "Outer","Parallel Aware": false,"Async Capable": false,"Startup Cost": 24304.10,"Total Cost": 31669.94,"Plan Rows": 61518,"Plan Width": 40,"Actual Startup Time": 136.603,"Actual Total Time": 174.979,"Actual Rows": 120211,"Actual Loops": 1,"Workers Planned": 4,"Workers Launched": 4,"Plans": [{"Node Type": "Sort","Parent Relationship": "Outer","Parallel Aware": false,"Async Capable": false,"Startup Cost": 23304.05,"Total Cost": 23342.50,"Plan Rows": 15380,"Plan Width": 40,"Actual Startup Time": 125.122,"Actual Total Time": 127.436,"Actual Rows": 24042,"Actual Loops": 5,"Sort Key": ["part.p_brand", "part.p_type", "part.p_size"],"Sort Method": "quicksort","Sort Space Used": 2472,"Sort Space Type": "Memory","Workers": [{"Worker Number": 0,"Sort Method": "quicksort","Sort Space Used": 2918,"Sort Space Type": "Memory"},{"Worker Number": 1,"Sort Method": "quicksort","Sort Space Used": 2494,"Sort Space Type": "Memory"},{"Worker Number": 2,"Sort Method": "quicksort","Sort Space Used": 2928,"Sort Space Type": "Memory"},{"Worker Number": 3,"Sort Method": "quicksort","Sort Space Used": 2913,"Sort Space Type": "Memory"}],"Plans": [{"Node Type": "Hash Join","Parent Relationship": "Outer","Parallel Aware": true,"Async Capable": false,"Join Type": "Inner","Startup Cost": 6687.96,"Total Cost": 22234.46,"Plan Rows": 15380,"Plan Width": 40,"Actual Startup Time": 32.704,"Actual Total Time": 83.247,"Actual Rows": 24042,"Actual Loops": 5,"Inner Unique": true,"Hash Cond": "(partsupp.ps_partkey = part.p_partkey)","Workers": [],"Plans": [{"Node Type": "Index Only Scan","Parent Relationship": "Outer","Parallel Aware": true,"Async Capable": false,"Scan Direction": "Forward","Index Name": "partsupp_pkey","Relation Name": "partsupp","Alias": "partsupp","Startup Cost": 347.43,"Total Cost": 15631.43,"Plan Rows": 100000,"Plan Width": 8,"Actual Startup Time": 9.186,"Actual Total Time": 34.889,"Actual Rows": 159936,"Actual Loops": 5,"Filter": "(NOT (hashed SubPlan 1))","Rows Removed by Filter": 64,"Heap Fetches": 0,"Workers": [],"Plans": [{"Node Type": "Seq Scan","Parent Relationship": "SubPlan","Subplan Name": "SubPlan 1","Parallel Aware": false,"Async Capable": false,"Relation Name": "supplier","Alias": "supplier","Startup Cost": 0.00,"Total Cost": 347.00,"Plan Rows": 1,"Plan Width": 4,"Actual Startup Time": 0.207,"Actual Total Time": 9.036,"Actual Rows": 4,"Actual Loops": 5,"Filter": "((s_comment)::text ~~ '%Customer%Complaints%'::text)","Rows Removed by Filter": 9996,"Workers": []}]},{"Node Type": "Hash","Parent Relationship": "Inner","Parallel Aware": true,"Async Capable": false,"Startup Cost": 6180.33,"Total Cost": 6180.33,"Plan Rows": 12816,"Plan Width": 40,"Actual Startup Time": 23.213,"Actual Total Time": 23.217,"Actual Rows": 6012,"Actual Loops": 5,"Hash Buckets": 32768,"Original Hash Buckets": 32768,"Hash Batches": 1,"Original Hash Batches": 1,"Peak Memory Usage": 2624,"Workers": [],"Plans": [{"Node Type": "Seq Scan","Parent Relationship": "Outer","Parallel Aware": true,"Async Capable": false,"Relation Name": "part","Alias": "part","Startup Cost": 0.00,"Total Cost": 6180.33,"Plan Rows": 12816,"Plan Width": 40,"Actual Startup Time": 0.057,"Actual Total Time": 19.699,"Actual Rows": 6012,"Actual Loops": 5,"Filter": "((p_brand <> 'Brand#52'::bpchar) AND ((p_type)::text !~~ 'STANDARD BRUSHED%'::text) AND (p_size = ANY ('{1,17,18,35,16,47,7,29}'::integer[])))","Rows Removed by Filter": 33988,"Workers": []}]}]}]}]}]}]},"Planning Time": 4.956,"Triggers": [],"Execution Time": 244.966}]
[{"Plan": {"Node Type": "Sort","Parallel Aware": false,"Async Capable": false,"Startup Cost": 33312.22,"Total Cost": 33352.33,"Plan Rows": 16044,"Plan Width": 44,"Actual Startup Time": 235.633,"Actual Total Time": 237.644,"Actual Rows": 18159,"Actual Loops": 1,"Sort Key": ["(count(DISTINCT partsupp.ps_suppkey)) DESC", "part.p_brand", "part.p_type", "part.p_size"],"Sort Method": "quicksort","Sort Space Used": 2328,"Sort Space Type": "Memory","Plans": [{"Node Type": "Aggregate","Strategy": "Sorted","Partial Mode": "Simple","Parent Relationship": "Outer","Parallel Aware": false,"Async Capable": false,"Startup Cost": 24267.54,"Total Cost": 32191.56,"Plan Rows": 16044,"Plan Width": 44,"Actual Startup Time": 133.311,"Actual Total Time": 199.184,"Actual Rows": 18159,"Actual Loops": 1,"Group Key": ["part.p_brand", "part.p_type", "part.p_size"],"Plans": [{"Node Type": "Gather Merge","Parent Relationship": "Outer","Parallel Aware": false,"Async Capable": false,"Startup Cost": 24267.54,"Total Cost": 31432.70,"Plan Rows": 59842,"Plan Width": 40,"Actual Startup Time": 133.242,"Actual Total Time": 171.862,"Actual Rows": 118199,"Actual Loops": 1,"Workers Planned": 4,"Workers Launched": 4,"Plans": [{"Node Type": "Sort","Parent Relationship": "Outer","Parallel Aware": false,"Async Capable": false,"Startup Cost": 23267.49,"Total Cost": 23304.89,"Plan Rows": 14960,"Plan Width": 40,"Actual Startup Time": 121.093,"Actual Total Time": 123.628,"Actual Rows": 23640,"Actual Loops": 5,"Sort Key": ["part.p_brand", "part.p_type", "part.p_size"],"Sort Method": "quicksort","Sort Space Used": 2429,"Sort Space Type": "Memory","Workers": [{"Worker Number": 0,"Sort Method": "quicksort","Sort Space Used": 2405,"Sort Space Type": "Memory"},{"Worker Number": 1,"Sort Method": "quicksort","Sort Space Used": 2888,"Sort Space Type": "Memory"},{"Worker Number": 2,"Sort Method": "quicksort","Sort Space Used": 2937,"Sort Space Type": "Memory"},{"Worker Number": 3,"Sort Method": "quicksort","Sort Space Used": 2914,"Sort Space Type": "Memory"}],"Plans": [{"Node Type": "Hash Join","Parent Relationship": "Outer","Parallel Aware": true,"Async Capable": false,"Join Type": "Inner","Startup Cost": 6683.60,"Total Cost": 22230.10,"Plan Rows": 14960,"Plan Width": 40,"Actual Startup Time": 29.602,"Actual Total Time": 79.560,"Actual Rows": 23640,"Actual Loops": 5,"Inner Unique": true,"Hash Cond": "(partsupp.ps_partkey = part.p_partkey)","Workers": [],"Plans": [{"Node Type": "Index Only Scan","Parent Relationship": "Outer","Parallel Aware": true,"Async Capable": false,"Scan Direction": "Forward","Index Name": "partsupp_pkey","Relation Name": "partsupp","Alias": "partsupp","Startup Cost": 347.43,"Total Cost": 15631.43,"Plan Rows": 100000,"Plan Width": 8,"Actual Startup Time": 7.111,"Actual Total Time": 32.118,"Actual Rows": 159936,"Actual Loops": 5,"Filter": "(NOT (hashed SubPlan 1))","Rows Removed by Filter": 64,"Heap Fetches": 0,"Workers": [],"Plans": [{"Node Type": "Seq Scan","Parent Relationship": "SubPlan","Subplan Name": "SubPlan 1","Parallel Aware": false,"Async Capable": false,"Relation Name": "supplier","Alias": "supplier","Startup Cost": 0.00,"Total Cost": 347.00,"Plan Rows": 1,"Plan Width": 4,"Actual Startup Time": 0.184,"Actual Total Time": 6.969,"Actual Rows": 4,"Actual Loops": 5,"Filter": "((s_comment)::text ~~ '%Customer%Complaints%'::text)","Rows Removed by Filter": 9996,"Workers": []}]},{"Node Type": "Hash","Parent Relationship": "Inner","Parallel Aware": true,"Async Capable": false,"Startup Cost": 6180.33,"Total Cost": 6180.33,"Plan Rows": 12467,"Plan Width": 40,"Actual Startup Time": 22.206,"Actual Total Time": 22.210,"Actual Rows": 5912,"Actual Loops": 5,"Hash Buckets": 32768,"Original Hash Buckets": 32768,"Hash Batches": 1,"Original Hash Batches": 1,"Peak Memory Usage": 2560,"Workers": [],"Plans": [{"Node Type": "Seq Scan","Parent Relationship": "Outer","Parallel Aware": true,"Async Capable": false,"Relation Name": "part","Alias": "part","Startup Cost": 0.00,"Total Cost": 6180.33,"Plan Rows": 12467,"Plan Width": 40,"Actual Startup Time": 0.050,"Actual Total Time": 18.589,"Actual Rows": 5912,"Actual Loops": 5,"Filter": "((p_brand <> 'Brand#13'::bpchar) AND ((p_type)::text !~~ 'PROMO ANODIZED%'::text) AND (p_size = ANY ('{21,17,46,29,41,6,27,18}'::integer[])))","Rows Removed by Filter": 34088,"Workers": []}]}]}]}]}]}]},"Planning Time": 5.563,"Triggers": [],"Execution Time": 238.858}]
[{"Plan": {"Node Type": "Sort","Parallel Aware": false,"Async Capable": false,"Startup Cost": 33253.90,"Total Cost": 33293.91,"Plan Rows": 16002,"Plan Width": 44,"Actual Startup Time": 251.268,"Actual Total Time": 253.254,"Actual Rows": 18267,"Actual Loops": 1,"Sort Key": ["(count(DISTINCT partsupp.ps_suppkey)) DESC", "part.p_brand", "part.p_type", "part.p_size"],"Sort Method": "quicksort","Sort Space Used": 2337,"Sort Space Type": "Memory","Plans": [{"Node Type": "Aggregate","Strategy": "Sorted","Partial Mode": "Simple","Parent Relationship": "Outer","Parallel Aware": false,"Async Capable": false,"Startup Cost": 24259.72,"Total Cost": 32136.48,"Plan Rows": 16002,"Plan Width": 44,"Actual Startup Time": 143.590,"Actual Total Time": 214.291,"Actual Rows": 18267,"Actual Loops": 1,"Group Key": ["part.p_brand", "part.p_type", "part.p_size"],"Plans": [{"Node Type": "Gather Merge","Parent Relationship": "Outer","Parallel Aware": false,"Async Capable": false,"Startup Cost": 24259.72,"Total Cost": 31381.65,"Plan Rows": 59481,"Plan Width": 40,"Actual Startup Time": 143.518,"Actual Total Time": 184.677,"Actual Rows": 119106,"Actual Loops": 1,"Workers Planned": 4,"Workers Launched": 4,"Plans": [{"Node Type": "Sort","Parent Relationship": "Outer","Parallel Aware": false,"Async Capable": false,"Startup Cost": 23259.66,"Total Cost": 23296.84,"Plan Rows": 14870,"Plan Width": 40,"Actual Startup Time": 123.896,"Actual Total Time": 126.758,"Actual Rows": 23821,"Actual Loops": 5,"Sort Key": ["part.p_brand", "part.p_type", "part.p_size"],"Sort Method": "quicksort","Sort Space Used": 2328,"Sort Space Type": "Memory","Workers": [{"Worker Number": 0,"Sort Method": "quicksort","Sort Space Used": 2842,"Sort Space Type": "Memory"},{"Worker Number": 1,"Sort Method": "quicksort","Sort Space Used": 2841,"Sort Space Type": "Memory"},{"Worker Number": 2,"Sort Method": "quicksort","Sort Space Used": 2851,"Sort Space Type": "Memory"},{"Worker Number": 3,"Sort Method": "quicksort","Sort Space Used": 2774,"Sort Space Type": "Memory"}],"Plans": [{"Node Type": "Hash Join","Parent Relationship": "Outer","Parallel Aware": true,"Async Capable": false,"Join Type": "Inner","Startup Cost": 6682.66,"Total Cost": 22229.16,"Plan Rows": 14870,"Plan Width": 40,"Actual Startup Time": 31.964,"Actual Total Time": 79.916,"Actual Rows": 23821,"Actual Loops": 5,"Inner Unique": true,"Hash Cond": "(partsupp.ps_partkey = part.p_partkey)","Workers": [],"Plans": [{"Node Type": "Index Only Scan","Parent Relationship": "Outer","Parallel Aware": true,"Async Capable": false,"Scan Direction": "Forward","Index Name": "partsupp_pkey","Relation Name": "partsupp","Alias": "partsupp","Startup Cost": 347.43,"Total Cost": 15631.43,"Plan Rows": 100000,"Plan Width": 8,"Actual Startup Time": 9.188,"Actual Total Time": 33.718,"Actual Rows": 159936,"Actual Loops": 5,"Filter": "(NOT (hashed SubPlan 1))","Rows Removed by Filter": 64,"Heap Fetches": 0,"Workers": [],"Plans": [{"Node Type": "Seq Scan","Parent Relationship": "SubPlan","Subplan Name": "SubPlan 1","Parallel Aware": false,"Async Capable": false,"Relation Name": "supplier","Alias": "supplier","Startup Cost": 0.00,"Total Cost": 347.00,"Plan Rows": 1,"Plan Width": 4,"Actual Startup Time": 0.386,"Actual Total Time": 9.029,"Actual Rows": 4,"Actual Loops": 5,"Filter": "((s_comment)::text ~~ '%Customer%Complaints%'::text)","Rows Removed by Filter": 9996,"Workers": []}]},{"Node Type": "Hash","Parent Relationship": "Inner","Parallel Aware": true,"Async Capable": false,"Startup Cost": 6180.33,"Total Cost": 6180.33,"Plan Rows": 12392,"Plan Width": 40,"Actual Startup Time": 22.487,"Actual Total Time": 22.491,"Actual Rows": 5957,"Actual Loops": 5,"Hash Buckets": 32768,"Original Hash Buckets": 32768,"Hash Batches": 1,"Original Hash Batches": 1,"Peak Memory Usage": 2560,"Workers": [],"Plans": [{"Node Type": "Seq Scan","Parent Relationship": "Outer","Parallel Aware": true,"Async Capable": false,"Relation Name": "part","Alias": "part","Startup Cost": 0.00,"Total Cost": 6180.33,"Plan Rows": 12392,"Plan Width": 40,"Actual Startup Time": 0.053,"Actual Total Time": 19.184,"Actual Rows": 5957,"Actual Loops": 5,"Filter": "((p_brand <> 'Brand#35'::bpchar) AND ((p_type)::text !~~ 'ECONOMY BRUSHED%'::text) AND (p_size = ANY ('{35,1,7,49,40,20,22,6}'::integer[])))","Rows Removed by Filter": 34043,"Workers": []}]}]}]}]}]}]},"Planning Time": 3.993,"Triggers": [],"Execution Time": 254.874}]
[{"Plan": {"Node Type": "Sort","Parallel Aware": false,"Async Capable": false,"Startup Cost": 33483.89,"Total Cost": 33524.31,"Plan Rows": 16166,"Plan Width": 44,"Actual Startup Time": 250.522,"Actual Total Time": 252.392,"Actual Rows": 18435,"Actual Loops": 1,"Sort Key": ["(count(DISTINCT partsupp.ps_suppkey)) DESC", "part.p_brand", "part.p_type", "part.p_size"],"Sort Method": "quicksort","Sort Space Used": 2352,"Sort Space Type": "Memory","Plans": [{"Node Type": "Aggregate","Strategy": "Sorted","Partial Mode": "Simple","Parent Relationship": "Outer","Parallel Aware": false,"Async Capable": false,"Startup Cost": 24290.69,"Total Cost": 32353.84,"Plan Rows": 16166,"Plan Width": 44,"Actual Startup Time": 142.420,"Actual Total Time": 211.051,"Actual Rows": 18435,"Actual Loops": 1,"Group Key": ["part.p_brand", "part.p_type", "part.p_size"],"Plans": [{"Node Type": "Gather Merge","Parent Relationship": "Outer","Parallel Aware": false,"Async Capable": false,"Startup Cost": 24290.69,"Total Cost": 31583.13,"Plan Rows": 60905,"Plan Width": 40,"Actual Startup Time": 142.352,"Actual Total Time": 182.445,"Actual Rows": 120921,"Actual Loops": 1,"Workers Planned": 4,"Workers Launched": 4,"Plans": [{"Node Type": "Sort","Parent Relationship": "Outer","Parallel Aware": false,"Async Capable": false,"Startup Cost": 23290.63,"Total Cost": 23328.70,"Plan Rows": 15226,"Plan Width": 40,"Actual Startup Time": 130.830,"Actual Total Time": 133.496,"Actual Rows": 24184,"Actual Loops": 5,"Sort Key": ["part.p_brand", "part.p_type", "part.p_size"],"Sort Method": "quicksort","Sort Space Used": 2271,"Sort Space Type": "Memory","Workers": [{"Worker Number": 0,"Sort Method": "quicksort","Sort Space Used": 3004,"Sort Space Type": "Memory"},{"Worker Number": 1,"Sort Method": "quicksort","Sort Space Used": 3018,"Sort Space Type": "Memory"},{"Worker Number": 2,"Sort Method": "quicksort","Sort Space Used": 2482,"Sort Space Type": "Memory"},{"Worker Number": 3,"Sort Method": "quicksort","Sort Space Used": 3026,"Sort Space Type": "Memory"}],"Plans": [{"Node Type": "Hash Join","Parent Relationship": "Outer","Parallel Aware": true,"Async Capable": false,"Join Type": "Inner","Startup Cost": 6686.36,"Total Cost": 22232.86,"Plan Rows": 15226,"Plan Width": 40,"Actual Startup Time": 33.450,"Actual Total Time": 86.377,"Actual Rows": 24184,"Actual Loops": 5,"Inner Unique": true,"Hash Cond": "(partsupp.ps_partkey = part.p_partkey)","Workers": [],"Plans": [{"Node Type": "Index Only Scan","Parent Relationship": "Outer","Parallel Aware": true,"Async Capable": false,"Scan Direction": "Forward","Index Name": "partsupp_pkey","Relation Name": "partsupp","Alias": "partsupp","Startup Cost": 347.43,"Total Cost": 15631.43,"Plan Rows": 100000,"Plan Width": 8,"Actual Startup Time": 9.514,"Actual Total Time": 36.800,"Actual Rows": 159936,"Actual Loops": 5,"Filter": "(NOT (hashed SubPlan 1))","Rows Removed by Filter": 64,"Heap Fetches": 0,"Workers": [],"Plans": [{"Node Type": "Seq Scan","Parent Relationship": "SubPlan","Subplan Name": "SubPlan 1","Parallel Aware": false,"Async Capable": false,"Relation Name": "supplier","Alias": "supplier","Startup Cost": 0.00,"Total Cost": 347.00,"Plan Rows": 1,"Plan Width": 4,"Actual Startup Time": 0.349,"Actual Total Time": 9.342,"Actual Rows": 4,"Actual Loops": 5,"Filter": "((s_comment)::text ~~ '%Customer%Complaints%'::text)","Rows Removed by Filter": 9996,"Workers": []}]},{"Node Type": "Hash","Parent Relationship": "Inner","Parallel Aware": true,"Async Capable": false,"Startup Cost": 6180.33,"Total Cost": 6180.33,"Plan Rows": 12688,"Plan Width": 40,"Actual Startup Time": 23.615,"Actual Total Time": 23.620,"Actual Rows": 6048,"Actual Loops": 5,"Hash Buckets": 32768,"Original Hash Buckets": 32768,"Hash Batches": 1,"Original Hash Batches": 1,"Peak Memory Usage": 2624,"Workers": [],"Plans": [{"Node Type": "Seq Scan","Parent Relationship": "Outer","Parallel Aware": true,"Async Capable": false,"Relation Name": "part","Alias": "part","Startup Cost": 0.00,"Total Cost": 6180.33,"Plan Rows": 12688,"Plan Width": 40,"Actual Startup Time": 0.057,"Actual Total Time": 20.005,"Actual Rows": 6048,"Actual Loops": 5,"Filter": "((p_brand <> 'Brand#13'::bpchar) AND ((p_type)::text !~~ 'MEDIUM BRUSHED%'::text) AND (p_size = ANY ('{30,10,8,41,14,29,37,16}'::integer[])))","Rows Removed by Filter": 33952,"Workers": []}]}]}]}]}]}]},"Planning Time": 5.474,"Triggers": [],"Execution Time": 253.872}]
[{"Plan": {"Node Type": "Sort","Parallel Aware": false,"Async Capable": false,"Startup Cost": 33124.34,"Total Cost": 33164.10,"Plan Rows": 15907,"Plan Width": 44,"Actual Startup Time": 259.692,"Actual Total Time": 262.014,"Actual Rows": 18295,"Actual Loops": 1,"Sort Key": ["(count(DISTINCT partsupp.ps_suppkey)) DESC", "part.p_brand", "part.p_type", "part.p_size"],"Sort Method": "quicksort","Sort Space Used": 2340,"Sort Space Type": "Memory","Plans": [{"Node Type": "Aggregate","Strategy": "Sorted","Partial Mode": "Simple","Parent Relationship": "Outer","Parallel Aware": false,"Async Capable": false,"Startup Cost": 24242.34,"Total Cost": 32014.24,"Plan Rows": 15907,"Plan Width": 44,"Actual Startup Time": 147.186,"Actual Total Time": 221.388,"Actual Rows": 18295,"Actual Loops": 1,"Group Key": ["part.p_brand", "part.p_type", "part.p_size"],"Plans": [{"Node Type": "Gather Merge","Parent Relationship": "Outer","Parallel Aware": false,"Async Capable": false,"Startup Cost": 24242.34,"Total Cost": 31268.37,"Plan Rows": 58680,"Plan Width": 40,"Actual Startup Time": 147.104,"Actual Total Time": 190.412,"Actual Rows": 118704,"Actual Loops": 1,"Workers Planned": 4,"Workers Launched": 4,"Plans": [{"Node Type": "Sort","Parent Relationship": "Outer","Parallel Aware": false,"Async Capable": false,"Startup Cost": 23242.28,"Total Cost": 23278.95,"Plan Rows": 14670,"Plan Width": 40,"Actual Startup Time": 124.028,"Actual Total Time": 126.878,"Actual Rows": 23741,"Actual Loops": 5,"Sort Key": ["part.p_brand", "part.p_type", "part.p_size"],"Sort Method": "quicksort","Sort Space Used": 1617,"Sort Space Type": "Memory","Workers": [{"Worker Number": 0,"Sort Method": "quicksort","Sort Space Used": 2876,"Sort Space Type": "Memory"},{"Worker Number": 1,"Sort Method": "quicksort","Sort Space Used": 2891,"Sort Space Type": "Memory"},{"Worker Number": 2,"Sort Method": "quicksort","Sort Space Used": 2913,"Sort Space Type": "Memory"},{"Worker Number": 3,"Sort Method": "quicksort","Sort Space Used": 2936,"Sort Space Type": "Memory"}],"Plans": [{"Node Type": "Hash Join","Parent Relationship": "Outer","Parallel Aware": true,"Async Capable": false,"Join Type": "Inner","Startup Cost": 6680.57,"Total Cost": 22227.07,"Plan Rows": 14670,"Plan Width": 40,"Actual Startup Time": 31.400,"Actual Total Time": 79.829,"Actual Rows": 23741,"Actual Loops": 5,"Inner Unique": true,"Hash Cond": "(partsupp.ps_partkey = part.p_partkey)","Workers": [],"Plans": [{"Node Type": "Index Only Scan","Parent Relationship": "Outer","Parallel Aware": true,"Async Capable": false,"Scan Direction": "Forward","Index Name": "partsupp_pkey","Relation Name": "partsupp","Alias": "partsupp","Startup Cost": 347.43,"Total Cost": 15631.43,"Plan Rows": 100000,"Plan Width": 8,"Actual Startup Time": 8.711,"Actual Total Time": 33.222,"Actual Rows": 159936,"Actual Loops": 5,"Filter": "(NOT (hashed SubPlan 1))","Rows Removed by Filter": 64,"Heap Fetches": 0,"Workers": [],"Plans": [{"Node Type": "Seq Scan","Parent Relationship": "SubPlan","Subplan Name": "SubPlan 1","Parallel Aware": false,"Async Capable": false,"Relation Name": "supplier","Alias": "supplier","Startup Cost": 0.00,"Total Cost": 347.00,"Plan Rows": 1,"Plan Width": 4,"Actual Startup Time": 0.311,"Actual Total Time": 8.566,"Actual Rows": 4,"Actual Loops": 5,"Filter": "((s_comment)::text ~~ '%Customer%Complaints%'::text)","Rows Removed by Filter": 9996,"Workers": []}]},{"Node Type": "Hash","Parent Relationship": "Inner","Parallel Aware": true,"Async Capable": false,"Startup Cost": 6180.33,"Total Cost": 6180.33,"Plan Rows": 12225,"Plan Width": 40,"Actual Startup Time": 22.379,"Actual Total Time": 22.383,"Actual Rows": 5937,"Actual Loops": 5,"Hash Buckets": 32768,"Original Hash Buckets": 32768,"Hash Batches": 1,"Original Hash Batches": 1,"Peak Memory Usage": 2528,"Workers": [],"Plans": [{"Node Type": "Seq Scan","Parent Relationship": "Outer","Parallel Aware": true,"Async Capable": false,"Relation Name": "part","Alias": "part","Startup Cost": 0.00,"Total Cost": 6180.33,"Plan Rows": 12225,"Plan Width": 40,"Actual Startup Time": 0.052,"Actual Total Time": 19.036,"Actual Rows": 5937,"Actual Loops": 5,"Filter": "((p_brand <> 'Brand#15'::bpchar) AND ((p_type)::text !~~ 'ECONOMY PLATED%'::text) AND (p_size = ANY ('{13,14,37,23,16,41,17,25}'::integer[])))","Rows Removed by Filter": 34063,"Workers": []}]}]}]}]}]}]},"Planning Time": 4.861,"Triggers": [],"Execution Time": 263.417}]
[{"Plan": {"Node Type": "Sort","Parallel Aware": false,"Async Capable": false,"Startup Cost": 33198.23,"Total Cost": 33238.13,"Plan Rows": 15961,"Plan Width": 44,"Actual Startup Time": 249.374,"Actual Total Time": 251.342,"Actual Rows": 18248,"Actual Loops": 1,"Sort Key": ["(count(DISTINCT partsupp.ps_suppkey)) DESC", "part.p_brand", "part.p_type", "part.p_size"],"Sort Method": "quicksort","Sort Space Used": 2336,"Sort Space Type": "Memory","Plans": [{"Node Type": "Aggregate","Strategy": "Sorted","Partial Mode": "Simple","Parent Relationship": "Outer","Parallel Aware": false,"Async Capable": false,"Startup Cost": 24252.24,"Total Cost": 32083.97,"Plan Rows": 15961,"Plan Width": 44,"Actual Startup Time": 143.815,"Actual Total Time": 213.669,"Actual Rows": 18248,"Actual Loops": 1,"Group Key": ["part.p_brand", "part.p_type", "part.p_size"],"Plans": [{"Node Type": "Gather Merge","Parent Relationship": "Outer","Parallel Aware": false,"Async Capable": false,"Startup Cost": 24252.24,"Total Cost": 31332.99,"Plan Rows": 59137,"Plan Width": 40,"Actual Startup Time": 143.772,"Actual Total Time": 184.398,"Actual Rows": 119020,"Actual Loops": 1,"Workers Planned": 4,"Workers Launched": 4,"Plans": [{"Node Type": "Sort","Parent Relationship": "Outer","Parallel Aware": false,"Async Capable": false,"Startup Cost": 23252.18,"Total Cost": 23289.14,"Plan Rows": 14784,"Plan Width": 40,"Actual Startup Time": 124.596,"Actual Total Time": 127.505,"Actual Rows": 23804,"Actual Loops": 5,"Sort Key": ["part.p_brand", "part.p_type", "part.p_size"],"Sort Method": "quicksort","Sort Space Used": 2346,"Sort Space Type": "Memory","Workers": [{"Worker Number": 0,"Sort Method": "quicksort","Sort Space Used": 2817,"Sort Space Type": "Memory"},{"Worker Number": 1,"Sort Method": "quicksort","Sort Space Used": 2805,"Sort Space Type": "Memory"},{"Worker Number": 2,"Sort Method": "quicksort","Sort Space Used": 2815,"Sort Space Type": "Memory"},{"Worker Number": 3,"Sort Method": "quicksort","Sort Space Used": 2838,"Sort Space Type": "Memory"}],"Plans": [{"Node Type": "Hash Join","Parent Relationship": "Outer","Parallel Aware": true,"Async Capable": false,"Join Type": "Inner","Startup Cost": 6681.76,"Total Cost": 22228.26,"Plan Rows": 14784,"Plan Width": 40,"Actual Startup Time": 32.357,"Actual Total Time": 80.514,"Actual Rows": 23804,"Actual Loops": 5,"Inner Unique": true,"Hash Cond": "(partsupp.ps_partkey = part.p_partkey)","Workers": [],"Plans": [{"Node Type": "Index Only Scan","Parent Relationship": "Outer","Parallel Aware": true,"Async Capable": false,"Scan Direction": "Forward","Index Name": "partsupp_pkey","Relation Name": "partsupp","Alias": "partsupp","Startup Cost": 347.43,"Total Cost": 15631.43,"Plan Rows": 100000,"Plan Width": 8,"Actual Startup Time": 8.724,"Actual Total Time": 33.362,"Actual Rows": 159936,"Actual Loops": 5,"Filter": "(NOT (hashed SubPlan 1))","Rows Removed by Filter": 64,"Heap Fetches": 0,"Workers": [],"Plans": [{"Node Type": "Seq Scan","Parent Relationship": "SubPlan","Subplan Name": "SubPlan 1","Parallel Aware": false,"Async Capable": false,"Relation Name": "supplier","Alias": "supplier","Startup Cost": 0.00,"Total Cost": 347.00,"Plan Rows": 1,"Plan Width": 4,"Actual Startup Time": 0.276,"Actual Total Time": 8.584,"Actual Rows": 4,"Actual Loops": 5,"Filter": "((s_comment)::text ~~ '%Customer%Complaints%'::text)","Rows Removed by Filter": 9996,"Workers": []}]},{"Node Type": "Hash","Parent Relationship": "Inner","Parallel Aware": true,"Async Capable": false,"Startup Cost": 6180.33,"Total Cost": 6180.33,"Plan Rows": 12320,"Plan Width": 40,"Actual Startup Time": 23.376,"Actual Total Time": 23.380,"Actual Rows": 5953,"Actual Loops": 5,"Hash Buckets": 32768,"Original Hash Buckets": 32768,"Hash Batches": 1,"Original Hash Batches": 1,"Peak Memory Usage": 2592,"Workers": [],"Plans": [{"Node Type": "Seq Scan","Parent Relationship": "Outer","Parallel Aware": true,"Async Capable": false,"Relation Name": "part","Alias": "part","Startup Cost": 0.00,"Total Cost": 6180.33,"Plan Rows": 12320,"Plan Width": 40,"Actual Startup Time": 0.059,"Actual Total Time": 19.914,"Actual Rows": 5953,"Actual Loops": 5,"Filter": "((p_brand <> 'Brand#35'::bpchar) AND ((p_type)::text !~~ 'ECONOMY BURNISHED%'::text) AND (p_size = ANY ('{48,30,26,39,15,13,33,49}'::integer[])))","Rows Removed by Filter": 34047,"Workers": []}]}]}]}]}]}]},"Planning Time": 4.086,"Triggers": [],"Execution Time": 252.954}]
[{"Plan": {"Node Type": "Sort","Parallel Aware": false,"Async Capable": false,"Startup Cost": 32853.94,"Total Cost": 32893.20,"Plan Rows": 15702,"Plan Width": 44,"Actual Startup Time": 242.983,"Actual Total Time": 244.822,"Actual Rows": 18212,"Actual Loops": 1,"Sort Key": ["(count(DISTINCT partsupp.ps_suppkey)) DESC", "part.p_brand", "part.p_type", "part.p_size"],"Sort Method": "quicksort","Sort Space Used": 2333,"Sort Space Type": "Memory","Plans": [{"Node Type": "Aggregate","Strategy": "Sorted","Partial Mode": "Simple","Parent Relationship": "Outer","Parallel Aware": false,"Async Capable": false,"Startup Cost": 24206.17,"Total Cost": 31759.62,"Plan Rows": 15702,"Plan Width": 44,"Actual Startup Time": 135.611,"Actual Total Time": 203.580,"Actual Rows": 18212,"Actual Loops": 1,"Group Key": ["part.p_brand", "part.p_type", "part.p_size"],"Plans": [{"Node Type": "Gather Merge","Parent Relationship": "Outer","Parallel Aware": false,"Async Capable": false,"Startup Cost": 24206.17,"Total Cost": 31032.48,"Plan Rows": 57012,"Plan Width": 40,"Actual Startup Time": 135.548,"Actual Total Time": 175.134,"Actual Rows": 117857,"Actual Loops": 1,"Workers Planned": 4,"Workers Launched": 4,"Plans": [{"Node Type": "Sort","Parent Relationship": "Outer","Parallel Aware": false,"Async Capable": false,"Startup Cost": 23206.11,"Total Cost": 23241.74,"Plan Rows": 14253,"Plan Width": 40,"Actual Startup Time": 124.093,"Actual Total Time": 126.763,"Actual Rows": 23571,"Actual Loops": 5,"Sort Key": ["part.p_brand", "part.p_type", "part.p_size"],"Sort Method": "quicksort","Sort Space Used": 2355,"Sort Space Type": "Memory","Workers": [{"Worker Number": 0,"Sort Method": "quicksort","Sort Space Used": 2870,"Sort Space Type": "Memory"},{"Worker Number": 1,"Sort Method": "quicksort","Sort Space Used": 2896,"Sort Space Type": "Memory"},{"Worker Number": 2,"Sort Method": "quicksort","Sort Space Used": 2895,"Sort Space Type": "Memory"},{"Worker Number": 3,"Sort Method": "quicksort","Sort Space Used": 2520,"Sort Space Type": "Memory"}],"Plans": [{"Node Type": "Hash Join","Parent Relationship": "Outer","Parallel Aware": true,"Async Capable": false,"Join Type": "Inner","Startup Cost": 6676.22,"Total Cost": 22222.72,"Plan Rows": 14253,"Plan Width": 40,"Actual Startup Time": 32.818,"Actual Total Time": 82.391,"Actual Rows": 23571,"Actual Loops": 5,"Inner Unique": true,"Hash Cond": "(partsupp.ps_partkey = part.p_partkey)","Workers": [],"Plans": [{"Node Type": "Index Only Scan","Parent Relationship": "Outer","Parallel Aware": true,"Async Capable": false,"Scan Direction": "Forward","Index Name": "partsupp_pkey","Relation Name": "partsupp","Alias": "partsupp","Startup Cost": 347.43,"Total Cost": 15631.43,"Plan Rows": 100000,"Plan Width": 8,"Actual Startup Time": 9.722,"Actual Total Time": 35.294,"Actual Rows": 159936,"Actual Loops": 5,"Filter": "(NOT (hashed SubPlan 1))","Rows Removed by Filter": 64,"Heap Fetches": 0,"Workers": [],"Plans": [{"Node Type": "Seq Scan","Parent Relationship": "SubPlan","Subplan Name": "SubPlan 1","Parallel Aware": false,"Async Capable": false,"Relation Name": "supplier","Alias": "supplier","Startup Cost": 0.00,"Total Cost": 347.00,"Plan Rows": 1,"Plan Width": 4,"Actual Startup Time": 0.330,"Actual Total Time": 9.586,"Actual Rows": 4,"Actual Loops": 5,"Filter": "((s_comment)::text ~~ '%Customer%Complaints%'::text)","Rows Removed by Filter": 9996,"Workers": []}]},{"Node Type": "Hash","Parent Relationship": "Inner","Parallel Aware": true,"Async Capable": false,"Startup Cost": 6180.33,"Total Cost": 6180.33,"Plan Rows": 11877,"Plan Width": 40,"Actual Startup Time": 22.813,"Actual Total Time": 22.817,"Actual Rows": 5895,"Actual Loops": 5,"Hash Buckets": 32768,"Original Hash Buckets": 32768,"Hash Batches": 1,"Original Hash Batches": 1,"Peak Memory Usage": 2528,"Workers": [],"Plans": [{"Node Type": "Seq Scan","Parent Relationship": "Outer","Parallel Aware": true,"Async Capable": false,"Relation Name": "part","Alias": "part","Startup Cost": 0.00,"Total Cost": 6180.33,"Plan Rows": 11877,"Plan Width": 40,"Actual Startup Time": 0.054,"Actual Total Time": 19.324,"Actual Rows": 5895,"Actual Loops": 5,"Filter": "((p_brand <> 'Brand#53'::bpchar) AND ((p_type)::text !~~ 'LARGE BURNISHED%'::text) AND (p_size = ANY ('{31,20,27,49,40,8,12,16}'::integer[])))","Rows Removed by Filter": 34105,"Workers": []}]}]}]}]}]}]},"Planning Time": 4.171,"Triggers": [],"Execution Time": 246.211}]
[{"Plan": {"Node Type": "Sort","Parallel Aware": false,"Async Capable": false,"Startup Cost": 32956.03,"Total Cost": 32995.48,"Plan Rows": 15781,"Plan Width": 44,"Actual Startup Time": 250.637,"Actual Total Time": 252.508,"Actual Rows": 18191,"Actual Loops": 1,"Sort Key": ["(count(DISTINCT partsupp.ps_suppkey)) DESC", "part.p_brand", "part.p_type", "part.p_size"],"Sort Method": "quicksort","Sort Space Used": 2331,"Sort Space Type": "Memory","Plans": [{"Node Type": "Aggregate","Strategy": "Sorted","Partial Mode": "Simple","Parent Relationship": "Outer","Parallel Aware": false,"Async Capable": false,"Startup Cost": 24219.79,"Total Cost": 31855.63,"Plan Rows": 15781,"Plan Width": 44,"Actual Startup Time": 142.478,"Actual Total Time": 212.347,"Actual Rows": 18191,"Actual Loops": 1,"Group Key": ["part.p_brand", "part.p_type", "part.p_size"],"Plans": [{"Node Type": "Gather Merge","Parent Relationship": "Outer","Parallel Aware": false,"Async Capable": false,"Startup Cost": 24219.79,"Total Cost": 31121.41,"Plan Rows": 57641,"Plan Width": 40,"Actual Startup Time": 142.425,"Actual Total Time": 183.259,"Actual Rows": 116845,"Actual Loops": 1,"Workers Planned": 4,"Workers Launched": 4,"Plans": [{"Node Type": "Sort","Parent Relationship": "Outer","Parallel Aware": false,"Async Capable": false,"Startup Cost": 23219.73,"Total Cost": 23255.75,"Plan Rows": 14410,"Plan Width": 40,"Actual Startup Time": 123.493,"Actual Total Time": 126.097,"Actual Rows": 23369,"Actual Loops": 5,"Sort Key": ["part.p_brand", "part.p_type", "part.p_size"],"Sort Method": "quicksort","Sort Space Used": 2301,"Sort Space Type": "Memory","Workers": [{"Worker Number": 0,"Sort Method": "quicksort","Sort Space Used": 2792,"Sort Space Type": "Memory"},{"Worker Number": 1,"Sort Method": "quicksort","Sort Space Used": 2750,"Sort Space Type": "Memory"},{"Worker Number": 2,"Sort Method": "quicksort","Sort Space Used": 2823,"Sort Space Type": "Memory"},{"Worker Number": 3,"Sort Method": "quicksort","Sort Space Used": 2785,"Sort Space Type": "Memory"}],"Plans": [{"Node Type": "Hash Join","Parent Relationship": "Outer","Parallel Aware": true,"Async Capable": false,"Join Type": "Inner","Startup Cost": 6677.87,"Total Cost": 22224.37,"Plan Rows": 14410,"Plan Width": 40,"Actual Startup Time": 32.482,"Actual Total Time": 80.698,"Actual Rows": 23369,"Actual Loops": 5,"Inner Unique": true,"Hash Cond": "(partsupp.ps_partkey = part.p_partkey)","Workers": [],"Plans": [{"Node Type": "Index Only Scan","Parent Relationship": "Outer","Parallel Aware": true,"Async Capable": false,"Scan Direction": "Forward","Index Name": "partsupp_pkey","Relation Name": "partsupp","Alias": "partsupp","Startup Cost": 347.43,"Total Cost": 15631.43,"Plan Rows": 100000,"Plan Width": 8,"Actual Startup Time": 9.115,"Actual Total Time": 33.996,"Actual Rows": 159936,"Actual Loops": 5,"Filter": "(NOT (hashed SubPlan 1))","Rows Removed by Filter": 64,"Heap Fetches": 0,"Workers": [],"Plans": [{"Node Type": "Seq Scan","Parent Relationship": "SubPlan","Subplan Name": "SubPlan 1","Parallel Aware": false,"Async Capable": false,"Relation Name": "supplier","Alias": "supplier","Startup Cost": 0.00,"Total Cost": 347.00,"Plan Rows": 1,"Plan Width": 4,"Actual Startup Time": 0.331,"Actual Total Time": 8.981,"Actual Rows": 4,"Actual Loops": 5,"Filter": "((s_comment)::text ~~ '%Customer%Complaints%'::text)","Rows Removed by Filter": 9996,"Workers": []}]},{"Node Type": "Hash","Parent Relationship": "Inner","Parallel Aware": true,"Async Capable": false,"Startup Cost": 6180.33,"Total Cost": 6180.33,"Plan Rows": 12009,"Plan Width": 40,"Actual Startup Time": 23.081,"Actual Total Time": 23.085,"Actual Rows": 5845,"Actual Loops": 5,"Hash Buckets": 32768,"Original Hash Buckets": 32768,"Hash Batches": 1,"Original Hash Batches": 1,"Peak Memory Usage": 2528,"Workers": [],"Plans": [{"Node Type": "Seq Scan","Parent Relationship": "Outer","Parallel Aware": true,"Async Capable": false,"Relation Name": "part","Alias": "part","Startup Cost": 0.00,"Total Cost": 6180.33,"Plan Rows": 12009,"Plan Width": 40,"Actual Startup Time": 0.052,"Actual Total Time": 19.736,"Actual Rows": 5845,"Actual Loops": 5,"Filter": "((p_brand <> 'Brand#41'::bpchar) AND ((p_type)::text !~~ 'STANDARD BRUSHED%'::text) AND (p_size = ANY ('{19,8,5,15,38,17,24,27}'::integer[])))","Rows Removed by Filter": 34155,"Workers": []}]}]}]}]}]}]},"Planning Time": 5.165,"Triggers": [],"Execution Time": 253.887}]
[{"Plan": {"Node Type": "Sort","Parallel Aware": false,"Async Capable": false,"Startup Cost": 33057.72,"Total Cost": 33097.36,"Plan Rows": 15857,"Plan Width": 44,"Actual Startup Time": 234.360,"Actual Total Time": 236.299,"Actual Rows": 18245,"Actual Loops": 1,"Sort Key": ["(count(DISTINCT partsupp.ps_suppkey)) DESC", "part.p_brand", "part.p_type", "part.p_size"],"Sort Method": "quicksort","Sort Space Used": 2334,"Sort Space Type": "Memory","Plans": [{"Node Type": "Aggregate","Strategy": "Sorted","Partial Mode": "Simple","Parent Relationship": "Outer","Parallel Aware": false,"Async Capable": false,"Startup Cost": 24233.39,"Total Cost": 31951.47,"Plan Rows": 15857,"Plan Width": 44,"Actual Startup Time": 129.955,"Actual Total Time": 195.787,"Actual Rows": 18245,"Actual Loops": 1,"Group Key": ["part.p_brand", "part.p_type", "part.p_size"],"Plans": [{"Node Type": "Gather Merge","Parent Relationship": "Outer","Parallel Aware": false,"Async Capable": false,"Startup Cost": 24233.39,"Total Cost": 31210.21,"Plan Rows": 58269,"Plan Width": 40,"Actual Startup Time": 129.891,"Actual Total Time": 168.511,"Actual Rows": 117601,"Actual Loops": 1,"Workers Planned": 4,"Workers Launched": 4,"Plans": [{"Node Type": "Sort","Parent Relationship": "Outer","Parallel Aware": false,"Async Capable": false,"Startup Cost": 23233.34,"Total Cost": 23269.75,"Plan Rows": 14567,"Plan Width": 40,"Actual Startup Time": 121.737,"Actual Total Time": 124.332,"Actual Rows": 23520,"Actual Loops": 5,"Sort Key": ["part.p_brand", "part.p_type", "part.p_size"],"Sort Method": "quicksort","Sort Space Used": 2687,"Sort Space Type": "Memory","Workers": [{"Worker Number": 0,"Sort Method": "quicksort","Sort Space Used": 2714,"Sort Space Type": "Memory"},{"Worker Number": 1,"Sort Method": "quicksort","Sort Space Used": 2651,"Sort Space Type": "Memory"},{"Worker Number": 2,"Sort Method": "quicksort","Sort Space Used": 2715,"Sort Space Type": "Memory"},{"Worker Number": 3,"Sort Method": "quicksort","Sort Space Used": 2739,"Sort Space Type": "Memory"}],"Plans": [{"Node Type": "Hash Join","Parent Relationship": "Outer","Parallel Aware": true,"Async Capable": false,"Join Type": "Inner","Startup Cost": 6679.50,"Total Cost": 22226.00,"Plan Rows": 14567,"Plan Width": 40,"Actual Startup Time": 30.123,"Actual Total Time": 80.544,"Actual Rows": 23520,"Actual Loops": 5,"Inner Unique": true,"Hash Cond": "(partsupp.ps_partkey = part.p_partkey)","Workers": [],"Plans": [{"Node Type": "Index Only Scan","Parent Relationship": "Outer","Parallel Aware": true,"Async Capable": false,"Scan Direction": "Forward","Index Name": "partsupp_pkey","Relation Name": "partsupp","Alias": "partsupp","Startup Cost": 347.43,"Total Cost": 15631.43,"Plan Rows": 100000,"Plan Width": 8,"Actual Startup Time": 7.059,"Actual Total Time": 32.108,"Actual Rows": 159936,"Actual Loops": 5,"Filter": "(NOT (hashed SubPlan 1))","Rows Removed by Filter": 64,"Heap Fetches": 0,"Workers": [],"Plans": [{"Node Type": "Seq Scan","Parent Relationship": "SubPlan","Subplan Name": "SubPlan 1","Parallel Aware": false,"Async Capable": false,"Relation Name": "supplier","Alias": "supplier","Startup Cost": 0.00,"Total Cost": 347.00,"Plan Rows": 1,"Plan Width": 4,"Actual Startup Time": 0.149,"Actual Total Time": 6.948,"Actual Rows": 4,"Actual Loops": 5,"Filter": "((s_comment)::text ~~ '%Customer%Complaints%'::text)","Rows Removed by Filter": 9996,"Workers": []}]},{"Node Type": "Hash","Parent Relationship": "Inner","Parallel Aware": true,"Async Capable": false,"Startup Cost": 6180.33,"Total Cost": 6180.33,"Plan Rows": 12139,"Plan Width": 40,"Actual Startup Time": 22.819,"Actual Total Time": 22.821,"Actual Rows": 5883,"Actual Loops": 5,"Hash Buckets": 32768,"Original Hash Buckets": 32768,"Hash Batches": 1,"Original Hash Batches": 1,"Peak Memory Usage": 2528,"Workers": [],"Plans": [{"Node Type": "Seq Scan","Parent Relationship": "Outer","Parallel Aware": true,"Async Capable": false,"Relation Name": "part","Alias": "part","Startup Cost": 0.00,"Total Cost": 6180.33,"Plan Rows": 12139,"Plan Width": 40,"Actual Startup Time": 0.047,"Actual Total Time": 18.900,"Actual Rows": 5883,"Actual Loops": 5,"Filter": "((p_brand <> 'Brand#52'::bpchar) AND ((p_type)::text !~~ 'STANDARD BURNISHED%'::text) AND (p_size = ANY ('{17,31,35,43,19,7,42,2}'::integer[])))","Rows Removed by Filter": 34117,"Workers": []}]}]}]}]}]}]},"Planning Time": 4.034,"Triggers": [],"Execution Time": 237.160}]
[{"Plan": {"Node Type": "Sort","Parallel Aware": false,"Async Capable": false,"Startup Cost": 33122.57,"Total Cost": 33162.33,"Plan Rows": 15906,"Plan Width": 44,"Actual Startup Time": 236.075,"Actual Total Time": 237.628,"Actual Rows": 18200,"Actual Loops": 1,"Sort Key": ["(count(DISTINCT partsupp.ps_suppkey)) DESC", "part.p_brand", "part.p_type", "part.p_size"],"Sort Method": "quicksort","Sort Space Used": 2332,"Sort Space Type": "Memory","Plans": [{"Node Type": "Aggregate","Strategy": "Sorted","Partial Mode": "Simple","Parent Relationship": "Outer","Parallel Aware": false,"Async Capable": false,"Startup Cost": 24242.08,"Total Cost": 32012.54,"Plan Rows": 15906,"Plan Width": 44,"Actual Startup Time": 134.288,"Actual Total Time": 199.029,"Actual Rows": 18200,"Actual Loops": 1,"Group Key": ["part.p_brand", "part.p_type", "part.p_size"],"Plans": [{"Node Type": "Gather Merge","Parent Relationship": "Outer","Parallel Aware": false,"Async Capable": false,"Startup Cost": 24242.08,"Total Cost": 31266.79,"Plan Rows": 58669,"Plan Width": 40,"Actual Startup Time": 134.233,"Actual Total Time": 172.070,"Actual Rows": 117388,"Actual Loops": 1,"Workers Planned": 4,"Workers Launched": 4,"Plans": [{"Node Type": "Sort","Parent Relationship": "Outer","Parallel Aware": false,"Async Capable": false,"Startup Cost": 23242.03,"Total Cost": 23278.69,"Plan Rows": 14667,"Plan Width": 40,"Actual Startup Time": 122.948,"Actual Total Time": 125.482,"Actual Rows": 23478,"Actual Loops": 5,"Sort Key": ["part.p_brand", "part.p_type", "part.p_size"],"Sort Method": "quicksort","Sort Space Used": 2468,"Sort Space Type": "Memory","Workers": [{"Worker Number": 0,"Sort Method": "quicksort","Sort Space Used": 2856,"Sort Space Type": "Memory"},{"Worker Number": 1,"Sort Method": "quicksort","Sort Space Used": 2447,"Sort Space Type": "Memory"},{"Worker Number": 2,"Sort Method": "quicksort","Sort Space Used": 2846,"Sort Space Type": "Memory"},{"Worker Number": 3,"Sort Method": "quicksort","Sort Space Used": 2885,"Sort Space Type": "Memory"}],"Plans": [{"Node Type": "Hash Join","Parent Relationship": "Outer","Parallel Aware": true,"Async Capable": false,"Join Type": "Inner","Startup Cost": 6680.55,"Total Cost": 22227.05,"Plan Rows": 14667,"Plan Width": 40,"Actual Startup Time": 31.815,"Actual Total Time": 81.491,"Actual Rows": 23478,"Actual Loops": 5,"Inner Unique": true,"Hash Cond": "(partsupp.ps_partkey = part.p_partkey)","Workers": [],"Plans": [{"Node Type": "Index Only Scan","Parent Relationship": "Outer","Parallel Aware": true,"Async Capable": false,"Scan Direction": "Forward","Index Name": "partsupp_pkey","Relation Name": "partsupp","Alias": "partsupp","Startup Cost": 347.43,"Total Cost": 15631.43,"Plan Rows": 100000,"Plan Width": 8,"Actual Startup Time": 7.616,"Actual Total Time": 32.859,"Actual Rows": 159936,"Actual Loops": 5,"Filter": "(NOT (hashed SubPlan 1))","Rows Removed by Filter": 64,"Heap Fetches": 0,"Workers": [],"Plans": [{"Node Type": "Seq Scan","Parent Relationship": "SubPlan","Subplan Name": "SubPlan 1","Parallel Aware": false,"Async Capable": false,"Relation Name": "supplier","Alias": "supplier","Startup Cost": 0.00,"Total Cost": 347.00,"Plan Rows": 1,"Plan Width": 4,"Actual Startup Time": 0.193,"Actual Total Time": 7.467,"Actual Rows": 4,"Actual Loops": 5,"Filter": "((s_comment)::text ~~ '%Customer%Complaints%'::text)","Rows Removed by Filter": 9996,"Workers": []}]},{"Node Type": "Hash","Parent Relationship": "Inner","Parallel Aware": true,"Async Capable": false,"Startup Cost": 6180.33,"Total Cost": 6180.33,"Plan Rows": 12223,"Plan Width": 40,"Actual Startup Time": 23.942,"Actual Total Time": 23.946,"Actual Rows": 5872,"Actual Loops": 5,"Hash Buckets": 32768,"Original Hash Buckets": 32768,"Hash Batches": 1,"Original Hash Batches": 1,"Peak Memory Usage": 2528,"Workers": [],"Plans": [{"Node Type": "Seq Scan","Parent Relationship": "Outer","Parallel Aware": true,"Async Capable": false,"Relation Name": "part","Alias": "part","Startup Cost": 0.00,"Total Cost": 6180.33,"Plan Rows": 12223,"Plan Width": 40,"Actual Startup Time": 0.049,"Actual Total Time": 19.845,"Actual Rows": 5872,"Actual Loops": 5,"Filter": "((p_brand <> 'Brand#35'::bpchar) AND ((p_type)::text !~~ 'SMALL ANODIZED%'::text) AND (p_size = ANY ('{30,28,27,23,46,44,42,45}'::integer[])))","Rows Removed by Filter": 34128,"Workers": []}]}]}]}]}]}]},"Planning Time": 4.724,"Triggers": [],"Execution Time": 238.505}]
[{"Plan": {"Node Type": "Sort","Parallel Aware": false,"Async Capable": false,"Startup Cost": 33292.08,"Total Cost": 33332.16,"Plan Rows": 16030,"Plan Width": 44,"Actual Startup Time": 237.536,"Actual Total Time": 239.423,"Actual Rows": 18212,"Actual Loops": 1,"Sort Key": ["(count(DISTINCT partsupp.ps_suppkey)) DESC", "part.p_brand", "part.p_type", "part.p_size"],"Sort Method": "quicksort","Sort Space Used": 2333,"Sort Space Type": "Memory","Plans": [{"Node Type": "Aggregate","Strategy": "Sorted","Partial Mode": "Simple","Parent Relationship": "Outer","Parallel Aware": false,"Async Capable": false,"Startup Cost": 24264.85,"Total Cost": 32172.51,"Plan Rows": 16030,"Plan Width": 44,"Actual Startup Time": 134.690,"Actual Total Time": 199.680,"Actual Rows": 18212,"Actual Loops": 1,"Group Key": ["part.p_brand", "part.p_type", "part.p_size"],"Plans": [{"Node Type": "Gather Merge","Parent Relationship": "Outer","Parallel Aware": false,"Async Capable": false,"Startup Cost": 24264.85,"Total Cost": 31415.04,"Plan Rows": 59717,"Plan Width": 40,"Actual Startup Time": 134.640,"Actual Total Time": 172.361,"Actual Rows": 118313,"Actual Loops": 1,"Workers Planned": 4,"Workers Launched": 4,"Plans": [{"Node Type": "Sort","Parent Relationship": "Outer","Parallel Aware": false,"Async Capable": false,"Startup Cost": 23264.79,"Total Cost": 23302.11,"Plan Rows": 14929,"Plan Width": 40,"Actual Startup Time": 124.380,"Actual Total Time": 126.604,"Actual Rows": 23663,"Actual Loops": 5,"Sort Key": ["part.p_brand", "part.p_type", "part.p_size"],"Sort Method": "quicksort","Sort Space Used": 2389,"Sort Space Type": "Memory","Workers": [{"Worker Number": 0,"Sort Method": "quicksort","Sort Space Used": 2864,"Sort Space Type": "Memory"},{"Worker Number": 1,"Sort Method": "quicksort","Sort Space Used": 2581,"Sort Space Type": "Memory"},{"Worker Number": 2,"Sort Method": "quicksort","Sort Space Used": 2857,"Sort Space Type": "Memory"},{"Worker Number": 3,"Sort Method": "quicksort","Sort Space Used": 2870,"Sort Space Type": "Memory"}],"Plans": [{"Node Type": "Hash Join","Parent Relationship": "Outer","Parallel Aware": true,"Async Capable": false,"Join Type": "Inner","Startup Cost": 6683.27,"Total Cost": 22229.77,"Plan Rows": 14929,"Plan Width": 40,"Actual Startup Time": 33.243,"Actual Total Time": 82.391,"Actual Rows": 23663,"Actual Loops": 5,"Inner Unique": true,"Hash Cond": "(partsupp.ps_partkey = part.p_partkey)","Workers": [],"Plans": [{"Node Type": "Index Only Scan","Parent Relationship": "Outer","Parallel Aware": true,"Async Capable": false,"Scan Direction": "Forward","Index Name": "partsupp_pkey","Relation Name": "partsupp","Alias": "partsupp","Startup Cost": 347.43,"Total Cost": 15631.43,"Plan Rows": 100000,"Plan Width": 8,"Actual Startup Time": 9.060,"Actual Total Time": 34.179,"Actual Rows": 159936,"Actual Loops": 5,"Filter": "(NOT (hashed SubPlan 1))","Rows Removed by Filter": 64,"Heap Fetches": 0,"Workers": [],"Plans": [{"Node Type": "Seq Scan","Parent Relationship": "SubPlan","Subplan Name": "SubPlan 1","Parallel Aware": false,"Async Capable": false,"Relation Name": "supplier","Alias": "supplier","Startup Cost": 0.00,"Total Cost": 347.00,"Plan Rows": 1,"Plan Width": 4,"Actual Startup Time": 0.302,"Actual Total Time": 8.923,"Actual Rows": 4,"Actual Loops": 5,"Filter": "((s_comment)::text ~~ '%Customer%Complaints%'::text)","Rows Removed by Filter": 9996,"Workers": []}]},{"Node Type": "Hash","Parent Relationship": "Inner","Parallel Aware": true,"Async Capable": false,"Startup Cost": 6180.33,"Total Cost": 6180.33,"Plan Rows": 12441,"Plan Width": 40,"Actual Startup Time": 23.955,"Actual Total Time": 23.958,"Actual Rows": 5918,"Actual Loops": 5,"Hash Buckets": 32768,"Original Hash Buckets": 32768,"Hash Batches": 1,"Original Hash Batches": 1,"Peak Memory Usage": 2528,"Workers": [],"Plans": [{"Node Type": "Seq Scan","Parent Relationship": "Outer","Parallel Aware": true,"Async Capable": false,"Relation Name": "part","Alias": "part","Startup Cost": 0.00,"Total Cost": 6180.33,"Plan Rows": 12441,"Plan Width": 40,"Actual Startup Time": 0.062,"Actual Total Time": 20.467,"Actual Rows": 5918,"Actual Loops": 5,"Filter": "((p_brand <> 'Brand#34'::bpchar) AND ((p_type)::text !~~ 'ECONOMY BURNISHED%'::text) AND (p_size = ANY ('{41,44,7,4,42,28,38,50}'::integer[])))","Rows Removed by Filter": 34082,"Workers": []}]}]}]}]}]}]},"Planning Time": 5.372,"Triggers": [],"Execution Time": 240.954}]
[{"Plan": {"Node Type": "Sort","Parallel Aware": false,"Async Capable": false,"Startup Cost": 32893.32,"Total Cost": 32932.65,"Plan Rows": 15733,"Plan Width": 44,"Actual Startup Time": 239.575,"Actual Total Time": 241.579,"Actual Rows": 18166,"Actual Loops": 1,"Sort Key": ["(count(DISTINCT partsupp.ps_suppkey)) DESC", "part.p_brand", "part.p_type", "part.p_size"],"Sort Method": "quicksort","Sort Space Used": 2329,"Sort Space Type": "Memory","Plans": [{"Node Type": "Aggregate","Strategy": "Sorted","Partial Mode": "Simple","Parent Relationship": "Outer","Parallel Aware": false,"Async Capable": false,"Startup Cost": 24211.45,"Total Cost": 31796.61,"Plan Rows": 15733,"Plan Width": 44,"Actual Startup Time": 134.507,"Actual Total Time": 202.162,"Actual Rows": 18166,"Actual Loops": 1,"Group Key": ["part.p_brand", "part.p_type", "part.p_size"],"Plans": [{"Node Type": "Gather Merge","Parent Relationship": "Outer","Parallel Aware": false,"Async Capable": false,"Startup Cost": 24211.45,"Total Cost": 31066.74,"Plan Rows": 57254,"Plan Width": 40,"Actual Startup Time": 134.423,"Actual Total Time": 174.121,"Actual Rows": 117856,"Actual Loops": 1,"Workers Planned": 4,"Workers Launched": 4,"Plans": [{"Node Type": "Sort","Parent Relationship": "Outer","Parallel Aware": false,"Async Capable": false,"Startup Cost": 23211.39,"Total Cost": 23247.18,"Plan Rows": 14314,"Plan Width": 40,"Actual Startup Time": 122.144,"Actual Total Time": 124.854,"Actual Rows": 23571,"Actual Loops": 5,"Sort Key": ["part.p_brand", "part.p_type", "part.p_size"],"Sort Method": "quicksort","Sort Space Used": 2415,"Sort Space Type": "Memory","Workers": [{"Worker Number": 0,"Sort Method": "quicksort","Sort Space Used": 2931,"Sort Space Type": "Memory"},{"Worker Number": 1,"Sort Method": "quicksort","Sort Space Used": 2393,"Sort Space Type": "Memory"},{"Worker Number": 2,"Sort Method": "quicksort","Sort Space Used": 2896,"Sort Space Type": "Memory"},{"Worker Number": 3,"Sort Method": "quicksort","Sort Space Used": 2915,"Sort Space Type": "Memory"}],"Plans": [{"Node Type": "Hash Join","Parent Relationship": "Outer","Parallel Aware": true,"Async Capable": false,"Join Type": "Inner","Startup Cost": 6676.86,"Total Cost": 22223.36,"Plan Rows": 14314,"Plan Width": 40,"Actual Startup Time": 30.527,"Actual Total Time": 80.869,"Actual Rows": 23571,"Actual Loops": 5,"Inner Unique": true,"Hash Cond": "(partsupp.ps_partkey = part.p_partkey)","Workers": [],"Plans": [{"Node Type": "Index Only Scan","Parent Relationship": "Outer","Parallel Aware": true,"Async Capable": false,"Scan Direction": "Forward","Index Name": "partsupp_pkey","Relation Name": "partsupp","Alias": "partsupp","Startup Cost": 347.43,"Total Cost": 15631.43,"Plan Rows": 100000,"Plan Width": 8,"Actual Startup Time": 7.755,"Actual Total Time": 32.780,"Actual Rows": 159936,"Actual Loops": 5,"Filter": "(NOT (hashed SubPlan 1))","Rows Removed by Filter": 64,"Heap Fetches": 0,"Workers": [],"Plans": [{"Node Type": "Seq Scan","Parent Relationship": "SubPlan","Subplan Name": "SubPlan 1","Parallel Aware": false,"Async Capable": false,"Relation Name": "supplier","Alias": "supplier","Startup Cost": 0.00,"Total Cost": 347.00,"Plan Rows": 1,"Plan Width": 4,"Actual Startup Time": 0.126,"Actual Total Time": 7.591,"Actual Rows": 4,"Actual Loops": 5,"Filter": "((s_comment)::text ~~ '%Customer%Complaints%'::text)","Rows Removed by Filter": 9996,"Workers": []}]},{"Node Type": "Hash","Parent Relationship": "Inner","Parallel Aware": true,"Async Capable": false,"Startup Cost": 6180.33,"Total Cost": 6180.33,"Plan Rows": 11928,"Plan Width": 40,"Actual Startup Time": 22.490,"Actual Total Time": 22.495,"Actual Rows": 5895,"Actual Loops": 5,"Hash Buckets": 32768,"Original Hash Buckets": 32768,"Hash Batches": 1,"Original Hash Batches": 1,"Peak Memory Usage": 2528,"Workers": [],"Plans": [{"Node Type": "Seq Scan","Parent Relationship": "Outer","Parallel Aware": true,"Async Capable": false,"Relation Name": "part","Alias": "part","Startup Cost": 0.00,"Total Cost": 6180.33,"Plan Rows": 11928,"Plan Width": 40,"Actual Startup Time": 0.059,"Actual Total Time": 19.029,"Actual Rows": 5895,"Actual Loops": 5,"Filter": "((p_brand <> 'Brand#15'::bpchar) AND ((p_type)::text !~~ 'LARGE ANODIZED%'::text) AND (p_size = ANY ('{22,11,40,45,39,36,6,8}'::integer[])))","Rows Removed by Filter": 34105,"Workers": []}]}]}]}]}]}]},"Planning Time": 5.083,"Triggers": [],"Execution Time": 242.923}]
[{"Plan": {"Node Type": "Sort","Parallel Aware": false,"Async Capable": false,"Startup Cost": 33255.06,"Total Cost": 33295.07,"Plan Rows": 16003,"Plan Width": 44,"Actual Startup Time": 260.600,"Actual Total Time": 262.464,"Actual Rows": 18235,"Actual Loops": 1,"Sort Key": ["(count(DISTINCT partsupp.ps_suppkey)) DESC", "part.p_brand", "part.p_type", "part.p_size"],"Sort Method": "quicksort","Sort Space Used": 2335,"Sort Space Type": "Memory","Plans": [{"Node Type": "Aggregate","Strategy": "Sorted","Partial Mode": "Simple","Parent Relationship": "Outer","Parallel Aware": false,"Async Capable": false,"Startup Cost": 24259.88,"Total Cost": 32137.57,"Plan Rows": 16003,"Plan Width": 44,"Actual Startup Time": 150.104,"Actual Total Time": 221.508,"Actual Rows": 18235,"Actual Loops": 1,"Group Key": ["part.p_brand", "part.p_type", "part.p_size"],"Plans": [{"Node Type": "Gather Merge","Parent Relationship": "Outer","Parallel Aware": false,"Async Capable": false,"Startup Cost": 24259.88,"Total Cost": 31382.66,"Plan Rows": 59488,"Plan Width": 40,"Actual Startup Time": 150.044,"Actual Total Time": 191.685,"Actual Rows": 118863,"Actual Loops": 1,"Workers Planned": 4,"Workers Launched": 4,"Plans": [{"Node Type": "Sort","Parent Relationship": "Outer","Parallel Aware": false,"Async Capable": false,"Startup Cost": 23259.83,"Total Cost": 23297.01,"Plan Rows": 14872,"Plan Width": 40,"Actual Startup Time": 129.255,"Actual Total Time": 132.152,"Actual Rows": 23773,"Actual Loops": 5,"Sort Key": ["part.p_brand", "part.p_type", "part.p_size"],"Sort Method": "quicksort","Sort Space Used": 2297,"Sort Space Type": "Memory","Workers": [{"Worker Number": 0,"Sort Method": "quicksort","Sort Space Used": 2906,"Sort Space Type": "Memory"},{"Worker Number": 1,"Sort Method": "quicksort","Sort Space Used": 2664,"Sort Space Type": "Memory"},{"Worker Number": 2,"Sort Method": "quicksort","Sort Space Used": 2874,"Sort Space Type": "Memory"},{"Worker Number": 3,"Sort Method": "quicksort","Sort Space Used": 2886,"Sort Space Type": "Memory"}],"Plans": [{"Node Type": "Hash Join","Parent Relationship": "Outer","Parallel Aware": true,"Async Capable": false,"Join Type": "Inner","Startup Cost": 6682.67,"Total Cost": 22229.17,"Plan Rows": 14872,"Plan Width": 40,"Actual Startup Time": 32.755,"Actual Total Time": 81.773,"Actual Rows": 23773,"Actual Loops": 5,"Inner Unique": true,"Hash Cond": "(partsupp.ps_partkey = part.p_partkey)","Workers": [],"Plans": [{"Node Type": "Index Only Scan","Parent Relationship": "Outer","Parallel Aware": true,"Async Capable": false,"Scan Direction": "Forward","Index Name": "partsupp_pkey","Relation Name": "partsupp","Alias": "partsupp","Startup Cost": 347.43,"Total Cost": 15631.43,"Plan Rows": 100000,"Plan Width": 8,"Actual Startup Time": 9.165,"Actual Total Time": 34.316,"Actual Rows": 159936,"Actual Loops": 5,"Filter": "(NOT (hashed SubPlan 1))","Rows Removed by Filter": 64,"Heap Fetches": 0,"Workers": [],"Plans": [{"Node Type": "Seq Scan","Parent Relationship": "SubPlan","Subplan Name": "SubPlan 1","Parallel Aware": false,"Async Capable": false,"Relation Name": "supplier","Alias": "supplier","Startup Cost": 0.00,"Total Cost": 347.00,"Plan Rows": 1,"Plan Width": 4,"Actual Startup Time": 0.287,"Actual Total Time": 9.031,"Actual Rows": 4,"Actual Loops": 5,"Filter": "((s_comment)::text ~~ '%Customer%Complaints%'::text)","Rows Removed by Filter": 9996,"Workers": []}]},{"Node Type": "Hash","Parent Relationship": "Inner","Parallel Aware": true,"Async Capable": false,"Startup Cost": 6180.33,"Total Cost": 6180.33,"Plan Rows": 12393,"Plan Width": 40,"Actual Startup Time": 23.246,"Actual Total Time": 23.251,"Actual Rows": 5946,"Actual Loops": 5,"Hash Buckets": 32768,"Original Hash Buckets": 32768,"Hash Batches": 1,"Original Hash Batches": 1,"Peak Memory Usage": 2528,"Workers": [],"Plans": [{"Node Type": "Seq Scan","Parent Relationship": "Outer","Parallel Aware": true,"Async Capable": false,"Relation Name": "part","Alias": "part","Startup Cost": 0.00,"Total Cost": 6180.33,"Plan Rows": 12393,"Plan Width": 40,"Actual Startup Time": 0.046,"Actual Total Time": 19.856,"Actual Rows": 5946,"Actual Loops": 5,"Filter": "((p_brand <> 'Brand#14'::bpchar) AND ((p_type)::text !~~ 'SMALL POLISHED%'::text) AND (p_size = ANY ('{42,24,33,3,27,41,25,7}'::integer[])))","Rows Removed by Filter": 34054,"Workers": []}]}]}]}]}]}]},"Planning Time": 4.614,"Triggers": [],"Execution Time": 263.903}]
[{"Plan": {"Node Type": "Sort","Parallel Aware": false,"Async Capable": false,"Startup Cost": 33111.09,"Total Cost": 33150.83,"Plan Rows": 15897,"Plan Width": 44,"Actual Startup Time": 240.926,"Actual Total Time": 242.869,"Actual Rows": 18220,"Actual Loops": 1,"Sort Key": ["(count(DISTINCT partsupp.ps_suppkey)) DESC", "part.p_brand", "part.p_type", "part.p_size"],"Sort Method": "quicksort","Sort Space Used": 2333,"Sort Space Type": "Memory","Plans": [{"Node Type": "Aggregate","Strategy": "Sorted","Partial Mode": "Simple","Parent Relationship": "Outer","Parallel Aware": false,"Async Capable": false,"Startup Cost": 24240.60,"Total Cost": 32001.76,"Plan Rows": 15897,"Plan Width": 44,"Actual Startup Time": 135.564,"Actual Total Time": 203.956,"Actual Rows": 18220,"Actual Loops": 1,"Group Key": ["part.p_brand", "part.p_type", "part.p_size"],"Plans": [{"Node Type": "Gather Merge","Parent Relationship": "Outer","Parallel Aware": false,"Async Capable": false,"Startup Cost": 24240.60,"Total Cost": 31256.81,"Plan Rows": 58598,"Plan Width": 40,"Actual Startup Time": 135.511,"Actual Total Time": 175.555,"Actual Rows": 118630,"Actual Loops": 1,"Workers Planned": 4,"Workers Launched": 4,"Plans": [{"Node Type": "Sort","Parent Relationship": "Outer","Parallel Aware": false,"Async Capable": false,"Startup Cost": 23240.54,"Total Cost": 23277.16,"Plan Rows": 14650,"Plan Width": 40,"Actual Startup Time": 124.171,"Actual Total Time": 126.993,"Actual Rows": 23726,"Actual Loops": 5,"Sort Key": ["part.p_brand", "part.p_type", "part.p_size"],"Sort Method": "quicksort","Sort Space Used": 2425,"Sort Space Type": "Memory","Workers": [{"Worker Number": 0,"Sort Method": "quicksort","Sort Space Used": 2865,"Sort Space Type": "Memory"},{"Worker Number": 1,"Sort Method": "quicksort","Sort Space Used": 2899,"Sort Space Type": "Memory"},{"Worker Number": 2,"Sort Method": "quicksort","Sort Space Used": 2532,"Sort Space Type": "Memory"},{"Worker Number": 3,"Sort Method": "quicksort","Sort Space Used": 2878,"Sort Space Type": "Memory"}],"Plans": [{"Node Type": "Hash Join","Parent Relationship": "Outer","Parallel Aware": true,"Async Capable": false,"Join Type": "Inner","Startup Cost": 6680.36,"Total Cost": 22226.86,"Plan Rows": 14650,"Plan Width": 40,"Actual Startup Time": 32.400,"Actual Total Time": 82.538,"Actual Rows": 23726,"Actual Loops": 5,"Inner Unique": true,"Hash Cond": "(partsupp.ps_partkey = part.p_partkey)","Workers": [],"Plans": [{"Node Type": "Index Only Scan","Parent Relationship": "Outer","Parallel Aware": true,"Async Capable": false,"Scan Direction": "Forward","Index Name": "partsupp_pkey","Relation Name": "partsupp","Alias": "partsupp","Startup Cost": 347.43,"Total Cost": 15631.43,"Plan Rows": 100000,"Plan Width": 8,"Actual Startup Time": 9.071,"Actual Total Time": 34.926,"Actual Rows": 159936,"Actual Loops": 5,"Filter": "(NOT (hashed SubPlan 1))","Rows Removed by Filter": 64,"Heap Fetches": 0,"Workers": [],"Plans": [{"Node Type": "Seq Scan","Parent Relationship": "SubPlan","Subplan Name": "SubPlan 1","Parallel Aware": false,"Async Capable": false,"Relation Name": "supplier","Alias": "supplier","Startup Cost": 0.00,"Total Cost": 347.00,"Plan Rows": 1,"Plan Width": 4,"Actual Startup Time": 0.357,"Actual Total Time": 8.928,"Actual Rows": 4,"Actual Loops": 5,"Filter": "((s_comment)::text ~~ '%Customer%Complaints%'::text)","Rows Removed by Filter": 9996,"Workers": []}]},{"Node Type": "Hash","Parent Relationship": "Inner","Parallel Aware": true,"Async Capable": false,"Startup Cost": 6180.33,"Total Cost": 6180.33,"Plan Rows": 12208,"Plan Width": 40,"Actual Startup Time": 23.053,"Actual Total Time": 23.058,"Actual Rows": 5933,"Actual Loops": 5,"Hash Buckets": 32768,"Original Hash Buckets": 32768,"Hash Batches": 1,"Original Hash Batches": 1,"Peak Memory Usage": 2528,"Workers": [],"Plans": [{"Node Type": "Seq Scan","Parent Relationship": "Outer","Parallel Aware": true,"Async Capable": false,"Relation Name": "part","Alias": "part","Startup Cost": 0.00,"Total Cost": 6180.33,"Plan Rows": 12208,"Plan Width": 40,"Actual Startup Time": 0.045,"Actual Total Time": 19.593,"Actual Rows": 5933,"Actual Loops": 5,"Filter": "((p_brand <> 'Brand#51'::bpchar) AND ((p_type)::text !~~ 'STANDARD BRUSHED%'::text) AND (p_size = ANY ('{27,13,15,21,48,16,11,40}'::integer[])))","Rows Removed by Filter": 34067,"Workers": []}]}]}]}]}]}]},"Planning Time": 4.095,"Triggers": [],"Execution Time": 244.080}]
[{"Plan": {"Node Type": "Sort","Parallel Aware": false,"Async Capable": false,"Startup Cost": 33138.89,"Total Cost": 33178.68,"Plan Rows": 15918,"Plan Width": 44,"Actual Startup Time": 244.805,"Actual Total Time": 246.812,"Actual Rows": 18231,"Actual Loops": 1,"Sort Key": ["(count(DISTINCT partsupp.ps_suppkey)) DESC", "part.p_brand", "part.p_type", "part.p_size"],"Sort Method": "quicksort","Sort Space Used": 2334,"Sort Space Type": "Memory","Plans": [{"Node Type": "Aggregate","Strategy": "Sorted","Partial Mode": "Simple","Parent Relationship": "Outer","Parallel Aware": false,"Async Capable": false,"Startup Cost": 24244.26,"Total Cost": 32027.94,"Plan Rows": 15918,"Plan Width": 44,"Actual Startup Time": 138.479,"Actual Total Time": 206.947,"Actual Rows": 18231,"Actual Loops": 1,"Group Key": ["part.p_brand", "part.p_type", "part.p_size"],"Plans": [{"Node Type": "Gather Merge","Parent Relationship": "Outer","Parallel Aware": false,"Async Capable": false,"Startup Cost": 24244.26,"Total Cost": 31281.06,"Plan Rows": 58770,"Plan Width": 40,"Actual Startup Time": 138.427,"Actual Total Time": 178.666,"Actual Rows": 117879,"Actual Loops": 1,"Workers Planned": 4,"Workers Launched": 4,"Plans": [{"Node Type": "Sort","Parent Relationship": "Outer","Parallel Aware": false,"Async Capable": false,"Startup Cost": 23244.20,"Total Cost": 23280.93,"Plan Rows": 14692,"Plan Width": 40,"Actual Startup Time": 122.814,"Actual Total Time": 126.190,"Actual Rows": 23576,"Actual Loops": 5,"Sort Key": ["part.p_brand", "part.p_type", "part.p_size"],"Sort Method": "quicksort","Sort Space Used": 2322,"Sort Space Type": "Memory","Workers": [{"Worker Number": 0,"Sort Method": "quicksort","Sort Space Used": 2805,"Sort Space Type": "Memory"},{"Worker Number": 1,"Sort Method": "quicksort","Sort Space Used": 2816,"Sort Space Type": "Memory"},{"Worker Number": 2,"Sort Method": "quicksort","Sort Space Used": 2799,"Sort Space Type": "Memory"},{"Worker Number": 3,"Sort Method": "quicksort","Sort Space Used": 2794,"Sort Space Type": "Memory"}],"Plans": [{"Node Type": "Hash Join","Parent Relationship": "Outer","Parallel Aware": true,"Async Capable": false,"Join Type": "Inner","Startup Cost": 6680.81,"Total Cost": 22227.31,"Plan Rows": 14692,"Plan Width": 40,"Actual Startup Time": 32.133,"Actual Total Time": 79.917,"Actual Rows": 23576,"Actual Loops": 5,"Inner Unique": true,"Hash Cond": "(partsupp.ps_partkey = part.p_partkey)","Workers": [],"Plans": [{"Node Type": "Index Only Scan","Parent Relationship": "Outer","Parallel Aware": true,"Async Capable": false,"Scan Direction": "Forward","Index Name": "partsupp_pkey","Relation Name": "partsupp","Alias": "partsupp","Startup Cost": 347.43,"Total Cost": 15631.43,"Plan Rows": 100000,"Plan Width": 8,"Actual Startup Time": 9.317,"Actual Total Time": 33.744,"Actual Rows": 159936,"Actual Loops": 5,"Filter": "(NOT (hashed SubPlan 1))","Rows Removed by Filter": 64,"Heap Fetches": 0,"Workers": [],"Plans": [{"Node Type": "Seq Scan","Parent Relationship": "SubPlan","Subplan Name": "SubPlan 1","Parallel Aware": false,"Async Capable": false,"Relation Name": "supplier","Alias": "supplier","Startup Cost": 0.00,"Total Cost": 347.00,"Plan Rows": 1,"Plan Width": 4,"Actual Startup Time": 0.381,"Actual Total Time": 9.174,"Actual Rows": 4,"Actual Loops": 5,"Filter": "((s_comment)::text ~~ '%Customer%Complaints%'::text)","Rows Removed by Filter": 9996,"Workers": []}]},{"Node Type": "Hash","Parent Relationship": "Inner","Parallel Aware": true,"Async Capable": false,"Startup Cost": 6180.33,"Total Cost": 6180.33,"Plan Rows": 12244,"Plan Width": 40,"Actual Startup Time": 22.501,"Actual Total Time": 22.504,"Actual Rows": 5897,"Actual Loops": 5,"Hash Buckets": 32768,"Original Hash Buckets": 32768,"Hash Batches": 1,"Original Hash Batches": 1,"Peak Memory Usage": 2496,"Workers": [],"Plans": [{"Node Type": "Seq Scan","Parent Relationship": "Outer","Parallel Aware": true,"Async Capable": false,"Relation Name": "part","Alias": "part","Startup Cost": 0.00,"Total Cost": 6180.33,"Plan Rows": 12244,"Plan Width": 40,"Actual Startup Time": 0.066,"Actual Total Time": 19.163,"Actual Rows": 5897,"Actual Loops": 5,"Filter": "((p_brand <> 'Brand#52'::bpchar) AND ((p_type)::text !~~ 'STANDARD BRUSHED%'::text) AND (p_size = ANY ('{8,6,31,44,30,26,2,19}'::integer[])))","Rows Removed by Filter": 34103,"Workers": []}]}]}]}]}]}]},"Planning Time": 3.897,"Triggers": [],"Execution Time": 248.221}]
[{"Plan": {"Node Type": "Sort","Parallel Aware": false,"Async Capable": false,"Startup Cost": 32972.21,"Total Cost": 33011.69,"Plan Rows": 15793,"Plan Width": 44,"Actual Startup Time": 238.622,"Actual Total Time": 240.127,"Actual Rows": 18149,"Actual Loops": 1,"Sort Key": ["(count(DISTINCT partsupp.ps_suppkey)) DESC", "part.p_brand", "part.p_type", "part.p_size"],"Sort Method": "quicksort","Sort Space Used": 2327,"Sort Space Type": "Memory","Plans": [{"Node Type": "Aggregate","Strategy": "Sorted","Partial Mode": "Simple","Parent Relationship": "Outer","Parallel Aware": false,"Async Capable": false,"Startup Cost": 24221.94,"Total Cost": 31870.88,"Plan Rows": 15793,"Plan Width": 44,"Actual Startup Time": 134.656,"Actual Total Time": 200.930,"Actual Rows": 18149,"Actual Loops": 1,"Group Key": ["part.p_brand", "part.p_type", "part.p_size"],"Plans": [{"Node Type": "Gather Merge","Parent Relationship": "Outer","Parallel Aware": false,"Async Capable": false,"Startup Cost": 24221.94,"Total Cost": 31135.54,"Plan Rows": 57741,"Plan Width": 40,"Actual Startup Time": 134.610,"Actual Total Time": 173.542,"Actual Rows": 118022,"Actual Loops": 1,"Workers Planned": 4,"Workers Launched": 4,"Plans": [{"Node Type": "Sort","Parent Relationship": "Outer","Parallel Aware": false,"Async Capable": false,"Startup Cost": 23221.89,"Total Cost": 23257.97,"Plan Rows": 14435,"Plan Width": 40,"Actual Startup Time": 122.525,"Actual Total Time": 125.165,"Actual Rows": 23604,"Actual Loops": 5,"Sort Key": ["part.p_brand", "part.p_type", "part.p_size"],"Sort Method": "quicksort","Sort Space Used": 2463,"Sort Space Type": "Memory","Workers": [{"Worker Number": 0,"Sort Method": "quicksort","Sort Space Used": 2858,"Sort Space Type": "Memory"},{"Worker Number": 1,"Sort Method": "quicksort","Sort Space Used": 2443,"Sort Space Type": "Memory"},{"Worker Number": 2,"Sort Method": "quicksort","Sort Space Used": 2864,"Sort Space Type": "Memory"},{"Worker Number": 3,"Sort Method": "quicksort","Sort Space Used": 2918,"Sort Space Type": "Memory"}],"Plans": [{"Node Type": "Hash Join","Parent Relationship": "Outer","Parallel Aware": true,"Async Capable": false,"Join Type": "Inner","Startup Cost": 6678.12,"Total Cost": 22224.62,"Plan Rows": 14435,"Plan Width": 40,"Actual Startup Time": 31.423,"Actual Total Time": 81.104,"Actual Rows": 23604,"Actual Loops": 5,"Inner Unique": true,"Hash Cond": "(partsupp.ps_partkey = part.p_partkey)","Workers": [],"Plans": [{"Node Type": "Index Only Scan","Parent Relationship": "Outer","Parallel Aware": true,"Async Capable": false,"Scan Direction": "Forward","Index Name": "partsupp_pkey","Relation Name": "partsupp","Alias": "partsupp","Startup Cost": 347.43,"Total Cost": 15631.43,"Plan Rows": 100000,"Plan Width": 8,"Actual Startup Time": 7.575,"Actual Total Time": 32.800,"Actual Rows": 159936,"Actual Loops": 5,"Filter": "(NOT (hashed SubPlan 1))","Rows Removed by Filter": 64,"Heap Fetches": 0,"Workers": [],"Plans": [{"Node Type": "Seq Scan","Parent Relationship": "SubPlan","Subplan Name": "SubPlan 1","Parallel Aware": false,"Async Capable": false,"Relation Name": "supplier","Alias": "supplier","Startup Cost": 0.00,"Total Cost": 347.00,"Plan Rows": 1,"Plan Width": 4,"Actual Startup Time": 0.168,"Actual Total Time": 7.439,"Actual Rows": 4,"Actual Loops": 5,"Filter": "((s_comment)::text ~~ '%Customer%Complaints%'::text)","Rows Removed by Filter": 9996,"Workers": []}]},{"Node Type": "Hash","Parent Relationship": "Inner","Parallel Aware": true,"Async Capable": false,"Startup Cost": 6180.33,"Total Cost": 6180.33,"Plan Rows": 12029,"Plan Width": 40,"Actual Startup Time": 23.569,"Actual Total Time": 23.574,"Actual Rows": 5903,"Actual Loops": 5,"Hash Buckets": 32768,"Original Hash Buckets": 32768,"Hash Batches": 1,"Original Hash Batches": 1,"Peak Memory Usage": 2528,"Workers": [],"Plans": [{"Node Type": "Seq Scan","Parent Relationship": "Outer","Parallel Aware": true,"Async Capable": false,"Relation Name": "part","Alias": "part","Startup Cost": 0.00,"Total Cost": 6180.33,"Plan Rows": 12029,"Plan Width": 40,"Actual Startup Time": 0.054,"Actual Total Time": 19.661,"Actual Rows": 5903,"Actual Loops": 5,"Filter": "((p_brand <> 'Brand#14'::bpchar) AND ((p_type)::text !~~ 'MEDIUM POLISHED%'::text) AND (p_size = ANY ('{24,31,18,7,3,13,36,40}'::integer[])))","Rows Removed by Filter": 34097,"Workers": []}]}]}]}]}]}]},"Planning Time": 4.909,"Triggers": [],"Execution Time": 241.077}]
[{"Plan": {"Node Type": "Sort","Parallel Aware": false,"Async Capable": false,"Startup Cost": 32665.59,"Total Cost": 32704.47,"Plan Rows": 15555,"Plan Width": 44,"Actual Startup Time": 237.523,"Actual Total Time": 239.494,"Actual Rows": 18203,"Actual Loops": 1,"Sort Key": ["(count(DISTINCT partsupp.ps_suppkey)) DESC", "part.p_brand", "part.p_type", "part.p_size"],"Sort Method": "quicksort","Sort Space Used": 2332,"Sort Space Type": "Memory","Plans": [{"Node Type": "Aggregate","Strategy": "Sorted","Partial Mode": "Simple","Parent Relationship": "Outer","Parallel Aware": false,"Async Capable": false,"Startup Cost": 24181.07,"Total Cost": 31582.56,"Plan Rows": 15555,"Plan Width": 44,"Actual Startup Time": 132.671,"Actual Total Time": 198.896,"Actual Rows": 18203,"Actual Loops": 1,"Group Key": ["part.p_brand", "part.p_type", "part.p_size"],"Plans": [{"Node Type": "Gather Merge","Parent Relationship": "Outer","Parallel Aware": false,"Async Capable": false,"Startup Cost": 24181.07,"Total Cost": 30868.49,"Plan Rows": 55852,"Plan Width": 40,"Actual Startup Time": 132.588,"Actual Total Time": 171.655,"Actual Rows": 117883,"Actual Loops": 1,"Workers Planned": 4,"Workers Launched": 4,"Plans": [{"Node Type": "Sort","Parent Relationship": "Outer","Parallel Aware": false,"Async Capable": false,"Startup Cost": 23181.02,"Total Cost": 23215.92,"Plan Rows": 13963,"Plan Width": 40,"Actual Startup Time": 120.530,"Actual Total Time": 123.088,"Actual Rows": 23577,"Actual Loops": 5,"Sort Key": ["part.p_brand", "part.p_type", "part.p_size"],"Sort Method": "quicksort","Sort Space Used": 2399,"Sort Space Type": "Memory","Workers": [{"Worker Number": 0,"Sort Method": "quicksort","Sort Space Used": 2883,"Sort Space Type": "Memory"},{"Worker Number": 1,"Sort Method": "quicksort","Sort Space Used": 2935,"Sort Space Type": "Memory"},{"Worker Number": 2,"Sort Method": "quicksort","Sort Space Used": 2398,"Sort Space Type": "Memory"},{"Worker Number": 3,"Sort Method": "quicksort","Sort Space Used": 2911,"Sort Space Type": "Memory"}],"Plans": [{"Node Type": "Hash Join","Parent Relationship": "Outer","Parallel Aware": true,"Async Capable": false,"Join Type": "Inner","Startup Cost": 6673.21,"Total Cost": 22219.71,"Plan Rows": 13963,"Plan Width": 40,"Actual Startup Time": 29.528,"Actual Total Time": 79.392,"Actual Rows": 23577,"Actual Loops": 5,"Inner Unique": true,"Hash Cond": "(partsupp.ps_partkey = part.p_partkey)","Workers": [],"Plans": [{"Node Type": "Index Only Scan","Parent Relationship": "Outer","Parallel Aware": true,"Async Capable": false,"Scan Direction": "Forward","Index Name": "partsupp_pkey","Relation Name": "partsupp","Alias": "partsupp","Startup Cost": 347.43,"Total Cost": 15631.43,"Plan Rows": 100000,"Plan Width": 8,"Actual Startup Time": 7.115,"Actual Total Time": 31.970,"Actual Rows": 159936,"Actual Loops": 5,"Filter": "(NOT (hashed SubPlan 1))","Rows Removed by Filter": 64,"Heap Fetches": 0,"Workers": [],"Plans": [{"Node Type": "Seq Scan","Parent Relationship": "SubPlan","Subplan Name": "SubPlan 1","Parallel Aware": false,"Async Capable": false,"Relation Name": "supplier","Alias": "supplier","Startup Cost": 0.00,"Total Cost": 347.00,"Plan Rows": 1,"Plan Width": 4,"Actual Startup Time": 0.126,"Actual Total Time": 7.002,"Actual Rows": 4,"Actual Loops": 5,"Filter": "((s_comment)::text ~~ '%Customer%Complaints%'::text)","Rows Removed by Filter": 9996,"Workers": []}]},{"Node Type": "Hash","Parent Relationship": "Inner","Parallel Aware": true,"Async Capable": false,"Startup Cost": 6180.33,"Total Cost": 6180.33,"Plan Rows": 11636,"Plan Width": 40,"Actual Startup Time": 22.135,"Actual Total Time": 22.138,"Actual Rows": 5896,"Actual Loops": 5,"Hash Buckets": 32768,"Original Hash Buckets": 32768,"Hash Batches": 1,"Original Hash Batches": 1,"Peak Memory Usage": 2528,"Workers": [],"Plans": [{"Node Type": "Seq Scan","Parent Relationship": "Outer","Parallel Aware": true,"Async Capable": false,"Relation Name": "part","Alias": "part","Startup Cost": 0.00,"Total Cost": 6180.33,"Plan Rows": 11636,"Plan Width": 40,"Actual Startup Time": 0.059,"Actual Total Time": 18.694,"Actual Rows": 5896,"Actual Loops": 5,"Filter": "((p_brand <> 'Brand#35'::bpchar) AND ((p_type)::text !~~ 'STANDARD ANODIZED%'::text) AND (p_size = ANY ('{27,4,37,42,24,44,36,23}'::integer[])))","Rows Removed by Filter": 34104,"Workers": []}]}]}]}]}]}]},"Planning Time": 4.084,"Triggers": [],"Execution Time": 240.608}]
[{"Plan": {"Node Type": "Sort","Parallel Aware": false,"Async Capable": false,"Startup Cost": 33365.08,"Total Cost": 33405.28,"Plan Rows": 16082,"Plan Width": 44,"Actual Startup Time": 232.553,"Actual Total Time": 234.572,"Actual Rows": 18224,"Actual Loops": 1,"Sort Key": ["(count(DISTINCT partsupp.ps_suppkey)) DESC", "part.p_brand", "part.p_type", "part.p_size"],"Sort Method": "quicksort","Sort Space Used": 2334,"Sort Space Type": "Memory","Plans": [{"Node Type": "Aggregate","Strategy": "Sorted","Partial Mode": "Simple","Parent Relationship": "Outer","Parallel Aware": false,"Async Capable": false,"Startup Cost": 24274.67,"Total Cost": 32241.50,"Plan Rows": 16082,"Plan Width": 44,"Actual Startup Time": 130.270,"Actual Total Time": 196.848,"Actual Rows": 18224,"Actual Loops": 1,"Group Key": ["part.p_brand", "part.p_type", "part.p_size"],"Plans": [{"Node Type": "Gather Merge","Parent Relationship": "Outer","Parallel Aware": false,"Async Capable": false,"Startup Cost": 24274.67,"Total Cost": 31478.99,"Plan Rows": 60169,"Plan Width": 40,"Actual Startup Time": 130.198,"Actual Total Time": 169.558,"Actual Rows": 118538,"Actual Loops": 1,"Workers Planned": 4,"Workers Launched": 4,"Plans": [{"Node Type": "Sort","Parent Relationship": "Outer","Parallel Aware": false,"Async Capable": false,"Startup Cost": 23274.62,"Total Cost": 23312.22,"Plan Rows": 15042,"Plan Width": 40,"Actual Startup Time": 121.514,"Actual Total Time": 124.064,"Actual Rows": 23708,"Actual Loops": 5,"Sort Key": ["part.p_brand", "part.p_type", "part.p_size"],"Sort Method": "quicksort","Sort Space Used": 2684,"Sort Space Type": "Memory","Workers": [{"Worker Number": 0,"Sort Method": "quicksort","Sort Space Used": 2727,"Sort Space Type": "Memory"},{"Worker Number": 1,"Sort Method": "quicksort","Sort Space Used": 2675,"Sort Space Type": "Memory"},{"Worker Number": 2,"Sort Method": "quicksort","Sort Space Used": 2727,"Sort Space Type": "Memory"},{"Worker Number": 3,"Sort Method": "quicksort","Sort Space Used": 2774,"Sort Space Type": "Memory"}],"Plans": [{"Node Type": "Hash Join","Parent Relationship": "Outer","Parallel Aware": true,"Async Capable": false,"Join Type": "Inner","Startup Cost": 6684.45,"Total Cost": 22230.95,"Plan Rows": 15042,"Plan Width": 40,"Actual Startup Time": 29.606,"Actual Total Time": 80.220,"Actual Rows": 23708,"Actual Loops": 5,"Inner Unique": true,"Hash Cond": "(partsupp.ps_partkey = part.p_partkey)","Workers": [],"Plans": [{"Node Type": "Index Only Scan","Parent Relationship": "Outer","Parallel Aware": true,"Async Capable": false,"Scan Direction": "Forward","Index Name": "partsupp_pkey","Relation Name": "partsupp","Alias": "partsupp","Startup Cost": 347.43,"Total Cost": 15631.43,"Plan Rows": 100000,"Plan Width": 8,"Actual Startup Time": 7.381,"Actual Total Time": 32.538,"Actual Rows": 159936,"Actual Loops": 5,"Filter": "(NOT (hashed SubPlan 1))","Rows Removed by Filter": 64,"Heap Fetches": 0,"Workers": [],"Plans": [{"Node Type": "Seq Scan","Parent Relationship": "SubPlan","Subplan Name": "SubPlan 1","Parallel Aware": false,"Async Capable": false,"Relation Name": "supplier","Alias": "supplier","Startup Cost": 0.00,"Total Cost": 347.00,"Plan Rows": 1,"Plan Width": 4,"Actual Startup Time": 0.200,"Actual Total Time": 7.232,"Actual Rows": 4,"Actual Loops": 5,"Filter": "((s_comment)::text ~~ '%Customer%Complaints%'::text)","Rows Removed by Filter": 9996,"Workers": []}]},{"Node Type": "Hash","Parent Relationship": "Inner","Parallel Aware": true,"Async Capable": false,"Startup Cost": 6180.33,"Total Cost": 6180.33,"Plan Rows": 12535,"Plan Width": 40,"Actual Startup Time": 21.979,"Actual Total Time": 21.982,"Actual Rows": 5929,"Actual Loops": 5,"Hash Buckets": 32768,"Original Hash Buckets": 32768,"Hash Batches": 1,"Original Hash Batches": 1,"Peak Memory Usage": 2560,"Workers": [],"Plans": [{"Node Type": "Seq Scan","Parent Relationship": "Outer","Parallel Aware": true,"Async Capable": false,"Relation Name": "part","Alias": "part","Startup Cost": 0.00,"Total Cost": 6180.33,"Plan Rows": 12535,"Plan Width": 40,"Actual Startup Time": 0.068,"Actual Total Time": 18.424,"Actual Rows": 5929,"Actual Loops": 5,"Filter": "((p_brand <> 'Brand#35'::bpchar) AND ((p_type)::text !~~ 'ECONOMY POLISHED%'::text) AND (p_size = ANY ('{3,30,32,36,50,35,42,15}'::integer[])))","Rows Removed by Filter": 34071,"Workers": []}]}]}]}]}]}]},"Planning Time": 4.521,"Triggers": [],"Execution Time": 236.025}]
[{"Plan": {"Node Type": "Sort","Parallel Aware": false,"Async Capable": false,"Startup Cost": 33166.07,"Total Cost": 33205.92,"Plan Rows": 15938,"Plan Width": 44,"Actual Startup Time": 238.297,"Actual Total Time": 240.149,"Actual Rows": 18313,"Actual Loops": 1,"Sort Key": ["(count(DISTINCT partsupp.ps_suppkey)) DESC", "part.p_brand", "part.p_type", "part.p_size"],"Sort Method": "quicksort","Sort Space Used": 2341,"Sort Space Type": "Memory","Plans": [{"Node Type": "Aggregate","Strategy": "Sorted","Partial Mode": "Simple","Parent Relationship": "Outer","Parallel Aware": false,"Async Capable": false,"Startup Cost": 24247.90,"Total Cost": 32053.58,"Plan Rows": 15938,"Plan Width": 44,"Actual Startup Time": 132.558,"Actual Total Time": 199.455,"Actual Rows": 18313,"Actual Loops": 1,"Group Key": ["part.p_brand", "part.p_type", "part.p_size"],"Plans": [{"Node Type": "Gather Merge","Parent Relationship": "Outer","Parallel Aware": false,"Async Capable": false,"Startup Cost": 24247.90,"Total Cost": 31304.82,"Plan Rows": 58938,"Plan Width": 40,"Actual Startup Time": 132.484,"Actual Total Time": 171.727,"Actual Rows": 119204,"Actual Loops": 1,"Workers Planned": 4,"Workers Launched": 4,"Plans": [{"Node Type": "Sort","Parent Relationship": "Outer","Parallel Aware": false,"Async Capable": false,"Startup Cost": 23247.85,"Total Cost": 23284.68,"Plan Rows": 14734,"Plan Width": 40,"Actual Startup Time": 123.239,"Actual Total Time": 125.964,"Actual Rows": 23841,"Actual Loops": 5,"Sort Key": ["part.p_brand", "part.p_type", "part.p_size"],"Sort Method": "quicksort","Sort Space Used": 2678,"Sort Space Type": "Memory","Workers": [{"Worker Number": 0,"Sort Method": "quicksort","Sort Space Used": 2774,"Sort Space Type": "Memory"},{"Worker Number": 1,"Sort Method": "quicksort","Sort Space Used": 2677,"Sort Space Type": "Memory"},{"Worker Number": 2,"Sort Method": "quicksort","Sort Space Used": 2753,"Sort Space Type": "Memory"},{"Worker Number": 3,"Sort Method": "quicksort","Sort Space Used": 2775,"Sort Space Type": "Memory"}],"Plans": [{"Node Type": "Hash Join","Parent Relationship": "Outer","Parallel Aware": true,"Async Capable": false,"Join Type": "Inner","Startup Cost": 6681.25,"Total Cost": 22227.75,"Plan Rows": 14734,"Plan Width": 40,"Actual Startup Time": 31.303,"Actual Total Time": 81.585,"Actual Rows": 23841,"Actual Loops": 5,"Inner Unique": true,"Hash Cond": "(partsupp.ps_partkey = part.p_partkey)","Workers": [],"Plans": [{"Node Type": "Index Only Scan","Parent Relationship": "Outer","Parallel Aware": true,"Async Capable": false,"Scan Direction": "Forward","Index Name": "partsupp_pkey","Relation Name": "partsupp","Alias": "partsupp","Startup Cost": 347.43,"Total Cost": 15631.43,"Plan Rows": 100000,"Plan Width": 8,"Actual Startup Time": 8.196,"Actual Total Time": 33.005,"Actual Rows": 159936,"Actual Loops": 5,"Filter": "(NOT (hashed SubPlan 1))","Rows Removed by Filter": 64,"Heap Fetches": 0,"Workers": [],"Plans": [{"Node Type": "Seq Scan","Parent Relationship": "SubPlan","Subplan Name": "SubPlan 1","Parallel Aware": false,"Async Capable": false,"Relation Name": "supplier","Alias": "supplier","Startup Cost": 0.00,"Total Cost": 347.00,"Plan Rows": 1,"Plan Width": 4,"Actual Startup Time": 0.180,"Actual Total Time": 8.023,"Actual Rows": 4,"Actual Loops": 5,"Filter": "((s_comment)::text ~~ '%Customer%Complaints%'::text)","Rows Removed by Filter": 9996,"Workers": []}]},{"Node Type": "Hash","Parent Relationship": "Inner","Parallel Aware": true,"Async Capable": false,"Startup Cost": 6180.33,"Total Cost": 6180.33,"Plan Rows": 12279,"Plan Width": 40,"Actual Startup Time": 22.840,"Actual Total Time": 22.843,"Actual Rows": 5963,"Actual Loops": 5,"Hash Buckets": 32768,"Original Hash Buckets": 32768,"Hash Batches": 1,"Original Hash Batches": 1,"Peak Memory Usage": 2560,"Workers": [],"Plans": [{"Node Type": "Seq Scan","Parent Relationship": "Outer","Parallel Aware": true,"Async Capable": false,"Relation Name": "part","Alias": "part","Startup Cost": 0.00,"Total Cost": 6180.33,"Plan Rows": 12279,"Plan Width": 40,"Actual Startup Time": 0.059,"Actual Total Time": 19.263,"Actual Rows": 5963,"Actual Loops": 5,"Filter": "((p_brand <> 'Brand#42'::bpchar) AND ((p_type)::text !~~ 'SMALL ANODIZED%'::text) AND (p_size = ANY ('{41,5,31,33,3,16,2,36}'::integer[])))","Rows Removed by Filter": 34037,"Workers": []}]}]}]}]}]}]},"Planning Time": 5.076,"Triggers": [],"Execution Time": 241.520}]
[{"Plan": {"Node Type": "Sort","Parallel Aware": false,"Async Capable": false,"Startup Cost": 33216.88,"Total Cost": 33256.82,"Plan Rows": 15975,"Plan Width": 44,"Actual Startup Time": 233.559,"Actual Total Time": 235.544,"Actual Rows": 18210,"Actual Loops": 1,"Sort Key": ["(count(DISTINCT partsupp.ps_suppkey)) DESC", "part.p_brand", "part.p_type", "part.p_size"],"Sort Method": "quicksort","Sort Space Used": 2331,"Sort Space Type": "Memory","Plans": [{"Node Type": "Aggregate","Strategy": "Sorted","Partial Mode": "Simple","Parent Relationship": "Outer","Parallel Aware": false,"Async Capable": false,"Startup Cost": 24254.76,"Total Cost": 32101.54,"Plan Rows": 15975,"Plan Width": 44,"Actual Startup Time": 130.002,"Actual Total Time": 195.857,"Actual Rows": 18210,"Actual Loops": 1,"Group Key": ["part.p_brand", "part.p_type", "part.p_size"],"Plans": [{"Node Type": "Gather Merge","Parent Relationship": "Outer","Parallel Aware": false,"Async Capable": false,"Startup Cost": 24254.76,"Total Cost": 31349.27,"Plan Rows": 59252,"Plan Width": 40,"Actual Startup Time": 129.925,"Actual Total Time": 168.659,"Actual Rows": 117800,"Actual Loops": 1,"Workers Planned": 4,"Workers Launched": 4,"Plans": [{"Node Type": "Sort","Parent Relationship": "Outer","Parallel Aware": false,"Async Capable": false,"Startup Cost": 23254.70,"Total Cost": 23291.73,"Plan Rows": 14813,"Plan Width": 40,"Actual Startup Time": 121.634,"Actual Total Time": 124.140,"Actual Rows": 23560,"Actual Loops": 5,"Sort Key": ["part.p_brand", "part.p_type", "part.p_size"],"Sort Method": "quicksort","Sort Space Used": 2644,"Sort Space Type": "Memory","Workers": [{"Worker Number": 0,"Sort Method": "quicksort","Sort Space Used": 2709,"Sort Space Type": "Memory"},{"Worker Number": 1,"Sort Method": "quicksort","Sort Space Used": 2722,"Sort Space Type": "Memory"},{"Worker Number": 2,"Sort Method": "quicksort","Sort Space Used": 2689,"Sort Space Type": "Memory"},{"Worker Number": 3,"Sort Method": "quicksort","Sort Space Used": 2757,"Sort Space Type": "Memory"}],"Plans": [{"Node Type": "Hash Join","Parent Relationship": "Outer","Parallel Aware": true,"Async Capable": false,"Join Type": "Inner","Startup Cost": 6682.06,"Total Cost": 22228.56,"Plan Rows": 14813,"Plan Width": 40,"Actual Startup Time": 30.357,"Actual Total Time": 80.696,"Actual Rows": 23560,"Actual Loops": 5,"Inner Unique": true,"Hash Cond": "(partsupp.ps_partkey = part.p_partkey)","Workers": [],"Plans": [{"Node Type": "Index Only Scan","Parent Relationship": "Outer","Parallel Aware": true,"Async Capable": false,"Scan Direction": "Forward","Index Name": "partsupp_pkey","Relation Name": "partsupp","Alias": "partsupp","Startup Cost": 347.43,"Total Cost": 15631.43,"Plan Rows": 100000,"Plan Width": 8,"Actual Startup Time": 7.453,"Actual Total Time": 32.572,"Actual Rows": 159936,"Actual Loops": 5,"Filter": "(NOT (hashed SubPlan 1))","Rows Removed by Filter": 64,"Heap Fetches": 0,"Workers": [],"Plans": [{"Node Type": "Seq Scan","Parent Relationship": "SubPlan","Subplan Name": "SubPlan 1","Parallel Aware": false,"Async Capable": false,"Relation Name": "supplier","Alias": "supplier","Startup Cost": 0.00,"Total Cost": 347.00,"Plan Rows": 1,"Plan Width": 4,"Actual Startup Time": 0.129,"Actual Total Time": 7.302,"Actual Rows": 4,"Actual Loops": 5,"Filter": "((s_comment)::text ~~ '%Customer%Complaints%'::text)","Rows Removed by Filter": 9996,"Workers": []}]},{"Node Type": "Hash","Parent Relationship": "Inner","Parallel Aware": true,"Async Capable": false,"Startup Cost": 6180.33,"Total Cost": 6180.33,"Plan Rows": 12344,"Plan Width": 40,"Actual Startup Time": 22.640,"Actual Total Time": 22.646,"Actual Rows": 5893,"Actual Loops": 5,"Hash Buckets": 32768,"Original Hash Buckets": 32768,"Hash Batches": 1,"Original Hash Batches": 1,"Peak Memory Usage": 2528,"Workers": [],"Plans": [{"Node Type": "Seq Scan","Parent Relationship": "Outer","Parallel Aware": true,"Async Capable": false,"Relation Name": "part","Alias": "part","Startup Cost": 0.00,"Total Cost": 6180.33,"Plan Rows": 12344,"Plan Width": 40,"Actual Startup Time": 0.058,"Actual Total Time": 19.097,"Actual Rows": 5893,"Actual Loops": 5,"Filter": "((p_brand <> 'Brand#23'::bpchar) AND ((p_type)::text !~~ 'STANDARD BURNISHED%'::text) AND (p_size = ANY ('{50,41,14,45,42,21,31,49}'::integer[])))","Rows Removed by Filter": 34107,"Workers": []}]}]}]}]}]}]},"Planning Time": 3.970,"Triggers": [],"Execution Time": 236.867}]
[{"Plan": {"Node Type": "Sort","Parallel Aware": false,"Async Capable": false,"Startup Cost": 33223.98,"Total Cost": 33263.93,"Plan Rows": 15980,"Plan Width": 44,"Actual Startup Time": 235.278,"Actual Total Time": 236.845,"Actual Rows": 18191,"Actual Loops": 1,"Sort Key": ["(count(DISTINCT partsupp.ps_suppkey)) DESC", "part.p_brand", "part.p_type", "part.p_size"],"Sort Method": "quicksort","Sort Space Used": 2331,"Sort Space Type": "Memory","Plans": [{"Node Type": "Aggregate","Strategy": "Sorted","Partial Mode": "Simple","Parent Relationship": "Outer","Parallel Aware": false,"Async Capable": false,"Startup Cost": 24255.71,"Total Cost": 32108.26,"Plan Rows": 15980,"Plan Width": 44,"Actual Startup Time": 132.005,"Actual Total Time": 197.686,"Actual Rows": 18191,"Actual Loops": 1,"Group Key": ["part.p_brand", "part.p_type", "part.p_size"],"Plans": [{"Node Type": "Gather Merge","Parent Relationship": "Outer","Parallel Aware": false,"Async Capable": false,"Startup Cost": 24255.71,"Total Cost": 31355.50,"Plan Rows": 59296,"Plan Width": 40,"Actual Startup Time": 131.953,"Actual Total Time": 170.288,"Actual Rows": 117665,"Actual Loops": 1,"Workers Planned": 4,"Workers Launched": 4,"Plans": [{"Node Type": "Sort","Parent Relationship": "Outer","Parallel Aware": false,"Async Capable": false,"Startup Cost": 23255.65,"Total Cost": 23292.71,"Plan Rows": 14824,"Plan Width": 40,"Actual Startup Time": 120.716,"Actual Total Time": 123.367,"Actual Rows": 23533,"Actual Loops": 5,"Sort Key": ["part.p_brand", "part.p_type", "part.p_size"],"Sort Method": "quicksort","Sort Space Used": 2424,"Sort Space Type": "Memory","Workers": [{"Worker Number": 0,"Sort Method": "quicksort","Sort Space Used": 2877,"Sort Space Type": "Memory"},{"Worker Number": 1,"Sort Method": "quicksort","Sort Space Used": 2857,"Sort Space Type": "Memory"},{"Worker Number": 2,"Sort Method": "quicksort","Sort Space Used": 2446,"Sort Space Type": "Memory"},{"Worker Number": 3,"Sort Method": "quicksort","Sort Space Used": 2912,"Sort Space Type": "Memory"}],"Plans": [{"Node Type": "Hash Join","Parent Relationship": "Outer","Parallel Aware": true,"Async Capable": false,"Join Type": "Inner","Startup Cost": 6682.17,"Total Cost": 22228.67,"Plan Rows": 14824,"Plan Width": 40,"Actual Startup Time": 30.315,"Actual Total Time": 79.708,"Actual Rows": 23533,"Actual Loops": 5,"Inner Unique": true,"Hash Cond": "(partsupp.ps_partkey = part.p_partkey)","Workers": [],"Plans": [{"Node Type": "Index Only Scan","Parent Relationship": "Outer","Parallel Aware": true,"Async Capable": false,"Scan Direction": "Forward","Index Name": "partsupp_pkey","Relation Name": "partsupp","Alias": "partsupp","Startup Cost": 347.43,"Total Cost": 15631.43,"Plan Rows": 100000,"Plan Width": 8,"Actual Startup Time": 7.341,"Actual Total Time": 32.325,"Actual Rows": 159936,"Actual Loops": 5,"Filter": "(NOT (hashed SubPlan 1))","Rows Removed by Filter": 64,"Heap Fetches": 0,"Workers": [],"Plans": [{"Node Type": "Seq Scan","Parent Relationship": "SubPlan","Subplan Name": "SubPlan 1","Parallel Aware": false,"Async Capable": false,"Relation Name": "supplier","Alias": "supplier","Startup Cost": 0.00,"Total Cost": 347.00,"Plan Rows": 1,"Plan Width": 4,"Actual Startup Time": 0.149,"Actual Total Time": 7.198,"Actual Rows": 4,"Actual Loops": 5,"Filter": "((s_comment)::text ~~ '%Customer%Complaints%'::text)","Rows Removed by Filter": 9996,"Workers": []}]},{"Node Type": "Hash","Parent Relationship": "Inner","Parallel Aware": true,"Async Capable": false,"Startup Cost": 6180.33,"Total Cost": 6180.33,"Plan Rows": 12353,"Plan Width": 40,"Actual Startup Time": 22.721,"Actual Total Time": 22.724,"Actual Rows": 5886,"Actual Loops": 5,"Hash Buckets": 32768,"Original Hash Buckets": 32768,"Hash Batches": 1,"Original Hash Batches": 1,"Peak Memory Usage": 2528,"Workers": [],"Plans": [{"Node Type": "Seq Scan","Parent Relationship": "Outer","Parallel Aware": true,"Async Capable": false,"Relation Name": "part","Alias": "part","Startup Cost": 0.00,"Total Cost": 6180.33,"Plan Rows": 12353,"Plan Width": 40,"Actual Startup Time": 0.054,"Actual Total Time": 18.908,"Actual Rows": 5886,"Actual Loops": 5,"Filter": "((p_brand <> 'Brand#35'::bpchar) AND ((p_type)::text !~~ 'ECONOMY BRUSHED%'::text) AND (p_size = ANY ('{12,41,28,9,43,42,45,46}'::integer[])))","Rows Removed by Filter": 34114,"Workers": []}]}]}]}]}]}]},"Planning Time": 5.095,"Triggers": [],"Execution Time": 237.680}]
[{"Plan": {"Node Type": "Sort","Parallel Aware": false,"Async Capable": false,"Startup Cost": 33015.53,"Total Cost": 33055.09,"Plan Rows": 15826,"Plan Width": 44,"Actual Startup Time": 241.147,"Actual Total Time": 243.133,"Actual Rows": 18232,"Actual Loops": 1,"Sort Key": ["(count(DISTINCT partsupp.ps_suppkey)) DESC", "part.p_brand", "part.p_type", "part.p_size"],"Sort Method": "quicksort","Sort Space Used": 2334,"Sort Space Type": "Memory","Plans": [{"Node Type": "Aggregate","Strategy": "Sorted","Partial Mode": "Simple","Parent Relationship": "Outer","Parallel Aware": false,"Async Capable": false,"Startup Cost": 24227.76,"Total Cost": 31911.66,"Plan Rows": 15826,"Plan Width": 44,"Actual Startup Time": 135.598,"Actual Total Time": 204.339,"Actual Rows": 18232,"Actual Loops": 1,"Group Key": ["part.p_brand", "part.p_type", "part.p_size"],"Plans": [{"Node Type": "Gather Merge","Parent Relationship": "Outer","Parallel Aware": false,"Async Capable": false,"Startup Cost": 24227.76,"Total Cost": 31173.32,"Plan Rows": 58008,"Plan Width": 40,"Actual Startup Time": 135.535,"Actual Total Time": 175.700,"Actual Rows": 118648,"Actual Loops": 1,"Workers Planned": 4,"Workers Launched": 4,"Plans": [{"Node Type": "Sort","Parent Relationship": "Outer","Parallel Aware": false,"Async Capable": false,"Startup Cost": 23227.70,"Total Cost": 23263.95,"Plan Rows": 14502,"Plan Width": 40,"Actual Startup Time": 122.518,"Actual Total Time": 125.273,"Actual Rows": 23730,"Actual Loops": 5,"Sort Key": ["part.p_brand", "part.p_type", "part.p_size"],"Sort Method": "quicksort","Sort Space Used": 2379,"Sort Space Type": "Memory","Workers": [{"Worker Number": 0,"Sort Method": "quicksort","Sort Space Used": 2397,"Sort Space Type": "Memory"},{"Worker Number": 1,"Sort Method": "quicksort","Sort Space Used": 2973,"Sort Space Type": "Memory"},{"Worker Number": 2,"Sort Method": "quicksort","Sort Space Used": 2939,"Sort Space Type": "Memory"},{"Worker Number": 3,"Sort Method": "quicksort","Sort Space Used": 2921,"Sort Space Type": "Memory"}],"Plans": [{"Node Type": "Hash Join","Parent Relationship": "Outer","Parallel Aware": true,"Async Capable": false,"Join Type": "Inner","Startup Cost": 6678.82,"Total Cost": 22225.32,"Plan Rows": 14502,"Plan Width": 40,"Actual Startup Time": 30.022,"Actual Total Time": 80.635,"Actual Rows": 23730,"Actual Loops": 5,"Inner Unique": true,"Hash Cond": "(partsupp.ps_partkey = part.p_partkey)","Workers": [],"Plans": [{"Node Type": "Index Only Scan","Parent Relationship": "Outer","Parallel Aware": true,"Async Capable": false,"Scan Direction": "Forward","Index Name": "partsupp_pkey","Relation Name": "partsupp","Alias": "partsupp","Startup Cost": 347.43,"Total Cost": 15631.43,"Plan Rows": 100000,"Plan Width": 8,"Actual Startup Time": 7.471,"Actual Total Time": 32.660,"Actual Rows": 159936,"Actual Loops": 5,"Filter": "(NOT (hashed SubPlan 1))","Rows Removed by Filter": 64,"Heap Fetches": 0,"Workers": [],"Plans": [{"Node Type": "Seq Scan","Parent Relationship": "SubPlan","Subplan Name": "SubPlan 1","Parallel Aware": false,"Async Capable": false,"Relation Name": "supplier","Alias": "supplier","Startup Cost": 0.00,"Total Cost": 347.00,"Plan Rows": 1,"Plan Width": 4,"Actual Startup Time": 0.137,"Actual Total Time": 7.345,"Actual Rows": 4,"Actual Loops": 5,"Filter": "((s_comment)::text ~~ '%Customer%Complaints%'::text)","Rows Removed by Filter": 9996,"Workers": []}]},{"Node Type": "Hash","Parent Relationship": "Inner","Parallel Aware": true,"Async Capable": false,"Startup Cost": 6180.33,"Total Cost": 6180.33,"Plan Rows": 12085,"Plan Width": 40,"Actual Startup Time": 22.267,"Actual Total Time": 22.271,"Actual Rows": 5935,"Actual Loops": 5,"Hash Buckets": 32768,"Original Hash Buckets": 32768,"Hash Batches": 1,"Original Hash Batches": 1,"Peak Memory Usage": 2528,"Workers": [],"Plans": [{"Node Type": "Seq Scan","Parent Relationship": "Outer","Parallel Aware": true,"Async Capable": false,"Relation Name": "part","Alias": "part","Startup Cost": 0.00,"Total Cost": 6180.33,"Plan Rows": 12085,"Plan Width": 40,"Actual Startup Time": 0.060,"Actual Total Time": 18.590,"Actual Rows": 5935,"Actual Loops": 5,"Filter": "((p_brand <> 'Brand#41'::bpchar) AND ((p_type)::text !~~ 'LARGE POLISHED%'::text) AND (p_size = ANY ('{38,4,21,37,20,44,39,27}'::integer[])))","Rows Removed by Filter": 34065,"Workers": []}]}]}]}]}]}]},"Planning Time": 3.767,"Triggers": [],"Execution Time": 244.373}]
[{"Plan": {"Node Type": "Sort","Parallel Aware": false,"Async Capable": false,"Startup Cost": 33165.71,"Total Cost": 33205.56,"Plan Rows": 15937,"Plan Width": 44,"Actual Startup Time": 232.216,"Actual Total Time": 233.869,"Actual Rows": 18288,"Actual Loops": 1,"Sort Key": ["(count(DISTINCT partsupp.ps_suppkey)) DESC", "part.p_brand", "part.p_type", "part.p_size"],"Sort Method": "quicksort","Sort Space Used": 2339,"Sort Space Type": "Memory","Plans": [{"Node Type": "Aggregate","Strategy": "Sorted","Partial Mode": "Simple","Parent Relationship": "Outer","Parallel Aware": false,"Async Capable": false,"Startup Cost": 24247.89,"Total Cost": 32053.30,"Plan Rows": 15937,"Plan Width": 44,"Actual Startup Time": 130.172,"Actual Total Time": 195.444,"Actual Rows": 18288,"Actual Loops": 1,"Group Key": ["part.p_brand", "part.p_type", "part.p_size"],"Plans": [{"Node Type": "Gather Merge","Parent Relationship": "Outer","Parallel Aware": false,"Async Capable": false,"Startup Cost": 24247.89,"Total Cost": 31304.57,"Plan Rows": 58936,"Plan Width": 40,"Actual Startup Time": 130.090,"Actual Total Time": 167.760,"Actual Rows": 118981,"Actual Loops": 1,"Workers Planned": 4,"Workers Launched": 4,"Plans": [{"Node Type": "Sort","Parent Relationship": "Outer","Parallel Aware": false,"Async Capable": false,"Startup Cost": 23247.83,"Total Cost": 23284.67,"Plan Rows": 14734,"Plan Width": 40,"Actual Startup Time": 120.721,"Actual Total Time": 123.121,"Actual Rows": 23796,"Actual Loops": 5,"Sort Key": ["part.p_brand", "part.p_type", "part.p_size"],"Sort Method": "quicksort","Sort Space Used": 2698,"Sort Space Type": "Memory","Workers": [{"Worker Number": 0,"Sort Method": "quicksort","Sort Space Used": 2657,"Sort Space Type": "Memory"},{"Worker Number": 1,"Sort Method": "quicksort","Sort Space Used": 2826,"Sort Space Type": "Memory"},{"Worker Number": 2,"Sort Method": "quicksort","Sort Space Used": 2685,"Sort Space Type": "Memory"},{"Worker Number": 3,"Sort Method": "quicksort","Sort Space Used": 2758,"Sort Space Type": "Memory"}],"Plans": [{"Node Type": "Hash Join","Parent Relationship": "Outer","Parallel Aware": true,"Async Capable": false,"Join Type": "Inner","Startup Cost": 6681.24,"Total Cost": 22227.74,"Plan Rows": 14734,"Plan Width": 40,"Actual Startup Time": 30.975,"Actual Total Time": 79.249,"Actual Rows": 23796,"Actual Loops": 5,"Inner Unique": true,"Hash Cond": "(partsupp.ps_partkey = part.p_partkey)","Workers": [],"Plans": [{"Node Type": "Index Only Scan","Parent Relationship": "Outer","Parallel Aware": true,"Async Capable": false,"Scan Direction": "Forward","Index Name": "partsupp_pkey","Relation Name": "partsupp","Alias": "partsupp","Startup Cost": 347.43,"Total Cost": 15631.43,"Plan Rows": 100000,"Plan Width": 8,"Actual Startup Time": 7.680,"Actual Total Time": 32.419,"Actual Rows": 159936,"Actual Loops": 5,"Filter": "(NOT (hashed SubPlan 1))","Rows Removed by Filter": 64,"Heap Fetches": 0,"Workers": [],"Plans": [{"Node Type": "Seq Scan","Parent Relationship": "SubPlan","Subplan Name": "SubPlan 1","Parallel Aware": false,"Async Capable": false,"Relation Name": "supplier","Alias": "supplier","Startup Cost": 0.00,"Total Cost": 347.00,"Plan Rows": 1,"Plan Width": 4,"Actual Startup Time": 0.238,"Actual Total Time": 7.543,"Actual Rows": 4,"Actual Loops": 5,"Filter": "((s_comment)::text ~~ '%Customer%Complaints%'::text)","Rows Removed by Filter": 9996,"Workers": []}]},{"Node Type": "Hash","Parent Relationship": "Inner","Parallel Aware": true,"Async Capable": false,"Startup Cost": 6180.33,"Total Cost": 6180.33,"Plan Rows": 12278,"Plan Width": 40,"Actual Startup Time": 23.047,"Actual Total Time": 23.050,"Actual Rows": 5952,"Actual Loops": 5,"Hash Buckets": 32768,"Original Hash Buckets": 32768,"Hash Batches": 1,"Original Hash Batches": 1,"Peak Memory Usage": 2528,"Workers": [],"Plans": [{"Node Type": "Seq Scan","Parent Relationship": "Outer","Parallel Aware": true,"Async Capable": false,"Relation Name": "part","Alias": "part","Startup Cost": 0.00,"Total Cost": 6180.33,"Plan Rows": 12278,"Plan Width": 40,"Actual Startup Time": 0.054,"Actual Total Time": 19.344,"Actual Rows": 5952,"Actual Loops": 5,"Filter": "((p_brand <> 'Brand#13'::bpchar) AND ((p_type)::text !~~ 'SMALL BURNISHED%'::text) AND (p_size = ANY ('{43,6,11,44,29,5,42,26}'::integer[])))","Rows Removed by Filter": 34048,"Workers": []}]}]}]}]}]}]},"Planning Time": 4.363,"Triggers": [],"Execution Time": 234.818}]
[{"Plan": {"Node Type": "Sort","Parallel Aware": false,"Async Capable": false,"Startup Cost": 33207.19,"Total Cost": 33247.11,"Plan Rows": 15968,"Plan Width": 44,"Actual Startup Time": 239.689,"Actual Total Time": 241.571,"Actual Rows": 18242,"Actual Loops": 1,"Sort Key": ["(count(DISTINCT partsupp.ps_suppkey)) DESC", "part.p_brand", "part.p_type", "part.p_size"],"Sort Method": "quicksort","Sort Space Used": 2335,"Sort Space Type": "Memory","Plans": [{"Node Type": "Aggregate","Strategy": "Sorted","Partial Mode": "Simple","Parent Relationship": "Outer","Parallel Aware": false,"Async Capable": false,"Startup Cost": 24253.46,"Total Cost": 32092.39,"Plan Rows": 15968,"Plan Width": 44,"Actual Startup Time": 134.259,"Actual Total Time": 200.026,"Actual Rows": 18242,"Actual Loops": 1,"Group Key": ["part.p_brand", "part.p_type", "part.p_size"],"Plans": [{"Node Type": "Gather Merge","Parent Relationship": "Outer","Parallel Aware": false,"Async Capable": false,"Startup Cost": 24253.46,"Total Cost": 31340.79,"Plan Rows": 59192,"Plan Width": 40,"Actual Startup Time": 134.158,"Actual Total Time": 172.370,"Actual Rows": 119623,"Actual Loops": 1,"Workers Planned": 4,"Workers Launched": 4,"Plans": [{"Node Type": "Sort","Parent Relationship": "Outer","Parallel Aware": false,"Async Capable": false,"Startup Cost": 23253.40,"Total Cost": 23290.40,"Plan Rows": 14798,"Plan Width": 40,"Actual Startup Time": 123.985,"Actual Total Time": 126.305,"Actual Rows": 23925,"Actual Loops": 5,"Sort Key": ["part.p_brand", "part.p_type", "part.p_size"],"Sort Method": "quicksort","Sort Space Used": 2844,"Sort Space Type": "Memory","Workers": [{"Worker Number": 0,"Sort Method": "quicksort","Sort Space Used": 2850,"Sort Space Type": "Memory"},{"Worker Number": 1,"Sort Method": "quicksort","Sort Space Used": 2553,"Sort Space Type": "Memory"},{"Worker Number": 2,"Sort Method": "quicksort","Sort Space Used": 2855,"Sort Space Type": "Memory"},{"Worker Number": 3,"Sort Method": "quicksort","Sort Space Used": 2576,"Sort Space Type": "Memory"}],"Plans": [{"Node Type": "Hash Join","Parent Relationship": "Outer","Parallel Aware": true,"Async Capable": false,"Join Type": "Inner","Startup Cost": 6681.91,"Total Cost": 22228.41,"Plan Rows": 14798,"Plan Width": 40,"Actual Startup Time": 31.639,"Actual Total Time": 82.191,"Actual Rows": 23925,"Actual Loops": 5,"Inner Unique": true,"Hash Cond": "(partsupp.ps_partkey = part.p_partkey)","Workers": [],"Plans": [{"Node Type": "Index Only Scan","Parent Relationship": "Outer","Parallel Aware": true,"Async Capable": false,"Scan Direction": "Forward","Index Name": "partsupp_pkey","Relation Name": "partsupp","Alias": "partsupp","Startup Cost": 347.43,"Total Cost": 15631.43,"Plan Rows": 100000,"Plan Width": 8,"Actual Startup Time": 7.844,"Actual Total Time": 32.823,"Actual Rows": 159936,"Actual Loops": 5,"Filter": "(NOT (hashed SubPlan 1))","Rows Removed by Filter": 64,"Heap Fetches": 0,"Workers": [],"Plans": [{"Node Type": "Seq Scan","Parent Relationship": "SubPlan","Subplan Name": "SubPlan 1","Parallel Aware": false,"Async Capable": false,"Relation Name": "supplier","Alias": "supplier","Startup Cost": 0.00,"Total Cost": 347.00,"Plan Rows": 1,"Plan Width": 4,"Actual Startup Time": 0.148,"Actual Total Time": 7.684,"Actual Rows": 4,"Actual Loops": 5,"Filter": "((s_comment)::text ~~ '%Customer%Complaints%'::text)","Rows Removed by Filter": 9996,"Workers": []}]},{"Node Type": "Hash","Parent Relationship": "Inner","Parallel Aware": true,"Async Capable": false,"Startup Cost": 6180.33,"Total Cost": 6180.33,"Plan Rows": 12332,"Plan Width": 40,"Actual Startup Time": 23.513,"Actual Total Time": 23.519,"Actual Rows": 5983,"Actual Loops": 5,"Hash Buckets": 32768,"Original Hash Buckets": 32768,"Hash Batches": 1,"Original Hash Batches": 1,"Peak Memory Usage": 2560,"Workers": [],"Plans": [{"Node Type": "Seq Scan","Parent Relationship": "Outer","Parallel Aware": true,"Async Capable": false,"Relation Name": "part","Alias": "part","Startup Cost": 0.00,"Total Cost": 6180.33,"Plan Rows": 12332,"Plan Width": 40,"Actual Startup Time": 0.046,"Actual Total Time": 19.545,"Actual Rows": 5983,"Actual Loops": 5,"Filter": "((p_brand <> 'Brand#54'::bpchar) AND ((p_type)::text !~~ 'LARGE BURNISHED%'::text) AND (p_size = ANY ('{41,12,22,33,4,25,38,7}'::integer[])))","Rows Removed by Filter": 34017,"Workers": []}]}]}]}]}]}]},"Planning Time": 4.207,"Triggers": [],"Execution Time": 242.557}]
[{"Plan": {"Node Type": "Sort","Parallel Aware": false,"Async Capable": false,"Startup Cost": 33279.79,"Total Cost": 33319.84,"Plan Rows": 16021,"Plan Width": 44,"Actual Startup Time": 251.457,"Actual Total Time": 253.362,"Actual Rows": 18311,"Actual Loops": 1,"Sort Key": ["(count(DISTINCT partsupp.ps_suppkey)) DESC", "part.p_brand", "part.p_type", "part.p_size"],"Sort Method": "quicksort","Sort Space Used": 2341,"Sort Space Type": "Memory","Plans": [{"Node Type": "Aggregate","Strategy": "Sorted","Partial Mode": "Simple","Parent Relationship": "Outer","Parallel Aware": false,"Async Capable": false,"Startup Cost": 24263.19,"Total Cost": 32160.91,"Plan Rows": 16021,"Plan Width": 44,"Actual Startup Time": 139.259,"Actual Total Time": 214.412,"Actual Rows": 18311,"Actual Loops": 1,"Group Key": ["part.p_brand", "part.p_type", "part.p_size"],"Plans": [{"Node Type": "Gather Merge","Parent Relationship": "Outer","Parallel Aware": false,"Async Capable": false,"Startup Cost": 24263.19,"Total Cost": 31404.29,"Plan Rows": 59641,"Plan Width": 40,"Actual Startup Time": 139.185,"Actual Total Time": 183.252,"Actual Rows": 118909,"Actual Loops": 1,"Workers Planned": 4,"Workers Launched": 4,"Plans": [{"Node Type": "Sort","Parent Relationship": "Outer","Parallel Aware": false,"Async Capable": false,"Startup Cost": 23263.13,"Total Cost": 23300.41,"Plan Rows": 14910,"Plan Width": 40,"Actual Startup Time": 127.456,"Actual Total Time": 131.139,"Actual Rows": 23782,"Actual Loops": 5,"Sort Key": ["part.p_brand", "part.p_type", "part.p_size"],"Sort Method": "quicksort","Sort Space Used": 2387,"Sort Space Type": "Memory","Workers": [{"Worker Number": 0,"Sort Method": "quicksort","Sort Space Used": 2645,"Sort Space Type": "Memory"},{"Worker Number": 1,"Sort Method": "quicksort","Sort Space Used": 2894,"Sort Space Type": "Memory"},{"Worker Number": 2,"Sort Method": "quicksort","Sort Space Used": 2836,"Sort Space Type": "Memory"},{"Worker Number": 3,"Sort Method": "quicksort","Sort Space Used": 2867,"Sort Space Type": "Memory"}],"Plans": [{"Node Type": "Hash Join","Parent Relationship": "Outer","Parallel Aware": true,"Async Capable": false,"Join Type": "Inner","Startup Cost": 6683.07,"Total Cost": 22229.57,"Plan Rows": 14910,"Plan Width": 40,"Actual Startup Time": 35.806,"Actual Total Time": 85.228,"Actual Rows": 23782,"Actual Loops": 5,"Inner Unique": true,"Hash Cond": "(partsupp.ps_partkey = part.p_partkey)","Workers": [],"Plans": [{"Node Type": "Index Only Scan","Parent Relationship": "Outer","Parallel Aware": true,"Async Capable": false,"Scan Direction": "Forward","Index Name": "partsupp_pkey","Relation Name": "partsupp","Alias": "partsupp","Startup Cost": 347.43,"Total Cost": 15631.43,"Plan Rows": 100000,"Plan Width": 8,"Actual Startup Time": 8.482,"Actual Total Time": 33.824,"Actual Rows": 159936,"Actual Loops": 5,"Filter": "(NOT (hashed SubPlan 1))","Rows Removed by Filter": 64,"Heap Fetches": 0,"Workers": [],"Plans": [{"Node Type": "Seq Scan","Parent Relationship": "SubPlan","Subplan Name": "SubPlan 1","Parallel Aware": false,"Async Capable": false,"Relation Name": "supplier","Alias": "supplier","Startup Cost": 0.00,"Total Cost": 347.00,"Plan Rows": 1,"Plan Width": 4,"Actual Startup Time": 0.159,"Actual Total Time": 8.325,"Actual Rows": 4,"Actual Loops": 5,"Filter": "((s_comment)::text ~~ '%Customer%Complaints%'::text)","Rows Removed by Filter": 9996,"Workers": []}]},{"Node Type": "Hash","Parent Relationship": "Inner","Parallel Aware": true,"Async Capable": false,"Startup Cost": 6180.33,"Total Cost": 6180.33,"Plan Rows": 12425,"Plan Width": 40,"Actual Startup Time": 27.029,"Actual Total Time": 27.033,"Actual Rows": 5948,"Actual Loops": 5,"Hash Buckets": 32768,"Original Hash Buckets": 32768,"Hash Batches": 1,"Original Hash Batches": 1,"Peak Memory Usage": 2528,"Workers": [],"Plans": [{"Node Type": "Seq Scan","Parent Relationship": "Outer","Parallel Aware": true,"Async Capable": false,"Relation Name": "part","Alias": "part","Startup Cost": 0.00,"Total Cost": 6180.33,"Plan Rows": 12425,"Plan Width": 40,"Actual Startup Time": 0.063,"Actual Total Time": 23.259,"Actual Rows": 5948,"Actual Loops": 5,"Filter": "((p_brand <> 'Brand#31'::bpchar) AND ((p_type)::text !~~ 'PROMO ANODIZED%'::text) AND (p_size = ANY ('{46,24,11,12,47,26,49,29}'::integer[])))","Rows Removed by Filter": 34052,"Workers": []}]}]}]}]}]}]},"Planning Time": 4.338,"Triggers": [],"Execution Time": 254.740}]
[{"Plan": {"Node Type": "Sort","Parallel Aware": false,"Async Capable": false,"Startup Cost": 33360.92,"Total Cost": 33401.12,"Plan Rows": 16079,"Plan Width": 44,"Actual Startup Time": 232.937,"Actual Total Time": 234.780,"Actual Rows": 18335,"Actual Loops": 1,"Sort Key": ["(count(DISTINCT partsupp.ps_suppkey)) DESC", "part.p_brand", "part.p_type", "part.p_size"],"Sort Method": "quicksort","Sort Space Used": 2343,"Sort Space Type": "Memory","Plans": [{"Node Type": "Aggregate","Strategy": "Sorted","Partial Mode": "Simple","Parent Relationship": "Outer","Parallel Aware": false,"Async Capable": false,"Startup Cost": 24274.15,"Total Cost": 32237.57,"Plan Rows": 16079,"Plan Width": 44,"Actual Startup Time": 130.927,"Actual Total Time": 196.478,"Actual Rows": 18335,"Actual Loops": 1,"Group Key": ["part.p_brand", "part.p_type", "part.p_size"],"Plans": [{"Node Type": "Gather Merge","Parent Relationship": "Outer","Parallel Aware": false,"Async Capable": false,"Startup Cost": 24274.15,"Total Cost": 31475.35,"Plan Rows": 60143,"Plan Width": 40,"Actual Startup Time": 130.844,"Actual Total Time": 169.149,"Actual Rows": 118930,"Actual Loops": 1,"Workers Planned": 4,"Workers Launched": 4,"Plans": [{"Node Type": "Sort","Parent Relationship": "Outer","Parallel Aware": false,"Async Capable": false,"Startup Cost": 23274.09,"Total Cost": 23311.68,"Plan Rows": 15036,"Plan Width": 40,"Actual Startup Time": 121.699,"Actual Total Time": 124.209,"Actual Rows": 23786,"Actual Loops": 5,"Sort Key": ["part.p_brand", "part.p_type", "part.p_size"],"Sort Method": "quicksort","Sort Space Used": 2676,"Sort Space Type": "Memory","Workers": [{"Worker Number": 0,"Sort Method": "quicksort","Sort Space Used": 2650,"Sort Space Type": "Memory"},{"Worker Number": 1,"Sort Method": "quicksort","Sort Space Used": 2767,"Sort Space Type": "Memory"},{"Worker Number": 2,"Sort Method": "quicksort","Sort Space Used": 2764,"Sort Space Type": "Memory"},{"Worker Number": 3,"Sort Method": "quicksort","Sort Space Used": 2776,"Sort Space Type": "Memory"}],"Plans": [{"Node Type": "Hash Join","Parent Relationship": "Outer","Parallel Aware": true,"Async Capable": false,"Join Type": "Inner","Startup Cost": 6684.39,"Total Cost": 22230.89,"Plan Rows": 15036,"Plan Width": 40,"Actual Startup Time": 30.080,"Actual Total Time": 80.196,"Actual Rows": 23786,"Actual Loops": 5,"Inner Unique": true,"Hash Cond": "(partsupp.ps_partkey = part.p_partkey)","Workers": [],"Plans": [{"Node Type": "Index Only Scan","Parent Relationship": "Outer","Parallel Aware": true,"Async Capable": false,"Scan Direction": "Forward","Index Name": "partsupp_pkey","Relation Name": "partsupp","Alias": "partsupp","Startup Cost": 347.43,"Total Cost": 15631.43,"Plan Rows": 100000,"Plan Width": 8,"Actual Startup Time": 7.448,"Actual Total Time": 32.339,"Actual Rows": 159936,"Actual Loops": 5,"Filter": "(NOT (hashed SubPlan 1))","Rows Removed by Filter": 64,"Heap Fetches": 0,"Workers": [],"Plans": [{"Node Type": "Seq Scan","Parent Relationship": "SubPlan","Subplan Name": "SubPlan 1","Parallel Aware": false,"Async Capable": false,"Relation Name": "supplier","Alias": "supplier","Startup Cost": 0.00,"Total Cost": 347.00,"Plan Rows": 1,"Plan Width": 4,"Actual Startup Time": 0.120,"Actual Total Time": 7.328,"Actual Rows": 4,"Actual Loops": 5,"Filter": "((s_comment)::text ~~ '%Customer%Complaints%'::text)","Rows Removed by Filter": 9996,"Workers": []}]},{"Node Type": "Hash","Parent Relationship": "Inner","Parallel Aware": true,"Async Capable": false,"Startup Cost": 6180.33,"Total Cost": 6180.33,"Plan Rows": 12530,"Plan Width": 40,"Actual Startup Time": 22.342,"Actual Total Time": 22.346,"Actual Rows": 5949,"Actual Loops": 5,"Hash Buckets": 32768,"Original Hash Buckets": 32768,"Hash Batches": 1,"Original Hash Batches": 1,"Peak Memory Usage": 2528,"Workers": [],"Plans": [{"Node Type": "Seq Scan","Parent Relationship": "Outer","Parallel Aware": true,"Async Capable": false,"Relation Name": "part","Alias": "part","Startup Cost": 0.00,"Total Cost": 6180.33,"Plan Rows": 12530,"Plan Width": 40,"Actual Startup Time": 0.056,"Actual Total Time": 18.874,"Actual Rows": 5949,"Actual Loops": 5,"Filter": "((p_brand <> 'Brand#32'::bpchar) AND ((p_type)::text !~~ 'PROMO ANODIZED%'::text) AND (p_size = ANY ('{8,9,41,10,47,17,2,50}'::integer[])))","Rows Removed by Filter": 34051,"Workers": []}]}]}]}]}]}]},"Planning Time": 4.229,"Triggers": [],"Execution Time": 235.991}]
[{"Plan": {"Node Type": "Sort","Parallel Aware": false,"Async Capable": false,"Startup Cost": 33137.33,"Total Cost": 33177.12,"Plan Rows": 15917,"Plan Width": 44,"Actual Startup Time": 270.215,"Actual Total Time": 272.284,"Actual Rows": 18245,"Actual Loops": 1,"Sort Key": ["(count(DISTINCT partsupp.ps_suppkey)) DESC", "part.p_brand", "part.p_type", "part.p_size"],"Sort Method": "quicksort","Sort Space Used": 2335,"Sort Space Type": "Memory","Plans": [{"Node Type": "Aggregate","Strategy": "Sorted","Partial Mode": "Simple","Parent Relationship": "Outer","Parallel Aware": false,"Async Capable": false,"Startup Cost": 24244.08,"Total Cost": 32026.46,"Plan Rows": 15917,"Plan Width": 44,"Actual Startup Time": 161.656,"Actual Total Time": 233.324,"Actual Rows": 18245,"Actual Loops": 1,"Group Key": ["part.p_brand", "part.p_type", "part.p_size"],"Plans": [{"Node Type": "Gather Merge","Parent Relationship": "Outer","Parallel Aware": false,"Async Capable": false,"Startup Cost": 24244.08,"Total Cost": 31279.69,"Plan Rows": 58760,"Plan Width": 40,"Actual Startup Time": 161.592,"Actual Total Time": 203.417,"Actual Rows": 119358,"Actual Loops": 1,"Workers Planned": 4,"Workers Launched": 4,"Plans": [{"Node Type": "Sort","Parent Relationship": "Outer","Parallel Aware": false,"Async Capable": false,"Startup Cost": 23244.02,"Total Cost": 23280.75,"Plan Rows": 14690,"Plan Width": 40,"Actual Startup Time": 130.554,"Actual Total Time": 133.501,"Actual Rows": 23872,"Actual Loops": 5,"Sort Key": ["part.p_brand", "part.p_type", "part.p_size"],"Sort Method": "quicksort","Sort Space Used": 2314,"Sort Space Type": "Memory","Workers": [{"Worker Number": 0,"Sort Method": "quicksort","Sort Space Used": 2840,"Sort Space Type": "Memory"},{"Worker Number": 1,"Sort Method": "quicksort","Sort Space Used": 2816,"Sort Space Type": "Memory"},{"Worker Number": 2,"Sort Method": "quicksort","Sort Space Used": 2854,"Sort Space Type": "Memory"},{"Worker Number": 3,"Sort Method": "quicksort","Sort Space Used": 2841,"Sort Space Type": "Memory"}],"Plans": [{"Node Type": "Hash Join","Parent Relationship": "Outer","Parallel Aware": true,"Async Capable": false,"Join Type": "Inner","Startup Cost": 6680.79,"Total Cost": 22227.29,"Plan Rows": 14690,"Plan Width": 40,"Actual Startup Time": 31.837,"Actual Total Time": 79.665,"Actual Rows": 23872,"Actual Loops": 5,"Inner Unique": true,"Hash Cond": "(partsupp.ps_partkey = part.p_partkey)","Workers": [],"Plans": [{"Node Type": "Index Only Scan","Parent Relationship": "Outer","Parallel Aware": true,"Async Capable": false,"Scan Direction": "Forward","Index Name": "partsupp_pkey","Relation Name": "partsupp","Alias": "partsupp","Startup Cost": 347.43,"Total Cost": 15631.43,"Plan Rows": 100000,"Plan Width": 8,"Actual Startup Time": 8.825,"Actual Total Time": 33.145,"Actual Rows": 159936,"Actual Loops": 5,"Filter": "(NOT (hashed SubPlan 1))","Rows Removed by Filter": 64,"Heap Fetches": 0,"Workers": [],"Plans": [{"Node Type": "Seq Scan","Parent Relationship": "SubPlan","Subplan Name": "SubPlan 1","Parallel Aware": false,"Async Capable": false,"Relation Name": "supplier","Alias": "supplier","Startup Cost": 0.00,"Total Cost": 347.00,"Plan Rows": 1,"Plan Width": 4,"Actual Startup Time": 0.308,"Actual Total Time": 8.700,"Actual Rows": 4,"Actual Loops": 5,"Filter": "((s_comment)::text ~~ '%Customer%Complaints%'::text)","Rows Removed by Filter": 9996,"Workers": []}]},{"Node Type": "Hash","Parent Relationship": "Inner","Parallel Aware": true,"Async Capable": false,"Startup Cost": 6180.33,"Total Cost": 6180.33,"Plan Rows": 12242,"Plan Width": 40,"Actual Startup Time": 22.749,"Actual Total Time": 22.752,"Actual Rows": 5970,"Actual Loops": 5,"Hash Buckets": 32768,"Original Hash Buckets": 32768,"Hash Batches": 1,"Original Hash Batches": 1,"Peak Memory Usage": 2592,"Workers": [],"Plans": [{"Node Type": "Seq Scan","Parent Relationship": "Outer","Parallel Aware": true,"Async Capable": false,"Relation Name": "part","Alias": "part","Startup Cost": 0.00,"Total Cost": 6180.33,"Plan Rows": 12242,"Plan Width": 40,"Actual Startup Time": 0.057,"Actual Total Time": 19.420,"Actual Rows": 5970,"Actual Loops": 5,"Filter": "((p_brand <> 'Brand#11'::bpchar) AND ((p_type)::text !~~ 'SMALL POLISHED%'::text) AND (p_size = ANY ('{21,10,25,13,35,18,8,24}'::integer[])))","Rows Removed by Filter": 34030,"Workers": []}]}]}]}]}]}]},"Planning Time": 4.141,"Triggers": [],"Execution Time": 273.688}]
[{"Plan": {"Node Type": "Sort","Parallel Aware": false,"Async Capable": false,"Startup Cost": 33360.32,"Total Cost": 33400.51,"Plan Rows": 16079,"Plan Width": 44,"Actual Startup Time": 239.941,"Actual Total Time": 241.862,"Actual Rows": 18221,"Actual Loops": 1,"Sort Key": ["(count(DISTINCT partsupp.ps_suppkey)) DESC", "part.p_brand", "part.p_type", "part.p_size"],"Sort Method": "quicksort","Sort Space Used": 2333,"Sort Space Type": "Memory","Plans": [{"Node Type": "Aggregate","Strategy": "Sorted","Partial Mode": "Simple","Parent Relationship": "Outer","Parallel Aware": false,"Async Capable": false,"Startup Cost": 24274.06,"Total Cost": 32236.96,"Plan Rows": 16079,"Plan Width": 44,"Actual Startup Time": 133.860,"Actual Total Time": 201.647,"Actual Rows": 18221,"Actual Loops": 1,"Group Key": ["part.p_brand", "part.p_type", "part.p_size"],"Plans": [{"Node Type": "Gather Merge","Parent Relationship": "Outer","Parallel Aware": false,"Async Capable": false,"Startup Cost": 24274.06,"Total Cost": 31474.78,"Plan Rows": 60139,"Plan Width": 40,"Actual Startup Time": 133.786,"Actual Total Time": 173.326,"Actual Rows": 119184,"Actual Loops": 1,"Workers Planned": 4,"Workers Launched": 4,"Plans": [{"Node Type": "Sort","Parent Relationship": "Outer","Parallel Aware": false,"Async Capable": false,"Startup Cost": 23274.00,"Total Cost": 23311.59,"Plan Rows": 15035,"Plan Width": 40,"Actual Startup Time": 123.178,"Actual Total Time": 125.761,"Actual Rows": 23837,"Actual Loops": 5,"Sort Key": ["part.p_brand", "part.p_type", "part.p_size"],"Sort Method": "quicksort","Sort Space Used": 2419,"Sort Space Type": "Memory","Workers": [{"Worker Number": 0,"Sort Method": "quicksort","Sort Space Used": 2885,"Sort Space Type": "Memory"},{"Worker Number": 1,"Sort Method": "quicksort","Sort Space Used": 2865,"Sort Space Type": "Memory"},{"Worker Number": 2,"Sort Method": "quicksort","Sort Space Used": 2904,"Sort Space Type": "Memory"},{"Worker Number": 3,"Sort Method": "quicksort","Sort Space Used": 2578,"Sort Space Type": "Memory"}],"Plans": [{"Node Type": "Hash Join","Parent Relationship": "Outer","Parallel Aware": true,"Async Capable": false,"Join Type": "Inner","Startup Cost": 6684.37,"Total Cost": 22230.87,"Plan Rows": 15035,"Plan Width": 40,"Actual Startup Time": 30.482,"Actual Total Time": 80.358,"Actual Rows": 23837,"Actual Loops": 5,"Inner Unique": true,"Hash Cond": "(partsupp.ps_partkey = part.p_partkey)","Workers": [],"Plans": [{"Node Type": "Index Only Scan","Parent Relationship": "Outer","Parallel Aware": true,"Async Capable": false,"Scan Direction": "Forward","Index Name": "partsupp_pkey","Relation Name": "partsupp","Alias": "partsupp","Startup Cost": 347.43,"Total Cost": 15631.43,"Plan Rows": 100000,"Plan Width": 8,"Actual Startup Time": 8.561,"Actual Total Time": 34.164,"Actual Rows": 159936,"Actual Loops": 5,"Filter": "(NOT (hashed SubPlan 1))","Rows Removed by Filter": 64,"Heap Fetches": 0,"Workers": [],"Plans": [{"Node Type": "Seq Scan","Parent Relationship": "SubPlan","Subplan Name": "SubPlan 1","Parallel Aware": false,"Async Capable": false,"Relation Name": "supplier","Alias": "supplier","Startup Cost": 0.00,"Total Cost": 347.00,"Plan Rows": 1,"Plan Width": 4,"Actual Startup Time": 0.278,"Actual Total Time": 8.417,"Actual Rows": 4,"Actual Loops": 5,"Filter": "((s_comment)::text ~~ '%Customer%Complaints%'::text)","Rows Removed by Filter": 9996,"Workers": []}]},{"Node Type": "Hash","Parent Relationship": "Inner","Parallel Aware": true,"Async Capable": false,"Startup Cost": 6180.33,"Total Cost": 6180.33,"Plan Rows": 12529,"Plan Width": 40,"Actual Startup Time": 21.650,"Actual Total Time": 21.655,"Actual Rows": 5962,"Actual Loops": 5,"Hash Buckets": 32768,"Original Hash Buckets": 32768,"Hash Batches": 1,"Original Hash Batches": 1,"Peak Memory Usage": 2560,"Workers": [],"Plans": [{"Node Type": "Seq Scan","Parent Relationship": "Outer","Parallel Aware": true,"Async Capable": false,"Relation Name": "part","Alias": "part","Startup Cost": 0.00,"Total Cost": 6180.33,"Plan Rows": 12529,"Plan Width": 40,"Actual Startup Time": 0.059,"Actual Total Time": 18.315,"Actual Rows": 5962,"Actual Loops": 5,"Filter": "((p_brand <> 'Brand#22'::bpchar) AND ((p_type)::text !~~ 'ECONOMY PLATED%'::text) AND (p_size = ANY ('{29,21,18,14,50,28,37,39}'::integer[])))","Rows Removed by Filter": 34038,"Workers": []}]}]}]}]}]}]},"Planning Time": 3.996,"Triggers": [],"Execution Time": 243.439}]
[{"Plan": {"Node Type": "Sort","Parallel Aware": false,"Async Capable": false,"Startup Cost": 33057.59,"Total Cost": 33097.24,"Plan Rows": 15857,"Plan Width": 44,"Actual Startup Time": 250.396,"Actual Total Time": 252.317,"Actual Rows": 18119,"Actual Loops": 1,"Sort Key": ["(count(DISTINCT partsupp.ps_suppkey)) DESC", "part.p_brand", "part.p_type", "part.p_size"],"Sort Method": "quicksort","Sort Space Used": 2325,"Sort Space Type": "Memory","Plans": [{"Node Type": "Aggregate","Strategy": "Sorted","Partial Mode": "Simple","Parent Relationship": "Outer","Parallel Aware": false,"Async Capable": false,"Startup Cost": 24233.39,"Total Cost": 31951.34,"Plan Rows": 15857,"Plan Width": 44,"Actual Startup Time": 143.510,"Actual Total Time": 213.428,"Actual Rows": 18119,"Actual Loops": 1,"Group Key": ["part.p_brand", "part.p_type", "part.p_size"],"Plans": [{"Node Type": "Gather Merge","Parent Relationship": "Outer","Parallel Aware": false,"Async Capable": false,"Startup Cost": 24233.39,"Total Cost": 31210.09,"Plan Rows": 58268,"Plan Width": 40,"Actual Startup Time": 143.446,"Actual Total Time": 184.146,"Actual Rows": 116984,"Actual Loops": 1,"Workers Planned": 4,"Workers Launched": 4,"Plans": [{"Node Type": "Sort","Parent Relationship": "Outer","Parallel Aware": false,"Async Capable": false,"Startup Cost": 23233.34,"Total Cost": 23269.75,"Plan Rows": 14567,"Plan Width": 40,"Actual Startup Time": 122.657,"Actual Total Time": 125.218,"Actual Rows": 23397,"Actual Loops": 5,"Sort Key": ["part.p_brand", "part.p_type", "part.p_size"],"Sort Method": "quicksort","Sort Space Used": 2326,"Sort Space Type": "Memory","Workers": [{"Worker Number": 0,"Sort Method": "quicksort","Sort Space Used": 2794,"Sort Space Type": "Memory"},{"Worker Number": 1,"Sort Method": "quicksort","Sort Space Used": 2793,"Sort Space Type": "Memory"},{"Worker Number": 2,"Sort Method": "quicksort","Sort Space Used": 2782,"Sort Space Type": "Memory"},{"Worker Number": 3,"Sort Method": "quicksort","Sort Space Used": 2775,"Sort Space Type": "Memory"}],"Plans": [{"Node Type": "Hash Join","Parent Relationship": "Outer","Parallel Aware": true,"Async Capable": false,"Join Type": "Inner","Startup Cost": 6679.50,"Total Cost": 22226.00,"Plan Rows": 14567,"Plan Width": 40,"Actual Startup Time": 31.607,"Actual Total Time": 79.380,"Actual Rows": 23397,"Actual Loops": 5,"Inner Unique": true,"Hash Cond": "(partsupp.ps_partkey = part.p_partkey)","Workers": [],"Plans": [{"Node Type": "Index Only Scan","Parent Relationship": "Outer","Parallel Aware": true,"Async Capable": false,"Scan Direction": "Forward","Index Name": "partsupp_pkey","Relation Name": "partsupp","Alias": "partsupp","Startup Cost": 347.43,"Total Cost": 15631.43,"Plan Rows": 100000,"Plan Width": 8,"Actual Startup Time": 8.358,"Actual Total Time": 33.001,"Actual Rows": 159936,"Actual Loops": 5,"Filter": "(NOT (hashed SubPlan 1))","Rows Removed by Filter": 64,"Heap Fetches": 0,"Workers": [],"Plans": [{"Node Type": "Seq Scan","Parent Relationship": "SubPlan","Subplan Name": "SubPlan 1","Parallel Aware": false,"Async Capable": false,"Relation Name": "supplier","Alias": "supplier","Startup Cost": 0.00,"Total Cost": 347.00,"Plan Rows": 1,"Plan Width": 4,"Actual Startup Time": 0.202,"Actual Total Time": 8.238,"Actual Rows": 4,"Actual Loops": 5,"Filter": "((s_comment)::text ~~ '%Customer%Complaints%'::text)","Rows Removed by Filter": 9996,"Workers": []}]},{"Node Type": "Hash","Parent Relationship": "Inner","Parallel Aware": true,"Async Capable": false,"Startup Cost": 6180.33,"Total Cost": 6180.33,"Plan Rows": 12139,"Plan Width": 40,"Actual Startup Time": 22.961,"Actual Total Time": 22.966,"Actual Rows": 5851,"Actual Loops": 5,"Hash Buckets": 32768,"Original Hash Buckets": 32768,"Hash Batches": 1,"Original Hash Batches": 1,"Peak Memory Usage": 2496,"Workers": [],"Plans": [{"Node Type": "Seq Scan","Parent Relationship": "Outer","Parallel Aware": true,"Async Capable": false,"Relation Name": "part","Alias": "part","Startup Cost": 0.00,"Total Cost": 6180.33,"Plan Rows": 12139,"Plan Width": 40,"Actual Startup Time": 0.066,"Actual Total Time": 19.481,"Actual Rows": 5851,"Actual Loops": 5,"Filter": "((p_brand <> 'Brand#25'::bpchar) AND ((p_type)::text !~~ 'LARGE POLISHED%'::text) AND (p_size = ANY ('{13,17,36,9,50,19,43,29}'::integer[])))","Rows Removed by Filter": 34149,"Workers": []}]}]}]}]}]}]},"Planning Time": 5.231,"Triggers": [],"Execution Time": 253.772}]
[{"Plan": {"Node Type": "Sort","Parallel Aware": false,"Async Capable": false,"Startup Cost": 33103.91,"Total Cost": 33143.64,"Plan Rows": 15892,"Plan Width": 44,"Actual Startup Time": 251.253,"Actual Total Time": 253.169,"Actual Rows": 18220,"Actual Loops": 1,"Sort Key": ["(count(DISTINCT partsupp.ps_suppkey)) DESC", "part.p_brand", "part.p_type", "part.p_size"],"Sort Method": "quicksort","Sort Space Used": 2334,"Sort Space Type": "Memory","Plans": [{"Node Type": "Aggregate","Strategy": "Sorted","Partial Mode": "Simple","Parent Relationship": "Outer","Parallel Aware": false,"Async Capable": false,"Startup Cost": 24239.57,"Total Cost": 31994.97,"Plan Rows": 15892,"Plan Width": 44,"Actual Startup Time": 143.766,"Actual Total Time": 213.551,"Actual Rows": 18220,"Actual Loops": 1,"Group Key": ["part.p_brand", "part.p_type", "part.p_size"],"Plans": [{"Node Type": "Gather Merge","Parent Relationship": "Outer","Parallel Aware": false,"Async Capable": false,"Startup Cost": 24239.57,"Total Cost": 31250.51,"Plan Rows": 58554,"Plan Width": 40,"Actual Startup Time": 143.715,"Actual Total Time": 184.237,"Actual Rows": 118368,"Actual Loops": 1,"Workers Planned": 4,"Workers Launched": 4,"Plans": [{"Node Type": "Sort","Parent Relationship": "Outer","Parallel Aware": false,"Async Capable": false,"Startup Cost": 23239.51,"Total Cost": 23276.10,"Plan Rows": 14638,"Plan Width": 40,"Actual Startup Time": 123.920,"Actual Total Time": 126.850,"Actual Rows": 23674,"Actual Loops": 5,"Sort Key": ["part.p_brand", "part.p_type", "part.p_size"],"Sort Method": "quicksort","Sort Space Used": 2397,"Sort Space Type": "Memory","Workers": [{"Worker Number": 0,"Sort Method": "quicksort","Sort Space Used": 2803,"Sort Space Type": "Memory"},{"Worker Number": 1,"Sort Method": "quicksort","Sort Space Used": 2774,"Sort Space Type": "Memory"},{"Worker Number": 2,"Sort Method": "quicksort","Sort Space Used": 2788,"Sort Space Type": "Memory"},{"Worker Number": 3,"Sort Method": "quicksort","Sort Space Used": 2806,"Sort Space Type": "Memory"}],"Plans": [{"Node Type": "Hash Join","Parent Relationship": "Outer","Parallel Aware": true,"Async Capable": false,"Join Type": "Inner","Startup Cost": 6680.25,"Total Cost": 22226.75,"Plan Rows": 14638,"Plan Width": 40,"Actual Startup Time": 30.047,"Actual Total Time": 79.598,"Actual Rows": 23674,"Actual Loops": 5,"Inner Unique": true,"Hash Cond": "(partsupp.ps_partkey = part.p_partkey)","Workers": [],"Plans": [{"Node Type": "Index Only Scan","Parent Relationship": "Outer","Parallel Aware": true,"Async Capable": false,"Scan Direction": "Forward","Index Name": "partsupp_pkey","Relation Name": "partsupp","Alias": "partsupp","Startup Cost": 347.43,"Total Cost": 15631.43,"Plan Rows": 100000,"Plan Width": 8,"Actual Startup Time": 7.546,"Actual Total Time": 33.318,"Actual Rows": 159936,"Actual Loops": 5,"Filter": "(NOT (hashed SubPlan 1))","Rows Removed by Filter": 64,"Heap Fetches": 0,"Workers": [],"Plans": [{"Node Type": "Seq Scan","Parent Relationship": "SubPlan","Subplan Name": "SubPlan 1","Parallel Aware": false,"Async Capable": false,"Relation Name": "supplier","Alias": "supplier","Startup Cost": 0.00,"Total Cost": 347.00,"Plan Rows": 1,"Plan Width": 4,"Actual Startup Time": 0.179,"Actual Total Time": 7.375,"Actual Rows": 4,"Actual Loops": 5,"Filter": "((s_comment)::text ~~ '%Customer%Complaints%'::text)","Rows Removed by Filter": 9996,"Workers": []}]},{"Node Type": "Hash","Parent Relationship": "Inner","Parallel Aware": true,"Async Capable": false,"Startup Cost": 6180.33,"Total Cost": 6180.33,"Plan Rows": 12199,"Plan Width": 40,"Actual Startup Time": 22.209,"Actual Total Time": 22.215,"Actual Rows": 5921,"Actual Loops": 5,"Hash Buckets": 32768,"Original Hash Buckets": 32768,"Hash Batches": 1,"Original Hash Batches": 1,"Peak Memory Usage": 2560,"Workers": [],"Plans": [{"Node Type": "Seq Scan","Parent Relationship": "Outer","Parallel Aware": true,"Async Capable": false,"Relation Name": "part","Alias": "part","Startup Cost": 0.00,"Total Cost": 6180.33,"Plan Rows": 12199,"Plan Width": 40,"Actual Startup Time": 0.062,"Actual Total Time": 18.453,"Actual Rows": 5921,"Actual Loops": 5,"Filter": "((p_brand <> 'Brand#21'::bpchar) AND ((p_type)::text !~~ 'ECONOMY BURNISHED%'::text) AND (p_size = ANY ('{42,36,3,2,12,23,43,45}'::integer[])))","Rows Removed by Filter": 34079,"Workers": []}]}]}]}]}]}]},"Planning Time": 4.197,"Triggers": [],"Execution Time": 254.125}]
[{"Plan": {"Node Type": "Sort","Parallel Aware": false,"Async Capable": false,"Startup Cost": 33434.53,"Total Cost": 33474.86,"Plan Rows": 16131,"Plan Width": 44,"Actual Startup Time": 241.385,"Actual Total Time": 243.429,"Actual Rows": 18405,"Actual Loops": 1,"Sort Key": ["(count(DISTINCT partsupp.ps_suppkey)) DESC", "part.p_brand", "part.p_type", "part.p_size"],"Sort Method": "quicksort","Sort Space Used": 2349,"Sort Space Type": "Memory","Plans": [{"Node Type": "Aggregate","Strategy": "Sorted","Partial Mode": "Simple","Parent Relationship": "Outer","Parallel Aware": false,"Async Capable": false,"Startup Cost": 24284.07,"Total Cost": 32307.17,"Plan Rows": 16131,"Plan Width": 44,"Actual Startup Time": 133.494,"Actual Total Time": 202.309,"Actual Rows": 18405,"Actual Loops": 1,"Group Key": ["part.p_brand", "part.p_type", "part.p_size"],"Plans": [{"Node Type": "Gather Merge","Parent Relationship": "Outer","Parallel Aware": false,"Async Capable": false,"Startup Cost": 24284.07,"Total Cost": 31539.87,"Plan Rows": 60599,"Plan Width": 40,"Actual Startup Time": 133.423,"Actual Total Time": 173.729,"Actual Rows": 119613,"Actual Loops": 1,"Workers Planned": 4,"Workers Launched": 4,"Plans": [{"Node Type": "Sort","Parent Relationship": "Outer","Parallel Aware": false,"Async Capable": false,"Startup Cost": 23284.02,"Total Cost": 23321.89,"Plan Rows": 15150,"Plan Width": 40,"Actual Startup Time": 121.499,"Actual Total Time": 124.260,"Actual Rows": 23923,"Actual Loops": 5,"Sort Key": ["part.p_brand", "part.p_type", "part.p_size"],"Sort Method": "quicksort","Sort Space Used": 2440,"Sort Space Type": "Memory","Workers": [{"Worker Number": 0,"Sort Method": "quicksort","Sort Space Used": 2936,"Sort Space Type": "Memory"},{"Worker Number": 1,"Sort Method": "quicksort","Sort Space Used": 2931,"Sort Space Type": "Memory"},{"Worker Number": 2,"Sort Method": "quicksort","Sort Space Used": 2436,"Sort Space Type": "Memory"},{"Worker Number": 3,"Sort Method": "quicksort","Sort Space Used": 2947,"Sort Space Type": "Memory"}],"Plans": [{"Node Type": "Hash Join","Parent Relationship": "Outer","Parallel Aware": true,"Async Capable": false,"Join Type": "Inner","Startup Cost": 6685.57,"Total Cost": 22232.07,"Plan Rows": 15150,"Plan Width": 40,"Actual Startup Time": 29.381,"Actual Total Time": 79.410,"Actual Rows": 23923,"Actual Loops": 5,"Inner Unique": true,"Hash Cond": "(partsupp.ps_partkey = part.p_partkey)","Workers": [],"Plans": [{"Node Type": "Index Only Scan","Parent Relationship": "Outer","Parallel Aware": true,"Async Capable": false,"Scan Direction": "Forward","Index Name": "partsupp_pkey","Relation Name": "partsupp","Alias": "partsupp","Startup Cost": 347.43,"Total Cost": 15631.43,"Plan Rows": 100000,"Plan Width": 8,"Actual Startup Time": 7.399,"Actual Total Time": 32.092,"Actual Rows": 159936,"Actual Loops": 5,"Filter": "(NOT (hashed SubPlan 1))","Rows Removed by Filter": 64,"Heap Fetches": 0,"Workers": [],"Plans": [{"Node Type": "Seq Scan","Parent Relationship": "SubPlan","Subplan Name": "SubPlan 1","Parallel Aware": false,"Async Capable": false,"Relation Name": "supplier","Alias": "supplier","Startup Cost": 0.00,"Total Cost": 347.00,"Plan Rows": 1,"Plan Width": 4,"Actual Startup Time": 0.127,"Actual Total Time": 7.248,"Actual Rows": 4,"Actual Loops": 5,"Filter": "((s_comment)::text ~~ '%Customer%Complaints%'::text)","Rows Removed by Filter": 9996,"Workers": []}]},{"Node Type": "Hash","Parent Relationship": "Inner","Parallel Aware": true,"Async Capable": false,"Startup Cost": 6180.33,"Total Cost": 6180.33,"Plan Rows": 12625,"Plan Width": 40,"Actual Startup Time": 21.668,"Actual Total Time": 21.671,"Actual Rows": 5983,"Actual Loops": 5,"Hash Buckets": 32768,"Original Hash Buckets": 32768,"Hash Batches": 1,"Original Hash Batches": 1,"Peak Memory Usage": 2560,"Workers": [],"Plans": [{"Node Type": "Seq Scan","Parent Relationship": "Outer","Parallel Aware": true,"Async Capable": false,"Relation Name": "part","Alias": "part","Startup Cost": 0.00,"Total Cost": 6180.33,"Plan Rows": 12625,"Plan Width": 40,"Actual Startup Time": 0.062,"Actual Total Time": 18.318,"Actual Rows": 5983,"Actual Loops": 5,"Filter": "((p_brand <> 'Brand#21'::bpchar) AND ((p_type)::text !~~ 'MEDIUM BRUSHED%'::text) AND (p_size = ANY ('{21,32,14,1,24,26,44,11}'::integer[])))","Rows Removed by Filter": 34017,"Workers": []}]}]}]}]}]}]},"Planning Time": 3.879,"Triggers": [],"Execution Time": 244.590}]
[{"Plan": {"Node Type": "Sort","Parallel Aware": false,"Async Capable": false,"Startup Cost": 33381.06,"Total Cost": 33421.29,"Plan Rows": 16093,"Plan Width": 44,"Actual Startup Time": 237.557,"Actual Total Time": 239.586,"Actual Rows": 18425,"Actual Loops": 1,"Sort Key": ["(count(DISTINCT partsupp.ps_suppkey)) DESC", "part.p_brand", "part.p_type", "part.p_size"],"Sort Method": "quicksort","Sort Space Used": 2351,"Sort Space Type": "Memory","Plans": [{"Node Type": "Aggregate","Strategy": "Sorted","Partial Mode": "Simple","Parent Relationship": "Outer","Parallel Aware": false,"Async Capable": false,"Startup Cost": 24276.85,"Total Cost": 32256.63,"Plan Rows": 16093,"Plan Width": 44,"Actual Startup Time": 132.687,"Actual Total Time": 199.107,"Actual Rows": 18425,"Actual Loops": 1,"Group Key": ["part.p_brand", "part.p_type", "part.p_size"],"Plans": [{"Node Type": "Gather Merge","Parent Relationship": "Outer","Parallel Aware": false,"Async Capable": false,"Startup Cost": 24276.85,"Total Cost": 31493.02,"Plan Rows": 60268,"Plan Width": 40,"Actual Startup Time": 132.614,"Actual Total Time": 171.260,"Actual Rows": 119971,"Actual Loops": 1,"Workers Planned": 4,"Workers Launched": 4,"Plans": [{"Node Type": "Sort","Parent Relationship": "Outer","Parallel Aware": false,"Async Capable": false,"Startup Cost": 23276.79,"Total Cost": 23314.46,"Plan Rows": 15067,"Plan Width": 40,"Actual Startup Time": 122.183,"Actual Total Time": 124.666,"Actual Rows": 23994,"Actual Loops": 5,"Sort Key": ["part.p_brand", "part.p_type", "part.p_size"],"Sort Method": "quicksort","Sort Space Used": 2658,"Sort Space Type": "Memory","Workers": [{"Worker Number": 0,"Sort Method": "quicksort","Sort Space Used": 2679,"Sort Space Type": "Memory"},{"Worker Number": 1,"Sort Method": "quicksort","Sort Space Used": 2863,"Sort Space Type": "Memory"},{"Worker Number": 2,"Sort Method": "quicksort","Sort Space Used": 2646,"Sort Space Type": "Memory"},{"Worker Number": 3,"Sort Method": "quicksort","Sort Space Used": 2863,"Sort Space Type": "Memory"}],"Plans": [{"Node Type": "Hash Join","Parent Relationship": "Outer","Parallel Aware": true,"Async Capable": false,"Join Type": "Inner","Startup Cost": 6684.71,"Total Cost": 22231.21,"Plan Rows": 15067,"Plan Width": 40,"Actual Startup Time": 29.670,"Actual Total Time": 79.815,"Actual Rows": 23994,"Actual Loops": 5,"Inner Unique": true,"Hash Cond": "(partsupp.ps_partkey = part.p_partkey)","Workers": [],"Plans": [{"Node Type": "Index Only Scan","Parent Relationship": "Outer","Parallel Aware": true,"Async Capable": false,"Scan Direction": "Forward","Index Name": "partsupp_pkey","Relation Name": "partsupp","Alias": "partsupp","Startup Cost": 347.43,"Total Cost": 15631.43,"Plan Rows": 100000,"Plan Width": 8,"Actual Startup Time": 6.960,"Actual Total Time": 32.622,"Actual Rows": 159936,"Actual Loops": 5,"Filter": "(NOT (hashed SubPlan 1))","Rows Removed by Filter": 64,"Heap Fetches": 0,"Workers": [],"Plans": [{"Node Type": "Seq Scan","Parent Relationship": "SubPlan","Subplan Name": "SubPlan 1","Parallel Aware": false,"Async Capable": false,"Relation Name": "supplier","Alias": "supplier","Startup Cost": 0.00,"Total Cost": 347.00,"Plan Rows": 1,"Plan Width": 4,"Actual Startup Time": 0.150,"Actual Total Time": 6.829,"Actual Rows": 4,"Actual Loops": 5,"Filter": "((s_comment)::text ~~ '%Customer%Complaints%'::text)","Rows Removed by Filter": 9996,"Workers": []}]},{"Node Type": "Hash","Parent Relationship": "Inner","Parallel Aware": true,"Async Capable": false,"Startup Cost": 6180.33,"Total Cost": 6180.33,"Plan Rows": 12556,"Plan Width": 40,"Actual Startup Time": 22.401,"Actual Total Time": 22.405,"Actual Rows": 6001,"Actual Loops": 5,"Hash Buckets": 32768,"Original Hash Buckets": 32768,"Hash Batches": 1,"Original Hash Batches": 1,"Peak Memory Usage": 2560,"Workers": [],"Plans": [{"Node Type": "Seq Scan","Parent Relationship": "Outer","Parallel Aware": true,"Async Capable": false,"Relation Name": "part","Alias": "part","Startup Cost": 0.00,"Total Cost": 6180.33,"Plan Rows": 12556,"Plan Width": 40,"Actual Startup Time": 0.057,"Actual Total Time": 18.979,"Actual Rows": 6001,"Actual Loops": 5,"Filter": "((p_brand <> 'Brand#21'::bpchar) AND ((p_type)::text !~~ 'ECONOMY POLISHED%'::text) AND (p_size = ANY ('{14,33,3,41,15,16,44,8}'::integer[])))","Rows Removed by Filter": 33999,"Workers": []}]}]}]}]}]}]},"Planning Time": 4.248,"Triggers": [],"Execution Time": 240.873}]
[{"Plan": {"Node Type": "Sort","Parallel Aware": false,"Async Capable": false,"Startup Cost": 33399.85,"Total Cost": 33440.12,"Plan Rows": 16107,"Plan Width": 44,"Actual Startup Time": 237.433,"Actual Total Time": 239.308,"Actual Rows": 18299,"Actual Loops": 1,"Sort Key": ["(count(DISTINCT partsupp.ps_suppkey)) DESC", "part.p_brand", "part.p_type", "part.p_size"],"Sort Method": "quicksort","Sort Space Used": 2340,"Sort Space Type": "Memory","Plans": [{"Node Type": "Aggregate","Strategy": "Sorted","Partial Mode": "Simple","Parent Relationship": "Outer","Parallel Aware": false,"Async Capable": false,"Startup Cost": 24279.37,"Total Cost": 32274.34,"Plan Rows": 16107,"Plan Width": 44,"Actual Startup Time": 134.633,"Actual Total Time": 201.193,"Actual Rows": 18299,"Actual Loops": 1,"Group Key": ["part.p_brand", "part.p_type", "part.p_size"],"Plans": [{"Node Type": "Gather Merge","Parent Relationship": "Outer","Parallel Aware": false,"Async Capable": false,"Startup Cost": 24279.37,"Total Cost": 31509.43,"Plan Rows": 60384,"Plan Width": 40,"Actual Startup Time": 134.558,"Actual Total Time": 173.646,"Actual Rows": 118958,"Actual Loops": 1,"Workers Planned": 4,"Workers Launched": 4,"Plans": [{"Node Type": "Sort","Parent Relationship": "Outer","Parallel Aware": false,"Async Capable": false,"Startup Cost": 23279.32,"Total Cost": 23317.06,"Plan Rows": 15096,"Plan Width": 40,"Actual Startup Time": 122.328,"Actual Total Time": 124.973,"Actual Rows": 23792,"Actual Loops": 5,"Sort Key": ["part.p_brand", "part.p_type", "part.p_size"],"Sort Method": "quicksort","Sort Space Used": 2438,"Sort Space Type": "Memory","Workers": [{"Worker Number": 0,"Sort Method": "quicksort","Sort Space Used": 2905,"Sort Space Type": "Memory"},{"Worker Number": 1,"Sort Method": "quicksort","Sort Space Used": 2439,"Sort Space Type": "Memory"},{"Worker Number": 2,"Sort Method": "quicksort","Sort Space Used": 2907,"Sort Space Type": "Memory"},{"Worker Number": 3,"Sort Method": "quicksort","Sort Space Used": 2947,"Sort Space Type": "Memory"}],"Plans": [{"Node Type": "Hash Join","Parent Relationship": "Outer","Parallel Aware": true,"Async Capable": false,"Join Type": "Inner","Startup Cost": 6685.01,"Total Cost": 22231.51,"Plan Rows": 15096,"Plan Width": 40,"Actual Startup Time": 30.282,"Actual Total Time": 80.541,"Actual Rows": 23792,"Actual Loops": 5,"Inner Unique": true,"Hash Cond": "(partsupp.ps_partkey = part.p_partkey)","Workers": [],"Plans": [{"Node Type": "Index Only Scan","Parent Relationship": "Outer","Parallel Aware": true,"Async Capable": false,"Scan Direction": "Forward","Index Name": "partsupp_pkey","Relation Name": "partsupp","Alias": "partsupp","Startup Cost": 347.43,"Total Cost": 15631.43,"Plan Rows": 100000,"Plan Width": 8,"Actual Startup Time": 7.634,"Actual Total Time": 32.779,"Actual Rows": 159936,"Actual Loops": 5,"Filter": "(NOT (hashed SubPlan 1))","Rows Removed by Filter": 64,"Heap Fetches": 0,"Workers": [],"Plans": [{"Node Type": "Seq Scan","Parent Relationship": "SubPlan","Subplan Name": "SubPlan 1","Parallel Aware": false,"Async Capable": false,"Relation Name": "supplier","Alias": "supplier","Startup Cost": 0.00,"Total Cost": 347.00,"Plan Rows": 1,"Plan Width": 4,"Actual Startup Time": 0.128,"Actual Total Time": 7.492,"Actual Rows": 4,"Actual Loops": 5,"Filter": "((s_comment)::text ~~ '%Customer%Complaints%'::text)","Rows Removed by Filter": 9996,"Workers": []}]},{"Node Type": "Hash","Parent Relationship": "Inner","Parallel Aware": true,"Async Capable": false,"Startup Cost": 6180.33,"Total Cost": 6180.33,"Plan Rows": 12580,"Plan Width": 40,"Actual Startup Time": 22.392,"Actual Total Time": 22.396,"Actual Rows": 5950,"Actual Loops": 5,"Hash Buckets": 32768,"Original Hash Buckets": 32768,"Hash Batches": 1,"Original Hash Batches": 1,"Peak Memory Usage": 2560,"Workers": [],"Plans": [{"Node Type": "Seq Scan","Parent Relationship": "Outer","Parallel Aware": true,"Async Capable": false,"Relation Name": "part","Alias": "part","Startup Cost": 0.00,"Total Cost": 6180.33,"Plan Rows": 12580,"Plan Width": 40,"Actual Startup Time": 0.053,"Actual Total Time": 18.808,"Actual Rows": 5950,"Actual Loops": 5,"Filter": "((p_brand <> 'Brand#53'::bpchar) AND ((p_type)::text !~~ 'SMALL ANODIZED%'::text) AND (p_size = ANY ('{2,15,24,14,20,7,25,38}'::integer[])))","Rows Removed by Filter": 34050,"Workers": []}]}]}]}]}]}]},"Planning Time": 5.150,"Triggers": [],"Execution Time": 240.490}]
[{"Plan": {"Node Type": "Sort","Parallel Aware": false,"Async Capable": false,"Startup Cost": 33251.99,"Total Cost": 33291.99,"Plan Rows": 16001,"Plan Width": 44,"Actual Startup Time": 241.888,"Actual Total Time": 243.657,"Actual Rows": 18356,"Actual Loops": 1,"Sort Key": ["(count(DISTINCT partsupp.ps_suppkey)) DESC", "part.p_brand", "part.p_type", "part.p_size"],"Sort Method": "quicksort","Sort Space Used": 2345,"Sort Space Type": "Memory","Plans": [{"Node Type": "Aggregate","Strategy": "Sorted","Partial Mode": "Simple","Parent Relationship": "Outer","Parallel Aware": false,"Async Capable": false,"Startup Cost": 24259.45,"Total Cost": 32134.65,"Plan Rows": 16001,"Plan Width": 44,"Actual Startup Time": 134.766,"Actual Total Time": 203.263,"Actual Rows": 18356,"Actual Loops": 1,"Group Key": ["part.p_brand", "part.p_type", "part.p_size"],"Plans": [{"Node Type": "Gather Merge","Parent Relationship": "Outer","Parallel Aware": false,"Async Capable": false,"Startup Cost": 24259.45,"Total Cost": 31379.95,"Plan Rows": 59469,"Plan Width": 40,"Actual Startup Time": 134.718,"Actual Total Time": 174.795,"Actual Rows": 118559,"Actual Loops": 1,"Workers Planned": 4,"Workers Launched": 4,"Plans": [{"Node Type": "Sort","Parent Relationship": "Outer","Parallel Aware": false,"Async Capable": false,"Startup Cost": 23259.39,"Total Cost": 23296.56,"Plan Rows": 14867,"Plan Width": 40,"Actual Startup Time": 124.242,"Actual Total Time": 126.814,"Actual Rows": 23712,"Actual Loops": 5,"Sort Key": ["part.p_brand", "part.p_type", "part.p_size"],"Sort Method": "quicksort","Sort Space Used": 2383,"Sort Space Type": "Memory","Workers": [{"Worker Number": 0,"Sort Method": "quicksort","Sort Space Used": 2855,"Sort Space Type": "Memory"},{"Worker Number": 1,"Sort Method": "quicksort","Sort Space Used": 2913,"Sort Space Type": "Memory"},{"Worker Number": 2,"Sort Method": "quicksort","Sort Space Used": 2662,"Sort Space Type": "Memory"},{"Worker Number": 3,"Sort Method": "quicksort","Sort Space Used": 2805,"Sort Space Type": "Memory"}],"Plans": [{"Node Type": "Hash Join","Parent Relationship": "Outer","Parallel Aware": true,"Async Capable": false,"Join Type": "Inner","Startup Cost": 6682.62,"Total Cost": 22229.12,"Plan Rows": 14867,"Plan Width": 40,"Actual Startup Time": 32.072,"Actual Total Time": 81.696,"Actual Rows": 23712,"Actual Loops": 5,"Inner Unique": true,"Hash Cond": "(partsupp.ps_partkey = part.p_partkey)","Workers": [],"Plans": [{"Node Type": "Index Only Scan","Parent Relationship": "Outer","Parallel Aware": true,"Async Capable": false,"Scan Direction": "Forward","Index Name": "partsupp_pkey","Relation Name": "partsupp","Alias": "partsupp","Startup Cost": 347.43,"Total Cost": 15631.43,"Plan Rows": 100000,"Plan Width": 8,"Actual Startup Time": 9.115,"Actual Total Time": 34.712,"Actual Rows": 159936,"Actual Loops": 5,"Filter": "(NOT (hashed SubPlan 1))","Rows Removed by Filter": 64,"Heap Fetches": 0,"Workers": [],"Plans": [{"Node Type": "Seq Scan","Parent Relationship": "SubPlan","Subplan Name": "SubPlan 1","Parallel Aware": false,"Async Capable": false,"Relation Name": "supplier","Alias": "supplier","Startup Cost": 0.00,"Total Cost": 347.00,"Plan Rows": 1,"Plan Width": 4,"Actual Startup Time": 0.146,"Actual Total Time": 8.955,"Actual Rows": 4,"Actual Loops": 5,"Filter": "((s_comment)::text ~~ '%Customer%Complaints%'::text)","Rows Removed by Filter": 9996,"Workers": []}]},{"Node Type": "Hash","Parent Relationship": "Inner","Parallel Aware": true,"Async Capable": false,"Startup Cost": 6180.33,"Total Cost": 6180.33,"Plan Rows": 12389,"Plan Width": 40,"Actual Startup Time": 22.656,"Actual Total Time": 22.660,"Actual Rows": 5930,"Actual Loops": 5,"Hash Buckets": 32768,"Original Hash Buckets": 32768,"Hash Batches": 1,"Original Hash Batches": 1,"Peak Memory Usage": 2560,"Workers": [],"Plans": [{"Node Type": "Seq Scan","Parent Relationship": "Outer","Parallel Aware": true,"Async Capable": false,"Relation Name": "part","Alias": "part","Startup Cost": 0.00,"Total Cost": 6180.33,"Plan Rows": 12389,"Plan Width": 40,"Actual Startup Time": 0.069,"Actual Total Time": 19.306,"Actual Rows": 5930,"Actual Loops": 5,"Filter": "((p_brand <> 'Brand#51'::bpchar) AND ((p_type)::text !~~ 'SMALL BRUSHED%'::text) AND (p_size = ANY ('{6,17,19,3,14,40,16,24}'::integer[])))","Rows Removed by Filter": 34070,"Workers": []}]}]}]}]}]}]},"Planning Time": 4.120,"Triggers": [],"Execution Time": 245.114}]
[{"Plan": {"Node Type": "Sort","Parallel Aware": false,"Async Capable": false,"Startup Cost": 33262.30,"Total Cost": 33302.32,"Plan Rows": 16008,"Plan Width": 44,"Actual Startup Time": 233.429,"Actual Total Time": 235.340,"Actual Rows": 18299,"Actual Loops": 1,"Sort Key": ["(count(DISTINCT partsupp.ps_suppkey)) DESC", "part.p_brand", "part.p_type", "part.p_size"],"Sort Method": "quicksort","Sort Space Used": 2340,"Sort Space Type": "Memory","Plans": [{"Node Type": "Aggregate","Strategy": "Sorted","Partial Mode": "Simple","Parent Relationship": "Outer","Parallel Aware": false,"Async Capable": false,"Startup Cost": 24260.85,"Total Cost": 32144.42,"Plan Rows": 16008,"Plan Width": 44,"Actual Startup Time": 130.234,"Actual Total Time": 196.318,"Actual Rows": 18299,"Actual Loops": 1,"Group Key": ["part.p_brand", "part.p_type", "part.p_size"],"Plans": [{"Node Type": "Gather Merge","Parent Relationship": "Outer","Parallel Aware": false,"Async Capable": false,"Startup Cost": 24260.85,"Total Cost": 31389.01,"Plan Rows": 59533,"Plan Width": 40,"Actual Startup Time": 130.149,"Actual Total Time": 168.586,"Actual Rows": 119198,"Actual Loops": 1,"Workers Planned": 4,"Workers Launched": 4,"Plans": [{"Node Type": "Sort","Parent Relationship": "Outer","Parallel Aware": false,"Async Capable": false,"Startup Cost": 23260.79,"Total Cost": 23298.00,"Plan Rows": 14883,"Plan Width": 40,"Actual Startup Time": 120.073,"Actual Total Time": 122.522,"Actual Rows": 23840,"Actual Loops": 5,"Sort Key": ["part.p_brand", "part.p_type", "part.p_size"],"Sort Method": "quicksort","Sort Space Used": 2671,"Sort Space Type": "Memory","Workers": [{"Worker Number": 0,"Sort Method": "quicksort","Sort Space Used": 2631,"Sort Space Type": "Memory"},{"Worker Number": 1,"Sort Method": "quicksort","Sort Space Used": 2838,"Sort Space Type": "Memory"},{"Worker Number": 2,"Sort Method": "quicksort","Sort Space Used": 2658,"Sort Space Type": "Memory"},{"Worker Number": 3,"Sort Method": "quicksort","Sort Space Used": 2857,"Sort Space Type": "Memory"}],"Plans": [{"Node Type": "Hash Join","Parent Relationship": "Outer","Parallel Aware": true,"Async Capable": false,"Join Type": "Inner","Startup Cost": 6682.80,"Total Cost": 22229.30,"Plan Rows": 14883,"Plan Width": 40,"Actual Startup Time": 29.014,"Actual Total Time": 78.188,"Actual Rows": 23840,"Actual Loops": 5,"Inner Unique": true,"Hash Cond": "(partsupp.ps_partkey = part.p_partkey)","Workers": [],"Plans": [{"Node Type": "Index Only Scan","Parent Relationship": "Outer","Parallel Aware": true,"Async Capable": false,"Scan Direction": "Forward","Index Name": "partsupp_pkey","Relation Name": "partsupp","Alias": "partsupp","Startup Cost": 347.43,"Total Cost": 15631.43,"Plan Rows": 100000,"Plan Width": 8,"Actual Startup Time": 7.356,"Actual Total Time": 32.660,"Actual Rows": 159936,"Actual Loops": 5,"Filter": "(NOT (hashed SubPlan 1))","Rows Removed by Filter": 64,"Heap Fetches": 0,"Workers": [],"Plans": [{"Node Type": "Seq Scan","Parent Relationship": "SubPlan","Subplan Name": "SubPlan 1","Parallel Aware": false,"Async Capable": false,"Relation Name": "supplier","Alias": "supplier","Startup Cost": 0.00,"Total Cost": 347.00,"Plan Rows": 1,"Plan Width": 4,"Actual Startup Time": 0.143,"Actual Total Time": 7.193,"Actual Rows": 4,"Actual Loops": 5,"Filter": "((s_comment)::text ~~ '%Customer%Complaints%'::text)","Rows Removed by Filter": 9996,"Workers": []}]},{"Node Type": "Hash","Parent Relationship": "Inner","Parallel Aware": true,"Async Capable": false,"Startup Cost": 6180.33,"Total Cost": 6180.33,"Plan Rows": 12403,"Plan Width": 40,"Actual Startup Time": 21.426,"Actual Total Time": 21.430,"Actual Rows": 5962,"Actual Loops": 5,"Hash Buckets": 32768,"Original Hash Buckets": 32768,"Hash Batches": 1,"Original Hash Batches": 1,"Peak Memory Usage": 2560,"Workers": [],"Plans": [{"Node Type": "Seq Scan","Parent Relationship": "Outer","Parallel Aware": true,"Async Capable": false,"Relation Name": "part","Alias": "part","Startup Cost": 0.00,"Total Cost": 6180.33,"Plan Rows": 12403,"Plan Width": 40,"Actual Startup Time": 0.059,"Actual Total Time": 18.011,"Actual Rows": 5962,"Actual Loops": 5,"Filter": "((p_brand <> 'Brand#12'::bpchar) AND ((p_type)::text !~~ 'MEDIUM BRUSHED%'::text) AND (p_size = ANY ('{29,32,49,4,46,30,12,37}'::integer[])))","Rows Removed by Filter": 34038,"Workers": []}]}]}]}]}]}]},"Planning Time": 5.185,"Triggers": [],"Execution Time": 236.734}]
[{"Plan": {"Node Type": "Sort","Parallel Aware": false,"Async Capable": false,"Startup Cost": 33336.54,"Total Cost": 33376.70,"Plan Rows": 16062,"Plan Width": 44,"Actual Startup Time": 236.492,"Actual Total Time": 238.456,"Actual Rows": 18204,"Actual Loops": 1,"Sort Key": ["(count(DISTINCT partsupp.ps_suppkey)) DESC", "part.p_brand", "part.p_type", "part.p_size"],"Sort Method": "quicksort","Sort Space Used": 2333,"Sort Space Type": "Memory","Plans": [{"Node Type": "Aggregate","Strategy": "Sorted","Partial Mode": "Simple","Parent Relationship": "Outer","Parallel Aware": false,"Async Capable": false,"Startup Cost": 24270.84,"Total Cost": 32214.50,"Plan Rows": 16062,"Plan Width": 44,"Actual Startup Time": 131.896,"Actual Total Time": 198.139,"Actual Rows": 18204,"Actual Loops": 1,"Group Key": ["part.p_brand", "part.p_type", "part.p_size"],"Plans": [{"Node Type": "Gather Merge","Parent Relationship": "Outer","Parallel Aware": false,"Async Capable": false,"Startup Cost": 24270.84,"Total Cost": 31453.96,"Plan Rows": 59992,"Plan Width": 40,"Actual Startup Time": 131.836,"Actual Total Time": 170.841,"Actual Rows": 118585,"Actual Loops": 1,"Workers Planned": 4,"Workers Launched": 4,"Plans": [{"Node Type": "Sort","Parent Relationship": "Outer","Parallel Aware": false,"Async Capable": false,"Startup Cost": 23270.78,"Total Cost": 23308.28,"Plan Rows": 14998,"Plan Width": 40,"Actual Startup Time": 123.363,"Actual Total Time": 125.919,"Actual Rows": 23717,"Actual Loops": 5,"Sort Key": ["part.p_brand", "part.p_type", "part.p_size"],"Sort Method": "quicksort","Sort Space Used": 2693,"Sort Space Type": "Memory","Workers": [{"Worker Number": 0,"Sort Method": "quicksort","Sort Space Used": 2692,"Sort Space Type": "Memory"},{"Worker Number": 1,"Sort Method": "quicksort","Sort Space Used": 2752,"Sort Space Type": "Memory"},{"Worker Number": 2,"Sort Method": "quicksort","Sort Space Used": 2698,"Sort Space Type": "Memory"},{"Worker Number": 3,"Sort Method": "quicksort","Sort Space Used": 2780,"Sort Space Type": "Memory"}],"Plans": [{"Node Type": "Hash Join","Parent Relationship": "Outer","Parallel Aware": true,"Async Capable": false,"Join Type": "Inner","Startup Cost": 6683.99,"Total Cost": 22230.49,"Plan Rows": 14998,"Plan Width": 40,"Actual Startup Time": 31.344,"Actual Total Time": 81.829,"Actual Rows": 23717,"Actual Loops": 5,"Inner Unique": true,"Hash Cond": "(partsupp.ps_partkey = part.p_partkey)","Workers": [],"Plans": [{"Node Type": "Index Only Scan","Parent Relationship": "Outer","Parallel Aware": true,"Async Capable": false,"Scan Direction": "Forward","Index Name": "partsupp_pkey","Relation Name": "partsupp","Alias": "partsupp","Startup Cost": 347.43,"Total Cost": 15631.43,"Plan Rows": 100000,"Plan Width": 8,"Actual Startup Time": 8.127,"Actual Total Time": 33.260,"Actual Rows": 159936,"Actual Loops": 5,"Filter": "(NOT (hashed SubPlan 1))","Rows Removed by Filter": 64,"Heap Fetches": 0,"Workers": [],"Plans": [{"Node Type": "Seq Scan","Parent Relationship": "SubPlan","Subplan Name": "SubPlan 1","Parallel Aware": false,"Async Capable": false,"Relation Name": "supplier","Alias": "supplier","Startup Cost": 0.00,"Total Cost": 347.00,"Plan Rows": 1,"Plan Width": 4,"Actual Startup Time": 0.153,"Actual Total Time": 7.976,"Actual Rows": 4,"Actual Loops": 5,"Filter": "((s_comment)::text ~~ '%Customer%Complaints%'::text)","Rows Removed by Filter": 9996,"Workers": []}]},{"Node Type": "Hash","Parent Relationship": "Inner","Parallel Aware": true,"Async Capable": false,"Startup Cost": 6180.33,"Total Cost": 6180.33,"Plan Rows": 12498,"Plan Width": 40,"Actual Startup Time": 22.947,"Actual Total Time": 22.950,"Actual Rows": 5931,"Actual Loops": 5,"Hash Buckets": 32768,"Original Hash Buckets": 32768,"Hash Batches": 1,"Original Hash Batches": 1,"Peak Memory Usage": 2528,"Workers": [],"Plans": [{"Node Type": "Seq Scan","Parent Relationship": "Outer","Parallel Aware": true,"Async Capable": false,"Relation Name": "part","Alias": "part","Startup Cost": 0.00,"Total Cost": 6180.33,"Plan Rows": 12498,"Plan Width": 40,"Actual Startup Time": 0.058,"Actual Total Time": 19.299,"Actual Rows": 5931,"Actual Loops": 5,"Filter": "((p_brand <> 'Brand#52'::bpchar) AND ((p_type)::text !~~ 'PROMO PLATED%'::text) AND (p_size = ANY ('{14,27,10,34,32,43,36,13}'::integer[])))","Rows Removed by Filter": 34069,"Workers": []}]}]}]}]}]}]},"Planning Time": 5.247,"Triggers": [],"Execution Time": 239.791}]
[{"Plan": {"Node Type": "Sort","Parallel Aware": false,"Async Capable": false,"Startup Cost": 33308.06,"Total Cost": 33348.16,"Plan Rows": 16041,"Plan Width": 44,"Actual Startup Time": 233.203,"Actual Total Time": 235.394,"Actual Rows": 18270,"Actual Loops": 1,"Sort Key": ["(count(DISTINCT partsupp.ps_suppkey)) DESC", "part.p_brand", "part.p_type", "part.p_size"],"Sort Method": "quicksort","Sort Space Used": 2338,"Sort Space Type": "Memory","Plans": [{"Node Type": "Aggregate","Strategy": "Sorted","Partial Mode": "Simple","Parent Relationship": "Outer","Parallel Aware": false,"Async Capable": false,"Startup Cost": 24267.02,"Total Cost": 32187.64,"Plan Rows": 16041,"Plan Width": 44,"Actual Startup Time": 128.707,"Actual Total Time": 195.207,"Actual Rows": 18270,"Actual Loops": 1,"Group Key": ["part.p_brand", "part.p_type", "part.p_size"],"Plans": [{"Node Type": "Gather Merge","Parent Relationship": "Outer","Parallel Aware": false,"Async Capable": false,"Startup Cost": 24267.02,"Total Cost": 31429.07,"Plan Rows": 59816,"Plan Width": 40,"Actual Startup Time": 128.634,"Actual Total Time": 167.569,"Actual Rows": 118403,"Actual Loops": 1,"Workers Planned": 4,"Workers Launched": 4,"Plans": [{"Node Type": "Sort","Parent Relationship": "Outer","Parallel Aware": false,"Async Capable": false,"Startup Cost": 23266.96,"Total Cost": 23304.35,"Plan Rows": 14954,"Plan Width": 40,"Actual Startup Time": 119.264,"Actual Total Time": 121.750,"Actual Rows": 23681,"Actual Loops": 5,"Sort Key": ["part.p_brand", "part.p_type", "part.p_size"],"Sort Method": "quicksort","Sort Space Used": 2625,"Sort Space Type": "Memory","Workers": [{"Worker Number": 0,"Sort Method": "quicksort","Sort Space Used": 2655,"Sort Space Type": "Memory"},{"Worker Number": 1,"Sort Method": "quicksort","Sort Space Used": 2847,"Sort Space Type": "Memory"},{"Worker Number": 2,"Sort Method": "quicksort","Sort Space Used": 2628,"Sort Space Type": "Memory"},{"Worker Number": 3,"Sort Method": "quicksort","Sort Space Used": 2824,"Sort Space Type": "Memory"}],"Plans": [{"Node Type": "Hash Join","Parent Relationship": "Outer","Parallel Aware": true,"Async Capable": false,"Join Type": "Inner","Startup Cost": 6683.54,"Total Cost": 22230.04,"Plan Rows": 14954,"Plan Width": 40,"Actual Startup Time": 28.215,"Actual Total Time": 77.783,"Actual Rows": 23681,"Actual Loops": 5,"Inner Unique": true,"Hash Cond": "(partsupp.ps_partkey = part.p_partkey)","Workers": [],"Plans": [{"Node Type": "Index Only Scan","Parent Relationship": "Outer","Parallel Aware": true,"Async Capable": false,"Scan Direction": "Forward","Index Name": "partsupp_pkey","Relation Name": "partsupp","Alias": "partsupp","Startup Cost": 347.43,"Total Cost": 15631.43,"Plan Rows": 100000,"Plan Width": 8,"Actual Startup Time": 7.009,"Actual Total Time": 32.382,"Actual Rows": 159936,"Actual Loops": 5,"Filter": "(NOT (hashed SubPlan 1))","Rows Removed by Filter": 64,"Heap Fetches": 0,"Workers": [],"Plans": [{"Node Type": "Seq Scan","Parent Relationship": "SubPlan","Subplan Name": "SubPlan 1","Parallel Aware": false,"Async Capable": false,"Relation Name": "supplier","Alias": "supplier","Startup Cost": 0.00,"Total Cost": 347.00,"Plan Rows": 1,"Plan Width": 4,"Actual Startup Time": 0.138,"Actual Total Time": 6.859,"Actual Rows": 4,"Actual Loops": 5,"Filter": "((s_comment)::text ~~ '%Customer%Complaints%'::text)","Rows Removed by Filter": 9996,"Workers": []}]},{"Node Type": "Hash","Parent Relationship": "Inner","Parallel Aware": true,"Async Capable": false,"Startup Cost": 6180.33,"Total Cost": 6180.33,"Plan Rows": 12462,"Plan Width": 40,"Actual Startup Time": 20.988,"Actual Total Time": 20.992,"Actual Rows": 5922,"Actual Loops": 5,"Hash Buckets": 32768,"Original Hash Buckets": 32768,"Hash Batches": 1,"Original Hash Batches": 1,"Peak Memory Usage": 2592,"Workers": [],"Plans": [{"Node Type": "Seq Scan","Parent Relationship": "Outer","Parallel Aware": true,"Async Capable": false,"Relation Name": "part","Alias": "part","Startup Cost": 0.00,"Total Cost": 6180.33,"Plan Rows": 12462,"Plan Width": 40,"Actual Startup Time": 0.054,"Actual Total Time": 17.882,"Actual Rows": 5922,"Actual Loops": 5,"Filter": "((p_brand <> 'Brand#44'::bpchar) AND ((p_type)::text !~~ 'ECONOMY ANODIZED%'::text) AND (p_size = ANY ('{42,8,19,7,1,32,47,4}'::integer[])))","Rows Removed by Filter": 34078,"Workers": []}]}]}]}]}]}]},"Planning Time": 4.634,"Triggers": [],"Execution Time": 236.614}]
[{"Plan": {"Node Type": "Sort","Parallel Aware": false,"Async Capable": false,"Startup Cost": 33525.55,"Total Cost": 33566.04,"Plan Rows": 16195,"Plan Width": 44,"Actual Startup Time": 234.031,"Actual Total Time": 235.852,"Actual Rows": 18275,"Actual Loops": 1,"Sort Key": ["(count(DISTINCT partsupp.ps_suppkey)) DESC", "part.p_brand", "part.p_type", "part.p_size"],"Sort Method": "quicksort","Sort Space Used": 2338,"Sort Space Type": "Memory","Plans": [{"Node Type": "Aggregate","Strategy": "Sorted","Partial Mode": "Simple","Parent Relationship": "Outer","Parallel Aware": false,"Async Capable": false,"Startup Cost": 24296.35,"Total Cost": 32393.26,"Plan Rows": 16195,"Plan Width": 44,"Actual Startup Time": 131.127,"Actual Total Time": 198.180,"Actual Rows": 18275,"Actual Loops": 1,"Group Key": ["part.p_brand", "part.p_type", "part.p_size"],"Plans": [{"Node Type": "Gather Merge","Parent Relationship": "Outer","Parallel Aware": false,"Async Capable": false,"Startup Cost": 24296.35,"Total Cost": 31619.68,"Plan Rows": 61163,"Plan Width": 40,"Actual Startup Time": 131.073,"Actual Total Time": 170.264,"Actual Rows": 119668,"Actual Loops": 1,"Workers Planned": 4,"Workers Launched": 4,"Plans": [{"Node Type": "Sort","Parent Relationship": "Outer","Parallel Aware": false,"Async Capable": false,"Startup Cost": 23296.29,"Total Cost": 23334.52,"Plan Rows": 15291,"Plan Width": 40,"Actual Startup Time": 122.403,"Actual Total Time": 124.927,"Actual Rows": 23934,"Actual Loops": 5,"Sort Key": ["part.p_brand", "part.p_type", "part.p_size"],"Sort Method": "quicksort","Sort Space Used": 2757,"Sort Space Type": "Memory","Workers": [{"Worker Number": 0,"Sort Method": "quicksort","Sort Space Used": 2747,"Sort Space Type": "Memory"},{"Worker Number": 1,"Sort Method": "quicksort","Sort Space Used": 2771,"Sort Space Type": "Memory"},{"Worker Number": 2,"Sort Method": "quicksort","Sort Space Used": 2678,"Sort Space Type": "Memory"},{"Worker Number": 3,"Sort Method": "quicksort","Sort Space Used": 2752,"Sort Space Type": "Memory"}],"Plans": [{"Node Type": "Hash Join","Parent Relationship": "Outer","Parallel Aware": true,"Async Capable": false,"Join Type": "Inner","Startup Cost": 6687.04,"Total Cost": 22233.54,"Plan Rows": 15291,"Plan Width": 40,"Actual Startup Time": 29.749,"Actual Total Time": 80.549,"Actual Rows": 23934,"Actual Loops": 5,"Inner Unique": true,"Hash Cond": "(partsupp.ps_partkey = part.p_partkey)","Workers": [],"Plans": [{"Node Type": "Index Only Scan","Parent Relationship": "Outer","Parallel Aware": true,"Async Capable": false,"Scan Direction": "Forward","Index Name": "partsupp_pkey","Relation Name": "partsupp","Alias": "partsupp","Startup Cost": 347.43,"Total Cost": 15631.43,"Plan Rows": 100000,"Plan Width": 8,"Actual Startup Time": 6.823,"Actual Total Time": 32.101,"Actual Rows": 159936,"Actual Loops": 5,"Filter": "(NOT (hashed SubPlan 1))","Rows Removed by Filter": 64,"Heap Fetches": 0,"Workers": [],"Plans": [{"Node Type": "Seq Scan","Parent Relationship": "SubPlan","Subplan Name": "SubPlan 1","Parallel Aware": false,"Async Capable": false,"Relation Name": "supplier","Alias": "supplier","Startup Cost": 0.00,"Total Cost": 347.00,"Plan Rows": 1,"Plan Width": 4,"Actual Startup Time": 0.134,"Actual Total Time": 6.704,"Actual Rows": 4,"Actual Loops": 5,"Filter": "((s_comment)::text ~~ '%Customer%Complaints%'::text)","Rows Removed by Filter": 9996,"Workers": []}]},{"Node Type": "Hash","Parent Relationship": "Inner","Parallel Aware": true,"Async Capable": false,"Startup Cost": 6180.33,"Total Cost": 6180.33,"Plan Rows": 12742,"Plan Width": 40,"Actual Startup Time": 22.614,"Actual Total Time": 22.618,"Actual Rows": 5986,"Actual Loops": 5,"Hash Buckets": 32768,"Original Hash Buckets": 32768,"Hash Batches": 1,"Original Hash Batches": 1,"Peak Memory Usage": 2592,"Workers": [],"Plans": [{"Node Type": "Seq Scan","Parent Relationship": "Outer","Parallel Aware": true,"Async Capable": false,"Relation Name": "part","Alias": "part","Startup Cost": 0.00,"Total Cost": 6180.33,"Plan Rows": 12742,"Plan Width": 40,"Actual Startup Time": 0.050,"Actual Total Time": 18.702,"Actual Rows": 5986,"Actual Loops": 5,"Filter": "((p_brand <> 'Brand#45'::bpchar) AND ((p_type)::text !~~ 'MEDIUM PLATED%'::text) AND (p_size = ANY ('{13,22,10,30,32,26,41,50}'::integer[])))","Rows Removed by Filter": 34014,"Workers": []}]}]}]}]}]}]},"Planning Time": 4.384,"Triggers": [],"Execution Time": 236.794}]
[{"Plan": {"Node Type": "Sort","Parallel Aware": false,"Async Capable": false,"Startup Cost": 33532.52,"Total Cost": 33573.02,"Plan Rows": 16200,"Plan Width": 44,"Actual Startup Time": 236.585,"Actual Total Time": 238.429,"Actual Rows": 18303,"Actual Loops": 1,"Sort Key": ["(count(DISTINCT partsupp.ps_suppkey)) DESC", "part.p_brand", "part.p_type", "part.p_size"],"Sort Method": "quicksort","Sort Space Used": 2341,"Sort Space Type": "Memory","Plans": [{"Node Type": "Aggregate","Strategy": "Sorted","Partial Mode": "Simple","Parent Relationship": "Outer","Parallel Aware": false,"Async Capable": false,"Startup Cost": 24297.30,"Total Cost": 32399.84,"Plan Rows": 16200,"Plan Width": 44,"Actual Startup Time": 131.218,"Actual Total Time": 197.430,"Actual Rows": 18303,"Actual Loops": 1,"Group Key": ["part.p_brand", "part.p_type", "part.p_size"],"Plans": [{"Node Type": "Gather Merge","Parent Relationship": "Outer","Parallel Aware": false,"Async Capable": false,"Startup Cost": 24297.30,"Total Cost": 31625.78,"Plan Rows": 61206,"Plan Width": 40,"Actual Startup Time": 131.132,"Actual Total Time": 169.911,"Actual Rows": 119182,"Actual Loops": 1,"Workers Planned": 4,"Workers Launched": 4,"Plans": [{"Node Type": "Sort","Parent Relationship": "Outer","Parallel Aware": false,"Async Capable": false,"Startup Cost": 23297.25,"Total Cost": 23335.50,"Plan Rows": 15302,"Plan Width": 40,"Actual Startup Time": 122.664,"Actual Total Time": 125.250,"Actual Rows": 23836,"Actual Loops": 5,"Sort Key": ["part.p_brand", "part.p_type", "part.p_size"],"Sort Method": "quicksort","Sort Space Used": 2663,"Sort Space Type": "Memory","Workers": [{"Worker Number": 0,"Sort Method": "quicksort","Sort Space Used": 2754,"Sort Space Type": "Memory"},{"Worker Number": 1,"Sort Method": "quicksort","Sort Space Used": 2714,"Sort Space Type": "Memory"},{"Worker Number": 2,"Sort Method": "quicksort","Sort Space Used": 2755,"Sort Space Type": "Memory"},{"Worker Number": 3,"Sort Method": "quicksort","Sort Space Used": 2755,"Sort Space Type": "Memory"}],"Plans": [{"Node Type": "Hash Join","Parent Relationship": "Outer","Parallel Aware": true,"Async Capable": false,"Join Type": "Inner","Startup Cost": 6687.15,"Total Cost": 22233.65,"Plan Rows": 15302,"Plan Width": 40,"Actual Startup Time": 31.004,"Actual Total Time": 80.887,"Actual Rows": 23836,"Actual Loops": 5,"Inner Unique": true,"Hash Cond": "(partsupp.ps_partkey = part.p_partkey)","Workers": [],"Plans": [{"Node Type": "Index Only Scan","Parent Relationship": "Outer","Parallel Aware": true,"Async Capable": false,"Scan Direction": "Forward","Index Name": "partsupp_pkey","Relation Name": "partsupp","Alias": "partsupp","Startup Cost": 347.43,"Total Cost": 15631.43,"Plan Rows": 100000,"Plan Width": 8,"Actual Startup Time": 7.769,"Actual Total Time": 32.515,"Actual Rows": 159936,"Actual Loops": 5,"Filter": "(NOT (hashed SubPlan 1))","Rows Removed by Filter": 64,"Heap Fetches": 0,"Workers": [],"Plans": [{"Node Type": "Seq Scan","Parent Relationship": "SubPlan","Subplan Name": "SubPlan 1","Parallel Aware": false,"Async Capable": false,"Relation Name": "supplier","Alias": "supplier","Startup Cost": 0.00,"Total Cost": 347.00,"Plan Rows": 1,"Plan Width": 4,"Actual Startup Time": 0.157,"Actual Total Time": 7.633,"Actual Rows": 4,"Actual Loops": 5,"Filter": "((s_comment)::text ~~ '%Customer%Complaints%'::text)","Rows Removed by Filter": 9996,"Workers": []}]},{"Node Type": "Hash","Parent Relationship": "Inner","Parallel Aware": true,"Async Capable": false,"Startup Cost": 6180.33,"Total Cost": 6180.33,"Plan Rows": 12751,"Plan Width": 40,"Actual Startup Time": 22.962,"Actual Total Time": 22.964,"Actual Rows": 5962,"Actual Loops": 5,"Hash Buckets": 32768,"Original Hash Buckets": 32768,"Hash Batches": 1,"Original Hash Batches": 1,"Peak Memory Usage": 2528,"Workers": [],"Plans": [{"Node Type": "Seq Scan","Parent Relationship": "Outer","Parallel Aware": true,"Async Capable": false,"Relation Name": "part","Alias": "part","Startup Cost": 0.00,"Total Cost": 6180.33,"Plan Rows": 12751,"Plan Width": 40,"Actual Startup Time": 0.066,"Actual Total Time": 19.366,"Actual Rows": 5962,"Actual Loops": 5,"Filter": "((p_brand <> 'Brand#43'::bpchar) AND ((p_type)::text !~~ 'STANDARD PLATED%'::text) AND (p_size = ANY ('{33,1,12,45,20,10,9,32}'::integer[])))","Rows Removed by Filter": 34038,"Workers": []}]}]}]}]}]}]},"Planning Time": 4.287,"Triggers": [],"Execution Time": 239.681}]
[{"Plan": {"Node Type": "Sort","Parallel Aware": false,"Async Capable": false,"Startup Cost": 33277.67,"Total Cost": 33317.72,"Plan Rows": 16019,"Plan Width": 44,"Actual Startup Time": 234.684,"Actual Total Time": 236.571,"Actual Rows": 18308,"Actual Loops": 1,"Sort Key": ["(count(DISTINCT partsupp.ps_suppkey)) DESC", "part.p_brand", "part.p_type", "part.p_size"],"Sort Method": "quicksort","Sort Space Used": 2341,"Sort Space Type": "Memory","Plans": [{"Node Type": "Aggregate","Strategy": "Sorted","Partial Mode": "Simple","Parent Relationship": "Outer","Parallel Aware": false,"Async Capable": false,"Startup Cost": 24262.94,"Total Cost": 32158.94,"Plan Rows": 16019,"Plan Width": 44,"Actual Startup Time": 131.172,"Actual Total Time": 197.848,"Actual Rows": 18308,"Actual Loops": 1,"Group Key": ["part.p_brand", "part.p_type", "part.p_size"],"Plans": [{"Node Type": "Gather Merge","Parent Relationship": "Outer","Parallel Aware": false,"Async Capable": false,"Startup Cost": 24262.94,"Total Cost": 31402.47,"Plan Rows": 59628,"Plan Width": 40,"Actual Startup Time": 131.130,"Actual Total Time": 170.287,"Actual Rows": 119700,"Actual Loops": 1,"Workers Planned": 4,"Workers Launched": 4,"Plans": [{"Node Type": "Sort","Parent Relationship": "Outer","Parallel Aware": false,"Async Capable": false,"Startup Cost": 23262.88,"Total Cost": 23300.15,"Plan Rows": 14907,"Plan Width": 40,"Actual Startup Time": 123.313,"Actual Total Time": 125.789,"Actual Rows": 23940,"Actual Loops": 5,"Sort Key": ["part.p_brand", "part.p_type", "part.p_size"],"Sort Method": "quicksort","Sort Space Used": 2708,"Sort Space Type": "Memory","Workers": [{"Worker Number": 0,"Sort Method": "quicksort","Sort Space Used": 2738,"Sort Space Type": "Memory"},{"Worker Number": 1,"Sort Method": "quicksort","Sort Space Used": 2731,"Sort Space Type": "Memory"},{"Worker Number": 2,"Sort Method": "quicksort","Sort Space Used": 2745,"Sort Space Type": "Memory"},{"Worker Number": 3,"Sort Method": "quicksort","Sort Space Used": 2753,"Sort Space Type": "Memory"}],"Plans": [{"Node Type": "Hash Join","Parent Relationship": "Outer","Parallel Aware": true,"Async Capable": false,"Join Type": "Inner","Startup Cost": 6683.05,"Total Cost": 22229.55,"Plan Rows": 14907,"Plan Width": 40,"Actual Startup Time": 30.038,"Actual Total Time": 81.488,"Actual Rows": 23940,"Actual Loops": 5,"Inner Unique": true,"Hash Cond": "(partsupp.ps_partkey = part.p_partkey)","Workers": [],"Plans": [{"Node Type": "Index Only Scan","Parent Relationship": "Outer","Parallel Aware": true,"Async Capable": false,"Scan Direction": "Forward","Index Name": "partsupp_pkey","Relation Name": "partsupp","Alias": "partsupp","Startup Cost": 347.43,"Total Cost": 15631.43,"Plan Rows": 100000,"Plan Width": 8,"Actual Startup Time": 7.087,"Actual Total Time": 32.558,"Actual Rows": 159936,"Actual Loops": 5,"Filter": "(NOT (hashed SubPlan 1))","Rows Removed by Filter": 64,"Heap Fetches": 0,"Workers": [],"Plans": [{"Node Type": "Seq Scan","Parent Relationship": "SubPlan","Subplan Name": "SubPlan 1","Parallel Aware": false,"Async Capable": false,"Relation Name": "supplier","Alias": "supplier","Startup Cost": 0.00,"Total Cost": 347.00,"Plan Rows": 1,"Plan Width": 4,"Actual Startup Time": 0.137,"Actual Total Time": 6.938,"Actual Rows": 4,"Actual Loops": 5,"Filter": "((s_comment)::text ~~ '%Customer%Complaints%'::text)","Rows Removed by Filter": 9996,"Workers": []}]},{"Node Type": "Hash","Parent Relationship": "Inner","Parallel Aware": true,"Async Capable": false,"Startup Cost": 6180.33,"Total Cost": 6180.33,"Plan Rows": 12423,"Plan Width": 40,"Actual Startup Time": 22.701,"Actual Total Time": 22.703,"Actual Rows": 5987,"Actual Loops": 5,"Hash Buckets": 32768,"Original Hash Buckets": 32768,"Hash Batches": 1,"Original Hash Batches": 1,"Peak Memory Usage": 2592,"Workers": [],"Plans": [{"Node Type": "Seq Scan","Parent Relationship": "Outer","Parallel Aware": true,"Async Capable": false,"Relation Name": "part","Alias": "part","Startup Cost": 0.00,"Total Cost": 6180.33,"Plan Rows": 12423,"Plan Width": 40,"Actual Startup Time": 0.050,"Actual Total Time": 18.759,"Actual Rows": 5987,"Actual Loops": 5,"Filter": "((p_brand <> 'Brand#31'::bpchar) AND ((p_type)::text !~~ 'ECONOMY BURNISHED%'::text) AND (p_size = ANY ('{9,37,4,47,10,33,39,28}'::integer[])))","Rows Removed by Filter": 34013,"Workers": []}]}]}]}]}]}]},"Planning Time": 4.207,"Triggers": [],"Execution Time": 237.511}]
[{"Plan": {"Node Type": "Sort","Parallel Aware": false,"Async Capable": false,"Startup Cost": 33356.42,"Total Cost": 33396.61,"Plan Rows": 16076,"Plan Width": 44,"Actual Startup Time": 250.320,"Actual Total Time": 252.314,"Actual Rows": 18318,"Actual Loops": 1,"Sort Key": ["(count(DISTINCT partsupp.ps_suppkey)) DESC", "part.p_brand", "part.p_type", "part.p_size"],"Sort Method": "quicksort","Sort Space Used": 2342,"Sort Space Type": "Memory","Plans": [{"Node Type": "Aggregate","Strategy": "Sorted","Partial Mode": "Simple","Parent Relationship": "Outer","Parallel Aware": false,"Async Capable": false,"Startup Cost": 24273.54,"Total Cost": 32233.30,"Plan Rows": 16076,"Plan Width": 44,"Actual Startup Time": 142.863,"Actual Total Time": 213.308,"Actual Rows": 18318,"Actual Loops": 1,"Group Key": ["part.p_brand", "part.p_type", "part.p_size"],"Plans": [{"Node Type": "Gather Merge","Parent Relationship": "Outer","Parallel Aware": false,"Async Capable": false,"Startup Cost": 24273.54,"Total Cost": 31471.39,"Plan Rows": 60115,"Plan Width": 40,"Actual Startup Time": 142.799,"Actual Total Time": 183.674,"Actual Rows": 119450,"Actual Loops": 1,"Workers Planned": 4,"Workers Launched": 4,"Plans": [{"Node Type": "Sort","Parent Relationship": "Outer","Parallel Aware": false,"Async Capable": false,"Startup Cost": 23273.48,"Total Cost": 23311.05,"Plan Rows": 15029,"Plan Width": 40,"Actual Startup Time": 124.139,"Actual Total Time": 126.785,"Actual Rows": 23890,"Actual Loops": 5,"Sort Key": ["part.p_brand", "part.p_type", "part.p_size"],"Sort Method": "quicksort","Sort Space Used": 2337,"Sort Space Type": "Memory","Workers": [{"Worker Number": 0,"Sort Method": "quicksort","Sort Space Used": 2826,"Sort Space Type": "Memory"},{"Worker Number": 1,"Sort Method": "quicksort","Sort Space Used": 2835,"Sort Space Type": "Memory"},{"Worker Number": 2,"Sort Method": "quicksort","Sort Space Used": 2828,"Sort Space Type": "Memory"},{"Worker Number": 3,"Sort Method": "quicksort","Sort Space Used": 2848,"Sort Space Type": "Memory"}],"Plans": [{"Node Type": "Hash Join","Parent Relationship": "Outer","Parallel Aware": true,"Async Capable": false,"Join Type": "Inner","Startup Cost": 6684.31,"Total Cost": 22230.81,"Plan Rows": 15029,"Plan Width": 40,"Actual Startup Time": 32.009,"Actual Total Time": 79.933,"Actual Rows": 23890,"Actual Loops": 5,"Inner Unique": true,"Hash Cond": "(partsupp.ps_partkey = part.p_partkey)","Workers": [],"Plans": [{"Node Type": "Index Only Scan","Parent Relationship": "Outer","Parallel Aware": true,"Async Capable": false,"Scan Direction": "Forward","Index Name": "partsupp_pkey","Relation Name": "partsupp","Alias": "partsupp","Startup Cost": 347.43,"Total Cost": 15631.43,"Plan Rows": 100000,"Plan Width": 8,"Actual Startup Time": 8.516,"Actual Total Time": 32.948,"Actual Rows": 159936,"Actual Loops": 5,"Filter": "(NOT (hashed SubPlan 1))","Rows Removed by Filter": 64,"Heap Fetches": 0,"Workers": [],"Plans": [{"Node Type": "Seq Scan","Parent Relationship": "SubPlan","Subplan Name": "SubPlan 1","Parallel Aware": false,"Async Capable": false,"Relation Name": "supplier","Alias": "supplier","Startup Cost": 0.00,"Total Cost": 347.00,"Plan Rows": 1,"Plan Width": 4,"Actual Startup Time": 0.290,"Actual Total Time": 8.348,"Actual Rows": 4,"Actual Loops": 5,"Filter": "((s_comment)::text ~~ '%Customer%Complaints%'::text)","Rows Removed by Filter": 9996,"Workers": []}]},{"Node Type": "Hash","Parent Relationship": "Inner","Parallel Aware": true,"Async Capable": false,"Startup Cost": 6180.33,"Total Cost": 6180.33,"Plan Rows": 12524,"Plan Width": 40,"Actual Startup Time": 23.265,"Actual Total Time": 23.269,"Actual Rows": 5975,"Actual Loops": 5,"Hash Buckets": 32768,"Original Hash Buckets": 32768,"Hash Batches": 1,"Original Hash Batches": 1,"Peak Memory Usage": 2592,"Workers": [],"Plans": [{"Node Type": "Seq Scan","Parent Relationship": "Outer","Parallel Aware": true,"Async Capable": false,"Relation Name": "part","Alias": "part","Startup Cost": 0.00,"Total Cost": 6180.33,"Plan Rows": 12524,"Plan Width": 40,"Actual Startup Time": 0.062,"Actual Total Time": 19.776,"Actual Rows": 5975,"Actual Loops": 5,"Filter": "((p_brand <> 'Brand#13'::bpchar) AND ((p_type)::text !~~ 'PROMO ANODIZED%'::text) AND (p_size = ANY ('{28,39,26,22,49,11,14,4}'::integer[])))","Rows Removed by Filter": 34025,"Workers": []}]}]}]}]}]}]},"Planning Time": 5.391,"Triggers": [],"Execution Time": 253.720}]
[{"Plan": {"Node Type": "Sort","Parallel Aware": false,"Async Capable": false,"Startup Cost": 33189.83,"Total Cost": 33229.71,"Plan Rows": 15955,"Plan Width": 44,"Actual Startup Time": 252.452,"Actual Total Time": 254.266,"Actual Rows": 18273,"Actual Loops": 1,"Sort Key": ["(count(DISTINCT partsupp.ps_suppkey)) DESC", "part.p_brand", "part.p_type", "part.p_size"],"Sort Method": "quicksort","Sort Space Used": 2338,"Sort Space Type": "Memory","Plans": [{"Node Type": "Aggregate","Strategy": "Sorted","Partial Mode": "Simple","Parent Relationship": "Outer","Parallel Aware": false,"Async Capable": false,"Startup Cost": 24251.11,"Total Cost": 32076.03,"Plan Rows": 15955,"Plan Width": 44,"Actual Startup Time": 144.833,"Actual Total Time": 212.530,"Actual Rows": 18273,"Actual Loops": 1,"Group Key": ["part.p_brand", "part.p_type", "part.p_size"],"Plans": [{"Node Type": "Gather Merge","Parent Relationship": "Outer","Parallel Aware": false,"Async Capable": false,"Startup Cost": 24251.11,"Total Cost": 31325.63,"Plan Rows": 59085,"Plan Width": 40,"Actual Startup Time": 144.784,"Actual Total Time": 184.309,"Actual Rows": 119425,"Actual Loops": 1,"Workers Planned": 4,"Workers Launched": 4,"Plans": [{"Node Type": "Sort","Parent Relationship": "Outer","Parallel Aware": false,"Async Capable": false,"Startup Cost": 23251.05,"Total Cost": 23287.98,"Plan Rows": 14771,"Plan Width": 40,"Actual Startup Time": 125.989,"Actual Total Time": 128.782,"Actual Rows": 23885,"Actual Loops": 5,"Sort Key": ["part.p_brand", "part.p_type", "part.p_size"],"Sort Method": "quicksort","Sort Space Used": 2383,"Sort Space Type": "Memory","Workers": [{"Worker Number": 0,"Sort Method": "quicksort","Sort Space Used": 2848,"Sort Space Type": "Memory"},{"Worker Number": 1,"Sort Method": "quicksort","Sort Space Used": 2797,"Sort Space Type": "Memory"},{"Worker Number": 2,"Sort Method": "quicksort","Sort Space Used": 2796,"Sort Space Type": "Memory"},{"Worker Number": 3,"Sort Method": "quicksort","Sort Space Used": 2831,"Sort Space Type": "Memory"}],"Plans": [{"Node Type": "Hash Join","Parent Relationship": "Outer","Parallel Aware": true,"Async Capable": false,"Join Type": "Inner","Startup Cost": 6681.62,"Total Cost": 22228.12,"Plan Rows": 14771,"Plan Width": 40,"Actual Startup Time": 33.896,"Actual Total Time": 82.028,"Actual Rows": 23885,"Actual Loops": 5,"Inner Unique": true,"Hash Cond": "(partsupp.ps_partkey = part.p_partkey)","Workers": [],"Plans": [{"Node Type": "Index Only Scan","Parent Relationship": "Outer","Parallel Aware": true,"Async Capable": false,"Scan Direction": "Forward","Index Name": "partsupp_pkey","Relation Name": "partsupp","Alias": "partsupp","Startup Cost": 347.43,"Total Cost": 15631.43,"Plan Rows": 100000,"Plan Width": 8,"Actual Startup Time": 8.959,"Actual Total Time": 33.587,"Actual Rows": 159936,"Actual Loops": 5,"Filter": "(NOT (hashed SubPlan 1))","Rows Removed by Filter": 64,"Heap Fetches": 0,"Workers": [],"Plans": [{"Node Type": "Seq Scan","Parent Relationship": "SubPlan","Subplan Name": "SubPlan 1","Parallel Aware": false,"Async Capable": false,"Relation Name": "supplier","Alias": "supplier","Startup Cost": 0.00,"Total Cost": 347.00,"Plan Rows": 1,"Plan Width": 4,"Actual Startup Time": 0.303,"Actual Total Time": 8.829,"Actual Rows": 4,"Actual Loops": 5,"Filter": "((s_comment)::text ~~ '%Customer%Complaints%'::text)","Rows Removed by Filter": 9996,"Workers": []}]},{"Node Type": "Hash","Parent Relationship": "Inner","Parallel Aware": true,"Async Capable": false,"Startup Cost": 6180.33,"Total Cost": 6180.33,"Plan Rows": 12309,"Plan Width": 40,"Actual Startup Time": 24.658,"Actual Total Time": 24.664,"Actual Rows": 5973,"Actual Loops": 5,"Hash Buckets": 32768,"Original Hash Buckets": 32768,"Hash Batches": 1,"Original Hash Batches": 1,"Peak Memory Usage": 2528,"Workers": [],"Plans": [{"Node Type": "Seq Scan","Parent Relationship": "Outer","Parallel Aware": true,"Async Capable": false,"Relation Name": "part","Alias": "part","Startup Cost": 0.00,"Total Cost": 6180.33,"Plan Rows": 12309,"Plan Width": 40,"Actual Startup Time": 0.060,"Actual Total Time": 21.093,"Actual Rows": 5973,"Actual Loops": 5,"Filter": "((p_brand <> 'Brand#15'::bpchar) AND ((p_type)::text !~~ 'STANDARD ANODIZED%'::text) AND (p_size = ANY ('{9,18,8,2,32,23,6,10}'::integer[])))","Rows Removed by Filter": 34027,"Workers": []}]}]}]}]}]}]},"Planning Time": 5.414,"Triggers": [],"Execution Time": 255.668}]
[{"Plan": {"Node Type": "Sort","Parallel Aware": false,"Async Capable": false,"Startup Cost": 33438.08,"Total Cost": 33478.42,"Plan Rows": 16134,"Plan Width": 44,"Actual Startup Time": 235.887,"Actual Total Time": 237.598,"Actual Rows": 18355,"Actual Loops": 1,"Sort Key": ["(count(DISTINCT partsupp.ps_suppkey)) DESC", "part.p_brand", "part.p_type", "part.p_size"],"Sort Method": "quicksort","Sort Space Used": 2345,"Sort Space Type": "Memory","Plans": [{"Node Type": "Aggregate","Strategy": "Sorted","Partial Mode": "Simple","Parent Relationship": "Outer","Parallel Aware": false,"Async Capable": false,"Startup Cost": 24284.51,"Total Cost": 32310.49,"Plan Rows": 16134,"Plan Width": 44,"Actual Startup Time": 132.182,"Actual Total Time": 197.865,"Actual Rows": 18355,"Actual Loops": 1,"Group Key": ["part.p_brand", "part.p_type", "part.p_size"],"Plans": [{"Node Type": "Gather Merge","Parent Relationship": "Outer","Parallel Aware": false,"Async Capable": false,"Startup Cost": 24284.51,"Total Cost": 31542.94,"Plan Rows": 60621,"Plan Width": 40,"Actual Startup Time": 132.103,"Actual Total Time": 170.199,"Actual Rows": 119641,"Actual Loops": 1,"Workers Planned": 4,"Workers Launched": 4,"Plans": [{"Node Type": "Sort","Parent Relationship": "Outer","Parallel Aware": false,"Async Capable": false,"Startup Cost": 23284.45,"Total Cost": 23322.34,"Plan Rows": 15155,"Plan Width": 40,"Actual Startup Time": 122.094,"Actual Total Time": 124.581,"Actual Rows": 23928,"Actual Loops": 5,"Sort Key": ["part.p_brand", "part.p_type", "part.p_size"],"Sort Method": "quicksort","Sort Space Used": 2674,"Sort Space Type": "Memory","Workers": [{"Worker Number": 0,"Sort Method": "quicksort","Sort Space Used": 2658,"Sort Space Type": "Memory"},{"Worker Number": 1,"Sort Method": "quicksort","Sort Space Used": 2843,"Sort Space Type": "Memory"},{"Worker Number": 2,"Sort Method": "quicksort","Sort Space Used": 2650,"Sort Space Type": "Memory"},{"Worker Number": 3,"Sort Method": "quicksort","Sort Space Used": 2867,"Sort Space Type": "Memory"}],"Plans": [{"Node Type": "Hash Join","Parent Relationship": "Outer","Parallel Aware": true,"Async Capable": false,"Join Type": "Inner","Startup Cost": 6685.62,"Total Cost": 22232.12,"Plan Rows": 15155,"Plan Width": 40,"Actual Startup Time": 31.682,"Actual Total Time": 80.232,"Actual Rows": 23928,"Actual Loops": 5,"Inner Unique": true,"Hash Cond": "(partsupp.ps_partkey = part.p_partkey)","Workers": [],"Plans": [{"Node Type": "Index Only Scan","Parent Relationship": "Outer","Parallel Aware": true,"Async Capable": false,"Scan Direction": "Forward","Index Name": "partsupp_pkey","Relation Name": "partsupp","Alias": "partsupp","Startup Cost": 347.43,"Total Cost": 15631.43,"Plan Rows": 100000,"Plan Width": 8,"Actual Startup Time": 7.867,"Actual Total Time": 32.732,"Actual Rows": 159936,"Actual Loops": 5,"Filter": "(NOT (hashed SubPlan 1))","Rows Removed by Filter": 64,"Heap Fetches": 0,"Workers": [],"Plans": [{"Node Type": "Seq Scan","Parent Relationship": "SubPlan","Subplan Name": "SubPlan 1","Parallel Aware": false,"Async Capable": false,"Relation Name": "supplier","Alias": "supplier","Startup Cost": 0.00,"Total Cost": 347.00,"Plan Rows": 1,"Plan Width": 4,"Actual Startup Time": 0.324,"Actual Total Time": 7.668,"Actual Rows": 4,"Actual Loops": 5,"Filter": "((s_comment)::text ~~ '%Customer%Complaints%'::text)","Rows Removed by Filter": 9996,"Workers": []}]},{"Node Type": "Hash","Parent Relationship": "Inner","Parallel Aware": true,"Async Capable": false,"Startup Cost": 6180.33,"Total Cost": 6180.33,"Plan Rows": 12629,"Plan Width": 40,"Actual Startup Time": 23.528,"Actual Total Time": 23.532,"Actual Rows": 5984,"Actual Loops": 5,"Hash Buckets": 32768,"Original Hash Buckets": 32768,"Hash Batches": 1,"Original Hash Batches": 1,"Peak Memory Usage": 2560,"Workers": [],"Plans": [{"Node Type": "Seq Scan","Parent Relationship": "Outer","Parallel Aware": true,"Async Capable": false,"Relation Name": "part","Alias": "part","Startup Cost": 0.00,"Total Cost": 6180.33,"Plan Rows": 12629,"Plan Width": 40,"Actual Startup Time": 0.061,"Actual Total Time": 19.787,"Actual Rows": 5984,"Actual Loops": 5,"Filter": "((p_brand <> 'Brand#34'::bpchar) AND ((p_type)::text !~~ 'MEDIUM BRUSHED%'::text) AND (p_size = ANY ('{16,38,33,14,20,10,50,49}'::integer[])))","Rows Removed by Filter": 34016,"Workers": []}]}]}]}]}]}]},"Planning Time": 3.805,"Triggers": [],"Execution Time": 238.462}]
[{"Plan": {"Node Type": "Sort","Parallel Aware": false,"Async Capable": false,"Startup Cost": 32961.35,"Total Cost": 33000.81,"Plan Rows": 15785,"Plan Width": 44,"Actual Startup Time": 269.200,"Actual Total Time": 271.200,"Actual Rows": 18296,"Actual Loops": 1,"Sort Key": ["(count(DISTINCT partsupp.ps_suppkey)) DESC", "part.p_brand", "part.p_type", "part.p_size"],"Sort Method": "quicksort","Sort Space Used": 2340,"Sort Space Type": "Memory","Plans": [{"Node Type": "Aggregate","Strategy": "Sorted","Partial Mode": "Simple","Parent Relationship": "Outer","Parallel Aware": false,"Async Capable": false,"Startup Cost": 24220.47,"Total Cost": 31860.64,"Plan Rows": 15785,"Plan Width": 44,"Actual Startup Time": 162.335,"Actual Total Time": 231.996,"Actual Rows": 18296,"Actual Loops": 1,"Group Key": ["part.p_brand", "part.p_type", "part.p_size"],"Plans": [{"Node Type": "Gather Merge","Parent Relationship": "Outer","Parallel Aware": false,"Async Capable": false,"Startup Cost": 24220.47,"Total Cost": 31126.05,"Plan Rows": 57674,"Plan Width": 40,"Actual Startup Time": 162.284,"Actual Total Time": 203.015,"Actual Rows": 119489,"Actual Loops": 1,"Workers Planned": 4,"Workers Launched": 4,"Plans": [{"Node Type": "Sort","Parent Relationship": "Outer","Parallel Aware": false,"Async Capable": false,"Startup Cost": 23220.41,"Total Cost": 23256.46,"Plan Rows": 14418,"Plan Width": 40,"Actual Startup Time": 133.332,"Actual Total Time": 136.056,"Actual Rows": 23898,"Actual Loops": 5,"Sort Key": ["part.p_brand", "part.p_type", "part.p_size"],"Sort Method": "quicksort","Sort Space Used": 2369,"Sort Space Type": "Memory","Workers": [{"Worker Number": 0,"Sort Method": "quicksort","Sort Space Used": 2777,"Sort Space Type": "Memory"},{"Worker Number": 1,"Sort Method": "quicksort","Sort Space Used": 2831,"Sort Space Type": "Memory"},{"Worker Number": 2,"Sort Method": "quicksort","Sort Space Used": 2868,"Sort Space Type": "Memory"},{"Worker Number": 3,"Sort Method": "quicksort","Sort Space Used": 2836,"Sort Space Type": "Memory"}],"Plans": [{"Node Type": "Hash Join","Parent Relationship": "Outer","Parallel Aware": true,"Async Capable": false,"Join Type": "Inner","Startup Cost": 6677.95,"Total Cost": 22224.45,"Plan Rows": 14418,"Plan Width": 40,"Actual Startup Time": 34.924,"Actual Total Time": 83.305,"Actual Rows": 23898,"Actual Loops": 5,"Inner Unique": true,"Hash Cond": "(partsupp.ps_partkey = part.p_partkey)","Workers": [],"Plans": [{"Node Type": "Index Only Scan","Parent Relationship": "Outer","Parallel Aware": true,"Async Capable": false,"Scan Direction": "Forward","Index Name": "partsupp_pkey","Relation Name": "partsupp","Alias": "partsupp","Startup Cost": 347.43,"Total Cost": 15631.43,"Plan Rows": 100000,"Plan Width": 8,"Actual Startup Time": 8.791,"Actual Total Time": 33.815,"Actual Rows": 159936,"Actual Loops": 5,"Filter": "(NOT (hashed SubPlan 1))","Rows Removed by Filter": 64,"Heap Fetches": 0,"Workers": [],"Plans": [{"Node Type": "Seq Scan","Parent Relationship": "SubPlan","Subplan Name": "SubPlan 1","Parallel Aware": false,"Async Capable": false,"Relation Name": "supplier","Alias": "supplier","Startup Cost": 0.00,"Total Cost": 347.00,"Plan Rows": 1,"Plan Width": 4,"Actual Startup Time": 0.215,"Actual Total Time": 8.651,"Actual Rows": 4,"Actual Loops": 5,"Filter": "((s_comment)::text ~~ '%Customer%Complaints%'::text)","Rows Removed by Filter": 9996,"Workers": []}]},{"Node Type": "Hash","Parent Relationship": "Inner","Parallel Aware": true,"Async Capable": false,"Startup Cost": 6180.33,"Total Cost": 6180.33,"Plan Rows": 12015,"Plan Width": 40,"Actual Startup Time": 25.857,"Actual Total Time": 25.862,"Actual Rows": 5977,"Actual Loops": 5,"Hash Buckets": 32768,"Original Hash Buckets": 32768,"Hash Batches": 1,"Original Hash Batches": 1,"Peak Memory Usage": 2592,"Workers": [],"Plans": [{"Node Type": "Seq Scan","Parent Relationship": "Outer","Parallel Aware": true,"Async Capable": false,"Relation Name": "part","Alias": "part","Startup Cost": 0.00,"Total Cost": 6180.33,"Plan Rows": 12015,"Plan Width": 40,"Actual Startup Time": 0.067,"Actual Total Time": 22.094,"Actual Rows": 5977,"Actual Loops": 5,"Filter": "((p_brand <> 'Brand#42'::bpchar) AND ((p_type)::text !~~ 'LARGE ANODIZED%'::text) AND (p_size = ANY ('{23,33,42,32,22,39,12,44}'::integer[])))","Rows Removed by Filter": 34023,"Workers": []}]}]}]}]}]}]},"Planning Time": 3.964,"Triggers": [],"Execution Time": 272.578}]
[{"Plan": {"Node Type": "Sort","Parallel Aware": false,"Async Capable": false,"Startup Cost": 33257.31,"Total Cost": 33297.32,"Plan Rows": 16004,"Plan Width": 44,"Actual Startup Time": 236.957,"Actual Total Time": 238.736,"Actual Rows": 18339,"Actual Loops": 1,"Sort Key": ["(count(DISTINCT partsupp.ps_suppkey)) DESC", "part.p_brand", "part.p_type", "part.p_size"],"Sort Method": "quicksort","Sort Space Used": 2344,"Sort Space Type": "Memory","Plans": [{"Node Type": "Aggregate","Strategy": "Sorted","Partial Mode": "Simple","Parent Relationship": "Outer","Parallel Aware": false,"Async Capable": false,"Startup Cost": 24260.23,"Total Cost": 32139.74,"Plan Rows": 16004,"Plan Width": 44,"Actual Startup Time": 131.425,"Actual Total Time": 197.889,"Actual Rows": 18339,"Actual Loops": 1,"Group Key": ["part.p_brand", "part.p_type", "part.p_size"],"Plans": [{"Node Type": "Gather Merge","Parent Relationship": "Outer","Parallel Aware": false,"Async Capable": false,"Startup Cost": 24260.23,"Total Cost": 31384.68,"Plan Rows": 59502,"Plan Width": 40,"Actual Startup Time": 131.361,"Actual Total Time": 170.264,"Actual Rows": 119428,"Actual Loops": 1,"Workers Planned": 4,"Workers Launched": 4,"Plans": [{"Node Type": "Sort","Parent Relationship": "Outer","Parallel Aware": false,"Async Capable": false,"Startup Cost": 23260.17,"Total Cost": 23297.36,"Plan Rows": 14876,"Plan Width": 40,"Actual Startup Time": 123.839,"Actual Total Time": 126.411,"Actual Rows": 23886,"Actual Loops": 5,"Sort Key": ["part.p_brand", "part.p_type", "part.p_size"],"Sort Method": "quicksort","Sort Space Used": 2714,"Sort Space Type": "Memory","Workers": [{"Worker Number": 0,"Sort Method": "quicksort","Sort Space Used": 2744,"Sort Space Type": "Memory"},{"Worker Number": 1,"Sort Method": "quicksort","Sort Space Used": 2728,"Sort Space Type": "Memory"},{"Worker Number": 2,"Sort Method": "quicksort","Sort Space Used": 2752,"Sort Space Type": "Memory"},{"Worker Number": 3,"Sort Method": "quicksort","Sort Space Used": 2724,"Sort Space Type": "Memory"}],"Plans": [{"Node Type": "Hash Join","Parent Relationship": "Outer","Parallel Aware": true,"Async Capable": false,"Join Type": "Inner","Startup Cost": 6682.71,"Total Cost": 22229.21,"Plan Rows": 14876,"Plan Width": 40,"Actual Startup Time": 31.016,"Actual Total Time": 81.839,"Actual Rows": 23886,"Actual Loops": 5,"Inner Unique": true,"Hash Cond": "(partsupp.ps_partkey = part.p_partkey)","Workers": [],"Plans": [{"Node Type": "Index Only Scan","Parent Relationship": "Outer","Parallel Aware": true,"Async Capable": false,"Scan Direction": "Forward","Index Name": "partsupp_pkey","Relation Name": "partsupp","Alias": "partsupp","Startup Cost": 347.43,"Total Cost": 15631.43,"Plan Rows": 100000,"Plan Width": 8,"Actual Startup Time": 7.596,"Actual Total Time": 32.632,"Actual Rows": 159936,"Actual Loops": 5,"Filter": "(NOT (hashed SubPlan 1))","Rows Removed by Filter": 64,"Heap Fetches": 0,"Workers": [],"Plans": [{"Node Type": "Seq Scan","Parent Relationship": "SubPlan","Subplan Name": "SubPlan 1","Parallel Aware": false,"Async Capable": false,"Relation Name": "supplier","Alias": "supplier","Startup Cost": 0.00,"Total Cost": 347.00,"Plan Rows": 1,"Plan Width": 4,"Actual Startup Time": 0.201,"Actual Total Time": 7.456,"Actual Rows": 4,"Actual Loops": 5,"Filter": "((s_comment)::text ~~ '%Customer%Complaints%'::text)","Rows Removed by Filter": 9996,"Workers": []}]},{"Node Type": "Hash","Parent Relationship": "Inner","Parallel Aware": true,"Async Capable": false,"Startup Cost": 6180.33,"Total Cost": 6180.33,"Plan Rows": 12396,"Plan Width": 40,"Actual Startup Time": 23.186,"Actual Total Time": 23.189,"Actual Rows": 5974,"Actual Loops": 5,"Hash Buckets": 32768,"Original Hash Buckets": 32768,"Hash Batches": 1,"Original Hash Batches": 1,"Peak Memory Usage": 2560,"Workers": [],"Plans": [{"Node Type": "Seq Scan","Parent Relationship": "Outer","Parallel Aware": true,"Async Capable": false,"Relation Name": "part","Alias": "part","Startup Cost": 0.00,"Total Cost": 6180.33,"Plan Rows": 12396,"Plan Width": 40,"Actual Startup Time": 0.051,"Actual Total Time": 19.106,"Actual Rows": 5974,"Actual Loops": 5,"Filter": "((p_brand <> 'Brand#44'::bpchar) AND ((p_type)::text !~~ 'MEDIUM POLISHED%'::text) AND (p_size = ANY ('{21,1,13,8,5,25,10,2}'::integer[])))","Rows Removed by Filter": 34026,"Workers": []}]}]}]}]}]}]},"Planning Time": 3.780,"Triggers": [],"Execution Time": 239.622}]
[{"Plan": {"Node Type": "Sort","Parallel Aware": false,"Async Capable": false,"Startup Cost": 33281.57,"Total Cost": 33321.62,"Plan Rows": 16022,"Plan Width": 44,"Actual Startup Time": 240.292,"Actual Total Time": 241.816,"Actual Rows": 18384,"Actual Loops": 1,"Sort Key": ["(count(DISTINCT partsupp.ps_suppkey)) DESC", "part.p_brand", "part.p_type", "part.p_size"],"Sort Method": "quicksort","Sort Space Used": 2348,"Sort Space Type": "Memory","Plans": [{"Node Type": "Aggregate","Strategy": "Sorted","Partial Mode": "Simple","Parent Relationship": "Outer","Parallel Aware": false,"Async Capable": false,"Startup Cost": 24263.46,"Total Cost": 32162.61,"Plan Rows": 16022,"Plan Width": 44,"Actual Startup Time": 135.492,"Actual Total Time": 201.594,"Actual Rows": 18384,"Actual Loops": 1,"Group Key": ["part.p_brand", "part.p_type", "part.p_size"],"Plans": [{"Node Type": "Gather Merge","Parent Relationship": "Outer","Parallel Aware": false,"Async Capable": false,"Startup Cost": 24263.46,"Total Cost": 31405.87,"Plan Rows": 59652,"Plan Width": 40,"Actual Startup Time": 135.426,"Actual Total Time": 174.049,"Actual Rows": 119505,"Actual Loops": 1,"Workers Planned": 4,"Workers Launched": 4,"Plans": [{"Node Type": "Sort","Parent Relationship": "Outer","Parallel Aware": false,"Async Capable": false,"Startup Cost": 23263.40,"Total Cost": 23300.68,"Plan Rows": 14913,"Plan Width": 40,"Actual Startup Time": 123.472,"Actual Total Time": 126.057,"Actual Rows": 23901,"Actual Loops": 5,"Sort Key": ["part.p_brand", "part.p_type", "part.p_size"],"Sort Method": "quicksort","Sort Space Used": 2462,"Sort Space Type": "Memory","Workers": [{"Worker Number": 0,"Sort Method": "quicksort","Sort Space Used": 2937,"Sort Space Type": "Memory"},{"Worker Number": 1,"Sort Method": "quicksort","Sort Space Used": 2506,"Sort Space Type": "Memory"},{"Worker Number": 2,"Sort Method": "quicksort","Sort Space Used": 2897,"Sort Space Type": "Memory"},{"Worker Number": 3,"Sort Method": "quicksort","Sort Space Used": 2877,"Sort Space Type": "Memory"}],"Plans": [{"Node Type": "Hash Join","Parent Relationship": "Outer","Parallel Aware": true,"Async Capable": false,"Join Type": "Inner","Startup Cost": 6683.11,"Total Cost": 22229.61,"Plan Rows": 14913,"Plan Width": 40,"Actual Startup Time": 31.522,"Actual Total Time": 81.569,"Actual Rows": 23901,"Actual Loops": 5,"Inner Unique": true,"Hash Cond": "(partsupp.ps_partkey = part.p_partkey)","Workers": [],"Plans": [{"Node Type": "Index Only Scan","Parent Relationship": "Outer","Parallel Aware": true,"Async Capable": false,"Scan Direction": "Forward","Index Name": "partsupp_pkey","Relation Name": "partsupp","Alias": "partsupp","Startup Cost": 347.43,"Total Cost": 15631.43,"Plan Rows": 100000,"Plan Width": 8,"Actual Startup Time": 7.069,"Actual Total Time": 32.368,"Actual Rows": 159936,"Actual Loops": 5,"Filter": "(NOT (hashed SubPlan 1))","Rows Removed by Filter": 64,"Heap Fetches": 0,"Workers": [],"Plans": [{"Node Type": "Seq Scan","Parent Relationship": "SubPlan","Subplan Name": "SubPlan 1","Parallel Aware": false,"Async Capable": false,"Relation Name": "supplier","Alias": "supplier","Startup Cost": 0.00,"Total Cost": 347.00,"Plan Rows": 1,"Plan Width": 4,"Actual Startup Time": 0.223,"Actual Total Time": 6.940,"Actual Rows": 4,"Actual Loops": 5,"Filter": "((s_comment)::text ~~ '%Customer%Complaints%'::text)","Rows Removed by Filter": 9996,"Workers": []}]},{"Node Type": "Hash","Parent Relationship": "Inner","Parallel Aware": true,"Async Capable": false,"Startup Cost": 6180.33,"Total Cost": 6180.33,"Plan Rows": 12428,"Plan Width": 40,"Actual Startup Time": 24.171,"Actual Total Time": 24.175,"Actual Rows": 5978,"Actual Loops": 5,"Hash Buckets": 32768,"Original Hash Buckets": 32768,"Hash Batches": 1,"Original Hash Batches": 1,"Peak Memory Usage": 2592,"Workers": [],"Plans": [{"Node Type": "Seq Scan","Parent Relationship": "Outer","Parallel Aware": true,"Async Capable": false,"Relation Name": "part","Alias": "part","Startup Cost": 0.00,"Total Cost": 6180.33,"Plan Rows": 12428,"Plan Width": 40,"Actual Startup Time": 0.064,"Actual Total Time": 20.214,"Actual Rows": 5978,"Actual Loops": 5,"Filter": "((p_brand <> 'Brand#35'::bpchar) AND ((p_type)::text !~~ 'LARGE POLISHED%'::text) AND (p_size = ANY ('{24,42,14,7,45,30,26,17}'::integer[])))","Rows Removed by Filter": 34022,"Workers": []}]}]}]}]}]}]},"Planning Time": 4.829,"Triggers": [],"Execution Time": 242.776}]
[{"Plan": {"Node Type": "Sort","Parallel Aware": false,"Async Capable": false,"Startup Cost": 33000.21,"Total Cost": 33039.74,"Plan Rows": 15814,"Plan Width": 44,"Actual Startup Time": 239.003,"Actual Total Time": 240.848,"Actual Rows": 18341,"Actual Loops": 1,"Sort Key": ["(count(DISTINCT partsupp.ps_suppkey)) DESC", "part.p_brand", "part.p_type", "part.p_size"],"Sort Method": "quicksort","Sort Space Used": 2344,"Sort Space Type": "Memory","Plans": [{"Node Type": "Aggregate","Strategy": "Sorted","Partial Mode": "Simple","Parent Relationship": "Outer","Parallel Aware": false,"Async Capable": false,"Startup Cost": 24225.68,"Total Cost": 31897.27,"Plan Rows": 15814,"Plan Width": 44,"Actual Startup Time": 135.963,"Actual Total Time": 201.485,"Actual Rows": 18341,"Actual Loops": 1,"Group Key": ["part.p_brand", "part.p_type", "part.p_size"],"Plans": [{"Node Type": "Gather Merge","Parent Relationship": "Outer","Parallel Aware": false,"Async Capable": false,"Startup Cost": 24225.68,"Total Cost": 31159.99,"Plan Rows": 57914,"Plan Width": 40,"Actual Startup Time": 135.919,"Actual Total Time": 173.995,"Actual Rows": 118898,"Actual Loops": 1,"Workers Planned": 4,"Workers Launched": 4,"Plans": [{"Node Type": "Sort","Parent Relationship": "Outer","Parallel Aware": false,"Async Capable": false,"Startup Cost": 23225.62,"Total Cost": 23261.81,"Plan Rows": 14478,"Plan Width": 40,"Actual Startup Time": 124.651,"Actual Total Time": 127.305,"Actual Rows": 23780,"Actual Loops": 5,"Sort Key": ["part.p_brand", "part.p_type", "part.p_size"],"Sort Method": "quicksort","Sort Space Used": 2433,"Sort Space Type": "Memory","Workers": [{"Worker Number": 0,"Sort Method": "quicksort","Sort Space Used": 2895,"Sort Space Type": "Memory"},{"Worker Number": 1,"Sort Method": "quicksort","Sort Space Used": 2903,"Sort Space Type": "Memory"},{"Worker Number": 2,"Sort Method": "quicksort","Sort Space Used": 2905,"Sort Space Type": "Memory"},{"Worker Number": 3,"Sort Method": "quicksort","Sort Space Used": 2488,"Sort Space Type": "Memory"}],"Plans": [{"Node Type": "Hash Join","Parent Relationship": "Outer","Parallel Aware": true,"Async Capable": false,"Join Type": "Inner","Startup Cost": 6678.57,"Total Cost": 22225.07,"Plan Rows": 14478,"Plan Width": 40,"Actual Startup Time": 33.293,"Actual Total Time": 82.915,"Actual Rows": 23780,"Actual Loops": 5,"Inner Unique": true,"Hash Cond": "(partsupp.ps_partkey = part.p_partkey)","Workers": [],"Plans": [{"Node Type": "Index Only Scan","Parent Relationship": "Outer","Parallel Aware": true,"Async Capable": false,"Scan Direction": "Forward","Index Name": "partsupp_pkey","Relation Name": "partsupp","Alias": "partsupp","Startup Cost": 347.43,"Total Cost": 15631.43,"Plan Rows": 100000,"Plan Width": 8,"Actual Startup Time": 8.976,"Actual Total Time": 34.462,"Actual Rows": 159936,"Actual Loops": 5,"Filter": "(NOT (hashed SubPlan 1))","Rows Removed by Filter": 64,"Heap Fetches": 0,"Workers": [],"Plans": [{"Node Type": "Seq Scan","Parent Relationship": "SubPlan","Subplan Name": "SubPlan 1","Parallel Aware": false,"Async Capable": false,"Relation Name": "supplier","Alias": "supplier","Startup Cost": 0.00,"Total Cost": 347.00,"Plan Rows": 1,"Plan Width": 4,"Actual Startup Time": 0.283,"Actual Total Time": 8.837,"Actual Rows": 4,"Actual Loops": 5,"Filter": "((s_comment)::text ~~ '%Customer%Complaints%'::text)","Rows Removed by Filter": 9996,"Workers": []}]},{"Node Type": "Hash","Parent Relationship": "Inner","Parallel Aware": true,"Async Capable": false,"Startup Cost": 6180.33,"Total Cost": 6180.33,"Plan Rows": 12065,"Plan Width": 40,"Actual Startup Time": 24.014,"Actual Total Time": 24.018,"Actual Rows": 5947,"Actual Loops": 5,"Hash Buckets": 32768,"Original Hash Buckets": 32768,"Hash Batches": 1,"Original Hash Batches": 1,"Peak Memory Usage": 2560,"Workers": [],"Plans": [{"Node Type": "Seq Scan","Parent Relationship": "Outer","Parallel Aware": true,"Async Capable": false,"Relation Name": "part","Alias": "part","Startup Cost": 0.00,"Total Cost": 6180.33,"Plan Rows": 12065,"Plan Width": 40,"Actual Startup Time": 0.080,"Actual Total Time": 20.569,"Actual Rows": 5947,"Actual Loops": 5,"Filter": "((p_brand <> 'Brand#44'::bpchar) AND ((p_type)::text !~~ 'SMALL BURNISHED%'::text) AND (p_size = ANY ('{32,5,49,8,11,38,24,12}'::integer[])))","Rows Removed by Filter": 34053,"Workers": []}]}]}]}]}]}]},"Planning Time": 5.029,"Triggers": [],"Execution Time": 242.305}]
[{"Plan": {"Node Type": "Sort","Parallel Aware": false,"Async Capable": false,"Startup Cost": 33129.53,"Total Cost": 33169.31,"Plan Rows": 15911,"Plan Width": 44,"Actual Startup Time": 237.978,"Actual Total Time": 239.997,"Actual Rows": 18345,"Actual Loops": 1,"Sort Key": ["(count(DISTINCT partsupp.ps_suppkey)) DESC", "part.p_brand", "part.p_type", "part.p_size"],"Sort Method": "quicksort","Sort Space Used": 2344,"Sort Space Type": "Memory","Plans": [{"Node Type": "Aggregate","Strategy": "Sorted","Partial Mode": "Simple","Parent Relationship": "Outer","Parallel Aware": false,"Async Capable": false,"Startup Cost": 24243.04,"Total Cost": 32019.13,"Plan Rows": 15911,"Plan Width": 44,"Actual Startup Time": 134.816,"Actual Total Time": 200.237,"Actual Rows": 18345,"Actual Loops": 1,"Group Key": ["part.p_brand", "part.p_type", "part.p_size"],"Plans": [{"Node Type": "Gather Merge","Parent Relationship": "Outer","Parallel Aware": false,"Async Capable": false,"Startup Cost": 24243.04,"Total Cost": 31272.90,"Plan Rows": 58712,"Plan Width": 40,"Actual Startup Time": 134.705,"Actual Total Time": 172.883,"Actual Rows": 118250,"Actual Loops": 1,"Workers Planned": 4,"Workers Launched": 4,"Plans": [{"Node Type": "Sort","Parent Relationship": "Outer","Parallel Aware": false,"Async Capable": false,"Startup Cost": 23242.98,"Total Cost": 23279.67,"Plan Rows": 14678,"Plan Width": 40,"Actual Startup Time": 124.949,"Actual Total Time": 127.303,"Actual Rows": 23650,"Actual Loops": 5,"Sort Key": ["part.p_brand", "part.p_type", "part.p_size"],"Sort Method": "quicksort","Sort Space Used": 2843,"Sort Space Type": "Memory","Workers": [{"Worker Number": 0,"Sort Method": "quicksort","Sort Space Used": 2792,"Sort Space Type": "Memory"},{"Worker Number": 1,"Sort Method": "quicksort","Sort Space Used": 2536,"Sort Space Type": "Memory"},{"Worker Number": 2,"Sort Method": "quicksort","Sort Space Used": 2847,"Sort Space Type": "Memory"},{"Worker Number": 3,"Sort Method": "quicksort","Sort Space Used": 2550,"Sort Space Type": "Memory"}],"Plans": [{"Node Type": "Hash Join","Parent Relationship": "Outer","Parallel Aware": true,"Async Capable": false,"Join Type": "Inner","Startup Cost": 6680.66,"Total Cost": 22227.16,"Plan Rows": 14678,"Plan Width": 40,"Actual Startup Time": 32.552,"Actual Total Time": 83.131,"Actual Rows": 23650,"Actual Loops": 5,"Inner Unique": true,"Hash Cond": "(partsupp.ps_partkey = part.p_partkey)","Workers": [],"Plans": [{"Node Type": "Index Only Scan","Parent Relationship": "Outer","Parallel Aware": true,"Async Capable": false,"Scan Direction": "Forward","Index Name": "partsupp_pkey","Relation Name": "partsupp","Alias": "partsupp","Startup Cost": 347.43,"Total Cost": 15631.43,"Plan Rows": 100000,"Plan Width": 8,"Actual Startup Time": 7.917,"Actual Total Time": 32.679,"Actual Rows": 159936,"Actual Loops": 5,"Filter": "(NOT (hashed SubPlan 1))","Rows Removed by Filter": 64,"Heap Fetches": 0,"Workers": [],"Plans": [{"Node Type": "Seq Scan","Parent Relationship": "SubPlan","Subplan Name": "SubPlan 1","Parallel Aware": false,"Async Capable": false,"Relation Name": "supplier","Alias": "supplier","Startup Cost": 0.00,"Total Cost": 347.00,"Plan Rows": 1,"Plan Width": 4,"Actual Startup Time": 0.148,"Actual Total Time": 7.764,"Actual Rows": 4,"Actual Loops": 5,"Filter": "((s_comment)::text ~~ '%Customer%Complaints%'::text)","Rows Removed by Filter": 9996,"Workers": []}]},{"Node Type": "Hash","Parent Relationship": "Inner","Parallel Aware": true,"Async Capable": false,"Startup Cost": 6180.33,"Total Cost": 6180.33,"Plan Rows": 12232,"Plan Width": 40,"Actual Startup Time": 24.371,"Actual Total Time": 24.376,"Actual Rows": 5914,"Actual Loops": 5,"Hash Buckets": 32768,"Original Hash Buckets": 32768,"Hash Batches": 1,"Original Hash Batches": 1,"Peak Memory Usage": 2528,"Workers": [],"Plans": [{"Node Type": "Seq Scan","Parent Relationship": "Outer","Parallel Aware": true,"Async Capable": false,"Relation Name": "part","Alias": "part","Startup Cost": 0.00,"Total Cost": 6180.33,"Plan Rows": 12232,"Plan Width": 40,"Actual Startup Time": 0.049,"Actual Total Time": 20.313,"Actual Rows": 5914,"Actual Loops": 5,"Filter": "((p_brand <> 'Brand#24'::bpchar) AND ((p_type)::text !~~ 'MEDIUM POLISHED%'::text) AND (p_size = ANY ('{48,24,1,46,2,19,40,36}'::integer[])))","Rows Removed by Filter": 34086,"Workers": []}]}]}]}]}]}]},"Planning Time": 4.227,"Triggers": [],"Execution Time": 241.067}]
[{"Plan": {"Node Type": "Sort","Parallel Aware": false,"Async Capable": false,"Startup Cost": 32939.02,"Total Cost": 32978.44,"Plan Rows": 15768,"Plan Width": 44,"Actual Startup Time": 231.853,"Actual Total Time": 233.922,"Actual Rows": 18134,"Actual Loops": 1,"Sort Key": ["(count(DISTINCT partsupp.ps_suppkey)) DESC", "part.p_brand", "part.p_type", "part.p_size"],"Sort Method": "quicksort","Sort Space Used": 2326,"Sort Space Type": "Memory","Plans": [{"Node Type": "Aggregate","Strategy": "Sorted","Partial Mode": "Simple","Parent Relationship": "Outer","Parallel Aware": false,"Async Capable": false,"Startup Cost": 24217.53,"Total Cost": 31839.62,"Plan Rows": 15768,"Plan Width": 44,"Actual Startup Time": 130.923,"Actual Total Time": 196.765,"Actual Rows": 18134,"Actual Loops": 1,"Group Key": ["part.p_brand", "part.p_type", "part.p_size"],"Plans": [{"Node Type": "Gather Merge","Parent Relationship": "Outer","Parallel Aware": false,"Async Capable": false,"Startup Cost": 24217.53,"Total Cost": 31106.58,"Plan Rows": 57536,"Plan Width": 40,"Actual Startup Time": 130.841,"Actual Total Time": 169.626,"Actual Rows": 117554,"Actual Loops": 1,"Workers Planned": 4,"Workers Launched": 4,"Plans": [{"Node Type": "Sort","Parent Relationship": "Outer","Parallel Aware": false,"Async Capable": false,"Startup Cost": 23217.47,"Total Cost": 23253.43,"Plan Rows": 14384,"Plan Width": 40,"Actual Startup Time": 121.465,"Actual Total Time": 124.057,"Actual Rows": 23511,"Actual Loops": 5,"Sort Key": ["part.p_brand", "part.p_type", "part.p_size"],"Sort Method": "quicksort","Sort Space Used": 2662,"Sort Space Type": "Memory","Workers": [{"Worker Number": 0,"Sort Method": "quicksort","Sort Space Used": 2783,"Sort Space Type": "Memory"},{"Worker Number": 1,"Sort Method": "quicksort","Sort Space Used": 2754,"Sort Space Type": "Memory"},{"Worker Number": 2,"Sort Method": "quicksort","Sort Space Used": 2706,"Sort Space Type": "Memory"},{"Worker Number": 3,"Sort Method": "quicksort","Sort Space Used": 2627,"Sort Space Type": "Memory"}],"Plans": [{"Node Type": "Hash Join","Parent Relationship": "Outer","Parallel Aware": true,"Async Capable": false,"Join Type": "Inner","Startup Cost": 6677.60,"Total Cost": 22224.10,"Plan Rows": 14384,"Plan Width": 40,"Actual Startup Time": 30.626,"Actual Total Time": 80.469,"Actual Rows": 23511,"Actual Loops": 5,"Inner Unique": true,"Hash Cond": "(partsupp.ps_partkey = part.p_partkey)","Workers": [],"Plans": [{"Node Type": "Index Only Scan","Parent Relationship": "Outer","Parallel Aware": true,"Async Capable": false,"Scan Direction": "Forward","Index Name": "partsupp_pkey","Relation Name": "partsupp","Alias": "partsupp","Startup Cost": 347.43,"Total Cost": 15631.43,"Plan Rows": 100000,"Plan Width": 8,"Actual Startup Time": 7.841,"Actual Total Time": 32.534,"Actual Rows": 159936,"Actual Loops": 5,"Filter": "(NOT (hashed SubPlan 1))","Rows Removed by Filter": 64,"Heap Fetches": 0,"Workers": [],"Plans": [{"Node Type": "Seq Scan","Parent Relationship": "SubPlan","Subplan Name": "SubPlan 1","Parallel Aware": false,"Async Capable": false,"Relation Name": "supplier","Alias": "supplier","Startup Cost": 0.00,"Total Cost": 347.00,"Plan Rows": 1,"Plan Width": 4,"Actual Startup Time": 0.323,"Actual Total Time": 7.628,"Actual Rows": 4,"Actual Loops": 5,"Filter": "((s_comment)::text ~~ '%Customer%Complaints%'::text)","Rows Removed by Filter": 9996,"Workers": []}]},{"Node Type": "Hash","Parent Relationship": "Inner","Parallel Aware": true,"Async Capable": false,"Startup Cost": 6180.33,"Total Cost": 6180.33,"Plan Rows": 11987,"Plan Width": 40,"Actual Startup Time": 22.459,"Actual Total Time": 22.463,"Actual Rows": 5880,"Actual Loops": 5,"Hash Buckets": 32768,"Original Hash Buckets": 32768,"Hash Batches": 1,"Original Hash Batches": 1,"Peak Memory Usage": 2528,"Workers": [],"Plans": [{"Node Type": "Seq Scan","Parent Relationship": "Outer","Parallel Aware": true,"Async Capable": false,"Relation Name": "part","Alias": "part","Startup Cost": 0.00,"Total Cost": 6180.33,"Plan Rows": 11987,"Plan Width": 40,"Actual Startup Time": 0.066,"Actual Total Time": 18.914,"Actual Rows": 5880,"Actual Loops": 5,"Filter": "((p_brand <> 'Brand#43'::bpchar) AND ((p_type)::text !~~ 'LARGE BRUSHED%'::text) AND (p_size = ANY ('{12,13,36,11,20,6,44,45}'::integer[])))","Rows Removed by Filter": 34120,"Workers": []}]}]}]}]}]}]},"Planning Time": 80.451,"Triggers": [],"Execution Time": 235.195}]
[{"Plan": {"Node Type": "Sort","Parallel Aware": false,"Async Capable": false,"Startup Cost": 33531.49,"Total Cost": 33571.99,"Plan Rows": 16199,"Plan Width": 44,"Actual Startup Time": 252.588,"Actual Total Time": 254.549,"Actual Rows": 18169,"Actual Loops": 1,"Sort Key": ["(count(DISTINCT partsupp.ps_suppkey)) DESC", "part.p_brand", "part.p_type", "part.p_size"],"Sort Method": "quicksort","Sort Space Used": 2329,"Sort Space Type": "Memory","Plans": [{"Node Type": "Aggregate","Strategy": "Sorted","Partial Mode": "Simple","Parent Relationship": "Outer","Parallel Aware": false,"Async Capable": false,"Startup Cost": 24297.14,"Total Cost": 32398.89,"Plan Rows": 16199,"Plan Width": 44,"Actual Startup Time": 145.518,"Actual Total Time": 215.702,"Actual Rows": 18169,"Actual Loops": 1,"Group Key": ["part.p_brand", "part.p_type", "part.p_size"],"Plans": [{"Node Type": "Gather Merge","Parent Relationship": "Outer","Parallel Aware": false,"Async Capable": false,"Startup Cost": 24297.14,"Total Cost": 31624.90,"Plan Rows": 61200,"Plan Width": 40,"Actual Startup Time": 145.451,"Actual Total Time": 186.299,"Actual Rows": 118599,"Actual Loops": 1,"Workers Planned": 4,"Workers Launched": 4,"Plans": [{"Node Type": "Sort","Parent Relationship": "Outer","Parallel Aware": false,"Async Capable": false,"Startup Cost": 23297.08,"Total Cost": 23335.33,"Plan Rows": 15300,"Plan Width": 40,"Actual Startup Time": 124.414,"Actual Total Time": 127.342,"Actual Rows": 23720,"Actual Loops": 5,"Sort Key": ["part.p_brand", "part.p_type", "part.p_size"],"Sort Method": "quicksort","Sort Space Used": 2324,"Sort Space Type": "Memory","Workers": [{"Worker Number": 0,"Sort Method": "quicksort","Sort Space Used": 2816,"Sort Space Type": "Memory"},{"Worker Number": 1,"Sort Method": "quicksort","Sort Space Used": 2818,"Sort Space Type": "Memory"},{"Worker Number": 2,"Sort Method": "quicksort","Sort Space Used": 2809,"Sort Space Type": "Memory"},{"Worker Number": 3,"Sort Method": "quicksort","Sort Space Used": 2824,"Sort Space Type": "Memory"}],"Plans": [{"Node Type": "Hash Join","Parent Relationship": "Outer","Parallel Aware": true,"Async Capable": false,"Join Type": "Inner","Startup Cost": 6687.14,"Total Cost": 22233.64,"Plan Rows": 15300,"Plan Width": 40,"Actual Startup Time": 32.661,"Actual Total Time": 80.695,"Actual Rows": 23720,"Actual Loops": 5,"Inner Unique": true,"Hash Cond": "(partsupp.ps_partkey = part.p_partkey)","Workers": [],"Plans": [{"Node Type": "Index Only Scan","Parent Relationship": "Outer","Parallel Aware": true,"Async Capable": false,"Scan Direction": "Forward","Index Name": "partsupp_pkey","Relation Name": "partsupp","Alias": "partsupp","Startup Cost": 347.43,"Total Cost": 15631.43,"Plan Rows": 100000,"Plan Width": 8,"Actual Startup Time": 8.848,"Actual Total Time": 33.409,"Actual Rows": 159936,"Actual Loops": 5,"Filter": "(NOT (hashed SubPlan 1))","Rows Removed by Filter": 64,"Heap Fetches": 0,"Workers": [],"Plans": [{"Node Type": "Seq Scan","Parent Relationship": "SubPlan","Subplan Name": "SubPlan 1","Parallel Aware": false,"Async Capable": false,"Relation Name": "supplier","Alias": "supplier","Startup Cost": 0.00,"Total Cost": 347.00,"Plan Rows": 1,"Plan Width": 4,"Actual Startup Time": 0.428,"Actual Total Time": 8.691,"Actual Rows": 4,"Actual Loops": 5,"Filter": "((s_comment)::text ~~ '%Customer%Complaints%'::text)","Rows Removed by Filter": 9996,"Workers": []}]},{"Node Type": "Hash","Parent Relationship": "Inner","Parallel Aware": true,"Async Capable": false,"Startup Cost": 6180.33,"Total Cost": 6180.33,"Plan Rows": 12750,"Plan Width": 40,"Actual Startup Time": 23.499,"Actual Total Time": 23.504,"Actual Rows": 5933,"Actual Loops": 5,"Hash Buckets": 32768,"Original Hash Buckets": 32768,"Hash Batches": 1,"Original Hash Batches": 1,"Peak Memory Usage": 2560,"Workers": [],"Plans": [{"Node Type": "Seq Scan","Parent Relationship": "Outer","Parallel Aware": true,"Async Capable": false,"Relation Name": "part","Alias": "part","Startup Cost": 0.00,"Total Cost": 6180.33,"Plan Rows": 12750,"Plan Width": 40,"Actual Startup Time": 0.066,"Actual Total Time": 19.941,"Actual Rows": 5933,"Actual Loops": 5,"Filter": "((p_brand <> 'Brand#11'::bpchar) AND ((p_type)::text !~~ 'ECONOMY POLISHED%'::text) AND (p_size = ANY ('{26,29,15,18,34,41,27,45}'::integer[])))","Rows Removed by Filter": 34067,"Workers": []}]}]}]}]}]}]},"Planning Time": 4.134,"Triggers": [],"Execution Time": 255.954}]
[{"Plan": {"Node Type": "Sort","Parallel Aware": false,"Async Capable": false,"Startup Cost": 33380.71,"Total Cost": 33420.94,"Plan Rows": 16093,"Plan Width": 44,"Actual Startup Time": 234.337,"Actual Total Time": 236.200,"Actual Rows": 18175,"Actual Loops": 1,"Sort Key": ["(count(DISTINCT partsupp.ps_suppkey)) DESC", "part.p_brand", "part.p_type", "part.p_size"],"Sort Method": "quicksort","Sort Space Used": 2329,"Sort Space Type": "Memory","Plans": [{"Node Type": "Aggregate","Strategy": "Sorted","Partial Mode": "Simple","Parent Relationship": "Outer","Parallel Aware": false,"Async Capable": false,"Startup Cost": 24276.76,"Total Cost": 32256.28,"Plan Rows": 16093,"Plan Width": 44,"Actual Startup Time": 130.989,"Actual Total Time": 196.800,"Actual Rows": 18175,"Actual Loops": 1,"Group Key": ["part.p_brand", "part.p_type", "part.p_size"],"Plans": [{"Node Type": "Gather Merge","Parent Relationship": "Outer","Parallel Aware": false,"Async Capable": false,"Startup Cost": 24276.76,"Total Cost": 31492.69,"Plan Rows": 60266,"Plan Width": 40,"Actual Startup Time": 130.925,"Actual Total Time": 169.491,"Actual Rows": 118044,"Actual Loops": 1,"Workers Planned": 4,"Workers Launched": 4,"Plans": [{"Node Type": "Sort","Parent Relationship": "Outer","Parallel Aware": false,"Async Capable": false,"Startup Cost": 23276.70,"Total Cost": 23314.37,"Plan Rows": 15066,"Plan Width": 40,"Actual Startup Time": 122.553,"Actual Total Time": 125.176,"Actual Rows": 23609,"Actual Loops": 5,"Sort Key": ["part.p_brand", "part.p_type", "part.p_size"],"Sort Method": "quicksort","Sort Space Used": 2722,"Sort Space Type": "Memory","Workers": [{"Worker Number": 0,"Sort Method": "quicksort","Sort Space Used": 2749,"Sort Space Type": "Memory"},{"Worker Number": 1,"Sort Method": "quicksort","Sort Space Used": 2677,"Sort Space Type": "Memory"},{"Worker Number": 2,"Sort Method": "quicksort","Sort Space Used": 2703,"Sort Space Type": "Memory"},{"Worker Number": 3,"Sort Method": "quicksort","Sort Space Used": 2700,"Sort Space Type": "Memory"}],"Plans": [{"Node Type": "Hash Join","Parent Relationship": "Outer","Parallel Aware": true,"Async Capable": false,"Join Type": "Inner","Startup Cost": 6684.70,"Total Cost": 22231.20,"Plan Rows": 15066,"Plan Width": 40,"Actual Startup Time": 30.911,"Actual Total Time": 81.132,"Actual Rows": 23609,"Actual Loops": 5,"Inner Unique": true,"Hash Cond": "(partsupp.ps_partkey = part.p_partkey)","Workers": [],"Plans": [{"Node Type": "Index Only Scan","Parent Relationship": "Outer","Parallel Aware": true,"Async Capable": false,"Scan Direction": "Forward","Index Name": "partsupp_pkey","Relation Name": "partsupp","Alias": "partsupp","Startup Cost": 347.43,"Total Cost": 15631.43,"Plan Rows": 100000,"Plan Width": 8,"Actual Startup Time": 7.754,"Actual Total Time": 32.825,"Actual Rows": 159936,"Actual Loops": 5,"Filter": "(NOT (hashed SubPlan 1))","Rows Removed by Filter": 64,"Heap Fetches": 0,"Workers": [],"Plans": [{"Node Type": "Seq Scan","Parent Relationship": "SubPlan","Subplan Name": "SubPlan 1","Parallel Aware": false,"Async Capable": false,"Relation Name": "supplier","Alias": "supplier","Startup Cost": 0.00,"Total Cost": 347.00,"Plan Rows": 1,"Plan Width": 4,"Actual Startup Time": 0.246,"Actual Total Time": 7.605,"Actual Rows": 4,"Actual Loops": 5,"Filter": "((s_comment)::text ~~ '%Customer%Complaints%'::text)","Rows Removed by Filter": 9996,"Workers": []}]},{"Node Type": "Hash","Parent Relationship": "Inner","Parallel Aware": true,"Async Capable": false,"Startup Cost": 6180.33,"Total Cost": 6180.33,"Plan Rows": 12555,"Plan Width": 40,"Actual Startup Time": 22.933,"Actual Total Time": 22.937,"Actual Rows": 5905,"Actual Loops": 5,"Hash Buckets": 32768,"Original Hash Buckets": 32768,"Hash Batches": 1,"Original Hash Batches": 1,"Peak Memory Usage": 2592,"Workers": [],"Plans": [{"Node Type": "Seq Scan","Parent Relationship": "Outer","Parallel Aware": true,"Async Capable": false,"Relation Name": "part","Alias": "part","Startup Cost": 0.00,"Total Cost": 6180.33,"Plan Rows": 12555,"Plan Width": 40,"Actual Startup Time": 0.043,"Actual Total Time": 19.030,"Actual Rows": 5905,"Actual Loops": 5,"Filter": "((p_brand <> 'Brand#55'::bpchar) AND ((p_type)::text !~~ 'STANDARD BRUSHED%'::text) AND (p_size = ANY ('{36,26,1,41,33,18,25,17}'::integer[])))","Rows Removed by Filter": 34095,"Workers": []}]}]}]}]}]}]},"Planning Time": 3.742,"Triggers": [],"Execution Time": 237.105}]
[{"Plan": {"Node Type": "Sort","Parallel Aware": false,"Async Capable": false,"Startup Cost": 32950.96,"Total Cost": 32990.41,"Plan Rows": 15777,"Plan Width": 44,"Actual Startup Time": 240.048,"Actual Total Time": 241.674,"Actual Rows": 18143,"Actual Loops": 1,"Sort Key": ["(count(DISTINCT partsupp.ps_suppkey)) DESC", "part.p_brand", "part.p_type", "part.p_size"],"Sort Method": "quicksort","Sort Space Used": 2327,"Sort Space Type": "Memory","Plans": [{"Node Type": "Aggregate","Strategy": "Sorted","Partial Mode": "Simple","Parent Relationship": "Outer","Parallel Aware": false,"Async Capable": false,"Startup Cost": 24219.09,"Total Cost": 31850.87,"Plan Rows": 15777,"Plan Width": 44,"Actual Startup Time": 134.809,"Actual Total Time": 202.458,"Actual Rows": 18143,"Actual Loops": 1,"Group Key": ["part.p_brand", "part.p_type", "part.p_size"],"Plans": [{"Node Type": "Gather Merge","Parent Relationship": "Outer","Parallel Aware": false,"Async Capable": false,"Startup Cost": 24219.09,"Total Cost": 31117.00,"Plan Rows": 57610,"Plan Width": 40,"Actual Startup Time": 134.742,"Actual Total Time": 174.153,"Actual Rows": 116836,"Actual Loops": 1,"Workers Planned": 4,"Workers Launched": 4,"Plans": [{"Node Type": "Sort","Parent Relationship": "Outer","Parallel Aware": false,"Async Capable": false,"Startup Cost": 23219.03,"Total Cost": 23255.04,"Plan Rows": 14402,"Plan Width": 40,"Actual Startup Time": 123.139,"Actual Total Time": 125.758,"Actual Rows": 23367,"Actual Loops": 5,"Sort Key": ["part.p_brand", "part.p_type", "part.p_size"],"Sort Method": "quicksort","Sort Space Used": 2407,"Sort Space Type": "Memory","Workers": [{"Worker Number": 0,"Sort Method": "quicksort","Sort Space Used": 2851,"Sort Space Type": "Memory"},{"Worker Number": 1,"Sort Method": "quicksort","Sort Space Used": 2454,"Sort Space Type": "Memory"},{"Worker Number": 2,"Sort Method": "quicksort","Sort Space Used": 2880,"Sort Space Type": "Memory"},{"Worker Number": 3,"Sort Method": "quicksort","Sort Space Used": 2859,"Sort Space Type": "Memory"}],"Plans": [{"Node Type": "Hash Join","Parent Relationship": "Outer","Parallel Aware": true,"Async Capable": false,"Join Type": "Inner","Startup Cost": 6677.79,"Total Cost": 22224.29,"Plan Rows": 14402,"Plan Width": 40,"Actual Startup Time": 32.497,"Actual Total Time": 82.214,"Actual Rows": 23367,"Actual Loops": 5,"Inner Unique": true,"Hash Cond": "(partsupp.ps_partkey = part.p_partkey)","Workers": [],"Plans": [{"Node Type": "Index Only Scan","Parent Relationship": "Outer","Parallel Aware": true,"Async Capable": false,"Scan Direction": "Forward","Index Name": "partsupp_pkey","Relation Name": "partsupp","Alias": "partsupp","Startup Cost": 347.43,"Total Cost": 15631.43,"Plan Rows": 100000,"Plan Width": 8,"Actual Startup Time": 7.763,"Actual Total Time": 33.151,"Actual Rows": 159936,"Actual Loops": 5,"Filter": "(NOT (hashed SubPlan 1))","Rows Removed by Filter": 64,"Heap Fetches": 0,"Workers": [],"Plans": [{"Node Type": "Seq Scan","Parent Relationship": "SubPlan","Subplan Name": "SubPlan 1","Parallel Aware": false,"Async Capable": false,"Relation Name": "supplier","Alias": "supplier","Startup Cost": 0.00,"Total Cost": 347.00,"Plan Rows": 1,"Plan Width": 4,"Actual Startup Time": 0.200,"Actual Total Time": 7.611,"Actual Rows": 4,"Actual Loops": 5,"Filter": "((s_comment)::text ~~ '%Customer%Complaints%'::text)","Rows Removed by Filter": 9996,"Workers": []}]},{"Node Type": "Hash","Parent Relationship": "Inner","Parallel Aware": true,"Async Capable": false,"Startup Cost": 6180.33,"Total Cost": 6180.33,"Plan Rows": 12002,"Plan Width": 40,"Actual Startup Time": 24.433,"Actual Total Time": 24.438,"Actual Rows": 5844,"Actual Loops": 5,"Hash Buckets": 32768,"Original Hash Buckets": 32768,"Hash Batches": 1,"Original Hash Batches": 1,"Peak Memory Usage": 2528,"Workers": [],"Plans": [{"Node Type": "Seq Scan","Parent Relationship": "Outer","Parallel Aware": true,"Async Capable": false,"Relation Name": "part","Alias": "part","Startup Cost": 0.00,"Total Cost": 6180.33,"Plan Rows": 12002,"Plan Width": 40,"Actual Startup Time": 0.063,"Actual Total Time": 20.311,"Actual Rows": 5844,"Actual Loops": 5,"Filter": "((p_brand <> 'Brand#42'::bpchar) AND ((p_type)::text !~~ 'STANDARD PLATED%'::text) AND (p_size = ANY ('{12,15,38,17,31,27,44,23}'::integer[])))","Rows Removed by Filter": 34156,"Workers": []}]}]}]}]}]}]},"Planning Time": 3.963,"Triggers": [],"Execution Time": 242.582}]
[{"Plan": {"Node Type": "Sort","Parallel Aware": false,"Async Capable": false,"Startup Cost": 33078.24,"Total Cost": 33117.93,"Plan Rows": 15873,"Plan Width": 44,"Actual Startup Time": 234.465,"Actual Total Time": 236.253,"Actual Rows": 18265,"Actual Loops": 1,"Sort Key": ["(count(DISTINCT partsupp.ps_suppkey)) DESC", "part.p_brand", "part.p_type", "part.p_size"],"Sort Method": "quicksort","Sort Space Used": 2337,"Sort Space Type": "Memory","Plans": [{"Node Type": "Aggregate","Strategy": "Sorted","Partial Mode": "Simple","Parent Relationship": "Outer","Parallel Aware": false,"Async Capable": false,"Startup Cost": 24236.18,"Total Cost": 31970.76,"Plan Rows": 15873,"Plan Width": 44,"Actual Startup Time": 130.815,"Actual Total Time": 196.919,"Actual Rows": 18265,"Actual Loops": 1,"Group Key": ["part.p_brand", "part.p_type", "part.p_size"],"Plans": [{"Node Type": "Gather Merge","Parent Relationship": "Outer","Parallel Aware": false,"Async Capable": false,"Startup Cost": 24236.18,"Total Cost": 31228.08,"Plan Rows": 58395,"Plan Width": 40,"Actual Startup Time": 130.744,"Actual Total Time": 169.412,"Actual Rows": 118016,"Actual Loops": 1,"Workers Planned": 4,"Workers Launched": 4,"Plans": [{"Node Type": "Sort","Parent Relationship": "Outer","Parallel Aware": false,"Async Capable": false,"Startup Cost": 23236.12,"Total Cost": 23272.62,"Plan Rows": 14599,"Plan Width": 40,"Actual Startup Time": 121.793,"Actual Total Time": 124.431,"Actual Rows": 23603,"Actual Loops": 5,"Sort Key": ["part.p_brand", "part.p_type", "part.p_size"],"Sort Method": "quicksort","Sort Space Used": 2672,"Sort Space Type": "Memory","Workers": [{"Worker Number": 0,"Sort Method": "quicksort","Sort Space Used": 2724,"Sort Space Type": "Memory"},{"Worker Number": 1,"Sort Method": "quicksort","Sort Space Used": 2662,"Sort Space Type": "Memory"},{"Worker Number": 2,"Sort Method": "quicksort","Sort Space Used": 2770,"Sort Space Type": "Memory"},{"Worker Number": 3,"Sort Method": "quicksort","Sort Space Used": 2726,"Sort Space Type": "Memory"}],"Plans": [{"Node Type": "Hash Join","Parent Relationship": "Outer","Parallel Aware": true,"Async Capable": false,"Join Type": "Inner","Startup Cost": 6679.84,"Total Cost": 22226.34,"Plan Rows": 14599,"Plan Width": 40,"Actual Startup Time": 30.598,"Actual Total Time": 80.602,"Actual Rows": 23603,"Actual Loops": 5,"Inner Unique": true,"Hash Cond": "(partsupp.ps_partkey = part.p_partkey)","Workers": [],"Plans": [{"Node Type": "Index Only Scan","Parent Relationship": "Outer","Parallel Aware": true,"Async Capable": false,"Scan Direction": "Forward","Index Name": "partsupp_pkey","Relation Name": "partsupp","Alias": "partsupp","Startup Cost": 347.43,"Total Cost": 15631.43,"Plan Rows": 100000,"Plan Width": 8,"Actual Startup Time": 7.393,"Actual Total Time": 32.077,"Actual Rows": 159936,"Actual Loops": 5,"Filter": "(NOT (hashed SubPlan 1))","Rows Removed by Filter": 64,"Heap Fetches": 0,"Workers": [],"Plans": [{"Node Type": "Seq Scan","Parent Relationship": "SubPlan","Subplan Name": "SubPlan 1","Parallel Aware": false,"Async Capable": false,"Relation Name": "supplier","Alias": "supplier","Startup Cost": 0.00,"Total Cost": 347.00,"Plan Rows": 1,"Plan Width": 4,"Actual Startup Time": 0.138,"Actual Total Time": 7.248,"Actual Rows": 4,"Actual Loops": 5,"Filter": "((s_comment)::text ~~ '%Customer%Complaints%'::text)","Rows Removed by Filter": 9996,"Workers": []}]},{"Node Type": "Hash","Parent Relationship": "Inner","Parallel Aware": true,"Async Capable": false,"Startup Cost": 6180.33,"Total Cost": 6180.33,"Plan Rows": 12166,"Plan Width": 40,"Actual Startup Time": 22.928,"Actual Total Time": 22.930,"Actual Rows": 5904,"Actual Loops": 5,"Hash Buckets": 32768,"Original Hash Buckets": 32768,"Hash Batches": 1,"Original Hash Batches": 1,"Peak Memory Usage": 2528,"Workers": [],"Plans": [{"Node Type": "Seq Scan","Parent Relationship": "Outer","Parallel Aware": true,"Async Capable": false,"Relation Name": "part","Alias": "part","Startup Cost": 0.00,"Total Cost": 6180.33,"Plan Rows": 12166,"Plan Width": 40,"Actual Startup Time": 0.061,"Actual Total Time": 19.296,"Actual Rows": 5904,"Actual Loops": 5,"Filter": "((p_brand <> 'Brand#35'::bpchar) AND ((p_type)::text !~~ 'LARGE POLISHED%'::text) AND (p_size = ANY ('{49,23,26,24,25,3,42,43}'::integer[])))","Rows Removed by Filter": 34096,"Workers": []}]}]}]}]}]}]},"Planning Time": 4.379,"Triggers": [],"Execution Time": 237.562}]
[{"Plan": {"Node Type": "Sort","Parallel Aware": false,"Async Capable": false,"Startup Cost": 33223.72,"Total Cost": 33263.67,"Plan Rows": 15980,"Plan Width": 44,"Actual Startup Time": 239.861,"Actual Total Time": 241.500,"Actual Rows": 18247,"Actual Loops": 1,"Sort Key": ["(count(DISTINCT partsupp.ps_suppkey)) DESC", "part.p_brand", "part.p_type", "part.p_size"],"Sort Method": "quicksort","Sort Space Used": 2337,"Sort Space Type": "Memory","Plans": [{"Node Type": "Aggregate","Strategy": "Sorted","Partial Mode": "Simple","Parent Relationship": "Outer","Parallel Aware": false,"Async Capable": false,"Startup Cost": 24255.71,"Total Cost": 32108.00,"Plan Rows": 15980,"Plan Width": 44,"Actual Startup Time": 133.671,"Actual Total Time": 202.013,"Actual Rows": 18247,"Actual Loops": 1,"Group Key": ["part.p_brand", "part.p_type", "part.p_size"],"Plans": [{"Node Type": "Gather Merge","Parent Relationship": "Outer","Parallel Aware": false,"Async Capable": false,"Startup Cost": 24255.71,"Total Cost": 31355.26,"Plan Rows": 59294,"Plan Width": 40,"Actual Startup Time": 133.618,"Actual Total Time": 173.563,"Actual Rows": 118891,"Actual Loops": 1,"Workers Planned": 4,"Workers Launched": 4,"Plans": [{"Node Type": "Sort","Parent Relationship": "Outer","Parallel Aware": false,"Async Capable": false,"Startup Cost": 23255.65,"Total Cost": 23292.71,"Plan Rows": 14824,"Plan Width": 40,"Actual Startup Time": 122.192,"Actual Total Time": 124.946,"Actual Rows": 23778,"Actual Loops": 5,"Sort Key": ["part.p_brand", "part.p_type", "part.p_size"],"Sort Method": "quicksort","Sort Space Used": 2443,"Sort Space Type": "Memory","Workers": [{"Worker Number": 0,"Sort Method": "quicksort","Sort Space Used": 2880,"Sort Space Type": "Memory"},{"Worker Number": 1,"Sort Method": "quicksort","Sort Space Used": 2487,"Sort Space Type": "Memory"},{"Worker Number": 2,"Sort Method": "quicksort","Sort Space Used": 2906,"Sort Space Type": "Memory"},{"Worker Number": 3,"Sort Method": "quicksort","Sort Space Used": 2925,"Sort Space Type": "Memory"}],"Plans": [{"Node Type": "Hash Join","Parent Relationship": "Outer","Parallel Aware": true,"Async Capable": false,"Join Type": "Inner","Startup Cost": 6682.17,"Total Cost": 22228.67,"Plan Rows": 14824,"Plan Width": 40,"Actual Startup Time": 30.533,"Actual Total Time": 80.426,"Actual Rows": 23778,"Actual Loops": 5,"Inner Unique": true,"Hash Cond": "(partsupp.ps_partkey = part.p_partkey)","Workers": [],"Plans": [{"Node Type": "Index Only Scan","Parent Relationship": "Outer","Parallel Aware": true,"Async Capable": false,"Scan Direction": "Forward","Index Name": "partsupp_pkey","Relation Name": "partsupp","Alias": "partsupp","Startup Cost": 347.43,"Total Cost": 15631.43,"Plan Rows": 100000,"Plan Width": 8,"Actual Startup Time": 7.101,"Actual Total Time": 32.450,"Actual Rows": 159936,"Actual Loops": 5,"Filter": "(NOT (hashed SubPlan 1))","Rows Removed by Filter": 64,"Heap Fetches": 0,"Workers": [],"Plans": [{"Node Type": "Seq Scan","Parent Relationship": "SubPlan","Subplan Name": "SubPlan 1","Parallel Aware": false,"Async Capable": false,"Relation Name": "supplier","Alias": "supplier","Startup Cost": 0.00,"Total Cost": 347.00,"Plan Rows": 1,"Plan Width": 4,"Actual Startup Time": 0.144,"Actual Total Time": 6.917,"Actual Rows": 4,"Actual Loops": 5,"Filter": "((s_comment)::text ~~ '%Customer%Complaints%'::text)","Rows Removed by Filter": 9996,"Workers": []}]},{"Node Type": "Hash","Parent Relationship": "Inner","Parallel Aware": true,"Async Capable": false,"Startup Cost": 6180.33,"Total Cost": 6180.33,"Plan Rows": 12353,"Plan Width": 40,"Actual Startup Time": 23.178,"Actual Total Time": 23.182,"Actual Rows": 5947,"Actual Loops": 5,"Hash Buckets": 32768,"Original Hash Buckets": 32768,"Hash Batches": 1,"Original Hash Batches": 1,"Peak Memory Usage": 2560,"Workers": [],"Plans": [{"Node Type": "Seq Scan","Parent Relationship": "Outer","Parallel Aware": true,"Async Capable": false,"Relation Name": "part","Alias": "part","Startup Cost": 0.00,"Total Cost": 6180.33,"Plan Rows": 12353,"Plan Width": 40,"Actual Startup Time": 0.052,"Actual Total Time": 19.277,"Actual Rows": 5947,"Actual Loops": 5,"Filter": "((p_brand <> 'Brand#51'::bpchar) AND ((p_type)::text !~~ 'LARGE PLATED%'::text) AND (p_size = ANY ('{14,21,36,7,33,5,43,13}'::integer[])))","Rows Removed by Filter": 34053,"Workers": []}]}]}]}]}]}]},"Planning Time": 4.228,"Triggers": [],"Execution Time": 242.442}]
[{"Plan": {"Node Type": "Sort","Parallel Aware": false,"Async Capable": false,"Startup Cost": 33482.34,"Total Cost": 33522.76,"Plan Rows": 16165,"Plan Width": 44,"Actual Startup Time": 233.389,"Actual Total Time": 235.191,"Actual Rows": 18260,"Actual Loops": 1,"Sort Key": ["(count(DISTINCT partsupp.ps_suppkey)) DESC", "part.p_brand", "part.p_type", "part.p_size"],"Sort Method": "quicksort","Sort Space Used": 2337,"Sort Space Type": "Memory","Plans": [{"Node Type": "Aggregate","Strategy": "Sorted","Partial Mode": "Simple","Parent Relationship": "Outer","Parallel Aware": false,"Async Capable": false,"Startup Cost": 24290.52,"Total Cost": 32352.36,"Plan Rows": 16165,"Plan Width": 44,"Actual Startup Time": 129.656,"Actual Total Time": 195.352,"Actual Rows": 18260,"Actual Loops": 1,"Group Key": ["part.p_brand", "part.p_type", "part.p_size"],"Plans": [{"Node Type": "Gather Merge","Parent Relationship": "Outer","Parallel Aware": false,"Async Capable": false,"Startup Cost": 24290.52,"Total Cost": 31581.76,"Plan Rows": 60895,"Plan Width": 40,"Actual Startup Time": 129.572,"Actual Total Time": 168.046,"Actual Rows": 117830,"Actual Loops": 1,"Workers Planned": 4,"Workers Launched": 4,"Plans": [{"Node Type": "Sort","Parent Relationship": "Outer","Parallel Aware": false,"Async Capable": false,"Startup Cost": 23290.46,"Total Cost": 23328.52,"Plan Rows": 15224,"Plan Width": 40,"Actual Startup Time": 121.687,"Actual Total Time": 124.232,"Actual Rows": 23566,"Actual Loops": 5,"Sort Key": ["part.p_brand", "part.p_type", "part.p_size"],"Sort Method": "quicksort","Sort Space Used": 2687,"Sort Space Type": "Memory","Workers": [{"Worker Number": 0,"Sort Method": "quicksort","Sort Space Used": 2715,"Sort Space Type": "Memory"},{"Worker Number": 1,"Sort Method": "quicksort","Sort Space Used": 2719,"Sort Space Type": "Memory"},{"Worker Number": 2,"Sort Method": "quicksort","Sort Space Used": 2720,"Sort Space Type": "Memory"},{"Worker Number": 3,"Sort Method": "quicksort","Sort Space Used": 2706,"Sort Space Type": "Memory"}],"Plans": [{"Node Type": "Hash Join","Parent Relationship": "Outer","Parallel Aware": true,"Async Capable": false,"Join Type": "Inner","Startup Cost": 6686.35,"Total Cost": 22232.85,"Plan Rows": 15224,"Plan Width": 40,"Actual Startup Time": 29.980,"Actual Total Time": 80.475,"Actual Rows": 23566,"Actual Loops": 5,"Inner Unique": true,"Hash Cond": "(partsupp.ps_partkey = part.p_partkey)","Workers": [],"Plans": [{"Node Type": "Index Only Scan","Parent Relationship": "Outer","Parallel Aware": true,"Async Capable": false,"Scan Direction": "Forward","Index Name": "partsupp_pkey","Relation Name": "partsupp","Alias": "partsupp","Startup Cost": 347.43,"Total Cost": 15631.43,"Plan Rows": 100000,"Plan Width": 8,"Actual Startup Time": 7.242,"Actual Total Time": 32.256,"Actual Rows": 159936,"Actual Loops": 5,"Filter": "(NOT (hashed SubPlan 1))","Rows Removed by Filter": 64,"Heap Fetches": 0,"Workers": [],"Plans": [{"Node Type": "Seq Scan","Parent Relationship": "SubPlan","Subplan Name": "SubPlan 1","Parallel Aware": false,"Async Capable": false,"Relation Name": "supplier","Alias": "supplier","Startup Cost": 0.00,"Total Cost": 347.00,"Plan Rows": 1,"Plan Width": 4,"Actual Startup Time": 0.202,"Actual Total Time": 7.098,"Actual Rows": 4,"Actual Loops": 5,"Filter": "((s_comment)::text ~~ '%Customer%Complaints%'::text)","Rows Removed by Filter": 9996,"Workers": []}]},{"Node Type": "Hash","Parent Relationship": "Inner","Parallel Aware": true,"Async Capable": false,"Startup Cost": 6180.33,"Total Cost": 6180.33,"Plan Rows": 12687,"Plan Width": 40,"Actual Startup Time": 22.496,"Actual Total Time": 22.499,"Actual Rows": 5894,"Actual Loops": 5,"Hash Buckets": 32768,"Original Hash Buckets": 32768,"Hash Batches": 1,"Original Hash Batches": 1,"Peak Memory Usage": 2496,"Workers": [],"Plans": [{"Node Type": "Seq Scan","Parent Relationship": "Outer","Parallel Aware": true,"Async Capable": false,"Relation Name": "part","Alias": "part","Startup Cost": 0.00,"Total Cost": 6180.33,"Plan Rows": 12687,"Plan Width": 40,"Actual Startup Time": 0.056,"Actual Total Time": 18.511,"Actual Rows": 5894,"Actual Loops": 5,"Filter": "((p_brand <> 'Brand#14'::bpchar) AND ((p_type)::text !~~ 'PROMO ANODIZED%'::text) AND (p_size = ANY ('{38,17,50,19,35,1,14,31}'::integer[])))","Rows Removed by Filter": 34106,"Workers": []}]}]}]}]}]}]},"Planning Time": 4.474,"Triggers": [],"Execution Time": 236.071}]
[{"Plan": {"Node Type": "Sort","Parallel Aware": false,"Async Capable": false,"Startup Cost": 32957.93,"Total Cost": 32997.38,"Plan Rows": 15782,"Plan Width": 44,"Actual Startup Time": 231.915,"Actual Total Time": 233.814,"Actual Rows": 18158,"Actual Loops": 1,"Sort Key": ["(count(DISTINCT partsupp.ps_suppkey)) DESC", "part.p_brand", "part.p_type", "part.p_size"],"Sort Method": "quicksort","Sort Space Used": 2328,"Sort Space Type": "Memory","Plans": [{"Node Type": "Aggregate","Strategy": "Sorted","Partial Mode": "Simple","Parent Relationship": "Outer","Parallel Aware": false,"Async Capable": false,"Startup Cost": 24220.04,"Total Cost": 31857.45,"Plan Rows": 15782,"Plan Width": 44,"Actual Startup Time": 129.824,"Actual Total Time": 195.195,"Actual Rows": 18158,"Actual Loops": 1,"Group Key": ["part.p_brand", "part.p_type", "part.p_size"],"Plans": [{"Node Type": "Gather Merge","Parent Relationship": "Outer","Parallel Aware": false,"Async Capable": false,"Startup Cost": 24220.04,"Total Cost": 31123.10,"Plan Rows": 57653,"Plan Width": 40,"Actual Startup Time": 129.748,"Actual Total Time": 168.114,"Actual Rows": 117310,"Actual Loops": 1,"Workers Planned": 4,"Workers Launched": 4,"Plans": [{"Node Type": "Sort","Parent Relationship": "Outer","Parallel Aware": false,"Async Capable": false,"Startup Cost": 23219.98,"Total Cost": 23256.01,"Plan Rows": 14413,"Plan Width": 40,"Actual Startup Time": 121.109,"Actual Total Time": 123.482,"Actual Rows": 23462,"Actual Loops": 5,"Sort Key": ["part.p_brand", "part.p_type", "part.p_size"],"Sort Method": "quicksort","Sort Space Used": 2668,"Sort Space Type": "Memory","Workers": [{"Worker Number": 0,"Sort Method": "quicksort","Sort Space Used": 2731,"Sort Space Type": "Memory"},{"Worker Number": 1,"Sort Method": "quicksort","Sort Space Used": 2711,"Sort Space Type": "Memory"},{"Worker Number": 2,"Sort Method": "quicksort","Sort Space Used": 2642,"Sort Space Type": "Memory"},{"Worker Number": 3,"Sort Method": "quicksort","Sort Space Used": 2729,"Sort Space Type": "Memory"}],"Plans": [{"Node Type": "Hash Join","Parent Relationship": "Outer","Parallel Aware": true,"Async Capable": false,"Join Type": "Inner","Startup Cost": 6677.90,"Total Cost": 22224.40,"Plan Rows": 14413,"Plan Width": 40,"Actual Startup Time": 29.640,"Actual Total Time": 79.829,"Actual Rows": 23462,"Actual Loops": 5,"Inner Unique": true,"Hash Cond": "(partsupp.ps_partkey = part.p_partkey)","Workers": [],"Plans": [{"Node Type": "Index Only Scan","Parent Relationship": "Outer","Parallel Aware": true,"Async Capable": false,"Scan Direction": "Forward","Index Name": "partsupp_pkey","Relation Name": "partsupp","Alias": "partsupp","Startup Cost": 347.43,"Total Cost": 15631.43,"Plan Rows": 100000,"Plan Width": 8,"Actual Startup Time": 7.219,"Actual Total Time": 32.047,"Actual Rows": 159936,"Actual Loops": 5,"Filter": "(NOT (hashed SubPlan 1))","Rows Removed by Filter": 64,"Heap Fetches": 0,"Workers": [],"Plans": [{"Node Type": "Seq Scan","Parent Relationship": "SubPlan","Subplan Name": "SubPlan 1","Parallel Aware": false,"Async Capable": false,"Relation Name": "supplier","Alias": "supplier","Startup Cost": 0.00,"Total Cost": 347.00,"Plan Rows": 1,"Plan Width": 4,"Actual Startup Time": 0.126,"Actual Total Time": 7.078,"Actual Rows": 4,"Actual Loops": 5,"Filter": "((s_comment)::text ~~ '%Customer%Complaints%'::text)","Rows Removed by Filter": 9996,"Workers": []}]},{"Node Type": "Hash","Parent Relationship": "Inner","Parallel Aware": true,"Async Capable": false,"Startup Cost": 6180.33,"Total Cost": 6180.33,"Plan Rows": 12011,"Plan Width": 40,"Actual Startup Time": 22.130,"Actual Total Time": 22.133,"Actual Rows": 5868,"Actual Loops": 5,"Hash Buckets": 32768,"Original Hash Buckets": 32768,"Hash Batches": 1,"Original Hash Batches": 1,"Peak Memory Usage": 2560,"Workers": [],"Plans": [{"Node Type": "Seq Scan","Parent Relationship": "Outer","Parallel Aware": true,"Async Capable": false,"Relation Name": "part","Alias": "part","Startup Cost": 0.00,"Total Cost": 6180.33,"Plan Rows": 12011,"Plan Width": 40,"Actual Startup Time": 0.072,"Actual Total Time": 18.445,"Actual Rows": 5868,"Actual Loops": 5,"Filter": "((p_brand <> 'Brand#44'::bpchar) AND ((p_type)::text !~~ 'ECONOMY BURNISHED%'::text) AND (p_size = ANY ('{31,36,26,5,43,37,23,4}'::integer[])))","Rows Removed by Filter": 34132,"Workers": []}]}]}]}]}]}]},"Planning Time": 4.263,"Triggers": [],"Execution Time": 235.131}]
[{"Plan": {"Node Type": "Sort","Parallel Aware": false,"Async Capable": false,"Startup Cost": 33315.58,"Total Cost": 33355.70,"Plan Rows": 16047,"Plan Width": 44,"Actual Startup Time": 234.495,"Actual Total Time": 236.501,"Actual Rows": 18225,"Actual Loops": 1,"Sort Key": ["(count(DISTINCT partsupp.ps_suppkey)) DESC", "part.p_brand", "part.p_type", "part.p_size"],"Sort Method": "quicksort","Sort Space Used": 2334,"Sort Space Type": "Memory","Plans": [{"Node Type": "Aggregate","Strategy": "Sorted","Partial Mode": "Simple","Parent Relationship": "Outer","Parallel Aware": false,"Async Capable": false,"Startup Cost": 24268.05,"Total Cost": 32194.70,"Plan Rows": 16047,"Plan Width": 44,"Actual Startup Time": 130.807,"Actual Total Time": 197.405,"Actual Rows": 18225,"Actual Loops": 1,"Group Key": ["part.p_brand", "part.p_type", "part.p_size"],"Plans": [{"Node Type": "Gather Merge","Parent Relationship": "Outer","Parallel Aware": false,"Async Capable": false,"Startup Cost": 24268.05,"Total Cost": 31435.61,"Plan Rows": 59862,"Plan Width": 40,"Actual Startup Time": 130.738,"Actual Total Time": 169.797,"Actual Rows": 119342,"Actual Loops": 1,"Workers Planned": 4,"Workers Launched": 4,"Plans": [{"Node Type": "Sort","Parent Relationship": "Outer","Parallel Aware": false,"Async Capable": false,"Startup Cost": 23268.00,"Total Cost": 23305.41,"Plan Rows": 14966,"Plan Width": 40,"Actual Startup Time": 121.482,"Actual Total Time": 124.062,"Actual Rows": 23868,"Actual Loops": 5,"Sort Key": ["part.p_brand", "part.p_type", "part.p_size"],"Sort Method": "quicksort","Sort Space Used": 2669,"Sort Space Type": "Memory","Workers": [{"Worker Number": 0,"Sort Method": "quicksort","Sort Space Used": 2771,"Sort Space Type": "Memory"},{"Worker Number": 1,"Sort Method": "quicksort","Sort Space Used": 2784,"Sort Space Type": "Memory"},{"Worker Number": 2,"Sort Method": "quicksort","Sort Space Used": 2696,"Sort Space Type": "Memory"},{"Worker Number": 3,"Sort Method": "quicksort","Sort Space Used": 2758,"Sort Space Type": "Memory"}],"Plans": [{"Node Type": "Hash Join","Parent Relationship": "Outer","Parallel Aware": true,"Async Capable": false,"Join Type": "Inner","Startup Cost": 6683.65,"Total Cost": 22230.15,"Plan Rows": 14966,"Plan Width": 40,"Actual Startup Time": 29.269,"Actual Total Time": 79.431,"Actual Rows": 23868,"Actual Loops": 5,"Inner Unique": true,"Hash Cond": "(partsupp.ps_partkey = part.p_partkey)","Workers": [],"Plans": [{"Node Type": "Index Only Scan","Parent Relationship": "Outer","Parallel Aware": true,"Async Capable": false,"Scan Direction": "Forward","Index Name": "partsupp_pkey","Relation Name": "partsupp","Alias": "partsupp","Startup Cost": 347.43,"Total Cost": 15631.43,"Plan Rows": 100000,"Plan Width": 8,"Actual Startup Time": 7.323,"Actual Total Time": 32.143,"Actual Rows": 159936,"Actual Loops": 5,"Filter": "(NOT (hashed SubPlan 1))","Rows Removed by Filter": 64,"Heap Fetches": 0,"Workers": [],"Plans": [{"Node Type": "Seq Scan","Parent Relationship": "SubPlan","Subplan Name": "SubPlan 1","Parallel Aware": false,"Async Capable": false,"Relation Name": "supplier","Alias": "supplier","Startup Cost": 0.00,"Total Cost": 347.00,"Plan Rows": 1,"Plan Width": 4,"Actual Startup Time": 0.273,"Actual Total Time": 7.111,"Actual Rows": 4,"Actual Loops": 5,"Filter": "((s_comment)::text ~~ '%Customer%Complaints%'::text)","Rows Removed by Filter": 9996,"Workers": []}]},{"Node Type": "Hash","Parent Relationship": "Inner","Parallel Aware": true,"Async Capable": false,"Startup Cost": 6180.33,"Total Cost": 6180.33,"Plan Rows": 12471,"Plan Width": 40,"Actual Startup Time": 21.680,"Actual Total Time": 21.683,"Actual Rows": 5969,"Actual Loops": 5,"Hash Buckets": 32768,"Original Hash Buckets": 32768,"Hash Batches": 1,"Original Hash Batches": 1,"Peak Memory Usage": 2528,"Workers": [],"Plans": [{"Node Type": "Seq Scan","Parent Relationship": "Outer","Parallel Aware": true,"Async Capable": false,"Relation Name": "part","Alias": "part","Startup Cost": 0.00,"Total Cost": 6180.33,"Plan Rows": 12471,"Plan Width": 40,"Actual Startup Time": 0.056,"Actual Total Time": 18.100,"Actual Rows": 5969,"Actual Loops": 5,"Filter": "((p_brand <> 'Brand#23'::bpchar) AND ((p_type)::text !~~ 'MEDIUM PLATED%'::text) AND (p_size = ANY ('{22,29,27,13,30,44,46,4}'::integer[])))","Rows Removed by Filter": 34031,"Workers": []}]}]}]}]}]}]},"Planning Time": 4.033,"Triggers": [],"Execution Time": 237.728}]
[{"Plan": {"Node Type": "Sort","Parallel Aware": false,"Async Capable": false,"Startup Cost": 33201.38,"Total Cost": 33241.29,"Plan Rows": 15964,"Plan Width": 44,"Actual Startup Time": 231.069,"Actual Total Time": 232.978,"Actual Rows": 18239,"Actual Loops": 1,"Sort Key": ["(count(DISTINCT partsupp.ps_suppkey)) DESC", "part.p_brand", "part.p_type", "part.p_size"],"Sort Method": "quicksort","Sort Space Used": 2335,"Sort Space Type": "Memory","Plans": [{"Node Type": "Aggregate","Strategy": "Sorted","Partial Mode": "Simple","Parent Relationship": "Outer","Parallel Aware": false,"Async Capable": false,"Startup Cost": 24252.67,"Total Cost": 32086.89,"Plan Rows": 15964,"Plan Width": 44,"Actual Startup Time": 129.449,"Actual Total Time": 196.245,"Actual Rows": 18239,"Actual Loops": 1,"Group Key": ["part.p_brand", "part.p_type", "part.p_size"],"Plans": [{"Node Type": "Gather Merge","Parent Relationship": "Outer","Parallel Aware": false,"Async Capable": false,"Startup Cost": 24252.67,"Total Cost": 31335.69,"Plan Rows": 59156,"Plan Width": 40,"Actual Startup Time": 129.382,"Actual Total Time": 168.821,"Actual Rows": 117842,"Actual Loops": 1,"Workers Planned": 4,"Workers Launched": 4,"Plans": [{"Node Type": "Sort","Parent Relationship": "Outer","Parallel Aware": false,"Async Capable": false,"Startup Cost": 23252.61,"Total Cost": 23289.59,"Plan Rows": 14789,"Plan Width": 40,"Actual Startup Time": 120.345,"Actual Total Time": 122.898,"Actual Rows": 23568,"Actual Loops": 5,"Sort Key": ["part.p_brand", "part.p_type", "part.p_size"],"Sort Method": "quicksort","Sort Space Used": 2659,"Sort Space Type": "Memory","Workers": [{"Worker Number": 0,"Sort Method": "quicksort","Sort Space Used": 2749,"Sort Space Type": "Memory"},{"Worker Number": 1,"Sort Method": "quicksort","Sort Space Used": 2779,"Sort Space Type": "Memory"},{"Worker Number": 2,"Sort Method": "quicksort","Sort Space Used": 2610,"Sort Space Type": "Memory"},{"Worker Number": 3,"Sort Method": "quicksort","Sort Space Used": 2734,"Sort Space Type": "Memory"}],"Plans": [{"Node Type": "Hash Join","Parent Relationship": "Outer","Parallel Aware": true,"Async Capable": false,"Join Type": "Inner","Startup Cost": 6681.81,"Total Cost": 22228.31,"Plan Rows": 14789,"Plan Width": 40,"Actual Startup Time": 28.955,"Actual Total Time": 79.095,"Actual Rows": 23568,"Actual Loops": 5,"Inner Unique": true,"Hash Cond": "(partsupp.ps_partkey = part.p_partkey)","Workers": [],"Plans": [{"Node Type": "Index Only Scan","Parent Relationship": "Outer","Parallel Aware": true,"Async Capable": false,"Scan Direction": "Forward","Index Name": "partsupp_pkey","Relation Name": "partsupp","Alias": "partsupp","Startup Cost": 347.43,"Total Cost": 15631.43,"Plan Rows": 100000,"Plan Width": 8,"Actual Startup Time": 7.153,"Actual Total Time": 32.187,"Actual Rows": 159936,"Actual Loops": 5,"Filter": "(NOT (hashed SubPlan 1))","Rows Removed by Filter": 64,"Heap Fetches": 0,"Workers": [],"Plans": [{"Node Type": "Seq Scan","Parent Relationship": "SubPlan","Subplan Name": "SubPlan 1","Parallel Aware": false,"Async Capable": false,"Relation Name": "supplier","Alias": "supplier","Startup Cost": 0.00,"Total Cost": 347.00,"Plan Rows": 1,"Plan Width": 4,"Actual Startup Time": 0.246,"Actual Total Time": 7.028,"Actual Rows": 4,"Actual Loops": 5,"Filter": "((s_comment)::text ~~ '%Customer%Complaints%'::text)","Rows Removed by Filter": 9996,"Workers": []}]},{"Node Type": "Hash","Parent Relationship": "Inner","Parallel Aware": true,"Async Capable": false,"Startup Cost": 6180.33,"Total Cost": 6180.33,"Plan Rows": 12324,"Plan Width": 40,"Actual Startup Time": 21.549,"Actual Total Time": 21.552,"Actual Rows": 5895,"Actual Loops": 5,"Hash Buckets": 32768,"Original Hash Buckets": 32768,"Hash Batches": 1,"Original Hash Batches": 1,"Peak Memory Usage": 2560,"Workers": [],"Plans": [{"Node Type": "Seq Scan","Parent Relationship": "Outer","Parallel Aware": true,"Async Capable": false,"Relation Name": "part","Alias": "part","Startup Cost": 0.00,"Total Cost": 6180.33,"Plan Rows": 12324,"Plan Width": 40,"Actual Startup Time": 0.048,"Actual Total Time": 18.195,"Actual Rows": 5895,"Actual Loops": 5,"Filter": "((p_brand <> 'Brand#24'::bpchar) AND ((p_type)::text !~~ 'STANDARD BRUSHED%'::text) AND (p_size = ANY ('{9,25,2,28,19,6,15,48}'::integer[])))","Rows Removed by Filter": 34105,"Workers": []}]}]}]}]}]}]},"Planning Time": 4.434,"Triggers": [],"Execution Time": 234.346}]
[{"Plan": {"Node Type": "Sort","Parallel Aware": false,"Async Capable": false,"Startup Cost": 33219.82,"Total Cost": 33259.77,"Plan Rows": 15977,"Plan Width": 44,"Actual Startup Time": 232.925,"Actual Total Time": 234.813,"Actual Rows": 18340,"Actual Loops": 1,"Sort Key": ["(count(DISTINCT partsupp.ps_suppkey)) DESC", "part.p_brand", "part.p_type", "part.p_size"],"Sort Method": "quicksort","Sort Space Used": 2344,"Sort Space Type": "Memory","Plans": [{"Node Type": "Aggregate","Strategy": "Sorted","Partial Mode": "Simple","Parent Relationship": "Outer","Parallel Aware": false,"Async Capable": false,"Startup Cost": 24255.19,"Total Cost": 32104.33,"Plan Rows": 15977,"Plan Width": 44,"Actual Startup Time": 129.080,"Actual Total Time": 194.943,"Actual Rows": 18340,"Actual Loops": 1,"Group Key": ["part.p_brand", "part.p_type", "part.p_size"],"Plans": [{"Node Type": "Gather Merge","Parent Relationship": "Outer","Parallel Aware": false,"Async Capable": false,"Startup Cost": 24255.19,"Total Cost": 31351.86,"Plan Rows": 59270,"Plan Width": 40,"Actual Startup Time": 128.996,"Actual Total Time": 167.178,"Actual Rows": 118811,"Actual Loops": 1,"Workers Planned": 4,"Workers Launched": 4,"Plans": [{"Node Type": "Sort","Parent Relationship": "Outer","Parallel Aware": false,"Async Capable": false,"Startup Cost": 23255.13,"Total Cost": 23292.18,"Plan Rows": 14818,"Plan Width": 40,"Actual Startup Time": 119.690,"Actual Total Time": 122.134,"Actual Rows": 23762,"Actual Loops": 5,"Sort Key": ["part.p_brand", "part.p_type", "part.p_size"],"Sort Method": "quicksort","Sort Space Used": 2662,"Sort Space Type": "Memory","Workers": [{"Worker Number": 0,"Sort Method": "quicksort","Sort Space Used": 2617,"Sort Space Type": "Memory"},{"Worker Number": 1,"Sort Method": "quicksort","Sort Space Used": 2841,"Sort Space Type": "Memory"},{"Worker Number": 2,"Sort Method": "quicksort","Sort Space Used": 2675,"Sort Space Type": "Memory"},{"Worker Number": 3,"Sort Method": "quicksort","Sort Space Used": 2817,"Sort Space Type": "Memory"}],"Plans": [{"Node Type": "Hash Join","Parent Relationship": "Outer","Parallel Aware": true,"Async Capable": false,"Join Type": "Inner","Startup Cost": 6682.11,"Total Cost": 22228.61,"Plan Rows": 14818,"Plan Width": 40,"Actual Startup Time": 28.664,"Actual Total Time": 78.072,"Actual Rows": 23762,"Actual Loops": 5,"Inner Unique": true,"Hash Cond": "(partsupp.ps_partkey = part.p_partkey)","Workers": [],"Plans": [{"Node Type": "Index Only Scan","Parent Relationship": "Outer","Parallel Aware": true,"Async Capable": false,"Scan Direction": "Forward","Index Name": "partsupp_pkey","Relation Name": "partsupp","Alias": "partsupp","Startup Cost": 347.43,"Total Cost": 15631.43,"Plan Rows": 100000,"Plan Width": 8,"Actual Startup Time": 6.931,"Actual Total Time": 32.218,"Actual Rows": 159936,"Actual Loops": 5,"Filter": "(NOT (hashed SubPlan 1))","Rows Removed by Filter": 64,"Heap Fetches": 0,"Workers": [],"Plans": [{"Node Type": "Seq Scan","Parent Relationship": "SubPlan","Subplan Name": "SubPlan 1","Parallel Aware": false,"Async Capable": false,"Relation Name": "supplier","Alias": "supplier","Startup Cost": 0.00,"Total Cost": 347.00,"Plan Rows": 1,"Plan Width": 4,"Actual Startup Time": 0.128,"Actual Total Time": 6.771,"Actual Rows": 4,"Actual Loops": 5,"Filter": "((s_comment)::text ~~ '%Customer%Complaints%'::text)","Rows Removed by Filter": 9996,"Workers": []}]},{"Node Type": "Hash","Parent Relationship": "Inner","Parallel Aware": true,"Async Capable": false,"Startup Cost": 6180.33,"Total Cost": 6180.33,"Plan Rows": 12348,"Plan Width": 40,"Actual Startup Time": 21.489,"Actual Total Time": 21.492,"Actual Rows": 5943,"Actual Loops": 5,"Hash Buckets": 32768,"Original Hash Buckets": 32768,"Hash Batches": 1,"Original Hash Batches": 1,"Peak Memory Usage": 2560,"Workers": [],"Plans": [{"Node Type": "Seq Scan","Parent Relationship": "Outer","Parallel Aware": true,"Async Capable": false,"Relation Name": "part","Alias": "part","Startup Cost": 0.00,"Total Cost": 6180.33,"Plan Rows": 12348,"Plan Width": 40,"Actual Startup Time": 0.050,"Actual Total Time": 18.370,"Actual Rows": 5943,"Actual Loops": 5,"Filter": "((p_brand <> 'Brand#34'::bpchar) AND ((p_type)::text !~~ 'STANDARD PLATED%'::text) AND (p_size = ANY ('{48,19,18,15,14,44,4,5}'::integer[])))","Rows Removed by Filter": 34057,"Workers": []}]}]}]}]}]}]},"Planning Time": 3.685,"Triggers": [],"Execution Time": 236.044}]
[{"Plan": {"Node Type": "Sort","Parallel Aware": false,"Async Capable": false,"Startup Cost": 33096.46,"Total Cost": 33136.17,"Plan Rows": 15886,"Plan Width": 44,"Actual Startup Time": 239.981,"Actual Total Time": 241.704,"Actual Rows": 18298,"Actual Loops": 1,"Sort Key": ["(count(DISTINCT partsupp.ps_suppkey)) DESC", "part.p_brand", "part.p_type", "part.p_size"],"Sort Method": "quicksort","Sort Space Used": 2340,"Sort Space Type": "Memory","Plans": [{"Node Type": "Aggregate","Strategy": "Sorted","Partial Mode": "Simple","Parent Relationship": "Outer","Parallel Aware": false,"Async Capable": false,"Startup Cost": 24238.60,"Total Cost": 31987.98,"Plan Rows": 15886,"Plan Width": 44,"Actual Startup Time": 136.530,"Actual Total Time": 204.336,"Actual Rows": 18298,"Actual Loops": 1,"Group Key": ["part.p_brand", "part.p_type", "part.p_size"],"Plans": [{"Node Type": "Gather Merge","Parent Relationship": "Outer","Parallel Aware": false,"Async Capable": false,"Startup Cost": 24238.60,"Total Cost": 31244.04,"Plan Rows": 58508,"Plan Width": 40,"Actual Startup Time": 136.476,"Actual Total Time": 176.002,"Actual Rows": 119230,"Actual Loops": 1,"Workers Planned": 4,"Workers Launched": 4,"Plans": [{"Node Type": "Sort","Parent Relationship": "Outer","Parallel Aware": false,"Async Capable": false,"Startup Cost": 23238.54,"Total Cost": 23275.11,"Plan Rows": 14627,"Plan Width": 40,"Actual Startup Time": 125.070,"Actual Total Time": 127.366,"Actual Rows": 23846,"Actual Loops": 5,"Sort Key": ["part.p_brand", "part.p_type", "part.p_size"],"Sort Method": "quicksort","Sort Space Used": 2476,"Sort Space Type": "Memory","Workers": [{"Worker Number": 0,"Sort Method": "quicksort","Sort Space Used": 2910,"Sort Space Type": "Memory"},{"Worker Number": 1,"Sort Method": "quicksort","Sort Space Used": 2900,"Sort Space Type": "Memory"},{"Worker Number": 2,"Sort Method": "quicksort","Sort Space Used": 2500,"Sort Space Type": "Memory"},{"Worker Number": 3,"Sort Method": "quicksort","Sort Space Used": 2854,"Sort Space Type": "Memory"}],"Plans": [{"Node Type": "Hash Join","Parent Relationship": "Outer","Parallel Aware": true,"Async Capable": false,"Join Type": "Inner","Startup Cost": 6680.12,"Total Cost": 22226.62,"Plan Rows": 14627,"Plan Width": 40,"Actual Startup Time": 32.648,"Actual Total Time": 83.304,"Actual Rows": 23846,"Actual Loops": 5,"Inner Unique": true,"Hash Cond": "(partsupp.ps_partkey = part.p_partkey)","Workers": [],"Plans": [{"Node Type": "Index Only Scan","Parent Relationship": "Outer","Parallel Aware": true,"Async Capable": false,"Scan Direction": "Forward","Index Name": "partsupp_pkey","Relation Name": "partsupp","Alias": "partsupp","Startup Cost": 347.43,"Total Cost": 15631.43,"Plan Rows": 100000,"Plan Width": 8,"Actual Startup Time": 9.092,"Actual Total Time": 35.275,"Actual Rows": 159936,"Actual Loops": 5,"Filter": "(NOT (hashed SubPlan 1))","Rows Removed by Filter": 64,"Heap Fetches": 0,"Workers": [],"Plans": [{"Node Type": "Seq Scan","Parent Relationship": "SubPlan","Subplan Name": "SubPlan 1","Parallel Aware": false,"Async Capable": false,"Relation Name": "supplier","Alias": "supplier","Startup Cost": 0.00,"Total Cost": 347.00,"Plan Rows": 1,"Plan Width": 4,"Actual Startup Time": 0.288,"Actual Total Time": 8.949,"Actual Rows": 4,"Actual Loops": 5,"Filter": "((s_comment)::text ~~ '%Customer%Complaints%'::text)","Rows Removed by Filter": 9996,"Workers": []}]},{"Node Type": "Hash","Parent Relationship": "Inner","Parallel Aware": true,"Async Capable": false,"Startup Cost": 6180.33,"Total Cost": 6180.33,"Plan Rows": 12189,"Plan Width": 40,"Actual Startup Time": 23.259,"Actual Total Time": 23.265,"Actual Rows": 5964,"Actual Loops": 5,"Hash Buckets": 32768,"Original Hash Buckets": 32768,"Hash Batches": 1,"Original Hash Batches": 1,"Peak Memory Usage": 2528,"Workers": [],"Plans": [{"Node Type": "Seq Scan","Parent Relationship": "Outer","Parallel Aware": true,"Async Capable": false,"Relation Name": "part","Alias": "part","Startup Cost": 0.00,"Total Cost": 6180.33,"Plan Rows": 12189,"Plan Width": 40,"Actual Startup Time": 0.061,"Actual Total Time": 19.683,"Actual Rows": 5964,"Actual Loops": 5,"Filter": "((p_brand <> 'Brand#42'::bpchar) AND ((p_type)::text !~~ 'STANDARD ANODIZED%'::text) AND (p_size = ANY ('{34,44,12,19,30,13,39,35}'::integer[])))","Rows Removed by Filter": 34036,"Workers": []}]}]}]}]}]}]},"Planning Time": 5.221,"Triggers": [],"Execution Time": 243.144}]
[{"Plan": {"Node Type": "Sort","Parallel Aware": false,"Async Capable": false,"Startup Cost": 33343.22,"Total Cost": 33383.38,"Plan Rows": 16066,"Plan Width": 44,"Actual Startup Time": 242.185,"Actual Total Time": 243.784,"Actual Rows": 18277,"Actual Loops": 1,"Sort Key": ["(count(DISTINCT partsupp.ps_suppkey)) DESC", "part.p_brand", "part.p_type", "part.p_size"],"Sort Method": "quicksort","Sort Space Used": 2338,"Sort Space Type": "Memory","Plans": [{"Node Type": "Aggregate","Strategy": "Sorted","Partial Mode": "Simple","Parent Relationship": "Outer","Parallel Aware": false,"Async Capable": false,"Startup Cost": 24271.72,"Total Cost": 32220.87,"Plan Rows": 16066,"Plan Width": 44,"Actual Startup Time": 133.353,"Actual Total Time": 202.907,"Actual Rows": 18277,"Actual Loops": 1,"Group Key": ["part.p_brand", "part.p_type", "part.p_size"],"Plans": [{"Node Type": "Gather Merge","Parent Relationship": "Outer","Parallel Aware": false,"Async Capable": false,"Startup Cost": 24271.72,"Total Cost": 31459.87,"Plan Rows": 60034,"Plan Width": 40,"Actual Startup Time": 133.289,"Actual Total Time": 173.655,"Actual Rows": 118079,"Actual Loops": 1,"Workers Planned": 4,"Workers Launched": 4,"Plans": [{"Node Type": "Sort","Parent Relationship": "Outer","Parallel Aware": false,"Async Capable": false,"Startup Cost": 23271.66,"Total Cost": 23309.18,"Plan Rows": 15008,"Plan Width": 40,"Actual Startup Time": 121.606,"Actual Total Time": 124.321,"Actual Rows": 23616,"Actual Loops": 5,"Sort Key": ["part.p_brand", "part.p_type", "part.p_size"],"Sort Method": "quicksort","Sort Space Used": 2480,"Sort Space Type": "Memory","Workers": [{"Worker Number": 0,"Sort Method": "quicksort","Sort Space Used": 2884,"Sort Space Type": "Memory"},{"Worker Number": 1,"Sort Method": "quicksort","Sort Space Used": 2412,"Sort Space Type": "Memory"},{"Worker Number": 2,"Sort Method": "quicksort","Sort Space Used": 2889,"Sort Space Type": "Memory"},{"Worker Number": 3,"Sort Method": "quicksort","Sort Space Used": 2887,"Sort Space Type": "Memory"}],"Plans": [{"Node Type": "Hash Join","Parent Relationship": "Outer","Parallel Aware": true,"Async Capable": false,"Join Type": "Inner","Startup Cost": 6684.10,"Total Cost": 22230.60,"Plan Rows": 15008,"Plan Width": 40,"Actual Startup Time": 30.559,"Actual Total Time": 80.032,"Actual Rows": 23616,"Actual Loops": 5,"Inner Unique": true,"Hash Cond": "(partsupp.ps_partkey = part.p_partkey)","Workers": [],"Plans": [{"Node Type": "Index Only Scan","Parent Relationship": "Outer","Parallel Aware": true,"Async Capable": false,"Scan Direction": "Forward","Index Name": "partsupp_pkey","Relation Name": "partsupp","Alias": "partsupp","Startup Cost": 347.43,"Total Cost": 15631.43,"Plan Rows": 100000,"Plan Width": 8,"Actual Startup Time": 6.944,"Actual Total Time": 32.032,"Actual Rows": 159936,"Actual Loops": 5,"Filter": "(NOT (hashed SubPlan 1))","Rows Removed by Filter": 64,"Heap Fetches": 0,"Workers": [],"Plans": [{"Node Type": "Seq Scan","Parent Relationship": "SubPlan","Subplan Name": "SubPlan 1","Parallel Aware": false,"Async Capable": false,"Relation Name": "supplier","Alias": "supplier","Startup Cost": 0.00,"Total Cost": 347.00,"Plan Rows": 1,"Plan Width": 4,"Actual Startup Time": 0.173,"Actual Total Time": 6.826,"Actual Rows": 4,"Actual Loops": 5,"Filter": "((s_comment)::text ~~ '%Customer%Complaints%'::text)","Rows Removed by Filter": 9996,"Workers": []}]},{"Node Type": "Hash","Parent Relationship": "Inner","Parallel Aware": true,"Async Capable": false,"Startup Cost": 6180.33,"Total Cost": 6180.33,"Plan Rows": 12507,"Plan Width": 40,"Actual Startup Time": 23.297,"Actual Total Time": 23.300,"Actual Rows": 5907,"Actual Loops": 5,"Hash Buckets": 32768,"Original Hash Buckets": 32768,"Hash Batches": 1,"Original Hash Batches": 1,"Peak Memory Usage": 2528,"Workers": [],"Plans": [{"Node Type": "Seq Scan","Parent Relationship": "Outer","Parallel Aware": true,"Async Capable": false,"Relation Name": "part","Alias": "part","Startup Cost": 0.00,"Total Cost": 6180.33,"Plan Rows": 12507,"Plan Width": 40,"Actual Startup Time": 0.049,"Actual Total Time": 19.344,"Actual Rows": 5907,"Actual Loops": 5,"Filter": "((p_brand <> 'Brand#35'::bpchar) AND ((p_type)::text !~~ 'PROMO BURNISHED%'::text) AND (p_size = ANY ('{50,11,25,14,26,24,8,43}'::integer[])))","Rows Removed by Filter": 34093,"Workers": []}]}]}]}]}]}]},"Planning Time": 4.951,"Triggers": [],"Execution Time": 244.718}]
[{"Plan": {"Node Type": "Sort","Parallel Aware": false,"Async Capable": false,"Startup Cost": 33637.39,"Total Cost": 33678.07,"Plan Rows": 16272,"Plan Width": 44,"Actual Startup Time": 246.470,"Actual Total Time": 248.269,"Actual Rows": 18216,"Actual Loops": 1,"Sort Key": ["(count(DISTINCT partsupp.ps_suppkey)) DESC", "part.p_brand", "part.p_type", "part.p_size"],"Sort Method": "quicksort","Sort Space Used": 2334,"Sort Space Type": "Memory","Plans": [{"Node Type": "Aggregate","Strategy": "Sorted","Partial Mode": "Simple","Parent Relationship": "Outer","Parallel Aware": false,"Async Capable": false,"Startup Cost": 24311.44,"Total Cost": 32499.15,"Plan Rows": 16272,"Plan Width": 44,"Actual Startup Time": 134.843,"Actual Total Time": 207.496,"Actual Rows": 18216,"Actual Loops": 1,"Group Key": ["part.p_brand", "part.p_type", "part.p_size"],"Plans": [{"Node Type": "Gather Merge","Parent Relationship": "Outer","Parallel Aware": false,"Async Capable": false,"Startup Cost": 24311.44,"Total Cost": 31717.86,"Plan Rows": 61857,"Plan Width": 40,"Actual Startup Time": 134.776,"Actual Total Time": 176.894,"Actual Rows": 118576,"Actual Loops": 1,"Workers Planned": 4,"Workers Launched": 4,"Plans": [{"Node Type": "Sort","Parent Relationship": "Outer","Parallel Aware": false,"Async Capable": false,"Startup Cost": 23311.38,"Total Cost": 23350.04,"Plan Rows": 15464,"Plan Width": 40,"Actual Startup Time": 123.761,"Actual Total Time": 127.914,"Actual Rows": 23715,"Actual Loops": 5,"Sort Key": ["part.p_brand", "part.p_type", "part.p_size"],"Sort Method": "quicksort","Sort Space Used": 2360,"Sort Space Type": "Memory","Workers": [{"Worker Number": 0,"Sort Method": "quicksort","Sort Space Used": 2811,"Sort Space Type": "Memory"},{"Worker Number": 1,"Sort Method": "quicksort","Sort Space Used": 2824,"Sort Space Type": "Memory"},{"Worker Number": 2,"Sort Method": "quicksort","Sort Space Used": 2831,"Sort Space Type": "Memory"},{"Worker Number": 3,"Sort Method": "quicksort","Sort Space Used": 2796,"Sort Space Type": "Memory"}],"Plans": [{"Node Type": "Hash Join","Parent Relationship": "Outer","Parallel Aware": true,"Async Capable": false,"Join Type": "Inner","Startup Cost": 6688.85,"Total Cost": 22235.35,"Plan Rows": 15464,"Plan Width": 40,"Actual Startup Time": 33.405,"Actual Total Time": 81.710,"Actual Rows": 23715,"Actual Loops": 5,"Inner Unique": true,"Hash Cond": "(partsupp.ps_partkey = part.p_partkey)","Workers": [],"Plans": [{"Node Type": "Index Only Scan","Parent Relationship": "Outer","Parallel Aware": true,"Async Capable": false,"Scan Direction": "Forward","Index Name": "partsupp_pkey","Relation Name": "partsupp","Alias": "partsupp","Startup Cost": 347.43,"Total Cost": 15631.43,"Plan Rows": 100000,"Plan Width": 8,"Actual Startup Time": 9.163,"Actual Total Time": 33.873,"Actual Rows": 159936,"Actual Loops": 5,"Filter": "(NOT (hashed SubPlan 1))","Rows Removed by Filter": 64,"Heap Fetches": 0,"Workers": [],"Plans": [{"Node Type": "Seq Scan","Parent Relationship": "SubPlan","Subplan Name": "SubPlan 1","Parallel Aware": false,"Async Capable": false,"Relation Name": "supplier","Alias": "supplier","Startup Cost": 0.00,"Total Cost": 347.00,"Plan Rows": 1,"Plan Width": 4,"Actual Startup Time": 0.288,"Actual Total Time": 9.018,"Actual Rows": 4,"Actual Loops": 5,"Filter": "((s_comment)::text ~~ '%Customer%Complaints%'::text)","Rows Removed by Filter": 9996,"Workers": []}]},{"Node Type": "Hash","Parent Relationship": "Inner","Parallel Aware": true,"Async Capable": false,"Startup Cost": 6180.33,"Total Cost": 6180.33,"Plan Rows": 12887,"Plan Width": 40,"Actual Startup Time": 23.936,"Actual Total Time": 23.942,"Actual Rows": 5932,"Actual Loops": 5,"Hash Buckets": 32768,"Original Hash Buckets": 32768,"Hash Batches": 1,"Original Hash Batches": 1,"Peak Memory Usage": 2560,"Workers": [],"Plans": [{"Node Type": "Seq Scan","Parent Relationship": "Outer","Parallel Aware": true,"Async Capable": false,"Relation Name": "part","Alias": "part","Startup Cost": 0.00,"Total Cost": 6180.33,"Plan Rows": 12887,"Plan Width": 40,"Actual Startup Time": 0.052,"Actual Total Time": 20.544,"Actual Rows": 5932,"Actual Loops": 5,"Filter": "((p_brand <> 'Brand#45'::bpchar) AND ((p_type)::text !~~ 'LARGE PLATED%'::text) AND (p_size = ANY ('{19,50,30,33,34,1,9,18}'::integer[])))","Rows Removed by Filter": 34068,"Workers": []}]}]}]}]}]}]},"Planning Time": 4.712,"Triggers": [],"Execution Time": 249.790}]
[{"Plan": {"Node Type": "Sort","Parallel Aware": false,"Async Capable": false,"Startup Cost": 33185.67,"Total Cost": 33225.55,"Plan Rows": 15952,"Plan Width": 44,"Actual Startup Time": 233.499,"Actual Total Time": 235.502,"Actual Rows": 18243,"Actual Loops": 1,"Sort Key": ["(count(DISTINCT partsupp.ps_suppkey)) DESC", "part.p_brand", "part.p_type", "part.p_size"],"Sort Method": "quicksort","Sort Space Used": 2333,"Sort Space Type": "Memory","Plans": [{"Node Type": "Aggregate","Strategy": "Sorted","Partial Mode": "Simple","Parent Relationship": "Outer","Parallel Aware": false,"Async Capable": false,"Startup Cost": 24250.59,"Total Cost": 32072.11,"Plan Rows": 15952,"Plan Width": 44,"Actual Startup Time": 131.789,"Actual Total Time": 197.857,"Actual Rows": 18243,"Actual Loops": 1,"Group Key": ["part.p_brand", "part.p_type", "part.p_size"],"Plans": [{"Node Type": "Gather Merge","Parent Relationship": "Outer","Parallel Aware": false,"Async Capable": false,"Startup Cost": 24250.59,"Total Cost": 31322.00,"Plan Rows": 59059,"Plan Width": 40,"Actual Startup Time": 131.726,"Actual Total Time": 170.323,"Actual Rows": 118871,"Actual Loops": 1,"Workers Planned": 4,"Workers Launched": 4,"Plans": [{"Node Type": "Sort","Parent Relationship": "Outer","Parallel Aware": false,"Async Capable": false,"Startup Cost": 23250.53,"Total Cost": 23287.44,"Plan Rows": 14765,"Plan Width": 40,"Actual Startup Time": 123.014,"Actual Total Time": 125.572,"Actual Rows": 23774,"Actual Loops": 5,"Sort Key": ["part.p_brand", "part.p_type", "part.p_size"],"Sort Method": "quicksort","Sort Space Used": 2689,"Sort Space Type": "Memory","Workers": [{"Worker Number": 0,"Sort Method": "quicksort","Sort Space Used": 2692,"Sort Space Type": "Memory"},{"Worker Number": 1,"Sort Method": "quicksort","Sort Space Used": 2725,"Sort Space Type": "Memory"},{"Worker Number": 2,"Sort Method": "quicksort","Sort Space Used": 2725,"Sort Space Type": "Memory"},{"Worker Number": 3,"Sort Method": "quicksort","Sort Space Used": 2776,"Sort Space Type": "Memory"}],"Plans": [{"Node Type": "Hash Join","Parent Relationship": "Outer","Parallel Aware": true,"Async Capable": false,"Join Type": "Inner","Startup Cost": 6681.56,"Total Cost": 22228.06,"Plan Rows": 14765,"Plan Width": 40,"Actual Startup Time": 31.009,"Actual Total Time": 81.534,"Actual Rows": 23774,"Actual Loops": 5,"Inner Unique": true,"Hash Cond": "(partsupp.ps_partkey = part.p_partkey)","Workers": [],"Plans": [{"Node Type": "Index Only Scan","Parent Relationship": "Outer","Parallel Aware": true,"Async Capable": false,"Scan Direction": "Forward","Index Name": "partsupp_pkey","Relation Name": "partsupp","Alias": "partsupp","Startup Cost": 347.43,"Total Cost": 15631.43,"Plan Rows": 100000,"Plan Width": 8,"Actual Startup Time": 7.549,"Actual Total Time": 32.586,"Actual Rows": 159936,"Actual Loops": 5,"Filter": "(NOT (hashed SubPlan 1))","Rows Removed by Filter": 64,"Heap Fetches": 0,"Workers": [],"Plans": [{"Node Type": "Seq Scan","Parent Relationship": "SubPlan","Subplan Name": "SubPlan 1","Parallel Aware": false,"Async Capable": false,"Relation Name": "supplier","Alias": "supplier","Startup Cost": 0.00,"Total Cost": 347.00,"Plan Rows": 1,"Plan Width": 4,"Actual Startup Time": 0.134,"Actual Total Time": 7.381,"Actual Rows": 4,"Actual Loops": 5,"Filter": "((s_comment)::text ~~ '%Customer%Complaints%'::text)","Rows Removed by Filter": 9996,"Workers": []}]},{"Node Type": "Hash","Parent Relationship": "Inner","Parallel Aware": true,"Async Capable": false,"Startup Cost": 6180.33,"Total Cost": 6180.33,"Plan Rows": 12304,"Plan Width": 40,"Actual Startup Time": 23.184,"Actual Total Time": 23.187,"Actual Rows": 5946,"Actual Loops": 5,"Hash Buckets": 32768,"Original Hash Buckets": 32768,"Hash Batches": 1,"Original Hash Batches": 1,"Peak Memory Usage": 2560,"Workers": [],"Plans": [{"Node Type": "Seq Scan","Parent Relationship": "Outer","Parallel Aware": true,"Async Capable": false,"Relation Name": "part","Alias": "part","Startup Cost": 0.00,"Total Cost": 6180.33,"Plan Rows": 12304,"Plan Width": 40,"Actual Startup Time": 0.056,"Actual Total Time": 19.209,"Actual Rows": 5946,"Actual Loops": 5,"Filter": "((p_brand <> 'Brand#51'::bpchar) AND ((p_type)::text !~~ 'STANDARD BURNISHED%'::text) AND (p_size = ANY ('{33,17,5,29,15,14,6,13}'::integer[])))","Rows Removed by Filter": 34054,"Workers": []}]}]}]}]}]}]},"Planning Time": 4.909,"Triggers": [],"Execution Time": 236.407}]
[{"Plan": {"Node Type": "Sort","Parallel Aware": false,"Async Capable": false,"Startup Cost": 33469.44,"Total Cost": 33509.83,"Plan Rows": 16156,"Plan Width": 44,"Actual Startup Time": 236.471,"Actual Total Time": 238.105,"Actual Rows": 18310,"Actual Loops": 1,"Sort Key": ["(count(DISTINCT partsupp.ps_suppkey)) DESC", "part.p_brand", "part.p_type", "part.p_size"],"Sort Method": "quicksort","Sort Space Used": 2341,"Sort Space Type": "Memory","Plans": [{"Node Type": "Aggregate","Strategy": "Sorted","Partial Mode": "Simple","Parent Relationship": "Outer","Parallel Aware": false,"Async Capable": false,"Startup Cost": 24288.78,"Total Cost": 32340.15,"Plan Rows": 16156,"Plan Width": 44,"Actual Startup Time": 133.395,"Actual Total Time": 198.856,"Actual Rows": 18310,"Actual Loops": 1,"Group Key": ["part.p_brand", "part.p_type", "part.p_size"],"Plans": [{"Node Type": "Gather Merge","Parent Relationship": "Outer","Parallel Aware": false,"Async Capable": false,"Startup Cost": 24288.78,"Total Cost": 31570.44,"Plan Rows": 60815,"Plan Width": 40,"Actual Startup Time": 133.313,"Actual Total Time": 171.380,"Actual Rows": 119102,"Actual Loops": 1,"Workers Planned": 4,"Workers Launched": 4,"Plans": [{"Node Type": "Sort","Parent Relationship": "Outer","Parallel Aware": false,"Async Capable": false,"Startup Cost": 23288.72,"Total Cost": 23326.73,"Plan Rows": 15204,"Plan Width": 40,"Actual Startup Time": 123.294,"Actual Total Time": 125.631,"Actual Rows": 23820,"Actual Loops": 5,"Sort Key": ["part.p_brand", "part.p_type", "part.p_size"],"Sort Method": "quicksort","Sort Space Used": 2644,"Sort Space Type": "Memory","Workers": [{"Worker Number": 0,"Sort Method": "quicksort","Sort Space Used": 2660,"Sort Space Type": "Memory"},{"Worker Number": 1,"Sort Method": "quicksort","Sort Space Used": 2836,"Sort Space Type": "Memory"},{"Worker Number": 2,"Sort Method": "quicksort","Sort Space Used": 2692,"Sort Space Type": "Memory"},{"Worker Number": 3,"Sort Method": "quicksort","Sort Space Used": 2803,"Sort Space Type": "Memory"}],"Plans": [{"Node Type": "Hash Join","Parent Relationship": "Outer","Parallel Aware": true,"Async Capable": false,"Join Type": "Inner","Startup Cost": 6686.14,"Total Cost": 22232.64,"Plan Rows": 15204,"Plan Width": 40,"Actual Startup Time": 32.700,"Actual Total Time": 81.659,"Actual Rows": 23820,"Actual Loops": 5,"Inner Unique": true,"Hash Cond": "(partsupp.ps_partkey = part.p_partkey)","Workers": [],"Plans": [{"Node Type": "Index Only Scan","Parent Relationship": "Outer","Parallel Aware": true,"Async Capable": false,"Scan Direction": "Forward","Index Name": "partsupp_pkey","Relation Name": "partsupp","Alias": "partsupp","Startup Cost": 347.43,"Total Cost": 15631.43,"Plan Rows": 100000,"Plan Width": 8,"Actual Startup Time": 7.908,"Actual Total Time": 33.112,"Actual Rows": 159936,"Actual Loops": 5,"Filter": "(NOT (hashed SubPlan 1))","Rows Removed by Filter": 64,"Heap Fetches": 0,"Workers": [],"Plans": [{"Node Type": "Seq Scan","Parent Relationship": "SubPlan","Subplan Name": "SubPlan 1","Parallel Aware": false,"Async Capable": false,"Relation Name": "supplier","Alias": "supplier","Startup Cost": 0.00,"Total Cost": 347.00,"Plan Rows": 1,"Plan Width": 4,"Actual Startup Time": 0.259,"Actual Total Time": 7.754,"Actual Rows": 4,"Actual Loops": 5,"Filter": "((s_comment)::text ~~ '%Customer%Complaints%'::text)","Rows Removed by Filter": 9996,"Workers": []}]},{"Node Type": "Hash","Parent Relationship": "Inner","Parallel Aware": true,"Async Capable": false,"Startup Cost": 6180.33,"Total Cost": 6180.33,"Plan Rows": 12670,"Plan Width": 40,"Actual Startup Time": 24.515,"Actual Total Time": 24.518,"Actual Rows": 5958,"Actual Loops": 5,"Hash Buckets": 32768,"Original Hash Buckets": 32768,"Hash Batches": 1,"Original Hash Batches": 1,"Peak Memory Usage": 2592,"Workers": [],"Plans": [{"Node Type": "Seq Scan","Parent Relationship": "Outer","Parallel Aware": true,"Async Capable": false,"Relation Name": "part","Alias": "part","Startup Cost": 0.00,"Total Cost": 6180.33,"Plan Rows": 12670,"Plan Width": 40,"Actual Startup Time": 0.045,"Actual Total Time": 20.560,"Actual Rows": 5958,"Actual Loops": 5,"Filter": "((p_brand <> 'Brand#32'::bpchar) AND ((p_type)::text !~~ 'STANDARD PLATED%'::text) AND (p_size = ANY ('{1,24,47,25,42,4,26,30}'::integer[])))","Rows Removed by Filter": 34042,"Workers": []}]}]}]}]}]}]},"Planning Time": 4.457,"Triggers": [],"Execution Time": 239.073}]
[{"Plan": {"Node Type": "Sort","Parallel Aware": false,"Async Capable": false,"Startup Cost": 33044.27,"Total Cost": 33083.89,"Plan Rows": 15847,"Plan Width": 44,"Actual Startup Time": 234.180,"Actual Total Time": 236.096,"Actual Rows": 18182,"Actual Loops": 1,"Sort Key": ["(count(DISTINCT partsupp.ps_suppkey)) DESC", "part.p_brand", "part.p_type", "part.p_size"],"Sort Method": "quicksort","Sort Space Used": 2330,"Sort Space Type": "Memory","Plans": [{"Node Type": "Aggregate","Strategy": "Sorted","Partial Mode": "Simple","Parent Relationship": "Outer","Parallel Aware": false,"Async Capable": false,"Startup Cost": 24231.58,"Total Cost": 31938.79,"Plan Rows": 15847,"Plan Width": 44,"Actual Startup Time": 129.885,"Actual Total Time": 195.790,"Actual Rows": 18182,"Actual Loops": 1,"Group Key": ["part.p_brand", "part.p_type", "part.p_size"],"Plans": [{"Node Type": "Gather Merge","Parent Relationship": "Outer","Parallel Aware": false,"Async Capable": false,"Startup Cost": 24231.58,"Total Cost": 31198.46,"Plan Rows": 58186,"Plan Width": 40,"Actual Startup Time": 129.810,"Actual Total Time": 168.626,"Actual Rows": 117824,"Actual Loops": 1,"Workers Planned": 4,"Workers Launched": 4,"Plans": [{"Node Type": "Sort","Parent Relationship": "Outer","Parallel Aware": false,"Async Capable": false,"Startup Cost": 23231.52,"Total Cost": 23267.89,"Plan Rows": 14546,"Plan Width": 40,"Actual Startup Time": 121.267,"Actual Total Time": 123.807,"Actual Rows": 23565,"Actual Loops": 5,"Sort Key": ["part.p_brand", "part.p_type", "part.p_size"],"Sort Method": "quicksort","Sort Space Used": 2666,"Sort Space Type": "Memory","Workers": [{"Worker Number": 0,"Sort Method": "quicksort","Sort Space Used": 2750,"Sort Space Type": "Memory"},{"Worker Number": 1,"Sort Method": "quicksort","Sort Space Used": 2734,"Sort Space Type": "Memory"},{"Worker Number": 2,"Sort Method": "quicksort","Sort Space Used": 2660,"Sort Space Type": "Memory"},{"Worker Number": 3,"Sort Method": "quicksort","Sort Space Used": 2730,"Sort Space Type": "Memory"}],"Plans": [{"Node Type": "Hash Join","Parent Relationship": "Outer","Parallel Aware": true,"Async Capable": false,"Join Type": "Inner","Startup Cost": 6679.29,"Total Cost": 22225.79,"Plan Rows": 14546,"Plan Width": 40,"Actual Startup Time": 29.692,"Actual Total Time": 79.558,"Actual Rows": 23565,"Actual Loops": 5,"Inner Unique": true,"Hash Cond": "(partsupp.ps_partkey = part.p_partkey)","Workers": [],"Plans": [{"Node Type": "Index Only Scan","Parent Relationship": "Outer","Parallel Aware": true,"Async Capable": false,"Scan Direction": "Forward","Index Name": "partsupp_pkey","Relation Name": "partsupp","Alias": "partsupp","Startup Cost": 347.43,"Total Cost": 15631.43,"Plan Rows": 100000,"Plan Width": 8,"Actual Startup Time": 7.162,"Actual Total Time": 31.755,"Actual Rows": 159936,"Actual Loops": 5,"Filter": "(NOT (hashed SubPlan 1))","Rows Removed by Filter": 64,"Heap Fetches": 0,"Workers": [],"Plans": [{"Node Type": "Seq Scan","Parent Relationship": "SubPlan","Subplan Name": "SubPlan 1","Parallel Aware": false,"Async Capable": false,"Relation Name": "supplier","Alias": "supplier","Startup Cost": 0.00,"Total Cost": 347.00,"Plan Rows": 1,"Plan Width": 4,"Actual Startup Time": 0.156,"Actual Total Time": 7.029,"Actual Rows": 4,"Actual Loops": 5,"Filter": "((s_comment)::text ~~ '%Customer%Complaints%'::text)","Rows Removed by Filter": 9996,"Workers": []}]},{"Node Type": "Hash","Parent Relationship": "Inner","Parallel Aware": true,"Async Capable": false,"Startup Cost": 6180.33,"Total Cost": 6180.33,"Plan Rows": 12122,"Plan Width": 40,"Actual Startup Time": 22.246,"Actual Total Time": 22.250,"Actual Rows": 5893,"Actual Loops": 5,"Hash Buckets": 32768,"Original Hash Buckets": 32768,"Hash Batches": 1,"Original Hash Batches": 1,"Peak Memory Usage": 2528,"Workers": [],"Plans": [{"Node Type": "Seq Scan","Parent Relationship": "Outer","Parallel Aware": true,"Async Capable": false,"Relation Name": "part","Alias": "part","Startup Cost": 0.00,"Total Cost": 6180.33,"Plan Rows": 12122,"Plan Width": 40,"Actual Startup Time": 0.063,"Actual Total Time": 18.868,"Actual Rows": 5893,"Actual Loops": 5,"Filter": "((p_brand <> 'Brand#14'::bpchar) AND ((p_type)::text !~~ 'LARGE ANODIZED%'::text) AND (p_size = ANY ('{13,28,23,49,15,38,24,16}'::integer[])))","Rows Removed by Filter": 34107,"Workers": []}]}]}]}]}]}]},"Planning Time": 5.284,"Triggers": [],"Execution Time": 237.379}]
[{"Plan": {"Node Type": "Sort","Parallel Aware": false,"Async Capable": false,"Startup Cost": 33317.75,"Total Cost": 33357.87,"Plan Rows": 16048,"Plan Width": 44,"Actual Startup Time": 235.399,"Actual Total Time": 237.137,"Actual Rows": 18291,"Actual Loops": 1,"Sort Key": ["(count(DISTINCT partsupp.ps_suppkey)) DESC", "part.p_brand", "part.p_type", "part.p_size"],"Sort Method": "quicksort","Sort Space Used": 2339,"Sort Space Type": "Memory","Plans": [{"Node Type": "Aggregate","Strategy": "Sorted","Partial Mode": "Simple","Parent Relationship": "Outer","Parallel Aware": false,"Async Capable": false,"Startup Cost": 24268.32,"Total Cost": 32196.79,"Plan Rows": 16048,"Plan Width": 44,"Actual Startup Time": 129.987,"Actual Total Time": 196.623,"Actual Rows": 18291,"Actual Loops": 1,"Group Key": ["part.p_brand", "part.p_type", "part.p_size"],"Plans": [{"Node Type": "Gather Merge","Parent Relationship": "Outer","Parallel Aware": false,"Async Capable": false,"Startup Cost": 24268.32,"Total Cost": 31437.55,"Plan Rows": 59876,"Plan Width": 40,"Actual Startup Time": 129.941,"Actual Total Time": 168.911,"Actual Rows": 118581,"Actual Loops": 1,"Workers Planned": 4,"Workers Launched": 4,"Plans": [{"Node Type": "Sort","Parent Relationship": "Outer","Parallel Aware": false,"Async Capable": false,"Startup Cost": 23268.26,"Total Cost": 23305.69,"Plan Rows": 14969,"Plan Width": 40,"Actual Startup Time": 122.320,"Actual Total Time": 124.860,"Actual Rows": 23716,"Actual Loops": 5,"Sort Key": ["part.p_brand", "part.p_type", "part.p_size"],"Sort Method": "quicksort","Sort Space Used": 2686,"Sort Space Type": "Memory","Workers": [{"Worker Number": 0,"Sort Method": "quicksort","Sort Space Used": 2730,"Sort Space Type": "Memory"},{"Worker Number": 1,"Sort Method": "quicksort","Sort Space Used": 2701,"Sort Space Type": "Memory"},{"Worker Number": 2,"Sort Method": "quicksort","Sort Space Used": 2741,"Sort Space Type": "Memory"},{"Worker Number": 3,"Sort Method": "quicksort","Sort Space Used": 2733,"Sort Space Type": "Memory"}],"Plans": [{"Node Type": "Hash Join","Parent Relationship": "Outer","Parallel Aware": true,"Async Capable": false,"Join Type": "Inner","Startup Cost": 6683.69,"Total Cost": 22230.19,"Plan Rows": 14969,"Plan Width": 40,"Actual Startup Time": 29.791,"Actual Total Time": 80.604,"Actual Rows": 23716,"Actual Loops": 5,"Inner Unique": true,"Hash Cond": "(partsupp.ps_partkey = part.p_partkey)","Workers": [],"Plans": [{"Node Type": "Index Only Scan","Parent Relationship": "Outer","Parallel Aware": true,"Async Capable": false,"Scan Direction": "Forward","Index Name": "partsupp_pkey","Relation Name": "partsupp","Alias": "partsupp","Startup Cost": 347.43,"Total Cost": 15631.43,"Plan Rows": 100000,"Plan Width": 8,"Actual Startup Time": 6.920,"Actual Total Time": 32.491,"Actual Rows": 159936,"Actual Loops": 5,"Filter": "(NOT (hashed SubPlan 1))","Rows Removed by Filter": 64,"Heap Fetches": 0,"Workers": [],"Plans": [{"Node Type": "Seq Scan","Parent Relationship": "SubPlan","Subplan Name": "SubPlan 1","Parallel Aware": false,"Async Capable": false,"Relation Name": "supplier","Alias": "supplier","Startup Cost": 0.00,"Total Cost": 347.00,"Plan Rows": 1,"Plan Width": 4,"Actual Startup Time": 0.195,"Actual Total Time": 6.709,"Actual Rows": 4,"Actual Loops": 5,"Filter": "((s_comment)::text ~~ '%Customer%Complaints%'::text)","Rows Removed by Filter": 9996,"Workers": []}]},{"Node Type": "Hash","Parent Relationship": "Inner","Parallel Aware": true,"Async Capable": false,"Startup Cost": 6180.33,"Total Cost": 6180.33,"Plan Rows": 12474,"Plan Width": 40,"Actual Startup Time": 22.652,"Actual Total Time": 22.655,"Actual Rows": 5931,"Actual Loops": 5,"Hash Buckets": 32768,"Original Hash Buckets": 32768,"Hash Batches": 1,"Original Hash Batches": 1,"Peak Memory Usage": 2560,"Workers": [],"Plans": [{"Node Type": "Seq Scan","Parent Relationship": "Outer","Parallel Aware": true,"Async Capable": false,"Relation Name": "part","Alias": "part","Startup Cost": 0.00,"Total Cost": 6180.33,"Plan Rows": 12474,"Plan Width": 40,"Actual Startup Time": 0.056,"Actual Total Time": 18.808,"Actual Rows": 5931,"Actual Loops": 5,"Filter": "((p_brand <> 'Brand#43'::bpchar) AND ((p_type)::text !~~ 'PROMO BURNISHED%'::text) AND (p_size = ANY ('{15,20,37,10,8,32,43,47}'::integer[])))","Rows Removed by Filter": 34069,"Workers": []}]}]}]}]}]}]},"Planning Time": 4.965,"Triggers": [],"Execution Time": 238.032}]
[{"Plan": {"Node Type": "Sort","Parallel Aware": false,"Async Capable": false,"Startup Cost": 33382.22,"Total Cost": 33422.45,"Plan Rows": 16094,"Plan Width": 44,"Actual Startup Time": 233.318,"Actual Total Time": 235.213,"Actual Rows": 18216,"Actual Loops": 1,"Sort Key": ["(count(DISTINCT partsupp.ps_suppkey)) DESC", "part.p_brand", "part.p_type", "part.p_size"],"Sort Method": "quicksort","Sort Space Used": 2334,"Sort Space Type": "Memory","Plans": [{"Node Type": "Aggregate","Strategy": "Sorted","Partial Mode": "Simple","Parent Relationship": "Outer","Parallel Aware": false,"Async Capable": false,"Startup Cost": 24277.02,"Total Cost": 32257.71,"Plan Rows": 16094,"Plan Width": 44,"Actual Startup Time": 129.168,"Actual Total Time": 195.239,"Actual Rows": 18216,"Actual Loops": 1,"Group Key": ["part.p_brand", "part.p_type", "part.p_size"],"Plans": [{"Node Type": "Gather Merge","Parent Relationship": "Outer","Parallel Aware": false,"Async Capable": false,"Startup Cost": 24277.02,"Total Cost": 31494.02,"Plan Rows": 60275,"Plan Width": 40,"Actual Startup Time": 129.113,"Actual Total Time": 167.920,"Actual Rows": 118060,"Actual Loops": 1,"Workers Planned": 4,"Workers Launched": 4,"Plans": [{"Node Type": "Sort","Parent Relationship": "Outer","Parallel Aware": false,"Async Capable": false,"Startup Cost": 23276.96,"Total Cost": 23314.63,"Plan Rows": 15069,"Plan Width": 40,"Actual Startup Time": 121.634,"Actual Total Time": 124.273,"Actual Rows": 23612,"Actual Loops": 5,"Sort Key": ["part.p_brand", "part.p_type", "part.p_size"],"Sort Method": "quicksort","Sort Space Used": 2707,"Sort Space Type": "Memory","Workers": [{"Worker Number": 0,"Sort Method": "quicksort","Sort Space Used": 2710,"Sort Space Type": "Memory"},{"Worker Number": 1,"Sort Method": "quicksort","Sort Space Used": 2717,"Sort Space Type": "Memory"},{"Worker Number": 2,"Sort Method": "quicksort","Sort Space Used": 2720,"Sort Space Type": "Memory"},{"Worker Number": 3,"Sort Method": "quicksort","Sort Space Used": 2722,"Sort Space Type": "Memory"}],"Plans": [{"Node Type": "Hash Join","Parent Relationship": "Outer","Parallel Aware": true,"Async Capable": false,"Join Type": "Inner","Startup Cost": 6684.72,"Total Cost": 22231.22,"Plan Rows": 15069,"Plan Width": 40,"Actual Startup Time": 29.877,"Actual Total Time": 80.230,"Actual Rows": 23612,"Actual Loops": 5,"Inner Unique": true,"Hash Cond": "(partsupp.ps_partkey = part.p_partkey)","Workers": [],"Plans": [{"Node Type": "Index Only Scan","Parent Relationship": "Outer","Parallel Aware": true,"Async Capable": false,"Scan Direction": "Forward","Index Name": "partsupp_pkey","Relation Name": "partsupp","Alias": "partsupp","Startup Cost": 347.43,"Total Cost": 15631.43,"Plan Rows": 100000,"Plan Width": 8,"Actual Startup Time": 6.853,"Actual Total Time": 31.751,"Actual Rows": 159936,"Actual Loops": 5,"Filter": "(NOT (hashed SubPlan 1))","Rows Removed by Filter": 64,"Heap Fetches": 0,"Workers": [],"Plans": [{"Node Type": "Seq Scan","Parent Relationship": "SubPlan","Subplan Name": "SubPlan 1","Parallel Aware": false,"Async Capable": false,"Relation Name": "supplier","Alias": "supplier","Startup Cost": 0.00,"Total Cost": 347.00,"Plan Rows": 1,"Plan Width": 4,"Actual Startup Time": 0.230,"Actual Total Time": 6.608,"Actual Rows": 4,"Actual Loops": 5,"Filter": "((s_comment)::text ~~ '%Customer%Complaints%'::text)","Rows Removed by Filter": 9996,"Workers": []}]},{"Node Type": "Hash","Parent Relationship": "Inner","Parallel Aware": true,"Async Capable": false,"Startup Cost": 6180.33,"Total Cost": 6180.33,"Plan Rows": 12557,"Plan Width": 40,"Actual Startup Time": 22.769,"Actual Total Time": 22.773,"Actual Rows": 5905,"Actual Loops": 5,"Hash Buckets": 32768,"Original Hash Buckets": 32768,"Hash Batches": 1,"Original Hash Batches": 1,"Peak Memory Usage": 2496,"Workers": [],"Plans": [{"Node Type": "Seq Scan","Parent Relationship": "Outer","Parallel Aware": true,"Async Capable": false,"Relation Name": "part","Alias": "part","Startup Cost": 0.00,"Total Cost": 6180.33,"Plan Rows": 12557,"Plan Width": 40,"Actual Startup Time": 0.060,"Actual Total Time": 18.842,"Actual Rows": 5905,"Actual Loops": 5,"Filter": "((p_brand <> 'Brand#22'::bpchar) AND ((p_type)::text !~~ 'SMALL PLATED%'::text) AND (p_size = ANY ('{1,40,46,27,45,9,38,13}'::integer[])))","Rows Removed by Filter": 34095,"Workers": []}]}]}]}]}]}]},"Planning Time": 4.181,"Triggers": [],"Execution Time": 236.124}]
[{"Plan": {"Node Type": "Sort","Parallel Aware": false,"Async Capable": false,"Startup Cost": 32999.69,"Total Cost": 33039.23,"Plan Rows": 15814,"Plan Width": 44,"Actual Startup Time": 237.676,"Actual Total Time": 239.259,"Actual Rows": 18174,"Actual Loops": 1,"Sort Key": ["(count(DISTINCT partsupp.ps_suppkey)) DESC", "part.p_brand", "part.p_type", "part.p_size"],"Sort Method": "quicksort","Sort Space Used": 2329,"Sort Space Type": "Memory","Plans": [{"Node Type": "Aggregate","Strategy": "Sorted","Partial Mode": "Simple","Parent Relationship": "Outer","Parallel Aware": false,"Async Capable": false,"Startup Cost": 24225.68,"Total Cost": 31896.75,"Plan Rows": 15814,"Plan Width": 44,"Actual Startup Time": 133.480,"Actual Total Time": 199.443,"Actual Rows": 18174,"Actual Loops": 1,"Group Key": ["part.p_brand", "part.p_type", "part.p_size"],"Plans": [{"Node Type": "Gather Merge","Parent Relationship": "Outer","Parallel Aware": false,"Async Capable": false,"Startup Cost": 24225.68,"Total Cost": 31159.51,"Plan Rows": 57910,"Plan Width": 40,"Actual Startup Time": 133.421,"Actual Total Time": 171.938,"Actual Rows": 118029,"Actual Loops": 1,"Workers Planned": 4,"Workers Launched": 4,"Plans": [{"Node Type": "Sort","Parent Relationship": "Outer","Parallel Aware": false,"Async Capable": false,"Startup Cost": 23225.62,"Total Cost": 23261.81,"Plan Rows": 14478,"Plan Width": 40,"Actual Startup Time": 122.142,"Actual Total Time": 124.714,"Actual Rows": 23606,"Actual Loops": 5,"Sort Key": ["part.p_brand", "part.p_type", "part.p_size"],"Sort Method": "quicksort","Sort Space Used": 2460,"Sort Space Type": "Memory","Workers": [{"Worker Number": 0,"Sort Method": "quicksort","Sort Space Used": 2899,"Sort Space Type": "Memory"},{"Worker Number": 1,"Sort Method": "quicksort","Sort Space Used": 2873,"Sort Space Type": "Memory"},{"Worker Number": 2,"Sort Method": "quicksort","Sort Space Used": 2475,"Sort Space Type": "Memory"},{"Worker Number": 3,"Sort Method": "quicksort","Sort Space Used": 2852,"Sort Space Type": "Memory"}],"Plans": [{"Node Type": "Hash Join","Parent Relationship": "Outer","Parallel Aware": true,"Async Capable": false,"Join Type": "Inner","Startup Cost": 6678.57,"Total Cost": 22225.07,"Plan Rows": 14478,"Plan Width": 40,"Actual Startup Time": 30.570,"Actual Total Time": 80.778,"Actual Rows": 23606,"Actual Loops": 5,"Inner Unique": true,"Hash Cond": "(partsupp.ps_partkey = part.p_partkey)","Workers": [],"Plans": [{"Node Type": "Index Only Scan","Parent Relationship": "Outer","Parallel Aware": true,"Async Capable": false,"Scan Direction": "Forward","Index Name": "partsupp_pkey","Relation Name": "partsupp","Alias": "partsupp","Startup Cost": 347.43,"Total Cost": 15631.43,"Plan Rows": 100000,"Plan Width": 8,"Actual Startup Time": 6.760,"Actual Total Time": 32.007,"Actual Rows": 159936,"Actual Loops": 5,"Filter": "(NOT (hashed SubPlan 1))","Rows Removed by Filter": 64,"Heap Fetches": 0,"Workers": [],"Plans": [{"Node Type": "Seq Scan","Parent Relationship": "SubPlan","Subplan Name": "SubPlan 1","Parallel Aware": false,"Async Capable": false,"Relation Name": "supplier","Alias": "supplier","Startup Cost": 0.00,"Total Cost": 347.00,"Plan Rows": 1,"Plan Width": 4,"Actual Startup Time": 0.211,"Actual Total Time": 6.513,"Actual Rows": 4,"Actual Loops": 5,"Filter": "((s_comment)::text ~~ '%Customer%Complaints%'::text)","Rows Removed by Filter": 9996,"Workers": []}]},{"Node Type": "Hash","Parent Relationship": "Inner","Parallel Aware": true,"Async Capable": false,"Startup Cost": 6180.33,"Total Cost": 6180.33,"Plan Rows": 12065,"Plan Width": 40,"Actual Startup Time": 23.547,"Actual Total Time": 23.551,"Actual Rows": 5904,"Actual Loops": 5,"Hash Buckets": 32768,"Original Hash Buckets": 32768,"Hash Batches": 1,"Original Hash Batches": 1,"Peak Memory Usage": 2528,"Workers": [],"Plans": [{"Node Type": "Seq Scan","Parent Relationship": "Outer","Parallel Aware": true,"Async Capable": false,"Relation Name": "part","Alias": "part","Startup Cost": 0.00,"Total Cost": 6180.33,"Plan Rows": 12065,"Plan Width": 40,"Actual Startup Time": 0.067,"Actual Total Time": 19.343,"Actual Rows": 5904,"Actual Loops": 5,"Filter": "((p_brand <> 'Brand#53'::bpchar) AND ((p_type)::text !~~ 'SMALL ANODIZED%'::text) AND (p_size = ANY ('{5,34,39,6,4,19,20,13}'::integer[])))","Rows Removed by Filter": 34096,"Workers": []}]}]}]}]}]}]},"Planning Time": 5.550,"Triggers": [],"Execution Time": 240.122}]
[{"Plan": {"Node Type": "Sort","Parallel Aware": false,"Async Capable": false,"Startup Cost": 32967.02,"Total Cost": 33006.49,"Plan Rows": 15789,"Plan Width": 44,"Actual Startup Time": 237.017,"Actual Total Time": 238.554,"Actual Rows": 18192,"Actual Loops": 1,"Sort Key": ["(count(DISTINCT partsupp.ps_suppkey)) DESC", "part.p_brand", "part.p_type", "part.p_size"],"Sort Method": "quicksort","Sort Space Used": 2331,"Sort Space Type": "Memory","Plans": [{"Node Type": "Aggregate","Strategy": "Sorted","Partial Mode": "Simple","Parent Relationship": "Outer","Parallel Aware": false,"Async Capable": false,"Startup Cost": 24221.26,"Total Cost": 31866.00,"Plan Rows": 15789,"Plan Width": 44,"Actual Startup Time": 132.251,"Actual Total Time": 197.499,"Actual Rows": 18192,"Actual Loops": 1,"Group Key": ["part.p_brand", "part.p_type", "part.p_size"],"Plans": [{"Node Type": "Gather Merge","Parent Relationship": "Outer","Parallel Aware": false,"Async Capable": false,"Startup Cost": 24221.26,"Total Cost": 31131.02,"Plan Rows": 57709,"Plan Width": 40,"Actual Startup Time": 132.199,"Actual Total Time": 170.247,"Actual Rows": 117866,"Actual Loops": 1,"Workers Planned": 4,"Workers Launched": 4,"Plans": [{"Node Type": "Sort","Parent Relationship": "Outer","Parallel Aware": false,"Async Capable": false,"Startup Cost": 23221.20,"Total Cost": 23257.27,"Plan Rows": 14427,"Plan Width": 40,"Actual Startup Time": 121.423,"Actual Total Time": 124.022,"Actual Rows": 23573,"Actual Loops": 5,"Sort Key": ["part.p_brand", "part.p_type", "part.p_size"],"Sort Method": "quicksort","Sort Space Used": 2451,"Sort Space Type": "Memory","Workers": [{"Worker Number": 0,"Sort Method": "quicksort","Sort Space Used": 2887,"Sort Space Type": "Memory"},{"Worker Number": 1,"Sort Method": "quicksort","Sort Space Used": 2873,"Sort Space Type": "Memory"},{"Worker Number": 2,"Sort Method": "quicksort","Sort Space Used": 2442,"Sort Space Type": "Memory"},{"Worker Number": 3,"Sort Method": "quicksort","Sort Space Used": 2883,"Sort Space Type": "Memory"}],"Plans": [{"Node Type": "Hash Join","Parent Relationship": "Outer","Parallel Aware": true,"Async Capable": false,"Join Type": "Inner","Startup Cost": 6678.05,"Total Cost": 22224.55,"Plan Rows": 14427,"Plan Width": 40,"Actual Startup Time": 30.781,"Actual Total Time": 80.133,"Actual Rows": 23573,"Actual Loops": 5,"Inner Unique": true,"Hash Cond": "(partsupp.ps_partkey = part.p_partkey)","Workers": [],"Plans": [{"Node Type": "Index Only Scan","Parent Relationship": "Outer","Parallel Aware": true,"Async Capable": false,"Scan Direction": "Forward","Index Name": "partsupp_pkey","Relation Name": "partsupp","Alias": "partsupp","Startup Cost": 347.43,"Total Cost": 15631.43,"Plan Rows": 100000,"Plan Width": 8,"Actual Startup Time": 7.344,"Actual Total Time": 32.189,"Actual Rows": 159936,"Actual Loops": 5,"Filter": "(NOT (hashed SubPlan 1))","Rows Removed by Filter": 64,"Heap Fetches": 0,"Workers": [],"Plans": [{"Node Type": "Seq Scan","Parent Relationship": "SubPlan","Subplan Name": "SubPlan 1","Parallel Aware": false,"Async Capable": false,"Relation Name": "supplier","Alias": "supplier","Startup Cost": 0.00,"Total Cost": 347.00,"Plan Rows": 1,"Plan Width": 4,"Actual Startup Time": 0.142,"Actual Total Time": 7.182,"Actual Rows": 4,"Actual Loops": 5,"Filter": "((s_comment)::text ~~ '%Customer%Complaints%'::text)","Rows Removed by Filter": 9996,"Workers": []}]},{"Node Type": "Hash","Parent Relationship": "Inner","Parallel Aware": true,"Async Capable": false,"Startup Cost": 6180.33,"Total Cost": 6180.33,"Plan Rows": 12023,"Plan Width": 40,"Actual Startup Time": 23.195,"Actual Total Time": 23.198,"Actual Rows": 5895,"Actual Loops": 5,"Hash Buckets": 32768,"Original Hash Buckets": 32768,"Hash Batches": 1,"Original Hash Batches": 1,"Peak Memory Usage": 2528,"Workers": [],"Plans": [{"Node Type": "Seq Scan","Parent Relationship": "Outer","Parallel Aware": true,"Async Capable": false,"Relation Name": "part","Alias": "part","Startup Cost": 0.00,"Total Cost": 6180.33,"Plan Rows": 12023,"Plan Width": 40,"Actual Startup Time": 0.067,"Actual Total Time": 18.924,"Actual Rows": 5895,"Actual Loops": 5,"Filter": "((p_brand <> 'Brand#11'::bpchar) AND ((p_type)::text !~~ 'LARGE BURNISHED%'::text) AND (p_size = ANY ('{13,31,36,9,11,43,16,24}'::integer[])))","Rows Removed by Filter": 34105,"Workers": []}]}]}]}]}]}]},"Planning Time": 4.387,"Triggers": [],"Execution Time": 239.394}]
[{"Plan": {"Node Type": "Sort","Parallel Aware": false,"Async Capable": false,"Startup Cost": 33424.36,"Total Cost": 33464.67,"Plan Rows": 16124,"Plan Width": 44,"Actual Startup Time": 240.350,"Actual Total Time": 241.930,"Actual Rows": 18275,"Actual Loops": 1,"Sort Key": ["(count(DISTINCT partsupp.ps_suppkey)) DESC", "part.p_brand", "part.p_type", "part.p_size"],"Sort Method": "quicksort","Sort Space Used": 2338,"Sort Space Type": "Memory","Plans": [{"Node Type": "Aggregate","Strategy": "Sorted","Partial Mode": "Simple","Parent Relationship": "Outer","Parallel Aware": false,"Async Capable": false,"Startup Cost": 24282.69,"Total Cost": 32297.54,"Plan Rows": 16124,"Plan Width": 44,"Actual Startup Time": 134.324,"Actual Total Time": 203.309,"Actual Rows": 18275,"Actual Loops": 1,"Group Key": ["part.p_brand", "part.p_type", "part.p_size"],"Plans": [{"Node Type": "Gather Merge","Parent Relationship": "Outer","Parallel Aware": false,"Async Capable": false,"Startup Cost": 24282.69,"Total Cost": 31530.94,"Plan Rows": 60536,"Plan Width": 40,"Actual Startup Time": 134.264,"Actual Total Time": 174.510,"Actual Rows": 119329,"Actual Loops": 1,"Workers Planned": 4,"Workers Launched": 4,"Plans": [{"Node Type": "Sort","Parent Relationship": "Outer","Parallel Aware": false,"Async Capable": false,"Startup Cost": 23282.63,"Total Cost": 23320.46,"Plan Rows": 15134,"Plan Width": 40,"Actual Startup Time": 122.335,"Actual Total Time": 125.065,"Actual Rows": 23866,"Actual Loops": 5,"Sort Key": ["part.p_brand", "part.p_type", "part.p_size"],"Sort Method": "quicksort","Sort Space Used": 2485,"Sort Space Type": "Memory","Workers": [{"Worker Number": 0,"Sort Method": "quicksort","Sort Space Used": 2939,"Sort Space Type": "Memory"},{"Worker Number": 1,"Sort Method": "quicksort","Sort Space Used": 2446,"Sort Space Type": "Memory"},{"Worker Number": 2,"Sort Method": "quicksort","Sort Space Used": 2874,"Sort Space Type": "Memory"},{"Worker Number": 3,"Sort Method": "quicksort","Sort Space Used": 2912,"Sort Space Type": "Memory"}],"Plans": [{"Node Type": "Hash Join","Parent Relationship": "Outer","Parallel Aware": true,"Async Capable": false,"Join Type": "Inner","Startup Cost": 6685.41,"Total Cost": 22231.91,"Plan Rows": 15134,"Plan Width": 40,"Actual Startup Time": 30.630,"Actual Total Time": 80.558,"Actual Rows": 23866,"Actual Loops": 5,"Inner Unique": true,"Hash Cond": "(partsupp.ps_partkey = part.p_partkey)","Workers": [],"Plans": [{"Node Type": "Index Only Scan","Parent Relationship": "Outer","Parallel Aware": true,"Async Capable": false,"Scan Direction": "Forward","Index Name": "partsupp_pkey","Relation Name": "partsupp","Alias": "partsupp","Startup Cost": 347.43,"Total Cost": 15631.43,"Plan Rows": 100000,"Plan Width": 8,"Actual Startup Time": 7.600,"Actual Total Time": 32.792,"Actual Rows": 159936,"Actual Loops": 5,"Filter": "(NOT (hashed SubPlan 1))","Rows Removed by Filter": 64,"Heap Fetches": 0,"Workers": [],"Plans": [{"Node Type": "Seq Scan","Parent Relationship": "SubPlan","Subplan Name": "SubPlan 1","Parallel Aware": false,"Async Capable": false,"Relation Name": "supplier","Alias": "supplier","Startup Cost": 0.00,"Total Cost": 347.00,"Plan Rows": 1,"Plan Width": 4,"Actual Startup Time": 0.216,"Actual Total Time": 7.438,"Actual Rows": 4,"Actual Loops": 5,"Filter": "((s_comment)::text ~~ '%Customer%Complaints%'::text)","Rows Removed by Filter": 9996,"Workers": []}]},{"Node Type": "Hash","Parent Relationship": "Inner","Parallel Aware": true,"Async Capable": false,"Startup Cost": 6180.33,"Total Cost": 6180.33,"Plan Rows": 12612,"Plan Width": 40,"Actual Startup Time": 22.732,"Actual Total Time": 22.736,"Actual Rows": 5968,"Actual Loops": 5,"Hash Buckets": 32768,"Original Hash Buckets": 32768,"Hash Batches": 1,"Original Hash Batches": 1,"Peak Memory Usage": 2592,"Workers": [],"Plans": [{"Node Type": "Seq Scan","Parent Relationship": "Outer","Parallel Aware": true,"Async Capable": false,"Relation Name": "part","Alias": "part","Startup Cost": 0.00,"Total Cost": 6180.33,"Plan Rows": 12612,"Plan Width": 40,"Actual Startup Time": 0.053,"Actual Total Time": 18.662,"Actual Rows": 5968,"Actual Loops": 5,"Filter": "((p_brand <> 'Brand#54'::bpchar) AND ((p_type)::text !~~ 'MEDIUM ANODIZED%'::text) AND (p_size = ANY ('{34,23,7,22,14,13,40,38}'::integer[])))","Rows Removed by Filter": 34032,"Workers": []}]}]}]}]}]}]},"Planning Time": 3.761,"Triggers": [],"Execution Time": 242.825}]
[{"Plan": {"Node Type": "Sort","Parallel Aware": false,"Async Capable": false,"Startup Cost": 33281.70,"Total Cost": 33321.75,"Plan Rows": 16022,"Plan Width": 44,"Actual Startup Time": 238.272,"Actual Total Time": 239.832,"Actual Rows": 18280,"Actual Loops": 1,"Sort Key": ["(count(DISTINCT partsupp.ps_suppkey)) DESC", "part.p_brand", "part.p_type", "part.p_size"],"Sort Method": "quicksort","Sort Space Used": 2338,"Sort Space Type": "Memory","Plans": [{"Node Type": "Aggregate","Strategy": "Sorted","Partial Mode": "Simple","Parent Relationship": "Outer","Parallel Aware": false,"Async Capable": false,"Startup Cost": 24263.46,"Total Cost": 32162.74,"Plan Rows": 16022,"Plan Width": 44,"Actual Startup Time": 134.796,"Actual Total Time": 200.530,"Actual Rows": 18280,"Actual Loops": 1,"Group Key": ["part.p_brand", "part.p_type", "part.p_size"],"Plans": [{"Node Type": "Gather Merge","Parent Relationship": "Outer","Parallel Aware": false,"Async Capable": false,"Startup Cost": 24263.46,"Total Cost": 31405.99,"Plan Rows": 59653,"Plan Width": 40,"Actual Startup Time": 134.734,"Actual Total Time": 173.064,"Actual Rows": 119219,"Actual Loops": 1,"Workers Planned": 4,"Workers Launched": 4,"Plans": [{"Node Type": "Sort","Parent Relationship": "Outer","Parallel Aware": false,"Async Capable": false,"Startup Cost": 23263.40,"Total Cost": 23300.68,"Plan Rows": 14913,"Plan Width": 40,"Actual Startup Time": 123.373,"Actual Total Time": 126.124,"Actual Rows": 23844,"Actual Loops": 5,"Sort Key": ["part.p_brand", "part.p_type", "part.p_size"],"Sort Method": "quicksort","Sort Space Used": 2485,"Sort Space Type": "Memory","Workers": [{"Worker Number": 0,"Sort Method": "quicksort","Sort Space Used": 2889,"Sort Space Type": "Memory"},{"Worker Number": 1,"Sort Method": "quicksort","Sort Space Used": 2456,"Sort Space Type": "Memory"},{"Worker Number": 2,"Sort Method": "quicksort","Sort Space Used": 2888,"Sort Space Type": "Memory"},{"Worker Number": 3,"Sort Method": "quicksort","Sort Space Used": 2931,"Sort Space Type": "Memory"}],"Plans": [{"Node Type": "Hash Join","Parent Relationship": "Outer","Parallel Aware": true,"Async Capable": false,"Join Type": "Inner","Startup Cost": 6683.11,"Total Cost": 22229.61,"Plan Rows": 14913,"Plan Width": 40,"Actual Startup Time": 31.377,"Actual Total Time": 81.500,"Actual Rows": 23844,"Actual Loops": 5,"Inner Unique": true,"Hash Cond": "(partsupp.ps_partkey = part.p_partkey)","Workers": [],"Plans": [{"Node Type": "Index Only Scan","Parent Relationship": "Outer","Parallel Aware": true,"Async Capable": false,"Scan Direction": "Forward","Index Name": "partsupp_pkey","Relation Name": "partsupp","Alias": "partsupp","Startup Cost": 347.43,"Total Cost": 15631.43,"Plan Rows": 100000,"Plan Width": 8,"Actual Startup Time": 6.943,"Actual Total Time": 32.076,"Actual Rows": 159936,"Actual Loops": 5,"Filter": "(NOT (hashed SubPlan 1))","Rows Removed by Filter": 64,"Heap Fetches": 0,"Workers": [],"Plans": [{"Node Type": "Seq Scan","Parent Relationship": "SubPlan","Subplan Name": "SubPlan 1","Parallel Aware": false,"Async Capable": false,"Relation Name": "supplier","Alias": "supplier","Startup Cost": 0.00,"Total Cost": 347.00,"Plan Rows": 1,"Plan Width": 4,"Actual Startup Time": 0.244,"Actual Total Time": 6.798,"Actual Rows": 4,"Actual Loops": 5,"Filter": "((s_comment)::text ~~ '%Customer%Complaints%'::text)","Rows Removed by Filter": 9996,"Workers": []}]},{"Node Type": "Hash","Parent Relationship": "Inner","Parallel Aware": true,"Async Capable": false,"Startup Cost": 6180.33,"Total Cost": 6180.33,"Plan Rows": 12428,"Plan Width": 40,"Actual Startup Time": 24.124,"Actual Total Time": 24.128,"Actual Rows": 5963,"Actual Loops": 5,"Hash Buckets": 32768,"Original Hash Buckets": 32768,"Hash Batches": 1,"Original Hash Batches": 1,"Peak Memory Usage": 2560,"Workers": [],"Plans": [{"Node Type": "Seq Scan","Parent Relationship": "Outer","Parallel Aware": true,"Async Capable": false,"Relation Name": "part","Alias": "part","Startup Cost": 0.00,"Total Cost": 6180.33,"Plan Rows": 12428,"Plan Width": 40,"Actual Startup Time": 0.052,"Actual Total Time": 20.182,"Actual Rows": 5963,"Actual Loops": 5,"Filter": "((p_brand <> 'Brand#22'::bpchar) AND ((p_type)::text !~~ 'STANDARD BRUSHED%'::text) AND (p_size = ANY ('{49,12,32,21,33,38,35,11}'::integer[])))","Rows Removed by Filter": 34037,"Workers": []}]}]}]}]}]}]},"Planning Time": 4.815,"Triggers": [],"Execution Time": 240.747}]
[{"Plan": {"Node Type": "Sort","Parallel Aware": false,"Async Capable": false,"Startup Cost": 33256.37,"Total Cost": 33296.38,"Plan Rows": 16004,"Plan Width": 44,"Actual Startup Time": 233.806,"Actual Total Time": 235.736,"Actual Rows": 18244,"Actual Loops": 1,"Sort Key": ["(count(DISTINCT partsupp.ps_suppkey)) DESC", "part.p_brand", "part.p_type", "part.p_size"],"Sort Method": "quicksort","Sort Space Used": 2335,"Sort Space Type": "Memory","Plans": [{"Node Type": "Aggregate","Strategy": "Sorted","Partial Mode": "Simple","Parent Relationship": "Outer","Parallel Aware": false,"Async Capable": false,"Startup Cost": 24260.06,"Total Cost": 32138.79,"Plan Rows": 16004,"Plan Width": 44,"Actual Startup Time": 131.912,"Actual Total Time": 197.398,"Actual Rows": 18244,"Actual Loops": 1,"Group Key": ["part.p_brand", "part.p_type", "part.p_size"],"Plans": [{"Node Type": "Gather Merge","Parent Relationship": "Outer","Parallel Aware": false,"Async Capable": false,"Startup Cost": 24260.06,"Total Cost": 31383.79,"Plan Rows": 59496,"Plan Width": 40,"Actual Startup Time": 131.867,"Actual Total Time": 170.310,"Actual Rows": 118117,"Actual Loops": 1,"Workers Planned": 4,"Workers Launched": 4,"Plans": [{"Node Type": "Sort","Parent Relationship": "Outer","Parallel Aware": false,"Async Capable": false,"Startup Cost": 23260.00,"Total Cost": 23297.19,"Plan Rows": 14874,"Plan Width": 40,"Actual Startup Time": 123.287,"Actual Total Time": 125.810,"Actual Rows": 23623,"Actual Loops": 5,"Sort Key": ["part.p_brand", "part.p_type", "part.p_size"],"Sort Method": "quicksort","Sort Space Used": 2668,"Sort Space Type": "Memory","Workers": [{"Worker Number": 0,"Sort Method": "quicksort","Sort Space Used": 2711,"Sort Space Type": "Memory"},{"Worker Number": 1,"Sort Method": "quicksort","Sort Space Used": 2734,"Sort Space Type": "Memory"},{"Worker Number": 2,"Sort Method": "quicksort","Sort Space Used": 2693,"Sort Space Type": "Memory"},{"Worker Number": 3,"Sort Method": "quicksort","Sort Space Used": 2762,"Sort Space Type": "Memory"}],"Plans": [{"Node Type": "Hash Join","Parent Relationship": "Outer","Parallel Aware": true,"Async Capable": false,"Join Type": "Inner","Startup Cost": 6682.70,"Total Cost": 22229.20,"Plan Rows": 14874,"Plan Width": 40,"Actual Startup Time": 31.022,"Actual Total Time": 81.875,"Actual Rows": 23623,"Actual Loops": 5,"Inner Unique": true,"Hash Cond": "(partsupp.ps_partkey = part.p_partkey)","Workers": [],"Plans": [{"Node Type": "Index Only Scan","Parent Relationship": "Outer","Parallel Aware": true,"Async Capable": false,"Scan Direction": "Forward","Index Name": "partsupp_pkey","Relation Name": "partsupp","Alias": "partsupp","Startup Cost": 347.43,"Total Cost": 15631.43,"Plan Rows": 100000,"Plan Width": 8,"Actual Startup Time": 7.717,"Actual Total Time": 33.067,"Actual Rows": 159936,"Actual Loops": 5,"Filter": "(NOT (hashed SubPlan 1))","Rows Removed by Filter": 64,"Heap Fetches": 0,"Workers": [],"Plans": [{"Node Type": "Seq Scan","Parent Relationship": "SubPlan","Subplan Name": "SubPlan 1","Parallel Aware": false,"Async Capable": false,"Relation Name": "supplier","Alias": "supplier","Startup Cost": 0.00,"Total Cost": 347.00,"Plan Rows": 1,"Plan Width": 4,"Actual Startup Time": 0.251,"Actual Total Time": 7.539,"Actual Rows": 4,"Actual Loops": 5,"Filter": "((s_comment)::text ~~ '%Customer%Complaints%'::text)","Rows Removed by Filter": 9996,"Workers": []}]},{"Node Type": "Hash","Parent Relationship": "Inner","Parallel Aware": true,"Async Capable": false,"Startup Cost": 6180.33,"Total Cost": 6180.33,"Plan Rows": 12395,"Plan Width": 40,"Actual Startup Time": 23.024,"Actual Total Time": 23.029,"Actual Rows": 5908,"Actual Loops": 5,"Hash Buckets": 32768,"Original Hash Buckets": 32768,"Hash Batches": 1,"Original Hash Batches": 1,"Peak Memory Usage": 2592,"Workers": [],"Plans": [{"Node Type": "Seq Scan","Parent Relationship": "Outer","Parallel Aware": true,"Async Capable": false,"Relation Name": "part","Alias": "part","Startup Cost": 0.00,"Total Cost": 6180.33,"Plan Rows": 12395,"Plan Width": 40,"Actual Startup Time": 0.049,"Actual Total Time": 19.026,"Actual Rows": 5908,"Actual Loops": 5,"Filter": "((p_brand <> 'Brand#53'::bpchar) AND ((p_type)::text !~~ 'LARGE POLISHED%'::text) AND (p_size = ANY ('{25,11,4,47,30,40,50,17}'::integer[])))","Rows Removed by Filter": 34092,"Workers": []}]}]}]}]}]}]},"Planning Time": 4.414,"Triggers": [],"Execution Time": 236.686}]
[{"Plan": {"Node Type": "Sort","Parallel Aware": false,"Async Capable": false,"Startup Cost": 33170.65,"Total Cost": 33210.51,"Plan Rows": 15941,"Plan Width": 44,"Actual Startup Time": 232.991,"Actual Total Time": 234.663,"Actual Rows": 18341,"Actual Loops": 1,"Sort Key": ["(count(DISTINCT partsupp.ps_suppkey)) DESC", "part.p_brand", "part.p_type", "part.p_size"],"Sort Method": "quicksort","Sort Space Used": 2344,"Sort Space Type": "Memory","Plans": [{"Node Type": "Aggregate","Strategy": "Sorted","Partial Mode": "Simple","Parent Relationship": "Outer","Parallel Aware": false,"Async Capable": false,"Startup Cost": 24248.59,"Total Cost": 32057.94,"Plan Rows": 15941,"Plan Width": 44,"Actual Startup Time": 130.110,"Actual Total Time": 195.293,"Actual Rows": 18341,"Actual Loops": 1,"Group Key": ["part.p_brand", "part.p_type", "part.p_size"],"Plans": [{"Node Type": "Gather Merge","Parent Relationship": "Outer","Parallel Aware": false,"Async Capable": false,"Startup Cost": 24248.59,"Total Cost": 31308.87,"Plan Rows": 58966,"Plan Width": 40,"Actual Startup Time": 130.033,"Actual Total Time": 167.753,"Actual Rows": 118833,"Actual Loops": 1,"Workers Planned": 4,"Workers Launched": 4,"Plans": [{"Node Type": "Sort","Parent Relationship": "Outer","Parallel Aware": false,"Async Capable": false,"Startup Cost": 23248.53,"Total Cost": 23285.39,"Plan Rows": 14742,"Plan Width": 40,"Actual Startup Time": 120.881,"Actual Total Time": 123.244,"Actual Rows": 23767,"Actual Loops": 5,"Sort Key": ["part.p_brand", "part.p_type", "part.p_size"],"Sort Method": "quicksort","Sort Space Used": 2675,"Sort Space Type": "Memory","Workers": [{"Worker Number": 0,"Sort Method": "quicksort","Sort Space Used": 2661,"Sort Space Type": "Memory"},{"Worker Number": 1,"Sort Method": "quicksort","Sort Space Used": 2675,"Sort Space Type": "Memory"},{"Worker Number": 2,"Sort Method": "quicksort","Sort Space Used": 2789,"Sort Space Type": "Memory"},{"Worker Number": 3,"Sort Method": "quicksort","Sort Space Used": 2824,"Sort Space Type": "Memory"}],"Plans": [{"Node Type": "Hash Join","Parent Relationship": "Outer","Parallel Aware": true,"Async Capable": false,"Join Type": "Inner","Startup Cost": 6681.32,"Total Cost": 22227.82,"Plan Rows": 14742,"Plan Width": 40,"Actual Startup Time": 31.135,"Actual Total Time": 79.153,"Actual Rows": 23767,"Actual Loops": 5,"Inner Unique": true,"Hash Cond": "(partsupp.ps_partkey = part.p_partkey)","Workers": [],"Plans": [{"Node Type": "Index Only Scan","Parent Relationship": "Outer","Parallel Aware": true,"Async Capable": false,"Scan Direction": "Forward","Index Name": "partsupp_pkey","Relation Name": "partsupp","Alias": "partsupp","Startup Cost": 347.43,"Total Cost": 15631.43,"Plan Rows": 100000,"Plan Width": 8,"Actual Startup Time": 7.393,"Actual Total Time": 31.970,"Actual Rows": 159936,"Actual Loops": 5,"Filter": "(NOT (hashed SubPlan 1))","Rows Removed by Filter": 64,"Heap Fetches": 0,"Workers": [],"Plans": [{"Node Type": "Seq Scan","Parent Relationship": "SubPlan","Subplan Name": "SubPlan 1","Parallel Aware": false,"Async Capable": false,"Relation Name": "supplier","Alias": "supplier","Startup Cost": 0.00,"Total Cost": 347.00,"Plan Rows": 1,"Plan Width": 4,"Actual Startup Time": 0.159,"Actual Total Time": 7.224,"Actual Rows": 4,"Actual Loops": 5,"Filter": "((s_comment)::text ~~ '%Customer%Complaints%'::text)","Rows Removed by Filter": 9996,"Workers": []}]},{"Node Type": "Hash","Parent Relationship": "Inner","Parallel Aware": true,"Async Capable": false,"Startup Cost": 6180.33,"Total Cost": 6180.33,"Plan Rows": 12285,"Plan Width": 40,"Actual Startup Time": 23.498,"Actual Total Time": 23.500,"Actual Rows": 5944,"Actual Loops": 5,"Hash Buckets": 32768,"Original Hash Buckets": 32768,"Hash Batches": 1,"Original Hash Batches": 1,"Peak Memory Usage": 2560,"Workers": [],"Plans": [{"Node Type": "Seq Scan","Parent Relationship": "Outer","Parallel Aware": true,"Async Capable": false,"Relation Name": "part","Alias": "part","Startup Cost": 0.00,"Total Cost": 6180.33,"Plan Rows": 12285,"Plan Width": 40,"Actual Startup Time": 0.050,"Actual Total Time": 19.814,"Actual Rows": 5944,"Actual Loops": 5,"Filter": "((p_brand <> 'Brand#43'::bpchar) AND ((p_type)::text !~~ 'LARGE POLISHED%'::text) AND (p_size = ANY ('{28,30,5,9,17,22,39,19}'::integer[])))","Rows Removed by Filter": 34056,"Workers": []}]}]}]}]}]}]},"Planning Time": 5.427,"Triggers": [],"Execution Time": 235.544}]
[{"Plan": {"Node Type": "Sort","Parallel Aware": false,"Async Capable": false,"Startup Cost": 33319.54,"Total Cost": 33359.66,"Plan Rows": 16049,"Plan Width": 44,"Actual Startup Time": 231.532,"Actual Total Time": 233.418,"Actual Rows": 18271,"Actual Loops": 1,"Sort Key": ["(count(DISTINCT partsupp.ps_suppkey)) DESC", "part.p_brand", "part.p_type", "part.p_size"],"Sort Method": "quicksort","Sort Space Used": 2338,"Sort Space Type": "Memory","Plans": [{"Node Type": "Aggregate","Strategy": "Sorted","Partial Mode": "Simple","Parent Relationship": "Outer","Parallel Aware": false,"Async Capable": false,"Startup Cost": 24268.59,"Total Cost": 32198.50,"Plan Rows": 16049,"Plan Width": 44,"Actual Startup Time": 131.039,"Actual Total Time": 197.401,"Actual Rows": 18271,"Actual Loops": 1,"Group Key": ["part.p_brand", "part.p_type", "part.p_size"],"Plans": [{"Node Type": "Gather Merge","Parent Relationship": "Outer","Parallel Aware": false,"Async Capable": false,"Startup Cost": 24268.59,"Total Cost": 31439.14,"Plan Rows": 59887,"Plan Width": 40,"Actual Startup Time": 130.994,"Actual Total Time": 169.890,"Actual Rows": 118616,"Actual Loops": 1,"Workers Planned": 4,"Workers Launched": 4,"Plans": [{"Node Type": "Sort","Parent Relationship": "Outer","Parallel Aware": false,"Async Capable": false,"Startup Cost": 23268.53,"Total Cost": 23305.96,"Plan Rows": 14972,"Plan Width": 40,"Actual Startup Time": 122.217,"Actual Total Time": 124.797,"Actual Rows": 23723,"Actual Loops": 5,"Sort Key": ["part.p_brand", "part.p_type", "part.p_size"],"Sort Method": "quicksort","Sort Space Used": 2691,"Sort Space Type": "Memory","Workers": [{"Worker Number": 0,"Sort Method": "quicksort","Sort Space Used": 2725,"Sort Space Type": "Memory"},{"Worker Number": 1,"Sort Method": "quicksort","Sort Space Used": 2679,"Sort Space Type": "Memory"},{"Worker Number": 2,"Sort Method": "quicksort","Sort Space Used": 2776,"Sort Space Type": "Memory"},{"Worker Number": 3,"Sort Method": "quicksort","Sort Space Used": 2741,"Sort Space Type": "Memory"}],"Plans": [{"Node Type": "Hash Join","Parent Relationship": "Outer","Parallel Aware": true,"Async Capable": false,"Join Type": "Inner","Startup Cost": 6683.72,"Total Cost": 22230.22,"Plan Rows": 14972,"Plan Width": 40,"Actual Startup Time": 29.803,"Actual Total Time": 80.477,"Actual Rows": 23723,"Actual Loops": 5,"Inner Unique": true,"Hash Cond": "(partsupp.ps_partkey = part.p_partkey)","Workers": [],"Plans": [{"Node Type": "Index Only Scan","Parent Relationship": "Outer","Parallel Aware": true,"Async Capable": false,"Scan Direction": "Forward","Index Name": "partsupp_pkey","Relation Name": "partsupp","Alias": "partsupp","Startup Cost": 347.43,"Total Cost": 15631.43,"Plan Rows": 100000,"Plan Width": 8,"Actual Startup Time": 7.215,"Actual Total Time": 32.600,"Actual Rows": 159936,"Actual Loops": 5,"Filter": "(NOT (hashed SubPlan 1))","Rows Removed by Filter": 64,"Heap Fetches": 0,"Workers": [],"Plans": [{"Node Type": "Seq Scan","Parent Relationship": "SubPlan","Subplan Name": "SubPlan 1","Parallel Aware": false,"Async Capable": false,"Relation Name": "supplier","Alias": "supplier","Startup Cost": 0.00,"Total Cost": 347.00,"Plan Rows": 1,"Plan Width": 4,"Actual Startup Time": 0.127,"Actual Total Time": 7.024,"Actual Rows": 4,"Actual Loops": 5,"Filter": "((s_comment)::text ~~ '%Customer%Complaints%'::text)","Rows Removed by Filter": 9996,"Workers": []}]},{"Node Type": "Hash","Parent Relationship": "Inner","Parallel Aware": true,"Async Capable": false,"Startup Cost": 6180.33,"Total Cost": 6180.33,"Plan Rows": 12477,"Plan Width": 40,"Actual Startup Time": 22.351,"Actual Total Time": 22.355,"Actual Rows": 5933,"Actual Loops": 5,"Hash Buckets": 32768,"Original Hash Buckets": 32768,"Hash Batches": 1,"Original Hash Batches": 1,"Peak Memory Usage": 2560,"Workers": [],"Plans": [{"Node Type": "Seq Scan","Parent Relationship": "Outer","Parallel Aware": true,"Async Capable": false,"Relation Name": "part","Alias": "part","Startup Cost": 0.00,"Total Cost": 6180.33,"Plan Rows": 12477,"Plan Width": 40,"Actual Startup Time": 0.050,"Actual Total Time": 18.475,"Actual Rows": 5933,"Actual Loops": 5,"Filter": "((p_brand <> 'Brand#45'::bpchar) AND ((p_type)::text !~~ 'LARGE POLISHED%'::text) AND (p_size = ANY ('{15,48,1,31,2,42,34,9}'::integer[])))","Rows Removed by Filter": 34067,"Workers": []}]}]}]}]}]}]},"Planning Time": 4.147,"Triggers": [],"Execution Time": 234.324}]
[{"Plan": {"Node Type": "Sort","Parallel Aware": false,"Async Capable": false,"Startup Cost": 33167.71,"Total Cost": 33207.56,"Plan Rows": 15939,"Plan Width": 44,"Actual Startup Time": 235.745,"Actual Total Time": 237.529,"Actual Rows": 18254,"Actual Loops": 1,"Sort Key": ["(count(DISTINCT partsupp.ps_suppkey)) DESC", "part.p_brand", "part.p_type", "part.p_size"],"Sort Method": "quicksort","Sort Space Used": 2336,"Sort Space Type": "Memory","Plans": [{"Node Type": "Aggregate","Strategy": "Sorted","Partial Mode": "Simple","Parent Relationship": "Outer","Parallel Aware": false,"Async Capable": false,"Startup Cost": 24248.16,"Total Cost": 32055.15,"Plan Rows": 15939,"Plan Width": 44,"Actual Startup Time": 131.058,"Actual Total Time": 197.179,"Actual Rows": 18254,"Actual Loops": 1,"Group Key": ["part.p_brand", "part.p_type", "part.p_size"],"Plans": [{"Node Type": "Gather Merge","Parent Relationship": "Outer","Parallel Aware": false,"Async Capable": false,"Startup Cost": 24248.16,"Total Cost": 31306.28,"Plan Rows": 58948,"Plan Width": 40,"Actual Startup Time": 130.992,"Actual Total Time": 169.690,"Actual Rows": 118949,"Actual Loops": 1,"Workers Planned": 4,"Workers Launched": 4,"Plans": [{"Node Type": "Sort","Parent Relationship": "Outer","Parallel Aware": false,"Async Capable": false,"Startup Cost": 23248.10,"Total Cost": 23284.94,"Plan Rows": 14737,"Plan Width": 40,"Actual Startup Time": 122.857,"Actual Total Time": 125.414,"Actual Rows": 23790,"Actual Loops": 5,"Sort Key": ["part.p_brand", "part.p_type", "part.p_size"],"Sort Method": "quicksort","Sort Space Used": 2711,"Sort Space Type": "Memory","Workers": [{"Worker Number": 0,"Sort Method": "quicksort","Sort Space Used": 2738,"Sort Space Type": "Memory"},{"Worker Number": 1,"Sort Method": "quicksort","Sort Space Used": 2749,"Sort Space Type": "Memory"},{"Worker Number": 2,"Sort Method": "quicksort","Sort Space Used": 2708,"Sort Space Type": "Memory"},{"Worker Number": 3,"Sort Method": "quicksort","Sort Space Used": 2718,"Sort Space Type": "Memory"}],"Plans": [{"Node Type": "Hash Join","Parent Relationship": "Outer","Parallel Aware": true,"Async Capable": false,"Join Type": "Inner","Startup Cost": 6681.27,"Total Cost": 22227.77,"Plan Rows": 14737,"Plan Width": 40,"Actual Startup Time": 30.391,"Actual Total Time": 81.038,"Actual Rows": 23790,"Actual Loops": 5,"Inner Unique": true,"Hash Cond": "(partsupp.ps_partkey = part.p_partkey)","Workers": [],"Plans": [{"Node Type": "Index Only Scan","Parent Relationship": "Outer","Parallel Aware": true,"Async Capable": false,"Scan Direction": "Forward","Index Name": "partsupp_pkey","Relation Name": "partsupp","Alias": "partsupp","Startup Cost": 347.43,"Total Cost": 15631.43,"Plan Rows": 100000,"Plan Width": 8,"Actual Startup Time": 6.828,"Actual Total Time": 31.962,"Actual Rows": 159936,"Actual Loops": 5,"Filter": "(NOT (hashed SubPlan 1))","Rows Removed by Filter": 64,"Heap Fetches": 0,"Workers": [],"Plans": [{"Node Type": "Seq Scan","Parent Relationship": "SubPlan","Subplan Name": "SubPlan 1","Parallel Aware": false,"Async Capable": false,"Relation Name": "supplier","Alias": "supplier","Startup Cost": 0.00,"Total Cost": 347.00,"Plan Rows": 1,"Plan Width": 4,"Actual Startup Time": 0.241,"Actual Total Time": 6.628,"Actual Rows": 4,"Actual Loops": 5,"Filter": "((s_comment)::text ~~ '%Customer%Complaints%'::text)","Rows Removed by Filter": 9996,"Workers": []}]},{"Node Type": "Hash","Parent Relationship": "Inner","Parallel Aware": true,"Async Capable": false,"Startup Cost": 6180.33,"Total Cost": 6180.33,"Plan Rows": 12281,"Plan Width": 40,"Actual Startup Time": 23.282,"Actual Total Time": 23.285,"Actual Rows": 5950,"Actual Loops": 5,"Hash Buckets": 32768,"Original Hash Buckets": 32768,"Hash Batches": 1,"Original Hash Batches": 1,"Peak Memory Usage": 2560,"Workers": [],"Plans": [{"Node Type": "Seq Scan","Parent Relationship": "Outer","Parallel Aware": true,"Async Capable": false,"Relation Name": "part","Alias": "part","Startup Cost": 0.00,"Total Cost": 6180.33,"Plan Rows": 12281,"Plan Width": 40,"Actual Startup Time": 0.056,"Actual Total Time": 19.267,"Actual Rows": 5950,"Actual Loops": 5,"Filter": "((p_brand <> 'Brand#33'::bpchar) AND ((p_type)::text !~~ 'MEDIUM BURNISHED%'::text) AND (p_size = ANY ('{33,34,35,48,23,20,37,32}'::integer[])))","Rows Removed by Filter": 34050,"Workers": []}]}]}]}]}]}]},"Planning Time": 3.798,"Triggers": [],"Execution Time": 238.432}]
[{"Plan": {"Node Type": "Sort","Parallel Aware": false,"Async Capable": false,"Startup Cost": 33069.76,"Total Cost": 33109.42,"Plan Rows": 15866,"Plan Width": 44,"Actual Startup Time": 244.331,"Actual Total Time": 246.063,"Actual Rows": 18199,"Actual Loops": 1,"Sort Key": ["(count(DISTINCT partsupp.ps_suppkey)) DESC", "part.p_brand", "part.p_type", "part.p_size"],"Sort Method": "quicksort","Sort Space Used": 2330,"Sort Space Type": "Memory","Plans": [{"Node Type": "Aggregate","Strategy": "Sorted","Partial Mode": "Simple","Parent Relationship": "Outer","Parallel Aware": false,"Async Capable": false,"Startup Cost": 24235.05,"Total Cost": 31962.81,"Plan Rows": 15866,"Plan Width": 44,"Actual Startup Time": 138.840,"Actual Total Time": 207.185,"Actual Rows": 18199,"Actual Loops": 1,"Group Key": ["part.p_brand", "part.p_type", "part.p_size"],"Plans": [{"Node Type": "Gather Merge","Parent Relationship": "Outer","Parallel Aware": false,"Async Capable": false,"Startup Cost": 24235.05,"Total Cost": 31220.72,"Plan Rows": 58343,"Plan Width": 40,"Actual Startup Time": 138.769,"Actual Total Time": 178.718,"Actual Rows": 117488,"Actual Loops": 1,"Workers Planned": 4,"Workers Launched": 4,"Plans": [{"Node Type": "Sort","Parent Relationship": "Outer","Parallel Aware": false,"Async Capable": false,"Startup Cost": 23234.99,"Total Cost": 23271.45,"Plan Rows": 14586,"Plan Width": 40,"Actual Startup Time": 124.340,"Actual Total Time": 126.622,"Actual Rows": 23498,"Actual Loops": 5,"Sort Key": ["part.p_brand", "part.p_type", "part.p_size"],"Sort Method": "quicksort","Sort Space Used": 2426,"Sort Space Type": "Memory","Workers": [{"Worker Number": 0,"Sort Method": "quicksort","Sort Space Used": 2829,"Sort Space Type": "Memory"},{"Worker Number": 1,"Sort Method": "quicksort","Sort Space Used": 2872,"Sort Space Type": "Memory"},{"Worker Number": 2,"Sort Method": "quicksort","Sort Space Used": 2910,"Sort Space Type": "Memory"},{"Worker Number": 3,"Sort Method": "quicksort","Sort Space Used": 2456,"Sort Space Type": "Memory"}],"Plans": [{"Node Type": "Hash Join","Parent Relationship": "Outer","Parallel Aware": true,"Async Capable": false,"Join Type": "Inner","Startup Cost": 6679.70,"Total Cost": 22226.20,"Plan Rows": 14586,"Plan Width": 40,"Actual Startup Time": 31.929,"Actual Total Time": 82.566,"Actual Rows": 23498,"Actual Loops": 5,"Inner Unique": true,"Hash Cond": "(partsupp.ps_partkey = part.p_partkey)","Workers": [],"Plans": [{"Node Type": "Index Only Scan","Parent Relationship": "Outer","Parallel Aware": true,"Async Capable": false,"Scan Direction": "Forward","Index Name": "partsupp_pkey","Relation Name": "partsupp","Alias": "partsupp","Startup Cost": 347.43,"Total Cost": 15631.43,"Plan Rows": 100000,"Plan Width": 8,"Actual Startup Time": 9.227,"Actual Total Time": 35.197,"Actual Rows": 159936,"Actual Loops": 5,"Filter": "(NOT (hashed SubPlan 1))","Rows Removed by Filter": 64,"Heap Fetches": 0,"Workers": [],"Plans": [{"Node Type": "Seq Scan","Parent Relationship": "SubPlan","Subplan Name": "SubPlan 1","Parallel Aware": false,"Async Capable": false,"Relation Name": "supplier","Alias": "supplier","Startup Cost": 0.00,"Total Cost": 347.00,"Plan Rows": 1,"Plan Width": 4,"Actual Startup Time": 0.411,"Actual Total Time": 9.068,"Actual Rows": 4,"Actual Loops": 5,"Filter": "((s_comment)::text ~~ '%Customer%Complaints%'::text)","Rows Removed by Filter": 9996,"Workers": []}]},{"Node Type": "Hash","Parent Relationship": "Inner","Parallel Aware": true,"Async Capable": false,"Startup Cost": 6180.33,"Total Cost": 6180.33,"Plan Rows": 12155,"Plan Width": 40,"Actual Startup Time": 22.390,"Actual Total Time": 22.394,"Actual Rows": 5876,"Actual Loops": 5,"Hash Buckets": 32768,"Original Hash Buckets": 32768,"Hash Batches": 1,"Original Hash Batches": 1,"Peak Memory Usage": 2496,"Workers": [],"Plans": [{"Node Type": "Seq Scan","Parent Relationship": "Outer","Parallel Aware": true,"Async Capable": false,"Relation Name": "part","Alias": "part","Startup Cost": 0.00,"Total Cost": 6180.33,"Plan Rows": 12155,"Plan Width": 40,"Actual Startup Time": 0.053,"Actual Total Time": 19.028,"Actual Rows": 5876,"Actual Loops": 5,"Filter": "((p_brand <> 'Brand#31'::bpchar) AND ((p_type)::text !~~ 'STANDARD BURNISHED%'::text) AND (p_size = ANY ('{49,50,16,13,17,42,43,32}'::integer[])))","Rows Removed by Filter": 34124,"Workers": []}]}]}]}]}]}]},"Planning Time": 4.644,"Triggers": [],"Execution Time": 247.429}]
[{"Plan": {"Node Type": "Sort","Parallel Aware": false,"Async Capable": false,"Startup Cost": 33366.38,"Total Cost": 33406.59,"Plan Rows": 16083,"Plan Width": 44,"Actual Startup Time": 236.064,"Actual Total Time": 237.845,"Actual Rows": 18383,"Actual Loops": 1,"Sort Key": ["(count(DISTINCT partsupp.ps_suppkey)) DESC", "part.p_brand", "part.p_type", "part.p_size"],"Sort Method": "quicksort","Sort Space Used": 2347,"Sort Space Type": "Memory","Plans": [{"Node Type": "Aggregate","Strategy": "Sorted","Partial Mode": "Simple","Parent Relationship": "Outer","Parallel Aware": false,"Async Capable": false,"Startup Cost": 24274.85,"Total Cost": 32242.72,"Plan Rows": 16083,"Plan Width": 44,"Actual Startup Time": 132.236,"Actual Total Time": 198.256,"Actual Rows": 18383,"Actual Loops": 1,"Group Key": ["part.p_brand", "part.p_type", "part.p_size"],"Plans": [{"Node Type": "Gather Merge","Parent Relationship": "Outer","Parallel Aware": false,"Async Capable": false,"Startup Cost": 24274.85,"Total Cost": 31480.12,"Plan Rows": 60177,"Plan Width": 40,"Actual Startup Time": 132.175,"Actual Total Time": 170.694,"Actual Rows": 119062,"Actual Loops": 1,"Workers Planned": 4,"Workers Launched": 4,"Plans": [{"Node Type": "Sort","Parent Relationship": "Outer","Parallel Aware": false,"Async Capable": false,"Startup Cost": 23274.79,"Total Cost": 23312.40,"Plan Rows": 15044,"Plan Width": 40,"Actual Startup Time": 123.980,"Actual Total Time": 126.570,"Actual Rows": 23812,"Actual Loops": 5,"Sort Key": ["part.p_brand", "part.p_type", "part.p_size"],"Sort Method": "quicksort","Sort Space Used": 2700,"Sort Space Type": "Memory","Workers": [{"Worker Number": 0,"Sort Method": "quicksort","Sort Space Used": 2748,"Sort Space Type": "Memory"},{"Worker Number": 1,"Sort Method": "quicksort","Sort Space Used": 2765,"Sort Space Type": "Memory"},{"Worker Number": 2,"Sort Method": "quicksort","Sort Space Used": 2699,"Sort Space Type": "Memory"},{"Worker Number": 3,"Sort Method": "quicksort","Sort Space Used": 2728,"Sort Space Type": "Memory"}],"Plans": [{"Node Type": "Hash Join","Parent Relationship": "Outer","Parallel Aware": true,"Async Capable": false,"Join Type": "Inner","Startup Cost": 6684.47,"Total Cost": 22230.97,"Plan Rows": 15044,"Plan Width": 40,"Actual Startup Time": 30.852,"Actual Total Time": 82.105,"Actual Rows": 23812,"Actual Loops": 5,"Inner Unique": true,"Hash Cond": "(partsupp.ps_partkey = part.p_partkey)","Workers": [],"Plans": [{"Node Type": "Index Only Scan","Parent Relationship": "Outer","Parallel Aware": true,"Async Capable": false,"Scan Direction": "Forward","Index Name": "partsupp_pkey","Relation Name": "partsupp","Alias": "partsupp","Startup Cost": 347.43,"Total Cost": 15631.43,"Plan Rows": 100000,"Plan Width": 8,"Actual Startup Time": 7.375,"Actual Total Time": 32.635,"Actual Rows": 159936,"Actual Loops": 5,"Filter": "(NOT (hashed SubPlan 1))","Rows Removed by Filter": 64,"Heap Fetches": 0,"Workers": [],"Plans": [{"Node Type": "Seq Scan","Parent Relationship": "SubPlan","Subplan Name": "SubPlan 1","Parallel Aware": false,"Async Capable": false,"Relation Name": "supplier","Alias": "supplier","Startup Cost": 0.00,"Total Cost": 347.00,"Plan Rows": 1,"Plan Width": 4,"Actual Startup Time": 0.142,"Actual Total Time": 7.209,"Actual Rows": 4,"Actual Loops": 5,"Filter": "((s_comment)::text ~~ '%Customer%Complaints%'::text)","Rows Removed by Filter": 9996,"Workers": []}]},{"Node Type": "Hash","Parent Relationship": "Inner","Parallel Aware": true,"Async Capable": false,"Startup Cost": 6180.33,"Total Cost": 6180.33,"Plan Rows": 12537,"Plan Width": 40,"Actual Startup Time": 23.237,"Actual Total Time": 23.240,"Actual Rows": 5956,"Actual Loops": 5,"Hash Buckets": 32768,"Original Hash Buckets": 32768,"Hash Batches": 1,"Original Hash Batches": 1,"Peak Memory Usage": 2528,"Workers": [],"Plans": [{"Node Type": "Seq Scan","Parent Relationship": "Outer","Parallel Aware": true,"Async Capable": false,"Relation Name": "part","Alias": "part","Startup Cost": 0.00,"Total Cost": 6180.33,"Plan Rows": 12537,"Plan Width": 40,"Actual Startup Time": 0.057,"Actual Total Time": 19.196,"Actual Rows": 5956,"Actual Loops": 5,"Filter": "((p_brand <> 'Brand#44'::bpchar) AND ((p_type)::text !~~ 'PROMO ANODIZED%'::text) AND (p_size = ANY ('{28,3,2,34,15,6,5,44}'::integer[])))","Rows Removed by Filter": 34044,"Workers": []}]}]}]}]}]}]},"Planning Time": 4.878,"Triggers": [],"Execution Time": 238.695}]
[{"Plan": {"Node Type": "Sort","Parallel Aware": false,"Async Capable": false,"Startup Cost": 33338.45,"Total Cost": 33378.61,"Plan Rows": 16063,"Plan Width": 44,"Actual Startup Time": 237.568,"Actual Total Time": 239.443,"Actual Rows": 18265,"Actual Loops": 1,"Sort Key": ["(count(DISTINCT partsupp.ps_suppkey)) DESC", "part.p_brand", "part.p_type", "part.p_size"],"Sort Method": "quicksort","Sort Space Used": 2337,"Sort Space Type": "Memory","Plans": [{"Node Type": "Aggregate","Strategy": "Sorted","Partial Mode": "Simple","Parent Relationship": "Outer","Parallel Aware": false,"Async Capable": false,"Startup Cost": 24271.11,"Total Cost": 32216.34,"Plan Rows": 16063,"Plan Width": 44,"Actual Startup Time": 133.485,"Actual Total Time": 199.824,"Actual Rows": 18265,"Actual Loops": 1,"Group Key": ["part.p_brand", "part.p_type", "part.p_size"],"Plans": [{"Node Type": "Gather Merge","Parent Relationship": "Outer","Parallel Aware": false,"Async Capable": false,"Startup Cost": 24271.11,"Total Cost": 31455.67,"Plan Rows": 60004,"Plan Width": 40,"Actual Startup Time": 133.431,"Actual Total Time": 172.413,"Actual Rows": 118709,"Actual Loops": 1,"Workers Planned": 4,"Workers Launched": 4,"Plans": [{"Node Type": "Sort","Parent Relationship": "Outer","Parallel Aware": false,"Async Capable": false,"Startup Cost": 23271.05,"Total Cost": 23308.55,"Plan Rows": 15001,"Plan Width": 40,"Actual Startup Time": 122.144,"Actual Total Time": 124.732,"Actual Rows": 23742,"Actual Loops": 5,"Sort Key": ["part.p_brand", "part.p_type", "part.p_size"],"Sort Method": "quicksort","Sort Space Used": 2455,"Sort Space Type": "Memory","Workers": [{"Worker Number": 0,"Sort Method": "quicksort","Sort Space Used": 2924,"Sort Space Type": "Memory"},{"Worker Number": 1,"Sort Method": "quicksort","Sort Space Used": 2898,"Sort Space Type": "Memory"},{"Worker Number": 2,"Sort Method": "quicksort","Sort Space Used": 2459,"Sort Space Type": "Memory"},{"Worker Number": 3,"Sort Method": "quicksort","Sort Space Used": 2894,"Sort Space Type": "Memory"}],"Plans": [{"Node Type": "Hash Join","Parent Relationship": "Outer","Parallel Aware": true,"Async Capable": false,"Join Type": "Inner","Startup Cost": 6684.02,"Total Cost": 22230.52,"Plan Rows": 15001,"Plan Width": 40,"Actual Startup Time": 30.046,"Actual Total Time": 80.472,"Actual Rows": 23742,"Actual Loops": 5,"Inner Unique": true,"Hash Cond": "(partsupp.ps_partkey = part.p_partkey)","Workers": [],"Plans": [{"Node Type": "Index Only Scan","Parent Relationship": "Outer","Parallel Aware": true,"Async Capable": false,"Scan Direction": "Forward","Index Name": "partsupp_pkey","Relation Name": "partsupp","Alias": "partsupp","Startup Cost": 347.43,"Total Cost": 15631.43,"Plan Rows": 100000,"Plan Width": 8,"Actual Startup Time": 7.368,"Actual Total Time": 32.580,"Actual Rows": 159936,"Actual Loops": 5,"Filter": "(NOT (hashed SubPlan 1))","Rows Removed by Filter": 64,"Heap Fetches": 0,"Workers": [],"Plans": [{"Node Type": "Seq Scan","Parent Relationship": "SubPlan","Subplan Name": "SubPlan 1","Parallel Aware": false,"Async Capable": false,"Relation Name": "supplier","Alias": "supplier","Startup Cost": 0.00,"Total Cost": 347.00,"Plan Rows": 1,"Plan Width": 4,"Actual Startup Time": 0.130,"Actual Total Time": 7.251,"Actual Rows": 4,"Actual Loops": 5,"Filter": "((s_comment)::text ~~ '%Customer%Complaints%'::text)","Rows Removed by Filter": 9996,"Workers": []}]},{"Node Type": "Hash","Parent Relationship": "Inner","Parallel Aware": true,"Async Capable": false,"Startup Cost": 6180.33,"Total Cost": 6180.33,"Plan Rows": 12501,"Plan Width": 40,"Actual Startup Time": 22.396,"Actual Total Time": 22.401,"Actual Rows": 5938,"Actual Loops": 5,"Hash Buckets": 32768,"Original Hash Buckets": 32768,"Hash Batches": 1,"Original Hash Batches": 1,"Peak Memory Usage": 2528,"Workers": [],"Plans": [{"Node Type": "Seq Scan","Parent Relationship": "Outer","Parallel Aware": true,"Async Capable": false,"Relation Name": "part","Alias": "part","Startup Cost": 0.00,"Total Cost": 6180.33,"Plan Rows": 12501,"Plan Width": 40,"Actual Startup Time": 0.056,"Actual Total Time": 18.730,"Actual Rows": 5938,"Actual Loops": 5,"Filter": "((p_brand <> 'Brand#52'::bpchar) AND ((p_type)::text !~~ 'PROMO BRUSHED%'::text) AND (p_size = ANY ('{18,9,19,33,26,46,34,40}'::integer[])))","Rows Removed by Filter": 34062,"Workers": []}]}]}]}]}]}]},"Planning Time": 4.953,"Triggers": [],"Execution Time": 240.600}]
[{"Plan": {"Node Type": "Sort","Parallel Aware": false,"Async Capable": false,"Startup Cost": 33522.96,"Total Cost": 33563.44,"Plan Rows": 16193,"Plan Width": 44,"Actual Startup Time": 232.242,"Actual Total Time": 234.371,"Actual Rows": 18313,"Actual Loops": 1,"Sort Key": ["(count(DISTINCT partsupp.ps_suppkey)) DESC", "part.p_brand", "part.p_type", "part.p_size"],"Sort Method": "quicksort","Sort Space Used": 2341,"Sort Space Type": "Memory","Plans": [{"Node Type": "Aggregate","Strategy": "Sorted","Partial Mode": "Simple","Parent Relationship": "Outer","Parallel Aware": false,"Async Capable": false,"Startup Cost": 24296.00,"Total Cost": 32390.82,"Plan Rows": 16193,"Plan Width": 44,"Actual Startup Time": 130.072,"Actual Total Time": 196.047,"Actual Rows": 18313,"Actual Loops": 1,"Group Key": ["part.p_brand", "part.p_type", "part.p_size"],"Plans": [{"Node Type": "Gather Merge","Parent Relationship": "Outer","Parallel Aware": false,"Async Capable": false,"Startup Cost": 24296.00,"Total Cost": 31617.42,"Plan Rows": 61147,"Plan Width": 40,"Actual Startup Time": 129.990,"Actual Total Time": 168.505,"Actual Rows": 118788,"Actual Loops": 1,"Workers Planned": 4,"Workers Launched": 4,"Plans": [{"Node Type": "Sort","Parent Relationship": "Outer","Parallel Aware": false,"Async Capable": false,"Startup Cost": 23295.95,"Total Cost": 23334.16,"Plan Rows": 15287,"Plan Width": 40,"Actual Startup Time": 119.556,"Actual Total Time": 121.977,"Actual Rows": 23758,"Actual Loops": 5,"Sort Key": ["part.p_brand", "part.p_type", "part.p_size"],"Sort Method": "quicksort","Sort Space Used": 2648,"Sort Space Type": "Memory","Workers": [{"Worker Number": 0,"Sort Method": "quicksort","Sort Space Used": 2612,"Sort Space Type": "Memory"},{"Worker Number": 1,"Sort Method": "quicksort","Sort Space Used": 2841,"Sort Space Type": "Memory"},{"Worker Number": 2,"Sort Method": "quicksort","Sort Space Used": 2614,"Sort Space Type": "Memory"},{"Worker Number": 3,"Sort Method": "quicksort","Sort Space Used": 2890,"Sort Space Type": "Memory"}],"Plans": [{"Node Type": "Hash Join","Parent Relationship": "Outer","Parallel Aware": true,"Async Capable": false,"Join Type": "Inner","Startup Cost": 6687.00,"Total Cost": 22233.50,"Plan Rows": 15287,"Plan Width": 40,"Actual Startup Time": 28.617,"Actual Total Time": 77.995,"Actual Rows": 23758,"Actual Loops": 5,"Inner Unique": true,"Hash Cond": "(partsupp.ps_partkey = part.p_partkey)","Workers": [],"Plans": [{"Node Type": "Index Only Scan","Parent Relationship": "Outer","Parallel Aware": true,"Async Capable": false,"Scan Direction": "Forward","Index Name": "partsupp_pkey","Relation Name": "partsupp","Alias": "partsupp","Startup Cost": 347.43,"Total Cost": 15631.43,"Plan Rows": 100000,"Plan Width": 8,"Actual Startup Time": 7.126,"Actual Total Time": 32.401,"Actual Rows": 159936,"Actual Loops": 5,"Filter": "(NOT (hashed SubPlan 1))","Rows Removed by Filter": 64,"Heap Fetches": 0,"Workers": [],"Plans": [{"Node Type": "Seq Scan","Parent Relationship": "SubPlan","Subplan Name": "SubPlan 1","Parallel Aware": false,"Async Capable": false,"Relation Name": "supplier","Alias": "supplier","Startup Cost": 0.00,"Total Cost": 347.00,"Plan Rows": 1,"Plan Width": 4,"Actual Startup Time": 0.136,"Actual Total Time": 6.976,"Actual Rows": 4,"Actual Loops": 5,"Filter": "((s_comment)::text ~~ '%Customer%Complaints%'::text)","Rows Removed by Filter": 9996,"Workers": []}]},{"Node Type": "Hash","Parent Relationship": "Inner","Parallel Aware": true,"Async Capable": false,"Startup Cost": 6180.33,"Total Cost": 6180.33,"Plan Rows": 12739,"Plan Width": 40,"Actual Startup Time": 21.237,"Actual Total Time": 21.241,"Actual Rows": 5941,"Actual Loops": 5,"Hash Buckets": 32768,"Original Hash Buckets": 32768,"Hash Batches": 1,"Original Hash Batches": 1,"Peak Memory Usage": 2560,"Workers": [],"Plans": [{"Node Type": "Seq Scan","Parent Relationship": "Outer","Parallel Aware": true,"Async Capable": false,"Relation Name": "part","Alias": "part","Startup Cost": 0.00,"Total Cost": 6180.33,"Plan Rows": 12739,"Plan Width": 40,"Actual Startup Time": 0.054,"Actual Total Time": 18.056,"Actual Rows": 5941,"Actual Loops": 5,"Filter": "((p_brand <> 'Brand#13'::bpchar) AND ((p_type)::text !~~ 'STANDARD POLISHED%'::text) AND (p_size = ANY ('{35,1,38,9,8,40,3,43}'::integer[])))","Rows Removed by Filter": 34059,"Workers": []}]}]}]}]}]}]},"Planning Time": 5.059,"Triggers": [],"Execution Time": 235.585}]
[{"Plan": {"Node Type": "Sort","Parallel Aware": false,"Async Capable": false,"Startup Cost": 33456.80,"Total Cost": 33497.17,"Plan Rows": 16147,"Plan Width": 44,"Actual Startup Time": 234.947,"Actual Total Time": 236.922,"Actual Rows": 18355,"Actual Loops": 1,"Sort Key": ["(count(DISTINCT partsupp.ps_suppkey)) DESC", "part.p_brand", "part.p_type", "part.p_size"],"Sort Method": "quicksort","Sort Space Used": 2345,"Sort Space Type": "Memory","Plans": [{"Node Type": "Aggregate","Strategy": "Sorted","Partial Mode": "Simple","Parent Relationship": "Outer","Parallel Aware": false,"Async Capable": false,"Startup Cost": 24287.04,"Total Cost": 32328.20,"Plan Rows": 16147,"Plan Width": 44,"Actual Startup Time": 131.002,"Actual Total Time": 197.991,"Actual Rows": 18355,"Actual Loops": 1,"Group Key": ["part.p_brand", "part.p_type", "part.p_size"],"Plans": [{"Node Type": "Gather Merge","Parent Relationship": "Outer","Parallel Aware": false,"Async Capable": false,"Startup Cost": 24287.04,"Total Cost": 31559.36,"Plan Rows": 60737,"Plan Width": 40,"Actual Startup Time": 130.941,"Actual Total Time": 170.183,"Actual Rows": 119931,"Actual Loops": 1,"Workers Planned": 4,"Workers Launched": 4,"Plans": [{"Node Type": "Sort","Parent Relationship": "Outer","Parallel Aware": false,"Async Capable": false,"Startup Cost": 23286.98,"Total Cost": 23324.94,"Plan Rows": 15184,"Plan Width": 40,"Actual Startup Time": 122.474,"Actual Total Time": 125.037,"Actual Rows": 23986,"Actual Loops": 5,"Sort Key": ["part.p_brand", "part.p_type", "part.p_size"],"Sort Method": "quicksort","Sort Space Used": 2703,"Sort Space Type": "Memory","Workers": [{"Worker Number": 0,"Sort Method": "quicksort","Sort Space Used": 2763,"Sort Space Type": "Memory"},{"Worker Number": 1,"Sort Method": "quicksort","Sort Space Used": 2687,"Sort Space Type": "Memory"},{"Worker Number": 2,"Sort Method": "quicksort","Sort Space Used": 2778,"Sort Space Type": "Memory"},{"Worker Number": 3,"Sort Method": "quicksort","Sort Space Used": 2790,"Sort Space Type": "Memory"}],"Plans": [{"Node Type": "Hash Join","Parent Relationship": "Outer","Parallel Aware": true,"Async Capable": false,"Join Type": "Inner","Startup Cost": 6685.94,"Total Cost": 22232.44,"Plan Rows": 15184,"Plan Width": 40,"Actual Startup Time": 30.011,"Actual Total Time": 80.419,"Actual Rows": 23986,"Actual Loops": 5,"Inner Unique": true,"Hash Cond": "(partsupp.ps_partkey = part.p_partkey)","Workers": [],"Plans": [{"Node Type": "Index Only Scan","Parent Relationship": "Outer","Parallel Aware": true,"Async Capable": false,"Scan Direction": "Forward","Index Name": "partsupp_pkey","Relation Name": "partsupp","Alias": "partsupp","Startup Cost": 347.43,"Total Cost": 15631.43,"Plan Rows": 100000,"Plan Width": 8,"Actual Startup Time": 7.421,"Actual Total Time": 32.413,"Actual Rows": 159936,"Actual Loops": 5,"Filter": "(NOT (hashed SubPlan 1))","Rows Removed by Filter": 64,"Heap Fetches": 0,"Workers": [],"Plans": [{"Node Type": "Seq Scan","Parent Relationship": "SubPlan","Subplan Name": "SubPlan 1","Parallel Aware": false,"Async Capable": false,"Relation Name": "supplier","Alias": "supplier","Startup Cost": 0.00,"Total Cost": 347.00,"Plan Rows": 1,"Plan Width": 4,"Actual Startup Time": 0.199,"Actual Total Time": 7.255,"Actual Rows": 4,"Actual Loops": 5,"Filter": "((s_comment)::text ~~ '%Customer%Complaints%'::text)","Rows Removed by Filter": 9996,"Workers": []}]},{"Node Type": "Hash","Parent Relationship": "Inner","Parallel Aware": true,"Async Capable": false,"Startup Cost": 6180.33,"Total Cost": 6180.33,"Plan Rows": 12654,"Plan Width": 40,"Actual Startup Time": 22.327,"Actual Total Time": 22.331,"Actual Rows": 5999,"Actual Loops": 5,"Hash Buckets": 32768,"Original Hash Buckets": 32768,"Hash Batches": 1,"Original Hash Batches": 1,"Peak Memory Usage": 2624,"Workers": [],"Plans": [{"Node Type": "Seq Scan","Parent Relationship": "Outer","Parallel Aware": true,"Async Capable": false,"Relation Name": "part","Alias": "part","Startup Cost": 0.00,"Total Cost": 6180.33,"Plan Rows": 12654,"Plan Width": 40,"Actual Startup Time": 0.057,"Actual Total Time": 18.722,"Actual Rows": 5999,"Actual Loops": 5,"Filter": "((p_brand <> 'Brand#32'::bpchar) AND ((p_type)::text !~~ 'MEDIUM BRUSHED%'::text) AND (p_size = ANY ('{39,14,37,42,30,6,9,1}'::integer[])))","Rows Removed by Filter": 34001,"Workers": []}]}]}]}]}]}]},"Planning Time": 3.925,"Triggers": [],"Execution Time": 238.250}]
[{"Plan": {"Node Type": "Sort","Parallel Aware": false,"Async Capable": false,"Startup Cost": 32981.91,"Total Cost": 33021.41,"Plan Rows": 15800,"Plan Width": 44,"Actual Startup Time": 239.314,"Actual Total Time": 241.225,"Actual Rows": 18360,"Actual Loops": 1,"Sort Key": ["(count(DISTINCT partsupp.ps_suppkey)) DESC", "part.p_brand", "part.p_type", "part.p_size"],"Sort Method": "quicksort","Sort Space Used": 2345,"Sort Space Type": "Memory","Plans": [{"Node Type": "Aggregate","Strategy": "Sorted","Partial Mode": "Simple","Parent Relationship": "Outer","Parallel Aware": false,"Async Capable": false,"Startup Cost": 24223.25,"Total Cost": 31880.04,"Plan Rows": 15800,"Plan Width": 44,"Actual Startup Time": 132.964,"Actual Total Time": 200.497,"Actual Rows": 18360,"Actual Loops": 1,"Group Key": ["part.p_brand", "part.p_type", "part.p_size"],"Plans": [{"Node Type": "Gather Merge","Parent Relationship": "Outer","Parallel Aware": false,"Async Capable": false,"Startup Cost": 24223.25,"Total Cost": 31144.03,"Plan Rows": 57801,"Plan Width": 40,"Actual Startup Time": 132.880,"Actual Total Time": 172.582,"Actual Rows": 119047,"Actual Loops": 1,"Workers Planned": 4,"Workers Launched": 4,"Plans": [{"Node Type": "Sort","Parent Relationship": "Outer","Parallel Aware": false,"Async Capable": false,"Startup Cost": 23223.19,"Total Cost": 23259.32,"Plan Rows": 14450,"Plan Width": 40,"Actual Startup Time": 120.386,"Actual Total Time": 123.093,"Actual Rows": 23809,"Actual Loops": 5,"Sort Key": ["part.p_brand", "part.p_type", "part.p_size"],"Sort Method": "quicksort","Sort Space Used": 2435,"Sort Space Type": "Memory","Workers": [{"Worker Number": 0,"Sort Method": "quicksort","Sort Space Used": 2936,"Sort Space Type": "Memory"},{"Worker Number": 1,"Sort Method": "quicksort","Sort Space Used": 2404,"Sort Space Type": "Memory"},{"Worker Number": 2,"Sort Method": "quicksort","Sort Space Used": 2920,"Sort Space Type": "Memory"},{"Worker Number": 3,"Sort Method": "quicksort","Sort Space Used": 2947,"Sort Space Type": "Memory"}],"Plans": [{"Node Type": "Hash Join","Parent Relationship": "Outer","Parallel Aware": true,"Async Capable": false,"Join Type": "Inner","Startup Cost": 6678.29,"Total Cost": 22224.79,"Plan Rows": 14450,"Plan Width": 40,"Actual Startup Time": 28.408,"Actual Total Time": 78.696,"Actual Rows": 23809,"Actual Loops": 5,"Inner Unique": true,"Hash Cond": "(partsupp.ps_partkey = part.p_partkey)","Workers": [],"Plans": [{"Node Type": "Index Only Scan","Parent Relationship": "Outer","Parallel Aware": true,"Async Capable": false,"Scan Direction": "Forward","Index Name": "partsupp_pkey","Relation Name": "partsupp","Alias": "partsupp","Startup Cost": 347.43,"Total Cost": 15631.43,"Plan Rows": 100000,"Plan Width": 8,"Actual Startup Time": 6.800,"Actual Total Time": 31.941,"Actual Rows": 159936,"Actual Loops": 5,"Filter": "(NOT (hashed SubPlan 1))","Rows Removed by Filter": 64,"Heap Fetches": 0,"Workers": [],"Plans": [{"Node Type": "Seq Scan","Parent Relationship": "SubPlan","Subplan Name": "SubPlan 1","Parallel Aware": false,"Async Capable": false,"Relation Name": "supplier","Alias": "supplier","Startup Cost": 0.00,"Total Cost": 347.00,"Plan Rows": 1,"Plan Width": 4,"Actual Startup Time": 0.137,"Actual Total Time": 6.657,"Actual Rows": 4,"Actual Loops": 5,"Filter": "((s_comment)::text ~~ '%Customer%Complaints%'::text)","Rows Removed by Filter": 9996,"Workers": []}]},{"Node Type": "Hash","Parent Relationship": "Inner","Parallel Aware": true,"Async Capable": false,"Startup Cost": 6180.33,"Total Cost": 6180.33,"Plan Rows": 12042,"Plan Width": 40,"Actual Startup Time": 21.342,"Actual Total Time": 21.346,"Actual Rows": 5955,"Actual Loops": 5,"Hash Buckets": 32768,"Original Hash Buckets": 32768,"Hash Batches": 1,"Original Hash Batches": 1,"Peak Memory Usage": 2592,"Workers": [],"Plans": [{"Node Type": "Seq Scan","Parent Relationship": "Outer","Parallel Aware": true,"Async Capable": false,"Relation Name": "part","Alias": "part","Startup Cost": 0.00,"Total Cost": 6180.33,"Plan Rows": 12042,"Plan Width": 40,"Actual Startup Time": 0.058,"Actual Total Time": 17.845,"Actual Rows": 5955,"Actual Loops": 5,"Filter": "((p_brand <> 'Brand#52'::bpchar) AND ((p_type)::text !~~ 'ECONOMY PLATED%'::text) AND (p_size = ANY ('{44,37,31,47,10,36,5,35}'::integer[])))","Rows Removed by Filter": 34045,"Workers": []}]}]}]}]}]}]},"Planning Time": 4.862,"Triggers": [],"Execution Time": 242.376}]
[{"Plan": {"Node Type": "Sort","Parallel Aware": false,"Async Capable": false,"Startup Cost": 33192.98,"Total Cost": 33232.88,"Plan Rows": 15958,"Plan Width": 44,"Actual Startup Time": 251.344,"Actual Total Time": 253.238,"Actual Rows": 18362,"Actual Loops": 1,"Sort Key": ["(count(DISTINCT partsupp.ps_suppkey)) DESC", "part.p_brand", "part.p_type", "part.p_size"],"Sort Method": "quicksort","Sort Space Used": 2346,"Sort Space Type": "Memory","Plans": [{"Node Type": "Aggregate","Strategy": "Sorted","Partial Mode": "Simple","Parent Relationship": "Outer","Parallel Aware": false,"Async Capable": false,"Startup Cost": 24251.54,"Total Cost": 32078.96,"Plan Rows": 15958,"Plan Width": 44,"Actual Startup Time": 144.378,"Actual Total Time": 214.736,"Actual Rows": 18362,"Actual Loops": 1,"Group Key": ["part.p_brand", "part.p_type", "part.p_size"],"Plans": [{"Node Type": "Gather Merge","Parent Relationship": "Outer","Parallel Aware": false,"Async Capable": false,"Startup Cost": 24251.54,"Total Cost": 31328.34,"Plan Rows": 59104,"Plan Width": 40,"Actual Startup Time": 144.311,"Actual Total Time": 185.353,"Actual Rows": 119805,"Actual Loops": 1,"Workers Planned": 4,"Workers Launched": 4,"Plans": [{"Node Type": "Sort","Parent Relationship": "Outer","Parallel Aware": false,"Async Capable": false,"Startup Cost": 23251.48,"Total Cost": 23288.42,"Plan Rows": 14776,"Plan Width": 40,"Actual Startup Time": 123.938,"Actual Total Time": 126.779,"Actual Rows": 23961,"Actual Loops": 5,"Sort Key": ["part.p_brand", "part.p_type", "part.p_size"],"Sort Method": "quicksort","Sort Space Used": 2415,"Sort Space Type": "Memory","Workers": [{"Worker Number": 0,"Sort Method": "quicksort","Sort Space Used": 2819,"Sort Space Type": "Memory"},{"Worker Number": 1,"Sort Method": "quicksort","Sort Space Used": 2813,"Sort Space Type": "Memory"},{"Worker Number": 2,"Sort Method": "quicksort","Sort Space Used": 2833,"Sort Space Type": "Memory"},{"Worker Number": 3,"Sort Method": "quicksort","Sort Space Used": 2825,"Sort Space Type": "Memory"}],"Plans": [{"Node Type": "Hash Join","Parent Relationship": "Outer","Parallel Aware": true,"Async Capable": false,"Join Type": "Inner","Startup Cost": 6681.67,"Total Cost": 22228.17,"Plan Rows": 14776,"Plan Width": 40,"Actual Startup Time": 29.544,"Actual Total Time": 79.032,"Actual Rows": 23961,"Actual Loops": 5,"Inner Unique": true,"Hash Cond": "(partsupp.ps_partkey = part.p_partkey)","Workers": [],"Plans": [{"Node Type": "Index Only Scan","Parent Relationship": "Outer","Parallel Aware": true,"Async Capable": false,"Scan Direction": "Forward","Index Name": "partsupp_pkey","Relation Name": "partsupp","Alias": "partsupp","Startup Cost": 347.43,"Total Cost": 15631.43,"Plan Rows": 100000,"Plan Width": 8,"Actual Startup Time": 6.903,"Actual Total Time": 32.680,"Actual Rows": 159936,"Actual Loops": 5,"Filter": "(NOT (hashed SubPlan 1))","Rows Removed by Filter": 64,"Heap Fetches": 0,"Workers": [],"Plans": [{"Node Type": "Seq Scan","Parent Relationship": "SubPlan","Subplan Name": "SubPlan 1","Parallel Aware": false,"Async Capable": false,"Relation Name": "supplier","Alias": "supplier","Startup Cost": 0.00,"Total Cost": 347.00,"Plan Rows": 1,"Plan Width": 4,"Actual Startup Time": 0.128,"Actual Total Time": 6.731,"Actual Rows": 4,"Actual Loops": 5,"Filter": "((s_comment)::text ~~ '%Customer%Complaints%'::text)","Rows Removed by Filter": 9996,"Workers": []}]},{"Node Type": "Hash","Parent Relationship": "Inner","Parallel Aware": true,"Async Capable": false,"Startup Cost": 6180.33,"Total Cost": 6180.33,"Plan Rows": 12313,"Plan Width": 40,"Actual Startup Time": 22.371,"Actual Total Time": 22.375,"Actual Rows": 5993,"Actual Loops": 5,"Hash Buckets": 32768,"Original Hash Buckets": 32768,"Hash Batches": 1,"Original Hash Batches": 1,"Peak Memory Usage": 2592,"Workers": [],"Plans": [{"Node Type": "Seq Scan","Parent Relationship": "Outer","Parallel Aware": true,"Async Capable": false,"Relation Name": "part","Alias": "part","Startup Cost": 0.00,"Total Cost": 6180.33,"Plan Rows": 12313,"Plan Width": 40,"Actual Startup Time": 0.042,"Actual Total Time": 18.618,"Actual Rows": 5993,"Actual Loops": 5,"Filter": "((p_brand <> 'Brand#13'::bpchar) AND ((p_type)::text !~~ 'SMALL POLISHED%'::text) AND (p_size = ANY ('{21,10,23,47,37,7,12,9}'::integer[])))","Rows Removed by Filter": 34007,"Workers": []}]}]}]}]}]}]},"Planning Time": 4.539,"Triggers": [],"Execution Time": 254.201}]
[{"Plan": {"Node Type": "Sort","Parallel Aware": false,"Async Capable": false,"Startup Cost": 33514.91,"Total Cost": 33555.38,"Plan Rows": 16188,"Plan Width": 44,"Actual Startup Time": 237.697,"Actual Total Time": 239.478,"Actual Rows": 18355,"Actual Loops": 1,"Sort Key": ["(count(DISTINCT partsupp.ps_suppkey)) DESC", "part.p_brand", "part.p_type", "part.p_size"],"Sort Method": "quicksort","Sort Space Used": 2346,"Sort Space Type": "Memory","Plans": [{"Node Type": "Aggregate","Strategy": "Sorted","Partial Mode": "Simple","Parent Relationship": "Outer","Parallel Aware": false,"Async Capable": false,"Startup Cost": 24294.88,"Total Cost": 32383.16,"Plan Rows": 16188,"Plan Width": 44,"Actual Startup Time": 133.304,"Actual Total Time": 199.150,"Actual Rows": 18355,"Actual Loops": 1,"Group Key": ["part.p_brand", "part.p_type", "part.p_size"],"Plans": [{"Node Type": "Gather Merge","Parent Relationship": "Outer","Parallel Aware": false,"Async Capable": false,"Startup Cost": 24294.88,"Total Cost": 31610.31,"Plan Rows": 61097,"Plan Width": 40,"Actual Startup Time": 133.257,"Actual Total Time": 171.736,"Actual Rows": 118693,"Actual Loops": 1,"Workers Planned": 4,"Workers Launched": 4,"Plans": [{"Node Type": "Sort","Parent Relationship": "Outer","Parallel Aware": false,"Async Capable": false,"Startup Cost": 23294.82,"Total Cost": 23333.01,"Plan Rows": 15274,"Plan Width": 40,"Actual Startup Time": 122.481,"Actual Total Time": 125.233,"Actual Rows": 23739,"Actual Loops": 5,"Sort Key": ["part.p_brand", "part.p_type", "part.p_size"],"Sort Method": "quicksort","Sort Space Used": 2519,"Sort Space Type": "Memory","Workers": [{"Worker Number": 0,"Sort Method": "quicksort","Sort Space Used": 2854,"Sort Space Type": "Memory"},{"Worker Number": 1,"Sort Method": "quicksort","Sort Space Used": 2882,"Sort Space Type": "Memory"},{"Worker Number": 2,"Sort Method": "quicksort","Sort Space Used": 2866,"Sort Space Type": "Memory"},{"Worker Number": 3,"Sort Method": "quicksort","Sort Space Used": 2506,"Sort Space Type": "Memory"}],"Plans": [{"Node Type": "Hash Join","Parent Relationship": "Outer","Parallel Aware": true,"Async Capable": false,"Join Type": "Inner","Startup Cost": 6686.87,"Total Cost": 22233.37,"Plan Rows": 15274,"Plan Width": 40,"Actual Startup Time": 29.612,"Actual Total Time": 80.596,"Actual Rows": 23739,"Actual Loops": 5,"Inner Unique": true,"Hash Cond": "(partsupp.ps_partkey = part.p_partkey)","Workers": [],"Plans": [{"Node Type": "Index Only Scan","Parent Relationship": "Outer","Parallel Aware": true,"Async Capable": false,"Scan Direction": "Forward","Index Name": "partsupp_pkey","Relation Name": "partsupp","Alias": "partsupp","Startup Cost": 347.43,"Total Cost": 15631.43,"Plan Rows": 100000,"Plan Width": 8,"Actual Startup Time": 6.903,"Actual Total Time": 33.293,"Actual Rows": 159936,"Actual Loops": 5,"Filter": "(NOT (hashed SubPlan 1))","Rows Removed by Filter": 64,"Heap Fetches": 0,"Workers": [],"Plans": [{"Node Type": "Seq Scan","Parent Relationship": "SubPlan","Subplan Name": "SubPlan 1","Parallel Aware": false,"Async Capable": false,"Relation Name": "supplier","Alias": "supplier","Startup Cost": 0.00,"Total Cost": 347.00,"Plan Rows": 1,"Plan Width": 4,"Actual Startup Time": 0.147,"Actual Total Time": 6.754,"Actual Rows": 4,"Actual Loops": 5,"Filter": "((s_comment)::text ~~ '%Customer%Complaints%'::text)","Rows Removed by Filter": 9996,"Workers": []}]},{"Node Type": "Hash","Parent Relationship": "Inner","Parallel Aware": true,"Async Capable": false,"Startup Cost": 6180.33,"Total Cost": 6180.33,"Plan Rows": 12729,"Plan Width": 40,"Actual Startup Time": 22.440,"Actual Total Time": 22.443,"Actual Rows": 5937,"Actual Loops": 5,"Hash Buckets": 32768,"Original Hash Buckets": 32768,"Hash Batches": 1,"Original Hash Batches": 1,"Peak Memory Usage": 2592,"Workers": [],"Plans": [{"Node Type": "Seq Scan","Parent Relationship": "Outer","Parallel Aware": true,"Async Capable": false,"Relation Name": "part","Alias": "part","Startup Cost": 0.00,"Total Cost": 6180.33,"Plan Rows": 12729,"Plan Width": 40,"Actual Startup Time": 0.071,"Actual Total Time": 18.594,"Actual Rows": 5937,"Actual Loops": 5,"Filter": "((p_brand <> 'Brand#13'::bpchar) AND ((p_type)::text !~~ 'LARGE PLATED%'::text) AND (p_size = ANY ('{1,28,24,9,11,2,46,5}'::integer[])))","Rows Removed by Filter": 34063,"Workers": []}]}]}]}]}]}]},"Planning Time": 5.371,"Triggers": [],"Execution Time": 240.345}]
[{"Plan": {"Node Type": "Sort","Parallel Aware": false,"Async Capable": false,"Startup Cost": 33275.19,"Total Cost": 33315.24,"Plan Rows": 16017,"Plan Width": 44,"Actual Startup Time": 229.701,"Actual Total Time": 231.783,"Actual Rows": 18311,"Actual Loops": 1,"Sort Key": ["(count(DISTINCT partsupp.ps_suppkey)) DESC", "part.p_brand", "part.p_type", "part.p_size"],"Sort Method": "quicksort","Sort Space Used": 2341,"Sort Space Type": "Memory","Plans": [{"Node Type": "Aggregate","Strategy": "Sorted","Partial Mode": "Simple","Parent Relationship": "Outer","Parallel Aware": false,"Async Capable": false,"Startup Cost": 24262.58,"Total Cost": 32156.62,"Plan Rows": 16017,"Plan Width": 44,"Actual Startup Time": 126.619,"Actual Total Time": 192.451,"Actual Rows": 18311,"Actual Loops": 1,"Group Key": ["part.p_brand", "part.p_type", "part.p_size"],"Plans": [{"Node Type": "Gather Merge","Parent Relationship": "Outer","Parallel Aware": false,"Async Capable": false,"Startup Cost": 24262.58,"Total Cost": 31400.32,"Plan Rows": 59613,"Plan Width": 40,"Actual Startup Time": 126.537,"Actual Total Time": 165.062,"Actual Rows": 118339,"Actual Loops": 1,"Workers Planned": 4,"Workers Launched": 4,"Plans": [{"Node Type": "Sort","Parent Relationship": "Outer","Parallel Aware": false,"Async Capable": false,"Startup Cost": 23262.52,"Total Cost": 23299.78,"Plan Rows": 14903,"Plan Width": 40,"Actual Startup Time": 118.525,"Actual Total Time": 120.798,"Actual Rows": 23668,"Actual Loops": 5,"Sort Key": ["part.p_brand", "part.p_type", "part.p_size"],"Sort Method": "quicksort","Sort Space Used": 2789,"Sort Space Type": "Memory","Workers": [{"Worker Number": 0,"Sort Method": "quicksort","Sort Space Used": 2747,"Sort Space Type": "Memory"},{"Worker Number": 1,"Sort Method": "quicksort","Sort Space Used": 2743,"Sort Space Type": "Memory"},{"Worker Number": 2,"Sort Method": "quicksort","Sort Space Used": 2514,"Sort Space Type": "Memory"},{"Worker Number": 3,"Sort Method": "quicksort","Sort Space Used": 2791,"Sort Space Type": "Memory"}],"Plans": [{"Node Type": "Hash Join","Parent Relationship": "Outer","Parallel Aware": true,"Async Capable": false,"Join Type": "Inner","Startup Cost": 6683.00,"Total Cost": 22229.50,"Plan Rows": 14903,"Plan Width": 40,"Actual Startup Time": 27.672,"Actual Total Time": 76.512,"Actual Rows": 23668,"Actual Loops": 5,"Inner Unique": true,"Hash Cond": "(partsupp.ps_partkey = part.p_partkey)","Workers": [],"Plans": [{"Node Type": "Index Only Scan","Parent Relationship": "Outer","Parallel Aware": true,"Async Capable": false,"Scan Direction": "Forward","Index Name": "partsupp_pkey","Relation Name": "partsupp","Alias": "partsupp","Startup Cost": 347.43,"Total Cost": 15631.43,"Plan Rows": 100000,"Plan Width": 8,"Actual Startup Time": 6.764,"Actual Total Time": 33.365,"Actual Rows": 159936,"Actual Loops": 5,"Filter": "(NOT (hashed SubPlan 1))","Rows Removed by Filter": 64,"Heap Fetches": 0,"Workers": [],"Plans": [{"Node Type": "Seq Scan","Parent Relationship": "SubPlan","Subplan Name": "SubPlan 1","Parallel Aware": false,"Async Capable": false,"Relation Name": "supplier","Alias": "supplier","Startup Cost": 0.00,"Total Cost": 347.00,"Plan Rows": 1,"Plan Width": 4,"Actual Startup Time": 0.138,"Actual Total Time": 6.629,"Actual Rows": 4,"Actual Loops": 5,"Filter": "((s_comment)::text ~~ '%Customer%Complaints%'::text)","Rows Removed by Filter": 9996,"Workers": []}]},{"Node Type": "Hash","Parent Relationship": "Inner","Parallel Aware": true,"Async Capable": false,"Startup Cost": 6180.33,"Total Cost": 6180.33,"Plan Rows": 12419,"Plan Width": 40,"Actual Startup Time": 20.659,"Actual Total Time": 20.664,"Actual Rows": 5920,"Actual Loops": 5,"Hash Buckets": 32768,"Original Hash Buckets": 32768,"Hash Batches": 1,"Original Hash Batches": 1,"Peak Memory Usage": 2496,"Workers": [],"Plans": [{"Node Type": "Seq Scan","Parent Relationship": "Outer","Parallel Aware": true,"Async Capable": false,"Relation Name": "part","Alias": "part","Startup Cost": 0.00,"Total Cost": 6180.33,"Plan Rows": 12419,"Plan Width": 40,"Actual Startup Time": 0.051,"Actual Total Time": 17.760,"Actual Rows": 5920,"Actual Loops": 5,"Filter": "((p_brand <> 'Brand#55'::bpchar) AND ((p_type)::text !~~ 'LARGE POLISHED%'::text) AND (p_size = ANY ('{28,50,46,40,5,48,1,6}'::integer[])))","Rows Removed by Filter": 34080,"Workers": []}]}]}]}]}]}]},"Planning Time": 5.054,"Triggers": [],"Execution Time": 233.087}]
[{"Plan": {"Node Type": "Sort","Parallel Aware": false,"Async Capable": false,"Startup Cost": 33007.17,"Total Cost": 33046.72,"Plan Rows": 15819,"Plan Width": 44,"Actual Startup Time": 247.645,"Actual Total Time": 249.345,"Actual Rows": 18151,"Actual Loops": 1,"Sort Key": ["(count(DISTINCT partsupp.ps_suppkey)) DESC", "part.p_brand", "part.p_type", "part.p_size"],"Sort Method": "quicksort","Sort Space Used": 2327,"Sort Space Type": "Memory","Plans": [{"Node Type": "Aggregate","Strategy": "Sorted","Partial Mode": "Simple","Parent Relationship": "Outer","Parallel Aware": false,"Async Capable": false,"Startup Cost": 24226.63,"Total Cost": 31903.85,"Plan Rows": 15819,"Plan Width": 44,"Actual Startup Time": 139.116,"Actual Total Time": 208.329,"Actual Rows": 18151,"Actual Loops": 1,"Group Key": ["part.p_brand", "part.p_type", "part.p_size"],"Plans": [{"Node Type": "Gather Merge","Parent Relationship": "Outer","Parallel Aware": false,"Async Capable": false,"Startup Cost": 24226.63,"Total Cost": 31166.09,"Plan Rows": 57957,"Plan Width": 40,"Actual Startup Time": 139.053,"Actual Total Time": 179.320,"Actual Rows": 117114,"Actual Loops": 1,"Workers Planned": 4,"Workers Launched": 4,"Plans": [{"Node Type": "Sort","Parent Relationship": "Outer","Parallel Aware": false,"Async Capable": false,"Startup Cost": 23226.57,"Total Cost": 23262.79,"Plan Rows": 14489,"Plan Width": 40,"Actual Startup Time": 121.396,"Actual Total Time": 124.180,"Actual Rows": 23423,"Actual Loops": 5,"Sort Key": ["part.p_brand", "part.p_type", "part.p_size"],"Sort Method": "quicksort","Sort Space Used": 2371,"Sort Space Type": "Memory","Workers": [{"Worker Number": 0,"Sort Method": "quicksort","Sort Space Used": 2767,"Sort Space Type": "Memory"},{"Worker Number": 1,"Sort Method": "quicksort","Sort Space Used": 2767,"Sort Space Type": "Memory"},{"Worker Number": 2,"Sort Method": "quicksort","Sort Space Used": 2780,"Sort Space Type": "Memory"},{"Worker Number": 3,"Sort Method": "quicksort","Sort Space Used": 2784,"Sort Space Type": "Memory"}],"Plans": [{"Node Type": "Hash Join","Parent Relationship": "Outer","Parallel Aware": true,"Async Capable": false,"Join Type": "Inner","Startup Cost": 6678.69,"Total Cost": 22225.19,"Plan Rows": 14489,"Plan Width": 40,"Actual Startup Time": 29.793,"Actual Total Time": 78.658,"Actual Rows": 23423,"Actual Loops": 5,"Inner Unique": true,"Hash Cond": "(partsupp.ps_partkey = part.p_partkey)","Workers": [],"Plans": [{"Node Type": "Index Only Scan","Parent Relationship": "Outer","Parallel Aware": true,"Async Capable": false,"Scan Direction": "Forward","Index Name": "partsupp_pkey","Relation Name": "partsupp","Alias": "partsupp","Startup Cost": 347.43,"Total Cost": 15631.43,"Plan Rows": 100000,"Plan Width": 8,"Actual Startup Time": 6.815,"Actual Total Time": 32.321,"Actual Rows": 159936,"Actual Loops": 5,"Filter": "(NOT (hashed SubPlan 1))","Rows Removed by Filter": 64,"Heap Fetches": 0,"Workers": [],"Plans": [{"Node Type": "Seq Scan","Parent Relationship": "SubPlan","Subplan Name": "SubPlan 1","Parallel Aware": false,"Async Capable": false,"Relation Name": "supplier","Alias": "supplier","Startup Cost": 0.00,"Total Cost": 347.00,"Plan Rows": 1,"Plan Width": 4,"Actual Startup Time": 0.150,"Actual Total Time": 6.651,"Actual Rows": 4,"Actual Loops": 5,"Filter": "((s_comment)::text ~~ '%Customer%Complaints%'::text)","Rows Removed by Filter": 9996,"Workers": []}]},{"Node Type": "Hash","Parent Relationship": "Inner","Parallel Aware": true,"Async Capable": false,"Startup Cost": 6180.33,"Total Cost": 6180.33,"Plan Rows": 12074,"Plan Width": 40,"Actual Startup Time": 22.699,"Actual Total Time": 22.704,"Actual Rows": 5859,"Actual Loops": 5,"Hash Buckets": 32768,"Original Hash Buckets": 32768,"Hash Batches": 1,"Original Hash Batches": 1,"Peak Memory Usage": 2464,"Workers": [],"Plans": [{"Node Type": "Seq Scan","Parent Relationship": "Outer","Parallel Aware": true,"Async Capable": false,"Relation Name": "part","Alias": "part","Startup Cost": 0.00,"Total Cost": 6180.33,"Plan Rows": 12074,"Plan Width": 40,"Actual Startup Time": 0.062,"Actual Total Time": 18.859,"Actual Rows": 5859,"Actual Loops": 5,"Filter": "((p_brand <> 'Brand#42'::bpchar) AND ((p_type)::text !~~ 'STANDARD PLATED%'::text) AND (p_size = ANY ('{20,21,49,23,41,26,31,36}'::integer[])))","Rows Removed by Filter": 34141,"Workers": []}]}]}]}]}]}]},"Planning Time": 4.622,"Triggers": [],"Execution Time": 250.216}]
[{"Plan": {"Node Type": "Sort","Parallel Aware": false,"Async Capable": false,"Startup Cost": 33235.94,"Total Cost": 33275.91,"Plan Rows": 15989,"Plan Width": 44,"Actual Startup Time": 235.093,"Actual Total Time": 237.094,"Actual Rows": 18249,"Actual Loops": 1,"Sort Key": ["(count(DISTINCT partsupp.ps_suppkey)) DESC", "part.p_brand", "part.p_type", "part.p_size"],"Sort Method": "quicksort","Sort Space Used": 2336,"Sort Space Type": "Memory","Plans": [{"Node Type": "Aggregate","Strategy": "Sorted","Partial Mode": "Simple","Parent Relationship": "Outer","Parallel Aware": false,"Async Capable": false,"Startup Cost": 24257.29,"Total Cost": 32119.52,"Plan Rows": 15989,"Plan Width": 44,"Actual Startup Time": 131.573,"Actual Total Time": 198.005,"Actual Rows": 18249,"Actual Loops": 1,"Group Key": ["part.p_brand", "part.p_type", "part.p_size"],"Plans": [{"Node Type": "Gather Merge","Parent Relationship": "Outer","Parallel Aware": false,"Async Capable": false,"Startup Cost": 24257.29,"Total Cost": 31365.93,"Plan Rows": 59370,"Plan Width": 40,"Actual Startup Time": 131.486,"Actual Total Time": 170.333,"Actual Rows": 118826,"Actual Loops": 1,"Workers Planned": 4,"Workers Launched": 4,"Plans": [{"Node Type": "Sort","Parent Relationship": "Outer","Parallel Aware": false,"Async Capable": false,"Startup Cost": 23257.23,"Total Cost": 23294.34,"Plan Rows": 14842,"Plan Width": 40,"Actual Startup Time": 122.472,"Actual Total Time": 125.163,"Actual Rows": 23765,"Actual Loops": 5,"Sort Key": ["part.p_brand", "part.p_type", "part.p_size"],"Sort Method": "quicksort","Sort Space Used": 2647,"Sort Space Type": "Memory","Workers": [{"Worker Number": 0,"Sort Method": "quicksort","Sort Space Used": 2748,"Sort Space Type": "Memory"},{"Worker Number": 1,"Sort Method": "quicksort","Sort Space Used": 2766,"Sort Space Type": "Memory"},{"Worker Number": 2,"Sort Method": "quicksort","Sort Space Used": 2753,"Sort Space Type": "Memory"},{"Worker Number": 3,"Sort Method": "quicksort","Sort Space Used": 2697,"Sort Space Type": "Memory"}],"Plans": [{"Node Type": "Hash Join","Parent Relationship": "Outer","Parallel Aware": true,"Async Capable": false,"Join Type": "Inner","Startup Cost": 6682.37,"Total Cost": 22228.87,"Plan Rows": 14842,"Plan Width": 40,"Actual Startup Time": 30.278,"Actual Total Time": 80.794,"Actual Rows": 23765,"Actual Loops": 5,"Inner Unique": true,"Hash Cond": "(partsupp.ps_partkey = part.p_partkey)","Workers": [],"Plans": [{"Node Type": "Index Only Scan","Parent Relationship": "Outer","Parallel Aware": true,"Async Capable": false,"Scan Direction": "Forward","Index Name": "partsupp_pkey","Relation Name": "partsupp","Alias": "partsupp","Startup Cost": 347.43,"Total Cost": 15631.43,"Plan Rows": 100000,"Plan Width": 8,"Actual Startup Time": 6.499,"Actual Total Time": 31.644,"Actual Rows": 159936,"Actual Loops": 5,"Filter": "(NOT (hashed SubPlan 1))","Rows Removed by Filter": 64,"Heap Fetches": 0,"Workers": [],"Plans": [{"Node Type": "Seq Scan","Parent Relationship": "SubPlan","Subplan Name": "SubPlan 1","Parallel Aware": false,"Async Capable": false,"Relation Name": "supplier","Alias": "supplier","Startup Cost": 0.00,"Total Cost": 347.00,"Plan Rows": 1,"Plan Width": 4,"Actual Startup Time": 0.122,"Actual Total Time": 6.351,"Actual Rows": 4,"Actual Loops": 5,"Filter": "((s_comment)::text ~~ '%Customer%Complaints%'::text)","Rows Removed by Filter": 9996,"Workers": []}]},{"Node Type": "Hash","Parent Relationship": "Inner","Parallel Aware": true,"Async Capable": false,"Startup Cost": 6180.33,"Total Cost": 6180.33,"Plan Rows": 12369,"Plan Width": 40,"Actual Startup Time": 23.371,"Actual Total Time": 23.376,"Actual Rows": 5943,"Actual Loops": 5,"Hash Buckets": 32768,"Original Hash Buckets": 32768,"Hash Batches": 1,"Original Hash Batches": 1,"Peak Memory Usage": 2528,"Workers": [],"Plans": [{"Node Type": "Seq Scan","Parent Relationship": "Outer","Parallel Aware": true,"Async Capable": false,"Relation Name": "part","Alias": "part","Startup Cost": 0.00,"Total Cost": 6180.33,"Plan Rows": 12369,"Plan Width": 40,"Actual Startup Time": 0.051,"Actual Total Time": 19.761,"Actual Rows": 5943,"Actual Loops": 5,"Filter": "((p_brand <> 'Brand#15'::bpchar) AND ((p_type)::text !~~ 'ECONOMY ANODIZED%'::text) AND (p_size = ANY ('{24,34,16,43,3,7,36,13}'::integer[])))","Rows Removed by Filter": 34057,"Workers": []}]}]}]}]}]}]},"Planning Time": 37.959,"Triggers": [],"Execution Time": 238.619}]
[{"Plan": {"Node Type": "Sort","Parallel Aware": false,"Async Capable": false,"Startup Cost": 33112.17,"Total Cost": 33151.92,"Plan Rows": 15898,"Plan Width": 44,"Actual Startup Time": 258.658,"Actual Total Time": 260.609,"Actual Rows": 18314,"Actual Loops": 1,"Sort Key": ["(count(DISTINCT partsupp.ps_suppkey)) DESC", "part.p_brand", "part.p_type", "part.p_size"],"Sort Method": "quicksort","Sort Space Used": 2342,"Sort Space Type": "Memory","Plans": [{"Node Type": "Aggregate","Strategy": "Sorted","Partial Mode": "Simple","Parent Relationship": "Outer","Parallel Aware": false,"Async Capable": false,"Startup Cost": 24240.69,"Total Cost": 32002.76,"Plan Rows": 15898,"Plan Width": 44,"Actual Startup Time": 152.491,"Actual Total Time": 223.007,"Actual Rows": 18314,"Actual Loops": 1,"Group Key": ["part.p_brand", "part.p_type", "part.p_size"],"Plans": [{"Node Type": "Gather Merge","Parent Relationship": "Outer","Parallel Aware": false,"Async Capable": false,"Startup Cost": 24240.69,"Total Cost": 31257.73,"Plan Rows": 58605,"Plan Width": 40,"Actual Startup Time": 152.434,"Actual Total Time": 193.564,"Actual Rows": 119493,"Actual Loops": 1,"Workers Planned": 4,"Workers Launched": 4,"Plans": [{"Node Type": "Sort","Parent Relationship": "Outer","Parallel Aware": false,"Async Capable": false,"Startup Cost": 23240.63,"Total Cost": 23277.26,"Plan Rows": 14651,"Plan Width": 40,"Actual Startup Time": 129.188,"Actual Total Time": 132.067,"Actual Rows": 23899,"Actual Loops": 5,"Sort Key": ["part.p_brand", "part.p_type", "part.p_size"],"Sort Method": "quicksort","Sort Space Used": 2318,"Sort Space Type": "Memory","Workers": [{"Worker Number": 0,"Sort Method": "quicksort","Sort Space Used": 2868,"Sort Space Type": "Memory"},{"Worker Number": 1,"Sort Method": "quicksort","Sort Space Used": 2853,"Sort Space Type": "Memory"},{"Worker Number": 2,"Sort Method": "quicksort","Sort Space Used": 2883,"Sort Space Type": "Memory"},{"Worker Number": 3,"Sort Method": "quicksort","Sort Space Used": 2740,"Sort Space Type": "Memory"}],"Plans": [{"Node Type": "Hash Join","Parent Relationship": "Outer","Parallel Aware": true,"Async Capable": false,"Join Type": "Inner","Startup Cost": 6680.37,"Total Cost": 22226.87,"Plan Rows": 14651,"Plan Width": 40,"Actual Startup Time": 29.774,"Actual Total Time": 80.358,"Actual Rows": 23899,"Actual Loops": 5,"Inner Unique": true,"Hash Cond": "(partsupp.ps_partkey = part.p_partkey)","Workers": [],"Plans": [{"Node Type": "Index Only Scan","Parent Relationship": "Outer","Parallel Aware": true,"Async Capable": false,"Scan Direction": "Forward","Index Name": "partsupp_pkey","Relation Name": "partsupp","Alias": "partsupp","Startup Cost": 347.43,"Total Cost": 15631.43,"Plan Rows": 100000,"Plan Width": 8,"Actual Startup Time": 7.230,"Actual Total Time": 33.526,"Actual Rows": 159936,"Actual Loops": 5,"Filter": "(NOT (hashed SubPlan 1))","Rows Removed by Filter": 64,"Heap Fetches": 0,"Workers": [],"Plans": [{"Node Type": "Seq Scan","Parent Relationship": "SubPlan","Subplan Name": "SubPlan 1","Parallel Aware": false,"Async Capable": false,"Relation Name": "supplier","Alias": "supplier","Startup Cost": 0.00,"Total Cost": 347.00,"Plan Rows": 1,"Plan Width": 4,"Actual Startup Time": 0.149,"Actual Total Time": 7.078,"Actual Rows": 4,"Actual Loops": 5,"Filter": "((s_comment)::text ~~ '%Customer%Complaints%'::text)","Rows Removed by Filter": 9996,"Workers": []}]},{"Node Type": "Hash","Parent Relationship": "Inner","Parallel Aware": true,"Async Capable": false,"Startup Cost": 6180.33,"Total Cost": 6180.33,"Plan Rows": 12209,"Plan Width": 40,"Actual Startup Time": 22.262,"Actual Total Time": 22.266,"Actual Rows": 5977,"Actual Loops": 5,"Hash Buckets": 32768,"Original Hash Buckets": 32768,"Hash Batches": 1,"Original Hash Batches": 1,"Peak Memory Usage": 2592,"Workers": [],"Plans": [{"Node Type": "Seq Scan","Parent Relationship": "Outer","Parallel Aware": true,"Async Capable": false,"Relation Name": "part","Alias": "part","Startup Cost": 0.00,"Total Cost": 6180.33,"Plan Rows": 12209,"Plan Width": 40,"Actual Startup Time": 0.058,"Actual Total Time": 18.397,"Actual Rows": 5977,"Actual Loops": 5,"Filter": "((p_brand <> 'Brand#23'::bpchar) AND ((p_type)::text !~~ 'ECONOMY BURNISHED%'::text) AND (p_size = ANY ('{12,7,2,22,40,27,24,44}'::integer[])))","Rows Removed by Filter": 34023,"Workers": []}]}]}]}]}]}]},"Planning Time": 3.869,"Triggers": [],"Execution Time": 261.510}]
[{"Plan": {"Node Type": "Sort","Parallel Aware": false,"Async Capable": false,"Startup Cost": 33654.20,"Total Cost": 33694.91,"Plan Rows": 16284,"Plan Width": 44,"Actual Startup Time": 246.665,"Actual Total Time": 248.546,"Actual Rows": 18261,"Actual Loops": 1,"Sort Key": ["(count(DISTINCT partsupp.ps_suppkey)) DESC", "part.p_brand", "part.p_type", "part.p_size"],"Sort Method": "quicksort","Sort Space Used": 2337,"Sort Space Type": "Memory","Plans": [{"Node Type": "Aggregate","Strategy": "Sorted","Partial Mode": "Simple","Parent Relationship": "Outer","Parallel Aware": false,"Async Capable": false,"Startup Cost": 24313.71,"Total Cost": 32515.04,"Plan Rows": 16284,"Plan Width": 44,"Actual Startup Time": 142.111,"Actual Total Time": 211.245,"Actual Rows": 18261,"Actual Loops": 1,"Group Key": ["part.p_brand", "part.p_type", "part.p_size"],"Plans": [{"Node Type": "Gather Merge","Parent Relationship": "Outer","Parallel Aware": false,"Async Capable": false,"Startup Cost": 24313.71,"Total Cost": 31732.59,"Plan Rows": 61961,"Plan Width": 40,"Actual Startup Time": 142.054,"Actual Total Time": 182.387,"Actual Rows": 119207,"Actual Loops": 1,"Workers Planned": 4,"Workers Launched": 4,"Plans": [{"Node Type": "Sort","Parent Relationship": "Outer","Parallel Aware": false,"Async Capable": false,"Startup Cost": 23313.65,"Total Cost": 23352.38,"Plan Rows": 15490,"Plan Width": 40,"Actual Startup Time": 123.863,"Actual Total Time": 126.559,"Actual Rows": 23841,"Actual Loops": 5,"Sort Key": ["part.p_brand", "part.p_type", "part.p_size"],"Sort Method": "quicksort","Sort Space Used": 2430,"Sort Space Type": "Memory","Workers": [{"Worker Number": 0,"Sort Method": "quicksort","Sort Space Used": 2781,"Sort Space Type": "Memory"},{"Worker Number": 1,"Sort Method": "quicksort","Sort Space Used": 2773,"Sort Space Type": "Memory"},{"Worker Number": 2,"Sort Method": "quicksort","Sort Space Used": 2857,"Sort Space Type": "Memory"},{"Worker Number": 3,"Sort Method": "quicksort","Sort Space Used": 2804,"Sort Space Type": "Memory"}],"Plans": [{"Node Type": "Hash Join","Parent Relationship": "Outer","Parallel Aware": true,"Async Capable": false,"Join Type": "Inner","Startup Cost": 6689.12,"Total Cost": 22235.62,"Plan Rows": 15490,"Plan Width": 40,"Actual Startup Time": 30.046,"Actual Total Time": 79.445,"Actual Rows": 23841,"Actual Loops": 5,"Inner Unique": true,"Hash Cond": "(partsupp.ps_partkey = part.p_partkey)","Workers": [],"Plans": [{"Node Type": "Index Only Scan","Parent Relationship": "Outer","Parallel Aware": true,"Async Capable": false,"Scan Direction": "Forward","Index Name": "partsupp_pkey","Relation Name": "partsupp","Alias": "partsupp","Startup Cost": 347.43,"Total Cost": 15631.43,"Plan Rows": 100000,"Plan Width": 8,"Actual Startup Time": 7.112,"Actual Total Time": 32.779,"Actual Rows": 159936,"Actual Loops": 5,"Filter": "(NOT (hashed SubPlan 1))","Rows Removed by Filter": 64,"Heap Fetches": 0,"Workers": [],"Plans": [{"Node Type": "Seq Scan","Parent Relationship": "SubPlan","Subplan Name": "SubPlan 1","Parallel Aware": false,"Async Capable": false,"Relation Name": "supplier","Alias": "supplier","Startup Cost": 0.00,"Total Cost": 347.00,"Plan Rows": 1,"Plan Width": 4,"Actual Startup Time": 0.146,"Actual Total Time": 6.909,"Actual Rows": 4,"Actual Loops": 5,"Filter": "((s_comment)::text ~~ '%Customer%Complaints%'::text)","Rows Removed by Filter": 9996,"Workers": []}]},{"Node Type": "Hash","Parent Relationship": "Inner","Parallel Aware": true,"Async Capable": false,"Startup Cost": 6180.33,"Total Cost": 6180.33,"Plan Rows": 12909,"Plan Width": 40,"Actual Startup Time": 22.659,"Actual Total Time": 22.664,"Actual Rows": 5963,"Actual Loops": 5,"Hash Buckets": 32768,"Original Hash Buckets": 32768,"Hash Batches": 1,"Original Hash Batches": 1,"Peak Memory Usage": 2560,"Workers": [],"Plans": [{"Node Type": "Seq Scan","Parent Relationship": "Outer","Parallel Aware": true,"Async Capable": false,"Relation Name": "part","Alias": "part","Startup Cost": 0.00,"Total Cost": 6180.33,"Plan Rows": 12909,"Plan Width": 40,"Actual Startup Time": 0.053,"Actual Total Time": 18.975,"Actual Rows": 5963,"Actual Loops": 5,"Filter": "((p_brand <> 'Brand#55'::bpchar) AND ((p_type)::text !~~ 'PROMO BURNISHED%'::text) AND (p_size = ANY ('{45,20,10,14,18,12,50,1}'::integer[])))","Rows Removed by Filter": 34037,"Workers": []}]}]}]}]}]}]},"Planning Time": 5.500,"Triggers": [],"Execution Time": 249.447}]
[{"Plan": {"Node Type": "Sort","Parallel Aware": false,"Async Capable": false,"Startup Cost": 33512.44,"Total Cost": 33552.90,"Plan Rows": 16186,"Plan Width": 44,"Actual Startup Time": 235.379,"Actual Total Time": 237.469,"Actual Rows": 18414,"Actual Loops": 1,"Sort Key": ["(count(DISTINCT partsupp.ps_suppkey)) DESC", "part.p_brand", "part.p_type", "part.p_size"],"Sort Method": "quicksort","Sort Space Used": 2350,"Sort Space Type": "Memory","Plans": [{"Node Type": "Aggregate","Strategy": "Sorted","Partial Mode": "Simple","Parent Relationship": "Outer","Parallel Aware": false,"Async Capable": false,"Startup Cost": 24294.53,"Total Cost": 32380.84,"Plan Rows": 16186,"Plan Width": 44,"Actual Startup Time": 130.695,"Actual Total Time": 197.290,"Actual Rows": 18414,"Actual Loops": 1,"Group Key": ["part.p_brand", "part.p_type", "part.p_size"],"Plans": [{"Node Type": "Gather Merge","Parent Relationship": "Outer","Parallel Aware": false,"Async Capable": false,"Startup Cost": 24294.53,"Total Cost": 31608.16,"Plan Rows": 61082,"Plan Width": 40,"Actual Startup Time": 130.608,"Actual Total Time": 169.505,"Actual Rows": 120212,"Actual Loops": 1,"Workers Planned": 4,"Workers Launched": 4,"Plans": [{"Node Type": "Sort","Parent Relationship": "Outer","Parallel Aware": false,"Async Capable": false,"Startup Cost": 23294.47,"Total Cost": 23332.64,"Plan Rows": 15270,"Plan Width": 40,"Actual Startup Time": 119.980,"Actual Total Time": 122.463,"Actual Rows": 24042,"Actual Loops": 5,"Sort Key": ["part.p_brand", "part.p_type", "part.p_size"],"Sort Method": "quicksort","Sort Space Used": 2643,"Sort Space Type": "Memory","Workers": [{"Worker Number": 0,"Sort Method": "quicksort","Sort Space Used": 2668,"Sort Space Type": "Memory"},{"Worker Number": 1,"Sort Method": "quicksort","Sort Space Used": 2869,"Sort Space Type": "Memory"},{"Worker Number": 2,"Sort Method": "quicksort","Sort Space Used": 2656,"Sort Space Type": "Memory"},{"Worker Number": 3,"Sort Method": "quicksort","Sort Space Used": 2906,"Sort Space Type": "Memory"}],"Plans": [{"Node Type": "Hash Join","Parent Relationship": "Outer","Parallel Aware": true,"Async Capable": false,"Join Type": "Inner","Startup Cost": 6686.82,"Total Cost": 22233.32,"Plan Rows": 15270,"Plan Width": 40,"Actual Startup Time": 28.326,"Actual Total Time": 78.094,"Actual Rows": 24042,"Actual Loops": 5,"Inner Unique": true,"Hash Cond": "(partsupp.ps_partkey = part.p_partkey)","Workers": [],"Plans": [{"Node Type": "Index Only Scan","Parent Relationship": "Outer","Parallel Aware": true,"Async Capable": false,"Scan Direction": "Forward","Index Name": "partsupp_pkey","Relation Name": "partsupp","Alias": "partsupp","Startup Cost": 347.43,"Total Cost": 15631.43,"Plan Rows": 100000,"Plan Width": 8,"Actual Startup Time": 6.860,"Actual Total Time": 32.286,"Actual Rows": 159936,"Actual Loops": 5,"Filter": "(NOT (hashed SubPlan 1))","Rows Removed by Filter": 64,"Heap Fetches": 0,"Workers": [],"Plans": [{"Node Type": "Seq Scan","Parent Relationship": "SubPlan","Subplan Name": "SubPlan 1","Parallel Aware": false,"Async Capable": false,"Relation Name": "supplier","Alias": "supplier","Startup Cost": 0.00,"Total Cost": 347.00,"Plan Rows": 1,"Plan Width": 4,"Actual Startup Time": 0.126,"Actual Total Time": 6.695,"Actual Rows": 4,"Actual Loops": 5,"Filter": "((s_comment)::text ~~ '%Customer%Complaints%'::text)","Rows Removed by Filter": 9996,"Workers": []}]},{"Node Type": "Hash","Parent Relationship": "Inner","Parallel Aware": true,"Async Capable": false,"Startup Cost": 6180.33,"Total Cost": 6180.33,"Plan Rows": 12725,"Plan Width": 40,"Actual Startup Time": 21.209,"Actual Total Time": 21.213,"Actual Rows": 6013,"Actual Loops": 5,"Hash Buckets": 32768,"Original Hash Buckets": 32768,"Hash Batches": 1,"Original Hash Batches": 1,"Peak Memory Usage": 2560,"Workers": [],"Plans": [{"Node Type": "Seq Scan","Parent Relationship": "Outer","Parallel Aware": true,"Async Capable": false,"Relation Name": "part","Alias": "part","Startup Cost": 0.00,"Total Cost": 6180.33,"Plan Rows": 12725,"Plan Width": 40,"Actual Startup Time": 0.059,"Actual Total Time": 18.009,"Actual Rows": 6013,"Actual Loops": 5,"Filter": "((p_brand <> 'Brand#23'::bpchar) AND ((p_type)::text !~~ 'PROMO ANODIZED%'::text) AND (p_size = ANY ('{32,9,38,21,30,7,44,11}'::integer[])))","Rows Removed by Filter": 33987,"Workers": []}]}]}]}]}]}]},"Planning Time": 5.131,"Triggers": [],"Execution Time": 238.694}]
[{"Plan": {"Node Type": "Sort","Parallel Aware": false,"Async Capable": false,"Startup Cost": 33094.43,"Total Cost": 33134.15,"Plan Rows": 15885,"Plan Width": 44,"Actual Startup Time": 249.192,"Actual Total Time": 251.047,"Actual Rows": 18288,"Actual Loops": 1,"Sort Key": ["(count(DISTINCT partsupp.ps_suppkey)) DESC", "part.p_brand", "part.p_type", "part.p_size"],"Sort Method": "quicksort","Sort Space Used": 2339,"Sort Space Type": "Memory","Plans": [{"Node Type": "Aggregate","Strategy": "Sorted","Partial Mode": "Simple","Parent Relationship": "Outer","Parallel Aware": false,"Async Capable": false,"Startup Cost": 24238.35,"Total Cost": 31986.03,"Plan Rows": 15885,"Plan Width": 44,"Actual Startup Time": 141.437,"Actual Total Time": 211.421,"Actual Rows": 18288,"Actual Loops": 1,"Group Key": ["part.p_brand", "part.p_type", "part.p_size"],"Plans": [{"Node Type": "Gather Merge","Parent Relationship": "Outer","Parallel Aware": false,"Async Capable": false,"Startup Cost": 24238.35,"Total Cost": 31242.23,"Plan Rows": 58495,"Plan Width": 40,"Actual Startup Time": 141.375,"Actual Total Time": 182.107,"Actual Rows": 118676,"Actual Loops": 1,"Workers Planned": 4,"Workers Launched": 4,"Plans": [{"Node Type": "Sort","Parent Relationship": "Outer","Parallel Aware": false,"Async Capable": false,"Startup Cost": 23238.29,"Total Cost": 23274.85,"Plan Rows": 14624,"Plan Width": 40,"Actual Startup Time": 123.296,"Actual Total Time": 126.192,"Actual Rows": 23735,"Actual Loops": 5,"Sort Key": ["part.p_brand", "part.p_type", "part.p_size"],"Sort Method": "quicksort","Sort Space Used": 2408,"Sort Space Type": "Memory","Workers": [{"Worker Number": 0,"Sort Method": "quicksort","Sort Space Used": 2798,"Sort Space Type": "Memory"},{"Worker Number": 1,"Sort Method": "quicksort","Sort Space Used": 2792,"Sort Space Type": "Memory"},{"Worker Number": 2,"Sort Method": "quicksort","Sort Space Used": 2811,"Sort Space Type": "Memory"},{"Worker Number": 3,"Sort Method": "quicksort","Sort Space Used": 2791,"Sort Space Type": "Memory"}],"Plans": [{"Node Type": "Hash Join","Parent Relationship": "Outer","Parallel Aware": true,"Async Capable": false,"Join Type": "Inner","Startup Cost": 6680.10,"Total Cost": 22226.60,"Plan Rows": 14624,"Plan Width": 40,"Actual Startup Time": 30.367,"Actual Total Time": 79.536,"Actual Rows": 23735,"Actual Loops": 5,"Inner Unique": true,"Hash Cond": "(partsupp.ps_partkey = part.p_partkey)","Workers": [],"Plans": [{"Node Type": "Index Only Scan","Parent Relationship": "Outer","Parallel Aware": true,"Async Capable": false,"Scan Direction": "Forward","Index Name": "partsupp_pkey","Relation Name": "partsupp","Alias": "partsupp","Startup Cost": 347.43,"Total Cost": 15631.43,"Plan Rows": 100000,"Plan Width": 8,"Actual Startup Time": 6.828,"Actual Total Time": 32.467,"Actual Rows": 159936,"Actual Loops": 5,"Filter": "(NOT (hashed SubPlan 1))","Rows Removed by Filter": 64,"Heap Fetches": 0,"Workers": [],"Plans": [{"Node Type": "Seq Scan","Parent Relationship": "SubPlan","Subplan Name": "SubPlan 1","Parallel Aware": false,"Async Capable": false,"Relation Name": "supplier","Alias": "supplier","Startup Cost": 0.00,"Total Cost": 347.00,"Plan Rows": 1,"Plan Width": 4,"Actual Startup Time": 0.134,"Actual Total Time": 6.664,"Actual Rows": 4,"Actual Loops": 5,"Filter": "((s_comment)::text ~~ '%Customer%Complaints%'::text)","Rows Removed by Filter": 9996,"Workers": []}]},{"Node Type": "Hash","Parent Relationship": "Inner","Parallel Aware": true,"Async Capable": false,"Startup Cost": 6180.33,"Total Cost": 6180.33,"Plan Rows": 12187,"Plan Width": 40,"Actual Startup Time": 23.245,"Actual Total Time": 23.249,"Actual Rows": 5937,"Actual Loops": 5,"Hash Buckets": 32768,"Original Hash Buckets": 32768,"Hash Batches": 1,"Original Hash Batches": 1,"Peak Memory Usage": 2528,"Workers": [],"Plans": [{"Node Type": "Seq Scan","Parent Relationship": "Outer","Parallel Aware": true,"Async Capable": false,"Relation Name": "part","Alias": "part","Startup Cost": 0.00,"Total Cost": 6180.33,"Plan Rows": 12187,"Plan Width": 40,"Actual Startup Time": 0.055,"Actual Total Time": 19.245,"Actual Rows": 5937,"Actual Loops": 5,"Filter": "((p_brand <> 'Brand#42'::bpchar) AND ((p_type)::text !~~ 'ECONOMY BRUSHED%'::text) AND (p_size = ANY ('{9,24,23,34,50,20,33,5}'::integer[])))","Rows Removed by Filter": 34063,"Workers": []}]}]}]}]}]}]},"Planning Time": 5.114,"Triggers": [],"Execution Time": 252.046}]
[{"Plan": {"Node Type": "Sort","Parallel Aware": false,"Async Capable": false,"Startup Cost": 33203.76,"Total Cost": 33243.67,"Plan Rows": 15965,"Plan Width": 44,"Actual Startup Time": 242.895,"Actual Total Time": 244.722,"Actual Rows": 18270,"Actual Loops": 1,"Sort Key": ["(count(DISTINCT partsupp.ps_suppkey)) DESC", "part.p_brand", "part.p_type", "part.p_size"],"Sort Method": "quicksort","Sort Space Used": 2338,"Sort Space Type": "Memory","Plans": [{"Node Type": "Aggregate","Strategy": "Sorted","Partial Mode": "Simple","Parent Relationship": "Outer","Parallel Aware": false,"Async Capable": false,"Startup Cost": 24253.02,"Total Cost": 32089.19,"Plan Rows": 15965,"Plan Width": 44,"Actual Startup Time": 135.422,"Actual Total Time": 203.840,"Actual Rows": 18270,"Actual Loops": 1,"Group Key": ["part.p_brand", "part.p_type", "part.p_size"],"Plans": [{"Node Type": "Gather Merge","Parent Relationship": "Outer","Parallel Aware": false,"Async Capable": false,"Startup Cost": 24253.02,"Total Cost": 31337.83,"Plan Rows": 59171,"Plan Width": 40,"Actual Startup Time": 135.343,"Actual Total Time": 175.188,"Actual Rows": 119181,"Actual Loops": 1,"Workers Planned": 4,"Workers Launched": 4,"Plans": [{"Node Type": "Sort","Parent Relationship": "Outer","Parallel Aware": false,"Async Capable": false,"Startup Cost": 23252.96,"Total Cost": 23289.94,"Plan Rows": 14793,"Plan Width": 40,"Actual Startup Time": 123.536,"Actual Total Time": 126.417,"Actual Rows": 23836,"Actual Loops": 5,"Sort Key": ["part.p_brand", "part.p_type", "part.p_size"],"Sort Method": "quicksort","Sort Space Used": 2484,"Sort Space Type": "Memory","Workers": [{"Worker Number": 0,"Sort Method": "quicksort","Sort Space Used": 2894,"Sort Space Type": "Memory"},{"Worker Number": 1,"Sort Method": "quicksort","Sort Space Used": 2908,"Sort Space Type": "Memory"},{"Worker Number": 2,"Sort Method": "quicksort","Sort Space Used": 2870,"Sort Space Type": "Memory"},{"Worker Number": 3,"Sort Method": "quicksort","Sort Space Used": 2492,"Sort Space Type": "Memory"}],"Plans": [{"Node Type": "Hash Join","Parent Relationship": "Outer","Parallel Aware": true,"Async Capable": false,"Join Type": "Inner","Startup Cost": 6681.85,"Total Cost": 22228.35,"Plan Rows": 14793,"Plan Width": 40,"Actual Startup Time": 30.042,"Actual Total Time": 81.412,"Actual Rows": 23836,"Actual Loops": 5,"Inner Unique": true,"Hash Cond": "(partsupp.ps_partkey = part.p_partkey)","Workers": [],"Plans": [{"Node Type": "Index Only Scan","Parent Relationship": "Outer","Parallel Aware": true,"Async Capable": false,"Scan Direction": "Forward","Index Name": "partsupp_pkey","Relation Name": "partsupp","Alias": "partsupp","Startup Cost": 347.43,"Total Cost": 15631.43,"Plan Rows": 100000,"Plan Width": 8,"Actual Startup Time": 7.408,"Actual Total Time": 34.117,"Actual Rows": 159936,"Actual Loops": 5,"Filter": "(NOT (hashed SubPlan 1))","Rows Removed by Filter": 64,"Heap Fetches": 0,"Workers": [],"Plans": [{"Node Type": "Seq Scan","Parent Relationship": "SubPlan","Subplan Name": "SubPlan 1","Parallel Aware": false,"Async Capable": false,"Relation Name": "supplier","Alias": "supplier","Startup Cost": 0.00,"Total Cost": 347.00,"Plan Rows": 1,"Plan Width": 4,"Actual Startup Time": 0.159,"Actual Total Time": 7.229,"Actual Rows": 4,"Actual Loops": 5,"Filter": "((s_comment)::text ~~ '%Customer%Complaints%'::text)","Rows Removed by Filter": 9996,"Workers": []}]},{"Node Type": "Hash","Parent Relationship": "Inner","Parallel Aware": true,"Async Capable": false,"Startup Cost": 6180.33,"Total Cost": 6180.33,"Plan Rows": 12327,"Plan Width": 40,"Actual Startup Time": 22.377,"Actual Total Time": 22.382,"Actual Rows": 5961,"Actual Loops": 5,"Hash Buckets": 32768,"Original Hash Buckets": 32768,"Hash Batches": 1,"Original Hash Batches": 1,"Peak Memory Usage": 2592,"Workers": [],"Plans": [{"Node Type": "Seq Scan","Parent Relationship": "Outer","Parallel Aware": true,"Async Capable": false,"Relation Name": "part","Alias": "part","Startup Cost": 0.00,"Total Cost": 6180.33,"Plan Rows": 12327,"Plan Width": 40,"Actual Startup Time": 0.049,"Actual Total Time": 18.605,"Actual Rows": 5961,"Actual Loops": 5,"Filter": "((p_brand <> 'Brand#25'::bpchar) AND ((p_type)::text !~~ 'STANDARD BRUSHED%'::text) AND (p_size = ANY ('{14,4,12,49,18,11,20,8}'::integer[])))","Rows Removed by Filter": 34039,"Workers": []}]}]}]}]}]}]},"Planning Time": 4.210,"Triggers": [],"Execution Time": 245.643}]
[{"Plan": {"Node Type": "Sort","Parallel Aware": false,"Async Capable": false,"Startup Cost": 33300.82,"Total Cost": 33340.91,"Plan Rows": 16036,"Plan Width": 44,"Actual Startup Time": 236.772,"Actual Total Time": 238.377,"Actual Rows": 18218,"Actual Loops": 1,"Sort Key": ["(count(DISTINCT partsupp.ps_suppkey)) DESC", "part.p_brand", "part.p_type", "part.p_size"],"Sort Method": "quicksort","Sort Space Used": 2333,"Sort Space Type": "Memory","Plans": [{"Node Type": "Aggregate","Strategy": "Sorted","Partial Mode": "Simple","Parent Relationship": "Outer","Parallel Aware": false,"Async Capable": false,"Startup Cost": 24266.06,"Total Cost": 32180.79,"Plan Rows": 16036,"Plan Width": 44,"Actual Startup Time": 134.249,"Actual Total Time": 199.795,"Actual Rows": 18218,"Actual Loops": 1,"Group Key": ["part.p_brand", "part.p_type", "part.p_size"],"Plans": [{"Node Type": "Gather Merge","Parent Relationship": "Outer","Parallel Aware": false,"Async Capable": false,"Startup Cost": 24266.06,"Total Cost": 31422.72,"Plan Rows": 59771,"Plan Width": 40,"Actual Startup Time": 134.177,"Actual Total Time": 172.455,"Actual Rows": 118426,"Actual Loops": 1,"Workers Planned": 4,"Workers Launched": 4,"Plans": [{"Node Type": "Sort","Parent Relationship": "Outer","Parallel Aware": false,"Async Capable": false,"Startup Cost": 23266.00,"Total Cost": 23303.35,"Plan Rows": 14943,"Plan Width": 40,"Actual Startup Time": 121.948,"Actual Total Time": 124.542,"Actual Rows": 23685,"Actual Loops": 5,"Sort Key": ["part.p_brand", "part.p_type", "part.p_size"],"Sort Method": "quicksort","Sort Space Used": 2453,"Sort Space Type": "Memory","Workers": [{"Worker Number": 0,"Sort Method": "quicksort","Sort Space Used": 2434,"Sort Space Type": "Memory"},{"Worker Number": 1,"Sort Method": "quicksort","Sort Space Used": 2897,"Sort Space Type": "Memory"},{"Worker Number": 2,"Sort Method": "quicksort","Sort Space Used": 2898,"Sort Space Type": "Memory"},{"Worker Number": 3,"Sort Method": "quicksort","Sort Space Used": 2896,"Sort Space Type": "Memory"}],"Plans": [{"Node Type": "Hash Join","Parent Relationship": "Outer","Parallel Aware": true,"Async Capable": false,"Join Type": "Inner","Startup Cost": 6683.41,"Total Cost": 22229.91,"Plan Rows": 14943,"Plan Width": 40,"Actual Startup Time": 30.326,"Actual Total Time": 80.387,"Actual Rows": 23685,"Actual Loops": 5,"Inner Unique": true,"Hash Cond": "(partsupp.ps_partkey = part.p_partkey)","Workers": [],"Plans": [{"Node Type": "Index Only Scan","Parent Relationship": "Outer","Parallel Aware": true,"Async Capable": false,"Scan Direction": "Forward","Index Name": "partsupp_pkey","Relation Name": "partsupp","Alias": "partsupp","Startup Cost": 347.43,"Total Cost": 15631.43,"Plan Rows": 100000,"Plan Width": 8,"Actual Startup Time": 6.981,"Actual Total Time": 32.477,"Actual Rows": 159936,"Actual Loops": 5,"Filter": "(NOT (hashed SubPlan 1))","Rows Removed by Filter": 64,"Heap Fetches": 0,"Workers": [],"Plans": [{"Node Type": "Seq Scan","Parent Relationship": "SubPlan","Subplan Name": "SubPlan 1","Parallel Aware": false,"Async Capable": false,"Relation Name": "supplier","Alias": "supplier","Startup Cost": 0.00,"Total Cost": 347.00,"Plan Rows": 1,"Plan Width": 4,"Actual Startup Time": 0.141,"Actual Total Time": 6.801,"Actual Rows": 4,"Actual Loops": 5,"Filter": "((s_comment)::text ~~ '%Customer%Complaints%'::text)","Rows Removed by Filter": 9996,"Workers": []}]},{"Node Type": "Hash","Parent Relationship": "Inner","Parallel Aware": true,"Async Capable": false,"Startup Cost": 6180.33,"Total Cost": 6180.33,"Plan Rows": 12452,"Plan Width": 40,"Actual Startup Time": 23.022,"Actual Total Time": 23.025,"Actual Rows": 5924,"Actual Loops": 5,"Hash Buckets": 32768,"Original Hash Buckets": 32768,"Hash Batches": 1,"Original Hash Batches": 1,"Peak Memory Usage": 2560,"Workers": [],"Plans": [{"Node Type": "Seq Scan","Parent Relationship": "Outer","Parallel Aware": true,"Async Capable": false,"Relation Name": "part","Alias": "part","Startup Cost": 0.00,"Total Cost": 6180.33,"Plan Rows": 12452,"Plan Width": 40,"Actual Startup Time": 0.060,"Actual Total Time": 19.026,"Actual Rows": 5924,"Actual Loops": 5,"Filter": "((p_brand <> 'Brand#21'::bpchar) AND ((p_type)::text !~~ 'MEDIUM ANODIZED%'::text) AND (p_size = ANY ('{21,29,38,31,24,9,7,28}'::integer[])))","Rows Removed by Filter": 34076,"Workers": []}]}]}]}]}]}]},"Planning Time": 5.183,"Triggers": [],"Execution Time": 239.341}]
[{"Plan": {"Node Type": "Sort","Parallel Aware": false,"Async Capable": false,"Startup Cost": 33270.30,"Total Cost": 33310.34,"Plan Rows": 16014,"Plan Width": 44,"Actual Startup Time": 234.533,"Actual Total Time": 236.290,"Actual Rows": 18262,"Actual Loops": 1,"Sort Key": ["(count(DISTINCT partsupp.ps_suppkey)) DESC", "part.p_brand", "part.p_type", "part.p_size"],"Sort Method": "quicksort","Sort Space Used": 2337,"Sort Space Type": "Memory","Plans": [{"Node Type": "Aggregate","Strategy": "Sorted","Partial Mode": "Simple","Parent Relationship": "Outer","Parallel Aware": false,"Async Capable": false,"Startup Cost": 24261.97,"Total Cost": 32151.96,"Plan Rows": 16014,"Plan Width": 44,"Actual Startup Time": 130.797,"Actual Total Time": 197.033,"Actual Rows": 18262,"Actual Loops": 1,"Group Key": ["part.p_brand", "part.p_type", "part.p_size"],"Plans": [{"Node Type": "Gather Merge","Parent Relationship": "Outer","Parallel Aware": false,"Async Capable": false,"Startup Cost": 24261.97,"Total Cost": 31396.00,"Plan Rows": 59582,"Plan Width": 40,"Actual Startup Time": 130.737,"Actual Total Time": 169.607,"Actual Rows": 118250,"Actual Loops": 1,"Workers Planned": 4,"Workers Launched": 4,"Plans": [{"Node Type": "Sort","Parent Relationship": "Outer","Parallel Aware": false,"Async Capable": false,"Startup Cost": 23261.91,"Total Cost": 23299.15,"Plan Rows": 14896,"Plan Width": 40,"Actual Startup Time": 122.647,"Actual Total Time": 125.250,"Actual Rows": 23650,"Actual Loops": 5,"Sort Key": ["part.p_brand", "part.p_type", "part.p_size"],"Sort Method": "quicksort","Sort Space Used": 2687,"Sort Space Type": "Memory","Workers": [{"Worker Number": 0,"Sort Method": "quicksort","Sort Space Used": 2746,"Sort Space Type": "Memory"},{"Worker Number": 1,"Sort Method": "quicksort","Sort Space Used": 2738,"Sort Space Type": "Memory"},{"Worker Number": 2,"Sort Method": "quicksort","Sort Space Used": 2694,"Sort Space Type": "Memory"},{"Worker Number": 3,"Sort Method": "quicksort","Sort Space Used": 2724,"Sort Space Type": "Memory"}],"Plans": [{"Node Type": "Hash Join","Parent Relationship": "Outer","Parallel Aware": true,"Async Capable": false,"Join Type": "Inner","Startup Cost": 6682.92,"Total Cost": 22229.42,"Plan Rows": 14896,"Plan Width": 40,"Actual Startup Time": 30.497,"Actual Total Time": 81.318,"Actual Rows": 23650,"Actual Loops": 5,"Inner Unique": true,"Hash Cond": "(partsupp.ps_partkey = part.p_partkey)","Workers": [],"Plans": [{"Node Type": "Index Only Scan","Parent Relationship": "Outer","Parallel Aware": true,"Async Capable": false,"Scan Direction": "Forward","Index Name": "partsupp_pkey","Relation Name": "partsupp","Alias": "partsupp","Startup Cost": 347.43,"Total Cost": 15631.43,"Plan Rows": 100000,"Plan Width": 8,"Actual Startup Time": 7.246,"Actual Total Time": 32.527,"Actual Rows": 159936,"Actual Loops": 5,"Filter": "(NOT (hashed SubPlan 1))","Rows Removed by Filter": 64,"Heap Fetches": 0,"Workers": [],"Plans": [{"Node Type": "Seq Scan","Parent Relationship": "SubPlan","Subplan Name": "SubPlan 1","Parallel Aware": false,"Async Capable": false,"Relation Name": "supplier","Alias": "supplier","Startup Cost": 0.00,"Total Cost": 347.00,"Plan Rows": 1,"Plan Width": 4,"Actual Startup Time": 0.175,"Actual Total Time": 7.143,"Actual Rows": 4,"Actual Loops": 5,"Filter": "((s_comment)::text ~~ '%Customer%Complaints%'::text)","Rows Removed by Filter": 9996,"Workers": []}]},{"Node Type": "Hash","Parent Relationship": "Inner","Parallel Aware": true,"Async Capable": false,"Startup Cost": 6180.33,"Total Cost": 6180.33,"Plan Rows": 12413,"Plan Width": 40,"Actual Startup Time": 22.964,"Actual Total Time": 22.967,"Actual Rows": 5915,"Actual Loops": 5,"Hash Buckets": 32768,"Original Hash Buckets": 32768,"Hash Batches": 1,"Original Hash Batches": 1,"Peak Memory Usage": 2560,"Workers": [],"Plans": [{"Node Type": "Seq Scan","Parent Relationship": "Outer","Parallel Aware": true,"Async Capable": false,"Relation Name": "part","Alias": "part","Startup Cost": 0.00,"Total Cost": 6180.33,"Plan Rows": 12413,"Plan Width": 40,"Actual Startup Time": 0.053,"Actual Total Time": 18.926,"Actual Rows": 5915,"Actual Loops": 5,"Filter": "((p_brand <> 'Brand#32'::bpchar) AND ((p_type)::text !~~ 'MEDIUM PLATED%'::text) AND (p_size = ANY ('{28,23,50,16,33,34,35,17}'::integer[])))","Rows Removed by Filter": 34085,"Workers": []}]}]}]}]}]}]},"Planning Time": 3.902,"Triggers": [],"Execution Time": 237.178}]
[{"Plan": {"Node Type": "Sort","Parallel Aware": false,"Async Capable": false,"Startup Cost": 33250.57,"Total Cost": 33290.57,"Plan Rows": 16000,"Plan Width": 44,"Actual Startup Time": 246.974,"Actual Total Time": 248.736,"Actual Rows": 18265,"Actual Loops": 1,"Sort Key": ["(count(DISTINCT partsupp.ps_suppkey)) DESC", "part.p_brand", "part.p_type", "part.p_size"],"Sort Method": "quicksort","Sort Space Used": 2337,"Sort Space Type": "Memory","Plans": [{"Node Type": "Aggregate","Strategy": "Sorted","Partial Mode": "Simple","Parent Relationship": "Outer","Parallel Aware": false,"Async Capable": false,"Startup Cost": 24259.29,"Total Cost": 32133.31,"Plan Rows": 16000,"Plan Width": 44,"Actual Startup Time": 140.564,"Actual Total Time": 207.750,"Actual Rows": 18265,"Actual Loops": 1,"Group Key": ["part.p_brand", "part.p_type", "part.p_size"],"Plans": [{"Node Type": "Gather Merge","Parent Relationship": "Outer","Parallel Aware": false,"Async Capable": false,"Startup Cost": 24259.29,"Total Cost": 31378.71,"Plan Rows": 59460,"Plan Width": 40,"Actual Startup Time": 140.514,"Actual Total Time": 179.632,"Actual Rows": 117696,"Actual Loops": 1,"Workers Planned": 4,"Workers Launched": 4,"Plans": [{"Node Type": "Sort","Parent Relationship": "Outer","Parallel Aware": false,"Async Capable": false,"Startup Cost": 23259.23,"Total Cost": 23296.39,"Plan Rows": 14865,"Plan Width": 40,"Actual Startup Time": 122.814,"Actual Total Time": 125.646,"Actual Rows": 23539,"Actual Loops": 5,"Sort Key": ["part.p_brand", "part.p_type", "part.p_size"],"Sort Method": "quicksort","Sort Space Used": 2407,"Sort Space Type": "Memory","Workers": [{"Worker Number": 0,"Sort Method": "quicksort","Sort Space Used": 2758,"Sort Space Type": "Memory"},{"Worker Number": 1,"Sort Method": "quicksort","Sort Space Used": 2769,"Sort Space Type": "Memory"},{"Worker Number": 2,"Sort Method": "quicksort","Sort Space Used": 2799,"Sort Space Type": "Memory"},{"Worker Number": 3,"Sort Method": "quicksort","Sort Space Used": 2786,"Sort Space Type": "Memory"}],"Plans": [{"Node Type": "Hash Join","Parent Relationship": "Outer","Parallel Aware": true,"Async Capable": false,"Join Type": "Inner","Startup Cost": 6682.61,"Total Cost": 22229.11,"Plan Rows": 14865,"Plan Width": 40,"Actual Startup Time": 30.012,"Actual Total Time": 79.466,"Actual Rows": 23539,"Actual Loops": 5,"Inner Unique": true,"Hash Cond": "(partsupp.ps_partkey = part.p_partkey)","Workers": [],"Plans": [{"Node Type": "Index Only Scan","Parent Relationship": "Outer","Parallel Aware": true,"Async Capable": false,"Scan Direction": "Forward","Index Name": "partsupp_pkey","Relation Name": "partsupp","Alias": "partsupp","Startup Cost": 347.43,"Total Cost": 15631.43,"Plan Rows": 100000,"Plan Width": 8,"Actual Startup Time": 7.293,"Actual Total Time": 33.069,"Actual Rows": 159936,"Actual Loops": 5,"Filter": "(NOT (hashed SubPlan 1))","Rows Removed by Filter": 64,"Heap Fetches": 0,"Workers": [],"Plans": [{"Node Type": "Seq Scan","Parent Relationship": "SubPlan","Subplan Name": "SubPlan 1","Parallel Aware": false,"Async Capable": false,"Relation Name": "supplier","Alias": "supplier","Startup Cost": 0.00,"Total Cost": 347.00,"Plan Rows": 1,"Plan Width": 4,"Actual Startup Time": 0.161,"Actual Total Time": 7.123,"Actual Rows": 4,"Actual Loops": 5,"Filter": "((s_comment)::text ~~ '%Customer%Complaints%'::text)","Rows Removed by Filter": 9996,"Workers": []}]},{"Node Type": "Hash","Parent Relationship": "Inner","Parallel Aware": true,"Async Capable": false,"Startup Cost": 6180.33,"Total Cost": 6180.33,"Plan Rows": 12388,"Plan Width": 40,"Actual Startup Time": 22.431,"Actual Total Time": 22.437,"Actual Rows": 5887,"Actual Loops": 5,"Hash Buckets": 32768,"Original Hash Buckets": 32768,"Hash Batches": 1,"Original Hash Batches": 1,"Peak Memory Usage": 2528,"Workers": [],"Plans": [{"Node Type": "Seq Scan","Parent Relationship": "Outer","Parallel Aware": true,"Async Capable": false,"Relation Name": "part","Alias": "part","Startup Cost": 0.00,"Total Cost": 6180.33,"Plan Rows": 12388,"Plan Width": 40,"Actual Startup Time": 0.056,"Actual Total Time": 18.647,"Actual Rows": 5887,"Actual Loops": 5,"Filter": "((p_brand <> 'Brand#35'::bpchar) AND ((p_type)::text !~~ 'ECONOMY POLISHED%'::text) AND (p_size = ANY ('{36,32,40,28,46,48,34,39}'::integer[])))","Rows Removed by Filter": 34113,"Workers": []}]}]}]}]}]}]},"Planning Time": 4.399,"Triggers": [],"Execution Time": 249.608}]
[{"Plan": {"Node Type": "Sort","Parallel Aware": false,"Async Capable": false,"Startup Cost": 33160.05,"Total Cost": 33199.88,"Plan Rows": 15933,"Plan Width": 44,"Actual Startup Time": 239.129,"Actual Total Time": 240.770,"Actual Rows": 18223,"Actual Loops": 1,"Sort Key": ["(count(DISTINCT partsupp.ps_suppkey)) DESC", "part.p_brand", "part.p_type", "part.p_size"],"Sort Method": "quicksort","Sort Space Used": 2334,"Sort Space Type": "Memory","Plans": [{"Node Type": "Aggregate","Strategy": "Sorted","Partial Mode": "Simple","Parent Relationship": "Outer","Parallel Aware": false,"Async Capable": false,"Startup Cost": 24247.12,"Total Cost": 32047.95,"Plan Rows": 15933,"Plan Width": 44,"Actual Startup Time": 135.561,"Actual Total Time": 202.279,"Actual Rows": 18223,"Actual Loops": 1,"Group Key": ["part.p_brand", "part.p_type", "part.p_size"],"Plans": [{"Node Type": "Gather Merge","Parent Relationship": "Outer","Parallel Aware": false,"Async Capable": false,"Startup Cost": 24247.12,"Total Cost": 31299.61,"Plan Rows": 58901,"Plan Width": 40,"Actual Startup Time": 135.511,"Actual Total Time": 174.266,"Actual Rows": 118920,"Actual Loops": 1,"Workers Planned": 4,"Workers Launched": 4,"Plans": [{"Node Type": "Sort","Parent Relationship": "Outer","Parallel Aware": false,"Async Capable": false,"Startup Cost": 23247.06,"Total Cost": 23283.87,"Plan Rows": 14725,"Plan Width": 40,"Actual Startup Time": 123.531,"Actual Total Time": 126.366,"Actual Rows": 23784,"Actual Loops": 5,"Sort Key": ["part.p_brand", "part.p_type", "part.p_size"],"Sort Method": "quicksort","Sort Space Used": 2516,"Sort Space Type": "Memory","Workers": [{"Worker Number": 0,"Sort Method": "quicksort","Sort Space Used": 2873,"Sort Space Type": "Memory"},{"Worker Number": 1,"Sort Method": "quicksort","Sort Space Used": 2446,"Sort Space Type": "Memory"},{"Worker Number": 2,"Sort Method": "quicksort","Sort Space Used": 2893,"Sort Space Type": "Memory"},{"Worker Number": 3,"Sort Method": "quicksort","Sort Space Used": 2891,"Sort Space Type": "Memory"}],"Plans": [{"Node Type": "Hash Join","Parent Relationship": "Outer","Parallel Aware": true,"Async Capable": false,"Join Type": "Inner","Startup Cost": 6681.15,"Total Cost": 22227.65,"Plan Rows": 14725,"Plan Width": 40,"Actual Startup Time": 29.570,"Actual Total Time": 80.942,"Actual Rows": 23784,"Actual Loops": 5,"Inner Unique": true,"Hash Cond": "(partsupp.ps_partkey = part.p_partkey)","Workers": [],"Plans": [{"Node Type": "Index Only Scan","Parent Relationship": "Outer","Parallel Aware": true,"Async Capable": false,"Scan Direction": "Forward","Index Name": "partsupp_pkey","Relation Name": "partsupp","Alias": "partsupp","Startup Cost": 347.43,"Total Cost": 15631.43,"Plan Rows": 100000,"Plan Width": 8,"Actual Startup Time": 6.739,"Actual Total Time": 33.455,"Actual Rows": 159936,"Actual Loops": 5,"Filter": "(NOT (hashed SubPlan 1))","Rows Removed by Filter": 64,"Heap Fetches": 0,"Workers": [],"Plans": [{"Node Type": "Seq Scan","Parent Relationship": "SubPlan","Subplan Name": "SubPlan 1","Parallel Aware": false,"Async Capable": false,"Relation Name": "supplier","Alias": "supplier","Startup Cost": 0.00,"Total Cost": 347.00,"Plan Rows": 1,"Plan Width": 4,"Actual Startup Time": 0.206,"Actual Total Time": 6.582,"Actual Rows": 4,"Actual Loops": 5,"Filter": "((s_comment)::text ~~ '%Customer%Complaints%'::text)","Rows Removed by Filter": 9996,"Workers": []}]},{"Node Type": "Hash","Parent Relationship": "Inner","Parallel Aware": true,"Async Capable": false,"Startup Cost": 6180.33,"Total Cost": 6180.33,"Plan Rows": 12271,"Plan Width": 40,"Actual Startup Time": 22.570,"Actual Total Time": 22.574,"Actual Rows": 5948,"Actual Loops": 5,"Hash Buckets": 32768,"Original Hash Buckets": 32768,"Hash Batches": 1,"Original Hash Batches": 1,"Peak Memory Usage": 2560,"Workers": [],"Plans": [{"Node Type": "Seq Scan","Parent Relationship": "Outer","Parallel Aware": true,"Async Capable": false,"Relation Name": "part","Alias": "part","Startup Cost": 0.00,"Total Cost": 6180.33,"Plan Rows": 12271,"Plan Width": 40,"Actual Startup Time": 0.067,"Actual Total Time": 18.601,"Actual Rows": 5948,"Actual Loops": 5,"Filter": "((p_brand <> 'Brand#42'::bpchar) AND ((p_type)::text !~~ 'MEDIUM POLISHED%'::text) AND (p_size = ANY ('{22,3,34,6,15,29,27,8}'::integer[])))","Rows Removed by Filter": 34052,"Workers": []}]}]}]}]}]}]},"Planning Time": 5.133,"Triggers": [],"Execution Time": 241.618}]
[{"Plan": {"Node Type": "Sort","Parallel Aware": false,"Async Capable": false,"Startup Cost": 33322.47,"Total Cost": 33362.60,"Plan Rows": 16052,"Plan Width": 44,"Actual Startup Time": 250.837,"Actual Total Time": 252.760,"Actual Rows": 18396,"Actual Loops": 1,"Sort Key": ["(count(DISTINCT partsupp.ps_suppkey)) DESC", "part.p_brand", "part.p_type", "part.p_size"],"Sort Method": "quicksort","Sort Space Used": 2349,"Sort Space Type": "Memory","Plans": [{"Node Type": "Aggregate","Strategy": "Sorted","Partial Mode": "Simple","Parent Relationship": "Outer","Parallel Aware": false,"Async Capable": false,"Startup Cost": 24268.93,"Total Cost": 32201.20,"Plan Rows": 16052,"Plan Width": 44,"Actual Startup Time": 142.661,"Actual Total Time": 213.304,"Actual Rows": 18396,"Actual Loops": 1,"Group Key": ["part.p_brand", "part.p_type", "part.p_size"],"Plans": [{"Node Type": "Gather Merge","Parent Relationship": "Outer","Parallel Aware": false,"Async Capable": false,"Startup Cost": 24268.93,"Total Cost": 31441.63,"Plan Rows": 59905,"Plan Width": 40,"Actual Startup Time": 142.610,"Actual Total Time": 183.721,"Actual Rows": 119332,"Actual Loops": 1,"Workers Planned": 4,"Workers Launched": 4,"Plans": [{"Node Type": "Sort","Parent Relationship": "Outer","Parallel Aware": false,"Async Capable": false,"Startup Cost": 23268.87,"Total Cost": 23306.31,"Plan Rows": 14976,"Plan Width": 40,"Actual Startup Time": 125.061,"Actual Total Time": 128.084,"Actual Rows": 23866,"Actual Loops": 5,"Sort Key": ["part.p_brand", "part.p_type", "part.p_size"],"Sort Method": "quicksort","Sort Space Used": 2445,"Sort Space Type": "Memory","Workers": [{"Worker Number": 0,"Sort Method": "quicksort","Sort Space Used": 2779,"Sort Space Type": "Memory"},{"Worker Number": 1,"Sort Method": "quicksort","Sort Space Used": 2806,"Sort Space Type": "Memory"},{"Worker Number": 2,"Sort Method": "quicksort","Sort Space Used": 2816,"Sort Space Type": "Memory"},{"Worker Number": 3,"Sort Method": "quicksort","Sort Space Used": 2824,"Sort Space Type": "Memory"}],"Plans": [{"Node Type": "Hash Join","Parent Relationship": "Outer","Parallel Aware": true,"Async Capable": false,"Join Type": "Inner","Startup Cost": 6683.76,"Total Cost": 22230.26,"Plan Rows": 14976,"Plan Width": 40,"Actual Startup Time": 30.779,"Actual Total Time": 80.527,"Actual Rows": 23866,"Actual Loops": 5,"Inner Unique": true,"Hash Cond": "(partsupp.ps_partkey = part.p_partkey)","Workers": [],"Plans": [{"Node Type": "Index Only Scan","Parent Relationship": "Outer","Parallel Aware": true,"Async Capable": false,"Scan Direction": "Forward","Index Name": "partsupp_pkey","Relation Name": "partsupp","Alias": "partsupp","Startup Cost": 347.43,"Total Cost": 15631.43,"Plan Rows": 100000,"Plan Width": 8,"Actual Startup Time": 7.102,"Actual Total Time": 32.880,"Actual Rows": 159936,"Actual Loops": 5,"Filter": "(NOT (hashed SubPlan 1))","Rows Removed by Filter": 64,"Heap Fetches": 0,"Workers": [],"Plans": [{"Node Type": "Seq Scan","Parent Relationship": "SubPlan","Subplan Name": "SubPlan 1","Parallel Aware": false,"Async Capable": false,"Relation Name": "supplier","Alias": "supplier","Startup Cost": 0.00,"Total Cost": 347.00,"Plan Rows": 1,"Plan Width": 4,"Actual Startup Time": 0.154,"Actual Total Time": 6.951,"Actual Rows": 4,"Actual Loops": 5,"Filter": "((s_comment)::text ~~ '%Customer%Complaints%'::text)","Rows Removed by Filter": 9996,"Workers": []}]},{"Node Type": "Hash","Parent Relationship": "Inner","Parallel Aware": true,"Async Capable": false,"Startup Cost": 6180.33,"Total Cost": 6180.33,"Plan Rows": 12480,"Plan Width": 40,"Actual Startup Time": 23.395,"Actual Total Time": 23.400,"Actual Rows": 5969,"Actual Loops": 5,"Hash Buckets": 32768,"Original Hash Buckets": 32768,"Hash Batches": 1,"Original Hash Batches": 1,"Peak Memory Usage": 2592,"Workers": [],"Plans": [{"Node Type": "Seq Scan","Parent Relationship": "Outer","Parallel Aware": true,"Async Capable": false,"Relation Name": "part","Alias": "part","Startup Cost": 0.00,"Total Cost": 6180.33,"Plan Rows": 12480,"Plan Width": 40,"Actual Startup Time": 0.050,"Actual Total Time": 19.515,"Actual Rows": 5969,"Actual Loops": 5,"Filter": "((p_brand <> 'Brand#24'::bpchar) AND ((p_type)::text !~~ 'SMALL ANODIZED%'::text) AND (p_size = ANY ('{26,40,14,34,19,12,35,47}'::integer[])))","Rows Removed by Filter": 34031,"Workers": []}]}]}]}]}]}]},"Planning Time": 4.553,"Triggers": [],"Execution Time": 253.741}]
[{"Plan": {"Node Type": "Sort","Parallel Aware": false,"Async Capable": false,"Startup Cost": 33327.46,"Total Cost": 33367.60,"Plan Rows": 16055,"Plan Width": 44,"Actual Startup Time": 241.435,"Actual Total Time": 243.352,"Actual Rows": 18279,"Actual Loops": 1,"Sort Key": ["(count(DISTINCT partsupp.ps_suppkey)) DESC", "part.p_brand", "part.p_type", "part.p_size"],"Sort Method": "quicksort","Sort Space Used": 2339,"Sort Space Type": "Memory","Plans": [{"Node Type": "Aggregate","Strategy": "Sorted","Partial Mode": "Simple","Parent Relationship": "Outer","Parallel Aware": false,"Async Capable": false,"Startup Cost": 24269.63,"Total Cost": 32205.96,"Plan Rows": 16055,"Plan Width": 44,"Actual Startup Time": 134.696,"Actual Total Time": 203.085,"Actual Rows": 18279,"Actual Loops": 1,"Group Key": ["part.p_brand", "part.p_type", "part.p_size"],"Plans": [{"Node Type": "Gather Merge","Parent Relationship": "Outer","Parallel Aware": false,"Async Capable": false,"Startup Cost": 24269.63,"Total Cost": 31446.05,"Plan Rows": 59936,"Plan Width": 40,"Actual Startup Time": 134.641,"Actual Total Time": 174.434,"Actual Rows": 119525,"Actual Loops": 1,"Workers Planned": 4,"Workers Launched": 4,"Plans": [{"Node Type": "Sort","Parent Relationship": "Outer","Parallel Aware": false,"Async Capable": false,"Startup Cost": 23269.57,"Total Cost": 23307.03,"Plan Rows": 14984,"Plan Width": 40,"Actual Startup Time": 123.296,"Actual Total Time": 126.157,"Actual Rows": 23905,"Actual Loops": 5,"Sort Key": ["part.p_brand", "part.p_type", "part.p_size"],"Sort Method": "quicksort","Sort Space Used": 2450,"Sort Space Type": "Memory","Workers": [{"Worker Number": 0,"Sort Method": "quicksort","Sort Space Used": 2671,"Sort Space Type": "Memory"},{"Worker Number": 1,"Sort Method": "quicksort","Sort Space Used": 2876,"Sort Space Type": "Memory"},{"Worker Number": 2,"Sort Method": "quicksort","Sort Space Used": 2854,"Sort Space Type": "Memory"},{"Worker Number": 3,"Sort Method": "quicksort","Sort Space Used": 2844,"Sort Space Type": "Memory"}],"Plans": [{"Node Type": "Hash Join","Parent Relationship": "Outer","Parallel Aware": true,"Async Capable": false,"Join Type": "Inner","Startup Cost": 6683.85,"Total Cost": 22230.35,"Plan Rows": 14984,"Plan Width": 40,"Actual Startup Time": 29.412,"Actual Total Time": 79.666,"Actual Rows": 23905,"Actual Loops": 5,"Inner Unique": true,"Hash Cond": "(partsupp.ps_partkey = part.p_partkey)","Workers": [],"Plans": [{"Node Type": "Index Only Scan","Parent Relationship": "Outer","Parallel Aware": true,"Async Capable": false,"Scan Direction": "Forward","Index Name": "partsupp_pkey","Relation Name": "partsupp","Alias": "partsupp","Startup Cost": 347.43,"Total Cost": 15631.43,"Plan Rows": 100000,"Plan Width": 8,"Actual Startup Time": 7.281,"Actual Total Time": 33.406,"Actual Rows": 159936,"Actual Loops": 5,"Filter": "(NOT (hashed SubPlan 1))","Rows Removed by Filter": 64,"Heap Fetches": 0,"Workers": [],"Plans": [{"Node Type": "Seq Scan","Parent Relationship": "SubPlan","Subplan Name": "SubPlan 1","Parallel Aware": false,"Async Capable": false,"Relation Name": "supplier","Alias": "supplier","Startup Cost": 0.00,"Total Cost": 347.00,"Plan Rows": 1,"Plan Width": 4,"Actual Startup Time": 0.137,"Actual Total Time": 7.134,"Actual Rows": 4,"Actual Loops": 5,"Filter": "((s_comment)::text ~~ '%Customer%Complaints%'::text)","Rows Removed by Filter": 9996,"Workers": []}]},{"Node Type": "Hash","Parent Relationship": "Inner","Parallel Aware": true,"Async Capable": false,"Startup Cost": 6180.33,"Total Cost": 6180.33,"Plan Rows": 12487,"Plan Width": 40,"Actual Startup Time": 21.852,"Actual Total Time": 21.857,"Actual Rows": 5978,"Actual Loops": 5,"Hash Buckets": 32768,"Original Hash Buckets": 32768,"Hash Batches": 1,"Original Hash Batches": 1,"Peak Memory Usage": 2592,"Workers": [],"Plans": [{"Node Type": "Seq Scan","Parent Relationship": "Outer","Parallel Aware": true,"Async Capable": false,"Relation Name": "part","Alias": "part","Startup Cost": 0.00,"Total Cost": 6180.33,"Plan Rows": 12487,"Plan Width": 40,"Actual Startup Time": 0.043,"Actual Total Time": 18.190,"Actual Rows": 5978,"Actual Loops": 5,"Filter": "((p_brand <> 'Brand#11'::bpchar) AND ((p_type)::text !~~ 'PROMO PLATED%'::text) AND (p_size = ANY ('{36,41,18,7,25,21,9,14}'::integer[])))","Rows Removed by Filter": 34022,"Workers": []}]}]}]}]}]}]},"Planning Time": 4.285,"Triggers": [],"Execution Time": 244.289}]
[{"Plan": {"Node Type": "Sort","Parallel Aware": false,"Async Capable": false,"Startup Cost": 33386.39,"Total Cost": 33426.63,"Plan Rows": 16097,"Plan Width": 44,"Actual Startup Time": 236.561,"Actual Total Time": 238.604,"Actual Rows": 18275,"Actual Loops": 1,"Sort Key": ["(count(DISTINCT partsupp.ps_suppkey)) DESC", "part.p_brand", "part.p_type", "part.p_size"],"Sort Method": "quicksort","Sort Space Used": 2338,"Sort Space Type": "Memory","Plans": [{"Node Type": "Aggregate","Strategy": "Sorted","Partial Mode": "Simple","Parent Relationship": "Outer","Parallel Aware": false,"Async Capable": false,"Startup Cost": 24277.55,"Total Cost": 32261.65,"Plan Rows": 16097,"Plan Width": 44,"Actual Startup Time": 132.151,"Actual Total Time": 198.574,"Actual Rows": 18275,"Actual Loops": 1,"Group Key": ["part.p_brand", "part.p_type", "part.p_size"],"Plans": [{"Node Type": "Gather Merge","Parent Relationship": "Outer","Parallel Aware": false,"Async Capable": false,"Startup Cost": 24277.55,"Total Cost": 31497.67,"Plan Rows": 60301,"Plan Width": 40,"Actual Startup Time": 132.060,"Actual Total Time": 170.808,"Actual Rows": 119848,"Actual Loops": 1,"Workers Planned": 4,"Workers Launched": 4,"Plans": [{"Node Type": "Sort","Parent Relationship": "Outer","Parallel Aware": false,"Async Capable": false,"Startup Cost": 23277.49,"Total Cost": 23315.18,"Plan Rows": 15075,"Plan Width": 40,"Actual Startup Time": 121.570,"Actual Total Time": 123.956,"Actual Rows": 23970,"Actual Loops": 5,"Sort Key": ["part.p_brand", "part.p_type", "part.p_size"],"Sort Method": "quicksort","Sort Space Used": 2656,"Sort Space Type": "Memory","Workers": [{"Worker Number": 0,"Sort Method": "quicksort","Sort Space Used": 2648,"Sort Space Type": "Memory"},{"Worker Number": 1,"Sort Method": "quicksort","Sort Space Used": 2881,"Sort Space Type": "Memory"},{"Worker Number": 2,"Sort Method": "quicksort","Sort Space Used": 2643,"Sort Space Type": "Memory"},{"Worker Number": 3,"Sort Method": "quicksort","Sort Space Used": 2868,"Sort Space Type": "Memory"}],"Plans": [{"Node Type": "Hash Join","Parent Relationship": "Outer","Parallel Aware": true,"Async Capable": false,"Join Type": "Inner","Startup Cost": 6684.80,"Total Cost": 22231.30,"Plan Rows": 15075,"Plan Width": 40,"Actual Startup Time": 29.658,"Actual Total Time": 79.610,"Actual Rows": 23970,"Actual Loops": 5,"Inner Unique": true,"Hash Cond": "(partsupp.ps_partkey = part.p_partkey)","Workers": [],"Plans": [{"Node Type": "Index Only Scan","Parent Relationship": "Outer","Parallel Aware": true,"Async Capable": false,"Scan Direction": "Forward","Index Name": "partsupp_pkey","Relation Name": "partsupp","Alias": "partsupp","Startup Cost": 347.43,"Total Cost": 15631.43,"Plan Rows": 100000,"Plan Width": 8,"Actual Startup Time": 7.721,"Actual Total Time": 33.410,"Actual Rows": 159936,"Actual Loops": 5,"Filter": "(NOT (hashed SubPlan 1))","Rows Removed by Filter": 64,"Heap Fetches": 0,"Workers": [],"Plans": [{"Node Type": "Seq Scan","Parent Relationship": "SubPlan","Subplan Name": "SubPlan 1","Parallel Aware": false,"Async Capable": false,"Relation Name": "supplier","Alias": "supplier","Startup Cost": 0.00,"Total Cost": 347.00,"Plan Rows": 1,"Plan Width": 4,"Actual Startup Time": 0.183,"Actual Total Time": 7.579,"Actual Rows": 4,"Actual Loops": 5,"Filter": "((s_comment)::text ~~ '%Customer%Complaints%'::text)","Rows Removed by Filter": 9996,"Workers": []}]},{"Node Type": "Hash","Parent Relationship": "Inner","Parallel Aware": true,"Async Capable": false,"Startup Cost": 6180.33,"Total Cost": 6180.33,"Plan Rows": 12563,"Plan Width": 40,"Actual Startup Time": 21.655,"Actual Total Time": 21.659,"Actual Rows": 5995,"Actual Loops": 5,"Hash Buckets": 32768,"Original Hash Buckets": 32768,"Hash Batches": 1,"Original Hash Batches": 1,"Peak Memory Usage": 2560,"Workers": [],"Plans": [{"Node Type": "Seq Scan","Parent Relationship": "Outer","Parallel Aware": true,"Async Capable": false,"Relation Name": "part","Alias": "part","Startup Cost": 0.00,"Total Cost": 6180.33,"Plan Rows": 12563,"Plan Width": 40,"Actual Startup Time": 0.054,"Actual Total Time": 18.318,"Actual Rows": 5995,"Actual Loops": 5,"Filter": "((p_brand <> 'Brand#34'::bpchar) AND ((p_type)::text !~~ 'STANDARD PLATED%'::text) AND (p_size = ANY ('{25,13,14,10,6,26,37,18}'::integer[])))","Rows Removed by Filter": 34005,"Workers": []}]}]}]}]}]}]},"Planning Time": 4.506,"Triggers": [],"Execution Time": 240.006}]
[{"Plan": {"Node Type": "Sort","Parallel Aware": false,"Async Capable": false,"Startup Cost": 33258.96,"Total Cost": 33298.97,"Plan Rows": 16006,"Plan Width": 44,"Actual Startup Time": 235.201,"Actual Total Time": 237.096,"Actual Rows": 18324,"Actual Loops": 1,"Sort Key": ["(count(DISTINCT partsupp.ps_suppkey)) DESC", "part.p_brand", "part.p_type", "part.p_size"],"Sort Method": "quicksort","Sort Space Used": 2342,"Sort Space Type": "Memory","Plans": [{"Node Type": "Aggregate","Strategy": "Sorted","Partial Mode": "Simple","Parent Relationship": "Outer","Parallel Aware": false,"Async Capable": false,"Startup Cost": 24260.41,"Total Cost": 32141.23,"Plan Rows": 16006,"Plan Width": 44,"Actual Startup Time": 130.341,"Actual Total Time": 196.419,"Actual Rows": 18324,"Actual Loops": 1,"Group Key": ["part.p_brand", "part.p_type", "part.p_size"],"Plans": [{"Node Type": "Gather Merge","Parent Relationship": "Outer","Parallel Aware": false,"Async Capable": false,"Startup Cost": 24260.41,"Total Cost": 31386.05,"Plan Rows": 59512,"Plan Width": 40,"Actual Startup Time": 130.245,"Actual Total Time": 168.793,"Actual Rows": 118702,"Actual Loops": 1,"Workers Planned": 4,"Workers Launched": 4,"Plans": [{"Node Type": "Sort","Parent Relationship": "Outer","Parallel Aware": false,"Async Capable": false,"Startup Cost": 23260.35,"Total Cost": 23297.54,"Plan Rows": 14878,"Plan Width": 40,"Actual Startup Time": 121.300,"Actual Total Time": 123.673,"Actual Rows": 23740,"Actual Loops": 5,"Sort Key": ["part.p_brand", "part.p_type", "part.p_size"],"Sort Method": "quicksort","Sort Space Used": 2824,"Sort Space Type": "Memory","Workers": [{"Worker Number": 0,"Sort Method": "quicksort","Sort Space Used": 2804,"Sort Space Type": "Memory"},{"Worker Number": 1,"Sort Method": "quicksort","Sort Space Used": 2603,"Sort Space Type": "Memory"},{"Worker Number": 2,"Sort Method": "quicksort","Sort Space Used": 2805,"Sort Space Type": "Memory"},{"Worker Number": 3,"Sort Method": "quicksort","Sort Space Used": 2563,"Sort Space Type": "Memory"}],"Plans": [{"Node Type": "Hash Join","Parent Relationship": "Outer","Parallel Aware": true,"Async Capable": false,"Join Type": "Inner","Startup Cost": 6682.74,"Total Cost": 22229.24,"Plan Rows": 14878,"Plan Width": 40,"Actual Startup Time": 28.800,"Actual Total Time": 79.541,"Actual Rows": 23740,"Actual Loops": 5,"Inner Unique": true,"Hash Cond": "(partsupp.ps_partkey = part.p_partkey)","Workers": [],"Plans": [{"Node Type": "Index Only Scan","Parent Relationship": "Outer","Parallel Aware": true,"Async Capable": false,"Scan Direction": "Forward","Index Name": "partsupp_pkey","Relation Name": "partsupp","Alias": "partsupp","Startup Cost": 347.43,"Total Cost": 15631.43,"Plan Rows": 100000,"Plan Width": 8,"Actual Startup Time": 7.051,"Actual Total Time": 32.154,"Actual Rows": 159936,"Actual Loops": 5,"Filter": "(NOT (hashed SubPlan 1))","Rows Removed by Filter": 64,"Heap Fetches": 0,"Workers": [],"Plans": [{"Node Type": "Seq Scan","Parent Relationship": "SubPlan","Subplan Name": "SubPlan 1","Parallel Aware": false,"Async Capable": false,"Relation Name": "supplier","Alias": "supplier","Startup Cost": 0.00,"Total Cost": 347.00,"Plan Rows": 1,"Plan Width": 4,"Actual Startup Time": 0.141,"Actual Total Time": 6.901,"Actual Rows": 4,"Actual Loops": 5,"Filter": "((s_comment)::text ~~ '%Customer%Complaints%'::text)","Rows Removed by Filter": 9996,"Workers": []}]},{"Node Type": "Hash","Parent Relationship": "Inner","Parallel Aware": true,"Async Capable": false,"Startup Cost": 6180.33,"Total Cost": 6180.33,"Plan Rows": 12398,"Plan Width": 40,"Actual Startup Time": 21.462,"Actual Total Time": 21.465,"Actual Rows": 5937,"Actual Loops": 5,"Hash Buckets": 32768,"Original Hash Buckets": 32768,"Hash Batches": 1,"Original Hash Batches": 1,"Peak Memory Usage": 2528,"Workers": [],"Plans": [{"Node Type": "Seq Scan","Parent Relationship": "Outer","Parallel Aware": true,"Async Capable": false,"Relation Name": "part","Alias": "part","Startup Cost": 0.00,"Total Cost": 6180.33,"Plan Rows": 12398,"Plan Width": 40,"Actual Startup Time": 0.052,"Actual Total Time": 18.097,"Actual Rows": 5937,"Actual Loops": 5,"Filter": "((p_brand <> 'Brand#12'::bpchar) AND ((p_type)::text !~~ 'MEDIUM BURNISHED%'::text) AND (p_size = ANY ('{30,24,3,36,20,26,49,9}'::integer[])))","Rows Removed by Filter": 34063,"Workers": []}]}]}]}]}]}]},"Planning Time": 3.794,"Triggers": [],"Execution Time": 238.566}]
[{"Plan": {"Node Type": "Sort","Parallel Aware": false,"Async Capable": false,"Startup Cost": 33107.45,"Total Cost": 33147.19,"Plan Rows": 15894,"Plan Width": 44,"Actual Startup Time": 235.823,"Actual Total Time": 237.791,"Actual Rows": 18205,"Actual Loops": 1,"Sort Key": ["(count(DISTINCT partsupp.ps_suppkey)) DESC", "part.p_brand", "part.p_type", "part.p_size"],"Sort Method": "quicksort","Sort Space Used": 2332,"Sort Space Type": "Memory","Plans": [{"Node Type": "Aggregate","Strategy": "Sorted","Partial Mode": "Simple","Parent Relationship": "Outer","Parallel Aware": false,"Async Capable": false,"Startup Cost": 24240.08,"Total Cost": 31998.35,"Plan Rows": 15894,"Plan Width": 44,"Actual Startup Time": 132.052,"Actual Total Time": 197.143,"Actual Rows": 18205,"Actual Loops": 1,"Group Key": ["part.p_brand", "part.p_type", "part.p_size"],"Plans": [{"Node Type": "Gather Merge","Parent Relationship": "Outer","Parallel Aware": false,"Async Capable": false,"Startup Cost": 24240.08,"Total Cost": 31253.65,"Plan Rows": 58576,"Plan Width": 40,"Actual Startup Time": 131.971,"Actual Total Time": 169.951,"Actual Rows": 117674,"Actual Loops": 1,"Workers Planned": 4,"Workers Launched": 4,"Plans": [{"Node Type": "Sort","Parent Relationship": "Outer","Parallel Aware": false,"Async Capable": false,"Startup Cost": 23240.02,"Total Cost": 23276.63,"Plan Rows": 14644,"Plan Width": 40,"Actual Startup Time": 121.997,"Actual Total Time": 124.279,"Actual Rows": 23535,"Actual Loops": 5,"Sort Key": ["part.p_brand", "part.p_type", "part.p_size"],"Sort Method": "quicksort","Sort Space Used": 2793,"Sort Space Type": "Memory","Workers": [{"Worker Number": 0,"Sort Method": "quicksort","Sort Space Used": 2778,"Sort Space Type": "Memory"},{"Worker Number": 1,"Sort Method": "quicksort","Sort Space Used": 2557,"Sort Space Type": "Memory"},{"Worker Number": 2,"Sort Method": "quicksort","Sort Space Used": 2822,"Sort Space Type": "Memory"},{"Worker Number": 3,"Sort Method": "quicksort","Sort Space Used": 2561,"Sort Space Type": "Memory"}],"Plans": [{"Node Type": "Hash Join","Parent Relationship": "Outer","Parallel Aware": true,"Async Capable": false,"Join Type": "Inner","Startup Cost": 6680.30,"Total Cost": 22226.80,"Plan Rows": 14644,"Plan Width": 40,"Actual Startup Time": 29.602,"Actual Total Time": 80.699,"Actual Rows": 23535,"Actual Loops": 5,"Inner Unique": true,"Hash Cond": "(partsupp.ps_partkey = part.p_partkey)","Workers": [],"Plans": [{"Node Type": "Index Only Scan","Parent Relationship": "Outer","Parallel Aware": true,"Async Capable": false,"Scan Direction": "Forward","Index Name": "partsupp_pkey","Relation Name": "partsupp","Alias": "partsupp","Startup Cost": 347.43,"Total Cost": 15631.43,"Plan Rows": 100000,"Plan Width": 8,"Actual Startup Time": 7.220,"Actual Total Time": 32.842,"Actual Rows": 159936,"Actual Loops": 5,"Filter": "(NOT (hashed SubPlan 1))","Rows Removed by Filter": 64,"Heap Fetches": 0,"Workers": [],"Plans": [{"Node Type": "Seq Scan","Parent Relationship": "SubPlan","Subplan Name": "SubPlan 1","Parallel Aware": false,"Async Capable": false,"Relation Name": "supplier","Alias": "supplier","Startup Cost": 0.00,"Total Cost": 347.00,"Plan Rows": 1,"Plan Width": 4,"Actual Startup Time": 0.165,"Actual Total Time": 7.052,"Actual Rows": 4,"Actual Loops": 5,"Filter": "((s_comment)::text ~~ '%Customer%Complaints%'::text)","Rows Removed by Filter": 9996,"Workers": []}]},{"Node Type": "Hash","Parent Relationship": "Inner","Parallel Aware": true,"Async Capable": false,"Startup Cost": 6180.33,"Total Cost": 6180.33,"Plan Rows": 12203,"Plan Width": 40,"Actual Startup Time": 22.131,"Actual Total Time": 22.135,"Actual Rows": 5886,"Actual Loops": 5,"Hash Buckets": 32768,"Original Hash Buckets": 32768,"Hash Batches": 1,"Original Hash Batches": 1,"Peak Memory Usage": 2496,"Workers": [],"Plans": [{"Node Type": "Seq Scan","Parent Relationship": "Outer","Parallel Aware": true,"Async Capable": false,"Relation Name": "part","Alias": "part","Startup Cost": 0.00,"Total Cost": 6180.33,"Plan Rows": 12203,"Plan Width": 40,"Actual Startup Time": 0.059,"Actual Total Time": 18.602,"Actual Rows": 5886,"Actual Loops": 5,"Filter": "((p_brand <> 'Brand#55'::bpchar) AND ((p_type)::text !~~ 'ECONOMY BURNISHED%'::text) AND (p_size = ANY ('{34,13,43,32,6,49,44,8}'::integer[])))","Rows Removed by Filter": 34114,"Workers": []}]}]}]}]}]}]},"Planning Time": 4.083,"Triggers": [],"Execution Time": 239.219}]
[{"Plan": {"Node Type": "Sort","Parallel Aware": false,"Async Capable": false,"Startup Cost": 33219.48,"Total Cost": 33259.42,"Plan Rows": 15977,"Plan Width": 44,"Actual Startup Time": 236.075,"Actual Total Time": 238.115,"Actual Rows": 18394,"Actual Loops": 1,"Sort Key": ["(count(DISTINCT partsupp.ps_suppkey)) DESC", "part.p_brand", "part.p_type", "part.p_size"],"Sort Method": "quicksort","Sort Space Used": 2348,"Sort Space Type": "Memory","Plans": [{"Node Type": "Aggregate","Strategy": "Sorted","Partial Mode": "Simple","Parent Relationship": "Outer","Parallel Aware": false,"Async Capable": false,"Startup Cost": 24255.10,"Total Cost": 32103.98,"Plan Rows": 15977,"Plan Width": 44,"Actual Startup Time": 131.289,"Actual Total Time": 198.413,"Actual Rows": 18394,"Actual Loops": 1,"Group Key": ["part.p_brand", "part.p_type", "part.p_size"],"Plans": [{"Node Type": "Gather Merge","Parent Relationship": "Outer","Parallel Aware": false,"Async Capable": false,"Startup Cost": 24255.10,"Total Cost": 31351.53,"Plan Rows": 59268,"Plan Width": 40,"Actual Startup Time": 131.214,"Actual Total Time": 170.758,"Actual Rows": 119441,"Actual Loops": 1,"Workers Planned": 4,"Workers Launched": 4,"Plans": [{"Node Type": "Sort","Parent Relationship": "Outer","Parallel Aware": false,"Async Capable": false,"Startup Cost": 23255.04,"Total Cost": 23292.09,"Plan Rows": 14817,"Plan Width": 40,"Actual Startup Time": 122.349,"Actual Total Time": 124.986,"Actual Rows": 23888,"Actual Loops": 5,"Sort Key": ["part.p_brand", "part.p_type", "part.p_size"],"Sort Method": "quicksort","Sort Space Used": 2705,"Sort Space Type": "Memory","Workers": [{"Worker Number": 0,"Sort Method": "quicksort","Sort Space Used": 2762,"Sort Space Type": "Memory"},{"Worker Number": 1,"Sort Method": "quicksort","Sort Space Used": 2671,"Sort Space Type": "Memory"},{"Worker Number": 2,"Sort Method": "quicksort","Sort Space Used": 2754,"Sort Space Type": "Memory"},{"Worker Number": 3,"Sort Method": "quicksort","Sort Space Used": 2794,"Sort Space Type": "Memory"}],"Plans": [{"Node Type": "Hash Join","Parent Relationship": "Outer","Parallel Aware": true,"Async Capable": false,"Join Type": "Inner","Startup Cost": 6682.10,"Total Cost": 22228.60,"Plan Rows": 14817,"Plan Width": 40,"Actual Startup Time": 29.920,"Actual Total Time": 80.373,"Actual Rows": 23888,"Actual Loops": 5,"Inner Unique": true,"Hash Cond": "(partsupp.ps_partkey = part.p_partkey)","Workers": [],"Plans": [{"Node Type": "Index Only Scan","Parent Relationship": "Outer","Parallel Aware": true,"Async Capable": false,"Scan Direction": "Forward","Index Name": "partsupp_pkey","Relation Name": "partsupp","Alias": "partsupp","Startup Cost": 347.43,"Total Cost": 15631.43,"Plan Rows": 100000,"Plan Width": 8,"Actual Startup Time": 7.415,"Actual Total Time": 32.393,"Actual Rows": 159936,"Actual Loops": 5,"Filter": "(NOT (hashed SubPlan 1))","Rows Removed by Filter": 64,"Heap Fetches": 0,"Workers": [],"Plans": [{"Node Type": "Seq Scan","Parent Relationship": "SubPlan","Subplan Name": "SubPlan 1","Parallel Aware": false,"Async Capable": false,"Relation Name": "supplier","Alias": "supplier","Startup Cost": 0.00,"Total Cost": 347.00,"Plan Rows": 1,"Plan Width": 4,"Actual Startup Time": 0.170,"Actual Total Time": 7.253,"Actual Rows": 4,"Actual Loops": 5,"Filter": "((s_comment)::text ~~ '%Customer%Complaints%'::text)","Rows Removed by Filter": 9996,"Workers": []}]},{"Node Type": "Hash","Parent Relationship": "Inner","Parallel Aware": true,"Async Capable": false,"Startup Cost": 6180.33,"Total Cost": 6180.33,"Plan Rows": 12347,"Plan Width": 40,"Actual Startup Time": 22.226,"Actual Total Time": 22.228,"Actual Rows": 5974,"Actual Loops": 5,"Hash Buckets": 32768,"Original Hash Buckets": 32768,"Hash Batches": 1,"Original Hash Batches": 1,"Peak Memory Usage": 2560,"Workers": [],"Plans": [{"Node Type": "Seq Scan","Parent Relationship": "Outer","Parallel Aware": true,"Async Capable": false,"Relation Name": "part","Alias": "part","Startup Cost": 0.00,"Total Cost": 6180.33,"Plan Rows": 12347,"Plan Width": 40,"Actual Startup Time": 0.052,"Actual Total Time": 18.563,"Actual Rows": 5974,"Actual Loops": 5,"Filter": "((p_brand <> 'Brand#22'::bpchar) AND ((p_type)::text !~~ 'LARGE BRUSHED%'::text) AND (p_size = ANY ('{44,25,11,48,36,2,10,26}'::integer[])))","Rows Removed by Filter": 34026,"Workers": []}]}]}]}]}]}]},"Planning Time": 4.314,"Triggers": [],"Execution Time": 239.399}]
[{"Plan": {"Node Type": "Sort","Parallel Aware": false,"Async Capable": false,"Startup Cost": 33393.09,"Total Cost": 33433.34,"Plan Rows": 16102,"Plan Width": 44,"Actual Startup Time": 243.273,"Actual Total Time": 245.105,"Actual Rows": 18281,"Actual Loops": 1,"Sort Key": ["(count(DISTINCT partsupp.ps_suppkey)) DESC", "part.p_brand", "part.p_type", "part.p_size"],"Sort Method": "quicksort","Sort Space Used": 2339,"Sort Space Type": "Memory","Plans": [{"Node Type": "Aggregate","Strategy": "Sorted","Partial Mode": "Simple","Parent Relationship": "Outer","Parallel Aware": false,"Async Capable": false,"Startup Cost": 24278.49,"Total Cost": 32267.96,"Plan Rows": 16102,"Plan Width": 44,"Actual Startup Time": 136.741,"Actual Total Time": 206.471,"Actual Rows": 18281,"Actual Loops": 1,"Group Key": ["part.p_brand", "part.p_type", "part.p_size"],"Plans": [{"Node Type": "Gather Merge","Parent Relationship": "Outer","Parallel Aware": false,"Async Capable": false,"Startup Cost": 24278.49,"Total Cost": 31503.52,"Plan Rows": 60342,"Plan Width": 40,"Actual Startup Time": 136.666,"Actual Total Time": 177.579,"Actual Rows": 120085,"Actual Loops": 1,"Workers Planned": 4,"Workers Launched": 4,"Plans": [{"Node Type": "Sort","Parent Relationship": "Outer","Parallel Aware": false,"Async Capable": false,"Startup Cost": 23278.44,"Total Cost": 23316.15,"Plan Rows": 15086,"Plan Width": 40,"Actual Startup Time": 123.704,"Actual Total Time": 126.498,"Actual Rows": 24017,"Actual Loops": 5,"Sort Key": ["part.p_brand", "part.p_type", "part.p_size"],"Sort Method": "quicksort","Sort Space Used": 2443,"Sort Space Type": "Memory","Workers": [{"Worker Number": 0,"Sort Method": "quicksort","Sort Space Used": 2942,"Sort Space Type": "Memory"},{"Worker Number": 1,"Sort Method": "quicksort","Sort Space Used": 2921,"Sort Space Type": "Memory"},{"Worker Number": 2,"Sort Method": "quicksort","Sort Space Used": 2475,"Sort Space Type": "Memory"},{"Worker Number": 3,"Sort Method": "quicksort","Sort Space Used": 2947,"Sort Space Type": "Memory"}],"Plans": [{"Node Type": "Hash Join","Parent Relationship": "Outer","Parallel Aware": true,"Async Capable": false,"Join Type": "Inner","Startup Cost": 6684.90,"Total Cost": 22231.40,"Plan Rows": 15086,"Plan Width": 40,"Actual Startup Time": 30.517,"Actual Total Time": 81.117,"Actual Rows": 24017,"Actual Loops": 5,"Inner Unique": true,"Hash Cond": "(partsupp.ps_partkey = part.p_partkey)","Workers": [],"Plans": [{"Node Type": "Index Only Scan","Parent Relationship": "Outer","Parallel Aware": true,"Async Capable": false,"Scan Direction": "Forward","Index Name": "partsupp_pkey","Relation Name": "partsupp","Alias": "partsupp","Startup Cost": 347.43,"Total Cost": 15631.43,"Plan Rows": 100000,"Plan Width": 8,"Actual Startup Time": 7.752,"Actual Total Time": 32.894,"Actual Rows": 159936,"Actual Loops": 5,"Filter": "(NOT (hashed SubPlan 1))","Rows Removed by Filter": 64,"Heap Fetches": 0,"Workers": [],"Plans": [{"Node Type": "Seq Scan","Parent Relationship": "SubPlan","Subplan Name": "SubPlan 1","Parallel Aware": false,"Async Capable": false,"Relation Name": "supplier","Alias": "supplier","Startup Cost": 0.00,"Total Cost": 347.00,"Plan Rows": 1,"Plan Width": 4,"Actual Startup Time": 0.251,"Actual Total Time": 7.601,"Actual Rows": 4,"Actual Loops": 5,"Filter": "((s_comment)::text ~~ '%Customer%Complaints%'::text)","Rows Removed by Filter": 9996,"Workers": []}]},{"Node Type": "Hash","Parent Relationship": "Inner","Parallel Aware": true,"Async Capable": false,"Startup Cost": 6180.33,"Total Cost": 6180.33,"Plan Rows": 12571,"Plan Width": 40,"Actual Startup Time": 22.500,"Actual Total Time": 22.505,"Actual Rows": 6007,"Actual Loops": 5,"Hash Buckets": 32768,"Original Hash Buckets": 32768,"Hash Batches": 1,"Original Hash Batches": 1,"Peak Memory Usage": 2560,"Workers": [],"Plans": [{"Node Type": "Seq Scan","Parent Relationship": "Outer","Parallel Aware": true,"Async Capable": false,"Relation Name": "part","Alias": "part","Startup Cost": 0.00,"Total Cost": 6180.33,"Plan Rows": 12571,"Plan Width": 40,"Actual Startup Time": 0.056,"Actual Total Time": 18.859,"Actual Rows": 6007,"Actual Loops": 5,"Filter": "((p_brand <> 'Brand#33'::bpchar) AND ((p_type)::text !~~ 'LARGE ANODIZED%'::text) AND (p_size = ANY ('{29,34,32,7,48,14,33,13}'::integer[])))","Rows Removed by Filter": 33993,"Workers": []}]}]}]}]}]}]},"Planning Time": 4.934,"Triggers": [],"Execution Time": 246.216}]
[{"Plan": {"Node Type": "Sort","Parallel Aware": false,"Async Capable": false,"Startup Cost": 33285.45,"Total Cost": 33325.51,"Plan Rows": 16025,"Plan Width": 44,"Actual Startup Time": 235.218,"Actual Total Time": 236.981,"Actual Rows": 18195,"Actual Loops": 1,"Sort Key": ["(count(DISTINCT partsupp.ps_suppkey)) DESC", "part.p_brand", "part.p_type", "part.p_size"],"Sort Method": "quicksort","Sort Space Used": 2331,"Sort Space Type": "Memory","Plans": [{"Node Type": "Aggregate","Strategy": "Sorted","Partial Mode": "Simple","Parent Relationship": "Outer","Parallel Aware": false,"Async Capable": false,"Startup Cost": 24263.97,"Total Cost": 32166.26,"Plan Rows": 16025,"Plan Width": 44,"Actual Startup Time": 130.865,"Actual Total Time": 197.118,"Actual Rows": 18195,"Actual Loops": 1,"Group Key": ["part.p_brand", "part.p_type", "part.p_size"],"Plans": [{"Node Type": "Gather Merge","Parent Relationship": "Outer","Parallel Aware": false,"Async Capable": false,"Startup Cost": 24263.97,"Total Cost": 31409.25,"Plan Rows": 59676,"Plan Width": 40,"Actual Startup Time": 130.799,"Actual Total Time": 169.801,"Actual Rows": 118081,"Actual Loops": 1,"Workers Planned": 4,"Workers Launched": 4,"Plans": [{"Node Type": "Sort","Parent Relationship": "Outer","Parallel Aware": false,"Async Capable": false,"Startup Cost": 23263.91,"Total Cost": 23301.21,"Plan Rows": 14919,"Plan Width": 40,"Actual Startup Time": 122.370,"Actual Total Time": 124.896,"Actual Rows": 23616,"Actual Loops": 5,"Sort Key": ["part.p_brand", "part.p_type", "part.p_size"],"Sort Method": "quicksort","Sort Space Used": 2707,"Sort Space Type": "Memory","Workers": [{"Worker Number": 0,"Sort Method": "quicksort","Sort Space Used": 2758,"Sort Space Type": "Memory"},{"Worker Number": 1,"Sort Method": "quicksort","Sort Space Used": 2625,"Sort Space Type": "Memory"},{"Worker Number": 2,"Sort Method": "quicksort","Sort Space Used": 2734,"Sort Space Type": "Memory"},{"Worker Number": 3,"Sort Method": "quicksort","Sort Space Used": 2748,"Sort Space Type": "Memory"}],"Plans": [{"Node Type": "Hash Join","Parent Relationship": "Outer","Parallel Aware": true,"Async Capable": false,"Join Type": "Inner","Startup Cost": 6683.16,"Total Cost": 22229.66,"Plan Rows": 14919,"Plan Width": 40,"Actual Startup Time": 30.383,"Actual Total Time": 80.946,"Actual Rows": 23616,"Actual Loops": 5,"Inner Unique": true,"Hash Cond": "(partsupp.ps_partkey = part.p_partkey)","Workers": [],"Plans": [{"Node Type": "Index Only Scan","Parent Relationship": "Outer","Parallel Aware": true,"Async Capable": false,"Scan Direction": "Forward","Index Name": "partsupp_pkey","Relation Name": "partsupp","Alias": "partsupp","Startup Cost": 347.43,"Total Cost": 15631.43,"Plan Rows": 100000,"Plan Width": 8,"Actual Startup Time": 7.422,"Actual Total Time": 32.414,"Actual Rows": 159936,"Actual Loops": 5,"Filter": "(NOT (hashed SubPlan 1))","Rows Removed by Filter": 64,"Heap Fetches": 0,"Workers": [],"Plans": [{"Node Type": "Seq Scan","Parent Relationship": "SubPlan","Subplan Name": "SubPlan 1","Parallel Aware": false,"Async Capable": false,"Relation Name": "supplier","Alias": "supplier","Startup Cost": 0.00,"Total Cost": 347.00,"Plan Rows": 1,"Plan Width": 4,"Actual Startup Time": 0.189,"Actual Total Time": 7.263,"Actual Rows": 4,"Actual Loops": 5,"Filter": "((s_comment)::text ~~ '%Customer%Complaints%'::text)","Rows Removed by Filter": 9996,"Workers": []}]},{"Node Type": "Hash","Parent Relationship": "Inner","Parallel Aware": true,"Async Capable": false,"Startup Cost": 6180.33,"Total Cost": 6180.33,"Plan Rows": 12432,"Plan Width": 40,"Actual Startup Time": 22.688,"Actual Total Time": 22.691,"Actual Rows": 5907,"Actual Loops": 5,"Hash Buckets": 32768,"Original Hash Buckets": 32768,"Hash Batches": 1,"Original Hash Batches": 1,"Peak Memory Usage": 2560,"Workers": [],"Plans": [{"Node Type": "Seq Scan","Parent Relationship": "Outer","Parallel Aware": true,"Async Capable": false,"Relation Name": "part","Alias": "part","Startup Cost": 0.00,"Total Cost": 6180.33,"Plan Rows": 12432,"Plan Width": 40,"Actual Startup Time": 0.062,"Actual Total Time": 19.027,"Actual Rows": 5907,"Actual Loops": 5,"Filter": "((p_brand <> 'Brand#53'::bpchar) AND ((p_type)::text !~~ 'SMALL BRUSHED%'::text) AND (p_size = ANY ('{9,23,45,28,32,39,44,18}'::integer[])))","Rows Removed by Filter": 34093,"Workers": []}]}]}]}]}]}]},"Planning Time": 5.606,"Triggers": [],"Execution Time": 238.284}]
[{"Plan": {"Node Type": "Sort","Parallel Aware": false,"Async Capable": false,"Startup Cost": 33430.72,"Total Cost": 33471.05,"Plan Rows": 16129,"Plan Width": 44,"Actual Startup Time": 236.329,"Actual Total Time": 238.181,"Actual Rows": 18291,"Actual Loops": 1,"Sort Key": ["(count(DISTINCT partsupp.ps_suppkey)) DESC", "part.p_brand", "part.p_type", "part.p_size"],"Sort Method": "quicksort","Sort Space Used": 2340,"Sort Space Type": "Memory","Plans": [{"Node Type": "Aggregate","Strategy": "Sorted","Partial Mode": "Simple","Parent Relationship": "Outer","Parallel Aware": false,"Async Capable": false,"Startup Cost": 24283.55,"Total Cost": 32303.52,"Plan Rows": 16129,"Plan Width": 44,"Actual Startup Time": 131.359,"Actual Total Time": 198.306,"Actual Rows": 18291,"Actual Loops": 1,"Group Key": ["part.p_brand", "part.p_type", "part.p_size"],"Plans": [{"Node Type": "Gather Merge","Parent Relationship": "Outer","Parallel Aware": false,"Async Capable": false,"Startup Cost": 24283.55,"Total Cost": 31536.48,"Plan Rows": 60575,"Plan Width": 40,"Actual Startup Time": 131.282,"Actual Total Time": 170.744,"Actual Rows": 119542,"Actual Loops": 1,"Workers Planned": 4,"Workers Launched": 4,"Plans": [{"Node Type": "Sort","Parent Relationship": "Outer","Parallel Aware": false,"Async Capable": false,"Startup Cost": 23283.49,"Total Cost": 23321.35,"Plan Rows": 15144,"Plan Width": 40,"Actual Startup Time": 122.561,"Actual Total Time": 125.040,"Actual Rows": 23908,"Actual Loops": 5,"Sort Key": ["part.p_brand", "part.p_type", "part.p_size"],"Sort Method": "quicksort","Sort Space Used": 2684,"Sort Space Type": "Memory","Workers": [{"Worker Number": 0,"Sort Method": "quicksort","Sort Space Used": 2778,"Sort Space Type": "Memory"},{"Worker Number": 1,"Sort Method": "quicksort","Sort Space Used": 2794,"Sort Space Type": "Memory"},{"Worker Number": 2,"Sort Method": "quicksort","Sort Space Used": 2664,"Sort Space Type": "Memory"},{"Worker Number": 3,"Sort Method": "quicksort","Sort Space Used": 2775,"Sort Space Type": "Memory"}],"Plans": [{"Node Type": "Hash Join","Parent Relationship": "Outer","Parallel Aware": true,"Async Capable": false,"Join Type": "Inner","Startup Cost": 6685.51,"Total Cost": 22232.01,"Plan Rows": 15144,"Plan Width": 40,"Actual Startup Time": 30.253,"Actual Total Time": 80.536,"Actual Rows": 23908,"Actual Loops": 5,"Inner Unique": true,"Hash Cond": "(partsupp.ps_partkey = part.p_partkey)","Workers": [],"Plans": [{"Node Type": "Index Only Scan","Parent Relationship": "Outer","Parallel Aware": true,"Async Capable": false,"Scan Direction": "Forward","Index Name": "partsupp_pkey","Relation Name": "partsupp","Alias": "partsupp","Startup Cost": 347.43,"Total Cost": 15631.43,"Plan Rows": 100000,"Plan Width": 8,"Actual Startup Time": 7.339,"Actual Total Time": 32.375,"Actual Rows": 159936,"Actual Loops": 5,"Filter": "(NOT (hashed SubPlan 1))","Rows Removed by Filter": 64,"Heap Fetches": 0,"Workers": [],"Plans": [{"Node Type": "Seq Scan","Parent Relationship": "SubPlan","Subplan Name": "SubPlan 1","Parallel Aware": false,"Async Capable": false,"Relation Name": "supplier","Alias": "supplier","Startup Cost": 0.00,"Total Cost": 347.00,"Plan Rows": 1,"Plan Width": 4,"Actual Startup Time": 0.163,"Actual Total Time": 7.186,"Actual Rows": 4,"Actual Loops": 5,"Filter": "((s_comment)::text ~~ '%Customer%Complaints%'::text)","Rows Removed by Filter": 9996,"Workers": []}]},{"Node Type": "Hash","Parent Relationship": "Inner","Parallel Aware": true,"Async Capable": false,"Startup Cost": 6180.33,"Total Cost": 6180.33,"Plan Rows": 12620,"Plan Width": 40,"Actual Startup Time": 22.682,"Actual Total Time": 22.686,"Actual Rows": 5980,"Actual Loops": 5,"Hash Buckets": 32768,"Original Hash Buckets": 32768,"Hash Batches": 1,"Original Hash Batches": 1,"Peak Memory Usage": 2560,"Workers": [],"Plans": [{"Node Type": "Seq Scan","Parent Relationship": "Outer","Parallel Aware": true,"Async Capable": false,"Relation Name": "part","Alias": "part","Startup Cost": 0.00,"Total Cost": 6180.33,"Plan Rows": 12620,"Plan Width": 40,"Actual Startup Time": 0.049,"Actual Total Time": 18.998,"Actual Rows": 5980,"Actual Loops": 5,"Filter": "((p_brand <> 'Brand#44'::bpchar) AND ((p_type)::text !~~ 'LARGE BRUSHED%'::text) AND (p_size = ANY ('{25,1,47,33,45,35,22,42}'::integer[])))","Rows Removed by Filter": 34020,"Workers": []}]}]}]}]}]}]},"Planning Time": 4.981,"Triggers": [],"Execution Time": 239.649}]
[{"Plan": {"Node Type": "Sort","Parallel Aware": false,"Async Capable": false,"Startup Cost": 33290.65,"Total Cost": 33330.72,"Plan Rows": 16029,"Plan Width": 44,"Actual Startup Time": 253.002,"Actual Total Time": 254.860,"Actual Rows": 18350,"Actual Loops": 1,"Sort Key": ["(count(DISTINCT partsupp.ps_suppkey)) DESC", "part.p_brand", "part.p_type", "part.p_size"],"Sort Method": "quicksort","Sort Space Used": 2344,"Sort Space Type": "Memory","Plans": [{"Node Type": "Aggregate","Strategy": "Sorted","Partial Mode": "Simple","Parent Relationship": "Outer","Parallel Aware": false,"Async Capable": false,"Startup Cost": 24264.67,"Total Cost": 32171.15,"Plan Rows": 16029,"Plan Width": 44,"Actual Startup Time": 144.238,"Actual Total Time": 215.812,"Actual Rows": 18350,"Actual Loops": 1,"Group Key": ["part.p_brand", "part.p_type", "part.p_size"],"Plans": [{"Node Type": "Gather Merge","Parent Relationship": "Outer","Parallel Aware": false,"Async Capable": false,"Startup Cost": 24264.67,"Total Cost": 31413.78,"Plan Rows": 59708,"Plan Width": 40,"Actual Startup Time": 144.182,"Actual Total Time": 185.738,"Actual Rows": 120080,"Actual Loops": 1,"Workers Planned": 4,"Workers Launched": 4,"Plans": [{"Node Type": "Sort","Parent Relationship": "Outer","Parallel Aware": false,"Async Capable": false,"Startup Cost": 23264.61,"Total Cost": 23301.93,"Plan Rows": 14927,"Plan Width": 40,"Actual Startup Time": 124.618,"Actual Total Time": 127.656,"Actual Rows": 24016,"Actual Loops": 5,"Sort Key": ["part.p_brand", "part.p_type", "part.p_size"],"Sort Method": "quicksort","Sort Space Used": 2424,"Sort Space Type": "Memory","Workers": [{"Worker Number": 0,"Sort Method": "quicksort","Sort Space Used": 2812,"Sort Space Type": "Memory"},{"Worker Number": 1,"Sort Method": "quicksort","Sort Space Used": 2848,"Sort Space Type": "Memory"},{"Worker Number": 2,"Sort Method": "quicksort","Sort Space Used": 2823,"Sort Space Type": "Memory"},{"Worker Number": 3,"Sort Method": "quicksort","Sort Space Used": 2823,"Sort Space Type": "Memory"}],"Plans": [{"Node Type": "Hash Join","Parent Relationship": "Outer","Parallel Aware": true,"Async Capable": false,"Join Type": "Inner","Startup Cost": 6683.25,"Total Cost": 22229.75,"Plan Rows": 14927,"Plan Width": 40,"Actual Startup Time": 29.945,"Actual Total Time": 79.424,"Actual Rows": 24016,"Actual Loops": 5,"Inner Unique": true,"Hash Cond": "(partsupp.ps_partkey = part.p_partkey)","Workers": [],"Plans": [{"Node Type": "Index Only Scan","Parent Relationship": "Outer","Parallel Aware": true,"Async Capable": false,"Scan Direction": "Forward","Index Name": "partsupp_pkey","Relation Name": "partsupp","Alias": "partsupp","Startup Cost": 347.43,"Total Cost": 15631.43,"Plan Rows": 100000,"Plan Width": 8,"Actual Startup Time": 7.395,"Actual Total Time": 32.989,"Actual Rows": 159936,"Actual Loops": 5,"Filter": "(NOT (hashed SubPlan 1))","Rows Removed by Filter": 64,"Heap Fetches": 0,"Workers": [],"Plans": [{"Node Type": "Seq Scan","Parent Relationship": "SubPlan","Subplan Name": "SubPlan 1","Parallel Aware": false,"Async Capable": false,"Relation Name": "supplier","Alias": "supplier","Startup Cost": 0.00,"Total Cost": 347.00,"Plan Rows": 1,"Plan Width": 4,"Actual Startup Time": 0.135,"Actual Total Time": 7.252,"Actual Rows": 4,"Actual Loops": 5,"Filter": "((s_comment)::text ~~ '%Customer%Complaints%'::text)","Rows Removed by Filter": 9996,"Workers": []}]},{"Node Type": "Hash","Parent Relationship": "Inner","Parallel Aware": true,"Async Capable": false,"Startup Cost": 6180.33,"Total Cost": 6180.33,"Plan Rows": 12439,"Plan Width": 40,"Actual Startup Time": 22.254,"Actual Total Time": 22.258,"Actual Rows": 6006,"Actual Loops": 5,"Hash Buckets": 32768,"Original Hash Buckets": 32768,"Hash Batches": 1,"Original Hash Batches": 1,"Peak Memory Usage": 2592,"Workers": [],"Plans": [{"Node Type": "Seq Scan","Parent Relationship": "Outer","Parallel Aware": true,"Async Capable": false,"Relation Name": "part","Alias": "part","Startup Cost": 0.00,"Total Cost": 6180.33,"Plan Rows": 12439,"Plan Width": 40,"Actual Startup Time": 0.049,"Actual Total Time": 18.409,"Actual Rows": 6006,"Actual Loops": 5,"Filter": "((p_brand <> 'Brand#41'::bpchar) AND ((p_type)::text !~~ 'ECONOMY PLATED%'::text) AND (p_size = ANY ('{33,44,22,34,18,35,3,40}'::integer[])))","Rows Removed by Filter": 33994,"Workers": []}]}]}]}]}]}]},"Planning Time": 4.118,"Triggers": [],"Execution Time": 255.773}]
[{"Plan": {"Node Type": "Sort","Parallel Aware": false,"Async Capable": false,"Startup Cost": 33440.90,"Total Cost": 33481.24,"Plan Rows": 16136,"Plan Width": 44,"Actual Startup Time": 233.429,"Actual Total Time": 235.381,"Actual Rows": 18374,"Actual Loops": 1,"Sort Key": ["(count(DISTINCT partsupp.ps_suppkey)) DESC", "part.p_brand", "part.p_type", "part.p_size"],"Sort Method": "quicksort","Sort Space Used": 2347,"Sort Space Type": "Memory","Plans": [{"Node Type": "Aggregate","Strategy": "Sorted","Partial Mode": "Simple","Parent Relationship": "Outer","Parallel Aware": false,"Async Capable": false,"Startup Cost": 24284.94,"Total Cost": 32313.15,"Plan Rows": 16136,"Plan Width": 44,"Actual Startup Time": 129.871,"Actual Total Time": 195.886,"Actual Rows": 18374,"Actual Loops": 1,"Group Key": ["part.p_brand", "part.p_type", "part.p_size"],"Plans": [{"Node Type": "Gather Merge","Parent Relationship": "Outer","Parallel Aware": false,"Async Capable": false,"Startup Cost": 24284.94,"Total Cost": 31545.41,"Plan Rows": 60638,"Plan Width": 40,"Actual Startup Time": 129.806,"Actual Total Time": 168.392,"Actual Rows": 119390,"Actual Loops": 1,"Workers Planned": 4,"Workers Launched": 4,"Plans": [{"Node Type": "Sort","Parent Relationship": "Outer","Parallel Aware": false,"Async Capable": false,"Startup Cost": 23284.88,"Total Cost": 23322.78,"Plan Rows": 15160,"Plan Width": 40,"Actual Startup Time": 120.038,"Actual Total Time": 122.454,"Actual Rows": 23878,"Actual Loops": 5,"Sort Key": ["part.p_brand", "part.p_type", "part.p_size"],"Sort Method": "quicksort","Sort Space Used": 2655,"Sort Space Type": "Memory","Workers": [{"Worker Number": 0,"Sort Method": "quicksort","Sort Space Used": 2658,"Sort Space Type": "Memory"},{"Worker Number": 1,"Sort Method": "quicksort","Sort Space Used": 2852,"Sort Space Type": "Memory"},{"Worker Number": 2,"Sort Method": "quicksort","Sort Space Used": 2641,"Sort Space Type": "Memory"},{"Worker Number": 3,"Sort Method": "quicksort","Sort Space Used": 2850,"Sort Space Type": "Memory"}],"Plans": [{"Node Type": "Hash Join","Parent Relationship": "Outer","Parallel Aware": true,"Async Capable": false,"Join Type": "Inner","Startup Cost": 6685.67,"Total Cost": 22232.17,"Plan Rows": 15160,"Plan Width": 40,"Actual Startup Time": 28.709,"Actual Total Time": 78.472,"Actual Rows": 23878,"Actual Loops": 5,"Inner Unique": true,"Hash Cond": "(partsupp.ps_partkey = part.p_partkey)","Workers": [],"Plans": [{"Node Type": "Index Only Scan","Parent Relationship": "Outer","Parallel Aware": true,"Async Capable": false,"Scan Direction": "Forward","Index Name": "partsupp_pkey","Relation Name": "partsupp","Alias": "partsupp","Startup Cost": 347.43,"Total Cost": 15631.43,"Plan Rows": 100000,"Plan Width": 8,"Actual Startup Time": 6.840,"Actual Total Time": 32.458,"Actual Rows": 159936,"Actual Loops": 5,"Filter": "(NOT (hashed SubPlan 1))","Rows Removed by Filter": 64,"Heap Fetches": 0,"Workers": [],"Plans": [{"Node Type": "Seq Scan","Parent Relationship": "SubPlan","Subplan Name": "SubPlan 1","Parallel Aware": false,"Async Capable": false,"Relation Name": "supplier","Alias": "supplier","Startup Cost": 0.00,"Total Cost": 347.00,"Plan Rows": 1,"Plan Width": 4,"Actual Startup Time": 0.201,"Actual Total Time": 6.636,"Actual Rows": 4,"Actual Loops": 5,"Filter": "((s_comment)::text ~~ '%Customer%Complaints%'::text)","Rows Removed by Filter": 9996,"Workers": []}]},{"Node Type": "Hash","Parent Relationship": "Inner","Parallel Aware": true,"Async Capable": false,"Startup Cost": 6180.33,"Total Cost": 6180.33,"Plan Rows": 12633,"Plan Width": 40,"Actual Startup Time": 21.623,"Actual Total Time": 21.628,"Actual Rows": 5972,"Actual Loops": 5,"Hash Buckets": 32768,"Original Hash Buckets": 32768,"Hash Batches": 1,"Original Hash Batches": 1,"Peak Memory Usage": 2592,"Workers": [],"Plans": [{"Node Type": "Seq Scan","Parent Relationship": "Outer","Parallel Aware": true,"Async Capable": false,"Relation Name": "part","Alias": "part","Startup Cost": 0.00,"Total Cost": 6180.33,"Plan Rows": 12633,"Plan Width": 40,"Actual Startup Time": 0.051,"Actual Total Time": 18.261,"Actual Rows": 5972,"Actual Loops": 5,"Filter": "((p_brand <> 'Brand#15'::bpchar) AND ((p_type)::text !~~ 'STANDARD PLATED%'::text) AND (p_size = ANY ('{45,27,14,6,47,46,10,5}'::integer[])))","Rows Removed by Filter": 34028,"Workers": []}]}]}]}]}]}]},"Planning Time": 5.539,"Triggers": [],"Execution Time": 236.669}]
[{"Plan": {"Node Type": "Sort","Parallel Aware": false,"Async Capable": false,"Startup Cost": 33318.23,"Total Cost": 33358.35,"Plan Rows": 16048,"Plan Width": 44,"Actual Startup Time": 247.055,"Actual Total Time": 249.045,"Actual Rows": 18302,"Actual Loops": 1,"Sort Key": ["(count(DISTINCT partsupp.ps_suppkey)) DESC", "part.p_brand", "part.p_type", "part.p_size"],"Sort Method": "quicksort","Sort Space Used": 2341,"Sort Space Type": "Memory","Plans": [{"Node Type": "Aggregate","Strategy": "Sorted","Partial Mode": "Simple","Parent Relationship": "Outer","Parallel Aware": false,"Async Capable": false,"Startup Cost": 24268.41,"Total Cost": 32197.27,"Plan Rows": 16048,"Plan Width": 44,"Actual Startup Time": 140.780,"Actual Total Time": 209.600,"Actual Rows": 18302,"Actual Loops": 1,"Group Key": ["part.p_brand", "part.p_type", "part.p_size"],"Plans": [{"Node Type": "Gather Merge","Parent Relationship": "Outer","Parallel Aware": false,"Async Capable": false,"Startup Cost": 24268.41,"Total Cost": 31438.00,"Plan Rows": 59879,"Plan Width": 40,"Actual Startup Time": 140.720,"Actual Total Time": 180.832,"Actual Rows": 119503,"Actual Loops": 1,"Workers Planned": 4,"Workers Launched": 4,"Plans": [{"Node Type": "Sort","Parent Relationship": "Outer","Parallel Aware": false,"Async Capable": false,"Startup Cost": 23268.35,"Total Cost": 23305.78,"Plan Rows": 14970,"Plan Width": 40,"Actual Startup Time": 123.618,"Actual Total Time": 126.156,"Actual Rows": 23901,"Actual Loops": 5,"Sort Key": ["part.p_brand", "part.p_type", "part.p_size"],"Sort Method": "quicksort","Sort Space Used": 2421,"Sort Space Type": "Memory","Workers": [{"Worker Number": 0,"Sort Method": "quicksort","Sort Space Used": 2833,"Sort Space Type": "Memory"},{"Worker Number": 1,"Sort Method": "quicksort","Sort Space Used": 2826,"Sort Space Type": "Memory"},{"Worker Number": 2,"Sort Method": "quicksort","Sort Space Used": 2802,"Sort Space Type": "Memory"},{"Worker Number": 3,"Sort Method": "quicksort","Sort Space Used": 2813,"Sort Space Type": "Memory"}],"Plans": [{"Node Type": "Hash Join","Parent Relationship": "Outer","Parallel Aware": true,"Async Capable": false,"Join Type": "Inner","Startup Cost": 6683.70,"Total Cost": 22230.20,"Plan Rows": 14970,"Plan Width": 40,"Actual Startup Time": 30.573,"Actual Total Time": 79.691,"Actual Rows": 23901,"Actual Loops": 5,"Inner Unique": true,"Hash Cond": "(partsupp.ps_partkey = part.p_partkey)","Workers": [],"Plans": [{"Node Type": "Index Only Scan","Parent Relationship": "Outer","Parallel Aware": true,"Async Capable": false,"Scan Direction": "Forward","Index Name": "partsupp_pkey","Relation Name": "partsupp","Alias": "partsupp","Startup Cost": 347.43,"Total Cost": 15631.43,"Plan Rows": 100000,"Plan Width": 8,"Actual Startup Time": 7.180,"Actual Total Time": 32.606,"Actual Rows": 159936,"Actual Loops": 5,"Filter": "(NOT (hashed SubPlan 1))","Rows Removed by Filter": 64,"Heap Fetches": 0,"Workers": [],"Plans": [{"Node Type": "Seq Scan","Parent Relationship": "SubPlan","Subplan Name": "SubPlan 1","Parallel Aware": false,"Async Capable": false,"Relation Name": "supplier","Alias": "supplier","Startup Cost": 0.00,"Total Cost": 347.00,"Plan Rows": 1,"Plan Width": 4,"Actual Startup Time": 0.217,"Actual Total Time": 7.004,"Actual Rows": 4,"Actual Loops": 5,"Filter": "((s_comment)::text ~~ '%Customer%Complaints%'::text)","Rows Removed by Filter": 9996,"Workers": []}]},{"Node Type": "Hash","Parent Relationship": "Inner","Parallel Aware": true,"Async Capable": false,"Startup Cost": 6180.33,"Total Cost": 6180.33,"Plan Rows": 12475,"Plan Width": 40,"Actual Startup Time": 23.144,"Actual Total Time": 23.148,"Actual Rows": 5977,"Actual Loops": 5,"Hash Buckets": 32768,"Original Hash Buckets": 32768,"Hash Batches": 1,"Original Hash Batches": 1,"Peak Memory Usage": 2624,"Workers": [],"Plans": [{"Node Type": "Seq Scan","Parent Relationship": "Outer","Parallel Aware": true,"Async Capable": false,"Relation Name": "part","Alias": "part","Startup Cost": 0.00,"Total Cost": 6180.33,"Plan Rows": 12475,"Plan Width": 40,"Actual Startup Time": 0.055,"Actual Total Time": 19.154,"Actual Rows": 5977,"Actual Loops": 5,"Filter": "((p_brand <> 'Brand#53'::bpchar) AND ((p_type)::text !~~ 'PROMO PLATED%'::text) AND (p_size = ANY ('{9,16,4,15,32,18,41,44}'::integer[])))","Rows Removed by Filter": 34023,"Workers": []}]}]}]}]}]}]},"Planning Time": 5.480,"Triggers": [],"Execution Time": 249.905}]
[{"Plan": {"Node Type": "Sort","Parallel Aware": false,"Async Capable": false,"Startup Cost": 33155.54,"Total Cost": 33195.37,"Plan Rows": 15930,"Plan Width": 44,"Actual Startup Time": 239.692,"Actual Total Time": 241.492,"Actual Rows": 18124,"Actual Loops": 1,"Sort Key": ["(count(DISTINCT partsupp.ps_suppkey)) DESC", "part.p_brand", "part.p_type", "part.p_size"],"Sort Method": "quicksort","Sort Space Used": 2326,"Sort Space Type": "Memory","Plans": [{"Node Type": "Aggregate","Strategy": "Sorted","Partial Mode": "Simple","Parent Relationship": "Outer","Parallel Aware": false,"Async Capable": false,"Startup Cost": 24246.51,"Total Cost": 32043.67,"Plan Rows": 15930,"Plan Width": 44,"Actual Startup Time": 134.612,"Actual Total Time": 202.135,"Actual Rows": 18124,"Actual Loops": 1,"Group Key": ["part.p_brand", "part.p_type", "part.p_size"],"Plans": [{"Node Type": "Gather Merge","Parent Relationship": "Outer","Parallel Aware": false,"Async Capable": false,"Startup Cost": 24246.51,"Total Cost": 31295.64,"Plan Rows": 58873,"Plan Width": 40,"Actual Startup Time": 134.560,"Actual Total Time": 173.847,"Actual Rows": 117838,"Actual Loops": 1,"Workers Planned": 4,"Workers Launched": 4,"Plans": [{"Node Type": "Sort","Parent Relationship": "Outer","Parallel Aware": false,"Async Capable": false,"Startup Cost": 23246.45,"Total Cost": 23283.24,"Plan Rows": 14718,"Plan Width": 40,"Actual Startup Time": 123.150,"Actual Total Time": 125.325,"Actual Rows": 23568,"Actual Loops": 5,"Sort Key": ["part.p_brand", "part.p_type", "part.p_size"],"Sort Method": "quicksort","Sort Space Used": 2439,"Sort Space Type": "Memory","Workers": [{"Worker Number": 0,"Sort Method": "quicksort","Sort Space Used": 2885,"Sort Space Type": "Memory"},{"Worker Number": 1,"Sort Method": "quicksort","Sort Space Used": 2462,"Sort Space Type": "Memory"},{"Worker Number": 2,"Sort Method": "quicksort","Sort Space Used": 2863,"Sort Space Type": "Memory"},{"Worker Number": 3,"Sort Method": "quicksort","Sort Space Used": 2904,"Sort Space Type": "Memory"}],"Plans": [{"Node Type": "Hash Join","Parent Relationship": "Outer","Parallel Aware": true,"Async Capable": false,"Join Type": "Inner","Startup Cost": 6681.07,"Total Cost": 22227.57,"Plan Rows": 14718,"Plan Width": 40,"Actual Startup Time": 31.531,"Actual Total Time": 81.889,"Actual Rows": 23568,"Actual Loops": 5,"Inner Unique": true,"Hash Cond": "(partsupp.ps_partkey = part.p_partkey)","Workers": [],"Plans": [{"Node Type": "Index Only Scan","Parent Relationship": "Outer","Parallel Aware": true,"Async Capable": false,"Scan Direction": "Forward","Index Name": "partsupp_pkey","Relation Name": "partsupp","Alias": "partsupp","Startup Cost": 347.43,"Total Cost": 15631.43,"Plan Rows": 100000,"Plan Width": 8,"Actual Startup Time": 9.167,"Actual Total Time": 35.184,"Actual Rows": 159936,"Actual Loops": 5,"Filter": "(NOT (hashed SubPlan 1))","Rows Removed by Filter": 64,"Heap Fetches": 0,"Workers": [],"Plans": [{"Node Type": "Seq Scan","Parent Relationship": "SubPlan","Subplan Name": "SubPlan 1","Parallel Aware": false,"Async Capable": false,"Relation Name": "supplier","Alias": "supplier","Startup Cost": 0.00,"Total Cost": 347.00,"Plan Rows": 1,"Plan Width": 4,"Actual Startup Time": 0.241,"Actual Total Time": 9.024,"Actual Rows": 4,"Actual Loops": 5,"Filter": "((s_comment)::text ~~ '%Customer%Complaints%'::text)","Rows Removed by Filter": 9996,"Workers": []}]},{"Node Type": "Hash","Parent Relationship": "Inner","Parallel Aware": true,"Async Capable": false,"Startup Cost": 6180.33,"Total Cost": 6180.33,"Plan Rows": 12265,"Plan Width": 40,"Actual Startup Time": 22.072,"Actual Total Time": 22.077,"Actual Rows": 5895,"Actual Loops": 5,"Hash Buckets": 32768,"Original Hash Buckets": 32768,"Hash Batches": 1,"Original Hash Batches": 1,"Peak Memory Usage": 2528,"Workers": [],"Plans": [{"Node Type": "Seq Scan","Parent Relationship": "Outer","Parallel Aware": true,"Async Capable": false,"Relation Name": "part","Alias": "part","Startup Cost": 0.00,"Total Cost": 6180.33,"Plan Rows": 12265,"Plan Width": 40,"Actual Startup Time": 0.053,"Actual Total Time": 18.676,"Actual Rows": 5895,"Actual Loops": 5,"Filter": "((p_brand <> 'Brand#25'::bpchar) AND ((p_type)::text !~~ 'LARGE PLATED%'::text) AND (p_size = ANY ('{10,45,23,18,28,36,31,33}'::integer[])))","Rows Removed by Filter": 34105,"Workers": []}]}]}]}]}]}]},"Planning Time": 3.986,"Triggers": [],"Execution Time": 242.973}]
[{"Plan": {"Node Type": "Sort","Parallel Aware": false,"Async Capable": false,"Startup Cost": 33394.52,"Total Cost": 33434.78,"Plan Rows": 16103,"Plan Width": 44,"Actual Startup Time": 251.599,"Actual Total Time": 253.495,"Actual Rows": 18314,"Actual Loops": 1,"Sort Key": ["(count(DISTINCT partsupp.ps_suppkey)) DESC", "part.p_brand", "part.p_type", "part.p_size"],"Sort Method": "quicksort","Sort Space Used": 2341,"Sort Space Type": "Memory","Plans": [{"Node Type": "Aggregate","Strategy": "Sorted","Partial Mode": "Simple","Parent Relationship": "Outer","Parallel Aware": false,"Async Capable": false,"Startup Cost": 24278.67,"Total Cost": 32269.32,"Plan Rows": 16103,"Plan Width": 44,"Actual Startup Time": 142.414,"Actual Total Time": 214.381,"Actual Rows": 18314,"Actual Loops": 1,"Group Key": ["part.p_brand", "part.p_type", "part.p_size"],"Plans": [{"Node Type": "Gather Merge","Parent Relationship": "Outer","Parallel Aware": false,"Async Capable": false,"Startup Cost": 24278.67,"Total Cost": 31504.78,"Plan Rows": 60351,"Plan Width": 40,"Actual Startup Time": 142.358,"Actual Total Time": 184.197,"Actual Rows": 120571,"Actual Loops": 1,"Workers Planned": 4,"Workers Launched": 4,"Plans": [{"Node Type": "Sort","Parent Relationship": "Outer","Parallel Aware": false,"Async Capable": false,"Startup Cost": 23278.61,"Total Cost": 23316.33,"Plan Rows": 15088,"Plan Width": 40,"Actual Startup Time": 122.601,"Actual Total Time": 125.303,"Actual Rows": 24114,"Actual Loops": 5,"Sort Key": ["part.p_brand", "part.p_type", "part.p_size"],"Sort Method": "quicksort","Sort Space Used": 2408,"Sort Space Type": "Memory","Workers": [{"Worker Number": 0,"Sort Method": "quicksort","Sort Space Used": 2827,"Sort Space Type": "Memory"},{"Worker Number": 1,"Sort Method": "quicksort","Sort Space Used": 2845,"Sort Space Type": "Memory"},{"Worker Number": 2,"Sort Method": "quicksort","Sort Space Used": 2804,"Sort Space Type": "Memory"},{"Worker Number": 3,"Sort Method": "quicksort","Sort Space Used": 2872,"Sort Space Type": "Memory"}],"Plans": [{"Node Type": "Hash Join","Parent Relationship": "Outer","Parallel Aware": true,"Async Capable": false,"Join Type": "Inner","Startup Cost": 6684.92,"Total Cost": 22231.42,"Plan Rows": 15088,"Plan Width": 40,"Actual Startup Time": 28.898,"Actual Total Time": 78.056,"Actual Rows": 24114,"Actual Loops": 5,"Inner Unique": true,"Hash Cond": "(partsupp.ps_partkey = part.p_partkey)","Workers": [],"Plans": [{"Node Type": "Index Only Scan","Parent Relationship": "Outer","Parallel Aware": true,"Async Capable": false,"Scan Direction": "Forward","Index Name": "partsupp_pkey","Relation Name": "partsupp","Alias": "partsupp","Startup Cost": 347.43,"Total Cost": 15631.43,"Plan Rows": 100000,"Plan Width": 8,"Actual Startup Time": 6.904,"Actual Total Time": 32.349,"Actual Rows": 159936,"Actual Loops": 5,"Filter": "(NOT (hashed SubPlan 1))","Rows Removed by Filter": 64,"Heap Fetches": 0,"Workers": [],"Plans": [{"Node Type": "Seq Scan","Parent Relationship": "SubPlan","Subplan Name": "SubPlan 1","Parallel Aware": false,"Async Capable": false,"Relation Name": "supplier","Alias": "supplier","Startup Cost": 0.00,"Total Cost": 347.00,"Plan Rows": 1,"Plan Width": 4,"Actual Startup Time": 0.139,"Actual Total Time": 6.757,"Actual Rows": 4,"Actual Loops": 5,"Filter": "((s_comment)::text ~~ '%Customer%Complaints%'::text)","Rows Removed by Filter": 9996,"Workers": []}]},{"Node Type": "Hash","Parent Relationship": "Inner","Parallel Aware": true,"Async Capable": false,"Startup Cost": 6180.33,"Total Cost": 6180.33,"Plan Rows": 12573,"Plan Width": 40,"Actual Startup Time": 21.744,"Actual Total Time": 21.749,"Actual Rows": 6031,"Actual Loops": 5,"Hash Buckets": 32768,"Original Hash Buckets": 32768,"Hash Batches": 1,"Original Hash Batches": 1,"Peak Memory Usage": 2592,"Workers": [],"Plans": [{"Node Type": "Seq Scan","Parent Relationship": "Outer","Parallel Aware": true,"Async Capable": false,"Relation Name": "part","Alias": "part","Startup Cost": 0.00,"Total Cost": 6180.33,"Plan Rows": 12573,"Plan Width": 40,"Actual Startup Time": 0.058,"Actual Total Time": 17.975,"Actual Rows": 6031,"Actual Loops": 5,"Filter": "((p_brand <> 'Brand#51'::bpchar) AND ((p_type)::text !~~ 'STANDARD PLATED%'::text) AND (p_size = ANY ('{13,35,30,2,22,41,37,7}'::integer[])))","Rows Removed by Filter": 33969,"Workers": []}]}]}]}]}]}]},"Planning Time": 3.884,"Triggers": [],"Execution Time": 254.401}]
[{"Plan": {"Node Type": "Sort","Parallel Aware": false,"Async Capable": false,"Startup Cost": 33026.87,"Total Cost": 33066.45,"Plan Rows": 15834,"Plan Width": 44,"Actual Startup Time": 234.841,"Actual Total Time": 236.696,"Actual Rows": 18172,"Actual Loops": 1,"Sort Key": ["(count(DISTINCT partsupp.ps_suppkey)) DESC", "part.p_brand", "part.p_type", "part.p_size"],"Sort Method": "quicksort","Sort Space Used": 2327,"Sort Space Type": "Memory","Plans": [{"Node Type": "Aggregate","Strategy": "Sorted","Partial Mode": "Simple","Parent Relationship": "Outer","Parallel Aware": false,"Async Capable": false,"Startup Cost": 24229.32,"Total Cost": 31922.39,"Plan Rows": 15834,"Plan Width": 44,"Actual Startup Time": 131.388,"Actual Total Time": 196.497,"Actual Rows": 18172,"Actual Loops": 1,"Group Key": ["part.p_brand", "part.p_type", "part.p_size"],"Plans": [{"Node Type": "Gather Merge","Parent Relationship": "Outer","Parallel Aware": false,"Async Capable": false,"Startup Cost": 24229.32,"Total Cost": 31183.27,"Plan Rows": 58078,"Plan Width": 40,"Actual Startup Time": 131.312,"Actual Total Time": 169.370,"Actual Rows": 117542,"Actual Loops": 1,"Workers Planned": 4,"Workers Launched": 4,"Plans": [{"Node Type": "Sort","Parent Relationship": "Outer","Parallel Aware": false,"Async Capable": false,"Startup Cost": 23229.26,"Total Cost": 23265.56,"Plan Rows": 14520,"Plan Width": 40,"Actual Startup Time": 122.878,"Actual Total Time": 125.370,"Actual Rows": 23508,"Actual Loops": 5,"Sort Key": ["part.p_brand", "part.p_type", "part.p_size"],"Sort Method": "quicksort","Sort Space Used": 2669,"Sort Space Type": "Memory","Workers": [{"Worker Number": 0,"Sort Method": "quicksort","Sort Space Used": 2634,"Sort Space Type": "Memory"},{"Worker Number": 1,"Sort Method": "quicksort","Sort Space Used": 2751,"Sort Space Type": "Memory"},{"Worker Number": 2,"Sort Method": "quicksort","Sort Space Used": 2725,"Sort Space Type": "Memory"},{"Worker Number": 3,"Sort Method": "quicksort","Sort Space Used": 2718,"Sort Space Type": "Memory"}],"Plans": [{"Node Type": "Hash Join","Parent Relationship": "Outer","Parallel Aware": true,"Async Capable": false,"Join Type": "Inner","Startup Cost": 6679.01,"Total Cost": 22225.51,"Plan Rows": 14520,"Plan Width": 40,"Actual Startup Time": 31.063,"Actual Total Time": 81.805,"Actual Rows": 23508,"Actual Loops": 5,"Inner Unique": true,"Hash Cond": "(partsupp.ps_partkey = part.p_partkey)","Workers": [],"Plans": [{"Node Type": "Index Only Scan","Parent Relationship": "Outer","Parallel Aware": true,"Async Capable": false,"Scan Direction": "Forward","Index Name": "partsupp_pkey","Relation Name": "partsupp","Alias": "partsupp","Startup Cost": 347.43,"Total Cost": 15631.43,"Plan Rows": 100000,"Plan Width": 8,"Actual Startup Time": 7.225,"Actual Total Time": 32.633,"Actual Rows": 159936,"Actual Loops": 5,"Filter": "(NOT (hashed SubPlan 1))","Rows Removed by Filter": 64,"Heap Fetches": 0,"Workers": [],"Plans": [{"Node Type": "Seq Scan","Parent Relationship": "SubPlan","Subplan Name": "SubPlan 1","Parallel Aware": false,"Async Capable": false,"Relation Name": "supplier","Alias": "supplier","Startup Cost": 0.00,"Total Cost": 347.00,"Plan Rows": 1,"Plan Width": 4,"Actual Startup Time": 0.140,"Actual Total Time": 7.067,"Actual Rows": 4,"Actual Loops": 5,"Filter": "((s_comment)::text ~~ '%Customer%Complaints%'::text)","Rows Removed by Filter": 9996,"Workers": []}]},{"Node Type": "Hash","Parent Relationship": "Inner","Parallel Aware": true,"Async Capable": false,"Startup Cost": 6180.33,"Total Cost": 6180.33,"Plan Rows": 12100,"Plan Width": 40,"Actual Startup Time": 23.587,"Actual Total Time": 23.592,"Actual Rows": 5880,"Actual Loops": 5,"Hash Buckets": 32768,"Original Hash Buckets": 32768,"Hash Batches": 1,"Original Hash Batches": 1,"Peak Memory Usage": 2496,"Workers": [],"Plans": [{"Node Type": "Seq Scan","Parent Relationship": "Outer","Parallel Aware": true,"Async Capable": false,"Relation Name": "part","Alias": "part","Startup Cost": 0.00,"Total Cost": 6180.33,"Plan Rows": 12100,"Plan Width": 40,"Actual Startup Time": 0.050,"Actual Total Time": 19.473,"Actual Rows": 5880,"Actual Loops": 5,"Filter": "((p_brand <> 'Brand#11'::bpchar) AND ((p_type)::text !~~ 'STANDARD BURNISHED%'::text) AND (p_size = ANY ('{43,50,39,21,36,7,28,37}'::integer[])))","Rows Removed by Filter": 34120,"Workers": []}]}]}]}]}]}]},"Planning Time": 4.093,"Triggers": [],"Execution Time": 237.618}]
[{"Plan": {"Node Type": "Sort","Parallel Aware": false,"Async Capable": false,"Startup Cost": 33599.70,"Total Cost": 33640.32,"Plan Rows": 16246,"Plan Width": 44,"Actual Startup Time": 236.718,"Actual Total Time": 238.380,"Actual Rows": 18205,"Actual Loops": 1,"Sort Key": ["(count(DISTINCT partsupp.ps_suppkey)) DESC", "part.p_brand", "part.p_type", "part.p_size"],"Sort Method": "quicksort","Sort Space Used": 2332,"Sort Space Type": "Memory","Plans": [{"Node Type": "Aggregate","Strategy": "Sorted","Partial Mode": "Simple","Parent Relationship": "Outer","Parallel Aware": false,"Async Capable": false,"Startup Cost": 24306.37,"Total Cost": 32463.47,"Plan Rows": 16246,"Plan Width": 44,"Actual Startup Time": 132.175,"Actual Total Time": 197.826,"Actual Rows": 18205,"Actual Loops": 1,"Group Key": ["part.p_brand", "part.p_type", "part.p_size"],"Plans": [{"Node Type": "Gather Merge","Parent Relationship": "Outer","Parallel Aware": false,"Async Capable": false,"Startup Cost": 24306.37,"Total Cost": 31684.78,"Plan Rows": 61623,"Plan Width": 40,"Actual Startup Time": 132.125,"Actual Total Time": 170.451,"Actual Rows": 118267,"Actual Loops": 1,"Workers Planned": 4,"Workers Launched": 4,"Plans": [{"Node Type": "Sort","Parent Relationship": "Outer","Parallel Aware": false,"Async Capable": false,"Startup Cost": 23306.32,"Total Cost": 23344.83,"Plan Rows": 15406,"Plan Width": 40,"Actual Startup Time": 122.910,"Actual Total Time": 125.464,"Actual Rows": 23653,"Actual Loops": 5,"Sort Key": ["part.p_brand", "part.p_type", "part.p_size"],"Sort Method": "quicksort","Sort Space Used": 2735,"Sort Space Type": "Memory","Workers": [{"Worker Number": 0,"Sort Method": "quicksort","Sort Space Used": 2727,"Sort Space Type": "Memory"},{"Worker Number": 1,"Sort Method": "quicksort","Sort Space Used": 2753,"Sort Space Type": "Memory"},{"Worker Number": 2,"Sort Method": "quicksort","Sort Space Used": 2666,"Sort Space Type": "Memory"},{"Worker Number": 3,"Sort Method": "quicksort","Sort Space Used": 2707,"Sort Space Type": "Memory"}],"Plans": [{"Node Type": "Hash Join","Parent Relationship": "Outer","Parallel Aware": true,"Async Capable": false,"Join Type": "Inner","Startup Cost": 6688.24,"Total Cost": 22234.74,"Plan Rows": 15406,"Plan Width": 40,"Actual Startup Time": 30.932,"Actual Total Time": 81.273,"Actual Rows": 23653,"Actual Loops": 5,"Inner Unique": true,"Hash Cond": "(partsupp.ps_partkey = part.p_partkey)","Workers": [],"Plans": [{"Node Type": "Index Only Scan","Parent Relationship": "Outer","Parallel Aware": true,"Async Capable": false,"Scan Direction": "Forward","Index Name": "partsupp_pkey","Relation Name": "partsupp","Alias": "partsupp","Startup Cost": 347.43,"Total Cost": 15631.43,"Plan Rows": 100000,"Plan Width": 8,"Actual Startup Time": 7.347,"Actual Total Time": 32.339,"Actual Rows": 159936,"Actual Loops": 5,"Filter": "(NOT (hashed SubPlan 1))","Rows Removed by Filter": 64,"Heap Fetches": 0,"Workers": [],"Plans": [{"Node Type": "Seq Scan","Parent Relationship": "SubPlan","Subplan Name": "SubPlan 1","Parallel Aware": false,"Async Capable": false,"Relation Name": "supplier","Alias": "supplier","Startup Cost": 0.00,"Total Cost": 347.00,"Plan Rows": 1,"Plan Width": 4,"Actual Startup Time": 0.180,"Actual Total Time": 7.213,"Actual Rows": 4,"Actual Loops": 5,"Filter": "((s_comment)::text ~~ '%Customer%Complaints%'::text)","Rows Removed by Filter": 9996,"Workers": []}]},{"Node Type": "Hash","Parent Relationship": "Inner","Parallel Aware": true,"Async Capable": false,"Startup Cost": 6180.33,"Total Cost": 6180.33,"Plan Rows": 12838,"Plan Width": 40,"Actual Startup Time": 23.309,"Actual Total Time": 23.311,"Actual Rows": 5916,"Actual Loops": 5,"Hash Buckets": 32768,"Original Hash Buckets": 32768,"Hash Batches": 1,"Original Hash Batches": 1,"Peak Memory Usage": 2528,"Workers": [],"Plans": [{"Node Type": "Seq Scan","Parent Relationship": "Outer","Parallel Aware": true,"Async Capable": false,"Relation Name": "part","Alias": "part","Startup Cost": 0.00,"Total Cost": 6180.33,"Plan Rows": 12838,"Plan Width": 40,"Actual Startup Time": 0.062,"Actual Total Time": 19.227,"Actual Rows": 5916,"Actual Loops": 5,"Filter": "((p_brand <> 'Brand#35'::bpchar) AND ((p_type)::text !~~ 'SMALL BRUSHED%'::text) AND (p_size = ANY ('{34,49,2,30,29,28,15,43}'::integer[])))","Rows Removed by Filter": 34084,"Workers": []}]}]}]}]}]}]},"Planning Time": 4.464,"Triggers": [],"Execution Time": 239.326}]
[{"Plan": {"Node Type": "Sort","Parallel Aware": false,"Async Capable": false,"Startup Cost": 33137.46,"Total Cost": 33177.25,"Plan Rows": 15917,"Plan Width": 44,"Actual Startup Time": 236.865,"Actual Total Time": 238.479,"Actual Rows": 18186,"Actual Loops": 1,"Sort Key": ["(count(DISTINCT partsupp.ps_suppkey)) DESC", "part.p_brand", "part.p_type", "part.p_size"],"Sort Method": "quicksort","Sort Space Used": 2329,"Sort Space Type": "Memory","Plans": [{"Node Type": "Aggregate","Strategy": "Sorted","Partial Mode": "Simple","Parent Relationship": "Outer","Parallel Aware": false,"Async Capable": false,"Startup Cost": 24244.08,"Total Cost": 32026.59,"Plan Rows": 15917,"Plan Width": 44,"Actual Startup Time": 134.587,"Actual Total Time": 200.231,"Actual Rows": 18186,"Actual Loops": 1,"Group Key": ["part.p_brand", "part.p_type", "part.p_size"],"Plans": [{"Node Type": "Gather Merge","Parent Relationship": "Outer","Parallel Aware": false,"Async Capable": false,"Startup Cost": 24244.08,"Total Cost": 31279.81,"Plan Rows": 58761,"Plan Width": 40,"Actual Startup Time": 134.538,"Actual Total Time": 172.941,"Actual Rows": 118354,"Actual Loops": 1,"Workers Planned": 4,"Workers Launched": 4,"Plans": [{"Node Type": "Sort","Parent Relationship": "Outer","Parallel Aware": false,"Async Capable": false,"Startup Cost": 23244.02,"Total Cost": 23280.75,"Plan Rows": 14690,"Plan Width": 40,"Actual Startup Time": 122.814,"Actual Total Time": 125.352,"Actual Rows": 23671,"Actual Loops": 5,"Sort Key": ["part.p_brand", "part.p_type", "part.p_size"],"Sort Method": "quicksort","Sort Space Used": 2460,"Sort Space Type": "Memory","Workers": [{"Worker Number": 0,"Sort Method": "quicksort","Sort Space Used": 2873,"Sort Space Type": "Memory"},{"Worker Number": 1,"Sort Method": "quicksort","Sort Space Used": 2398,"Sort Space Type": "Memory"},{"Worker Number": 2,"Sort Method": "quicksort","Sort Space Used": 2907,"Sort Space Type": "Memory"},{"Worker Number": 3,"Sort Method": "quicksort","Sort Space Used": 2928,"Sort Space Type": "Memory"}],"Plans": [{"Node Type": "Hash Join","Parent Relationship": "Outer","Parallel Aware": true,"Async Capable": false,"Join Type": "Inner","Startup Cost": 6680.79,"Total Cost": 22227.29,"Plan Rows": 14690,"Plan Width": 40,"Actual Startup Time": 31.336,"Actual Total Time": 81.242,"Actual Rows": 23671,"Actual Loops": 5,"Inner Unique": true,"Hash Cond": "(partsupp.ps_partkey = part.p_partkey)","Workers": [],"Plans": [{"Node Type": "Index Only Scan","Parent Relationship": "Outer","Parallel Aware": true,"Async Capable": false,"Scan Direction": "Forward","Index Name": "partsupp_pkey","Relation Name": "partsupp","Alias": "partsupp","Startup Cost": 347.43,"Total Cost": 15631.43,"Plan Rows": 100000,"Plan Width": 8,"Actual Startup Time": 7.235,"Actual Total Time": 32.491,"Actual Rows": 159936,"Actual Loops": 5,"Filter": "(NOT (hashed SubPlan 1))","Rows Removed by Filter": 64,"Heap Fetches": 0,"Workers": [],"Plans": [{"Node Type": "Seq Scan","Parent Relationship": "SubPlan","Subplan Name": "SubPlan 1","Parallel Aware": false,"Async Capable": false,"Relation Name": "supplier","Alias": "supplier","Startup Cost": 0.00,"Total Cost": 347.00,"Plan Rows": 1,"Plan Width": 4,"Actual Startup Time": 0.224,"Actual Total Time": 7.111,"Actual Rows": 4,"Actual Loops": 5,"Filter": "((s_comment)::text ~~ '%Customer%Complaints%'::text)","Rows Removed by Filter": 9996,"Workers": []}]},{"Node Type": "Hash","Parent Relationship": "Inner","Parallel Aware": true,"Async Capable": false,"Startup Cost": 6180.33,"Total Cost": 6180.33,"Plan Rows": 12242,"Plan Width": 40,"Actual Startup Time": 23.872,"Actual Total Time": 23.875,"Actual Rows": 5920,"Actual Loops": 5,"Hash Buckets": 32768,"Original Hash Buckets": 32768,"Hash Batches": 1,"Original Hash Batches": 1,"Peak Memory Usage": 2528,"Workers": [],"Plans": [{"Node Type": "Seq Scan","Parent Relationship": "Outer","Parallel Aware": true,"Async Capable": false,"Relation Name": "part","Alias": "part","Startup Cost": 0.00,"Total Cost": 6180.33,"Plan Rows": 12242,"Plan Width": 40,"Actual Startup Time": 0.049,"Actual Total Time": 19.961,"Actual Rows": 5920,"Actual Loops": 5,"Filter": "((p_brand <> 'Brand#31'::bpchar) AND ((p_type)::text !~~ 'STANDARD BURNISHED%'::text) AND (p_size = ANY ('{42,13,50,5,49,18,23,1}'::integer[])))","Rows Removed by Filter": 34080,"Workers": []}]}]}]}]}]}]},"Planning Time": 4.991,"Triggers": [],"Execution Time": 239.330}]
[{"Plan": {"Node Type": "Sort","Parallel Aware": false,"Async Capable": false,"Startup Cost": 33247.54,"Total Cost": 33287.53,"Plan Rows": 15997,"Plan Width": 44,"Actual Startup Time": 233.949,"Actual Total Time": 235.546,"Actual Rows": 18358,"Actual Loops": 1,"Sort Key": ["(count(DISTINCT partsupp.ps_suppkey)) DESC", "part.p_brand", "part.p_type", "part.p_size"],"Sort Method": "quicksort","Sort Space Used": 2346,"Sort Space Type": "Memory","Plans": [{"Node Type": "Aggregate","Strategy": "Sorted","Partial Mode": "Simple","Parent Relationship": "Outer","Parallel Aware": false,"Async Capable": false,"Startup Cost": 24258.85,"Total Cost": 32130.51,"Plan Rows": 15997,"Plan Width": 44,"Actual Startup Time": 131.151,"Actual Total Time": 196.567,"Actual Rows": 18358,"Actual Loops": 1,"Group Key": ["part.p_brand", "part.p_type", "part.p_size"],"Plans": [{"Node Type": "Gather Merge","Parent Relationship": "Outer","Parallel Aware": false,"Async Capable": false,"Startup Cost": 24258.85,"Total Cost": 31376.12,"Plan Rows": 59442,"Plan Width": 40,"Actual Startup Time": 131.057,"Actual Total Time": 168.946,"Actual Rows": 119006,"Actual Loops": 1,"Workers Planned": 4,"Workers Launched": 4,"Plans": [{"Node Type": "Sort","Parent Relationship": "Outer","Parallel Aware": false,"Async Capable": false,"Startup Cost": 23258.80,"Total Cost": 23295.95,"Plan Rows": 14860,"Plan Width": 40,"Actual Startup Time": 121.202,"Actual Total Time": 123.632,"Actual Rows": 23801,"Actual Loops": 5,"Sort Key": ["part.p_brand", "part.p_type", "part.p_size"],"Sort Method": "quicksort","Sort Space Used": 2641,"Sort Space Type": "Memory","Workers": [{"Worker Number": 0,"Sort Method": "quicksort","Sort Space Used": 2660,"Sort Space Type": "Memory"},{"Worker Number": 1,"Sort Method": "quicksort","Sort Space Used": 2831,"Sort Space Type": "Memory"},{"Worker Number": 2,"Sort Method": "quicksort","Sort Space Used": 2682,"Sort Space Type": "Memory"},{"Worker Number": 3,"Sort Method": "quicksort","Sort Space Used": 2833,"Sort Space Type": "Memory"}],"Plans": [{"Node Type": "Hash Join","Parent Relationship": "Outer","Parallel Aware": true,"Async Capable": false,"Join Type": "Inner","Startup Cost": 6682.56,"Total Cost": 22229.06,"Plan Rows": 14860,"Plan Width": 40,"Actual Startup Time": 31.477,"Actual Total Time": 79.564,"Actual Rows": 23801,"Actual Loops": 5,"Inner Unique": true,"Hash Cond": "(partsupp.ps_partkey = part.p_partkey)","Workers": [],"Plans": [{"Node Type": "Index Only Scan","Parent Relationship": "Outer","Parallel Aware": true,"Async Capable": false,"Scan Direction": "Forward","Index Name": "partsupp_pkey","Relation Name": "partsupp","Alias": "partsupp","Startup Cost": 347.43,"Total Cost": 15631.43,"Plan Rows": 100000,"Plan Width": 8,"Actual Startup Time": 7.913,"Actual Total Time": 32.556,"Actual Rows": 159936,"Actual Loops": 5,"Filter": "(NOT (hashed SubPlan 1))","Rows Removed by Filter": 64,"Heap Fetches": 0,"Workers": [],"Plans": [{"Node Type": "Seq Scan","Parent Relationship": "SubPlan","Subplan Name": "SubPlan 1","Parallel Aware": false,"Async Capable": false,"Relation Name": "supplier","Alias": "supplier","Startup Cost": 0.00,"Total Cost": 347.00,"Plan Rows": 1,"Plan Width": 4,"Actual Startup Time": 0.202,"Actual Total Time": 7.748,"Actual Rows": 4,"Actual Loops": 5,"Filter": "((s_comment)::text ~~ '%Customer%Complaints%'::text)","Rows Removed by Filter": 9996,"Workers": []}]},{"Node Type": "Hash","Parent Relationship": "Inner","Parallel Aware": true,"Async Capable": false,"Startup Cost": 6180.33,"Total Cost": 6180.33,"Plan Rows": 12384,"Plan Width": 40,"Actual Startup Time": 23.291,"Actual Total Time": 23.293,"Actual Rows": 5953,"Actual Loops": 5,"Hash Buckets": 32768,"Original Hash Buckets": 32768,"Hash Batches": 1,"Original Hash Batches": 1,"Peak Memory Usage": 2528,"Workers": [],"Plans": [{"Node Type": "Seq Scan","Parent Relationship": "Outer","Parallel Aware": true,"Async Capable": false,"Relation Name": "part","Alias": "part","Startup Cost": 0.00,"Total Cost": 6180.33,"Plan Rows": 12384,"Plan Width": 40,"Actual Startup Time": 0.051,"Actual Total Time": 19.627,"Actual Rows": 5953,"Actual Loops": 5,"Filter": "((p_brand <> 'Brand#52'::bpchar) AND ((p_type)::text !~~ 'LARGE PLATED%'::text) AND (p_size = ANY ('{49,50,3,37,44,45,16,7}'::integer[])))","Rows Removed by Filter": 34047,"Workers": []}]}]}]}]}]}]},"Planning Time": 4.476,"Triggers": [],"Execution Time": 236.478}]
[{"Plan": {"Node Type": "Sort","Parallel Aware": false,"Async Capable": false,"Startup Cost": 33318.58,"Total Cost": 33358.70,"Plan Rows": 16049,"Plan Width": 44,"Actual Startup Time": 239.884,"Actual Total Time": 241.746,"Actual Rows": 18329,"Actual Loops": 1,"Sort Key": ["(count(DISTINCT partsupp.ps_suppkey)) DESC", "part.p_brand", "part.p_type", "part.p_size"],"Sort Method": "quicksort","Sort Space Used": 2343,"Sort Space Type": "Memory","Plans": [{"Node Type": "Aggregate","Strategy": "Sorted","Partial Mode": "Simple","Parent Relationship": "Outer","Parallel Aware": false,"Async Capable": false,"Startup Cost": 24268.41,"Total Cost": 32197.54,"Plan Rows": 16049,"Plan Width": 44,"Actual Startup Time": 134.392,"Actual Total Time": 201.133,"Actual Rows": 18329,"Actual Loops": 1,"Group Key": ["part.p_brand", "part.p_type", "part.p_size"],"Plans": [{"Node Type": "Gather Merge","Parent Relationship": "Outer","Parallel Aware": false,"Async Capable": false,"Startup Cost": 24268.41,"Total Cost": 31438.24,"Plan Rows": 59881,"Plan Width": 40,"Actual Startup Time": 134.333,"Actual Total Time": 173.607,"Actual Rows": 120030,"Actual Loops": 1,"Workers Planned": 4,"Workers Launched": 4,"Plans": [{"Node Type": "Sort","Parent Relationship": "Outer","Parallel Aware": false,"Async Capable": false,"Startup Cost": 23268.35,"Total Cost": 23305.78,"Plan Rows": 14970,"Plan Width": 40,"Actual Startup Time": 125.880,"Actual Total Time": 128.451,"Actual Rows": 24006,"Actual Loops": 5,"Sort Key": ["part.p_brand", "part.p_type", "part.p_size"],"Sort Method": "quicksort","Sort Space Used": 2733,"Sort Space Type": "Memory","Workers": [{"Worker Number": 0,"Sort Method": "quicksort","Sort Space Used": 2759,"Sort Space Type": "Memory"},{"Worker Number": 1,"Sort Method": "quicksort","Sort Space Used": 2725,"Sort Space Type": "Memory"},{"Worker Number": 2,"Sort Method": "quicksort","Sort Space Used": 2743,"Sort Space Type": "Memory"},{"Worker Number": 3,"Sort Method": "quicksort","Sort Space Used": 2760,"Sort Space Type": "Memory"}],"Plans": [{"Node Type": "Hash Join","Parent Relationship": "Outer","Parallel Aware": true,"Async Capable": false,"Join Type": "Inner","Startup Cost": 6683.70,"Total Cost": 22230.20,"Plan Rows": 14970,"Plan Width": 40,"Actual Startup Time": 32.221,"Actual Total Time": 83.599,"Actual Rows": 24006,"Actual Loops": 5,"Inner Unique": true,"Hash Cond": "(partsupp.ps_partkey = part.p_partkey)","Workers": [],"Plans": [{"Node Type": "Index Only Scan","Parent Relationship": "Outer","Parallel Aware": true,"Async Capable": false,"Scan Direction": "Forward","Index Name": "partsupp_pkey","Relation Name": "partsupp","Alias": "partsupp","Startup Cost": 347.43,"Total Cost": 15631.43,"Plan Rows": 100000,"Plan Width": 8,"Actual Startup Time": 7.603,"Actual Total Time": 33.155,"Actual Rows": 159936,"Actual Loops": 5,"Filter": "(NOT (hashed SubPlan 1))","Rows Removed by Filter": 64,"Heap Fetches": 0,"Workers": [],"Plans": [{"Node Type": "Seq Scan","Parent Relationship": "SubPlan","Subplan Name": "SubPlan 1","Parallel Aware": false,"Async Capable": false,"Relation Name": "supplier","Alias": "supplier","Startup Cost": 0.00,"Total Cost": 347.00,"Plan Rows": 1,"Plan Width": 4,"Actual Startup Time": 0.200,"Actual Total Time": 7.448,"Actual Rows": 4,"Actual Loops": 5,"Filter": "((s_comment)::text ~~ '%Customer%Complaints%'::text)","Rows Removed by Filter": 9996,"Workers": []}]},{"Node Type": "Hash","Parent Relationship": "Inner","Parallel Aware": true,"Async Capable": false,"Startup Cost": 6180.33,"Total Cost": 6180.33,"Plan Rows": 12475,"Plan Width": 40,"Actual Startup Time": 24.362,"Actual Total Time": 24.367,"Actual Rows": 6003,"Actual Loops": 5,"Hash Buckets": 32768,"Original Hash Buckets": 32768,"Hash Batches": 1,"Original Hash Batches": 1,"Peak Memory Usage": 2592,"Workers": [],"Plans": [{"Node Type": "Seq Scan","Parent Relationship": "Outer","Parallel Aware": true,"Async Capable": false,"Relation Name": "part","Alias": "part","Startup Cost": 0.00,"Total Cost": 6180.33,"Plan Rows": 12475,"Plan Width": 40,"Actual Startup Time": 0.065,"Actual Total Time": 20.256,"Actual Rows": 6003,"Actual Loops": 5,"Filter": "((p_brand <> 'Brand#11'::bpchar) AND ((p_type)::text !~~ 'LARGE ANODIZED%'::text) AND (p_size = ANY ('{23,38,47,35,7,4,16,29}'::integer[])))","Rows Removed by Filter": 33997,"Workers": []}]}]}]}]}]}]},"Planning Time": 4.675,"Triggers": [],"Execution Time": 242.676}]
[{"Plan": {"Node Type": "Sort","Parallel Aware": false,"Async Capable": false,"Startup Cost": 33333.82,"Total Cost": 33373.97,"Plan Rows": 16060,"Plan Width": 44,"Actual Startup Time": 246.468,"Actual Total Time": 248.376,"Actual Rows": 18192,"Actual Loops": 1,"Sort Key": ["(count(DISTINCT partsupp.ps_suppkey)) DESC", "part.p_brand", "part.p_type", "part.p_size"],"Sort Method": "quicksort","Sort Space Used": 2331,"Sort Space Type": "Memory","Plans": [{"Node Type": "Aggregate","Strategy": "Sorted","Partial Mode": "Simple","Parent Relationship": "Outer","Parallel Aware": false,"Async Capable": false,"Startup Cost": 24270.50,"Total Cost": 32211.93,"Plan Rows": 16060,"Plan Width": 44,"Actual Startup Time": 141.164,"Actual Total Time": 208.552,"Actual Rows": 18192,"Actual Loops": 1,"Group Key": ["part.p_brand", "part.p_type", "part.p_size"],"Plans": [{"Node Type": "Gather Merge","Parent Relationship": "Outer","Parallel Aware": false,"Async Capable": false,"Startup Cost": 24270.50,"Total Cost": 31451.58,"Plan Rows": 59975,"Plan Width": 40,"Actual Startup Time": 141.110,"Actual Total Time": 180.219,"Actual Rows": 117493,"Actual Loops": 1,"Workers Planned": 4,"Workers Launched": 4,"Plans": [{"Node Type": "Sort","Parent Relationship": "Outer","Parallel Aware": false,"Async Capable": false,"Startup Cost": 23270.44,"Total Cost": 23307.92,"Plan Rows": 14994,"Plan Width": 40,"Actual Startup Time": 121.867,"Actual Total Time": 124.785,"Actual Rows": 23499,"Actual Loops": 5,"Sort Key": ["part.p_brand", "part.p_type", "part.p_size"],"Sort Method": "quicksort","Sort Space Used": 2371,"Sort Space Type": "Memory","Workers": [{"Worker Number": 0,"Sort Method": "quicksort","Sort Space Used": 2826,"Sort Space Type": "Memory"},{"Worker Number": 1,"Sort Method": "quicksort","Sort Space Used": 2747,"Sort Space Type": "Memory"},{"Worker Number": 2,"Sort Method": "quicksort","Sort Space Used": 2793,"Sort Space Type": "Memory"},{"Worker Number": 3,"Sort Method": "quicksort","Sort Space Used": 2767,"Sort Space Type": "Memory"}],"Plans": [{"Node Type": "Hash Join","Parent Relationship": "Outer","Parallel Aware": true,"Async Capable": false,"Join Type": "Inner","Startup Cost": 6683.95,"Total Cost": 22230.45,"Plan Rows": 14994,"Plan Width": 40,"Actual Startup Time": 29.132,"Actual Total Time": 78.256,"Actual Rows": 23499,"Actual Loops": 5,"Inner Unique": true,"Hash Cond": "(partsupp.ps_partkey = part.p_partkey)","Workers": [],"Plans": [{"Node Type": "Index Only Scan","Parent Relationship": "Outer","Parallel Aware": true,"Async Capable": false,"Scan Direction": "Forward","Index Name": "partsupp_pkey","Relation Name": "partsupp","Alias": "partsupp","Startup Cost": 347.43,"Total Cost": 15631.43,"Plan Rows": 100000,"Plan Width": 8,"Actual Startup Time": 6.730,"Actual Total Time": 32.140,"Actual Rows": 159936,"Actual Loops": 5,"Filter": "(NOT (hashed SubPlan 1))","Rows Removed by Filter": 64,"Heap Fetches": 0,"Workers": [],"Plans": [{"Node Type": "Seq Scan","Parent Relationship": "SubPlan","Subplan Name": "SubPlan 1","Parallel Aware": false,"Async Capable": false,"Relation Name": "supplier","Alias": "supplier","Startup Cost": 0.00,"Total Cost": 347.00,"Plan Rows": 1,"Plan Width": 4,"Actual Startup Time": 0.147,"Actual Total Time": 6.568,"Actual Rows": 4,"Actual Loops": 5,"Filter": "((s_comment)::text ~~ '%Customer%Complaints%'::text)","Rows Removed by Filter": 9996,"Workers": []}]},{"Node Type": "Hash","Parent Relationship": "Inner","Parallel Aware": true,"Async Capable": false,"Startup Cost": 6180.33,"Total Cost": 6180.33,"Plan Rows": 12495,"Plan Width": 40,"Actual Startup Time": 22.120,"Actual Total Time": 22.125,"Actual Rows": 5877,"Actual Loops": 5,"Hash Buckets": 32768,"Original Hash Buckets": 32768,"Hash Batches": 1,"Original Hash Batches": 1,"Peak Memory Usage": 2528,"Workers": [],"Plans": [{"Node Type": "Seq Scan","Parent Relationship": "Outer","Parallel Aware": true,"Async Capable": false,"Relation Name": "part","Alias": "part","Startup Cost": 0.00,"Total Cost": 6180.33,"Plan Rows": 12495,"Plan Width": 40,"Actual Startup Time": 0.058,"Actual Total Time": 18.310,"Actual Rows": 5877,"Actual Loops": 5,"Filter": "((p_brand <> 'Brand#31'::bpchar) AND ((p_type)::text !~~ 'ECONOMY ANODIZED%'::text) AND (p_size = ANY ('{20,12,46,41,50,15,45,40}'::integer[])))","Rows Removed by Filter": 34123,"Workers": []}]}]}]}]}]}]},"Planning Time": 3.793,"Triggers": [],"Execution Time": 249.278}]
[{"Plan": {"Node Type": "Sort","Parallel Aware": false,"Async Capable": false,"Startup Cost": 32866.46,"Total Cost": 32905.74,"Plan Rows": 15712,"Plan Width": 44,"Actual Startup Time": 237.028,"Actual Total Time": 238.575,"Actual Rows": 18223,"Actual Loops": 1,"Sort Key": ["(count(DISTINCT partsupp.ps_suppkey)) DESC", "part.p_brand", "part.p_type", "part.p_size"],"Sort Method": "quicksort","Sort Space Used": 2332,"Sort Space Type": "Memory","Plans": [{"Node Type": "Aggregate","Strategy": "Sorted","Partial Mode": "Simple","Parent Relationship": "Outer","Parallel Aware": false,"Async Capable": false,"Startup Cost": 24207.83,"Total Cost": 31771.37,"Plan Rows": 15712,"Plan Width": 44,"Actual Startup Time": 134.443,"Actual Total Time": 199.490,"Actual Rows": 18223,"Actual Loops": 1,"Group Key": ["part.p_brand", "part.p_type", "part.p_size"],"Plans": [{"Node Type": "Gather Merge","Parent Relationship": "Outer","Parallel Aware": false,"Async Capable": false,"Startup Cost": 24207.83,"Total Cost": 31043.36,"Plan Rows": 57089,"Plan Width": 40,"Actual Startup Time": 134.388,"Actual Total Time": 172.341,"Actual Rows": 117603,"Actual Loops": 1,"Workers Planned": 4,"Workers Launched": 4,"Plans": [{"Node Type": "Sort","Parent Relationship": "Outer","Parallel Aware": false,"Async Capable": false,"Startup Cost": 23207.77,"Total Cost": 23243.45,"Plan Rows": 14272,"Plan Width": 40,"Actual Startup Time": 121.883,"Actual Total Time": 124.425,"Actual Rows": 23521,"Actual Loops": 5,"Sort Key": ["part.p_brand", "part.p_type", "part.p_size"],"Sort Method": "quicksort","Sort Space Used": 2450,"Sort Space Type": "Memory","Workers": [{"Worker Number": 0,"Sort Method": "quicksort","Sort Space Used": 2376,"Sort Space Type": "Memory"},{"Worker Number": 1,"Sort Method": "quicksort","Sort Space Used": 2906,"Sort Space Type": "Memory"},{"Worker Number": 2,"Sort Method": "quicksort","Sort Space Used": 2884,"Sort Space Type": "Memory"},{"Worker Number": 3,"Sort Method": "quicksort","Sort Space Used": 2891,"Sort Space Type": "Memory"}],"Plans": [{"Node Type": "Hash Join","Parent Relationship": "Outer","Parallel Aware": true,"Async Capable": false,"Join Type": "Inner","Startup Cost": 6676.44,"Total Cost": 22222.94,"Plan Rows": 14272,"Plan Width": 40,"Actual Startup Time": 30.759,"Actual Total Time": 80.710,"Actual Rows": 23521,"Actual Loops": 5,"Inner Unique": true,"Hash Cond": "(partsupp.ps_partkey = part.p_partkey)","Workers": [],"Plans": [{"Node Type": "Index Only Scan","Parent Relationship": "Outer","Parallel Aware": true,"Async Capable": false,"Scan Direction": "Forward","Index Name": "partsupp_pkey","Relation Name": "partsupp","Alias": "partsupp","Startup Cost": 347.43,"Total Cost": 15631.43,"Plan Rows": 100000,"Plan Width": 8,"Actual Startup Time": 7.215,"Actual Total Time": 32.692,"Actual Rows": 159936,"Actual Loops": 5,"Filter": "(NOT (hashed SubPlan 1))","Rows Removed by Filter": 64,"Heap Fetches": 0,"Workers": [],"Plans": [{"Node Type": "Seq Scan","Parent Relationship": "SubPlan","Subplan Name": "SubPlan 1","Parallel Aware": false,"Async Capable": false,"Relation Name": "supplier","Alias": "supplier","Startup Cost": 0.00,"Total Cost": 347.00,"Plan Rows": 1,"Plan Width": 4,"Actual Startup Time": 0.124,"Actual Total Time": 7.059,"Actual Rows": 4,"Actual Loops": 5,"Filter": "((s_comment)::text ~~ '%Customer%Complaints%'::text)","Rows Removed by Filter": 9996,"Workers": []}]},{"Node Type": "Hash","Parent Relationship": "Inner","Parallel Aware": true,"Async Capable": false,"Startup Cost": 6180.33,"Total Cost": 6180.33,"Plan Rows": 11894,"Plan Width": 40,"Actual Startup Time": 23.301,"Actual Total Time": 23.304,"Actual Rows": 5883,"Actual Loops": 5,"Hash Buckets": 32768,"Original Hash Buckets": 32768,"Hash Batches": 1,"Original Hash Batches": 1,"Peak Memory Usage": 2528,"Workers": [],"Plans": [{"Node Type": "Seq Scan","Parent Relationship": "Outer","Parallel Aware": true,"Async Capable": false,"Relation Name": "part","Alias": "part","Startup Cost": 0.00,"Total Cost": 6180.33,"Plan Rows": 11894,"Plan Width": 40,"Actual Startup Time": 0.061,"Actual Total Time": 19.424,"Actual Rows": 5883,"Actual Loops": 5,"Filter": "((p_brand <> 'Brand#24'::bpchar) AND ((p_type)::text !~~ 'STANDARD BURNISHED%'::text) AND (p_size = ANY ('{21,40,35,37,31,13,19,49}'::integer[])))","Rows Removed by Filter": 34117,"Workers": []}]}]}]}]}]}]},"Planning Time": 5.603,"Triggers": [],"Execution Time": 239.446}]
[{"Plan": {"Node Type": "Sort","Parallel Aware": false,"Async Capable": false,"Startup Cost": 32985.06,"Total Cost": 33024.57,"Plan Rows": 15803,"Plan Width": 44,"Actual Startup Time": 237.989,"Actual Total Time": 239.603,"Actual Rows": 18198,"Actual Loops": 1,"Sort Key": ["(count(DISTINCT partsupp.ps_suppkey)) DESC", "part.p_brand", "part.p_type", "part.p_size"],"Sort Method": "quicksort","Sort Space Used": 2331,"Sort Space Type": "Memory","Plans": [{"Node Type": "Aggregate","Strategy": "Sorted","Partial Mode": "Simple","Parent Relationship": "Outer","Parallel Aware": false,"Async Capable": false,"Startup Cost": 24223.68,"Total Cost": 31882.97,"Plan Rows": 15803,"Plan Width": 44,"Actual Startup Time": 134.182,"Actual Total Time": 199.412,"Actual Rows": 18198,"Actual Loops": 1,"Group Key": ["part.p_brand", "part.p_type", "part.p_size"],"Plans": [{"Node Type": "Gather Merge","Parent Relationship": "Outer","Parallel Aware": false,"Async Capable": false,"Startup Cost": 24223.68,"Total Cost": 31146.74,"Plan Rows": 57820,"Plan Width": 40,"Actual Startup Time": 134.126,"Actual Total Time": 172.149,"Actual Rows": 117818,"Actual Loops": 1,"Workers Planned": 4,"Workers Launched": 4,"Plans": [{"Node Type": "Sort","Parent Relationship": "Outer","Parallel Aware": false,"Async Capable": false,"Startup Cost": 23223.62,"Total Cost": 23259.76,"Plan Rows": 14455,"Plan Width": 40,"Actual Startup Time": 122.689,"Actual Total Time": 125.610,"Actual Rows": 23564,"Actual Loops": 5,"Sort Key": ["part.p_brand", "part.p_type", "part.p_size"],"Sort Method": "quicksort","Sort Space Used": 2422,"Sort Space Type": "Memory","Workers": [{"Worker Number": 0,"Sort Method": "quicksort","Sort Space Used": 2886,"Sort Space Type": "Memory"},{"Worker Number": 1,"Sort Method": "quicksort","Sort Space Used": 2880,"Sort Space Type": "Memory"},{"Worker Number": 2,"Sort Method": "quicksort","Sort Space Used": 2466,"Sort Space Type": "Memory"},{"Worker Number": 3,"Sort Method": "quicksort","Sort Space Used": 2883,"Sort Space Type": "Memory"}],"Plans": [{"Node Type": "Hash Join","Parent Relationship": "Outer","Parallel Aware": true,"Async Capable": false,"Join Type": "Inner","Startup Cost": 6678.34,"Total Cost": 22224.84,"Plan Rows": 14455,"Plan Width": 40,"Actual Startup Time": 31.395,"Actual Total Time": 81.247,"Actual Rows": 23564,"Actual Loops": 5,"Inner Unique": true,"Hash Cond": "(partsupp.ps_partkey = part.p_partkey)","Workers": [],"Plans": [{"Node Type": "Index Only Scan","Parent Relationship": "Outer","Parallel Aware": true,"Async Capable": false,"Scan Direction": "Forward","Index Name": "partsupp_pkey","Relation Name": "partsupp","Alias": "partsupp","Startup Cost": 347.43,"Total Cost": 15631.43,"Plan Rows": 100000,"Plan Width": 8,"Actual Startup Time": 7.588,"Actual Total Time": 32.890,"Actual Rows": 159936,"Actual Loops": 5,"Filter": "(NOT (hashed SubPlan 1))","Rows Removed by Filter": 64,"Heap Fetches": 0,"Workers": [],"Plans": [{"Node Type": "Seq Scan","Parent Relationship": "SubPlan","Subplan Name": "SubPlan 1","Parallel Aware": false,"Async Capable": false,"Relation Name": "supplier","Alias": "supplier","Startup Cost": 0.00,"Total Cost": 347.00,"Plan Rows": 1,"Plan Width": 4,"Actual Startup Time": 0.205,"Actual Total Time": 7.424,"Actual Rows": 4,"Actual Loops": 5,"Filter": "((s_comment)::text ~~ '%Customer%Complaints%'::text)","Rows Removed by Filter": 9996,"Workers": []}]},{"Node Type": "Hash","Parent Relationship": "Inner","Parallel Aware": true,"Async Capable": false,"Startup Cost": 6180.33,"Total Cost": 6180.33,"Plan Rows": 12046,"Plan Width": 40,"Actual Startup Time": 23.554,"Actual Total Time": 23.557,"Actual Rows": 5893,"Actual Loops": 5,"Hash Buckets": 32768,"Original Hash Buckets": 32768,"Hash Batches": 1,"Original Hash Batches": 1,"Peak Memory Usage": 2528,"Workers": [],"Plans": [{"Node Type": "Seq Scan","Parent Relationship": "Outer","Parallel Aware": true,"Async Capable": false,"Relation Name": "part","Alias": "part","Startup Cost": 0.00,"Total Cost": 6180.33,"Plan Rows": 12046,"Plan Width": 40,"Actual Startup Time": 0.057,"Actual Total Time": 19.508,"Actual Rows": 5893,"Actual Loops": 5,"Filter": "((p_brand <> 'Brand#11'::bpchar) AND ((p_type)::text !~~ 'SMALL ANODIZED%'::text) AND (p_size = ANY ('{47,22,13,28,19,36,45,35}'::integer[])))","Rows Removed by Filter": 34107,"Workers": []}]}]}]}]}]}]},"Planning Time": 4.696,"Triggers": [],"Execution Time": 240.451}]
[{"Plan": {"Node Type": "Sort","Parallel Aware": false,"Async Capable": false,"Startup Cost": 33102.35,"Total Cost": 33142.08,"Plan Rows": 15891,"Plan Width": 44,"Actual Startup Time": 237.719,"Actual Total Time": 239.213,"Actual Rows": 18230,"Actual Loops": 1,"Sort Key": ["(count(DISTINCT partsupp.ps_suppkey)) DESC", "part.p_brand", "part.p_type", "part.p_size"],"Sort Method": "quicksort","Sort Space Used": 2334,"Sort Space Type": "Memory","Plans": [{"Node Type": "Aggregate","Strategy": "Sorted","Partial Mode": "Simple","Parent Relationship": "Outer","Parallel Aware": false,"Async Capable": false,"Startup Cost": 24239.39,"Total Cost": 31993.48,"Plan Rows": 15891,"Plan Width": 44,"Actual Startup Time": 133.266,"Actual Total Time": 199.031,"Actual Rows": 18230,"Actual Loops": 1,"Group Key": ["part.p_brand", "part.p_type", "part.p_size"],"Plans": [{"Node Type": "Gather Merge","Parent Relationship": "Outer","Parallel Aware": false,"Async Capable": false,"Startup Cost": 24239.39,"Total Cost": 31249.13,"Plan Rows": 58544,"Plan Width": 40,"Actual Startup Time": 133.217,"Actual Total Time": 171.771,"Actual Rows": 118386,"Actual Loops": 1,"Workers Planned": 4,"Workers Launched": 4,"Plans": [{"Node Type": "Sort","Parent Relationship": "Outer","Parallel Aware": false,"Async Capable": false,"Startup Cost": 23239.33,"Total Cost": 23275.92,"Plan Rows": 14636,"Plan Width": 40,"Actual Startup Time": 122.472,"Actual Total Time": 125.023,"Actual Rows": 23677,"Actual Loops": 5,"Sort Key": ["part.p_brand", "part.p_type", "part.p_size"],"Sort Method": "quicksort","Sort Space Used": 2457,"Sort Space Type": "Memory","Workers": [{"Worker Number": 0,"Sort Method": "quicksort","Sort Space Used": 2887,"Sort Space Type": "Memory"},{"Worker Number": 1,"Sort Method": "quicksort","Sort Space Used": 2494,"Sort Space Type": "Memory"},{"Worker Number": 2,"Sort Method": "quicksort","Sort Space Used": 2857,"Sort Space Type": "Memory"},{"Worker Number": 3,"Sort Method": "quicksort","Sort Space Used": 2913,"Sort Space Type": "Memory"}],"Plans": [{"Node Type": "Hash Join","Parent Relationship": "Outer","Parallel Aware": true,"Async Capable": false,"Join Type": "Inner","Startup Cost": 6680.22,"Total Cost": 22226.72,"Plan Rows": 14636,"Plan Width": 40,"Actual Startup Time": 31.268,"Actual Total Time": 80.941,"Actual Rows": 23677,"Actual Loops": 5,"Inner Unique": true,"Hash Cond": "(partsupp.ps_partkey = part.p_partkey)","Workers": [],"Plans": [{"Node Type": "Index Only Scan","Parent Relationship": "Outer","Parallel Aware": true,"Async Capable": false,"Scan Direction": "Forward","Index Name": "partsupp_pkey","Relation Name": "partsupp","Alias": "partsupp","Startup Cost": 347.43,"Total Cost": 15631.43,"Plan Rows": 100000,"Plan Width": 8,"Actual Startup Time": 7.052,"Actual Total Time": 32.380,"Actual Rows": 159936,"Actual Loops": 5,"Filter": "(NOT (hashed SubPlan 1))","Rows Removed by Filter": 64,"Heap Fetches": 0,"Workers": [],"Plans": [{"Node Type": "Seq Scan","Parent Relationship": "SubPlan","Subplan Name": "SubPlan 1","Parallel Aware": false,"Async Capable": false,"Relation Name": "supplier","Alias": "supplier","Startup Cost": 0.00,"Total Cost": 347.00,"Plan Rows": 1,"Plan Width": 4,"Actual Startup Time": 0.147,"Actual Total Time": 6.905,"Actual Rows": 4,"Actual Loops": 5,"Filter": "((s_comment)::text ~~ '%Customer%Complaints%'::text)","Rows Removed by Filter": 9996,"Workers": []}]},{"Node Type": "Hash","Parent Relationship": "Inner","Parallel Aware": true,"Async Capable": false,"Startup Cost": 6180.33,"Total Cost": 6180.33,"Plan Rows": 12197,"Plan Width": 40,"Actual Startup Time": 23.948,"Actual Total Time": 23.952,"Actual Rows": 5922,"Actual Loops": 5,"Hash Buckets": 32768,"Original Hash Buckets": 32768,"Hash Batches": 1,"Original Hash Batches": 1,"Peak Memory Usage": 2560,"Workers": [],"Plans": [{"Node Type": "Seq Scan","Parent Relationship": "Outer","Parallel Aware": true,"Async Capable": false,"Relation Name": "part","Alias": "part","Startup Cost": 0.00,"Total Cost": 6180.33,"Plan Rows": 12197,"Plan Width": 40,"Actual Startup Time": 0.058,"Actual Total Time": 20.059,"Actual Rows": 5922,"Actual Loops": 5,"Filter": "((p_brand <> 'Brand#43'::bpchar) AND ((p_type)::text !~~ 'MEDIUM PLATED%'::text) AND (p_size = ANY ('{31,17,3,12,40,37,18,33}'::integer[])))","Rows Removed by Filter": 34078,"Workers": []}]}]}]}]}]}]},"Planning Time": 5.595,"Triggers": [],"Execution Time": 240.104}]
[{"Plan": {"Node Type": "Sort","Parallel Aware": false,"Async Capable": false,"Startup Cost": 33428.39,"Total Cost": 33468.70,"Plan Rows": 16127,"Plan Width": 44,"Actual Startup Time": 236.325,"Actual Total Time": 238.101,"Actual Rows": 18190,"Actual Loops": 1,"Sort Key": ["(count(DISTINCT partsupp.ps_suppkey)) DESC", "part.p_brand", "part.p_type", "part.p_size"],"Sort Method": "quicksort","Sort Space Used": 2331,"Sort Space Type": "Memory","Plans": [{"Node Type": "Aggregate","Strategy": "Sorted","Partial Mode": "Simple","Parent Relationship": "Outer","Parallel Aware": false,"Async Capable": false,"Startup Cost": 24283.21,"Total Cost": 32301.34,"Plan Rows": 16127,"Plan Width": 44,"Actual Startup Time": 133.208,"Actual Total Time": 199.055,"Actual Rows": 18190,"Actual Loops": 1,"Group Key": ["part.p_brand", "part.p_type", "part.p_size"],"Plans": [{"Node Type": "Gather Merge","Parent Relationship": "Outer","Parallel Aware": false,"Async Capable": false,"Startup Cost": 24283.21,"Total Cost": 31534.46,"Plan Rows": 60561,"Plan Width": 40,"Actual Startup Time": 133.149,"Actual Total Time": 171.506,"Actual Rows": 117787,"Actual Loops": 1,"Workers Planned": 4,"Workers Launched": 4,"Plans": [{"Node Type": "Sort","Parent Relationship": "Outer","Parallel Aware": false,"Async Capable": false,"Startup Cost": 23283.15,"Total Cost": 23321.00,"Plan Rows": 15140,"Plan Width": 40,"Actual Startup Time": 123.454,"Actual Total Time": 126.219,"Actual Rows": 23557,"Actual Loops": 5,"Sort Key": ["part.p_brand", "part.p_type", "part.p_size"],"Sort Method": "quicksort","Sort Space Used": 2427,"Sort Space Type": "Memory","Workers": [{"Worker Number": 0,"Sort Method": "quicksort","Sort Space Used": 2867,"Sort Space Type": "Memory"},{"Worker Number": 1,"Sort Method": "quicksort","Sort Space Used": 2824,"Sort Space Type": "Memory"},{"Worker Number": 2,"Sort Method": "quicksort","Sort Space Used": 2568,"Sort Space Type": "Memory"},{"Worker Number": 3,"Sort Method": "quicksort","Sort Space Used": 2844,"Sort Space Type": "Memory"}],"Plans": [{"Node Type": "Hash Join","Parent Relationship": "Outer","Parallel Aware": true,"Async Capable": false,"Join Type": "Inner","Startup Cost": 6685.47,"Total Cost": 22231.97,"Plan Rows": 15140,"Plan Width": 40,"Actual Startup Time": 31.038,"Actual Total Time": 81.185,"Actual Rows": 23557,"Actual Loops": 5,"Inner Unique": true,"Hash Cond": "(partsupp.ps_partkey = part.p_partkey)","Workers": [],"Plans": [{"Node Type": "Index Only Scan","Parent Relationship": "Outer","Parallel Aware": true,"Async Capable": false,"Scan Direction": "Forward","Index Name": "partsupp_pkey","Relation Name": "partsupp","Alias": "partsupp","Startup Cost": 347.43,"Total Cost": 15631.43,"Plan Rows": 100000,"Plan Width": 8,"Actual Startup Time": 7.407,"Actual Total Time": 33.501,"Actual Rows": 159936,"Actual Loops": 5,"Filter": "(NOT (hashed SubPlan 1))","Rows Removed by Filter": 64,"Heap Fetches": 0,"Workers": [],"Plans": [{"Node Type": "Seq Scan","Parent Relationship": "SubPlan","Subplan Name": "SubPlan 1","Parallel Aware": false,"Async Capable": false,"Relation Name": "supplier","Alias": "supplier","Startup Cost": 0.00,"Total Cost": 347.00,"Plan Rows": 1,"Plan Width": 4,"Actual Startup Time": 0.195,"Actual Total Time": 7.240,"Actual Rows": 4,"Actual Loops": 5,"Filter": "((s_comment)::text ~~ '%Customer%Complaints%'::text)","Rows Removed by Filter": 9996,"Workers": []}]},{"Node Type": "Hash","Parent Relationship": "Inner","Parallel Aware": true,"Async Capable": false,"Startup Cost": 6180.33,"Total Cost": 6180.33,"Plan Rows": 12617,"Plan Width": 40,"Actual Startup Time": 23.374,"Actual Total Time": 23.377,"Actual Rows": 5892,"Actual Loops": 5,"Hash Buckets": 32768,"Original Hash Buckets": 32768,"Hash Batches": 1,"Original Hash Batches": 1,"Peak Memory Usage": 2496,"Workers": [],"Plans": [{"Node Type": "Seq Scan","Parent Relationship": "Outer","Parallel Aware": true,"Async Capable": false,"Relation Name": "part","Alias": "part","Startup Cost": 0.00,"Total Cost": 6180.33,"Plan Rows": 12617,"Plan Width": 40,"Actual Startup Time": 0.061,"Actual Total Time": 19.345,"Actual Rows": 5892,"Actual Loops": 5,"Filter": "((p_brand <> 'Brand#52'::bpchar) AND ((p_type)::text !~~ 'STANDARD BRUSHED%'::text) AND (p_size = ANY ('{1,50,35,20,19,11,45,22}'::integer[])))","Rows Removed by Filter": 34108,"Workers": []}]}]}]}]}]}]},"Planning Time": 5.386,"Triggers": [],"Execution Time": 238.967}]
[{"Plan": {"Node Type": "Sort","Parallel Aware": false,"Async Capable": false,"Startup Cost": 33369.79,"Total Cost": 33410.00,"Plan Rows": 16085,"Plan Width": 44,"Actual Startup Time": 247.666,"Actual Total Time": 249.524,"Actual Rows": 18237,"Actual Loops": 1,"Sort Key": ["(count(DISTINCT partsupp.ps_suppkey)) DESC", "part.p_brand", "part.p_type", "part.p_size"],"Sort Method": "quicksort","Sort Space Used": 2335,"Sort Space Type": "Memory","Plans": [{"Node Type": "Aggregate","Strategy": "Sorted","Partial Mode": "Simple","Parent Relationship": "Outer","Parallel Aware": false,"Async Capable": false,"Startup Cost": 24275.36,"Total Cost": 32245.98,"Plan Rows": 16085,"Plan Width": 44,"Actual Startup Time": 141.160,"Actual Total Time": 208.262,"Actual Rows": 18237,"Actual Loops": 1,"Group Key": ["part.p_brand", "part.p_type", "part.p_size"],"Plans": [{"Node Type": "Gather Merge","Parent Relationship": "Outer","Parallel Aware": false,"Async Capable": false,"Startup Cost": 24275.36,"Total Cost": 31483.15,"Plan Rows": 60198,"Plan Width": 40,"Actual Startup Time": 141.119,"Actual Total Time": 180.302,"Actual Rows": 118150,"Actual Loops": 1,"Workers Planned": 4,"Workers Launched": 4,"Plans": [{"Node Type": "Sort","Parent Relationship": "Outer","Parallel Aware": false,"Async Capable": false,"Startup Cost": 23275.30,"Total Cost": 23312.93,"Plan Rows": 15050,"Plan Width": 40,"Actual Startup Time": 122.994,"Actual Total Time": 125.839,"Actual Rows": 23630,"Actual Loops": 5,"Sort Key": ["part.p_brand", "part.p_type", "part.p_size"],"Sort Method": "quicksort","Sort Space Used": 2407,"Sort Space Type": "Memory","Workers": [{"Worker Number": 0,"Sort Method": "quicksort","Sort Space Used": 2778,"Sort Space Type": "Memory"},{"Worker Number": 1,"Sort Method": "quicksort","Sort Space Used": 2795,"Sort Space Type": "Memory"},{"Worker Number": 2,"Sort Method": "quicksort","Sort Space Used": 2818,"Sort Space Type": "Memory"},{"Worker Number": 3,"Sort Method": "quicksort","Sort Space Used": 2783,"Sort Space Type": "Memory"}],"Plans": [{"Node Type": "Hash Join","Parent Relationship": "Outer","Parallel Aware": true,"Async Capable": false,"Join Type": "Inner","Startup Cost": 6684.52,"Total Cost": 22231.02,"Plan Rows": 15050,"Plan Width": 40,"Actual Startup Time": 29.816,"Actual Total Time": 79.099,"Actual Rows": 23630,"Actual Loops": 5,"Inner Unique": true,"Hash Cond": "(partsupp.ps_partkey = part.p_partkey)","Workers": [],"Plans": [{"Node Type": "Index Only Scan","Parent Relationship": "Outer","Parallel Aware": true,"Async Capable": false,"Scan Direction": "Forward","Index Name": "partsupp_pkey","Relation Name": "partsupp","Alias": "partsupp","Startup Cost": 347.43,"Total Cost": 15631.43,"Plan Rows": 100000,"Plan Width": 8,"Actual Startup Time": 7.329,"Actual Total Time": 33.056,"Actual Rows": 159936,"Actual Loops": 5,"Filter": "(NOT (hashed SubPlan 1))","Rows Removed by Filter": 64,"Heap Fetches": 0,"Workers": [],"Plans": [{"Node Type": "Seq Scan","Parent Relationship": "SubPlan","Subplan Name": "SubPlan 1","Parallel Aware": false,"Async Capable": false,"Relation Name": "supplier","Alias": "supplier","Startup Cost": 0.00,"Total Cost": 347.00,"Plan Rows": 1,"Plan Width": 4,"Actual Startup Time": 0.130,"Actual Total Time": 7.145,"Actual Rows": 4,"Actual Loops": 5,"Filter": "((s_comment)::text ~~ '%Customer%Complaints%'::text)","Rows Removed by Filter": 9996,"Workers": []}]},{"Node Type": "Hash","Parent Relationship": "Inner","Parallel Aware": true,"Async Capable": false,"Startup Cost": 6180.33,"Total Cost": 6180.33,"Plan Rows": 12541,"Plan Width": 40,"Actual Startup Time": 22.214,"Actual Total Time": 22.219,"Actual Rows": 5910,"Actual Loops": 5,"Hash Buckets": 32768,"Original Hash Buckets": 32768,"Hash Batches": 1,"Original Hash Batches": 1,"Peak Memory Usage": 2560,"Workers": [],"Plans": [{"Node Type": "Seq Scan","Parent Relationship": "Outer","Parallel Aware": true,"Async Capable": false,"Relation Name": "part","Alias": "part","Startup Cost": 0.00,"Total Cost": 6180.33,"Plan Rows": 12541,"Plan Width": 40,"Actual Startup Time": 0.060,"Actual Total Time": 18.477,"Actual Rows": 5910,"Actual Loops": 5,"Filter": "((p_brand <> 'Brand#43'::bpchar) AND ((p_type)::text !~~ 'LARGE BRUSHED%'::text) AND (p_size = ANY ('{17,41,25,45,1,22,4,21}'::integer[])))","Rows Removed by Filter": 34090,"Workers": []}]}]}]}]}]}]},"Planning Time": 3.960,"Triggers": [],"Execution Time": 250.431}]
[{"Plan": {"Node Type": "Sort","Parallel Aware": false,"Async Capable": false,"Startup Cost": 33126.67,"Total Cost": 33166.44,"Plan Rows": 15909,"Plan Width": 44,"Actual Startup Time": 246.907,"Actual Total Time": 248.614,"Actual Rows": 18184,"Actual Loops": 1,"Sort Key": ["(count(DISTINCT partsupp.ps_suppkey)) DESC", "part.p_brand", "part.p_type", "part.p_size"],"Sort Method": "quicksort","Sort Space Used": 2330,"Sort Space Type": "Memory","Plans": [{"Node Type": "Aggregate","Strategy": "Sorted","Partial Mode": "Simple","Parent Relationship": "Outer","Parallel Aware": false,"Async Capable": false,"Startup Cost": 24242.68,"Total Cost": 32016.42,"Plan Rows": 15909,"Plan Width": 44,"Actual Startup Time": 139.085,"Actual Total Time": 209.501,"Actual Rows": 18184,"Actual Loops": 1,"Group Key": ["part.p_brand", "part.p_type", "part.p_size"],"Plans": [{"Node Type": "Gather Merge","Parent Relationship": "Outer","Parallel Aware": false,"Async Capable": false,"Startup Cost": 24242.68,"Total Cost": 31270.39,"Plan Rows": 58694,"Plan Width": 40,"Actual Startup Time": 139.033,"Actual Total Time": 179.964,"Actual Rows": 117900,"Actual Loops": 1,"Workers Planned": 4,"Workers Launched": 4,"Plans": [{"Node Type": "Sort","Parent Relationship": "Outer","Parallel Aware": false,"Async Capable": false,"Startup Cost": 23242.62,"Total Cost": 23279.31,"Plan Rows": 14674,"Plan Width": 40,"Actual Startup Time": 123.746,"Actual Total Time": 126.619,"Actual Rows": 23580,"Actual Loops": 5,"Sort Key": ["part.p_brand", "part.p_type", "part.p_size"],"Sort Method": "quicksort","Sort Space Used": 2380,"Sort Space Type": "Memory","Workers": [{"Worker Number": 0,"Sort Method": "quicksort","Sort Space Used": 2816,"Sort Space Type": "Memory"},{"Worker Number": 1,"Sort Method": "quicksort","Sort Space Used": 2835,"Sort Space Type": "Memory"},{"Worker Number": 2,"Sort Method": "quicksort","Sort Space Used": 2682,"Sort Space Type": "Memory"},{"Worker Number": 3,"Sort Method": "quicksort","Sort Space Used": 2823,"Sort Space Type": "Memory"}],"Plans": [{"Node Type": "Hash Join","Parent Relationship": "Outer","Parallel Aware": true,"Async Capable": false,"Join Type": "Inner","Startup Cost": 6680.61,"Total Cost": 22227.11,"Plan Rows": 14674,"Plan Width": 40,"Actual Startup Time": 30.151,"Actual Total Time": 80.076,"Actual Rows": 23580,"Actual Loops": 5,"Inner Unique": true,"Hash Cond": "(partsupp.ps_partkey = part.p_partkey)","Workers": [],"Plans": [{"Node Type": "Index Only Scan","Parent Relationship": "Outer","Parallel Aware": true,"Async Capable": false,"Scan Direction": "Forward","Index Name": "partsupp_pkey","Relation Name": "partsupp","Alias": "partsupp","Startup Cost": 347.43,"Total Cost": 15631.43,"Plan Rows": 100000,"Plan Width": 8,"Actual Startup Time": 7.252,"Actual Total Time": 33.372,"Actual Rows": 159936,"Actual Loops": 5,"Filter": "(NOT (hashed SubPlan 1))","Rows Removed by Filter": 64,"Heap Fetches": 0,"Workers": [],"Plans": [{"Node Type": "Seq Scan","Parent Relationship": "SubPlan","Subplan Name": "SubPlan 1","Parallel Aware": false,"Async Capable": false,"Relation Name": "supplier","Alias": "supplier","Startup Cost": 0.00,"Total Cost": 347.00,"Plan Rows": 1,"Plan Width": 4,"Actual Startup Time": 0.158,"Actual Total Time": 7.106,"Actual Rows": 4,"Actual Loops": 5,"Filter": "((s_comment)::text ~~ '%Customer%Complaints%'::text)","Rows Removed by Filter": 9996,"Workers": []}]},{"Node Type": "Hash","Parent Relationship": "Inner","Parallel Aware": true,"Async Capable": false,"Startup Cost": 6180.33,"Total Cost": 6180.33,"Plan Rows": 12228,"Plan Width": 40,"Actual Startup Time": 22.620,"Actual Total Time": 22.623,"Actual Rows": 5898,"Actual Loops": 5,"Hash Buckets": 32768,"Original Hash Buckets": 32768,"Hash Batches": 1,"Original Hash Batches": 1,"Peak Memory Usage": 2560,"Workers": [],"Plans": [{"Node Type": "Seq Scan","Parent Relationship": "Outer","Parallel Aware": true,"Async Capable": false,"Relation Name": "part","Alias": "part","Startup Cost": 0.00,"Total Cost": 6180.33,"Plan Rows": 12228,"Plan Width": 40,"Actual Startup Time": 0.055,"Actual Total Time": 18.786,"Actual Rows": 5898,"Actual Loops": 5,"Filter": "((p_brand <> 'Brand#35'::bpchar) AND ((p_type)::text !~~ 'SMALL BURNISHED%'::text) AND (p_size = ANY ('{40,39,23,43,2,6,45,33}'::integer[])))","Rows Removed by Filter": 34102,"Workers": []}]}]}]}]}]}]},"Planning Time": 5.099,"Triggers": [],"Execution Time": 249.573}]
[{"Plan": {"Node Type": "Sort","Parallel Aware": false,"Async Capable": false,"Startup Cost": 33253.50,"Total Cost": 33293.51,"Plan Rows": 16002,"Plan Width": 44,"Actual Startup Time": 274.609,"Actual Total Time": 276.294,"Actual Rows": 18289,"Actual Loops": 1,"Sort Key": ["(count(DISTINCT partsupp.ps_suppkey)) DESC", "part.p_brand", "part.p_type", "part.p_size"],"Sort Method": "quicksort","Sort Space Used": 2340,"Sort Space Type": "Memory","Plans": [{"Node Type": "Aggregate","Strategy": "Sorted","Partial Mode": "Simple","Parent Relationship": "Outer","Parallel Aware": false,"Async Capable": false,"Startup Cost": 24259.71,"Total Cost": 32136.08,"Plan Rows": 16002,"Plan Width": 44,"Actual Startup Time": 166.581,"Actual Total Time": 238.242,"Actual Rows": 18289,"Actual Loops": 1,"Group Key": ["part.p_brand", "part.p_type", "part.p_size"],"Plans": [{"Node Type": "Gather Merge","Parent Relationship": "Outer","Parallel Aware": false,"Async Capable": false,"Startup Cost": 24259.71,"Total Cost": 31381.28,"Plan Rows": 59478,"Plan Width": 40,"Actual Startup Time": 166.520,"Actual Total Time": 208.192,"Actual Rows": 119083,"Actual Loops": 1,"Workers Planned": 4,"Workers Launched": 4,"Plans": [{"Node Type": "Sort","Parent Relationship": "Outer","Parallel Aware": false,"Async Capable": false,"Startup Cost": 23259.65,"Total Cost": 23296.82,"Plan Rows": 14870,"Plan Width": 40,"Actual Startup Time": 133.971,"Actual Total Time": 136.898,"Actual Rows": 23817,"Actual Loops": 5,"Sort Key": ["part.p_brand", "part.p_type", "part.p_size"],"Sort Method": "quicksort","Sort Space Used": 1729,"Sort Space Type": "Memory","Workers": [{"Worker Number": 0,"Sort Method": "quicksort","Sort Space Used": 2853,"Sort Space Type": "Memory"},{"Worker Number": 1,"Sort Method": "quicksort","Sort Space Used": 2889,"Sort Space Type": "Memory"},{"Worker Number": 2,"Sort Method": "quicksort","Sort Space Used": 2886,"Sort Space Type": "Memory"},{"Worker Number": 3,"Sort Method": "quicksort","Sort Space Used": 2894,"Sort Space Type": "Memory"}],"Plans": [{"Node Type": "Hash Join","Parent Relationship": "Outer","Parallel Aware": true,"Async Capable": false,"Join Type": "Inner","Startup Cost": 6682.65,"Total Cost": 22229.15,"Plan Rows": 14870,"Plan Width": 40,"Actual Startup Time": 31.946,"Actual Total Time": 81.723,"Actual Rows": 23817,"Actual Loops": 5,"Inner Unique": true,"Hash Cond": "(partsupp.ps_partkey = part.p_partkey)","Workers": [],"Plans": [{"Node Type": "Index Only Scan","Parent Relationship": "Outer","Parallel Aware": true,"Async Capable": false,"Scan Direction": "Forward","Index Name": "partsupp_pkey","Relation Name": "partsupp","Alias": "partsupp","Startup Cost": 347.43,"Total Cost": 15631.43,"Plan Rows": 100000,"Plan Width": 8,"Actual Startup Time": 7.331,"Actual Total Time": 33.227,"Actual Rows": 159936,"Actual Loops": 5,"Filter": "(NOT (hashed SubPlan 1))","Rows Removed by Filter": 64,"Heap Fetches": 0,"Workers": [],"Plans": [{"Node Type": "Seq Scan","Parent Relationship": "SubPlan","Subplan Name": "SubPlan 1","Parallel Aware": false,"Async Capable": false,"Relation Name": "supplier","Alias": "supplier","Startup Cost": 0.00,"Total Cost": 347.00,"Plan Rows": 1,"Plan Width": 4,"Actual Startup Time": 0.180,"Actual Total Time": 7.124,"Actual Rows": 4,"Actual Loops": 5,"Filter": "((s_comment)::text ~~ '%Customer%Complaints%'::text)","Rows Removed by Filter": 9996,"Workers": []}]},{"Node Type": "Hash","Parent Relationship": "Inner","Parallel Aware": true,"Async Capable": false,"Startup Cost": 6180.33,"Total Cost": 6180.33,"Plan Rows": 12391,"Plan Width": 40,"Actual Startup Time": 24.384,"Actual Total Time": 24.388,"Actual Rows": 5956,"Actual Loops": 5,"Hash Buckets": 32768,"Original Hash Buckets": 32768,"Hash Batches": 1,"Original Hash Batches": 1,"Peak Memory Usage": 2560,"Workers": [],"Plans": [{"Node Type": "Seq Scan","Parent Relationship": "Outer","Parallel Aware": true,"Async Capable": false,"Relation Name": "part","Alias": "part","Startup Cost": 0.00,"Total Cost": 6180.33,"Plan Rows": 12391,"Plan Width": 40,"Actual Startup Time": 0.061,"Actual Total Time": 20.283,"Actual Rows": 5956,"Actual Loops": 5,"Filter": "((p_brand <> 'Brand#15'::bpchar) AND ((p_type)::text !~~ 'LARGE BURNISHED%'::text) AND (p_size = ANY ('{1,44,36,38,7,8,41,2}'::integer[])))","Rows Removed by Filter": 34044,"Workers": []}]}]}]}]}]}]},"Planning Time": 5.280,"Triggers": [],"Execution Time": 277.301}]
[{"Plan": {"Node Type": "Sort","Parallel Aware": false,"Async Capable": false,"Startup Cost": 33099.89,"Total Cost": 33139.61,"Plan Rows": 15889,"Plan Width": 44,"Actual Startup Time": 238.866,"Actual Total Time": 240.430,"Actual Rows": 18159,"Actual Loops": 1,"Sort Key": ["(count(DISTINCT partsupp.ps_suppkey)) DESC", "part.p_brand", "part.p_type", "part.p_size"],"Sort Method": "quicksort","Sort Space Used": 2328,"Sort Space Type": "Memory","Plans": [{"Node Type": "Aggregate","Strategy": "Sorted","Partial Mode": "Simple","Parent Relationship": "Outer","Parallel Aware": false,"Async Capable": false,"Startup Cost": 24239.05,"Total Cost": 31991.18,"Plan Rows": 15889,"Plan Width": 44,"Actual Startup Time": 132.811,"Actual Total Time": 200.455,"Actual Rows": 18159,"Actual Loops": 1,"Group Key": ["part.p_brand", "part.p_type", "part.p_size"],"Plans": [{"Node Type": "Gather Merge","Parent Relationship": "Outer","Parallel Aware": false,"Async Capable": false,"Startup Cost": 24239.05,"Total Cost": 31247.00,"Plan Rows": 58529,"Plan Width": 40,"Actual Startup Time": 132.743,"Actual Total Time": 172.164,"Actual Rows": 118250,"Actual Loops": 1,"Workers Planned": 4,"Workers Launched": 4,"Plans": [{"Node Type": "Sort","Parent Relationship": "Outer","Parallel Aware": false,"Async Capable": false,"Startup Cost": 23238.99,"Total Cost": 23275.57,"Plan Rows": 14632,"Plan Width": 40,"Actual Startup Time": 121.378,"Actual Total Time": 124.183,"Actual Rows": 23650,"Actual Loops": 5,"Sort Key": ["part.p_brand", "part.p_type", "part.p_size"],"Sort Method": "quicksort","Sort Space Used": 2433,"Sort Space Type": "Memory","Workers": [{"Worker Number": 0,"Sort Method": "quicksort","Sort Space Used": 2915,"Sort Space Type": "Memory"},{"Worker Number": 1,"Sort Method": "quicksort","Sort Space Used": 2881,"Sort Space Type": "Memory"},{"Worker Number": 2,"Sort Method": "quicksort","Sort Space Used": 2454,"Sort Space Type": "Memory"},{"Worker Number": 3,"Sort Method": "quicksort","Sort Space Used": 2909,"Sort Space Type": "Memory"}],"Plans": [{"Node Type": "Hash Join","Parent Relationship": "Outer","Parallel Aware": true,"Async Capable": false,"Join Type": "Inner","Startup Cost": 6680.19,"Total Cost": 22226.69,"Plan Rows": 14632,"Plan Width": 40,"Actual Startup Time": 30.592,"Actual Total Time": 79.796,"Actual Rows": 23650,"Actual Loops": 5,"Inner Unique": true,"Hash Cond": "(partsupp.ps_partkey = part.p_partkey)","Workers": [],"Plans": [{"Node Type": "Index Only Scan","Parent Relationship": "Outer","Parallel Aware": true,"Async Capable": false,"Scan Direction": "Forward","Index Name": "partsupp_pkey","Relation Name": "partsupp","Alias": "partsupp","Startup Cost": 347.43,"Total Cost": 15631.43,"Plan Rows": 100000,"Plan Width": 8,"Actual Startup Time": 6.912,"Actual Total Time": 31.895,"Actual Rows": 159936,"Actual Loops": 5,"Filter": "(NOT (hashed SubPlan 1))","Rows Removed by Filter": 64,"Heap Fetches": 0,"Workers": [],"Plans": [{"Node Type": "Seq Scan","Parent Relationship": "SubPlan","Subplan Name": "SubPlan 1","Parallel Aware": false,"Async Capable": false,"Relation Name": "supplier","Alias": "supplier","Startup Cost": 0.00,"Total Cost": 347.00,"Plan Rows": 1,"Plan Width": 4,"Actual Startup Time": 0.147,"Actual Total Time": 6.779,"Actual Rows": 4,"Actual Loops": 5,"Filter": "((s_comment)::text ~~ '%Customer%Complaints%'::text)","Rows Removed by Filter": 9996,"Workers": []}]},{"Node Type": "Hash","Parent Relationship": "Inner","Parallel Aware": true,"Async Capable": false,"Startup Cost": 6180.33,"Total Cost": 6180.33,"Plan Rows": 12194,"Plan Width": 40,"Actual Startup Time": 23.378,"Actual Total Time": 23.382,"Actual Rows": 5915,"Actual Loops": 5,"Hash Buckets": 32768,"Original Hash Buckets": 32768,"Hash Batches": 1,"Original Hash Batches": 1,"Peak Memory Usage": 2560,"Workers": [],"Plans": [{"Node Type": "Seq Scan","Parent Relationship": "Outer","Parallel Aware": true,"Async Capable": false,"Relation Name": "part","Alias": "part","Startup Cost": 0.00,"Total Cost": 6180.33,"Plan Rows": 12194,"Plan Width": 40,"Actual Startup Time": 0.052,"Actual Total Time": 19.539,"Actual Rows": 5915,"Actual Loops": 5,"Filter": "((p_brand <> 'Brand#13'::bpchar) AND ((p_type)::text !~~ 'PROMO BRUSHED%'::text) AND (p_size = ANY ('{38,20,12,26,36,4,45,41}'::integer[])))","Rows Removed by Filter": 34085,"Workers": []}]}]}]}]}]}]},"Planning Time": 5.583,"Triggers": [],"Execution Time": 241.279}]
[{"Plan": {"Node Type": "Sort","Parallel Aware": false,"Async Capable": false,"Startup Cost": 33066.82,"Total Cost": 33106.48,"Plan Rows": 15864,"Plan Width": 44,"Actual Startup Time": 240.818,"Actual Total Time": 242.659,"Actual Rows": 18241,"Actual Loops": 1,"Sort Key": ["(count(DISTINCT partsupp.ps_suppkey)) DESC", "part.p_brand", "part.p_type", "part.p_size"],"Sort Method": "quicksort","Sort Space Used": 2336,"Sort Space Type": "Memory","Plans": [{"Node Type": "Aggregate","Strategy": "Sorted","Partial Mode": "Simple","Parent Relationship": "Outer","Parallel Aware": false,"Async Capable": false,"Startup Cost": 24234.61,"Total Cost": 31960.03,"Plan Rows": 15864,"Plan Width": 44,"Actual Startup Time": 133.984,"Actual Total Time": 202.218,"Actual Rows": 18241,"Actual Loops": 1,"Group Key": ["part.p_brand", "part.p_type", "part.p_size"],"Plans": [{"Node Type": "Gather Merge","Parent Relationship": "Outer","Parallel Aware": false,"Async Capable": false,"Startup Cost": 24234.61,"Total Cost": 31218.14,"Plan Rows": 58325,"Plan Width": 40,"Actual Startup Time": 133.912,"Actual Total Time": 174.207,"Actual Rows": 118006,"Actual Loops": 1,"Workers Planned": 4,"Workers Launched": 4,"Plans": [{"Node Type": "Sort","Parent Relationship": "Outer","Parallel Aware": false,"Async Capable": false,"Startup Cost": 23234.56,"Total Cost": 23271.01,"Plan Rows": 14581,"Plan Width": 40,"Actual Startup Time": 121.897,"Actual Total Time": 124.505,"Actual Rows": 23601,"Actual Loops": 5,"Sort Key": ["part.p_brand", "part.p_type", "part.p_size"],"Sort Method": "quicksort","Sort Space Used": 2425,"Sort Space Type": "Memory","Workers": [{"Worker Number": 0,"Sort Method": "quicksort","Sort Space Used": 2902,"Sort Space Type": "Memory"},{"Worker Number": 1,"Sort Method": "quicksort","Sort Space Used": 2937,"Sort Space Type": "Memory"},{"Worker Number": 2,"Sort Method": "quicksort","Sort Space Used": 2410,"Sort Space Type": "Memory"},{"Worker Number": 3,"Sort Method": "quicksort","Sort Space Used": 2898,"Sort Space Type": "Memory"}],"Plans": [{"Node Type": "Hash Join","Parent Relationship": "Outer","Parallel Aware": true,"Async Capable": false,"Join Type": "Inner","Startup Cost": 6679.65,"Total Cost": 22226.15,"Plan Rows": 14581,"Plan Width": 40,"Actual Startup Time": 30.106,"Actual Total Time": 80.596,"Actual Rows": 23601,"Actual Loops": 5,"Inner Unique": true,"Hash Cond": "(partsupp.ps_partkey = part.p_partkey)","Workers": [],"Plans": [{"Node Type": "Index Only Scan","Parent Relationship": "Outer","Parallel Aware": true,"Async Capable": false,"Scan Direction": "Forward","Index Name": "partsupp_pkey","Relation Name": "partsupp","Alias": "partsupp","Startup Cost": 347.43,"Total Cost": 15631.43,"Plan Rows": 100000,"Plan Width": 8,"Actual Startup Time": 7.313,"Actual Total Time": 32.799,"Actual Rows": 159936,"Actual Loops": 5,"Filter": "(NOT (hashed SubPlan 1))","Rows Removed by Filter": 64,"Heap Fetches": 0,"Workers": [],"Plans": [{"Node Type": "Seq Scan","Parent Relationship": "SubPlan","Subplan Name": "SubPlan 1","Parallel Aware": false,"Async Capable": false,"Relation Name": "supplier","Alias": "supplier","Startup Cost": 0.00,"Total Cost": 347.00,"Plan Rows": 1,"Plan Width": 4,"Actual Startup Time": 0.133,"Actual Total Time": 7.192,"Actual Rows": 4,"Actual Loops": 5,"Filter": "((s_comment)::text ~~ '%Customer%Complaints%'::text)","Rows Removed by Filter": 9996,"Workers": []}]},{"Node Type": "Hash","Parent Relationship": "Inner","Parallel Aware": true,"Async Capable": false,"Startup Cost": 6180.33,"Total Cost": 6180.33,"Plan Rows": 12151,"Plan Width": 40,"Actual Startup Time": 22.553,"Actual Total Time": 22.557,"Actual Rows": 5903,"Actual Loops": 5,"Hash Buckets": 32768,"Original Hash Buckets": 32768,"Hash Batches": 1,"Original Hash Batches": 1,"Peak Memory Usage": 2528,"Workers": [],"Plans": [{"Node Type": "Seq Scan","Parent Relationship": "Outer","Parallel Aware": true,"Async Capable": false,"Relation Name": "part","Alias": "part","Startup Cost": 0.00,"Total Cost": 6180.33,"Plan Rows": 12151,"Plan Width": 40,"Actual Startup Time": 0.053,"Actual Total Time": 19.088,"Actual Rows": 5903,"Actual Loops": 5,"Filter": "((p_brand <> 'Brand#21'::bpchar) AND ((p_type)::text !~~ 'SMALL PLATED%'::text) AND (p_size = ANY ('{6,23,47,9,40,19,35,25}'::integer[])))","Rows Removed by Filter": 34097,"Workers": []}]}]}]}]}]}]},"Planning Time": 5.110,"Triggers": [],"Execution Time": 243.911}]
[{"Plan": {"Node Type": "Sort","Parallel Aware": false,"Async Capable": false,"Startup Cost": 33342.01,"Total Cost": 33382.18,"Plan Rows": 16066,"Plan Width": 44,"Actual Startup Time": 232.669,"Actual Total Time": 234.774,"Actual Rows": 18358,"Actual Loops": 1,"Sort Key": ["(count(DISTINCT partsupp.ps_suppkey)) DESC", "part.p_brand", "part.p_type", "part.p_size"],"Sort Method": "quicksort","Sort Space Used": 2346,"Sort Space Type": "Memory","Plans": [{"Node Type": "Aggregate","Strategy": "Sorted","Partial Mode": "Simple","Parent Relationship": "Outer","Parallel Aware": false,"Async Capable": false,"Startup Cost": 24271.55,"Total Cost": 32219.66,"Plan Rows": 16066,"Plan Width": 44,"Actual Startup Time": 129.548,"Actual Total Time": 196.238,"Actual Rows": 18358,"Actual Loops": 1,"Group Key": ["part.p_brand", "part.p_type", "part.p_size"],"Plans": [{"Node Type": "Gather Merge","Parent Relationship": "Outer","Parallel Aware": false,"Async Capable": false,"Startup Cost": 24271.55,"Total Cost": 31458.74,"Plan Rows": 60026,"Plan Width": 40,"Actual Startup Time": 129.450,"Actual Total Time": 168.412,"Actual Rows": 120444,"Actual Loops": 1,"Workers Planned": 4,"Workers Launched": 4,"Plans": [{"Node Type": "Sort","Parent Relationship": "Outer","Parallel Aware": false,"Async Capable": false,"Startup Cost": 23271.50,"Total Cost": 23309.01,"Plan Rows": 15006,"Plan Width": 40,"Actual Startup Time": 120.271,"Actual Total Time": 122.774,"Actual Rows": 24089,"Actual Loops": 5,"Sort Key": ["part.p_brand", "part.p_type", "part.p_size"],"Sort Method": "quicksort","Sort Space Used": 2686,"Sort Space Type": "Memory","Workers": [{"Worker Number": 0,"Sort Method": "quicksort","Sort Space Used": 2668,"Sort Space Type": "Memory"},{"Worker Number": 1,"Sort Method": "quicksort","Sort Space Used": 2862,"Sort Space Type": "Memory"},{"Worker Number": 2,"Sort Method": "quicksort","Sort Space Used": 2683,"Sort Space Type": "Memory"},{"Worker Number": 3,"Sort Method": "quicksort","Sort Space Used": 2873,"Sort Space Type": "Memory"}],"Plans": [{"Node Type": "Hash Join","Parent Relationship": "Outer","Parallel Aware": true,"Async Capable": false,"Join Type": "Inner","Startup Cost": 6684.09,"Total Cost": 22230.59,"Plan Rows": 15006,"Plan Width": 40,"Actual Startup Time": 28.205,"Actual Total Time": 77.911,"Actual Rows": 24089,"Actual Loops": 5,"Inner Unique": true,"Hash Cond": "(partsupp.ps_partkey = part.p_partkey)","Workers": [],"Plans": [{"Node Type": "Index Only Scan","Parent Relationship": "Outer","Parallel Aware": true,"Async Capable": false,"Scan Direction": "Forward","Index Name": "partsupp_pkey","Relation Name": "partsupp","Alias": "partsupp","Startup Cost": 347.43,"Total Cost": 15631.43,"Plan Rows": 100000,"Plan Width": 8,"Actual Startup Time": 7.098,"Actual Total Time": 32.597,"Actual Rows": 159936,"Actual Loops": 5,"Filter": "(NOT (hashed SubPlan 1))","Rows Removed by Filter": 64,"Heap Fetches": 0,"Workers": [],"Plans": [{"Node Type": "Seq Scan","Parent Relationship": "SubPlan","Subplan Name": "SubPlan 1","Parallel Aware": false,"Async Capable": false,"Relation Name": "supplier","Alias": "supplier","Startup Cost": 0.00,"Total Cost": 347.00,"Plan Rows": 1,"Plan Width": 4,"Actual Startup Time": 0.145,"Actual Total Time": 6.940,"Actual Rows": 4,"Actual Loops": 5,"Filter": "((s_comment)::text ~~ '%Customer%Complaints%'::text)","Rows Removed by Filter": 9996,"Workers": []}]},{"Node Type": "Hash","Parent Relationship": "Inner","Parallel Aware": true,"Async Capable": false,"Startup Cost": 6180.33,"Total Cost": 6180.33,"Plan Rows": 12506,"Plan Width": 40,"Actual Startup Time": 20.851,"Actual Total Time": 20.855,"Actual Rows": 6024,"Actual Loops": 5,"Hash Buckets": 32768,"Original Hash Buckets": 32768,"Hash Batches": 1,"Original Hash Batches": 1,"Peak Memory Usage": 2592,"Workers": [],"Plans": [{"Node Type": "Seq Scan","Parent Relationship": "Outer","Parallel Aware": true,"Async Capable": false,"Relation Name": "part","Alias": "part","Startup Cost": 0.00,"Total Cost": 6180.33,"Plan Rows": 12506,"Plan Width": 40,"Actual Startup Time": 0.055,"Actual Total Time": 17.698,"Actual Rows": 6024,"Actual Loops": 5,"Filter": "((p_brand <> 'Brand#33'::bpchar) AND ((p_type)::text !~~ 'LARGE PLATED%'::text) AND (p_size = ANY ('{22,16,18,34,24,42,7,10}'::integer[])))","Rows Removed by Filter": 33976,"Workers": []}]}]}]}]}]}]},"Planning Time": 4.604,"Triggers": [],"Execution Time": 236.041}]
[{"Plan": {"Node Type": "Sort","Parallel Aware": false,"Async Capable": false,"Startup Cost": 33214.85,"Total Cost": 33254.79,"Plan Rows": 15974,"Plan Width": 44,"Actual Startup Time": 236.323,"Actual Total Time": 238.322,"Actual Rows": 18290,"Actual Loops": 1,"Sort Key": ["(count(DISTINCT partsupp.ps_suppkey)) DESC", "part.p_brand", "part.p_type", "part.p_size"],"Sort Method": "quicksort","Sort Space Used": 2339,"Sort Space Type": "Memory","Plans": [{"Node Type": "Aggregate","Strategy": "Sorted","Partial Mode": "Simple","Parent Relationship": "Outer","Parallel Aware": false,"Async Capable": false,"Startup Cost": 24254.50,"Total Cost": 32099.59,"Plan Rows": 15974,"Plan Width": 44,"Actual Startup Time": 131.495,"Actual Total Time": 198.374,"Actual Rows": 18290,"Actual Loops": 1,"Group Key": ["part.p_brand", "part.p_type", "part.p_size"],"Plans": [{"Node Type": "Gather Merge","Parent Relationship": "Outer","Parallel Aware": false,"Async Capable": false,"Startup Cost": 24254.50,"Total Cost": 31347.46,"Plan Rows": 59239,"Plan Width": 40,"Actual Startup Time": 131.423,"Actual Total Time": 170.960,"Actual Rows": 118836,"Actual Loops": 1,"Workers Planned": 4,"Workers Launched": 4,"Plans": [{"Node Type": "Sort","Parent Relationship": "Outer","Parallel Aware": false,"Async Capable": false,"Startup Cost": 23254.45,"Total Cost": 23291.47,"Plan Rows": 14810,"Plan Width": 40,"Actual Startup Time": 122.549,"Actual Total Time": 125.106,"Actual Rows": 23767,"Actual Loops": 5,"Sort Key": ["part.p_brand", "part.p_type", "part.p_size"],"Sort Method": "quicksort","Sort Space Used": 2679,"Sort Space Type": "Memory","Workers": [{"Worker Number": 0,"Sort Method": "quicksort","Sort Space Used": 2782,"Sort Space Type": "Memory"},{"Worker Number": 1,"Sort Method": "quicksort","Sort Space Used": 2753,"Sort Space Type": "Memory"},{"Worker Number": 2,"Sort Method": "quicksort","Sort Space Used": 2669,"Sort Space Type": "Memory"},{"Worker Number": 3,"Sort Method": "quicksort","Sort Space Used": 2753,"Sort Space Type": "Memory"}],"Plans": [{"Node Type": "Hash Join","Parent Relationship": "Outer","Parallel Aware": true,"Async Capable": false,"Join Type": "Inner","Startup Cost": 6682.04,"Total Cost": 22228.54,"Plan Rows": 14810,"Plan Width": 40,"Actual Startup Time": 29.935,"Actual Total Time": 80.821,"Actual Rows": 23767,"Actual Loops": 5,"Inner Unique": true,"Hash Cond": "(partsupp.ps_partkey = part.p_partkey)","Workers": [],"Plans": [{"Node Type": "Index Only Scan","Parent Relationship": "Outer","Parallel Aware": true,"Async Capable": false,"Scan Direction": "Forward","Index Name": "partsupp_pkey","Relation Name": "partsupp","Alias": "partsupp","Startup Cost": 347.43,"Total Cost": 15631.43,"Plan Rows": 100000,"Plan Width": 8,"Actual Startup Time": 7.591,"Actual Total Time": 32.876,"Actual Rows": 159936,"Actual Loops": 5,"Filter": "(NOT (hashed SubPlan 1))","Rows Removed by Filter": 64,"Heap Fetches": 0,"Workers": [],"Plans": [{"Node Type": "Seq Scan","Parent Relationship": "SubPlan","Subplan Name": "SubPlan 1","Parallel Aware": false,"Async Capable": false,"Relation Name": "supplier","Alias": "supplier","Startup Cost": 0.00,"Total Cost": 347.00,"Plan Rows": 1,"Plan Width": 4,"Actual Startup Time": 0.204,"Actual Total Time": 7.441,"Actual Rows": 4,"Actual Loops": 5,"Filter": "((s_comment)::text ~~ '%Customer%Complaints%'::text)","Rows Removed by Filter": 9996,"Workers": []}]},{"Node Type": "Hash","Parent Relationship": "Inner","Parallel Aware": true,"Async Capable": false,"Startup Cost": 6180.33,"Total Cost": 6180.33,"Plan Rows": 12342,"Plan Width": 40,"Actual Startup Time": 22.081,"Actual Total Time": 22.085,"Actual Rows": 5944,"Actual Loops": 5,"Hash Buckets": 32768,"Original Hash Buckets": 32768,"Hash Batches": 1,"Original Hash Batches": 1,"Peak Memory Usage": 2560,"Workers": [],"Plans": [{"Node Type": "Seq Scan","Parent Relationship": "Outer","Parallel Aware": true,"Async Capable": false,"Relation Name": "part","Alias": "part","Startup Cost": 0.00,"Total Cost": 6180.33,"Plan Rows": 12342,"Plan Width": 40,"Actual Startup Time": 0.067,"Actual Total Time": 18.622,"Actual Rows": 5944,"Actual Loops": 5,"Filter": "((p_brand <> 'Brand#45'::bpchar) AND ((p_type)::text !~~ 'MEDIUM PLATED%'::text) AND (p_size = ANY ('{9,21,43,28,47,49,22,42}'::integer[])))","Rows Removed by Filter": 34056,"Workers": []}]}]}]}]}]}]},"Planning Time": 4.370,"Triggers": [],"Execution Time": 239.677}]
[{"Plan": {"Node Type": "Sort","Parallel Aware": false,"Async Capable": false,"Startup Cost": 33454.19,"Total Cost": 33494.55,"Plan Rows": 16145,"Plan Width": 44,"Actual Startup Time": 253.462,"Actual Total Time": 255.582,"Actual Rows": 18343,"Actual Loops": 1,"Sort Key": ["(count(DISTINCT partsupp.ps_suppkey)) DESC", "part.p_brand", "part.p_type", "part.p_size"],"Sort Method": "quicksort","Sort Space Used": 2344,"Sort Space Type": "Memory","Plans": [{"Node Type": "Aggregate","Strategy": "Sorted","Partial Mode": "Simple","Parent Relationship": "Outer","Parallel Aware": false,"Async Capable": false,"Startup Cost": 24286.69,"Total Cost": 32325.75,"Plan Rows": 16145,"Plan Width": 44,"Actual Startup Time": 143.799,"Actual Total Time": 214.264,"Actual Rows": 18343,"Actual Loops": 1,"Group Key": ["part.p_brand", "part.p_type", "part.p_size"],"Plans": [{"Node Type": "Gather Merge","Parent Relationship": "Outer","Parallel Aware": false,"Async Capable": false,"Startup Cost": 24286.69,"Total Cost": 31557.09,"Plan Rows": 60721,"Plan Width": 40,"Actual Startup Time": 143.728,"Actual Total Time": 184.794,"Actual Rows": 119274,"Actual Loops": 1,"Workers Planned": 4,"Workers Launched": 4,"Plans": [{"Node Type": "Sort","Parent Relationship": "Outer","Parallel Aware": false,"Async Capable": false,"Startup Cost": 23286.63,"Total Cost": 23324.58,"Plan Rows": 15180,"Plan Width": 40,"Actual Startup Time": 128.453,"Actual Total Time": 130.981,"Actual Rows": 23855,"Actual Loops": 5,"Sort Key": ["part.p_brand", "part.p_type", "part.p_size"],"Sort Method": "quicksort","Sort Space Used": 2198,"Sort Space Type": "Memory","Workers": [{"Worker Number": 0,"Sort Method": "quicksort","Sort Space Used": 3100,"Sort Space Type": "Memory"},{"Worker Number": 1,"Sort Method": "quicksort","Sort Space Used": 3110,"Sort Space Type": "Memory"},{"Worker Number": 2,"Sort Method": "quicksort","Sort Space Used": 2827,"Sort Space Type": "Memory"},{"Worker Number": 3,"Sort Method": "quicksort","Sort Space Used": 2441,"Sort Space Type": "Memory"}],"Plans": [{"Node Type": "Hash Join","Parent Relationship": "Outer","Parallel Aware": true,"Async Capable": false,"Join Type": "Inner","Startup Cost": 6685.89,"Total Cost": 22232.39,"Plan Rows": 15180,"Plan Width": 40,"Actual Startup Time": 32.812,"Actual Total Time": 86.052,"Actual Rows": 23855,"Actual Loops": 5,"Inner Unique": true,"Hash Cond": "(partsupp.ps_partkey = part.p_partkey)","Workers": [],"Plans": [{"Node Type": "Index Only Scan","Parent Relationship": "Outer","Parallel Aware": true,"Async Capable": false,"Scan Direction": "Forward","Index Name": "partsupp_pkey","Relation Name": "partsupp","Alias": "partsupp","Startup Cost": 347.43,"Total Cost": 15631.43,"Plan Rows": 100000,"Plan Width": 8,"Actual Startup Time": 9.004,"Actual Total Time": 35.956,"Actual Rows": 159936,"Actual Loops": 5,"Filter": "(NOT (hashed SubPlan 1))","Rows Removed by Filter": 64,"Heap Fetches": 0,"Workers": [],"Plans": [{"Node Type": "Seq Scan","Parent Relationship": "SubPlan","Subplan Name": "SubPlan 1","Parallel Aware": false,"Async Capable": false,"Relation Name": "supplier","Alias": "supplier","Startup Cost": 0.00,"Total Cost": 347.00,"Plan Rows": 1,"Plan Width": 4,"Actual Startup Time": 0.176,"Actual Total Time": 8.855,"Actual Rows": 4,"Actual Loops": 5,"Filter": "((s_comment)::text ~~ '%Customer%Complaints%'::text)","Rows Removed by Filter": 9996,"Workers": []}]},{"Node Type": "Hash","Parent Relationship": "Inner","Parallel Aware": true,"Async Capable": false,"Startup Cost": 6180.33,"Total Cost": 6180.33,"Plan Rows": 12650,"Plan Width": 40,"Actual Startup Time": 23.505,"Actual Total Time": 23.510,"Actual Rows": 5966,"Actual Loops": 5,"Hash Buckets": 32768,"Original Hash Buckets": 32768,"Hash Batches": 1,"Original Hash Batches": 1,"Peak Memory Usage": 2560,"Workers": [],"Plans": [{"Node Type": "Seq Scan","Parent Relationship": "Outer","Parallel Aware": true,"Async Capable": false,"Relation Name": "part","Alias": "part","Startup Cost": 0.00,"Total Cost": 6180.33,"Plan Rows": 12650,"Plan Width": 40,"Actual Startup Time": 0.042,"Actual Total Time": 19.883,"Actual Rows": 5966,"Actual Loops": 5,"Filter": "((p_brand <> 'Brand#33'::bpchar) AND ((p_type)::text !~~ 'LARGE BRUSHED%'::text) AND (p_size = ANY ('{17,4,3,11,29,1,46,42}'::integer[])))","Rows Removed by Filter": 34034,"Workers": []}]}]}]}]}]}]},"Planning Time": 4.461,"Triggers": [],"Execution Time": 256.789}]
[{"Plan": {"Node Type": "Sort","Parallel Aware": false,"Async Capable": false,"Startup Cost": 33381.88,"Total Cost": 33422.12,"Plan Rows": 16094,"Plan Width": 44,"Actual Startup Time": 240.679,"Actual Total Time": 242.419,"Actual Rows": 18291,"Actual Loops": 1,"Sort Key": ["(count(DISTINCT partsupp.ps_suppkey)) DESC", "part.p_brand", "part.p_type", "part.p_size"],"Sort Method": "quicksort","Sort Space Used": 2340,"Sort Space Type": "Memory","Plans": [{"Node Type": "Aggregate","Strategy": "Sorted","Partial Mode": "Simple","Parent Relationship": "Outer","Parallel Aware": false,"Async Capable": false,"Startup Cost": 24276.94,"Total Cost": 32257.38,"Plan Rows": 16094,"Plan Width": 44,"Actual Startup Time": 136.695,"Actual Total Time": 204.660,"Actual Rows": 18291,"Actual Loops": 1,"Group Key": ["part.p_brand", "part.p_type", "part.p_size"],"Plans": [{"Node Type": "Gather Merge","Parent Relationship": "Outer","Parallel Aware": false,"Async Capable": false,"Startup Cost": 24276.94,"Total Cost": 31493.71,"Plan Rows": 60273,"Plan Width": 40,"Actual Startup Time": 136.627,"Actual Total Time": 176.292,"Actual Rows": 119618,"Actual Loops": 1,"Workers Planned": 4,"Workers Launched": 4,"Plans": [{"Node Type": "Sort","Parent Relationship": "Outer","Parallel Aware": false,"Async Capable": false,"Startup Cost": 23276.88,"Total Cost": 23314.55,"Plan Rows": 15068,"Plan Width": 40,"Actual Startup Time": 124.911,"Actual Total Time": 127.652,"Actual Rows": 23924,"Actual Loops": 5,"Sort Key": ["part.p_brand", "part.p_type", "part.p_size"],"Sort Method": "quicksort","Sort Space Used": 2438,"Sort Space Type": "Memory","Workers": [{"Worker Number": 0,"Sort Method": "quicksort","Sort Space Used": 2914,"Sort Space Type": "Memory"},{"Worker Number": 1,"Sort Method": "quicksort","Sort Space Used": 2524,"Sort Space Type": "Memory"},{"Worker Number": 2,"Sort Method": "quicksort","Sort Space Used": 2893,"Sort Space Type": "Memory"},{"Worker Number": 3,"Sort Method": "quicksort","Sort Space Used": 2925,"Sort Space Type": "Memory"}],"Plans": [{"Node Type": "Hash Join","Parent Relationship": "Outer","Parallel Aware": true,"Async Capable": false,"Join Type": "Inner","Startup Cost": 6684.72,"Total Cost": 22231.22,"Plan Rows": 15068,"Plan Width": 40,"Actual Startup Time": 32.658,"Actual Total Time": 82.755,"Actual Rows": 23924,"Actual Loops": 5,"Inner Unique": true,"Hash Cond": "(partsupp.ps_partkey = part.p_partkey)","Workers": [],"Plans": [{"Node Type": "Index Only Scan","Parent Relationship": "Outer","Parallel Aware": true,"Async Capable": false,"Scan Direction": "Forward","Index Name": "partsupp_pkey","Relation Name": "partsupp","Alias": "partsupp","Startup Cost": 347.43,"Total Cost": 15631.43,"Plan Rows": 100000,"Plan Width": 8,"Actual Startup Time": 9.466,"Actual Total Time": 35.177,"Actual Rows": 159936,"Actual Loops": 5,"Filter": "(NOT (hashed SubPlan 1))","Rows Removed by Filter": 64,"Heap Fetches": 0,"Workers": [],"Plans": [{"Node Type": "Seq Scan","Parent Relationship": "SubPlan","Subplan Name": "SubPlan 1","Parallel Aware": false,"Async Capable": false,"Relation Name": "supplier","Alias": "supplier","Startup Cost": 0.00,"Total Cost": 347.00,"Plan Rows": 1,"Plan Width": 4,"Actual Startup Time": 0.438,"Actual Total Time": 9.290,"Actual Rows": 4,"Actual Loops": 5,"Filter": "((s_comment)::text ~~ '%Customer%Complaints%'::text)","Rows Removed by Filter": 9996,"Workers": []}]},{"Node Type": "Hash","Parent Relationship": "Inner","Parallel Aware": true,"Async Capable": false,"Startup Cost": 6180.33,"Total Cost": 6180.33,"Plan Rows": 12557,"Plan Width": 40,"Actual Startup Time": 22.891,"Actual Total Time": 22.897,"Actual Rows": 5983,"Actual Loops": 5,"Hash Buckets": 32768,"Original Hash Buckets": 32768,"Hash Batches": 1,"Original Hash Batches": 1,"Peak Memory Usage": 2592,"Workers": [],"Plans": [{"Node Type": "Seq Scan","Parent Relationship": "Outer","Parallel Aware": true,"Async Capable": false,"Relation Name": "part","Alias": "part","Startup Cost": 0.00,"Total Cost": 6180.33,"Plan Rows": 12557,"Plan Width": 40,"Actual Startup Time": 0.056,"Actual Total Time": 19.419,"Actual Rows": 5983,"Actual Loops": 5,"Filter": "((p_brand <> 'Brand#33'::bpchar) AND ((p_type)::text !~~ 'MEDIUM BRUSHED%'::text) AND (p_size = ANY ('{7,1,33,38,45,12,9,16}'::integer[])))","Rows Removed by Filter": 34017,"Workers": []}]}]}]}]}]}]},"Planning Time": 5.266,"Triggers": [],"Execution Time": 243.853}]
[{"Plan": {"Node Type": "Sort","Parallel Aware": false,"Async Capable": false,"Startup Cost": 33306.89,"Total Cost": 33346.99,"Plan Rows": 16040,"Plan Width": 44,"Actual Startup Time": 237.214,"Actual Total Time": 239.227,"Actual Rows": 18358,"Actual Loops": 1,"Sort Key": ["(count(DISTINCT partsupp.ps_suppkey)) DESC", "part.p_brand", "part.p_type", "part.p_size"],"Sort Method": "quicksort","Sort Space Used": 2345,"Sort Space Type": "Memory","Plans": [{"Node Type": "Aggregate","Strategy": "Sorted","Partial Mode": "Simple","Parent Relationship": "Outer","Parallel Aware": false,"Async Capable": false,"Startup Cost": 24266.84,"Total Cost": 32186.54,"Plan Rows": 16040,"Plan Width": 44,"Actual Startup Time": 130.985,"Actual Total Time": 198.346,"Actual Rows": 18358,"Actual Loops": 1,"Group Key": ["part.p_brand", "part.p_type", "part.p_size"],"Plans": [{"Node Type": "Gather Merge","Parent Relationship": "Outer","Parallel Aware": false,"Async Capable": false,"Startup Cost": 24266.84,"Total Cost": 31428.05,"Plan Rows": 59809,"Plan Width": 40,"Actual Startup Time": 130.913,"Actual Total Time": 170.609,"Actual Rows": 119606,"Actual Loops": 1,"Workers Planned": 4,"Workers Launched": 4,"Plans": [{"Node Type": "Sort","Parent Relationship": "Outer","Parallel Aware": false,"Async Capable": false,"Startup Cost": 23266.79,"Total Cost": 23304.17,"Plan Rows": 14952,"Plan Width": 40,"Actual Startup Time": 121.750,"Actual Total Time": 124.386,"Actual Rows": 23921,"Actual Loops": 5,"Sort Key": ["part.p_brand", "part.p_type", "part.p_size"],"Sort Method": "quicksort","Sort Space Used": 2699,"Sort Space Type": "Memory","Workers": [{"Worker Number": 0,"Sort Method": "quicksort","Sort Space Used": 2736,"Sort Space Type": "Memory"},{"Worker Number": 1,"Sort Method": "quicksort","Sort Space Used": 2780,"Sort Space Type": "Memory"},{"Worker Number": 2,"Sort Method": "quicksort","Sort Space Used": 2664,"Sort Space Type": "Memory"},{"Worker Number": 3,"Sort Method": "quicksort","Sort Space Used": 2812,"Sort Space Type": "Memory"}],"Plans": [{"Node Type": "Hash Join","Parent Relationship": "Outer","Parallel Aware": true,"Async Capable": false,"Join Type": "Inner","Startup Cost": 6683.51,"Total Cost": 22230.01,"Plan Rows": 14952,"Plan Width": 40,"Actual Startup Time": 30.128,"Actual Total Time": 79.993,"Actual Rows": 23921,"Actual Loops": 5,"Inner Unique": true,"Hash Cond": "(partsupp.ps_partkey = part.p_partkey)","Workers": [],"Plans": [{"Node Type": "Index Only Scan","Parent Relationship": "Outer","Parallel Aware": true,"Async Capable": false,"Scan Direction": "Forward","Index Name": "partsupp_pkey","Relation Name": "partsupp","Alias": "partsupp","Startup Cost": 347.43,"Total Cost": 15631.43,"Plan Rows": 100000,"Plan Width": 8,"Actual Startup Time": 7.453,"Actual Total Time": 32.176,"Actual Rows": 159936,"Actual Loops": 5,"Filter": "(NOT (hashed SubPlan 1))","Rows Removed by Filter": 64,"Heap Fetches": 0,"Workers": [],"Plans": [{"Node Type": "Seq Scan","Parent Relationship": "SubPlan","Subplan Name": "SubPlan 1","Parallel Aware": false,"Async Capable": false,"Relation Name": "supplier","Alias": "supplier","Startup Cost": 0.00,"Total Cost": 347.00,"Plan Rows": 1,"Plan Width": 4,"Actual Startup Time": 0.116,"Actual Total Time": 7.319,"Actual Rows": 4,"Actual Loops": 5,"Filter": "((s_comment)::text ~~ '%Customer%Complaints%'::text)","Rows Removed by Filter": 9996,"Workers": []}]},{"Node Type": "Hash","Parent Relationship": "Inner","Parallel Aware": true,"Async Capable": false,"Startup Cost": 6180.33,"Total Cost": 6180.33,"Plan Rows": 12460,"Plan Width": 40,"Actual Startup Time": 22.410,"Actual Total Time": 22.413,"Actual Rows": 5983,"Actual Loops": 5,"Hash Buckets": 32768,"Original Hash Buckets": 32768,"Hash Batches": 1,"Original Hash Batches": 1,"Peak Memory Usage": 2528,"Workers": [],"Plans": [{"Node Type": "Seq Scan","Parent Relationship": "Outer","Parallel Aware": true,"Async Capable": false,"Relation Name": "part","Alias": "part","Startup Cost": 0.00,"Total Cost": 6180.33,"Plan Rows": 12460,"Plan Width": 40,"Actual Startup Time": 0.058,"Actual Total Time": 18.895,"Actual Rows": 5983,"Actual Loops": 5,"Filter": "((p_brand <> 'Brand#13'::bpchar) AND ((p_type)::text !~~ 'ECONOMY PLATED%'::text) AND (p_size = ANY ('{19,23,47,7,2,16,35,30}'::integer[])))","Rows Removed by Filter": 34017,"Workers": []}]}]}]}]}]}]},"Planning Time": 4.024,"Triggers": [],"Execution Time": 240.577}]
[{"Plan": {"Node Type": "Sort","Parallel Aware": false,"Async Capable": false,"Startup Cost": 32963.95,"Total Cost": 33003.42,"Plan Rows": 15787,"Plan Width": 44,"Actual Startup Time": 231.192,"Actual Total Time": 233.317,"Actual Rows": 18221,"Actual Loops": 1,"Sort Key": ["(count(DISTINCT partsupp.ps_suppkey)) DESC", "part.p_brand", "part.p_type", "part.p_size"],"Sort Method": "quicksort","Sort Space Used": 2333,"Sort Space Type": "Memory","Plans": [{"Node Type": "Aggregate","Strategy": "Sorted","Partial Mode": "Simple","Parent Relationship": "Outer","Parallel Aware": false,"Async Capable": false,"Startup Cost": 24220.83,"Total Cost": 31863.09,"Plan Rows": 15787,"Plan Width": 44,"Actual Startup Time": 128.256,"Actual Total Time": 193.791,"Actual Rows": 18221,"Actual Loops": 1,"Group Key": ["part.p_brand", "part.p_type", "part.p_size"],"Plans": [{"Node Type": "Gather Merge","Parent Relationship": "Outer","Parallel Aware": false,"Async Capable": false,"Startup Cost": 24220.83,"Total Cost": 31128.32,"Plan Rows": 57690,"Plan Width": 40,"Actual Startup Time": 128.143,"Actual Total Time": 166.594,"Actual Rows": 117517,"Actual Loops": 1,"Workers Planned": 4,"Workers Launched": 4,"Plans": [{"Node Type": "Sort","Parent Relationship": "Outer","Parallel Aware": false,"Async Capable": false,"Startup Cost": 23220.77,"Total Cost": 23256.82,"Plan Rows": 14422,"Plan Width": 40,"Actual Startup Time": 118.691,"Actual Total Time": 120.947,"Actual Rows": 23503,"Actual Loops": 5,"Sort Key": ["part.p_brand", "part.p_type", "part.p_size"],"Sort Method": "quicksort","Sort Space Used": 2671,"Sort Space Type": "Memory","Workers": [{"Worker Number": 0,"Sort Method": "quicksort","Sort Space Used": 2639,"Sort Space Type": "Memory"},{"Worker Number": 1,"Sort Method": "quicksort","Sort Space Used": 2818,"Sort Space Type": "Memory"},{"Worker Number": 2,"Sort Method": "quicksort","Sort Space Used": 2597,"Sort Space Type": "Memory"},{"Worker Number": 3,"Sort Method": "quicksort","Sort Space Used": 2807,"Sort Space Type": "Memory"}],"Plans": [{"Node Type": "Hash Join","Parent Relationship": "Outer","Parallel Aware": true,"Async Capable": false,"Join Type": "Inner","Startup Cost": 6678.00,"Total Cost": 22224.50,"Plan Rows": 14422,"Plan Width": 40,"Actual Startup Time": 28.331,"Actual Total Time": 77.700,"Actual Rows": 23503,"Actual Loops": 5,"Inner Unique": true,"Hash Cond": "(partsupp.ps_partkey = part.p_partkey)","Workers": [],"Plans": [{"Node Type": "Index Only Scan","Parent Relationship": "Outer","Parallel Aware": true,"Async Capable": false,"Scan Direction": "Forward","Index Name": "partsupp_pkey","Relation Name": "partsupp","Alias": "partsupp","Startup Cost": 347.43,"Total Cost": 15631.43,"Plan Rows": 100000,"Plan Width": 8,"Actual Startup Time": 7.154,"Actual Total Time": 32.686,"Actual Rows": 159936,"Actual Loops": 5,"Filter": "(NOT (hashed SubPlan 1))","Rows Removed by Filter": 64,"Heap Fetches": 0,"Workers": [],"Plans": [{"Node Type": "Seq Scan","Parent Relationship": "SubPlan","Subplan Name": "SubPlan 1","Parallel Aware": false,"Async Capable": false,"Relation Name": "supplier","Alias": "supplier","Startup Cost": 0.00,"Total Cost": 347.00,"Plan Rows": 1,"Plan Width": 4,"Actual Startup Time": 0.149,"Actual Total Time": 6.995,"Actual Rows": 4,"Actual Loops": 5,"Filter": "((s_comment)::text ~~ '%Customer%Complaints%'::text)","Rows Removed by Filter": 9996,"Workers": []}]},{"Node Type": "Hash","Parent Relationship": "Inner","Parallel Aware": true,"Async Capable": false,"Startup Cost": 6180.33,"Total Cost": 6180.33,"Plan Rows": 12019,"Plan Width": 40,"Actual Startup Time": 20.915,"Actual Total Time": 20.918,"Actual Rows": 5878,"Actual Loops": 5,"Hash Buckets": 32768,"Original Hash Buckets": 32768,"Hash Batches": 1,"Original Hash Batches": 1,"Peak Memory Usage": 2560,"Workers": [],"Plans": [{"Node Type": "Seq Scan","Parent Relationship": "Outer","Parallel Aware": true,"Async Capable": false,"Relation Name": "part","Alias": "part","Startup Cost": 0.00,"Total Cost": 6180.33,"Plan Rows": 12019,"Plan Width": 40,"Actual Startup Time": 0.067,"Actual Total Time": 17.762,"Actual Rows": 5878,"Actual Loops": 5,"Filter": "((p_brand <> 'Brand#24'::bpchar) AND ((p_type)::text !~~ 'MEDIUM PLATED%'::text) AND (p_size = ANY ('{50,47,36,24,41,31,23,48}'::integer[])))","Rows Removed by Filter": 34122,"Workers": []}]}]}]}]}]}]},"Planning Time": 5.282,"Triggers": [],"Execution Time": 234.604}]
[{"Plan": {"Node Type": "Sort","Parallel Aware": false,"Async Capable": false,"Startup Cost": 33135.89,"Total Cost": 33175.68,"Plan Rows": 15916,"Plan Width": 44,"Actual Startup Time": 236.931,"Actual Total Time": 238.639,"Actual Rows": 18272,"Actual Loops": 1,"Sort Key": ["(count(DISTINCT partsupp.ps_suppkey)) DESC", "part.p_brand", "part.p_type", "part.p_size"],"Sort Method": "quicksort","Sort Space Used": 2338,"Sort Space Type": "Memory","Plans": [{"Node Type": "Aggregate","Strategy": "Sorted","Partial Mode": "Simple","Parent Relationship": "Outer","Parallel Aware": false,"Async Capable": false,"Startup Cost": 24243.90,"Total Cost": 32025.10,"Plan Rows": 15916,"Plan Width": 44,"Actual Startup Time": 132.387,"Actual Total Time": 197.722,"Actual Rows": 18272,"Actual Loops": 1,"Group Key": ["part.p_brand", "part.p_type", "part.p_size"],"Plans": [{"Node Type": "Gather Merge","Parent Relationship": "Outer","Parallel Aware": false,"Async Capable": false,"Startup Cost": 24243.90,"Total Cost": 31278.43,"Plan Rows": 58751,"Plan Width": 40,"Actual Startup Time": 132.333,"Actual Total Time": 170.170,"Actual Rows": 117369,"Actual Loops": 1,"Workers Planned": 4,"Workers Launched": 4,"Plans": [{"Node Type": "Sort","Parent Relationship": "Outer","Parallel Aware": false,"Async Capable": false,"Startup Cost": 23243.84,"Total Cost": 23280.56,"Plan Rows": 14688,"Plan Width": 40,"Actual Startup Time": 121.936,"Actual Total Time": 124.196,"Actual Rows": 23474,"Actual Loops": 5,"Sort Key": ["part.p_brand", "part.p_type", "part.p_size"],"Sort Method": "quicksort","Sort Space Used": 2501,"Sort Space Type": "Memory","Workers": [{"Worker Number": 0,"Sort Method": "quicksort","Sort Space Used": 2481,"Sort Space Type": "Memory"},{"Worker Number": 1,"Sort Method": "quicksort","Sort Space Used": 2824,"Sort Space Type": "Memory"},{"Worker Number": 2,"Sort Method": "quicksort","Sort Space Used": 2856,"Sort Space Type": "Memory"},{"Worker Number": 3,"Sort Method": "quicksort","Sort Space Used": 2834,"Sort Space Type": "Memory"}],"Plans": [{"Node Type": "Hash Join","Parent Relationship": "Outer","Parallel Aware": true,"Async Capable": false,"Join Type": "Inner","Startup Cost": 6680.76,"Total Cost": 22227.26,"Plan Rows": 14688,"Plan Width": 40,"Actual Startup Time": 29.697,"Actual Total Time": 80.785,"Actual Rows": 23474,"Actual Loops": 5,"Inner Unique": true,"Hash Cond": "(partsupp.ps_partkey = part.p_partkey)","Workers": [],"Plans": [{"Node Type": "Index Only Scan","Parent Relationship": "Outer","Parallel Aware": true,"Async Capable": false,"Scan Direction": "Forward","Index Name": "partsupp_pkey","Relation Name": "partsupp","Alias": "partsupp","Startup Cost": 347.43,"Total Cost": 15631.43,"Plan Rows": 100000,"Plan Width": 8,"Actual Startup Time": 7.200,"Actual Total Time": 33.704,"Actual Rows": 159936,"Actual Loops": 5,"Filter": "(NOT (hashed SubPlan 1))","Rows Removed by Filter": 64,"Heap Fetches": 0,"Workers": [],"Plans": [{"Node Type": "Seq Scan","Parent Relationship": "SubPlan","Subplan Name": "SubPlan 1","Parallel Aware": false,"Async Capable": false,"Relation Name": "supplier","Alias": "supplier","Startup Cost": 0.00,"Total Cost": 347.00,"Plan Rows": 1,"Plan Width": 4,"Actual Startup Time": 0.151,"Actual Total Time": 7.075,"Actual Rows": 4,"Actual Loops": 5,"Filter": "((s_comment)::text ~~ '%Customer%Complaints%'::text)","Rows Removed by Filter": 9996,"Workers": []}]},{"Node Type": "Hash","Parent Relationship": "Inner","Parallel Aware": true,"Async Capable": false,"Startup Cost": 6180.33,"Total Cost": 6180.33,"Plan Rows": 12240,"Plan Width": 40,"Actual Startup Time": 22.198,"Actual Total Time": 22.202,"Actual Rows": 5871,"Actual Loops": 5,"Hash Buckets": 32768,"Original Hash Buckets": 32768,"Hash Batches": 1,"Original Hash Batches": 1,"Peak Memory Usage": 2528,"Workers": [],"Plans": [{"Node Type": "Seq Scan","Parent Relationship": "Outer","Parallel Aware": true,"Async Capable": false,"Relation Name": "part","Alias": "part","Startup Cost": 0.00,"Total Cost": 6180.33,"Plan Rows": 12240,"Plan Width": 40,"Actual Startup Time": 0.065,"Actual Total Time": 18.520,"Actual Rows": 5871,"Actual Loops": 5,"Filter": "((p_brand <> 'Brand#33'::bpchar) AND ((p_type)::text !~~ 'SMALL BURNISHED%'::text) AND (p_size = ANY ('{40,19,26,20,46,11,47,17}'::integer[])))","Rows Removed by Filter": 34129,"Workers": []}]}]}]}]}]}]},"Planning Time": 3.755,"Triggers": [],"Execution Time": 239.508}]
[{"Plan": {"Node Type": "Sort","Parallel Aware": false,"Async Capable": false,"Startup Cost": 33091.70,"Total Cost": 33131.41,"Plan Rows": 15883,"Plan Width": 44,"Actual Startup Time": 232.056,"Actual Total Time": 233.969,"Actual Rows": 18201,"Actual Loops": 1,"Sort Key": ["(count(DISTINCT partsupp.ps_suppkey)) DESC", "part.p_brand", "part.p_type", "part.p_size"],"Sort Method": "quicksort","Sort Space Used": 2332,"Sort Space Type": "Memory","Plans": [{"Node Type": "Aggregate","Strategy": "Sorted","Partial Mode": "Simple","Parent Relationship": "Outer","Parallel Aware": false,"Async Capable": false,"Startup Cost": 24237.99,"Total Cost": 31983.45,"Plan Rows": 15883,"Plan Width": 44,"Actual Startup Time": 129.125,"Actual Total Time": 194.882,"Actual Rows": 18201,"Actual Loops": 1,"Group Key": ["part.p_brand", "part.p_type", "part.p_size"],"Plans": [{"Node Type": "Gather Merge","Parent Relationship": "Outer","Parallel Aware": false,"Async Capable": false,"Startup Cost": 24237.99,"Total Cost": 31239.84,"Plan Rows": 58478,"Plan Width": 40,"Actual Startup Time": 129.084,"Actual Total Time": 167.740,"Actual Rows": 117708,"Actual Loops": 1,"Workers Planned": 4,"Workers Launched": 4,"Plans": [{"Node Type": "Sort","Parent Relationship": "Outer","Parallel Aware": false,"Async Capable": false,"Startup Cost": 23237.93,"Total Cost": 23274.48,"Plan Rows": 14620,"Plan Width": 40,"Actual Startup Time": 120.934,"Actual Total Time": 123.532,"Actual Rows": 23542,"Actual Loops": 5,"Sort Key": ["part.p_brand", "part.p_type", "part.p_size"],"Sort Method": "quicksort","Sort Space Used": 2677,"Sort Space Type": "Memory","Workers": [{"Worker Number": 0,"Sort Method": "quicksort","Sort Space Used": 2733,"Sort Space Type": "Memory"},{"Worker Number": 1,"Sort Method": "quicksort","Sort Space Used": 2613,"Sort Space Type": "Memory"},{"Worker Number": 2,"Sort Method": "quicksort","Sort Space Used": 2740,"Sort Space Type": "Memory"},{"Worker Number": 3,"Sort Method": "quicksort","Sort Space Used": 2751,"Sort Space Type": "Memory"}],"Plans": [{"Node Type": "Hash Join","Parent Relationship": "Outer","Parallel Aware": true,"Async Capable": false,"Join Type": "Inner","Startup Cost": 6680.05,"Total Cost": 22226.55,"Plan Rows": 14620,"Plan Width": 40,"Actual Startup Time": 29.591,"Actual Total Time": 79.966,"Actual Rows": 23542,"Actual Loops": 5,"Inner Unique": true,"Hash Cond": "(partsupp.ps_partkey = part.p_partkey)","Workers": [],"Plans": [{"Node Type": "Index Only Scan","Parent Relationship": "Outer","Parallel Aware": true,"Async Capable": false,"Scan Direction": "Forward","Index Name": "partsupp_pkey","Relation Name": "partsupp","Alias": "partsupp","Startup Cost": 347.43,"Total Cost": 15631.43,"Plan Rows": 100000,"Plan Width": 8,"Actual Startup Time": 7.443,"Actual Total Time": 32.523,"Actual Rows": 159936,"Actual Loops": 5,"Filter": "(NOT (hashed SubPlan 1))","Rows Removed by Filter": 64,"Heap Fetches": 0,"Workers": [],"Plans": [{"Node Type": "Seq Scan","Parent Relationship": "SubPlan","Subplan Name": "SubPlan 1","Parallel Aware": false,"Async Capable": false,"Relation Name": "supplier","Alias": "supplier","Startup Cost": 0.00,"Total Cost": 347.00,"Plan Rows": 1,"Plan Width": 4,"Actual Startup Time": 0.134,"Actual Total Time": 7.286,"Actual Rows": 4,"Actual Loops": 5,"Filter": "((s_comment)::text ~~ '%Customer%Complaints%'::text)","Rows Removed by Filter": 9996,"Workers": []}]},{"Node Type": "Hash","Parent Relationship": "Inner","Parallel Aware": true,"Async Capable": false,"Startup Cost": 6180.33,"Total Cost": 6180.33,"Plan Rows": 12183,"Plan Width": 40,"Actual Startup Time": 21.886,"Actual Total Time": 21.890,"Actual Rows": 5888,"Actual Loops": 5,"Hash Buckets": 32768,"Original Hash Buckets": 32768,"Hash Batches": 1,"Original Hash Batches": 1,"Peak Memory Usage": 2560,"Workers": [],"Plans": [{"Node Type": "Seq Scan","Parent Relationship": "Outer","Parallel Aware": true,"Async Capable": false,"Relation Name": "part","Alias": "part","Startup Cost": 0.00,"Total Cost": 6180.33,"Plan Rows": 12183,"Plan Width": 40,"Actual Startup Time": 0.059,"Actual Total Time": 18.368,"Actual Rows": 5888,"Actual Loops": 5,"Filter": "((p_brand <> 'Brand#52'::bpchar) AND ((p_type)::text !~~ 'STANDARD ANODIZED%'::text) AND (p_size = ANY ('{2,9,32,4,27,19,44,31}'::integer[])))","Rows Removed by Filter": 34112,"Workers": []}]}]}]}]}]}]},"Planning Time": 4.479,"Triggers": [],"Execution Time": 235.201}]
[{"Plan": {"Node Type": "Sort","Parallel Aware": false,"Async Capable": false,"Startup Cost": 33571.64,"Total Cost": 33612.21,"Plan Rows": 16227,"Plan Width": 44,"Actual Startup Time": 250.180,"Actual Total Time": 251.964,"Actual Rows": 18287,"Actual Loops": 1,"Sort Key": ["(count(DISTINCT partsupp.ps_suppkey)) DESC", "part.p_brand", "part.p_type", "part.p_size"],"Sort Method": "quicksort","Sort Space Used": 2339,"Sort Space Type": "Memory","Plans": [{"Node Type": "Aggregate","Strategy": "Sorted","Partial Mode": "Simple","Parent Relationship": "Outer","Parallel Aware": false,"Async Capable": false,"Startup Cost": 24302.55,"Total Cost": 32436.88,"Plan Rows": 16227,"Plan Width": 44,"Actual Startup Time": 139.972,"Actual Total Time": 210.444,"Actual Rows": 18287,"Actual Loops": 1,"Group Key": ["part.p_brand", "part.p_type", "part.p_size"],"Plans": [{"Node Type": "Gather Merge","Parent Relationship": "Outer","Parallel Aware": false,"Async Capable": false,"Startup Cost": 24302.55,"Total Cost": 31660.12,"Plan Rows": 61449,"Plan Width": 40,"Actual Startup Time": 139.908,"Actual Total Time": 180.857,"Actual Rows": 119142,"Actual Loops": 1,"Workers Planned": 4,"Workers Launched": 4,"Plans": [{"Node Type": "Sort","Parent Relationship": "Outer","Parallel Aware": false,"Async Capable": false,"Startup Cost": 23302.49,"Total Cost": 23340.89,"Plan Rows": 15362,"Plan Width": 40,"Actual Startup Time": 125.543,"Actual Total Time": 128.133,"Actual Rows": 23828,"Actual Loops": 5,"Sort Key": ["part.p_brand", "part.p_type", "part.p_size"],"Sort Method": "quicksort","Sort Space Used": 2379,"Sort Space Type": "Memory","Workers": [{"Worker Number": 0,"Sort Method": "quicksort","Sort Space Used": 2853,"Sort Space Type": "Memory"},{"Worker Number": 1,"Sort Method": "quicksort","Sort Space Used": 2864,"Sort Space Type": "Memory"},{"Worker Number": 2,"Sort Method": "quicksort","Sort Space Used": 2830,"Sort Space Type": "Memory"},{"Worker Number": 3,"Sort Method": "quicksort","Sort Space Used": 2716,"Sort Space Type": "Memory"}],"Plans": [{"Node Type": "Hash Join","Parent Relationship": "Outer","Parallel Aware": true,"Async Capable": false,"Join Type": "Inner","Startup Cost": 6687.79,"Total Cost": 22234.29,"Plan Rows": 15362,"Plan Width": 40,"Actual Startup Time": 33.429,"Actual Total Time": 82.319,"Actual Rows": 23828,"Actual Loops": 5,"Inner Unique": true,"Hash Cond": "(partsupp.ps_partkey = part.p_partkey)","Workers": [],"Plans": [{"Node Type": "Index Only Scan","Parent Relationship": "Outer","Parallel Aware": true,"Async Capable": false,"Scan Direction": "Forward","Index Name": "partsupp_pkey","Relation Name": "partsupp","Alias": "partsupp","Startup Cost": 347.43,"Total Cost": 15631.43,"Plan Rows": 100000,"Plan Width": 8,"Actual Startup Time": 9.019,"Actual Total Time": 34.075,"Actual Rows": 159936,"Actual Loops": 5,"Filter": "(NOT (hashed SubPlan 1))","Rows Removed by Filter": 64,"Heap Fetches": 0,"Workers": [],"Plans": [{"Node Type": "Seq Scan","Parent Relationship": "SubPlan","Subplan Name": "SubPlan 1","Parallel Aware": false,"Async Capable": false,"Relation Name": "supplier","Alias": "supplier","Startup Cost": 0.00,"Total Cost": 347.00,"Plan Rows": 1,"Plan Width": 4,"Actual Startup Time": 0.335,"Actual Total Time": 8.881,"Actual Rows": 4,"Actual Loops": 5,"Filter": "((s_comment)::text ~~ '%Customer%Complaints%'::text)","Rows Removed by Filter": 9996,"Workers": []}]},{"Node Type": "Hash","Parent Relationship": "Inner","Parallel Aware": true,"Async Capable": false,"Startup Cost": 6180.33,"Total Cost": 6180.33,"Plan Rows": 12802,"Plan Width": 40,"Actual Startup Time": 24.063,"Actual Total Time": 24.068,"Actual Rows": 5959,"Actual Loops": 5,"Hash Buckets": 32768,"Original Hash Buckets": 32768,"Hash Batches": 1,"Original Hash Batches": 1,"Peak Memory Usage": 2528,"Workers": [],"Plans": [{"Node Type": "Seq Scan","Parent Relationship": "Outer","Parallel Aware": true,"Async Capable": false,"Relation Name": "part","Alias": "part","Startup Cost": 0.00,"Total Cost": 6180.33,"Plan Rows": 12802,"Plan Width": 40,"Actual Startup Time": 0.060,"Actual Total Time": 20.639,"Actual Rows": 5959,"Actual Loops": 5,"Filter": "((p_brand <> 'Brand#35'::bpchar) AND ((p_type)::text !~~ 'STANDARD BRUSHED%'::text) AND (p_size = ANY ('{15,22,9,47,14,30,32,31}'::integer[])))","Rows Removed by Filter": 34041,"Workers": []}]}]}]}]}]}]},"Planning Time": 5.041,"Triggers": [],"Execution Time": 253.395}]
[{"Plan": {"Node Type": "Sort","Parallel Aware": false,"Async Capable": false,"Startup Cost": 33553.14,"Total Cost": 33593.68,"Plan Rows": 16214,"Plan Width": 44,"Actual Startup Time": 252.967,"Actual Total Time": 254.720,"Actual Rows": 18411,"Actual Loops": 1,"Sort Key": ["(count(DISTINCT partsupp.ps_suppkey)) DESC", "part.p_brand", "part.p_type", "part.p_size"],"Sort Method": "quicksort","Sort Space Used": 2350,"Sort Space Type": "Memory","Plans": [{"Node Type": "Aggregate","Strategy": "Sorted","Partial Mode": "Simple","Parent Relationship": "Outer","Parallel Aware": false,"Async Capable": false,"Startup Cost": 24300.10,"Total Cost": 32419.38,"Plan Rows": 16214,"Plan Width": 44,"Actual Startup Time": 145.517,"Actual Total Time": 214.359,"Actual Rows": 18411,"Actual Loops": 1,"Group Key": ["part.p_brand", "part.p_type", "part.p_size"],"Plans": [{"Node Type": "Gather Merge","Parent Relationship": "Outer","Parallel Aware": false,"Async Capable": false,"Startup Cost": 24300.10,"Total Cost": 31643.90,"Plan Rows": 61334,"Plan Width": 40,"Actual Startup Time": 145.467,"Actual Total Time": 185.674,"Actual Rows": 119623,"Actual Loops": 1,"Workers Planned": 4,"Workers Launched": 4,"Plans": [{"Node Type": "Sort","Parent Relationship": "Outer","Parallel Aware": false,"Async Capable": false,"Startup Cost": 23300.04,"Total Cost": 23338.37,"Plan Rows": 15334,"Plan Width": 40,"Actual Startup Time": 125.764,"Actual Total Time": 128.538,"Actual Rows": 23925,"Actual Loops": 5,"Sort Key": ["part.p_brand", "part.p_type", "part.p_size"],"Sort Method": "quicksort","Sort Space Used": 2352,"Sort Space Type": "Memory","Workers": [{"Worker Number": 0,"Sort Method": "quicksort","Sort Space Used": 2821,"Sort Space Type": "Memory"},{"Worker Number": 1,"Sort Method": "quicksort","Sort Space Used": 2824,"Sort Space Type": "Memory"},{"Worker Number": 2,"Sort Method": "quicksort","Sort Space Used": 2820,"Sort Space Type": "Memory"},{"Worker Number": 3,"Sort Method": "quicksort","Sort Space Used": 2855,"Sort Space Type": "Memory"}],"Plans": [{"Node Type": "Hash Join","Parent Relationship": "Outer","Parallel Aware": true,"Async Capable": false,"Join Type": "Inner","Startup Cost": 6687.49,"Total Cost": 22233.99,"Plan Rows": 15334,"Plan Width": 40,"Actual Startup Time": 33.490,"Actual Total Time": 81.674,"Actual Rows": 23925,"Actual Loops": 5,"Inner Unique": true,"Hash Cond": "(partsupp.ps_partkey = part.p_partkey)","Workers": [],"Plans": [{"Node Type": "Index Only Scan","Parent Relationship": "Outer","Parallel Aware": true,"Async Capable": false,"Scan Direction": "Forward","Index Name": "partsupp_pkey","Relation Name": "partsupp","Alias": "partsupp","Startup Cost": 347.43,"Total Cost": 15631.43,"Plan Rows": 100000,"Plan Width": 8,"Actual Startup Time": 9.027,"Actual Total Time": 33.688,"Actual Rows": 159936,"Actual Loops": 5,"Filter": "(NOT (hashed SubPlan 1))","Rows Removed by Filter": 64,"Heap Fetches": 0,"Workers": [],"Plans": [{"Node Type": "Seq Scan","Parent Relationship": "SubPlan","Subplan Name": "SubPlan 1","Parallel Aware": false,"Async Capable": false,"Relation Name": "supplier","Alias": "supplier","Startup Cost": 0.00,"Total Cost": 347.00,"Plan Rows": 1,"Plan Width": 4,"Actual Startup Time": 0.269,"Actual Total Time": 8.902,"Actual Rows": 4,"Actual Loops": 5,"Filter": "((s_comment)::text ~~ '%Customer%Complaints%'::text)","Rows Removed by Filter": 9996,"Workers": []}]},{"Node Type": "Hash","Parent Relationship": "Inner","Parallel Aware": true,"Async Capable": false,"Startup Cost": 6180.33,"Total Cost": 6180.33,"Plan Rows": 12778,"Plan Width": 40,"Actual Startup Time": 24.194,"Actual Total Time": 24.198,"Actual Rows": 5984,"Actual Loops": 5,"Hash Buckets": 32768,"Original Hash Buckets": 32768,"Hash Batches": 1,"Original Hash Batches": 1,"Peak Memory Usage": 2528,"Workers": [],"Plans": [{"Node Type": "Seq Scan","Parent Relationship": "Outer","Parallel Aware": true,"Async Capable": false,"Relation Name": "part","Alias": "part","Startup Cost": 0.00,"Total Cost": 6180.33,"Plan Rows": 12778,"Plan Width": 40,"Actual Startup Time": 0.072,"Actual Total Time": 20.666,"Actual Rows": 5984,"Actual Loops": 5,"Filter": "((p_brand <> 'Brand#44'::bpchar) AND ((p_type)::text !~~ 'STANDARD BRUSHED%'::text) AND (p_size = ANY ('{38,3,45,44,2,28,46,10}'::integer[])))","Rows Removed by Filter": 34016,"Workers": []}]}]}]}]}]}]},"Planning Time": 5.611,"Triggers": [],"Execution Time": 255.988}]
[{"Plan": {"Node Type": "Sort","Parallel Aware": false,"Async Capable": false,"Startup Cost": 33359.89,"Total Cost": 33400.09,"Plan Rows": 16078,"Plan Width": 44,"Actual Startup Time": 237.391,"Actual Total Time": 239.215,"Actual Rows": 18259,"Actual Loops": 1,"Sort Key": ["(count(DISTINCT partsupp.ps_suppkey)) DESC", "part.p_brand", "part.p_type", "part.p_size"],"Sort Method": "quicksort","Sort Space Used": 2337,"Sort Space Type": "Memory","Plans": [{"Node Type": "Aggregate","Strategy": "Sorted","Partial Mode": "Simple","Parent Relationship": "Outer","Parallel Aware": false,"Async Capable": false,"Startup Cost": 24273.99,"Total Cost": 32236.62,"Plan Rows": 16078,"Plan Width": 44,"Actual Startup Time": 134.662,"Actual Total Time": 200.299,"Actual Rows": 18259,"Actual Loops": 1,"Group Key": ["part.p_brand", "part.p_type", "part.p_size"],"Plans": [{"Node Type": "Gather Merge","Parent Relationship": "Outer","Parallel Aware": false,"Async Capable": false,"Startup Cost": 24273.99,"Total Cost": 31474.47,"Plan Rows": 60137,"Plan Width": 40,"Actual Startup Time": 134.598,"Actual Total Time": 172.772,"Actual Rows": 118557,"Actual Loops": 1,"Workers Planned": 4,"Workers Launched": 4,"Plans": [{"Node Type": "Sort","Parent Relationship": "Outer","Parallel Aware": false,"Async Capable": false,"Startup Cost": 23273.93,"Total Cost": 23311.51,"Plan Rows": 15034,"Plan Width": 40,"Actual Startup Time": 123.059,"Actual Total Time": 125.790,"Actual Rows": 23711,"Actual Loops": 5,"Sort Key": ["part.p_brand", "part.p_type", "part.p_size"],"Sort Method": "quicksort","Sort Space Used": 2482,"Sort Space Type": "Memory","Workers": [{"Worker Number": 0,"Sort Method": "quicksort","Sort Space Used": 2896,"Sort Space Type": "Memory"},{"Worker Number": 1,"Sort Method": "quicksort","Sort Space Used": 2877,"Sort Space Type": "Memory"},{"Worker Number": 2,"Sort Method": "quicksort","Sort Space Used": 2480,"Sort Space Type": "Memory"},{"Worker Number": 3,"Sort Method": "quicksort","Sort Space Used": 2877,"Sort Space Type": "Memory"}],"Plans": [{"Node Type": "Hash Join","Parent Relationship": "Outer","Parallel Aware": true,"Async Capable": false,"Join Type": "Inner","Startup Cost": 6684.37,"Total Cost": 22230.87,"Plan Rows": 15034,"Plan Width": 40,"Actual Startup Time": 31.598,"Actual Total Time": 81.485,"Actual Rows": 23711,"Actual Loops": 5,"Inner Unique": true,"Hash Cond": "(partsupp.ps_partkey = part.p_partkey)","Workers": [],"Plans": [{"Node Type": "Index Only Scan","Parent Relationship": "Outer","Parallel Aware": true,"Async Capable": false,"Scan Direction": "Forward","Index Name": "partsupp_pkey","Relation Name": "partsupp","Alias": "partsupp","Startup Cost": 347.43,"Total Cost": 15631.43,"Plan Rows": 100000,"Plan Width": 8,"Actual Startup Time": 8.852,"Actual Total Time": 34.207,"Actual Rows": 159936,"Actual Loops": 5,"Filter": "(NOT (hashed SubPlan 1))","Rows Removed by Filter": 64,"Heap Fetches": 0,"Workers": [],"Plans": [{"Node Type": "Seq Scan","Parent Relationship": "SubPlan","Subplan Name": "SubPlan 1","Parallel Aware": false,"Async Capable": false,"Relation Name": "supplier","Alias": "supplier","Startup Cost": 0.00,"Total Cost": 347.00,"Plan Rows": 1,"Plan Width": 4,"Actual Startup Time": 0.348,"Actual Total Time": 8.698,"Actual Rows": 4,"Actual Loops": 5,"Filter": "((s_comment)::text ~~ '%Customer%Complaints%'::text)","Rows Removed by Filter": 9996,"Workers": []}]},{"Node Type": "Hash","Parent Relationship": "Inner","Parallel Aware": true,"Async Capable": false,"Startup Cost": 6180.33,"Total Cost": 6180.33,"Plan Rows": 12529,"Plan Width": 40,"Actual Startup Time": 22.424,"Actual Total Time": 22.428,"Actual Rows": 5931,"Actual Loops": 5,"Hash Buckets": 32768,"Original Hash Buckets": 32768,"Hash Batches": 1,"Original Hash Batches": 1,"Peak Memory Usage": 2592,"Workers": [],"Plans": [{"Node Type": "Seq Scan","Parent Relationship": "Outer","Parallel Aware": true,"Async Capable": false,"Relation Name": "part","Alias": "part","Startup Cost": 0.00,"Total Cost": 6180.33,"Plan Rows": 12529,"Plan Width": 40,"Actual Startup Time": 0.062,"Actual Total Time": 19.061,"Actual Rows": 5931,"Actual Loops": 5,"Filter": "((p_brand <> 'Brand#31'::bpchar) AND ((p_type)::text !~~ 'LARGE BRUSHED%'::text) AND (p_size = ANY ('{26,32,28,34,21,49,15,22}'::integer[])))","Rows Removed by Filter": 34069,"Workers": []}]}]}]}]}]}]},"Planning Time": 4.315,"Triggers": [],"Execution Time": 240.563}]
[{"Plan": {"Node Type": "Sort","Parallel Aware": false,"Async Capable": false,"Startup Cost": 33234.24,"Total Cost": 33274.21,"Plan Rows": 15988,"Plan Width": 44,"Actual Startup Time": 243.145,"Actual Total Time": 244.924,"Actual Rows": 18262,"Actual Loops": 1,"Sort Key": ["(count(DISTINCT partsupp.ps_suppkey)) DESC", "part.p_brand", "part.p_type", "part.p_size"],"Sort Method": "quicksort","Sort Space Used": 2337,"Sort Space Type": "Memory","Plans": [{"Node Type": "Aggregate","Strategy": "Sorted","Partial Mode": "Simple","Parent Relationship": "Outer","Parallel Aware": false,"Async Capable": false,"Startup Cost": 24257.10,"Total Cost": 32117.90,"Plan Rows": 15988,"Plan Width": 44,"Actual Startup Time": 135.752,"Actual Total Time": 203.857,"Actual Rows": 18262,"Actual Loops": 1,"Group Key": ["part.p_brand", "part.p_type", "part.p_size"],"Plans": [{"Node Type": "Gather Merge","Parent Relationship": "Outer","Parallel Aware": false,"Async Capable": false,"Startup Cost": 24257.10,"Total Cost": 31364.43,"Plan Rows": 59359,"Plan Width": 40,"Actual Startup Time": 135.702,"Actual Total Time": 175.325,"Actual Rows": 119336,"Actual Loops": 1,"Workers Planned": 4,"Workers Launched": 4,"Plans": [{"Node Type": "Sort","Parent Relationship": "Outer","Parallel Aware": false,"Async Capable": false,"Startup Cost": 23257.04,"Total Cost": 23294.14,"Plan Rows": 14840,"Plan Width": 40,"Actual Startup Time": 124.670,"Actual Total Time": 126.858,"Actual Rows": 23867,"Actual Loops": 5,"Sort Key": ["part.p_brand", "part.p_type", "part.p_size"],"Sort Method": "quicksort","Sort Space Used": 2463,"Sort Space Type": "Memory","Workers": [{"Worker Number": 0,"Sort Method": "quicksort","Sort Space Used": 2872,"Sort Space Type": "Memory"},{"Worker Number": 1,"Sort Method": "quicksort","Sort Space Used": 2877,"Sort Space Type": "Memory"},{"Worker Number": 2,"Sort Method": "quicksort","Sort Space Used": 2553,"Sort Space Type": "Memory"},{"Worker Number": 3,"Sort Method": "quicksort","Sort Space Used": 2889,"Sort Space Type": "Memory"}],"Plans": [{"Node Type": "Hash Join","Parent Relationship": "Outer","Parallel Aware": true,"Async Capable": false,"Join Type": "Inner","Startup Cost": 6682.34,"Total Cost": 22228.84,"Plan Rows": 14840,"Plan Width": 40,"Actual Startup Time": 32.460,"Actual Total Time": 82.700,"Actual Rows": 23867,"Actual Loops": 5,"Inner Unique": true,"Hash Cond": "(partsupp.ps_partkey = part.p_partkey)","Workers": [],"Plans": [{"Node Type": "Index Only Scan","Parent Relationship": "Outer","Parallel Aware": true,"Async Capable": false,"Scan Direction": "Forward","Index Name": "partsupp_pkey","Relation Name": "partsupp","Alias": "partsupp","Startup Cost": 347.43,"Total Cost": 15631.43,"Plan Rows": 100000,"Plan Width": 8,"Actual Startup Time": 9.130,"Actual Total Time": 34.787,"Actual Rows": 159936,"Actual Loops": 5,"Filter": "(NOT (hashed SubPlan 1))","Rows Removed by Filter": 64,"Heap Fetches": 0,"Workers": [],"Plans": [{"Node Type": "Seq Scan","Parent Relationship": "SubPlan","Subplan Name": "SubPlan 1","Parallel Aware": false,"Async Capable": false,"Relation Name": "supplier","Alias": "supplier","Startup Cost": 0.00,"Total Cost": 347.00,"Plan Rows": 1,"Plan Width": 4,"Actual Startup Time": 0.342,"Actual Total Time": 8.991,"Actual Rows": 4,"Actual Loops": 5,"Filter": "((s_comment)::text ~~ '%Customer%Complaints%'::text)","Rows Removed by Filter": 9996,"Workers": []}]},{"Node Type": "Hash","Parent Relationship": "Inner","Parallel Aware": true,"Async Capable": false,"Startup Cost": 6180.33,"Total Cost": 6180.33,"Plan Rows": 12366,"Plan Width": 40,"Actual Startup Time": 23.048,"Actual Total Time": 23.052,"Actual Rows": 5970,"Actual Loops": 5,"Hash Buckets": 32768,"Original Hash Buckets": 32768,"Hash Batches": 1,"Original Hash Batches": 1,"Peak Memory Usage": 2592,"Workers": [],"Plans": [{"Node Type": "Seq Scan","Parent Relationship": "Outer","Parallel Aware": true,"Async Capable": false,"Relation Name": "part","Alias": "part","Startup Cost": 0.00,"Total Cost": 6180.33,"Plan Rows": 12366,"Plan Width": 40,"Actual Startup Time": 0.072,"Actual Total Time": 19.643,"Actual Rows": 5970,"Actual Loops": 5,"Filter": "((p_brand <> 'Brand#55'::bpchar) AND ((p_type)::text !~~ 'STANDARD BRUSHED%'::text) AND (p_size = ANY ('{33,6,21,50,48,2,30,42}'::integer[])))","Rows Removed by Filter": 34030,"Workers": []}]}]}]}]}]}]},"Planning Time": 4.211,"Triggers": [],"Execution Time": 246.179}]
[{"Plan": {"Node Type": "Sort","Parallel Aware": false,"Async Capable": false,"Startup Cost": 33009.78,"Total Cost": 33049.33,"Plan Rows": 15821,"Plan Width": 44,"Actual Startup Time": 239.572,"Actual Total Time": 241.393,"Actual Rows": 18255,"Actual Loops": 1,"Sort Key": ["(count(DISTINCT partsupp.ps_suppkey)) DESC", "part.p_brand", "part.p_type", "part.p_size"],"Sort Method": "quicksort","Sort Space Used": 2337,"Sort Space Type": "Memory","Plans": [{"Node Type": "Aggregate","Strategy": "Sorted","Partial Mode": "Simple","Parent Relationship": "Outer","Parallel Aware": false,"Async Capable": false,"Startup Cost": 24226.98,"Total Cost": 31906.30,"Plan Rows": 15821,"Plan Width": 44,"Actual Startup Time": 134.854,"Actual Total Time": 202.849,"Actual Rows": 18255,"Actual Loops": 1,"Group Key": ["part.p_brand", "part.p_type", "part.p_size"],"Plans": [{"Node Type": "Gather Merge","Parent Relationship": "Outer","Parallel Aware": false,"Async Capable": false,"Startup Cost": 24226.98,"Total Cost": 31168.36,"Plan Rows": 57973,"Plan Width": 40,"Actual Startup Time": 134.756,"Actual Total Time": 174.318,"Actual Rows": 117608,"Actual Loops": 1,"Workers Planned": 4,"Workers Launched": 4,"Plans": [{"Node Type": "Sort","Parent Relationship": "Outer","Parallel Aware": false,"Async Capable": false,"Startup Cost": 23226.92,"Total Cost": 23263.16,"Plan Rows": 14493,"Plan Width": 40,"Actual Startup Time": 121.629,"Actual Total Time": 124.538,"Actual Rows": 23522,"Actual Loops": 5,"Sort Key": ["part.p_brand", "part.p_type", "part.p_size"],"Sort Method": "quicksort","Sort Space Used": 2409,"Sort Space Type": "Memory","Workers": [{"Worker Number": 0,"Sort Method": "quicksort","Sort Space Used": 2414,"Sort Space Type": "Memory"},{"Worker Number": 1,"Sort Method": "quicksort","Sort Space Used": 2880,"Sort Space Type": "Memory"},{"Worker Number": 2,"Sort Method": "quicksort","Sort Space Used": 2886,"Sort Space Type": "Memory"},{"Worker Number": 3,"Sort Method": "quicksort","Sort Space Used": 2947,"Sort Space Type": "Memory"}],"Plans": [{"Node Type": "Hash Join","Parent Relationship": "Outer","Parallel Aware": true,"Async Capable": false,"Join Type": "Inner","Startup Cost": 6678.74,"Total Cost": 22225.24,"Plan Rows": 14493,"Plan Width": 40,"Actual Startup Time": 30.650,"Actual Total Time": 80.258,"Actual Rows": 23522,"Actual Loops": 5,"Inner Unique": true,"Hash Cond": "(partsupp.ps_partkey = part.p_partkey)","Workers": [],"Plans": [{"Node Type": "Index Only Scan","Parent Relationship": "Outer","Parallel Aware": true,"Async Capable": false,"Scan Direction": "Forward","Index Name": "partsupp_pkey","Relation Name": "partsupp","Alias": "partsupp","Startup Cost": 347.43,"Total Cost": 15631.43,"Plan Rows": 100000,"Plan Width": 8,"Actual Startup Time": 7.949,"Actual Total Time": 32.600,"Actual Rows": 159936,"Actual Loops": 5,"Filter": "(NOT (hashed SubPlan 1))","Rows Removed by Filter": 64,"Heap Fetches": 0,"Workers": [],"Plans": [{"Node Type": "Seq Scan","Parent Relationship": "SubPlan","Subplan Name": "SubPlan 1","Parallel Aware": false,"Async Capable": false,"Relation Name": "supplier","Alias": "supplier","Startup Cost": 0.00,"Total Cost": 347.00,"Plan Rows": 1,"Plan Width": 4,"Actual Startup Time": 0.147,"Actual Total Time": 7.819,"Actual Rows": 4,"Actual Loops": 5,"Filter": "((s_comment)::text ~~ '%Customer%Complaints%'::text)","Rows Removed by Filter": 9996,"Workers": []}]},{"Node Type": "Hash","Parent Relationship": "Inner","Parallel Aware": true,"Async Capable": false,"Startup Cost": 6180.33,"Total Cost": 6180.33,"Plan Rows": 12078,"Plan Width": 40,"Actual Startup Time": 22.409,"Actual Total Time": 22.412,"Actual Rows": 5883,"Actual Loops": 5,"Hash Buckets": 32768,"Original Hash Buckets": 32768,"Hash Batches": 1,"Original Hash Batches": 1,"Peak Memory Usage": 2528,"Workers": [],"Plans": [{"Node Type": "Seq Scan","Parent Relationship": "Outer","Parallel Aware": true,"Async Capable": false,"Relation Name": "part","Alias": "part","Startup Cost": 0.00,"Total Cost": 6180.33,"Plan Rows": 12078,"Plan Width": 40,"Actual Startup Time": 0.065,"Actual Total Time": 18.919,"Actual Rows": 5883,"Actual Loops": 5,"Filter": "((p_brand <> 'Brand#54'::bpchar) AND ((p_type)::text !~~ 'SMALL PLATED%'::text) AND (p_size = ANY ('{32,28,8,47,42,24,49,50}'::integer[])))","Rows Removed by Filter": 34117,"Workers": []}]}]}]}]}]}]},"Planning Time": 4.517,"Triggers": [],"Execution Time": 242.583}]
[{"Plan": {"Node Type": "Sort","Parallel Aware": false,"Async Capable": false,"Startup Cost": 33174.55,"Total Cost": 33214.41,"Plan Rows": 15944,"Plan Width": 44,"Actual Startup Time": 241.350,"Actual Total Time": 243.181,"Actual Rows": 18178,"Actual Loops": 1,"Sort Key": ["(count(DISTINCT partsupp.ps_suppkey)) DESC", "part.p_brand", "part.p_type", "part.p_size"],"Sort Method": "quicksort","Sort Space Used": 2330,"Sort Space Type": "Memory","Plans": [{"Node Type": "Aggregate","Strategy": "Sorted","Partial Mode": "Simple","Parent Relationship": "Outer","Parallel Aware": false,"Async Capable": false,"Startup Cost": 24249.11,"Total Cost": 32061.60,"Plan Rows": 15944,"Plan Width": 44,"Actual Startup Time": 136.337,"Actual Total Time": 204.519,"Actual Rows": 18178,"Actual Loops": 1,"Group Key": ["part.p_brand", "part.p_type", "part.p_size"],"Plans": [{"Node Type": "Gather Merge","Parent Relationship": "Outer","Parallel Aware": false,"Async Capable": false,"Startup Cost": 24249.11,"Total Cost": 31312.26,"Plan Rows": 58990,"Plan Width": 40,"Actual Startup Time": 136.280,"Actual Total Time": 176.240,"Actual Rows": 118406,"Actual Loops": 1,"Workers Planned": 4,"Workers Launched": 4,"Plans": [{"Node Type": "Sort","Parent Relationship": "Outer","Parallel Aware": false,"Async Capable": false,"Startup Cost": 23249.05,"Total Cost": 23285.92,"Plan Rows": 14748,"Plan Width": 40,"Actual Startup Time": 123.952,"Actual Total Time": 126.486,"Actual Rows": 23681,"Actual Loops": 5,"Sort Key": ["part.p_brand", "part.p_type", "part.p_size"],"Sort Method": "quicksort","Sort Space Used": 2450,"Sort Space Type": "Memory","Workers": [{"Worker Number": 0,"Sort Method": "quicksort","Sort Space Used": 2864,"Sort Space Type": "Memory"},{"Worker Number": 1,"Sort Method": "quicksort","Sort Space Used": 2943,"Sort Space Type": "Memory"},{"Worker Number": 2,"Sort Method": "quicksort","Sort Space Used": 2467,"Sort Space Type": "Memory"},{"Worker Number": 3,"Sort Method": "quicksort","Sort Space Used": 2868,"Sort Space Type": "Memory"}],"Plans": [{"Node Type": "Hash Join","Parent Relationship": "Outer","Parallel Aware": true,"Async Capable": false,"Join Type": "Inner","Startup Cost": 6681.39,"Total Cost": 22227.89,"Plan Rows": 14748,"Plan Width": 40,"Actual Startup Time": 31.697,"Actual Total Time": 82.102,"Actual Rows": 23681,"Actual Loops": 5,"Inner Unique": true,"Hash Cond": "(partsupp.ps_partkey = part.p_partkey)","Workers": [],"Plans": [{"Node Type": "Index Only Scan","Parent Relationship": "Outer","Parallel Aware": true,"Async Capable": false,"Scan Direction": "Forward","Index Name": "partsupp_pkey","Relation Name": "partsupp","Alias": "partsupp","Startup Cost": 347.43,"Total Cost": 15631.43,"Plan Rows": 100000,"Plan Width": 8,"Actual Startup Time": 8.925,"Actual Total Time": 34.765,"Actual Rows": 159936,"Actual Loops": 5,"Filter": "(NOT (hashed SubPlan 1))","Rows Removed by Filter": 64,"Heap Fetches": 0,"Workers": [],"Plans": [{"Node Type": "Seq Scan","Parent Relationship": "SubPlan","Subplan Name": "SubPlan 1","Parallel Aware": false,"Async Capable": false,"Relation Name": "supplier","Alias": "supplier","Startup Cost": 0.00,"Total Cost": 347.00,"Plan Rows": 1,"Plan Width": 4,"Actual Startup Time": 0.334,"Actual Total Time": 8.788,"Actual Rows": 4,"Actual Loops": 5,"Filter": "((s_comment)::text ~~ '%Customer%Complaints%'::text)","Rows Removed by Filter": 9996,"Workers": []}]},{"Node Type": "Hash","Parent Relationship": "Inner","Parallel Aware": true,"Async Capable": false,"Startup Cost": 6180.33,"Total Cost": 6180.33,"Plan Rows": 12290,"Plan Width": 40,"Actual Startup Time": 22.492,"Actual Total Time": 22.495,"Actual Rows": 5923,"Actual Loops": 5,"Hash Buckets": 32768,"Original Hash Buckets": 32768,"Hash Batches": 1,"Original Hash Batches": 1,"Peak Memory Usage": 2496,"Workers": [],"Plans": [{"Node Type": "Seq Scan","Parent Relationship": "Outer","Parallel Aware": true,"Async Capable": false,"Relation Name": "part","Alias": "part","Startup Cost": 0.00,"Total Cost": 6180.33,"Plan Rows": 12290,"Plan Width": 40,"Actual Startup Time": 0.054,"Actual Total Time": 19.097,"Actual Rows": 5923,"Actual Loops": 5,"Filter": "((p_brand <> 'Brand#12'::bpchar) AND ((p_type)::text !~~ 'PROMO ANODIZED%'::text) AND (p_size = ANY ('{20,38,21,18,24,7,31,37}'::integer[])))","Rows Removed by Filter": 34077,"Workers": []}]}]}]}]}]}]},"Planning Time": 4.707,"Triggers": [],"Execution Time": 244.406}]
[{"Plan": {"Node Type": "Sort","Parallel Aware": false,"Async Capable": false,"Startup Cost": 33428.52,"Total Cost": 33468.83,"Plan Rows": 16127,"Plan Width": 44,"Actual Startup Time": 234.155,"Actual Total Time": 236.130,"Actual Rows": 18292,"Actual Loops": 1,"Sort Key": ["(count(DISTINCT partsupp.ps_suppkey)) DESC", "part.p_brand", "part.p_type", "part.p_size"],"Sort Method": "quicksort","Sort Space Used": 2339,"Sort Space Type": "Memory","Plans": [{"Node Type": "Aggregate","Strategy": "Sorted","Partial Mode": "Simple","Parent Relationship": "Outer","Parallel Aware": false,"Async Capable": false,"Startup Cost": 24283.21,"Total Cost": 32301.47,"Plan Rows": 16127,"Plan Width": 44,"Actual Startup Time": 130.089,"Actual Total Time": 196.380,"Actual Rows": 18292,"Actual Loops": 1,"Group Key": ["part.p_brand", "part.p_type", "part.p_size"],"Plans": [{"Node Type": "Gather Merge","Parent Relationship": "Outer","Parallel Aware": false,"Async Capable": false,"Startup Cost": 24283.21,"Total Cost": 31534.58,"Plan Rows": 60562,"Plan Width": 40,"Actual Startup Time": 130.008,"Actual Total Time": 168.909,"Actual Rows": 118853,"Actual Loops": 1,"Workers Planned": 4,"Workers Launched": 4,"Plans": [{"Node Type": "Sort","Parent Relationship": "Outer","Parallel Aware": false,"Async Capable": false,"Startup Cost": 23283.15,"Total Cost": 23321.00,"Plan Rows": 15140,"Plan Width": 40,"Actual Startup Time": 121.795,"Actual Total Time": 124.388,"Actual Rows": 23771,"Actual Loops": 5,"Sort Key": ["part.p_brand", "part.p_type", "part.p_size"],"Sort Method": "quicksort","Sort Space Used": 2721,"Sort Space Type": "Memory","Workers": [{"Worker Number": 0,"Sort Method": "quicksort","Sort Space Used": 2778,"Sort Space Type": "Memory"},{"Worker Number": 1,"Sort Method": "quicksort","Sort Space Used": 2751,"Sort Space Type": "Memory"},{"Worker Number": 2,"Sort Method": "quicksort","Sort Space Used": 2646,"Sort Space Type": "Memory"},{"Worker Number": 3,"Sort Method": "quicksort","Sort Space Used": 2732,"Sort Space Type": "Memory"}],"Plans": [{"Node Type": "Hash Join","Parent Relationship": "Outer","Parallel Aware": true,"Async Capable": false,"Join Type": "Inner","Startup Cost": 6685.47,"Total Cost": 22231.97,"Plan Rows": 15140,"Plan Width": 40,"Actual Startup Time": 30.168,"Actual Total Time": 80.119,"Actual Rows": 23771,"Actual Loops": 5,"Inner Unique": true,"Hash Cond": "(partsupp.ps_partkey = part.p_partkey)","Workers": [],"Plans": [{"Node Type": "Index Only Scan","Parent Relationship": "Outer","Parallel Aware": true,"Async Capable": false,"Scan Direction": "Forward","Index Name": "partsupp_pkey","Relation Name": "partsupp","Alias": "partsupp","Startup Cost": 347.43,"Total Cost": 15631.43,"Plan Rows": 100000,"Plan Width": 8,"Actual Startup Time": 7.638,"Actual Total Time": 32.291,"Actual Rows": 159936,"Actual Loops": 5,"Filter": "(NOT (hashed SubPlan 1))","Rows Removed by Filter": 64,"Heap Fetches": 0,"Workers": [],"Plans": [{"Node Type": "Seq Scan","Parent Relationship": "SubPlan","Subplan Name": "SubPlan 1","Parallel Aware": false,"Async Capable": false,"Relation Name": "supplier","Alias": "supplier","Startup Cost": 0.00,"Total Cost": 347.00,"Plan Rows": 1,"Plan Width": 4,"Actual Startup Time": 0.206,"Actual Total Time": 7.484,"Actual Rows": 4,"Actual Loops": 5,"Filter": "((s_comment)::text ~~ '%Customer%Complaints%'::text)","Rows Removed by Filter": 9996,"Workers": []}]},{"Node Type": "Hash","Parent Relationship": "Inner","Parallel Aware": true,"Async Capable": false,"Startup Cost": 6180.33,"Total Cost": 6180.33,"Plan Rows": 12617,"Plan Width": 40,"Actual Startup Time": 22.233,"Actual Total Time": 22.237,"Actual Rows": 5945,"Actual Loops": 5,"Hash Buckets": 32768,"Original Hash Buckets": 32768,"Hash Batches": 1,"Original Hash Batches": 1,"Peak Memory Usage": 2560,"Workers": [],"Plans": [{"Node Type": "Seq Scan","Parent Relationship": "Outer","Parallel Aware": true,"Async Capable": false,"Relation Name": "part","Alias": "part","Startup Cost": 0.00,"Total Cost": 6180.33,"Plan Rows": 12617,"Plan Width": 40,"Actual Startup Time": 0.061,"Actual Total Time": 18.628,"Actual Rows": 5945,"Actual Loops": 5,"Filter": "((p_brand <> 'Brand#13'::bpchar) AND ((p_type)::text !~~ 'PROMO POLISHED%'::text) AND (p_size = ANY ('{28,41,33,37,46,1,4,5}'::integer[])))","Rows Removed by Filter": 34055,"Workers": []}]}]}]}]}]}]},"Planning Time": 5.180,"Triggers": [],"Execution Time": 237.341}]
[{"Plan": {"Node Type": "Sort","Parallel Aware": false,"Async Capable": false,"Startup Cost": 33251.44,"Total Cost": 33291.44,"Plan Rows": 16000,"Plan Width": 44,"Actual Startup Time": 252.795,"Actual Total Time": 254.717,"Actual Rows": 18331,"Actual Loops": 1,"Sort Key": ["(count(DISTINCT partsupp.ps_suppkey)) DESC", "part.p_brand", "part.p_type", "part.p_size"],"Sort Method": "quicksort","Sort Space Used": 2343,"Sort Space Type": "Memory","Plans": [{"Node Type": "Aggregate","Strategy": "Sorted","Partial Mode": "Simple","Parent Relationship": "Outer","Parallel Aware": false,"Async Capable": false,"Startup Cost": 24259.38,"Total Cost": 32134.17,"Plan Rows": 16000,"Plan Width": 44,"Actual Startup Time": 144.617,"Actual Total Time": 215.145,"Actual Rows": 18331,"Actual Loops": 1,"Group Key": ["part.p_brand", "part.p_type", "part.p_size"],"Plans": [{"Node Type": "Gather Merge","Parent Relationship": "Outer","Parallel Aware": false,"Async Capable": false,"Startup Cost": 24259.38,"Total Cost": 31379.51,"Plan Rows": 59466,"Plan Width": 40,"Actual Startup Time": 144.574,"Actual Total Time": 185.666,"Actual Rows": 119629,"Actual Loops": 1,"Workers Planned": 4,"Workers Launched": 4,"Plans": [{"Node Type": "Sort","Parent Relationship": "Outer","Parallel Aware": false,"Async Capable": false,"Startup Cost": 23259.32,"Total Cost": 23296.48,"Plan Rows": 14866,"Plan Width": 40,"Actual Startup Time": 124.632,"Actual Total Time": 127.430,"Actual Rows": 23926,"Actual Loops": 5,"Sort Key": ["part.p_brand", "part.p_type", "part.p_size"],"Sort Method": "quicksort","Sort Space Used": 2387,"Sort Space Type": "Memory","Workers": [{"Worker Number": 0,"Sort Method": "quicksort","Sort Space Used": 2838,"Sort Space Type": "Memory"},{"Worker Number": 1,"Sort Method": "quicksort","Sort Space Used": 2826,"Sort Space Type": "Memory"},{"Worker Number": 2,"Sort Method": "quicksort","Sort Space Used": 2827,"Sort Space Type": "Memory"},{"Worker Number": 3,"Sort Method": "quicksort","Sort Space Used": 2824,"Sort Space Type": "Memory"}],"Plans": [{"Node Type": "Hash Join","Parent Relationship": "Outer","Parallel Aware": true,"Async Capable": false,"Join Type": "Inner","Startup Cost": 6682.62,"Total Cost": 22229.12,"Plan Rows": 14866,"Plan Width": 40,"Actual Startup Time": 31.742,"Actual Total Time": 80.427,"Actual Rows": 23926,"Actual Loops": 5,"Inner Unique": true,"Hash Cond": "(partsupp.ps_partkey = part.p_partkey)","Workers": [],"Plans": [{"Node Type": "Index Only Scan","Parent Relationship": "Outer","Parallel Aware": true,"Async Capable": false,"Scan Direction": "Forward","Index Name": "partsupp_pkey","Relation Name": "partsupp","Alias": "partsupp","Startup Cost": 347.43,"Total Cost": 15631.43,"Plan Rows": 100000,"Plan Width": 8,"Actual Startup Time": 8.752,"Actual Total Time": 33.540,"Actual Rows": 159936,"Actual Loops": 5,"Filter": "(NOT (hashed SubPlan 1))","Rows Removed by Filter": 64,"Heap Fetches": 0,"Workers": [],"Plans": [{"Node Type": "Seq Scan","Parent Relationship": "SubPlan","Subplan Name": "SubPlan 1","Parallel Aware": false,"Async Capable": false,"Relation Name": "supplier","Alias": "supplier","Startup Cost": 0.00,"Total Cost": 347.00,"Plan Rows": 1,"Plan Width": 4,"Actual Startup Time": 0.252,"Actual Total Time": 8.604,"Actual Rows": 4,"Actual Loops": 5,"Filter": "((s_comment)::text ~~ '%Customer%Complaints%'::text)","Rows Removed by Filter": 9996,"Workers": []}]},{"Node Type": "Hash","Parent Relationship": "Inner","Parallel Aware": true,"Async Capable": false,"Startup Cost": 6180.33,"Total Cost": 6180.33,"Plan Rows": 12389,"Plan Width": 40,"Actual Startup Time": 22.702,"Actual Total Time": 22.708,"Actual Rows": 5983,"Actual Loops": 5,"Hash Buckets": 32768,"Original Hash Buckets": 32768,"Hash Batches": 1,"Original Hash Batches": 1,"Peak Memory Usage": 2592,"Workers": [],"Plans": [{"Node Type": "Seq Scan","Parent Relationship": "Outer","Parallel Aware": true,"Async Capable": false,"Relation Name": "part","Alias": "part","Startup Cost": 0.00,"Total Cost": 6180.33,"Plan Rows": 12389,"Plan Width": 40,"Actual Startup Time": 0.063,"Actual Total Time": 19.225,"Actual Rows": 5983,"Actual Loops": 5,"Filter": "((p_brand <> 'Brand#54'::bpchar) AND ((p_type)::text !~~ 'SMALL BRUSHED%'::text) AND (p_size = ANY ('{44,12,35,32,13,14,3,36}'::integer[])))","Rows Removed by Filter": 34017,"Workers": []}]}]}]}]}]}]},"Planning Time": 4.557,"Triggers": [],"Execution Time": 256.131}]
[{"Plan": {"Node Type": "Sort","Parallel Aware": false,"Async Capable": false,"Startup Cost": 33570.34,"Total Cost": 33610.90,"Plan Rows": 16226,"Plan Width": 44,"Actual Startup Time": 231.359,"Actual Total Time": 233.385,"Actual Rows": 18248,"Actual Loops": 1,"Sort Key": ["(count(DISTINCT partsupp.ps_suppkey)) DESC", "part.p_brand", "part.p_type", "part.p_size"],"Sort Method": "quicksort","Sort Space Used": 2336,"Sort Space Type": "Memory","Plans": [{"Node Type": "Aggregate","Strategy": "Sorted","Partial Mode": "Simple","Parent Relationship": "Outer","Parallel Aware": false,"Async Capable": false,"Startup Cost": 24302.37,"Total Cost": 32435.65,"Plan Rows": 16226,"Plan Width": 44,"Actual Startup Time": 129.595,"Actual Total Time": 195.754,"Actual Rows": 18248,"Actual Loops": 1,"Group Key": ["part.p_brand", "part.p_type", "part.p_size"],"Plans": [{"Node Type": "Gather Merge","Parent Relationship": "Outer","Parallel Aware": false,"Async Capable": false,"Startup Cost": 24302.37,"Total Cost": 31658.98,"Plan Rows": 61441,"Plan Width": 40,"Actual Startup Time": 129.515,"Actual Total Time": 168.036,"Actual Rows": 118564,"Actual Loops": 1,"Workers Planned": 4,"Workers Launched": 4,"Plans": [{"Node Type": "Sort","Parent Relationship": "Outer","Parallel Aware": false,"Async Capable": false,"Startup Cost": 23302.31,"Total Cost": 23340.71,"Plan Rows": 15360,"Plan Width": 40,"Actual Startup Time": 120.789,"Actual Total Time": 123.407,"Actual Rows": 23713,"Actual Loops": 5,"Sort Key": ["part.p_brand", "part.p_type", "part.p_size"],"Sort Method": "quicksort","Sort Space Used": 2651,"Sort Space Type": "Memory","Workers": [{"Worker Number": 0,"Sort Method": "quicksort","Sort Space Used": 2669,"Sort Space Type": "Memory"},{"Worker Number": 1,"Sort Method": "quicksort","Sort Space Used": 2758,"Sort Space Type": "Memory"},{"Worker Number": 2,"Sort Method": "quicksort","Sort Space Used": 2741,"Sort Space Type": "Memory"},{"Worker Number": 3,"Sort Method": "quicksort","Sort Space Used": 2787,"Sort Space Type": "Memory"}],"Plans": [{"Node Type": "Hash Join","Parent Relationship": "Outer","Parallel Aware": true,"Async Capable": false,"Join Type": "Inner","Startup Cost": 6687.76,"Total Cost": 22234.26,"Plan Rows": 15360,"Plan Width": 40,"Actual Startup Time": 29.074,"Actual Total Time": 79.098,"Actual Rows": 23713,"Actual Loops": 5,"Inner Unique": true,"Hash Cond": "(partsupp.ps_partkey = part.p_partkey)","Workers": [],"Plans": [{"Node Type": "Index Only Scan","Parent Relationship": "Outer","Parallel Aware": true,"Async Capable": false,"Scan Direction": "Forward","Index Name": "partsupp_pkey","Relation Name": "partsupp","Alias": "partsupp","Startup Cost": 347.43,"Total Cost": 15631.43,"Plan Rows": 100000,"Plan Width": 8,"Actual Startup Time": 7.281,"Actual Total Time": 31.930,"Actual Rows": 159936,"Actual Loops": 5,"Filter": "(NOT (hashed SubPlan 1))","Rows Removed by Filter": 64,"Heap Fetches": 0,"Workers": [],"Plans": [{"Node Type": "Seq Scan","Parent Relationship": "SubPlan","Subplan Name": "SubPlan 1","Parallel Aware": false,"Async Capable": false,"Relation Name": "supplier","Alias": "supplier","Startup Cost": 0.00,"Total Cost": 347.00,"Plan Rows": 1,"Plan Width": 4,"Actual Startup Time": 0.137,"Actual Total Time": 7.131,"Actual Rows": 4,"Actual Loops": 5,"Filter": "((s_comment)::text ~~ '%Customer%Complaints%'::text)","Rows Removed by Filter": 9996,"Workers": []}]},{"Node Type": "Hash","Parent Relationship": "Inner","Parallel Aware": true,"Async Capable": false,"Startup Cost": 6180.33,"Total Cost": 6180.33,"Plan Rows": 12800,"Plan Width": 40,"Actual Startup Time": 21.525,"Actual Total Time": 21.529,"Actual Rows": 5930,"Actual Loops": 5,"Hash Buckets": 32768,"Original Hash Buckets": 32768,"Hash Batches": 1,"Original Hash Batches": 1,"Peak Memory Usage": 2560,"Workers": [],"Plans": [{"Node Type": "Seq Scan","Parent Relationship": "Outer","Parallel Aware": true,"Async Capable": false,"Relation Name": "part","Alias": "part","Startup Cost": 0.00,"Total Cost": 6180.33,"Plan Rows": 12800,"Plan Width": 40,"Actual Startup Time": 0.060,"Actual Total Time": 18.033,"Actual Rows": 5930,"Actual Loops": 5,"Filter": "((p_brand <> 'Brand#53'::bpchar) AND ((p_type)::text !~~ 'SMALL POLISHED%'::text) AND (p_size = ANY ('{16,9,43,1,6,46,32,27}'::integer[])))","Rows Removed by Filter": 34070,"Workers": []}]}]}]}]}]}]},"Planning Time": 4.990,"Triggers": [],"Execution Time": 234.633}]
[{"Plan": {"Node Type": "Sort","Parallel Aware": false,"Async Capable": false,"Startup Cost": 33279.53,"Total Cost": 33319.58,"Plan Rows": 16021,"Plan Width": 44,"Actual Startup Time": 244.046,"Actual Total Time": 246.008,"Actual Rows": 18255,"Actual Loops": 1,"Sort Key": ["(count(DISTINCT partsupp.ps_suppkey)) DESC", "part.p_brand", "part.p_type", "part.p_size"],"Sort Method": "quicksort","Sort Space Used": 2336,"Sort Space Type": "Memory","Plans": [{"Node Type": "Aggregate","Strategy": "Sorted","Partial Mode": "Simple","Parent Relationship": "Outer","Parallel Aware": false,"Async Capable": false,"Startup Cost": 24263.19,"Total Cost": 32160.65,"Plan Rows": 16021,"Plan Width": 44,"Actual Startup Time": 139.577,"Actual Total Time": 207.445,"Actual Rows": 18255,"Actual Loops": 1,"Group Key": ["part.p_brand", "part.p_type", "part.p_size"],"Plans": [{"Node Type": "Gather Merge","Parent Relationship": "Outer","Parallel Aware": false,"Async Capable": false,"Startup Cost": 24263.19,"Total Cost": 31404.05,"Plan Rows": 59639,"Plan Width": 40,"Actual Startup Time": 139.511,"Actual Total Time": 179.242,"Actual Rows": 118616,"Actual Loops": 1,"Workers Planned": 4,"Workers Launched": 4,"Plans": [{"Node Type": "Sort","Parent Relationship": "Outer","Parallel Aware": false,"Async Capable": false,"Startup Cost": 23263.13,"Total Cost": 23300.41,"Plan Rows": 14910,"Plan Width": 40,"Actual Startup Time": 124.286,"Actual Total Time": 126.991,"Actual Rows": 23723,"Actual Loops": 5,"Sort Key": ["part.p_brand", "part.p_type", "part.p_size"],"Sort Method": "quicksort","Sort Space Used": 2309,"Sort Space Type": "Memory","Workers": [{"Worker Number": 0,"Sort Method": "quicksort","Sort Space Used": 2881,"Sort Space Type": "Memory"},{"Worker Number": 1,"Sort Method": "quicksort","Sort Space Used": 2732,"Sort Space Type": "Memory"},{"Worker Number": 2,"Sort Method": "quicksort","Sort Space Used": 2854,"Sort Space Type": "Memory"},{"Worker Number": 3,"Sort Method": "quicksort","Sort Space Used": 2820,"Sort Space Type": "Memory"}],"Plans": [{"Node Type": "Hash Join","Parent Relationship": "Outer","Parallel Aware": true,"Async Capable": false,"Join Type": "Inner","Startup Cost": 6683.07,"Total Cost": 22229.57,"Plan Rows": 14910,"Plan Width": 40,"Actual Startup Time": 32.560,"Actual Total Time": 81.143,"Actual Rows": 23723,"Actual Loops": 5,"Inner Unique": true,"Hash Cond": "(partsupp.ps_partkey = part.p_partkey)","Workers": [],"Plans": [{"Node Type": "Index Only Scan","Parent Relationship": "Outer","Parallel Aware": true,"Async Capable": false,"Scan Direction": "Forward","Index Name": "partsupp_pkey","Relation Name": "partsupp","Alias": "partsupp","Startup Cost": 347.43,"Total Cost": 15631.43,"Plan Rows": 100000,"Plan Width": 8,"Actual Startup Time": 9.359,"Actual Total Time": 34.399,"Actual Rows": 159936,"Actual Loops": 5,"Filter": "(NOT (hashed SubPlan 1))","Rows Removed by Filter": 64,"Heap Fetches": 0,"Workers": [],"Plans": [{"Node Type": "Seq Scan","Parent Relationship": "SubPlan","Subplan Name": "SubPlan 1","Parallel Aware": false,"Async Capable": false,"Relation Name": "supplier","Alias": "supplier","Startup Cost": 0.00,"Total Cost": 347.00,"Plan Rows": 1,"Plan Width": 4,"Actual Startup Time": 0.374,"Actual Total Time": 9.213,"Actual Rows": 4,"Actual Loops": 5,"Filter": "((s_comment)::text ~~ '%Customer%Complaints%'::text)","Rows Removed by Filter": 9996,"Workers": []}]},{"Node Type": "Hash","Parent Relationship": "Inner","Parallel Aware": true,"Async Capable": false,"Startup Cost": 6180.33,"Total Cost": 6180.33,"Plan Rows": 12425,"Plan Width": 40,"Actual Startup Time": 22.940,"Actual Total Time": 22.945,"Actual Rows": 5933,"Actual Loops": 5,"Hash Buckets": 32768,"Original Hash Buckets": 32768,"Hash Batches": 1,"Original Hash Batches": 1,"Peak Memory Usage": 2560,"Workers": [],"Plans": [{"Node Type": "Seq Scan","Parent Relationship": "Outer","Parallel Aware": true,"Async Capable": false,"Relation Name": "part","Alias": "part","Startup Cost": 0.00,"Total Cost": 6180.33,"Plan Rows": 12425,"Plan Width": 40,"Actual Startup Time": 0.059,"Actual Total Time": 19.470,"Actual Rows": 5933,"Actual Loops": 5,"Filter": "((p_brand <> 'Brand#22'::bpchar) AND ((p_type)::text !~~ 'ECONOMY ANODIZED%'::text) AND (p_size = ANY ('{15,11,16,44,22,43,25,6}'::integer[])))","Rows Removed by Filter": 34067,"Workers": []}]}]}]}]}]}]},"Planning Time": 3.991,"Triggers": [],"Execution Time": 247.319}]
[{"Plan": {"Node Type": "Sort","Parallel Aware": false,"Async Capable": false,"Startup Cost": 33170.91,"Total Cost": 33210.76,"Plan Rows": 15941,"Plan Width": 44,"Actual Startup Time": 233.068,"Actual Total Time": 234.934,"Actual Rows": 18178,"Actual Loops": 1,"Sort Key": ["(count(DISTINCT partsupp.ps_suppkey)) DESC", "part.p_brand", "part.p_type", "part.p_size"],"Sort Method": "quicksort","Sort Space Used": 2330,"Sort Space Type": "Memory","Plans": [{"Node Type": "Aggregate","Strategy": "Sorted","Partial Mode": "Simple","Parent Relationship": "Outer","Parallel Aware": false,"Async Capable": false,"Startup Cost": 24248.59,"Total Cost": 32058.19,"Plan Rows": 15941,"Plan Width": 44,"Actual Startup Time": 130.826,"Actual Total Time": 196.512,"Actual Rows": 18178,"Actual Loops": 1,"Group Key": ["part.p_brand", "part.p_type", "part.p_size"],"Plans": [{"Node Type": "Gather Merge","Parent Relationship": "Outer","Parallel Aware": false,"Async Capable": false,"Startup Cost": 24248.59,"Total Cost": 31309.10,"Plan Rows": 58968,"Plan Width": 40,"Actual Startup Time": 130.761,"Actual Total Time": 169.155,"Actual Rows": 118414,"Actual Loops": 1,"Workers Planned": 4,"Workers Launched": 4,"Plans": [{"Node Type": "Sort","Parent Relationship": "Outer","Parallel Aware": false,"Async Capable": false,"Startup Cost": 23248.53,"Total Cost": 23285.39,"Plan Rows": 14742,"Plan Width": 40,"Actual Startup Time": 122.346,"Actual Total Time": 124.836,"Actual Rows": 23683,"Actual Loops": 5,"Sort Key": ["part.p_brand", "part.p_type", "part.p_size"],"Sort Method": "quicksort","Sort Space Used": 2690,"Sort Space Type": "Memory","Workers": [{"Worker Number": 0,"Sort Method": "quicksort","Sort Space Used": 2742,"Sort Space Type": "Memory"},{"Worker Number": 1,"Sort Method": "quicksort","Sort Space Used": 2680,"Sort Space Type": "Memory"},{"Worker Number": 2,"Sort Method": "quicksort","Sort Space Used": 2742,"Sort Space Type": "Memory"},{"Worker Number": 3,"Sort Method": "quicksort","Sort Space Used": 2736,"Sort Space Type": "Memory"}],"Plans": [{"Node Type": "Hash Join","Parent Relationship": "Outer","Parallel Aware": true,"Async Capable": false,"Join Type": "Inner","Startup Cost": 6681.32,"Total Cost": 22227.82,"Plan Rows": 14742,"Plan Width": 40,"Actual Startup Time": 30.370,"Actual Total Time": 80.884,"Actual Rows": 23683,"Actual Loops": 5,"Inner Unique": true,"Hash Cond": "(partsupp.ps_partkey = part.p_partkey)","Workers": [],"Plans": [{"Node Type": "Index Only Scan","Parent Relationship": "Outer","Parallel Aware": true,"Async Capable": false,"Scan Direction": "Forward","Index Name": "partsupp_pkey","Relation Name": "partsupp","Alias": "partsupp","Startup Cost": 347.43,"Total Cost": 15631.43,"Plan Rows": 100000,"Plan Width": 8,"Actual Startup Time": 7.476,"Actual Total Time": 32.631,"Actual Rows": 159936,"Actual Loops": 5,"Filter": "(NOT (hashed SubPlan 1))","Rows Removed by Filter": 64,"Heap Fetches": 0,"Workers": [],"Plans": [{"Node Type": "Seq Scan","Parent Relationship": "SubPlan","Subplan Name": "SubPlan 1","Parallel Aware": false,"Async Capable": false,"Relation Name": "supplier","Alias": "supplier","Startup Cost": 0.00,"Total Cost": 347.00,"Plan Rows": 1,"Plan Width": 4,"Actual Startup Time": 0.165,"Actual Total Time": 7.355,"Actual Rows": 4,"Actual Loops": 5,"Filter": "((s_comment)::text ~~ '%Customer%Complaints%'::text)","Rows Removed by Filter": 9996,"Workers": []}]},{"Node Type": "Hash","Parent Relationship": "Inner","Parallel Aware": true,"Async Capable": false,"Startup Cost": 6180.33,"Total Cost": 6180.33,"Plan Rows": 12285,"Plan Width": 40,"Actual Startup Time": 22.641,"Actual Total Time": 22.644,"Actual Rows": 5924,"Actual Loops": 5,"Hash Buckets": 32768,"Original Hash Buckets": 32768,"Hash Batches": 1,"Original Hash Batches": 1,"Peak Memory Usage": 2560,"Workers": [],"Plans": [{"Node Type": "Seq Scan","Parent Relationship": "Outer","Parallel Aware": true,"Async Capable": false,"Relation Name": "part","Alias": "part","Startup Cost": 0.00,"Total Cost": 6180.33,"Plan Rows": 12285,"Plan Width": 40,"Actual Startup Time": 0.052,"Actual Total Time": 18.733,"Actual Rows": 5924,"Actual Loops": 5,"Filter": "((p_brand <> 'Brand#14'::bpchar) AND ((p_type)::text !~~ 'LARGE POLISHED%'::text) AND (p_size = ANY ('{21,15,27,5,33,18,34,49}'::integer[])))","Rows Removed by Filter": 34076,"Workers": []}]}]}]}]}]}]},"Planning Time": 4.175,"Triggers": [],"Execution Time": 235.839}]
[{"Plan": {"Node Type": "Sort","Parallel Aware": false,"Async Capable": false,"Startup Cost": 33153.65,"Total Cost": 33193.47,"Plan Rows": 15929,"Plan Width": 44,"Actual Startup Time": 231.784,"Actual Total Time": 233.590,"Actual Rows": 18205,"Actual Loops": 1,"Sort Key": ["(count(DISTINCT partsupp.ps_suppkey)) DESC", "part.p_brand", "part.p_type", "part.p_size"],"Sort Method": "quicksort","Sort Space Used": 2332,"Sort Space Type": "Memory","Plans": [{"Node Type": "Aggregate","Strategy": "Sorted","Partial Mode": "Simple","Parent Relationship": "Outer","Parallel Aware": false,"Async Capable": false,"Startup Cost": 24246.25,"Total Cost": 32041.85,"Plan Rows": 15929,"Plan Width": 44,"Actual Startup Time": 130.106,"Actual Total Time": 195.882,"Actual Rows": 18205,"Actual Loops": 1,"Group Key": ["part.p_brand", "part.p_type", "part.p_size"],"Plans": [{"Node Type": "Gather Merge","Parent Relationship": "Outer","Parallel Aware": false,"Async Capable": false,"Startup Cost": 24246.25,"Total Cost": 31293.95,"Plan Rows": 58861,"Plan Width": 40,"Actual Startup Time": 130.041,"Actual Total Time": 168.680,"Actual Rows": 117899,"Actual Loops": 1,"Workers Planned": 4,"Workers Launched": 4,"Plans": [{"Node Type": "Sort","Parent Relationship": "Outer","Parallel Aware": false,"Async Capable": false,"Startup Cost": 23246.19,"Total Cost": 23282.98,"Plan Rows": 14715,"Plan Width": 40,"Actual Startup Time": 122.207,"Actual Total Time": 124.795,"Actual Rows": 23580,"Actual Loops": 5,"Sort Key": ["part.p_brand", "part.p_type", "part.p_size"],"Sort Method": "quicksort","Sort Space Used": 2665,"Sort Space Type": "Memory","Workers": [{"Worker Number": 0,"Sort Method": "quicksort","Sort Space Used": 2723,"Sort Space Type": "Memory"},{"Worker Number": 1,"Sort Method": "quicksort","Sort Space Used": 2716,"Sort Space Type": "Memory"},{"Worker Number": 2,"Sort Method": "quicksort","Sort Space Used": 2660,"Sort Space Type": "Memory"},{"Worker Number": 3,"Sort Method": "quicksort","Sort Space Used": 2769,"Sort Space Type": "Memory"}],"Plans": [{"Node Type": "Hash Join","Parent Relationship": "Outer","Parallel Aware": true,"Async Capable": false,"Join Type": "Inner","Startup Cost": 6681.05,"Total Cost": 22227.55,"Plan Rows": 14715,"Plan Width": 40,"Actual Startup Time": 30.819,"Actual Total Time": 81.021,"Actual Rows": 23580,"Actual Loops": 5,"Inner Unique": true,"Hash Cond": "(partsupp.ps_partkey = part.p_partkey)","Workers": [],"Plans": [{"Node Type": "Index Only Scan","Parent Relationship": "Outer","Parallel Aware": true,"Async Capable": false,"Scan Direction": "Forward","Index Name": "partsupp_pkey","Relation Name": "partsupp","Alias": "partsupp","Startup Cost": 347.43,"Total Cost": 15631.43,"Plan Rows": 100000,"Plan Width": 8,"Actual Startup Time": 7.957,"Actual Total Time": 32.926,"Actual Rows": 159936,"Actual Loops": 5,"Filter": "(NOT (hashed SubPlan 1))","Rows Removed by Filter": 64,"Heap Fetches": 0,"Workers": [],"Plans": [{"Node Type": "Seq Scan","Parent Relationship": "SubPlan","Subplan Name": "SubPlan 1","Parallel Aware": false,"Async Capable": false,"Relation Name": "supplier","Alias": "supplier","Startup Cost": 0.00,"Total Cost": 347.00,"Plan Rows": 1,"Plan Width": 4,"Actual Startup Time": 0.227,"Actual Total Time": 7.838,"Actual Rows": 4,"Actual Loops": 5,"Filter": "((s_comment)::text ~~ '%Customer%Complaints%'::text)","Rows Removed by Filter": 9996,"Workers": []}]},{"Node Type": "Hash","Parent Relationship": "Inner","Parallel Aware": true,"Async Capable": false,"Startup Cost": 6180.33,"Total Cost": 6180.33,"Plan Rows": 12263,"Plan Width": 40,"Actual Startup Time": 22.554,"Actual Total Time": 22.558,"Actual Rows": 5898,"Actual Loops": 5,"Hash Buckets": 32768,"Original Hash Buckets": 32768,"Hash Batches": 1,"Original Hash Batches": 1,"Peak Memory Usage": 2496,"Workers": [],"Plans": [{"Node Type": "Seq Scan","Parent Relationship": "Outer","Parallel Aware": true,"Async Capable": false,"Relation Name": "part","Alias": "part","Startup Cost": 0.00,"Total Cost": 6180.33,"Plan Rows": 12263,"Plan Width": 40,"Actual Startup Time": 0.046,"Actual Total Time": 18.991,"Actual Rows": 5898,"Actual Loops": 5,"Filter": "((p_brand <> 'Brand#33'::bpchar) AND ((p_type)::text !~~ 'STANDARD PLATED%'::text) AND (p_size = ANY ('{50,48,35,21,20,32,23,15}'::integer[])))","Rows Removed by Filter": 34102,"Workers": []}]}]}]}]}]}]},"Planning Time": 4.277,"Triggers": [],"Execution Time": 234.902}]
[{"Plan": {"Node Type": "Sort","Parallel Aware": false,"Async Capable": false,"Startup Cost": 33173.25,"Total Cost": 33213.10,"Plan Rows": 15943,"Plan Width": 44,"Actual Startup Time": 230.185,"Actual Total Time": 232.230,"Actual Rows": 18220,"Actual Loops": 1,"Sort Key": ["(count(DISTINCT partsupp.ps_suppkey)) DESC", "part.p_brand", "part.p_type", "part.p_size"],"Sort Method": "quicksort","Sort Space Used": 2333,"Sort Space Type": "Memory","Plans": [{"Node Type": "Aggregate","Strategy": "Sorted","Partial Mode": "Simple","Parent Relationship": "Outer","Parallel Aware": false,"Async Capable": false,"Startup Cost": 24248.93,"Total Cost": 32060.37,"Plan Rows": 15943,"Plan Width": 44,"Actual Startup Time": 128.915,"Actual Total Time": 194.493,"Actual Rows": 18220,"Actual Loops": 1,"Group Key": ["part.p_brand", "part.p_type", "part.p_size"],"Plans": [{"Node Type": "Gather Merge","Parent Relationship": "Outer","Parallel Aware": false,"Async Capable": false,"Startup Cost": 24248.93,"Total Cost": 31311.12,"Plan Rows": 58982,"Plan Width": 40,"Actual Startup Time": 128.848,"Actual Total Time": 167.143,"Actual Rows": 117819,"Actual Loops": 1,"Workers Planned": 4,"Workers Launched": 4,"Plans": [{"Node Type": "Sort","Parent Relationship": "Outer","Parallel Aware": false,"Async Capable": false,"Startup Cost": 23248.88,"Total Cost": 23285.74,"Plan Rows": 14746,"Plan Width": 40,"Actual Startup Time": 120.425,"Actual Total Time": 123.055,"Actual Rows": 23564,"Actual Loops": 5,"Sort Key": ["part.p_brand", "part.p_type", "part.p_size"],"Sort Method": "quicksort","Sort Space Used": 2664,"Sort Space Type": "Memory","Workers": [{"Worker Number": 0,"Sort Method": "quicksort","Sort Space Used": 2702,"Sort Space Type": "Memory"},{"Worker Number": 1,"Sort Method": "quicksort","Sort Space Used": 2721,"Sort Space Type": "Memory"},{"Worker Number": 2,"Sort Method": "quicksort","Sort Space Used": 2741,"Sort Space Type": "Memory"},{"Worker Number": 3,"Sort Method": "quicksort","Sort Space Used": 2726,"Sort Space Type": "Memory"}],"Plans": [{"Node Type": "Hash Join","Parent Relationship": "Outer","Parallel Aware": true,"Async Capable": false,"Join Type": "Inner","Startup Cost": 6681.36,"Total Cost": 22227.86,"Plan Rows": 14746,"Plan Width": 40,"Actual Startup Time": 29.720,"Actual Total Time": 79.329,"Actual Rows": 23564,"Actual Loops": 5,"Inner Unique": true,"Hash Cond": "(partsupp.ps_partkey = part.p_partkey)","Workers": [],"Plans": [{"Node Type": "Index Only Scan","Parent Relationship": "Outer","Parallel Aware": true,"Async Capable": false,"Scan Direction": "Forward","Index Name": "partsupp_pkey","Relation Name": "partsupp","Alias": "partsupp","Startup Cost": 347.43,"Total Cost": 15631.43,"Plan Rows": 100000,"Plan Width": 8,"Actual Startup Time": 7.848,"Actual Total Time": 32.434,"Actual Rows": 159936,"Actual Loops": 5,"Filter": "(NOT (hashed SubPlan 1))","Rows Removed by Filter": 64,"Heap Fetches": 0,"Workers": [],"Plans": [{"Node Type": "Seq Scan","Parent Relationship": "SubPlan","Subplan Name": "SubPlan 1","Parallel Aware": false,"Async Capable": false,"Relation Name": "supplier","Alias": "supplier","Startup Cost": 0.00,"Total Cost": 347.00,"Plan Rows": 1,"Plan Width": 4,"Actual Startup Time": 0.178,"Actual Total Time": 7.718,"Actual Rows": 4,"Actual Loops": 5,"Filter": "((s_comment)::text ~~ '%Customer%Complaints%'::text)","Rows Removed by Filter": 9996,"Workers": []}]},{"Node Type": "Hash","Parent Relationship": "Inner","Parallel Aware": true,"Async Capable": false,"Startup Cost": 6180.33,"Total Cost": 6180.33,"Plan Rows": 12288,"Plan Width": 40,"Actual Startup Time": 21.617,"Actual Total Time": 21.620,"Actual Rows": 5894,"Actual Loops": 5,"Hash Buckets": 32768,"Original Hash Buckets": 32768,"Hash Batches": 1,"Original Hash Batches": 1,"Peak Memory Usage": 2560,"Workers": [],"Plans": [{"Node Type": "Seq Scan","Parent Relationship": "Outer","Parallel Aware": true,"Async Capable": false,"Relation Name": "part","Alias": "part","Startup Cost": 0.00,"Total Cost": 6180.33,"Plan Rows": 12288,"Plan Width": 40,"Actual Startup Time": 0.043,"Actual Total Time": 18.190,"Actual Rows": 5894,"Actual Loops": 5,"Filter": "((p_brand <> 'Brand#22'::bpchar) AND ((p_type)::text !~~ 'MEDIUM PLATED%'::text) AND (p_size = ANY ('{23,38,5,48,45,18,17,43}'::integer[])))","Rows Removed by Filter": 34106,"Workers": []}]}]}]}]}]}]},"Planning Time": 4.058,"Triggers": [],"Execution Time": 233.440}]
[{"Plan": {"Node Type": "Sort","Parallel Aware": false,"Async Capable": false,"Startup Cost": 33360.02,"Total Cost": 33400.21,"Plan Rows": 16078,"Plan Width": 44,"Actual Startup Time": 238.718,"Actual Total Time": 240.538,"Actual Rows": 18120,"Actual Loops": 1,"Sort Key": ["(count(DISTINCT partsupp.ps_suppkey)) DESC", "part.p_brand", "part.p_type", "part.p_size"],"Sort Method": "quicksort","Sort Space Used": 2325,"Sort Space Type": "Memory","Plans": [{"Node Type": "Aggregate","Strategy": "Sorted","Partial Mode": "Simple","Parent Relationship": "Outer","Parallel Aware": false,"Async Capable": false,"Startup Cost": 24273.99,"Total Cost": 32236.75,"Plan Rows": 16078,"Plan Width": 44,"Actual Startup Time": 132.158,"Actual Total Time": 200.139,"Actual Rows": 18120,"Actual Loops": 1,"Group Key": ["part.p_brand", "part.p_type", "part.p_size"],"Plans": [{"Node Type": "Gather Merge","Parent Relationship": "Outer","Parallel Aware": false,"Async Capable": false,"Startup Cost": 24273.99,"Total Cost": 31474.59,"Plan Rows": 60138,"Plan Width": 40,"Actual Startup Time": 132.086,"Actual Total Time": 172.009,"Actual Rows": 117319,"Actual Loops": 1,"Workers Planned": 4,"Workers Launched": 4,"Plans": [{"Node Type": "Sort","Parent Relationship": "Outer","Parallel Aware": false,"Async Capable": false,"Startup Cost": 23273.93,"Total Cost": 23311.51,"Plan Rows": 15034,"Plan Width": 40,"Actual Startup Time": 119.578,"Actual Total Time": 122.334,"Actual Rows": 23464,"Actual Loops": 5,"Sort Key": ["part.p_brand", "part.p_type", "part.p_size"],"Sort Method": "quicksort","Sort Space Used": 2401,"Sort Space Type": "Memory","Workers": [{"Worker Number": 0,"Sort Method": "quicksort","Sort Space Used": 2884,"Sort Space Type": "Memory"},{"Worker Number": 1,"Sort Method": "quicksort","Sort Space Used": 2898,"Sort Space Type": "Memory"},{"Worker Number": 2,"Sort Method": "quicksort","Sort Space Used": 2390,"Sort Space Type": "Memory"},{"Worker Number": 3,"Sort Method": "quicksort","Sort Space Used": 2926,"Sort Space Type": "Memory"}],"Plans": [{"Node Type": "Hash Join","Parent Relationship": "Outer","Parallel Aware": true,"Async Capable": false,"Join Type": "Inner","Startup Cost": 6684.37,"Total Cost": 22230.87,"Plan Rows": 15034,"Plan Width": 40,"Actual Startup Time": 28.486,"Actual Total Time": 78.498,"Actual Rows": 23464,"Actual Loops": 5,"Inner Unique": true,"Hash Cond": "(partsupp.ps_partkey = part.p_partkey)","Workers": [],"Plans": [{"Node Type": "Index Only Scan","Parent Relationship": "Outer","Parallel Aware": true,"Async Capable": false,"Scan Direction": "Forward","Index Name": "partsupp_pkey","Relation Name": "partsupp","Alias": "partsupp","Startup Cost": 347.43,"Total Cost": 15631.43,"Plan Rows": 100000,"Plan Width": 8,"Actual Startup Time": 6.680,"Actual Total Time": 31.863,"Actual Rows": 159936,"Actual Loops": 5,"Filter": "(NOT (hashed SubPlan 1))","Rows Removed by Filter": 64,"Heap Fetches": 0,"Workers": [],"Plans": [{"Node Type": "Seq Scan","Parent Relationship": "SubPlan","Subplan Name": "SubPlan 1","Parallel Aware": false,"Async Capable": false,"Relation Name": "supplier","Alias": "supplier","Startup Cost": 0.00,"Total Cost": 347.00,"Plan Rows": 1,"Plan Width": 4,"Actual Startup Time": 0.125,"Actual Total Time": 6.519,"Actual Rows": 4,"Actual Loops": 5,"Filter": "((s_comment)::text ~~ '%Customer%Complaints%'::text)","Rows Removed by Filter": 9996,"Workers": []}]},{"Node Type": "Hash","Parent Relationship": "Inner","Parallel Aware": true,"Async Capable": false,"Startup Cost": 6180.33,"Total Cost": 6180.33,"Plan Rows": 12529,"Plan Width": 40,"Actual Startup Time": 21.521,"Actual Total Time": 21.524,"Actual Rows": 5868,"Actual Loops": 5,"Hash Buckets": 32768,"Original Hash Buckets": 32768,"Hash Batches": 1,"Original Hash Batches": 1,"Peak Memory Usage": 2560,"Workers": [],"Plans": [{"Node Type": "Seq Scan","Parent Relationship": "Outer","Parallel Aware": true,"Async Capable": false,"Relation Name": "part","Alias": "part","Startup Cost": 0.00,"Total Cost": 6180.33,"Plan Rows": 12529,"Plan Width": 40,"Actual Startup Time": 0.058,"Actual Total Time": 18.146,"Actual Rows": 5868,"Actual Loops": 5,"Filter": "((p_brand <> 'Brand#44'::bpchar) AND ((p_type)::text !~~ 'SMALL POLISHED%'::text) AND (p_size = ANY ('{40,25,23,43,32,27,28,38}'::integer[])))","Rows Removed by Filter": 34132,"Workers": []}]}]}]}]}]}]},"Planning Time": 4.990,"Triggers": [],"Execution Time": 241.734}]
[{"Plan": {"Node Type": "Sort","Parallel Aware": false,"Async Capable": false,"Startup Cost": 33285.11,"Total Cost": 33325.18,"Plan Rows": 16025,"Plan Width": 44,"Actual Startup Time": 242.679,"Actual Total Time": 244.439,"Actual Rows": 18138,"Actual Loops": 1,"Sort Key": ["(count(DISTINCT partsupp.ps_suppkey)) DESC", "part.p_brand", "part.p_type", "part.p_size"],"Sort Method": "quicksort","Sort Space Used": 2326,"Sort Space Type": "Memory","Plans": [{"Node Type": "Aggregate","Strategy": "Sorted","Partial Mode": "Simple","Parent Relationship": "Outer","Parallel Aware": false,"Async Capable": false,"Startup Cost": 24263.89,"Total Cost": 32165.93,"Plan Rows": 16025,"Plan Width": 44,"Actual Startup Time": 136.489,"Actual Total Time": 204.614,"Actual Rows": 18138,"Actual Loops": 1,"Group Key": ["part.p_brand", "part.p_type", "part.p_size"],"Plans": [{"Node Type": "Gather Merge","Parent Relationship": "Outer","Parallel Aware": false,"Async Capable": false,"Startup Cost": 24263.89,"Total Cost": 31408.94,"Plan Rows": 59674,"Plan Width": 40,"Actual Startup Time": 136.425,"Actual Total Time": 176.178,"Actual Rows": 119201,"Actual Loops": 1,"Workers Planned": 4,"Workers Launched": 4,"Plans": [{"Node Type": "Sort","Parent Relationship": "Outer","Parallel Aware": false,"Async Capable": false,"Startup Cost": 23263.83,"Total Cost": 23301.13,"Plan Rows": 14918,"Plan Width": 40,"Actual Startup Time": 122.855,"Actual Total Time": 125.603,"Actual Rows": 23840,"Actual Loops": 5,"Sort Key": ["part.p_brand", "part.p_type", "part.p_size"],"Sort Method": "quicksort","Sort Space Used": 2426,"Sort Space Type": "Memory","Workers": [{"Worker Number": 0,"Sort Method": "quicksort","Sort Space Used": 2924,"Sort Space Type": "Memory"},{"Worker Number": 1,"Sort Method": "quicksort","Sort Space Used": 2938,"Sort Space Type": "Memory"},{"Worker Number": 2,"Sort Method": "quicksort","Sort Space Used": 2442,"Sort Space Type": "Memory"},{"Worker Number": 3,"Sort Method": "quicksort","Sort Space Used": 2915,"Sort Space Type": "Memory"}],"Plans": [{"Node Type": "Hash Join","Parent Relationship": "Outer","Parallel Aware": true,"Async Capable": false,"Join Type": "Inner","Startup Cost": 6683.16,"Total Cost": 22229.66,"Plan Rows": 14918,"Plan Width": 40,"Actual Startup Time": 30.725,"Actual Total Time": 80.677,"Actual Rows": 23840,"Actual Loops": 5,"Inner Unique": true,"Hash Cond": "(partsupp.ps_partkey = part.p_partkey)","Workers": [],"Plans": [{"Node Type": "Index Only Scan","Parent Relationship": "Outer","Parallel Aware": true,"Async Capable": false,"Scan Direction": "Forward","Index Name": "partsupp_pkey","Relation Name": "partsupp","Alias": "partsupp","Startup Cost": 347.43,"Total Cost": 15631.43,"Plan Rows": 100000,"Plan Width": 8,"Actual Startup Time": 7.907,"Actual Total Time": 32.693,"Actual Rows": 159936,"Actual Loops": 5,"Filter": "(NOT (hashed SubPlan 1))","Rows Removed by Filter": 64,"Heap Fetches": 0,"Workers": [],"Plans": [{"Node Type": "Seq Scan","Parent Relationship": "SubPlan","Subplan Name": "SubPlan 1","Parallel Aware": false,"Async Capable": false,"Relation Name": "supplier","Alias": "supplier","Startup Cost": 0.00,"Total Cost": 347.00,"Plan Rows": 1,"Plan Width": 4,"Actual Startup Time": 0.144,"Actual Total Time": 7.743,"Actual Rows": 4,"Actual Loops": 5,"Filter": "((s_comment)::text ~~ '%Customer%Complaints%'::text)","Rows Removed by Filter": 9996,"Workers": []}]},{"Node Type": "Hash","Parent Relationship": "Inner","Parallel Aware": true,"Async Capable": false,"Startup Cost": 6180.33,"Total Cost": 6180.33,"Plan Rows": 12432,"Plan Width": 40,"Actual Startup Time": 22.545,"Actual Total Time": 22.548,"Actual Rows": 5963,"Actual Loops": 5,"Hash Buckets": 32768,"Original Hash Buckets": 32768,"Hash Batches": 1,"Original Hash Batches": 1,"Peak Memory Usage": 2560,"Workers": [],"Plans": [{"Node Type": "Seq Scan","Parent Relationship": "Outer","Parallel Aware": true,"Async Capable": false,"Relation Name": "part","Alias": "part","Startup Cost": 0.00,"Total Cost": 6180.33,"Plan Rows": 12432,"Plan Width": 40,"Actual Startup Time": 0.055,"Actual Total Time": 19.113,"Actual Rows": 5963,"Actual Loops": 5,"Filter": "((p_brand <> 'Brand#45'::bpchar) AND ((p_type)::text !~~ 'MEDIUM BURNISHED%'::text) AND (p_size = ANY ('{7,29,12,27,22,31,18,34}'::integer[])))","Rows Removed by Filter": 34037,"Workers": []}]}]}]}]}]}]},"Planning Time": 4.431,"Triggers": [],"Execution Time": 245.624}]
[{"Plan": {"Node Type": "Sort","Parallel Aware": false,"Async Capable": false,"Startup Cost": 33164.98,"Total Cost": 33204.82,"Plan Rows": 15937,"Plan Width": 44,"Actual Startup Time": 239.499,"Actual Total Time": 241.090,"Actual Rows": 18236,"Actual Loops": 1,"Sort Key": ["(count(DISTINCT partsupp.ps_suppkey)) DESC", "part.p_brand", "part.p_type", "part.p_size"],"Sort Method": "quicksort","Sort Space Used": 2335,"Sort Space Type": "Memory","Plans": [{"Node Type": "Aggregate","Strategy": "Sorted","Partial Mode": "Simple","Parent Relationship": "Outer","Parallel Aware": false,"Async Capable": false,"Startup Cost": 24247.80,"Total Cost": 32052.57,"Plan Rows": 15937,"Plan Width": 44,"Actual Startup Time": 133.160,"Actual Total Time": 201.676,"Actual Rows": 18236,"Actual Loops": 1,"Group Key": ["part.p_brand", "part.p_type", "part.p_size"],"Plans": [{"Node Type": "Gather Merge","Parent Relationship": "Outer","Parallel Aware": false,"Async Capable": false,"Startup Cost": 24247.80,"Total Cost": 31303.89,"Plan Rows": 58931,"Plan Width": 40,"Actual Startup Time": 133.094,"Actual Total Time": 173.468,"Actual Rows": 117993,"Actual Loops": 1,"Workers Planned": 4,"Workers Launched": 4,"Plans": [{"Node Type": "Sort","Parent Relationship": "Outer","Parallel Aware": false,"Async Capable": false,"Startup Cost": 23247.75,"Total Cost": 23284.58,"Plan Rows": 14733,"Plan Width": 40,"Actual Startup Time": 121.630,"Actual Total Time": 124.269,"Actual Rows": 23599,"Actual Loops": 5,"Sort Key": ["part.p_brand", "part.p_type", "part.p_size"],"Sort Method": "quicksort","Sort Space Used": 2473,"Sort Space Type": "Memory","Workers": [{"Worker Number": 0,"Sort Method": "quicksort","Sort Space Used": 2855,"Sort Space Type": "Memory"},{"Worker Number": 1,"Sort Method": "quicksort","Sort Space Used": 2483,"Sort Space Type": "Memory"},{"Worker Number": 2,"Sort Method": "quicksort","Sort Space Used": 2841,"Sort Space Type": "Memory"},{"Worker Number": 3,"Sort Method": "quicksort","Sort Space Used": 2906,"Sort Space Type": "Memory"}],"Plans": [{"Node Type": "Hash Join","Parent Relationship": "Outer","Parallel Aware": true,"Async Capable": false,"Join Type": "Inner","Startup Cost": 6681.22,"Total Cost": 22227.72,"Plan Rows": 14733,"Plan Width": 40,"Actual Startup Time": 30.205,"Actual Total Time": 80.102,"Actual Rows": 23599,"Actual Loops": 5,"Inner Unique": true,"Hash Cond": "(partsupp.ps_partkey = part.p_partkey)","Workers": [],"Plans": [{"Node Type": "Index Only Scan","Parent Relationship": "Outer","Parallel Aware": true,"Async Capable": false,"Scan Direction": "Forward","Index Name": "partsupp_pkey","Relation Name": "partsupp","Alias": "partsupp","Startup Cost": 347.43,"Total Cost": 15631.43,"Plan Rows": 100000,"Plan Width": 8,"Actual Startup Time": 7.115,"Actual Total Time": 32.511,"Actual Rows": 159936,"Actual Loops": 5,"Filter": "(NOT (hashed SubPlan 1))","Rows Removed by Filter": 64,"Heap Fetches": 0,"Workers": [],"Plans": [{"Node Type": "Seq Scan","Parent Relationship": "SubPlan","Subplan Name": "SubPlan 1","Parallel Aware": false,"Async Capable": false,"Relation Name": "supplier","Alias": "supplier","Startup Cost": 0.00,"Total Cost": 347.00,"Plan Rows": 1,"Plan Width": 4,"Actual Startup Time": 0.136,"Actual Total Time": 6.988,"Actual Rows": 4,"Actual Loops": 5,"Filter": "((s_comment)::text ~~ '%Customer%Complaints%'::text)","Rows Removed by Filter": 9996,"Workers": []}]},{"Node Type": "Hash","Parent Relationship": "Inner","Parallel Aware": true,"Async Capable": false,"Startup Cost": 6180.33,"Total Cost": 6180.33,"Plan Rows": 12277,"Plan Width": 40,"Actual Startup Time": 22.797,"Actual Total Time": 22.800,"Actual Rows": 5902,"Actual Loops": 5,"Hash Buckets": 32768,"Original Hash Buckets": 32768,"Hash Batches": 1,"Original Hash Batches": 1,"Peak Memory Usage": 2528,"Workers": [],"Plans": [{"Node Type": "Seq Scan","Parent Relationship": "Outer","Parallel Aware": true,"Async Capable": false,"Relation Name": "part","Alias": "part","Startup Cost": 0.00,"Total Cost": 6180.33,"Plan Rows": 12277,"Plan Width": 40,"Actual Startup Time": 0.060,"Actual Total Time": 19.027,"Actual Rows": 5902,"Actual Loops": 5,"Filter": "((p_brand <> 'Brand#22'::bpchar) AND ((p_type)::text !~~ 'LARGE POLISHED%'::text) AND (p_size = ANY ('{19,9,15,25,14,49,12,27}'::integer[])))","Rows Removed by Filter": 34098,"Workers": []}]}]}]}]}]}]},"Planning Time": 4.851,"Triggers": [],"Execution Time": 242.053}]
[{"Plan": {"Node Type": "Sort","Parallel Aware": false,"Async Capable": false,"Startup Cost": 33340.58,"Total Cost": 33380.74,"Plan Rows": 16065,"Plan Width": 44,"Actual Startup Time": 247.834,"Actual Total Time": 249.760,"Actual Rows": 18385,"Actual Loops": 1,"Sort Key": ["(count(DISTINCT partsupp.ps_suppkey)) DESC", "part.p_brand", "part.p_type", "part.p_size"],"Sort Method": "quicksort","Sort Space Used": 2348,"Sort Space Type": "Memory","Plans": [{"Node Type": "Aggregate","Strategy": "Sorted","Partial Mode": "Simple","Parent Relationship": "Outer","Parallel Aware": false,"Async Capable": false,"Startup Cost": 24271.38,"Total Cost": 32218.31,"Plan Rows": 16065,"Plan Width": 44,"Actual Startup Time": 141.776,"Actual Total Time": 210.022,"Actual Rows": 18385,"Actual Loops": 1,"Group Key": ["part.p_brand", "part.p_type", "part.p_size"],"Plans": [{"Node Type": "Gather Merge","Parent Relationship": "Outer","Parallel Aware": false,"Async Capable": false,"Startup Cost": 24271.38,"Total Cost": 31457.49,"Plan Rows": 60017,"Plan Width": 40,"Actual Startup Time": 141.726,"Actual Total Time": 181.424,"Actual Rows": 119490,"Actual Loops": 1,"Workers Planned": 4,"Workers Launched": 4,"Plans": [{"Node Type": "Sort","Parent Relationship": "Outer","Parallel Aware": false,"Async Capable": false,"Startup Cost": 23271.32,"Total Cost": 23308.83,"Plan Rows": 15004,"Plan Width": 40,"Actual Startup Time": 129.868,"Actual Total Time": 132.188,"Actual Rows": 23898,"Actual Loops": 5,"Sort Key": ["part.p_brand", "part.p_type", "part.p_size"],"Sort Method": "quicksort","Sort Space Used": 2144,"Sort Space Type": "Memory","Workers": [{"Worker Number": 0,"Sort Method": "quicksort","Sort Space Used": 2549,"Sort Space Type": "Memory"},{"Worker Number": 1,"Sort Method": "quicksort","Sort Space Used": 2992,"Sort Space Type": "Memory"},{"Worker Number": 2,"Sort Method": "quicksort","Sort Space Used": 3011,"Sort Space Type": "Memory"},{"Worker Number": 3,"Sort Method": "quicksort","Sort Space Used": 2996,"Sort Space Type": "Memory"}],"Plans": [{"Node Type": "Hash Join","Parent Relationship": "Outer","Parallel Aware": true,"Async Capable": false,"Join Type": "Inner","Startup Cost": 6684.06,"Total Cost": 22230.56,"Plan Rows": 15004,"Plan Width": 40,"Actual Startup Time": 33.208,"Actual Total Time": 85.984,"Actual Rows": 23898,"Actual Loops": 5,"Inner Unique": true,"Hash Cond": "(partsupp.ps_partkey = part.p_partkey)","Workers": [],"Plans": [{"Node Type": "Index Only Scan","Parent Relationship": "Outer","Parallel Aware": true,"Async Capable": false,"Scan Direction": "Forward","Index Name": "partsupp_pkey","Relation Name": "partsupp","Alias": "partsupp","Startup Cost": 347.43,"Total Cost": 15631.43,"Plan Rows": 100000,"Plan Width": 8,"Actual Startup Time": 9.385,"Actual Total Time": 36.485,"Actual Rows": 159936,"Actual Loops": 5,"Filter": "(NOT (hashed SubPlan 1))","Rows Removed by Filter": 64,"Heap Fetches": 0,"Workers": [],"Plans": [{"Node Type": "Seq Scan","Parent Relationship": "SubPlan","Subplan Name": "SubPlan 1","Parallel Aware": false,"Async Capable": false,"Relation Name": "supplier","Alias": "supplier","Startup Cost": 0.00,"Total Cost": 347.00,"Plan Rows": 1,"Plan Width": 4,"Actual Startup Time": 0.257,"Actual Total Time": 9.253,"Actual Rows": 4,"Actual Loops": 5,"Filter": "((s_comment)::text ~~ '%Customer%Complaints%'::text)","Rows Removed by Filter": 9996,"Workers": []}]},{"Node Type": "Hash","Parent Relationship": "Inner","Parallel Aware": true,"Async Capable": false,"Startup Cost": 6180.33,"Total Cost": 6180.33,"Plan Rows": 12504,"Plan Width": 40,"Actual Startup Time": 23.577,"Actual Total Time": 23.583,"Actual Rows": 5977,"Actual Loops": 5,"Hash Buckets": 32768,"Original Hash Buckets": 32768,"Hash Batches": 1,"Original Hash Batches": 1,"Peak Memory Usage": 2560,"Workers": [],"Plans": [{"Node Type": "Seq Scan","Parent Relationship": "Outer","Parallel Aware": true,"Async Capable": false,"Relation Name": "part","Alias": "part","Startup Cost": 0.00,"Total Cost": 6180.33,"Plan Rows": 12504,"Plan Width": 40,"Actual Startup Time": 0.058,"Actual Total Time": 20.016,"Actual Rows": 5977,"Actual Loops": 5,"Filter": "((p_brand <> 'Brand#55'::bpchar) AND ((p_type)::text !~~ 'SMALL BRUSHED%'::text) AND (p_size = ANY ('{9,2,48,5,39,43,46,7}'::integer[])))","Rows Removed by Filter": 34023,"Workers": []}]}]}]}]}]}]},"Planning Time": 5.051,"Triggers": [],"Execution Time": 251.128}]
[{"Plan": {"Node Type": "Sort","Parallel Aware": false,"Async Capable": false,"Startup Cost": 33014.35,"Total Cost": 33053.92,"Plan Rows": 15825,"Plan Width": 44,"Actual Startup Time": 237.665,"Actual Total Time": 239.426,"Actual Rows": 18212,"Actual Loops": 1,"Sort Key": ["(count(DISTINCT partsupp.ps_suppkey)) DESC", "part.p_brand", "part.p_type", "part.p_size"],"Sort Method": "quicksort","Sort Space Used": 2333,"Sort Space Type": "Memory","Plans": [{"Node Type": "Aggregate","Strategy": "Sorted","Partial Mode": "Simple","Parent Relationship": "Outer","Parallel Aware": false,"Async Capable": false,"Startup Cost": 24227.58,"Total Cost": 31910.57,"Plan Rows": 15825,"Plan Width": 44,"Actual Startup Time": 132.604,"Actual Total Time": 200.425,"Actual Rows": 18212,"Actual Loops": 1,"Group Key": ["part.p_brand", "part.p_type", "part.p_size"],"Plans": [{"Node Type": "Gather Merge","Parent Relationship": "Outer","Parallel Aware": false,"Async Capable": false,"Startup Cost": 24227.58,"Total Cost": 31172.31,"Plan Rows": 58001,"Plan Width": 40,"Actual Startup Time": 132.519,"Actual Total Time": 172.064,"Actual Rows": 117600,"Actual Loops": 1,"Workers Planned": 4,"Workers Launched": 4,"Plans": [{"Node Type": "Sort","Parent Relationship": "Outer","Parallel Aware": false,"Async Capable": false,"Startup Cost": 23227.52,"Total Cost": 23263.77,"Plan Rows": 14500,"Plan Width": 40,"Actual Startup Time": 120.421,"Actual Total Time": 123.091,"Actual Rows": 23520,"Actual Loops": 5,"Sort Key": ["part.p_brand", "part.p_type", "part.p_size"],"Sort Method": "quicksort","Sort Space Used": 2436,"Sort Space Type": "Memory","Workers": [{"Worker Number": 0,"Sort Method": "quicksort","Sort Space Used": 2420,"Sort Space Type": "Memory"},{"Worker Number": 1,"Sort Method": "quicksort","Sort Space Used": 2919,"Sort Space Type": "Memory"},{"Worker Number": 2,"Sort Method": "quicksort","Sort Space Used": 2825,"Sort Space Type": "Memory"},{"Worker Number": 3,"Sort Method": "quicksort","Sort Space Used": 2922,"Sort Space Type": "Memory"}],"Plans": [{"Node Type": "Hash Join","Parent Relationship": "Outer","Parallel Aware": true,"Async Capable": false,"Join Type": "Inner","Startup Cost": 6678.80,"Total Cost": 22225.30,"Plan Rows": 14500,"Plan Width": 40,"Actual Startup Time": 29.599,"Actual Total Time": 79.138,"Actual Rows": 23520,"Actual Loops": 5,"Inner Unique": true,"Hash Cond": "(partsupp.ps_partkey = part.p_partkey)","Workers": [],"Plans": [{"Node Type": "Index Only Scan","Parent Relationship": "Outer","Parallel Aware": true,"Async Capable": false,"Scan Direction": "Forward","Index Name": "partsupp_pkey","Relation Name": "partsupp","Alias": "partsupp","Startup Cost": 347.43,"Total Cost": 15631.43,"Plan Rows": 100000,"Plan Width": 8,"Actual Startup Time": 7.853,"Actual Total Time": 32.783,"Actual Rows": 159936,"Actual Loops": 5,"Filter": "(NOT (hashed SubPlan 1))","Rows Removed by Filter": 64,"Heap Fetches": 0,"Workers": [],"Plans": [{"Node Type": "Seq Scan","Parent Relationship": "SubPlan","Subplan Name": "SubPlan 1","Parallel Aware": false,"Async Capable": false,"Relation Name": "supplier","Alias": "supplier","Startup Cost": 0.00,"Total Cost": 347.00,"Plan Rows": 1,"Plan Width": 4,"Actual Startup Time": 0.129,"Actual Total Time": 7.704,"Actual Rows": 4,"Actual Loops": 5,"Filter": "((s_comment)::text ~~ '%Customer%Complaints%'::text)","Rows Removed by Filter": 9996,"Workers": []}]},{"Node Type": "Hash","Parent Relationship": "Inner","Parallel Aware": true,"Async Capable": false,"Startup Cost": 6180.33,"Total Cost": 6180.33,"Plan Rows": 12083,"Plan Width": 40,"Actual Startup Time": 21.448,"Actual Total Time": 21.451,"Actual Rows": 5882,"Actual Loops": 5,"Hash Buckets": 32768,"Original Hash Buckets": 32768,"Hash Batches": 1,"Original Hash Batches": 1,"Peak Memory Usage": 2560,"Workers": [],"Plans": [{"Node Type": "Seq Scan","Parent Relationship": "Outer","Parallel Aware": true,"Async Capable": false,"Relation Name": "part","Alias": "part","Startup Cost": 0.00,"Total Cost": 6180.33,"Plan Rows": 12083,"Plan Width": 40,"Actual Startup Time": 0.054,"Actual Total Time": 18.072,"Actual Rows": 5882,"Actual Loops": 5,"Filter": "((p_brand <> 'Brand#34'::bpchar) AND ((p_type)::text !~~ 'ECONOMY PLATED%'::text) AND (p_size = ANY ('{43,19,36,16,12,28,39,26}'::integer[])))","Rows Removed by Filter": 34118,"Workers": []}]}]}]}]}]}]},"Planning Time": 5.252,"Triggers": [],"Execution Time": 240.664}]
[{"Plan": {"Node Type": "Sort","Parallel Aware": false,"Async Capable": false,"Startup Cost": 33318.23,"Total Cost": 33358.35,"Plan Rows": 16048,"Plan Width": 44,"Actual Startup Time": 268.412,"Actual Total Time": 270.326,"Actual Rows": 18335,"Actual Loops": 1,"Sort Key": ["(count(DISTINCT partsupp.ps_suppkey)) DESC", "part.p_brand", "part.p_type", "part.p_size"],"Sort Method": "quicksort","Sort Space Used": 2343,"Sort Space Type": "Memory","Plans": [{"Node Type": "Aggregate","Strategy": "Sorted","Partial Mode": "Simple","Parent Relationship": "Outer","Parallel Aware": false,"Async Capable": false,"Startup Cost": 24268.41,"Total Cost": 32197.27,"Plan Rows": 16048,"Plan Width": 44,"Actual Startup Time": 155.150,"Actual Total Time": 228.146,"Actual Rows": 18335,"Actual Loops": 1,"Group Key": ["part.p_brand", "part.p_type", "part.p_size"],"Plans": [{"Node Type": "Gather Merge","Parent Relationship": "Outer","Parallel Aware": false,"Async Capable": false,"Startup Cost": 24268.41,"Total Cost": 31438.00,"Plan Rows": 59879,"Plan Width": 40,"Actual Startup Time": 155.094,"Actual Total Time": 197.249,"Actual Rows": 119242,"Actual Loops": 1,"Workers Planned": 4,"Workers Launched": 4,"Plans": [{"Node Type": "Sort","Parent Relationship": "Outer","Parallel Aware": false,"Async Capable": false,"Startup Cost": 23268.35,"Total Cost": 23305.78,"Plan Rows": 14970,"Plan Width": 40,"Actual Startup Time": 130.362,"Actual Total Time": 134.100,"Actual Rows": 23848,"Actual Loops": 5,"Sort Key": ["part.p_brand", "part.p_type", "part.p_size"],"Sort Method": "quicksort","Sort Space Used": 2388,"Sort Space Type": "Memory","Workers": [{"Worker Number": 0,"Sort Method": "quicksort","Sort Space Used": 2773,"Sort Space Type": "Memory"},{"Worker Number": 1,"Sort Method": "quicksort","Sort Space Used": 2882,"Sort Space Type": "Memory"},{"Worker Number": 2,"Sort Method": "quicksort","Sort Space Used": 2844,"Sort Space Type": "Memory"},{"Worker Number": 3,"Sort Method": "quicksort","Sort Space Used": 2773,"Sort Space Type": "Memory"}],"Plans": [{"Node Type": "Hash Join","Parent Relationship": "Outer","Parallel Aware": true,"Async Capable": false,"Join Type": "Inner","Startup Cost": 6683.70,"Total Cost": 22230.20,"Plan Rows": 14970,"Plan Width": 40,"Actual Startup Time": 32.538,"Actual Total Time": 81.663,"Actual Rows": 23848,"Actual Loops": 5,"Inner Unique": true,"Hash Cond": "(partsupp.ps_partkey = part.p_partkey)","Workers": [],"Plans": [{"Node Type": "Index Only Scan","Parent Relationship": "Outer","Parallel Aware": true,"Async Capable": false,"Scan Direction": "Forward","Index Name": "partsupp_pkey","Relation Name": "partsupp","Alias": "partsupp","Startup Cost": 347.43,"Total Cost": 15631.43,"Plan Rows": 100000,"Plan Width": 8,"Actual Startup Time": 8.777,"Actual Total Time": 34.088,"Actual Rows": 159936,"Actual Loops": 5,"Filter": "(NOT (hashed SubPlan 1))","Rows Removed by Filter": 64,"Heap Fetches": 0,"Workers": [],"Plans": [{"Node Type": "Seq Scan","Parent Relationship": "SubPlan","Subplan Name": "SubPlan 1","Parallel Aware": false,"Async Capable": false,"Relation Name": "supplier","Alias": "supplier","Startup Cost": 0.00,"Total Cost": 347.00,"Plan Rows": 1,"Plan Width": 4,"Actual Startup Time": 0.281,"Actual Total Time": 8.534,"Actual Rows": 4,"Actual Loops": 5,"Filter": "((s_comment)::text ~~ '%Customer%Complaints%'::text)","Rows Removed by Filter": 9996,"Workers": []}]},{"Node Type": "Hash","Parent Relationship": "Inner","Parallel Aware": true,"Async Capable": false,"Startup Cost": 6180.33,"Total Cost": 6180.33,"Plan Rows": 12475,"Plan Width": 40,"Actual Startup Time": 23.450,"Actual Total Time": 23.454,"Actual Rows": 5964,"Actual Loops": 5,"Hash Buckets": 32768,"Original Hash Buckets": 32768,"Hash Batches": 1,"Original Hash Batches": 1,"Peak Memory Usage": 2528,"Workers": [],"Plans": [{"Node Type": "Seq Scan","Parent Relationship": "Outer","Parallel Aware": true,"Async Capable": false,"Relation Name": "part","Alias": "part","Startup Cost": 0.00,"Total Cost": 6180.33,"Plan Rows": 12475,"Plan Width": 40,"Actual Startup Time": 0.056,"Actual Total Time": 19.975,"Actual Rows": 5964,"Actual Loops": 5,"Filter": "((p_brand <> 'Brand#53'::bpchar) AND ((p_type)::text !~~ 'MEDIUM BRUSHED%'::text) AND (p_size = ANY ('{22,39,30,40,47,11,32,19}'::integer[])))","Rows Removed by Filter": 34036,"Workers": []}]}]}]}]}]}]},"Planning Time": 3.935,"Triggers": [],"Execution Time": 271.753}]
[{"Plan": {"Node Type": "Sort","Parallel Aware": false,"Async Capable": false,"Startup Cost": 33002.28,"Total Cost": 33041.82,"Plan Rows": 15816,"Plan Width": 44,"Actual Startup Time": 241.155,"Actual Total Time": 243.089,"Actual Rows": 18278,"Actual Loops": 1,"Sort Key": ["(count(DISTINCT partsupp.ps_suppkey)) DESC", "part.p_brand", "part.p_type", "part.p_size"],"Sort Method": "quicksort","Sort Space Used": 2338,"Sort Space Type": "Memory","Plans": [{"Node Type": "Aggregate","Strategy": "Sorted","Partial Mode": "Simple","Parent Relationship": "Outer","Parallel Aware": false,"Async Capable": false,"Startup Cost": 24226.02,"Total Cost": 31899.19,"Plan Rows": 15816,"Plan Width": 44,"Actual Startup Time": 136.410,"Actual Total Time": 204.692,"Actual Rows": 18278,"Actual Loops": 1,"Group Key": ["part.p_brand", "part.p_type", "part.p_size"],"Plans": [{"Node Type": "Gather Merge","Parent Relationship": "Outer","Parallel Aware": false,"Async Capable": false,"Startup Cost": 24226.02,"Total Cost": 31161.77,"Plan Rows": 57926,"Plan Width": 40,"Actual Startup Time": 136.342,"Actual Total Time": 176.193,"Actual Rows": 118448,"Actual Loops": 1,"Workers Planned": 4,"Workers Launched": 4,"Plans": [{"Node Type": "Sort","Parent Relationship": "Outer","Parallel Aware": false,"Async Capable": false,"Startup Cost": 23225.96,"Total Cost": 23262.16,"Plan Rows": 14482,"Plan Width": 40,"Actual Startup Time": 124.824,"Actual Total Time": 127.690,"Actual Rows": 23690,"Actual Loops": 5,"Sort Key": ["part.p_brand", "part.p_type", "part.p_size"],"Sort Method": "quicksort","Sort Space Used": 2464,"Sort Space Type": "Memory","Workers": [{"Worker Number": 0,"Sort Method": "quicksort","Sort Space Used": 2838,"Sort Space Type": "Memory"},{"Worker Number": 1,"Sort Method": "quicksort","Sort Space Used": 2887,"Sort Space Type": "Memory"},{"Worker Number": 2,"Sort Method": "quicksort","Sort Space Used": 2917,"Sort Space Type": "Memory"},{"Worker Number": 3,"Sort Method": "quicksort","Sort Space Used": 2479,"Sort Space Type": "Memory"}],"Plans": [{"Node Type": "Hash Join","Parent Relationship": "Outer","Parallel Aware": true,"Async Capable": false,"Join Type": "Inner","Startup Cost": 6678.61,"Total Cost": 22225.11,"Plan Rows": 14482,"Plan Width": 40,"Actual Startup Time": 33.003,"Actual Total Time": 83.266,"Actual Rows": 23690,"Actual Loops": 5,"Inner Unique": true,"Hash Cond": "(partsupp.ps_partkey = part.p_partkey)","Workers": [],"Plans": [{"Node Type": "Index Only Scan","Parent Relationship": "Outer","Parallel Aware": true,"Async Capable": false,"Scan Direction": "Forward","Index Name": "partsupp_pkey","Relation Name": "partsupp","Alias": "partsupp","Startup Cost": 347.43,"Total Cost": 15631.43,"Plan Rows": 100000,"Plan Width": 8,"Actual Startup Time": 9.438,"Actual Total Time": 34.940,"Actual Rows": 159936,"Actual Loops": 5,"Filter": "(NOT (hashed SubPlan 1))","Rows Removed by Filter": 64,"Heap Fetches": 0,"Workers": [],"Plans": [{"Node Type": "Seq Scan","Parent Relationship": "SubPlan","Subplan Name": "SubPlan 1","Parallel Aware": false,"Async Capable": false,"Relation Name": "supplier","Alias": "supplier","Startup Cost": 0.00,"Total Cost": 347.00,"Plan Rows": 1,"Plan Width": 4,"Actual Startup Time": 0.409,"Actual Total Time": 9.273,"Actual Rows": 4,"Actual Loops": 5,"Filter": "((s_comment)::text ~~ '%Customer%Complaints%'::text)","Rows Removed by Filter": 9996,"Workers": []}]},{"Node Type": "Hash","Parent Relationship": "Inner","Parallel Aware": true,"Async Capable": false,"Startup Cost": 6180.33,"Total Cost": 6180.33,"Plan Rows": 12068,"Plan Width": 40,"Actual Startup Time": 23.280,"Actual Total Time": 23.283,"Actual Rows": 5925,"Actual Loops": 5,"Hash Buckets": 32768,"Original Hash Buckets": 32768,"Hash Batches": 1,"Original Hash Batches": 1,"Peak Memory Usage": 2528,"Workers": [],"Plans": [{"Node Type": "Seq Scan","Parent Relationship": "Outer","Parallel Aware": true,"Async Capable": false,"Relation Name": "part","Alias": "part","Startup Cost": 0.00,"Total Cost": 6180.33,"Plan Rows": 12068,"Plan Width": 40,"Actual Startup Time": 0.056,"Actual Total Time": 19.786,"Actual Rows": 5925,"Actual Loops": 5,"Filter": "((p_brand <> 'Brand#14'::bpchar) AND ((p_type)::text !~~ 'ECONOMY POLISHED%'::text) AND (p_size = ANY ('{34,31,12,17,48,35,22,49}'::integer[])))","Rows Removed by Filter": 34075,"Workers": []}]}]}]}]}]}]},"Planning Time": 4.207,"Triggers": [],"Execution Time": 244.383}]
[{"Plan": {"Node Type": "Sort","Parallel Aware": false,"Async Capable": false,"Startup Cost": 33331.82,"Total Cost": 33371.97,"Plan Rows": 16058,"Plan Width": 44,"Actual Startup Time": 238.457,"Actual Total Time": 240.341,"Actual Rows": 18290,"Actual Loops": 1,"Sort Key": ["(count(DISTINCT partsupp.ps_suppkey)) DESC", "part.p_brand", "part.p_type", "part.p_size"],"Sort Method": "quicksort","Sort Space Used": 2339,"Sort Space Type": "Memory","Plans": [{"Node Type": "Aggregate","Strategy": "Sorted","Partial Mode": "Simple","Parent Relationship": "Outer","Parallel Aware": false,"Async Capable": false,"Startup Cost": 24270.23,"Total Cost": 32210.09,"Plan Rows": 16058,"Plan Width": 44,"Actual Startup Time": 133.911,"Actual Total Time": 202.833,"Actual Rows": 18290,"Actual Loops": 1,"Group Key": ["part.p_brand", "part.p_type", "part.p_size"],"Plans": [{"Node Type": "Gather Merge","Parent Relationship": "Outer","Parallel Aware": false,"Async Capable": false,"Startup Cost": 24270.23,"Total Cost": 31449.88,"Plan Rows": 59963,"Plan Width": 40,"Actual Startup Time": 133.856,"Actual Total Time": 174.374,"Actual Rows": 119435,"Actual Loops": 1,"Workers Planned": 4,"Workers Launched": 4,"Plans": [{"Node Type": "Sort","Parent Relationship": "Outer","Parallel Aware": false,"Async Capable": false,"Startup Cost": 23270.17,"Total Cost": 23307.65,"Plan Rows": 14991,"Plan Width": 40,"Actual Startup Time": 122.118,"Actual Total Time": 124.863,"Actual Rows": 23887,"Actual Loops": 5,"Sort Key": ["part.p_brand", "part.p_type", "part.p_size"],"Sort Method": "quicksort","Sort Space Used": 2416,"Sort Space Type": "Memory","Workers": [{"Worker Number": 0,"Sort Method": "quicksort","Sort Space Used": 2916,"Sort Space Type": "Memory"},{"Worker Number": 1,"Sort Method": "quicksort","Sort Space Used": 2953,"Sort Space Type": "Memory"},{"Worker Number": 2,"Sort Method": "quicksort","Sort Space Used": 2438,"Sort Space Type": "Memory"},{"Worker Number": 3,"Sort Method": "quicksort","Sort Space Used": 2941,"Sort Space Type": "Memory"}],"Plans": [{"Node Type": "Hash Join","Parent Relationship": "Outer","Parallel Aware": true,"Async Capable": false,"Join Type": "Inner","Startup Cost": 6683.91,"Total Cost": 22230.41,"Plan Rows": 14991,"Plan Width": 40,"Actual Startup Time": 29.529,"Actual Total Time": 80.261,"Actual Rows": 23887,"Actual Loops": 5,"Inner Unique": true,"Hash Cond": "(partsupp.ps_partkey = part.p_partkey)","Workers": [],"Plans": [{"Node Type": "Index Only Scan","Parent Relationship": "Outer","Parallel Aware": true,"Async Capable": false,"Scan Direction": "Forward","Index Name": "partsupp_pkey","Relation Name": "partsupp","Alias": "partsupp","Startup Cost": 347.43,"Total Cost": 15631.43,"Plan Rows": 100000,"Plan Width": 8,"Actual Startup Time": 7.156,"Actual Total Time": 32.371,"Actual Rows": 159936,"Actual Loops": 5,"Filter": "(NOT (hashed SubPlan 1))","Rows Removed by Filter": 64,"Heap Fetches": 0,"Workers": [],"Plans": [{"Node Type": "Seq Scan","Parent Relationship": "SubPlan","Subplan Name": "SubPlan 1","Parallel Aware": false,"Async Capable": false,"Relation Name": "supplier","Alias": "supplier","Startup Cost": 0.00,"Total Cost": 347.00,"Plan Rows": 1,"Plan Width": 4,"Actual Startup Time": 0.121,"Actual Total Time": 7.003,"Actual Rows": 4,"Actual Loops": 5,"Filter": "((s_comment)::text ~~ '%Customer%Complaints%'::text)","Rows Removed by Filter": 9996,"Workers": []}]},{"Node Type": "Hash","Parent Relationship": "Inner","Parallel Aware": true,"Async Capable": false,"Startup Cost": 6180.33,"Total Cost": 6180.33,"Plan Rows": 12492,"Plan Width": 40,"Actual Startup Time": 22.108,"Actual Total Time": 22.114,"Actual Rows": 5974,"Actual Loops": 5,"Hash Buckets": 32768,"Original Hash Buckets": 32768,"Hash Batches": 1,"Original Hash Batches": 1,"Peak Memory Usage": 2592,"Workers": [],"Plans": [{"Node Type": "Seq Scan","Parent Relationship": "Outer","Parallel Aware": true,"Async Capable": false,"Relation Name": "part","Alias": "part","Startup Cost": 0.00,"Total Cost": 6180.33,"Plan Rows": 12492,"Plan Width": 40,"Actual Startup Time": 0.057,"Actual Total Time": 18.666,"Actual Rows": 5974,"Actual Loops": 5,"Filter": "((p_brand <> 'Brand#24'::bpchar) AND ((p_type)::text !~~ 'ECONOMY ANODIZED%'::text) AND (p_size = ANY ('{47,33,7,30,11,23,9,24}'::integer[])))","Rows Removed by Filter": 34026,"Workers": []}]}]}]}]}]}]},"Planning Time": 3.978,"Triggers": [],"Execution Time": 241.603}]
[{"Plan": {"Node Type": "Sort","Parallel Aware": false,"Async Capable": false,"Startup Cost": 33038.20,"Total Cost": 33077.81,"Plan Rows": 15843,"Plan Width": 44,"Actual Startup Time": 233.032,"Actual Total Time": 234.991,"Actual Rows": 18191,"Actual Loops": 1,"Sort Key": ["(count(DISTINCT partsupp.ps_suppkey)) DESC", "part.p_brand", "part.p_type", "part.p_size"],"Sort Method": "quicksort","Sort Space Used": 2331,"Sort Space Type": "Memory","Plans": [{"Node Type": "Aggregate","Strategy": "Sorted","Partial Mode": "Simple","Parent Relationship": "Outer","Parallel Aware": false,"Async Capable": false,"Startup Cost": 24230.79,"Total Cost": 31933.03,"Plan Rows": 15843,"Plan Width": 44,"Actual Startup Time": 129.497,"Actual Total Time": 195.983,"Actual Rows": 18191,"Actual Loops": 1,"Group Key": ["part.p_brand", "part.p_type", "part.p_size"],"Plans": [{"Node Type": "Gather Merge","Parent Relationship": "Outer","Parallel Aware": false,"Async Capable": false,"Startup Cost": 24230.79,"Total Cost": 31193.12,"Plan Rows": 58148,"Plan Width": 40,"Actual Startup Time": 129.424,"Actual Total Time": 168.603,"Actual Rows": 118383,"Actual Loops": 1,"Workers Planned": 4,"Workers Launched": 4,"Plans": [{"Node Type": "Sort","Parent Relationship": "Outer","Parallel Aware": false,"Async Capable": false,"Startup Cost": 23230.73,"Total Cost": 23267.08,"Plan Rows": 14537,"Plan Width": 40,"Actual Startup Time": 120.691,"Actual Total Time": 123.301,"Actual Rows": 23677,"Actual Loops": 5,"Sort Key": ["part.p_brand", "part.p_type", "part.p_size"],"Sort Method": "quicksort","Sort Space Used": 2669,"Sort Space Type": "Memory","Workers": [{"Worker Number": 0,"Sort Method": "quicksort","Sort Space Used": 2761,"Sort Space Type": "Memory"},{"Worker Number": 1,"Sort Method": "quicksort","Sort Space Used": 2743,"Sort Space Type": "Memory"},{"Worker Number": 2,"Sort Method": "quicksort","Sort Space Used": 2636,"Sort Space Type": "Memory"},{"Worker Number": 3,"Sort Method": "quicksort","Sort Space Used": 2782,"Sort Space Type": "Memory"}],"Plans": [{"Node Type": "Hash Join","Parent Relationship": "Outer","Parallel Aware": true,"Async Capable": false,"Join Type": "Inner","Startup Cost": 6679.19,"Total Cost": 22225.69,"Plan Rows": 14537,"Plan Width": 40,"Actual Startup Time": 29.145,"Actual Total Time": 79.276,"Actual Rows": 23677,"Actual Loops": 5,"Inner Unique": true,"Hash Cond": "(partsupp.ps_partkey = part.p_partkey)","Workers": [],"Plans": [{"Node Type": "Index Only Scan","Parent Relationship": "Outer","Parallel Aware": true,"Async Capable": false,"Scan Direction": "Forward","Index Name": "partsupp_pkey","Relation Name": "partsupp","Alias": "partsupp","Startup Cost": 347.43,"Total Cost": 15631.43,"Plan Rows": 100000,"Plan Width": 8,"Actual Startup Time": 7.522,"Actual Total Time": 32.319,"Actual Rows": 159936,"Actual Loops": 5,"Filter": "(NOT (hashed SubPlan 1))","Rows Removed by Filter": 64,"Heap Fetches": 0,"Workers": [],"Plans": [{"Node Type": "Seq Scan","Parent Relationship": "SubPlan","Subplan Name": "SubPlan 1","Parallel Aware": false,"Async Capable": false,"Relation Name": "supplier","Alias": "supplier","Startup Cost": 0.00,"Total Cost": 347.00,"Plan Rows": 1,"Plan Width": 4,"Actual Startup Time": 0.171,"Actual Total Time": 7.363,"Actual Rows": 4,"Actual Loops": 5,"Filter": "((s_comment)::text ~~ '%Customer%Complaints%'::text)","Rows Removed by Filter": 9996,"Workers": []}]},{"Node Type": "Hash","Parent Relationship": "Inner","Parallel Aware": true,"Async Capable": false,"Startup Cost": 6180.33,"Total Cost": 6180.33,"Plan Rows": 12114,"Plan Width": 40,"Actual Startup Time": 21.368,"Actual Total Time": 21.371,"Actual Rows": 5921,"Actual Loops": 5,"Hash Buckets": 32768,"Original Hash Buckets": 32768,"Hash Batches": 1,"Original Hash Batches": 1,"Peak Memory Usage": 2560,"Workers": [],"Plans": [{"Node Type": "Seq Scan","Parent Relationship": "Outer","Parallel Aware": true,"Async Capable": false,"Relation Name": "part","Alias": "part","Startup Cost": 0.00,"Total Cost": 6180.33,"Plan Rows": 12114,"Plan Width": 40,"Actual Startup Time": 0.061,"Actual Total Time": 17.992,"Actual Rows": 5921,"Actual Loops": 5,"Filter": "((p_brand <> 'Brand#51'::bpchar) AND ((p_type)::text !~~ 'MEDIUM BRUSHED%'::text) AND (p_size = ANY ('{9,8,39,15,33,31,27,10}'::integer[])))","Rows Removed by Filter": 34079,"Workers": []}]}]}]}]}]}]},"Planning Time": 4.222,"Triggers": [],"Execution Time": 236.259}]
[{"Plan": {"Node Type": "Sort","Parallel Aware": false,"Async Capable": false,"Startup Cost": 32950.48,"Total Cost": 32989.92,"Plan Rows": 15776,"Plan Width": 44,"Actual Startup Time": 244.865,"Actual Total Time": 246.811,"Actual Rows": 18391,"Actual Loops": 1,"Sort Key": ["(count(DISTINCT partsupp.ps_suppkey)) DESC", "part.p_brand", "part.p_type", "part.p_size"],"Sort Method": "quicksort","Sort Space Used": 2348,"Sort Space Type": "Memory","Plans": [{"Node Type": "Aggregate","Strategy": "Sorted","Partial Mode": "Simple","Parent Relationship": "Outer","Parallel Aware": false,"Async Capable": false,"Startup Cost": 24219.08,"Total Cost": 31850.46,"Plan Rows": 15776,"Plan Width": 44,"Actual Startup Time": 139.415,"Actual Total Time": 207.267,"Actual Rows": 18391,"Actual Loops": 1,"Group Key": ["part.p_brand", "part.p_type", "part.p_size"],"Plans": [{"Node Type": "Gather Merge","Parent Relationship": "Outer","Parallel Aware": false,"Async Capable": false,"Startup Cost": 24219.08,"Total Cost": 31116.63,"Plan Rows": 57607,"Plan Width": 40,"Actual Startup Time": 139.342,"Actual Total Time": 179.047,"Actual Rows": 119498,"Actual Loops": 1,"Workers Planned": 4,"Workers Launched": 4,"Plans": [{"Node Type": "Sort","Parent Relationship": "Outer","Parallel Aware": false,"Async Capable": false,"Startup Cost": 23219.02,"Total Cost": 23255.02,"Plan Rows": 14402,"Plan Width": 40,"Actual Startup Time": 125.495,"Actual Total Time": 127.841,"Actual Rows": 23900,"Actual Loops": 5,"Sort Key": ["part.p_brand", "part.p_type", "part.p_size"],"Sort Method": "quicksort","Sort Space Used": 2124,"Sort Space Type": "Memory","Workers": [{"Worker Number": 0,"Sort Method": "quicksort","Sort Space Used": 2976,"Sort Space Type": "Memory"},{"Worker Number": 1,"Sort Method": "quicksort","Sort Space Used": 2987,"Sort Space Type": "Memory"},{"Worker Number": 2,"Sort Method": "quicksort","Sort Space Used": 3018,"Sort Space Type": "Memory"},{"Worker Number": 3,"Sort Method": "quicksort","Sort Space Used": 2556,"Sort Space Type": "Memory"}],"Plans": [{"Node Type": "Hash Join","Parent Relationship": "Outer","Parallel Aware": true,"Async Capable": false,"Join Type": "Inner","Startup Cost": 6677.77,"Total Cost": 22224.27,"Plan Rows": 14402,"Plan Width": 40,"Actual Startup Time": 32.248,"Actual Total Time": 83.197,"Actual Rows": 23900,"Actual Loops": 5,"Inner Unique": true,"Hash Cond": "(partsupp.ps_partkey = part.p_partkey)","Workers": [],"Plans": [{"Node Type": "Index Only Scan","Parent Relationship": "Outer","Parallel Aware": true,"Async Capable": false,"Scan Direction": "Forward","Index Name": "partsupp_pkey","Relation Name": "partsupp","Alias": "partsupp","Startup Cost": 347.43,"Total Cost": 15631.43,"Plan Rows": 100000,"Plan Width": 8,"Actual Startup Time": 9.210,"Actual Total Time": 34.834,"Actual Rows": 159936,"Actual Loops": 5,"Filter": "(NOT (hashed SubPlan 1))","Rows Removed by Filter": 64,"Heap Fetches": 0,"Workers": [],"Plans": [{"Node Type": "Seq Scan","Parent Relationship": "SubPlan","Subplan Name": "SubPlan 1","Parallel Aware": false,"Async Capable": false,"Relation Name": "supplier","Alias": "supplier","Startup Cost": 0.00,"Total Cost": 347.00,"Plan Rows": 1,"Plan Width": 4,"Actual Startup Time": 0.345,"Actual Total Time": 9.074,"Actual Rows": 4,"Actual Loops": 5,"Filter": "((s_comment)::text ~~ '%Customer%Complaints%'::text)","Rows Removed by Filter": 9996,"Workers": []}]},{"Node Type": "Hash","Parent Relationship": "Inner","Parallel Aware": true,"Async Capable": false,"Startup Cost": 6180.33,"Total Cost": 6180.33,"Plan Rows": 12001,"Plan Width": 40,"Actual Startup Time": 22.776,"Actual Total Time": 22.781,"Actual Rows": 5977,"Actual Loops": 5,"Hash Buckets": 32768,"Original Hash Buckets": 32768,"Hash Batches": 1,"Original Hash Batches": 1,"Peak Memory Usage": 2528,"Workers": [],"Plans": [{"Node Type": "Seq Scan","Parent Relationship": "Outer","Parallel Aware": true,"Async Capable": false,"Relation Name": "part","Alias": "part","Startup Cost": 0.00,"Total Cost": 6180.33,"Plan Rows": 12001,"Plan Width": 40,"Actual Startup Time": 0.044,"Actual Total Time": 19.339,"Actual Rows": 5977,"Actual Loops": 5,"Filter": "((p_brand <> 'Brand#34'::bpchar) AND ((p_type)::text !~~ 'STANDARD ANODIZED%'::text) AND (p_size = ANY ('{40,4,9,22,37,48,7,24}'::integer[])))","Rows Removed by Filter": 34023,"Workers": []}]}]}]}]}]}]},"Planning Time": 3.862,"Triggers": [],"Execution Time": 247.992}]
[{"Plan": {"Node Type": "Sort","Parallel Aware": false,"Async Capable": false,"Startup Cost": 33254.93,"Total Cost": 33294.94,"Plan Rows": 16003,"Plan Width": 44,"Actual Startup Time": 246.834,"Actual Total Time": 248.896,"Actual Rows": 18252,"Actual Loops": 1,"Sort Key": ["(count(DISTINCT partsupp.ps_suppkey)) DESC", "part.p_brand", "part.p_type", "part.p_size"],"Sort Method": "quicksort","Sort Space Used": 2337,"Sort Space Type": "Memory","Plans": [{"Node Type": "Aggregate","Strategy": "Sorted","Partial Mode": "Simple","Parent Relationship": "Outer","Parallel Aware": false,"Async Capable": false,"Startup Cost": 24259.88,"Total Cost": 32137.44,"Plan Rows": 16003,"Plan Width": 44,"Actual Startup Time": 138.389,"Actual Total Time": 209.097,"Actual Rows": 18252,"Actual Loops": 1,"Group Key": ["part.p_brand", "part.p_type", "part.p_size"],"Plans": [{"Node Type": "Gather Merge","Parent Relationship": "Outer","Parallel Aware": false,"Async Capable": false,"Startup Cost": 24259.88,"Total Cost": 31382.54,"Plan Rows": 59487,"Plan Width": 40,"Actual Startup Time": 138.312,"Actual Total Time": 179.328,"Actual Rows": 119429,"Actual Loops": 1,"Workers Planned": 4,"Workers Launched": 4,"Plans": [{"Node Type": "Sort","Parent Relationship": "Outer","Parallel Aware": false,"Async Capable": false,"Startup Cost": 23259.83,"Total Cost": 23297.01,"Plan Rows": 14872,"Plan Width": 40,"Actual Startup Time": 125.225,"Actual Total Time": 127.824,"Actual Rows": 23886,"Actual Loops": 5,"Sort Key": ["part.p_brand", "part.p_type", "part.p_size"],"Sort Method": "quicksort","Sort Space Used": 2135,"Sort Space Type": "Memory","Workers": [{"Worker Number": 0,"Sort Method": "quicksort","Sort Space Used": 3024,"Sort Space Type": "Memory"},{"Worker Number": 1,"Sort Method": "quicksort","Sort Space Used": 2504,"Sort Space Type": "Memory"},{"Worker Number": 2,"Sort Method": "quicksort","Sort Space Used": 2999,"Sort Space Type": "Memory"},{"Worker Number": 3,"Sort Method": "quicksort","Sort Space Used": 3028,"Sort Space Type": "Memory"}],"Plans": [{"Node Type": "Hash Join","Parent Relationship": "Outer","Parallel Aware": true,"Async Capable": false,"Join Type": "Inner","Startup Cost": 6682.67,"Total Cost": 22229.17,"Plan Rows": 14872,"Plan Width": 40,"Actual Startup Time": 31.837,"Actual Total Time": 82.753,"Actual Rows": 23886,"Actual Loops": 5,"Inner Unique": true,"Hash Cond": "(partsupp.ps_partkey = part.p_partkey)","Workers": [],"Plans": [{"Node Type": "Index Only Scan","Parent Relationship": "Outer","Parallel Aware": true,"Async Capable": false,"Scan Direction": "Forward","Index Name": "partsupp_pkey","Relation Name": "partsupp","Alias": "partsupp","Startup Cost": 347.43,"Total Cost": 15631.43,"Plan Rows": 100000,"Plan Width": 8,"Actual Startup Time": 9.229,"Actual Total Time": 34.792,"Actual Rows": 159936,"Actual Loops": 5,"Filter": "(NOT (hashed SubPlan 1))","Rows Removed by Filter": 64,"Heap Fetches": 0,"Workers": [],"Plans": [{"Node Type": "Seq Scan","Parent Relationship": "SubPlan","Subplan Name": "SubPlan 1","Parallel Aware": false,"Async Capable": false,"Relation Name": "supplier","Alias": "supplier","Startup Cost": 0.00,"Total Cost": 347.00,"Plan Rows": 1,"Plan Width": 4,"Actual Startup Time": 0.292,"Actual Total Time": 9.088,"Actual Rows": 4,"Actual Loops": 5,"Filter": "((s_comment)::text ~~ '%Customer%Complaints%'::text)","Rows Removed by Filter": 9996,"Workers": []}]},{"Node Type": "Hash","Parent Relationship": "Inner","Parallel Aware": true,"Async Capable": false,"Startup Cost": 6180.33,"Total Cost": 6180.33,"Plan Rows": 12393,"Plan Width": 40,"Actual Startup Time": 22.330,"Actual Total Time": 22.333,"Actual Rows": 5973,"Actual Loops": 5,"Hash Buckets": 32768,"Original Hash Buckets": 32768,"Hash Batches": 1,"Original Hash Batches": 1,"Peak Memory Usage": 2560,"Workers": [],"Plans": [{"Node Type": "Seq Scan","Parent Relationship": "Outer","Parallel Aware": true,"Async Capable": false,"Relation Name": "part","Alias": "part","Startup Cost": 0.00,"Total Cost": 6180.33,"Plan Rows": 12393,"Plan Width": 40,"Actual Startup Time": 0.058,"Actual Total Time": 18.804,"Actual Rows": 5973,"Actual Loops": 5,"Filter": "((p_brand <> 'Brand#41'::bpchar) AND ((p_type)::text !~~ 'SMALL PLATED%'::text) AND (p_size = ANY ('{18,47,22,14,31,4,9,27}'::integer[])))","Rows Removed by Filter": 34027,"Workers": []}]}]}]}]}]}]},"Planning Time": 5.578,"Triggers": [],"Execution Time": 249.973}]
[{"Plan": {"Node Type": "Sort","Parallel Aware": false,"Async Capable": false,"Startup Cost": 33247.01,"Total Cost": 33287.00,"Plan Rows": 15997,"Plan Width": 44,"Actual Startup Time": 252.670,"Actual Total Time": 254.580,"Actual Rows": 18397,"Actual Loops": 1,"Sort Key": ["(count(DISTINCT partsupp.ps_suppkey)) DESC", "part.p_brand", "part.p_type", "part.p_size"],"Sort Method": "quicksort","Sort Space Used": 2349,"Sort Space Type": "Memory","Plans": [{"Node Type": "Aggregate","Strategy": "Sorted","Partial Mode": "Simple","Parent Relationship": "Outer","Parallel Aware": false,"Async Capable": false,"Startup Cost": 24258.84,"Total Cost": 32129.98,"Plan Rows": 15997,"Plan Width": 44,"Actual Startup Time": 142.882,"Actual Total Time": 213.611,"Actual Rows": 18397,"Actual Loops": 1,"Group Key": ["part.p_brand", "part.p_type", "part.p_size"],"Plans": [{"Node Type": "Gather Merge","Parent Relationship": "Outer","Parallel Aware": false,"Async Capable": false,"Startup Cost": 24258.84,"Total Cost": 31375.63,"Plan Rows": 59438,"Plan Width": 40,"Actual Startup Time": 142.807,"Actual Total Time": 184.025,"Actual Rows": 119658,"Actual Loops": 1,"Workers Planned": 4,"Workers Launched": 4,"Plans": [{"Node Type": "Sort","Parent Relationship": "Outer","Parallel Aware": false,"Async Capable": false,"Startup Cost": 23258.78,"Total Cost": 23295.93,"Plan Rows": 14860,"Plan Width": 40,"Actual Startup Time": 125.413,"Actual Total Time": 127.974,"Actual Rows": 23932,"Actual Loops": 5,"Sort Key": ["part.p_brand", "part.p_type", "part.p_size"],"Sort Method": "quicksort","Sort Space Used": 2370,"Sort Space Type": "Memory","Workers": [{"Worker Number": 0,"Sort Method": "quicksort","Sort Space Used": 2844,"Sort Space Type": "Memory"},{"Worker Number": 1,"Sort Method": "quicksort","Sort Space Used": 2841,"Sort Space Type": "Memory"},{"Worker Number": 2,"Sort Method": "quicksort","Sort Space Used": 2815,"Sort Space Type": "Memory"},{"Worker Number": 3,"Sort Method": "quicksort","Sort Space Used": 2812,"Sort Space Type": "Memory"}],"Plans": [{"Node Type": "Hash Join","Parent Relationship": "Outer","Parallel Aware": true,"Async Capable": false,"Join Type": "Inner","Startup Cost": 6682.55,"Total Cost": 22229.05,"Plan Rows": 14860,"Plan Width": 40,"Actual Startup Time": 33.380,"Actual Total Time": 81.654,"Actual Rows": 23932,"Actual Loops": 5,"Inner Unique": true,"Hash Cond": "(partsupp.ps_partkey = part.p_partkey)","Workers": [],"Plans": [{"Node Type": "Index Only Scan","Parent Relationship": "Outer","Parallel Aware": true,"Async Capable": false,"Scan Direction": "Forward","Index Name": "partsupp_pkey","Relation Name": "partsupp","Alias": "partsupp","Startup Cost": 347.43,"Total Cost": 15631.43,"Plan Rows": 100000,"Plan Width": 8,"Actual Startup Time": 9.037,"Actual Total Time": 33.821,"Actual Rows": 159936,"Actual Loops": 5,"Filter": "(NOT (hashed SubPlan 1))","Rows Removed by Filter": 64,"Heap Fetches": 0,"Workers": [],"Plans": [{"Node Type": "Seq Scan","Parent Relationship": "SubPlan","Subplan Name": "SubPlan 1","Parallel Aware": false,"Async Capable": false,"Relation Name": "supplier","Alias": "supplier","Startup Cost": 0.00,"Total Cost": 347.00,"Plan Rows": 1,"Plan Width": 4,"Actual Startup Time": 0.318,"Actual Total Time": 8.909,"Actual Rows": 4,"Actual Loops": 5,"Filter": "((s_comment)::text ~~ '%Customer%Complaints%'::text)","Rows Removed by Filter": 9996,"Workers": []}]},{"Node Type": "Hash","Parent Relationship": "Inner","Parallel Aware": true,"Async Capable": false,"Startup Cost": 6180.33,"Total Cost": 6180.33,"Plan Rows": 12383,"Plan Width": 40,"Actual Startup Time": 24.045,"Actual Total Time": 24.050,"Actual Rows": 5985,"Actual Loops": 5,"Hash Buckets": 32768,"Original Hash Buckets": 32768,"Hash Batches": 1,"Original Hash Batches": 1,"Peak Memory Usage": 2528,"Workers": [],"Plans": [{"Node Type": "Seq Scan","Parent Relationship": "Outer","Parallel Aware": true,"Async Capable": false,"Relation Name": "part","Alias": "part","Startup Cost": 0.00,"Total Cost": 6180.33,"Plan Rows": 12383,"Plan Width": 40,"Actual Startup Time": 0.060,"Actual Total Time": 20.621,"Actual Rows": 5985,"Actual Loops": 5,"Filter": "((p_brand <> 'Brand#14'::bpchar) AND ((p_type)::text !~~ 'LARGE BURNISHED%'::text) AND (p_size = ANY ('{6,39,9,40,47,14,48,26}'::integer[])))","Rows Removed by Filter": 34015,"Workers": []}]}]}]}]}]}]},"Planning Time": 4.385,"Triggers": [],"Execution Time": 256.042}]
[{"Plan": {"Node Type": "Sort","Parallel Aware": false,"Async Capable": false,"Startup Cost": 33395.82,"Total Cost": 33436.08,"Plan Rows": 16104,"Plan Width": 44,"Actual Startup Time": 242.471,"Actual Total Time": 244.423,"Actual Rows": 18230,"Actual Loops": 1,"Sort Key": ["(count(DISTINCT partsupp.ps_suppkey)) DESC", "part.p_brand", "part.p_type", "part.p_size"],"Sort Method": "quicksort","Sort Space Used": 2334,"Sort Space Type": "Memory","Plans": [{"Node Type": "Aggregate","Strategy": "Sorted","Partial Mode": "Simple","Parent Relationship": "Outer","Parallel Aware": false,"Async Capable": false,"Startup Cost": 24278.85,"Total Cost": 32270.54,"Plan Rows": 16104,"Plan Width": 44,"Actual Startup Time": 135.759,"Actual Total Time": 202.981,"Actual Rows": 18230,"Actual Loops": 1,"Group Key": ["part.p_brand", "part.p_type", "part.p_size"],"Plans": [{"Node Type": "Gather Merge","Parent Relationship": "Outer","Parallel Aware": false,"Async Capable": false,"Startup Cost": 24278.85,"Total Cost": 31505.91,"Plan Rows": 60359,"Plan Width": 40,"Actual Startup Time": 135.683,"Actual Total Time": 174.969,"Actual Rows": 119060,"Actual Loops": 1,"Workers Planned": 4,"Workers Launched": 4,"Plans": [{"Node Type": "Sort","Parent Relationship": "Outer","Parallel Aware": false,"Async Capable": false,"Startup Cost": 23278.79,"Total Cost": 23316.52,"Plan Rows": 15090,"Plan Width": 40,"Actual Startup Time": 123.217,"Actual Total Time": 125.940,"Actual Rows": 23812,"Actual Loops": 5,"Sort Key": ["part.p_brand", "part.p_type", "part.p_size"],"Sort Method": "quicksort","Sort Space Used": 2651,"Sort Space Type": "Memory","Workers": [{"Worker Number": 0,"Sort Method": "quicksort","Sort Space Used": 2639,"Sort Space Type": "Memory"},{"Worker Number": 1,"Sort Method": "quicksort","Sort Space Used": 2796,"Sort Space Type": "Memory"},{"Worker Number": 2,"Sort Method": "quicksort","Sort Space Used": 2777,"Sort Space Type": "Memory"},{"Worker Number": 3,"Sort Method": "quicksort","Sort Space Used": 2783,"Sort Space Type": "Memory"}],"Plans": [{"Node Type": "Hash Join","Parent Relationship": "Outer","Parallel Aware": true,"Async Capable": false,"Join Type": "Inner","Startup Cost": 6684.95,"Total Cost": 22231.45,"Plan Rows": 15090,"Plan Width": 40,"Actual Startup Time": 30.565,"Actual Total Time": 80.775,"Actual Rows": 23812,"Actual Loops": 5,"Inner Unique": true,"Hash Cond": "(partsupp.ps_partkey = part.p_partkey)","Workers": [],"Plans": [{"Node Type": "Index Only Scan","Parent Relationship": "Outer","Parallel Aware": true,"Async Capable": false,"Scan Direction": "Forward","Index Name": "partsupp_pkey","Relation Name": "partsupp","Alias": "partsupp","Startup Cost": 347.43,"Total Cost": 15631.43,"Plan Rows": 100000,"Plan Width": 8,"Actual Startup Time": 7.679,"Actual Total Time": 32.480,"Actual Rows": 159936,"Actual Loops": 5,"Filter": "(NOT (hashed SubPlan 1))","Rows Removed by Filter": 64,"Heap Fetches": 0,"Workers": [],"Plans": [{"Node Type": "Seq Scan","Parent Relationship": "SubPlan","Subplan Name": "SubPlan 1","Parallel Aware": false,"Async Capable": false,"Relation Name": "supplier","Alias": "supplier","Startup Cost": 0.00,"Total Cost": 347.00,"Plan Rows": 1,"Plan Width": 4,"Actual Startup Time": 0.164,"Actual Total Time": 7.550,"Actual Rows": 4,"Actual Loops": 5,"Filter": "((s_comment)::text ~~ '%Customer%Complaints%'::text)","Rows Removed by Filter": 9996,"Workers": []}]},{"Node Type": "Hash","Parent Relationship": "Inner","Parallel Aware": true,"Async Capable": false,"Startup Cost": 6180.33,"Total Cost": 6180.33,"Plan Rows": 12575,"Plan Width": 40,"Actual Startup Time": 22.603,"Actual Total Time": 22.606,"Actual Rows": 5956,"Actual Loops": 5,"Hash Buckets": 32768,"Original Hash Buckets": 32768,"Hash Batches": 1,"Original Hash Batches": 1,"Peak Memory Usage": 2528,"Workers": [],"Plans": [{"Node Type": "Seq Scan","Parent Relationship": "Outer","Parallel Aware": true,"Async Capable": false,"Relation Name": "part","Alias": "part","Startup Cost": 0.00,"Total Cost": 6180.33,"Plan Rows": 12575,"Plan Width": 40,"Actual Startup Time": 0.046,"Actual Total Time": 18.985,"Actual Rows": 5956,"Actual Loops": 5,"Filter": "((p_brand <> 'Brand#31'::bpchar) AND ((p_type)::text !~~ 'SMALL POLISHED%'::text) AND (p_size = ANY ('{45,18,34,30,33,44,8,41}'::integer[])))","Rows Removed by Filter": 34044,"Workers": []}]}]}]}]}]}]},"Planning Time": 3.978,"Triggers": [],"Execution Time": 245.648}]
[{"Plan": {"Node Type": "Sort","Parallel Aware": false,"Async Capable": false,"Startup Cost": 33482.33,"Total Cost": 33522.74,"Plan Rows": 16165,"Plan Width": 44,"Actual Startup Time": 236.599,"Actual Total Time": 238.544,"Actual Rows": 18193,"Actual Loops": 1,"Sort Key": ["(count(DISTINCT partsupp.ps_suppkey)) DESC", "part.p_brand", "part.p_type", "part.p_size"],"Sort Method": "quicksort","Sort Space Used": 2331,"Sort Space Type": "Memory","Plans": [{"Node Type": "Aggregate","Strategy": "Sorted","Partial Mode": "Simple","Parent Relationship": "Outer","Parallel Aware": false,"Async Capable": false,"Startup Cost": 24290.51,"Total Cost": 32352.35,"Plan Rows": 16165,"Plan Width": 44,"Actual Startup Time": 133.873,"Actual Total Time": 199.435,"Actual Rows": 18193,"Actual Loops": 1,"Group Key": ["part.p_brand", "part.p_type", "part.p_size"],"Plans": [{"Node Type": "Gather Merge","Parent Relationship": "Outer","Parallel Aware": false,"Async Capable": false,"Startup Cost": 24290.51,"Total Cost": 31581.75,"Plan Rows": 60895,"Plan Width": 40,"Actual Startup Time": 133.810,"Actual Total Time": 172.249,"Actual Rows": 118063,"Actual Loops": 1,"Workers Planned": 4,"Workers Launched": 4,"Plans": [{"Node Type": "Sort","Parent Relationship": "Outer","Parallel Aware": false,"Async Capable": false,"Startup Cost": 23290.45,"Total Cost": 23328.51,"Plan Rows": 15224,"Plan Width": 40,"Actual Startup Time": 123.229,"Actual Total Time": 125.446,"Actual Rows": 23613,"Actual Loops": 5,"Sort Key": ["part.p_brand", "part.p_type", "part.p_size"],"Sort Method": "quicksort","Sort Space Used": 2410,"Sort Space Type": "Memory","Workers": [{"Worker Number": 0,"Sort Method": "quicksort","Sort Space Used": 2862,"Sort Space Type": "Memory"},{"Worker Number": 1,"Sort Method": "quicksort","Sort Space Used": 2534,"Sort Space Type": "Memory"},{"Worker Number": 2,"Sort Method": "quicksort","Sort Space Used": 2860,"Sort Space Type": "Memory"},{"Worker Number": 3,"Sort Method": "quicksort","Sort Space Used": 2884,"Sort Space Type": "Memory"}],"Plans": [{"Node Type": "Hash Join","Parent Relationship": "Outer","Parallel Aware": true,"Async Capable": false,"Join Type": "Inner","Startup Cost": 6686.34,"Total Cost": 22232.84,"Plan Rows": 15224,"Plan Width": 40,"Actual Startup Time": 31.951,"Actual Total Time": 81.608,"Actual Rows": 23613,"Actual Loops": 5,"Inner Unique": true,"Hash Cond": "(partsupp.ps_partkey = part.p_partkey)","Workers": [],"Plans": [{"Node Type": "Index Only Scan","Parent Relationship": "Outer","Parallel Aware": true,"Async Capable": false,"Scan Direction": "Forward","Index Name": "partsupp_pkey","Relation Name": "partsupp","Alias": "partsupp","Startup Cost": 347.43,"Total Cost": 15631.43,"Plan Rows": 100000,"Plan Width": 8,"Actual Startup Time": 8.828,"Actual Total Time": 34.514,"Actual Rows": 159936,"Actual Loops": 5,"Filter": "(NOT (hashed SubPlan 1))","Rows Removed by Filter": 64,"Heap Fetches": 0,"Workers": [],"Plans": [{"Node Type": "Seq Scan","Parent Relationship": "SubPlan","Subplan Name": "SubPlan 1","Parallel Aware": false,"Async Capable": false,"Relation Name": "supplier","Alias": "supplier","Startup Cost": 0.00,"Total Cost": 347.00,"Plan Rows": 1,"Plan Width": 4,"Actual Startup Time": 0.128,"Actual Total Time": 8.641,"Actual Rows": 4,"Actual Loops": 5,"Filter": "((s_comment)::text ~~ '%Customer%Complaints%'::text)","Rows Removed by Filter": 9996,"Workers": []}]},{"Node Type": "Hash","Parent Relationship": "Inner","Parallel Aware": true,"Async Capable": false,"Startup Cost": 6180.33,"Total Cost": 6180.33,"Plan Rows": 12686,"Plan Width": 40,"Actual Startup Time": 22.876,"Actual Total Time": 22.881,"Actual Rows": 5905,"Actual Loops": 5,"Hash Buckets": 32768,"Original Hash Buckets": 32768,"Hash Batches": 1,"Original Hash Batches": 1,"Peak Memory Usage": 2528,"Workers": [],"Plans": [{"Node Type": "Seq Scan","Parent Relationship": "Outer","Parallel Aware": true,"Async Capable": false,"Relation Name": "part","Alias": "part","Startup Cost": 0.00,"Total Cost": 6180.33,"Plan Rows": 12686,"Plan Width": 40,"Actual Startup Time": 0.060,"Actual Total Time": 19.564,"Actual Rows": 5905,"Actual Loops": 5,"Filter": "((p_brand <> 'Brand#43'::bpchar) AND ((p_type)::text !~~ 'MEDIUM ANODIZED%'::text) AND (p_size = ANY ('{14,15,29,49,43,50,17,18}'::integer[])))","Rows Removed by Filter": 34095,"Workers": []}]}]}]}]}]}]},"Planning Time": 5.361,"Triggers": [],"Execution Time": 239.825}]
[{"Plan": {"Node Type": "Sort","Parallel Aware": false,"Async Capable": false,"Startup Cost": 33105.20,"Total Cost": 33144.94,"Plan Rows": 15893,"Plan Width": 44,"Actual Startup Time": 238.561,"Actual Total Time": 240.445,"Actual Rows": 18265,"Actual Loops": 1,"Sort Key": ["(count(DISTINCT partsupp.ps_suppkey)) DESC", "part.p_brand", "part.p_type", "part.p_size"],"Sort Method": "quicksort","Sort Space Used": 2337,"Sort Space Type": "Memory","Plans": [{"Node Type": "Aggregate","Strategy": "Sorted","Partial Mode": "Simple","Parent Relationship": "Outer","Parallel Aware": false,"Async Capable": false,"Startup Cost": 24239.73,"Total Cost": 31996.18,"Plan Rows": 15893,"Plan Width": 44,"Actual Startup Time": 134.666,"Actual Total Time": 200.443,"Actual Rows": 18265,"Actual Loops": 1,"Group Key": ["part.p_brand", "part.p_type", "part.p_size"],"Plans": [{"Node Type": "Gather Merge","Parent Relationship": "Outer","Parallel Aware": false,"Async Capable": false,"Startup Cost": 24239.73,"Total Cost": 31251.63,"Plan Rows": 58562,"Plan Width": 40,"Actual Startup Time": 134.605,"Actual Total Time": 172.749,"Actual Rows": 117720,"Actual Loops": 1,"Workers Planned": 4,"Workers Launched": 4,"Plans": [{"Node Type": "Sort","Parent Relationship": "Outer","Parallel Aware": false,"Async Capable": false,"Startup Cost": 23239.68,"Total Cost": 23276.28,"Plan Rows": 14640,"Plan Width": 40,"Actual Startup Time": 123.241,"Actual Total Time": 125.443,"Actual Rows": 23544,"Actual Loops": 5,"Sort Key": ["part.p_brand", "part.p_type", "part.p_size"],"Sort Method": "quicksort","Sort Space Used": 2458,"Sort Space Type": "Memory","Workers": [{"Worker Number": 0,"Sort Method": "quicksort","Sort Space Used": 2837,"Sort Space Type": "Memory"},{"Worker Number": 1,"Sort Method": "quicksort","Sort Space Used": 2886,"Sort Space Type": "Memory"},{"Worker Number": 2,"Sort Method": "quicksort","Sort Space Used": 2875,"Sort Space Type": "Memory"},{"Worker Number": 3,"Sort Method": "quicksort","Sort Space Used": 2477,"Sort Space Type": "Memory"}],"Plans": [{"Node Type": "Hash Join","Parent Relationship": "Outer","Parallel Aware": true,"Async Capable": false,"Join Type": "Inner","Startup Cost": 6680.26,"Total Cost": 22226.76,"Plan Rows": 14640,"Plan Width": 40,"Actual Startup Time": 31.960,"Actual Total Time": 81.927,"Actual Rows": 23544,"Actual Loops": 5,"Inner Unique": true,"Hash Cond": "(partsupp.ps_partkey = part.p_partkey)","Workers": [],"Plans": [{"Node Type": "Index Only Scan","Parent Relationship": "Outer","Parallel Aware": true,"Async Capable": false,"Scan Direction": "Forward","Index Name": "partsupp_pkey","Relation Name": "partsupp","Alias": "partsupp","Startup Cost": 347.43,"Total Cost": 15631.43,"Plan Rows": 100000,"Plan Width": 8,"Actual Startup Time": 8.875,"Actual Total Time": 34.451,"Actual Rows": 159936,"Actual Loops": 5,"Filter": "(NOT (hashed SubPlan 1))","Rows Removed by Filter": 64,"Heap Fetches": 0,"Workers": [],"Plans": [{"Node Type": "Seq Scan","Parent Relationship": "SubPlan","Subplan Name": "SubPlan 1","Parallel Aware": false,"Async Capable": false,"Relation Name": "supplier","Alias": "supplier","Startup Cost": 0.00,"Total Cost": 347.00,"Plan Rows": 1,"Plan Width": 4,"Actual Startup Time": 0.176,"Actual Total Time": 8.725,"Actual Rows": 4,"Actual Loops": 5,"Filter": "((s_comment)::text ~~ '%Customer%Complaints%'::text)","Rows Removed by Filter": 9996,"Workers": []}]},{"Node Type": "Hash","Parent Relationship": "Inner","Parallel Aware": true,"Async Capable": false,"Startup Cost": 6180.33,"Total Cost": 6180.33,"Plan Rows": 12200,"Plan Width": 40,"Actual Startup Time": 22.798,"Actual Total Time": 22.801,"Actual Rows": 5889,"Actual Loops": 5,"Hash Buckets": 32768,"Original Hash Buckets": 32768,"Hash Batches": 1,"Original Hash Batches": 1,"Peak Memory Usage": 2528,"Workers": [],"Plans": [{"Node Type": "Seq Scan","Parent Relationship": "Outer","Parallel Aware": true,"Async Capable": false,"Relation Name": "part","Alias": "part","Startup Cost": 0.00,"Total Cost": 6180.33,"Plan Rows": 12200,"Plan Width": 40,"Actual Startup Time": 0.061,"Actual Total Time": 19.455,"Actual Rows": 5889,"Actual Loops": 5,"Filter": "((p_brand <> 'Brand#21'::bpchar) AND ((p_type)::text !~~ 'SMALL POLISHED%'::text) AND (p_size = ANY ('{25,11,6,44,19,24,32,49}'::integer[])))","Rows Removed by Filter": 34111,"Workers": []}]}]}]}]}]}]},"Planning Time": 3.851,"Triggers": [],"Execution Time": 241.628}]
[{"Plan": {"Node Type": "Sort","Parallel Aware": false,"Async Capable": false,"Startup Cost": 33212.86,"Total Cost": 33252.79,"Plan Rows": 15972,"Plan Width": 44,"Actual Startup Time": 232.447,"Actual Total Time": 234.424,"Actual Rows": 18293,"Actual Loops": 1,"Sort Key": ["(count(DISTINCT partsupp.ps_suppkey)) DESC", "part.p_brand", "part.p_type", "part.p_size"],"Sort Method": "quicksort","Sort Space Used": 2340,"Sort Space Type": "Memory","Plans": [{"Node Type": "Aggregate","Strategy": "Sorted","Partial Mode": "Simple","Parent Relationship": "Outer","Parallel Aware": false,"Async Capable": false,"Startup Cost": 24254.24,"Total Cost": 32097.75,"Plan Rows": 15972,"Plan Width": 44,"Actual Startup Time": 128.635,"Actual Total Time": 194.606,"Actual Rows": 18293,"Actual Loops": 1,"Group Key": ["part.p_brand", "part.p_type", "part.p_size"],"Plans": [{"Node Type": "Gather Merge","Parent Relationship": "Outer","Parallel Aware": false,"Async Capable": false,"Startup Cost": 24254.24,"Total Cost": 31345.76,"Plan Rows": 59227,"Plan Width": 40,"Actual Startup Time": 128.570,"Actual Total Time": 167.078,"Actual Rows": 118445,"Actual Loops": 1,"Workers Planned": 4,"Workers Launched": 4,"Plans": [{"Node Type": "Sort","Parent Relationship": "Outer","Parallel Aware": false,"Async Capable": false,"Startup Cost": 23254.18,"Total Cost": 23291.20,"Plan Rows": 14807,"Plan Width": 40,"Actual Startup Time": 118.949,"Actual Total Time": 121.264,"Actual Rows": 23689,"Actual Loops": 5,"Sort Key": ["part.p_brand", "part.p_type", "part.p_size"],"Sort Method": "quicksort","Sort Space Used": 2688,"Sort Space Type": "Memory","Workers": [{"Worker Number": 0,"Sort Method": "quicksort","Sort Space Used": 2610,"Sort Space Type": "Memory"},{"Worker Number": 1,"Sort Method": "quicksort","Sort Space Used": 2824,"Sort Space Type": "Memory"},{"Worker Number": 2,"Sort Method": "quicksort","Sort Space Used": 2637,"Sort Space Type": "Memory"},{"Worker Number": 3,"Sort Method": "quicksort","Sort Space Used": 2815,"Sort Space Type": "Memory"}],"Plans": [{"Node Type": "Hash Join","Parent Relationship": "Outer","Parallel Aware": true,"Async Capable": false,"Join Type": "Inner","Startup Cost": 6682.00,"Total Cost": 22228.50,"Plan Rows": 14807,"Plan Width": 40,"Actual Startup Time": 28.341,"Actual Total Time": 77.766,"Actual Rows": 23689,"Actual Loops": 5,"Inner Unique": true,"Hash Cond": "(partsupp.ps_partkey = part.p_partkey)","Workers": [],"Plans": [{"Node Type": "Index Only Scan","Parent Relationship": "Outer","Parallel Aware": true,"Async Capable": false,"Scan Direction": "Forward","Index Name": "partsupp_pkey","Relation Name": "partsupp","Alias": "partsupp","Startup Cost": 347.43,"Total Cost": 15631.43,"Plan Rows": 100000,"Plan Width": 8,"Actual Startup Time": 6.848,"Actual Total Time": 32.570,"Actual Rows": 159936,"Actual Loops": 5,"Filter": "(NOT (hashed SubPlan 1))","Rows Removed by Filter": 64,"Heap Fetches": 0,"Workers": [],"Plans": [{"Node Type": "Seq Scan","Parent Relationship": "SubPlan","Subplan Name": "SubPlan 1","Parallel Aware": false,"Async Capable": false,"Relation Name": "supplier","Alias": "supplier","Startup Cost": 0.00,"Total Cost": 347.00,"Plan Rows": 1,"Plan Width": 4,"Actual Startup Time": 0.131,"Actual Total Time": 6.682,"Actual Rows": 4,"Actual Loops": 5,"Filter": "((s_comment)::text ~~ '%Customer%Complaints%'::text)","Rows Removed by Filter": 9996,"Workers": []}]},{"Node Type": "Hash","Parent Relationship": "Inner","Parallel Aware": true,"Async Capable": false,"Startup Cost": 6180.33,"Total Cost": 6180.33,"Plan Rows": 12339,"Plan Width": 40,"Actual Startup Time": 21.226,"Actual Total Time": 21.232,"Actual Rows": 5925,"Actual Loops": 5,"Hash Buckets": 32768,"Original Hash Buckets": 32768,"Hash Batches": 1,"Original Hash Batches": 1,"Peak Memory Usage": 2496,"Workers": [],"Plans": [{"Node Type": "Seq Scan","Parent Relationship": "Outer","Parallel Aware": true,"Async Capable": false,"Relation Name": "part","Alias": "part","Startup Cost": 0.00,"Total Cost": 6180.33,"Plan Rows": 12339,"Plan Width": 40,"Actual Startup Time": 0.050,"Actual Total Time": 17.927,"Actual Rows": 5925,"Actual Loops": 5,"Filter": "((p_brand <> 'Brand#45'::bpchar) AND ((p_type)::text !~~ 'ECONOMY BURNISHED%'::text) AND (p_size = ANY ('{45,14,19,4,24,5,25,39}'::integer[])))","Rows Removed by Filter": 34075,"Workers": []}]}]}]}]}]}]},"Planning Time": 5.182,"Triggers": [],"Execution Time": 235.751}]
[{"Plan": {"Node Type": "Sort","Parallel Aware": false,"Async Capable": false,"Startup Cost": 33352.52,"Total Cost": 33392.70,"Plan Rows": 16073,"Plan Width": 44,"Actual Startup Time": 235.839,"Actual Total Time": 237.796,"Actual Rows": 18356,"Actual Loops": 1,"Sort Key": ["(count(DISTINCT partsupp.ps_suppkey)) DESC", "part.p_brand", "part.p_type", "part.p_size"],"Sort Method": "quicksort","Sort Space Used": 2345,"Sort Space Type": "Memory","Plans": [{"Node Type": "Aggregate","Strategy": "Sorted","Partial Mode": "Simple","Parent Relationship": "Outer","Parallel Aware": false,"Async Capable": false,"Startup Cost": 24273.02,"Total Cost": 32229.63,"Plan Rows": 16073,"Plan Width": 44,"Actual Startup Time": 130.115,"Actual Total Time": 195.933,"Actual Rows": 18356,"Actual Loops": 1,"Group Key": ["part.p_brand", "part.p_type", "part.p_size"],"Plans": [{"Node Type": "Gather Merge","Parent Relationship": "Outer","Parallel Aware": false,"Async Capable": false,"Startup Cost": 24273.02,"Total Cost": 31467.99,"Plan Rows": 60091,"Plan Width": 40,"Actual Startup Time": 130.033,"Actual Total Time": 168.323,"Actual Rows": 118981,"Actual Loops": 1,"Workers Planned": 4,"Workers Launched": 4,"Plans": [{"Node Type": "Sort","Parent Relationship": "Outer","Parallel Aware": false,"Async Capable": false,"Startup Cost": 23272.96,"Total Cost": 23310.52,"Plan Rows": 15023,"Plan Width": 40,"Actual Startup Time": 120.257,"Actual Total Time": 122.721,"Actual Rows": 23796,"Actual Loops": 5,"Sort Key": ["part.p_brand", "part.p_type", "part.p_size"],"Sort Method": "quicksort","Sort Space Used": 2671,"Sort Space Type": "Memory","Workers": [{"Worker Number": 0,"Sort Method": "quicksort","Sort Space Used": 2635,"Sort Space Type": "Memory"},{"Worker Number": 1,"Sort Method": "quicksort","Sort Space Used": 2878,"Sort Space Type": "Memory"},{"Worker Number": 2,"Sort Method": "quicksort","Sort Space Used": 2614,"Sort Space Type": "Memory"},{"Worker Number": 3,"Sort Method": "quicksort","Sort Space Used": 2827,"Sort Space Type": "Memory"}],"Plans": [{"Node Type": "Hash Join","Parent Relationship": "Outer","Parallel Aware": true,"Async Capable": false,"Join Type": "Inner","Startup Cost": 6684.25,"Total Cost": 22230.75,"Plan Rows": 15023,"Plan Width": 40,"Actual Startup Time": 29.101,"Actual Total Time": 78.586,"Actual Rows": 23796,"Actual Loops": 5,"Inner Unique": true,"Hash Cond": "(partsupp.ps_partkey = part.p_partkey)","Workers": [],"Plans": [{"Node Type": "Index Only Scan","Parent Relationship": "Outer","Parallel Aware": true,"Async Capable": false,"Scan Direction": "Forward","Index Name": "partsupp_pkey","Relation Name": "partsupp","Alias": "partsupp","Startup Cost": 347.43,"Total Cost": 15631.43,"Plan Rows": 100000,"Plan Width": 8,"Actual Startup Time": 7.146,"Actual Total Time": 32.556,"Actual Rows": 159936,"Actual Loops": 5,"Filter": "(NOT (hashed SubPlan 1))","Rows Removed by Filter": 64,"Heap Fetches": 0,"Workers": [],"Plans": [{"Node Type": "Seq Scan","Parent Relationship": "SubPlan","Subplan Name": "SubPlan 1","Parallel Aware": false,"Async Capable": false,"Relation Name": "supplier","Alias": "supplier","Startup Cost": 0.00,"Total Cost": 347.00,"Plan Rows": 1,"Plan Width": 4,"Actual Startup Time": 0.142,"Actual Total Time": 6.996,"Actual Rows": 4,"Actual Loops": 5,"Filter": "((s_comment)::text ~~ '%Customer%Complaints%'::text)","Rows Removed by Filter": 9996,"Workers": []}]},{"Node Type": "Hash","Parent Relationship": "Inner","Parallel Aware": true,"Async Capable": false,"Startup Cost": 6180.33,"Total Cost": 6180.33,"Plan Rows": 12519,"Plan Width": 40,"Actual Startup Time": 21.704,"Actual Total Time": 21.707,"Actual Rows": 5951,"Actual Loops": 5,"Hash Buckets": 32768,"Original Hash Buckets": 32768,"Hash Batches": 1,"Original Hash Batches": 1,"Peak Memory Usage": 2560,"Workers": [],"Plans": [{"Node Type": "Seq Scan","Parent Relationship": "Outer","Parallel Aware": true,"Async Capable": false,"Relation Name": "part","Alias": "part","Startup Cost": 0.00,"Total Cost": 6180.33,"Plan Rows": 12519,"Plan Width": 40,"Actual Startup Time": 0.053,"Actual Total Time": 18.431,"Actual Rows": 5951,"Actual Loops": 5,"Filter": "((p_brand <> 'Brand#54'::bpchar) AND ((p_type)::text !~~ 'ECONOMY BRUSHED%'::text) AND (p_size = ANY ('{39,24,45,37,14,46,1,49}'::integer[])))","Rows Removed by Filter": 34049,"Workers": []}]}]}]}]}]}]},"Planning Time": 3.888,"Triggers": [],"Execution Time": 238.984}]
[{"Plan": {"Node Type": "Sort","Parallel Aware": false,"Async Capable": false,"Startup Cost": 33534.91,"Total Cost": 33575.42,"Plan Rows": 16202,"Plan Width": 44,"Actual Startup Time": 258.683,"Actual Total Time": 260.479,"Actual Rows": 18152,"Actual Loops": 1,"Sort Key": ["(count(DISTINCT partsupp.ps_suppkey)) DESC", "part.p_brand", "part.p_type", "part.p_size"],"Sort Method": "quicksort","Sort Space Used": 2327,"Sort Space Type": "Memory","Plans": [{"Node Type": "Aggregate","Strategy": "Sorted","Partial Mode": "Simple","Parent Relationship": "Outer","Parallel Aware": false,"Async Capable": false,"Startup Cost": 24297.57,"Total Cost": 32402.08,"Plan Rows": 16202,"Plan Width": 44,"Actual Startup Time": 146.329,"Actual Total Time": 221.104,"Actual Rows": 18152,"Actual Loops": 1,"Group Key": ["part.p_brand", "part.p_type", "part.p_size"],"Plans": [{"Node Type": "Gather Merge","Parent Relationship": "Outer","Parallel Aware": false,"Async Capable": false,"Startup Cost": 24297.57,"Total Cost": 31627.85,"Plan Rows": 61221,"Plan Width": 40,"Actual Startup Time": 146.234,"Actual Total Time": 189.701,"Actual Rows": 118814,"Actual Loops": 1,"Workers Planned": 4,"Workers Launched": 4,"Plans": [{"Node Type": "Sort","Parent Relationship": "Outer","Parallel Aware": false,"Async Capable": false,"Startup Cost": 23297.51,"Total Cost": 23335.78,"Plan Rows": 15305,"Plan Width": 40,"Actual Startup Time": 126.264,"Actual Total Time": 129.113,"Actual Rows": 23763,"Actual Loops": 5,"Sort Key": ["part.p_brand", "part.p_type", "part.p_size"],"Sort Method": "quicksort","Sort Space Used": 2457,"Sort Space Type": "Memory","Workers": [{"Worker Number": 0,"Sort Method": "quicksort","Sort Space Used": 2446,"Sort Space Type": "Memory"},{"Worker Number": 1,"Sort Method": "quicksort","Sort Space Used": 2975,"Sort Space Type": "Memory"},{"Worker Number": 2,"Sort Method": "quicksort","Sort Space Used": 2997,"Sort Space Type": "Memory"},{"Worker Number": 3,"Sort Method": "quicksort","Sort Space Used": 2760,"Sort Space Type": "Memory"}],"Plans": [{"Node Type": "Hash Join","Parent Relationship": "Outer","Parallel Aware": true,"Async Capable": false,"Join Type": "Inner","Startup Cost": 6687.19,"Total Cost": 22233.69,"Plan Rows": 15305,"Plan Width": 40,"Actual Startup Time": 30.373,"Actual Total Time": 81.596,"Actual Rows": 23763,"Actual Loops": 5,"Inner Unique": true,"Hash Cond": "(partsupp.ps_partkey = part.p_partkey)","Workers": [],"Plans": [{"Node Type": "Index Only Scan","Parent Relationship": "Outer","Parallel Aware": true,"Async Capable": false,"Scan Direction": "Forward","Index Name": "partsupp_pkey","Relation Name": "partsupp","Alias": "partsupp","Startup Cost": 347.43,"Total Cost": 15631.43,"Plan Rows": 100000,"Plan Width": 8,"Actual Startup Time": 7.563,"Actual Total Time": 33.149,"Actual Rows": 159936,"Actual Loops": 5,"Filter": "(NOT (hashed SubPlan 1))","Rows Removed by Filter": 64,"Heap Fetches": 0,"Workers": [],"Plans": [{"Node Type": "Seq Scan","Parent Relationship": "SubPlan","Subplan Name": "SubPlan 1","Parallel Aware": false,"Async Capable": false,"Relation Name": "supplier","Alias": "supplier","Startup Cost": 0.00,"Total Cost": 347.00,"Plan Rows": 1,"Plan Width": 4,"Actual Startup Time": 0.118,"Actual Total Time": 7.446,"Actual Rows": 4,"Actual Loops": 5,"Filter": "((s_comment)::text ~~ '%Customer%Complaints%'::text)","Rows Removed by Filter": 9996,"Workers": []}]},{"Node Type": "Hash","Parent Relationship": "Inner","Parallel Aware": true,"Async Capable": false,"Startup Cost": 6180.33,"Total Cost": 6180.33,"Plan Rows": 12754,"Plan Width": 40,"Actual Startup Time": 22.488,"Actual Total Time": 22.492,"Actual Rows": 5943,"Actual Loops": 5,"Hash Buckets": 32768,"Original Hash Buckets": 32768,"Hash Batches": 1,"Original Hash Batches": 1,"Peak Memory Usage": 2560,"Workers": [],"Plans": [{"Node Type": "Seq Scan","Parent Relationship": "Outer","Parallel Aware": true,"Async Capable": false,"Relation Name": "part","Alias": "part","Startup Cost": 0.00,"Total Cost": 6180.33,"Plan Rows": 12754,"Plan Width": 40,"Actual Startup Time": 0.062,"Actual Total Time": 19.034,"Actual Rows": 5943,"Actual Loops": 5,"Filter": "((p_brand <> 'Brand#13'::bpchar) AND ((p_type)::text !~~ 'SMALL BRUSHED%'::text) AND (p_size = ANY ('{27,18,35,45,41,38,26,29}'::integer[])))","Rows Removed by Filter": 34057,"Workers": []}]}]}]}]}]}]},"Planning Time": 4.728,"Triggers": [],"Execution Time": 261.787}]
[{"Plan": {"Node Type": "Sort","Parallel Aware": false,"Async Capable": false,"Startup Cost": 33237.92,"Total Cost": 33277.89,"Plan Rows": 15990,"Plan Width": 44,"Actual Startup Time": 239.860,"Actual Total Time": 241.590,"Actual Rows": 18150,"Actual Loops": 1,"Sort Key": ["(count(DISTINCT partsupp.ps_suppkey)) DESC", "part.p_brand", "part.p_type", "part.p_size"],"Sort Method": "quicksort","Sort Space Used": 2327,"Sort Space Type": "Memory","Plans": [{"Node Type": "Aggregate","Strategy": "Sorted","Partial Mode": "Simple","Parent Relationship": "Outer","Parallel Aware": false,"Async Capable": false,"Startup Cost": 24257.62,"Total Cost": 32121.42,"Plan Rows": 15990,"Plan Width": 44,"Actual Startup Time": 136.617,"Actual Total Time": 202.511,"Actual Rows": 18150,"Actual Loops": 1,"Group Key": ["part.p_brand", "part.p_type", "part.p_size"],"Plans": [{"Node Type": "Gather Merge","Parent Relationship": "Outer","Parallel Aware": false,"Async Capable": false,"Startup Cost": 24257.62,"Total Cost": 31367.70,"Plan Rows": 59382,"Plan Width": 40,"Actual Startup Time": 136.558,"Actual Total Time": 175.018,"Actual Rows": 117550,"Actual Loops": 1,"Workers Planned": 4,"Workers Launched": 4,"Plans": [{"Node Type": "Sort","Parent Relationship": "Outer","Parallel Aware": false,"Async Capable": false,"Startup Cost": 23257.56,"Total Cost": 23294.68,"Plan Rows": 14846,"Plan Width": 40,"Actual Startup Time": 125.073,"Actual Total Time": 127.318,"Actual Rows": 23510,"Actual Loops": 5,"Sort Key": ["part.p_brand", "part.p_type", "part.p_size"],"Sort Method": "quicksort","Sort Space Used": 2445,"Sort Space Type": "Memory","Workers": [{"Worker Number": 0,"Sort Method": "quicksort","Sort Space Used": 2424,"Sort Space Type": "Memory"},{"Worker Number": 1,"Sort Method": "quicksort","Sort Space Used": 2884,"Sort Space Type": "Memory"},{"Worker Number": 2,"Sort Method": "quicksort","Sort Space Used": 2896,"Sort Space Type": "Memory"},{"Worker Number": 3,"Sort Method": "quicksort","Sort Space Used": 2861,"Sort Space Type": "Memory"}],"Plans": [{"Node Type": "Hash Join","Parent Relationship": "Outer","Parallel Aware": true,"Async Capable": false,"Join Type": "Inner","Startup Cost": 6682.40,"Total Cost": 22228.90,"Plan Rows": 14846,"Plan Width": 40,"Actual Startup Time": 33.529,"Actual Total Time": 83.743,"Actual Rows": 23510,"Actual Loops": 5,"Inner Unique": true,"Hash Cond": "(partsupp.ps_partkey = part.p_partkey)","Workers": [],"Plans": [{"Node Type": "Index Only Scan","Parent Relationship": "Outer","Parallel Aware": true,"Async Capable": false,"Scan Direction": "Forward","Index Name": "partsupp_pkey","Relation Name": "partsupp","Alias": "partsupp","Startup Cost": 347.43,"Total Cost": 15631.43,"Plan Rows": 100000,"Plan Width": 8,"Actual Startup Time": 9.224,"Actual Total Time": 34.905,"Actual Rows": 159936,"Actual Loops": 5,"Filter": "(NOT (hashed SubPlan 1))","Rows Removed by Filter": 64,"Heap Fetches": 0,"Workers": [],"Plans": [{"Node Type": "Seq Scan","Parent Relationship": "SubPlan","Subplan Name": "SubPlan 1","Parallel Aware": false,"Async Capable": false,"Relation Name": "supplier","Alias": "supplier","Startup Cost": 0.00,"Total Cost": 347.00,"Plan Rows": 1,"Plan Width": 4,"Actual Startup Time": 0.185,"Actual Total Time": 9.102,"Actual Rows": 4,"Actual Loops": 5,"Filter": "((s_comment)::text ~~ '%Customer%Complaints%'::text)","Rows Removed by Filter": 9996,"Workers": []}]},{"Node Type": "Hash","Parent Relationship": "Inner","Parallel Aware": true,"Async Capable": false,"Startup Cost": 6180.33,"Total Cost": 6180.33,"Plan Rows": 12371,"Plan Width": 40,"Actual Startup Time": 23.985,"Actual Total Time": 23.988,"Actual Rows": 5880,"Actual Loops": 5,"Hash Buckets": 32768,"Original Hash Buckets": 32768,"Hash Batches": 1,"Original Hash Batches": 1,"Peak Memory Usage": 2528,"Workers": [],"Plans": [{"Node Type": "Seq Scan","Parent Relationship": "Outer","Parallel Aware": true,"Async Capable": false,"Relation Name": "part","Alias": "part","Startup Cost": 0.00,"Total Cost": 6180.33,"Plan Rows": 12371,"Plan Width": 40,"Actual Startup Time": 0.058,"Actual Total Time": 20.408,"Actual Rows": 5880,"Actual Loops": 5,"Filter": "((p_brand <> 'Brand#13'::bpchar) AND ((p_type)::text !~~ 'STANDARD PLATED%'::text) AND (p_size = ANY ('{45,25,18,19,8,41,32,6}'::integer[])))","Rows Removed by Filter": 34120,"Workers": []}]}]}]}]}]}]},"Planning Time": 4.430,"Triggers": [],"Execution Time": 242.864}]
[{"Plan": {"Node Type": "Sort","Parallel Aware": false,"Async Capable": false,"Startup Cost": 33148.66,"Total Cost": 33188.47,"Plan Rows": 15925,"Plan Width": 44,"Actual Startup Time": 240.183,"Actual Total Time": 242.141,"Actual Rows": 18271,"Actual Loops": 1,"Sort Key": ["(count(DISTINCT partsupp.ps_suppkey)) DESC", "part.p_brand", "part.p_type", "part.p_size"],"Sort Method": "quicksort","Sort Space Used": 2338,"Sort Space Type": "Memory","Plans": [{"Node Type": "Aggregate","Strategy": "Sorted","Partial Mode": "Simple","Parent Relationship": "Outer","Parallel Aware": false,"Async Capable": false,"Startup Cost": 24245.63,"Total Cost": 32037.17,"Plan Rows": 15925,"Plan Width": 44,"Actual Startup Time": 137.695,"Actual Total Time": 203.482,"Actual Rows": 18271,"Actual Loops": 1,"Group Key": ["part.p_brand", "part.p_type", "part.p_size"],"Plans": [{"Node Type": "Gather Merge","Parent Relationship": "Outer","Parallel Aware": false,"Async Capable": false,"Startup Cost": 24245.63,"Total Cost": 31289.62,"Plan Rows": 58830,"Plan Width": 40,"Actual Startup Time": 137.641,"Actual Total Time": 176.237,"Actual Rows": 118136,"Actual Loops": 1,"Workers Planned": 4,"Workers Launched": 4,"Plans": [{"Node Type": "Sort","Parent Relationship": "Outer","Parallel Aware": false,"Async Capable": false,"Startup Cost": 23245.57,"Total Cost": 23282.34,"Plan Rows": 14708,"Plan Width": 40,"Actual Startup Time": 125.602,"Actual Total Time": 128.183,"Actual Rows": 23627,"Actual Loops": 5,"Sort Key": ["part.p_brand", "part.p_type", "part.p_size"],"Sort Method": "quicksort","Sort Space Used": 2434,"Sort Space Type": "Memory","Workers": [{"Worker Number": 0,"Sort Method": "quicksort","Sort Space Used": 2899,"Sort Space Type": "Memory"},{"Worker Number": 1,"Sort Method": "quicksort","Sort Space Used": 2860,"Sort Space Type": "Memory"},{"Worker Number": 2,"Sort Method": "quicksort","Sort Space Used": 2907,"Sort Space Type": "Memory"},{"Worker Number": 3,"Sort Method": "quicksort","Sort Space Used": 2471,"Sort Space Type": "Memory"}],"Plans": [{"Node Type": "Hash Join","Parent Relationship": "Outer","Parallel Aware": true,"Async Capable": false,"Join Type": "Inner","Startup Cost": 6680.96,"Total Cost": 22227.46,"Plan Rows": 14708,"Plan Width": 40,"Actual Startup Time": 33.438,"Actual Total Time": 84.009,"Actual Rows": 23627,"Actual Loops": 5,"Inner Unique": true,"Hash Cond": "(partsupp.ps_partkey = part.p_partkey)","Workers": [],"Plans": [{"Node Type": "Index Only Scan","Parent Relationship": "Outer","Parallel Aware": true,"Async Capable": false,"Scan Direction": "Forward","Index Name": "partsupp_pkey","Relation Name": "partsupp","Alias": "partsupp","Startup Cost": 347.43,"Total Cost": 15631.43,"Plan Rows": 100000,"Plan Width": 8,"Actual Startup Time": 9.739,"Actual Total Time": 35.706,"Actual Rows": 159936,"Actual Loops": 5,"Filter": "(NOT (hashed SubPlan 1))","Rows Removed by Filter": 64,"Heap Fetches": 0,"Workers": [],"Plans": [{"Node Type": "Seq Scan","Parent Relationship": "SubPlan","Subplan Name": "SubPlan 1","Parallel Aware": false,"Async Capable": false,"Relation Name": "supplier","Alias": "supplier","Startup Cost": 0.00,"Total Cost": 347.00,"Plan Rows": 1,"Plan Width": 4,"Actual Startup Time": 0.381,"Actual Total Time": 9.573,"Actual Rows": 4,"Actual Loops": 5,"Filter": "((s_comment)::text ~~ '%Customer%Complaints%'::text)","Rows Removed by Filter": 9996,"Workers": []}]},{"Node Type": "Hash","Parent Relationship": "Inner","Parallel Aware": true,"Async Capable": false,"Startup Cost": 6180.33,"Total Cost": 6180.33,"Plan Rows": 12256,"Plan Width": 40,"Actual Startup Time": 23.371,"Actual Total Time": 23.376,"Actual Rows": 5909,"Actual Loops": 5,"Hash Buckets": 32768,"Original Hash Buckets": 32768,"Hash Batches": 1,"Original Hash Batches": 1,"Peak Memory Usage": 2528,"Workers": [],"Plans": [{"Node Type": "Seq Scan","Parent Relationship": "Outer","Parallel Aware": true,"Async Capable": false,"Relation Name": "part","Alias": "part","Startup Cost": 0.00,"Total Cost": 6180.33,"Plan Rows": 12256,"Plan Width": 40,"Actual Startup Time": 0.068,"Actual Total Time": 19.920,"Actual Rows": 5909,"Actual Loops": 5,"Filter": "((p_brand <> 'Brand#43'::bpchar) AND ((p_type)::text !~~ 'PROMO POLISHED%'::text) AND (p_size = ANY ('{26,25,39,31,8,24,34,9}'::integer[])))","Rows Removed by Filter": 34091,"Workers": []}]}]}]}]}]}]},"Planning Time": 5.192,"Triggers": [],"Execution Time": 243.572}]
[{"Plan": {"Node Type": "Sort","Parallel Aware": false,"Async Capable": false,"Startup Cost": 33266.81,"Total Cost": 33306.83,"Plan Rows": 16011,"Plan Width": 44,"Actual Startup Time": 236.085,"Actual Total Time": 238.221,"Actual Rows": 18307,"Actual Loops": 1,"Sort Key": ["(count(DISTINCT partsupp.ps_suppkey)) DESC", "part.p_brand", "part.p_type", "part.p_size"],"Sort Method": "quicksort","Sort Space Used": 2341,"Sort Space Type": "Memory","Plans": [{"Node Type": "Aggregate","Strategy": "Sorted","Partial Mode": "Simple","Parent Relationship": "Outer","Parallel Aware": false,"Async Capable": false,"Startup Cost": 24261.46,"Total Cost": 32148.70,"Plan Rows": 16011,"Plan Width": 44,"Actual Startup Time": 130.364,"Actual Total Time": 196.808,"Actual Rows": 18307,"Actual Loops": 1,"Group Key": ["part.p_brand", "part.p_type", "part.p_size"],"Plans": [{"Node Type": "Gather Merge","Parent Relationship": "Outer","Parallel Aware": false,"Async Capable": false,"Startup Cost": 24261.46,"Total Cost": 31392.98,"Plan Rows": 59561,"Plan Width": 40,"Actual Startup Time": 130.264,"Actual Total Time": 169.098,"Actual Rows": 119400,"Actual Loops": 1,"Workers Planned": 4,"Workers Launched": 4,"Plans": [{"Node Type": "Sort","Parent Relationship": "Outer","Parallel Aware": false,"Async Capable": false,"Startup Cost": 23261.40,"Total Cost": 23298.63,"Plan Rows": 14890,"Plan Width": 40,"Actual Startup Time": 119.517,"Actual Total Time": 121.987,"Actual Rows": 23880,"Actual Loops": 5,"Sort Key": ["part.p_brand", "part.p_type", "part.p_size"],"Sort Method": "quicksort","Sort Space Used": 2647,"Sort Space Type": "Memory","Workers": [{"Worker Number": 0,"Sort Method": "quicksort","Sort Space Used": 2836,"Sort Space Type": "Memory"},{"Worker Number": 1,"Sort Method": "quicksort","Sort Space Used": 2624,"Sort Space Type": "Memory"},{"Worker Number": 2,"Sort Method": "quicksort","Sort Space Used": 2658,"Sort Space Type": "Memory"},{"Worker Number": 3,"Sort Method": "quicksort","Sort Space Used": 2893,"Sort Space Type": "Memory"}],"Plans": [{"Node Type": "Hash Join","Parent Relationship": "Outer","Parallel Aware": true,"Async Capable": false,"Join Type": "Inner","Startup Cost": 6682.87,"Total Cost": 22229.37,"Plan Rows": 14890,"Plan Width": 40,"Actual Startup Time": 28.244,"Actual Total Time": 77.634,"Actual Rows": 23880,"Actual Loops": 5,"Inner Unique": true,"Hash Cond": "(partsupp.ps_partkey = part.p_partkey)","Workers": [],"Plans": [{"Node Type": "Index Only Scan","Parent Relationship": "Outer","Parallel Aware": true,"Async Capable": false,"Scan Direction": "Forward","Index Name": "partsupp_pkey","Relation Name": "partsupp","Alias": "partsupp","Startup Cost": 347.43,"Total Cost": 15631.43,"Plan Rows": 100000,"Plan Width": 8,"Actual Startup Time": 6.863,"Actual Total Time": 31.985,"Actual Rows": 159936,"Actual Loops": 5,"Filter": "(NOT (hashed SubPlan 1))","Rows Removed by Filter": 64,"Heap Fetches": 0,"Workers": [],"Plans": [{"Node Type": "Seq Scan","Parent Relationship": "SubPlan","Subplan Name": "SubPlan 1","Parallel Aware": false,"Async Capable": false,"Relation Name": "supplier","Alias": "supplier","Startup Cost": 0.00,"Total Cost": 347.00,"Plan Rows": 1,"Plan Width": 4,"Actual Startup Time": 0.155,"Actual Total Time": 6.713,"Actual Rows": 4,"Actual Loops": 5,"Filter": "((s_comment)::text ~~ '%Customer%Complaints%'::text)","Rows Removed by Filter": 9996,"Workers": []}]},{"Node Type": "Hash","Parent Relationship": "Inner","Parallel Aware": true,"Async Capable": false,"Startup Cost": 6180.33,"Total Cost": 6180.33,"Plan Rows": 12409,"Plan Width": 40,"Actual Startup Time": 21.124,"Actual Total Time": 21.127,"Actual Rows": 5972,"Actual Loops": 5,"Hash Buckets": 32768,"Original Hash Buckets": 32768,"Hash Batches": 1,"Original Hash Batches": 1,"Peak Memory Usage": 2560,"Workers": [],"Plans": [{"Node Type": "Seq Scan","Parent Relationship": "Outer","Parallel Aware": true,"Async Capable": false,"Relation Name": "part","Alias": "part","Startup Cost": 0.00,"Total Cost": 6180.33,"Plan Rows": 12409,"Plan Width": 40,"Actual Startup Time": 0.059,"Actual Total Time": 17.892,"Actual Rows": 5972,"Actual Loops": 5,"Filter": "((p_brand <> 'Brand#22'::bpchar) AND ((p_type)::text !~~ 'SMALL BURNISHED%'::text) AND (p_size = ANY ('{38,41,5,47,33,28,16,23}'::integer[])))","Rows Removed by Filter": 34028,"Workers": []}]}]}]}]}]}]},"Planning Time": 5.405,"Triggers": [],"Execution Time": 239.508}]
[{"Plan": {"Node Type": "Sort","Parallel Aware": false,"Async Capable": false,"Startup Cost": 33044.83,"Total Cost": 33084.45,"Plan Rows": 15848,"Plan Width": 44,"Actual Startup Time": 251.223,"Actual Total Time": 253.035,"Actual Rows": 18212,"Actual Loops": 1,"Sort Key": ["(count(DISTINCT partsupp.ps_suppkey)) DESC", "part.p_brand", "part.p_type", "part.p_size"],"Sort Method": "quicksort","Sort Space Used": 2333,"Sort Space Type": "Memory","Plans": [{"Node Type": "Aggregate","Strategy": "Sorted","Partial Mode": "Simple","Parent Relationship": "Outer","Parallel Aware": false,"Async Capable": false,"Startup Cost": 24231.67,"Total Cost": 31939.28,"Plan Rows": 15848,"Plan Width": 44,"Actual Startup Time": 136.551,"Actual Total Time": 210.519,"Actual Rows": 18212,"Actual Loops": 1,"Group Key": ["part.p_brand", "part.p_type", "part.p_size"],"Plans": [{"Node Type": "Gather Merge","Parent Relationship": "Outer","Parallel Aware": false,"Async Capable": false,"Startup Cost": 24231.67,"Total Cost": 31198.91,"Plan Rows": 58189,"Plan Width": 40,"Actual Startup Time": 136.486,"Actual Total Time": 179.399,"Actual Rows": 118145,"Actual Loops": 1,"Workers Planned": 4,"Workers Launched": 4,"Plans": [{"Node Type": "Sort","Parent Relationship": "Outer","Parallel Aware": false,"Async Capable": false,"Startup Cost": 23231.61,"Total Cost": 23267.98,"Plan Rows": 14547,"Plan Width": 40,"Actual Startup Time": 125.400,"Actual Total Time": 127.881,"Actual Rows": 23629,"Actual Loops": 5,"Sort Key": ["part.p_brand", "part.p_type", "part.p_size"],"Sort Method": "quicksort","Sort Space Used": 2432,"Sort Space Type": "Memory","Workers": [{"Worker Number": 0,"Sort Method": "quicksort","Sort Space Used": 2910,"Sort Space Type": "Memory"},{"Worker Number": 1,"Sort Method": "quicksort","Sort Space Used": 2863,"Sort Space Type": "Memory"},{"Worker Number": 2,"Sort Method": "quicksort","Sort Space Used": 2857,"Sort Space Type": "Memory"},{"Worker Number": 3,"Sort Method": "quicksort","Sort Space Used": 2506,"Sort Space Type": "Memory"}],"Plans": [{"Node Type": "Hash Join","Parent Relationship": "Outer","Parallel Aware": true,"Async Capable": false,"Join Type": "Inner","Startup Cost": 6679.30,"Total Cost": 22225.80,"Plan Rows": 14547,"Plan Width": 40,"Actual Startup Time": 33.125,"Actual Total Time": 83.468,"Actual Rows": 23629,"Actual Loops": 5,"Inner Unique": true,"Hash Cond": "(partsupp.ps_partkey = part.p_partkey)","Workers": [],"Plans": [{"Node Type": "Index Only Scan","Parent Relationship": "Outer","Parallel Aware": true,"Async Capable": false,"Scan Direction": "Forward","Index Name": "partsupp_pkey","Relation Name": "partsupp","Alias": "partsupp","Startup Cost": 347.43,"Total Cost": 15631.43,"Plan Rows": 100000,"Plan Width": 8,"Actual Startup Time": 9.757,"Actual Total Time": 35.607,"Actual Rows": 159936,"Actual Loops": 5,"Filter": "(NOT (hashed SubPlan 1))","Rows Removed by Filter": 64,"Heap Fetches": 0,"Workers": [],"Plans": [{"Node Type": "Seq Scan","Parent Relationship": "SubPlan","Subplan Name": "SubPlan 1","Parallel Aware": false,"Async Capable": false,"Relation Name": "supplier","Alias": "supplier","Startup Cost": 0.00,"Total Cost": 347.00,"Plan Rows": 1,"Plan Width": 4,"Actual Startup Time": 0.353,"Actual Total Time": 9.613,"Actual Rows": 4,"Actual Loops": 5,"Filter": "((s_comment)::text ~~ '%Customer%Complaints%'::text)","Rows Removed by Filter": 9996,"Workers": []}]},{"Node Type": "Hash","Parent Relationship": "Inner","Parallel Aware": true,"Async Capable": false,"Startup Cost": 6180.33,"Total Cost": 6180.33,"Plan Rows": 12123,"Plan Width": 40,"Actual Startup Time": 23.134,"Actual Total Time": 23.138,"Actual Rows": 5910,"Actual Loops": 5,"Hash Buckets": 32768,"Original Hash Buckets": 32768,"Hash Batches": 1,"Original Hash Batches": 1,"Peak Memory Usage": 2528,"Workers": [],"Plans": [{"Node Type": "Seq Scan","Parent Relationship": "Outer","Parallel Aware": true,"Async Capable": false,"Relation Name": "part","Alias": "part","Startup Cost": 0.00,"Total Cost": 6180.33,"Plan Rows": 12123,"Plan Width": 40,"Actual Startup Time": 0.041,"Actual Total Time": 19.587,"Actual Rows": 5910,"Actual Loops": 5,"Filter": "((p_brand <> 'Brand#43'::bpchar) AND ((p_type)::text !~~ 'LARGE POLISHED%'::text) AND (p_size = ANY ('{31,50,21,47,48,34,35,36}'::integer[])))","Rows Removed by Filter": 34090,"Workers": []}]}]}]}]}]}]},"Planning Time": 4.018,"Triggers": [],"Execution Time": 254.393}]
[{"Plan": {"Node Type": "Sort","Parallel Aware": false,"Async Capable": false,"Startup Cost": 33364.13,"Total Cost": 33404.33,"Plan Rows": 16081,"Plan Width": 44,"Actual Startup Time": 240.852,"Actual Total Time": 242.971,"Actual Rows": 18321,"Actual Loops": 1,"Sort Key": ["(count(DISTINCT partsupp.ps_suppkey)) DESC", "part.p_brand", "part.p_type", "part.p_size"],"Sort Method": "quicksort","Sort Space Used": 2342,"Sort Space Type": "Memory","Plans": [{"Node Type": "Aggregate","Strategy": "Sorted","Partial Mode": "Simple","Parent Relationship": "Outer","Parallel Aware": false,"Async Capable": false,"Startup Cost": 24274.58,"Total Cost": 32240.62,"Plan Rows": 16081,"Plan Width": 44,"Actual Startup Time": 133.064,"Actual Total Time": 203.998,"Actual Rows": 18321,"Actual Loops": 1,"Group Key": ["part.p_brand", "part.p_type", "part.p_size"],"Plans": [{"Node Type": "Gather Merge","Parent Relationship": "Outer","Parallel Aware": false,"Async Capable": false,"Startup Cost": 24274.58,"Total Cost": 31478.18,"Plan Rows": 60163,"Plan Width": 40,"Actual Startup Time": 133.013,"Actual Total Time": 174.623,"Actual Rows": 118715,"Actual Loops": 1,"Workers Planned": 4,"Workers Launched": 4,"Plans": [{"Node Type": "Sort","Parent Relationship": "Outer","Parallel Aware": false,"Async Capable": false,"Startup Cost": 23274.53,"Total Cost": 23312.13,"Plan Rows": 15041,"Plan Width": 40,"Actual Startup Time": 121.439,"Actual Total Time": 124.540,"Actual Rows": 23743,"Actual Loops": 5,"Sort Key": ["part.p_brand", "part.p_type", "part.p_size"],"Sort Method": "quicksort","Sort Space Used": 1613,"Sort Space Type": "Memory","Workers": [{"Worker Number": 0,"Sort Method": "quicksort","Sort Space Used": 2914,"Sort Space Type": "Memory"},{"Worker Number": 1,"Sort Method": "quicksort","Sort Space Used": 2886,"Sort Space Type": "Memory"},{"Worker Number": 2,"Sort Method": "quicksort","Sort Space Used": 2915,"Sort Space Type": "Memory"},{"Worker Number": 3,"Sort Method": "quicksort","Sort Space Used": 2903,"Sort Space Type": "Memory"}],"Plans": [{"Node Type": "Hash Join","Parent Relationship": "Outer","Parallel Aware": true,"Async Capable": false,"Join Type": "Inner","Startup Cost": 6684.44,"Total Cost": 22230.94,"Plan Rows": 15041,"Plan Width": 40,"Actual Startup Time": 31.720,"Actual Total Time": 80.005,"Actual Rows": 23743,"Actual Loops": 5,"Inner Unique": true,"Hash Cond": "(partsupp.ps_partkey = part.p_partkey)","Workers": [],"Plans": [{"Node Type": "Index Only Scan","Parent Relationship": "Outer","Parallel Aware": true,"Async Capable": false,"Scan Direction": "Forward","Index Name": "partsupp_pkey","Relation Name": "partsupp","Alias": "partsupp","Startup Cost": 347.43,"Total Cost": 15631.43,"Plan Rows": 100000,"Plan Width": 8,"Actual Startup Time": 8.984,"Actual Total Time": 33.405,"Actual Rows": 159936,"Actual Loops": 5,"Filter": "(NOT (hashed SubPlan 1))","Rows Removed by Filter": 64,"Heap Fetches": 0,"Workers": [],"Plans": [{"Node Type": "Seq Scan","Parent Relationship": "SubPlan","Subplan Name": "SubPlan 1","Parallel Aware": false,"Async Capable": false,"Relation Name": "supplier","Alias": "supplier","Startup Cost": 0.00,"Total Cost": 347.00,"Plan Rows": 1,"Plan Width": 4,"Actual Startup Time": 0.244,"Actual Total Time": 8.837,"Actual Rows": 4,"Actual Loops": 5,"Filter": "((s_comment)::text ~~ '%Customer%Complaints%'::text)","Rows Removed by Filter": 9996,"Workers": []}]},{"Node Type": "Hash","Parent Relationship": "Inner","Parallel Aware": true,"Async Capable": false,"Startup Cost": 6180.33,"Total Cost": 6180.33,"Plan Rows": 12534,"Plan Width": 40,"Actual Startup Time": 22.497,"Actual Total Time": 22.501,"Actual Rows": 5938,"Actual Loops": 5,"Hash Buckets": 32768,"Original Hash Buckets": 32768,"Hash Batches": 1,"Original Hash Batches": 1,"Peak Memory Usage": 2592,"Workers": [],"Plans": [{"Node Type": "Seq Scan","Parent Relationship": "Outer","Parallel Aware": true,"Async Capable": false,"Relation Name": "part","Alias": "part","Startup Cost": 0.00,"Total Cost": 6180.33,"Plan Rows": 12534,"Plan Width": 40,"Actual Startup Time": 0.048,"Actual Total Time": 19.101,"Actual Rows": 5938,"Actual Loops": 5,"Filter": "((p_brand <> 'Brand#31'::bpchar) AND ((p_type)::text !~~ 'SMALL ANODIZED%'::text) AND (p_size = ANY ('{8,2,45,28,3,42,32,1}'::integer[])))","Rows Removed by Filter": 34062,"Workers": []}]}]}]}]}]}]},"Planning Time": 3.921,"Triggers": [],"Execution Time": 244.090}]
[{"Plan": {"Node Type": "Sort","Parallel Aware": false,"Async Capable": false,"Startup Cost": 33028.56,"Total Cost": 33068.15,"Plan Rows": 15835,"Plan Width": 44,"Actual Startup Time": 232.990,"Actual Total Time": 234.709,"Actual Rows": 18238,"Actual Loops": 1,"Sort Key": ["(count(DISTINCT partsupp.ps_suppkey)) DESC", "part.p_brand", "part.p_type", "part.p_size"],"Sort Method": "quicksort","Sort Space Used": 2335,"Sort Space Type": "Memory","Plans": [{"Node Type": "Aggregate","Strategy": "Sorted","Partial Mode": "Simple","Parent Relationship": "Outer","Parallel Aware": false,"Async Capable": false,"Startup Cost": 24229.50,"Total Cost": 31924.00,"Plan Rows": 15835,"Plan Width": 44,"Actual Startup Time": 130.168,"Actual Total Time": 195.971,"Actual Rows": 18238,"Actual Loops": 1,"Group Key": ["part.p_brand", "part.p_type", "part.p_size"],"Plans": [{"Node Type": "Gather Merge","Parent Relationship": "Outer","Parallel Aware": false,"Async Capable": false,"Startup Cost": 24229.50,"Total Cost": 31184.76,"Plan Rows": 58089,"Plan Width": 40,"Actual Startup Time": 130.111,"Actual Total Time": 168.649,"Actual Rows": 118692,"Actual Loops": 1,"Workers Planned": 4,"Workers Launched": 4,"Plans": [{"Node Type": "Sort","Parent Relationship": "Outer","Parallel Aware": false,"Async Capable": false,"Startup Cost": 23229.44,"Total Cost": 23265.74,"Plan Rows": 14522,"Plan Width": 40,"Actual Startup Time": 122.656,"Actual Total Time": 125.205,"Actual Rows": 23738,"Actual Loops": 5,"Sort Key": ["part.p_brand", "part.p_type", "part.p_size"],"Sort Method": "quicksort","Sort Space Used": 2743,"Sort Space Type": "Memory","Workers": [{"Worker Number": 0,"Sort Method": "quicksort","Sort Space Used": 2749,"Sort Space Type": "Memory"},{"Worker Number": 1,"Sort Method": "quicksort","Sort Space Used": 2731,"Sort Space Type": "Memory"},{"Worker Number": 2,"Sort Method": "quicksort","Sort Space Used": 2701,"Sort Space Type": "Memory"},{"Worker Number": 3,"Sort Method": "quicksort","Sort Space Used": 2704,"Sort Space Type": "Memory"}],"Plans": [{"Node Type": "Hash Join","Parent Relationship": "Outer","Parallel Aware": true,"Async Capable": false,"Join Type": "Inner","Startup Cost": 6679.04,"Total Cost": 22225.54,"Plan Rows": 14522,"Plan Width": 40,"Actual Startup Time": 30.190,"Actual Total Time": 80.909,"Actual Rows": 23738,"Actual Loops": 5,"Inner Unique": true,"Hash Cond": "(partsupp.ps_partkey = part.p_partkey)","Workers": [],"Plans": [{"Node Type": "Index Only Scan","Parent Relationship": "Outer","Parallel Aware": true,"Async Capable": false,"Scan Direction": "Forward","Index Name": "partsupp_pkey","Relation Name": "partsupp","Alias": "partsupp","Startup Cost": 347.43,"Total Cost": 15631.43,"Plan Rows": 100000,"Plan Width": 8,"Actual Startup Time": 7.254,"Actual Total Time": 32.474,"Actual Rows": 159936,"Actual Loops": 5,"Filter": "(NOT (hashed SubPlan 1))","Rows Removed by Filter": 64,"Heap Fetches": 0,"Workers": [],"Plans": [{"Node Type": "Seq Scan","Parent Relationship": "SubPlan","Subplan Name": "SubPlan 1","Parallel Aware": false,"Async Capable": false,"Relation Name": "supplier","Alias": "supplier","Startup Cost": 0.00,"Total Cost": 347.00,"Plan Rows": 1,"Plan Width": 4,"Actual Startup Time": 0.190,"Actual Total Time": 7.016,"Actual Rows": 4,"Actual Loops": 5,"Filter": "((s_comment)::text ~~ '%Customer%Complaints%'::text)","Rows Removed by Filter": 9996,"Workers": []}]},{"Node Type": "Hash","Parent Relationship": "Inner","Parallel Aware": true,"Async Capable": false,"Startup Cost": 6180.33,"Total Cost": 6180.33,"Plan Rows": 12102,"Plan Width": 40,"Actual Startup Time": 22.676,"Actual Total Time": 22.680,"Actual Rows": 5937,"Actual Loops": 5,"Hash Buckets": 32768,"Original Hash Buckets": 32768,"Hash Batches": 1,"Original Hash Batches": 1,"Peak Memory Usage": 2560,"Workers": [],"Plans": [{"Node Type": "Seq Scan","Parent Relationship": "Outer","Parallel Aware": true,"Async Capable": false,"Relation Name": "part","Alias": "part","Startup Cost": 0.00,"Total Cost": 6180.33,"Plan Rows": 12102,"Plan Width": 40,"Actual Startup Time": 0.042,"Actual Total Time": 18.514,"Actual Rows": 5937,"Actual Loops": 5,"Filter": "((p_brand <> 'Brand#13'::bpchar) AND ((p_type)::text !~~ 'MEDIUM PLATED%'::text) AND (p_size = ANY ('{12,48,9,43,49,22,21,13}'::integer[])))","Rows Removed by Filter": 34063,"Workers": []}]}]}]}]}]}]},"Planning Time": 4.936,"Triggers": [],"Execution Time": 235.585}]
[{"Plan": {"Node Type": "Sort","Parallel Aware": false,"Async Capable": false,"Startup Cost": 33340.58,"Total Cost": 33380.74,"Plan Rows": 16065,"Plan Width": 44,"Actual Startup Time": 240.028,"Actual Total Time": 241.941,"Actual Rows": 18427,"Actual Loops": 1,"Sort Key": ["(count(DISTINCT partsupp.ps_suppkey)) DESC", "part.p_brand", "part.p_type", "part.p_size"],"Sort Method": "quicksort","Sort Space Used": 2352,"Sort Space Type": "Memory","Plans": [{"Node Type": "Aggregate","Strategy": "Sorted","Partial Mode": "Simple","Parent Relationship": "Outer","Parallel Aware": false,"Async Capable": false,"Startup Cost": 24271.38,"Total Cost": 32218.31,"Plan Rows": 16065,"Plan Width": 44,"Actual Startup Time": 134.502,"Actual Total Time": 201.642,"Actual Rows": 18427,"Actual Loops": 1,"Group Key": ["part.p_brand", "part.p_type", "part.p_size"],"Plans": [{"Node Type": "Gather Merge","Parent Relationship": "Outer","Parallel Aware": false,"Async Capable": false,"Startup Cost": 24271.38,"Total Cost": 31457.49,"Plan Rows": 60017,"Plan Width": 40,"Actual Startup Time": 134.429,"Actual Total Time": 173.881,"Actual Rows": 119376,"Actual Loops": 1,"Workers Planned": 4,"Workers Launched": 4,"Plans": [{"Node Type": "Sort","Parent Relationship": "Outer","Parallel Aware": false,"Async Capable": false,"Startup Cost": 23271.32,"Total Cost": 23308.83,"Plan Rows": 15004,"Plan Width": 40,"Actual Startup Time": 122.752,"Actual Total Time": 125.403,"Actual Rows": 23875,"Actual Loops": 5,"Sort Key": ["part.p_brand", "part.p_type", "part.p_size"],"Sort Method": "quicksort","Sort Space Used": 2445,"Sort Space Type": "Memory","Workers": [{"Worker Number": 0,"Sort Method": "quicksort","Sort Space Used": 2949,"Sort Space Type": "Memory"},{"Worker Number": 1,"Sort Method": "quicksort","Sort Space Used": 2927,"Sort Space Type": "Memory"},{"Worker Number": 2,"Sort Method": "quicksort","Sort Space Used": 2441,"Sort Space Type": "Memory"},{"Worker Number": 3,"Sort Method": "quicksort","Sort Space Used": 2924,"Sort Space Type": "Memory"}],"Plans": [{"Node Type": "Hash Join","Parent Relationship": "Outer","Parallel Aware": true,"Async Capable": false,"Join Type": "Inner","Startup Cost": 6684.06,"Total Cost": 22230.56,"Plan Rows": 15004,"Plan Width": 40,"Actual Startup Time": 30.375,"Actual Total Time": 80.839,"Actual Rows": 23875,"Actual Loops": 5,"Inner Unique": true,"Hash Cond": "(partsupp.ps_partkey = part.p_partkey)","Workers": [],"Plans": [{"Node Type": "Index Only Scan","Parent Relationship": "Outer","Parallel Aware": true,"Async Capable": false,"Scan Direction": "Forward","Index Name": "partsupp_pkey","Relation Name": "partsupp","Alias": "partsupp","Startup Cost": 347.43,"Total Cost": 15631.43,"Plan Rows": 100000,"Plan Width": 8,"Actual Startup Time": 7.837,"Actual Total Time": 32.746,"Actual Rows": 159936,"Actual Loops": 5,"Filter": "(NOT (hashed SubPlan 1))","Rows Removed by Filter": 64,"Heap Fetches": 0,"Workers": [],"Plans": [{"Node Type": "Seq Scan","Parent Relationship": "SubPlan","Subplan Name": "SubPlan 1","Parallel Aware": false,"Async Capable": false,"Relation Name": "supplier","Alias": "supplier","Startup Cost": 0.00,"Total Cost": 347.00,"Plan Rows": 1,"Plan Width": 4,"Actual Startup Time": 0.233,"Actual Total Time": 7.658,"Actual Rows": 4,"Actual Loops": 5,"Filter": "((s_comment)::text ~~ '%Customer%Complaints%'::text)","Rows Removed by Filter": 9996,"Workers": []}]},{"Node Type": "Hash","Parent Relationship": "Inner","Parallel Aware": true,"Async Capable": false,"Startup Cost": 6180.33,"Total Cost": 6180.33,"Plan Rows": 12504,"Plan Width": 40,"Actual Startup Time": 22.265,"Actual Total Time": 22.268,"Actual Rows": 5971,"Actual Loops": 5,"Hash Buckets": 32768,"Original Hash Buckets": 32768,"Hash Batches": 1,"Original Hash Batches": 1,"Peak Memory Usage": 2560,"Workers": [],"Plans": [{"Node Type": "Seq Scan","Parent Relationship": "Outer","Parallel Aware": true,"Async Capable": false,"Relation Name": "part","Alias": "part","Startup Cost": 0.00,"Total Cost": 6180.33,"Plan Rows": 12504,"Plan Width": 40,"Actual Startup Time": 0.061,"Actual Total Time": 18.779,"Actual Rows": 5971,"Actual Loops": 5,"Filter": "((p_brand <> 'Brand#55'::bpchar) AND ((p_type)::text !~~ 'LARGE PLATED%'::text) AND (p_size = ANY ('{9,40,3,34,44,12,21,32}'::integer[])))","Rows Removed by Filter": 34029,"Workers": []}]}]}]}]}]}]},"Planning Time": 4.860,"Triggers": [],"Execution Time": 243.135}]
[{"Plan": {"Node Type": "Sort","Parallel Aware": false,"Async Capable": false,"Startup Cost": 33264.64,"Total Cost": 33304.66,"Plan Rows": 16010,"Plan Width": 44,"Actual Startup Time": 249.893,"Actual Total Time": 251.708,"Actual Rows": 18180,"Actual Loops": 1,"Sort Key": ["(count(DISTINCT partsupp.ps_suppkey)) DESC", "part.p_brand", "part.p_type", "part.p_size"],"Sort Method": "quicksort","Sort Space Used": 2330,"Sort Space Type": "Memory","Plans": [{"Node Type": "Aggregate","Strategy": "Sorted","Partial Mode": "Simple","Parent Relationship": "Outer","Parallel Aware": false,"Async Capable": false,"Startup Cost": 24261.19,"Total Cost": 32146.60,"Plan Rows": 16010,"Plan Width": 44,"Actual Startup Time": 139.116,"Actual Total Time": 209.747,"Actual Rows": 18180,"Actual Loops": 1,"Group Key": ["part.p_brand", "part.p_type", "part.p_size"],"Plans": [{"Node Type": "Gather Merge","Parent Relationship": "Outer","Parallel Aware": false,"Async Capable": false,"Startup Cost": 24261.19,"Total Cost": 31391.03,"Plan Rows": 59547,"Plan Width": 40,"Actual Startup Time": 139.058,"Actual Total Time": 180.227,"Actual Rows": 118692,"Actual Loops": 1,"Workers Planned": 4,"Workers Launched": 4,"Plans": [{"Node Type": "Sort","Parent Relationship": "Outer","Parallel Aware": false,"Async Capable": false,"Startup Cost": 23261.14,"Total Cost": 23298.35,"Plan Rows": 14887,"Plan Width": 40,"Actual Startup Time": 125.718,"Actual Total Time": 128.240,"Actual Rows": 23738,"Actual Loops": 5,"Sort Key": ["part.p_brand", "part.p_type", "part.p_size"],"Sort Method": "quicksort","Sort Space Used": 2141,"Sort Space Type": "Memory","Workers": [{"Worker Number": 0,"Sort Method": "quicksort","Sort Space Used": 2455,"Sort Space Type": "Memory"},{"Worker Number": 1,"Sort Method": "quicksort","Sort Space Used": 3018,"Sort Space Type": "Memory"},{"Worker Number": 2,"Sort Method": "quicksort","Sort Space Used": 3011,"Sort Space Type": "Memory"},{"Worker Number": 3,"Sort Method": "quicksort","Sort Space Used": 2988,"Sort Space Type": "Memory"}],"Plans": [{"Node Type": "Hash Join","Parent Relationship": "Outer","Parallel Aware": true,"Async Capable": false,"Join Type": "Inner","Startup Cost": 6682.84,"Total Cost": 22229.34,"Plan Rows": 14887,"Plan Width": 40,"Actual Startup Time": 32.427,"Actual Total Time": 83.963,"Actual Rows": 23738,"Actual Loops": 5,"Inner Unique": true,"Hash Cond": "(partsupp.ps_partkey = part.p_partkey)","Workers": [],"Plans": [{"Node Type": "Index Only Scan","Parent Relationship": "Outer","Parallel Aware": true,"Async Capable": false,"Scan Direction": "Forward","Index Name": "partsupp_pkey","Relation Name": "partsupp","Alias": "partsupp","Startup Cost": 347.43,"Total Cost": 15631.43,"Plan Rows": 100000,"Plan Width": 8,"Actual Startup Time": 9.407,"Actual Total Time": 35.525,"Actual Rows": 159936,"Actual Loops": 5,"Filter": "(NOT (hashed SubPlan 1))","Rows Removed by Filter": 64,"Heap Fetches": 0,"Workers": [],"Plans": [{"Node Type": "Seq Scan","Parent Relationship": "SubPlan","Subplan Name": "SubPlan 1","Parallel Aware": false,"Async Capable": false,"Relation Name": "supplier","Alias": "supplier","Startup Cost": 0.00,"Total Cost": 347.00,"Plan Rows": 1,"Plan Width": 4,"Actual Startup Time": 0.315,"Actual Total Time": 9.264,"Actual Rows": 4,"Actual Loops": 5,"Filter": "((s_comment)::text ~~ '%Customer%Complaints%'::text)","Rows Removed by Filter": 9996,"Workers": []}]},{"Node Type": "Hash","Parent Relationship": "Inner","Parallel Aware": true,"Async Capable": false,"Startup Cost": 6180.33,"Total Cost": 6180.33,"Plan Rows": 12406,"Plan Width": 40,"Actual Startup Time": 22.724,"Actual Total Time": 22.729,"Actual Rows": 5937,"Actual Loops": 5,"Hash Buckets": 32768,"Original Hash Buckets": 32768,"Hash Batches": 1,"Original Hash Batches": 1,"Peak Memory Usage": 2560,"Workers": [],"Plans": [{"Node Type": "Seq Scan","Parent Relationship": "Outer","Parallel Aware": true,"Async Capable": false,"Relation Name": "part","Alias": "part","Startup Cost": 0.00,"Total Cost": 6180.33,"Plan Rows": 12406,"Plan Width": 40,"Actual Startup Time": 0.054,"Actual Total Time": 19.175,"Actual Rows": 5937,"Actual Loops": 5,"Filter": "((p_brand <> 'Brand#23'::bpchar) AND ((p_type)::text !~~ 'ECONOMY PLATED%'::text) AND (p_size = ANY ('{37,4,22,28,29,41,43,15}'::integer[])))","Rows Removed by Filter": 34063,"Workers": []}]}]}]}]}]}]},"Planning Time": 5.473,"Triggers": [],"Execution Time": 252.869}]
[{"Plan": {"Node Type": "Sort","Parallel Aware": false,"Async Capable": false,"Startup Cost": 33243.94,"Total Cost": 33283.93,"Plan Rows": 15995,"Plan Width": 44,"Actual Startup Time": 237.063,"Actual Total Time": 238.623,"Actual Rows": 18206,"Actual Loops": 1,"Sort Key": ["(count(DISTINCT partsupp.ps_suppkey)) DESC", "part.p_brand", "part.p_type", "part.p_size"],"Sort Method": "quicksort","Sort Space Used": 2332,"Sort Space Type": "Memory","Plans": [{"Node Type": "Aggregate","Strategy": "Sorted","Partial Mode": "Simple","Parent Relationship": "Outer","Parallel Aware": false,"Async Capable": false,"Startup Cost": 24258.41,"Total Cost": 32127.06,"Plan Rows": 15995,"Plan Width": 44,"Actual Startup Time": 132.908,"Actual Total Time": 198.809,"Actual Rows": 18206,"Actual Loops": 1,"Group Key": ["part.p_brand", "part.p_type", "part.p_size"],"Plans": [{"Node Type": "Gather Merge","Parent Relationship": "Outer","Parallel Aware": false,"Async Capable": false,"Startup Cost": 24258.41,"Total Cost": 31372.92,"Plan Rows": 59419,"Plan Width": 40,"Actual Startup Time": 132.853,"Actual Total Time": 171.435,"Actual Rows": 118460,"Actual Loops": 1,"Workers Planned": 4,"Workers Launched": 4,"Plans": [{"Node Type": "Sort","Parent Relationship": "Outer","Parallel Aware": false,"Async Capable": false,"Startup Cost": 23258.35,"Total Cost": 23295.49,"Plan Rows": 14855,"Plan Width": 40,"Actual Startup Time": 122.088,"Actual Total Time": 124.772,"Actual Rows": 23692,"Actual Loops": 5,"Sort Key": ["part.p_brand", "part.p_type", "part.p_size"],"Sort Method": "quicksort","Sort Space Used": 2467,"Sort Space Type": "Memory","Workers": [{"Worker Number": 0,"Sort Method": "quicksort","Sort Space Used": 2885,"Sort Space Type": "Memory"},{"Worker Number": 1,"Sort Method": "quicksort","Sort Space Used": 2888,"Sort Space Type": "Memory"},{"Worker Number": 2,"Sort Method": "quicksort","Sort Space Used": 2470,"Sort Space Type": "Memory"},{"Worker Number": 3,"Sort Method": "quicksort","Sort Space Used": 2884,"Sort Space Type": "Memory"}],"Plans": [{"Node Type": "Hash Join","Parent Relationship": "Outer","Parallel Aware": true,"Async Capable": false,"Join Type": "Inner","Startup Cost": 6682.50,"Total Cost": 22229.00,"Plan Rows": 14855,"Plan Width": 40,"Actual Startup Time": 31.203,"Actual Total Time": 80.406,"Actual Rows": 23692,"Actual Loops": 5,"Inner Unique": true,"Hash Cond": "(partsupp.ps_partkey = part.p_partkey)","Workers": [],"Plans": [{"Node Type": "Index Only Scan","Parent Relationship": "Outer","Parallel Aware": true,"Async Capable": false,"Scan Direction": "Forward","Index Name": "partsupp_pkey","Relation Name": "partsupp","Alias": "partsupp","Startup Cost": 347.43,"Total Cost": 15631.43,"Plan Rows": 100000,"Plan Width": 8,"Actual Startup Time": 7.079,"Actual Total Time": 31.895,"Actual Rows": 159936,"Actual Loops": 5,"Filter": "(NOT (hashed SubPlan 1))","Rows Removed by Filter": 64,"Heap Fetches": 0,"Workers": [],"Plans": [{"Node Type": "Seq Scan","Parent Relationship": "SubPlan","Subplan Name": "SubPlan 1","Parallel Aware": false,"Async Capable": false,"Relation Name": "supplier","Alias": "supplier","Startup Cost": 0.00,"Total Cost": 347.00,"Plan Rows": 1,"Plan Width": 4,"Actual Startup Time": 0.217,"Actual Total Time": 6.899,"Actual Rows": 4,"Actual Loops": 5,"Filter": "((s_comment)::text ~~ '%Customer%Complaints%'::text)","Rows Removed by Filter": 9996,"Workers": []}]},{"Node Type": "Hash","Parent Relationship": "Inner","Parallel Aware": true,"Async Capable": false,"Startup Cost": 6180.33,"Total Cost": 6180.33,"Plan Rows": 12379,"Plan Width": 40,"Actual Startup Time": 23.857,"Actual Total Time": 23.860,"Actual Rows": 5925,"Actual Loops": 5,"Hash Buckets": 32768,"Original Hash Buckets": 32768,"Hash Batches": 1,"Original Hash Batches": 1,"Peak Memory Usage": 2560,"Workers": [],"Plans": [{"Node Type": "Seq Scan","Parent Relationship": "Outer","Parallel Aware": true,"Async Capable": false,"Relation Name": "part","Alias": "part","Startup Cost": 0.00,"Total Cost": 6180.33,"Plan Rows": 12379,"Plan Width": 40,"Actual Startup Time": 0.051,"Actual Total Time": 19.928,"Actual Rows": 5925,"Actual Loops": 5,"Filter": "((p_brand <> 'Brand#44'::bpchar) AND ((p_type)::text !~~ 'PROMO POLISHED%'::text) AND (p_size = ANY ('{13,47,41,28,26,9,4,12}'::integer[])))","Rows Removed by Filter": 34075,"Workers": []}]}]}]}]}]}]},"Planning Time": 4.805,"Triggers": [],"Execution Time": 239.451}]
[{"Plan": {"Node Type": "Sort","Parallel Aware": false,"Async Capable": false,"Startup Cost": 33074.00,"Total Cost": 33113.67,"Plan Rows": 15870,"Plan Width": 44,"Actual Startup Time": 240.951,"Actual Total Time": 242.884,"Actual Rows": 18300,"Actual Loops": 1,"Sort Key": ["(count(DISTINCT partsupp.ps_suppkey)) DESC", "part.p_brand", "part.p_type", "part.p_size"],"Sort Method": "quicksort","Sort Space Used": 2340,"Sort Space Type": "Memory","Plans": [{"Node Type": "Aggregate","Strategy": "Sorted","Partial Mode": "Simple","Parent Relationship": "Outer","Parallel Aware": false,"Async Capable": false,"Startup Cost": 24235.57,"Total Cost": 31966.75,"Plan Rows": 15870,"Plan Width": 44,"Actual Startup Time": 134.041,"Actual Total Time": 202.672,"Actual Rows": 18300,"Actual Loops": 1,"Group Key": ["part.p_brand", "part.p_type", "part.p_size"],"Plans": [{"Node Type": "Gather Merge","Parent Relationship": "Outer","Parallel Aware": false,"Async Capable": false,"Startup Cost": 24235.57,"Total Cost": 31224.36,"Plan Rows": 58369,"Plan Width": 40,"Actual Startup Time": 133.976,"Actual Total Time": 174.240,"Actual Rows": 118331,"Actual Loops": 1,"Workers Planned": 4,"Workers Launched": 4,"Plans": [{"Node Type": "Sort","Parent Relationship": "Outer","Parallel Aware": false,"Async Capable": false,"Startup Cost": 23235.51,"Total Cost": 23271.99,"Plan Rows": 14592,"Plan Width": 40,"Actual Startup Time": 121.882,"Actual Total Time": 124.532,"Actual Rows": 23666,"Actual Loops": 5,"Sort Key": ["part.p_brand", "part.p_type", "part.p_size"],"Sort Method": "quicksort","Sort Space Used": 2392,"Sort Space Type": "Memory","Workers": [{"Worker Number": 0,"Sort Method": "quicksort","Sort Space Used": 2929,"Sort Space Type": "Memory"},{"Worker Number": 1,"Sort Method": "quicksort","Sort Space Used": 2917,"Sort Space Type": "Memory"},{"Worker Number": 2,"Sort Method": "quicksort","Sort Space Used": 2430,"Sort Space Type": "Memory"},{"Worker Number": 3,"Sort Method": "quicksort","Sort Space Used": 2919,"Sort Space Type": "Memory"}],"Plans": [{"Node Type": "Hash Join","Parent Relationship": "Outer","Parallel Aware": true,"Async Capable": false,"Join Type": "Inner","Startup Cost": 6679.76,"Total Cost": 22226.26,"Plan Rows": 14592,"Plan Width": 40,"Actual Startup Time": 30.205,"Actual Total Time": 80.374,"Actual Rows": 23666,"Actual Loops": 5,"Inner Unique": true,"Hash Cond": "(partsupp.ps_partkey = part.p_partkey)","Workers": [],"Plans": [{"Node Type": "Index Only Scan","Parent Relationship": "Outer","Parallel Aware": true,"Async Capable": false,"Scan Direction": "Forward","Index Name": "partsupp_pkey","Relation Name": "partsupp","Alias": "partsupp","Startup Cost": 347.43,"Total Cost": 15631.43,"Plan Rows": 100000,"Plan Width": 8,"Actual Startup Time": 7.303,"Actual Total Time": 32.503,"Actual Rows": 159936,"Actual Loops": 5,"Filter": "(NOT (hashed SubPlan 1))","Rows Removed by Filter": 64,"Heap Fetches": 0,"Workers": [],"Plans": [{"Node Type": "Seq Scan","Parent Relationship": "SubPlan","Subplan Name": "SubPlan 1","Parallel Aware": false,"Async Capable": false,"Relation Name": "supplier","Alias": "supplier","Startup Cost": 0.00,"Total Cost": 347.00,"Plan Rows": 1,"Plan Width": 4,"Actual Startup Time": 0.139,"Actual Total Time": 7.134,"Actual Rows": 4,"Actual Loops": 5,"Filter": "((s_comment)::text ~~ '%Customer%Complaints%'::text)","Rows Removed by Filter": 9996,"Workers": []}]},{"Node Type": "Hash","Parent Relationship": "Inner","Parallel Aware": true,"Async Capable": false,"Startup Cost": 6180.33,"Total Cost": 6180.33,"Plan Rows": 12160,"Plan Width": 40,"Actual Startup Time": 22.626,"Actual Total Time": 22.630,"Actual Rows": 5918,"Actual Loops": 5,"Hash Buckets": 32768,"Original Hash Buckets": 32768,"Hash Batches": 1,"Original Hash Batches": 1,"Peak Memory Usage": 2528,"Workers": [],"Plans": [{"Node Type": "Seq Scan","Parent Relationship": "Outer","Parallel Aware": true,"Async Capable": false,"Relation Name": "part","Alias": "part","Startup Cost": 0.00,"Total Cost": 6180.33,"Plan Rows": 12160,"Plan Width": 40,"Actual Startup Time": 0.059,"Actual Total Time": 19.118,"Actual Rows": 5918,"Actual Loops": 5,"Filter": "((p_brand <> 'Brand#51'::bpchar) AND ((p_type)::text !~~ 'MEDIUM BRUSHED%'::text) AND (p_size = ANY ('{9,41,8,47,36,40,21,46}'::integer[])))","Rows Removed by Filter": 34082,"Workers": []}]}]}]}]}]}]},"Planning Time": 4.040,"Triggers": [],"Execution Time": 244.060}]
[{"Plan": {"Node Type": "Sort","Parallel Aware": false,"Async Capable": false,"Startup Cost": 33540.85,"Total Cost": 33581.36,"Plan Rows": 16206,"Plan Width": 44,"Actual Startup Time": 237.640,"Actual Total Time": 239.452,"Actual Rows": 18209,"Actual Loops": 1,"Sort Key": ["(count(DISTINCT partsupp.ps_suppkey)) DESC", "part.p_brand", "part.p_type", "part.p_size"],"Sort Method": "quicksort","Sort Space Used": 2334,"Sort Space Type": "Memory","Plans": [{"Node Type": "Aggregate","Strategy": "Sorted","Partial Mode": "Simple","Parent Relationship": "Outer","Parallel Aware": false,"Async Capable": false,"Startup Cost": 24298.36,"Total Cost": 32407.71,"Plan Rows": 16206,"Plan Width": 44,"Actual Startup Time": 135.210,"Actual Total Time": 200.384,"Actual Rows": 18209,"Actual Loops": 1,"Group Key": ["part.p_brand", "part.p_type", "part.p_size"],"Plans": [{"Node Type": "Gather Merge","Parent Relationship": "Outer","Parallel Aware": false,"Async Capable": false,"Startup Cost": 24298.36,"Total Cost": 31633.07,"Plan Rows": 61258,"Plan Width": 40,"Actual Startup Time": 135.163,"Actual Total Time": 173.098,"Actual Rows": 118182,"Actual Loops": 1,"Workers Planned": 4,"Workers Launched": 4,"Plans": [{"Node Type": "Sort","Parent Relationship": "Outer","Parallel Aware": false,"Async Capable": false,"Startup Cost": 23298.31,"Total Cost": 23336.59,"Plan Rows": 15314,"Plan Width": 40,"Actual Startup Time": 123.643,"Actual Total Time": 126.256,"Actual Rows": 23636,"Actual Loops": 5,"Sort Key": ["part.p_brand", "part.p_type", "part.p_size"],"Sort Method": "quicksort","Sort Space Used": 2468,"Sort Space Type": "Memory","Workers": [{"Worker Number": 0,"Sort Method": "quicksort","Sort Space Used": 2893,"Sort Space Type": "Memory"},{"Worker Number": 1,"Sort Method": "quicksort","Sort Space Used": 2872,"Sort Space Type": "Memory"},{"Worker Number": 2,"Sort Method": "quicksort","Sort Space Used": 2472,"Sort Space Type": "Memory"},{"Worker Number": 3,"Sort Method": "quicksort","Sort Space Used": 2882,"Sort Space Type": "Memory"}],"Plans": [{"Node Type": "Hash Join","Parent Relationship": "Outer","Parallel Aware": true,"Async Capable": false,"Join Type": "Inner","Startup Cost": 6687.29,"Total Cost": 22233.79,"Plan Rows": 15314,"Plan Width": 40,"Actual Startup Time": 32.160,"Actual Total Time": 82.085,"Actual Rows": 23636,"Actual Loops": 5,"Inner Unique": true,"Hash Cond": "(partsupp.ps_partkey = part.p_partkey)","Workers": [],"Plans": [{"Node Type": "Index Only Scan","Parent Relationship": "Outer","Parallel Aware": true,"Async Capable": false,"Scan Direction": "Forward","Index Name": "partsupp_pkey","Relation Name": "partsupp","Alias": "partsupp","Startup Cost": 347.43,"Total Cost": 15631.43,"Plan Rows": 100000,"Plan Width": 8,"Actual Startup Time": 9.415,"Actual Total Time": 34.784,"Actual Rows": 159936,"Actual Loops": 5,"Filter": "(NOT (hashed SubPlan 1))","Rows Removed by Filter": 64,"Heap Fetches": 0,"Workers": [],"Plans": [{"Node Type": "Seq Scan","Parent Relationship": "SubPlan","Subplan Name": "SubPlan 1","Parallel Aware": false,"Async Capable": false,"Relation Name": "supplier","Alias": "supplier","Startup Cost": 0.00,"Total Cost": 347.00,"Plan Rows": 1,"Plan Width": 4,"Actual Startup Time": 0.347,"Actual Total Time": 9.279,"Actual Rows": 4,"Actual Loops": 5,"Filter": "((s_comment)::text ~~ '%Customer%Complaints%'::text)","Rows Removed by Filter": 9996,"Workers": []}]},{"Node Type": "Hash","Parent Relationship": "Inner","Parallel Aware": true,"Async Capable": false,"Startup Cost": 6180.33,"Total Cost": 6180.33,"Plan Rows": 12762,"Plan Width": 40,"Actual Startup Time": 22.476,"Actual Total Time": 22.480,"Actual Rows": 5912,"Actual Loops": 5,"Hash Buckets": 32768,"Original Hash Buckets": 32768,"Hash Batches": 1,"Original Hash Batches": 1,"Peak Memory Usage": 2528,"Workers": [],"Plans": [{"Node Type": "Seq Scan","Parent Relationship": "Outer","Parallel Aware": true,"Async Capable": false,"Relation Name": "part","Alias": "part","Startup Cost": 0.00,"Total Cost": 6180.33,"Plan Rows": 12762,"Plan Width": 40,"Actual Startup Time": 0.057,"Actual Total Time": 19.024,"Actual Rows": 5912,"Actual Loops": 5,"Filter": "((p_brand <> 'Brand#15'::bpchar) AND ((p_type)::text !~~ 'LARGE PLATED%'::text) AND (p_size = ANY ('{43,9,38,50,33,45,2,34}'::integer[])))","Rows Removed by Filter": 34088,"Workers": []}]}]}]}]}]}]},"Planning Time": 5.158,"Triggers": [],"Execution Time": 240.792}]
[{"Plan": {"Node Type": "Sort","Parallel Aware": false,"Async Capable": false,"Startup Cost": 32959.23,"Total Cost": 32998.69,"Plan Rows": 15783,"Plan Width": 44,"Actual Startup Time": 239.362,"Actual Total Time": 240.937,"Actual Rows": 18291,"Actual Loops": 1,"Sort Key": ["(count(DISTINCT partsupp.ps_suppkey)) DESC", "part.p_brand", "part.p_type", "part.p_size"],"Sort Method": "quicksort","Sort Space Used": 2340,"Sort Space Type": "Memory","Plans": [{"Node Type": "Aggregate","Strategy": "Sorted","Partial Mode": "Simple","Parent Relationship": "Outer","Parallel Aware": false,"Async Capable": false,"Startup Cost": 24220.22,"Total Cost": 31858.68,"Plan Rows": 15783,"Plan Width": 44,"Actual Startup Time": 133.144,"Actual Total Time": 201.501,"Actual Rows": 18291,"Actual Loops": 1,"Group Key": ["part.p_brand", "part.p_type", "part.p_size"],"Plans": [{"Node Type": "Gather Merge","Parent Relationship": "Outer","Parallel Aware": false,"Async Capable": false,"Startup Cost": 24220.22,"Total Cost": 31124.24,"Plan Rows": 57661,"Plan Width": 40,"Actual Startup Time": 133.088,"Actual Total Time": 173.312,"Actual Rows": 118451,"Actual Loops": 1,"Workers Planned": 4,"Workers Launched": 4,"Plans": [{"Node Type": "Sort","Parent Relationship": "Outer","Parallel Aware": false,"Async Capable": false,"Startup Cost": 23220.16,"Total Cost": 23256.20,"Plan Rows": 14415,"Plan Width": 40,"Actual Startup Time": 121.271,"Actual Total Time": 123.977,"Actual Rows": 23690,"Actual Loops": 5,"Sort Key": ["part.p_brand", "part.p_type", "part.p_size"],"Sort Method": "quicksort","Sort Space Used": 2505,"Sort Space Type": "Memory","Workers": [{"Worker Number": 0,"Sort Method": "quicksort","Sort Space Used": 2881,"Sort Space Type": "Memory"},{"Worker Number": 1,"Sort Method": "quicksort","Sort Space Used": 2424,"Sort Space Type": "Memory"},{"Worker Number": 2,"Sort Method": "quicksort","Sort Space Used": 2908,"Sort Space Type": "Memory"},{"Worker Number": 3,"Sort Method": "quicksort","Sort Space Used": 2858,"Sort Space Type": "Memory"}],"Plans": [{"Node Type": "Hash Join","Parent Relationship": "Outer","Parallel Aware": true,"Async Capable": false,"Join Type": "Inner","Startup Cost": 6677.92,"Total Cost": 22224.42,"Plan Rows": 14415,"Plan Width": 40,"Actual Startup Time": 30.061,"Actual Total Time": 79.700,"Actual Rows": 23690,"Actual Loops": 5,"Inner Unique": true,"Hash Cond": "(partsupp.ps_partkey = part.p_partkey)","Workers": [],"Plans": [{"Node Type": "Index Only Scan","Parent Relationship": "Outer","Parallel Aware": true,"Async Capable": false,"Scan Direction": "Forward","Index Name": "partsupp_pkey","Relation Name": "partsupp","Alias": "partsupp","Startup Cost": 347.43,"Total Cost": 15631.43,"Plan Rows": 100000,"Plan Width": 8,"Actual Startup Time": 7.506,"Actual Total Time": 32.658,"Actual Rows": 159936,"Actual Loops": 5,"Filter": "(NOT (hashed SubPlan 1))","Rows Removed by Filter": 64,"Heap Fetches": 0,"Workers": [],"Plans": [{"Node Type": "Seq Scan","Parent Relationship": "SubPlan","Subplan Name": "SubPlan 1","Parallel Aware": false,"Async Capable": false,"Relation Name": "supplier","Alias": "supplier","Startup Cost": 0.00,"Total Cost": 347.00,"Plan Rows": 1,"Plan Width": 4,"Actual Startup Time": 0.150,"Actual Total Time": 7.336,"Actual Rows": 4,"Actual Loops": 5,"Filter": "((s_comment)::text ~~ '%Customer%Complaints%'::text)","Rows Removed by Filter": 9996,"Workers": []}]},{"Node Type": "Hash","Parent Relationship": "Inner","Parallel Aware": true,"Async Capable": false,"Startup Cost": 6180.33,"Total Cost": 6180.33,"Plan Rows": 12013,"Plan Width": 40,"Actual Startup Time": 22.274,"Actual Total Time": 22.276,"Actual Rows": 5925,"Actual Loops": 5,"Hash Buckets": 32768,"Original Hash Buckets": 32768,"Hash Batches": 1,"Original Hash Batches": 1,"Peak Memory Usage": 2560,"Workers": [],"Plans": [{"Node Type": "Seq Scan","Parent Relationship": "Outer","Parallel Aware": true,"Async Capable": false,"Relation Name": "part","Alias": "part","Startup Cost": 0.00,"Total Cost": 6180.33,"Plan Rows": 12013,"Plan Width": 40,"Actual Startup Time": 0.060,"Actual Total Time": 18.406,"Actual Rows": 5925,"Actual Loops": 5,"Filter": "((p_brand <> 'Brand#21'::bpchar) AND ((p_type)::text !~~ 'STANDARD ANODIZED%'::text) AND (p_size = ANY ('{12,44,26,46,42,36,2,19}'::integer[])))","Rows Removed by Filter": 34075,"Workers": []}]}]}]}]}]}]},"Planning Time": 4.725,"Triggers": [],"Execution Time": 241.877}]
[{"Plan": {"Node Type": "Sort","Parallel Aware": false,"Async Capable": false,"Startup Cost": 33140.86,"Total Cost": 33180.66,"Plan Rows": 15919,"Plan Width": 44,"Actual Startup Time": 251.165,"Actual Total Time": 252.924,"Actual Rows": 18294,"Actual Loops": 1,"Sort Key": ["(count(DISTINCT partsupp.ps_suppkey)) DESC", "part.p_brand", "part.p_type", "part.p_size"],"Sort Method": "quicksort","Sort Space Used": 2341,"Sort Space Type": "Memory","Plans": [{"Node Type": "Aggregate","Strategy": "Sorted","Partial Mode": "Simple","Parent Relationship": "Outer","Parallel Aware": false,"Async Capable": false,"Startup Cost": 24244.59,"Total Cost": 32029.84,"Plan Rows": 15919,"Plan Width": 44,"Actual Startup Time": 142.929,"Actual Total Time": 212.308,"Actual Rows": 18294,"Actual Loops": 1,"Group Key": ["part.p_brand", "part.p_type", "part.p_size"],"Plans": [{"Node Type": "Gather Merge","Parent Relationship": "Outer","Parallel Aware": false,"Async Capable": false,"Startup Cost": 24244.59,"Total Cost": 31282.83,"Plan Rows": 58782,"Plan Width": 40,"Actual Startup Time": 142.873,"Actual Total Time": 182.985,"Actual Rows": 118692,"Actual Loops": 1,"Workers Planned": 4,"Workers Launched": 4,"Plans": [{"Node Type": "Sort","Parent Relationship": "Outer","Parallel Aware": false,"Async Capable": false,"Startup Cost": 23244.53,"Total Cost": 23281.27,"Plan Rows": 14696,"Plan Width": 40,"Actual Startup Time": 123.023,"Actual Total Time": 125.626,"Actual Rows": 23738,"Actual Loops": 5,"Sort Key": ["part.p_brand", "part.p_type", "part.p_size"],"Sort Method": "quicksort","Sort Space Used": 2336,"Sort Space Type": "Memory","Workers": [{"Worker Number": 0,"Sort Method": "quicksort","Sort Space Used": 2817,"Sort Space Type": "Memory"},{"Worker Number": 1,"Sort Method": "quicksort","Sort Space Used": 2837,"Sort Space Type": "Memory"},{"Worker Number": 2,"Sort Method": "quicksort","Sort Space Used": 2830,"Sort Space Type": "Memory"},{"Worker Number": 3,"Sort Method": "quicksort","Sort Space Used": 2806,"Sort Space Type": "Memory"}],"Plans": [{"Node Type": "Hash Join","Parent Relationship": "Outer","Parallel Aware": true,"Async Capable": false,"Join Type": "Inner","Startup Cost": 6680.84,"Total Cost": 22227.34,"Plan Rows": 14696,"Plan Width": 40,"Actual Startup Time": 31.596,"Actual Total Time": 79.310,"Actual Rows": 23738,"Actual Loops": 5,"Inner Unique": true,"Hash Cond": "(partsupp.ps_partkey = part.p_partkey)","Workers": [],"Plans": [{"Node Type": "Index Only Scan","Parent Relationship": "Outer","Parallel Aware": true,"Async Capable": false,"Scan Direction": "Forward","Index Name": "partsupp_pkey","Relation Name": "partsupp","Alias": "partsupp","Startup Cost": 347.43,"Total Cost": 15631.43,"Plan Rows": 100000,"Plan Width": 8,"Actual Startup Time": 9.095,"Actual Total Time": 33.409,"Actual Rows": 159936,"Actual Loops": 5,"Filter": "(NOT (hashed SubPlan 1))","Rows Removed by Filter": 64,"Heap Fetches": 0,"Workers": [],"Plans": [{"Node Type": "Seq Scan","Parent Relationship": "SubPlan","Subplan Name": "SubPlan 1","Parallel Aware": false,"Async Capable": false,"Relation Name": "supplier","Alias": "supplier","Startup Cost": 0.00,"Total Cost": 347.00,"Plan Rows": 1,"Plan Width": 4,"Actual Startup Time": 0.296,"Actual Total Time": 8.961,"Actual Rows": 4,"Actual Loops": 5,"Filter": "((s_comment)::text ~~ '%Customer%Complaints%'::text)","Rows Removed by Filter": 9996,"Workers": []}]},{"Node Type": "Hash","Parent Relationship": "Inner","Parallel Aware": true,"Async Capable": false,"Startup Cost": 6180.33,"Total Cost": 6180.33,"Plan Rows": 12246,"Plan Width": 40,"Actual Startup Time": 22.229,"Actual Total Time": 22.232,"Actual Rows": 5937,"Actual Loops": 5,"Hash Buckets": 32768,"Original Hash Buckets": 32768,"Hash Batches": 1,"Original Hash Batches": 1,"Peak Memory Usage": 2528,"Workers": [],"Plans": [{"Node Type": "Seq Scan","Parent Relationship": "Outer","Parallel Aware": true,"Async Capable": false,"Relation Name": "part","Alias": "part","Startup Cost": 0.00,"Total Cost": 6180.33,"Plan Rows": 12246,"Plan Width": 40,"Actual Startup Time": 0.055,"Actual Total Time": 18.952,"Actual Rows": 5937,"Actual Loops": 5,"Filter": "((p_brand <> 'Brand#12'::bpchar) AND ((p_type)::text !~~ 'PROMO PLATED%'::text) AND (p_size = ANY ('{32,28,10,44,31,8,5,38}'::integer[])))","Rows Removed by Filter": 34063,"Workers": []}]}]}]}]}]}]},"Planning Time": 5.393,"Triggers": [],"Execution Time": 254.325}]
[{"Plan": {"Node Type": "Sort","Parallel Aware": false,"Async Capable": false,"Startup Cost": 33094.29,"Total Cost": 33134.00,"Plan Rows": 15885,"Plan Width": 44,"Actual Startup Time": 237.902,"Actual Total Time": 239.785,"Actual Rows": 18279,"Actual Loops": 1,"Sort Key": ["(count(DISTINCT partsupp.ps_suppkey)) DESC", "part.p_brand", "part.p_type", "part.p_size"],"Sort Method": "quicksort","Sort Space Used": 2339,"Sort Space Type": "Memory","Plans": [{"Node Type": "Aggregate","Strategy": "Sorted","Partial Mode": "Simple","Parent Relationship": "Outer","Parallel Aware": false,"Async Capable": false,"Startup Cost": 24238.34,"Total Cost": 31985.89,"Plan Rows": 15885,"Plan Width": 44,"Actual Startup Time": 134.062,"Actual Total Time": 199.731,"Actual Rows": 18279,"Actual Loops": 1,"Group Key": ["part.p_brand", "part.p_type", "part.p_size"],"Plans": [{"Node Type": "Gather Merge","Parent Relationship": "Outer","Parallel Aware": false,"Async Capable": false,"Startup Cost": 24238.34,"Total Cost": 31242.10,"Plan Rows": 58494,"Plan Width": 40,"Actual Startup Time": 133.977,"Actual Total Time": 172.318,"Actual Rows": 118424,"Actual Loops": 1,"Workers Planned": 4,"Workers Launched": 4,"Plans": [{"Node Type": "Sort","Parent Relationship": "Outer","Parallel Aware": false,"Async Capable": false,"Startup Cost": 23238.28,"Total Cost": 23274.84,"Plan Rows": 14624,"Plan Width": 40,"Actual Startup Time": 124.111,"Actual Total Time": 126.407,"Actual Rows": 23685,"Actual Loops": 5,"Sort Key": ["part.p_brand", "part.p_type", "part.p_size"],"Sort Method": "quicksort","Sort Space Used": 2873,"Sort Space Type": "Memory","Workers": [{"Worker Number": 0,"Sort Method": "quicksort","Sort Space Used": 2809,"Sort Space Type": "Memory"},{"Worker Number": 1,"Sort Method": "quicksort","Sort Space Used": 2545,"Sort Space Type": "Memory"},{"Worker Number": 2,"Sort Method": "quicksort","Sort Space Used": 2816,"Sort Space Type": "Memory"},{"Worker Number": 3,"Sort Method": "quicksort","Sort Space Used": 2560,"Sort Space Type": "Memory"}],"Plans": [{"Node Type": "Hash Join","Parent Relationship": "Outer","Parallel Aware": true,"Async Capable": false,"Join Type": "Inner","Startup Cost": 6680.09,"Total Cost": 22226.59,"Plan Rows": 14624,"Plan Width": 40,"Actual Startup Time": 32.131,"Actual Total Time": 82.571,"Actual Rows": 23685,"Actual Loops": 5,"Inner Unique": true,"Hash Cond": "(partsupp.ps_partkey = part.p_partkey)","Workers": [],"Plans": [{"Node Type": "Index Only Scan","Parent Relationship": "Outer","Parallel Aware": true,"Async Capable": false,"Scan Direction": "Forward","Index Name": "partsupp_pkey","Relation Name": "partsupp","Alias": "partsupp","Startup Cost": 347.43,"Total Cost": 15631.43,"Plan Rows": 100000,"Plan Width": 8,"Actual Startup Time": 7.603,"Actual Total Time": 32.609,"Actual Rows": 159936,"Actual Loops": 5,"Filter": "(NOT (hashed SubPlan 1))","Rows Removed by Filter": 64,"Heap Fetches": 0,"Workers": [],"Plans": [{"Node Type": "Seq Scan","Parent Relationship": "SubPlan","Subplan Name": "SubPlan 1","Parallel Aware": false,"Async Capable": false,"Relation Name": "supplier","Alias": "supplier","Startup Cost": 0.00,"Total Cost": 347.00,"Plan Rows": 1,"Plan Width": 4,"Actual Startup Time": 0.122,"Actual Total Time": 7.459,"Actual Rows": 4,"Actual Loops": 5,"Filter": "((s_comment)::text ~~ '%Customer%Complaints%'::text)","Rows Removed by Filter": 9996,"Workers": []}]},{"Node Type": "Hash","Parent Relationship": "Inner","Parallel Aware": true,"Async Capable": false,"Startup Cost": 6180.33,"Total Cost": 6180.33,"Plan Rows": 12186,"Plan Width": 40,"Actual Startup Time": 24.287,"Actual Total Time": 24.289,"Actual Rows": 5924,"Actual Loops": 5,"Hash Buckets": 32768,"Original Hash Buckets": 32768,"Hash Batches": 1,"Original Hash Batches": 1,"Peak Memory Usage": 2560,"Workers": [],"Plans": [{"Node Type": "Seq Scan","Parent Relationship": "Outer","Parallel Aware": true,"Async Capable": false,"Relation Name": "part","Alias": "part","Startup Cost": 0.00,"Total Cost": 6180.33,"Plan Rows": 12186,"Plan Width": 40,"Actual Startup Time": 0.060,"Actual Total Time": 20.445,"Actual Rows": 5924,"Actual Loops": 5,"Filter": "((p_brand <> 'Brand#33'::bpchar) AND ((p_type)::text !~~ 'SMALL PLATED%'::text) AND (p_size = ANY ('{36,3,44,23,11,15,10,26}'::integer[])))","Rows Removed by Filter": 34076,"Workers": []}]}]}]}]}]}]},"Planning Time": 4.228,"Triggers": [],"Execution Time": 240.752}]
[{"Plan": {"Node Type": "Sort","Parallel Aware": false,"Async Capable": false,"Startup Cost": 33372.53,"Total Cost": 33412.74,"Plan Rows": 16087,"Plan Width": 44,"Actual Startup Time": 233.176,"Actual Total Time": 234.963,"Actual Rows": 18257,"Actual Loops": 1,"Sort Key": ["(count(DISTINCT partsupp.ps_suppkey)) DESC", "part.p_brand", "part.p_type", "part.p_size"],"Sort Method": "quicksort","Sort Space Used": 2336,"Sort Space Type": "Memory","Plans": [{"Node Type": "Aggregate","Strategy": "Sorted","Partial Mode": "Simple","Parent Relationship": "Outer","Parallel Aware": false,"Async Capable": false,"Startup Cost": 24275.72,"Total Cost": 32248.56,"Plan Rows": 16087,"Plan Width": 44,"Actual Startup Time": 130.415,"Actual Total Time": 196.525,"Actual Rows": 18257,"Actual Loops": 1,"Group Key": ["part.p_brand", "part.p_type", "part.p_size"],"Plans": [{"Node Type": "Gather Merge","Parent Relationship": "Outer","Parallel Aware": false,"Async Capable": false,"Startup Cost": 24275.72,"Total Cost": 31485.54,"Plan Rows": 60215,"Plan Width": 40,"Actual Startup Time": 130.345,"Actual Total Time": 169.008,"Actual Rows": 118907,"Actual Loops": 1,"Workers Planned": 4,"Workers Launched": 4,"Plans": [{"Node Type": "Sort","Parent Relationship": "Outer","Parallel Aware": false,"Async Capable": false,"Startup Cost": 23275.66,"Total Cost": 23313.29,"Plan Rows": 15054,"Plan Width": 40,"Actual Startup Time": 121.850,"Actual Total Time": 124.392,"Actual Rows": 23781,"Actual Loops": 5,"Sort Key": ["part.p_brand", "part.p_type", "part.p_size"],"Sort Method": "quicksort","Sort Space Used": 2682,"Sort Space Type": "Memory","Workers": [{"Worker Number": 0,"Sort Method": "quicksort","Sort Space Used": 2709,"Sort Space Type": "Memory"},{"Worker Number": 1,"Sort Method": "quicksort","Sort Space Used": 2739,"Sort Space Type": "Memory"},{"Worker Number": 2,"Sort Method": "quicksort","Sort Space Used": 2739,"Sort Space Type": "Memory"},{"Worker Number": 3,"Sort Method": "quicksort","Sort Space Used": 2748,"Sort Space Type": "Memory"}],"Plans": [{"Node Type": "Hash Join","Parent Relationship": "Outer","Parallel Aware": true,"Async Capable": false,"Join Type": "Inner","Startup Cost": 6684.57,"Total Cost": 22231.07,"Plan Rows": 15054,"Plan Width": 40,"Actual Startup Time": 29.612,"Actual Total Time": 80.090,"Actual Rows": 23781,"Actual Loops": 5,"Inner Unique": true,"Hash Cond": "(partsupp.ps_partkey = part.p_partkey)","Workers": [],"Plans": [{"Node Type": "Index Only Scan","Parent Relationship": "Outer","Parallel Aware": true,"Async Capable": false,"Scan Direction": "Forward","Index Name": "partsupp_pkey","Relation Name": "partsupp","Alias": "partsupp","Startup Cost": 347.43,"Total Cost": 15631.43,"Plan Rows": 100000,"Plan Width": 8,"Actual Startup Time": 6.677,"Actual Total Time": 31.715,"Actual Rows": 159936,"Actual Loops": 5,"Filter": "(NOT (hashed SubPlan 1))","Rows Removed by Filter": 64,"Heap Fetches": 0,"Workers": [],"Plans": [{"Node Type": "Seq Scan","Parent Relationship": "SubPlan","Subplan Name": "SubPlan 1","Parallel Aware": false,"Async Capable": false,"Relation Name": "supplier","Alias": "supplier","Startup Cost": 0.00,"Total Cost": 347.00,"Plan Rows": 1,"Plan Width": 4,"Actual Startup Time": 0.198,"Actual Total Time": 6.531,"Actual Rows": 4,"Actual Loops": 5,"Filter": "((s_comment)::text ~~ '%Customer%Complaints%'::text)","Rows Removed by Filter": 9996,"Workers": []}]},{"Node Type": "Hash","Parent Relationship": "Inner","Parallel Aware": true,"Async Capable": false,"Startup Cost": 6180.33,"Total Cost": 6180.33,"Plan Rows": 12545,"Plan Width": 40,"Actual Startup Time": 22.649,"Actual Total Time": 22.651,"Actual Rows": 5948,"Actual Loops": 5,"Hash Buckets": 32768,"Original Hash Buckets": 32768,"Hash Batches": 1,"Original Hash Batches": 1,"Peak Memory Usage": 2560,"Workers": [],"Plans": [{"Node Type": "Seq Scan","Parent Relationship": "Outer","Parallel Aware": true,"Async Capable": false,"Relation Name": "part","Alias": "part","Startup Cost": 0.00,"Total Cost": 6180.33,"Plan Rows": 12545,"Plan Width": 40,"Actual Startup Time": 0.068,"Actual Total Time": 18.714,"Actual Rows": 5948,"Actual Loops": 5,"Filter": "((p_brand <> 'Brand#51'::bpchar) AND ((p_type)::text !~~ 'ECONOMY POLISHED%'::text) AND (p_size = ANY ('{22,43,20,50,10,9,35,49}'::integer[])))","Rows Removed by Filter": 34052,"Workers": []}]}]}]}]}]}]},"Planning Time": 3.992,"Triggers": [],"Execution Time": 235.874}]
[{"Plan": {"Node Type": "Sort","Parallel Aware": false,"Async Capable": false,"Startup Cost": 32909.30,"Total Cost": 32948.66,"Plan Rows": 15745,"Plan Width": 44,"Actual Startup Time": 237.657,"Actual Total Time": 239.211,"Actual Rows": 18269,"Actual Loops": 1,"Sort Key": ["(count(DISTINCT partsupp.ps_suppkey)) DESC", "part.p_brand", "part.p_type", "part.p_size"],"Sort Method": "quicksort","Sort Space Used": 2338,"Sort Space Type": "Memory","Plans": [{"Node Type": "Aggregate","Strategy": "Sorted","Partial Mode": "Simple","Parent Relationship": "Outer","Parallel Aware": false,"Async Capable": false,"Startup Cost": 24213.55,"Total Cost": 31811.67,"Plan Rows": 15745,"Plan Width": 44,"Actual Startup Time": 134.062,"Actual Total Time": 199.691,"Actual Rows": 18269,"Actual Loops": 1,"Group Key": ["part.p_brand", "part.p_type", "part.p_size"],"Plans": [{"Node Type": "Gather Merge","Parent Relationship": "Outer","Parallel Aware": false,"Async Capable": false,"Startup Cost": 24213.55,"Total Cost": 31080.69,"Plan Rows": 57353,"Plan Width": 40,"Actual Startup Time": 134.006,"Actual Total Time": 172.220,"Actual Rows": 118037,"Actual Loops": 1,"Workers Planned": 4,"Workers Launched": 4,"Plans": [{"Node Type": "Sort","Parent Relationship": "Outer","Parallel Aware": false,"Async Capable": false,"Startup Cost": 23213.49,"Total Cost": 23249.33,"Plan Rows": 14338,"Plan Width": 40,"Actual Startup Time": 122.935,"Actual Total Time": 125.444,"Actual Rows": 23607,"Actual Loops": 5,"Sort Key": ["part.p_brand", "part.p_type", "part.p_size"],"Sort Method": "quicksort","Sort Space Used": 2478,"Sort Space Type": "Memory","Workers": [{"Worker Number": 0,"Sort Method": "quicksort","Sort Space Used": 2847,"Sort Space Type": "Memory"},{"Worker Number": 1,"Sort Method": "quicksort","Sort Space Used": 2428,"Sort Space Type": "Memory"},{"Worker Number": 2,"Sort Method": "quicksort","Sort Space Used": 2911,"Sort Space Type": "Memory"},{"Worker Number": 3,"Sort Method": "quicksort","Sort Space Used": 2886,"Sort Space Type": "Memory"}],"Plans": [{"Node Type": "Hash Join","Parent Relationship": "Outer","Parallel Aware": true,"Async Capable": false,"Join Type": "Inner","Startup Cost": 6677.12,"Total Cost": 22223.62,"Plan Rows": 14338,"Plan Width": 40,"Actual Startup Time": 32.319,"Actual Total Time": 81.656,"Actual Rows": 23607,"Actual Loops": 5,"Inner Unique": true,"Hash Cond": "(partsupp.ps_partkey = part.p_partkey)","Workers": [],"Plans": [{"Node Type": "Index Only Scan","Parent Relationship": "Outer","Parallel Aware": true,"Async Capable": false,"Scan Direction": "Forward","Index Name": "partsupp_pkey","Relation Name": "partsupp","Alias": "partsupp","Startup Cost": 347.43,"Total Cost": 15631.43,"Plan Rows": 100000,"Plan Width": 8,"Actual Startup Time": 7.511,"Actual Total Time": 32.538,"Actual Rows": 159936,"Actual Loops": 5,"Filter": "(NOT (hashed SubPlan 1))","Rows Removed by Filter": 64,"Heap Fetches": 0,"Workers": [],"Plans": [{"Node Type": "Seq Scan","Parent Relationship": "SubPlan","Subplan Name": "SubPlan 1","Parallel Aware": false,"Async Capable": false,"Relation Name": "supplier","Alias": "supplier","Startup Cost": 0.00,"Total Cost": 347.00,"Plan Rows": 1,"Plan Width": 4,"Actual Startup Time": 0.195,"Actual Total Time": 7.366,"Actual Rows": 4,"Actual Loops": 5,"Filter": "((s_comment)::text ~~ '%Customer%Complaints%'::text)","Rows Removed by Filter": 9996,"Workers": []}]},{"Node Type": "Hash","Parent Relationship": "Inner","Parallel Aware": true,"Async Capable": false,"Startup Cost": 6180.33,"Total Cost": 6180.33,"Plan Rows": 11949,"Plan Width": 40,"Actual Startup Time": 24.551,"Actual Total Time": 24.554,"Actual Rows": 5904,"Actual Loops": 5,"Hash Buckets": 32768,"Original Hash Buckets": 32768,"Hash Batches": 1,"Original Hash Batches": 1,"Peak Memory Usage": 2528,"Workers": [],"Plans": [{"Node Type": "Seq Scan","Parent Relationship": "Outer","Parallel Aware": true,"Async Capable": false,"Relation Name": "part","Alias": "part","Startup Cost": 0.00,"Total Cost": 6180.33,"Plan Rows": 11949,"Plan Width": 40,"Actual Startup Time": 0.053,"Actual Total Time": 20.586,"Actual Rows": 5904,"Actual Loops": 5,"Filter": "((p_brand <> 'Brand#52'::bpchar) AND ((p_type)::text !~~ 'STANDARD BRUSHED%'::text) AND (p_size = ANY ('{39,47,48,19,12,36,42,40}'::integer[])))","Rows Removed by Filter": 34096,"Workers": []}]}]}]}]}]}]},"Planning Time": 5.026,"Triggers": [],"Execution Time": 240.124}]
[{"Plan": {"Node Type": "Sort","Parallel Aware": false,"Async Capable": false,"Startup Cost": 33347.68,"Total Cost": 33387.85,"Plan Rows": 16070,"Plan Width": 44,"Actual Startup Time": 243.585,"Actual Total Time": 245.342,"Actual Rows": 18318,"Actual Loops": 1,"Sort Key": ["(count(DISTINCT partsupp.ps_suppkey)) DESC", "part.p_brand", "part.p_type", "part.p_size"],"Sort Method": "quicksort","Sort Space Used": 2343,"Sort Space Type": "Memory","Plans": [{"Node Type": "Aggregate","Strategy": "Sorted","Partial Mode": "Simple","Parent Relationship": "Outer","Parallel Aware": false,"Async Capable": false,"Startup Cost": 24272.33,"Total Cost": 32225.02,"Plan Rows": 16070,"Plan Width": 44,"Actual Startup Time": 134.056,"Actual Total Time": 204.068,"Actual Rows": 18318,"Actual Loops": 1,"Group Key": ["part.p_brand", "part.p_type", "part.p_size"],"Plans": [{"Node Type": "Gather Merge","Parent Relationship": "Outer","Parallel Aware": false,"Async Capable": false,"Startup Cost": 24272.33,"Total Cost": 31463.71,"Plan Rows": 60061,"Plan Width": 40,"Actual Startup Time": 133.984,"Actual Total Time": 174.669,"Actual Rows": 118995,"Actual Loops": 1,"Workers Planned": 4,"Workers Launched": 4,"Plans": [{"Node Type": "Sort","Parent Relationship": "Outer","Parallel Aware": false,"Async Capable": false,"Startup Cost": 23272.27,"Total Cost": 23309.81,"Plan Rows": 15015,"Plan Width": 40,"Actual Startup Time": 122.876,"Actual Total Time": 125.650,"Actual Rows": 23799,"Actual Loops": 5,"Sort Key": ["part.p_brand", "part.p_type", "part.p_size"],"Sort Method": "quicksort","Sort Space Used": 2461,"Sort Space Type": "Memory","Workers": [{"Worker Number": 0,"Sort Method": "quicksort","Sort Space Used": 2886,"Sort Space Type": "Memory"},{"Worker Number": 1,"Sort Method": "quicksort","Sort Space Used": 2857,"Sort Space Type": "Memory"},{"Worker Number": 2,"Sort Method": "quicksort","Sort Space Used": 2549,"Sort Space Type": "Memory"},{"Worker Number": 3,"Sort Method": "quicksort","Sort Space Used": 2898,"Sort Space Type": "Memory"}],"Plans": [{"Node Type": "Hash Join","Parent Relationship": "Outer","Parallel Aware": true,"Async Capable": false,"Join Type": "Inner","Startup Cost": 6684.17,"Total Cost": 22230.67,"Plan Rows": 15015,"Plan Width": 40,"Actual Startup Time": 30.002,"Actual Total Time": 80.815,"Actual Rows": 23799,"Actual Loops": 5,"Inner Unique": true,"Hash Cond": "(partsupp.ps_partkey = part.p_partkey)","Workers": [],"Plans": [{"Node Type": "Index Only Scan","Parent Relationship": "Outer","Parallel Aware": true,"Async Capable": false,"Scan Direction": "Forward","Index Name": "partsupp_pkey","Relation Name": "partsupp","Alias": "partsupp","Startup Cost": 347.43,"Total Cost": 15631.43,"Plan Rows": 100000,"Plan Width": 8,"Actual Startup Time": 7.784,"Actual Total Time": 34.117,"Actual Rows": 159936,"Actual Loops": 5,"Filter": "(NOT (hashed SubPlan 1))","Rows Removed by Filter": 64,"Heap Fetches": 0,"Workers": [],"Plans": [{"Node Type": "Seq Scan","Parent Relationship": "SubPlan","Subplan Name": "SubPlan 1","Parallel Aware": false,"Async Capable": false,"Relation Name": "supplier","Alias": "supplier","Startup Cost": 0.00,"Total Cost": 347.00,"Plan Rows": 1,"Plan Width": 4,"Actual Startup Time": 0.146,"Actual Total Time": 7.627,"Actual Rows": 4,"Actual Loops": 5,"Filter": "((s_comment)::text ~~ '%Customer%Complaints%'::text)","Rows Removed by Filter": 9996,"Workers": []}]},{"Node Type": "Hash","Parent Relationship": "Inner","Parallel Aware": true,"Async Capable": false,"Startup Cost": 6180.33,"Total Cost": 6180.33,"Plan Rows": 12513,"Plan Width": 40,"Actual Startup Time": 21.922,"Actual Total Time": 21.927,"Actual Rows": 5952,"Actual Loops": 5,"Hash Buckets": 32768,"Original Hash Buckets": 32768,"Hash Batches": 1,"Original Hash Batches": 1,"Peak Memory Usage": 2560,"Workers": [],"Plans": [{"Node Type": "Seq Scan","Parent Relationship": "Outer","Parallel Aware": true,"Async Capable": false,"Relation Name": "part","Alias": "part","Startup Cost": 0.00,"Total Cost": 6180.33,"Plan Rows": 12513,"Plan Width": 40,"Actual Startup Time": 0.067,"Actual Total Time": 18.215,"Actual Rows": 5952,"Actual Loops": 5,"Filter": "((p_brand <> 'Brand#23'::bpchar) AND ((p_type)::text !~~ 'LARGE PLATED%'::text) AND (p_size = ANY ('{45,4,41,24,1,7,49,21}'::integer[])))","Rows Removed by Filter": 34048,"Workers": []}]}]}]}]}]}]},"Planning Time": 4.257,"Triggers": [],"Execution Time": 246.303}]
[{"Plan": {"Node Type": "Sort","Parallel Aware": false,"Async Capable": false,"Startup Cost": 33241.00,"Total Cost": 33280.98,"Plan Rows": 15993,"Plan Width": 44,"Actual Startup Time": 233.457,"Actual Total Time": 235.385,"Actual Rows": 18403,"Actual Loops": 1,"Sort Key": ["(count(DISTINCT partsupp.ps_suppkey)) DESC", "part.p_brand", "part.p_type", "part.p_size"],"Sort Method": "quicksort","Sort Space Used": 2349,"Sort Space Type": "Memory","Plans": [{"Node Type": "Aggregate","Strategy": "Sorted","Partial Mode": "Simple","Parent Relationship": "Outer","Parallel Aware": false,"Async Capable": false,"Startup Cost": 24257.98,"Total Cost": 32124.27,"Plan Rows": 15993,"Plan Width": 44,"Actual Startup Time": 130.529,"Actual Total Time": 196.454,"Actual Rows": 18403,"Actual Loops": 1,"Group Key": ["part.p_brand", "part.p_type", "part.p_size"],"Plans": [{"Node Type": "Gather Merge","Parent Relationship": "Outer","Parallel Aware": false,"Async Capable": false,"Startup Cost": 24257.98,"Total Cost": 31370.33,"Plan Rows": 59401,"Plan Width": 40,"Actual Startup Time": 130.463,"Actual Total Time": 168.973,"Actual Rows": 118905,"Actual Loops": 1,"Workers Planned": 4,"Workers Launched": 4,"Plans": [{"Node Type": "Sort","Parent Relationship": "Outer","Parallel Aware": false,"Async Capable": false,"Startup Cost": 23257.92,"Total Cost": 23295.04,"Plan Rows": 14850,"Plan Width": 40,"Actual Startup Time": 121.090,"Actual Total Time": 123.617,"Actual Rows": 23781,"Actual Loops": 5,"Sort Key": ["part.p_brand", "part.p_type", "part.p_size"],"Sort Method": "quicksort","Sort Space Used": 2639,"Sort Space Type": "Memory","Workers": [{"Worker Number": 0,"Sort Method": "quicksort","Sort Space Used": 2675,"Sort Space Type": "Memory"},{"Worker Number": 1,"Sort Method": "quicksort","Sort Space Used": 2763,"Sort Space Type": "Memory"},{"Worker Number": 2,"Sort Method": "quicksort","Sort Space Used": 2783,"Sort Space Type": "Memory"},{"Worker Number": 3,"Sort Method": "quicksort","Sort Space Used": 2761,"Sort Space Type": "Memory"}],"Plans": [{"Node Type": "Hash Join","Parent Relationship": "Outer","Parallel Aware": true,"Async Capable": false,"Join Type": "Inner","Startup Cost": 6682.45,"Total Cost": 22228.95,"Plan Rows": 14850,"Plan Width": 40,"Actual Startup Time": 29.298,"Actual Total Time": 79.216,"Actual Rows": 23781,"Actual Loops": 5,"Inner Unique": true,"Hash Cond": "(partsupp.ps_partkey = part.p_partkey)","Workers": [],"Plans": [{"Node Type": "Index Only Scan","Parent Relationship": "Outer","Parallel Aware": true,"Async Capable": false,"Scan Direction": "Forward","Index Name": "partsupp_pkey","Relation Name": "partsupp","Alias": "partsupp","Startup Cost": 347.43,"Total Cost": 15631.43,"Plan Rows": 100000,"Plan Width": 8,"Actual Startup Time": 7.121,"Actual Total Time": 31.939,"Actual Rows": 159936,"Actual Loops": 5,"Filter": "(NOT (hashed SubPlan 1))","Rows Removed by Filter": 64,"Heap Fetches": 0,"Workers": [],"Plans": [{"Node Type": "Seq Scan","Parent Relationship": "SubPlan","Subplan Name": "SubPlan 1","Parallel Aware": false,"Async Capable": false,"Relation Name": "supplier","Alias": "supplier","Startup Cost": 0.00,"Total Cost": 347.00,"Plan Rows": 1,"Plan Width": 4,"Actual Startup Time": 0.137,"Actual Total Time": 6.982,"Actual Rows": 4,"Actual Loops": 5,"Filter": "((s_comment)::text ~~ '%Customer%Complaints%'::text)","Rows Removed by Filter": 9996,"Workers": []}]},{"Node Type": "Hash","Parent Relationship": "Inner","Parallel Aware": true,"Async Capable": false,"Startup Cost": 6180.33,"Total Cost": 6180.33,"Plan Rows": 12375,"Plan Width": 40,"Actual Startup Time": 21.926,"Actual Total Time": 21.930,"Actual Rows": 5948,"Actual Loops": 5,"Hash Buckets": 32768,"Original Hash Buckets": 32768,"Hash Batches": 1,"Original Hash Batches": 1,"Peak Memory Usage": 2528,"Workers": [],"Plans": [{"Node Type": "Seq Scan","Parent Relationship": "Outer","Parallel Aware": true,"Async Capable": false,"Relation Name": "part","Alias": "part","Startup Cost": 0.00,"Total Cost": 6180.33,"Plan Rows": 12375,"Plan Width": 40,"Actual Startup Time": 0.055,"Actual Total Time": 18.424,"Actual Rows": 5948,"Actual Loops": 5,"Filter": "((p_brand <> 'Brand#24'::bpchar) AND ((p_type)::text !~~ 'LARGE BURNISHED%'::text) AND (p_size = ANY ('{14,11,5,15,17,32,24,25}'::integer[])))","Rows Removed by Filter": 34052,"Workers": []}]}]}]}]}]}]},"Planning Time": 4.037,"Triggers": [],"Execution Time": 236.686}]
[{"Plan": {"Node Type": "Sort","Parallel Aware": false,"Async Capable": false,"Startup Cost": 32922.14,"Total Cost": 32961.53,"Plan Rows": 15755,"Plan Width": 44,"Actual Startup Time": 235.419,"Actual Total Time": 237.359,"Actual Rows": 18230,"Actual Loops": 1,"Sort Key": ["(count(DISTINCT partsupp.ps_suppkey)) DESC", "part.p_brand", "part.p_type", "part.p_size"],"Sort Method": "quicksort","Sort Space Used": 2334,"Sort Space Type": "Memory","Plans": [{"Node Type": "Aggregate","Strategy": "Sorted","Partial Mode": "Simple","Parent Relationship": "Outer","Parallel Aware": false,"Async Capable": false,"Startup Cost": 24215.27,"Total Cost": 31823.74,"Plan Rows": 15755,"Plan Width": 44,"Actual Startup Time": 130.608,"Actual Total Time": 196.749,"Actual Rows": 18230,"Actual Loops": 1,"Group Key": ["part.p_brand", "part.p_type", "part.p_size"],"Plans": [{"Node Type": "Gather Merge","Parent Relationship": "Outer","Parallel Aware": false,"Async Capable": false,"Startup Cost": 24215.27,"Total Cost": 31091.87,"Plan Rows": 57432,"Plan Width": 40,"Actual Startup Time": 130.552,"Actual Total Time": 169.359,"Actual Rows": 118337,"Actual Loops": 1,"Workers Planned": 4,"Workers Launched": 4,"Plans": [{"Node Type": "Sort","Parent Relationship": "Outer","Parallel Aware": false,"Async Capable": false,"Startup Cost": 23215.21,"Total Cost": 23251.11,"Plan Rows": 14358,"Plan Width": 40,"Actual Startup Time": 122.432,"Actual Total Time": 124.949,"Actual Rows": 23667,"Actual Loops": 5,"Sort Key": ["part.p_brand", "part.p_type", "part.p_size"],"Sort Method": "quicksort","Sort Space Used": 2682,"Sort Space Type": "Memory","Workers": [{"Worker Number": 0,"Sort Method": "quicksort","Sort Space Used": 2719,"Sort Space Type": "Memory"},{"Worker Number": 1,"Sort Method": "quicksort","Sort Space Used": 2710,"Sort Space Type": "Memory"},{"Worker Number": 2,"Sort Method": "quicksort","Sort Space Used": 2740,"Sort Space Type": "Memory"},{"Worker Number": 3,"Sort Method": "quicksort","Sort Space Used": 2736,"Sort Space Type": "Memory"}],"Plans": [{"Node Type": "Hash Join","Parent Relationship": "Outer","Parallel Aware": true,"Async Capable": false,"Join Type": "Inner","Startup Cost": 6677.32,"Total Cost": 22223.82,"Plan Rows": 14358,"Plan Width": 40,"Actual Startup Time": 30.494,"Actual Total Time": 80.883,"Actual Rows": 23667,"Actual Loops": 5,"Inner Unique": true,"Hash Cond": "(partsupp.ps_partkey = part.p_partkey)","Workers": [],"Plans": [{"Node Type": "Index Only Scan","Parent Relationship": "Outer","Parallel Aware": true,"Async Capable": false,"Scan Direction": "Forward","Index Name": "partsupp_pkey","Relation Name": "partsupp","Alias": "partsupp","Startup Cost": 347.43,"Total Cost": 15631.43,"Plan Rows": 100000,"Plan Width": 8,"Actual Startup Time": 7.297,"Actual Total Time": 32.215,"Actual Rows": 159936,"Actual Loops": 5,"Filter": "(NOT (hashed SubPlan 1))","Rows Removed by Filter": 64,"Heap Fetches": 0,"Workers": [],"Plans": [{"Node Type": "Seq Scan","Parent Relationship": "SubPlan","Subplan Name": "SubPlan 1","Parallel Aware": false,"Async Capable": false,"Relation Name": "supplier","Alias": "supplier","Startup Cost": 0.00,"Total Cost": 347.00,"Plan Rows": 1,"Plan Width": 4,"Actual Startup Time": 0.207,"Actual Total Time": 7.194,"Actual Rows": 4,"Actual Loops": 5,"Filter": "((s_comment)::text ~~ '%Customer%Complaints%'::text)","Rows Removed by Filter": 9996,"Workers": []}]},{"Node Type": "Hash","Parent Relationship": "Inner","Parallel Aware": true,"Async Capable": false,"Startup Cost": 6180.33,"Total Cost": 6180.33,"Plan Rows": 11965,"Plan Width": 40,"Actual Startup Time": 22.919,"Actual Total Time": 22.923,"Actual Rows": 5919,"Actual Loops": 5,"Hash Buckets": 32768,"Original Hash Buckets": 32768,"Hash Batches": 1,"Original Hash Batches": 1,"Peak Memory Usage": 2560,"Workers": [],"Plans": [{"Node Type": "Seq Scan","Parent Relationship": "Outer","Parallel Aware": true,"Async Capable": false,"Relation Name": "part","Alias": "part","Startup Cost": 0.00,"Total Cost": 6180.33,"Plan Rows": 11965,"Plan Width": 40,"Actual Startup Time": 0.062,"Actual Total Time": 18.881,"Actual Rows": 5919,"Actual Loops": 5,"Filter": "((p_brand <> 'Brand#55'::bpchar) AND ((p_type)::text !~~ 'LARGE POLISHED%'::text) AND (p_size = ANY ('{11,36,27,8,9,41,23,5}'::integer[])))","Rows Removed by Filter": 34081,"Workers": []}]}]}]}]}]}]},"Planning Time": 3.828,"Triggers": [],"Execution Time": 238.263}]
[{"Plan": {"Node Type": "Sort","Parallel Aware": false,"Async Capable": false,"Startup Cost": 33489.44,"Total Cost": 33529.87,"Plan Rows": 16170,"Plan Width": 44,"Actual Startup Time": 239.102,"Actual Total Time": 241.248,"Actual Rows": 18329,"Actual Loops": 1,"Sort Key": ["(count(DISTINCT partsupp.ps_suppkey)) DESC", "part.p_brand", "part.p_type", "part.p_size"],"Sort Method": "quicksort","Sort Space Used": 2344,"Sort Space Type": "Memory","Plans": [{"Node Type": "Aggregate","Strategy": "Sorted","Partial Mode": "Simple","Parent Relationship": "Outer","Parallel Aware": false,"Async Capable": false,"Startup Cost": 24291.48,"Total Cost": 32359.08,"Plan Rows": 16170,"Plan Width": 44,"Actual Startup Time": 134.097,"Actual Total Time": 201.383,"Actual Rows": 18329,"Actual Loops": 1,"Group Key": ["part.p_brand", "part.p_type", "part.p_size"],"Plans": [{"Node Type": "Gather Merge","Parent Relationship": "Outer","Parallel Aware": false,"Async Capable": false,"Startup Cost": 24291.48,"Total Cost": 31587.99,"Plan Rows": 60939,"Plan Width": 40,"Actual Startup Time": 134.007,"Actual Total Time": 173.876,"Actual Rows": 120218,"Actual Loops": 1,"Workers Planned": 4,"Workers Launched": 4,"Plans": [{"Node Type": "Sort","Parent Relationship": "Outer","Parallel Aware": false,"Async Capable": false,"Startup Cost": 23291.42,"Total Cost": 23329.51,"Plan Rows": 15235,"Plan Width": 40,"Actual Startup Time": 122.332,"Actual Total Time": 125.037,"Actual Rows": 24044,"Actual Loops": 5,"Sort Key": ["part.p_brand", "part.p_type", "part.p_size"],"Sort Method": "quicksort","Sort Space Used": 2482,"Sort Space Type": "Memory","Workers": [{"Worker Number": 0,"Sort Method": "quicksort","Sort Space Used": 2956,"Sort Space Type": "Memory"},{"Worker Number": 1,"Sort Method": "quicksort","Sort Space Used": 2937,"Sort Space Type": "Memory"},{"Worker Number": 2,"Sort Method": "quicksort","Sort Space Used": 2435,"Sort Space Type": "Memory"},{"Worker Number": 3,"Sort Method": "quicksort","Sort Space Used": 2941,"Sort Space Type": "Memory"}],"Plans": [{"Node Type": "Hash Join","Parent Relationship": "Outer","Parallel Aware": true,"Async Capable": false,"Join Type": "Inner","Startup Cost": 6686.46,"Total Cost": 22232.96,"Plan Rows": 15235,"Plan Width": 40,"Actual Startup Time": 29.763,"Actual Total Time": 80.065,"Actual Rows": 24044,"Actual Loops": 5,"Inner Unique": true,"Hash Cond": "(partsupp.ps_partkey = part.p_partkey)","Workers": [],"Plans": [{"Node Type": "Index Only Scan","Parent Relationship": "Outer","Parallel Aware": true,"Async Capable": false,"Scan Direction": "Forward","Index Name": "partsupp_pkey","Relation Name": "partsupp","Alias": "partsupp","Startup Cost": 347.43,"Total Cost": 15631.43,"Plan Rows": 100000,"Plan Width": 8,"Actual Startup Time": 7.347,"Actual Total Time": 32.496,"Actual Rows": 159936,"Actual Loops": 5,"Filter": "(NOT (hashed SubPlan 1))","Rows Removed by Filter": 64,"Heap Fetches": 0,"Workers": [],"Plans": [{"Node Type": "Seq Scan","Parent Relationship": "SubPlan","Subplan Name": "SubPlan 1","Parallel Aware": false,"Async Capable": false,"Relation Name": "supplier","Alias": "supplier","Startup Cost": 0.00,"Total Cost": 347.00,"Plan Rows": 1,"Plan Width": 4,"Actual Startup Time": 0.139,"Actual Total Time": 7.185,"Actual Rows": 4,"Actual Loops": 5,"Filter": "((s_comment)::text ~~ '%Customer%Complaints%'::text)","Rows Removed by Filter": 9996,"Workers": []}]},{"Node Type": "Hash","Parent Relationship": "Inner","Parallel Aware": true,"Async Capable": false,"Startup Cost": 6180.33,"Total Cost": 6180.33,"Plan Rows": 12696,"Plan Width": 40,"Actual Startup Time": 22.140,"Actual Total Time": 22.144,"Actual Rows": 6014,"Actual Loops": 5,"Hash Buckets": 32768,"Original Hash Buckets": 32768,"Hash Batches": 1,"Original Hash Batches": 1,"Peak Memory Usage": 2592,"Workers": [],"Plans": [{"Node Type": "Seq Scan","Parent Relationship": "Outer","Parallel Aware": true,"Async Capable": false,"Relation Name": "part","Alias": "part","Startup Cost": 0.00,"Total Cost": 6180.33,"Plan Rows": 12696,"Plan Width": 40,"Actual Startup Time": 0.048,"Actual Total Time": 18.722,"Actual Rows": 6014,"Actual Loops": 5,"Filter": "((p_brand <> 'Brand#25'::bpchar) AND ((p_type)::text !~~ 'LARGE PLATED%'::text) AND (p_size = ANY ('{14,25,42,10,18,28,48,41}'::integer[])))","Rows Removed by Filter": 33986,"Workers": []}]}]}]}]}]}]},"Planning Time": 5.255,"Triggers": [],"Execution Time": 242.444}]
[{"Plan": {"Node Type": "Sort","Parallel Aware": false,"Async Capable": false,"Startup Cost": 33161.90,"Total Cost": 33201.74,"Plan Rows": 15935,"Plan Width": 44,"Actual Startup Time": 245.961,"Actual Total Time": 247.723,"Actual Rows": 18320,"Actual Loops": 1,"Sort Key": ["(count(DISTINCT partsupp.ps_suppkey)) DESC", "part.p_brand", "part.p_type", "part.p_size"],"Sort Method": "quicksort","Sort Space Used": 2342,"Sort Space Type": "Memory","Plans": [{"Node Type": "Aggregate","Strategy": "Sorted","Partial Mode": "Simple","Parent Relationship": "Outer","Parallel Aware": false,"Async Capable": false,"Startup Cost": 24247.37,"Total Cost": 32049.65,"Plan Rows": 15935,"Plan Width": 44,"Actual Startup Time": 139.946,"Actual Total Time": 207.350,"Actual Rows": 18320,"Actual Loops": 1,"Group Key": ["part.p_brand", "part.p_type", "part.p_size"],"Plans": [{"Node Type": "Gather Merge","Parent Relationship": "Outer","Parallel Aware": false,"Async Capable": false,"Startup Cost": 24247.37,"Total Cost": 31301.18,"Plan Rows": 58912,"Plan Width": 40,"Actual Startup Time": 139.899,"Actual Total Time": 178.957,"Actual Rows": 118139,"Actual Loops": 1,"Workers Planned": 4,"Workers Launched": 4,"Plans": [{"Node Type": "Sort","Parent Relationship": "Outer","Parallel Aware": false,"Async Capable": false,"Startup Cost": 23247.31,"Total Cost": 23284.13,"Plan Rows": 14728,"Plan Width": 40,"Actual Startup Time": 121.619,"Actual Total Time": 124.170,"Actual Rows": 23628,"Actual Loops": 5,"Sort Key": ["part.p_brand", "part.p_type", "part.p_size"],"Sort Method": "quicksort","Sort Space Used": 2412,"Sort Space Type": "Memory","Workers": [{"Worker Number": 0,"Sort Method": "quicksort","Sort Space Used": 2796,"Sort Space Type": "Memory"},{"Worker Number": 1,"Sort Method": "quicksort","Sort Space Used": 2800,"Sort Space Type": "Memory"},{"Worker Number": 2,"Sort Method": "quicksort","Sort Space Used": 2774,"Sort Space Type": "Memory"},{"Worker Number": 3,"Sort Method": "quicksort","Sort Space Used": 2776,"Sort Space Type": "Memory"}],"Plans": [{"Node Type": "Hash Join","Parent Relationship": "Outer","Parallel Aware": true,"Async Capable": false,"Join Type": "Inner","Startup Cost": 6681.17,"Total Cost": 22227.67,"Plan Rows": 14728,"Plan Width": 40,"Actual Startup Time": 29.085,"Actual Total Time": 78.080,"Actual Rows": 23628,"Actual Loops": 5,"Inner Unique": true,"Hash Cond": "(partsupp.ps_partkey = part.p_partkey)","Workers": [],"Plans": [{"Node Type": "Index Only Scan","Parent Relationship": "Outer","Parallel Aware": true,"Async Capable": false,"Scan Direction": "Forward","Index Name": "partsupp_pkey","Relation Name": "partsupp","Alias": "partsupp","Startup Cost": 347.43,"Total Cost": 15631.43,"Plan Rows": 100000,"Plan Width": 8,"Actual Startup Time": 6.727,"Actual Total Time": 32.045,"Actual Rows": 159936,"Actual Loops": 5,"Filter": "(NOT (hashed SubPlan 1))","Rows Removed by Filter": 64,"Heap Fetches": 0,"Workers": [],"Plans": [{"Node Type": "Seq Scan","Parent Relationship": "SubPlan","Subplan Name": "SubPlan 1","Parallel Aware": false,"Async Capable": false,"Relation Name": "supplier","Alias": "supplier","Startup Cost": 0.00,"Total Cost": 347.00,"Plan Rows": 1,"Plan Width": 4,"Actual Startup Time": 0.210,"Actual Total Time": 6.546,"Actual Rows": 4,"Actual Loops": 5,"Filter": "((s_comment)::text ~~ '%Customer%Complaints%'::text)","Rows Removed by Filter": 9996,"Workers": []}]},{"Node Type": "Hash","Parent Relationship": "Inner","Parallel Aware": true,"Async Capable": false,"Startup Cost": 6180.33,"Total Cost": 6180.33,"Plan Rows": 12273,"Plan Width": 40,"Actual Startup Time": 22.090,"Actual Total Time": 22.094,"Actual Rows": 5909,"Actual Loops": 5,"Hash Buckets": 32768,"Original Hash Buckets": 32768,"Hash Batches": 1,"Original Hash Batches": 1,"Peak Memory Usage": 2560,"Workers": [],"Plans": [{"Node Type": "Seq Scan","Parent Relationship": "Outer","Parallel Aware": true,"Async Capable": false,"Relation Name": "part","Alias": "part","Startup Cost": 0.00,"Total Cost": 6180.33,"Plan Rows": 12273,"Plan Width": 40,"Actual Startup Time": 0.061,"Actual Total Time": 18.291,"Actual Rows": 5909,"Actual Loops": 5,"Filter": "((p_brand <> 'Brand#32'::bpchar) AND ((p_type)::text !~~ 'MEDIUM POLISHED%'::text) AND (p_size = ANY ('{46,33,49,14,45,40,8,19}'::integer[])))","Rows Removed by Filter": 34091,"Workers": []}]}]}]}]}]}]},"Planning Time": 3.831,"Triggers": [],"Execution Time": 248.595}]
[{"Plan": {"Node Type": "Sort","Parallel Aware": false,"Async Capable": false,"Startup Cost": 32919.55,"Total Cost": 32958.93,"Plan Rows": 15753,"Plan Width": 44,"Actual Startup Time": 234.211,"Actual Total Time": 236.255,"Actual Rows": 18271,"Actual Loops": 1,"Sort Key": ["(count(DISTINCT partsupp.ps_suppkey)) DESC", "part.p_brand", "part.p_type", "part.p_size"],"Sort Method": "quicksort","Sort Space Used": 2338,"Sort Space Type": "Memory","Plans": [{"Node Type": "Aggregate","Strategy": "Sorted","Partial Mode": "Simple","Parent Relationship": "Outer","Parallel Aware": false,"Async Capable": false,"Startup Cost": 24214.93,"Total Cost": 31821.30,"Plan Rows": 15753,"Plan Width": 44,"Actual Startup Time": 131.422,"Actual Total Time": 196.877,"Actual Rows": 18271,"Actual Loops": 1,"Group Key": ["part.p_brand", "part.p_type", "part.p_size"],"Plans": [{"Node Type": "Gather Merge","Parent Relationship": "Outer","Parallel Aware": false,"Async Capable": false,"Startup Cost": 24214.93,"Total Cost": 31089.61,"Plan Rows": 57416,"Plan Width": 40,"Actual Startup Time": 131.336,"Actual Total Time": 169.503,"Actual Rows": 117799,"Actual Loops": 1,"Workers Planned": 4,"Workers Launched": 4,"Plans": [{"Node Type": "Sort","Parent Relationship": "Outer","Parallel Aware": false,"Async Capable": false,"Startup Cost": 23214.87,"Total Cost": 23250.75,"Plan Rows": 14354,"Plan Width": 40,"Actual Startup Time": 120.494,"Actual Total Time": 122.830,"Actual Rows": 23560,"Actual Loops": 5,"Sort Key": ["part.p_brand", "part.p_type", "part.p_size"],"Sort Method": "quicksort","Sort Space Used": 2682,"Sort Space Type": "Memory","Workers": [{"Worker Number": 0,"Sort Method": "quicksort","Sort Space Used": 2697,"Sort Space Type": "Memory"},{"Worker Number": 1,"Sort Method": "quicksort","Sort Space Used": 2899,"Sort Space Type": "Memory"},{"Worker Number": 2,"Sort Method": "quicksort","Sort Space Used": 2691,"Sort Space Type": "Memory"},{"Worker Number": 3,"Sort Method": "quicksort","Sort Space Used": 2573,"Sort Space Type": "Memory"}],"Plans": [{"Node Type": "Hash Join","Parent Relationship": "Outer","Parallel Aware": true,"Async Capable": false,"Join Type": "Inner","Startup Cost": 6677.29,"Total Cost": 22223.79,"Plan Rows": 14354,"Plan Width": 40,"Actual Startup Time": 27.945,"Actual Total Time": 78.993,"Actual Rows": 23560,"Actual Loops": 5,"Inner Unique": true,"Hash Cond": "(partsupp.ps_partkey = part.p_partkey)","Workers": [],"Plans": [{"Node Type": "Index Only Scan","Parent Relationship": "Outer","Parallel Aware": true,"Async Capable": false,"Scan Direction": "Forward","Index Name": "partsupp_pkey","Relation Name": "partsupp","Alias": "partsupp","Startup Cost": 347.43,"Total Cost": 15631.43,"Plan Rows": 100000,"Plan Width": 8,"Actual Startup Time": 7.077,"Actual Total Time": 33.664,"Actual Rows": 159936,"Actual Loops": 5,"Filter": "(NOT (hashed SubPlan 1))","Rows Removed by Filter": 64,"Heap Fetches": 0,"Workers": [],"Plans": [{"Node Type": "Seq Scan","Parent Relationship": "SubPlan","Subplan Name": "SubPlan 1","Parallel Aware": false,"Async Capable": false,"Relation Name": "supplier","Alias": "supplier","Startup Cost": 0.00,"Total Cost": 347.00,"Plan Rows": 1,"Plan Width": 4,"Actual Startup Time": 0.133,"Actual Total Time": 6.923,"Actual Rows": 4,"Actual Loops": 5,"Filter": "((s_comment)::text ~~ '%Customer%Complaints%'::text)","Rows Removed by Filter": 9996,"Workers": []}]},{"Node Type": "Hash","Parent Relationship": "Inner","Parallel Aware": true,"Async Capable": false,"Startup Cost": 6180.33,"Total Cost": 6180.33,"Plan Rows": 11962,"Plan Width": 40,"Actual Startup Time": 20.626,"Actual Total Time": 20.631,"Actual Rows": 5892,"Actual Loops": 5,"Hash Buckets": 32768,"Original Hash Buckets": 32768,"Hash Batches": 1,"Original Hash Batches": 1,"Peak Memory Usage": 2528,"Workers": [],"Plans": [{"Node Type": "Seq Scan","Parent Relationship": "Outer","Parallel Aware": true,"Async Capable": false,"Relation Name": "part","Alias": "part","Startup Cost": 0.00,"Total Cost": 6180.33,"Plan Rows": 11962,"Plan Width": 40,"Actual Startup Time": 0.048,"Actual Total Time": 17.494,"Actual Rows": 5892,"Actual Loops": 5,"Filter": "((p_brand <> 'Brand#23'::bpchar) AND ((p_type)::text !~~ 'ECONOMY PLATED%'::text) AND (p_size = ANY ('{8,5,40,20,9,50,49,36}'::integer[])))","Rows Removed by Filter": 34108,"Workers": []}]}]}]}]}]}]},"Planning Time": 5.466,"Triggers": [],"Execution Time": 237.596}]
[{"Plan": {"Node Type": "Sort","Parallel Aware": false,"Async Capable": false,"Startup Cost": 33157.75,"Total Cost": 33197.58,"Plan Rows": 15932,"Plan Width": 44,"Actual Startup Time": 239.690,"Actual Total Time": 241.303,"Actual Rows": 18214,"Actual Loops": 1,"Sort Key": ["(count(DISTINCT partsupp.ps_suppkey)) DESC", "part.p_brand", "part.p_type", "part.p_size"],"Sort Method": "quicksort","Sort Space Used": 2333,"Sort Space Type": "Memory","Plans": [{"Node Type": "Aggregate","Strategy": "Sorted","Partial Mode": "Simple","Parent Relationship": "Outer","Parallel Aware": false,"Async Capable": false,"Startup Cost": 24246.85,"Total Cost": 32045.73,"Plan Rows": 15932,"Plan Width": 44,"Actual Startup Time": 135.178,"Actual Total Time": 200.971,"Actual Rows": 18214,"Actual Loops": 1,"Group Key": ["part.p_brand", "part.p_type", "part.p_size"],"Plans": [{"Node Type": "Gather Merge","Parent Relationship": "Outer","Parallel Aware": false,"Async Capable": false,"Startup Cost": 24246.85,"Total Cost": 31297.55,"Plan Rows": 58886,"Plan Width": 40,"Actual Startup Time": 135.113,"Actual Total Time": 173.596,"Actual Rows": 118144,"Actual Loops": 1,"Workers Planned": 4,"Workers Launched": 4,"Plans": [{"Node Type": "Sort","Parent Relationship": "Outer","Parallel Aware": false,"Async Capable": false,"Startup Cost": 23246.79,"Total Cost": 23283.60,"Plan Rows": 14722,"Plan Width": 40,"Actual Startup Time": 123.187,"Actual Total Time": 125.924,"Actual Rows": 23629,"Actual Loops": 5,"Sort Key": ["part.p_brand", "part.p_type", "part.p_size"],"Sort Method": "quicksort","Sort Space Used": 2478,"Sort Space Type": "Memory","Workers": [{"Worker Number": 0,"Sort Method": "quicksort","Sort Space Used": 2918,"Sort Space Type": "Memory"},{"Worker Number": 1,"Sort Method": "quicksort","Sort Space Used": 2491,"Sort Space Type": "Memory"},{"Worker Number": 2,"Sort Method": "quicksort","Sort Space Used": 2844,"Sort Space Type": "Memory"},{"Worker Number": 3,"Sort Method": "quicksort","Sort Space Used": 2820,"Sort Space Type": "Memory"}],"Plans": [{"Node Type": "Hash Join","Parent Relationship": "Outer","Parallel Aware": true,"Async Capable": false,"Join Type": "Inner","Startup Cost": 6681.11,"Total Cost": 22227.61,"Plan Rows": 14722,"Plan Width": 40,"Actual Startup Time": 32.237,"Actual Total Time": 81.659,"Actual Rows": 23629,"Actual Loops": 5,"Inner Unique": true,"Hash Cond": "(partsupp.ps_partkey = part.p_partkey)","Workers": [],"Plans": [{"Node Type": "Index Only Scan","Parent Relationship": "Outer","Parallel Aware": true,"Async Capable": false,"Scan Direction": "Forward","Index Name": "partsupp_pkey","Relation Name": "partsupp","Alias": "partsupp","Startup Cost": 347.43,"Total Cost": 15631.43,"Plan Rows": 100000,"Plan Width": 8,"Actual Startup Time": 7.406,"Actual Total Time": 32.491,"Actual Rows": 159936,"Actual Loops": 5,"Filter": "(NOT (hashed SubPlan 1))","Rows Removed by Filter": 64,"Heap Fetches": 0,"Workers": [],"Plans": [{"Node Type": "Seq Scan","Parent Relationship": "SubPlan","Subplan Name": "SubPlan 1","Parallel Aware": false,"Async Capable": false,"Relation Name": "supplier","Alias": "supplier","Startup Cost": 0.00,"Total Cost": 347.00,"Plan Rows": 1,"Plan Width": 4,"Actual Startup Time": 0.146,"Actual Total Time": 7.234,"Actual Rows": 4,"Actual Loops": 5,"Filter": "((s_comment)::text ~~ '%Customer%Complaints%'::text)","Rows Removed by Filter": 9996,"Workers": []}]},{"Node Type": "Hash","Parent Relationship": "Inner","Parallel Aware": true,"Async Capable": false,"Startup Cost": 6180.33,"Total Cost": 6180.33,"Plan Rows": 12268,"Plan Width": 40,"Actual Startup Time": 24.528,"Actual Total Time": 24.530,"Actual Rows": 5910,"Actual Loops": 5,"Hash Buckets": 32768,"Original Hash Buckets": 32768,"Hash Batches": 1,"Original Hash Batches": 1,"Peak Memory Usage": 2496,"Workers": [],"Plans": [{"Node Type": "Seq Scan","Parent Relationship": "Outer","Parallel Aware": true,"Async Capable": false,"Relation Name": "part","Alias": "part","Startup Cost": 0.00,"Total Cost": 6180.33,"Plan Rows": 12268,"Plan Width": 40,"Actual Startup Time": 0.057,"Actual Total Time": 20.231,"Actual Rows": 5910,"Actual Loops": 5,"Filter": "((p_brand <> 'Brand#13'::bpchar) AND ((p_type)::text !~~ 'SMALL BURNISHED%'::text) AND (p_size = ANY ('{43,39,25,28,23,10,6,40}'::integer[])))","Rows Removed by Filter": 34090,"Workers": []}]}]}]}]}]}]},"Planning Time": 4.469,"Triggers": [],"Execution Time": 242.193}]
[{"Plan": {"Node Type": "Sort","Parallel Aware": false,"Async Capable": false,"Startup Cost": 33317.88,"Total Cost": 33358.00,"Plan Rows": 16048,"Plan Width": 44,"Actual Startup Time": 240.745,"Actual Total Time": 242.479,"Actual Rows": 18234,"Actual Loops": 1,"Sort Key": ["(count(DISTINCT partsupp.ps_suppkey)) DESC", "part.p_brand", "part.p_type", "part.p_size"],"Sort Method": "quicksort","Sort Space Used": 2335,"Sort Space Type": "Memory","Plans": [{"Node Type": "Aggregate","Strategy": "Sorted","Partial Mode": "Simple","Parent Relationship": "Outer","Parallel Aware": false,"Async Capable": false,"Startup Cost": 24268.32,"Total Cost": 32196.92,"Plan Rows": 16048,"Plan Width": 44,"Actual Startup Time": 135.723,"Actual Total Time": 203.895,"Actual Rows": 18234,"Actual Loops": 1,"Group Key": ["part.p_brand", "part.p_type", "part.p_size"],"Plans": [{"Node Type": "Gather Merge","Parent Relationship": "Outer","Parallel Aware": false,"Async Capable": false,"Startup Cost": 24268.32,"Total Cost": 31437.67,"Plan Rows": 59877,"Plan Width": 40,"Actual Startup Time": 135.675,"Actual Total Time": 175.484,"Actual Rows": 118638,"Actual Loops": 1,"Workers Planned": 4,"Workers Launched": 4,"Plans": [{"Node Type": "Sort","Parent Relationship": "Outer","Parallel Aware": false,"Async Capable": false,"Startup Cost": 23268.26,"Total Cost": 23305.69,"Plan Rows": 14969,"Plan Width": 40,"Actual Startup Time": 124.165,"Actual Total Time": 126.807,"Actual Rows": 23728,"Actual Loops": 5,"Sort Key": ["part.p_brand", "part.p_type", "part.p_size"],"Sort Method": "quicksort","Sort Space Used": 2483,"Sort Space Type": "Memory","Workers": [{"Worker Number": 0,"Sort Method": "quicksort","Sort Space Used": 2885,"Sort Space Type": "Memory"},{"Worker Number": 1,"Sort Method": "quicksort","Sort Space Used": 2905,"Sort Space Type": "Memory"},{"Worker Number": 2,"Sort Method": "quicksort","Sort Space Used": 2488,"Sort Space Type": "Memory"},{"Worker Number": 3,"Sort Method": "quicksort","Sort Space Used": 2860,"Sort Space Type": "Memory"}],"Plans": [{"Node Type": "Hash Join","Parent Relationship": "Outer","Parallel Aware": true,"Async Capable": false,"Join Type": "Inner","Startup Cost": 6683.69,"Total Cost": 22230.19,"Plan Rows": 14969,"Plan Width": 40,"Actual Startup Time": 32.415,"Actual Total Time": 82.511,"Actual Rows": 23728,"Actual Loops": 5,"Inner Unique": true,"Hash Cond": "(partsupp.ps_partkey = part.p_partkey)","Workers": [],"Plans": [{"Node Type": "Index Only Scan","Parent Relationship": "Outer","Parallel Aware": true,"Async Capable": false,"Scan Direction": "Forward","Index Name": "partsupp_pkey","Relation Name": "partsupp","Alias": "partsupp","Startup Cost": 347.43,"Total Cost": 15631.43,"Plan Rows": 100000,"Plan Width": 8,"Actual Startup Time": 9.156,"Actual Total Time": 34.819,"Actual Rows": 159936,"Actual Loops": 5,"Filter": "(NOT (hashed SubPlan 1))","Rows Removed by Filter": 64,"Heap Fetches": 0,"Workers": [],"Plans": [{"Node Type": "Seq Scan","Parent Relationship": "SubPlan","Subplan Name": "SubPlan 1","Parallel Aware": false,"Async Capable": false,"Relation Name": "supplier","Alias": "supplier","Startup Cost": 0.00,"Total Cost": 347.00,"Plan Rows": 1,"Plan Width": 4,"Actual Startup Time": 0.307,"Actual Total Time": 9.034,"Actual Rows": 4,"Actual Loops": 5,"Filter": "((s_comment)::text ~~ '%Customer%Complaints%'::text)","Rows Removed by Filter": 9996,"Workers": []}]},{"Node Type": "Hash","Parent Relationship": "Inner","Parallel Aware": true,"Async Capable": false,"Startup Cost": 6180.33,"Total Cost": 6180.33,"Plan Rows": 12474,"Plan Width": 40,"Actual Startup Time": 23.020,"Actual Total Time": 23.024,"Actual Rows": 5935,"Actual Loops": 5,"Hash Buckets": 32768,"Original Hash Buckets": 32768,"Hash Batches": 1,"Original Hash Batches": 1,"Peak Memory Usage": 2528,"Workers": [],"Plans": [{"Node Type": "Seq Scan","Parent Relationship": "Outer","Parallel Aware": true,"Async Capable": false,"Relation Name": "part","Alias": "part","Startup Cost": 0.00,"Total Cost": 6180.33,"Plan Rows": 12474,"Plan Width": 40,"Actual Startup Time": 0.043,"Actual Total Time": 19.779,"Actual Rows": 5935,"Actual Loops": 5,"Filter": "((p_brand <> 'Brand#41'::bpchar) AND ((p_type)::text !~~ 'SMALL BRUSHED%'::text) AND (p_size = ANY ('{2,42,45,25,43,33,16,21}'::integer[])))","Rows Removed by Filter": 34065,"Workers": []}]}]}]}]}]}]},"Planning Time": 4.040,"Triggers": [],"Execution Time": 243.716}]
[{"Plan": {"Node Type": "Sort","Parallel Aware": false,"Async Capable": false,"Startup Cost": 33813.00,"Total Cost": 33853.98,"Plan Rows": 16391,"Plan Width": 44,"Actual Startup Time": 253.126,"Actual Total Time": 254.956,"Actual Rows": 18505,"Actual Loops": 1,"Sort Key": ["(count(DISTINCT partsupp.ps_suppkey)) DESC", "part.p_brand", "part.p_type", "part.p_size"],"Sort Method": "quicksort","Sort Space Used": 2358,"Sort Space Type": "Memory","Plans": [{"Node Type": "Aggregate","Strategy": "Sorted","Partial Mode": "Simple","Parent Relationship": "Outer","Parallel Aware": false,"Async Capable": false,"Startup Cost": 24335.26,"Total Cost": 32665.58,"Plan Rows": 16391,"Plan Width": 44,"Actual Startup Time": 144.620,"Actual Total Time": 215.009,"Actual Rows": 18505,"Actual Loops": 1,"Group Key": ["part.p_brand", "part.p_type", "part.p_size"],"Plans": [{"Node Type": "Gather Merge","Parent Relationship": "Outer","Parallel Aware": false,"Async Capable": false,"Startup Cost": 24335.26,"Total Cost": 31872.20,"Plan Rows": 62947,"Plan Width": 40,"Actual Startup Time": 144.563,"Actual Total Time": 185.333,"Actual Rows": 120712,"Actual Loops": 1,"Workers Planned": 4,"Workers Launched": 4,"Plans": [{"Node Type": "Sort","Parent Relationship": "Outer","Parallel Aware": false,"Async Capable": false,"Startup Cost": 23335.20,"Total Cost": 23374.54,"Plan Rows": 15737,"Plan Width": 40,"Actual Startup Time": 125.667,"Actual Total Time": 128.792,"Actual Rows": 24142,"Actual Loops": 5,"Sort Key": ["part.p_brand", "part.p_type", "part.p_size"],"Sort Method": "quicksort","Sort Space Used": 2370,"Sort Space Type": "Memory","Workers": [{"Worker Number": 0,"Sort Method": "quicksort","Sort Space Used": 2846,"Sort Space Type": "Memory"},{"Worker Number": 1,"Sort Method": "quicksort","Sort Space Used": 2850,"Sort Space Type": "Memory"},{"Worker Number": 2,"Sort Method": "quicksort","Sort Space Used": 2857,"Sort Space Type": "Memory"},{"Worker Number": 3,"Sort Method": "quicksort","Sort Space Used": 2856,"Sort Space Type": "Memory"}],"Plans": [{"Node Type": "Hash Join","Parent Relationship": "Outer","Parallel Aware": true,"Async Capable": false,"Join Type": "Inner","Startup Cost": 6691.69,"Total Cost": 22238.19,"Plan Rows": 15737,"Plan Width": 40,"Actual Startup Time": 33.033,"Actual Total Time": 81.058,"Actual Rows": 24142,"Actual Loops": 5,"Inner Unique": true,"Hash Cond": "(partsupp.ps_partkey = part.p_partkey)","Workers": [],"Plans": [{"Node Type": "Index Only Scan","Parent Relationship": "Outer","Parallel Aware": true,"Async Capable": false,"Scan Direction": "Forward","Index Name": "partsupp_pkey","Relation Name": "partsupp","Alias": "partsupp","Startup Cost": 347.43,"Total Cost": 15631.43,"Plan Rows": 100000,"Plan Width": 8,"Actual Startup Time": 9.286,"Actual Total Time": 33.589,"Actual Rows": 159936,"Actual Loops": 5,"Filter": "(NOT (hashed SubPlan 1))","Rows Removed by Filter": 64,"Heap Fetches": 0,"Workers": [],"Plans": [{"Node Type": "Seq Scan","Parent Relationship": "SubPlan","Subplan Name": "SubPlan 1","Parallel Aware": false,"Async Capable": false,"Relation Name": "supplier","Alias": "supplier","Startup Cost": 0.00,"Total Cost": 347.00,"Plan Rows": 1,"Plan Width": 4,"Actual Startup Time": 0.350,"Actual Total Time": 9.147,"Actual Rows": 4,"Actual Loops": 5,"Filter": "((s_comment)::text ~~ '%Customer%Complaints%'::text)","Rows Removed by Filter": 9996,"Workers": []}]},{"Node Type": "Hash","Parent Relationship": "Inner","Parallel Aware": true,"Async Capable": false,"Startup Cost": 6180.33,"Total Cost": 6180.33,"Plan Rows": 13114,"Plan Width": 40,"Actual Startup Time": 23.466,"Actual Total Time": 23.470,"Actual Rows": 6038,"Actual Loops": 5,"Hash Buckets": 32768,"Original Hash Buckets": 32768,"Hash Batches": 1,"Original Hash Batches": 1,"Peak Memory Usage": 2624,"Workers": [],"Plans": [{"Node Type": "Seq Scan","Parent Relationship": "Outer","Parallel Aware": true,"Async Capable": false,"Relation Name": "part","Alias": "part","Startup Cost": 0.00,"Total Cost": 6180.33,"Plan Rows": 13114,"Plan Width": 40,"Actual Startup Time": 0.073,"Actual Total Time": 19.934,"Actual Rows": 6038,"Actual Loops": 5,"Filter": "((p_brand <> 'Brand#32'::bpchar) AND ((p_type)::text !~~ 'SMALL POLISHED%'::text) AND (p_size = ANY ('{14,43,47,10,5,1,3,11}'::integer[])))","Rows Removed by Filter": 33962,"Workers": []}]}]}]}]}]}]},"Planning Time": 5.568,"Triggers": [],"Execution Time": 256.215}]
[{"Plan": {"Node Type": "Sort","Parallel Aware": false,"Async Capable": false,"Startup Cost": 33110.61,"Total Cost": 33150.35,"Plan Rows": 15897,"Plan Width": 44,"Actual Startup Time": 238.839,"Actual Total Time": 240.758,"Actual Rows": 18260,"Actual Loops": 1,"Sort Key": ["(count(DISTINCT partsupp.ps_suppkey)) DESC", "part.p_brand", "part.p_type", "part.p_size"],"Sort Method": "quicksort","Sort Space Used": 2337,"Sort Space Type": "Memory","Plans": [{"Node Type": "Aggregate","Strategy": "Sorted","Partial Mode": "Simple","Parent Relationship": "Outer","Parallel Aware": false,"Async Capable": false,"Startup Cost": 24240.51,"Total Cost": 32001.28,"Plan Rows": 15897,"Plan Width": 44,"Actual Startup Time": 134.368,"Actual Total Time": 200.846,"Actual Rows": 18260,"Actual Loops": 1,"Group Key": ["part.p_brand", "part.p_type", "part.p_size"],"Plans": [{"Node Type": "Gather Merge","Parent Relationship": "Outer","Parallel Aware": false,"Async Capable": false,"Startup Cost": 24240.51,"Total Cost": 31256.36,"Plan Rows": 58595,"Plan Width": 40,"Actual Startup Time": 134.309,"Actual Total Time": 173.488,"Actual Rows": 118595,"Actual Loops": 1,"Workers Planned": 4,"Workers Launched": 4,"Plans": [{"Node Type": "Sort","Parent Relationship": "Outer","Parallel Aware": false,"Async Capable": false,"Startup Cost": 23240.45,"Total Cost": 23277.07,"Plan Rows": 14649,"Plan Width": 40,"Actual Startup Time": 121.999,"Actual Total Time": 124.565,"Actual Rows": 23719,"Actual Loops": 5,"Sort Key": ["part.p_brand", "part.p_type", "part.p_size"],"Sort Method": "quicksort","Sort Space Used": 2454,"Sort Space Type": "Memory","Workers": [{"Worker Number": 0,"Sort Method": "quicksort","Sort Space Used": 2928,"Sort Space Type": "Memory"},{"Worker Number": 1,"Sort Method": "quicksort","Sort Space Used": 2935,"Sort Space Type": "Memory"},{"Worker Number": 2,"Sort Method": "quicksort","Sort Space Used": 2391,"Sort Space Type": "Memory"},{"Worker Number": 3,"Sort Method": "quicksort","Sort Space Used": 2902,"Sort Space Type": "Memory"}],"Plans": [{"Node Type": "Hash Join","Parent Relationship": "Outer","Parallel Aware": true,"Async Capable": false,"Join Type": "Inner","Startup Cost": 6680.35,"Total Cost": 22226.85,"Plan Rows": 14649,"Plan Width": 40,"Actual Startup Time": 29.943,"Actual Total Time": 80.259,"Actual Rows": 23719,"Actual Loops": 5,"Inner Unique": true,"Hash Cond": "(partsupp.ps_partkey = part.p_partkey)","Workers": [],"Plans": [{"Node Type": "Index Only Scan","Parent Relationship": "Outer","Parallel Aware": true,"Async Capable": false,"Scan Direction": "Forward","Index Name": "partsupp_pkey","Relation Name": "partsupp","Alias": "partsupp","Startup Cost": 347.43,"Total Cost": 15631.43,"Plan Rows": 100000,"Plan Width": 8,"Actual Startup Time": 7.722,"Actual Total Time": 32.910,"Actual Rows": 159936,"Actual Loops": 5,"Filter": "(NOT (hashed SubPlan 1))","Rows Removed by Filter": 64,"Heap Fetches": 0,"Workers": [],"Plans": [{"Node Type": "Seq Scan","Parent Relationship": "SubPlan","Subplan Name": "SubPlan 1","Parallel Aware": false,"Async Capable": false,"Relation Name": "supplier","Alias": "supplier","Startup Cost": 0.00,"Total Cost": 347.00,"Plan Rows": 1,"Plan Width": 4,"Actual Startup Time": 0.302,"Actual Total Time": 7.530,"Actual Rows": 4,"Actual Loops": 5,"Filter": "((s_comment)::text ~~ '%Customer%Complaints%'::text)","Rows Removed by Filter": 9996,"Workers": []}]},{"Node Type": "Hash","Parent Relationship": "Inner","Parallel Aware": true,"Async Capable": false,"Startup Cost": 6180.33,"Total Cost": 6180.33,"Plan Rows": 12207,"Plan Width": 40,"Actual Startup Time": 21.964,"Actual Total Time": 21.968,"Actual Rows": 5932,"Actual Loops": 5,"Hash Buckets": 32768,"Original Hash Buckets": 32768,"Hash Batches": 1,"Original Hash Batches": 1,"Peak Memory Usage": 2560,"Workers": [],"Plans": [{"Node Type": "Seq Scan","Parent Relationship": "Outer","Parallel Aware": true,"Async Capable": false,"Relation Name": "part","Alias": "part","Startup Cost": 0.00,"Total Cost": 6180.33,"Plan Rows": 12207,"Plan Width": 40,"Actual Startup Time": 0.060,"Actual Total Time": 18.351,"Actual Rows": 5932,"Actual Loops": 5,"Filter": "((p_brand <> 'Brand#33'::bpchar) AND ((p_type)::text !~~ 'LARGE ANODIZED%'::text) AND (p_size = ANY ('{37,6,9,8,2,49,11,30}'::integer[])))","Rows Removed by Filter": 34068,"Workers": []}]}]}]}]}]}]},"Planning Time": 4.494,"Triggers": [],"Execution Time": 241.917}]
[{"Plan": {"Node Type": "Sort","Parallel Aware": false,"Async Capable": false,"Startup Cost": 33292.08,"Total Cost": 33332.16,"Plan Rows": 16030,"Plan Width": 44,"Actual Startup Time": 236.683,"Actual Total Time": 238.592,"Actual Rows": 18253,"Actual Loops": 1,"Sort Key": ["(count(DISTINCT partsupp.ps_suppkey)) DESC", "part.p_brand", "part.p_type", "part.p_size"],"Sort Method": "quicksort","Sort Space Used": 2337,"Sort Space Type": "Memory","Plans": [{"Node Type": "Aggregate","Strategy": "Sorted","Partial Mode": "Simple","Parent Relationship": "Outer","Parallel Aware": false,"Async Capable": false,"Startup Cost": 24264.85,"Total Cost": 32172.51,"Plan Rows": 16030,"Plan Width": 44,"Actual Startup Time": 132.022,"Actual Total Time": 198.068,"Actual Rows": 18253,"Actual Loops": 1,"Group Key": ["part.p_brand", "part.p_type", "part.p_size"],"Plans": [{"Node Type": "Gather Merge","Parent Relationship": "Outer","Parallel Aware": false,"Async Capable": false,"Startup Cost": 24264.85,"Total Cost": 31415.04,"Plan Rows": 59717,"Plan Width": 40,"Actual Startup Time": 131.956,"Actual Total Time": 170.653,"Actual Rows": 118518,"Actual Loops": 1,"Workers Planned": 4,"Workers Launched": 4,"Plans": [{"Node Type": "Sort","Parent Relationship": "Outer","Parallel Aware": false,"Async Capable": false,"Startup Cost": 23264.79,"Total Cost": 23302.11,"Plan Rows": 14929,"Plan Width": 40,"Actual Startup Time": 123.270,"Actual Total Time": 125.845,"Actual Rows": 23704,"Actual Loops": 5,"Sort Key": ["part.p_brand", "part.p_type", "part.p_size"],"Sort Method": "quicksort","Sort Space Used": 2733,"Sort Space Type": "Memory","Workers": [{"Worker Number": 0,"Sort Method": "quicksort","Sort Space Used": 2756,"Sort Space Type": "Memory"},{"Worker Number": 1,"Sort Method": "quicksort","Sort Space Used": 2649,"Sort Space Type": "Memory"},{"Worker Number": 2,"Sort Method": "quicksort","Sort Space Used": 2747,"Sort Space Type": "Memory"},{"Worker Number": 3,"Sort Method": "quicksort","Sort Space Used": 2732,"Sort Space Type": "Memory"}],"Plans": [{"Node Type": "Hash Join","Parent Relationship": "Outer","Parallel Aware": true,"Async Capable": false,"Join Type": "Inner","Startup Cost": 6683.27,"Total Cost": 22229.77,"Plan Rows": 14929,"Plan Width": 40,"Actual Startup Time": 30.760,"Actual Total Time": 81.386,"Actual Rows": 23704,"Actual Loops": 5,"Inner Unique": true,"Hash Cond": "(partsupp.ps_partkey = part.p_partkey)","Workers": [],"Plans": [{"Node Type": "Index Only Scan","Parent Relationship": "Outer","Parallel Aware": true,"Async Capable": false,"Scan Direction": "Forward","Index Name": "partsupp_pkey","Relation Name": "partsupp","Alias": "partsupp","Startup Cost": 347.43,"Total Cost": 15631.43,"Plan Rows": 100000,"Plan Width": 8,"Actual Startup Time": 7.297,"Actual Total Time": 32.242,"Actual Rows": 159936,"Actual Loops": 5,"Filter": "(NOT (hashed SubPlan 1))","Rows Removed by Filter": 64,"Heap Fetches": 0,"Workers": [],"Plans": [{"Node Type": "Seq Scan","Parent Relationship": "SubPlan","Subplan Name": "SubPlan 1","Parallel Aware": false,"Async Capable": false,"Relation Name": "supplier","Alias": "supplier","Startup Cost": 0.00,"Total Cost": 347.00,"Plan Rows": 1,"Plan Width": 4,"Actual Startup Time": 0.135,"Actual Total Time": 7.144,"Actual Rows": 4,"Actual Loops": 5,"Filter": "((s_comment)::text ~~ '%Customer%Complaints%'::text)","Rows Removed by Filter": 9996,"Workers": []}]},{"Node Type": "Hash","Parent Relationship": "Inner","Parallel Aware": true,"Async Capable": false,"Startup Cost": 6180.33,"Total Cost": 6180.33,"Plan Rows": 12441,"Plan Width": 40,"Actual Startup Time": 23.177,"Actual Total Time": 23.180,"Actual Rows": 5928,"Actual Loops": 5,"Hash Buckets": 32768,"Original Hash Buckets": 32768,"Hash Batches": 1,"Original Hash Batches": 1,"Peak Memory Usage": 2560,"Workers": [],"Plans": [{"Node Type": "Seq Scan","Parent Relationship": "Outer","Parallel Aware": true,"Async Capable": false,"Relation Name": "part","Alias": "part","Startup Cost": 0.00,"Total Cost": 6180.33,"Plan Rows": 12441,"Plan Width": 40,"Actual Startup Time": 0.056,"Actual Total Time": 19.045,"Actual Rows": 5928,"Actual Loops": 5,"Filter": "((p_brand <> 'Brand#12'::bpchar) AND ((p_type)::text !~~ 'PROMO PLATED%'::text) AND (p_size = ANY ('{1,47,16,43,11,23,8,9}'::integer[])))","Rows Removed by Filter": 34072,"Workers": []}]}]}]}]}]}]},"Planning Time": 4.051,"Triggers": [],"Execution Time": 239.496}]
[{"Plan": {"Node Type": "Sort","Parallel Aware": false,"Async Capable": false,"Startup Cost": 33367.81,"Total Cost": 33408.02,"Plan Rows": 16084,"Plan Width": 44,"Actual Startup Time": 235.715,"Actual Total Time": 237.728,"Actual Rows": 18233,"Actual Loops": 1,"Sort Key": ["(count(DISTINCT partsupp.ps_suppkey)) DESC", "part.p_brand", "part.p_type", "part.p_size"],"Sort Method": "quicksort","Sort Space Used": 2335,"Sort Space Type": "Memory","Plans": [{"Node Type": "Aggregate","Strategy": "Sorted","Partial Mode": "Simple","Parent Relationship": "Outer","Parallel Aware": false,"Async Capable": false,"Startup Cost": 24275.03,"Total Cost": 32244.08,"Plan Rows": 16084,"Plan Width": 44,"Actual Startup Time": 130.653,"Actual Total Time": 197.621,"Actual Rows": 18233,"Actual Loops": 1,"Group Key": ["part.p_brand", "part.p_type", "part.p_size"],"Plans": [{"Node Type": "Gather Merge","Parent Relationship": "Outer","Parallel Aware": false,"Async Capable": false,"Startup Cost": 24275.03,"Total Cost": 31481.38,"Plan Rows": 60186,"Plan Width": 40,"Actual Startup Time": 130.603,"Actual Total Time": 170.280,"Actual Rows": 118850,"Actual Loops": 1,"Workers Planned": 4,"Workers Launched": 4,"Plans": [{"Node Type": "Sort","Parent Relationship": "Outer","Parallel Aware": false,"Async Capable": false,"Startup Cost": 23274.97,"Total Cost": 23312.59,"Plan Rows": 15046,"Plan Width": 40,"Actual Startup Time": 122.762,"Actual Total Time": 125.341,"Actual Rows": 23770,"Actual Loops": 5,"Sort Key": ["part.p_brand", "part.p_type", "part.p_size"],"Sort Method": "quicksort","Sort Space Used": 2667,"Sort Space Type": "Memory","Workers": [{"Worker Number": 0,"Sort Method": "quicksort","Sort Space Used": 2771,"Sort Space Type": "Memory"},{"Worker Number": 1,"Sort Method": "quicksort","Sort Space Used": 2752,"Sort Space Type": "Memory"},{"Worker Number": 2,"Sort Method": "quicksort","Sort Space Used": 2669,"Sort Space Type": "Memory"},{"Worker Number": 3,"Sort Method": "quicksort","Sort Space Used": 2776,"Sort Space Type": "Memory"}],"Plans": [{"Node Type": "Hash Join","Parent Relationship": "Outer","Parallel Aware": true,"Async Capable": false,"Join Type": "Inner","Startup Cost": 6684.50,"Total Cost": 22231.00,"Plan Rows": 15046,"Plan Width": 40,"Actual Startup Time": 30.013,"Actual Total Time": 80.787,"Actual Rows": 23770,"Actual Loops": 5,"Inner Unique": true,"Hash Cond": "(partsupp.ps_partkey = part.p_partkey)","Workers": [],"Plans": [{"Node Type": "Index Only Scan","Parent Relationship": "Outer","Parallel Aware": true,"Async Capable": false,"Scan Direction": "Forward","Index Name": "partsupp_pkey","Relation Name": "partsupp","Alias": "partsupp","Startup Cost": 347.43,"Total Cost": 15631.43,"Plan Rows": 100000,"Plan Width": 8,"Actual Startup Time": 7.619,"Actual Total Time": 32.758,"Actual Rows": 159936,"Actual Loops": 5,"Filter": "(NOT (hashed SubPlan 1))","Rows Removed by Filter": 64,"Heap Fetches": 0,"Workers": [],"Plans": [{"Node Type": "Seq Scan","Parent Relationship": "SubPlan","Subplan Name": "SubPlan 1","Parallel Aware": false,"Async Capable": false,"Relation Name": "supplier","Alias": "supplier","Startup Cost": 0.00,"Total Cost": 347.00,"Plan Rows": 1,"Plan Width": 4,"Actual Startup Time": 0.123,"Actual Total Time": 7.466,"Actual Rows": 4,"Actual Loops": 5,"Filter": "((s_comment)::text ~~ '%Customer%Complaints%'::text)","Rows Removed by Filter": 9996,"Workers": []}]},{"Node Type": "Hash","Parent Relationship": "Inner","Parallel Aware": true,"Async Capable": false,"Startup Cost": 6180.33,"Total Cost": 6180.33,"Plan Rows": 12539,"Plan Width": 40,"Actual Startup Time": 22.114,"Actual Total Time": 22.118,"Actual Rows": 5945,"Actual Loops": 5,"Hash Buckets": 32768,"Original Hash Buckets": 32768,"Hash Batches": 1,"Original Hash Batches": 1,"Peak Memory Usage": 2560,"Workers": [],"Plans": [{"Node Type": "Seq Scan","Parent Relationship": "Outer","Parallel Aware": true,"Async Capable": false,"Relation Name": "part","Alias": "part","Startup Cost": 0.00,"Total Cost": 6180.33,"Plan Rows": 12539,"Plan Width": 40,"Actual Startup Time": 0.054,"Actual Total Time": 18.637,"Actual Rows": 5945,"Actual Loops": 5,"Filter": "((p_brand <> 'Brand#43'::bpchar) AND ((p_type)::text !~~ 'LARGE PLATED%'::text) AND (p_size = ANY ('{39,4,50,3,20,33,28,10}'::integer[])))","Rows Removed by Filter": 34055,"Workers": []}]}]}]}]}]}]},"Planning Time": 3.923,"Triggers": [],"Execution Time": 239.094}]
[{"Plan": {"Node Type": "Sort","Parallel Aware": false,"Async Capable": false,"Startup Cost": 33195.23,"Total Cost": 33235.13,"Plan Rows": 15959,"Plan Width": 44,"Actual Startup Time": 237.988,"Actual Total Time": 239.728,"Actual Rows": 18212,"Actual Loops": 1,"Sort Key": ["(count(DISTINCT partsupp.ps_suppkey)) DESC", "part.p_brand", "part.p_type", "part.p_size"],"Sort Method": "quicksort","Sort Space Used": 2333,"Sort Space Type": "Memory","Plans": [{"Node Type": "Aggregate","Strategy": "Sorted","Partial Mode": "Simple","Parent Relationship": "Outer","Parallel Aware": false,"Async Capable": false,"Startup Cost": 24251.88,"Total Cost": 32081.13,"Plan Rows": 15959,"Plan Width": 44,"Actual Startup Time": 132.076,"Actual Total Time": 201.199,"Actual Rows": 18212,"Actual Loops": 1,"Group Key": ["part.p_brand", "part.p_type", "part.p_size"],"Plans": [{"Node Type": "Gather Merge","Parent Relationship": "Outer","Parallel Aware": false,"Async Capable": false,"Startup Cost": 24251.88,"Total Cost": 31330.36,"Plan Rows": 59118,"Plan Width": 40,"Actual Startup Time": 132.013,"Actual Total Time": 172.717,"Actual Rows": 118265,"Actual Loops": 1,"Workers Planned": 4,"Workers Launched": 4,"Plans": [{"Node Type": "Sort","Parent Relationship": "Outer","Parallel Aware": false,"Async Capable": false,"Startup Cost": 23251.83,"Total Cost": 23288.78,"Plan Rows": 14780,"Plan Width": 40,"Actual Startup Time": 120.224,"Actual Total Time": 122.987,"Actual Rows": 23653,"Actual Loops": 5,"Sort Key": ["part.p_brand", "part.p_type", "part.p_size"],"Sort Method": "quicksort","Sort Space Used": 2415,"Sort Space Type": "Memory","Workers": [{"Worker Number": 0,"Sort Method": "quicksort","Sort Space Used": 2937,"Sort Space Type": "Memory"},{"Worker Number": 1,"Sort Method": "quicksort","Sort Space Used": 2914,"Sort Space Type": "Memory"},{"Worker Number": 2,"Sort Method": "quicksort","Sort Space Used": 2425,"Sort Space Type": "Memory"},{"Worker Number": 3,"Sort Method": "quicksort","Sort Space Used": 2873,"Sort Space Type": "Memory"}],"Plans": [{"Node Type": "Hash Join","Parent Relationship": "Outer","Parallel Aware": true,"Async Capable": false,"Join Type": "Inner","Startup Cost": 6681.71,"Total Cost": 22228.21,"Plan Rows": 14780,"Plan Width": 40,"Actual Startup Time": 28.926,"Actual Total Time": 78.652,"Actual Rows": 23653,"Actual Loops": 5,"Inner Unique": true,"Hash Cond": "(partsupp.ps_partkey = part.p_partkey)","Workers": [],"Plans": [{"Node Type": "Index Only Scan","Parent Relationship": "Outer","Parallel Aware": true,"Async Capable": false,"Scan Direction": "Forward","Index Name": "partsupp_pkey","Relation Name": "partsupp","Alias": "partsupp","Startup Cost": 347.43,"Total Cost": 15631.43,"Plan Rows": 100000,"Plan Width": 8,"Actual Startup Time": 7.003,"Actual Total Time": 31.995,"Actual Rows": 159936,"Actual Loops": 5,"Filter": "(NOT (hashed SubPlan 1))","Rows Removed by Filter": 64,"Heap Fetches": 0,"Workers": [],"Plans": [{"Node Type": "Seq Scan","Parent Relationship": "SubPlan","Subplan Name": "SubPlan 1","Parallel Aware": false,"Async Capable": false,"Relation Name": "supplier","Alias": "supplier","Startup Cost": 0.00,"Total Cost": 347.00,"Plan Rows": 1,"Plan Width": 4,"Actual Startup Time": 0.135,"Actual Total Time": 6.882,"Actual Rows": 4,"Actual Loops": 5,"Filter": "((s_comment)::text ~~ '%Customer%Complaints%'::text)","Rows Removed by Filter": 9996,"Workers": []}]},{"Node Type": "Hash","Parent Relationship": "Inner","Parallel Aware": true,"Async Capable": false,"Startup Cost": 6180.33,"Total Cost": 6180.33,"Plan Rows": 12316,"Plan Width": 40,"Actual Startup Time": 21.631,"Actual Total Time": 21.634,"Actual Rows": 5916,"Actual Loops": 5,"Hash Buckets": 32768,"Original Hash Buckets": 32768,"Hash Batches": 1,"Original Hash Batches": 1,"Peak Memory Usage": 2592,"Workers": [],"Plans": [{"Node Type": "Seq Scan","Parent Relationship": "Outer","Parallel Aware": true,"Async Capable": false,"Relation Name": "part","Alias": "part","Startup Cost": 0.00,"Total Cost": 6180.33,"Plan Rows": 12316,"Plan Width": 40,"Actual Startup Time": 0.054,"Actual Total Time": 18.368,"Actual Rows": 5916,"Actual Loops": 5,"Filter": "((p_brand <> 'Brand#22'::bpchar) AND ((p_type)::text !~~ 'SMALL BURNISHED%'::text) AND (p_size = ANY ('{32,18,25,8,3,23,29,19}'::integer[])))","Rows Removed by Filter": 34084,"Workers": []}]}]}]}]}]}]},"Planning Time": 4.520,"Triggers": [],"Execution Time": 240.879}]
[{"Plan": {"Node Type": "Sort","Parallel Aware": false,"Async Capable": false,"Startup Cost": 33396.56,"Total Cost": 33436.82,"Plan Rows": 16104,"Plan Width": 44,"Actual Startup Time": 234.595,"Actual Total Time": 236.573,"Actual Rows": 18307,"Actual Loops": 1,"Sort Key": ["(count(DISTINCT partsupp.ps_suppkey)) DESC", "part.p_brand", "part.p_type", "part.p_size"],"Sort Method": "quicksort","Sort Space Used": 2341,"Sort Space Type": "Memory","Plans": [{"Node Type": "Aggregate","Strategy": "Sorted","Partial Mode": "Simple","Parent Relationship": "Outer","Parallel Aware": false,"Async Capable": false,"Startup Cost": 24278.94,"Total Cost": 32271.28,"Plan Rows": 16104,"Plan Width": 44,"Actual Startup Time": 130.758,"Actual Total Time": 196.564,"Actual Rows": 18307,"Actual Loops": 1,"Group Key": ["part.p_brand", "part.p_type", "part.p_size"],"Plans": [{"Node Type": "Gather Merge","Parent Relationship": "Outer","Parallel Aware": false,"Async Capable": false,"Startup Cost": 24278.94,"Total Cost": 31506.60,"Plan Rows": 60364,"Plan Width": 40,"Actual Startup Time": 130.666,"Actual Total Time": 169.025,"Actual Rows": 119196,"Actual Loops": 1,"Workers Planned": 4,"Workers Launched": 4,"Plans": [{"Node Type": "Sort","Parent Relationship": "Outer","Parallel Aware": false,"Async Capable": false,"Startup Cost": 23278.88,"Total Cost": 23316.61,"Plan Rows": 15091,"Plan Width": 40,"Actual Startup Time": 121.217,"Actual Total Time": 123.616,"Actual Rows": 23839,"Actual Loops": 5,"Sort Key": ["part.p_brand", "part.p_type", "part.p_size"],"Sort Method": "quicksort","Sort Space Used": 2830,"Sort Space Type": "Memory","Workers": [{"Worker Number": 0,"Sort Method": "quicksort","Sort Space Used": 2786,"Sort Space Type": "Memory"},{"Worker Number": 1,"Sort Method": "quicksort","Sort Space Used": 2620,"Sort Space Type": "Memory"},{"Worker Number": 2,"Sort Method": "quicksort","Sort Space Used": 2827,"Sort Space Type": "Memory"},{"Worker Number": 3,"Sort Method": "quicksort","Sort Space Used": 2577,"Sort Space Type": "Memory"}],"Plans": [{"Node Type": "Hash Join","Parent Relationship": "Outer","Parallel Aware": true,"Async Capable": false,"Join Type": "Inner","Startup Cost": 6684.96,"Total Cost": 22231.46,"Plan Rows": 15091,"Plan Width": 40,"Actual Startup Time": 28.532,"Actual Total Time": 79.494,"Actual Rows": 23839,"Actual Loops": 5,"Inner Unique": true,"Hash Cond": "(partsupp.ps_partkey = part.p_partkey)","Workers": [],"Plans": [{"Node Type": "Index Only Scan","Parent Relationship": "Outer","Parallel Aware": true,"Async Capable": false,"Scan Direction": "Forward","Index Name": "partsupp_pkey","Relation Name": "partsupp","Alias": "partsupp","Startup Cost": 347.43,"Total Cost": 15631.43,"Plan Rows": 100000,"Plan Width": 8,"Actual Startup Time": 7.207,"Actual Total Time": 32.603,"Actual Rows": 159936,"Actual Loops": 5,"Filter": "(NOT (hashed SubPlan 1))","Rows Removed by Filter": 64,"Heap Fetches": 0,"Workers": [],"Plans": [{"Node Type": "Seq Scan","Parent Relationship": "SubPlan","Subplan Name": "SubPlan 1","Parallel Aware": false,"Async Capable": false,"Relation Name": "supplier","Alias": "supplier","Startup Cost": 0.00,"Total Cost": 347.00,"Plan Rows": 1,"Plan Width": 4,"Actual Startup Time": 0.125,"Actual Total Time": 7.079,"Actual Rows": 4,"Actual Loops": 5,"Filter": "((s_comment)::text ~~ '%Customer%Complaints%'::text)","Rows Removed by Filter": 9996,"Workers": []}]},{"Node Type": "Hash","Parent Relationship": "Inner","Parallel Aware": true,"Async Capable": false,"Startup Cost": 6180.33,"Total Cost": 6180.33,"Plan Rows": 12576,"Plan Width": 40,"Actual Startup Time": 21.037,"Actual Total Time": 21.041,"Actual Rows": 5962,"Actual Loops": 5,"Hash Buckets": 32768,"Original Hash Buckets": 32768,"Hash Batches": 1,"Original Hash Batches": 1,"Peak Memory Usage": 2560,"Workers": [],"Plans": [{"Node Type": "Seq Scan","Parent Relationship": "Outer","Parallel Aware": true,"Async Capable": false,"Relation Name": "part","Alias": "part","Startup Cost": 0.00,"Total Cost": 6180.33,"Plan Rows": 12576,"Plan Width": 40,"Actual Startup Time": 0.057,"Actual Total Time": 17.742,"Actual Rows": 5962,"Actual Loops": 5,"Filter": "((p_brand <> 'Brand#51'::bpchar) AND ((p_type)::text !~~ 'ECONOMY BURNISHED%'::text) AND (p_size = ANY ('{40,20,10,30,2,19,41,8}'::integer[])))","Rows Removed by Filter": 34038,"Workers": []}]}]}]}]}]}]},"Planning Time": 5.631,"Triggers": [],"Execution Time": 237.914}]
[{"Plan": {"Node Type": "Sort","Parallel Aware": false,"Async Capable": false,"Startup Cost": 33260.87,"Total Cost": 33300.89,"Plan Rows": 16007,"Plan Width": 44,"Actual Startup Time": 234.777,"Actual Total Time": 236.660,"Actual Rows": 18328,"Actual Loops": 1,"Sort Key": ["(count(DISTINCT partsupp.ps_suppkey)) DESC", "part.p_brand", "part.p_type", "part.p_size"],"Sort Method": "quicksort","Sort Space Used": 2343,"Sort Space Type": "Memory","Plans": [{"Node Type": "Aggregate","Strategy": "Sorted","Partial Mode": "Simple","Parent Relationship": "Outer","Parallel Aware": false,"Async Capable": false,"Startup Cost": 24260.67,"Total Cost": 32143.07,"Plan Rows": 16007,"Plan Width": 44,"Actual Startup Time": 132.922,"Actual Total Time": 199.127,"Actual Rows": 18328,"Actual Loops": 1,"Group Key": ["part.p_brand", "part.p_type", "part.p_size"],"Plans": [{"Node Type": "Gather Merge","Parent Relationship": "Outer","Parallel Aware": false,"Async Capable": false,"Startup Cost": 24260.67,"Total Cost": 31387.76,"Plan Rows": 59524,"Plan Width": 40,"Actual Startup Time": 132.830,"Actual Total Time": 171.342,"Actual Rows": 119015,"Actual Loops": 1,"Workers Planned": 4,"Workers Launched": 4,"Plans": [{"Node Type": "Sort","Parent Relationship": "Outer","Parallel Aware": false,"Async Capable": false,"Startup Cost": 23260.61,"Total Cost": 23297.82,"Plan Rows": 14881,"Plan Width": 40,"Actual Startup Time": 122.919,"Actual Total Time": 125.041,"Actual Rows": 23803,"Actual Loops": 5,"Sort Key": ["part.p_brand", "part.p_type", "part.p_size"],"Sort Method": "quicksort","Sort Space Used": 2860,"Sort Space Type": "Memory","Workers": [{"Worker Number": 0,"Sort Method": "quicksort","Sort Space Used": 2836,"Sort Space Type": "Memory"},{"Worker Number": 1,"Sort Method": "quicksort","Sort Space Used": 2825,"Sort Space Type": "Memory"},{"Worker Number": 2,"Sort Method": "quicksort","Sort Space Used": 2556,"Sort Space Type": "Memory"},{"Worker Number": 3,"Sort Method": "quicksort","Sort Space Used": 2561,"Sort Space Type": "Memory"}],"Plans": [{"Node Type": "Hash Join","Parent Relationship": "Outer","Parallel Aware": true,"Async Capable": false,"Join Type": "Inner","Startup Cost": 6682.77,"Total Cost": 22229.27,"Plan Rows": 14881,"Plan Width": 40,"Actual Startup Time": 30.523,"Actual Total Time": 80.960,"Actual Rows": 23803,"Actual Loops": 5,"Inner Unique": true,"Hash Cond": "(partsupp.ps_partkey = part.p_partkey)","Workers": [],"Plans": [{"Node Type": "Index Only Scan","Parent Relationship": "Outer","Parallel Aware": true,"Async Capable": false,"Scan Direction": "Forward","Index Name": "partsupp_pkey","Relation Name": "partsupp","Alias": "partsupp","Startup Cost": 347.43,"Total Cost": 15631.43,"Plan Rows": 100000,"Plan Width": 8,"Actual Startup Time": 7.475,"Actual Total Time": 32.282,"Actual Rows": 159936,"Actual Loops": 5,"Filter": "(NOT (hashed SubPlan 1))","Rows Removed by Filter": 64,"Heap Fetches": 0,"Workers": [],"Plans": [{"Node Type": "Seq Scan","Parent Relationship": "SubPlan","Subplan Name": "SubPlan 1","Parallel Aware": false,"Async Capable": false,"Relation Name": "supplier","Alias": "supplier","Startup Cost": 0.00,"Total Cost": 347.00,"Plan Rows": 1,"Plan Width": 4,"Actual Startup Time": 0.157,"Actual Total Time": 7.350,"Actual Rows": 4,"Actual Loops": 5,"Filter": "((s_comment)::text ~~ '%Customer%Complaints%'::text)","Rows Removed by Filter": 9996,"Workers": []}]},{"Node Type": "Hash","Parent Relationship": "Inner","Parallel Aware": true,"Async Capable": false,"Startup Cost": 6180.33,"Total Cost": 6180.33,"Plan Rows": 12401,"Plan Width": 40,"Actual Startup Time": 22.770,"Actual Total Time": 22.773,"Actual Rows": 5953,"Actual Loops": 5,"Hash Buckets": 32768,"Original Hash Buckets": 32768,"Hash Batches": 1,"Original Hash Batches": 1,"Peak Memory Usage": 2592,"Workers": [],"Plans": [{"Node Type": "Seq Scan","Parent Relationship": "Outer","Parallel Aware": true,"Async Capable": false,"Relation Name": "part","Alias": "part","Startup Cost": 0.00,"Total Cost": 6180.33,"Plan Rows": 12401,"Plan Width": 40,"Actual Startup Time": 0.068,"Actual Total Time": 19.055,"Actual Rows": 5953,"Actual Loops": 5,"Filter": "((p_brand <> 'Brand#14'::bpchar) AND ((p_type)::text !~~ 'MEDIUM BRUSHED%'::text) AND (p_size = ANY ('{4,32,12,44,28,50,9,14}'::integer[])))","Rows Removed by Filter": 34047,"Workers": []}]}]}]}]}]}]},"Planning Time": 3.891,"Triggers": [],"Execution Time": 237.636}]
[{"Plan": {"Node Type": "Sort","Parallel Aware": false,"Async Capable": false,"Startup Cost": 33222.82,"Total Cost": 33262.77,"Plan Rows": 15979,"Plan Width": 44,"Actual Startup Time": 242.217,"Actual Total Time": 243.816,"Actual Rows": 18245,"Actual Loops": 1,"Sort Key": ["(count(DISTINCT partsupp.ps_suppkey)) DESC", "part.p_brand", "part.p_type", "part.p_size"],"Sort Method": "quicksort","Sort Space Used": 2335,"Sort Space Type": "Memory","Plans": [{"Node Type": "Aggregate","Strategy": "Sorted","Partial Mode": "Simple","Parent Relationship": "Outer","Parallel Aware": false,"Async Capable": false,"Startup Cost": 24255.55,"Total Cost": 32107.17,"Plan Rows": 15979,"Plan Width": 44,"Actual Startup Time": 135.568,"Actual Total Time": 203.577,"Actual Rows": 18245,"Actual Loops": 1,"Group Key": ["part.p_brand", "part.p_type", "part.p_size"],"Plans": [{"Node Type": "Gather Merge","Parent Relationship": "Outer","Parallel Aware": false,"Async Capable": false,"Startup Cost": 24255.55,"Total Cost": 31354.49,"Plan Rows": 59289,"Plan Width": 40,"Actual Startup Time": 135.507,"Actual Total Time": 175.238,"Actual Rows": 118650,"Actual Loops": 1,"Workers Planned": 4,"Workers Launched": 4,"Plans": [{"Node Type": "Sort","Parent Relationship": "Outer","Parallel Aware": false,"Async Capable": false,"Startup Cost": 23255.49,"Total Cost": 23292.54,"Plan Rows": 14822,"Plan Width": 40,"Actual Startup Time": 123.759,"Actual Total Time": 126.438,"Actual Rows": 23730,"Actual Loops": 5,"Sort Key": ["part.p_brand", "part.p_type", "part.p_size"],"Sort Method": "quicksort","Sort Space Used": 2453,"Sort Space Type": "Memory","Workers": [{"Worker Number": 0,"Sort Method": "quicksort","Sort Space Used": 2917,"Sort Space Type": "Memory"},{"Worker Number": 1,"Sort Method": "quicksort","Sort Space Used": 2440,"Sort Space Type": "Memory"},{"Worker Number": 2,"Sort Method": "quicksort","Sort Space Used": 2889,"Sort Space Type": "Memory"},{"Worker Number": 3,"Sort Method": "quicksort","Sort Space Used": 2900,"Sort Space Type": "Memory"}],"Plans": [{"Node Type": "Hash Join","Parent Relationship": "Outer","Parallel Aware": true,"Async Capable": false,"Join Type": "Inner","Startup Cost": 6682.16,"Total Cost": 22228.66,"Plan Rows": 14822,"Plan Width": 40,"Actual Startup Time": 32.037,"Actual Total Time": 81.890,"Actual Rows": 23730,"Actual Loops": 5,"Inner Unique": true,"Hash Cond": "(partsupp.ps_partkey = part.p_partkey)","Workers": [],"Plans": [{"Node Type": "Index Only Scan","Parent Relationship": "Outer","Parallel Aware": true,"Async Capable": false,"Scan Direction": "Forward","Index Name": "partsupp_pkey","Relation Name": "partsupp","Alias": "partsupp","Startup Cost": 347.43,"Total Cost": 15631.43,"Plan Rows": 100000,"Plan Width": 8,"Actual Startup Time": 7.477,"Actual Total Time": 32.808,"Actual Rows": 159936,"Actual Loops": 5,"Filter": "(NOT (hashed SubPlan 1))","Rows Removed by Filter": 64,"Heap Fetches": 0,"Workers": [],"Plans": [{"Node Type": "Seq Scan","Parent Relationship": "SubPlan","Subplan Name": "SubPlan 1","Parallel Aware": false,"Async Capable": false,"Relation Name": "supplier","Alias": "supplier","Startup Cost": 0.00,"Total Cost": 347.00,"Plan Rows": 1,"Plan Width": 4,"Actual Startup Time": 0.180,"Actual Total Time": 7.319,"Actual Rows": 4,"Actual Loops": 5,"Filter": "((s_comment)::text ~~ '%Customer%Complaints%'::text)","Rows Removed by Filter": 9996,"Workers": []}]},{"Node Type": "Hash","Parent Relationship": "Inner","Parallel Aware": true,"Async Capable": false,"Startup Cost": 6180.33,"Total Cost": 6180.33,"Plan Rows": 12352,"Plan Width": 40,"Actual Startup Time": 24.299,"Actual Total Time": 24.304,"Actual Rows": 5935,"Actual Loops": 5,"Hash Buckets": 32768,"Original Hash Buckets": 32768,"Hash Batches": 1,"Original Hash Batches": 1,"Peak Memory Usage": 2560,"Workers": [],"Plans": [{"Node Type": "Seq Scan","Parent Relationship": "Outer","Parallel Aware": true,"Async Capable": false,"Relation Name": "part","Alias": "part","Startup Cost": 0.00,"Total Cost": 6180.33,"Plan Rows": 12352,"Plan Width": 40,"Actual Startup Time": 0.060,"Actual Total Time": 20.218,"Actual Rows": 5935,"Actual Loops": 5,"Filter": "((p_brand <> 'Brand#23'::bpchar) AND ((p_type)::text !~~ 'LARGE BURNISHED%'::text) AND (p_size = ANY ('{12,33,32,43,50,49,37,30}'::integer[])))","Rows Removed by Filter": 34065,"Workers": []}]}]}]}]}]}]},"Planning Time": 3.996,"Triggers": [],"Execution Time": 244.714}]
[{"Plan": {"Node Type": "Sort","Parallel Aware": false,"Async Capable": false,"Startup Cost": 33258.13,"Total Cost": 33298.15,"Plan Rows": 16005,"Plan Width": 44,"Actual Startup Time": 233.467,"Actual Total Time": 235.331,"Actual Rows": 18269,"Actual Loops": 1,"Sort Key": ["(count(DISTINCT partsupp.ps_suppkey)) DESC", "part.p_brand", "part.p_type", "part.p_size"],"Sort Method": "quicksort","Sort Space Used": 2338,"Sort Space Type": "Memory","Plans": [{"Node Type": "Aggregate","Strategy": "Sorted","Partial Mode": "Simple","Parent Relationship": "Outer","Parallel Aware": false,"Async Capable": false,"Startup Cost": 24260.32,"Total Cost": 32140.49,"Plan Rows": 16005,"Plan Width": 44,"Actual Startup Time": 129.248,"Actual Total Time": 195.365,"Actual Rows": 18269,"Actual Loops": 1,"Group Key": ["part.p_brand", "part.p_type", "part.p_size"],"Plans": [{"Node Type": "Gather Merge","Parent Relationship": "Outer","Parallel Aware": false,"Async Capable": false,"Startup Cost": 24260.32,"Total Cost": 31385.37,"Plan Rows": 59507,"Plan Width": 40,"Actual Startup Time": 129.178,"Actual Total Time": 167.889,"Actual Rows": 118822,"Actual Loops": 1,"Workers Planned": 4,"Workers Launched": 4,"Plans": [{"Node Type": "Sort","Parent Relationship": "Outer","Parallel Aware": false,"Async Capable": false,"Startup Cost": 23260.26,"Total Cost": 23297.45,"Plan Rows": 14877,"Plan Width": 40,"Actual Startup Time": 120.952,"Actual Total Time": 123.581,"Actual Rows": 23764,"Actual Loops": 5,"Sort Key": ["part.p_brand", "part.p_type", "part.p_size"],"Sort Method": "quicksort","Sort Space Used": 2726,"Sort Space Type": "Memory","Workers": [{"Worker Number": 0,"Sort Method": "quicksort","Sort Space Used": 2709,"Sort Space Type": "Memory"},{"Worker Number": 1,"Sort Method": "quicksort","Sort Space Used": 2722,"Sort Space Type": "Memory"},{"Worker Number": 2,"Sort Method": "quicksort","Sort Space Used": 2725,"Sort Space Type": "Memory"},{"Worker Number": 3,"Sort Method": "quicksort","Sort Space Used": 2744,"Sort Space Type": "Memory"}],"Plans": [{"Node Type": "Hash Join","Parent Relationship": "Outer","Parallel Aware": true,"Async Capable": false,"Join Type": "Inner","Startup Cost": 6682.72,"Total Cost": 22229.22,"Plan Rows": 14877,"Plan Width": 40,"Actual Startup Time": 29.059,"Actual Total Time": 79.375,"Actual Rows": 23764,"Actual Loops": 5,"Inner Unique": true,"Hash Cond": "(partsupp.ps_partkey = part.p_partkey)","Workers": [],"Plans": [{"Node Type": "Index Only Scan","Parent Relationship": "Outer","Parallel Aware": true,"Async Capable": false,"Scan Direction": "Forward","Index Name": "partsupp_pkey","Relation Name": "partsupp","Alias": "partsupp","Startup Cost": 347.43,"Total Cost": 15631.43,"Plan Rows": 100000,"Plan Width": 8,"Actual Startup Time": 6.549,"Actual Total Time": 31.511,"Actual Rows": 159936,"Actual Loops": 5,"Filter": "(NOT (hashed SubPlan 1))","Rows Removed by Filter": 64,"Heap Fetches": 0,"Workers": [],"Plans": [{"Node Type": "Seq Scan","Parent Relationship": "SubPlan","Subplan Name": "SubPlan 1","Parallel Aware": false,"Async Capable": false,"Relation Name": "supplier","Alias": "supplier","Startup Cost": 0.00,"Total Cost": 347.00,"Plan Rows": 1,"Plan Width": 4,"Actual Startup Time": 0.231,"Actual Total Time": 6.400,"Actual Rows": 4,"Actual Loops": 5,"Filter": "((s_comment)::text ~~ '%Customer%Complaints%'::text)","Rows Removed by Filter": 9996,"Workers": []}]},{"Node Type": "Hash","Parent Relationship": "Inner","Parallel Aware": true,"Async Capable": false,"Startup Cost": 6180.33,"Total Cost": 6180.33,"Plan Rows": 12397,"Plan Width": 40,"Actual Startup Time": 22.255,"Actual Total Time": 22.258,"Actual Rows": 5944,"Actual Loops": 5,"Hash Buckets": 32768,"Original Hash Buckets": 32768,"Hash Batches": 1,"Original Hash Batches": 1,"Peak Memory Usage": 2560,"Workers": [],"Plans": [{"Node Type": "Seq Scan","Parent Relationship": "Outer","Parallel Aware": true,"Async Capable": false,"Relation Name": "part","Alias": "part","Startup Cost": 0.00,"Total Cost": 6180.33,"Plan Rows": 12397,"Plan Width": 40,"Actual Startup Time": 0.043,"Actual Total Time": 18.399,"Actual Rows": 5944,"Actual Loops": 5,"Filter": "((p_brand <> 'Brand#11'::bpchar) AND ((p_type)::text !~~ 'SMALL POLISHED%'::text) AND (p_size = ANY ('{5,6,23,11,42,21,30,34}'::integer[])))","Rows Removed by Filter": 34056,"Workers": []}]}]}]}]}]}]},"Planning Time": 5.048,"Triggers": [],"Execution Time": 236.270}]
[{"Plan": {"Node Type": "Sort","Parallel Aware": false,"Async Capable": false,"Startup Cost": 33435.36,"Total Cost": 33475.69,"Plan Rows": 16132,"Plan Width": 44,"Actual Startup Time": 232.410,"Actual Total Time": 234.361,"Actual Rows": 18229,"Actual Loops": 1,"Sort Key": ["(count(DISTINCT partsupp.ps_suppkey)) DESC", "part.p_brand", "part.p_type", "part.p_size"],"Sort Method": "quicksort","Sort Space Used": 2334,"Sort Space Type": "Memory","Plans": [{"Node Type": "Aggregate","Strategy": "Sorted","Partial Mode": "Simple","Parent Relationship": "Outer","Parallel Aware": false,"Async Capable": false,"Startup Cost": 24284.16,"Total Cost": 32307.92,"Plan Rows": 16132,"Plan Width": 44,"Actual Startup Time": 130.279,"Actual Total Time": 196.863,"Actual Rows": 18229,"Actual Loops": 1,"Group Key": ["part.p_brand", "part.p_type", "part.p_size"],"Plans": [{"Node Type": "Gather Merge","Parent Relationship": "Outer","Parallel Aware": false,"Async Capable": false,"Startup Cost": 24284.16,"Total Cost": 31540.56,"Plan Rows": 60604,"Plan Width": 40,"Actual Startup Time": 130.219,"Actual Total Time": 169.384,"Actual Rows": 118956,"Actual Loops": 1,"Workers Planned": 4,"Workers Launched": 4,"Plans": [{"Node Type": "Sort","Parent Relationship": "Outer","Parallel Aware": false,"Async Capable": false,"Startup Cost": 23284.11,"Total Cost": 23321.98,"Plan Rows": 15151,"Plan Width": 40,"Actual Startup Time": 121.502,"Actual Total Time": 124.046,"Actual Rows": 23791,"Actual Loops": 5,"Sort Key": ["part.p_brand", "part.p_type", "part.p_size"],"Sort Method": "quicksort","Sort Space Used": 2693,"Sort Space Type": "Memory","Workers": [{"Worker Number": 0,"Sort Method": "quicksort","Sort Space Used": 2732,"Sort Space Type": "Memory"},{"Worker Number": 1,"Sort Method": "quicksort","Sort Space Used": 2743,"Sort Space Type": "Memory"},{"Worker Number": 2,"Sort Method": "quicksort","Sort Space Used": 2657,"Sort Space Type": "Memory"},{"Worker Number": 3,"Sort Method": "quicksort","Sort Space Used": 2799,"Sort Space Type": "Memory"}],"Plans": [{"Node Type": "Hash Join","Parent Relationship": "Outer","Parallel Aware": true,"Async Capable": false,"Join Type": "Inner","Startup Cost": 6685.59,"Total Cost": 22232.09,"Plan Rows": 15151,"Plan Width": 40,"Actual Startup Time": 29.692,"Actual Total Time": 79.896,"Actual Rows": 23791,"Actual Loops": 5,"Inner Unique": true,"Hash Cond": "(partsupp.ps_partkey = part.p_partkey)","Workers": [],"Plans": [{"Node Type": "Index Only Scan","Parent Relationship": "Outer","Parallel Aware": true,"Async Capable": false,"Scan Direction": "Forward","Index Name": "partsupp_pkey","Relation Name": "partsupp","Alias": "partsupp","Startup Cost": 347.43,"Total Cost": 15631.43,"Plan Rows": 100000,"Plan Width": 8,"Actual Startup Time": 7.387,"Actual Total Time": 32.383,"Actual Rows": 159936,"Actual Loops": 5,"Filter": "(NOT (hashed SubPlan 1))","Rows Removed by Filter": 64,"Heap Fetches": 0,"Workers": [],"Plans": [{"Node Type": "Seq Scan","Parent Relationship": "SubPlan","Subplan Name": "SubPlan 1","Parallel Aware": false,"Async Capable": false,"Relation Name": "supplier","Alias": "supplier","Startup Cost": 0.00,"Total Cost": 347.00,"Plan Rows": 1,"Plan Width": 4,"Actual Startup Time": 0.160,"Actual Total Time": 7.233,"Actual Rows": 4,"Actual Loops": 5,"Filter": "((s_comment)::text ~~ '%Customer%Complaints%'::text)","Rows Removed by Filter": 9996,"Workers": []}]},{"Node Type": "Hash","Parent Relationship": "Inner","Parallel Aware": true,"Async Capable": false,"Startup Cost": 6180.33,"Total Cost": 6180.33,"Plan Rows": 12626,"Plan Width": 40,"Actual Startup Time": 22.074,"Actual Total Time": 22.078,"Actual Rows": 5950,"Actual Loops": 5,"Hash Buckets": 32768,"Original Hash Buckets": 32768,"Hash Batches": 1,"Original Hash Batches": 1,"Peak Memory Usage": 2560,"Workers": [],"Plans": [{"Node Type": "Seq Scan","Parent Relationship": "Outer","Parallel Aware": true,"Async Capable": false,"Relation Name": "part","Alias": "part","Startup Cost": 0.00,"Total Cost": 6180.33,"Plan Rows": 12626,"Plan Width": 40,"Actual Startup Time": 0.047,"Actual Total Time": 18.639,"Actual Rows": 5950,"Actual Loops": 5,"Filter": "((p_brand <> 'Brand#35'::bpchar) AND ((p_type)::text !~~ 'ECONOMY ANODIZED%'::text) AND (p_size = ANY ('{42,22,14,41,11,27,19,29}'::integer[])))","Rows Removed by Filter": 34050,"Workers": []}]}]}]}]}]}]},"Planning Time": 3.890,"Triggers": [],"Execution Time": 235.723}]
[{"Plan": {"Node Type": "Sort","Parallel Aware": false,"Async Capable": false,"Startup Cost": 33163.34,"Total Cost": 33203.18,"Plan Rows": 15936,"Plan Width": 44,"Actual Startup Time": 235.429,"Actual Total Time": 237.374,"Actual Rows": 18368,"Actual Loops": 1,"Sort Key": ["(count(DISTINCT partsupp.ps_suppkey)) DESC", "part.p_brand", "part.p_type", "part.p_size"],"Sort Method": "quicksort","Sort Space Used": 2346,"Sort Space Type": "Memory","Plans": [{"Node Type": "Aggregate","Strategy": "Sorted","Partial Mode": "Simple","Parent Relationship": "Outer","Parallel Aware": false,"Async Capable": false,"Startup Cost": 24247.55,"Total Cost": 32051.00,"Plan Rows": 15936,"Plan Width": 44,"Actual Startup Time": 129.841,"Actual Total Time": 196.750,"Actual Rows": 18368,"Actual Loops": 1,"Group Key": ["part.p_brand", "part.p_type", "part.p_size"],"Plans": [{"Node Type": "Gather Merge","Parent Relationship": "Outer","Parallel Aware": false,"Async Capable": false,"Startup Cost": 24247.55,"Total Cost": 31302.43,"Plan Rows": 58921,"Plan Width": 40,"Actual Startup Time": 129.762,"Actual Total Time": 168.825,"Actual Rows": 120022,"Actual Loops": 1,"Workers Planned": 4,"Workers Launched": 4,"Plans": [{"Node Type": "Sort","Parent Relationship": "Outer","Parallel Aware": false,"Async Capable": false,"Startup Cost": 23247.49,"Total Cost": 23284.32,"Plan Rows": 14730,"Plan Width": 40,"Actual Startup Time": 122.026,"Actual Total Time": 124.643,"Actual Rows": 24004,"Actual Loops": 5,"Sort Key": ["part.p_brand", "part.p_type", "part.p_size"],"Sort Method": "quicksort","Sort Space Used": 2698,"Sort Space Type": "Memory","Workers": [{"Worker Number": 0,"Sort Method": "quicksort","Sort Space Used": 2776,"Sort Space Type": "Memory"},{"Worker Number": 1,"Sort Method": "quicksort","Sort Space Used": 2763,"Sort Space Type": "Memory"},{"Worker Number": 2,"Sort Method": "quicksort","Sort Space Used": 2709,"Sort Space Type": "Memory"},{"Worker Number": 3,"Sort Method": "quicksort","Sort Space Used": 2766,"Sort Space Type": "Memory"}],"Plans": [{"Node Type": "Hash Join","Parent Relationship": "Outer","Parallel Aware": true,"Async Capable": false,"Join Type": "Inner","Startup Cost": 6681.20,"Total Cost": 22227.70,"Plan Rows": 14730,"Plan Width": 40,"Actual Startup Time": 30.031,"Actual Total Time": 79.994,"Actual Rows": 24004,"Actual Loops": 5,"Inner Unique": true,"Hash Cond": "(partsupp.ps_partkey = part.p_partkey)","Workers": [],"Plans": [{"Node Type": "Index Only Scan","Parent Relationship": "Outer","Parallel Aware": true,"Async Capable": false,"Scan Direction": "Forward","Index Name": "partsupp_pkey","Relation Name": "partsupp","Alias": "partsupp","Startup Cost": 347.43,"Total Cost": 15631.43,"Plan Rows": 100000,"Plan Width": 8,"Actual Startup Time": 7.174,"Actual Total Time": 31.794,"Actual Rows": 159936,"Actual Loops": 5,"Filter": "(NOT (hashed SubPlan 1))","Rows Removed by Filter": 64,"Heap Fetches": 0,"Workers": [],"Plans": [{"Node Type": "Seq Scan","Parent Relationship": "SubPlan","Subplan Name": "SubPlan 1","Parallel Aware": false,"Async Capable": false,"Relation Name": "supplier","Alias": "supplier","Startup Cost": 0.00,"Total Cost": 347.00,"Plan Rows": 1,"Plan Width": 4,"Actual Startup Time": 0.165,"Actual Total Time": 7.032,"Actual Rows": 4,"Actual Loops": 5,"Filter": "((s_comment)::text ~~ '%Customer%Complaints%'::text)","Rows Removed by Filter": 9996,"Workers": []}]},{"Node Type": "Hash","Parent Relationship": "Inner","Parallel Aware": true,"Async Capable": false,"Startup Cost": 6180.33,"Total Cost": 6180.33,"Plan Rows": 12275,"Plan Width": 40,"Actual Startup Time": 22.579,"Actual Total Time": 22.583,"Actual Rows": 6004,"Actual Loops": 5,"Hash Buckets": 32768,"Original Hash Buckets": 32768,"Hash Batches": 1,"Original Hash Batches": 1,"Peak Memory Usage": 2560,"Workers": [],"Plans": [{"Node Type": "Seq Scan","Parent Relationship": "Outer","Parallel Aware": true,"Async Capable": false,"Relation Name": "part","Alias": "part","Startup Cost": 0.00,"Total Cost": 6180.33,"Plan Rows": 12275,"Plan Width": 40,"Actual Startup Time": 0.057,"Actual Total Time": 18.833,"Actual Rows": 6004,"Actual Loops": 5,"Filter": "((p_brand <> 'Brand#44'::bpchar) AND ((p_type)::text !~~ 'MEDIUM BURNISHED%'::text) AND (p_size = ANY ('{29,24,42,11,22,2,48,37}'::integer[])))","Rows Removed by Filter": 33996,"Workers": []}]}]}]}]}]}]},"Planning Time": 4.517,"Triggers": [],"Execution Time": 238.629}]
[{"Plan": {"Node Type": "Sort","Parallel Aware": false,"Async Capable": false,"Startup Cost": 33405.18,"Total Cost": 33445.46,"Plan Rows": 16111,"Plan Width": 44,"Actual Startup Time": 240.734,"Actual Total Time": 242.640,"Actual Rows": 18346,"Actual Loops": 1,"Sort Key": ["(count(DISTINCT partsupp.ps_suppkey)) DESC", "part.p_brand", "part.p_type", "part.p_size"],"Sort Method": "quicksort","Sort Space Used": 2344,"Sort Space Type": "Memory","Plans": [{"Node Type": "Aggregate","Strategy": "Sorted","Partial Mode": "Simple","Parent Relationship": "Outer","Parallel Aware": false,"Async Capable": false,"Startup Cost": 24280.07,"Total Cost": 32279.36,"Plan Rows": 16111,"Plan Width": 44,"Actual Startup Time": 134.303,"Actual Total Time": 200.466,"Actual Rows": 18346,"Actual Loops": 1,"Group Key": ["part.p_brand", "part.p_type", "part.p_size"],"Plans": [{"Node Type": "Gather Merge","Parent Relationship": "Outer","Parallel Aware": false,"Async Capable": false,"Startup Cost": 24280.07,"Total Cost": 31514.08,"Plan Rows": 60417,"Plan Width": 40,"Actual Startup Time": 134.221,"Actual Total Time": 172.813,"Actual Rows": 120231,"Actual Loops": 1,"Workers Planned": 4,"Workers Launched": 4,"Plans": [{"Node Type": "Sort","Parent Relationship": "Outer","Parallel Aware": false,"Async Capable": false,"Startup Cost": 23280.02,"Total Cost": 23317.78,"Plan Rows": 15104,"Plan Width": 40,"Actual Startup Time": 124.043,"Actual Total Time": 126.422,"Actual Rows": 24046,"Actual Loops": 5,"Sort Key": ["part.p_brand", "part.p_type", "part.p_size"],"Sort Method": "quicksort","Sort Space Used": 2707,"Sort Space Type": "Memory","Workers": [{"Worker Number": 0,"Sort Method": "quicksort","Sort Space Used": 2683,"Sort Space Type": "Memory"},{"Worker Number": 1,"Sort Method": "quicksort","Sort Space Used": 2666,"Sort Space Type": "Memory"},{"Worker Number": 2,"Sort Method": "quicksort","Sort Space Used": 2848,"Sort Space Type": "Memory"},{"Worker Number": 3,"Sort Method": "quicksort","Sort Space Used": 2818,"Sort Space Type": "Memory"}],"Plans": [{"Node Type": "Hash Join","Parent Relationship": "Outer","Parallel Aware": true,"Async Capable": false,"Join Type": "Inner","Startup Cost": 6685.10,"Total Cost": 22231.60,"Plan Rows": 15104,"Plan Width": 40,"Actual Startup Time": 31.016,"Actual Total Time": 81.894,"Actual Rows": 24046,"Actual Loops": 5,"Inner Unique": true,"Hash Cond": "(partsupp.ps_partkey = part.p_partkey)","Workers": [],"Plans": [{"Node Type": "Index Only Scan","Parent Relationship": "Outer","Parallel Aware": true,"Async Capable": false,"Scan Direction": "Forward","Index Name": "partsupp_pkey","Relation Name": "partsupp","Alias": "partsupp","Startup Cost": 347.43,"Total Cost": 15631.43,"Plan Rows": 100000,"Plan Width": 8,"Actual Startup Time": 7.687,"Actual Total Time": 33.725,"Actual Rows": 159936,"Actual Loops": 5,"Filter": "(NOT (hashed SubPlan 1))","Rows Removed by Filter": 64,"Heap Fetches": 0,"Workers": [],"Plans": [{"Node Type": "Seq Scan","Parent Relationship": "SubPlan","Subplan Name": "SubPlan 1","Parallel Aware": false,"Async Capable": false,"Relation Name": "supplier","Alias": "supplier","Startup Cost": 0.00,"Total Cost": 347.00,"Plan Rows": 1,"Plan Width": 4,"Actual Startup Time": 0.174,"Actual Total Time": 7.512,"Actual Rows": 4,"Actual Loops": 5,"Filter": "((s_comment)::text ~~ '%Customer%Complaints%'::text)","Rows Removed by Filter": 9996,"Workers": []}]},{"Node Type": "Hash","Parent Relationship": "Inner","Parallel Aware": true,"Async Capable": false,"Startup Cost": 6180.33,"Total Cost": 6180.33,"Plan Rows": 12587,"Plan Width": 40,"Actual Startup Time": 23.009,"Actual Total Time": 23.013,"Actual Rows": 6013,"Actual Loops": 5,"Hash Buckets": 32768,"Original Hash Buckets": 32768,"Hash Batches": 1,"Original Hash Batches": 1,"Peak Memory Usage": 2592,"Workers": [],"Plans": [{"Node Type": "Seq Scan","Parent Relationship": "Outer","Parallel Aware": true,"Async Capable": false,"Relation Name": "part","Alias": "part","Startup Cost": 0.00,"Total Cost": 6180.33,"Plan Rows": 12587,"Plan Width": 40,"Actual Startup Time": 0.068,"Actual Total Time": 19.426,"Actual Rows": 6013,"Actual Loops": 5,"Filter": "((p_brand <> 'Brand#35'::bpchar) AND ((p_type)::text !~~ 'ECONOMY BURNISHED%'::text) AND (p_size = ANY ('{48,47,10,7,12,1,38,13}'::integer[])))","Rows Removed by Filter": 33987,"Workers": []}]}]}]}]}]}]},"Planning Time": 4.308,"Triggers": [],"Execution Time": 244.011}]
[{"Plan": {"Node Type": "Sort","Parallel Aware": false,"Async Capable": false,"Startup Cost": 33207.32,"Total Cost": 33247.24,"Plan Rows": 15968,"Plan Width": 44,"Actual Startup Time": 232.372,"Actual Total Time": 234.083,"Actual Rows": 18224,"Actual Loops": 1,"Sort Key": ["(count(DISTINCT partsupp.ps_suppkey)) DESC", "part.p_brand", "part.p_type", "part.p_size"],"Sort Method": "quicksort","Sort Space Used": 2334,"Sort Space Type": "Memory","Plans": [{"Node Type": "Aggregate","Strategy": "Sorted","Partial Mode": "Simple","Parent Relationship": "Outer","Parallel Aware": false,"Async Capable": false,"Startup Cost": 24253.46,"Total Cost": 32092.52,"Plan Rows": 15968,"Plan Width": 44,"Actual Startup Time": 130.075,"Actual Total Time": 195.484,"Actual Rows": 18224,"Actual Loops": 1,"Group Key": ["part.p_brand", "part.p_type", "part.p_size"],"Plans": [{"Node Type": "Gather Merge","Parent Relationship": "Outer","Parallel Aware": false,"Async Capable": false,"Startup Cost": 24253.46,"Total Cost": 31340.91,"Plan Rows": 59193,"Plan Width": 40,"Actual Startup Time": 129.992,"Actual Total Time": 167.911,"Actual Rows": 119236,"Actual Loops": 1,"Workers Planned": 4,"Workers Launched": 4,"Plans": [{"Node Type": "Sort","Parent Relationship": "Outer","Parallel Aware": false,"Async Capable": false,"Startup Cost": 23253.40,"Total Cost": 23290.40,"Plan Rows": 14798,"Plan Width": 40,"Actual Startup Time": 120.828,"Actual Total Time": 123.271,"Actual Rows": 23847,"Actual Loops": 5,"Sort Key": ["part.p_brand", "part.p_type", "part.p_size"],"Sort Method": "quicksort","Sort Space Used": 2675,"Sort Space Type": "Memory","Workers": [{"Worker Number": 0,"Sort Method": "quicksort","Sort Space Used": 2647,"Sort Space Type": "Memory"},{"Worker Number": 1,"Sort Method": "quicksort","Sort Space Used": 2787,"Sort Space Type": "Memory"},{"Worker Number": 2,"Sort Method": "quicksort","Sort Space Used": 2705,"Sort Space Type": "Memory"},{"Worker Number": 3,"Sort Method": "quicksort","Sort Space Used": 2835,"Sort Space Type": "Memory"}],"Plans": [{"Node Type": "Hash Join","Parent Relationship": "Outer","Parallel Aware": true,"Async Capable": false,"Join Type": "Inner","Startup Cost": 6681.91,"Total Cost": 22228.41,"Plan Rows": 14798,"Plan Width": 40,"Actual Startup Time": 31.261,"Actual Total Time": 79.193,"Actual Rows": 23847,"Actual Loops": 5,"Inner Unique": true,"Hash Cond": "(partsupp.ps_partkey = part.p_partkey)","Workers": [],"Plans": [{"Node Type": "Index Only Scan","Parent Relationship": "Outer","Parallel Aware": true,"Async Capable": false,"Scan Direction": "Forward","Index Name": "partsupp_pkey","Relation Name": "partsupp","Alias": "partsupp","Startup Cost": 347.43,"Total Cost": 15631.43,"Plan Rows": 100000,"Plan Width": 8,"Actual Startup Time": 7.858,"Actual Total Time": 32.509,"Actual Rows": 159936,"Actual Loops": 5,"Filter": "(NOT (hashed SubPlan 1))","Rows Removed by Filter": 64,"Heap Fetches": 0,"Workers": [],"Plans": [{"Node Type": "Seq Scan","Parent Relationship": "SubPlan","Subplan Name": "SubPlan 1","Parallel Aware": false,"Async Capable": false,"Relation Name": "supplier","Alias": "supplier","Startup Cost": 0.00,"Total Cost": 347.00,"Plan Rows": 1,"Plan Width": 4,"Actual Startup Time": 0.212,"Actual Total Time": 7.701,"Actual Rows": 4,"Actual Loops": 5,"Filter": "((s_comment)::text ~~ '%Customer%Complaints%'::text)","Rows Removed by Filter": 9996,"Workers": []}]},{"Node Type": "Hash","Parent Relationship": "Inner","Parallel Aware": true,"Async Capable": false,"Startup Cost": 6180.33,"Total Cost": 6180.33,"Plan Rows": 12332,"Plan Width": 40,"Actual Startup Time": 23.162,"Actual Total Time": 23.164,"Actual Rows": 5964,"Actual Loops": 5,"Hash Buckets": 32768,"Original Hash Buckets": 32768,"Hash Batches": 1,"Original Hash Batches": 1,"Peak Memory Usage": 2560,"Workers": [],"Plans": [{"Node Type": "Seq Scan","Parent Relationship": "Outer","Parallel Aware": true,"Async Capable": false,"Relation Name": "part","Alias": "part","Startup Cost": 0.00,"Total Cost": 6180.33,"Plan Rows": 12332,"Plan Width": 40,"Actual Startup Time": 0.043,"Actual Total Time": 19.538,"Actual Rows": 5964,"Actual Loops": 5,"Filter": "((p_brand <> 'Brand#22'::bpchar) AND ((p_type)::text !~~ 'MEDIUM ANODIZED%'::text) AND (p_size = ANY ('{39,11,12,6,30,35,15,13}'::integer[])))","Rows Removed by Filter": 34036,"Workers": []}]}]}]}]}]}]},"Planning Time": 4.659,"Triggers": [],"Execution Time": 234.998}]
[{"Plan": {"Node Type": "Sort","Parallel Aware": false,"Async Capable": false,"Startup Cost": 33217.01,"Total Cost": 33256.95,"Plan Rows": 15975,"Plan Width": 44,"Actual Startup Time": 235.177,"Actual Total Time": 237.188,"Actual Rows": 18305,"Actual Loops": 1,"Sort Key": ["(count(DISTINCT partsupp.ps_suppkey)) DESC", "part.p_brand", "part.p_type", "part.p_size"],"Sort Method": "quicksort","Sort Space Used": 2342,"Sort Space Type": "Memory","Plans": [{"Node Type": "Aggregate","Strategy": "Sorted","Partial Mode": "Simple","Parent Relationship": "Outer","Parallel Aware": false,"Async Capable": false,"Startup Cost": 24254.76,"Total Cost": 32101.67,"Plan Rows": 15975,"Plan Width": 44,"Actual Startup Time": 130.524,"Actual Total Time": 196.594,"Actual Rows": 18305,"Actual Loops": 1,"Group Key": ["part.p_brand", "part.p_type", "part.p_size"],"Plans": [{"Node Type": "Gather Merge","Parent Relationship": "Outer","Parallel Aware": false,"Async Capable": false,"Startup Cost": 24254.76,"Total Cost": 31349.39,"Plan Rows": 59253,"Plan Width": 40,"Actual Startup Time": 130.432,"Actual Total Time": 169.231,"Actual Rows": 118483,"Actual Loops": 1,"Workers Planned": 4,"Workers Launched": 4,"Plans": [{"Node Type": "Sort","Parent Relationship": "Outer","Parallel Aware": false,"Async Capable": false,"Startup Cost": 23254.70,"Total Cost": 23291.73,"Plan Rows": 14813,"Plan Width": 40,"Actual Startup Time": 120.449,"Actual Total Time": 122.790,"Actual Rows": 23697,"Actual Loops": 5,"Sort Key": ["part.p_brand", "part.p_type", "part.p_size"],"Sort Method": "quicksort","Sort Space Used": 2644,"Sort Space Type": "Memory","Workers": [{"Worker Number": 0,"Sort Method": "quicksort","Sort Space Used": 2626,"Sort Space Type": "Memory"},{"Worker Number": 1,"Sort Method": "quicksort","Sort Space Used": 2859,"Sort Space Type": "Memory"},{"Worker Number": 2,"Sort Method": "quicksort","Sort Space Used": 2631,"Sort Space Type": "Memory"},{"Worker Number": 3,"Sort Method": "quicksort","Sort Space Used": 2851,"Sort Space Type": "Memory"}],"Plans": [{"Node Type": "Hash Join","Parent Relationship": "Outer","Parallel Aware": true,"Async Capable": false,"Join Type": "Inner","Startup Cost": 6682.06,"Total Cost": 22228.56,"Plan Rows": 14813,"Plan Width": 40,"Actual Startup Time": 29.111,"Actual Total Time": 78.885,"Actual Rows": 23697,"Actual Loops": 5,"Inner Unique": true,"Hash Cond": "(partsupp.ps_partkey = part.p_partkey)","Workers": [],"Plans": [{"Node Type": "Index Only Scan","Parent Relationship": "Outer","Parallel Aware": true,"Async Capable": false,"Scan Direction": "Forward","Index Name": "partsupp_pkey","Relation Name": "partsupp","Alias": "partsupp","Startup Cost": 347.43,"Total Cost": 15631.43,"Plan Rows": 100000,"Plan Width": 8,"Actual Startup Time": 7.327,"Actual Total Time": 32.913,"Actual Rows": 159936,"Actual Loops": 5,"Filter": "(NOT (hashed SubPlan 1))","Rows Removed by Filter": 64,"Heap Fetches": 0,"Workers": [],"Plans": [{"Node Type": "Seq Scan","Parent Relationship": "SubPlan","Subplan Name": "SubPlan 1","Parallel Aware": false,"Async Capable": false,"Relation Name": "supplier","Alias": "supplier","Startup Cost": 0.00,"Total Cost": 347.00,"Plan Rows": 1,"Plan Width": 4,"Actual Startup Time": 0.128,"Actual Total Time": 7.171,"Actual Rows": 4,"Actual Loops": 5,"Filter": "((s_comment)::text ~~ '%Customer%Complaints%'::text)","Rows Removed by Filter": 9996,"Workers": []}]},{"Node Type": "Hash","Parent Relationship": "Inner","Parallel Aware": true,"Async Capable": false,"Startup Cost": 6180.33,"Total Cost": 6180.33,"Plan Rows": 12344,"Plan Width": 40,"Actual Startup Time": 21.513,"Actual Total Time": 21.517,"Actual Rows": 5927,"Actual Loops": 5,"Hash Buckets": 32768,"Original Hash Buckets": 32768,"Hash Batches": 1,"Original Hash Batches": 1,"Peak Memory Usage": 2560,"Workers": [],"Plans": [{"Node Type": "Seq Scan","Parent Relationship": "Outer","Parallel Aware": true,"Async Capable": false,"Relation Name": "part","Alias": "part","Startup Cost": 0.00,"Total Cost": 6180.33,"Plan Rows": 12344,"Plan Width": 40,"Actual Startup Time": 0.050,"Actual Total Time": 18.296,"Actual Rows": 5927,"Actual Loops": 5,"Filter": "((p_brand <> 'Brand#53'::bpchar) AND ((p_type)::text !~~ 'LARGE PLATED%'::text) AND (p_size = ANY ('{26,25,19,42,33,14,24,44}'::integer[])))","Rows Removed by Filter": 34073,"Workers": []}]}]}]}]}]}]},"Planning Time": 3.727,"Triggers": [],"Execution Time": 238.423}]
[{"Plan": {"Node Type": "Sort","Parallel Aware": false,"Async Capable": false,"Startup Cost": 33112.04,"Total Cost": 33151.79,"Plan Rows": 15898,"Plan Width": 44,"Actual Startup Time": 248.793,"Actual Total Time": 250.490,"Actual Rows": 18146,"Actual Loops": 1,"Sort Key": ["(count(DISTINCT partsupp.ps_suppkey)) DESC", "part.p_brand", "part.p_type", "part.p_size"],"Sort Method": "quicksort","Sort Space Used": 2327,"Sort Space Type": "Memory","Plans": [{"Node Type": "Aggregate","Strategy": "Sorted","Partial Mode": "Simple","Parent Relationship": "Outer","Parallel Aware": false,"Async Capable": false,"Startup Cost": 24240.69,"Total Cost": 32002.64,"Plan Rows": 15898,"Plan Width": 44,"Actual Startup Time": 140.429,"Actual Total Time": 210.457,"Actual Rows": 18146,"Actual Loops": 1,"Group Key": ["part.p_brand", "part.p_type", "part.p_size"],"Plans": [{"Node Type": "Gather Merge","Parent Relationship": "Outer","Parallel Aware": false,"Async Capable": false,"Startup Cost": 24240.69,"Total Cost": 31257.62,"Plan Rows": 58604,"Plan Width": 40,"Actual Startup Time": 140.369,"Actual Total Time": 181.045,"Actual Rows": 117890,"Actual Loops": 1,"Workers Planned": 4,"Workers Launched": 4,"Plans": [{"Node Type": "Sort","Parent Relationship": "Outer","Parallel Aware": false,"Async Capable": false,"Startup Cost": 23240.63,"Total Cost": 23277.26,"Plan Rows": 14651,"Plan Width": 40,"Actual Startup Time": 121.274,"Actual Total Time": 124.098,"Actual Rows": 23578,"Actual Loops": 5,"Sort Key": ["part.p_brand", "part.p_type", "part.p_size"],"Sort Method": "quicksort","Sort Space Used": 2370,"Sort Space Type": "Memory","Workers": [{"Worker Number": 0,"Sort Method": "quicksort","Sort Space Used": 2829,"Sort Space Type": "Memory"},{"Worker Number": 1,"Sort Method": "quicksort","Sort Space Used": 2755,"Sort Space Type": "Memory"},{"Worker Number": 2,"Sort Method": "quicksort","Sort Space Used": 2785,"Sort Space Type": "Memory"},{"Worker Number": 3,"Sort Method": "quicksort","Sort Space Used": 2799,"Sort Space Type": "Memory"}],"Plans": [{"Node Type": "Hash Join","Parent Relationship": "Outer","Parallel Aware": true,"Async Capable": false,"Join Type": "Inner","Startup Cost": 6680.37,"Total Cost": 22226.87,"Plan Rows": 14651,"Plan Width": 40,"Actual Startup Time": 28.675,"Actual Total Time": 77.545,"Actual Rows": 23578,"Actual Loops": 5,"Inner Unique": true,"Hash Cond": "(partsupp.ps_partkey = part.p_partkey)","Workers": [],"Plans": [{"Node Type": "Index Only Scan","Parent Relationship": "Outer","Parallel Aware": true,"Async Capable": false,"Scan Direction": "Forward","Index Name": "partsupp_pkey","Relation Name": "partsupp","Alias": "partsupp","Startup Cost": 347.43,"Total Cost": 15631.43,"Plan Rows": 100000,"Plan Width": 8,"Actual Startup Time": 7.292,"Actual Total Time": 32.738,"Actual Rows": 159936,"Actual Loops": 5,"Filter": "(NOT (hashed SubPlan 1))","Rows Removed by Filter": 64,"Heap Fetches": 0,"Workers": [],"Plans": [{"Node Type": "Seq Scan","Parent Relationship": "SubPlan","Subplan Name": "SubPlan 1","Parallel Aware": false,"Async Capable": false,"Relation Name": "supplier","Alias": "supplier","Startup Cost": 0.00,"Total Cost": 347.00,"Plan Rows": 1,"Plan Width": 4,"Actual Startup Time": 0.137,"Actual Total Time": 7.130,"Actual Rows": 4,"Actual Loops": 5,"Filter": "((s_comment)::text ~~ '%Customer%Complaints%'::text)","Rows Removed by Filter": 9996,"Workers": []}]},{"Node Type": "Hash","Parent Relationship": "Inner","Parallel Aware": true,"Async Capable": false,"Startup Cost": 6180.33,"Total Cost": 6180.33,"Plan Rows": 12209,"Plan Width": 40,"Actual Startup Time": 21.104,"Actual Total Time": 21.108,"Actual Rows": 5897,"Actual Loops": 5,"Hash Buckets": 32768,"Original Hash Buckets": 32768,"Hash Batches": 1,"Original Hash Batches": 1,"Peak Memory Usage": 2528,"Workers": [],"Plans": [{"Node Type": "Seq Scan","Parent Relationship": "Outer","Parallel Aware": true,"Async Capable": false,"Relation Name": "part","Alias": "part","Startup Cost": 0.00,"Total Cost": 6180.33,"Plan Rows": 12209,"Plan Width": 40,"Actual Startup Time": 0.067,"Actual Total Time": 17.560,"Actual Rows": 5897,"Actual Loops": 5,"Filter": "((p_brand <> 'Brand#12'::bpchar) AND ((p_type)::text !~~ 'STANDARD PLATED%'::text) AND (p_size = ANY ('{23,13,6,33,8,1,37,46}'::integer[])))","Rows Removed by Filter": 34103,"Workers": []}]}]}]}]}]}]},"Planning Time": 4.663,"Triggers": [],"Execution Time": 251.390}]
[{"Plan": {"Node Type": "Sort","Parallel Aware": false,"Async Capable": false,"Startup Cost": 33469.31,"Total Cost": 33509.70,"Plan Rows": 16156,"Plan Width": 44,"Actual Startup Time": 237.803,"Actual Total Time": 239.625,"Actual Rows": 18432,"Actual Loops": 1,"Sort Key": ["(count(DISTINCT partsupp.ps_suppkey)) DESC", "part.p_brand", "part.p_type", "part.p_size"],"Sort Method": "quicksort","Sort Space Used": 2352,"Sort Space Type": "Memory","Plans": [{"Node Type": "Aggregate","Strategy": "Sorted","Partial Mode": "Simple","Parent Relationship": "Outer","Parallel Aware": false,"Async Capable": false,"Startup Cost": 24288.78,"Total Cost": 32340.02,"Plan Rows": 16156,"Plan Width": 44,"Actual Startup Time": 132.026,"Actual Total Time": 199.164,"Actual Rows": 18432,"Actual Loops": 1,"Group Key": ["part.p_brand", "part.p_type", "part.p_size"],"Plans": [{"Node Type": "Gather Merge","Parent Relationship": "Outer","Parallel Aware": false,"Async Capable": false,"Startup Cost": 24288.78,"Total Cost": 31570.32,"Plan Rows": 60814,"Plan Width": 40,"Actual Startup Time": 131.956,"Actual Total Time": 171.490,"Actual Rows": 120006,"Actual Loops": 1,"Workers Planned": 4,"Workers Launched": 4,"Plans": [{"Node Type": "Sort","Parent Relationship": "Outer","Parallel Aware": false,"Async Capable": false,"Startup Cost": 23288.72,"Total Cost": 23326.73,"Plan Rows": 15204,"Plan Width": 40,"Actual Startup Time": 123.318,"Actual Total Time": 125.829,"Actual Rows": 24001,"Actual Loops": 5,"Sort Key": ["part.p_brand", "part.p_type", "part.p_size"],"Sort Method": "quicksort","Sort Space Used": 2686,"Sort Space Type": "Memory","Workers": [{"Worker Number": 0,"Sort Method": "quicksort","Sort Space Used": 2760,"Sort Space Type": "Memory"},{"Worker Number": 1,"Sort Method": "quicksort","Sort Space Used": 2797,"Sort Space Type": "Memory"},{"Worker Number": 2,"Sort Method": "quicksort","Sort Space Used": 2721,"Sort Space Type": "Memory"},{"Worker Number": 3,"Sort Method": "quicksort","Sort Space Used": 2759,"Sort Space Type": "Memory"}],"Plans": [{"Node Type": "Hash Join","Parent Relationship": "Outer","Parallel Aware": true,"Async Capable": false,"Join Type": "Inner","Startup Cost": 6686.14,"Total Cost": 22232.64,"Plan Rows": 15204,"Plan Width": 40,"Actual Startup Time": 30.499,"Actual Total Time": 81.191,"Actual Rows": 24001,"Actual Loops": 5,"Inner Unique": true,"Hash Cond": "(partsupp.ps_partkey = part.p_partkey)","Workers": [],"Plans": [{"Node Type": "Index Only Scan","Parent Relationship": "Outer","Parallel Aware": true,"Async Capable": false,"Scan Direction": "Forward","Index Name": "partsupp_pkey","Relation Name": "partsupp","Alias": "partsupp","Startup Cost": 347.43,"Total Cost": 15631.43,"Plan Rows": 100000,"Plan Width": 8,"Actual Startup Time": 7.506,"Actual Total Time": 32.730,"Actual Rows": 159936,"Actual Loops": 5,"Filter": "(NOT (hashed SubPlan 1))","Rows Removed by Filter": 64,"Heap Fetches": 0,"Workers": [],"Plans": [{"Node Type": "Seq Scan","Parent Relationship": "SubPlan","Subplan Name": "SubPlan 1","Parallel Aware": false,"Async Capable": false,"Relation Name": "supplier","Alias": "supplier","Startup Cost": 0.00,"Total Cost": 347.00,"Plan Rows": 1,"Plan Width": 4,"Actual Startup Time": 0.142,"Actual Total Time": 7.346,"Actual Rows": 4,"Actual Loops": 5,"Filter": "((s_comment)::text ~~ '%Customer%Complaints%'::text)","Rows Removed by Filter": 9996,"Workers": []}]},{"Node Type": "Hash","Parent Relationship": "Inner","Parallel Aware": true,"Async Capable": false,"Startup Cost": 6180.33,"Total Cost": 6180.33,"Plan Rows": 12670,"Plan Width": 40,"Actual Startup Time": 22.715,"Actual Total Time": 22.719,"Actual Rows": 6003,"Actual Loops": 5,"Hash Buckets": 32768,"Original Hash Buckets": 32768,"Hash Batches": 1,"Original Hash Batches": 1,"Peak Memory Usage": 2560,"Workers": [],"Plans": [{"Node Type": "Seq Scan","Parent Relationship": "Outer","Parallel Aware": true,"Async Capable": false,"Relation Name": "part","Alias": "part","Startup Cost": 0.00,"Total Cost": 6180.33,"Plan Rows": 12670,"Plan Width": 40,"Actual Startup Time": 0.058,"Actual Total Time": 19.110,"Actual Rows": 6003,"Actual Loops": 5,"Filter": "((p_brand <> 'Brand#11'::bpchar) AND ((p_type)::text !~~ 'SMALL POLISHED%'::text) AND (p_size = ANY ('{1,7,3,30,5,39,37,17}'::integer[])))","Rows Removed by Filter": 33997,"Workers": []}]}]}]}]}]}]},"Planning Time": 4.614,"Triggers": [],"Execution Time": 240.925}]
[{"Plan": {"Node Type": "Sort","Parallel Aware": false,"Async Capable": false,"Startup Cost": 33219.14,"Total Cost": 33259.08,"Plan Rows": 15977,"Plan Width": 44,"Actual Startup Time": 238.847,"Actual Total Time": 240.680,"Actual Rows": 18195,"Actual Loops": 1,"Sort Key": ["(count(DISTINCT partsupp.ps_suppkey)) DESC", "part.p_brand", "part.p_type", "part.p_size"],"Sort Method": "quicksort","Sort Space Used": 2331,"Sort Space Type": "Memory","Plans": [{"Node Type": "Aggregate","Strategy": "Sorted","Partial Mode": "Simple","Parent Relationship": "Outer","Parallel Aware": false,"Async Capable": false,"Startup Cost": 24255.03,"Total Cost": 32103.65,"Plan Rows": 15977,"Plan Width": 44,"Actual Startup Time": 132.274,"Actual Total Time": 200.844,"Actual Rows": 18195,"Actual Loops": 1,"Group Key": ["part.p_brand", "part.p_type", "part.p_size"],"Plans": [{"Node Type": "Gather Merge","Parent Relationship": "Outer","Parallel Aware": false,"Async Capable": false,"Startup Cost": 24255.03,"Total Cost": 31351.22,"Plan Rows": 59266,"Plan Width": 40,"Actual Startup Time": 132.211,"Actual Total Time": 172.518,"Actual Rows": 117589,"Actual Loops": 1,"Workers Planned": 4,"Workers Launched": 4,"Plans": [{"Node Type": "Sort","Parent Relationship": "Outer","Parallel Aware": false,"Async Capable": false,"Startup Cost": 23254.97,"Total Cost": 23292.01,"Plan Rows": 14816,"Plan Width": 40,"Actual Startup Time": 120.461,"Actual Total Time": 123.115,"Actual Rows": 23518,"Actual Loops": 5,"Sort Key": ["part.p_brand", "part.p_type", "part.p_size"],"Sort Method": "quicksort","Sort Space Used": 2397,"Sort Space Type": "Memory","Workers": [{"Worker Number": 0,"Sort Method": "quicksort","Sort Space Used": 2927,"Sort Space Type": "Memory"},{"Worker Number": 1,"Sort Method": "quicksort","Sort Space Used": 2881,"Sort Space Type": "Memory"},{"Worker Number": 2,"Sort Method": "quicksort","Sort Space Used": 2383,"Sort Space Type": "Memory"},{"Worker Number": 3,"Sort Method": "quicksort","Sort Space Used": 2921,"Sort Space Type": "Memory"}],"Plans": [{"Node Type": "Hash Join","Parent Relationship": "Outer","Parallel Aware": true,"Async Capable": false,"Join Type": "Inner","Startup Cost": 6682.10,"Total Cost": 22228.60,"Plan Rows": 14816,"Plan Width": 40,"Actual Startup Time": 29.434,"Actual Total Time": 79.479,"Actual Rows": 23518,"Actual Loops": 5,"Inner Unique": true,"Hash Cond": "(partsupp.ps_partkey = part.p_partkey)","Workers": [],"Plans": [{"Node Type": "Index Only Scan","Parent Relationship": "Outer","Parallel Aware": true,"Async Capable": false,"Scan Direction": "Forward","Index Name": "partsupp_pkey","Relation Name": "partsupp","Alias": "partsupp","Startup Cost": 347.43,"Total Cost": 15631.43,"Plan Rows": 100000,"Plan Width": 8,"Actual Startup Time": 7.229,"Actual Total Time": 32.330,"Actual Rows": 159936,"Actual Loops": 5,"Filter": "(NOT (hashed SubPlan 1))","Rows Removed by Filter": 64,"Heap Fetches": 0,"Workers": [],"Plans": [{"Node Type": "Seq Scan","Parent Relationship": "SubPlan","Subplan Name": "SubPlan 1","Parallel Aware": false,"Async Capable": false,"Relation Name": "supplier","Alias": "supplier","Startup Cost": 0.00,"Total Cost": 347.00,"Plan Rows": 1,"Plan Width": 4,"Actual Startup Time": 0.151,"Actual Total Time": 7.077,"Actual Rows": 4,"Actual Loops": 5,"Filter": "((s_comment)::text ~~ '%Customer%Complaints%'::text)","Rows Removed by Filter": 9996,"Workers": []}]},{"Node Type": "Hash","Parent Relationship": "Inner","Parallel Aware": true,"Async Capable": false,"Startup Cost": 6180.33,"Total Cost": 6180.33,"Plan Rows": 12347,"Plan Width": 40,"Actual Startup Time": 21.942,"Actual Total Time": 21.945,"Actual Rows": 5882,"Actual Loops": 5,"Hash Buckets": 32768,"Original Hash Buckets": 32768,"Hash Batches": 1,"Original Hash Batches": 1,"Peak Memory Usage": 2528,"Workers": [],"Plans": [{"Node Type": "Seq Scan","Parent Relationship": "Outer","Parallel Aware": true,"Async Capable": false,"Relation Name": "part","Alias": "part","Startup Cost": 0.00,"Total Cost": 6180.33,"Plan Rows": 12347,"Plan Width": 40,"Actual Startup Time": 0.055,"Actual Total Time": 18.531,"Actual Rows": 5882,"Actual Loops": 5,"Filter": "((p_brand <> 'Brand#53'::bpchar) AND ((p_type)::text !~~ 'STANDARD PLATED%'::text) AND (p_size = ANY ('{35,15,25,38,19,49,4,39}'::integer[])))","Rows Removed by Filter": 34118,"Workers": []}]}]}]}]}]}]},"Planning Time": 4.374,"Triggers": [],"Execution Time": 241.830}]
[{"Plan": {"Node Type": "Sort","Parallel Aware": false,"Async Capable": false,"Startup Cost": 33451.33,"Total Cost": 33491.68,"Plan Rows": 16143,"Plan Width": 44,"Actual Startup Time": 237.642,"Actual Total Time": 239.261,"Actual Rows": 18215,"Actual Loops": 1,"Sort Key": ["(count(DISTINCT partsupp.ps_suppkey)) DESC", "part.p_brand", "part.p_type", "part.p_size"],"Sort Method": "quicksort","Sort Space Used": 2333,"Sort Space Type": "Memory","Plans": [{"Node Type": "Aggregate","Strategy": "Sorted","Partial Mode": "Simple","Parent Relationship": "Outer","Parallel Aware": false,"Async Capable": false,"Startup Cost": 24286.33,"Total Cost": 32323.04,"Plan Rows": 16143,"Plan Width": 44,"Actual Startup Time": 133.890,"Actual Total Time": 199.859,"Actual Rows": 18215,"Actual Loops": 1,"Group Key": ["part.p_brand", "part.p_type", "part.p_size"],"Plans": [{"Node Type": "Gather Merge","Parent Relationship": "Outer","Parallel Aware": false,"Async Capable": false,"Startup Cost": 24286.33,"Total Cost": 31554.58,"Plan Rows": 60703,"Plan Width": 40,"Actual Startup Time": 133.834,"Actual Total Time": 172.262,"Actual Rows": 119036,"Actual Loops": 1,"Workers Planned": 4,"Workers Launched": 4,"Plans": [{"Node Type": "Sort","Parent Relationship": "Outer","Parallel Aware": false,"Async Capable": false,"Startup Cost": 23286.27,"Total Cost": 23324.21,"Plan Rows": 15176,"Plan Width": 40,"Actual Startup Time": 123.267,"Actual Total Time": 125.568,"Actual Rows": 23807,"Actual Loops": 5,"Sort Key": ["part.p_brand", "part.p_type", "part.p_size"],"Sort Method": "quicksort","Sort Space Used": 2494,"Sort Space Type": "Memory","Workers": [{"Worker Number": 0,"Sort Method": "quicksort","Sort Space Used": 2883,"Sort Space Type": "Memory"},{"Worker Number": 1,"Sort Method": "quicksort","Sort Space Used": 2549,"Sort Space Type": "Memory"},{"Worker Number": 2,"Sort Method": "quicksort","Sort Space Used": 2873,"Sort Space Type": "Memory"},{"Worker Number": 3,"Sort Method": "quicksort","Sort Space Used": 2833,"Sort Space Type": "Memory"}],"Plans": [{"Node Type": "Hash Join","Parent Relationship": "Outer","Parallel Aware": true,"Async Capable": false,"Join Type": "Inner","Startup Cost": 6685.84,"Total Cost": 22232.34,"Plan Rows": 15176,"Plan Width": 40,"Actual Startup Time": 30.211,"Actual Total Time": 81.162,"Actual Rows": 23807,"Actual Loops": 5,"Inner Unique": true,"Hash Cond": "(partsupp.ps_partkey = part.p_partkey)","Workers": [],"Plans": [{"Node Type": "Index Only Scan","Parent Relationship": "Outer","Parallel Aware": true,"Async Capable": false,"Scan Direction": "Forward","Index Name": "partsupp_pkey","Relation Name": "partsupp","Alias": "partsupp","Startup Cost": 347.43,"Total Cost": 15631.43,"Plan Rows": 100000,"Plan Width": 8,"Actual Startup Time": 7.422,"Actual Total Time": 34.194,"Actual Rows": 159936,"Actual Loops": 5,"Filter": "(NOT (hashed SubPlan 1))","Rows Removed by Filter": 64,"Heap Fetches": 0,"Workers": [],"Plans": [{"Node Type": "Seq Scan","Parent Relationship": "SubPlan","Subplan Name": "SubPlan 1","Parallel Aware": false,"Async Capable": false,"Relation Name": "supplier","Alias": "supplier","Startup Cost": 0.00,"Total Cost": 347.00,"Plan Rows": 1,"Plan Width": 4,"Actual Startup Time": 0.134,"Actual Total Time": 7.267,"Actual Rows": 4,"Actual Loops": 5,"Filter": "((s_comment)::text ~~ '%Customer%Complaints%'::text)","Rows Removed by Filter": 9996,"Workers": []}]},{"Node Type": "Hash","Parent Relationship": "Inner","Parallel Aware": true,"Async Capable": false,"Startup Cost": 6180.33,"Total Cost": 6180.33,"Plan Rows": 12646,"Plan Width": 40,"Actual Startup Time": 22.517,"Actual Total Time": 22.521,"Actual Rows": 5954,"Actual Loops": 5,"Hash Buckets": 32768,"Original Hash Buckets": 32768,"Hash Batches": 1,"Original Hash Batches": 1,"Peak Memory Usage": 2560,"Workers": [],"Plans": [{"Node Type": "Seq Scan","Parent Relationship": "Outer","Parallel Aware": true,"Async Capable": false,"Relation Name": "part","Alias": "part","Startup Cost": 0.00,"Total Cost": 6180.33,"Plan Rows": 12646,"Plan Width": 40,"Actual Startup Time": 0.043,"Actual Total Time": 18.791,"Actual Rows": 5954,"Actual Loops": 5,"Filter": "((p_brand <> 'Brand#21'::bpchar) AND ((p_type)::text !~~ 'ECONOMY ANODIZED%'::text) AND (p_size = ANY ('{16,20,41,32,36,18,39,30}'::integer[])))","Rows Removed by Filter": 34046,"Workers": []}]}]}]}]}]}]},"Planning Time": 5.439,"Triggers": [],"Execution Time": 240.140}]
[{"Plan": {"Node Type": "Sort","Parallel Aware": false,"Async Capable": false,"Startup Cost": 33205.89,"Total Cost": 33245.81,"Plan Rows": 15967,"Plan Width": 44,"Actual Startup Time": 243.594,"Actual Total Time": 245.395,"Actual Rows": 18355,"Actual Loops": 1,"Sort Key": ["(count(DISTINCT partsupp.ps_suppkey)) DESC", "part.p_brand", "part.p_type", "part.p_size"],"Sort Method": "quicksort","Sort Space Used": 2346,"Sort Space Type": "Memory","Plans": [{"Node Type": "Aggregate","Strategy": "Sorted","Partial Mode": "Simple","Parent Relationship": "Outer","Parallel Aware": false,"Async Capable": false,"Startup Cost": 24253.28,"Total Cost": 32091.17,"Plan Rows": 15967,"Plan Width": 44,"Actual Startup Time": 135.679,"Actual Total Time": 205.533,"Actual Rows": 18355,"Actual Loops": 1,"Group Key": ["part.p_brand", "part.p_type", "part.p_size"],"Plans": [{"Node Type": "Gather Merge","Parent Relationship": "Outer","Parallel Aware": false,"Async Capable": false,"Startup Cost": 24253.28,"Total Cost": 31339.66,"Plan Rows": 59184,"Plan Width": 40,"Actual Startup Time": 135.608,"Actual Total Time": 176.817,"Actual Rows": 119823,"Actual Loops": 1,"Workers Planned": 4,"Workers Launched": 4,"Plans": [{"Node Type": "Sort","Parent Relationship": "Outer","Parallel Aware": false,"Async Capable": false,"Startup Cost": 23253.22,"Total Cost": 23290.21,"Plan Rows": 14796,"Plan Width": 40,"Actual Startup Time": 122.465,"Actual Total Time": 125.253,"Actual Rows": 23965,"Actual Loops": 5,"Sort Key": ["part.p_brand", "part.p_type", "part.p_size"],"Sort Method": "quicksort","Sort Space Used": 2475,"Sort Space Type": "Memory","Workers": [{"Worker Number": 0,"Sort Method": "quicksort","Sort Space Used": 2894,"Sort Space Type": "Memory"},{"Worker Number": 1,"Sort Method": "quicksort","Sort Space Used": 2937,"Sort Space Type": "Memory"},{"Worker Number": 2,"Sort Method": "quicksort","Sort Space Used": 2436,"Sort Space Type": "Memory"},{"Worker Number": 3,"Sort Method": "quicksort","Sort Space Used": 2978,"Sort Space Type": "Memory"}],"Plans": [{"Node Type": "Hash Join","Parent Relationship": "Outer","Parallel Aware": true,"Async Capable": false,"Join Type": "Inner","Startup Cost": 6681.89,"Total Cost": 22228.39,"Plan Rows": 14796,"Plan Width": 40,"Actual Startup Time": 29.140,"Actual Total Time": 79.841,"Actual Rows": 23965,"Actual Loops": 5,"Inner Unique": true,"Hash Cond": "(partsupp.ps_partkey = part.p_partkey)","Workers": [],"Plans": [{"Node Type": "Index Only Scan","Parent Relationship": "Outer","Parallel Aware": true,"Async Capable": false,"Scan Direction": "Forward","Index Name": "partsupp_pkey","Relation Name": "partsupp","Alias": "partsupp","Startup Cost": 347.43,"Total Cost": 15631.43,"Plan Rows": 100000,"Plan Width": 8,"Actual Startup Time": 7.329,"Actual Total Time": 32.426,"Actual Rows": 159936,"Actual Loops": 5,"Filter": "(NOT (hashed SubPlan 1))","Rows Removed by Filter": 64,"Heap Fetches": 0,"Workers": [],"Plans": [{"Node Type": "Seq Scan","Parent Relationship": "SubPlan","Subplan Name": "SubPlan 1","Parallel Aware": false,"Async Capable": false,"Relation Name": "supplier","Alias": "supplier","Startup Cost": 0.00,"Total Cost": 347.00,"Plan Rows": 1,"Plan Width": 4,"Actual Startup Time": 0.245,"Actual Total Time": 7.102,"Actual Rows": 4,"Actual Loops": 5,"Filter": "((s_comment)::text ~~ '%Customer%Complaints%'::text)","Rows Removed by Filter": 9996,"Workers": []}]},{"Node Type": "Hash","Parent Relationship": "Inner","Parallel Aware": true,"Async Capable": false,"Startup Cost": 6180.33,"Total Cost": 6180.33,"Plan Rows": 12330,"Plan Width": 40,"Actual Startup Time": 21.522,"Actual Total Time": 21.526,"Actual Rows": 5993,"Actual Loops": 5,"Hash Buckets": 32768,"Original Hash Buckets": 32768,"Hash Batches": 1,"Original Hash Batches": 1,"Peak Memory Usage": 2592,"Workers": [],"Plans": [{"Node Type": "Seq Scan","Parent Relationship": "Outer","Parallel Aware": true,"Async Capable": false,"Relation Name": "part","Alias": "part","Startup Cost": 0.00,"Total Cost": 6180.33,"Plan Rows": 12330,"Plan Width": 40,"Actual Startup Time": 0.051,"Actual Total Time": 18.140,"Actual Rows": 5993,"Actual Loops": 5,"Filter": "((p_brand <> 'Brand#15'::bpchar) AND ((p_type)::text !~~ 'PROMO PLATED%'::text) AND (p_size = ANY ('{2,13,3,25,14,8,36,10}'::integer[])))","Rows Removed by Filter": 34007,"Workers": []}]}]}]}]}]}]},"Planning Time": 4.326,"Triggers": [],"Execution Time": 246.540}]
[{"Plan": {"Node Type": "Sort","Parallel Aware": false,"Async Capable": false,"Startup Cost": 33087.80,"Total Cost": 33127.50,"Plan Rows": 15880,"Plan Width": 44,"Actual Startup Time": 234.118,"Actual Total Time": 235.996,"Actual Rows": 18318,"Actual Loops": 1,"Sort Key": ["(count(DISTINCT partsupp.ps_suppkey)) DESC", "part.p_brand", "part.p_type", "part.p_size"],"Sort Method": "quicksort","Sort Space Used": 2342,"Sort Space Type": "Memory","Plans": [{"Node Type": "Aggregate","Strategy": "Sorted","Partial Mode": "Simple","Parent Relationship": "Outer","Parallel Aware": false,"Async Capable": false,"Startup Cost": 24237.47,"Total Cost": 31979.78,"Plan Rows": 15880,"Plan Width": 44,"Actual Startup Time": 129.257,"Actual Total Time": 196.012,"Actual Rows": 18318,"Actual Loops": 1,"Group Key": ["part.p_brand", "part.p_type", "part.p_size"],"Plans": [{"Node Type": "Gather Merge","Parent Relationship": "Outer","Parallel Aware": false,"Async Capable": false,"Startup Cost": 24237.47,"Total Cost": 31236.44,"Plan Rows": 58454,"Plan Width": 40,"Actual Startup Time": 129.189,"Actual Total Time": 168.576,"Actual Rows": 118678,"Actual Loops": 1,"Workers Planned": 4,"Workers Launched": 4,"Plans": [{"Node Type": "Sort","Parent Relationship": "Outer","Parallel Aware": false,"Async Capable": false,"Startup Cost": 23237.41,"Total Cost": 23273.95,"Plan Rows": 14614,"Plan Width": 40,"Actual Startup Time": 121.082,"Actual Total Time": 123.592,"Actual Rows": 23736,"Actual Loops": 5,"Sort Key": ["part.p_brand", "part.p_type", "part.p_size"],"Sort Method": "quicksort","Sort Space Used": 2692,"Sort Space Type": "Memory","Workers": [{"Worker Number": 0,"Sort Method": "quicksort","Sort Space Used": 2766,"Sort Space Type": "Memory"},{"Worker Number": 1,"Sort Method": "quicksort","Sort Space Used": 2745,"Sort Space Type": "Memory"},{"Worker Number": 2,"Sort Method": "quicksort","Sort Space Used": 2684,"Sort Space Type": "Memory"},{"Worker Number": 3,"Sort Method": "quicksort","Sort Space Used": 2726,"Sort Space Type": "Memory"}],"Plans": [{"Node Type": "Hash Join","Parent Relationship": "Outer","Parallel Aware": true,"Async Capable": false,"Join Type": "Inner","Startup Cost": 6679.99,"Total Cost": 22226.49,"Plan Rows": 14614,"Plan Width": 40,"Actual Startup Time": 29.362,"Actual Total Time": 79.690,"Actual Rows": 23736,"Actual Loops": 5,"Inner Unique": true,"Hash Cond": "(partsupp.ps_partkey = part.p_partkey)","Workers": [],"Plans": [{"Node Type": "Index Only Scan","Parent Relationship": "Outer","Parallel Aware": true,"Async Capable": false,"Scan Direction": "Forward","Index Name": "partsupp_pkey","Relation Name": "partsupp","Alias": "partsupp","Startup Cost": 347.43,"Total Cost": 15631.43,"Plan Rows": 100000,"Plan Width": 8,"Actual Startup Time": 7.403,"Actual Total Time": 32.474,"Actual Rows": 159936,"Actual Loops": 5,"Filter": "(NOT (hashed SubPlan 1))","Rows Removed by Filter": 64,"Heap Fetches": 0,"Workers": [],"Plans": [{"Node Type": "Seq Scan","Parent Relationship": "SubPlan","Subplan Name": "SubPlan 1","Parallel Aware": false,"Async Capable": false,"Relation Name": "supplier","Alias": "supplier","Startup Cost": 0.00,"Total Cost": 347.00,"Plan Rows": 1,"Plan Width": 4,"Actual Startup Time": 0.131,"Actual Total Time": 7.250,"Actual Rows": 4,"Actual Loops": 5,"Filter": "((s_comment)::text ~~ '%Customer%Complaints%'::text)","Rows Removed by Filter": 9996,"Workers": []}]},{"Node Type": "Hash","Parent Relationship": "Inner","Parallel Aware": true,"Async Capable": false,"Startup Cost": 6180.33,"Total Cost": 6180.33,"Plan Rows": 12178,"Plan Width": 40,"Actual Startup Time": 21.685,"Actual Total Time": 21.688,"Actual Rows": 5936,"Actual Loops": 5,"Hash Buckets": 32768,"Original Hash Buckets": 32768,"Hash Batches": 1,"Original Hash Batches": 1,"Peak Memory Usage": 2560,"Workers": [],"Plans": [{"Node Type": "Seq Scan","Parent Relationship": "Outer","Parallel Aware": true,"Async Capable": false,"Relation Name": "part","Alias": "part","Startup Cost": 0.00,"Total Cost": 6180.33,"Plan Rows": 12178,"Plan Width": 40,"Actual Startup Time": 0.060,"Actual Total Time": 18.274,"Actual Rows": 5936,"Actual Loops": 5,"Filter": "((p_brand <> 'Brand#33'::bpchar) AND ((p_type)::text !~~ 'LARGE POLISHED%'::text) AND (p_size = ANY ('{5,4,10,32,17,36,25,9}'::integer[])))","Rows Removed by Filter": 34064,"Workers": []}]}]}]}]}]}]},"Planning Time": 5.418,"Triggers": [],"Execution Time": 237.324}]
[{"Plan": {"Node Type": "Sort","Parallel Aware": false,"Async Capable": false,"Startup Cost": 33203.42,"Total Cost": 33243.34,"Plan Rows": 15965,"Plan Width": 44,"Actual Startup Time": 249.485,"Actual Total Time": 251.341,"Actual Rows": 18242,"Actual Loops": 1,"Sort Key": ["(count(DISTINCT partsupp.ps_suppkey)) DESC", "part.p_brand", "part.p_type", "part.p_size"],"Sort Method": "quicksort","Sort Space Used": 2335,"Sort Space Type": "Memory","Plans": [{"Node Type": "Aggregate","Strategy": "Sorted","Partial Mode": "Simple","Parent Relationship": "Outer","Parallel Aware": false,"Async Capable": false,"Startup Cost": 24252.94,"Total Cost": 32088.86,"Plan Rows": 15965,"Plan Width": 44,"Actual Startup Time": 140.672,"Actual Total Time": 211.292,"Actual Rows": 18242,"Actual Loops": 1,"Group Key": ["part.p_brand", "part.p_type", "part.p_size"],"Plans": [{"Node Type": "Gather Merge","Parent Relationship": "Outer","Parallel Aware": false,"Async Capable": false,"Startup Cost": 24252.94,"Total Cost": 31337.52,"Plan Rows": 59169,"Plan Width": 40,"Actual Startup Time": 140.605,"Actual Total Time": 181.689,"Actual Rows": 119052,"Actual Loops": 1,"Workers Planned": 4,"Workers Launched": 4,"Plans": [{"Node Type": "Sort","Parent Relationship": "Outer","Parallel Aware": false,"Async Capable": false,"Startup Cost": 23252.88,"Total Cost": 23289.86,"Plan Rows": 14792,"Plan Width": 40,"Actual Startup Time": 123.881,"Actual Total Time": 126.506,"Actual Rows": 23810,"Actual Loops": 5,"Sort Key": ["part.p_brand", "part.p_type", "part.p_size"],"Sort Method": "quicksort","Sort Space Used": 2446,"Sort Space Type": "Memory","Workers": [{"Worker Number": 0,"Sort Method": "quicksort","Sort Space Used": 2831,"Sort Space Type": "Memory"},{"Worker Number": 1,"Sort Method": "quicksort","Sort Space Used": 2809,"Sort Space Type": "Memory"},{"Worker Number": 2,"Sort Method": "quicksort","Sort Space Used": 2757,"Sort Space Type": "Memory"},{"Worker Number": 3,"Sort Method": "quicksort","Sort Space Used": 2799,"Sort Space Type": "Memory"}],"Plans": [{"Node Type": "Hash Join","Parent Relationship": "Outer","Parallel Aware": true,"Async Capable": false,"Join Type": "Inner","Startup Cost": 6681.85,"Total Cost": 22228.35,"Plan Rows": 14792,"Plan Width": 40,"Actual Startup Time": 30.186,"Actual Total Time": 79.770,"Actual Rows": 23810,"Actual Loops": 5,"Inner Unique": true,"Hash Cond": "(partsupp.ps_partkey = part.p_partkey)","Workers": [],"Plans": [{"Node Type": "Index Only Scan","Parent Relationship": "Outer","Parallel Aware": true,"Async Capable": false,"Scan Direction": "Forward","Index Name": "partsupp_pkey","Relation Name": "partsupp","Alias": "partsupp","Startup Cost": 347.43,"Total Cost": 15631.43,"Plan Rows": 100000,"Plan Width": 8,"Actual Startup Time": 7.615,"Actual Total Time": 33.283,"Actual Rows": 159936,"Actual Loops": 5,"Filter": "(NOT (hashed SubPlan 1))","Rows Removed by Filter": 64,"Heap Fetches": 0,"Workers": [],"Plans": [{"Node Type": "Seq Scan","Parent Relationship": "SubPlan","Subplan Name": "SubPlan 1","Parallel Aware": false,"Async Capable": false,"Relation Name": "supplier","Alias": "supplier","Startup Cost": 0.00,"Total Cost": 347.00,"Plan Rows": 1,"Plan Width": 4,"Actual Startup Time": 0.161,"Actual Total Time": 7.451,"Actual Rows": 4,"Actual Loops": 5,"Filter": "((s_comment)::text ~~ '%Customer%Complaints%'::text)","Rows Removed by Filter": 9996,"Workers": []}]},{"Node Type": "Hash","Parent Relationship": "Inner","Parallel Aware": true,"Async Capable": false,"Startup Cost": 6180.33,"Total Cost": 6180.33,"Plan Rows": 12327,"Plan Width": 40,"Actual Startup Time": 22.227,"Actual Total Time": 22.231,"Actual Rows": 5955,"Actual Loops": 5,"Hash Buckets": 32768,"Original Hash Buckets": 32768,"Hash Batches": 1,"Original Hash Batches": 1,"Peak Memory Usage": 2560,"Workers": [],"Plans": [{"Node Type": "Seq Scan","Parent Relationship": "Outer","Parallel Aware": true,"Async Capable": false,"Relation Name": "part","Alias": "part","Startup Cost": 0.00,"Total Cost": 6180.33,"Plan Rows": 12327,"Plan Width": 40,"Actual Startup Time": 0.067,"Actual Total Time": 18.374,"Actual Rows": 5955,"Actual Loops": 5,"Filter": "((p_brand <> 'Brand#33'::bpchar) AND ((p_type)::text !~~ 'SMALL ANODIZED%'::text) AND (p_size = ANY ('{38,13,26,24,18,5,25,3}'::integer[])))","Rows Removed by Filter": 34045,"Workers": []}]}]}]}]}]}]},"Planning Time": 5.097,"Triggers": [],"Execution Time": 252.272}]
[{"Plan": {"Node Type": "Sort","Parallel Aware": false,"Async Capable": false,"Startup Cost": 33077.42,"Total Cost": 33117.10,"Plan Rows": 15872,"Plan Width": 44,"Actual Startup Time": 241.066,"Actual Total Time": 242.850,"Actual Rows": 18377,"Actual Loops": 1,"Sort Key": ["(count(DISTINCT partsupp.ps_suppkey)) DESC", "part.p_brand", "part.p_type", "part.p_size"],"Sort Method": "quicksort","Sort Space Used": 2347,"Sort Space Type": "Memory","Plans": [{"Node Type": "Aggregate","Strategy": "Sorted","Partial Mode": "Simple","Parent Relationship": "Outer","Parallel Aware": false,"Async Capable": false,"Startup Cost": 24236.09,"Total Cost": 31970.01,"Plan Rows": 15872,"Plan Width": 44,"Actual Startup Time": 134.800,"Actual Total Time": 202.261,"Actual Rows": 18377,"Actual Loops": 1,"Group Key": ["part.p_brand", "part.p_type", "part.p_size"],"Plans": [{"Node Type": "Gather Merge","Parent Relationship": "Outer","Parallel Aware": false,"Async Capable": false,"Startup Cost": 24236.09,"Total Cost": 31227.39,"Plan Rows": 58390,"Plan Width": 40,"Actual Startup Time": 134.721,"Actual Total Time": 174.394,"Actual Rows": 119449,"Actual Loops": 1,"Workers Planned": 4,"Workers Launched": 4,"Plans": [{"Node Type": "Sort","Parent Relationship": "Outer","Parallel Aware": false,"Async Capable": false,"Startup Cost": 23236.03,"Total Cost": 23272.52,"Plan Rows": 14598,"Plan Width": 40,"Actual Startup Time": 121.848,"Actual Total Time": 124.450,"Actual Rows": 23890,"Actual Loops": 5,"Sort Key": ["part.p_brand", "part.p_type", "part.p_size"],"Sort Method": "quicksort","Sort Space Used": 2442,"Sort Space Type": "Memory","Workers": [{"Worker Number": 0,"Sort Method": "quicksort","Sort Space Used": 2962,"Sort Space Type": "Memory"},{"Worker Number": 1,"Sort Method": "quicksort","Sort Space Used": 2903,"Sort Space Type": "Memory"},{"Worker Number": 2,"Sort Method": "quicksort","Sort Space Used": 2434,"Sort Space Type": "Memory"},{"Worker Number": 3,"Sort Method": "quicksort","Sort Space Used": 2917,"Sort Space Type": "Memory"}],"Plans": [{"Node Type": "Hash Join","Parent Relationship": "Outer","Parallel Aware": true,"Async Capable": false,"Join Type": "Inner","Startup Cost": 6679.82,"Total Cost": 22226.32,"Plan Rows": 14598,"Plan Width": 40,"Actual Startup Time": 29.565,"Actual Total Time": 79.859,"Actual Rows": 23890,"Actual Loops": 5,"Inner Unique": true,"Hash Cond": "(partsupp.ps_partkey = part.p_partkey)","Workers": [],"Plans": [{"Node Type": "Index Only Scan","Parent Relationship": "Outer","Parallel Aware": true,"Async Capable": false,"Scan Direction": "Forward","Index Name": "partsupp_pkey","Relation Name": "partsupp","Alias": "partsupp","Startup Cost": 347.43,"Total Cost": 15631.43,"Plan Rows": 100000,"Plan Width": 8,"Actual Startup Time": 7.249,"Actual Total Time": 32.495,"Actual Rows": 159936,"Actual Loops": 5,"Filter": "(NOT (hashed SubPlan 1))","Rows Removed by Filter": 64,"Heap Fetches": 0,"Workers": [],"Plans": [{"Node Type": "Seq Scan","Parent Relationship": "SubPlan","Subplan Name": "SubPlan 1","Parallel Aware": false,"Async Capable": false,"Relation Name": "supplier","Alias": "supplier","Startup Cost": 0.00,"Total Cost": 347.00,"Plan Rows": 1,"Plan Width": 4,"Actual Startup Time": 0.127,"Actual Total Time": 7.078,"Actual Rows": 4,"Actual Loops": 5,"Filter": "((s_comment)::text ~~ '%Customer%Complaints%'::text)","Rows Removed by Filter": 9996,"Workers": []}]},{"Node Type": "Hash","Parent Relationship": "Inner","Parallel Aware": true,"Async Capable": false,"Startup Cost": 6180.33,"Total Cost": 6180.33,"Plan Rows": 12165,"Plan Width": 40,"Actual Startup Time": 22.064,"Actual Total Time": 22.068,"Actual Rows": 5976,"Actual Loops": 5,"Hash Buckets": 32768,"Original Hash Buckets": 32768,"Hash Batches": 1,"Original Hash Batches": 1,"Peak Memory Usage": 2560,"Workers": [],"Plans": [{"Node Type": "Seq Scan","Parent Relationship": "Outer","Parallel Aware": true,"Async Capable": false,"Relation Name": "part","Alias": "part","Startup Cost": 0.00,"Total Cost": 6180.33,"Plan Rows": 12165,"Plan Width": 40,"Actual Startup Time": 0.058,"Actual Total Time": 18.586,"Actual Rows": 5976,"Actual Loops": 5,"Filter": "((p_brand <> 'Brand#55'::bpchar) AND ((p_type)::text !~~ 'ECONOMY BURNISHED%'::text) AND (p_size = ANY ('{23,5,20,24,3,12,21,9}'::integer[])))","Rows Removed by Filter": 34024,"Workers": []}]}]}]}]}]}]},"Planning Time": 5.232,"Triggers": [],"Execution Time": 244.097}]
[{"Plan": {"Node Type": "Sort","Parallel Aware": false,"Async Capable": false,"Startup Cost": 33178.83,"Total Cost": 33218.70,"Plan Rows": 15947,"Plan Width": 44,"Actual Startup Time": 237.878,"Actual Total Time": 239.693,"Actual Rows": 18255,"Actual Loops": 1,"Sort Key": ["(count(DISTINCT partsupp.ps_suppkey)) DESC", "part.p_brand", "part.p_type", "part.p_size"],"Sort Method": "quicksort","Sort Space Used": 2337,"Sort Space Type": "Memory","Plans": [{"Node Type": "Aggregate","Strategy": "Sorted","Partial Mode": "Simple","Parent Relationship": "Outer","Parallel Aware": false,"Async Capable": false,"Startup Cost": 24249.63,"Total Cost": 32065.65,"Plan Rows": 15947,"Plan Width": 44,"Actual Startup Time": 132.526,"Actual Total Time": 201.306,"Actual Rows": 18255,"Actual Loops": 1,"Group Key": ["part.p_brand", "part.p_type", "part.p_size"],"Plans": [{"Node Type": "Gather Merge","Parent Relationship": "Outer","Parallel Aware": false,"Async Capable": false,"Startup Cost": 24249.63,"Total Cost": 31316.01,"Plan Rows": 59017,"Plan Width": 40,"Actual Startup Time": 132.467,"Actual Total Time": 172.774,"Actual Rows": 118812,"Actual Loops": 1,"Workers Planned": 4,"Workers Launched": 4,"Plans": [{"Node Type": "Sort","Parent Relationship": "Outer","Parallel Aware": false,"Async Capable": false,"Startup Cost": 23249.58,"Total Cost": 23286.46,"Plan Rows": 14754,"Plan Width": 40,"Actual Startup Time": 120.404,"Actual Total Time": 123.168,"Actual Rows": 23762,"Actual Loops": 5,"Sort Key": ["part.p_brand", "part.p_type", "part.p_size"],"Sort Method": "quicksort","Sort Space Used": 2446,"Sort Space Type": "Memory","Workers": [{"Worker Number": 0,"Sort Method": "quicksort","Sort Space Used": 2924,"Sort Space Type": "Memory"},{"Worker Number": 1,"Sort Method": "quicksort","Sort Space Used": 2424,"Sort Space Type": "Memory"},{"Worker Number": 2,"Sort Method": "quicksort","Sort Space Used": 2915,"Sort Space Type": "Memory"},{"Worker Number": 3,"Sort Method": "quicksort","Sort Space Used": 2927,"Sort Space Type": "Memory"}],"Plans": [{"Node Type": "Hash Join","Parent Relationship": "Outer","Parallel Aware": true,"Async Capable": false,"Join Type": "Inner","Startup Cost": 6681.45,"Total Cost": 22227.95,"Plan Rows": 14754,"Plan Width": 40,"Actual Startup Time": 28.503,"Actual Total Time": 78.619,"Actual Rows": 23762,"Actual Loops": 5,"Inner Unique": true,"Hash Cond": "(partsupp.ps_partkey = part.p_partkey)","Workers": [],"Plans": [{"Node Type": "Index Only Scan","Parent Relationship": "Outer","Parallel Aware": true,"Async Capable": false,"Scan Direction": "Forward","Index Name": "partsupp_pkey","Relation Name": "partsupp","Alias": "partsupp","Startup Cost": 347.43,"Total Cost": 15631.43,"Plan Rows": 100000,"Plan Width": 8,"Actual Startup Time": 7.141,"Actual Total Time": 32.058,"Actual Rows": 159936,"Actual Loops": 5,"Filter": "(NOT (hashed SubPlan 1))","Rows Removed by Filter": 64,"Heap Fetches": 0,"Workers": [],"Plans": [{"Node Type": "Seq Scan","Parent Relationship": "SubPlan","Subplan Name": "SubPlan 1","Parallel Aware": false,"Async Capable": false,"Relation Name": "supplier","Alias": "supplier","Startup Cost": 0.00,"Total Cost": 347.00,"Plan Rows": 1,"Plan Width": 4,"Actual Startup Time": 0.177,"Actual Total Time": 7.002,"Actual Rows": 4,"Actual Loops": 5,"Filter": "((s_comment)::text ~~ '%Customer%Complaints%'::text)","Rows Removed by Filter": 9996,"Workers": []}]},{"Node Type": "Hash","Parent Relationship": "Inner","Parallel Aware": true,"Async Capable": false,"Startup Cost": 6180.33,"Total Cost": 6180.33,"Plan Rows": 12295,"Plan Width": 40,"Actual Startup Time": 21.048,"Actual Total Time": 21.051,"Actual Rows": 5943,"Actual Loops": 5,"Hash Buckets": 32768,"Original Hash Buckets": 32768,"Hash Batches": 1,"Original Hash Batches": 1,"Peak Memory Usage": 2560,"Workers": [],"Plans": [{"Node Type": "Seq Scan","Parent Relationship": "Outer","Parallel Aware": true,"Async Capable": false,"Relation Name": "part","Alias": "part","Startup Cost": 0.00,"Total Cost": 6180.33,"Plan Rows": 12295,"Plan Width": 40,"Actual Startup Time": 0.066,"Actual Total Time": 17.773,"Actual Rows": 5943,"Actual Loops": 5,"Filter": "((p_brand <> 'Brand#23'::bpchar) AND ((p_type)::text !~~ 'PROMO BRUSHED%'::text) AND (p_size = ANY ('{29,41,47,20,45,12,42,19}'::integer[])))","Rows Removed by Filter": 34057,"Workers": []}]}]}]}]}]}]},"Planning Time": 4.598,"Triggers": [],"Execution Time": 240.787}]
[{"Plan": {"Node Type": "Sort","Parallel Aware": false,"Async Capable": false,"Startup Cost": 33507.54,"Total Cost": 33548.00,"Plan Rows": 16183,"Plan Width": 44,"Actual Startup Time": 235.253,"Actual Total Time": 237.288,"Actual Rows": 18314,"Actual Loops": 1,"Sort Key": ["(count(DISTINCT partsupp.ps_suppkey)) DESC", "part.p_brand", "part.p_type", "part.p_size"],"Sort Method": "quicksort","Sort Space Used": 2341,"Sort Space Type": "Memory","Plans": [{"Node Type": "Aggregate","Strategy": "Sorted","Partial Mode": "Simple","Parent Relationship": "Outer","Parallel Aware": false,"Async Capable": false,"Startup Cost": 24293.91,"Total Cost": 32376.17,"Plan Rows": 16183,"Plan Width": 44,"Actual Startup Time": 131.680,"Actual Total Time": 197.566,"Actual Rows": 18314,"Actual Loops": 1,"Group Key": ["part.p_brand", "part.p_type", "part.p_size"],"Plans": [{"Node Type": "Gather Merge","Parent Relationship": "Outer","Parallel Aware": false,"Async Capable": false,"Startup Cost": 24293.91,"Total Cost": 31603.83,"Plan Rows": 61051,"Plan Width": 40,"Actual Startup Time": 131.595,"Actual Total Time": 170.114,"Actual Rows": 119093,"Actual Loops": 1,"Workers Planned": 4,"Workers Launched": 4,"Plans": [{"Node Type": "Sort","Parent Relationship": "Outer","Parallel Aware": false,"Async Capable": false,"Startup Cost": 23293.86,"Total Cost": 23332.01,"Plan Rows": 15263,"Plan Width": 40,"Actual Startup Time": 120.987,"Actual Total Time": 123.390,"Actual Rows": 23819,"Actual Loops": 5,"Sort Key": ["part.p_brand", "part.p_type", "part.p_size"],"Sort Method": "quicksort","Sort Space Used": 2672,"Sort Space Type": "Memory","Workers": [{"Worker Number": 0,"Sort Method": "quicksort","Sort Space Used": 2613,"Sort Space Type": "Memory"},{"Worker Number": 1,"Sort Method": "quicksort","Sort Space Used": 2891,"Sort Space Type": "Memory"},{"Worker Number": 2,"Sort Method": "quicksort","Sort Space Used": 2676,"Sort Space Type": "Memory"},{"Worker Number": 3,"Sort Method": "quicksort","Sort Space Used": 2812,"Sort Space Type": "Memory"}],"Plans": [{"Node Type": "Hash Join","Parent Relationship": "Outer","Parallel Aware": true,"Async Capable": false,"Join Type": "Inner","Startup Cost": 6686.75,"Total Cost": 22233.25,"Plan Rows": 15263,"Plan Width": 40,"Actual Startup Time": 29.380,"Actual Total Time": 79.180,"Actual Rows": 23819,"Actual Loops": 5,"Inner Unique": true,"Hash Cond": "(partsupp.ps_partkey = part.p_partkey)","Workers": [],"Plans": [{"Node Type": "Index Only Scan","Parent Relationship": "Outer","Parallel Aware": true,"Async Capable": false,"Scan Direction": "Forward","Index Name": "partsupp_pkey","Relation Name": "partsupp","Alias": "partsupp","Startup Cost": 347.43,"Total Cost": 15631.43,"Plan Rows": 100000,"Plan Width": 8,"Actual Startup Time": 6.965,"Actual Total Time": 32.549,"Actual Rows": 159936,"Actual Loops": 5,"Filter": "(NOT (hashed SubPlan 1))","Rows Removed by Filter": 64,"Heap Fetches": 0,"Workers": [],"Plans": [{"Node Type": "Seq Scan","Parent Relationship": "SubPlan","Subplan Name": "SubPlan 1","Parallel Aware": false,"Async Capable": false,"Relation Name": "supplier","Alias": "supplier","Startup Cost": 0.00,"Total Cost": 347.00,"Plan Rows": 1,"Plan Width": 4,"Actual Startup Time": 0.203,"Actual Total Time": 6.813,"Actual Rows": 4,"Actual Loops": 5,"Filter": "((s_comment)::text ~~ '%Customer%Complaints%'::text)","Rows Removed by Filter": 9996,"Workers": []}]},{"Node Type": "Hash","Parent Relationship": "Inner","Parallel Aware": true,"Async Capable": false,"Startup Cost": 6180.33,"Total Cost": 6180.33,"Plan Rows": 12719,"Plan Width": 40,"Actual Startup Time": 22.199,"Actual Total Time": 22.204,"Actual Rows": 5957,"Actual Loops": 5,"Hash Buckets": 32768,"Original Hash Buckets": 32768,"Hash Batches": 1,"Original Hash Batches": 1,"Peak Memory Usage": 2528,"Workers": [],"Plans": [{"Node Type": "Seq Scan","Parent Relationship": "Outer","Parallel Aware": true,"Async Capable": false,"Relation Name": "part","Alias": "part","Startup Cost": 0.00,"Total Cost": 6180.33,"Plan Rows": 12719,"Plan Width": 40,"Actual Startup Time": 0.055,"Actual Total Time": 18.905,"Actual Rows": 5957,"Actual Loops": 5,"Filter": "((p_brand <> 'Brand#34'::bpchar) AND ((p_type)::text !~~ 'PROMO BRUSHED%'::text) AND (p_size = ANY ('{18,7,9,17,34,11,2,1}'::integer[])))","Rows Removed by Filter": 34043,"Workers": []}]}]}]}]}]}]},"Planning Time": 3.128,"Triggers": [],"Execution Time": 238.479}]
[{"Plan": {"Node Type": "Sort","Parallel Aware": false,"Async Capable": false,"Startup Cost": 32959.70,"Total Cost": 32999.16,"Plan Rows": 15783,"Plan Width": 44,"Actual Startup Time": 243.031,"Actual Total Time": 244.829,"Actual Rows": 18251,"Actual Loops": 1,"Sort Key": ["(count(DISTINCT partsupp.ps_suppkey)) DESC", "part.p_brand", "part.p_type", "part.p_size"],"Sort Method": "quicksort","Sort Space Used": 2336,"Sort Space Type": "Memory","Plans": [{"Node Type": "Aggregate","Strategy": "Sorted","Partial Mode": "Simple","Parent Relationship": "Outer","Parallel Aware": false,"Async Capable": false,"Startup Cost": 24220.29,"Total Cost": 31859.14,"Plan Rows": 15783,"Plan Width": 44,"Actual Startup Time": 134.726,"Actual Total Time": 203.367,"Actual Rows": 18251,"Actual Loops": 1,"Group Key": ["part.p_brand", "part.p_type", "part.p_size"],"Plans": [{"Node Type": "Gather Merge","Parent Relationship": "Outer","Parallel Aware": false,"Async Capable": false,"Startup Cost": 24220.29,"Total Cost": 31124.67,"Plan Rows": 57664,"Plan Width": 40,"Actual Startup Time": 134.647,"Actual Total Time": 174.823,"Actual Rows": 119048,"Actual Loops": 1,"Workers Planned": 4,"Workers Launched": 4,"Plans": [{"Node Type": "Sort","Parent Relationship": "Outer","Parallel Aware": false,"Async Capable": false,"Startup Cost": 23220.24,"Total Cost": 23256.28,"Plan Rows": 14416,"Plan Width": 40,"Actual Startup Time": 123.267,"Actual Total Time": 125.987,"Actual Rows": 23810,"Actual Loops": 5,"Sort Key": ["part.p_brand", "part.p_type", "part.p_size"],"Sort Method": "quicksort","Sort Space Used": 2458,"Sort Space Type": "Memory","Workers": [{"Worker Number": 0,"Sort Method": "quicksort","Sort Space Used": 2939,"Sort Space Type": "Memory"},{"Worker Number": 1,"Sort Method": "quicksort","Sort Space Used": 2902,"Sort Space Type": "Memory"},{"Worker Number": 2,"Sort Method": "quicksort","Sort Space Used": 2434,"Sort Space Type": "Memory"},{"Worker Number": 3,"Sort Method": "quicksort","Sort Space Used": 2913,"Sort Space Type": "Memory"}],"Plans": [{"Node Type": "Hash Join","Parent Relationship": "Outer","Parallel Aware": true,"Async Capable": false,"Join Type": "Inner","Startup Cost": 6677.92,"Total Cost": 22224.42,"Plan Rows": 14416,"Plan Width": 40,"Actual Startup Time": 31.349,"Actual Total Time": 81.559,"Actual Rows": 23810,"Actual Loops": 5,"Inner Unique": true,"Hash Cond": "(partsupp.ps_partkey = part.p_partkey)","Workers": [],"Plans": [{"Node Type": "Index Only Scan","Parent Relationship": "Outer","Parallel Aware": true,"Async Capable": false,"Scan Direction": "Forward","Index Name": "partsupp_pkey","Relation Name": "partsupp","Alias": "partsupp","Startup Cost": 347.43,"Total Cost": 15631.43,"Plan Rows": 100000,"Plan Width": 8,"Actual Startup Time": 7.782,"Actual Total Time": 32.790,"Actual Rows": 159936,"Actual Loops": 5,"Filter": "(NOT (hashed SubPlan 1))","Rows Removed by Filter": 64,"Heap Fetches": 0,"Workers": [],"Plans": [{"Node Type": "Seq Scan","Parent Relationship": "SubPlan","Subplan Name": "SubPlan 1","Parallel Aware": false,"Async Capable": false,"Relation Name": "supplier","Alias": "supplier","Startup Cost": 0.00,"Total Cost": 347.00,"Plan Rows": 1,"Plan Width": 4,"Actual Startup Time": 0.134,"Actual Total Time": 7.653,"Actual Rows": 4,"Actual Loops": 5,"Filter": "((s_comment)::text ~~ '%Customer%Complaints%'::text)","Rows Removed by Filter": 9996,"Workers": []}]},{"Node Type": "Hash","Parent Relationship": "Inner","Parallel Aware": true,"Async Capable": false,"Startup Cost": 6180.33,"Total Cost": 6180.33,"Plan Rows": 12013,"Plan Width": 40,"Actual Startup Time": 23.292,"Actual Total Time": 23.295,"Actual Rows": 5955,"Actual Loops": 5,"Hash Buckets": 32768,"Original Hash Buckets": 32768,"Hash Batches": 1,"Original Hash Batches": 1,"Peak Memory Usage": 2560,"Workers": [],"Plans": [{"Node Type": "Seq Scan","Parent Relationship": "Outer","Parallel Aware": true,"Async Capable": false,"Relation Name": "part","Alias": "part","Startup Cost": 0.00,"Total Cost": 6180.33,"Plan Rows": 12013,"Plan Width": 40,"Actual Startup Time": 0.061,"Actual Total Time": 19.658,"Actual Rows": 5955,"Actual Loops": 5,"Filter": "((p_brand <> 'Brand#53'::bpchar) AND ((p_type)::text !~~ 'MEDIUM BRUSHED%'::text) AND (p_size = ANY ('{22,6,15,8,4,30,21,48}'::integer[])))","Rows Removed by Filter": 34045,"Workers": []}]}]}]}]}]}]},"Planning Time": 4.157,"Triggers": [],"Execution Time": 245.983}]
[{"Plan": {"Node Type": "Sort","Parallel Aware": false,"Async Capable": false,"Startup Cost": 33286.75,"Total Cost": 33326.82,"Plan Rows": 16026,"Plan Width": 44,"Actual Startup Time": 238.733,"Actual Total Time": 240.673,"Actual Rows": 18245,"Actual Loops": 1,"Sort Key": ["(count(DISTINCT partsupp.ps_suppkey)) DESC", "part.p_brand", "part.p_type", "part.p_size"],"Sort Method": "quicksort","Sort Space Used": 2335,"Sort Space Type": "Memory","Plans": [{"Node Type": "Aggregate","Strategy": "Sorted","Partial Mode": "Simple","Parent Relationship": "Outer","Parallel Aware": false,"Async Capable": false,"Startup Cost": 24264.15,"Total Cost": 32167.49,"Plan Rows": 16026,"Plan Width": 44,"Actual Startup Time": 133.985,"Actual Total Time": 200.564,"Actual Rows": 18245,"Actual Loops": 1,"Group Key": ["part.p_brand", "part.p_type", "part.p_size"],"Plans": [{"Node Type": "Gather Merge","Parent Relationship": "Outer","Parallel Aware": false,"Async Capable": false,"Startup Cost": 24264.15,"Total Cost": 31410.39,"Plan Rows": 59684,"Plan Width": 40,"Actual Startup Time": 133.925,"Actual Total Time": 173.019,"Actual Rows": 119012,"Actual Loops": 1,"Workers Planned": 4,"Workers Launched": 4,"Plans": [{"Node Type": "Sort","Parent Relationship": "Outer","Parallel Aware": false,"Async Capable": false,"Startup Cost": 23264.09,"Total Cost": 23301.39,"Plan Rows": 14921,"Plan Width": 40,"Actual Startup Time": 122.308,"Actual Total Time": 124.917,"Actual Rows": 23802,"Actual Loops": 5,"Sort Key": ["part.p_brand", "part.p_type", "part.p_size"],"Sort Method": "quicksort","Sort Space Used": 2431,"Sort Space Type": "Memory","Workers": [{"Worker Number": 0,"Sort Method": "quicksort","Sort Space Used": 2935,"Sort Space Type": "Memory"},{"Worker Number": 1,"Sort Method": "quicksort","Sort Space Used": 2922,"Sort Space Type": "Memory"},{"Worker Number": 2,"Sort Method": "quicksort","Sort Space Used": 2435,"Sort Space Type": "Memory"},{"Worker Number": 3,"Sort Method": "quicksort","Sort Space Used": 2919,"Sort Space Type": "Memory"}],"Plans": [{"Node Type": "Hash Join","Parent Relationship": "Outer","Parallel Aware": true,"Async Capable": false,"Join Type": "Inner","Startup Cost": 6683.19,"Total Cost": 22229.69,"Plan Rows": 14921,"Plan Width": 40,"Actual Startup Time": 30.208,"Actual Total Time": 80.574,"Actual Rows": 23802,"Actual Loops": 5,"Inner Unique": true,"Hash Cond": "(partsupp.ps_partkey = part.p_partkey)","Workers": [],"Plans": [{"Node Type": "Index Only Scan","Parent Relationship": "Outer","Parallel Aware": true,"Async Capable": false,"Scan Direction": "Forward","Index Name": "partsupp_pkey","Relation Name": "partsupp","Alias": "partsupp","Startup Cost": 347.43,"Total Cost": 15631.43,"Plan Rows": 100000,"Plan Width": 8,"Actual Startup Time": 7.500,"Actual Total Time": 32.794,"Actual Rows": 159936,"Actual Loops": 5,"Filter": "(NOT (hashed SubPlan 1))","Rows Removed by Filter": 64,"Heap Fetches": 0,"Workers": [],"Plans": [{"Node Type": "Seq Scan","Parent Relationship": "SubPlan","Subplan Name": "SubPlan 1","Parallel Aware": false,"Async Capable": false,"Relation Name": "supplier","Alias": "supplier","Startup Cost": 0.00,"Total Cost": 347.00,"Plan Rows": 1,"Plan Width": 4,"Actual Startup Time": 0.128,"Actual Total Time": 7.346,"Actual Rows": 4,"Actual Loops": 5,"Filter": "((s_comment)::text ~~ '%Customer%Complaints%'::text)","Rows Removed by Filter": 9996,"Workers": []}]},{"Node Type": "Hash","Parent Relationship": "Inner","Parallel Aware": true,"Async Capable": false,"Startup Cost": 6180.33,"Total Cost": 6180.33,"Plan Rows": 12434,"Plan Width": 40,"Actual Startup Time": 22.447,"Actual Total Time": 22.451,"Actual Rows": 5953,"Actual Loops": 5,"Hash Buckets": 32768,"Original Hash Buckets": 32768,"Hash Batches": 1,"Original Hash Batches": 1,"Peak Memory Usage": 2560,"Workers": [],"Plans": [{"Node Type": "Seq Scan","Parent Relationship": "Outer","Parallel Aware": true,"Async Capable": false,"Relation Name": "part","Alias": "part","Startup Cost": 0.00,"Total Cost": 6180.33,"Plan Rows": 12434,"Plan Width": 40,"Actual Startup Time": 0.052,"Actual Total Time": 19.055,"Actual Rows": 5953,"Actual Loops": 5,"Filter": "((p_brand <> 'Brand#11'::bpchar) AND ((p_type)::text !~~ 'PROMO ANODIZED%'::text) AND (p_size = ANY ('{25,18,15,44,24,38,41,42}'::integer[])))","Rows Removed by Filter": 34047,"Workers": []}]}]}]}]}]}]},"Planning Time": 4.919,"Triggers": [],"Execution Time": 241.938}]
[{"Plan": {"Node Type": "Sort","Parallel Aware": false,"Async Capable": false,"Startup Cost": 33125.90,"Total Cost": 33165.67,"Plan Rows": 15908,"Plan Width": 44,"Actual Startup Time": 233.020,"Actual Total Time": 234.840,"Actual Rows": 18156,"Actual Loops": 1,"Sort Key": ["(count(DISTINCT partsupp.ps_suppkey)) DESC", "part.p_brand", "part.p_type", "part.p_size"],"Sort Method": "quicksort","Sort Space Used": 2329,"Sort Space Type": "Memory","Plans": [{"Node Type": "Aggregate","Strategy": "Sorted","Partial Mode": "Simple","Parent Relationship": "Outer","Parallel Aware": false,"Async Capable": false,"Startup Cost": 24242.52,"Total Cost": 32015.72,"Plan Rows": 15908,"Plan Width": 44,"Actual Startup Time": 130.138,"Actual Total Time": 195.959,"Actual Rows": 18156,"Actual Loops": 1,"Group Key": ["part.p_brand", "part.p_type", "part.p_size"],"Plans": [{"Node Type": "Gather Merge","Parent Relationship": "Outer","Parallel Aware": false,"Async Capable": false,"Startup Cost": 24242.52,"Total Cost": 31269.74,"Plan Rows": 58690,"Plan Width": 40,"Actual Startup Time": 130.075,"Actual Total Time": 168.598,"Actual Rows": 118487,"Actual Loops": 1,"Workers Planned": 4,"Workers Launched": 4,"Plans": [{"Node Type": "Sort","Parent Relationship": "Outer","Parallel Aware": false,"Async Capable": false,"Startup Cost": 23242.46,"Total Cost": 23279.14,"Plan Rows": 14672,"Plan Width": 40,"Actual Startup Time": 121.572,"Actual Total Time": 124.129,"Actual Rows": 23697,"Actual Loops": 5,"Sort Key": ["part.p_brand", "part.p_type", "part.p_size"],"Sort Method": "quicksort","Sort Space Used": 2716,"Sort Space Type": "Memory","Workers": [{"Worker Number": 0,"Sort Method": "quicksort","Sort Space Used": 2708,"Sort Space Type": "Memory"},{"Worker Number": 1,"Sort Method": "quicksort","Sort Space Used": 2717,"Sort Space Type": "Memory"},{"Worker Number": 2,"Sort Method": "quicksort","Sort Space Used": 2733,"Sort Space Type": "Memory"},{"Worker Number": 3,"Sort Method": "quicksort","Sort Space Used": 2730,"Sort Space Type": "Memory"}],"Plans": [{"Node Type": "Hash Join","Parent Relationship": "Outer","Parallel Aware": true,"Async Capable": false,"Join Type": "Inner","Startup Cost": 6680.60,"Total Cost": 22227.10,"Plan Rows": 14672,"Plan Width": 40,"Actual Startup Time": 29.485,"Actual Total Time": 80.030,"Actual Rows": 23697,"Actual Loops": 5,"Inner Unique": true,"Hash Cond": "(partsupp.ps_partkey = part.p_partkey)","Workers": [],"Plans": [{"Node Type": "Index Only Scan","Parent Relationship": "Outer","Parallel Aware": true,"Async Capable": false,"Scan Direction": "Forward","Index Name": "partsupp_pkey","Relation Name": "partsupp","Alias": "partsupp","Startup Cost": 347.43,"Total Cost": 15631.43,"Plan Rows": 100000,"Plan Width": 8,"Actual Startup Time": 7.137,"Actual Total Time": 32.316,"Actual Rows": 159936,"Actual Loops": 5,"Filter": "(NOT (hashed SubPlan 1))","Rows Removed by Filter": 64,"Heap Fetches": 0,"Workers": [],"Plans": [{"Node Type": "Seq Scan","Parent Relationship": "SubPlan","Subplan Name": "SubPlan 1","Parallel Aware": false,"Async Capable": false,"Relation Name": "supplier","Alias": "supplier","Startup Cost": 0.00,"Total Cost": 347.00,"Plan Rows": 1,"Plan Width": 4,"Actual Startup Time": 0.145,"Actual Total Time": 6.986,"Actual Rows": 4,"Actual Loops": 5,"Filter": "((s_comment)::text ~~ '%Customer%Complaints%'::text)","Rows Removed by Filter": 9996,"Workers": []}]},{"Node Type": "Hash","Parent Relationship": "Inner","Parallel Aware": true,"Async Capable": false,"Startup Cost": 6180.33,"Total Cost": 6180.33,"Plan Rows": 12227,"Plan Width": 40,"Actual Startup Time": 22.144,"Actual Total Time": 22.147,"Actual Rows": 5927,"Actual Loops": 5,"Hash Buckets": 32768,"Original Hash Buckets": 32768,"Hash Batches": 1,"Original Hash Batches": 1,"Peak Memory Usage": 2592,"Workers": [],"Plans": [{"Node Type": "Seq Scan","Parent Relationship": "Outer","Parallel Aware": true,"Async Capable": false,"Relation Name": "part","Alias": "part","Startup Cost": 0.00,"Total Cost": 6180.33,"Plan Rows": 12227,"Plan Width": 40,"Actual Startup Time": 0.054,"Actual Total Time": 18.231,"Actual Rows": 5927,"Actual Loops": 5,"Filter": "((p_brand <> 'Brand#34'::bpchar) AND ((p_type)::text !~~ 'PROMO PLATED%'::text) AND (p_size = ANY ('{35,2,33,4,45,26,27,13}'::integer[])))","Rows Removed by Filter": 34073,"Workers": []}]}]}]}]}]}]},"Planning Time": 5.452,"Triggers": [],"Execution Time": 235.823}]
[{"Plan": {"Node Type": "Sort","Parallel Aware": false,"Async Capable": false,"Startup Cost": 33033.36,"Total Cost": 33072.95,"Plan Rows": 15839,"Plan Width": 44,"Actual Startup Time": 234.289,"Actual Total Time": 236.246,"Actual Rows": 18218,"Actual Loops": 1,"Sort Key": ["(count(DISTINCT partsupp.ps_suppkey)) DESC", "part.p_brand", "part.p_type", "part.p_size"],"Sort Method": "quicksort","Sort Space Used": 2333,"Sort Space Type": "Memory","Plans": [{"Node Type": "Aggregate","Strategy": "Sorted","Partial Mode": "Simple","Parent Relationship": "Outer","Parallel Aware": false,"Async Capable": false,"Startup Cost": 24230.18,"Total Cost": 31928.49,"Plan Rows": 15839,"Plan Width": 44,"Actual Startup Time": 130.210,"Actual Total Time": 196.696,"Actual Rows": 18218,"Actual Loops": 1,"Group Key": ["part.p_brand", "part.p_type", "part.p_size"],"Plans": [{"Node Type": "Gather Merge","Parent Relationship": "Outer","Parallel Aware": false,"Async Capable": false,"Startup Cost": 24230.18,"Total Cost": 31188.92,"Plan Rows": 58118,"Plan Width": 40,"Actual Startup Time": 130.143,"Actual Total Time": 169.214,"Actual Rows": 117702,"Actual Loops": 1,"Workers Planned": 4,"Workers Launched": 4,"Plans": [{"Node Type": "Sort","Parent Relationship": "Outer","Parallel Aware": false,"Async Capable": false,"Startup Cost": 23230.12,"Total Cost": 23266.45,"Plan Rows": 14530,"Plan Width": 40,"Actual Startup Time": 121.332,"Actual Total Time": 123.777,"Actual Rows": 23540,"Actual Loops": 5,"Sort Key": ["part.p_brand", "part.p_type", "part.p_size"],"Sort Method": "quicksort","Sort Space Used": 2646,"Sort Space Type": "Memory","Workers": [{"Worker Number": 0,"Sort Method": "quicksort","Sort Space Used": 2719,"Sort Space Type": "Memory"},{"Worker Number": 1,"Sort Method": "quicksort","Sort Space Used": 2732,"Sort Space Type": "Memory"},{"Worker Number": 2,"Sort Method": "quicksort","Sort Space Used": 2652,"Sort Space Type": "Memory"},{"Worker Number": 3,"Sort Method": "quicksort","Sort Space Used": 2771,"Sort Space Type": "Memory"}],"Plans": [{"Node Type": "Hash Join","Parent Relationship": "Outer","Parallel Aware": true,"Async Capable": false,"Join Type": "Inner","Startup Cost": 6679.11,"Total Cost": 22225.61,"Plan Rows": 14530,"Plan Width": 40,"Actual Startup Time": 30.247,"Actual Total Time": 80.287,"Actual Rows": 23540,"Actual Loops": 5,"Inner Unique": true,"Hash Cond": "(partsupp.ps_partkey = part.p_partkey)","Workers": [],"Plans": [{"Node Type": "Index Only Scan","Parent Relationship": "Outer","Parallel Aware": true,"Async Capable": false,"Scan Direction": "Forward","Index Name": "partsupp_pkey","Relation Name": "partsupp","Alias": "partsupp","Startup Cost": 347.43,"Total Cost": 15631.43,"Plan Rows": 100000,"Plan Width": 8,"Actual Startup Time": 7.966,"Actual Total Time": 32.900,"Actual Rows": 159936,"Actual Loops": 5,"Filter": "(NOT (hashed SubPlan 1))","Rows Removed by Filter": 64,"Heap Fetches": 0,"Workers": [],"Plans": [{"Node Type": "Seq Scan","Parent Relationship": "SubPlan","Subplan Name": "SubPlan 1","Parallel Aware": false,"Async Capable": false,"Relation Name": "supplier","Alias": "supplier","Startup Cost": 0.00,"Total Cost": 347.00,"Plan Rows": 1,"Plan Width": 4,"Actual Startup Time": 0.219,"Actual Total Time": 7.841,"Actual Rows": 4,"Actual Loops": 5,"Filter": "((s_comment)::text ~~ '%Customer%Complaints%'::text)","Rows Removed by Filter": 9996,"Workers": []}]},{"Node Type": "Hash","Parent Relationship": "Inner","Parallel Aware": true,"Async Capable": false,"Startup Cost": 6180.33,"Total Cost": 6180.33,"Plan Rows": 12108,"Plan Width": 40,"Actual Startup Time": 22.005,"Actual Total Time": 22.007,"Actual Rows": 5888,"Actual Loops": 5,"Hash Buckets": 32768,"Original Hash Buckets": 32768,"Hash Batches": 1,"Original Hash Batches": 1,"Peak Memory Usage": 2560,"Workers": [],"Plans": [{"Node Type": "Seq Scan","Parent Relationship": "Outer","Parallel Aware": true,"Async Capable": false,"Relation Name": "part","Alias": "part","Startup Cost": 0.00,"Total Cost": 6180.33,"Plan Rows": 12108,"Plan Width": 40,"Actual Startup Time": 0.060,"Actual Total Time": 18.427,"Actual Rows": 5888,"Actual Loops": 5,"Filter": "((p_brand <> 'Brand#43'::bpchar) AND ((p_type)::text !~~ 'LARGE BURNISHED%'::text) AND (p_size = ANY ('{6,49,39,19,20,2,28,42}'::integer[])))","Rows Removed by Filter": 34112,"Workers": []}]}]}]}]}]}]},"Planning Time": 4.422,"Triggers": [],"Execution Time": 237.545}]
[{"Plan": {"Node Type": "Sort","Parallel Aware": false,"Async Capable": false,"Startup Cost": 33247.54,"Total Cost": 33287.53,"Plan Rows": 15997,"Plan Width": 44,"Actual Startup Time": 244.499,"Actual Total Time": 246.384,"Actual Rows": 18178,"Actual Loops": 1,"Sort Key": ["(count(DISTINCT partsupp.ps_suppkey)) DESC", "part.p_brand", "part.p_type", "part.p_size"],"Sort Method": "quicksort","Sort Space Used": 2331,"Sort Space Type": "Memory","Plans": [{"Node Type": "Aggregate","Strategy": "Sorted","Partial Mode": "Simple","Parent Relationship": "Outer","Parallel Aware": false,"Async Capable": false,"Startup Cost": 24258.85,"Total Cost": 32130.51,"Plan Rows": 15997,"Plan Width": 44,"Actual Startup Time": 138.262,"Actual Total Time": 208.173,"Actual Rows": 18178,"Actual Loops": 1,"Group Key": ["part.p_brand", "part.p_type", "part.p_size"],"Plans": [{"Node Type": "Gather Merge","Parent Relationship": "Outer","Parallel Aware": false,"Async Capable": false,"Startup Cost": 24258.85,"Total Cost": 31376.12,"Plan Rows": 59442,"Plan Width": 40,"Actual Startup Time": 138.208,"Actual Total Time": 179.031,"Actual Rows": 118517,"Actual Loops": 1,"Workers Planned": 4,"Workers Launched": 4,"Plans": [{"Node Type": "Sort","Parent Relationship": "Outer","Parallel Aware": false,"Async Capable": false,"Startup Cost": 23258.80,"Total Cost": 23295.95,"Plan Rows": 14860,"Plan Width": 40,"Actual Startup Time": 121.185,"Actual Total Time": 123.860,"Actual Rows": 23703,"Actual Loops": 5,"Sort Key": ["part.p_brand", "part.p_type", "part.p_size"],"Sort Method": "quicksort","Sort Space Used": 2410,"Sort Space Type": "Memory","Workers": [{"Worker Number": 0,"Sort Method": "quicksort","Sort Space Used": 2860,"Sort Space Type": "Memory"},{"Worker Number": 1,"Sort Method": "quicksort","Sort Space Used": 2778,"Sort Space Type": "Memory"},{"Worker Number": 2,"Sort Method": "quicksort","Sort Space Used": 2781,"Sort Space Type": "Memory"},{"Worker Number": 3,"Sort Method": "quicksort","Sort Space Used": 2784,"Sort Space Type": "Memory"}],"Plans": [{"Node Type": "Hash Join","Parent Relationship": "Outer","Parallel Aware": true,"Async Capable": false,"Join Type": "Inner","Startup Cost": 6682.56,"Total Cost": 22229.06,"Plan Rows": 14860,"Plan Width": 40,"Actual Startup Time": 28.866,"Actual Total Time": 77.502,"Actual Rows": 23703,"Actual Loops": 5,"Inner Unique": true,"Hash Cond": "(partsupp.ps_partkey = part.p_partkey)","Workers": [],"Plans": [{"Node Type": "Index Only Scan","Parent Relationship": "Outer","Parallel Aware": true,"Async Capable": false,"Scan Direction": "Forward","Index Name": "partsupp_pkey","Relation Name": "partsupp","Alias": "partsupp","Startup Cost": 347.43,"Total Cost": 15631.43,"Plan Rows": 100000,"Plan Width": 8,"Actual Startup Time": 6.942,"Actual Total Time": 32.273,"Actual Rows": 159936,"Actual Loops": 5,"Filter": "(NOT (hashed SubPlan 1))","Rows Removed by Filter": 64,"Heap Fetches": 0,"Workers": [],"Plans": [{"Node Type": "Seq Scan","Parent Relationship": "SubPlan","Subplan Name": "SubPlan 1","Parallel Aware": false,"Async Capable": false,"Relation Name": "supplier","Alias": "supplier","Startup Cost": 0.00,"Total Cost": 347.00,"Plan Rows": 1,"Plan Width": 4,"Actual Startup Time": 0.211,"Actual Total Time": 6.776,"Actual Rows": 4,"Actual Loops": 5,"Filter": "((s_comment)::text ~~ '%Customer%Complaints%'::text)","Rows Removed by Filter": 9996,"Workers": []}]},{"Node Type": "Hash","Parent Relationship": "Inner","Parallel Aware": true,"Async Capable": false,"Startup Cost": 6180.33,"Total Cost": 6180.33,"Plan Rows": 12384,"Plan Width": 40,"Actual Startup Time": 21.680,"Actual Total Time": 21.684,"Actual Rows": 5928,"Actual Loops": 5,"Hash Buckets": 32768,"Original Hash Buckets": 32768,"Hash Batches": 1,"Original Hash Batches": 1,"Peak Memory Usage": 2592,"Workers": [],"Plans": [{"Node Type": "Seq Scan","Parent Relationship": "Outer","Parallel Aware": true,"Async Capable": false,"Relation Name": "part","Alias": "part","Startup Cost": 0.00,"Total Cost": 6180.33,"Plan Rows": 12384,"Plan Width": 40,"Actual Startup Time": 0.056,"Actual Total Time": 17.975,"Actual Rows": 5928,"Actual Loops": 5,"Filter": "((p_brand <> 'Brand#24'::bpchar) AND ((p_type)::text !~~ 'LARGE PLATED%'::text) AND (p_size = ANY ('{32,22,4,13,28,38,40,27}'::integer[])))","Rows Removed by Filter": 34072,"Workers": []}]}]}]}]}]}]},"Planning Time": 4.284,"Triggers": [],"Execution Time": 247.264}]
[{"Plan": {"Node Type": "Sort","Parallel Aware": false,"Async Capable": false,"Startup Cost": 33225.98,"Total Cost": 33265.93,"Plan Rows": 15982,"Plan Width": 44,"Actual Startup Time": 252.334,"Actual Total Time": 254.108,"Actual Rows": 18205,"Actual Loops": 1,"Sort Key": ["(count(DISTINCT partsupp.ps_suppkey)) DESC", "part.p_brand", "part.p_type", "part.p_size"],"Sort Method": "quicksort","Sort Space Used": 2332,"Sort Space Type": "Memory","Plans": [{"Node Type": "Aggregate","Strategy": "Sorted","Partial Mode": "Simple","Parent Relationship": "Outer","Parallel Aware": false,"Async Capable": false,"Startup Cost": 24255.98,"Total Cost": 32110.10,"Plan Rows": 15982,"Plan Width": 44,"Actual Startup Time": 142.872,"Actual Total Time": 213.405,"Actual Rows": 18205,"Actual Loops": 1,"Group Key": ["part.p_brand", "part.p_type", "part.p_size"],"Plans": [{"Node Type": "Gather Merge","Parent Relationship": "Outer","Parallel Aware": false,"Async Capable": false,"Startup Cost": 24255.98,"Total Cost": 31357.20,"Plan Rows": 59308,"Plan Width": 40,"Actual Startup Time": 142.821,"Actual Total Time": 183.625,"Actual Rows": 117675,"Actual Loops": 1,"Workers Planned": 4,"Workers Launched": 4,"Plans": [{"Node Type": "Sort","Parent Relationship": "Outer","Parallel Aware": false,"Async Capable": false,"Startup Cost": 23255.92,"Total Cost": 23292.99,"Plan Rows": 14827,"Plan Width": 40,"Actual Startup Time": 122.637,"Actual Total Time": 125.295,"Actual Rows": 23535,"Actual Loops": 5,"Sort Key": ["part.p_brand", "part.p_type", "part.p_size"],"Sort Method": "quicksort","Sort Space Used": 2392,"Sort Space Type": "Memory","Workers": [{"Worker Number": 0,"Sort Method": "quicksort","Sort Space Used": 2804,"Sort Space Type": "Memory"},{"Worker Number": 1,"Sort Method": "quicksort","Sort Space Used": 2784,"Sort Space Type": "Memory"},{"Worker Number": 2,"Sort Method": "quicksort","Sort Space Used": 2772,"Sort Space Type": "Memory"},{"Worker Number": 3,"Sort Method": "quicksort","Sort Space Used": 2767,"Sort Space Type": "Memory"}],"Plans": [{"Node Type": "Hash Join","Parent Relationship": "Outer","Parallel Aware": true,"Async Capable": false,"Join Type": "Inner","Startup Cost": 6682.21,"Total Cost": 22228.71,"Plan Rows": 14827,"Plan Width": 40,"Actual Startup Time": 29.317,"Actual Total Time": 78.670,"Actual Rows": 23535,"Actual Loops": 5,"Inner Unique": true,"Hash Cond": "(partsupp.ps_partkey = part.p_partkey)","Workers": [],"Plans": [{"Node Type": "Index Only Scan","Parent Relationship": "Outer","Parallel Aware": true,"Async Capable": false,"Scan Direction": "Forward","Index Name": "partsupp_pkey","Relation Name": "partsupp","Alias": "partsupp","Startup Cost": 347.43,"Total Cost": 15631.43,"Plan Rows": 100000,"Plan Width": 8,"Actual Startup Time": 7.614,"Actual Total Time": 33.470,"Actual Rows": 159936,"Actual Loops": 5,"Filter": "(NOT (hashed SubPlan 1))","Rows Removed by Filter": 64,"Heap Fetches": 0,"Workers": [],"Plans": [{"Node Type": "Seq Scan","Parent Relationship": "SubPlan","Subplan Name": "SubPlan 1","Parallel Aware": false,"Async Capable": false,"Relation Name": "supplier","Alias": "supplier","Startup Cost": 0.00,"Total Cost": 347.00,"Plan Rows": 1,"Plan Width": 4,"Actual Startup Time": 0.235,"Actual Total Time": 7.477,"Actual Rows": 4,"Actual Loops": 5,"Filter": "((s_comment)::text ~~ '%Customer%Complaints%'::text)","Rows Removed by Filter": 9996,"Workers": []}]},{"Node Type": "Hash","Parent Relationship": "Inner","Parallel Aware": true,"Async Capable": false,"Startup Cost": 6180.33,"Total Cost": 6180.33,"Plan Rows": 12356,"Plan Width": 40,"Actual Startup Time": 21.438,"Actual Total Time": 21.442,"Actual Rows": 5886,"Actual Loops": 5,"Hash Buckets": 32768,"Original Hash Buckets": 32768,"Hash Batches": 1,"Original Hash Batches": 1,"Peak Memory Usage": 2528,"Workers": [],"Plans": [{"Node Type": "Seq Scan","Parent Relationship": "Outer","Parallel Aware": true,"Async Capable": false,"Relation Name": "part","Alias": "part","Startup Cost": 0.00,"Total Cost": 6180.33,"Plan Rows": 12356,"Plan Width": 40,"Actual Startup Time": 0.054,"Actual Total Time": 17.827,"Actual Rows": 5886,"Actual Loops": 5,"Filter": "((p_brand <> 'Brand#32'::bpchar) AND ((p_type)::text !~~ 'STANDARD BRUSHED%'::text) AND (p_size = ANY ('{27,40,8,29,17,31,30,46}'::integer[])))","Rows Removed by Filter": 34114,"Workers": []}]}]}]}]}]}]},"Planning Time": 4.729,"Triggers": [],"Execution Time": 254.976}]
[{"Plan": {"Node Type": "Sort","Parallel Aware": false,"Async Capable": false,"Startup Cost": 33208.75,"Total Cost": 33248.67,"Plan Rows": 15969,"Plan Width": 44,"Actual Startup Time": 243.706,"Actual Total Time": 245.275,"Actual Rows": 18327,"Actual Loops": 1,"Sort Key": ["(count(DISTINCT partsupp.ps_suppkey)) DESC", "part.p_brand", "part.p_type", "part.p_size"],"Sort Method": "quicksort","Sort Space Used": 2343,"Sort Space Type": "Memory","Plans": [{"Node Type": "Aggregate","Strategy": "Sorted","Partial Mode": "Simple","Parent Relationship": "Outer","Parallel Aware": false,"Async Capable": false,"Startup Cost": 24253.64,"Total Cost": 32093.88,"Plan Rows": 15969,"Plan Width": 44,"Actual Startup Time": 135.416,"Actual Total Time": 206.124,"Actual Rows": 18327,"Actual Loops": 1,"Group Key": ["part.p_brand", "part.p_type", "part.p_size"],"Plans": [{"Node Type": "Gather Merge","Parent Relationship": "Outer","Parallel Aware": false,"Async Capable": false,"Startup Cost": 24253.64,"Total Cost": 31342.17,"Plan Rows": 59202,"Plan Width": 40,"Actual Startup Time": 135.361,"Actual Total Time": 176.446,"Actual Rows": 119282,"Actual Loops": 1,"Workers Planned": 4,"Workers Launched": 4,"Plans": [{"Node Type": "Sort","Parent Relationship": "Outer","Parallel Aware": false,"Async Capable": false,"Startup Cost": 23253.58,"Total Cost": 23290.58,"Plan Rows": 14800,"Plan Width": 40,"Actual Startup Time": 121.906,"Actual Total Time": 124.528,"Actual Rows": 23856,"Actual Loops": 5,"Sort Key": ["part.p_brand", "part.p_type", "part.p_size"],"Sort Method": "quicksort","Sort Space Used": 2220,"Sort Space Type": "Memory","Workers": [{"Worker Number": 0,"Sort Method": "quicksort","Sort Space Used": 2996,"Sort Space Type": "Memory"},{"Worker Number": 1,"Sort Method": "quicksort","Sort Space Used": 3010,"Sort Space Type": "Memory"},{"Worker Number": 2,"Sort Method": "quicksort","Sort Space Used": 2455,"Sort Space Type": "Memory"},{"Worker Number": 3,"Sort Method": "quicksort","Sort Space Used": 2974,"Sort Space Type": "Memory"}],"Plans": [{"Node Type": "Hash Join","Parent Relationship": "Outer","Parallel Aware": true,"Async Capable": false,"Join Type": "Inner","Startup Cost": 6681.94,"Total Cost": 22228.44,"Plan Rows": 14800,"Plan Width": 40,"Actual Startup Time": 28.668,"Actual Total Time": 79.550,"Actual Rows": 23856,"Actual Loops": 5,"Inner Unique": true,"Hash Cond": "(partsupp.ps_partkey = part.p_partkey)","Workers": [],"Plans": [{"Node Type": "Index Only Scan","Parent Relationship": "Outer","Parallel Aware": true,"Async Capable": false,"Scan Direction": "Forward","Index Name": "partsupp_pkey","Relation Name": "partsupp","Alias": "partsupp","Startup Cost": 347.43,"Total Cost": 15631.43,"Plan Rows": 100000,"Plan Width": 8,"Actual Startup Time": 6.633,"Actual Total Time": 32.648,"Actual Rows": 159936,"Actual Loops": 5,"Filter": "(NOT (hashed SubPlan 1))","Rows Removed by Filter": 64,"Heap Fetches": 0,"Workers": [],"Plans": [{"Node Type": "Seq Scan","Parent Relationship": "SubPlan","Subplan Name": "SubPlan 1","Parallel Aware": false,"Async Capable": false,"Relation Name": "supplier","Alias": "supplier","Startup Cost": 0.00,"Total Cost": 347.00,"Plan Rows": 1,"Plan Width": 4,"Actual Startup Time": 0.213,"Actual Total Time": 6.502,"Actual Rows": 4,"Actual Loops": 5,"Filter": "((s_comment)::text ~~ '%Customer%Complaints%'::text)","Rows Removed by Filter": 9996,"Workers": []}]},{"Node Type": "Hash","Parent Relationship": "Inner","Parallel Aware": true,"Async Capable": false,"Startup Cost": 6180.33,"Total Cost": 6180.33,"Plan Rows": 12334,"Plan Width": 40,"Actual Startup Time": 21.759,"Actual Total Time": 21.764,"Actual Rows": 5967,"Actual Loops": 5,"Hash Buckets": 32768,"Original Hash Buckets": 32768,"Hash Batches": 1,"Original Hash Batches": 1,"Peak Memory Usage": 2560,"Workers": [],"Plans": [{"Node Type": "Seq Scan","Parent Relationship": "Outer","Parallel Aware": true,"Async Capable": false,"Relation Name": "part","Alias": "part","Startup Cost": 0.00,"Total Cost": 6180.33,"Plan Rows": 12334,"Plan Width": 40,"Actual Startup Time": 0.058,"Actual Total Time": 18.030,"Actual Rows": 5967,"Actual Loops": 5,"Filter": "((p_brand <> 'Brand#23'::bpchar) AND ((p_type)::text !~~ 'PROMO BURNISHED%'::text) AND (p_size = ANY ('{8,41,33,2,12,32,37,5}'::integer[])))","Rows Removed by Filter": 34033,"Workers": []}]}]}]}]}]}]},"Planning Time": 4.344,"Triggers": [],"Execution Time": 246.104}]
[{"Plan": {"Node Type": "Sort","Parallel Aware": false,"Async Capable": false,"Startup Cost": 33310.05,"Total Cost": 33350.15,"Plan Rows": 16043,"Plan Width": 44,"Actual Startup Time": 247.280,"Actual Total Time": 249.148,"Actual Rows": 18258,"Actual Loops": 1,"Sort Key": ["(count(DISTINCT partsupp.ps_suppkey)) DESC", "part.p_brand", "part.p_type", "part.p_size"],"Sort Method": "quicksort","Sort Space Used": 2337,"Sort Space Type": "Memory","Plans": [{"Node Type": "Aggregate","Strategy": "Sorted","Partial Mode": "Simple","Parent Relationship": "Outer","Parallel Aware": false,"Async Capable": false,"Startup Cost": 24267.28,"Total Cost": 32189.47,"Plan Rows": 16043,"Plan Width": 44,"Actual Startup Time": 141.205,"Actual Total Time": 209.273,"Actual Rows": 18258,"Actual Loops": 1,"Group Key": ["part.p_brand", "part.p_type", "part.p_size"],"Plans": [{"Node Type": "Gather Merge","Parent Relationship": "Outer","Parallel Aware": false,"Async Capable": false,"Startup Cost": 24267.28,"Total Cost": 31430.76,"Plan Rows": 59828,"Plan Width": 40,"Actual Startup Time": 141.150,"Actual Total Time": 180.857,"Actual Rows": 117758,"Actual Loops": 1,"Workers Planned": 4,"Workers Launched": 4,"Plans": [{"Node Type": "Sort","Parent Relationship": "Outer","Parallel Aware": false,"Async Capable": false,"Startup Cost": 23267.22,"Total Cost": 23304.61,"Plan Rows": 14957,"Plan Width": 40,"Actual Startup Time": 123.309,"Actual Total Time": 125.921,"Actual Rows": 23552,"Actual Loops": 5,"Sort Key": ["part.p_brand", "part.p_type", "part.p_size"],"Sort Method": "quicksort","Sort Space Used": 2439,"Sort Space Type": "Memory","Workers": [{"Worker Number": 0,"Sort Method": "quicksort","Sort Space Used": 2754,"Sort Space Type": "Memory"},{"Worker Number": 1,"Sort Method": "quicksort","Sort Space Used": 2767,"Sort Space Type": "Memory"},{"Worker Number": 2,"Sort Method": "quicksort","Sort Space Used": 2809,"Sort Space Type": "Memory"},{"Worker Number": 3,"Sort Method": "quicksort","Sort Space Used": 2755,"Sort Space Type": "Memory"}],"Plans": [{"Node Type": "Hash Join","Parent Relationship": "Outer","Parallel Aware": true,"Async Capable": false,"Join Type": "Inner","Startup Cost": 6683.56,"Total Cost": 22230.06,"Plan Rows": 14957,"Plan Width": 40,"Actual Startup Time": 30.455,"Actual Total Time": 79.753,"Actual Rows": 23552,"Actual Loops": 5,"Inner Unique": true,"Hash Cond": "(partsupp.ps_partkey = part.p_partkey)","Workers": [],"Plans": [{"Node Type": "Index Only Scan","Parent Relationship": "Outer","Parallel Aware": true,"Async Capable": false,"Scan Direction": "Forward","Index Name": "partsupp_pkey","Relation Name": "partsupp","Alias": "partsupp","Startup Cost": 347.43,"Total Cost": 15631.43,"Plan Rows": 100000,"Plan Width": 8,"Actual Startup Time": 8.000,"Actual Total Time": 33.693,"Actual Rows": 159936,"Actual Loops": 5,"Filter": "(NOT (hashed SubPlan 1))","Rows Removed by Filter": 64,"Heap Fetches": 0,"Workers": [],"Plans": [{"Node Type": "Seq Scan","Parent Relationship": "SubPlan","Subplan Name": "SubPlan 1","Parallel Aware": false,"Async Capable": false,"Relation Name": "supplier","Alias": "supplier","Startup Cost": 0.00,"Total Cost": 347.00,"Plan Rows": 1,"Plan Width": 4,"Actual Startup Time": 0.156,"Actual Total Time": 7.855,"Actual Rows": 4,"Actual Loops": 5,"Filter": "((s_comment)::text ~~ '%Customer%Complaints%'::text)","Rows Removed by Filter": 9996,"Workers": []}]},{"Node Type": "Hash","Parent Relationship": "Inner","Parallel Aware": true,"Async Capable": false,"Startup Cost": 6180.33,"Total Cost": 6180.33,"Plan Rows": 12464,"Plan Width": 40,"Actual Startup Time": 22.203,"Actual Total Time": 22.208,"Actual Rows": 5890,"Actual Loops": 5,"Hash Buckets": 32768,"Original Hash Buckets": 32768,"Hash Batches": 1,"Original Hash Batches": 1,"Peak Memory Usage": 2528,"Workers": [],"Plans": [{"Node Type": "Seq Scan","Parent Relationship": "Outer","Parallel Aware": true,"Async Capable": false,"Relation Name": "part","Alias": "part","Startup Cost": 0.00,"Total Cost": 6180.33,"Plan Rows": 12464,"Plan Width": 40,"Actual Startup Time": 0.065,"Actual Total Time": 18.359,"Actual Rows": 5890,"Actual Loops": 5,"Filter": "((p_brand <> 'Brand#41'::bpchar) AND ((p_type)::text !~~ 'PROMO BURNISHED%'::text) AND (p_size = ANY ('{46,14,49,19,29,47,36,31}'::integer[])))","Rows Removed by Filter": 34110,"Workers": []}]}]}]}]}]}]},"Planning Time": 5.568,"Triggers": [],"Execution Time": 250.085}]
[{"Plan": {"Node Type": "Sort","Parallel Aware": false,"Async Capable": false,"Startup Cost": 33428.26,"Total Cost": 33468.58,"Plan Rows": 16127,"Plan Width": 44,"Actual Startup Time": 233.401,"Actual Total Time": 235.272,"Actual Rows": 18306,"Actual Loops": 1,"Sort Key": ["(count(DISTINCT partsupp.ps_suppkey)) DESC", "part.p_brand", "part.p_type", "part.p_size"],"Sort Method": "quicksort","Sort Space Used": 2341,"Sort Space Type": "Memory","Plans": [{"Node Type": "Aggregate","Strategy": "Sorted","Partial Mode": "Simple","Parent Relationship": "Outer","Parallel Aware": false,"Async Capable": false,"Startup Cost": 24283.21,"Total Cost": 32301.21,"Plan Rows": 16127,"Plan Width": 44,"Actual Startup Time": 129.489,"Actual Total Time": 196.183,"Actual Rows": 18306,"Actual Loops": 1,"Group Key": ["part.p_brand", "part.p_type", "part.p_size"],"Plans": [{"Node Type": "Gather Merge","Parent Relationship": "Outer","Parallel Aware": false,"Async Capable": false,"Startup Cost": 24283.21,"Total Cost": 31534.34,"Plan Rows": 60560,"Plan Width": 40,"Actual Startup Time": 129.424,"Actual Total Time": 168.672,"Actual Rows": 119152,"Actual Loops": 1,"Workers Planned": 4,"Workers Launched": 4,"Plans": [{"Node Type": "Sort","Parent Relationship": "Outer","Parallel Aware": false,"Async Capable": false,"Startup Cost": 23283.15,"Total Cost": 23321.00,"Plan Rows": 15140,"Plan Width": 40,"Actual Startup Time": 120.772,"Actual Total Time": 123.512,"Actual Rows": 23830,"Actual Loops": 5,"Sort Key": ["part.p_brand", "part.p_type", "part.p_size"],"Sort Method": "quicksort","Sort Space Used": 2643,"Sort Space Type": "Memory","Workers": [{"Worker Number": 0,"Sort Method": "quicksort","Sort Space Used": 2801,"Sort Space Type": "Memory"},{"Worker Number": 1,"Sort Method": "quicksort","Sort Space Used": 2685,"Sort Space Type": "Memory"},{"Worker Number": 2,"Sort Method": "quicksort","Sort Space Used": 2760,"Sort Space Type": "Memory"},{"Worker Number": 3,"Sort Method": "quicksort","Sort Space Used": 2773,"Sort Space Type": "Memory"}],"Plans": [{"Node Type": "Hash Join","Parent Relationship": "Outer","Parallel Aware": true,"Async Capable": false,"Join Type": "Inner","Startup Cost": 6685.47,"Total Cost": 22231.97,"Plan Rows": 15140,"Plan Width": 40,"Actual Startup Time": 29.323,"Actual Total Time": 79.273,"Actual Rows": 23830,"Actual Loops": 5,"Inner Unique": true,"Hash Cond": "(partsupp.ps_partkey = part.p_partkey)","Workers": [],"Plans": [{"Node Type": "Index Only Scan","Parent Relationship": "Outer","Parallel Aware": true,"Async Capable": false,"Scan Direction": "Forward","Index Name": "partsupp_pkey","Relation Name": "partsupp","Alias": "partsupp","Startup Cost": 347.43,"Total Cost": 15631.43,"Plan Rows": 100000,"Plan Width": 8,"Actual Startup Time": 7.308,"Actual Total Time": 32.065,"Actual Rows": 159936,"Actual Loops": 5,"Filter": "(NOT (hashed SubPlan 1))","Rows Removed by Filter": 64,"Heap Fetches": 0,"Workers": [],"Plans": [{"Node Type": "Seq Scan","Parent Relationship": "SubPlan","Subplan Name": "SubPlan 1","Parallel Aware": false,"Async Capable": false,"Relation Name": "supplier","Alias": "supplier","Startup Cost": 0.00,"Total Cost": 347.00,"Plan Rows": 1,"Plan Width": 4,"Actual Startup Time": 0.126,"Actual Total Time": 7.168,"Actual Rows": 4,"Actual Loops": 5,"Filter": "((s_comment)::text ~~ '%Customer%Complaints%'::text)","Rows Removed by Filter": 9996,"Workers": []}]},{"Node Type": "Hash","Parent Relationship": "Inner","Parallel Aware": true,"Async Capable": false,"Startup Cost": 6180.33,"Total Cost": 6180.33,"Plan Rows": 12617,"Plan Width": 40,"Actual Startup Time": 21.767,"Actual Total Time": 21.771,"Actual Rows": 5960,"Actual Loops": 5,"Hash Buckets": 32768,"Original Hash Buckets": 32768,"Hash Batches": 1,"Original Hash Batches": 1,"Peak Memory Usage": 2528,"Workers": [],"Plans": [{"Node Type": "Seq Scan","Parent Relationship": "Outer","Parallel Aware": true,"Async Capable": false,"Relation Name": "part","Alias": "part","Startup Cost": 0.00,"Total Cost": 6180.33,"Plan Rows": 12617,"Plan Width": 40,"Actual Startup Time": 0.050,"Actual Total Time": 18.277,"Actual Rows": 5960,"Actual Loops": 5,"Filter": "((p_brand <> 'Brand#14'::bpchar) AND ((p_type)::text !~~ 'LARGE BRUSHED%'::text) AND (p_size = ANY ('{14,44,15,33,19,29,35,26}'::integer[])))","Rows Removed by Filter": 34040,"Workers": []}]}]}]}]}]}]},"Planning Time": 4.102,"Triggers": [],"Execution Time": 236.530}]
[{"Plan": {"Node Type": "Sort","Parallel Aware": false,"Async Capable": false,"Startup Cost": 33229.05,"Total Cost": 33269.01,"Plan Rows": 15984,"Plan Width": 44,"Actual Startup Time": 239.409,"Actual Total Time": 241.188,"Actual Rows": 18195,"Actual Loops": 1,"Sort Key": ["(count(DISTINCT partsupp.ps_suppkey)) DESC", "part.p_brand", "part.p_type", "part.p_size"],"Sort Method": "quicksort","Sort Space Used": 2329,"Sort Space Type": "Memory","Plans": [{"Node Type": "Aggregate","Strategy": "Sorted","Partial Mode": "Simple","Parent Relationship": "Outer","Parallel Aware": false,"Async Capable": false,"Startup Cost": 24256.41,"Total Cost": 32113.02,"Plan Rows": 15984,"Plan Width": 44,"Actual Startup Time": 136.464,"Actual Total Time": 202.491,"Actual Rows": 18195,"Actual Loops": 1,"Group Key": ["part.p_brand", "part.p_type", "part.p_size"],"Plans": [{"Node Type": "Gather Merge","Parent Relationship": "Outer","Parallel Aware": false,"Async Capable": false,"Startup Cost": 24256.41,"Total Cost": 31359.91,"Plan Rows": 59327,"Plan Width": 40,"Actual Startup Time": 136.411,"Actual Total Time": 175.184,"Actual Rows": 118633,"Actual Loops": 1,"Workers Planned": 4,"Workers Launched": 4,"Plans": [{"Node Type": "Sort","Parent Relationship": "Outer","Parallel Aware": false,"Async Capable": false,"Startup Cost": 23256.35,"Total Cost": 23293.43,"Plan Rows": 14832,"Plan Width": 40,"Actual Startup Time": 124.397,"Actual Total Time": 127.011,"Actual Rows": 23727,"Actual Loops": 5,"Sort Key": ["part.p_brand", "part.p_type", "part.p_size"],"Sort Method": "quicksort","Sort Space Used": 2521,"Sort Space Type": "Memory","Workers": [{"Worker Number": 0,"Sort Method": "quicksort","Sort Space Used": 2860,"Sort Space Type": "Memory"},{"Worker Number": 1,"Sort Method": "quicksort","Sort Space Used": 2453,"Sort Space Type": "Memory"},{"Worker Number": 2,"Sort Method": "quicksort","Sort Space Used": 2872,"Sort Space Type": "Memory"},{"Worker Number": 3,"Sort Method": "quicksort","Sort Space Used": 2883,"Sort Space Type": "Memory"}],"Plans": [{"Node Type": "Hash Join","Parent Relationship": "Outer","Parallel Aware": true,"Async Capable": false,"Join Type": "Inner","Startup Cost": 6682.26,"Total Cost": 22228.76,"Plan Rows": 14832,"Plan Width": 40,"Actual Startup Time": 31.108,"Actual Total Time": 82.611,"Actual Rows": 23727,"Actual Loops": 5,"Inner Unique": true,"Hash Cond": "(partsupp.ps_partkey = part.p_partkey)","Workers": [],"Plans": [{"Node Type": "Index Only Scan","Parent Relationship": "Outer","Parallel Aware": true,"Async Capable": false,"Scan Direction": "Forward","Index Name": "partsupp_pkey","Relation Name": "partsupp","Alias": "partsupp","Startup Cost": 347.43,"Total Cost": 15631.43,"Plan Rows": 100000,"Plan Width": 8,"Actual Startup Time": 6.891,"Actual Total Time": 33.655,"Actual Rows": 159936,"Actual Loops": 5,"Filter": "(NOT (hashed SubPlan 1))","Rows Removed by Filter": 64,"Heap Fetches": 0,"Workers": [],"Plans": [{"Node Type": "Seq Scan","Parent Relationship": "SubPlan","Subplan Name": "SubPlan 1","Parallel Aware": false,"Async Capable": false,"Relation Name": "supplier","Alias": "supplier","Startup Cost": 0.00,"Total Cost": 347.00,"Plan Rows": 1,"Plan Width": 4,"Actual Startup Time": 0.189,"Actual Total Time": 6.685,"Actual Rows": 4,"Actual Loops": 5,"Filter": "((s_comment)::text ~~ '%Customer%Complaints%'::text)","Rows Removed by Filter": 9996,"Workers": []}]},{"Node Type": "Hash","Parent Relationship": "Inner","Parallel Aware": true,"Async Capable": false,"Startup Cost": 6180.33,"Total Cost": 6180.33,"Plan Rows": 12360,"Plan Width": 40,"Actual Startup Time": 23.893,"Actual Total Time": 23.898,"Actual Rows": 5934,"Actual Loops": 5,"Hash Buckets": 32768,"Original Hash Buckets": 32768,"Hash Batches": 1,"Original Hash Batches": 1,"Peak Memory Usage": 2528,"Workers": [],"Plans": [{"Node Type": "Seq Scan","Parent Relationship": "Outer","Parallel Aware": true,"Async Capable": false,"Relation Name": "part","Alias": "part","Startup Cost": 0.00,"Total Cost": 6180.33,"Plan Rows": 12360,"Plan Width": 40,"Actual Startup Time": 0.067,"Actual Total Time": 19.959,"Actual Rows": 5934,"Actual Loops": 5,"Filter": "((p_brand <> 'Brand#24'::bpchar) AND ((p_type)::text !~~ 'STANDARD BURNISHED%'::text) AND (p_size = ANY ('{45,28,38,6,39,41,21,35}'::integer[])))","Rows Removed by Filter": 34066,"Workers": []}]}]}]}]}]}]},"Planning Time": 4.704,"Triggers": [],"Execution Time": 242.148}]
[{"Plan": {"Node Type": "Sort","Parallel Aware": false,"Async Capable": false,"Startup Cost": 33129.26,"Total Cost": 33169.04,"Plan Rows": 15911,"Plan Width": 44,"Actual Startup Time": 231.497,"Actual Total Time": 233.480,"Actual Rows": 18129,"Actual Loops": 1,"Sort Key": ["(count(DISTINCT partsupp.ps_suppkey)) DESC", "part.p_brand", "part.p_type", "part.p_size"],"Sort Method": "quicksort","Sort Space Used": 2325,"Sort Space Type": "Memory","Plans": [{"Node Type": "Aggregate","Strategy": "Sorted","Partial Mode": "Simple","Parent Relationship": "Outer","Parallel Aware": false,"Async Capable": false,"Startup Cost": 24243.02,"Total Cost": 32018.86,"Plan Rows": 15911,"Plan Width": 44,"Actual Startup Time": 129.112,"Actual Total Time": 195.058,"Actual Rows": 18129,"Actual Loops": 1,"Group Key": ["part.p_brand", "part.p_type", "part.p_size"],"Plans": [{"Node Type": "Gather Merge","Parent Relationship": "Outer","Parallel Aware": false,"Async Capable": false,"Startup Cost": 24243.02,"Total Cost": 31272.65,"Plan Rows": 58710,"Plan Width": 40,"Actual Startup Time": 129.022,"Actual Total Time": 167.336,"Actual Rows": 117095,"Actual Loops": 1,"Workers Planned": 4,"Workers Launched": 4,"Plans": [{"Node Type": "Sort","Parent Relationship": "Outer","Parallel Aware": false,"Async Capable": false,"Startup Cost": 23242.97,"Total Cost": 23279.66,"Plan Rows": 14678,"Plan Width": 40,"Actual Startup Time": 119.176,"Actual Total Time": 121.663,"Actual Rows": 23419,"Actual Loops": 5,"Sort Key": ["part.p_brand", "part.p_type", "part.p_size"],"Sort Method": "quicksort","Sort Space Used": 2602,"Sort Space Type": "Memory","Workers": [{"Worker Number": 0,"Sort Method": "quicksort","Sort Space Used": 2627,"Sort Space Type": "Memory"},{"Worker Number": 1,"Sort Method": "quicksort","Sort Space Used": 2794,"Sort Space Type": "Memory"},{"Worker Number": 2,"Sort Method": "quicksort","Sort Space Used": 2619,"Sort Space Type": "Memory"},{"Worker Number": 3,"Sort Method": "quicksort","Sort Space Used": 2826,"Sort Space Type": "Memory"}],"Plans": [{"Node Type": "Hash Join","Parent Relationship": "Outer","Parallel Aware": true,"Async Capable": false,"Join Type": "Inner","Startup Cost": 6680.65,"Total Cost": 22227.15,"Plan Rows": 14678,"Plan Width": 40,"Actual Startup Time": 28.884,"Actual Total Time": 78.287,"Actual Rows": 23419,"Actual Loops": 5,"Inner Unique": true,"Hash Cond": "(partsupp.ps_partkey = part.p_partkey)","Workers": [],"Plans": [{"Node Type": "Index Only Scan","Parent Relationship": "Outer","Parallel Aware": true,"Async Capable": false,"Scan Direction": "Forward","Index Name": "partsupp_pkey","Relation Name": "partsupp","Alias": "partsupp","Startup Cost": 347.43,"Total Cost": 15631.43,"Plan Rows": 100000,"Plan Width": 8,"Actual Startup Time": 6.874,"Actual Total Time": 32.191,"Actual Rows": 159936,"Actual Loops": 5,"Filter": "(NOT (hashed SubPlan 1))","Rows Removed by Filter": 64,"Heap Fetches": 0,"Workers": [],"Plans": [{"Node Type": "Seq Scan","Parent Relationship": "SubPlan","Subplan Name": "SubPlan 1","Parallel Aware": false,"Async Capable": false,"Relation Name": "supplier","Alias": "supplier","Startup Cost": 0.00,"Total Cost": 347.00,"Plan Rows": 1,"Plan Width": 4,"Actual Startup Time": 0.130,"Actual Total Time": 6.701,"Actual Rows": 4,"Actual Loops": 5,"Filter": "((s_comment)::text ~~ '%Customer%Complaints%'::text)","Rows Removed by Filter": 9996,"Workers": []}]},{"Node Type": "Hash","Parent Relationship": "Inner","Parallel Aware": true,"Async Capable": false,"Startup Cost": 6180.33,"Total Cost": 6180.33,"Plan Rows": 12231,"Plan Width": 40,"Actual Startup Time": 21.712,"Actual Total Time": 21.715,"Actual Rows": 5857,"Actual Loops": 5,"Hash Buckets": 32768,"Original Hash Buckets": 32768,"Hash Batches": 1,"Original Hash Batches": 1,"Peak Memory Usage": 2528,"Workers": [],"Plans": [{"Node Type": "Seq Scan","Parent Relationship": "Outer","Parallel Aware": true,"Async Capable": false,"Relation Name": "part","Alias": "part","Startup Cost": 0.00,"Total Cost": 6180.33,"Plan Rows": 12231,"Plan Width": 40,"Actual Startup Time": 0.059,"Actual Total Time": 18.389,"Actual Rows": 5857,"Actual Loops": 5,"Filter": "((p_brand <> 'Brand#51'::bpchar) AND ((p_type)::text !~~ 'STANDARD PLATED%'::text) AND (p_size = ANY ('{23,28,25,19,16,13,20,15}'::integer[])))","Rows Removed by Filter": 34143,"Workers": []}]}]}]}]}]}]},"Planning Time": 4.017,"Triggers": [],"Execution Time": 234.753}]
[{"Plan": {"Node Type": "Sort","Parallel Aware": false,"Async Capable": false,"Startup Cost": 33400.11,"Total Cost": 33440.37,"Plan Rows": 16107,"Plan Width": 44,"Actual Startup Time": 261.717,"Actual Total Time": 263.398,"Actual Rows": 18310,"Actual Loops": 1,"Sort Key": ["(count(DISTINCT partsupp.ps_suppkey)) DESC", "part.p_brand", "part.p_type", "part.p_size"],"Sort Method": "quicksort","Sort Space Used": 2341,"Sort Space Type": "Memory","Plans": [{"Node Type": "Aggregate","Strategy": "Sorted","Partial Mode": "Simple","Parent Relationship": "Outer","Parallel Aware": false,"Async Capable": false,"Startup Cost": 24279.37,"Total Cost": 32274.60,"Plan Rows": 16107,"Plan Width": 44,"Actual Startup Time": 145.126,"Actual Total Time": 222.602,"Actual Rows": 18310,"Actual Loops": 1,"Group Key": ["part.p_brand", "part.p_type", "part.p_size"],"Plans": [{"Node Type": "Gather Merge","Parent Relationship": "Outer","Parallel Aware": false,"Async Capable": false,"Startup Cost": 24279.37,"Total Cost": 31509.67,"Plan Rows": 60386,"Plan Width": 40,"Actual Startup Time": 145.060,"Actual Total Time": 189.784,"Actual Rows": 119322,"Actual Loops": 1,"Workers Planned": 4,"Workers Launched": 4,"Plans": [{"Node Type": "Sort","Parent Relationship": "Outer","Parallel Aware": false,"Async Capable": false,"Startup Cost": 23279.32,"Total Cost": 23317.06,"Plan Rows": 15096,"Plan Width": 40,"Actual Startup Time": 127.433,"Actual Total Time": 130.471,"Actual Rows": 23864,"Actual Loops": 5,"Sort Key": ["part.p_brand", "part.p_type", "part.p_size"],"Sort Method": "quicksort","Sort Space Used": 1698,"Sort Space Type": "Memory","Workers": [{"Worker Number": 0,"Sort Method": "quicksort","Sort Space Used": 2938,"Sort Space Type": "Memory"},{"Worker Number": 1,"Sort Method": "quicksort","Sort Space Used": 2874,"Sort Space Type": "Memory"},{"Worker Number": 2,"Sort Method": "quicksort","Sort Space Used": 2889,"Sort Space Type": "Memory"},{"Worker Number": 3,"Sort Method": "quicksort","Sort Space Used": 2871,"Sort Space Type": "Memory"}],"Plans": [{"Node Type": "Hash Join","Parent Relationship": "Outer","Parallel Aware": true,"Async Capable": false,"Join Type": "Inner","Startup Cost": 6685.01,"Total Cost": 22231.51,"Plan Rows": 15096,"Plan Width": 40,"Actual Startup Time": 31.969,"Actual Total Time": 81.486,"Actual Rows": 23864,"Actual Loops": 5,"Inner Unique": true,"Hash Cond": "(partsupp.ps_partkey = part.p_partkey)","Workers": [],"Plans": [{"Node Type": "Index Only Scan","Parent Relationship": "Outer","Parallel Aware": true,"Async Capable": false,"Scan Direction": "Forward","Index Name": "partsupp_pkey","Relation Name": "partsupp","Alias": "partsupp","Startup Cost": 347.43,"Total Cost": 15631.43,"Plan Rows": 100000,"Plan Width": 8,"Actual Startup Time": 7.745,"Actual Total Time": 33.602,"Actual Rows": 159936,"Actual Loops": 5,"Filter": "(NOT (hashed SubPlan 1))","Rows Removed by Filter": 64,"Heap Fetches": 0,"Workers": [],"Plans": [{"Node Type": "Seq Scan","Parent Relationship": "SubPlan","Subplan Name": "SubPlan 1","Parallel Aware": false,"Async Capable": false,"Relation Name": "supplier","Alias": "supplier","Startup Cost": 0.00,"Total Cost": 347.00,"Plan Rows": 1,"Plan Width": 4,"Actual Startup Time": 0.154,"Actual Total Time": 7.586,"Actual Rows": 4,"Actual Loops": 5,"Filter": "((s_comment)::text ~~ '%Customer%Complaints%'::text)","Rows Removed by Filter": 9996,"Workers": []}]},{"Node Type": "Hash","Parent Relationship": "Inner","Parallel Aware": true,"Async Capable": false,"Startup Cost": 6180.33,"Total Cost": 6180.33,"Plan Rows": 12580,"Plan Width": 40,"Actual Startup Time": 23.927,"Actual Total Time": 23.932,"Actual Rows": 5968,"Actual Loops": 5,"Hash Buckets": 32768,"Original Hash Buckets": 32768,"Hash Batches": 1,"Original Hash Batches": 1,"Peak Memory Usage": 2560,"Workers": [],"Plans": [{"Node Type": "Seq Scan","Parent Relationship": "Outer","Parallel Aware": true,"Async Capable": false,"Relation Name": "part","Alias": "part","Startup Cost": 0.00,"Total Cost": 6180.33,"Plan Rows": 12580,"Plan Width": 40,"Actual Startup Time": 0.051,"Actual Total Time": 20.012,"Actual Rows": 5968,"Actual Loops": 5,"Filter": "((p_brand <> 'Brand#24'::bpchar) AND ((p_type)::text !~~ 'STANDARD PLATED%'::text) AND (p_size = ANY ('{31,4,29,10,14,37,40,15}'::integer[])))","Rows Removed by Filter": 34032,"Workers": []}]}]}]}]}]}]},"Planning Time": 4.328,"Triggers": [],"Execution Time": 264.330}]
[{"Plan": {"Node Type": "Sort","Parallel Aware": false,"Async Capable": false,"Startup Cost": 33421.75,"Total Cost": 33462.06,"Plan Rows": 16122,"Plan Width": 44,"Actual Startup Time": 235.654,"Actual Total Time": 237.910,"Actual Rows": 18400,"Actual Loops": 1,"Sort Key": ["(count(DISTINCT partsupp.ps_suppkey)) DESC", "part.p_brand", "part.p_type", "part.p_size"],"Sort Method": "quicksort","Sort Space Used": 2349,"Sort Space Type": "Memory","Plans": [{"Node Type": "Aggregate","Strategy": "Sorted","Partial Mode": "Simple","Parent Relationship": "Outer","Parallel Aware": false,"Async Capable": false,"Startup Cost": 24282.33,"Total Cost": 32295.09,"Plan Rows": 16122,"Plan Width": 44,"Actual Startup Time": 129.882,"Actual Total Time": 196.334,"Actual Rows": 18400,"Actual Loops": 1,"Group Key": ["part.p_brand", "part.p_type", "part.p_size"],"Plans": [{"Node Type": "Gather Merge","Parent Relationship": "Outer","Parallel Aware": false,"Async Capable": false,"Startup Cost": 24282.33,"Total Cost": 31528.67,"Plan Rows": 60520,"Plan Width": 40,"Actual Startup Time": 129.793,"Actual Total Time": 168.624,"Actual Rows": 119409,"Actual Loops": 1,"Workers Planned": 4,"Workers Launched": 4,"Plans": [{"Node Type": "Sort","Parent Relationship": "Outer","Parallel Aware": false,"Async Capable": false,"Startup Cost": 23282.27,"Total Cost": 23320.10,"Plan Rows": 15130,"Plan Width": 40,"Actual Startup Time": 119.864,"Actual Total Time": 122.339,"Actual Rows": 23882,"Actual Loops": 5,"Sort Key": ["part.p_brand", "part.p_type", "part.p_size"],"Sort Method": "quicksort","Sort Space Used": 2668,"Sort Space Type": "Memory","Workers": [{"Worker Number": 0,"Sort Method": "quicksort","Sort Space Used": 2648,"Sort Space Type": "Memory"},{"Worker Number": 1,"Sort Method": "quicksort","Sort Space Used": 2824,"Sort Space Type": "Memory"},{"Worker Number": 2,"Sort Method": "quicksort","Sort Space Used": 2659,"Sort Space Type": "Memory"},{"Worker Number": 3,"Sort Method": "quicksort","Sort Space Used": 2877,"Sort Space Type": "Memory"}],"Plans": [{"Node Type": "Hash Join","Parent Relationship": "Outer","Parallel Aware": true,"Async Capable": false,"Join Type": "Inner","Startup Cost": 6685.36,"Total Cost": 22231.86,"Plan Rows": 15130,"Plan Width": 40,"Actual Startup Time": 28.284,"Actual Total Time": 77.980,"Actual Rows": 23882,"Actual Loops": 5,"Inner Unique": true,"Hash Cond": "(partsupp.ps_partkey = part.p_partkey)","Workers": [],"Plans": [{"Node Type": "Index Only Scan","Parent Relationship": "Outer","Parallel Aware": true,"Async Capable": false,"Scan Direction": "Forward","Index Name": "partsupp_pkey","Relation Name": "partsupp","Alias": "partsupp","Startup Cost": 347.43,"Total Cost": 15631.43,"Plan Rows": 100000,"Plan Width": 8,"Actual Startup Time": 6.845,"Actual Total Time": 32.171,"Actual Rows": 159936,"Actual Loops": 5,"Filter": "(NOT (hashed SubPlan 1))","Rows Removed by Filter": 64,"Heap Fetches": 0,"Workers": [],"Plans": [{"Node Type": "Seq Scan","Parent Relationship": "SubPlan","Subplan Name": "SubPlan 1","Parallel Aware": false,"Async Capable": false,"Relation Name": "supplier","Alias": "supplier","Startup Cost": 0.00,"Total Cost": 347.00,"Plan Rows": 1,"Plan Width": 4,"Actual Startup Time": 0.140,"Actual Total Time": 6.726,"Actual Rows": 4,"Actual Loops": 5,"Filter": "((s_comment)::text ~~ '%Customer%Complaints%'::text)","Rows Removed by Filter": 9996,"Workers": []}]},{"Node Type": "Hash","Parent Relationship": "Inner","Parallel Aware": true,"Async Capable": false,"Startup Cost": 6180.33,"Total Cost": 6180.33,"Plan Rows": 12608,"Plan Width": 40,"Actual Startup Time": 21.200,"Actual Total Time": 21.203,"Actual Rows": 5973,"Actual Loops": 5,"Hash Buckets": 32768,"Original Hash Buckets": 32768,"Hash Batches": 1,"Original Hash Batches": 1,"Peak Memory Usage": 2592,"Workers": [],"Plans": [{"Node Type": "Seq Scan","Parent Relationship": "Outer","Parallel Aware": true,"Async Capable": false,"Relation Name": "part","Alias": "part","Startup Cost": 0.00,"Total Cost": 6180.33,"Plan Rows": 12608,"Plan Width": 40,"Actual Startup Time": 0.041,"Actual Total Time": 17.982,"Actual Rows": 5973,"Actual Loops": 5,"Filter": "((p_brand <> 'Brand#14'::bpchar) AND ((p_type)::text !~~ 'ECONOMY PLATED%'::text) AND (p_size = ANY ('{34,47,46,32,9,5,11,35}'::integer[])))","Rows Removed by Filter": 34027,"Workers": []}]}]}]}]}]}]},"Planning Time": 4.686,"Triggers": [],"Execution Time": 239.224}]
[{"Plan": {"Node Type": "Sort","Parallel Aware": false,"Async Capable": false,"Startup Cost": 33289.49,"Total Cost": 33329.56,"Plan Rows": 16028,"Plan Width": 44,"Actual Startup Time": 243.039,"Actual Total Time": 244.778,"Actual Rows": 18299,"Actual Loops": 1,"Sort Key": ["(count(DISTINCT partsupp.ps_suppkey)) DESC", "part.p_brand", "part.p_type", "part.p_size"],"Sort Method": "quicksort","Sort Space Used": 2340,"Sort Space Type": "Memory","Plans": [{"Node Type": "Aggregate","Strategy": "Sorted","Partial Mode": "Simple","Parent Relationship": "Outer","Parallel Aware": false,"Async Capable": false,"Startup Cost": 24264.50,"Total Cost": 32170.07,"Plan Rows": 16028,"Plan Width": 44,"Actual Startup Time": 135.409,"Actual Total Time": 203.717,"Actual Rows": 18299,"Actual Loops": 1,"Group Key": ["part.p_brand", "part.p_type", "part.p_size"],"Plans": [{"Node Type": "Gather Merge","Parent Relationship": "Outer","Parallel Aware": false,"Async Capable": false,"Startup Cost": 24264.50,"Total Cost": 31412.78,"Plan Rows": 59701,"Plan Width": 40,"Actual Startup Time": 135.353,"Actual Total Time": 175.114,"Actual Rows": 118825,"Actual Loops": 1,"Workers Planned": 4,"Workers Launched": 4,"Plans": [{"Node Type": "Sort","Parent Relationship": "Outer","Parallel Aware": false,"Async Capable": false,"Startup Cost": 23264.44,"Total Cost": 23301.76,"Plan Rows": 14925,"Plan Width": 40,"Actual Startup Time": 123.202,"Actual Total Time": 126.024,"Actual Rows": 23765,"Actual Loops": 5,"Sort Key": ["part.p_brand", "part.p_type", "part.p_size"],"Sort Method": "quicksort","Sort Space Used": 2406,"Sort Space Type": "Memory","Workers": [{"Worker Number": 0,"Sort Method": "quicksort","Sort Space Used": 2941,"Sort Space Type": "Memory"},{"Worker Number": 1,"Sort Method": "quicksort","Sort Space Used": 2867,"Sort Space Type": "Memory"},{"Worker Number": 2,"Sort Method": "quicksort","Sort Space Used": 2532,"Sort Space Type": "Memory"},{"Worker Number": 3,"Sort Method": "quicksort","Sort Space Used": 2866,"Sort Space Type": "Memory"}],"Plans": [{"Node Type": "Hash Join","Parent Relationship": "Outer","Parallel Aware": true,"Async Capable": false,"Join Type": "Inner","Startup Cost": 6683.24,"Total Cost": 22229.74,"Plan Rows": 14925,"Plan Width": 40,"Actual Startup Time": 31.496,"Actual Total Time": 81.456,"Actual Rows": 23765,"Actual Loops": 5,"Inner Unique": true,"Hash Cond": "(partsupp.ps_partkey = part.p_partkey)","Workers": [],"Plans": [{"Node Type": "Index Only Scan","Parent Relationship": "Outer","Parallel Aware": true,"Async Capable": false,"Scan Direction": "Forward","Index Name": "partsupp_pkey","Relation Name": "partsupp","Alias": "partsupp","Startup Cost": 347.43,"Total Cost": 15631.43,"Plan Rows": 100000,"Plan Width": 8,"Actual Startup Time": 9.171,"Actual Total Time": 34.676,"Actual Rows": 159936,"Actual Loops": 5,"Filter": "(NOT (hashed SubPlan 1))","Rows Removed by Filter": 64,"Heap Fetches": 0,"Workers": [],"Plans": [{"Node Type": "Seq Scan","Parent Relationship": "SubPlan","Subplan Name": "SubPlan 1","Parallel Aware": false,"Async Capable": false,"Relation Name": "supplier","Alias": "supplier","Startup Cost": 0.00,"Total Cost": 347.00,"Plan Rows": 1,"Plan Width": 4,"Actual Startup Time": 0.313,"Actual Total Time": 9.041,"Actual Rows": 4,"Actual Loops": 5,"Filter": "((s_comment)::text ~~ '%Customer%Complaints%'::text)","Rows Removed by Filter": 9996,"Workers": []}]},{"Node Type": "Hash","Parent Relationship": "Inner","Parallel Aware": true,"Async Capable": false,"Startup Cost": 6180.33,"Total Cost": 6180.33,"Plan Rows": 12438,"Plan Width": 40,"Actual Startup Time": 22.036,"Actual Total Time": 22.040,"Actual Rows": 5943,"Actual Loops": 5,"Hash Buckets": 32768,"Original Hash Buckets": 32768,"Hash Batches": 1,"Original Hash Batches": 1,"Peak Memory Usage": 2560,"Workers": [],"Plans": [{"Node Type": "Seq Scan","Parent Relationship": "Outer","Parallel Aware": true,"Async Capable": false,"Relation Name": "part","Alias": "part","Startup Cost": 0.00,"Total Cost": 6180.33,"Plan Rows": 12438,"Plan Width": 40,"Actual Startup Time": 0.053,"Actual Total Time": 18.666,"Actual Rows": 5943,"Actual Loops": 5,"Filter": "((p_brand <> 'Brand#53'::bpchar) AND ((p_type)::text !~~ 'ECONOMY POLISHED%'::text) AND (p_size = ANY ('{12,49,26,32,14,48,6,43}'::integer[])))","Rows Removed by Filter": 34057,"Workers": []}]}]}]}]}]}]},"Planning Time": 3.821,"Triggers": [],"Execution Time": 246.190}]
[{"Plan": {"Node Type": "Sort","Parallel Aware": false,"Async Capable": false,"Startup Cost": 33237.45,"Total Cost": 33277.42,"Plan Rows": 15990,"Plan Width": 44,"Actual Startup Time": 246.783,"Actual Total Time": 248.520,"Actual Rows": 18306,"Actual Loops": 1,"Sort Key": ["(count(DISTINCT partsupp.ps_suppkey)) DESC", "part.p_brand", "part.p_type", "part.p_size"],"Sort Method": "quicksort","Sort Space Used": 2341,"Sort Space Type": "Memory","Plans": [{"Node Type": "Aggregate","Strategy": "Sorted","Partial Mode": "Simple","Parent Relationship": "Outer","Parallel Aware": false,"Async Capable": false,"Startup Cost": 24257.54,"Total Cost": 32120.96,"Plan Rows": 15990,"Plan Width": 44,"Actual Startup Time": 139.135,"Actual Total Time": 207.588,"Actual Rows": 18306,"Actual Loops": 1,"Group Key": ["part.p_brand", "part.p_type", "part.p_size"],"Plans": [{"Node Type": "Gather Merge","Parent Relationship": "Outer","Parallel Aware": false,"Async Capable": false,"Startup Cost": 24257.54,"Total Cost": 31367.27,"Plan Rows": 59379,"Plan Width": 40,"Actual Startup Time": 139.074,"Actual Total Time": 178.937,"Actual Rows": 119318,"Actual Loops": 1,"Workers Planned": 4,"Workers Launched": 4,"Plans": [{"Node Type": "Sort","Parent Relationship": "Outer","Parallel Aware": false,"Async Capable": false,"Startup Cost": 23257.49,"Total Cost": 23294.60,"Plan Rows": 14845,"Plan Width": 40,"Actual Startup Time": 126.630,"Actual Total Time": 129.477,"Actual Rows": 23864,"Actual Loops": 5,"Sort Key": ["part.p_brand", "part.p_type", "part.p_size"],"Sort Method": "quicksort","Sort Space Used": 2489,"Sort Space Type": "Memory","Workers": [{"Worker Number": 0,"Sort Method": "quicksort","Sort Space Used": 2911,"Sort Space Type": "Memory"},{"Worker Number": 1,"Sort Method": "quicksort","Sort Space Used": 2887,"Sort Space Type": "Memory"},{"Worker Number": 2,"Sort Method": "quicksort","Sort Space Used": 2937,"Sort Space Type": "Memory"},{"Worker Number": 3,"Sort Method": "quicksort","Sort Space Used": 2441,"Sort Space Type": "Memory"}],"Plans": [{"Node Type": "Hash Join","Parent Relationship": "Outer","Parallel Aware": true,"Async Capable": false,"Join Type": "Inner","Startup Cost": 6682.40,"Total Cost": 22228.90,"Plan Rows": 14845,"Plan Width": 40,"Actual Startup Time": 34.167,"Actual Total Time": 84.665,"Actual Rows": 23864,"Actual Loops": 5,"Inner Unique": true,"Hash Cond": "(partsupp.ps_partkey = part.p_partkey)","Workers": [],"Plans": [{"Node Type": "Index Only Scan","Parent Relationship": "Outer","Parallel Aware": true,"Async Capable": false,"Scan Direction": "Forward","Index Name": "partsupp_pkey","Relation Name": "partsupp","Alias": "partsupp","Startup Cost": 347.43,"Total Cost": 15631.43,"Plan Rows": 100000,"Plan Width": 8,"Actual Startup Time": 9.115,"Actual Total Time": 34.737,"Actual Rows": 159936,"Actual Loops": 5,"Filter": "(NOT (hashed SubPlan 1))","Rows Removed by Filter": 64,"Heap Fetches": 0,"Workers": [],"Plans": [{"Node Type": "Seq Scan","Parent Relationship": "SubPlan","Subplan Name": "SubPlan 1","Parallel Aware": false,"Async Capable": false,"Relation Name": "supplier","Alias": "supplier","Startup Cost": 0.00,"Total Cost": 347.00,"Plan Rows": 1,"Plan Width": 4,"Actual Startup Time": 0.345,"Actual Total Time": 8.951,"Actual Rows": 4,"Actual Loops": 5,"Filter": "((s_comment)::text ~~ '%Customer%Complaints%'::text)","Rows Removed by Filter": 9996,"Workers": []}]},{"Node Type": "Hash","Parent Relationship": "Inner","Parallel Aware": true,"Async Capable": false,"Startup Cost": 6180.33,"Total Cost": 6180.33,"Plan Rows": 12371,"Plan Width": 40,"Actual Startup Time": 24.773,"Actual Total Time": 24.776,"Actual Rows": 5968,"Actual Loops": 5,"Hash Buckets": 32768,"Original Hash Buckets": 32768,"Hash Batches": 1,"Original Hash Batches": 1,"Peak Memory Usage": 2528,"Workers": [],"Plans": [{"Node Type": "Seq Scan","Parent Relationship": "Outer","Parallel Aware": true,"Async Capable": false,"Relation Name": "part","Alias": "part","Startup Cost": 0.00,"Total Cost": 6180.33,"Plan Rows": 12371,"Plan Width": 40,"Actual Startup Time": 0.067,"Actual Total Time": 21.187,"Actual Rows": 5968,"Actual Loops": 5,"Filter": "((p_brand <> 'Brand#32'::bpchar) AND ((p_type)::text !~~ 'LARGE POLISHED%'::text) AND (p_size = ANY ('{42,35,11,49,13,2,26,38}'::integer[])))","Rows Removed by Filter": 34032,"Workers": []}]}]}]}]}]}]},"Planning Time": 5.416,"Triggers": [],"Execution Time": 249.800}]
[{"Plan": {"Node Type": "Sort","Parallel Aware": false,"Async Capable": false,"Startup Cost": 33334.89,"Total Cost": 33375.04,"Plan Rows": 16060,"Plan Width": 44,"Actual Startup Time": 243.057,"Actual Total Time": 244.891,"Actual Rows": 18234,"Actual Loops": 1,"Sort Key": ["(count(DISTINCT partsupp.ps_suppkey)) DESC", "part.p_brand", "part.p_type", "part.p_size"],"Sort Method": "quicksort","Sort Space Used": 2332,"Sort Space Type": "Memory","Plans": [{"Node Type": "Aggregate","Strategy": "Sorted","Partial Mode": "Simple","Parent Relationship": "Outer","Parallel Aware": false,"Async Capable": false,"Startup Cost": 24270.66,"Total Cost": 32213.01,"Plan Rows": 16060,"Plan Width": 44,"Actual Startup Time": 137.030,"Actual Total Time": 205.047,"Actual Rows": 18234,"Actual Loops": 1,"Group Key": ["part.p_brand", "part.p_type", "part.p_size"],"Plans": [{"Node Type": "Gather Merge","Parent Relationship": "Outer","Parallel Aware": false,"Async Capable": false,"Startup Cost": 24270.66,"Total Cost": 31452.59,"Plan Rows": 59982,"Plan Width": 40,"Actual Startup Time": 136.991,"Actual Total Time": 176.759,"Actual Rows": 118129,"Actual Loops": 1,"Workers Planned": 4,"Workers Launched": 4,"Plans": [{"Node Type": "Sort","Parent Relationship": "Outer","Parallel Aware": false,"Async Capable": false,"Startup Cost": 23270.61,"Total Cost": 23308.10,"Plan Rows": 14996,"Plan Width": 40,"Actual Startup Time": 125.388,"Actual Total Time": 128.087,"Actual Rows": 23626,"Actual Loops": 5,"Sort Key": ["part.p_brand", "part.p_type", "part.p_size"],"Sort Method": "quicksort","Sort Space Used": 2469,"Sort Space Type": "Memory","Workers": [{"Worker Number": 0,"Sort Method": "quicksort","Sort Space Used": 2861,"Sort Space Type": "Memory"},{"Worker Number": 1,"Sort Method": "quicksort","Sort Space Used": 2902,"Sort Space Type": "Memory"},{"Worker Number": 2,"Sort Method": "quicksort","Sort Space Used": 2455,"Sort Space Type": "Memory"},{"Worker Number": 3,"Sort Method": "quicksort","Sort Space Used": 2863,"Sort Space Type": "Memory"}],"Plans": [{"Node Type": "Hash Join","Parent Relationship": "Outer","Parallel Aware": true,"Async Capable": false,"Join Type": "Inner","Startup Cost": 6683.96,"Total Cost": 22230.46,"Plan Rows": 14996,"Plan Width": 40,"Actual Startup Time": 33.627,"Actual Total Time": 84.105,"Actual Rows": 23626,"Actual Loops": 5,"Inner Unique": true,"Hash Cond": "(partsupp.ps_partkey = part.p_partkey)","Workers": [],"Plans": [{"Node Type": "Index Only Scan","Parent Relationship": "Outer","Parallel Aware": true,"Async Capable": false,"Scan Direction": "Forward","Index Name": "partsupp_pkey","Relation Name": "partsupp","Alias": "partsupp","Startup Cost": 347.43,"Total Cost": 15631.43,"Plan Rows": 100000,"Plan Width": 8,"Actual Startup Time": 8.627,"Actual Total Time": 34.500,"Actual Rows": 159936,"Actual Loops": 5,"Filter": "(NOT (hashed SubPlan 1))","Rows Removed by Filter": 64,"Heap Fetches": 0,"Workers": [],"Plans": [{"Node Type": "Seq Scan","Parent Relationship": "SubPlan","Subplan Name": "SubPlan 1","Parallel Aware": false,"Async Capable": false,"Relation Name": "supplier","Alias": "supplier","Startup Cost": 0.00,"Total Cost": 347.00,"Plan Rows": 1,"Plan Width": 4,"Actual Startup Time": 0.278,"Actual Total Time": 8.494,"Actual Rows": 4,"Actual Loops": 5,"Filter": "((s_comment)::text ~~ '%Customer%Complaints%'::text)","Rows Removed by Filter": 9996,"Workers": []}]},{"Node Type": "Hash","Parent Relationship": "Inner","Parallel Aware": true,"Async Capable": false,"Startup Cost": 6180.33,"Total Cost": 6180.33,"Plan Rows": 12496,"Plan Width": 40,"Actual Startup Time": 24.704,"Actual Total Time": 24.710,"Actual Rows": 5909,"Actual Loops": 5,"Hash Buckets": 32768,"Original Hash Buckets": 32768,"Hash Batches": 1,"Original Hash Batches": 1,"Peak Memory Usage": 2496,"Workers": [],"Plans": [{"Node Type": "Seq Scan","Parent Relationship": "Outer","Parallel Aware": true,"Async Capable": false,"Relation Name": "part","Alias": "part","Startup Cost": 0.00,"Total Cost": 6180.33,"Plan Rows": 12496,"Plan Width": 40,"Actual Startup Time": 0.070,"Actual Total Time": 21.133,"Actual Rows": 5909,"Actual Loops": 5,"Filter": "((p_brand <> 'Brand#15'::bpchar) AND ((p_type)::text !~~ 'STANDARD BURNISHED%'::text) AND (p_size = ANY ('{39,2,18,40,46,25,34,19}'::integer[])))","Rows Removed by Filter": 34091,"Workers": []}]}]}]}]}]}]},"Planning Time": 5.491,"Triggers": [],"Execution Time": 246.247}]
[{"Plan": {"Node Type": "Sort","Parallel Aware": false,"Async Capable": false,"Startup Cost": 33321.31,"Total Cost": 33361.44,"Plan Rows": 16051,"Plan Width": 44,"Actual Startup Time": 233.938,"Actual Total Time": 235.792,"Actual Rows": 18229,"Actual Loops": 1,"Sort Key": ["(count(DISTINCT partsupp.ps_suppkey)) DESC", "part.p_brand", "part.p_type", "part.p_size"],"Sort Method": "quicksort","Sort Space Used": 2334,"Sort Space Type": "Memory","Plans": [{"Node Type": "Aggregate","Strategy": "Sorted","Partial Mode": "Simple","Parent Relationship": "Outer","Parallel Aware": false,"Async Capable": false,"Startup Cost": 24268.77,"Total Cost": 32200.12,"Plan Rows": 16051,"Plan Width": 44,"Actual Startup Time": 130.248,"Actual Total Time": 196.198,"Actual Rows": 18229,"Actual Loops": 1,"Group Key": ["part.p_brand", "part.p_type", "part.p_size"],"Plans": [{"Node Type": "Gather Merge","Parent Relationship": "Outer","Parallel Aware": false,"Async Capable": false,"Startup Cost": 24268.77,"Total Cost": 31440.63,"Plan Rows": 59898,"Plan Width": 40,"Actual Startup Time": 130.172,"Actual Total Time": 168.728,"Actual Rows": 119401,"Actual Loops": 1,"Workers Planned": 4,"Workers Launched": 4,"Plans": [{"Node Type": "Sort","Parent Relationship": "Outer","Parallel Aware": false,"Async Capable": false,"Startup Cost": 23268.71,"Total Cost": 23306.14,"Plan Rows": 14974,"Plan Width": 40,"Actual Startup Time": 121.947,"Actual Total Time": 124.497,"Actual Rows": 23880,"Actual Loops": 5,"Sort Key": ["part.p_brand", "part.p_type", "part.p_size"],"Sort Method": "quicksort","Sort Space Used": 2736,"Sort Space Type": "Memory","Workers": [{"Worker Number": 0,"Sort Method": "quicksort","Sort Space Used": 2736,"Sort Space Type": "Memory"},{"Worker Number": 1,"Sort Method": "quicksort","Sort Space Used": 2715,"Sort Space Type": "Memory"},{"Worker Number": 2,"Sort Method": "quicksort","Sort Space Used": 2727,"Sort Space Type": "Memory"},{"Worker Number": 3,"Sort Method": "quicksort","Sort Space Used": 2742,"Sort Space Type": "Memory"}],"Plans": [{"Node Type": "Hash Join","Parent Relationship": "Outer","Parallel Aware": true,"Async Capable": false,"Join Type": "Inner","Startup Cost": 6683.75,"Total Cost": 22230.25,"Plan Rows": 14974,"Plan Width": 40,"Actual Startup Time": 29.685,"Actual Total Time": 79.967,"Actual Rows": 23880,"Actual Loops": 5,"Inner Unique": true,"Hash Cond": "(partsupp.ps_partkey = part.p_partkey)","Workers": [],"Plans": [{"Node Type": "Index Only Scan","Parent Relationship": "Outer","Parallel Aware": true,"Async Capable": false,"Scan Direction": "Forward","Index Name": "partsupp_pkey","Relation Name": "partsupp","Alias": "partsupp","Startup Cost": 347.43,"Total Cost": 15631.43,"Plan Rows": 100000,"Plan Width": 8,"Actual Startup Time": 6.889,"Actual Total Time": 31.816,"Actual Rows": 159936,"Actual Loops": 5,"Filter": "(NOT (hashed SubPlan 1))","Rows Removed by Filter": 64,"Heap Fetches": 0,"Workers": [],"Plans": [{"Node Type": "Seq Scan","Parent Relationship": "SubPlan","Subplan Name": "SubPlan 1","Parallel Aware": false,"Async Capable": false,"Relation Name": "supplier","Alias": "supplier","Startup Cost": 0.00,"Total Cost": 347.00,"Plan Rows": 1,"Plan Width": 4,"Actual Startup Time": 0.168,"Actual Total Time": 6.740,"Actual Rows": 4,"Actual Loops": 5,"Filter": "((s_comment)::text ~~ '%Customer%Complaints%'::text)","Rows Removed by Filter": 9996,"Workers": []}]},{"Node Type": "Hash","Parent Relationship": "Inner","Parallel Aware": true,"Async Capable": false,"Startup Cost": 6180.33,"Total Cost": 6180.33,"Plan Rows": 12479,"Plan Width": 40,"Actual Startup Time": 22.535,"Actual Total Time": 22.537,"Actual Rows": 5972,"Actual Loops": 5,"Hash Buckets": 32768,"Original Hash Buckets": 32768,"Hash Batches": 1,"Original Hash Batches": 1,"Peak Memory Usage": 2560,"Workers": [],"Plans": [{"Node Type": "Seq Scan","Parent Relationship": "Outer","Parallel Aware": true,"Async Capable": false,"Relation Name": "part","Alias": "part","Startup Cost": 0.00,"Total Cost": 6180.33,"Plan Rows": 12479,"Plan Width": 40,"Actual Startup Time": 0.059,"Actual Total Time": 18.670,"Actual Rows": 5972,"Actual Loops": 5,"Filter": "((p_brand <> 'Brand#12'::bpchar) AND ((p_type)::text !~~ 'ECONOMY BURNISHED%'::text) AND (p_size = ANY ('{39,12,30,42,41,16,43,4}'::integer[])))","Rows Removed by Filter": 34028,"Workers": []}]}]}]}]}]}]},"Planning Time": 3.927,"Triggers": [],"Execution Time": 236.647}]
[{"Plan": {"Node Type": "Sort","Parallel Aware": false,"Async Capable": false,"Startup Cost": 33334.69,"Total Cost": 33374.84,"Plan Rows": 16060,"Plan Width": 44,"Actual Startup Time": 245.286,"Actual Total Time": 246.993,"Actual Rows": 18326,"Actual Loops": 1,"Sort Key": ["(count(DISTINCT partsupp.ps_suppkey)) DESC", "part.p_brand", "part.p_type", "part.p_size"],"Sort Method": "quicksort","Sort Space Used": 2342,"Sort Space Type": "Memory","Plans": [{"Node Type": "Aggregate","Strategy": "Sorted","Partial Mode": "Simple","Parent Relationship": "Outer","Parallel Aware": false,"Async Capable": false,"Startup Cost": 24270.59,"Total Cost": 32212.80,"Plan Rows": 16060,"Plan Width": 44,"Actual Startup Time": 132.355,"Actual Total Time": 206.991,"Actual Rows": 18326,"Actual Loops": 1,"Group Key": ["part.p_brand", "part.p_type", "part.p_size"],"Plans": [{"Node Type": "Gather Merge","Parent Relationship": "Outer","Parallel Aware": false,"Async Capable": false,"Startup Cost": 24270.59,"Total Cost": 31452.39,"Plan Rows": 59981,"Plan Width": 40,"Actual Startup Time": 132.289,"Actual Total Time": 175.928,"Actual Rows": 119494,"Actual Loops": 1,"Workers Planned": 4,"Workers Launched": 4,"Plans": [{"Node Type": "Sort","Parent Relationship": "Outer","Parallel Aware": false,"Async Capable": false,"Startup Cost": 23270.53,"Total Cost": 23308.02,"Plan Rows": 14995,"Plan Width": 40,"Actual Startup Time": 121.845,"Actual Total Time": 125.083,"Actual Rows": 23899,"Actual Loops": 5,"Sort Key": ["part.p_brand", "part.p_type", "part.p_size"],"Sort Method": "quicksort","Sort Space Used": 2418,"Sort Space Type": "Memory","Workers": [{"Worker Number": 0,"Sort Method": "quicksort","Sort Space Used": 2840,"Sort Space Type": "Memory"},{"Worker Number": 1,"Sort Method": "quicksort","Sort Space Used": 2806,"Sort Space Type": "Memory"},{"Worker Number": 2,"Sort Method": "quicksort","Sort Space Used": 2780,"Sort Space Type": "Memory"},{"Worker Number": 3,"Sort Method": "quicksort","Sort Space Used": 2834,"Sort Space Type": "Memory"}],"Plans": [{"Node Type": "Hash Join","Parent Relationship": "Outer","Parallel Aware": true,"Async Capable": false,"Join Type": "Inner","Startup Cost": 6683.96,"Total Cost": 22230.46,"Plan Rows": 14995,"Plan Width": 40,"Actual Startup Time": 30.748,"Actual Total Time": 79.848,"Actual Rows": 23899,"Actual Loops": 5,"Inner Unique": true,"Hash Cond": "(partsupp.ps_partkey = part.p_partkey)","Workers": [],"Plans": [{"Node Type": "Index Only Scan","Parent Relationship": "Outer","Parallel Aware": true,"Async Capable": false,"Scan Direction": "Forward","Index Name": "partsupp_pkey","Relation Name": "partsupp","Alias": "partsupp","Startup Cost": 347.43,"Total Cost": 15631.43,"Plan Rows": 100000,"Plan Width": 8,"Actual Startup Time": 7.173,"Actual Total Time": 32.788,"Actual Rows": 159936,"Actual Loops": 5,"Filter": "(NOT (hashed SubPlan 1))","Rows Removed by Filter": 64,"Heap Fetches": 0,"Workers": [],"Plans": [{"Node Type": "Seq Scan","Parent Relationship": "SubPlan","Subplan Name": "SubPlan 1","Parallel Aware": false,"Async Capable": false,"Relation Name": "supplier","Alias": "supplier","Startup Cost": 0.00,"Total Cost": 347.00,"Plan Rows": 1,"Plan Width": 4,"Actual Startup Time": 0.151,"Actual Total Time": 7.026,"Actual Rows": 4,"Actual Loops": 5,"Filter": "((s_comment)::text ~~ '%Customer%Complaints%'::text)","Rows Removed by Filter": 9996,"Workers": []}]},{"Node Type": "Hash","Parent Relationship": "Inner","Parallel Aware": true,"Async Capable": false,"Startup Cost": 6180.33,"Total Cost": 6180.33,"Plan Rows": 12496,"Plan Width": 40,"Actual Startup Time": 23.222,"Actual Total Time": 23.228,"Actual Rows": 5977,"Actual Loops": 5,"Hash Buckets": 32768,"Original Hash Buckets": 32768,"Hash Batches": 1,"Original Hash Batches": 1,"Peak Memory Usage": 2560,"Workers": [],"Plans": [{"Node Type": "Seq Scan","Parent Relationship": "Outer","Parallel Aware": true,"Async Capable": false,"Relation Name": "part","Alias": "part","Startup Cost": 0.00,"Total Cost": 6180.33,"Plan Rows": 12496,"Plan Width": 40,"Actual Startup Time": 0.072,"Actual Total Time": 19.355,"Actual Rows": 5977,"Actual Loops": 5,"Filter": "((p_brand <> 'Brand#44'::bpchar) AND ((p_type)::text !~~ 'LARGE POLISHED%'::text) AND (p_size = ANY ('{9,20,27,10,49,38,29,5}'::integer[])))","Rows Removed by Filter": 34023,"Workers": []}]}]}]}]}]}]},"Planning Time": 4.981,"Triggers": [],"Execution Time": 247.971}]
[{"Plan": {"Node Type": "Sort","Parallel Aware": false,"Async Capable": false,"Startup Cost": 33576.97,"Total Cost": 33617.55,"Plan Rows": 16231,"Plan Width": 44,"Actual Startup Time": 243.991,"Actual Total Time": 245.871,"Actual Rows": 18363,"Actual Loops": 1,"Sort Key": ["(count(DISTINCT partsupp.ps_suppkey)) DESC", "part.p_brand", "part.p_type", "part.p_size"],"Sort Method": "quicksort","Sort Space Used": 2345,"Sort Space Type": "Memory","Plans": [{"Node Type": "Aggregate","Strategy": "Sorted","Partial Mode": "Simple","Parent Relationship": "Outer","Parallel Aware": false,"Async Capable": false,"Startup Cost": 24303.25,"Total Cost": 32441.90,"Plan Rows": 16231,"Plan Width": 44,"Actual Startup Time": 137.013,"Actual Total Time": 205.308,"Actual Rows": 18363,"Actual Loops": 1,"Group Key": ["part.p_brand", "part.p_type", "part.p_size"],"Plans": [{"Node Type": "Gather Merge","Parent Relationship": "Outer","Parallel Aware": false,"Async Capable": false,"Startup Cost": 24303.25,"Total Cost": 31664.77,"Plan Rows": 61482,"Plan Width": 40,"Actual Startup Time": 136.948,"Actual Total Time": 176.794,"Actual Rows": 119397,"Actual Loops": 1,"Workers Planned": 4,"Workers Launched": 4,"Plans": [{"Node Type": "Sort","Parent Relationship": "Outer","Parallel Aware": false,"Async Capable": false,"Startup Cost": 23303.19,"Total Cost": 23341.62,"Plan Rows": 15370,"Plan Width": 40,"Actual Startup Time": 122.019,"Actual Total Time": 124.829,"Actual Rows": 23879,"Actual Loops": 5,"Sort Key": ["part.p_brand", "part.p_type", "part.p_size"],"Sort Method": "quicksort","Sort Space Used": 2437,"Sort Space Type": "Memory","Workers": [{"Worker Number": 0,"Sort Method": "quicksort","Sort Space Used": 2807,"Sort Space Type": "Memory"},{"Worker Number": 1,"Sort Method": "quicksort","Sort Space Used": 2754,"Sort Space Type": "Memory"},{"Worker Number": 2,"Sort Method": "quicksort","Sort Space Used": 2844,"Sort Space Type": "Memory"},{"Worker Number": 3,"Sort Method": "quicksort","Sort Space Used": 2836,"Sort Space Type": "Memory"}],"Plans": [{"Node Type": "Hash Join","Parent Relationship": "Outer","Parallel Aware": true,"Async Capable": false,"Join Type": "Inner","Startup Cost": 6687.87,"Total Cost": 22234.37,"Plan Rows": 15370,"Plan Width": 40,"Actual Startup Time": 28.888,"Actual Total Time": 78.349,"Actual Rows": 23879,"Actual Loops": 5,"Inner Unique": true,"Hash Cond": "(partsupp.ps_partkey = part.p_partkey)","Workers": [],"Plans": [{"Node Type": "Index Only Scan","Parent Relationship": "Outer","Parallel Aware": true,"Async Capable": false,"Scan Direction": "Forward","Index Name": "partsupp_pkey","Relation Name": "partsupp","Alias": "partsupp","Startup Cost": 347.43,"Total Cost": 15631.43,"Plan Rows": 100000,"Plan Width": 8,"Actual Startup Time": 6.859,"Actual Total Time": 32.450,"Actual Rows": 159936,"Actual Loops": 5,"Filter": "(NOT (hashed SubPlan 1))","Rows Removed by Filter": 64,"Heap Fetches": 0,"Workers": [],"Plans": [{"Node Type": "Seq Scan","Parent Relationship": "SubPlan","Subplan Name": "SubPlan 1","Parallel Aware": false,"Async Capable": false,"Relation Name": "supplier","Alias": "supplier","Startup Cost": 0.00,"Total Cost": 347.00,"Plan Rows": 1,"Plan Width": 4,"Actual Startup Time": 0.139,"Actual Total Time": 6.704,"Actual Rows": 4,"Actual Loops": 5,"Filter": "((s_comment)::text ~~ '%Customer%Complaints%'::text)","Rows Removed by Filter": 9996,"Workers": []}]},{"Node Type": "Hash","Parent Relationship": "Inner","Parallel Aware": true,"Async Capable": false,"Startup Cost": 6180.33,"Total Cost": 6180.33,"Plan Rows": 12809,"Plan Width": 40,"Actual Startup Time": 21.726,"Actual Total Time": 21.730,"Actual Rows": 5973,"Actual Loops": 5,"Hash Buckets": 32768,"Original Hash Buckets": 32768,"Hash Batches": 1,"Original Hash Batches": 1,"Peak Memory Usage": 2592,"Workers": [],"Plans": [{"Node Type": "Seq Scan","Parent Relationship": "Outer","Parallel Aware": true,"Async Capable": false,"Relation Name": "part","Alias": "part","Startup Cost": 0.00,"Total Cost": 6180.33,"Plan Rows": 12809,"Plan Width": 40,"Actual Startup Time": 0.055,"Actual Total Time": 18.047,"Actual Rows": 5973,"Actual Loops": 5,"Filter": "((p_brand <> 'Brand#13'::bpchar) AND ((p_type)::text !~~ 'MEDIUM PLATED%'::text) AND (p_size = ANY ('{25,10,50,44,1,7,28,3}'::integer[])))","Rows Removed by Filter": 34027,"Workers": []}]}]}]}]}]}]},"Planning Time": 4.131,"Triggers": [],"Execution Time": 246.772}]
[{"Plan": {"Node Type": "Sort","Parallel Aware": false,"Async Capable": false,"Startup Cost": 33233.33,"Total Cost": 33273.30,"Plan Rows": 15987,"Plan Width": 44,"Actual Startup Time": 238.146,"Actual Total Time": 239.750,"Actual Rows": 18235,"Actual Loops": 1,"Sort Key": ["(count(DISTINCT partsupp.ps_suppkey)) DESC", "part.p_brand", "part.p_type", "part.p_size"],"Sort Method": "quicksort","Sort Space Used": 2335,"Sort Space Type": "Memory","Plans": [{"Node Type": "Aggregate","Strategy": "Sorted","Partial Mode": "Simple","Parent Relationship": "Outer","Parallel Aware": false,"Async Capable": false,"Startup Cost": 24256.93,"Total Cost": 32117.07,"Plan Rows": 15987,"Plan Width": 44,"Actual Startup Time": 133.825,"Actual Total Time": 201.920,"Actual Rows": 18235,"Actual Loops": 1,"Group Key": ["part.p_brand", "part.p_type", "part.p_size"],"Plans": [{"Node Type": "Gather Merge","Parent Relationship": "Outer","Parallel Aware": false,"Async Capable": false,"Startup Cost": 24256.93,"Total Cost": 31363.66,"Plan Rows": 59354,"Plan Width": 40,"Actual Startup Time": 133.780,"Actual Total Time": 173.450,"Actual Rows": 119005,"Actual Loops": 1,"Workers Planned": 4,"Workers Launched": 4,"Plans": [{"Node Type": "Sort","Parent Relationship": "Outer","Parallel Aware": false,"Async Capable": false,"Startup Cost": 23256.87,"Total Cost": 23293.97,"Plan Rows": 14838,"Plan Width": 40,"Actual Startup Time": 121.797,"Actual Total Time": 124.586,"Actual Rows": 23801,"Actual Loops": 5,"Sort Key": ["part.p_brand", "part.p_type", "part.p_size"],"Sort Method": "quicksort","Sort Space Used": 2463,"Sort Space Type": "Memory","Workers": [{"Worker Number": 0,"Sort Method": "quicksort","Sort Space Used": 2439,"Sort Space Type": "Memory"},{"Worker Number": 1,"Sort Method": "quicksort","Sort Space Used": 2909,"Sort Space Type": "Memory"},{"Worker Number": 2,"Sort Method": "quicksort","Sort Space Used": 2917,"Sort Space Type": "Memory"},{"Worker Number": 3,"Sort Method": "quicksort","Sort Space Used": 2905,"Sort Space Type": "Memory"}],"Plans": [{"Node Type": "Hash Join","Parent Relationship": "Outer","Parallel Aware": true,"Async Capable": false,"Join Type": "Inner","Startup Cost": 6682.32,"Total Cost": 22228.82,"Plan Rows": 14838,"Plan Width": 40,"Actual Startup Time": 30.119,"Actual Total Time": 80.063,"Actual Rows": 23801,"Actual Loops": 5,"Inner Unique": true,"Hash Cond": "(partsupp.ps_partkey = part.p_partkey)","Workers": [],"Plans": [{"Node Type": "Index Only Scan","Parent Relationship": "Outer","Parallel Aware": true,"Async Capable": false,"Scan Direction": "Forward","Index Name": "partsupp_pkey","Relation Name": "partsupp","Alias": "partsupp","Startup Cost": 347.43,"Total Cost": 15631.43,"Plan Rows": 100000,"Plan Width": 8,"Actual Startup Time": 6.718,"Actual Total Time": 31.967,"Actual Rows": 159936,"Actual Loops": 5,"Filter": "(NOT (hashed SubPlan 1))","Rows Removed by Filter": 64,"Heap Fetches": 0,"Workers": [],"Plans": [{"Node Type": "Seq Scan","Parent Relationship": "SubPlan","Subplan Name": "SubPlan 1","Parallel Aware": false,"Async Capable": false,"Relation Name": "supplier","Alias": "supplier","Startup Cost": 0.00,"Total Cost": 347.00,"Plan Rows": 1,"Plan Width": 4,"Actual Startup Time": 0.195,"Actual Total Time": 6.605,"Actual Rows": 4,"Actual Loops": 5,"Filter": "((s_comment)::text ~~ '%Customer%Complaints%'::text)","Rows Removed by Filter": 9996,"Workers": []}]},{"Node Type": "Hash","Parent Relationship": "Inner","Parallel Aware": true,"Async Capable": false,"Startup Cost": 6180.33,"Total Cost": 6180.33,"Plan Rows": 12365,"Plan Width": 40,"Actual Startup Time": 23.070,"Actual Total Time": 23.073,"Actual Rows": 5953,"Actual Loops": 5,"Hash Buckets": 32768,"Original Hash Buckets": 32768,"Hash Batches": 1,"Original Hash Batches": 1,"Peak Memory Usage": 2528,"Workers": [],"Plans": [{"Node Type": "Seq Scan","Parent Relationship": "Outer","Parallel Aware": true,"Async Capable": false,"Relation Name": "part","Alias": "part","Startup Cost": 0.00,"Total Cost": 6180.33,"Plan Rows": 12365,"Plan Width": 40,"Actual Startup Time": 0.065,"Actual Total Time": 19.137,"Actual Rows": 5953,"Actual Loops": 5,"Filter": "((p_brand <> 'Brand#13'::bpchar) AND ((p_type)::text !~~ 'MEDIUM POLISHED%'::text) AND (p_size = ANY ('{30,42,25,3,18,38,31,8}'::integer[])))","Rows Removed by Filter": 34047,"Workers": []}]}]}]}]}]}]},"Planning Time": 4.718,"Triggers": [],"Execution Time": 240.680}]
[{"Plan": {"Node Type": "Sort","Parallel Aware": false,"Async Capable": false,"Startup Cost": 33211.09,"Total Cost": 33251.01,"Plan Rows": 15971,"Plan Width": 44,"Actual Startup Time": 236.828,"Actual Total Time": 238.542,"Actual Rows": 18343,"Actual Loops": 1,"Sort Key": ["(count(DISTINCT partsupp.ps_suppkey)) DESC", "part.p_brand", "part.p_type", "part.p_size"],"Sort Method": "quicksort","Sort Space Used": 2344,"Sort Space Type": "Memory","Plans": [{"Node Type": "Aggregate","Strategy": "Sorted","Partial Mode": "Simple","Parent Relationship": "Outer","Parallel Aware": false,"Async Capable": false,"Startup Cost": 24253.98,"Total Cost": 32096.06,"Plan Rows": 15971,"Plan Width": 44,"Actual Startup Time": 135.181,"Actual Total Time": 201.011,"Actual Rows": 18343,"Actual Loops": 1,"Group Key": ["part.p_brand", "part.p_type", "part.p_size"],"Plans": [{"Node Type": "Gather Merge","Parent Relationship": "Outer","Parallel Aware": false,"Async Capable": false,"Startup Cost": 24253.98,"Total Cost": 31344.19,"Plan Rows": 59216,"Plan Width": 40,"Actual Startup Time": 135.128,"Actual Total Time": 173.504,"Actual Rows": 118931,"Actual Loops": 1,"Workers Planned": 4,"Workers Launched": 4,"Plans": [{"Node Type": "Sort","Parent Relationship": "Outer","Parallel Aware": false,"Async Capable": false,"Startup Cost": 23253.92,"Total Cost": 23290.93,"Plan Rows": 14804,"Plan Width": 40,"Actual Startup Time": 123.543,"Actual Total Time": 125.851,"Actual Rows": 23786,"Actual Loops": 5,"Sort Key": ["part.p_brand", "part.p_type", "part.p_size"],"Sort Method": "quicksort","Sort Space Used": 2535,"Sort Space Type": "Memory","Workers": [{"Worker Number": 0,"Sort Method": "quicksort","Sort Space Used": 2875,"Sort Space Type": "Memory"},{"Worker Number": 1,"Sort Method": "quicksort","Sort Space Used": 2457,"Sort Space Type": "Memory"},{"Worker Number": 2,"Sort Method": "quicksort","Sort Space Used": 2877,"Sort Space Type": "Memory"},{"Worker Number": 3,"Sort Method": "quicksort","Sort Space Used": 2877,"Sort Space Type": "Memory"}],"Plans": [{"Node Type": "Hash Join","Parent Relationship": "Outer","Parallel Aware": true,"Async Capable": false,"Join Type": "Inner","Startup Cost": 6681.97,"Total Cost": 22228.47,"Plan Rows": 14804,"Plan Width": 40,"Actual Startup Time": 30.071,"Actual Total Time": 81.309,"Actual Rows": 23786,"Actual Loops": 5,"Inner Unique": true,"Hash Cond": "(partsupp.ps_partkey = part.p_partkey)","Workers": [],"Plans": [{"Node Type": "Index Only Scan","Parent Relationship": "Outer","Parallel Aware": true,"Async Capable": false,"Scan Direction": "Forward","Index Name": "partsupp_pkey","Relation Name": "partsupp","Alias": "partsupp","Startup Cost": 347.43,"Total Cost": 15631.43,"Plan Rows": 100000,"Plan Width": 8,"Actual Startup Time": 6.753,"Actual Total Time": 33.285,"Actual Rows": 159936,"Actual Loops": 5,"Filter": "(NOT (hashed SubPlan 1))","Rows Removed by Filter": 64,"Heap Fetches": 0,"Workers": [],"Plans": [{"Node Type": "Seq Scan","Parent Relationship": "SubPlan","Subplan Name": "SubPlan 1","Parallel Aware": false,"Async Capable": false,"Relation Name": "supplier","Alias": "supplier","Startup Cost": 0.00,"Total Cost": 347.00,"Plan Rows": 1,"Plan Width": 4,"Actual Startup Time": 0.243,"Actual Total Time": 6.583,"Actual Rows": 4,"Actual Loops": 5,"Filter": "((s_comment)::text ~~ '%Customer%Complaints%'::text)","Rows Removed by Filter": 9996,"Workers": []}]},{"Node Type": "Hash","Parent Relationship": "Inner","Parallel Aware": true,"Async Capable": false,"Startup Cost": 6180.33,"Total Cost": 6180.33,"Plan Rows": 12337,"Plan Width": 40,"Actual Startup Time": 23.002,"Actual Total Time": 23.005,"Actual Rows": 5949,"Actual Loops": 5,"Hash Buckets": 32768,"Original Hash Buckets": 32768,"Hash Batches": 1,"Original Hash Batches": 1,"Peak Memory Usage": 2496,"Workers": [],"Plans": [{"Node Type": "Seq Scan","Parent Relationship": "Outer","Parallel Aware": true,"Async Capable": false,"Relation Name": "part","Alias": "part","Startup Cost": 0.00,"Total Cost": 6180.33,"Plan Rows": 12337,"Plan Width": 40,"Actual Startup Time": 0.059,"Actual Total Time": 19.228,"Actual Rows": 5949,"Actual Loops": 5,"Filter": "((p_brand <> 'Brand#41'::bpchar) AND ((p_type)::text !~~ 'SMALL BURNISHED%'::text) AND (p_size = ANY ('{35,44,2,48,32,46,6,43}'::integer[])))","Rows Removed by Filter": 34051,"Workers": []}]}]}]}]}]}]},"Planning Time": 5.563,"Triggers": [],"Execution Time": 239.537}]
[{"Plan": {"Node Type": "Sort","Parallel Aware": false,"Async Capable": false,"Startup Cost": 33142.17,"Total Cost": 33181.97,"Plan Rows": 15920,"Plan Width": 44,"Actual Startup Time": 232.266,"Actual Total Time": 234.031,"Actual Rows": 18381,"Actual Loops": 1,"Sort Key": ["(count(DISTINCT partsupp.ps_suppkey)) DESC", "part.p_brand", "part.p_type", "part.p_size"],"Sort Method": "quicksort","Sort Space Used": 2347,"Sort Space Type": "Memory","Plans": [{"Node Type": "Aggregate","Strategy": "Sorted","Partial Mode": "Simple","Parent Relationship": "Outer","Parallel Aware": false,"Async Capable": false,"Startup Cost": 24244.77,"Total Cost": 32031.07,"Plan Rows": 15920,"Plan Width": 44,"Actual Startup Time": 129.312,"Actual Total Time": 195.774,"Actual Rows": 18381,"Actual Loops": 1,"Group Key": ["part.p_brand", "part.p_type", "part.p_size"],"Plans": [{"Node Type": "Gather Merge","Parent Relationship": "Outer","Parallel Aware": false,"Async Capable": false,"Startup Cost": 24244.77,"Total Cost": 31283.97,"Plan Rows": 58790,"Plan Width": 40,"Actual Startup Time": 129.253,"Actual Total Time": 168.306,"Actual Rows": 119157,"Actual Loops": 1,"Workers Planned": 4,"Workers Launched": 4,"Plans": [{"Node Type": "Sort","Parent Relationship": "Outer","Parallel Aware": false,"Async Capable": false,"Startup Cost": 23244.71,"Total Cost": 23281.45,"Plan Rows": 14698,"Plan Width": 40,"Actual Startup Time": 121.210,"Actual Total Time": 123.716,"Actual Rows": 23831,"Actual Loops": 5,"Sort Key": ["part.p_brand", "part.p_type", "part.p_size"],"Sort Method": "quicksort","Sort Space Used": 2704,"Sort Space Type": "Memory","Workers": [{"Worker Number": 0,"Sort Method": "quicksort","Sort Space Used": 2757,"Sort Space Type": "Memory"},{"Worker Number": 1,"Sort Method": "quicksort","Sort Space Used": 2731,"Sort Space Type": "Memory"},{"Worker Number": 2,"Sort Method": "quicksort","Sort Space Used": 2678,"Sort Space Type": "Memory"},{"Worker Number": 3,"Sort Method": "quicksort","Sort Space Used": 2778,"Sort Space Type": "Memory"}],"Plans": [{"Node Type": "Hash Join","Parent Relationship": "Outer","Parallel Aware": true,"Async Capable": false,"Join Type": "Inner","Startup Cost": 6680.86,"Total Cost": 22227.36,"Plan Rows": 14698,"Plan Width": 40,"Actual Startup Time": 29.730,"Actual Total Time": 79.721,"Actual Rows": 23831,"Actual Loops": 5,"Inner Unique": true,"Hash Cond": "(partsupp.ps_partkey = part.p_partkey)","Workers": [],"Plans": [{"Node Type": "Index Only Scan","Parent Relationship": "Outer","Parallel Aware": true,"Async Capable": false,"Scan Direction": "Forward","Index Name": "partsupp_pkey","Relation Name": "partsupp","Alias": "partsupp","Startup Cost": 347.43,"Total Cost": 15631.43,"Plan Rows": 100000,"Plan Width": 8,"Actual Startup Time": 7.657,"Actual Total Time": 32.704,"Actual Rows": 159936,"Actual Loops": 5,"Filter": "(NOT (hashed SubPlan 1))","Rows Removed by Filter": 64,"Heap Fetches": 0,"Workers": [],"Plans": [{"Node Type": "Seq Scan","Parent Relationship": "SubPlan","Subplan Name": "SubPlan 1","Parallel Aware": false,"Async Capable": false,"Relation Name": "supplier","Alias": "supplier","Startup Cost": 0.00,"Total Cost": 347.00,"Plan Rows": 1,"Plan Width": 4,"Actual Startup Time": 0.139,"Actual Total Time": 7.516,"Actual Rows": 4,"Actual Loops": 5,"Filter": "((s_comment)::text ~~ '%Customer%Complaints%'::text)","Rows Removed by Filter": 9996,"Workers": []}]},{"Node Type": "Hash","Parent Relationship": "Inner","Parallel Aware": true,"Async Capable": false,"Startup Cost": 6180.33,"Total Cost": 6180.33,"Plan Rows": 12248,"Plan Width": 40,"Actual Startup Time": 21.828,"Actual Total Time": 21.833,"Actual Rows": 5961,"Actual Loops": 5,"Hash Buckets": 32768,"Original Hash Buckets": 32768,"Hash Batches": 1,"Original Hash Batches": 1,"Peak Memory Usage": 2560,"Workers": [],"Plans": [{"Node Type": "Seq Scan","Parent Relationship": "Outer","Parallel Aware": true,"Async Capable": false,"Relation Name": "part","Alias": "part","Startup Cost": 0.00,"Total Cost": 6180.33,"Plan Rows": 12248,"Plan Width": 40,"Actual Startup Time": 0.058,"Actual Total Time": 18.336,"Actual Rows": 5961,"Actual Loops": 5,"Filter": "((p_brand <> 'Brand#15'::bpchar) AND ((p_type)::text !~~ 'MEDIUM BRUSHED%'::text) AND (p_size = ANY ('{48,21,5,26,28,24,14,45}'::integer[])))","Rows Removed by Filter": 34039,"Workers": []}]}]}]}]}]}]},"Planning Time": 4.051,"Triggers": [],"Execution Time": 235.337}]
[{"Plan": {"Node Type": "Sort","Parallel Aware": false,"Async Capable": false,"Startup Cost": 33102.95,"Total Cost": 33142.68,"Plan Rows": 15891,"Plan Width": 44,"Actual Startup Time": 243.568,"Actual Total Time": 245.256,"Actual Rows": 18383,"Actual Loops": 1,"Sort Key": ["(count(DISTINCT partsupp.ps_suppkey)) DESC", "part.p_brand", "part.p_type", "part.p_size"],"Sort Method": "quicksort","Sort Space Used": 2347,"Sort Space Type": "Memory","Plans": [{"Node Type": "Aggregate","Strategy": "Sorted","Partial Mode": "Simple","Parent Relationship": "Outer","Parallel Aware": false,"Async Capable": false,"Startup Cost": 24239.47,"Total Cost": 31994.08,"Plan Rows": 15891,"Plan Width": 44,"Actual Startup Time": 137.303,"Actual Total Time": 205.465,"Actual Rows": 18383,"Actual Loops": 1,"Group Key": ["part.p_brand", "part.p_type", "part.p_size"],"Plans": [{"Node Type": "Gather Merge","Parent Relationship": "Outer","Parallel Aware": false,"Async Capable": false,"Startup Cost": 24239.47,"Total Cost": 31249.69,"Plan Rows": 58548,"Plan Width": 40,"Actual Startup Time": 137.228,"Actual Total Time": 176.769,"Actual Rows": 119092,"Actual Loops": 1,"Workers Planned": 4,"Workers Launched": 4,"Plans": [{"Node Type": "Sort","Parent Relationship": "Outer","Parallel Aware": false,"Async Capable": false,"Startup Cost": 23239.41,"Total Cost": 23276.00,"Plan Rows": 14637,"Plan Width": 40,"Actual Startup Time": 124.633,"Actual Total Time": 127.139,"Actual Rows": 23818,"Actual Loops": 5,"Sort Key": ["part.p_brand", "part.p_type", "part.p_size"],"Sort Method": "quicksort","Sort Space Used": 2533,"Sort Space Type": "Memory","Workers": [{"Worker Number": 0,"Sort Method": "quicksort","Sort Space Used": 2891,"Sort Space Type": "Memory"},{"Worker Number": 1,"Sort Method": "quicksort","Sort Space Used": 2470,"Sort Space Type": "Memory"},{"Worker Number": 2,"Sort Method": "quicksort","Sort Space Used": 2890,"Sort Space Type": "Memory"},{"Worker Number": 3,"Sort Method": "quicksort","Sort Space Used": 2876,"Sort Space Type": "Memory"}],"Plans": [{"Node Type": "Hash Join","Parent Relationship": "Outer","Parallel Aware": true,"Async Capable": false,"Join Type": "Inner","Startup Cost": 6680.22,"Total Cost": 22226.72,"Plan Rows": 14637,"Plan Width": 40,"Actual Startup Time": 30.794,"Actual Total Time": 82.022,"Actual Rows": 23818,"Actual Loops": 5,"Inner Unique": true,"Hash Cond": "(partsupp.ps_partkey = part.p_partkey)","Workers": [],"Plans": [{"Node Type": "Index Only Scan","Parent Relationship": "Outer","Parallel Aware": true,"Async Capable": false,"Scan Direction": "Forward","Index Name": "partsupp_pkey","Relation Name": "partsupp","Alias": "partsupp","Startup Cost": 347.43,"Total Cost": 15631.43,"Plan Rows": 100000,"Plan Width": 8,"Actual Startup Time": 6.967,"Actual Total Time": 33.421,"Actual Rows": 159936,"Actual Loops": 5,"Filter": "(NOT (hashed SubPlan 1))","Rows Removed by Filter": 64,"Heap Fetches": 0,"Workers": [],"Plans": [{"Node Type": "Seq Scan","Parent Relationship": "SubPlan","Subplan Name": "SubPlan 1","Parallel Aware": false,"Async Capable": false,"Relation Name": "supplier","Alias": "supplier","Startup Cost": 0.00,"Total Cost": 347.00,"Plan Rows": 1,"Plan Width": 4,"Actual Startup Time": 0.151,"Actual Total Time": 6.822,"Actual Rows": 4,"Actual Loops": 5,"Filter": "((s_comment)::text ~~ '%Customer%Complaints%'::text)","Rows Removed by Filter": 9996,"Workers": []}]},{"Node Type": "Hash","Parent Relationship": "Inner","Parallel Aware": true,"Async Capable": false,"Startup Cost": 6180.33,"Total Cost": 6180.33,"Plan Rows": 12197,"Plan Width": 40,"Actual Startup Time": 23.580,"Actual Total Time": 23.582,"Actual Rows": 5956,"Actual Loops": 5,"Hash Buckets": 32768,"Original Hash Buckets": 32768,"Hash Batches": 1,"Original Hash Batches": 1,"Peak Memory Usage": 2560,"Workers": [],"Plans": [{"Node Type": "Seq Scan","Parent Relationship": "Outer","Parallel Aware": true,"Async Capable": false,"Relation Name": "part","Alias": "part","Startup Cost": 0.00,"Total Cost": 6180.33,"Plan Rows": 12197,"Plan Width": 40,"Actual Startup Time": 0.057,"Actual Total Time": 19.508,"Actual Rows": 5956,"Actual Loops": 5,"Filter": "((p_brand <> 'Brand#12'::bpchar) AND ((p_type)::text !~~ 'PROMO BRUSHED%'::text) AND (p_size = ANY ('{16,39,17,24,40,18,44,2}'::integer[])))","Rows Removed by Filter": 34044,"Workers": []}]}]}]}]}]}]},"Planning Time": 5.588,"Triggers": [],"Execution Time": 246.145}]
[{"Plan": {"Node Type": "Sort","Parallel Aware": false,"Async Capable": false,"Startup Cost": 33151.04,"Total Cost": 33190.86,"Plan Rows": 15927,"Plan Width": 44,"Actual Startup Time": 236.847,"Actual Total Time": 238.521,"Actual Rows": 18217,"Actual Loops": 1,"Sort Key": ["(count(DISTINCT partsupp.ps_suppkey)) DESC", "part.p_brand", "part.p_type", "part.p_size"],"Sort Method": "quicksort","Sort Space Used": 2333,"Sort Space Type": "Memory","Plans": [{"Node Type": "Aggregate","Strategy": "Sorted","Partial Mode": "Simple","Parent Relationship": "Outer","Parallel Aware": false,"Async Capable": false,"Startup Cost": 24245.90,"Total Cost": 32039.40,"Plan Rows": 15927,"Plan Width": 44,"Actual Startup Time": 134.187,"Actual Total Time": 199.153,"Actual Rows": 18217,"Actual Loops": 1,"Group Key": ["part.p_brand", "part.p_type", "part.p_size"],"Plans": [{"Node Type": "Gather Merge","Parent Relationship": "Outer","Parallel Aware": false,"Async Capable": false,"Startup Cost": 24245.90,"Total Cost": 31291.68,"Plan Rows": 58845,"Plan Width": 40,"Actual Startup Time": 134.126,"Actual Total Time": 172.034,"Actual Rows": 117009,"Actual Loops": 1,"Workers Planned": 4,"Workers Launched": 4,"Plans": [{"Node Type": "Sort","Parent Relationship": "Outer","Parallel Aware": false,"Async Capable": false,"Startup Cost": 23245.84,"Total Cost": 23282.62,"Plan Rows": 14711,"Plan Width": 40,"Actual Startup Time": 122.499,"Actual Total Time": 125.133,"Actual Rows": 23402,"Actual Loops": 5,"Sort Key": ["part.p_brand", "part.p_type", "part.p_size"],"Sort Method": "quicksort","Sort Space Used": 2446,"Sort Space Type": "Memory","Workers": [{"Worker Number": 0,"Sort Method": "quicksort","Sort Space Used": 2410,"Sort Space Type": "Memory"},{"Worker Number": 1,"Sort Method": "quicksort","Sort Space Used": 2854,"Sort Space Type": "Memory"},{"Worker Number": 2,"Sort Method": "quicksort","Sort Space Used": 2895,"Sort Space Type": "Memory"},{"Worker Number": 3,"Sort Method": "quicksort","Sort Space Used": 2874,"Sort Space Type": "Memory"}],"Plans": [{"Node Type": "Hash Join","Parent Relationship": "Outer","Parallel Aware": true,"Async Capable": false,"Join Type": "Inner","Startup Cost": 6681.00,"Total Cost": 22227.50,"Plan Rows": 14711,"Plan Width": 40,"Actual Startup Time": 31.439,"Actual Total Time": 81.270,"Actual Rows": 23402,"Actual Loops": 5,"Inner Unique": true,"Hash Cond": "(partsupp.ps_partkey = part.p_partkey)","Workers": [],"Plans": [{"Node Type": "Index Only Scan","Parent Relationship": "Outer","Parallel Aware": true,"Async Capable": false,"Scan Direction": "Forward","Index Name": "partsupp_pkey","Relation Name": "partsupp","Alias": "partsupp","Startup Cost": 347.43,"Total Cost": 15631.43,"Plan Rows": 100000,"Plan Width": 8,"Actual Startup Time": 7.335,"Actual Total Time": 32.908,"Actual Rows": 159936,"Actual Loops": 5,"Filter": "(NOT (hashed SubPlan 1))","Rows Removed by Filter": 64,"Heap Fetches": 0,"Workers": [],"Plans": [{"Node Type": "Seq Scan","Parent Relationship": "SubPlan","Subplan Name": "SubPlan 1","Parallel Aware": false,"Async Capable": false,"Relation Name": "supplier","Alias": "supplier","Startup Cost": 0.00,"Total Cost": 347.00,"Plan Rows": 1,"Plan Width": 4,"Actual Startup Time": 0.157,"Actual Total Time": 7.164,"Actual Rows": 4,"Actual Loops": 5,"Filter": "((s_comment)::text ~~ '%Customer%Complaints%'::text)","Rows Removed by Filter": 9996,"Workers": []}]},{"Node Type": "Hash","Parent Relationship": "Inner","Parallel Aware": true,"Async Capable": false,"Startup Cost": 6180.33,"Total Cost": 6180.33,"Plan Rows": 12259,"Plan Width": 40,"Actual Startup Time": 23.838,"Actual Total Time": 23.841,"Actual Rows": 5853,"Actual Loops": 5,"Hash Buckets": 32768,"Original Hash Buckets": 32768,"Hash Batches": 1,"Original Hash Batches": 1,"Peak Memory Usage": 2528,"Workers": [],"Plans": [{"Node Type": "Seq Scan","Parent Relationship": "Outer","Parallel Aware": true,"Async Capable": false,"Relation Name": "part","Alias": "part","Startup Cost": 0.00,"Total Cost": 6180.33,"Plan Rows": 12259,"Plan Width": 40,"Actual Startup Time": 0.059,"Actual Total Time": 19.878,"Actual Rows": 5853,"Actual Loops": 5,"Filter": "((p_brand <> 'Brand#33'::bpchar) AND ((p_type)::text !~~ 'SMALL POLISHED%'::text) AND (p_size = ANY ('{19,8,1,36,46,44,34,31}'::integer[])))","Rows Removed by Filter": 34147,"Workers": []}]}]}]}]}]}]},"Planning Time": 5.652,"Triggers": [],"Execution Time": 239.405}]
[{"Plan": {"Node Type": "Sort","Parallel Aware": false,"Async Capable": false,"Startup Cost": 33375.12,"Total Cost": 33415.34,"Plan Rows": 16089,"Plan Width": 44,"Actual Startup Time": 251.384,"Actual Total Time": 253.159,"Actual Rows": 18365,"Actual Loops": 1,"Sort Key": ["(count(DISTINCT partsupp.ps_suppkey)) DESC", "part.p_brand", "part.p_type", "part.p_size"],"Sort Method": "quicksort","Sort Space Used": 2346,"Sort Space Type": "Memory","Plans": [{"Node Type": "Aggregate","Strategy": "Sorted","Partial Mode": "Simple","Parent Relationship": "Outer","Parallel Aware": false,"Async Capable": false,"Startup Cost": 24276.06,"Total Cost": 32251.00,"Plan Rows": 16089,"Plan Width": 44,"Actual Startup Time": 143.823,"Actual Total Time": 214.539,"Actual Rows": 18365,"Actual Loops": 1,"Group Key": ["part.p_brand", "part.p_type", "part.p_size"],"Plans": [{"Node Type": "Gather Merge","Parent Relationship": "Outer","Parallel Aware": false,"Async Capable": false,"Startup Cost": 24276.06,"Total Cost": 31487.80,"Plan Rows": 60231,"Plan Width": 40,"Actual Startup Time": 143.759,"Actual Total Time": 185.008,"Actual Rows": 119388,"Actual Loops": 1,"Workers Planned": 4,"Workers Launched": 4,"Plans": [{"Node Type": "Sort","Parent Relationship": "Outer","Parallel Aware": false,"Async Capable": false,"Startup Cost": 23276.00,"Total Cost": 23313.65,"Plan Rows": 15058,"Plan Width": 40,"Actual Startup Time": 124.011,"Actual Total Time": 126.582,"Actual Rows": 23878,"Actual Loops": 5,"Sort Key": ["part.p_brand", "part.p_type", "part.p_size"],"Sort Method": "quicksort","Sort Space Used": 2388,"Sort Space Type": "Memory","Workers": [{"Worker Number": 0,"Sort Method": "quicksort","Sort Space Used": 2839,"Sort Space Type": "Memory"},{"Worker Number": 1,"Sort Method": "quicksort","Sort Space Used": 2810,"Sort Space Type": "Memory"},{"Worker Number": 2,"Sort Method": "quicksort","Sort Space Used": 2820,"Sort Space Type": "Memory"},{"Worker Number": 3,"Sort Method": "quicksort","Sort Space Used": 2812,"Sort Space Type": "Memory"}],"Plans": [{"Node Type": "Hash Join","Parent Relationship": "Outer","Parallel Aware": true,"Async Capable": false,"Join Type": "Inner","Startup Cost": 6684.61,"Total Cost": 22231.11,"Plan Rows": 15058,"Plan Width": 40,"Actual Startup Time": 30.200,"Actual Total Time": 79.364,"Actual Rows": 23878,"Actual Loops": 5,"Inner Unique": true,"Hash Cond": "(partsupp.ps_partkey = part.p_partkey)","Workers": [],"Plans": [{"Node Type": "Index Only Scan","Parent Relationship": "Outer","Parallel Aware": true,"Async Capable": false,"Scan Direction": "Forward","Index Name": "partsupp_pkey","Relation Name": "partsupp","Alias": "partsupp","Startup Cost": 347.43,"Total Cost": 15631.43,"Plan Rows": 100000,"Plan Width": 8,"Actual Startup Time": 6.920,"Actual Total Time": 32.283,"Actual Rows": 159936,"Actual Loops": 5,"Filter": "(NOT (hashed SubPlan 1))","Rows Removed by Filter": 64,"Heap Fetches": 0,"Workers": [],"Plans": [{"Node Type": "Seq Scan","Parent Relationship": "SubPlan","Subplan Name": "SubPlan 1","Parallel Aware": false,"Async Capable": false,"Relation Name": "supplier","Alias": "supplier","Startup Cost": 0.00,"Total Cost": 347.00,"Plan Rows": 1,"Plan Width": 4,"Actual Startup Time": 0.205,"Actual Total Time": 6.719,"Actual Rows": 4,"Actual Loops": 5,"Filter": "((s_comment)::text ~~ '%Customer%Complaints%'::text)","Rows Removed by Filter": 9996,"Workers": []}]},{"Node Type": "Hash","Parent Relationship": "Inner","Parallel Aware": true,"Async Capable": false,"Startup Cost": 6180.33,"Total Cost": 6180.33,"Plan Rows": 12548,"Plan Width": 40,"Actual Startup Time": 23.013,"Actual Total Time": 23.015,"Actual Rows": 5972,"Actual Loops": 5,"Hash Buckets": 32768,"Original Hash Buckets": 32768,"Hash Batches": 1,"Original Hash Batches": 1,"Peak Memory Usage": 2560,"Workers": [],"Plans": [{"Node Type": "Seq Scan","Parent Relationship": "Outer","Parallel Aware": true,"Async Capable": false,"Relation Name": "part","Alias": "part","Startup Cost": 0.00,"Total Cost": 6180.33,"Plan Rows": 12548,"Plan Width": 40,"Actual Startup Time": 0.057,"Actual Total Time": 19.164,"Actual Rows": 5972,"Actual Loops": 5,"Filter": "((p_brand <> 'Brand#25'::bpchar) AND ((p_type)::text !~~ 'SMALL ANODIZED%'::text) AND (p_size = ANY ('{14,39,44,7,1,36,47,25}'::integer[])))","Rows Removed by Filter": 34028,"Workers": []}]}]}]}]}]}]},"Planning Time": 5.657,"Triggers": [],"Execution Time": 254.011}]
[{"Plan": {"Node Type": "Sort","Parallel Aware": false,"Async Capable": false,"Startup Cost": 33375.25,"Total Cost": 33415.47,"Plan Rows": 16089,"Plan Width": 44,"Actual Startup Time": 244.668,"Actual Total Time": 246.283,"Actual Rows": 18298,"Actual Loops": 1,"Sort Key": ["(count(DISTINCT partsupp.ps_suppkey)) DESC", "part.p_brand", "part.p_type", "part.p_size"],"Sort Method": "quicksort","Sort Space Used": 2341,"Sort Space Type": "Memory","Plans": [{"Node Type": "Aggregate","Strategy": "Sorted","Partial Mode": "Simple","Parent Relationship": "Outer","Parallel Aware": false,"Async Capable": false,"Startup Cost": 24276.06,"Total Cost": 32251.13,"Plan Rows": 16089,"Plan Width": 44,"Actual Startup Time": 138.487,"Actual Total Time": 208.264,"Actual Rows": 18298,"Actual Loops": 1,"Group Key": ["part.p_brand", "part.p_type", "part.p_size"],"Plans": [{"Node Type": "Gather Merge","Parent Relationship": "Outer","Parallel Aware": false,"Async Capable": false,"Startup Cost": 24276.06,"Total Cost": 31487.92,"Plan Rows": 60232,"Plan Width": 40,"Actual Startup Time": 138.421,"Actual Total Time": 179.051,"Actual Rows": 118636,"Actual Loops": 1,"Workers Planned": 4,"Workers Launched": 4,"Plans": [{"Node Type": "Sort","Parent Relationship": "Outer","Parallel Aware": false,"Async Capable": false,"Startup Cost": 23276.00,"Total Cost": 23313.65,"Plan Rows": 15058,"Plan Width": 40,"Actual Startup Time": 125.180,"Actual Total Time": 127.694,"Actual Rows": 23727,"Actual Loops": 5,"Sort Key": ["part.p_brand", "part.p_type", "part.p_size"],"Sort Method": "quicksort","Sort Space Used": 2228,"Sort Space Type": "Memory","Workers": [{"Worker Number": 0,"Sort Method": "quicksort","Sort Space Used": 2980,"Sort Space Type": "Memory"},{"Worker Number": 1,"Sort Method": "quicksort","Sort Space Used": 2989,"Sort Space Type": "Memory"},{"Worker Number": 2,"Sort Method": "quicksort","Sort Space Used": 2467,"Sort Space Type": "Memory"},{"Worker Number": 3,"Sort Method": "quicksort","Sort Space Used": 2958,"Sort Space Type": "Memory"}],"Plans": [{"Node Type": "Hash Join","Parent Relationship": "Outer","Parallel Aware": true,"Async Capable": false,"Join Type": "Inner","Startup Cost": 6684.61,"Total Cost": 22231.11,"Plan Rows": 15058,"Plan Width": 40,"Actual Startup Time": 31.821,"Actual Total Time": 82.977,"Actual Rows": 23727,"Actual Loops": 5,"Inner Unique": true,"Hash Cond": "(partsupp.ps_partkey = part.p_partkey)","Workers": [],"Plans": [{"Node Type": "Index Only Scan","Parent Relationship": "Outer","Parallel Aware": true,"Async Capable": false,"Scan Direction": "Forward","Index Name": "partsupp_pkey","Relation Name": "partsupp","Alias": "partsupp","Startup Cost": 347.43,"Total Cost": 15631.43,"Plan Rows": 100000,"Plan Width": 8,"Actual Startup Time": 7.833,"Actual Total Time": 34.289,"Actual Rows": 159936,"Actual Loops": 5,"Filter": "(NOT (hashed SubPlan 1))","Rows Removed by Filter": 64,"Heap Fetches": 0,"Workers": [],"Plans": [{"Node Type": "Seq Scan","Parent Relationship": "SubPlan","Subplan Name": "SubPlan 1","Parallel Aware": false,"Async Capable": false,"Relation Name": "supplier","Alias": "supplier","Startup Cost": 0.00,"Total Cost": 347.00,"Plan Rows": 1,"Plan Width": 4,"Actual Startup Time": 0.297,"Actual Total Time": 7.581,"Actual Rows": 4,"Actual Loops": 5,"Filter": "((s_comment)::text ~~ '%Customer%Complaints%'::text)","Rows Removed by Filter": 9996,"Workers": []}]},{"Node Type": "Hash","Parent Relationship": "Inner","Parallel Aware": true,"Async Capable": false,"Startup Cost": 6180.33,"Total Cost": 6180.33,"Plan Rows": 12548,"Plan Width": 40,"Actual Startup Time": 23.718,"Actual Total Time": 23.722,"Actual Rows": 5935,"Actual Loops": 5,"Hash Buckets": 32768,"Original Hash Buckets": 32768,"Hash Batches": 1,"Original Hash Batches": 1,"Peak Memory Usage": 2528,"Workers": [],"Plans": [{"Node Type": "Seq Scan","Parent Relationship": "Outer","Parallel Aware": true,"Async Capable": false,"Relation Name": "part","Alias": "part","Startup Cost": 0.00,"Total Cost": 6180.33,"Plan Rows": 12548,"Plan Width": 40,"Actual Startup Time": 0.057,"Actual Total Time": 19.670,"Actual Rows": 5935,"Actual Loops": 5,"Filter": "((p_brand <> 'Brand#11'::bpchar) AND ((p_type)::text !~~ 'PROMO PLATED%'::text) AND (p_size = ANY ('{17,50,1,45,2,21,30,42}'::integer[])))","Rows Removed by Filter": 34065,"Workers": []}]}]}]}]}]}]},"Planning Time": 5.210,"Triggers": [],"Execution Time": 247.141}]
[{"Plan": {"Node Type": "Sort","Parallel Aware": false,"Async Capable": false,"Startup Cost": 33396.21,"Total Cost": 33436.47,"Plan Rows": 16104,"Plan Width": 44,"Actual Startup Time": 237.781,"Actual Total Time": 239.368,"Actual Rows": 18360,"Actual Loops": 1,"Sort Key": ["(count(DISTINCT partsupp.ps_suppkey)) DESC", "part.p_brand", "part.p_type", "part.p_size"],"Sort Method": "quicksort","Sort Space Used": 2345,"Sort Space Type": "Memory","Plans": [{"Node Type": "Aggregate","Strategy": "Sorted","Partial Mode": "Simple","Parent Relationship": "Outer","Parallel Aware": false,"Async Capable": false,"Startup Cost": 24278.85,"Total Cost": 32270.93,"Plan Rows": 16104,"Plan Width": 44,"Actual Startup Time": 133.898,"Actual Total Time": 200.414,"Actual Rows": 18360,"Actual Loops": 1,"Group Key": ["part.p_brand", "part.p_type", "part.p_size"],"Plans": [{"Node Type": "Gather Merge","Parent Relationship": "Outer","Parallel Aware": false,"Async Capable": false,"Startup Cost": 24278.85,"Total Cost": 31506.27,"Plan Rows": 60362,"Plan Width": 40,"Actual Startup Time": 133.852,"Actual Total Time": 172.729,"Actual Rows": 120142,"Actual Loops": 1,"Workers Planned": 4,"Workers Launched": 4,"Plans": [{"Node Type": "Sort","Parent Relationship": "Outer","Parallel Aware": false,"Async Capable": false,"Startup Cost": 23278.79,"Total Cost": 23316.52,"Plan Rows": 15090,"Plan Width": 40,"Actual Startup Time": 122.864,"Actual Total Time": 125.655,"Actual Rows": 24028,"Actual Loops": 5,"Sort Key": ["part.p_brand", "part.p_type", "part.p_size"],"Sort Method": "quicksort","Sort Space Used": 2478,"Sort Space Type": "Memory","Workers": [{"Worker Number": 0,"Sort Method": "quicksort","Sort Space Used": 2938,"Sort Space Type": "Memory"},{"Worker Number": 1,"Sort Method": "quicksort","Sort Space Used": 2890,"Sort Space Type": "Memory"},{"Worker Number": 2,"Sort Method": "quicksort","Sort Space Used": 2493,"Sort Space Type": "Memory"},{"Worker Number": 3,"Sort Method": "quicksort","Sort Space Used": 2923,"Sort Space Type": "Memory"}],"Plans": [{"Node Type": "Hash Join","Parent Relationship": "Outer","Parallel Aware": true,"Async Capable": false,"Join Type": "Inner","Startup Cost": 6684.95,"Total Cost": 22231.45,"Plan Rows": 15090,"Plan Width": 40,"Actual Startup Time": 31.362,"Actual Total Time": 80.768,"Actual Rows": 24028,"Actual Loops": 5,"Inner Unique": true,"Hash Cond": "(partsupp.ps_partkey = part.p_partkey)","Workers": [],"Plans": [{"Node Type": "Index Only Scan","Parent Relationship": "Outer","Parallel Aware": true,"Async Capable": false,"Scan Direction": "Forward","Index Name": "partsupp_pkey","Relation Name": "partsupp","Alias": "partsupp","Startup Cost": 347.43,"Total Cost": 15631.43,"Plan Rows": 100000,"Plan Width": 8,"Actual Startup Time": 7.249,"Actual Total Time": 32.224,"Actual Rows": 159936,"Actual Loops": 5,"Filter": "(NOT (hashed SubPlan 1))","Rows Removed by Filter": 64,"Heap Fetches": 0,"Workers": [],"Plans": [{"Node Type": "Seq Scan","Parent Relationship": "SubPlan","Subplan Name": "SubPlan 1","Parallel Aware": false,"Async Capable": false,"Relation Name": "supplier","Alias": "supplier","Startup Cost": 0.00,"Total Cost": 347.00,"Plan Rows": 1,"Plan Width": 4,"Actual Startup Time": 0.187,"Actual Total Time": 7.113,"Actual Rows": 4,"Actual Loops": 5,"Filter": "((s_comment)::text ~~ '%Customer%Complaints%'::text)","Rows Removed by Filter": 9996,"Workers": []}]},{"Node Type": "Hash","Parent Relationship": "Inner","Parallel Aware": true,"Async Capable": false,"Startup Cost": 6180.33,"Total Cost": 6180.33,"Plan Rows": 12575,"Plan Width": 40,"Actual Startup Time": 23.865,"Actual Total Time": 23.867,"Actual Rows": 6010,"Actual Loops": 5,"Hash Buckets": 32768,"Original Hash Buckets": 32768,"Hash Batches": 1,"Original Hash Batches": 1,"Peak Memory Usage": 2560,"Workers": [],"Plans": [{"Node Type": "Seq Scan","Parent Relationship": "Outer","Parallel Aware": true,"Async Capable": false,"Relation Name": "part","Alias": "part","Startup Cost": 0.00,"Total Cost": 6180.33,"Plan Rows": 12575,"Plan Width": 40,"Actual Startup Time": 0.048,"Actual Total Time": 19.868,"Actual Rows": 6010,"Actual Loops": 5,"Filter": "((p_brand <> 'Brand#54'::bpchar) AND ((p_type)::text !~~ 'STANDARD BRUSHED%'::text) AND (p_size = ANY ('{9,2,18,36,34,21,5,10}'::integer[])))","Rows Removed by Filter": 33990,"Workers": []}]}]}]}]}]}]},"Planning Time": 5.576,"Triggers": [],"Execution Time": 240.330}]
[{"Plan": {"Node Type": "Sort","Parallel Aware": false,"Async Capable": false,"Startup Cost": 33391.11,"Total Cost": 33431.36,"Plan Rows": 16101,"Plan Width": 44,"Actual Startup Time": 236.448,"Actual Total Time": 238.036,"Actual Rows": 18241,"Actual Loops": 1,"Sort Key": ["(count(DISTINCT partsupp.ps_suppkey)) DESC", "part.p_brand", "part.p_type", "part.p_size"],"Sort Method": "quicksort","Sort Space Used": 2335,"Sort Space Type": "Memory","Plans": [{"Node Type": "Aggregate","Strategy": "Sorted","Partial Mode": "Simple","Parent Relationship": "Outer","Parallel Aware": false,"Async Capable": false,"Startup Cost": 24278.16,"Total Cost": 32266.06,"Plan Rows": 16101,"Plan Width": 44,"Actual Startup Time": 133.607,"Actual Total Time": 199.289,"Actual Rows": 18241,"Actual Loops": 1,"Group Key": ["part.p_brand", "part.p_type", "part.p_size"],"Plans": [{"Node Type": "Gather Merge","Parent Relationship": "Outer","Parallel Aware": false,"Async Capable": false,"Startup Cost": 24278.16,"Total Cost": 31501.75,"Plan Rows": 60330,"Plan Width": 40,"Actual Startup Time": 133.557,"Actual Total Time": 172.115,"Actual Rows": 118209,"Actual Loops": 1,"Workers Planned": 4,"Workers Launched": 4,"Plans": [{"Node Type": "Sort","Parent Relationship": "Outer","Parallel Aware": false,"Async Capable": false,"Startup Cost": 23278.10,"Total Cost": 23315.81,"Plan Rows": 15082,"Plan Width": 40,"Actual Startup Time": 122.721,"Actual Total Time": 125.337,"Actual Rows": 23642,"Actual Loops": 5,"Sort Key": ["part.p_brand", "part.p_type", "part.p_size"],"Sort Method": "quicksort","Sort Space Used": 2456,"Sort Space Type": "Memory","Workers": [{"Worker Number": 0,"Sort Method": "quicksort","Sort Space Used": 2896,"Sort Space Type": "Memory"},{"Worker Number": 1,"Sort Method": "quicksort","Sort Space Used": 2900,"Sort Space Type": "Memory"},{"Worker Number": 2,"Sort Method": "quicksort","Sort Space Used": 2460,"Sort Space Type": "Memory"},{"Worker Number": 3,"Sort Method": "quicksort","Sort Space Used": 2862,"Sort Space Type": "Memory"}],"Plans": [{"Node Type": "Hash Join","Parent Relationship": "Outer","Parallel Aware": true,"Async Capable": false,"Join Type": "Inner","Startup Cost": 6684.87,"Total Cost": 22231.37,"Plan Rows": 15082,"Plan Width": 40,"Actual Startup Time": 31.267,"Actual Total Time": 81.068,"Actual Rows": 23642,"Actual Loops": 5,"Inner Unique": true,"Hash Cond": "(partsupp.ps_partkey = part.p_partkey)","Workers": [],"Plans": [{"Node Type": "Index Only Scan","Parent Relationship": "Outer","Parallel Aware": true,"Async Capable": false,"Scan Direction": "Forward","Index Name": "partsupp_pkey","Relation Name": "partsupp","Alias": "partsupp","Startup Cost": 347.43,"Total Cost": 15631.43,"Plan Rows": 100000,"Plan Width": 8,"Actual Startup Time": 7.317,"Actual Total Time": 32.708,"Actual Rows": 159936,"Actual Loops": 5,"Filter": "(NOT (hashed SubPlan 1))","Rows Removed by Filter": 64,"Heap Fetches": 0,"Workers": [],"Plans": [{"Node Type": "Seq Scan","Parent Relationship": "SubPlan","Subplan Name": "SubPlan 1","Parallel Aware": false,"Async Capable": false,"Relation Name": "supplier","Alias": "supplier","Startup Cost": 0.00,"Total Cost": 347.00,"Plan Rows": 1,"Plan Width": 4,"Actual Startup Time": 0.143,"Actual Total Time": 7.165,"Actual Rows": 4,"Actual Loops": 5,"Filter": "((s_comment)::text ~~ '%Customer%Complaints%'::text)","Rows Removed by Filter": 9996,"Workers": []}]},{"Node Type": "Hash","Parent Relationship": "Inner","Parallel Aware": true,"Async Capable": false,"Startup Cost": 6180.33,"Total Cost": 6180.33,"Plan Rows": 12569,"Plan Width": 40,"Actual Startup Time": 23.688,"Actual Total Time": 23.691,"Actual Rows": 5913,"Actual Loops": 5,"Hash Buckets": 32768,"Original Hash Buckets": 32768,"Hash Batches": 1,"Original Hash Batches": 1,"Peak Memory Usage": 2560,"Workers": [],"Plans": [{"Node Type": "Seq Scan","Parent Relationship": "Outer","Parallel Aware": true,"Async Capable": false,"Relation Name": "part","Alias": "part","Startup Cost": 0.00,"Total Cost": 6180.33,"Plan Rows": 12569,"Plan Width": 40,"Actual Startup Time": 0.050,"Actual Total Time": 19.821,"Actual Rows": 5913,"Actual Loops": 5,"Filter": "((p_brand <> 'Brand#21'::bpchar) AND ((p_type)::text !~~ 'PROMO POLISHED%'::text) AND (p_size = ANY ('{40,14,45,27,46,33,4,26}'::integer[])))","Rows Removed by Filter": 34087,"Workers": []}]}]}]}]}]}]},"Planning Time": 5.230,"Triggers": [],"Execution Time": 238.943}]
[{"Plan": {"Node Type": "Sort","Parallel Aware": false,"Async Capable": false,"Startup Cost": 33299.05,"Total Cost": 33339.14,"Plan Rows": 16035,"Plan Width": 44,"Actual Startup Time": 238.496,"Actual Total Time": 240.412,"Actual Rows": 18236,"Actual Loops": 1,"Sort Key": ["(count(DISTINCT partsupp.ps_suppkey)) DESC", "part.p_brand", "part.p_type", "part.p_size"],"Sort Method": "quicksort","Sort Space Used": 2335,"Sort Space Type": "Memory","Plans": [{"Node Type": "Aggregate","Strategy": "Sorted","Partial Mode": "Simple","Parent Relationship": "Outer","Parallel Aware": false,"Async Capable": false,"Startup Cost": 24265.80,"Total Cost": 32179.09,"Plan Rows": 16035,"Plan Width": 44,"Actual Startup Time": 134.798,"Actual Total Time": 200.672,"Actual Rows": 18236,"Actual Loops": 1,"Group Key": ["part.p_brand", "part.p_type", "part.p_size"],"Plans": [{"Node Type": "Gather Merge","Parent Relationship": "Outer","Parallel Aware": false,"Async Capable": false,"Startup Cost": 24265.80,"Total Cost": 31421.14,"Plan Rows": 59760,"Plan Width": 40,"Actual Startup Time": 134.724,"Actual Total Time": 173.050,"Actual Rows": 118120,"Actual Loops": 1,"Workers Planned": 4,"Workers Launched": 4,"Plans": [{"Node Type": "Sort","Parent Relationship": "Outer","Parallel Aware": false,"Async Capable": false,"Startup Cost": 23265.74,"Total Cost": 23303.09,"Plan Rows": 14940,"Plan Width": 40,"Actual Startup Time": 123.786,"Actual Total Time": 126.414,"Actual Rows": 23624,"Actual Loops": 5,"Sort Key": ["part.p_brand", "part.p_type", "part.p_size"],"Sort Method": "quicksort","Sort Space Used": 2442,"Sort Space Type": "Memory","Workers": [{"Worker Number": 0,"Sort Method": "quicksort","Sort Space Used": 2868,"Sort Space Type": "Memory"},{"Worker Number": 1,"Sort Method": "quicksort","Sort Space Used": 2901,"Sort Space Type": "Memory"},{"Worker Number": 2,"Sort Method": "quicksort","Sort Space Used": 2480,"Sort Space Type": "Memory"},{"Worker Number": 3,"Sort Method": "quicksort","Sort Space Used": 2875,"Sort Space Type": "Memory"}],"Plans": [{"Node Type": "Hash Join","Parent Relationship": "Outer","Parallel Aware": true,"Async Capable": false,"Join Type": "Inner","Startup Cost": 6683.39,"Total Cost": 22229.89,"Plan Rows": 14940,"Plan Width": 40,"Actual Startup Time": 31.828,"Actual Total Time": 81.906,"Actual Rows": 23624,"Actual Loops": 5,"Inner Unique": true,"Hash Cond": "(partsupp.ps_partkey = part.p_partkey)","Workers": [],"Plans": [{"Node Type": "Index Only Scan","Parent Relationship": "Outer","Parallel Aware": true,"Async Capable": false,"Scan Direction": "Forward","Index Name": "partsupp_pkey","Relation Name": "partsupp","Alias": "partsupp","Startup Cost": 347.43,"Total Cost": 15631.43,"Plan Rows": 100000,"Plan Width": 8,"Actual Startup Time": 9.123,"Actual Total Time": 34.673,"Actual Rows": 159936,"Actual Loops": 5,"Filter": "(NOT (hashed SubPlan 1))","Rows Removed by Filter": 64,"Heap Fetches": 0,"Workers": [],"Plans": [{"Node Type": "Seq Scan","Parent Relationship": "SubPlan","Subplan Name": "SubPlan 1","Parallel Aware": false,"Async Capable": false,"Relation Name": "supplier","Alias": "supplier","Startup Cost": 0.00,"Total Cost": 347.00,"Plan Rows": 1,"Plan Width": 4,"Actual Startup Time": 0.235,"Actual Total Time": 8.979,"Actual Rows": 4,"Actual Loops": 5,"Filter": "((s_comment)::text ~~ '%Customer%Complaints%'::text)","Rows Removed by Filter": 9996,"Workers": []}]},{"Node Type": "Hash","Parent Relationship": "Inner","Parallel Aware": true,"Async Capable": false,"Startup Cost": 6180.33,"Total Cost": 6180.33,"Plan Rows": 12450,"Plan Width": 40,"Actual Startup Time": 22.444,"Actual Total Time": 22.449,"Actual Rows": 5908,"Actual Loops": 5,"Hash Buckets": 32768,"Original Hash Buckets": 32768,"Hash Batches": 1,"Original Hash Batches": 1,"Peak Memory Usage": 2560,"Workers": [],"Plans": [{"Node Type": "Seq Scan","Parent Relationship": "Outer","Parallel Aware": true,"Async Capable": false,"Relation Name": "part","Alias": "part","Startup Cost": 0.00,"Total Cost": 6180.33,"Plan Rows": 12450,"Plan Width": 40,"Actual Startup Time": 0.057,"Actual Total Time": 19.087,"Actual Rows": 5908,"Actual Loops": 5,"Filter": "((p_brand <> 'Brand#45'::bpchar) AND ((p_type)::text !~~ 'PROMO ANODIZED%'::text) AND (p_size = ANY ('{25,45,27,38,40,19,3,22}'::integer[])))","Rows Removed by Filter": 34092,"Workers": []}]}]}]}]}]}]},"Planning Time": 4.297,"Triggers": [],"Execution Time": 241.816}]
[{"Plan": {"Node Type": "Sort","Parallel Aware": false,"Async Capable": false,"Startup Cost": 33333.95,"Total Cost": 33374.10,"Plan Rows": 16060,"Plan Width": 44,"Actual Startup Time": 234.466,"Actual Total Time": 236.177,"Actual Rows": 18324,"Actual Loops": 1,"Sort Key": ["(count(DISTINCT partsupp.ps_suppkey)) DESC", "part.p_brand", "part.p_type", "part.p_size"],"Sort Method": "quicksort","Sort Space Used": 2342,"Sort Space Type": "Memory","Plans": [{"Node Type": "Aggregate","Strategy": "Sorted","Partial Mode": "Simple","Parent Relationship": "Outer","Parallel Aware": false,"Async Capable": false,"Startup Cost": 24270.50,"Total Cost": 32212.06,"Plan Rows": 16060,"Plan Width": 44,"Actual Startup Time": 132.320,"Actual Total Time": 198.533,"Actual Rows": 18324,"Actual Loops": 1,"Group Key": ["part.p_brand", "part.p_type", "part.p_size"],"Plans": [{"Node Type": "Gather Merge","Parent Relationship": "Outer","Parallel Aware": false,"Async Capable": false,"Startup Cost": 24270.50,"Total Cost": 31451.70,"Plan Rows": 59976,"Plan Width": 40,"Actual Startup Time": 132.235,"Actual Total Time": 170.697,"Actual Rows": 120025,"Actual Loops": 1,"Workers Planned": 4,"Workers Launched": 4,"Plans": [{"Node Type": "Sort","Parent Relationship": "Outer","Parallel Aware": false,"Async Capable": false,"Startup Cost": 23270.44,"Total Cost": 23307.92,"Plan Rows": 14994,"Plan Width": 40,"Actual Startup Time": 122.467,"Actual Total Time": 124.847,"Actual Rows": 24005,"Actual Loops": 5,"Sort Key": ["part.p_brand", "part.p_type", "part.p_size"],"Sort Method": "quicksort","Sort Space Used": 2647,"Sort Space Type": "Memory","Workers": [{"Worker Number": 0,"Sort Method": "quicksort","Sort Space Used": 2682,"Sort Space Type": "Memory"},{"Worker Number": 1,"Sort Method": "quicksort","Sort Space Used": 2678,"Sort Space Type": "Memory"},{"Worker Number": 2,"Sort Method": "quicksort","Sort Space Used": 2834,"Sort Space Type": "Memory"},{"Worker Number": 3,"Sort Method": "quicksort","Sort Space Used": 2862,"Sort Space Type": "Memory"}],"Plans": [{"Node Type": "Hash Join","Parent Relationship": "Outer","Parallel Aware": true,"Async Capable": false,"Join Type": "Inner","Startup Cost": 6683.95,"Total Cost": 22230.45,"Plan Rows": 14994,"Plan Width": 40,"Actual Startup Time": 31.844,"Actual Total Time": 80.393,"Actual Rows": 24005,"Actual Loops": 5,"Inner Unique": true,"Hash Cond": "(partsupp.ps_partkey = part.p_partkey)","Workers": [],"Plans": [{"Node Type": "Index Only Scan","Parent Relationship": "Outer","Parallel Aware": true,"Async Capable": false,"Scan Direction": "Forward","Index Name": "partsupp_pkey","Relation Name": "partsupp","Alias": "partsupp","Startup Cost": 347.43,"Total Cost": 15631.43,"Plan Rows": 100000,"Plan Width": 8,"Actual Startup Time": 7.542,"Actual Total Time": 32.507,"Actual Rows": 159936,"Actual Loops": 5,"Filter": "(NOT (hashed SubPlan 1))","Rows Removed by Filter": 64,"Heap Fetches": 0,"Workers": [],"Plans": [{"Node Type": "Seq Scan","Parent Relationship": "SubPlan","Subplan Name": "SubPlan 1","Parallel Aware": false,"Async Capable": false,"Relation Name": "supplier","Alias": "supplier","Startup Cost": 0.00,"Total Cost": 347.00,"Plan Rows": 1,"Plan Width": 4,"Actual Startup Time": 0.215,"Actual Total Time": 7.402,"Actual Rows": 4,"Actual Loops": 5,"Filter": "((s_comment)::text ~~ '%Customer%Complaints%'::text)","Rows Removed by Filter": 9996,"Workers": []}]},{"Node Type": "Hash","Parent Relationship": "Inner","Parallel Aware": true,"Async Capable": false,"Startup Cost": 6180.33,"Total Cost": 6180.33,"Plan Rows": 12495,"Plan Width": 40,"Actual Startup Time": 24.042,"Actual Total Time": 24.046,"Actual Rows": 6004,"Actual Loops": 5,"Hash Buckets": 32768,"Original Hash Buckets": 32768,"Hash Batches": 1,"Original Hash Batches": 1,"Peak Memory Usage": 2592,"Workers": [],"Plans": [{"Node Type": "Seq Scan","Parent Relationship": "Outer","Parallel Aware": true,"Async Capable": false,"Relation Name": "part","Alias": "part","Startup Cost": 0.00,"Total Cost": 6180.33,"Plan Rows": 12495,"Plan Width": 40,"Actual Startup Time": 0.053,"Actual Total Time": 20.364,"Actual Rows": 6004,"Actual Loops": 5,"Filter": "((p_brand <> 'Brand#22'::bpchar) AND ((p_type)::text !~~ 'STANDARD POLISHED%'::text) AND (p_size = ANY ('{37,42,14,5,29,27,26,22}'::integer[])))","Rows Removed by Filter": 33996,"Workers": []}]}]}]}]}]}]},"Planning Time": 5.144,"Triggers": [],"Execution Time": 237.114}]
[{"Plan": {"Node Type": "Sort","Parallel Aware": false,"Async Capable": false,"Startup Cost": 33252.95,"Total Cost": 33292.95,"Plan Rows": 16001,"Plan Width": 44,"Actual Startup Time": 237.573,"Actual Total Time": 239.449,"Actual Rows": 18241,"Actual Loops": 1,"Sort Key": ["(count(DISTINCT partsupp.ps_suppkey)) DESC", "part.p_brand", "part.p_type", "part.p_size"],"Sort Method": "quicksort","Sort Space Used": 2335,"Sort Space Type": "Memory","Plans": [{"Node Type": "Aggregate","Strategy": "Sorted","Partial Mode": "Simple","Parent Relationship": "Outer","Parallel Aware": false,"Async Capable": false,"Startup Cost": 24259.63,"Total Cost": 32135.61,"Plan Rows": 16001,"Plan Width": 44,"Actual Startup Time": 133.379,"Actual Total Time": 198.617,"Actual Rows": 18241,"Actual Loops": 1,"Group Key": ["part.p_brand", "part.p_type", "part.p_size"],"Plans": [{"Node Type": "Gather Merge","Parent Relationship": "Outer","Parallel Aware": false,"Async Capable": false,"Startup Cost": 24259.63,"Total Cost": 31380.85,"Plan Rows": 59475,"Plan Width": 40,"Actual Startup Time": 133.283,"Actual Total Time": 171.282,"Actual Rows": 118696,"Actual Loops": 1,"Workers Planned": 4,"Workers Launched": 4,"Plans": [{"Node Type": "Sort","Parent Relationship": "Outer","Parallel Aware": false,"Async Capable": false,"Startup Cost": 23259.57,"Total Cost": 23296.74,"Plan Rows": 14869,"Plan Width": 40,"Actual Startup Time": 122.501,"Actual Total Time": 124.893,"Actual Rows": 23739,"Actual Loops": 5,"Sort Key": ["part.p_brand", "part.p_type", "part.p_size"],"Sort Method": "quicksort","Sort Space Used": 2854,"Sort Space Type": "Memory","Workers": [{"Worker Number": 0,"Sort Method": "quicksort","Sort Space Used": 2867,"Sort Space Type": "Memory"},{"Worker Number": 1,"Sort Method": "quicksort","Sort Space Used": 2514,"Sort Space Type": "Memory"},{"Worker Number": 2,"Sort Method": "quicksort","Sort Space Used": 2829,"Sort Space Type": "Memory"},{"Worker Number": 3,"Sort Method": "quicksort","Sort Space Used": 2549,"Sort Space Type": "Memory"}],"Plans": [{"Node Type": "Hash Join","Parent Relationship": "Outer","Parallel Aware": true,"Async Capable": false,"Join Type": "Inner","Startup Cost": 6682.65,"Total Cost": 22229.15,"Plan Rows": 14869,"Plan Width": 40,"Actual Startup Time": 30.714,"Actual Total Time": 80.805,"Actual Rows": 23739,"Actual Loops": 5,"Inner Unique": true,"Hash Cond": "(partsupp.ps_partkey = part.p_partkey)","Workers": [],"Plans": [{"Node Type": "Index Only Scan","Parent Relationship": "Outer","Parallel Aware": true,"Async Capable": false,"Scan Direction": "Forward","Index Name": "partsupp_pkey","Relation Name": "partsupp","Alias": "partsupp","Startup Cost": 347.43,"Total Cost": 15631.43,"Plan Rows": 100000,"Plan Width": 8,"Actual Startup Time": 7.644,"Actual Total Time": 32.116,"Actual Rows": 159936,"Actual Loops": 5,"Filter": "(NOT (hashed SubPlan 1))","Rows Removed by Filter": 64,"Heap Fetches": 0,"Workers": [],"Plans": [{"Node Type": "Seq Scan","Parent Relationship": "SubPlan","Subplan Name": "SubPlan 1","Parallel Aware": false,"Async Capable": false,"Relation Name": "supplier","Alias": "supplier","Startup Cost": 0.00,"Total Cost": 347.00,"Plan Rows": 1,"Plan Width": 4,"Actual Startup Time": 0.177,"Actual Total Time": 7.499,"Actual Rows": 4,"Actual Loops": 5,"Filter": "((s_comment)::text ~~ '%Customer%Complaints%'::text)","Rows Removed by Filter": 9996,"Workers": []}]},{"Node Type": "Hash","Parent Relationship": "Inner","Parallel Aware": true,"Async Capable": false,"Startup Cost": 6180.33,"Total Cost": 6180.33,"Plan Rows": 12391,"Plan Width": 40,"Actual Startup Time": 22.766,"Actual Total Time": 22.769,"Actual Rows": 5937,"Actual Loops": 5,"Hash Buckets": 32768,"Original Hash Buckets": 32768,"Hash Batches": 1,"Original Hash Batches": 1,"Peak Memory Usage": 2560,"Workers": [],"Plans": [{"Node Type": "Seq Scan","Parent Relationship": "Outer","Parallel Aware": true,"Async Capable": false,"Relation Name": "part","Alias": "part","Startup Cost": 0.00,"Total Cost": 6180.33,"Plan Rows": 12391,"Plan Width": 40,"Actual Startup Time": 0.051,"Actual Total Time": 18.958,"Actual Rows": 5937,"Actual Loops": 5,"Filter": "((p_brand <> 'Brand#45'::bpchar) AND ((p_type)::text !~~ 'PROMO POLISHED%'::text) AND (p_size = ANY ('{7,19,3,41,29,39,27,36}'::integer[])))","Rows Removed by Filter": 34063,"Workers": []}]}]}]}]}]}]},"Planning Time": 4.868,"Triggers": [],"Execution Time": 240.435}]
[{"Plan": {"Node Type": "Sort","Parallel Aware": false,"Async Capable": false,"Startup Cost": 32900.21,"Total Cost": 32939.55,"Plan Rows": 15738,"Plan Width": 44,"Actual Startup Time": 237.249,"Actual Total Time": 238.953,"Actual Rows": 18190,"Actual Loops": 1,"Sort Key": ["(count(DISTINCT partsupp.ps_suppkey)) DESC", "part.p_brand", "part.p_type", "part.p_size"],"Sort Method": "quicksort","Sort Space Used": 2331,"Sort Space Type": "Memory","Plans": [{"Node Type": "Aggregate","Strategy": "Sorted","Partial Mode": "Simple","Parent Relationship": "Outer","Parallel Aware": false,"Async Capable": false,"Startup Cost": 24212.33,"Total Cost": 31803.11,"Plan Rows": 15738,"Plan Width": 44,"Actual Startup Time": 133.433,"Actual Total Time": 198.887,"Actual Rows": 18190,"Actual Loops": 1,"Group Key": ["part.p_brand", "part.p_type", "part.p_size"],"Plans": [{"Node Type": "Gather Merge","Parent Relationship": "Outer","Parallel Aware": false,"Async Capable": false,"Startup Cost": 24212.33,"Total Cost": 31072.76,"Plan Rows": 57297,"Plan Width": 40,"Actual Startup Time": 133.369,"Actual Total Time": 171.628,"Actual Rows": 117417,"Actual Loops": 1,"Workers Planned": 4,"Workers Launched": 4,"Plans": [{"Node Type": "Sort","Parent Relationship": "Outer","Parallel Aware": false,"Async Capable": false,"Startup Cost": 23212.27,"Total Cost": 23248.08,"Plan Rows": 14324,"Plan Width": 40,"Actual Startup Time": 122.603,"Actual Total Time": 124.785,"Actual Rows": 23483,"Actual Loops": 5,"Sort Key": ["part.p_brand", "part.p_type", "part.p_size"],"Sort Method": "quicksort","Sort Space Used": 2462,"Sort Space Type": "Memory","Workers": [{"Worker Number": 0,"Sort Method": "quicksort","Sort Space Used": 2822,"Sort Space Type": "Memory"},{"Worker Number": 1,"Sort Method": "quicksort","Sort Space Used": 2864,"Sort Space Type": "Memory"},{"Worker Number": 2,"Sort Method": "quicksort","Sort Space Used": 2501,"Sort Space Type": "Memory"},{"Worker Number": 3,"Sort Method": "quicksort","Sort Space Used": 2859,"Sort Space Type": "Memory"}],"Plans": [{"Node Type": "Hash Join","Parent Relationship": "Outer","Parallel Aware": true,"Async Capable": false,"Join Type": "Inner","Startup Cost": 6676.97,"Total Cost": 22223.47,"Plan Rows": 14324,"Plan Width": 40,"Actual Startup Time": 30.429,"Actual Total Time": 81.218,"Actual Rows": 23483,"Actual Loops": 5,"Inner Unique": true,"Hash Cond": "(partsupp.ps_partkey = part.p_partkey)","Workers": [],"Plans": [{"Node Type": "Index Only Scan","Parent Relationship": "Outer","Parallel Aware": true,"Async Capable": false,"Scan Direction": "Forward","Index Name": "partsupp_pkey","Relation Name": "partsupp","Alias": "partsupp","Startup Cost": 347.43,"Total Cost": 15631.43,"Plan Rows": 100000,"Plan Width": 8,"Actual Startup Time": 6.772,"Actual Total Time": 33.296,"Actual Rows": 159936,"Actual Loops": 5,"Filter": "(NOT (hashed SubPlan 1))","Rows Removed by Filter": 64,"Heap Fetches": 0,"Workers": [],"Plans": [{"Node Type": "Seq Scan","Parent Relationship": "SubPlan","Subplan Name": "SubPlan 1","Parallel Aware": false,"Async Capable": false,"Relation Name": "supplier","Alias": "supplier","Startup Cost": 0.00,"Total Cost": 347.00,"Plan Rows": 1,"Plan Width": 4,"Actual Startup Time": 0.155,"Actual Total Time": 6.607,"Actual Rows": 4,"Actual Loops": 5,"Filter": "((s_comment)::text ~~ '%Customer%Complaints%'::text)","Rows Removed by Filter": 9996,"Workers": []}]},{"Node Type": "Hash","Parent Relationship": "Inner","Parallel Aware": true,"Async Capable": false,"Startup Cost": 6180.33,"Total Cost": 6180.33,"Plan Rows": 11937,"Plan Width": 40,"Actual Startup Time": 23.350,"Actual Total Time": 23.355,"Actual Rows": 5873,"Actual Loops": 5,"Hash Buckets": 32768,"Original Hash Buckets": 32768,"Hash Batches": 1,"Original Hash Batches": 1,"Peak Memory Usage": 2496,"Workers": [],"Plans": [{"Node Type": "Seq Scan","Parent Relationship": "Outer","Parallel Aware": true,"Async Capable": false,"Relation Name": "part","Alias": "part","Startup Cost": 0.00,"Total Cost": 6180.33,"Plan Rows": 11937,"Plan Width": 40,"Actual Startup Time": 0.058,"Actual Total Time": 19.442,"Actual Rows": 5873,"Actual Loops": 5,"Filter": "((p_brand <> 'Brand#22'::bpchar) AND ((p_type)::text !~~ 'ECONOMY PLATED%'::text) AND (p_size = ANY ('{50,21,25,24,40,36,20,23}'::integer[])))","Rows Removed by Filter": 34127,"Workers": []}]}]}]}]}]}]},"Planning Time": 3.908,"Triggers": [],"Execution Time": 239.875}]
[{"Plan": {"Node Type": "Sort","Parallel Aware": false,"Async Capable": false,"Startup Cost": 33359.75,"Total Cost": 33399.94,"Plan Rows": 16078,"Plan Width": 44,"Actual Startup Time": 236.258,"Actual Total Time": 237.862,"Actual Rows": 18194,"Actual Loops": 1,"Sort Key": ["(count(DISTINCT partsupp.ps_suppkey)) DESC", "part.p_brand", "part.p_type", "part.p_size"],"Sort Method": "quicksort","Sort Space Used": 2331,"Sort Space Type": "Memory","Plans": [{"Node Type": "Aggregate","Strategy": "Sorted","Partial Mode": "Simple","Parent Relationship": "Outer","Parallel Aware": false,"Async Capable": false,"Startup Cost": 24273.97,"Total Cost": 32236.48,"Plan Rows": 16078,"Plan Width": 44,"Actual Startup Time": 133.503,"Actual Total Time": 199.276,"Actual Rows": 18194,"Actual Loops": 1,"Group Key": ["part.p_brand", "part.p_type", "part.p_size"],"Plans": [{"Node Type": "Gather Merge","Parent Relationship": "Outer","Parallel Aware": false,"Async Capable": false,"Startup Cost": 24273.97,"Total Cost": 31474.34,"Plan Rows": 60136,"Plan Width": 40,"Actual Startup Time": 133.451,"Actual Total Time": 171.911,"Actual Rows": 118369,"Actual Loops": 1,"Workers Planned": 4,"Workers Launched": 4,"Plans": [{"Node Type": "Sort","Parent Relationship": "Outer","Parallel Aware": false,"Async Capable": false,"Startup Cost": 23273.92,"Total Cost": 23311.50,"Plan Rows": 15034,"Plan Width": 40,"Actual Startup Time": 122.222,"Actual Total Time": 124.966,"Actual Rows": 23674,"Actual Loops": 5,"Sort Key": ["part.p_brand", "part.p_type", "part.p_size"],"Sort Method": "quicksort","Sort Space Used": 2484,"Sort Space Type": "Memory","Workers": [{"Worker Number": 0,"Sort Method": "quicksort","Sort Space Used": 2897,"Sort Space Type": "Memory"},{"Worker Number": 1,"Sort Method": "quicksort","Sort Space Used": 2876,"Sort Space Type": "Memory"},{"Worker Number": 2,"Sort Method": "quicksort","Sort Space Used": 2427,"Sort Space Type": "Memory"},{"Worker Number": 3,"Sort Method": "quicksort","Sort Space Used": 2895,"Sort Space Type": "Memory"}],"Plans": [{"Node Type": "Hash Join","Parent Relationship": "Outer","Parallel Aware": true,"Async Capable": false,"Join Type": "Inner","Startup Cost": 6684.36,"Total Cost": 22230.86,"Plan Rows": 15034,"Plan Width": 40,"Actual Startup Time": 31.473,"Actual Total Time": 80.637,"Actual Rows": 23674,"Actual Loops": 5,"Inner Unique": true,"Hash Cond": "(partsupp.ps_partkey = part.p_partkey)","Workers": [],"Plans": [{"Node Type": "Index Only Scan","Parent Relationship": "Outer","Parallel Aware": true,"Async Capable": false,"Scan Direction": "Forward","Index Name": "partsupp_pkey","Relation Name": "partsupp","Alias": "partsupp","Startup Cost": 347.43,"Total Cost": 15631.43,"Plan Rows": 100000,"Plan Width": 8,"Actual Startup Time": 7.608,"Actual Total Time": 32.556,"Actual Rows": 159936,"Actual Loops": 5,"Filter": "(NOT (hashed SubPlan 1))","Rows Removed by Filter": 64,"Heap Fetches": 0,"Workers": [],"Plans": [{"Node Type": "Seq Scan","Parent Relationship": "SubPlan","Subplan Name": "SubPlan 1","Parallel Aware": false,"Async Capable": false,"Relation Name": "supplier","Alias": "supplier","Startup Cost": 0.00,"Total Cost": 347.00,"Plan Rows": 1,"Plan Width": 4,"Actual Startup Time": 0.130,"Actual Total Time": 7.453,"Actual Rows": 4,"Actual Loops": 5,"Filter": "((s_comment)::text ~~ '%Customer%Complaints%'::text)","Rows Removed by Filter": 9996,"Workers": []}]},{"Node Type": "Hash","Parent Relationship": "Inner","Parallel Aware": true,"Async Capable": false,"Startup Cost": 6180.33,"Total Cost": 6180.33,"Plan Rows": 12528,"Plan Width": 40,"Actual Startup Time": 23.609,"Actual Total Time": 23.612,"Actual Rows": 5921,"Actual Loops": 5,"Hash Buckets": 32768,"Original Hash Buckets": 32768,"Hash Batches": 1,"Original Hash Batches": 1,"Peak Memory Usage": 2528,"Workers": [],"Plans": [{"Node Type": "Seq Scan","Parent Relationship": "Outer","Parallel Aware": true,"Async Capable": false,"Relation Name": "part","Alias": "part","Startup Cost": 0.00,"Total Cost": 6180.33,"Plan Rows": 12528,"Plan Width": 40,"Actual Startup Time": 0.058,"Actual Total Time": 19.664,"Actual Rows": 5921,"Actual Loops": 5,"Filter": "((p_brand <> 'Brand#53'::bpchar) AND ((p_type)::text !~~ 'MEDIUM ANODIZED%'::text) AND (p_size = ANY ('{15,30,11,26,45,8,40,18}'::integer[])))","Rows Removed by Filter": 34079,"Workers": []}]}]}]}]}]}]},"Planning Time": 4.292,"Triggers": [],"Execution Time": 238.701}]
[{"Plan": {"Node Type": "Sort","Parallel Aware": false,"Async Capable": false,"Startup Cost": 33602.57,"Total Cost": 33643.19,"Plan Rows": 16248,"Plan Width": 44,"Actual Startup Time": 237.971,"Actual Total Time": 239.910,"Actual Rows": 18319,"Actual Loops": 1,"Sort Key": ["(count(DISTINCT partsupp.ps_suppkey)) DESC", "part.p_brand", "part.p_type", "part.p_size"],"Sort Method": "quicksort","Sort Space Used": 2342,"Sort Space Type": "Memory","Plans": [{"Node Type": "Aggregate","Strategy": "Sorted","Partial Mode": "Simple","Parent Relationship": "Outer","Parallel Aware": false,"Async Capable": false,"Startup Cost": 24306.73,"Total Cost": 32466.18,"Plan Rows": 16248,"Plan Width": 44,"Actual Startup Time": 134.299,"Actual Total Time": 199.975,"Actual Rows": 18319,"Actual Loops": 1,"Group Key": ["part.p_brand", "part.p_type", "part.p_size"],"Plans": [{"Node Type": "Gather Merge","Parent Relationship": "Outer","Parallel Aware": false,"Async Capable": false,"Startup Cost": 24306.73,"Total Cost": 31687.29,"Plan Rows": 61641,"Plan Width": 40,"Actual Startup Time": 134.212,"Actual Total Time": 172.399,"Actual Rows": 119448,"Actual Loops": 1,"Workers Planned": 4,"Workers Launched": 4,"Plans": [{"Node Type": "Sort","Parent Relationship": "Outer","Parallel Aware": false,"Async Capable": false,"Startup Cost": 23306.67,"Total Cost": 23345.20,"Plan Rows": 15410,"Plan Width": 40,"Actual Startup Time": 123.528,"Actual Total Time": 125.923,"Actual Rows": 23890,"Actual Loops": 5,"Sort Key": ["part.p_brand", "part.p_type", "part.p_size"],"Sort Method": "quicksort","Sort Space Used": 2831,"Sort Space Type": "Memory","Workers": [{"Worker Number": 0,"Sort Method": "quicksort","Sort Space Used": 2881,"Sort Space Type": "Memory"},{"Worker Number": 1,"Sort Method": "quicksort","Sort Space Used": 2554,"Sort Space Type": "Memory"},{"Worker Number": 2,"Sort Method": "quicksort","Sort Space Used": 2869,"Sort Space Type": "Memory"},{"Worker Number": 3,"Sort Method": "quicksort","Sort Space Used": 2544,"Sort Space Type": "Memory"}],"Plans": [{"Node Type": "Hash Join","Parent Relationship": "Outer","Parallel Aware": true,"Async Capable": false,"Join Type": "Inner","Startup Cost": 6688.29,"Total Cost": 22234.79,"Plan Rows": 15410,"Plan Width": 40,"Actual Startup Time": 30.730,"Actual Total Time": 81.585,"Actual Rows": 23890,"Actual Loops": 5,"Inner Unique": true,"Hash Cond": "(partsupp.ps_partkey = part.p_partkey)","Workers": [],"Plans": [{"Node Type": "Index Only Scan","Parent Relationship": "Outer","Parallel Aware": true,"Async Capable": false,"Scan Direction": "Forward","Index Name": "partsupp_pkey","Relation Name": "partsupp","Alias": "partsupp","Startup Cost": 347.43,"Total Cost": 15631.43,"Plan Rows": 100000,"Plan Width": 8,"Actual Startup Time": 7.908,"Actual Total Time": 32.863,"Actual Rows": 159936,"Actual Loops": 5,"Filter": "(NOT (hashed SubPlan 1))","Rows Removed by Filter": 64,"Heap Fetches": 0,"Workers": [],"Plans": [{"Node Type": "Seq Scan","Parent Relationship": "SubPlan","Subplan Name": "SubPlan 1","Parallel Aware": false,"Async Capable": false,"Relation Name": "supplier","Alias": "supplier","Startup Cost": 0.00,"Total Cost": 347.00,"Plan Rows": 1,"Plan Width": 4,"Actual Startup Time": 0.205,"Actual Total Time": 7.793,"Actual Rows": 4,"Actual Loops": 5,"Filter": "((s_comment)::text ~~ '%Customer%Complaints%'::text)","Rows Removed by Filter": 9996,"Workers": []}]},{"Node Type": "Hash","Parent Relationship": "Inner","Parallel Aware": true,"Async Capable": false,"Startup Cost": 6180.33,"Total Cost": 6180.33,"Plan Rows": 12842,"Plan Width": 40,"Actual Startup Time": 22.484,"Actual Total Time": 22.489,"Actual Rows": 5975,"Actual Loops": 5,"Hash Buckets": 32768,"Original Hash Buckets": 32768,"Hash Batches": 1,"Original Hash Batches": 1,"Peak Memory Usage": 2560,"Workers": [],"Plans": [{"Node Type": "Seq Scan","Parent Relationship": "Outer","Parallel Aware": true,"Async Capable": false,"Relation Name": "part","Alias": "part","Startup Cost": 0.00,"Total Cost": 6180.33,"Plan Rows": 12842,"Plan Width": 40,"Actual Startup Time": 0.048,"Actual Total Time": 18.675,"Actual Rows": 5975,"Actual Loops": 5,"Filter": "((p_brand <> 'Brand#14'::bpchar) AND ((p_type)::text !~~ 'PROMO ANODIZED%'::text) AND (p_size = ANY ('{42,20,34,41,23,14,47,1}'::integer[])))","Rows Removed by Filter": 34025,"Workers": []}]}]}]}]}]}]},"Planning Time": 4.709,"Triggers": [],"Execution Time": 240.940}]
[{"Plan": {"Node Type": "Sort","Parallel Aware": false,"Async Capable": false,"Startup Cost": 33131.56,"Total Cost": 33171.34,"Plan Rows": 15912,"Plan Width": 44,"Actual Startup Time": 239.395,"Actual Total Time": 241.485,"Actual Rows": 18270,"Actual Loops": 1,"Sort Key": ["(count(DISTINCT partsupp.ps_suppkey)) DESC", "part.p_brand", "part.p_type", "part.p_size"],"Sort Method": "quicksort","Sort Space Used": 2338,"Sort Space Type": "Memory","Plans": [{"Node Type": "Aggregate","Strategy": "Sorted","Partial Mode": "Simple","Parent Relationship": "Outer","Parallel Aware": false,"Async Capable": false,"Startup Cost": 24243.29,"Total Cost": 32021.08,"Plan Rows": 15912,"Plan Width": 44,"Actual Startup Time": 134.256,"Actual Total Time": 200.174,"Actual Rows": 18270,"Actual Loops": 1,"Group Key": ["part.p_brand", "part.p_type", "part.p_size"],"Plans": [{"Node Type": "Gather Merge","Parent Relationship": "Outer","Parallel Aware": false,"Async Capable": false,"Startup Cost": 24243.29,"Total Cost": 31274.71,"Plan Rows": 58725,"Plan Width": 40,"Actual Startup Time": 134.172,"Actual Total Time": 172.539,"Actual Rows": 118976,"Actual Loops": 1,"Workers Planned": 4,"Workers Launched": 4,"Plans": [{"Node Type": "Sort","Parent Relationship": "Outer","Parallel Aware": false,"Async Capable": false,"Startup Cost": 23243.23,"Total Cost": 23279.94,"Plan Rows": 14681,"Plan Width": 40,"Actual Startup Time": 123.996,"Actual Total Time": 126.363,"Actual Rows": 23795,"Actual Loops": 5,"Sort Key": ["part.p_brand", "part.p_type", "part.p_size"],"Sort Method": "quicksort","Sort Space Used": 2843,"Sort Space Type": "Memory","Workers": [{"Worker Number": 0,"Sort Method": "quicksort","Sort Space Used": 2837,"Sort Space Type": "Memory"},{"Worker Number": 1,"Sort Method": "quicksort","Sort Space Used": 2535,"Sort Space Type": "Memory"},{"Worker Number": 2,"Sort Method": "quicksort","Sort Space Used": 2889,"Sort Space Type": "Memory"},{"Worker Number": 3,"Sort Method": "quicksort","Sort Space Used": 2535,"Sort Space Type": "Memory"}],"Plans": [{"Node Type": "Hash Join","Parent Relationship": "Outer","Parallel Aware": true,"Async Capable": false,"Join Type": "Inner","Startup Cost": 6680.69,"Total Cost": 22227.19,"Plan Rows": 14681,"Plan Width": 40,"Actual Startup Time": 31.925,"Actual Total Time": 81.930,"Actual Rows": 23795,"Actual Loops": 5,"Inner Unique": true,"Hash Cond": "(partsupp.ps_partkey = part.p_partkey)","Workers": [],"Plans": [{"Node Type": "Index Only Scan","Parent Relationship": "Outer","Parallel Aware": true,"Async Capable": false,"Scan Direction": "Forward","Index Name": "partsupp_pkey","Relation Name": "partsupp","Alias": "partsupp","Startup Cost": 347.43,"Total Cost": 15631.43,"Plan Rows": 100000,"Plan Width": 8,"Actual Startup Time": 7.940,"Actual Total Time": 32.428,"Actual Rows": 159936,"Actual Loops": 5,"Filter": "(NOT (hashed SubPlan 1))","Rows Removed by Filter": 64,"Heap Fetches": 0,"Workers": [],"Plans": [{"Node Type": "Seq Scan","Parent Relationship": "SubPlan","Subplan Name": "SubPlan 1","Parallel Aware": false,"Async Capable": false,"Relation Name": "supplier","Alias": "supplier","Startup Cost": 0.00,"Total Cost": 347.00,"Plan Rows": 1,"Plan Width": 4,"Actual Startup Time": 0.150,"Actual Total Time": 7.780,"Actual Rows": 4,"Actual Loops": 5,"Filter": "((s_comment)::text ~~ '%Customer%Complaints%'::text)","Rows Removed by Filter": 9996,"Workers": []}]},{"Node Type": "Hash","Parent Relationship": "Inner","Parallel Aware": true,"Async Capable": false,"Startup Cost": 6180.33,"Total Cost": 6180.33,"Plan Rows": 12234,"Plan Width": 40,"Actual Startup Time": 23.721,"Actual Total Time": 23.726,"Actual Rows": 5952,"Actual Loops": 5,"Hash Buckets": 32768,"Original Hash Buckets": 32768,"Hash Batches": 1,"Original Hash Batches": 1,"Peak Memory Usage": 2560,"Workers": [],"Plans": [{"Node Type": "Seq Scan","Parent Relationship": "Outer","Parallel Aware": true,"Async Capable": false,"Relation Name": "part","Alias": "part","Startup Cost": 0.00,"Total Cost": 6180.33,"Plan Rows": 12234,"Plan Width": 40,"Actual Startup Time": 0.058,"Actual Total Time": 19.754,"Actual Rows": 5952,"Actual Loops": 5,"Filter": "((p_brand <> 'Brand#43'::bpchar) AND ((p_type)::text !~~ 'LARGE ANODIZED%'::text) AND (p_size = ANY ('{41,11,5,12,30,26,23,36}'::integer[])))","Rows Removed by Filter": 34048,"Workers": []}]}]}]}]}]}]},"Planning Time": 3.750,"Triggers": [],"Execution Time": 242.413}]
[{"Plan": {"Node Type": "Sort","Parallel Aware": false,"Async Capable": false,"Startup Cost": 33054.52,"Total Cost": 33094.16,"Plan Rows": 15855,"Plan Width": 44,"Actual Startup Time": 236.420,"Actual Total Time": 238.254,"Actual Rows": 18337,"Actual Loops": 1,"Sort Key": ["(count(DISTINCT partsupp.ps_suppkey)) DESC", "part.p_brand", "part.p_type", "part.p_size"],"Sort Method": "quicksort","Sort Space Used": 2344,"Sort Space Type": "Memory","Plans": [{"Node Type": "Aggregate","Strategy": "Sorted","Partial Mode": "Simple","Parent Relationship": "Outer","Parallel Aware": false,"Async Capable": false,"Startup Cost": 24232.96,"Total Cost": 31948.43,"Plan Rows": 15855,"Plan Width": 44,"Actual Startup Time": 131.663,"Actual Total Time": 197.721,"Actual Rows": 18337,"Actual Loops": 1,"Group Key": ["part.p_brand", "part.p_type", "part.p_size"],"Plans": [{"Node Type": "Gather Merge","Parent Relationship": "Outer","Parallel Aware": false,"Async Capable": false,"Startup Cost": 24232.96,"Total Cost": 31207.39,"Plan Rows": 58249,"Plan Width": 40,"Actual Startup Time": 131.608,"Actual Total Time": 170.228,"Actual Rows": 119035,"Actual Loops": 1,"Workers Planned": 4,"Workers Launched": 4,"Plans": [{"Node Type": "Sort","Parent Relationship": "Outer","Parallel Aware": false,"Async Capable": false,"Startup Cost": 23232.90,"Total Cost": 23269.31,"Plan Rows": 14562,"Plan Width": 40,"Actual Startup Time": 123.680,"Actual Total Time": 126.120,"Actual Rows": 23807,"Actual Loops": 5,"Sort Key": ["part.p_brand", "part.p_type", "part.p_size"],"Sort Method": "quicksort","Sort Space Used": 2721,"Sort Space Type": "Memory","Workers": [{"Worker Number": 0,"Sort Method": "quicksort","Sort Space Used": 2712,"Sort Space Type": "Memory"},{"Worker Number": 1,"Sort Method": "quicksort","Sort Space Used": 2751,"Sort Space Type": "Memory"},{"Worker Number": 2,"Sort Method": "quicksort","Sort Space Used": 2719,"Sort Space Type": "Memory"},{"Worker Number": 3,"Sort Method": "quicksort","Sort Space Used": 2740,"Sort Space Type": "Memory"}],"Plans": [{"Node Type": "Hash Join","Parent Relationship": "Outer","Parallel Aware": true,"Async Capable": false,"Join Type": "Inner","Startup Cost": 6679.45,"Total Cost": 22225.95,"Plan Rows": 14562,"Plan Width": 40,"Actual Startup Time": 31.293,"Actual Total Time": 81.792,"Actual Rows": 23807,"Actual Loops": 5,"Inner Unique": true,"Hash Cond": "(partsupp.ps_partkey = part.p_partkey)","Workers": [],"Plans": [{"Node Type": "Index Only Scan","Parent Relationship": "Outer","Parallel Aware": true,"Async Capable": false,"Scan Direction": "Forward","Index Name": "partsupp_pkey","Relation Name": "partsupp","Alias": "partsupp","Startup Cost": 347.43,"Total Cost": 15631.43,"Plan Rows": 100000,"Plan Width": 8,"Actual Startup Time": 6.819,"Actual Total Time": 31.959,"Actual Rows": 159936,"Actual Loops": 5,"Filter": "(NOT (hashed SubPlan 1))","Rows Removed by Filter": 64,"Heap Fetches": 0,"Workers": [],"Plans": [{"Node Type": "Seq Scan","Parent Relationship": "SubPlan","Subplan Name": "SubPlan 1","Parallel Aware": false,"Async Capable": false,"Relation Name": "supplier","Alias": "supplier","Startup Cost": 0.00,"Total Cost": 347.00,"Plan Rows": 1,"Plan Width": 4,"Actual Startup Time": 0.193,"Actual Total Time": 6.722,"Actual Rows": 4,"Actual Loops": 5,"Filter": "((s_comment)::text ~~ '%Customer%Complaints%'::text)","Rows Removed by Filter": 9996,"Workers": []}]},{"Node Type": "Hash","Parent Relationship": "Inner","Parallel Aware": true,"Async Capable": false,"Startup Cost": 6180.33,"Total Cost": 6180.33,"Plan Rows": 12135,"Plan Width": 40,"Actual Startup Time": 24.197,"Actual Total Time": 24.201,"Actual Rows": 5954,"Actual Loops": 5,"Hash Buckets": 32768,"Original Hash Buckets": 32768,"Hash Batches": 1,"Original Hash Batches": 1,"Peak Memory Usage": 2592,"Workers": [],"Plans": [{"Node Type": "Seq Scan","Parent Relationship": "Outer","Parallel Aware": true,"Async Capable": false,"Relation Name": "part","Alias": "part","Startup Cost": 0.00,"Total Cost": 6180.33,"Plan Rows": 12135,"Plan Width": 40,"Actual Startup Time": 0.064,"Actual Total Time": 20.100,"Actual Rows": 5954,"Actual Loops": 5,"Filter": "((p_brand <> 'Brand#55'::bpchar) AND ((p_type)::text !~~ 'SMALL ANODIZED%'::text) AND (p_size = ANY ('{33,41,5,8,44,32,12,16}'::integer[])))","Rows Removed by Filter": 34046,"Workers": []}]}]}]}]}]}]},"Planning Time": 3.949,"Triggers": [],"Execution Time": 239.168}]
[{"Plan": {"Node Type": "Sort","Parallel Aware": false,"Async Capable": false,"Startup Cost": 33127.97,"Total Cost": 33167.75,"Plan Rows": 15910,"Plan Width": 44,"Actual Startup Time": 236.089,"Actual Total Time": 237.732,"Actual Rows": 18243,"Actual Loops": 1,"Sort Key": ["(count(DISTINCT partsupp.ps_suppkey)) DESC", "part.p_brand", "part.p_type", "part.p_size"],"Sort Method": "quicksort","Sort Space Used": 2336,"Sort Space Type": "Memory","Plans": [{"Node Type": "Aggregate","Strategy": "Sorted","Partial Mode": "Simple","Parent Relationship": "Outer","Parallel Aware": false,"Async Capable": false,"Startup Cost": 24242.86,"Total Cost": 32017.64,"Plan Rows": 15910,"Plan Width": 44,"Actual Startup Time": 132.597,"Actual Total Time": 198.053,"Actual Rows": 18243,"Actual Loops": 1,"Group Key": ["part.p_brand", "part.p_type", "part.p_size"],"Plans": [{"Node Type": "Gather Merge","Parent Relationship": "Outer","Parallel Aware": false,"Async Capable": false,"Startup Cost": 24242.86,"Total Cost": 31271.52,"Plan Rows": 58702,"Plan Width": 40,"Actual Startup Time": 132.547,"Actual Total Time": 170.713,"Actual Rows": 117936,"Actual Loops": 1,"Workers Planned": 4,"Workers Launched": 4,"Plans": [{"Node Type": "Sort","Parent Relationship": "Outer","Parallel Aware": false,"Async Capable": false,"Startup Cost": 23242.80,"Total Cost": 23279.49,"Plan Rows": 14676,"Plan Width": 40,"Actual Startup Time": 121.862,"Actual Total Time": 124.457,"Actual Rows": 23587,"Actual Loops": 5,"Sort Key": ["part.p_brand", "part.p_type", "part.p_size"],"Sort Method": "quicksort","Sort Space Used": 2427,"Sort Space Type": "Memory","Workers": [{"Worker Number": 0,"Sort Method": "quicksort","Sort Space Used": 2882,"Sort Space Type": "Memory"},{"Worker Number": 1,"Sort Method": "quicksort","Sort Space Used": 2884,"Sort Space Type": "Memory"},{"Worker Number": 2,"Sort Method": "quicksort","Sort Space Used": 2475,"Sort Space Type": "Memory"},{"Worker Number": 3,"Sort Method": "quicksort","Sort Space Used": 2898,"Sort Space Type": "Memory"}],"Plans": [{"Node Type": "Hash Join","Parent Relationship": "Outer","Parallel Aware": true,"Async Capable": false,"Join Type": "Inner","Startup Cost": 6680.64,"Total Cost": 22227.14,"Plan Rows": 14676,"Plan Width": 40,"Actual Startup Time": 31.199,"Actual Total Time": 80.392,"Actual Rows": 23587,"Actual Loops": 5,"Inner Unique": true,"Hash Cond": "(partsupp.ps_partkey = part.p_partkey)","Workers": [],"Plans": [{"Node Type": "Index Only Scan","Parent Relationship": "Outer","Parallel Aware": true,"Async Capable": false,"Scan Direction": "Forward","Index Name": "partsupp_pkey","Relation Name": "partsupp","Alias": "partsupp","Startup Cost": 347.43,"Total Cost": 15631.43,"Plan Rows": 100000,"Plan Width": 8,"Actual Startup Time": 7.901,"Actual Total Time": 32.922,"Actual Rows": 159936,"Actual Loops": 5,"Filter": "(NOT (hashed SubPlan 1))","Rows Removed by Filter": 64,"Heap Fetches": 0,"Workers": [],"Plans": [{"Node Type": "Seq Scan","Parent Relationship": "SubPlan","Subplan Name": "SubPlan 1","Parallel Aware": false,"Async Capable": false,"Relation Name": "supplier","Alias": "supplier","Startup Cost": 0.00,"Total Cost": 347.00,"Plan Rows": 1,"Plan Width": 4,"Actual Startup Time": 0.172,"Actual Total Time": 7.749,"Actual Rows": 4,"Actual Loops": 5,"Filter": "((s_comment)::text ~~ '%Customer%Complaints%'::text)","Rows Removed by Filter": 9996,"Workers": []}]},{"Node Type": "Hash","Parent Relationship": "Inner","Parallel Aware": true,"Async Capable": false,"Startup Cost": 6180.33,"Total Cost": 6180.33,"Plan Rows": 12230,"Plan Width": 40,"Actual Startup Time": 23.064,"Actual Total Time": 23.067,"Actual Rows": 5899,"Actual Loops": 5,"Hash Buckets": 32768,"Original Hash Buckets": 32768,"Hash Batches": 1,"Original Hash Batches": 1,"Peak Memory Usage": 2592,"Workers": [],"Plans": [{"Node Type": "Seq Scan","Parent Relationship": "Outer","Parallel Aware": true,"Async Capable": false,"Relation Name": "part","Alias": "part","Startup Cost": 0.00,"Total Cost": 6180.33,"Plan Rows": 12230,"Plan Width": 40,"Actual Startup Time": 0.050,"Actual Total Time": 19.167,"Actual Rows": 5899,"Actual Loops": 5,"Filter": "((p_brand <> 'Brand#34'::bpchar) AND ((p_type)::text !~~ 'SMALL PLATED%'::text) AND (p_size = ANY ('{4,49,32,39,11,31,9,15}'::integer[])))","Rows Removed by Filter": 34101,"Workers": []}]}]}]}]}]}]},"Planning Time": 3.896,"Triggers": [],"Execution Time": 238.559}]
[{"Plan": {"Node Type": "Sort","Parallel Aware": false,"Async Capable": false,"Startup Cost": 33471.46,"Total Cost": 33511.86,"Plan Rows": 16157,"Plan Width": 44,"Actual Startup Time": 249.493,"Actual Total Time": 251.318,"Actual Rows": 18374,"Actual Loops": 1,"Sort Key": ["(count(DISTINCT partsupp.ps_suppkey)) DESC", "part.p_brand", "part.p_type", "part.p_size"],"Sort Method": "quicksort","Sort Space Used": 2346,"Sort Space Type": "Memory","Plans": [{"Node Type": "Aggregate","Strategy": "Sorted","Partial Mode": "Simple","Parent Relationship": "Outer","Parallel Aware": false,"Async Capable": false,"Startup Cost": 24289.03,"Total Cost": 32342.10,"Plan Rows": 16157,"Plan Width": 44,"Actual Startup Time": 134.987,"Actual Total Time": 210.785,"Actual Rows": 18374,"Actual Loops": 1,"Group Key": ["part.p_brand", "part.p_type", "part.p_size"],"Plans": [{"Node Type": "Gather Merge","Parent Relationship": "Outer","Parallel Aware": false,"Async Capable": false,"Startup Cost": 24289.03,"Total Cost": 31572.25,"Plan Rows": 60828,"Plan Width": 40,"Actual Startup Time": 134.921,"Actual Total Time": 179.285,"Actual Rows": 119858,"Actual Loops": 1,"Workers Planned": 4,"Workers Launched": 4,"Plans": [{"Node Type": "Sort","Parent Relationship": "Outer","Parallel Aware": false,"Async Capable": false,"Startup Cost": 23288.97,"Total Cost": 23326.99,"Plan Rows": 15207,"Plan Width": 40,"Actual Startup Time": 123.417,"Actual Total Time": 126.693,"Actual Rows": 23972,"Actual Loops": 5,"Sort Key": ["part.p_brand", "part.p_type", "part.p_size"],"Sort Method": "quicksort","Sort Space Used": 2419,"Sort Space Type": "Memory","Workers": [{"Worker Number": 0,"Sort Method": "quicksort","Sort Space Used": 2834,"Sort Space Type": "Memory"},{"Worker Number": 1,"Sort Method": "quicksort","Sort Space Used": 2801,"Sort Space Type": "Memory"},{"Worker Number": 2,"Sort Method": "quicksort","Sort Space Used": 2818,"Sort Space Type": "Memory"},{"Worker Number": 3,"Sort Method": "quicksort","Sort Space Used": 2849,"Sort Space Type": "Memory"}],"Plans": [{"Node Type": "Hash Join","Parent Relationship": "Outer","Parallel Aware": true,"Async Capable": false,"Join Type": "Inner","Startup Cost": 6686.16,"Total Cost": 22232.66,"Plan Rows": 15207,"Plan Width": 40,"Actual Startup Time": 30.681,"Actual Total Time": 80.511,"Actual Rows": 23972,"Actual Loops": 5,"Inner Unique": true,"Hash Cond": "(partsupp.ps_partkey = part.p_partkey)","Workers": [],"Plans": [{"Node Type": "Index Only Scan","Parent Relationship": "Outer","Parallel Aware": true,"Async Capable": false,"Scan Direction": "Forward","Index Name": "partsupp_pkey","Relation Name": "partsupp","Alias": "partsupp","Startup Cost": 347.43,"Total Cost": 15631.43,"Plan Rows": 100000,"Plan Width": 8,"Actual Startup Time": 7.544,"Actual Total Time": 33.391,"Actual Rows": 159936,"Actual Loops": 5,"Filter": "(NOT (hashed SubPlan 1))","Rows Removed by Filter": 64,"Heap Fetches": 0,"Workers": [],"Plans": [{"Node Type": "Seq Scan","Parent Relationship": "SubPlan","Subplan Name": "SubPlan 1","Parallel Aware": false,"Async Capable": false,"Relation Name": "supplier","Alias": "supplier","Startup Cost": 0.00,"Total Cost": 347.00,"Plan Rows": 1,"Plan Width": 4,"Actual Startup Time": 0.364,"Actual Total Time": 7.308,"Actual Rows": 4,"Actual Loops": 5,"Filter": "((s_comment)::text ~~ '%Customer%Complaints%'::text)","Rows Removed by Filter": 9996,"Workers": []}]},{"Node Type": "Hash","Parent Relationship": "Inner","Parallel Aware": true,"Async Capable": false,"Startup Cost": 6180.33,"Total Cost": 6180.33,"Plan Rows": 12672,"Plan Width": 40,"Actual Startup Time": 22.857,"Actual Total Time": 22.863,"Actual Rows": 5995,"Actual Loops": 5,"Hash Buckets": 32768,"Original Hash Buckets": 32768,"Hash Batches": 1,"Original Hash Batches": 1,"Peak Memory Usage": 2592,"Workers": [],"Plans": [{"Node Type": "Seq Scan","Parent Relationship": "Outer","Parallel Aware": true,"Async Capable": false,"Relation Name": "part","Alias": "part","Startup Cost": 0.00,"Total Cost": 6180.33,"Plan Rows": 12672,"Plan Width": 40,"Actual Startup Time": 0.068,"Actual Total Time": 18.920,"Actual Rows": 5995,"Actual Loops": 5,"Filter": "((p_brand <> 'Brand#11'::bpchar) AND ((p_type)::text !~~ 'MEDIUM PLATED%'::text) AND (p_size = ANY ('{49,50,35,2,38,7,10,40}'::integer[])))","Rows Removed by Filter": 34005,"Workers": []}]}]}]}]}]}]},"Planning Time": 4.511,"Triggers": [],"Execution Time": 252.243}]
[{"Plan": {"Node Type": "Sort","Parallel Aware": false,"Async Capable": false,"Startup Cost": 33000.21,"Total Cost": 33039.74,"Plan Rows": 15814,"Plan Width": 44,"Actual Startup Time": 255.666,"Actual Total Time": 257.341,"Actual Rows": 18152,"Actual Loops": 1,"Sort Key": ["(count(DISTINCT partsupp.ps_suppkey)) DESC", "part.p_brand", "part.p_type", "part.p_size"],"Sort Method": "quicksort","Sort Space Used": 2327,"Sort Space Type": "Memory","Plans": [{"Node Type": "Aggregate","Strategy": "Sorted","Partial Mode": "Simple","Parent Relationship": "Outer","Parallel Aware": false,"Async Capable": false,"Startup Cost": 24225.68,"Total Cost": 31897.27,"Plan Rows": 15814,"Plan Width": 44,"Actual Startup Time": 149.053,"Actual Total Time": 216.909,"Actual Rows": 18152,"Actual Loops": 1,"Group Key": ["part.p_brand", "part.p_type", "part.p_size"],"Plans": [{"Node Type": "Gather Merge","Parent Relationship": "Outer","Parallel Aware": false,"Async Capable": false,"Startup Cost": 24225.68,"Total Cost": 31159.99,"Plan Rows": 57914,"Plan Width": 40,"Actual Startup Time": 148.989,"Actual Total Time": 188.339,"Actual Rows": 116687,"Actual Loops": 1,"Workers Planned": 4,"Workers Launched": 4,"Plans": [{"Node Type": "Sort","Parent Relationship": "Outer","Parallel Aware": false,"Async Capable": false,"Startup Cost": 23225.62,"Total Cost": 23261.81,"Plan Rows": 14478,"Plan Width": 40,"Actual Startup Time": 129.018,"Actual Total Time": 131.793,"Actual Rows": 23337,"Actual Loops": 5,"Sort Key": ["part.p_brand", "part.p_type", "part.p_size"],"Sort Method": "quicksort","Sort Space Used": 2292,"Sort Space Type": "Memory","Workers": [{"Worker Number": 0,"Sort Method": "quicksort","Sort Space Used": 2861,"Sort Space Type": "Memory"},{"Worker Number": 1,"Sort Method": "quicksort","Sort Space Used": 2635,"Sort Space Type": "Memory"},{"Worker Number": 2,"Sort Method": "quicksort","Sort Space Used": 2853,"Sort Space Type": "Memory"},{"Worker Number": 3,"Sort Method": "quicksort","Sort Space Used": 2821,"Sort Space Type": "Memory"}],"Plans": [{"Node Type": "Hash Join","Parent Relationship": "Outer","Parallel Aware": true,"Async Capable": false,"Join Type": "Inner","Startup Cost": 6678.57,"Total Cost": 22225.07,"Plan Rows": 14478,"Plan Width": 40,"Actual Startup Time": 30.916,"Actual Total Time": 81.762,"Actual Rows": 23337,"Actual Loops": 5,"Inner Unique": true,"Hash Cond": "(partsupp.ps_partkey = part.p_partkey)","Workers": [],"Plans": [{"Node Type": "Index Only Scan","Parent Relationship": "Outer","Parallel Aware": true,"Async Capable": false,"Scan Direction": "Forward","Index Name": "partsupp_pkey","Relation Name": "partsupp","Alias": "partsupp","Startup Cost": 347.43,"Total Cost": 15631.43,"Plan Rows": 100000,"Plan Width": 8,"Actual Startup Time": 7.506,"Actual Total Time": 34.066,"Actual Rows": 159936,"Actual Loops": 5,"Filter": "(NOT (hashed SubPlan 1))","Rows Removed by Filter": 64,"Heap Fetches": 0,"Workers": [],"Plans": [{"Node Type": "Seq Scan","Parent Relationship": "SubPlan","Subplan Name": "SubPlan 1","Parallel Aware": false,"Async Capable": false,"Relation Name": "supplier","Alias": "supplier","Startup Cost": 0.00,"Total Cost": 347.00,"Plan Rows": 1,"Plan Width": 4,"Actual Startup Time": 0.190,"Actual Total Time": 7.357,"Actual Rows": 4,"Actual Loops": 5,"Filter": "((s_comment)::text ~~ '%Customer%Complaints%'::text)","Rows Removed by Filter": 9996,"Workers": []}]},{"Node Type": "Hash","Parent Relationship": "Inner","Parallel Aware": true,"Async Capable": false,"Startup Cost": 6180.33,"Total Cost": 6180.33,"Plan Rows": 12065,"Plan Width": 40,"Actual Startup Time": 23.130,"Actual Total Time": 23.133,"Actual Rows": 5837,"Actual Loops": 5,"Hash Buckets": 32768,"Original Hash Buckets": 32768,"Hash Batches": 1,"Original Hash Batches": 1,"Peak Memory Usage": 2528,"Workers": [],"Plans": [{"Node Type": "Seq Scan","Parent Relationship": "Outer","Parallel Aware": true,"Async Capable": false,"Relation Name": "part","Alias": "part","Startup Cost": 0.00,"Total Cost": 6180.33,"Plan Rows": 12065,"Plan Width": 40,"Actual Startup Time": 0.050,"Actual Total Time": 19.441,"Actual Rows": 5837,"Actual Loops": 5,"Filter": "((p_brand <> 'Brand#25'::bpchar) AND ((p_type)::text !~~ 'MEDIUM PLATED%'::text) AND (p_size = ANY ('{31,25,36,5,19,21,6,43}'::integer[])))","Rows Removed by Filter": 34163,"Workers": []}]}]}]}]}]}]},"Planning Time": 4.177,"Triggers": [],"Execution Time": 258.193}]
[{"Plan": {"Node Type": "Sort","Parallel Aware": false,"Async Capable": false,"Startup Cost": 33143.73,"Total Cost": 33183.53,"Plan Rows": 15921,"Plan Width": 44,"Actual Startup Time": 242.364,"Actual Total Time": 244.163,"Actual Rows": 18310,"Actual Loops": 1,"Sort Key": ["(count(DISTINCT partsupp.ps_suppkey)) DESC", "part.p_brand", "part.p_type", "part.p_size"],"Sort Method": "quicksort","Sort Space Used": 2341,"Sort Space Type": "Memory","Plans": [{"Node Type": "Aggregate","Strategy": "Sorted","Partial Mode": "Simple","Parent Relationship": "Outer","Parallel Aware": false,"Async Capable": false,"Startup Cost": 24244.94,"Total Cost": 32032.55,"Plan Rows": 15921,"Plan Width": 44,"Actual Startup Time": 135.401,"Actual Total Time": 204.115,"Actual Rows": 18310,"Actual Loops": 1,"Group Key": ["part.p_brand", "part.p_type", "part.p_size"],"Plans": [{"Node Type": "Gather Merge","Parent Relationship": "Outer","Parallel Aware": false,"Async Capable": false,"Startup Cost": 24244.94,"Total Cost": 31285.34,"Plan Rows": 58800,"Plan Width": 40,"Actual Startup Time": 135.344,"Actual Total Time": 175.575,"Actual Rows": 118512,"Actual Loops": 1,"Workers Planned": 4,"Workers Launched": 4,"Plans": [{"Node Type": "Sort","Parent Relationship": "Outer","Parallel Aware": false,"Async Capable": false,"Startup Cost": 23244.89,"Total Cost": 23281.64,"Plan Rows": 14700,"Plan Width": 40,"Actual Startup Time": 122.922,"Actual Total Time": 125.579,"Actual Rows": 23702,"Actual Loops": 5,"Sort Key": ["part.p_brand", "part.p_type", "part.p_size"],"Sort Method": "quicksort","Sort Space Used": 2405,"Sort Space Type": "Memory","Workers": [{"Worker Number": 0,"Sort Method": "quicksort","Sort Space Used": 2935,"Sort Space Type": "Memory"},{"Worker Number": 1,"Sort Method": "quicksort","Sort Space Used": 2954,"Sort Space Type": "Memory"},{"Worker Number": 2,"Sort Method": "quicksort","Sort Space Used": 2411,"Sort Space Type": "Memory"},{"Worker Number": 3,"Sort Method": "quicksort","Sort Space Used": 2883,"Sort Space Type": "Memory"}],"Plans": [{"Node Type": "Hash Join","Parent Relationship": "Outer","Parallel Aware": true,"Async Capable": false,"Join Type": "Inner","Startup Cost": 6680.89,"Total Cost": 22227.39,"Plan Rows": 14700,"Plan Width": 40,"Actual Startup Time": 30.689,"Actual Total Time": 80.849,"Actual Rows": 23702,"Actual Loops": 5,"Inner Unique": true,"Hash Cond": "(partsupp.ps_partkey = part.p_partkey)","Workers": [],"Plans": [{"Node Type": "Index Only Scan","Parent Relationship": "Outer","Parallel Aware": true,"Async Capable": false,"Scan Direction": "Forward","Index Name": "partsupp_pkey","Relation Name": "partsupp","Alias": "partsupp","Startup Cost": 347.43,"Total Cost": 15631.43,"Plan Rows": 100000,"Plan Width": 8,"Actual Startup Time": 7.594,"Actual Total Time": 32.654,"Actual Rows": 159936,"Actual Loops": 5,"Filter": "(NOT (hashed SubPlan 1))","Rows Removed by Filter": 64,"Heap Fetches": 0,"Workers": [],"Plans": [{"Node Type": "Seq Scan","Parent Relationship": "SubPlan","Subplan Name": "SubPlan 1","Parallel Aware": false,"Async Capable": false,"Relation Name": "supplier","Alias": "supplier","Startup Cost": 0.00,"Total Cost": 347.00,"Plan Rows": 1,"Plan Width": 4,"Actual Startup Time": 0.120,"Actual Total Time": 7.429,"Actual Rows": 4,"Actual Loops": 5,"Filter": "((s_comment)::text ~~ '%Customer%Complaints%'::text)","Rows Removed by Filter": 9996,"Workers": []}]},{"Node Type": "Hash","Parent Relationship": "Inner","Parallel Aware": true,"Async Capable": false,"Startup Cost": 6180.33,"Total Cost": 6180.33,"Plan Rows": 12250,"Plan Width": 40,"Actual Startup Time": 22.809,"Actual Total Time": 22.812,"Actual Rows": 5928,"Actual Loops": 5,"Hash Buckets": 32768,"Original Hash Buckets": 32768,"Hash Batches": 1,"Original Hash Batches": 1,"Peak Memory Usage": 2528,"Workers": [],"Plans": [{"Node Type": "Seq Scan","Parent Relationship": "Outer","Parallel Aware": true,"Async Capable": false,"Relation Name": "part","Alias": "part","Startup Cost": 0.00,"Total Cost": 6180.33,"Plan Rows": 12250,"Plan Width": 40,"Actual Startup Time": 0.052,"Actual Total Time": 19.299,"Actual Rows": 5928,"Actual Loops": 5,"Filter": "((p_brand <> 'Brand#42'::bpchar) AND ((p_type)::text !~~ 'PROMO BURNISHED%'::text) AND (p_size = ANY ('{17,43,44,22,25,9,37,33}'::integer[])))","Rows Removed by Filter": 34072,"Workers": []}]}]}]}]}]}]},"Planning Time": 3.801,"Triggers": [],"Execution Time": 245.365}]
[{"Plan": {"Node Type": "Sort","Parallel Aware": false,"Async Capable": false,"Startup Cost": 33036.22,"Total Cost": 33075.82,"Plan Rows": 15841,"Plan Width": 44,"Actual Startup Time": 250.059,"Actual Total Time": 251.867,"Actual Rows": 18249,"Actual Loops": 1,"Sort Key": ["(count(DISTINCT partsupp.ps_suppkey)) DESC", "part.p_brand", "part.p_type", "part.p_size"],"Sort Method": "quicksort","Sort Space Used": 2336,"Sort Space Type": "Memory","Plans": [{"Node Type": "Aggregate","Strategy": "Sorted","Partial Mode": "Simple","Parent Relationship": "Outer","Parallel Aware": false,"Async Capable": false,"Startup Cost": 24230.54,"Total Cost": 31931.20,"Plan Rows": 15841,"Plan Width": 44,"Actual Startup Time": 143.157,"Actual Total Time": 212.079,"Actual Rows": 18249,"Actual Loops": 1,"Group Key": ["part.p_brand", "part.p_type", "part.p_size"],"Plans": [{"Node Type": "Gather Merge","Parent Relationship": "Outer","Parallel Aware": false,"Async Capable": false,"Startup Cost": 24230.54,"Total Cost": 31191.43,"Plan Rows": 58136,"Plan Width": 40,"Actual Startup Time": 143.101,"Actual Total Time": 183.179,"Actual Rows": 118295,"Actual Loops": 1,"Workers Planned": 4,"Workers Launched": 4,"Plans": [{"Node Type": "Sort","Parent Relationship": "Outer","Parallel Aware": false,"Async Capable": false,"Startup Cost": 23230.48,"Total Cost": 23266.81,"Plan Rows": 14534,"Plan Width": 40,"Actual Startup Time": 124.099,"Actual Total Time": 126.707,"Actual Rows": 23659,"Actual Loops": 5,"Sort Key": ["part.p_brand", "part.p_type", "part.p_size"],"Sort Method": "quicksort","Sort Space Used": 2401,"Sort Space Type": "Memory","Workers": [{"Worker Number": 0,"Sort Method": "quicksort","Sort Space Used": 2797,"Sort Space Type": "Memory"},{"Worker Number": 1,"Sort Method": "quicksort","Sort Space Used": 2753,"Sort Space Type": "Memory"},{"Worker Number": 2,"Sort Method": "quicksort","Sort Space Used": 2804,"Sort Space Type": "Memory"},{"Worker Number": 3,"Sort Method": "quicksort","Sort Space Used": 2811,"Sort Space Type": "Memory"}],"Plans": [{"Node Type": "Hash Join","Parent Relationship": "Outer","Parallel Aware": true,"Async Capable": false,"Join Type": "Inner","Startup Cost": 6679.16,"Total Cost": 22225.66,"Plan Rows": 14534,"Plan Width": 40,"Actual Startup Time": 31.201,"Actual Total Time": 80.251,"Actual Rows": 23659,"Actual Loops": 5,"Inner Unique": true,"Hash Cond": "(partsupp.ps_partkey = part.p_partkey)","Workers": [],"Plans": [{"Node Type": "Index Only Scan","Parent Relationship": "Outer","Parallel Aware": true,"Async Capable": false,"Scan Direction": "Forward","Index Name": "partsupp_pkey","Relation Name": "partsupp","Alias": "partsupp","Startup Cost": 347.43,"Total Cost": 15631.43,"Plan Rows": 100000,"Plan Width": 8,"Actual Startup Time": 8.013,"Actual Total Time": 33.448,"Actual Rows": 159936,"Actual Loops": 5,"Filter": "(NOT (hashed SubPlan 1))","Rows Removed by Filter": 64,"Heap Fetches": 0,"Workers": [],"Plans": [{"Node Type": "Seq Scan","Parent Relationship": "SubPlan","Subplan Name": "SubPlan 1","Parallel Aware": false,"Async Capable": false,"Relation Name": "supplier","Alias": "supplier","Startup Cost": 0.00,"Total Cost": 347.00,"Plan Rows": 1,"Plan Width": 4,"Actual Startup Time": 0.139,"Actual Total Time": 7.870,"Actual Rows": 4,"Actual Loops": 5,"Filter": "((s_comment)::text ~~ '%Customer%Complaints%'::text)","Rows Removed by Filter": 9996,"Workers": []}]},{"Node Type": "Hash","Parent Relationship": "Inner","Parallel Aware": true,"Async Capable": false,"Startup Cost": 6180.33,"Total Cost": 6180.33,"Plan Rows": 12112,"Plan Width": 40,"Actual Startup Time": 22.931,"Actual Total Time": 22.935,"Actual Rows": 5918,"Actual Loops": 5,"Hash Buckets": 32768,"Original Hash Buckets": 32768,"Hash Batches": 1,"Original Hash Batches": 1,"Peak Memory Usage": 2560,"Workers": [],"Plans": [{"Node Type": "Seq Scan","Parent Relationship": "Outer","Parallel Aware": true,"Async Capable": false,"Relation Name": "part","Alias": "part","Startup Cost": 0.00,"Total Cost": 6180.33,"Plan Rows": 12112,"Plan Width": 40,"Actual Startup Time": 0.062,"Actual Total Time": 18.970,"Actual Rows": 5918,"Actual Loops": 5,"Filter": "((p_brand <> 'Brand#25'::bpchar) AND ((p_type)::text !~~ 'MEDIUM POLISHED%'::text) AND (p_size = ANY ('{43,27,23,5,2,42,24,25}'::integer[])))","Rows Removed by Filter": 34082,"Workers": []}]}]}]}]}]}]},"Planning Time": 4.077,"Triggers": [],"Execution Time": 252.762}]
[{"Plan": {"Node Type": "Sort","Parallel Aware": false,"Async Capable": false,"Startup Cost": 33304.51,"Total Cost": 33344.61,"Plan Rows": 16039,"Plan Width": 44,"Actual Startup Time": 234.940,"Actual Total Time": 236.965,"Actual Rows": 18307,"Actual Loops": 1,"Sort Key": ["(count(DISTINCT partsupp.ps_suppkey)) DESC", "part.p_brand", "part.p_type", "part.p_size"],"Sort Method": "quicksort","Sort Space Used": 2341,"Sort Space Type": "Memory","Plans": [{"Node Type": "Aggregate","Strategy": "Sorted","Partial Mode": "Simple","Parent Relationship": "Outer","Parallel Aware": false,"Async Capable": false,"Startup Cost": 24266.50,"Total Cost": 32184.24,"Plan Rows": 16039,"Plan Width": 44,"Actual Startup Time": 130.911,"Actual Total Time": 197.578,"Actual Rows": 18307,"Actual Loops": 1,"Group Key": ["part.p_brand", "part.p_type", "part.p_size"],"Plans": [{"Node Type": "Gather Merge","Parent Relationship": "Outer","Parallel Aware": false,"Async Capable": false,"Startup Cost": 24266.50,"Total Cost": 31425.91,"Plan Rows": 59794,"Plan Width": 40,"Actual Startup Time": 130.841,"Actual Total Time": 170.043,"Actual Rows": 119688,"Actual Loops": 1,"Workers Planned": 4,"Workers Launched": 4,"Plans": [{"Node Type": "Sort","Parent Relationship": "Outer","Parallel Aware": false,"Async Capable": false,"Startup Cost": 23266.44,"Total Cost": 23303.81,"Plan Rows": 14948,"Plan Width": 40,"Actual Startup Time": 122.346,"Actual Total Time": 124.907,"Actual Rows": 23938,"Actual Loops": 5,"Sort Key": ["part.p_brand", "part.p_type", "part.p_size"],"Sort Method": "quicksort","Sort Space Used": 2742,"Sort Space Type": "Memory","Workers": [{"Worker Number": 0,"Sort Method": "quicksort","Sort Space Used": 2726,"Sort Space Type": "Memory"},{"Worker Number": 1,"Sort Method": "quicksort","Sort Space Used": 2773,"Sort Space Type": "Memory"},{"Worker Number": 2,"Sort Method": "quicksort","Sort Space Used": 2734,"Sort Space Type": "Memory"},{"Worker Number": 3,"Sort Method": "quicksort","Sort Space Used": 2701,"Sort Space Type": "Memory"}],"Plans": [{"Node Type": "Hash Join","Parent Relationship": "Outer","Parallel Aware": true,"Async Capable": false,"Join Type": "Inner","Startup Cost": 6683.47,"Total Cost": 22229.97,"Plan Rows": 14948,"Plan Width": 40,"Actual Startup Time": 29.938,"Actual Total Time": 80.481,"Actual Rows": 23938,"Actual Loops": 5,"Inner Unique": true,"Hash Cond": "(partsupp.ps_partkey = part.p_partkey)","Workers": [],"Plans": [{"Node Type": "Index Only Scan","Parent Relationship": "Outer","Parallel Aware": true,"Async Capable": false,"Scan Direction": "Forward","Index Name": "partsupp_pkey","Relation Name": "partsupp","Alias": "partsupp","Startup Cost": 347.43,"Total Cost": 15631.43,"Plan Rows": 100000,"Plan Width": 8,"Actual Startup Time": 7.034,"Actual Total Time": 32.424,"Actual Rows": 159936,"Actual Loops": 5,"Filter": "(NOT (hashed SubPlan 1))","Rows Removed by Filter": 64,"Heap Fetches": 0,"Workers": [],"Plans": [{"Node Type": "Seq Scan","Parent Relationship": "SubPlan","Subplan Name": "SubPlan 1","Parallel Aware": false,"Async Capable": false,"Relation Name": "supplier","Alias": "supplier","Startup Cost": 0.00,"Total Cost": 347.00,"Plan Rows": 1,"Plan Width": 4,"Actual Startup Time": 0.144,"Actual Total Time": 6.884,"Actual Rows": 4,"Actual Loops": 5,"Filter": "((s_comment)::text ~~ '%Customer%Complaints%'::text)","Rows Removed by Filter": 9996,"Workers": []}]},{"Node Type": "Hash","Parent Relationship": "Inner","Parallel Aware": true,"Async Capable": false,"Startup Cost": 6180.33,"Total Cost": 6180.33,"Plan Rows": 12457,"Plan Width": 40,"Actual Startup Time": 22.620,"Actual Total Time": 22.625,"Actual Rows": 5987,"Actual Loops": 5,"Hash Buckets": 32768,"Original Hash Buckets": 32768,"Hash Batches": 1,"Original Hash Batches": 1,"Peak Memory Usage": 2592,"Workers": [],"Plans": [{"Node Type": "Seq Scan","Parent Relationship": "Outer","Parallel Aware": true,"Async Capable": false,"Relation Name": "part","Alias": "part","Startup Cost": 0.00,"Total Cost": 6180.33,"Plan Rows": 12457,"Plan Width": 40,"Actual Startup Time": 0.061,"Actual Total Time": 18.661,"Actual Rows": 5987,"Actual Loops": 5,"Filter": "((p_brand <> 'Brand#15'::bpchar) AND ((p_type)::text !~~ 'ECONOMY BURNISHED%'::text) AND (p_size = ANY ('{39,42,3,40,6,20,16,29}'::integer[])))","Rows Removed by Filter": 34013,"Workers": []}]}]}]}]}]}]},"Planning Time": 5.047,"Triggers": [],"Execution Time": 237.955}]
[{"Plan": {"Node Type": "Sort","Parallel Aware": false,"Async Capable": false,"Startup Cost": 33101.53,"Total Cost": 33141.25,"Plan Rows": 15890,"Plan Width": 44,"Actual Startup Time": 230.688,"Actual Total Time": 232.532,"Actual Rows": 18278,"Actual Loops": 1,"Sort Key": ["(count(DISTINCT partsupp.ps_suppkey)) DESC", "part.p_brand", "part.p_type", "part.p_size"],"Sort Method": "quicksort","Sort Space Used": 2338,"Sort Space Type": "Memory","Plans": [{"Node Type": "Aggregate","Strategy": "Sorted","Partial Mode": "Simple","Parent Relationship": "Outer","Parallel Aware": false,"Async Capable": false,"Startup Cost": 24239.30,"Total Cost": 31992.74,"Plan Rows": 15890,"Plan Width": 44,"Actual Startup Time": 128.299,"Actual Total Time": 193.900,"Actual Rows": 18278,"Actual Loops": 1,"Group Key": ["part.p_brand", "part.p_type", "part.p_size"],"Plans": [{"Node Type": "Gather Merge","Parent Relationship": "Outer","Parallel Aware": false,"Async Capable": false,"Startup Cost": 24239.30,"Total Cost": 31248.45,"Plan Rows": 58539,"Plan Width": 40,"Actual Startup Time": 128.219,"Actual Total Time": 166.480,"Actual Rows": 118417,"Actual Loops": 1,"Workers Planned": 4,"Workers Launched": 4,"Plans": [{"Node Type": "Sort","Parent Relationship": "Outer","Parallel Aware": false,"Async Capable": false,"Startup Cost": 23239.24,"Total Cost": 23275.83,"Plan Rows": 14635,"Plan Width": 40,"Actual Startup Time": 120.769,"Actual Total Time": 123.349,"Actual Rows": 23683,"Actual Loops": 5,"Sort Key": ["part.p_brand", "part.p_type", "part.p_size"],"Sort Method": "quicksort","Sort Space Used": 2692,"Sort Space Type": "Memory","Workers": [{"Worker Number": 0,"Sort Method": "quicksort","Sort Space Used": 2722,"Sort Space Type": "Memory"},{"Worker Number": 1,"Sort Method": "quicksort","Sort Space Used": 2725,"Sort Space Type": "Memory"},{"Worker Number": 2,"Sort Method": "quicksort","Sort Space Used": 2702,"Sort Space Type": "Memory"},{"Worker Number": 3,"Sort Method": "quicksort","Sort Space Used": 2737,"Sort Space Type": "Memory"}],"Plans": [{"Node Type": "Hash Join","Parent Relationship": "Outer","Parallel Aware": true,"Async Capable": false,"Join Type": "Inner","Startup Cost": 6680.21,"Total Cost": 22226.71,"Plan Rows": 14635,"Plan Width": 40,"Actual Startup Time": 29.001,"Actual Total Time": 79.342,"Actual Rows": 23683,"Actual Loops": 5,"Inner Unique": true,"Hash Cond": "(partsupp.ps_partkey = part.p_partkey)","Workers": [],"Plans": [{"Node Type": "Index Only Scan","Parent Relationship": "Outer","Parallel Aware": true,"Async Capable": false,"Scan Direction": "Forward","Index Name": "partsupp_pkey","Relation Name": "partsupp","Alias": "partsupp","Startup Cost": 347.43,"Total Cost": 15631.43,"Plan Rows": 100000,"Plan Width": 8,"Actual Startup Time": 6.282,"Actual Total Time": 31.206,"Actual Rows": 159936,"Actual Loops": 5,"Filter": "(NOT (hashed SubPlan 1))","Rows Removed by Filter": 64,"Heap Fetches": 0,"Workers": [],"Plans": [{"Node Type": "Seq Scan","Parent Relationship": "SubPlan","Subplan Name": "SubPlan 1","Parallel Aware": false,"Async Capable": false,"Relation Name": "supplier","Alias": "supplier","Startup Cost": 0.00,"Total Cost": 347.00,"Plan Rows": 1,"Plan Width": 4,"Actual Startup Time": 0.126,"Actual Total Time": 6.136,"Actual Rows": 4,"Actual Loops": 5,"Filter": "((s_comment)::text ~~ '%Customer%Complaints%'::text)","Rows Removed by Filter": 9996,"Workers": []}]},{"Node Type": "Hash","Parent Relationship": "Inner","Parallel Aware": true,"Async Capable": false,"Startup Cost": 6180.33,"Total Cost": 6180.33,"Plan Rows": 12196,"Plan Width": 40,"Actual Startup Time": 22.467,"Actual Total Time": 22.469,"Actual Rows": 5923,"Actual Loops": 5,"Hash Buckets": 32768,"Original Hash Buckets": 32768,"Hash Batches": 1,"Original Hash Batches": 1,"Peak Memory Usage": 2528,"Workers": [],"Plans": [{"Node Type": "Seq Scan","Parent Relationship": "Outer","Parallel Aware": true,"Async Capable": false,"Relation Name": "part","Alias": "part","Startup Cost": 0.00,"Total Cost": 6180.33,"Plan Rows": 12196,"Plan Width": 40,"Actual Startup Time": 0.044,"Actual Total Time": 18.619,"Actual Rows": 5923,"Actual Loops": 5,"Filter": "((p_brand <> 'Brand#54'::bpchar) AND ((p_type)::text !~~ 'SMALL BURNISHED%'::text) AND (p_size = ANY ('{33,36,15,48,10,32,9,19}'::integer[])))","Rows Removed by Filter": 34077,"Workers": []}]}]}]}]}]}]},"Planning Time": 4.211,"Triggers": [],"Execution Time": 233.369}]
[{"Plan": {"Node Type": "Sort","Parallel Aware": false,"Async Capable": false,"Startup Cost": 33045.78,"Total Cost": 33085.40,"Plan Rows": 15848,"Plan Width": 44,"Actual Startup Time": 251.721,"Actual Total Time": 253.485,"Actual Rows": 18156,"Actual Loops": 1,"Sort Key": ["(count(DISTINCT partsupp.ps_suppkey)) DESC", "part.p_brand", "part.p_type", "part.p_size"],"Sort Method": "quicksort","Sort Space Used": 2328,"Sort Space Type": "Memory","Plans": [{"Node Type": "Aggregate","Strategy": "Sorted","Partial Mode": "Simple","Parent Relationship": "Outer","Parallel Aware": false,"Async Capable": false,"Startup Cost": 24231.83,"Total Cost": 31940.22,"Plan Rows": 15848,"Plan Width": 44,"Actual Startup Time": 144.235,"Actual Total Time": 214.911,"Actual Rows": 18156,"Actual Loops": 1,"Group Key": ["part.p_brand", "part.p_type", "part.p_size"],"Plans": [{"Node Type": "Gather Merge","Parent Relationship": "Outer","Parallel Aware": false,"Async Capable": false,"Startup Cost": 24231.83,"Total Cost": 31199.79,"Plan Rows": 58195,"Plan Width": 40,"Actual Startup Time": 144.182,"Actual Total Time": 185.431,"Actual Rows": 118277,"Actual Loops": 1,"Workers Planned": 4,"Workers Launched": 4,"Plans": [{"Node Type": "Sort","Parent Relationship": "Outer","Parallel Aware": false,"Async Capable": false,"Startup Cost": 23231.77,"Total Cost": 23268.15,"Plan Rows": 14549,"Plan Width": 40,"Actual Startup Time": 123.588,"Actual Total Time": 126.308,"Actual Rows": 23655,"Actual Loops": 5,"Sort Key": ["part.p_brand", "part.p_type", "part.p_size"],"Sort Method": "quicksort","Sort Space Used": 2398,"Sort Space Type": "Memory","Workers": [{"Worker Number": 0,"Sort Method": "quicksort","Sort Space Used": 2793,"Sort Space Type": "Memory"},{"Worker Number": 1,"Sort Method": "quicksort","Sort Space Used": 2796,"Sort Space Type": "Memory"},{"Worker Number": 2,"Sort Method": "quicksort","Sort Space Used": 2804,"Sort Space Type": "Memory"},{"Worker Number": 3,"Sort Method": "quicksort","Sort Space Used": 2778,"Sort Space Type": "Memory"}],"Plans": [{"Node Type": "Hash Join","Parent Relationship": "Outer","Parallel Aware": true,"Async Capable": false,"Join Type": "Inner","Startup Cost": 6679.31,"Total Cost": 22225.81,"Plan Rows": 14549,"Plan Width": 40,"Actual Startup Time": 29.728,"Actual Total Time": 79.376,"Actual Rows": 23655,"Actual Loops": 5,"Inner Unique": true,"Hash Cond": "(partsupp.ps_partkey = part.p_partkey)","Workers": [],"Plans": [{"Node Type": "Index Only Scan","Parent Relationship": "Outer","Parallel Aware": true,"Async Capable": false,"Scan Direction": "Forward","Index Name": "partsupp_pkey","Relation Name": "partsupp","Alias": "partsupp","Startup Cost": 347.43,"Total Cost": 15631.43,"Plan Rows": 100000,"Plan Width": 8,"Actual Startup Time": 7.173,"Actual Total Time": 33.085,"Actual Rows": 159936,"Actual Loops": 5,"Filter": "(NOT (hashed SubPlan 1))","Rows Removed by Filter": 64,"Heap Fetches": 0,"Workers": [],"Plans": [{"Node Type": "Seq Scan","Parent Relationship": "SubPlan","Subplan Name": "SubPlan 1","Parallel Aware": false,"Async Capable": false,"Relation Name": "supplier","Alias": "supplier","Startup Cost": 0.00,"Total Cost": 347.00,"Plan Rows": 1,"Plan Width": 4,"Actual Startup Time": 0.179,"Actual Total Time": 7.008,"Actual Rows": 4,"Actual Loops": 5,"Filter": "((s_comment)::text ~~ '%Customer%Complaints%'::text)","Rows Removed by Filter": 9996,"Workers": []}]},{"Node Type": "Hash","Parent Relationship": "Inner","Parallel Aware": true,"Async Capable": false,"Startup Cost": 6180.33,"Total Cost": 6180.33,"Plan Rows": 12124,"Plan Width": 40,"Actual Startup Time": 22.294,"Actual Total Time": 22.298,"Actual Rows": 5916,"Actual Loops": 5,"Hash Buckets": 32768,"Original Hash Buckets": 32768,"Hash Batches": 1,"Original Hash Batches": 1,"Peak Memory Usage": 2560,"Workers": [],"Plans": [{"Node Type": "Seq Scan","Parent Relationship": "Outer","Parallel Aware": true,"Async Capable": false,"Relation Name": "part","Alias": "part","Startup Cost": 0.00,"Total Cost": 6180.33,"Plan Rows": 12124,"Plan Width": 40,"Actual Startup Time": 0.057,"Actual Total Time": 18.368,"Actual Rows": 5916,"Actual Loops": 5,"Filter": "((p_brand <> 'Brand#22'::bpchar) AND ((p_type)::text !~~ 'MEDIUM POLISHED%'::text) AND (p_size = ANY ('{13,15,10,7,6,37,11,31}'::integer[])))","Rows Removed by Filter": 34084,"Workers": []}]}]}]}]}]}]},"Planning Time": 5.710,"Triggers": [],"Execution Time": 254.512}]
[{"Plan": {"Node Type": "Sort","Parallel Aware": false,"Async Capable": false,"Startup Cost": 33448.60,"Total Cost": 33488.96,"Plan Rows": 16141,"Plan Width": 44,"Actual Startup Time": 244.178,"Actual Total Time": 245.824,"Actual Rows": 18231,"Actual Loops": 1,"Sort Key": ["(count(DISTINCT partsupp.ps_suppkey)) DESC", "part.p_brand", "part.p_type", "part.p_size"],"Sort Method": "quicksort","Sort Space Used": 2334,"Sort Space Type": "Memory","Plans": [{"Node Type": "Aggregate","Strategy": "Sorted","Partial Mode": "Simple","Parent Relationship": "Outer","Parallel Aware": false,"Async Capable": false,"Startup Cost": 24285.99,"Total Cost": 32320.47,"Plan Rows": 16141,"Plan Width": 44,"Actual Startup Time": 131.528,"Actual Total Time": 205.710,"Actual Rows": 18231,"Actual Loops": 1,"Group Key": ["part.p_brand", "part.p_type", "part.p_size"],"Plans": [{"Node Type": "Gather Merge","Parent Relationship": "Outer","Parallel Aware": false,"Async Capable": false,"Startup Cost": 24285.99,"Total Cost": 31552.20,"Plan Rows": 60686,"Plan Width": 40,"Actual Startup Time": 131.434,"Actual Total Time": 174.621,"Actual Rows": 119034,"Actual Loops": 1,"Workers Planned": 4,"Workers Launched": 4,"Plans": [{"Node Type": "Sort","Parent Relationship": "Outer","Parallel Aware": false,"Async Capable": false,"Startup Cost": 23285.93,"Total Cost": 23323.86,"Plan Rows": 15172,"Plan Width": 40,"Actual Startup Time": 120.516,"Actual Total Time": 123.582,"Actual Rows": 23807,"Actual Loops": 5,"Sort Key": ["part.p_brand", "part.p_type", "part.p_size"],"Sort Method": "quicksort","Sort Space Used": 2493,"Sort Space Type": "Memory","Workers": [{"Worker Number": 0,"Sort Method": "quicksort","Sort Space Used": 2874,"Sort Space Type": "Memory"},{"Worker Number": 1,"Sort Method": "quicksort","Sort Space Used": 2516,"Sort Space Type": "Memory"},{"Worker Number": 2,"Sort Method": "quicksort","Sort Space Used": 2873,"Sort Space Type": "Memory"},{"Worker Number": 3,"Sort Method": "quicksort","Sort Space Used": 2888,"Sort Space Type": "Memory"}],"Plans": [{"Node Type": "Hash Join","Parent Relationship": "Outer","Parallel Aware": true,"Async Capable": false,"Join Type": "Inner","Startup Cost": 6685.80,"Total Cost": 22232.30,"Plan Rows": 15172,"Plan Width": 40,"Actual Startup Time": 27.965,"Actual Total Time": 78.401,"Actual Rows": 23807,"Actual Loops": 5,"Inner Unique": true,"Hash Cond": "(partsupp.ps_partkey = part.p_partkey)","Workers": [],"Plans": [{"Node Type": "Index Only Scan","Parent Relationship": "Outer","Parallel Aware": true,"Async Capable": false,"Scan Direction": "Forward","Index Name": "partsupp_pkey","Relation Name": "partsupp","Alias": "partsupp","Startup Cost": 347.43,"Total Cost": 15631.43,"Plan Rows": 100000,"Plan Width": 8,"Actual Startup Time": 6.545,"Actual Total Time": 32.819,"Actual Rows": 159936,"Actual Loops": 5,"Filter": "(NOT (hashed SubPlan 1))","Rows Removed by Filter": 64,"Heap Fetches": 0,"Workers": [],"Plans": [{"Node Type": "Seq Scan","Parent Relationship": "SubPlan","Subplan Name": "SubPlan 1","Parallel Aware": false,"Async Capable": false,"Relation Name": "supplier","Alias": "supplier","Startup Cost": 0.00,"Total Cost": 347.00,"Plan Rows": 1,"Plan Width": 4,"Actual Startup Time": 0.204,"Actual Total Time": 6.389,"Actual Rows": 4,"Actual Loops": 5,"Filter": "((s_comment)::text ~~ '%Customer%Complaints%'::text)","Rows Removed by Filter": 9996,"Workers": []}]},{"Node Type": "Hash","Parent Relationship": "Inner","Parallel Aware": true,"Async Capable": false,"Startup Cost": 6180.33,"Total Cost": 6180.33,"Plan Rows": 12643,"Plan Width": 40,"Actual Startup Time": 21.165,"Actual Total Time": 21.168,"Actual Rows": 5954,"Actual Loops": 5,"Hash Buckets": 32768,"Original Hash Buckets": 32768,"Hash Batches": 1,"Original Hash Batches": 1,"Peak Memory Usage": 2560,"Workers": [],"Plans": [{"Node Type": "Seq Scan","Parent Relationship": "Outer","Parallel Aware": true,"Async Capable": false,"Relation Name": "part","Alias": "part","Startup Cost": 0.00,"Total Cost": 6180.33,"Plan Rows": 12643,"Plan Width": 40,"Actual Startup Time": 0.078,"Actual Total Time": 17.528,"Actual Rows": 5954,"Actual Loops": 5,"Filter": "((p_brand <> 'Brand#53'::bpchar) AND ((p_type)::text !~~ 'LARGE ANODIZED%'::text) AND (p_size = ANY ('{50,41,26,22,15,18,14,21}'::integer[])))","Rows Removed by Filter": 34046,"Workers": []}]}]}]}]}]}]},"Planning Time": 5.146,"Triggers": [],"Execution Time": 246.799}]
[{"Plan": {"Node Type": "Sort","Parallel Aware": false,"Async Capable": false,"Startup Cost": 33255.54,"Total Cost": 33295.55,"Plan Rows": 16003,"Plan Width": 44,"Actual Startup Time": 238.012,"Actual Total Time": 239.879,"Actual Rows": 18356,"Actual Loops": 1,"Sort Key": ["(count(DISTINCT partsupp.ps_suppkey)) DESC", "part.p_brand", "part.p_type", "part.p_size"],"Sort Method": "quicksort","Sort Space Used": 2345,"Sort Space Type": "Memory","Plans": [{"Node Type": "Aggregate","Strategy": "Sorted","Partial Mode": "Simple","Parent Relationship": "Outer","Parallel Aware": false,"Async Capable": false,"Startup Cost": 24259.97,"Total Cost": 32138.05,"Plan Rows": 16003,"Plan Width": 44,"Actual Startup Time": 133.540,"Actual Total Time": 199.815,"Actual Rows": 18356,"Actual Loops": 1,"Group Key": ["part.p_brand", "part.p_type", "part.p_size"],"Plans": [{"Node Type": "Gather Merge","Parent Relationship": "Outer","Parallel Aware": false,"Async Capable": false,"Startup Cost": 24259.97,"Total Cost": 31383.11,"Plan Rows": 59491,"Plan Width": 40,"Actual Startup Time": 133.490,"Actual Total Time": 172.234,"Actual Rows": 120256,"Actual Loops": 1,"Workers Planned": 4,"Workers Launched": 4,"Plans": [{"Node Type": "Sort","Parent Relationship": "Outer","Parallel Aware": false,"Async Capable": false,"Startup Cost": 23259.92,"Total Cost": 23297.10,"Plan Rows": 14873,"Plan Width": 40,"Actual Startup Time": 123.274,"Actual Total Time": 125.888,"Actual Rows": 24051,"Actual Loops": 5,"Sort Key": ["part.p_brand", "part.p_type", "part.p_size"],"Sort Method": "quicksort","Sort Space Used": 2484,"Sort Space Type": "Memory","Workers": [{"Worker Number": 0,"Sort Method": "quicksort","Sort Space Used": 2861,"Sort Space Type": "Memory"},{"Worker Number": 1,"Sort Method": "quicksort","Sort Space Used": 2678,"Sort Space Type": "Memory"},{"Worker Number": 2,"Sort Method": "quicksort","Sort Space Used": 2845,"Sort Space Type": "Memory"},{"Worker Number": 3,"Sort Method": "quicksort","Sort Space Used": 2860,"Sort Space Type": "Memory"}],"Plans": [{"Node Type": "Hash Join","Parent Relationship": "Outer","Parallel Aware": true,"Async Capable": false,"Join Type": "Inner","Startup Cost": 6682.69,"Total Cost": 22229.19,"Plan Rows": 14873,"Plan Width": 40,"Actual Startup Time": 29.483,"Actual Total Time": 79.953,"Actual Rows": 24051,"Actual Loops": 5,"Inner Unique": true,"Hash Cond": "(partsupp.ps_partkey = part.p_partkey)","Workers": [],"Plans": [{"Node Type": "Index Only Scan","Parent Relationship": "Outer","Parallel Aware": true,"Async Capable": false,"Scan Direction": "Forward","Index Name": "partsupp_pkey","Relation Name": "partsupp","Alias": "partsupp","Startup Cost": 347.43,"Total Cost": 15631.43,"Plan Rows": 100000,"Plan Width": 8,"Actual Startup Time": 7.051,"Actual Total Time": 33.501,"Actual Rows": 159936,"Actual Loops": 5,"Filter": "(NOT (hashed SubPlan 1))","Rows Removed by Filter": 64,"Heap Fetches": 0,"Workers": [],"Plans": [{"Node Type": "Seq Scan","Parent Relationship": "SubPlan","Subplan Name": "SubPlan 1","Parallel Aware": false,"Async Capable": false,"Relation Name": "supplier","Alias": "supplier","Startup Cost": 0.00,"Total Cost": 347.00,"Plan Rows": 1,"Plan Width": 4,"Actual Startup Time": 0.200,"Actual Total Time": 6.886,"Actual Rows": 4,"Actual Loops": 5,"Filter": "((s_comment)::text ~~ '%Customer%Complaints%'::text)","Rows Removed by Filter": 9996,"Workers": []}]},{"Node Type": "Hash","Parent Relationship": "Inner","Parallel Aware": true,"Async Capable": false,"Startup Cost": 6180.33,"Total Cost": 6180.33,"Plan Rows": 12394,"Plan Width": 40,"Actual Startup Time": 22.123,"Actual Total Time": 22.127,"Actual Rows": 6015,"Actual Loops": 5,"Hash Buckets": 32768,"Original Hash Buckets": 32768,"Hash Batches": 1,"Original Hash Batches": 1,"Peak Memory Usage": 2592,"Workers": [],"Plans": [{"Node Type": "Seq Scan","Parent Relationship": "Outer","Parallel Aware": true,"Async Capable": false,"Relation Name": "part","Alias": "part","Startup Cost": 0.00,"Total Cost": 6180.33,"Plan Rows": 12394,"Plan Width": 40,"Actual Startup Time": 0.061,"Actual Total Time": 18.349,"Actual Rows": 6015,"Actual Loops": 5,"Filter": "((p_brand <> 'Brand#15'::bpchar) AND ((p_type)::text !~~ 'SMALL BURNISHED%'::text) AND (p_size = ANY ('{29,41,8,27,16,10,3,6}'::integer[])))","Rows Removed by Filter": 33985,"Workers": []}]}]}]}]}]}]},"Planning Time": 5.263,"Triggers": [],"Execution Time": 240.879}]
[{"Plan": {"Node Type": "Sort","Parallel Aware": false,"Async Capable": false,"Startup Cost": 33400.79,"Total Cost": 33441.06,"Plan Rows": 16107,"Plan Width": 44,"Actual Startup Time": 237.754,"Actual Total Time": 239.314,"Actual Rows": 18291,"Actual Loops": 1,"Sort Key": ["(count(DISTINCT partsupp.ps_suppkey)) DESC", "part.p_brand", "part.p_type", "part.p_size"],"Sort Method": "quicksort","Sort Space Used": 2339,"Sort Space Type": "Memory","Plans": [{"Node Type": "Aggregate","Strategy": "Sorted","Partial Mode": "Simple","Parent Relationship": "Outer","Parallel Aware": false,"Async Capable": false,"Startup Cost": 24279.54,"Total Cost": 32275.29,"Plan Rows": 16107,"Plan Width": 44,"Actual Startup Time": 131.880,"Actual Total Time": 199.893,"Actual Rows": 18291,"Actual Loops": 1,"Group Key": ["part.p_brand", "part.p_type", "part.p_size"],"Plans": [{"Node Type": "Gather Merge","Parent Relationship": "Outer","Parallel Aware": false,"Async Capable": false,"Startup Cost": 24279.54,"Total Cost": 31510.32,"Plan Rows": 60390,"Plan Width": 40,"Actual Startup Time": 131.840,"Actual Total Time": 171.405,"Actual Rows": 117838,"Actual Loops": 1,"Workers Planned": 4,"Workers Launched": 4,"Plans": [{"Node Type": "Sort","Parent Relationship": "Outer","Parallel Aware": false,"Async Capable": false,"Startup Cost": 23279.48,"Total Cost": 23317.23,"Plan Rows": 15098,"Plan Width": 40,"Actual Startup Time": 120.454,"Actual Total Time": 123.173,"Actual Rows": 23568,"Actual Loops": 5,"Sort Key": ["part.p_brand", "part.p_type", "part.p_size"],"Sort Method": "quicksort","Sort Space Used": 2473,"Sort Space Type": "Memory","Workers": [{"Worker Number": 0,"Sort Method": "quicksort","Sort Space Used": 2441,"Sort Space Type": "Memory"},{"Worker Number": 1,"Sort Method": "quicksort","Sort Space Used": 2881,"Sort Space Type": "Memory"},{"Worker Number": 2,"Sort Method": "quicksort","Sort Space Used": 2855,"Sort Space Type": "Memory"},{"Worker Number": 3,"Sort Method": "quicksort","Sort Space Used": 2873,"Sort Space Type": "Memory"}],"Plans": [{"Node Type": "Hash Join","Parent Relationship": "Outer","Parallel Aware": true,"Async Capable": false,"Join Type": "Inner","Startup Cost": 6685.02,"Total Cost": 22231.52,"Plan Rows": 15098,"Plan Width": 40,"Actual Startup Time": 29.926,"Actual Total Time": 79.084,"Actual Rows": 23568,"Actual Loops": 5,"Inner Unique": true,"Hash Cond": "(partsupp.ps_partkey = part.p_partkey)","Workers": [],"Plans": [{"Node Type": "Index Only Scan","Parent Relationship": "Outer","Parallel Aware": true,"Async Capable": false,"Scan Direction": "Forward","Index Name": "partsupp_pkey","Relation Name": "partsupp","Alias": "partsupp","Startup Cost": 347.43,"Total Cost": 15631.43,"Plan Rows": 100000,"Plan Width": 8,"Actual Startup Time": 7.021,"Actual Total Time": 31.930,"Actual Rows": 159936,"Actual Loops": 5,"Filter": "(NOT (hashed SubPlan 1))","Rows Removed by Filter": 64,"Heap Fetches": 0,"Workers": [],"Plans": [{"Node Type": "Seq Scan","Parent Relationship": "SubPlan","Subplan Name": "SubPlan 1","Parallel Aware": false,"Async Capable": false,"Relation Name": "supplier","Alias": "supplier","Startup Cost": 0.00,"Total Cost": 347.00,"Plan Rows": 1,"Plan Width": 4,"Actual Startup Time": 0.221,"Actual Total Time": 6.837,"Actual Rows": 4,"Actual Loops": 5,"Filter": "((s_comment)::text ~~ '%Customer%Complaints%'::text)","Rows Removed by Filter": 9996,"Workers": []}]},{"Node Type": "Hash","Parent Relationship": "Inner","Parallel Aware": true,"Async Capable": false,"Startup Cost": 6180.33,"Total Cost": 6180.33,"Plan Rows": 12581,"Plan Width": 40,"Actual Startup Time": 22.593,"Actual Total Time": 22.596,"Actual Rows": 5894,"Actual Loops": 5,"Hash Buckets": 32768,"Original Hash Buckets": 32768,"Hash Batches": 1,"Original Hash Batches": 1,"Peak Memory Usage": 2528,"Workers": [],"Plans": [{"Node Type": "Seq Scan","Parent Relationship": "Outer","Parallel Aware": true,"Async Capable": false,"Relation Name": "part","Alias": "part","Startup Cost": 0.00,"Total Cost": 6180.33,"Plan Rows": 12581,"Plan Width": 40,"Actual Startup Time": 0.065,"Actual Total Time": 18.726,"Actual Rows": 5894,"Actual Loops": 5,"Filter": "((p_brand <> 'Brand#55'::bpchar) AND ((p_type)::text !~~ 'STANDARD POLISHED%'::text) AND (p_size = ANY ('{40,27,3,43,19,1,44,25}'::integer[])))","Rows Removed by Filter": 34106,"Workers": []}]}]}]}]}]}]},"Planning Time": 4.881,"Triggers": [],"Execution Time": 240.215}]
[{"Plan": {"Node Type": "Sort","Parallel Aware": false,"Async Capable": false,"Startup Cost": 33243.12,"Total Cost": 33283.10,"Plan Rows": 15994,"Plan Width": 44,"Actual Startup Time": 246.148,"Actual Total Time": 247.975,"Actual Rows": 18228,"Actual Loops": 1,"Sort Key": ["(count(DISTINCT partsupp.ps_suppkey)) DESC", "part.p_brand", "part.p_type", "part.p_size"],"Sort Method": "quicksort","Sort Space Used": 2335,"Sort Space Type": "Memory","Plans": [{"Node Type": "Aggregate","Strategy": "Sorted","Partial Mode": "Simple","Parent Relationship": "Outer","Parallel Aware": false,"Async Capable": false,"Startup Cost": 24258.32,"Total Cost": 32126.31,"Plan Rows": 15994,"Plan Width": 44,"Actual Startup Time": 141.030,"Actual Total Time": 209.021,"Actual Rows": 18228,"Actual Loops": 1,"Group Key": ["part.p_brand", "part.p_type", "part.p_size"],"Plans": [{"Node Type": "Gather Merge","Parent Relationship": "Outer","Parallel Aware": false,"Async Capable": false,"Startup Cost": 24258.32,"Total Cost": 31372.23,"Plan Rows": 59414,"Plan Width": 40,"Actual Startup Time": 140.979,"Actual Total Time": 180.708,"Actual Rows": 119219,"Actual Loops": 1,"Workers Planned": 4,"Workers Launched": 4,"Plans": [{"Node Type": "Sort","Parent Relationship": "Outer","Parallel Aware": false,"Async Capable": false,"Startup Cost": 23258.26,"Total Cost": 23295.40,"Plan Rows": 14854,"Plan Width": 40,"Actual Startup Time": 123.143,"Actual Total Time": 125.683,"Actual Rows": 23844,"Actual Loops": 5,"Sort Key": ["part.p_brand", "part.p_type", "part.p_size"],"Sort Method": "quicksort","Sort Space Used": 2438,"Sort Space Type": "Memory","Workers": [{"Worker Number": 0,"Sort Method": "quicksort","Sort Space Used": 2804,"Sort Space Type": "Memory"},{"Worker Number": 1,"Sort Method": "quicksort","Sort Space Used": 2839,"Sort Space Type": "Memory"},{"Worker Number": 2,"Sort Method": "quicksort","Sort Space Used": 2815,"Sort Space Type": "Memory"},{"Worker Number": 3,"Sort Method": "quicksort","Sort Space Used": 2772,"Sort Space Type": "Memory"}],"Plans": [{"Node Type": "Hash Join","Parent Relationship": "Outer","Parallel Aware": true,"Async Capable": false,"Join Type": "Inner","Startup Cost": 6682.49,"Total Cost": 22228.99,"Plan Rows": 14854,"Plan Width": 40,"Actual Startup Time": 29.653,"Actual Total Time": 78.817,"Actual Rows": 23844,"Actual Loops": 5,"Inner Unique": true,"Hash Cond": "(partsupp.ps_partkey = part.p_partkey)","Workers": [],"Plans": [{"Node Type": "Index Only Scan","Parent Relationship": "Outer","Parallel Aware": true,"Async Capable": false,"Scan Direction": "Forward","Index Name": "partsupp_pkey","Relation Name": "partsupp","Alias": "partsupp","Startup Cost": 347.43,"Total Cost": 15631.43,"Plan Rows": 100000,"Plan Width": 8,"Actual Startup Time": 6.692,"Actual Total Time": 32.359,"Actual Rows": 159936,"Actual Loops": 5,"Filter": "(NOT (hashed SubPlan 1))","Rows Removed by Filter": 64,"Heap Fetches": 0,"Workers": [],"Plans": [{"Node Type": "Seq Scan","Parent Relationship": "SubPlan","Subplan Name": "SubPlan 1","Parallel Aware": false,"Async Capable": false,"Relation Name": "supplier","Alias": "supplier","Startup Cost": 0.00,"Total Cost": 347.00,"Plan Rows": 1,"Plan Width": 4,"Actual Startup Time": 0.226,"Actual Total Time": 6.541,"Actual Rows": 4,"Actual Loops": 5,"Filter": "((s_comment)::text ~~ '%Customer%Complaints%'::text)","Rows Removed by Filter": 9996,"Workers": []}]},{"Node Type": "Hash","Parent Relationship": "Inner","Parallel Aware": true,"Async Capable": false,"Startup Cost": 6180.33,"Total Cost": 6180.33,"Plan Rows": 12378,"Plan Width": 40,"Actual Startup Time": 22.696,"Actual Total Time": 22.701,"Actual Rows": 5963,"Actual Loops": 5,"Hash Buckets": 32768,"Original Hash Buckets": 32768,"Hash Batches": 1,"Original Hash Batches": 1,"Peak Memory Usage": 2560,"Workers": [],"Plans": [{"Node Type": "Seq Scan","Parent Relationship": "Outer","Parallel Aware": true,"Async Capable": false,"Relation Name": "part","Alias": "part","Startup Cost": 0.00,"Total Cost": 6180.33,"Plan Rows": 12378,"Plan Width": 40,"Actual Startup Time": 0.055,"Actual Total Time": 18.907,"Actual Rows": 5963,"Actual Loops": 5,"Filter": "((p_brand <> 'Brand#54'::bpchar) AND ((p_type)::text !~~ 'SMALL PLATED%'::text) AND (p_size = ANY ('{38,3,6,13,2,28,7,4}'::integer[])))","Rows Removed by Filter": 34037,"Workers": []}]}]}]}]}]}]},"Planning Time": 3.920,"Triggers": [],"Execution Time": 248.885}]
[{"Plan": {"Node Type": "Sort","Parallel Aware": false,"Async Capable": false,"Startup Cost": 33155.67,"Total Cost": 33195.50,"Plan Rows": 15930,"Plan Width": 44,"Actual Startup Time": 244.888,"Actual Total Time": 246.522,"Actual Rows": 18191,"Actual Loops": 1,"Sort Key": ["(count(DISTINCT partsupp.ps_suppkey)) DESC", "part.p_brand", "part.p_type", "part.p_size"],"Sort Method": "quicksort","Sort Space Used": 2331,"Sort Space Type": "Memory","Plans": [{"Node Type": "Aggregate","Strategy": "Sorted","Partial Mode": "Simple","Parent Relationship": "Outer","Parallel Aware": false,"Async Capable": false,"Startup Cost": 24246.51,"Total Cost": 32043.80,"Plan Rows": 15930,"Plan Width": 44,"Actual Startup Time": 138.419,"Actual Total Time": 206.470,"Actual Rows": 18191,"Actual Loops": 1,"Group Key": ["part.p_brand", "part.p_type", "part.p_size"],"Plans": [{"Node Type": "Gather Merge","Parent Relationship": "Outer","Parallel Aware": false,"Async Capable": false,"Startup Cost": 24246.51,"Total Cost": 31295.76,"Plan Rows": 58874,"Plan Width": 40,"Actual Startup Time": 138.358,"Actual Total Time": 177.861,"Actual Rows": 119066,"Actual Loops": 1,"Workers Planned": 4,"Workers Launched": 4,"Plans": [{"Node Type": "Sort","Parent Relationship": "Outer","Parallel Aware": false,"Async Capable": false,"Startup Cost": 23246.45,"Total Cost": 23283.24,"Plan Rows": 14718,"Plan Width": 40,"Actual Startup Time": 122.708,"Actual Total Time": 125.598,"Actual Rows": 23813,"Actual Loops": 5,"Sort Key": ["part.p_brand", "part.p_type", "part.p_size"],"Sort Method": "quicksort","Sort Space Used": 2422,"Sort Space Type": "Memory","Workers": [{"Worker Number": 0,"Sort Method": "quicksort","Sort Space Used": 2823,"Sort Space Type": "Memory"},{"Worker Number": 1,"Sort Method": "quicksort","Sort Space Used": 2828,"Sort Space Type": "Memory"},{"Worker Number": 2,"Sort Method": "quicksort","Sort Space Used": 2750,"Sort Space Type": "Memory"},{"Worker Number": 3,"Sort Method": "quicksort","Sort Space Used": 2808,"Sort Space Type": "Memory"}],"Plans": [{"Node Type": "Hash Join","Parent Relationship": "Outer","Parallel Aware": true,"Async Capable": false,"Join Type": "Inner","Startup Cost": 6681.07,"Total Cost": 22227.57,"Plan Rows": 14718,"Plan Width": 40,"Actual Startup Time": 30.159,"Actual Total Time": 79.285,"Actual Rows": 23813,"Actual Loops": 5,"Inner Unique": true,"Hash Cond": "(partsupp.ps_partkey = part.p_partkey)","Workers": [],"Plans": [{"Node Type": "Index Only Scan","Parent Relationship": "Outer","Parallel Aware": true,"Async Capable": false,"Scan Direction": "Forward","Index Name": "partsupp_pkey","Relation Name": "partsupp","Alias": "partsupp","Startup Cost": 347.43,"Total Cost": 15631.43,"Plan Rows": 100000,"Plan Width": 8,"Actual Startup Time": 7.600,"Actual Total Time": 33.152,"Actual Rows": 159936,"Actual Loops": 5,"Filter": "(NOT (hashed SubPlan 1))","Rows Removed by Filter": 64,"Heap Fetches": 0,"Workers": [],"Plans": [{"Node Type": "Seq Scan","Parent Relationship": "SubPlan","Subplan Name": "SubPlan 1","Parallel Aware": false,"Async Capable": false,"Relation Name": "supplier","Alias": "supplier","Startup Cost": 0.00,"Total Cost": 347.00,"Plan Rows": 1,"Plan Width": 4,"Actual Startup Time": 0.207,"Actual Total Time": 7.435,"Actual Rows": 4,"Actual Loops": 5,"Filter": "((s_comment)::text ~~ '%Customer%Complaints%'::text)","Rows Removed by Filter": 9996,"Workers": []}]},{"Node Type": "Hash","Parent Relationship": "Inner","Parallel Aware": true,"Async Capable": false,"Startup Cost": 6180.33,"Total Cost": 6180.33,"Plan Rows": 12265,"Plan Width": 40,"Actual Startup Time": 22.276,"Actual Total Time": 22.281,"Actual Rows": 5956,"Actual Loops": 5,"Hash Buckets": 32768,"Original Hash Buckets": 32768,"Hash Batches": 1,"Original Hash Batches": 1,"Peak Memory Usage": 2592,"Workers": [],"Plans": [{"Node Type": "Seq Scan","Parent Relationship": "Outer","Parallel Aware": true,"Async Capable": false,"Relation Name": "part","Alias": "part","Startup Cost": 0.00,"Total Cost": 6180.33,"Plan Rows": 12265,"Plan Width": 40,"Actual Startup Time": 0.067,"Actual Total Time": 18.429,"Actual Rows": 5956,"Actual Loops": 5,"Filter": "((p_brand <> 'Brand#33'::bpchar) AND ((p_type)::text !~~ 'STANDARD PLATED%'::text) AND (p_size = ANY ('{23,2,24,6,35,33,13,30}'::integer[])))","Rows Removed by Filter": 34044,"Workers": []}]}]}]}]}]}]},"Planning Time": 4.056,"Triggers": [],"Execution Time": 247.359}]
[{"Plan": {"Node Type": "Sort","Parallel Aware": false,"Async Capable": false,"Startup Cost": 33107.81,"Total Cost": 33147.55,"Plan Rows": 15895,"Plan Width": 44,"Actual Startup Time": 237.248,"Actual Total Time": 239.028,"Actual Rows": 18190,"Actual Loops": 1,"Sort Key": ["(count(DISTINCT partsupp.ps_suppkey)) DESC", "part.p_brand", "part.p_type", "part.p_size"],"Sort Method": "quicksort","Sort Space Used": 2331,"Sort Space Type": "Memory","Plans": [{"Node Type": "Aggregate","Strategy": "Sorted","Partial Mode": "Simple","Parent Relationship": "Outer","Parallel Aware": false,"Async Capable": false,"Startup Cost": 24240.09,"Total Cost": 31998.63,"Plan Rows": 15895,"Plan Width": 44,"Actual Startup Time": 135.232,"Actual Total Time": 200.324,"Actual Rows": 18190,"Actual Loops": 1,"Group Key": ["part.p_brand", "part.p_type", "part.p_size"],"Plans": [{"Node Type": "Gather Merge","Parent Relationship": "Outer","Parallel Aware": false,"Async Capable": false,"Startup Cost": 24240.09,"Total Cost": 31253.90,"Plan Rows": 58578,"Plan Width": 40,"Actual Startup Time": 135.176,"Actual Total Time": 173.215,"Actual Rows": 117676,"Actual Loops": 1,"Workers Planned": 4,"Workers Launched": 4,"Plans": [{"Node Type": "Sort","Parent Relationship": "Outer","Parallel Aware": false,"Async Capable": false,"Startup Cost": 23240.03,"Total Cost": 23276.64,"Plan Rows": 14644,"Plan Width": 40,"Actual Startup Time": 123.636,"Actual Total Time": 125.828,"Actual Rows": 23535,"Actual Loops": 5,"Sort Key": ["part.p_brand", "part.p_type", "part.p_size"],"Sort Method": "quicksort","Sort Space Used": 2454,"Sort Space Type": "Memory","Workers": [{"Worker Number": 0,"Sort Method": "quicksort","Sort Space Used": 2449,"Sort Space Type": "Memory"},{"Worker Number": 1,"Sort Method": "quicksort","Sort Space Used": 2878,"Sort Space Type": "Memory"},{"Worker Number": 2,"Sort Method": "quicksort","Sort Space Used": 2875,"Sort Space Type": "Memory"},{"Worker Number": 3,"Sort Method": "quicksort","Sort Space Used": 2875,"Sort Space Type": "Memory"}],"Plans": [{"Node Type": "Hash Join","Parent Relationship": "Outer","Parallel Aware": true,"Async Capable": false,"Join Type": "Inner","Startup Cost": 6680.31,"Total Cost": 22226.81,"Plan Rows": 14644,"Plan Width": 40,"Actual Startup Time": 32.178,"Actual Total Time": 82.435,"Actual Rows": 23535,"Actual Loops": 5,"Inner Unique": true,"Hash Cond": "(partsupp.ps_partkey = part.p_partkey)","Workers": [],"Plans": [{"Node Type": "Index Only Scan","Parent Relationship": "Outer","Parallel Aware": true,"Async Capable": false,"Scan Direction": "Forward","Index Name": "partsupp_pkey","Relation Name": "partsupp","Alias": "partsupp","Startup Cost": 347.43,"Total Cost": 15631.43,"Plan Rows": 100000,"Plan Width": 8,"Actual Startup Time": 9.179,"Actual Total Time": 35.076,"Actual Rows": 159936,"Actual Loops": 5,"Filter": "(NOT (hashed SubPlan 1))","Rows Removed by Filter": 64,"Heap Fetches": 0,"Workers": [],"Plans": [{"Node Type": "Seq Scan","Parent Relationship": "SubPlan","Subplan Name": "SubPlan 1","Parallel Aware": false,"Async Capable": false,"Relation Name": "supplier","Alias": "supplier","Startup Cost": 0.00,"Total Cost": 347.00,"Plan Rows": 1,"Plan Width": 4,"Actual Startup Time": 0.256,"Actual Total Time": 9.026,"Actual Rows": 4,"Actual Loops": 5,"Filter": "((s_comment)::text ~~ '%Customer%Complaints%'::text)","Rows Removed by Filter": 9996,"Workers": []}]},{"Node Type": "Hash","Parent Relationship": "Inner","Parallel Aware": true,"Async Capable": false,"Startup Cost": 6180.33,"Total Cost": 6180.33,"Plan Rows": 12204,"Plan Width": 40,"Actual Startup Time": 22.780,"Actual Total Time": 22.784,"Actual Rows": 5886,"Actual Loops": 5,"Hash Buckets": 32768,"Original Hash Buckets": 32768,"Hash Batches": 1,"Original Hash Batches": 1,"Peak Memory Usage": 2528,"Workers": [],"Plans": [{"Node Type": "Seq Scan","Parent Relationship": "Outer","Parallel Aware": true,"Async Capable": false,"Relation Name": "part","Alias": "part","Startup Cost": 0.00,"Total Cost": 6180.33,"Plan Rows": 12204,"Plan Width": 40,"Actual Startup Time": 0.039,"Actual Total Time": 19.337,"Actual Rows": 5886,"Actual Loops": 5,"Filter": "((p_brand <> 'Brand#53'::bpchar) AND ((p_type)::text !~~ 'LARGE ANODIZED%'::text) AND (p_size = ANY ('{15,36,50,2,39,41,21,24}'::integer[])))","Rows Removed by Filter": 34114,"Workers": []}]}]}]}]}]}]},"Planning Time": 4.927,"Triggers": [],"Execution Time": 240.356}]
[{"Plan": {"Node Type": "Sort","Parallel Aware": false,"Async Capable": false,"Startup Cost": 33497.50,"Total Cost": 33537.94,"Plan Rows": 16176,"Plan Width": 44,"Actual Startup Time": 238.157,"Actual Total Time": 240.122,"Actual Rows": 18390,"Actual Loops": 1,"Sort Key": ["(count(DISTINCT partsupp.ps_suppkey)) DESC", "part.p_brand", "part.p_type", "part.p_size"],"Sort Method": "quicksort","Sort Space Used": 2348,"Sort Space Type": "Memory","Plans": [{"Node Type": "Aggregate","Strategy": "Sorted","Partial Mode": "Simple","Parent Relationship": "Outer","Parallel Aware": false,"Async Capable": false,"Startup Cost": 24292.52,"Total Cost": 32366.67,"Plan Rows": 16176,"Plan Width": 44,"Actual Startup Time": 132.765,"Actual Total Time": 199.530,"Actual Rows": 18390,"Actual Loops": 1,"Group Key": ["part.p_brand", "part.p_type", "part.p_size"],"Plans": [{"Node Type": "Gather Merge","Parent Relationship": "Outer","Parallel Aware": false,"Async Capable": false,"Startup Cost": 24292.52,"Total Cost": 31595.02,"Plan Rows": 60989,"Plan Width": 40,"Actual Startup Time": 132.674,"Actual Total Time": 171.526,"Actual Rows": 120259,"Actual Loops": 1,"Workers Planned": 4,"Workers Launched": 4,"Plans": [{"Node Type": "Sort","Parent Relationship": "Outer","Parallel Aware": false,"Async Capable": false,"Startup Cost": 23292.47,"Total Cost": 23330.58,"Plan Rows": 15247,"Plan Width": 40,"Actual Startup Time": 121.992,"Actual Total Time": 124.538,"Actual Rows": 24052,"Actual Loops": 5,"Sort Key": ["part.p_brand", "part.p_type", "part.p_size"],"Sort Method": "quicksort","Sort Space Used": 2618,"Sort Space Type": "Memory","Workers": [{"Worker Number": 0,"Sort Method": "quicksort","Sort Space Used": 2660,"Sort Space Type": "Memory"},{"Worker Number": 1,"Sort Method": "quicksort","Sort Space Used": 2879,"Sort Space Type": "Memory"},{"Worker Number": 2,"Sort Method": "quicksort","Sort Space Used": 2686,"Sort Space Type": "Memory"},{"Worker Number": 3,"Sort Method": "quicksort","Sort Space Used": 2902,"Sort Space Type": "Memory"}],"Plans": [{"Node Type": "Hash Join","Parent Relationship": "Outer","Parallel Aware": true,"Async Capable": false,"Join Type": "Inner","Startup Cost": 6686.59,"Total Cost": 22233.09,"Plan Rows": 15247,"Plan Width": 40,"Actual Startup Time": 30.325,"Actual Total Time": 79.877,"Actual Rows": 24052,"Actual Loops": 5,"Inner Unique": true,"Hash Cond": "(partsupp.ps_partkey = part.p_partkey)","Workers": [],"Plans": [{"Node Type": "Index Only Scan","Parent Relationship": "Outer","Parallel Aware": true,"Async Capable": false,"Scan Direction": "Forward","Index Name": "partsupp_pkey","Relation Name": "partsupp","Alias": "partsupp","Startup Cost": 347.43,"Total Cost": 15631.43,"Plan Rows": 100000,"Plan Width": 8,"Actual Startup Time": 7.373,"Actual Total Time": 32.762,"Actual Rows": 159936,"Actual Loops": 5,"Filter": "(NOT (hashed SubPlan 1))","Rows Removed by Filter": 64,"Heap Fetches": 0,"Workers": [],"Plans": [{"Node Type": "Seq Scan","Parent Relationship": "SubPlan","Subplan Name": "SubPlan 1","Parallel Aware": false,"Async Capable": false,"Relation Name": "supplier","Alias": "supplier","Startup Cost": 0.00,"Total Cost": 347.00,"Plan Rows": 1,"Plan Width": 4,"Actual Startup Time": 0.140,"Actual Total Time": 7.209,"Actual Rows": 4,"Actual Loops": 5,"Filter": "((s_comment)::text ~~ '%Customer%Complaints%'::text)","Rows Removed by Filter": 9996,"Workers": []}]},{"Node Type": "Hash","Parent Relationship": "Inner","Parallel Aware": true,"Async Capable": false,"Startup Cost": 6180.33,"Total Cost": 6180.33,"Plan Rows": 12706,"Plan Width": 40,"Actual Startup Time": 22.717,"Actual Total Time": 22.720,"Actual Rows": 6015,"Actual Loops": 5,"Hash Buckets": 32768,"Original Hash Buckets": 32768,"Hash Batches": 1,"Original Hash Batches": 1,"Peak Memory Usage": 2560,"Workers": [],"Plans": [{"Node Type": "Seq Scan","Parent Relationship": "Outer","Parallel Aware": true,"Async Capable": false,"Relation Name": "part","Alias": "part","Startup Cost": 0.00,"Total Cost": 6180.33,"Plan Rows": 12706,"Plan Width": 40,"Actual Startup Time": 0.054,"Actual Total Time": 19.340,"Actual Rows": 6015,"Actual Loops": 5,"Filter": "((p_brand <> 'Brand#45'::bpchar) AND ((p_type)::text !~~ 'PROMO POLISHED%'::text) AND (p_size = ANY ('{3,35,20,7,40,4,14,2}'::integer[])))","Rows Removed by Filter": 33985,"Workers": []}]}]}]}]}]}]},"Planning Time": 3.656,"Triggers": [],"Execution Time": 241.359}]
[{"Plan": {"Node Type": "Sort","Parallel Aware": false,"Async Capable": false,"Startup Cost": 33140.40,"Total Cost": 33180.20,"Plan Rows": 15919,"Plan Width": 44,"Actual Startup Time": 251.127,"Actual Total Time": 252.641,"Actual Rows": 18255,"Actual Loops": 1,"Sort Key": ["(count(DISTINCT partsupp.ps_suppkey)) DESC", "part.p_brand", "part.p_type", "part.p_size"],"Sort Method": "quicksort","Sort Space Used": 2336,"Sort Space Type": "Memory","Plans": [{"Node Type": "Aggregate","Strategy": "Sorted","Partial Mode": "Simple","Parent Relationship": "Outer","Parallel Aware": false,"Async Capable": false,"Startup Cost": 24244.51,"Total Cost": 32029.37,"Plan Rows": 15919,"Plan Width": 44,"Actual Startup Time": 141.641,"Actual Total Time": 211.691,"Actual Rows": 18255,"Actual Loops": 1,"Group Key": ["part.p_brand", "part.p_type", "part.p_size"],"Plans": [{"Node Type": "Gather Merge","Parent Relationship": "Outer","Parallel Aware": false,"Async Capable": false,"Startup Cost": 24244.51,"Total Cost": 31282.39,"Plan Rows": 58779,"Plan Width": 40,"Actual Startup Time": 141.591,"Actual Total Time": 182.460,"Actual Rows": 118921,"Actual Loops": 1,"Workers Planned": 4,"Workers Launched": 4,"Plans": [{"Node Type": "Sort","Parent Relationship": "Outer","Parallel Aware": false,"Async Capable": false,"Startup Cost": 23244.45,"Total Cost": 23281.19,"Plan Rows": 14695,"Plan Width": 40,"Actual Startup Time": 122.633,"Actual Total Time": 125.314,"Actual Rows": 23784,"Actual Loops": 5,"Sort Key": ["part.p_brand", "part.p_type", "part.p_size"],"Sort Method": "quicksort","Sort Space Used": 1697,"Sort Space Type": "Memory","Workers": [{"Worker Number": 0,"Sort Method": "quicksort","Sort Space Used": 2899,"Sort Space Type": "Memory"},{"Worker Number": 1,"Sort Method": "quicksort","Sort Space Used": 2874,"Sort Space Type": "Memory"},{"Worker Number": 2,"Sort Method": "quicksort","Sort Space Used": 2885,"Sort Space Type": "Memory"},{"Worker Number": 3,"Sort Method": "quicksort","Sort Space Used": 2892,"Sort Space Type": "Memory"}],"Plans": [{"Node Type": "Hash Join","Parent Relationship": "Outer","Parallel Aware": true,"Async Capable": false,"Join Type": "Inner","Startup Cost": 6680.84,"Total Cost": 22227.34,"Plan Rows": 14695,"Plan Width": 40,"Actual Startup Time": 29.026,"Actual Total Time": 78.568,"Actual Rows": 23784,"Actual Loops": 5,"Inner Unique": true,"Hash Cond": "(partsupp.ps_partkey = part.p_partkey)","Workers": [],"Plans": [{"Node Type": "Index Only Scan","Parent Relationship": "Outer","Parallel Aware": true,"Async Capable": false,"Scan Direction": "Forward","Index Name": "partsupp_pkey","Relation Name": "partsupp","Alias": "partsupp","Startup Cost": 347.43,"Total Cost": 15631.43,"Plan Rows": 100000,"Plan Width": 8,"Actual Startup Time": 6.407,"Actual Total Time": 32.189,"Actual Rows": 159936,"Actual Loops": 5,"Filter": "(NOT (hashed SubPlan 1))","Rows Removed by Filter": 64,"Heap Fetches": 0,"Workers": [],"Plans": [{"Node Type": "Seq Scan","Parent Relationship": "SubPlan","Subplan Name": "SubPlan 1","Parallel Aware": false,"Async Capable": false,"Relation Name": "supplier","Alias": "supplier","Startup Cost": 0.00,"Total Cost": 347.00,"Plan Rows": 1,"Plan Width": 4,"Actual Startup Time": 0.241,"Actual Total Time": 6.234,"Actual Rows": 4,"Actual Loops": 5,"Filter": "((s_comment)::text ~~ '%Customer%Complaints%'::text)","Rows Removed by Filter": 9996,"Workers": []}]},{"Node Type": "Hash","Parent Relationship": "Inner","Parallel Aware": true,"Async Capable": false,"Startup Cost": 6180.33,"Total Cost": 6180.33,"Plan Rows": 12246,"Plan Width": 40,"Actual Startup Time": 22.322,"Actual Total Time": 22.328,"Actual Rows": 5948,"Actual Loops": 5,"Hash Buckets": 32768,"Original Hash Buckets": 32768,"Hash Batches": 1,"Original Hash Batches": 1,"Peak Memory Usage": 2560,"Workers": [],"Plans": [{"Node Type": "Seq Scan","Parent Relationship": "Outer","Parallel Aware": true,"Async Capable": false,"Relation Name": "part","Alias": "part","Startup Cost": 0.00,"Total Cost": 6180.33,"Plan Rows": 12246,"Plan Width": 40,"Actual Startup Time": 0.059,"Actual Total Time": 18.502,"Actual Rows": 5948,"Actual Loops": 5,"Filter": "((p_brand <> 'Brand#14'::bpchar) AND ((p_type)::text !~~ 'SMALL POLISHED%'::text) AND (p_size = ANY ('{8,44,18,4,17,29,9,22}'::integer[])))","Rows Removed by Filter": 34052,"Workers": []}]}]}]}]}]}]},"Planning Time": 5.380,"Triggers": [],"Execution Time": 253.605}]
[{"Plan": {"Node Type": "Sort","Parallel Aware": false,"Async Capable": false,"Startup Cost": 33187.66,"Total Cost": 33227.54,"Plan Rows": 15954,"Plan Width": 44,"Actual Startup Time": 234.190,"Actual Total Time": 236.002,"Actual Rows": 18220,"Actual Loops": 1,"Sort Key": ["(count(DISTINCT partsupp.ps_suppkey)) DESC", "part.p_brand", "part.p_type", "part.p_size"],"Sort Method": "quicksort","Sort Space Used": 2334,"Sort Space Type": "Memory","Plans": [{"Node Type": "Aggregate","Strategy": "Sorted","Partial Mode": "Simple","Parent Relationship": "Outer","Parallel Aware": false,"Async Capable": false,"Startup Cost": 24250.84,"Total Cost": 32073.94,"Plan Rows": 15954,"Plan Width": 44,"Actual Startup Time": 131.710,"Actual Total Time": 197.226,"Actual Rows": 18220,"Actual Loops": 1,"Group Key": ["part.p_brand", "part.p_type", "part.p_size"],"Plans": [{"Node Type": "Gather Merge","Parent Relationship": "Outer","Parallel Aware": false,"Async Capable": false,"Startup Cost": 24250.84,"Total Cost": 31323.69,"Plan Rows": 59071,"Plan Width": 40,"Actual Startup Time": 131.633,"Actual Total Time": 169.894,"Actual Rows": 118277,"Actual Loops": 1,"Workers Planned": 4,"Workers Launched": 4,"Plans": [{"Node Type": "Sort","Parent Relationship": "Outer","Parallel Aware": false,"Async Capable": false,"Startup Cost": 23250.78,"Total Cost": 23287.70,"Plan Rows": 14768,"Plan Width": 40,"Actual Startup Time": 122.509,"Actual Total Time": 125.088,"Actual Rows": 23655,"Actual Loops": 5,"Sort Key": ["part.p_brand", "part.p_type", "part.p_size"],"Sort Method": "quicksort","Sort Space Used": 2707,"Sort Space Type": "Memory","Workers": [{"Worker Number": 0,"Sort Method": "quicksort","Sort Space Used": 2715,"Sort Space Type": "Memory"},{"Worker Number": 1,"Sort Method": "quicksort","Sort Space Used": 2718,"Sort Space Type": "Memory"},{"Worker Number": 2,"Sort Method": "quicksort","Sort Space Used": 2727,"Sort Space Type": "Memory"},{"Worker Number": 3,"Sort Method": "quicksort","Sort Space Used": 2730,"Sort Space Type": "Memory"}],"Plans": [{"Node Type": "Hash Join","Parent Relationship": "Outer","Parallel Aware": true,"Async Capable": false,"Join Type": "Inner","Startup Cost": 6681.59,"Total Cost": 22228.09,"Plan Rows": 14768,"Plan Width": 40,"Actual Startup Time": 30.377,"Actual Total Time": 80.712,"Actual Rows": 23655,"Actual Loops": 5,"Inner Unique": true,"Hash Cond": "(partsupp.ps_partkey = part.p_partkey)","Workers": [],"Plans": [{"Node Type": "Index Only Scan","Parent Relationship": "Outer","Parallel Aware": true,"Async Capable": false,"Scan Direction": "Forward","Index Name": "partsupp_pkey","Relation Name": "partsupp","Alias": "partsupp","Startup Cost": 347.43,"Total Cost": 15631.43,"Plan Rows": 100000,"Plan Width": 8,"Actual Startup Time": 7.004,"Actual Total Time": 32.108,"Actual Rows": 159936,"Actual Loops": 5,"Filter": "(NOT (hashed SubPlan 1))","Rows Removed by Filter": 64,"Heap Fetches": 0,"Workers": [],"Plans": [{"Node Type": "Seq Scan","Parent Relationship": "SubPlan","Subplan Name": "SubPlan 1","Parallel Aware": false,"Async Capable": false,"Relation Name": "supplier","Alias": "supplier","Startup Cost": 0.00,"Total Cost": 347.00,"Plan Rows": 1,"Plan Width": 4,"Actual Startup Time": 0.163,"Actual Total Time": 6.821,"Actual Rows": 4,"Actual Loops": 5,"Filter": "((s_comment)::text ~~ '%Customer%Complaints%'::text)","Rows Removed by Filter": 9996,"Workers": []}]},{"Node Type": "Hash","Parent Relationship": "Inner","Parallel Aware": true,"Async Capable": false,"Startup Cost": 6180.33,"Total Cost": 6180.33,"Plan Rows": 12306,"Plan Width": 40,"Actual Startup Time": 23.125,"Actual Total Time": 23.128,"Actual Rows": 5916,"Actual Loops": 5,"Hash Buckets": 32768,"Original Hash Buckets": 32768,"Hash Batches": 1,"Original Hash Batches": 1,"Peak Memory Usage": 2592,"Workers": [],"Plans": [{"Node Type": "Seq Scan","Parent Relationship": "Outer","Parallel Aware": true,"Async Capable": false,"Relation Name": "part","Alias": "part","Startup Cost": 0.00,"Total Cost": 6180.33,"Plan Rows": 12306,"Plan Width": 40,"Actual Startup Time": 0.050,"Actual Total Time": 19.150,"Actual Rows": 5916,"Actual Loops": 5,"Filter": "((p_brand <> 'Brand#51'::bpchar) AND ((p_type)::text !~~ 'SMALL PLATED%'::text) AND (p_size = ANY ('{48,46,45,31,38,6,11,41}'::integer[])))","Rows Removed by Filter": 34084,"Workers": []}]}]}]}]}]}]},"Planning Time": 5.170,"Triggers": [],"Execution Time": 236.875}]
[{"Plan": {"Node Type": "Sort","Parallel Aware": false,"Async Capable": false,"Startup Cost": 32937.85,"Total Cost": 32977.27,"Plan Rows": 15767,"Plan Width": 44,"Actual Startup Time": 236.754,"Actual Total Time": 238.360,"Actual Rows": 18149,"Actual Loops": 1,"Sort Key": ["(count(DISTINCT partsupp.ps_suppkey)) DESC", "part.p_brand", "part.p_type", "part.p_size"],"Sort Method": "quicksort","Sort Space Used": 2327,"Sort Space Type": "Memory","Plans": [{"Node Type": "Aggregate","Strategy": "Sorted","Partial Mode": "Simple","Parent Relationship": "Outer","Parallel Aware": false,"Async Capable": false,"Startup Cost": 24217.35,"Total Cost": 31838.52,"Plan Rows": 15767,"Plan Width": 44,"Actual Startup Time": 131.529,"Actual Total Time": 199.145,"Actual Rows": 18149,"Actual Loops": 1,"Group Key": ["part.p_brand", "part.p_type", "part.p_size"],"Plans": [{"Node Type": "Gather Merge","Parent Relationship": "Outer","Parallel Aware": false,"Async Capable": false,"Startup Cost": 24217.35,"Total Cost": 31105.56,"Plan Rows": 57529,"Plan Width": 40,"Actual Startup Time": 131.474,"Actual Total Time": 170.727,"Actual Rows": 117224,"Actual Loops": 1,"Workers Planned": 4,"Workers Launched": 4,"Plans": [{"Node Type": "Sort","Parent Relationship": "Outer","Parallel Aware": false,"Async Capable": false,"Startup Cost": 23217.29,"Total Cost": 23253.25,"Plan Rows": 14382,"Plan Width": 40,"Actual Startup Time": 119.791,"Actual Total Time": 122.340,"Actual Rows": 23445,"Actual Loops": 5,"Sort Key": ["part.p_brand", "part.p_type", "part.p_size"],"Sort Method": "quicksort","Sort Space Used": 2438,"Sort Space Type": "Memory","Workers": [{"Worker Number": 0,"Sort Method": "quicksort","Sort Space Used": 2862,"Sort Space Type": "Memory"},{"Worker Number": 1,"Sort Method": "quicksort","Sort Space Used": 2451,"Sort Space Type": "Memory"},{"Worker Number": 2,"Sort Method": "quicksort","Sort Space Used": 2890,"Sort Space Type": "Memory"},{"Worker Number": 3,"Sort Method": "quicksort","Sort Space Used": 2865,"Sort Space Type": "Memory"}],"Plans": [{"Node Type": "Hash Join","Parent Relationship": "Outer","Parallel Aware": true,"Async Capable": false,"Join Type": "Inner","Startup Cost": 6677.57,"Total Cost": 22224.07,"Plan Rows": 14382,"Plan Width": 40,"Actual Startup Time": 28.976,"Actual Total Time": 78.721,"Actual Rows": 23445,"Actual Loops": 5,"Inner Unique": true,"Hash Cond": "(partsupp.ps_partkey = part.p_partkey)","Workers": [],"Plans": [{"Node Type": "Index Only Scan","Parent Relationship": "Outer","Parallel Aware": true,"Async Capable": false,"Scan Direction": "Forward","Index Name": "partsupp_pkey","Relation Name": "partsupp","Alias": "partsupp","Startup Cost": 347.43,"Total Cost": 15631.43,"Plan Rows": 100000,"Plan Width": 8,"Actual Startup Time": 6.482,"Actual Total Time": 31.811,"Actual Rows": 159936,"Actual Loops": 5,"Filter": "(NOT (hashed SubPlan 1))","Rows Removed by Filter": 64,"Heap Fetches": 0,"Workers": [],"Plans": [{"Node Type": "Seq Scan","Parent Relationship": "SubPlan","Subplan Name": "SubPlan 1","Parallel Aware": false,"Async Capable": false,"Relation Name": "supplier","Alias": "supplier","Startup Cost": 0.00,"Total Cost": 347.00,"Plan Rows": 1,"Plan Width": 4,"Actual Startup Time": 0.192,"Actual Total Time": 6.275,"Actual Rows": 4,"Actual Loops": 5,"Filter": "((s_comment)::text ~~ '%Customer%Complaints%'::text)","Rows Removed by Filter": 9996,"Workers": []}]},{"Node Type": "Hash","Parent Relationship": "Inner","Parallel Aware": true,"Async Capable": false,"Startup Cost": 6180.33,"Total Cost": 6180.33,"Plan Rows": 11985,"Plan Width": 40,"Actual Startup Time": 22.196,"Actual Total Time": 22.200,"Actual Rows": 5864,"Actual Loops": 5,"Hash Buckets": 32768,"Original Hash Buckets": 32768,"Hash Batches": 1,"Original Hash Batches": 1,"Peak Memory Usage": 2528,"Workers": [],"Plans": [{"Node Type": "Seq Scan","Parent Relationship": "Outer","Parallel Aware": true,"Async Capable": false,"Relation Name": "part","Alias": "part","Startup Cost": 0.00,"Total Cost": 6180.33,"Plan Rows": 11985,"Plan Width": 40,"Actual Startup Time": 0.066,"Actual Total Time": 18.440,"Actual Rows": 5864,"Actual Loops": 5,"Filter": "((p_brand <> 'Brand#31'::bpchar) AND ((p_type)::text !~~ 'SMALL BRUSHED%'::text) AND (p_size = ANY ('{22,44,19,8,26,13,31,28}'::integer[])))","Rows Removed by Filter": 34136,"Workers": []}]}]}]}]}]}]},"Planning Time": 4.866,"Triggers": [],"Execution Time": 239.300}]
[{"Plan": {"Node Type": "Sort","Parallel Aware": false,"Async Capable": false,"Startup Cost": 33177.27,"Total Cost": 33217.14,"Plan Rows": 15946,"Plan Width": 44,"Actual Startup Time": 233.748,"Actual Total Time": 235.605,"Actual Rows": 18186,"Actual Loops": 1,"Sort Key": ["(count(DISTINCT partsupp.ps_suppkey)) DESC", "part.p_brand", "part.p_type", "part.p_size"],"Sort Method": "quicksort","Sort Space Used": 2331,"Sort Space Type": "Memory","Plans": [{"Node Type": "Aggregate","Strategy": "Sorted","Partial Mode": "Simple","Parent Relationship": "Outer","Parallel Aware": false,"Async Capable": false,"Startup Cost": 24249.46,"Total Cost": 32064.17,"Plan Rows": 15946,"Plan Width": 44,"Actual Startup Time": 130.592,"Actual Total Time": 196.316,"Actual Rows": 18186,"Actual Loops": 1,"Group Key": ["part.p_brand", "part.p_type", "part.p_size"],"Plans": [{"Node Type": "Gather Merge","Parent Relationship": "Outer","Parallel Aware": false,"Async Capable": false,"Startup Cost": 24249.46,"Total Cost": 31314.64,"Plan Rows": 59007,"Plan Width": 40,"Actual Startup Time": 130.512,"Actual Total Time": 168.958,"Actual Rows": 117979,"Actual Loops": 1,"Workers Planned": 4,"Workers Launched": 4,"Plans": [{"Node Type": "Sort","Parent Relationship": "Outer","Parallel Aware": false,"Async Capable": false,"Startup Cost": 23249.40,"Total Cost": 23286.28,"Plan Rows": 14752,"Plan Width": 40,"Actual Startup Time": 122.249,"Actual Total Time": 124.747,"Actual Rows": 23596,"Actual Loops": 5,"Sort Key": ["part.p_brand", "part.p_type", "part.p_size"],"Sort Method": "quicksort","Sort Space Used": 2732,"Sort Space Type": "Memory","Workers": [{"Worker Number": 0,"Sort Method": "quicksort","Sort Space Used": 2689,"Sort Space Type": "Memory"},{"Worker Number": 1,"Sort Method": "quicksort","Sort Space Used": 2751,"Sort Space Type": "Memory"},{"Worker Number": 2,"Sort Method": "quicksort","Sort Space Used": 2705,"Sort Space Type": "Memory"},{"Worker Number": 3,"Sort Method": "quicksort","Sort Space Used": 2690,"Sort Space Type": "Memory"}],"Plans": [{"Node Type": "Hash Join","Parent Relationship": "Outer","Parallel Aware": true,"Async Capable": false,"Join Type": "Inner","Startup Cost": 6681.42,"Total Cost": 22227.92,"Plan Rows": 14752,"Plan Width": 40,"Actual Startup Time": 30.522,"Actual Total Time": 80.968,"Actual Rows": 23596,"Actual Loops": 5,"Inner Unique": true,"Hash Cond": "(partsupp.ps_partkey = part.p_partkey)","Workers": [],"Plans": [{"Node Type": "Index Only Scan","Parent Relationship": "Outer","Parallel Aware": true,"Async Capable": false,"Scan Direction": "Forward","Index Name": "partsupp_pkey","Relation Name": "partsupp","Alias": "partsupp","Startup Cost": 347.43,"Total Cost": 15631.43,"Plan Rows": 100000,"Plan Width": 8,"Actual Startup Time": 6.789,"Actual Total Time": 31.873,"Actual Rows": 159936,"Actual Loops": 5,"Filter": "(NOT (hashed SubPlan 1))","Rows Removed by Filter": 64,"Heap Fetches": 0,"Workers": [],"Plans": [{"Node Type": "Seq Scan","Parent Relationship": "SubPlan","Subplan Name": "SubPlan 1","Parallel Aware": false,"Async Capable": false,"Relation Name": "supplier","Alias": "supplier","Startup Cost": 0.00,"Total Cost": 347.00,"Plan Rows": 1,"Plan Width": 4,"Actual Startup Time": 0.126,"Actual Total Time": 6.655,"Actual Rows": 4,"Actual Loops": 5,"Filter": "((s_comment)::text ~~ '%Customer%Complaints%'::text)","Rows Removed by Filter": 9996,"Workers": []}]},{"Node Type": "Hash","Parent Relationship": "Inner","Parallel Aware": true,"Async Capable": false,"Startup Cost": 6180.33,"Total Cost": 6180.33,"Plan Rows": 12293,"Plan Width": 40,"Actual Startup Time": 23.444,"Actual Total Time": 23.446,"Actual Rows": 5901,"Actual Loops": 5,"Hash Buckets": 32768,"Original Hash Buckets": 32768,"Hash Batches": 1,"Original Hash Batches": 1,"Peak Memory Usage": 2528,"Workers": [],"Plans": [{"Node Type": "Seq Scan","Parent Relationship": "Outer","Parallel Aware": true,"Async Capable": false,"Relation Name": "part","Alias": "part","Startup Cost": 0.00,"Total Cost": 6180.33,"Plan Rows": 12293,"Plan Width": 40,"Actual Startup Time": 0.055,"Actual Total Time": 19.340,"Actual Rows": 5901,"Actual Loops": 5,"Filter": "((p_brand <> 'Brand#41'::bpchar) AND ((p_type)::text !~~ 'LARGE PLATED%'::text) AND (p_size = ANY ('{26,2,34,36,13,23,4,46}'::integer[])))","Rows Removed by Filter": 34099,"Workers": []}]}]}]}]}]}]},"Planning Time": 3.888,"Triggers": [],"Execution Time": 236.481}]
[{"Plan": {"Node Type": "Sort","Parallel Aware": false,"Async Capable": false,"Startup Cost": 33030.08,"Total Cost": 33069.67,"Plan Rows": 15837,"Plan Width": 44,"Actual Startup Time": 236.533,"Actual Total Time": 238.241,"Actual Rows": 18143,"Actual Loops": 1,"Sort Key": ["(count(DISTINCT partsupp.ps_suppkey)) DESC", "part.p_brand", "part.p_type", "part.p_size"],"Sort Method": "quicksort","Sort Space Used": 2327,"Sort Space Type": "Memory","Plans": [{"Node Type": "Aggregate","Strategy": "Sorted","Partial Mode": "Simple","Parent Relationship": "Outer","Parallel Aware": false,"Async Capable": false,"Startup Cost": 24229.67,"Total Cost": 31925.37,"Plan Rows": 15837,"Plan Width": 44,"Actual Startup Time": 132.803,"Actual Total Time": 198.023,"Actual Rows": 18143,"Actual Loops": 1,"Group Key": ["part.p_brand", "part.p_type", "part.p_size"],"Plans": [{"Node Type": "Gather Merge","Parent Relationship": "Outer","Parallel Aware": false,"Async Capable": false,"Startup Cost": 24229.67,"Total Cost": 31186.02,"Plan Rows": 58098,"Plan Width": 40,"Actual Startup Time": 132.734,"Actual Total Time": 170.811,"Actual Rows": 117604,"Actual Loops": 1,"Workers Planned": 4,"Workers Launched": 4,"Plans": [{"Node Type": "Sort","Parent Relationship": "Outer","Parallel Aware": false,"Async Capable": false,"Startup Cost": 23229.62,"Total Cost": 23265.93,"Plan Rows": 14524,"Plan Width": 40,"Actual Startup Time": 121.822,"Actual Total Time": 123.858,"Actual Rows": 23521,"Actual Loops": 5,"Sort Key": ["part.p_brand", "part.p_type", "part.p_size"],"Sort Method": "quicksort","Sort Space Used": 2491,"Sort Space Type": "Memory","Workers": [{"Worker Number": 0,"Sort Method": "quicksort","Sort Space Used": 2475,"Sort Space Type": "Memory"},{"Worker Number": 1,"Sort Method": "quicksort","Sort Space Used": 2873,"Sort Space Type": "Memory"},{"Worker Number": 2,"Sort Method": "quicksort","Sort Space Used": 2832,"Sort Space Type": "Memory"},{"Worker Number": 3,"Sort Method": "quicksort","Sort Space Used": 2862,"Sort Space Type": "Memory"}],"Plans": [{"Node Type": "Hash Join","Parent Relationship": "Outer","Parallel Aware": true,"Async Capable": false,"Join Type": "Inner","Startup Cost": 6679.06,"Total Cost": 22225.56,"Plan Rows": 14524,"Plan Width": 40,"Actual Startup Time": 28.876,"Actual Total Time": 80.215,"Actual Rows": 23521,"Actual Loops": 5,"Inner Unique": true,"Hash Cond": "(partsupp.ps_partkey = part.p_partkey)","Workers": [],"Plans": [{"Node Type": "Index Only Scan","Parent Relationship": "Outer","Parallel Aware": true,"Async Capable": false,"Scan Direction": "Forward","Index Name": "partsupp_pkey","Relation Name": "partsupp","Alias": "partsupp","Startup Cost": 347.43,"Total Cost": 15631.43,"Plan Rows": 100000,"Plan Width": 8,"Actual Startup Time": 6.955,"Actual Total Time": 33.867,"Actual Rows": 159936,"Actual Loops": 5,"Filter": "(NOT (hashed SubPlan 1))","Rows Removed by Filter": 64,"Heap Fetches": 0,"Workers": [],"Plans": [{"Node Type": "Seq Scan","Parent Relationship": "SubPlan","Subplan Name": "SubPlan 1","Parallel Aware": false,"Async Capable": false,"Relation Name": "supplier","Alias": "supplier","Startup Cost": 0.00,"Total Cost": 347.00,"Plan Rows": 1,"Plan Width": 4,"Actual Startup Time": 0.171,"Actual Total Time": 6.793,"Actual Rows": 4,"Actual Loops": 5,"Filter": "((s_comment)::text ~~ '%Customer%Complaints%'::text)","Rows Removed by Filter": 9996,"Workers": []}]},{"Node Type": "Hash","Parent Relationship": "Inner","Parallel Aware": true,"Async Capable": false,"Startup Cost": 6180.33,"Total Cost": 6180.33,"Plan Rows": 12104,"Plan Width": 40,"Actual Startup Time": 21.658,"Actual Total Time": 21.662,"Actual Rows": 5883,"Actual Loops": 5,"Hash Buckets": 32768,"Original Hash Buckets": 32768,"Hash Batches": 1,"Original Hash Batches": 1,"Peak Memory Usage": 2496,"Workers": [],"Plans": [{"Node Type": "Seq Scan","Parent Relationship": "Outer","Parallel Aware": true,"Async Capable": false,"Relation Name": "part","Alias": "part","Startup Cost": 0.00,"Total Cost": 6180.33,"Plan Rows": 12104,"Plan Width": 40,"Actual Startup Time": 0.052,"Actual Total Time": 17.998,"Actual Rows": 5883,"Actual Loops": 5,"Filter": "((p_brand <> 'Brand#54'::bpchar) AND ((p_type)::text !~~ 'LARGE BRUSHED%'::text) AND (p_size = ANY ('{47,27,31,7,23,28,33,36}'::integer[])))","Rows Removed by Filter": 34117,"Workers": []}]}]}]}]}]}]},"Planning Time": 5.327,"Triggers": [],"Execution Time": 239.131}]
[{"Plan": {"Node Type": "Sort","Parallel Aware": false,"Async Capable": false,"Startup Cost": 33259.70,"Total Cost": 33299.71,"Plan Rows": 16006,"Plan Width": 44,"Actual Startup Time": 231.946,"Actual Total Time": 233.828,"Actual Rows": 18304,"Actual Loops": 1,"Sort Key": ["(count(DISTINCT partsupp.ps_suppkey)) DESC", "part.p_brand", "part.p_type", "part.p_size"],"Sort Method": "quicksort","Sort Space Used": 2341,"Sort Space Type": "Memory","Plans": [{"Node Type": "Aggregate","Strategy": "Sorted","Partial Mode": "Simple","Parent Relationship": "Outer","Parallel Aware": false,"Async Capable": false,"Startup Cost": 24260.49,"Total Cost": 32141.97,"Plan Rows": 16006,"Plan Width": 44,"Actual Startup Time": 131.337,"Actual Total Time": 197.303,"Actual Rows": 18304,"Actual Loops": 1,"Group Key": ["part.p_brand", "part.p_type", "part.p_size"],"Plans": [{"Node Type": "Gather Merge","Parent Relationship": "Outer","Parallel Aware": false,"Async Capable": false,"Startup Cost": 24260.49,"Total Cost": 31386.74,"Plan Rows": 59517,"Plan Width": 40,"Actual Startup Time": 131.274,"Actual Total Time": 169.900,"Actual Rows": 118302,"Actual Loops": 1,"Workers Planned": 4,"Workers Launched": 4,"Plans": [{"Node Type": "Sort","Parent Relationship": "Outer","Parallel Aware": false,"Async Capable": false,"Startup Cost": 23260.44,"Total Cost": 23297.63,"Plan Rows": 14879,"Plan Width": 40,"Actual Startup Time": 122.186,"Actual Total Time": 124.886,"Actual Rows": 23660,"Actual Loops": 5,"Sort Key": ["part.p_brand", "part.p_type", "part.p_size"],"Sort Method": "quicksort","Sort Space Used": 2690,"Sort Space Type": "Memory","Workers": [{"Worker Number": 0,"Sort Method": "quicksort","Sort Space Used": 2693,"Sort Space Type": "Memory"},{"Worker Number": 1,"Sort Method": "quicksort","Sort Space Used": 2726,"Sort Space Type": "Memory"},{"Worker Number": 2,"Sort Method": "quicksort","Sort Space Used": 2728,"Sort Space Type": "Memory"},{"Worker Number": 3,"Sort Method": "quicksort","Sort Space Used": 2754,"Sort Space Type": "Memory"}],"Plans": [{"Node Type": "Hash Join","Parent Relationship": "Outer","Parallel Aware": true,"Async Capable": false,"Join Type": "Inner","Startup Cost": 6682.75,"Total Cost": 22229.25,"Plan Rows": 14879,"Plan Width": 40,"Actual Startup Time": 30.165,"Actual Total Time": 80.481,"Actual Rows": 23660,"Actual Loops": 5,"Inner Unique": true,"Hash Cond": "(partsupp.ps_partkey = part.p_partkey)","Workers": [],"Plans": [{"Node Type": "Index Only Scan","Parent Relationship": "Outer","Parallel Aware": true,"Async Capable": false,"Scan Direction": "Forward","Index Name": "partsupp_pkey","Relation Name": "partsupp","Alias": "partsupp","Startup Cost": 347.43,"Total Cost": 15631.43,"Plan Rows": 100000,"Plan Width": 8,"Actual Startup Time": 7.032,"Actual Total Time": 32.167,"Actual Rows": 159936,"Actual Loops": 5,"Filter": "(NOT (hashed SubPlan 1))","Rows Removed by Filter": 64,"Heap Fetches": 0,"Workers": [],"Plans": [{"Node Type": "Seq Scan","Parent Relationship": "SubPlan","Subplan Name": "SubPlan 1","Parallel Aware": false,"Async Capable": false,"Relation Name": "supplier","Alias": "supplier","Startup Cost": 0.00,"Total Cost": 347.00,"Plan Rows": 1,"Plan Width": 4,"Actual Startup Time": 0.207,"Actual Total Time": 6.912,"Actual Rows": 4,"Actual Loops": 5,"Filter": "((s_comment)::text ~~ '%Customer%Complaints%'::text)","Rows Removed by Filter": 9996,"Workers": []}]},{"Node Type": "Hash","Parent Relationship": "Inner","Parallel Aware": true,"Async Capable": false,"Startup Cost": 6180.33,"Total Cost": 6180.33,"Plan Rows": 12399,"Plan Width": 40,"Actual Startup Time": 22.820,"Actual Total Time": 22.823,"Actual Rows": 5918,"Actual Loops": 5,"Hash Buckets": 32768,"Original Hash Buckets": 32768,"Hash Batches": 1,"Original Hash Batches": 1,"Peak Memory Usage": 2592,"Workers": [],"Plans": [{"Node Type": "Seq Scan","Parent Relationship": "Outer","Parallel Aware": true,"Async Capable": false,"Relation Name": "part","Alias": "part","Startup Cost": 0.00,"Total Cost": 6180.33,"Plan Rows": 12399,"Plan Width": 40,"Actual Startup Time": 0.056,"Actual Total Time": 18.963,"Actual Rows": 5918,"Actual Loops": 5,"Filter": "((p_brand <> 'Brand#32'::bpchar) AND ((p_type)::text !~~ 'SMALL PLATED%'::text) AND (p_size = ANY ('{39,44,34,50,25,28,10,19}'::integer[])))","Rows Removed by Filter": 34082,"Workers": []}]}]}]}]}]}]},"Planning Time": 5.077,"Triggers": [],"Execution Time": 234.679}]
[{"Plan": {"Node Type": "Sort","Parallel Aware": false,"Async Capable": false,"Startup Cost": 33335.99,"Total Cost": 33376.14,"Plan Rows": 16061,"Plan Width": 44,"Actual Startup Time": 237.342,"Actual Total Time": 239.342,"Actual Rows": 18284,"Actual Loops": 1,"Sort Key": ["(count(DISTINCT partsupp.ps_suppkey)) DESC", "part.p_brand", "part.p_type", "part.p_size"],"Sort Method": "quicksort","Sort Space Used": 2339,"Sort Space Type": "Memory","Plans": [{"Node Type": "Aggregate","Strategy": "Sorted","Partial Mode": "Simple","Parent Relationship": "Outer","Parallel Aware": false,"Async Capable": false,"Startup Cost": 24270.76,"Total Cost": 32214.03,"Plan Rows": 16061,"Plan Width": 44,"Actual Startup Time": 131.734,"Actual Total Time": 198.032,"Actual Rows": 18284,"Actual Loops": 1,"Group Key": ["part.p_brand", "part.p_type", "part.p_size"],"Plans": [{"Node Type": "Gather Merge","Parent Relationship": "Outer","Parallel Aware": false,"Async Capable": false,"Startup Cost": 24270.76,"Total Cost": 31453.53,"Plan Rows": 59989,"Plan Width": 40,"Actual Startup Time": 131.650,"Actual Total Time": 170.670,"Actual Rows": 118894,"Actual Loops": 1,"Workers Planned": 4,"Workers Launched": 4,"Plans": [{"Node Type": "Sort","Parent Relationship": "Outer","Parallel Aware": false,"Async Capable": false,"Startup Cost": 23270.71,"Total Cost": 23308.20,"Plan Rows": 14997,"Plan Width": 40,"Actual Startup Time": 123.684,"Actual Total Time": 126.135,"Actual Rows": 23779,"Actual Loops": 5,"Sort Key": ["part.p_brand", "part.p_type", "part.p_size"],"Sort Method": "quicksort","Sort Space Used": 2716,"Sort Space Type": "Memory","Workers": [{"Worker Number": 0,"Sort Method": "quicksort","Sort Space Used": 2733,"Sort Space Type": "Memory"},{"Worker Number": 1,"Sort Method": "quicksort","Sort Space Used": 2744,"Sort Space Type": "Memory"},{"Worker Number": 2,"Sort Method": "quicksort","Sort Space Used": 2681,"Sort Space Type": "Memory"},{"Worker Number": 3,"Sort Method": "quicksort","Sort Space Used": 2743,"Sort Space Type": "Memory"}],"Plans": [{"Node Type": "Hash Join","Parent Relationship": "Outer","Parallel Aware": true,"Async Capable": false,"Join Type": "Inner","Startup Cost": 6683.99,"Total Cost": 22230.49,"Plan Rows": 14997,"Plan Width": 40,"Actual Startup Time": 31.827,"Actual Total Time": 82.139,"Actual Rows": 23779,"Actual Loops": 5,"Inner Unique": true,"Hash Cond": "(partsupp.ps_partkey = part.p_partkey)","Workers": [],"Plans": [{"Node Type": "Index Only Scan","Parent Relationship": "Outer","Parallel Aware": true,"Async Capable": false,"Scan Direction": "Forward","Index Name": "partsupp_pkey","Relation Name": "partsupp","Alias": "partsupp","Startup Cost": 347.43,"Total Cost": 15631.43,"Plan Rows": 100000,"Plan Width": 8,"Actual Startup Time": 8.416,"Actual Total Time": 33.397,"Actual Rows": 159936,"Actual Loops": 5,"Filter": "(NOT (hashed SubPlan 1))","Rows Removed by Filter": 64,"Heap Fetches": 0,"Workers": [],"Plans": [{"Node Type": "Seq Scan","Parent Relationship": "SubPlan","Subplan Name": "SubPlan 1","Parallel Aware": false,"Async Capable": false,"Relation Name": "supplier","Alias": "supplier","Startup Cost": 0.00,"Total Cost": 347.00,"Plan Rows": 1,"Plan Width": 4,"Actual Startup Time": 0.388,"Actual Total Time": 8.228,"Actual Rows": 4,"Actual Loops": 5,"Filter": "((s_comment)::text ~~ '%Customer%Complaints%'::text)","Rows Removed by Filter": 9996,"Workers": []}]},{"Node Type": "Hash","Parent Relationship": "Inner","Parallel Aware": true,"Async Capable": false,"Startup Cost": 6180.33,"Total Cost": 6180.33,"Plan Rows": 12498,"Plan Width": 40,"Actual Startup Time": 23.167,"Actual Total Time": 23.172,"Actual Rows": 5947,"Actual Loops": 5,"Hash Buckets": 32768,"Original Hash Buckets": 32768,"Hash Batches": 1,"Original Hash Batches": 1,"Peak Memory Usage": 2560,"Workers": [],"Plans": [{"Node Type": "Seq Scan","Parent Relationship": "Outer","Parallel Aware": true,"Async Capable": false,"Relation Name": "part","Alias": "part","Startup Cost": 0.00,"Total Cost": 6180.33,"Plan Rows": 12498,"Plan Width": 40,"Actual Startup Time": 0.049,"Actual Total Time": 19.504,"Actual Rows": 5947,"Actual Loops": 5,"Filter": "((p_brand <> 'Brand#54'::bpchar) AND ((p_type)::text !~~ 'MEDIUM ANODIZED%'::text) AND (p_size = ANY ('{24,14,26,22,2,4,25,31}'::integer[])))","Rows Removed by Filter": 34053,"Workers": []}]}]}]}]}]}]},"Planning Time": 4.081,"Triggers": [],"Execution Time": 240.632}]
[{"Plan": {"Node Type": "Sort","Parallel Aware": false,"Async Capable": false,"Startup Cost": 33099.89,"Total Cost": 33139.61,"Plan Rows": 15889,"Plan Width": 44,"Actual Startup Time": 236.739,"Actual Total Time": 238.483,"Actual Rows": 18169,"Actual Loops": 1,"Sort Key": ["(count(DISTINCT partsupp.ps_suppkey)) DESC", "part.p_brand", "part.p_type", "part.p_size"],"Sort Method": "quicksort","Sort Space Used": 2329,"Sort Space Type": "Memory","Plans": [{"Node Type": "Aggregate","Strategy": "Sorted","Partial Mode": "Simple","Parent Relationship": "Outer","Parallel Aware": false,"Async Capable": false,"Startup Cost": 24239.05,"Total Cost": 31991.18,"Plan Rows": 15889,"Plan Width": 44,"Actual Startup Time": 133.113,"Actual Total Time": 200.955,"Actual Rows": 18169,"Actual Loops": 1,"Group Key": ["part.p_brand", "part.p_type", "part.p_size"],"Plans": [{"Node Type": "Gather Merge","Parent Relationship": "Outer","Parallel Aware": false,"Async Capable": false,"Startup Cost": 24239.05,"Total Cost": 31247.00,"Plan Rows": 58529,"Plan Width": 40,"Actual Startup Time": 133.043,"Actual Total Time": 172.579,"Actual Rows": 118697,"Actual Loops": 1,"Workers Planned": 4,"Workers Launched": 4,"Plans": [{"Node Type": "Sort","Parent Relationship": "Outer","Parallel Aware": false,"Async Capable": false,"Startup Cost": 23238.99,"Total Cost": 23275.57,"Plan Rows": 14632,"Plan Width": 40,"Actual Startup Time": 121.659,"Actual Total Time": 124.165,"Actual Rows": 23739,"Actual Loops": 5,"Sort Key": ["part.p_brand", "part.p_type", "part.p_size"],"Sort Method": "quicksort","Sort Space Used": 2528,"Sort Space Type": "Memory","Workers": [{"Worker Number": 0,"Sort Method": "quicksort","Sort Space Used": 2863,"Sort Space Type": "Memory"},{"Worker Number": 1,"Sort Method": "quicksort","Sort Space Used": 2850,"Sort Space Type": "Memory"},{"Worker Number": 2,"Sort Method": "quicksort","Sort Space Used": 2880,"Sort Space Type": "Memory"},{"Worker Number": 3,"Sort Method": "quicksort","Sort Space Used": 2495,"Sort Space Type": "Memory"}],"Plans": [{"Node Type": "Hash Join","Parent Relationship": "Outer","Parallel Aware": true,"Async Capable": false,"Join Type": "Inner","Startup Cost": 6680.19,"Total Cost": 22226.69,"Plan Rows": 14632,"Plan Width": 40,"Actual Startup Time": 28.704,"Actual Total Time": 79.672,"Actual Rows": 23739,"Actual Loops": 5,"Inner Unique": true,"Hash Cond": "(partsupp.ps_partkey = part.p_partkey)","Workers": [],"Plans": [{"Node Type": "Index Only Scan","Parent Relationship": "Outer","Parallel Aware": true,"Async Capable": false,"Scan Direction": "Forward","Index Name": "partsupp_pkey","Relation Name": "partsupp","Alias": "partsupp","Startup Cost": 347.43,"Total Cost": 15631.43,"Plan Rows": 100000,"Plan Width": 8,"Actual Startup Time": 6.857,"Actual Total Time": 33.104,"Actual Rows": 159936,"Actual Loops": 5,"Filter": "(NOT (hashed SubPlan 1))","Rows Removed by Filter": 64,"Heap Fetches": 0,"Workers": [],"Plans": [{"Node Type": "Seq Scan","Parent Relationship": "SubPlan","Subplan Name": "SubPlan 1","Parallel Aware": false,"Async Capable": false,"Relation Name": "supplier","Alias": "supplier","Startup Cost": 0.00,"Total Cost": 347.00,"Plan Rows": 1,"Plan Width": 4,"Actual Startup Time": 0.226,"Actual Total Time": 6.683,"Actual Rows": 4,"Actual Loops": 5,"Filter": "((s_comment)::text ~~ '%Customer%Complaints%'::text)","Rows Removed by Filter": 9996,"Workers": []}]},{"Node Type": "Hash","Parent Relationship": "Inner","Parallel Aware": true,"Async Capable": false,"Startup Cost": 6180.33,"Total Cost": 6180.33,"Plan Rows": 12194,"Plan Width": 40,"Actual Startup Time": 21.511,"Actual Total Time": 21.514,"Actual Rows": 5937,"Actual Loops": 5,"Hash Buckets": 32768,"Original Hash Buckets": 32768,"Hash Batches": 1,"Original Hash Batches": 1,"Peak Memory Usage": 2560,"Workers": [],"Plans": [{"Node Type": "Seq Scan","Parent Relationship": "Outer","Parallel Aware": true,"Async Capable": false,"Relation Name": "part","Alias": "part","Startup Cost": 0.00,"Total Cost": 6180.33,"Plan Rows": 12194,"Plan Width": 40,"Actual Startup Time": 0.067,"Actual Total Time": 17.712,"Actual Rows": 5937,"Actual Loops": 5,"Filter": "((p_brand <> 'Brand#15'::bpchar) AND ((p_type)::text !~~ 'LARGE POLISHED%'::text) AND (p_size = ANY ('{36,39,26,31,18,11,10,6}'::integer[])))","Rows Removed by Filter": 34063,"Workers": []}]}]}]}]}]}]},"Planning Time": 4.885,"Triggers": [],"Execution Time": 239.428}]
[{"Plan": {"Node Type": "Sort","Parallel Aware": false,"Async Capable": false,"Startup Cost": 33248.84,"Total Cost": 33288.84,"Plan Rows": 15998,"Plan Width": 44,"Actual Startup Time": 243.328,"Actual Total Time": 245.359,"Actual Rows": 18434,"Actual Loops": 1,"Sort Key": ["(count(DISTINCT partsupp.ps_suppkey)) DESC", "part.p_brand", "part.p_type", "part.p_size"],"Sort Method": "quicksort","Sort Space Used": 2352,"Sort Space Type": "Memory","Plans": [{"Node Type": "Aggregate","Strategy": "Sorted","Partial Mode": "Simple","Parent Relationship": "Outer","Parallel Aware": false,"Async Capable": false,"Startup Cost": 24259.03,"Total Cost": 32131.73,"Plan Rows": 15998,"Plan Width": 44,"Actual Startup Time": 137.384,"Actual Total Time": 204.603,"Actual Rows": 18434,"Actual Loops": 1,"Group Key": ["part.p_brand", "part.p_type", "part.p_size"],"Plans": [{"Node Type": "Gather Merge","Parent Relationship": "Outer","Parallel Aware": false,"Async Capable": false,"Startup Cost": 24259.03,"Total Cost": 31377.25,"Plan Rows": 59450,"Plan Width": 40,"Actual Startup Time": 137.313,"Actual Total Time": 176.955,"Actual Rows": 120256,"Actual Loops": 1,"Workers Planned": 4,"Workers Launched": 4,"Plans": [{"Node Type": "Sort","Parent Relationship": "Outer","Parallel Aware": false,"Async Capable": false,"Startup Cost": 23258.97,"Total Cost": 23296.13,"Plan Rows": 14862,"Plan Width": 40,"Actual Startup Time": 124.012,"Actual Total Time": 126.800,"Actual Rows": 24051,"Actual Loops": 5,"Sort Key": ["part.p_brand", "part.p_type", "part.p_size"],"Sort Method": "quicksort","Sort Space Used": 2499,"Sort Space Type": "Memory","Workers": [{"Worker Number": 0,"Sort Method": "quicksort","Sort Space Used": 3021,"Sort Space Type": "Memory"},{"Worker Number": 1,"Sort Method": "quicksort","Sort Space Used": 2192,"Sort Space Type": "Memory"},{"Worker Number": 2,"Sort Method": "quicksort","Sort Space Used": 3021,"Sort Space Type": "Memory"},{"Worker Number": 3,"Sort Method": "quicksort","Sort Space Used": 3011,"Sort Space Type": "Memory"}],"Plans": [{"Node Type": "Hash Join","Parent Relationship": "Outer","Parallel Aware": true,"Async Capable": false,"Join Type": "Inner","Startup Cost": 6682.59,"Total Cost": 22229.09,"Plan Rows": 14862,"Plan Width": 40,"Actual Startup Time": 29.268,"Actual Total Time": 81.341,"Actual Rows": 24051,"Actual Loops": 5,"Inner Unique": true,"Hash Cond": "(partsupp.ps_partkey = part.p_partkey)","Workers": [],"Plans": [{"Node Type": "Index Only Scan","Parent Relationship": "Outer","Parallel Aware": true,"Async Capable": false,"Scan Direction": "Forward","Index Name": "partsupp_pkey","Relation Name": "partsupp","Alias": "partsupp","Startup Cost": 347.43,"Total Cost": 15631.43,"Plan Rows": 100000,"Plan Width": 8,"Actual Startup Time": 7.116,"Actual Total Time": 33.249,"Actual Rows": 159936,"Actual Loops": 5,"Filter": "(NOT (hashed SubPlan 1))","Rows Removed by Filter": 64,"Heap Fetches": 0,"Workers": [],"Plans": [{"Node Type": "Seq Scan","Parent Relationship": "SubPlan","Subplan Name": "SubPlan 1","Parallel Aware": false,"Async Capable": false,"Relation Name": "supplier","Alias": "supplier","Startup Cost": 0.00,"Total Cost": 347.00,"Plan Rows": 1,"Plan Width": 4,"Actual Startup Time": 0.128,"Actual Total Time": 6.949,"Actual Rows": 4,"Actual Loops": 5,"Filter": "((s_comment)::text ~~ '%Customer%Complaints%'::text)","Rows Removed by Filter": 9996,"Workers": []}]},{"Node Type": "Hash","Parent Relationship": "Inner","Parallel Aware": true,"Async Capable": false,"Startup Cost": 6180.33,"Total Cost": 6180.33,"Plan Rows": 12386,"Plan Width": 40,"Actual Startup Time": 21.809,"Actual Total Time": 21.813,"Actual Rows": 6015,"Actual Loops": 5,"Hash Buckets": 32768,"Original Hash Buckets": 32768,"Hash Batches": 1,"Original Hash Batches": 1,"Peak Memory Usage": 2560,"Workers": [],"Plans": [{"Node Type": "Seq Scan","Parent Relationship": "Outer","Parallel Aware": true,"Async Capable": false,"Relation Name": "part","Alias": "part","Startup Cost": 0.00,"Total Cost": 6180.33,"Plan Rows": 12386,"Plan Width": 40,"Actual Startup Time": 0.062,"Actual Total Time": 18.244,"Actual Rows": 6015,"Actual Loops": 5,"Filter": "((p_brand <> 'Brand#52'::bpchar) AND ((p_type)::text !~~ 'MEDIUM BRUSHED%'::text) AND (p_size = ANY ('{16,10,44,19,12,35,2,38}'::integer[])))","Rows Removed by Filter": 33985,"Workers": []}]}]}]}]}]}]},"Planning Time": 4.910,"Triggers": [],"Execution Time": 246.597}]
[{"Plan": {"Node Type": "Sort","Parallel Aware": false,"Async Capable": false,"Startup Cost": 33226.11,"Total Cost": 33266.06,"Plan Rows": 15982,"Plan Width": 44,"Actual Startup Time": 245.499,"Actual Total Time": 247.289,"Actual Rows": 18389,"Actual Loops": 1,"Sort Key": ["(count(DISTINCT partsupp.ps_suppkey)) DESC", "part.p_brand", "part.p_type", "part.p_size"],"Sort Method": "quicksort","Sort Space Used": 2348,"Sort Space Type": "Memory","Plans": [{"Node Type": "Aggregate","Strategy": "Sorted","Partial Mode": "Simple","Parent Relationship": "Outer","Parallel Aware": false,"Async Capable": false,"Startup Cost": 24255.98,"Total Cost": 32110.23,"Plan Rows": 15982,"Plan Width": 44,"Actual Startup Time": 137.724,"Actual Total Time": 206.892,"Actual Rows": 18389,"Actual Loops": 1,"Group Key": ["part.p_brand", "part.p_type", "part.p_size"],"Plans": [{"Node Type": "Gather Merge","Parent Relationship": "Outer","Parallel Aware": false,"Async Capable": false,"Startup Cost": 24255.98,"Total Cost": 31357.32,"Plan Rows": 59309,"Plan Width": 40,"Actual Startup Time": 137.676,"Actual Total Time": 177.985,"Actual Rows": 119948,"Actual Loops": 1,"Workers Planned": 4,"Workers Launched": 4,"Plans": [{"Node Type": "Sort","Parent Relationship": "Outer","Parallel Aware": false,"Async Capable": false,"Startup Cost": 23255.92,"Total Cost": 23292.99,"Plan Rows": 14827,"Plan Width": 40,"Actual Startup Time": 124.358,"Actual Total Time": 127.145,"Actual Rows": 23990,"Actual Loops": 5,"Sort Key": ["part.p_brand", "part.p_type", "part.p_size"],"Sort Method": "quicksort","Sort Space Used": 2472,"Sort Space Type": "Memory","Workers": [{"Worker Number": 0,"Sort Method": "quicksort","Sort Space Used": 2821,"Sort Space Type": "Memory"},{"Worker Number": 1,"Sort Method": "quicksort","Sort Space Used": 2716,"Sort Space Type": "Memory"},{"Worker Number": 2,"Sort Method": "quicksort","Sort Space Used": 2857,"Sort Space Type": "Memory"},{"Worker Number": 3,"Sort Method": "quicksort","Sort Space Used": 2848,"Sort Space Type": "Memory"}],"Plans": [{"Node Type": "Hash Join","Parent Relationship": "Outer","Parallel Aware": true,"Async Capable": false,"Join Type": "Inner","Startup Cost": 6682.21,"Total Cost": 22228.71,"Plan Rows": 14827,"Plan Width": 40,"Actual Startup Time": 30.968,"Actual Total Time": 80.854,"Actual Rows": 23990,"Actual Loops": 5,"Inner Unique": true,"Hash Cond": "(partsupp.ps_partkey = part.p_partkey)","Workers": [],"Plans": [{"Node Type": "Index Only Scan","Parent Relationship": "Outer","Parallel Aware": true,"Async Capable": false,"Scan Direction": "Forward","Index Name": "partsupp_pkey","Relation Name": "partsupp","Alias": "partsupp","Startup Cost": 347.43,"Total Cost": 15631.43,"Plan Rows": 100000,"Plan Width": 8,"Actual Startup Time": 8.061,"Actual Total Time": 33.813,"Actual Rows": 159936,"Actual Loops": 5,"Filter": "(NOT (hashed SubPlan 1))","Rows Removed by Filter": 64,"Heap Fetches": 0,"Workers": [],"Plans": [{"Node Type": "Seq Scan","Parent Relationship": "SubPlan","Subplan Name": "SubPlan 1","Parallel Aware": false,"Async Capable": false,"Relation Name": "supplier","Alias": "supplier","Startup Cost": 0.00,"Total Cost": 347.00,"Plan Rows": 1,"Plan Width": 4,"Actual Startup Time": 0.163,"Actual Total Time": 7.910,"Actual Rows": 4,"Actual Loops": 5,"Filter": "((s_comment)::text ~~ '%Customer%Complaints%'::text)","Rows Removed by Filter": 9996,"Workers": []}]},{"Node Type": "Hash","Parent Relationship": "Inner","Parallel Aware": true,"Async Capable": false,"Startup Cost": 6180.33,"Total Cost": 6180.33,"Plan Rows": 12356,"Plan Width": 40,"Actual Startup Time": 22.581,"Actual Total Time": 22.585,"Actual Rows": 6000,"Actual Loops": 5,"Hash Buckets": 32768,"Original Hash Buckets": 32768,"Hash Batches": 1,"Original Hash Batches": 1,"Peak Memory Usage": 2592,"Workers": [],"Plans": [{"Node Type": "Seq Scan","Parent Relationship": "Outer","Parallel Aware": true,"Async Capable": false,"Relation Name": "part","Alias": "part","Startup Cost": 0.00,"Total Cost": 6180.33,"Plan Rows": 12356,"Plan Width": 40,"Actual Startup Time": 0.050,"Actual Total Time": 18.768,"Actual Rows": 6000,"Actual Loops": 5,"Filter": "((p_brand <> 'Brand#11'::bpchar) AND ((p_type)::text !~~ 'MEDIUM BRUSHED%'::text) AND (p_size = ANY ('{10,6,38,24,3,44,45,7}'::integer[])))","Rows Removed by Filter": 34000,"Workers": []}]}]}]}]}]}]},"Planning Time": 5.466,"Triggers": [],"Execution Time": 248.162}]
[{"Plan": {"Node Type": "Sort","Parallel Aware": false,"Async Capable": false,"Startup Cost": 33130.00,"Total Cost": 33169.78,"Plan Rows": 15911,"Plan Width": 44,"Actual Startup Time": 238.396,"Actual Total Time": 240.190,"Actual Rows": 18403,"Actual Loops": 1,"Sort Key": ["(count(DISTINCT partsupp.ps_suppkey)) DESC", "part.p_brand", "part.p_type", "part.p_size"],"Sort Method": "quicksort","Sort Space Used": 2349,"Sort Space Type": "Memory","Plans": [{"Node Type": "Aggregate","Strategy": "Sorted","Partial Mode": "Simple","Parent Relationship": "Outer","Parallel Aware": false,"Async Capable": false,"Startup Cost": 24243.11,"Total Cost": 32019.59,"Plan Rows": 15911,"Plan Width": 44,"Actual Startup Time": 133.889,"Actual Total Time": 201.957,"Actual Rows": 18403,"Actual Loops": 1,"Group Key": ["part.p_brand", "part.p_type", "part.p_size"],"Plans": [{"Node Type": "Gather Merge","Parent Relationship": "Outer","Parallel Aware": false,"Async Capable": false,"Startup Cost": 24243.11,"Total Cost": 31273.33,"Plan Rows": 58715,"Plan Width": 40,"Actual Startup Time": 133.849,"Actual Total Time": 173.434,"Actual Rows": 119156,"Actual Loops": 1,"Workers Planned": 4,"Workers Launched": 4,"Plans": [{"Node Type": "Sort","Parent Relationship": "Outer","Parallel Aware": false,"Async Capable": false,"Startup Cost": 23243.06,"Total Cost": 23279.75,"Plan Rows": 14679,"Plan Width": 40,"Actual Startup Time": 123.287,"Actual Total Time": 125.678,"Actual Rows": 23831,"Actual Loops": 5,"Sort Key": ["part.p_brand", "part.p_type", "part.p_size"],"Sort Method": "quicksort","Sort Space Used": 2445,"Sort Space Type": "Memory","Workers": [{"Worker Number": 0,"Sort Method": "quicksort","Sort Space Used": 2653,"Sort Space Type": "Memory"},{"Worker Number": 1,"Sort Method": "quicksort","Sort Space Used": 2854,"Sort Space Type": "Memory"},{"Worker Number": 2,"Sort Method": "quicksort","Sort Space Used": 2847,"Sort Space Type": "Memory"},{"Worker Number": 3,"Sort Method": "quicksort","Sort Space Used": 2852,"Sort Space Type": "Memory"}],"Plans": [{"Node Type": "Hash Join","Parent Relationship": "Outer","Parallel Aware": true,"Async Capable": false,"Join Type": "Inner","Startup Cost": 6680.66,"Total Cost": 22227.16,"Plan Rows": 14679,"Plan Width": 40,"Actual Startup Time": 29.559,"Actual Total Time": 80.069,"Actual Rows": 23831,"Actual Loops": 5,"Inner Unique": true,"Hash Cond": "(partsupp.ps_partkey = part.p_partkey)","Workers": [],"Plans": [{"Node Type": "Index Only Scan","Parent Relationship": "Outer","Parallel Aware": true,"Async Capable": false,"Scan Direction": "Forward","Index Name": "partsupp_pkey","Relation Name": "partsupp","Alias": "partsupp","Startup Cost": 347.43,"Total Cost": 15631.43,"Plan Rows": 100000,"Plan Width": 8,"Actual Startup Time": 6.973,"Actual Total Time": 33.366,"Actual Rows": 159936,"Actual Loops": 5,"Filter": "(NOT (hashed SubPlan 1))","Rows Removed by Filter": 64,"Heap Fetches": 0,"Workers": [],"Plans": [{"Node Type": "Seq Scan","Parent Relationship": "SubPlan","Subplan Name": "SubPlan 1","Parallel Aware": false,"Async Capable": false,"Relation Name": "supplier","Alias": "supplier","Startup Cost": 0.00,"Total Cost": 347.00,"Plan Rows": 1,"Plan Width": 4,"Actual Startup Time": 0.174,"Actual Total Time": 6.766,"Actual Rows": 4,"Actual Loops": 5,"Filter": "((s_comment)::text ~~ '%Customer%Complaints%'::text)","Rows Removed by Filter": 9996,"Workers": []}]},{"Node Type": "Hash","Parent Relationship": "Inner","Parallel Aware": true,"Async Capable": false,"Startup Cost": 6180.33,"Total Cost": 6180.33,"Plan Rows": 12232,"Plan Width": 40,"Actual Startup Time": 22.290,"Actual Total Time": 22.294,"Actual Rows": 5960,"Actual Loops": 5,"Hash Buckets": 32768,"Original Hash Buckets": 32768,"Hash Batches": 1,"Original Hash Batches": 1,"Peak Memory Usage": 2560,"Workers": [],"Plans": [{"Node Type": "Seq Scan","Parent Relationship": "Outer","Parallel Aware": true,"Async Capable": false,"Relation Name": "part","Alias": "part","Startup Cost": 0.00,"Total Cost": 6180.33,"Plan Rows": 12232,"Plan Width": 40,"Actual Startup Time": 0.067,"Actual Total Time": 18.275,"Actual Rows": 5960,"Actual Loops": 5,"Filter": "((p_brand <> 'Brand#35'::bpchar) AND ((p_type)::text !~~ 'PROMO POLISHED%'::text) AND (p_size = ANY ('{46,28,12,48,40,37,10,44}'::integer[])))","Rows Removed by Filter": 34040,"Workers": []}]}]}]}]}]}]},"Planning Time": 5.050,"Triggers": [],"Execution Time": 241.152}]
[{"Plan": {"Node Type": "Sort","Parallel Aware": false,"Async Capable": false,"Startup Cost": 33298.71,"Total Cost": 33338.79,"Plan Rows": 16034,"Plan Width": 44,"Actual Startup Time": 248.515,"Actual Total Time": 250.302,"Actual Rows": 18211,"Actual Loops": 1,"Sort Key": ["(count(DISTINCT partsupp.ps_suppkey)) DESC", "part.p_brand", "part.p_type", "part.p_size"],"Sort Method": "quicksort","Sort Space Used": 2333,"Sort Space Type": "Memory","Plans": [{"Node Type": "Aggregate","Strategy": "Sorted","Partial Mode": "Simple","Parent Relationship": "Outer","Parallel Aware": false,"Async Capable": false,"Startup Cost": 24265.80,"Total Cost": 32178.82,"Plan Rows": 16034,"Plan Width": 44,"Actual Startup Time": 139.434,"Actual Total Time": 209.248,"Actual Rows": 18211,"Actual Loops": 1,"Group Key": ["part.p_brand", "part.p_type", "part.p_size"],"Plans": [{"Node Type": "Gather Merge","Parent Relationship": "Outer","Parallel Aware": false,"Async Capable": false,"Startup Cost": 24265.80,"Total Cost": 31420.90,"Plan Rows": 59758,"Plan Width": 40,"Actual Startup Time": 139.387,"Actual Total Time": 179.950,"Actual Rows": 118682,"Actual Loops": 1,"Workers Planned": 4,"Workers Launched": 4,"Plans": [{"Node Type": "Sort","Parent Relationship": "Outer","Parallel Aware": false,"Async Capable": false,"Startup Cost": 23265.74,"Total Cost": 23303.09,"Plan Rows": 14940,"Plan Width": 40,"Actual Startup Time": 121.598,"Actual Total Time": 124.703,"Actual Rows": 23736,"Actual Loops": 5,"Sort Key": ["part.p_brand", "part.p_type", "part.p_size"],"Sort Method": "quicksort","Sort Space Used": 2400,"Sort Space Type": "Memory","Workers": [{"Worker Number": 0,"Sort Method": "quicksort","Sort Space Used": 2799,"Sort Space Type": "Memory"},{"Worker Number": 1,"Sort Method": "quicksort","Sort Space Used": 2801,"Sort Space Type": "Memory"},{"Worker Number": 2,"Sort Method": "quicksort","Sort Space Used": 2786,"Sort Space Type": "Memory"},{"Worker Number": 3,"Sort Method": "quicksort","Sort Space Used": 2831,"Sort Space Type": "Memory"}],"Plans": [{"Node Type": "Hash Join","Parent Relationship": "Outer","Parallel Aware": true,"Async Capable": false,"Join Type": "Inner","Startup Cost": 6683.39,"Total Cost": 22229.89,"Plan Rows": 14940,"Plan Width": 40,"Actual Startup Time": 29.097,"Actual Total Time": 77.743,"Actual Rows": 23736,"Actual Loops": 5,"Inner Unique": true,"Hash Cond": "(partsupp.ps_partkey = part.p_partkey)","Workers": [],"Plans": [{"Node Type": "Index Only Scan","Parent Relationship": "Outer","Parallel Aware": true,"Async Capable": false,"Scan Direction": "Forward","Index Name": "partsupp_pkey","Relation Name": "partsupp","Alias": "partsupp","Startup Cost": 347.43,"Total Cost": 15631.43,"Plan Rows": 100000,"Plan Width": 8,"Actual Startup Time": 7.025,"Actual Total Time": 32.305,"Actual Rows": 159936,"Actual Loops": 5,"Filter": "(NOT (hashed SubPlan 1))","Rows Removed by Filter": 64,"Heap Fetches": 0,"Workers": [],"Plans": [{"Node Type": "Seq Scan","Parent Relationship": "SubPlan","Subplan Name": "SubPlan 1","Parallel Aware": false,"Async Capable": false,"Relation Name": "supplier","Alias": "supplier","Startup Cost": 0.00,"Total Cost": 347.00,"Plan Rows": 1,"Plan Width": 4,"Actual Startup Time": 0.232,"Actual Total Time": 6.871,"Actual Rows": 4,"Actual Loops": 5,"Filter": "((s_comment)::text ~~ '%Customer%Complaints%'::text)","Rows Removed by Filter": 9996,"Workers": []}]},{"Node Type": "Hash","Parent Relationship": "Inner","Parallel Aware": true,"Async Capable": false,"Startup Cost": 6180.33,"Total Cost": 6180.33,"Plan Rows": 12450,"Plan Width": 40,"Actual Startup Time": 21.837,"Actual Total Time": 21.842,"Actual Rows": 5937,"Actual Loops": 5,"Hash Buckets": 32768,"Original Hash Buckets": 32768,"Hash Batches": 1,"Original Hash Batches": 1,"Peak Memory Usage": 2528,"Workers": [],"Plans": [{"Node Type": "Seq Scan","Parent Relationship": "Outer","Parallel Aware": true,"Async Capable": false,"Relation Name": "part","Alias": "part","Startup Cost": 0.00,"Total Cost": 6180.33,"Plan Rows": 12450,"Plan Width": 40,"Actual Startup Time": 0.038,"Actual Total Time": 18.201,"Actual Rows": 5937,"Actual Loops": 5,"Filter": "((p_brand <> 'Brand#52'::bpchar) AND ((p_type)::text !~~ 'MEDIUM BRUSHED%'::text) AND (p_size = ANY ('{1,20,10,12,22,11,50,31}'::integer[])))","Rows Removed by Filter": 34063,"Workers": []}]}]}]}]}]}]},"Planning Time": 4.908,"Triggers": [],"Execution Time": 251.203}]
[{"Plan": {"Node Type": "Sort","Parallel Aware": false,"Async Capable": false,"Startup Cost": 33043.87,"Total Cost": 33083.49,"Plan Rows": 15847,"Plan Width": 44,"Actual Startup Time": 235.135,"Actual Total Time": 236.915,"Actual Rows": 18249,"Actual Loops": 1,"Sort Key": ["(count(DISTINCT partsupp.ps_suppkey)) DESC", "part.p_brand", "part.p_type", "part.p_size"],"Sort Method": "quicksort","Sort Space Used": 2334,"Sort Space Type": "Memory","Plans": [{"Node Type": "Aggregate","Strategy": "Sorted","Partial Mode": "Simple","Parent Relationship": "Outer","Parallel Aware": false,"Async Capable": false,"Startup Cost": 24231.57,"Total Cost": 31938.39,"Plan Rows": 15847,"Plan Width": 44,"Actual Startup Time": 131.213,"Actual Total Time": 196.382,"Actual Rows": 18249,"Actual Loops": 1,"Group Key": ["part.p_brand", "part.p_type", "part.p_size"],"Plans": [{"Node Type": "Gather Merge","Parent Relationship": "Outer","Parallel Aware": false,"Async Capable": false,"Startup Cost": 24231.57,"Total Cost": 31198.09,"Plan Rows": 58183,"Plan Width": 40,"Actual Startup Time": 131.177,"Actual Total Time": 169.201,"Actual Rows": 117278,"Actual Loops": 1,"Workers Planned": 4,"Workers Launched": 4,"Plans": [{"Node Type": "Sort","Parent Relationship": "Outer","Parallel Aware": false,"Async Capable": false,"Startup Cost": 23231.51,"Total Cost": 23267.87,"Plan Rows": 14546,"Plan Width": 40,"Actual Startup Time": 122.289,"Actual Total Time": 124.428,"Actual Rows": 23456,"Actual Loops": 5,"Sort Key": ["part.p_brand", "part.p_type", "part.p_size"],"Sort Method": "quicksort","Sort Space Used": 2462,"Sort Space Type": "Memory","Workers": [{"Worker Number": 0,"Sort Method": "quicksort","Sort Space Used": 2830,"Sort Space Type": "Memory"},{"Worker Number": 1,"Sort Method": "quicksort","Sort Space Used": 2789,"Sort Space Type": "Memory"},{"Worker Number": 2,"Sort Method": "quicksort","Sort Space Used": 2555,"Sort Space Type": "Memory"},{"Worker Number": 3,"Sort Method": "quicksort","Sort Space Used": 2849,"Sort Space Type": "Memory"}],"Plans": [{"Node Type": "Hash Join","Parent Relationship": "Outer","Parallel Aware": true,"Async Capable": false,"Join Type": "Inner","Startup Cost": 6679.27,"Total Cost": 22225.77,"Plan Rows": 14546,"Plan Width": 40,"Actual Startup Time": 30.029,"Actual Total Time": 80.583,"Actual Rows": 23456,"Actual Loops": 5,"Inner Unique": true,"Hash Cond": "(partsupp.ps_partkey = part.p_partkey)","Workers": [],"Plans": [{"Node Type": "Index Only Scan","Parent Relationship": "Outer","Parallel Aware": true,"Async Capable": false,"Scan Direction": "Forward","Index Name": "partsupp_pkey","Relation Name": "partsupp","Alias": "partsupp","Startup Cost": 347.43,"Total Cost": 15631.43,"Plan Rows": 100000,"Plan Width": 8,"Actual Startup Time": 6.929,"Actual Total Time": 33.420,"Actual Rows": 159936,"Actual Loops": 5,"Filter": "(NOT (hashed SubPlan 1))","Rows Removed by Filter": 64,"Heap Fetches": 0,"Workers": [],"Plans": [{"Node Type": "Seq Scan","Parent Relationship": "SubPlan","Subplan Name": "SubPlan 1","Parallel Aware": false,"Async Capable": false,"Relation Name": "supplier","Alias": "supplier","Startup Cost": 0.00,"Total Cost": 347.00,"Plan Rows": 1,"Plan Width": 4,"Actual Startup Time": 0.256,"Actual Total Time": 6.748,"Actual Rows": 4,"Actual Loops": 5,"Filter": "((s_comment)::text ~~ '%Customer%Complaints%'::text)","Rows Removed by Filter": 9996,"Workers": []}]},{"Node Type": "Hash","Parent Relationship": "Inner","Parallel Aware": true,"Async Capable": false,"Startup Cost": 6180.33,"Total Cost": 6180.33,"Plan Rows": 12121,"Plan Width": 40,"Actual Startup Time": 22.834,"Actual Total Time": 22.839,"Actual Rows": 5867,"Actual Loops": 5,"Hash Buckets": 32768,"Original Hash Buckets": 32768,"Hash Batches": 1,"Original Hash Batches": 1,"Peak Memory Usage": 2560,"Workers": [],"Plans": [{"Node Type": "Seq Scan","Parent Relationship": "Outer","Parallel Aware": true,"Async Capable": false,"Relation Name": "part","Alias": "part","Startup Cost": 0.00,"Total Cost": 6180.33,"Plan Rows": 12121,"Plan Width": 40,"Actual Startup Time": 0.052,"Actual Total Time": 18.909,"Actual Rows": 5867,"Actual Loops": 5,"Filter": "((p_brand <> 'Brand#52'::bpchar) AND ((p_type)::text !~~ 'STANDARD BURNISHED%'::text) AND (p_size = ANY ('{11,25,38,19,8,37,17,34}'::integer[])))","Rows Removed by Filter": 34133,"Workers": []}]}]}]}]}]}]},"Planning Time": 4.045,"Triggers": [],"Execution Time": 237.820}]
[{"Plan": {"Node Type": "Sort","Parallel Aware": false,"Async Capable": false,"Startup Cost": 33359.28,"Total Cost": 33399.48,"Plan Rows": 16078,"Plan Width": 44,"Actual Startup Time": 235.148,"Actual Total Time": 237.129,"Actual Rows": 18345,"Actual Loops": 1,"Sort Key": ["(count(DISTINCT partsupp.ps_suppkey)) DESC", "part.p_brand", "part.p_type", "part.p_size"],"Sort Method": "quicksort","Sort Space Used": 2342,"Sort Space Type": "Memory","Plans": [{"Node Type": "Aggregate","Strategy": "Sorted","Partial Mode": "Simple","Parent Relationship": "Outer","Parallel Aware": false,"Async Capable": false,"Startup Cost": 24273.90,"Total Cost": 32236.01,"Plan Rows": 16078,"Plan Width": 44,"Actual Startup Time": 130.388,"Actual Total Time": 197.347,"Actual Rows": 18345,"Actual Loops": 1,"Group Key": ["part.p_brand", "part.p_type", "part.p_size"],"Plans": [{"Node Type": "Gather Merge","Parent Relationship": "Outer","Parallel Aware": false,"Async Capable": false,"Startup Cost": 24273.90,"Total Cost": 31473.90,"Plan Rows": 60133,"Plan Width": 40,"Actual Startup Time": 130.314,"Actual Total Time": 169.617,"Actual Rows": 119866,"Actual Loops": 1,"Workers Planned": 4,"Workers Launched": 4,"Plans": [{"Node Type": "Sort","Parent Relationship": "Outer","Parallel Aware": false,"Async Capable": false,"Startup Cost": 23273.84,"Total Cost": 23311.42,"Plan Rows": 15033,"Plan Width": 40,"Actual Startup Time": 121.968,"Actual Total Time": 124.585,"Actual Rows": 23973,"Actual Loops": 5,"Sort Key": ["part.p_brand", "part.p_type", "part.p_size"],"Sort Method": "quicksort","Sort Space Used": 2713,"Sort Space Type": "Memory","Workers": [{"Worker Number": 0,"Sort Method": "quicksort","Sort Space Used": 2766,"Sort Space Type": "Memory"},{"Worker Number": 1,"Sort Method": "quicksort","Sort Space Used": 2663,"Sort Space Type": "Memory"},{"Worker Number": 2,"Sort Method": "quicksort","Sort Space Used": 2766,"Sort Space Type": "Memory"},{"Worker Number": 3,"Sort Method": "quicksort","Sort Space Used": 2786,"Sort Space Type": "Memory"}],"Plans": [{"Node Type": "Hash Join","Parent Relationship": "Outer","Parallel Aware": true,"Async Capable": false,"Join Type": "Inner","Startup Cost": 6684.36,"Total Cost": 22230.86,"Plan Rows": 15033,"Plan Width": 40,"Actual Startup Time": 29.834,"Actual Total Time": 79.832,"Actual Rows": 23973,"Actual Loops": 5,"Inner Unique": true,"Hash Cond": "(partsupp.ps_partkey = part.p_partkey)","Workers": [],"Plans": [{"Node Type": "Index Only Scan","Parent Relationship": "Outer","Parallel Aware": true,"Async Capable": false,"Scan Direction": "Forward","Index Name": "partsupp_pkey","Relation Name": "partsupp","Alias": "partsupp","Startup Cost": 347.43,"Total Cost": 15631.43,"Plan Rows": 100000,"Plan Width": 8,"Actual Startup Time": 7.433,"Actual Total Time": 32.086,"Actual Rows": 159936,"Actual Loops": 5,"Filter": "(NOT (hashed SubPlan 1))","Rows Removed by Filter": 64,"Heap Fetches": 0,"Workers": [],"Plans": [{"Node Type": "Seq Scan","Parent Relationship": "SubPlan","Subplan Name": "SubPlan 1","Parallel Aware": false,"Async Capable": false,"Relation Name": "supplier","Alias": "supplier","Startup Cost": 0.00,"Total Cost": 347.00,"Plan Rows": 1,"Plan Width": 4,"Actual Startup Time": 0.127,"Actual Total Time": 7.282,"Actual Rows": 4,"Actual Loops": 5,"Filter": "((s_comment)::text ~~ '%Customer%Complaints%'::text)","Rows Removed by Filter": 9996,"Workers": []}]},{"Node Type": "Hash","Parent Relationship": "Inner","Parallel Aware": true,"Async Capable": false,"Startup Cost": 6180.33,"Total Cost": 6180.33,"Plan Rows": 12528,"Plan Width": 40,"Actual Startup Time": 22.130,"Actual Total Time": 22.132,"Actual Rows": 5996,"Actual Loops": 5,"Hash Buckets": 32768,"Original Hash Buckets": 32768,"Hash Batches": 1,"Original Hash Batches": 1,"Peak Memory Usage": 2560,"Workers": [],"Plans": [{"Node Type": "Seq Scan","Parent Relationship": "Outer","Parallel Aware": true,"Async Capable": false,"Relation Name": "part","Alias": "part","Startup Cost": 0.00,"Total Cost": 6180.33,"Plan Rows": 12528,"Plan Width": 40,"Actual Startup Time": 0.052,"Actual Total Time": 18.569,"Actual Rows": 5996,"Actual Loops": 5,"Filter": "((p_brand <> 'Brand#32'::bpchar) AND ((p_type)::text !~~ 'STANDARD BURNISHED%'::text) AND (p_size = ANY ('{23,37,35,11,34,2,33,14}'::integer[])))","Rows Removed by Filter": 34004,"Workers": []}]}]}]}]}]}]},"Planning Time": 5.553,"Triggers": [],"Execution Time": 238.353}]
[{"Plan": {"Node Type": "Sort","Parallel Aware": false,"Async Capable": false,"Startup Cost": 33049.34,"Total Cost": 33088.96,"Plan Rows": 15851,"Plan Width": 44,"Actual Startup Time": 237.624,"Actual Total Time": 239.428,"Actual Rows": 18288,"Actual Loops": 1,"Sort Key": ["(count(DISTINCT partsupp.ps_suppkey)) DESC", "part.p_brand", "part.p_type", "part.p_size"],"Sort Method": "quicksort","Sort Space Used": 2339,"Sort Space Type": "Memory","Plans": [{"Node Type": "Aggregate","Strategy": "Sorted","Partial Mode": "Simple","Parent Relationship": "Outer","Parallel Aware": false,"Async Capable": false,"Startup Cost": 24232.28,"Total Cost": 31943.55,"Plan Rows": 15851,"Plan Width": 44,"Actual Startup Time": 135.571,"Actual Total Time": 202.563,"Actual Rows": 18288,"Actual Loops": 1,"Group Key": ["part.p_brand", "part.p_type", "part.p_size"],"Plans": [{"Node Type": "Gather Merge","Parent Relationship": "Outer","Parallel Aware": false,"Async Capable": false,"Startup Cost": 24232.28,"Total Cost": 31202.87,"Plan Rows": 58217,"Plan Width": 40,"Actual Startup Time": 135.529,"Actual Total Time": 174.683,"Actual Rows": 119480,"Actual Loops": 1,"Workers Planned": 4,"Workers Launched": 4,"Plans": [{"Node Type": "Sort","Parent Relationship": "Outer","Parallel Aware": false,"Async Capable": false,"Startup Cost": 23232.22,"Total Cost": 23268.60,"Plan Rows": 14554,"Plan Width": 40,"Actual Startup Time": 124.991,"Actual Total Time": 127.660,"Actual Rows": 23896,"Actual Loops": 5,"Sort Key": ["part.p_brand", "part.p_type", "part.p_size"],"Sort Method": "quicksort","Sort Space Used": 2545,"Sort Space Type": "Memory","Workers": [{"Worker Number": 0,"Sort Method": "quicksort","Sort Space Used": 2517,"Sort Space Type": "Memory"},{"Worker Number": 1,"Sort Method": "quicksort","Sort Space Used": 2868,"Sort Space Type": "Memory"},{"Worker Number": 2,"Sort Method": "quicksort","Sort Space Used": 2874,"Sort Space Type": "Memory"},{"Worker Number": 3,"Sort Method": "quicksort","Sort Space Used": 2888,"Sort Space Type": "Memory"}],"Plans": [{"Node Type": "Hash Join","Parent Relationship": "Outer","Parallel Aware": true,"Async Capable": false,"Join Type": "Inner","Startup Cost": 6679.37,"Total Cost": 22225.87,"Plan Rows": 14554,"Plan Width": 40,"Actual Startup Time": 31.632,"Actual Total Time": 82.965,"Actual Rows": 23896,"Actual Loops": 5,"Inner Unique": true,"Hash Cond": "(partsupp.ps_partkey = part.p_partkey)","Workers": [],"Plans": [{"Node Type": "Index Only Scan","Parent Relationship": "Outer","Parallel Aware": true,"Async Capable": false,"Scan Direction": "Forward","Index Name": "partsupp_pkey","Relation Name": "partsupp","Alias": "partsupp","Startup Cost": 347.43,"Total Cost": 15631.43,"Plan Rows": 100000,"Plan Width": 8,"Actual Startup Time": 7.623,"Actual Total Time": 34.261,"Actual Rows": 159936,"Actual Loops": 5,"Filter": "(NOT (hashed SubPlan 1))","Rows Removed by Filter": 64,"Heap Fetches": 0,"Workers": [],"Plans": [{"Node Type": "Seq Scan","Parent Relationship": "SubPlan","Subplan Name": "SubPlan 1","Parallel Aware": false,"Async Capable": false,"Relation Name": "supplier","Alias": "supplier","Startup Cost": 0.00,"Total Cost": 347.00,"Plan Rows": 1,"Plan Width": 4,"Actual Startup Time": 0.132,"Actual Total Time": 7.457,"Actual Rows": 4,"Actual Loops": 5,"Filter": "((s_comment)::text ~~ '%Customer%Complaints%'::text)","Rows Removed by Filter": 9996,"Workers": []}]},{"Node Type": "Hash","Parent Relationship": "Inner","Parallel Aware": true,"Async Capable": false,"Startup Cost": 6180.33,"Total Cost": 6180.33,"Plan Rows": 12129,"Plan Width": 40,"Actual Startup Time": 23.749,"Actual Total Time": 23.754,"Actual Rows": 5976,"Actual Loops": 5,"Hash Buckets": 32768,"Original Hash Buckets": 32768,"Hash Batches": 1,"Original Hash Batches": 1,"Peak Memory Usage": 2592,"Workers": [],"Plans": [{"Node Type": "Seq Scan","Parent Relationship": "Outer","Parallel Aware": true,"Async Capable": false,"Relation Name": "part","Alias": "part","Startup Cost": 0.00,"Total Cost": 6180.33,"Plan Rows": 12129,"Plan Width": 40,"Actual Startup Time": 0.057,"Actual Total Time": 19.881,"Actual Rows": 5976,"Actual Loops": 5,"Filter": "((p_brand <> 'Brand#45'::bpchar) AND ((p_type)::text !~~ 'PROMO BRUSHED%'::text) AND (p_size = ANY ('{42,29,12,20,48,32,23,16}'::integer[])))","Rows Removed by Filter": 34024,"Workers": []}]}]}]}]}]}]},"Planning Time": 3.865,"Triggers": [],"Execution Time": 240.328}]
[{"Plan": {"Node Type": "Sort","Parallel Aware": false,"Async Capable": false,"Startup Cost": 33272.34,"Total Cost": 33312.38,"Plan Rows": 16015,"Plan Width": 44,"Actual Startup Time": 249.953,"Actual Total Time": 251.807,"Actual Rows": 18279,"Actual Loops": 1,"Sort Key": ["(count(DISTINCT partsupp.ps_suppkey)) DESC", "part.p_brand", "part.p_type", "part.p_size"],"Sort Method": "quicksort","Sort Space Used": 2339,"Sort Space Type": "Memory","Plans": [{"Node Type": "Aggregate","Strategy": "Sorted","Partial Mode": "Simple","Parent Relationship": "Outer","Parallel Aware": false,"Async Capable": false,"Startup Cost": 24262.24,"Total Cost": 32153.92,"Plan Rows": 16015,"Plan Width": 44,"Actual Startup Time": 140.671,"Actual Total Time": 210.576,"Actual Rows": 18279,"Actual Loops": 1,"Group Key": ["part.p_brand", "part.p_type", "part.p_size"],"Plans": [{"Node Type": "Gather Merge","Parent Relationship": "Outer","Parallel Aware": false,"Async Capable": false,"Startup Cost": 24262.24,"Total Cost": 31397.82,"Plan Rows": 59595,"Plan Width": 40,"Actual Startup Time": 140.614,"Actual Total Time": 181.295,"Actual Rows": 118186,"Actual Loops": 1,"Workers Planned": 4,"Workers Launched": 4,"Plans": [{"Node Type": "Sort","Parent Relationship": "Outer","Parallel Aware": false,"Async Capable": false,"Startup Cost": 23262.18,"Total Cost": 23299.43,"Plan Rows": 14899,"Plan Width": 40,"Actual Startup Time": 122.548,"Actual Total Time": 125.364,"Actual Rows": 23637,"Actual Loops": 5,"Sort Key": ["part.p_brand", "part.p_type", "part.p_size"],"Sort Method": "quicksort","Sort Space Used": 2405,"Sort Space Type": "Memory","Workers": [{"Worker Number": 0,"Sort Method": "quicksort","Sort Space Used": 2763,"Sort Space Type": "Memory"},{"Worker Number": 1,"Sort Method": "quicksort","Sort Space Used": 2831,"Sort Space Type": "Memory"},{"Worker Number": 2,"Sort Method": "quicksort","Sort Space Used": 2789,"Sort Space Type": "Memory"},{"Worker Number": 3,"Sort Method": "quicksort","Sort Space Used": 2797,"Sort Space Type": "Memory"}],"Plans": [{"Node Type": "Hash Join","Parent Relationship": "Outer","Parallel Aware": true,"Async Capable": false,"Join Type": "Inner","Startup Cost": 6682.96,"Total Cost": 22229.46,"Plan Rows": 14899,"Plan Width": 40,"Actual Startup Time": 29.462,"Actual Total Time": 78.687,"Actual Rows": 23637,"Actual Loops": 5,"Inner Unique": true,"Hash Cond": "(partsupp.ps_partkey = part.p_partkey)","Workers": [],"Plans": [{"Node Type": "Index Only Scan","Parent Relationship": "Outer","Parallel Aware": true,"Async Capable": false,"Scan Direction": "Forward","Index Name": "partsupp_pkey","Relation Name": "partsupp","Alias": "partsupp","Startup Cost": 347.43,"Total Cost": 15631.43,"Plan Rows": 100000,"Plan Width": 8,"Actual Startup Time": 7.649,"Actual Total Time": 33.114,"Actual Rows": 159936,"Actual Loops": 5,"Filter": "(NOT (hashed SubPlan 1))","Rows Removed by Filter": 64,"Heap Fetches": 0,"Workers": [],"Plans": [{"Node Type": "Seq Scan","Parent Relationship": "SubPlan","Subplan Name": "SubPlan 1","Parallel Aware": false,"Async Capable": false,"Relation Name": "supplier","Alias": "supplier","Startup Cost": 0.00,"Total Cost": 347.00,"Plan Rows": 1,"Plan Width": 4,"Actual Startup Time": 0.143,"Actual Total Time": 7.485,"Actual Rows": 4,"Actual Loops": 5,"Filter": "((s_comment)::text ~~ '%Customer%Complaints%'::text)","Rows Removed by Filter": 9996,"Workers": []}]},{"Node Type": "Hash","Parent Relationship": "Inner","Parallel Aware": true,"Async Capable": false,"Startup Cost": 6180.33,"Total Cost": 6180.33,"Plan Rows": 12416,"Plan Width": 40,"Actual Startup Time": 21.546,"Actual Total Time": 21.550,"Actual Rows": 5912,"Actual Loops": 5,"Hash Buckets": 32768,"Original Hash Buckets": 32768,"Hash Batches": 1,"Original Hash Batches": 1,"Peak Memory Usage": 2528,"Workers": [],"Plans": [{"Node Type": "Seq Scan","Parent Relationship": "Outer","Parallel Aware": true,"Async Capable": false,"Relation Name": "part","Alias": "part","Startup Cost": 0.00,"Total Cost": 6180.33,"Plan Rows": 12416,"Plan Width": 40,"Actual Startup Time": 0.060,"Actual Total Time": 17.963,"Actual Rows": 5912,"Actual Loops": 5,"Filter": "((p_brand <> 'Brand#32'::bpchar) AND ((p_type)::text !~~ 'LARGE PLATED%'::text) AND (p_size = ANY ('{46,36,25,4,45,12,5,1}'::integer[])))","Rows Removed by Filter": 34088,"Workers": []}]}]}]}]}]}]},"Planning Time": 5.766,"Triggers": [],"Execution Time": 252.678}]
[{"Plan": {"Node Type": "Sort","Parallel Aware": false,"Async Capable": false,"Startup Cost": 33377.25,"Total Cost": 33417.48,"Plan Rows": 16091,"Plan Width": 44,"Actual Startup Time": 251.051,"Actual Total Time": 252.634,"Actual Rows": 18257,"Actual Loops": 1,"Sort Key": ["(count(DISTINCT partsupp.ps_suppkey)) DESC", "part.p_brand", "part.p_type", "part.p_size"],"Sort Method": "quicksort","Sort Space Used": 2336,"Sort Space Type": "Memory","Plans": [{"Node Type": "Aggregate","Strategy": "Sorted","Partial Mode": "Simple","Parent Relationship": "Outer","Parallel Aware": false,"Async Capable": false,"Startup Cost": 24276.33,"Total Cost": 32252.97,"Plan Rows": 16091,"Plan Width": 44,"Actual Startup Time": 140.460,"Actual Total Time": 212.180,"Actual Rows": 18257,"Actual Loops": 1,"Group Key": ["part.p_brand", "part.p_type", "part.p_size"],"Plans": [{"Node Type": "Gather Merge","Parent Relationship": "Outer","Parallel Aware": false,"Async Capable": false,"Startup Cost": 24276.33,"Total Cost": 31489.62,"Plan Rows": 60244,"Plan Width": 40,"Actual Startup Time": 140.396,"Actual Total Time": 182.180,"Actual Rows": 118647,"Actual Loops": 1,"Workers Planned": 4,"Workers Launched": 4,"Plans": [{"Node Type": "Sort","Parent Relationship": "Outer","Parallel Aware": false,"Async Capable": false,"Startup Cost": 23276.27,"Total Cost": 23313.92,"Plan Rows": 15061,"Plan Width": 40,"Actual Startup Time": 120.877,"Actual Total Time": 123.625,"Actual Rows": 23729,"Actual Loops": 5,"Sort Key": ["part.p_brand", "part.p_type", "part.p_size"],"Sort Method": "quicksort","Sort Space Used": 1715,"Sort Space Type": "Memory","Workers": [{"Worker Number": 0,"Sort Method": "quicksort","Sort Space Used": 2892,"Sort Space Type": "Memory"},{"Worker Number": 1,"Sort Method": "quicksort","Sort Space Used": 2875,"Sort Space Type": "Memory"},{"Worker Number": 2,"Sort Method": "quicksort","Sort Space Used": 2878,"Sort Space Type": "Memory"},{"Worker Number": 3,"Sort Method": "quicksort","Sort Space Used": 2877,"Sort Space Type": "Memory"}],"Plans": [{"Node Type": "Hash Join","Parent Relationship": "Outer","Parallel Aware": true,"Async Capable": false,"Join Type": "Inner","Startup Cost": 6684.65,"Total Cost": 22231.15,"Plan Rows": 15061,"Plan Width": 40,"Actual Startup Time": 28.189,"Actual Total Time": 76.924,"Actual Rows": 23729,"Actual Loops": 5,"Inner Unique": true,"Hash Cond": "(partsupp.ps_partkey = part.p_partkey)","Workers": [],"Plans": [{"Node Type": "Index Only Scan","Parent Relationship": "Outer","Parallel Aware": true,"Async Capable": false,"Scan Direction": "Forward","Index Name": "partsupp_pkey","Relation Name": "partsupp","Alias": "partsupp","Startup Cost": 347.43,"Total Cost": 15631.43,"Plan Rows": 100000,"Plan Width": 8,"Actual Startup Time": 7.054,"Actual Total Time": 32.432,"Actual Rows": 159936,"Actual Loops": 5,"Filter": "(NOT (hashed SubPlan 1))","Rows Removed by Filter": 64,"Heap Fetches": 0,"Workers": [],"Plans": [{"Node Type": "Seq Scan","Parent Relationship": "SubPlan","Subplan Name": "SubPlan 1","Parallel Aware": false,"Async Capable": false,"Relation Name": "supplier","Alias": "supplier","Startup Cost": 0.00,"Total Cost": 347.00,"Plan Rows": 1,"Plan Width": 4,"Actual Startup Time": 0.129,"Actual Total Time": 6.891,"Actual Rows": 4,"Actual Loops": 5,"Filter": "((s_comment)::text ~~ '%Customer%Complaints%'::text)","Rows Removed by Filter": 9996,"Workers": []}]},{"Node Type": "Hash","Parent Relationship": "Inner","Parallel Aware": true,"Async Capable": false,"Startup Cost": 6180.33,"Total Cost": 6180.33,"Plan Rows": 12551,"Plan Width": 40,"Actual Startup Time": 20.838,"Actual Total Time": 20.842,"Actual Rows": 5935,"Actual Loops": 5,"Hash Buckets": 32768,"Original Hash Buckets": 32768,"Hash Batches": 1,"Original Hash Batches": 1,"Peak Memory Usage": 2560,"Workers": [],"Plans": [{"Node Type": "Seq Scan","Parent Relationship": "Outer","Parallel Aware": true,"Async Capable": false,"Relation Name": "part","Alias": "part","Startup Cost": 0.00,"Total Cost": 6180.33,"Plan Rows": 12551,"Plan Width": 40,"Actual Startup Time": 0.054,"Actual Total Time": 17.277,"Actual Rows": 5935,"Actual Loops": 5,"Filter": "((p_brand <> 'Brand#45'::bpchar) AND ((p_type)::text !~~ 'LARGE BRUSHED%'::text) AND (p_size = ANY ('{30,7,50,28,37,11,15,25}'::integer[])))","Rows Removed by Filter": 34065,"Workers": []}]}]}]}]}]}]},"Planning Time": 5.161,"Triggers": [],"Execution Time": 253.562}]
[{"Plan": {"Node Type": "Sort","Parallel Aware": false,"Async Capable": false,"Startup Cost": 33051.53,"Total Cost": 33091.16,"Plan Rows": 15853,"Plan Width": 44,"Actual Startup Time": 248.384,"Actual Total Time": 250.174,"Actual Rows": 18307,"Actual Loops": 1,"Sort Key": ["(count(DISTINCT partsupp.ps_suppkey)) DESC", "part.p_brand", "part.p_type", "part.p_size"],"Sort Method": "quicksort","Sort Space Used": 2341,"Sort Space Type": "Memory","Plans": [{"Node Type": "Aggregate","Strategy": "Sorted","Partial Mode": "Simple","Parent Relationship": "Outer","Parallel Aware": false,"Async Capable": false,"Startup Cost": 24232.61,"Total Cost": 31945.59,"Plan Rows": 15853,"Plan Width": 44,"Actual Startup Time": 141.569,"Actual Total Time": 209.983,"Actual Rows": 18307,"Actual Loops": 1,"Group Key": ["part.p_brand", "part.p_type", "part.p_size"],"Plans": [{"Node Type": "Gather Merge","Parent Relationship": "Outer","Parallel Aware": false,"Async Capable": false,"Startup Cost": 24232.61,"Total Cost": 31204.76,"Plan Rows": 58230,"Plan Width": 40,"Actual Startup Time": 141.510,"Actual Total Time": 181.286,"Actual Rows": 118888,"Actual Loops": 1,"Workers Planned": 4,"Workers Launched": 4,"Plans": [{"Node Type": "Sort","Parent Relationship": "Outer","Parallel Aware": false,"Async Capable": false,"Startup Cost": 23232.55,"Total Cost": 23268.94,"Plan Rows": 14558,"Plan Width": 40,"Actual Startup Time": 122.992,"Actual Total Time": 125.748,"Actual Rows": 23778,"Actual Loops": 5,"Sort Key": ["part.p_brand", "part.p_type", "part.p_size"],"Sort Method": "quicksort","Sort Space Used": 2429,"Sort Space Type": "Memory","Workers": [{"Worker Number": 0,"Sort Method": "quicksort","Sort Space Used": 2829,"Sort Space Type": "Memory"},{"Worker Number": 1,"Sort Method": "quicksort","Sort Space Used": 2808,"Sort Space Type": "Memory"},{"Worker Number": 2,"Sort Method": "quicksort","Sort Space Used": 2781,"Sort Space Type": "Memory"},{"Worker Number": 3,"Sort Method": "quicksort","Sort Space Used": 2794,"Sort Space Type": "Memory"}],"Plans": [{"Node Type": "Hash Join","Parent Relationship": "Outer","Parallel Aware": true,"Async Capable": false,"Join Type": "Inner","Startup Cost": 6679.40,"Total Cost": 22225.90,"Plan Rows": 14558,"Plan Width": 40,"Actual Startup Time": 29.955,"Actual Total Time": 78.767,"Actual Rows": 23778,"Actual Loops": 5,"Inner Unique": true,"Hash Cond": "(partsupp.ps_partkey = part.p_partkey)","Workers": [],"Plans": [{"Node Type": "Index Only Scan","Parent Relationship": "Outer","Parallel Aware": true,"Async Capable": false,"Scan Direction": "Forward","Index Name": "partsupp_pkey","Relation Name": "partsupp","Alias": "partsupp","Startup Cost": 347.43,"Total Cost": 15631.43,"Plan Rows": 100000,"Plan Width": 8,"Actual Startup Time": 7.519,"Actual Total Time": 32.827,"Actual Rows": 159936,"Actual Loops": 5,"Filter": "(NOT (hashed SubPlan 1))","Rows Removed by Filter": 64,"Heap Fetches": 0,"Workers": [],"Plans": [{"Node Type": "Seq Scan","Parent Relationship": "SubPlan","Subplan Name": "SubPlan 1","Parallel Aware": false,"Async Capable": false,"Relation Name": "supplier","Alias": "supplier","Startup Cost": 0.00,"Total Cost": 347.00,"Plan Rows": 1,"Plan Width": 4,"Actual Startup Time": 0.156,"Actual Total Time": 7.363,"Actual Rows": 4,"Actual Loops": 5,"Filter": "((s_comment)::text ~~ '%Customer%Complaints%'::text)","Rows Removed by Filter": 9996,"Workers": []}]},{"Node Type": "Hash","Parent Relationship": "Inner","Parallel Aware": true,"Async Capable": false,"Startup Cost": 6180.33,"Total Cost": 6180.33,"Plan Rows": 12131,"Plan Width": 40,"Actual Startup Time": 22.139,"Actual Total Time": 22.144,"Actual Rows": 5947,"Actual Loops": 5,"Hash Buckets": 32768,"Original Hash Buckets": 32768,"Hash Batches": 1,"Original Hash Batches": 1,"Peak Memory Usage": 2560,"Workers": [],"Plans": [{"Node Type": "Seq Scan","Parent Relationship": "Outer","Parallel Aware": true,"Async Capable": false,"Relation Name": "part","Alias": "part","Startup Cost": 0.00,"Total Cost": 6180.33,"Plan Rows": 12131,"Plan Width": 40,"Actual Startup Time": 0.051,"Actual Total Time": 18.416,"Actual Rows": 5947,"Actual Loops": 5,"Filter": "((p_brand <> 'Brand#35'::bpchar) AND ((p_type)::text !~~ 'LARGE BRUSHED%'::text) AND (p_size = ANY ('{26,20,37,39,10,24,8,27}'::integer[])))","Rows Removed by Filter": 34053,"Workers": []}]}]}]}]}]}]},"Planning Time": 5.465,"Triggers": [],"Execution Time": 251.028}]
[{"Plan": {"Node Type": "Sort","Parallel Aware": false,"Async Capable": false,"Startup Cost": 33156.72,"Total Cost": 33196.55,"Plan Rows": 15931,"Plan Width": 44,"Actual Startup Time": 241.743,"Actual Total Time": 243.594,"Actual Rows": 18380,"Actual Loops": 1,"Sort Key": ["(count(DISTINCT partsupp.ps_suppkey)) DESC", "part.p_brand", "part.p_type", "part.p_size"],"Sort Method": "quicksort","Sort Space Used": 2348,"Sort Space Type": "Memory","Plans": [{"Node Type": "Aggregate","Strategy": "Sorted","Partial Mode": "Simple","Parent Relationship": "Outer","Parallel Aware": false,"Async Capable": false,"Startup Cost": 24246.68,"Total Cost": 32044.77,"Plan Rows": 15931,"Plan Width": 44,"Actual Startup Time": 135.631,"Actual Total Time": 205.046,"Actual Rows": 18380,"Actual Loops": 1,"Group Key": ["part.p_brand", "part.p_type", "part.p_size"],"Plans": [{"Node Type": "Gather Merge","Parent Relationship": "Outer","Parallel Aware": false,"Async Capable": false,"Startup Cost": 24246.68,"Total Cost": 31296.66,"Plan Rows": 58880,"Plan Width": 40,"Actual Startup Time": 135.548,"Actual Total Time": 176.527,"Actual Rows": 119575,"Actual Loops": 1,"Workers Planned": 4,"Workers Launched": 4,"Plans": [{"Node Type": "Sort","Parent Relationship": "Outer","Parallel Aware": false,"Async Capable": false,"Startup Cost": 23246.63,"Total Cost": 23283.43,"Plan Rows": 14720,"Plan Width": 40,"Actual Startup Time": 123.413,"Actual Total Time": 126.324,"Actual Rows": 23915,"Actual Loops": 5,"Sort Key": ["part.p_brand", "part.p_type", "part.p_size"],"Sort Method": "quicksort","Sort Space Used": 2439,"Sort Space Type": "Memory","Workers": [{"Worker Number": 0,"Sort Method": "quicksort","Sort Space Used": 2928,"Sort Space Type": "Memory"},{"Worker Number": 1,"Sort Method": "quicksort","Sort Space Used": 2438,"Sort Space Type": "Memory"},{"Worker Number": 2,"Sort Method": "quicksort","Sort Space Used": 2941,"Sort Space Type": "Memory"},{"Worker Number": 3,"Sort Method": "quicksort","Sort Space Used": 2957,"Sort Space Type": "Memory"}],"Plans": [{"Node Type": "Hash Join","Parent Relationship": "Outer","Parallel Aware": true,"Async Capable": false,"Join Type": "Inner","Startup Cost": 6681.10,"Total Cost": 22227.60,"Plan Rows": 14720,"Plan Width": 40,"Actual Startup Time": 30.522,"Actual Total Time": 81.394,"Actual Rows": 23915,"Actual Loops": 5,"Inner Unique": true,"Hash Cond": "(partsupp.ps_partkey = part.p_partkey)","Workers": [],"Plans": [{"Node Type": "Index Only Scan","Parent Relationship": "Outer","Parallel Aware": true,"Async Capable": false,"Scan Direction": "Forward","Index Name": "partsupp_pkey","Relation Name": "partsupp","Alias": "partsupp","Startup Cost": 347.43,"Total Cost": 15631.43,"Plan Rows": 100000,"Plan Width": 8,"Actual Startup Time": 7.317,"Actual Total Time": 32.678,"Actual Rows": 159936,"Actual Loops": 5,"Filter": "(NOT (hashed SubPlan 1))","Rows Removed by Filter": 64,"Heap Fetches": 0,"Workers": [],"Plans": [{"Node Type": "Seq Scan","Parent Relationship": "SubPlan","Subplan Name": "SubPlan 1","Parallel Aware": false,"Async Capable": false,"Relation Name": "supplier","Alias": "supplier","Startup Cost": 0.00,"Total Cost": 347.00,"Plan Rows": 1,"Plan Width": 4,"Actual Startup Time": 0.154,"Actual Total Time": 7.162,"Actual Rows": 4,"Actual Loops": 5,"Filter": "((s_comment)::text ~~ '%Customer%Complaints%'::text)","Rows Removed by Filter": 9996,"Workers": []}]},{"Node Type": "Hash","Parent Relationship": "Inner","Parallel Aware": true,"Async Capable": false,"Startup Cost": 6180.33,"Total Cost": 6180.33,"Plan Rows": 12267,"Plan Width": 40,"Actual Startup Time": 22.925,"Actual Total Time": 22.929,"Actual Rows": 5981,"Actual Loops": 5,"Hash Buckets": 32768,"Original Hash Buckets": 32768,"Hash Batches": 1,"Original Hash Batches": 1,"Peak Memory Usage": 2592,"Workers": [],"Plans": [{"Node Type": "Seq Scan","Parent Relationship": "Outer","Parallel Aware": true,"Async Capable": false,"Relation Name": "part","Alias": "part","Startup Cost": 0.00,"Total Cost": 6180.33,"Plan Rows": 12267,"Plan Width": 40,"Actual Startup Time": 0.048,"Actual Total Time": 19.466,"Actual Rows": 5981,"Actual Loops": 5,"Filter": "((p_brand <> 'Brand#45'::bpchar) AND ((p_type)::text !~~ 'SMALL PLATED%'::text) AND (p_size = ANY ('{12,2,3,25,35,19,42,16}'::integer[])))","Rows Removed by Filter": 34019,"Workers": []}]}]}]}]}]}]},"Planning Time": 3.994,"Triggers": [],"Execution Time": 244.753}]
[{"Plan": {"Node Type": "Sort","Parallel Aware": false,"Async Capable": false,"Startup Cost": 33449.22,"Total Cost": 33489.57,"Plan Rows": 16142,"Plan Width": 44,"Actual Startup Time": 236.677,"Actual Total Time": 238.518,"Actual Rows": 18237,"Actual Loops": 1,"Sort Key": ["(count(DISTINCT partsupp.ps_suppkey)) DESC", "part.p_brand", "part.p_type", "part.p_size"],"Sort Method": "quicksort","Sort Space Used": 2335,"Sort Space Type": "Memory","Plans": [{"Node Type": "Aggregate","Strategy": "Sorted","Partial Mode": "Simple","Parent Relationship": "Outer","Parallel Aware": false,"Async Capable": false,"Startup Cost": 24286.00,"Total Cost": 32321.01,"Plan Rows": 16142,"Plan Width": 44,"Actual Startup Time": 133.287,"Actual Total Time": 199.951,"Actual Rows": 18237,"Actual Loops": 1,"Group Key": ["part.p_brand", "part.p_type", "part.p_size"],"Plans": [{"Node Type": "Gather Merge","Parent Relationship": "Outer","Parallel Aware": false,"Async Capable": false,"Startup Cost": 24286.00,"Total Cost": 31552.69,"Plan Rows": 60690,"Plan Width": 40,"Actual Startup Time": 133.223,"Actual Total Time": 172.117,"Actual Rows": 118561,"Actual Loops": 1,"Workers Planned": 4,"Workers Launched": 4,"Plans": [{"Node Type": "Sort","Parent Relationship": "Outer","Parallel Aware": false,"Async Capable": false,"Startup Cost": 23285.94,"Total Cost": 23323.87,"Plan Rows": 15172,"Plan Width": 40,"Actual Startup Time": 124.395,"Actual Total Time": 126.979,"Actual Rows": 23712,"Actual Loops": 5,"Sort Key": ["part.p_brand", "part.p_type", "part.p_size"],"Sort Method": "quicksort","Sort Space Used": 2739,"Sort Space Type": "Memory","Workers": [{"Worker Number": 0,"Sort Method": "quicksort","Sort Space Used": 2669,"Sort Space Type": "Memory"},{"Worker Number": 1,"Sort Method": "quicksort","Sort Space Used": 2741,"Sort Space Type": "Memory"},{"Worker Number": 2,"Sort Method": "quicksort","Sort Space Used": 2712,"Sort Space Type": "Memory"},{"Worker Number": 3,"Sort Method": "quicksort","Sort Space Used": 2728,"Sort Space Type": "Memory"}],"Plans": [{"Node Type": "Hash Join","Parent Relationship": "Outer","Parallel Aware": true,"Async Capable": false,"Join Type": "Inner","Startup Cost": 6685.81,"Total Cost": 22232.31,"Plan Rows": 15172,"Plan Width": 40,"Actual Startup Time": 31.527,"Actual Total Time": 82.943,"Actual Rows": 23712,"Actual Loops": 5,"Inner Unique": true,"Hash Cond": "(partsupp.ps_partkey = part.p_partkey)","Workers": [],"Plans": [{"Node Type": "Index Only Scan","Parent Relationship": "Outer","Parallel Aware": true,"Async Capable": false,"Scan Direction": "Forward","Index Name": "partsupp_pkey","Relation Name": "partsupp","Alias": "partsupp","Startup Cost": 347.43,"Total Cost": 15631.43,"Plan Rows": 100000,"Plan Width": 8,"Actual Startup Time": 7.235,"Actual Total Time": 32.831,"Actual Rows": 159936,"Actual Loops": 5,"Filter": "(NOT (hashed SubPlan 1))","Rows Removed by Filter": 64,"Heap Fetches": 0,"Workers": [],"Plans": [{"Node Type": "Seq Scan","Parent Relationship": "SubPlan","Subplan Name": "SubPlan 1","Parallel Aware": false,"Async Capable": false,"Relation Name": "supplier","Alias": "supplier","Startup Cost": 0.00,"Total Cost": 347.00,"Plan Rows": 1,"Plan Width": 4,"Actual Startup Time": 0.171,"Actual Total Time": 7.066,"Actual Rows": 4,"Actual Loops": 5,"Filter": "((s_comment)::text ~~ '%Customer%Complaints%'::text)","Rows Removed by Filter": 9996,"Workers": []}]},{"Node Type": "Hash","Parent Relationship": "Inner","Parallel Aware": true,"Async Capable": false,"Startup Cost": 6180.33,"Total Cost": 6180.33,"Plan Rows": 12644,"Plan Width": 40,"Actual Startup Time": 23.979,"Actual Total Time": 23.982,"Actual Rows": 5931,"Actual Loops": 5,"Hash Buckets": 32768,"Original Hash Buckets": 32768,"Hash Batches": 1,"Original Hash Batches": 1,"Peak Memory Usage": 2528,"Workers": [],"Plans": [{"Node Type": "Seq Scan","Parent Relationship": "Outer","Parallel Aware": true,"Async Capable": false,"Relation Name": "part","Alias": "part","Startup Cost": 0.00,"Total Cost": 6180.33,"Plan Rows": 12644,"Plan Width": 40,"Actual Startup Time": 0.059,"Actual Total Time": 19.702,"Actual Rows": 5931,"Actual Loops": 5,"Filter": "((p_brand <> 'Brand#25'::bpchar) AND ((p_type)::text !~~ 'ECONOMY POLISHED%'::text) AND (p_size = ANY ('{33,40,35,19,1,6,28,29}'::integer[])))","Rows Removed by Filter": 34069,"Workers": []}]}]}]}]}]}]},"Planning Time": 4.736,"Triggers": [],"Execution Time": 239.442}]
[{"Plan": {"Node Type": "Sort","Parallel Aware": false,"Async Capable": false,"Startup Cost": 32840.23,"Total Cost": 32879.46,"Plan Rows": 15692,"Plan Width": 44,"Actual Startup Time": 235.014,"Actual Total Time": 237.116,"Actual Rows": 18236,"Actual Loops": 1,"Sort Key": ["(count(DISTINCT partsupp.ps_suppkey)) DESC", "part.p_brand", "part.p_type", "part.p_size"],"Sort Method": "quicksort","Sort Space Used": 2335,"Sort Space Type": "Memory","Plans": [{"Node Type": "Aggregate","Strategy": "Sorted","Partial Mode": "Simple","Parent Relationship": "Outer","Parallel Aware": false,"Async Capable": false,"Startup Cost": 24204.35,"Total Cost": 31746.68,"Plan Rows": 15692,"Plan Width": 44,"Actual Startup Time": 131.286,"Actual Total Time": 197.369,"Actual Rows": 18236,"Actual Loops": 1,"Group Key": ["part.p_brand", "part.p_type", "part.p_size"],"Plans": [{"Node Type": "Gather Merge","Parent Relationship": "Outer","Parallel Aware": false,"Async Capable": false,"Startup Cost": 24204.35,"Total Cost": 31020.49,"Plan Rows": 56927,"Plan Width": 40,"Actual Startup Time": 131.204,"Actual Total Time": 169.971,"Actual Rows": 118607,"Actual Loops": 1,"Workers Planned": 4,"Workers Launched": 4,"Plans": [{"Node Type": "Sort","Parent Relationship": "Outer","Parallel Aware": false,"Async Capable": false,"Startup Cost": 23204.29,"Total Cost": 23239.87,"Plan Rows": 14232,"Plan Width": 40,"Actual Startup Time": 120.838,"Actual Total Time": 123.219,"Actual Rows": 23721,"Actual Loops": 5,"Sort Key": ["part.p_brand", "part.p_type", "part.p_size"],"Sort Method": "quicksort","Sort Space Used": 2676,"Sort Space Type": "Memory","Workers": [{"Worker Number": 0,"Sort Method": "quicksort","Sort Space Used": 2608,"Sort Space Type": "Memory"},{"Worker Number": 1,"Sort Method": "quicksort","Sort Space Used": 2637,"Sort Space Type": "Memory"},{"Worker Number": 2,"Sort Method": "quicksort","Sort Space Used": 2841,"Sort Space Type": "Memory"},{"Worker Number": 3,"Sort Method": "quicksort","Sort Space Used": 2855,"Sort Space Type": "Memory"}],"Plans": [{"Node Type": "Hash Join","Parent Relationship": "Outer","Parallel Aware": true,"Async Capable": false,"Join Type": "Inner","Startup Cost": 6676.01,"Total Cost": 22222.51,"Plan Rows": 14232,"Plan Width": 40,"Actual Startup Time": 29.028,"Actual Total Time": 78.870,"Actual Rows": 23721,"Actual Loops": 5,"Inner Unique": true,"Hash Cond": "(partsupp.ps_partkey = part.p_partkey)","Workers": [],"Plans": [{"Node Type": "Index Only Scan","Parent Relationship": "Outer","Parallel Aware": true,"Async Capable": false,"Scan Direction": "Forward","Index Name": "partsupp_pkey","Relation Name": "partsupp","Alias": "partsupp","Startup Cost": 347.43,"Total Cost": 15631.43,"Plan Rows": 100000,"Plan Width": 8,"Actual Startup Time": 6.964,"Actual Total Time": 32.588,"Actual Rows": 159936,"Actual Loops": 5,"Filter": "(NOT (hashed SubPlan 1))","Rows Removed by Filter": 64,"Heap Fetches": 0,"Workers": [],"Plans": [{"Node Type": "Seq Scan","Parent Relationship": "SubPlan","Subplan Name": "SubPlan 1","Parallel Aware": false,"Async Capable": false,"Relation Name": "supplier","Alias": "supplier","Startup Cost": 0.00,"Total Cost": 347.00,"Plan Rows": 1,"Plan Width": 4,"Actual Startup Time": 0.173,"Actual Total Time": 6.816,"Actual Rows": 4,"Actual Loops": 5,"Filter": "((s_comment)::text ~~ '%Customer%Complaints%'::text)","Rows Removed by Filter": 9996,"Workers": []}]},{"Node Type": "Hash","Parent Relationship": "Inner","Parallel Aware": true,"Async Capable": false,"Startup Cost": 6180.33,"Total Cost": 6180.33,"Plan Rows": 11860,"Plan Width": 40,"Actual Startup Time": 21.803,"Actual Total Time": 21.809,"Actual Rows": 5933,"Actual Loops": 5,"Hash Buckets": 32768,"Original Hash Buckets": 32768,"Hash Batches": 1,"Original Hash Batches": 1,"Peak Memory Usage": 2560,"Workers": [],"Plans": [{"Node Type": "Seq Scan","Parent Relationship": "Outer","Parallel Aware": true,"Async Capable": false,"Relation Name": "part","Alias": "part","Startup Cost": 0.00,"Total Cost": 6180.33,"Plan Rows": 11860,"Plan Width": 40,"Actual Startup Time": 0.050,"Actual Total Time": 18.464,"Actual Rows": 5933,"Actual Loops": 5,"Filter": "((p_brand <> 'Brand#42'::bpchar) AND ((p_type)::text !~~ 'SMALL BRUSHED%'::text) AND (p_size = ANY ('{4,37,49,13,7,5,8,23}'::integer[])))","Rows Removed by Filter": 34067,"Workers": []}]}]}]}]}]}]},"Planning Time": 4.802,"Triggers": [],"Execution Time": 238.423}]
[{"Plan": {"Node Type": "Sort","Parallel Aware": false,"Async Capable": false,"Startup Cost": 33276.92,"Total Cost": 33316.97,"Plan Rows": 16019,"Plan Width": 44,"Actual Startup Time": 250.698,"Actual Total Time": 252.484,"Actual Rows": 18269,"Actual Loops": 1,"Sort Key": ["(count(DISTINCT partsupp.ps_suppkey)) DESC", "part.p_brand", "part.p_type", "part.p_size"],"Sort Method": "quicksort","Sort Space Used": 2337,"Sort Space Type": "Memory","Plans": [{"Node Type": "Aggregate","Strategy": "Sorted","Partial Mode": "Simple","Parent Relationship": "Outer","Parallel Aware": false,"Async Capable": false,"Startup Cost": 24262.84,"Total Cost": 32158.19,"Plan Rows": 16019,"Plan Width": 44,"Actual Startup Time": 143.121,"Actual Total Time": 212.722,"Actual Rows": 18269,"Actual Loops": 1,"Group Key": ["part.p_brand", "part.p_type", "part.p_size"],"Plans": [{"Node Type": "Gather Merge","Parent Relationship": "Outer","Parallel Aware": false,"Async Capable": false,"Startup Cost": 24262.84,"Total Cost": 31401.77,"Plan Rows": 59623,"Plan Width": 40,"Actual Startup Time": 143.064,"Actual Total Time": 183.553,"Actual Rows": 118637,"Actual Loops": 1,"Workers Planned": 4,"Workers Launched": 4,"Plans": [{"Node Type": "Sort","Parent Relationship": "Outer","Parallel Aware": false,"Async Capable": false,"Startup Cost": 23262.78,"Total Cost": 23300.04,"Plan Rows": 14906,"Plan Width": 40,"Actual Startup Time": 123.917,"Actual Total Time": 126.719,"Actual Rows": 23727,"Actual Loops": 5,"Sort Key": ["part.p_brand", "part.p_type", "part.p_size"],"Sort Method": "quicksort","Sort Space Used": 2408,"Sort Space Type": "Memory","Workers": [{"Worker Number": 0,"Sort Method": "quicksort","Sort Space Used": 2784,"Sort Space Type": "Memory"},{"Worker Number": 1,"Sort Method": "quicksort","Sort Space Used": 2802,"Sort Space Type": "Memory"},{"Worker Number": 2,"Sort Method": "quicksort","Sort Space Used": 2800,"Sort Space Type": "Memory"},{"Worker Number": 3,"Sort Method": "quicksort","Sort Space Used": 2805,"Sort Space Type": "Memory"}],"Plans": [{"Node Type": "Hash Join","Parent Relationship": "Outer","Parallel Aware": true,"Async Capable": false,"Join Type": "Inner","Startup Cost": 6683.02,"Total Cost": 22229.52,"Plan Rows": 14906,"Plan Width": 40,"Actual Startup Time": 30.459,"Actual Total Time": 79.580,"Actual Rows": 23727,"Actual Loops": 5,"Inner Unique": true,"Hash Cond": "(partsupp.ps_partkey = part.p_partkey)","Workers": [],"Plans": [{"Node Type": "Index Only Scan","Parent Relationship": "Outer","Parallel Aware": true,"Async Capable": false,"Scan Direction": "Forward","Index Name": "partsupp_pkey","Relation Name": "partsupp","Alias": "partsupp","Startup Cost": 347.43,"Total Cost": 15631.43,"Plan Rows": 100000,"Plan Width": 8,"Actual Startup Time": 7.492,"Actual Total Time": 32.898,"Actual Rows": 159936,"Actual Loops": 5,"Filter": "(NOT (hashed SubPlan 1))","Rows Removed by Filter": 64,"Heap Fetches": 0,"Workers": [],"Plans": [{"Node Type": "Seq Scan","Parent Relationship": "SubPlan","Subplan Name": "SubPlan 1","Parallel Aware": false,"Async Capable": false,"Relation Name": "supplier","Alias": "supplier","Startup Cost": 0.00,"Total Cost": 347.00,"Plan Rows": 1,"Plan Width": 4,"Actual Startup Time": 0.159,"Actual Total Time": 7.339,"Actual Rows": 4,"Actual Loops": 5,"Filter": "((s_comment)::text ~~ '%Customer%Complaints%'::text)","Rows Removed by Filter": 9996,"Workers": []}]},{"Node Type": "Hash","Parent Relationship": "Inner","Parallel Aware": true,"Async Capable": false,"Startup Cost": 6180.33,"Total Cost": 6180.33,"Plan Rows": 12421,"Plan Width": 40,"Actual Startup Time": 22.699,"Actual Total Time": 22.702,"Actual Rows": 5934,"Actual Loops": 5,"Hash Buckets": 32768,"Original Hash Buckets": 32768,"Hash Batches": 1,"Original Hash Batches": 1,"Peak Memory Usage": 2560,"Workers": [],"Plans": [{"Node Type": "Seq Scan","Parent Relationship": "Outer","Parallel Aware": true,"Async Capable": false,"Relation Name": "part","Alias": "part","Startup Cost": 0.00,"Total Cost": 6180.33,"Plan Rows": 12421,"Plan Width": 40,"Actual Startup Time": 0.046,"Actual Total Time": 18.889,"Actual Rows": 5934,"Actual Loops": 5,"Filter": "((p_brand <> 'Brand#33'::bpchar) AND ((p_type)::text !~~ 'SMALL BURNISHED%'::text) AND (p_size = ANY ('{37,34,43,2,11,25,4,16}'::integer[])))","Rows Removed by Filter": 34066,"Workers": []}]}]}]}]}]}]},"Planning Time": 3.921,"Triggers": [],"Execution Time": 253.357}]
[{"Plan": {"Node Type": "Sort","Parallel Aware": false,"Async Capable": false,"Startup Cost": 33286.06,"Total Cost": 33326.12,"Plan Rows": 16025,"Plan Width": 44,"Actual Startup Time": 247.145,"Actual Total Time": 248.901,"Actual Rows": 18269,"Actual Loops": 1,"Sort Key": ["(count(DISTINCT partsupp.ps_suppkey)) DESC", "part.p_brand", "part.p_type", "part.p_size"],"Sort Method": "quicksort","Sort Space Used": 2337,"Sort Space Type": "Memory","Plans": [{"Node Type": "Aggregate","Strategy": "Sorted","Partial Mode": "Simple","Parent Relationship": "Outer","Parallel Aware": false,"Async Capable": false,"Startup Cost": 24264.06,"Total Cost": 32166.87,"Plan Rows": 16025,"Plan Width": 44,"Actual Startup Time": 139.739,"Actual Total Time": 209.792,"Actual Rows": 18269,"Actual Loops": 1,"Group Key": ["part.p_brand", "part.p_type", "part.p_size"],"Plans": [{"Node Type": "Gather Merge","Parent Relationship": "Outer","Parallel Aware": false,"Async Capable": false,"Startup Cost": 24264.06,"Total Cost": 31409.82,"Plan Rows": 59680,"Plan Width": 40,"Actual Startup Time": 139.685,"Actual Total Time": 180.465,"Actual Rows": 117844,"Actual Loops": 1,"Workers Planned": 4,"Workers Launched": 4,"Plans": [{"Node Type": "Sort","Parent Relationship": "Outer","Parallel Aware": false,"Async Capable": false,"Startup Cost": 23264.00,"Total Cost": 23301.30,"Plan Rows": 14920,"Plan Width": 40,"Actual Startup Time": 121.841,"Actual Total Time": 124.348,"Actual Rows": 23569,"Actual Loops": 5,"Sort Key": ["part.p_brand", "part.p_type", "part.p_size"],"Sort Method": "quicksort","Sort Space Used": 2409,"Sort Space Type": "Memory","Workers": [{"Worker Number": 0,"Sort Method": "quicksort","Sort Space Used": 2795,"Sort Space Type": "Memory"},{"Worker Number": 1,"Sort Method": "quicksort","Sort Space Used": 2769,"Sort Space Type": "Memory"},{"Worker Number": 2,"Sort Method": "quicksort","Sort Space Used": 2791,"Sort Space Type": "Memory"},{"Worker Number": 3,"Sort Method": "quicksort","Sort Space Used": 2763,"Sort Space Type": "Memory"}],"Plans": [{"Node Type": "Hash Join","Parent Relationship": "Outer","Parallel Aware": true,"Async Capable": false,"Join Type": "Inner","Startup Cost": 6683.17,"Total Cost": 22229.67,"Plan Rows": 14920,"Plan Width": 40,"Actual Startup Time": 28.696,"Actual Total Time": 78.488,"Actual Rows": 23569,"Actual Loops": 5,"Inner Unique": true,"Hash Cond": "(partsupp.ps_partkey = part.p_partkey)","Workers": [],"Plans": [{"Node Type": "Index Only Scan","Parent Relationship": "Outer","Parallel Aware": true,"Async Capable": false,"Scan Direction": "Forward","Index Name": "partsupp_pkey","Relation Name": "partsupp","Alias": "partsupp","Startup Cost": 347.43,"Total Cost": 15631.43,"Plan Rows": 100000,"Plan Width": 8,"Actual Startup Time": 6.233,"Actual Total Time": 32.185,"Actual Rows": 159936,"Actual Loops": 5,"Filter": "(NOT (hashed SubPlan 1))","Rows Removed by Filter": 64,"Heap Fetches": 0,"Workers": [],"Plans": [{"Node Type": "Seq Scan","Parent Relationship": "SubPlan","Subplan Name": "SubPlan 1","Parallel Aware": false,"Async Capable": false,"Relation Name": "supplier","Alias": "supplier","Startup Cost": 0.00,"Total Cost": 347.00,"Plan Rows": 1,"Plan Width": 4,"Actual Startup Time": 0.177,"Actual Total Time": 6.045,"Actual Rows": 4,"Actual Loops": 5,"Filter": "((s_comment)::text ~~ '%Customer%Complaints%'::text)","Rows Removed by Filter": 9996,"Workers": []}]},{"Node Type": "Hash","Parent Relationship": "Inner","Parallel Aware": true,"Async Capable": false,"Startup Cost": 6180.33,"Total Cost": 6180.33,"Plan Rows": 12433,"Plan Width": 40,"Actual Startup Time": 22.172,"Actual Total Time": 22.177,"Actual Rows": 5894,"Actual Loops": 5,"Hash Buckets": 32768,"Original Hash Buckets": 32768,"Hash Batches": 1,"Original Hash Batches": 1,"Peak Memory Usage": 2528,"Workers": [],"Plans": [{"Node Type": "Seq Scan","Parent Relationship": "Outer","Parallel Aware": true,"Async Capable": false,"Relation Name": "part","Alias": "part","Startup Cost": 0.00,"Total Cost": 6180.33,"Plan Rows": 12433,"Plan Width": 40,"Actual Startup Time": 0.078,"Actual Total Time": 18.436,"Actual Rows": 5894,"Actual Loops": 5,"Filter": "((p_brand <> 'Brand#44'::bpchar) AND ((p_type)::text !~~ 'MEDIUM BURNISHED%'::text) AND (p_size = ANY ('{19,47,32,43,36,26,10,44}'::integer[])))","Rows Removed by Filter": 34106,"Workers": []}]}]}]}]}]}]},"Planning Time": 5.237,"Triggers": [],"Execution Time": 249.877}]
[{"Plan": {"Node Type": "Sort","Parallel Aware": false,"Async Capable": false,"Startup Cost": 33326.63,"Total Cost": 33366.77,"Plan Rows": 16054,"Plan Width": 44,"Actual Startup Time": 238.819,"Actual Total Time": 240.443,"Actual Rows": 18303,"Actual Loops": 1,"Sort Key": ["(count(DISTINCT partsupp.ps_suppkey)) DESC", "part.p_brand", "part.p_type", "part.p_size"],"Sort Method": "quicksort","Sort Space Used": 2340,"Sort Space Type": "Memory","Plans": [{"Node Type": "Aggregate","Strategy": "Sorted","Partial Mode": "Simple","Parent Relationship": "Outer","Parallel Aware": false,"Async Capable": false,"Startup Cost": 24269.54,"Total Cost": 32205.21,"Plan Rows": 16054,"Plan Width": 44,"Actual Startup Time": 132.242,"Actual Total Time": 199.464,"Actual Rows": 18303,"Actual Loops": 1,"Group Key": ["part.p_brand", "part.p_type", "part.p_size"],"Plans": [{"Node Type": "Gather Merge","Parent Relationship": "Outer","Parallel Aware": false,"Async Capable": false,"Startup Cost": 24269.54,"Total Cost": 31445.36,"Plan Rows": 59931,"Plan Width": 40,"Actual Startup Time": 132.174,"Actual Total Time": 171.368,"Actual Rows": 119439,"Actual Loops": 1,"Workers Planned": 4,"Workers Launched": 4,"Plans": [{"Node Type": "Sort","Parent Relationship": "Outer","Parallel Aware": false,"Async Capable": false,"Startup Cost": 23269.48,"Total Cost": 23306.94,"Plan Rows": 14983,"Plan Width": 40,"Actual Startup Time": 122.188,"Actual Total Time": 125.100,"Actual Rows": 23888,"Actual Loops": 5,"Sort Key": ["part.p_brand", "part.p_type", "part.p_size"],"Sort Method": "quicksort","Sort Space Used": 2420,"Sort Space Type": "Memory","Workers": [{"Worker Number": 0,"Sort Method": "quicksort","Sort Space Used": 2782,"Sort Space Type": "Memory"},{"Worker Number": 1,"Sort Method": "quicksort","Sort Space Used": 2813,"Sort Space Type": "Memory"},{"Worker Number": 2,"Sort Method": "quicksort","Sort Space Used": 2818,"Sort Space Type": "Memory"},{"Worker Number": 3,"Sort Method": "quicksort","Sort Space Used": 2823,"Sort Space Type": "Memory"}],"Plans": [{"Node Type": "Hash Join","Parent Relationship": "Outer","Parallel Aware": true,"Async Capable": false,"Join Type": "Inner","Startup Cost": 6683.84,"Total Cost": 22230.34,"Plan Rows": 14983,"Plan Width": 40,"Actual Startup Time": 31.121,"Actual Total Time": 80.057,"Actual Rows": 23888,"Actual Loops": 5,"Inner Unique": true,"Hash Cond": "(partsupp.ps_partkey = part.p_partkey)","Workers": [],"Plans": [{"Node Type": "Index Only Scan","Parent Relationship": "Outer","Parallel Aware": true,"Async Capable": false,"Scan Direction": "Forward","Index Name": "partsupp_pkey","Relation Name": "partsupp","Alias": "partsupp","Startup Cost": 347.43,"Total Cost": 15631.43,"Plan Rows": 100000,"Plan Width": 8,"Actual Startup Time": 9.543,"Actual Total Time": 34.852,"Actual Rows": 159936,"Actual Loops": 5,"Filter": "(NOT (hashed SubPlan 1))","Rows Removed by Filter": 64,"Heap Fetches": 0,"Workers": [],"Plans": [{"Node Type": "Seq Scan","Parent Relationship": "SubPlan","Subplan Name": "SubPlan 1","Parallel Aware": false,"Async Capable": false,"Relation Name": "supplier","Alias": "supplier","Startup Cost": 0.00,"Total Cost": 347.00,"Plan Rows": 1,"Plan Width": 4,"Actual Startup Time": 0.420,"Actual Total Time": 9.282,"Actual Rows": 4,"Actual Loops": 5,"Filter": "((s_comment)::text ~~ '%Customer%Complaints%'::text)","Rows Removed by Filter": 9996,"Workers": []}]},{"Node Type": "Hash","Parent Relationship": "Inner","Parallel Aware": true,"Async Capable": false,"Startup Cost": 6180.33,"Total Cost": 6180.33,"Plan Rows": 12486,"Plan Width": 40,"Actual Startup Time": 21.317,"Actual Total Time": 21.320,"Actual Rows": 5974,"Actual Loops": 5,"Hash Buckets": 32768,"Original Hash Buckets": 32768,"Hash Batches": 1,"Original Hash Batches": 1,"Peak Memory Usage": 2560,"Workers": [],"Plans": [{"Node Type": "Seq Scan","Parent Relationship": "Outer","Parallel Aware": true,"Async Capable": false,"Relation Name": "part","Alias": "part","Startup Cost": 0.00,"Total Cost": 6180.33,"Plan Rows": 12486,"Plan Width": 40,"Actual Startup Time": 0.052,"Actual Total Time": 17.755,"Actual Rows": 5974,"Actual Loops": 5,"Filter": "((p_brand <> 'Brand#52'::bpchar) AND ((p_type)::text !~~ 'STANDARD ANODIZED%'::text) AND (p_size = ANY ('{2,41,49,36,30,29,38,24}'::integer[])))","Rows Removed by Filter": 34026,"Workers": []}]}]}]}]}]}]},"Planning Time": 5.221,"Triggers": [],"Execution Time": 241.335}]
[{"Plan": {"Node Type": "Sort","Parallel Aware": false,"Async Capable": false,"Startup Cost": 33163.34,"Total Cost": 33203.18,"Plan Rows": 15936,"Plan Width": 44,"Actual Startup Time": 235.970,"Actual Total Time": 237.942,"Actual Rows": 18275,"Actual Loops": 1,"Sort Key": ["(count(DISTINCT partsupp.ps_suppkey)) DESC", "part.p_brand", "part.p_type", "part.p_size"],"Sort Method": "quicksort","Sort Space Used": 2338,"Sort Space Type": "Memory","Plans": [{"Node Type": "Aggregate","Strategy": "Sorted","Partial Mode": "Simple","Parent Relationship": "Outer","Parallel Aware": false,"Async Capable": false,"Startup Cost": 24247.55,"Total Cost": 32051.00,"Plan Rows": 15936,"Plan Width": 44,"Actual Startup Time": 129.420,"Actual Total Time": 195.589,"Actual Rows": 18275,"Actual Loops": 1,"Group Key": ["part.p_brand", "part.p_type", "part.p_size"],"Plans": [{"Node Type": "Gather Merge","Parent Relationship": "Outer","Parallel Aware": false,"Async Capable": false,"Startup Cost": 24247.55,"Total Cost": 31302.43,"Plan Rows": 58921,"Plan Width": 40,"Actual Startup Time": 129.356,"Actual Total Time": 168.296,"Actual Rows": 118639,"Actual Loops": 1,"Workers Planned": 4,"Workers Launched": 4,"Plans": [{"Node Type": "Sort","Parent Relationship": "Outer","Parallel Aware": false,"Async Capable": false,"Startup Cost": 23247.49,"Total Cost": 23284.32,"Plan Rows": 14730,"Plan Width": 40,"Actual Startup Time": 120.665,"Actual Total Time": 123.100,"Actual Rows": 23728,"Actual Loops": 5,"Sort Key": ["part.p_brand", "part.p_type", "part.p_size"],"Sort Method": "quicksort","Sort Space Used": 2656,"Sort Space Type": "Memory","Workers": [{"Worker Number": 0,"Sort Method": "quicksort","Sort Space Used": 2757,"Sort Space Type": "Memory"},{"Worker Number": 1,"Sort Method": "quicksort","Sort Space Used": 2663,"Sort Space Type": "Memory"},{"Worker Number": 2,"Sort Method": "quicksort","Sort Space Used": 2754,"Sort Space Type": "Memory"},{"Worker Number": 3,"Sort Method": "quicksort","Sort Space Used": 2794,"Sort Space Type": "Memory"}],"Plans": [{"Node Type": "Hash Join","Parent Relationship": "Outer","Parallel Aware": true,"Async Capable": false,"Join Type": "Inner","Startup Cost": 6681.20,"Total Cost": 22227.70,"Plan Rows": 14730,"Plan Width": 40,"Actual Startup Time": 29.349,"Actual Total Time": 79.370,"Actual Rows": 23728,"Actual Loops": 5,"Inner Unique": true,"Hash Cond": "(partsupp.ps_partkey = part.p_partkey)","Workers": [],"Plans": [{"Node Type": "Index Only Scan","Parent Relationship": "Outer","Parallel Aware": true,"Async Capable": false,"Scan Direction": "Forward","Index Name": "partsupp_pkey","Relation Name": "partsupp","Alias": "partsupp","Startup Cost": 347.43,"Total Cost": 15631.43,"Plan Rows": 100000,"Plan Width": 8,"Actual Startup Time": 7.322,"Actual Total Time": 32.125,"Actual Rows": 159936,"Actual Loops": 5,"Filter": "(NOT (hashed SubPlan 1))","Rows Removed by Filter": 64,"Heap Fetches": 0,"Workers": [],"Plans": [{"Node Type": "Seq Scan","Parent Relationship": "SubPlan","Subplan Name": "SubPlan 1","Parallel Aware": false,"Async Capable": false,"Relation Name": "supplier","Alias": "supplier","Startup Cost": 0.00,"Total Cost": 347.00,"Plan Rows": 1,"Plan Width": 4,"Actual Startup Time": 0.197,"Actual Total Time": 7.145,"Actual Rows": 4,"Actual Loops": 5,"Filter": "((s_comment)::text ~~ '%Customer%Complaints%'::text)","Rows Removed by Filter": 9996,"Workers": []}]},{"Node Type": "Hash","Parent Relationship": "Inner","Parallel Aware": true,"Async Capable": false,"Startup Cost": 6180.33,"Total Cost": 6180.33,"Plan Rows": 12275,"Plan Width": 40,"Actual Startup Time": 21.691,"Actual Total Time": 21.695,"Actual Rows": 5934,"Actual Loops": 5,"Hash Buckets": 32768,"Original Hash Buckets": 32768,"Hash Batches": 1,"Original Hash Batches": 1,"Peak Memory Usage": 2560,"Workers": [],"Plans": [{"Node Type": "Seq Scan","Parent Relationship": "Outer","Parallel Aware": true,"Async Capable": false,"Relation Name": "part","Alias": "part","Startup Cost": 0.00,"Total Cost": 6180.33,"Plan Rows": 12275,"Plan Width": 40,"Actual Startup Time": 0.051,"Actual Total Time": 18.251,"Actual Rows": 5934,"Actual Loops": 5,"Filter": "((p_brand <> 'Brand#14'::bpchar) AND ((p_type)::text !~~ 'PROMO BRUSHED%'::text) AND (p_size = ANY ('{22,16,11,24,43,28,4,9}'::integer[])))","Rows Removed by Filter": 34066,"Workers": []}]}]}]}]}]}]},"Planning Time": 4.480,"Triggers": [],"Execution Time": 239.216}]
[{"Plan": {"Node Type": "Sort","Parallel Aware": false,"Async Capable": false,"Startup Cost": 33185.46,"Total Cost": 33225.34,"Plan Rows": 15952,"Plan Width": 44,"Actual Startup Time": 240.471,"Actual Total Time": 242.300,"Actual Rows": 18272,"Actual Loops": 1,"Sort Key": ["(count(DISTINCT partsupp.ps_suppkey)) DESC", "part.p_brand", "part.p_type", "part.p_size"],"Sort Method": "quicksort","Sort Space Used": 2338,"Sort Space Type": "Memory","Plans": [{"Node Type": "Aggregate","Strategy": "Sorted","Partial Mode": "Simple","Parent Relationship": "Outer","Parallel Aware": false,"Async Capable": false,"Startup Cost": 24250.51,"Total Cost": 32071.90,"Plan Rows": 15952,"Plan Width": 44,"Actual Startup Time": 135.039,"Actual Total Time": 202.263,"Actual Rows": 18272,"Actual Loops": 1,"Group Key": ["part.p_brand", "part.p_type", "part.p_size"],"Plans": [{"Node Type": "Gather Merge","Parent Relationship": "Outer","Parallel Aware": false,"Async Capable": false,"Startup Cost": 24250.51,"Total Cost": 31321.80,"Plan Rows": 59058,"Plan Width": 40,"Actual Startup Time": 134.963,"Actual Total Time": 174.607,"Actual Rows": 119819,"Actual Loops": 1,"Workers Planned": 4,"Workers Launched": 4,"Plans": [{"Node Type": "Sort","Parent Relationship": "Outer","Parallel Aware": false,"Async Capable": false,"Startup Cost": 23250.45,"Total Cost": 23287.36,"Plan Rows": 14764,"Plan Width": 40,"Actual Startup Time": 122.526,"Actual Total Time": 125.244,"Actual Rows": 23964,"Actual Loops": 5,"Sort Key": ["part.p_brand", "part.p_type", "part.p_size"],"Sort Method": "quicksort","Sort Space Used": 2445,"Sort Space Type": "Memory","Workers": [{"Worker Number": 0,"Sort Method": "quicksort","Sort Space Used": 2928,"Sort Space Type": "Memory"},{"Worker Number": 1,"Sort Method": "quicksort","Sort Space Used": 2918,"Sort Space Type": "Memory"},{"Worker Number": 2,"Sort Method": "quicksort","Sort Space Used": 2426,"Sort Space Type": "Memory"},{"Worker Number": 3,"Sort Method": "quicksort","Sort Space Used": 2975,"Sort Space Type": "Memory"}],"Plans": [{"Node Type": "Hash Join","Parent Relationship": "Outer","Parallel Aware": true,"Async Capable": false,"Join Type": "Inner","Startup Cost": 6681.56,"Total Cost": 22228.06,"Plan Rows": 14764,"Plan Width": 40,"Actual Startup Time": 30.251,"Actual Total Time": 80.620,"Actual Rows": 23964,"Actual Loops": 5,"Inner Unique": true,"Hash Cond": "(partsupp.ps_partkey = part.p_partkey)","Workers": [],"Plans": [{"Node Type": "Index Only Scan","Parent Relationship": "Outer","Parallel Aware": true,"Async Capable": false,"Scan Direction": "Forward","Index Name": "partsupp_pkey","Relation Name": "partsupp","Alias": "partsupp","Startup Cost": 347.43,"Total Cost": 15631.43,"Plan Rows": 100000,"Plan Width": 8,"Actual Startup Time": 8.425,"Actual Total Time": 33.271,"Actual Rows": 159936,"Actual Loops": 5,"Filter": "(NOT (hashed SubPlan 1))","Rows Removed by Filter": 64,"Heap Fetches": 0,"Workers": [],"Plans": [{"Node Type": "Seq Scan","Parent Relationship": "SubPlan","Subplan Name": "SubPlan 1","Parallel Aware": false,"Async Capable": false,"Relation Name": "supplier","Alias": "supplier","Startup Cost": 0.00,"Total Cost": 347.00,"Plan Rows": 1,"Plan Width": 4,"Actual Startup Time": 0.267,"Actual Total Time": 8.239,"Actual Rows": 4,"Actual Loops": 5,"Filter": "((s_comment)::text ~~ '%Customer%Complaints%'::text)","Rows Removed by Filter": 9996,"Workers": []}]},{"Node Type": "Hash","Parent Relationship": "Inner","Parallel Aware": true,"Async Capable": false,"Startup Cost": 6180.33,"Total Cost": 6180.33,"Plan Rows": 12304,"Plan Width": 40,"Actual Startup Time": 21.541,"Actual Total Time": 21.545,"Actual Rows": 5994,"Actual Loops": 5,"Hash Buckets": 32768,"Original Hash Buckets": 32768,"Hash Batches": 1,"Original Hash Batches": 1,"Peak Memory Usage": 2560,"Workers": [],"Plans": [{"Node Type": "Seq Scan","Parent Relationship": "Outer","Parallel Aware": true,"Async Capable": false,"Relation Name": "part","Alias": "part","Startup Cost": 0.00,"Total Cost": 6180.33,"Plan Rows": 12304,"Plan Width": 40,"Actual Startup Time": 0.048,"Actual Total Time": 18.032,"Actual Rows": 5994,"Actual Loops": 5,"Filter": "((p_brand <> 'Brand#33'::bpchar) AND ((p_type)::text !~~ 'ECONOMY BRUSHED%'::text) AND (p_size = ANY ('{33,29,2,39,22,21,37,25}'::integer[])))","Rows Removed by Filter": 34006,"Workers": []}]}]}]}]}]}]},"Planning Time": 5.367,"Triggers": [],"Execution Time": 243.417}]
[{"Plan": {"Node Type": "Sort","Parallel Aware": false,"Async Capable": false,"Startup Cost": 33486.37,"Total Cost": 33526.79,"Plan Rows": 16168,"Plan Width": 44,"Actual Startup Time": 232.878,"Actual Total Time": 234.886,"Actual Rows": 18311,"Actual Loops": 1,"Sort Key": ["(count(DISTINCT partsupp.ps_suppkey)) DESC", "part.p_brand", "part.p_type", "part.p_size"],"Sort Method": "quicksort","Sort Space Used": 2341,"Sort Space Type": "Memory","Plans": [{"Node Type": "Aggregate","Strategy": "Sorted","Partial Mode": "Simple","Parent Relationship": "Outer","Parallel Aware": false,"Async Capable": false,"Startup Cost": 24291.04,"Total Cost": 32356.16,"Plan Rows": 16168,"Plan Width": 44,"Actual Startup Time": 129.591,"Actual Total Time": 195.271,"Actual Rows": 18311,"Actual Loops": 1,"Group Key": ["part.p_brand", "part.p_type", "part.p_size"],"Plans": [{"Node Type": "Gather Merge","Parent Relationship": "Outer","Parallel Aware": false,"Async Capable": false,"Startup Cost": 24291.04,"Total Cost": 31585.28,"Plan Rows": 60920,"Plan Width": 40,"Actual Startup Time": 129.522,"Actual Total Time": 167.800,"Actual Rows": 119035,"Actual Loops": 1,"Workers Planned": 4,"Workers Launched": 4,"Plans": [{"Node Type": "Sort","Parent Relationship": "Outer","Parallel Aware": false,"Async Capable": false,"Startup Cost": 23290.99,"Total Cost": 23329.06,"Plan Rows": 15230,"Plan Width": 40,"Actual Startup Time": 119.325,"Actual Total Time": 121.637,"Actual Rows": 23807,"Actual Loops": 5,"Sort Key": ["part.p_brand", "part.p_type", "part.p_size"],"Sort Method": "quicksort","Sort Space Used": 2640,"Sort Space Type": "Memory","Workers": [{"Worker Number": 0,"Sort Method": "quicksort","Sort Space Used": 2629,"Sort Space Type": "Memory"},{"Worker Number": 1,"Sort Method": "quicksort","Sort Space Used": 2651,"Sort Space Type": "Memory"},{"Worker Number": 2,"Sort Method": "quicksort","Sort Space Used": 2860,"Sort Space Type": "Memory"},{"Worker Number": 3,"Sort Method": "quicksort","Sort Space Used": 2853,"Sort Space Type": "Memory"}],"Plans": [{"Node Type": "Hash Join","Parent Relationship": "Outer","Parallel Aware": true,"Async Capable": false,"Join Type": "Inner","Startup Cost": 6686.41,"Total Cost": 22232.91,"Plan Rows": 15230,"Plan Width": 40,"Actual Startup Time": 28.021,"Actual Total Time": 77.633,"Actual Rows": 23807,"Actual Loops": 5,"Inner Unique": true,"Hash Cond": "(partsupp.ps_partkey = part.p_partkey)","Workers": [],"Plans": [{"Node Type": "Index Only Scan","Parent Relationship": "Outer","Parallel Aware": true,"Async Capable": false,"Scan Direction": "Forward","Index Name": "partsupp_pkey","Relation Name": "partsupp","Alias": "partsupp","Startup Cost": 347.43,"Total Cost": 15631.43,"Plan Rows": 100000,"Plan Width": 8,"Actual Startup Time": 6.753,"Actual Total Time": 32.305,"Actual Rows": 159936,"Actual Loops": 5,"Filter": "(NOT (hashed SubPlan 1))","Rows Removed by Filter": 64,"Heap Fetches": 0,"Workers": [],"Plans": [{"Node Type": "Seq Scan","Parent Relationship": "SubPlan","Subplan Name": "SubPlan 1","Parallel Aware": false,"Async Capable": false,"Relation Name": "supplier","Alias": "supplier","Startup Cost": 0.00,"Total Cost": 347.00,"Plan Rows": 1,"Plan Width": 4,"Actual Startup Time": 0.127,"Actual Total Time": 6.601,"Actual Rows": 4,"Actual Loops": 5,"Filter": "((s_comment)::text ~~ '%Customer%Complaints%'::text)","Rows Removed by Filter": 9996,"Workers": []}]},{"Node Type": "Hash","Parent Relationship": "Inner","Parallel Aware": true,"Async Capable": false,"Startup Cost": 6180.33,"Total Cost": 6180.33,"Plan Rows": 12692,"Plan Width": 40,"Actual Startup Time": 21.039,"Actual Total Time": 21.043,"Actual Rows": 5954,"Actual Loops": 5,"Hash Buckets": 32768,"Original Hash Buckets": 32768,"Hash Batches": 1,"Original Hash Batches": 1,"Peak Memory Usage": 2560,"Workers": [],"Plans": [{"Node Type": "Seq Scan","Parent Relationship": "Outer","Parallel Aware": true,"Async Capable": false,"Relation Name": "part","Alias": "part","Startup Cost": 0.00,"Total Cost": 6180.33,"Plan Rows": 12692,"Plan Width": 40,"Actual Startup Time": 0.053,"Actual Total Time": 17.868,"Actual Rows": 5954,"Actual Loops": 5,"Filter": "((p_brand <> 'Brand#31'::bpchar) AND ((p_type)::text !~~ 'MEDIUM ANODIZED%'::text) AND (p_size = ANY ('{27,9,41,47,19,2,14,20}'::integer[])))","Rows Removed by Filter": 34046,"Workers": []}]}]}]}]}]}]},"Planning Time": 4.903,"Triggers": [],"Execution Time": 236.215}]
[{"Plan": {"Node Type": "Sort","Parallel Aware": false,"Async Capable": false,"Startup Cost": 33328.62,"Total Cost": 33368.76,"Plan Rows": 16056,"Plan Width": 44,"Actual Startup Time": 244.503,"Actual Total Time": 246.041,"Actual Rows": 18363,"Actual Loops": 1,"Sort Key": ["(count(DISTINCT partsupp.ps_suppkey)) DESC", "part.p_brand", "part.p_type", "part.p_size"],"Sort Method": "quicksort","Sort Space Used": 2347,"Sort Space Type": "Memory","Plans": [{"Node Type": "Aggregate","Strategy": "Sorted","Partial Mode": "Simple","Parent Relationship": "Outer","Parallel Aware": false,"Async Capable": false,"Startup Cost": 24269.80,"Total Cost": 32207.04,"Plan Rows": 16056,"Plan Width": 44,"Actual Startup Time": 136.212,"Actual Total Time": 205.693,"Actual Rows": 18363,"Actual Loops": 1,"Group Key": ["part.p_brand", "part.p_type", "part.p_size"],"Plans": [{"Node Type": "Gather Merge","Parent Relationship": "Outer","Parallel Aware": false,"Async Capable": false,"Startup Cost": 24269.80,"Total Cost": 31447.05,"Plan Rows": 59943,"Plan Width": 40,"Actual Startup Time": 136.156,"Actual Total Time": 176.566,"Actual Rows": 119153,"Actual Loops": 1,"Workers Planned": 4,"Workers Launched": 4,"Plans": [{"Node Type": "Sort","Parent Relationship": "Outer","Parallel Aware": false,"Async Capable": false,"Startup Cost": 23269.74,"Total Cost": 23307.20,"Plan Rows": 14986,"Plan Width": 40,"Actual Startup Time": 122.713,"Actual Total Time": 125.733,"Actual Rows": 23831,"Actual Loops": 5,"Sort Key": ["part.p_brand", "part.p_type", "part.p_size"],"Sort Method": "quicksort","Sort Space Used": 2222,"Sort Space Type": "Memory","Workers": [{"Worker Number": 0,"Sort Method": "quicksort","Sort Space Used": 3024,"Sort Space Type": "Memory"},{"Worker Number": 1,"Sort Method": "quicksort","Sort Space Used": 2423,"Sort Space Type": "Memory"},{"Worker Number": 2,"Sort Method": "quicksort","Sort Space Used": 3023,"Sort Space Type": "Memory"},{"Worker Number": 3,"Sort Method": "quicksort","Sort Space Used": 2972,"Sort Space Type": "Memory"}],"Plans": [{"Node Type": "Hash Join","Parent Relationship": "Outer","Parallel Aware": true,"Async Capable": false,"Join Type": "Inner","Startup Cost": 6683.86,"Total Cost": 22230.36,"Plan Rows": 14986,"Plan Width": 40,"Actual Startup Time": 29.456,"Actual Total Time": 80.496,"Actual Rows": 23831,"Actual Loops": 5,"Inner Unique": true,"Hash Cond": "(partsupp.ps_partkey = part.p_partkey)","Workers": [],"Plans": [{"Node Type": "Index Only Scan","Parent Relationship": "Outer","Parallel Aware": true,"Async Capable": false,"Scan Direction": "Forward","Index Name": "partsupp_pkey","Relation Name": "partsupp","Alias": "partsupp","Startup Cost": 347.43,"Total Cost": 15631.43,"Plan Rows": 100000,"Plan Width": 8,"Actual Startup Time": 7.155,"Actual Total Time": 33.450,"Actual Rows": 159936,"Actual Loops": 5,"Filter": "(NOT (hashed SubPlan 1))","Rows Removed by Filter": 64,"Heap Fetches": 0,"Workers": [],"Plans": [{"Node Type": "Seq Scan","Parent Relationship": "SubPlan","Subplan Name": "SubPlan 1","Parallel Aware": false,"Async Capable": false,"Relation Name": "supplier","Alias": "supplier","Startup Cost": 0.00,"Total Cost": 347.00,"Plan Rows": 1,"Plan Width": 4,"Actual Startup Time": 0.150,"Actual Total Time": 6.995,"Actual Rows": 4,"Actual Loops": 5,"Filter": "((s_comment)::text ~~ '%Customer%Complaints%'::text)","Rows Removed by Filter": 9996,"Workers": []}]},{"Node Type": "Hash","Parent Relationship": "Inner","Parallel Aware": true,"Async Capable": false,"Startup Cost": 6180.33,"Total Cost": 6180.33,"Plan Rows": 12488,"Plan Width": 40,"Actual Startup Time": 21.973,"Actual Total Time": 21.977,"Actual Rows": 5960,"Actual Loops": 5,"Hash Buckets": 32768,"Original Hash Buckets": 32768,"Hash Batches": 1,"Original Hash Batches": 1,"Peak Memory Usage": 2560,"Workers": [],"Plans": [{"Node Type": "Seq Scan","Parent Relationship": "Outer","Parallel Aware": true,"Async Capable": false,"Relation Name": "part","Alias": "part","Startup Cost": 0.00,"Total Cost": 6180.33,"Plan Rows": 12488,"Plan Width": 40,"Actual Startup Time": 0.058,"Actual Total Time": 18.174,"Actual Rows": 5960,"Actual Loops": 5,"Filter": "((p_brand <> 'Brand#52'::bpchar) AND ((p_type)::text !~~ 'SMALL PLATED%'::text) AND (p_size = ANY ('{10,17,14,34,45,6,24,3}'::integer[])))","Rows Removed by Filter": 34040,"Workers": []}]}]}]}]}]}]},"Planning Time": 5.490,"Triggers": [],"Execution Time": 246.980}]
[{"Plan": {"Node Type": "Sort","Parallel Aware": false,"Async Capable": false,"Startup Cost": 33191.95,"Total Cost": 33231.84,"Plan Rows": 15957,"Plan Width": 44,"Actual Startup Time": 240.231,"Actual Total Time": 241.871,"Actual Rows": 18447,"Actual Loops": 1,"Sort Key": ["(count(DISTINCT partsupp.ps_suppkey)) DESC", "part.p_brand", "part.p_type", "part.p_size"],"Sort Method": "quicksort","Sort Space Used": 2354,"Sort Space Type": "Memory","Plans": [{"Node Type": "Aggregate","Strategy": "Sorted","Partial Mode": "Simple","Parent Relationship": "Outer","Parallel Aware": false,"Async Capable": false,"Startup Cost": 24251.38,"Total Cost": 32078.00,"Plan Rows": 15957,"Plan Width": 44,"Actual Startup Time": 133.662,"Actual Total Time": 202.485,"Actual Rows": 18447,"Actual Loops": 1,"Group Key": ["part.p_brand", "part.p_type", "part.p_size"],"Plans": [{"Node Type": "Gather Merge","Parent Relationship": "Outer","Parallel Aware": false,"Async Capable": false,"Startup Cost": 24251.38,"Total Cost": 31327.45,"Plan Rows": 59098,"Plan Width": 40,"Actual Startup Time": 133.618,"Actual Total Time": 173.761,"Actual Rows": 119962,"Actual Loops": 1,"Workers Planned": 4,"Workers Launched": 4,"Plans": [{"Node Type": "Sort","Parent Relationship": "Outer","Parallel Aware": false,"Async Capable": false,"Startup Cost": 23251.32,"Total Cost": 23288.25,"Plan Rows": 14774,"Plan Width": 40,"Actual Startup Time": 122.585,"Actual Total Time": 125.214,"Actual Rows": 23992,"Actual Loops": 5,"Sort Key": ["part.p_brand", "part.p_type", "part.p_size"],"Sort Method": "quicksort","Sort Space Used": 2500,"Sort Space Type": "Memory","Workers": [{"Worker Number": 0,"Sort Method": "quicksort","Sort Space Used": 2901,"Sort Space Type": "Memory"},{"Worker Number": 1,"Sort Method": "quicksort","Sort Space Used": 2909,"Sort Space Type": "Memory"},{"Worker Number": 2,"Sort Method": "quicksort","Sort Space Used": 2482,"Sort Space Type": "Memory"},{"Worker Number": 3,"Sort Method": "quicksort","Sort Space Used": 2933,"Sort Space Type": "Memory"}],"Plans": [{"Node Type": "Hash Join","Parent Relationship": "Outer","Parallel Aware": true,"Async Capable": false,"Join Type": "Inner","Startup Cost": 6681.66,"Total Cost": 22228.16,"Plan Rows": 14774,"Plan Width": 40,"Actual Startup Time": 30.485,"Actual Total Time": 80.293,"Actual Rows": 23992,"Actual Loops": 5,"Inner Unique": true,"Hash Cond": "(partsupp.ps_partkey = part.p_partkey)","Workers": [],"Plans": [{"Node Type": "Index Only Scan","Parent Relationship": "Outer","Parallel Aware": true,"Async Capable": false,"Scan Direction": "Forward","Index Name": "partsupp_pkey","Relation Name": "partsupp","Alias": "partsupp","Startup Cost": 347.43,"Total Cost": 15631.43,"Plan Rows": 100000,"Plan Width": 8,"Actual Startup Time": 6.945,"Actual Total Time": 32.277,"Actual Rows": 159936,"Actual Loops": 5,"Filter": "(NOT (hashed SubPlan 1))","Rows Removed by Filter": 64,"Heap Fetches": 0,"Workers": [],"Plans": [{"Node Type": "Seq Scan","Parent Relationship": "SubPlan","Subplan Name": "SubPlan 1","Parallel Aware": false,"Async Capable": false,"Relation Name": "supplier","Alias": "supplier","Startup Cost": 0.00,"Total Cost": 347.00,"Plan Rows": 1,"Plan Width": 4,"Actual Startup Time": 0.127,"Actual Total Time": 6.790,"Actual Rows": 4,"Actual Loops": 5,"Filter": "((s_comment)::text ~~ '%Customer%Complaints%'::text)","Rows Removed by Filter": 9996,"Workers": []}]},{"Node Type": "Hash","Parent Relationship": "Inner","Parallel Aware": true,"Async Capable": false,"Startup Cost": 6180.33,"Total Cost": 6180.33,"Plan Rows": 12312,"Plan Width": 40,"Actual Startup Time": 23.279,"Actual Total Time": 23.284,"Actual Rows": 6001,"Actual Loops": 5,"Hash Buckets": 32768,"Original Hash Buckets": 32768,"Hash Batches": 1,"Original Hash Batches": 1,"Peak Memory Usage": 2560,"Workers": [],"Plans": [{"Node Type": "Seq Scan","Parent Relationship": "Outer","Parallel Aware": true,"Async Capable": false,"Relation Name": "part","Alias": "part","Startup Cost": 0.00,"Total Cost": 6180.33,"Plan Rows": 12312,"Plan Width": 40,"Actual Startup Time": 0.042,"Actual Total Time": 19.280,"Actual Rows": 6001,"Actual Loops": 5,"Filter": "((p_brand <> 'Brand#55'::bpchar) AND ((p_type)::text !~~ 'PROMO PLATED%'::text) AND (p_size = ANY ('{5,29,3,42,7,49,44,47}'::integer[])))","Rows Removed by Filter": 33999,"Workers": []}]}]}]}]}]}]},"Planning Time": 3.797,"Triggers": [],"Execution Time": 242.798}]
[{"Plan": {"Node Type": "Sort","Parallel Aware": false,"Async Capable": false,"Startup Cost": 33127.41,"Total Cost": 33167.18,"Plan Rows": 15909,"Plan Width": 44,"Actual Startup Time": 238.402,"Actual Total Time": 240.382,"Actual Rows": 18205,"Actual Loops": 1,"Sort Key": ["(count(DISTINCT partsupp.ps_suppkey)) DESC", "part.p_brand", "part.p_type", "part.p_size"],"Sort Method": "quicksort","Sort Space Used": 2332,"Sort Space Type": "Memory","Plans": [{"Node Type": "Aggregate","Strategy": "Sorted","Partial Mode": "Simple","Parent Relationship": "Outer","Parallel Aware": false,"Async Capable": false,"Startup Cost": 24242.77,"Total Cost": 32017.15,"Plan Rows": 15909,"Plan Width": 44,"Actual Startup Time": 133.626,"Actual Total Time": 202.063,"Actual Rows": 18205,"Actual Loops": 1,"Group Key": ["part.p_brand", "part.p_type", "part.p_size"],"Plans": [{"Node Type": "Gather Merge","Parent Relationship": "Outer","Parallel Aware": false,"Async Capable": false,"Startup Cost": 24242.77,"Total Cost": 31271.07,"Plan Rows": 58699,"Plan Width": 40,"Actual Startup Time": 133.552,"Actual Total Time": 173.506,"Actual Rows": 118185,"Actual Loops": 1,"Workers Planned": 4,"Workers Launched": 4,"Plans": [{"Node Type": "Sort","Parent Relationship": "Outer","Parallel Aware": false,"Async Capable": false,"Startup Cost": 23242.71,"Total Cost": 23279.40,"Plan Rows": 14675,"Plan Width": 40,"Actual Startup Time": 120.941,"Actual Total Time": 123.729,"Actual Rows": 23637,"Actual Loops": 5,"Sort Key": ["part.p_brand", "part.p_type", "part.p_size"],"Sort Method": "quicksort","Sort Space Used": 2425,"Sort Space Type": "Memory","Workers": [{"Worker Number": 0,"Sort Method": "quicksort","Sort Space Used": 2945,"Sort Space Type": "Memory"},{"Worker Number": 1,"Sort Method": "quicksort","Sort Space Used": 2384,"Sort Space Type": "Memory"},{"Worker Number": 2,"Sort Method": "quicksort","Sort Space Used": 2913,"Sort Space Type": "Memory"},{"Worker Number": 3,"Sort Method": "quicksort","Sort Space Used": 2895,"Sort Space Type": "Memory"}],"Plans": [{"Node Type": "Hash Join","Parent Relationship": "Outer","Parallel Aware": true,"Async Capable": false,"Join Type": "Inner","Startup Cost": 6680.62,"Total Cost": 22227.12,"Plan Rows": 14675,"Plan Width": 40,"Actual Startup Time": 29.464,"Actual Total Time": 79.313,"Actual Rows": 23637,"Actual Loops": 5,"Inner Unique": true,"Hash Cond": "(partsupp.ps_partkey = part.p_partkey)","Workers": [],"Plans": [{"Node Type": "Index Only Scan","Parent Relationship": "Outer","Parallel Aware": true,"Async Capable": false,"Scan Direction": "Forward","Index Name": "partsupp_pkey","Relation Name": "partsupp","Alias": "partsupp","Startup Cost": 347.43,"Total Cost": 15631.43,"Plan Rows": 100000,"Plan Width": 8,"Actual Startup Time": 7.397,"Actual Total Time": 32.113,"Actual Rows": 159936,"Actual Loops": 5,"Filter": "(NOT (hashed SubPlan 1))","Rows Removed by Filter": 64,"Heap Fetches": 0,"Workers": [],"Plans": [{"Node Type": "Seq Scan","Parent Relationship": "SubPlan","Subplan Name": "SubPlan 1","Parallel Aware": false,"Async Capable": false,"Relation Name": "supplier","Alias": "supplier","Startup Cost": 0.00,"Total Cost": 347.00,"Plan Rows": 1,"Plan Width": 4,"Actual Startup Time": 0.130,"Actual Total Time": 7.252,"Actual Rows": 4,"Actual Loops": 5,"Filter": "((s_comment)::text ~~ '%Customer%Complaints%'::text)","Rows Removed by Filter": 9996,"Workers": []}]},{"Node Type": "Hash","Parent Relationship": "Inner","Parallel Aware": true,"Async Capable": false,"Startup Cost": 6180.33,"Total Cost": 6180.33,"Plan Rows": 12229,"Plan Width": 40,"Actual Startup Time": 21.754,"Actual Total Time": 21.757,"Actual Rows": 5912,"Actual Loops": 5,"Hash Buckets": 32768,"Original Hash Buckets": 32768,"Hash Batches": 1,"Original Hash Batches": 1,"Peak Memory Usage": 2528,"Workers": [],"Plans": [{"Node Type": "Seq Scan","Parent Relationship": "Outer","Parallel Aware": true,"Async Capable": false,"Relation Name": "part","Alias": "part","Startup Cost": 0.00,"Total Cost": 6180.33,"Plan Rows": 12229,"Plan Width": 40,"Actual Startup Time": 0.058,"Actual Total Time": 18.289,"Actual Rows": 5912,"Actual Loops": 5,"Filter": "((p_brand <> 'Brand#33'::bpchar) AND ((p_type)::text !~~ 'PROMO BURNISHED%'::text) AND (p_size = ANY ('{42,43,41,33,8,45,28,37}'::integer[])))","Rows Removed by Filter": 34088,"Workers": []}]}]}]}]}]}]},"Planning Time": 4.352,"Triggers": [],"Execution Time": 241.538}]
[{"Plan": {"Node Type": "Sort","Parallel Aware": false,"Async Capable": false,"Startup Cost": 33461.86,"Total Cost": 33502.23,"Plan Rows": 16151,"Plan Width": 44,"Actual Startup Time": 236.646,"Actual Total Time": 238.585,"Actual Rows": 18327,"Actual Loops": 1,"Sort Key": ["(count(DISTINCT partsupp.ps_suppkey)) DESC", "part.p_brand", "part.p_type", "part.p_size"],"Sort Method": "quicksort","Sort Space Used": 2343,"Sort Space Type": "Memory","Plans": [{"Node Type": "Aggregate","Strategy": "Sorted","Partial Mode": "Simple","Parent Relationship": "Outer","Parallel Aware": false,"Async Capable": false,"Startup Cost": 24287.73,"Total Cost": 32332.96,"Plan Rows": 16151,"Plan Width": 44,"Actual Startup Time": 130.462,"Actual Total Time": 197.443,"Actual Rows": 18327,"Actual Loops": 1,"Group Key": ["part.p_brand", "part.p_type", "part.p_size"],"Plans": [{"Node Type": "Gather Merge","Parent Relationship": "Outer","Parallel Aware": false,"Async Capable": false,"Startup Cost": 24287.73,"Total Cost": 31563.77,"Plan Rows": 60768,"Plan Width": 40,"Actual Startup Time": 130.394,"Actual Total Time": 169.644,"Actual Rows": 119258,"Actual Loops": 1,"Workers Planned": 4,"Workers Launched": 4,"Plans": [{"Node Type": "Sort","Parent Relationship": "Outer","Parallel Aware": false,"Async Capable": false,"Startup Cost": 23287.67,"Total Cost": 23325.65,"Plan Rows": 15192,"Plan Width": 40,"Actual Startup Time": 121.242,"Actual Total Time": 123.740,"Actual Rows": 23852,"Actual Loops": 5,"Sort Key": ["part.p_brand", "part.p_type", "part.p_size"],"Sort Method": "quicksort","Sort Space Used": 2689,"Sort Space Type": "Memory","Workers": [{"Worker Number": 0,"Sort Method": "quicksort","Sort Space Used": 2749,"Sort Space Type": "Memory"},{"Worker Number": 1,"Sort Method": "quicksort","Sort Space Used": 2673,"Sort Space Type": "Memory"},{"Worker Number": 2,"Sort Method": "quicksort","Sort Space Used": 2762,"Sort Space Type": "Memory"},{"Worker Number": 3,"Sort Method": "quicksort","Sort Space Used": 2789,"Sort Space Type": "Memory"}],"Plans": [{"Node Type": "Hash Join","Parent Relationship": "Outer","Parallel Aware": true,"Async Capable": false,"Join Type": "Inner","Startup Cost": 6686.01,"Total Cost": 22232.51,"Plan Rows": 15192,"Plan Width": 40,"Actual Startup Time": 29.347,"Actual Total Time": 79.314,"Actual Rows": 23852,"Actual Loops": 5,"Inner Unique": true,"Hash Cond": "(partsupp.ps_partkey = part.p_partkey)","Workers": [],"Plans": [{"Node Type": "Index Only Scan","Parent Relationship": "Outer","Parallel Aware": true,"Async Capable": false,"Scan Direction": "Forward","Index Name": "partsupp_pkey","Relation Name": "partsupp","Alias": "partsupp","Startup Cost": 347.43,"Total Cost": 15631.43,"Plan Rows": 100000,"Plan Width": 8,"Actual Startup Time": 6.948,"Actual Total Time": 32.034,"Actual Rows": 159936,"Actual Loops": 5,"Filter": "(NOT (hashed SubPlan 1))","Rows Removed by Filter": 64,"Heap Fetches": 0,"Workers": [],"Plans": [{"Node Type": "Seq Scan","Parent Relationship": "SubPlan","Subplan Name": "SubPlan 1","Parallel Aware": false,"Async Capable": false,"Relation Name": "supplier","Alias": "supplier","Startup Cost": 0.00,"Total Cost": 347.00,"Plan Rows": 1,"Plan Width": 4,"Actual Startup Time": 0.236,"Actual Total Time": 6.763,"Actual Rows": 4,"Actual Loops": 5,"Filter": "((s_comment)::text ~~ '%Customer%Complaints%'::text)","Rows Removed by Filter": 9996,"Workers": []}]},{"Node Type": "Hash","Parent Relationship": "Inner","Parallel Aware": true,"Async Capable": false,"Startup Cost": 6180.33,"Total Cost": 6180.33,"Plan Rows": 12660,"Plan Width": 40,"Actual Startup Time": 22.049,"Actual Total Time": 22.053,"Actual Rows": 5965,"Actual Loops": 5,"Hash Buckets": 32768,"Original Hash Buckets": 32768,"Hash Batches": 1,"Original Hash Batches": 1,"Peak Memory Usage": 2592,"Workers": [],"Plans": [{"Node Type": "Seq Scan","Parent Relationship": "Outer","Parallel Aware": true,"Async Capable": false,"Relation Name": "part","Alias": "part","Startup Cost": 0.00,"Total Cost": 6180.33,"Plan Rows": 12660,"Plan Width": 40,"Actual Startup Time": 0.056,"Actual Total Time": 18.666,"Actual Rows": 5965,"Actual Loops": 5,"Filter": "((p_brand <> 'Brand#22'::bpchar) AND ((p_type)::text !~~ 'LARGE POLISHED%'::text) AND (p_size = ANY ('{16,22,1,19,32,46,10,6}'::integer[])))","Rows Removed by Filter": 34035,"Workers": []}]}]}]}]}]}]},"Planning Time": 4.047,"Triggers": [],"Execution Time": 239.887}]
[{"Plan": {"Node Type": "Sort","Parallel Aware": false,"Async Capable": false,"Startup Cost": 33113.95,"Total Cost": 33153.70,"Plan Rows": 15899,"Plan Width": 44,"Actual Startup Time": 237.310,"Actual Total Time": 239.123,"Actual Rows": 18230,"Actual Loops": 1,"Sort Key": ["(count(DISTINCT partsupp.ps_suppkey)) DESC", "part.p_brand", "part.p_type", "part.p_size"],"Sort Method": "quicksort","Sort Space Used": 2334,"Sort Space Type": "Memory","Plans": [{"Node Type": "Aggregate","Strategy": "Sorted","Partial Mode": "Simple","Parent Relationship": "Outer","Parallel Aware": false,"Async Capable": false,"Startup Cost": 24240.95,"Total Cost": 32004.47,"Plan Rows": 15899,"Plan Width": 44,"Actual Startup Time": 133.410,"Actual Total Time": 200.674,"Actual Rows": 18230,"Actual Loops": 1,"Group Key": ["part.p_brand", "part.p_type", "part.p_size"],"Plans": [{"Node Type": "Gather Merge","Parent Relationship": "Outer","Parallel Aware": false,"Async Capable": false,"Startup Cost": 24240.95,"Total Cost": 31259.32,"Plan Rows": 58616,"Plan Width": 40,"Actual Startup Time": 133.365,"Actual Total Time": 172.632,"Actual Rows": 117476,"Actual Loops": 1,"Workers Planned": 4,"Workers Launched": 4,"Plans": [{"Node Type": "Sort","Parent Relationship": "Outer","Parallel Aware": false,"Async Capable": false,"Startup Cost": 23240.89,"Total Cost": 23277.53,"Plan Rows": 14654,"Plan Width": 40,"Actual Startup Time": 122.839,"Actual Total Time": 125.575,"Actual Rows": 23495,"Actual Loops": 5,"Sort Key": ["part.p_brand", "part.p_type", "part.p_size"],"Sort Method": "quicksort","Sort Space Used": 2503,"Sort Space Type": "Memory","Workers": [{"Worker Number": 0,"Sort Method": "quicksort","Sort Space Used": 2833,"Sort Space Type": "Memory"},{"Worker Number": 1,"Sort Method": "quicksort","Sort Space Used": 2505,"Sort Space Type": "Memory"},{"Worker Number": 2,"Sort Method": "quicksort","Sort Space Used": 2802,"Sort Space Type": "Memory"},{"Worker Number": 3,"Sort Method": "quicksort","Sort Space Used": 2867,"Sort Space Type": "Memory"}],"Plans": [{"Node Type": "Hash Join","Parent Relationship": "Outer","Parallel Aware": true,"Async Capable": false,"Join Type": "Inner","Startup Cost": 6680.41,"Total Cost": 22226.91,"Plan Rows": 14654,"Plan Width": 40,"Actual Startup Time": 30.304,"Actual Total Time": 81.246,"Actual Rows": 23495,"Actual Loops": 5,"Inner Unique": true,"Hash Cond": "(partsupp.ps_partkey = part.p_partkey)","Workers": [],"Plans": [{"Node Type": "Index Only Scan","Parent Relationship": "Outer","Parallel Aware": true,"Async Capable": false,"Scan Direction": "Forward","Index Name": "partsupp_pkey","Relation Name": "partsupp","Alias": "partsupp","Startup Cost": 347.43,"Total Cost": 15631.43,"Plan Rows": 100000,"Plan Width": 8,"Actual Startup Time": 7.299,"Actual Total Time": 33.830,"Actual Rows": 159936,"Actual Loops": 5,"Filter": "(NOT (hashed SubPlan 1))","Rows Removed by Filter": 64,"Heap Fetches": 0,"Workers": [],"Plans": [{"Node Type": "Seq Scan","Parent Relationship": "SubPlan","Subplan Name": "SubPlan 1","Parallel Aware": false,"Async Capable": false,"Relation Name": "supplier","Alias": "supplier","Startup Cost": 0.00,"Total Cost": 347.00,"Plan Rows": 1,"Plan Width": 4,"Actual Startup Time": 0.144,"Actual Total Time": 7.139,"Actual Rows": 4,"Actual Loops": 5,"Filter": "((s_comment)::text ~~ '%Customer%Complaints%'::text)","Rows Removed by Filter": 9996,"Workers": []}]},{"Node Type": "Hash","Parent Relationship": "Inner","Parallel Aware": true,"Async Capable": false,"Startup Cost": 6180.33,"Total Cost": 6180.33,"Plan Rows": 12212,"Plan Width": 40,"Actual Startup Time": 22.711,"Actual Total Time": 22.716,"Actual Rows": 5877,"Actual Loops": 5,"Hash Buckets": 32768,"Original Hash Buckets": 32768,"Hash Batches": 1,"Original Hash Batches": 1,"Peak Memory Usage": 2560,"Workers": [],"Plans": [{"Node Type": "Seq Scan","Parent Relationship": "Outer","Parallel Aware": true,"Async Capable": false,"Relation Name": "part","Alias": "part","Startup Cost": 0.00,"Total Cost": 6180.33,"Plan Rows": 12212,"Plan Width": 40,"Actual Startup Time": 0.049,"Actual Total Time": 18.985,"Actual Rows": 5877,"Actual Loops": 5,"Filter": "((p_brand <> 'Brand#13'::bpchar) AND ((p_type)::text !~~ 'SMALL ANODIZED%'::text) AND (p_size = ANY ('{13,23,19,43,3,28,46,5}'::integer[])))","Rows Removed by Filter": 34123,"Workers": []}]}]}]}]}]}]},"Planning Time": 4.234,"Triggers": [],"Execution Time": 240.025}]
[{"Plan": {"Node Type": "Sort","Parallel Aware": false,"Async Capable": false,"Startup Cost": 33128.23,"Total Cost": 33168.01,"Plan Rows": 15910,"Plan Width": 44,"Actual Startup Time": 232.402,"Actual Total Time": 234.233,"Actual Rows": 18188,"Actual Loops": 1,"Sort Key": ["(count(DISTINCT partsupp.ps_suppkey)) DESC", "part.p_brand", "part.p_type", "part.p_size"],"Sort Method": "quicksort","Sort Space Used": 2330,"Sort Space Type": "Memory","Plans": [{"Node Type": "Aggregate","Strategy": "Sorted","Partial Mode": "Simple","Parent Relationship": "Outer","Parallel Aware": false,"Async Capable": false,"Startup Cost": 24242.86,"Total Cost": 32017.90,"Plan Rows": 15910,"Plan Width": 44,"Actual Startup Time": 130.722,"Actual Total Time": 195.801,"Actual Rows": 18188,"Actual Loops": 1,"Group Key": ["part.p_brand", "part.p_type", "part.p_size"],"Plans": [{"Node Type": "Gather Merge","Parent Relationship": "Outer","Parallel Aware": false,"Async Capable": false,"Startup Cost": 24242.86,"Total Cost": 31271.76,"Plan Rows": 58704,"Plan Width": 40,"Actual Startup Time": 130.656,"Actual Total Time": 168.683,"Actual Rows": 117646,"Actual Loops": 1,"Workers Planned": 4,"Workers Launched": 4,"Plans": [{"Node Type": "Sort","Parent Relationship": "Outer","Parallel Aware": false,"Async Capable": false,"Startup Cost": 23242.80,"Total Cost": 23279.49,"Plan Rows": 14676,"Plan Width": 40,"Actual Startup Time": 122.005,"Actual Total Time": 124.563,"Actual Rows": 23529,"Actual Loops": 5,"Sort Key": ["part.p_brand", "part.p_type", "part.p_size"],"Sort Method": "quicksort","Sort Space Used": 2681,"Sort Space Type": "Memory","Workers": [{"Worker Number": 0,"Sort Method": "quicksort","Sort Space Used": 2703,"Sort Space Type": "Memory"},{"Worker Number": 1,"Sort Method": "quicksort","Sort Space Used": 2668,"Sort Space Type": "Memory"},{"Worker Number": 2,"Sort Method": "quicksort","Sort Space Used": 2753,"Sort Space Type": "Memory"},{"Worker Number": 3,"Sort Method": "quicksort","Sort Space Used": 2708,"Sort Space Type": "Memory"}],"Plans": [{"Node Type": "Hash Join","Parent Relationship": "Outer","Parallel Aware": true,"Async Capable": false,"Join Type": "Inner","Startup Cost": 6680.64,"Total Cost": 22227.14,"Plan Rows": 14676,"Plan Width": 40,"Actual Startup Time": 29.882,"Actual Total Time": 80.790,"Actual Rows": 23529,"Actual Loops": 5,"Inner Unique": true,"Hash Cond": "(partsupp.ps_partkey = part.p_partkey)","Workers": [],"Plans": [{"Node Type": "Index Only Scan","Parent Relationship": "Outer","Parallel Aware": true,"Async Capable": false,"Scan Direction": "Forward","Index Name": "partsupp_pkey","Relation Name": "partsupp","Alias": "partsupp","Startup Cost": 347.43,"Total Cost": 15631.43,"Plan Rows": 100000,"Plan Width": 8,"Actual Startup Time": 7.479,"Actual Total Time": 33.008,"Actual Rows": 159936,"Actual Loops": 5,"Filter": "(NOT (hashed SubPlan 1))","Rows Removed by Filter": 64,"Heap Fetches": 0,"Workers": [],"Plans": [{"Node Type": "Seq Scan","Parent Relationship": "SubPlan","Subplan Name": "SubPlan 1","Parallel Aware": false,"Async Capable": false,"Relation Name": "supplier","Alias": "supplier","Startup Cost": 0.00,"Total Cost": 347.00,"Plan Rows": 1,"Plan Width": 4,"Actual Startup Time": 0.138,"Actual Total Time": 7.296,"Actual Rows": 4,"Actual Loops": 5,"Filter": "((s_comment)::text ~~ '%Customer%Complaints%'::text)","Rows Removed by Filter": 9996,"Workers": []}]},{"Node Type": "Hash","Parent Relationship": "Inner","Parallel Aware": true,"Async Capable": false,"Startup Cost": 6180.33,"Total Cost": 6180.33,"Plan Rows": 12230,"Plan Width": 40,"Actual Startup Time": 22.142,"Actual Total Time": 22.146,"Actual Rows": 5885,"Actual Loops": 5,"Hash Buckets": 32768,"Original Hash Buckets": 32768,"Hash Batches": 1,"Original Hash Batches": 1,"Peak Memory Usage": 2560,"Workers": [],"Plans": [{"Node Type": "Seq Scan","Parent Relationship": "Outer","Parallel Aware": true,"Async Capable": false,"Relation Name": "part","Alias": "part","Startup Cost": 0.00,"Total Cost": 6180.33,"Plan Rows": 12230,"Plan Width": 40,"Actual Startup Time": 0.048,"Actual Total Time": 18.318,"Actual Rows": 5885,"Actual Loops": 5,"Filter": "((p_brand <> 'Brand#12'::bpchar) AND ((p_type)::text !~~ 'MEDIUM BURNISHED%'::text) AND (p_size = ANY ('{25,30,28,33,17,36,15,48}'::integer[])))","Rows Removed by Filter": 34115,"Workers": []}]}]}]}]}]}]},"Planning Time": 4.525,"Triggers": [],"Execution Time": 235.117}]
[{"Plan": {"Node Type": "Sort","Parallel Aware": false,"Async Capable": false,"Startup Cost": 32967.02,"Total Cost": 33006.49,"Plan Rows": 15789,"Plan Width": 44,"Actual Startup Time": 235.950,"Actual Total Time": 237.594,"Actual Rows": 18158,"Actual Loops": 1,"Sort Key": ["(count(DISTINCT partsupp.ps_suppkey)) DESC", "part.p_brand", "part.p_type", "part.p_size"],"Sort Method": "quicksort","Sort Space Used": 2328,"Sort Space Type": "Memory","Plans": [{"Node Type": "Aggregate","Strategy": "Sorted","Partial Mode": "Simple","Parent Relationship": "Outer","Parallel Aware": false,"Async Capable": false,"Startup Cost": 24221.26,"Total Cost": 31866.00,"Plan Rows": 15789,"Plan Width": 44,"Actual Startup Time": 131.928,"Actual Total Time": 198.229,"Actual Rows": 18158,"Actual Loops": 1,"Group Key": ["part.p_brand", "part.p_type", "part.p_size"],"Plans": [{"Node Type": "Gather Merge","Parent Relationship": "Outer","Parallel Aware": false,"Async Capable": false,"Startup Cost": 24221.26,"Total Cost": 31131.02,"Plan Rows": 57709,"Plan Width": 40,"Actual Startup Time": 131.881,"Actual Total Time": 170.818,"Actual Rows": 116464,"Actual Loops": 1,"Workers Planned": 4,"Workers Launched": 4,"Plans": [{"Node Type": "Sort","Parent Relationship": "Outer","Parallel Aware": false,"Async Capable": false,"Startup Cost": 23221.20,"Total Cost": 23257.27,"Plan Rows": 14427,"Plan Width": 40,"Actual Startup Time": 119.977,"Actual Total Time": 122.654,"Actual Rows": 23293,"Actual Loops": 5,"Sort Key": ["part.p_brand", "part.p_type", "part.p_size"],"Sort Method": "quicksort","Sort Space Used": 2438,"Sort Space Type": "Memory","Workers": [{"Worker Number": 0,"Sort Method": "quicksort","Sort Space Used": 2879,"Sort Space Type": "Memory"},{"Worker Number": 1,"Sort Method": "quicksort","Sort Space Used": 2823,"Sort Space Type": "Memory"},{"Worker Number": 2,"Sort Method": "quicksort","Sort Space Used": 2448,"Sort Space Type": "Memory"},{"Worker Number": 3,"Sort Method": "quicksort","Sort Space Used": 2838,"Sort Space Type": "Memory"}],"Plans": [{"Node Type": "Hash Join","Parent Relationship": "Outer","Parallel Aware": true,"Async Capable": false,"Join Type": "Inner","Startup Cost": 6678.05,"Total Cost": 22224.55,"Plan Rows": 14427,"Plan Width": 40,"Actual Startup Time": 30.351,"Actual Total Time": 79.209,"Actual Rows": 23293,"Actual Loops": 5,"Inner Unique": true,"Hash Cond": "(partsupp.ps_partkey = part.p_partkey)","Workers": [],"Plans": [{"Node Type": "Index Only Scan","Parent Relationship": "Outer","Parallel Aware": true,"Async Capable": false,"Scan Direction": "Forward","Index Name": "partsupp_pkey","Relation Name": "partsupp","Alias": "partsupp","Startup Cost": 347.43,"Total Cost": 15631.43,"Plan Rows": 100000,"Plan Width": 8,"Actual Startup Time": 7.100,"Actual Total Time": 32.057,"Actual Rows": 159936,"Actual Loops": 5,"Filter": "(NOT (hashed SubPlan 1))","Rows Removed by Filter": 64,"Heap Fetches": 0,"Workers": [],"Plans": [{"Node Type": "Seq Scan","Parent Relationship": "SubPlan","Subplan Name": "SubPlan 1","Parallel Aware": false,"Async Capable": false,"Relation Name": "supplier","Alias": "supplier","Startup Cost": 0.00,"Total Cost": 347.00,"Plan Rows": 1,"Plan Width": 4,"Actual Startup Time": 0.158,"Actual Total Time": 6.954,"Actual Rows": 4,"Actual Loops": 5,"Filter": "((s_comment)::text ~~ '%Customer%Complaints%'::text)","Rows Removed by Filter": 9996,"Workers": []}]},{"Node Type": "Hash","Parent Relationship": "Inner","Parallel Aware": true,"Async Capable": false,"Startup Cost": 6180.33,"Total Cost": 6180.33,"Plan Rows": 12023,"Plan Width": 40,"Actual Startup Time": 22.988,"Actual Total Time": 22.992,"Actual Rows": 5826,"Actual Loops": 5,"Hash Buckets": 32768,"Original Hash Buckets": 32768,"Hash Batches": 1,"Original Hash Batches": 1,"Peak Memory Usage": 2496,"Workers": [],"Plans": [{"Node Type": "Seq Scan","Parent Relationship": "Outer","Parallel Aware": true,"Async Capable": false,"Relation Name": "part","Alias": "part","Startup Cost": 0.00,"Total Cost": 6180.33,"Plan Rows": 12023,"Plan Width": 40,"Actual Startup Time": 0.062,"Actual Total Time": 19.157,"Actual Rows": 5826,"Actual Loops": 5,"Filter": "((p_brand <> 'Brand#42'::bpchar) AND ((p_type)::text !~~ 'SMALL ANODIZED%'::text) AND (p_size = ANY ('{23,6,25,43,28,45,17,44}'::integer[])))","Rows Removed by Filter": 34174,"Workers": []}]}]}]}]}]}]},"Planning Time": 4.238,"Triggers": [],"Execution Time": 238.463}]
[{"Plan": {"Node Type": "Sort","Parallel Aware": false,"Async Capable": false,"Startup Cost": 32737.88,"Total Cost": 32776.91,"Plan Rows": 15612,"Plan Width": 44,"Actual Startup Time": 238.199,"Actual Total Time": 240.024,"Actual Rows": 18212,"Actual Loops": 1,"Sort Key": ["(count(DISTINCT partsupp.ps_suppkey)) DESC", "part.p_brand", "part.p_type", "part.p_size"],"Sort Method": "quicksort","Sort Space Used": 2333,"Sort Space Type": "Memory","Plans": [{"Node Type": "Aggregate","Strategy": "Sorted","Partial Mode": "Simple","Parent Relationship": "Outer","Parallel Aware": false,"Async Capable": false,"Startup Cost": 24190.68,"Total Cost": 31650.47,"Plan Rows": 15612,"Plan Width": 44,"Actual Startup Time": 133.760,"Actual Total Time": 199.308,"Actual Rows": 18212,"Actual Loops": 1,"Group Key": ["part.p_brand", "part.p_type", "part.p_size"],"Plans": [{"Node Type": "Gather Merge","Parent Relationship": "Outer","Parallel Aware": false,"Async Capable": false,"Startup Cost": 24190.68,"Total Cost": 30931.38,"Plan Rows": 56297,"Plan Width": 40,"Actual Startup Time": 133.710,"Actual Total Time": 172.074,"Actual Rows": 118521,"Actual Loops": 1,"Workers Planned": 4,"Workers Launched": 4,"Plans": [{"Node Type": "Sort","Parent Relationship": "Outer","Parallel Aware": false,"Async Capable": false,"Startup Cost": 23190.62,"Total Cost": 23225.81,"Plan Rows": 14074,"Plan Width": 40,"Actual Startup Time": 122.648,"Actual Total Time": 125.065,"Actual Rows": 23704,"Actual Loops": 5,"Sort Key": ["part.p_brand", "part.p_type", "part.p_size"],"Sort Method": "quicksort","Sort Space Used": 2507,"Sort Space Type": "Memory","Workers": [{"Worker Number": 0,"Sort Method": "quicksort","Sort Space Used": 2460,"Sort Space Type": "Memory"},{"Worker Number": 1,"Sort Method": "quicksort","Sort Space Used": 2890,"Sort Space Type": "Memory"},{"Worker Number": 2,"Sort Method": "quicksort","Sort Space Used": 2860,"Sort Space Type": "Memory"},{"Worker Number": 3,"Sort Method": "quicksort","Sort Space Used": 2864,"Sort Space Type": "Memory"}],"Plans": [{"Node Type": "Hash Join","Parent Relationship": "Outer","Parallel Aware": true,"Async Capable": false,"Join Type": "Inner","Startup Cost": 6674.37,"Total Cost": 22220.87,"Plan Rows": 14074,"Plan Width": 40,"Actual Startup Time": 29.881,"Actual Total Time": 81.028,"Actual Rows": 23704,"Actual Loops": 5,"Inner Unique": true,"Hash Cond": "(partsupp.ps_partkey = part.p_partkey)","Workers": [],"Plans": [{"Node Type": "Index Only Scan","Parent Relationship": "Outer","Parallel Aware": true,"Async Capable": false,"Scan Direction": "Forward","Index Name": "partsupp_pkey","Relation Name": "partsupp","Alias": "partsupp","Startup Cost": 347.43,"Total Cost": 15631.43,"Plan Rows": 100000,"Plan Width": 8,"Actual Startup Time": 7.128,"Actual Total Time": 33.863,"Actual Rows": 159936,"Actual Loops": 5,"Filter": "(NOT (hashed SubPlan 1))","Rows Removed by Filter": 64,"Heap Fetches": 0,"Workers": [],"Plans": [{"Node Type": "Seq Scan","Parent Relationship": "SubPlan","Subplan Name": "SubPlan 1","Parallel Aware": false,"Async Capable": false,"Relation Name": "supplier","Alias": "supplier","Startup Cost": 0.00,"Total Cost": 347.00,"Plan Rows": 1,"Plan Width": 4,"Actual Startup Time": 0.183,"Actual Total Time": 6.974,"Actual Rows": 4,"Actual Loops": 5,"Filter": "((s_comment)::text ~~ '%Customer%Complaints%'::text)","Rows Removed by Filter": 9996,"Workers": []}]},{"Node Type": "Hash","Parent Relationship": "Inner","Parallel Aware": true,"Async Capable": false,"Startup Cost": 6180.33,"Total Cost": 6180.33,"Plan Rows": 11729,"Plan Width": 40,"Actual Startup Time": 22.485,"Actual Total Time": 22.488,"Actual Rows": 5928,"Actual Loops": 5,"Hash Buckets": 32768,"Original Hash Buckets": 32768,"Hash Batches": 1,"Original Hash Batches": 1,"Peak Memory Usage": 2560,"Workers": [],"Plans": [{"Node Type": "Seq Scan","Parent Relationship": "Outer","Parallel Aware": true,"Async Capable": false,"Relation Name": "part","Alias": "part","Startup Cost": 0.00,"Total Cost": 6180.33,"Plan Rows": 11729,"Plan Width": 40,"Actual Startup Time": 0.062,"Actual Total Time": 18.811,"Actual Rows": 5928,"Actual Loops": 5,"Filter": "((p_brand <> 'Brand#33'::bpchar) AND ((p_type)::text !~~ 'STANDARD ANODIZED%'::text) AND (p_size = ANY ('{24,15,42,48,4,36,13,35}'::integer[])))","Rows Removed by Filter": 34072,"Workers": []}]}]}]}]}]}]},"Planning Time": 4.232,"Triggers": [],"Execution Time": 240.928}]
[{"Plan": {"Node Type": "Sort","Parallel Aware": false,"Async Capable": false,"Startup Cost": 33120.92,"Total Cost": 33160.68,"Plan Rows": 15904,"Plan Width": 44,"Actual Startup Time": 235.736,"Actual Total Time": 237.273,"Actual Rows": 18305,"Actual Loops": 1,"Sort Key": ["(count(DISTINCT partsupp.ps_suppkey)) DESC", "part.p_brand", "part.p_type", "part.p_size"],"Sort Method": "quicksort","Sort Space Used": 2340,"Sort Space Type": "Memory","Plans": [{"Node Type": "Aggregate","Strategy": "Sorted","Partial Mode": "Simple","Parent Relationship": "Outer","Parallel Aware": false,"Async Capable": false,"Startup Cost": 24241.91,"Total Cost": 32011.05,"Plan Rows": 15904,"Plan Width": 44,"Actual Startup Time": 131.434,"Actual Total Time": 196.710,"Actual Rows": 18305,"Actual Loops": 1,"Group Key": ["part.p_brand", "part.p_type", "part.p_size"],"Plans": [{"Node Type": "Gather Merge","Parent Relationship": "Outer","Parallel Aware": false,"Async Capable": false,"Startup Cost": 24241.91,"Total Cost": 31265.42,"Plan Rows": 58659,"Plan Width": 40,"Actual Startup Time": 131.390,"Actual Total Time": 169.246,"Actual Rows": 118685,"Actual Loops": 1,"Workers Planned": 4,"Workers Launched": 4,"Plans": [{"Node Type": "Sort","Parent Relationship": "Outer","Parallel Aware": false,"Async Capable": false,"Startup Cost": 23241.85,"Total Cost": 23278.51,"Plan Rows": 14665,"Plan Width": 40,"Actual Startup Time": 122.015,"Actual Total Time": 124.349,"Actual Rows": 23737,"Actual Loops": 5,"Sort Key": ["part.p_brand", "part.p_type", "part.p_size"],"Sort Method": "quicksort","Sort Space Used": 2484,"Sort Space Type": "Memory","Workers": [{"Worker Number": 0,"Sort Method": "quicksort","Sort Space Used": 2587,"Sort Space Type": "Memory"},{"Worker Number": 1,"Sort Method": "quicksort","Sort Space Used": 2839,"Sort Space Type": "Memory"},{"Worker Number": 2,"Sort Method": "quicksort","Sort Space Used": 2871,"Sort Space Type": "Memory"},{"Worker Number": 3,"Sort Method": "quicksort","Sort Space Used": 2844,"Sort Space Type": "Memory"}],"Plans": [{"Node Type": "Hash Join","Parent Relationship": "Outer","Parallel Aware": true,"Async Capable": false,"Join Type": "Inner","Startup Cost": 6680.52,"Total Cost": 22227.02,"Plan Rows": 14665,"Plan Width": 40,"Actual Startup Time": 28.619,"Actual Total Time": 79.253,"Actual Rows": 23737,"Actual Loops": 5,"Inner Unique": true,"Hash Cond": "(partsupp.ps_partkey = part.p_partkey)","Workers": [],"Plans": [{"Node Type": "Index Only Scan","Parent Relationship": "Outer","Parallel Aware": true,"Async Capable": false,"Scan Direction": "Forward","Index Name": "partsupp_pkey","Relation Name": "partsupp","Alias": "partsupp","Startup Cost": 347.43,"Total Cost": 15631.43,"Plan Rows": 100000,"Plan Width": 8,"Actual Startup Time": 7.130,"Actual Total Time": 33.344,"Actual Rows": 159936,"Actual Loops": 5,"Filter": "(NOT (hashed SubPlan 1))","Rows Removed by Filter": 64,"Heap Fetches": 0,"Workers": [],"Plans": [{"Node Type": "Seq Scan","Parent Relationship": "SubPlan","Subplan Name": "SubPlan 1","Parallel Aware": false,"Async Capable": false,"Relation Name": "supplier","Alias": "supplier","Startup Cost": 0.00,"Total Cost": 347.00,"Plan Rows": 1,"Plan Width": 4,"Actual Startup Time": 0.143,"Actual Total Time": 6.971,"Actual Rows": 4,"Actual Loops": 5,"Filter": "((s_comment)::text ~~ '%Customer%Complaints%'::text)","Rows Removed by Filter": 9996,"Workers": []}]},{"Node Type": "Hash","Parent Relationship": "Inner","Parallel Aware": true,"Async Capable": false,"Startup Cost": 6180.33,"Total Cost": 6180.33,"Plan Rows": 12221,"Plan Width": 40,"Actual Startup Time": 21.217,"Actual Total Time": 21.220,"Actual Rows": 5937,"Actual Loops": 5,"Hash Buckets": 32768,"Original Hash Buckets": 32768,"Hash Batches": 1,"Original Hash Batches": 1,"Peak Memory Usage": 2528,"Workers": [],"Plans": [{"Node Type": "Seq Scan","Parent Relationship": "Outer","Parallel Aware": true,"Async Capable": false,"Relation Name": "part","Alias": "part","Startup Cost": 0.00,"Total Cost": 6180.33,"Plan Rows": 12221,"Plan Width": 40,"Actual Startup Time": 0.054,"Actual Total Time": 17.559,"Actual Rows": 5937,"Actual Loops": 5,"Filter": "((p_brand <> 'Brand#41'::bpchar) AND ((p_type)::text !~~ 'MEDIUM PLATED%'::text) AND (p_size = ANY ('{24,26,41,17,33,7,21,37}'::integer[])))","Rows Removed by Filter": 34063,"Workers": []}]}]}]}]}]}]},"Planning Time": 4.034,"Triggers": [],"Execution Time": 238.167}]
[{"Plan": {"Node Type": "Sort","Parallel Aware": false,"Async Capable": false,"Startup Cost": 33028.56,"Total Cost": 33068.15,"Plan Rows": 15835,"Plan Width": 44,"Actual Startup Time": 232.990,"Actual Total Time": 234.709,"Actual Rows": 18238,"Actual Loops": 1,"Sort Key": ["(count(DISTINCT partsupp.ps_suppkey)) DESC", "part.p_brand", "part.p_type", "part.p_size"],"Sort Method": "quicksort","Sort Space Used": 2335,"Sort Space Type": "Memory","Plans": [{"Node Type": "Aggregate","Strategy": "Sorted","Partial Mode": "Simple","Parent Relationship": "Outer","Parallel Aware": false,"Async Capable": false,"Startup Cost": 24229.50,"Total Cost": 31924.00,"Plan Rows": 15835,"Plan Width": 44,"Actual Startup Time": 130.168,"Actual Total Time": 195.971,"Actual Rows": 18238,"Actual Loops": 1,"Group Key": ["part.p_brand", "part.p_type", "part.p_size"],"Plans": [{"Node Type": "Gather Merge","Parent Relationship": "Outer","Parallel Aware": false,"Async Capable": false,"Startup Cost": 24229.50,"Total Cost": 31184.76,"Plan Rows": 58089,"Plan Width": 40,"Actual Startup Time": 130.111,"Actual Total Time": 168.649,"Actual Rows": 118692,"Actual Loops": 1,"Workers Planned": 4,"Workers Launched": 4,"Plans": [{"Node Type": "Sort","Parent Relationship": "Outer","Parallel Aware": false,"Async Capable": false,"Startup Cost": 23229.44,"Total Cost": 23265.74,"Plan Rows": 14522,"Plan Width": 40,"Actual Startup Time": 122.656,"Actual Total Time": 125.205,"Actual Rows": 23738,"Actual Loops": 5,"Sort Key": ["part.p_brand", "part.p_type", "part.p_size"],"Sort Method": "quicksort","Sort Space Used": 2743,"Sort Space Type": "Memory","Workers": [{"Worker Number": 0,"Sort Method": "quicksort","Sort Space Used": 2749,"Sort Space Type": "Memory"},{"Worker Number": 1,"Sort Method": "quicksort","Sort Space Used": 2731,"Sort Space Type": "Memory"},{"Worker Number": 2,"Sort Method": "quicksort","Sort Space Used": 2701,"Sort Space Type": "Memory"},{"Worker Number": 3,"Sort Method": "quicksort","Sort Space Used": 2704,"Sort Space Type": "Memory"}],"Plans": [{"Node Type": "Hash Join","Parent Relationship": "Outer","Parallel Aware": true,"Async Capable": false,"Join Type": "Inner","Startup Cost": 6679.04,"Total Cost": 22225.54,"Plan Rows": 14522,"Plan Width": 40,"Actual Startup Time": 30.190,"Actual Total Time": 80.909,"Actual Rows": 23738,"Actual Loops": 5,"Inner Unique": true,"Hash Cond": "(partsupp.ps_partkey = part.p_partkey)","Workers": [],"Plans": [{"Node Type": "Index Only Scan","Parent Relationship": "Outer","Parallel Aware": true,"Async Capable": false,"Scan Direction": "Forward","Index Name": "partsupp_pkey","Relation Name": "partsupp","Alias": "partsupp","Startup Cost": 347.43,"Total Cost": 15631.43,"Plan Rows": 100000,"Plan Width": 8,"Actual Startup Time": 7.254,"Actual Total Time": 32.474,"Actual Rows": 159936,"Actual Loops": 5,"Filter": "(NOT (hashed SubPlan 1))","Rows Removed by Filter": 64,"Heap Fetches": 0,"Workers": [],"Plans": [{"Node Type": "Seq Scan","Parent Relationship": "SubPlan","Subplan Name": "SubPlan 1","Parallel Aware": false,"Async Capable": false,"Relation Name": "supplier","Alias": "supplier","Startup Cost": 0.00,"Total Cost": 347.00,"Plan Rows": 1,"Plan Width": 4,"Actual Startup Time": 0.190,"Actual Total Time": 7.016,"Actual Rows": 4,"Actual Loops": 5,"Filter": "((s_comment)::text ~~ '%Customer%Complaints%'::text)","Rows Removed by Filter": 9996,"Workers": []}]},{"Node Type": "Hash","Parent Relationship": "Inner","Parallel Aware": true,"Async Capable": false,"Startup Cost": 6180.33,"Total Cost": 6180.33,"Plan Rows": 12102,"Plan Width": 40,"Actual Startup Time": 22.676,"Actual Total Time": 22.680,"Actual Rows": 5937,"Actual Loops": 5,"Hash Buckets": 32768,"Original Hash Buckets": 32768,"Hash Batches": 1,"Original Hash Batches": 1,"Peak Memory Usage": 2560,"Workers": [],"Plans": [{"Node Type": "Seq Scan","Parent Relationship": "Outer","Parallel Aware": true,"Async Capable": false,"Relation Name": "part","Alias": "part","Startup Cost": 0.00,"Total Cost": 6180.33,"Plan Rows": 12102,"Plan Width": 40,"Actual Startup Time": 0.042,"Actual Total Time": 18.514,"Actual Rows": 5937,"Actual Loops": 5,"Filter": "((p_brand <> 'Brand#13'::bpchar) AND ((p_type)::text !~~ 'MEDIUM PLATED%'::text) AND (p_size = ANY ('{12,48,9,43,49,22,21,13}'::integer[])))","Rows Removed by Filter": 34063,"Workers": []}]}]}]}]}]}]},"Planning Time": 4.936,"Triggers": [],"Execution Time": 235.585}]
[{"Plan": {"Node Type": "Sort","Parallel Aware": false,"Async Capable": false,"Startup Cost": 33334.89,"Total Cost": 33375.04,"Plan Rows": 16060,"Plan Width": 44,"Actual Startup Time": 234.571,"Actual Total Time": 236.222,"Actual Rows": 18357,"Actual Loops": 1,"Sort Key": ["(count(DISTINCT partsupp.ps_suppkey)) DESC", "part.p_brand", "part.p_type", "part.p_size"],"Sort Method": "quicksort","Sort Space Used": 2345,"Sort Space Type": "Memory","Plans": [{"Node Type": "Aggregate","Strategy": "Sorted","Partial Mode": "Simple","Parent Relationship": "Outer","Parallel Aware": false,"Async Capable": false,"Startup Cost": 24270.66,"Total Cost": 32213.01,"Plan Rows": 16060,"Plan Width": 44,"Actual Startup Time": 131.128,"Actual Total Time": 196.454,"Actual Rows": 18357,"Actual Loops": 1,"Group Key": ["part.p_brand", "part.p_type", "part.p_size"],"Plans": [{"Node Type": "Gather Merge","Parent Relationship": "Outer","Parallel Aware": false,"Async Capable": false,"Startup Cost": 24270.66,"Total Cost": 31452.59,"Plan Rows": 59982,"Plan Width": 40,"Actual Startup Time": 131.044,"Actual Total Time": 168.976,"Actual Rows": 119251,"Actual Loops": 1,"Workers Planned": 4,"Workers Launched": 4,"Plans": [{"Node Type": "Sort","Parent Relationship": "Outer","Parallel Aware": false,"Async Capable": false,"Startup Cost": 23270.61,"Total Cost": 23308.10,"Plan Rows": 14996,"Plan Width": 40,"Actual Startup Time": 121.551,"Actual Total Time": 123.935,"Actual Rows": 23850,"Actual Loops": 5,"Sort Key": ["part.p_brand", "part.p_type", "part.p_size"],"Sort Method": "quicksort","Sort Space Used": 2666,"Sort Space Type": "Memory","Workers": [{"Worker Number": 0,"Sort Method": "quicksort","Sort Space Used": 2648,"Sort Space Type": "Memory"},{"Worker Number": 1,"Sort Method": "quicksort","Sort Space Used": 2827,"Sort Space Type": "Memory"},{"Worker Number": 2,"Sort Method": "quicksort","Sort Space Used": 2691,"Sort Space Type": "Memory"},{"Worker Number": 3,"Sort Method": "quicksort","Sort Space Used": 2828,"Sort Space Type": "Memory"}],"Plans": [{"Node Type": "Hash Join","Parent Relationship": "Outer","Parallel Aware": true,"Async Capable": false,"Join Type": "Inner","Startup Cost": 6683.96,"Total Cost": 22230.46,"Plan Rows": 14996,"Plan Width": 40,"Actual Startup Time": 31.384,"Actual Total Time": 79.907,"Actual Rows": 23850,"Actual Loops": 5,"Inner Unique": true,"Hash Cond": "(partsupp.ps_partkey = part.p_partkey)","Workers": [],"Plans": [{"Node Type": "Index Only Scan","Parent Relationship": "Outer","Parallel Aware": true,"Async Capable": false,"Scan Direction": "Forward","Index Name": "partsupp_pkey","Relation Name": "partsupp","Alias": "partsupp","Startup Cost": 347.43,"Total Cost": 15631.43,"Plan Rows": 100000,"Plan Width": 8,"Actual Startup Time": 7.743,"Actual Total Time": 32.685,"Actual Rows": 159936,"Actual Loops": 5,"Filter": "(NOT (hashed SubPlan 1))","Rows Removed by Filter": 64,"Heap Fetches": 0,"Workers": [],"Plans": [{"Node Type": "Seq Scan","Parent Relationship": "SubPlan","Subplan Name": "SubPlan 1","Parallel Aware": false,"Async Capable": false,"Relation Name": "supplier","Alias": "supplier","Startup Cost": 0.00,"Total Cost": 347.00,"Plan Rows": 1,"Plan Width": 4,"Actual Startup Time": 0.121,"Actual Total Time": 7.592,"Actual Rows": 4,"Actual Loops": 5,"Filter": "((s_comment)::text ~~ '%Customer%Complaints%'::text)","Rows Removed by Filter": 9996,"Workers": []}]},{"Node Type": "Hash","Parent Relationship": "Inner","Parallel Aware": true,"Async Capable": false,"Startup Cost": 6180.33,"Total Cost": 6180.33,"Plan Rows": 12496,"Plan Width": 40,"Actual Startup Time": 23.406,"Actual Total Time": 23.410,"Actual Rows": 5965,"Actual Loops": 5,"Hash Buckets": 32768,"Original Hash Buckets": 32768,"Hash Batches": 1,"Original Hash Batches": 1,"Peak Memory Usage": 2592,"Workers": [],"Plans": [{"Node Type": "Seq Scan","Parent Relationship": "Outer","Parallel Aware": true,"Async Capable": false,"Relation Name": "part","Alias": "part","Startup Cost": 0.00,"Total Cost": 6180.33,"Plan Rows": 12496,"Plan Width": 40,"Actual Startup Time": 0.053,"Actual Total Time": 19.620,"Actual Rows": 5965,"Actual Loops": 5,"Filter": "((p_brand <> 'Brand#15'::bpchar) AND ((p_type)::text !~~ 'LARGE POLISHED%'::text) AND (p_size = ANY ('{33,19,10,40,1,44,14,36}'::integer[])))","Rows Removed by Filter": 34035,"Workers": []}]}]}]}]}]}]},"Planning Time": 4.071,"Triggers": [],"Execution Time": 237.147}]
[{"Plan": {"Node Type": "Sort","Parallel Aware": false,"Async Capable": false,"Startup Cost": 32966.75,"Total Cost": 33006.22,"Plan Rows": 15789,"Plan Width": 44,"Actual Startup Time": 238.146,"Actual Total Time": 240.074,"Actual Rows": 18311,"Actual Loops": 1,"Sort Key": ["(count(DISTINCT partsupp.ps_suppkey)) DESC", "part.p_brand", "part.p_type", "part.p_size"],"Sort Method": "quicksort","Sort Space Used": 2341,"Sort Space Type": "Memory","Plans": [{"Node Type": "Aggregate","Strategy": "Sorted","Partial Mode": "Simple","Parent Relationship": "Outer","Parallel Aware": false,"Async Capable": false,"Startup Cost": 24221.25,"Total Cost": 31865.73,"Plan Rows": 15789,"Plan Width": 44,"Actual Startup Time": 134.402,"Actual Total Time": 199.587,"Actual Rows": 18311,"Actual Loops": 1,"Group Key": ["part.p_brand", "part.p_type", "part.p_size"],"Plans": [{"Node Type": "Gather Merge","Parent Relationship": "Outer","Parallel Aware": false,"Async Capable": false,"Startup Cost": 24221.25,"Total Cost": 31130.77,"Plan Rows": 57707,"Plan Width": 40,"Actual Startup Time": 134.314,"Actual Total Time": 172.205,"Actual Rows": 118014,"Actual Loops": 1,"Workers Planned": 4,"Workers Launched": 4,"Plans": [{"Node Type": "Sort","Parent Relationship": "Outer","Parallel Aware": false,"Async Capable": false,"Startup Cost": 23221.19,"Total Cost": 23257.26,"Plan Rows": 14427,"Plan Width": 40,"Actual Startup Time": 124.067,"Actual Total Time": 126.488,"Actual Rows": 23603,"Actual Loops": 5,"Sort Key": ["part.p_brand", "part.p_type", "part.p_size"],"Sort Method": "quicksort","Sort Space Used": 2819,"Sort Space Type": "Memory","Workers": [{"Worker Number": 0,"Sort Method": "quicksort","Sort Space Used": 2813,"Sort Space Type": "Memory"},{"Worker Number": 1,"Sort Method": "quicksort","Sort Space Used": 2550,"Sort Space Type": "Memory"},{"Worker Number": 2,"Sort Method": "quicksort","Sort Space Used": 2830,"Sort Space Type": "Memory"},{"Worker Number": 3,"Sort Method": "quicksort","Sort Space Used": 2543,"Sort Space Type": "Memory"}],"Plans": [{"Node Type": "Hash Join","Parent Relationship": "Outer","Parallel Aware": true,"Async Capable": false,"Join Type": "Inner","Startup Cost": 6678.04,"Total Cost": 22224.54,"Plan Rows": 14427,"Plan Width": 40,"Actual Startup Time": 32.052,"Actual Total Time": 82.650,"Actual Rows": 23603,"Actual Loops": 5,"Inner Unique": true,"Hash Cond": "(partsupp.ps_partkey = part.p_partkey)","Workers": [],"Plans": [{"Node Type": "Index Only Scan","Parent Relationship": "Outer","Parallel Aware": true,"Async Capable": false,"Scan Direction": "Forward","Index Name": "partsupp_pkey","Relation Name": "partsupp","Alias": "partsupp","Startup Cost": 347.43,"Total Cost": 15631.43,"Plan Rows": 100000,"Plan Width": 8,"Actual Startup Time": 7.558,"Actual Total Time": 32.123,"Actual Rows": 159936,"Actual Loops": 5,"Filter": "(NOT (hashed SubPlan 1))","Rows Removed by Filter": 64,"Heap Fetches": 0,"Workers": [],"Plans": [{"Node Type": "Seq Scan","Parent Relationship": "SubPlan","Subplan Name": "SubPlan 1","Parallel Aware": false,"Async Capable": false,"Relation Name": "supplier","Alias": "supplier","Startup Cost": 0.00,"Total Cost": 347.00,"Plan Rows": 1,"Plan Width": 4,"Actual Startup Time": 0.304,"Actual Total Time": 7.411,"Actual Rows": 4,"Actual Loops": 5,"Filter": "((s_comment)::text ~~ '%Customer%Complaints%'::text)","Rows Removed by Filter": 9996,"Workers": []}]},{"Node Type": "Hash","Parent Relationship": "Inner","Parallel Aware": true,"Async Capable": false,"Startup Cost": 6180.33,"Total Cost": 6180.33,"Plan Rows": 12022,"Plan Width": 40,"Actual Startup Time": 24.210,"Actual Total Time": 24.215,"Actual Rows": 5903,"Actual Loops": 5,"Hash Buckets": 32768,"Original Hash Buckets": 32768,"Hash Batches": 1,"Original Hash Batches": 1,"Peak Memory Usage": 2560,"Workers": [],"Plans": [{"Node Type": "Seq Scan","Parent Relationship": "Outer","Parallel Aware": true,"Async Capable": false,"Relation Name": "part","Alias": "part","Startup Cost": 0.00,"Total Cost": 6180.33,"Plan Rows": 12022,"Plan Width": 40,"Actual Startup Time": 0.053,"Actual Total Time": 20.187,"Actual Rows": 5903,"Actual Loops": 5,"Filter": "((p_brand <> 'Brand#45'::bpchar) AND ((p_type)::text !~~ 'SMALL POLISHED%'::text) AND (p_size = ANY ('{45,5,8,17,22,49,7,19}'::integer[])))","Rows Removed by Filter": 34097,"Workers": []}]}]}]}]}]}]},"Planning Time": 4.195,"Triggers": [],"Execution Time": 241.035}]
[{"Plan": {"Node Type": "Sort","Parallel Aware": false,"Async Capable": false,"Startup Cost": 33162.64,"Total Cost": 33202.48,"Plan Rows": 15935,"Plan Width": 44,"Actual Startup Time": 234.819,"Actual Total Time": 236.863,"Actual Rows": 18159,"Actual Loops": 1,"Sort Key": ["(count(DISTINCT partsupp.ps_suppkey)) DESC", "part.p_brand", "part.p_type", "part.p_size"],"Sort Method": "quicksort","Sort Space Used": 2328,"Sort Space Type": "Memory","Plans": [{"Node Type": "Aggregate","Strategy": "Sorted","Partial Mode": "Simple","Parent Relationship": "Outer","Parallel Aware": false,"Async Capable": false,"Startup Cost": 24247.46,"Total Cost": 32050.39,"Plan Rows": 15935,"Plan Width": 44,"Actual Startup Time": 131.973,"Actual Total Time": 197.215,"Actual Rows": 18159,"Actual Loops": 1,"Group Key": ["part.p_brand", "part.p_type", "part.p_size"],"Plans": [{"Node Type": "Gather Merge","Parent Relationship": "Outer","Parallel Aware": false,"Async Capable": false,"Startup Cost": 24247.46,"Total Cost": 31301.87,"Plan Rows": 58917,"Plan Width": 40,"Actual Startup Time": 131.868,"Actual Total Time": 169.858,"Actual Rows": 118440,"Actual Loops": 1,"Workers Planned": 4,"Workers Launched": 4,"Plans": [{"Node Type": "Sort","Parent Relationship": "Outer","Parallel Aware": false,"Async Capable": false,"Startup Cost": 23247.40,"Total Cost": 23284.22,"Plan Rows": 14729,"Plan Width": 40,"Actual Startup Time": 122.166,"Actual Total Time": 124.421,"Actual Rows": 23688,"Actual Loops": 5,"Sort Key": ["part.p_brand", "part.p_type", "part.p_size"],"Sort Method": "quicksort","Sort Space Used": 2799,"Sort Space Type": "Memory","Workers": [{"Worker Number": 0,"Sort Method": "quicksort","Sort Space Used": 2815,"Sort Space Type": "Memory"},{"Worker Number": 1,"Sort Method": "quicksort","Sort Space Used": 2814,"Sort Space Type": "Memory"},{"Worker Number": 2,"Sort Method": "quicksort","Sort Space Used": 2591,"Sort Space Type": "Memory"},{"Worker Number": 3,"Sort Method": "quicksort","Sort Space Used": 2563,"Sort Space Type": "Memory"}],"Plans": [{"Node Type": "Hash Join","Parent Relationship": "Outer","Parallel Aware": true,"Async Capable": false,"Join Type": "Inner","Startup Cost": 6681.19,"Total Cost": 22227.69,"Plan Rows": 14729,"Plan Width": 40,"Actual Startup Time": 30.383,"Actual Total Time": 80.857,"Actual Rows": 23688,"Actual Loops": 5,"Inner Unique": true,"Hash Cond": "(partsupp.ps_partkey = part.p_partkey)","Workers": [],"Plans": [{"Node Type": "Index Only Scan","Parent Relationship": "Outer","Parallel Aware": true,"Async Capable": false,"Scan Direction": "Forward","Index Name": "partsupp_pkey","Relation Name": "partsupp","Alias": "partsupp","Startup Cost": 347.43,"Total Cost": 15631.43,"Plan Rows": 100000,"Plan Width": 8,"Actual Startup Time": 7.750,"Actual Total Time": 33.108,"Actual Rows": 159936,"Actual Loops": 5,"Filter": "(NOT (hashed SubPlan 1))","Rows Removed by Filter": 64,"Heap Fetches": 0,"Workers": [],"Plans": [{"Node Type": "Seq Scan","Parent Relationship": "SubPlan","Subplan Name": "SubPlan 1","Parallel Aware": false,"Async Capable": false,"Relation Name": "supplier","Alias": "supplier","Startup Cost": 0.00,"Total Cost": 347.00,"Plan Rows": 1,"Plan Width": 4,"Actual Startup Time": 0.148,"Actual Total Time": 7.592,"Actual Rows": 4,"Actual Loops": 5,"Filter": "((s_comment)::text ~~ '%Customer%Complaints%'::text)","Rows Removed by Filter": 9996,"Workers": []}]},{"Node Type": "Hash","Parent Relationship": "Inner","Parallel Aware": true,"Async Capable": false,"Startup Cost": 6180.33,"Total Cost": 6180.33,"Plan Rows": 12274,"Plan Width": 40,"Actual Startup Time": 22.332,"Actual Total Time": 22.335,"Actual Rows": 5925,"Actual Loops": 5,"Hash Buckets": 32768,"Original Hash Buckets": 32768,"Hash Batches": 1,"Original Hash Batches": 1,"Peak Memory Usage": 2560,"Workers": [],"Plans": [{"Node Type": "Seq Scan","Parent Relationship": "Outer","Parallel Aware": true,"Async Capable": false,"Relation Name": "part","Alias": "part","Startup Cost": 0.00,"Total Cost": 6180.33,"Plan Rows": 12274,"Plan Width": 40,"Actual Startup Time": 0.061,"Actual Total Time": 18.788,"Actual Rows": 5925,"Actual Loops": 5,"Filter": "((p_brand <> 'Brand#43'::bpchar) AND ((p_type)::text !~~ 'STANDARD BRUSHED%'::text) AND (p_size = ANY ('{13,48,42,30,31,43,50,22}'::integer[])))","Rows Removed by Filter": 34075,"Workers": []}]}]}]}]}]}]},"Planning Time": 4.654,"Triggers": [],"Execution Time": 238.240}]
[{"Plan": {"Node Type": "Sort","Parallel Aware": false,"Async Capable": false,"Startup Cost": 33509.58,"Total Cost": 33550.04,"Plan Rows": 16184,"Plan Width": 44,"Actual Startup Time": 241.076,"Actual Total Time": 242.784,"Actual Rows": 18394,"Actual Loops": 1,"Sort Key": ["(count(DISTINCT partsupp.ps_suppkey)) DESC", "part.p_brand", "part.p_type", "part.p_size"],"Sort Method": "quicksort","Sort Space Used": 2348,"Sort Space Type": "Memory","Plans": [{"Node Type": "Aggregate","Strategy": "Sorted","Partial Mode": "Simple","Parent Relationship": "Outer","Parallel Aware": false,"Async Capable": false,"Startup Cost": 24294.18,"Total Cost": 32378.14,"Plan Rows": 16184,"Plan Width": 44,"Actual Startup Time": 137.520,"Actual Total Time": 203.796,"Actual Rows": 18394,"Actual Loops": 1,"Group Key": ["part.p_brand", "part.p_type", "part.p_size"],"Plans": [{"Node Type": "Gather Merge","Parent Relationship": "Outer","Parallel Aware": false,"Async Capable": false,"Startup Cost": 24294.18,"Total Cost": 31605.66,"Plan Rows": 61064,"Plan Width": 40,"Actual Startup Time": 137.465,"Actual Total Time": 175.867,"Actual Rows": 120334,"Actual Loops": 1,"Workers Planned": 4,"Workers Launched": 4,"Plans": [{"Node Type": "Sort","Parent Relationship": "Outer","Parallel Aware": false,"Async Capable": false,"Startup Cost": 23294.12,"Total Cost": 23332.29,"Plan Rows": 15266,"Plan Width": 40,"Actual Startup Time": 129.506,"Actual Total Time": 132.074,"Actual Rows": 24067,"Actual Loops": 5,"Sort Key": ["part.p_brand", "part.p_type", "part.p_size"],"Sort Method": "quicksort","Sort Space Used": 2225,"Sort Space Type": "Memory","Workers": [{"Worker Number": 0,"Sort Method": "quicksort","Sort Space Used": 2629,"Sort Space Type": "Memory"},{"Worker Number": 1,"Sort Method": "quicksort","Sort Space Used": 2972,"Sort Space Type": "Memory"},{"Worker Number": 2,"Sort Method": "quicksort","Sort Space Used": 2964,"Sort Space Type": "Memory"},{"Worker Number": 3,"Sort Method": "quicksort","Sort Space Used": 2959,"Sort Space Type": "Memory"}],"Plans": [{"Node Type": "Hash Join","Parent Relationship": "Outer","Parallel Aware": true,"Async Capable": false,"Join Type": "Inner","Startup Cost": 6686.79,"Total Cost": 22233.29,"Plan Rows": 15266,"Plan Width": 40,"Actual Startup Time": 29.441,"Actual Total Time": 82.590,"Actual Rows": 24067,"Actual Loops": 5,"Inner Unique": true,"Hash Cond": "(partsupp.ps_partkey = part.p_partkey)","Workers": [],"Plans": [{"Node Type": "Index Only Scan","Parent Relationship": "Outer","Parallel Aware": true,"Async Capable": false,"Scan Direction": "Forward","Index Name": "partsupp_pkey","Relation Name": "partsupp","Alias": "partsupp","Startup Cost": 347.43,"Total Cost": 15631.43,"Plan Rows": 100000,"Plan Width": 8,"Actual Startup Time": 7.290,"Actual Total Time": 34.861,"Actual Rows": 159936,"Actual Loops": 5,"Filter": "(NOT (hashed SubPlan 1))","Rows Removed by Filter": 64,"Heap Fetches": 0,"Workers": [],"Plans": [{"Node Type": "Seq Scan","Parent Relationship": "SubPlan","Subplan Name": "SubPlan 1","Parallel Aware": false,"Async Capable": false,"Relation Name": "supplier","Alias": "supplier","Startup Cost": 0.00,"Total Cost": 347.00,"Plan Rows": 1,"Plan Width": 4,"Actual Startup Time": 0.143,"Actual Total Time": 7.137,"Actual Rows": 4,"Actual Loops": 5,"Filter": "((s_comment)::text ~~ '%Customer%Complaints%'::text)","Rows Removed by Filter": 9996,"Workers": []}]},{"Node Type": "Hash","Parent Relationship": "Inner","Parallel Aware": true,"Async Capable": false,"Startup Cost": 6180.33,"Total Cost": 6180.33,"Plan Rows": 12722,"Plan Width": 40,"Actual Startup Time": 21.865,"Actual Total Time": 21.870,"Actual Rows": 6019,"Actual Loops": 5,"Hash Buckets": 32768,"Original Hash Buckets": 32768,"Hash Batches": 1,"Original Hash Batches": 1,"Peak Memory Usage": 2624,"Workers": [],"Plans": [{"Node Type": "Seq Scan","Parent Relationship": "Outer","Parallel Aware": true,"Async Capable": false,"Relation Name": "part","Alias": "part","Startup Cost": 0.00,"Total Cost": 6180.33,"Plan Rows": 12722,"Plan Width": 40,"Actual Startup Time": 0.058,"Actual Total Time": 17.930,"Actual Rows": 6019,"Actual Loops": 5,"Filter": "((p_brand <> 'Brand#15'::bpchar) AND ((p_type)::text !~~ 'MEDIUM BRUSHED%'::text) AND (p_size = ANY ('{46,44,30,41,18,3,32,35}'::integer[])))","Rows Removed by Filter": 33981,"Workers": []}]}]}]}]}]}]},"Planning Time": 3.845,"Triggers": [],"Execution Time": 243.688}]
[{"Plan": {"Node Type": "Sort","Parallel Aware": false,"Async Capable": false,"Startup Cost": 33097.89,"Total Cost": 33137.61,"Plan Rows": 15887,"Plan Width": 44,"Actual Startup Time": 233.107,"Actual Total Time": 234.997,"Actual Rows": 18166,"Actual Loops": 1,"Sort Key": ["(count(DISTINCT partsupp.ps_suppkey)) DESC", "part.p_brand", "part.p_type", "part.p_size"],"Sort Method": "quicksort","Sort Space Used": 2329,"Sort Space Type": "Memory","Plans": [{"Node Type": "Aggregate","Strategy": "Sorted","Partial Mode": "Simple","Parent Relationship": "Outer","Parallel Aware": false,"Async Capable": false,"Startup Cost": 24238.78,"Total Cost": 31989.33,"Plan Rows": 15887,"Plan Width": 44,"Actual Startup Time": 130.117,"Actual Total Time": 195.619,"Actual Rows": 18166,"Actual Loops": 1,"Group Key": ["part.p_brand", "part.p_type", "part.p_size"],"Plans": [{"Node Type": "Gather Merge","Parent Relationship": "Outer","Parallel Aware": false,"Async Capable": false,"Startup Cost": 24238.78,"Total Cost": 31245.29,"Plan Rows": 58517,"Plan Width": 40,"Actual Startup Time": 130.058,"Actual Total Time": 168.369,"Actual Rows": 117930,"Actual Loops": 1,"Workers Planned": 4,"Workers Launched": 4,"Plans": [{"Node Type": "Sort","Parent Relationship": "Outer","Parallel Aware": false,"Async Capable": false,"Startup Cost": 23238.72,"Total Cost": 23275.29,"Plan Rows": 14629,"Plan Width": 40,"Actual Startup Time": 121.553,"Actual Total Time": 124.023,"Actual Rows": 23586,"Actual Loops": 5,"Sort Key": ["part.p_brand", "part.p_type", "part.p_size"],"Sort Method": "quicksort","Sort Space Used": 2717,"Sort Space Type": "Memory","Workers": [{"Worker Number": 0,"Sort Method": "quicksort","Sort Space Used": 2690,"Sort Space Type": "Memory"},{"Worker Number": 1,"Sort Method": "quicksort","Sort Space Used": 2712,"Sort Space Type": "Memory"},{"Worker Number": 2,"Sort Method": "quicksort","Sort Space Used": 2734,"Sort Space Type": "Memory"},{"Worker Number": 3,"Sort Method": "quicksort","Sort Space Used": 2683,"Sort Space Type": "Memory"}],"Plans": [{"Node Type": "Hash Join","Parent Relationship": "Outer","Parallel Aware": true,"Async Capable": false,"Join Type": "Inner","Startup Cost": 6680.15,"Total Cost": 22226.65,"Plan Rows": 14629,"Plan Width": 40,"Actual Startup Time": 29.704,"Actual Total Time": 80.023,"Actual Rows": 23586,"Actual Loops": 5,"Inner Unique": true,"Hash Cond": "(partsupp.ps_partkey = part.p_partkey)","Workers": [],"Plans": [{"Node Type": "Index Only Scan","Parent Relationship": "Outer","Parallel Aware": true,"Async Capable": false,"Scan Direction": "Forward","Index Name": "partsupp_pkey","Relation Name": "partsupp","Alias": "partsupp","Startup Cost": 347.43,"Total Cost": 15631.43,"Plan Rows": 100000,"Plan Width": 8,"Actual Startup Time": 6.640,"Actual Total Time": 32.018,"Actual Rows": 159936,"Actual Loops": 5,"Filter": "(NOT (hashed SubPlan 1))","Rows Removed by Filter": 64,"Heap Fetches": 0,"Workers": [],"Plans": [{"Node Type": "Seq Scan","Parent Relationship": "SubPlan","Subplan Name": "SubPlan 1","Parallel Aware": false,"Async Capable": false,"Relation Name": "supplier","Alias": "supplier","Startup Cost": 0.00,"Total Cost": 347.00,"Plan Rows": 1,"Plan Width": 4,"Actual Startup Time": 0.174,"Actual Total Time": 6.490,"Actual Rows": 4,"Actual Loops": 5,"Filter": "((s_comment)::text ~~ '%Customer%Complaints%'::text)","Rows Removed by Filter": 9996,"Workers": []}]},{"Node Type": "Hash","Parent Relationship": "Inner","Parallel Aware": true,"Async Capable": false,"Startup Cost": 6180.33,"Total Cost": 6180.33,"Plan Rows": 12191,"Plan Width": 40,"Actual Startup Time": 22.790,"Actual Total Time": 22.793,"Actual Rows": 5899,"Actual Loops": 5,"Hash Buckets": 32768,"Original Hash Buckets": 32768,"Hash Batches": 1,"Original Hash Batches": 1,"Peak Memory Usage": 2528,"Workers": [],"Plans": [{"Node Type": "Seq Scan","Parent Relationship": "Outer","Parallel Aware": true,"Async Capable": false,"Relation Name": "part","Alias": "part","Startup Cost": 0.00,"Total Cost": 6180.33,"Plan Rows": 12191,"Plan Width": 40,"Actual Startup Time": 0.056,"Actual Total Time": 18.847,"Actual Rows": 5899,"Actual Loops": 5,"Filter": "((p_brand <> 'Brand#13'::bpchar) AND ((p_type)::text !~~ 'MEDIUM POLISHED%'::text) AND (p_size = ANY ('{27,23,9,34,32,26,36,4}'::integer[])))","Rows Removed by Filter": 34101,"Workers": []}]}]}]}]}]}]},"Planning Time": 4.704,"Triggers": [],"Execution Time": 235.912}]
[{"Plan": {"Node Type": "Sort","Parallel Aware": false,"Async Capable": false,"Startup Cost": 33241.81,"Total Cost": 33281.79,"Plan Rows": 15993,"Plan Width": 44,"Actual Startup Time": 236.908,"Actual Total Time": 238.455,"Actual Rows": 18428,"Actual Loops": 1,"Sort Key": ["(count(DISTINCT partsupp.ps_suppkey)) DESC", "part.p_brand", "part.p_type", "part.p_size"],"Sort Method": "quicksort","Sort Space Used": 2351,"Sort Space Type": "Memory","Plans": [{"Node Type": "Aggregate","Strategy": "Sorted","Partial Mode": "Simple","Parent Relationship": "Outer","Parallel Aware": false,"Async Capable": false,"Startup Cost": 24258.14,"Total Cost": 32125.09,"Plan Rows": 15993,"Plan Width": 44,"Actual Startup Time": 132.591,"Actual Total Time": 198.824,"Actual Rows": 18428,"Actual Loops": 1,"Group Key": ["part.p_brand", "part.p_type", "part.p_size"],"Plans": [{"Node Type": "Gather Merge","Parent Relationship": "Outer","Parallel Aware": false,"Async Capable": false,"Startup Cost": 24258.14,"Total Cost": 31371.10,"Plan Rows": 59406,"Plan Width": 40,"Actual Startup Time": 132.533,"Actual Total Time": 171.232,"Actual Rows": 118938,"Actual Loops": 1,"Workers Planned": 4,"Workers Launched": 4,"Plans": [{"Node Type": "Sort","Parent Relationship": "Outer","Parallel Aware": false,"Async Capable": false,"Startup Cost": 23258.08,"Total Cost": 23295.21,"Plan Rows": 14852,"Plan Width": 40,"Actual Startup Time": 121.092,"Actual Total Time": 123.732,"Actual Rows": 23788,"Actual Loops": 5,"Sort Key": ["part.p_brand", "part.p_type", "part.p_size"],"Sort Method": "quicksort","Sort Space Used": 2475,"Sort Space Type": "Memory","Workers": [{"Worker Number": 0,"Sort Method": "quicksort","Sort Space Used": 2901,"Sort Space Type": "Memory"},{"Worker Number": 1,"Sort Method": "quicksort","Sort Space Used": 2483,"Sort Space Type": "Memory"},{"Worker Number": 2,"Sort Method": "quicksort","Sort Space Used": 2894,"Sort Space Type": "Memory"},{"Worker Number": 3,"Sort Method": "quicksort","Sort Space Used": 2879,"Sort Space Type": "Memory"}],"Plans": [{"Node Type": "Hash Join","Parent Relationship": "Outer","Parallel Aware": true,"Async Capable": false,"Join Type": "Inner","Startup Cost": 6682.46,"Total Cost": 22228.96,"Plan Rows": 14852,"Plan Width": 40,"Actual Startup Time": 30.165,"Actual Total Time": 79.291,"Actual Rows": 23788,"Actual Loops": 5,"Inner Unique": true,"Hash Cond": "(partsupp.ps_partkey = part.p_partkey)","Workers": [],"Plans": [{"Node Type": "Index Only Scan","Parent Relationship": "Outer","Parallel Aware": true,"Async Capable": false,"Scan Direction": "Forward","Index Name": "partsupp_pkey","Relation Name": "partsupp","Alias": "partsupp","Startup Cost": 347.43,"Total Cost": 15631.43,"Plan Rows": 100000,"Plan Width": 8,"Actual Startup Time": 6.994,"Actual Total Time": 31.770,"Actual Rows": 159936,"Actual Loops": 5,"Filter": "(NOT (hashed SubPlan 1))","Rows Removed by Filter": 64,"Heap Fetches": 0,"Workers": [],"Plans": [{"Node Type": "Seq Scan","Parent Relationship": "SubPlan","Subplan Name": "SubPlan 1","Parallel Aware": false,"Async Capable": false,"Relation Name": "supplier","Alias": "supplier","Startup Cost": 0.00,"Total Cost": 347.00,"Plan Rows": 1,"Plan Width": 4,"Actual Startup Time": 0.238,"Actual Total Time": 6.844,"Actual Rows": 4,"Actual Loops": 5,"Filter": "((s_comment)::text ~~ '%Customer%Complaints%'::text)","Rows Removed by Filter": 9996,"Workers": []}]},{"Node Type": "Hash","Parent Relationship": "Inner","Parallel Aware": true,"Async Capable": false,"Startup Cost": 6180.33,"Total Cost": 6180.33,"Plan Rows": 12376,"Plan Width": 40,"Actual Startup Time": 22.923,"Actual Total Time": 22.926,"Actual Rows": 5949,"Actual Loops": 5,"Hash Buckets": 32768,"Original Hash Buckets": 32768,"Hash Batches": 1,"Original Hash Batches": 1,"Peak Memory Usage": 2560,"Workers": [],"Plans": [{"Node Type": "Seq Scan","Parent Relationship": "Outer","Parallel Aware": true,"Async Capable": false,"Relation Name": "part","Alias": "part","Startup Cost": 0.00,"Total Cost": 6180.33,"Plan Rows": 12376,"Plan Width": 40,"Actual Startup Time": 0.061,"Actual Total Time": 19.120,"Actual Rows": 5949,"Actual Loops": 5,"Filter": "((p_brand <> 'Brand#35'::bpchar) AND ((p_type)::text !~~ 'LARGE POLISHED%'::text) AND (p_size = ANY ('{14,17,50,38,49,48,5,46}'::integer[])))","Rows Removed by Filter": 34051,"Workers": []}]}]}]}]}]}]},"Planning Time": 4.495,"Triggers": [],"Execution Time": 239.299}]
[{"Plan": {"Node Type": "Sort","Parallel Aware": false,"Async Capable": false,"Startup Cost": 33093.74,"Total Cost": 33133.45,"Plan Rows": 15884,"Plan Width": 44,"Actual Startup Time": 237.886,"Actual Total Time": 239.459,"Actual Rows": 18326,"Actual Loops": 1,"Sort Key": ["(count(DISTINCT partsupp.ps_suppkey)) DESC", "part.p_brand", "part.p_type", "part.p_size"],"Sort Method": "quicksort","Sort Space Used": 2342,"Sort Space Type": "Memory","Plans": [{"Node Type": "Aggregate","Strategy": "Sorted","Partial Mode": "Simple","Parent Relationship": "Outer","Parallel Aware": false,"Async Capable": false,"Startup Cost": 24238.26,"Total Cost": 31985.41,"Plan Rows": 15884,"Plan Width": 44,"Actual Startup Time": 133.261,"Actual Total Time": 199.653,"Actual Rows": 18326,"Actual Loops": 1,"Group Key": ["part.p_brand", "part.p_type", "part.p_size"],"Plans": [{"Node Type": "Gather Merge","Parent Relationship": "Outer","Parallel Aware": false,"Async Capable": false,"Startup Cost": 24238.26,"Total Cost": 31241.66,"Plan Rows": 58491,"Plan Width": 40,"Actual Startup Time": 133.212,"Actual Total Time": 172.300,"Actual Rows": 118854,"Actual Loops": 1,"Workers Planned": 4,"Workers Launched": 4,"Plans": [{"Node Type": "Sort","Parent Relationship": "Outer","Parallel Aware": false,"Async Capable": false,"Startup Cost": 23238.20,"Total Cost": 23274.76,"Plan Rows": 14623,"Plan Width": 40,"Actual Startup Time": 122.229,"Actual Total Time": 124.763,"Actual Rows": 23771,"Actual Loops": 5,"Sort Key": ["part.p_brand", "part.p_type", "part.p_size"],"Sort Method": "quicksort","Sort Space Used": 2512,"Sort Space Type": "Memory","Workers": [{"Worker Number": 0,"Sort Method": "quicksort","Sort Space Used": 2818,"Sort Space Type": "Memory"},{"Worker Number": 1,"Sort Method": "quicksort","Sort Space Used": 2901,"Sort Space Type": "Memory"},{"Worker Number": 2,"Sort Method": "quicksort","Sort Space Used": 2514,"Sort Space Type": "Memory"},{"Worker Number": 3,"Sort Method": "quicksort","Sort Space Used": 2884,"Sort Space Type": "Memory"}],"Plans": [{"Node Type": "Hash Join","Parent Relationship": "Outer","Parallel Aware": true,"Async Capable": false,"Join Type": "Inner","Startup Cost": 6680.09,"Total Cost": 22226.59,"Plan Rows": 14623,"Plan Width": 40,"Actual Startup Time": 30.904,"Actual Total Time": 80.625,"Actual Rows": 23771,"Actual Loops": 5,"Inner Unique": true,"Hash Cond": "(partsupp.ps_partkey = part.p_partkey)","Workers": [],"Plans": [{"Node Type": "Index Only Scan","Parent Relationship": "Outer","Parallel Aware": true,"Async Capable": false,"Scan Direction": "Forward","Index Name": "partsupp_pkey","Relation Name": "partsupp","Alias": "partsupp","Startup Cost": 347.43,"Total Cost": 15631.43,"Plan Rows": 100000,"Plan Width": 8,"Actual Startup Time": 7.260,"Actual Total Time": 32.682,"Actual Rows": 159936,"Actual Loops": 5,"Filter": "(NOT (hashed SubPlan 1))","Rows Removed by Filter": 64,"Heap Fetches": 0,"Workers": [],"Plans": [{"Node Type": "Seq Scan","Parent Relationship": "SubPlan","Subplan Name": "SubPlan 1","Parallel Aware": false,"Async Capable": false,"Relation Name": "supplier","Alias": "supplier","Startup Cost": 0.00,"Total Cost": 347.00,"Plan Rows": 1,"Plan Width": 4,"Actual Startup Time": 0.153,"Actual Total Time": 7.148,"Actual Rows": 4,"Actual Loops": 5,"Filter": "((s_comment)::text ~~ '%Customer%Complaints%'::text)","Rows Removed by Filter": 9996,"Workers": []}]},{"Node Type": "Hash","Parent Relationship": "Inner","Parallel Aware": true,"Async Capable": false,"Startup Cost": 6180.33,"Total Cost": 6180.33,"Plan Rows": 12186,"Plan Width": 40,"Actual Startup Time": 23.398,"Actual Total Time": 23.401,"Actual Rows": 5945,"Actual Loops": 5,"Hash Buckets": 32768,"Original Hash Buckets": 32768,"Hash Batches": 1,"Original Hash Batches": 1,"Peak Memory Usage": 2560,"Workers": [],"Plans": [{"Node Type": "Seq Scan","Parent Relationship": "Outer","Parallel Aware": true,"Async Capable": false,"Relation Name": "part","Alias": "part","Startup Cost": 0.00,"Total Cost": 6180.33,"Plan Rows": 12186,"Plan Width": 40,"Actual Startup Time": 0.062,"Actual Total Time": 19.595,"Actual Rows": 5945,"Actual Loops": 5,"Filter": "((p_brand <> 'Brand#41'::bpchar) AND ((p_type)::text !~~ 'ECONOMY PLATED%'::text) AND (p_size = ANY ('{42,10,2,28,43,8,24,40}'::integer[])))","Rows Removed by Filter": 34055,"Workers": []}]}]}]}]}]}]},"Planning Time": 5.174,"Triggers": [],"Execution Time": 240.336}]
[{"Plan": {"Node Type": "Sort","Parallel Aware": false,"Async Capable": false,"Startup Cost": 33110.74,"Total Cost": 33150.48,"Plan Rows": 15897,"Plan Width": 44,"Actual Startup Time": 242.649,"Actual Total Time": 244.478,"Actual Rows": 18264,"Actual Loops": 1,"Sort Key": ["(count(DISTINCT partsupp.ps_suppkey)) DESC", "part.p_brand", "part.p_type", "part.p_size"],"Sort Method": "quicksort","Sort Space Used": 2337,"Sort Space Type": "Memory","Plans": [{"Node Type": "Aggregate","Strategy": "Sorted","Partial Mode": "Simple","Parent Relationship": "Outer","Parallel Aware": false,"Async Capable": false,"Startup Cost": 24240.51,"Total Cost": 32001.41,"Plan Rows": 15897,"Plan Width": 44,"Actual Startup Time": 136.258,"Actual Total Time": 204.643,"Actual Rows": 18264,"Actual Loops": 1,"Group Key": ["part.p_brand", "part.p_type", "part.p_size"],"Plans": [{"Node Type": "Gather Merge","Parent Relationship": "Outer","Parallel Aware": false,"Async Capable": false,"Startup Cost": 24240.51,"Total Cost": 31256.48,"Plan Rows": 58596,"Plan Width": 40,"Actual Startup Time": 136.196,"Actual Total Time": 175.899,"Actual Rows": 119190,"Actual Loops": 1,"Workers Planned": 4,"Workers Launched": 4,"Plans": [{"Node Type": "Sort","Parent Relationship": "Outer","Parallel Aware": false,"Async Capable": false,"Startup Cost": 23240.45,"Total Cost": 23277.07,"Plan Rows": 14649,"Plan Width": 40,"Actual Startup Time": 123.761,"Actual Total Time": 126.137,"Actual Rows": 23838,"Actual Loops": 5,"Sort Key": ["part.p_brand", "part.p_type", "part.p_size"],"Sort Method": "quicksort","Sort Space Used": 2430,"Sort Space Type": "Memory","Workers": [{"Worker Number": 0,"Sort Method": "quicksort","Sort Space Used": 2508,"Sort Space Type": "Memory"},{"Worker Number": 1,"Sort Method": "quicksort","Sort Space Used": 2933,"Sort Space Type": "Memory"},{"Worker Number": 2,"Sort Method": "quicksort","Sort Space Used": 2903,"Sort Space Type": "Memory"},{"Worker Number": 3,"Sort Method": "quicksort","Sort Space Used": 2869,"Sort Space Type": "Memory"}],"Plans": [{"Node Type": "Hash Join","Parent Relationship": "Outer","Parallel Aware": true,"Async Capable": false,"Join Type": "Inner","Startup Cost": 6680.35,"Total Cost": 22226.85,"Plan Rows": 14649,"Plan Width": 40,"Actual Startup Time": 31.973,"Actual Total Time": 81.887,"Actual Rows": 23838,"Actual Loops": 5,"Inner Unique": true,"Hash Cond": "(partsupp.ps_partkey = part.p_partkey)","Workers": [],"Plans": [{"Node Type": "Index Only Scan","Parent Relationship": "Outer","Parallel Aware": true,"Async Capable": false,"Scan Direction": "Forward","Index Name": "partsupp_pkey","Relation Name": "partsupp","Alias": "partsupp","Startup Cost": 347.43,"Total Cost": 15631.43,"Plan Rows": 100000,"Plan Width": 8,"Actual Startup Time": 8.767,"Actual Total Time": 34.051,"Actual Rows": 159936,"Actual Loops": 5,"Filter": "(NOT (hashed SubPlan 1))","Rows Removed by Filter": 64,"Heap Fetches": 0,"Workers": [],"Plans": [{"Node Type": "Seq Scan","Parent Relationship": "SubPlan","Subplan Name": "SubPlan 1","Parallel Aware": false,"Async Capable": false,"Relation Name": "supplier","Alias": "supplier","Startup Cost": 0.00,"Total Cost": 347.00,"Plan Rows": 1,"Plan Width": 4,"Actual Startup Time": 0.148,"Actual Total Time": 8.622,"Actual Rows": 4,"Actual Loops": 5,"Filter": "((s_comment)::text ~~ '%Customer%Complaints%'::text)","Rows Removed by Filter": 9996,"Workers": []}]},{"Node Type": "Hash","Parent Relationship": "Inner","Parallel Aware": true,"Async Capable": false,"Startup Cost": 6180.33,"Total Cost": 6180.33,"Plan Rows": 12207,"Plan Width": 40,"Actual Startup Time": 22.932,"Actual Total Time": 22.937,"Actual Rows": 5962,"Actual Loops": 5,"Hash Buckets": 32768,"Original Hash Buckets": 32768,"Hash Batches": 1,"Original Hash Batches": 1,"Peak Memory Usage": 2560,"Workers": [],"Plans": [{"Node Type": "Seq Scan","Parent Relationship": "Outer","Parallel Aware": true,"Async Capable": false,"Relation Name": "part","Alias": "part","Startup Cost": 0.00,"Total Cost": 6180.33,"Plan Rows": 12207,"Plan Width": 40,"Actual Startup Time": 0.063,"Actual Total Time": 19.466,"Actual Rows": 5962,"Actual Loops": 5,"Filter": "((p_brand <> 'Brand#24'::bpchar) AND ((p_type)::text !~~ 'PROMO BURNISHED%'::text) AND (p_size = ANY ('{3,30,27,23,12,6,42,44}'::integer[])))","Rows Removed by Filter": 34038,"Workers": []}]}]}]}]}]}]},"Planning Time": 4.008,"Triggers": [],"Execution Time": 245.758}]
[{"Plan": {"Node Type": "Sort","Parallel Aware": false,"Async Capable": false,"Startup Cost": 33046.12,"Total Cost": 33085.75,"Plan Rows": 15849,"Plan Width": 44,"Actual Startup Time": 237.049,"Actual Total Time": 238.818,"Actual Rows": 18229,"Actual Loops": 1,"Sort Key": ["(count(DISTINCT partsupp.ps_suppkey)) DESC", "part.p_brand", "part.p_type", "part.p_size"],"Sort Method": "quicksort","Sort Space Used": 2334,"Sort Space Type": "Memory","Plans": [{"Node Type": "Aggregate","Strategy": "Sorted","Partial Mode": "Simple","Parent Relationship": "Outer","Parallel Aware": false,"Async Capable": false,"Startup Cost": 24231.83,"Total Cost": 31940.49,"Plan Rows": 15849,"Plan Width": 44,"Actual Startup Time": 130.689,"Actual Total Time": 197.417,"Actual Rows": 18229,"Actual Loops": 1,"Group Key": ["part.p_brand", "part.p_type", "part.p_size"],"Plans": [{"Node Type": "Gather Merge","Parent Relationship": "Outer","Parallel Aware": false,"Async Capable": false,"Startup Cost": 24231.83,"Total Cost": 31200.03,"Plan Rows": 58197,"Plan Width": 40,"Actual Startup Time": 130.625,"Actual Total Time": 169.778,"Actual Rows": 118688,"Actual Loops": 1,"Workers Planned": 4,"Workers Launched": 4,"Plans": [{"Node Type": "Sort","Parent Relationship": "Outer","Parallel Aware": false,"Async Capable": false,"Startup Cost": 23231.77,"Total Cost": 23268.15,"Plan Rows": 14549,"Plan Width": 40,"Actual Startup Time": 122.818,"Actual Total Time": 125.375,"Actual Rows": 23738,"Actual Loops": 5,"Sort Key": ["part.p_brand", "part.p_type", "part.p_size"],"Sort Method": "quicksort","Sort Space Used": 2700,"Sort Space Type": "Memory","Workers": [{"Worker Number": 0,"Sort Method": "quicksort","Sort Space Used": 2723,"Sort Space Type": "Memory"},{"Worker Number": 1,"Sort Method": "quicksort","Sort Space Used": 2729,"Sort Space Type": "Memory"},{"Worker Number": 2,"Sort Method": "quicksort","Sort Space Used": 2714,"Sort Space Type": "Memory"},{"Worker Number": 3,"Sort Method": "quicksort","Sort Space Used": 2745,"Sort Space Type": "Memory"}],"Plans": [{"Node Type": "Hash Join","Parent Relationship": "Outer","Parallel Aware": true,"Async Capable": false,"Join Type": "Inner","Startup Cost": 6679.31,"Total Cost": 22225.81,"Plan Rows": 14549,"Plan Width": 40,"Actual Startup Time": 30.596,"Actual Total Time": 81.307,"Actual Rows": 23738,"Actual Loops": 5,"Inner Unique": true,"Hash Cond": "(partsupp.ps_partkey = part.p_partkey)","Workers": [],"Plans": [{"Node Type": "Index Only Scan","Parent Relationship": "Outer","Parallel Aware": true,"Async Capable": false,"Scan Direction": "Forward","Index Name": "partsupp_pkey","Relation Name": "partsupp","Alias": "partsupp","Startup Cost": 347.43,"Total Cost": 15631.43,"Plan Rows": 100000,"Plan Width": 8,"Actual Startup Time": 7.272,"Actual Total Time": 32.381,"Actual Rows": 159936,"Actual Loops": 5,"Filter": "(NOT (hashed SubPlan 1))","Rows Removed by Filter": 64,"Heap Fetches": 0,"Workers": [],"Plans": [{"Node Type": "Seq Scan","Parent Relationship": "SubPlan","Subplan Name": "SubPlan 1","Parallel Aware": false,"Async Capable": false,"Relation Name": "supplier","Alias": "supplier","Startup Cost": 0.00,"Total Cost": 347.00,"Plan Rows": 1,"Plan Width": 4,"Actual Startup Time": 0.134,"Actual Total Time": 7.113,"Actual Rows": 4,"Actual Loops": 5,"Filter": "((s_comment)::text ~~ '%Customer%Complaints%'::text)","Rows Removed by Filter": 9996,"Workers": []}]},{"Node Type": "Hash","Parent Relationship": "Inner","Parallel Aware": true,"Async Capable": false,"Startup Cost": 6180.33,"Total Cost": 6180.33,"Plan Rows": 12124,"Plan Width": 40,"Actual Startup Time": 23.081,"Actual Total Time": 23.084,"Actual Rows": 5937,"Actual Loops": 5,"Hash Buckets": 32768,"Original Hash Buckets": 32768,"Hash Batches": 1,"Original Hash Batches": 1,"Peak Memory Usage": 2528,"Workers": [],"Plans": [{"Node Type": "Seq Scan","Parent Relationship": "Outer","Parallel Aware": true,"Async Capable": false,"Relation Name": "part","Alias": "part","Startup Cost": 0.00,"Total Cost": 6180.33,"Plan Rows": 12124,"Plan Width": 40,"Actual Startup Time": 0.062,"Actual Total Time": 19.237,"Actual Rows": 5937,"Actual Loops": 5,"Filter": "((p_brand <> 'Brand#53'::bpchar) AND ((p_type)::text !~~ 'PROMO ANODIZED%'::text) AND (p_size = ANY ('{41,36,4,28,21,5,48,33}'::integer[])))","Rows Removed by Filter": 34063,"Workers": []}]}]}]}]}]}]},"Planning Time": 3.760,"Triggers": [],"Execution Time": 239.748}]
[{"Plan": {"Node Type": "Sort","Parallel Aware": false,"Async Capable": false,"Startup Cost": 32819.59,"Total Cost": 32858.78,"Plan Rows": 15676,"Plan Width": 44,"Actual Startup Time": 235.642,"Actual Total Time": 237.467,"Actual Rows": 18161,"Actual Loops": 1,"Sort Key": ["(count(DISTINCT partsupp.ps_suppkey)) DESC", "part.p_brand", "part.p_type", "part.p_size"],"Sort Method": "quicksort","Sort Space Used": 2329,"Sort Space Type": "Memory","Plans": [{"Node Type": "Aggregate","Strategy": "Sorted","Partial Mode": "Simple","Parent Relationship": "Outer","Parallel Aware": false,"Async Capable": false,"Startup Cost": 24201.58,"Total Cost": 31727.26,"Plan Rows": 15676,"Plan Width": 44,"Actual Startup Time": 130.569,"Actual Total Time": 196.774,"Actual Rows": 18161,"Actual Loops": 1,"Group Key": ["part.p_brand", "part.p_type", "part.p_size"],"Plans": [{"Node Type": "Gather Merge","Parent Relationship": "Outer","Parallel Aware": false,"Async Capable": false,"Startup Cost": 24201.58,"Total Cost": 31002.50,"Plan Rows": 56800,"Plan Width": 40,"Actual Startup Time": 130.497,"Actual Total Time": 169.536,"Actual Rows": 117716,"Actual Loops": 1,"Workers Planned": 4,"Workers Launched": 4,"Plans": [{"Node Type": "Sort","Parent Relationship": "Outer","Parallel Aware": false,"Async Capable": false,"Startup Cost": 23201.52,"Total Cost": 23237.02,"Plan Rows": 14200,"Plan Width": 40,"Actual Startup Time": 121.990,"Actual Total Time": 124.521,"Actual Rows": 23543,"Actual Loops": 5,"Sort Key": ["part.p_brand", "part.p_type", "part.p_size"],"Sort Method": "quicksort","Sort Space Used": 2737,"Sort Space Type": "Memory","Workers": [{"Worker Number": 0,"Sort Method": "quicksort","Sort Space Used": 2723,"Sort Space Type": "Memory"},{"Worker Number": 1,"Sort Method": "quicksort","Sort Space Used": 2709,"Sort Space Type": "Memory"},{"Worker Number": 2,"Sort Method": "quicksort","Sort Space Used": 2696,"Sort Space Type": "Memory"},{"Worker Number": 3,"Sort Method": "quicksort","Sort Space Used": 2679,"Sort Space Type": "Memory"}],"Plans": [{"Node Type": "Hash Join","Parent Relationship": "Outer","Parallel Aware": true,"Async Capable": false,"Join Type": "Inner","Startup Cost": 6675.67,"Total Cost": 22222.17,"Plan Rows": 14200,"Plan Width": 40,"Actual Startup Time": 30.482,"Actual Total Time": 80.690,"Actual Rows": 23543,"Actual Loops": 5,"Inner Unique": true,"Hash Cond": "(partsupp.ps_partkey = part.p_partkey)","Workers": [],"Plans": [{"Node Type": "Index Only Scan","Parent Relationship": "Outer","Parallel Aware": true,"Async Capable": false,"Scan Direction": "Forward","Index Name": "partsupp_pkey","Relation Name": "partsupp","Alias": "partsupp","Startup Cost": 347.43,"Total Cost": 15631.43,"Plan Rows": 100000,"Plan Width": 8,"Actual Startup Time": 7.031,"Actual Total Time": 31.969,"Actual Rows": 159936,"Actual Loops": 5,"Filter": "(NOT (hashed SubPlan 1))","Rows Removed by Filter": 64,"Heap Fetches": 0,"Workers": [],"Plans": [{"Node Type": "Seq Scan","Parent Relationship": "SubPlan","Subplan Name": "SubPlan 1","Parallel Aware": false,"Async Capable": false,"Relation Name": "supplier","Alias": "supplier","Startup Cost": 0.00,"Total Cost": 347.00,"Plan Rows": 1,"Plan Width": 4,"Actual Startup Time": 0.140,"Actual Total Time": 6.876,"Actual Rows": 4,"Actual Loops": 5,"Filter": "((s_comment)::text ~~ '%Customer%Complaints%'::text)","Rows Removed by Filter": 9996,"Workers": []}]},{"Node Type": "Hash","Parent Relationship": "Inner","Parallel Aware": true,"Async Capable": false,"Startup Cost": 6180.33,"Total Cost": 6180.33,"Plan Rows": 11833,"Plan Width": 40,"Actual Startup Time": 23.146,"Actual Total Time": 23.149,"Actual Rows": 5888,"Actual Loops": 5,"Hash Buckets": 32768,"Original Hash Buckets": 32768,"Hash Batches": 1,"Original Hash Batches": 1,"Peak Memory Usage": 2528,"Workers": [],"Plans": [{"Node Type": "Seq Scan","Parent Relationship": "Outer","Parallel Aware": true,"Async Capable": false,"Relation Name": "part","Alias": "part","Startup Cost": 0.00,"Total Cost": 6180.33,"Plan Rows": 11833,"Plan Width": 40,"Actual Startup Time": 0.063,"Actual Total Time": 19.195,"Actual Rows": 5888,"Actual Loops": 5,"Filter": "((p_brand <> 'Brand#55'::bpchar) AND ((p_type)::text !~~ 'LARGE PLATED%'::text) AND (p_size = ANY ('{23,36,25,48,12,6,45,13}'::integer[])))","Rows Removed by Filter": 34112,"Workers": []}]}]}]}]}]}]},"Planning Time": 4.034,"Triggers": [],"Execution Time": 238.365}]
[{"Plan": {"Node Type": "Sort","Parallel Aware": false,"Async Capable": false,"Startup Cost": 33373.82,"Total Cost": 33414.04,"Plan Rows": 16088,"Plan Width": 44,"Actual Startup Time": 238.989,"Actual Total Time": 240.754,"Actual Rows": 18196,"Actual Loops": 1,"Sort Key": ["(count(DISTINCT partsupp.ps_suppkey)) DESC", "part.p_brand", "part.p_type", "part.p_size"],"Sort Method": "quicksort","Sort Space Used": 2331,"Sort Space Type": "Memory","Plans": [{"Node Type": "Aggregate","Strategy": "Sorted","Partial Mode": "Simple","Parent Relationship": "Outer","Parallel Aware": false,"Async Capable": false,"Startup Cost": 24275.88,"Total Cost": 32249.77,"Plan Rows": 16088,"Plan Width": 44,"Actual Startup Time": 136.424,"Actual Total Time": 201.971,"Actual Rows": 18196,"Actual Loops": 1,"Group Key": ["part.p_brand", "part.p_type", "part.p_size"],"Plans": [{"Node Type": "Gather Merge","Parent Relationship": "Outer","Parallel Aware": false,"Async Capable": false,"Startup Cost": 24275.88,"Total Cost": 31486.66,"Plan Rows": 60223,"Plan Width": 40,"Actual Startup Time": 136.364,"Actual Total Time": 174.630,"Actual Rows": 117937,"Actual Loops": 1,"Workers Planned": 4,"Workers Launched": 4,"Plans": [{"Node Type": "Sort","Parent Relationship": "Outer","Parallel Aware": false,"Async Capable": false,"Startup Cost": 23275.83,"Total Cost": 23313.47,"Plan Rows": 15056,"Plan Width": 40,"Actual Startup Time": 124.899,"Actual Total Time": 127.179,"Actual Rows": 23587,"Actual Loops": 5,"Sort Key": ["part.p_brand", "part.p_type", "part.p_size"],"Sort Method": "quicksort","Sort Space Used": 2510,"Sort Space Type": "Memory","Workers": [{"Worker Number": 0,"Sort Method": "quicksort","Sort Space Used": 2850,"Sort Space Type": "Memory"},{"Worker Number": 1,"Sort Method": "quicksort","Sort Space Used": 2852,"Sort Space Type": "Memory"},{"Worker Number": 2,"Sort Method": "quicksort","Sort Space Used": 2468,"Sort Space Type": "Memory"},{"Worker Number": 3,"Sort Method": "quicksort","Sort Space Used": 2862,"Sort Space Type": "Memory"}],"Plans": [{"Node Type": "Hash Join","Parent Relationship": "Outer","Parallel Aware": true,"Async Capable": false,"Join Type": "Inner","Startup Cost": 6684.59,"Total Cost": 22231.09,"Plan Rows": 15056,"Plan Width": 40,"Actual Startup Time": 31.550,"Actual Total Time": 83.025,"Actual Rows": 23587,"Actual Loops": 5,"Inner Unique": true,"Hash Cond": "(partsupp.ps_partkey = part.p_partkey)","Workers": [],"Plans": [{"Node Type": "Index Only Scan","Parent Relationship": "Outer","Parallel Aware": true,"Async Capable": false,"Scan Direction": "Forward","Index Name": "partsupp_pkey","Relation Name": "partsupp","Alias": "partsupp","Startup Cost": 347.43,"Total Cost": 15631.43,"Plan Rows": 100000,"Plan Width": 8,"Actual Startup Time": 7.534,"Actual Total Time": 34.345,"Actual Rows": 159936,"Actual Loops": 5,"Filter": "(NOT (hashed SubPlan 1))","Rows Removed by Filter": 64,"Heap Fetches": 0,"Workers": [],"Plans": [{"Node Type": "Seq Scan","Parent Relationship": "SubPlan","Subplan Name": "SubPlan 1","Parallel Aware": false,"Async Capable": false,"Relation Name": "supplier","Alias": "supplier","Startup Cost": 0.00,"Total Cost": 347.00,"Plan Rows": 1,"Plan Width": 4,"Actual Startup Time": 0.201,"Actual Total Time": 7.378,"Actual Rows": 4,"Actual Loops": 5,"Filter": "((s_comment)::text ~~ '%Customer%Complaints%'::text)","Rows Removed by Filter": 9996,"Workers": []}]},{"Node Type": "Hash","Parent Relationship": "Inner","Parallel Aware": true,"Async Capable": false,"Startup Cost": 6180.33,"Total Cost": 6180.33,"Plan Rows": 12546,"Plan Width": 40,"Actual Startup Time": 23.751,"Actual Total Time": 23.756,"Actual Rows": 5899,"Actual Loops": 5,"Hash Buckets": 32768,"Original Hash Buckets": 32768,"Hash Batches": 1,"Original Hash Batches": 1,"Peak Memory Usage": 2528,"Workers": [],"Plans": [{"Node Type": "Seq Scan","Parent Relationship": "Outer","Parallel Aware": true,"Async Capable": false,"Relation Name": "part","Alias": "part","Startup Cost": 0.00,"Total Cost": 6180.33,"Plan Rows": 12546,"Plan Width": 40,"Actual Startup Time": 0.053,"Actual Total Time": 19.882,"Actual Rows": 5899,"Actual Loops": 5,"Filter": "((p_brand <> 'Brand#53'::bpchar) AND ((p_type)::text !~~ 'ECONOMY POLISHED%'::text) AND (p_size = ANY ('{18,27,1,19,20,48,32,40}'::integer[])))","Rows Removed by Filter": 34101,"Workers": []}]}]}]}]}]}]},"Planning Time": 5.417,"Triggers": [],"Execution Time": 241.751}]
[{"Plan": {"Node Type": "Sort","Parallel Aware": false,"Async Capable": false,"Startup Cost": 33390.28,"Total Cost": 33430.53,"Plan Rows": 16100,"Plan Width": 44,"Actual Startup Time": 240.404,"Actual Total Time": 242.290,"Actual Rows": 18316,"Actual Loops": 1,"Sort Key": ["(count(DISTINCT partsupp.ps_suppkey)) DESC", "part.p_brand", "part.p_type", "part.p_size"],"Sort Method": "quicksort","Sort Space Used": 2342,"Sort Space Type": "Memory","Plans": [{"Node Type": "Aggregate","Strategy": "Sorted","Partial Mode": "Simple","Parent Relationship": "Outer","Parallel Aware": false,"Async Capable": false,"Startup Cost": 24278.07,"Total Cost": 32265.32,"Plan Rows": 16100,"Plan Width": 44,"Actual Startup Time": 133.556,"Actual Total Time": 202.781,"Actual Rows": 18316,"Actual Loops": 1,"Group Key": ["part.p_brand", "part.p_type", "part.p_size"],"Plans": [{"Node Type": "Gather Merge","Parent Relationship": "Outer","Parallel Aware": false,"Async Capable": false,"Startup Cost": 24278.07,"Total Cost": 31501.07,"Plan Rows": 60325,"Plan Width": 40,"Actual Startup Time": 133.471,"Actual Total Time": 174.088,"Actual Rows": 119193,"Actual Loops": 1,"Workers Planned": 4,"Workers Launched": 4,"Plans": [{"Node Type": "Sort","Parent Relationship": "Outer","Parallel Aware": false,"Async Capable": false,"Startup Cost": 23278.02,"Total Cost": 23315.72,"Plan Rows": 15081,"Plan Width": 40,"Actual Startup Time": 120.937,"Actual Total Time": 123.664,"Actual Rows": 23839,"Actual Loops": 5,"Sort Key": ["part.p_brand", "part.p_type", "part.p_size"],"Sort Method": "quicksort","Sort Space Used": 2449,"Sort Space Type": "Memory","Workers": [{"Worker Number": 0,"Sort Method": "quicksort","Sort Space Used": 2920,"Sort Space Type": "Memory"},{"Worker Number": 1,"Sort Method": "quicksort","Sort Space Used": 2418,"Sort Space Type": "Memory"},{"Worker Number": 2,"Sort Method": "quicksort","Sort Space Used": 2940,"Sort Space Type": "Memory"},{"Worker Number": 3,"Sort Method": "quicksort","Sort Space Used": 2927,"Sort Space Type": "Memory"}],"Plans": [{"Node Type": "Hash Join","Parent Relationship": "Outer","Parallel Aware": true,"Async Capable": false,"Join Type": "Inner","Startup Cost": 6684.86,"Total Cost": 22231.36,"Plan Rows": 15081,"Plan Width": 40,"Actual Startup Time": 29.126,"Actual Total Time": 78.957,"Actual Rows": 23839,"Actual Loops": 5,"Inner Unique": true,"Hash Cond": "(partsupp.ps_partkey = part.p_partkey)","Workers": [],"Plans": [{"Node Type": "Index Only Scan","Parent Relationship": "Outer","Parallel Aware": true,"Async Capable": false,"Scan Direction": "Forward","Index Name": "partsupp_pkey","Relation Name": "partsupp","Alias": "partsupp","Startup Cost": 347.43,"Total Cost": 15631.43,"Plan Rows": 100000,"Plan Width": 8,"Actual Startup Time": 6.937,"Actual Total Time": 31.832,"Actual Rows": 159936,"Actual Loops": 5,"Filter": "(NOT (hashed SubPlan 1))","Rows Removed by Filter": 64,"Heap Fetches": 0,"Workers": [],"Plans": [{"Node Type": "Seq Scan","Parent Relationship": "SubPlan","Subplan Name": "SubPlan 1","Parallel Aware": false,"Async Capable": false,"Relation Name": "supplier","Alias": "supplier","Startup Cost": 0.00,"Total Cost": 347.00,"Plan Rows": 1,"Plan Width": 4,"Actual Startup Time": 0.134,"Actual Total Time": 6.804,"Actual Rows": 4,"Actual Loops": 5,"Filter": "((s_comment)::text ~~ '%Customer%Complaints%'::text)","Rows Removed by Filter": 9996,"Workers": []}]},{"Node Type": "Hash","Parent Relationship": "Inner","Parallel Aware": true,"Async Capable": false,"Startup Cost": 6180.33,"Total Cost": 6180.33,"Plan Rows": 12568,"Plan Width": 40,"Actual Startup Time": 21.896,"Actual Total Time": 21.899,"Actual Rows": 5962,"Actual Loops": 5,"Hash Buckets": 32768,"Original Hash Buckets": 32768,"Hash Batches": 1,"Original Hash Batches": 1,"Peak Memory Usage": 2560,"Workers": [],"Plans": [{"Node Type": "Seq Scan","Parent Relationship": "Outer","Parallel Aware": true,"Async Capable": false,"Relation Name": "part","Alias": "part","Startup Cost": 0.00,"Total Cost": 6180.33,"Plan Rows": 12568,"Plan Width": 40,"Actual Startup Time": 0.057,"Actual Total Time": 18.422,"Actual Rows": 5962,"Actual Loops": 5,"Filter": "((p_brand <> 'Brand#32'::bpchar) AND ((p_type)::text !~~ 'LARGE ANODIZED%'::text) AND (p_size = ANY ('{16,5,38,1,27,39,49,9}'::integer[])))","Rows Removed by Filter": 34038,"Workers": []}]}]}]}]}]}]},"Planning Time": 4.629,"Triggers": [],"Execution Time": 243.441}]
[{"Plan": {"Node Type": "Sort","Parallel Aware": false,"Async Capable": false,"Startup Cost": 33161.21,"Total Cost": 33201.04,"Plan Rows": 15934,"Plan Width": 44,"Actual Startup Time": 240.807,"Actual Total Time": 242.393,"Actual Rows": 18176,"Actual Loops": 1,"Sort Key": ["(count(DISTINCT partsupp.ps_suppkey)) DESC", "part.p_brand", "part.p_type", "part.p_size"],"Sort Method": "quicksort","Sort Space Used": 2329,"Sort Space Type": "Memory","Plans": [{"Node Type": "Aggregate","Strategy": "Sorted","Partial Mode": "Simple","Parent Relationship": "Outer","Parallel Aware": false,"Async Capable": false,"Startup Cost": 24247.28,"Total Cost": 32049.03,"Plan Rows": 15934,"Plan Width": 44,"Actual Startup Time": 135.288,"Actual Total Time": 203.311,"Actual Rows": 18176,"Actual Loops": 1,"Group Key": ["part.p_brand", "part.p_type", "part.p_size"],"Plans": [{"Node Type": "Gather Merge","Parent Relationship": "Outer","Parallel Aware": false,"Async Capable": false,"Startup Cost": 24247.28,"Total Cost": 31300.61,"Plan Rows": 58908,"Plan Width": 40,"Actual Startup Time": 135.215,"Actual Total Time": 174.715,"Actual Rows": 117393,"Actual Loops": 1,"Workers Planned": 4,"Workers Launched": 4,"Plans": [{"Node Type": "Sort","Parent Relationship": "Outer","Parallel Aware": false,"Async Capable": false,"Startup Cost": 23247.22,"Total Cost": 23284.04,"Plan Rows": 14727,"Plan Width": 40,"Actual Startup Time": 122.847,"Actual Total Time": 125.486,"Actual Rows": 23479,"Actual Loops": 5,"Sort Key": ["part.p_brand", "part.p_type", "part.p_size"],"Sort Method": "quicksort","Sort Space Used": 2405,"Sort Space Type": "Memory","Workers": [{"Worker Number": 0,"Sort Method": "quicksort","Sort Space Used": 2445,"Sort Space Type": "Memory"},{"Worker Number": 1,"Sort Method": "quicksort","Sort Space Used": 2851,"Sort Space Type": "Memory"},{"Worker Number": 2,"Sort Method": "quicksort","Sort Space Used": 2870,"Sort Space Type": "Memory"},{"Worker Number": 3,"Sort Method": "quicksort","Sort Space Used": 2925,"Sort Space Type": "Memory"}],"Plans": [{"Node Type": "Hash Join","Parent Relationship": "Outer","Parallel Aware": true,"Async Capable": false,"Join Type": "Inner","Startup Cost": 6681.16,"Total Cost": 22227.66,"Plan Rows": 14727,"Plan Width": 40,"Actual Startup Time": 31.833,"Actual Total Time": 81.709,"Actual Rows": 23479,"Actual Loops": 5,"Inner Unique": true,"Hash Cond": "(partsupp.ps_partkey = part.p_partkey)","Workers": [],"Plans": [{"Node Type": "Index Only Scan","Parent Relationship": "Outer","Parallel Aware": true,"Async Capable": false,"Scan Direction": "Forward","Index Name": "partsupp_pkey","Relation Name": "partsupp","Alias": "partsupp","Startup Cost": 347.43,"Total Cost": 15631.43,"Plan Rows": 100000,"Plan Width": 8,"Actual Startup Time": 7.428,"Actual Total Time": 32.830,"Actual Rows": 159936,"Actual Loops": 5,"Filter": "(NOT (hashed SubPlan 1))","Rows Removed by Filter": 64,"Heap Fetches": 0,"Workers": [],"Plans": [{"Node Type": "Seq Scan","Parent Relationship": "SubPlan","Subplan Name": "SubPlan 1","Parallel Aware": false,"Async Capable": false,"Relation Name": "supplier","Alias": "supplier","Startup Cost": 0.00,"Total Cost": 347.00,"Plan Rows": 1,"Plan Width": 4,"Actual Startup Time": 0.157,"Actual Total Time": 7.296,"Actual Rows": 4,"Actual Loops": 5,"Filter": "((s_comment)::text ~~ '%Customer%Complaints%'::text)","Rows Removed by Filter": 9996,"Workers": []}]},{"Node Type": "Hash","Parent Relationship": "Inner","Parallel Aware": true,"Async Capable": false,"Startup Cost": 6180.33,"Total Cost": 6180.33,"Plan Rows": 12272,"Plan Width": 40,"Actual Startup Time": 24.131,"Actual Total Time": 24.133,"Actual Rows": 5872,"Actual Loops": 5,"Hash Buckets": 32768,"Original Hash Buckets": 32768,"Hash Batches": 1,"Original Hash Batches": 1,"Peak Memory Usage": 2528,"Workers": [],"Plans": [{"Node Type": "Seq Scan","Parent Relationship": "Outer","Parallel Aware": true,"Async Capable": false,"Relation Name": "part","Alias": "part","Startup Cost": 0.00,"Total Cost": 6180.33,"Plan Rows": 12272,"Plan Width": 40,"Actual Startup Time": 0.060,"Actual Total Time": 19.983,"Actual Rows": 5872,"Actual Loops": 5,"Filter": "((p_brand <> 'Brand#24'::bpchar) AND ((p_type)::text !~~ 'STANDARD PLATED%'::text) AND (p_size = ANY ('{21,28,17,42,18,11,19,43}'::integer[])))","Rows Removed by Filter": 34128,"Workers": []}]}]}]}]}]}]},"Planning Time": 4.280,"Triggers": [],"Execution Time": 243.280}]
[{"Plan": {"Node Type": "Sort","Parallel Aware": false,"Async Capable": false,"Startup Cost": 32912.37,"Total Cost": 32951.74,"Plan Rows": 15747,"Plan Width": 44,"Actual Startup Time": 238.210,"Actual Total Time": 239.931,"Actual Rows": 18232,"Actual Loops": 1,"Sort Key": ["(count(DISTINCT partsupp.ps_suppkey)) DESC", "part.p_brand", "part.p_type", "part.p_size"],"Sort Method": "quicksort","Sort Space Used": 2334,"Sort Space Type": "Memory","Plans": [{"Node Type": "Aggregate","Strategy": "Sorted","Partial Mode": "Simple","Parent Relationship": "Outer","Parallel Aware": false,"Async Capable": false,"Startup Cost": 24213.98,"Total Cost": 31814.58,"Plan Rows": 15747,"Plan Width": 44,"Actual Startup Time": 132.206,"Actual Total Time": 200.121,"Actual Rows": 18232,"Actual Loops": 1,"Group Key": ["part.p_brand", "part.p_type", "part.p_size"],"Plans": [{"Node Type": "Gather Merge","Parent Relationship": "Outer","Parallel Aware": false,"Async Capable": false,"Startup Cost": 24213.98,"Total Cost": 31083.39,"Plan Rows": 57372,"Plan Width": 40,"Actual Startup Time": 132.168,"Actual Total Time": 171.745,"Actual Rows": 118443,"Actual Loops": 1,"Workers Planned": 4,"Workers Launched": 4,"Plans": [{"Node Type": "Sort","Parent Relationship": "Outer","Parallel Aware": false,"Async Capable": false,"Startup Cost": 23213.92,"Total Cost": 23249.78,"Plan Rows": 14343,"Plan Width": 40,"Actual Startup Time": 121.243,"Actual Total Time": 123.732,"Actual Rows": 23689,"Actual Loops": 5,"Sort Key": ["part.p_brand", "part.p_type", "part.p_size"],"Sort Method": "quicksort","Sort Space Used": 2511,"Sort Space Type": "Memory","Workers": [{"Worker Number": 0,"Sort Method": "quicksort","Sort Space Used": 2825,"Sort Space Type": "Memory"},{"Worker Number": 1,"Sort Method": "quicksort","Sort Space Used": 2502,"Sort Space Type": "Memory"},{"Worker Number": 2,"Sort Method": "quicksort","Sort Space Used": 2876,"Sort Space Type": "Memory"},{"Worker Number": 3,"Sort Method": "quicksort","Sort Space Used": 2866,"Sort Space Type": "Memory"}],"Plans": [{"Node Type": "Hash Join","Parent Relationship": "Outer","Parallel Aware": true,"Async Capable": false,"Join Type": "Inner","Startup Cost": 6677.17,"Total Cost": 22223.67,"Plan Rows": 14343,"Plan Width": 40,"Actual Startup Time": 28.569,"Actual Total Time": 79.583,"Actual Rows": 23689,"Actual Loops": 5,"Inner Unique": true,"Hash Cond": "(partsupp.ps_partkey = part.p_partkey)","Workers": [],"Plans": [{"Node Type": "Index Only Scan","Parent Relationship": "Outer","Parallel Aware": true,"Async Capable": false,"Scan Direction": "Forward","Index Name": "partsupp_pkey","Relation Name": "partsupp","Alias": "partsupp","Startup Cost": 347.43,"Total Cost": 15631.43,"Plan Rows": 100000,"Plan Width": 8,"Actual Startup Time": 6.669,"Actual Total Time": 33.020,"Actual Rows": 159936,"Actual Loops": 5,"Filter": "(NOT (hashed SubPlan 1))","Rows Removed by Filter": 64,"Heap Fetches": 0,"Workers": [],"Plans": [{"Node Type": "Seq Scan","Parent Relationship": "SubPlan","Subplan Name": "SubPlan 1","Parallel Aware": false,"Async Capable": false,"Relation Name": "supplier","Alias": "supplier","Startup Cost": 0.00,"Total Cost": 347.00,"Plan Rows": 1,"Plan Width": 4,"Actual Startup Time": 0.144,"Actual Total Time": 6.498,"Actual Rows": 4,"Actual Loops": 5,"Filter": "((s_comment)::text ~~ '%Customer%Complaints%'::text)","Rows Removed by Filter": 9996,"Workers": []}]},{"Node Type": "Hash","Parent Relationship": "Inner","Parallel Aware": true,"Async Capable": false,"Startup Cost": 6180.33,"Total Cost": 6180.33,"Plan Rows": 11953,"Plan Width": 40,"Actual Startup Time": 21.608,"Actual Total Time": 21.612,"Actual Rows": 5924,"Actual Loops": 5,"Hash Buckets": 32768,"Original Hash Buckets": 32768,"Hash Batches": 1,"Original Hash Batches": 1,"Peak Memory Usage": 2528,"Workers": [],"Plans": [{"Node Type": "Seq Scan","Parent Relationship": "Outer","Parallel Aware": true,"Async Capable": false,"Relation Name": "part","Alias": "part","Startup Cost": 0.00,"Total Cost": 6180.33,"Plan Rows": 11953,"Plan Width": 40,"Actual Startup Time": 0.065,"Actual Total Time": 17.885,"Actual Rows": 5924,"Actual Loops": 5,"Filter": "((p_brand <> 'Brand#51'::bpchar) AND ((p_type)::text !~~ 'ECONOMY BRUSHED%'::text) AND (p_size = ANY ('{35,8,43,7,24,39,36,40}'::integer[])))","Rows Removed by Filter": 34076,"Workers": []}]}]}]}]}]}]},"Planning Time": 4.790,"Triggers": [],"Execution Time": 240.862}]
[{"Plan": {"Node Type": "Sort","Parallel Aware": false,"Async Capable": false,"Startup Cost": 33460.70,"Total Cost": 33501.07,"Plan Rows": 16150,"Plan Width": 44,"Actual Startup Time": 266.008,"Actual Total Time": 267.871,"Actual Rows": 18311,"Actual Loops": 1,"Sort Key": ["(count(DISTINCT partsupp.ps_suppkey)) DESC", "part.p_brand", "part.p_type", "part.p_size"],"Sort Method": "quicksort","Sort Space Used": 2341,"Sort Space Type": "Memory","Plans": [{"Node Type": "Aggregate","Strategy": "Sorted","Partial Mode": "Simple","Parent Relationship": "Outer","Parallel Aware": false,"Async Capable": false,"Startup Cost": 24287.57,"Total Cost": 32331.87,"Plan Rows": 16150,"Plan Width": 44,"Actual Startup Time": 155.755,"Actual Total Time": 226.478,"Actual Rows": 18311,"Actual Loops": 1,"Group Key": ["part.p_brand", "part.p_type", "part.p_size"],"Plans": [{"Node Type": "Gather Merge","Parent Relationship": "Outer","Parallel Aware": false,"Async Capable": false,"Startup Cost": 24287.57,"Total Cost": 31562.76,"Plan Rows": 60761,"Plan Width": 40,"Actual Startup Time": 155.697,"Actual Total Time": 196.893,"Actual Rows": 119042,"Actual Loops": 1,"Workers Planned": 4,"Workers Launched": 4,"Plans": [{"Node Type": "Sort","Parent Relationship": "Outer","Parallel Aware": false,"Async Capable": false,"Startup Cost": 23287.51,"Total Cost": 23325.48,"Plan Rows": 15190,"Plan Width": 40,"Actual Startup Time": 129.109,"Actual Total Time": 131.894,"Actual Rows": 23808,"Actual Loops": 5,"Sort Key": ["part.p_brand", "part.p_type", "part.p_size"],"Sort Method": "quicksort","Sort Space Used": 2417,"Sort Space Type": "Memory","Workers": [{"Worker Number": 0,"Sort Method": "quicksort","Sort Space Used": 2850,"Sort Space Type": "Memory"},{"Worker Number": 1,"Sort Method": "quicksort","Sort Space Used": 2782,"Sort Space Type": "Memory"},{"Worker Number": 2,"Sort Method": "quicksort","Sort Space Used": 2781,"Sort Space Type": "Memory"},{"Worker Number": 3,"Sort Method": "quicksort","Sort Space Used": 2796,"Sort Space Type": "Memory"}],"Plans": [{"Node Type": "Hash Join","Parent Relationship": "Outer","Parallel Aware": true,"Async Capable": false,"Join Type": "Inner","Startup Cost": 6686.00,"Total Cost": 22232.50,"Plan Rows": 15190,"Plan Width": 40,"Actual Startup Time": 30.239,"Actual Total Time": 79.634,"Actual Rows": 23808,"Actual Loops": 5,"Inner Unique": true,"Hash Cond": "(partsupp.ps_partkey = part.p_partkey)","Workers": [],"Plans": [{"Node Type": "Index Only Scan","Parent Relationship": "Outer","Parallel Aware": true,"Async Capable": false,"Scan Direction": "Forward","Index Name": "partsupp_pkey","Relation Name": "partsupp","Alias": "partsupp","Startup Cost": 347.43,"Total Cost": 15631.43,"Plan Rows": 100000,"Plan Width": 8,"Actual Startup Time": 7.097,"Actual Total Time": 32.922,"Actual Rows": 159936,"Actual Loops": 5,"Filter": "(NOT (hashed SubPlan 1))","Rows Removed by Filter": 64,"Heap Fetches": 0,"Workers": [],"Plans": [{"Node Type": "Seq Scan","Parent Relationship": "SubPlan","Subplan Name": "SubPlan 1","Parallel Aware": false,"Async Capable": false,"Relation Name": "supplier","Alias": "supplier","Startup Cost": 0.00,"Total Cost": 347.00,"Plan Rows": 1,"Plan Width": 4,"Actual Startup Time": 0.164,"Actual Total Time": 6.933,"Actual Rows": 4,"Actual Loops": 5,"Filter": "((s_comment)::text ~~ '%Customer%Complaints%'::text)","Rows Removed by Filter": 9996,"Workers": []}]},{"Node Type": "Hash","Parent Relationship": "Inner","Parallel Aware": true,"Async Capable": false,"Startup Cost": 6180.33,"Total Cost": 6180.33,"Plan Rows": 12659,"Plan Width": 40,"Actual Startup Time": 22.872,"Actual Total Time": 22.878,"Actual Rows": 5955,"Actual Loops": 5,"Hash Buckets": 32768,"Original Hash Buckets": 32768,"Hash Batches": 1,"Original Hash Batches": 1,"Peak Memory Usage": 2560,"Workers": [],"Plans": [{"Node Type": "Seq Scan","Parent Relationship": "Outer","Parallel Aware": true,"Async Capable": false,"Relation Name": "part","Alias": "part","Startup Cost": 0.00,"Total Cost": 6180.33,"Plan Rows": 12659,"Plan Width": 40,"Actual Startup Time": 0.060,"Actual Total Time": 19.094,"Actual Rows": 5955,"Actual Loops": 5,"Filter": "((p_brand <> 'Brand#13'::bpchar) AND ((p_type)::text !~~ 'STANDARD PLATED%'::text) AND (p_size = ANY ('{6,32,29,45,5,2,33,46}'::integer[])))","Rows Removed by Filter": 34045,"Workers": []}]}]}]}]}]}]},"Planning Time": 4.961,"Triggers": [],"Execution Time": 268.760}]
[{"Plan": {"Node Type": "Sort","Parallel Aware": false,"Async Capable": false,"Startup Cost": 33524.96,"Total Cost": 33565.45,"Plan Rows": 16195,"Plan Width": 44,"Actual Startup Time": 237.870,"Actual Total Time": 239.622,"Actual Rows": 18357,"Actual Loops": 1,"Sort Key": ["(count(DISTINCT partsupp.ps_suppkey)) DESC", "part.p_brand", "part.p_type", "part.p_size"],"Sort Method": "quicksort","Sort Space Used": 2345,"Sort Space Type": "Memory","Plans": [{"Node Type": "Aggregate","Strategy": "Sorted","Partial Mode": "Simple","Parent Relationship": "Outer","Parallel Aware": false,"Async Capable": false,"Startup Cost": 24296.27,"Total Cost": 32392.66,"Plan Rows": 16195,"Plan Width": 44,"Actual Startup Time": 134.326,"Actual Total Time": 200.485,"Actual Rows": 18357,"Actual Loops": 1,"Group Key": ["part.p_brand", "part.p_type", "part.p_size"],"Plans": [{"Node Type": "Gather Merge","Parent Relationship": "Outer","Parallel Aware": false,"Async Capable": false,"Startup Cost": 24296.27,"Total Cost": 31619.12,"Plan Rows": 61159,"Plan Width": 40,"Actual Startup Time": 134.277,"Actual Total Time": 172.859,"Actual Rows": 119796,"Actual Loops": 1,"Workers Planned": 4,"Workers Launched": 4,"Plans": [{"Node Type": "Sort","Parent Relationship": "Outer","Parallel Aware": false,"Async Capable": false,"Startup Cost": 23296.21,"Total Cost": 23334.44,"Plan Rows": 15290,"Plan Width": 40,"Actual Startup Time": 123.027,"Actual Total Time": 125.326,"Actual Rows": 23959,"Actual Loops": 5,"Sort Key": ["part.p_brand", "part.p_type", "part.p_size"],"Sort Method": "quicksort","Sort Space Used": 2540,"Sort Space Type": "Memory","Workers": [{"Worker Number": 0,"Sort Method": "quicksort","Sort Space Used": 2908,"Sort Space Type": "Memory"},{"Worker Number": 1,"Sort Method": "quicksort","Sort Space Used": 2896,"Sort Space Type": "Memory"},{"Worker Number": 2,"Sort Method": "quicksort","Sort Space Used": 2482,"Sort Space Type": "Memory"},{"Worker Number": 3,"Sort Method": "quicksort","Sort Space Used": 2893,"Sort Space Type": "Memory"}],"Plans": [{"Node Type": "Hash Join","Parent Relationship": "Outer","Parallel Aware": true,"Async Capable": false,"Join Type": "Inner","Startup Cost": 6687.04,"Total Cost": 22233.54,"Plan Rows": 15290,"Plan Width": 40,"Actual Startup Time": 29.734,"Actual Total Time": 80.791,"Actual Rows": 23959,"Actual Loops": 5,"Inner Unique": true,"Hash Cond": "(partsupp.ps_partkey = part.p_partkey)","Workers": [],"Plans": [{"Node Type": "Index Only Scan","Parent Relationship": "Outer","Parallel Aware": true,"Async Capable": false,"Scan Direction": "Forward","Index Name": "partsupp_pkey","Relation Name": "partsupp","Alias": "partsupp","Startup Cost": 347.43,"Total Cost": 15631.43,"Plan Rows": 100000,"Plan Width": 8,"Actual Startup Time": 6.823,"Actual Total Time": 33.136,"Actual Rows": 159936,"Actual Loops": 5,"Filter": "(NOT (hashed SubPlan 1))","Rows Removed by Filter": 64,"Heap Fetches": 0,"Workers": [],"Plans": [{"Node Type": "Seq Scan","Parent Relationship": "SubPlan","Subplan Name": "SubPlan 1","Parallel Aware": false,"Async Capable": false,"Relation Name": "supplier","Alias": "supplier","Startup Cost": 0.00,"Total Cost": 347.00,"Plan Rows": 1,"Plan Width": 4,"Actual Startup Time": 0.164,"Actual Total Time": 6.667,"Actual Rows": 4,"Actual Loops": 5,"Filter": "((s_comment)::text ~~ '%Customer%Complaints%'::text)","Rows Removed by Filter": 9996,"Workers": []}]},{"Node Type": "Hash","Parent Relationship": "Inner","Parallel Aware": true,"Async Capable": false,"Startup Cost": 6180.33,"Total Cost": 6180.33,"Plan Rows": 12742,"Plan Width": 40,"Actual Startup Time": 22.667,"Actual Total Time": 22.670,"Actual Rows": 5992,"Actual Loops": 5,"Hash Buckets": 32768,"Original Hash Buckets": 32768,"Hash Batches": 1,"Original Hash Batches": 1,"Peak Memory Usage": 2592,"Workers": [],"Plans": [{"Node Type": "Seq Scan","Parent Relationship": "Outer","Parallel Aware": true,"Async Capable": false,"Relation Name": "part","Alias": "part","Startup Cost": 0.00,"Total Cost": 6180.33,"Plan Rows": 12742,"Plan Width": 40,"Actual Startup Time": 0.048,"Actual Total Time": 18.909,"Actual Rows": 5992,"Actual Loops": 5,"Filter": "((p_brand <> 'Brand#51'::bpchar) AND ((p_type)::text !~~ 'SMALL BRUSHED%'::text) AND (p_size = ANY ('{7,11,9,25,4,30,46,3}'::integer[])))","Rows Removed by Filter": 34008,"Workers": []}]}]}]}]}]}]},"Planning Time": 5.433,"Triggers": [],"Execution Time": 240.489}]
[{"Plan": {"Node Type": "Sort","Parallel Aware": false,"Async Capable": false,"Startup Cost": 33197.84,"Total Cost": 33237.74,"Plan Rows": 15961,"Plan Width": 44,"Actual Startup Time": 234.598,"Actual Total Time": 236.494,"Actual Rows": 18293,"Actual Loops": 1,"Sort Key": ["(count(DISTINCT partsupp.ps_suppkey)) DESC", "part.p_brand", "part.p_type", "part.p_size"],"Sort Method": "quicksort","Sort Space Used": 2340,"Sort Space Type": "Memory","Plans": [{"Node Type": "Aggregate","Strategy": "Sorted","Partial Mode": "Simple","Parent Relationship": "Outer","Parallel Aware": false,"Async Capable": false,"Startup Cost": 24252.24,"Total Cost": 32083.58,"Plan Rows": 15961,"Plan Width": 44,"Actual Startup Time": 129.652,"Actual Total Time": 196.388,"Actual Rows": 18293,"Actual Loops": 1,"Group Key": ["part.p_brand", "part.p_type", "part.p_size"],"Plans": [{"Node Type": "Gather Merge","Parent Relationship": "Outer","Parallel Aware": false,"Async Capable": false,"Startup Cost": 24252.24,"Total Cost": 31332.63,"Plan Rows": 59134,"Plan Width": 40,"Actual Startup Time": 129.587,"Actual Total Time": 168.949,"Actual Rows": 119003,"Actual Loops": 1,"Workers Planned": 4,"Workers Launched": 4,"Plans": [{"Node Type": "Sort","Parent Relationship": "Outer","Parallel Aware": false,"Async Capable": false,"Startup Cost": 23252.18,"Total Cost": 23289.14,"Plan Rows": 14784,"Plan Width": 40,"Actual Startup Time": 121.451,"Actual Total Time": 123.950,"Actual Rows": 23801,"Actual Loops": 5,"Sort Key": ["part.p_brand", "part.p_type", "part.p_size"],"Sort Method": "quicksort","Sort Space Used": 2682,"Sort Space Type": "Memory","Workers": [{"Worker Number": 0,"Sort Method": "quicksort","Sort Space Used": 2739,"Sort Space Type": "Memory"},{"Worker Number": 1,"Sort Method": "quicksort","Sort Space Used": 2777,"Sort Space Type": "Memory"},{"Worker Number": 2,"Sort Method": "quicksort","Sort Space Used": 2679,"Sort Space Type": "Memory"},{"Worker Number": 3,"Sort Method": "quicksort","Sort Space Used": 2777,"Sort Space Type": "Memory"}],"Plans": [{"Node Type": "Hash Join","Parent Relationship": "Outer","Parallel Aware": true,"Async Capable": false,"Join Type": "Inner","Startup Cost": 6681.76,"Total Cost": 22228.26,"Plan Rows": 14784,"Plan Width": 40,"Actual Startup Time": 29.404,"Actual Total Time": 79.727,"Actual Rows": 23801,"Actual Loops": 5,"Inner Unique": true,"Hash Cond": "(partsupp.ps_partkey = part.p_partkey)","Workers": [],"Plans": [{"Node Type": "Index Only Scan","Parent Relationship": "Outer","Parallel Aware": true,"Async Capable": false,"Scan Direction": "Forward","Index Name": "partsupp_pkey","Relation Name": "partsupp","Alias": "partsupp","Startup Cost": 347.43,"Total Cost": 15631.43,"Plan Rows": 100000,"Plan Width": 8,"Actual Startup Time": 7.222,"Actual Total Time": 32.284,"Actual Rows": 159936,"Actual Loops": 5,"Filter": "(NOT (hashed SubPlan 1))","Rows Removed by Filter": 64,"Heap Fetches": 0,"Workers": [],"Plans": [{"Node Type": "Seq Scan","Parent Relationship": "SubPlan","Subplan Name": "SubPlan 1","Parallel Aware": false,"Async Capable": false,"Relation Name": "supplier","Alias": "supplier","Startup Cost": 0.00,"Total Cost": 347.00,"Plan Rows": 1,"Plan Width": 4,"Actual Startup Time": 0.124,"Actual Total Time": 7.069,"Actual Rows": 4,"Actual Loops": 5,"Filter": "((s_comment)::text ~~ '%Customer%Complaints%'::text)","Rows Removed by Filter": 9996,"Workers": []}]},{"Node Type": "Hash","Parent Relationship": "Inner","Parallel Aware": true,"Async Capable": false,"Startup Cost": 6180.33,"Total Cost": 6180.33,"Plan Rows": 12320,"Plan Width": 40,"Actual Startup Time": 21.896,"Actual Total Time": 21.901,"Actual Rows": 5953,"Actual Loops": 5,"Hash Buckets": 32768,"Original Hash Buckets": 32768,"Hash Batches": 1,"Original Hash Batches": 1,"Peak Memory Usage": 2560,"Workers": [],"Plans": [{"Node Type": "Seq Scan","Parent Relationship": "Outer","Parallel Aware": true,"Async Capable": false,"Relation Name": "part","Alias": "part","Startup Cost": 0.00,"Total Cost": 6180.33,"Plan Rows": 12320,"Plan Width": 40,"Actual Startup Time": 0.056,"Actual Total Time": 18.351,"Actual Rows": 5953,"Actual Loops": 5,"Filter": "((p_brand <> 'Brand#33'::bpchar) AND ((p_type)::text !~~ 'MEDIUM PLATED%'::text) AND (p_size = ANY ('{39,44,16,19,30,50,22,12}'::integer[])))","Rows Removed by Filter": 34047,"Workers": []}]}]}]}]}]}]},"Planning Time": 3.946,"Triggers": [],"Execution Time": 237.789}]
[{"Plan": {"Node Type": "Sort","Parallel Aware": false,"Async Capable": false,"Startup Cost": 33192.29,"Total Cost": 33232.18,"Plan Rows": 15957,"Plan Width": 44,"Actual Startup Time": 238.871,"Actual Total Time": 240.572,"Actual Rows": 18266,"Actual Loops": 1,"Sort Key": ["(count(DISTINCT partsupp.ps_suppkey)) DESC", "part.p_brand", "part.p_type", "part.p_size"],"Sort Method": "quicksort","Sort Space Used": 2337,"Sort Space Type": "Memory","Plans": [{"Node Type": "Aggregate","Strategy": "Sorted","Partial Mode": "Simple","Parent Relationship": "Outer","Parallel Aware": false,"Async Capable": false,"Startup Cost": 24251.45,"Total Cost": 32078.34,"Plan Rows": 15957,"Plan Width": 44,"Actual Startup Time": 134.653,"Actual Total Time": 200.662,"Actual Rows": 18266,"Actual Loops": 1,"Group Key": ["part.p_brand", "part.p_type", "part.p_size"],"Plans": [{"Node Type": "Gather Merge","Parent Relationship": "Outer","Parallel Aware": false,"Async Capable": false,"Startup Cost": 24251.45,"Total Cost": 31327.77,"Plan Rows": 59100,"Plan Width": 40,"Actual Startup Time": 134.597,"Actual Total Time": 173.083,"Actual Rows": 118691,"Actual Loops": 1,"Workers Planned": 4,"Workers Launched": 4,"Plans": [{"Node Type": "Sort","Parent Relationship": "Outer","Parallel Aware": false,"Async Capable": false,"Startup Cost": 23251.39,"Total Cost": 23288.33,"Plan Rows": 14775,"Plan Width": 40,"Actual Startup Time": 124.901,"Actual Total Time": 127.638,"Actual Rows": 23738,"Actual Loops": 5,"Sort Key": ["part.p_brand", "part.p_type", "part.p_size"],"Sort Method": "quicksort","Sort Space Used": 2454,"Sort Space Type": "Memory","Workers": [{"Worker Number": 0,"Sort Method": "quicksort","Sort Space Used": 2863,"Sort Space Type": "Memory"},{"Worker Number": 1,"Sort Method": "quicksort","Sort Space Used": 2597,"Sort Space Type": "Memory"},{"Worker Number": 2,"Sort Method": "quicksort","Sort Space Used": 2822,"Sort Space Type": "Memory"},{"Worker Number": 3,"Sort Method": "quicksort","Sort Space Used": 2867,"Sort Space Type": "Memory"}],"Plans": [{"Node Type": "Hash Join","Parent Relationship": "Outer","Parallel Aware": true,"Async Capable": false,"Join Type": "Inner","Startup Cost": 6681.66,"Total Cost": 22228.16,"Plan Rows": 14775,"Plan Width": 40,"Actual Startup Time": 31.539,"Actual Total Time": 81.960,"Actual Rows": 23738,"Actual Loops": 5,"Inner Unique": true,"Hash Cond": "(partsupp.ps_partkey = part.p_partkey)","Workers": [],"Plans": [{"Node Type": "Index Only Scan","Parent Relationship": "Outer","Parallel Aware": true,"Async Capable": false,"Scan Direction": "Forward","Index Name": "partsupp_pkey","Relation Name": "partsupp","Alias": "partsupp","Startup Cost": 347.43,"Total Cost": 15631.43,"Plan Rows": 100000,"Plan Width": 8,"Actual Startup Time": 6.771,"Actual Total Time": 32.978,"Actual Rows": 159936,"Actual Loops": 5,"Filter": "(NOT (hashed SubPlan 1))","Rows Removed by Filter": 64,"Heap Fetches": 0,"Workers": [],"Plans": [{"Node Type": "Seq Scan","Parent Relationship": "SubPlan","Subplan Name": "SubPlan 1","Parallel Aware": false,"Async Capable": false,"Relation Name": "supplier","Alias": "supplier","Startup Cost": 0.00,"Total Cost": 347.00,"Plan Rows": 1,"Plan Width": 4,"Actual Startup Time": 0.138,"Actual Total Time": 6.615,"Actual Rows": 4,"Actual Loops": 5,"Filter": "((s_comment)::text ~~ '%Customer%Complaints%'::text)","Rows Removed by Filter": 9996,"Workers": []}]},{"Node Type": "Hash","Parent Relationship": "Inner","Parallel Aware": true,"Async Capable": false,"Startup Cost": 6180.33,"Total Cost": 6180.33,"Plan Rows": 12312,"Plan Width": 40,"Actual Startup Time": 24.492,"Actual Total Time": 24.496,"Actual Rows": 5937,"Actual Loops": 5,"Hash Buckets": 32768,"Original Hash Buckets": 32768,"Hash Batches": 1,"Original Hash Batches": 1,"Peak Memory Usage": 2560,"Workers": [],"Plans": [{"Node Type": "Seq Scan","Parent Relationship": "Outer","Parallel Aware": true,"Async Capable": false,"Relation Name": "part","Alias": "part","Startup Cost": 0.00,"Total Cost": 6180.33,"Plan Rows": 12312,"Plan Width": 40,"Actual Startup Time": 0.060,"Actual Total Time": 20.560,"Actual Rows": 5937,"Actual Loops": 5,"Filter": "((p_brand <> 'Brand#35'::bpchar) AND ((p_type)::text !~~ 'MEDIUM POLISHED%'::text) AND (p_size = ANY ('{11,43,12,1,27,48,2,24}'::integer[])))","Rows Removed by Filter": 34063,"Workers": []}]}]}]}]}]}]},"Planning Time": 4.293,"Triggers": [],"Execution Time": 241.450}]
[{"Plan": {"Node Type": "Sort","Parallel Aware": false,"Async Capable": false,"Startup Cost": 33328.62,"Total Cost": 33368.76,"Plan Rows": 16056,"Plan Width": 44,"Actual Startup Time": 235.073,"Actual Total Time": 236.928,"Actual Rows": 18296,"Actual Loops": 1,"Sort Key": ["(count(DISTINCT partsupp.ps_suppkey)) DESC", "part.p_brand", "part.p_type", "part.p_size"],"Sort Method": "quicksort","Sort Space Used": 2340,"Sort Space Type": "Memory","Plans": [{"Node Type": "Aggregate","Strategy": "Sorted","Partial Mode": "Simple","Parent Relationship": "Outer","Parallel Aware": false,"Async Capable": false,"Startup Cost": 24269.80,"Total Cost": 32207.04,"Plan Rows": 16056,"Plan Width": 44,"Actual Startup Time": 130.729,"Actual Total Time": 196.682,"Actual Rows": 18296,"Actual Loops": 1,"Group Key": ["part.p_brand", "part.p_type", "part.p_size"],"Plans": [{"Node Type": "Gather Merge","Parent Relationship": "Outer","Parallel Aware": false,"Async Capable": false,"Startup Cost": 24269.80,"Total Cost": 31447.05,"Plan Rows": 59943,"Plan Width": 40,"Actual Startup Time": 130.670,"Actual Total Time": 169.401,"Actual Rows": 118083,"Actual Loops": 1,"Workers Planned": 4,"Workers Launched": 4,"Plans": [{"Node Type": "Sort","Parent Relationship": "Outer","Parallel Aware": false,"Async Capable": false,"Startup Cost": 23269.74,"Total Cost": 23307.20,"Plan Rows": 14986,"Plan Width": 40,"Actual Startup Time": 122.261,"Actual Total Time": 124.387,"Actual Rows": 23617,"Actual Loops": 5,"Sort Key": ["part.p_brand", "part.p_type", "part.p_size"],"Sort Method": "quicksort","Sort Space Used": 2671,"Sort Space Type": "Memory","Workers": [{"Worker Number": 0,"Sort Method": "quicksort","Sort Space Used": 2716,"Sort Space Type": "Memory"},{"Worker Number": 1,"Sort Method": "quicksort","Sort Space Used": 2688,"Sort Space Type": "Memory"},{"Worker Number": 2,"Sort Method": "quicksort","Sort Space Used": 2742,"Sort Space Type": "Memory"},{"Worker Number": 3,"Sort Method": "quicksort","Sort Space Used": 2754,"Sort Space Type": "Memory"}],"Plans": [{"Node Type": "Hash Join","Parent Relationship": "Outer","Parallel Aware": true,"Async Capable": false,"Join Type": "Inner","Startup Cost": 6683.86,"Total Cost": 22230.36,"Plan Rows": 14986,"Plan Width": 40,"Actual Startup Time": 30.330,"Actual Total Time": 81.062,"Actual Rows": 23617,"Actual Loops": 5,"Inner Unique": true,"Hash Cond": "(partsupp.ps_partkey = part.p_partkey)","Workers": [],"Plans": [{"Node Type": "Index Only Scan","Parent Relationship": "Outer","Parallel Aware": true,"Async Capable": false,"Scan Direction": "Forward","Index Name": "partsupp_pkey","Relation Name": "partsupp","Alias": "partsupp","Startup Cost": 347.43,"Total Cost": 15631.43,"Plan Rows": 100000,"Plan Width": 8,"Actual Startup Time": 7.654,"Actual Total Time": 32.788,"Actual Rows": 159936,"Actual Loops": 5,"Filter": "(NOT (hashed SubPlan 1))","Rows Removed by Filter": 64,"Heap Fetches": 0,"Workers": [],"Plans": [{"Node Type": "Seq Scan","Parent Relationship": "SubPlan","Subplan Name": "SubPlan 1","Parallel Aware": false,"Async Capable": false,"Relation Name": "supplier","Alias": "supplier","Startup Cost": 0.00,"Total Cost": 347.00,"Plan Rows": 1,"Plan Width": 4,"Actual Startup Time": 0.135,"Actual Total Time": 7.522,"Actual Rows": 4,"Actual Loops": 5,"Filter": "((s_comment)::text ~~ '%Customer%Complaints%'::text)","Rows Removed by Filter": 9996,"Workers": []}]},{"Node Type": "Hash","Parent Relationship": "Inner","Parallel Aware": true,"Async Capable": false,"Startup Cost": 6180.33,"Total Cost": 6180.33,"Plan Rows": 12488,"Plan Width": 40,"Actual Startup Time": 22.391,"Actual Total Time": 22.394,"Actual Rows": 5907,"Actual Loops": 5,"Hash Buckets": 32768,"Original Hash Buckets": 32768,"Hash Batches": 1,"Original Hash Batches": 1,"Peak Memory Usage": 2528,"Workers": [],"Plans": [{"Node Type": "Seq Scan","Parent Relationship": "Outer","Parallel Aware": true,"Async Capable": false,"Relation Name": "part","Alias": "part","Startup Cost": 0.00,"Total Cost": 6180.33,"Plan Rows": 12488,"Plan Width": 40,"Actual Startup Time": 0.063,"Actual Total Time": 18.879,"Actual Rows": 5907,"Actual Loops": 5,"Filter": "((p_brand <> 'Brand#55'::bpchar) AND ((p_type)::text !~~ 'SMALL BRUSHED%'::text) AND (p_size = ANY ('{28,26,17,45,3,7,19,10}'::integer[])))","Rows Removed by Filter": 34093,"Workers": []}]}]}]}]}]}]},"Planning Time": 4.946,"Triggers": [],"Execution Time": 238.192}]
[{"Plan": {"Node Type": "Sort","Parallel Aware": false,"Async Capable": false,"Startup Cost": 32896.04,"Total Cost": 32935.38,"Plan Rows": 15735,"Plan Width": 44,"Actual Startup Time": 238.817,"Actual Total Time": 240.667,"Actual Rows": 18232,"Actual Loops": 1,"Sort Key": ["(count(DISTINCT partsupp.ps_suppkey)) DESC", "part.p_brand", "part.p_type", "part.p_size"],"Sort Method": "quicksort","Sort Space Used": 2335,"Sort Space Type": "Memory","Plans": [{"Node Type": "Aggregate","Strategy": "Sorted","Partial Mode": "Simple","Parent Relationship": "Outer","Parallel Aware": false,"Async Capable": false,"Startup Cost": 24211.80,"Total Cost": 31799.18,"Plan Rows": 15735,"Plan Width": 44,"Actual Startup Time": 132.619,"Actual Total Time": 200.663,"Actual Rows": 18232,"Actual Loops": 1,"Group Key": ["part.p_brand", "part.p_type", "part.p_size"],"Plans": [{"Node Type": "Gather Merge","Parent Relationship": "Outer","Parallel Aware": false,"Async Capable": false,"Startup Cost": 24211.80,"Total Cost": 31069.12,"Plan Rows": 57271,"Plan Width": 40,"Actual Startup Time": 132.552,"Actual Total Time": 172.276,"Actual Rows": 119244,"Actual Loops": 1,"Workers Planned": 4,"Workers Launched": 4,"Plans": [{"Node Type": "Sort","Parent Relationship": "Outer","Parallel Aware": false,"Async Capable": false,"Startup Cost": 23211.74,"Total Cost": 23247.53,"Plan Rows": 14318,"Plan Width": 40,"Actual Startup Time": 120.939,"Actual Total Time": 123.629,"Actual Rows": 23849,"Actual Loops": 5,"Sort Key": ["part.p_brand", "part.p_type", "part.p_size"],"Sort Method": "quicksort","Sort Space Used": 2443,"Sort Space Type": "Memory","Workers": [{"Worker Number": 0,"Sort Method": "quicksort","Sort Space Used": 2919,"Sort Space Type": "Memory"},{"Worker Number": 1,"Sort Method": "quicksort","Sort Space Used": 2426,"Sort Space Type": "Memory"},{"Worker Number": 2,"Sort Method": "quicksort","Sort Space Used": 2942,"Sort Space Type": "Memory"},{"Worker Number": 3,"Sort Method": "quicksort","Sort Space Used": 2928,"Sort Space Type": "Memory"}],"Plans": [{"Node Type": "Hash Join","Parent Relationship": "Outer","Parallel Aware": true,"Async Capable": false,"Join Type": "Inner","Startup Cost": 6676.90,"Total Cost": 22223.40,"Plan Rows": 14318,"Plan Width": 40,"Actual Startup Time": 29.200,"Actual Total Time": 79.189,"Actual Rows": 23849,"Actual Loops": 5,"Inner Unique": true,"Hash Cond": "(partsupp.ps_partkey = part.p_partkey)","Workers": [],"Plans": [{"Node Type": "Index Only Scan","Parent Relationship": "Outer","Parallel Aware": true,"Async Capable": false,"Scan Direction": "Forward","Index Name": "partsupp_pkey","Relation Name": "partsupp","Alias": "partsupp","Startup Cost": 347.43,"Total Cost": 15631.43,"Plan Rows": 100000,"Plan Width": 8,"Actual Startup Time": 7.555,"Actual Total Time": 32.435,"Actual Rows": 159936,"Actual Loops": 5,"Filter": "(NOT (hashed SubPlan 1))","Rows Removed by Filter": 64,"Heap Fetches": 0,"Workers": [],"Plans": [{"Node Type": "Seq Scan","Parent Relationship": "SubPlan","Subplan Name": "SubPlan 1","Parallel Aware": false,"Async Capable": false,"Relation Name": "supplier","Alias": "supplier","Startup Cost": 0.00,"Total Cost": 347.00,"Plan Rows": 1,"Plan Width": 4,"Actual Startup Time": 0.139,"Actual Total Time": 7.385,"Actual Rows": 4,"Actual Loops": 5,"Filter": "((s_comment)::text ~~ '%Customer%Complaints%'::text)","Rows Removed by Filter": 9996,"Workers": []}]},{"Node Type": "Hash","Parent Relationship": "Inner","Parallel Aware": true,"Async Capable": false,"Startup Cost": 6180.33,"Total Cost": 6180.33,"Plan Rows": 11931,"Plan Width": 40,"Actual Startup Time": 21.410,"Actual Total Time": 21.414,"Actual Rows": 5965,"Actual Loops": 5,"Hash Buckets": 32768,"Original Hash Buckets": 32768,"Hash Batches": 1,"Original Hash Batches": 1,"Peak Memory Usage": 2592,"Workers": [],"Plans": [{"Node Type": "Seq Scan","Parent Relationship": "Outer","Parallel Aware": true,"Async Capable": false,"Relation Name": "part","Alias": "part","Startup Cost": 0.00,"Total Cost": 6180.33,"Plan Rows": 11931,"Plan Width": 40,"Actual Startup Time": 0.064,"Actual Total Time": 17.872,"Actual Rows": 5965,"Actual Loops": 5,"Filter": "((p_brand <> 'Brand#54'::bpchar) AND ((p_type)::text !~~ 'MEDIUM BRUSHED%'::text) AND (p_size = ANY ('{7,13,35,27,23,12,3,8}'::integer[])))","Rows Removed by Filter": 34035,"Workers": []}]}]}]}]}]}]},"Planning Time": 5.496,"Triggers": [],"Execution Time": 241.740}]
[{"Plan": {"Node Type": "Sort","Parallel Aware": false,"Async Capable": false,"Startup Cost": 33096.46,"Total Cost": 33136.17,"Plan Rows": 15886,"Plan Width": 44,"Actual Startup Time": 235.822,"Actual Total Time": 237.859,"Actual Rows": 18217,"Actual Loops": 1,"Sort Key": ["(count(DISTINCT partsupp.ps_suppkey)) DESC", "part.p_brand", "part.p_type", "part.p_size"],"Sort Method": "quicksort","Sort Space Used": 2333,"Sort Space Type": "Memory","Plans": [{"Node Type": "Aggregate","Strategy": "Sorted","Partial Mode": "Simple","Parent Relationship": "Outer","Parallel Aware": false,"Async Capable": false,"Startup Cost": 24238.60,"Total Cost": 31987.98,"Plan Rows": 15886,"Plan Width": 44,"Actual Startup Time": 132.079,"Actual Total Time": 198.205,"Actual Rows": 18217,"Actual Loops": 1,"Group Key": ["part.p_brand", "part.p_type", "part.p_size"],"Plans": [{"Node Type": "Gather Merge","Parent Relationship": "Outer","Parallel Aware": false,"Async Capable": false,"Startup Cost": 24238.60,"Total Cost": 31244.04,"Plan Rows": 58508,"Plan Width": 40,"Actual Startup Time": 132.004,"Actual Total Time": 170.743,"Actual Rows": 118736,"Actual Loops": 1,"Workers Planned": 4,"Workers Launched": 4,"Plans": [{"Node Type": "Sort","Parent Relationship": "Outer","Parallel Aware": false,"Async Capable": false,"Startup Cost": 23238.54,"Total Cost": 23275.11,"Plan Rows": 14627,"Plan Width": 40,"Actual Startup Time": 121.505,"Actual Total Time": 123.893,"Actual Rows": 23747,"Actual Loops": 5,"Sort Key": ["part.p_brand", "part.p_type", "part.p_size"],"Sort Method": "quicksort","Sort Space Used": 2664,"Sort Space Type": "Memory","Workers": [{"Worker Number": 0,"Sort Method": "quicksort","Sort Space Used": 2563,"Sort Space Type": "Memory"},{"Worker Number": 1,"Sort Method": "quicksort","Sort Space Used": 2863,"Sort Space Type": "Memory"},{"Worker Number": 2,"Sort Method": "quicksort","Sort Space Used": 2659,"Sort Space Type": "Memory"},{"Worker Number": 3,"Sort Method": "quicksort","Sort Space Used": 2857,"Sort Space Type": "Memory"}],"Plans": [{"Node Type": "Hash Join","Parent Relationship": "Outer","Parallel Aware": true,"Async Capable": false,"Join Type": "Inner","Startup Cost": 6680.12,"Total Cost": 22226.62,"Plan Rows": 14627,"Plan Width": 40,"Actual Startup Time": 29.768,"Actual Total Time": 80.146,"Actual Rows": 23747,"Actual Loops": 5,"Inner Unique": true,"Hash Cond": "(partsupp.ps_partkey = part.p_partkey)","Workers": [],"Plans": [{"Node Type": "Index Only Scan","Parent Relationship": "Outer","Parallel Aware": true,"Async Capable": false,"Scan Direction": "Forward","Index Name": "partsupp_pkey","Relation Name": "partsupp","Alias": "partsupp","Startup Cost": 347.43,"Total Cost": 15631.43,"Plan Rows": 100000,"Plan Width": 8,"Actual Startup Time": 7.149,"Actual Total Time": 32.980,"Actual Rows": 159936,"Actual Loops": 5,"Filter": "(NOT (hashed SubPlan 1))","Rows Removed by Filter": 64,"Heap Fetches": 0,"Workers": [],"Plans": [{"Node Type": "Seq Scan","Parent Relationship": "SubPlan","Subplan Name": "SubPlan 1","Parallel Aware": false,"Async Capable": false,"Relation Name": "supplier","Alias": "supplier","Startup Cost": 0.00,"Total Cost": 347.00,"Plan Rows": 1,"Plan Width": 4,"Actual Startup Time": 0.140,"Actual Total Time": 6.985,"Actual Rows": 4,"Actual Loops": 5,"Filter": "((s_comment)::text ~~ '%Customer%Complaints%'::text)","Rows Removed by Filter": 9996,"Workers": []}]},{"Node Type": "Hash","Parent Relationship": "Inner","Parallel Aware": true,"Async Capable": false,"Startup Cost": 6180.33,"Total Cost": 6180.33,"Plan Rows": 12189,"Plan Width": 40,"Actual Startup Time": 22.359,"Actual Total Time": 22.364,"Actual Rows": 5939,"Actual Loops": 5,"Hash Buckets": 32768,"Original Hash Buckets": 32768,"Hash Batches": 1,"Original Hash Batches": 1,"Peak Memory Usage": 2528,"Workers": [],"Plans": [{"Node Type": "Seq Scan","Parent Relationship": "Outer","Parallel Aware": true,"Async Capable": false,"Relation Name": "part","Alias": "part","Startup Cost": 0.00,"Total Cost": 6180.33,"Plan Rows": 12189,"Plan Width": 40,"Actual Startup Time": 0.053,"Actual Total Time": 19.038,"Actual Rows": 5939,"Actual Loops": 5,"Filter": "((p_brand <> 'Brand#15'::bpchar) AND ((p_type)::text !~~ 'ECONOMY BRUSHED%'::text) AND (p_size = ANY ('{38,50,3,8,41,7,6,36}'::integer[])))","Rows Removed by Filter": 34061,"Workers": []}]}]}]}]}]}]},"Planning Time": 3.956,"Triggers": [],"Execution Time": 239.266}]
[{"Plan": {"Node Type": "Sort","Parallel Aware": false,"Async Capable": false,"Startup Cost": 33136.02,"Total Cost": 33175.81,"Plan Rows": 15916,"Plan Width": 44,"Actual Startup Time": 241.068,"Actual Total Time": 242.784,"Actual Rows": 18330,"Actual Loops": 1,"Sort Key": ["(count(DISTINCT partsupp.ps_suppkey)) DESC", "part.p_brand", "part.p_type", "part.p_size"],"Sort Method": "quicksort","Sort Space Used": 2343,"Sort Space Type": "Memory","Plans": [{"Node Type": "Aggregate","Strategy": "Sorted","Partial Mode": "Simple","Parent Relationship": "Outer","Parallel Aware": false,"Async Capable": false,"Startup Cost": 24243.90,"Total Cost": 32025.23,"Plan Rows": 15916,"Plan Width": 44,"Actual Startup Time": 133.825,"Actual Total Time": 202.288,"Actual Rows": 18330,"Actual Loops": 1,"Group Key": ["part.p_brand", "part.p_type", "part.p_size"],"Plans": [{"Node Type": "Gather Merge","Parent Relationship": "Outer","Parallel Aware": false,"Async Capable": false,"Startup Cost": 24243.90,"Total Cost": 31278.55,"Plan Rows": 58752,"Plan Width": 40,"Actual Startup Time": 133.734,"Actual Total Time": 173.800,"Actual Rows": 119881,"Actual Loops": 1,"Workers Planned": 4,"Workers Launched": 4,"Plans": [{"Node Type": "Sort","Parent Relationship": "Outer","Parallel Aware": false,"Async Capable": false,"Startup Cost": 23243.84,"Total Cost": 23280.56,"Plan Rows": 14688,"Plan Width": 40,"Actual Startup Time": 121.550,"Actual Total Time": 124.283,"Actual Rows": 23976,"Actual Loops": 5,"Sort Key": ["part.p_brand", "part.p_type", "part.p_size"],"Sort Method": "quicksort","Sort Space Used": 2406,"Sort Space Type": "Memory","Workers": [{"Worker Number": 0,"Sort Method": "quicksort","Sort Space Used": 2978,"Sort Space Type": "Memory"},{"Worker Number": 1,"Sort Method": "quicksort","Sort Space Used": 2945,"Sort Space Type": "Memory"},{"Worker Number": 2,"Sort Method": "quicksort","Sort Space Used": 2451,"Sort Space Type": "Memory"},{"Worker Number": 3,"Sort Method": "quicksort","Sort Space Used": 2929,"Sort Space Type": "Memory"}],"Plans": [{"Node Type": "Hash Join","Parent Relationship": "Outer","Parallel Aware": true,"Async Capable": false,"Join Type": "Inner","Startup Cost": 6680.76,"Total Cost": 22227.26,"Plan Rows": 14688,"Plan Width": 40,"Actual Startup Time": 29.545,"Actual Total Time": 79.626,"Actual Rows": 23976,"Actual Loops": 5,"Inner Unique": true,"Hash Cond": "(partsupp.ps_partkey = part.p_partkey)","Workers": [],"Plans": [{"Node Type": "Index Only Scan","Parent Relationship": "Outer","Parallel Aware": true,"Async Capable": false,"Scan Direction": "Forward","Index Name": "partsupp_pkey","Relation Name": "partsupp","Alias": "partsupp","Startup Cost": 347.43,"Total Cost": 15631.43,"Plan Rows": 100000,"Plan Width": 8,"Actual Startup Time": 7.358,"Actual Total Time": 32.204,"Actual Rows": 159936,"Actual Loops": 5,"Filter": "(NOT (hashed SubPlan 1))","Rows Removed by Filter": 64,"Heap Fetches": 0,"Workers": [],"Plans": [{"Node Type": "Seq Scan","Parent Relationship": "SubPlan","Subplan Name": "SubPlan 1","Parallel Aware": false,"Async Capable": false,"Relation Name": "supplier","Alias": "supplier","Startup Cost": 0.00,"Total Cost": 347.00,"Plan Rows": 1,"Plan Width": 4,"Actual Startup Time": 0.150,"Actual Total Time": 7.205,"Actual Rows": 4,"Actual Loops": 5,"Filter": "((s_comment)::text ~~ '%Customer%Complaints%'::text)","Rows Removed by Filter": 9996,"Workers": []}]},{"Node Type": "Hash","Parent Relationship": "Inner","Parallel Aware": true,"Async Capable": false,"Startup Cost": 6180.33,"Total Cost": 6180.33,"Plan Rows": 12240,"Plan Width": 40,"Actual Startup Time": 21.924,"Actual Total Time": 21.927,"Actual Rows": 5997,"Actual Loops": 5,"Hash Buckets": 32768,"Original Hash Buckets": 32768,"Hash Batches": 1,"Original Hash Batches": 1,"Peak Memory Usage": 2592,"Workers": [],"Plans": [{"Node Type": "Seq Scan","Parent Relationship": "Outer","Parallel Aware": true,"Async Capable": false,"Relation Name": "part","Alias": "part","Startup Cost": 0.00,"Total Cost": 6180.33,"Plan Rows": 12240,"Plan Width": 40,"Actual Startup Time": 0.060,"Actual Total Time": 18.526,"Actual Rows": 5997,"Actual Loops": 5,"Filter": "((p_brand <> 'Brand#25'::bpchar) AND ((p_type)::text !~~ 'SMALL ANODIZED%'::text) AND (p_size = ANY ('{27,4,5,29,2,37,42,7}'::integer[])))","Rows Removed by Filter": 34003,"Workers": []}]}]}]}]}]}]},"Planning Time": 5.659,"Triggers": [],"Execution Time": 244.018}]
[{"Plan": {"Node Type": "Sort","Parallel Aware": false,"Async Capable": false,"Startup Cost": 33272.69,"Total Cost": 33312.73,"Plan Rows": 16016,"Plan Width": 44,"Actual Startup Time": 240.468,"Actual Total Time": 242.170,"Actual Rows": 18309,"Actual Loops": 1,"Sort Key": ["(count(DISTINCT partsupp.ps_suppkey)) DESC", "part.p_brand", "part.p_type", "part.p_size"],"Sort Method": "quicksort","Sort Space Used": 2341,"Sort Space Type": "Memory","Plans": [{"Node Type": "Aggregate","Strategy": "Sorted","Partial Mode": "Simple","Parent Relationship": "Outer","Parallel Aware": false,"Async Capable": false,"Startup Cost": 24262.24,"Total Cost": 32154.19,"Plan Rows": 16016,"Plan Width": 44,"Actual Startup Time": 134.809,"Actual Total Time": 200.676,"Actual Rows": 18309,"Actual Loops": 1,"Group Key": ["part.p_brand", "part.p_type", "part.p_size"],"Plans": [{"Node Type": "Gather Merge","Parent Relationship": "Outer","Parallel Aware": false,"Async Capable": false,"Startup Cost": 24262.24,"Total Cost": 31398.06,"Plan Rows": 59597,"Plan Width": 40,"Actual Startup Time": 134.756,"Actual Total Time": 173.247,"Actual Rows": 119057,"Actual Loops": 1,"Workers Planned": 4,"Workers Launched": 4,"Plans": [{"Node Type": "Sort","Parent Relationship": "Outer","Parallel Aware": false,"Async Capable": false,"Startup Cost": 23262.18,"Total Cost": 23299.43,"Plan Rows": 14899,"Plan Width": 40,"Actual Startup Time": 123.116,"Actual Total Time": 125.744,"Actual Rows": 23811,"Actual Loops": 5,"Sort Key": ["part.p_brand", "part.p_type", "part.p_size"],"Sort Method": "quicksort","Sort Space Used": 2530,"Sort Space Type": "Memory","Workers": [{"Worker Number": 0,"Sort Method": "quicksort","Sort Space Used": 2902,"Sort Space Type": "Memory"},{"Worker Number": 1,"Sort Method": "quicksort","Sort Space Used": 2464,"Sort Space Type": "Memory"},{"Worker Number": 2,"Sort Method": "quicksort","Sort Space Used": 2850,"Sort Space Type": "Memory"},{"Worker Number": 3,"Sort Method": "quicksort","Sort Space Used": 2896,"Sort Space Type": "Memory"}],"Plans": [{"Node Type": "Hash Join","Parent Relationship": "Outer","Parallel Aware": true,"Async Capable": false,"Join Type": "Inner","Startup Cost": 6682.96,"Total Cost": 22229.46,"Plan Rows": 14899,"Plan Width": 40,"Actual Startup Time": 29.178,"Actual Total Time": 81.143,"Actual Rows": 23811,"Actual Loops": 5,"Inner Unique": true,"Hash Cond": "(partsupp.ps_partkey = part.p_partkey)","Workers": [],"Plans": [{"Node Type": "Index Only Scan","Parent Relationship": "Outer","Parallel Aware": true,"Async Capable": false,"Scan Direction": "Forward","Index Name": "partsupp_pkey","Relation Name": "partsupp","Alias": "partsupp","Startup Cost": 347.43,"Total Cost": 15631.43,"Plan Rows": 100000,"Plan Width": 8,"Actual Startup Time": 7.155,"Actual Total Time": 34.023,"Actual Rows": 159936,"Actual Loops": 5,"Filter": "(NOT (hashed SubPlan 1))","Rows Removed by Filter": 64,"Heap Fetches": 0,"Workers": [],"Plans": [{"Node Type": "Seq Scan","Parent Relationship": "SubPlan","Subplan Name": "SubPlan 1","Parallel Aware": false,"Async Capable": false,"Relation Name": "supplier","Alias": "supplier","Startup Cost": 0.00,"Total Cost": 347.00,"Plan Rows": 1,"Plan Width": 4,"Actual Startup Time": 0.224,"Actual Total Time": 7.024,"Actual Rows": 4,"Actual Loops": 5,"Filter": "((s_comment)::text ~~ '%Customer%Complaints%'::text)","Rows Removed by Filter": 9996,"Workers": []}]},{"Node Type": "Hash","Parent Relationship": "Inner","Parallel Aware": true,"Async Capable": false,"Startup Cost": 6180.33,"Total Cost": 6180.33,"Plan Rows": 12416,"Plan Width": 40,"Actual Startup Time": 21.693,"Actual Total Time": 21.697,"Actual Rows": 5955,"Actual Loops": 5,"Hash Buckets": 32768,"Original Hash Buckets": 32768,"Hash Batches": 1,"Original Hash Batches": 1,"Peak Memory Usage": 2560,"Workers": [],"Plans": [{"Node Type": "Seq Scan","Parent Relationship": "Outer","Parallel Aware": true,"Async Capable": false,"Relation Name": "part","Alias": "part","Startup Cost": 0.00,"Total Cost": 6180.33,"Plan Rows": 12416,"Plan Width": 40,"Actual Startup Time": 0.064,"Actual Total Time": 18.029,"Actual Rows": 5955,"Actual Loops": 5,"Filter": "((p_brand <> 'Brand#33'::bpchar) AND ((p_type)::text !~~ 'LARGE POLISHED%'::text) AND (p_size = ANY ('{48,32,27,39,46,47,10,26}'::integer[])))","Rows Removed by Filter": 34045,"Workers": []}]}]}]}]}]}]},"Planning Time": 5.127,"Triggers": [],"Execution Time": 243.183}]
[{"Plan": {"Node Type": "Sort","Parallel Aware": false,"Async Capable": false,"Startup Cost": 33482.47,"Total Cost": 33522.89,"Plan Rows": 16165,"Plan Width": 44,"Actual Startup Time": 233.389,"Actual Total Time": 235.343,"Actual Rows": 18179,"Actual Loops": 1,"Sort Key": ["(count(DISTINCT partsupp.ps_suppkey)) DESC", "part.p_brand", "part.p_type", "part.p_size"],"Sort Method": "quicksort","Sort Space Used": 2330,"Sort Space Type": "Memory","Plans": [{"Node Type": "Aggregate","Strategy": "Sorted","Partial Mode": "Simple","Parent Relationship": "Outer","Parallel Aware": false,"Async Capable": false,"Startup Cost": 24290.52,"Total Cost": 32352.49,"Plan Rows": 16165,"Plan Width": 44,"Actual Startup Time": 129.871,"Actual Total Time": 195.838,"Actual Rows": 18179,"Actual Loops": 1,"Group Key": ["part.p_brand", "part.p_type", "part.p_size"],"Plans": [{"Node Type": "Gather Merge","Parent Relationship": "Outer","Parallel Aware": false,"Async Capable": false,"Startup Cost": 24290.52,"Total Cost": 31581.88,"Plan Rows": 60896,"Plan Width": 40,"Actual Startup Time": 129.791,"Actual Total Time": 168.316,"Actual Rows": 117967,"Actual Loops": 1,"Workers Planned": 4,"Workers Launched": 4,"Plans": [{"Node Type": "Sort","Parent Relationship": "Outer","Parallel Aware": false,"Async Capable": false,"Startup Cost": 23290.46,"Total Cost": 23328.52,"Plan Rows": 15224,"Plan Width": 40,"Actual Startup Time": 119.956,"Actual Total Time": 122.403,"Actual Rows": 23593,"Actual Loops": 5,"Sort Key": ["part.p_brand", "part.p_type", "part.p_size"],"Sort Method": "quicksort","Sort Space Used": 2611,"Sort Space Type": "Memory","Workers": [{"Worker Number": 0,"Sort Method": "quicksort","Sort Space Used": 2620,"Sort Space Type": "Memory"},{"Worker Number": 1,"Sort Method": "quicksort","Sort Space Used": 2831,"Sort Space Type": "Memory"},{"Worker Number": 2,"Sort Method": "quicksort","Sort Space Used": 2663,"Sort Space Type": "Memory"},{"Worker Number": 3,"Sort Method": "quicksort","Sort Space Used": 2848,"Sort Space Type": "Memory"}],"Plans": [{"Node Type": "Hash Join","Parent Relationship": "Outer","Parallel Aware": true,"Async Capable": false,"Join Type": "Inner","Startup Cost": 6686.35,"Total Cost": 22232.85,"Plan Rows": 15224,"Plan Width": 40,"Actual Startup Time": 28.823,"Actual Total Time": 78.517,"Actual Rows": 23593,"Actual Loops": 5,"Inner Unique": true,"Hash Cond": "(partsupp.ps_partkey = part.p_partkey)","Workers": [],"Plans": [{"Node Type": "Index Only Scan","Parent Relationship": "Outer","Parallel Aware": true,"Async Capable": false,"Scan Direction": "Forward","Index Name": "partsupp_pkey","Relation Name": "partsupp","Alias": "partsupp","Startup Cost": 347.43,"Total Cost": 15631.43,"Plan Rows": 100000,"Plan Width": 8,"Actual Startup Time": 7.393,"Actual Total Time": 32.851,"Actual Rows": 159936,"Actual Loops": 5,"Filter": "(NOT (hashed SubPlan 1))","Rows Removed by Filter": 64,"Heap Fetches": 0,"Workers": [],"Plans": [{"Node Type": "Seq Scan","Parent Relationship": "SubPlan","Subplan Name": "SubPlan 1","Parallel Aware": false,"Async Capable": false,"Relation Name": "supplier","Alias": "supplier","Startup Cost": 0.00,"Total Cost": 347.00,"Plan Rows": 1,"Plan Width": 4,"Actual Startup Time": 0.133,"Actual Total Time": 7.229,"Actual Rows": 4,"Actual Loops": 5,"Filter": "((s_comment)::text ~~ '%Customer%Complaints%'::text)","Rows Removed by Filter": 9996,"Workers": []}]},{"Node Type": "Hash","Parent Relationship": "Inner","Parallel Aware": true,"Async Capable": false,"Startup Cost": 6180.33,"Total Cost": 6180.33,"Plan Rows": 12687,"Plan Width": 40,"Actual Startup Time": 21.166,"Actual Total Time": 21.168,"Actual Rows": 5901,"Actual Loops": 5,"Hash Buckets": 32768,"Original Hash Buckets": 32768,"Hash Batches": 1,"Original Hash Batches": 1,"Peak Memory Usage": 2528,"Workers": [],"Plans": [{"Node Type": "Seq Scan","Parent Relationship": "Outer","Parallel Aware": true,"Async Capable": false,"Relation Name": "part","Alias": "part","Startup Cost": 0.00,"Total Cost": 6180.33,"Plan Rows": 12687,"Plan Width": 40,"Actual Startup Time": 0.058,"Actual Total Time": 17.943,"Actual Rows": 5901,"Actual Loops": 5,"Filter": "((p_brand <> 'Brand#52'::bpchar) AND ((p_type)::text !~~ 'SMALL BRUSHED%'::text) AND (p_size = ANY ('{18,4,1,38,17,31,34,47}'::integer[])))","Rows Removed by Filter": 34099,"Workers": []}]}]}]}]}]}]},"Planning Time": 5.459,"Triggers": [],"Execution Time": 236.485}]
[{"Plan": {"Node Type": "Sort","Parallel Aware": false,"Async Capable": false,"Startup Cost": 33347.11,"Total Cost": 33387.29,"Plan Rows": 16069,"Plan Width": 44,"Actual Startup Time": 233.438,"Actual Total Time": 235.365,"Actual Rows": 18295,"Actual Loops": 1,"Sort Key": ["(count(DISTINCT partsupp.ps_suppkey)) DESC", "part.p_brand", "part.p_type", "part.p_size"],"Sort Method": "quicksort","Sort Space Used": 2340,"Sort Space Type": "Memory","Plans": [{"Node Type": "Aggregate","Strategy": "Sorted","Partial Mode": "Simple","Parent Relationship": "Outer","Parallel Aware": false,"Async Capable": false,"Startup Cost": 24272.24,"Total Cost": 32224.53,"Plan Rows": 16069,"Plan Width": 44,"Actual Startup Time": 130.343,"Actual Total Time": 195.956,"Actual Rows": 18295,"Actual Loops": 1,"Group Key": ["part.p_brand", "part.p_type", "part.p_size"],"Plans": [{"Node Type": "Gather Merge","Parent Relationship": "Outer","Parallel Aware": false,"Async Capable": false,"Startup Cost": 24272.24,"Total Cost": 31463.26,"Plan Rows": 60058,"Plan Width": 40,"Actual Startup Time": 130.274,"Actual Total Time": 168.591,"Actual Rows": 118668,"Actual Loops": 1,"Workers Planned": 4,"Workers Launched": 4,"Plans": [{"Node Type": "Sort","Parent Relationship": "Outer","Parallel Aware": false,"Async Capable": false,"Startup Cost": 23272.18,"Total Cost": 23309.72,"Plan Rows": 15014,"Plan Width": 40,"Actual Startup Time": 122.352,"Actual Total Time": 124.852,"Actual Rows": 23734,"Actual Loops": 5,"Sort Key": ["part.p_brand", "part.p_type", "part.p_size"],"Sort Method": "quicksort","Sort Space Used": 2707,"Sort Space Type": "Memory","Workers": [{"Worker Number": 0,"Sort Method": "quicksort","Sort Space Used": 2702,"Sort Space Type": "Memory"},{"Worker Number": 1,"Sort Method": "quicksort","Sort Space Used": 2722,"Sort Space Type": "Memory"},{"Worker Number": 2,"Sort Method": "quicksort","Sort Space Used": 2727,"Sort Space Type": "Memory"},{"Worker Number": 3,"Sort Method": "quicksort","Sort Space Used": 2736,"Sort Space Type": "Memory"}],"Plans": [{"Node Type": "Hash Join","Parent Relationship": "Outer","Parallel Aware": true,"Async Capable": false,"Join Type": "Inner","Startup Cost": 6684.16,"Total Cost": 22230.66,"Plan Rows": 15014,"Plan Width": 40,"Actual Startup Time": 30.041,"Actual Total Time": 80.861,"Actual Rows": 23734,"Actual Loops": 5,"Inner Unique": true,"Hash Cond": "(partsupp.ps_partkey = part.p_partkey)","Workers": [],"Plans": [{"Node Type": "Index Only Scan","Parent Relationship": "Outer","Parallel Aware": true,"Async Capable": false,"Scan Direction": "Forward","Index Name": "partsupp_pkey","Relation Name": "partsupp","Alias": "partsupp","Startup Cost": 347.43,"Total Cost": 15631.43,"Plan Rows": 100000,"Plan Width": 8,"Actual Startup Time": 6.890,"Actual Total Time": 32.169,"Actual Rows": 159936,"Actual Loops": 5,"Filter": "(NOT (hashed SubPlan 1))","Rows Removed by Filter": 64,"Heap Fetches": 0,"Workers": [],"Plans": [{"Node Type": "Seq Scan","Parent Relationship": "SubPlan","Subplan Name": "SubPlan 1","Parallel Aware": false,"Async Capable": false,"Relation Name": "supplier","Alias": "supplier","Startup Cost": 0.00,"Total Cost": 347.00,"Plan Rows": 1,"Plan Width": 4,"Actual Startup Time": 0.134,"Actual Total Time": 6.735,"Actual Rows": 4,"Actual Loops": 5,"Filter": "((s_comment)::text ~~ '%Customer%Complaints%'::text)","Rows Removed by Filter": 9996,"Workers": []}]},{"Node Type": "Hash","Parent Relationship": "Inner","Parallel Aware": true,"Async Capable": false,"Startup Cost": 6180.33,"Total Cost": 6180.33,"Plan Rows": 12512,"Plan Width": 40,"Actual Startup Time": 22.904,"Actual Total Time": 22.908,"Actual Rows": 5935,"Actual Loops": 5,"Hash Buckets": 32768,"Original Hash Buckets": 32768,"Hash Batches": 1,"Original Hash Batches": 1,"Peak Memory Usage": 2528,"Workers": [],"Plans": [{"Node Type": "Seq Scan","Parent Relationship": "Outer","Parallel Aware": true,"Async Capable": false,"Relation Name": "part","Alias": "part","Startup Cost": 0.00,"Total Cost": 6180.33,"Plan Rows": 12512,"Plan Width": 40,"Actual Startup Time": 0.047,"Actual Total Time": 18.815,"Actual Rows": 5935,"Actual Loops": 5,"Filter": "((p_brand <> 'Brand#21'::bpchar) AND ((p_type)::text !~~ 'STANDARD ANODIZED%'::text) AND (p_size = ANY ('{28,15,11,16,32,24,1,4}'::integer[])))","Rows Removed by Filter": 34065,"Workers": []}]}]}]}]}]}]},"Planning Time": 5.422,"Triggers": [],"Execution Time": 236.387}]
[{"Plan": {"Node Type": "Sort","Parallel Aware": false,"Async Capable": false,"Startup Cost": 33120.92,"Total Cost": 33160.68,"Plan Rows": 15904,"Plan Width": 44,"Actual Startup Time": 236.351,"Actual Total Time": 238.298,"Actual Rows": 18405,"Actual Loops": 1,"Sort Key": ["(count(DISTINCT partsupp.ps_suppkey)) DESC", "part.p_brand", "part.p_type", "part.p_size"],"Sort Method": "quicksort","Sort Space Used": 2349,"Sort Space Type": "Memory","Plans": [{"Node Type": "Aggregate","Strategy": "Sorted","Partial Mode": "Simple","Parent Relationship": "Outer","Parallel Aware": false,"Async Capable": false,"Startup Cost": 24241.91,"Total Cost": 32011.05,"Plan Rows": 15904,"Plan Width": 44,"Actual Startup Time": 130.579,"Actual Total Time": 197.709,"Actual Rows": 18405,"Actual Loops": 1,"Group Key": ["part.p_brand", "part.p_type", "part.p_size"],"Plans": [{"Node Type": "Gather Merge","Parent Relationship": "Outer","Parallel Aware": false,"Async Capable": false,"Startup Cost": 24241.91,"Total Cost": 31265.42,"Plan Rows": 58659,"Plan Width": 40,"Actual Startup Time": 130.506,"Actual Total Time": 169.859,"Actual Rows": 119427,"Actual Loops": 1,"Workers Planned": 4,"Workers Launched": 4,"Plans": [{"Node Type": "Sort","Parent Relationship": "Outer","Parallel Aware": false,"Async Capable": false,"Startup Cost": 23241.85,"Total Cost": 23278.51,"Plan Rows": 14665,"Plan Width": 40,"Actual Startup Time": 121.620,"Actual Total Time": 124.236,"Actual Rows": 23885,"Actual Loops": 5,"Sort Key": ["part.p_brand", "part.p_type", "part.p_size"],"Sort Method": "quicksort","Sort Space Used": 2694,"Sort Space Type": "Memory","Workers": [{"Worker Number": 0,"Sort Method": "quicksort","Sort Space Used": 2804,"Sort Space Type": "Memory"},{"Worker Number": 1,"Sort Method": "quicksort","Sort Space Used": 2718,"Sort Space Type": "Memory"},{"Worker Number": 2,"Sort Method": "quicksort","Sort Space Used": 2665,"Sort Space Type": "Memory"},{"Worker Number": 3,"Sort Method": "quicksort","Sort Space Used": 2780,"Sort Space Type": "Memory"}],"Plans": [{"Node Type": "Hash Join","Parent Relationship": "Outer","Parallel Aware": true,"Async Capable": false,"Join Type": "Inner","Startup Cost": 6680.52,"Total Cost": 22227.02,"Plan Rows": 14665,"Plan Width": 40,"Actual Startup Time": 29.744,"Actual Total Time": 79.690,"Actual Rows": 23885,"Actual Loops": 5,"Inner Unique": true,"Hash Cond": "(partsupp.ps_partkey = part.p_partkey)","Workers": [],"Plans": [{"Node Type": "Index Only Scan","Parent Relationship": "Outer","Parallel Aware": true,"Async Capable": false,"Scan Direction": "Forward","Index Name": "partsupp_pkey","Relation Name": "partsupp","Alias": "partsupp","Startup Cost": 347.43,"Total Cost": 15631.43,"Plan Rows": 100000,"Plan Width": 8,"Actual Startup Time": 7.375,"Actual Total Time": 32.003,"Actual Rows": 159936,"Actual Loops": 5,"Filter": "(NOT (hashed SubPlan 1))","Rows Removed by Filter": 64,"Heap Fetches": 0,"Workers": [],"Plans": [{"Node Type": "Seq Scan","Parent Relationship": "SubPlan","Subplan Name": "SubPlan 1","Parallel Aware": false,"Async Capable": false,"Relation Name": "supplier","Alias": "supplier","Startup Cost": 0.00,"Total Cost": 347.00,"Plan Rows": 1,"Plan Width": 4,"Actual Startup Time": 0.126,"Actual Total Time": 7.219,"Actual Rows": 4,"Actual Loops": 5,"Filter": "((s_comment)::text ~~ '%Customer%Complaints%'::text)","Rows Removed by Filter": 9996,"Workers": []}]},{"Node Type": "Hash","Parent Relationship": "Inner","Parallel Aware": true,"Async Capable": false,"Startup Cost": 6180.33,"Total Cost": 6180.33,"Plan Rows": 12221,"Plan Width": 40,"Actual Startup Time": 22.105,"Actual Total Time": 22.109,"Actual Rows": 5974,"Actual Loops": 5,"Hash Buckets": 32768,"Original Hash Buckets": 32768,"Hash Batches": 1,"Original Hash Batches": 1,"Peak Memory Usage": 2560,"Workers": [],"Plans": [{"Node Type": "Seq Scan","Parent Relationship": "Outer","Parallel Aware": true,"Async Capable": false,"Relation Name": "part","Alias": "part","Startup Cost": 0.00,"Total Cost": 6180.33,"Plan Rows": 12221,"Plan Width": 40,"Actual Startup Time": 0.043,"Actual Total Time": 18.559,"Actual Rows": 5974,"Actual Loops": 5,"Filter": "((p_brand <> 'Brand#45'::bpchar) AND ((p_type)::text !~~ 'ECONOMY BRUSHED%'::text) AND (p_size = ANY ('{10,5,44,31,14,24,50,37}'::integer[])))","Rows Removed by Filter": 34026,"Workers": []}]}]}]}]}]}]},"Planning Time": 4.232,"Triggers": [],"Execution Time": 239.547}]
[{"Plan": {"Node Type": "Sort","Parallel Aware": false,"Async Capable": false,"Startup Cost": 32997.61,"Total Cost": 33037.14,"Plan Rows": 15812,"Plan Width": 44,"Actual Startup Time": 238.033,"Actual Total Time": 239.575,"Actual Rows": 18163,"Actual Loops": 1,"Sort Key": ["(count(DISTINCT partsupp.ps_suppkey)) DESC", "part.p_brand", "part.p_type", "part.p_size"],"Sort Method": "quicksort","Sort Space Used": 2328,"Sort Space Type": "Memory","Plans": [{"Node Type": "Aggregate","Strategy": "Sorted","Partial Mode": "Simple","Parent Relationship": "Outer","Parallel Aware": false,"Async Capable": false,"Startup Cost": 24225.33,"Total Cost": 31894.83,"Plan Rows": 15812,"Plan Width": 44,"Actual Startup Time": 133.432,"Actual Total Time": 199.311,"Actual Rows": 18163,"Actual Loops": 1,"Group Key": ["part.p_brand", "part.p_type", "part.p_size"],"Plans": [{"Node Type": "Gather Merge","Parent Relationship": "Outer","Parallel Aware": false,"Async Capable": false,"Startup Cost": 24225.33,"Total Cost": 31157.73,"Plan Rows": 57898,"Plan Width": 40,"Actual Startup Time": 133.381,"Actual Total Time": 171.946,"Actual Rows": 117398,"Actual Loops": 1,"Workers Planned": 4,"Workers Launched": 4,"Plans": [{"Node Type": "Sort","Parent Relationship": "Outer","Parallel Aware": false,"Async Capable": false,"Startup Cost": 23225.27,"Total Cost": 23261.46,"Plan Rows": 14474,"Plan Width": 40,"Actual Startup Time": 121.667,"Actual Total Time": 124.275,"Actual Rows": 23480,"Actual Loops": 5,"Sort Key": ["part.p_brand", "part.p_type", "part.p_size"],"Sort Method": "quicksort","Sort Space Used": 2446,"Sort Space Type": "Memory","Workers": [{"Worker Number": 0,"Sort Method": "quicksort","Sort Space Used": 2889,"Sort Space Type": "Memory"},{"Worker Number": 1,"Sort Method": "quicksort","Sort Space Used": 2439,"Sort Space Type": "Memory"},{"Worker Number": 2,"Sort Method": "quicksort","Sort Space Used": 2842,"Sort Space Type": "Memory"},{"Worker Number": 3,"Sort Method": "quicksort","Sort Space Used": 2890,"Sort Space Type": "Memory"}],"Plans": [{"Node Type": "Hash Join","Parent Relationship": "Outer","Parallel Aware": true,"Async Capable": false,"Join Type": "Inner","Startup Cost": 6678.54,"Total Cost": 22225.04,"Plan Rows": 14474,"Plan Width": 40,"Actual Startup Time": 30.655,"Actual Total Time": 80.420,"Actual Rows": 23480,"Actual Loops": 5,"Inner Unique": true,"Hash Cond": "(partsupp.ps_partkey = part.p_partkey)","Workers": [],"Plans": [{"Node Type": "Index Only Scan","Parent Relationship": "Outer","Parallel Aware": true,"Async Capable": false,"Scan Direction": "Forward","Index Name": "partsupp_pkey","Relation Name": "partsupp","Alias": "partsupp","Startup Cost": 347.43,"Total Cost": 15631.43,"Plan Rows": 100000,"Plan Width": 8,"Actual Startup Time": 7.379,"Actual Total Time": 32.589,"Actual Rows": 159936,"Actual Loops": 5,"Filter": "(NOT (hashed SubPlan 1))","Rows Removed by Filter": 64,"Heap Fetches": 0,"Workers": [],"Plans": [{"Node Type": "Seq Scan","Parent Relationship": "SubPlan","Subplan Name": "SubPlan 1","Parallel Aware": false,"Async Capable": false,"Relation Name": "supplier","Alias": "supplier","Startup Cost": 0.00,"Total Cost": 347.00,"Plan Rows": 1,"Plan Width": 4,"Actual Startup Time": 0.160,"Actual Total Time": 7.214,"Actual Rows": 4,"Actual Loops": 5,"Filter": "((s_comment)::text ~~ '%Customer%Complaints%'::text)","Rows Removed by Filter": 9996,"Workers": []}]},{"Node Type": "Hash","Parent Relationship": "Inner","Parallel Aware": true,"Async Capable": false,"Startup Cost": 6180.33,"Total Cost": 6180.33,"Plan Rows": 12062,"Plan Width": 40,"Actual Startup Time": 23.025,"Actual Total Time": 23.029,"Actual Rows": 5872,"Actual Loops": 5,"Hash Buckets": 32768,"Original Hash Buckets": 32768,"Hash Batches": 1,"Original Hash Batches": 1,"Peak Memory Usage": 2528,"Workers": [],"Plans": [{"Node Type": "Seq Scan","Parent Relationship": "Outer","Parallel Aware": true,"Async Capable": false,"Relation Name": "part","Alias": "part","Startup Cost": 0.00,"Total Cost": 6180.33,"Plan Rows": 12062,"Plan Width": 40,"Actual Startup Time": 0.049,"Actual Total Time": 19.173,"Actual Rows": 5872,"Actual Loops": 5,"Filter": "((p_brand <> 'Brand#53'::bpchar) AND ((p_type)::text !~~ 'PROMO POLISHED%'::text) AND (p_size = ANY ('{27,24,35,40,50,8,25,23}'::integer[])))","Rows Removed by Filter": 34128,"Workers": []}]}]}]}]}]}]},"Planning Time": 5.321,"Triggers": [],"Execution Time": 240.582}]
[{"Plan": {"Node Type": "Sort","Parallel Aware": false,"Async Capable": false,"Startup Cost": 33330.53,"Total Cost": 33370.67,"Plan Rows": 16057,"Plan Width": 44,"Actual Startup Time": 241.556,"Actual Total Time": 243.245,"Actual Rows": 18223,"Actual Loops": 1,"Sort Key": ["(count(DISTINCT partsupp.ps_suppkey)) DESC", "part.p_brand", "part.p_type", "part.p_size"],"Sort Method": "quicksort","Sort Space Used": 2334,"Sort Space Type": "Memory","Plans": [{"Node Type": "Aggregate","Strategy": "Sorted","Partial Mode": "Simple","Parent Relationship": "Outer","Parallel Aware": false,"Async Capable": false,"Startup Cost": 24270.06,"Total Cost": 32208.88,"Plan Rows": 16057,"Plan Width": 44,"Actual Startup Time": 134.505,"Actual Total Time": 202.646,"Actual Rows": 18223,"Actual Loops": 1,"Group Key": ["part.p_brand", "part.p_type", "part.p_size"],"Plans": [{"Node Type": "Gather Merge","Parent Relationship": "Outer","Parallel Aware": false,"Async Capable": false,"Startup Cost": 24270.06,"Total Cost": 31448.76,"Plan Rows": 59955,"Plan Width": 40,"Actual Startup Time": 134.454,"Actual Total Time": 174.281,"Actual Rows": 119150,"Actual Loops": 1,"Workers Planned": 4,"Workers Launched": 4,"Plans": [{"Node Type": "Sort","Parent Relationship": "Outer","Parallel Aware": false,"Async Capable": false,"Startup Cost": 23270.01,"Total Cost": 23307.48,"Plan Rows": 14989,"Plan Width": 40,"Actual Startup Time": 122.572,"Actual Total Time": 125.271,"Actual Rows": 23830,"Actual Loops": 5,"Sort Key": ["part.p_brand", "part.p_type", "part.p_size"],"Sort Method": "quicksort","Sort Space Used": 2459,"Sort Space Type": "Memory","Workers": [{"Worker Number": 0,"Sort Method": "quicksort","Sort Space Used": 2902,"Sort Space Type": "Memory"},{"Worker Number": 1,"Sort Method": "quicksort","Sort Space Used": 2481,"Sort Space Type": "Memory"},{"Worker Number": 2,"Sort Method": "quicksort","Sort Space Used": 2883,"Sort Space Type": "Memory"},{"Worker Number": 3,"Sort Method": "quicksort","Sort Space Used": 2928,"Sort Space Type": "Memory"}],"Plans": [{"Node Type": "Hash Join","Parent Relationship": "Outer","Parallel Aware": true,"Async Capable": false,"Join Type": "Inner","Startup Cost": 6683.90,"Total Cost": 22230.40,"Plan Rows": 14989,"Plan Width": 40,"Actual Startup Time": 31.182,"Actual Total Time": 80.711,"Actual Rows": 23830,"Actual Loops": 5,"Inner Unique": true,"Hash Cond": "(partsupp.ps_partkey = part.p_partkey)","Workers": [],"Plans": [{"Node Type": "Index Only Scan","Parent Relationship": "Outer","Parallel Aware": true,"Async Capable": false,"Scan Direction": "Forward","Index Name": "partsupp_pkey","Relation Name": "partsupp","Alias": "partsupp","Startup Cost": 347.43,"Total Cost": 15631.43,"Plan Rows": 100000,"Plan Width": 8,"Actual Startup Time": 7.377,"Actual Total Time": 32.362,"Actual Rows": 159936,"Actual Loops": 5,"Filter": "(NOT (hashed SubPlan 1))","Rows Removed by Filter": 64,"Heap Fetches": 0,"Workers": [],"Plans": [{"Node Type": "Seq Scan","Parent Relationship": "SubPlan","Subplan Name": "SubPlan 1","Parallel Aware": false,"Async Capable": false,"Relation Name": "supplier","Alias": "supplier","Startup Cost": 0.00,"Total Cost": 347.00,"Plan Rows": 1,"Plan Width": 4,"Actual Startup Time": 0.144,"Actual Total Time": 7.215,"Actual Rows": 4,"Actual Loops": 5,"Filter": "((s_comment)::text ~~ '%Customer%Complaints%'::text)","Rows Removed by Filter": 9996,"Workers": []}]},{"Node Type": "Hash","Parent Relationship": "Inner","Parallel Aware": true,"Async Capable": false,"Startup Cost": 6180.33,"Total Cost": 6180.33,"Plan Rows": 12491,"Plan Width": 40,"Actual Startup Time": 23.530,"Actual Total Time": 23.534,"Actual Rows": 5960,"Actual Loops": 5,"Hash Buckets": 32768,"Original Hash Buckets": 32768,"Hash Batches": 1,"Original Hash Batches": 1,"Peak Memory Usage": 2560,"Workers": [],"Plans": [{"Node Type": "Seq Scan","Parent Relationship": "Outer","Parallel Aware": true,"Async Capable": false,"Relation Name": "part","Alias": "part","Startup Cost": 0.00,"Total Cost": 6180.33,"Plan Rows": 12491,"Plan Width": 40,"Actual Startup Time": 0.057,"Actual Total Time": 19.441,"Actual Rows": 5960,"Actual Loops": 5,"Filter": "((p_brand <> 'Brand#52'::bpchar) AND ((p_type)::text !~~ 'SMALL ANODIZED%'::text) AND (p_size = ANY ('{1,20,33,9,4,18,39,5}'::integer[])))","Rows Removed by Filter": 34040,"Workers": []}]}]}]}]}]}]},"Planning Time": 4.696,"Triggers": [],"Execution Time": 244.130}]
[{"Plan": {"Node Type": "Sort","Parallel Aware": false,"Async Capable": false,"Startup Cost": 33395.95,"Total Cost": 33436.21,"Plan Rows": 16104,"Plan Width": 44,"Actual Startup Time": 238.307,"Actual Total Time": 240.000,"Actual Rows": 18330,"Actual Loops": 1,"Sort Key": ["(count(DISTINCT partsupp.ps_suppkey)) DESC", "part.p_brand", "part.p_type", "part.p_size"],"Sort Method": "quicksort","Sort Space Used": 2343,"Sort Space Type": "Memory","Plans": [{"Node Type": "Aggregate","Strategy": "Sorted","Partial Mode": "Simple","Parent Relationship": "Outer","Parallel Aware": false,"Async Capable": false,"Startup Cost": 24278.85,"Total Cost": 32270.67,"Plan Rows": 16104,"Plan Width": 44,"Actual Startup Time": 132.621,"Actual Total Time": 199.568,"Actual Rows": 18330,"Actual Loops": 1,"Group Key": ["part.p_brand", "part.p_type", "part.p_size"],"Plans": [{"Node Type": "Gather Merge","Parent Relationship": "Outer","Parallel Aware": false,"Async Capable": false,"Startup Cost": 24278.85,"Total Cost": 31506.03,"Plan Rows": 60360,"Plan Width": 40,"Actual Startup Time": 132.563,"Actual Total Time": 171.785,"Actual Rows": 120752,"Actual Loops": 1,"Workers Planned": 4,"Workers Launched": 4,"Plans": [{"Node Type": "Sort","Parent Relationship": "Outer","Parallel Aware": false,"Async Capable": false,"Startup Cost": 23278.79,"Total Cost": 23316.52,"Plan Rows": 15090,"Plan Width": 40,"Actual Startup Time": 124.583,"Actual Total Time": 127.083,"Actual Rows": 24150,"Actual Loops": 5,"Sort Key": ["part.p_brand", "part.p_type", "part.p_size"],"Sort Method": "quicksort","Sort Space Used": 2745,"Sort Space Type": "Memory","Workers": [{"Worker Number": 0,"Sort Method": "quicksort","Sort Space Used": 2795,"Sort Space Type": "Memory"},{"Worker Number": 1,"Sort Method": "quicksort","Sort Space Used": 2750,"Sort Space Type": "Memory"},{"Worker Number": 2,"Sort Method": "quicksort","Sort Space Used": 2718,"Sort Space Type": "Memory"},{"Worker Number": 3,"Sort Method": "quicksort","Sort Space Used": 2774,"Sort Space Type": "Memory"}],"Plans": [{"Node Type": "Hash Join","Parent Relationship": "Outer","Parallel Aware": true,"Async Capable": false,"Join Type": "Inner","Startup Cost": 6684.95,"Total Cost": 22231.45,"Plan Rows": 15090,"Plan Width": 40,"Actual Startup Time": 30.802,"Actual Total Time": 82.031,"Actual Rows": 24150,"Actual Loops": 5,"Inner Unique": true,"Hash Cond": "(partsupp.ps_partkey = part.p_partkey)","Workers": [],"Plans": [{"Node Type": "Index Only Scan","Parent Relationship": "Outer","Parallel Aware": true,"Async Capable": false,"Scan Direction": "Forward","Index Name": "partsupp_pkey","Relation Name": "partsupp","Alias": "partsupp","Startup Cost": 347.43,"Total Cost": 15631.43,"Plan Rows": 100000,"Plan Width": 8,"Actual Startup Time": 7.129,"Actual Total Time": 32.409,"Actual Rows": 159936,"Actual Loops": 5,"Filter": "(NOT (hashed SubPlan 1))","Rows Removed by Filter": 64,"Heap Fetches": 0,"Workers": [],"Plans": [{"Node Type": "Seq Scan","Parent Relationship": "SubPlan","Subplan Name": "SubPlan 1","Parallel Aware": false,"Async Capable": false,"Relation Name": "supplier","Alias": "supplier","Startup Cost": 0.00,"Total Cost": 347.00,"Plan Rows": 1,"Plan Width": 4,"Actual Startup Time": 0.148,"Actual Total Time": 6.964,"Actual Rows": 4,"Actual Loops": 5,"Filter": "((s_comment)::text ~~ '%Customer%Complaints%'::text)","Rows Removed by Filter": 9996,"Workers": []}]},{"Node Type": "Hash","Parent Relationship": "Inner","Parallel Aware": true,"Async Capable": false,"Startup Cost": 6180.33,"Total Cost": 6180.33,"Plan Rows": 12575,"Plan Width": 40,"Actual Startup Time": 23.373,"Actual Total Time": 23.376,"Actual Rows": 6040,"Actual Loops": 5,"Hash Buckets": 32768,"Original Hash Buckets": 32768,"Hash Batches": 1,"Original Hash Batches": 1,"Peak Memory Usage": 2592,"Workers": [],"Plans": [{"Node Type": "Seq Scan","Parent Relationship": "Outer","Parallel Aware": true,"Async Capable": false,"Relation Name": "part","Alias": "part","Startup Cost": 0.00,"Total Cost": 6180.33,"Plan Rows": 12575,"Plan Width": 40,"Actual Startup Time": 0.063,"Actual Total Time": 19.280,"Actual Rows": 6040,"Actual Loops": 5,"Filter": "((p_brand <> 'Brand#31'::bpchar) AND ((p_type)::text !~~ 'MEDIUM BRUSHED%'::text) AND (p_size = ANY ('{22,30,12,29,2,39,18,47}'::integer[])))","Rows Removed by Filter": 33960,"Workers": []}]}]}]}]}]}]},"Planning Time": 4.363,"Triggers": [],"Execution Time": 240.937}]
[{"Plan": {"Node Type": "Sort","Parallel Aware": false,"Async Capable": false,"Startup Cost": 33436.66,"Total Cost": 33476.99,"Plan Rows": 16133,"Plan Width": 44,"Actual Startup Time": 238.784,"Actual Total Time": 240.361,"Actual Rows": 18300,"Actual Loops": 1,"Sort Key": ["(count(DISTINCT partsupp.ps_suppkey)) DESC", "part.p_brand", "part.p_type", "part.p_size"],"Sort Method": "quicksort","Sort Space Used": 2340,"Sort Space Type": "Memory","Plans": [{"Node Type": "Aggregate","Strategy": "Sorted","Partial Mode": "Simple","Parent Relationship": "Outer","Parallel Aware": false,"Async Capable": false,"Startup Cost": 24284.34,"Total Cost": 32309.15,"Plan Rows": 16133,"Plan Width": 44,"Actual Startup Time": 133.593,"Actual Total Time": 199.831,"Actual Rows": 18300,"Actual Loops": 1,"Group Key": ["part.p_brand", "part.p_type", "part.p_size"],"Plans": [{"Node Type": "Gather Merge","Parent Relationship": "Outer","Parallel Aware": false,"Async Capable": false,"Startup Cost": 24284.34,"Total Cost": 31541.70,"Plan Rows": 60612,"Plan Width": 40,"Actual Startup Time": 133.547,"Actual Total Time": 172.304,"Actual Rows": 119085,"Actual Loops": 1,"Workers Planned": 4,"Workers Launched": 4,"Plans": [{"Node Type": "Sort","Parent Relationship": "Outer","Parallel Aware": false,"Async Capable": false,"Startup Cost": 23284.28,"Total Cost": 23322.17,"Plan Rows": 15153,"Plan Width": 40,"Actual Startup Time": 122.577,"Actual Total Time": 125.296,"Actual Rows": 23817,"Actual Loops": 5,"Sort Key": ["part.p_brand", "part.p_type", "part.p_size"],"Sort Method": "quicksort","Sort Space Used": 2451,"Sort Space Type": "Memory","Workers": [{"Worker Number": 0,"Sort Method": "quicksort","Sort Space Used": 2908,"Sort Space Type": "Memory"},{"Worker Number": 1,"Sort Method": "quicksort","Sort Space Used": 2899,"Sort Space Type": "Memory"},{"Worker Number": 2,"Sort Method": "quicksort","Sort Space Used": 2469,"Sort Space Type": "Memory"},{"Worker Number": 3,"Sort Method": "quicksort","Sort Space Used": 2906,"Sort Space Type": "Memory"}],"Plans": [{"Node Type": "Hash Join","Parent Relationship": "Outer","Parallel Aware": true,"Async Capable": false,"Join Type": "Inner","Startup Cost": 6685.61,"Total Cost": 22232.11,"Plan Rows": 15153,"Plan Width": 40,"Actual Startup Time": 30.892,"Actual Total Time": 80.558,"Actual Rows": 23817,"Actual Loops": 5,"Inner Unique": true,"Hash Cond": "(partsupp.ps_partkey = part.p_partkey)","Workers": [],"Plans": [{"Node Type": "Index Only Scan","Parent Relationship": "Outer","Parallel Aware": true,"Async Capable": false,"Scan Direction": "Forward","Index Name": "partsupp_pkey","Relation Name": "partsupp","Alias": "partsupp","Startup Cost": 347.43,"Total Cost": 15631.43,"Plan Rows": 100000,"Plan Width": 8,"Actual Startup Time": 7.287,"Actual Total Time": 32.404,"Actual Rows": 159936,"Actual Loops": 5,"Filter": "(NOT (hashed SubPlan 1))","Rows Removed by Filter": 64,"Heap Fetches": 0,"Workers": [],"Plans": [{"Node Type": "Seq Scan","Parent Relationship": "SubPlan","Subplan Name": "SubPlan 1","Parallel Aware": false,"Async Capable": false,"Relation Name": "supplier","Alias": "supplier","Startup Cost": 0.00,"Total Cost": 347.00,"Plan Rows": 1,"Plan Width": 4,"Actual Startup Time": 0.144,"Actual Total Time": 7.138,"Actual Rows": 4,"Actual Loops": 5,"Filter": "((s_comment)::text ~~ '%Customer%Complaints%'::text)","Rows Removed by Filter": 9996,"Workers": []}]},{"Node Type": "Hash","Parent Relationship": "Inner","Parallel Aware": true,"Async Capable": false,"Startup Cost": 6180.33,"Total Cost": 6180.33,"Plan Rows": 12628,"Plan Width": 40,"Actual Startup Time": 23.334,"Actual Total Time": 23.337,"Actual Rows": 5957,"Actual Loops": 5,"Hash Buckets": 32768,"Original Hash Buckets": 32768,"Hash Batches": 1,"Original Hash Batches": 1,"Peak Memory Usage": 2592,"Workers": [],"Plans": [{"Node Type": "Seq Scan","Parent Relationship": "Outer","Parallel Aware": true,"Async Capable": false,"Relation Name": "part","Alias": "part","Startup Cost": 0.00,"Total Cost": 6180.33,"Plan Rows": 12628,"Plan Width": 40,"Actual Startup Time": 0.053,"Actual Total Time": 19.319,"Actual Rows": 5957,"Actual Loops": 5,"Filter": "((p_brand <> 'Brand#44'::bpchar) AND ((p_type)::text !~~ 'MEDIUM BURNISHED%'::text) AND (p_size = ANY ('{1,48,26,6,32,10,40,4}'::integer[])))","Rows Removed by Filter": 34043,"Workers": []}]}]}]}]}]}]},"Planning Time": 5.440,"Triggers": [],"Execution Time": 241.213}]
[{"Plan": {"Node Type": "Sort","Parallel Aware": false,"Async Capable": false,"Startup Cost": 32994.28,"Total Cost": 33033.81,"Plan Rows": 15810,"Plan Width": 44,"Actual Startup Time": 233.023,"Actual Total Time": 234.737,"Actual Rows": 18261,"Actual Loops": 1,"Sort Key": ["(count(DISTINCT partsupp.ps_suppkey)) DESC", "part.p_brand", "part.p_type", "part.p_size"],"Sort Method": "quicksort","Sort Space Used": 2337,"Sort Space Type": "Memory","Plans": [{"Node Type": "Aggregate","Strategy": "Sorted","Partial Mode": "Simple","Parent Relationship": "Outer","Parallel Aware": false,"Async Capable": false,"Startup Cost": 24224.90,"Total Cost": 31891.65,"Plan Rows": 15810,"Plan Width": 44,"Actual Startup Time": 131.517,"Actual Total Time": 196.828,"Actual Rows": 18261,"Actual Loops": 1,"Group Key": ["part.p_brand", "part.p_type", "part.p_size"],"Plans": [{"Node Type": "Gather Merge","Parent Relationship": "Outer","Parallel Aware": false,"Async Capable": false,"Startup Cost": 24224.90,"Total Cost": 31154.78,"Plan Rows": 57877,"Plan Width": 40,"Actual Startup Time": 131.428,"Actual Total Time": 169.542,"Actual Rows": 118993,"Actual Loops": 1,"Workers Planned": 4,"Workers Launched": 4,"Plans": [{"Node Type": "Sort","Parent Relationship": "Outer","Parallel Aware": false,"Async Capable": false,"Startup Cost": 23224.84,"Total Cost": 23261.02,"Plan Rows": 14469,"Plan Width": 40,"Actual Startup Time": 121.234,"Actual Total Time": 123.570,"Actual Rows": 23799,"Actual Loops": 5,"Sort Key": ["part.p_brand", "part.p_type", "part.p_size"],"Sort Method": "quicksort","Sort Space Used": 2661,"Sort Space Type": "Memory","Workers": [{"Worker Number": 0,"Sort Method": "quicksort","Sort Space Used": 2667,"Sort Space Type": "Memory"},{"Worker Number": 1,"Sort Method": "quicksort","Sort Space Used": 2811,"Sort Space Type": "Memory"},{"Worker Number": 2,"Sort Method": "quicksort","Sort Space Used": 2673,"Sort Space Type": "Memory"},{"Worker Number": 3,"Sort Method": "quicksort","Sort Space Used": 2830,"Sort Space Type": "Memory"}],"Plans": [{"Node Type": "Hash Join","Parent Relationship": "Outer","Parallel Aware": true,"Async Capable": false,"Join Type": "Inner","Startup Cost": 6678.49,"Total Cost": 22224.99,"Plan Rows": 14469,"Plan Width": 40,"Actual Startup Time": 30.785,"Actual Total Time": 79.531,"Actual Rows": 23799,"Actual Loops": 5,"Inner Unique": true,"Hash Cond": "(partsupp.ps_partkey = part.p_partkey)","Workers": [],"Plans": [{"Node Type": "Index Only Scan","Parent Relationship": "Outer","Parallel Aware": true,"Async Capable": false,"Scan Direction": "Forward","Index Name": "partsupp_pkey","Relation Name": "partsupp","Alias": "partsupp","Startup Cost": 347.43,"Total Cost": 15631.43,"Plan Rows": 100000,"Plan Width": 8,"Actual Startup Time": 7.829,"Actual Total Time": 32.755,"Actual Rows": 159936,"Actual Loops": 5,"Filter": "(NOT (hashed SubPlan 1))","Rows Removed by Filter": 64,"Heap Fetches": 0,"Workers": [],"Plans": [{"Node Type": "Seq Scan","Parent Relationship": "SubPlan","Subplan Name": "SubPlan 1","Parallel Aware": false,"Async Capable": false,"Relation Name": "supplier","Alias": "supplier","Startup Cost": 0.00,"Total Cost": 347.00,"Plan Rows": 1,"Plan Width": 4,"Actual Startup Time": 0.197,"Actual Total Time": 7.671,"Actual Rows": 4,"Actual Loops": 5,"Filter": "((s_comment)::text ~~ '%Customer%Complaints%'::text)","Rows Removed by Filter": 9996,"Workers": []}]},{"Node Type": "Hash","Parent Relationship": "Inner","Parallel Aware": true,"Async Capable": false,"Startup Cost": 6180.33,"Total Cost": 6180.33,"Plan Rows": 12058,"Plan Width": 40,"Actual Startup Time": 22.672,"Actual Total Time": 22.676,"Actual Rows": 5952,"Actual Loops": 5,"Hash Buckets": 32768,"Original Hash Buckets": 32768,"Hash Batches": 1,"Original Hash Batches": 1,"Peak Memory Usage": 2592,"Workers": [],"Plans": [{"Node Type": "Seq Scan","Parent Relationship": "Outer","Parallel Aware": true,"Async Capable": false,"Relation Name": "part","Alias": "part","Startup Cost": 0.00,"Total Cost": 6180.33,"Plan Rows": 12058,"Plan Width": 40,"Actual Startup Time": 0.059,"Actual Total Time": 19.095,"Actual Rows": 5952,"Actual Loops": 5,"Filter": "((p_brand <> 'Brand#15'::bpchar) AND ((p_type)::text !~~ 'LARGE POLISHED%'::text) AND (p_size = ANY ('{12,18,40,48,8,35,9,15}'::integer[])))","Rows Removed by Filter": 34048,"Workers": []}]}]}]}]}]}]},"Planning Time": 5.116,"Triggers": [],"Execution Time": 235.790}]
[{"Plan": {"Node Type": "Sort","Parallel Aware": false,"Async Capable": false,"Startup Cost": 33119.01,"Total Cost": 33158.77,"Plan Rows": 15903,"Plan Width": 44,"Actual Startup Time": 239.704,"Actual Total Time": 241.567,"Actual Rows": 18297,"Actual Loops": 1,"Sort Key": ["(count(DISTINCT partsupp.ps_suppkey)) DESC", "part.p_brand", "part.p_type", "part.p_size"],"Sort Method": "quicksort","Sort Space Used": 2340,"Sort Space Type": "Memory","Plans": [{"Node Type": "Aggregate","Strategy": "Sorted","Partial Mode": "Simple","Parent Relationship": "Outer","Parallel Aware": false,"Async Capable": false,"Startup Cost": 24241.64,"Total Cost": 32009.22,"Plan Rows": 15903,"Plan Width": 44,"Actual Startup Time": 132.893,"Actual Total Time": 200.884,"Actual Rows": 18297,"Actual Loops": 1,"Group Key": ["part.p_brand", "part.p_type", "part.p_size"],"Plans": [{"Node Type": "Gather Merge","Parent Relationship": "Outer","Parallel Aware": false,"Async Capable": false,"Startup Cost": 24241.64,"Total Cost": 31263.72,"Plan Rows": 58647,"Plan Width": 40,"Actual Startup Time": 132.829,"Actual Total Time": 172.623,"Actual Rows": 118476,"Actual Loops": 1,"Workers Planned": 4,"Workers Launched": 4,"Plans": [{"Node Type": "Sort","Parent Relationship": "Outer","Parallel Aware": false,"Async Capable": false,"Startup Cost": 23241.58,"Total Cost": 23278.24,"Plan Rows": 14662,"Plan Width": 40,"Actual Startup Time": 121.322,"Actual Total Time": 123.740,"Actual Rows": 23695,"Actual Loops": 5,"Sort Key": ["part.p_brand", "part.p_type", "part.p_size"],"Sort Method": "quicksort","Sort Space Used": 2466,"Sort Space Type": "Memory","Workers": [{"Worker Number": 0,"Sort Method": "quicksort","Sort Space Used": 2859,"Sort Space Type": "Memory"},{"Worker Number": 1,"Sort Method": "quicksort","Sort Space Used": 2879,"Sort Space Type": "Memory"},{"Worker Number": 2,"Sort Method": "quicksort","Sort Space Used": 2497,"Sort Space Type": "Memory"},{"Worker Number": 3,"Sort Method": "quicksort","Sort Space Used": 2882,"Sort Space Type": "Memory"}],"Plans": [{"Node Type": "Hash Join","Parent Relationship": "Outer","Parallel Aware": true,"Async Capable": false,"Join Type": "Inner","Startup Cost": 6680.49,"Total Cost": 22226.99,"Plan Rows": 14662,"Plan Width": 40,"Actual Startup Time": 28.471,"Actual Total Time": 79.644,"Actual Rows": 23695,"Actual Loops": 5,"Inner Unique": true,"Hash Cond": "(partsupp.ps_partkey = part.p_partkey)","Workers": [],"Plans": [{"Node Type": "Index Only Scan","Parent Relationship": "Outer","Parallel Aware": true,"Async Capable": false,"Scan Direction": "Forward","Index Name": "partsupp_pkey","Relation Name": "partsupp","Alias": "partsupp","Startup Cost": 347.43,"Total Cost": 15631.43,"Plan Rows": 100000,"Plan Width": 8,"Actual Startup Time": 5.887,"Actual Total Time": 32.456,"Actual Rows": 159936,"Actual Loops": 5,"Filter": "(NOT (hashed SubPlan 1))","Rows Removed by Filter": 64,"Heap Fetches": 0,"Workers": [],"Plans": [{"Node Type": "Seq Scan","Parent Relationship": "SubPlan","Subplan Name": "SubPlan 1","Parallel Aware": false,"Async Capable": false,"Relation Name": "supplier","Alias": "supplier","Startup Cost": 0.00,"Total Cost": 347.00,"Plan Rows": 1,"Plan Width": 4,"Actual Startup Time": 0.185,"Actual Total Time": 5.704,"Actual Rows": 4,"Actual Loops": 5,"Filter": "((s_comment)::text ~~ '%Customer%Complaints%'::text)","Rows Removed by Filter": 9996,"Workers": []}]},{"Node Type": "Hash","Parent Relationship": "Inner","Parallel Aware": true,"Async Capable": false,"Startup Cost": 6180.33,"Total Cost": 6180.33,"Plan Rows": 12218,"Plan Width": 40,"Actual Startup Time": 22.265,"Actual Total Time": 22.269,"Actual Rows": 5927,"Actual Loops": 5,"Hash Buckets": 32768,"Original Hash Buckets": 32768,"Hash Batches": 1,"Original Hash Batches": 1,"Peak Memory Usage": 2496,"Workers": [],"Plans": [{"Node Type": "Seq Scan","Parent Relationship": "Outer","Parallel Aware": true,"Async Capable": false,"Relation Name": "part","Alias": "part","Startup Cost": 0.00,"Total Cost": 6180.33,"Plan Rows": 12218,"Plan Width": 40,"Actual Startup Time": 0.064,"Actual Total Time": 18.498,"Actual Rows": 5927,"Actual Loops": 5,"Filter": "((p_brand <> 'Brand#41'::bpchar) AND ((p_type)::text !~~ 'STANDARD PLATED%'::text) AND (p_size = ANY ('{5,48,20,19,12,32,26,33}'::integer[])))","Rows Removed by Filter": 34073,"Workers": []}]}]}]}]}]}]},"Planning Time": 5.072,"Triggers": [],"Execution Time": 242.522}]
[{"Plan": {"Node Type": "Sort","Parallel Aware": false,"Async Capable": false,"Startup Cost": 32998.39,"Total Cost": 33037.92,"Plan Rows": 15813,"Plan Width": 44,"Actual Startup Time": 250.709,"Actual Total Time": 252.534,"Actual Rows": 18328,"Actual Loops": 1,"Sort Key": ["(count(DISTINCT partsupp.ps_suppkey)) DESC", "part.p_brand", "part.p_type", "part.p_size"],"Sort Method": "quicksort","Sort Space Used": 2341,"Sort Space Type": "Memory","Plans": [{"Node Type": "Aggregate","Strategy": "Sorted","Partial Mode": "Simple","Parent Relationship": "Outer","Parallel Aware": false,"Async Capable": false,"Startup Cost": 24225.50,"Total Cost": 31895.52,"Plan Rows": 15813,"Plan Width": 44,"Actual Startup Time": 143.711,"Actual Total Time": 213.811,"Actual Rows": 18328,"Actual Loops": 1,"Group Key": ["part.p_brand", "part.p_type", "part.p_size"],"Plans": [{"Node Type": "Gather Merge","Parent Relationship": "Outer","Parallel Aware": false,"Async Capable": false,"Startup Cost": 24225.50,"Total Cost": 31158.37,"Plan Rows": 57902,"Plan Width": 40,"Actual Startup Time": 143.649,"Actual Total Time": 184.512,"Actual Rows": 117372,"Actual Loops": 1,"Workers Planned": 4,"Workers Launched": 4,"Plans": [{"Node Type": "Sort","Parent Relationship": "Outer","Parallel Aware": false,"Async Capable": false,"Startup Cost": 23225.44,"Total Cost": 23261.63,"Plan Rows": 14476,"Plan Width": 40,"Actual Startup Time": 123.265,"Actual Total Time": 125.925,"Actual Rows": 23474,"Actual Loops": 5,"Sort Key": ["part.p_brand", "part.p_type", "part.p_size"],"Sort Method": "quicksort","Sort Space Used": 2375,"Sort Space Type": "Memory","Workers": [{"Worker Number": 0,"Sort Method": "quicksort","Sort Space Used": 2760,"Sort Space Type": "Memory"},{"Worker Number": 1,"Sort Method": "quicksort","Sort Space Used": 2807,"Sort Space Type": "Memory"},{"Worker Number": 2,"Sort Method": "quicksort","Sort Space Used": 2805,"Sort Space Type": "Memory"},{"Worker Number": 3,"Sort Method": "quicksort","Sort Space Used": 2738,"Sort Space Type": "Memory"}],"Plans": [{"Node Type": "Hash Join","Parent Relationship": "Outer","Parallel Aware": true,"Async Capable": false,"Join Type": "Inner","Startup Cost": 6678.55,"Total Cost": 22225.05,"Plan Rows": 14476,"Plan Width": 40,"Actual Startup Time": 30.277,"Actual Total Time": 79.666,"Actual Rows": 23474,"Actual Loops": 5,"Inner Unique": true,"Hash Cond": "(partsupp.ps_partkey = part.p_partkey)","Workers": [],"Plans": [{"Node Type": "Index Only Scan","Parent Relationship": "Outer","Parallel Aware": true,"Async Capable": false,"Scan Direction": "Forward","Index Name": "partsupp_pkey","Relation Name": "partsupp","Alias": "partsupp","Startup Cost": 347.43,"Total Cost": 15631.43,"Plan Rows": 100000,"Plan Width": 8,"Actual Startup Time": 7.302,"Actual Total Time": 33.096,"Actual Rows": 159936,"Actual Loops": 5,"Filter": "(NOT (hashed SubPlan 1))","Rows Removed by Filter": 64,"Heap Fetches": 0,"Workers": [],"Plans": [{"Node Type": "Seq Scan","Parent Relationship": "SubPlan","Subplan Name": "SubPlan 1","Parallel Aware": false,"Async Capable": false,"Relation Name": "supplier","Alias": "supplier","Startup Cost": 0.00,"Total Cost": 347.00,"Plan Rows": 1,"Plan Width": 4,"Actual Startup Time": 0.141,"Actual Total Time": 7.148,"Actual Rows": 4,"Actual Loops": 5,"Filter": "((s_comment)::text ~~ '%Customer%Complaints%'::text)","Rows Removed by Filter": 9996,"Workers": []}]},{"Node Type": "Hash","Parent Relationship": "Inner","Parallel Aware": true,"Async Capable": false,"Startup Cost": 6180.33,"Total Cost": 6180.33,"Plan Rows": 12063,"Plan Width": 40,"Actual Startup Time": 22.714,"Actual Total Time": 22.718,"Actual Rows": 5871,"Actual Loops": 5,"Hash Buckets": 32768,"Original Hash Buckets": 32768,"Hash Batches": 1,"Original Hash Batches": 1,"Peak Memory Usage": 2560,"Workers": [],"Plans": [{"Node Type": "Seq Scan","Parent Relationship": "Outer","Parallel Aware": true,"Async Capable": false,"Relation Name": "part","Alias": "part","Startup Cost": 0.00,"Total Cost": 6180.33,"Plan Rows": 12063,"Plan Width": 40,"Actual Startup Time": 0.064,"Actual Total Time": 19.002,"Actual Rows": 5871,"Actual Loops": 5,"Filter": "((p_brand <> 'Brand#13'::bpchar) AND ((p_type)::text !~~ 'STANDARD BURNISHED%'::text) AND (p_size = ANY ('{49,23,17,47,46,5,19,25}'::integer[])))","Rows Removed by Filter": 34129,"Workers": []}]}]}]}]}]}]},"Planning Time": 4.015,"Triggers": [],"Execution Time": 253.462}]
[{"Plan": {"Node Type": "Sort","Parallel Aware": false,"Async Capable": false,"Startup Cost": 33027.26,"Total Cost": 33066.84,"Plan Rows": 15834,"Plan Width": 44,"Actual Startup Time": 233.417,"Actual Total Time": 235.389,"Actual Rows": 18241,"Actual Loops": 1,"Sort Key": ["(count(DISTINCT partsupp.ps_suppkey)) DESC", "part.p_brand", "part.p_type", "part.p_size"],"Sort Method": "quicksort","Sort Space Used": 2335,"Sort Space Type": "Memory","Plans": [{"Node Type": "Aggregate","Strategy": "Sorted","Partial Mode": "Simple","Parent Relationship": "Outer","Parallel Aware": false,"Async Capable": false,"Startup Cost": 24229.32,"Total Cost": 31922.78,"Plan Rows": 15834,"Plan Width": 44,"Actual Startup Time": 128.850,"Actual Total Time": 195.574,"Actual Rows": 18241,"Actual Loops": 1,"Group Key": ["part.p_brand", "part.p_type", "part.p_size"],"Plans": [{"Node Type": "Gather Merge","Parent Relationship": "Outer","Parallel Aware": false,"Async Capable": false,"Startup Cost": 24229.32,"Total Cost": 31183.63,"Plan Rows": 58081,"Plan Width": 40,"Actual Startup Time": 128.784,"Actual Total Time": 167.917,"Actual Rows": 117978,"Actual Loops": 1,"Workers Planned": 4,"Workers Launched": 4,"Plans": [{"Node Type": "Sort","Parent Relationship": "Outer","Parallel Aware": false,"Async Capable": false,"Startup Cost": 23229.26,"Total Cost": 23265.56,"Plan Rows": 14520,"Plan Width": 40,"Actual Startup Time": 121.166,"Actual Total Time": 123.739,"Actual Rows": 23596,"Actual Loops": 5,"Sort Key": ["part.p_brand", "part.p_type", "part.p_size"],"Sort Method": "quicksort","Sort Space Used": 2702,"Sort Space Type": "Memory","Workers": [{"Worker Number": 0,"Sort Method": "quicksort","Sort Space Used": 2720,"Sort Space Type": "Memory"},{"Worker Number": 1,"Sort Method": "quicksort","Sort Space Used": 2738,"Sort Space Type": "Memory"},{"Worker Number": 2,"Sort Method": "quicksort","Sort Space Used": 2657,"Sort Space Type": "Memory"},{"Worker Number": 3,"Sort Method": "quicksort","Sort Space Used": 2728,"Sort Space Type": "Memory"}],"Plans": [{"Node Type": "Hash Join","Parent Relationship": "Outer","Parallel Aware": true,"Async Capable": false,"Join Type": "Inner","Startup Cost": 6679.01,"Total Cost": 22225.51,"Plan Rows": 14520,"Plan Width": 40,"Actual Startup Time": 30.188,"Actual Total Time": 80.271,"Actual Rows": 23596,"Actual Loops": 5,"Inner Unique": true,"Hash Cond": "(partsupp.ps_partkey = part.p_partkey)","Workers": [],"Plans": [{"Node Type": "Index Only Scan","Parent Relationship": "Outer","Parallel Aware": true,"Async Capable": false,"Scan Direction": "Forward","Index Name": "partsupp_pkey","Relation Name": "partsupp","Alias": "partsupp","Startup Cost": 347.43,"Total Cost": 15631.43,"Plan Rows": 100000,"Plan Width": 8,"Actual Startup Time": 7.646,"Actual Total Time": 32.500,"Actual Rows": 159936,"Actual Loops": 5,"Filter": "(NOT (hashed SubPlan 1))","Rows Removed by Filter": 64,"Heap Fetches": 0,"Workers": [],"Plans": [{"Node Type": "Seq Scan","Parent Relationship": "SubPlan","Subplan Name": "SubPlan 1","Parallel Aware": false,"Async Capable": false,"Relation Name": "supplier","Alias": "supplier","Startup Cost": 0.00,"Total Cost": 347.00,"Plan Rows": 1,"Plan Width": 4,"Actual Startup Time": 0.126,"Actual Total Time": 7.492,"Actual Rows": 4,"Actual Loops": 5,"Filter": "((s_comment)::text ~~ '%Customer%Complaints%'::text)","Rows Removed by Filter": 9996,"Workers": []}]},{"Node Type": "Hash","Parent Relationship": "Inner","Parallel Aware": true,"Async Capable": false,"Startup Cost": 6180.33,"Total Cost": 6180.33,"Plan Rows": 12100,"Plan Width": 40,"Actual Startup Time": 22.284,"Actual Total Time": 22.287,"Actual Rows": 5901,"Actual Loops": 5,"Hash Buckets": 32768,"Original Hash Buckets": 32768,"Hash Batches": 1,"Original Hash Batches": 1,"Peak Memory Usage": 2560,"Workers": [],"Plans": [{"Node Type": "Seq Scan","Parent Relationship": "Outer","Parallel Aware": true,"Async Capable": false,"Relation Name": "part","Alias": "part","Startup Cost": 0.00,"Total Cost": 6180.33,"Plan Rows": 12100,"Plan Width": 40,"Actual Startup Time": 0.055,"Actual Total Time": 18.812,"Actual Rows": 5901,"Actual Loops": 5,"Filter": "((p_brand <> 'Brand#33'::bpchar) AND ((p_type)::text !~~ 'STANDARD BRUSHED%'::text) AND (p_size = ANY ('{28,36,16,8,31,20,5,34}'::integer[])))","Rows Removed by Filter": 34099,"Workers": []}]}]}]}]}]}]},"Planning Time": 4.176,"Triggers": [],"Execution Time": 236.600}]
[{"Plan": {"Node Type": "Sort","Parallel Aware": false,"Async Capable": false,"Startup Cost": 33250.57,"Total Cost": 33290.57,"Plan Rows": 16000,"Plan Width": 44,"Actual Startup Time": 246.974,"Actual Total Time": 248.736,"Actual Rows": 18265,"Actual Loops": 1,"Sort Key": ["(count(DISTINCT partsupp.ps_suppkey)) DESC", "part.p_brand", "part.p_type", "part.p_size"],"Sort Method": "quicksort","Sort Space Used": 2337,"Sort Space Type": "Memory","Plans": [{"Node Type": "Aggregate","Strategy": "Sorted","Partial Mode": "Simple","Parent Relationship": "Outer","Parallel Aware": false,"Async Capable": false,"Startup Cost": 24259.29,"Total Cost": 32133.31,"Plan Rows": 16000,"Plan Width": 44,"Actual Startup Time": 140.564,"Actual Total Time": 207.750,"Actual Rows": 18265,"Actual Loops": 1,"Group Key": ["part.p_brand", "part.p_type", "part.p_size"],"Plans": [{"Node Type": "Gather Merge","Parent Relationship": "Outer","Parallel Aware": false,"Async Capable": false,"Startup Cost": 24259.29,"Total Cost": 31378.71,"Plan Rows": 59460,"Plan Width": 40,"Actual Startup Time": 140.514,"Actual Total Time": 179.632,"Actual Rows": 117696,"Actual Loops": 1,"Workers Planned": 4,"Workers Launched": 4,"Plans": [{"Node Type": "Sort","Parent Relationship": "Outer","Parallel Aware": false,"Async Capable": false,"Startup Cost": 23259.23,"Total Cost": 23296.39,"Plan Rows": 14865,"Plan Width": 40,"Actual Startup Time": 122.814,"Actual Total Time": 125.646,"Actual Rows": 23539,"Actual Loops": 5,"Sort Key": ["part.p_brand", "part.p_type", "part.p_size"],"Sort Method": "quicksort","Sort Space Used": 2407,"Sort Space Type": "Memory","Workers": [{"Worker Number": 0,"Sort Method": "quicksort","Sort Space Used": 2758,"Sort Space Type": "Memory"},{"Worker Number": 1,"Sort Method": "quicksort","Sort Space Used": 2769,"Sort Space Type": "Memory"},{"Worker Number": 2,"Sort Method": "quicksort","Sort Space Used": 2799,"Sort Space Type": "Memory"},{"Worker Number": 3,"Sort Method": "quicksort","Sort Space Used": 2786,"Sort Space Type": "Memory"}],"Plans": [{"Node Type": "Hash Join","Parent Relationship": "Outer","Parallel Aware": true,"Async Capable": false,"Join Type": "Inner","Startup Cost": 6682.61,"Total Cost": 22229.11,"Plan Rows": 14865,"Plan Width": 40,"Actual Startup Time": 30.012,"Actual Total Time": 79.466,"Actual Rows": 23539,"Actual Loops": 5,"Inner Unique": true,"Hash Cond": "(partsupp.ps_partkey = part.p_partkey)","Workers": [],"Plans": [{"Node Type": "Index Only Scan","Parent Relationship": "Outer","Parallel Aware": true,"Async Capable": false,"Scan Direction": "Forward","Index Name": "partsupp_pkey","Relation Name": "partsupp","Alias": "partsupp","Startup Cost": 347.43,"Total Cost": 15631.43,"Plan Rows": 100000,"Plan Width": 8,"Actual Startup Time": 7.293,"Actual Total Time": 33.069,"Actual Rows": 159936,"Actual Loops": 5,"Filter": "(NOT (hashed SubPlan 1))","Rows Removed by Filter": 64,"Heap Fetches": 0,"Workers": [],"Plans": [{"Node Type": "Seq Scan","Parent Relationship": "SubPlan","Subplan Name": "SubPlan 1","Parallel Aware": false,"Async Capable": false,"Relation Name": "supplier","Alias": "supplier","Startup Cost": 0.00,"Total Cost": 347.00,"Plan Rows": 1,"Plan Width": 4,"Actual Startup Time": 0.161,"Actual Total Time": 7.123,"Actual Rows": 4,"Actual Loops": 5,"Filter": "((s_comment)::text ~~ '%Customer%Complaints%'::text)","Rows Removed by Filter": 9996,"Workers": []}]},{"Node Type": "Hash","Parent Relationship": "Inner","Parallel Aware": true,"Async Capable": false,"Startup Cost": 6180.33,"Total Cost": 6180.33,"Plan Rows": 12388,"Plan Width": 40,"Actual Startup Time": 22.431,"Actual Total Time": 22.437,"Actual Rows": 5887,"Actual Loops": 5,"Hash Buckets": 32768,"Original Hash Buckets": 32768,"Hash Batches": 1,"Original Hash Batches": 1,"Peak Memory Usage": 2528,"Workers": [],"Plans": [{"Node Type": "Seq Scan","Parent Relationship": "Outer","Parallel Aware": true,"Async Capable": false,"Relation Name": "part","Alias": "part","Startup Cost": 0.00,"Total Cost": 6180.33,"Plan Rows": 12388,"Plan Width": 40,"Actual Startup Time": 0.056,"Actual Total Time": 18.647,"Actual Rows": 5887,"Actual Loops": 5,"Filter": "((p_brand <> 'Brand#35'::bpchar) AND ((p_type)::text !~~ 'ECONOMY POLISHED%'::text) AND (p_size = ANY ('{36,32,40,28,46,48,34,39}'::integer[])))","Rows Removed by Filter": 34113,"Workers": []}]}]}]}]}]}]},"Planning Time": 4.399,"Triggers": [],"Execution Time": 249.608}]
[{"Plan": {"Node Type": "Sort","Parallel Aware": false,"Async Capable": false,"Startup Cost": 33040.80,"Total Cost": 33080.41,"Plan Rows": 15845,"Plan Width": 44,"Actual Startup Time": 234.675,"Actual Total Time": 236.300,"Actual Rows": 18259,"Actual Loops": 1,"Sort Key": ["(count(DISTINCT partsupp.ps_suppkey)) DESC", "part.p_brand", "part.p_type", "part.p_size"],"Sort Method": "quicksort","Sort Space Used": 2337,"Sort Space Type": "Memory","Plans": [{"Node Type": "Aggregate","Strategy": "Sorted","Partial Mode": "Simple","Parent Relationship": "Outer","Parallel Aware": false,"Async Capable": false,"Startup Cost": 24231.13,"Total Cost": 31935.47,"Plan Rows": 15845,"Plan Width": 44,"Actual Startup Time": 131.984,"Actual Total Time": 197.282,"Actual Rows": 18259,"Actual Loops": 1,"Group Key": ["part.p_brand", "part.p_type", "part.p_size"],"Plans": [{"Node Type": "Gather Merge","Parent Relationship": "Outer","Parallel Aware": false,"Async Capable": false,"Startup Cost": 24231.13,"Total Cost": 31195.38,"Plan Rows": 58164,"Plan Width": 40,"Actual Startup Time": 131.942,"Actual Total Time": 169.908,"Actual Rows": 117791,"Actual Loops": 1,"Workers Planned": 4,"Workers Launched": 4,"Plans": [{"Node Type": "Sort","Parent Relationship": "Outer","Parallel Aware": false,"Async Capable": false,"Startup Cost": 23231.08,"Total Cost": 23267.43,"Plan Rows": 14541,"Plan Width": 40,"Actual Startup Time": 122.284,"Actual Total Time": 124.934,"Actual Rows": 23558,"Actual Loops": 5,"Sort Key": ["part.p_brand", "part.p_type", "part.p_size"],"Sort Method": "quicksort","Sort Space Used": 2471,"Sort Space Type": "Memory","Workers": [{"Worker Number": 0,"Sort Method": "quicksort","Sort Space Used": 2838,"Sort Space Type": "Memory"},{"Worker Number": 1,"Sort Method": "quicksort","Sort Space Used": 2825,"Sort Space Type": "Memory"},{"Worker Number": 2,"Sort Method": "quicksort","Sort Space Used": 2571,"Sort Space Type": "Memory"},{"Worker Number": 3,"Sort Method": "quicksort","Sort Space Used": 2831,"Sort Space Type": "Memory"}],"Plans": [{"Node Type": "Hash Join","Parent Relationship": "Outer","Parallel Aware": true,"Async Capable": false,"Join Type": "Inner","Startup Cost": 6679.22,"Total Cost": 22225.72,"Plan Rows": 14541,"Plan Width": 40,"Actual Startup Time": 29.850,"Actual Total Time": 80.243,"Actual Rows": 23558,"Actual Loops": 5,"Inner Unique": true,"Hash Cond": "(partsupp.ps_partkey = part.p_partkey)","Workers": [],"Plans": [{"Node Type": "Index Only Scan","Parent Relationship": "Outer","Parallel Aware": true,"Async Capable": false,"Scan Direction": "Forward","Index Name": "partsupp_pkey","Relation Name": "partsupp","Alias": "partsupp","Startup Cost": 347.43,"Total Cost": 15631.43,"Plan Rows": 100000,"Plan Width": 8,"Actual Startup Time": 7.059,"Actual Total Time": 33.432,"Actual Rows": 159936,"Actual Loops": 5,"Filter": "(NOT (hashed SubPlan 1))","Rows Removed by Filter": 64,"Heap Fetches": 0,"Workers": [],"Plans": [{"Node Type": "Seq Scan","Parent Relationship": "SubPlan","Subplan Name": "SubPlan 1","Parallel Aware": false,"Async Capable": false,"Relation Name": "supplier","Alias": "supplier","Startup Cost": 0.00,"Total Cost": 347.00,"Plan Rows": 1,"Plan Width": 4,"Actual Startup Time": 0.194,"Actual Total Time": 6.892,"Actual Rows": 4,"Actual Loops": 5,"Filter": "((s_comment)::text ~~ '%Customer%Complaints%'::text)","Rows Removed by Filter": 9996,"Workers": []}]},{"Node Type": "Hash","Parent Relationship": "Inner","Parallel Aware": true,"Async Capable": false,"Startup Cost": 6180.33,"Total Cost": 6180.33,"Plan Rows": 12117,"Plan Width": 40,"Actual Startup Time": 22.510,"Actual Total Time": 22.514,"Actual Rows": 5892,"Actual Loops": 5,"Hash Buckets": 32768,"Original Hash Buckets": 32768,"Hash Batches": 1,"Original Hash Batches": 1,"Peak Memory Usage": 2528,"Workers": [],"Plans": [{"Node Type": "Seq Scan","Parent Relationship": "Outer","Parallel Aware": true,"Async Capable": false,"Relation Name": "part","Alias": "part","Startup Cost": 0.00,"Total Cost": 6180.33,"Plan Rows": 12117,"Plan Width": 40,"Actual Startup Time": 0.066,"Actual Total Time": 18.759,"Actual Rows": 5892,"Actual Loops": 5,"Filter": "((p_brand <> 'Brand#15'::bpchar) AND ((p_type)::text !~~ 'MEDIUM BRUSHED%'::text) AND (p_size = ANY ('{26,45,24,31,28,22,49,9}'::integer[])))","Rows Removed by Filter": 34108,"Workers": []}]}]}]}]}]}]},"Planning Time": 3.998,"Triggers": [],"Execution Time": 237.194}]
[{"Plan": {"Node Type": "Sort","Parallel Aware": false,"Async Capable": false,"Startup Cost": 33028.16,"Total Cost": 33067.75,"Plan Rows": 15835,"Plan Width": 44,"Actual Startup Time": 240.164,"Actual Total Time": 241.892,"Actual Rows": 18223,"Actual Loops": 1,"Sort Key": ["(count(DISTINCT partsupp.ps_suppkey)) DESC", "part.p_brand", "part.p_type", "part.p_size"],"Sort Method": "quicksort","Sort Space Used": 2334,"Sort Space Type": "Memory","Plans": [{"Node Type": "Aggregate","Strategy": "Sorted","Partial Mode": "Simple","Parent Relationship": "Outer","Parallel Aware": false,"Async Capable": false,"Startup Cost": 24229.48,"Total Cost": 31923.60,"Plan Rows": 15835,"Plan Width": 44,"Actual Startup Time": 135.845,"Actual Total Time": 203.110,"Actual Rows": 18223,"Actual Loops": 1,"Group Key": ["part.p_brand", "part.p_type", "part.p_size"],"Plans": [{"Node Type": "Gather Merge","Parent Relationship": "Outer","Parallel Aware": false,"Async Capable": false,"Startup Cost": 24229.48,"Total Cost": 31184.39,"Plan Rows": 58086,"Plan Width": 40,"Actual Startup Time": 135.769,"Actual Total Time": 174.744,"Actual Rows": 117941,"Actual Loops": 1,"Workers Planned": 4,"Workers Launched": 4,"Plans": [{"Node Type": "Sort","Parent Relationship": "Outer","Parallel Aware": false,"Async Capable": false,"Startup Cost": 23229.43,"Total Cost": 23265.73,"Plan Rows": 14522,"Plan Width": 40,"Actual Startup Time": 123.101,"Actual Total Time": 125.576,"Actual Rows": 23588,"Actual Loops": 5,"Sort Key": ["part.p_brand", "part.p_type", "part.p_size"],"Sort Method": "quicksort","Sort Space Used": 2333,"Sort Space Type": "Memory","Workers": [{"Worker Number": 0,"Sort Method": "quicksort","Sort Space Used": 2854,"Sort Space Type": "Memory"},{"Worker Number": 1,"Sort Method": "quicksort","Sort Space Used": 2843,"Sort Space Type": "Memory"},{"Worker Number": 2,"Sort Method": "quicksort","Sort Space Used": 2818,"Sort Space Type": "Memory"},{"Worker Number": 3,"Sort Method": "quicksort","Sort Space Used": 2686,"Sort Space Type": "Memory"}],"Plans": [{"Node Type": "Hash Join","Parent Relationship": "Outer","Parallel Aware": true,"Async Capable": false,"Join Type": "Inner","Startup Cost": 6679.02,"Total Cost": 22225.52,"Plan Rows": 14522,"Plan Width": 40,"Actual Startup Time": 31.911,"Actual Total Time": 80.507,"Actual Rows": 23588,"Actual Loops": 5,"Inner Unique": true,"Hash Cond": "(partsupp.ps_partkey = part.p_partkey)","Workers": [],"Plans": [{"Node Type": "Index Only Scan","Parent Relationship": "Outer","Parallel Aware": true,"Async Capable": false,"Scan Direction": "Forward","Index Name": "partsupp_pkey","Relation Name": "partsupp","Alias": "partsupp","Startup Cost": 347.43,"Total Cost": 15631.43,"Plan Rows": 100000,"Plan Width": 8,"Actual Startup Time": 8.947,"Actual Total Time": 33.886,"Actual Rows": 159936,"Actual Loops": 5,"Filter": "(NOT (hashed SubPlan 1))","Rows Removed by Filter": 64,"Heap Fetches": 0,"Workers": [],"Plans": [{"Node Type": "Seq Scan","Parent Relationship": "SubPlan","Subplan Name": "SubPlan 1","Parallel Aware": false,"Async Capable": false,"Relation Name": "supplier","Alias": "supplier","Startup Cost": 0.00,"Total Cost": 347.00,"Plan Rows": 1,"Plan Width": 4,"Actual Startup Time": 0.174,"Actual Total Time": 8.805,"Actual Rows": 4,"Actual Loops": 5,"Filter": "((s_comment)::text ~~ '%Customer%Complaints%'::text)","Rows Removed by Filter": 9996,"Workers": []}]},{"Node Type": "Hash","Parent Relationship": "Inner","Parallel Aware": true,"Async Capable": false,"Startup Cost": 6180.33,"Total Cost": 6180.33,"Plan Rows": 12101,"Plan Width": 40,"Actual Startup Time": 22.683,"Actual Total Time": 22.686,"Actual Rows": 5899,"Actual Loops": 5,"Hash Buckets": 32768,"Original Hash Buckets": 32768,"Hash Batches": 1,"Original Hash Batches": 1,"Peak Memory Usage": 2528,"Workers": [],"Plans": [{"Node Type": "Seq Scan","Parent Relationship": "Outer","Parallel Aware": true,"Async Capable": false,"Relation Name": "part","Alias": "part","Startup Cost": 0.00,"Total Cost": 6180.33,"Plan Rows": 12101,"Plan Width": 40,"Actual Startup Time": 0.066,"Actual Total Time": 19.411,"Actual Rows": 5899,"Actual Loops": 5,"Filter": "((p_brand <> 'Brand#51'::bpchar) AND ((p_type)::text !~~ 'STANDARD ANODIZED%'::text) AND (p_size = ANY ('{27,43,8,16,5,9,12,50}'::integer[])))","Rows Removed by Filter": 34101,"Workers": []}]}]}]}]}]}]},"Planning Time": 4.004,"Triggers": [],"Execution Time": 243.460}]
[{"Plan": {"Node Type": "Sort","Parallel Aware": false,"Async Capable": false,"Startup Cost": 33223.72,"Total Cost": 33263.67,"Plan Rows": 15980,"Plan Width": 44,"Actual Startup Time": 233.064,"Actual Total Time": 234.969,"Actual Rows": 18315,"Actual Loops": 1,"Sort Key": ["(count(DISTINCT partsupp.ps_suppkey)) DESC", "part.p_brand", "part.p_type", "part.p_size"],"Sort Method": "quicksort","Sort Space Used": 2342,"Sort Space Type": "Memory","Plans": [{"Node Type": "Aggregate","Strategy": "Sorted","Partial Mode": "Simple","Parent Relationship": "Outer","Parallel Aware": false,"Async Capable": false,"Startup Cost": 24255.71,"Total Cost": 32108.00,"Plan Rows": 15980,"Plan Width": 44,"Actual Startup Time": 132.069,"Actual Total Time": 198.350,"Actual Rows": 18315,"Actual Loops": 1,"Group Key": ["part.p_brand", "part.p_type", "part.p_size"],"Plans": [{"Node Type": "Gather Merge","Parent Relationship": "Outer","Parallel Aware": false,"Async Capable": false,"Startup Cost": 24255.71,"Total Cost": 31355.26,"Plan Rows": 59294,"Plan Width": 40,"Actual Startup Time": 132.002,"Actual Total Time": 170.767,"Actual Rows": 119427,"Actual Loops": 1,"Workers Planned": 4,"Workers Launched": 4,"Plans": [{"Node Type": "Sort","Parent Relationship": "Outer","Parallel Aware": false,"Async Capable": false,"Startup Cost": 23255.65,"Total Cost": 23292.71,"Plan Rows": 14824,"Plan Width": 40,"Actual Startup Time": 123.035,"Actual Total Time": 125.668,"Actual Rows": 23885,"Actual Loops": 5,"Sort Key": ["part.p_brand", "part.p_type", "part.p_size"],"Sort Method": "quicksort","Sort Space Used": 2720,"Sort Space Type": "Memory","Workers": [{"Worker Number": 0,"Sort Method": "quicksort","Sort Space Used": 2700,"Sort Space Type": "Memory"},{"Worker Number": 1,"Sort Method": "quicksort","Sort Space Used": 2715,"Sort Space Type": "Memory"},{"Worker Number": 2,"Sort Method": "quicksort","Sort Space Used": 2768,"Sort Space Type": "Memory"},{"Worker Number": 3,"Sort Method": "quicksort","Sort Space Used": 2786,"Sort Space Type": "Memory"}],"Plans": [{"Node Type": "Hash Join","Parent Relationship": "Outer","Parallel Aware": true,"Async Capable": false,"Join Type": "Inner","Startup Cost": 6682.17,"Total Cost": 22228.67,"Plan Rows": 14824,"Plan Width": 40,"Actual Startup Time": 30.174,"Actual Total Time": 81.006,"Actual Rows": 23885,"Actual Loops": 5,"Inner Unique": true,"Hash Cond": "(partsupp.ps_partkey = part.p_partkey)","Workers": [],"Plans": [{"Node Type": "Index Only Scan","Parent Relationship": "Outer","Parallel Aware": true,"Async Capable": false,"Scan Direction": "Forward","Index Name": "partsupp_pkey","Relation Name": "partsupp","Alias": "partsupp","Startup Cost": 347.43,"Total Cost": 15631.43,"Plan Rows": 100000,"Plan Width": 8,"Actual Startup Time": 7.516,"Actual Total Time": 32.684,"Actual Rows": 159936,"Actual Loops": 5,"Filter": "(NOT (hashed SubPlan 1))","Rows Removed by Filter": 64,"Heap Fetches": 0,"Workers": [],"Plans": [{"Node Type": "Seq Scan","Parent Relationship": "SubPlan","Subplan Name": "SubPlan 1","Parallel Aware": false,"Async Capable": false,"Relation Name": "supplier","Alias": "supplier","Startup Cost": 0.00,"Total Cost": 347.00,"Plan Rows": 1,"Plan Width": 4,"Actual Startup Time": 0.143,"Actual Total Time": 7.348,"Actual Rows": 4,"Actual Loops": 5,"Filter": "((s_comment)::text ~~ '%Customer%Complaints%'::text)","Rows Removed by Filter": 9996,"Workers": []}]},{"Node Type": "Hash","Parent Relationship": "Inner","Parallel Aware": true,"Async Capable": false,"Startup Cost": 6180.33,"Total Cost": 6180.33,"Plan Rows": 12353,"Plan Width": 40,"Actual Startup Time": 22.335,"Actual Total Time": 22.339,"Actual Rows": 5974,"Actual Loops": 5,"Hash Buckets": 32768,"Original Hash Buckets": 32768,"Hash Batches": 1,"Original Hash Batches": 1,"Peak Memory Usage": 2560,"Workers": [],"Plans": [{"Node Type": "Seq Scan","Parent Relationship": "Outer","Parallel Aware": true,"Async Capable": false,"Relation Name": "part","Alias": "part","Startup Cost": 0.00,"Total Cost": 6180.33,"Plan Rows": 12353,"Plan Width": 40,"Actual Startup Time": 0.065,"Actual Total Time": 18.395,"Actual Rows": 5974,"Actual Loops": 5,"Filter": "((p_brand <> 'Brand#55'::bpchar) AND ((p_type)::text !~~ 'PROMO PLATED%'::text) AND (p_size = ANY ('{31,12,32,33,35,44,30,3}'::integer[])))","Rows Removed by Filter": 34026,"Workers": []}]}]}]}]}]}]},"Planning Time": 4.639,"Triggers": [],"Execution Time": 235.932}]
[{"Plan": {"Node Type": "Sort","Parallel Aware": false,"Async Capable": false,"Startup Cost": 33174.68,"Total Cost": 33214.54,"Plan Rows": 15944,"Plan Width": 44,"Actual Startup Time": 239.993,"Actual Total Time": 241.756,"Actual Rows": 18254,"Actual Loops": 1,"Sort Key": ["(count(DISTINCT partsupp.ps_suppkey)) DESC", "part.p_brand", "part.p_type", "part.p_size"],"Sort Method": "quicksort","Sort Space Used": 2336,"Sort Space Type": "Memory","Plans": [{"Node Type": "Aggregate","Strategy": "Sorted","Partial Mode": "Simple","Parent Relationship": "Outer","Parallel Aware": false,"Async Capable": false,"Startup Cost": 24249.11,"Total Cost": 32061.73,"Plan Rows": 15944,"Plan Width": 44,"Actual Startup Time": 134.890,"Actual Total Time": 200.840,"Actual Rows": 18254,"Actual Loops": 1,"Group Key": ["part.p_brand", "part.p_type", "part.p_size"],"Plans": [{"Node Type": "Gather Merge","Parent Relationship": "Outer","Parallel Aware": false,"Async Capable": false,"Startup Cost": 24249.11,"Total Cost": 31312.38,"Plan Rows": 58991,"Plan Width": 40,"Actual Startup Time": 134.836,"Actual Total Time": 173.458,"Actual Rows": 119237,"Actual Loops": 1,"Workers Planned": 4,"Workers Launched": 4,"Plans": [{"Node Type": "Sort","Parent Relationship": "Outer","Parallel Aware": false,"Async Capable": false,"Startup Cost": 23249.05,"Total Cost": 23285.92,"Plan Rows": 14748,"Plan Width": 40,"Actual Startup Time": 124.140,"Actual Total Time": 126.759,"Actual Rows": 23847,"Actual Loops": 5,"Sort Key": ["part.p_brand", "part.p_type", "part.p_size"],"Sort Method": "quicksort","Sort Space Used": 2540,"Sort Space Type": "Memory","Workers": [{"Worker Number": 0,"Sort Method": "quicksort","Sort Space Used": 2466,"Sort Space Type": "Memory"},{"Worker Number": 1,"Sort Method": "quicksort","Sort Space Used": 2894,"Sort Space Type": "Memory"},{"Worker Number": 2,"Sort Method": "quicksort","Sort Space Used": 2880,"Sort Space Type": "Memory"},{"Worker Number": 3,"Sort Method": "quicksort","Sort Space Used": 2882,"Sort Space Type": "Memory"}],"Plans": [{"Node Type": "Hash Join","Parent Relationship": "Outer","Parallel Aware": true,"Async Capable": false,"Join Type": "Inner","Startup Cost": 6681.39,"Total Cost": 22227.89,"Plan Rows": 14748,"Plan Width": 40,"Actual Startup Time": 30.823,"Actual Total Time": 82.239,"Actual Rows": 23847,"Actual Loops": 5,"Inner Unique": true,"Hash Cond": "(partsupp.ps_partkey = part.p_partkey)","Workers": [],"Plans": [{"Node Type": "Index Only Scan","Parent Relationship": "Outer","Parallel Aware": true,"Async Capable": false,"Scan Direction": "Forward","Index Name": "partsupp_pkey","Relation Name": "partsupp","Alias": "partsupp","Startup Cost": 347.43,"Total Cost": 15631.43,"Plan Rows": 100000,"Plan Width": 8,"Actual Startup Time": 7.293,"Actual Total Time": 34.026,"Actual Rows": 159936,"Actual Loops": 5,"Filter": "(NOT (hashed SubPlan 1))","Rows Removed by Filter": 64,"Heap Fetches": 0,"Workers": [],"Plans": [{"Node Type": "Seq Scan","Parent Relationship": "SubPlan","Subplan Name": "SubPlan 1","Parallel Aware": false,"Async Capable": false,"Relation Name": "supplier","Alias": "supplier","Startup Cost": 0.00,"Total Cost": 347.00,"Plan Rows": 1,"Plan Width": 4,"Actual Startup Time": 0.132,"Actual Total Time": 7.123,"Actual Rows": 4,"Actual Loops": 5,"Filter": "((s_comment)::text ~~ '%Customer%Complaints%'::text)","Rows Removed by Filter": 9996,"Workers": []}]},{"Node Type": "Hash","Parent Relationship": "Inner","Parallel Aware": true,"Async Capable": false,"Startup Cost": 6180.33,"Total Cost": 6180.33,"Plan Rows": 12290,"Plan Width": 40,"Actual Startup Time": 23.289,"Actual Total Time": 23.294,"Actual Rows": 5964,"Actual Loops": 5,"Hash Buckets": 32768,"Original Hash Buckets": 32768,"Hash Batches": 1,"Original Hash Batches": 1,"Peak Memory Usage": 2560,"Workers": [],"Plans": [{"Node Type": "Seq Scan","Parent Relationship": "Outer","Parallel Aware": true,"Async Capable": false,"Relation Name": "part","Alias": "part","Startup Cost": 0.00,"Total Cost": 6180.33,"Plan Rows": 12290,"Plan Width": 40,"Actual Startup Time": 0.048,"Actual Total Time": 19.505,"Actual Rows": 5964,"Actual Loops": 5,"Filter": "((p_brand <> 'Brand#23'::bpchar) AND ((p_type)::text !~~ 'LARGE POLISHED%'::text) AND (p_size = ANY ('{13,15,40,23,11,14,22,4}'::integer[])))","Rows Removed by Filter": 34036,"Workers": []}]}]}]}]}]}]},"Planning Time": 4.430,"Triggers": [],"Execution Time": 242.654}]
[{"Plan": {"Node Type": "Sort","Parallel Aware": false,"Async Capable": false,"Startup Cost": 33132.00,"Total Cost": 33171.78,"Plan Rows": 15913,"Plan Width": 44,"Actual Startup Time": 253.160,"Actual Total Time": 254.768,"Actual Rows": 18228,"Actual Loops": 1,"Sort Key": ["(count(DISTINCT partsupp.ps_suppkey)) DESC", "part.p_brand", "part.p_type", "part.p_size"],"Sort Method": "quicksort","Sort Space Used": 2335,"Sort Space Type": "Memory","Plans": [{"Node Type": "Aggregate","Strategy": "Sorted","Partial Mode": "Simple","Parent Relationship": "Outer","Parallel Aware": false,"Async Capable": false,"Startup Cost": 24243.38,"Total Cost": 32021.44,"Plan Rows": 15913,"Plan Width": 44,"Actual Startup Time": 142.610,"Actual Total Time": 213.263,"Actual Rows": 18228,"Actual Loops": 1,"Group Key": ["part.p_brand", "part.p_type", "part.p_size"],"Plans": [{"Node Type": "Gather Merge","Parent Relationship": "Outer","Parallel Aware": false,"Async Capable": false,"Startup Cost": 24243.38,"Total Cost": 31275.04,"Plan Rows": 58727,"Plan Width": 40,"Actual Startup Time": 142.545,"Actual Total Time": 183.495,"Actual Rows": 117981,"Actual Loops": 1,"Workers Planned": 4,"Workers Launched": 4,"Plans": [{"Node Type": "Sort","Parent Relationship": "Outer","Parallel Aware": false,"Async Capable": false,"Startup Cost": 23243.32,"Total Cost": 23280.03,"Plan Rows": 14682,"Plan Width": 40,"Actual Startup Time": 121.858,"Actual Total Time": 124.923,"Actual Rows": 23596,"Actual Loops": 5,"Sort Key": ["part.p_brand", "part.p_type", "part.p_size"],"Sort Method": "quicksort","Sort Space Used": 1676,"Sort Space Type": "Memory","Workers": [{"Worker Number": 0,"Sort Method": "quicksort","Sort Space Used": 2895,"Sort Space Type": "Memory"},{"Worker Number": 1,"Sort Method": "quicksort","Sort Space Used": 2817,"Sort Space Type": "Memory"},{"Worker Number": 2,"Sort Method": "quicksort","Sort Space Used": 2905,"Sort Space Type": "Memory"},{"Worker Number": 3,"Sort Method": "quicksort","Sort Space Used": 2892,"Sort Space Type": "Memory"}],"Plans": [{"Node Type": "Hash Join","Parent Relationship": "Outer","Parallel Aware": true,"Async Capable": false,"Join Type": "Inner","Startup Cost": 6680.70,"Total Cost": 22227.20,"Plan Rows": 14682,"Plan Width": 40,"Actual Startup Time": 28.823,"Actual Total Time": 77.760,"Actual Rows": 23596,"Actual Loops": 5,"Inner Unique": true,"Hash Cond": "(partsupp.ps_partkey = part.p_partkey)","Workers": [],"Plans": [{"Node Type": "Index Only Scan","Parent Relationship": "Outer","Parallel Aware": true,"Async Capable": false,"Scan Direction": "Forward","Index Name": "partsupp_pkey","Relation Name": "partsupp","Alias": "partsupp","Startup Cost": 347.43,"Total Cost": 15631.43,"Plan Rows": 100000,"Plan Width": 8,"Actual Startup Time": 6.096,"Actual Total Time": 31.581,"Actual Rows": 159936,"Actual Loops": 5,"Filter": "(NOT (hashed SubPlan 1))","Rows Removed by Filter": 64,"Heap Fetches": 0,"Workers": [],"Plans": [{"Node Type": "Seq Scan","Parent Relationship": "SubPlan","Subplan Name": "SubPlan 1","Parallel Aware": false,"Async Capable": false,"Relation Name": "supplier","Alias": "supplier","Startup Cost": 0.00,"Total Cost": 347.00,"Plan Rows": 1,"Plan Width": 4,"Actual Startup Time": 0.205,"Actual Total Time": 5.901,"Actual Rows": 4,"Actual Loops": 5,"Filter": "((s_comment)::text ~~ '%Customer%Complaints%'::text)","Rows Removed by Filter": 9996,"Workers": []}]},{"Node Type": "Hash","Parent Relationship": "Inner","Parallel Aware": true,"Async Capable": false,"Startup Cost": 6180.33,"Total Cost": 6180.33,"Plan Rows": 12235,"Plan Width": 40,"Actual Startup Time": 22.435,"Actual Total Time": 22.440,"Actual Rows": 5901,"Actual Loops": 5,"Hash Buckets": 32768,"Original Hash Buckets": 32768,"Hash Batches": 1,"Original Hash Batches": 1,"Peak Memory Usage": 2528,"Workers": [],"Plans": [{"Node Type": "Seq Scan","Parent Relationship": "Outer","Parallel Aware": true,"Async Capable": false,"Relation Name": "part","Alias": "part","Startup Cost": 0.00,"Total Cost": 6180.33,"Plan Rows": 12235,"Plan Width": 40,"Actual Startup Time": 0.053,"Actual Total Time": 18.523,"Actual Rows": 5901,"Actual Loops": 5,"Filter": "((p_brand <> 'Brand#34'::bpchar) AND ((p_type)::text !~~ 'SMALL PLATED%'::text) AND (p_size = ANY ('{21,49,42,1,18,17,32,36}'::integer[])))","Rows Removed by Filter": 34099,"Workers": []}]}]}]}]}]}]},"Planning Time": 5.078,"Triggers": [],"Execution Time": 255.675}]
[{"Plan": {"Node Type": "Sort","Parallel Aware": false,"Async Capable": false,"Startup Cost": 33127.07,"Total Cost": 33166.84,"Plan Rows": 15909,"Plan Width": 44,"Actual Startup Time": 233.569,"Actual Total Time": 235.344,"Actual Rows": 18209,"Actual Loops": 1,"Sort Key": ["(count(DISTINCT partsupp.ps_suppkey)) DESC", "part.p_brand", "part.p_type", "part.p_size"],"Sort Method": "quicksort","Sort Space Used": 2332,"Sort Space Type": "Memory","Plans": [{"Node Type": "Aggregate","Strategy": "Sorted","Partial Mode": "Simple","Parent Relationship": "Outer","Parallel Aware": false,"Async Capable": false,"Startup Cost": 24242.69,"Total Cost": 32016.82,"Plan Rows": 15909,"Plan Width": 44,"Actual Startup Time": 130.086,"Actual Total Time": 196.547,"Actual Rows": 18209,"Actual Loops": 1,"Group Key": ["part.p_brand", "part.p_type", "part.p_size"],"Plans": [{"Node Type": "Gather Merge","Parent Relationship": "Outer","Parallel Aware": false,"Async Capable": false,"Startup Cost": 24242.69,"Total Cost": 31270.76,"Plan Rows": 58697,"Plan Width": 40,"Actual Startup Time": 130.019,"Actual Total Time": 169.165,"Actual Rows": 118850,"Actual Loops": 1,"Workers Planned": 4,"Workers Launched": 4,"Plans": [{"Node Type": "Sort","Parent Relationship": "Outer","Parallel Aware": false,"Async Capable": false,"Startup Cost": 23242.64,"Total Cost": 23279.32,"Plan Rows": 14674,"Plan Width": 40,"Actual Startup Time": 120.749,"Actual Total Time": 123.463,"Actual Rows": 23770,"Actual Loops": 5,"Sort Key": ["part.p_brand", "part.p_type", "part.p_size"],"Sort Method": "quicksort","Sort Space Used": 2660,"Sort Space Type": "Memory","Workers": [{"Worker Number": 0,"Sort Method": "quicksort","Sort Space Used": 2728,"Sort Space Type": "Memory"},{"Worker Number": 1,"Sort Method": "quicksort","Sort Space Used": 2684,"Sort Space Type": "Memory"},{"Worker Number": 2,"Sort Method": "quicksort","Sort Space Used": 2801,"Sort Space Type": "Memory"},{"Worker Number": 3,"Sort Method": "quicksort","Sort Space Used": 2753,"Sort Space Type": "Memory"}],"Plans": [{"Node Type": "Hash Join","Parent Relationship": "Outer","Parallel Aware": true,"Async Capable": false,"Join Type": "Inner","Startup Cost": 6680.62,"Total Cost": 22227.12,"Plan Rows": 14674,"Plan Width": 40,"Actual Startup Time": 28.934,"Actual Total Time": 79.299,"Actual Rows": 23770,"Actual Loops": 5,"Inner Unique": true,"Hash Cond": "(partsupp.ps_partkey = part.p_partkey)","Workers": [],"Plans": [{"Node Type": "Index Only Scan","Parent Relationship": "Outer","Parallel Aware": true,"Async Capable": false,"Scan Direction": "Forward","Index Name": "partsupp_pkey","Relation Name": "partsupp","Alias": "partsupp","Startup Cost": 347.43,"Total Cost": 15631.43,"Plan Rows": 100000,"Plan Width": 8,"Actual Startup Time": 6.992,"Actual Total Time": 31.973,"Actual Rows": 159936,"Actual Loops": 5,"Filter": "(NOT (hashed SubPlan 1))","Rows Removed by Filter": 64,"Heap Fetches": 0,"Workers": [],"Plans": [{"Node Type": "Seq Scan","Parent Relationship": "SubPlan","Subplan Name": "SubPlan 1","Parallel Aware": false,"Async Capable": false,"Relation Name": "supplier","Alias": "supplier","Startup Cost": 0.00,"Total Cost": 347.00,"Plan Rows": 1,"Plan Width": 4,"Actual Startup Time": 0.126,"Actual Total Time": 6.837,"Actual Rows": 4,"Actual Loops": 5,"Filter": "((s_comment)::text ~~ '%Customer%Complaints%'::text)","Rows Removed by Filter": 9996,"Workers": []}]},{"Node Type": "Hash","Parent Relationship": "Inner","Parallel Aware": true,"Async Capable": false,"Startup Cost": 6180.33,"Total Cost": 6180.33,"Plan Rows": 12229,"Plan Width": 40,"Actual Startup Time": 21.664,"Actual Total Time": 21.668,"Actual Rows": 5944,"Actual Loops": 5,"Hash Buckets": 32768,"Original Hash Buckets": 32768,"Hash Batches": 1,"Original Hash Batches": 1,"Peak Memory Usage": 2560,"Workers": [],"Plans": [{"Node Type": "Seq Scan","Parent Relationship": "Outer","Parallel Aware": true,"Async Capable": false,"Relation Name": "part","Alias": "part","Startup Cost": 0.00,"Total Cost": 6180.33,"Plan Rows": 12229,"Plan Width": 40,"Actual Startup Time": 0.082,"Actual Total Time": 18.159,"Actual Rows": 5944,"Actual Loops": 5,"Filter": "((p_brand <> 'Brand#43'::bpchar) AND ((p_type)::text !~~ 'ECONOMY PLATED%'::text) AND (p_size = ANY ('{39,37,47,50,18,36,7,16}'::integer[])))","Rows Removed by Filter": 34056,"Workers": []}]}]}]}]}]}]},"Planning Time": 5.628,"Triggers": [],"Execution Time": 236.686}]
[{"Plan": {"Node Type": "Sort","Parallel Aware": false,"Async Capable": false,"Startup Cost": 33460.55,"Total Cost": 33500.93,"Plan Rows": 16150,"Plan Width": 44,"Actual Startup Time": 241.320,"Actual Total Time": 243.125,"Actual Rows": 18437,"Actual Loops": 1,"Sort Key": ["(count(DISTINCT partsupp.ps_suppkey)) DESC", "part.p_brand", "part.p_type", "part.p_size"],"Sort Method": "quicksort","Sort Space Used": 2352,"Sort Space Type": "Memory","Plans": [{"Node Type": "Aggregate","Strategy": "Sorted","Partial Mode": "Simple","Parent Relationship": "Outer","Parallel Aware": false,"Async Capable": false,"Startup Cost": 24287.55,"Total Cost": 32331.73,"Plan Rows": 16150,"Plan Width": 44,"Actual Startup Time": 135.728,"Actual Total Time": 202.514,"Actual Rows": 18437,"Actual Loops": 1,"Group Key": ["part.p_brand", "part.p_type", "part.p_size"],"Plans": [{"Node Type": "Gather Merge","Parent Relationship": "Outer","Parallel Aware": false,"Async Capable": false,"Startup Cost": 24287.55,"Total Cost": 31562.63,"Plan Rows": 60760,"Plan Width": 40,"Actual Startup Time": 135.646,"Actual Total Time": 174.701,"Actual Rows": 120288,"Actual Loops": 1,"Workers Planned": 4,"Workers Launched": 4,"Plans": [{"Node Type": "Sort","Parent Relationship": "Outer","Parallel Aware": false,"Async Capable": false,"Startup Cost": 23287.49,"Total Cost": 23325.47,"Plan Rows": 15190,"Plan Width": 40,"Actual Startup Time": 126.310,"Actual Total Time": 129.044,"Actual Rows": 24058,"Actual Loops": 5,"Sort Key": ["part.p_brand", "part.p_type", "part.p_size"],"Sort Method": "quicksort","Sort Space Used": 2777,"Sort Space Type": "Memory","Workers": [{"Worker Number": 0,"Sort Method": "quicksort","Sort Space Used": 2488,"Sort Space Type": "Memory"},{"Worker Number": 1,"Sort Method": "quicksort","Sort Space Used": 2858,"Sort Space Type": "Memory"},{"Worker Number": 2,"Sort Method": "quicksort","Sort Space Used": 2803,"Sort Space Type": "Memory"},{"Worker Number": 3,"Sort Method": "quicksort","Sort Space Used": 2836,"Sort Space Type": "Memory"}],"Plans": [{"Node Type": "Hash Join","Parent Relationship": "Outer","Parallel Aware": true,"Async Capable": false,"Join Type": "Inner","Startup Cost": 6685.99,"Total Cost": 22232.49,"Plan Rows": 15190,"Plan Width": 40,"Actual Startup Time": 30.904,"Actual Total Time": 83.230,"Actual Rows": 24058,"Actual Loops": 5,"Inner Unique": true,"Hash Cond": "(partsupp.ps_partkey = part.p_partkey)","Workers": [],"Plans": [{"Node Type": "Index Only Scan","Parent Relationship": "Outer","Parallel Aware": true,"Async Capable": false,"Scan Direction": "Forward","Index Name": "partsupp_pkey","Relation Name": "partsupp","Alias": "partsupp","Startup Cost": 347.43,"Total Cost": 15631.43,"Plan Rows": 100000,"Plan Width": 8,"Actual Startup Time": 7.017,"Actual Total Time": 33.188,"Actual Rows": 159936,"Actual Loops": 5,"Filter": "(NOT (hashed SubPlan 1))","Rows Removed by Filter": 64,"Heap Fetches": 0,"Workers": [],"Plans": [{"Node Type": "Seq Scan","Parent Relationship": "SubPlan","Subplan Name": "SubPlan 1","Parallel Aware": false,"Async Capable": false,"Relation Name": "supplier","Alias": "supplier","Startup Cost": 0.00,"Total Cost": 347.00,"Plan Rows": 1,"Plan Width": 4,"Actual Startup Time": 0.227,"Actual Total Time": 6.898,"Actual Rows": 4,"Actual Loops": 5,"Filter": "((s_comment)::text ~~ '%Customer%Complaints%'::text)","Rows Removed by Filter": 9996,"Workers": []}]},{"Node Type": "Hash","Parent Relationship": "Inner","Parallel Aware": true,"Async Capable": false,"Startup Cost": 6180.33,"Total Cost": 6180.33,"Plan Rows": 12658,"Plan Width": 40,"Actual Startup Time": 23.606,"Actual Total Time": 23.610,"Actual Rows": 6017,"Actual Loops": 5,"Hash Buckets": 32768,"Original Hash Buckets": 32768,"Hash Batches": 1,"Original Hash Batches": 1,"Peak Memory Usage": 2592,"Workers": [],"Plans": [{"Node Type": "Seq Scan","Parent Relationship": "Outer","Parallel Aware": true,"Async Capable": false,"Relation Name": "part","Alias": "part","Startup Cost": 0.00,"Total Cost": 6180.33,"Plan Rows": 12658,"Plan Width": 40,"Actual Startup Time": 0.070,"Actual Total Time": 19.423,"Actual Rows": 6017,"Actual Loops": 5,"Filter": "((p_brand <> 'Brand#54'::bpchar) AND ((p_type)::text !~~ 'LARGE BRUSHED%'::text) AND (p_size = ANY ('{16,31,47,11,48,3,30,34}'::integer[])))","Rows Removed by Filter": 33983,"Workers": []}]}]}]}]}]}]},"Planning Time": 3.868,"Triggers": [],"Execution Time": 244.015}]
[{"Plan": {"Node Type": "Sort","Parallel Aware": false,"Async Capable": false,"Startup Cost": 33023.45,"Total Cost": 33063.03,"Plan Rows": 15832,"Plan Width": 44,"Actual Startup Time": 235.794,"Actual Total Time": 237.449,"Actual Rows": 18224,"Actual Loops": 1,"Sort Key": ["(count(DISTINCT partsupp.ps_suppkey)) DESC", "part.p_brand", "part.p_type", "part.p_size"],"Sort Method": "quicksort","Sort Space Used": 2334,"Sort Space Type": "Memory","Plans": [{"Node Type": "Aggregate","Strategy": "Sorted","Partial Mode": "Simple","Parent Relationship": "Outer","Parallel Aware": false,"Async Capable": false,"Startup Cost": 24228.80,"Total Cost": 31919.12,"Plan Rows": 15832,"Plan Width": 44,"Actual Startup Time": 133.474,"Actual Total Time": 199.171,"Actual Rows": 18224,"Actual Loops": 1,"Group Key": ["part.p_brand", "part.p_type", "part.p_size"],"Plans": [{"Node Type": "Gather Merge","Parent Relationship": "Outer","Parallel Aware": false,"Async Capable": false,"Startup Cost": 24228.80,"Total Cost": 31180.23,"Plan Rows": 58057,"Plan Width": 40,"Actual Startup Time": 133.432,"Actual Total Time": 171.875,"Actual Rows": 118667,"Actual Loops": 1,"Workers Planned": 4,"Workers Launched": 4,"Plans": [{"Node Type": "Sort","Parent Relationship": "Outer","Parallel Aware": false,"Async Capable": false,"Startup Cost": 23228.74,"Total Cost": 23265.03,"Plan Rows": 14514,"Plan Width": 40,"Actual Startup Time": 122.502,"Actual Total Time": 125.108,"Actual Rows": 23733,"Actual Loops": 5,"Sort Key": ["part.p_brand", "part.p_type", "part.p_size"],"Sort Method": "quicksort","Sort Space Used": 2553,"Sort Space Type": "Memory","Workers": [{"Worker Number": 0,"Sort Method": "quicksort","Sort Space Used": 2433,"Sort Space Type": "Memory"},{"Worker Number": 1,"Sort Method": "quicksort","Sort Space Used": 2898,"Sort Space Type": "Memory"},{"Worker Number": 2,"Sort Method": "quicksort","Sort Space Used": 2883,"Sort Space Type": "Memory"},{"Worker Number": 3,"Sort Method": "quicksort","Sort Space Used": 2855,"Sort Space Type": "Memory"}],"Plans": [{"Node Type": "Hash Join","Parent Relationship": "Outer","Parallel Aware": true,"Async Capable": false,"Join Type": "Inner","Startup Cost": 6678.95,"Total Cost": 22225.45,"Plan Rows": 14514,"Plan Width": 40,"Actual Startup Time": 29.013,"Actual Total Time": 80.618,"Actual Rows": 23733,"Actual Loops": 5,"Inner Unique": true,"Hash Cond": "(partsupp.ps_partkey = part.p_partkey)","Workers": [],"Plans": [{"Node Type": "Index Only Scan","Parent Relationship": "Outer","Parallel Aware": true,"Async Capable": false,"Scan Direction": "Forward","Index Name": "partsupp_pkey","Relation Name": "partsupp","Alias": "partsupp","Startup Cost": 347.43,"Total Cost": 15631.43,"Plan Rows": 100000,"Plan Width": 8,"Actual Startup Time": 6.961,"Actual Total Time": 33.826,"Actual Rows": 159936,"Actual Loops": 5,"Filter": "(NOT (hashed SubPlan 1))","Rows Removed by Filter": 64,"Heap Fetches": 0,"Workers": [],"Plans": [{"Node Type": "Seq Scan","Parent Relationship": "SubPlan","Subplan Name": "SubPlan 1","Parallel Aware": false,"Async Capable": false,"Relation Name": "supplier","Alias": "supplier","Startup Cost": 0.00,"Total Cost": 347.00,"Plan Rows": 1,"Plan Width": 4,"Actual Startup Time": 0.196,"Actual Total Time": 6.771,"Actual Rows": 4,"Actual Loops": 5,"Filter": "((s_comment)::text ~~ '%Customer%Complaints%'::text)","Rows Removed by Filter": 9996,"Workers": []}]},{"Node Type": "Hash","Parent Relationship": "Inner","Parallel Aware": true,"Async Capable": false,"Startup Cost": 6180.33,"Total Cost": 6180.33,"Plan Rows": 12095,"Plan Width": 40,"Actual Startup Time": 21.721,"Actual Total Time": 21.726,"Actual Rows": 5935,"Actual Loops": 5,"Hash Buckets": 32768,"Original Hash Buckets": 32768,"Hash Batches": 1,"Original Hash Batches": 1,"Peak Memory Usage": 2560,"Workers": [],"Plans": [{"Node Type": "Seq Scan","Parent Relationship": "Outer","Parallel Aware": true,"Async Capable": false,"Relation Name": "part","Alias": "part","Startup Cost": 0.00,"Total Cost": 6180.33,"Plan Rows": 12095,"Plan Width": 40,"Actual Startup Time": 0.060,"Actual Total Time": 18.099,"Actual Rows": 5935,"Actual Loops": 5,"Filter": "((p_brand <> 'Brand#45'::bpchar) AND ((p_type)::text !~~ 'PROMO BRUSHED%'::text) AND (p_size = ANY ('{22,44,21,6,15,43,13,16}'::integer[])))","Rows Removed by Filter": 34065,"Workers": []}]}]}]}]}]}]},"Planning Time": 4.712,"Triggers": [],"Execution Time": 238.407}]
[{"Plan": {"Node Type": "Sort","Parallel Aware": false,"Async Capable": false,"Startup Cost": 33180.01,"Total Cost": 33219.88,"Plan Rows": 15948,"Plan Width": 44,"Actual Startup Time": 235.988,"Actual Total Time": 237.923,"Actual Rows": 18239,"Actual Loops": 1,"Sort Key": ["(count(DISTINCT partsupp.ps_suppkey)) DESC", "part.p_brand", "part.p_type", "part.p_size"],"Sort Method": "quicksort","Sort Space Used": 2335,"Sort Space Type": "Memory","Plans": [{"Node Type": "Aggregate","Strategy": "Sorted","Partial Mode": "Simple","Parent Relationship": "Outer","Parallel Aware": false,"Async Capable": false,"Startup Cost": 24249.81,"Total Cost": 32066.75,"Plan Rows": 15948,"Plan Width": 44,"Actual Startup Time": 132.678,"Actual Total Time": 199.062,"Actual Rows": 18239,"Actual Loops": 1,"Group Key": ["part.p_brand", "part.p_type", "part.p_size"],"Plans": [{"Node Type": "Gather Merge","Parent Relationship": "Outer","Parallel Aware": false,"Async Capable": false,"Startup Cost": 24249.81,"Total Cost": 31317.03,"Plan Rows": 59024,"Plan Width": 40,"Actual Startup Time": 132.604,"Actual Total Time": 171.618,"Actual Rows": 118658,"Actual Loops": 1,"Workers Planned": 4,"Workers Launched": 4,"Plans": [{"Node Type": "Sort","Parent Relationship": "Outer","Parallel Aware": false,"Async Capable": false,"Startup Cost": 23249.75,"Total Cost": 23286.64,"Plan Rows": 14756,"Plan Width": 40,"Actual Startup Time": 121.222,"Actual Total Time": 123.849,"Actual Rows": 23732,"Actual Loops": 5,"Sort Key": ["part.p_brand", "part.p_type", "part.p_size"],"Sort Method": "quicksort","Sort Space Used": 2437,"Sort Space Type": "Memory","Workers": [{"Worker Number": 0,"Sort Method": "quicksort","Sort Space Used": 2920,"Sort Space Type": "Memory"},{"Worker Number": 1,"Sort Method": "quicksort","Sort Space Used": 2911,"Sort Space Type": "Memory"},{"Worker Number": 2,"Sort Method": "quicksort","Sort Space Used": 2430,"Sort Space Type": "Memory"},{"Worker Number": 3,"Sort Method": "quicksort","Sort Space Used": 2900,"Sort Space Type": "Memory"}],"Plans": [{"Node Type": "Hash Join","Parent Relationship": "Outer","Parallel Aware": true,"Async Capable": false,"Join Type": "Inner","Startup Cost": 6681.47,"Total Cost": 22227.97,"Plan Rows": 14756,"Plan Width": 40,"Actual Startup Time": 29.415,"Actual Total Time": 79.838,"Actual Rows": 23732,"Actual Loops": 5,"Inner Unique": true,"Hash Cond": "(partsupp.ps_partkey = part.p_partkey)","Workers": [],"Plans": [{"Node Type": "Index Only Scan","Parent Relationship": "Outer","Parallel Aware": true,"Async Capable": false,"Scan Direction": "Forward","Index Name": "partsupp_pkey","Relation Name": "partsupp","Alias": "partsupp","Startup Cost": 347.43,"Total Cost": 15631.43,"Plan Rows": 100000,"Plan Width": 8,"Actual Startup Time": 7.590,"Actual Total Time": 32.719,"Actual Rows": 159936,"Actual Loops": 5,"Filter": "(NOT (hashed SubPlan 1))","Rows Removed by Filter": 64,"Heap Fetches": 0,"Workers": [],"Plans": [{"Node Type": "Seq Scan","Parent Relationship": "SubPlan","Subplan Name": "SubPlan 1","Parallel Aware": false,"Async Capable": false,"Relation Name": "supplier","Alias": "supplier","Startup Cost": 0.00,"Total Cost": 347.00,"Plan Rows": 1,"Plan Width": 4,"Actual Startup Time": 0.203,"Actual Total Time": 7.437,"Actual Rows": 4,"Actual Loops": 5,"Filter": "((s_comment)::text ~~ '%Customer%Complaints%'::text)","Rows Removed by Filter": 9996,"Workers": []}]},{"Node Type": "Hash","Parent Relationship": "Inner","Parallel Aware": true,"Async Capable": false,"Startup Cost": 6180.33,"Total Cost": 6180.33,"Plan Rows": 12297,"Plan Width": 40,"Actual Startup Time": 21.549,"Actual Total Time": 21.553,"Actual Rows": 5935,"Actual Loops": 5,"Hash Buckets": 32768,"Original Hash Buckets": 32768,"Hash Batches": 1,"Original Hash Batches": 1,"Peak Memory Usage": 2560,"Workers": [],"Plans": [{"Node Type": "Seq Scan","Parent Relationship": "Outer","Parallel Aware": true,"Async Capable": false,"Relation Name": "part","Alias": "part","Startup Cost": 0.00,"Total Cost": 6180.33,"Plan Rows": 12297,"Plan Width": 40,"Actual Startup Time": 0.054,"Actual Total Time": 18.142,"Actual Rows": 5935,"Actual Loops": 5,"Filter": "((p_brand <> 'Brand#42'::bpchar) AND ((p_type)::text !~~ 'SMALL BURNISHED%'::text) AND (p_size = ANY ('{12,35,46,22,28,34,43,13}'::integer[])))","Rows Removed by Filter": 34065,"Workers": []}]}]}]}]}]}]},"Planning Time": 4.944,"Triggers": [],"Execution Time": 239.154}]
[{"Plan": {"Node Type": "Sort","Parallel Aware": false,"Async Capable": false,"Startup Cost": 33286.06,"Total Cost": 33326.12,"Plan Rows": 16025,"Plan Width": 44,"Actual Startup Time": 233.116,"Actual Total Time": 234.859,"Actual Rows": 18181,"Actual Loops": 1,"Sort Key": ["(count(DISTINCT partsupp.ps_suppkey)) DESC", "part.p_brand", "part.p_type", "part.p_size"],"Sort Method": "quicksort","Sort Space Used": 2330,"Sort Space Type": "Memory","Plans": [{"Node Type": "Aggregate","Strategy": "Sorted","Partial Mode": "Simple","Parent Relationship": "Outer","Parallel Aware": false,"Async Capable": false,"Startup Cost": 24264.06,"Total Cost": 32166.87,"Plan Rows": 16025,"Plan Width": 44,"Actual Startup Time": 130.850,"Actual Total Time": 197.041,"Actual Rows": 18181,"Actual Loops": 1,"Group Key": ["part.p_brand", "part.p_type", "part.p_size"],"Plans": [{"Node Type": "Gather Merge","Parent Relationship": "Outer","Parallel Aware": false,"Async Capable": false,"Startup Cost": 24264.06,"Total Cost": 31409.82,"Plan Rows": 59680,"Plan Width": 40,"Actual Startup Time": 130.788,"Actual Total Time": 169.449,"Actual Rows": 118889,"Actual Loops": 1,"Workers Planned": 4,"Workers Launched": 4,"Plans": [{"Node Type": "Sort","Parent Relationship": "Outer","Parallel Aware": false,"Async Capable": false,"Startup Cost": 23264.00,"Total Cost": 23301.30,"Plan Rows": 14920,"Plan Width": 40,"Actual Startup Time": 121.986,"Actual Total Time": 124.451,"Actual Rows": 23778,"Actual Loops": 5,"Sort Key": ["part.p_brand", "part.p_type", "part.p_size"],"Sort Method": "quicksort","Sort Space Used": 2698,"Sort Space Type": "Memory","Workers": [{"Worker Number": 0,"Sort Method": "quicksort","Sort Space Used": 2767,"Sort Space Type": "Memory"},{"Worker Number": 1,"Sort Method": "quicksort","Sort Space Used": 2682,"Sort Space Type": "Memory"},{"Worker Number": 2,"Sort Method": "quicksort","Sort Space Used": 2733,"Sort Space Type": "Memory"},{"Worker Number": 3,"Sort Method": "quicksort","Sort Space Used": 2748,"Sort Space Type": "Memory"}],"Plans": [{"Node Type": "Hash Join","Parent Relationship": "Outer","Parallel Aware": true,"Async Capable": false,"Join Type": "Inner","Startup Cost": 6683.17,"Total Cost": 22229.67,"Plan Rows": 14920,"Plan Width": 40,"Actual Startup Time": 29.301,"Actual Total Time": 80.235,"Actual Rows": 23778,"Actual Loops": 5,"Inner Unique": true,"Hash Cond": "(partsupp.ps_partkey = part.p_partkey)","Workers": [],"Plans": [{"Node Type": "Index Only Scan","Parent Relationship": "Outer","Parallel Aware": true,"Async Capable": false,"Scan Direction": "Forward","Index Name": "partsupp_pkey","Relation Name": "partsupp","Alias": "partsupp","Startup Cost": 347.43,"Total Cost": 15631.43,"Plan Rows": 100000,"Plan Width": 8,"Actual Startup Time": 7.274,"Actual Total Time": 32.628,"Actual Rows": 159936,"Actual Loops": 5,"Filter": "(NOT (hashed SubPlan 1))","Rows Removed by Filter": 64,"Heap Fetches": 0,"Workers": [],"Plans": [{"Node Type": "Seq Scan","Parent Relationship": "SubPlan","Subplan Name": "SubPlan 1","Parallel Aware": false,"Async Capable": false,"Relation Name": "supplier","Alias": "supplier","Startup Cost": 0.00,"Total Cost": 347.00,"Plan Rows": 1,"Plan Width": 4,"Actual Startup Time": 0.135,"Actual Total Time": 7.118,"Actual Rows": 4,"Actual Loops": 5,"Filter": "((s_comment)::text ~~ '%Customer%Complaints%'::text)","Rows Removed by Filter": 9996,"Workers": []}]},{"Node Type": "Hash","Parent Relationship": "Inner","Parallel Aware": true,"Async Capable": false,"Startup Cost": 6180.33,"Total Cost": 6180.33,"Plan Rows": 12433,"Plan Width": 40,"Actual Startup Time": 21.729,"Actual Total Time": 21.732,"Actual Rows": 5947,"Actual Loops": 5,"Hash Buckets": 32768,"Original Hash Buckets": 32768,"Hash Batches": 1,"Original Hash Batches": 1,"Peak Memory Usage": 2560,"Workers": [],"Plans": [{"Node Type": "Seq Scan","Parent Relationship": "Outer","Parallel Aware": true,"Async Capable": false,"Relation Name": "part","Alias": "part","Startup Cost": 0.00,"Total Cost": 6180.33,"Plan Rows": 12433,"Plan Width": 40,"Actual Startup Time": 0.055,"Actual Total Time": 17.940,"Actual Rows": 5947,"Actual Loops": 5,"Filter": "((p_brand <> 'Brand#34'::bpchar) AND ((p_type)::text !~~ 'PROMO ANODIZED%'::text) AND (p_size = ANY ('{4,9,25,42,18,29,39,27}'::integer[])))","Rows Removed by Filter": 34053,"Workers": []}]}]}]}]}]}]},"Planning Time": 4.164,"Triggers": [],"Execution Time": 235.795}]
[{"Plan": {"Node Type": "Sort","Parallel Aware": false,"Async Capable": false,"Startup Cost": 33232.25,"Total Cost": 33272.22,"Plan Rows": 15986,"Plan Width": 44,"Actual Startup Time": 233.943,"Actual Total Time": 235.578,"Actual Rows": 18309,"Actual Loops": 1,"Sort Key": ["(count(DISTINCT partsupp.ps_suppkey)) DESC", "part.p_brand", "part.p_type", "part.p_size"],"Sort Method": "quicksort","Sort Space Used": 2341,"Sort Space Type": "Memory","Plans": [{"Node Type": "Aggregate","Strategy": "Sorted","Partial Mode": "Simple","Parent Relationship": "Outer","Parallel Aware": false,"Async Capable": false,"Startup Cost": 24256.84,"Total Cost": 32116.07,"Plan Rows": 15986,"Plan Width": 44,"Actual Startup Time": 130.450,"Actual Total Time": 195.633,"Actual Rows": 18309,"Actual Loops": 1,"Group Key": ["part.p_brand", "part.p_type", "part.p_size"],"Plans": [{"Node Type": "Gather Merge","Parent Relationship": "Outer","Parallel Aware": false,"Async Capable": false,"Startup Cost": 24256.84,"Total Cost": 31362.74,"Plan Rows": 59347,"Plan Width": 40,"Actual Startup Time": 130.357,"Actual Total Time": 168.096,"Actual Rows": 118551,"Actual Loops": 1,"Workers Planned": 4,"Workers Launched": 4,"Plans": [{"Node Type": "Sort","Parent Relationship": "Outer","Parallel Aware": false,"Async Capable": false,"Startup Cost": 23256.79,"Total Cost": 23293.88,"Plan Rows": 14837,"Plan Width": 40,"Actual Startup Time": 120.911,"Actual Total Time": 123.453,"Actual Rows": 23710,"Actual Loops": 5,"Sort Key": ["part.p_brand", "part.p_type", "part.p_size"],"Sort Method": "quicksort","Sort Space Used": 2631,"Sort Space Type": "Memory","Workers": [{"Worker Number": 0,"Sort Method": "quicksort","Sort Space Used": 2656,"Sort Space Type": "Memory"},{"Worker Number": 1,"Sort Method": "quicksort","Sort Space Used": 2835,"Sort Space Type": "Memory"},{"Worker Number": 2,"Sort Method": "quicksort","Sort Space Used": 2647,"Sort Space Type": "Memory"},{"Worker Number": 3,"Sort Method": "quicksort","Sort Space Used": 2821,"Sort Space Type": "Memory"}],"Plans": [{"Node Type": "Hash Join","Parent Relationship": "Outer","Parallel Aware": true,"Async Capable": false,"Join Type": "Inner","Startup Cost": 6682.31,"Total Cost": 22228.81,"Plan Rows": 14837,"Plan Width": 40,"Actual Startup Time": 31.658,"Actual Total Time": 79.311,"Actual Rows": 23710,"Actual Loops": 5,"Inner Unique": true,"Hash Cond": "(partsupp.ps_partkey = part.p_partkey)","Workers": [],"Plans": [{"Node Type": "Index Only Scan","Parent Relationship": "Outer","Parallel Aware": true,"Async Capable": false,"Scan Direction": "Forward","Index Name": "partsupp_pkey","Relation Name": "partsupp","Alias": "partsupp","Startup Cost": 347.43,"Total Cost": 15631.43,"Plan Rows": 100000,"Plan Width": 8,"Actual Startup Time": 7.990,"Actual Total Time": 32.404,"Actual Rows": 159936,"Actual Loops": 5,"Filter": "(NOT (hashed SubPlan 1))","Rows Removed by Filter": 64,"Heap Fetches": 0,"Workers": [],"Plans": [{"Node Type": "Seq Scan","Parent Relationship": "SubPlan","Subplan Name": "SubPlan 1","Parallel Aware": false,"Async Capable": false,"Relation Name": "supplier","Alias": "supplier","Startup Cost": 0.00,"Total Cost": 347.00,"Plan Rows": 1,"Plan Width": 4,"Actual Startup Time": 0.296,"Actual Total Time": 7.863,"Actual Rows": 4,"Actual Loops": 5,"Filter": "((s_comment)::text ~~ '%Customer%Complaints%'::text)","Rows Removed by Filter": 9996,"Workers": []}]},{"Node Type": "Hash","Parent Relationship": "Inner","Parallel Aware": true,"Async Capable": false,"Startup Cost": 6180.33,"Total Cost": 6180.33,"Plan Rows": 12364,"Plan Width": 40,"Actual Startup Time": 23.433,"Actual Total Time": 23.435,"Actual Rows": 5930,"Actual Loops": 5,"Hash Buckets": 32768,"Original Hash Buckets": 32768,"Hash Batches": 1,"Original Hash Batches": 1,"Peak Memory Usage": 2496,"Workers": [],"Plans": [{"Node Type": "Seq Scan","Parent Relationship": "Outer","Parallel Aware": true,"Async Capable": false,"Relation Name": "part","Alias": "part","Startup Cost": 0.00,"Total Cost": 6180.33,"Plan Rows": 12364,"Plan Width": 40,"Actual Startup Time": 0.050,"Actual Total Time": 19.809,"Actual Rows": 5930,"Actual Loops": 5,"Filter": "((p_brand <> 'Brand#21'::bpchar) AND ((p_type)::text !~~ 'ECONOMY ANODIZED%'::text) AND (p_size = ANY ('{16,37,25,47,33,8,45,2}'::integer[])))","Rows Removed by Filter": 34070,"Workers": []}]}]}]}]}]}]},"Planning Time": 5.510,"Triggers": [],"Execution Time": 236.591}]
[{"Plan": {"Node Type": "Sort","Parallel Aware": false,"Async Capable": false,"Startup Cost": 32972.81,"Total Cost": 33012.30,"Plan Rows": 15793,"Plan Width": 44,"Actual Startup Time": 244.902,"Actual Total Time": 246.592,"Actual Rows": 18200,"Actual Loops": 1,"Sort Key": ["(count(DISTINCT partsupp.ps_suppkey)) DESC", "part.p_brand", "part.p_type", "part.p_size"],"Sort Method": "quicksort","Sort Space Used": 2332,"Sort Space Type": "Memory","Plans": [{"Node Type": "Aggregate","Strategy": "Sorted","Partial Mode": "Simple","Parent Relationship": "Outer","Parallel Aware": false,"Async Capable": false,"Startup Cost": 24222.03,"Total Cost": 31871.49,"Plan Rows": 15793,"Plan Width": 44,"Actual Startup Time": 140.307,"Actual Total Time": 207.054,"Actual Rows": 18200,"Actual Loops": 1,"Group Key": ["part.p_brand", "part.p_type", "part.p_size"],"Plans": [{"Node Type": "Gather Merge","Parent Relationship": "Outer","Parallel Aware": false,"Async Capable": false,"Startup Cost": 24222.03,"Total Cost": 31136.11,"Plan Rows": 57745,"Plan Width": 40,"Actual Startup Time": 140.264,"Actual Total Time": 179.239,"Actual Rows": 117843,"Actual Loops": 1,"Workers Planned": 4,"Workers Launched": 4,"Plans": [{"Node Type": "Sort","Parent Relationship": "Outer","Parallel Aware": false,"Async Capable": false,"Startup Cost": 23221.97,"Total Cost": 23258.06,"Plan Rows": 14436,"Plan Width": 40,"Actual Startup Time": 122.311,"Actual Total Time": 125.069,"Actual Rows": 23569,"Actual Loops": 5,"Sort Key": ["part.p_brand", "part.p_type", "part.p_size"],"Sort Method": "quicksort","Sort Space Used": 2374,"Sort Space Type": "Memory","Workers": [{"Worker Number": 0,"Sort Method": "quicksort","Sort Space Used": 2786,"Sort Space Type": "Memory"},{"Worker Number": 1,"Sort Method": "quicksort","Sort Space Used": 2795,"Sort Space Type": "Memory"},{"Worker Number": 2,"Sort Method": "quicksort","Sort Space Used": 2775,"Sort Space Type": "Memory"},{"Worker Number": 3,"Sort Method": "quicksort","Sort Space Used": 2802,"Sort Space Type": "Memory"}],"Plans": [{"Node Type": "Hash Join","Parent Relationship": "Outer","Parallel Aware": true,"Async Capable": false,"Join Type": "Inner","Startup Cost": 6678.14,"Total Cost": 22224.64,"Plan Rows": 14436,"Plan Width": 40,"Actual Startup Time": 29.433,"Actual Total Time": 78.681,"Actual Rows": 23569,"Actual Loops": 5,"Inner Unique": true,"Hash Cond": "(partsupp.ps_partkey = part.p_partkey)","Workers": [],"Plans": [{"Node Type": "Index Only Scan","Parent Relationship": "Outer","Parallel Aware": true,"Async Capable": false,"Scan Direction": "Forward","Index Name": "partsupp_pkey","Relation Name": "partsupp","Alias": "partsupp","Startup Cost": 347.43,"Total Cost": 15631.43,"Plan Rows": 100000,"Plan Width": 8,"Actual Startup Time": 7.172,"Actual Total Time": 32.873,"Actual Rows": 159936,"Actual Loops": 5,"Filter": "(NOT (hashed SubPlan 1))","Rows Removed by Filter": 64,"Heap Fetches": 0,"Workers": [],"Plans": [{"Node Type": "Seq Scan","Parent Relationship": "SubPlan","Subplan Name": "SubPlan 1","Parallel Aware": false,"Async Capable": false,"Relation Name": "supplier","Alias": "supplier","Startup Cost": 0.00,"Total Cost": 347.00,"Plan Rows": 1,"Plan Width": 4,"Actual Startup Time": 0.240,"Actual Total Time": 6.994,"Actual Rows": 4,"Actual Loops": 5,"Filter": "((s_comment)::text ~~ '%Customer%Complaints%'::text)","Rows Removed by Filter": 9996,"Workers": []}]},{"Node Type": "Hash","Parent Relationship": "Inner","Parallel Aware": true,"Async Capable": false,"Startup Cost": 6180.33,"Total Cost": 6180.33,"Plan Rows": 12030,"Plan Width": 40,"Actual Startup Time": 21.970,"Actual Total Time": 21.975,"Actual Rows": 5894,"Actual Loops": 5,"Hash Buckets": 32768,"Original Hash Buckets": 32768,"Hash Batches": 1,"Original Hash Batches": 1,"Peak Memory Usage": 2528,"Workers": [],"Plans": [{"Node Type": "Seq Scan","Parent Relationship": "Outer","Parallel Aware": true,"Async Capable": false,"Relation Name": "part","Alias": "part","Startup Cost": 0.00,"Total Cost": 6180.33,"Plan Rows": 12030,"Plan Width": 40,"Actual Startup Time": 0.063,"Actual Total Time": 18.170,"Actual Rows": 5894,"Actual Loops": 5,"Filter": "((p_brand <> 'Brand#33'::bpchar) AND ((p_type)::text !~~ 'LARGE BURNISHED%'::text) AND (p_size = ANY ('{19,44,4,43,48,13,38,15}'::integer[])))","Rows Removed by Filter": 34106,"Workers": []}]}]}]}]}]}]},"Planning Time": 3.611,"Triggers": [],"Execution Time": 247.469}]
[{"Plan": {"Node Type": "Sort","Parallel Aware": false,"Async Capable": false,"Startup Cost": 33360.79,"Total Cost": 33400.99,"Plan Rows": 16079,"Plan Width": 44,"Actual Startup Time": 240.589,"Actual Total Time": 242.172,"Actual Rows": 18300,"Actual Loops": 1,"Sort Key": ["(count(DISTINCT partsupp.ps_suppkey)) DESC", "part.p_brand", "part.p_type", "part.p_size"],"Sort Method": "quicksort","Sort Space Used": 2340,"Sort Space Type": "Memory","Plans": [{"Node Type": "Aggregate","Strategy": "Sorted","Partial Mode": "Simple","Parent Relationship": "Outer","Parallel Aware": false,"Async Capable": false,"Startup Cost": 24274.15,"Total Cost": 32237.44,"Plan Rows": 16079,"Plan Width": 44,"Actual Startup Time": 133.348,"Actual Total Time": 200.968,"Actual Rows": 18300,"Actual Loops": 1,"Group Key": ["part.p_brand", "part.p_type", "part.p_size"],"Plans": [{"Node Type": "Gather Merge","Parent Relationship": "Outer","Parallel Aware": false,"Async Capable": false,"Startup Cost": 24274.15,"Total Cost": 31475.23,"Plan Rows": 60142,"Plan Width": 40,"Actual Startup Time": 133.286,"Actual Total Time": 172.818,"Actual Rows": 119215,"Actual Loops": 1,"Workers Planned": 4,"Workers Launched": 4,"Plans": [{"Node Type": "Sort","Parent Relationship": "Outer","Parallel Aware": false,"Async Capable": false,"Startup Cost": 23274.09,"Total Cost": 23311.68,"Plan Rows": 15036,"Plan Width": 40,"Actual Startup Time": 121.623,"Actual Total Time": 124.322,"Actual Rows": 23843,"Actual Loops": 5,"Sort Key": ["part.p_brand", "part.p_type", "part.p_size"],"Sort Method": "quicksort","Sort Space Used": 2535,"Sort Space Type": "Memory","Workers": [{"Worker Number": 0,"Sort Method": "quicksort","Sort Space Used": 2937,"Sort Space Type": "Memory"},{"Worker Number": 1,"Sort Method": "quicksort","Sort Space Used": 2915,"Sort Space Type": "Memory"},{"Worker Number": 2,"Sort Method": "quicksort","Sort Space Used": 2428,"Sort Space Type": "Memory"},{"Worker Number": 3,"Sort Method": "quicksort","Sort Space Used": 2840,"Sort Space Type": "Memory"}],"Plans": [{"Node Type": "Hash Join","Parent Relationship": "Outer","Parallel Aware": true,"Async Capable": false,"Join Type": "Inner","Startup Cost": 6684.39,"Total Cost": 22230.89,"Plan Rows": 15036,"Plan Width": 40,"Actual Startup Time": 30.442,"Actual Total Time": 79.677,"Actual Rows": 23843,"Actual Loops": 5,"Inner Unique": true,"Hash Cond": "(partsupp.ps_partkey = part.p_partkey)","Workers": [],"Plans": [{"Node Type": "Index Only Scan","Parent Relationship": "Outer","Parallel Aware": true,"Async Capable": false,"Scan Direction": "Forward","Index Name": "partsupp_pkey","Relation Name": "partsupp","Alias": "partsupp","Startup Cost": 347.43,"Total Cost": 15631.43,"Plan Rows": 100000,"Plan Width": 8,"Actual Startup Time": 7.406,"Actual Total Time": 32.372,"Actual Rows": 159936,"Actual Loops": 5,"Filter": "(NOT (hashed SubPlan 1))","Rows Removed by Filter": 64,"Heap Fetches": 0,"Workers": [],"Plans": [{"Node Type": "Seq Scan","Parent Relationship": "SubPlan","Subplan Name": "SubPlan 1","Parallel Aware": false,"Async Capable": false,"Relation Name": "supplier","Alias": "supplier","Startup Cost": 0.00,"Total Cost": 347.00,"Plan Rows": 1,"Plan Width": 4,"Actual Startup Time": 0.235,"Actual Total Time": 7.284,"Actual Rows": 4,"Actual Loops": 5,"Filter": "((s_comment)::text ~~ '%Customer%Complaints%'::text)","Rows Removed by Filter": 9996,"Workers": []}]},{"Node Type": "Hash","Parent Relationship": "Inner","Parallel Aware": true,"Async Capable": false,"Startup Cost": 6180.33,"Total Cost": 6180.33,"Plan Rows": 12530,"Plan Width": 40,"Actual Startup Time": 22.718,"Actual Total Time": 22.720,"Actual Rows": 5963,"Actual Loops": 5,"Hash Buckets": 32768,"Original Hash Buckets": 32768,"Hash Batches": 1,"Original Hash Batches": 1,"Peak Memory Usage": 2560,"Workers": [],"Plans": [{"Node Type": "Seq Scan","Parent Relationship": "Outer","Parallel Aware": true,"Async Capable": false,"Relation Name": "part","Alias": "part","Startup Cost": 0.00,"Total Cost": 6180.33,"Plan Rows": 12530,"Plan Width": 40,"Actual Startup Time": 0.049,"Actual Total Time": 18.909,"Actual Rows": 5963,"Actual Loops": 5,"Filter": "((p_brand <> 'Brand#51'::bpchar) AND ((p_type)::text !~~ 'MEDIUM BRUSHED%'::text) AND (p_size = ANY ('{29,43,30,3,19,20,36,10}'::integer[])))","Rows Removed by Filter": 34037,"Workers": []}]}]}]}]}]}]},"Planning Time": 5.019,"Triggers": [],"Execution Time": 243.119}]
[{"Plan": {"Node Type": "Sort","Parallel Aware": false,"Async Capable": false,"Startup Cost": 33384.09,"Total Cost": 33424.33,"Plan Rows": 16096,"Plan Width": 44,"Actual Startup Time": 250.018,"Actual Total Time": 251.946,"Actual Rows": 18353,"Actual Loops": 1,"Sort Key": ["(count(DISTINCT partsupp.ps_suppkey)) DESC", "part.p_brand", "part.p_type", "part.p_size"],"Sort Method": "quicksort","Sort Space Used": 2345,"Sort Space Type": "Memory","Plans": [{"Node Type": "Aggregate","Strategy": "Sorted","Partial Mode": "Simple","Parent Relationship": "Outer","Parallel Aware": false,"Async Capable": false,"Startup Cost": 24277.28,"Total Cost": 32259.43,"Plan Rows": 16096,"Plan Width": 44,"Actual Startup Time": 143.883,"Actual Total Time": 213.357,"Actual Rows": 18353,"Actual Loops": 1,"Group Key": ["part.p_brand", "part.p_type", "part.p_size"],"Plans": [{"Node Type": "Gather Merge","Parent Relationship": "Outer","Parallel Aware": false,"Async Capable": false,"Startup Cost": 24277.28,"Total Cost": 31495.61,"Plan Rows": 60286,"Plan Width": 40,"Actual Startup Time": 143.825,"Actual Total Time": 184.151,"Actual Rows": 120188,"Actual Loops": 1,"Workers Planned": 4,"Workers Launched": 4,"Plans": [{"Node Type": "Sort","Parent Relationship": "Outer","Parallel Aware": false,"Async Capable": false,"Startup Cost": 23277.23,"Total Cost": 23314.91,"Plan Rows": 15072,"Plan Width": 40,"Actual Startup Time": 124.631,"Actual Total Time": 127.330,"Actual Rows": 24038,"Actual Loops": 5,"Sort Key": ["part.p_brand", "part.p_type", "part.p_size"],"Sort Method": "quicksort","Sort Space Used": 2371,"Sort Space Type": "Memory","Workers": [{"Worker Number": 0,"Sort Method": "quicksort","Sort Space Used": 2845,"Sort Space Type": "Memory"},{"Worker Number": 1,"Sort Method": "quicksort","Sort Space Used": 2837,"Sort Space Type": "Memory"},{"Worker Number": 2,"Sort Method": "quicksort","Sort Space Used": 2819,"Sort Space Type": "Memory"},{"Worker Number": 3,"Sort Method": "quicksort","Sort Space Used": 2851,"Sort Space Type": "Memory"}],"Plans": [{"Node Type": "Hash Join","Parent Relationship": "Outer","Parallel Aware": true,"Async Capable": false,"Join Type": "Inner","Startup Cost": 6684.76,"Total Cost": 22231.26,"Plan Rows": 15072,"Plan Width": 40,"Actual Startup Time": 31.895,"Actual Total Time": 80.133,"Actual Rows": 24038,"Actual Loops": 5,"Inner Unique": true,"Hash Cond": "(partsupp.ps_partkey = part.p_partkey)","Workers": [],"Plans": [{"Node Type": "Index Only Scan","Parent Relationship": "Outer","Parallel Aware": true,"Async Capable": false,"Scan Direction": "Forward","Index Name": "partsupp_pkey","Relation Name": "partsupp","Alias": "partsupp","Startup Cost": 347.43,"Total Cost": 15631.43,"Plan Rows": 100000,"Plan Width": 8,"Actual Startup Time": 8.853,"Actual Total Time": 33.501,"Actual Rows": 159936,"Actual Loops": 5,"Filter": "(NOT (hashed SubPlan 1))","Rows Removed by Filter": 64,"Heap Fetches": 0,"Workers": [],"Plans": [{"Node Type": "Seq Scan","Parent Relationship": "SubPlan","Subplan Name": "SubPlan 1","Parallel Aware": false,"Async Capable": false,"Relation Name": "supplier","Alias": "supplier","Startup Cost": 0.00,"Total Cost": 347.00,"Plan Rows": 1,"Plan Width": 4,"Actual Startup Time": 0.240,"Actual Total Time": 8.699,"Actual Rows": 4,"Actual Loops": 5,"Filter": "((s_comment)::text ~~ '%Customer%Complaints%'::text)","Rows Removed by Filter": 9996,"Workers": []}]},{"Node Type": "Hash","Parent Relationship": "Inner","Parallel Aware": true,"Async Capable": false,"Startup Cost": 6180.33,"Total Cost": 6180.33,"Plan Rows": 12560,"Plan Width": 40,"Actual Startup Time": 22.752,"Actual Total Time": 22.759,"Actual Rows": 6012,"Actual Loops": 5,"Hash Buckets": 32768,"Original Hash Buckets": 32768,"Hash Batches": 1,"Original Hash Batches": 1,"Peak Memory Usage": 2528,"Workers": [],"Plans": [{"Node Type": "Seq Scan","Parent Relationship": "Outer","Parallel Aware": true,"Async Capable": false,"Relation Name": "part","Alias": "part","Startup Cost": 0.00,"Total Cost": 6180.33,"Plan Rows": 12560,"Plan Width": 40,"Actual Startup Time": 0.052,"Actual Total Time": 19.271,"Actual Rows": 6012,"Actual Loops": 5,"Filter": "((p_brand <> 'Brand#41'::bpchar) AND ((p_type)::text !~~ 'STANDARD BRUSHED%'::text) AND (p_size = ANY ('{26,29,35,8,9,6,38,10}'::integer[])))","Rows Removed by Filter": 33988,"Workers": []}]}]}]}]}]}]},"Planning Time": 4.302,"Triggers": [],"Execution Time": 253.241}]
[{"Plan": {"Node Type": "Sort","Parallel Aware": false,"Async Capable": false,"Startup Cost": 33024.06,"Total Cost": 33063.64,"Plan Rows": 15832,"Plan Width": 44,"Actual Startup Time": 235.685,"Actual Total Time": 237.504,"Actual Rows": 18218,"Actual Loops": 1,"Sort Key": ["(count(DISTINCT partsupp.ps_suppkey)) DESC", "part.p_brand", "part.p_type", "part.p_size"],"Sort Method": "quicksort","Sort Space Used": 2333,"Sort Space Type": "Memory","Plans": [{"Node Type": "Aggregate","Strategy": "Sorted","Partial Mode": "Simple","Parent Relationship": "Outer","Parallel Aware": false,"Async Capable": false,"Startup Cost": 24228.89,"Total Cost": 31919.73,"Plan Rows": 15832,"Plan Width": 44,"Actual Startup Time": 130.508,"Actual Total Time": 196.340,"Actual Rows": 18218,"Actual Loops": 1,"Group Key": ["part.p_brand", "part.p_type", "part.p_size"],"Plans": [{"Node Type": "Gather Merge","Parent Relationship": "Outer","Parallel Aware": false,"Async Capable": false,"Startup Cost": 24228.89,"Total Cost": 31180.80,"Plan Rows": 58061,"Plan Width": 40,"Actual Startup Time": 130.437,"Actual Total Time": 168.945,"Actual Rows": 118145,"Actual Loops": 1,"Workers Planned": 4,"Workers Launched": 4,"Plans": [{"Node Type": "Sort","Parent Relationship": "Outer","Parallel Aware": false,"Async Capable": false,"Startup Cost": 23228.83,"Total Cost": 23265.12,"Plan Rows": 14515,"Plan Width": 40,"Actual Startup Time": 122.649,"Actual Total Time": 125.274,"Actual Rows": 23629,"Actual Loops": 5,"Sort Key": ["part.p_brand", "part.p_type", "part.p_size"],"Sort Method": "quicksort","Sort Space Used": 2722,"Sort Space Type": "Memory","Workers": [{"Worker Number": 0,"Sort Method": "quicksort","Sort Space Used": 2707,"Sort Space Type": "Memory"},{"Worker Number": 1,"Sort Method": "quicksort","Sort Space Used": 2725,"Sort Space Type": "Memory"},{"Worker Number": 2,"Sort Method": "quicksort","Sort Space Used": 2712,"Sort Space Type": "Memory"},{"Worker Number": 3,"Sort Method": "quicksort","Sort Space Used": 2705,"Sort Space Type": "Memory"}],"Plans": [{"Node Type": "Hash Join","Parent Relationship": "Outer","Parallel Aware": true,"Async Capable": false,"Join Type": "Inner","Startup Cost": 6678.96,"Total Cost": 22225.46,"Plan Rows": 14515,"Plan Width": 40,"Actual Startup Time": 30.695,"Actual Total Time": 81.255,"Actual Rows": 23629,"Actual Loops": 5,"Inner Unique": true,"Hash Cond": "(partsupp.ps_partkey = part.p_partkey)","Workers": [],"Plans": [{"Node Type": "Index Only Scan","Parent Relationship": "Outer","Parallel Aware": true,"Async Capable": false,"Scan Direction": "Forward","Index Name": "partsupp_pkey","Relation Name": "partsupp","Alias": "partsupp","Startup Cost": 347.43,"Total Cost": 15631.43,"Plan Rows": 100000,"Plan Width": 8,"Actual Startup Time": 7.129,"Actual Total Time": 32.160,"Actual Rows": 159936,"Actual Loops": 5,"Filter": "(NOT (hashed SubPlan 1))","Rows Removed by Filter": 64,"Heap Fetches": 0,"Workers": [],"Plans": [{"Node Type": "Seq Scan","Parent Relationship": "SubPlan","Subplan Name": "SubPlan 1","Parallel Aware": false,"Async Capable": false,"Relation Name": "supplier","Alias": "supplier","Startup Cost": 0.00,"Total Cost": 347.00,"Plan Rows": 1,"Plan Width": 4,"Actual Startup Time": 0.275,"Actual Total Time": 6.951,"Actual Rows": 4,"Actual Loops": 5,"Filter": "((s_comment)::text ~~ '%Customer%Complaints%'::text)","Rows Removed by Filter": 9996,"Workers": []}]},{"Node Type": "Hash","Parent Relationship": "Inner","Parallel Aware": true,"Async Capable": false,"Startup Cost": 6180.33,"Total Cost": 6180.33,"Plan Rows": 12096,"Plan Width": 40,"Actual Startup Time": 23.236,"Actual Total Time": 23.241,"Actual Rows": 5909,"Actual Loops": 5,"Hash Buckets": 32768,"Original Hash Buckets": 32768,"Hash Batches": 1,"Original Hash Batches": 1,"Peak Memory Usage": 2560,"Workers": [],"Plans": [{"Node Type": "Seq Scan","Parent Relationship": "Outer","Parallel Aware": true,"Async Capable": false,"Relation Name": "part","Alias": "part","Startup Cost": 0.00,"Total Cost": 6180.33,"Plan Rows": 12096,"Plan Width": 40,"Actual Startup Time": 0.068,"Actual Total Time": 19.298,"Actual Rows": 5909,"Actual Loops": 5,"Filter": "((p_brand <> 'Brand#41'::bpchar) AND ((p_type)::text !~~ 'MEDIUM BRUSHED%'::text) AND (p_size = ANY ('{36,31,44,38,33,3,12,43}'::integer[])))","Rows Removed by Filter": 34091,"Workers": []}]}]}]}]}]}]},"Planning Time": 4.457,"Triggers": [],"Execution Time": 238.468}]
[{"Plan": {"Node Type": "Sort","Parallel Aware": false,"Async Capable": false,"Startup Cost": 33390.89,"Total Cost": 33431.14,"Plan Rows": 16100,"Plan Width": 44,"Actual Startup Time": 238.134,"Actual Total Time": 239.736,"Actual Rows": 18395,"Actual Loops": 1,"Sort Key": ["(count(DISTINCT partsupp.ps_suppkey)) DESC", "part.p_brand", "part.p_type", "part.p_size"],"Sort Method": "quicksort","Sort Space Used": 2348,"Sort Space Type": "Memory","Plans": [{"Node Type": "Aggregate","Strategy": "Sorted","Partial Mode": "Simple","Parent Relationship": "Outer","Parallel Aware": false,"Async Capable": false,"Startup Cost": 24278.16,"Total Cost": 32265.92,"Plan Rows": 16100,"Plan Width": 44,"Actual Startup Time": 134.169,"Actual Total Time": 200.633,"Actual Rows": 18395,"Actual Loops": 1,"Group Key": ["part.p_brand", "part.p_type", "part.p_size"],"Plans": [{"Node Type": "Gather Merge","Parent Relationship": "Outer","Parallel Aware": false,"Async Capable": false,"Startup Cost": 24278.16,"Total Cost": 31501.63,"Plan Rows": 60329,"Plan Width": 40,"Actual Startup Time": 134.103,"Actual Total Time": 173.012,"Actual Rows": 119675,"Actual Loops": 1,"Workers Planned": 4,"Workers Launched": 4,"Plans": [{"Node Type": "Sort","Parent Relationship": "Outer","Parallel Aware": false,"Async Capable": false,"Startup Cost": 23278.10,"Total Cost": 23315.81,"Plan Rows": 15082,"Plan Width": 40,"Actual Startup Time": 122.334,"Actual Total Time": 124.942,"Actual Rows": 23935,"Actual Loops": 5,"Sort Key": ["part.p_brand", "part.p_type", "part.p_size"],"Sort Method": "quicksort","Sort Space Used": 2483,"Sort Space Type": "Memory","Workers": [{"Worker Number": 0,"Sort Method": "quicksort","Sort Space Used": 2938,"Sort Space Type": "Memory"},{"Worker Number": 1,"Sort Method": "quicksort","Sort Space Used": 2917,"Sort Space Type": "Memory"},{"Worker Number": 2,"Sort Method": "quicksort","Sort Space Used": 2428,"Sort Space Type": "Memory"},{"Worker Number": 3,"Sort Method": "quicksort","Sort Space Used": 2916,"Sort Space Type": "Memory"}],"Plans": [{"Node Type": "Hash Join","Parent Relationship": "Outer","Parallel Aware": true,"Async Capable": false,"Join Type": "Inner","Startup Cost": 6684.87,"Total Cost": 22231.37,"Plan Rows": 15082,"Plan Width": 40,"Actual Startup Time": 30.838,"Actual Total Time": 80.311,"Actual Rows": 23935,"Actual Loops": 5,"Inner Unique": true,"Hash Cond": "(partsupp.ps_partkey = part.p_partkey)","Workers": [],"Plans": [{"Node Type": "Index Only Scan","Parent Relationship": "Outer","Parallel Aware": true,"Async Capable": false,"Scan Direction": "Forward","Index Name": "partsupp_pkey","Relation Name": "partsupp","Alias": "partsupp","Startup Cost": 347.43,"Total Cost": 15631.43,"Plan Rows": 100000,"Plan Width": 8,"Actual Startup Time": 6.481,"Actual Total Time": 31.431,"Actual Rows": 159936,"Actual Loops": 5,"Filter": "(NOT (hashed SubPlan 1))","Rows Removed by Filter": 64,"Heap Fetches": 0,"Workers": [],"Plans": [{"Node Type": "Seq Scan","Parent Relationship": "SubPlan","Subplan Name": "SubPlan 1","Parallel Aware": false,"Async Capable": false,"Relation Name": "supplier","Alias": "supplier","Startup Cost": 0.00,"Total Cost": 347.00,"Plan Rows": 1,"Plan Width": 4,"Actual Startup Time": 0.233,"Actual Total Time": 6.313,"Actual Rows": 4,"Actual Loops": 5,"Filter": "((s_comment)::text ~~ '%Customer%Complaints%'::text)","Rows Removed by Filter": 9996,"Workers": []}]},{"Node Type": "Hash","Parent Relationship": "Inner","Parallel Aware": true,"Async Capable": false,"Startup Cost": 6180.33,"Total Cost": 6180.33,"Plan Rows": 12569,"Plan Width": 40,"Actual Startup Time": 24.070,"Actual Total Time": 24.074,"Actual Rows": 5986,"Actual Loops": 5,"Hash Buckets": 32768,"Original Hash Buckets": 32768,"Hash Batches": 1,"Original Hash Batches": 1,"Peak Memory Usage": 2592,"Workers": [],"Plans": [{"Node Type": "Seq Scan","Parent Relationship": "Outer","Parallel Aware": true,"Async Capable": false,"Relation Name": "part","Alias": "part","Startup Cost": 0.00,"Total Cost": 6180.33,"Plan Rows": 12569,"Plan Width": 40,"Actual Startup Time": 0.051,"Actual Total Time": 20.013,"Actual Rows": 5986,"Actual Loops": 5,"Filter": "((p_brand <> 'Brand#25'::bpchar) AND ((p_type)::text !~~ 'MEDIUM ANODIZED%'::text) AND (p_size = ANY ('{39,26,48,35,34,20,44,14}'::integer[])))","Rows Removed by Filter": 34014,"Workers": []}]}]}]}]}]}]},"Planning Time": 4.840,"Triggers": [],"Execution Time": 240.653}]
[{"Plan": {"Node Type": "Sort","Parallel Aware": false,"Async Capable": false,"Startup Cost": 32906.56,"Total Cost": 32945.92,"Plan Rows": 15743,"Plan Width": 44,"Actual Startup Time": 242.941,"Actual Total Time": 244.782,"Actual Rows": 18288,"Actual Loops": 1,"Sort Key": ["(count(DISTINCT partsupp.ps_suppkey)) DESC", "part.p_brand", "part.p_type", "part.p_size"],"Sort Method": "quicksort","Sort Space Used": 2339,"Sort Space Type": "Memory","Plans": [{"Node Type": "Aggregate","Strategy": "Sorted","Partial Mode": "Simple","Parent Relationship": "Outer","Parallel Aware": false,"Async Capable": false,"Startup Cost": 24213.19,"Total Cost": 31809.09,"Plan Rows": 15743,"Plan Width": 44,"Actual Startup Time": 134.115,"Actual Total Time": 202.831,"Actual Rows": 18288,"Actual Loops": 1,"Group Key": ["part.p_brand", "part.p_type", "part.p_size"],"Plans": [{"Node Type": "Gather Merge","Parent Relationship": "Outer","Parallel Aware": false,"Async Capable": false,"Startup Cost": 24213.19,"Total Cost": 31078.30,"Plan Rows": 57336,"Plan Width": 40,"Actual Startup Time": 134.053,"Actual Total Time": 174.137,"Actual Rows": 117848,"Actual Loops": 1,"Workers Planned": 4,"Workers Launched": 4,"Plans": [{"Node Type": "Sort","Parent Relationship": "Outer","Parallel Aware": false,"Async Capable": false,"Startup Cost": 23213.13,"Total Cost": 23248.97,"Plan Rows": 14334,"Plan Width": 40,"Actual Startup Time": 121.800,"Actual Total Time": 124.475,"Actual Rows": 23570,"Actual Loops": 5,"Sort Key": ["part.p_brand", "part.p_type", "part.p_size"],"Sort Method": "quicksort","Sort Space Used": 2413,"Sort Space Type": "Memory","Workers": [{"Worker Number": 0,"Sort Method": "quicksort","Sort Space Used": 2919,"Sort Space Type": "Memory"},{"Worker Number": 1,"Sort Method": "quicksort","Sort Space Used": 2397,"Sort Space Type": "Memory"},{"Worker Number": 2,"Sort Method": "quicksort","Sort Space Used": 2908,"Sort Space Type": "Memory"},{"Worker Number": 3,"Sort Method": "quicksort","Sort Space Used": 2894,"Sort Space Type": "Memory"}],"Plans": [{"Node Type": "Hash Join","Parent Relationship": "Outer","Parallel Aware": true,"Async Capable": false,"Join Type": "Inner","Startup Cost": 6677.07,"Total Cost": 22223.57,"Plan Rows": 14334,"Plan Width": 40,"Actual Startup Time": 30.412,"Actual Total Time": 80.178,"Actual Rows": 23570,"Actual Loops": 5,"Inner Unique": true,"Hash Cond": "(partsupp.ps_partkey = part.p_partkey)","Workers": [],"Plans": [{"Node Type": "Index Only Scan","Parent Relationship": "Outer","Parallel Aware": true,"Async Capable": false,"Scan Direction": "Forward","Index Name": "partsupp_pkey","Relation Name": "partsupp","Alias": "partsupp","Startup Cost": 347.43,"Total Cost": 15631.43,"Plan Rows": 100000,"Plan Width": 8,"Actual Startup Time": 7.572,"Actual Total Time": 32.556,"Actual Rows": 159936,"Actual Loops": 5,"Filter": "(NOT (hashed SubPlan 1))","Rows Removed by Filter": 64,"Heap Fetches": 0,"Workers": [],"Plans": [{"Node Type": "Seq Scan","Parent Relationship": "SubPlan","Subplan Name": "SubPlan 1","Parallel Aware": false,"Async Capable": false,"Relation Name": "supplier","Alias": "supplier","Startup Cost": 0.00,"Total Cost": 347.00,"Plan Rows": 1,"Plan Width": 4,"Actual Startup Time": 0.286,"Actual Total Time": 7.357,"Actual Rows": 4,"Actual Loops": 5,"Filter": "((s_comment)::text ~~ '%Customer%Complaints%'::text)","Rows Removed by Filter": 9996,"Workers": []}]},{"Node Type": "Hash","Parent Relationship": "Inner","Parallel Aware": true,"Async Capable": false,"Startup Cost": 6180.33,"Total Cost": 6180.33,"Plan Rows": 11945,"Plan Width": 40,"Actual Startup Time": 22.584,"Actual Total Time": 22.587,"Actual Rows": 5895,"Actual Loops": 5,"Hash Buckets": 32768,"Original Hash Buckets": 32768,"Hash Batches": 1,"Original Hash Batches": 1,"Peak Memory Usage": 2528,"Workers": [],"Plans": [{"Node Type": "Seq Scan","Parent Relationship": "Outer","Parallel Aware": true,"Async Capable": false,"Relation Name": "part","Alias": "part","Startup Cost": 0.00,"Total Cost": 6180.33,"Plan Rows": 11945,"Plan Width": 40,"Actual Startup Time": 0.058,"Actual Total Time": 19.143,"Actual Rows": 5895,"Actual Loops": 5,"Filter": "((p_brand <> 'Brand#34'::bpchar) AND ((p_type)::text !~~ 'SMALL BURNISHED%'::text) AND (p_size = ANY ('{49,19,27,31,21,44,5,16}'::integer[])))","Rows Removed by Filter": 34105,"Workers": []}]}]}]}]}]}]},"Planning Time": 4.052,"Triggers": [],"Execution Time": 245.947}]
[{"Plan": {"Node Type": "Sort","Parallel Aware": false,"Async Capable": false,"Startup Cost": 33461.51,"Total Cost": 33501.89,"Plan Rows": 16150,"Plan Width": 44,"Actual Startup Time": 233.523,"Actual Total Time": 235.128,"Actual Rows": 18301,"Actual Loops": 1,"Sort Key": ["(count(DISTINCT partsupp.ps_suppkey)) DESC", "part.p_brand", "part.p_type", "part.p_size"],"Sort Method": "quicksort","Sort Space Used": 2340,"Sort Space Type": "Memory","Plans": [{"Node Type": "Aggregate","Strategy": "Sorted","Partial Mode": "Simple","Parent Relationship": "Outer","Parallel Aware": false,"Async Capable": false,"Startup Cost": 24287.73,"Total Cost": 32332.69,"Plan Rows": 16150,"Plan Width": 44,"Actual Startup Time": 131.745,"Actual Total Time": 197.442,"Actual Rows": 18301,"Actual Loops": 1,"Group Key": ["part.p_brand", "part.p_type", "part.p_size"],"Plans": [{"Node Type": "Gather Merge","Parent Relationship": "Outer","Parallel Aware": false,"Async Capable": false,"Startup Cost": 24287.73,"Total Cost": 31563.53,"Plan Rows": 60766,"Plan Width": 40,"Actual Startup Time": 131.683,"Actual Total Time": 169.847,"Actual Rows": 118258,"Actual Loops": 1,"Workers Planned": 4,"Workers Launched": 4,"Plans": [{"Node Type": "Sort","Parent Relationship": "Outer","Parallel Aware": false,"Async Capable": false,"Startup Cost": 23287.67,"Total Cost": 23325.65,"Plan Rows": 15192,"Plan Width": 40,"Actual Startup Time": 121.448,"Actual Total Time": 123.807,"Actual Rows": 23652,"Actual Loops": 5,"Sort Key": ["part.p_brand", "part.p_type", "part.p_size"],"Sort Method": "quicksort","Sort Space Used": 2646,"Sort Space Type": "Memory","Workers": [{"Worker Number": 0,"Sort Method": "quicksort","Sort Space Used": 2648,"Sort Space Type": "Memory"},{"Worker Number": 1,"Sort Method": "quicksort","Sort Space Used": 2842,"Sort Space Type": "Memory"},{"Worker Number": 2,"Sort Method": "quicksort","Sort Space Used": 2632,"Sort Space Type": "Memory"},{"Worker Number": 3,"Sort Method": "quicksort","Sort Space Used": 2801,"Sort Space Type": "Memory"}],"Plans": [{"Node Type": "Hash Join","Parent Relationship": "Outer","Parallel Aware": true,"Async Capable": false,"Join Type": "Inner","Startup Cost": 6686.01,"Total Cost": 22232.51,"Plan Rows": 15192,"Plan Width": 40,"Actual Startup Time": 31.820,"Actual Total Time": 80.216,"Actual Rows": 23652,"Actual Loops": 5,"Inner Unique": true,"Hash Cond": "(partsupp.ps_partkey = part.p_partkey)","Workers": [],"Plans": [{"Node Type": "Index Only Scan","Parent Relationship": "Outer","Parallel Aware": true,"Async Capable": false,"Scan Direction": "Forward","Index Name": "partsupp_pkey","Relation Name": "partsupp","Alias": "partsupp","Startup Cost": 347.43,"Total Cost": 15631.43,"Plan Rows": 100000,"Plan Width": 8,"Actual Startup Time": 8.171,"Actual Total Time": 33.150,"Actual Rows": 159936,"Actual Loops": 5,"Filter": "(NOT (hashed SubPlan 1))","Rows Removed by Filter": 64,"Heap Fetches": 0,"Workers": [],"Plans": [{"Node Type": "Seq Scan","Parent Relationship": "SubPlan","Subplan Name": "SubPlan 1","Parallel Aware": false,"Async Capable": false,"Relation Name": "supplier","Alias": "supplier","Startup Cost": 0.00,"Total Cost": 347.00,"Plan Rows": 1,"Plan Width": 4,"Actual Startup Time": 0.330,"Actual Total Time": 7.975,"Actual Rows": 4,"Actual Loops": 5,"Filter": "((s_comment)::text ~~ '%Customer%Complaints%'::text)","Rows Removed by Filter": 9996,"Workers": []}]},{"Node Type": "Hash","Parent Relationship": "Inner","Parallel Aware": true,"Async Capable": false,"Startup Cost": 6180.33,"Total Cost": 6180.33,"Plan Rows": 12660,"Plan Width": 40,"Actual Startup Time": 23.357,"Actual Total Time": 23.361,"Actual Rows": 5915,"Actual Loops": 5,"Hash Buckets": 32768,"Original Hash Buckets": 32768,"Hash Batches": 1,"Original Hash Batches": 1,"Peak Memory Usage": 2528,"Workers": [],"Plans": [{"Node Type": "Seq Scan","Parent Relationship": "Outer","Parallel Aware": true,"Async Capable": false,"Relation Name": "part","Alias": "part","Startup Cost": 0.00,"Total Cost": 6180.33,"Plan Rows": 12660,"Plan Width": 40,"Actual Startup Time": 0.052,"Actual Total Time": 19.591,"Actual Rows": 5915,"Actual Loops": 5,"Filter": "((p_brand <> 'Brand#11'::bpchar) AND ((p_type)::text !~~ 'ECONOMY ANODIZED%'::text) AND (p_size = ANY ('{12,34,46,17,1,31,47,2}'::integer[])))","Rows Removed by Filter": 34085,"Workers": []}]}]}]}]}]}]},"Planning Time": 4.422,"Triggers": [],"Execution Time": 236.090}]
[{"Plan": {"Node Type": "Sort","Parallel Aware": false,"Async Capable": false,"Startup Cost": 32978.01,"Total Cost": 33017.50,"Plan Rows": 15797,"Plan Width": 44,"Actual Startup Time": 235.525,"Actual Total Time": 237.238,"Actual Rows": 18280,"Actual Loops": 1,"Sort Key": ["(count(DISTINCT partsupp.ps_suppkey)) DESC", "part.p_brand", "part.p_type", "part.p_size"],"Sort Method": "quicksort","Sort Space Used": 2339,"Sort Space Type": "Memory","Plans": [{"Node Type": "Aggregate","Strategy": "Sorted","Partial Mode": "Simple","Parent Relationship": "Outer","Parallel Aware": false,"Async Capable": false,"Startup Cost": 24222.73,"Total Cost": 31876.38,"Plan Rows": 15797,"Plan Width": 44,"Actual Startup Time": 132.427,"Actual Total Time": 197.979,"Actual Rows": 18280,"Actual Loops": 1,"Group Key": ["part.p_brand", "part.p_type", "part.p_size"],"Plans": [{"Node Type": "Gather Merge","Parent Relationship": "Outer","Parallel Aware": false,"Async Capable": false,"Startup Cost": 24222.73,"Total Cost": 31140.64,"Plan Rows": 57777,"Plan Width": 40,"Actual Startup Time": 132.391,"Actual Total Time": 170.546,"Actual Rows": 118810,"Actual Loops": 1,"Workers Planned": 4,"Workers Launched": 4,"Plans": [{"Node Type": "Sort","Parent Relationship": "Outer","Parallel Aware": false,"Async Capable": false,"Startup Cost": 23222.67,"Total Cost": 23258.78,"Plan Rows": 14444,"Plan Width": 40,"Actual Startup Time": 121.965,"Actual Total Time": 124.233,"Actual Rows": 23762,"Actual Loops": 5,"Sort Key": ["part.p_brand", "part.p_type", "part.p_size"],"Sort Method": "quicksort","Sort Space Used": 2523,"Sort Space Type": "Memory","Workers": [{"Worker Number": 0,"Sort Method": "quicksort","Sort Space Used": 2519,"Sort Space Type": "Memory"},{"Worker Number": 1,"Sort Method": "quicksort","Sort Space Used": 2827,"Sort Space Type": "Memory"},{"Worker Number": 2,"Sort Method": "quicksort","Sort Space Used": 2886,"Sort Space Type": "Memory"},{"Worker Number": 3,"Sort Method": "quicksort","Sort Space Used": 2880,"Sort Space Type": "Memory"}],"Plans": [{"Node Type": "Hash Join","Parent Relationship": "Outer","Parallel Aware": true,"Async Capable": false,"Join Type": "Inner","Startup Cost": 6678.22,"Total Cost": 22224.72,"Plan Rows": 14444,"Plan Width": 40,"Actual Startup Time": 28.571,"Actual Total Time": 79.850,"Actual Rows": 23762,"Actual Loops": 5,"Inner Unique": true,"Hash Cond": "(partsupp.ps_partkey = part.p_partkey)","Workers": [],"Plans": [{"Node Type": "Index Only Scan","Parent Relationship": "Outer","Parallel Aware": true,"Async Capable": false,"Scan Direction": "Forward","Index Name": "partsupp_pkey","Relation Name": "partsupp","Alias": "partsupp","Startup Cost": 347.43,"Total Cost": 15631.43,"Plan Rows": 100000,"Plan Width": 8,"Actual Startup Time": 6.780,"Actual Total Time": 33.203,"Actual Rows": 159936,"Actual Loops": 5,"Filter": "(NOT (hashed SubPlan 1))","Rows Removed by Filter": 64,"Heap Fetches": 0,"Workers": [],"Plans": [{"Node Type": "Seq Scan","Parent Relationship": "SubPlan","Subplan Name": "SubPlan 1","Parallel Aware": false,"Async Capable": false,"Relation Name": "supplier","Alias": "supplier","Startup Cost": 0.00,"Total Cost": 347.00,"Plan Rows": 1,"Plan Width": 4,"Actual Startup Time": 0.151,"Actual Total Time": 6.614,"Actual Rows": 4,"Actual Loops": 5,"Filter": "((s_comment)::text ~~ '%Customer%Complaints%'::text)","Rows Removed by Filter": 9996,"Workers": []}]},{"Node Type": "Hash","Parent Relationship": "Inner","Parallel Aware": true,"Async Capable": false,"Startup Cost": 6180.33,"Total Cost": 6180.33,"Plan Rows": 12037,"Plan Width": 40,"Actual Startup Time": 21.506,"Actual Total Time": 21.510,"Actual Rows": 5943,"Actual Loops": 5,"Hash Buckets": 32768,"Original Hash Buckets": 32768,"Hash Batches": 1,"Original Hash Batches": 1,"Peak Memory Usage": 2592,"Workers": [],"Plans": [{"Node Type": "Seq Scan","Parent Relationship": "Outer","Parallel Aware": true,"Async Capable": false,"Relation Name": "part","Alias": "part","Startup Cost": 0.00,"Total Cost": 6180.33,"Plan Rows": 12037,"Plan Width": 40,"Actual Startup Time": 0.064,"Actual Total Time": 17.809,"Actual Rows": 5943,"Actual Loops": 5,"Filter": "((p_brand <> 'Brand#52'::bpchar) AND ((p_type)::text !~~ 'PROMO BRUSHED%'::text) AND (p_size = ANY ('{36,8,25,23,29,16,48,32}'::integer[])))","Rows Removed by Filter": 34057,"Workers": []}]}]}]}]}]}]},"Planning Time": 4.152,"Triggers": [],"Execution Time": 238.147}]
[{"Plan": {"Node Type": "Sort","Parallel Aware": false,"Async Capable": false,"Startup Cost": 33388.03,"Total Cost": 33428.27,"Plan Rows": 16098,"Plan Width": 44,"Actual Startup Time": 236.098,"Actual Total Time": 237.882,"Actual Rows": 18192,"Actual Loops": 1,"Sort Key": ["(count(DISTINCT partsupp.ps_suppkey)) DESC", "part.p_brand", "part.p_type", "part.p_size"],"Sort Method": "quicksort","Sort Space Used": 2331,"Sort Space Type": "Memory","Plans": [{"Node Type": "Aggregate","Strategy": "Sorted","Partial Mode": "Simple","Parent Relationship": "Outer","Parallel Aware": false,"Async Capable": false,"Startup Cost": 24277.81,"Total Cost": 32263.21,"Plan Rows": 16098,"Plan Width": 44,"Actual Startup Time": 131.701,"Actual Total Time": 199.809,"Actual Rows": 18192,"Actual Loops": 1,"Group Key": ["part.p_brand", "part.p_type", "part.p_size"],"Plans": [{"Node Type": "Gather Merge","Parent Relationship": "Outer","Parallel Aware": false,"Async Capable": false,"Startup Cost": 24277.81,"Total Cost": 31499.12,"Plan Rows": 60311,"Plan Width": 40,"Actual Startup Time": 131.648,"Actual Total Time": 171.281,"Actual Rows": 118485,"Actual Loops": 1,"Workers Planned": 4,"Workers Launched": 4,"Plans": [{"Node Type": "Sort","Parent Relationship": "Outer","Parallel Aware": false,"Async Capable": false,"Startup Cost": 23277.75,"Total Cost": 23315.44,"Plan Rows": 15078,"Plan Width": 40,"Actual Startup Time": 121.822,"Actual Total Time": 124.215,"Actual Rows": 23697,"Actual Loops": 5,"Sort Key": ["part.p_brand", "part.p_type", "part.p_size"],"Sort Method": "quicksort","Sort Space Used": 2448,"Sort Space Type": "Memory","Workers": [{"Worker Number": 0,"Sort Method": "quicksort","Sort Space Used": 2859,"Sort Space Type": "Memory"},{"Worker Number": 1,"Sort Method": "quicksort","Sort Space Used": 2617,"Sort Space Type": "Memory"},{"Worker Number": 2,"Sort Method": "quicksort","Sort Space Used": 2833,"Sort Space Type": "Memory"},{"Worker Number": 3,"Sort Method": "quicksort","Sort Space Used": 2831,"Sort Space Type": "Memory"}],"Plans": [{"Node Type": "Hash Join","Parent Relationship": "Outer","Parallel Aware": true,"Async Capable": false,"Join Type": "Inner","Startup Cost": 6684.82,"Total Cost": 22231.32,"Plan Rows": 15078,"Plan Width": 40,"Actual Startup Time": 28.924,"Actual Total Time": 79.260,"Actual Rows": 23697,"Actual Loops": 5,"Inner Unique": true,"Hash Cond": "(partsupp.ps_partkey = part.p_partkey)","Workers": [],"Plans": [{"Node Type": "Index Only Scan","Parent Relationship": "Outer","Parallel Aware": true,"Async Capable": false,"Scan Direction": "Forward","Index Name": "partsupp_pkey","Relation Name": "partsupp","Alias": "partsupp","Startup Cost": 347.43,"Total Cost": 15631.43,"Plan Rows": 100000,"Plan Width": 8,"Actual Startup Time": 6.901,"Actual Total Time": 33.299,"Actual Rows": 159936,"Actual Loops": 5,"Filter": "(NOT (hashed SubPlan 1))","Rows Removed by Filter": 64,"Heap Fetches": 0,"Workers": [],"Plans": [{"Node Type": "Seq Scan","Parent Relationship": "SubPlan","Subplan Name": "SubPlan 1","Parallel Aware": false,"Async Capable": false,"Relation Name": "supplier","Alias": "supplier","Startup Cost": 0.00,"Total Cost": 347.00,"Plan Rows": 1,"Plan Width": 4,"Actual Startup Time": 0.146,"Actual Total Time": 6.749,"Actual Rows": 4,"Actual Loops": 5,"Filter": "((s_comment)::text ~~ '%Customer%Complaints%'::text)","Rows Removed by Filter": 9996,"Workers": []}]},{"Node Type": "Hash","Parent Relationship": "Inner","Parallel Aware": true,"Async Capable": false,"Startup Cost": 6180.33,"Total Cost": 6180.33,"Plan Rows": 12565,"Plan Width": 40,"Actual Startup Time": 21.728,"Actual Total Time": 21.733,"Actual Rows": 5926,"Actual Loops": 5,"Hash Buckets": 32768,"Original Hash Buckets": 32768,"Hash Batches": 1,"Original Hash Batches": 1,"Peak Memory Usage": 2560,"Workers": [],"Plans": [{"Node Type": "Seq Scan","Parent Relationship": "Outer","Parallel Aware": true,"Async Capable": false,"Relation Name": "part","Alias": "part","Startup Cost": 0.00,"Total Cost": 6180.33,"Plan Rows": 12565,"Plan Width": 40,"Actual Startup Time": 0.071,"Actual Total Time": 18.045,"Actual Rows": 5926,"Actual Loops": 5,"Filter": "((p_brand <> 'Brand#24'::bpchar) AND ((p_type)::text !~~ 'ECONOMY POLISHED%'::text) AND (p_size = ANY ('{2,13,35,38,9,15,31,34}'::integer[])))","Rows Removed by Filter": 34074,"Workers": []}]}]}]}]}]}]},"Planning Time": 4.893,"Triggers": [],"Execution Time": 238.865}]
[{"Plan": {"Node Type": "Sort","Parallel Aware": false,"Async Capable": false,"Startup Cost": 33386.72,"Total Cost": 33426.97,"Plan Rows": 16097,"Plan Width": 44,"Actual Startup Time": 234.013,"Actual Total Time": 236.003,"Actual Rows": 18346,"Actual Loops": 1,"Sort Key": ["(count(DISTINCT partsupp.ps_suppkey)) DESC", "part.p_brand", "part.p_type", "part.p_size"],"Sort Method": "quicksort","Sort Space Used": 2344,"Sort Space Type": "Memory","Plans": [{"Node Type": "Aggregate","Strategy": "Sorted","Partial Mode": "Simple","Parent Relationship": "Outer","Parallel Aware": false,"Async Capable": false,"Startup Cost": 24277.63,"Total Cost": 32261.99,"Plan Rows": 16097,"Plan Width": 44,"Actual Startup Time": 129.755,"Actual Total Time": 196.726,"Actual Rows": 18346,"Actual Loops": 1,"Group Key": ["part.p_brand", "part.p_type", "part.p_size"],"Plans": [{"Node Type": "Gather Merge","Parent Relationship": "Outer","Parallel Aware": false,"Async Capable": false,"Startup Cost": 24277.63,"Total Cost": 31497.99,"Plan Rows": 60303,"Plan Width": 40,"Actual Startup Time": 129.687,"Actual Total Time": 169.111,"Actual Rows": 119214,"Actual Loops": 1,"Workers Planned": 4,"Workers Launched": 4,"Plans": [{"Node Type": "Sort","Parent Relationship": "Outer","Parallel Aware": false,"Async Capable": false,"Startup Cost": 23277.57,"Total Cost": 23315.26,"Plan Rows": 15076,"Plan Width": 40,"Actual Startup Time": 122.025,"Actual Total Time": 124.667,"Actual Rows": 23843,"Actual Loops": 5,"Sort Key": ["part.p_brand", "part.p_type", "part.p_size"],"Sort Method": "quicksort","Sort Space Used": 2655,"Sort Space Type": "Memory","Workers": [{"Worker Number": 0,"Sort Method": "quicksort","Sort Space Used": 2742,"Sort Space Type": "Memory"},{"Worker Number": 1,"Sort Method": "quicksort","Sort Space Used": 2764,"Sort Space Type": "Memory"},{"Worker Number": 2,"Sort Method": "quicksort","Sort Space Used": 2724,"Sort Space Type": "Memory"},{"Worker Number": 3,"Sort Method": "quicksort","Sort Space Used": 2772,"Sort Space Type": "Memory"}],"Plans": [{"Node Type": "Hash Join","Parent Relationship": "Outer","Parallel Aware": true,"Async Capable": false,"Join Type": "Inner","Startup Cost": 6684.80,"Total Cost": 22231.30,"Plan Rows": 15076,"Plan Width": 40,"Actual Startup Time": 30.076,"Actual Total Time": 80.064,"Actual Rows": 23843,"Actual Loops": 5,"Inner Unique": true,"Hash Cond": "(partsupp.ps_partkey = part.p_partkey)","Workers": [],"Plans": [{"Node Type": "Index Only Scan","Parent Relationship": "Outer","Parallel Aware": true,"Async Capable": false,"Scan Direction": "Forward","Index Name": "partsupp_pkey","Relation Name": "partsupp","Alias": "partsupp","Startup Cost": 347.43,"Total Cost": 15631.43,"Plan Rows": 100000,"Plan Width": 8,"Actual Startup Time": 8.032,"Actual Total Time": 32.800,"Actual Rows": 159936,"Actual Loops": 5,"Filter": "(NOT (hashed SubPlan 1))","Rows Removed by Filter": 64,"Heap Fetches": 0,"Workers": [],"Plans": [{"Node Type": "Seq Scan","Parent Relationship": "SubPlan","Subplan Name": "SubPlan 1","Parallel Aware": false,"Async Capable": false,"Relation Name": "supplier","Alias": "supplier","Startup Cost": 0.00,"Total Cost": 347.00,"Plan Rows": 1,"Plan Width": 4,"Actual Startup Time": 0.336,"Actual Total Time": 7.856,"Actual Rows": 4,"Actual Loops": 5,"Filter": "((s_comment)::text ~~ '%Customer%Complaints%'::text)","Rows Removed by Filter": 9996,"Workers": []}]},{"Node Type": "Hash","Parent Relationship": "Inner","Parallel Aware": true,"Async Capable": false,"Startup Cost": 6180.33,"Total Cost": 6180.33,"Plan Rows": 12563,"Plan Width": 40,"Actual Startup Time": 21.772,"Actual Total Time": 21.775,"Actual Rows": 5963,"Actual Loops": 5,"Hash Buckets": 32768,"Original Hash Buckets": 32768,"Hash Batches": 1,"Original Hash Batches": 1,"Peak Memory Usage": 2592,"Workers": [],"Plans": [{"Node Type": "Seq Scan","Parent Relationship": "Outer","Parallel Aware": true,"Async Capable": false,"Relation Name": "part","Alias": "part","Startup Cost": 0.00,"Total Cost": 6180.33,"Plan Rows": 12563,"Plan Width": 40,"Actual Startup Time": 0.056,"Actual Total Time": 18.347,"Actual Rows": 5963,"Actual Loops": 5,"Filter": "((p_brand <> 'Brand#15'::bpchar) AND ((p_type)::text !~~ 'PROMO POLISHED%'::text) AND (p_size = ANY ('{25,39,47,49,14,40,7,20}'::integer[])))","Rows Removed by Filter": 34037,"Workers": []}]}]}]}]}]}]},"Planning Time": 5.036,"Triggers": [],"Execution Time": 237.195}]
[{"Plan": {"Node Type": "Sort","Parallel Aware": false,"Async Capable": false,"Startup Cost": 33061.49,"Total Cost": 33101.14,"Plan Rows": 15860,"Plan Width": 44,"Actual Startup Time": 245.576,"Actual Total Time": 247.369,"Actual Rows": 18199,"Actual Loops": 1,"Sort Key": ["(count(DISTINCT partsupp.ps_suppkey)) DESC", "part.p_brand", "part.p_type", "part.p_size"],"Sort Method": "quicksort","Sort Space Used": 2332,"Sort Space Type": "Memory","Plans": [{"Node Type": "Aggregate","Strategy": "Sorted","Partial Mode": "Simple","Parent Relationship": "Outer","Parallel Aware": false,"Async Capable": false,"Startup Cost": 24233.92,"Total Cost": 31955.01,"Plan Rows": 15860,"Plan Width": 44,"Actual Startup Time": 133.178,"Actual Total Time": 207.335,"Actual Rows": 18199,"Actual Loops": 1,"Group Key": ["part.p_brand", "part.p_type", "part.p_size"],"Plans": [{"Node Type": "Gather Merge","Parent Relationship": "Outer","Parallel Aware": false,"Async Capable": false,"Startup Cost": 24233.92,"Total Cost": 31213.49,"Plan Rows": 58292,"Plan Width": 40,"Actual Startup Time": 133.083,"Actual Total Time": 176.572,"Actual Rows": 117178,"Actual Loops": 1,"Workers Planned": 4,"Workers Launched": 4,"Plans": [{"Node Type": "Sort","Parent Relationship": "Outer","Parallel Aware": false,"Async Capable": false,"Startup Cost": 23233.86,"Total Cost": 23270.29,"Plan Rows": 14573,"Plan Width": 40,"Actual Startup Time": 121.135,"Actual Total Time": 123.978,"Actual Rows": 23436,"Actual Loops": 5,"Sort Key": ["part.p_brand", "part.p_type", "part.p_size"],"Sort Method": "quicksort","Sort Space Used": 2379,"Sort Space Type": "Memory","Workers": [{"Worker Number": 0,"Sort Method": "quicksort","Sort Space Used": 2878,"Sort Space Type": "Memory"},{"Worker Number": 1,"Sort Method": "quicksort","Sort Space Used": 2427,"Sort Space Type": "Memory"},{"Worker Number": 2,"Sort Method": "quicksort","Sort Space Used": 2899,"Sort Space Type": "Memory"},{"Worker Number": 3,"Sort Method": "quicksort","Sort Space Used": 2922,"Sort Space Type": "Memory"}],"Plans": [{"Node Type": "Hash Join","Parent Relationship": "Outer","Parallel Aware": true,"Async Capable": false,"Join Type": "Inner","Startup Cost": 6679.56,"Total Cost": 22226.06,"Plan Rows": 14573,"Plan Width": 40,"Actual Startup Time": 29.556,"Actual Total Time": 80.001,"Actual Rows": 23436,"Actual Loops": 5,"Inner Unique": true,"Hash Cond": "(partsupp.ps_partkey = part.p_partkey)","Workers": [],"Plans": [{"Node Type": "Index Only Scan","Parent Relationship": "Outer","Parallel Aware": true,"Async Capable": false,"Scan Direction": "Forward","Index Name": "partsupp_pkey","Relation Name": "partsupp","Alias": "partsupp","Startup Cost": 347.43,"Total Cost": 15631.43,"Plan Rows": 100000,"Plan Width": 8,"Actual Startup Time": 7.463,"Actual Total Time": 32.841,"Actual Rows": 159936,"Actual Loops": 5,"Filter": "(NOT (hashed SubPlan 1))","Rows Removed by Filter": 64,"Heap Fetches": 0,"Workers": [],"Plans": [{"Node Type": "Seq Scan","Parent Relationship": "SubPlan","Subplan Name": "SubPlan 1","Parallel Aware": false,"Async Capable": false,"Relation Name": "supplier","Alias": "supplier","Startup Cost": 0.00,"Total Cost": 347.00,"Plan Rows": 1,"Plan Width": 4,"Actual Startup Time": 0.134,"Actual Total Time": 7.310,"Actual Rows": 4,"Actual Loops": 5,"Filter": "((s_comment)::text ~~ '%Customer%Complaints%'::text)","Rows Removed by Filter": 9996,"Workers": []}]},{"Node Type": "Hash","Parent Relationship": "Inner","Parallel Aware": true,"Async Capable": false,"Startup Cost": 6180.33,"Total Cost": 6180.33,"Plan Rows": 12144,"Plan Width": 40,"Actual Startup Time": 21.812,"Actual Total Time": 21.815,"Actual Rows": 5862,"Actual Loops": 5,"Hash Buckets": 32768,"Original Hash Buckets": 32768,"Hash Batches": 1,"Original Hash Batches": 1,"Peak Memory Usage": 2528,"Workers": [],"Plans": [{"Node Type": "Seq Scan","Parent Relationship": "Outer","Parallel Aware": true,"Async Capable": false,"Relation Name": "part","Alias": "part","Startup Cost": 0.00,"Total Cost": 6180.33,"Plan Rows": 12144,"Plan Width": 40,"Actual Startup Time": 0.064,"Actual Total Time": 18.461,"Actual Rows": 5862,"Actual Loops": 5,"Filter": "((p_brand <> 'Brand#11'::bpchar) AND ((p_type)::text !~~ 'MEDIUM PLATED%'::text) AND (p_size = ANY ('{34,23,43,4,11,19,8,44}'::integer[])))","Rows Removed by Filter": 34138,"Workers": []}]}]}]}]}]}]},"Planning Time": 4.642,"Triggers": [],"Execution Time": 248.556}]
[{"Plan": {"Node Type": "Sort","Parallel Aware": false,"Async Capable": false,"Startup Cost": 33307.92,"Total Cost": 33348.02,"Plan Rows": 16041,"Plan Width": 44,"Actual Startup Time": 250.207,"Actual Total Time": 252.036,"Actual Rows": 18330,"Actual Loops": 1,"Sort Key": ["(count(DISTINCT partsupp.ps_suppkey)) DESC", "part.p_brand", "part.p_type", "part.p_size"],"Sort Method": "quicksort","Sort Space Used": 2343,"Sort Space Type": "Memory","Plans": [{"Node Type": "Aggregate","Strategy": "Sorted","Partial Mode": "Simple","Parent Relationship": "Outer","Parallel Aware": false,"Async Capable": false,"Startup Cost": 24267.01,"Total Cost": 32187.50,"Plan Rows": 16041,"Plan Width": 44,"Actual Startup Time": 144.117,"Actual Total Time": 213.589,"Actual Rows": 18330,"Actual Loops": 1,"Group Key": ["part.p_brand", "part.p_type", "part.p_size"],"Plans": [{"Node Type": "Gather Merge","Parent Relationship": "Outer","Parallel Aware": false,"Async Capable": false,"Startup Cost": 24267.01,"Total Cost": 31428.94,"Plan Rows": 59815,"Plan Width": 40,"Actual Startup Time": 144.063,"Actual Total Time": 184.363,"Actual Rows": 119135,"Actual Loops": 1,"Workers Planned": 4,"Workers Launched": 4,"Plans": [{"Node Type": "Sort","Parent Relationship": "Outer","Parallel Aware": false,"Async Capable": false,"Startup Cost": 23266.95,"Total Cost": 23304.34,"Plan Rows": 14954,"Plan Width": 40,"Actual Startup Time": 124.538,"Actual Total Time": 127.405,"Actual Rows": 23827,"Actual Loops": 5,"Sort Key": ["part.p_brand", "part.p_type", "part.p_size"],"Sort Method": "quicksort","Sort Space Used": 2384,"Sort Space Type": "Memory","Workers": [{"Worker Number": 0,"Sort Method": "quicksort","Sort Space Used": 2831,"Sort Space Type": "Memory"},{"Worker Number": 1,"Sort Method": "quicksort","Sort Space Used": 2796,"Sort Space Type": "Memory"},{"Worker Number": 2,"Sort Method": "quicksort","Sort Space Used": 2814,"Sort Space Type": "Memory"},{"Worker Number": 3,"Sort Method": "quicksort","Sort Space Used": 2806,"Sort Space Type": "Memory"}],"Plans": [{"Node Type": "Hash Join","Parent Relationship": "Outer","Parallel Aware": true,"Async Capable": false,"Join Type": "Inner","Startup Cost": 6683.52,"Total Cost": 22230.02,"Plan Rows": 14954,"Plan Width": 40,"Actual Startup Time": 31.689,"Actual Total Time": 80.466,"Actual Rows": 23827,"Actual Loops": 5,"Inner Unique": true,"Hash Cond": "(partsupp.ps_partkey = part.p_partkey)","Workers": [],"Plans": [{"Node Type": "Index Only Scan","Parent Relationship": "Outer","Parallel Aware": true,"Async Capable": false,"Scan Direction": "Forward","Index Name": "partsupp_pkey","Relation Name": "partsupp","Alias": "partsupp","Startup Cost": 347.43,"Total Cost": 15631.43,"Plan Rows": 100000,"Plan Width": 8,"Actual Startup Time": 7.403,"Actual Total Time": 32.666,"Actual Rows": 159936,"Actual Loops": 5,"Filter": "(NOT (hashed SubPlan 1))","Rows Removed by Filter": 64,"Heap Fetches": 0,"Workers": [],"Plans": [{"Node Type": "Seq Scan","Parent Relationship": "SubPlan","Subplan Name": "SubPlan 1","Parallel Aware": false,"Async Capable": false,"Relation Name": "supplier","Alias": "supplier","Startup Cost": 0.00,"Total Cost": 347.00,"Plan Rows": 1,"Plan Width": 4,"Actual Startup Time": 0.294,"Actual Total Time": 7.144,"Actual Rows": 4,"Actual Loops": 5,"Filter": "((s_comment)::text ~~ '%Customer%Complaints%'::text)","Rows Removed by Filter": 9996,"Workers": []}]},{"Node Type": "Hash","Parent Relationship": "Inner","Parallel Aware": true,"Async Capable": false,"Startup Cost": 6180.33,"Total Cost": 6180.33,"Plan Rows": 12461,"Plan Width": 40,"Actual Startup Time": 24.000,"Actual Total Time": 24.003,"Actual Rows": 5960,"Actual Loops": 5,"Hash Buckets": 32768,"Original Hash Buckets": 32768,"Hash Batches": 1,"Original Hash Batches": 1,"Peak Memory Usage": 2560,"Workers": [],"Plans": [{"Node Type": "Seq Scan","Parent Relationship": "Outer","Parallel Aware": true,"Async Capable": false,"Relation Name": "part","Alias": "part","Startup Cost": 0.00,"Total Cost": 6180.33,"Plan Rows": 12461,"Plan Width": 40,"Actual Startup Time": 0.061,"Actual Total Time": 20.025,"Actual Rows": 5960,"Actual Loops": 5,"Filter": "((p_brand <> 'Brand#52'::bpchar) AND ((p_type)::text !~~ 'STANDARD POLISHED%'::text) AND (p_size = ANY ('{32,6,5,8,3,11,28,10}'::integer[])))","Rows Removed by Filter": 34040,"Workers": []}]}]}]}]}]}]},"Planning Time": 4.381,"Triggers": [],"Execution Time": 252.913}]
[{"Plan": {"Node Type": "Sort","Parallel Aware": false,"Async Capable": false,"Startup Cost": 33248.57,"Total Cost": 33288.57,"Plan Rows": 15998,"Plan Width": 44,"Actual Startup Time": 239.457,"Actual Total Time": 241.187,"Actual Rows": 18281,"Actual Loops": 1,"Sort Key": ["(count(DISTINCT partsupp.ps_suppkey)) DESC", "part.p_brand", "part.p_type", "part.p_size"],"Sort Method": "quicksort","Sort Space Used": 2339,"Sort Space Type": "Memory","Plans": [{"Node Type": "Aggregate","Strategy": "Sorted","Partial Mode": "Simple","Parent Relationship": "Outer","Parallel Aware": false,"Async Capable": false,"Startup Cost": 24259.02,"Total Cost": 32131.46,"Plan Rows": 15998,"Plan Width": 44,"Actual Startup Time": 134.480,"Actual Total Time": 200.376,"Actual Rows": 18281,"Actual Loops": 1,"Group Key": ["part.p_brand", "part.p_type", "part.p_size"],"Plans": [{"Node Type": "Gather Merge","Parent Relationship": "Outer","Parallel Aware": false,"Async Capable": false,"Startup Cost": 24259.02,"Total Cost": 31377.00,"Plan Rows": 59448,"Plan Width": 40,"Actual Startup Time": 134.415,"Actual Total Time": 172.888,"Actual Rows": 119016,"Actual Loops": 1,"Workers Planned": 4,"Workers Launched": 4,"Plans": [{"Node Type": "Sort","Parent Relationship": "Outer","Parallel Aware": false,"Async Capable": false,"Startup Cost": 23258.96,"Total Cost": 23296.12,"Plan Rows": 14862,"Plan Width": 40,"Actual Startup Time": 123.930,"Actual Total Time": 126.116,"Actual Rows": 23803,"Actual Loops": 5,"Sort Key": ["part.p_brand", "part.p_type", "part.p_size"],"Sort Method": "quicksort","Sort Space Used": 2453,"Sort Space Type": "Memory","Workers": [{"Worker Number": 0,"Sort Method": "quicksort","Sort Space Used": 2870,"Sort Space Type": "Memory"},{"Worker Number": 1,"Sort Method": "quicksort","Sort Space Used": 2871,"Sort Space Type": "Memory"},{"Worker Number": 2,"Sort Method": "quicksort","Sort Space Used": 2851,"Sort Space Type": "Memory"},{"Worker Number": 3,"Sort Method": "quicksort","Sort Space Used": 2581,"Sort Space Type": "Memory"}],"Plans": [{"Node Type": "Hash Join","Parent Relationship": "Outer","Parallel Aware": true,"Async Capable": false,"Join Type": "Inner","Startup Cost": 6682.57,"Total Cost": 22229.07,"Plan Rows": 14862,"Plan Width": 40,"Actual Startup Time": 30.757,"Actual Total Time": 81.255,"Actual Rows": 23803,"Actual Loops": 5,"Inner Unique": true,"Hash Cond": "(partsupp.ps_partkey = part.p_partkey)","Workers": [],"Plans": [{"Node Type": "Index Only Scan","Parent Relationship": "Outer","Parallel Aware": true,"Async Capable": false,"Scan Direction": "Forward","Index Name": "partsupp_pkey","Relation Name": "partsupp","Alias": "partsupp","Startup Cost": 347.43,"Total Cost": 15631.43,"Plan Rows": 100000,"Plan Width": 8,"Actual Startup Time": 6.938,"Actual Total Time": 33.162,"Actual Rows": 159936,"Actual Loops": 5,"Filter": "(NOT (hashed SubPlan 1))","Rows Removed by Filter": 64,"Heap Fetches": 0,"Workers": [],"Plans": [{"Node Type": "Seq Scan","Parent Relationship": "SubPlan","Subplan Name": "SubPlan 1","Parallel Aware": false,"Async Capable": false,"Relation Name": "supplier","Alias": "supplier","Startup Cost": 0.00,"Total Cost": 347.00,"Plan Rows": 1,"Plan Width": 4,"Actual Startup Time": 0.156,"Actual Total Time": 6.799,"Actual Rows": 4,"Actual Loops": 5,"Filter": "((s_comment)::text ~~ '%Customer%Complaints%'::text)","Rows Removed by Filter": 9996,"Workers": []}]},{"Node Type": "Hash","Parent Relationship": "Inner","Parallel Aware": true,"Async Capable": false,"Startup Cost": 6180.33,"Total Cost": 6180.33,"Plan Rows": 12385,"Plan Width": 40,"Actual Startup Time": 23.570,"Actual Total Time": 23.575,"Actual Rows": 5953,"Actual Loops": 5,"Hash Buckets": 32768,"Original Hash Buckets": 32768,"Hash Batches": 1,"Original Hash Batches": 1,"Peak Memory Usage": 2528,"Workers": [],"Plans": [{"Node Type": "Seq Scan","Parent Relationship": "Outer","Parallel Aware": true,"Async Capable": false,"Relation Name": "part","Alias": "part","Startup Cost": 0.00,"Total Cost": 6180.33,"Plan Rows": 12385,"Plan Width": 40,"Actual Startup Time": 0.062,"Actual Total Time": 19.695,"Actual Rows": 5953,"Actual Loops": 5,"Filter": "((p_brand <> 'Brand#11'::bpchar) AND ((p_type)::text !~~ 'STANDARD BRUSHED%'::text) AND (p_size = ANY ('{25,8,29,7,19,2,39,22}'::integer[])))","Rows Removed by Filter": 34047,"Workers": []}]}]}]}]}]}]},"Planning Time": 5.200,"Triggers": [],"Execution Time": 242.067}]
[{"Plan": {"Node Type": "Sort","Parallel Aware": false,"Async Capable": false,"Startup Cost": 33224.55,"Total Cost": 33264.50,"Plan Rows": 15981,"Plan Width": 44,"Actual Startup Time": 240.795,"Actual Total Time": 242.734,"Actual Rows": 18344,"Actual Loops": 1,"Sort Key": ["(count(DISTINCT partsupp.ps_suppkey)) DESC", "part.p_brand", "part.p_type", "part.p_size"],"Sort Method": "quicksort","Sort Space Used": 2344,"Sort Space Type": "Memory","Plans": [{"Node Type": "Aggregate","Strategy": "Sorted","Partial Mode": "Simple","Parent Relationship": "Outer","Parallel Aware": false,"Async Capable": false,"Startup Cost": 24255.80,"Total Cost": 32108.75,"Plan Rows": 15981,"Plan Width": 44,"Actual Startup Time": 134.022,"Actual Total Time": 202.907,"Actual Rows": 18344,"Actual Loops": 1,"Group Key": ["part.p_brand", "part.p_type", "part.p_size"],"Plans": [{"Node Type": "Gather Merge","Parent Relationship": "Outer","Parallel Aware": false,"Async Capable": false,"Startup Cost": 24255.80,"Total Cost": 31355.95,"Plan Rows": 59299,"Plan Width": 40,"Actual Startup Time": 133.969,"Actual Total Time": 174.385,"Actual Rows": 118313,"Actual Loops": 1,"Workers Planned": 4,"Workers Launched": 4,"Plans": [{"Node Type": "Sort","Parent Relationship": "Outer","Parallel Aware": false,"Async Capable": false,"Startup Cost": 23255.74,"Total Cost": 23292.81,"Plan Rows": 14825,"Plan Width": 40,"Actual Startup Time": 122.078,"Actual Total Time": 124.855,"Actual Rows": 23663,"Actual Loops": 5,"Sort Key": ["part.p_brand", "part.p_type", "part.p_size"],"Sort Method": "quicksort","Sort Space Used": 2430,"Sort Space Type": "Memory","Workers": [{"Worker Number": 0,"Sort Method": "quicksort","Sort Space Used": 2929,"Sort Space Type": "Memory"},{"Worker Number": 1,"Sort Method": "quicksort","Sort Space Used": 2891,"Sort Space Type": "Memory"},{"Worker Number": 2,"Sort Method": "quicksort","Sort Space Used": 2437,"Sort Space Type": "Memory"},{"Worker Number": 3,"Sort Method": "quicksort","Sort Space Used": 2877,"Sort Space Type": "Memory"}],"Plans": [{"Node Type": "Hash Join","Parent Relationship": "Outer","Parallel Aware": true,"Async Capable": false,"Join Type": "Inner","Startup Cost": 6682.19,"Total Cost": 22228.69,"Plan Rows": 14825,"Plan Width": 40,"Actual Startup Time": 30.113,"Actual Total Time": 80.171,"Actual Rows": 23663,"Actual Loops": 5,"Inner Unique": true,"Hash Cond": "(partsupp.ps_partkey = part.p_partkey)","Workers": [],"Plans": [{"Node Type": "Index Only Scan","Parent Relationship": "Outer","Parallel Aware": true,"Async Capable": false,"Scan Direction": "Forward","Index Name": "partsupp_pkey","Relation Name": "partsupp","Alias": "partsupp","Startup Cost": 347.43,"Total Cost": 15631.43,"Plan Rows": 100000,"Plan Width": 8,"Actual Startup Time": 7.548,"Actual Total Time": 32.391,"Actual Rows": 159936,"Actual Loops": 5,"Filter": "(NOT (hashed SubPlan 1))","Rows Removed by Filter": 64,"Heap Fetches": 0,"Workers": [],"Plans": [{"Node Type": "Seq Scan","Parent Relationship": "SubPlan","Subplan Name": "SubPlan 1","Parallel Aware": false,"Async Capable": false,"Relation Name": "supplier","Alias": "supplier","Startup Cost": 0.00,"Total Cost": 347.00,"Plan Rows": 1,"Plan Width": 4,"Actual Startup Time": 0.123,"Actual Total Time": 7.398,"Actual Rows": 4,"Actual Loops": 5,"Filter": "((s_comment)::text ~~ '%Customer%Complaints%'::text)","Rows Removed by Filter": 9996,"Workers": []}]},{"Node Type": "Hash","Parent Relationship": "Inner","Parallel Aware": true,"Async Capable": false,"Startup Cost": 6180.33,"Total Cost": 6180.33,"Plan Rows": 12354,"Plan Width": 40,"Actual Startup Time": 22.294,"Actual Total Time": 22.298,"Actual Rows": 5918,"Actual Loops": 5,"Hash Buckets": 32768,"Original Hash Buckets": 32768,"Hash Batches": 1,"Original Hash Batches": 1,"Peak Memory Usage": 2528,"Workers": [],"Plans": [{"Node Type": "Seq Scan","Parent Relationship": "Outer","Parallel Aware": true,"Async Capable": false,"Relation Name": "part","Alias": "part","Startup Cost": 0.00,"Total Cost": 6180.33,"Plan Rows": 12354,"Plan Width": 40,"Actual Startup Time": 0.054,"Actual Total Time": 18.858,"Actual Rows": 5918,"Actual Loops": 5,"Filter": "((p_brand <> 'Brand#21'::bpchar) AND ((p_type)::text !~~ 'STANDARD POLISHED%'::text) AND (p_size = ANY ('{42,43,44,49,11,3,46,19}'::integer[])))","Rows Removed by Filter": 34082,"Workers": []}]}]}]}]}]}]},"Planning Time": 3.931,"Triggers": [],"Execution Time": 243.897}]
[{"Plan": {"Node Type": "Sort","Parallel Aware": false,"Async Capable": false,"Startup Cost": 33251.17,"Total Cost": 33291.17,"Plan Rows": 16000,"Plan Width": 44,"Actual Startup Time": 240.996,"Actual Total Time": 242.911,"Actual Rows": 18301,"Actual Loops": 1,"Sort Key": ["(count(DISTINCT partsupp.ps_suppkey)) DESC", "part.p_brand", "part.p_type", "part.p_size"],"Sort Method": "quicksort","Sort Space Used": 2340,"Sort Space Type": "Memory","Plans": [{"Node Type": "Aggregate","Strategy": "Sorted","Partial Mode": "Simple","Parent Relationship": "Outer","Parallel Aware": false,"Async Capable": false,"Startup Cost": 24259.36,"Total Cost": 32133.90,"Plan Rows": 16000,"Plan Width": 44,"Actual Startup Time": 133.961,"Actual Total Time": 203.160,"Actual Rows": 18301,"Actual Loops": 1,"Group Key": ["part.p_brand", "part.p_type", "part.p_size"],"Plans": [{"Node Type": "Gather Merge","Parent Relationship": "Outer","Parallel Aware": false,"Async Capable": false,"Startup Cost": 24259.36,"Total Cost": 31379.26,"Plan Rows": 59464,"Plan Width": 40,"Actual Startup Time": 133.882,"Actual Total Time": 174.550,"Actual Rows": 118526,"Actual Loops": 1,"Workers Planned": 4,"Workers Launched": 4,"Plans": [{"Node Type": "Sort","Parent Relationship": "Outer","Parallel Aware": false,"Async Capable": false,"Startup Cost": 23259.30,"Total Cost": 23296.47,"Plan Rows": 14866,"Plan Width": 40,"Actual Startup Time": 121.430,"Actual Total Time": 124.143,"Actual Rows": 23705,"Actual Loops": 5,"Sort Key": ["part.p_brand", "part.p_type", "part.p_size"],"Sort Method": "quicksort","Sort Space Used": 2398,"Sort Space Type": "Memory","Workers": [{"Worker Number": 0,"Sort Method": "quicksort","Sort Space Used": 2934,"Sort Space Type": "Memory"},{"Worker Number": 1,"Sort Method": "quicksort","Sort Space Used": 2426,"Sort Space Type": "Memory"},{"Worker Number": 2,"Sort Method": "quicksort","Sort Space Used": 2935,"Sort Space Type": "Memory"},{"Worker Number": 3,"Sort Method": "quicksort","Sort Space Used": 2892,"Sort Space Type": "Memory"}],"Plans": [{"Node Type": "Hash Join","Parent Relationship": "Outer","Parallel Aware": true,"Async Capable": false,"Join Type": "Inner","Startup Cost": 6682.61,"Total Cost": 22229.11,"Plan Rows": 14866,"Plan Width": 40,"Actual Startup Time": 29.296,"Actual Total Time": 79.935,"Actual Rows": 23705,"Actual Loops": 5,"Inner Unique": true,"Hash Cond": "(partsupp.ps_partkey = part.p_partkey)","Workers": [],"Plans": [{"Node Type": "Index Only Scan","Parent Relationship": "Outer","Parallel Aware": true,"Async Capable": false,"Scan Direction": "Forward","Index Name": "partsupp_pkey","Relation Name": "partsupp","Alias": "partsupp","Startup Cost": 347.43,"Total Cost": 15631.43,"Plan Rows": 100000,"Plan Width": 8,"Actual Startup Time": 7.202,"Actual Total Time": 32.569,"Actual Rows": 159936,"Actual Loops": 5,"Filter": "(NOT (hashed SubPlan 1))","Rows Removed by Filter": 64,"Heap Fetches": 0,"Workers": [],"Plans": [{"Node Type": "Seq Scan","Parent Relationship": "SubPlan","Subplan Name": "SubPlan 1","Parallel Aware": false,"Async Capable": false,"Relation Name": "supplier","Alias": "supplier","Startup Cost": 0.00,"Total Cost": 347.00,"Plan Rows": 1,"Plan Width": 4,"Actual Startup Time": 0.283,"Actual Total Time": 6.999,"Actual Rows": 4,"Actual Loops": 5,"Filter": "((s_comment)::text ~~ '%Customer%Complaints%'::text)","Rows Removed by Filter": 9996,"Workers": []}]},{"Node Type": "Hash","Parent Relationship": "Inner","Parallel Aware": true,"Async Capable": false,"Startup Cost": 6180.33,"Total Cost": 6180.33,"Plan Rows": 12388,"Plan Width": 40,"Actual Startup Time": 21.826,"Actual Total Time": 21.831,"Actual Rows": 5929,"Actual Loops": 5,"Hash Buckets": 32768,"Original Hash Buckets": 32768,"Hash Batches": 1,"Original Hash Batches": 1,"Peak Memory Usage": 2560,"Workers": [],"Plans": [{"Node Type": "Seq Scan","Parent Relationship": "Outer","Parallel Aware": true,"Async Capable": false,"Relation Name": "part","Alias": "part","Startup Cost": 0.00,"Total Cost": 6180.33,"Plan Rows": 12388,"Plan Width": 40,"Actual Startup Time": 0.053,"Actual Total Time": 18.390,"Actual Rows": 5929,"Actual Loops": 5,"Filter": "((p_brand <> 'Brand#23'::bpchar) AND ((p_type)::text !~~ 'ECONOMY BURNISHED%'::text) AND (p_size = ANY ('{19,44,20,30,8,6,2,34}'::integer[])))","Rows Removed by Filter": 34071,"Workers": []}]}]}]}]}]}]},"Planning Time": 3.977,"Triggers": [],"Execution Time": 244.058}]
[{"Plan": {"Node Type": "Sort","Parallel Aware": false,"Async Capable": false,"Startup Cost": 33163.34,"Total Cost": 33203.18,"Plan Rows": 15936,"Plan Width": 44,"Actual Startup Time": 235.970,"Actual Total Time": 237.942,"Actual Rows": 18275,"Actual Loops": 1,"Sort Key": ["(count(DISTINCT partsupp.ps_suppkey)) DESC", "part.p_brand", "part.p_type", "part.p_size"],"Sort Method": "quicksort","Sort Space Used": 2338,"Sort Space Type": "Memory","Plans": [{"Node Type": "Aggregate","Strategy": "Sorted","Partial Mode": "Simple","Parent Relationship": "Outer","Parallel Aware": false,"Async Capable": false,"Startup Cost": 24247.55,"Total Cost": 32051.00,"Plan Rows": 15936,"Plan Width": 44,"Actual Startup Time": 129.420,"Actual Total Time": 195.589,"Actual Rows": 18275,"Actual Loops": 1,"Group Key": ["part.p_brand", "part.p_type", "part.p_size"],"Plans": [{"Node Type": "Gather Merge","Parent Relationship": "Outer","Parallel Aware": false,"Async Capable": false,"Startup Cost": 24247.55,"Total Cost": 31302.43,"Plan Rows": 58921,"Plan Width": 40,"Actual Startup Time": 129.356,"Actual Total Time": 168.296,"Actual Rows": 118639,"Actual Loops": 1,"Workers Planned": 4,"Workers Launched": 4,"Plans": [{"Node Type": "Sort","Parent Relationship": "Outer","Parallel Aware": false,"Async Capable": false,"Startup Cost": 23247.49,"Total Cost": 23284.32,"Plan Rows": 14730,"Plan Width": 40,"Actual Startup Time": 120.665,"Actual Total Time": 123.100,"Actual Rows": 23728,"Actual Loops": 5,"Sort Key": ["part.p_brand", "part.p_type", "part.p_size"],"Sort Method": "quicksort","Sort Space Used": 2656,"Sort Space Type": "Memory","Workers": [{"Worker Number": 0,"Sort Method": "quicksort","Sort Space Used": 2757,"Sort Space Type": "Memory"},{"Worker Number": 1,"Sort Method": "quicksort","Sort Space Used": 2663,"Sort Space Type": "Memory"},{"Worker Number": 2,"Sort Method": "quicksort","Sort Space Used": 2754,"Sort Space Type": "Memory"},{"Worker Number": 3,"Sort Method": "quicksort","Sort Space Used": 2794,"Sort Space Type": "Memory"}],"Plans": [{"Node Type": "Hash Join","Parent Relationship": "Outer","Parallel Aware": true,"Async Capable": false,"Join Type": "Inner","Startup Cost": 6681.20,"Total Cost": 22227.70,"Plan Rows": 14730,"Plan Width": 40,"Actual Startup Time": 29.349,"Actual Total Time": 79.370,"Actual Rows": 23728,"Actual Loops": 5,"Inner Unique": true,"Hash Cond": "(partsupp.ps_partkey = part.p_partkey)","Workers": [],"Plans": [{"Node Type": "Index Only Scan","Parent Relationship": "Outer","Parallel Aware": true,"Async Capable": false,"Scan Direction": "Forward","Index Name": "partsupp_pkey","Relation Name": "partsupp","Alias": "partsupp","Startup Cost": 347.43,"Total Cost": 15631.43,"Plan Rows": 100000,"Plan Width": 8,"Actual Startup Time": 7.322,"Actual Total Time": 32.125,"Actual Rows": 159936,"Actual Loops": 5,"Filter": "(NOT (hashed SubPlan 1))","Rows Removed by Filter": 64,"Heap Fetches": 0,"Workers": [],"Plans": [{"Node Type": "Seq Scan","Parent Relationship": "SubPlan","Subplan Name": "SubPlan 1","Parallel Aware": false,"Async Capable": false,"Relation Name": "supplier","Alias": "supplier","Startup Cost": 0.00,"Total Cost": 347.00,"Plan Rows": 1,"Plan Width": 4,"Actual Startup Time": 0.197,"Actual Total Time": 7.145,"Actual Rows": 4,"Actual Loops": 5,"Filter": "((s_comment)::text ~~ '%Customer%Complaints%'::text)","Rows Removed by Filter": 9996,"Workers": []}]},{"Node Type": "Hash","Parent Relationship": "Inner","Parallel Aware": true,"Async Capable": false,"Startup Cost": 6180.33,"Total Cost": 6180.33,"Plan Rows": 12275,"Plan Width": 40,"Actual Startup Time": 21.691,"Actual Total Time": 21.695,"Actual Rows": 5934,"Actual Loops": 5,"Hash Buckets": 32768,"Original Hash Buckets": 32768,"Hash Batches": 1,"Original Hash Batches": 1,"Peak Memory Usage": 2560,"Workers": [],"Plans": [{"Node Type": "Seq Scan","Parent Relationship": "Outer","Parallel Aware": true,"Async Capable": false,"Relation Name": "part","Alias": "part","Startup Cost": 0.00,"Total Cost": 6180.33,"Plan Rows": 12275,"Plan Width": 40,"Actual Startup Time": 0.051,"Actual Total Time": 18.251,"Actual Rows": 5934,"Actual Loops": 5,"Filter": "((p_brand <> 'Brand#14'::bpchar) AND ((p_type)::text !~~ 'PROMO BRUSHED%'::text) AND (p_size = ANY ('{22,16,11,24,43,28,4,9}'::integer[])))","Rows Removed by Filter": 34066,"Workers": []}]}]}]}]}]}]},"Planning Time": 4.480,"Triggers": [],"Execution Time": 239.216}]
[{"Plan": {"Node Type": "Sort","Parallel Aware": false,"Async Capable": false,"Startup Cost": 32831.14,"Total Cost": 32870.35,"Plan Rows": 15685,"Plan Width": 44,"Actual Startup Time": 237.065,"Actual Total Time": 238.885,"Actual Rows": 18216,"Actual Loops": 1,"Sort Key": ["(count(DISTINCT partsupp.ps_suppkey)) DESC", "part.p_brand", "part.p_type", "part.p_size"],"Sort Method": "quicksort","Sort Space Used": 2333,"Sort Space Type": "Memory","Plans": [{"Node Type": "Aggregate","Strategy": "Sorted","Partial Mode": "Simple","Parent Relationship": "Outer","Parallel Aware": false,"Async Capable": false,"Startup Cost": 24203.14,"Total Cost": 31738.13,"Plan Rows": 15685,"Plan Width": 44,"Actual Startup Time": 132.917,"Actual Total Time": 199.641,"Actual Rows": 18216,"Actual Loops": 1,"Group Key": ["part.p_brand", "part.p_type", "part.p_size"],"Plans": [{"Node Type": "Gather Merge","Parent Relationship": "Outer","Parallel Aware": false,"Async Capable": false,"Startup Cost": 24203.14,"Total Cost": 31012.57,"Plan Rows": 56871,"Plan Width": 40,"Actual Startup Time": 132.840,"Actual Total Time": 172.129,"Actual Rows": 117420,"Actual Loops": 1,"Workers Planned": 4,"Workers Launched": 4,"Plans": [{"Node Type": "Sort","Parent Relationship": "Outer","Parallel Aware": false,"Async Capable": false,"Startup Cost": 23203.08,"Total Cost": 23238.62,"Plan Rows": 14218,"Plan Width": 40,"Actual Startup Time": 121.108,"Actual Total Time": 123.761,"Actual Rows": 23484,"Actual Loops": 5,"Sort Key": ["part.p_brand", "part.p_type", "part.p_size"],"Sort Method": "quicksort","Sort Space Used": 2395,"Sort Space Type": "Memory","Workers": [{"Worker Number": 0,"Sort Method": "quicksort","Sort Space Used": 2921,"Sort Space Type": "Memory"},{"Worker Number": 1,"Sort Method": "quicksort","Sort Space Used": 2894,"Sort Space Type": "Memory"},{"Worker Number": 2,"Sort Method": "quicksort","Sort Space Used": 2403,"Sort Space Type": "Memory"},{"Worker Number": 3,"Sort Method": "quicksort","Sort Space Used": 2886,"Sort Space Type": "Memory"}],"Plans": [{"Node Type": "Hash Join","Parent Relationship": "Outer","Parallel Aware": true,"Async Capable": false,"Join Type": "Inner","Startup Cost": 6675.86,"Total Cost": 22222.36,"Plan Rows": 14218,"Plan Width": 40,"Actual Startup Time": 30.245,"Actual Total Time": 80.069,"Actual Rows": 23484,"Actual Loops": 5,"Inner Unique": true,"Hash Cond": "(partsupp.ps_partkey = part.p_partkey)","Workers": [],"Plans": [{"Node Type": "Index Only Scan","Parent Relationship": "Outer","Parallel Aware": true,"Async Capable": false,"Scan Direction": "Forward","Index Name": "partsupp_pkey","Relation Name": "partsupp","Alias": "partsupp","Startup Cost": 347.43,"Total Cost": 15631.43,"Plan Rows": 100000,"Plan Width": 8,"Actual Startup Time": 7.832,"Actual Total Time": 32.950,"Actual Rows": 159936,"Actual Loops": 5,"Filter": "(NOT (hashed SubPlan 1))","Rows Removed by Filter": 64,"Heap Fetches": 0,"Workers": [],"Plans": [{"Node Type": "Seq Scan","Parent Relationship": "SubPlan","Subplan Name": "SubPlan 1","Parallel Aware": false,"Async Capable": false,"Relation Name": "supplier","Alias": "supplier","Startup Cost": 0.00,"Total Cost": 347.00,"Plan Rows": 1,"Plan Width": 4,"Actual Startup Time": 0.311,"Actual Total Time": 7.635,"Actual Rows": 4,"Actual Loops": 5,"Filter": "((s_comment)::text ~~ '%Customer%Complaints%'::text)","Rows Removed by Filter": 9996,"Workers": []}]},{"Node Type": "Hash","Parent Relationship": "Inner","Parallel Aware": true,"Async Capable": false,"Startup Cost": 6180.33,"Total Cost": 6180.33,"Plan Rows": 11848,"Plan Width": 40,"Actual Startup Time": 22.135,"Actual Total Time": 22.139,"Actual Rows": 5873,"Actual Loops": 5,"Hash Buckets": 32768,"Original Hash Buckets": 32768,"Hash Batches": 1,"Original Hash Batches": 1,"Peak Memory Usage": 2560,"Workers": [],"Plans": [{"Node Type": "Seq Scan","Parent Relationship": "Outer","Parallel Aware": true,"Async Capable": false,"Relation Name": "part","Alias": "part","Startup Cost": 0.00,"Total Cost": 6180.33,"Plan Rows": 11848,"Plan Width": 40,"Actual Startup Time": 0.055,"Actual Total Time": 18.703,"Actual Rows": 5873,"Actual Loops": 5,"Filter": "((p_brand <> 'Brand#55'::bpchar) AND ((p_type)::text !~~ 'MEDIUM POLISHED%'::text) AND (p_size = ANY ('{32,31,6,37,40,17,48,23}'::integer[])))","Rows Removed by Filter": 34127,"Workers": []}]}]}]}]}]}]},"Planning Time": 3.803,"Triggers": [],"Execution Time": 240.037}]
[{"Plan": {"Node Type": "Sort","Parallel Aware": false,"Async Capable": false,"Startup Cost": 33265.37,"Total Cost": 33305.40,"Plan Rows": 16010,"Plan Width": 44,"Actual Startup Time": 237.077,"Actual Total Time": 239.031,"Actual Rows": 18315,"Actual Loops": 1,"Sort Key": ["(count(DISTINCT partsupp.ps_suppkey)) DESC", "part.p_brand", "part.p_type", "part.p_size"],"Sort Method": "quicksort","Sort Space Used": 2341,"Sort Space Type": "Memory","Plans": [{"Node Type": "Aggregate","Strategy": "Sorted","Partial Mode": "Simple","Parent Relationship": "Outer","Parallel Aware": false,"Async Capable": false,"Startup Cost": 24261.28,"Total Cost": 32147.34,"Plan Rows": 16010,"Plan Width": 44,"Actual Startup Time": 131.396,"Actual Total Time": 198.561,"Actual Rows": 18315,"Actual Loops": 1,"Group Key": ["part.p_brand", "part.p_type", "part.p_size"],"Plans": [{"Node Type": "Gather Merge","Parent Relationship": "Outer","Parallel Aware": false,"Async Capable": false,"Startup Cost": 24261.28,"Total Cost": 31391.72,"Plan Rows": 59552,"Plan Width": 40,"Actual Startup Time": 131.329,"Actual Total Time": 170.989,"Actual Rows": 119306,"Actual Loops": 1,"Workers Planned": 4,"Workers Launched": 4,"Plans": [{"Node Type": "Sort","Parent Relationship": "Outer","Parallel Aware": false,"Async Capable": false,"Startup Cost": 23261.23,"Total Cost": 23298.45,"Plan Rows": 14888,"Plan Width": 40,"Actual Startup Time": 122.663,"Actual Total Time": 125.208,"Actual Rows": 23861,"Actual Loops": 5,"Sort Key": ["part.p_brand", "part.p_type", "part.p_size"],"Sort Method": "quicksort","Sort Space Used": 2700,"Sort Space Type": "Memory","Workers": [{"Worker Number": 0,"Sort Method": "quicksort","Sort Space Used": 2757,"Sort Space Type": "Memory"},{"Worker Number": 1,"Sort Method": "quicksort","Sort Space Used": 2746,"Sort Space Type": "Memory"},{"Worker Number": 2,"Sort Method": "quicksort","Sort Space Used": 2708,"Sort Space Type": "Memory"},{"Worker Number": 3,"Sort Method": "quicksort","Sort Space Used": 2766,"Sort Space Type": "Memory"}],"Plans": [{"Node Type": "Hash Join","Parent Relationship": "Outer","Parallel Aware": true,"Async Capable": false,"Join Type": "Inner","Startup Cost": 6682.85,"Total Cost": 22229.35,"Plan Rows": 14888,"Plan Width": 40,"Actual Startup Time": 30.175,"Actual Total Time": 80.660,"Actual Rows": 23861,"Actual Loops": 5,"Inner Unique": true,"Hash Cond": "(partsupp.ps_partkey = part.p_partkey)","Workers": [],"Plans": [{"Node Type": "Index Only Scan","Parent Relationship": "Outer","Parallel Aware": true,"Async Capable": false,"Scan Direction": "Forward","Index Name": "partsupp_pkey","Relation Name": "partsupp","Alias": "partsupp","Startup Cost": 347.43,"Total Cost": 15631.43,"Plan Rows": 100000,"Plan Width": 8,"Actual Startup Time": 7.391,"Actual Total Time": 32.466,"Actual Rows": 159936,"Actual Loops": 5,"Filter": "(NOT (hashed SubPlan 1))","Rows Removed by Filter": 64,"Heap Fetches": 0,"Workers": [],"Plans": [{"Node Type": "Seq Scan","Parent Relationship": "SubPlan","Subplan Name": "SubPlan 1","Parallel Aware": false,"Async Capable": false,"Relation Name": "supplier","Alias": "supplier","Startup Cost": 0.00,"Total Cost": 347.00,"Plan Rows": 1,"Plan Width": 4,"Actual Startup Time": 0.131,"Actual Total Time": 7.234,"Actual Rows": 4,"Actual Loops": 5,"Filter": "((s_comment)::text ~~ '%Customer%Complaints%'::text)","Rows Removed by Filter": 9996,"Workers": []}]},{"Node Type": "Hash","Parent Relationship": "Inner","Parallel Aware": true,"Async Capable": false,"Startup Cost": 6180.33,"Total Cost": 6180.33,"Plan Rows": 12407,"Plan Width": 40,"Actual Startup Time": 22.443,"Actual Total Time": 22.448,"Actual Rows": 5967,"Actual Loops": 5,"Hash Buckets": 32768,"Original Hash Buckets": 32768,"Hash Batches": 1,"Original Hash Batches": 1,"Peak Memory Usage": 2560,"Workers": [],"Plans": [{"Node Type": "Seq Scan","Parent Relationship": "Outer","Parallel Aware": true,"Async Capable": false,"Relation Name": "part","Alias": "part","Startup Cost": 0.00,"Total Cost": 6180.33,"Plan Rows": 12407,"Plan Width": 40,"Actual Startup Time": 0.059,"Actual Total Time": 18.577,"Actual Rows": 5967,"Actual Loops": 5,"Filter": "((p_brand <> 'Brand#15'::bpchar) AND ((p_type)::text !~~ 'PROMO BRUSHED%'::text) AND (p_size = ANY ('{3,8,27,47,25,38,39,30}'::integer[])))","Rows Removed by Filter": 34033,"Workers": []}]}]}]}]}]}]},"Planning Time": 5.398,"Triggers": [],"Execution Time": 240.368}]
[{"Plan": {"Node Type": "Sort","Parallel Aware": false,"Async Capable": false,"Startup Cost": 33258.26,"Total Cost": 33298.28,"Plan Rows": 16005,"Plan Width": 44,"Actual Startup Time": 236.081,"Actual Total Time": 237.812,"Actual Rows": 18214,"Actual Loops": 1,"Sort Key": ["(count(DISTINCT partsupp.ps_suppkey)) DESC", "part.p_brand", "part.p_type", "part.p_size"],"Sort Method": "quicksort","Sort Space Used": 2333,"Sort Space Type": "Memory","Plans": [{"Node Type": "Aggregate","Strategy": "Sorted","Partial Mode": "Simple","Parent Relationship": "Outer","Parallel Aware": false,"Async Capable": false,"Startup Cost": 24260.32,"Total Cost": 32140.62,"Plan Rows": 16005,"Plan Width": 44,"Actual Startup Time": 132.637,"Actual Total Time": 199.433,"Actual Rows": 18214,"Actual Loops": 1,"Group Key": ["part.p_brand", "part.p_type", "part.p_size"],"Plans": [{"Node Type": "Gather Merge","Parent Relationship": "Outer","Parallel Aware": false,"Async Capable": false,"Startup Cost": 24260.32,"Total Cost": 31385.49,"Plan Rows": 59508,"Plan Width": 40,"Actual Startup Time": 132.574,"Actual Total Time": 171.334,"Actual Rows": 118618,"Actual Loops": 1,"Workers Planned": 4,"Workers Launched": 4,"Plans": [{"Node Type": "Sort","Parent Relationship": "Outer","Parallel Aware": false,"Async Capable": false,"Startup Cost": 23260.26,"Total Cost": 23297.45,"Plan Rows": 14877,"Plan Width": 40,"Actual Startup Time": 121.907,"Actual Total Time": 124.648,"Actual Rows": 23724,"Actual Loops": 5,"Sort Key": ["part.p_brand", "part.p_type", "part.p_size"],"Sort Method": "quicksort","Sort Space Used": 2484,"Sort Space Type": "Memory","Workers": [{"Worker Number": 0,"Sort Method": "quicksort","Sort Space Used": 2468,"Sort Space Type": "Memory"},{"Worker Number": 1,"Sort Method": "quicksort","Sort Space Used": 2893,"Sort Space Type": "Memory"},{"Worker Number": 2,"Sort Method": "quicksort","Sort Space Used": 2901,"Sort Space Type": "Memory"},{"Worker Number": 3,"Sort Method": "quicksort","Sort Space Used": 2851,"Sort Space Type": "Memory"}],"Plans": [{"Node Type": "Hash Join","Parent Relationship": "Outer","Parallel Aware": true,"Async Capable": false,"Join Type": "Inner","Startup Cost": 6682.72,"Total Cost": 22229.22,"Plan Rows": 14877,"Plan Width": 40,"Actual Startup Time": 28.754,"Actual Total Time": 79.832,"Actual Rows": 23724,"Actual Loops": 5,"Inner Unique": true,"Hash Cond": "(partsupp.ps_partkey = part.p_partkey)","Workers": [],"Plans": [{"Node Type": "Index Only Scan","Parent Relationship": "Outer","Parallel Aware": true,"Async Capable": false,"Scan Direction": "Forward","Index Name": "partsupp_pkey","Relation Name": "partsupp","Alias": "partsupp","Startup Cost": 347.43,"Total Cost": 15631.43,"Plan Rows": 100000,"Plan Width": 8,"Actual Startup Time": 7.444,"Actual Total Time": 34.070,"Actual Rows": 159936,"Actual Loops": 5,"Filter": "(NOT (hashed SubPlan 1))","Rows Removed by Filter": 64,"Heap Fetches": 0,"Workers": [],"Plans": [{"Node Type": "Seq Scan","Parent Relationship": "SubPlan","Subplan Name": "SubPlan 1","Parallel Aware": false,"Async Capable": false,"Relation Name": "supplier","Alias": "supplier","Startup Cost": 0.00,"Total Cost": 347.00,"Plan Rows": 1,"Plan Width": 4,"Actual Startup Time": 0.175,"Actual Total Time": 7.312,"Actual Rows": 4,"Actual Loops": 5,"Filter": "((s_comment)::text ~~ '%Customer%Complaints%'::text)","Rows Removed by Filter": 9996,"Workers": []}]},{"Node Type": "Hash","Parent Relationship": "Inner","Parallel Aware": true,"Async Capable": false,"Startup Cost": 6180.33,"Total Cost": 6180.33,"Plan Rows": 12397,"Plan Width": 40,"Actual Startup Time": 21.030,"Actual Total Time": 21.033,"Actual Rows": 5933,"Actual Loops": 5,"Hash Buckets": 32768,"Original Hash Buckets": 32768,"Hash Batches": 1,"Original Hash Batches": 1,"Peak Memory Usage": 2528,"Workers": [],"Plans": [{"Node Type": "Seq Scan","Parent Relationship": "Outer","Parallel Aware": true,"Async Capable": false,"Relation Name": "part","Alias": "part","Startup Cost": 0.00,"Total Cost": 6180.33,"Plan Rows": 12397,"Plan Width": 40,"Actual Startup Time": 0.066,"Actual Total Time": 17.373,"Actual Rows": 5933,"Actual Loops": 5,"Filter": "((p_brand <> 'Brand#25'::bpchar) AND ((p_type)::text !~~ 'MEDIUM BURNISHED%'::text) AND (p_size = ANY ('{35,41,16,48,45,34,31,13}'::integer[])))","Rows Removed by Filter": 34067,"Workers": []}]}]}]}]}]}]},"Planning Time": 4.038,"Triggers": [],"Execution Time": 238.720}]
[{"Plan": {"Node Type": "Sort","Parallel Aware": false,"Async Capable": false,"Startup Cost": 33073.30,"Total Cost": 33112.98,"Plan Rows": 15869,"Plan Width": 44,"Actual Startup Time": 238.567,"Actual Total Time": 240.180,"Actual Rows": 18251,"Actual Loops": 1,"Sort Key": ["(count(DISTINCT partsupp.ps_suppkey)) DESC", "part.p_brand", "part.p_type", "part.p_size"],"Sort Method": "quicksort","Sort Space Used": 2336,"Sort Space Type": "Memory","Plans": [{"Node Type": "Aggregate","Strategy": "Sorted","Partial Mode": "Simple","Parent Relationship": "Outer","Parallel Aware": false,"Async Capable": false,"Startup Cost": 24235.48,"Total Cost": 31966.13,"Plan Rows": 15869,"Plan Width": 44,"Actual Startup Time": 135.027,"Actual Total Time": 200.599,"Actual Rows": 18251,"Actual Loops": 1,"Group Key": ["part.p_brand", "part.p_type", "part.p_size"],"Plans": [{"Node Type": "Gather Merge","Parent Relationship": "Outer","Parallel Aware": false,"Async Capable": false,"Startup Cost": 24235.48,"Total Cost": 31223.79,"Plan Rows": 58365,"Plan Width": 40,"Actual Startup Time": 134.972,"Actual Total Time": 173.183,"Actual Rows": 118504,"Actual Loops": 1,"Workers Planned": 4,"Workers Launched": 4,"Plans": [{"Node Type": "Sort","Parent Relationship": "Outer","Parallel Aware": false,"Async Capable": false,"Startup Cost": 23235.42,"Total Cost": 23271.90,"Plan Rows": 14591,"Plan Width": 40,"Actual Startup Time": 124.053,"Actual Total Time": 126.266,"Actual Rows": 23701,"Actual Loops": 5,"Sort Key": ["part.p_brand", "part.p_type", "part.p_size"],"Sort Method": "quicksort","Sort Space Used": 2536,"Sort Space Type": "Memory","Workers": [{"Worker Number": 0,"Sort Method": "quicksort","Sort Space Used": 2874,"Sort Space Type": "Memory"},{"Worker Number": 1,"Sort Method": "quicksort","Sort Space Used": 2498,"Sort Space Type": "Memory"},{"Worker Number": 2,"Sort Method": "quicksort","Sort Space Used": 2841,"Sort Space Type": "Memory"},{"Worker Number": 3,"Sort Method": "quicksort","Sort Space Used": 2852,"Sort Space Type": "Memory"}],"Plans": [{"Node Type": "Hash Join","Parent Relationship": "Outer","Parallel Aware": true,"Async Capable": false,"Join Type": "Inner","Startup Cost": 6679.75,"Total Cost": 22226.25,"Plan Rows": 14591,"Plan Width": 40,"Actual Startup Time": 30.973,"Actual Total Time": 82.144,"Actual Rows": 23701,"Actual Loops": 5,"Inner Unique": true,"Hash Cond": "(partsupp.ps_partkey = part.p_partkey)","Workers": [],"Plans": [{"Node Type": "Index Only Scan","Parent Relationship": "Outer","Parallel Aware": true,"Async Capable": false,"Scan Direction": "Forward","Index Name": "partsupp_pkey","Relation Name": "partsupp","Alias": "partsupp","Startup Cost": 347.43,"Total Cost": 15631.43,"Plan Rows": 100000,"Plan Width": 8,"Actual Startup Time": 7.550,"Actual Total Time": 34.195,"Actual Rows": 159936,"Actual Loops": 5,"Filter": "(NOT (hashed SubPlan 1))","Rows Removed by Filter": 64,"Heap Fetches": 0,"Workers": [],"Plans": [{"Node Type": "Seq Scan","Parent Relationship": "SubPlan","Subplan Name": "SubPlan 1","Parallel Aware": false,"Async Capable": false,"Relation Name": "supplier","Alias": "supplier","Startup Cost": 0.00,"Total Cost": 347.00,"Plan Rows": 1,"Plan Width": 4,"Actual Startup Time": 0.162,"Actual Total Time": 7.392,"Actual Rows": 4,"Actual Loops": 5,"Filter": "((s_comment)::text ~~ '%Customer%Complaints%'::text)","Rows Removed by Filter": 9996,"Workers": []}]},{"Node Type": "Hash","Parent Relationship": "Inner","Parallel Aware": true,"Async Capable": false,"Startup Cost": 6180.33,"Total Cost": 6180.33,"Plan Rows": 12159,"Plan Width": 40,"Actual Startup Time": 23.197,"Actual Total Time": 23.202,"Actual Rows": 5928,"Actual Loops": 5,"Hash Buckets": 32768,"Original Hash Buckets": 32768,"Hash Batches": 1,"Original Hash Batches": 1,"Peak Memory Usage": 2560,"Workers": [],"Plans": [{"Node Type": "Seq Scan","Parent Relationship": "Outer","Parallel Aware": true,"Async Capable": false,"Relation Name": "part","Alias": "part","Startup Cost": 0.00,"Total Cost": 6180.33,"Plan Rows": 12159,"Plan Width": 40,"Actual Startup Time": 0.053,"Actual Total Time": 19.220,"Actual Rows": 5928,"Actual Loops": 5,"Filter": "((p_brand <> 'Brand#14'::bpchar) AND ((p_type)::text !~~ 'LARGE POLISHED%'::text) AND (p_size = ANY ('{21,33,28,42,2,8,11,15}'::integer[])))","Rows Removed by Filter": 34072,"Workers": []}]}]}]}]}]}]},"Planning Time": 4.359,"Triggers": [],"Execution Time": 241.055}]
[{"Plan": {"Node Type": "Sort","Parallel Aware": false,"Async Capable": false,"Startup Cost": 33343.65,"Total Cost": 33383.82,"Plan Rows": 16067,"Plan Width": 44,"Actual Startup Time": 239.444,"Actual Total Time": 241.291,"Actual Rows": 18170,"Actual Loops": 1,"Sort Key": ["(count(DISTINCT partsupp.ps_suppkey)) DESC", "part.p_brand", "part.p_type", "part.p_size"],"Sort Method": "quicksort","Sort Space Used": 2329,"Sort Space Type": "Memory","Plans": [{"Node Type": "Aggregate","Strategy": "Sorted","Partial Mode": "Simple","Parent Relationship": "Outer","Parallel Aware": false,"Async Capable": false,"Startup Cost": 24271.81,"Total Cost": 32221.23,"Plan Rows": 16067,"Plan Width": 44,"Actual Startup Time": 131.661,"Actual Total Time": 199.911,"Actual Rows": 18170,"Actual Loops": 1,"Group Key": ["part.p_brand", "part.p_type", "part.p_size"],"Plans": [{"Node Type": "Gather Merge","Parent Relationship": "Outer","Parallel Aware": false,"Async Capable": false,"Startup Cost": 24271.81,"Total Cost": 31460.20,"Plan Rows": 60036,"Plan Width": 40,"Actual Startup Time": 131.582,"Actual Total Time": 171.608,"Actual Rows": 117868,"Actual Loops": 1,"Workers Planned": 4,"Workers Launched": 4,"Plans": [{"Node Type": "Sort","Parent Relationship": "Outer","Parallel Aware": false,"Async Capable": false,"Startup Cost": 23271.75,"Total Cost": 23309.27,"Plan Rows": 15009,"Plan Width": 40,"Actual Startup Time": 119.903,"Actual Total Time": 122.561,"Actual Rows": 23574,"Actual Loops": 5,"Sort Key": ["part.p_brand", "part.p_type", "part.p_size"],"Sort Method": "quicksort","Sort Space Used": 2405,"Sort Space Type": "Memory","Workers": [{"Worker Number": 0,"Sort Method": "quicksort","Sort Space Used": 2884,"Sort Space Type": "Memory"},{"Worker Number": 1,"Sort Method": "quicksort","Sort Space Used": 2899,"Sort Space Type": "Memory"},{"Worker Number": 2,"Sort Method": "quicksort","Sort Space Used": 2423,"Sort Space Type": "Memory"},{"Worker Number": 3,"Sort Method": "quicksort","Sort Space Used": 2916,"Sort Space Type": "Memory"}],"Plans": [{"Node Type": "Hash Join","Parent Relationship": "Outer","Parallel Aware": true,"Async Capable": false,"Join Type": "Inner","Startup Cost": 6684.11,"Total Cost": 22230.61,"Plan Rows": 15009,"Plan Width": 40,"Actual Startup Time": 29.011,"Actual Total Time": 78.941,"Actual Rows": 23574,"Actual Loops": 5,"Inner Unique": true,"Hash Cond": "(partsupp.ps_partkey = part.p_partkey)","Workers": [],"Plans": [{"Node Type": "Index Only Scan","Parent Relationship": "Outer","Parallel Aware": true,"Async Capable": false,"Scan Direction": "Forward","Index Name": "partsupp_pkey","Relation Name": "partsupp","Alias": "partsupp","Startup Cost": 347.43,"Total Cost": 15631.43,"Plan Rows": 100000,"Plan Width": 8,"Actual Startup Time": 7.171,"Actual Total Time": 32.086,"Actual Rows": 159936,"Actual Loops": 5,"Filter": "(NOT (hashed SubPlan 1))","Rows Removed by Filter": 64,"Heap Fetches": 0,"Workers": [],"Plans": [{"Node Type": "Seq Scan","Parent Relationship": "SubPlan","Subplan Name": "SubPlan 1","Parallel Aware": false,"Async Capable": false,"Relation Name": "supplier","Alias": "supplier","Startup Cost": 0.00,"Total Cost": 347.00,"Plan Rows": 1,"Plan Width": 4,"Actual Startup Time": 0.173,"Actual Total Time": 7.038,"Actual Rows": 4,"Actual Loops": 5,"Filter": "((s_comment)::text ~~ '%Customer%Complaints%'::text)","Rows Removed by Filter": 9996,"Workers": []}]},{"Node Type": "Hash","Parent Relationship": "Inner","Parallel Aware": true,"Async Capable": false,"Startup Cost": 6180.33,"Total Cost": 6180.33,"Plan Rows": 12508,"Plan Width": 40,"Actual Startup Time": 21.532,"Actual Total Time": 21.535,"Actual Rows": 5895,"Actual Loops": 5,"Hash Buckets": 32768,"Original Hash Buckets": 32768,"Hash Batches": 1,"Original Hash Batches": 1,"Peak Memory Usage": 2528,"Workers": [],"Plans": [{"Node Type": "Seq Scan","Parent Relationship": "Outer","Parallel Aware": true,"Async Capable": false,"Relation Name": "part","Alias": "part","Startup Cost": 0.00,"Total Cost": 6180.33,"Plan Rows": 12508,"Plan Width": 40,"Actual Startup Time": 0.063,"Actual Total Time": 18.134,"Actual Rows": 5895,"Actual Loops": 5,"Filter": "((p_brand <> 'Brand#43'::bpchar) AND ((p_type)::text !~~ 'STANDARD POLISHED%'::text) AND (p_size = ANY ('{17,14,25,27,20,38,43,13}'::integer[])))","Rows Removed by Filter": 34105,"Workers": []}]}]}]}]}]}]},"Planning Time": 5.060,"Triggers": [],"Execution Time": 242.516}]
[{"Plan": {"Node Type": "Sort","Parallel Aware": false,"Async Capable": false,"Startup Cost": 33579.22,"Total Cost": 33619.80,"Plan Rows": 16232,"Plan Width": 44,"Actual Startup Time": 242.111,"Actual Total Time": 243.676,"Actual Rows": 18379,"Actual Loops": 1,"Sort Key": ["(count(DISTINCT partsupp.ps_suppkey)) DESC", "part.p_brand", "part.p_type", "part.p_size"],"Sort Method": "quicksort","Sort Space Used": 2347,"Sort Space Type": "Memory","Plans": [{"Node Type": "Aggregate","Strategy": "Sorted","Partial Mode": "Simple","Parent Relationship": "Outer","Parallel Aware": false,"Async Capable": false,"Startup Cost": 24303.59,"Total Cost": 32444.07,"Plan Rows": 16232,"Plan Width": 44,"Actual Startup Time": 135.318,"Actual Total Time": 202.266,"Actual Rows": 18379,"Actual Loops": 1,"Group Key": ["part.p_brand", "part.p_type", "part.p_size"],"Plans": [{"Node Type": "Gather Merge","Parent Relationship": "Outer","Parallel Aware": false,"Async Capable": false,"Startup Cost": 24303.59,"Total Cost": 31666.79,"Plan Rows": 61496,"Plan Width": 40,"Actual Startup Time": 135.276,"Actual Total Time": 174.395,"Actual Rows": 120058,"Actual Loops": 1,"Workers Planned": 4,"Workers Launched": 4,"Plans": [{"Node Type": "Sort","Parent Relationship": "Outer","Parallel Aware": false,"Async Capable": false,"Startup Cost": 23303.53,"Total Cost": 23341.97,"Plan Rows": 15374,"Plan Width": 40,"Actual Startup Time": 124.295,"Actual Total Time": 126.980,"Actual Rows": 24012,"Actual Loops": 5,"Sort Key": ["part.p_brand", "part.p_type", "part.p_size"],"Sort Method": "quicksort","Sort Space Used": 2517,"Sort Space Type": "Memory","Workers": [{"Worker Number": 0,"Sort Method": "quicksort","Sort Space Used": 2883,"Sort Space Type": "Memory"},{"Worker Number": 1,"Sort Method": "quicksort","Sort Space Used": 2924,"Sort Space Type": "Memory"},{"Worker Number": 2,"Sort Method": "quicksort","Sort Space Used": 2468,"Sort Space Type": "Memory"},{"Worker Number": 3,"Sort Method": "quicksort","Sort Space Used": 2923,"Sort Space Type": "Memory"}],"Plans": [{"Node Type": "Hash Join","Parent Relationship": "Outer","Parallel Aware": true,"Async Capable": false,"Join Type": "Inner","Startup Cost": 6687.91,"Total Cost": 22234.41,"Plan Rows": 15374,"Plan Width": 40,"Actual Startup Time": 31.806,"Actual Total Time": 81.883,"Actual Rows": 24012,"Actual Loops": 5,"Inner Unique": true,"Hash Cond": "(partsupp.ps_partkey = part.p_partkey)","Workers": [],"Plans": [{"Node Type": "Index Only Scan","Parent Relationship": "Outer","Parallel Aware": true,"Async Capable": false,"Scan Direction": "Forward","Index Name": "partsupp_pkey","Relation Name": "partsupp","Alias": "partsupp","Startup Cost": 347.43,"Total Cost": 15631.43,"Plan Rows": 100000,"Plan Width": 8,"Actual Startup Time": 7.025,"Actual Total Time": 32.413,"Actual Rows": 159936,"Actual Loops": 5,"Filter": "(NOT (hashed SubPlan 1))","Rows Removed by Filter": 64,"Heap Fetches": 0,"Workers": [],"Plans": [{"Node Type": "Seq Scan","Parent Relationship": "SubPlan","Subplan Name": "SubPlan 1","Parallel Aware": false,"Async Capable": false,"Relation Name": "supplier","Alias": "supplier","Startup Cost": 0.00,"Total Cost": 347.00,"Plan Rows": 1,"Plan Width": 4,"Actual Startup Time": 0.168,"Actual Total Time": 6.889,"Actual Rows": 4,"Actual Loops": 5,"Filter": "((s_comment)::text ~~ '%Customer%Complaints%'::text)","Rows Removed by Filter": 9996,"Workers": []}]},{"Node Type": "Hash","Parent Relationship": "Inner","Parallel Aware": true,"Async Capable": false,"Startup Cost": 6180.33,"Total Cost": 6180.33,"Plan Rows": 12812,"Plan Width": 40,"Actual Startup Time": 24.528,"Actual Total Time": 24.531,"Actual Rows": 6005,"Actual Loops": 5,"Hash Buckets": 32768,"Original Hash Buckets": 32768,"Hash Batches": 1,"Original Hash Batches": 1,"Peak Memory Usage": 2592,"Workers": [],"Plans": [{"Node Type": "Seq Scan","Parent Relationship": "Outer","Parallel Aware": true,"Async Capable": false,"Relation Name": "part","Alias": "part","Startup Cost": 0.00,"Total Cost": 6180.33,"Plan Rows": 12812,"Plan Width": 40,"Actual Startup Time": 0.059,"Actual Total Time": 20.265,"Actual Rows": 6005,"Actual Loops": 5,"Filter": "((p_brand <> 'Brand#55'::bpchar) AND ((p_type)::text !~~ 'ECONOMY POLISHED%'::text) AND (p_size = ANY ('{15,5,7,41,42,30,1,16}'::integer[])))","Rows Removed by Filter": 33995,"Workers": []}]}]}]}]}]}]},"Planning Time": 4.712,"Triggers": [],"Execution Time": 244.533}]
[{"Plan": {"Node Type": "Sort","Parallel Aware": false,"Async Capable": false,"Startup Cost": 33215.45,"Total Cost": 33255.38,"Plan Rows": 15974,"Plan Width": 44,"Actual Startup Time": 241.011,"Actual Total Time": 242.977,"Actual Rows": 18213,"Actual Loops": 1,"Sort Key": ["(count(DISTINCT partsupp.ps_suppkey)) DESC", "part.p_brand", "part.p_type", "part.p_size"],"Sort Method": "quicksort","Sort Space Used": 2333,"Sort Space Type": "Memory","Plans": [{"Node Type": "Aggregate","Strategy": "Sorted","Partial Mode": "Simple","Parent Relationship": "Outer","Parallel Aware": false,"Async Capable": false,"Startup Cost": 24254.58,"Total Cost": 32100.19,"Plan Rows": 15974,"Plan Width": 44,"Actual Startup Time": 134.503,"Actual Total Time": 203.598,"Actual Rows": 18213,"Actual Loops": 1,"Group Key": ["part.p_brand", "part.p_type", "part.p_size"],"Plans": [{"Node Type": "Gather Merge","Parent Relationship": "Outer","Parallel Aware": false,"Async Capable": false,"Startup Cost": 24254.58,"Total Cost": 31348.02,"Plan Rows": 59243,"Plan Width": 40,"Actual Startup Time": 134.444,"Actual Total Time": 175.053,"Actual Rows": 117901,"Actual Loops": 1,"Workers Planned": 4,"Workers Launched": 4,"Plans": [{"Node Type": "Sort","Parent Relationship": "Outer","Parallel Aware": false,"Async Capable": false,"Startup Cost": 23254.52,"Total Cost": 23291.55,"Plan Rows": 14811,"Plan Width": 40,"Actual Startup Time": 122.554,"Actual Total Time": 125.319,"Actual Rows": 23580,"Actual Loops": 5,"Sort Key": ["part.p_brand", "part.p_type", "part.p_size"],"Sort Method": "quicksort","Sort Space Used": 2409,"Sort Space Type": "Memory","Workers": [{"Worker Number": 0,"Sort Method": "quicksort","Sort Space Used": 2919,"Sort Space Type": "Memory"},{"Worker Number": 1,"Sort Method": "quicksort","Sort Space Used": 2423,"Sort Space Type": "Memory"},{"Worker Number": 2,"Sort Method": "quicksort","Sort Space Used": 2880,"Sort Space Type": "Memory"},{"Worker Number": 3,"Sort Method": "quicksort","Sort Space Used": 2906,"Sort Space Type": "Memory"}],"Plans": [{"Node Type": "Hash Join","Parent Relationship": "Outer","Parallel Aware": true,"Async Capable": false,"Join Type": "Inner","Startup Cost": 6682.04,"Total Cost": 22228.54,"Plan Rows": 14811,"Plan Width": 40,"Actual Startup Time": 31.403,"Actual Total Time": 81.456,"Actual Rows": 23580,"Actual Loops": 5,"Inner Unique": true,"Hash Cond": "(partsupp.ps_partkey = part.p_partkey)","Workers": [],"Plans": [{"Node Type": "Index Only Scan","Parent Relationship": "Outer","Parallel Aware": true,"Async Capable": false,"Scan Direction": "Forward","Index Name": "partsupp_pkey","Relation Name": "partsupp","Alias": "partsupp","Startup Cost": 347.43,"Total Cost": 15631.43,"Plan Rows": 100000,"Plan Width": 8,"Actual Startup Time": 7.756,"Actual Total Time": 32.671,"Actual Rows": 159936,"Actual Loops": 5,"Filter": "(NOT (hashed SubPlan 1))","Rows Removed by Filter": 64,"Heap Fetches": 0,"Workers": [],"Plans": [{"Node Type": "Seq Scan","Parent Relationship": "SubPlan","Subplan Name": "SubPlan 1","Parallel Aware": false,"Async Capable": false,"Relation Name": "supplier","Alias": "supplier","Startup Cost": 0.00,"Total Cost": 347.00,"Plan Rows": 1,"Plan Width": 4,"Actual Startup Time": 0.139,"Actual Total Time": 7.619,"Actual Rows": 4,"Actual Loops": 5,"Filter": "((s_comment)::text ~~ '%Customer%Complaints%'::text)","Rows Removed by Filter": 9996,"Workers": []}]},{"Node Type": "Hash","Parent Relationship": "Inner","Parallel Aware": true,"Async Capable": false,"Startup Cost": 6180.33,"Total Cost": 6180.33,"Plan Rows": 12342,"Plan Width": 40,"Actual Startup Time": 23.390,"Actual Total Time": 23.392,"Actual Rows": 5897,"Actual Loops": 5,"Hash Buckets": 32768,"Original Hash Buckets": 32768,"Hash Batches": 1,"Original Hash Batches": 1,"Peak Memory Usage": 2496,"Workers": [],"Plans": [{"Node Type": "Seq Scan","Parent Relationship": "Outer","Parallel Aware": true,"Async Capable": false,"Relation Name": "part","Alias": "part","Startup Cost": 0.00,"Total Cost": 6180.33,"Plan Rows": 12342,"Plan Width": 40,"Actual Startup Time": 0.056,"Actual Total Time": 19.855,"Actual Rows": 5897,"Actual Loops": 5,"Filter": "((p_brand <> 'Brand#52'::bpchar) AND ((p_type)::text !~~ 'ECONOMY POLISHED%'::text) AND (p_size = ANY ('{36,34,50,44,38,5,17,18}'::integer[])))","Rows Removed by Filter": 34103,"Workers": []}]}]}]}]}]}]},"Planning Time": 3.939,"Triggers": [],"Execution Time": 244.087}]
[{"Plan": {"Node Type": "Sort","Parallel Aware": false,"Async Capable": false,"Startup Cost": 33767.38,"Total Cost": 33808.28,"Plan Rows": 16360,"Plan Width": 44,"Actual Startup Time": 252.820,"Actual Total Time": 254.584,"Actual Rows": 18431,"Actual Loops": 1,"Sort Key": ["(count(DISTINCT partsupp.ps_suppkey)) DESC", "part.p_brand", "part.p_type", "part.p_size"],"Sort Method": "quicksort","Sort Space Used": 2351,"Sort Space Type": "Memory","Plans": [{"Node Type": "Aggregate","Strategy": "Sorted","Partial Mode": "Simple","Parent Relationship": "Outer","Parallel Aware": false,"Async Capable": false,"Startup Cost": 24329.06,"Total Cost": 32622.35,"Plan Rows": 16360,"Plan Width": 44,"Actual Startup Time": 141.443,"Actual Total Time": 212.612,"Actual Rows": 18431,"Actual Loops": 1,"Group Key": ["part.p_brand", "part.p_type", "part.p_size"],"Plans": [{"Node Type": "Gather Merge","Parent Relationship": "Outer","Parallel Aware": false,"Async Capable": false,"Startup Cost": 24329.06,"Total Cost": 31832.11,"Plan Rows": 62664,"Plan Width": 40,"Actual Startup Time": 141.397,"Actual Total Time": 182.639,"Actual Rows": 120887,"Actual Loops": 1,"Workers Planned": 4,"Workers Launched": 4,"Plans": [{"Node Type": "Sort","Parent Relationship": "Outer","Parallel Aware": false,"Async Capable": false,"Startup Cost": 23329.00,"Total Cost": 23368.17,"Plan Rows": 15666,"Plan Width": 40,"Actual Startup Time": 122.739,"Actual Total Time": 125.661,"Actual Rows": 24177,"Actual Loops": 5,"Sort Key": ["part.p_brand", "part.p_type", "part.p_size"],"Sort Method": "quicksort","Sort Space Used": 2426,"Sort Space Type": "Memory","Workers": [{"Worker Number": 0,"Sort Method": "quicksort","Sort Space Used": 2845,"Sort Space Type": "Memory"},{"Worker Number": 1,"Sort Method": "quicksort","Sort Space Used": 2842,"Sort Space Type": "Memory"},{"Worker Number": 2,"Sort Method": "quicksort","Sort Space Used": 2851,"Sort Space Type": "Memory"},{"Worker Number": 3,"Sort Method": "quicksort","Sort Space Used": 2809,"Sort Space Type": "Memory"}],"Plans": [{"Node Type": "Hash Join","Parent Relationship": "Outer","Parallel Aware": true,"Async Capable": false,"Join Type": "Inner","Startup Cost": 6690.95,"Total Cost": 22237.45,"Plan Rows": 15666,"Plan Width": 40,"Actual Startup Time": 28.329,"Actual Total Time": 77.667,"Actual Rows": 24177,"Actual Loops": 5,"Inner Unique": true,"Hash Cond": "(partsupp.ps_partkey = part.p_partkey)","Workers": [],"Plans": [{"Node Type": "Index Only Scan","Parent Relationship": "Outer","Parallel Aware": true,"Async Capable": false,"Scan Direction": "Forward","Index Name": "partsupp_pkey","Relation Name": "partsupp","Alias": "partsupp","Startup Cost": 347.43,"Total Cost": 15631.43,"Plan Rows": 100000,"Plan Width": 8,"Actual Startup Time": 6.262,"Actual Total Time": 31.951,"Actual Rows": 159936,"Actual Loops": 5,"Filter": "(NOT (hashed SubPlan 1))","Rows Removed by Filter": 64,"Heap Fetches": 0,"Workers": [],"Plans": [{"Node Type": "Seq Scan","Parent Relationship": "SubPlan","Subplan Name": "SubPlan 1","Parallel Aware": false,"Async Capable": false,"Relation Name": "supplier","Alias": "supplier","Startup Cost": 0.00,"Total Cost": 347.00,"Plan Rows": 1,"Plan Width": 4,"Actual Startup Time": 0.160,"Actual Total Time": 6.092,"Actual Rows": 4,"Actual Loops": 5,"Filter": "((s_comment)::text ~~ '%Customer%Complaints%'::text)","Rows Removed by Filter": 9996,"Workers": []}]},{"Node Type": "Hash","Parent Relationship": "Inner","Parallel Aware": true,"Async Capable": false,"Startup Cost": 6180.33,"Total Cost": 6180.33,"Plan Rows": 13055,"Plan Width": 40,"Actual Startup Time": 21.739,"Actual Total Time": 21.743,"Actual Rows": 6047,"Actual Loops": 5,"Hash Buckets": 32768,"Original Hash Buckets": 32768,"Hash Batches": 1,"Original Hash Batches": 1,"Peak Memory Usage": 2592,"Workers": [],"Plans": [{"Node Type": "Seq Scan","Parent Relationship": "Outer","Parallel Aware": true,"Async Capable": false,"Relation Name": "part","Alias": "part","Startup Cost": 0.00,"Total Cost": 6180.33,"Plan Rows": 13055,"Plan Width": 40,"Actual Startup Time": 0.065,"Actual Total Time": 18.076,"Actual Rows": 6047,"Actual Loops": 5,"Filter": "((p_brand <> 'Brand#51'::bpchar) AND ((p_type)::text !~~ 'ECONOMY BURNISHED%'::text) AND (p_size = ANY ('{30,27,14,46,2,47,3,29}'::integer[])))","Rows Removed by Filter": 33953,"Workers": []}]}]}]}]}]}]},"Planning Time": 5.133,"Triggers": [],"Execution Time": 255.590}]
[{"Plan": {"Node Type": "Sort","Parallel Aware": false,"Async Capable": false,"Startup Cost": 33043.87,"Total Cost": 33083.49,"Plan Rows": 15847,"Plan Width": 44,"Actual Startup Time": 232.386,"Actual Total Time": 234.028,"Actual Rows": 18198,"Actual Loops": 1,"Sort Key": ["(count(DISTINCT partsupp.ps_suppkey)) DESC", "part.p_brand", "part.p_type", "part.p_size"],"Sort Method": "quicksort","Sort Space Used": 2331,"Sort Space Type": "Memory","Plans": [{"Node Type": "Aggregate","Strategy": "Sorted","Partial Mode": "Simple","Parent Relationship": "Outer","Parallel Aware": false,"Async Capable": false,"Startup Cost": 24231.57,"Total Cost": 31938.39,"Plan Rows": 15847,"Plan Width": 44,"Actual Startup Time": 130.086,"Actual Total Time": 195.148,"Actual Rows": 18198,"Actual Loops": 1,"Group Key": ["part.p_brand", "part.p_type", "part.p_size"],"Plans": [{"Node Type": "Gather Merge","Parent Relationship": "Outer","Parallel Aware": false,"Async Capable": false,"Startup Cost": 24231.57,"Total Cost": 31198.09,"Plan Rows": 58183,"Plan Width": 40,"Actual Startup Time": 130.016,"Actual Total Time": 167.756,"Actual Rows": 117977,"Actual Loops": 1,"Workers Planned": 4,"Workers Launched": 4,"Plans": [{"Node Type": "Sort","Parent Relationship": "Outer","Parallel Aware": false,"Async Capable": false,"Startup Cost": 23231.51,"Total Cost": 23267.87,"Plan Rows": 14546,"Plan Width": 40,"Actual Startup Time": 120.856,"Actual Total Time": 123.250,"Actual Rows": 23595,"Actual Loops": 5,"Sort Key": ["part.p_brand", "part.p_type", "part.p_size"],"Sort Method": "quicksort","Sort Space Used": 2655,"Sort Space Type": "Memory","Workers": [{"Worker Number": 0,"Sort Method": "quicksort","Sort Space Used": 2647,"Sort Space Type": "Memory"},{"Worker Number": 1,"Sort Method": "quicksort","Sort Space Used": 2804,"Sort Space Type": "Memory"},{"Worker Number": 2,"Sort Method": "quicksort","Sort Space Used": 2635,"Sort Space Type": "Memory"},{"Worker Number": 3,"Sort Method": "quicksort","Sort Space Used": 2815,"Sort Space Type": "Memory"}],"Plans": [{"Node Type": "Hash Join","Parent Relationship": "Outer","Parallel Aware": true,"Async Capable": false,"Join Type": "Inner","Startup Cost": 6679.27,"Total Cost": 22225.77,"Plan Rows": 14546,"Plan Width": 40,"Actual Startup Time": 31.334,"Actual Total Time": 79.557,"Actual Rows": 23595,"Actual Loops": 5,"Inner Unique": true,"Hash Cond": "(partsupp.ps_partkey = part.p_partkey)","Workers": [],"Plans": [{"Node Type": "Index Only Scan","Parent Relationship": "Outer","Parallel Aware": true,"Async Capable": false,"Scan Direction": "Forward","Index Name": "partsupp_pkey","Relation Name": "partsupp","Alias": "partsupp","Startup Cost": 347.43,"Total Cost": 15631.43,"Plan Rows": 100000,"Plan Width": 8,"Actual Startup Time": 7.705,"Actual Total Time": 32.461,"Actual Rows": 159936,"Actual Loops": 5,"Filter": "(NOT (hashed SubPlan 1))","Rows Removed by Filter": 64,"Heap Fetches": 0,"Workers": [],"Plans": [{"Node Type": "Seq Scan","Parent Relationship": "SubPlan","Subplan Name": "SubPlan 1","Parallel Aware": false,"Async Capable": false,"Relation Name": "supplier","Alias": "supplier","Startup Cost": 0.00,"Total Cost": 347.00,"Plan Rows": 1,"Plan Width": 4,"Actual Startup Time": 0.248,"Actual Total Time": 7.575,"Actual Rows": 4,"Actual Loops": 5,"Filter": "((s_comment)::text ~~ '%Customer%Complaints%'::text)","Rows Removed by Filter": 9996,"Workers": []}]},{"Node Type": "Hash","Parent Relationship": "Inner","Parallel Aware": true,"Async Capable": false,"Startup Cost": 6180.33,"Total Cost": 6180.33,"Plan Rows": 12121,"Plan Width": 40,"Actual Startup Time": 23.414,"Actual Total Time": 23.417,"Actual Rows": 5901,"Actual Loops": 5,"Hash Buckets": 32768,"Original Hash Buckets": 32768,"Hash Batches": 1,"Original Hash Batches": 1,"Peak Memory Usage": 2560,"Workers": [],"Plans": [{"Node Type": "Seq Scan","Parent Relationship": "Outer","Parallel Aware": true,"Async Capable": false,"Relation Name": "part","Alias": "part","Startup Cost": 0.00,"Total Cost": 6180.33,"Plan Rows": 12121,"Plan Width": 40,"Actual Startup Time": 0.055,"Actual Total Time": 19.711,"Actual Rows": 5901,"Actual Loops": 5,"Filter": "((p_brand <> 'Brand#13'::bpchar) AND ((p_type)::text !~~ 'SMALL POLISHED%'::text) AND (p_size = ANY ('{20,44,38,31,4,33,24,23}'::integer[])))","Rows Removed by Filter": 34099,"Workers": []}]}]}]}]}]}]},"Planning Time": 5.256,"Triggers": [],"Execution Time": 234.923}]
[{"Plan": {"Node Type": "Sort","Parallel Aware": false,"Async Capable": false,"Startup Cost": 33036.91,"Total Cost": 33076.52,"Plan Rows": 15842,"Plan Width": 44,"Actual Startup Time": 240.755,"Actual Total Time": 242.653,"Actual Rows": 18173,"Actual Loops": 1,"Sort Key": ["(count(DISTINCT partsupp.ps_suppkey)) DESC", "part.p_brand", "part.p_type", "part.p_size"],"Sort Method": "quicksort","Sort Space Used": 2329,"Sort Space Type": "Memory","Plans": [{"Node Type": "Aggregate","Strategy": "Sorted","Partial Mode": "Simple","Parent Relationship": "Outer","Parallel Aware": false,"Async Capable": false,"Startup Cost": 24230.63,"Total Cost": 31931.82,"Plan Rows": 15842,"Plan Width": 44,"Actual Startup Time": 137.359,"Actual Total Time": 205.207,"Actual Rows": 18173,"Actual Loops": 1,"Group Key": ["part.p_brand", "part.p_type", "part.p_size"],"Plans": [{"Node Type": "Gather Merge","Parent Relationship": "Outer","Parallel Aware": false,"Async Capable": false,"Startup Cost": 24230.63,"Total Cost": 31192.00,"Plan Rows": 58140,"Plan Width": 40,"Actual Startup Time": 137.301,"Actual Total Time": 176.958,"Actual Rows": 117797,"Actual Loops": 1,"Workers Planned": 4,"Workers Launched": 4,"Plans": [{"Node Type": "Sort","Parent Relationship": "Outer","Parallel Aware": false,"Async Capable": false,"Startup Cost": 23230.57,"Total Cost": 23266.91,"Plan Rows": 14535,"Plan Width": 40,"Actual Startup Time": 125.484,"Actual Total Time": 127.732,"Actual Rows": 23559,"Actual Loops": 5,"Sort Key": ["part.p_brand", "part.p_type", "part.p_size"],"Sort Method": "quicksort","Sort Space Used": 2430,"Sort Space Type": "Memory","Workers": [{"Worker Number": 0,"Sort Method": "quicksort","Sort Space Used": 2868,"Sort Space Type": "Memory"},{"Worker Number": 1,"Sort Method": "quicksort","Sort Space Used": 2899,"Sort Space Type": "Memory"},{"Worker Number": 2,"Sort Method": "quicksort","Sort Space Used": 2455,"Sort Space Type": "Memory"},{"Worker Number": 3,"Sort Method": "quicksort","Sort Space Used": 2875,"Sort Space Type": "Memory"}],"Plans": [{"Node Type": "Hash Join","Parent Relationship": "Outer","Parallel Aware": true,"Async Capable": false,"Join Type": "Inner","Startup Cost": 6679.17,"Total Cost": 22225.67,"Plan Rows": 14535,"Plan Width": 40,"Actual Startup Time": 33.742,"Actual Total Time": 84.068,"Actual Rows": 23559,"Actual Loops": 5,"Inner Unique": true,"Hash Cond": "(partsupp.ps_partkey = part.p_partkey)","Workers": [],"Plans": [{"Node Type": "Index Only Scan","Parent Relationship": "Outer","Parallel Aware": true,"Async Capable": false,"Scan Direction": "Forward","Index Name": "partsupp_pkey","Relation Name": "partsupp","Alias": "partsupp","Startup Cost": 347.43,"Total Cost": 15631.43,"Plan Rows": 100000,"Plan Width": 8,"Actual Startup Time": 9.596,"Actual Total Time": 35.422,"Actual Rows": 159936,"Actual Loops": 5,"Filter": "(NOT (hashed SubPlan 1))","Rows Removed by Filter": 64,"Heap Fetches": 0,"Workers": [],"Plans": [{"Node Type": "Seq Scan","Parent Relationship": "SubPlan","Subplan Name": "SubPlan 1","Parallel Aware": false,"Async Capable": false,"Relation Name": "supplier","Alias": "supplier","Startup Cost": 0.00,"Total Cost": 347.00,"Plan Rows": 1,"Plan Width": 4,"Actual Startup Time": 0.352,"Actual Total Time": 9.451,"Actual Rows": 4,"Actual Loops": 5,"Filter": "((s_comment)::text ~~ '%Customer%Complaints%'::text)","Rows Removed by Filter": 9996,"Workers": []}]},{"Node Type": "Hash","Parent Relationship": "Inner","Parallel Aware": true,"Async Capable": false,"Startup Cost": 6180.33,"Total Cost": 6180.33,"Plan Rows": 12113,"Plan Width": 40,"Actual Startup Time": 23.838,"Actual Total Time": 23.843,"Actual Rows": 5892,"Actual Loops": 5,"Hash Buckets": 32768,"Original Hash Buckets": 32768,"Hash Batches": 1,"Original Hash Batches": 1,"Peak Memory Usage": 2528,"Workers": [],"Plans": [{"Node Type": "Seq Scan","Parent Relationship": "Outer","Parallel Aware": true,"Async Capable": false,"Relation Name": "part","Alias": "part","Startup Cost": 0.00,"Total Cost": 6180.33,"Plan Rows": 12113,"Plan Width": 40,"Actual Startup Time": 0.068,"Actual Total Time": 20.355,"Actual Rows": 5892,"Actual Loops": 5,"Filter": "((p_brand <> 'Brand#35'::bpchar) AND ((p_type)::text !~~ 'LARGE BURNISHED%'::text) AND (p_size = ANY ('{25,21,46,44,6,24,18,27}'::integer[])))","Rows Removed by Filter": 34108,"Workers": []}]}]}]}]}]}]},"Planning Time": 4.523,"Triggers": [],"Execution Time": 243.894}]
[{"Plan": {"Node Type": "Sort","Parallel Aware": false,"Async Capable": false,"Startup Cost": 33133.56,"Total Cost": 33173.34,"Plan Rows": 15914,"Plan Width": 44,"Actual Startup Time": 235.230,"Actual Total Time": 236.870,"Actual Rows": 18194,"Actual Loops": 1,"Sort Key": ["(count(DISTINCT partsupp.ps_suppkey)) DESC", "part.p_brand", "part.p_type", "part.p_size"],"Sort Method": "quicksort","Sort Space Used": 2331,"Sort Space Type": "Memory","Plans": [{"Node Type": "Aggregate","Strategy": "Sorted","Partial Mode": "Simple","Parent Relationship": "Outer","Parallel Aware": false,"Async Capable": false,"Startup Cost": 24243.56,"Total Cost": 32022.92,"Plan Rows": 15914,"Plan Width": 44,"Actual Startup Time": 132.527,"Actual Total Time": 198.189,"Actual Rows": 18194,"Actual Loops": 1,"Group Key": ["part.p_brand", "part.p_type", "part.p_size"],"Plans": [{"Node Type": "Gather Merge","Parent Relationship": "Outer","Parallel Aware": false,"Async Capable": false,"Startup Cost": 24243.56,"Total Cost": 31276.41,"Plan Rows": 58737,"Plan Width": 40,"Actual Startup Time": 132.470,"Actual Total Time": 170.825,"Actual Rows": 118351,"Actual Loops": 1,"Workers Planned": 4,"Workers Launched": 4,"Plans": [{"Node Type": "Sort","Parent Relationship": "Outer","Parallel Aware": false,"Async Capable": false,"Startup Cost": 23243.50,"Total Cost": 23280.21,"Plan Rows": 14684,"Plan Width": 40,"Actual Startup Time": 121.538,"Actual Total Time": 124.265,"Actual Rows": 23670,"Actual Loops": 5,"Sort Key": ["part.p_brand", "part.p_type", "part.p_size"],"Sort Method": "quicksort","Sort Space Used": 2518,"Sort Space Type": "Memory","Workers": [{"Worker Number": 0,"Sort Method": "quicksort","Sort Space Used": 2840,"Sort Space Type": "Memory"},{"Worker Number": 1,"Sort Method": "quicksort","Sort Space Used": 2889,"Sort Space Type": "Memory"},{"Worker Number": 2,"Sort Method": "quicksort","Sort Space Used": 2469,"Sort Space Type": "Memory"},{"Worker Number": 3,"Sort Method": "quicksort","Sort Space Used": 2880,"Sort Space Type": "Memory"}],"Plans": [{"Node Type": "Hash Join","Parent Relationship": "Outer","Parallel Aware": true,"Async Capable": false,"Join Type": "Inner","Startup Cost": 6680.72,"Total Cost": 22227.22,"Plan Rows": 14684,"Plan Width": 40,"Actual Startup Time": 30.341,"Actual Total Time": 79.837,"Actual Rows": 23670,"Actual Loops": 5,"Inner Unique": true,"Hash Cond": "(partsupp.ps_partkey = part.p_partkey)","Workers": [],"Plans": [{"Node Type": "Index Only Scan","Parent Relationship": "Outer","Parallel Aware": true,"Async Capable": false,"Scan Direction": "Forward","Index Name": "partsupp_pkey","Relation Name": "partsupp","Alias": "partsupp","Startup Cost": 347.43,"Total Cost": 15631.43,"Plan Rows": 100000,"Plan Width": 8,"Actual Startup Time": 6.878,"Actual Total Time": 31.844,"Actual Rows": 159936,"Actual Loops": 5,"Filter": "(NOT (hashed SubPlan 1))","Rows Removed by Filter": 64,"Heap Fetches": 0,"Workers": [],"Plans": [{"Node Type": "Seq Scan","Parent Relationship": "SubPlan","Subplan Name": "SubPlan 1","Parallel Aware": false,"Async Capable": false,"Relation Name": "supplier","Alias": "supplier","Startup Cost": 0.00,"Total Cost": 347.00,"Plan Rows": 1,"Plan Width": 4,"Actual Startup Time": 0.277,"Actual Total Time": 6.729,"Actual Rows": 4,"Actual Loops": 5,"Filter": "((s_comment)::text ~~ '%Customer%Complaints%'::text)","Rows Removed by Filter": 9996,"Workers": []}]},{"Node Type": "Hash","Parent Relationship": "Inner","Parallel Aware": true,"Async Capable": false,"Startup Cost": 6180.33,"Total Cost": 6180.33,"Plan Rows": 12237,"Plan Width": 40,"Actual Startup Time": 23.230,"Actual Total Time": 23.233,"Actual Rows": 5919,"Actual Loops": 5,"Hash Buckets": 32768,"Original Hash Buckets": 32768,"Hash Batches": 1,"Original Hash Batches": 1,"Peak Memory Usage": 2592,"Workers": [],"Plans": [{"Node Type": "Seq Scan","Parent Relationship": "Outer","Parallel Aware": true,"Async Capable": false,"Relation Name": "part","Alias": "part","Startup Cost": 0.00,"Total Cost": 6180.33,"Plan Rows": 12237,"Plan Width": 40,"Actual Startup Time": 0.049,"Actual Total Time": 19.332,"Actual Rows": 5919,"Actual Loops": 5,"Filter": "((p_brand <> 'Brand#22'::bpchar) AND ((p_type)::text !~~ 'PROMO BRUSHED%'::text) AND (p_size = ANY ('{35,20,36,7,42,28,43,38}'::integer[])))","Rows Removed by Filter": 34081,"Workers": []}]}]}]}]}]}]},"Planning Time": 4.672,"Triggers": [],"Execution Time": 237.700}]
[{"Plan": {"Node Type": "Sort","Parallel Aware": false,"Async Capable": false,"Startup Cost": 32934.43,"Total Cost": 32973.84,"Plan Rows": 15764,"Plan Width": 44,"Actual Startup Time": 233.937,"Actual Total Time": 235.729,"Actual Rows": 18239,"Actual Loops": 1,"Sort Key": ["(count(DISTINCT partsupp.ps_suppkey)) DESC", "part.p_brand", "part.p_type", "part.p_size"],"Sort Method": "quicksort","Sort Space Used": 2335,"Sort Space Type": "Memory","Plans": [{"Node Type": "Aggregate","Strategy": "Sorted","Partial Mode": "Simple","Parent Relationship": "Outer","Parallel Aware": false,"Async Capable": false,"Startup Cost": 24216.92,"Total Cost": 31835.34,"Plan Rows": 15764,"Plan Width": 44,"Actual Startup Time": 131.549,"Actual Total Time": 197.379,"Actual Rows": 18239,"Actual Loops": 1,"Group Key": ["part.p_brand", "part.p_type", "part.p_size"],"Plans": [{"Node Type": "Gather Merge","Parent Relationship": "Outer","Parallel Aware": false,"Async Capable": false,"Startup Cost": 24216.92,"Total Cost": 31102.62,"Plan Rows": 57508,"Plan Width": 40,"Actual Startup Time": 131.511,"Actual Total Time": 170.122,"Actual Rows": 118562,"Actual Loops": 1,"Workers Planned": 4,"Workers Launched": 4,"Plans": [{"Node Type": "Sort","Parent Relationship": "Outer","Parallel Aware": false,"Async Capable": false,"Startup Cost": 23216.86,"Total Cost": 23252.80,"Plan Rows": 14377,"Plan Width": 40,"Actual Startup Time": 123.890,"Actual Total Time": 126.401,"Actual Rows": 23712,"Actual Loops": 5,"Sort Key": ["part.p_brand", "part.p_type", "part.p_size"],"Sort Method": "quicksort","Sort Space Used": 2727,"Sort Space Type": "Memory","Workers": [{"Worker Number": 0,"Sort Method": "quicksort","Sort Space Used": 2704,"Sort Space Type": "Memory"},{"Worker Number": 1,"Sort Method": "quicksort","Sort Space Used": 2733,"Sort Space Type": "Memory"},{"Worker Number": 2,"Sort Method": "quicksort","Sort Space Used": 2726,"Sort Space Type": "Memory"},{"Worker Number": 3,"Sort Method": "quicksort","Sort Space Used": 2709,"Sort Space Type": "Memory"}],"Plans": [{"Node Type": "Hash Join","Parent Relationship": "Outer","Parallel Aware": true,"Async Capable": false,"Join Type": "Inner","Startup Cost": 6677.52,"Total Cost": 22224.02,"Plan Rows": 14377,"Plan Width": 40,"Actual Startup Time": 31.167,"Actual Total Time": 82.325,"Actual Rows": 23712,"Actual Loops": 5,"Inner Unique": true,"Hash Cond": "(partsupp.ps_partkey = part.p_partkey)","Workers": [],"Plans": [{"Node Type": "Index Only Scan","Parent Relationship": "Outer","Parallel Aware": true,"Async Capable": false,"Scan Direction": "Forward","Index Name": "partsupp_pkey","Relation Name": "partsupp","Alias": "partsupp","Startup Cost": 347.43,"Total Cost": 15631.43,"Plan Rows": 100000,"Plan Width": 8,"Actual Startup Time": 7.079,"Actual Total Time": 32.526,"Actual Rows": 159936,"Actual Loops": 5,"Filter": "(NOT (hashed SubPlan 1))","Rows Removed by Filter": 64,"Heap Fetches": 0,"Workers": [],"Plans": [{"Node Type": "Seq Scan","Parent Relationship": "SubPlan","Subplan Name": "SubPlan 1","Parallel Aware": false,"Async Capable": false,"Relation Name": "supplier","Alias": "supplier","Startup Cost": 0.00,"Total Cost": 347.00,"Plan Rows": 1,"Plan Width": 4,"Actual Startup Time": 0.220,"Actual Total Time": 6.869,"Actual Rows": 4,"Actual Loops": 5,"Filter": "((s_comment)::text ~~ '%Customer%Complaints%'::text)","Rows Removed by Filter": 9996,"Workers": []}]},{"Node Type": "Hash","Parent Relationship": "Inner","Parallel Aware": true,"Async Capable": false,"Startup Cost": 6180.33,"Total Cost": 6180.33,"Plan Rows": 11981,"Plan Width": 40,"Actual Startup Time": 23.837,"Actual Total Time": 23.841,"Actual Rows": 5931,"Actual Loops": 5,"Hash Buckets": 32768,"Original Hash Buckets": 32768,"Hash Batches": 1,"Original Hash Batches": 1,"Peak Memory Usage": 2592,"Workers": [],"Plans": [{"Node Type": "Seq Scan","Parent Relationship": "Outer","Parallel Aware": true,"Async Capable": false,"Relation Name": "part","Alias": "part","Startup Cost": 0.00,"Total Cost": 6180.33,"Plan Rows": 11981,"Plan Width": 40,"Actual Startup Time": 0.051,"Actual Total Time": 19.722,"Actual Rows": 5931,"Actual Loops": 5,"Filter": "((p_brand <> 'Brand#41'::bpchar) AND ((p_type)::text !~~ 'LARGE ANODIZED%'::text) AND (p_size = ANY ('{27,28,48,6,17,5,13,10}'::integer[])))","Rows Removed by Filter": 34069,"Workers": []}]}]}]}]}]}]},"Planning Time": 5.450,"Triggers": [],"Execution Time": 236.752}]
[{"Plan": {"Node Type": "Sort","Parallel Aware": false,"Async Capable": false,"Startup Cost": 33515.51,"Total Cost": 33555.98,"Plan Rows": 16188,"Plan Width": 44,"Actual Startup Time": 237.073,"Actual Total Time": 238.797,"Actual Rows": 18373,"Actual Loops": 1,"Sort Key": ["(count(DISTINCT partsupp.ps_suppkey)) DESC", "part.p_brand", "part.p_type", "part.p_size"],"Sort Method": "quicksort","Sort Space Used": 2346,"Sort Space Type": "Memory","Plans": [{"Node Type": "Aggregate","Strategy": "Sorted","Partial Mode": "Simple","Parent Relationship": "Outer","Parallel Aware": false,"Async Capable": false,"Startup Cost": 24294.96,"Total Cost": 32383.75,"Plan Rows": 16188,"Plan Width": 44,"Actual Startup Time": 134.671,"Actual Total Time": 201.351,"Actual Rows": 18373,"Actual Loops": 1,"Group Key": ["part.p_brand", "part.p_type", "part.p_size"],"Plans": [{"Node Type": "Gather Merge","Parent Relationship": "Outer","Parallel Aware": false,"Async Capable": false,"Startup Cost": 24294.96,"Total Cost": 31610.86,"Plan Rows": 61101,"Plan Width": 40,"Actual Startup Time": 134.583,"Actual Total Time": 173.773,"Actual Rows": 120061,"Actual Loops": 1,"Workers Planned": 4,"Workers Launched": 4,"Plans": [{"Node Type": "Sort","Parent Relationship": "Outer","Parallel Aware": false,"Async Capable": false,"Startup Cost": 23294.90,"Total Cost": 23333.09,"Plan Rows": 15275,"Plan Width": 40,"Actual Startup Time": 123.312,"Actual Total Time": 125.850,"Actual Rows": 24012,"Actual Loops": 5,"Sort Key": ["part.p_brand", "part.p_type", "part.p_size"],"Sort Method": "quicksort","Sort Space Used": 2474,"Sort Space Type": "Memory","Workers": [{"Worker Number": 0,"Sort Method": "quicksort","Sort Space Used": 2919,"Sort Space Type": "Memory"},{"Worker Number": 1,"Sort Method": "quicksort","Sort Space Used": 2515,"Sort Space Type": "Memory"},{"Worker Number": 2,"Sort Method": "quicksort","Sort Space Used": 2910,"Sort Space Type": "Memory"},{"Worker Number": 3,"Sort Method": "quicksort","Sort Space Used": 2896,"Sort Space Type": "Memory"}],"Plans": [{"Node Type": "Hash Join","Parent Relationship": "Outer","Parallel Aware": true,"Async Capable": false,"Join Type": "Inner","Startup Cost": 6686.87,"Total Cost": 22233.37,"Plan Rows": 15275,"Plan Width": 40,"Actual Startup Time": 31.109,"Actual Total Time": 80.834,"Actual Rows": 24012,"Actual Loops": 5,"Inner Unique": true,"Hash Cond": "(partsupp.ps_partkey = part.p_partkey)","Workers": [],"Plans": [{"Node Type": "Index Only Scan","Parent Relationship": "Outer","Parallel Aware": true,"Async Capable": false,"Scan Direction": "Forward","Index Name": "partsupp_pkey","Relation Name": "partsupp","Alias": "partsupp","Startup Cost": 347.43,"Total Cost": 15631.43,"Plan Rows": 100000,"Plan Width": 8,"Actual Startup Time": 7.349,"Actual Total Time": 32.394,"Actual Rows": 159936,"Actual Loops": 5,"Filter": "(NOT (hashed SubPlan 1))","Rows Removed by Filter": 64,"Heap Fetches": 0,"Workers": [],"Plans": [{"Node Type": "Seq Scan","Parent Relationship": "SubPlan","Subplan Name": "SubPlan 1","Parallel Aware": false,"Async Capable": false,"Relation Name": "supplier","Alias": "supplier","Startup Cost": 0.00,"Total Cost": 347.00,"Plan Rows": 1,"Plan Width": 4,"Actual Startup Time": 0.157,"Actual Total Time": 7.194,"Actual Rows": 4,"Actual Loops": 5,"Filter": "((s_comment)::text ~~ '%Customer%Complaints%'::text)","Rows Removed by Filter": 9996,"Workers": []}]},{"Node Type": "Hash","Parent Relationship": "Inner","Parallel Aware": true,"Async Capable": false,"Startup Cost": 6180.33,"Total Cost": 6180.33,"Plan Rows": 12729,"Plan Width": 40,"Actual Startup Time": 23.513,"Actual Total Time": 23.517,"Actual Rows": 6006,"Actual Loops": 5,"Hash Buckets": 32768,"Original Hash Buckets": 32768,"Hash Batches": 1,"Original Hash Batches": 1,"Peak Memory Usage": 2592,"Workers": [],"Plans": [{"Node Type": "Seq Scan","Parent Relationship": "Outer","Parallel Aware": true,"Async Capable": false,"Relation Name": "part","Alias": "part","Startup Cost": 0.00,"Total Cost": 6180.33,"Plan Rows": 12729,"Plan Width": 40,"Actual Startup Time": 0.052,"Actual Total Time": 19.618,"Actual Rows": 6006,"Actual Loops": 5,"Filter": "((p_brand <> 'Brand#11'::bpchar) AND ((p_type)::text !~~ 'ECONOMY POLISHED%'::text) AND (p_size = ANY ('{37,5,41,15,30,7,10,32}'::integer[])))","Rows Removed by Filter": 33994,"Workers": []}]}]}]}]}]}]},"Planning Time": 5.417,"Triggers": [],"Execution Time": 239.723}]
[{"Plan": {"Node Type": "Sort","Parallel Aware": false,"Async Capable": false,"Startup Cost": 33287.10,"Total Cost": 33327.17,"Plan Rows": 16026,"Plan Width": 44,"Actual Startup Time": 243.533,"Actual Total Time": 245.124,"Actual Rows": 18273,"Actual Loops": 1,"Sort Key": ["(count(DISTINCT partsupp.ps_suppkey)) DESC", "part.p_brand", "part.p_type", "part.p_size"],"Sort Method": "quicksort","Sort Space Used": 2338,"Sort Space Type": "Memory","Plans": [{"Node Type": "Aggregate","Strategy": "Sorted","Partial Mode": "Simple","Parent Relationship": "Outer","Parallel Aware": false,"Async Capable": false,"Startup Cost": 24264.24,"Total Cost": 32167.84,"Plan Rows": 16026,"Plan Width": 44,"Actual Startup Time": 135.468,"Actual Total Time": 203.799,"Actual Rows": 18273,"Actual Loops": 1,"Group Key": ["part.p_brand", "part.p_type", "part.p_size"],"Plans": [{"Node Type": "Gather Merge","Parent Relationship": "Outer","Parallel Aware": false,"Async Capable": false,"Startup Cost": 24264.24,"Total Cost": 31410.72,"Plan Rows": 59686,"Plan Width": 40,"Actual Startup Time": 135.426,"Actual Total Time": 175.168,"Actual Rows": 119338,"Actual Loops": 1,"Workers Planned": 4,"Workers Launched": 4,"Plans": [{"Node Type": "Sort","Parent Relationship": "Outer","Parallel Aware": false,"Async Capable": false,"Startup Cost": 23264.18,"Total Cost": 23301.48,"Plan Rows": 14922,"Plan Width": 40,"Actual Startup Time": 123.853,"Actual Total Time": 126.559,"Actual Rows": 23868,"Actual Loops": 5,"Sort Key": ["part.p_brand", "part.p_type", "part.p_size"],"Sort Method": "quicksort","Sort Space Used": 2471,"Sort Space Type": "Memory","Workers": [{"Worker Number": 0,"Sort Method": "quicksort","Sort Space Used": 2893,"Sort Space Type": "Memory"},{"Worker Number": 1,"Sort Method": "quicksort","Sort Space Used": 2461,"Sort Space Type": "Memory"},{"Worker Number": 2,"Sort Method": "quicksort","Sort Space Used": 2884,"Sort Space Type": "Memory"},{"Worker Number": 3,"Sort Method": "quicksort","Sort Space Used": 2944,"Sort Space Type": "Memory"}],"Plans": [{"Node Type": "Hash Join","Parent Relationship": "Outer","Parallel Aware": true,"Async Capable": false,"Join Type": "Inner","Startup Cost": 6683.20,"Total Cost": 22229.70,"Plan Rows": 14922,"Plan Width": 40,"Actual Startup Time": 31.979,"Actual Total Time": 81.885,"Actual Rows": 23868,"Actual Loops": 5,"Inner Unique": true,"Hash Cond": "(partsupp.ps_partkey = part.p_partkey)","Workers": [],"Plans": [{"Node Type": "Index Only Scan","Parent Relationship": "Outer","Parallel Aware": true,"Async Capable": false,"Scan Direction": "Forward","Index Name": "partsupp_pkey","Relation Name": "partsupp","Alias": "partsupp","Startup Cost": 347.43,"Total Cost": 15631.43,"Plan Rows": 100000,"Plan Width": 8,"Actual Startup Time": 7.985,"Actual Total Time": 33.454,"Actual Rows": 159936,"Actual Loops": 5,"Filter": "(NOT (hashed SubPlan 1))","Rows Removed by Filter": 64,"Heap Fetches": 0,"Workers": [],"Plans": [{"Node Type": "Seq Scan","Parent Relationship": "SubPlan","Subplan Name": "SubPlan 1","Parallel Aware": false,"Async Capable": false,"Relation Name": "supplier","Alias": "supplier","Startup Cost": 0.00,"Total Cost": 347.00,"Plan Rows": 1,"Plan Width": 4,"Actual Startup Time": 0.430,"Actual Total Time": 7.684,"Actual Rows": 4,"Actual Loops": 5,"Filter": "((s_comment)::text ~~ '%Customer%Complaints%'::text)","Rows Removed by Filter": 9996,"Workers": []}]},{"Node Type": "Hash","Parent Relationship": "Inner","Parallel Aware": true,"Async Capable": false,"Startup Cost": 6180.33,"Total Cost": 6180.33,"Plan Rows": 12435,"Plan Width": 40,"Actual Startup Time": 23.719,"Actual Total Time": 23.722,"Actual Rows": 5970,"Actual Loops": 5,"Hash Buckets": 32768,"Original Hash Buckets": 32768,"Hash Batches": 1,"Original Hash Batches": 1,"Peak Memory Usage": 2560,"Workers": [],"Plans": [{"Node Type": "Seq Scan","Parent Relationship": "Outer","Parallel Aware": true,"Async Capable": false,"Relation Name": "part","Alias": "part","Startup Cost": 0.00,"Total Cost": 6180.33,"Plan Rows": 12435,"Plan Width": 40,"Actual Startup Time": 0.051,"Actual Total Time": 19.799,"Actual Rows": 5970,"Actual Loops": 5,"Filter": "((p_brand <> 'Brand#51'::bpchar) AND ((p_type)::text !~~ 'ECONOMY BRUSHED%'::text) AND (p_size = ANY ('{39,27,10,45,3,6,31,14}'::integer[])))","Rows Removed by Filter": 34030,"Workers": []}]}]}]}]}]}]},"Planning Time": 3.922,"Triggers": [],"Execution Time": 245.987}]
[{"Plan": {"Node Type": "Sort","Parallel Aware": false,"Async Capable": false,"Startup Cost": 33247.27,"Total Cost": 33287.26,"Plan Rows": 15997,"Plan Width": 44,"Actual Startup Time": 246.442,"Actual Total Time": 248.362,"Actual Rows": 18212,"Actual Loops": 1,"Sort Key": ["(count(DISTINCT partsupp.ps_suppkey)) DESC", "part.p_brand", "part.p_type", "part.p_size"],"Sort Method": "quicksort","Sort Space Used": 2333,"Sort Space Type": "Memory","Plans": [{"Node Type": "Aggregate","Strategy": "Sorted","Partial Mode": "Simple","Parent Relationship": "Outer","Parallel Aware": false,"Async Capable": false,"Startup Cost": 24258.84,"Total Cost": 32130.24,"Plan Rows": 15997,"Plan Width": 44,"Actual Startup Time": 142.306,"Actual Total Time": 209.252,"Actual Rows": 18212,"Actual Loops": 1,"Group Key": ["part.p_brand", "part.p_type", "part.p_size"],"Plans": [{"Node Type": "Gather Merge","Parent Relationship": "Outer","Parallel Aware": false,"Async Capable": false,"Startup Cost": 24258.84,"Total Cost": 31375.87,"Plan Rows": 59440,"Plan Width": 40,"Actual Startup Time": 142.235,"Actual Total Time": 181.282,"Actual Rows": 117571,"Actual Loops": 1,"Workers Planned": 4,"Workers Launched": 4,"Plans": [{"Node Type": "Sort","Parent Relationship": "Outer","Parallel Aware": false,"Async Capable": false,"Startup Cost": 23258.78,"Total Cost": 23295.93,"Plan Rows": 14860,"Plan Width": 40,"Actual Startup Time": 122.833,"Actual Total Time": 125.421,"Actual Rows": 23514,"Actual Loops": 5,"Sort Key": ["part.p_brand", "part.p_type", "part.p_size"],"Sort Method": "quicksort","Sort Space Used": 2407,"Sort Space Type": "Memory","Workers": [{"Worker Number": 0,"Sort Method": "quicksort","Sort Space Used": 2760,"Sort Space Type": "Memory"},{"Worker Number": 1,"Sort Method": "quicksort","Sort Space Used": 2786,"Sort Space Type": "Memory"},{"Worker Number": 2,"Sort Method": "quicksort","Sort Space Used": 2786,"Sort Space Type": "Memory"},{"Worker Number": 3,"Sort Method": "quicksort","Sort Space Used": 2780,"Sort Space Type": "Memory"}],"Plans": [{"Node Type": "Hash Join","Parent Relationship": "Outer","Parallel Aware": true,"Async Capable": false,"Join Type": "Inner","Startup Cost": 6682.55,"Total Cost": 22229.05,"Plan Rows": 14860,"Plan Width": 40,"Actual Startup Time": 30.384,"Actual Total Time": 79.049,"Actual Rows": 23514,"Actual Loops": 5,"Inner Unique": true,"Hash Cond": "(partsupp.ps_partkey = part.p_partkey)","Workers": [],"Plans": [{"Node Type": "Index Only Scan","Parent Relationship": "Outer","Parallel Aware": true,"Async Capable": false,"Scan Direction": "Forward","Index Name": "partsupp_pkey","Relation Name": "partsupp","Alias": "partsupp","Startup Cost": 347.43,"Total Cost": 15631.43,"Plan Rows": 100000,"Plan Width": 8,"Actual Startup Time": 6.764,"Actual Total Time": 31.921,"Actual Rows": 159936,"Actual Loops": 5,"Filter": "(NOT (hashed SubPlan 1))","Rows Removed by Filter": 64,"Heap Fetches": 0,"Workers": [],"Plans": [{"Node Type": "Seq Scan","Parent Relationship": "SubPlan","Subplan Name": "SubPlan 1","Parallel Aware": false,"Async Capable": false,"Relation Name": "supplier","Alias": "supplier","Startup Cost": 0.00,"Total Cost": 347.00,"Plan Rows": 1,"Plan Width": 4,"Actual Startup Time": 0.166,"Actual Total Time": 6.611,"Actual Rows": 4,"Actual Loops": 5,"Filter": "((s_comment)::text ~~ '%Customer%Complaints%'::text)","Rows Removed by Filter": 9996,"Workers": []}]},{"Node Type": "Hash","Parent Relationship": "Inner","Parallel Aware": true,"Async Capable": false,"Startup Cost": 6180.33,"Total Cost": 6180.33,"Plan Rows": 12383,"Plan Width": 40,"Actual Startup Time": 23.339,"Actual Total Time": 23.343,"Actual Rows": 5882,"Actual Loops": 5,"Hash Buckets": 32768,"Original Hash Buckets": 32768,"Hash Batches": 1,"Original Hash Batches": 1,"Peak Memory Usage": 2496,"Workers": [],"Plans": [{"Node Type": "Seq Scan","Parent Relationship": "Outer","Parallel Aware": true,"Async Capable": false,"Relation Name": "part","Alias": "part","Startup Cost": 0.00,"Total Cost": 6180.33,"Plan Rows": 12383,"Plan Width": 40,"Actual Startup Time": 0.058,"Actual Total Time": 19.462,"Actual Rows": 5882,"Actual Loops": 5,"Filter": "((p_brand <> 'Brand#51'::bpchar) AND ((p_type)::text !~~ 'SMALL ANODIZED%'::text) AND (p_size = ANY ('{43,14,23,50,45,19,7,39}'::integer[])))","Rows Removed by Filter": 34118,"Workers": []}]}]}]}]}]}]},"Planning Time": 4.763,"Triggers": [],"Execution Time": 249.227}]
[{"Plan": {"Node Type": "Sort","Parallel Aware": false,"Async Capable": false,"Startup Cost": 33355.39,"Total Cost": 33395.57,"Plan Rows": 16075,"Plan Width": 44,"Actual Startup Time": 235.833,"Actual Total Time": 237.768,"Actual Rows": 18344,"Actual Loops": 1,"Sort Key": ["(count(DISTINCT partsupp.ps_suppkey)) DESC", "part.p_brand", "part.p_type", "part.p_size"],"Sort Method": "quicksort","Sort Space Used": 2344,"Sort Space Type": "Memory","Plans": [{"Node Type": "Aggregate","Strategy": "Sorted","Partial Mode": "Simple","Parent Relationship": "Outer","Parallel Aware": false,"Async Capable": false,"Startup Cost": 24273.37,"Total Cost": 32232.34,"Plan Rows": 16075,"Plan Width": 44,"Actual Startup Time": 131.742,"Actual Total Time": 197.586,"Actual Rows": 18344,"Actual Loops": 1,"Group Key": ["part.p_brand", "part.p_type", "part.p_size"],"Plans": [{"Node Type": "Gather Merge","Parent Relationship": "Outer","Parallel Aware": false,"Async Capable": false,"Startup Cost": 24273.37,"Total Cost": 31470.50,"Plan Rows": 60109,"Plan Width": 40,"Actual Startup Time": 131.665,"Actual Total Time": 170.189,"Actual Rows": 118738,"Actual Loops": 1,"Workers Planned": 4,"Workers Launched": 4,"Plans": [{"Node Type": "Sort","Parent Relationship": "Outer","Parallel Aware": false,"Async Capable": false,"Startup Cost": 23273.32,"Total Cost": 23310.88,"Plan Rows": 15027,"Plan Width": 40,"Actual Startup Time": 121.470,"Actual Total Time": 123.792,"Actual Rows": 23748,"Actual Loops": 5,"Sort Key": ["part.p_brand", "part.p_type", "part.p_size"],"Sort Method": "quicksort","Sort Space Used": 2856,"Sort Space Type": "Memory","Workers": [{"Worker Number": 0,"Sort Method": "quicksort","Sort Space Used": 2783,"Sort Space Type": "Memory"},{"Worker Number": 1,"Sort Method": "quicksort","Sort Space Used": 2804,"Sort Space Type": "Memory"},{"Worker Number": 2,"Sort Method": "quicksort","Sort Space Used": 2594,"Sort Space Type": "Memory"},{"Worker Number": 3,"Sort Method": "quicksort","Sort Space Used": 2584,"Sort Space Type": "Memory"}],"Plans": [{"Node Type": "Hash Join","Parent Relationship": "Outer","Parallel Aware": true,"Async Capable": false,"Join Type": "Inner","Startup Cost": 6684.30,"Total Cost": 22230.80,"Plan Rows": 15027,"Plan Width": 40,"Actual Startup Time": 28.855,"Actual Total Time": 79.863,"Actual Rows": 23748,"Actual Loops": 5,"Inner Unique": true,"Hash Cond": "(partsupp.ps_partkey = part.p_partkey)","Workers": [],"Plans": [{"Node Type": "Index Only Scan","Parent Relationship": "Outer","Parallel Aware": true,"Async Capable": false,"Scan Direction": "Forward","Index Name": "partsupp_pkey","Relation Name": "partsupp","Alias": "partsupp","Startup Cost": 347.43,"Total Cost": 15631.43,"Plan Rows": 100000,"Plan Width": 8,"Actual Startup Time": 6.950,"Actual Total Time": 32.352,"Actual Rows": 159936,"Actual Loops": 5,"Filter": "(NOT (hashed SubPlan 1))","Rows Removed by Filter": 64,"Heap Fetches": 0,"Workers": [],"Plans": [{"Node Type": "Seq Scan","Parent Relationship": "SubPlan","Subplan Name": "SubPlan 1","Parallel Aware": false,"Async Capable": false,"Relation Name": "supplier","Alias": "supplier","Startup Cost": 0.00,"Total Cost": 347.00,"Plan Rows": 1,"Plan Width": 4,"Actual Startup Time": 0.127,"Actual Total Time": 6.783,"Actual Rows": 4,"Actual Loops": 5,"Filter": "((s_comment)::text ~~ '%Customer%Complaints%'::text)","Rows Removed by Filter": 9996,"Workers": []}]},{"Node Type": "Hash","Parent Relationship": "Inner","Parallel Aware": true,"Async Capable": false,"Startup Cost": 6180.33,"Total Cost": 6180.33,"Plan Rows": 12523,"Plan Width": 40,"Actual Startup Time": 21.627,"Actual Total Time": 21.632,"Actual Rows": 5939,"Actual Loops": 5,"Hash Buckets": 32768,"Original Hash Buckets": 32768,"Hash Batches": 1,"Original Hash Batches": 1,"Peak Memory Usage": 2592,"Workers": [],"Plans": [{"Node Type": "Seq Scan","Parent Relationship": "Outer","Parallel Aware": true,"Async Capable": false,"Relation Name": "part","Alias": "part","Startup Cost": 0.00,"Total Cost": 6180.33,"Plan Rows": 12523,"Plan Width": 40,"Actual Startup Time": 0.049,"Actual Total Time": 18.296,"Actual Rows": 5939,"Actual Loops": 5,"Filter": "((p_brand <> 'Brand#12'::bpchar) AND ((p_type)::text !~~ 'PROMO POLISHED%'::text) AND (p_size = ANY ('{44,11,20,8,46,1,47,22}'::integer[])))","Rows Removed by Filter": 34061,"Workers": []}]}]}]}]}]}]},"Planning Time": 4.551,"Triggers": [],"Execution Time": 239.154}]
[{"Plan": {"Node Type": "Sort","Parallel Aware": false,"Async Capable": false,"Startup Cost": 33345.42,"Total Cost": 33385.59,"Plan Rows": 16068,"Plan Width": 44,"Actual Startup Time": 248.612,"Actual Total Time": 250.488,"Actual Rows": 18321,"Actual Loops": 1,"Sort Key": ["(count(DISTINCT partsupp.ps_suppkey)) DESC", "part.p_brand", "part.p_type", "part.p_size"],"Sort Method": "quicksort","Sort Space Used": 2342,"Sort Space Type": "Memory","Plans": [{"Node Type": "Aggregate","Strategy": "Sorted","Partial Mode": "Simple","Parent Relationship": "Outer","Parallel Aware": false,"Async Capable": false,"Startup Cost": 24272.06,"Total Cost": 32222.92,"Plan Rows": 16068,"Plan Width": 44,"Actual Startup Time": 145.901,"Actual Total Time": 211.854,"Actual Rows": 18321,"Actual Loops": 1,"Group Key": ["part.p_brand", "part.p_type", "part.p_size"],"Plans": [{"Node Type": "Gather Merge","Parent Relationship": "Outer","Parallel Aware": false,"Async Capable": false,"Startup Cost": 24272.06,"Total Cost": 31461.77,"Plan Rows": 60047,"Plan Width": 40,"Actual Startup Time": 145.843,"Actual Total Time": 184.288,"Actual Rows": 119052,"Actual Loops": 1,"Workers Planned": 4,"Workers Launched": 4,"Plans": [{"Node Type": "Sort","Parent Relationship": "Outer","Parallel Aware": false,"Async Capable": false,"Startup Cost": 23272.01,"Total Cost": 23309.54,"Plan Rows": 15012,"Plan Width": 40,"Actual Startup Time": 129.023,"Actual Total Time": 131.503,"Actual Rows": 23810,"Actual Loops": 5,"Sort Key": ["part.p_brand", "part.p_type", "part.p_size"],"Sort Method": "quicksort","Sort Space Used": 2424,"Sort Space Type": "Memory","Workers": [{"Worker Number": 0,"Sort Method": "quicksort","Sort Space Used": 2829,"Sort Space Type": "Memory"},{"Worker Number": 1,"Sort Method": "quicksort","Sort Space Used": 2795,"Sort Space Type": "Memory"},{"Worker Number": 2,"Sort Method": "quicksort","Sort Space Used": 2790,"Sort Space Type": "Memory"},{"Worker Number": 3,"Sort Method": "quicksort","Sort Space Used": 2793,"Sort Space Type": "Memory"}],"Plans": [{"Node Type": "Hash Join","Parent Relationship": "Outer","Parallel Aware": true,"Async Capable": false,"Join Type": "Inner","Startup Cost": 6684.14,"Total Cost": 22230.64,"Plan Rows": 15012,"Plan Width": 40,"Actual Startup Time": 30.346,"Actual Total Time": 79.533,"Actual Rows": 23810,"Actual Loops": 5,"Inner Unique": true,"Hash Cond": "(partsupp.ps_partkey = part.p_partkey)","Workers": [],"Plans": [{"Node Type": "Index Only Scan","Parent Relationship": "Outer","Parallel Aware": true,"Async Capable": false,"Scan Direction": "Forward","Index Name": "partsupp_pkey","Relation Name": "partsupp","Alias": "partsupp","Startup Cost": 347.43,"Total Cost": 15631.43,"Plan Rows": 100000,"Plan Width": 8,"Actual Startup Time": 7.329,"Actual Total Time": 32.769,"Actual Rows": 159936,"Actual Loops": 5,"Filter": "(NOT (hashed SubPlan 1))","Rows Removed by Filter": 64,"Heap Fetches": 0,"Workers": [],"Plans": [{"Node Type": "Seq Scan","Parent Relationship": "SubPlan","Subplan Name": "SubPlan 1","Parallel Aware": false,"Async Capable": false,"Relation Name": "supplier","Alias": "supplier","Startup Cost": 0.00,"Total Cost": 347.00,"Plan Rows": 1,"Plan Width": 4,"Actual Startup Time": 0.160,"Actual Total Time": 7.154,"Actual Rows": 4,"Actual Loops": 5,"Filter": "((s_comment)::text ~~ '%Customer%Complaints%'::text)","Rows Removed by Filter": 9996,"Workers": []}]},{"Node Type": "Hash","Parent Relationship": "Inner","Parallel Aware": true,"Async Capable": false,"Startup Cost": 6180.33,"Total Cost": 6180.33,"Plan Rows": 12510,"Plan Width": 40,"Actual Startup Time": 22.759,"Actual Total Time": 22.765,"Actual Rows": 5955,"Actual Loops": 5,"Hash Buckets": 32768,"Original Hash Buckets": 32768,"Hash Batches": 1,"Original Hash Batches": 1,"Peak Memory Usage": 2528,"Workers": [],"Plans": [{"Node Type": "Seq Scan","Parent Relationship": "Outer","Parallel Aware": true,"Async Capable": false,"Relation Name": "part","Alias": "part","Startup Cost": 0.00,"Total Cost": 6180.33,"Plan Rows": 12510,"Plan Width": 40,"Actual Startup Time": 0.052,"Actual Total Time": 18.820,"Actual Rows": 5955,"Actual Loops": 5,"Filter": "((p_brand <> 'Brand#35'::bpchar) AND ((p_type)::text !~~ 'LARGE BURNISHED%'::text) AND (p_size = ANY ('{3,11,30,44,45,12,43,38}'::integer[])))","Rows Removed by Filter": 34045,"Workers": []}]}]}]}]}]}]},"Planning Time": 3.970,"Triggers": [],"Execution Time": 251.375}]
[{"Plan": {"Node Type": "Sort","Parallel Aware": false,"Async Capable": false,"Startup Cost": 33292.43,"Total Cost": 33332.51,"Plan Rows": 16030,"Plan Width": 44,"Actual Startup Time": 240.259,"Actual Total Time": 242.174,"Actual Rows": 18258,"Actual Loops": 1,"Sort Key": ["(count(DISTINCT partsupp.ps_suppkey)) DESC", "part.p_brand", "part.p_type", "part.p_size"],"Sort Method": "quicksort","Sort Space Used": 2337,"Sort Space Type": "Memory","Plans": [{"Node Type": "Aggregate","Strategy": "Sorted","Partial Mode": "Simple","Parent Relationship": "Outer","Parallel Aware": false,"Async Capable": false,"Startup Cost": 24264.94,"Total Cost": 32172.86,"Plan Rows": 16030,"Plan Width": 44,"Actual Startup Time": 133.858,"Actual Total Time": 203.209,"Actual Rows": 18258,"Actual Loops": 1,"Group Key": ["part.p_brand", "part.p_type", "part.p_size"],"Plans": [{"Node Type": "Gather Merge","Parent Relationship": "Outer","Parallel Aware": false,"Async Capable": false,"Startup Cost": 24264.94,"Total Cost": 31415.37,"Plan Rows": 59719,"Plan Width": 40,"Actual Startup Time": 133.806,"Actual Total Time": 174.640,"Actual Rows": 118843,"Actual Loops": 1,"Workers Planned": 4,"Workers Launched": 4,"Plans": [{"Node Type": "Sort","Parent Relationship": "Outer","Parallel Aware": false,"Async Capable": false,"Startup Cost": 23264.88,"Total Cost": 23302.20,"Plan Rows": 14930,"Plan Width": 40,"Actual Startup Time": 121.283,"Actual Total Time": 124.172,"Actual Rows": 23769,"Actual Loops": 5,"Sort Key": ["part.p_brand", "part.p_type", "part.p_size"],"Sort Method": "quicksort","Sort Space Used": 2437,"Sort Space Type": "Memory","Workers": [{"Worker Number": 0,"Sort Method": "quicksort","Sort Space Used": 2908,"Sort Space Type": "Memory"},{"Worker Number": 1,"Sort Method": "quicksort","Sort Space Used": 2917,"Sort Space Type": "Memory"},{"Worker Number": 2,"Sort Method": "quicksort","Sort Space Used": 2413,"Sort Space Type": "Memory"},{"Worker Number": 3,"Sort Method": "quicksort","Sort Space Used": 2964,"Sort Space Type": "Memory"}],"Plans": [{"Node Type": "Hash Join","Parent Relationship": "Outer","Parallel Aware": true,"Async Capable": false,"Join Type": "Inner","Startup Cost": 6683.29,"Total Cost": 22229.79,"Plan Rows": 14930,"Plan Width": 40,"Actual Startup Time": 28.711,"Actual Total Time": 79.151,"Actual Rows": 23769,"Actual Loops": 5,"Inner Unique": true,"Hash Cond": "(partsupp.ps_partkey = part.p_partkey)","Workers": [],"Plans": [{"Node Type": "Index Only Scan","Parent Relationship": "Outer","Parallel Aware": true,"Async Capable": false,"Scan Direction": "Forward","Index Name": "partsupp_pkey","Relation Name": "partsupp","Alias": "partsupp","Startup Cost": 347.43,"Total Cost": 15631.43,"Plan Rows": 100000,"Plan Width": 8,"Actual Startup Time": 7.234,"Actual Total Time": 32.468,"Actual Rows": 159936,"Actual Loops": 5,"Filter": "(NOT (hashed SubPlan 1))","Rows Removed by Filter": 64,"Heap Fetches": 0,"Workers": [],"Plans": [{"Node Type": "Seq Scan","Parent Relationship": "SubPlan","Subplan Name": "SubPlan 1","Parallel Aware": false,"Async Capable": false,"Relation Name": "supplier","Alias": "supplier","Startup Cost": 0.00,"Total Cost": 347.00,"Plan Rows": 1,"Plan Width": 4,"Actual Startup Time": 0.184,"Actual Total Time": 7.102,"Actual Rows": 4,"Actual Loops": 5,"Filter": "((s_comment)::text ~~ '%Customer%Complaints%'::text)","Rows Removed by Filter": 9996,"Workers": []}]},{"Node Type": "Hash","Parent Relationship": "Inner","Parallel Aware": true,"Async Capable": false,"Startup Cost": 6180.33,"Total Cost": 6180.33,"Plan Rows": 12442,"Plan Width": 40,"Actual Startup Time": 21.170,"Actual Total Time": 21.175,"Actual Rows": 5945,"Actual Loops": 5,"Hash Buckets": 32768,"Original Hash Buckets": 32768,"Hash Batches": 1,"Original Hash Batches": 1,"Peak Memory Usage": 2560,"Workers": [],"Plans": [{"Node Type": "Seq Scan","Parent Relationship": "Outer","Parallel Aware": true,"Async Capable": false,"Relation Name": "part","Alias": "part","Startup Cost": 0.00,"Total Cost": 6180.33,"Plan Rows": 12442,"Plan Width": 40,"Actual Startup Time": 0.056,"Actual Total Time": 17.837,"Actual Rows": 5945,"Actual Loops": 5,"Filter": "((p_brand <> 'Brand#25'::bpchar) AND ((p_type)::text !~~ 'LARGE PLATED%'::text) AND (p_size = ANY ('{4,33,47,26,25,11,21,20}'::integer[])))","Rows Removed by Filter": 34055,"Workers": []}]}]}]}]}]}]},"Planning Time": 4.964,"Triggers": [],"Execution Time": 243.489}]
[{"Plan": {"Node Type": "Sort","Parallel Aware": false,"Async Capable": false,"Startup Cost": 33420.81,"Total Cost": 33461.11,"Plan Rows": 16122,"Plan Width": 44,"Actual Startup Time": 231.450,"Actual Total Time": 233.519,"Actual Rows": 18381,"Actual Loops": 1,"Sort Key": ["(count(DISTINCT partsupp.ps_suppkey)) DESC", "part.p_brand", "part.p_type", "part.p_size"],"Sort Method": "quicksort","Sort Space Used": 2347,"Sort Space Type": "Memory","Plans": [{"Node Type": "Aggregate","Strategy": "Sorted","Partial Mode": "Simple","Parent Relationship": "Outer","Parallel Aware": false,"Async Capable": false,"Startup Cost": 24282.16,"Total Cost": 32294.14,"Plan Rows": 16122,"Plan Width": 44,"Actual Startup Time": 130.411,"Actual Total Time": 196.956,"Actual Rows": 18381,"Actual Loops": 1,"Group Key": ["part.p_brand", "part.p_type", "part.p_size"],"Plans": [{"Node Type": "Gather Merge","Parent Relationship": "Outer","Parallel Aware": false,"Async Capable": false,"Startup Cost": 24282.16,"Total Cost": 31527.78,"Plan Rows": 60514,"Plan Width": 40,"Actual Startup Time": 130.298,"Actual Total Time": 169.228,"Actual Rows": 119773,"Actual Loops": 1,"Workers Planned": 4,"Workers Launched": 4,"Plans": [{"Node Type": "Sort","Parent Relationship": "Outer","Parallel Aware": false,"Async Capable": false,"Startup Cost": 23282.10,"Total Cost": 23319.92,"Plan Rows": 15128,"Plan Width": 40,"Actual Startup Time": 121.282,"Actual Total Time": 123.851,"Actual Rows": 23955,"Actual Loops": 5,"Sort Key": ["part.p_brand", "part.p_type", "part.p_size"],"Sort Method": "quicksort","Sort Space Used": 2819,"Sort Space Type": "Memory","Workers": [{"Worker Number": 0,"Sort Method": "quicksort","Sort Space Used": 2841,"Sort Space Type": "Memory"},{"Worker Number": 1,"Sort Method": "quicksort","Sort Space Used": 2595,"Sort Space Type": "Memory"},{"Worker Number": 2,"Sort Method": "quicksort","Sort Space Used": 2814,"Sort Space Type": "Memory"},{"Worker Number": 3,"Sort Method": "quicksort","Sort Space Used": 2618,"Sort Space Type": "Memory"}],"Plans": [{"Node Type": "Hash Join","Parent Relationship": "Outer","Parallel Aware": true,"Async Capable": false,"Join Type": "Inner","Startup Cost": 6685.35,"Total Cost": 22231.85,"Plan Rows": 15128,"Plan Width": 40,"Actual Startup Time": 28.624,"Actual Total Time": 79.255,"Actual Rows": 23955,"Actual Loops": 5,"Inner Unique": true,"Hash Cond": "(partsupp.ps_partkey = part.p_partkey)","Workers": [],"Plans": [{"Node Type": "Index Only Scan","Parent Relationship": "Outer","Parallel Aware": true,"Async Capable": false,"Scan Direction": "Forward","Index Name": "partsupp_pkey","Relation Name": "partsupp","Alias": "partsupp","Startup Cost": 347.43,"Total Cost": 15631.43,"Plan Rows": 100000,"Plan Width": 8,"Actual Startup Time": 7.200,"Actual Total Time": 32.572,"Actual Rows": 159936,"Actual Loops": 5,"Filter": "(NOT (hashed SubPlan 1))","Rows Removed by Filter": 64,"Heap Fetches": 0,"Workers": [],"Plans": [{"Node Type": "Seq Scan","Parent Relationship": "SubPlan","Subplan Name": "SubPlan 1","Parallel Aware": false,"Async Capable": false,"Relation Name": "supplier","Alias": "supplier","Startup Cost": 0.00,"Total Cost": 347.00,"Plan Rows": 1,"Plan Width": 4,"Actual Startup Time": 0.227,"Actual Total Time": 7.036,"Actual Rows": 4,"Actual Loops": 5,"Filter": "((s_comment)::text ~~ '%Customer%Complaints%'::text)","Rows Removed by Filter": 9996,"Workers": []}]},{"Node Type": "Hash","Parent Relationship": "Inner","Parallel Aware": true,"Async Capable": false,"Startup Cost": 6180.33,"Total Cost": 6180.33,"Plan Rows": 12607,"Plan Width": 40,"Actual Startup Time": 21.182,"Actual Total Time": 21.186,"Actual Rows": 5991,"Actual Loops": 5,"Hash Buckets": 32768,"Original Hash Buckets": 32768,"Hash Batches": 1,"Original Hash Batches": 1,"Peak Memory Usage": 2592,"Workers": [],"Plans": [{"Node Type": "Seq Scan","Parent Relationship": "Outer","Parallel Aware": true,"Async Capable": false,"Relation Name": "part","Alias": "part","Startup Cost": 0.00,"Total Cost": 6180.33,"Plan Rows": 12607,"Plan Width": 40,"Actual Startup Time": 0.054,"Actual Total Time": 17.689,"Actual Rows": 5991,"Actual Loops": 5,"Filter": "((p_brand <> 'Brand#42'::bpchar) AND ((p_type)::text !~~ 'ECONOMY ANODIZED%'::text) AND (p_size = ANY ('{15,32,5,16,49,29,35,7}'::integer[])))","Rows Removed by Filter": 34009,"Workers": []}]}]}]}]}]}]},"Planning Time": 5.274,"Triggers": [],"Execution Time": 234.896}]
[{"Plan": {"Node Type": "Sort","Parallel Aware": false,"Async Capable": false,"Startup Cost": 33209.78,"Total Cost": 33249.71,"Plan Rows": 15970,"Plan Width": 44,"Actual Startup Time": 240.217,"Actual Total Time": 242.266,"Actual Rows": 18259,"Actual Loops": 1,"Sort Key": ["(count(DISTINCT partsupp.ps_suppkey)) DESC", "part.p_brand", "part.p_type", "part.p_size"],"Sort Method": "quicksort","Sort Space Used": 2337,"Sort Space Type": "Memory","Plans": [{"Node Type": "Aggregate","Strategy": "Sorted","Partial Mode": "Simple","Parent Relationship": "Outer","Parallel Aware": false,"Async Capable": false,"Startup Cost": 24253.80,"Total Cost": 32094.83,"Plan Rows": 15970,"Plan Width": 44,"Actual Startup Time": 133.830,"Actual Total Time": 202.253,"Actual Rows": 18259,"Actual Loops": 1,"Group Key": ["part.p_brand", "part.p_type", "part.p_size"],"Plans": [{"Node Type": "Gather Merge","Parent Relationship": "Outer","Parallel Aware": false,"Async Capable": false,"Startup Cost": 24253.80,"Total Cost": 31343.05,"Plan Rows": 59208,"Plan Width": 40,"Actual Startup Time": 133.758,"Actual Total Time": 173.616,"Actual Rows": 118817,"Actual Loops": 1,"Workers Planned": 4,"Workers Launched": 4,"Plans": [{"Node Type": "Sort","Parent Relationship": "Outer","Parallel Aware": false,"Async Capable": false,"Startup Cost": 23253.75,"Total Cost": 23290.75,"Plan Rows": 14802,"Plan Width": 40,"Actual Startup Time": 121.684,"Actual Total Time": 124.316,"Actual Rows": 23763,"Actual Loops": 5,"Sort Key": ["part.p_brand", "part.p_type", "part.p_size"],"Sort Method": "quicksort","Sort Space Used": 2435,"Sort Space Type": "Memory","Workers": [{"Worker Number": 0,"Sort Method": "quicksort","Sort Space Used": 2395,"Sort Space Type": "Memory"},{"Worker Number": 1,"Sort Method": "quicksort","Sort Space Used": 2938,"Sort Space Type": "Memory"},{"Worker Number": 2,"Sort Method": "quicksort","Sort Space Used": 2924,"Sort Space Type": "Memory"},{"Worker Number": 3,"Sort Method": "quicksort","Sort Space Used": 2940,"Sort Space Type": "Memory"}],"Plans": [{"Node Type": "Hash Join","Parent Relationship": "Outer","Parallel Aware": true,"Async Capable": false,"Join Type": "Inner","Startup Cost": 6681.95,"Total Cost": 22228.45,"Plan Rows": 14802,"Plan Width": 40,"Actual Startup Time": 29.913,"Actual Total Time": 79.925,"Actual Rows": 23763,"Actual Loops": 5,"Inner Unique": true,"Hash Cond": "(partsupp.ps_partkey = part.p_partkey)","Workers": [],"Plans": [{"Node Type": "Index Only Scan","Parent Relationship": "Outer","Parallel Aware": true,"Async Capable": false,"Scan Direction": "Forward","Index Name": "partsupp_pkey","Relation Name": "partsupp","Alias": "partsupp","Startup Cost": 347.43,"Total Cost": 15631.43,"Plan Rows": 100000,"Plan Width": 8,"Actual Startup Time": 7.448,"Actual Total Time": 32.433,"Actual Rows": 159936,"Actual Loops": 5,"Filter": "(NOT (hashed SubPlan 1))","Rows Removed by Filter": 64,"Heap Fetches": 0,"Workers": [],"Plans": [{"Node Type": "Seq Scan","Parent Relationship": "SubPlan","Subplan Name": "SubPlan 1","Parallel Aware": false,"Async Capable": false,"Relation Name": "supplier","Alias": "supplier","Startup Cost": 0.00,"Total Cost": 347.00,"Plan Rows": 1,"Plan Width": 4,"Actual Startup Time": 0.183,"Actual Total Time": 7.326,"Actual Rows": 4,"Actual Loops": 5,"Filter": "((s_comment)::text ~~ '%Customer%Complaints%'::text)","Rows Removed by Filter": 9996,"Workers": []}]},{"Node Type": "Hash","Parent Relationship": "Inner","Parallel Aware": true,"Async Capable": false,"Startup Cost": 6180.33,"Total Cost": 6180.33,"Plan Rows": 12335,"Plan Width": 40,"Actual Startup Time": 22.163,"Actual Total Time": 22.166,"Actual Rows": 5944,"Actual Loops": 5,"Hash Buckets": 32768,"Original Hash Buckets": 32768,"Hash Batches": 1,"Original Hash Batches": 1,"Peak Memory Usage": 2560,"Workers": [],"Plans": [{"Node Type": "Seq Scan","Parent Relationship": "Outer","Parallel Aware": true,"Async Capable": false,"Relation Name": "part","Alias": "part","Startup Cost": 0.00,"Total Cost": 6180.33,"Plan Rows": 12335,"Plan Width": 40,"Actual Startup Time": 0.057,"Actual Total Time": 18.760,"Actual Rows": 5944,"Actual Loops": 5,"Filter": "((p_brand <> 'Brand#55'::bpchar) AND ((p_type)::text !~~ 'PROMO PLATED%'::text) AND (p_size = ANY ('{41,35,27,28,29,26,37,44}'::integer[])))","Rows Removed by Filter": 34056,"Workers": []}]}]}]}]}]}]},"Planning Time": 4.501,"Triggers": [],"Execution Time": 243.508}]
[{"Plan": {"Node Type": "Sort","Parallel Aware": false,"Async Capable": false,"Startup Cost": 33143.47,"Total Cost": 33183.27,"Plan Rows": 15921,"Plan Width": 44,"Actual Startup Time": 240.022,"Actual Total Time": 241.586,"Actual Rows": 18332,"Actual Loops": 1,"Sort Key": ["(count(DISTINCT partsupp.ps_suppkey)) DESC", "part.p_brand", "part.p_type", "part.p_size"],"Sort Method": "quicksort","Sort Space Used": 2343,"Sort Space Type": "Memory","Plans": [{"Node Type": "Aggregate","Strategy": "Sorted","Partial Mode": "Simple","Parent Relationship": "Outer","Parallel Aware": false,"Async Capable": false,"Startup Cost": 24244.94,"Total Cost": 32032.29,"Plan Rows": 15921,"Plan Width": 44,"Actual Startup Time": 135.937,"Actual Total Time": 202.209,"Actual Rows": 18332,"Actual Loops": 1,"Group Key": ["part.p_brand", "part.p_type", "part.p_size"],"Plans": [{"Node Type": "Gather Merge","Parent Relationship": "Outer","Parallel Aware": false,"Async Capable": false,"Startup Cost": 24244.94,"Total Cost": 31285.10,"Plan Rows": 58798,"Plan Width": 40,"Actual Startup Time": 135.879,"Actual Total Time": 174.536,"Actual Rows": 119948,"Actual Loops": 1,"Workers Planned": 4,"Workers Launched": 4,"Plans": [{"Node Type": "Sort","Parent Relationship": "Outer","Parallel Aware": false,"Async Capable": false,"Startup Cost": 23244.89,"Total Cost": 23281.64,"Plan Rows": 14700,"Plan Width": 40,"Actual Startup Time": 123.798,"Actual Total Time": 126.502,"Actual Rows": 23990,"Actual Loops": 5,"Sort Key": ["part.p_brand", "part.p_type", "part.p_size"],"Sort Method": "quicksort","Sort Space Used": 2493,"Sort Space Type": "Memory","Workers": [{"Worker Number": 0,"Sort Method": "quicksort","Sort Space Used": 2903,"Sort Space Type": "Memory"},{"Worker Number": 1,"Sort Method": "quicksort","Sort Space Used": 2936,"Sort Space Type": "Memory"},{"Worker Number": 2,"Sort Method": "quicksort","Sort Space Used": 2445,"Sort Space Type": "Memory"},{"Worker Number": 3,"Sort Method": "quicksort","Sort Space Used": 2931,"Sort Space Type": "Memory"}],"Plans": [{"Node Type": "Hash Join","Parent Relationship": "Outer","Parallel Aware": true,"Async Capable": false,"Join Type": "Inner","Startup Cost": 6680.89,"Total Cost": 22227.39,"Plan Rows": 14700,"Plan Width": 40,"Actual Startup Time": 31.893,"Actual Total Time": 81.683,"Actual Rows": 23990,"Actual Loops": 5,"Inner Unique": true,"Hash Cond": "(partsupp.ps_partkey = part.p_partkey)","Workers": [],"Plans": [{"Node Type": "Index Only Scan","Parent Relationship": "Outer","Parallel Aware": true,"Async Capable": false,"Scan Direction": "Forward","Index Name": "partsupp_pkey","Relation Name": "partsupp","Alias": "partsupp","Startup Cost": 347.43,"Total Cost": 15631.43,"Plan Rows": 100000,"Plan Width": 8,"Actual Startup Time": 7.404,"Actual Total Time": 32.421,"Actual Rows": 159936,"Actual Loops": 5,"Filter": "(NOT (hashed SubPlan 1))","Rows Removed by Filter": 64,"Heap Fetches": 0,"Workers": [],"Plans": [{"Node Type": "Seq Scan","Parent Relationship": "SubPlan","Subplan Name": "SubPlan 1","Parallel Aware": false,"Async Capable": false,"Relation Name": "supplier","Alias": "supplier","Startup Cost": 0.00,"Total Cost": 347.00,"Plan Rows": 1,"Plan Width": 4,"Actual Startup Time": 0.162,"Actual Total Time": 7.224,"Actual Rows": 4,"Actual Loops": 5,"Filter": "((s_comment)::text ~~ '%Customer%Complaints%'::text)","Rows Removed by Filter": 9996,"Workers": []}]},{"Node Type": "Hash","Parent Relationship": "Inner","Parallel Aware": true,"Async Capable": false,"Startup Cost": 6180.33,"Total Cost": 6180.33,"Plan Rows": 12250,"Plan Width": 40,"Actual Startup Time": 24.252,"Actual Total Time": 24.254,"Actual Rows": 6000,"Actual Loops": 5,"Hash Buckets": 32768,"Original Hash Buckets": 32768,"Hash Batches": 1,"Original Hash Batches": 1,"Peak Memory Usage": 2560,"Workers": [],"Plans": [{"Node Type": "Seq Scan","Parent Relationship": "Outer","Parallel Aware": true,"Async Capable": false,"Relation Name": "part","Alias": "part","Startup Cost": 0.00,"Total Cost": 6180.33,"Plan Rows": 12250,"Plan Width": 40,"Actual Startup Time": 0.055,"Actual Total Time": 20.268,"Actual Rows": 6000,"Actual Loops": 5,"Filter": "((p_brand <> 'Brand#34'::bpchar) AND ((p_type)::text !~~ 'STANDARD BRUSHED%'::text) AND (p_size = ANY ('{6,21,8,35,39,42,14,33}'::integer[])))","Rows Removed by Filter": 34000,"Workers": []}]}]}]}]}]}]},"Planning Time": 5.367,"Triggers": [],"Execution Time": 242.438}]
[{"Plan": {"Node Type": "Sort","Parallel Aware": false,"Async Capable": false,"Startup Cost": 33388.72,"Total Cost": 33428.97,"Plan Rows": 16099,"Plan Width": 44,"Actual Startup Time": 233.620,"Actual Total Time": 235.708,"Actual Rows": 18287,"Actual Loops": 1,"Sort Key": ["(count(DISTINCT partsupp.ps_suppkey)) DESC", "part.p_brand", "part.p_type", "part.p_size"],"Sort Method": "quicksort","Sort Space Used": 2339,"Sort Space Type": "Memory","Plans": [{"Node Type": "Aggregate","Strategy": "Sorted","Partial Mode": "Simple","Parent Relationship": "Outer","Parallel Aware": false,"Async Capable": false,"Startup Cost": 24277.90,"Total Cost": 32263.83,"Plan Rows": 16099,"Plan Width": 44,"Actual Startup Time": 130.173,"Actual Total Time": 195.607,"Actual Rows": 18287,"Actual Loops": 1,"Group Key": ["part.p_brand", "part.p_type", "part.p_size"],"Plans": [{"Node Type": "Gather Merge","Parent Relationship": "Outer","Parallel Aware": false,"Async Capable": false,"Startup Cost": 24277.90,"Total Cost": 31499.69,"Plan Rows": 60315,"Plan Width": 40,"Actual Startup Time": 130.089,"Actual Total Time": 168.252,"Actual Rows": 118258,"Actual Loops": 1,"Workers Planned": 4,"Workers Launched": 4,"Plans": [{"Node Type": "Sort","Parent Relationship": "Outer","Parallel Aware": false,"Async Capable": false,"Startup Cost": 23277.84,"Total Cost": 23315.54,"Plan Rows": 15079,"Plan Width": 40,"Actual Startup Time": 120.747,"Actual Total Time": 123.004,"Actual Rows": 23652,"Actual Loops": 5,"Sort Key": ["part.p_brand", "part.p_type", "part.p_size"],"Sort Method": "quicksort","Sort Space Used": 2796,"Sort Space Type": "Memory","Workers": [{"Worker Number": 0,"Sort Method": "quicksort","Sort Space Used": 2796,"Sort Space Type": "Memory"},{"Worker Number": 1,"Sort Method": "quicksort","Sort Space Used": 2801,"Sort Space Type": "Memory"},{"Worker Number": 2,"Sort Method": "quicksort","Sort Space Used": 2619,"Sort Space Type": "Memory"},{"Worker Number": 3,"Sort Method": "quicksort","Sort Space Used": 2554,"Sort Space Type": "Memory"}],"Plans": [{"Node Type": "Hash Join","Parent Relationship": "Outer","Parallel Aware": true,"Async Capable": false,"Join Type": "Inner","Startup Cost": 6684.84,"Total Cost": 22231.34,"Plan Rows": 15079,"Plan Width": 40,"Actual Startup Time": 28.762,"Actual Total Time": 79.390,"Actual Rows": 23652,"Actual Loops": 5,"Inner Unique": true,"Hash Cond": "(partsupp.ps_partkey = part.p_partkey)","Workers": [],"Plans": [{"Node Type": "Index Only Scan","Parent Relationship": "Outer","Parallel Aware": true,"Async Capable": false,"Scan Direction": "Forward","Index Name": "partsupp_pkey","Relation Name": "partsupp","Alias": "partsupp","Startup Cost": 347.43,"Total Cost": 15631.43,"Plan Rows": 100000,"Plan Width": 8,"Actual Startup Time": 6.347,"Actual Total Time": 31.732,"Actual Rows": 159936,"Actual Loops": 5,"Filter": "(NOT (hashed SubPlan 1))","Rows Removed by Filter": 64,"Heap Fetches": 0,"Workers": [],"Plans": [{"Node Type": "Seq Scan","Parent Relationship": "SubPlan","Subplan Name": "SubPlan 1","Parallel Aware": false,"Async Capable": false,"Relation Name": "supplier","Alias": "supplier","Startup Cost": 0.00,"Total Cost": 347.00,"Plan Rows": 1,"Plan Width": 4,"Actual Startup Time": 0.126,"Actual Total Time": 6.174,"Actual Rows": 4,"Actual Loops": 5,"Filter": "((s_comment)::text ~~ '%Customer%Complaints%'::text)","Rows Removed by Filter": 9996,"Workers": []}]},{"Node Type": "Hash","Parent Relationship": "Inner","Parallel Aware": true,"Async Capable": false,"Startup Cost": 6180.33,"Total Cost": 6180.33,"Plan Rows": 12566,"Plan Width": 40,"Actual Startup Time": 22.168,"Actual Total Time": 22.173,"Actual Rows": 5915,"Actual Loops": 5,"Hash Buckets": 32768,"Original Hash Buckets": 32768,"Hash Batches": 1,"Original Hash Batches": 1,"Peak Memory Usage": 2560,"Workers": [],"Plans": [{"Node Type": "Seq Scan","Parent Relationship": "Outer","Parallel Aware": true,"Async Capable": false,"Relation Name": "part","Alias": "part","Startup Cost": 0.00,"Total Cost": 6180.33,"Plan Rows": 12566,"Plan Width": 40,"Actual Startup Time": 0.048,"Actual Total Time": 18.632,"Actual Rows": 5915,"Actual Loops": 5,"Filter": "((p_brand <> 'Brand#42'::bpchar) AND ((p_type)::text !~~ 'MEDIUM ANODIZED%'::text) AND (p_size = ANY ('{26,15,49,29,11,9,32,19}'::integer[])))","Rows Removed by Filter": 34085,"Workers": []}]}]}]}]}]}]},"Planning Time": 4.413,"Triggers": [],"Execution Time": 237.095}]
[{"Plan": {"Node Type": "Sort","Parallel Aware": false,"Async Capable": false,"Startup Cost": 33600.53,"Total Cost": 33641.14,"Plan Rows": 16247,"Plan Width": 44,"Actual Startup Time": 233.342,"Actual Total Time": 235.185,"Actual Rows": 18202,"Actual Loops": 1,"Sort Key": ["(count(DISTINCT partsupp.ps_suppkey)) DESC", "part.p_brand", "part.p_type", "part.p_size"],"Sort Method": "quicksort","Sort Space Used": 2332,"Sort Space Type": "Memory","Plans": [{"Node Type": "Aggregate","Strategy": "Sorted","Partial Mode": "Simple","Parent Relationship": "Outer","Parallel Aware": false,"Async Capable": false,"Startup Cost": 24306.46,"Total Cost": 32464.22,"Plan Rows": 16247,"Plan Width": 44,"Actual Startup Time": 129.752,"Actual Total Time": 195.863,"Actual Rows": 18202,"Actual Loops": 1,"Group Key": ["part.p_brand", "part.p_type", "part.p_size"],"Plans": [{"Node Type": "Gather Merge","Parent Relationship": "Outer","Parallel Aware": false,"Async Capable": false,"Startup Cost": 24306.46,"Total Cost": 31685.47,"Plan Rows": 61628,"Plan Width": 40,"Actual Startup Time": 129.689,"Actual Total Time": 168.410,"Actual Rows": 118675,"Actual Loops": 1,"Workers Planned": 4,"Workers Launched": 4,"Plans": [{"Node Type": "Sort","Parent Relationship": "Outer","Parallel Aware": false,"Async Capable": false,"Startup Cost": 23306.41,"Total Cost": 23344.92,"Plan Rows": 15407,"Plan Width": 40,"Actual Startup Time": 121.288,"Actual Total Time": 123.838,"Actual Rows": 23735,"Actual Loops": 5,"Sort Key": ["part.p_brand", "part.p_type", "part.p_size"],"Sort Method": "quicksort","Sort Space Used": 2668,"Sort Space Type": "Memory","Workers": [{"Worker Number": 0,"Sort Method": "quicksort","Sort Space Used": 2773,"Sort Space Type": "Memory"},{"Worker Number": 1,"Sort Method": "quicksort","Sort Space Used": 2743,"Sort Space Type": "Memory"},{"Worker Number": 2,"Sort Method": "quicksort","Sort Space Used": 2683,"Sort Space Type": "Memory"},{"Worker Number": 3,"Sort Method": "quicksort","Sort Space Used": 2745,"Sort Space Type": "Memory"}],"Plans": [{"Node Type": "Hash Join","Parent Relationship": "Outer","Parallel Aware": true,"Async Capable": false,"Join Type": "Inner","Startup Cost": 6688.25,"Total Cost": 22234.75,"Plan Rows": 15407,"Plan Width": 40,"Actual Startup Time": 29.952,"Actual Total Time": 79.888,"Actual Rows": 23735,"Actual Loops": 5,"Inner Unique": true,"Hash Cond": "(partsupp.ps_partkey = part.p_partkey)","Workers": [],"Plans": [{"Node Type": "Index Only Scan","Parent Relationship": "Outer","Parallel Aware": true,"Async Capable": false,"Scan Direction": "Forward","Index Name": "partsupp_pkey","Relation Name": "partsupp","Alias": "partsupp","Startup Cost": 347.43,"Total Cost": 15631.43,"Plan Rows": 100000,"Plan Width": 8,"Actual Startup Time": 7.730,"Actual Total Time": 32.469,"Actual Rows": 159936,"Actual Loops": 5,"Filter": "(NOT (hashed SubPlan 1))","Rows Removed by Filter": 64,"Heap Fetches": 0,"Workers": [],"Plans": [{"Node Type": "Seq Scan","Parent Relationship": "SubPlan","Subplan Name": "SubPlan 1","Parallel Aware": false,"Async Capable": false,"Relation Name": "supplier","Alias": "supplier","Startup Cost": 0.00,"Total Cost": 347.00,"Plan Rows": 1,"Plan Width": 4,"Actual Startup Time": 0.232,"Actual Total Time": 7.590,"Actual Rows": 4,"Actual Loops": 5,"Filter": "((s_comment)::text ~~ '%Customer%Complaints%'::text)","Rows Removed by Filter": 9996,"Workers": []}]},{"Node Type": "Hash","Parent Relationship": "Inner","Parallel Aware": true,"Async Capable": false,"Startup Cost": 6180.33,"Total Cost": 6180.33,"Plan Rows": 12839,"Plan Width": 40,"Actual Startup Time": 21.965,"Actual Total Time": 21.969,"Actual Rows": 5936,"Actual Loops": 5,"Hash Buckets": 32768,"Original Hash Buckets": 32768,"Hash Batches": 1,"Original Hash Batches": 1,"Peak Memory Usage": 2560,"Workers": [],"Plans": [{"Node Type": "Seq Scan","Parent Relationship": "Outer","Parallel Aware": true,"Async Capable": false,"Relation Name": "part","Alias": "part","Startup Cost": 0.00,"Total Cost": 6180.33,"Plan Rows": 12839,"Plan Width": 40,"Actual Startup Time": 0.062,"Actual Total Time": 18.458,"Actual Rows": 5936,"Actual Loops": 5,"Filter": "((p_brand <> 'Brand#31'::bpchar) AND ((p_type)::text !~~ 'SMALL POLISHED%'::text) AND (p_size = ANY ('{30,13,34,28,50,1,2,6}'::integer[])))","Rows Removed by Filter": 34064,"Workers": []}]}]}]}]}]}]},"Planning Time": 4.937,"Triggers": [],"Execution Time": 236.378}]
[{"Plan": {"Node Type": "Sort","Parallel Aware": false,"Async Capable": false,"Startup Cost": 33447.30,"Total Cost": 33487.65,"Plan Rows": 16140,"Plan Width": 44,"Actual Startup Time": 239.321,"Actual Total Time": 240.989,"Actual Rows": 18186,"Actual Loops": 1,"Sort Key": ["(count(DISTINCT partsupp.ps_suppkey)) DESC", "part.p_brand", "part.p_type", "part.p_size"],"Sort Method": "quicksort","Sort Space Used": 2330,"Sort Space Type": "Memory","Plans": [{"Node Type": "Aggregate","Strategy": "Sorted","Partial Mode": "Simple","Parent Relationship": "Outer","Parallel Aware": false,"Async Capable": false,"Startup Cost": 24285.81,"Total Cost": 32319.25,"Plan Rows": 16140,"Plan Width": 44,"Actual Startup Time": 134.389,"Actual Total Time": 200.675,"Actual Rows": 18186,"Actual Loops": 1,"Group Key": ["part.p_brand", "part.p_type", "part.p_size"],"Plans": [{"Node Type": "Gather Merge","Parent Relationship": "Outer","Parallel Aware": false,"Async Capable": false,"Startup Cost": 24285.81,"Total Cost": 31551.07,"Plan Rows": 60678,"Plan Width": 40,"Actual Startup Time": 134.345,"Actual Total Time": 173.169,"Actual Rows": 118667,"Actual Loops": 1,"Workers Planned": 4,"Workers Launched": 4,"Plans": [{"Node Type": "Sort","Parent Relationship": "Outer","Parallel Aware": false,"Async Capable": false,"Startup Cost": 23285.75,"Total Cost": 23323.67,"Plan Rows": 15170,"Plan Width": 40,"Actual Startup Time": 123.438,"Actual Total Time": 126.088,"Actual Rows": 23733,"Actual Loops": 5,"Sort Key": ["part.p_brand", "part.p_type", "part.p_size"],"Sort Method": "quicksort","Sort Space Used": 2530,"Sort Space Type": "Memory","Workers": [{"Worker Number": 0,"Sort Method": "quicksort","Sort Space Used": 2877,"Sort Space Type": "Memory"},{"Worker Number": 1,"Sort Method": "quicksort","Sort Space Used": 2867,"Sort Space Type": "Memory"},{"Worker Number": 2,"Sort Method": "quicksort","Sort Space Used": 2835,"Sort Space Type": "Memory"},{"Worker Number": 3,"Sort Method": "quicksort","Sort Space Used": 2492,"Sort Space Type": "Memory"}],"Plans": [{"Node Type": "Hash Join","Parent Relationship": "Outer","Parallel Aware": true,"Async Capable": false,"Join Type": "Inner","Startup Cost": 6685.77,"Total Cost": 22232.27,"Plan Rows": 15170,"Plan Width": 40,"Actual Startup Time": 30.186,"Actual Total Time": 81.735,"Actual Rows": 23733,"Actual Loops": 5,"Inner Unique": true,"Hash Cond": "(partsupp.ps_partkey = part.p_partkey)","Workers": [],"Plans": [{"Node Type": "Index Only Scan","Parent Relationship": "Outer","Parallel Aware": true,"Async Capable": false,"Scan Direction": "Forward","Index Name": "partsupp_pkey","Relation Name": "partsupp","Alias": "partsupp","Startup Cost": 347.43,"Total Cost": 15631.43,"Plan Rows": 100000,"Plan Width": 8,"Actual Startup Time": 7.310,"Actual Total Time": 34.074,"Actual Rows": 159936,"Actual Loops": 5,"Filter": "(NOT (hashed SubPlan 1))","Rows Removed by Filter": 64,"Heap Fetches": 0,"Workers": [],"Plans": [{"Node Type": "Seq Scan","Parent Relationship": "SubPlan","Subplan Name": "SubPlan 1","Parallel Aware": false,"Async Capable": false,"Relation Name": "supplier","Alias": "supplier","Startup Cost": 0.00,"Total Cost": 347.00,"Plan Rows": 1,"Plan Width": 4,"Actual Startup Time": 0.180,"Actual Total Time": 7.153,"Actual Rows": 4,"Actual Loops": 5,"Filter": "((s_comment)::text ~~ '%Customer%Complaints%'::text)","Rows Removed by Filter": 9996,"Workers": []}]},{"Node Type": "Hash","Parent Relationship": "Inner","Parallel Aware": true,"Async Capable": false,"Startup Cost": 6180.33,"Total Cost": 6180.33,"Plan Rows": 12641,"Plan Width": 40,"Actual Startup Time": 22.574,"Actual Total Time": 22.580,"Actual Rows": 5936,"Actual Loops": 5,"Hash Buckets": 32768,"Original Hash Buckets": 32768,"Hash Batches": 1,"Original Hash Batches": 1,"Peak Memory Usage": 2592,"Workers": [],"Plans": [{"Node Type": "Seq Scan","Parent Relationship": "Outer","Parallel Aware": true,"Async Capable": false,"Relation Name": "part","Alias": "part","Startup Cost": 0.00,"Total Cost": 6180.33,"Plan Rows": 12641,"Plan Width": 40,"Actual Startup Time": 0.063,"Actual Total Time": 18.744,"Actual Rows": 5936,"Actual Loops": 5,"Filter": "((p_brand <> 'Brand#32'::bpchar) AND ((p_type)::text !~~ 'STANDARD BRUSHED%'::text) AND (p_size = ANY ('{43,24,33,42,18,1,21,38}'::integer[])))","Rows Removed by Filter": 34064,"Workers": []}]}]}]}]}]}]},"Planning Time": 4.000,"Triggers": [],"Execution Time": 241.889}]
[{"Plan": {"Node Type": "Sort","Parallel Aware": false,"Async Capable": false,"Startup Cost": 33512.79,"Total Cost": 33553.25,"Plan Rows": 16186,"Plan Width": 44,"Actual Startup Time": 240.020,"Actual Total Time": 241.714,"Actual Rows": 18308,"Actual Loops": 1,"Sort Key": ["(count(DISTINCT partsupp.ps_suppkey)) DESC", "part.p_brand", "part.p_type", "part.p_size"],"Sort Method": "quicksort","Sort Space Used": 2341,"Sort Space Type": "Memory","Plans": [{"Node Type": "Aggregate","Strategy": "Sorted","Partial Mode": "Simple","Parent Relationship": "Outer","Parallel Aware": false,"Async Capable": false,"Startup Cost": 24294.61,"Total Cost": 32381.19,"Plan Rows": 16186,"Plan Width": 44,"Actual Startup Time": 134.362,"Actual Total Time": 200.205,"Actual Rows": 18308,"Actual Loops": 1,"Group Key": ["part.p_brand", "part.p_type", "part.p_size"],"Plans": [{"Node Type": "Gather Merge","Parent Relationship": "Outer","Parallel Aware": false,"Async Capable": false,"Startup Cost": 24294.61,"Total Cost": 31608.49,"Plan Rows": 61084,"Plan Width": 40,"Actual Startup Time": 134.306,"Actual Total Time": 172.486,"Actual Rows": 118868,"Actual Loops": 1,"Workers Planned": 4,"Workers Launched": 4,"Plans": [{"Node Type": "Sort","Parent Relationship": "Outer","Parallel Aware": false,"Async Capable": false,"Startup Cost": 23294.56,"Total Cost": 23332.73,"Plan Rows": 15271,"Plan Width": 40,"Actual Startup Time": 124.040,"Actual Total Time": 126.401,"Actual Rows": 23774,"Actual Loops": 5,"Sort Key": ["part.p_brand", "part.p_type", "part.p_size"],"Sort Method": "quicksort","Sort Space Used": 2433,"Sort Space Type": "Memory","Workers": [{"Worker Number": 0,"Sort Method": "quicksort","Sort Space Used": 2848,"Sort Space Type": "Memory"},{"Worker Number": 1,"Sort Method": "quicksort","Sort Space Used": 2634,"Sort Space Type": "Memory"},{"Worker Number": 2,"Sort Method": "quicksort","Sort Space Used": 2855,"Sort Space Type": "Memory"},{"Worker Number": 3,"Sort Method": "quicksort","Sort Space Used": 2856,"Sort Space Type": "Memory"}],"Plans": [{"Node Type": "Hash Join","Parent Relationship": "Outer","Parallel Aware": true,"Async Capable": false,"Join Type": "Inner","Startup Cost": 6686.84,"Total Cost": 22233.34,"Plan Rows": 15271,"Plan Width": 40,"Actual Startup Time": 30.317,"Actual Total Time": 80.733,"Actual Rows": 23774,"Actual Loops": 5,"Inner Unique": true,"Hash Cond": "(partsupp.ps_partkey = part.p_partkey)","Workers": [],"Plans": [{"Node Type": "Index Only Scan","Parent Relationship": "Outer","Parallel Aware": true,"Async Capable": false,"Scan Direction": "Forward","Index Name": "partsupp_pkey","Relation Name": "partsupp","Alias": "partsupp","Startup Cost": 347.43,"Total Cost": 15631.43,"Plan Rows": 100000,"Plan Width": 8,"Actual Startup Time": 6.643,"Actual Total Time": 32.792,"Actual Rows": 159936,"Actual Loops": 5,"Filter": "(NOT (hashed SubPlan 1))","Rows Removed by Filter": 64,"Heap Fetches": 0,"Workers": [],"Plans": [{"Node Type": "Seq Scan","Parent Relationship": "SubPlan","Subplan Name": "SubPlan 1","Parallel Aware": false,"Async Capable": false,"Relation Name": "supplier","Alias": "supplier","Startup Cost": 0.00,"Total Cost": 347.00,"Plan Rows": 1,"Plan Width": 4,"Actual Startup Time": 0.179,"Actual Total Time": 6.458,"Actual Rows": 4,"Actual Loops": 5,"Filter": "((s_comment)::text ~~ '%Customer%Complaints%'::text)","Rows Removed by Filter": 9996,"Workers": []}]},{"Node Type": "Hash","Parent Relationship": "Inner","Parallel Aware": true,"Async Capable": false,"Startup Cost": 6180.33,"Total Cost": 6180.33,"Plan Rows": 12726,"Plan Width": 40,"Actual Startup Time": 23.431,"Actual Total Time": 23.436,"Actual Rows": 5946,"Actual Loops": 5,"Hash Buckets": 32768,"Original Hash Buckets": 32768,"Hash Batches": 1,"Original Hash Batches": 1,"Peak Memory Usage": 2528,"Workers": [],"Plans": [{"Node Type": "Seq Scan","Parent Relationship": "Outer","Parallel Aware": true,"Async Capable": false,"Relation Name": "part","Alias": "part","Startup Cost": 0.00,"Total Cost": 6180.33,"Plan Rows": 12726,"Plan Width": 40,"Actual Startup Time": 0.054,"Actual Total Time": 19.516,"Actual Rows": 5946,"Actual Loops": 5,"Filter": "((p_brand <> 'Brand#51'::bpchar) AND ((p_type)::text !~~ 'SMALL POLISHED%'::text) AND (p_size = ANY ('{1,3,45,27,20,44,32,7}'::integer[])))","Rows Removed by Filter": 34054,"Workers": []}]}]}]}]}]}]},"Planning Time": 5.701,"Triggers": [],"Execution Time": 242.604}]
[{"Plan": {"Node Type": "Sort","Parallel Aware": false,"Async Capable": false,"Startup Cost": 33358.80,"Total Cost": 33399.00,"Plan Rows": 16078,"Plan Width": 44,"Actual Startup Time": 234.921,"Actual Total Time": 236.853,"Actual Rows": 18192,"Actual Loops": 1,"Sort Key": ["(count(DISTINCT partsupp.ps_suppkey)) DESC", "part.p_brand", "part.p_type", "part.p_size"],"Sort Method": "quicksort","Sort Space Used": 2331,"Sort Space Type": "Memory","Plans": [{"Node Type": "Aggregate","Strategy": "Sorted","Partial Mode": "Simple","Parent Relationship": "Outer","Parallel Aware": false,"Async Capable": false,"Startup Cost": 24273.81,"Total Cost": 32235.53,"Plan Rows": 16078,"Plan Width": 44,"Actual Startup Time": 130.208,"Actual Total Time": 196.057,"Actual Rows": 18192,"Actual Loops": 1,"Group Key": ["part.p_brand", "part.p_type", "part.p_size"],"Plans": [{"Node Type": "Gather Merge","Parent Relationship": "Outer","Parallel Aware": false,"Async Capable": false,"Startup Cost": 24273.81,"Total Cost": 31473.45,"Plan Rows": 60130,"Plan Width": 40,"Actual Startup Time": 130.152,"Actual Total Time": 168.810,"Actual Rows": 118168,"Actual Loops": 1,"Workers Planned": 4,"Workers Launched": 4,"Plans": [{"Node Type": "Sort","Parent Relationship": "Outer","Parallel Aware": false,"Async Capable": false,"Startup Cost": 23273.75,"Total Cost": 23311.33,"Plan Rows": 15032,"Plan Width": 40,"Actual Startup Time": 121.671,"Actual Total Time": 124.088,"Actual Rows": 23634,"Actual Loops": 5,"Sort Key": ["part.p_brand", "part.p_type", "part.p_size"],"Sort Method": "quicksort","Sort Space Used": 2691,"Sort Space Type": "Memory","Workers": [{"Worker Number": 0,"Sort Method": "quicksort","Sort Space Used": 2712,"Sort Space Type": "Memory"},{"Worker Number": 1,"Sort Method": "quicksort","Sort Space Used": 2639,"Sort Space Type": "Memory"},{"Worker Number": 2,"Sort Method": "quicksort","Sort Space Used": 2753,"Sort Space Type": "Memory"},{"Worker Number": 3,"Sort Method": "quicksort","Sort Space Used": 2775,"Sort Space Type": "Memory"}],"Plans": [{"Node Type": "Hash Join","Parent Relationship": "Outer","Parallel Aware": true,"Async Capable": false,"Join Type": "Inner","Startup Cost": 6684.35,"Total Cost": 22230.85,"Plan Rows": 15032,"Plan Width": 40,"Actual Startup Time": 30.357,"Actual Total Time": 80.442,"Actual Rows": 23634,"Actual Loops": 5,"Inner Unique": true,"Hash Cond": "(partsupp.ps_partkey = part.p_partkey)","Workers": [],"Plans": [{"Node Type": "Index Only Scan","Parent Relationship": "Outer","Parallel Aware": true,"Async Capable": false,"Scan Direction": "Forward","Index Name": "partsupp_pkey","Relation Name": "partsupp","Alias": "partsupp","Startup Cost": 347.43,"Total Cost": 15631.43,"Plan Rows": 100000,"Plan Width": 8,"Actual Startup Time": 7.343,"Actual Total Time": 32.361,"Actual Rows": 159936,"Actual Loops": 5,"Filter": "(NOT (hashed SubPlan 1))","Rows Removed by Filter": 64,"Heap Fetches": 0,"Workers": [],"Plans": [{"Node Type": "Seq Scan","Parent Relationship": "SubPlan","Subplan Name": "SubPlan 1","Parallel Aware": false,"Async Capable": false,"Relation Name": "supplier","Alias": "supplier","Startup Cost": 0.00,"Total Cost": 347.00,"Plan Rows": 1,"Plan Width": 4,"Actual Startup Time": 0.186,"Actual Total Time": 7.170,"Actual Rows": 4,"Actual Loops": 5,"Filter": "((s_comment)::text ~~ '%Customer%Complaints%'::text)","Rows Removed by Filter": 9996,"Workers": []}]},{"Node Type": "Hash","Parent Relationship": "Inner","Parallel Aware": true,"Async Capable": false,"Startup Cost": 6180.33,"Total Cost": 6180.33,"Plan Rows": 12527,"Plan Width": 40,"Actual Startup Time": 22.743,"Actual Total Time": 22.746,"Actual Rows": 5911,"Actual Loops": 5,"Hash Buckets": 32768,"Original Hash Buckets": 32768,"Hash Batches": 1,"Original Hash Batches": 1,"Peak Memory Usage": 2592,"Workers": [],"Plans": [{"Node Type": "Seq Scan","Parent Relationship": "Outer","Parallel Aware": true,"Async Capable": false,"Relation Name": "part","Alias": "part","Startup Cost": 0.00,"Total Cost": 6180.33,"Plan Rows": 12527,"Plan Width": 40,"Actual Startup Time": 0.055,"Actual Total Time": 19.183,"Actual Rows": 5911,"Actual Loops": 5,"Filter": "((p_brand <> 'Brand#25'::bpchar) AND ((p_type)::text !~~ 'PROMO POLISHED%'::text) AND (p_size = ANY ('{49,26,18,47,31,35,41,45}'::integer[])))","Rows Removed by Filter": 34089,"Workers": []}]}]}]}]}]}]},"Planning Time": 3.426,"Triggers": [],"Execution Time": 238.089}]
[{"Plan": {"Node Type": "Sort","Parallel Aware": false,"Async Capable": false,"Startup Cost": 33300.96,"Total Cost": 33341.05,"Plan Rows": 16036,"Plan Width": 44,"Actual Startup Time": 234.424,"Actual Total Time": 236.458,"Actual Rows": 18281,"Actual Loops": 1,"Sort Key": ["(count(DISTINCT partsupp.ps_suppkey)) DESC", "part.p_brand", "part.p_type", "part.p_size"],"Sort Method": "quicksort","Sort Space Used": 2338,"Sort Space Type": "Memory","Plans": [{"Node Type": "Aggregate","Strategy": "Sorted","Partial Mode": "Simple","Parent Relationship": "Outer","Parallel Aware": false,"Async Capable": false,"Startup Cost": 24266.07,"Total Cost": 32180.93,"Plan Rows": 16036,"Plan Width": 44,"Actual Startup Time": 130.259,"Actual Total Time": 196.386,"Actual Rows": 18281,"Actual Loops": 1,"Group Key": ["part.p_brand", "part.p_type", "part.p_size"],"Plans": [{"Node Type": "Gather Merge","Parent Relationship": "Outer","Parallel Aware": false,"Async Capable": false,"Startup Cost": 24266.07,"Total Cost": 31422.85,"Plan Rows": 59772,"Plan Width": 40,"Actual Startup Time": 130.188,"Actual Total Time": 169.009,"Actual Rows": 118178,"Actual Loops": 1,"Workers Planned": 4,"Workers Launched": 4,"Plans": [{"Node Type": "Sort","Parent Relationship": "Outer","Parallel Aware": false,"Async Capable": false,"Startup Cost": 23266.01,"Total Cost": 23303.37,"Plan Rows": 14943,"Plan Width": 40,"Actual Startup Time": 120.929,"Actual Total Time": 123.618,"Actual Rows": 23636,"Actual Loops": 5,"Sort Key": ["part.p_brand", "part.p_type", "part.p_size"],"Sort Method": "quicksort","Sort Space Used": 2642,"Sort Space Type": "Memory","Workers": [{"Worker Number": 0,"Sort Method": "quicksort","Sort Space Used": 2791,"Sort Space Type": "Memory"},{"Worker Number": 1,"Sort Method": "quicksort","Sort Space Used": 2694,"Sort Space Type": "Memory"},{"Worker Number": 2,"Sort Method": "quicksort","Sort Space Used": 2735,"Sort Space Type": "Memory"},{"Worker Number": 3,"Sort Method": "quicksort","Sort Space Used": 2709,"Sort Space Type": "Memory"}],"Plans": [{"Node Type": "Hash Join","Parent Relationship": "Outer","Parallel Aware": true,"Async Capable": false,"Join Type": "Inner","Startup Cost": 6683.42,"Total Cost": 22229.92,"Plan Rows": 14943,"Plan Width": 40,"Actual Startup Time": 29.698,"Actual Total Time": 79.474,"Actual Rows": 23636,"Actual Loops": 5,"Inner Unique": true,"Hash Cond": "(partsupp.ps_partkey = part.p_partkey)","Workers": [],"Plans": [{"Node Type": "Index Only Scan","Parent Relationship": "Outer","Parallel Aware": true,"Async Capable": false,"Scan Direction": "Forward","Index Name": "partsupp_pkey","Relation Name": "partsupp","Alias": "partsupp","Startup Cost": 347.43,"Total Cost": 15631.43,"Plan Rows": 100000,"Plan Width": 8,"Actual Startup Time": 7.676,"Actual Total Time": 32.293,"Actual Rows": 159936,"Actual Loops": 5,"Filter": "(NOT (hashed SubPlan 1))","Rows Removed by Filter": 64,"Heap Fetches": 0,"Workers": [],"Plans": [{"Node Type": "Seq Scan","Parent Relationship": "SubPlan","Subplan Name": "SubPlan 1","Parallel Aware": false,"Async Capable": false,"Relation Name": "supplier","Alias": "supplier","Startup Cost": 0.00,"Total Cost": 347.00,"Plan Rows": 1,"Plan Width": 4,"Actual Startup Time": 0.137,"Actual Total Time": 7.542,"Actual Rows": 4,"Actual Loops": 5,"Filter": "((s_comment)::text ~~ '%Customer%Complaints%'::text)","Rows Removed by Filter": 9996,"Workers": []}]},{"Node Type": "Hash","Parent Relationship": "Inner","Parallel Aware": true,"Async Capable": false,"Startup Cost": 6180.33,"Total Cost": 6180.33,"Plan Rows": 12453,"Plan Width": 40,"Actual Startup Time": 21.776,"Actual Total Time": 21.779,"Actual Rows": 5911,"Actual Loops": 5,"Hash Buckets": 32768,"Original Hash Buckets": 32768,"Hash Batches": 1,"Original Hash Batches": 1,"Peak Memory Usage": 2528,"Workers": [],"Plans": [{"Node Type": "Seq Scan","Parent Relationship": "Outer","Parallel Aware": true,"Async Capable": false,"Relation Name": "part","Alias": "part","Startup Cost": 0.00,"Total Cost": 6180.33,"Plan Rows": 12453,"Plan Width": 40,"Actual Startup Time": 0.052,"Actual Total Time": 18.324,"Actual Rows": 5911,"Actual Loops": 5,"Filter": "((p_brand <> 'Brand#23'::bpchar) AND ((p_type)::text !~~ 'SMALL POLISHED%'::text) AND (p_size = ANY ('{25,29,35,46,19,49,42,40}'::integer[])))","Rows Removed by Filter": 34089,"Workers": []}]}]}]}]}]}]},"Planning Time": 3.721,"Triggers": [],"Execution Time": 237.621}]
[{"Plan": {"Node Type": "Sort","Parallel Aware": false,"Async Capable": false,"Startup Cost": 33464.36,"Total Cost": 33504.74,"Plan Rows": 16152,"Plan Width": 44,"Actual Startup Time": 238.363,"Actual Total Time": 239.933,"Actual Rows": 18323,"Actual Loops": 1,"Sort Key": ["(count(DISTINCT partsupp.ps_suppkey)) DESC", "part.p_brand", "part.p_type", "part.p_size"],"Sort Method": "quicksort","Sort Space Used": 2342,"Sort Space Type": "Memory","Plans": [{"Node Type": "Aggregate","Strategy": "Sorted","Partial Mode": "Simple","Parent Relationship": "Outer","Parallel Aware": false,"Async Capable": false,"Startup Cost": 24288.08,"Total Cost": 32335.39,"Plan Rows": 16152,"Plan Width": 44,"Actual Startup Time": 133.852,"Actual Total Time": 202.475,"Actual Rows": 18323,"Actual Loops": 1,"Group Key": ["part.p_brand", "part.p_type", "part.p_size"],"Plans": [{"Node Type": "Gather Merge","Parent Relationship": "Outer","Parallel Aware": false,"Async Capable": false,"Startup Cost": 24288.08,"Total Cost": 31566.03,"Plan Rows": 60784,"Plan Width": 40,"Actual Startup Time": 133.789,"Actual Total Time": 173.877,"Actual Rows": 119320,"Actual Loops": 1,"Workers Planned": 4,"Workers Launched": 4,"Plans": [{"Node Type": "Sort","Parent Relationship": "Outer","Parallel Aware": false,"Async Capable": false,"Startup Cost": 23288.02,"Total Cost": 23326.01,"Plan Rows": 15196,"Plan Width": 40,"Actual Startup Time": 122.533,"Actual Total Time": 125.297,"Actual Rows": 23864,"Actual Loops": 5,"Sort Key": ["part.p_brand", "part.p_type", "part.p_size"],"Sort Method": "quicksort","Sort Space Used": 2489,"Sort Space Type": "Memory","Workers": [{"Worker Number": 0,"Sort Method": "quicksort","Sort Space Used": 2914,"Sort Space Type": "Memory"},{"Worker Number": 1,"Sort Method": "quicksort","Sort Space Used": 2470,"Sort Space Type": "Memory"},{"Worker Number": 2,"Sort Method": "quicksort","Sort Space Used": 2894,"Sort Space Type": "Memory"},{"Worker Number": 3,"Sort Method": "quicksort","Sort Space Used": 2886,"Sort Space Type": "Memory"}],"Plans": [{"Node Type": "Hash Join","Parent Relationship": "Outer","Parallel Aware": true,"Async Capable": false,"Join Type": "Inner","Startup Cost": 6686.05,"Total Cost": 22232.55,"Plan Rows": 15196,"Plan Width": 40,"Actual Startup Time": 30.726,"Actual Total Time": 80.466,"Actual Rows": 23864,"Actual Loops": 5,"Inner Unique": true,"Hash Cond": "(partsupp.ps_partkey = part.p_partkey)","Workers": [],"Plans": [{"Node Type": "Index Only Scan","Parent Relationship": "Outer","Parallel Aware": true,"Async Capable": false,"Scan Direction": "Forward","Index Name": "partsupp_pkey","Relation Name": "partsupp","Alias": "partsupp","Startup Cost": 347.43,"Total Cost": 15631.43,"Plan Rows": 100000,"Plan Width": 8,"Actual Startup Time": 7.338,"Actual Total Time": 32.513,"Actual Rows": 159936,"Actual Loops": 5,"Filter": "(NOT (hashed SubPlan 1))","Rows Removed by Filter": 64,"Heap Fetches": 0,"Workers": [],"Plans": [{"Node Type": "Seq Scan","Parent Relationship": "SubPlan","Subplan Name": "SubPlan 1","Parallel Aware": false,"Async Capable": false,"Relation Name": "supplier","Alias": "supplier","Startup Cost": 0.00,"Total Cost": 347.00,"Plan Rows": 1,"Plan Width": 4,"Actual Startup Time": 0.154,"Actual Total Time": 7.178,"Actual Rows": 4,"Actual Loops": 5,"Filter": "((s_comment)::text ~~ '%Customer%Complaints%'::text)","Rows Removed by Filter": 9996,"Workers": []}]},{"Node Type": "Hash","Parent Relationship": "Inner","Parallel Aware": true,"Async Capable": false,"Startup Cost": 6180.33,"Total Cost": 6180.33,"Plan Rows": 12663,"Plan Width": 40,"Actual Startup Time": 23.116,"Actual Total Time": 23.118,"Actual Rows": 5968,"Actual Loops": 5,"Hash Buckets": 32768,"Original Hash Buckets": 32768,"Hash Batches": 1,"Original Hash Batches": 1,"Peak Memory Usage": 2592,"Workers": [],"Plans": [{"Node Type": "Seq Scan","Parent Relationship": "Outer","Parallel Aware": true,"Async Capable": false,"Relation Name": "part","Alias": "part","Startup Cost": 0.00,"Total Cost": 6180.33,"Plan Rows": 12663,"Plan Width": 40,"Actual Startup Time": 0.055,"Actual Total Time": 19.050,"Actual Rows": 5968,"Actual Loops": 5,"Filter": "((p_brand <> 'Brand#41'::bpchar) AND ((p_type)::text !~~ 'ECONOMY ANODIZED%'::text) AND (p_size = ANY ('{11,50,16,2,10,37,47,25}'::integer[])))","Rows Removed by Filter": 34032,"Workers": []}]}]}]}]}]}]},"Planning Time": 3.974,"Triggers": [],"Execution Time": 240.841}]
[{"Plan": {"Node Type": "Sort","Parallel Aware": false,"Async Capable": false,"Startup Cost": 33262.03,"Total Cost": 33302.05,"Plan Rows": 16008,"Plan Width": 44,"Actual Startup Time": 236.990,"Actual Total Time": 238.934,"Actual Rows": 18177,"Actual Loops": 1,"Sort Key": ["(count(DISTINCT partsupp.ps_suppkey)) DESC", "part.p_brand", "part.p_type", "part.p_size"],"Sort Method": "quicksort","Sort Space Used": 2328,"Sort Space Type": "Memory","Plans": [{"Node Type": "Aggregate","Strategy": "Sorted","Partial Mode": "Simple","Parent Relationship": "Outer","Parallel Aware": false,"Async Capable": false,"Startup Cost": 24260.84,"Total Cost": 32144.15,"Plan Rows": 16008,"Plan Width": 44,"Actual Startup Time": 131.284,"Actual Total Time": 197.129,"Actual Rows": 18177,"Actual Loops": 1,"Group Key": ["part.p_brand", "part.p_type", "part.p_size"],"Plans": [{"Node Type": "Gather Merge","Parent Relationship": "Outer","Parallel Aware": false,"Async Capable": false,"Startup Cost": 24260.84,"Total Cost": 31388.76,"Plan Rows": 59531,"Plan Width": 40,"Actual Startup Time": 131.218,"Actual Total Time": 169.630,"Actual Rows": 119231,"Actual Loops": 1,"Workers Planned": 4,"Workers Launched": 4,"Plans": [{"Node Type": "Sort","Parent Relationship": "Outer","Parallel Aware": false,"Async Capable": false,"Startup Cost": 23260.78,"Total Cost": 23297.99,"Plan Rows": 14883,"Plan Width": 40,"Actual Startup Time": 122.339,"Actual Total Time": 124.943,"Actual Rows": 23846,"Actual Loops": 5,"Sort Key": ["part.p_brand", "part.p_type", "part.p_size"],"Sort Method": "quicksort","Sort Space Used": 2683,"Sort Space Type": "Memory","Workers": [{"Worker Number": 0,"Sort Method": "quicksort","Sort Space Used": 2652,"Sort Space Type": "Memory"},{"Worker Number": 1,"Sort Method": "quicksort","Sort Space Used": 2755,"Sort Space Type": "Memory"},{"Worker Number": 2,"Sort Method": "quicksort","Sort Space Used": 2780,"Sort Space Type": "Memory"},{"Worker Number": 3,"Sort Method": "quicksort","Sort Space Used": 2770,"Sort Space Type": "Memory"}],"Plans": [{"Node Type": "Hash Join","Parent Relationship": "Outer","Parallel Aware": true,"Async Capable": false,"Join Type": "Inner","Startup Cost": 6682.79,"Total Cost": 22229.29,"Plan Rows": 14883,"Plan Width": 40,"Actual Startup Time": 30.491,"Actual Total Time": 80.627,"Actual Rows": 23846,"Actual Loops": 5,"Inner Unique": true,"Hash Cond": "(partsupp.ps_partkey = part.p_partkey)","Workers": [],"Plans": [{"Node Type": "Index Only Scan","Parent Relationship": "Outer","Parallel Aware": true,"Async Capable": false,"Scan Direction": "Forward","Index Name": "partsupp_pkey","Relation Name": "partsupp","Alias": "partsupp","Startup Cost": 347.43,"Total Cost": 15631.43,"Plan Rows": 100000,"Plan Width": 8,"Actual Startup Time": 7.809,"Actual Total Time": 32.502,"Actual Rows": 159936,"Actual Loops": 5,"Filter": "(NOT (hashed SubPlan 1))","Rows Removed by Filter": 64,"Heap Fetches": 0,"Workers": [],"Plans": [{"Node Type": "Seq Scan","Parent Relationship": "SubPlan","Subplan Name": "SubPlan 1","Parallel Aware": false,"Async Capable": false,"Relation Name": "supplier","Alias": "supplier","Startup Cost": 0.00,"Total Cost": 347.00,"Plan Rows": 1,"Plan Width": 4,"Actual Startup Time": 0.160,"Actual Total Time": 7.684,"Actual Rows": 4,"Actual Loops": 5,"Filter": "((s_comment)::text ~~ '%Customer%Complaints%'::text)","Rows Removed by Filter": 9996,"Workers": []}]},{"Node Type": "Hash","Parent Relationship": "Inner","Parallel Aware": true,"Async Capable": false,"Startup Cost": 6180.33,"Total Cost": 6180.33,"Plan Rows": 12402,"Plan Width": 40,"Actual Startup Time": 22.385,"Actual Total Time": 22.388,"Actual Rows": 5963,"Actual Loops": 5,"Hash Buckets": 32768,"Original Hash Buckets": 32768,"Hash Batches": 1,"Original Hash Batches": 1,"Peak Memory Usage": 2560,"Workers": [],"Plans": [{"Node Type": "Seq Scan","Parent Relationship": "Outer","Parallel Aware": true,"Async Capable": false,"Relation Name": "part","Alias": "part","Startup Cost": 0.00,"Total Cost": 6180.33,"Plan Rows": 12402,"Plan Width": 40,"Actual Startup Time": 0.057,"Actual Total Time": 18.801,"Actual Rows": 5963,"Actual Loops": 5,"Filter": "((p_brand <> 'Brand#45'::bpchar) AND ((p_type)::text !~~ 'STANDARD BURNISHED%'::text) AND (p_size = ANY ('{41,18,12,46,38,29,37,13}'::integer[])))","Rows Removed by Filter": 34037,"Workers": []}]}]}]}]}]}]},"Planning Time": 4.796,"Triggers": [],"Execution Time": 240.207}]
[{"Plan": {"Node Type": "Sort","Parallel Aware": false,"Async Capable": false,"Startup Cost": 33617.34,"Total Cost": 33657.98,"Plan Rows": 16259,"Plan Width": 44,"Actual Startup Time": 234.952,"Actual Total Time": 236.566,"Actual Rows": 18318,"Actual Loops": 1,"Sort Key": ["(count(DISTINCT partsupp.ps_suppkey)) DESC", "part.p_brand", "part.p_type", "part.p_size"],"Sort Method": "quicksort","Sort Space Used": 2343,"Sort Space Type": "Memory","Plans": [{"Node Type": "Aggregate","Strategy": "Sorted","Partial Mode": "Simple","Parent Relationship": "Outer","Parallel Aware": false,"Async Capable": false,"Startup Cost": 24308.73,"Total Cost": 32480.10,"Plan Rows": 16259,"Plan Width": 44,"Actual Startup Time": 131.464,"Actual Total Time": 197.682,"Actual Rows": 18318,"Actual Loops": 1,"Group Key": ["part.p_brand", "part.p_type", "part.p_size"],"Plans": [{"Node Type": "Gather Merge","Parent Relationship": "Outer","Parallel Aware": false,"Async Capable": false,"Startup Cost": 24308.73,"Total Cost": 31700.19,"Plan Rows": 61732,"Plan Width": 40,"Actual Startup Time": 131.403,"Actual Total Time": 170.136,"Actual Rows": 118830,"Actual Loops": 1,"Workers Planned": 4,"Workers Launched": 4,"Plans": [{"Node Type": "Sort","Parent Relationship": "Outer","Parallel Aware": false,"Async Capable": false,"Startup Cost": 23308.68,"Total Cost": 23347.26,"Plan Rows": 15433,"Plan Width": 40,"Actual Startup Time": 123.260,"Actual Total Time": 125.689,"Actual Rows": 23766,"Actual Loops": 5,"Sort Key": ["part.p_brand", "part.p_type", "part.p_size"],"Sort Method": "quicksort","Sort Space Used": 2728,"Sort Space Type": "Memory","Workers": [{"Worker Number": 0,"Sort Method": "quicksort","Sort Space Used": 2743,"Sort Space Type": "Memory"},{"Worker Number": 1,"Sort Method": "quicksort","Sort Space Used": 2747,"Sort Space Type": "Memory"},{"Worker Number": 2,"Sort Method": "quicksort","Sort Space Used": 2701,"Sort Space Type": "Memory"},{"Worker Number": 3,"Sort Method": "quicksort","Sort Space Used": 2722,"Sort Space Type": "Memory"}],"Plans": [{"Node Type": "Hash Join","Parent Relationship": "Outer","Parallel Aware": true,"Async Capable": false,"Join Type": "Inner","Startup Cost": 6688.52,"Total Cost": 22235.02,"Plan Rows": 15433,"Plan Width": 40,"Actual Startup Time": 30.673,"Actual Total Time": 81.545,"Actual Rows": 23766,"Actual Loops": 5,"Inner Unique": true,"Hash Cond": "(partsupp.ps_partkey = part.p_partkey)","Workers": [],"Plans": [{"Node Type": "Index Only Scan","Parent Relationship": "Outer","Parallel Aware": true,"Async Capable": false,"Scan Direction": "Forward","Index Name": "partsupp_pkey","Relation Name": "partsupp","Alias": "partsupp","Startup Cost": 347.43,"Total Cost": 15631.43,"Plan Rows": 100000,"Plan Width": 8,"Actual Startup Time": 7.359,"Actual Total Time": 32.739,"Actual Rows": 159936,"Actual Loops": 5,"Filter": "(NOT (hashed SubPlan 1))","Rows Removed by Filter": 64,"Heap Fetches": 0,"Workers": [],"Plans": [{"Node Type": "Seq Scan","Parent Relationship": "SubPlan","Subplan Name": "SubPlan 1","Parallel Aware": false,"Async Capable": false,"Relation Name": "supplier","Alias": "supplier","Startup Cost": 0.00,"Total Cost": 347.00,"Plan Rows": 1,"Plan Width": 4,"Actual Startup Time": 0.215,"Actual Total Time": 7.211,"Actual Rows": 4,"Actual Loops": 5,"Filter": "((s_comment)::text ~~ '%Customer%Complaints%'::text)","Rows Removed by Filter": 9996,"Workers": []}]},{"Node Type": "Hash","Parent Relationship": "Inner","Parallel Aware": true,"Async Capable": false,"Startup Cost": 6180.33,"Total Cost": 6180.33,"Plan Rows": 12861,"Plan Width": 40,"Actual Startup Time": 23.046,"Actual Total Time": 23.050,"Actual Rows": 5944,"Actual Loops": 5,"Hash Buckets": 32768,"Original Hash Buckets": 32768,"Hash Batches": 1,"Original Hash Batches": 1,"Peak Memory Usage": 2560,"Workers": [],"Plans": [{"Node Type": "Seq Scan","Parent Relationship": "Outer","Parallel Aware": true,"Async Capable": false,"Relation Name": "part","Alias": "part","Startup Cost": 0.00,"Total Cost": 6180.33,"Plan Rows": 12861,"Plan Width": 40,"Actual Startup Time": 0.059,"Actual Total Time": 19.073,"Actual Rows": 5944,"Actual Loops": 5,"Filter": "((p_brand <> 'Brand#55'::bpchar) AND ((p_type)::text !~~ 'LARGE PLATED%'::text) AND (p_size = ANY ('{32,34,30,26,40,2,41,49}'::integer[])))","Rows Removed by Filter": 34056,"Workers": []}]}]}]}]}]}]},"Planning Time": 3.935,"Triggers": [],"Execution Time": 237.488}]
[{"Plan": {"Node Type": "Sort","Parallel Aware": false,"Async Capable": false,"Startup Cost": 33346.03,"Total Cost": 33386.20,"Plan Rows": 16068,"Plan Width": 44,"Actual Startup Time": 233.548,"Actual Total Time": 235.379,"Actual Rows": 18396,"Actual Loops": 1,"Sort Key": ["(count(DISTINCT partsupp.ps_suppkey)) DESC", "part.p_brand", "part.p_type", "part.p_size"],"Sort Method": "quicksort","Sort Space Used": 2348,"Sort Space Type": "Memory","Plans": [{"Node Type": "Aggregate","Strategy": "Sorted","Partial Mode": "Simple","Parent Relationship": "Outer","Parallel Aware": false,"Async Capable": false,"Startup Cost": 24272.15,"Total Cost": 32223.53,"Plan Rows": 16068,"Plan Width": 44,"Actual Startup Time": 131.224,"Actual Total Time": 197.397,"Actual Rows": 18396,"Actual Loops": 1,"Group Key": ["part.p_brand", "part.p_type", "part.p_size"],"Plans": [{"Node Type": "Gather Merge","Parent Relationship": "Outer","Parallel Aware": false,"Async Capable": false,"Startup Cost": 24272.15,"Total Cost": 31462.34,"Plan Rows": 60051,"Plan Width": 40,"Actual Startup Time": 131.152,"Actual Total Time": 169.691,"Actual Rows": 119432,"Actual Loops": 1,"Workers Planned": 4,"Workers Launched": 4,"Plans": [{"Node Type": "Sort","Parent Relationship": "Outer","Parallel Aware": false,"Async Capable": false,"Startup Cost": 23272.09,"Total Cost": 23309.63,"Plan Rows": 15013,"Plan Width": 40,"Actual Startup Time": 122.653,"Actual Total Time": 125.247,"Actual Rows": 23886,"Actual Loops": 5,"Sort Key": ["part.p_brand", "part.p_type", "part.p_size"],"Sort Method": "quicksort","Sort Space Used": 2711,"Sort Space Type": "Memory","Workers": [{"Worker Number": 0,"Sort Method": "quicksort","Sort Space Used": 2698,"Sort Space Type": "Memory"},{"Worker Number": 1,"Sort Method": "quicksort","Sort Space Used": 2745,"Sort Space Type": "Memory"},{"Worker Number": 2,"Sort Method": "quicksort","Sort Space Used": 2757,"Sort Space Type": "Memory"},{"Worker Number": 3,"Sort Method": "quicksort","Sort Space Used": 2773,"Sort Space Type": "Memory"}],"Plans": [{"Node Type": "Hash Join","Parent Relationship": "Outer","Parallel Aware": true,"Async Capable": false,"Join Type": "Inner","Startup Cost": 6684.15,"Total Cost": 22230.65,"Plan Rows": 15013,"Plan Width": 40,"Actual Startup Time": 30.094,"Actual Total Time": 80.806,"Actual Rows": 23886,"Actual Loops": 5,"Inner Unique": true,"Hash Cond": "(partsupp.ps_partkey = part.p_partkey)","Workers": [],"Plans": [{"Node Type": "Index Only Scan","Parent Relationship": "Outer","Parallel Aware": true,"Async Capable": false,"Scan Direction": "Forward","Index Name": "partsupp_pkey","Relation Name": "partsupp","Alias": "partsupp","Startup Cost": 347.43,"Total Cost": 15631.43,"Plan Rows": 100000,"Plan Width": 8,"Actual Startup Time": 7.005,"Actual Total Time": 32.168,"Actual Rows": 159936,"Actual Loops": 5,"Filter": "(NOT (hashed SubPlan 1))","Rows Removed by Filter": 64,"Heap Fetches": 0,"Workers": [],"Plans": [{"Node Type": "Seq Scan","Parent Relationship": "SubPlan","Subplan Name": "SubPlan 1","Parallel Aware": false,"Async Capable": false,"Relation Name": "supplier","Alias": "supplier","Startup Cost": 0.00,"Total Cost": 347.00,"Plan Rows": 1,"Plan Width": 4,"Actual Startup Time": 0.203,"Actual Total Time": 6.858,"Actual Rows": 4,"Actual Loops": 5,"Filter": "((s_comment)::text ~~ '%Customer%Complaints%'::text)","Rows Removed by Filter": 9996,"Workers": []}]},{"Node Type": "Hash","Parent Relationship": "Inner","Parallel Aware": true,"Async Capable": false,"Startup Cost": 6180.33,"Total Cost": 6180.33,"Plan Rows": 12511,"Plan Width": 40,"Actual Startup Time": 22.834,"Actual Total Time": 22.837,"Actual Rows": 5974,"Actual Loops": 5,"Hash Buckets": 32768,"Original Hash Buckets": 32768,"Hash Batches": 1,"Original Hash Batches": 1,"Peak Memory Usage": 2592,"Workers": [],"Plans": [{"Node Type": "Seq Scan","Parent Relationship": "Outer","Parallel Aware": true,"Async Capable": false,"Relation Name": "part","Alias": "part","Startup Cost": 0.00,"Total Cost": 6180.33,"Plan Rows": 12511,"Plan Width": 40,"Actual Startup Time": 0.069,"Actual Total Time": 18.893,"Actual Rows": 5974,"Actual Loops": 5,"Filter": "((p_brand <> 'Brand#54'::bpchar) AND ((p_type)::text !~~ 'LARGE BRUSHED%'::text) AND (p_size = ANY ('{32,15,24,3,48,2,20,26}'::integer[])))","Rows Removed by Filter": 34026,"Workers": []}]}]}]}]}]}]},"Planning Time": 5.430,"Triggers": [],"Execution Time": 236.237}]
[{"Plan": {"Node Type": "Sort","Parallel Aware": false,"Async Capable": false,"Startup Cost": 33288.67,"Total Cost": 33328.73,"Plan Rows": 16027,"Plan Width": 44,"Actual Startup Time": 234.970,"Actual Total Time": 236.496,"Actual Rows": 18190,"Actual Loops": 1,"Sort Key": ["(count(DISTINCT partsupp.ps_suppkey)) DESC", "part.p_brand", "part.p_type", "part.p_size"],"Sort Method": "quicksort","Sort Space Used": 2331,"Sort Space Type": "Memory","Plans": [{"Node Type": "Aggregate","Strategy": "Sorted","Partial Mode": "Simple","Parent Relationship": "Outer","Parallel Aware": false,"Async Capable": false,"Startup Cost": 24264.41,"Total Cost": 32169.32,"Plan Rows": 16027,"Plan Width": 44,"Actual Startup Time": 134.131,"Actual Total Time": 199.260,"Actual Rows": 18190,"Actual Loops": 1,"Group Key": ["part.p_brand", "part.p_type", "part.p_size"],"Plans": [{"Node Type": "Gather Merge","Parent Relationship": "Outer","Parallel Aware": false,"Async Capable": false,"Startup Cost": 24264.41,"Total Cost": 31412.09,"Plan Rows": 59696,"Plan Width": 40,"Actual Startup Time": 134.056,"Actual Total Time": 171.802,"Actual Rows": 118624,"Actual Loops": 1,"Workers Planned": 4,"Workers Launched": 4,"Plans": [{"Node Type": "Sort","Parent Relationship": "Outer","Parallel Aware": false,"Async Capable": false,"Startup Cost": 23264.36,"Total Cost": 23301.67,"Plan Rows": 14924,"Plan Width": 40,"Actual Startup Time": 121.180,"Actual Total Time": 123.997,"Actual Rows": 23725,"Actual Loops": 5,"Sort Key": ["part.p_brand", "part.p_type", "part.p_size"],"Sort Method": "quicksort","Sort Space Used": 2432,"Sort Space Type": "Memory","Workers": [{"Worker Number": 0,"Sort Method": "quicksort","Sort Space Used": 2899,"Sort Space Type": "Memory"},{"Worker Number": 1,"Sort Method": "quicksort","Sort Space Used": 2902,"Sort Space Type": "Memory"},{"Worker Number": 2,"Sort Method": "quicksort","Sort Space Used": 2489,"Sort Space Type": "Memory"},{"Worker Number": 3,"Sort Method": "quicksort","Sort Space Used": 2885,"Sort Space Type": "Memory"}],"Plans": [{"Node Type": "Hash Join","Parent Relationship": "Outer","Parallel Aware": true,"Async Capable": false,"Join Type": "Inner","Startup Cost": 6683.22,"Total Cost": 22229.72,"Plan Rows": 14924,"Plan Width": 40,"Actual Startup Time": 29.511,"Actual Total Time": 79.143,"Actual Rows": 23725,"Actual Loops": 5,"Inner Unique": true,"Hash Cond": "(partsupp.ps_partkey = part.p_partkey)","Workers": [],"Plans": [{"Node Type": "Index Only Scan","Parent Relationship": "Outer","Parallel Aware": true,"Async Capable": false,"Scan Direction": "Forward","Index Name": "partsupp_pkey","Relation Name": "partsupp","Alias": "partsupp","Startup Cost": 347.43,"Total Cost": 15631.43,"Plan Rows": 100000,"Plan Width": 8,"Actual Startup Time": 6.976,"Actual Total Time": 32.197,"Actual Rows": 159936,"Actual Loops": 5,"Filter": "(NOT (hashed SubPlan 1))","Rows Removed by Filter": 64,"Heap Fetches": 0,"Workers": [],"Plans": [{"Node Type": "Seq Scan","Parent Relationship": "SubPlan","Subplan Name": "SubPlan 1","Parallel Aware": false,"Async Capable": false,"Relation Name": "supplier","Alias": "supplier","Startup Cost": 0.00,"Total Cost": 347.00,"Plan Rows": 1,"Plan Width": 4,"Actual Startup Time": 0.136,"Actual Total Time": 6.806,"Actual Rows": 4,"Actual Loops": 5,"Filter": "((s_comment)::text ~~ '%Customer%Complaints%'::text)","Rows Removed by Filter": 9996,"Workers": []}]},{"Node Type": "Hash","Parent Relationship": "Inner","Parallel Aware": true,"Async Capable": false,"Startup Cost": 6180.33,"Total Cost": 6180.33,"Plan Rows": 12437,"Plan Width": 40,"Actual Startup Time": 22.298,"Actual Total Time": 22.301,"Actual Rows": 5933,"Actual Loops": 5,"Hash Buckets": 32768,"Original Hash Buckets": 32768,"Hash Batches": 1,"Original Hash Batches": 1,"Peak Memory Usage": 2528,"Workers": [],"Plans": [{"Node Type": "Seq Scan","Parent Relationship": "Outer","Parallel Aware": true,"Async Capable": false,"Relation Name": "part","Alias": "part","Startup Cost": 0.00,"Total Cost": 6180.33,"Plan Rows": 12437,"Plan Width": 40,"Actual Startup Time": 0.055,"Actual Total Time": 18.412,"Actual Rows": 5933,"Actual Loops": 5,"Filter": "((p_brand <> 'Brand#35'::bpchar) AND ((p_type)::text !~~ 'LARGE ANODIZED%'::text) AND (p_size = ANY ('{22,48,15,32,27,40,34,29}'::integer[])))","Rows Removed by Filter": 34067,"Workers": []}]}]}]}]}]}]},"Planning Time": 3.975,"Triggers": [],"Execution Time": 237.377}]
[{"Plan": {"Node Type": "Sort","Parallel Aware": false,"Async Capable": false,"Startup Cost": 33368.02,"Total Cost": 33408.23,"Plan Rows": 16084,"Plan Width": 44,"Actual Startup Time": 234.882,"Actual Total Time": 236.723,"Actual Rows": 18228,"Actual Loops": 1,"Sort Key": ["(count(DISTINCT partsupp.ps_suppkey)) DESC", "part.p_brand", "part.p_type", "part.p_size"],"Sort Method": "quicksort","Sort Space Used": 2335,"Sort Space Type": "Memory","Plans": [{"Node Type": "Aggregate","Strategy": "Sorted","Partial Mode": "Simple","Parent Relationship": "Outer","Parallel Aware": false,"Async Capable": false,"Startup Cost": 24275.11,"Total Cost": 32244.29,"Plan Rows": 16084,"Plan Width": 44,"Actual Startup Time": 130.931,"Actual Total Time": 196.996,"Actual Rows": 18228,"Actual Loops": 1,"Group Key": ["part.p_brand", "part.p_type", "part.p_size"],"Plans": [{"Node Type": "Gather Merge","Parent Relationship": "Outer","Parallel Aware": false,"Async Capable": false,"Startup Cost": 24275.11,"Total Cost": 31481.58,"Plan Rows": 60187,"Plan Width": 40,"Actual Startup Time": 130.860,"Actual Total Time": 169.515,"Actual Rows": 119055,"Actual Loops": 1,"Workers Planned": 4,"Workers Launched": 4,"Plans": [{"Node Type": "Sort","Parent Relationship": "Outer","Parallel Aware": false,"Async Capable": false,"Startup Cost": 23275.05,"Total Cost": 23312.67,"Plan Rows": 15047,"Plan Width": 40,"Actual Startup Time": 122.895,"Actual Total Time": 125.476,"Actual Rows": 23811,"Actual Loops": 5,"Sort Key": ["part.p_brand", "part.p_type", "part.p_size"],"Sort Method": "quicksort","Sort Space Used": 2709,"Sort Space Type": "Memory","Workers": [{"Worker Number": 0,"Sort Method": "quicksort","Sort Space Used": 2726,"Sort Space Type": "Memory"},{"Worker Number": 1,"Sort Method": "quicksort","Sort Space Used": 2704,"Sort Space Type": "Memory"},{"Worker Number": 2,"Sort Method": "quicksort","Sort Space Used": 2756,"Sort Space Type": "Memory"},{"Worker Number": 3,"Sort Method": "quicksort","Sort Space Used": 2762,"Sort Space Type": "Memory"}],"Plans": [{"Node Type": "Hash Join","Parent Relationship": "Outer","Parallel Aware": true,"Async Capable": false,"Join Type": "Inner","Startup Cost": 6684.50,"Total Cost": 22231.00,"Plan Rows": 15047,"Plan Width": 40,"Actual Startup Time": 30.319,"Actual Total Time": 80.791,"Actual Rows": 23811,"Actual Loops": 5,"Inner Unique": true,"Hash Cond": "(partsupp.ps_partkey = part.p_partkey)","Workers": [],"Plans": [{"Node Type": "Index Only Scan","Parent Relationship": "Outer","Parallel Aware": true,"Async Capable": false,"Scan Direction": "Forward","Index Name": "partsupp_pkey","Relation Name": "partsupp","Alias": "partsupp","Startup Cost": 347.43,"Total Cost": 15631.43,"Plan Rows": 100000,"Plan Width": 8,"Actual Startup Time": 7.069,"Actual Total Time": 32.139,"Actual Rows": 159936,"Actual Loops": 5,"Filter": "(NOT (hashed SubPlan 1))","Rows Removed by Filter": 64,"Heap Fetches": 0,"Workers": [],"Plans": [{"Node Type": "Seq Scan","Parent Relationship": "SubPlan","Subplan Name": "SubPlan 1","Parallel Aware": false,"Async Capable": false,"Relation Name": "supplier","Alias": "supplier","Startup Cost": 0.00,"Total Cost": 347.00,"Plan Rows": 1,"Plan Width": 4,"Actual Startup Time": 0.135,"Actual Total Time": 6.932,"Actual Rows": 4,"Actual Loops": 5,"Filter": "((s_comment)::text ~~ '%Customer%Complaints%'::text)","Rows Removed by Filter": 9996,"Workers": []}]},{"Node Type": "Hash","Parent Relationship": "Inner","Parallel Aware": true,"Async Capable": false,"Startup Cost": 6180.33,"Total Cost": 6180.33,"Plan Rows": 12539,"Plan Width": 40,"Actual Startup Time": 22.991,"Actual Total Time": 22.994,"Actual Rows": 5955,"Actual Loops": 5,"Hash Buckets": 32768,"Original Hash Buckets": 32768,"Hash Batches": 1,"Original Hash Batches": 1,"Peak Memory Usage": 2592,"Workers": [],"Plans": [{"Node Type": "Seq Scan","Parent Relationship": "Outer","Parallel Aware": true,"Async Capable": false,"Relation Name": "part","Alias": "part","Startup Cost": 0.00,"Total Cost": 6180.33,"Plan Rows": 12539,"Plan Width": 40,"Actual Startup Time": 0.060,"Actual Total Time": 18.884,"Actual Rows": 5955,"Actual Loops": 5,"Filter": "((p_brand <> 'Brand#14'::bpchar) AND ((p_type)::text !~~ 'LARGE PLATED%'::text) AND (p_size = ANY ('{35,41,6,22,15,21,30,28}'::integer[])))","Rows Removed by Filter": 34045,"Workers": []}]}]}]}]}]}]},"Planning Time": 3.829,"Triggers": [],"Execution Time": 237.636}]
[{"Plan": {"Node Type": "Sort","Parallel Aware": false,"Async Capable": false,"Startup Cost": 32829.98,"Total Cost": 32869.19,"Plan Rows": 15684,"Plan Width": 44,"Actual Startup Time": 250.694,"Actual Total Time": 252.313,"Actual Rows": 18212,"Actual Loops": 1,"Sort Key": ["(count(DISTINCT partsupp.ps_suppkey)) DESC", "part.p_brand", "part.p_type", "part.p_size"],"Sort Method": "quicksort","Sort Space Used": 2333,"Sort Space Type": "Memory","Plans": [{"Node Type": "Aggregate","Strategy": "Sorted","Partial Mode": "Simple","Parent Relationship": "Outer","Parallel Aware": false,"Async Capable": false,"Startup Cost": 24202.97,"Total Cost": 31737.04,"Plan Rows": 15684,"Plan Width": 44,"Actual Startup Time": 142.841,"Actual Total Time": 212.016,"Actual Rows": 18212,"Actual Loops": 1,"Group Key": ["part.p_brand", "part.p_type", "part.p_size"],"Plans": [{"Node Type": "Gather Merge","Parent Relationship": "Outer","Parallel Aware": false,"Async Capable": false,"Startup Cost": 24202.97,"Total Cost": 31011.56,"Plan Rows": 56864,"Plan Width": 40,"Actual Startup Time": 142.787,"Actual Total Time": 183.063,"Actual Rows": 117691,"Actual Loops": 1,"Workers Planned": 4,"Workers Launched": 4,"Plans": [{"Node Type": "Sort","Parent Relationship": "Outer","Parallel Aware": false,"Async Capable": false,"Startup Cost": 23202.91,"Total Cost": 23238.45,"Plan Rows": 14216,"Plan Width": 40,"Actual Startup Time": 123.269,"Actual Total Time": 126.087,"Actual Rows": 23538,"Actual Loops": 5,"Sort Key": ["part.p_brand", "part.p_type", "part.p_size"],"Sort Method": "quicksort","Sort Space Used": 1695,"Sort Space Type": "Memory","Workers": [{"Worker Number": 0,"Sort Method": "quicksort","Sort Space Used": 2886,"Sort Space Type": "Memory"},{"Worker Number": 1,"Sort Method": "quicksort","Sort Space Used": 2879,"Sort Space Type": "Memory"},{"Worker Number": 2,"Sort Method": "quicksort","Sort Space Used": 2827,"Sort Space Type": "Memory"},{"Worker Number": 3,"Sort Method": "quicksort","Sort Space Used": 2846,"Sort Space Type": "Memory"}],"Plans": [{"Node Type": "Hash Join","Parent Relationship": "Outer","Parallel Aware": true,"Async Capable": false,"Join Type": "Inner","Startup Cost": 6675.85,"Total Cost": 22222.35,"Plan Rows": 14216,"Plan Width": 40,"Actual Startup Time": 30.613,"Actual Total Time": 79.757,"Actual Rows": 23538,"Actual Loops": 5,"Inner Unique": true,"Hash Cond": "(partsupp.ps_partkey = part.p_partkey)","Workers": [],"Plans": [{"Node Type": "Index Only Scan","Parent Relationship": "Outer","Parallel Aware": true,"Async Capable": false,"Scan Direction": "Forward","Index Name": "partsupp_pkey","Relation Name": "partsupp","Alias": "partsupp","Startup Cost": 347.43,"Total Cost": 15631.43,"Plan Rows": 100000,"Plan Width": 8,"Actual Startup Time": 7.064,"Actual Total Time": 32.676,"Actual Rows": 159936,"Actual Loops": 5,"Filter": "(NOT (hashed SubPlan 1))","Rows Removed by Filter": 64,"Heap Fetches": 0,"Workers": [],"Plans": [{"Node Type": "Seq Scan","Parent Relationship": "SubPlan","Subplan Name": "SubPlan 1","Parallel Aware": false,"Async Capable": false,"Relation Name": "supplier","Alias": "supplier","Startup Cost": 0.00,"Total Cost": 347.00,"Plan Rows": 1,"Plan Width": 4,"Actual Startup Time": 0.152,"Actual Total Time": 6.890,"Actual Rows": 4,"Actual Loops": 5,"Filter": "((s_comment)::text ~~ '%Customer%Complaints%'::text)","Rows Removed by Filter": 9996,"Workers": []}]},{"Node Type": "Hash","Parent Relationship": "Inner","Parallel Aware": true,"Async Capable": false,"Startup Cost": 6180.33,"Total Cost": 6180.33,"Plan Rows": 11847,"Plan Width": 40,"Actual Startup Time": 23.254,"Actual Total Time": 23.259,"Actual Rows": 5886,"Actual Loops": 5,"Hash Buckets": 32768,"Original Hash Buckets": 32768,"Hash Batches": 1,"Original Hash Batches": 1,"Peak Memory Usage": 2528,"Workers": [],"Plans": [{"Node Type": "Seq Scan","Parent Relationship": "Outer","Parallel Aware": true,"Async Capable": false,"Relation Name": "part","Alias": "part","Startup Cost": 0.00,"Total Cost": 6180.33,"Plan Rows": 11847,"Plan Width": 40,"Actual Startup Time": 0.062,"Actual Total Time": 19.446,"Actual Rows": 5886,"Actual Loops": 5,"Filter": "((p_brand <> 'Brand#53'::bpchar) AND ((p_type)::text !~~ 'MEDIUM POLISHED%'::text) AND (p_size = ANY ('{20,27,23,49,40,36,24,35}'::integer[])))","Rows Removed by Filter": 34114,"Workers": []}]}]}]}]}]}]},"Planning Time": 5.147,"Triggers": [],"Execution Time": 253.285}]
[{"Plan": {"Node Type": "Sort","Parallel Aware": false,"Async Capable": false,"Startup Cost": 33619.97,"Total Cost": 33660.62,"Plan Rows": 16260,"Plan Width": 44,"Actual Startup Time": 246.133,"Actual Total Time": 247.917,"Actual Rows": 18248,"Actual Loops": 1,"Sort Key": ["(count(DISTINCT partsupp.ps_suppkey)) DESC", "part.p_brand", "part.p_type", "part.p_size"],"Sort Method": "quicksort","Sort Space Used": 2336,"Sort Space Type": "Memory","Plans": [{"Node Type": "Aggregate","Strategy": "Sorted","Partial Mode": "Simple","Parent Relationship": "Outer","Parallel Aware": false,"Async Capable": false,"Startup Cost": 24309.08,"Total Cost": 32482.66,"Plan Rows": 16260,"Plan Width": 44,"Actual Startup Time": 137.572,"Actual Total Time": 207.915,"Actual Rows": 18248,"Actual Loops": 1,"Group Key": ["part.p_brand", "part.p_type", "part.p_size"],"Plans": [{"Node Type": "Gather Merge","Parent Relationship": "Outer","Parallel Aware": false,"Async Capable": false,"Startup Cost": 24309.08,"Total Cost": 31702.57,"Plan Rows": 61749,"Plan Width": 40,"Actual Startup Time": 137.516,"Actual Total Time": 178.648,"Actual Rows": 118381,"Actual Loops": 1,"Workers Planned": 4,"Workers Launched": 4,"Plans": [{"Node Type": "Sort","Parent Relationship": "Outer","Parallel Aware": false,"Async Capable": false,"Startup Cost": 23309.02,"Total Cost": 23347.61,"Plan Rows": 15437,"Plan Width": 40,"Actual Startup Time": 125.079,"Actual Total Time": 127.847,"Actual Rows": 23676,"Actual Loops": 5,"Sort Key": ["part.p_brand", "part.p_type", "part.p_size"],"Sort Method": "quicksort","Sort Space Used": 2606,"Sort Space Type": "Memory","Workers": [{"Worker Number": 0,"Sort Method": "quicksort","Sort Space Used": 2937,"Sort Space Type": "Memory"},{"Worker Number": 1,"Sort Method": "quicksort","Sort Space Used": 2458,"Sort Space Type": "Memory"},{"Worker Number": 2,"Sort Method": "quicksort","Sort Space Used": 2589,"Sort Space Type": "Memory"},{"Worker Number": 3,"Sort Method": "quicksort","Sort Space Used": 2985,"Sort Space Type": "Memory"}],"Plans": [{"Node Type": "Hash Join","Parent Relationship": "Outer","Parallel Aware": true,"Async Capable": false,"Join Type": "Inner","Startup Cost": 6688.56,"Total Cost": 22235.06,"Plan Rows": 15437,"Plan Width": 40,"Actual Startup Time": 29.642,"Actual Total Time": 82.918,"Actual Rows": 23676,"Actual Loops": 5,"Inner Unique": true,"Hash Cond": "(partsupp.ps_partkey = part.p_partkey)","Workers": [],"Plans": [{"Node Type": "Index Only Scan","Parent Relationship": "Outer","Parallel Aware": true,"Async Capable": false,"Scan Direction": "Forward","Index Name": "partsupp_pkey","Relation Name": "partsupp","Alias": "partsupp","Startup Cost": 347.43,"Total Cost": 15631.43,"Plan Rows": 100000,"Plan Width": 8,"Actual Startup Time": 7.216,"Actual Total Time": 35.294,"Actual Rows": 159936,"Actual Loops": 5,"Filter": "(NOT (hashed SubPlan 1))","Rows Removed by Filter": 64,"Heap Fetches": 0,"Workers": [],"Plans": [{"Node Type": "Seq Scan","Parent Relationship": "SubPlan","Subplan Name": "SubPlan 1","Parallel Aware": false,"Async Capable": false,"Relation Name": "supplier","Alias": "supplier","Startup Cost": 0.00,"Total Cost": 347.00,"Plan Rows": 1,"Plan Width": 4,"Actual Startup Time": 0.141,"Actual Total Time": 7.049,"Actual Rows": 4,"Actual Loops": 5,"Filter": "((s_comment)::text ~~ '%Customer%Complaints%'::text)","Rows Removed by Filter": 9996,"Workers": []}]},{"Node Type": "Hash","Parent Relationship": "Inner","Parallel Aware": true,"Async Capable": false,"Startup Cost": 6180.33,"Total Cost": 6180.33,"Plan Rows": 12864,"Plan Width": 40,"Actual Startup Time": 22.125,"Actual Total Time": 22.128,"Actual Rows": 5922,"Actual Loops": 5,"Hash Buckets": 32768,"Original Hash Buckets": 32768,"Hash Batches": 1,"Original Hash Batches": 1,"Peak Memory Usage": 2528,"Workers": [],"Plans": [{"Node Type": "Seq Scan","Parent Relationship": "Outer","Parallel Aware": true,"Async Capable": false,"Relation Name": "part","Alias": "part","Startup Cost": 0.00,"Total Cost": 6180.33,"Plan Rows": 12864,"Plan Width": 40,"Actual Startup Time": 0.043,"Actual Total Time": 18.444,"Actual Rows": 5922,"Actual Loops": 5,"Filter": "((p_brand <> 'Brand#32'::bpchar) AND ((p_type)::text !~~ 'MEDIUM BURNISHED%'::text) AND (p_size = ANY ('{28,21,32,43,30,34,2,15}'::integer[])))","Rows Removed by Filter": 34078,"Workers": []}]}]}]}]}]}]},"Planning Time": 4.596,"Triggers": [],"Execution Time": 248.810}]
[{"Plan": {"Node Type": "Sort","Parallel Aware": false,"Async Capable": false,"Startup Cost": 33380.58,"Total Cost": 33420.81,"Plan Rows": 16093,"Plan Width": 44,"Actual Startup Time": 248.299,"Actual Total Time": 250.103,"Actual Rows": 18261,"Actual Loops": 1,"Sort Key": ["(count(DISTINCT partsupp.ps_suppkey)) DESC", "part.p_brand", "part.p_type", "part.p_size"],"Sort Method": "quicksort","Sort Space Used": 2337,"Sort Space Type": "Memory","Plans": [{"Node Type": "Aggregate","Strategy": "Sorted","Partial Mode": "Simple","Parent Relationship": "Outer","Parallel Aware": false,"Async Capable": false,"Startup Cost": 24276.76,"Total Cost": 32256.15,"Plan Rows": 16093,"Plan Width": 44,"Actual Startup Time": 140.942,"Actual Total Time": 210.361,"Actual Rows": 18261,"Actual Loops": 1,"Group Key": ["part.p_brand", "part.p_type", "part.p_size"],"Plans": [{"Node Type": "Gather Merge","Parent Relationship": "Outer","Parallel Aware": false,"Async Capable": false,"Startup Cost": 24276.76,"Total Cost": 31492.57,"Plan Rows": 60265,"Plan Width": 40,"Actual Startup Time": 140.878,"Actual Total Time": 181.366,"Actual Rows": 118496,"Actual Loops": 1,"Workers Planned": 4,"Workers Launched": 4,"Plans": [{"Node Type": "Sort","Parent Relationship": "Outer","Parallel Aware": false,"Async Capable": false,"Startup Cost": 23276.70,"Total Cost": 23314.37,"Plan Rows": 15066,"Plan Width": 40,"Actual Startup Time": 122.509,"Actual Total Time": 125.423,"Actual Rows": 23699,"Actual Loops": 5,"Sort Key": ["part.p_brand", "part.p_type", "part.p_size"],"Sort Method": "quicksort","Sort Space Used": 2383,"Sort Space Type": "Memory","Workers": [{"Worker Number": 0,"Sort Method": "quicksort","Sort Space Used": 2833,"Sort Space Type": "Memory"},{"Worker Number": 1,"Sort Method": "quicksort","Sort Space Used": 2781,"Sort Space Type": "Memory"},{"Worker Number": 2,"Sort Method": "quicksort","Sort Space Used": 2779,"Sort Space Type": "Memory"},{"Worker Number": 3,"Sort Method": "quicksort","Sort Space Used": 2810,"Sort Space Type": "Memory"}],"Plans": [{"Node Type": "Hash Join","Parent Relationship": "Outer","Parallel Aware": true,"Async Capable": false,"Join Type": "Inner","Startup Cost": 6684.70,"Total Cost": 22231.20,"Plan Rows": 15066,"Plan Width": 40,"Actual Startup Time": 28.926,"Actual Total Time": 78.287,"Actual Rows": 23699,"Actual Loops": 5,"Inner Unique": true,"Hash Cond": "(partsupp.ps_partkey = part.p_partkey)","Workers": [],"Plans": [{"Node Type": "Index Only Scan","Parent Relationship": "Outer","Parallel Aware": true,"Async Capable": false,"Scan Direction": "Forward","Index Name": "partsupp_pkey","Relation Name": "partsupp","Alias": "partsupp","Startup Cost": 347.43,"Total Cost": 15631.43,"Plan Rows": 100000,"Plan Width": 8,"Actual Startup Time": 6.879,"Actual Total Time": 32.569,"Actual Rows": 159936,"Actual Loops": 5,"Filter": "(NOT (hashed SubPlan 1))","Rows Removed by Filter": 64,"Heap Fetches": 0,"Workers": [],"Plans": [{"Node Type": "Seq Scan","Parent Relationship": "SubPlan","Subplan Name": "SubPlan 1","Parallel Aware": false,"Async Capable": false,"Relation Name": "supplier","Alias": "supplier","Startup Cost": 0.00,"Total Cost": 347.00,"Plan Rows": 1,"Plan Width": 4,"Actual Startup Time": 0.220,"Actual Total Time": 6.750,"Actual Rows": 4,"Actual Loops": 5,"Filter": "((s_comment)::text ~~ '%Customer%Complaints%'::text)","Rows Removed by Filter": 9996,"Workers": []}]},{"Node Type": "Hash","Parent Relationship": "Inner","Parallel Aware": true,"Async Capable": false,"Startup Cost": 6180.33,"Total Cost": 6180.33,"Plan Rows": 12555,"Plan Width": 40,"Actual Startup Time": 21.785,"Actual Total Time": 21.791,"Actual Rows": 5927,"Actual Loops": 5,"Hash Buckets": 32768,"Original Hash Buckets": 32768,"Hash Batches": 1,"Original Hash Batches": 1,"Peak Memory Usage": 2560,"Workers": [],"Plans": [{"Node Type": "Seq Scan","Parent Relationship": "Outer","Parallel Aware": true,"Async Capable": false,"Relation Name": "part","Alias": "part","Startup Cost": 0.00,"Total Cost": 6180.33,"Plan Rows": 12555,"Plan Width": 40,"Actual Startup Time": 0.059,"Actual Total Time": 18.084,"Actual Rows": 5927,"Actual Loops": 5,"Filter": "((p_brand <> 'Brand#42'::bpchar) AND ((p_type)::text !~~ 'ECONOMY ANODIZED%'::text) AND (p_size = ANY ('{2,4,28,46,31,9,22,34}'::integer[])))","Rows Removed by Filter": 34073,"Workers": []}]}]}]}]}]}]},"Planning Time": 5.236,"Triggers": [],"Execution Time": 250.986}]
[{"Plan": {"Node Type": "Sort","Parallel Aware": false,"Async Capable": false,"Startup Cost": 33232.82,"Total Cost": 33272.78,"Plan Rows": 15987,"Plan Width": 44,"Actual Startup Time": 232.259,"Actual Total Time": 234.153,"Actual Rows": 18279,"Actual Loops": 1,"Sort Key": ["(count(DISTINCT partsupp.ps_suppkey)) DESC", "part.p_brand", "part.p_type", "part.p_size"],"Sort Method": "quicksort","Sort Space Used": 2338,"Sort Space Type": "Memory","Plans": [{"Node Type": "Aggregate","Strategy": "Sorted","Partial Mode": "Simple","Parent Relationship": "Outer","Parallel Aware": false,"Async Capable": false,"Startup Cost": 24256.93,"Total Cost": 32116.56,"Plan Rows": 15987,"Plan Width": 44,"Actual Startup Time": 128.977,"Actual Total Time": 195.200,"Actual Rows": 18279,"Actual Loops": 1,"Group Key": ["part.p_brand", "part.p_type", "part.p_size"],"Plans": [{"Node Type": "Gather Merge","Parent Relationship": "Outer","Parallel Aware": false,"Async Capable": false,"Startup Cost": 24256.93,"Total Cost": 31363.19,"Plan Rows": 59350,"Plan Width": 40,"Actual Startup Time": 128.908,"Actual Total Time": 167.686,"Actual Rows": 119026,"Actual Loops": 1,"Workers Planned": 4,"Workers Launched": 4,"Plans": [{"Node Type": "Sort","Parent Relationship": "Outer","Parallel Aware": false,"Async Capable": false,"Startup Cost": 23256.87,"Total Cost": 23293.97,"Plan Rows": 14838,"Plan Width": 40,"Actual Startup Time": 120.768,"Actual Total Time": 123.402,"Actual Rows": 23805,"Actual Loops": 5,"Sort Key": ["part.p_brand", "part.p_type", "part.p_size"],"Sort Method": "quicksort","Sort Space Used": 2682,"Sort Space Type": "Memory","Workers": [{"Worker Number": 0,"Sort Method": "quicksort","Sort Space Used": 2767,"Sort Space Type": "Memory"},{"Worker Number": 1,"Sort Method": "quicksort","Sort Space Used": 2716,"Sort Space Type": "Memory"},{"Worker Number": 2,"Sort Method": "quicksort","Sort Space Used": 2709,"Sort Space Type": "Memory"},{"Worker Number": 3,"Sort Method": "quicksort","Sort Space Used": 2759,"Sort Space Type": "Memory"}],"Plans": [{"Node Type": "Hash Join","Parent Relationship": "Outer","Parallel Aware": true,"Async Capable": false,"Join Type": "Inner","Startup Cost": 6682.32,"Total Cost": 22228.82,"Plan Rows": 14838,"Plan Width": 40,"Actual Startup Time": 29.320,"Actual Total Time": 79.141,"Actual Rows": 23805,"Actual Loops": 5,"Inner Unique": true,"Hash Cond": "(partsupp.ps_partkey = part.p_partkey)","Workers": [],"Plans": [{"Node Type": "Index Only Scan","Parent Relationship": "Outer","Parallel Aware": true,"Async Capable": false,"Scan Direction": "Forward","Index Name": "partsupp_pkey","Relation Name": "partsupp","Alias": "partsupp","Startup Cost": 347.43,"Total Cost": 15631.43,"Plan Rows": 100000,"Plan Width": 8,"Actual Startup Time": 7.284,"Actual Total Time": 31.999,"Actual Rows": 159936,"Actual Loops": 5,"Filter": "(NOT (hashed SubPlan 1))","Rows Removed by Filter": 64,"Heap Fetches": 0,"Workers": [],"Plans": [{"Node Type": "Seq Scan","Parent Relationship": "SubPlan","Subplan Name": "SubPlan 1","Parallel Aware": false,"Async Capable": false,"Relation Name": "supplier","Alias": "supplier","Startup Cost": 0.00,"Total Cost": 347.00,"Plan Rows": 1,"Plan Width": 4,"Actual Startup Time": 0.137,"Actual Total Time": 7.171,"Actual Rows": 4,"Actual Loops": 5,"Filter": "((s_comment)::text ~~ '%Customer%Complaints%'::text)","Rows Removed by Filter": 9996,"Workers": []}]},{"Node Type": "Hash","Parent Relationship": "Inner","Parallel Aware": true,"Async Capable": false,"Startup Cost": 6180.33,"Total Cost": 6180.33,"Plan Rows": 12365,"Plan Width": 40,"Actual Startup Time": 21.747,"Actual Total Time": 21.750,"Actual Rows": 5954,"Actual Loops": 5,"Hash Buckets": 32768,"Original Hash Buckets": 32768,"Hash Batches": 1,"Original Hash Batches": 1,"Peak Memory Usage": 2560,"Workers": [],"Plans": [{"Node Type": "Seq Scan","Parent Relationship": "Outer","Parallel Aware": true,"Async Capable": false,"Relation Name": "part","Alias": "part","Startup Cost": 0.00,"Total Cost": 6180.33,"Plan Rows": 12365,"Plan Width": 40,"Actual Startup Time": 0.060,"Actual Total Time": 18.357,"Actual Rows": 5954,"Actual Loops": 5,"Filter": "((p_brand <> 'Brand#43'::bpchar) AND ((p_type)::text !~~ 'SMALL BURNISHED%'::text) AND (p_size = ANY ('{34,30,27,40,31,16,33,44}'::integer[])))","Rows Removed by Filter": 34046,"Workers": []}]}]}]}]}]}]},"Planning Time": 3.842,"Triggers": [],"Execution Time": 235.336}]
[{"Plan": {"Node Type": "Sort","Parallel Aware": false,"Async Capable": false,"Startup Cost": 33254.80,"Total Cost": 33294.81,"Plan Rows": 16003,"Plan Width": 44,"Actual Startup Time": 249.421,"Actual Total Time": 251.164,"Actual Rows": 18245,"Actual Loops": 1,"Sort Key": ["(count(DISTINCT partsupp.ps_suppkey)) DESC", "part.p_brand", "part.p_type", "part.p_size"],"Sort Method": "quicksort","Sort Space Used": 2336,"Sort Space Type": "Memory","Plans": [{"Node Type": "Aggregate","Strategy": "Sorted","Partial Mode": "Simple","Parent Relationship": "Outer","Parallel Aware": false,"Async Capable": false,"Startup Cost": 24259.88,"Total Cost": 32137.31,"Plan Rows": 16003,"Plan Width": 44,"Actual Startup Time": 136.784,"Actual Total Time": 211.341,"Actual Rows": 18245,"Actual Loops": 1,"Group Key": ["part.p_brand", "part.p_type", "part.p_size"],"Plans": [{"Node Type": "Gather Merge","Parent Relationship": "Outer","Parallel Aware": false,"Async Capable": false,"Startup Cost": 24259.88,"Total Cost": 31382.42,"Plan Rows": 59486,"Plan Width": 40,"Actual Startup Time": 136.715,"Actual Total Time": 180.096,"Actual Rows": 119055,"Actual Loops": 1,"Workers Planned": 4,"Workers Launched": 4,"Plans": [{"Node Type": "Sort","Parent Relationship": "Outer","Parallel Aware": false,"Async Capable": false,"Startup Cost": 23259.83,"Total Cost": 23297.01,"Plan Rows": 14872,"Plan Width": 40,"Actual Startup Time": 124.678,"Actual Total Time": 127.360,"Actual Rows": 23811,"Actual Loops": 5,"Sort Key": ["part.p_brand", "part.p_type", "part.p_size"],"Sort Method": "quicksort","Sort Space Used": 2425,"Sort Space Type": "Memory","Workers": [{"Worker Number": 0,"Sort Method": "quicksort","Sort Space Used": 2898,"Sort Space Type": "Memory"},{"Worker Number": 1,"Sort Method": "quicksort","Sort Space Used": 2894,"Sort Space Type": "Memory"},{"Worker Number": 2,"Sort Method": "quicksort","Sort Space Used": 2577,"Sort Space Type": "Memory"},{"Worker Number": 3,"Sort Method": "quicksort","Sort Space Used": 2851,"Sort Space Type": "Memory"}],"Plans": [{"Node Type": "Hash Join","Parent Relationship": "Outer","Parallel Aware": true,"Async Capable": false,"Join Type": "Inner","Startup Cost": 6682.67,"Total Cost": 22229.17,"Plan Rows": 14872,"Plan Width": 40,"Actual Startup Time": 30.850,"Actual Total Time": 81.753,"Actual Rows": 23811,"Actual Loops": 5,"Inner Unique": true,"Hash Cond": "(partsupp.ps_partkey = part.p_partkey)","Workers": [],"Plans": [{"Node Type": "Index Only Scan","Parent Relationship": "Outer","Parallel Aware": true,"Async Capable": false,"Scan Direction": "Forward","Index Name": "partsupp_pkey","Relation Name": "partsupp","Alias": "partsupp","Startup Cost": 347.43,"Total Cost": 15631.43,"Plan Rows": 100000,"Plan Width": 8,"Actual Startup Time": 7.592,"Actual Total Time": 33.951,"Actual Rows": 159936,"Actual Loops": 5,"Filter": "(NOT (hashed SubPlan 1))","Rows Removed by Filter": 64,"Heap Fetches": 0,"Workers": [],"Plans": [{"Node Type": "Seq Scan","Parent Relationship": "SubPlan","Subplan Name": "SubPlan 1","Parallel Aware": false,"Async Capable": false,"Relation Name": "supplier","Alias": "supplier","Startup Cost": 0.00,"Total Cost": 347.00,"Plan Rows": 1,"Plan Width": 4,"Actual Startup Time": 0.201,"Actual Total Time": 7.395,"Actual Rows": 4,"Actual Loops": 5,"Filter": "((s_comment)::text ~~ '%Customer%Complaints%'::text)","Rows Removed by Filter": 9996,"Workers": []}]},{"Node Type": "Hash","Parent Relationship": "Inner","Parallel Aware": true,"Async Capable": false,"Startup Cost": 6180.33,"Total Cost": 6180.33,"Plan Rows": 12393,"Plan Width": 40,"Actual Startup Time": 22.994,"Actual Total Time": 22.999,"Actual Rows": 5955,"Actual Loops": 5,"Hash Buckets": 32768,"Original Hash Buckets": 32768,"Hash Batches": 1,"Original Hash Batches": 1,"Peak Memory Usage": 2560,"Workers": [],"Plans": [{"Node Type": "Seq Scan","Parent Relationship": "Outer","Parallel Aware": true,"Async Capable": false,"Relation Name": "part","Alias": "part","Startup Cost": 0.00,"Total Cost": 6180.33,"Plan Rows": 12393,"Plan Width": 40,"Actual Startup Time": 0.063,"Actual Total Time": 19.071,"Actual Rows": 5955,"Actual Loops": 5,"Filter": "((p_brand <> 'Brand#23'::bpchar) AND ((p_type)::text !~~ 'SMALL ANODIZED%'::text) AND (p_size = ANY ('{14,5,32,36,18,22,31,26}'::integer[])))","Rows Removed by Filter": 34045,"Workers": []}]}]}]}]}]}]},"Planning Time": 4.226,"Triggers": [],"Execution Time": 252.136}]
[{"Plan": {"Node Type": "Sort","Parallel Aware": false,"Async Capable": false,"Startup Cost": 33126.23,"Total Cost": 33166.00,"Plan Rows": 15908,"Plan Width": 44,"Actual Startup Time": 246.737,"Actual Total Time": 248.595,"Actual Rows": 18227,"Actual Loops": 1,"Sort Key": ["(count(DISTINCT partsupp.ps_suppkey)) DESC", "part.p_brand", "part.p_type", "part.p_size"],"Sort Method": "quicksort","Sort Space Used": 2334,"Sort Space Type": "Memory","Plans": [{"Node Type": "Aggregate","Strategy": "Sorted","Partial Mode": "Simple","Parent Relationship": "Outer","Parallel Aware": false,"Async Capable": false,"Startup Cost": 24242.59,"Total Cost": 32016.06,"Plan Rows": 15908,"Plan Width": 44,"Actual Startup Time": 141.714,"Actual Total Time": 209.665,"Actual Rows": 18227,"Actual Loops": 1,"Group Key": ["part.p_brand", "part.p_type", "part.p_size"],"Plans": [{"Node Type": "Gather Merge","Parent Relationship": "Outer","Parallel Aware": false,"Async Capable": false,"Startup Cost": 24242.59,"Total Cost": 31270.06,"Plan Rows": 58692,"Plan Width": 40,"Actual Startup Time": 141.662,"Actual Total Time": 181.209,"Actual Rows": 118357,"Actual Loops": 1,"Workers Planned": 4,"Workers Launched": 4,"Plans": [{"Node Type": "Sort","Parent Relationship": "Outer","Parallel Aware": false,"Async Capable": false,"Startup Cost": 23242.53,"Total Cost": 23279.22,"Plan Rows": 14673,"Plan Width": 40,"Actual Startup Time": 122.968,"Actual Total Time": 125.937,"Actual Rows": 23671,"Actual Loops": 5,"Sort Key": ["part.p_brand", "part.p_type", "part.p_size"],"Sort Method": "quicksort","Sort Space Used": 2388,"Sort Space Type": "Memory","Workers": [{"Worker Number": 0,"Sort Method": "quicksort","Sort Space Used": 2807,"Sort Space Type": "Memory"},{"Worker Number": 1,"Sort Method": "quicksort","Sort Space Used": 2767,"Sort Space Type": "Memory"},{"Worker Number": 2,"Sort Method": "quicksort","Sort Space Used": 2810,"Sort Space Type": "Memory"},{"Worker Number": 3,"Sort Method": "quicksort","Sort Space Used": 2796,"Sort Space Type": "Memory"}],"Plans": [{"Node Type": "Hash Join","Parent Relationship": "Outer","Parallel Aware": true,"Async Capable": false,"Join Type": "Inner","Startup Cost": 6680.60,"Total Cost": 22227.10,"Plan Rows": 14673,"Plan Width": 40,"Actual Startup Time": 29.601,"Actual Total Time": 78.866,"Actual Rows": 23671,"Actual Loops": 5,"Inner Unique": true,"Hash Cond": "(partsupp.ps_partkey = part.p_partkey)","Workers": [],"Plans": [{"Node Type": "Index Only Scan","Parent Relationship": "Outer","Parallel Aware": true,"Async Capable": false,"Scan Direction": "Forward","Index Name": "partsupp_pkey","Relation Name": "partsupp","Alias": "partsupp","Startup Cost": 347.43,"Total Cost": 15631.43,"Plan Rows": 100000,"Plan Width": 8,"Actual Startup Time": 7.096,"Actual Total Time": 32.640,"Actual Rows": 159936,"Actual Loops": 5,"Filter": "(NOT (hashed SubPlan 1))","Rows Removed by Filter": 64,"Heap Fetches": 0,"Workers": [],"Plans": [{"Node Type": "Seq Scan","Parent Relationship": "SubPlan","Subplan Name": "SubPlan 1","Parallel Aware": false,"Async Capable": false,"Relation Name": "supplier","Alias": "supplier","Startup Cost": 0.00,"Total Cost": 347.00,"Plan Rows": 1,"Plan Width": 4,"Actual Startup Time": 0.199,"Actual Total Time": 6.924,"Actual Rows": 4,"Actual Loops": 5,"Filter": "((s_comment)::text ~~ '%Customer%Complaints%'::text)","Rows Removed by Filter": 9996,"Workers": []}]},{"Node Type": "Hash","Parent Relationship": "Inner","Parallel Aware": true,"Async Capable": false,"Startup Cost": 6180.33,"Total Cost": 6180.33,"Plan Rows": 12227,"Plan Width": 40,"Actual Startup Time": 22.212,"Actual Total Time": 22.216,"Actual Rows": 5920,"Actual Loops": 5,"Hash Buckets": 32768,"Original Hash Buckets": 32768,"Hash Batches": 1,"Original Hash Batches": 1,"Peak Memory Usage": 2560,"Workers": [],"Plans": [{"Node Type": "Seq Scan","Parent Relationship": "Outer","Parallel Aware": true,"Async Capable": false,"Relation Name": "part","Alias": "part","Startup Cost": 0.00,"Total Cost": 6180.33,"Plan Rows": 12227,"Plan Width": 40,"Actual Startup Time": 0.066,"Actual Total Time": 18.436,"Actual Rows": 5920,"Actual Loops": 5,"Filter": "((p_brand <> 'Brand#15'::bpchar) AND ((p_type)::text !~~ 'STANDARD ANODIZED%'::text) AND (p_size = ANY ('{20,42,17,41,25,35,6,38}'::integer[])))","Rows Removed by Filter": 34080,"Workers": []}]}]}]}]}]}]},"Planning Time": 4.107,"Triggers": [],"Execution Time": 249.470}]
[{"Plan": {"Node Type": "Sort","Parallel Aware": false,"Async Capable": false,"Startup Cost": 33418.21,"Total Cost": 33458.51,"Plan Rows": 16120,"Plan Width": 44,"Actual Startup Time": 229.782,"Actual Total Time": 231.538,"Actual Rows": 18305,"Actual Loops": 1,"Sort Key": ["(count(DISTINCT partsupp.ps_suppkey)) DESC", "part.p_brand", "part.p_type", "part.p_size"],"Sort Method": "quicksort","Sort Space Used": 2341,"Sort Space Type": "Memory","Plans": [{"Node Type": "Aggregate","Strategy": "Sorted","Partial Mode": "Simple","Parent Relationship": "Outer","Parallel Aware": false,"Async Capable": false,"Startup Cost": 24281.82,"Total Cost": 32291.70,"Plan Rows": 16120,"Plan Width": 44,"Actual Startup Time": 130.336,"Actual Total Time": 196.079,"Actual Rows": 18305,"Actual Loops": 1,"Group Key": ["part.p_brand", "part.p_type", "part.p_size"],"Plans": [{"Node Type": "Gather Merge","Parent Relationship": "Outer","Parallel Aware": false,"Async Capable": false,"Startup Cost": 24281.82,"Total Cost": 31525.52,"Plan Rows": 60498,"Plan Width": 40,"Actual Startup Time": 130.260,"Actual Total Time": 168.666,"Actual Rows": 119176,"Actual Loops": 1,"Workers Planned": 4,"Workers Launched": 4,"Plans": [{"Node Type": "Sort","Parent Relationship": "Outer","Parallel Aware": false,"Async Capable": false,"Startup Cost": 23281.76,"Total Cost": 23319.57,"Plan Rows": 15124,"Plan Width": 40,"Actual Startup Time": 121.748,"Actual Total Time": 124.212,"Actual Rows": 23835,"Actual Loops": 5,"Sort Key": ["part.p_brand", "part.p_type", "part.p_size"],"Sort Method": "quicksort","Sort Space Used": 2700,"Sort Space Type": "Memory","Workers": [{"Worker Number": 0,"Sort Method": "quicksort","Sort Space Used": 2706,"Sort Space Type": "Memory"},{"Worker Number": 1,"Sort Method": "quicksort","Sort Space Used": 2735,"Sort Space Type": "Memory"},{"Worker Number": 2,"Sort Method": "quicksort","Sort Space Used": 2761,"Sort Space Type": "Memory"},{"Worker Number": 3,"Sort Method": "quicksort","Sort Space Used": 2754,"Sort Space Type": "Memory"}],"Plans": [{"Node Type": "Hash Join","Parent Relationship": "Outer","Parallel Aware": true,"Async Capable": false,"Join Type": "Inner","Startup Cost": 6685.31,"Total Cost": 22231.81,"Plan Rows": 15124,"Plan Width": 40,"Actual Startup Time": 28.880,"Actual Total Time": 79.956,"Actual Rows": 23835,"Actual Loops": 5,"Inner Unique": true,"Hash Cond": "(partsupp.ps_partkey = part.p_partkey)","Workers": [],"Plans": [{"Node Type": "Index Only Scan","Parent Relationship": "Outer","Parallel Aware": true,"Async Capable": false,"Scan Direction": "Forward","Index Name": "partsupp_pkey","Relation Name": "partsupp","Alias": "partsupp","Startup Cost": 347.43,"Total Cost": 15631.43,"Plan Rows": 100000,"Plan Width": 8,"Actual Startup Time": 6.683,"Actual Total Time": 32.050,"Actual Rows": 159936,"Actual Loops": 5,"Filter": "(NOT (hashed SubPlan 1))","Rows Removed by Filter": 64,"Heap Fetches": 0,"Workers": [],"Plans": [{"Node Type": "Seq Scan","Parent Relationship": "SubPlan","Subplan Name": "SubPlan 1","Parallel Aware": false,"Async Capable": false,"Relation Name": "supplier","Alias": "supplier","Startup Cost": 0.00,"Total Cost": 347.00,"Plan Rows": 1,"Plan Width": 4,"Actual Startup Time": 0.223,"Actual Total Time": 6.488,"Actual Rows": 4,"Actual Loops": 5,"Filter": "((s_comment)::text ~~ '%Customer%Complaints%'::text)","Rows Removed by Filter": 9996,"Workers": []}]},{"Node Type": "Hash","Parent Relationship": "Inner","Parallel Aware": true,"Async Capable": false,"Startup Cost": 6180.33,"Total Cost": 6180.33,"Plan Rows": 12604,"Plan Width": 40,"Actual Startup Time": 21.936,"Actual Total Time": 21.940,"Actual Rows": 5961,"Actual Loops": 5,"Hash Buckets": 32768,"Original Hash Buckets": 32768,"Hash Batches": 1,"Original Hash Batches": 1,"Peak Memory Usage": 2592,"Workers": [],"Plans": [{"Node Type": "Seq Scan","Parent Relationship": "Outer","Parallel Aware": true,"Async Capable": false,"Relation Name": "part","Alias": "part","Startup Cost": 0.00,"Total Cost": 6180.33,"Plan Rows": 12604,"Plan Width": 40,"Actual Startup Time": 0.055,"Actual Total Time": 17.996,"Actual Rows": 5961,"Actual Loops": 5,"Filter": "((p_brand <> 'Brand#34'::bpchar) AND ((p_type)::text !~~ 'ECONOMY PLATED%'::text) AND (p_size = ANY ('{40,15,6,1,32,35,5,38}'::integer[])))","Rows Removed by Filter": 34039,"Workers": []}]}]}]}]}]}]},"Planning Time": 4.069,"Triggers": [],"Execution Time": 232.464}]
[{"Plan": {"Node Type": "Sort","Parallel Aware": false,"Async Capable": false,"Startup Cost": 33243.51,"Total Cost": 33283.50,"Plan Rows": 15994,"Plan Width": 44,"Actual Startup Time": 245.955,"Actual Total Time": 247.741,"Actual Rows": 18232,"Actual Loops": 1,"Sort Key": ["(count(DISTINCT partsupp.ps_suppkey)) DESC", "part.p_brand", "part.p_type", "part.p_size"],"Sort Method": "quicksort","Sort Space Used": 2335,"Sort Space Type": "Memory","Plans": [{"Node Type": "Aggregate","Strategy": "Sorted","Partial Mode": "Simple","Parent Relationship": "Outer","Parallel Aware": false,"Async Capable": false,"Startup Cost": 24258.33,"Total Cost": 32126.71,"Plan Rows": 15994,"Plan Width": 44,"Actual Startup Time": 140.930,"Actual Total Time": 210.124,"Actual Rows": 18232,"Actual Loops": 1,"Group Key": ["part.p_brand", "part.p_type", "part.p_size"],"Plans": [{"Node Type": "Gather Merge","Parent Relationship": "Outer","Parallel Aware": false,"Async Capable": false,"Startup Cost": 24258.33,"Total Cost": 31372.60,"Plan Rows": 59417,"Plan Width": 40,"Actual Startup Time": 140.868,"Actual Total Time": 180.943,"Actual Rows": 119034,"Actual Loops": 1,"Workers Planned": 4,"Workers Launched": 4,"Plans": [{"Node Type": "Sort","Parent Relationship": "Outer","Parallel Aware": false,"Async Capable": false,"Startup Cost": 23258.27,"Total Cost": 23295.41,"Plan Rows": 14854,"Plan Width": 40,"Actual Startup Time": 122.954,"Actual Total Time": 125.750,"Actual Rows": 23807,"Actual Loops": 5,"Sort Key": ["part.p_brand", "part.p_type", "part.p_size"],"Sort Method": "quicksort","Sort Space Used": 2418,"Sort Space Type": "Memory","Workers": [{"Worker Number": 0,"Sort Method": "quicksort","Sort Space Used": 2825,"Sort Space Type": "Memory"},{"Worker Number": 1,"Sort Method": "quicksort","Sort Space Used": 2806,"Sort Space Type": "Memory"},{"Worker Number": 2,"Sort Method": "quicksort","Sort Space Used": 2791,"Sort Space Type": "Memory"},{"Worker Number": 3,"Sort Method": "quicksort","Sort Space Used": 2790,"Sort Space Type": "Memory"}],"Plans": [{"Node Type": "Hash Join","Parent Relationship": "Outer","Parallel Aware": true,"Async Capable": false,"Join Type": "Inner","Startup Cost": 6682.50,"Total Cost": 22229.00,"Plan Rows": 14854,"Plan Width": 40,"Actual Startup Time": 29.854,"Actual Total Time": 78.804,"Actual Rows": 23807,"Actual Loops": 5,"Inner Unique": true,"Hash Cond": "(partsupp.ps_partkey = part.p_partkey)","Workers": [],"Plans": [{"Node Type": "Index Only Scan","Parent Relationship": "Outer","Parallel Aware": true,"Async Capable": false,"Scan Direction": "Forward","Index Name": "partsupp_pkey","Relation Name": "partsupp","Alias": "partsupp","Startup Cost": 347.43,"Total Cost": 15631.43,"Plan Rows": 100000,"Plan Width": 8,"Actual Startup Time": 7.228,"Actual Total Time": 32.705,"Actual Rows": 159936,"Actual Loops": 5,"Filter": "(NOT (hashed SubPlan 1))","Rows Removed by Filter": 64,"Heap Fetches": 0,"Workers": [],"Plans": [{"Node Type": "Seq Scan","Parent Relationship": "SubPlan","Subplan Name": "SubPlan 1","Parallel Aware": false,"Async Capable": false,"Relation Name": "supplier","Alias": "supplier","Startup Cost": 0.00,"Total Cost": 347.00,"Plan Rows": 1,"Plan Width": 4,"Actual Startup Time": 0.201,"Actual Total Time": 7.052,"Actual Rows": 4,"Actual Loops": 5,"Filter": "((s_comment)::text ~~ '%Customer%Complaints%'::text)","Rows Removed by Filter": 9996,"Workers": []}]},{"Node Type": "Hash","Parent Relationship": "Inner","Parallel Aware": true,"Async Capable": false,"Startup Cost": 6180.33,"Total Cost": 6180.33,"Plan Rows": 12379,"Plan Width": 40,"Actual Startup Time": 22.355,"Actual Total Time": 22.359,"Actual Rows": 5953,"Actual Loops": 5,"Hash Buckets": 32768,"Original Hash Buckets": 32768,"Hash Batches": 1,"Original Hash Batches": 1,"Peak Memory Usage": 2560,"Workers": [],"Plans": [{"Node Type": "Seq Scan","Parent Relationship": "Outer","Parallel Aware": true,"Async Capable": false,"Relation Name": "part","Alias": "part","Startup Cost": 0.00,"Total Cost": 6180.33,"Plan Rows": 12379,"Plan Width": 40,"Actual Startup Time": 0.074,"Actual Total Time": 18.334,"Actual Rows": 5953,"Actual Loops": 5,"Filter": "((p_brand <> 'Brand#22'::bpchar) AND ((p_type)::text !~~ 'MEDIUM ANODIZED%'::text) AND (p_size = ANY ('{27,36,4,29,38,24,48,1}'::integer[])))","Rows Removed by Filter": 34047,"Workers": []}]}]}]}]}]}]},"Planning Time": 5.436,"Triggers": [],"Execution Time": 248.634}]
[{"Plan": {"Node Type": "Sort","Parallel Aware": false,"Async Capable": false,"Startup Cost": 33249.73,"Total Cost": 33289.73,"Plan Rows": 15999,"Plan Width": 44,"Actual Startup Time": 237.708,"Actual Total Time": 239.563,"Actual Rows": 18346,"Actual Loops": 1,"Sort Key": ["(count(DISTINCT partsupp.ps_suppkey)) DESC", "part.p_brand", "part.p_type", "part.p_size"],"Sort Method": "quicksort","Sort Space Used": 2344,"Sort Space Type": "Memory","Plans": [{"Node Type": "Aggregate","Strategy": "Sorted","Partial Mode": "Simple","Parent Relationship": "Outer","Parallel Aware": false,"Async Capable": false,"Startup Cost": 24259.18,"Total Cost": 32132.55,"Plan Rows": 15999,"Plan Width": 44,"Actual Startup Time": 133.521,"Actual Total Time": 200.303,"Actual Rows": 18346,"Actual Loops": 1,"Group Key": ["part.p_brand", "part.p_type", "part.p_size"],"Plans": [{"Node Type": "Gather Merge","Parent Relationship": "Outer","Parallel Aware": false,"Async Capable": false,"Startup Cost": 24259.18,"Total Cost": 31378.01,"Plan Rows": 59455,"Plan Width": 40,"Actual Startup Time": 133.467,"Actual Total Time": 172.889,"Actual Rows": 118961,"Actual Loops": 1,"Workers Planned": 4,"Workers Launched": 4,"Plans": [{"Node Type": "Sort","Parent Relationship": "Outer","Parallel Aware": false,"Async Capable": false,"Startup Cost": 23259.13,"Total Cost": 23296.29,"Plan Rows": 14864,"Plan Width": 40,"Actual Startup Time": 121.741,"Actual Total Time": 124.361,"Actual Rows": 23792,"Actual Loops": 5,"Sort Key": ["part.p_brand", "part.p_type", "part.p_size"],"Sort Method": "quicksort","Sort Space Used": 2424,"Sort Space Type": "Memory","Workers": [{"Worker Number": 0,"Sort Method": "quicksort","Sort Space Used": 2897,"Sort Space Type": "Memory"},{"Worker Number": 1,"Sort Method": "quicksort","Sort Space Used": 2428,"Sort Space Type": "Memory"},{"Worker Number": 2,"Sort Method": "quicksort","Sort Space Used": 2935,"Sort Space Type": "Memory"},{"Worker Number": 3,"Sort Method": "quicksort","Sort Space Used": 2930,"Sort Space Type": "Memory"}],"Plans": [{"Node Type": "Hash Join","Parent Relationship": "Outer","Parallel Aware": true,"Async Capable": false,"Join Type": "Inner","Startup Cost": 6682.59,"Total Cost": 22229.09,"Plan Rows": 14864,"Plan Width": 40,"Actual Startup Time": 29.559,"Actual Total Time": 80.257,"Actual Rows": 23792,"Actual Loops": 5,"Inner Unique": true,"Hash Cond": "(partsupp.ps_partkey = part.p_partkey)","Workers": [],"Plans": [{"Node Type": "Index Only Scan","Parent Relationship": "Outer","Parallel Aware": true,"Async Capable": false,"Scan Direction": "Forward","Index Name": "partsupp_pkey","Relation Name": "partsupp","Alias": "partsupp","Startup Cost": 347.43,"Total Cost": 15631.43,"Plan Rows": 100000,"Plan Width": 8,"Actual Startup Time": 7.332,"Actual Total Time": 32.582,"Actual Rows": 159936,"Actual Loops": 5,"Filter": "(NOT (hashed SubPlan 1))","Rows Removed by Filter": 64,"Heap Fetches": 0,"Workers": [],"Plans": [{"Node Type": "Seq Scan","Parent Relationship": "SubPlan","Subplan Name": "SubPlan 1","Parallel Aware": false,"Async Capable": false,"Relation Name": "supplier","Alias": "supplier","Startup Cost": 0.00,"Total Cost": 347.00,"Plan Rows": 1,"Plan Width": 4,"Actual Startup Time": 0.156,"Actual Total Time": 7.171,"Actual Rows": 4,"Actual Loops": 5,"Filter": "((s_comment)::text ~~ '%Customer%Complaints%'::text)","Rows Removed by Filter": 9996,"Workers": []}]},{"Node Type": "Hash","Parent Relationship": "Inner","Parallel Aware": true,"Async Capable": false,"Startup Cost": 6180.33,"Total Cost": 6180.33,"Plan Rows": 12386,"Plan Width": 40,"Actual Startup Time": 21.970,"Actual Total Time": 21.974,"Actual Rows": 5951,"Actual Loops": 5,"Hash Buckets": 32768,"Original Hash Buckets": 32768,"Hash Batches": 1,"Original Hash Batches": 1,"Peak Memory Usage": 2560,"Workers": [],"Plans": [{"Node Type": "Seq Scan","Parent Relationship": "Outer","Parallel Aware": true,"Async Capable": false,"Relation Name": "part","Alias": "part","Startup Cost": 0.00,"Total Cost": 6180.33,"Plan Rows": 12386,"Plan Width": 40,"Actual Startup Time": 0.061,"Actual Total Time": 18.518,"Actual Rows": 5951,"Actual Loops": 5,"Filter": "((p_brand <> 'Brand#32'::bpchar) AND ((p_type)::text !~~ 'STANDARD ANODIZED%'::text) AND (p_size = ANY ('{5,11,3,45,16,12,28,26}'::integer[])))","Rows Removed by Filter": 34049,"Workers": []}]}]}]}]}]}]},"Planning Time": 4.477,"Triggers": [],"Execution Time": 240.770}]
[{"Plan": {"Node Type": "Sort","Parallel Aware": false,"Async Capable": false,"Startup Cost": 33090.52,"Total Cost": 33130.23,"Plan Rows": 15882,"Plan Width": 44,"Actual Startup Time": 231.625,"Actual Total Time": 233.610,"Actual Rows": 18281,"Actual Loops": 1,"Sort Key": ["(count(DISTINCT partsupp.ps_suppkey)) DESC", "part.p_brand", "part.p_type", "part.p_size"],"Sort Method": "quicksort","Sort Space Used": 2340,"Sort Space Type": "Memory","Plans": [{"Node Type": "Aggregate","Strategy": "Sorted","Partial Mode": "Simple","Parent Relationship": "Outer","Parallel Aware": false,"Async Capable": false,"Startup Cost": 24237.82,"Total Cost": 31982.35,"Plan Rows": 15882,"Plan Width": 44,"Actual Startup Time": 127.978,"Actual Total Time": 194.191,"Actual Rows": 18281,"Actual Loops": 1,"Group Key": ["part.p_brand", "part.p_type", "part.p_size"],"Plans": [{"Node Type": "Gather Merge","Parent Relationship": "Outer","Parallel Aware": false,"Async Capable": false,"Startup Cost": 24237.82,"Total Cost": 31238.82,"Plan Rows": 58471,"Plan Width": 40,"Actual Startup Time": 127.895,"Actual Total Time": 166.865,"Actual Rows": 117876,"Actual Loops": 1,"Workers Planned": 4,"Workers Launched": 4,"Plans": [{"Node Type": "Sort","Parent Relationship": "Outer","Parallel Aware": false,"Async Capable": false,"Startup Cost": 23237.76,"Total Cost": 23274.30,"Plan Rows": 14618,"Plan Width": 40,"Actual Startup Time": 119.979,"Actual Total Time": 122.589,"Actual Rows": 23575,"Actual Loops": 5,"Sort Key": ["part.p_brand", "part.p_type", "part.p_size"],"Sort Method": "quicksort","Sort Space Used": 2664,"Sort Space Type": "Memory","Workers": [{"Worker Number": 0,"Sort Method": "quicksort","Sort Space Used": 2748,"Sort Space Type": "Memory"},{"Worker Number": 1,"Sort Method": "quicksort","Sort Space Used": 2676,"Sort Space Type": "Memory"},{"Worker Number": 2,"Sort Method": "quicksort","Sort Space Used": 2730,"Sort Space Type": "Memory"},{"Worker Number": 3,"Sort Method": "quicksort","Sort Space Used": 2744,"Sort Space Type": "Memory"}],"Plans": [{"Node Type": "Hash Join","Parent Relationship": "Outer","Parallel Aware": true,"Async Capable": false,"Join Type": "Inner","Startup Cost": 6680.02,"Total Cost": 22226.52,"Plan Rows": 14618,"Plan Width": 40,"Actual Startup Time": 28.929,"Actual Total Time": 78.733,"Actual Rows": 23575,"Actual Loops": 5,"Inner Unique": true,"Hash Cond": "(partsupp.ps_partkey = part.p_partkey)","Workers": [],"Plans": [{"Node Type": "Index Only Scan","Parent Relationship": "Outer","Parallel Aware": true,"Async Capable": false,"Scan Direction": "Forward","Index Name": "partsupp_pkey","Relation Name": "partsupp","Alias": "partsupp","Startup Cost": 347.43,"Total Cost": 15631.43,"Plan Rows": 100000,"Plan Width": 8,"Actual Startup Time": 6.938,"Actual Total Time": 31.641,"Actual Rows": 159936,"Actual Loops": 5,"Filter": "(NOT (hashed SubPlan 1))","Rows Removed by Filter": 64,"Heap Fetches": 0,"Workers": [],"Plans": [{"Node Type": "Seq Scan","Parent Relationship": "SubPlan","Subplan Name": "SubPlan 1","Parallel Aware": false,"Async Capable": false,"Relation Name": "supplier","Alias": "supplier","Startup Cost": 0.00,"Total Cost": 347.00,"Plan Rows": 1,"Plan Width": 4,"Actual Startup Time": 0.139,"Actual Total Time": 6.797,"Actual Rows": 4,"Actual Loops": 5,"Filter": "((s_comment)::text ~~ '%Customer%Complaints%'::text)","Rows Removed by Filter": 9996,"Workers": []}]},{"Node Type": "Hash","Parent Relationship": "Inner","Parallel Aware": true,"Async Capable": false,"Startup Cost": 6180.33,"Total Cost": 6180.33,"Plan Rows": 12181,"Plan Width": 40,"Actual Startup Time": 21.732,"Actual Total Time": 21.736,"Actual Rows": 5896,"Actual Loops": 5,"Hash Buckets": 32768,"Original Hash Buckets": 32768,"Hash Batches": 1,"Original Hash Batches": 1,"Peak Memory Usage": 2560,"Workers": [],"Plans": [{"Node Type": "Seq Scan","Parent Relationship": "Outer","Parallel Aware": true,"Async Capable": false,"Relation Name": "part","Alias": "part","Startup Cost": 0.00,"Total Cost": 6180.33,"Plan Rows": 12181,"Plan Width": 40,"Actual Startup Time": 0.058,"Actual Total Time": 18.268,"Actual Rows": 5896,"Actual Loops": 5,"Filter": "((p_brand <> 'Brand#15'::bpchar) AND ((p_type)::text !~~ 'SMALL PLATED%'::text) AND (p_size = ANY ('{17,42,4,43,44,46,38,40}'::integer[])))","Rows Removed by Filter": 34104,"Workers": []}]}]}]}]}]}]},"Planning Time": 4.104,"Triggers": [],"Execution Time": 234.826}]
[{"Plan": {"Node Type": "Sort","Parallel Aware": false,"Async Capable": false,"Startup Cost": 33220.44,"Total Cost": 33260.39,"Plan Rows": 15978,"Plan Width": 44,"Actual Startup Time": 234.615,"Actual Total Time": 236.557,"Actual Rows": 18167,"Actual Loops": 1,"Sort Key": ["(count(DISTINCT partsupp.ps_suppkey)) DESC", "part.p_brand", "part.p_type", "part.p_size"],"Sort Method": "quicksort","Sort Space Used": 2329,"Sort Space Type": "Memory","Plans": [{"Node Type": "Aggregate","Strategy": "Sorted","Partial Mode": "Simple","Parent Relationship": "Outer","Parallel Aware": false,"Async Capable": false,"Startup Cost": 24255.20,"Total Cost": 32104.87,"Plan Rows": 15978,"Plan Width": 44,"Actual Startup Time": 133.436,"Actual Total Time": 198.486,"Actual Rows": 18167,"Actual Loops": 1,"Group Key": ["part.p_brand", "part.p_type", "part.p_size"],"Plans": [{"Node Type": "Gather Merge","Parent Relationship": "Outer","Parallel Aware": false,"Async Capable": false,"Startup Cost": 24255.20,"Total Cost": 31352.35,"Plan Rows": 59274,"Plan Width": 40,"Actual Startup Time": 133.353,"Actual Total Time": 171.431,"Actual Rows": 117662,"Actual Loops": 1,"Workers Planned": 4,"Workers Launched": 4,"Plans": [{"Node Type": "Sort","Parent Relationship": "Outer","Parallel Aware": false,"Async Capable": false,"Startup Cost": 23255.14,"Total Cost": 23292.19,"Plan Rows": 14818,"Plan Width": 40,"Actual Startup Time": 122.628,"Actual Total Time": 125.062,"Actual Rows": 23532,"Actual Loops": 5,"Sort Key": ["part.p_brand", "part.p_type", "part.p_size"],"Sort Method": "quicksort","Sort Space Used": 2792,"Sort Space Type": "Memory","Workers": [{"Worker Number": 0,"Sort Method": "quicksort","Sort Space Used": 2856,"Sort Space Type": "Memory"},{"Worker Number": 1,"Sort Method": "quicksort","Sort Space Used": 2514,"Sort Space Type": "Memory"},{"Worker Number": 2,"Sort Method": "quicksort","Sort Space Used": 2817,"Sort Space Type": "Memory"},{"Worker Number": 3,"Sort Method": "quicksort","Sort Space Used": 2538,"Sort Space Type": "Memory"}],"Plans": [{"Node Type": "Hash Join","Parent Relationship": "Outer","Parallel Aware": true,"Async Capable": false,"Join Type": "Inner","Startup Cost": 6682.12,"Total Cost": 22228.62,"Plan Rows": 14818,"Plan Width": 40,"Actual Startup Time": 30.757,"Actual Total Time": 81.559,"Actual Rows": 23532,"Actual Loops": 5,"Inner Unique": true,"Hash Cond": "(partsupp.ps_partkey = part.p_partkey)","Workers": [],"Plans": [{"Node Type": "Index Only Scan","Parent Relationship": "Outer","Parallel Aware": true,"Async Capable": false,"Scan Direction": "Forward","Index Name": "partsupp_pkey","Relation Name": "partsupp","Alias": "partsupp","Startup Cost": 347.43,"Total Cost": 15631.43,"Plan Rows": 100000,"Plan Width": 8,"Actual Startup Time": 7.707,"Actual Total Time": 32.804,"Actual Rows": 159936,"Actual Loops": 5,"Filter": "(NOT (hashed SubPlan 1))","Rows Removed by Filter": 64,"Heap Fetches": 0,"Workers": [],"Plans": [{"Node Type": "Seq Scan","Parent Relationship": "SubPlan","Subplan Name": "SubPlan 1","Parallel Aware": false,"Async Capable": false,"Relation Name": "supplier","Alias": "supplier","Startup Cost": 0.00,"Total Cost": 347.00,"Plan Rows": 1,"Plan Width": 4,"Actual Startup Time": 0.143,"Actual Total Time": 7.566,"Actual Rows": 4,"Actual Loops": 5,"Filter": "((s_comment)::text ~~ '%Customer%Complaints%'::text)","Rows Removed by Filter": 9996,"Workers": []}]},{"Node Type": "Hash","Parent Relationship": "Inner","Parallel Aware": true,"Async Capable": false,"Startup Cost": 6180.33,"Total Cost": 6180.33,"Plan Rows": 12349,"Plan Width": 40,"Actual Startup Time": 22.774,"Actual Total Time": 22.777,"Actual Rows": 5885,"Actual Loops": 5,"Hash Buckets": 32768,"Original Hash Buckets": 32768,"Hash Batches": 1,"Original Hash Batches": 1,"Peak Memory Usage": 2528,"Workers": [],"Plans": [{"Node Type": "Seq Scan","Parent Relationship": "Outer","Parallel Aware": true,"Async Capable": false,"Relation Name": "part","Alias": "part","Startup Cost": 0.00,"Total Cost": 6180.33,"Plan Rows": 12349,"Plan Width": 40,"Actual Startup Time": 0.058,"Actual Total Time": 18.986,"Actual Rows": 5885,"Actual Loops": 5,"Filter": "((p_brand <> 'Brand#11'::bpchar) AND ((p_type)::text !~~ 'MEDIUM BURNISHED%'::text) AND (p_size = ANY ('{49,31,34,13,38,17,33,2}'::integer[])))","Rows Removed by Filter": 34115,"Workers": []}]}]}]}]}]}]},"Planning Time": 4.348,"Triggers": [],"Execution Time": 237.528}]
[{"Plan": {"Node Type": "Sort","Parallel Aware": false,"Async Capable": false,"Startup Cost": 33223.03,"Total Cost": 33262.98,"Plan Rows": 15980,"Plan Width": 44,"Actual Startup Time": 238.558,"Actual Total Time": 240.542,"Actual Rows": 18279,"Actual Loops": 1,"Sort Key": ["(count(DISTINCT partsupp.ps_suppkey)) DESC", "part.p_brand", "part.p_type", "part.p_size"],"Sort Method": "quicksort","Sort Space Used": 2337,"Sort Space Type": "Memory","Plans": [{"Node Type": "Aggregate","Strategy": "Sorted","Partial Mode": "Simple","Parent Relationship": "Outer","Parallel Aware": false,"Async Capable": false,"Startup Cost": 24255.55,"Total Cost": 32107.31,"Plan Rows": 15980,"Plan Width": 44,"Actual Startup Time": 134.958,"Actual Total Time": 201.551,"Actual Rows": 18279,"Actual Loops": 1,"Group Key": ["part.p_brand", "part.p_type", "part.p_size"],"Plans": [{"Node Type": "Gather Merge","Parent Relationship": "Outer","Parallel Aware": false,"Async Capable": false,"Startup Cost": 24255.55,"Total Cost": 31354.61,"Plan Rows": 59290,"Plan Width": 40,"Actual Startup Time": 134.883,"Actual Total Time": 173.759,"Actual Rows": 118910,"Actual Loops": 1,"Workers Planned": 4,"Workers Launched": 4,"Plans": [{"Node Type": "Sort","Parent Relationship": "Outer","Parallel Aware": false,"Async Capable": false,"Startup Cost": 23255.49,"Total Cost": 23292.54,"Plan Rows": 14822,"Plan Width": 40,"Actual Startup Time": 124.255,"Actual Total Time": 126.517,"Actual Rows": 23782,"Actual Loops": 5,"Sort Key": ["part.p_brand", "part.p_type", "part.p_size"],"Sort Method": "quicksort","Sort Space Used": 2432,"Sort Space Type": "Memory","Workers": [{"Worker Number": 0,"Sort Method": "quicksort","Sort Space Used": 2876,"Sort Space Type": "Memory"},{"Worker Number": 1,"Sort Method": "quicksort","Sort Space Used": 2611,"Sort Space Type": "Memory"},{"Worker Number": 2,"Sort Method": "quicksort","Sort Space Used": 2889,"Sort Space Type": "Memory"},{"Worker Number": 3,"Sort Method": "quicksort","Sort Space Used": 2806,"Sort Space Type": "Memory"}],"Plans": [{"Node Type": "Hash Join","Parent Relationship": "Outer","Parallel Aware": true,"Async Capable": false,"Join Type": "Inner","Startup Cost": 6682.16,"Total Cost": 22228.66,"Plan Rows": 14822,"Plan Width": 40,"Actual Startup Time": 33.000,"Actual Total Time": 82.148,"Actual Rows": 23782,"Actual Loops": 5,"Inner Unique": true,"Hash Cond": "(partsupp.ps_partkey = part.p_partkey)","Workers": [],"Plans": [{"Node Type": "Index Only Scan","Parent Relationship": "Outer","Parallel Aware": true,"Async Capable": false,"Scan Direction": "Forward","Index Name": "partsupp_pkey","Relation Name": "partsupp","Alias": "partsupp","Startup Cost": 347.43,"Total Cost": 15631.43,"Plan Rows": 100000,"Plan Width": 8,"Actual Startup Time": 8.562,"Actual Total Time": 33.625,"Actual Rows": 159936,"Actual Loops": 5,"Filter": "(NOT (hashed SubPlan 1))","Rows Removed by Filter": 64,"Heap Fetches": 0,"Workers": [],"Plans": [{"Node Type": "Seq Scan","Parent Relationship": "SubPlan","Subplan Name": "SubPlan 1","Parallel Aware": false,"Async Capable": false,"Relation Name": "supplier","Alias": "supplier","Startup Cost": 0.00,"Total Cost": 347.00,"Plan Rows": 1,"Plan Width": 4,"Actual Startup Time": 0.144,"Actual Total Time": 8.418,"Actual Rows": 4,"Actual Loops": 5,"Filter": "((s_comment)::text ~~ '%Customer%Complaints%'::text)","Rows Removed by Filter": 9996,"Workers": []}]},{"Node Type": "Hash","Parent Relationship": "Inner","Parallel Aware": true,"Async Capable": false,"Startup Cost": 6180.33,"Total Cost": 6180.33,"Plan Rows": 12352,"Plan Width": 40,"Actual Startup Time": 24.166,"Actual Total Time": 24.171,"Actual Rows": 5948,"Actual Loops": 5,"Hash Buckets": 32768,"Original Hash Buckets": 32768,"Hash Batches": 1,"Original Hash Batches": 1,"Peak Memory Usage": 2496,"Workers": [],"Plans": [{"Node Type": "Seq Scan","Parent Relationship": "Outer","Parallel Aware": true,"Async Capable": false,"Relation Name": "part","Alias": "part","Startup Cost": 0.00,"Total Cost": 6180.33,"Plan Rows": 12352,"Plan Width": 40,"Actual Startup Time": 0.060,"Actual Total Time": 20.676,"Actual Rows": 5948,"Actual Loops": 5,"Filter": "((p_brand <> 'Brand#22'::bpchar) AND ((p_type)::text !~~ 'STANDARD BURNISHED%'::text) AND (p_size = ANY ('{28,1,50,11,42,48,35,4}'::integer[])))","Rows Removed by Filter": 34052,"Workers": []}]}]}]}]}]}]},"Planning Time": 5.512,"Triggers": [],"Execution Time": 241.850}]
[{"Plan": {"Node Type": "Sort","Parallel Aware": false,"Async Capable": false,"Startup Cost": 33033.97,"Total Cost": 33073.57,"Plan Rows": 15840,"Plan Width": 44,"Actual Startup Time": 239.547,"Actual Total Time": 241.115,"Actual Rows": 18144,"Actual Loops": 1,"Sort Key": ["(count(DISTINCT partsupp.ps_suppkey)) DESC", "part.p_brand", "part.p_type", "part.p_size"],"Sort Method": "quicksort","Sort Space Used": 2327,"Sort Space Type": "Memory","Plans": [{"Node Type": "Aggregate","Strategy": "Sorted","Partial Mode": "Simple","Parent Relationship": "Outer","Parallel Aware": false,"Async Capable": false,"Startup Cost": 24230.19,"Total Cost": 31929.03,"Plan Rows": 15840,"Plan Width": 44,"Actual Startup Time": 134.478,"Actual Total Time": 202.636,"Actual Rows": 18144,"Actual Loops": 1,"Group Key": ["part.p_brand", "part.p_type", "part.p_size"],"Plans": [{"Node Type": "Gather Merge","Parent Relationship": "Outer","Parallel Aware": false,"Async Capable": false,"Startup Cost": 24230.19,"Total Cost": 31189.41,"Plan Rows": 58122,"Plan Width": 40,"Actual Startup Time": 134.427,"Actual Total Time": 174.218,"Actual Rows": 118694,"Actual Loops": 1,"Workers Planned": 4,"Workers Launched": 4,"Plans": [{"Node Type": "Sort","Parent Relationship": "Outer","Parallel Aware": false,"Async Capable": false,"Startup Cost": 23230.14,"Total Cost": 23266.46,"Plan Rows": 14530,"Plan Width": 40,"Actual Startup Time": 122.427,"Actual Total Time": 125.073,"Actual Rows": 23739,"Actual Loops": 5,"Sort Key": ["part.p_brand", "part.p_type", "part.p_size"],"Sort Method": "quicksort","Sort Space Used": 2451,"Sort Space Type": "Memory","Workers": [{"Worker Number": 0,"Sort Method": "quicksort","Sort Space Used": 2888,"Sort Space Type": "Memory"},{"Worker Number": 1,"Sort Method": "quicksort","Sort Space Used": 2473,"Sort Space Type": "Memory"},{"Worker Number": 2,"Sort Method": "quicksort","Sort Space Used": 2884,"Sort Space Type": "Memory"},{"Worker Number": 3,"Sort Method": "quicksort","Sort Space Used": 2920,"Sort Space Type": "Memory"}],"Plans": [{"Node Type": "Hash Join","Parent Relationship": "Outer","Parallel Aware": true,"Async Capable": false,"Join Type": "Inner","Startup Cost": 6679.12,"Total Cost": 22225.62,"Plan Rows": 14530,"Plan Width": 40,"Actual Startup Time": 30.908,"Actual Total Time": 80.771,"Actual Rows": 23739,"Actual Loops": 5,"Inner Unique": true,"Hash Cond": "(partsupp.ps_partkey = part.p_partkey)","Workers": [],"Plans": [{"Node Type": "Index Only Scan","Parent Relationship": "Outer","Parallel Aware": true,"Async Capable": false,"Scan Direction": "Forward","Index Name": "partsupp_pkey","Relation Name": "partsupp","Alias": "partsupp","Startup Cost": 347.43,"Total Cost": 15631.43,"Plan Rows": 100000,"Plan Width": 8,"Actual Startup Time": 7.719,"Actual Total Time": 32.857,"Actual Rows": 159936,"Actual Loops": 5,"Filter": "(NOT (hashed SubPlan 1))","Rows Removed by Filter": 64,"Heap Fetches": 0,"Workers": [],"Plans": [{"Node Type": "Seq Scan","Parent Relationship": "SubPlan","Subplan Name": "SubPlan 1","Parallel Aware": false,"Async Capable": false,"Relation Name": "supplier","Alias": "supplier","Startup Cost": 0.00,"Total Cost": 347.00,"Plan Rows": 1,"Plan Width": 4,"Actual Startup Time": 0.220,"Actual Total Time": 7.604,"Actual Rows": 4,"Actual Loops": 5,"Filter": "((s_comment)::text ~~ '%Customer%Complaints%'::text)","Rows Removed by Filter": 9996,"Workers": []}]},{"Node Type": "Hash","Parent Relationship": "Inner","Parallel Aware": true,"Async Capable": false,"Startup Cost": 6180.33,"Total Cost": 6180.33,"Plan Rows": 12109,"Plan Width": 40,"Actual Startup Time": 22.923,"Actual Total Time": 22.928,"Actual Rows": 5936,"Actual Loops": 5,"Hash Buckets": 32768,"Original Hash Buckets": 32768,"Hash Batches": 1,"Original Hash Batches": 1,"Peak Memory Usage": 2560,"Workers": [],"Plans": [{"Node Type": "Seq Scan","Parent Relationship": "Outer","Parallel Aware": true,"Async Capable": false,"Relation Name": "part","Alias": "part","Startup Cost": 0.00,"Total Cost": 6180.33,"Plan Rows": 12109,"Plan Width": 40,"Actual Startup Time": 0.060,"Actual Total Time": 18.958,"Actual Rows": 5936,"Actual Loops": 5,"Filter": "((p_brand <> 'Brand#45'::bpchar) AND ((p_type)::text !~~ 'PROMO ANODIZED%'::text) AND (p_size = ANY ('{13,26,9,22,36,8,18,33}'::integer[])))","Rows Removed by Filter": 34064,"Workers": []}]}]}]}]}]}]},"Planning Time": 3.917,"Triggers": [],"Execution Time": 241.996}]
[{"Plan": {"Node Type": "Sort","Parallel Aware": false,"Async Capable": false,"Startup Cost": 33222.69,"Total Cost": 33262.64,"Plan Rows": 15979,"Plan Width": 44,"Actual Startup Time": 232.734,"Actual Total Time": 234.399,"Actual Rows": 18271,"Actual Loops": 1,"Sort Key": ["(count(DISTINCT partsupp.ps_suppkey)) DESC", "part.p_brand", "part.p_type", "part.p_size"],"Sort Method": "quicksort","Sort Space Used": 2339,"Sort Space Type": "Memory","Plans": [{"Node Type": "Aggregate","Strategy": "Sorted","Partial Mode": "Simple","Parent Relationship": "Outer","Parallel Aware": false,"Async Capable": false,"Startup Cost": 24255.55,"Total Cost": 32107.04,"Plan Rows": 15979,"Plan Width": 44,"Actual Startup Time": 129.850,"Actual Total Time": 195.687,"Actual Rows": 18271,"Actual Loops": 1,"Group Key": ["part.p_brand", "part.p_type", "part.p_size"],"Plans": [{"Node Type": "Gather Merge","Parent Relationship": "Outer","Parallel Aware": false,"Async Capable": false,"Startup Cost": 24255.55,"Total Cost": 31354.37,"Plan Rows": 59288,"Plan Width": 40,"Actual Startup Time": 129.799,"Actual Total Time": 168.140,"Actual Rows": 118784,"Actual Loops": 1,"Workers Planned": 4,"Workers Launched": 4,"Plans": [{"Node Type": "Sort","Parent Relationship": "Outer","Parallel Aware": false,"Async Capable": false,"Startup Cost": 23255.49,"Total Cost": 23292.54,"Plan Rows": 14822,"Plan Width": 40,"Actual Startup Time": 121.995,"Actual Total Time": 124.633,"Actual Rows": 23757,"Actual Loops": 5,"Sort Key": ["part.p_brand", "part.p_type", "part.p_size"],"Sort Method": "quicksort","Sort Space Used": 2703,"Sort Space Type": "Memory","Workers": [{"Worker Number": 0,"Sort Method": "quicksort","Sort Space Used": 2725,"Sort Space Type": "Memory"},{"Worker Number": 1,"Sort Method": "quicksort","Sort Space Used": 2725,"Sort Space Type": "Memory"},{"Worker Number": 2,"Sort Method": "quicksort","Sort Space Used": 2722,"Sort Space Type": "Memory"},{"Worker Number": 3,"Sort Method": "quicksort","Sort Space Used": 2759,"Sort Space Type": "Memory"}],"Plans": [{"Node Type": "Hash Join","Parent Relationship": "Outer","Parallel Aware": true,"Async Capable": false,"Join Type": "Inner","Startup Cost": 6682.16,"Total Cost": 22228.66,"Plan Rows": 14822,"Plan Width": 40,"Actual Startup Time": 29.656,"Actual Total Time": 80.154,"Actual Rows": 23757,"Actual Loops": 5,"Inner Unique": true,"Hash Cond": "(partsupp.ps_partkey = part.p_partkey)","Workers": [],"Plans": [{"Node Type": "Index Only Scan","Parent Relationship": "Outer","Parallel Aware": true,"Async Capable": false,"Scan Direction": "Forward","Index Name": "partsupp_pkey","Relation Name": "partsupp","Alias": "partsupp","Startup Cost": 347.43,"Total Cost": 15631.43,"Plan Rows": 100000,"Plan Width": 8,"Actual Startup Time": 7.311,"Actual Total Time": 32.348,"Actual Rows": 159936,"Actual Loops": 5,"Filter": "(NOT (hashed SubPlan 1))","Rows Removed by Filter": 64,"Heap Fetches": 0,"Workers": [],"Plans": [{"Node Type": "Seq Scan","Parent Relationship": "SubPlan","Subplan Name": "SubPlan 1","Parallel Aware": false,"Async Capable": false,"Relation Name": "supplier","Alias": "supplier","Startup Cost": 0.00,"Total Cost": 347.00,"Plan Rows": 1,"Plan Width": 4,"Actual Startup Time": 0.193,"Actual Total Time": 7.176,"Actual Rows": 4,"Actual Loops": 5,"Filter": "((s_comment)::text ~~ '%Customer%Complaints%'::text)","Rows Removed by Filter": 9996,"Workers": []}]},{"Node Type": "Hash","Parent Relationship": "Inner","Parallel Aware": true,"Async Capable": false,"Startup Cost": 6180.33,"Total Cost": 6180.33,"Plan Rows": 12352,"Plan Width": 40,"Actual Startup Time": 22.100,"Actual Total Time": 22.103,"Actual Rows": 5941,"Actual Loops": 5,"Hash Buckets": 32768,"Original Hash Buckets": 32768,"Hash Batches": 1,"Original Hash Batches": 1,"Peak Memory Usage": 2560,"Workers": [],"Plans": [{"Node Type": "Seq Scan","Parent Relationship": "Outer","Parallel Aware": true,"Async Capable": false,"Relation Name": "part","Alias": "part","Startup Cost": 0.00,"Total Cost": 6180.33,"Plan Rows": 12352,"Plan Width": 40,"Actual Startup Time": 0.054,"Actual Total Time": 18.279,"Actual Rows": 5941,"Actual Loops": 5,"Filter": "((p_brand <> 'Brand#12'::bpchar) AND ((p_type)::text !~~ 'LARGE PLATED%'::text) AND (p_size = ANY ('{29,32,44,38,8,46,12,23}'::integer[])))","Rows Removed by Filter": 34059,"Workers": []}]}]}]}]}]}]},"Planning Time": 3.635,"Triggers": [],"Execution Time": 235.301}]
[{"Plan": {"Node Type": "Sort","Parallel Aware": false,"Async Capable": false,"Startup Cost": 33416.30,"Total Cost": 33456.59,"Plan Rows": 16118,"Plan Width": 44,"Actual Startup Time": 241.804,"Actual Total Time": 243.645,"Actual Rows": 18308,"Actual Loops": 1,"Sort Key": ["(count(DISTINCT partsupp.ps_suppkey)) DESC", "part.p_brand", "part.p_type", "part.p_size"],"Sort Method": "quicksort","Sort Space Used": 2342,"Sort Space Type": "Memory","Plans": [{"Node Type": "Aggregate","Strategy": "Sorted","Partial Mode": "Simple","Parent Relationship": "Outer","Parallel Aware": false,"Async Capable": false,"Startup Cost": 24281.63,"Total Cost": 32289.94,"Plan Rows": 16118,"Plan Width": 44,"Actual Startup Time": 137.987,"Actual Total Time": 203.964,"Actual Rows": 18308,"Actual Loops": 1,"Group Key": ["part.p_brand", "part.p_type", "part.p_size"],"Plans": [{"Node Type": "Gather Merge","Parent Relationship": "Outer","Parallel Aware": false,"Async Capable": false,"Startup Cost": 24281.63,"Total Cost": 31523.90,"Plan Rows": 60486,"Plan Width": 40,"Actual Startup Time": 137.931,"Actual Total Time": 176.511,"Actual Rows": 119246,"Actual Loops": 1,"Workers Planned": 4,"Workers Launched": 4,"Plans": [{"Node Type": "Sort","Parent Relationship": "Outer","Parallel Aware": false,"Async Capable": false,"Startup Cost": 23281.57,"Total Cost": 23319.37,"Plan Rows": 15122,"Plan Width": 40,"Actual Startup Time": 126.413,"Actual Total Time": 128.646,"Actual Rows": 23849,"Actual Loops": 5,"Sort Key": ["part.p_brand", "part.p_type", "part.p_size"],"Sort Method": "quicksort","Sort Space Used": 2519,"Sort Space Type": "Memory","Workers": [{"Worker Number": 0,"Sort Method": "quicksort","Sort Space Used": 2891,"Sort Space Type": "Memory"},{"Worker Number": 1,"Sort Method": "quicksort","Sort Space Used": 2945,"Sort Space Type": "Memory"},{"Worker Number": 2,"Sort Method": "quicksort","Sort Space Used": 2409,"Sort Space Type": "Memory"},{"Worker Number": 3,"Sort Method": "quicksort","Sort Space Used": 2907,"Sort Space Type": "Memory"}],"Plans": [{"Node Type": "Hash Join","Parent Relationship": "Outer","Parallel Aware": true,"Async Capable": false,"Join Type": "Inner","Startup Cost": 6685.27,"Total Cost": 22231.77,"Plan Rows": 15122,"Plan Width": 40,"Actual Startup Time": 33.450,"Actual Total Time": 84.470,"Actual Rows": 23849,"Actual Loops": 5,"Inner Unique": true,"Hash Cond": "(partsupp.ps_partkey = part.p_partkey)","Workers": [],"Plans": [{"Node Type": "Index Only Scan","Parent Relationship": "Outer","Parallel Aware": true,"Async Capable": false,"Scan Direction": "Forward","Index Name": "partsupp_pkey","Relation Name": "partsupp","Alias": "partsupp","Startup Cost": 347.43,"Total Cost": 15631.43,"Plan Rows": 100000,"Plan Width": 8,"Actual Startup Time": 9.484,"Actual Total Time": 35.646,"Actual Rows": 159936,"Actual Loops": 5,"Filter": "(NOT (hashed SubPlan 1))","Rows Removed by Filter": 64,"Heap Fetches": 0,"Workers": [],"Plans": [{"Node Type": "Seq Scan","Parent Relationship": "SubPlan","Subplan Name": "SubPlan 1","Parallel Aware": false,"Async Capable": false,"Relation Name": "supplier","Alias": "supplier","Startup Cost": 0.00,"Total Cost": 347.00,"Plan Rows": 1,"Plan Width": 4,"Actual Startup Time": 0.308,"Actual Total Time": 9.334,"Actual Rows": 4,"Actual Loops": 5,"Filter": "((s_comment)::text ~~ '%Customer%Complaints%'::text)","Rows Removed by Filter": 9996,"Workers": []}]},{"Node Type": "Hash","Parent Relationship": "Inner","Parallel Aware": true,"Async Capable": false,"Startup Cost": 6180.33,"Total Cost": 6180.33,"Plan Rows": 12601,"Plan Width": 40,"Actual Startup Time": 23.689,"Actual Total Time": 23.692,"Actual Rows": 5965,"Actual Loops": 5,"Hash Buckets": 32768,"Original Hash Buckets": 32768,"Hash Batches": 1,"Original Hash Batches": 1,"Peak Memory Usage": 2592,"Workers": [],"Plans": [{"Node Type": "Seq Scan","Parent Relationship": "Outer","Parallel Aware": true,"Async Capable": false,"Relation Name": "part","Alias": "part","Startup Cost": 0.00,"Total Cost": 6180.33,"Plan Rows": 12601,"Plan Width": 40,"Actual Startup Time": 0.052,"Actual Total Time": 20.268,"Actual Rows": 5965,"Actual Loops": 5,"Filter": "((p_brand <> 'Brand#52'::bpchar) AND ((p_type)::text !~~ 'LARGE PLATED%'::text) AND (p_size = ANY ('{31,37,29,5,2,10,28,41}'::integer[])))","Rows Removed by Filter": 34035,"Workers": []}]}]}]}]}]}]},"Planning Time": 4.381,"Triggers": [],"Execution Time": 245.066}]
[{"Plan": {"Node Type": "Sort","Parallel Aware": false,"Async Capable": false,"Startup Cost": 32958.62,"Total Cost": 32998.08,"Plan Rows": 15783,"Plan Width": 44,"Actual Startup Time": 236.739,"Actual Total Time": 238.318,"Actual Rows": 18216,"Actual Loops": 1,"Sort Key": ["(count(DISTINCT partsupp.ps_suppkey)) DESC", "part.p_brand", "part.p_type", "part.p_size"],"Sort Method": "quicksort","Sort Space Used": 2333,"Sort Space Type": "Memory","Plans": [{"Node Type": "Aggregate","Strategy": "Sorted","Partial Mode": "Simple","Parent Relationship": "Outer","Parallel Aware": false,"Async Capable": false,"Startup Cost": 24220.13,"Total Cost": 31858.07,"Plan Rows": 15783,"Plan Width": 44,"Actual Startup Time": 134.052,"Actual Total Time": 199.611,"Actual Rows": 18216,"Actual Loops": 1,"Group Key": ["part.p_brand", "part.p_type", "part.p_size"],"Plans": [{"Node Type": "Gather Merge","Parent Relationship": "Outer","Parallel Aware": false,"Async Capable": false,"Startup Cost": 24220.13,"Total Cost": 31123.67,"Plan Rows": 57657,"Plan Width": 40,"Actual Startup Time": 134.002,"Actual Total Time": 172.263,"Actual Rows": 117975,"Actual Loops": 1,"Workers Planned": 4,"Workers Launched": 4,"Plans": [{"Node Type": "Sort","Parent Relationship": "Outer","Parallel Aware": false,"Async Capable": false,"Startup Cost": 23220.07,"Total Cost": 23256.11,"Plan Rows": 14414,"Plan Width": 40,"Actual Startup Time": 122.237,"Actual Total Time": 124.850,"Actual Rows": 23595,"Actual Loops": 5,"Sort Key": ["part.p_brand", "part.p_type", "part.p_size"],"Sort Method": "quicksort","Sort Space Used": 2488,"Sort Space Type": "Memory","Workers": [{"Worker Number": 0,"Sort Method": "quicksort","Sort Space Used": 2830,"Sort Space Type": "Memory"},{"Worker Number": 1,"Sort Method": "quicksort","Sort Space Used": 2436,"Sort Space Type": "Memory"},{"Worker Number": 2,"Sort Method": "quicksort","Sort Space Used": 2924,"Sort Space Type": "Memory"},{"Worker Number": 3,"Sort Method": "quicksort","Sort Space Used": 2891,"Sort Space Type": "Memory"}],"Plans": [{"Node Type": "Hash Join","Parent Relationship": "Outer","Parallel Aware": true,"Async Capable": false,"Join Type": "Inner","Startup Cost": 6677.91,"Total Cost": 22224.41,"Plan Rows": 14414,"Plan Width": 40,"Actual Startup Time": 31.014,"Actual Total Time": 80.815,"Actual Rows": 23595,"Actual Loops": 5,"Inner Unique": true,"Hash Cond": "(partsupp.ps_partkey = part.p_partkey)","Workers": [],"Plans": [{"Node Type": "Index Only Scan","Parent Relationship": "Outer","Parallel Aware": true,"Async Capable": false,"Scan Direction": "Forward","Index Name": "partsupp_pkey","Relation Name": "partsupp","Alias": "partsupp","Startup Cost": 347.43,"Total Cost": 15631.43,"Plan Rows": 100000,"Plan Width": 8,"Actual Startup Time": 7.541,"Actual Total Time": 32.717,"Actual Rows": 159936,"Actual Loops": 5,"Filter": "(NOT (hashed SubPlan 1))","Rows Removed by Filter": 64,"Heap Fetches": 0,"Workers": [],"Plans": [{"Node Type": "Seq Scan","Parent Relationship": "SubPlan","Subplan Name": "SubPlan 1","Parallel Aware": false,"Async Capable": false,"Relation Name": "supplier","Alias": "supplier","Startup Cost": 0.00,"Total Cost": 347.00,"Plan Rows": 1,"Plan Width": 4,"Actual Startup Time": 0.224,"Actual Total Time": 7.391,"Actual Rows": 4,"Actual Loops": 5,"Filter": "((s_comment)::text ~~ '%Customer%Complaints%'::text)","Rows Removed by Filter": 9996,"Workers": []}]},{"Node Type": "Hash","Parent Relationship": "Inner","Parallel Aware": true,"Async Capable": false,"Startup Cost": 6180.33,"Total Cost": 6180.33,"Plan Rows": 12012,"Plan Width": 40,"Actual Startup Time": 23.221,"Actual Total Time": 23.224,"Actual Rows": 5901,"Actual Loops": 5,"Hash Buckets": 32768,"Original Hash Buckets": 32768,"Hash Batches": 1,"Original Hash Batches": 1,"Peak Memory Usage": 2528,"Workers": [],"Plans": [{"Node Type": "Seq Scan","Parent Relationship": "Outer","Parallel Aware": true,"Async Capable": false,"Relation Name": "part","Alias": "part","Startup Cost": 0.00,"Total Cost": 6180.33,"Plan Rows": 12012,"Plan Width": 40,"Actual Startup Time": 0.062,"Actual Total Time": 19.370,"Actual Rows": 5901,"Actual Loops": 5,"Filter": "((p_brand <> 'Brand#55'::bpchar) AND ((p_type)::text !~~ 'MEDIUM PLATED%'::text) AND (p_size = ANY ('{17,8,5,45,11,13,33,4}'::integer[])))","Rows Removed by Filter": 34099,"Workers": []}]}]}]}]}]}]},"Planning Time": 5.211,"Triggers": [],"Execution Time": 239.239}]
[{"Plan": {"Node Type": "Sort","Parallel Aware": false,"Async Capable": false,"Startup Cost": 33117.24,"Total Cost": 33157.00,"Plan Rows": 15902,"Plan Width": 44,"Actual Startup Time": 234.774,"Actual Total Time": 236.573,"Actual Rows": 18174,"Actual Loops": 1,"Sort Key": ["(count(DISTINCT partsupp.ps_suppkey)) DESC", "part.p_brand", "part.p_type", "part.p_size"],"Sort Method": "quicksort","Sort Space Used": 2330,"Sort Space Type": "Memory","Plans": [{"Node Type": "Aggregate","Strategy": "Sorted","Partial Mode": "Simple","Parent Relationship": "Outer","Parallel Aware": false,"Async Capable": false,"Startup Cost": 24241.38,"Total Cost": 32007.53,"Plan Rows": 15902,"Plan Width": 44,"Actual Startup Time": 130.919,"Actual Total Time": 196.862,"Actual Rows": 18174,"Actual Loops": 1,"Group Key": ["part.p_brand", "part.p_type", "part.p_size"],"Plans": [{"Node Type": "Gather Merge","Parent Relationship": "Outer","Parallel Aware": false,"Async Capable": false,"Startup Cost": 24241.38,"Total Cost": 31262.15,"Plan Rows": 58636,"Plan Width": 40,"Actual Startup Time": 130.836,"Actual Total Time": 169.730,"Actual Rows": 117553,"Actual Loops": 1,"Workers Planned": 4,"Workers Launched": 4,"Plans": [{"Node Type": "Sort","Parent Relationship": "Outer","Parallel Aware": false,"Async Capable": false,"Startup Cost": 23241.33,"Total Cost": 23277.97,"Plan Rows": 14659,"Plan Width": 40,"Actual Startup Time": 123.116,"Actual Total Time": 125.527,"Actual Rows": 23511,"Actual Loops": 5,"Sort Key": ["part.p_brand", "part.p_type", "part.p_size"],"Sort Method": "quicksort","Sort Space Used": 2693,"Sort Space Type": "Memory","Workers": [{"Worker Number": 0,"Sort Method": "quicksort","Sort Space Used": 2723,"Sort Space Type": "Memory"},{"Worker Number": 1,"Sort Method": "quicksort","Sort Space Used": 2710,"Sort Space Type": "Memory"},{"Worker Number": 2,"Sort Method": "quicksort","Sort Space Used": 2722,"Sort Space Type": "Memory"},{"Worker Number": 3,"Sort Method": "quicksort","Sort Space Used": 2685,"Sort Space Type": "Memory"}],"Plans": [{"Node Type": "Hash Join","Parent Relationship": "Outer","Parallel Aware": true,"Async Capable": false,"Join Type": "Inner","Startup Cost": 6680.46,"Total Cost": 22226.96,"Plan Rows": 14659,"Plan Width": 40,"Actual Startup Time": 30.939,"Actual Total Time": 81.683,"Actual Rows": 23511,"Actual Loops": 5,"Inner Unique": true,"Hash Cond": "(partsupp.ps_partkey = part.p_partkey)","Workers": [],"Plans": [{"Node Type": "Index Only Scan","Parent Relationship": "Outer","Parallel Aware": true,"Async Capable": false,"Scan Direction": "Forward","Index Name": "partsupp_pkey","Relation Name": "partsupp","Alias": "partsupp","Startup Cost": 347.43,"Total Cost": 15631.43,"Plan Rows": 100000,"Plan Width": 8,"Actual Startup Time": 7.160,"Actual Total Time": 32.478,"Actual Rows": 159936,"Actual Loops": 5,"Filter": "(NOT (hashed SubPlan 1))","Rows Removed by Filter": 64,"Heap Fetches": 0,"Workers": [],"Plans": [{"Node Type": "Seq Scan","Parent Relationship": "SubPlan","Subplan Name": "SubPlan 1","Parallel Aware": false,"Async Capable": false,"Relation Name": "supplier","Alias": "supplier","Startup Cost": 0.00,"Total Cost": 347.00,"Plan Rows": 1,"Plan Width": 4,"Actual Startup Time": 0.158,"Actual Total Time": 7.048,"Actual Rows": 4,"Actual Loops": 5,"Filter": "((s_comment)::text ~~ '%Customer%Complaints%'::text)","Rows Removed by Filter": 9996,"Workers": []}]},{"Node Type": "Hash","Parent Relationship": "Inner","Parallel Aware": true,"Async Capable": false,"Startup Cost": 6180.33,"Total Cost": 6180.33,"Plan Rows": 12216,"Plan Width": 40,"Actual Startup Time": 23.485,"Actual Total Time": 23.487,"Actual Rows": 5880,"Actual Loops": 5,"Hash Buckets": 32768,"Original Hash Buckets": 32768,"Hash Batches": 1,"Original Hash Batches": 1,"Peak Memory Usage": 2528,"Workers": [],"Plans": [{"Node Type": "Seq Scan","Parent Relationship": "Outer","Parallel Aware": true,"Async Capable": false,"Relation Name": "part","Alias": "part","Startup Cost": 0.00,"Total Cost": 6180.33,"Plan Rows": 12216,"Plan Width": 40,"Actual Startup Time": 0.054,"Actual Total Time": 19.534,"Actual Rows": 5880,"Actual Loops": 5,"Filter": "((p_brand <> 'Brand#43'::bpchar) AND ((p_type)::text !~~ 'SMALL PLATED%'::text) AND (p_size = ANY ('{43,13,46,50,7,25,40,8}'::integer[])))","Rows Removed by Filter": 34120,"Workers": []}]}]}]}]}]}]},"Planning Time": 3.766,"Triggers": [],"Execution Time": 237.498}]
[{"Plan": {"Node Type": "Sort","Parallel Aware": false,"Async Capable": false,"Startup Cost": 33286.42,"Total Cost": 33326.48,"Plan Rows": 16026,"Plan Width": 44,"Actual Startup Time": 240.595,"Actual Total Time": 242.269,"Actual Rows": 18286,"Actual Loops": 1,"Sort Key": ["(count(DISTINCT partsupp.ps_suppkey)) DESC", "part.p_brand", "part.p_type", "part.p_size"],"Sort Method": "quicksort","Sort Space Used": 2339,"Sort Space Type": "Memory","Plans": [{"Node Type": "Aggregate","Strategy": "Sorted","Partial Mode": "Simple","Parent Relationship": "Outer","Parallel Aware": false,"Async Capable": false,"Startup Cost": 24264.07,"Total Cost": 32167.15,"Plan Rows": 16026,"Plan Width": 44,"Actual Startup Time": 134.753,"Actual Total Time": 203.366,"Actual Rows": 18286,"Actual Loops": 1,"Group Key": ["part.p_brand", "part.p_type", "part.p_size"],"Plans": [{"Node Type": "Gather Merge","Parent Relationship": "Outer","Parallel Aware": false,"Async Capable": false,"Startup Cost": 24264.07,"Total Cost": 31410.07,"Plan Rows": 59682,"Plan Width": 40,"Actual Startup Time": 134.692,"Actual Total Time": 174.469,"Actual Rows": 118551,"Actual Loops": 1,"Workers Planned": 4,"Workers Launched": 4,"Plans": [{"Node Type": "Sort","Parent Relationship": "Outer","Parallel Aware": false,"Async Capable": false,"Startup Cost": 23264.01,"Total Cost": 23301.31,"Plan Rows": 14920,"Plan Width": 40,"Actual Startup Time": 122.304,"Actual Total Time": 125.121,"Actual Rows": 23710,"Actual Loops": 5,"Sort Key": ["part.p_brand", "part.p_type", "part.p_size"],"Sort Method": "quicksort","Sort Space Used": 2451,"Sort Space Type": "Memory","Workers": [{"Worker Number": 0,"Sort Method": "quicksort","Sort Space Used": 2931,"Sort Space Type": "Memory"},{"Worker Number": 1,"Sort Method": "quicksort","Sort Space Used": 2456,"Sort Space Type": "Memory"},{"Worker Number": 2,"Sort Method": "quicksort","Sort Space Used": 2862,"Sort Space Type": "Memory"},{"Worker Number": 3,"Sort Method": "quicksort","Sort Space Used": 2883,"Sort Space Type": "Memory"}],"Plans": [{"Node Type": "Hash Join","Parent Relationship": "Outer","Parallel Aware": true,"Async Capable": false,"Join Type": "Inner","Startup Cost": 6683.19,"Total Cost": 22229.69,"Plan Rows": 14920,"Plan Width": 40,"Actual Startup Time": 31.333,"Actual Total Time": 80.897,"Actual Rows": 23710,"Actual Loops": 5,"Inner Unique": true,"Hash Cond": "(partsupp.ps_partkey = part.p_partkey)","Workers": [],"Plans": [{"Node Type": "Index Only Scan","Parent Relationship": "Outer","Parallel Aware": true,"Async Capable": false,"Scan Direction": "Forward","Index Name": "partsupp_pkey","Relation Name": "partsupp","Alias": "partsupp","Startup Cost": 347.43,"Total Cost": 15631.43,"Plan Rows": 100000,"Plan Width": 8,"Actual Startup Time": 7.344,"Actual Total Time": 32.246,"Actual Rows": 159936,"Actual Loops": 5,"Filter": "(NOT (hashed SubPlan 1))","Rows Removed by Filter": 64,"Heap Fetches": 0,"Workers": [],"Plans": [{"Node Type": "Seq Scan","Parent Relationship": "SubPlan","Subplan Name": "SubPlan 1","Parallel Aware": false,"Async Capable": false,"Relation Name": "supplier","Alias": "supplier","Startup Cost": 0.00,"Total Cost": 347.00,"Plan Rows": 1,"Plan Width": 4,"Actual Startup Time": 0.147,"Actual Total Time": 7.188,"Actual Rows": 4,"Actual Loops": 5,"Filter": "((s_comment)::text ~~ '%Customer%Complaints%'::text)","Rows Removed by Filter": 9996,"Workers": []}]},{"Node Type": "Hash","Parent Relationship": "Inner","Parallel Aware": true,"Async Capable": false,"Startup Cost": 6180.33,"Total Cost": 6180.33,"Plan Rows": 12434,"Plan Width": 40,"Actual Startup Time": 23.725,"Actual Total Time": 23.729,"Actual Rows": 5930,"Actual Loops": 5,"Hash Buckets": 32768,"Original Hash Buckets": 32768,"Hash Batches": 1,"Original Hash Batches": 1,"Peak Memory Usage": 2560,"Workers": [],"Plans": [{"Node Type": "Seq Scan","Parent Relationship": "Outer","Parallel Aware": true,"Async Capable": false,"Relation Name": "part","Alias": "part","Startup Cost": 0.00,"Total Cost": 6180.33,"Plan Rows": 12434,"Plan Width": 40,"Actual Startup Time": 0.061,"Actual Total Time": 19.653,"Actual Rows": 5930,"Actual Loops": 5,"Filter": "((p_brand <> 'Brand#15'::bpchar) AND ((p_type)::text !~~ 'STANDARD POLISHED%'::text) AND (p_size = ANY ('{10,33,31,29,2,15,19,17}'::integer[])))","Rows Removed by Filter": 34070,"Workers": []}]}]}]}]}]}]},"Planning Time": 3.906,"Triggers": [],"Execution Time": 243.114}]
[{"Plan": {"Node Type": "Sort","Parallel Aware": false,"Async Capable": false,"Startup Cost": 32960.39,"Total Cost": 32999.85,"Plan Rows": 15784,"Plan Width": 44,"Actual Startup Time": 240.082,"Actual Total Time": 241.639,"Actual Rows": 18243,"Actual Loops": 1,"Sort Key": ["(count(DISTINCT partsupp.ps_suppkey)) DESC", "part.p_brand", "part.p_type", "part.p_size"],"Sort Method": "quicksort","Sort Space Used": 2335,"Sort Space Type": "Memory","Plans": [{"Node Type": "Aggregate","Strategy": "Sorted","Partial Mode": "Simple","Parent Relationship": "Outer","Parallel Aware": false,"Async Capable": false,"Startup Cost": 24220.38,"Total Cost": 31859.76,"Plan Rows": 15784,"Plan Width": 44,"Actual Startup Time": 136.881,"Actual Total Time": 203.658,"Actual Rows": 18243,"Actual Loops": 1,"Group Key": ["part.p_brand", "part.p_type", "part.p_size"],"Plans": [{"Node Type": "Gather Merge","Parent Relationship": "Outer","Parallel Aware": false,"Async Capable": false,"Startup Cost": 24220.38,"Total Cost": 31125.24,"Plan Rows": 57668,"Plan Width": 40,"Actual Startup Time": 136.809,"Actual Total Time": 175.924,"Actual Rows": 117955,"Actual Loops": 1,"Workers Planned": 4,"Workers Launched": 4,"Plans": [{"Node Type": "Sort","Parent Relationship": "Outer","Parallel Aware": false,"Async Capable": false,"Startup Cost": 23220.32,"Total Cost": 23256.37,"Plan Rows": 14417,"Plan Width": 40,"Actual Startup Time": 124.373,"Actual Total Time": 127.101,"Actual Rows": 23591,"Actual Loops": 5,"Sort Key": ["part.p_brand", "part.p_type", "part.p_size"],"Sort Method": "quicksort","Sort Space Used": 2537,"Sort Space Type": "Memory","Workers": [{"Worker Number": 0,"Sort Method": "quicksort","Sort Space Used": 2637,"Sort Space Type": "Memory"},{"Worker Number": 1,"Sort Method": "quicksort","Sort Space Used": 2492,"Sort Space Type": "Memory"},{"Worker Number": 2,"Sort Method": "quicksort","Sort Space Used": 2927,"Sort Space Type": "Memory"},{"Worker Number": 3,"Sort Method": "quicksort","Sort Space Used": 2950,"Sort Space Type": "Memory"}],"Plans": [{"Node Type": "Hash Join","Parent Relationship": "Outer","Parallel Aware": true,"Async Capable": false,"Join Type": "Inner","Startup Cost": 6677.94,"Total Cost": 22224.44,"Plan Rows": 14417,"Plan Width": 40,"Actual Startup Time": 31.117,"Actual Total Time": 82.530,"Actual Rows": 23591,"Actual Loops": 5,"Inner Unique": true,"Hash Cond": "(partsupp.ps_partkey = part.p_partkey)","Workers": [],"Plans": [{"Node Type": "Index Only Scan","Parent Relationship": "Outer","Parallel Aware": true,"Async Capable": false,"Scan Direction": "Forward","Index Name": "partsupp_pkey","Relation Name": "partsupp","Alias": "partsupp","Startup Cost": 347.43,"Total Cost": 15631.43,"Plan Rows": 100000,"Plan Width": 8,"Actual Startup Time": 7.371,"Actual Total Time": 33.663,"Actual Rows": 159936,"Actual Loops": 5,"Filter": "(NOT (hashed SubPlan 1))","Rows Removed by Filter": 64,"Heap Fetches": 0,"Workers": [],"Plans": [{"Node Type": "Seq Scan","Parent Relationship": "SubPlan","Subplan Name": "SubPlan 1","Parallel Aware": false,"Async Capable": false,"Relation Name": "supplier","Alias": "supplier","Startup Cost": 0.00,"Total Cost": 347.00,"Plan Rows": 1,"Plan Width": 4,"Actual Startup Time": 0.184,"Actual Total Time": 7.205,"Actual Rows": 4,"Actual Loops": 5,"Filter": "((s_comment)::text ~~ '%Customer%Complaints%'::text)","Rows Removed by Filter": 9996,"Workers": []}]},{"Node Type": "Hash","Parent Relationship": "Inner","Parallel Aware": true,"Async Capable": false,"Startup Cost": 6180.33,"Total Cost": 6180.33,"Plan Rows": 12014,"Plan Width": 40,"Actual Startup Time": 23.463,"Actual Total Time": 23.467,"Actual Rows": 5900,"Actual Loops": 5,"Hash Buckets": 32768,"Original Hash Buckets": 32768,"Hash Batches": 1,"Original Hash Batches": 1,"Peak Memory Usage": 2528,"Workers": [],"Plans": [{"Node Type": "Seq Scan","Parent Relationship": "Outer","Parallel Aware": true,"Async Capable": false,"Relation Name": "part","Alias": "part","Startup Cost": 0.00,"Total Cost": 6180.33,"Plan Rows": 12014,"Plan Width": 40,"Actual Startup Time": 0.065,"Actual Total Time": 19.498,"Actual Rows": 5900,"Actual Loops": 5,"Filter": "((p_brand <> 'Brand#13'::bpchar) AND ((p_type)::text !~~ 'ECONOMY BRUSHED%'::text) AND (p_size = ANY ('{8,19,3,49,20,41,23,4}'::integer[])))","Rows Removed by Filter": 34100,"Workers": []}]}]}]}]}]}]},"Planning Time": 4.102,"Triggers": [],"Execution Time": 242.556}]
[{"Plan": {"Node Type": "Sort","Parallel Aware": false,"Async Capable": false,"Startup Cost": 33117.85,"Total Cost": 33157.60,"Plan Rows": 15902,"Plan Width": 44,"Actual Startup Time": 232.944,"Actual Total Time": 235.143,"Actual Rows": 18263,"Actual Loops": 1,"Sort Key": ["(count(DISTINCT partsupp.ps_suppkey)) DESC", "part.p_brand", "part.p_type", "part.p_size"],"Sort Method": "quicksort","Sort Space Used": 2337,"Sort Space Type": "Memory","Plans": [{"Node Type": "Aggregate","Strategy": "Sorted","Partial Mode": "Simple","Parent Relationship": "Outer","Parallel Aware": false,"Async Capable": false,"Startup Cost": 24241.47,"Total Cost": 32008.13,"Plan Rows": 15902,"Plan Width": 44,"Actual Startup Time": 130.227,"Actual Total Time": 196.462,"Actual Rows": 18263,"Actual Loops": 1,"Group Key": ["part.p_brand", "part.p_type", "part.p_size"],"Plans": [{"Node Type": "Gather Merge","Parent Relationship": "Outer","Parallel Aware": false,"Async Capable": false,"Startup Cost": 24241.47,"Total Cost": 31262.71,"Plan Rows": 58640,"Plan Width": 40,"Actual Startup Time": 130.132,"Actual Total Time": 168.967,"Actual Rows": 118646,"Actual Loops": 1,"Workers Planned": 4,"Workers Launched": 4,"Plans": [{"Node Type": "Sort","Parent Relationship": "Outer","Parallel Aware": false,"Async Capable": false,"Startup Cost": 23241.42,"Total Cost": 23278.07,"Plan Rows": 14660,"Plan Width": 40,"Actual Startup Time": 120.047,"Actual Total Time": 122.547,"Actual Rows": 23729,"Actual Loops": 5,"Sort Key": ["part.p_brand", "part.p_type", "part.p_size"],"Sort Method": "quicksort","Sort Space Used": 2610,"Sort Space Type": "Memory","Workers": [{"Worker Number": 0,"Sort Method": "quicksort","Sort Space Used": 2615,"Sort Space Type": "Memory"},{"Worker Number": 1,"Sort Method": "quicksort","Sort Space Used": 2858,"Sort Space Type": "Memory"},{"Worker Number": 2,"Sort Method": "quicksort","Sort Space Used": 2651,"Sort Space Type": "Memory"},{"Worker Number": 3,"Sort Method": "quicksort","Sort Space Used": 2867,"Sort Space Type": "Memory"}],"Plans": [{"Node Type": "Hash Join","Parent Relationship": "Outer","Parallel Aware": true,"Async Capable": false,"Join Type": "Inner","Startup Cost": 6680.47,"Total Cost": 22226.97,"Plan Rows": 14660,"Plan Width": 40,"Actual Startup Time": 29.054,"Actual Total Time": 78.448,"Actual Rows": 23729,"Actual Loops": 5,"Inner Unique": true,"Hash Cond": "(partsupp.ps_partkey = part.p_partkey)","Workers": [],"Plans": [{"Node Type": "Index Only Scan","Parent Relationship": "Outer","Parallel Aware": true,"Async Capable": false,"Scan Direction": "Forward","Index Name": "partsupp_pkey","Relation Name": "partsupp","Alias": "partsupp","Startup Cost": 347.43,"Total Cost": 15631.43,"Plan Rows": 100000,"Plan Width": 8,"Actual Startup Time": 6.908,"Actual Total Time": 32.271,"Actual Rows": 159936,"Actual Loops": 5,"Filter": "(NOT (hashed SubPlan 1))","Rows Removed by Filter": 64,"Heap Fetches": 0,"Workers": [],"Plans": [{"Node Type": "Seq Scan","Parent Relationship": "SubPlan","Subplan Name": "SubPlan 1","Parallel Aware": false,"Async Capable": false,"Relation Name": "supplier","Alias": "supplier","Startup Cost": 0.00,"Total Cost": 347.00,"Plan Rows": 1,"Plan Width": 4,"Actual Startup Time": 0.130,"Actual Total Time": 6.735,"Actual Rows": 4,"Actual Loops": 5,"Filter": "((s_comment)::text ~~ '%Customer%Complaints%'::text)","Rows Removed by Filter": 9996,"Workers": []}]},{"Node Type": "Hash","Parent Relationship": "Inner","Parallel Aware": true,"Async Capable": false,"Startup Cost": 6180.33,"Total Cost": 6180.33,"Plan Rows": 12217,"Plan Width": 40,"Actual Startup Time": 21.862,"Actual Total Time": 21.866,"Actual Rows": 5935,"Actual Loops": 5,"Hash Buckets": 32768,"Original Hash Buckets": 32768,"Hash Batches": 1,"Original Hash Batches": 1,"Peak Memory Usage": 2528,"Workers": [],"Plans": [{"Node Type": "Seq Scan","Parent Relationship": "Outer","Parallel Aware": true,"Async Capable": false,"Relation Name": "part","Alias": "part","Startup Cost": 0.00,"Total Cost": 6180.33,"Plan Rows": 12217,"Plan Width": 40,"Actual Startup Time": 0.057,"Actual Total Time": 18.547,"Actual Rows": 5935,"Actual Loops": 5,"Filter": "((p_brand <> 'Brand#13'::bpchar) AND ((p_type)::text !~~ 'ECONOMY BRUSHED%'::text) AND (p_size = ANY ('{5,18,36,47,34,19,48,41}'::integer[])))","Rows Removed by Filter": 34065,"Workers": []}]}]}]}]}]}]},"Planning Time": 4.357,"Triggers": [],"Execution Time": 236.346}]
[{"Plan": {"Node Type": "Sort","Parallel Aware": false,"Async Capable": false,"Startup Cost": 33291.74,"Total Cost": 33331.81,"Plan Rows": 16029,"Plan Width": 44,"Actual Startup Time": 232.763,"Actual Total Time": 234.754,"Actual Rows": 18176,"Actual Loops": 1,"Sort Key": ["(count(DISTINCT partsupp.ps_suppkey)) DESC", "part.p_brand", "part.p_type", "part.p_size"],"Sort Method": "quicksort","Sort Space Used": 2330,"Sort Space Type": "Memory","Plans": [{"Node Type": "Aggregate","Strategy": "Sorted","Partial Mode": "Simple","Parent Relationship": "Outer","Parallel Aware": false,"Async Capable": false,"Startup Cost": 24264.85,"Total Cost": 32172.24,"Plan Rows": 16029,"Plan Width": 44,"Actual Startup Time": 129.277,"Actual Total Time": 195.355,"Actual Rows": 18176,"Actual Loops": 1,"Group Key": ["part.p_brand", "part.p_type", "part.p_size"],"Plans": [{"Node Type": "Gather Merge","Parent Relationship": "Outer","Parallel Aware": false,"Async Capable": false,"Startup Cost": 24264.85,"Total Cost": 31414.80,"Plan Rows": 59715,"Plan Width": 40,"Actual Startup Time": 129.212,"Actual Total Time": 168.070,"Actual Rows": 118588,"Actual Loops": 1,"Workers Planned": 4,"Workers Launched": 4,"Plans": [{"Node Type": "Sort","Parent Relationship": "Outer","Parallel Aware": false,"Async Capable": false,"Startup Cost": 23264.79,"Total Cost": 23302.11,"Plan Rows": 14929,"Plan Width": 40,"Actual Startup Time": 120.779,"Actual Total Time": 123.245,"Actual Rows": 23718,"Actual Loops": 5,"Sort Key": ["part.p_brand", "part.p_type", "part.p_size"],"Sort Method": "quicksort","Sort Space Used": 2679,"Sort Space Type": "Memory","Workers": [{"Worker Number": 0,"Sort Method": "quicksort","Sort Space Used": 2759,"Sort Space Type": "Memory"},{"Worker Number": 1,"Sort Method": "quicksort","Sort Space Used": 2728,"Sort Space Type": "Memory"},{"Worker Number": 2,"Sort Method": "quicksort","Sort Space Used": 2677,"Sort Space Type": "Memory"},{"Worker Number": 3,"Sort Method": "quicksort","Sort Space Used": 2776,"Sort Space Type": "Memory"}],"Plans": [{"Node Type": "Hash Join","Parent Relationship": "Outer","Parallel Aware": true,"Async Capable": false,"Join Type": "Inner","Startup Cost": 6683.27,"Total Cost": 22229.77,"Plan Rows": 14929,"Plan Width": 40,"Actual Startup Time": 28.960,"Actual Total Time": 79.200,"Actual Rows": 23718,"Actual Loops": 5,"Inner Unique": true,"Hash Cond": "(partsupp.ps_partkey = part.p_partkey)","Workers": [],"Plans": [{"Node Type": "Index Only Scan","Parent Relationship": "Outer","Parallel Aware": true,"Async Capable": false,"Scan Direction": "Forward","Index Name": "partsupp_pkey","Relation Name": "partsupp","Alias": "partsupp","Startup Cost": 347.43,"Total Cost": 15631.43,"Plan Rows": 100000,"Plan Width": 8,"Actual Startup Time": 6.941,"Actual Total Time": 32.007,"Actual Rows": 159936,"Actual Loops": 5,"Filter": "(NOT (hashed SubPlan 1))","Rows Removed by Filter": 64,"Heap Fetches": 0,"Workers": [],"Plans": [{"Node Type": "Seq Scan","Parent Relationship": "SubPlan","Subplan Name": "SubPlan 1","Parallel Aware": false,"Async Capable": false,"Relation Name": "supplier","Alias": "supplier","Startup Cost": 0.00,"Total Cost": 347.00,"Plan Rows": 1,"Plan Width": 4,"Actual Startup Time": 0.131,"Actual Total Time": 6.790,"Actual Rows": 4,"Actual Loops": 5,"Filter": "((s_comment)::text ~~ '%Customer%Complaints%'::text)","Rows Removed by Filter": 9996,"Workers": []}]},{"Node Type": "Hash","Parent Relationship": "Inner","Parallel Aware": true,"Async Capable": false,"Startup Cost": 6180.33,"Total Cost": 6180.33,"Plan Rows": 12441,"Plan Width": 40,"Actual Startup Time": 21.724,"Actual Total Time": 21.727,"Actual Rows": 5932,"Actual Loops": 5,"Hash Buckets": 32768,"Original Hash Buckets": 32768,"Hash Batches": 1,"Original Hash Batches": 1,"Peak Memory Usage": 2560,"Workers": [],"Plans": [{"Node Type": "Seq Scan","Parent Relationship": "Outer","Parallel Aware": true,"Async Capable": false,"Relation Name": "part","Alias": "part","Startup Cost": 0.00,"Total Cost": 6180.33,"Plan Rows": 12441,"Plan Width": 40,"Actual Startup Time": 0.065,"Actual Total Time": 18.170,"Actual Rows": 5932,"Actual Loops": 5,"Filter": "((p_brand <> 'Brand#24'::bpchar) AND ((p_type)::text !~~ 'LARGE BRUSHED%'::text) AND (p_size = ANY ('{25,36,6,1,8,30,5,18}'::integer[])))","Rows Removed by Filter": 34068,"Workers": []}]}]}]}]}]}]},"Planning Time": 4.080,"Triggers": [],"Execution Time": 236.040}]
[{"Plan": {"Node Type": "Sort","Parallel Aware": false,"Async Capable": false,"Startup Cost": 33289.83,"Total Cost": 33329.90,"Plan Rows": 16028,"Plan Width": 44,"Actual Startup Time": 240.754,"Actual Total Time": 242.371,"Actual Rows": 18253,"Actual Loops": 1,"Sort Key": ["(count(DISTINCT partsupp.ps_suppkey)) DESC", "part.p_brand", "part.p_type", "part.p_size"],"Sort Method": "quicksort","Sort Space Used": 2336,"Sort Space Type": "Memory","Plans": [{"Node Type": "Aggregate","Strategy": "Sorted","Partial Mode": "Simple","Parent Relationship": "Outer","Parallel Aware": false,"Async Capable": false,"Startup Cost": 24264.58,"Total Cost": 32170.41,"Plan Rows": 16028,"Plan Width": 44,"Actual Startup Time": 135.143,"Actual Total Time": 203.374,"Actual Rows": 18253,"Actual Loops": 1,"Group Key": ["part.p_brand", "part.p_type", "part.p_size"],"Plans": [{"Node Type": "Gather Merge","Parent Relationship": "Outer","Parallel Aware": false,"Async Capable": false,"Startup Cost": 24264.58,"Total Cost": 31413.10,"Plan Rows": 59703,"Plan Width": 40,"Actual Startup Time": 135.082,"Actual Total Time": 174.712,"Actual Rows": 119514,"Actual Loops": 1,"Workers Planned": 4,"Workers Launched": 4,"Plans": [{"Node Type": "Sort","Parent Relationship": "Outer","Parallel Aware": false,"Async Capable": false,"Startup Cost": 23264.52,"Total Cost": 23301.84,"Plan Rows": 14926,"Plan Width": 40,"Actual Startup Time": 122.683,"Actual Total Time": 125.519,"Actual Rows": 23903,"Actual Loops": 5,"Sort Key": ["part.p_brand", "part.p_type", "part.p_size"],"Sort Method": "quicksort","Sort Space Used": 2463,"Sort Space Type": "Memory","Workers": [{"Worker Number": 0,"Sort Method": "quicksort","Sort Space Used": 2515,"Sort Space Type": "Memory"},{"Worker Number": 1,"Sort Method": "quicksort","Sort Space Used": 2880,"Sort Space Type": "Memory"},{"Worker Number": 2,"Sort Method": "quicksort","Sort Space Used": 2880,"Sort Space Type": "Memory"},{"Worker Number": 3,"Sort Method": "quicksort","Sort Space Used": 2933,"Sort Space Type": "Memory"}],"Plans": [{"Node Type": "Hash Join","Parent Relationship": "Outer","Parallel Aware": true,"Async Capable": false,"Join Type": "Inner","Startup Cost": 6683.24,"Total Cost": 22229.74,"Plan Rows": 14926,"Plan Width": 40,"Actual Startup Time": 30.506,"Actual Total Time": 80.414,"Actual Rows": 23903,"Actual Loops": 5,"Inner Unique": true,"Hash Cond": "(partsupp.ps_partkey = part.p_partkey)","Workers": [],"Plans": [{"Node Type": "Index Only Scan","Parent Relationship": "Outer","Parallel Aware": true,"Async Capable": false,"Scan Direction": "Forward","Index Name": "partsupp_pkey","Relation Name": "partsupp","Alias": "partsupp","Startup Cost": 347.43,"Total Cost": 15631.43,"Plan Rows": 100000,"Plan Width": 8,"Actual Startup Time": 7.280,"Actual Total Time": 32.547,"Actual Rows": 159936,"Actual Loops": 5,"Filter": "(NOT (hashed SubPlan 1))","Rows Removed by Filter": 64,"Heap Fetches": 0,"Workers": [],"Plans": [{"Node Type": "Seq Scan","Parent Relationship": "SubPlan","Subplan Name": "SubPlan 1","Parallel Aware": false,"Async Capable": false,"Relation Name": "supplier","Alias": "supplier","Startup Cost": 0.00,"Total Cost": 347.00,"Plan Rows": 1,"Plan Width": 4,"Actual Startup Time": 0.193,"Actual Total Time": 7.145,"Actual Rows": 4,"Actual Loops": 5,"Filter": "((s_comment)::text ~~ '%Customer%Complaints%'::text)","Rows Removed by Filter": 9996,"Workers": []}]},{"Node Type": "Hash","Parent Relationship": "Inner","Parallel Aware": true,"Async Capable": false,"Startup Cost": 6180.33,"Total Cost": 6180.33,"Plan Rows": 12438,"Plan Width": 40,"Actual Startup Time": 22.930,"Actual Total Time": 22.933,"Actual Rows": 5978,"Actual Loops": 5,"Hash Buckets": 32768,"Original Hash Buckets": 32768,"Hash Batches": 1,"Original Hash Batches": 1,"Peak Memory Usage": 2560,"Workers": [],"Plans": [{"Node Type": "Seq Scan","Parent Relationship": "Outer","Parallel Aware": true,"Async Capable": false,"Relation Name": "part","Alias": "part","Startup Cost": 0.00,"Total Cost": 6180.33,"Plan Rows": 12438,"Plan Width": 40,"Actual Startup Time": 0.056,"Actual Total Time": 18.899,"Actual Rows": 5978,"Actual Loops": 5,"Filter": "((p_brand <> 'Brand#24'::bpchar) AND ((p_type)::text !~~ 'MEDIUM ANODIZED%'::text) AND (p_size = ANY ('{5,13,18,21,30,27,16,40}'::integer[])))","Rows Removed by Filter": 34022,"Workers": []}]}]}]}]}]}]},"Planning Time": 3.944,"Triggers": [],"Execution Time": 243.243}]
[{"Plan": {"Node Type": "Sort","Parallel Aware": false,"Async Capable": false,"Startup Cost": 33181.17,"Total Cost": 33221.04,"Plan Rows": 15949,"Plan Width": 44,"Actual Startup Time": 236.967,"Actual Total Time": 238.900,"Actual Rows": 18244,"Actual Loops": 1,"Sort Key": ["(count(DISTINCT partsupp.ps_suppkey)) DESC", "part.p_brand", "part.p_type", "part.p_size"],"Sort Method": "quicksort","Sort Space Used": 2335,"Sort Space Type": "Memory","Plans": [{"Node Type": "Aggregate","Strategy": "Sorted","Partial Mode": "Simple","Parent Relationship": "Outer","Parallel Aware": false,"Async Capable": false,"Startup Cost": 24249.98,"Total Cost": 32067.83,"Plan Rows": 15949,"Plan Width": 44,"Actual Startup Time": 131.123,"Actual Total Time": 197.600,"Actual Rows": 18244,"Actual Loops": 1,"Group Key": ["part.p_brand", "part.p_type", "part.p_size"],"Plans": [{"Node Type": "Gather Merge","Parent Relationship": "Outer","Parallel Aware": false,"Async Capable": false,"Startup Cost": 24249.98,"Total Cost": 31318.03,"Plan Rows": 59031,"Plan Width": 40,"Actual Startup Time": 131.037,"Actual Total Time": 170.287,"Actual Rows": 118796,"Actual Loops": 1,"Workers Planned": 4,"Workers Launched": 4,"Plans": [{"Node Type": "Sort","Parent Relationship": "Outer","Parallel Aware": false,"Async Capable": false,"Startup Cost": 23249.92,"Total Cost": 23286.81,"Plan Rows": 14758,"Plan Width": 40,"Actual Startup Time": 122.660,"Actual Total Time": 125.137,"Actual Rows": 23759,"Actual Loops": 5,"Sort Key": ["part.p_brand", "part.p_type", "part.p_size"],"Sort Method": "quicksort","Sort Space Used": 2691,"Sort Space Type": "Memory","Workers": [{"Worker Number": 0,"Sort Method": "quicksort","Sort Space Used": 2774,"Sort Space Type": "Memory"},{"Worker Number": 1,"Sort Method": "quicksort","Sort Space Used": 2670,"Sort Space Type": "Memory"},{"Worker Number": 2,"Sort Method": "quicksort","Sort Space Used": 2750,"Sort Space Type": "Memory"},{"Worker Number": 3,"Sort Method": "quicksort","Sort Space Used": 2724,"Sort Space Type": "Memory"}],"Plans": [{"Node Type": "Hash Join","Parent Relationship": "Outer","Parallel Aware": true,"Async Capable": false,"Join Type": "Inner","Startup Cost": 6681.49,"Total Cost": 22227.99,"Plan Rows": 14758,"Plan Width": 40,"Actual Startup Time": 30.587,"Actual Total Time": 81.062,"Actual Rows": 23759,"Actual Loops": 5,"Inner Unique": true,"Hash Cond": "(partsupp.ps_partkey = part.p_partkey)","Workers": [],"Plans": [{"Node Type": "Index Only Scan","Parent Relationship": "Outer","Parallel Aware": true,"Async Capable": false,"Scan Direction": "Forward","Index Name": "partsupp_pkey","Relation Name": "partsupp","Alias": "partsupp","Startup Cost": 347.43,"Total Cost": 15631.43,"Plan Rows": 100000,"Plan Width": 8,"Actual Startup Time": 7.641,"Actual Total Time": 32.795,"Actual Rows": 159936,"Actual Loops": 5,"Filter": "(NOT (hashed SubPlan 1))","Rows Removed by Filter": 64,"Heap Fetches": 0,"Workers": [],"Plans": [{"Node Type": "Seq Scan","Parent Relationship": "SubPlan","Subplan Name": "SubPlan 1","Parallel Aware": false,"Async Capable": false,"Relation Name": "supplier","Alias": "supplier","Startup Cost": 0.00,"Total Cost": 347.00,"Plan Rows": 1,"Plan Width": 4,"Actual Startup Time": 0.297,"Actual Total Time": 7.447,"Actual Rows": 4,"Actual Loops": 5,"Filter": "((s_comment)::text ~~ '%Customer%Complaints%'::text)","Rows Removed by Filter": 9996,"Workers": []}]},{"Node Type": "Hash","Parent Relationship": "Inner","Parallel Aware": true,"Async Capable": false,"Startup Cost": 6180.33,"Total Cost": 6180.33,"Plan Rows": 12298,"Plan Width": 40,"Actual Startup Time": 22.656,"Actual Total Time": 22.659,"Actual Rows": 5943,"Actual Loops": 5,"Hash Buckets": 32768,"Original Hash Buckets": 32768,"Hash Batches": 1,"Original Hash Batches": 1,"Peak Memory Usage": 2528,"Workers": [],"Plans": [{"Node Type": "Seq Scan","Parent Relationship": "Outer","Parallel Aware": true,"Async Capable": false,"Relation Name": "part","Alias": "part","Startup Cost": 0.00,"Total Cost": 6180.33,"Plan Rows": 12298,"Plan Width": 40,"Actual Startup Time": 0.056,"Actual Total Time": 19.034,"Actual Rows": 5943,"Actual Loops": 5,"Filter": "((p_brand <> 'Brand#52'::bpchar) AND ((p_type)::text !~~ 'MEDIUM ANODIZED%'::text) AND (p_size = ANY ('{41,10,23,43,25,48,12,4}'::integer[])))","Rows Removed by Filter": 34057,"Workers": []}]}]}]}]}]}]},"Planning Time": 4.388,"Triggers": [],"Execution Time": 240.124}]
[{"Plan": {"Node Type": "Sort","Parallel Aware": false,"Async Capable": false,"Startup Cost": 33241.94,"Total Cost": 33281.92,"Plan Rows": 15993,"Plan Width": 44,"Actual Startup Time": 233.810,"Actual Total Time": 235.543,"Actual Rows": 18300,"Actual Loops": 1,"Sort Key": ["(count(DISTINCT partsupp.ps_suppkey)) DESC", "part.p_brand", "part.p_type", "part.p_size"],"Sort Method": "quicksort","Sort Space Used": 2341,"Sort Space Type": "Memory","Plans": [{"Node Type": "Aggregate","Strategy": "Sorted","Partial Mode": "Simple","Parent Relationship": "Outer","Parallel Aware": false,"Async Capable": false,"Startup Cost": 24258.14,"Total Cost": 32125.22,"Plan Rows": 15993,"Plan Width": 44,"Actual Startup Time": 130.088,"Actual Total Time": 196.640,"Actual Rows": 18300,"Actual Loops": 1,"Group Key": ["part.p_brand", "part.p_type", "part.p_size"],"Plans": [{"Node Type": "Gather Merge","Parent Relationship": "Outer","Parallel Aware": false,"Async Capable": false,"Startup Cost": 24258.14,"Total Cost": 31371.22,"Plan Rows": 59407,"Plan Width": 40,"Actual Startup Time": 130.017,"Actual Total Time": 169.100,"Actual Rows": 119141,"Actual Loops": 1,"Workers Planned": 4,"Workers Launched": 4,"Plans": [{"Node Type": "Sort","Parent Relationship": "Outer","Parallel Aware": false,"Async Capable": false,"Startup Cost": 23258.08,"Total Cost": 23295.21,"Plan Rows": 14852,"Plan Width": 40,"Actual Startup Time": 122.193,"Actual Total Time": 124.806,"Actual Rows": 23828,"Actual Loops": 5,"Sort Key": ["part.p_brand", "part.p_type", "part.p_size"],"Sort Method": "quicksort","Sort Space Used": 2726,"Sort Space Type": "Memory","Workers": [{"Worker Number": 0,"Sort Method": "quicksort","Sort Space Used": 2757,"Sort Space Type": "Memory"},{"Worker Number": 1,"Sort Method": "quicksort","Sort Space Used": 2738,"Sort Space Type": "Memory"},{"Worker Number": 2,"Sort Method": "quicksort","Sort Space Used": 2699,"Sort Space Type": "Memory"},{"Worker Number": 3,"Sort Method": "quicksort","Sort Space Used": 2745,"Sort Space Type": "Memory"}],"Plans": [{"Node Type": "Hash Join","Parent Relationship": "Outer","Parallel Aware": true,"Async Capable": false,"Join Type": "Inner","Startup Cost": 6682.46,"Total Cost": 22228.96,"Plan Rows": 14852,"Plan Width": 40,"Actual Startup Time": 30.219,"Actual Total Time": 80.595,"Actual Rows": 23828,"Actual Loops": 5,"Inner Unique": true,"Hash Cond": "(partsupp.ps_partkey = part.p_partkey)","Workers": [],"Plans": [{"Node Type": "Index Only Scan","Parent Relationship": "Outer","Parallel Aware": true,"Async Capable": false,"Scan Direction": "Forward","Index Name": "partsupp_pkey","Relation Name": "partsupp","Alias": "partsupp","Startup Cost": 347.43,"Total Cost": 15631.43,"Plan Rows": 100000,"Plan Width": 8,"Actual Startup Time": 7.127,"Actual Total Time": 32.183,"Actual Rows": 159936,"Actual Loops": 5,"Filter": "(NOT (hashed SubPlan 1))","Rows Removed by Filter": 64,"Heap Fetches": 0,"Workers": [],"Plans": [{"Node Type": "Seq Scan","Parent Relationship": "SubPlan","Subplan Name": "SubPlan 1","Parallel Aware": false,"Async Capable": false,"Relation Name": "supplier","Alias": "supplier","Startup Cost": 0.00,"Total Cost": 347.00,"Plan Rows": 1,"Plan Width": 4,"Actual Startup Time": 0.127,"Actual Total Time": 6.976,"Actual Rows": 4,"Actual Loops": 5,"Filter": "((s_comment)::text ~~ '%Customer%Complaints%'::text)","Rows Removed by Filter": 9996,"Workers": []}]},{"Node Type": "Hash","Parent Relationship": "Inner","Parallel Aware": true,"Async Capable": false,"Startup Cost": 6180.33,"Total Cost": 6180.33,"Plan Rows": 12376,"Plan Width": 40,"Actual Startup Time": 22.818,"Actual Total Time": 22.820,"Actual Rows": 5959,"Actual Loops": 5,"Hash Buckets": 32768,"Original Hash Buckets": 32768,"Hash Batches": 1,"Original Hash Batches": 1,"Peak Memory Usage": 2560,"Workers": [],"Plans": [{"Node Type": "Seq Scan","Parent Relationship": "Outer","Parallel Aware": true,"Async Capable": false,"Relation Name": "part","Alias": "part","Startup Cost": 0.00,"Total Cost": 6180.33,"Plan Rows": 12376,"Plan Width": 40,"Actual Startup Time": 0.051,"Actual Total Time": 18.822,"Actual Rows": 5959,"Actual Loops": 5,"Filter": "((p_brand <> 'Brand#34'::bpchar) AND ((p_type)::text !~~ 'LARGE PLATED%'::text) AND (p_size = ANY ('{24,11,22,3,35,15,43,12}'::integer[])))","Rows Removed by Filter": 34041,"Workers": []}]}]}]}]}]}]},"Planning Time": 5.568,"Triggers": [],"Execution Time": 236.395}]
[{"Plan": {"Node Type": "Sort","Parallel Aware": false,"Async Capable": false,"Startup Cost": 33076.94,"Total Cost": 33116.62,"Plan Rows": 15872,"Plan Width": 44,"Actual Startup Time": 262.018,"Actual Total Time": 263.761,"Actual Rows": 18186,"Actual Loops": 1,"Sort Key": ["(count(DISTINCT partsupp.ps_suppkey)) DESC", "part.p_brand", "part.p_type", "part.p_size"],"Sort Method": "quicksort","Sort Space Used": 2331,"Sort Space Type": "Memory","Plans": [{"Node Type": "Aggregate","Strategy": "Sorted","Partial Mode": "Simple","Parent Relationship": "Outer","Parallel Aware": false,"Async Capable": false,"Startup Cost": 24236.00,"Total Cost": 31969.54,"Plan Rows": 15872,"Plan Width": 44,"Actual Startup Time": 156.396,"Actual Total Time": 224.446,"Actual Rows": 18186,"Actual Loops": 1,"Group Key": ["part.p_brand", "part.p_type", "part.p_size"],"Plans": [{"Node Type": "Gather Merge","Parent Relationship": "Outer","Parallel Aware": false,"Async Capable": false,"Startup Cost": 24236.00,"Total Cost": 31226.95,"Plan Rows": 58387,"Plan Width": 40,"Actual Startup Time": 156.348,"Actual Total Time": 195.891,"Actual Rows": 116963,"Actual Loops": 1,"Workers Planned": 4,"Workers Launched": 4,"Plans": [{"Node Type": "Sort","Parent Relationship": "Outer","Parallel Aware": false,"Async Capable": false,"Startup Cost": 23235.94,"Total Cost": 23272.43,"Plan Rows": 14597,"Plan Width": 40,"Actual Startup Time": 131.888,"Actual Total Time": 134.649,"Actual Rows": 23393,"Actual Loops": 5,"Sort Key": ["part.p_brand", "part.p_type", "part.p_size"],"Sort Method": "quicksort","Sort Space Used": 2298,"Sort Space Type": "Memory","Workers": [{"Worker Number": 0,"Sort Method": "quicksort","Sort Space Used": 2818,"Sort Space Type": "Memory"},{"Worker Number": 1,"Sort Method": "quicksort","Sort Space Used": 2832,"Sort Space Type": "Memory"},{"Worker Number": 2,"Sort Method": "quicksort","Sort Space Used": 2660,"Sort Space Type": "Memory"},{"Worker Number": 3,"Sort Method": "quicksort","Sort Space Used": 2867,"Sort Space Type": "Memory"}],"Plans": [{"Node Type": "Hash Join","Parent Relationship": "Outer","Parallel Aware": true,"Async Capable": false,"Join Type": "Inner","Startup Cost": 6679.81,"Total Cost": 22226.31,"Plan Rows": 14597,"Plan Width": 40,"Actual Startup Time": 32.180,"Actual Total Time": 83.214,"Actual Rows": 23393,"Actual Loops": 5,"Inner Unique": true,"Hash Cond": "(partsupp.ps_partkey = part.p_partkey)","Workers": [],"Plans": [{"Node Type": "Index Only Scan","Parent Relationship": "Outer","Parallel Aware": true,"Async Capable": false,"Scan Direction": "Forward","Index Name": "partsupp_pkey","Relation Name": "partsupp","Alias": "partsupp","Startup Cost": 347.43,"Total Cost": 15631.43,"Plan Rows": 100000,"Plan Width": 8,"Actual Startup Time": 7.853,"Actual Total Time": 34.632,"Actual Rows": 159936,"Actual Loops": 5,"Filter": "(NOT (hashed SubPlan 1))","Rows Removed by Filter": 64,"Heap Fetches": 0,"Workers": [],"Plans": [{"Node Type": "Seq Scan","Parent Relationship": "SubPlan","Subplan Name": "SubPlan 1","Parallel Aware": false,"Async Capable": false,"Relation Name": "supplier","Alias": "supplier","Startup Cost": 0.00,"Total Cost": 347.00,"Plan Rows": 1,"Plan Width": 4,"Actual Startup Time": 0.141,"Actual Total Time": 7.649,"Actual Rows": 4,"Actual Loops": 5,"Filter": "((s_comment)::text ~~ '%Customer%Complaints%'::text)","Rows Removed by Filter": 9996,"Workers": []}]},{"Node Type": "Hash","Parent Relationship": "Inner","Parallel Aware": true,"Async Capable": false,"Startup Cost": 6180.33,"Total Cost": 6180.33,"Plan Rows": 12164,"Plan Width": 40,"Actual Startup Time": 24.018,"Actual Total Time": 24.021,"Actual Rows": 5850,"Actual Loops": 5,"Hash Buckets": 32768,"Original Hash Buckets": 32768,"Hash Batches": 1,"Original Hash Batches": 1,"Peak Memory Usage": 2528,"Workers": [],"Plans": [{"Node Type": "Seq Scan","Parent Relationship": "Outer","Parallel Aware": true,"Async Capable": false,"Relation Name": "part","Alias": "part","Startup Cost": 0.00,"Total Cost": 6180.33,"Plan Rows": 12164,"Plan Width": 40,"Actual Startup Time": 0.059,"Actual Total Time": 19.962,"Actual Rows": 5850,"Actual Loops": 5,"Filter": "((p_brand <> 'Brand#25'::bpchar) AND ((p_type)::text !~~ 'PROMO ANODIZED%'::text) AND (p_size = ANY ('{15,31,43,36,19,16,34,8}'::integer[])))","Rows Removed by Filter": 34150,"Workers": []}]}]}]}]}]}]},"Planning Time": 4.896,"Triggers": [],"Execution Time": 264.715}]
[{"Plan": {"Node Type": "Sort","Parallel Aware": false,"Async Capable": false,"Startup Cost": 33421.02,"Total Cost": 33461.32,"Plan Rows": 16122,"Plan Width": 44,"Actual Startup Time": 235.671,"Actual Total Time": 237.798,"Actual Rows": 18346,"Actual Loops": 1,"Sort Key": ["(count(DISTINCT partsupp.ps_suppkey)) DESC", "part.p_brand", "part.p_type", "part.p_size"],"Sort Method": "quicksort","Sort Space Used": 2344,"Sort Space Type": "Memory","Plans": [{"Node Type": "Aggregate","Strategy": "Sorted","Partial Mode": "Simple","Parent Relationship": "Outer","Parallel Aware": false,"Async Capable": false,"Startup Cost": 24282.24,"Total Cost": 32294.35,"Plan Rows": 16122,"Plan Width": 44,"Actual Startup Time": 131.384,"Actual Total Time": 198.133,"Actual Rows": 18346,"Actual Loops": 1,"Group Key": ["part.p_brand", "part.p_type", "part.p_size"],"Plans": [{"Node Type": "Gather Merge","Parent Relationship": "Outer","Parallel Aware": false,"Async Capable": false,"Startup Cost": 24282.24,"Total Cost": 31527.98,"Plan Rows": 60515,"Plan Width": 40,"Actual Startup Time": 131.305,"Actual Total Time": 170.293,"Actual Rows": 119289,"Actual Loops": 1,"Workers Planned": 4,"Workers Launched": 4,"Plans": [{"Node Type": "Sort","Parent Relationship": "Outer","Parallel Aware": false,"Async Capable": false,"Startup Cost": 23282.18,"Total Cost": 23320.00,"Plan Rows": 15129,"Plan Width": 40,"Actual Startup Time": 120.264,"Actual Total Time": 122.742,"Actual Rows": 23858,"Actual Loops": 5,"Sort Key": ["part.p_brand", "part.p_type", "part.p_size"],"Sort Method": "quicksort","Sort Space Used": 2623,"Sort Space Type": "Memory","Workers": [{"Worker Number": 0,"Sort Method": "quicksort","Sort Space Used": 2651,"Sort Space Type": "Memory"},{"Worker Number": 1,"Sort Method": "quicksort","Sort Space Used": 2640,"Sort Space Type": "Memory"},{"Worker Number": 2,"Sort Method": "quicksort","Sort Space Used": 2888,"Sort Space Type": "Memory"},{"Worker Number": 3,"Sort Method": "quicksort","Sort Space Used": 2844,"Sort Space Type": "Memory"}],"Plans": [{"Node Type": "Hash Join","Parent Relationship": "Outer","Parallel Aware": true,"Async Capable": false,"Join Type": "Inner","Startup Cost": 6685.35,"Total Cost": 22231.85,"Plan Rows": 15129,"Plan Width": 40,"Actual Startup Time": 29.135,"Actual Total Time": 78.540,"Actual Rows": 23858,"Actual Loops": 5,"Inner Unique": true,"Hash Cond": "(partsupp.ps_partkey = part.p_partkey)","Workers": [],"Plans": [{"Node Type": "Index Only Scan","Parent Relationship": "Outer","Parallel Aware": true,"Async Capable": false,"Scan Direction": "Forward","Index Name": "partsupp_pkey","Relation Name": "partsupp","Alias": "partsupp","Startup Cost": 347.43,"Total Cost": 15631.43,"Plan Rows": 100000,"Plan Width": 8,"Actual Startup Time": 6.974,"Actual Total Time": 32.494,"Actual Rows": 159936,"Actual Loops": 5,"Filter": "(NOT (hashed SubPlan 1))","Rows Removed by Filter": 64,"Heap Fetches": 0,"Workers": [],"Plans": [{"Node Type": "Seq Scan","Parent Relationship": "SubPlan","Subplan Name": "SubPlan 1","Parallel Aware": false,"Async Capable": false,"Relation Name": "supplier","Alias": "supplier","Startup Cost": 0.00,"Total Cost": 347.00,"Plan Rows": 1,"Plan Width": 4,"Actual Startup Time": 0.133,"Actual Total Time": 6.826,"Actual Rows": 4,"Actual Loops": 5,"Filter": "((s_comment)::text ~~ '%Customer%Complaints%'::text)","Rows Removed by Filter": 9996,"Workers": []}]},{"Node Type": "Hash","Parent Relationship": "Inner","Parallel Aware": true,"Async Capable": false,"Startup Cost": 6180.33,"Total Cost": 6180.33,"Plan Rows": 12607,"Plan Width": 40,"Actual Startup Time": 21.882,"Actual Total Time": 21.884,"Actual Rows": 5966,"Actual Loops": 5,"Hash Buckets": 32768,"Original Hash Buckets": 32768,"Hash Batches": 1,"Original Hash Batches": 1,"Peak Memory Usage": 2528,"Workers": [],"Plans": [{"Node Type": "Seq Scan","Parent Relationship": "Outer","Parallel Aware": true,"Async Capable": false,"Relation Name": "part","Alias": "part","Startup Cost": 0.00,"Total Cost": 6180.33,"Plan Rows": 12607,"Plan Width": 40,"Actual Startup Time": 0.054,"Actual Total Time": 18.645,"Actual Rows": 5966,"Actual Loops": 5,"Filter": "((p_brand <> 'Brand#32'::bpchar) AND ((p_type)::text !~~ 'STANDARD ANODIZED%'::text) AND (p_size = ANY ('{1,10,36,43,30,35,9,17}'::integer[])))","Rows Removed by Filter": 34034,"Workers": []}]}]}]}]}]}]},"Planning Time": 4.813,"Triggers": [],"Execution Time": 239.036}]
[{"Plan": {"Node Type": "Sort","Parallel Aware": false,"Async Capable": false,"Startup Cost": 33498.44,"Total Cost": 33538.88,"Plan Rows": 16176,"Plan Width": 44,"Actual Startup Time": 236.143,"Actual Total Time": 238.186,"Actual Rows": 18222,"Actual Loops": 1,"Sort Key": ["(count(DISTINCT partsupp.ps_suppkey)) DESC", "part.p_brand", "part.p_type", "part.p_size"],"Sort Method": "quicksort","Sort Space Used": 2334,"Sort Space Type": "Memory","Plans": [{"Node Type": "Aggregate","Strategy": "Sorted","Partial Mode": "Simple","Parent Relationship": "Outer","Parallel Aware": false,"Async Capable": false,"Startup Cost": 24292.69,"Total Cost": 32367.61,"Plan Rows": 16176,"Plan Width": 44,"Actual Startup Time": 131.908,"Actual Total Time": 198.393,"Actual Rows": 18222,"Actual Loops": 1,"Group Key": ["part.p_brand", "part.p_type", "part.p_size"],"Plans": [{"Node Type": "Gather Merge","Parent Relationship": "Outer","Parallel Aware": false,"Async Capable": false,"Startup Cost": 24292.69,"Total Cost": 31595.90,"Plan Rows": 60995,"Plan Width": 40,"Actual Startup Time": 131.841,"Actual Total Time": 170.961,"Actual Rows": 119601,"Actual Loops": 1,"Workers Planned": 4,"Workers Launched": 4,"Plans": [{"Node Type": "Sort","Parent Relationship": "Outer","Parallel Aware": false,"Async Capable": false,"Startup Cost": 23292.63,"Total Cost": 23330.75,"Plan Rows": 15249,"Plan Width": 40,"Actual Startup Time": 123.660,"Actual Total Time": 126.146,"Actual Rows": 23920,"Actual Loops": 5,"Sort Key": ["part.p_brand", "part.p_type", "part.p_size"],"Sort Method": "quicksort","Sort Space Used": 2705,"Sort Space Type": "Memory","Workers": [{"Worker Number": 0,"Sort Method": "quicksort","Sort Space Used": 2774,"Sort Space Type": "Memory"},{"Worker Number": 1,"Sort Method": "quicksort","Sort Space Used": 2765,"Sort Space Type": "Memory"},{"Worker Number": 2,"Sort Method": "quicksort","Sort Space Used": 2674,"Sort Space Type": "Memory"},{"Worker Number": 3,"Sort Method": "quicksort","Sort Space Used": 2784,"Sort Space Type": "Memory"}],"Plans": [{"Node Type": "Hash Join","Parent Relationship": "Outer","Parallel Aware": true,"Async Capable": false,"Join Type": "Inner","Startup Cost": 6686.60,"Total Cost": 22233.10,"Plan Rows": 15249,"Plan Width": 40,"Actual Startup Time": 31.240,"Actual Total Time": 81.716,"Actual Rows": 23920,"Actual Loops": 5,"Inner Unique": true,"Hash Cond": "(partsupp.ps_partkey = part.p_partkey)","Workers": [],"Plans": [{"Node Type": "Index Only Scan","Parent Relationship": "Outer","Parallel Aware": true,"Async Capable": false,"Scan Direction": "Forward","Index Name": "partsupp_pkey","Relation Name": "partsupp","Alias": "partsupp","Startup Cost": 347.43,"Total Cost": 15631.43,"Plan Rows": 100000,"Plan Width": 8,"Actual Startup Time": 7.601,"Actual Total Time": 32.735,"Actual Rows": 159936,"Actual Loops": 5,"Filter": "(NOT (hashed SubPlan 1))","Rows Removed by Filter": 64,"Heap Fetches": 0,"Workers": [],"Plans": [{"Node Type": "Seq Scan","Parent Relationship": "SubPlan","Subplan Name": "SubPlan 1","Parallel Aware": false,"Async Capable": false,"Relation Name": "supplier","Alias": "supplier","Startup Cost": 0.00,"Total Cost": 347.00,"Plan Rows": 1,"Plan Width": 4,"Actual Startup Time": 0.137,"Actual Total Time": 7.450,"Actual Rows": 4,"Actual Loops": 5,"Filter": "((s_comment)::text ~~ '%Customer%Complaints%'::text)","Rows Removed by Filter": 9996,"Workers": []}]},{"Node Type": "Hash","Parent Relationship": "Inner","Parallel Aware": true,"Async Capable": false,"Startup Cost": 6180.33,"Total Cost": 6180.33,"Plan Rows": 12707,"Plan Width": 40,"Actual Startup Time": 23.380,"Actual Total Time": 23.384,"Actual Rows": 5982,"Actual Loops": 5,"Hash Buckets": 32768,"Original Hash Buckets": 32768,"Hash Batches": 1,"Original Hash Batches": 1,"Peak Memory Usage": 2560,"Workers": [],"Plans": [{"Node Type": "Seq Scan","Parent Relationship": "Outer","Parallel Aware": true,"Async Capable": false,"Relation Name": "part","Alias": "part","Startup Cost": 0.00,"Total Cost": 6180.33,"Plan Rows": 12707,"Plan Width": 40,"Actual Startup Time": 0.055,"Actual Total Time": 19.661,"Actual Rows": 5982,"Actual Loops": 5,"Filter": "((p_brand <> 'Brand#14'::bpchar) AND ((p_type)::text !~~ 'LARGE BRUSHED%'::text) AND (p_size = ANY ('{14,28,31,18,22,38,29,4}'::integer[])))","Rows Removed by Filter": 34018,"Workers": []}]}]}]}]}]}]},"Planning Time": 3.900,"Triggers": [],"Execution Time": 239.501}]
[{"Plan": {"Node Type": "Sort","Parallel Aware": false,"Async Capable": false,"Startup Cost": 33398.55,"Total Cost": 33438.81,"Plan Rows": 16106,"Plan Width": 44,"Actual Startup Time": 268.901,"Actual Total Time": 270.747,"Actual Rows": 18216,"Actual Loops": 1,"Sort Key": ["(count(DISTINCT partsupp.ps_suppkey)) DESC", "part.p_brand", "part.p_type", "part.p_size"],"Sort Method": "quicksort","Sort Space Used": 2333,"Sort Space Type": "Memory","Plans": [{"Node Type": "Aggregate","Strategy": "Sorted","Partial Mode": "Simple","Parent Relationship": "Outer","Parallel Aware": false,"Async Capable": false,"Startup Cost": 24279.19,"Total Cost": 32273.11,"Plan Rows": 16106,"Plan Width": 44,"Actual Startup Time": 159.781,"Actual Total Time": 230.471,"Actual Rows": 18216,"Actual Loops": 1,"Group Key": ["part.p_brand", "part.p_type", "part.p_size"],"Plans": [{"Node Type": "Gather Merge","Parent Relationship": "Outer","Parallel Aware": false,"Async Capable": false,"Startup Cost": 24279.19,"Total Cost": 31508.29,"Plan Rows": 60376,"Plan Width": 40,"Actual Startup Time": 159.721,"Actual Total Time": 200.876,"Actual Rows": 118672,"Actual Loops": 1,"Workers Planned": 4,"Workers Launched": 4,"Plans": [{"Node Type": "Sort","Parent Relationship": "Outer","Parallel Aware": false,"Async Capable": false,"Startup Cost": 23279.14,"Total Cost": 23316.87,"Plan Rows": 15094,"Plan Width": 40,"Actual Startup Time": 129.241,"Actual Total Time": 132.225,"Actual Rows": 23734,"Actual Loops": 5,"Sort Key": ["part.p_brand", "part.p_type", "part.p_size"],"Sort Method": "quicksort","Sort Space Used": 2398,"Sort Space Type": "Memory","Workers": [{"Worker Number": 0,"Sort Method": "quicksort","Sort Space Used": 2780,"Sort Space Type": "Memory"},{"Worker Number": 1,"Sort Method": "quicksort","Sort Space Used": 2817,"Sort Space Type": "Memory"},{"Worker Number": 2,"Sort Method": "quicksort","Sort Space Used": 2794,"Sort Space Type": "Memory"},{"Worker Number": 3,"Sort Method": "quicksort","Sort Space Used": 2809,"Sort Space Type": "Memory"}],"Plans": [{"Node Type": "Hash Join","Parent Relationship": "Outer","Parallel Aware": true,"Async Capable": false,"Join Type": "Inner","Startup Cost": 6684.99,"Total Cost": 22231.49,"Plan Rows": 15094,"Plan Width": 40,"Actual Startup Time": 29.064,"Actual Total Time": 78.310,"Actual Rows": 23734,"Actual Loops": 5,"Inner Unique": true,"Hash Cond": "(partsupp.ps_partkey = part.p_partkey)","Workers": [],"Plans": [{"Node Type": "Index Only Scan","Parent Relationship": "Outer","Parallel Aware": true,"Async Capable": false,"Scan Direction": "Forward","Index Name": "partsupp_pkey","Relation Name": "partsupp","Alias": "partsupp","Startup Cost": 347.43,"Total Cost": 15631.43,"Plan Rows": 100000,"Plan Width": 8,"Actual Startup Time": 6.844,"Actual Total Time": 32.380,"Actual Rows": 159936,"Actual Loops": 5,"Filter": "(NOT (hashed SubPlan 1))","Rows Removed by Filter": 64,"Heap Fetches": 0,"Workers": [],"Plans": [{"Node Type": "Seq Scan","Parent Relationship": "SubPlan","Subplan Name": "SubPlan 1","Parallel Aware": false,"Async Capable": false,"Relation Name": "supplier","Alias": "supplier","Startup Cost": 0.00,"Total Cost": 347.00,"Plan Rows": 1,"Plan Width": 4,"Actual Startup Time": 0.159,"Actual Total Time": 6.690,"Actual Rows": 4,"Actual Loops": 5,"Filter": "((s_comment)::text ~~ '%Customer%Complaints%'::text)","Rows Removed by Filter": 9996,"Workers": []}]},{"Node Type": "Hash","Parent Relationship": "Inner","Parallel Aware": true,"Async Capable": false,"Startup Cost": 6180.33,"Total Cost": 6180.33,"Plan Rows": 12578,"Plan Width": 40,"Actual Startup Time": 21.944,"Actual Total Time": 21.948,"Actual Rows": 5936,"Actual Loops": 5,"Hash Buckets": 32768,"Original Hash Buckets": 32768,"Hash Batches": 1,"Original Hash Batches": 1,"Peak Memory Usage": 2592,"Workers": [],"Plans": [{"Node Type": "Seq Scan","Parent Relationship": "Outer","Parallel Aware": true,"Async Capable": false,"Relation Name": "part","Alias": "part","Startup Cost": 0.00,"Total Cost": 6180.33,"Plan Rows": 12578,"Plan Width": 40,"Actual Startup Time": 0.047,"Actual Total Time": 18.153,"Actual Rows": 5936,"Actual Loops": 5,"Filter": "((p_brand <> 'Brand#13'::bpchar) AND ((p_type)::text !~~ 'ECONOMY ANODIZED%'::text) AND (p_size = ANY ('{32,6,14,31,30,36,7,28}'::integer[])))","Rows Removed by Filter": 34064,"Workers": []}]}]}]}]}]}]},"Planning Time": 4.207,"Triggers": [],"Execution Time": 271.613}]
[{"Plan": {"Node Type": "Sort","Parallel Aware": false,"Async Capable": false,"Startup Cost": 33109.79,"Total Cost": 33149.53,"Plan Rows": 15896,"Plan Width": 44,"Actual Startup Time": 253.427,"Actual Total Time": 254.958,"Actual Rows": 18323,"Actual Loops": 1,"Sort Key": ["(count(DISTINCT partsupp.ps_suppkey)) DESC", "part.p_brand", "part.p_type", "part.p_size"],"Sort Method": "quicksort","Sort Space Used": 2342,"Sort Space Type": "Memory","Plans": [{"Node Type": "Aggregate","Strategy": "Sorted","Partial Mode": "Simple","Parent Relationship": "Outer","Parallel Aware": false,"Async Capable": false,"Startup Cost": 24240.42,"Total Cost": 32000.53,"Plan Rows": 15896,"Plan Width": 44,"Actual Startup Time": 148.473,"Actual Total Time": 218.131,"Actual Rows": 18323,"Actual Loops": 1,"Group Key": ["part.p_brand", "part.p_type", "part.p_size"],"Plans": [{"Node Type": "Gather Merge","Parent Relationship": "Outer","Parallel Aware": false,"Async Capable": false,"Startup Cost": 24240.42,"Total Cost": 31255.67,"Plan Rows": 58590,"Plan Width": 40,"Actual Startup Time": 148.413,"Actual Total Time": 188.462,"Actual Rows": 118419,"Actual Loops": 1,"Workers Planned": 4,"Workers Launched": 4,"Plans": [{"Node Type": "Sort","Parent Relationship": "Outer","Parallel Aware": false,"Async Capable": false,"Startup Cost": 23240.36,"Total Cost": 23276.98,"Plan Rows": 14648,"Plan Width": 40,"Actual Startup Time": 127.538,"Actual Total Time": 130.456,"Actual Rows": 23684,"Actual Loops": 5,"Sort Key": ["part.p_brand", "part.p_type", "part.p_size"],"Sort Method": "quicksort","Sort Space Used": 2493,"Sort Space Type": "Memory","Workers": [{"Worker Number": 0,"Sort Method": "quicksort","Sort Space Used": 2781,"Sort Space Type": "Memory"},{"Worker Number": 1,"Sort Method": "quicksort","Sort Space Used": 2801,"Sort Space Type": "Memory"},{"Worker Number": 2,"Sort Method": "quicksort","Sort Space Used": 2744,"Sort Space Type": "Memory"},{"Worker Number": 3,"Sort Method": "quicksort","Sort Space Used": 2761,"Sort Space Type": "Memory"}],"Plans": [{"Node Type": "Hash Join","Parent Relationship": "Outer","Parallel Aware": true,"Async Capable": false,"Join Type": "Inner","Startup Cost": 6680.34,"Total Cost": 22226.84,"Plan Rows": 14648,"Plan Width": 40,"Actual Startup Time": 31.915,"Actual Total Time": 79.342,"Actual Rows": 23684,"Actual Loops": 5,"Inner Unique": true,"Hash Cond": "(partsupp.ps_partkey = part.p_partkey)","Workers": [],"Plans": [{"Node Type": "Index Only Scan","Parent Relationship": "Outer","Parallel Aware": true,"Async Capable": false,"Scan Direction": "Forward","Index Name": "partsupp_pkey","Relation Name": "partsupp","Alias": "partsupp","Startup Cost": 347.43,"Total Cost": 15631.43,"Plan Rows": 100000,"Plan Width": 8,"Actual Startup Time": 7.183,"Actual Total Time": 32.859,"Actual Rows": 159936,"Actual Loops": 5,"Filter": "(NOT (hashed SubPlan 1))","Rows Removed by Filter": 64,"Heap Fetches": 0,"Workers": [],"Plans": [{"Node Type": "Seq Scan","Parent Relationship": "SubPlan","Subplan Name": "SubPlan 1","Parallel Aware": false,"Async Capable": false,"Relation Name": "supplier","Alias": "supplier","Startup Cost": 0.00,"Total Cost": 347.00,"Plan Rows": 1,"Plan Width": 4,"Actual Startup Time": 0.270,"Actual Total Time": 7.030,"Actual Rows": 4,"Actual Loops": 5,"Filter": "((s_comment)::text ~~ '%Customer%Complaints%'::text)","Rows Removed by Filter": 9996,"Workers": []}]},{"Node Type": "Hash","Parent Relationship": "Inner","Parallel Aware": true,"Async Capable": false,"Startup Cost": 6180.33,"Total Cost": 6180.33,"Plan Rows": 12206,"Plan Width": 40,"Actual Startup Time": 24.535,"Actual Total Time": 24.540,"Actual Rows": 5923,"Actual Loops": 5,"Hash Buckets": 32768,"Original Hash Buckets": 32768,"Hash Batches": 1,"Original Hash Batches": 1,"Peak Memory Usage": 2496,"Workers": [],"Plans": [{"Node Type": "Seq Scan","Parent Relationship": "Outer","Parallel Aware": true,"Async Capable": false,"Relation Name": "part","Alias": "part","Startup Cost": 0.00,"Total Cost": 6180.33,"Plan Rows": 12206,"Plan Width": 40,"Actual Startup Time": 0.052,"Actual Total Time": 20.953,"Actual Rows": 5923,"Actual Loops": 5,"Filter": "((p_brand <> 'Brand#11'::bpchar) AND ((p_type)::text !~~ 'STANDARD PLATED%'::text) AND (p_size = ANY ('{36,44,42,2,25,37,46,40}'::integer[])))","Rows Removed by Filter": 34077,"Workers": []}]}]}]}]}]}]},"Planning Time": 4.067,"Triggers": [],"Execution Time": 255.845}]
[{"Plan": {"Node Type": "Sort","Parallel Aware": false,"Async Capable": false,"Startup Cost": 33093.00,"Total Cost": 33132.71,"Plan Rows": 15884,"Plan Width": 44,"Actual Startup Time": 232.774,"Actual Total Time": 234.541,"Actual Rows": 18279,"Actual Loops": 1,"Sort Key": ["(count(DISTINCT partsupp.ps_suppkey)) DESC", "part.p_brand", "part.p_type", "part.p_size"],"Sort Method": "quicksort","Sort Space Used": 2338,"Sort Space Type": "Memory","Plans": [{"Node Type": "Aggregate","Strategy": "Sorted","Partial Mode": "Simple","Parent Relationship": "Outer","Parallel Aware": false,"Async Capable": false,"Startup Cost": 24238.17,"Total Cost": 31984.67,"Plan Rows": 15884,"Plan Width": 44,"Actual Startup Time": 128.748,"Actual Total Time": 194.701,"Actual Rows": 18279,"Actual Loops": 1,"Group Key": ["part.p_brand", "part.p_type", "part.p_size"],"Plans": [{"Node Type": "Gather Merge","Parent Relationship": "Outer","Parallel Aware": false,"Async Capable": false,"Startup Cost": 24238.17,"Total Cost": 31240.97,"Plan Rows": 58486,"Plan Width": 40,"Actual Startup Time": 128.653,"Actual Total Time": 166.993,"Actual Rows": 118899,"Actual Loops": 1,"Workers Planned": 4,"Workers Launched": 4,"Plans": [{"Node Type": "Sort","Parent Relationship": "Outer","Parallel Aware": false,"Async Capable": false,"Startup Cost": 23238.11,"Total Cost": 23274.67,"Plan Rows": 14622,"Plan Width": 40,"Actual Startup Time": 119.219,"Actual Total Time": 121.988,"Actual Rows": 23780,"Actual Loops": 5,"Sort Key": ["part.p_brand", "part.p_type", "part.p_size"],"Sort Method": "quicksort","Sort Space Used": 2624,"Sort Space Type": "Memory","Workers": [{"Worker Number": 0,"Sort Method": "quicksort","Sort Space Used": 2777,"Sort Space Type": "Memory"},{"Worker Number": 1,"Sort Method": "quicksort","Sort Space Used": 2680,"Sort Space Type": "Memory"},{"Worker Number": 2,"Sort Method": "quicksort","Sort Space Used": 2746,"Sort Space Type": "Memory"},{"Worker Number": 3,"Sort Method": "quicksort","Sort Space Used": 2791,"Sort Space Type": "Memory"}],"Plans": [{"Node Type": "Hash Join","Parent Relationship": "Outer","Parallel Aware": true,"Async Capable": false,"Join Type": "Inner","Startup Cost": 6680.07,"Total Cost": 22226.57,"Plan Rows": 14622,"Plan Width": 40,"Actual Startup Time": 29.153,"Actual Total Time": 77.371,"Actual Rows": 23780,"Actual Loops": 5,"Inner Unique": true,"Hash Cond": "(partsupp.ps_partkey = part.p_partkey)","Workers": [],"Plans": [{"Node Type": "Index Only Scan","Parent Relationship": "Outer","Parallel Aware": true,"Async Capable": false,"Scan Direction": "Forward","Index Name": "partsupp_pkey","Relation Name": "partsupp","Alias": "partsupp","Startup Cost": 347.43,"Total Cost": 15631.43,"Plan Rows": 100000,"Plan Width": 8,"Actual Startup Time": 7.143,"Actual Total Time": 31.587,"Actual Rows": 159936,"Actual Loops": 5,"Filter": "(NOT (hashed SubPlan 1))","Rows Removed by Filter": 64,"Heap Fetches": 0,"Workers": [],"Plans": [{"Node Type": "Seq Scan","Parent Relationship": "SubPlan","Subplan Name": "SubPlan 1","Parallel Aware": false,"Async Capable": false,"Relation Name": "supplier","Alias": "supplier","Startup Cost": 0.00,"Total Cost": 347.00,"Plan Rows": 1,"Plan Width": 4,"Actual Startup Time": 0.161,"Actual Total Time": 7.016,"Actual Rows": 4,"Actual Loops": 5,"Filter": "((s_comment)::text ~~ '%Customer%Complaints%'::text)","Rows Removed by Filter": 9996,"Workers": []}]},{"Node Type": "Hash","Parent Relationship": "Inner","Parallel Aware": true,"Async Capable": false,"Startup Cost": 6180.33,"Total Cost": 6180.33,"Plan Rows": 12185,"Plan Width": 40,"Actual Startup Time": 21.767,"Actual Total Time": 21.771,"Actual Rows": 5947,"Actual Loops": 5,"Hash Buckets": 32768,"Original Hash Buckets": 32768,"Hash Batches": 1,"Original Hash Batches": 1,"Peak Memory Usage": 2560,"Workers": [],"Plans": [{"Node Type": "Seq Scan","Parent Relationship": "Outer","Parallel Aware": true,"Async Capable": false,"Relation Name": "part","Alias": "part","Startup Cost": 0.00,"Total Cost": 6180.33,"Plan Rows": 12185,"Plan Width": 40,"Actual Startup Time": 0.053,"Actual Total Time": 18.327,"Actual Rows": 5947,"Actual Loops": 5,"Filter": "((p_brand <> 'Brand#32'::bpchar) AND ((p_type)::text !~~ 'MEDIUM BURNISHED%'::text) AND (p_size = ANY ('{21,16,36,18,19,5,39,4}'::integer[])))","Rows Removed by Filter": 34053,"Workers": []}]}]}]}]}]}]},"Planning Time": 3.889,"Triggers": [],"Execution Time": 235.842}]
[{"Plan": {"Node Type": "Sort","Parallel Aware": false,"Async Capable": false,"Startup Cost": 33120.70,"Total Cost": 33160.46,"Plan Rows": 15904,"Plan Width": 44,"Actual Startup Time": 234.838,"Actual Total Time": 236.707,"Actual Rows": 18299,"Actual Loops": 1,"Sort Key": ["(count(DISTINCT partsupp.ps_suppkey)) DESC", "part.p_brand", "part.p_type", "part.p_size"],"Sort Method": "quicksort","Sort Space Used": 2340,"Sort Space Type": "Memory","Plans": [{"Node Type": "Aggregate","Strategy": "Sorted","Partial Mode": "Simple","Parent Relationship": "Outer","Parallel Aware": false,"Async Capable": false,"Startup Cost": 24241.82,"Total Cost": 32010.83,"Plan Rows": 15904,"Plan Width": 44,"Actual Startup Time": 127.503,"Actual Total Time": 196.065,"Actual Rows": 18299,"Actual Loops": 1,"Group Key": ["part.p_brand", "part.p_type", "part.p_size"],"Plans": [{"Node Type": "Gather Merge","Parent Relationship": "Outer","Parallel Aware": false,"Async Capable": false,"Startup Cost": 24241.82,"Total Cost": 31265.21,"Plan Rows": 58658,"Plan Width": 40,"Actual Startup Time": 127.410,"Actual Total Time": 167.999,"Actual Rows": 118250,"Actual Loops": 1,"Workers Planned": 4,"Workers Launched": 4,"Plans": [{"Node Type": "Sort","Parent Relationship": "Outer","Parallel Aware": false,"Async Capable": false,"Startup Cost": 23241.76,"Total Cost": 23278.42,"Plan Rows": 14664,"Plan Width": 40,"Actual Startup Time": 118.632,"Actual Total Time": 121.537,"Actual Rows": 23650,"Actual Loops": 5,"Sort Key": ["part.p_brand", "part.p_type", "part.p_size"],"Sort Method": "quicksort","Sort Space Used": 2803,"Sort Space Type": "Memory","Workers": [{"Worker Number": 0,"Sort Method": "quicksort","Sort Space Used": 2762,"Sort Space Type": "Memory"},{"Worker Number": 1,"Sort Method": "quicksort","Sort Space Used": 2636,"Sort Space Type": "Memory"},{"Worker Number": 2,"Sort Method": "quicksort","Sort Space Used": 2763,"Sort Space Type": "Memory"},{"Worker Number": 3,"Sort Method": "quicksort","Sort Space Used": 2625,"Sort Space Type": "Memory"}],"Plans": [{"Node Type": "Hash Join","Parent Relationship": "Outer","Parallel Aware": true,"Async Capable": false,"Join Type": "Inner","Startup Cost": 6680.51,"Total Cost": 22227.01,"Plan Rows": 14664,"Plan Width": 40,"Actual Startup Time": 28.568,"Actual Total Time": 77.458,"Actual Rows": 23650,"Actual Loops": 5,"Inner Unique": true,"Hash Cond": "(partsupp.ps_partkey = part.p_partkey)","Workers": [],"Plans": [{"Node Type": "Index Only Scan","Parent Relationship": "Outer","Parallel Aware": true,"Async Capable": false,"Scan Direction": "Forward","Index Name": "partsupp_pkey","Relation Name": "partsupp","Alias": "partsupp","Startup Cost": 347.43,"Total Cost": 15631.43,"Plan Rows": 100000,"Plan Width": 8,"Actual Startup Time": 6.821,"Actual Total Time": 32.093,"Actual Rows": 159936,"Actual Loops": 5,"Filter": "(NOT (hashed SubPlan 1))","Rows Removed by Filter": 64,"Heap Fetches": 0,"Workers": [],"Plans": [{"Node Type": "Seq Scan","Parent Relationship": "SubPlan","Subplan Name": "SubPlan 1","Parallel Aware": false,"Async Capable": false,"Relation Name": "supplier","Alias": "supplier","Startup Cost": 0.00,"Total Cost": 347.00,"Plan Rows": 1,"Plan Width": 4,"Actual Startup Time": 0.130,"Actual Total Time": 6.670,"Actual Rows": 4,"Actual Loops": 5,"Filter": "((s_comment)::text ~~ '%Customer%Complaints%'::text)","Rows Removed by Filter": 9996,"Workers": []}]},{"Node Type": "Hash","Parent Relationship": "Inner","Parallel Aware": true,"Async Capable": false,"Startup Cost": 6180.33,"Total Cost": 6180.33,"Plan Rows": 12220,"Plan Width": 40,"Actual Startup Time": 21.492,"Actual Total Time": 21.498,"Actual Rows": 5915,"Actual Loops": 5,"Hash Buckets": 32768,"Original Hash Buckets": 32768,"Hash Batches": 1,"Original Hash Batches": 1,"Peak Memory Usage": 2560,"Workers": [],"Plans": [{"Node Type": "Seq Scan","Parent Relationship": "Outer","Parallel Aware": true,"Async Capable": false,"Relation Name": "part","Alias": "part","Startup Cost": 0.00,"Total Cost": 6180.33,"Plan Rows": 12220,"Plan Width": 40,"Actual Startup Time": 0.051,"Actual Total Time": 17.933,"Actual Rows": 5915,"Actual Loops": 5,"Filter": "((p_brand <> 'Brand#52'::bpchar) AND ((p_type)::text !~~ 'LARGE BRUSHED%'::text) AND (p_size = ANY ('{20,17,50,31,37,44,10,7}'::integer[])))","Rows Removed by Filter": 34085,"Workers": []}]}]}]}]}]}]},"Planning Time": 5.171,"Triggers": [],"Execution Time": 237.962}]
[{"Plan": {"Node Type": "Sort","Parallel Aware": false,"Async Capable": false,"Startup Cost": 33336.20,"Total Cost": 33376.35,"Plan Rows": 16061,"Plan Width": 44,"Actual Startup Time": 235.865,"Actual Total Time": 237.470,"Actual Rows": 18287,"Actual Loops": 1,"Sort Key": ["(count(DISTINCT partsupp.ps_suppkey)) DESC", "part.p_brand", "part.p_type", "part.p_size"],"Sort Method": "quicksort","Sort Space Used": 2339,"Sort Space Type": "Memory","Plans": [{"Node Type": "Aggregate","Strategy": "Sorted","Partial Mode": "Simple","Parent Relationship": "Outer","Parallel Aware": false,"Async Capable": false,"Startup Cost": 24270.84,"Total Cost": 32214.23,"Plan Rows": 16061,"Plan Width": 44,"Actual Startup Time": 131.069,"Actual Total Time": 196.671,"Actual Rows": 18287,"Actual Loops": 1,"Group Key": ["part.p_brand", "part.p_type", "part.p_size"],"Plans": [{"Node Type": "Gather Merge","Parent Relationship": "Outer","Parallel Aware": false,"Async Capable": false,"Startup Cost": 24270.84,"Total Cost": 31453.72,"Plan Rows": 59990,"Plan Width": 40,"Actual Startup Time": 130.980,"Actual Total Time": 168.986,"Actual Rows": 119605,"Actual Loops": 1,"Workers Planned": 4,"Workers Launched": 4,"Plans": [{"Node Type": "Sort","Parent Relationship": "Outer","Parallel Aware": false,"Async Capable": false,"Startup Cost": 23270.78,"Total Cost": 23308.28,"Plan Rows": 14998,"Plan Width": 40,"Actual Startup Time": 120.871,"Actual Total Time": 123.371,"Actual Rows": 23921,"Actual Loops": 5,"Sort Key": ["part.p_brand", "part.p_type", "part.p_size"],"Sort Method": "quicksort","Sort Space Used": 2703,"Sort Space Type": "Memory","Workers": [{"Worker Number": 0,"Sort Method": "quicksort","Sort Space Used": 2654,"Sort Space Type": "Memory"},{"Worker Number": 1,"Sort Method": "quicksort","Sort Space Used": 2839,"Sort Space Type": "Memory"},{"Worker Number": 2,"Sort Method": "quicksort","Sort Space Used": 2666,"Sort Space Type": "Memory"},{"Worker Number": 3,"Sort Method": "quicksort","Sort Space Used": 2828,"Sort Space Type": "Memory"}],"Plans": [{"Node Type": "Hash Join","Parent Relationship": "Outer","Parallel Aware": true,"Async Capable": false,"Join Type": "Inner","Startup Cost": 6683.99,"Total Cost": 22230.49,"Plan Rows": 14998,"Plan Width": 40,"Actual Startup Time": 30.591,"Actual Total Time": 78.779,"Actual Rows": 23921,"Actual Loops": 5,"Inner Unique": true,"Hash Cond": "(partsupp.ps_partkey = part.p_partkey)","Workers": [],"Plans": [{"Node Type": "Index Only Scan","Parent Relationship": "Outer","Parallel Aware": true,"Async Capable": false,"Scan Direction": "Forward","Index Name": "partsupp_pkey","Relation Name": "partsupp","Alias": "partsupp","Startup Cost": 347.43,"Total Cost": 15631.43,"Plan Rows": 100000,"Plan Width": 8,"Actual Startup Time": 7.416,"Actual Total Time": 31.958,"Actual Rows": 159936,"Actual Loops": 5,"Filter": "(NOT (hashed SubPlan 1))","Rows Removed by Filter": 64,"Heap Fetches": 0,"Workers": [],"Plans": [{"Node Type": "Seq Scan","Parent Relationship": "SubPlan","Subplan Name": "SubPlan 1","Parallel Aware": false,"Async Capable": false,"Relation Name": "supplier","Alias": "supplier","Startup Cost": 0.00,"Total Cost": 347.00,"Plan Rows": 1,"Plan Width": 4,"Actual Startup Time": 0.155,"Actual Total Time": 7.260,"Actual Rows": 4,"Actual Loops": 5,"Filter": "((s_comment)::text ~~ '%Customer%Complaints%'::text)","Rows Removed by Filter": 9996,"Workers": []}]},{"Node Type": "Hash","Parent Relationship": "Inner","Parallel Aware": true,"Async Capable": false,"Startup Cost": 6180.33,"Total Cost": 6180.33,"Plan Rows": 12498,"Plan Width": 40,"Actual Startup Time": 22.965,"Actual Total Time": 22.968,"Actual Rows": 5982,"Actual Loops": 5,"Hash Buckets": 32768,"Original Hash Buckets": 32768,"Hash Batches": 1,"Original Hash Batches": 1,"Peak Memory Usage": 2560,"Workers": [],"Plans": [{"Node Type": "Seq Scan","Parent Relationship": "Outer","Parallel Aware": true,"Async Capable": false,"Relation Name": "part","Alias": "part","Startup Cost": 0.00,"Total Cost": 6180.33,"Plan Rows": 12498,"Plan Width": 40,"Actual Startup Time": 0.056,"Actual Total Time": 19.315,"Actual Rows": 5982,"Actual Loops": 5,"Filter": "((p_brand <> 'Brand#43'::bpchar) AND ((p_type)::text !~~ 'ECONOMY PLATED%'::text) AND (p_size = ANY ('{41,12,6,15,35,14,46,7}'::integer[])))","Rows Removed by Filter": 34018,"Workers": []}]}]}]}]}]}]},"Planning Time": 4.302,"Triggers": [],"Execution Time": 238.363}]
[{"Plan": {"Node Type": "Sort","Parallel Aware": false,"Async Capable": false,"Startup Cost": 33562.24,"Total Cost": 33602.80,"Plan Rows": 16221,"Plan Width": 44,"Actual Startup Time": 234.928,"Actual Total Time": 236.896,"Actual Rows": 18235,"Actual Loops": 1,"Sort Key": ["(count(DISTINCT partsupp.ps_suppkey)) DESC", "part.p_brand", "part.p_type", "part.p_size"],"Sort Method": "quicksort","Sort Space Used": 2335,"Sort Space Type": "Memory","Plans": [{"Node Type": "Aggregate","Strategy": "Sorted","Partial Mode": "Simple","Parent Relationship": "Outer","Parallel Aware": false,"Async Capable": false,"Startup Cost": 24301.32,"Total Cost": 32427.94,"Plan Rows": 16221,"Plan Width": 44,"Actual Startup Time": 132.083,"Actual Total Time": 198.046,"Actual Rows": 18235,"Actual Loops": 1,"Group Key": ["part.p_brand", "part.p_type", "part.p_size"],"Plans": [{"Node Type": "Gather Merge","Parent Relationship": "Outer","Parallel Aware": false,"Async Capable": false,"Startup Cost": 24301.32,"Total Cost": 31651.83,"Plan Rows": 61390,"Plan Width": 40,"Actual Startup Time": 131.973,"Actual Total Time": 170.522,"Actual Rows": 119303,"Actual Loops": 1,"Workers Planned": 4,"Workers Launched": 4,"Plans": [{"Node Type": "Sort","Parent Relationship": "Outer","Parallel Aware": false,"Async Capable": false,"Startup Cost": 23301.26,"Total Cost": 23339.63,"Plan Rows": 15348,"Plan Width": 40,"Actual Startup Time": 122.413,"Actual Total Time": 124.709,"Actual Rows": 23861,"Actual Loops": 5,"Sort Key": ["part.p_brand", "part.p_type", "part.p_size"],"Sort Method": "quicksort","Sort Space Used": 2807,"Sort Space Type": "Memory","Workers": [{"Worker Number": 0,"Sort Method": "quicksort","Sort Space Used": 2613,"Sort Space Type": "Memory"},{"Worker Number": 1,"Sort Method": "quicksort","Sort Space Used": 2812,"Sort Space Type": "Memory"},{"Worker Number": 2,"Sort Method": "quicksort","Sort Space Used": 2795,"Sort Space Type": "Memory"},{"Worker Number": 3,"Sort Method": "quicksort","Sort Space Used": 2625,"Sort Space Type": "Memory"}],"Plans": [{"Node Type": "Hash Join","Parent Relationship": "Outer","Parallel Aware": true,"Async Capable": false,"Join Type": "Inner","Startup Cost": 6687.64,"Total Cost": 22234.14,"Plan Rows": 15348,"Plan Width": 40,"Actual Startup Time": 29.170,"Actual Total Time": 80.203,"Actual Rows": 23861,"Actual Loops": 5,"Inner Unique": true,"Hash Cond": "(partsupp.ps_partkey = part.p_partkey)","Workers": [],"Plans": [{"Node Type": "Index Only Scan","Parent Relationship": "Outer","Parallel Aware": true,"Async Capable": false,"Scan Direction": "Forward","Index Name": "partsupp_pkey","Relation Name": "partsupp","Alias": "partsupp","Startup Cost": 347.43,"Total Cost": 15631.43,"Plan Rows": 100000,"Plan Width": 8,"Actual Startup Time": 6.481,"Actual Total Time": 31.801,"Actual Rows": 159936,"Actual Loops": 5,"Filter": "(NOT (hashed SubPlan 1))","Rows Removed by Filter": 64,"Heap Fetches": 0,"Workers": [],"Plans": [{"Node Type": "Seq Scan","Parent Relationship": "SubPlan","Subplan Name": "SubPlan 1","Parallel Aware": false,"Async Capable": false,"Relation Name": "supplier","Alias": "supplier","Startup Cost": 0.00,"Total Cost": 347.00,"Plan Rows": 1,"Plan Width": 4,"Actual Startup Time": 0.134,"Actual Total Time": 6.329,"Actual Rows": 4,"Actual Loops": 5,"Filter": "((s_comment)::text ~~ '%Customer%Complaints%'::text)","Rows Removed by Filter": 9996,"Workers": []}]},{"Node Type": "Hash","Parent Relationship": "Inner","Parallel Aware": true,"Async Capable": false,"Startup Cost": 6180.33,"Total Cost": 6180.33,"Plan Rows": 12790,"Plan Width": 40,"Actual Startup Time": 22.459,"Actual Total Time": 22.464,"Actual Rows": 5968,"Actual Loops": 5,"Hash Buckets": 32768,"Original Hash Buckets": 32768,"Hash Batches": 1,"Original Hash Batches": 1,"Peak Memory Usage": 2560,"Workers": [],"Plans": [{"Node Type": "Seq Scan","Parent Relationship": "Outer","Parallel Aware": true,"Async Capable": false,"Relation Name": "part","Alias": "part","Startup Cost": 0.00,"Total Cost": 6180.33,"Plan Rows": 12790,"Plan Width": 40,"Actual Startup Time": 0.056,"Actual Total Time": 19.058,"Actual Rows": 5968,"Actual Loops": 5,"Filter": "((p_brand <> 'Brand#33'::bpchar) AND ((p_type)::text !~~ 'STANDARD BRUSHED%'::text) AND (p_size = ANY ('{2,7,50,38,42,41,32,29}'::integer[])))","Rows Removed by Filter": 34032,"Workers": []}]}]}]}]}]}]},"Planning Time": 4.049,"Triggers": [],"Execution Time": 238.377}]
[{"Plan": {"Node Type": "Sort","Parallel Aware": false,"Async Capable": false,"Startup Cost": 33244.07,"Total Cost": 33284.06,"Plan Rows": 15995,"Plan Width": 44,"Actual Startup Time": 234.716,"Actual Total Time": 236.727,"Actual Rows": 18226,"Actual Loops": 1,"Sort Key": ["(count(DISTINCT partsupp.ps_suppkey)) DESC", "part.p_brand", "part.p_type", "part.p_size"],"Sort Method": "quicksort","Sort Space Used": 2335,"Sort Space Type": "Memory","Plans": [{"Node Type": "Aggregate","Strategy": "Sorted","Partial Mode": "Simple","Parent Relationship": "Outer","Parallel Aware": false,"Async Capable": false,"Startup Cost": 24258.41,"Total Cost": 32127.19,"Plan Rows": 15995,"Plan Width": 44,"Actual Startup Time": 131.842,"Actual Total Time": 198.450,"Actual Rows": 18226,"Actual Loops": 1,"Group Key": ["part.p_brand", "part.p_type", "part.p_size"],"Plans": [{"Node Type": "Gather Merge","Parent Relationship": "Outer","Parallel Aware": false,"Async Capable": false,"Startup Cost": 24258.41,"Total Cost": 31373.04,"Plan Rows": 59420,"Plan Width": 40,"Actual Startup Time": 131.773,"Actual Total Time": 170.758,"Actual Rows": 118187,"Actual Loops": 1,"Workers Planned": 4,"Workers Launched": 4,"Plans": [{"Node Type": "Sort","Parent Relationship": "Outer","Parallel Aware": false,"Async Capable": false,"Startup Cost": 23258.35,"Total Cost": 23295.49,"Plan Rows": 14855,"Plan Width": 40,"Actual Startup Time": 121.280,"Actual Total Time": 123.549,"Actual Rows": 23637,"Actual Loops": 5,"Sort Key": ["part.p_brand", "part.p_type", "part.p_size"],"Sort Method": "quicksort","Sort Space Used": 2359,"Sort Space Type": "Memory","Workers": [{"Worker Number": 0,"Sort Method": "quicksort","Sort Space Used": 2841,"Sort Space Type": "Memory"},{"Worker Number": 1,"Sort Method": "quicksort","Sort Space Used": 2796,"Sort Space Type": "Memory"},{"Worker Number": 2,"Sort Method": "quicksort","Sort Space Used": 2815,"Sort Space Type": "Memory"},{"Worker Number": 3,"Sort Method": "quicksort","Sort Space Used": 2773,"Sort Space Type": "Memory"}],"Plans": [{"Node Type": "Hash Join","Parent Relationship": "Outer","Parallel Aware": true,"Async Capable": false,"Join Type": "Inner","Startup Cost": 6682.50,"Total Cost": 22229.00,"Plan Rows": 14855,"Plan Width": 40,"Actual Startup Time": 31.916,"Actual Total Time": 79.844,"Actual Rows": 23637,"Actual Loops": 5,"Inner Unique": true,"Hash Cond": "(partsupp.ps_partkey = part.p_partkey)","Workers": [],"Plans": [{"Node Type": "Index Only Scan","Parent Relationship": "Outer","Parallel Aware": true,"Async Capable": false,"Scan Direction": "Forward","Index Name": "partsupp_pkey","Relation Name": "partsupp","Alias": "partsupp","Startup Cost": 347.43,"Total Cost": 15631.43,"Plan Rows": 100000,"Plan Width": 8,"Actual Startup Time": 9.293,"Actual Total Time": 33.740,"Actual Rows": 159936,"Actual Loops": 5,"Filter": "(NOT (hashed SubPlan 1))","Rows Removed by Filter": 64,"Heap Fetches": 0,"Workers": [],"Plans": [{"Node Type": "Seq Scan","Parent Relationship": "SubPlan","Subplan Name": "SubPlan 1","Parallel Aware": false,"Async Capable": false,"Relation Name": "supplier","Alias": "supplier","Startup Cost": 0.00,"Total Cost": 347.00,"Plan Rows": 1,"Plan Width": 4,"Actual Startup Time": 0.233,"Actual Total Time": 9.151,"Actual Rows": 4,"Actual Loops": 5,"Filter": "((s_comment)::text ~~ '%Customer%Complaints%'::text)","Rows Removed by Filter": 9996,"Workers": []}]},{"Node Type": "Hash","Parent Relationship": "Inner","Parallel Aware": true,"Async Capable": false,"Startup Cost": 6180.33,"Total Cost": 6180.33,"Plan Rows": 12379,"Plan Width": 40,"Actual Startup Time": 22.376,"Actual Total Time": 22.378,"Actual Rows": 5912,"Actual Loops": 5,"Hash Buckets": 32768,"Original Hash Buckets": 32768,"Hash Batches": 1,"Original Hash Batches": 1,"Peak Memory Usage": 2560,"Workers": [],"Plans": [{"Node Type": "Seq Scan","Parent Relationship": "Outer","Parallel Aware": true,"Async Capable": false,"Relation Name": "part","Alias": "part","Startup Cost": 0.00,"Total Cost": 6180.33,"Plan Rows": 12379,"Plan Width": 40,"Actual Startup Time": 0.058,"Actual Total Time": 19.013,"Actual Rows": 5912,"Actual Loops": 5,"Filter": "((p_brand <> 'Brand#32'::bpchar) AND ((p_type)::text !~~ 'LARGE PLATED%'::text) AND (p_size = ANY ('{6,11,20,45,39,5,7,15}'::integer[])))","Rows Removed by Filter": 34088,"Workers": []}]}]}]}]}]}]},"Planning Time": 3.767,"Triggers": [],"Execution Time": 237.870}]
[{"Plan": {"Node Type": "Sort","Parallel Aware": false,"Async Capable": false,"Startup Cost": 33279.79,"Total Cost": 33319.84,"Plan Rows": 16021,"Plan Width": 44,"Actual Startup Time": 235.883,"Actual Total Time": 237.563,"Actual Rows": 18385,"Actual Loops": 1,"Sort Key": ["(count(DISTINCT partsupp.ps_suppkey)) DESC", "part.p_brand", "part.p_type", "part.p_size"],"Sort Method": "quicksort","Sort Space Used": 2347,"Sort Space Type": "Memory","Plans": [{"Node Type": "Aggregate","Strategy": "Sorted","Partial Mode": "Simple","Parent Relationship": "Outer","Parallel Aware": false,"Async Capable": false,"Startup Cost": 24263.19,"Total Cost": 32160.91,"Plan Rows": 16021,"Plan Width": 44,"Actual Startup Time": 131.389,"Actual Total Time": 197.029,"Actual Rows": 18385,"Actual Loops": 1,"Group Key": ["part.p_brand", "part.p_type", "part.p_size"],"Plans": [{"Node Type": "Gather Merge","Parent Relationship": "Outer","Parallel Aware": false,"Async Capable": false,"Startup Cost": 24263.19,"Total Cost": 31404.29,"Plan Rows": 59641,"Plan Width": 40,"Actual Startup Time": 131.318,"Actual Total Time": 169.393,"Actual Rows": 119359,"Actual Loops": 1,"Workers Planned": 4,"Workers Launched": 4,"Plans": [{"Node Type": "Sort","Parent Relationship": "Outer","Parallel Aware": false,"Async Capable": false,"Startup Cost": 23263.13,"Total Cost": 23300.41,"Plan Rows": 14910,"Plan Width": 40,"Actual Startup Time": 121.903,"Actual Total Time": 124.215,"Actual Rows": 23872,"Actual Loops": 5,"Sort Key": ["part.p_brand", "part.p_type", "part.p_size"],"Sort Method": "quicksort","Sort Space Used": 2653,"Sort Space Type": "Memory","Workers": [{"Worker Number": 0,"Sort Method": "quicksort","Sort Space Used": 2652,"Sort Space Type": "Memory"},{"Worker Number": 1,"Sort Method": "quicksort","Sort Space Used": 2844,"Sort Space Type": "Memory"},{"Worker Number": 2,"Sort Method": "quicksort","Sort Space Used": 2692,"Sort Space Type": "Memory"},{"Worker Number": 3,"Sort Method": "quicksort","Sort Space Used": 2838,"Sort Space Type": "Memory"}],"Plans": [{"Node Type": "Hash Join","Parent Relationship": "Outer","Parallel Aware": true,"Async Capable": false,"Join Type": "Inner","Startup Cost": 6683.07,"Total Cost": 22229.57,"Plan Rows": 14910,"Plan Width": 40,"Actual Startup Time": 31.395,"Actual Total Time": 80.059,"Actual Rows": 23872,"Actual Loops": 5,"Inner Unique": true,"Hash Cond": "(partsupp.ps_partkey = part.p_partkey)","Workers": [],"Plans": [{"Node Type": "Index Only Scan","Parent Relationship": "Outer","Parallel Aware": true,"Async Capable": false,"Scan Direction": "Forward","Index Name": "partsupp_pkey","Relation Name": "partsupp","Alias": "partsupp","Startup Cost": 347.43,"Total Cost": 15631.43,"Plan Rows": 100000,"Plan Width": 8,"Actual Startup Time": 8.151,"Actual Total Time": 33.141,"Actual Rows": 159936,"Actual Loops": 5,"Filter": "(NOT (hashed SubPlan 1))","Rows Removed by Filter": 64,"Heap Fetches": 0,"Workers": [],"Plans": [{"Node Type": "Seq Scan","Parent Relationship": "SubPlan","Subplan Name": "SubPlan 1","Parallel Aware": false,"Async Capable": false,"Relation Name": "supplier","Alias": "supplier","Startup Cost": 0.00,"Total Cost": 347.00,"Plan Rows": 1,"Plan Width": 4,"Actual Startup Time": 0.271,"Actual Total Time": 8.044,"Actual Rows": 4,"Actual Loops": 5,"Filter": "((s_comment)::text ~~ '%Customer%Complaints%'::text)","Rows Removed by Filter": 9996,"Workers": []}]},{"Node Type": "Hash","Parent Relationship": "Inner","Parallel Aware": true,"Async Capable": false,"Startup Cost": 6180.33,"Total Cost": 6180.33,"Plan Rows": 12425,"Plan Width": 40,"Actual Startup Time": 22.966,"Actual Total Time": 22.969,"Actual Rows": 5970,"Actual Loops": 5,"Hash Buckets": 32768,"Original Hash Buckets": 32768,"Hash Batches": 1,"Original Hash Batches": 1,"Peak Memory Usage": 2560,"Workers": [],"Plans": [{"Node Type": "Seq Scan","Parent Relationship": "Outer","Parallel Aware": true,"Async Capable": false,"Relation Name": "part","Alias": "part","Startup Cost": 0.00,"Total Cost": 6180.33,"Plan Rows": 12425,"Plan Width": 40,"Actual Startup Time": 0.056,"Actual Total Time": 19.281,"Actual Rows": 5970,"Actual Loops": 5,"Filter": "((p_brand <> 'Brand#35'::bpchar) AND ((p_type)::text !~~ 'PROMO BRUSHED%'::text) AND (p_size = ANY ('{25,41,30,5,16,24,28,39}'::integer[])))","Rows Removed by Filter": 34030,"Workers": []}]}]}]}]}]}]},"Planning Time": 5.356,"Triggers": [],"Execution Time": 238.567}]
[{"Plan": {"Node Type": "Sort","Parallel Aware": false,"Async Capable": false,"Startup Cost": 33321.18,"Total Cost": 33361.31,"Plan Rows": 16051,"Plan Width": 44,"Actual Startup Time": 249.726,"Actual Total Time": 251.833,"Actual Rows": 18240,"Actual Loops": 1,"Sort Key": ["(count(DISTINCT partsupp.ps_suppkey)) DESC", "part.p_brand", "part.p_type", "part.p_size"],"Sort Method": "quicksort","Sort Space Used": 2336,"Sort Space Type": "Memory","Plans": [{"Node Type": "Aggregate","Strategy": "Sorted","Partial Mode": "Simple","Parent Relationship": "Outer","Parallel Aware": false,"Async Capable": false,"Startup Cost": 24268.77,"Total Cost": 32199.99,"Plan Rows": 16051,"Plan Width": 44,"Actual Startup Time": 142.257,"Actual Total Time": 212.257,"Actual Rows": 18240,"Actual Loops": 1,"Group Key": ["part.p_brand", "part.p_type", "part.p_size"],"Plans": [{"Node Type": "Gather Merge","Parent Relationship": "Outer","Parallel Aware": false,"Async Capable": false,"Startup Cost": 24268.77,"Total Cost": 31440.51,"Plan Rows": 59897,"Plan Width": 40,"Actual Startup Time": 142.191,"Actual Total Time": 182.773,"Actual Rows": 118045,"Actual Loops": 1,"Workers Planned": 4,"Workers Launched": 4,"Plans": [{"Node Type": "Sort","Parent Relationship": "Outer","Parallel Aware": false,"Async Capable": false,"Startup Cost": 23268.71,"Total Cost": 23306.14,"Plan Rows": 14974,"Plan Width": 40,"Actual Startup Time": 124.005,"Actual Total Time": 126.814,"Actual Rows": 23609,"Actual Loops": 5,"Sort Key": ["part.p_brand", "part.p_type", "part.p_size"],"Sort Method": "quicksort","Sort Space Used": 2327,"Sort Space Type": "Memory","Workers": [{"Worker Number": 0,"Sort Method": "quicksort","Sort Space Used": 2803,"Sort Space Type": "Memory"},{"Worker Number": 1,"Sort Method": "quicksort","Sort Space Used": 2826,"Sort Space Type": "Memory"},{"Worker Number": 2,"Sort Method": "quicksort","Sort Space Used": 2775,"Sort Space Type": "Memory"},{"Worker Number": 3,"Sort Method": "quicksort","Sort Space Used": 2844,"Sort Space Type": "Memory"}],"Plans": [{"Node Type": "Hash Join","Parent Relationship": "Outer","Parallel Aware": true,"Async Capable": false,"Join Type": "Inner","Startup Cost": 6683.75,"Total Cost": 22230.25,"Plan Rows": 14974,"Plan Width": 40,"Actual Startup Time": 32.470,"Actual Total Time": 80.461,"Actual Rows": 23609,"Actual Loops": 5,"Inner Unique": true,"Hash Cond": "(partsupp.ps_partkey = part.p_partkey)","Workers": [],"Plans": [{"Node Type": "Index Only Scan","Parent Relationship": "Outer","Parallel Aware": true,"Async Capable": false,"Scan Direction": "Forward","Index Name": "partsupp_pkey","Relation Name": "partsupp","Alias": "partsupp","Startup Cost": 347.43,"Total Cost": 15631.43,"Plan Rows": 100000,"Plan Width": 8,"Actual Startup Time": 9.531,"Actual Total Time": 33.957,"Actual Rows": 159936,"Actual Loops": 5,"Filter": "(NOT (hashed SubPlan 1))","Rows Removed by Filter": 64,"Heap Fetches": 0,"Workers": [],"Plans": [{"Node Type": "Seq Scan","Parent Relationship": "SubPlan","Subplan Name": "SubPlan 1","Parallel Aware": false,"Async Capable": false,"Relation Name": "supplier","Alias": "supplier","Startup Cost": 0.00,"Total Cost": 347.00,"Plan Rows": 1,"Plan Width": 4,"Actual Startup Time": 0.215,"Actual Total Time": 9.377,"Actual Rows": 4,"Actual Loops": 5,"Filter": "((s_comment)::text ~~ '%Customer%Complaints%'::text)","Rows Removed by Filter": 9996,"Workers": []}]},{"Node Type": "Hash","Parent Relationship": "Inner","Parallel Aware": true,"Async Capable": false,"Startup Cost": 6180.33,"Total Cost": 6180.33,"Plan Rows": 12479,"Plan Width": 40,"Actual Startup Time": 22.643,"Actual Total Time": 22.648,"Actual Rows": 5905,"Actual Loops": 5,"Hash Buckets": 32768,"Original Hash Buckets": 32768,"Hash Batches": 1,"Original Hash Batches": 1,"Peak Memory Usage": 2528,"Workers": [],"Plans": [{"Node Type": "Seq Scan","Parent Relationship": "Outer","Parallel Aware": true,"Async Capable": false,"Relation Name": "part","Alias": "part","Startup Cost": 0.00,"Total Cost": 6180.33,"Plan Rows": 12479,"Plan Width": 40,"Actual Startup Time": 0.049,"Actual Total Time": 19.364,"Actual Rows": 5905,"Actual Loops": 5,"Filter": "((p_brand <> 'Brand#45'::bpchar) AND ((p_type)::text !~~ 'LARGE PLATED%'::text) AND (p_size = ANY ('{1,2,24,43,31,48,39,26}'::integer[])))","Rows Removed by Filter": 34095,"Workers": []}]}]}]}]}]}]},"Planning Time": 4.793,"Triggers": [],"Execution Time": 253.183}]
[{"Plan": {"Node Type": "Sort","Parallel Aware": false,"Async Capable": false,"Startup Cost": 33177.27,"Total Cost": 33217.14,"Plan Rows": 15946,"Plan Width": 44,"Actual Startup Time": 233.748,"Actual Total Time": 235.605,"Actual Rows": 18186,"Actual Loops": 1,"Sort Key": ["(count(DISTINCT partsupp.ps_suppkey)) DESC", "part.p_brand", "part.p_type", "part.p_size"],"Sort Method": "quicksort","Sort Space Used": 2331,"Sort Space Type": "Memory","Plans": [{"Node Type": "Aggregate","Strategy": "Sorted","Partial Mode": "Simple","Parent Relationship": "Outer","Parallel Aware": false,"Async Capable": false,"Startup Cost": 24249.46,"Total Cost": 32064.17,"Plan Rows": 15946,"Plan Width": 44,"Actual Startup Time": 130.592,"Actual Total Time": 196.316,"Actual Rows": 18186,"Actual Loops": 1,"Group Key": ["part.p_brand", "part.p_type", "part.p_size"],"Plans": [{"Node Type": "Gather Merge","Parent Relationship": "Outer","Parallel Aware": false,"Async Capable": false,"Startup Cost": 24249.46,"Total Cost": 31314.64,"Plan Rows": 59007,"Plan Width": 40,"Actual Startup Time": 130.512,"Actual Total Time": 168.958,"Actual Rows": 117979,"Actual Loops": 1,"Workers Planned": 4,"Workers Launched": 4,"Plans": [{"Node Type": "Sort","Parent Relationship": "Outer","Parallel Aware": false,"Async Capable": false,"Startup Cost": 23249.40,"Total Cost": 23286.28,"Plan Rows": 14752,"Plan Width": 40,"Actual Startup Time": 122.249,"Actual Total Time": 124.747,"Actual Rows": 23596,"Actual Loops": 5,"Sort Key": ["part.p_brand", "part.p_type", "part.p_size"],"Sort Method": "quicksort","Sort Space Used": 2732,"Sort Space Type": "Memory","Workers": [{"Worker Number": 0,"Sort Method": "quicksort","Sort Space Used": 2689,"Sort Space Type": "Memory"},{"Worker Number": 1,"Sort Method": "quicksort","Sort Space Used": 2751,"Sort Space Type": "Memory"},{"Worker Number": 2,"Sort Method": "quicksort","Sort Space Used": 2705,"Sort Space Type": "Memory"},{"Worker Number": 3,"Sort Method": "quicksort","Sort Space Used": 2690,"Sort Space Type": "Memory"}],"Plans": [{"Node Type": "Hash Join","Parent Relationship": "Outer","Parallel Aware": true,"Async Capable": false,"Join Type": "Inner","Startup Cost": 6681.42,"Total Cost": 22227.92,"Plan Rows": 14752,"Plan Width": 40,"Actual Startup Time": 30.522,"Actual Total Time": 80.968,"Actual Rows": 23596,"Actual Loops": 5,"Inner Unique": true,"Hash Cond": "(partsupp.ps_partkey = part.p_partkey)","Workers": [],"Plans": [{"Node Type": "Index Only Scan","Parent Relationship": "Outer","Parallel Aware": true,"Async Capable": false,"Scan Direction": "Forward","Index Name": "partsupp_pkey","Relation Name": "partsupp","Alias": "partsupp","Startup Cost": 347.43,"Total Cost": 15631.43,"Plan Rows": 100000,"Plan Width": 8,"Actual Startup Time": 6.789,"Actual Total Time": 31.873,"Actual Rows": 159936,"Actual Loops": 5,"Filter": "(NOT (hashed SubPlan 1))","Rows Removed by Filter": 64,"Heap Fetches": 0,"Workers": [],"Plans": [{"Node Type": "Seq Scan","Parent Relationship": "SubPlan","Subplan Name": "SubPlan 1","Parallel Aware": false,"Async Capable": false,"Relation Name": "supplier","Alias": "supplier","Startup Cost": 0.00,"Total Cost": 347.00,"Plan Rows": 1,"Plan Width": 4,"Actual Startup Time": 0.126,"Actual Total Time": 6.655,"Actual Rows": 4,"Actual Loops": 5,"Filter": "((s_comment)::text ~~ '%Customer%Complaints%'::text)","Rows Removed by Filter": 9996,"Workers": []}]},{"Node Type": "Hash","Parent Relationship": "Inner","Parallel Aware": true,"Async Capable": false,"Startup Cost": 6180.33,"Total Cost": 6180.33,"Plan Rows": 12293,"Plan Width": 40,"Actual Startup Time": 23.444,"Actual Total Time": 23.446,"Actual Rows": 5901,"Actual Loops": 5,"Hash Buckets": 32768,"Original Hash Buckets": 32768,"Hash Batches": 1,"Original Hash Batches": 1,"Peak Memory Usage": 2528,"Workers": [],"Plans": [{"Node Type": "Seq Scan","Parent Relationship": "Outer","Parallel Aware": true,"Async Capable": false,"Relation Name": "part","Alias": "part","Startup Cost": 0.00,"Total Cost": 6180.33,"Plan Rows": 12293,"Plan Width": 40,"Actual Startup Time": 0.055,"Actual Total Time": 19.340,"Actual Rows": 5901,"Actual Loops": 5,"Filter": "((p_brand <> 'Brand#41'::bpchar) AND ((p_type)::text !~~ 'LARGE PLATED%'::text) AND (p_size = ANY ('{26,2,34,36,13,23,4,46}'::integer[])))","Rows Removed by Filter": 34099,"Workers": []}]}]}]}]}]}]},"Planning Time": 3.888,"Triggers": [],"Execution Time": 236.481}]
[{"Plan": {"Node Type": "Sort","Parallel Aware": false,"Async Capable": false,"Startup Cost": 33552.46,"Total Cost": 33592.99,"Plan Rows": 16214,"Plan Width": 44,"Actual Startup Time": 238.578,"Actual Total Time": 240.173,"Actual Rows": 18374,"Actual Loops": 1,"Sort Key": ["(count(DISTINCT partsupp.ps_suppkey)) DESC", "part.p_brand", "part.p_type", "part.p_size"],"Sort Method": "quicksort","Sort Space Used": 2347,"Sort Space Type": "Memory","Plans": [{"Node Type": "Aggregate","Strategy": "Sorted","Partial Mode": "Simple","Parent Relationship": "Outer","Parallel Aware": false,"Async Capable": false,"Startup Cost": 24299.93,"Total Cost": 32418.70,"Plan Rows": 16214,"Plan Width": 44,"Actual Startup Time": 134.236,"Actual Total Time": 200.582,"Actual Rows": 18374,"Actual Loops": 1,"Group Key": ["part.p_brand", "part.p_type", "part.p_size"],"Plans": [{"Node Type": "Gather Merge","Parent Relationship": "Outer","Parallel Aware": false,"Async Capable": false,"Startup Cost": 24299.93,"Total Cost": 31643.26,"Plan Rows": 61330,"Plan Width": 40,"Actual Startup Time": 134.186,"Actual Total Time": 172.964,"Actual Rows": 118800,"Actual Loops": 1,"Workers Planned": 4,"Workers Launched": 4,"Plans": [{"Node Type": "Sort","Parent Relationship": "Outer","Parallel Aware": false,"Async Capable": false,"Startup Cost": 23299.87,"Total Cost": 23338.20,"Plan Rows": 15332,"Plan Width": 40,"Actual Startup Time": 122.372,"Actual Total Time": 125.116,"Actual Rows": 23760,"Actual Loops": 5,"Sort Key": ["part.p_brand", "part.p_type", "part.p_size"],"Sort Method": "quicksort","Sort Space Used": 2468,"Sort Space Type": "Memory","Workers": [{"Worker Number": 0,"Sort Method": "quicksort","Sort Space Used": 2851,"Sort Space Type": "Memory"},{"Worker Number": 1,"Sort Method": "quicksort","Sort Space Used": 2894,"Sort Space Type": "Memory"},{"Worker Number": 2,"Sort Method": "quicksort","Sort Space Used": 2487,"Sort Space Type": "Memory"},{"Worker Number": 3,"Sort Method": "quicksort","Sort Space Used": 2925,"Sort Space Type": "Memory"}],"Plans": [{"Node Type": "Hash Join","Parent Relationship": "Outer","Parallel Aware": true,"Async Capable": false,"Join Type": "Inner","Startup Cost": 6687.47,"Total Cost": 22233.97,"Plan Rows": 15332,"Plan Width": 40,"Actual Startup Time": 30.622,"Actual Total Time": 80.551,"Actual Rows": 23760,"Actual Loops": 5,"Inner Unique": true,"Hash Cond": "(partsupp.ps_partkey = part.p_partkey)","Workers": [],"Plans": [{"Node Type": "Index Only Scan","Parent Relationship": "Outer","Parallel Aware": true,"Async Capable": false,"Scan Direction": "Forward","Index Name": "partsupp_pkey","Relation Name": "partsupp","Alias": "partsupp","Startup Cost": 347.43,"Total Cost": 15631.43,"Plan Rows": 100000,"Plan Width": 8,"Actual Startup Time": 7.367,"Actual Total Time": 32.746,"Actual Rows": 159936,"Actual Loops": 5,"Filter": "(NOT (hashed SubPlan 1))","Rows Removed by Filter": 64,"Heap Fetches": 0,"Workers": [],"Plans": [{"Node Type": "Seq Scan","Parent Relationship": "SubPlan","Subplan Name": "SubPlan 1","Parallel Aware": false,"Async Capable": false,"Relation Name": "supplier","Alias": "supplier","Startup Cost": 0.00,"Total Cost": 347.00,"Plan Rows": 1,"Plan Width": 4,"Actual Startup Time": 0.198,"Actual Total Time": 7.233,"Actual Rows": 4,"Actual Loops": 5,"Filter": "((s_comment)::text ~~ '%Customer%Complaints%'::text)","Rows Removed by Filter": 9996,"Workers": []}]},{"Node Type": "Hash","Parent Relationship": "Inner","Parallel Aware": true,"Async Capable": false,"Startup Cost": 6180.33,"Total Cost": 6180.33,"Plan Rows": 12777,"Plan Width": 40,"Actual Startup Time": 23.000,"Actual Total Time": 23.003,"Actual Rows": 5943,"Actual Loops": 5,"Hash Buckets": 32768,"Original Hash Buckets": 32768,"Hash Batches": 1,"Original Hash Batches": 1,"Peak Memory Usage": 2560,"Workers": [],"Plans": [{"Node Type": "Seq Scan","Parent Relationship": "Outer","Parallel Aware": true,"Async Capable": false,"Relation Name": "part","Alias": "part","Startup Cost": 0.00,"Total Cost": 6180.33,"Plan Rows": 12777,"Plan Width": 40,"Actual Startup Time": 0.060,"Actual Total Time": 19.103,"Actual Rows": 5943,"Actual Loops": 5,"Filter": "((p_brand <> 'Brand#43'::bpchar) AND ((p_type)::text !~~ 'PROMO POLISHED%'::text) AND (p_size = ANY ('{1,45,25,14,19,2,35,48}'::integer[])))","Rows Removed by Filter": 34057,"Workers": []}]}]}]}]}]}]},"Planning Time": 5.561,"Triggers": [],"Execution Time": 241.098}]
[{"Plan": {"Node Type": "Sort","Parallel Aware": false,"Async Capable": false,"Startup Cost": 33103.91,"Total Cost": 33143.64,"Plan Rows": 15892,"Plan Width": 44,"Actual Startup Time": 240.050,"Actual Total Time": 241.827,"Actual Rows": 18215,"Actual Loops": 1,"Sort Key": ["(count(DISTINCT partsupp.ps_suppkey)) DESC", "part.p_brand", "part.p_type", "part.p_size"],"Sort Method": "quicksort","Sort Space Used": 2333,"Sort Space Type": "Memory","Plans": [{"Node Type": "Aggregate","Strategy": "Sorted","Partial Mode": "Simple","Parent Relationship": "Outer","Parallel Aware": false,"Async Capable": false,"Startup Cost": 24239.57,"Total Cost": 31994.97,"Plan Rows": 15892,"Plan Width": 44,"Actual Startup Time": 136.133,"Actual Total Time": 201.859,"Actual Rows": 18215,"Actual Loops": 1,"Group Key": ["part.p_brand", "part.p_type", "part.p_size"],"Plans": [{"Node Type": "Gather Merge","Parent Relationship": "Outer","Parallel Aware": false,"Async Capable": false,"Startup Cost": 24239.57,"Total Cost": 31250.51,"Plan Rows": 58554,"Plan Width": 40,"Actual Startup Time": 136.068,"Actual Total Time": 174.591,"Actual Rows": 117632,"Actual Loops": 1,"Workers Planned": 4,"Workers Launched": 4,"Plans": [{"Node Type": "Sort","Parent Relationship": "Outer","Parallel Aware": false,"Async Capable": false,"Startup Cost": 23239.51,"Total Cost": 23276.10,"Plan Rows": 14638,"Plan Width": 40,"Actual Startup Time": 124.632,"Actual Total Time": 126.854,"Actual Rows": 23526,"Actual Loops": 5,"Sort Key": ["part.p_brand", "part.p_type", "part.p_size"],"Sort Method": "quicksort","Sort Space Used": 2419,"Sort Space Type": "Memory","Workers": [{"Worker Number": 0,"Sort Method": "quicksort","Sort Space Used": 2857,"Sort Space Type": "Memory"},{"Worker Number": 1,"Sort Method": "quicksort","Sort Space Used": 2866,"Sort Space Type": "Memory"},{"Worker Number": 2,"Sort Method": "quicksort","Sort Space Used": 2897,"Sort Space Type": "Memory"},{"Worker Number": 3,"Sort Method": "quicksort","Sort Space Used": 2488,"Sort Space Type": "Memory"}],"Plans": [{"Node Type": "Hash Join","Parent Relationship": "Outer","Parallel Aware": true,"Async Capable": false,"Join Type": "Inner","Startup Cost": 6680.25,"Total Cost": 22226.75,"Plan Rows": 14638,"Plan Width": 40,"Actual Startup Time": 33.307,"Actual Total Time": 83.352,"Actual Rows": 23526,"Actual Loops": 5,"Inner Unique": true,"Hash Cond": "(partsupp.ps_partkey = part.p_partkey)","Workers": [],"Plans": [{"Node Type": "Index Only Scan","Parent Relationship": "Outer","Parallel Aware": true,"Async Capable": false,"Scan Direction": "Forward","Index Name": "partsupp_pkey","Relation Name": "partsupp","Alias": "partsupp","Startup Cost": 347.43,"Total Cost": 15631.43,"Plan Rows": 100000,"Plan Width": 8,"Actual Startup Time": 9.373,"Actual Total Time": 35.001,"Actual Rows": 159936,"Actual Loops": 5,"Filter": "(NOT (hashed SubPlan 1))","Rows Removed by Filter": 64,"Heap Fetches": 0,"Workers": [],"Plans": [{"Node Type": "Seq Scan","Parent Relationship": "SubPlan","Subplan Name": "SubPlan 1","Parallel Aware": false,"Async Capable": false,"Relation Name": "supplier","Alias": "supplier","Startup Cost": 0.00,"Total Cost": 347.00,"Plan Rows": 1,"Plan Width": 4,"Actual Startup Time": 0.290,"Actual Total Time": 9.235,"Actual Rows": 4,"Actual Loops": 5,"Filter": "((s_comment)::text ~~ '%Customer%Complaints%'::text)","Rows Removed by Filter": 9996,"Workers": []}]},{"Node Type": "Hash","Parent Relationship": "Inner","Parallel Aware": true,"Async Capable": false,"Startup Cost": 6180.33,"Total Cost": 6180.33,"Plan Rows": 12199,"Plan Width": 40,"Actual Startup Time": 23.653,"Actual Total Time": 23.656,"Actual Rows": 5884,"Actual Loops": 5,"Hash Buckets": 32768,"Original Hash Buckets": 32768,"Hash Batches": 1,"Original Hash Batches": 1,"Peak Memory Usage": 2560,"Workers": [],"Plans": [{"Node Type": "Seq Scan","Parent Relationship": "Outer","Parallel Aware": true,"Async Capable": false,"Relation Name": "part","Alias": "part","Startup Cost": 0.00,"Total Cost": 6180.33,"Plan Rows": 12199,"Plan Width": 40,"Actual Startup Time": 0.055,"Actual Total Time": 20.198,"Actual Rows": 5884,"Actual Loops": 5,"Filter": "((p_brand <> 'Brand#44'::bpchar) AND ((p_type)::text !~~ 'SMALL ANODIZED%'::text) AND (p_size = ANY ('{14,28,17,41,39,13,19,24}'::integer[])))","Rows Removed by Filter": 34116,"Workers": []}]}]}]}]}]}]},"Planning Time": 4.978,"Triggers": [],"Execution Time": 243.075}]
[{"Plan": {"Node Type": "Sort","Parallel Aware": false,"Async Capable": false,"Startup Cost": 33282.86,"Total Cost": 33322.92,"Plan Rows": 16023,"Plan Width": 44,"Actual Startup Time": 237.612,"Actual Total Time": 239.491,"Actual Rows": 18318,"Actual Loops": 1,"Sort Key": ["(count(DISTINCT partsupp.ps_suppkey)) DESC", "part.p_brand", "part.p_type", "part.p_size"],"Sort Method": "quicksort","Sort Space Used": 2342,"Sort Space Type": "Memory","Plans": [{"Node Type": "Aggregate","Strategy": "Sorted","Partial Mode": "Simple","Parent Relationship": "Outer","Parallel Aware": false,"Async Capable": false,"Startup Cost": 24263.62,"Total Cost": 32163.82,"Plan Rows": 16023,"Plan Width": 44,"Actual Startup Time": 133.788,"Actual Total Time": 199.306,"Actual Rows": 18318,"Actual Loops": 1,"Group Key": ["part.p_brand", "part.p_type", "part.p_size"],"Plans": [{"Node Type": "Gather Merge","Parent Relationship": "Outer","Parallel Aware": false,"Async Capable": false,"Startup Cost": 24263.62,"Total Cost": 31406.99,"Plan Rows": 59660,"Plan Width": 40,"Actual Startup Time": 133.708,"Actual Total Time": 171.789,"Actual Rows": 119006,"Actual Loops": 1,"Workers Planned": 4,"Workers Launched": 4,"Plans": [{"Node Type": "Sort","Parent Relationship": "Outer","Parallel Aware": false,"Async Capable": false,"Startup Cost": 23263.57,"Total Cost": 23300.85,"Plan Rows": 14915,"Plan Width": 40,"Actual Startup Time": 123.079,"Actual Total Time": 125.363,"Actual Rows": 23801,"Actual Loops": 5,"Sort Key": ["part.p_brand", "part.p_type", "part.p_size"],"Sort Method": "quicksort","Sort Space Used": 2846,"Sort Space Type": "Memory","Workers": [{"Worker Number": 0,"Sort Method": "quicksort","Sort Space Used": 2840,"Sort Space Type": "Memory"},{"Worker Number": 1,"Sort Method": "quicksort","Sort Space Used": 2815,"Sort Space Type": "Memory"},{"Worker Number": 2,"Sort Method": "quicksort","Sort Space Used": 2546,"Sort Space Type": "Memory"},{"Worker Number": 3,"Sort Method": "quicksort","Sort Space Used": 2579,"Sort Space Type": "Memory"}],"Plans": [{"Node Type": "Hash Join","Parent Relationship": "Outer","Parallel Aware": true,"Async Capable": false,"Join Type": "Inner","Startup Cost": 6683.12,"Total Cost": 22229.62,"Plan Rows": 14915,"Plan Width": 40,"Actual Startup Time": 30.891,"Actual Total Time": 81.314,"Actual Rows": 23801,"Actual Loops": 5,"Inner Unique": true,"Hash Cond": "(partsupp.ps_partkey = part.p_partkey)","Workers": [],"Plans": [{"Node Type": "Index Only Scan","Parent Relationship": "Outer","Parallel Aware": true,"Async Capable": false,"Scan Direction": "Forward","Index Name": "partsupp_pkey","Relation Name": "partsupp","Alias": "partsupp","Startup Cost": 347.43,"Total Cost": 15631.43,"Plan Rows": 100000,"Plan Width": 8,"Actual Startup Time": 7.722,"Actual Total Time": 32.591,"Actual Rows": 159936,"Actual Loops": 5,"Filter": "(NOT (hashed SubPlan 1))","Rows Removed by Filter": 64,"Heap Fetches": 0,"Workers": [],"Plans": [{"Node Type": "Seq Scan","Parent Relationship": "SubPlan","Subplan Name": "SubPlan 1","Parallel Aware": false,"Async Capable": false,"Relation Name": "supplier","Alias": "supplier","Startup Cost": 0.00,"Total Cost": 347.00,"Plan Rows": 1,"Plan Width": 4,"Actual Startup Time": 0.176,"Actual Total Time": 7.571,"Actual Rows": 4,"Actual Loops": 5,"Filter": "((s_comment)::text ~~ '%Customer%Complaints%'::text)","Rows Removed by Filter": 9996,"Workers": []}]},{"Node Type": "Hash","Parent Relationship": "Inner","Parallel Aware": true,"Async Capable": false,"Startup Cost": 6180.33,"Total Cost": 6180.33,"Plan Rows": 12429,"Plan Width": 40,"Actual Startup Time": 22.904,"Actual Total Time": 22.908,"Actual Rows": 5953,"Actual Loops": 5,"Hash Buckets": 32768,"Original Hash Buckets": 32768,"Hash Batches": 1,"Original Hash Batches": 1,"Peak Memory Usage": 2560,"Workers": [],"Plans": [{"Node Type": "Seq Scan","Parent Relationship": "Outer","Parallel Aware": true,"Async Capable": false,"Relation Name": "part","Alias": "part","Startup Cost": 0.00,"Total Cost": 6180.33,"Plan Rows": 12429,"Plan Width": 40,"Actual Startup Time": 0.052,"Actual Total Time": 19.200,"Actual Rows": 5953,"Actual Loops": 5,"Filter": "((p_brand <> 'Brand#52'::bpchar) AND ((p_type)::text !~~ 'ECONOMY BRUSHED%'::text) AND (p_size = ANY ('{16,3,26,50,46,20,39,42}'::integer[])))","Rows Removed by Filter": 34047,"Workers": []}]}]}]}]}]}]},"Planning Time": 5.029,"Triggers": [],"Execution Time": 240.423}]
[{"Plan": {"Node Type": "Sort","Parallel Aware": false,"Async Capable": false,"Startup Cost": 32758.38,"Total Cost": 32797.45,"Plan Rows": 15628,"Plan Width": 44,"Actual Startup Time": 232.915,"Actual Total Time": 234.807,"Actual Rows": 18159,"Actual Loops": 1,"Sort Key": ["(count(DISTINCT partsupp.ps_suppkey)) DESC", "part.p_brand", "part.p_type", "part.p_size"],"Sort Method": "quicksort","Sort Space Used": 2328,"Sort Space Type": "Memory","Plans": [{"Node Type": "Aggregate","Strategy": "Sorted","Partial Mode": "Simple","Parent Relationship": "Outer","Parallel Aware": false,"Async Capable": false,"Startup Cost": 24193.44,"Total Cost": 31669.74,"Plan Rows": 15628,"Plan Width": 44,"Actual Startup Time": 129.194,"Actual Total Time": 194.492,"Actual Rows": 18159,"Actual Loops": 1,"Group Key": ["part.p_brand", "part.p_type", "part.p_size"],"Plans": [{"Node Type": "Gather Merge","Parent Relationship": "Outer","Parallel Aware": false,"Async Capable": false,"Startup Cost": 24193.44,"Total Cost": 30949.23,"Plan Rows": 56423,"Plan Width": 40,"Actual Startup Time": 129.143,"Actual Total Time": 167.314,"Actual Rows": 117305,"Actual Loops": 1,"Workers Planned": 4,"Workers Launched": 4,"Plans": [{"Node Type": "Sort","Parent Relationship": "Outer","Parallel Aware": false,"Async Capable": false,"Startup Cost": 23193.39,"Total Cost": 23228.65,"Plan Rows": 14106,"Plan Width": 40,"Actual Startup Time": 121.930,"Actual Total Time": 124.538,"Actual Rows": 23461,"Actual Loops": 5,"Sort Key": ["part.p_brand", "part.p_type", "part.p_size"],"Sort Method": "quicksort","Sort Space Used": 2706,"Sort Space Type": "Memory","Workers": [{"Worker Number": 0,"Sort Method": "quicksort","Sort Space Used": 2695,"Sort Space Type": "Memory"},{"Worker Number": 1,"Sort Method": "quicksort","Sort Space Used": 2691,"Sort Space Type": "Memory"},{"Worker Number": 2,"Sort Method": "quicksort","Sort Space Used": 2715,"Sort Space Type": "Memory"},{"Worker Number": 3,"Sort Method": "quicksort","Sort Space Used": 2679,"Sort Space Type": "Memory"}],"Plans": [{"Node Type": "Hash Join","Parent Relationship": "Outer","Parallel Aware": true,"Async Capable": false,"Join Type": "Inner","Startup Cost": 6674.70,"Total Cost": 22221.20,"Plan Rows": 14106,"Plan Width": 40,"Actual Startup Time": 30.498,"Actual Total Time": 80.907,"Actual Rows": 23461,"Actual Loops": 5,"Inner Unique": true,"Hash Cond": "(partsupp.ps_partkey = part.p_partkey)","Workers": [],"Plans": [{"Node Type": "Index Only Scan","Parent Relationship": "Outer","Parallel Aware": true,"Async Capable": false,"Scan Direction": "Forward","Index Name": "partsupp_pkey","Relation Name": "partsupp","Alias": "partsupp","Startup Cost": 347.43,"Total Cost": 15631.43,"Plan Rows": 100000,"Plan Width": 8,"Actual Startup Time": 6.610,"Actual Total Time": 31.601,"Actual Rows": 159936,"Actual Loops": 5,"Filter": "(NOT (hashed SubPlan 1))","Rows Removed by Filter": 64,"Heap Fetches": 0,"Workers": [],"Plans": [{"Node Type": "Seq Scan","Parent Relationship": "SubPlan","Subplan Name": "SubPlan 1","Parallel Aware": false,"Async Capable": false,"Relation Name": "supplier","Alias": "supplier","Startup Cost": 0.00,"Total Cost": 347.00,"Plan Rows": 1,"Plan Width": 4,"Actual Startup Time": 0.207,"Actual Total Time": 6.391,"Actual Rows": 4,"Actual Loops": 5,"Filter": "((s_comment)::text ~~ '%Customer%Complaints%'::text)","Rows Removed by Filter": 9996,"Workers": []}]},{"Node Type": "Hash","Parent Relationship": "Inner","Parallel Aware": true,"Async Capable": false,"Startup Cost": 6180.33,"Total Cost": 6180.33,"Plan Rows": 11755,"Plan Width": 40,"Actual Startup Time": 23.612,"Actual Total Time": 23.615,"Actual Rows": 5867,"Actual Loops": 5,"Hash Buckets": 32768,"Original Hash Buckets": 32768,"Hash Batches": 1,"Original Hash Batches": 1,"Peak Memory Usage": 2528,"Workers": [],"Plans": [{"Node Type": "Seq Scan","Parent Relationship": "Outer","Parallel Aware": true,"Async Capable": false,"Relation Name": "part","Alias": "part","Startup Cost": 0.00,"Total Cost": 6180.33,"Plan Rows": 11755,"Plan Width": 40,"Actual Startup Time": 0.080,"Actual Total Time": 19.608,"Actual Rows": 5867,"Actual Loops": 5,"Filter": "((p_brand <> 'Brand#52'::bpchar) AND ((p_type)::text !~~ 'SMALL BURNISHED%'::text) AND (p_size = ANY ('{17,36,26,6,13,40,23,37}'::integer[])))","Rows Removed by Filter": 34133,"Workers": []}]}]}]}]}]}]},"Planning Time": 3.741,"Triggers": [],"Execution Time": 235.680}]
[{"Plan": {"Node Type": "Sort","Parallel Aware": false,"Async Capable": false,"Startup Cost": 33284.77,"Total Cost": 33324.83,"Plan Rows": 16024,"Plan Width": 44,"Actual Startup Time": 233.062,"Actual Total Time": 234.910,"Actual Rows": 18276,"Actual Loops": 1,"Sort Key": ["(count(DISTINCT partsupp.ps_suppkey)) DESC", "part.p_brand", "part.p_type", "part.p_size"],"Sort Method": "quicksort","Sort Space Used": 2338,"Sort Space Type": "Memory","Plans": [{"Node Type": "Aggregate","Strategy": "Sorted","Partial Mode": "Simple","Parent Relationship": "Outer","Parallel Aware": false,"Async Capable": false,"Startup Cost": 24263.89,"Total Cost": 32165.66,"Plan Rows": 16024,"Plan Width": 44,"Actual Startup Time": 129.834,"Actual Total Time": 196.345,"Actual Rows": 18276,"Actual Loops": 1,"Group Key": ["part.p_brand", "part.p_type", "part.p_size"],"Plans": [{"Node Type": "Gather Merge","Parent Relationship": "Outer","Parallel Aware": false,"Async Capable": false,"Startup Cost": 24263.89,"Total Cost": 31408.70,"Plan Rows": 59672,"Plan Width": 40,"Actual Startup Time": 129.781,"Actual Total Time": 169.117,"Actual Rows": 118222,"Actual Loops": 1,"Workers Planned": 4,"Workers Launched": 4,"Plans": [{"Node Type": "Sort","Parent Relationship": "Outer","Parallel Aware": false,"Async Capable": false,"Startup Cost": 23263.83,"Total Cost": 23301.13,"Plan Rows": 14918,"Plan Width": 40,"Actual Startup Time": 122.398,"Actual Total Time": 124.812,"Actual Rows": 23644,"Actual Loops": 5,"Sort Key": ["part.p_brand", "part.p_type", "part.p_size"],"Sort Method": "quicksort","Sort Space Used": 2705,"Sort Space Type": "Memory","Workers": [{"Worker Number": 0,"Sort Method": "quicksort","Sort Space Used": 2714,"Sort Space Type": "Memory"},{"Worker Number": 1,"Sort Method": "quicksort","Sort Space Used": 2736,"Sort Space Type": "Memory"},{"Worker Number": 2,"Sort Method": "quicksort","Sort Space Used": 2710,"Sort Space Type": "Memory"},{"Worker Number": 3,"Sort Method": "quicksort","Sort Space Used": 2713,"Sort Space Type": "Memory"}],"Plans": [{"Node Type": "Hash Join","Parent Relationship": "Outer","Parallel Aware": true,"Async Capable": false,"Join Type": "Inner","Startup Cost": 6683.16,"Total Cost": 22229.66,"Plan Rows": 14918,"Plan Width": 40,"Actual Startup Time": 30.432,"Actual Total Time": 80.922,"Actual Rows": 23644,"Actual Loops": 5,"Inner Unique": true,"Hash Cond": "(partsupp.ps_partkey = part.p_partkey)","Workers": [],"Plans": [{"Node Type": "Index Only Scan","Parent Relationship": "Outer","Parallel Aware": true,"Async Capable": false,"Scan Direction": "Forward","Index Name": "partsupp_pkey","Relation Name": "partsupp","Alias": "partsupp","Startup Cost": 347.43,"Total Cost": 15631.43,"Plan Rows": 100000,"Plan Width": 8,"Actual Startup Time": 7.052,"Actual Total Time": 32.301,"Actual Rows": 159936,"Actual Loops": 5,"Filter": "(NOT (hashed SubPlan 1))","Rows Removed by Filter": 64,"Heap Fetches": 0,"Workers": [],"Plans": [{"Node Type": "Seq Scan","Parent Relationship": "SubPlan","Subplan Name": "SubPlan 1","Parallel Aware": false,"Async Capable": false,"Relation Name": "supplier","Alias": "supplier","Startup Cost": 0.00,"Total Cost": 347.00,"Plan Rows": 1,"Plan Width": 4,"Actual Startup Time": 0.168,"Actual Total Time": 6.914,"Actual Rows": 4,"Actual Loops": 5,"Filter": "((s_comment)::text ~~ '%Customer%Complaints%'::text)","Rows Removed by Filter": 9996,"Workers": []}]},{"Node Type": "Hash","Parent Relationship": "Inner","Parallel Aware": true,"Async Capable": false,"Startup Cost": 6180.33,"Total Cost": 6180.33,"Plan Rows": 12432,"Plan Width": 40,"Actual Startup Time": 23.099,"Actual Total Time": 23.102,"Actual Rows": 5914,"Actual Loops": 5,"Hash Buckets": 32768,"Original Hash Buckets": 32768,"Hash Batches": 1,"Original Hash Batches": 1,"Peak Memory Usage": 2560,"Workers": [],"Plans": [{"Node Type": "Seq Scan","Parent Relationship": "Outer","Parallel Aware": true,"Async Capable": false,"Relation Name": "part","Alias": "part","Startup Cost": 0.00,"Total Cost": 6180.33,"Plan Rows": 12432,"Plan Width": 40,"Actual Startup Time": 0.057,"Actual Total Time": 19.130,"Actual Rows": 5914,"Actual Loops": 5,"Filter": "((p_brand <> 'Brand#35'::bpchar) AND ((p_type)::text !~~ 'PROMO POLISHED%'::text) AND (p_size = ANY ('{16,30,34,32,23,17,25,8}'::integer[])))","Rows Removed by Filter": 34086,"Workers": []}]}]}]}]}]}]},"Planning Time": 3.668,"Triggers": [],"Execution Time": 235.821}]
[{"Plan": {"Node Type": "Sort","Parallel Aware": false,"Async Capable": false,"Startup Cost": 33327.72,"Total Cost": 33367.85,"Plan Rows": 16055,"Plan Width": 44,"Actual Startup Time": 240.255,"Actual Total Time": 242.102,"Actual Rows": 18320,"Actual Loops": 1,"Sort Key": ["(count(DISTINCT partsupp.ps_suppkey)) DESC", "part.p_brand", "part.p_type", "part.p_size"],"Sort Method": "quicksort","Sort Space Used": 2342,"Sort Space Type": "Memory","Plans": [{"Node Type": "Aggregate","Strategy": "Sorted","Partial Mode": "Simple","Parent Relationship": "Outer","Parallel Aware": false,"Async Capable": false,"Startup Cost": 24269.63,"Total Cost": 32206.22,"Plan Rows": 16055,"Plan Width": 44,"Actual Startup Time": 136.210,"Actual Total Time": 203.189,"Actual Rows": 18320,"Actual Loops": 1,"Group Key": ["part.p_brand", "part.p_type", "part.p_size"],"Plans": [{"Node Type": "Gather Merge","Parent Relationship": "Outer","Parallel Aware": false,"Async Capable": false,"Startup Cost": 24269.63,"Total Cost": 31446.29,"Plan Rows": 59938,"Plan Width": 40,"Actual Startup Time": 136.147,"Actual Total Time": 175.385,"Actual Rows": 119212,"Actual Loops": 1,"Workers Planned": 4,"Workers Launched": 4,"Plans": [{"Node Type": "Sort","Parent Relationship": "Outer","Parallel Aware": false,"Async Capable": false,"Startup Cost": 23269.57,"Total Cost": 23307.03,"Plan Rows": 14984,"Plan Width": 40,"Actual Startup Time": 125.662,"Actual Total Time": 127.957,"Actual Rows": 23842,"Actual Loops": 5,"Sort Key": ["part.p_brand", "part.p_type", "part.p_size"],"Sort Method": "quicksort","Sort Space Used": 2373,"Sort Space Type": "Memory","Workers": [{"Worker Number": 0,"Sort Method": "quicksort","Sort Space Used": 2607,"Sort Space Type": "Memory"},{"Worker Number": 1,"Sort Method": "quicksort","Sort Space Used": 2864,"Sort Space Type": "Memory"},{"Worker Number": 2,"Sort Method": "quicksort","Sort Space Used": 2906,"Sort Space Type": "Memory"},{"Worker Number": 3,"Sort Method": "quicksort","Sort Space Used": 2896,"Sort Space Type": "Memory"}],"Plans": [{"Node Type": "Hash Join","Parent Relationship": "Outer","Parallel Aware": true,"Async Capable": false,"Join Type": "Inner","Startup Cost": 6683.85,"Total Cost": 22230.35,"Plan Rows": 14984,"Plan Width": 40,"Actual Startup Time": 33.429,"Actual Total Time": 82.908,"Actual Rows": 23842,"Actual Loops": 5,"Inner Unique": true,"Hash Cond": "(partsupp.ps_partkey = part.p_partkey)","Workers": [],"Plans": [{"Node Type": "Index Only Scan","Parent Relationship": "Outer","Parallel Aware": true,"Async Capable": false,"Scan Direction": "Forward","Index Name": "partsupp_pkey","Relation Name": "partsupp","Alias": "partsupp","Startup Cost": 347.43,"Total Cost": 15631.43,"Plan Rows": 100000,"Plan Width": 8,"Actual Startup Time": 9.192,"Actual Total Time": 34.528,"Actual Rows": 159936,"Actual Loops": 5,"Filter": "(NOT (hashed SubPlan 1))","Rows Removed by Filter": 64,"Heap Fetches": 0,"Workers": [],"Plans": [{"Node Type": "Seq Scan","Parent Relationship": "SubPlan","Subplan Name": "SubPlan 1","Parallel Aware": false,"Async Capable": false,"Relation Name": "supplier","Alias": "supplier","Startup Cost": 0.00,"Total Cost": 347.00,"Plan Rows": 1,"Plan Width": 4,"Actual Startup Time": 0.357,"Actual Total Time": 8.987,"Actual Rows": 4,"Actual Loops": 5,"Filter": "((s_comment)::text ~~ '%Customer%Complaints%'::text)","Rows Removed by Filter": 9996,"Workers": []}]},{"Node Type": "Hash","Parent Relationship": "Inner","Parallel Aware": true,"Async Capable": false,"Startup Cost": 6180.33,"Total Cost": 6180.33,"Plan Rows": 12487,"Plan Width": 40,"Actual Startup Time": 23.927,"Actual Total Time": 23.931,"Actual Rows": 5963,"Actual Loops": 5,"Hash Buckets": 32768,"Original Hash Buckets": 32768,"Hash Batches": 1,"Original Hash Batches": 1,"Peak Memory Usage": 2592,"Workers": [],"Plans": [{"Node Type": "Seq Scan","Parent Relationship": "Outer","Parallel Aware": true,"Async Capable": false,"Relation Name": "part","Alias": "part","Startup Cost": 0.00,"Total Cost": 6180.33,"Plan Rows": 12487,"Plan Width": 40,"Actual Startup Time": 0.045,"Actual Total Time": 20.479,"Actual Rows": 5963,"Actual Loops": 5,"Filter": "((p_brand <> 'Brand#23'::bpchar) AND ((p_type)::text !~~ 'PROMO BURNISHED%'::text) AND (p_size = ANY ('{44,30,26,11,37,18,24,45}'::integer[])))","Rows Removed by Filter": 34037,"Workers": []}]}]}]}]}]}]},"Planning Time": 5.338,"Triggers": [],"Execution Time": 243.377}]
[{"Plan": {"Node Type": "Sort","Parallel Aware": false,"Async Capable": false,"Startup Cost": 33276.24,"Total Cost": 33316.28,"Plan Rows": 16018,"Plan Width": 44,"Actual Startup Time": 254.453,"Actual Total Time": 256.083,"Actual Rows": 18306,"Actual Loops": 1,"Sort Key": ["(count(DISTINCT partsupp.ps_suppkey)) DESC", "part.p_brand", "part.p_type", "part.p_size"],"Sort Method": "quicksort","Sort Space Used": 2341,"Sort Space Type": "Memory","Plans": [{"Node Type": "Aggregate","Strategy": "Sorted","Partial Mode": "Simple","Parent Relationship": "Outer","Parallel Aware": false,"Async Capable": false,"Startup Cost": 24262.76,"Total Cost": 32157.59,"Plan Rows": 16018,"Plan Width": 44,"Actual Startup Time": 138.776,"Actual Total Time": 214.909,"Actual Rows": 18306,"Actual Loops": 1,"Group Key": ["part.p_brand", "part.p_type", "part.p_size"],"Plans": [{"Node Type": "Gather Merge","Parent Relationship": "Outer","Parallel Aware": false,"Async Capable": false,"Startup Cost": 24262.76,"Total Cost": 31401.22,"Plan Rows": 59619,"Plan Width": 40,"Actual Startup Time": 138.715,"Actual Total Time": 182.373,"Actual Rows": 118264,"Actual Loops": 1,"Workers Planned": 4,"Workers Launched": 4,"Plans": [{"Node Type": "Sort","Parent Relationship": "Outer","Parallel Aware": false,"Async Capable": false,"Startup Cost": 23262.70,"Total Cost": 23299.96,"Plan Rows": 14905,"Plan Width": 40,"Actual Startup Time": 126.873,"Actual Total Time": 129.576,"Actual Rows": 23653,"Actual Loops": 5,"Sort Key": ["part.p_brand", "part.p_type", "part.p_size"],"Sort Method": "quicksort","Sort Space Used": 2494,"Sort Space Type": "Memory","Workers": [{"Worker Number": 0,"Sort Method": "quicksort","Sort Space Used": 2778,"Sort Space Type": "Memory"},{"Worker Number": 1,"Sort Method": "quicksort","Sort Space Used": 2787,"Sort Space Type": "Memory"},{"Worker Number": 2,"Sort Method": "quicksort","Sort Space Used": 2765,"Sort Space Type": "Memory"},{"Worker Number": 3,"Sort Method": "quicksort","Sort Space Used": 2755,"Sort Space Type": "Memory"}],"Plans": [{"Node Type": "Hash Join","Parent Relationship": "Outer","Parallel Aware": true,"Async Capable": false,"Join Type": "Inner","Startup Cost": 6683.02,"Total Cost": 22229.52,"Plan Rows": 14905,"Plan Width": 40,"Actual Startup Time": 31.368,"Actual Total Time": 82.910,"Actual Rows": 23653,"Actual Loops": 5,"Inner Unique": true,"Hash Cond": "(partsupp.ps_partkey = part.p_partkey)","Workers": [],"Plans": [{"Node Type": "Index Only Scan","Parent Relationship": "Outer","Parallel Aware": true,"Async Capable": false,"Scan Direction": "Forward","Index Name": "partsupp_pkey","Relation Name": "partsupp","Alias": "partsupp","Startup Cost": 347.43,"Total Cost": 15631.43,"Plan Rows": 100000,"Plan Width": 8,"Actual Startup Time": 7.216,"Actual Total Time": 33.207,"Actual Rows": 159936,"Actual Loops": 5,"Filter": "(NOT (hashed SubPlan 1))","Rows Removed by Filter": 64,"Heap Fetches": 0,"Workers": [],"Plans": [{"Node Type": "Seq Scan","Parent Relationship": "SubPlan","Subplan Name": "SubPlan 1","Parallel Aware": false,"Async Capable": false,"Relation Name": "supplier","Alias": "supplier","Startup Cost": 0.00,"Total Cost": 347.00,"Plan Rows": 1,"Plan Width": 4,"Actual Startup Time": 0.157,"Actual Total Time": 7.023,"Actual Rows": 4,"Actual Loops": 5,"Filter": "((s_comment)::text ~~ '%Customer%Complaints%'::text)","Rows Removed by Filter": 9996,"Workers": []}]},{"Node Type": "Hash","Parent Relationship": "Inner","Parallel Aware": true,"Async Capable": false,"Startup Cost": 6180.33,"Total Cost": 6180.33,"Plan Rows": 12421,"Plan Width": 40,"Actual Startup Time": 23.888,"Actual Total Time": 23.892,"Actual Rows": 5916,"Actual Loops": 5,"Hash Buckets": 32768,"Original Hash Buckets": 32768,"Hash Batches": 1,"Original Hash Batches": 1,"Peak Memory Usage": 2560,"Workers": [],"Plans": [{"Node Type": "Seq Scan","Parent Relationship": "Outer","Parallel Aware": true,"Async Capable": false,"Relation Name": "part","Alias": "part","Startup Cost": 0.00,"Total Cost": 6180.33,"Plan Rows": 12421,"Plan Width": 40,"Actual Startup Time": 0.062,"Actual Total Time": 19.923,"Actual Rows": 5916,"Actual Loops": 5,"Filter": "((p_brand <> 'Brand#21'::bpchar) AND ((p_type)::text !~~ 'SMALL POLISHED%'::text) AND (p_size = ANY ('{15,3,25,44,20,33,17,41}'::integer[])))","Rows Removed by Filter": 34084,"Workers": []}]}]}]}]}]}]},"Planning Time": 3.730,"Triggers": [],"Execution Time": 256.977}]
[{"Plan": {"Node Type": "Sort","Parallel Aware": false,"Async Capable": false,"Startup Cost": 33098.32,"Total Cost": 33138.04,"Plan Rows": 15888,"Plan Width": 44,"Actual Startup Time": 233.013,"Actual Total Time": 234.582,"Actual Rows": 18279,"Actual Loops": 1,"Sort Key": ["(count(DISTINCT partsupp.ps_suppkey)) DESC", "part.p_brand", "part.p_type", "part.p_size"],"Sort Method": "quicksort","Sort Space Used": 2338,"Sort Space Type": "Memory","Plans": [{"Node Type": "Aggregate","Strategy": "Sorted","Partial Mode": "Simple","Parent Relationship": "Outer","Parallel Aware": false,"Async Capable": false,"Startup Cost": 24238.86,"Total Cost": 31989.68,"Plan Rows": 15888,"Plan Width": 44,"Actual Startup Time": 130.194,"Actual Total Time": 195.387,"Actual Rows": 18279,"Actual Loops": 1,"Group Key": ["part.p_brand", "part.p_type", "part.p_size"],"Plans": [{"Node Type": "Gather Merge","Parent Relationship": "Outer","Parallel Aware": false,"Async Capable": false,"Startup Cost": 24238.86,"Total Cost": 31245.61,"Plan Rows": 58519,"Plan Width": 40,"Actual Startup Time": 130.124,"Actual Total Time": 167.823,"Actual Rows": 118679,"Actual Loops": 1,"Workers Planned": 4,"Workers Launched": 4,"Plans": [{"Node Type": "Sort","Parent Relationship": "Outer","Parallel Aware": false,"Async Capable": false,"Startup Cost": 23238.80,"Total Cost": 23275.37,"Plan Rows": 14630,"Plan Width": 40,"Actual Startup Time": 120.485,"Actual Total Time": 122.879,"Actual Rows": 23736,"Actual Loops": 5,"Sort Key": ["part.p_brand", "part.p_type", "part.p_size"],"Sort Method": "quicksort","Sort Space Used": 2642,"Sort Space Type": "Memory","Workers": [{"Worker Number": 0,"Sort Method": "quicksort","Sort Space Used": 2654,"Sort Space Type": "Memory"},{"Worker Number": 1,"Sort Method": "quicksort","Sort Space Used": 2817,"Sort Space Type": "Memory"},{"Worker Number": 2,"Sort Method": "quicksort","Sort Space Used": 2666,"Sort Space Type": "Memory"},{"Worker Number": 3,"Sort Method": "quicksort","Sort Space Used": 2835,"Sort Space Type": "Memory"}],"Plans": [{"Node Type": "Hash Join","Parent Relationship": "Outer","Parallel Aware": true,"Async Capable": false,"Join Type": "Inner","Startup Cost": 6680.15,"Total Cost": 22226.65,"Plan Rows": 14630,"Plan Width": 40,"Actual Startup Time": 31.095,"Actual Total Time": 79.078,"Actual Rows": 23736,"Actual Loops": 5,"Inner Unique": true,"Hash Cond": "(partsupp.ps_partkey = part.p_partkey)","Workers": [],"Plans": [{"Node Type": "Index Only Scan","Parent Relationship": "Outer","Parallel Aware": true,"Async Capable": false,"Scan Direction": "Forward","Index Name": "partsupp_pkey","Relation Name": "partsupp","Alias": "partsupp","Startup Cost": 347.43,"Total Cost": 15631.43,"Plan Rows": 100000,"Plan Width": 8,"Actual Startup Time": 7.512,"Actual Total Time": 32.091,"Actual Rows": 159936,"Actual Loops": 5,"Filter": "(NOT (hashed SubPlan 1))","Rows Removed by Filter": 64,"Heap Fetches": 0,"Workers": [],"Plans": [{"Node Type": "Seq Scan","Parent Relationship": "SubPlan","Subplan Name": "SubPlan 1","Parallel Aware": false,"Async Capable": false,"Relation Name": "supplier","Alias": "supplier","Startup Cost": 0.00,"Total Cost": 347.00,"Plan Rows": 1,"Plan Width": 4,"Actual Startup Time": 0.165,"Actual Total Time": 7.369,"Actual Rows": 4,"Actual Loops": 5,"Filter": "((s_comment)::text ~~ '%Customer%Complaints%'::text)","Rows Removed by Filter": 9996,"Workers": []}]},{"Node Type": "Hash","Parent Relationship": "Inner","Parallel Aware": true,"Async Capable": false,"Startup Cost": 6180.33,"Total Cost": 6180.33,"Plan Rows": 12191,"Plan Width": 40,"Actual Startup Time": 23.271,"Actual Total Time": 23.274,"Actual Rows": 5936,"Actual Loops": 5,"Hash Buckets": 32768,"Original Hash Buckets": 32768,"Hash Batches": 1,"Original Hash Batches": 1,"Peak Memory Usage": 2528,"Workers": [],"Plans": [{"Node Type": "Seq Scan","Parent Relationship": "Outer","Parallel Aware": true,"Async Capable": false,"Relation Name": "part","Alias": "part","Startup Cost": 0.00,"Total Cost": 6180.33,"Plan Rows": 12191,"Plan Width": 40,"Actual Startup Time": 0.057,"Actual Total Time": 19.647,"Actual Rows": 5936,"Actual Loops": 5,"Filter": "((p_brand <> 'Brand#31'::bpchar) AND ((p_type)::text !~~ 'LARGE ANODIZED%'::text) AND (p_size = ANY ('{44,11,27,19,3,13,30,24}'::integer[])))","Rows Removed by Filter": 34064,"Workers": []}]}]}]}]}]}]},"Planning Time": 5.047,"Triggers": [],"Execution Time": 235.484}]
[{"Plan": {"Node Type": "Sort","Parallel Aware": false,"Async Capable": false,"Startup Cost": 33173.65,"Total Cost": 33213.50,"Plan Rows": 15943,"Plan Width": 44,"Actual Startup Time": 235.984,"Actual Total Time": 237.808,"Actual Rows": 18135,"Actual Loops": 1,"Sort Key": ["(count(DISTINCT partsupp.ps_suppkey)) DESC", "part.p_brand", "part.p_type", "part.p_size"],"Sort Method": "quicksort","Sort Space Used": 2326,"Sort Space Type": "Memory","Plans": [{"Node Type": "Aggregate","Strategy": "Sorted","Partial Mode": "Simple","Parent Relationship": "Outer","Parallel Aware": false,"Async Capable": false,"Startup Cost": 24248.95,"Total Cost": 32060.77,"Plan Rows": 15943,"Plan Width": 44,"Actual Startup Time": 132.232,"Actual Total Time": 198.533,"Actual Rows": 18135,"Actual Loops": 1,"Group Key": ["part.p_brand", "part.p_type", "part.p_size"],"Plans": [{"Node Type": "Gather Merge","Parent Relationship": "Outer","Parallel Aware": false,"Async Capable": false,"Startup Cost": 24248.95,"Total Cost": 31311.49,"Plan Rows": 58985,"Plan Width": 40,"Actual Startup Time": 132.152,"Actual Total Time": 171.127,"Actual Rows": 119167,"Actual Loops": 1,"Workers Planned": 4,"Workers Launched": 4,"Plans": [{"Node Type": "Sort","Parent Relationship": "Outer","Parallel Aware": false,"Async Capable": false,"Startup Cost": 23248.89,"Total Cost": 23285.75,"Plan Rows": 14746,"Plan Width": 40,"Actual Startup Time": 123.890,"Actual Total Time": 126.385,"Actual Rows": 23833,"Actual Loops": 5,"Sort Key": ["part.p_brand", "part.p_type", "part.p_size"],"Sort Method": "quicksort","Sort Space Used": 2722,"Sort Space Type": "Memory","Workers": [{"Worker Number": 0,"Sort Method": "quicksort","Sort Space Used": 2726,"Sort Space Type": "Memory"},{"Worker Number": 1,"Sort Method": "quicksort","Sort Space Used": 2708,"Sort Space Type": "Memory"},{"Worker Number": 2,"Sort Method": "quicksort","Sort Space Used": 2726,"Sort Space Type": "Memory"},{"Worker Number": 3,"Sort Method": "quicksort","Sort Space Used": 2752,"Sort Space Type": "Memory"}],"Plans": [{"Node Type": "Hash Join","Parent Relationship": "Outer","Parallel Aware": true,"Async Capable": false,"Join Type": "Inner","Startup Cost": 6681.37,"Total Cost": 22227.87,"Plan Rows": 14746,"Plan Width": 40,"Actual Startup Time": 30.817,"Actual Total Time": 82.028,"Actual Rows": 23833,"Actual Loops": 5,"Inner Unique": true,"Hash Cond": "(partsupp.ps_partkey = part.p_partkey)","Workers": [],"Plans": [{"Node Type": "Index Only Scan","Parent Relationship": "Outer","Parallel Aware": true,"Async Capable": false,"Scan Direction": "Forward","Index Name": "partsupp_pkey","Relation Name": "partsupp","Alias": "partsupp","Startup Cost": 347.43,"Total Cost": 15631.43,"Plan Rows": 100000,"Plan Width": 8,"Actual Startup Time": 7.031,"Actual Total Time": 32.429,"Actual Rows": 159936,"Actual Loops": 5,"Filter": "(NOT (hashed SubPlan 1))","Rows Removed by Filter": 64,"Heap Fetches": 0,"Workers": [],"Plans": [{"Node Type": "Seq Scan","Parent Relationship": "SubPlan","Subplan Name": "SubPlan 1","Parallel Aware": false,"Async Capable": false,"Relation Name": "supplier","Alias": "supplier","Startup Cost": 0.00,"Total Cost": 347.00,"Plan Rows": 1,"Plan Width": 4,"Actual Startup Time": 0.151,"Actual Total Time": 6.883,"Actual Rows": 4,"Actual Loops": 5,"Filter": "((s_comment)::text ~~ '%Customer%Complaints%'::text)","Rows Removed by Filter": 9996,"Workers": []}]},{"Node Type": "Hash","Parent Relationship": "Inner","Parallel Aware": true,"Async Capable": false,"Startup Cost": 6180.33,"Total Cost": 6180.33,"Plan Rows": 12289,"Plan Width": 40,"Actual Startup Time": 23.484,"Actual Total Time": 23.488,"Actual Rows": 5961,"Actual Loops": 5,"Hash Buckets": 32768,"Original Hash Buckets": 32768,"Hash Batches": 1,"Original Hash Batches": 1,"Peak Memory Usage": 2560,"Workers": [],"Plans": [{"Node Type": "Seq Scan","Parent Relationship": "Outer","Parallel Aware": true,"Async Capable": false,"Relation Name": "part","Alias": "part","Startup Cost": 0.00,"Total Cost": 6180.33,"Plan Rows": 12289,"Plan Width": 40,"Actual Startup Time": 0.049,"Actual Total Time": 19.383,"Actual Rows": 5961,"Actual Loops": 5,"Filter": "((p_brand <> 'Brand#33'::bpchar) AND ((p_type)::text !~~ 'STANDARD POLISHED%'::text) AND (p_size = ANY ('{13,28,30,12,42,7,6,18}'::integer[])))","Rows Removed by Filter": 34039,"Workers": []}]}]}]}]}]}]},"Planning Time": 4.119,"Triggers": [],"Execution Time": 238.769}]
[{"Plan": {"Node Type": "Sort","Parallel Aware": false,"Async Capable": false,"Startup Cost": 33288.06,"Total Cost": 33328.13,"Plan Rows": 16027,"Plan Width": 44,"Actual Startup Time": 242.230,"Actual Total Time": 244.020,"Actual Rows": 18323,"Actual Loops": 1,"Sort Key": ["(count(DISTINCT partsupp.ps_suppkey)) DESC", "part.p_brand", "part.p_type", "part.p_size"],"Sort Method": "quicksort","Sort Space Used": 2342,"Sort Space Type": "Memory","Plans": [{"Node Type": "Aggregate","Strategy": "Sorted","Partial Mode": "Simple","Parent Relationship": "Outer","Parallel Aware": false,"Async Capable": false,"Startup Cost": 24264.32,"Total Cost": 32168.71,"Plan Rows": 16027,"Plan Width": 44,"Actual Startup Time": 137.247,"Actual Total Time": 203.782,"Actual Rows": 18323,"Actual Loops": 1,"Group Key": ["part.p_brand", "part.p_type", "part.p_size"],"Plans": [{"Node Type": "Gather Merge","Parent Relationship": "Outer","Parallel Aware": false,"Async Capable": false,"Startup Cost": 24264.32,"Total Cost": 31411.52,"Plan Rows": 59692,"Plan Width": 40,"Actual Startup Time": 137.179,"Actual Total Time": 176.010,"Actual Rows": 119112,"Actual Loops": 1,"Workers Planned": 4,"Workers Launched": 4,"Plans": [{"Node Type": "Sort","Parent Relationship": "Outer","Parallel Aware": false,"Async Capable": false,"Startup Cost": 23264.27,"Total Cost": 23301.57,"Plan Rows": 14923,"Plan Width": 40,"Actual Startup Time": 124.435,"Actual Total Time": 127.173,"Actual Rows": 23822,"Actual Loops": 5,"Sort Key": ["part.p_brand", "part.p_type", "part.p_size"],"Sort Method": "quicksort","Sort Space Used": 2448,"Sort Space Type": "Memory","Workers": [{"Worker Number": 0,"Sort Method": "quicksort","Sort Space Used": 2936,"Sort Space Type": "Memory"},{"Worker Number": 1,"Sort Method": "quicksort","Sort Space Used": 2948,"Sort Space Type": "Memory"},{"Worker Number": 2,"Sort Method": "quicksort","Sort Space Used": 2429,"Sort Space Type": "Memory"},{"Worker Number": 3,"Sort Method": "quicksort","Sort Space Used": 2877,"Sort Space Type": "Memory"}],"Plans": [{"Node Type": "Hash Join","Parent Relationship": "Outer","Parallel Aware": true,"Async Capable": false,"Join Type": "Inner","Startup Cost": 6683.21,"Total Cost": 22229.71,"Plan Rows": 14923,"Plan Width": 40,"Actual Startup Time": 32.277,"Actual Total Time": 82.704,"Actual Rows": 23822,"Actual Loops": 5,"Inner Unique": true,"Hash Cond": "(partsupp.ps_partkey = part.p_partkey)","Workers": [],"Plans": [{"Node Type": "Index Only Scan","Parent Relationship": "Outer","Parallel Aware": true,"Async Capable": false,"Scan Direction": "Forward","Index Name": "partsupp_pkey","Relation Name": "partsupp","Alias": "partsupp","Startup Cost": 347.43,"Total Cost": 15631.43,"Plan Rows": 100000,"Plan Width": 8,"Actual Startup Time": 8.562,"Actual Total Time": 34.484,"Actual Rows": 159936,"Actual Loops": 5,"Filter": "(NOT (hashed SubPlan 1))","Rows Removed by Filter": 64,"Heap Fetches": 0,"Workers": [],"Plans": [{"Node Type": "Seq Scan","Parent Relationship": "SubPlan","Subplan Name": "SubPlan 1","Parallel Aware": false,"Async Capable": false,"Relation Name": "supplier","Alias": "supplier","Startup Cost": 0.00,"Total Cost": 347.00,"Plan Rows": 1,"Plan Width": 4,"Actual Startup Time": 0.140,"Actual Total Time": 8.447,"Actual Rows": 4,"Actual Loops": 5,"Filter": "((s_comment)::text ~~ '%Customer%Complaints%'::text)","Rows Removed by Filter": 9996,"Workers": []}]},{"Node Type": "Hash","Parent Relationship": "Inner","Parallel Aware": true,"Async Capable": false,"Startup Cost": 6180.33,"Total Cost": 6180.33,"Plan Rows": 12436,"Plan Width": 40,"Actual Startup Time": 23.476,"Actual Total Time": 23.480,"Actual Rows": 5959,"Actual Loops": 5,"Hash Buckets": 32768,"Original Hash Buckets": 32768,"Hash Batches": 1,"Original Hash Batches": 1,"Peak Memory Usage": 2560,"Workers": [],"Plans": [{"Node Type": "Seq Scan","Parent Relationship": "Outer","Parallel Aware": true,"Async Capable": false,"Relation Name": "part","Alias": "part","Startup Cost": 0.00,"Total Cost": 6180.33,"Plan Rows": 12436,"Plan Width": 40,"Actual Startup Time": 0.054,"Actual Total Time": 20.144,"Actual Rows": 5959,"Actual Loops": 5,"Filter": "((p_brand <> 'Brand#51'::bpchar) AND ((p_type)::text !~~ 'STANDARD PLATED%'::text) AND (p_size = ANY ('{35,30,12,20,23,34,5,40}'::integer[])))","Rows Removed by Filter": 34041,"Workers": []}]}]}]}]}]}]},"Planning Time": 5.380,"Triggers": [],"Execution Time": 245.327}]
[{"Plan": {"Node Type": "Sort","Parallel Aware": false,"Async Capable": false,"Startup Cost": 33488.75,"Total Cost": 33529.17,"Plan Rows": 16169,"Plan Width": 44,"Actual Startup Time": 246.083,"Actual Total Time": 248.003,"Actual Rows": 18350,"Actual Loops": 1,"Sort Key": ["(count(DISTINCT partsupp.ps_suppkey)) DESC", "part.p_brand", "part.p_type", "part.p_size"],"Sort Method": "quicksort","Sort Space Used": 2344,"Sort Space Type": "Memory","Plans": [{"Node Type": "Aggregate","Strategy": "Sorted","Partial Mode": "Simple","Parent Relationship": "Outer","Parallel Aware": false,"Async Capable": false,"Startup Cost": 24291.39,"Total Cost": 32358.46,"Plan Rows": 16169,"Plan Width": 44,"Actual Startup Time": 141.198,"Actual Total Time": 208.936,"Actual Rows": 18350,"Actual Loops": 1,"Group Key": ["part.p_brand", "part.p_type", "part.p_size"],"Plans": [{"Node Type": "Gather Merge","Parent Relationship": "Outer","Parallel Aware": false,"Async Capable": false,"Startup Cost": 24291.39,"Total Cost": 31587.42,"Plan Rows": 60935,"Plan Width": 40,"Actual Startup Time": 141.140,"Actual Total Time": 180.490,"Actual Rows": 119320,"Actual Loops": 1,"Workers Planned": 4,"Workers Launched": 4,"Plans": [{"Node Type": "Sort","Parent Relationship": "Outer","Parallel Aware": false,"Async Capable": false,"Startup Cost": 23291.33,"Total Cost": 23329.42,"Plan Rows": 15234,"Plan Width": 40,"Actual Startup Time": 127.595,"Actual Total Time": 130.262,"Actual Rows": 23864,"Actual Loops": 5,"Sort Key": ["part.p_brand", "part.p_type", "part.p_size"],"Sort Method": "quicksort","Sort Space Used": 2359,"Sort Space Type": "Memory","Workers": [{"Worker Number": 0,"Sort Method": "quicksort","Sort Space Used": 2837,"Sort Space Type": "Memory"},{"Worker Number": 1,"Sort Method": "quicksort","Sort Space Used": 2844,"Sort Space Type": "Memory"},{"Worker Number": 2,"Sort Method": "quicksort","Sort Space Used": 2875,"Sort Space Type": "Memory"},{"Worker Number": 3,"Sort Method": "quicksort","Sort Space Used": 2735,"Sort Space Type": "Memory"}],"Plans": [{"Node Type": "Hash Join","Parent Relationship": "Outer","Parallel Aware": true,"Async Capable": false,"Join Type": "Inner","Startup Cost": 6686.45,"Total Cost": 22232.95,"Plan Rows": 15234,"Plan Width": 40,"Actual Startup Time": 35.439,"Actual Total Time": 84.409,"Actual Rows": 23864,"Actual Loops": 5,"Inner Unique": true,"Hash Cond": "(partsupp.ps_partkey = part.p_partkey)","Workers": [],"Plans": [{"Node Type": "Index Only Scan","Parent Relationship": "Outer","Parallel Aware": true,"Async Capable": false,"Scan Direction": "Forward","Index Name": "partsupp_pkey","Relation Name": "partsupp","Alias": "partsupp","Startup Cost": 347.43,"Total Cost": 15631.43,"Plan Rows": 100000,"Plan Width": 8,"Actual Startup Time": 9.116,"Actual Total Time": 34.200,"Actual Rows": 159936,"Actual Loops": 5,"Filter": "(NOT (hashed SubPlan 1))","Rows Removed by Filter": 64,"Heap Fetches": 0,"Workers": [],"Plans": [{"Node Type": "Seq Scan","Parent Relationship": "SubPlan","Subplan Name": "SubPlan 1","Parallel Aware": false,"Async Capable": false,"Relation Name": "supplier","Alias": "supplier","Startup Cost": 0.00,"Total Cost": 347.00,"Plan Rows": 1,"Plan Width": 4,"Actual Startup Time": 0.300,"Actual Total Time": 8.971,"Actual Rows": 4,"Actual Loops": 5,"Filter": "((s_comment)::text ~~ '%Customer%Complaints%'::text)","Rows Removed by Filter": 9996,"Workers": []}]},{"Node Type": "Hash","Parent Relationship": "Inner","Parallel Aware": true,"Async Capable": false,"Startup Cost": 6180.33,"Total Cost": 6180.33,"Plan Rows": 12695,"Plan Width": 40,"Actual Startup Time": 26.058,"Actual Total Time": 26.063,"Actual Rows": 5968,"Actual Loops": 5,"Hash Buckets": 32768,"Original Hash Buckets": 32768,"Hash Batches": 1,"Original Hash Batches": 1,"Peak Memory Usage": 2528,"Workers": [],"Plans": [{"Node Type": "Seq Scan","Parent Relationship": "Outer","Parallel Aware": true,"Async Capable": false,"Relation Name": "part","Alias": "part","Startup Cost": 0.00,"Total Cost": 6180.33,"Plan Rows": 12695,"Plan Width": 40,"Actual Startup Time": 0.058,"Actual Total Time": 22.285,"Actual Rows": 5968,"Actual Loops": 5,"Filter": "((p_brand <> 'Brand#42'::bpchar) AND ((p_type)::text !~~ 'MEDIUM BURNISHED%'::text) AND (p_size = ANY ('{26,34,47,18,3,16,25,49}'::integer[])))","Rows Removed by Filter": 34032,"Workers": []}]}]}]}]}]}]},"Planning Time": 5.585,"Triggers": [],"Execution Time": 249.283}]
[{"Plan": {"Node Type": "Sort","Parallel Aware": false,"Async Capable": false,"Startup Cost": 33108.28,"Total Cost": 33148.01,"Plan Rows": 15895,"Plan Width": 44,"Actual Startup Time": 242.767,"Actual Total Time": 244.856,"Actual Rows": 18273,"Actual Loops": 1,"Sort Key": ["(count(DISTINCT partsupp.ps_suppkey)) DESC", "part.p_brand", "part.p_type", "part.p_size"],"Sort Method": "quicksort","Sort Space Used": 2338,"Sort Space Type": "Memory","Plans": [{"Node Type": "Aggregate","Strategy": "Sorted","Partial Mode": "Simple","Parent Relationship": "Outer","Parallel Aware": false,"Async Capable": false,"Startup Cost": 24240.17,"Total Cost": 31999.10,"Plan Rows": 15895,"Plan Width": 44,"Actual Startup Time": 139.753,"Actual Total Time": 205.745,"Actual Rows": 18273,"Actual Loops": 1,"Group Key": ["part.p_brand", "part.p_type", "part.p_size"],"Plans": [{"Node Type": "Gather Merge","Parent Relationship": "Outer","Parallel Aware": false,"Async Capable": false,"Startup Cost": 24240.17,"Total Cost": 31254.34,"Plan Rows": 58581,"Plan Width": 40,"Actual Startup Time": 139.692,"Actual Total Time": 178.150,"Actual Rows": 119069,"Actual Loops": 1,"Workers Planned": 4,"Workers Launched": 4,"Plans": [{"Node Type": "Sort","Parent Relationship": "Outer","Parallel Aware": false,"Async Capable": false,"Startup Cost": 23240.11,"Total Cost": 23276.72,"Plan Rows": 14645,"Plan Width": 40,"Actual Startup Time": 130.990,"Actual Total Time": 133.690,"Actual Rows": 23814,"Actual Loops": 5,"Sort Key": ["part.p_brand", "part.p_type", "part.p_size"],"Sort Method": "quicksort","Sort Space Used": 2220,"Sort Space Type": "Memory","Workers": [{"Worker Number": 0,"Sort Method": "quicksort","Sort Space Used": 2934,"Sort Space Type": "Memory"},{"Worker Number": 1,"Sort Method": "quicksort","Sort Space Used": 2958,"Sort Space Type": "Memory"},{"Worker Number": 2,"Sort Method": "quicksort","Sort Space Used": 2941,"Sort Space Type": "Memory"},{"Worker Number": 3,"Sort Method": "quicksort","Sort Space Used": 2579,"Sort Space Type": "Memory"}],"Plans": [{"Node Type": "Hash Join","Parent Relationship": "Outer","Parallel Aware": true,"Async Capable": false,"Join Type": "Inner","Startup Cost": 6680.31,"Total Cost": 22226.81,"Plan Rows": 14645,"Plan Width": 40,"Actual Startup Time": 33.771,"Actual Total Time": 85.089,"Actual Rows": 23814,"Actual Loops": 5,"Inner Unique": true,"Hash Cond": "(partsupp.ps_partkey = part.p_partkey)","Workers": [],"Plans": [{"Node Type": "Index Only Scan","Parent Relationship": "Outer","Parallel Aware": true,"Async Capable": false,"Scan Direction": "Forward","Index Name": "partsupp_pkey","Relation Name": "partsupp","Alias": "partsupp","Startup Cost": 347.43,"Total Cost": 15631.43,"Plan Rows": 100000,"Plan Width": 8,"Actual Startup Time": 9.190,"Actual Total Time": 35.575,"Actual Rows": 159936,"Actual Loops": 5,"Filter": "(NOT (hashed SubPlan 1))","Rows Removed by Filter": 64,"Heap Fetches": 0,"Workers": [],"Plans": [{"Node Type": "Seq Scan","Parent Relationship": "SubPlan","Subplan Name": "SubPlan 1","Parallel Aware": false,"Async Capable": false,"Relation Name": "supplier","Alias": "supplier","Startup Cost": 0.00,"Total Cost": 347.00,"Plan Rows": 1,"Plan Width": 4,"Actual Startup Time": 0.312,"Actual Total Time": 9.042,"Actual Rows": 4,"Actual Loops": 5,"Filter": "((s_comment)::text ~~ '%Customer%Complaints%'::text)","Rows Removed by Filter": 9996,"Workers": []}]},{"Node Type": "Hash","Parent Relationship": "Inner","Parallel Aware": true,"Async Capable": false,"Startup Cost": 6180.33,"Total Cost": 6180.33,"Plan Rows": 12204,"Plan Width": 40,"Actual Startup Time": 24.306,"Actual Total Time": 24.310,"Actual Rows": 5956,"Actual Loops": 5,"Hash Buckets": 32768,"Original Hash Buckets": 32768,"Hash Batches": 1,"Original Hash Batches": 1,"Peak Memory Usage": 2528,"Workers": [],"Plans": [{"Node Type": "Seq Scan","Parent Relationship": "Outer","Parallel Aware": true,"Async Capable": false,"Relation Name": "part","Alias": "part","Startup Cost": 0.00,"Total Cost": 6180.33,"Plan Rows": 12204,"Plan Width": 40,"Actual Startup Time": 0.059,"Actual Total Time": 20.651,"Actual Rows": 5956,"Actual Loops": 5,"Filter": "((p_brand <> 'Brand#42'::bpchar) AND ((p_type)::text !~~ 'SMALL BURNISHED%'::text) AND (p_size = ANY ('{23,11,10,37,25,16,20,27}'::integer[])))","Rows Removed by Filter": 34044,"Workers": []}]}]}]}]}]}]},"Planning Time": 5.338,"Triggers": [],"Execution Time": 246.084}]
[{"Plan": {"Node Type": "Sort","Parallel Aware": false,"Async Capable": false,"Startup Cost": 33296.32,"Total Cost": 33336.40,"Plan Rows": 16033,"Plan Width": 44,"Actual Startup Time": 241.384,"Actual Total Time": 243.156,"Actual Rows": 18270,"Actual Loops": 1,"Sort Key": ["(count(DISTINCT partsupp.ps_suppkey)) DESC", "part.p_brand", "part.p_type", "part.p_size"],"Sort Method": "quicksort","Sort Space Used": 2338,"Sort Space Type": "Memory","Plans": [{"Node Type": "Aggregate","Strategy": "Sorted","Partial Mode": "Simple","Parent Relationship": "Outer","Parallel Aware": false,"Async Capable": false,"Startup Cost": 24265.44,"Total Cost": 32176.51,"Plan Rows": 16033,"Plan Width": 44,"Actual Startup Time": 136.263,"Actual Total Time": 204.882,"Actual Rows": 18270,"Actual Loops": 1,"Group Key": ["part.p_brand", "part.p_type", "part.p_size"],"Plans": [{"Node Type": "Gather Merge","Parent Relationship": "Outer","Parallel Aware": false,"Async Capable": false,"Startup Cost": 24265.44,"Total Cost": 31418.75,"Plan Rows": 59743,"Plan Width": 40,"Actual Startup Time": 136.212,"Actual Total Time": 176.239,"Actual Rows": 119069,"Actual Loops": 1,"Workers Planned": 4,"Workers Launched": 4,"Plans": [{"Node Type": "Sort","Parent Relationship": "Outer","Parallel Aware": false,"Async Capable": false,"Startup Cost": 23265.39,"Total Cost": 23302.73,"Plan Rows": 14936,"Plan Width": 40,"Actual Startup Time": 124.465,"Actual Total Time": 127.238,"Actual Rows": 23814,"Actual Loops": 5,"Sort Key": ["part.p_brand", "part.p_type", "part.p_size"],"Sort Method": "quicksort","Sort Space Used": 2452,"Sort Space Type": "Memory","Workers": [{"Worker Number": 0,"Sort Method": "quicksort","Sort Space Used": 2482,"Sort Space Type": "Memory"},{"Worker Number": 1,"Sort Method": "quicksort","Sort Space Used": 2880,"Sort Space Type": "Memory"},{"Worker Number": 2,"Sort Method": "quicksort","Sort Space Used": 2926,"Sort Space Type": "Memory"},{"Worker Number": 3,"Sort Method": "quicksort","Sort Space Used": 2891,"Sort Space Type": "Memory"}],"Plans": [{"Node Type": "Hash Join","Parent Relationship": "Outer","Parallel Aware": true,"Async Capable": false,"Join Type": "Inner","Startup Cost": 6683.34,"Total Cost": 22229.84,"Plan Rows": 14936,"Plan Width": 40,"Actual Startup Time": 32.279,"Actual Total Time": 82.726,"Actual Rows": 23814,"Actual Loops": 5,"Inner Unique": true,"Hash Cond": "(partsupp.ps_partkey = part.p_partkey)","Workers": [],"Plans": [{"Node Type": "Index Only Scan","Parent Relationship": "Outer","Parallel Aware": true,"Async Capable": false,"Scan Direction": "Forward","Index Name": "partsupp_pkey","Relation Name": "partsupp","Alias": "partsupp","Startup Cost": 347.43,"Total Cost": 15631.43,"Plan Rows": 100000,"Plan Width": 8,"Actual Startup Time": 8.542,"Actual Total Time": 34.263,"Actual Rows": 159936,"Actual Loops": 5,"Filter": "(NOT (hashed SubPlan 1))","Rows Removed by Filter": 64,"Heap Fetches": 0,"Workers": [],"Plans": [{"Node Type": "Seq Scan","Parent Relationship": "SubPlan","Subplan Name": "SubPlan 1","Parallel Aware": false,"Async Capable": false,"Relation Name": "supplier","Alias": "supplier","Startup Cost": 0.00,"Total Cost": 347.00,"Plan Rows": 1,"Plan Width": 4,"Actual Startup Time": 0.291,"Actual Total Time": 8.404,"Actual Rows": 4,"Actual Loops": 5,"Filter": "((s_comment)::text ~~ '%Customer%Complaints%'::text)","Rows Removed by Filter": 9996,"Workers": []}]},{"Node Type": "Hash","Parent Relationship": "Inner","Parallel Aware": true,"Async Capable": false,"Startup Cost": 6180.33,"Total Cost": 6180.33,"Plan Rows": 12446,"Plan Width": 40,"Actual Startup Time": 23.452,"Actual Total Time": 23.456,"Actual Rows": 5955,"Actual Loops": 5,"Hash Buckets": 32768,"Original Hash Buckets": 32768,"Hash Batches": 1,"Original Hash Batches": 1,"Peak Memory Usage": 2592,"Workers": [],"Plans": [{"Node Type": "Seq Scan","Parent Relationship": "Outer","Parallel Aware": true,"Async Capable": false,"Relation Name": "part","Alias": "part","Startup Cost": 0.00,"Total Cost": 6180.33,"Plan Rows": 12446,"Plan Width": 40,"Actual Startup Time": 0.061,"Actual Total Time": 20.038,"Actual Rows": 5955,"Actual Loops": 5,"Filter": "((p_brand <> 'Brand#13'::bpchar) AND ((p_type)::text !~~ 'PROMO BURNISHED%'::text) AND (p_size = ANY ('{43,47,13,18,38,24,39,5}'::integer[])))","Rows Removed by Filter": 34045,"Workers": []}]}]}]}]}]}]},"Planning Time": 3.993,"Triggers": [],"Execution Time": 244.442}]
[{"Plan": {"Node Type": "Sort","Parallel Aware": false,"Async Capable": false,"Startup Cost": 33296.72,"Total Cost": 33336.80,"Plan Rows": 16033,"Plan Width": 44,"Actual Startup Time": 251.763,"Actual Total Time": 253.627,"Actual Rows": 18211,"Actual Loops": 1,"Sort Key": ["(count(DISTINCT partsupp.ps_suppkey)) DESC", "part.p_brand", "part.p_type", "part.p_size"],"Sort Method": "quicksort","Sort Space Used": 2332,"Sort Space Type": "Memory","Plans": [{"Node Type": "Aggregate","Strategy": "Sorted","Partial Mode": "Simple","Parent Relationship": "Outer","Parallel Aware": false,"Async Capable": false,"Startup Cost": 24265.46,"Total Cost": 32176.91,"Plan Rows": 16033,"Plan Width": 44,"Actual Startup Time": 143.740,"Actual Total Time": 213.895,"Actual Rows": 18211,"Actual Loops": 1,"Group Key": ["part.p_brand", "part.p_type", "part.p_size"],"Plans": [{"Node Type": "Gather Merge","Parent Relationship": "Outer","Parallel Aware": false,"Async Capable": false,"Startup Cost": 24265.46,"Total Cost": 31419.12,"Plan Rows": 59746,"Plan Width": 40,"Actual Startup Time": 143.688,"Actual Total Time": 184.308,"Actual Rows": 118463,"Actual Loops": 1,"Workers Planned": 4,"Workers Launched": 4,"Plans": [{"Node Type": "Sort","Parent Relationship": "Outer","Parallel Aware": false,"Async Capable": false,"Startup Cost": 23265.40,"Total Cost": 23302.74,"Plan Rows": 14936,"Plan Width": 40,"Actual Startup Time": 124.324,"Actual Total Time": 127.027,"Actual Rows": 23693,"Actual Loops": 5,"Sort Key": ["part.p_brand", "part.p_type", "part.p_size"],"Sort Method": "quicksort","Sort Space Used": 2372,"Sort Space Type": "Memory","Workers": [{"Worker Number": 0,"Sort Method": "quicksort","Sort Space Used": 2808,"Sort Space Type": "Memory"},{"Worker Number": 1,"Sort Method": "quicksort","Sort Space Used": 2801,"Sort Space Type": "Memory"},{"Worker Number": 2,"Sort Method": "quicksort","Sort Space Used": 2797,"Sort Space Type": "Memory"},{"Worker Number": 3,"Sort Method": "quicksort","Sort Space Used": 2806,"Sort Space Type": "Memory"}],"Plans": [{"Node Type": "Hash Join","Parent Relationship": "Outer","Parallel Aware": true,"Async Capable": false,"Join Type": "Inner","Startup Cost": 6683.35,"Total Cost": 22229.85,"Plan Rows": 14936,"Plan Width": 40,"Actual Startup Time": 32.838,"Actual Total Time": 80.535,"Actual Rows": 23693,"Actual Loops": 5,"Inner Unique": true,"Hash Cond": "(partsupp.ps_partkey = part.p_partkey)","Workers": [],"Plans": [{"Node Type": "Index Only Scan","Parent Relationship": "Outer","Parallel Aware": true,"Async Capable": false,"Scan Direction": "Forward","Index Name": "partsupp_pkey","Relation Name": "partsupp","Alias": "partsupp","Startup Cost": 347.43,"Total Cost": 15631.43,"Plan Rows": 100000,"Plan Width": 8,"Actual Startup Time": 9.029,"Actual Total Time": 33.395,"Actual Rows": 159936,"Actual Loops": 5,"Filter": "(NOT (hashed SubPlan 1))","Rows Removed by Filter": 64,"Heap Fetches": 0,"Workers": [],"Plans": [{"Node Type": "Seq Scan","Parent Relationship": "SubPlan","Subplan Name": "SubPlan 1","Parallel Aware": false,"Async Capable": false,"Relation Name": "supplier","Alias": "supplier","Startup Cost": 0.00,"Total Cost": 347.00,"Plan Rows": 1,"Plan Width": 4,"Actual Startup Time": 0.406,"Actual Total Time": 8.867,"Actual Rows": 4,"Actual Loops": 5,"Filter": "((s_comment)::text ~~ '%Customer%Complaints%'::text)","Rows Removed by Filter": 9996,"Workers": []}]},{"Node Type": "Hash","Parent Relationship": "Inner","Parallel Aware": true,"Async Capable": false,"Startup Cost": 6180.33,"Total Cost": 6180.33,"Plan Rows": 12447,"Plan Width": 40,"Actual Startup Time": 23.553,"Actual Total Time": 23.557,"Actual Rows": 5926,"Actual Loops": 5,"Hash Buckets": 32768,"Original Hash Buckets": 32768,"Hash Batches": 1,"Original Hash Batches": 1,"Peak Memory Usage": 2528,"Workers": [],"Plans": [{"Node Type": "Seq Scan","Parent Relationship": "Outer","Parallel Aware": true,"Async Capable": false,"Relation Name": "part","Alias": "part","Startup Cost": 0.00,"Total Cost": 6180.33,"Plan Rows": 12447,"Plan Width": 40,"Actual Startup Time": 0.058,"Actual Total Time": 20.071,"Actual Rows": 5926,"Actual Loops": 5,"Filter": "((p_brand <> 'Brand#54'::bpchar) AND ((p_type)::text !~~ 'SMALL BURNISHED%'::text) AND (p_size = ANY ('{30,2,33,15,31,29,23,40}'::integer[])))","Rows Removed by Filter": 34074,"Workers": []}]}]}]}]}]}]},"Planning Time": 4.067,"Triggers": [],"Execution Time": 254.945}]
[{"Plan": {"Node Type": "Sort","Parallel Aware": false,"Async Capable": false,"Startup Cost": 33482.73,"Total Cost": 33523.14,"Plan Rows": 16165,"Plan Width": 44,"Actual Startup Time": 236.577,"Actual Total Time": 238.583,"Actual Rows": 18283,"Actual Loops": 1,"Sort Key": ["(count(DISTINCT partsupp.ps_suppkey)) DESC", "part.p_brand", "part.p_type", "part.p_size"],"Sort Method": "quicksort","Sort Space Used": 2339,"Sort Space Type": "Memory","Plans": [{"Node Type": "Aggregate","Strategy": "Sorted","Partial Mode": "Simple","Parent Relationship": "Outer","Parallel Aware": false,"Async Capable": false,"Startup Cost": 24290.52,"Total Cost": 32352.75,"Plan Rows": 16165,"Plan Width": 44,"Actual Startup Time": 132.338,"Actual Total Time": 198.963,"Actual Rows": 18283,"Actual Loops": 1,"Group Key": ["part.p_brand", "part.p_type", "part.p_size"],"Plans": [{"Node Type": "Gather Merge","Parent Relationship": "Outer","Parallel Aware": false,"Async Capable": false,"Startup Cost": 24290.52,"Total Cost": 31582.12,"Plan Rows": 60898,"Plan Width": 40,"Actual Startup Time": 132.259,"Actual Total Time": 171.518,"Actual Rows": 119028,"Actual Loops": 1,"Workers Planned": 4,"Workers Launched": 4,"Plans": [{"Node Type": "Sort","Parent Relationship": "Outer","Parallel Aware": false,"Async Capable": false,"Startup Cost": 23290.46,"Total Cost": 23328.52,"Plan Rows": 15224,"Plan Width": 40,"Actual Startup Time": 123.466,"Actual Total Time": 125.994,"Actual Rows": 23806,"Actual Loops": 5,"Sort Key": ["part.p_brand", "part.p_type", "part.p_size"],"Sort Method": "quicksort","Sort Space Used": 2694,"Sort Space Type": "Memory","Workers": [{"Worker Number": 0,"Sort Method": "quicksort","Sort Space Used": 2763,"Sort Space Type": "Memory"},{"Worker Number": 1,"Sort Method": "quicksort","Sort Space Used": 2725,"Sort Space Type": "Memory"},{"Worker Number": 2,"Sort Method": "quicksort","Sort Space Used": 2683,"Sort Space Type": "Memory"},{"Worker Number": 3,"Sort Method": "quicksort","Sort Space Used": 2777,"Sort Space Type": "Memory"}],"Plans": [{"Node Type": "Hash Join","Parent Relationship": "Outer","Parallel Aware": true,"Async Capable": false,"Join Type": "Inner","Startup Cost": 6686.35,"Total Cost": 22232.85,"Plan Rows": 15224,"Plan Width": 40,"Actual Startup Time": 31.250,"Actual Total Time": 81.940,"Actual Rows": 23806,"Actual Loops": 5,"Inner Unique": true,"Hash Cond": "(partsupp.ps_partkey = part.p_partkey)","Workers": [],"Plans": [{"Node Type": "Index Only Scan","Parent Relationship": "Outer","Parallel Aware": true,"Async Capable": false,"Scan Direction": "Forward","Index Name": "partsupp_pkey","Relation Name": "partsupp","Alias": "partsupp","Startup Cost": 347.43,"Total Cost": 15631.43,"Plan Rows": 100000,"Plan Width": 8,"Actual Startup Time": 8.216,"Actual Total Time": 33.445,"Actual Rows": 159936,"Actual Loops": 5,"Filter": "(NOT (hashed SubPlan 1))","Rows Removed by Filter": 64,"Heap Fetches": 0,"Workers": [],"Plans": [{"Node Type": "Seq Scan","Parent Relationship": "SubPlan","Subplan Name": "SubPlan 1","Parallel Aware": false,"Async Capable": false,"Relation Name": "supplier","Alias": "supplier","Startup Cost": 0.00,"Total Cost": 347.00,"Plan Rows": 1,"Plan Width": 4,"Actual Startup Time": 0.290,"Actual Total Time": 7.989,"Actual Rows": 4,"Actual Loops": 5,"Filter": "((s_comment)::text ~~ '%Customer%Complaints%'::text)","Rows Removed by Filter": 9996,"Workers": []}]},{"Node Type": "Hash","Parent Relationship": "Inner","Parallel Aware": true,"Async Capable": false,"Startup Cost": 6180.33,"Total Cost": 6180.33,"Plan Rows": 12687,"Plan Width": 40,"Actual Startup Time": 22.682,"Actual Total Time": 22.685,"Actual Rows": 5954,"Actual Loops": 5,"Hash Buckets": 32768,"Original Hash Buckets": 32768,"Hash Batches": 1,"Original Hash Batches": 1,"Peak Memory Usage": 2560,"Workers": [],"Plans": [{"Node Type": "Seq Scan","Parent Relationship": "Outer","Parallel Aware": true,"Async Capable": false,"Relation Name": "part","Alias": "part","Startup Cost": 0.00,"Total Cost": 6180.33,"Plan Rows": 12687,"Plan Width": 40,"Actual Startup Time": 0.054,"Actual Total Time": 19.038,"Actual Rows": 5954,"Actual Loops": 5,"Filter": "((p_brand <> 'Brand#51'::bpchar) AND ((p_type)::text !~~ 'PROMO ANODIZED%'::text) AND (p_size = ANY ('{47,45,14,12,28,41,21,38}'::integer[])))","Rows Removed by Filter": 34046,"Workers": []}]}]}]}]}]}]},"Planning Time": 4.211,"Triggers": [],"Execution Time": 239.924}]
[{"Plan": {"Node Type": "Sort","Parallel Aware": false,"Async Capable": false,"Startup Cost": 33104.38,"Total Cost": 33144.11,"Plan Rows": 15892,"Plan Width": 44,"Actual Startup Time": 241.757,"Actual Total Time": 243.577,"Actual Rows": 18275,"Actual Loops": 1,"Sort Key": ["(count(DISTINCT partsupp.ps_suppkey)) DESC", "part.p_brand", "part.p_type", "part.p_size"],"Sort Method": "quicksort","Sort Space Used": 2338,"Sort Space Type": "Memory","Plans": [{"Node Type": "Aggregate","Strategy": "Sorted","Partial Mode": "Simple","Parent Relationship": "Outer","Parallel Aware": false,"Async Capable": false,"Startup Cost": 24239.64,"Total Cost": 31995.44,"Plan Rows": 15892,"Plan Width": 44,"Actual Startup Time": 135.031,"Actual Total Time": 202.762,"Actual Rows": 18275,"Actual Loops": 1,"Group Key": ["part.p_brand", "part.p_type", "part.p_size"],"Plans": [{"Node Type": "Gather Merge","Parent Relationship": "Outer","Parallel Aware": false,"Async Capable": false,"Startup Cost": 24239.64,"Total Cost": 31250.95,"Plan Rows": 58557,"Plan Width": 40,"Actual Startup Time": 134.967,"Actual Total Time": 174.277,"Actual Rows": 118497,"Actual Loops": 1,"Workers Planned": 4,"Workers Launched": 4,"Plans": [{"Node Type": "Sort","Parent Relationship": "Outer","Parallel Aware": false,"Async Capable": false,"Startup Cost": 23239.59,"Total Cost": 23276.18,"Plan Rows": 14639,"Plan Width": 40,"Actual Startup Time": 123.662,"Actual Total Time": 126.030,"Actual Rows": 23699,"Actual Loops": 5,"Sort Key": ["part.p_brand", "part.p_type", "part.p_size"],"Sort Method": "quicksort","Sort Space Used": 2354,"Sort Space Type": "Memory","Workers": [{"Worker Number": 0,"Sort Method": "quicksort","Sort Space Used": 2541,"Sort Space Type": "Memory"},{"Worker Number": 1,"Sort Method": "quicksort","Sort Space Used": 2871,"Sort Space Type": "Memory"},{"Worker Number": 2,"Sort Method": "quicksort","Sort Space Used": 2902,"Sort Space Type": "Memory"},{"Worker Number": 3,"Sort Method": "quicksort","Sort Space Used": 2931,"Sort Space Type": "Memory"}],"Plans": [{"Node Type": "Hash Join","Parent Relationship": "Outer","Parallel Aware": true,"Async Capable": false,"Join Type": "Inner","Startup Cost": 6680.25,"Total Cost": 22226.75,"Plan Rows": 14639,"Plan Width": 40,"Actual Startup Time": 32.338,"Actual Total Time": 81.629,"Actual Rows": 23699,"Actual Loops": 5,"Inner Unique": true,"Hash Cond": "(partsupp.ps_partkey = part.p_partkey)","Workers": [],"Plans": [{"Node Type": "Index Only Scan","Parent Relationship": "Outer","Parallel Aware": true,"Async Capable": false,"Scan Direction": "Forward","Index Name": "partsupp_pkey","Relation Name": "partsupp","Alias": "partsupp","Startup Cost": 347.43,"Total Cost": 15631.43,"Plan Rows": 100000,"Plan Width": 8,"Actual Startup Time": 9.300,"Actual Total Time": 34.666,"Actual Rows": 159936,"Actual Loops": 5,"Filter": "(NOT (hashed SubPlan 1))","Rows Removed by Filter": 64,"Heap Fetches": 0,"Workers": [],"Plans": [{"Node Type": "Seq Scan","Parent Relationship": "SubPlan","Subplan Name": "SubPlan 1","Parallel Aware": false,"Async Capable": false,"Relation Name": "supplier","Alias": "supplier","Startup Cost": 0.00,"Total Cost": 347.00,"Plan Rows": 1,"Plan Width": 4,"Actual Startup Time": 0.372,"Actual Total Time": 9.162,"Actual Rows": 4,"Actual Loops": 5,"Filter": "((s_comment)::text ~~ '%Customer%Complaints%'::text)","Rows Removed by Filter": 9996,"Workers": []}]},{"Node Type": "Hash","Parent Relationship": "Inner","Parallel Aware": true,"Async Capable": false,"Startup Cost": 6180.33,"Total Cost": 6180.33,"Plan Rows": 12199,"Plan Width": 40,"Actual Startup Time": 22.723,"Actual Total Time": 22.726,"Actual Rows": 5927,"Actual Loops": 5,"Hash Buckets": 32768,"Original Hash Buckets": 32768,"Hash Batches": 1,"Original Hash Batches": 1,"Peak Memory Usage": 2560,"Workers": [],"Plans": [{"Node Type": "Seq Scan","Parent Relationship": "Outer","Parallel Aware": true,"Async Capable": false,"Relation Name": "part","Alias": "part","Startup Cost": 0.00,"Total Cost": 6180.33,"Plan Rows": 12199,"Plan Width": 40,"Actual Startup Time": 0.046,"Actual Total Time": 19.175,"Actual Rows": 5927,"Actual Loops": 5,"Filter": "((p_brand <> 'Brand#15'::bpchar) AND ((p_type)::text !~~ 'MEDIUM BRUSHED%'::text) AND (p_size = ANY ('{32,50,20,8,39,37,30,49}'::integer[])))","Rows Removed by Filter": 34073,"Workers": []}]}]}]}]}]}]},"Planning Time": 4.918,"Triggers": [],"Execution Time": 244.974}]
[{"Plan": {"Node Type": "Sort","Parallel Aware": false,"Async Capable": false,"Startup Cost": 32995.36,"Total Cost": 33034.88,"Plan Rows": 15810,"Plan Width": 44,"Actual Startup Time": 233.777,"Actual Total Time": 235.671,"Actual Rows": 18193,"Actual Loops": 1,"Sort Key": ["(count(DISTINCT partsupp.ps_suppkey)) DESC", "part.p_brand", "part.p_type", "part.p_size"],"Sort Method": "quicksort","Sort Space Used": 2331,"Sort Space Type": "Memory","Plans": [{"Node Type": "Aggregate","Strategy": "Sorted","Partial Mode": "Simple","Parent Relationship": "Outer","Parallel Aware": false,"Async Capable": false,"Startup Cost": 24225.07,"Total Cost": 31892.73,"Plan Rows": 15810,"Plan Width": 44,"Actual Startup Time": 130.196,"Actual Total Time": 196.494,"Actual Rows": 18193,"Actual Loops": 1,"Group Key": ["part.p_brand", "part.p_type", "part.p_size"],"Plans": [{"Node Type": "Gather Merge","Parent Relationship": "Outer","Parallel Aware": false,"Async Capable": false,"Startup Cost": 24225.07,"Total Cost": 31155.79,"Plan Rows": 57884,"Plan Width": 40,"Actual Startup Time": 130.109,"Actual Total Time": 169.043,"Actual Rows": 118219,"Actual Loops": 1,"Workers Planned": 4,"Workers Launched": 4,"Plans": [{"Node Type": "Sort","Parent Relationship": "Outer","Parallel Aware": false,"Async Capable": false,"Startup Cost": 23225.01,"Total Cost": 23261.19,"Plan Rows": 14471,"Plan Width": 40,"Actual Startup Time": 121.876,"Actual Total Time": 124.398,"Actual Rows": 23644,"Actual Loops": 5,"Sort Key": ["part.p_brand", "part.p_type", "part.p_size"],"Sort Method": "quicksort","Sort Space Used": 2715,"Sort Space Type": "Memory","Workers": [{"Worker Number": 0,"Sort Method": "quicksort","Sort Space Used": 2743,"Sort Space Type": "Memory"},{"Worker Number": 1,"Sort Method": "quicksort","Sort Space Used": 2730,"Sort Space Type": "Memory"},{"Worker Number": 2,"Sort Method": "quicksort","Sort Space Used": 2656,"Sort Space Type": "Memory"},{"Worker Number": 3,"Sort Method": "quicksort","Sort Space Used": 2732,"Sort Space Type": "Memory"}],"Plans": [{"Node Type": "Hash Join","Parent Relationship": "Outer","Parallel Aware": true,"Async Capable": false,"Join Type": "Inner","Startup Cost": 6678.50,"Total Cost": 22225.00,"Plan Rows": 14471,"Plan Width": 40,"Actual Startup Time": 30.333,"Actual Total Time": 80.663,"Actual Rows": 23644,"Actual Loops": 5,"Inner Unique": true,"Hash Cond": "(partsupp.ps_partkey = part.p_partkey)","Workers": [],"Plans": [{"Node Type": "Index Only Scan","Parent Relationship": "Outer","Parallel Aware": true,"Async Capable": false,"Scan Direction": "Forward","Index Name": "partsupp_pkey","Relation Name": "partsupp","Alias": "partsupp","Startup Cost": 347.43,"Total Cost": 15631.43,"Plan Rows": 100000,"Plan Width": 8,"Actual Startup Time": 7.538,"Actual Total Time": 32.576,"Actual Rows": 159936,"Actual Loops": 5,"Filter": "(NOT (hashed SubPlan 1))","Rows Removed by Filter": 64,"Heap Fetches": 0,"Workers": [],"Plans": [{"Node Type": "Seq Scan","Parent Relationship": "SubPlan","Subplan Name": "SubPlan 1","Parallel Aware": false,"Async Capable": false,"Relation Name": "supplier","Alias": "supplier","Startup Cost": 0.00,"Total Cost": 347.00,"Plan Rows": 1,"Plan Width": 4,"Actual Startup Time": 0.214,"Actual Total Time": 7.369,"Actual Rows": 4,"Actual Loops": 5,"Filter": "((s_comment)::text ~~ '%Customer%Complaints%'::text)","Rows Removed by Filter": 9996,"Workers": []}]},{"Node Type": "Hash","Parent Relationship": "Inner","Parallel Aware": true,"Async Capable": false,"Startup Cost": 6180.33,"Total Cost": 6180.33,"Plan Rows": 12059,"Plan Width": 40,"Actual Startup Time": 22.514,"Actual Total Time": 22.518,"Actual Rows": 5913,"Actual Loops": 5,"Hash Buckets": 32768,"Original Hash Buckets": 32768,"Hash Batches": 1,"Original Hash Batches": 1,"Peak Memory Usage": 2528,"Workers": [],"Plans": [{"Node Type": "Seq Scan","Parent Relationship": "Outer","Parallel Aware": true,"Async Capable": false,"Relation Name": "part","Alias": "part","Startup Cost": 0.00,"Total Cost": 6180.33,"Plan Rows": 12059,"Plan Width": 40,"Actual Startup Time": 0.063,"Actual Total Time": 18.701,"Actual Rows": 5913,"Actual Loops": 5,"Filter": "((p_brand <> 'Brand#21'::bpchar) AND ((p_type)::text !~~ 'PROMO POLISHED%'::text) AND (p_size = ANY ('{23,31,38,35,48,21,7,36}'::integer[])))","Rows Removed by Filter": 34087,"Workers": []}]}]}]}]}]}]},"Planning Time": 4.428,"Triggers": [],"Execution Time": 237.041}]
