[{"Plan": {"Node Type": "Sort","Parallel Aware": false,"Async Capable": false,"Startup Cost": 65822.53,"Total Cost": 65823.03,"Plan Rows": 200,"Plan Width": 16,"Actual Startup Time": 6789.356,"Actual Total Time": 6789.385,"Actual Rows": 42,"Actual Loops": 1,"Sort Key": ["(count(*)) DESC", "(count(orders.o_orderkey)) DESC"],"Sort Method": "quicksort","Sort Space Used": 27,"Sort Space Type": "Memory","Plans": [{"Node Type": "Aggregate","Strategy": "Hashed","Partial Mode": "Simple","Parent Relationship": "Outer","Parallel Aware": false,"Async Capable": false,"Startup Cost": 65812.89,"Total Cost": 65814.89,"Plan Rows": 200,"Plan Width": 16,"Actual Startup Time": 6789.265,"Actual Total Time": 6789.304,"Actual Rows": 42,"Actual Loops": 1,"Group Key": ["count(orders.o_orderkey)"],"Planned Partitions": 0,"HashAgg Batches": 1,"Peak Memory Usage": 40,"Disk Usage": 0,"Plans": [{"Node Type": "Aggregate","Strategy": "Hashed","Partial Mode": "Simple","Parent Relationship": "Outer","Parallel Aware": false,"Async Capable": false,"Startup Cost": 62062.89,"Total Cost": 63562.89,"Plan Rows": 150000,"Plan Width": 12,"Actual Startup Time": 6597.323,"Actual Total Time": 6775.519,"Actual Rows": 150000,"Actual Loops": 1,"Group Key": ["customer.c_custkey"],"Planned Partitions": 0,"HashAgg Batches": 1,"Peak Memory Usage": 22545,"Disk Usage": 0,"Plans": [{"Node Type": "Hash Join","Parent Relationship": "Outer","Parallel Aware": false,"Async Capable": false,"Join Type": "Right","Startup Cost": 5781.42,"Total Cost": 54563.64,"Plan Rows": 1499850,"Plan Width": 8,"Actual Startup Time": 45.919,"Actual Total Time": 4674.391,"Actual Rows": 1534025,"Actual Loops": 1,"Inner Unique": true,"Hash Cond": "(orders.o_custkey = customer.c_custkey)","Plans": [{"Node Type": "Seq Scan","Parent Relationship": "Outer","Parallel Aware": false,"Async Capable": false,"Relation Name": "orders","Alias": "orders","Startup Cost": 0.00,"Total Cost": 44845.00,"Plan Rows": 1499850,"Plan Width": 8,"Actual Startup Time": 0.049,"Actual Total Time": 3245.830,"Actual Rows": 1484020,"Actual Loops": 1,"Filter": "((o_comment)::text !~~ '%express%deposits%'::text)","Rows Removed by Filter": 15980},{"Node Type": "Hash","Parent Relationship": "Inner","Parallel Aware": false,"Async Capable": false,"Startup Cost": 3906.42,"Total Cost": 3906.42,"Plan Rows": 150000,"Plan Width": 4,"Actual Startup Time": 44.047,"Actual Total Time": 44.059,"Actual Rows": 150000,"Actual Loops": 1,"Hash Buckets": 262144,"Original Hash Buckets": 262144,"Hash Batches": 1,"Original Hash Batches": 1,"Peak Memory Usage": 7322,"Plans": [{"Node Type": "Index Only Scan","Parent Relationship": "Outer","Parallel Aware": false,"Async Capable": false,"Scan Direction": "Forward","Index Name": "customer_pkey","Relation Name": "customer","Alias": "customer","Startup Cost": 0.42,"Total Cost": 3906.42,"Plan Rows": 150000,"Plan Width": 4,"Actual Startup Time": 0.049,"Actual Total Time": 21.219,"Actual Rows": 150000,"Actual Loops": 1,"Heap Fetches": 0}]}]}]}]}]},"Planning Time": 4.349,"Triggers": [],"Execution Time": 6798.388}]
[{"Plan": {"Node Type": "Sort","Parallel Aware": false,"Async Capable": false,"Startup Cost": 65822.53,"Total Cost": 65823.03,"Plan Rows": 200,"Plan Width": 16,"Actual Startup Time": 6789.356,"Actual Total Time": 6789.385,"Actual Rows": 42,"Actual Loops": 1,"Sort Key": ["(count(*)) DESC", "(count(orders.o_orderkey)) DESC"],"Sort Method": "quicksort","Sort Space Used": 27,"Sort Space Type": "Memory","Plans": [{"Node Type": "Aggregate","Strategy": "Hashed","Partial Mode": "Simple","Parent Relationship": "Outer","Parallel Aware": false,"Async Capable": false,"Startup Cost": 65812.89,"Total Cost": 65814.89,"Plan Rows": 200,"Plan Width": 16,"Actual Startup Time": 6789.265,"Actual Total Time": 6789.304,"Actual Rows": 42,"Actual Loops": 1,"Group Key": ["count(orders.o_orderkey)"],"Planned Partitions": 0,"HashAgg Batches": 1,"Peak Memory Usage": 40,"Disk Usage": 0,"Plans": [{"Node Type": "Aggregate","Strategy": "Hashed","Partial Mode": "Simple","Parent Relationship": "Outer","Parallel Aware": false,"Async Capable": false,"Startup Cost": 62062.89,"Total Cost": 63562.89,"Plan Rows": 150000,"Plan Width": 12,"Actual Startup Time": 6597.323,"Actual Total Time": 6775.519,"Actual Rows": 150000,"Actual Loops": 1,"Group Key": ["customer.c_custkey"],"Planned Partitions": 0,"HashAgg Batches": 1,"Peak Memory Usage": 22545,"Disk Usage": 0,"Plans": [{"Node Type": "Hash Join","Parent Relationship": "Outer","Parallel Aware": false,"Async Capable": false,"Join Type": "Right","Startup Cost": 5781.42,"Total Cost": 54563.64,"Plan Rows": 1499850,"Plan Width": 8,"Actual Startup Time": 45.919,"Actual Total Time": 4674.391,"Actual Rows": 1534025,"Actual Loops": 1,"Inner Unique": true,"Hash Cond": "(orders.o_custkey = customer.c_custkey)","Plans": [{"Node Type": "Seq Scan","Parent Relationship": "Outer","Parallel Aware": false,"Async Capable": false,"Relation Name": "orders","Alias": "orders","Startup Cost": 0.00,"Total Cost": 44845.00,"Plan Rows": 1499850,"Plan Width": 8,"Actual Startup Time": 0.049,"Actual Total Time": 3245.830,"Actual Rows": 1484020,"Actual Loops": 1,"Filter": "((o_comment)::text !~~ '%express%deposits%'::text)","Rows Removed by Filter": 15980},{"Node Type": "Hash","Parent Relationship": "Inner","Parallel Aware": false,"Async Capable": false,"Startup Cost": 3906.42,"Total Cost": 3906.42,"Plan Rows": 150000,"Plan Width": 4,"Actual Startup Time": 44.047,"Actual Total Time": 44.059,"Actual Rows": 150000,"Actual Loops": 1,"Hash Buckets": 262144,"Original Hash Buckets": 262144,"Hash Batches": 1,"Original Hash Batches": 1,"Peak Memory Usage": 7322,"Plans": [{"Node Type": "Index Only Scan","Parent Relationship": "Outer","Parallel Aware": false,"Async Capable": false,"Scan Direction": "Forward","Index Name": "customer_pkey","Relation Name": "customer","Alias": "customer","Startup Cost": 0.42,"Total Cost": 3906.42,"Plan Rows": 150000,"Plan Width": 4,"Actual Startup Time": 0.049,"Actual Total Time": 21.219,"Actual Rows": 150000,"Actual Loops": 1,"Heap Fetches": 0}]}]}]}]}]},"Planning Time": 4.349,"Triggers": [],"Execution Time": 6798.388}]
[{"Plan": {"Node Type": "Sort","Parallel Aware": false,"Async Capable": false,"Startup Cost": 65822.53,"Total Cost": 65823.03,"Plan Rows": 200,"Plan Width": 16,"Actual Startup Time": 6789.356,"Actual Total Time": 6789.385,"Actual Rows": 42,"Actual Loops": 1,"Sort Key": ["(count(*)) DESC", "(count(orders.o_orderkey)) DESC"],"Sort Method": "quicksort","Sort Space Used": 27,"Sort Space Type": "Memory","Plans": [{"Node Type": "Aggregate","Strategy": "Hashed","Partial Mode": "Simple","Parent Relationship": "Outer","Parallel Aware": false,"Async Capable": false,"Startup Cost": 65812.89,"Total Cost": 65814.89,"Plan Rows": 200,"Plan Width": 16,"Actual Startup Time": 6789.265,"Actual Total Time": 6789.304,"Actual Rows": 42,"Actual Loops": 1,"Group Key": ["count(orders.o_orderkey)"],"Planned Partitions": 0,"HashAgg Batches": 1,"Peak Memory Usage": 40,"Disk Usage": 0,"Plans": [{"Node Type": "Aggregate","Strategy": "Hashed","Partial Mode": "Simple","Parent Relationship": "Outer","Parallel Aware": false,"Async Capable": false,"Startup Cost": 62062.89,"Total Cost": 63562.89,"Plan Rows": 150000,"Plan Width": 12,"Actual Startup Time": 6597.323,"Actual Total Time": 6775.519,"Actual Rows": 150000,"Actual Loops": 1,"Group Key": ["customer.c_custkey"],"Planned Partitions": 0,"HashAgg Batches": 1,"Peak Memory Usage": 22545,"Disk Usage": 0,"Plans": [{"Node Type": "Hash Join","Parent Relationship": "Outer","Parallel Aware": false,"Async Capable": false,"Join Type": "Right","Startup Cost": 5781.42,"Total Cost": 54563.64,"Plan Rows": 1499850,"Plan Width": 8,"Actual Startup Time": 45.919,"Actual Total Time": 4674.391,"Actual Rows": 1534025,"Actual Loops": 1,"Inner Unique": true,"Hash Cond": "(orders.o_custkey = customer.c_custkey)","Plans": [{"Node Type": "Seq Scan","Parent Relationship": "Outer","Parallel Aware": false,"Async Capable": false,"Relation Name": "orders","Alias": "orders","Startup Cost": 0.00,"Total Cost": 44845.00,"Plan Rows": 1499850,"Plan Width": 8,"Actual Startup Time": 0.049,"Actual Total Time": 3245.830,"Actual Rows": 1484020,"Actual Loops": 1,"Filter": "((o_comment)::text !~~ '%express%deposits%'::text)","Rows Removed by Filter": 15980},{"Node Type": "Hash","Parent Relationship": "Inner","Parallel Aware": false,"Async Capable": false,"Startup Cost": 3906.42,"Total Cost": 3906.42,"Plan Rows": 150000,"Plan Width": 4,"Actual Startup Time": 44.047,"Actual Total Time": 44.059,"Actual Rows": 150000,"Actual Loops": 1,"Hash Buckets": 262144,"Original Hash Buckets": 262144,"Hash Batches": 1,"Original Hash Batches": 1,"Peak Memory Usage": 7322,"Plans": [{"Node Type": "Index Only Scan","Parent Relationship": "Outer","Parallel Aware": false,"Async Capable": false,"Scan Direction": "Forward","Index Name": "customer_pkey","Relation Name": "customer","Alias": "customer","Startup Cost": 0.42,"Total Cost": 3906.42,"Plan Rows": 150000,"Plan Width": 4,"Actual Startup Time": 0.049,"Actual Total Time": 21.219,"Actual Rows": 150000,"Actual Loops": 1,"Heap Fetches": 0}]}]}]}]}]},"Planning Time": 4.349,"Triggers": [],"Execution Time": 6798.388}]
[{"Plan": {"Node Type": "Sort","Parallel Aware": false,"Async Capable": false,"Startup Cost": 65822.53,"Total Cost": 65823.03,"Plan Rows": 200,"Plan Width": 16,"Actual Startup Time": 5956.637,"Actual Total Time": 5956.675,"Actual Rows": 42,"Actual Loops": 1,"Sort Key": ["(count(*)) DESC", "(count(orders.o_orderkey)) DESC"],"Sort Method": "quicksort","Sort Space Used": 27,"Sort Space Type": "Memory","Plans": [{"Node Type": "Aggregate","Strategy": "Hashed","Partial Mode": "Simple","Parent Relationship": "Outer","Parallel Aware": false,"Async Capable": false,"Startup Cost": 65812.89,"Total Cost": 65814.89,"Plan Rows": 200,"Plan Width": 16,"Actual Startup Time": 5956.548,"Actual Total Time": 5956.590,"Actual Rows": 42,"Actual Loops": 1,"Group Key": ["count(orders.o_orderkey)"],"Planned Partitions": 0,"HashAgg Batches": 1,"Peak Memory Usage": 40,"Disk Usage": 0,"Plans": [{"Node Type": "Aggregate","Strategy": "Hashed","Partial Mode": "Simple","Parent Relationship": "Outer","Parallel Aware": false,"Async Capable": false,"Startup Cost": 62062.89,"Total Cost": 63562.89,"Plan Rows": 150000,"Plan Width": 12,"Actual Startup Time": 5763.184,"Actual Total Time": 5942.838,"Actual Rows": 150000,"Actual Loops": 1,"Group Key": ["customer.c_custkey"],"Planned Partitions": 0,"HashAgg Batches": 1,"Peak Memory Usage": 22545,"Disk Usage": 0,"Plans": [{"Node Type": "Hash Join","Parent Relationship": "Outer","Parallel Aware": false,"Async Capable": false,"Join Type": "Right","Startup Cost": 5781.42,"Total Cost": 54563.64,"Plan Rows": 1499850,"Plan Width": 8,"Actual Startup Time": 38.566,"Actual Total Time": 3955.732,"Actual Rows": 1533620,"Actual Loops": 1,"Inner Unique": true,"Hash Cond": "(orders.o_custkey = customer.c_custkey)","Plans": [{"Node Type": "Seq Scan","Parent Relationship": "Outer","Parallel Aware": false,"Async Capable": false,"Relation Name": "orders","Alias": "orders","Startup Cost": 0.00,"Total Cost": 44845.00,"Plan Rows": 1499850,"Plan Width": 8,"Actual Startup Time": 0.052,"Actual Total Time": 2713.562,"Actual Rows": 1483615,"Actual Loops": 1,"Filter": "((o_comment)::text !~~ '%pending%accounts%'::text)","Rows Removed by Filter": 16385},{"Node Type": "Hash","Parent Relationship": "Inner","Parallel Aware": false,"Async Capable": false,"Startup Cost": 3906.42,"Total Cost": 3906.42,"Plan Rows": 150000,"Plan Width": 4,"Actual Startup Time": 36.530,"Actual Total Time": 36.543,"Actual Rows": 150000,"Actual Loops": 1,"Hash Buckets": 262144,"Original Hash Buckets": 262144,"Hash Batches": 1,"Original Hash Batches": 1,"Peak Memory Usage": 7322,"Plans": [{"Node Type": "Index Only Scan","Parent Relationship": "Outer","Parallel Aware": false,"Async Capable": false,"Scan Direction": "Forward","Index Name": "customer_pkey","Relation Name": "customer","Alias": "customer","Startup Cost": 0.42,"Total Cost": 3906.42,"Plan Rows": 150000,"Plan Width": 4,"Actual Startup Time": 0.036,"Actual Total Time": 14.278,"Actual Rows": 150000,"Actual Loops": 1,"Heap Fetches": 0}]}]}]}]}]},"Planning Time": 3.568,"Triggers": [],"Execution Time": 5966.474}]
[{"Plan": {"Node Type": "Sort","Parallel Aware": false,"Async Capable": false,"Startup Cost": 65592.61,"Total Cost": 65593.11,"Plan Rows": 200,"Plan Width": 16,"Actual Startup Time": 6059.416,"Actual Total Time": 6059.459,"Actual Rows": 42,"Actual Loops": 1,"Sort Key": ["(count(*)) DESC", "(count(orders.o_orderkey)) DESC"],"Sort Method": "quicksort","Sort Space Used": 27,"Sort Space Type": "Memory","Plans": [{"Node Type": "Aggregate","Strategy": "Hashed","Partial Mode": "Simple","Parent Relationship": "Outer","Parallel Aware": false,"Async Capable": false,"Startup Cost": 65582.97,"Total Cost": 65584.97,"Plan Rows": 200,"Plan Width": 16,"Actual Startup Time": 6059.318,"Actual Total Time": 6059.369,"Actual Rows": 42,"Actual Loops": 1,"Group Key": ["count(orders.o_orderkey)"],"Planned Partitions": 0,"HashAgg Batches": 1,"Peak Memory Usage": 40,"Disk Usage": 0,"Plans": [{"Node Type": "Aggregate","Strategy": "Hashed","Partial Mode": "Simple","Parent Relationship": "Outer","Parallel Aware": false,"Async Capable": false,"Startup Cost": 61832.97,"Total Cost": 63332.97,"Plan Rows": 150000,"Plan Width": 12,"Actual Startup Time": 5864.158,"Actual Total Time": 6045.542,"Actual Rows": 150000,"Actual Loops": 1,"Group Key": ["customer.c_custkey"],"Planned Partitions": 0,"HashAgg Batches": 1,"Peak Memory Usage": 22545,"Disk Usage": 0,"Plans": [{"Node Type": "Hash Join","Parent Relationship": "Outer","Parallel Aware": false,"Async Capable": false,"Join Type": "Right","Startup Cost": 5781.42,"Total Cost": 54484.49,"Plan Rows": 1469697,"Plan Width": 8,"Actual Startup Time": 38.198,"Actual Total Time": 4061.016,"Actual Rows": 1533817,"Actual Loops": 1,"Inner Unique": true,"Hash Cond": "(orders.o_custkey = customer.c_custkey)","Plans": [{"Node Type": "Seq Scan","Parent Relationship": "Outer","Parallel Aware": false,"Async Capable": false,"Relation Name": "orders","Alias": "orders","Startup Cost": 0.00,"Total Cost": 44845.00,"Plan Rows": 1469697,"Plan Width": 8,"Actual Startup Time": 0.037,"Actual Total Time": 2812.366,"Actual Rows": 1483813,"Actual Loops": 1,"Filter": "((o_comment)::text !~~ '%unusual%requests%'::text)","Rows Removed by Filter": 16187},{"Node Type": "Hash","Parent Relationship": "Inner","Parallel Aware": false,"Async Capable": false,"Startup Cost": 3906.42,"Total Cost": 3906.42,"Plan Rows": 150000,"Plan Width": 4,"Actual Startup Time": 36.318,"Actual Total Time": 36.334,"Actual Rows": 150000,"Actual Loops": 1,"Hash Buckets": 262144,"Original Hash Buckets": 262144,"Hash Batches": 1,"Original Hash Batches": 1,"Peak Memory Usage": 7322,"Plans": [{"Node Type": "Index Only Scan","Parent Relationship": "Outer","Parallel Aware": false,"Async Capable": false,"Scan Direction": "Forward","Index Name": "customer_pkey","Relation Name": "customer","Alias": "customer","Startup Cost": 0.42,"Total Cost": 3906.42,"Plan Rows": 150000,"Plan Width": 4,"Actual Startup Time": 0.044,"Actual Total Time": 14.416,"Actual Rows": 150000,"Actual Loops": 1,"Heap Fetches": 0}]}]}]}]}]},"Planning Time": 3.526,"Triggers": [],"Execution Time": 6069.080}]
[{"Plan": {"Node Type": "Sort","Parallel Aware": false,"Async Capable": false,"Startup Cost": 65708.14,"Total Cost": 65708.64,"Plan Rows": 200,"Plan Width": 16,"Actual Startup Time": 6009.895,"Actual Total Time": 6009.932,"Actual Rows": 42,"Actual Loops": 1,"Sort Key": ["(count(*)) DESC", "(count(orders.o_orderkey)) DESC"],"Sort Method": "quicksort","Sort Space Used": 27,"Sort Space Type": "Memory","Plans": [{"Node Type": "Aggregate","Strategy": "Hashed","Partial Mode": "Simple","Parent Relationship": "Outer","Parallel Aware": false,"Async Capable": false,"Startup Cost": 65698.50,"Total Cost": 65700.50,"Plan Rows": 200,"Plan Width": 16,"Actual Startup Time": 6009.807,"Actual Total Time": 6009.848,"Actual Rows": 42,"Actual Loops": 1,"Group Key": ["count(orders.o_orderkey)"],"Planned Partitions": 0,"HashAgg Batches": 1,"Peak Memory Usage": 40,"Disk Usage": 0,"Plans": [{"Node Type": "Aggregate","Strategy": "Hashed","Partial Mode": "Simple","Parent Relationship": "Outer","Parallel Aware": false,"Async Capable": false,"Startup Cost": 61948.50,"Total Cost": 63448.50,"Plan Rows": 150000,"Plan Width": 12,"Actual Startup Time": 5831.373,"Actual Total Time": 5996.054,"Actual Rows": 150000,"Actual Loops": 1,"Group Key": ["customer.c_custkey"],"Planned Partitions": 0,"HashAgg Batches": 1,"Peak Memory Usage": 22545,"Disk Usage": 0,"Plans": [{"Node Type": "Hash Join","Parent Relationship": "Outer","Parallel Aware": false,"Async Capable": false,"Join Type": "Right","Startup Cost": 5781.42,"Total Cost": 54524.26,"Plan Rows": 1484848,"Plan Width": 8,"Actual Startup Time": 39.338,"Actual Total Time": 3994.258,"Actual Rows": 1533903,"Actual Loops": 1,"Inner Unique": true,"Hash Cond": "(orders.o_custkey = customer.c_custkey)","Plans": [{"Node Type": "Seq Scan","Parent Relationship": "Outer","Parallel Aware": false,"Async Capable": false,"Relation Name": "orders","Alias": "orders","Startup Cost": 0.00,"Total Cost": 44845.00,"Plan Rows": 1484848,"Plan Width": 8,"Actual Startup Time": 0.067,"Actual Total Time": 2735.690,"Actual Rows": 1483898,"Actual Loops": 1,"Filter": "((o_comment)::text !~~ '%pending%packages%'::text)","Rows Removed by Filter": 16102},{"Node Type": "Hash","Parent Relationship": "Inner","Parallel Aware": false,"Async Capable": false,"Startup Cost": 3906.42,"Total Cost": 3906.42,"Plan Rows": 150000,"Plan Width": 4,"Actual Startup Time": 37.449,"Actual Total Time": 37.461,"Actual Rows": 150000,"Actual Loops": 1,"Hash Buckets": 262144,"Original Hash Buckets": 262144,"Hash Batches": 1,"Original Hash Batches": 1,"Peak Memory Usage": 7322,"Plans": [{"Node Type": "Index Only Scan","Parent Relationship": "Outer","Parallel Aware": false,"Async Capable": false,"Scan Direction": "Forward","Index Name": "customer_pkey","Relation Name": "customer","Alias": "customer","Startup Cost": 0.42,"Total Cost": 3906.42,"Plan Rows": 150000,"Plan Width": 4,"Actual Startup Time": 0.047,"Actual Total Time": 14.301,"Actual Rows": 150000,"Actual Loops": 1,"Heap Fetches": 0}]}]}]}]}]},"Planning Time": 4.405,"Triggers": [],"Execution Time": 6018.249}]
[{"Plan": {"Node Type": "Sort","Parallel Aware": false,"Async Capable": false,"Startup Cost": 65592.61,"Total Cost": 65593.11,"Plan Rows": 200,"Plan Width": 16,"Actual Startup Time": 6059.416,"Actual Total Time": 6059.459,"Actual Rows": 42,"Actual Loops": 1,"Sort Key": ["(count(*)) DESC", "(count(orders.o_orderkey)) DESC"],"Sort Method": "quicksort","Sort Space Used": 27,"Sort Space Type": "Memory","Plans": [{"Node Type": "Aggregate","Strategy": "Hashed","Partial Mode": "Simple","Parent Relationship": "Outer","Parallel Aware": false,"Async Capable": false,"Startup Cost": 65582.97,"Total Cost": 65584.97,"Plan Rows": 200,"Plan Width": 16,"Actual Startup Time": 6059.318,"Actual Total Time": 6059.369,"Actual Rows": 42,"Actual Loops": 1,"Group Key": ["count(orders.o_orderkey)"],"Planned Partitions": 0,"HashAgg Batches": 1,"Peak Memory Usage": 40,"Disk Usage": 0,"Plans": [{"Node Type": "Aggregate","Strategy": "Hashed","Partial Mode": "Simple","Parent Relationship": "Outer","Parallel Aware": false,"Async Capable": false,"Startup Cost": 61832.97,"Total Cost": 63332.97,"Plan Rows": 150000,"Plan Width": 12,"Actual Startup Time": 5864.158,"Actual Total Time": 6045.542,"Actual Rows": 150000,"Actual Loops": 1,"Group Key": ["customer.c_custkey"],"Planned Partitions": 0,"HashAgg Batches": 1,"Peak Memory Usage": 22545,"Disk Usage": 0,"Plans": [{"Node Type": "Hash Join","Parent Relationship": "Outer","Parallel Aware": false,"Async Capable": false,"Join Type": "Right","Startup Cost": 5781.42,"Total Cost": 54484.49,"Plan Rows": 1469697,"Plan Width": 8,"Actual Startup Time": 38.198,"Actual Total Time": 4061.016,"Actual Rows": 1533817,"Actual Loops": 1,"Inner Unique": true,"Hash Cond": "(orders.o_custkey = customer.c_custkey)","Plans": [{"Node Type": "Seq Scan","Parent Relationship": "Outer","Parallel Aware": false,"Async Capable": false,"Relation Name": "orders","Alias": "orders","Startup Cost": 0.00,"Total Cost": 44845.00,"Plan Rows": 1469697,"Plan Width": 8,"Actual Startup Time": 0.037,"Actual Total Time": 2812.366,"Actual Rows": 1483813,"Actual Loops": 1,"Filter": "((o_comment)::text !~~ '%unusual%requests%'::text)","Rows Removed by Filter": 16187},{"Node Type": "Hash","Parent Relationship": "Inner","Parallel Aware": false,"Async Capable": false,"Startup Cost": 3906.42,"Total Cost": 3906.42,"Plan Rows": 150000,"Plan Width": 4,"Actual Startup Time": 36.318,"Actual Total Time": 36.334,"Actual Rows": 150000,"Actual Loops": 1,"Hash Buckets": 262144,"Original Hash Buckets": 262144,"Hash Batches": 1,"Original Hash Batches": 1,"Peak Memory Usage": 7322,"Plans": [{"Node Type": "Index Only Scan","Parent Relationship": "Outer","Parallel Aware": false,"Async Capable": false,"Scan Direction": "Forward","Index Name": "customer_pkey","Relation Name": "customer","Alias": "customer","Startup Cost": 0.42,"Total Cost": 3906.42,"Plan Rows": 150000,"Plan Width": 4,"Actual Startup Time": 0.044,"Actual Total Time": 14.416,"Actual Rows": 150000,"Actual Loops": 1,"Heap Fetches": 0}]}]}]}]}]},"Planning Time": 3.526,"Triggers": [],"Execution Time": 6069.080}]
[{"Plan": {"Node Type": "Sort","Parallel Aware": false,"Async Capable": false,"Startup Cost": 65592.61,"Total Cost": 65593.11,"Plan Rows": 200,"Plan Width": 16,"Actual Startup Time": 6147.348,"Actual Total Time": 6147.387,"Actual Rows": 42,"Actual Loops": 1,"Sort Key": ["(count(*)) DESC", "(count(orders.o_orderkey)) DESC"],"Sort Method": "quicksort","Sort Space Used": 27,"Sort Space Type": "Memory","Plans": [{"Node Type": "Aggregate","Strategy": "Hashed","Partial Mode": "Simple","Parent Relationship": "Outer","Parallel Aware": false,"Async Capable": false,"Startup Cost": 65582.97,"Total Cost": 65584.97,"Plan Rows": 200,"Plan Width": 16,"Actual Startup Time": 6147.247,"Actual Total Time": 6147.296,"Actual Rows": 42,"Actual Loops": 1,"Group Key": ["count(orders.o_orderkey)"],"Planned Partitions": 0,"HashAgg Batches": 1,"Peak Memory Usage": 40,"Disk Usage": 0,"Plans": [{"Node Type": "Aggregate","Strategy": "Hashed","Partial Mode": "Simple","Parent Relationship": "Outer","Parallel Aware": false,"Async Capable": false,"Startup Cost": 61832.97,"Total Cost": 63332.97,"Plan Rows": 150000,"Plan Width": 12,"Actual Startup Time": 5968.961,"Actual Total Time": 6133.532,"Actual Rows": 150000,"Actual Loops": 1,"Group Key": ["customer.c_custkey"],"Planned Partitions": 0,"HashAgg Batches": 1,"Peak Memory Usage": 22545,"Disk Usage": 0,"Plans": [{"Node Type": "Hash Join","Parent Relationship": "Outer","Parallel Aware": false,"Async Capable": false,"Join Type": "Right","Startup Cost": 5781.42,"Total Cost": 54484.49,"Plan Rows": 1469697,"Plan Width": 8,"Actual Startup Time": 38.076,"Actual Total Time": 4114.998,"Actual Rows": 1533945,"Actual Loops": 1,"Inner Unique": true,"Hash Cond": "(orders.o_custkey = customer.c_custkey)","Plans": [{"Node Type": "Seq Scan","Parent Relationship": "Outer","Parallel Aware": false,"Async Capable": false,"Relation Name": "orders","Alias": "orders","Startup Cost": 0.00,"Total Cost": 44845.00,"Plan Rows": 1469697,"Plan Width": 8,"Actual Startup Time": 0.049,"Actual Total Time": 2844.878,"Actual Rows": 1483941,"Actual Loops": 1,"Filter": "((o_comment)::text !~~ '%express%packages%'::text)","Rows Removed by Filter": 16059},{"Node Type": "Hash","Parent Relationship": "Inner","Parallel Aware": false,"Async Capable": false,"Startup Cost": 3906.42,"Total Cost": 3906.42,"Plan Rows": 150000,"Plan Width": 4,"Actual Startup Time": 36.257,"Actual Total Time": 36.268,"Actual Rows": 150000,"Actual Loops": 1,"Hash Buckets": 262144,"Original Hash Buckets": 262144,"Hash Batches": 1,"Original Hash Batches": 1,"Peak Memory Usage": 7322,"Plans": [{"Node Type": "Index Only Scan","Parent Relationship": "Outer","Parallel Aware": false,"Async Capable": false,"Scan Direction": "Forward","Index Name": "customer_pkey","Relation Name": "customer","Alias": "customer","Startup Cost": 0.42,"Total Cost": 3906.42,"Plan Rows": 150000,"Plan Width": 4,"Actual Startup Time": 0.063,"Actual Total Time": 14.588,"Actual Rows": 150000,"Actual Loops": 1,"Heap Fetches": 0}]}]}]}]}]},"Planning Time": 3.934,"Triggers": [],"Execution Time": 6155.513}]
[{"Plan": {"Node Type": "Sort","Parallel Aware": false,"Async Capable": false,"Startup Cost": 65708.14,"Total Cost": 65708.64,"Plan Rows": 200,"Plan Width": 16,"Actual Startup Time": 6659.087,"Actual Total Time": 6659.155,"Actual Rows": 41,"Actual Loops": 1,"Sort Key": ["(count(*)) DESC", "(count(orders.o_orderkey)) DESC"],"Sort Method": "quicksort","Sort Space Used": 27,"Sort Space Type": "Memory","Plans": [{"Node Type": "Aggregate","Strategy": "Hashed","Partial Mode": "Simple","Parent Relationship": "Outer","Parallel Aware": false,"Async Capable": false,"Startup Cost": 65698.50,"Total Cost": 65700.50,"Plan Rows": 200,"Plan Width": 16,"Actual Startup Time": 6658.981,"Actual Total Time": 6659.057,"Actual Rows": 41,"Actual Loops": 1,"Group Key": ["count(orders.o_orderkey)"],"Planned Partitions": 0,"HashAgg Batches": 1,"Peak Memory Usage": 40,"Disk Usage": 0,"Plans": [{"Node Type": "Aggregate","Strategy": "Hashed","Partial Mode": "Simple","Parent Relationship": "Outer","Parallel Aware": false,"Async Capable": false,"Startup Cost": 61948.50,"Total Cost": 63448.50,"Plan Rows": 150000,"Plan Width": 12,"Actual Startup Time": 6480.209,"Actual Total Time": 6645.185,"Actual Rows": 150000,"Actual Loops": 1,"Group Key": ["customer.c_custkey"],"Planned Partitions": 0,"HashAgg Batches": 1,"Peak Memory Usage": 22545,"Disk Usage": 0,"Plans": [{"Node Type": "Hash Join","Parent Relationship": "Outer","Parallel Aware": false,"Async Capable": false,"Join Type": "Right","Startup Cost": 5781.42,"Total Cost": 54524.26,"Plan Rows": 1484848,"Plan Width": 8,"Actual Startup Time": 37.274,"Actual Total Time": 4547.015,"Actual Rows": 1533872,"Actual Loops": 1,"Inner Unique": true,"Hash Cond": "(orders.o_custkey = customer.c_custkey)","Plans": [{"Node Type": "Seq Scan","Parent Relationship": "Outer","Parallel Aware": false,"Async Capable": false,"Relation Name": "orders","Alias": "orders","Startup Cost": 0.00,"Total Cost": 44845.00,"Plan Rows": 1484848,"Plan Width": 8,"Actual Startup Time": 0.043,"Actual Total Time": 3085.028,"Actual Rows": 1483868,"Actual Loops": 1,"Filter": "((o_comment)::text !~~ '%unusual%deposits%'::text)","Rows Removed by Filter": 16132},{"Node Type": "Hash","Parent Relationship": "Inner","Parallel Aware": false,"Async Capable": false,"Startup Cost": 3906.42,"Total Cost": 3906.42,"Plan Rows": 150000,"Plan Width": 4,"Actual Startup Time": 35.508,"Actual Total Time": 35.530,"Actual Rows": 150000,"Actual Loops": 1,"Hash Buckets": 262144,"Original Hash Buckets": 262144,"Hash Batches": 1,"Original Hash Batches": 1,"Peak Memory Usage": 7322,"Plans": [{"Node Type": "Index Only Scan","Parent Relationship": "Outer","Parallel Aware": false,"Async Capable": false,"Scan Direction": "Forward","Index Name": "customer_pkey","Relation Name": "customer","Alias": "customer","Startup Cost": 0.42,"Total Cost": 3906.42,"Plan Rows": 150000,"Plan Width": 4,"Actual Startup Time": 0.053,"Actual Total Time": 13.448,"Actual Rows": 150000,"Actual Loops": 1,"Heap Fetches": 0}]}]}]}]}]},"Planning Time": 3.854,"Triggers": [],"Execution Time": 6671.834}]
[{"Plan": {"Node Type": "Sort","Parallel Aware": false,"Async Capable": false,"Startup Cost": 65822.53,"Total Cost": 65823.03,"Plan Rows": 200,"Plan Width": 16,"Actual Startup Time": 5956.637,"Actual Total Time": 5956.675,"Actual Rows": 42,"Actual Loops": 1,"Sort Key": ["(count(*)) DESC", "(count(orders.o_orderkey)) DESC"],"Sort Method": "quicksort","Sort Space Used": 27,"Sort Space Type": "Memory","Plans": [{"Node Type": "Aggregate","Strategy": "Hashed","Partial Mode": "Simple","Parent Relationship": "Outer","Parallel Aware": false,"Async Capable": false,"Startup Cost": 65812.89,"Total Cost": 65814.89,"Plan Rows": 200,"Plan Width": 16,"Actual Startup Time": 5956.548,"Actual Total Time": 5956.590,"Actual Rows": 42,"Actual Loops": 1,"Group Key": ["count(orders.o_orderkey)"],"Planned Partitions": 0,"HashAgg Batches": 1,"Peak Memory Usage": 40,"Disk Usage": 0,"Plans": [{"Node Type": "Aggregate","Strategy": "Hashed","Partial Mode": "Simple","Parent Relationship": "Outer","Parallel Aware": false,"Async Capable": false,"Startup Cost": 62062.89,"Total Cost": 63562.89,"Plan Rows": 150000,"Plan Width": 12,"Actual Startup Time": 5763.184,"Actual Total Time": 5942.838,"Actual Rows": 150000,"Actual Loops": 1,"Group Key": ["customer.c_custkey"],"Planned Partitions": 0,"HashAgg Batches": 1,"Peak Memory Usage": 22545,"Disk Usage": 0,"Plans": [{"Node Type": "Hash Join","Parent Relationship": "Outer","Parallel Aware": false,"Async Capable": false,"Join Type": "Right","Startup Cost": 5781.42,"Total Cost": 54563.64,"Plan Rows": 1499850,"Plan Width": 8,"Actual Startup Time": 38.566,"Actual Total Time": 3955.732,"Actual Rows": 1533620,"Actual Loops": 1,"Inner Unique": true,"Hash Cond": "(orders.o_custkey = customer.c_custkey)","Plans": [{"Node Type": "Seq Scan","Parent Relationship": "Outer","Parallel Aware": false,"Async Capable": false,"Relation Name": "orders","Alias": "orders","Startup Cost": 0.00,"Total Cost": 44845.00,"Plan Rows": 1499850,"Plan Width": 8,"Actual Startup Time": 0.052,"Actual Total Time": 2713.562,"Actual Rows": 1483615,"Actual Loops": 1,"Filter": "((o_comment)::text !~~ '%pending%accounts%'::text)","Rows Removed by Filter": 16385},{"Node Type": "Hash","Parent Relationship": "Inner","Parallel Aware": false,"Async Capable": false,"Startup Cost": 3906.42,"Total Cost": 3906.42,"Plan Rows": 150000,"Plan Width": 4,"Actual Startup Time": 36.530,"Actual Total Time": 36.543,"Actual Rows": 150000,"Actual Loops": 1,"Hash Buckets": 262144,"Original Hash Buckets": 262144,"Hash Batches": 1,"Original Hash Batches": 1,"Peak Memory Usage": 7322,"Plans": [{"Node Type": "Index Only Scan","Parent Relationship": "Outer","Parallel Aware": false,"Async Capable": false,"Scan Direction": "Forward","Index Name": "customer_pkey","Relation Name": "customer","Alias": "customer","Startup Cost": 0.42,"Total Cost": 3906.42,"Plan Rows": 150000,"Plan Width": 4,"Actual Startup Time": 0.036,"Actual Total Time": 14.278,"Actual Rows": 150000,"Actual Loops": 1,"Heap Fetches": 0}]}]}]}]}]},"Planning Time": 3.568,"Triggers": [],"Execution Time": 5966.474}]
[{"Plan": {"Node Type": "Sort","Parallel Aware": false,"Async Capable": false,"Startup Cost": 65592.61,"Total Cost": 65593.11,"Plan Rows": 200,"Plan Width": 16,"Actual Startup Time": 6042.914,"Actual Total Time": 6042.954,"Actual Rows": 42,"Actual Loops": 1,"Sort Key": ["(count(*)) DESC", "(count(orders.o_orderkey)) DESC"],"Sort Method": "quicksort","Sort Space Used": 27,"Sort Space Type": "Memory","Plans": [{"Node Type": "Aggregate","Strategy": "Hashed","Partial Mode": "Simple","Parent Relationship": "Outer","Parallel Aware": false,"Async Capable": false,"Startup Cost": 65582.97,"Total Cost": 65584.97,"Plan Rows": 200,"Plan Width": 16,"Actual Startup Time": 6042.802,"Actual Total Time": 6042.854,"Actual Rows": 42,"Actual Loops": 1,"Group Key": ["count(orders.o_orderkey)"],"Planned Partitions": 0,"HashAgg Batches": 1,"Peak Memory Usage": 40,"Disk Usage": 0,"Plans": [{"Node Type": "Aggregate","Strategy": "Hashed","Partial Mode": "Simple","Parent Relationship": "Outer","Parallel Aware": false,"Async Capable": false,"Startup Cost": 61832.97,"Total Cost": 63332.97,"Plan Rows": 150000,"Plan Width": 12,"Actual Startup Time": 5848.968,"Actual Total Time": 6029.049,"Actual Rows": 150000,"Actual Loops": 1,"Group Key": ["customer.c_custkey"],"Planned Partitions": 0,"HashAgg Batches": 1,"Peak Memory Usage": 22545,"Disk Usage": 0,"Plans": [{"Node Type": "Hash Join","Parent Relationship": "Outer","Parallel Aware": false,"Async Capable": false,"Join Type": "Right","Startup Cost": 5781.42,"Total Cost": 54484.49,"Plan Rows": 1469697,"Plan Width": 8,"Actual Startup Time": 38.540,"Actual Total Time": 4039.691,"Actual Rows": 1534055,"Actual Loops": 1,"Inner Unique": true,"Hash Cond": "(orders.o_custkey = customer.c_custkey)","Plans": [{"Node Type": "Seq Scan","Parent Relationship": "Outer","Parallel Aware": false,"Async Capable": false,"Relation Name": "orders","Alias": "orders","Startup Cost": 0.00,"Total Cost": 44845.00,"Plan Rows": 1469697,"Plan Width": 8,"Actual Startup Time": 0.061,"Actual Total Time": 2797.159,"Actual Rows": 1484051,"Actual Loops": 1,"Filter": "((o_comment)::text !~~ '%special%packages%'::text)","Rows Removed by Filter": 15949},{"Node Type": "Hash","Parent Relationship": "Inner","Parallel Aware": false,"Async Capable": false,"Startup Cost": 3906.42,"Total Cost": 3906.42,"Plan Rows": 150000,"Plan Width": 4,"Actual Startup Time": 36.593,"Actual Total Time": 36.607,"Actual Rows": 150000,"Actual Loops": 1,"Hash Buckets": 262144,"Original Hash Buckets": 262144,"Hash Batches": 1,"Original Hash Batches": 1,"Peak Memory Usage": 7322,"Plans": [{"Node Type": "Index Only Scan","Parent Relationship": "Outer","Parallel Aware": false,"Async Capable": false,"Scan Direction": "Forward","Index Name": "customer_pkey","Relation Name": "customer","Alias": "customer","Startup Cost": 0.42,"Total Cost": 3906.42,"Plan Rows": 150000,"Plan Width": 4,"Actual Startup Time": 0.050,"Actual Total Time": 14.573,"Actual Rows": 150000,"Actual Loops": 1,"Heap Fetches": 0}]}]}]}]}]},"Planning Time": 3.383,"Triggers": [],"Execution Time": 6052.793}]
[{"Plan": {"Node Type": "Sort","Parallel Aware": false,"Async Capable": false,"Startup Cost": 65708.14,"Total Cost": 65708.64,"Plan Rows": 200,"Plan Width": 16,"Actual Startup Time": 6706.121,"Actual Total Time": 6706.163,"Actual Rows": 42,"Actual Loops": 1,"Sort Key": ["(count(*)) DESC", "(count(orders.o_orderkey)) DESC"],"Sort Method": "quicksort","Sort Space Used": 27,"Sort Space Type": "Memory","Plans": [{"Node Type": "Aggregate","Strategy": "Hashed","Partial Mode": "Simple","Parent Relationship": "Outer","Parallel Aware": false,"Async Capable": false,"Startup Cost": 65698.50,"Total Cost": 65700.50,"Plan Rows": 200,"Plan Width": 16,"Actual Startup Time": 6706.048,"Actual Total Time": 6706.098,"Actual Rows": 42,"Actual Loops": 1,"Group Key": ["count(orders.o_orderkey)"],"Planned Partitions": 0,"HashAgg Batches": 1,"Peak Memory Usage": 40,"Disk Usage": 0,"Plans": [{"Node Type": "Aggregate","Strategy": "Hashed","Partial Mode": "Simple","Parent Relationship": "Outer","Parallel Aware": false,"Async Capable": false,"Startup Cost": 61948.50,"Total Cost": 63448.50,"Plan Rows": 150000,"Plan Width": 12,"Actual Startup Time": 6534.914,"Actual Total Time": 6692.300,"Actual Rows": 150000,"Actual Loops": 1,"Group Key": ["customer.c_custkey"],"Planned Partitions": 0,"HashAgg Batches": 1,"Peak Memory Usage": 22545,"Disk Usage": 0,"Plans": [{"Node Type": "Hash Join","Parent Relationship": "Outer","Parallel Aware": false,"Async Capable": false,"Join Type": "Right","Startup Cost": 5781.42,"Total Cost": 54524.26,"Plan Rows": 1484848,"Plan Width": 8,"Actual Startup Time": 35.450,"Actual Total Time": 4617.784,"Actual Rows": 1533791,"Actual Loops": 1,"Inner Unique": true,"Hash Cond": "(orders.o_custkey = customer.c_custkey)","Plans": [{"Node Type": "Seq Scan","Parent Relationship": "Outer","Parallel Aware": false,"Async Capable": false,"Relation Name": "orders","Alias": "orders","Startup Cost": 0.00,"Total Cost": 44845.00,"Plan Rows": 1484848,"Plan Width": 8,"Actual Startup Time": 0.045,"Actual Total Time": 3189.289,"Actual Rows": 1483787,"Actual Loops": 1,"Filter": "((o_comment)::text !~~ '%unusual%packages%'::text)","Rows Removed by Filter": 16213},{"Node Type": "Hash","Parent Relationship": "Inner","Parallel Aware": false,"Async Capable": false,"Startup Cost": 3906.42,"Total Cost": 3906.42,"Plan Rows": 150000,"Plan Width": 4,"Actual Startup Time": 33.722,"Actual Total Time": 33.741,"Actual Rows": 150000,"Actual Loops": 1,"Hash Buckets": 262144,"Original Hash Buckets": 262144,"Hash Batches": 1,"Original Hash Batches": 1,"Peak Memory Usage": 7322,"Plans": [{"Node Type": "Index Only Scan","Parent Relationship": "Outer","Parallel Aware": false,"Async Capable": false,"Scan Direction": "Forward","Index Name": "customer_pkey","Relation Name": "customer","Alias": "customer","Startup Cost": 0.42,"Total Cost": 3906.42,"Plan Rows": 150000,"Plan Width": 4,"Actual Startup Time": 0.040,"Actual Total Time": 13.017,"Actual Rows": 150000,"Actual Loops": 1,"Heap Fetches": 0}]}]}]}]}]},"Planning Time": 3.840,"Triggers": [],"Execution Time": 6714.032}]
[{"Plan": {"Node Type": "Sort","Parallel Aware": false,"Async Capable": false,"Startup Cost": 65822.53,"Total Cost": 65823.03,"Plan Rows": 200,"Plan Width": 16,"Actual Startup Time": 5956.637,"Actual Total Time": 5956.675,"Actual Rows": 42,"Actual Loops": 1,"Sort Key": ["(count(*)) DESC", "(count(orders.o_orderkey)) DESC"],"Sort Method": "quicksort","Sort Space Used": 27,"Sort Space Type": "Memory","Plans": [{"Node Type": "Aggregate","Strategy": "Hashed","Partial Mode": "Simple","Parent Relationship": "Outer","Parallel Aware": false,"Async Capable": false,"Startup Cost": 65812.89,"Total Cost": 65814.89,"Plan Rows": 200,"Plan Width": 16,"Actual Startup Time": 5956.548,"Actual Total Time": 5956.590,"Actual Rows": 42,"Actual Loops": 1,"Group Key": ["count(orders.o_orderkey)"],"Planned Partitions": 0,"HashAgg Batches": 1,"Peak Memory Usage": 40,"Disk Usage": 0,"Plans": [{"Node Type": "Aggregate","Strategy": "Hashed","Partial Mode": "Simple","Parent Relationship": "Outer","Parallel Aware": false,"Async Capable": false,"Startup Cost": 62062.89,"Total Cost": 63562.89,"Plan Rows": 150000,"Plan Width": 12,"Actual Startup Time": 5763.184,"Actual Total Time": 5942.838,"Actual Rows": 150000,"Actual Loops": 1,"Group Key": ["customer.c_custkey"],"Planned Partitions": 0,"HashAgg Batches": 1,"Peak Memory Usage": 22545,"Disk Usage": 0,"Plans": [{"Node Type": "Hash Join","Parent Relationship": "Outer","Parallel Aware": false,"Async Capable": false,"Join Type": "Right","Startup Cost": 5781.42,"Total Cost": 54563.64,"Plan Rows": 1499850,"Plan Width": 8,"Actual Startup Time": 38.566,"Actual Total Time": 3955.732,"Actual Rows": 1533620,"Actual Loops": 1,"Inner Unique": true,"Hash Cond": "(orders.o_custkey = customer.c_custkey)","Plans": [{"Node Type": "Seq Scan","Parent Relationship": "Outer","Parallel Aware": false,"Async Capable": false,"Relation Name": "orders","Alias": "orders","Startup Cost": 0.00,"Total Cost": 44845.00,"Plan Rows": 1499850,"Plan Width": 8,"Actual Startup Time": 0.052,"Actual Total Time": 2713.562,"Actual Rows": 1483615,"Actual Loops": 1,"Filter": "((o_comment)::text !~~ '%pending%accounts%'::text)","Rows Removed by Filter": 16385},{"Node Type": "Hash","Parent Relationship": "Inner","Parallel Aware": false,"Async Capable": false,"Startup Cost": 3906.42,"Total Cost": 3906.42,"Plan Rows": 150000,"Plan Width": 4,"Actual Startup Time": 36.530,"Actual Total Time": 36.543,"Actual Rows": 150000,"Actual Loops": 1,"Hash Buckets": 262144,"Original Hash Buckets": 262144,"Hash Batches": 1,"Original Hash Batches": 1,"Peak Memory Usage": 7322,"Plans": [{"Node Type": "Index Only Scan","Parent Relationship": "Outer","Parallel Aware": false,"Async Capable": false,"Scan Direction": "Forward","Index Name": "customer_pkey","Relation Name": "customer","Alias": "customer","Startup Cost": 0.42,"Total Cost": 3906.42,"Plan Rows": 150000,"Plan Width": 4,"Actual Startup Time": 0.036,"Actual Total Time": 14.278,"Actual Rows": 150000,"Actual Loops": 1,"Heap Fetches": 0}]}]}]}]}]},"Planning Time": 3.568,"Triggers": [],"Execution Time": 5966.474}]
[{"Plan": {"Node Type": "Sort","Parallel Aware": false,"Async Capable": false,"Startup Cost": 65708.14,"Total Cost": 65708.64,"Plan Rows": 200,"Plan Width": 16,"Actual Startup Time": 6096.152,"Actual Total Time": 6096.183,"Actual Rows": 42,"Actual Loops": 1,"Sort Key": ["(count(*)) DESC", "(count(orders.o_orderkey)) DESC"],"Sort Method": "quicksort","Sort Space Used": 27,"Sort Space Type": "Memory","Plans": [{"Node Type": "Aggregate","Strategy": "Hashed","Partial Mode": "Simple","Parent Relationship": "Outer","Parallel Aware": false,"Async Capable": false,"Startup Cost": 65698.50,"Total Cost": 65700.50,"Plan Rows": 200,"Plan Width": 16,"Actual Startup Time": 6096.055,"Actual Total Time": 6096.099,"Actual Rows": 42,"Actual Loops": 1,"Group Key": ["count(orders.o_orderkey)"],"Planned Partitions": 0,"HashAgg Batches": 1,"Peak Memory Usage": 40,"Disk Usage": 0,"Plans": [{"Node Type": "Aggregate","Strategy": "Hashed","Partial Mode": "Simple","Parent Relationship": "Outer","Parallel Aware": false,"Async Capable": false,"Startup Cost": 61948.50,"Total Cost": 63448.50,"Plan Rows": 150000,"Plan Width": 12,"Actual Startup Time": 5916.888,"Actual Total Time": 6082.285,"Actual Rows": 150000,"Actual Loops": 1,"Group Key": ["customer.c_custkey"],"Planned Partitions": 0,"HashAgg Batches": 1,"Peak Memory Usage": 22545,"Disk Usage": 0,"Plans": [{"Node Type": "Hash Join","Parent Relationship": "Outer","Parallel Aware": false,"Async Capable": false,"Join Type": "Right","Startup Cost": 5781.42,"Total Cost": 54524.26,"Plan Rows": 1484848,"Plan Width": 8,"Actual Startup Time": 39.799,"Actual Total Time": 4085.231,"Actual Rows": 1533660,"Actual Loops": 1,"Inner Unique": true,"Hash Cond": "(orders.o_custkey = customer.c_custkey)","Plans": [{"Node Type": "Seq Scan","Parent Relationship": "Outer","Parallel Aware": false,"Async Capable": false,"Relation Name": "orders","Alias": "orders","Startup Cost": 0.00,"Total Cost": 44845.00,"Plan Rows": 1484848,"Plan Width": 8,"Actual Startup Time": 0.053,"Actual Total Time": 2810.059,"Actual Rows": 1483656,"Actual Loops": 1,"Filter": "((o_comment)::text !~~ '%pending%requests%'::text)","Rows Removed by Filter": 16344},{"Node Type": "Hash","Parent Relationship": "Inner","Parallel Aware": false,"Async Capable": false,"Startup Cost": 3906.42,"Total Cost": 3906.42,"Plan Rows": 150000,"Plan Width": 4,"Actual Startup Time": 37.918,"Actual Total Time": 37.930,"Actual Rows": 150000,"Actual Loops": 1,"Hash Buckets": 262144,"Original Hash Buckets": 262144,"Hash Batches": 1,"Original Hash Batches": 1,"Peak Memory Usage": 7322,"Plans": [{"Node Type": "Index Only Scan","Parent Relationship": "Outer","Parallel Aware": false,"Async Capable": false,"Scan Direction": "Forward","Index Name": "customer_pkey","Relation Name": "customer","Alias": "customer","Startup Cost": 0.42,"Total Cost": 3906.42,"Plan Rows": 150000,"Plan Width": 4,"Actual Startup Time": 0.035,"Actual Total Time": 14.493,"Actual Rows": 150000,"Actual Loops": 1,"Heap Fetches": 0}]}]}]}]}]},"Planning Time": 4.221,"Triggers": [],"Execution Time": 6104.310}]
[{"Plan": {"Node Type": "Sort","Parallel Aware": false,"Async Capable": false,"Startup Cost": 65822.53,"Total Cost": 65823.03,"Plan Rows": 200,"Plan Width": 16,"Actual Startup Time": 6650.964,"Actual Total Time": 6651.000,"Actual Rows": 42,"Actual Loops": 1,"Sort Key": ["(count(*)) DESC", "(count(orders.o_orderkey)) DESC"],"Sort Method": "quicksort","Sort Space Used": 27,"Sort Space Type": "Memory","Plans": [{"Node Type": "Aggregate","Strategy": "Hashed","Partial Mode": "Simple","Parent Relationship": "Outer","Parallel Aware": false,"Async Capable": false,"Startup Cost": 65812.89,"Total Cost": 65814.89,"Plan Rows": 200,"Plan Width": 16,"Actual Startup Time": 6650.893,"Actual Total Time": 6650.940,"Actual Rows": 42,"Actual Loops": 1,"Group Key": ["count(orders.o_orderkey)"],"Planned Partitions": 0,"HashAgg Batches": 1,"Peak Memory Usage": 40,"Disk Usage": 0,"Plans": [{"Node Type": "Aggregate","Strategy": "Hashed","Partial Mode": "Simple","Parent Relationship": "Outer","Parallel Aware": false,"Async Capable": false,"Startup Cost": 62062.89,"Total Cost": 63562.89,"Plan Rows": 150000,"Plan Width": 12,"Actual Startup Time": 6477.408,"Actual Total Time": 6637.150,"Actual Rows": 150000,"Actual Loops": 1,"Group Key": ["customer.c_custkey"],"Planned Partitions": 0,"HashAgg Batches": 1,"Peak Memory Usage": 22545,"Disk Usage": 0,"Plans": [{"Node Type": "Hash Join","Parent Relationship": "Outer","Parallel Aware": false,"Async Capable": false,"Join Type": "Right","Startup Cost": 5781.42,"Total Cost": 54563.64,"Plan Rows": 1499850,"Plan Width": 8,"Actual Startup Time": 36.551,"Actual Total Time": 4552.506,"Actual Rows": 1533843,"Actual Loops": 1,"Inner Unique": true,"Hash Cond": "(orders.o_custkey = customer.c_custkey)","Plans": [{"Node Type": "Seq Scan","Parent Relationship": "Outer","Parallel Aware": false,"Async Capable": false,"Relation Name": "orders","Alias": "orders","Startup Cost": 0.00,"Total Cost": 44845.00,"Plan Rows": 1499850,"Plan Width": 8,"Actual Startup Time": 0.044,"Actual Total Time": 3147.620,"Actual Rows": 1483839,"Actual Loops": 1,"Filter": "((o_comment)::text !~~ '%pending%deposits%'::text)","Rows Removed by Filter": 16161},{"Node Type": "Hash","Parent Relationship": "Inner","Parallel Aware": false,"Async Capable": false,"Startup Cost": 3906.42,"Total Cost": 3906.42,"Plan Rows": 150000,"Plan Width": 4,"Actual Startup Time": 34.769,"Actual Total Time": 34.783,"Actual Rows": 150000,"Actual Loops": 1,"Hash Buckets": 262144,"Original Hash Buckets": 262144,"Hash Batches": 1,"Original Hash Batches": 1,"Peak Memory Usage": 7322,"Plans": [{"Node Type": "Index Only Scan","Parent Relationship": "Outer","Parallel Aware": false,"Async Capable": false,"Scan Direction": "Forward","Index Name": "customer_pkey","Relation Name": "customer","Alias": "customer","Startup Cost": 0.42,"Total Cost": 3906.42,"Plan Rows": 150000,"Plan Width": 4,"Actual Startup Time": 0.065,"Actual Total Time": 13.424,"Actual Rows": 150000,"Actual Loops": 1,"Heap Fetches": 0}]}]}]}]}]},"Planning Time": 3.594,"Triggers": [],"Execution Time": 6658.782}]
[{"Plan": {"Node Type": "Sort","Parallel Aware": false,"Async Capable": false,"Startup Cost": 65477.08,"Total Cost": 65477.58,"Plan Rows": 200,"Plan Width": 16,"Actual Startup Time": 6131.456,"Actual Total Time": 6131.495,"Actual Rows": 42,"Actual Loops": 1,"Sort Key": ["(count(*)) DESC", "(count(orders.o_orderkey)) DESC"],"Sort Method": "quicksort","Sort Space Used": 27,"Sort Space Type": "Memory","Plans": [{"Node Type": "Aggregate","Strategy": "Hashed","Partial Mode": "Simple","Parent Relationship": "Outer","Parallel Aware": false,"Async Capable": false,"Startup Cost": 65467.44,"Total Cost": 65469.44,"Plan Rows": 200,"Plan Width": 16,"Actual Startup Time": 6131.350,"Actual Total Time": 6131.398,"Actual Rows": 42,"Actual Loops": 1,"Group Key": ["count(orders.o_orderkey)"],"Planned Partitions": 0,"HashAgg Batches": 1,"Peak Memory Usage": 40,"Disk Usage": 0,"Plans": [{"Node Type": "Aggregate","Strategy": "Hashed","Partial Mode": "Simple","Parent Relationship": "Outer","Parallel Aware": false,"Async Capable": false,"Startup Cost": 61717.44,"Total Cost": 63217.44,"Plan Rows": 150000,"Plan Width": 12,"Actual Startup Time": 5953.045,"Actual Total Time": 6117.615,"Actual Rows": 150000,"Actual Loops": 1,"Group Key": ["customer.c_custkey"],"Planned Partitions": 0,"HashAgg Batches": 1,"Peak Memory Usage": 22545,"Disk Usage": 0,"Plans": [{"Node Type": "Hash Join","Parent Relationship": "Outer","Parallel Aware": false,"Async Capable": false,"Join Type": "Right","Startup Cost": 5781.42,"Total Cost": 54444.71,"Plan Rows": 1454545,"Plan Width": 8,"Actual Startup Time": 38.590,"Actual Total Time": 4109.614,"Actual Rows": 1533923,"Actual Loops": 1,"Inner Unique": true,"Hash Cond": "(orders.o_custkey = customer.c_custkey)","Plans": [{"Node Type": "Seq Scan","Parent Relationship": "Outer","Parallel Aware": false,"Async Capable": false,"Relation Name": "orders","Alias": "orders","Startup Cost": 0.00,"Total Cost": 44845.00,"Plan Rows": 1454545,"Plan Width": 8,"Actual Startup Time": 0.061,"Actual Total Time": 2840.022,"Actual Rows": 1483918,"Actual Loops": 1,"Filter": "((o_comment)::text !~~ '%special%requests%'::text)","Rows Removed by Filter": 16082},{"Node Type": "Hash","Parent Relationship": "Inner","Parallel Aware": false,"Async Capable": false,"Startup Cost": 3906.42,"Total Cost": 3906.42,"Plan Rows": 150000,"Plan Width": 4,"Actual Startup Time": 36.739,"Actual Total Time": 36.756,"Actual Rows": 150000,"Actual Loops": 1,"Hash Buckets": 262144,"Original Hash Buckets": 262144,"Hash Batches": 1,"Original Hash Batches": 1,"Peak Memory Usage": 7322,"Plans": [{"Node Type": "Index Only Scan","Parent Relationship": "Outer","Parallel Aware": false,"Async Capable": false,"Scan Direction": "Forward","Index Name": "customer_pkey","Relation Name": "customer","Alias": "customer","Startup Cost": 0.42,"Total Cost": 3906.42,"Plan Rows": 150000,"Plan Width": 4,"Actual Startup Time": 0.061,"Actual Total Time": 14.504,"Actual Rows": 150000,"Actual Loops": 1,"Heap Fetches": 0}]}]}]}]}]},"Planning Time": 3.536,"Triggers": [],"Execution Time": 6139.749}]
[{"Plan": {"Node Type": "Sort","Parallel Aware": false,"Async Capable": false,"Startup Cost": 65708.14,"Total Cost": 65708.64,"Plan Rows": 200,"Plan Width": 16,"Actual Startup Time": 6734.447,"Actual Total Time": 6734.481,"Actual Rows": 42,"Actual Loops": 1,"Sort Key": ["(count(*)) DESC", "(count(orders.o_orderkey)) DESC"],"Sort Method": "quicksort","Sort Space Used": 27,"Sort Space Type": "Memory","Plans": [{"Node Type": "Aggregate","Strategy": "Hashed","Partial Mode": "Simple","Parent Relationship": "Outer","Parallel Aware": false,"Async Capable": false,"Startup Cost": 65698.50,"Total Cost": 65700.50,"Plan Rows": 200,"Plan Width": 16,"Actual Startup Time": 6734.369,"Actual Total Time": 6734.411,"Actual Rows": 42,"Actual Loops": 1,"Group Key": ["count(orders.o_orderkey)"],"Planned Partitions": 0,"HashAgg Batches": 1,"Peak Memory Usage": 40,"Disk Usage": 0,"Plans": [{"Node Type": "Aggregate","Strategy": "Hashed","Partial Mode": "Simple","Parent Relationship": "Outer","Parallel Aware": false,"Async Capable": false,"Startup Cost": 61948.50,"Total Cost": 63448.50,"Plan Rows": 150000,"Plan Width": 12,"Actual Startup Time": 6542.374,"Actual Total Time": 6720.630,"Actual Rows": 150000,"Actual Loops": 1,"Group Key": ["customer.c_custkey"],"Planned Partitions": 0,"HashAgg Batches": 1,"Peak Memory Usage": 22545,"Disk Usage": 0,"Plans": [{"Node Type": "Hash Join","Parent Relationship": "Outer","Parallel Aware": false,"Async Capable": false,"Join Type": "Right","Startup Cost": 5781.42,"Total Cost": 54524.26,"Plan Rows": 1484848,"Plan Width": 8,"Actual Startup Time": 36.319,"Actual Total Time": 4621.827,"Actual Rows": 1533676,"Actual Loops": 1,"Inner Unique": true,"Hash Cond": "(orders.o_custkey = customer.c_custkey)","Plans": [{"Node Type": "Seq Scan","Parent Relationship": "Outer","Parallel Aware": false,"Async Capable": false,"Relation Name": "orders","Alias": "orders","Startup Cost": 0.00,"Total Cost": 44845.00,"Plan Rows": 1484848,"Plan Width": 8,"Actual Startup Time": 0.054,"Actual Total Time": 3196.487,"Actual Rows": 1483672,"Actual Loops": 1,"Filter": "((o_comment)::text !~~ '%express%requests%'::text)","Rows Removed by Filter": 16328},{"Node Type": "Hash","Parent Relationship": "Inner","Parallel Aware": false,"Async Capable": false,"Startup Cost": 3906.42,"Total Cost": 3906.42,"Plan Rows": 150000,"Plan Width": 4,"Actual Startup Time": 34.348,"Actual Total Time": 34.358,"Actual Rows": 150000,"Actual Loops": 1,"Hash Buckets": 262144,"Original Hash Buckets": 262144,"Hash Batches": 1,"Original Hash Batches": 1,"Peak Memory Usage": 7322,"Plans": [{"Node Type": "Index Only Scan","Parent Relationship": "Outer","Parallel Aware": false,"Async Capable": false,"Scan Direction": "Forward","Index Name": "customer_pkey","Relation Name": "customer","Alias": "customer","Startup Cost": 0.42,"Total Cost": 3906.42,"Plan Rows": 150000,"Plan Width": 4,"Actual Startup Time": 0.054,"Actual Total Time": 13.145,"Actual Rows": 150000,"Actual Loops": 1,"Heap Fetches": 0}]}]}]}]}]},"Planning Time": 4.493,"Triggers": [],"Execution Time": 6743.934}]
[{"Plan": {"Node Type": "Sort","Parallel Aware": false,"Async Capable": false,"Startup Cost": 65822.53,"Total Cost": 65823.03,"Plan Rows": 200,"Plan Width": 16,"Actual Startup Time": 6789.356,"Actual Total Time": 6789.385,"Actual Rows": 42,"Actual Loops": 1,"Sort Key": ["(count(*)) DESC", "(count(orders.o_orderkey)) DESC"],"Sort Method": "quicksort","Sort Space Used": 27,"Sort Space Type": "Memory","Plans": [{"Node Type": "Aggregate","Strategy": "Hashed","Partial Mode": "Simple","Parent Relationship": "Outer","Parallel Aware": false,"Async Capable": false,"Startup Cost": 65812.89,"Total Cost": 65814.89,"Plan Rows": 200,"Plan Width": 16,"Actual Startup Time": 6789.265,"Actual Total Time": 6789.304,"Actual Rows": 42,"Actual Loops": 1,"Group Key": ["count(orders.o_orderkey)"],"Planned Partitions": 0,"HashAgg Batches": 1,"Peak Memory Usage": 40,"Disk Usage": 0,"Plans": [{"Node Type": "Aggregate","Strategy": "Hashed","Partial Mode": "Simple","Parent Relationship": "Outer","Parallel Aware": false,"Async Capable": false,"Startup Cost": 62062.89,"Total Cost": 63562.89,"Plan Rows": 150000,"Plan Width": 12,"Actual Startup Time": 6597.323,"Actual Total Time": 6775.519,"Actual Rows": 150000,"Actual Loops": 1,"Group Key": ["customer.c_custkey"],"Planned Partitions": 0,"HashAgg Batches": 1,"Peak Memory Usage": 22545,"Disk Usage": 0,"Plans": [{"Node Type": "Hash Join","Parent Relationship": "Outer","Parallel Aware": false,"Async Capable": false,"Join Type": "Right","Startup Cost": 5781.42,"Total Cost": 54563.64,"Plan Rows": 1499850,"Plan Width": 8,"Actual Startup Time": 45.919,"Actual Total Time": 4674.391,"Actual Rows": 1534025,"Actual Loops": 1,"Inner Unique": true,"Hash Cond": "(orders.o_custkey = customer.c_custkey)","Plans": [{"Node Type": "Seq Scan","Parent Relationship": "Outer","Parallel Aware": false,"Async Capable": false,"Relation Name": "orders","Alias": "orders","Startup Cost": 0.00,"Total Cost": 44845.00,"Plan Rows": 1499850,"Plan Width": 8,"Actual Startup Time": 0.049,"Actual Total Time": 3245.830,"Actual Rows": 1484020,"Actual Loops": 1,"Filter": "((o_comment)::text !~~ '%express%deposits%'::text)","Rows Removed by Filter": 15980},{"Node Type": "Hash","Parent Relationship": "Inner","Parallel Aware": false,"Async Capable": false,"Startup Cost": 3906.42,"Total Cost": 3906.42,"Plan Rows": 150000,"Plan Width": 4,"Actual Startup Time": 44.047,"Actual Total Time": 44.059,"Actual Rows": 150000,"Actual Loops": 1,"Hash Buckets": 262144,"Original Hash Buckets": 262144,"Hash Batches": 1,"Original Hash Batches": 1,"Peak Memory Usage": 7322,"Plans": [{"Node Type": "Index Only Scan","Parent Relationship": "Outer","Parallel Aware": false,"Async Capable": false,"Scan Direction": "Forward","Index Name": "customer_pkey","Relation Name": "customer","Alias": "customer","Startup Cost": 0.42,"Total Cost": 3906.42,"Plan Rows": 150000,"Plan Width": 4,"Actual Startup Time": 0.049,"Actual Total Time": 21.219,"Actual Rows": 150000,"Actual Loops": 1,"Heap Fetches": 0}]}]}]}]}]},"Planning Time": 4.349,"Triggers": [],"Execution Time": 6798.388}]
[{"Plan": {"Node Type": "Sort","Parallel Aware": false,"Async Capable": false,"Startup Cost": 65822.53,"Total Cost": 65823.03,"Plan Rows": 200,"Plan Width": 16,"Actual Startup Time": 6096.807,"Actual Total Time": 6096.851,"Actual Rows": 42,"Actual Loops": 1,"Sort Key": ["(count(*)) DESC", "(count(orders.o_orderkey)) DESC"],"Sort Method": "quicksort","Sort Space Used": 27,"Sort Space Type": "Memory","Plans": [{"Node Type": "Aggregate","Strategy": "Hashed","Partial Mode": "Simple","Parent Relationship": "Outer","Parallel Aware": false,"Async Capable": false,"Startup Cost": 65812.89,"Total Cost": 65814.89,"Plan Rows": 200,"Plan Width": 16,"Actual Startup Time": 6096.707,"Actual Total Time": 6096.758,"Actual Rows": 42,"Actual Loops": 1,"Group Key": ["count(orders.o_orderkey)"],"Planned Partitions": 0,"HashAgg Batches": 1,"Peak Memory Usage": 40,"Disk Usage": 0,"Plans": [{"Node Type": "Aggregate","Strategy": "Hashed","Partial Mode": "Simple","Parent Relationship": "Outer","Parallel Aware": false,"Async Capable": false,"Startup Cost": 62062.89,"Total Cost": 63562.89,"Plan Rows": 150000,"Plan Width": 12,"Actual Startup Time": 5900.364,"Actual Total Time": 6082.949,"Actual Rows": 150000,"Actual Loops": 1,"Group Key": ["customer.c_custkey"],"Planned Partitions": 0,"HashAgg Batches": 1,"Peak Memory Usage": 22545,"Disk Usage": 0,"Plans": [{"Node Type": "Hash Join","Parent Relationship": "Outer","Parallel Aware": false,"Async Capable": false,"Join Type": "Right","Startup Cost": 5781.42,"Total Cost": 54563.64,"Plan Rows": 1499850,"Plan Width": 8,"Actual Startup Time": 38.105,"Actual Total Time": 4090.394,"Actual Rows": 1533835,"Actual Loops": 1,"Inner Unique": true,"Hash Cond": "(orders.o_custkey = customer.c_custkey)","Plans": [{"Node Type": "Seq Scan","Parent Relationship": "Outer","Parallel Aware": false,"Async Capable": false,"Relation Name": "orders","Alias": "orders","Startup Cost": 0.00,"Total Cost": 44845.00,"Plan Rows": 1499850,"Plan Width": 8,"Actual Startup Time": 0.059,"Actual Total Time": 2844.303,"Actual Rows": 1483831,"Actual Loops": 1,"Filter": "((o_comment)::text !~~ '%special%accounts%'::text)","Rows Removed by Filter": 16169},{"Node Type": "Hash","Parent Relationship": "Inner","Parallel Aware": false,"Async Capable": false,"Startup Cost": 3906.42,"Total Cost": 3906.42,"Plan Rows": 150000,"Plan Width": 4,"Actual Startup Time": 36.335,"Actual Total Time": 36.352,"Actual Rows": 150000,"Actual Loops": 1,"Hash Buckets": 262144,"Original Hash Buckets": 262144,"Hash Batches": 1,"Original Hash Batches": 1,"Peak Memory Usage": 7322,"Plans": [{"Node Type": "Index Only Scan","Parent Relationship": "Outer","Parallel Aware": false,"Async Capable": false,"Scan Direction": "Forward","Index Name": "customer_pkey","Relation Name": "customer","Alias": "customer","Startup Cost": 0.42,"Total Cost": 3906.42,"Plan Rows": 150000,"Plan Width": 4,"Actual Startup Time": 0.048,"Actual Total Time": 14.414,"Actual Rows": 150000,"Actual Loops": 1,"Heap Fetches": 0}]}]}]}]}]},"Planning Time": 3.409,"Triggers": [],"Execution Time": 6107.560}]
[{"Plan": {"Node Type": "Sort","Parallel Aware": false,"Async Capable": false,"Startup Cost": 65708.14,"Total Cost": 65708.64,"Plan Rows": 200,"Plan Width": 16,"Actual Startup Time": 6659.087,"Actual Total Time": 6659.155,"Actual Rows": 41,"Actual Loops": 1,"Sort Key": ["(count(*)) DESC", "(count(orders.o_orderkey)) DESC"],"Sort Method": "quicksort","Sort Space Used": 27,"Sort Space Type": "Memory","Plans": [{"Node Type": "Aggregate","Strategy": "Hashed","Partial Mode": "Simple","Parent Relationship": "Outer","Parallel Aware": false,"Async Capable": false,"Startup Cost": 65698.50,"Total Cost": 65700.50,"Plan Rows": 200,"Plan Width": 16,"Actual Startup Time": 6658.981,"Actual Total Time": 6659.057,"Actual Rows": 41,"Actual Loops": 1,"Group Key": ["count(orders.o_orderkey)"],"Planned Partitions": 0,"HashAgg Batches": 1,"Peak Memory Usage": 40,"Disk Usage": 0,"Plans": [{"Node Type": "Aggregate","Strategy": "Hashed","Partial Mode": "Simple","Parent Relationship": "Outer","Parallel Aware": false,"Async Capable": false,"Startup Cost": 61948.50,"Total Cost": 63448.50,"Plan Rows": 150000,"Plan Width": 12,"Actual Startup Time": 6480.209,"Actual Total Time": 6645.185,"Actual Rows": 150000,"Actual Loops": 1,"Group Key": ["customer.c_custkey"],"Planned Partitions": 0,"HashAgg Batches": 1,"Peak Memory Usage": 22545,"Disk Usage": 0,"Plans": [{"Node Type": "Hash Join","Parent Relationship": "Outer","Parallel Aware": false,"Async Capable": false,"Join Type": "Right","Startup Cost": 5781.42,"Total Cost": 54524.26,"Plan Rows": 1484848,"Plan Width": 8,"Actual Startup Time": 37.274,"Actual Total Time": 4547.015,"Actual Rows": 1533872,"Actual Loops": 1,"Inner Unique": true,"Hash Cond": "(orders.o_custkey = customer.c_custkey)","Plans": [{"Node Type": "Seq Scan","Parent Relationship": "Outer","Parallel Aware": false,"Async Capable": false,"Relation Name": "orders","Alias": "orders","Startup Cost": 0.00,"Total Cost": 44845.00,"Plan Rows": 1484848,"Plan Width": 8,"Actual Startup Time": 0.043,"Actual Total Time": 3085.028,"Actual Rows": 1483868,"Actual Loops": 1,"Filter": "((o_comment)::text !~~ '%unusual%deposits%'::text)","Rows Removed by Filter": 16132},{"Node Type": "Hash","Parent Relationship": "Inner","Parallel Aware": false,"Async Capable": false,"Startup Cost": 3906.42,"Total Cost": 3906.42,"Plan Rows": 150000,"Plan Width": 4,"Actual Startup Time": 35.508,"Actual Total Time": 35.530,"Actual Rows": 150000,"Actual Loops": 1,"Hash Buckets": 262144,"Original Hash Buckets": 262144,"Hash Batches": 1,"Original Hash Batches": 1,"Peak Memory Usage": 7322,"Plans": [{"Node Type": "Index Only Scan","Parent Relationship": "Outer","Parallel Aware": false,"Async Capable": false,"Scan Direction": "Forward","Index Name": "customer_pkey","Relation Name": "customer","Alias": "customer","Startup Cost": 0.42,"Total Cost": 3906.42,"Plan Rows": 150000,"Plan Width": 4,"Actual Startup Time": 0.053,"Actual Total Time": 13.448,"Actual Rows": 150000,"Actual Loops": 1,"Heap Fetches": 0}]}]}]}]}]},"Planning Time": 3.854,"Triggers": [],"Execution Time": 6671.834}]
[{"Plan": {"Node Type": "Sort","Parallel Aware": false,"Async Capable": false,"Startup Cost": 65592.61,"Total Cost": 65593.11,"Plan Rows": 200,"Plan Width": 16,"Actual Startup Time": 6147.348,"Actual Total Time": 6147.387,"Actual Rows": 42,"Actual Loops": 1,"Sort Key": ["(count(*)) DESC", "(count(orders.o_orderkey)) DESC"],"Sort Method": "quicksort","Sort Space Used": 27,"Sort Space Type": "Memory","Plans": [{"Node Type": "Aggregate","Strategy": "Hashed","Partial Mode": "Simple","Parent Relationship": "Outer","Parallel Aware": false,"Async Capable": false,"Startup Cost": 65582.97,"Total Cost": 65584.97,"Plan Rows": 200,"Plan Width": 16,"Actual Startup Time": 6147.247,"Actual Total Time": 6147.296,"Actual Rows": 42,"Actual Loops": 1,"Group Key": ["count(orders.o_orderkey)"],"Planned Partitions": 0,"HashAgg Batches": 1,"Peak Memory Usage": 40,"Disk Usage": 0,"Plans": [{"Node Type": "Aggregate","Strategy": "Hashed","Partial Mode": "Simple","Parent Relationship": "Outer","Parallel Aware": false,"Async Capable": false,"Startup Cost": 61832.97,"Total Cost": 63332.97,"Plan Rows": 150000,"Plan Width": 12,"Actual Startup Time": 5968.961,"Actual Total Time": 6133.532,"Actual Rows": 150000,"Actual Loops": 1,"Group Key": ["customer.c_custkey"],"Planned Partitions": 0,"HashAgg Batches": 1,"Peak Memory Usage": 22545,"Disk Usage": 0,"Plans": [{"Node Type": "Hash Join","Parent Relationship": "Outer","Parallel Aware": false,"Async Capable": false,"Join Type": "Right","Startup Cost": 5781.42,"Total Cost": 54484.49,"Plan Rows": 1469697,"Plan Width": 8,"Actual Startup Time": 38.076,"Actual Total Time": 4114.998,"Actual Rows": 1533945,"Actual Loops": 1,"Inner Unique": true,"Hash Cond": "(orders.o_custkey = customer.c_custkey)","Plans": [{"Node Type": "Seq Scan","Parent Relationship": "Outer","Parallel Aware": false,"Async Capable": false,"Relation Name": "orders","Alias": "orders","Startup Cost": 0.00,"Total Cost": 44845.00,"Plan Rows": 1469697,"Plan Width": 8,"Actual Startup Time": 0.049,"Actual Total Time": 2844.878,"Actual Rows": 1483941,"Actual Loops": 1,"Filter": "((o_comment)::text !~~ '%express%packages%'::text)","Rows Removed by Filter": 16059},{"Node Type": "Hash","Parent Relationship": "Inner","Parallel Aware": false,"Async Capable": false,"Startup Cost": 3906.42,"Total Cost": 3906.42,"Plan Rows": 150000,"Plan Width": 4,"Actual Startup Time": 36.257,"Actual Total Time": 36.268,"Actual Rows": 150000,"Actual Loops": 1,"Hash Buckets": 262144,"Original Hash Buckets": 262144,"Hash Batches": 1,"Original Hash Batches": 1,"Peak Memory Usage": 7322,"Plans": [{"Node Type": "Index Only Scan","Parent Relationship": "Outer","Parallel Aware": false,"Async Capable": false,"Scan Direction": "Forward","Index Name": "customer_pkey","Relation Name": "customer","Alias": "customer","Startup Cost": 0.42,"Total Cost": 3906.42,"Plan Rows": 150000,"Plan Width": 4,"Actual Startup Time": 0.063,"Actual Total Time": 14.588,"Actual Rows": 150000,"Actual Loops": 1,"Heap Fetches": 0}]}]}]}]}]},"Planning Time": 3.934,"Triggers": [],"Execution Time": 6155.513}]
[{"Plan": {"Node Type": "Sort","Parallel Aware": false,"Async Capable": false,"Startup Cost": 65822.53,"Total Cost": 65823.03,"Plan Rows": 200,"Plan Width": 16,"Actual Startup Time": 5956.637,"Actual Total Time": 5956.675,"Actual Rows": 42,"Actual Loops": 1,"Sort Key": ["(count(*)) DESC", "(count(orders.o_orderkey)) DESC"],"Sort Method": "quicksort","Sort Space Used": 27,"Sort Space Type": "Memory","Plans": [{"Node Type": "Aggregate","Strategy": "Hashed","Partial Mode": "Simple","Parent Relationship": "Outer","Parallel Aware": false,"Async Capable": false,"Startup Cost": 65812.89,"Total Cost": 65814.89,"Plan Rows": 200,"Plan Width": 16,"Actual Startup Time": 5956.548,"Actual Total Time": 5956.590,"Actual Rows": 42,"Actual Loops": 1,"Group Key": ["count(orders.o_orderkey)"],"Planned Partitions": 0,"HashAgg Batches": 1,"Peak Memory Usage": 40,"Disk Usage": 0,"Plans": [{"Node Type": "Aggregate","Strategy": "Hashed","Partial Mode": "Simple","Parent Relationship": "Outer","Parallel Aware": false,"Async Capable": false,"Startup Cost": 62062.89,"Total Cost": 63562.89,"Plan Rows": 150000,"Plan Width": 12,"Actual Startup Time": 5763.184,"Actual Total Time": 5942.838,"Actual Rows": 150000,"Actual Loops": 1,"Group Key": ["customer.c_custkey"],"Planned Partitions": 0,"HashAgg Batches": 1,"Peak Memory Usage": 22545,"Disk Usage": 0,"Plans": [{"Node Type": "Hash Join","Parent Relationship": "Outer","Parallel Aware": false,"Async Capable": false,"Join Type": "Right","Startup Cost": 5781.42,"Total Cost": 54563.64,"Plan Rows": 1499850,"Plan Width": 8,"Actual Startup Time": 38.566,"Actual Total Time": 3955.732,"Actual Rows": 1533620,"Actual Loops": 1,"Inner Unique": true,"Hash Cond": "(orders.o_custkey = customer.c_custkey)","Plans": [{"Node Type": "Seq Scan","Parent Relationship": "Outer","Parallel Aware": false,"Async Capable": false,"Relation Name": "orders","Alias": "orders","Startup Cost": 0.00,"Total Cost": 44845.00,"Plan Rows": 1499850,"Plan Width": 8,"Actual Startup Time": 0.052,"Actual Total Time": 2713.562,"Actual Rows": 1483615,"Actual Loops": 1,"Filter": "((o_comment)::text !~~ '%pending%accounts%'::text)","Rows Removed by Filter": 16385},{"Node Type": "Hash","Parent Relationship": "Inner","Parallel Aware": false,"Async Capable": false,"Startup Cost": 3906.42,"Total Cost": 3906.42,"Plan Rows": 150000,"Plan Width": 4,"Actual Startup Time": 36.530,"Actual Total Time": 36.543,"Actual Rows": 150000,"Actual Loops": 1,"Hash Buckets": 262144,"Original Hash Buckets": 262144,"Hash Batches": 1,"Original Hash Batches": 1,"Peak Memory Usage": 7322,"Plans": [{"Node Type": "Index Only Scan","Parent Relationship": "Outer","Parallel Aware": false,"Async Capable": false,"Scan Direction": "Forward","Index Name": "customer_pkey","Relation Name": "customer","Alias": "customer","Startup Cost": 0.42,"Total Cost": 3906.42,"Plan Rows": 150000,"Plan Width": 4,"Actual Startup Time": 0.036,"Actual Total Time": 14.278,"Actual Rows": 150000,"Actual Loops": 1,"Heap Fetches": 0}]}]}]}]}]},"Planning Time": 3.568,"Triggers": [],"Execution Time": 5966.474}]
[{"Plan": {"Node Type": "Sort","Parallel Aware": false,"Async Capable": false,"Startup Cost": 65822.53,"Total Cost": 65823.03,"Plan Rows": 200,"Plan Width": 16,"Actual Startup Time": 6650.964,"Actual Total Time": 6651.000,"Actual Rows": 42,"Actual Loops": 1,"Sort Key": ["(count(*)) DESC", "(count(orders.o_orderkey)) DESC"],"Sort Method": "quicksort","Sort Space Used": 27,"Sort Space Type": "Memory","Plans": [{"Node Type": "Aggregate","Strategy": "Hashed","Partial Mode": "Simple","Parent Relationship": "Outer","Parallel Aware": false,"Async Capable": false,"Startup Cost": 65812.89,"Total Cost": 65814.89,"Plan Rows": 200,"Plan Width": 16,"Actual Startup Time": 6650.893,"Actual Total Time": 6650.940,"Actual Rows": 42,"Actual Loops": 1,"Group Key": ["count(orders.o_orderkey)"],"Planned Partitions": 0,"HashAgg Batches": 1,"Peak Memory Usage": 40,"Disk Usage": 0,"Plans": [{"Node Type": "Aggregate","Strategy": "Hashed","Partial Mode": "Simple","Parent Relationship": "Outer","Parallel Aware": false,"Async Capable": false,"Startup Cost": 62062.89,"Total Cost": 63562.89,"Plan Rows": 150000,"Plan Width": 12,"Actual Startup Time": 6477.408,"Actual Total Time": 6637.150,"Actual Rows": 150000,"Actual Loops": 1,"Group Key": ["customer.c_custkey"],"Planned Partitions": 0,"HashAgg Batches": 1,"Peak Memory Usage": 22545,"Disk Usage": 0,"Plans": [{"Node Type": "Hash Join","Parent Relationship": "Outer","Parallel Aware": false,"Async Capable": false,"Join Type": "Right","Startup Cost": 5781.42,"Total Cost": 54563.64,"Plan Rows": 1499850,"Plan Width": 8,"Actual Startup Time": 36.551,"Actual Total Time": 4552.506,"Actual Rows": 1533843,"Actual Loops": 1,"Inner Unique": true,"Hash Cond": "(orders.o_custkey = customer.c_custkey)","Plans": [{"Node Type": "Seq Scan","Parent Relationship": "Outer","Parallel Aware": false,"Async Capable": false,"Relation Name": "orders","Alias": "orders","Startup Cost": 0.00,"Total Cost": 44845.00,"Plan Rows": 1499850,"Plan Width": 8,"Actual Startup Time": 0.044,"Actual Total Time": 3147.620,"Actual Rows": 1483839,"Actual Loops": 1,"Filter": "((o_comment)::text !~~ '%pending%deposits%'::text)","Rows Removed by Filter": 16161},{"Node Type": "Hash","Parent Relationship": "Inner","Parallel Aware": false,"Async Capable": false,"Startup Cost": 3906.42,"Total Cost": 3906.42,"Plan Rows": 150000,"Plan Width": 4,"Actual Startup Time": 34.769,"Actual Total Time": 34.783,"Actual Rows": 150000,"Actual Loops": 1,"Hash Buckets": 262144,"Original Hash Buckets": 262144,"Hash Batches": 1,"Original Hash Batches": 1,"Peak Memory Usage": 7322,"Plans": [{"Node Type": "Index Only Scan","Parent Relationship": "Outer","Parallel Aware": false,"Async Capable": false,"Scan Direction": "Forward","Index Name": "customer_pkey","Relation Name": "customer","Alias": "customer","Startup Cost": 0.42,"Total Cost": 3906.42,"Plan Rows": 150000,"Plan Width": 4,"Actual Startup Time": 0.065,"Actual Total Time": 13.424,"Actual Rows": 150000,"Actual Loops": 1,"Heap Fetches": 0}]}]}]}]}]},"Planning Time": 3.594,"Triggers": [],"Execution Time": 6658.782}]
[{"Plan": {"Node Type": "Sort","Parallel Aware": false,"Async Capable": false,"Startup Cost": 65822.53,"Total Cost": 65823.03,"Plan Rows": 200,"Plan Width": 16,"Actual Startup Time": 6096.807,"Actual Total Time": 6096.851,"Actual Rows": 42,"Actual Loops": 1,"Sort Key": ["(count(*)) DESC", "(count(orders.o_orderkey)) DESC"],"Sort Method": "quicksort","Sort Space Used": 27,"Sort Space Type": "Memory","Plans": [{"Node Type": "Aggregate","Strategy": "Hashed","Partial Mode": "Simple","Parent Relationship": "Outer","Parallel Aware": false,"Async Capable": false,"Startup Cost": 65812.89,"Total Cost": 65814.89,"Plan Rows": 200,"Plan Width": 16,"Actual Startup Time": 6096.707,"Actual Total Time": 6096.758,"Actual Rows": 42,"Actual Loops": 1,"Group Key": ["count(orders.o_orderkey)"],"Planned Partitions": 0,"HashAgg Batches": 1,"Peak Memory Usage": 40,"Disk Usage": 0,"Plans": [{"Node Type": "Aggregate","Strategy": "Hashed","Partial Mode": "Simple","Parent Relationship": "Outer","Parallel Aware": false,"Async Capable": false,"Startup Cost": 62062.89,"Total Cost": 63562.89,"Plan Rows": 150000,"Plan Width": 12,"Actual Startup Time": 5900.364,"Actual Total Time": 6082.949,"Actual Rows": 150000,"Actual Loops": 1,"Group Key": ["customer.c_custkey"],"Planned Partitions": 0,"HashAgg Batches": 1,"Peak Memory Usage": 22545,"Disk Usage": 0,"Plans": [{"Node Type": "Hash Join","Parent Relationship": "Outer","Parallel Aware": false,"Async Capable": false,"Join Type": "Right","Startup Cost": 5781.42,"Total Cost": 54563.64,"Plan Rows": 1499850,"Plan Width": 8,"Actual Startup Time": 38.105,"Actual Total Time": 4090.394,"Actual Rows": 1533835,"Actual Loops": 1,"Inner Unique": true,"Hash Cond": "(orders.o_custkey = customer.c_custkey)","Plans": [{"Node Type": "Seq Scan","Parent Relationship": "Outer","Parallel Aware": false,"Async Capable": false,"Relation Name": "orders","Alias": "orders","Startup Cost": 0.00,"Total Cost": 44845.00,"Plan Rows": 1499850,"Plan Width": 8,"Actual Startup Time": 0.059,"Actual Total Time": 2844.303,"Actual Rows": 1483831,"Actual Loops": 1,"Filter": "((o_comment)::text !~~ '%special%accounts%'::text)","Rows Removed by Filter": 16169},{"Node Type": "Hash","Parent Relationship": "Inner","Parallel Aware": false,"Async Capable": false,"Startup Cost": 3906.42,"Total Cost": 3906.42,"Plan Rows": 150000,"Plan Width": 4,"Actual Startup Time": 36.335,"Actual Total Time": 36.352,"Actual Rows": 150000,"Actual Loops": 1,"Hash Buckets": 262144,"Original Hash Buckets": 262144,"Hash Batches": 1,"Original Hash Batches": 1,"Peak Memory Usage": 7322,"Plans": [{"Node Type": "Index Only Scan","Parent Relationship": "Outer","Parallel Aware": false,"Async Capable": false,"Scan Direction": "Forward","Index Name": "customer_pkey","Relation Name": "customer","Alias": "customer","Startup Cost": 0.42,"Total Cost": 3906.42,"Plan Rows": 150000,"Plan Width": 4,"Actual Startup Time": 0.048,"Actual Total Time": 14.414,"Actual Rows": 150000,"Actual Loops": 1,"Heap Fetches": 0}]}]}]}]}]},"Planning Time": 3.409,"Triggers": [],"Execution Time": 6107.560}]
[{"Plan": {"Node Type": "Sort","Parallel Aware": false,"Async Capable": false,"Startup Cost": 65822.53,"Total Cost": 65823.03,"Plan Rows": 200,"Plan Width": 16,"Actual Startup Time": 6096.807,"Actual Total Time": 6096.851,"Actual Rows": 42,"Actual Loops": 1,"Sort Key": ["(count(*)) DESC", "(count(orders.o_orderkey)) DESC"],"Sort Method": "quicksort","Sort Space Used": 27,"Sort Space Type": "Memory","Plans": [{"Node Type": "Aggregate","Strategy": "Hashed","Partial Mode": "Simple","Parent Relationship": "Outer","Parallel Aware": false,"Async Capable": false,"Startup Cost": 65812.89,"Total Cost": 65814.89,"Plan Rows": 200,"Plan Width": 16,"Actual Startup Time": 6096.707,"Actual Total Time": 6096.758,"Actual Rows": 42,"Actual Loops": 1,"Group Key": ["count(orders.o_orderkey)"],"Planned Partitions": 0,"HashAgg Batches": 1,"Peak Memory Usage": 40,"Disk Usage": 0,"Plans": [{"Node Type": "Aggregate","Strategy": "Hashed","Partial Mode": "Simple","Parent Relationship": "Outer","Parallel Aware": false,"Async Capable": false,"Startup Cost": 62062.89,"Total Cost": 63562.89,"Plan Rows": 150000,"Plan Width": 12,"Actual Startup Time": 5900.364,"Actual Total Time": 6082.949,"Actual Rows": 150000,"Actual Loops": 1,"Group Key": ["customer.c_custkey"],"Planned Partitions": 0,"HashAgg Batches": 1,"Peak Memory Usage": 22545,"Disk Usage": 0,"Plans": [{"Node Type": "Hash Join","Parent Relationship": "Outer","Parallel Aware": false,"Async Capable": false,"Join Type": "Right","Startup Cost": 5781.42,"Total Cost": 54563.64,"Plan Rows": 1499850,"Plan Width": 8,"Actual Startup Time": 38.105,"Actual Total Time": 4090.394,"Actual Rows": 1533835,"Actual Loops": 1,"Inner Unique": true,"Hash Cond": "(orders.o_custkey = customer.c_custkey)","Plans": [{"Node Type": "Seq Scan","Parent Relationship": "Outer","Parallel Aware": false,"Async Capable": false,"Relation Name": "orders","Alias": "orders","Startup Cost": 0.00,"Total Cost": 44845.00,"Plan Rows": 1499850,"Plan Width": 8,"Actual Startup Time": 0.059,"Actual Total Time": 2844.303,"Actual Rows": 1483831,"Actual Loops": 1,"Filter": "((o_comment)::text !~~ '%special%accounts%'::text)","Rows Removed by Filter": 16169},{"Node Type": "Hash","Parent Relationship": "Inner","Parallel Aware": false,"Async Capable": false,"Startup Cost": 3906.42,"Total Cost": 3906.42,"Plan Rows": 150000,"Plan Width": 4,"Actual Startup Time": 36.335,"Actual Total Time": 36.352,"Actual Rows": 150000,"Actual Loops": 1,"Hash Buckets": 262144,"Original Hash Buckets": 262144,"Hash Batches": 1,"Original Hash Batches": 1,"Peak Memory Usage": 7322,"Plans": [{"Node Type": "Index Only Scan","Parent Relationship": "Outer","Parallel Aware": false,"Async Capable": false,"Scan Direction": "Forward","Index Name": "customer_pkey","Relation Name": "customer","Alias": "customer","Startup Cost": 0.42,"Total Cost": 3906.42,"Plan Rows": 150000,"Plan Width": 4,"Actual Startup Time": 0.048,"Actual Total Time": 14.414,"Actual Rows": 150000,"Actual Loops": 1,"Heap Fetches": 0}]}]}]}]}]},"Planning Time": 3.409,"Triggers": [],"Execution Time": 6107.560}]
[{"Plan": {"Node Type": "Sort","Parallel Aware": false,"Async Capable": false,"Startup Cost": 65592.61,"Total Cost": 65593.11,"Plan Rows": 200,"Plan Width": 16,"Actual Startup Time": 6147.348,"Actual Total Time": 6147.387,"Actual Rows": 42,"Actual Loops": 1,"Sort Key": ["(count(*)) DESC", "(count(orders.o_orderkey)) DESC"],"Sort Method": "quicksort","Sort Space Used": 27,"Sort Space Type": "Memory","Plans": [{"Node Type": "Aggregate","Strategy": "Hashed","Partial Mode": "Simple","Parent Relationship": "Outer","Parallel Aware": false,"Async Capable": false,"Startup Cost": 65582.97,"Total Cost": 65584.97,"Plan Rows": 200,"Plan Width": 16,"Actual Startup Time": 6147.247,"Actual Total Time": 6147.296,"Actual Rows": 42,"Actual Loops": 1,"Group Key": ["count(orders.o_orderkey)"],"Planned Partitions": 0,"HashAgg Batches": 1,"Peak Memory Usage": 40,"Disk Usage": 0,"Plans": [{"Node Type": "Aggregate","Strategy": "Hashed","Partial Mode": "Simple","Parent Relationship": "Outer","Parallel Aware": false,"Async Capable": false,"Startup Cost": 61832.97,"Total Cost": 63332.97,"Plan Rows": 150000,"Plan Width": 12,"Actual Startup Time": 5968.961,"Actual Total Time": 6133.532,"Actual Rows": 150000,"Actual Loops": 1,"Group Key": ["customer.c_custkey"],"Planned Partitions": 0,"HashAgg Batches": 1,"Peak Memory Usage": 22545,"Disk Usage": 0,"Plans": [{"Node Type": "Hash Join","Parent Relationship": "Outer","Parallel Aware": false,"Async Capable": false,"Join Type": "Right","Startup Cost": 5781.42,"Total Cost": 54484.49,"Plan Rows": 1469697,"Plan Width": 8,"Actual Startup Time": 38.076,"Actual Total Time": 4114.998,"Actual Rows": 1533945,"Actual Loops": 1,"Inner Unique": true,"Hash Cond": "(orders.o_custkey = customer.c_custkey)","Plans": [{"Node Type": "Seq Scan","Parent Relationship": "Outer","Parallel Aware": false,"Async Capable": false,"Relation Name": "orders","Alias": "orders","Startup Cost": 0.00,"Total Cost": 44845.00,"Plan Rows": 1469697,"Plan Width": 8,"Actual Startup Time": 0.049,"Actual Total Time": 2844.878,"Actual Rows": 1483941,"Actual Loops": 1,"Filter": "((o_comment)::text !~~ '%express%packages%'::text)","Rows Removed by Filter": 16059},{"Node Type": "Hash","Parent Relationship": "Inner","Parallel Aware": false,"Async Capable": false,"Startup Cost": 3906.42,"Total Cost": 3906.42,"Plan Rows": 150000,"Plan Width": 4,"Actual Startup Time": 36.257,"Actual Total Time": 36.268,"Actual Rows": 150000,"Actual Loops": 1,"Hash Buckets": 262144,"Original Hash Buckets": 262144,"Hash Batches": 1,"Original Hash Batches": 1,"Peak Memory Usage": 7322,"Plans": [{"Node Type": "Index Only Scan","Parent Relationship": "Outer","Parallel Aware": false,"Async Capable": false,"Scan Direction": "Forward","Index Name": "customer_pkey","Relation Name": "customer","Alias": "customer","Startup Cost": 0.42,"Total Cost": 3906.42,"Plan Rows": 150000,"Plan Width": 4,"Actual Startup Time": 0.063,"Actual Total Time": 14.588,"Actual Rows": 150000,"Actual Loops": 1,"Heap Fetches": 0}]}]}]}]}]},"Planning Time": 3.934,"Triggers": [],"Execution Time": 6155.513}]
[{"Plan": {"Node Type": "Sort","Parallel Aware": false,"Async Capable": false,"Startup Cost": 65592.61,"Total Cost": 65593.11,"Plan Rows": 200,"Plan Width": 16,"Actual Startup Time": 6059.416,"Actual Total Time": 6059.459,"Actual Rows": 42,"Actual Loops": 1,"Sort Key": ["(count(*)) DESC", "(count(orders.o_orderkey)) DESC"],"Sort Method": "quicksort","Sort Space Used": 27,"Sort Space Type": "Memory","Plans": [{"Node Type": "Aggregate","Strategy": "Hashed","Partial Mode": "Simple","Parent Relationship": "Outer","Parallel Aware": false,"Async Capable": false,"Startup Cost": 65582.97,"Total Cost": 65584.97,"Plan Rows": 200,"Plan Width": 16,"Actual Startup Time": 6059.318,"Actual Total Time": 6059.369,"Actual Rows": 42,"Actual Loops": 1,"Group Key": ["count(orders.o_orderkey)"],"Planned Partitions": 0,"HashAgg Batches": 1,"Peak Memory Usage": 40,"Disk Usage": 0,"Plans": [{"Node Type": "Aggregate","Strategy": "Hashed","Partial Mode": "Simple","Parent Relationship": "Outer","Parallel Aware": false,"Async Capable": false,"Startup Cost": 61832.97,"Total Cost": 63332.97,"Plan Rows": 150000,"Plan Width": 12,"Actual Startup Time": 5864.158,"Actual Total Time": 6045.542,"Actual Rows": 150000,"Actual Loops": 1,"Group Key": ["customer.c_custkey"],"Planned Partitions": 0,"HashAgg Batches": 1,"Peak Memory Usage": 22545,"Disk Usage": 0,"Plans": [{"Node Type": "Hash Join","Parent Relationship": "Outer","Parallel Aware": false,"Async Capable": false,"Join Type": "Right","Startup Cost": 5781.42,"Total Cost": 54484.49,"Plan Rows": 1469697,"Plan Width": 8,"Actual Startup Time": 38.198,"Actual Total Time": 4061.016,"Actual Rows": 1533817,"Actual Loops": 1,"Inner Unique": true,"Hash Cond": "(orders.o_custkey = customer.c_custkey)","Plans": [{"Node Type": "Seq Scan","Parent Relationship": "Outer","Parallel Aware": false,"Async Capable": false,"Relation Name": "orders","Alias": "orders","Startup Cost": 0.00,"Total Cost": 44845.00,"Plan Rows": 1469697,"Plan Width": 8,"Actual Startup Time": 0.037,"Actual Total Time": 2812.366,"Actual Rows": 1483813,"Actual Loops": 1,"Filter": "((o_comment)::text !~~ '%unusual%requests%'::text)","Rows Removed by Filter": 16187},{"Node Type": "Hash","Parent Relationship": "Inner","Parallel Aware": false,"Async Capable": false,"Startup Cost": 3906.42,"Total Cost": 3906.42,"Plan Rows": 150000,"Plan Width": 4,"Actual Startup Time": 36.318,"Actual Total Time": 36.334,"Actual Rows": 150000,"Actual Loops": 1,"Hash Buckets": 262144,"Original Hash Buckets": 262144,"Hash Batches": 1,"Original Hash Batches": 1,"Peak Memory Usage": 7322,"Plans": [{"Node Type": "Index Only Scan","Parent Relationship": "Outer","Parallel Aware": false,"Async Capable": false,"Scan Direction": "Forward","Index Name": "customer_pkey","Relation Name": "customer","Alias": "customer","Startup Cost": 0.42,"Total Cost": 3906.42,"Plan Rows": 150000,"Plan Width": 4,"Actual Startup Time": 0.044,"Actual Total Time": 14.416,"Actual Rows": 150000,"Actual Loops": 1,"Heap Fetches": 0}]}]}]}]}]},"Planning Time": 3.526,"Triggers": [],"Execution Time": 6069.080}]
[{"Plan": {"Node Type": "Sort","Parallel Aware": false,"Async Capable": false,"Startup Cost": 65708.14,"Total Cost": 65708.64,"Plan Rows": 200,"Plan Width": 16,"Actual Startup Time": 6706.121,"Actual Total Time": 6706.163,"Actual Rows": 42,"Actual Loops": 1,"Sort Key": ["(count(*)) DESC", "(count(orders.o_orderkey)) DESC"],"Sort Method": "quicksort","Sort Space Used": 27,"Sort Space Type": "Memory","Plans": [{"Node Type": "Aggregate","Strategy": "Hashed","Partial Mode": "Simple","Parent Relationship": "Outer","Parallel Aware": false,"Async Capable": false,"Startup Cost": 65698.50,"Total Cost": 65700.50,"Plan Rows": 200,"Plan Width": 16,"Actual Startup Time": 6706.048,"Actual Total Time": 6706.098,"Actual Rows": 42,"Actual Loops": 1,"Group Key": ["count(orders.o_orderkey)"],"Planned Partitions": 0,"HashAgg Batches": 1,"Peak Memory Usage": 40,"Disk Usage": 0,"Plans": [{"Node Type": "Aggregate","Strategy": "Hashed","Partial Mode": "Simple","Parent Relationship": "Outer","Parallel Aware": false,"Async Capable": false,"Startup Cost": 61948.50,"Total Cost": 63448.50,"Plan Rows": 150000,"Plan Width": 12,"Actual Startup Time": 6534.914,"Actual Total Time": 6692.300,"Actual Rows": 150000,"Actual Loops": 1,"Group Key": ["customer.c_custkey"],"Planned Partitions": 0,"HashAgg Batches": 1,"Peak Memory Usage": 22545,"Disk Usage": 0,"Plans": [{"Node Type": "Hash Join","Parent Relationship": "Outer","Parallel Aware": false,"Async Capable": false,"Join Type": "Right","Startup Cost": 5781.42,"Total Cost": 54524.26,"Plan Rows": 1484848,"Plan Width": 8,"Actual Startup Time": 35.450,"Actual Total Time": 4617.784,"Actual Rows": 1533791,"Actual Loops": 1,"Inner Unique": true,"Hash Cond": "(orders.o_custkey = customer.c_custkey)","Plans": [{"Node Type": "Seq Scan","Parent Relationship": "Outer","Parallel Aware": false,"Async Capable": false,"Relation Name": "orders","Alias": "orders","Startup Cost": 0.00,"Total Cost": 44845.00,"Plan Rows": 1484848,"Plan Width": 8,"Actual Startup Time": 0.045,"Actual Total Time": 3189.289,"Actual Rows": 1483787,"Actual Loops": 1,"Filter": "((o_comment)::text !~~ '%unusual%packages%'::text)","Rows Removed by Filter": 16213},{"Node Type": "Hash","Parent Relationship": "Inner","Parallel Aware": false,"Async Capable": false,"Startup Cost": 3906.42,"Total Cost": 3906.42,"Plan Rows": 150000,"Plan Width": 4,"Actual Startup Time": 33.722,"Actual Total Time": 33.741,"Actual Rows": 150000,"Actual Loops": 1,"Hash Buckets": 262144,"Original Hash Buckets": 262144,"Hash Batches": 1,"Original Hash Batches": 1,"Peak Memory Usage": 7322,"Plans": [{"Node Type": "Index Only Scan","Parent Relationship": "Outer","Parallel Aware": false,"Async Capable": false,"Scan Direction": "Forward","Index Name": "customer_pkey","Relation Name": "customer","Alias": "customer","Startup Cost": 0.42,"Total Cost": 3906.42,"Plan Rows": 150000,"Plan Width": 4,"Actual Startup Time": 0.040,"Actual Total Time": 13.017,"Actual Rows": 150000,"Actual Loops": 1,"Heap Fetches": 0}]}]}]}]}]},"Planning Time": 3.840,"Triggers": [],"Execution Time": 6714.032}]
[{"Plan": {"Node Type": "Sort","Parallel Aware": false,"Async Capable": false,"Startup Cost": 65592.61,"Total Cost": 65593.11,"Plan Rows": 200,"Plan Width": 16,"Actual Startup Time": 6059.416,"Actual Total Time": 6059.459,"Actual Rows": 42,"Actual Loops": 1,"Sort Key": ["(count(*)) DESC", "(count(orders.o_orderkey)) DESC"],"Sort Method": "quicksort","Sort Space Used": 27,"Sort Space Type": "Memory","Plans": [{"Node Type": "Aggregate","Strategy": "Hashed","Partial Mode": "Simple","Parent Relationship": "Outer","Parallel Aware": false,"Async Capable": false,"Startup Cost": 65582.97,"Total Cost": 65584.97,"Plan Rows": 200,"Plan Width": 16,"Actual Startup Time": 6059.318,"Actual Total Time": 6059.369,"Actual Rows": 42,"Actual Loops": 1,"Group Key": ["count(orders.o_orderkey)"],"Planned Partitions": 0,"HashAgg Batches": 1,"Peak Memory Usage": 40,"Disk Usage": 0,"Plans": [{"Node Type": "Aggregate","Strategy": "Hashed","Partial Mode": "Simple","Parent Relationship": "Outer","Parallel Aware": false,"Async Capable": false,"Startup Cost": 61832.97,"Total Cost": 63332.97,"Plan Rows": 150000,"Plan Width": 12,"Actual Startup Time": 5864.158,"Actual Total Time": 6045.542,"Actual Rows": 150000,"Actual Loops": 1,"Group Key": ["customer.c_custkey"],"Planned Partitions": 0,"HashAgg Batches": 1,"Peak Memory Usage": 22545,"Disk Usage": 0,"Plans": [{"Node Type": "Hash Join","Parent Relationship": "Outer","Parallel Aware": false,"Async Capable": false,"Join Type": "Right","Startup Cost": 5781.42,"Total Cost": 54484.49,"Plan Rows": 1469697,"Plan Width": 8,"Actual Startup Time": 38.198,"Actual Total Time": 4061.016,"Actual Rows": 1533817,"Actual Loops": 1,"Inner Unique": true,"Hash Cond": "(orders.o_custkey = customer.c_custkey)","Plans": [{"Node Type": "Seq Scan","Parent Relationship": "Outer","Parallel Aware": false,"Async Capable": false,"Relation Name": "orders","Alias": "orders","Startup Cost": 0.00,"Total Cost": 44845.00,"Plan Rows": 1469697,"Plan Width": 8,"Actual Startup Time": 0.037,"Actual Total Time": 2812.366,"Actual Rows": 1483813,"Actual Loops": 1,"Filter": "((o_comment)::text !~~ '%unusual%requests%'::text)","Rows Removed by Filter": 16187},{"Node Type": "Hash","Parent Relationship": "Inner","Parallel Aware": false,"Async Capable": false,"Startup Cost": 3906.42,"Total Cost": 3906.42,"Plan Rows": 150000,"Plan Width": 4,"Actual Startup Time": 36.318,"Actual Total Time": 36.334,"Actual Rows": 150000,"Actual Loops": 1,"Hash Buckets": 262144,"Original Hash Buckets": 262144,"Hash Batches": 1,"Original Hash Batches": 1,"Peak Memory Usage": 7322,"Plans": [{"Node Type": "Index Only Scan","Parent Relationship": "Outer","Parallel Aware": false,"Async Capable": false,"Scan Direction": "Forward","Index Name": "customer_pkey","Relation Name": "customer","Alias": "customer","Startup Cost": 0.42,"Total Cost": 3906.42,"Plan Rows": 150000,"Plan Width": 4,"Actual Startup Time": 0.044,"Actual Total Time": 14.416,"Actual Rows": 150000,"Actual Loops": 1,"Heap Fetches": 0}]}]}]}]}]},"Planning Time": 3.526,"Triggers": [],"Execution Time": 6069.080}]
[{"Plan": {"Node Type": "Sort","Parallel Aware": false,"Async Capable": false,"Startup Cost": 65822.53,"Total Cost": 65823.03,"Plan Rows": 200,"Plan Width": 16,"Actual Startup Time": 6047.687,"Actual Total Time": 6047.735,"Actual Rows": 42,"Actual Loops": 1,"Sort Key": ["(count(*)) DESC", "(count(orders.o_orderkey)) DESC"],"Sort Method": "quicksort","Sort Space Used": 27,"Sort Space Type": "Memory","Plans": [{"Node Type": "Aggregate","Strategy": "Hashed","Partial Mode": "Simple","Parent Relationship": "Outer","Parallel Aware": false,"Async Capable": false,"Startup Cost": 65812.89,"Total Cost": 65814.89,"Plan Rows": 200,"Plan Width": 16,"Actual Startup Time": 6047.591,"Actual Total Time": 6047.643,"Actual Rows": 42,"Actual Loops": 1,"Group Key": ["count(orders.o_orderkey)"],"Planned Partitions": 0,"HashAgg Batches": 1,"Peak Memory Usage": 40,"Disk Usage": 0,"Plans": [{"Node Type": "Aggregate","Strategy": "Hashed","Partial Mode": "Simple","Parent Relationship": "Outer","Parallel Aware": false,"Async Capable": false,"Startup Cost": 62062.89,"Total Cost": 63562.89,"Plan Rows": 150000,"Plan Width": 12,"Actual Startup Time": 5868.600,"Actual Total Time": 6033.866,"Actual Rows": 150000,"Actual Loops": 1,"Group Key": ["customer.c_custkey"],"Planned Partitions": 0,"HashAgg Batches": 1,"Peak Memory Usage": 22545,"Disk Usage": 0,"Plans": [{"Node Type": "Hash Join","Parent Relationship": "Outer","Parallel Aware": false,"Async Capable": false,"Join Type": "Right","Startup Cost": 5781.42,"Total Cost": 54563.64,"Plan Rows": 1499850,"Plan Width": 8,"Actual Startup Time": 39.168,"Actual Total Time": 4010.851,"Actual Rows": 1533626,"Actual Loops": 1,"Inner Unique": true,"Hash Cond": "(orders.o_custkey = customer.c_custkey)","Plans": [{"Node Type": "Seq Scan","Parent Relationship": "Outer","Parallel Aware": false,"Async Capable": false,"Relation Name": "orders","Alias": "orders","Startup Cost": 0.00,"Total Cost": 44845.00,"Plan Rows": 1499850,"Plan Width": 8,"Actual Startup Time": 0.065,"Actual Total Time": 2757.508,"Actual Rows": 1483622,"Actual Loops": 1,"Filter": "((o_comment)::text !~~ '%unusual%accounts%'::text)","Rows Removed by Filter": 16378},{"Node Type": "Hash","Parent Relationship": "Inner","Parallel Aware": false,"Async Capable": false,"Startup Cost": 3906.42,"Total Cost": 3906.42,"Plan Rows": 150000,"Plan Width": 4,"Actual Startup Time": 37.343,"Actual Total Time": 37.362,"Actual Rows": 150000,"Actual Loops": 1,"Hash Buckets": 262144,"Original Hash Buckets": 262144,"Hash Batches": 1,"Original Hash Batches": 1,"Peak Memory Usage": 7322,"Plans": [{"Node Type": "Index Only Scan","Parent Relationship": "Outer","Parallel Aware": false,"Async Capable": false,"Scan Direction": "Forward","Index Name": "customer_pkey","Relation Name": "customer","Alias": "customer","Startup Cost": 0.42,"Total Cost": 3906.42,"Plan Rows": 150000,"Plan Width": 4,"Actual Startup Time": 0.036,"Actual Total Time": 14.472,"Actual Rows": 150000,"Actual Loops": 1,"Heap Fetches": 0}]}]}]}]}]},"Planning Time": 4.331,"Triggers": [],"Execution Time": 6056.690}]
[{"Plan": {"Node Type": "Sort","Parallel Aware": false,"Async Capable": false,"Startup Cost": 65822.53,"Total Cost": 65823.03,"Plan Rows": 200,"Plan Width": 16,"Actual Startup Time": 6096.807,"Actual Total Time": 6096.851,"Actual Rows": 42,"Actual Loops": 1,"Sort Key": ["(count(*)) DESC", "(count(orders.o_orderkey)) DESC"],"Sort Method": "quicksort","Sort Space Used": 27,"Sort Space Type": "Memory","Plans": [{"Node Type": "Aggregate","Strategy": "Hashed","Partial Mode": "Simple","Parent Relationship": "Outer","Parallel Aware": false,"Async Capable": false,"Startup Cost": 65812.89,"Total Cost": 65814.89,"Plan Rows": 200,"Plan Width": 16,"Actual Startup Time": 6096.707,"Actual Total Time": 6096.758,"Actual Rows": 42,"Actual Loops": 1,"Group Key": ["count(orders.o_orderkey)"],"Planned Partitions": 0,"HashAgg Batches": 1,"Peak Memory Usage": 40,"Disk Usage": 0,"Plans": [{"Node Type": "Aggregate","Strategy": "Hashed","Partial Mode": "Simple","Parent Relationship": "Outer","Parallel Aware": false,"Async Capable": false,"Startup Cost": 62062.89,"Total Cost": 63562.89,"Plan Rows": 150000,"Plan Width": 12,"Actual Startup Time": 5900.364,"Actual Total Time": 6082.949,"Actual Rows": 150000,"Actual Loops": 1,"Group Key": ["customer.c_custkey"],"Planned Partitions": 0,"HashAgg Batches": 1,"Peak Memory Usage": 22545,"Disk Usage": 0,"Plans": [{"Node Type": "Hash Join","Parent Relationship": "Outer","Parallel Aware": false,"Async Capable": false,"Join Type": "Right","Startup Cost": 5781.42,"Total Cost": 54563.64,"Plan Rows": 1499850,"Plan Width": 8,"Actual Startup Time": 38.105,"Actual Total Time": 4090.394,"Actual Rows": 1533835,"Actual Loops": 1,"Inner Unique": true,"Hash Cond": "(orders.o_custkey = customer.c_custkey)","Plans": [{"Node Type": "Seq Scan","Parent Relationship": "Outer","Parallel Aware": false,"Async Capable": false,"Relation Name": "orders","Alias": "orders","Startup Cost": 0.00,"Total Cost": 44845.00,"Plan Rows": 1499850,"Plan Width": 8,"Actual Startup Time": 0.059,"Actual Total Time": 2844.303,"Actual Rows": 1483831,"Actual Loops": 1,"Filter": "((o_comment)::text !~~ '%special%accounts%'::text)","Rows Removed by Filter": 16169},{"Node Type": "Hash","Parent Relationship": "Inner","Parallel Aware": false,"Async Capable": false,"Startup Cost": 3906.42,"Total Cost": 3906.42,"Plan Rows": 150000,"Plan Width": 4,"Actual Startup Time": 36.335,"Actual Total Time": 36.352,"Actual Rows": 150000,"Actual Loops": 1,"Hash Buckets": 262144,"Original Hash Buckets": 262144,"Hash Batches": 1,"Original Hash Batches": 1,"Peak Memory Usage": 7322,"Plans": [{"Node Type": "Index Only Scan","Parent Relationship": "Outer","Parallel Aware": false,"Async Capable": false,"Scan Direction": "Forward","Index Name": "customer_pkey","Relation Name": "customer","Alias": "customer","Startup Cost": 0.42,"Total Cost": 3906.42,"Plan Rows": 150000,"Plan Width": 4,"Actual Startup Time": 0.048,"Actual Total Time": 14.414,"Actual Rows": 150000,"Actual Loops": 1,"Heap Fetches": 0}]}]}]}]}]},"Planning Time": 3.409,"Triggers": [],"Execution Time": 6107.560}]
[{"Plan": {"Node Type": "Sort","Parallel Aware": false,"Async Capable": false,"Startup Cost": 65592.61,"Total Cost": 65593.11,"Plan Rows": 200,"Plan Width": 16,"Actual Startup Time": 6059.416,"Actual Total Time": 6059.459,"Actual Rows": 42,"Actual Loops": 1,"Sort Key": ["(count(*)) DESC", "(count(orders.o_orderkey)) DESC"],"Sort Method": "quicksort","Sort Space Used": 27,"Sort Space Type": "Memory","Plans": [{"Node Type": "Aggregate","Strategy": "Hashed","Partial Mode": "Simple","Parent Relationship": "Outer","Parallel Aware": false,"Async Capable": false,"Startup Cost": 65582.97,"Total Cost": 65584.97,"Plan Rows": 200,"Plan Width": 16,"Actual Startup Time": 6059.318,"Actual Total Time": 6059.369,"Actual Rows": 42,"Actual Loops": 1,"Group Key": ["count(orders.o_orderkey)"],"Planned Partitions": 0,"HashAgg Batches": 1,"Peak Memory Usage": 40,"Disk Usage": 0,"Plans": [{"Node Type": "Aggregate","Strategy": "Hashed","Partial Mode": "Simple","Parent Relationship": "Outer","Parallel Aware": false,"Async Capable": false,"Startup Cost": 61832.97,"Total Cost": 63332.97,"Plan Rows": 150000,"Plan Width": 12,"Actual Startup Time": 5864.158,"Actual Total Time": 6045.542,"Actual Rows": 150000,"Actual Loops": 1,"Group Key": ["customer.c_custkey"],"Planned Partitions": 0,"HashAgg Batches": 1,"Peak Memory Usage": 22545,"Disk Usage": 0,"Plans": [{"Node Type": "Hash Join","Parent Relationship": "Outer","Parallel Aware": false,"Async Capable": false,"Join Type": "Right","Startup Cost": 5781.42,"Total Cost": 54484.49,"Plan Rows": 1469697,"Plan Width": 8,"Actual Startup Time": 38.198,"Actual Total Time": 4061.016,"Actual Rows": 1533817,"Actual Loops": 1,"Inner Unique": true,"Hash Cond": "(orders.o_custkey = customer.c_custkey)","Plans": [{"Node Type": "Seq Scan","Parent Relationship": "Outer","Parallel Aware": false,"Async Capable": false,"Relation Name": "orders","Alias": "orders","Startup Cost": 0.00,"Total Cost": 44845.00,"Plan Rows": 1469697,"Plan Width": 8,"Actual Startup Time": 0.037,"Actual Total Time": 2812.366,"Actual Rows": 1483813,"Actual Loops": 1,"Filter": "((o_comment)::text !~~ '%unusual%requests%'::text)","Rows Removed by Filter": 16187},{"Node Type": "Hash","Parent Relationship": "Inner","Parallel Aware": false,"Async Capable": false,"Startup Cost": 3906.42,"Total Cost": 3906.42,"Plan Rows": 150000,"Plan Width": 4,"Actual Startup Time": 36.318,"Actual Total Time": 36.334,"Actual Rows": 150000,"Actual Loops": 1,"Hash Buckets": 262144,"Original Hash Buckets": 262144,"Hash Batches": 1,"Original Hash Batches": 1,"Peak Memory Usage": 7322,"Plans": [{"Node Type": "Index Only Scan","Parent Relationship": "Outer","Parallel Aware": false,"Async Capable": false,"Scan Direction": "Forward","Index Name": "customer_pkey","Relation Name": "customer","Alias": "customer","Startup Cost": 0.42,"Total Cost": 3906.42,"Plan Rows": 150000,"Plan Width": 4,"Actual Startup Time": 0.044,"Actual Total Time": 14.416,"Actual Rows": 150000,"Actual Loops": 1,"Heap Fetches": 0}]}]}]}]}]},"Planning Time": 3.526,"Triggers": [],"Execution Time": 6069.080}]
[{"Plan": {"Node Type": "Sort","Parallel Aware": false,"Async Capable": false,"Startup Cost": 65822.53,"Total Cost": 65823.03,"Plan Rows": 200,"Plan Width": 16,"Actual Startup Time": 6047.687,"Actual Total Time": 6047.735,"Actual Rows": 42,"Actual Loops": 1,"Sort Key": ["(count(*)) DESC", "(count(orders.o_orderkey)) DESC"],"Sort Method": "quicksort","Sort Space Used": 27,"Sort Space Type": "Memory","Plans": [{"Node Type": "Aggregate","Strategy": "Hashed","Partial Mode": "Simple","Parent Relationship": "Outer","Parallel Aware": false,"Async Capable": false,"Startup Cost": 65812.89,"Total Cost": 65814.89,"Plan Rows": 200,"Plan Width": 16,"Actual Startup Time": 6047.591,"Actual Total Time": 6047.643,"Actual Rows": 42,"Actual Loops": 1,"Group Key": ["count(orders.o_orderkey)"],"Planned Partitions": 0,"HashAgg Batches": 1,"Peak Memory Usage": 40,"Disk Usage": 0,"Plans": [{"Node Type": "Aggregate","Strategy": "Hashed","Partial Mode": "Simple","Parent Relationship": "Outer","Parallel Aware": false,"Async Capable": false,"Startup Cost": 62062.89,"Total Cost": 63562.89,"Plan Rows": 150000,"Plan Width": 12,"Actual Startup Time": 5868.600,"Actual Total Time": 6033.866,"Actual Rows": 150000,"Actual Loops": 1,"Group Key": ["customer.c_custkey"],"Planned Partitions": 0,"HashAgg Batches": 1,"Peak Memory Usage": 22545,"Disk Usage": 0,"Plans": [{"Node Type": "Hash Join","Parent Relationship": "Outer","Parallel Aware": false,"Async Capable": false,"Join Type": "Right","Startup Cost": 5781.42,"Total Cost": 54563.64,"Plan Rows": 1499850,"Plan Width": 8,"Actual Startup Time": 39.168,"Actual Total Time": 4010.851,"Actual Rows": 1533626,"Actual Loops": 1,"Inner Unique": true,"Hash Cond": "(orders.o_custkey = customer.c_custkey)","Plans": [{"Node Type": "Seq Scan","Parent Relationship": "Outer","Parallel Aware": false,"Async Capable": false,"Relation Name": "orders","Alias": "orders","Startup Cost": 0.00,"Total Cost": 44845.00,"Plan Rows": 1499850,"Plan Width": 8,"Actual Startup Time": 0.065,"Actual Total Time": 2757.508,"Actual Rows": 1483622,"Actual Loops": 1,"Filter": "((o_comment)::text !~~ '%unusual%accounts%'::text)","Rows Removed by Filter": 16378},{"Node Type": "Hash","Parent Relationship": "Inner","Parallel Aware": false,"Async Capable": false,"Startup Cost": 3906.42,"Total Cost": 3906.42,"Plan Rows": 150000,"Plan Width": 4,"Actual Startup Time": 37.343,"Actual Total Time": 37.362,"Actual Rows": 150000,"Actual Loops": 1,"Hash Buckets": 262144,"Original Hash Buckets": 262144,"Hash Batches": 1,"Original Hash Batches": 1,"Peak Memory Usage": 7322,"Plans": [{"Node Type": "Index Only Scan","Parent Relationship": "Outer","Parallel Aware": false,"Async Capable": false,"Scan Direction": "Forward","Index Name": "customer_pkey","Relation Name": "customer","Alias": "customer","Startup Cost": 0.42,"Total Cost": 3906.42,"Plan Rows": 150000,"Plan Width": 4,"Actual Startup Time": 0.036,"Actual Total Time": 14.472,"Actual Rows": 150000,"Actual Loops": 1,"Heap Fetches": 0}]}]}]}]}]},"Planning Time": 4.331,"Triggers": [],"Execution Time": 6056.690}]
[{"Plan": {"Node Type": "Sort","Parallel Aware": false,"Async Capable": false,"Startup Cost": 65822.53,"Total Cost": 65823.03,"Plan Rows": 200,"Plan Width": 16,"Actual Startup Time": 6101.280,"Actual Total Time": 6101.314,"Actual Rows": 42,"Actual Loops": 1,"Sort Key": ["(count(*)) DESC", "(count(orders.o_orderkey)) DESC"],"Sort Method": "quicksort","Sort Space Used": 27,"Sort Space Type": "Memory","Plans": [{"Node Type": "Aggregate","Strategy": "Hashed","Partial Mode": "Simple","Parent Relationship": "Outer","Parallel Aware": false,"Async Capable": false,"Startup Cost": 65812.89,"Total Cost": 65814.89,"Plan Rows": 200,"Plan Width": 16,"Actual Startup Time": 6101.184,"Actual Total Time": 6101.232,"Actual Rows": 42,"Actual Loops": 1,"Group Key": ["count(orders.o_orderkey)"],"Planned Partitions": 0,"HashAgg Batches": 1,"Peak Memory Usage": 40,"Disk Usage": 0,"Plans": [{"Node Type": "Aggregate","Strategy": "Hashed","Partial Mode": "Simple","Parent Relationship": "Outer","Parallel Aware": false,"Async Capable": false,"Startup Cost": 62062.89,"Total Cost": 63562.89,"Plan Rows": 150000,"Plan Width": 12,"Actual Startup Time": 5921.162,"Actual Total Time": 6087.400,"Actual Rows": 150000,"Actual Loops": 1,"Group Key": ["customer.c_custkey"],"Planned Partitions": 0,"HashAgg Batches": 1,"Peak Memory Usage": 22545,"Disk Usage": 0,"Plans": [{"Node Type": "Hash Join","Parent Relationship": "Outer","Parallel Aware": false,"Async Capable": false,"Join Type": "Right","Startup Cost": 5781.42,"Total Cost": 54563.64,"Plan Rows": 1499850,"Plan Width": 8,"Actual Startup Time": 39.228,"Actual Total Time": 4074.723,"Actual Rows": 1533808,"Actual Loops": 1,"Inner Unique": true,"Hash Cond": "(orders.o_custkey = customer.c_custkey)","Plans": [{"Node Type": "Seq Scan","Parent Relationship": "Outer","Parallel Aware": false,"Async Capable": false,"Relation Name": "orders","Alias": "orders","Startup Cost": 0.00,"Total Cost": 44845.00,"Plan Rows": 1499850,"Plan Width": 8,"Actual Startup Time": 0.056,"Actual Total Time": 2834.984,"Actual Rows": 1483804,"Actual Loops": 1,"Filter": "((o_comment)::text !~~ '%special%deposits%'::text)","Rows Removed by Filter": 16196},{"Node Type": "Hash","Parent Relationship": "Inner","Parallel Aware": false,"Async Capable": false,"Startup Cost": 3906.42,"Total Cost": 3906.42,"Plan Rows": 150000,"Plan Width": 4,"Actual Startup Time": 37.438,"Actual Total Time": 37.451,"Actual Rows": 150000,"Actual Loops": 1,"Hash Buckets": 262144,"Original Hash Buckets": 262144,"Hash Batches": 1,"Original Hash Batches": 1,"Peak Memory Usage": 7322,"Plans": [{"Node Type": "Index Only Scan","Parent Relationship": "Outer","Parallel Aware": false,"Async Capable": false,"Scan Direction": "Forward","Index Name": "customer_pkey","Relation Name": "customer","Alias": "customer","Startup Cost": 0.42,"Total Cost": 3906.42,"Plan Rows": 150000,"Plan Width": 4,"Actual Startup Time": 0.049,"Actual Total Time": 14.639,"Actual Rows": 150000,"Actual Loops": 1,"Heap Fetches": 0}]}]}]}]}]},"Planning Time": 3.971,"Triggers": [],"Execution Time": 6110.955}]
[{"Plan": {"Node Type": "Sort","Parallel Aware": false,"Async Capable": false,"Startup Cost": 65592.61,"Total Cost": 65593.11,"Plan Rows": 200,"Plan Width": 16,"Actual Startup Time": 6147.348,"Actual Total Time": 6147.387,"Actual Rows": 42,"Actual Loops": 1,"Sort Key": ["(count(*)) DESC", "(count(orders.o_orderkey)) DESC"],"Sort Method": "quicksort","Sort Space Used": 27,"Sort Space Type": "Memory","Plans": [{"Node Type": "Aggregate","Strategy": "Hashed","Partial Mode": "Simple","Parent Relationship": "Outer","Parallel Aware": false,"Async Capable": false,"Startup Cost": 65582.97,"Total Cost": 65584.97,"Plan Rows": 200,"Plan Width": 16,"Actual Startup Time": 6147.247,"Actual Total Time": 6147.296,"Actual Rows": 42,"Actual Loops": 1,"Group Key": ["count(orders.o_orderkey)"],"Planned Partitions": 0,"HashAgg Batches": 1,"Peak Memory Usage": 40,"Disk Usage": 0,"Plans": [{"Node Type": "Aggregate","Strategy": "Hashed","Partial Mode": "Simple","Parent Relationship": "Outer","Parallel Aware": false,"Async Capable": false,"Startup Cost": 61832.97,"Total Cost": 63332.97,"Plan Rows": 150000,"Plan Width": 12,"Actual Startup Time": 5968.961,"Actual Total Time": 6133.532,"Actual Rows": 150000,"Actual Loops": 1,"Group Key": ["customer.c_custkey"],"Planned Partitions": 0,"HashAgg Batches": 1,"Peak Memory Usage": 22545,"Disk Usage": 0,"Plans": [{"Node Type": "Hash Join","Parent Relationship": "Outer","Parallel Aware": false,"Async Capable": false,"Join Type": "Right","Startup Cost": 5781.42,"Total Cost": 54484.49,"Plan Rows": 1469697,"Plan Width": 8,"Actual Startup Time": 38.076,"Actual Total Time": 4114.998,"Actual Rows": 1533945,"Actual Loops": 1,"Inner Unique": true,"Hash Cond": "(orders.o_custkey = customer.c_custkey)","Plans": [{"Node Type": "Seq Scan","Parent Relationship": "Outer","Parallel Aware": false,"Async Capable": false,"Relation Name": "orders","Alias": "orders","Startup Cost": 0.00,"Total Cost": 44845.00,"Plan Rows": 1469697,"Plan Width": 8,"Actual Startup Time": 0.049,"Actual Total Time": 2844.878,"Actual Rows": 1483941,"Actual Loops": 1,"Filter": "((o_comment)::text !~~ '%express%packages%'::text)","Rows Removed by Filter": 16059},{"Node Type": "Hash","Parent Relationship": "Inner","Parallel Aware": false,"Async Capable": false,"Startup Cost": 3906.42,"Total Cost": 3906.42,"Plan Rows": 150000,"Plan Width": 4,"Actual Startup Time": 36.257,"Actual Total Time": 36.268,"Actual Rows": 150000,"Actual Loops": 1,"Hash Buckets": 262144,"Original Hash Buckets": 262144,"Hash Batches": 1,"Original Hash Batches": 1,"Peak Memory Usage": 7322,"Plans": [{"Node Type": "Index Only Scan","Parent Relationship": "Outer","Parallel Aware": false,"Async Capable": false,"Scan Direction": "Forward","Index Name": "customer_pkey","Relation Name": "customer","Alias": "customer","Startup Cost": 0.42,"Total Cost": 3906.42,"Plan Rows": 150000,"Plan Width": 4,"Actual Startup Time": 0.063,"Actual Total Time": 14.588,"Actual Rows": 150000,"Actual Loops": 1,"Heap Fetches": 0}]}]}]}]}]},"Planning Time": 3.934,"Triggers": [],"Execution Time": 6155.513}]
[{"Plan": {"Node Type": "Sort","Parallel Aware": false,"Async Capable": false,"Startup Cost": 65592.61,"Total Cost": 65593.11,"Plan Rows": 200,"Plan Width": 16,"Actual Startup Time": 6042.914,"Actual Total Time": 6042.954,"Actual Rows": 42,"Actual Loops": 1,"Sort Key": ["(count(*)) DESC", "(count(orders.o_orderkey)) DESC"],"Sort Method": "quicksort","Sort Space Used": 27,"Sort Space Type": "Memory","Plans": [{"Node Type": "Aggregate","Strategy": "Hashed","Partial Mode": "Simple","Parent Relationship": "Outer","Parallel Aware": false,"Async Capable": false,"Startup Cost": 65582.97,"Total Cost": 65584.97,"Plan Rows": 200,"Plan Width": 16,"Actual Startup Time": 6042.802,"Actual Total Time": 6042.854,"Actual Rows": 42,"Actual Loops": 1,"Group Key": ["count(orders.o_orderkey)"],"Planned Partitions": 0,"HashAgg Batches": 1,"Peak Memory Usage": 40,"Disk Usage": 0,"Plans": [{"Node Type": "Aggregate","Strategy": "Hashed","Partial Mode": "Simple","Parent Relationship": "Outer","Parallel Aware": false,"Async Capable": false,"Startup Cost": 61832.97,"Total Cost": 63332.97,"Plan Rows": 150000,"Plan Width": 12,"Actual Startup Time": 5848.968,"Actual Total Time": 6029.049,"Actual Rows": 150000,"Actual Loops": 1,"Group Key": ["customer.c_custkey"],"Planned Partitions": 0,"HashAgg Batches": 1,"Peak Memory Usage": 22545,"Disk Usage": 0,"Plans": [{"Node Type": "Hash Join","Parent Relationship": "Outer","Parallel Aware": false,"Async Capable": false,"Join Type": "Right","Startup Cost": 5781.42,"Total Cost": 54484.49,"Plan Rows": 1469697,"Plan Width": 8,"Actual Startup Time": 38.540,"Actual Total Time": 4039.691,"Actual Rows": 1534055,"Actual Loops": 1,"Inner Unique": true,"Hash Cond": "(orders.o_custkey = customer.c_custkey)","Plans": [{"Node Type": "Seq Scan","Parent Relationship": "Outer","Parallel Aware": false,"Async Capable": false,"Relation Name": "orders","Alias": "orders","Startup Cost": 0.00,"Total Cost": 44845.00,"Plan Rows": 1469697,"Plan Width": 8,"Actual Startup Time": 0.061,"Actual Total Time": 2797.159,"Actual Rows": 1484051,"Actual Loops": 1,"Filter": "((o_comment)::text !~~ '%special%packages%'::text)","Rows Removed by Filter": 15949},{"Node Type": "Hash","Parent Relationship": "Inner","Parallel Aware": false,"Async Capable": false,"Startup Cost": 3906.42,"Total Cost": 3906.42,"Plan Rows": 150000,"Plan Width": 4,"Actual Startup Time": 36.593,"Actual Total Time": 36.607,"Actual Rows": 150000,"Actual Loops": 1,"Hash Buckets": 262144,"Original Hash Buckets": 262144,"Hash Batches": 1,"Original Hash Batches": 1,"Peak Memory Usage": 7322,"Plans": [{"Node Type": "Index Only Scan","Parent Relationship": "Outer","Parallel Aware": false,"Async Capable": false,"Scan Direction": "Forward","Index Name": "customer_pkey","Relation Name": "customer","Alias": "customer","Startup Cost": 0.42,"Total Cost": 3906.42,"Plan Rows": 150000,"Plan Width": 4,"Actual Startup Time": 0.050,"Actual Total Time": 14.573,"Actual Rows": 150000,"Actual Loops": 1,"Heap Fetches": 0}]}]}]}]}]},"Planning Time": 3.383,"Triggers": [],"Execution Time": 6052.793}]
[{"Plan": {"Node Type": "Sort","Parallel Aware": false,"Async Capable": false,"Startup Cost": 65708.14,"Total Cost": 65708.64,"Plan Rows": 200,"Plan Width": 16,"Actual Startup Time": 6009.895,"Actual Total Time": 6009.932,"Actual Rows": 42,"Actual Loops": 1,"Sort Key": ["(count(*)) DESC", "(count(orders.o_orderkey)) DESC"],"Sort Method": "quicksort","Sort Space Used": 27,"Sort Space Type": "Memory","Plans": [{"Node Type": "Aggregate","Strategy": "Hashed","Partial Mode": "Simple","Parent Relationship": "Outer","Parallel Aware": false,"Async Capable": false,"Startup Cost": 65698.50,"Total Cost": 65700.50,"Plan Rows": 200,"Plan Width": 16,"Actual Startup Time": 6009.807,"Actual Total Time": 6009.848,"Actual Rows": 42,"Actual Loops": 1,"Group Key": ["count(orders.o_orderkey)"],"Planned Partitions": 0,"HashAgg Batches": 1,"Peak Memory Usage": 40,"Disk Usage": 0,"Plans": [{"Node Type": "Aggregate","Strategy": "Hashed","Partial Mode": "Simple","Parent Relationship": "Outer","Parallel Aware": false,"Async Capable": false,"Startup Cost": 61948.50,"Total Cost": 63448.50,"Plan Rows": 150000,"Plan Width": 12,"Actual Startup Time": 5831.373,"Actual Total Time": 5996.054,"Actual Rows": 150000,"Actual Loops": 1,"Group Key": ["customer.c_custkey"],"Planned Partitions": 0,"HashAgg Batches": 1,"Peak Memory Usage": 22545,"Disk Usage": 0,"Plans": [{"Node Type": "Hash Join","Parent Relationship": "Outer","Parallel Aware": false,"Async Capable": false,"Join Type": "Right","Startup Cost": 5781.42,"Total Cost": 54524.26,"Plan Rows": 1484848,"Plan Width": 8,"Actual Startup Time": 39.338,"Actual Total Time": 3994.258,"Actual Rows": 1533903,"Actual Loops": 1,"Inner Unique": true,"Hash Cond": "(orders.o_custkey = customer.c_custkey)","Plans": [{"Node Type": "Seq Scan","Parent Relationship": "Outer","Parallel Aware": false,"Async Capable": false,"Relation Name": "orders","Alias": "orders","Startup Cost": 0.00,"Total Cost": 44845.00,"Plan Rows": 1484848,"Plan Width": 8,"Actual Startup Time": 0.067,"Actual Total Time": 2735.690,"Actual Rows": 1483898,"Actual Loops": 1,"Filter": "((o_comment)::text !~~ '%pending%packages%'::text)","Rows Removed by Filter": 16102},{"Node Type": "Hash","Parent Relationship": "Inner","Parallel Aware": false,"Async Capable": false,"Startup Cost": 3906.42,"Total Cost": 3906.42,"Plan Rows": 150000,"Plan Width": 4,"Actual Startup Time": 37.449,"Actual Total Time": 37.461,"Actual Rows": 150000,"Actual Loops": 1,"Hash Buckets": 262144,"Original Hash Buckets": 262144,"Hash Batches": 1,"Original Hash Batches": 1,"Peak Memory Usage": 7322,"Plans": [{"Node Type": "Index Only Scan","Parent Relationship": "Outer","Parallel Aware": false,"Async Capable": false,"Scan Direction": "Forward","Index Name": "customer_pkey","Relation Name": "customer","Alias": "customer","Startup Cost": 0.42,"Total Cost": 3906.42,"Plan Rows": 150000,"Plan Width": 4,"Actual Startup Time": 0.047,"Actual Total Time": 14.301,"Actual Rows": 150000,"Actual Loops": 1,"Heap Fetches": 0}]}]}]}]}]},"Planning Time": 4.405,"Triggers": [],"Execution Time": 6018.249}]
[{"Plan": {"Node Type": "Sort","Parallel Aware": false,"Async Capable": false,"Startup Cost": 65592.61,"Total Cost": 65593.11,"Plan Rows": 200,"Plan Width": 16,"Actual Startup Time": 6059.416,"Actual Total Time": 6059.459,"Actual Rows": 42,"Actual Loops": 1,"Sort Key": ["(count(*)) DESC", "(count(orders.o_orderkey)) DESC"],"Sort Method": "quicksort","Sort Space Used": 27,"Sort Space Type": "Memory","Plans": [{"Node Type": "Aggregate","Strategy": "Hashed","Partial Mode": "Simple","Parent Relationship": "Outer","Parallel Aware": false,"Async Capable": false,"Startup Cost": 65582.97,"Total Cost": 65584.97,"Plan Rows": 200,"Plan Width": 16,"Actual Startup Time": 6059.318,"Actual Total Time": 6059.369,"Actual Rows": 42,"Actual Loops": 1,"Group Key": ["count(orders.o_orderkey)"],"Planned Partitions": 0,"HashAgg Batches": 1,"Peak Memory Usage": 40,"Disk Usage": 0,"Plans": [{"Node Type": "Aggregate","Strategy": "Hashed","Partial Mode": "Simple","Parent Relationship": "Outer","Parallel Aware": false,"Async Capable": false,"Startup Cost": 61832.97,"Total Cost": 63332.97,"Plan Rows": 150000,"Plan Width": 12,"Actual Startup Time": 5864.158,"Actual Total Time": 6045.542,"Actual Rows": 150000,"Actual Loops": 1,"Group Key": ["customer.c_custkey"],"Planned Partitions": 0,"HashAgg Batches": 1,"Peak Memory Usage": 22545,"Disk Usage": 0,"Plans": [{"Node Type": "Hash Join","Parent Relationship": "Outer","Parallel Aware": false,"Async Capable": false,"Join Type": "Right","Startup Cost": 5781.42,"Total Cost": 54484.49,"Plan Rows": 1469697,"Plan Width": 8,"Actual Startup Time": 38.198,"Actual Total Time": 4061.016,"Actual Rows": 1533817,"Actual Loops": 1,"Inner Unique": true,"Hash Cond": "(orders.o_custkey = customer.c_custkey)","Plans": [{"Node Type": "Seq Scan","Parent Relationship": "Outer","Parallel Aware": false,"Async Capable": false,"Relation Name": "orders","Alias": "orders","Startup Cost": 0.00,"Total Cost": 44845.00,"Plan Rows": 1469697,"Plan Width": 8,"Actual Startup Time": 0.037,"Actual Total Time": 2812.366,"Actual Rows": 1483813,"Actual Loops": 1,"Filter": "((o_comment)::text !~~ '%unusual%requests%'::text)","Rows Removed by Filter": 16187},{"Node Type": "Hash","Parent Relationship": "Inner","Parallel Aware": false,"Async Capable": false,"Startup Cost": 3906.42,"Total Cost": 3906.42,"Plan Rows": 150000,"Plan Width": 4,"Actual Startup Time": 36.318,"Actual Total Time": 36.334,"Actual Rows": 150000,"Actual Loops": 1,"Hash Buckets": 262144,"Original Hash Buckets": 262144,"Hash Batches": 1,"Original Hash Batches": 1,"Peak Memory Usage": 7322,"Plans": [{"Node Type": "Index Only Scan","Parent Relationship": "Outer","Parallel Aware": false,"Async Capable": false,"Scan Direction": "Forward","Index Name": "customer_pkey","Relation Name": "customer","Alias": "customer","Startup Cost": 0.42,"Total Cost": 3906.42,"Plan Rows": 150000,"Plan Width": 4,"Actual Startup Time": 0.044,"Actual Total Time": 14.416,"Actual Rows": 150000,"Actual Loops": 1,"Heap Fetches": 0}]}]}]}]}]},"Planning Time": 3.526,"Triggers": [],"Execution Time": 6069.080}]
[{"Plan": {"Node Type": "Sort","Parallel Aware": false,"Async Capable": false,"Startup Cost": 65477.08,"Total Cost": 65477.58,"Plan Rows": 200,"Plan Width": 16,"Actual Startup Time": 6131.456,"Actual Total Time": 6131.495,"Actual Rows": 42,"Actual Loops": 1,"Sort Key": ["(count(*)) DESC", "(count(orders.o_orderkey)) DESC"],"Sort Method": "quicksort","Sort Space Used": 27,"Sort Space Type": "Memory","Plans": [{"Node Type": "Aggregate","Strategy": "Hashed","Partial Mode": "Simple","Parent Relationship": "Outer","Parallel Aware": false,"Async Capable": false,"Startup Cost": 65467.44,"Total Cost": 65469.44,"Plan Rows": 200,"Plan Width": 16,"Actual Startup Time": 6131.350,"Actual Total Time": 6131.398,"Actual Rows": 42,"Actual Loops": 1,"Group Key": ["count(orders.o_orderkey)"],"Planned Partitions": 0,"HashAgg Batches": 1,"Peak Memory Usage": 40,"Disk Usage": 0,"Plans": [{"Node Type": "Aggregate","Strategy": "Hashed","Partial Mode": "Simple","Parent Relationship": "Outer","Parallel Aware": false,"Async Capable": false,"Startup Cost": 61717.44,"Total Cost": 63217.44,"Plan Rows": 150000,"Plan Width": 12,"Actual Startup Time": 5953.045,"Actual Total Time": 6117.615,"Actual Rows": 150000,"Actual Loops": 1,"Group Key": ["customer.c_custkey"],"Planned Partitions": 0,"HashAgg Batches": 1,"Peak Memory Usage": 22545,"Disk Usage": 0,"Plans": [{"Node Type": "Hash Join","Parent Relationship": "Outer","Parallel Aware": false,"Async Capable": false,"Join Type": "Right","Startup Cost": 5781.42,"Total Cost": 54444.71,"Plan Rows": 1454545,"Plan Width": 8,"Actual Startup Time": 38.590,"Actual Total Time": 4109.614,"Actual Rows": 1533923,"Actual Loops": 1,"Inner Unique": true,"Hash Cond": "(orders.o_custkey = customer.c_custkey)","Plans": [{"Node Type": "Seq Scan","Parent Relationship": "Outer","Parallel Aware": false,"Async Capable": false,"Relation Name": "orders","Alias": "orders","Startup Cost": 0.00,"Total Cost": 44845.00,"Plan Rows": 1454545,"Plan Width": 8,"Actual Startup Time": 0.061,"Actual Total Time": 2840.022,"Actual Rows": 1483918,"Actual Loops": 1,"Filter": "((o_comment)::text !~~ '%special%requests%'::text)","Rows Removed by Filter": 16082},{"Node Type": "Hash","Parent Relationship": "Inner","Parallel Aware": false,"Async Capable": false,"Startup Cost": 3906.42,"Total Cost": 3906.42,"Plan Rows": 150000,"Plan Width": 4,"Actual Startup Time": 36.739,"Actual Total Time": 36.756,"Actual Rows": 150000,"Actual Loops": 1,"Hash Buckets": 262144,"Original Hash Buckets": 262144,"Hash Batches": 1,"Original Hash Batches": 1,"Peak Memory Usage": 7322,"Plans": [{"Node Type": "Index Only Scan","Parent Relationship": "Outer","Parallel Aware": false,"Async Capable": false,"Scan Direction": "Forward","Index Name": "customer_pkey","Relation Name": "customer","Alias": "customer","Startup Cost": 0.42,"Total Cost": 3906.42,"Plan Rows": 150000,"Plan Width": 4,"Actual Startup Time": 0.061,"Actual Total Time": 14.504,"Actual Rows": 150000,"Actual Loops": 1,"Heap Fetches": 0}]}]}]}]}]},"Planning Time": 3.536,"Triggers": [],"Execution Time": 6139.749}]
[{"Plan": {"Node Type": "Sort","Parallel Aware": false,"Async Capable": false,"Startup Cost": 65592.61,"Total Cost": 65593.11,"Plan Rows": 200,"Plan Width": 16,"Actual Startup Time": 6042.914,"Actual Total Time": 6042.954,"Actual Rows": 42,"Actual Loops": 1,"Sort Key": ["(count(*)) DESC", "(count(orders.o_orderkey)) DESC"],"Sort Method": "quicksort","Sort Space Used": 27,"Sort Space Type": "Memory","Plans": [{"Node Type": "Aggregate","Strategy": "Hashed","Partial Mode": "Simple","Parent Relationship": "Outer","Parallel Aware": false,"Async Capable": false,"Startup Cost": 65582.97,"Total Cost": 65584.97,"Plan Rows": 200,"Plan Width": 16,"Actual Startup Time": 6042.802,"Actual Total Time": 6042.854,"Actual Rows": 42,"Actual Loops": 1,"Group Key": ["count(orders.o_orderkey)"],"Planned Partitions": 0,"HashAgg Batches": 1,"Peak Memory Usage": 40,"Disk Usage": 0,"Plans": [{"Node Type": "Aggregate","Strategy": "Hashed","Partial Mode": "Simple","Parent Relationship": "Outer","Parallel Aware": false,"Async Capable": false,"Startup Cost": 61832.97,"Total Cost": 63332.97,"Plan Rows": 150000,"Plan Width": 12,"Actual Startup Time": 5848.968,"Actual Total Time": 6029.049,"Actual Rows": 150000,"Actual Loops": 1,"Group Key": ["customer.c_custkey"],"Planned Partitions": 0,"HashAgg Batches": 1,"Peak Memory Usage": 22545,"Disk Usage": 0,"Plans": [{"Node Type": "Hash Join","Parent Relationship": "Outer","Parallel Aware": false,"Async Capable": false,"Join Type": "Right","Startup Cost": 5781.42,"Total Cost": 54484.49,"Plan Rows": 1469697,"Plan Width": 8,"Actual Startup Time": 38.540,"Actual Total Time": 4039.691,"Actual Rows": 1534055,"Actual Loops": 1,"Inner Unique": true,"Hash Cond": "(orders.o_custkey = customer.c_custkey)","Plans": [{"Node Type": "Seq Scan","Parent Relationship": "Outer","Parallel Aware": false,"Async Capable": false,"Relation Name": "orders","Alias": "orders","Startup Cost": 0.00,"Total Cost": 44845.00,"Plan Rows": 1469697,"Plan Width": 8,"Actual Startup Time": 0.061,"Actual Total Time": 2797.159,"Actual Rows": 1484051,"Actual Loops": 1,"Filter": "((o_comment)::text !~~ '%special%packages%'::text)","Rows Removed by Filter": 15949},{"Node Type": "Hash","Parent Relationship": "Inner","Parallel Aware": false,"Async Capable": false,"Startup Cost": 3906.42,"Total Cost": 3906.42,"Plan Rows": 150000,"Plan Width": 4,"Actual Startup Time": 36.593,"Actual Total Time": 36.607,"Actual Rows": 150000,"Actual Loops": 1,"Hash Buckets": 262144,"Original Hash Buckets": 262144,"Hash Batches": 1,"Original Hash Batches": 1,"Peak Memory Usage": 7322,"Plans": [{"Node Type": "Index Only Scan","Parent Relationship": "Outer","Parallel Aware": false,"Async Capable": false,"Scan Direction": "Forward","Index Name": "customer_pkey","Relation Name": "customer","Alias": "customer","Startup Cost": 0.42,"Total Cost": 3906.42,"Plan Rows": 150000,"Plan Width": 4,"Actual Startup Time": 0.050,"Actual Total Time": 14.573,"Actual Rows": 150000,"Actual Loops": 1,"Heap Fetches": 0}]}]}]}]}]},"Planning Time": 3.383,"Triggers": [],"Execution Time": 6052.793}]
[{"Plan": {"Node Type": "Sort","Parallel Aware": false,"Async Capable": false,"Startup Cost": 65477.08,"Total Cost": 65477.58,"Plan Rows": 200,"Plan Width": 16,"Actual Startup Time": 6131.456,"Actual Total Time": 6131.495,"Actual Rows": 42,"Actual Loops": 1,"Sort Key": ["(count(*)) DESC", "(count(orders.o_orderkey)) DESC"],"Sort Method": "quicksort","Sort Space Used": 27,"Sort Space Type": "Memory","Plans": [{"Node Type": "Aggregate","Strategy": "Hashed","Partial Mode": "Simple","Parent Relationship": "Outer","Parallel Aware": false,"Async Capable": false,"Startup Cost": 65467.44,"Total Cost": 65469.44,"Plan Rows": 200,"Plan Width": 16,"Actual Startup Time": 6131.350,"Actual Total Time": 6131.398,"Actual Rows": 42,"Actual Loops": 1,"Group Key": ["count(orders.o_orderkey)"],"Planned Partitions": 0,"HashAgg Batches": 1,"Peak Memory Usage": 40,"Disk Usage": 0,"Plans": [{"Node Type": "Aggregate","Strategy": "Hashed","Partial Mode": "Simple","Parent Relationship": "Outer","Parallel Aware": false,"Async Capable": false,"Startup Cost": 61717.44,"Total Cost": 63217.44,"Plan Rows": 150000,"Plan Width": 12,"Actual Startup Time": 5953.045,"Actual Total Time": 6117.615,"Actual Rows": 150000,"Actual Loops": 1,"Group Key": ["customer.c_custkey"],"Planned Partitions": 0,"HashAgg Batches": 1,"Peak Memory Usage": 22545,"Disk Usage": 0,"Plans": [{"Node Type": "Hash Join","Parent Relationship": "Outer","Parallel Aware": false,"Async Capable": false,"Join Type": "Right","Startup Cost": 5781.42,"Total Cost": 54444.71,"Plan Rows": 1454545,"Plan Width": 8,"Actual Startup Time": 38.590,"Actual Total Time": 4109.614,"Actual Rows": 1533923,"Actual Loops": 1,"Inner Unique": true,"Hash Cond": "(orders.o_custkey = customer.c_custkey)","Plans": [{"Node Type": "Seq Scan","Parent Relationship": "Outer","Parallel Aware": false,"Async Capable": false,"Relation Name": "orders","Alias": "orders","Startup Cost": 0.00,"Total Cost": 44845.00,"Plan Rows": 1454545,"Plan Width": 8,"Actual Startup Time": 0.061,"Actual Total Time": 2840.022,"Actual Rows": 1483918,"Actual Loops": 1,"Filter": "((o_comment)::text !~~ '%special%requests%'::text)","Rows Removed by Filter": 16082},{"Node Type": "Hash","Parent Relationship": "Inner","Parallel Aware": false,"Async Capable": false,"Startup Cost": 3906.42,"Total Cost": 3906.42,"Plan Rows": 150000,"Plan Width": 4,"Actual Startup Time": 36.739,"Actual Total Time": 36.756,"Actual Rows": 150000,"Actual Loops": 1,"Hash Buckets": 262144,"Original Hash Buckets": 262144,"Hash Batches": 1,"Original Hash Batches": 1,"Peak Memory Usage": 7322,"Plans": [{"Node Type": "Index Only Scan","Parent Relationship": "Outer","Parallel Aware": false,"Async Capable": false,"Scan Direction": "Forward","Index Name": "customer_pkey","Relation Name": "customer","Alias": "customer","Startup Cost": 0.42,"Total Cost": 3906.42,"Plan Rows": 150000,"Plan Width": 4,"Actual Startup Time": 0.061,"Actual Total Time": 14.504,"Actual Rows": 150000,"Actual Loops": 1,"Heap Fetches": 0}]}]}]}]}]},"Planning Time": 3.536,"Triggers": [],"Execution Time": 6139.749}]
[{"Plan": {"Node Type": "Sort","Parallel Aware": false,"Async Capable": false,"Startup Cost": 65822.53,"Total Cost": 65823.03,"Plan Rows": 200,"Plan Width": 16,"Actual Startup Time": 5956.637,"Actual Total Time": 5956.675,"Actual Rows": 42,"Actual Loops": 1,"Sort Key": ["(count(*)) DESC", "(count(orders.o_orderkey)) DESC"],"Sort Method": "quicksort","Sort Space Used": 27,"Sort Space Type": "Memory","Plans": [{"Node Type": "Aggregate","Strategy": "Hashed","Partial Mode": "Simple","Parent Relationship": "Outer","Parallel Aware": false,"Async Capable": false,"Startup Cost": 65812.89,"Total Cost": 65814.89,"Plan Rows": 200,"Plan Width": 16,"Actual Startup Time": 5956.548,"Actual Total Time": 5956.590,"Actual Rows": 42,"Actual Loops": 1,"Group Key": ["count(orders.o_orderkey)"],"Planned Partitions": 0,"HashAgg Batches": 1,"Peak Memory Usage": 40,"Disk Usage": 0,"Plans": [{"Node Type": "Aggregate","Strategy": "Hashed","Partial Mode": "Simple","Parent Relationship": "Outer","Parallel Aware": false,"Async Capable": false,"Startup Cost": 62062.89,"Total Cost": 63562.89,"Plan Rows": 150000,"Plan Width": 12,"Actual Startup Time": 5763.184,"Actual Total Time": 5942.838,"Actual Rows": 150000,"Actual Loops": 1,"Group Key": ["customer.c_custkey"],"Planned Partitions": 0,"HashAgg Batches": 1,"Peak Memory Usage": 22545,"Disk Usage": 0,"Plans": [{"Node Type": "Hash Join","Parent Relationship": "Outer","Parallel Aware": false,"Async Capable": false,"Join Type": "Right","Startup Cost": 5781.42,"Total Cost": 54563.64,"Plan Rows": 1499850,"Plan Width": 8,"Actual Startup Time": 38.566,"Actual Total Time": 3955.732,"Actual Rows": 1533620,"Actual Loops": 1,"Inner Unique": true,"Hash Cond": "(orders.o_custkey = customer.c_custkey)","Plans": [{"Node Type": "Seq Scan","Parent Relationship": "Outer","Parallel Aware": false,"Async Capable": false,"Relation Name": "orders","Alias": "orders","Startup Cost": 0.00,"Total Cost": 44845.00,"Plan Rows": 1499850,"Plan Width": 8,"Actual Startup Time": 0.052,"Actual Total Time": 2713.562,"Actual Rows": 1483615,"Actual Loops": 1,"Filter": "((o_comment)::text !~~ '%pending%accounts%'::text)","Rows Removed by Filter": 16385},{"Node Type": "Hash","Parent Relationship": "Inner","Parallel Aware": false,"Async Capable": false,"Startup Cost": 3906.42,"Total Cost": 3906.42,"Plan Rows": 150000,"Plan Width": 4,"Actual Startup Time": 36.530,"Actual Total Time": 36.543,"Actual Rows": 150000,"Actual Loops": 1,"Hash Buckets": 262144,"Original Hash Buckets": 262144,"Hash Batches": 1,"Original Hash Batches": 1,"Peak Memory Usage": 7322,"Plans": [{"Node Type": "Index Only Scan","Parent Relationship": "Outer","Parallel Aware": false,"Async Capable": false,"Scan Direction": "Forward","Index Name": "customer_pkey","Relation Name": "customer","Alias": "customer","Startup Cost": 0.42,"Total Cost": 3906.42,"Plan Rows": 150000,"Plan Width": 4,"Actual Startup Time": 0.036,"Actual Total Time": 14.278,"Actual Rows": 150000,"Actual Loops": 1,"Heap Fetches": 0}]}]}]}]}]},"Planning Time": 3.568,"Triggers": [],"Execution Time": 5966.474}]
[{"Plan": {"Node Type": "Sort","Parallel Aware": false,"Async Capable": false,"Startup Cost": 65592.61,"Total Cost": 65593.11,"Plan Rows": 200,"Plan Width": 16,"Actual Startup Time": 6059.416,"Actual Total Time": 6059.459,"Actual Rows": 42,"Actual Loops": 1,"Sort Key": ["(count(*)) DESC", "(count(orders.o_orderkey)) DESC"],"Sort Method": "quicksort","Sort Space Used": 27,"Sort Space Type": "Memory","Plans": [{"Node Type": "Aggregate","Strategy": "Hashed","Partial Mode": "Simple","Parent Relationship": "Outer","Parallel Aware": false,"Async Capable": false,"Startup Cost": 65582.97,"Total Cost": 65584.97,"Plan Rows": 200,"Plan Width": 16,"Actual Startup Time": 6059.318,"Actual Total Time": 6059.369,"Actual Rows": 42,"Actual Loops": 1,"Group Key": ["count(orders.o_orderkey)"],"Planned Partitions": 0,"HashAgg Batches": 1,"Peak Memory Usage": 40,"Disk Usage": 0,"Plans": [{"Node Type": "Aggregate","Strategy": "Hashed","Partial Mode": "Simple","Parent Relationship": "Outer","Parallel Aware": false,"Async Capable": false,"Startup Cost": 61832.97,"Total Cost": 63332.97,"Plan Rows": 150000,"Plan Width": 12,"Actual Startup Time": 5864.158,"Actual Total Time": 6045.542,"Actual Rows": 150000,"Actual Loops": 1,"Group Key": ["customer.c_custkey"],"Planned Partitions": 0,"HashAgg Batches": 1,"Peak Memory Usage": 22545,"Disk Usage": 0,"Plans": [{"Node Type": "Hash Join","Parent Relationship": "Outer","Parallel Aware": false,"Async Capable": false,"Join Type": "Right","Startup Cost": 5781.42,"Total Cost": 54484.49,"Plan Rows": 1469697,"Plan Width": 8,"Actual Startup Time": 38.198,"Actual Total Time": 4061.016,"Actual Rows": 1533817,"Actual Loops": 1,"Inner Unique": true,"Hash Cond": "(orders.o_custkey = customer.c_custkey)","Plans": [{"Node Type": "Seq Scan","Parent Relationship": "Outer","Parallel Aware": false,"Async Capable": false,"Relation Name": "orders","Alias": "orders","Startup Cost": 0.00,"Total Cost": 44845.00,"Plan Rows": 1469697,"Plan Width": 8,"Actual Startup Time": 0.037,"Actual Total Time": 2812.366,"Actual Rows": 1483813,"Actual Loops": 1,"Filter": "((o_comment)::text !~~ '%unusual%requests%'::text)","Rows Removed by Filter": 16187},{"Node Type": "Hash","Parent Relationship": "Inner","Parallel Aware": false,"Async Capable": false,"Startup Cost": 3906.42,"Total Cost": 3906.42,"Plan Rows": 150000,"Plan Width": 4,"Actual Startup Time": 36.318,"Actual Total Time": 36.334,"Actual Rows": 150000,"Actual Loops": 1,"Hash Buckets": 262144,"Original Hash Buckets": 262144,"Hash Batches": 1,"Original Hash Batches": 1,"Peak Memory Usage": 7322,"Plans": [{"Node Type": "Index Only Scan","Parent Relationship": "Outer","Parallel Aware": false,"Async Capable": false,"Scan Direction": "Forward","Index Name": "customer_pkey","Relation Name": "customer","Alias": "customer","Startup Cost": 0.42,"Total Cost": 3906.42,"Plan Rows": 150000,"Plan Width": 4,"Actual Startup Time": 0.044,"Actual Total Time": 14.416,"Actual Rows": 150000,"Actual Loops": 1,"Heap Fetches": 0}]}]}]}]}]},"Planning Time": 3.526,"Triggers": [],"Execution Time": 6069.080}]
[{"Plan": {"Node Type": "Sort","Parallel Aware": false,"Async Capable": false,"Startup Cost": 65708.14,"Total Cost": 65708.64,"Plan Rows": 200,"Plan Width": 16,"Actual Startup Time": 6659.087,"Actual Total Time": 6659.155,"Actual Rows": 41,"Actual Loops": 1,"Sort Key": ["(count(*)) DESC", "(count(orders.o_orderkey)) DESC"],"Sort Method": "quicksort","Sort Space Used": 27,"Sort Space Type": "Memory","Plans": [{"Node Type": "Aggregate","Strategy": "Hashed","Partial Mode": "Simple","Parent Relationship": "Outer","Parallel Aware": false,"Async Capable": false,"Startup Cost": 65698.50,"Total Cost": 65700.50,"Plan Rows": 200,"Plan Width": 16,"Actual Startup Time": 6658.981,"Actual Total Time": 6659.057,"Actual Rows": 41,"Actual Loops": 1,"Group Key": ["count(orders.o_orderkey)"],"Planned Partitions": 0,"HashAgg Batches": 1,"Peak Memory Usage": 40,"Disk Usage": 0,"Plans": [{"Node Type": "Aggregate","Strategy": "Hashed","Partial Mode": "Simple","Parent Relationship": "Outer","Parallel Aware": false,"Async Capable": false,"Startup Cost": 61948.50,"Total Cost": 63448.50,"Plan Rows": 150000,"Plan Width": 12,"Actual Startup Time": 6480.209,"Actual Total Time": 6645.185,"Actual Rows": 150000,"Actual Loops": 1,"Group Key": ["customer.c_custkey"],"Planned Partitions": 0,"HashAgg Batches": 1,"Peak Memory Usage": 22545,"Disk Usage": 0,"Plans": [{"Node Type": "Hash Join","Parent Relationship": "Outer","Parallel Aware": false,"Async Capable": false,"Join Type": "Right","Startup Cost": 5781.42,"Total Cost": 54524.26,"Plan Rows": 1484848,"Plan Width": 8,"Actual Startup Time": 37.274,"Actual Total Time": 4547.015,"Actual Rows": 1533872,"Actual Loops": 1,"Inner Unique": true,"Hash Cond": "(orders.o_custkey = customer.c_custkey)","Plans": [{"Node Type": "Seq Scan","Parent Relationship": "Outer","Parallel Aware": false,"Async Capable": false,"Relation Name": "orders","Alias": "orders","Startup Cost": 0.00,"Total Cost": 44845.00,"Plan Rows": 1484848,"Plan Width": 8,"Actual Startup Time": 0.043,"Actual Total Time": 3085.028,"Actual Rows": 1483868,"Actual Loops": 1,"Filter": "((o_comment)::text !~~ '%unusual%deposits%'::text)","Rows Removed by Filter": 16132},{"Node Type": "Hash","Parent Relationship": "Inner","Parallel Aware": false,"Async Capable": false,"Startup Cost": 3906.42,"Total Cost": 3906.42,"Plan Rows": 150000,"Plan Width": 4,"Actual Startup Time": 35.508,"Actual Total Time": 35.530,"Actual Rows": 150000,"Actual Loops": 1,"Hash Buckets": 262144,"Original Hash Buckets": 262144,"Hash Batches": 1,"Original Hash Batches": 1,"Peak Memory Usage": 7322,"Plans": [{"Node Type": "Index Only Scan","Parent Relationship": "Outer","Parallel Aware": false,"Async Capable": false,"Scan Direction": "Forward","Index Name": "customer_pkey","Relation Name": "customer","Alias": "customer","Startup Cost": 0.42,"Total Cost": 3906.42,"Plan Rows": 150000,"Plan Width": 4,"Actual Startup Time": 0.053,"Actual Total Time": 13.448,"Actual Rows": 150000,"Actual Loops": 1,"Heap Fetches": 0}]}]}]}]}]},"Planning Time": 3.854,"Triggers": [],"Execution Time": 6671.834}]
[{"Plan": {"Node Type": "Sort","Parallel Aware": false,"Async Capable": false,"Startup Cost": 65592.61,"Total Cost": 65593.11,"Plan Rows": 200,"Plan Width": 16,"Actual Startup Time": 6147.348,"Actual Total Time": 6147.387,"Actual Rows": 42,"Actual Loops": 1,"Sort Key": ["(count(*)) DESC", "(count(orders.o_orderkey)) DESC"],"Sort Method": "quicksort","Sort Space Used": 27,"Sort Space Type": "Memory","Plans": [{"Node Type": "Aggregate","Strategy": "Hashed","Partial Mode": "Simple","Parent Relationship": "Outer","Parallel Aware": false,"Async Capable": false,"Startup Cost": 65582.97,"Total Cost": 65584.97,"Plan Rows": 200,"Plan Width": 16,"Actual Startup Time": 6147.247,"Actual Total Time": 6147.296,"Actual Rows": 42,"Actual Loops": 1,"Group Key": ["count(orders.o_orderkey)"],"Planned Partitions": 0,"HashAgg Batches": 1,"Peak Memory Usage": 40,"Disk Usage": 0,"Plans": [{"Node Type": "Aggregate","Strategy": "Hashed","Partial Mode": "Simple","Parent Relationship": "Outer","Parallel Aware": false,"Async Capable": false,"Startup Cost": 61832.97,"Total Cost": 63332.97,"Plan Rows": 150000,"Plan Width": 12,"Actual Startup Time": 5968.961,"Actual Total Time": 6133.532,"Actual Rows": 150000,"Actual Loops": 1,"Group Key": ["customer.c_custkey"],"Planned Partitions": 0,"HashAgg Batches": 1,"Peak Memory Usage": 22545,"Disk Usage": 0,"Plans": [{"Node Type": "Hash Join","Parent Relationship": "Outer","Parallel Aware": false,"Async Capable": false,"Join Type": "Right","Startup Cost": 5781.42,"Total Cost": 54484.49,"Plan Rows": 1469697,"Plan Width": 8,"Actual Startup Time": 38.076,"Actual Total Time": 4114.998,"Actual Rows": 1533945,"Actual Loops": 1,"Inner Unique": true,"Hash Cond": "(orders.o_custkey = customer.c_custkey)","Plans": [{"Node Type": "Seq Scan","Parent Relationship": "Outer","Parallel Aware": false,"Async Capable": false,"Relation Name": "orders","Alias": "orders","Startup Cost": 0.00,"Total Cost": 44845.00,"Plan Rows": 1469697,"Plan Width": 8,"Actual Startup Time": 0.049,"Actual Total Time": 2844.878,"Actual Rows": 1483941,"Actual Loops": 1,"Filter": "((o_comment)::text !~~ '%express%packages%'::text)","Rows Removed by Filter": 16059},{"Node Type": "Hash","Parent Relationship": "Inner","Parallel Aware": false,"Async Capable": false,"Startup Cost": 3906.42,"Total Cost": 3906.42,"Plan Rows": 150000,"Plan Width": 4,"Actual Startup Time": 36.257,"Actual Total Time": 36.268,"Actual Rows": 150000,"Actual Loops": 1,"Hash Buckets": 262144,"Original Hash Buckets": 262144,"Hash Batches": 1,"Original Hash Batches": 1,"Peak Memory Usage": 7322,"Plans": [{"Node Type": "Index Only Scan","Parent Relationship": "Outer","Parallel Aware": false,"Async Capable": false,"Scan Direction": "Forward","Index Name": "customer_pkey","Relation Name": "customer","Alias": "customer","Startup Cost": 0.42,"Total Cost": 3906.42,"Plan Rows": 150000,"Plan Width": 4,"Actual Startup Time": 0.063,"Actual Total Time": 14.588,"Actual Rows": 150000,"Actual Loops": 1,"Heap Fetches": 0}]}]}]}]}]},"Planning Time": 3.934,"Triggers": [],"Execution Time": 6155.513}]
[{"Plan": {"Node Type": "Sort","Parallel Aware": false,"Async Capable": false,"Startup Cost": 65592.61,"Total Cost": 65593.11,"Plan Rows": 200,"Plan Width": 16,"Actual Startup Time": 6147.348,"Actual Total Time": 6147.387,"Actual Rows": 42,"Actual Loops": 1,"Sort Key": ["(count(*)) DESC", "(count(orders.o_orderkey)) DESC"],"Sort Method": "quicksort","Sort Space Used": 27,"Sort Space Type": "Memory","Plans": [{"Node Type": "Aggregate","Strategy": "Hashed","Partial Mode": "Simple","Parent Relationship": "Outer","Parallel Aware": false,"Async Capable": false,"Startup Cost": 65582.97,"Total Cost": 65584.97,"Plan Rows": 200,"Plan Width": 16,"Actual Startup Time": 6147.247,"Actual Total Time": 6147.296,"Actual Rows": 42,"Actual Loops": 1,"Group Key": ["count(orders.o_orderkey)"],"Planned Partitions": 0,"HashAgg Batches": 1,"Peak Memory Usage": 40,"Disk Usage": 0,"Plans": [{"Node Type": "Aggregate","Strategy": "Hashed","Partial Mode": "Simple","Parent Relationship": "Outer","Parallel Aware": false,"Async Capable": false,"Startup Cost": 61832.97,"Total Cost": 63332.97,"Plan Rows": 150000,"Plan Width": 12,"Actual Startup Time": 5968.961,"Actual Total Time": 6133.532,"Actual Rows": 150000,"Actual Loops": 1,"Group Key": ["customer.c_custkey"],"Planned Partitions": 0,"HashAgg Batches": 1,"Peak Memory Usage": 22545,"Disk Usage": 0,"Plans": [{"Node Type": "Hash Join","Parent Relationship": "Outer","Parallel Aware": false,"Async Capable": false,"Join Type": "Right","Startup Cost": 5781.42,"Total Cost": 54484.49,"Plan Rows": 1469697,"Plan Width": 8,"Actual Startup Time": 38.076,"Actual Total Time": 4114.998,"Actual Rows": 1533945,"Actual Loops": 1,"Inner Unique": true,"Hash Cond": "(orders.o_custkey = customer.c_custkey)","Plans": [{"Node Type": "Seq Scan","Parent Relationship": "Outer","Parallel Aware": false,"Async Capable": false,"Relation Name": "orders","Alias": "orders","Startup Cost": 0.00,"Total Cost": 44845.00,"Plan Rows": 1469697,"Plan Width": 8,"Actual Startup Time": 0.049,"Actual Total Time": 2844.878,"Actual Rows": 1483941,"Actual Loops": 1,"Filter": "((o_comment)::text !~~ '%express%packages%'::text)","Rows Removed by Filter": 16059},{"Node Type": "Hash","Parent Relationship": "Inner","Parallel Aware": false,"Async Capable": false,"Startup Cost": 3906.42,"Total Cost": 3906.42,"Plan Rows": 150000,"Plan Width": 4,"Actual Startup Time": 36.257,"Actual Total Time": 36.268,"Actual Rows": 150000,"Actual Loops": 1,"Hash Buckets": 262144,"Original Hash Buckets": 262144,"Hash Batches": 1,"Original Hash Batches": 1,"Peak Memory Usage": 7322,"Plans": [{"Node Type": "Index Only Scan","Parent Relationship": "Outer","Parallel Aware": false,"Async Capable": false,"Scan Direction": "Forward","Index Name": "customer_pkey","Relation Name": "customer","Alias": "customer","Startup Cost": 0.42,"Total Cost": 3906.42,"Plan Rows": 150000,"Plan Width": 4,"Actual Startup Time": 0.063,"Actual Total Time": 14.588,"Actual Rows": 150000,"Actual Loops": 1,"Heap Fetches": 0}]}]}]}]}]},"Planning Time": 3.934,"Triggers": [],"Execution Time": 6155.513}]
[{"Plan": {"Node Type": "Sort","Parallel Aware": false,"Async Capable": false,"Startup Cost": 65708.14,"Total Cost": 65708.64,"Plan Rows": 200,"Plan Width": 16,"Actual Startup Time": 6734.447,"Actual Total Time": 6734.481,"Actual Rows": 42,"Actual Loops": 1,"Sort Key": ["(count(*)) DESC", "(count(orders.o_orderkey)) DESC"],"Sort Method": "quicksort","Sort Space Used": 27,"Sort Space Type": "Memory","Plans": [{"Node Type": "Aggregate","Strategy": "Hashed","Partial Mode": "Simple","Parent Relationship": "Outer","Parallel Aware": false,"Async Capable": false,"Startup Cost": 65698.50,"Total Cost": 65700.50,"Plan Rows": 200,"Plan Width": 16,"Actual Startup Time": 6734.369,"Actual Total Time": 6734.411,"Actual Rows": 42,"Actual Loops": 1,"Group Key": ["count(orders.o_orderkey)"],"Planned Partitions": 0,"HashAgg Batches": 1,"Peak Memory Usage": 40,"Disk Usage": 0,"Plans": [{"Node Type": "Aggregate","Strategy": "Hashed","Partial Mode": "Simple","Parent Relationship": "Outer","Parallel Aware": false,"Async Capable": false,"Startup Cost": 61948.50,"Total Cost": 63448.50,"Plan Rows": 150000,"Plan Width": 12,"Actual Startup Time": 6542.374,"Actual Total Time": 6720.630,"Actual Rows": 150000,"Actual Loops": 1,"Group Key": ["customer.c_custkey"],"Planned Partitions": 0,"HashAgg Batches": 1,"Peak Memory Usage": 22545,"Disk Usage": 0,"Plans": [{"Node Type": "Hash Join","Parent Relationship": "Outer","Parallel Aware": false,"Async Capable": false,"Join Type": "Right","Startup Cost": 5781.42,"Total Cost": 54524.26,"Plan Rows": 1484848,"Plan Width": 8,"Actual Startup Time": 36.319,"Actual Total Time": 4621.827,"Actual Rows": 1533676,"Actual Loops": 1,"Inner Unique": true,"Hash Cond": "(orders.o_custkey = customer.c_custkey)","Plans": [{"Node Type": "Seq Scan","Parent Relationship": "Outer","Parallel Aware": false,"Async Capable": false,"Relation Name": "orders","Alias": "orders","Startup Cost": 0.00,"Total Cost": 44845.00,"Plan Rows": 1484848,"Plan Width": 8,"Actual Startup Time": 0.054,"Actual Total Time": 3196.487,"Actual Rows": 1483672,"Actual Loops": 1,"Filter": "((o_comment)::text !~~ '%express%requests%'::text)","Rows Removed by Filter": 16328},{"Node Type": "Hash","Parent Relationship": "Inner","Parallel Aware": false,"Async Capable": false,"Startup Cost": 3906.42,"Total Cost": 3906.42,"Plan Rows": 150000,"Plan Width": 4,"Actual Startup Time": 34.348,"Actual Total Time": 34.358,"Actual Rows": 150000,"Actual Loops": 1,"Hash Buckets": 262144,"Original Hash Buckets": 262144,"Hash Batches": 1,"Original Hash Batches": 1,"Peak Memory Usage": 7322,"Plans": [{"Node Type": "Index Only Scan","Parent Relationship": "Outer","Parallel Aware": false,"Async Capable": false,"Scan Direction": "Forward","Index Name": "customer_pkey","Relation Name": "customer","Alias": "customer","Startup Cost": 0.42,"Total Cost": 3906.42,"Plan Rows": 150000,"Plan Width": 4,"Actual Startup Time": 0.054,"Actual Total Time": 13.145,"Actual Rows": 150000,"Actual Loops": 1,"Heap Fetches": 0}]}]}]}]}]},"Planning Time": 4.493,"Triggers": [],"Execution Time": 6743.934}]
[{"Plan": {"Node Type": "Sort","Parallel Aware": false,"Async Capable": false,"Startup Cost": 65708.14,"Total Cost": 65708.64,"Plan Rows": 200,"Plan Width": 16,"Actual Startup Time": 6734.447,"Actual Total Time": 6734.481,"Actual Rows": 42,"Actual Loops": 1,"Sort Key": ["(count(*)) DESC", "(count(orders.o_orderkey)) DESC"],"Sort Method": "quicksort","Sort Space Used": 27,"Sort Space Type": "Memory","Plans": [{"Node Type": "Aggregate","Strategy": "Hashed","Partial Mode": "Simple","Parent Relationship": "Outer","Parallel Aware": false,"Async Capable": false,"Startup Cost": 65698.50,"Total Cost": 65700.50,"Plan Rows": 200,"Plan Width": 16,"Actual Startup Time": 6734.369,"Actual Total Time": 6734.411,"Actual Rows": 42,"Actual Loops": 1,"Group Key": ["count(orders.o_orderkey)"],"Planned Partitions": 0,"HashAgg Batches": 1,"Peak Memory Usage": 40,"Disk Usage": 0,"Plans": [{"Node Type": "Aggregate","Strategy": "Hashed","Partial Mode": "Simple","Parent Relationship": "Outer","Parallel Aware": false,"Async Capable": false,"Startup Cost": 61948.50,"Total Cost": 63448.50,"Plan Rows": 150000,"Plan Width": 12,"Actual Startup Time": 6542.374,"Actual Total Time": 6720.630,"Actual Rows": 150000,"Actual Loops": 1,"Group Key": ["customer.c_custkey"],"Planned Partitions": 0,"HashAgg Batches": 1,"Peak Memory Usage": 22545,"Disk Usage": 0,"Plans": [{"Node Type": "Hash Join","Parent Relationship": "Outer","Parallel Aware": false,"Async Capable": false,"Join Type": "Right","Startup Cost": 5781.42,"Total Cost": 54524.26,"Plan Rows": 1484848,"Plan Width": 8,"Actual Startup Time": 36.319,"Actual Total Time": 4621.827,"Actual Rows": 1533676,"Actual Loops": 1,"Inner Unique": true,"Hash Cond": "(orders.o_custkey = customer.c_custkey)","Plans": [{"Node Type": "Seq Scan","Parent Relationship": "Outer","Parallel Aware": false,"Async Capable": false,"Relation Name": "orders","Alias": "orders","Startup Cost": 0.00,"Total Cost": 44845.00,"Plan Rows": 1484848,"Plan Width": 8,"Actual Startup Time": 0.054,"Actual Total Time": 3196.487,"Actual Rows": 1483672,"Actual Loops": 1,"Filter": "((o_comment)::text !~~ '%express%requests%'::text)","Rows Removed by Filter": 16328},{"Node Type": "Hash","Parent Relationship": "Inner","Parallel Aware": false,"Async Capable": false,"Startup Cost": 3906.42,"Total Cost": 3906.42,"Plan Rows": 150000,"Plan Width": 4,"Actual Startup Time": 34.348,"Actual Total Time": 34.358,"Actual Rows": 150000,"Actual Loops": 1,"Hash Buckets": 262144,"Original Hash Buckets": 262144,"Hash Batches": 1,"Original Hash Batches": 1,"Peak Memory Usage": 7322,"Plans": [{"Node Type": "Index Only Scan","Parent Relationship": "Outer","Parallel Aware": false,"Async Capable": false,"Scan Direction": "Forward","Index Name": "customer_pkey","Relation Name": "customer","Alias": "customer","Startup Cost": 0.42,"Total Cost": 3906.42,"Plan Rows": 150000,"Plan Width": 4,"Actual Startup Time": 0.054,"Actual Total Time": 13.145,"Actual Rows": 150000,"Actual Loops": 1,"Heap Fetches": 0}]}]}]}]}]},"Planning Time": 4.493,"Triggers": [],"Execution Time": 6743.934}]
[{"Plan": {"Node Type": "Sort","Parallel Aware": false,"Async Capable": false,"Startup Cost": 65592.61,"Total Cost": 65593.11,"Plan Rows": 200,"Plan Width": 16,"Actual Startup Time": 6147.348,"Actual Total Time": 6147.387,"Actual Rows": 42,"Actual Loops": 1,"Sort Key": ["(count(*)) DESC", "(count(orders.o_orderkey)) DESC"],"Sort Method": "quicksort","Sort Space Used": 27,"Sort Space Type": "Memory","Plans": [{"Node Type": "Aggregate","Strategy": "Hashed","Partial Mode": "Simple","Parent Relationship": "Outer","Parallel Aware": false,"Async Capable": false,"Startup Cost": 65582.97,"Total Cost": 65584.97,"Plan Rows": 200,"Plan Width": 16,"Actual Startup Time": 6147.247,"Actual Total Time": 6147.296,"Actual Rows": 42,"Actual Loops": 1,"Group Key": ["count(orders.o_orderkey)"],"Planned Partitions": 0,"HashAgg Batches": 1,"Peak Memory Usage": 40,"Disk Usage": 0,"Plans": [{"Node Type": "Aggregate","Strategy": "Hashed","Partial Mode": "Simple","Parent Relationship": "Outer","Parallel Aware": false,"Async Capable": false,"Startup Cost": 61832.97,"Total Cost": 63332.97,"Plan Rows": 150000,"Plan Width": 12,"Actual Startup Time": 5968.961,"Actual Total Time": 6133.532,"Actual Rows": 150000,"Actual Loops": 1,"Group Key": ["customer.c_custkey"],"Planned Partitions": 0,"HashAgg Batches": 1,"Peak Memory Usage": 22545,"Disk Usage": 0,"Plans": [{"Node Type": "Hash Join","Parent Relationship": "Outer","Parallel Aware": false,"Async Capable": false,"Join Type": "Right","Startup Cost": 5781.42,"Total Cost": 54484.49,"Plan Rows": 1469697,"Plan Width": 8,"Actual Startup Time": 38.076,"Actual Total Time": 4114.998,"Actual Rows": 1533945,"Actual Loops": 1,"Inner Unique": true,"Hash Cond": "(orders.o_custkey = customer.c_custkey)","Plans": [{"Node Type": "Seq Scan","Parent Relationship": "Outer","Parallel Aware": false,"Async Capable": false,"Relation Name": "orders","Alias": "orders","Startup Cost": 0.00,"Total Cost": 44845.00,"Plan Rows": 1469697,"Plan Width": 8,"Actual Startup Time": 0.049,"Actual Total Time": 2844.878,"Actual Rows": 1483941,"Actual Loops": 1,"Filter": "((o_comment)::text !~~ '%express%packages%'::text)","Rows Removed by Filter": 16059},{"Node Type": "Hash","Parent Relationship": "Inner","Parallel Aware": false,"Async Capable": false,"Startup Cost": 3906.42,"Total Cost": 3906.42,"Plan Rows": 150000,"Plan Width": 4,"Actual Startup Time": 36.257,"Actual Total Time": 36.268,"Actual Rows": 150000,"Actual Loops": 1,"Hash Buckets": 262144,"Original Hash Buckets": 262144,"Hash Batches": 1,"Original Hash Batches": 1,"Peak Memory Usage": 7322,"Plans": [{"Node Type": "Index Only Scan","Parent Relationship": "Outer","Parallel Aware": false,"Async Capable": false,"Scan Direction": "Forward","Index Name": "customer_pkey","Relation Name": "customer","Alias": "customer","Startup Cost": 0.42,"Total Cost": 3906.42,"Plan Rows": 150000,"Plan Width": 4,"Actual Startup Time": 0.063,"Actual Total Time": 14.588,"Actual Rows": 150000,"Actual Loops": 1,"Heap Fetches": 0}]}]}]}]}]},"Planning Time": 3.934,"Triggers": [],"Execution Time": 6155.513}]
[{"Plan": {"Node Type": "Sort","Parallel Aware": false,"Async Capable": false,"Startup Cost": 65592.61,"Total Cost": 65593.11,"Plan Rows": 200,"Plan Width": 16,"Actual Startup Time": 6147.348,"Actual Total Time": 6147.387,"Actual Rows": 42,"Actual Loops": 1,"Sort Key": ["(count(*)) DESC", "(count(orders.o_orderkey)) DESC"],"Sort Method": "quicksort","Sort Space Used": 27,"Sort Space Type": "Memory","Plans": [{"Node Type": "Aggregate","Strategy": "Hashed","Partial Mode": "Simple","Parent Relationship": "Outer","Parallel Aware": false,"Async Capable": false,"Startup Cost": 65582.97,"Total Cost": 65584.97,"Plan Rows": 200,"Plan Width": 16,"Actual Startup Time": 6147.247,"Actual Total Time": 6147.296,"Actual Rows": 42,"Actual Loops": 1,"Group Key": ["count(orders.o_orderkey)"],"Planned Partitions": 0,"HashAgg Batches": 1,"Peak Memory Usage": 40,"Disk Usage": 0,"Plans": [{"Node Type": "Aggregate","Strategy": "Hashed","Partial Mode": "Simple","Parent Relationship": "Outer","Parallel Aware": false,"Async Capable": false,"Startup Cost": 61832.97,"Total Cost": 63332.97,"Plan Rows": 150000,"Plan Width": 12,"Actual Startup Time": 5968.961,"Actual Total Time": 6133.532,"Actual Rows": 150000,"Actual Loops": 1,"Group Key": ["customer.c_custkey"],"Planned Partitions": 0,"HashAgg Batches": 1,"Peak Memory Usage": 22545,"Disk Usage": 0,"Plans": [{"Node Type": "Hash Join","Parent Relationship": "Outer","Parallel Aware": false,"Async Capable": false,"Join Type": "Right","Startup Cost": 5781.42,"Total Cost": 54484.49,"Plan Rows": 1469697,"Plan Width": 8,"Actual Startup Time": 38.076,"Actual Total Time": 4114.998,"Actual Rows": 1533945,"Actual Loops": 1,"Inner Unique": true,"Hash Cond": "(orders.o_custkey = customer.c_custkey)","Plans": [{"Node Type": "Seq Scan","Parent Relationship": "Outer","Parallel Aware": false,"Async Capable": false,"Relation Name": "orders","Alias": "orders","Startup Cost": 0.00,"Total Cost": 44845.00,"Plan Rows": 1469697,"Plan Width": 8,"Actual Startup Time": 0.049,"Actual Total Time": 2844.878,"Actual Rows": 1483941,"Actual Loops": 1,"Filter": "((o_comment)::text !~~ '%express%packages%'::text)","Rows Removed by Filter": 16059},{"Node Type": "Hash","Parent Relationship": "Inner","Parallel Aware": false,"Async Capable": false,"Startup Cost": 3906.42,"Total Cost": 3906.42,"Plan Rows": 150000,"Plan Width": 4,"Actual Startup Time": 36.257,"Actual Total Time": 36.268,"Actual Rows": 150000,"Actual Loops": 1,"Hash Buckets": 262144,"Original Hash Buckets": 262144,"Hash Batches": 1,"Original Hash Batches": 1,"Peak Memory Usage": 7322,"Plans": [{"Node Type": "Index Only Scan","Parent Relationship": "Outer","Parallel Aware": false,"Async Capable": false,"Scan Direction": "Forward","Index Name": "customer_pkey","Relation Name": "customer","Alias": "customer","Startup Cost": 0.42,"Total Cost": 3906.42,"Plan Rows": 150000,"Plan Width": 4,"Actual Startup Time": 0.063,"Actual Total Time": 14.588,"Actual Rows": 150000,"Actual Loops": 1,"Heap Fetches": 0}]}]}]}]}]},"Planning Time": 3.934,"Triggers": [],"Execution Time": 6155.513}]
[{"Plan": {"Node Type": "Sort","Parallel Aware": false,"Async Capable": false,"Startup Cost": 65592.61,"Total Cost": 65593.11,"Plan Rows": 200,"Plan Width": 16,"Actual Startup Time": 6059.416,"Actual Total Time": 6059.459,"Actual Rows": 42,"Actual Loops": 1,"Sort Key": ["(count(*)) DESC", "(count(orders.o_orderkey)) DESC"],"Sort Method": "quicksort","Sort Space Used": 27,"Sort Space Type": "Memory","Plans": [{"Node Type": "Aggregate","Strategy": "Hashed","Partial Mode": "Simple","Parent Relationship": "Outer","Parallel Aware": false,"Async Capable": false,"Startup Cost": 65582.97,"Total Cost": 65584.97,"Plan Rows": 200,"Plan Width": 16,"Actual Startup Time": 6059.318,"Actual Total Time": 6059.369,"Actual Rows": 42,"Actual Loops": 1,"Group Key": ["count(orders.o_orderkey)"],"Planned Partitions": 0,"HashAgg Batches": 1,"Peak Memory Usage": 40,"Disk Usage": 0,"Plans": [{"Node Type": "Aggregate","Strategy": "Hashed","Partial Mode": "Simple","Parent Relationship": "Outer","Parallel Aware": false,"Async Capable": false,"Startup Cost": 61832.97,"Total Cost": 63332.97,"Plan Rows": 150000,"Plan Width": 12,"Actual Startup Time": 5864.158,"Actual Total Time": 6045.542,"Actual Rows": 150000,"Actual Loops": 1,"Group Key": ["customer.c_custkey"],"Planned Partitions": 0,"HashAgg Batches": 1,"Peak Memory Usage": 22545,"Disk Usage": 0,"Plans": [{"Node Type": "Hash Join","Parent Relationship": "Outer","Parallel Aware": false,"Async Capable": false,"Join Type": "Right","Startup Cost": 5781.42,"Total Cost": 54484.49,"Plan Rows": 1469697,"Plan Width": 8,"Actual Startup Time": 38.198,"Actual Total Time": 4061.016,"Actual Rows": 1533817,"Actual Loops": 1,"Inner Unique": true,"Hash Cond": "(orders.o_custkey = customer.c_custkey)","Plans": [{"Node Type": "Seq Scan","Parent Relationship": "Outer","Parallel Aware": false,"Async Capable": false,"Relation Name": "orders","Alias": "orders","Startup Cost": 0.00,"Total Cost": 44845.00,"Plan Rows": 1469697,"Plan Width": 8,"Actual Startup Time": 0.037,"Actual Total Time": 2812.366,"Actual Rows": 1483813,"Actual Loops": 1,"Filter": "((o_comment)::text !~~ '%unusual%requests%'::text)","Rows Removed by Filter": 16187},{"Node Type": "Hash","Parent Relationship": "Inner","Parallel Aware": false,"Async Capable": false,"Startup Cost": 3906.42,"Total Cost": 3906.42,"Plan Rows": 150000,"Plan Width": 4,"Actual Startup Time": 36.318,"Actual Total Time": 36.334,"Actual Rows": 150000,"Actual Loops": 1,"Hash Buckets": 262144,"Original Hash Buckets": 262144,"Hash Batches": 1,"Original Hash Batches": 1,"Peak Memory Usage": 7322,"Plans": [{"Node Type": "Index Only Scan","Parent Relationship": "Outer","Parallel Aware": false,"Async Capable": false,"Scan Direction": "Forward","Index Name": "customer_pkey","Relation Name": "customer","Alias": "customer","Startup Cost": 0.42,"Total Cost": 3906.42,"Plan Rows": 150000,"Plan Width": 4,"Actual Startup Time": 0.044,"Actual Total Time": 14.416,"Actual Rows": 150000,"Actual Loops": 1,"Heap Fetches": 0}]}]}]}]}]},"Planning Time": 3.526,"Triggers": [],"Execution Time": 6069.080}]
[{"Plan": {"Node Type": "Sort","Parallel Aware": false,"Async Capable": false,"Startup Cost": 65708.14,"Total Cost": 65708.64,"Plan Rows": 200,"Plan Width": 16,"Actual Startup Time": 6734.447,"Actual Total Time": 6734.481,"Actual Rows": 42,"Actual Loops": 1,"Sort Key": ["(count(*)) DESC", "(count(orders.o_orderkey)) DESC"],"Sort Method": "quicksort","Sort Space Used": 27,"Sort Space Type": "Memory","Plans": [{"Node Type": "Aggregate","Strategy": "Hashed","Partial Mode": "Simple","Parent Relationship": "Outer","Parallel Aware": false,"Async Capable": false,"Startup Cost": 65698.50,"Total Cost": 65700.50,"Plan Rows": 200,"Plan Width": 16,"Actual Startup Time": 6734.369,"Actual Total Time": 6734.411,"Actual Rows": 42,"Actual Loops": 1,"Group Key": ["count(orders.o_orderkey)"],"Planned Partitions": 0,"HashAgg Batches": 1,"Peak Memory Usage": 40,"Disk Usage": 0,"Plans": [{"Node Type": "Aggregate","Strategy": "Hashed","Partial Mode": "Simple","Parent Relationship": "Outer","Parallel Aware": false,"Async Capable": false,"Startup Cost": 61948.50,"Total Cost": 63448.50,"Plan Rows": 150000,"Plan Width": 12,"Actual Startup Time": 6542.374,"Actual Total Time": 6720.630,"Actual Rows": 150000,"Actual Loops": 1,"Group Key": ["customer.c_custkey"],"Planned Partitions": 0,"HashAgg Batches": 1,"Peak Memory Usage": 22545,"Disk Usage": 0,"Plans": [{"Node Type": "Hash Join","Parent Relationship": "Outer","Parallel Aware": false,"Async Capable": false,"Join Type": "Right","Startup Cost": 5781.42,"Total Cost": 54524.26,"Plan Rows": 1484848,"Plan Width": 8,"Actual Startup Time": 36.319,"Actual Total Time": 4621.827,"Actual Rows": 1533676,"Actual Loops": 1,"Inner Unique": true,"Hash Cond": "(orders.o_custkey = customer.c_custkey)","Plans": [{"Node Type": "Seq Scan","Parent Relationship": "Outer","Parallel Aware": false,"Async Capable": false,"Relation Name": "orders","Alias": "orders","Startup Cost": 0.00,"Total Cost": 44845.00,"Plan Rows": 1484848,"Plan Width": 8,"Actual Startup Time": 0.054,"Actual Total Time": 3196.487,"Actual Rows": 1483672,"Actual Loops": 1,"Filter": "((o_comment)::text !~~ '%express%requests%'::text)","Rows Removed by Filter": 16328},{"Node Type": "Hash","Parent Relationship": "Inner","Parallel Aware": false,"Async Capable": false,"Startup Cost": 3906.42,"Total Cost": 3906.42,"Plan Rows": 150000,"Plan Width": 4,"Actual Startup Time": 34.348,"Actual Total Time": 34.358,"Actual Rows": 150000,"Actual Loops": 1,"Hash Buckets": 262144,"Original Hash Buckets": 262144,"Hash Batches": 1,"Original Hash Batches": 1,"Peak Memory Usage": 7322,"Plans": [{"Node Type": "Index Only Scan","Parent Relationship": "Outer","Parallel Aware": false,"Async Capable": false,"Scan Direction": "Forward","Index Name": "customer_pkey","Relation Name": "customer","Alias": "customer","Startup Cost": 0.42,"Total Cost": 3906.42,"Plan Rows": 150000,"Plan Width": 4,"Actual Startup Time": 0.054,"Actual Total Time": 13.145,"Actual Rows": 150000,"Actual Loops": 1,"Heap Fetches": 0}]}]}]}]}]},"Planning Time": 4.493,"Triggers": [],"Execution Time": 6743.934}]
[{"Plan": {"Node Type": "Sort","Parallel Aware": false,"Async Capable": false,"Startup Cost": 65822.53,"Total Cost": 65823.03,"Plan Rows": 200,"Plan Width": 16,"Actual Startup Time": 6047.687,"Actual Total Time": 6047.735,"Actual Rows": 42,"Actual Loops": 1,"Sort Key": ["(count(*)) DESC", "(count(orders.o_orderkey)) DESC"],"Sort Method": "quicksort","Sort Space Used": 27,"Sort Space Type": "Memory","Plans": [{"Node Type": "Aggregate","Strategy": "Hashed","Partial Mode": "Simple","Parent Relationship": "Outer","Parallel Aware": false,"Async Capable": false,"Startup Cost": 65812.89,"Total Cost": 65814.89,"Plan Rows": 200,"Plan Width": 16,"Actual Startup Time": 6047.591,"Actual Total Time": 6047.643,"Actual Rows": 42,"Actual Loops": 1,"Group Key": ["count(orders.o_orderkey)"],"Planned Partitions": 0,"HashAgg Batches": 1,"Peak Memory Usage": 40,"Disk Usage": 0,"Plans": [{"Node Type": "Aggregate","Strategy": "Hashed","Partial Mode": "Simple","Parent Relationship": "Outer","Parallel Aware": false,"Async Capable": false,"Startup Cost": 62062.89,"Total Cost": 63562.89,"Plan Rows": 150000,"Plan Width": 12,"Actual Startup Time": 5868.600,"Actual Total Time": 6033.866,"Actual Rows": 150000,"Actual Loops": 1,"Group Key": ["customer.c_custkey"],"Planned Partitions": 0,"HashAgg Batches": 1,"Peak Memory Usage": 22545,"Disk Usage": 0,"Plans": [{"Node Type": "Hash Join","Parent Relationship": "Outer","Parallel Aware": false,"Async Capable": false,"Join Type": "Right","Startup Cost": 5781.42,"Total Cost": 54563.64,"Plan Rows": 1499850,"Plan Width": 8,"Actual Startup Time": 39.168,"Actual Total Time": 4010.851,"Actual Rows": 1533626,"Actual Loops": 1,"Inner Unique": true,"Hash Cond": "(orders.o_custkey = customer.c_custkey)","Plans": [{"Node Type": "Seq Scan","Parent Relationship": "Outer","Parallel Aware": false,"Async Capable": false,"Relation Name": "orders","Alias": "orders","Startup Cost": 0.00,"Total Cost": 44845.00,"Plan Rows": 1499850,"Plan Width": 8,"Actual Startup Time": 0.065,"Actual Total Time": 2757.508,"Actual Rows": 1483622,"Actual Loops": 1,"Filter": "((o_comment)::text !~~ '%unusual%accounts%'::text)","Rows Removed by Filter": 16378},{"Node Type": "Hash","Parent Relationship": "Inner","Parallel Aware": false,"Async Capable": false,"Startup Cost": 3906.42,"Total Cost": 3906.42,"Plan Rows": 150000,"Plan Width": 4,"Actual Startup Time": 37.343,"Actual Total Time": 37.362,"Actual Rows": 150000,"Actual Loops": 1,"Hash Buckets": 262144,"Original Hash Buckets": 262144,"Hash Batches": 1,"Original Hash Batches": 1,"Peak Memory Usage": 7322,"Plans": [{"Node Type": "Index Only Scan","Parent Relationship": "Outer","Parallel Aware": false,"Async Capable": false,"Scan Direction": "Forward","Index Name": "customer_pkey","Relation Name": "customer","Alias": "customer","Startup Cost": 0.42,"Total Cost": 3906.42,"Plan Rows": 150000,"Plan Width": 4,"Actual Startup Time": 0.036,"Actual Total Time": 14.472,"Actual Rows": 150000,"Actual Loops": 1,"Heap Fetches": 0}]}]}]}]}]},"Planning Time": 4.331,"Triggers": [],"Execution Time": 6056.690}]
[{"Plan": {"Node Type": "Sort","Parallel Aware": false,"Async Capable": false,"Startup Cost": 65708.14,"Total Cost": 65708.64,"Plan Rows": 200,"Plan Width": 16,"Actual Startup Time": 6734.447,"Actual Total Time": 6734.481,"Actual Rows": 42,"Actual Loops": 1,"Sort Key": ["(count(*)) DESC", "(count(orders.o_orderkey)) DESC"],"Sort Method": "quicksort","Sort Space Used": 27,"Sort Space Type": "Memory","Plans": [{"Node Type": "Aggregate","Strategy": "Hashed","Partial Mode": "Simple","Parent Relationship": "Outer","Parallel Aware": false,"Async Capable": false,"Startup Cost": 65698.50,"Total Cost": 65700.50,"Plan Rows": 200,"Plan Width": 16,"Actual Startup Time": 6734.369,"Actual Total Time": 6734.411,"Actual Rows": 42,"Actual Loops": 1,"Group Key": ["count(orders.o_orderkey)"],"Planned Partitions": 0,"HashAgg Batches": 1,"Peak Memory Usage": 40,"Disk Usage": 0,"Plans": [{"Node Type": "Aggregate","Strategy": "Hashed","Partial Mode": "Simple","Parent Relationship": "Outer","Parallel Aware": false,"Async Capable": false,"Startup Cost": 61948.50,"Total Cost": 63448.50,"Plan Rows": 150000,"Plan Width": 12,"Actual Startup Time": 6542.374,"Actual Total Time": 6720.630,"Actual Rows": 150000,"Actual Loops": 1,"Group Key": ["customer.c_custkey"],"Planned Partitions": 0,"HashAgg Batches": 1,"Peak Memory Usage": 22545,"Disk Usage": 0,"Plans": [{"Node Type": "Hash Join","Parent Relationship": "Outer","Parallel Aware": false,"Async Capable": false,"Join Type": "Right","Startup Cost": 5781.42,"Total Cost": 54524.26,"Plan Rows": 1484848,"Plan Width": 8,"Actual Startup Time": 36.319,"Actual Total Time": 4621.827,"Actual Rows": 1533676,"Actual Loops": 1,"Inner Unique": true,"Hash Cond": "(orders.o_custkey = customer.c_custkey)","Plans": [{"Node Type": "Seq Scan","Parent Relationship": "Outer","Parallel Aware": false,"Async Capable": false,"Relation Name": "orders","Alias": "orders","Startup Cost": 0.00,"Total Cost": 44845.00,"Plan Rows": 1484848,"Plan Width": 8,"Actual Startup Time": 0.054,"Actual Total Time": 3196.487,"Actual Rows": 1483672,"Actual Loops": 1,"Filter": "((o_comment)::text !~~ '%express%requests%'::text)","Rows Removed by Filter": 16328},{"Node Type": "Hash","Parent Relationship": "Inner","Parallel Aware": false,"Async Capable": false,"Startup Cost": 3906.42,"Total Cost": 3906.42,"Plan Rows": 150000,"Plan Width": 4,"Actual Startup Time": 34.348,"Actual Total Time": 34.358,"Actual Rows": 150000,"Actual Loops": 1,"Hash Buckets": 262144,"Original Hash Buckets": 262144,"Hash Batches": 1,"Original Hash Batches": 1,"Peak Memory Usage": 7322,"Plans": [{"Node Type": "Index Only Scan","Parent Relationship": "Outer","Parallel Aware": false,"Async Capable": false,"Scan Direction": "Forward","Index Name": "customer_pkey","Relation Name": "customer","Alias": "customer","Startup Cost": 0.42,"Total Cost": 3906.42,"Plan Rows": 150000,"Plan Width": 4,"Actual Startup Time": 0.054,"Actual Total Time": 13.145,"Actual Rows": 150000,"Actual Loops": 1,"Heap Fetches": 0}]}]}]}]}]},"Planning Time": 4.493,"Triggers": [],"Execution Time": 6743.934}]
[{"Plan": {"Node Type": "Sort","Parallel Aware": false,"Async Capable": false,"Startup Cost": 65592.61,"Total Cost": 65593.11,"Plan Rows": 200,"Plan Width": 16,"Actual Startup Time": 6042.914,"Actual Total Time": 6042.954,"Actual Rows": 42,"Actual Loops": 1,"Sort Key": ["(count(*)) DESC", "(count(orders.o_orderkey)) DESC"],"Sort Method": "quicksort","Sort Space Used": 27,"Sort Space Type": "Memory","Plans": [{"Node Type": "Aggregate","Strategy": "Hashed","Partial Mode": "Simple","Parent Relationship": "Outer","Parallel Aware": false,"Async Capable": false,"Startup Cost": 65582.97,"Total Cost": 65584.97,"Plan Rows": 200,"Plan Width": 16,"Actual Startup Time": 6042.802,"Actual Total Time": 6042.854,"Actual Rows": 42,"Actual Loops": 1,"Group Key": ["count(orders.o_orderkey)"],"Planned Partitions": 0,"HashAgg Batches": 1,"Peak Memory Usage": 40,"Disk Usage": 0,"Plans": [{"Node Type": "Aggregate","Strategy": "Hashed","Partial Mode": "Simple","Parent Relationship": "Outer","Parallel Aware": false,"Async Capable": false,"Startup Cost": 61832.97,"Total Cost": 63332.97,"Plan Rows": 150000,"Plan Width": 12,"Actual Startup Time": 5848.968,"Actual Total Time": 6029.049,"Actual Rows": 150000,"Actual Loops": 1,"Group Key": ["customer.c_custkey"],"Planned Partitions": 0,"HashAgg Batches": 1,"Peak Memory Usage": 22545,"Disk Usage": 0,"Plans": [{"Node Type": "Hash Join","Parent Relationship": "Outer","Parallel Aware": false,"Async Capable": false,"Join Type": "Right","Startup Cost": 5781.42,"Total Cost": 54484.49,"Plan Rows": 1469697,"Plan Width": 8,"Actual Startup Time": 38.540,"Actual Total Time": 4039.691,"Actual Rows": 1534055,"Actual Loops": 1,"Inner Unique": true,"Hash Cond": "(orders.o_custkey = customer.c_custkey)","Plans": [{"Node Type": "Seq Scan","Parent Relationship": "Outer","Parallel Aware": false,"Async Capable": false,"Relation Name": "orders","Alias": "orders","Startup Cost": 0.00,"Total Cost": 44845.00,"Plan Rows": 1469697,"Plan Width": 8,"Actual Startup Time": 0.061,"Actual Total Time": 2797.159,"Actual Rows": 1484051,"Actual Loops": 1,"Filter": "((o_comment)::text !~~ '%special%packages%'::text)","Rows Removed by Filter": 15949},{"Node Type": "Hash","Parent Relationship": "Inner","Parallel Aware": false,"Async Capable": false,"Startup Cost": 3906.42,"Total Cost": 3906.42,"Plan Rows": 150000,"Plan Width": 4,"Actual Startup Time": 36.593,"Actual Total Time": 36.607,"Actual Rows": 150000,"Actual Loops": 1,"Hash Buckets": 262144,"Original Hash Buckets": 262144,"Hash Batches": 1,"Original Hash Batches": 1,"Peak Memory Usage": 7322,"Plans": [{"Node Type": "Index Only Scan","Parent Relationship": "Outer","Parallel Aware": false,"Async Capable": false,"Scan Direction": "Forward","Index Name": "customer_pkey","Relation Name": "customer","Alias": "customer","Startup Cost": 0.42,"Total Cost": 3906.42,"Plan Rows": 150000,"Plan Width": 4,"Actual Startup Time": 0.050,"Actual Total Time": 14.573,"Actual Rows": 150000,"Actual Loops": 1,"Heap Fetches": 0}]}]}]}]}]},"Planning Time": 3.383,"Triggers": [],"Execution Time": 6052.793}]
[{"Plan": {"Node Type": "Sort","Parallel Aware": false,"Async Capable": false,"Startup Cost": 65592.61,"Total Cost": 65593.11,"Plan Rows": 200,"Plan Width": 16,"Actual Startup Time": 6108.888,"Actual Total Time": 6108.932,"Actual Rows": 42,"Actual Loops": 1,"Sort Key": ["(count(*)) DESC", "(count(orders.o_orderkey)) DESC"],"Sort Method": "quicksort","Sort Space Used": 27,"Sort Space Type": "Memory","Plans": [{"Node Type": "Aggregate","Strategy": "Hashed","Partial Mode": "Simple","Parent Relationship": "Outer","Parallel Aware": false,"Async Capable": false,"Startup Cost": 65582.97,"Total Cost": 65584.97,"Plan Rows": 200,"Plan Width": 16,"Actual Startup Time": 6108.797,"Actual Total Time": 6108.848,"Actual Rows": 42,"Actual Loops": 1,"Group Key": ["count(orders.o_orderkey)"],"Planned Partitions": 0,"HashAgg Batches": 1,"Peak Memory Usage": 40,"Disk Usage": 0,"Plans": [{"Node Type": "Aggregate","Strategy": "Hashed","Partial Mode": "Simple","Parent Relationship": "Outer","Parallel Aware": false,"Async Capable": false,"Startup Cost": 61832.97,"Total Cost": 63332.97,"Plan Rows": 150000,"Plan Width": 12,"Actual Startup Time": 5916.041,"Actual Total Time": 6095.043,"Actual Rows": 150000,"Actual Loops": 1,"Group Key": ["customer.c_custkey"],"Planned Partitions": 0,"HashAgg Batches": 1,"Peak Memory Usage": 22545,"Disk Usage": 0,"Plans": [{"Node Type": "Hash Join","Parent Relationship": "Outer","Parallel Aware": false,"Async Capable": false,"Join Type": "Right","Startup Cost": 5781.42,"Total Cost": 54484.49,"Plan Rows": 1469697,"Plan Width": 8,"Actual Startup Time": 39.068,"Actual Total Time": 4097.616,"Actual Rows": 1534019,"Actual Loops": 1,"Inner Unique": true,"Hash Cond": "(orders.o_custkey = customer.c_custkey)","Plans": [{"Node Type": "Seq Scan","Parent Relationship": "Outer","Parallel Aware": false,"Async Capable": false,"Relation Name": "orders","Alias": "orders","Startup Cost": 0.00,"Total Cost": 44845.00,"Plan Rows": 1469697,"Plan Width": 8,"Actual Startup Time": 0.051,"Actual Total Time": 2823.952,"Actual Rows": 1484015,"Actual Loops": 1,"Filter": "((o_comment)::text !~~ '%express%accounts%'::text)","Rows Removed by Filter": 15985},{"Node Type": "Hash","Parent Relationship": "Inner","Parallel Aware": false,"Async Capable": false,"Startup Cost": 3906.42,"Total Cost": 3906.42,"Plan Rows": 150000,"Plan Width": 4,"Actual Startup Time": 37.191,"Actual Total Time": 37.207,"Actual Rows": 150000,"Actual Loops": 1,"Hash Buckets": 262144,"Original Hash Buckets": 262144,"Hash Batches": 1,"Original Hash Batches": 1,"Peak Memory Usage": 7322,"Plans": [{"Node Type": "Index Only Scan","Parent Relationship": "Outer","Parallel Aware": false,"Async Capable": false,"Scan Direction": "Forward","Index Name": "customer_pkey","Relation Name": "customer","Alias": "customer","Startup Cost": 0.42,"Total Cost": 3906.42,"Plan Rows": 150000,"Plan Width": 4,"Actual Startup Time": 0.038,"Actual Total Time": 14.188,"Actual Rows": 150000,"Actual Loops": 1,"Heap Fetches": 0}]}]}]}]}]},"Planning Time": 3.814,"Triggers": [],"Execution Time": 6118.531}]
[{"Plan": {"Node Type": "Sort","Parallel Aware": false,"Async Capable": false,"Startup Cost": 65822.53,"Total Cost": 65823.03,"Plan Rows": 200,"Plan Width": 16,"Actual Startup Time": 6096.807,"Actual Total Time": 6096.851,"Actual Rows": 42,"Actual Loops": 1,"Sort Key": ["(count(*)) DESC", "(count(orders.o_orderkey)) DESC"],"Sort Method": "quicksort","Sort Space Used": 27,"Sort Space Type": "Memory","Plans": [{"Node Type": "Aggregate","Strategy": "Hashed","Partial Mode": "Simple","Parent Relationship": "Outer","Parallel Aware": false,"Async Capable": false,"Startup Cost": 65812.89,"Total Cost": 65814.89,"Plan Rows": 200,"Plan Width": 16,"Actual Startup Time": 6096.707,"Actual Total Time": 6096.758,"Actual Rows": 42,"Actual Loops": 1,"Group Key": ["count(orders.o_orderkey)"],"Planned Partitions": 0,"HashAgg Batches": 1,"Peak Memory Usage": 40,"Disk Usage": 0,"Plans": [{"Node Type": "Aggregate","Strategy": "Hashed","Partial Mode": "Simple","Parent Relationship": "Outer","Parallel Aware": false,"Async Capable": false,"Startup Cost": 62062.89,"Total Cost": 63562.89,"Plan Rows": 150000,"Plan Width": 12,"Actual Startup Time": 5900.364,"Actual Total Time": 6082.949,"Actual Rows": 150000,"Actual Loops": 1,"Group Key": ["customer.c_custkey"],"Planned Partitions": 0,"HashAgg Batches": 1,"Peak Memory Usage": 22545,"Disk Usage": 0,"Plans": [{"Node Type": "Hash Join","Parent Relationship": "Outer","Parallel Aware": false,"Async Capable": false,"Join Type": "Right","Startup Cost": 5781.42,"Total Cost": 54563.64,"Plan Rows": 1499850,"Plan Width": 8,"Actual Startup Time": 38.105,"Actual Total Time": 4090.394,"Actual Rows": 1533835,"Actual Loops": 1,"Inner Unique": true,"Hash Cond": "(orders.o_custkey = customer.c_custkey)","Plans": [{"Node Type": "Seq Scan","Parent Relationship": "Outer","Parallel Aware": false,"Async Capable": false,"Relation Name": "orders","Alias": "orders","Startup Cost": 0.00,"Total Cost": 44845.00,"Plan Rows": 1499850,"Plan Width": 8,"Actual Startup Time": 0.059,"Actual Total Time": 2844.303,"Actual Rows": 1483831,"Actual Loops": 1,"Filter": "((o_comment)::text !~~ '%special%accounts%'::text)","Rows Removed by Filter": 16169},{"Node Type": "Hash","Parent Relationship": "Inner","Parallel Aware": false,"Async Capable": false,"Startup Cost": 3906.42,"Total Cost": 3906.42,"Plan Rows": 150000,"Plan Width": 4,"Actual Startup Time": 36.335,"Actual Total Time": 36.352,"Actual Rows": 150000,"Actual Loops": 1,"Hash Buckets": 262144,"Original Hash Buckets": 262144,"Hash Batches": 1,"Original Hash Batches": 1,"Peak Memory Usage": 7322,"Plans": [{"Node Type": "Index Only Scan","Parent Relationship": "Outer","Parallel Aware": false,"Async Capable": false,"Scan Direction": "Forward","Index Name": "customer_pkey","Relation Name": "customer","Alias": "customer","Startup Cost": 0.42,"Total Cost": 3906.42,"Plan Rows": 150000,"Plan Width": 4,"Actual Startup Time": 0.048,"Actual Total Time": 14.414,"Actual Rows": 150000,"Actual Loops": 1,"Heap Fetches": 0}]}]}]}]}]},"Planning Time": 3.409,"Triggers": [],"Execution Time": 6107.560}]
[{"Plan": {"Node Type": "Sort","Parallel Aware": false,"Async Capable": false,"Startup Cost": 65592.61,"Total Cost": 65593.11,"Plan Rows": 200,"Plan Width": 16,"Actual Startup Time": 6108.888,"Actual Total Time": 6108.932,"Actual Rows": 42,"Actual Loops": 1,"Sort Key": ["(count(*)) DESC", "(count(orders.o_orderkey)) DESC"],"Sort Method": "quicksort","Sort Space Used": 27,"Sort Space Type": "Memory","Plans": [{"Node Type": "Aggregate","Strategy": "Hashed","Partial Mode": "Simple","Parent Relationship": "Outer","Parallel Aware": false,"Async Capable": false,"Startup Cost": 65582.97,"Total Cost": 65584.97,"Plan Rows": 200,"Plan Width": 16,"Actual Startup Time": 6108.797,"Actual Total Time": 6108.848,"Actual Rows": 42,"Actual Loops": 1,"Group Key": ["count(orders.o_orderkey)"],"Planned Partitions": 0,"HashAgg Batches": 1,"Peak Memory Usage": 40,"Disk Usage": 0,"Plans": [{"Node Type": "Aggregate","Strategy": "Hashed","Partial Mode": "Simple","Parent Relationship": "Outer","Parallel Aware": false,"Async Capable": false,"Startup Cost": 61832.97,"Total Cost": 63332.97,"Plan Rows": 150000,"Plan Width": 12,"Actual Startup Time": 5916.041,"Actual Total Time": 6095.043,"Actual Rows": 150000,"Actual Loops": 1,"Group Key": ["customer.c_custkey"],"Planned Partitions": 0,"HashAgg Batches": 1,"Peak Memory Usage": 22545,"Disk Usage": 0,"Plans": [{"Node Type": "Hash Join","Parent Relationship": "Outer","Parallel Aware": false,"Async Capable": false,"Join Type": "Right","Startup Cost": 5781.42,"Total Cost": 54484.49,"Plan Rows": 1469697,"Plan Width": 8,"Actual Startup Time": 39.068,"Actual Total Time": 4097.616,"Actual Rows": 1534019,"Actual Loops": 1,"Inner Unique": true,"Hash Cond": "(orders.o_custkey = customer.c_custkey)","Plans": [{"Node Type": "Seq Scan","Parent Relationship": "Outer","Parallel Aware": false,"Async Capable": false,"Relation Name": "orders","Alias": "orders","Startup Cost": 0.00,"Total Cost": 44845.00,"Plan Rows": 1469697,"Plan Width": 8,"Actual Startup Time": 0.051,"Actual Total Time": 2823.952,"Actual Rows": 1484015,"Actual Loops": 1,"Filter": "((o_comment)::text !~~ '%express%accounts%'::text)","Rows Removed by Filter": 15985},{"Node Type": "Hash","Parent Relationship": "Inner","Parallel Aware": false,"Async Capable": false,"Startup Cost": 3906.42,"Total Cost": 3906.42,"Plan Rows": 150000,"Plan Width": 4,"Actual Startup Time": 37.191,"Actual Total Time": 37.207,"Actual Rows": 150000,"Actual Loops": 1,"Hash Buckets": 262144,"Original Hash Buckets": 262144,"Hash Batches": 1,"Original Hash Batches": 1,"Peak Memory Usage": 7322,"Plans": [{"Node Type": "Index Only Scan","Parent Relationship": "Outer","Parallel Aware": false,"Async Capable": false,"Scan Direction": "Forward","Index Name": "customer_pkey","Relation Name": "customer","Alias": "customer","Startup Cost": 0.42,"Total Cost": 3906.42,"Plan Rows": 150000,"Plan Width": 4,"Actual Startup Time": 0.038,"Actual Total Time": 14.188,"Actual Rows": 150000,"Actual Loops": 1,"Heap Fetches": 0}]}]}]}]}]},"Planning Time": 3.814,"Triggers": [],"Execution Time": 6118.531}]
[{"Plan": {"Node Type": "Sort","Parallel Aware": false,"Async Capable": false,"Startup Cost": 65708.14,"Total Cost": 65708.64,"Plan Rows": 200,"Plan Width": 16,"Actual Startup Time": 6659.087,"Actual Total Time": 6659.155,"Actual Rows": 41,"Actual Loops": 1,"Sort Key": ["(count(*)) DESC", "(count(orders.o_orderkey)) DESC"],"Sort Method": "quicksort","Sort Space Used": 27,"Sort Space Type": "Memory","Plans": [{"Node Type": "Aggregate","Strategy": "Hashed","Partial Mode": "Simple","Parent Relationship": "Outer","Parallel Aware": false,"Async Capable": false,"Startup Cost": 65698.50,"Total Cost": 65700.50,"Plan Rows": 200,"Plan Width": 16,"Actual Startup Time": 6658.981,"Actual Total Time": 6659.057,"Actual Rows": 41,"Actual Loops": 1,"Group Key": ["count(orders.o_orderkey)"],"Planned Partitions": 0,"HashAgg Batches": 1,"Peak Memory Usage": 40,"Disk Usage": 0,"Plans": [{"Node Type": "Aggregate","Strategy": "Hashed","Partial Mode": "Simple","Parent Relationship": "Outer","Parallel Aware": false,"Async Capable": false,"Startup Cost": 61948.50,"Total Cost": 63448.50,"Plan Rows": 150000,"Plan Width": 12,"Actual Startup Time": 6480.209,"Actual Total Time": 6645.185,"Actual Rows": 150000,"Actual Loops": 1,"Group Key": ["customer.c_custkey"],"Planned Partitions": 0,"HashAgg Batches": 1,"Peak Memory Usage": 22545,"Disk Usage": 0,"Plans": [{"Node Type": "Hash Join","Parent Relationship": "Outer","Parallel Aware": false,"Async Capable": false,"Join Type": "Right","Startup Cost": 5781.42,"Total Cost": 54524.26,"Plan Rows": 1484848,"Plan Width": 8,"Actual Startup Time": 37.274,"Actual Total Time": 4547.015,"Actual Rows": 1533872,"Actual Loops": 1,"Inner Unique": true,"Hash Cond": "(orders.o_custkey = customer.c_custkey)","Plans": [{"Node Type": "Seq Scan","Parent Relationship": "Outer","Parallel Aware": false,"Async Capable": false,"Relation Name": "orders","Alias": "orders","Startup Cost": 0.00,"Total Cost": 44845.00,"Plan Rows": 1484848,"Plan Width": 8,"Actual Startup Time": 0.043,"Actual Total Time": 3085.028,"Actual Rows": 1483868,"Actual Loops": 1,"Filter": "((o_comment)::text !~~ '%unusual%deposits%'::text)","Rows Removed by Filter": 16132},{"Node Type": "Hash","Parent Relationship": "Inner","Parallel Aware": false,"Async Capable": false,"Startup Cost": 3906.42,"Total Cost": 3906.42,"Plan Rows": 150000,"Plan Width": 4,"Actual Startup Time": 35.508,"Actual Total Time": 35.530,"Actual Rows": 150000,"Actual Loops": 1,"Hash Buckets": 262144,"Original Hash Buckets": 262144,"Hash Batches": 1,"Original Hash Batches": 1,"Peak Memory Usage": 7322,"Plans": [{"Node Type": "Index Only Scan","Parent Relationship": "Outer","Parallel Aware": false,"Async Capable": false,"Scan Direction": "Forward","Index Name": "customer_pkey","Relation Name": "customer","Alias": "customer","Startup Cost": 0.42,"Total Cost": 3906.42,"Plan Rows": 150000,"Plan Width": 4,"Actual Startup Time": 0.053,"Actual Total Time": 13.448,"Actual Rows": 150000,"Actual Loops": 1,"Heap Fetches": 0}]}]}]}]}]},"Planning Time": 3.854,"Triggers": [],"Execution Time": 6671.834}]
[{"Plan": {"Node Type": "Sort","Parallel Aware": false,"Async Capable": false,"Startup Cost": 65592.61,"Total Cost": 65593.11,"Plan Rows": 200,"Plan Width": 16,"Actual Startup Time": 6147.348,"Actual Total Time": 6147.387,"Actual Rows": 42,"Actual Loops": 1,"Sort Key": ["(count(*)) DESC", "(count(orders.o_orderkey)) DESC"],"Sort Method": "quicksort","Sort Space Used": 27,"Sort Space Type": "Memory","Plans": [{"Node Type": "Aggregate","Strategy": "Hashed","Partial Mode": "Simple","Parent Relationship": "Outer","Parallel Aware": false,"Async Capable": false,"Startup Cost": 65582.97,"Total Cost": 65584.97,"Plan Rows": 200,"Plan Width": 16,"Actual Startup Time": 6147.247,"Actual Total Time": 6147.296,"Actual Rows": 42,"Actual Loops": 1,"Group Key": ["count(orders.o_orderkey)"],"Planned Partitions": 0,"HashAgg Batches": 1,"Peak Memory Usage": 40,"Disk Usage": 0,"Plans": [{"Node Type": "Aggregate","Strategy": "Hashed","Partial Mode": "Simple","Parent Relationship": "Outer","Parallel Aware": false,"Async Capable": false,"Startup Cost": 61832.97,"Total Cost": 63332.97,"Plan Rows": 150000,"Plan Width": 12,"Actual Startup Time": 5968.961,"Actual Total Time": 6133.532,"Actual Rows": 150000,"Actual Loops": 1,"Group Key": ["customer.c_custkey"],"Planned Partitions": 0,"HashAgg Batches": 1,"Peak Memory Usage": 22545,"Disk Usage": 0,"Plans": [{"Node Type": "Hash Join","Parent Relationship": "Outer","Parallel Aware": false,"Async Capable": false,"Join Type": "Right","Startup Cost": 5781.42,"Total Cost": 54484.49,"Plan Rows": 1469697,"Plan Width": 8,"Actual Startup Time": 38.076,"Actual Total Time": 4114.998,"Actual Rows": 1533945,"Actual Loops": 1,"Inner Unique": true,"Hash Cond": "(orders.o_custkey = customer.c_custkey)","Plans": [{"Node Type": "Seq Scan","Parent Relationship": "Outer","Parallel Aware": false,"Async Capable": false,"Relation Name": "orders","Alias": "orders","Startup Cost": 0.00,"Total Cost": 44845.00,"Plan Rows": 1469697,"Plan Width": 8,"Actual Startup Time": 0.049,"Actual Total Time": 2844.878,"Actual Rows": 1483941,"Actual Loops": 1,"Filter": "((o_comment)::text !~~ '%express%packages%'::text)","Rows Removed by Filter": 16059},{"Node Type": "Hash","Parent Relationship": "Inner","Parallel Aware": false,"Async Capable": false,"Startup Cost": 3906.42,"Total Cost": 3906.42,"Plan Rows": 150000,"Plan Width": 4,"Actual Startup Time": 36.257,"Actual Total Time": 36.268,"Actual Rows": 150000,"Actual Loops": 1,"Hash Buckets": 262144,"Original Hash Buckets": 262144,"Hash Batches": 1,"Original Hash Batches": 1,"Peak Memory Usage": 7322,"Plans": [{"Node Type": "Index Only Scan","Parent Relationship": "Outer","Parallel Aware": false,"Async Capable": false,"Scan Direction": "Forward","Index Name": "customer_pkey","Relation Name": "customer","Alias": "customer","Startup Cost": 0.42,"Total Cost": 3906.42,"Plan Rows": 150000,"Plan Width": 4,"Actual Startup Time": 0.063,"Actual Total Time": 14.588,"Actual Rows": 150000,"Actual Loops": 1,"Heap Fetches": 0}]}]}]}]}]},"Planning Time": 3.934,"Triggers": [],"Execution Time": 6155.513}]
[{"Plan": {"Node Type": "Sort","Parallel Aware": false,"Async Capable": false,"Startup Cost": 65592.61,"Total Cost": 65593.11,"Plan Rows": 200,"Plan Width": 16,"Actual Startup Time": 6059.416,"Actual Total Time": 6059.459,"Actual Rows": 42,"Actual Loops": 1,"Sort Key": ["(count(*)) DESC", "(count(orders.o_orderkey)) DESC"],"Sort Method": "quicksort","Sort Space Used": 27,"Sort Space Type": "Memory","Plans": [{"Node Type": "Aggregate","Strategy": "Hashed","Partial Mode": "Simple","Parent Relationship": "Outer","Parallel Aware": false,"Async Capable": false,"Startup Cost": 65582.97,"Total Cost": 65584.97,"Plan Rows": 200,"Plan Width": 16,"Actual Startup Time": 6059.318,"Actual Total Time": 6059.369,"Actual Rows": 42,"Actual Loops": 1,"Group Key": ["count(orders.o_orderkey)"],"Planned Partitions": 0,"HashAgg Batches": 1,"Peak Memory Usage": 40,"Disk Usage": 0,"Plans": [{"Node Type": "Aggregate","Strategy": "Hashed","Partial Mode": "Simple","Parent Relationship": "Outer","Parallel Aware": false,"Async Capable": false,"Startup Cost": 61832.97,"Total Cost": 63332.97,"Plan Rows": 150000,"Plan Width": 12,"Actual Startup Time": 5864.158,"Actual Total Time": 6045.542,"Actual Rows": 150000,"Actual Loops": 1,"Group Key": ["customer.c_custkey"],"Planned Partitions": 0,"HashAgg Batches": 1,"Peak Memory Usage": 22545,"Disk Usage": 0,"Plans": [{"Node Type": "Hash Join","Parent Relationship": "Outer","Parallel Aware": false,"Async Capable": false,"Join Type": "Right","Startup Cost": 5781.42,"Total Cost": 54484.49,"Plan Rows": 1469697,"Plan Width": 8,"Actual Startup Time": 38.198,"Actual Total Time": 4061.016,"Actual Rows": 1533817,"Actual Loops": 1,"Inner Unique": true,"Hash Cond": "(orders.o_custkey = customer.c_custkey)","Plans": [{"Node Type": "Seq Scan","Parent Relationship": "Outer","Parallel Aware": false,"Async Capable": false,"Relation Name": "orders","Alias": "orders","Startup Cost": 0.00,"Total Cost": 44845.00,"Plan Rows": 1469697,"Plan Width": 8,"Actual Startup Time": 0.037,"Actual Total Time": 2812.366,"Actual Rows": 1483813,"Actual Loops": 1,"Filter": "((o_comment)::text !~~ '%unusual%requests%'::text)","Rows Removed by Filter": 16187},{"Node Type": "Hash","Parent Relationship": "Inner","Parallel Aware": false,"Async Capable": false,"Startup Cost": 3906.42,"Total Cost": 3906.42,"Plan Rows": 150000,"Plan Width": 4,"Actual Startup Time": 36.318,"Actual Total Time": 36.334,"Actual Rows": 150000,"Actual Loops": 1,"Hash Buckets": 262144,"Original Hash Buckets": 262144,"Hash Batches": 1,"Original Hash Batches": 1,"Peak Memory Usage": 7322,"Plans": [{"Node Type": "Index Only Scan","Parent Relationship": "Outer","Parallel Aware": false,"Async Capable": false,"Scan Direction": "Forward","Index Name": "customer_pkey","Relation Name": "customer","Alias": "customer","Startup Cost": 0.42,"Total Cost": 3906.42,"Plan Rows": 150000,"Plan Width": 4,"Actual Startup Time": 0.044,"Actual Total Time": 14.416,"Actual Rows": 150000,"Actual Loops": 1,"Heap Fetches": 0}]}]}]}]}]},"Planning Time": 3.526,"Triggers": [],"Execution Time": 6069.080}]
[{"Plan": {"Node Type": "Sort","Parallel Aware": false,"Async Capable": false,"Startup Cost": 65592.61,"Total Cost": 65593.11,"Plan Rows": 200,"Plan Width": 16,"Actual Startup Time": 6108.888,"Actual Total Time": 6108.932,"Actual Rows": 42,"Actual Loops": 1,"Sort Key": ["(count(*)) DESC", "(count(orders.o_orderkey)) DESC"],"Sort Method": "quicksort","Sort Space Used": 27,"Sort Space Type": "Memory","Plans": [{"Node Type": "Aggregate","Strategy": "Hashed","Partial Mode": "Simple","Parent Relationship": "Outer","Parallel Aware": false,"Async Capable": false,"Startup Cost": 65582.97,"Total Cost": 65584.97,"Plan Rows": 200,"Plan Width": 16,"Actual Startup Time": 6108.797,"Actual Total Time": 6108.848,"Actual Rows": 42,"Actual Loops": 1,"Group Key": ["count(orders.o_orderkey)"],"Planned Partitions": 0,"HashAgg Batches": 1,"Peak Memory Usage": 40,"Disk Usage": 0,"Plans": [{"Node Type": "Aggregate","Strategy": "Hashed","Partial Mode": "Simple","Parent Relationship": "Outer","Parallel Aware": false,"Async Capable": false,"Startup Cost": 61832.97,"Total Cost": 63332.97,"Plan Rows": 150000,"Plan Width": 12,"Actual Startup Time": 5916.041,"Actual Total Time": 6095.043,"Actual Rows": 150000,"Actual Loops": 1,"Group Key": ["customer.c_custkey"],"Planned Partitions": 0,"HashAgg Batches": 1,"Peak Memory Usage": 22545,"Disk Usage": 0,"Plans": [{"Node Type": "Hash Join","Parent Relationship": "Outer","Parallel Aware": false,"Async Capable": false,"Join Type": "Right","Startup Cost": 5781.42,"Total Cost": 54484.49,"Plan Rows": 1469697,"Plan Width": 8,"Actual Startup Time": 39.068,"Actual Total Time": 4097.616,"Actual Rows": 1534019,"Actual Loops": 1,"Inner Unique": true,"Hash Cond": "(orders.o_custkey = customer.c_custkey)","Plans": [{"Node Type": "Seq Scan","Parent Relationship": "Outer","Parallel Aware": false,"Async Capable": false,"Relation Name": "orders","Alias": "orders","Startup Cost": 0.00,"Total Cost": 44845.00,"Plan Rows": 1469697,"Plan Width": 8,"Actual Startup Time": 0.051,"Actual Total Time": 2823.952,"Actual Rows": 1484015,"Actual Loops": 1,"Filter": "((o_comment)::text !~~ '%express%accounts%'::text)","Rows Removed by Filter": 15985},{"Node Type": "Hash","Parent Relationship": "Inner","Parallel Aware": false,"Async Capable": false,"Startup Cost": 3906.42,"Total Cost": 3906.42,"Plan Rows": 150000,"Plan Width": 4,"Actual Startup Time": 37.191,"Actual Total Time": 37.207,"Actual Rows": 150000,"Actual Loops": 1,"Hash Buckets": 262144,"Original Hash Buckets": 262144,"Hash Batches": 1,"Original Hash Batches": 1,"Peak Memory Usage": 7322,"Plans": [{"Node Type": "Index Only Scan","Parent Relationship": "Outer","Parallel Aware": false,"Async Capable": false,"Scan Direction": "Forward","Index Name": "customer_pkey","Relation Name": "customer","Alias": "customer","Startup Cost": 0.42,"Total Cost": 3906.42,"Plan Rows": 150000,"Plan Width": 4,"Actual Startup Time": 0.038,"Actual Total Time": 14.188,"Actual Rows": 150000,"Actual Loops": 1,"Heap Fetches": 0}]}]}]}]}]},"Planning Time": 3.814,"Triggers": [],"Execution Time": 6118.531}]
[{"Plan": {"Node Type": "Sort","Parallel Aware": false,"Async Capable": false,"Startup Cost": 65822.53,"Total Cost": 65823.03,"Plan Rows": 200,"Plan Width": 16,"Actual Startup Time": 6047.687,"Actual Total Time": 6047.735,"Actual Rows": 42,"Actual Loops": 1,"Sort Key": ["(count(*)) DESC", "(count(orders.o_orderkey)) DESC"],"Sort Method": "quicksort","Sort Space Used": 27,"Sort Space Type": "Memory","Plans": [{"Node Type": "Aggregate","Strategy": "Hashed","Partial Mode": "Simple","Parent Relationship": "Outer","Parallel Aware": false,"Async Capable": false,"Startup Cost": 65812.89,"Total Cost": 65814.89,"Plan Rows": 200,"Plan Width": 16,"Actual Startup Time": 6047.591,"Actual Total Time": 6047.643,"Actual Rows": 42,"Actual Loops": 1,"Group Key": ["count(orders.o_orderkey)"],"Planned Partitions": 0,"HashAgg Batches": 1,"Peak Memory Usage": 40,"Disk Usage": 0,"Plans": [{"Node Type": "Aggregate","Strategy": "Hashed","Partial Mode": "Simple","Parent Relationship": "Outer","Parallel Aware": false,"Async Capable": false,"Startup Cost": 62062.89,"Total Cost": 63562.89,"Plan Rows": 150000,"Plan Width": 12,"Actual Startup Time": 5868.600,"Actual Total Time": 6033.866,"Actual Rows": 150000,"Actual Loops": 1,"Group Key": ["customer.c_custkey"],"Planned Partitions": 0,"HashAgg Batches": 1,"Peak Memory Usage": 22545,"Disk Usage": 0,"Plans": [{"Node Type": "Hash Join","Parent Relationship": "Outer","Parallel Aware": false,"Async Capable": false,"Join Type": "Right","Startup Cost": 5781.42,"Total Cost": 54563.64,"Plan Rows": 1499850,"Plan Width": 8,"Actual Startup Time": 39.168,"Actual Total Time": 4010.851,"Actual Rows": 1533626,"Actual Loops": 1,"Inner Unique": true,"Hash Cond": "(orders.o_custkey = customer.c_custkey)","Plans": [{"Node Type": "Seq Scan","Parent Relationship": "Outer","Parallel Aware": false,"Async Capable": false,"Relation Name": "orders","Alias": "orders","Startup Cost": 0.00,"Total Cost": 44845.00,"Plan Rows": 1499850,"Plan Width": 8,"Actual Startup Time": 0.065,"Actual Total Time": 2757.508,"Actual Rows": 1483622,"Actual Loops": 1,"Filter": "((o_comment)::text !~~ '%unusual%accounts%'::text)","Rows Removed by Filter": 16378},{"Node Type": "Hash","Parent Relationship": "Inner","Parallel Aware": false,"Async Capable": false,"Startup Cost": 3906.42,"Total Cost": 3906.42,"Plan Rows": 150000,"Plan Width": 4,"Actual Startup Time": 37.343,"Actual Total Time": 37.362,"Actual Rows": 150000,"Actual Loops": 1,"Hash Buckets": 262144,"Original Hash Buckets": 262144,"Hash Batches": 1,"Original Hash Batches": 1,"Peak Memory Usage": 7322,"Plans": [{"Node Type": "Index Only Scan","Parent Relationship": "Outer","Parallel Aware": false,"Async Capable": false,"Scan Direction": "Forward","Index Name": "customer_pkey","Relation Name": "customer","Alias": "customer","Startup Cost": 0.42,"Total Cost": 3906.42,"Plan Rows": 150000,"Plan Width": 4,"Actual Startup Time": 0.036,"Actual Total Time": 14.472,"Actual Rows": 150000,"Actual Loops": 1,"Heap Fetches": 0}]}]}]}]}]},"Planning Time": 4.331,"Triggers": [],"Execution Time": 6056.690}]
[{"Plan": {"Node Type": "Sort","Parallel Aware": false,"Async Capable": false,"Startup Cost": 65592.61,"Total Cost": 65593.11,"Plan Rows": 200,"Plan Width": 16,"Actual Startup Time": 6042.914,"Actual Total Time": 6042.954,"Actual Rows": 42,"Actual Loops": 1,"Sort Key": ["(count(*)) DESC", "(count(orders.o_orderkey)) DESC"],"Sort Method": "quicksort","Sort Space Used": 27,"Sort Space Type": "Memory","Plans": [{"Node Type": "Aggregate","Strategy": "Hashed","Partial Mode": "Simple","Parent Relationship": "Outer","Parallel Aware": false,"Async Capable": false,"Startup Cost": 65582.97,"Total Cost": 65584.97,"Plan Rows": 200,"Plan Width": 16,"Actual Startup Time": 6042.802,"Actual Total Time": 6042.854,"Actual Rows": 42,"Actual Loops": 1,"Group Key": ["count(orders.o_orderkey)"],"Planned Partitions": 0,"HashAgg Batches": 1,"Peak Memory Usage": 40,"Disk Usage": 0,"Plans": [{"Node Type": "Aggregate","Strategy": "Hashed","Partial Mode": "Simple","Parent Relationship": "Outer","Parallel Aware": false,"Async Capable": false,"Startup Cost": 61832.97,"Total Cost": 63332.97,"Plan Rows": 150000,"Plan Width": 12,"Actual Startup Time": 5848.968,"Actual Total Time": 6029.049,"Actual Rows": 150000,"Actual Loops": 1,"Group Key": ["customer.c_custkey"],"Planned Partitions": 0,"HashAgg Batches": 1,"Peak Memory Usage": 22545,"Disk Usage": 0,"Plans": [{"Node Type": "Hash Join","Parent Relationship": "Outer","Parallel Aware": false,"Async Capable": false,"Join Type": "Right","Startup Cost": 5781.42,"Total Cost": 54484.49,"Plan Rows": 1469697,"Plan Width": 8,"Actual Startup Time": 38.540,"Actual Total Time": 4039.691,"Actual Rows": 1534055,"Actual Loops": 1,"Inner Unique": true,"Hash Cond": "(orders.o_custkey = customer.c_custkey)","Plans": [{"Node Type": "Seq Scan","Parent Relationship": "Outer","Parallel Aware": false,"Async Capable": false,"Relation Name": "orders","Alias": "orders","Startup Cost": 0.00,"Total Cost": 44845.00,"Plan Rows": 1469697,"Plan Width": 8,"Actual Startup Time": 0.061,"Actual Total Time": 2797.159,"Actual Rows": 1484051,"Actual Loops": 1,"Filter": "((o_comment)::text !~~ '%special%packages%'::text)","Rows Removed by Filter": 15949},{"Node Type": "Hash","Parent Relationship": "Inner","Parallel Aware": false,"Async Capable": false,"Startup Cost": 3906.42,"Total Cost": 3906.42,"Plan Rows": 150000,"Plan Width": 4,"Actual Startup Time": 36.593,"Actual Total Time": 36.607,"Actual Rows": 150000,"Actual Loops": 1,"Hash Buckets": 262144,"Original Hash Buckets": 262144,"Hash Batches": 1,"Original Hash Batches": 1,"Peak Memory Usage": 7322,"Plans": [{"Node Type": "Index Only Scan","Parent Relationship": "Outer","Parallel Aware": false,"Async Capable": false,"Scan Direction": "Forward","Index Name": "customer_pkey","Relation Name": "customer","Alias": "customer","Startup Cost": 0.42,"Total Cost": 3906.42,"Plan Rows": 150000,"Plan Width": 4,"Actual Startup Time": 0.050,"Actual Total Time": 14.573,"Actual Rows": 150000,"Actual Loops": 1,"Heap Fetches": 0}]}]}]}]}]},"Planning Time": 3.383,"Triggers": [],"Execution Time": 6052.793}]
[{"Plan": {"Node Type": "Sort","Parallel Aware": false,"Async Capable": false,"Startup Cost": 65822.53,"Total Cost": 65823.03,"Plan Rows": 200,"Plan Width": 16,"Actual Startup Time": 6096.807,"Actual Total Time": 6096.851,"Actual Rows": 42,"Actual Loops": 1,"Sort Key": ["(count(*)) DESC", "(count(orders.o_orderkey)) DESC"],"Sort Method": "quicksort","Sort Space Used": 27,"Sort Space Type": "Memory","Plans": [{"Node Type": "Aggregate","Strategy": "Hashed","Partial Mode": "Simple","Parent Relationship": "Outer","Parallel Aware": false,"Async Capable": false,"Startup Cost": 65812.89,"Total Cost": 65814.89,"Plan Rows": 200,"Plan Width": 16,"Actual Startup Time": 6096.707,"Actual Total Time": 6096.758,"Actual Rows": 42,"Actual Loops": 1,"Group Key": ["count(orders.o_orderkey)"],"Planned Partitions": 0,"HashAgg Batches": 1,"Peak Memory Usage": 40,"Disk Usage": 0,"Plans": [{"Node Type": "Aggregate","Strategy": "Hashed","Partial Mode": "Simple","Parent Relationship": "Outer","Parallel Aware": false,"Async Capable": false,"Startup Cost": 62062.89,"Total Cost": 63562.89,"Plan Rows": 150000,"Plan Width": 12,"Actual Startup Time": 5900.364,"Actual Total Time": 6082.949,"Actual Rows": 150000,"Actual Loops": 1,"Group Key": ["customer.c_custkey"],"Planned Partitions": 0,"HashAgg Batches": 1,"Peak Memory Usage": 22545,"Disk Usage": 0,"Plans": [{"Node Type": "Hash Join","Parent Relationship": "Outer","Parallel Aware": false,"Async Capable": false,"Join Type": "Right","Startup Cost": 5781.42,"Total Cost": 54563.64,"Plan Rows": 1499850,"Plan Width": 8,"Actual Startup Time": 38.105,"Actual Total Time": 4090.394,"Actual Rows": 1533835,"Actual Loops": 1,"Inner Unique": true,"Hash Cond": "(orders.o_custkey = customer.c_custkey)","Plans": [{"Node Type": "Seq Scan","Parent Relationship": "Outer","Parallel Aware": false,"Async Capable": false,"Relation Name": "orders","Alias": "orders","Startup Cost": 0.00,"Total Cost": 44845.00,"Plan Rows": 1499850,"Plan Width": 8,"Actual Startup Time": 0.059,"Actual Total Time": 2844.303,"Actual Rows": 1483831,"Actual Loops": 1,"Filter": "((o_comment)::text !~~ '%special%accounts%'::text)","Rows Removed by Filter": 16169},{"Node Type": "Hash","Parent Relationship": "Inner","Parallel Aware": false,"Async Capable": false,"Startup Cost": 3906.42,"Total Cost": 3906.42,"Plan Rows": 150000,"Plan Width": 4,"Actual Startup Time": 36.335,"Actual Total Time": 36.352,"Actual Rows": 150000,"Actual Loops": 1,"Hash Buckets": 262144,"Original Hash Buckets": 262144,"Hash Batches": 1,"Original Hash Batches": 1,"Peak Memory Usage": 7322,"Plans": [{"Node Type": "Index Only Scan","Parent Relationship": "Outer","Parallel Aware": false,"Async Capable": false,"Scan Direction": "Forward","Index Name": "customer_pkey","Relation Name": "customer","Alias": "customer","Startup Cost": 0.42,"Total Cost": 3906.42,"Plan Rows": 150000,"Plan Width": 4,"Actual Startup Time": 0.048,"Actual Total Time": 14.414,"Actual Rows": 150000,"Actual Loops": 1,"Heap Fetches": 0}]}]}]}]}]},"Planning Time": 3.409,"Triggers": [],"Execution Time": 6107.560}]
[{"Plan": {"Node Type": "Sort","Parallel Aware": false,"Async Capable": false,"Startup Cost": 65708.14,"Total Cost": 65708.64,"Plan Rows": 200,"Plan Width": 16,"Actual Startup Time": 6659.087,"Actual Total Time": 6659.155,"Actual Rows": 41,"Actual Loops": 1,"Sort Key": ["(count(*)) DESC", "(count(orders.o_orderkey)) DESC"],"Sort Method": "quicksort","Sort Space Used": 27,"Sort Space Type": "Memory","Plans": [{"Node Type": "Aggregate","Strategy": "Hashed","Partial Mode": "Simple","Parent Relationship": "Outer","Parallel Aware": false,"Async Capable": false,"Startup Cost": 65698.50,"Total Cost": 65700.50,"Plan Rows": 200,"Plan Width": 16,"Actual Startup Time": 6658.981,"Actual Total Time": 6659.057,"Actual Rows": 41,"Actual Loops": 1,"Group Key": ["count(orders.o_orderkey)"],"Planned Partitions": 0,"HashAgg Batches": 1,"Peak Memory Usage": 40,"Disk Usage": 0,"Plans": [{"Node Type": "Aggregate","Strategy": "Hashed","Partial Mode": "Simple","Parent Relationship": "Outer","Parallel Aware": false,"Async Capable": false,"Startup Cost": 61948.50,"Total Cost": 63448.50,"Plan Rows": 150000,"Plan Width": 12,"Actual Startup Time": 6480.209,"Actual Total Time": 6645.185,"Actual Rows": 150000,"Actual Loops": 1,"Group Key": ["customer.c_custkey"],"Planned Partitions": 0,"HashAgg Batches": 1,"Peak Memory Usage": 22545,"Disk Usage": 0,"Plans": [{"Node Type": "Hash Join","Parent Relationship": "Outer","Parallel Aware": false,"Async Capable": false,"Join Type": "Right","Startup Cost": 5781.42,"Total Cost": 54524.26,"Plan Rows": 1484848,"Plan Width": 8,"Actual Startup Time": 37.274,"Actual Total Time": 4547.015,"Actual Rows": 1533872,"Actual Loops": 1,"Inner Unique": true,"Hash Cond": "(orders.o_custkey = customer.c_custkey)","Plans": [{"Node Type": "Seq Scan","Parent Relationship": "Outer","Parallel Aware": false,"Async Capable": false,"Relation Name": "orders","Alias": "orders","Startup Cost": 0.00,"Total Cost": 44845.00,"Plan Rows": 1484848,"Plan Width": 8,"Actual Startup Time": 0.043,"Actual Total Time": 3085.028,"Actual Rows": 1483868,"Actual Loops": 1,"Filter": "((o_comment)::text !~~ '%unusual%deposits%'::text)","Rows Removed by Filter": 16132},{"Node Type": "Hash","Parent Relationship": "Inner","Parallel Aware": false,"Async Capable": false,"Startup Cost": 3906.42,"Total Cost": 3906.42,"Plan Rows": 150000,"Plan Width": 4,"Actual Startup Time": 35.508,"Actual Total Time": 35.530,"Actual Rows": 150000,"Actual Loops": 1,"Hash Buckets": 262144,"Original Hash Buckets": 262144,"Hash Batches": 1,"Original Hash Batches": 1,"Peak Memory Usage": 7322,"Plans": [{"Node Type": "Index Only Scan","Parent Relationship": "Outer","Parallel Aware": false,"Async Capable": false,"Scan Direction": "Forward","Index Name": "customer_pkey","Relation Name": "customer","Alias": "customer","Startup Cost": 0.42,"Total Cost": 3906.42,"Plan Rows": 150000,"Plan Width": 4,"Actual Startup Time": 0.053,"Actual Total Time": 13.448,"Actual Rows": 150000,"Actual Loops": 1,"Heap Fetches": 0}]}]}]}]}]},"Planning Time": 3.854,"Triggers": [],"Execution Time": 6671.834}]
[{"Plan": {"Node Type": "Sort","Parallel Aware": false,"Async Capable": false,"Startup Cost": 65477.08,"Total Cost": 65477.58,"Plan Rows": 200,"Plan Width": 16,"Actual Startup Time": 6131.456,"Actual Total Time": 6131.495,"Actual Rows": 42,"Actual Loops": 1,"Sort Key": ["(count(*)) DESC", "(count(orders.o_orderkey)) DESC"],"Sort Method": "quicksort","Sort Space Used": 27,"Sort Space Type": "Memory","Plans": [{"Node Type": "Aggregate","Strategy": "Hashed","Partial Mode": "Simple","Parent Relationship": "Outer","Parallel Aware": false,"Async Capable": false,"Startup Cost": 65467.44,"Total Cost": 65469.44,"Plan Rows": 200,"Plan Width": 16,"Actual Startup Time": 6131.350,"Actual Total Time": 6131.398,"Actual Rows": 42,"Actual Loops": 1,"Group Key": ["count(orders.o_orderkey)"],"Planned Partitions": 0,"HashAgg Batches": 1,"Peak Memory Usage": 40,"Disk Usage": 0,"Plans": [{"Node Type": "Aggregate","Strategy": "Hashed","Partial Mode": "Simple","Parent Relationship": "Outer","Parallel Aware": false,"Async Capable": false,"Startup Cost": 61717.44,"Total Cost": 63217.44,"Plan Rows": 150000,"Plan Width": 12,"Actual Startup Time": 5953.045,"Actual Total Time": 6117.615,"Actual Rows": 150000,"Actual Loops": 1,"Group Key": ["customer.c_custkey"],"Planned Partitions": 0,"HashAgg Batches": 1,"Peak Memory Usage": 22545,"Disk Usage": 0,"Plans": [{"Node Type": "Hash Join","Parent Relationship": "Outer","Parallel Aware": false,"Async Capable": false,"Join Type": "Right","Startup Cost": 5781.42,"Total Cost": 54444.71,"Plan Rows": 1454545,"Plan Width": 8,"Actual Startup Time": 38.590,"Actual Total Time": 4109.614,"Actual Rows": 1533923,"Actual Loops": 1,"Inner Unique": true,"Hash Cond": "(orders.o_custkey = customer.c_custkey)","Plans": [{"Node Type": "Seq Scan","Parent Relationship": "Outer","Parallel Aware": false,"Async Capable": false,"Relation Name": "orders","Alias": "orders","Startup Cost": 0.00,"Total Cost": 44845.00,"Plan Rows": 1454545,"Plan Width": 8,"Actual Startup Time": 0.061,"Actual Total Time": 2840.022,"Actual Rows": 1483918,"Actual Loops": 1,"Filter": "((o_comment)::text !~~ '%special%requests%'::text)","Rows Removed by Filter": 16082},{"Node Type": "Hash","Parent Relationship": "Inner","Parallel Aware": false,"Async Capable": false,"Startup Cost": 3906.42,"Total Cost": 3906.42,"Plan Rows": 150000,"Plan Width": 4,"Actual Startup Time": 36.739,"Actual Total Time": 36.756,"Actual Rows": 150000,"Actual Loops": 1,"Hash Buckets": 262144,"Original Hash Buckets": 262144,"Hash Batches": 1,"Original Hash Batches": 1,"Peak Memory Usage": 7322,"Plans": [{"Node Type": "Index Only Scan","Parent Relationship": "Outer","Parallel Aware": false,"Async Capable": false,"Scan Direction": "Forward","Index Name": "customer_pkey","Relation Name": "customer","Alias": "customer","Startup Cost": 0.42,"Total Cost": 3906.42,"Plan Rows": 150000,"Plan Width": 4,"Actual Startup Time": 0.061,"Actual Total Time": 14.504,"Actual Rows": 150000,"Actual Loops": 1,"Heap Fetches": 0}]}]}]}]}]},"Planning Time": 3.536,"Triggers": [],"Execution Time": 6139.749}]
[{"Plan": {"Node Type": "Sort","Parallel Aware": false,"Async Capable": false,"Startup Cost": 65708.14,"Total Cost": 65708.64,"Plan Rows": 200,"Plan Width": 16,"Actual Startup Time": 6659.087,"Actual Total Time": 6659.155,"Actual Rows": 41,"Actual Loops": 1,"Sort Key": ["(count(*)) DESC", "(count(orders.o_orderkey)) DESC"],"Sort Method": "quicksort","Sort Space Used": 27,"Sort Space Type": "Memory","Plans": [{"Node Type": "Aggregate","Strategy": "Hashed","Partial Mode": "Simple","Parent Relationship": "Outer","Parallel Aware": false,"Async Capable": false,"Startup Cost": 65698.50,"Total Cost": 65700.50,"Plan Rows": 200,"Plan Width": 16,"Actual Startup Time": 6658.981,"Actual Total Time": 6659.057,"Actual Rows": 41,"Actual Loops": 1,"Group Key": ["count(orders.o_orderkey)"],"Planned Partitions": 0,"HashAgg Batches": 1,"Peak Memory Usage": 40,"Disk Usage": 0,"Plans": [{"Node Type": "Aggregate","Strategy": "Hashed","Partial Mode": "Simple","Parent Relationship": "Outer","Parallel Aware": false,"Async Capable": false,"Startup Cost": 61948.50,"Total Cost": 63448.50,"Plan Rows": 150000,"Plan Width": 12,"Actual Startup Time": 6480.209,"Actual Total Time": 6645.185,"Actual Rows": 150000,"Actual Loops": 1,"Group Key": ["customer.c_custkey"],"Planned Partitions": 0,"HashAgg Batches": 1,"Peak Memory Usage": 22545,"Disk Usage": 0,"Plans": [{"Node Type": "Hash Join","Parent Relationship": "Outer","Parallel Aware": false,"Async Capable": false,"Join Type": "Right","Startup Cost": 5781.42,"Total Cost": 54524.26,"Plan Rows": 1484848,"Plan Width": 8,"Actual Startup Time": 37.274,"Actual Total Time": 4547.015,"Actual Rows": 1533872,"Actual Loops": 1,"Inner Unique": true,"Hash Cond": "(orders.o_custkey = customer.c_custkey)","Plans": [{"Node Type": "Seq Scan","Parent Relationship": "Outer","Parallel Aware": false,"Async Capable": false,"Relation Name": "orders","Alias": "orders","Startup Cost": 0.00,"Total Cost": 44845.00,"Plan Rows": 1484848,"Plan Width": 8,"Actual Startup Time": 0.043,"Actual Total Time": 3085.028,"Actual Rows": 1483868,"Actual Loops": 1,"Filter": "((o_comment)::text !~~ '%unusual%deposits%'::text)","Rows Removed by Filter": 16132},{"Node Type": "Hash","Parent Relationship": "Inner","Parallel Aware": false,"Async Capable": false,"Startup Cost": 3906.42,"Total Cost": 3906.42,"Plan Rows": 150000,"Plan Width": 4,"Actual Startup Time": 35.508,"Actual Total Time": 35.530,"Actual Rows": 150000,"Actual Loops": 1,"Hash Buckets": 262144,"Original Hash Buckets": 262144,"Hash Batches": 1,"Original Hash Batches": 1,"Peak Memory Usage": 7322,"Plans": [{"Node Type": "Index Only Scan","Parent Relationship": "Outer","Parallel Aware": false,"Async Capable": false,"Scan Direction": "Forward","Index Name": "customer_pkey","Relation Name": "customer","Alias": "customer","Startup Cost": 0.42,"Total Cost": 3906.42,"Plan Rows": 150000,"Plan Width": 4,"Actual Startup Time": 0.053,"Actual Total Time": 13.448,"Actual Rows": 150000,"Actual Loops": 1,"Heap Fetches": 0}]}]}]}]}]},"Planning Time": 3.854,"Triggers": [],"Execution Time": 6671.834}]
[{"Plan": {"Node Type": "Sort","Parallel Aware": false,"Async Capable": false,"Startup Cost": 65822.53,"Total Cost": 65823.03,"Plan Rows": 200,"Plan Width": 16,"Actual Startup Time": 5956.637,"Actual Total Time": 5956.675,"Actual Rows": 42,"Actual Loops": 1,"Sort Key": ["(count(*)) DESC", "(count(orders.o_orderkey)) DESC"],"Sort Method": "quicksort","Sort Space Used": 27,"Sort Space Type": "Memory","Plans": [{"Node Type": "Aggregate","Strategy": "Hashed","Partial Mode": "Simple","Parent Relationship": "Outer","Parallel Aware": false,"Async Capable": false,"Startup Cost": 65812.89,"Total Cost": 65814.89,"Plan Rows": 200,"Plan Width": 16,"Actual Startup Time": 5956.548,"Actual Total Time": 5956.590,"Actual Rows": 42,"Actual Loops": 1,"Group Key": ["count(orders.o_orderkey)"],"Planned Partitions": 0,"HashAgg Batches": 1,"Peak Memory Usage": 40,"Disk Usage": 0,"Plans": [{"Node Type": "Aggregate","Strategy": "Hashed","Partial Mode": "Simple","Parent Relationship": "Outer","Parallel Aware": false,"Async Capable": false,"Startup Cost": 62062.89,"Total Cost": 63562.89,"Plan Rows": 150000,"Plan Width": 12,"Actual Startup Time": 5763.184,"Actual Total Time": 5942.838,"Actual Rows": 150000,"Actual Loops": 1,"Group Key": ["customer.c_custkey"],"Planned Partitions": 0,"HashAgg Batches": 1,"Peak Memory Usage": 22545,"Disk Usage": 0,"Plans": [{"Node Type": "Hash Join","Parent Relationship": "Outer","Parallel Aware": false,"Async Capable": false,"Join Type": "Right","Startup Cost": 5781.42,"Total Cost": 54563.64,"Plan Rows": 1499850,"Plan Width": 8,"Actual Startup Time": 38.566,"Actual Total Time": 3955.732,"Actual Rows": 1533620,"Actual Loops": 1,"Inner Unique": true,"Hash Cond": "(orders.o_custkey = customer.c_custkey)","Plans": [{"Node Type": "Seq Scan","Parent Relationship": "Outer","Parallel Aware": false,"Async Capable": false,"Relation Name": "orders","Alias": "orders","Startup Cost": 0.00,"Total Cost": 44845.00,"Plan Rows": 1499850,"Plan Width": 8,"Actual Startup Time": 0.052,"Actual Total Time": 2713.562,"Actual Rows": 1483615,"Actual Loops": 1,"Filter": "((o_comment)::text !~~ '%pending%accounts%'::text)","Rows Removed by Filter": 16385},{"Node Type": "Hash","Parent Relationship": "Inner","Parallel Aware": false,"Async Capable": false,"Startup Cost": 3906.42,"Total Cost": 3906.42,"Plan Rows": 150000,"Plan Width": 4,"Actual Startup Time": 36.530,"Actual Total Time": 36.543,"Actual Rows": 150000,"Actual Loops": 1,"Hash Buckets": 262144,"Original Hash Buckets": 262144,"Hash Batches": 1,"Original Hash Batches": 1,"Peak Memory Usage": 7322,"Plans": [{"Node Type": "Index Only Scan","Parent Relationship": "Outer","Parallel Aware": false,"Async Capable": false,"Scan Direction": "Forward","Index Name": "customer_pkey","Relation Name": "customer","Alias": "customer","Startup Cost": 0.42,"Total Cost": 3906.42,"Plan Rows": 150000,"Plan Width": 4,"Actual Startup Time": 0.036,"Actual Total Time": 14.278,"Actual Rows": 150000,"Actual Loops": 1,"Heap Fetches": 0}]}]}]}]}]},"Planning Time": 3.568,"Triggers": [],"Execution Time": 5966.474}]
[{"Plan": {"Node Type": "Sort","Parallel Aware": false,"Async Capable": false,"Startup Cost": 65822.53,"Total Cost": 65823.03,"Plan Rows": 200,"Plan Width": 16,"Actual Startup Time": 6650.964,"Actual Total Time": 6651.000,"Actual Rows": 42,"Actual Loops": 1,"Sort Key": ["(count(*)) DESC", "(count(orders.o_orderkey)) DESC"],"Sort Method": "quicksort","Sort Space Used": 27,"Sort Space Type": "Memory","Plans": [{"Node Type": "Aggregate","Strategy": "Hashed","Partial Mode": "Simple","Parent Relationship": "Outer","Parallel Aware": false,"Async Capable": false,"Startup Cost": 65812.89,"Total Cost": 65814.89,"Plan Rows": 200,"Plan Width": 16,"Actual Startup Time": 6650.893,"Actual Total Time": 6650.940,"Actual Rows": 42,"Actual Loops": 1,"Group Key": ["count(orders.o_orderkey)"],"Planned Partitions": 0,"HashAgg Batches": 1,"Peak Memory Usage": 40,"Disk Usage": 0,"Plans": [{"Node Type": "Aggregate","Strategy": "Hashed","Partial Mode": "Simple","Parent Relationship": "Outer","Parallel Aware": false,"Async Capable": false,"Startup Cost": 62062.89,"Total Cost": 63562.89,"Plan Rows": 150000,"Plan Width": 12,"Actual Startup Time": 6477.408,"Actual Total Time": 6637.150,"Actual Rows": 150000,"Actual Loops": 1,"Group Key": ["customer.c_custkey"],"Planned Partitions": 0,"HashAgg Batches": 1,"Peak Memory Usage": 22545,"Disk Usage": 0,"Plans": [{"Node Type": "Hash Join","Parent Relationship": "Outer","Parallel Aware": false,"Async Capable": false,"Join Type": "Right","Startup Cost": 5781.42,"Total Cost": 54563.64,"Plan Rows": 1499850,"Plan Width": 8,"Actual Startup Time": 36.551,"Actual Total Time": 4552.506,"Actual Rows": 1533843,"Actual Loops": 1,"Inner Unique": true,"Hash Cond": "(orders.o_custkey = customer.c_custkey)","Plans": [{"Node Type": "Seq Scan","Parent Relationship": "Outer","Parallel Aware": false,"Async Capable": false,"Relation Name": "orders","Alias": "orders","Startup Cost": 0.00,"Total Cost": 44845.00,"Plan Rows": 1499850,"Plan Width": 8,"Actual Startup Time": 0.044,"Actual Total Time": 3147.620,"Actual Rows": 1483839,"Actual Loops": 1,"Filter": "((o_comment)::text !~~ '%pending%deposits%'::text)","Rows Removed by Filter": 16161},{"Node Type": "Hash","Parent Relationship": "Inner","Parallel Aware": false,"Async Capable": false,"Startup Cost": 3906.42,"Total Cost": 3906.42,"Plan Rows": 150000,"Plan Width": 4,"Actual Startup Time": 34.769,"Actual Total Time": 34.783,"Actual Rows": 150000,"Actual Loops": 1,"Hash Buckets": 262144,"Original Hash Buckets": 262144,"Hash Batches": 1,"Original Hash Batches": 1,"Peak Memory Usage": 7322,"Plans": [{"Node Type": "Index Only Scan","Parent Relationship": "Outer","Parallel Aware": false,"Async Capable": false,"Scan Direction": "Forward","Index Name": "customer_pkey","Relation Name": "customer","Alias": "customer","Startup Cost": 0.42,"Total Cost": 3906.42,"Plan Rows": 150000,"Plan Width": 4,"Actual Startup Time": 0.065,"Actual Total Time": 13.424,"Actual Rows": 150000,"Actual Loops": 1,"Heap Fetches": 0}]}]}]}]}]},"Planning Time": 3.594,"Triggers": [],"Execution Time": 6658.782}]
[{"Plan": {"Node Type": "Sort","Parallel Aware": false,"Async Capable": false,"Startup Cost": 65822.53,"Total Cost": 65823.03,"Plan Rows": 200,"Plan Width": 16,"Actual Startup Time": 6789.356,"Actual Total Time": 6789.385,"Actual Rows": 42,"Actual Loops": 1,"Sort Key": ["(count(*)) DESC", "(count(orders.o_orderkey)) DESC"],"Sort Method": "quicksort","Sort Space Used": 27,"Sort Space Type": "Memory","Plans": [{"Node Type": "Aggregate","Strategy": "Hashed","Partial Mode": "Simple","Parent Relationship": "Outer","Parallel Aware": false,"Async Capable": false,"Startup Cost": 65812.89,"Total Cost": 65814.89,"Plan Rows": 200,"Plan Width": 16,"Actual Startup Time": 6789.265,"Actual Total Time": 6789.304,"Actual Rows": 42,"Actual Loops": 1,"Group Key": ["count(orders.o_orderkey)"],"Planned Partitions": 0,"HashAgg Batches": 1,"Peak Memory Usage": 40,"Disk Usage": 0,"Plans": [{"Node Type": "Aggregate","Strategy": "Hashed","Partial Mode": "Simple","Parent Relationship": "Outer","Parallel Aware": false,"Async Capable": false,"Startup Cost": 62062.89,"Total Cost": 63562.89,"Plan Rows": 150000,"Plan Width": 12,"Actual Startup Time": 6597.323,"Actual Total Time": 6775.519,"Actual Rows": 150000,"Actual Loops": 1,"Group Key": ["customer.c_custkey"],"Planned Partitions": 0,"HashAgg Batches": 1,"Peak Memory Usage": 22545,"Disk Usage": 0,"Plans": [{"Node Type": "Hash Join","Parent Relationship": "Outer","Parallel Aware": false,"Async Capable": false,"Join Type": "Right","Startup Cost": 5781.42,"Total Cost": 54563.64,"Plan Rows": 1499850,"Plan Width": 8,"Actual Startup Time": 45.919,"Actual Total Time": 4674.391,"Actual Rows": 1534025,"Actual Loops": 1,"Inner Unique": true,"Hash Cond": "(orders.o_custkey = customer.c_custkey)","Plans": [{"Node Type": "Seq Scan","Parent Relationship": "Outer","Parallel Aware": false,"Async Capable": false,"Relation Name": "orders","Alias": "orders","Startup Cost": 0.00,"Total Cost": 44845.00,"Plan Rows": 1499850,"Plan Width": 8,"Actual Startup Time": 0.049,"Actual Total Time": 3245.830,"Actual Rows": 1484020,"Actual Loops": 1,"Filter": "((o_comment)::text !~~ '%express%deposits%'::text)","Rows Removed by Filter": 15980},{"Node Type": "Hash","Parent Relationship": "Inner","Parallel Aware": false,"Async Capable": false,"Startup Cost": 3906.42,"Total Cost": 3906.42,"Plan Rows": 150000,"Plan Width": 4,"Actual Startup Time": 44.047,"Actual Total Time": 44.059,"Actual Rows": 150000,"Actual Loops": 1,"Hash Buckets": 262144,"Original Hash Buckets": 262144,"Hash Batches": 1,"Original Hash Batches": 1,"Peak Memory Usage": 7322,"Plans": [{"Node Type": "Index Only Scan","Parent Relationship": "Outer","Parallel Aware": false,"Async Capable": false,"Scan Direction": "Forward","Index Name": "customer_pkey","Relation Name": "customer","Alias": "customer","Startup Cost": 0.42,"Total Cost": 3906.42,"Plan Rows": 150000,"Plan Width": 4,"Actual Startup Time": 0.049,"Actual Total Time": 21.219,"Actual Rows": 150000,"Actual Loops": 1,"Heap Fetches": 0}]}]}]}]}]},"Planning Time": 4.349,"Triggers": [],"Execution Time": 6798.388}]
[{"Plan": {"Node Type": "Sort","Parallel Aware": false,"Async Capable": false,"Startup Cost": 65708.14,"Total Cost": 65708.64,"Plan Rows": 200,"Plan Width": 16,"Actual Startup Time": 6659.087,"Actual Total Time": 6659.155,"Actual Rows": 41,"Actual Loops": 1,"Sort Key": ["(count(*)) DESC", "(count(orders.o_orderkey)) DESC"],"Sort Method": "quicksort","Sort Space Used": 27,"Sort Space Type": "Memory","Plans": [{"Node Type": "Aggregate","Strategy": "Hashed","Partial Mode": "Simple","Parent Relationship": "Outer","Parallel Aware": false,"Async Capable": false,"Startup Cost": 65698.50,"Total Cost": 65700.50,"Plan Rows": 200,"Plan Width": 16,"Actual Startup Time": 6658.981,"Actual Total Time": 6659.057,"Actual Rows": 41,"Actual Loops": 1,"Group Key": ["count(orders.o_orderkey)"],"Planned Partitions": 0,"HashAgg Batches": 1,"Peak Memory Usage": 40,"Disk Usage": 0,"Plans": [{"Node Type": "Aggregate","Strategy": "Hashed","Partial Mode": "Simple","Parent Relationship": "Outer","Parallel Aware": false,"Async Capable": false,"Startup Cost": 61948.50,"Total Cost": 63448.50,"Plan Rows": 150000,"Plan Width": 12,"Actual Startup Time": 6480.209,"Actual Total Time": 6645.185,"Actual Rows": 150000,"Actual Loops": 1,"Group Key": ["customer.c_custkey"],"Planned Partitions": 0,"HashAgg Batches": 1,"Peak Memory Usage": 22545,"Disk Usage": 0,"Plans": [{"Node Type": "Hash Join","Parent Relationship": "Outer","Parallel Aware": false,"Async Capable": false,"Join Type": "Right","Startup Cost": 5781.42,"Total Cost": 54524.26,"Plan Rows": 1484848,"Plan Width": 8,"Actual Startup Time": 37.274,"Actual Total Time": 4547.015,"Actual Rows": 1533872,"Actual Loops": 1,"Inner Unique": true,"Hash Cond": "(orders.o_custkey = customer.c_custkey)","Plans": [{"Node Type": "Seq Scan","Parent Relationship": "Outer","Parallel Aware": false,"Async Capable": false,"Relation Name": "orders","Alias": "orders","Startup Cost": 0.00,"Total Cost": 44845.00,"Plan Rows": 1484848,"Plan Width": 8,"Actual Startup Time": 0.043,"Actual Total Time": 3085.028,"Actual Rows": 1483868,"Actual Loops": 1,"Filter": "((o_comment)::text !~~ '%unusual%deposits%'::text)","Rows Removed by Filter": 16132},{"Node Type": "Hash","Parent Relationship": "Inner","Parallel Aware": false,"Async Capable": false,"Startup Cost": 3906.42,"Total Cost": 3906.42,"Plan Rows": 150000,"Plan Width": 4,"Actual Startup Time": 35.508,"Actual Total Time": 35.530,"Actual Rows": 150000,"Actual Loops": 1,"Hash Buckets": 262144,"Original Hash Buckets": 262144,"Hash Batches": 1,"Original Hash Batches": 1,"Peak Memory Usage": 7322,"Plans": [{"Node Type": "Index Only Scan","Parent Relationship": "Outer","Parallel Aware": false,"Async Capable": false,"Scan Direction": "Forward","Index Name": "customer_pkey","Relation Name": "customer","Alias": "customer","Startup Cost": 0.42,"Total Cost": 3906.42,"Plan Rows": 150000,"Plan Width": 4,"Actual Startup Time": 0.053,"Actual Total Time": 13.448,"Actual Rows": 150000,"Actual Loops": 1,"Heap Fetches": 0}]}]}]}]}]},"Planning Time": 3.854,"Triggers": [],"Execution Time": 6671.834}]
[{"Plan": {"Node Type": "Sort","Parallel Aware": false,"Async Capable": false,"Startup Cost": 65708.14,"Total Cost": 65708.64,"Plan Rows": 200,"Plan Width": 16,"Actual Startup Time": 6734.447,"Actual Total Time": 6734.481,"Actual Rows": 42,"Actual Loops": 1,"Sort Key": ["(count(*)) DESC", "(count(orders.o_orderkey)) DESC"],"Sort Method": "quicksort","Sort Space Used": 27,"Sort Space Type": "Memory","Plans": [{"Node Type": "Aggregate","Strategy": "Hashed","Partial Mode": "Simple","Parent Relationship": "Outer","Parallel Aware": false,"Async Capable": false,"Startup Cost": 65698.50,"Total Cost": 65700.50,"Plan Rows": 200,"Plan Width": 16,"Actual Startup Time": 6734.369,"Actual Total Time": 6734.411,"Actual Rows": 42,"Actual Loops": 1,"Group Key": ["count(orders.o_orderkey)"],"Planned Partitions": 0,"HashAgg Batches": 1,"Peak Memory Usage": 40,"Disk Usage": 0,"Plans": [{"Node Type": "Aggregate","Strategy": "Hashed","Partial Mode": "Simple","Parent Relationship": "Outer","Parallel Aware": false,"Async Capable": false,"Startup Cost": 61948.50,"Total Cost": 63448.50,"Plan Rows": 150000,"Plan Width": 12,"Actual Startup Time": 6542.374,"Actual Total Time": 6720.630,"Actual Rows": 150000,"Actual Loops": 1,"Group Key": ["customer.c_custkey"],"Planned Partitions": 0,"HashAgg Batches": 1,"Peak Memory Usage": 22545,"Disk Usage": 0,"Plans": [{"Node Type": "Hash Join","Parent Relationship": "Outer","Parallel Aware": false,"Async Capable": false,"Join Type": "Right","Startup Cost": 5781.42,"Total Cost": 54524.26,"Plan Rows": 1484848,"Plan Width": 8,"Actual Startup Time": 36.319,"Actual Total Time": 4621.827,"Actual Rows": 1533676,"Actual Loops": 1,"Inner Unique": true,"Hash Cond": "(orders.o_custkey = customer.c_custkey)","Plans": [{"Node Type": "Seq Scan","Parent Relationship": "Outer","Parallel Aware": false,"Async Capable": false,"Relation Name": "orders","Alias": "orders","Startup Cost": 0.00,"Total Cost": 44845.00,"Plan Rows": 1484848,"Plan Width": 8,"Actual Startup Time": 0.054,"Actual Total Time": 3196.487,"Actual Rows": 1483672,"Actual Loops": 1,"Filter": "((o_comment)::text !~~ '%express%requests%'::text)","Rows Removed by Filter": 16328},{"Node Type": "Hash","Parent Relationship": "Inner","Parallel Aware": false,"Async Capable": false,"Startup Cost": 3906.42,"Total Cost": 3906.42,"Plan Rows": 150000,"Plan Width": 4,"Actual Startup Time": 34.348,"Actual Total Time": 34.358,"Actual Rows": 150000,"Actual Loops": 1,"Hash Buckets": 262144,"Original Hash Buckets": 262144,"Hash Batches": 1,"Original Hash Batches": 1,"Peak Memory Usage": 7322,"Plans": [{"Node Type": "Index Only Scan","Parent Relationship": "Outer","Parallel Aware": false,"Async Capable": false,"Scan Direction": "Forward","Index Name": "customer_pkey","Relation Name": "customer","Alias": "customer","Startup Cost": 0.42,"Total Cost": 3906.42,"Plan Rows": 150000,"Plan Width": 4,"Actual Startup Time": 0.054,"Actual Total Time": 13.145,"Actual Rows": 150000,"Actual Loops": 1,"Heap Fetches": 0}]}]}]}]}]},"Planning Time": 4.493,"Triggers": [],"Execution Time": 6743.934}]
[{"Plan": {"Node Type": "Sort","Parallel Aware": false,"Async Capable": false,"Startup Cost": 65592.61,"Total Cost": 65593.11,"Plan Rows": 200,"Plan Width": 16,"Actual Startup Time": 6059.416,"Actual Total Time": 6059.459,"Actual Rows": 42,"Actual Loops": 1,"Sort Key": ["(count(*)) DESC", "(count(orders.o_orderkey)) DESC"],"Sort Method": "quicksort","Sort Space Used": 27,"Sort Space Type": "Memory","Plans": [{"Node Type": "Aggregate","Strategy": "Hashed","Partial Mode": "Simple","Parent Relationship": "Outer","Parallel Aware": false,"Async Capable": false,"Startup Cost": 65582.97,"Total Cost": 65584.97,"Plan Rows": 200,"Plan Width": 16,"Actual Startup Time": 6059.318,"Actual Total Time": 6059.369,"Actual Rows": 42,"Actual Loops": 1,"Group Key": ["count(orders.o_orderkey)"],"Planned Partitions": 0,"HashAgg Batches": 1,"Peak Memory Usage": 40,"Disk Usage": 0,"Plans": [{"Node Type": "Aggregate","Strategy": "Hashed","Partial Mode": "Simple","Parent Relationship": "Outer","Parallel Aware": false,"Async Capable": false,"Startup Cost": 61832.97,"Total Cost": 63332.97,"Plan Rows": 150000,"Plan Width": 12,"Actual Startup Time": 5864.158,"Actual Total Time": 6045.542,"Actual Rows": 150000,"Actual Loops": 1,"Group Key": ["customer.c_custkey"],"Planned Partitions": 0,"HashAgg Batches": 1,"Peak Memory Usage": 22545,"Disk Usage": 0,"Plans": [{"Node Type": "Hash Join","Parent Relationship": "Outer","Parallel Aware": false,"Async Capable": false,"Join Type": "Right","Startup Cost": 5781.42,"Total Cost": 54484.49,"Plan Rows": 1469697,"Plan Width": 8,"Actual Startup Time": 38.198,"Actual Total Time": 4061.016,"Actual Rows": 1533817,"Actual Loops": 1,"Inner Unique": true,"Hash Cond": "(orders.o_custkey = customer.c_custkey)","Plans": [{"Node Type": "Seq Scan","Parent Relationship": "Outer","Parallel Aware": false,"Async Capable": false,"Relation Name": "orders","Alias": "orders","Startup Cost": 0.00,"Total Cost": 44845.00,"Plan Rows": 1469697,"Plan Width": 8,"Actual Startup Time": 0.037,"Actual Total Time": 2812.366,"Actual Rows": 1483813,"Actual Loops": 1,"Filter": "((o_comment)::text !~~ '%unusual%requests%'::text)","Rows Removed by Filter": 16187},{"Node Type": "Hash","Parent Relationship": "Inner","Parallel Aware": false,"Async Capable": false,"Startup Cost": 3906.42,"Total Cost": 3906.42,"Plan Rows": 150000,"Plan Width": 4,"Actual Startup Time": 36.318,"Actual Total Time": 36.334,"Actual Rows": 150000,"Actual Loops": 1,"Hash Buckets": 262144,"Original Hash Buckets": 262144,"Hash Batches": 1,"Original Hash Batches": 1,"Peak Memory Usage": 7322,"Plans": [{"Node Type": "Index Only Scan","Parent Relationship": "Outer","Parallel Aware": false,"Async Capable": false,"Scan Direction": "Forward","Index Name": "customer_pkey","Relation Name": "customer","Alias": "customer","Startup Cost": 0.42,"Total Cost": 3906.42,"Plan Rows": 150000,"Plan Width": 4,"Actual Startup Time": 0.044,"Actual Total Time": 14.416,"Actual Rows": 150000,"Actual Loops": 1,"Heap Fetches": 0}]}]}]}]}]},"Planning Time": 3.526,"Triggers": [],"Execution Time": 6069.080}]
[{"Plan": {"Node Type": "Sort","Parallel Aware": false,"Async Capable": false,"Startup Cost": 65822.53,"Total Cost": 65823.03,"Plan Rows": 200,"Plan Width": 16,"Actual Startup Time": 6650.964,"Actual Total Time": 6651.000,"Actual Rows": 42,"Actual Loops": 1,"Sort Key": ["(count(*)) DESC", "(count(orders.o_orderkey)) DESC"],"Sort Method": "quicksort","Sort Space Used": 27,"Sort Space Type": "Memory","Plans": [{"Node Type": "Aggregate","Strategy": "Hashed","Partial Mode": "Simple","Parent Relationship": "Outer","Parallel Aware": false,"Async Capable": false,"Startup Cost": 65812.89,"Total Cost": 65814.89,"Plan Rows": 200,"Plan Width": 16,"Actual Startup Time": 6650.893,"Actual Total Time": 6650.940,"Actual Rows": 42,"Actual Loops": 1,"Group Key": ["count(orders.o_orderkey)"],"Planned Partitions": 0,"HashAgg Batches": 1,"Peak Memory Usage": 40,"Disk Usage": 0,"Plans": [{"Node Type": "Aggregate","Strategy": "Hashed","Partial Mode": "Simple","Parent Relationship": "Outer","Parallel Aware": false,"Async Capable": false,"Startup Cost": 62062.89,"Total Cost": 63562.89,"Plan Rows": 150000,"Plan Width": 12,"Actual Startup Time": 6477.408,"Actual Total Time": 6637.150,"Actual Rows": 150000,"Actual Loops": 1,"Group Key": ["customer.c_custkey"],"Planned Partitions": 0,"HashAgg Batches": 1,"Peak Memory Usage": 22545,"Disk Usage": 0,"Plans": [{"Node Type": "Hash Join","Parent Relationship": "Outer","Parallel Aware": false,"Async Capable": false,"Join Type": "Right","Startup Cost": 5781.42,"Total Cost": 54563.64,"Plan Rows": 1499850,"Plan Width": 8,"Actual Startup Time": 36.551,"Actual Total Time": 4552.506,"Actual Rows": 1533843,"Actual Loops": 1,"Inner Unique": true,"Hash Cond": "(orders.o_custkey = customer.c_custkey)","Plans": [{"Node Type": "Seq Scan","Parent Relationship": "Outer","Parallel Aware": false,"Async Capable": false,"Relation Name": "orders","Alias": "orders","Startup Cost": 0.00,"Total Cost": 44845.00,"Plan Rows": 1499850,"Plan Width": 8,"Actual Startup Time": 0.044,"Actual Total Time": 3147.620,"Actual Rows": 1483839,"Actual Loops": 1,"Filter": "((o_comment)::text !~~ '%pending%deposits%'::text)","Rows Removed by Filter": 16161},{"Node Type": "Hash","Parent Relationship": "Inner","Parallel Aware": false,"Async Capable": false,"Startup Cost": 3906.42,"Total Cost": 3906.42,"Plan Rows": 150000,"Plan Width": 4,"Actual Startup Time": 34.769,"Actual Total Time": 34.783,"Actual Rows": 150000,"Actual Loops": 1,"Hash Buckets": 262144,"Original Hash Buckets": 262144,"Hash Batches": 1,"Original Hash Batches": 1,"Peak Memory Usage": 7322,"Plans": [{"Node Type": "Index Only Scan","Parent Relationship": "Outer","Parallel Aware": false,"Async Capable": false,"Scan Direction": "Forward","Index Name": "customer_pkey","Relation Name": "customer","Alias": "customer","Startup Cost": 0.42,"Total Cost": 3906.42,"Plan Rows": 150000,"Plan Width": 4,"Actual Startup Time": 0.065,"Actual Total Time": 13.424,"Actual Rows": 150000,"Actual Loops": 1,"Heap Fetches": 0}]}]}]}]}]},"Planning Time": 3.594,"Triggers": [],"Execution Time": 6658.782}]
[{"Plan": {"Node Type": "Sort","Parallel Aware": false,"Async Capable": false,"Startup Cost": 65708.14,"Total Cost": 65708.64,"Plan Rows": 200,"Plan Width": 16,"Actual Startup Time": 6734.447,"Actual Total Time": 6734.481,"Actual Rows": 42,"Actual Loops": 1,"Sort Key": ["(count(*)) DESC", "(count(orders.o_orderkey)) DESC"],"Sort Method": "quicksort","Sort Space Used": 27,"Sort Space Type": "Memory","Plans": [{"Node Type": "Aggregate","Strategy": "Hashed","Partial Mode": "Simple","Parent Relationship": "Outer","Parallel Aware": false,"Async Capable": false,"Startup Cost": 65698.50,"Total Cost": 65700.50,"Plan Rows": 200,"Plan Width": 16,"Actual Startup Time": 6734.369,"Actual Total Time": 6734.411,"Actual Rows": 42,"Actual Loops": 1,"Group Key": ["count(orders.o_orderkey)"],"Planned Partitions": 0,"HashAgg Batches": 1,"Peak Memory Usage": 40,"Disk Usage": 0,"Plans": [{"Node Type": "Aggregate","Strategy": "Hashed","Partial Mode": "Simple","Parent Relationship": "Outer","Parallel Aware": false,"Async Capable": false,"Startup Cost": 61948.50,"Total Cost": 63448.50,"Plan Rows": 150000,"Plan Width": 12,"Actual Startup Time": 6542.374,"Actual Total Time": 6720.630,"Actual Rows": 150000,"Actual Loops": 1,"Group Key": ["customer.c_custkey"],"Planned Partitions": 0,"HashAgg Batches": 1,"Peak Memory Usage": 22545,"Disk Usage": 0,"Plans": [{"Node Type": "Hash Join","Parent Relationship": "Outer","Parallel Aware": false,"Async Capable": false,"Join Type": "Right","Startup Cost": 5781.42,"Total Cost": 54524.26,"Plan Rows": 1484848,"Plan Width": 8,"Actual Startup Time": 36.319,"Actual Total Time": 4621.827,"Actual Rows": 1533676,"Actual Loops": 1,"Inner Unique": true,"Hash Cond": "(orders.o_custkey = customer.c_custkey)","Plans": [{"Node Type": "Seq Scan","Parent Relationship": "Outer","Parallel Aware": false,"Async Capable": false,"Relation Name": "orders","Alias": "orders","Startup Cost": 0.00,"Total Cost": 44845.00,"Plan Rows": 1484848,"Plan Width": 8,"Actual Startup Time": 0.054,"Actual Total Time": 3196.487,"Actual Rows": 1483672,"Actual Loops": 1,"Filter": "((o_comment)::text !~~ '%express%requests%'::text)","Rows Removed by Filter": 16328},{"Node Type": "Hash","Parent Relationship": "Inner","Parallel Aware": false,"Async Capable": false,"Startup Cost": 3906.42,"Total Cost": 3906.42,"Plan Rows": 150000,"Plan Width": 4,"Actual Startup Time": 34.348,"Actual Total Time": 34.358,"Actual Rows": 150000,"Actual Loops": 1,"Hash Buckets": 262144,"Original Hash Buckets": 262144,"Hash Batches": 1,"Original Hash Batches": 1,"Peak Memory Usage": 7322,"Plans": [{"Node Type": "Index Only Scan","Parent Relationship": "Outer","Parallel Aware": false,"Async Capable": false,"Scan Direction": "Forward","Index Name": "customer_pkey","Relation Name": "customer","Alias": "customer","Startup Cost": 0.42,"Total Cost": 3906.42,"Plan Rows": 150000,"Plan Width": 4,"Actual Startup Time": 0.054,"Actual Total Time": 13.145,"Actual Rows": 150000,"Actual Loops": 1,"Heap Fetches": 0}]}]}]}]}]},"Planning Time": 4.493,"Triggers": [],"Execution Time": 6743.934}]
[{"Plan": {"Node Type": "Sort","Parallel Aware": false,"Async Capable": false,"Startup Cost": 65592.61,"Total Cost": 65593.11,"Plan Rows": 200,"Plan Width": 16,"Actual Startup Time": 6108.888,"Actual Total Time": 6108.932,"Actual Rows": 42,"Actual Loops": 1,"Sort Key": ["(count(*)) DESC", "(count(orders.o_orderkey)) DESC"],"Sort Method": "quicksort","Sort Space Used": 27,"Sort Space Type": "Memory","Plans": [{"Node Type": "Aggregate","Strategy": "Hashed","Partial Mode": "Simple","Parent Relationship": "Outer","Parallel Aware": false,"Async Capable": false,"Startup Cost": 65582.97,"Total Cost": 65584.97,"Plan Rows": 200,"Plan Width": 16,"Actual Startup Time": 6108.797,"Actual Total Time": 6108.848,"Actual Rows": 42,"Actual Loops": 1,"Group Key": ["count(orders.o_orderkey)"],"Planned Partitions": 0,"HashAgg Batches": 1,"Peak Memory Usage": 40,"Disk Usage": 0,"Plans": [{"Node Type": "Aggregate","Strategy": "Hashed","Partial Mode": "Simple","Parent Relationship": "Outer","Parallel Aware": false,"Async Capable": false,"Startup Cost": 61832.97,"Total Cost": 63332.97,"Plan Rows": 150000,"Plan Width": 12,"Actual Startup Time": 5916.041,"Actual Total Time": 6095.043,"Actual Rows": 150000,"Actual Loops": 1,"Group Key": ["customer.c_custkey"],"Planned Partitions": 0,"HashAgg Batches": 1,"Peak Memory Usage": 22545,"Disk Usage": 0,"Plans": [{"Node Type": "Hash Join","Parent Relationship": "Outer","Parallel Aware": false,"Async Capable": false,"Join Type": "Right","Startup Cost": 5781.42,"Total Cost": 54484.49,"Plan Rows": 1469697,"Plan Width": 8,"Actual Startup Time": 39.068,"Actual Total Time": 4097.616,"Actual Rows": 1534019,"Actual Loops": 1,"Inner Unique": true,"Hash Cond": "(orders.o_custkey = customer.c_custkey)","Plans": [{"Node Type": "Seq Scan","Parent Relationship": "Outer","Parallel Aware": false,"Async Capable": false,"Relation Name": "orders","Alias": "orders","Startup Cost": 0.00,"Total Cost": 44845.00,"Plan Rows": 1469697,"Plan Width": 8,"Actual Startup Time": 0.051,"Actual Total Time": 2823.952,"Actual Rows": 1484015,"Actual Loops": 1,"Filter": "((o_comment)::text !~~ '%express%accounts%'::text)","Rows Removed by Filter": 15985},{"Node Type": "Hash","Parent Relationship": "Inner","Parallel Aware": false,"Async Capable": false,"Startup Cost": 3906.42,"Total Cost": 3906.42,"Plan Rows": 150000,"Plan Width": 4,"Actual Startup Time": 37.191,"Actual Total Time": 37.207,"Actual Rows": 150000,"Actual Loops": 1,"Hash Buckets": 262144,"Original Hash Buckets": 262144,"Hash Batches": 1,"Original Hash Batches": 1,"Peak Memory Usage": 7322,"Plans": [{"Node Type": "Index Only Scan","Parent Relationship": "Outer","Parallel Aware": false,"Async Capable": false,"Scan Direction": "Forward","Index Name": "customer_pkey","Relation Name": "customer","Alias": "customer","Startup Cost": 0.42,"Total Cost": 3906.42,"Plan Rows": 150000,"Plan Width": 4,"Actual Startup Time": 0.038,"Actual Total Time": 14.188,"Actual Rows": 150000,"Actual Loops": 1,"Heap Fetches": 0}]}]}]}]}]},"Planning Time": 3.814,"Triggers": [],"Execution Time": 6118.531}]
[{"Plan": {"Node Type": "Sort","Parallel Aware": false,"Async Capable": false,"Startup Cost": 65477.08,"Total Cost": 65477.58,"Plan Rows": 200,"Plan Width": 16,"Actual Startup Time": 6131.456,"Actual Total Time": 6131.495,"Actual Rows": 42,"Actual Loops": 1,"Sort Key": ["(count(*)) DESC", "(count(orders.o_orderkey)) DESC"],"Sort Method": "quicksort","Sort Space Used": 27,"Sort Space Type": "Memory","Plans": [{"Node Type": "Aggregate","Strategy": "Hashed","Partial Mode": "Simple","Parent Relationship": "Outer","Parallel Aware": false,"Async Capable": false,"Startup Cost": 65467.44,"Total Cost": 65469.44,"Plan Rows": 200,"Plan Width": 16,"Actual Startup Time": 6131.350,"Actual Total Time": 6131.398,"Actual Rows": 42,"Actual Loops": 1,"Group Key": ["count(orders.o_orderkey)"],"Planned Partitions": 0,"HashAgg Batches": 1,"Peak Memory Usage": 40,"Disk Usage": 0,"Plans": [{"Node Type": "Aggregate","Strategy": "Hashed","Partial Mode": "Simple","Parent Relationship": "Outer","Parallel Aware": false,"Async Capable": false,"Startup Cost": 61717.44,"Total Cost": 63217.44,"Plan Rows": 150000,"Plan Width": 12,"Actual Startup Time": 5953.045,"Actual Total Time": 6117.615,"Actual Rows": 150000,"Actual Loops": 1,"Group Key": ["customer.c_custkey"],"Planned Partitions": 0,"HashAgg Batches": 1,"Peak Memory Usage": 22545,"Disk Usage": 0,"Plans": [{"Node Type": "Hash Join","Parent Relationship": "Outer","Parallel Aware": false,"Async Capable": false,"Join Type": "Right","Startup Cost": 5781.42,"Total Cost": 54444.71,"Plan Rows": 1454545,"Plan Width": 8,"Actual Startup Time": 38.590,"Actual Total Time": 4109.614,"Actual Rows": 1533923,"Actual Loops": 1,"Inner Unique": true,"Hash Cond": "(orders.o_custkey = customer.c_custkey)","Plans": [{"Node Type": "Seq Scan","Parent Relationship": "Outer","Parallel Aware": false,"Async Capable": false,"Relation Name": "orders","Alias": "orders","Startup Cost": 0.00,"Total Cost": 44845.00,"Plan Rows": 1454545,"Plan Width": 8,"Actual Startup Time": 0.061,"Actual Total Time": 2840.022,"Actual Rows": 1483918,"Actual Loops": 1,"Filter": "((o_comment)::text !~~ '%special%requests%'::text)","Rows Removed by Filter": 16082},{"Node Type": "Hash","Parent Relationship": "Inner","Parallel Aware": false,"Async Capable": false,"Startup Cost": 3906.42,"Total Cost": 3906.42,"Plan Rows": 150000,"Plan Width": 4,"Actual Startup Time": 36.739,"Actual Total Time": 36.756,"Actual Rows": 150000,"Actual Loops": 1,"Hash Buckets": 262144,"Original Hash Buckets": 262144,"Hash Batches": 1,"Original Hash Batches": 1,"Peak Memory Usage": 7322,"Plans": [{"Node Type": "Index Only Scan","Parent Relationship": "Outer","Parallel Aware": false,"Async Capable": false,"Scan Direction": "Forward","Index Name": "customer_pkey","Relation Name": "customer","Alias": "customer","Startup Cost": 0.42,"Total Cost": 3906.42,"Plan Rows": 150000,"Plan Width": 4,"Actual Startup Time": 0.061,"Actual Total Time": 14.504,"Actual Rows": 150000,"Actual Loops": 1,"Heap Fetches": 0}]}]}]}]}]},"Planning Time": 3.536,"Triggers": [],"Execution Time": 6139.749}]
[{"Plan": {"Node Type": "Sort","Parallel Aware": false,"Async Capable": false,"Startup Cost": 65708.14,"Total Cost": 65708.64,"Plan Rows": 200,"Plan Width": 16,"Actual Startup Time": 6706.121,"Actual Total Time": 6706.163,"Actual Rows": 42,"Actual Loops": 1,"Sort Key": ["(count(*)) DESC", "(count(orders.o_orderkey)) DESC"],"Sort Method": "quicksort","Sort Space Used": 27,"Sort Space Type": "Memory","Plans": [{"Node Type": "Aggregate","Strategy": "Hashed","Partial Mode": "Simple","Parent Relationship": "Outer","Parallel Aware": false,"Async Capable": false,"Startup Cost": 65698.50,"Total Cost": 65700.50,"Plan Rows": 200,"Plan Width": 16,"Actual Startup Time": 6706.048,"Actual Total Time": 6706.098,"Actual Rows": 42,"Actual Loops": 1,"Group Key": ["count(orders.o_orderkey)"],"Planned Partitions": 0,"HashAgg Batches": 1,"Peak Memory Usage": 40,"Disk Usage": 0,"Plans": [{"Node Type": "Aggregate","Strategy": "Hashed","Partial Mode": "Simple","Parent Relationship": "Outer","Parallel Aware": false,"Async Capable": false,"Startup Cost": 61948.50,"Total Cost": 63448.50,"Plan Rows": 150000,"Plan Width": 12,"Actual Startup Time": 6534.914,"Actual Total Time": 6692.300,"Actual Rows": 150000,"Actual Loops": 1,"Group Key": ["customer.c_custkey"],"Planned Partitions": 0,"HashAgg Batches": 1,"Peak Memory Usage": 22545,"Disk Usage": 0,"Plans": [{"Node Type": "Hash Join","Parent Relationship": "Outer","Parallel Aware": false,"Async Capable": false,"Join Type": "Right","Startup Cost": 5781.42,"Total Cost": 54524.26,"Plan Rows": 1484848,"Plan Width": 8,"Actual Startup Time": 35.450,"Actual Total Time": 4617.784,"Actual Rows": 1533791,"Actual Loops": 1,"Inner Unique": true,"Hash Cond": "(orders.o_custkey = customer.c_custkey)","Plans": [{"Node Type": "Seq Scan","Parent Relationship": "Outer","Parallel Aware": false,"Async Capable": false,"Relation Name": "orders","Alias": "orders","Startup Cost": 0.00,"Total Cost": 44845.00,"Plan Rows": 1484848,"Plan Width": 8,"Actual Startup Time": 0.045,"Actual Total Time": 3189.289,"Actual Rows": 1483787,"Actual Loops": 1,"Filter": "((o_comment)::text !~~ '%unusual%packages%'::text)","Rows Removed by Filter": 16213},{"Node Type": "Hash","Parent Relationship": "Inner","Parallel Aware": false,"Async Capable": false,"Startup Cost": 3906.42,"Total Cost": 3906.42,"Plan Rows": 150000,"Plan Width": 4,"Actual Startup Time": 33.722,"Actual Total Time": 33.741,"Actual Rows": 150000,"Actual Loops": 1,"Hash Buckets": 262144,"Original Hash Buckets": 262144,"Hash Batches": 1,"Original Hash Batches": 1,"Peak Memory Usage": 7322,"Plans": [{"Node Type": "Index Only Scan","Parent Relationship": "Outer","Parallel Aware": false,"Async Capable": false,"Scan Direction": "Forward","Index Name": "customer_pkey","Relation Name": "customer","Alias": "customer","Startup Cost": 0.42,"Total Cost": 3906.42,"Plan Rows": 150000,"Plan Width": 4,"Actual Startup Time": 0.040,"Actual Total Time": 13.017,"Actual Rows": 150000,"Actual Loops": 1,"Heap Fetches": 0}]}]}]}]}]},"Planning Time": 3.840,"Triggers": [],"Execution Time": 6714.032}]
[{"Plan": {"Node Type": "Sort","Parallel Aware": false,"Async Capable": false,"Startup Cost": 65708.14,"Total Cost": 65708.64,"Plan Rows": 200,"Plan Width": 16,"Actual Startup Time": 6659.087,"Actual Total Time": 6659.155,"Actual Rows": 41,"Actual Loops": 1,"Sort Key": ["(count(*)) DESC", "(count(orders.o_orderkey)) DESC"],"Sort Method": "quicksort","Sort Space Used": 27,"Sort Space Type": "Memory","Plans": [{"Node Type": "Aggregate","Strategy": "Hashed","Partial Mode": "Simple","Parent Relationship": "Outer","Parallel Aware": false,"Async Capable": false,"Startup Cost": 65698.50,"Total Cost": 65700.50,"Plan Rows": 200,"Plan Width": 16,"Actual Startup Time": 6658.981,"Actual Total Time": 6659.057,"Actual Rows": 41,"Actual Loops": 1,"Group Key": ["count(orders.o_orderkey)"],"Planned Partitions": 0,"HashAgg Batches": 1,"Peak Memory Usage": 40,"Disk Usage": 0,"Plans": [{"Node Type": "Aggregate","Strategy": "Hashed","Partial Mode": "Simple","Parent Relationship": "Outer","Parallel Aware": false,"Async Capable": false,"Startup Cost": 61948.50,"Total Cost": 63448.50,"Plan Rows": 150000,"Plan Width": 12,"Actual Startup Time": 6480.209,"Actual Total Time": 6645.185,"Actual Rows": 150000,"Actual Loops": 1,"Group Key": ["customer.c_custkey"],"Planned Partitions": 0,"HashAgg Batches": 1,"Peak Memory Usage": 22545,"Disk Usage": 0,"Plans": [{"Node Type": "Hash Join","Parent Relationship": "Outer","Parallel Aware": false,"Async Capable": false,"Join Type": "Right","Startup Cost": 5781.42,"Total Cost": 54524.26,"Plan Rows": 1484848,"Plan Width": 8,"Actual Startup Time": 37.274,"Actual Total Time": 4547.015,"Actual Rows": 1533872,"Actual Loops": 1,"Inner Unique": true,"Hash Cond": "(orders.o_custkey = customer.c_custkey)","Plans": [{"Node Type": "Seq Scan","Parent Relationship": "Outer","Parallel Aware": false,"Async Capable": false,"Relation Name": "orders","Alias": "orders","Startup Cost": 0.00,"Total Cost": 44845.00,"Plan Rows": 1484848,"Plan Width": 8,"Actual Startup Time": 0.043,"Actual Total Time": 3085.028,"Actual Rows": 1483868,"Actual Loops": 1,"Filter": "((o_comment)::text !~~ '%unusual%deposits%'::text)","Rows Removed by Filter": 16132},{"Node Type": "Hash","Parent Relationship": "Inner","Parallel Aware": false,"Async Capable": false,"Startup Cost": 3906.42,"Total Cost": 3906.42,"Plan Rows": 150000,"Plan Width": 4,"Actual Startup Time": 35.508,"Actual Total Time": 35.530,"Actual Rows": 150000,"Actual Loops": 1,"Hash Buckets": 262144,"Original Hash Buckets": 262144,"Hash Batches": 1,"Original Hash Batches": 1,"Peak Memory Usage": 7322,"Plans": [{"Node Type": "Index Only Scan","Parent Relationship": "Outer","Parallel Aware": false,"Async Capable": false,"Scan Direction": "Forward","Index Name": "customer_pkey","Relation Name": "customer","Alias": "customer","Startup Cost": 0.42,"Total Cost": 3906.42,"Plan Rows": 150000,"Plan Width": 4,"Actual Startup Time": 0.053,"Actual Total Time": 13.448,"Actual Rows": 150000,"Actual Loops": 1,"Heap Fetches": 0}]}]}]}]}]},"Planning Time": 3.854,"Triggers": [],"Execution Time": 6671.834}]
[{"Plan": {"Node Type": "Sort","Parallel Aware": false,"Async Capable": false,"Startup Cost": 65822.53,"Total Cost": 65823.03,"Plan Rows": 200,"Plan Width": 16,"Actual Startup Time": 6096.807,"Actual Total Time": 6096.851,"Actual Rows": 42,"Actual Loops": 1,"Sort Key": ["(count(*)) DESC", "(count(orders.o_orderkey)) DESC"],"Sort Method": "quicksort","Sort Space Used": 27,"Sort Space Type": "Memory","Plans": [{"Node Type": "Aggregate","Strategy": "Hashed","Partial Mode": "Simple","Parent Relationship": "Outer","Parallel Aware": false,"Async Capable": false,"Startup Cost": 65812.89,"Total Cost": 65814.89,"Plan Rows": 200,"Plan Width": 16,"Actual Startup Time": 6096.707,"Actual Total Time": 6096.758,"Actual Rows": 42,"Actual Loops": 1,"Group Key": ["count(orders.o_orderkey)"],"Planned Partitions": 0,"HashAgg Batches": 1,"Peak Memory Usage": 40,"Disk Usage": 0,"Plans": [{"Node Type": "Aggregate","Strategy": "Hashed","Partial Mode": "Simple","Parent Relationship": "Outer","Parallel Aware": false,"Async Capable": false,"Startup Cost": 62062.89,"Total Cost": 63562.89,"Plan Rows": 150000,"Plan Width": 12,"Actual Startup Time": 5900.364,"Actual Total Time": 6082.949,"Actual Rows": 150000,"Actual Loops": 1,"Group Key": ["customer.c_custkey"],"Planned Partitions": 0,"HashAgg Batches": 1,"Peak Memory Usage": 22545,"Disk Usage": 0,"Plans": [{"Node Type": "Hash Join","Parent Relationship": "Outer","Parallel Aware": false,"Async Capable": false,"Join Type": "Right","Startup Cost": 5781.42,"Total Cost": 54563.64,"Plan Rows": 1499850,"Plan Width": 8,"Actual Startup Time": 38.105,"Actual Total Time": 4090.394,"Actual Rows": 1533835,"Actual Loops": 1,"Inner Unique": true,"Hash Cond": "(orders.o_custkey = customer.c_custkey)","Plans": [{"Node Type": "Seq Scan","Parent Relationship": "Outer","Parallel Aware": false,"Async Capable": false,"Relation Name": "orders","Alias": "orders","Startup Cost": 0.00,"Total Cost": 44845.00,"Plan Rows": 1499850,"Plan Width": 8,"Actual Startup Time": 0.059,"Actual Total Time": 2844.303,"Actual Rows": 1483831,"Actual Loops": 1,"Filter": "((o_comment)::text !~~ '%special%accounts%'::text)","Rows Removed by Filter": 16169},{"Node Type": "Hash","Parent Relationship": "Inner","Parallel Aware": false,"Async Capable": false,"Startup Cost": 3906.42,"Total Cost": 3906.42,"Plan Rows": 150000,"Plan Width": 4,"Actual Startup Time": 36.335,"Actual Total Time": 36.352,"Actual Rows": 150000,"Actual Loops": 1,"Hash Buckets": 262144,"Original Hash Buckets": 262144,"Hash Batches": 1,"Original Hash Batches": 1,"Peak Memory Usage": 7322,"Plans": [{"Node Type": "Index Only Scan","Parent Relationship": "Outer","Parallel Aware": false,"Async Capable": false,"Scan Direction": "Forward","Index Name": "customer_pkey","Relation Name": "customer","Alias": "customer","Startup Cost": 0.42,"Total Cost": 3906.42,"Plan Rows": 150000,"Plan Width": 4,"Actual Startup Time": 0.048,"Actual Total Time": 14.414,"Actual Rows": 150000,"Actual Loops": 1,"Heap Fetches": 0}]}]}]}]}]},"Planning Time": 3.409,"Triggers": [],"Execution Time": 6107.560}]
[{"Plan": {"Node Type": "Sort","Parallel Aware": false,"Async Capable": false,"Startup Cost": 65822.53,"Total Cost": 65823.03,"Plan Rows": 200,"Plan Width": 16,"Actual Startup Time": 5956.637,"Actual Total Time": 5956.675,"Actual Rows": 42,"Actual Loops": 1,"Sort Key": ["(count(*)) DESC", "(count(orders.o_orderkey)) DESC"],"Sort Method": "quicksort","Sort Space Used": 27,"Sort Space Type": "Memory","Plans": [{"Node Type": "Aggregate","Strategy": "Hashed","Partial Mode": "Simple","Parent Relationship": "Outer","Parallel Aware": false,"Async Capable": false,"Startup Cost": 65812.89,"Total Cost": 65814.89,"Plan Rows": 200,"Plan Width": 16,"Actual Startup Time": 5956.548,"Actual Total Time": 5956.590,"Actual Rows": 42,"Actual Loops": 1,"Group Key": ["count(orders.o_orderkey)"],"Planned Partitions": 0,"HashAgg Batches": 1,"Peak Memory Usage": 40,"Disk Usage": 0,"Plans": [{"Node Type": "Aggregate","Strategy": "Hashed","Partial Mode": "Simple","Parent Relationship": "Outer","Parallel Aware": false,"Async Capable": false,"Startup Cost": 62062.89,"Total Cost": 63562.89,"Plan Rows": 150000,"Plan Width": 12,"Actual Startup Time": 5763.184,"Actual Total Time": 5942.838,"Actual Rows": 150000,"Actual Loops": 1,"Group Key": ["customer.c_custkey"],"Planned Partitions": 0,"HashAgg Batches": 1,"Peak Memory Usage": 22545,"Disk Usage": 0,"Plans": [{"Node Type": "Hash Join","Parent Relationship": "Outer","Parallel Aware": false,"Async Capable": false,"Join Type": "Right","Startup Cost": 5781.42,"Total Cost": 54563.64,"Plan Rows": 1499850,"Plan Width": 8,"Actual Startup Time": 38.566,"Actual Total Time": 3955.732,"Actual Rows": 1533620,"Actual Loops": 1,"Inner Unique": true,"Hash Cond": "(orders.o_custkey = customer.c_custkey)","Plans": [{"Node Type": "Seq Scan","Parent Relationship": "Outer","Parallel Aware": false,"Async Capable": false,"Relation Name": "orders","Alias": "orders","Startup Cost": 0.00,"Total Cost": 44845.00,"Plan Rows": 1499850,"Plan Width": 8,"Actual Startup Time": 0.052,"Actual Total Time": 2713.562,"Actual Rows": 1483615,"Actual Loops": 1,"Filter": "((o_comment)::text !~~ '%pending%accounts%'::text)","Rows Removed by Filter": 16385},{"Node Type": "Hash","Parent Relationship": "Inner","Parallel Aware": false,"Async Capable": false,"Startup Cost": 3906.42,"Total Cost": 3906.42,"Plan Rows": 150000,"Plan Width": 4,"Actual Startup Time": 36.530,"Actual Total Time": 36.543,"Actual Rows": 150000,"Actual Loops": 1,"Hash Buckets": 262144,"Original Hash Buckets": 262144,"Hash Batches": 1,"Original Hash Batches": 1,"Peak Memory Usage": 7322,"Plans": [{"Node Type": "Index Only Scan","Parent Relationship": "Outer","Parallel Aware": false,"Async Capable": false,"Scan Direction": "Forward","Index Name": "customer_pkey","Relation Name": "customer","Alias": "customer","Startup Cost": 0.42,"Total Cost": 3906.42,"Plan Rows": 150000,"Plan Width": 4,"Actual Startup Time": 0.036,"Actual Total Time": 14.278,"Actual Rows": 150000,"Actual Loops": 1,"Heap Fetches": 0}]}]}]}]}]},"Planning Time": 3.568,"Triggers": [],"Execution Time": 5966.474}]
[{"Plan": {"Node Type": "Sort","Parallel Aware": false,"Async Capable": false,"Startup Cost": 65708.14,"Total Cost": 65708.64,"Plan Rows": 200,"Plan Width": 16,"Actual Startup Time": 6706.121,"Actual Total Time": 6706.163,"Actual Rows": 42,"Actual Loops": 1,"Sort Key": ["(count(*)) DESC", "(count(orders.o_orderkey)) DESC"],"Sort Method": "quicksort","Sort Space Used": 27,"Sort Space Type": "Memory","Plans": [{"Node Type": "Aggregate","Strategy": "Hashed","Partial Mode": "Simple","Parent Relationship": "Outer","Parallel Aware": false,"Async Capable": false,"Startup Cost": 65698.50,"Total Cost": 65700.50,"Plan Rows": 200,"Plan Width": 16,"Actual Startup Time": 6706.048,"Actual Total Time": 6706.098,"Actual Rows": 42,"Actual Loops": 1,"Group Key": ["count(orders.o_orderkey)"],"Planned Partitions": 0,"HashAgg Batches": 1,"Peak Memory Usage": 40,"Disk Usage": 0,"Plans": [{"Node Type": "Aggregate","Strategy": "Hashed","Partial Mode": "Simple","Parent Relationship": "Outer","Parallel Aware": false,"Async Capable": false,"Startup Cost": 61948.50,"Total Cost": 63448.50,"Plan Rows": 150000,"Plan Width": 12,"Actual Startup Time": 6534.914,"Actual Total Time": 6692.300,"Actual Rows": 150000,"Actual Loops": 1,"Group Key": ["customer.c_custkey"],"Planned Partitions": 0,"HashAgg Batches": 1,"Peak Memory Usage": 22545,"Disk Usage": 0,"Plans": [{"Node Type": "Hash Join","Parent Relationship": "Outer","Parallel Aware": false,"Async Capable": false,"Join Type": "Right","Startup Cost": 5781.42,"Total Cost": 54524.26,"Plan Rows": 1484848,"Plan Width": 8,"Actual Startup Time": 35.450,"Actual Total Time": 4617.784,"Actual Rows": 1533791,"Actual Loops": 1,"Inner Unique": true,"Hash Cond": "(orders.o_custkey = customer.c_custkey)","Plans": [{"Node Type": "Seq Scan","Parent Relationship": "Outer","Parallel Aware": false,"Async Capable": false,"Relation Name": "orders","Alias": "orders","Startup Cost": 0.00,"Total Cost": 44845.00,"Plan Rows": 1484848,"Plan Width": 8,"Actual Startup Time": 0.045,"Actual Total Time": 3189.289,"Actual Rows": 1483787,"Actual Loops": 1,"Filter": "((o_comment)::text !~~ '%unusual%packages%'::text)","Rows Removed by Filter": 16213},{"Node Type": "Hash","Parent Relationship": "Inner","Parallel Aware": false,"Async Capable": false,"Startup Cost": 3906.42,"Total Cost": 3906.42,"Plan Rows": 150000,"Plan Width": 4,"Actual Startup Time": 33.722,"Actual Total Time": 33.741,"Actual Rows": 150000,"Actual Loops": 1,"Hash Buckets": 262144,"Original Hash Buckets": 262144,"Hash Batches": 1,"Original Hash Batches": 1,"Peak Memory Usage": 7322,"Plans": [{"Node Type": "Index Only Scan","Parent Relationship": "Outer","Parallel Aware": false,"Async Capable": false,"Scan Direction": "Forward","Index Name": "customer_pkey","Relation Name": "customer","Alias": "customer","Startup Cost": 0.42,"Total Cost": 3906.42,"Plan Rows": 150000,"Plan Width": 4,"Actual Startup Time": 0.040,"Actual Total Time": 13.017,"Actual Rows": 150000,"Actual Loops": 1,"Heap Fetches": 0}]}]}]}]}]},"Planning Time": 3.840,"Triggers": [],"Execution Time": 6714.032}]
[{"Plan": {"Node Type": "Sort","Parallel Aware": false,"Async Capable": false,"Startup Cost": 65708.14,"Total Cost": 65708.64,"Plan Rows": 200,"Plan Width": 16,"Actual Startup Time": 6734.447,"Actual Total Time": 6734.481,"Actual Rows": 42,"Actual Loops": 1,"Sort Key": ["(count(*)) DESC", "(count(orders.o_orderkey)) DESC"],"Sort Method": "quicksort","Sort Space Used": 27,"Sort Space Type": "Memory","Plans": [{"Node Type": "Aggregate","Strategy": "Hashed","Partial Mode": "Simple","Parent Relationship": "Outer","Parallel Aware": false,"Async Capable": false,"Startup Cost": 65698.50,"Total Cost": 65700.50,"Plan Rows": 200,"Plan Width": 16,"Actual Startup Time": 6734.369,"Actual Total Time": 6734.411,"Actual Rows": 42,"Actual Loops": 1,"Group Key": ["count(orders.o_orderkey)"],"Planned Partitions": 0,"HashAgg Batches": 1,"Peak Memory Usage": 40,"Disk Usage": 0,"Plans": [{"Node Type": "Aggregate","Strategy": "Hashed","Partial Mode": "Simple","Parent Relationship": "Outer","Parallel Aware": false,"Async Capable": false,"Startup Cost": 61948.50,"Total Cost": 63448.50,"Plan Rows": 150000,"Plan Width": 12,"Actual Startup Time": 6542.374,"Actual Total Time": 6720.630,"Actual Rows": 150000,"Actual Loops": 1,"Group Key": ["customer.c_custkey"],"Planned Partitions": 0,"HashAgg Batches": 1,"Peak Memory Usage": 22545,"Disk Usage": 0,"Plans": [{"Node Type": "Hash Join","Parent Relationship": "Outer","Parallel Aware": false,"Async Capable": false,"Join Type": "Right","Startup Cost": 5781.42,"Total Cost": 54524.26,"Plan Rows": 1484848,"Plan Width": 8,"Actual Startup Time": 36.319,"Actual Total Time": 4621.827,"Actual Rows": 1533676,"Actual Loops": 1,"Inner Unique": true,"Hash Cond": "(orders.o_custkey = customer.c_custkey)","Plans": [{"Node Type": "Seq Scan","Parent Relationship": "Outer","Parallel Aware": false,"Async Capable": false,"Relation Name": "orders","Alias": "orders","Startup Cost": 0.00,"Total Cost": 44845.00,"Plan Rows": 1484848,"Plan Width": 8,"Actual Startup Time": 0.054,"Actual Total Time": 3196.487,"Actual Rows": 1483672,"Actual Loops": 1,"Filter": "((o_comment)::text !~~ '%express%requests%'::text)","Rows Removed by Filter": 16328},{"Node Type": "Hash","Parent Relationship": "Inner","Parallel Aware": false,"Async Capable": false,"Startup Cost": 3906.42,"Total Cost": 3906.42,"Plan Rows": 150000,"Plan Width": 4,"Actual Startup Time": 34.348,"Actual Total Time": 34.358,"Actual Rows": 150000,"Actual Loops": 1,"Hash Buckets": 262144,"Original Hash Buckets": 262144,"Hash Batches": 1,"Original Hash Batches": 1,"Peak Memory Usage": 7322,"Plans": [{"Node Type": "Index Only Scan","Parent Relationship": "Outer","Parallel Aware": false,"Async Capable": false,"Scan Direction": "Forward","Index Name": "customer_pkey","Relation Name": "customer","Alias": "customer","Startup Cost": 0.42,"Total Cost": 3906.42,"Plan Rows": 150000,"Plan Width": 4,"Actual Startup Time": 0.054,"Actual Total Time": 13.145,"Actual Rows": 150000,"Actual Loops": 1,"Heap Fetches": 0}]}]}]}]}]},"Planning Time": 4.493,"Triggers": [],"Execution Time": 6743.934}]
[{"Plan": {"Node Type": "Sort","Parallel Aware": false,"Async Capable": false,"Startup Cost": 65822.53,"Total Cost": 65823.03,"Plan Rows": 200,"Plan Width": 16,"Actual Startup Time": 6650.964,"Actual Total Time": 6651.000,"Actual Rows": 42,"Actual Loops": 1,"Sort Key": ["(count(*)) DESC", "(count(orders.o_orderkey)) DESC"],"Sort Method": "quicksort","Sort Space Used": 27,"Sort Space Type": "Memory","Plans": [{"Node Type": "Aggregate","Strategy": "Hashed","Partial Mode": "Simple","Parent Relationship": "Outer","Parallel Aware": false,"Async Capable": false,"Startup Cost": 65812.89,"Total Cost": 65814.89,"Plan Rows": 200,"Plan Width": 16,"Actual Startup Time": 6650.893,"Actual Total Time": 6650.940,"Actual Rows": 42,"Actual Loops": 1,"Group Key": ["count(orders.o_orderkey)"],"Planned Partitions": 0,"HashAgg Batches": 1,"Peak Memory Usage": 40,"Disk Usage": 0,"Plans": [{"Node Type": "Aggregate","Strategy": "Hashed","Partial Mode": "Simple","Parent Relationship": "Outer","Parallel Aware": false,"Async Capable": false,"Startup Cost": 62062.89,"Total Cost": 63562.89,"Plan Rows": 150000,"Plan Width": 12,"Actual Startup Time": 6477.408,"Actual Total Time": 6637.150,"Actual Rows": 150000,"Actual Loops": 1,"Group Key": ["customer.c_custkey"],"Planned Partitions": 0,"HashAgg Batches": 1,"Peak Memory Usage": 22545,"Disk Usage": 0,"Plans": [{"Node Type": "Hash Join","Parent Relationship": "Outer","Parallel Aware": false,"Async Capable": false,"Join Type": "Right","Startup Cost": 5781.42,"Total Cost": 54563.64,"Plan Rows": 1499850,"Plan Width": 8,"Actual Startup Time": 36.551,"Actual Total Time": 4552.506,"Actual Rows": 1533843,"Actual Loops": 1,"Inner Unique": true,"Hash Cond": "(orders.o_custkey = customer.c_custkey)","Plans": [{"Node Type": "Seq Scan","Parent Relationship": "Outer","Parallel Aware": false,"Async Capable": false,"Relation Name": "orders","Alias": "orders","Startup Cost": 0.00,"Total Cost": 44845.00,"Plan Rows": 1499850,"Plan Width": 8,"Actual Startup Time": 0.044,"Actual Total Time": 3147.620,"Actual Rows": 1483839,"Actual Loops": 1,"Filter": "((o_comment)::text !~~ '%pending%deposits%'::text)","Rows Removed by Filter": 16161},{"Node Type": "Hash","Parent Relationship": "Inner","Parallel Aware": false,"Async Capable": false,"Startup Cost": 3906.42,"Total Cost": 3906.42,"Plan Rows": 150000,"Plan Width": 4,"Actual Startup Time": 34.769,"Actual Total Time": 34.783,"Actual Rows": 150000,"Actual Loops": 1,"Hash Buckets": 262144,"Original Hash Buckets": 262144,"Hash Batches": 1,"Original Hash Batches": 1,"Peak Memory Usage": 7322,"Plans": [{"Node Type": "Index Only Scan","Parent Relationship": "Outer","Parallel Aware": false,"Async Capable": false,"Scan Direction": "Forward","Index Name": "customer_pkey","Relation Name": "customer","Alias": "customer","Startup Cost": 0.42,"Total Cost": 3906.42,"Plan Rows": 150000,"Plan Width": 4,"Actual Startup Time": 0.065,"Actual Total Time": 13.424,"Actual Rows": 150000,"Actual Loops": 1,"Heap Fetches": 0}]}]}]}]}]},"Planning Time": 3.594,"Triggers": [],"Execution Time": 6658.782}]
[{"Plan": {"Node Type": "Sort","Parallel Aware": false,"Async Capable": false,"Startup Cost": 65592.61,"Total Cost": 65593.11,"Plan Rows": 200,"Plan Width": 16,"Actual Startup Time": 6108.888,"Actual Total Time": 6108.932,"Actual Rows": 42,"Actual Loops": 1,"Sort Key": ["(count(*)) DESC", "(count(orders.o_orderkey)) DESC"],"Sort Method": "quicksort","Sort Space Used": 27,"Sort Space Type": "Memory","Plans": [{"Node Type": "Aggregate","Strategy": "Hashed","Partial Mode": "Simple","Parent Relationship": "Outer","Parallel Aware": false,"Async Capable": false,"Startup Cost": 65582.97,"Total Cost": 65584.97,"Plan Rows": 200,"Plan Width": 16,"Actual Startup Time": 6108.797,"Actual Total Time": 6108.848,"Actual Rows": 42,"Actual Loops": 1,"Group Key": ["count(orders.o_orderkey)"],"Planned Partitions": 0,"HashAgg Batches": 1,"Peak Memory Usage": 40,"Disk Usage": 0,"Plans": [{"Node Type": "Aggregate","Strategy": "Hashed","Partial Mode": "Simple","Parent Relationship": "Outer","Parallel Aware": false,"Async Capable": false,"Startup Cost": 61832.97,"Total Cost": 63332.97,"Plan Rows": 150000,"Plan Width": 12,"Actual Startup Time": 5916.041,"Actual Total Time": 6095.043,"Actual Rows": 150000,"Actual Loops": 1,"Group Key": ["customer.c_custkey"],"Planned Partitions": 0,"HashAgg Batches": 1,"Peak Memory Usage": 22545,"Disk Usage": 0,"Plans": [{"Node Type": "Hash Join","Parent Relationship": "Outer","Parallel Aware": false,"Async Capable": false,"Join Type": "Right","Startup Cost": 5781.42,"Total Cost": 54484.49,"Plan Rows": 1469697,"Plan Width": 8,"Actual Startup Time": 39.068,"Actual Total Time": 4097.616,"Actual Rows": 1534019,"Actual Loops": 1,"Inner Unique": true,"Hash Cond": "(orders.o_custkey = customer.c_custkey)","Plans": [{"Node Type": "Seq Scan","Parent Relationship": "Outer","Parallel Aware": false,"Async Capable": false,"Relation Name": "orders","Alias": "orders","Startup Cost": 0.00,"Total Cost": 44845.00,"Plan Rows": 1469697,"Plan Width": 8,"Actual Startup Time": 0.051,"Actual Total Time": 2823.952,"Actual Rows": 1484015,"Actual Loops": 1,"Filter": "((o_comment)::text !~~ '%express%accounts%'::text)","Rows Removed by Filter": 15985},{"Node Type": "Hash","Parent Relationship": "Inner","Parallel Aware": false,"Async Capable": false,"Startup Cost": 3906.42,"Total Cost": 3906.42,"Plan Rows": 150000,"Plan Width": 4,"Actual Startup Time": 37.191,"Actual Total Time": 37.207,"Actual Rows": 150000,"Actual Loops": 1,"Hash Buckets": 262144,"Original Hash Buckets": 262144,"Hash Batches": 1,"Original Hash Batches": 1,"Peak Memory Usage": 7322,"Plans": [{"Node Type": "Index Only Scan","Parent Relationship": "Outer","Parallel Aware": false,"Async Capable": false,"Scan Direction": "Forward","Index Name": "customer_pkey","Relation Name": "customer","Alias": "customer","Startup Cost": 0.42,"Total Cost": 3906.42,"Plan Rows": 150000,"Plan Width": 4,"Actual Startup Time": 0.038,"Actual Total Time": 14.188,"Actual Rows": 150000,"Actual Loops": 1,"Heap Fetches": 0}]}]}]}]}]},"Planning Time": 3.814,"Triggers": [],"Execution Time": 6118.531}]
[{"Plan": {"Node Type": "Sort","Parallel Aware": false,"Async Capable": false,"Startup Cost": 65822.53,"Total Cost": 65823.03,"Plan Rows": 200,"Plan Width": 16,"Actual Startup Time": 6789.356,"Actual Total Time": 6789.385,"Actual Rows": 42,"Actual Loops": 1,"Sort Key": ["(count(*)) DESC", "(count(orders.o_orderkey)) DESC"],"Sort Method": "quicksort","Sort Space Used": 27,"Sort Space Type": "Memory","Plans": [{"Node Type": "Aggregate","Strategy": "Hashed","Partial Mode": "Simple","Parent Relationship": "Outer","Parallel Aware": false,"Async Capable": false,"Startup Cost": 65812.89,"Total Cost": 65814.89,"Plan Rows": 200,"Plan Width": 16,"Actual Startup Time": 6789.265,"Actual Total Time": 6789.304,"Actual Rows": 42,"Actual Loops": 1,"Group Key": ["count(orders.o_orderkey)"],"Planned Partitions": 0,"HashAgg Batches": 1,"Peak Memory Usage": 40,"Disk Usage": 0,"Plans": [{"Node Type": "Aggregate","Strategy": "Hashed","Partial Mode": "Simple","Parent Relationship": "Outer","Parallel Aware": false,"Async Capable": false,"Startup Cost": 62062.89,"Total Cost": 63562.89,"Plan Rows": 150000,"Plan Width": 12,"Actual Startup Time": 6597.323,"Actual Total Time": 6775.519,"Actual Rows": 150000,"Actual Loops": 1,"Group Key": ["customer.c_custkey"],"Planned Partitions": 0,"HashAgg Batches": 1,"Peak Memory Usage": 22545,"Disk Usage": 0,"Plans": [{"Node Type": "Hash Join","Parent Relationship": "Outer","Parallel Aware": false,"Async Capable": false,"Join Type": "Right","Startup Cost": 5781.42,"Total Cost": 54563.64,"Plan Rows": 1499850,"Plan Width": 8,"Actual Startup Time": 45.919,"Actual Total Time": 4674.391,"Actual Rows": 1534025,"Actual Loops": 1,"Inner Unique": true,"Hash Cond": "(orders.o_custkey = customer.c_custkey)","Plans": [{"Node Type": "Seq Scan","Parent Relationship": "Outer","Parallel Aware": false,"Async Capable": false,"Relation Name": "orders","Alias": "orders","Startup Cost": 0.00,"Total Cost": 44845.00,"Plan Rows": 1499850,"Plan Width": 8,"Actual Startup Time": 0.049,"Actual Total Time": 3245.830,"Actual Rows": 1484020,"Actual Loops": 1,"Filter": "((o_comment)::text !~~ '%express%deposits%'::text)","Rows Removed by Filter": 15980},{"Node Type": "Hash","Parent Relationship": "Inner","Parallel Aware": false,"Async Capable": false,"Startup Cost": 3906.42,"Total Cost": 3906.42,"Plan Rows": 150000,"Plan Width": 4,"Actual Startup Time": 44.047,"Actual Total Time": 44.059,"Actual Rows": 150000,"Actual Loops": 1,"Hash Buckets": 262144,"Original Hash Buckets": 262144,"Hash Batches": 1,"Original Hash Batches": 1,"Peak Memory Usage": 7322,"Plans": [{"Node Type": "Index Only Scan","Parent Relationship": "Outer","Parallel Aware": false,"Async Capable": false,"Scan Direction": "Forward","Index Name": "customer_pkey","Relation Name": "customer","Alias": "customer","Startup Cost": 0.42,"Total Cost": 3906.42,"Plan Rows": 150000,"Plan Width": 4,"Actual Startup Time": 0.049,"Actual Total Time": 21.219,"Actual Rows": 150000,"Actual Loops": 1,"Heap Fetches": 0}]}]}]}]}]},"Planning Time": 4.349,"Triggers": [],"Execution Time": 6798.388}]
[{"Plan": {"Node Type": "Sort","Parallel Aware": false,"Async Capable": false,"Startup Cost": 65822.53,"Total Cost": 65823.03,"Plan Rows": 200,"Plan Width": 16,"Actual Startup Time": 6047.687,"Actual Total Time": 6047.735,"Actual Rows": 42,"Actual Loops": 1,"Sort Key": ["(count(*)) DESC", "(count(orders.o_orderkey)) DESC"],"Sort Method": "quicksort","Sort Space Used": 27,"Sort Space Type": "Memory","Plans": [{"Node Type": "Aggregate","Strategy": "Hashed","Partial Mode": "Simple","Parent Relationship": "Outer","Parallel Aware": false,"Async Capable": false,"Startup Cost": 65812.89,"Total Cost": 65814.89,"Plan Rows": 200,"Plan Width": 16,"Actual Startup Time": 6047.591,"Actual Total Time": 6047.643,"Actual Rows": 42,"Actual Loops": 1,"Group Key": ["count(orders.o_orderkey)"],"Planned Partitions": 0,"HashAgg Batches": 1,"Peak Memory Usage": 40,"Disk Usage": 0,"Plans": [{"Node Type": "Aggregate","Strategy": "Hashed","Partial Mode": "Simple","Parent Relationship": "Outer","Parallel Aware": false,"Async Capable": false,"Startup Cost": 62062.89,"Total Cost": 63562.89,"Plan Rows": 150000,"Plan Width": 12,"Actual Startup Time": 5868.600,"Actual Total Time": 6033.866,"Actual Rows": 150000,"Actual Loops": 1,"Group Key": ["customer.c_custkey"],"Planned Partitions": 0,"HashAgg Batches": 1,"Peak Memory Usage": 22545,"Disk Usage": 0,"Plans": [{"Node Type": "Hash Join","Parent Relationship": "Outer","Parallel Aware": false,"Async Capable": false,"Join Type": "Right","Startup Cost": 5781.42,"Total Cost": 54563.64,"Plan Rows": 1499850,"Plan Width": 8,"Actual Startup Time": 39.168,"Actual Total Time": 4010.851,"Actual Rows": 1533626,"Actual Loops": 1,"Inner Unique": true,"Hash Cond": "(orders.o_custkey = customer.c_custkey)","Plans": [{"Node Type": "Seq Scan","Parent Relationship": "Outer","Parallel Aware": false,"Async Capable": false,"Relation Name": "orders","Alias": "orders","Startup Cost": 0.00,"Total Cost": 44845.00,"Plan Rows": 1499850,"Plan Width": 8,"Actual Startup Time": 0.065,"Actual Total Time": 2757.508,"Actual Rows": 1483622,"Actual Loops": 1,"Filter": "((o_comment)::text !~~ '%unusual%accounts%'::text)","Rows Removed by Filter": 16378},{"Node Type": "Hash","Parent Relationship": "Inner","Parallel Aware": false,"Async Capable": false,"Startup Cost": 3906.42,"Total Cost": 3906.42,"Plan Rows": 150000,"Plan Width": 4,"Actual Startup Time": 37.343,"Actual Total Time": 37.362,"Actual Rows": 150000,"Actual Loops": 1,"Hash Buckets": 262144,"Original Hash Buckets": 262144,"Hash Batches": 1,"Original Hash Batches": 1,"Peak Memory Usage": 7322,"Plans": [{"Node Type": "Index Only Scan","Parent Relationship": "Outer","Parallel Aware": false,"Async Capable": false,"Scan Direction": "Forward","Index Name": "customer_pkey","Relation Name": "customer","Alias": "customer","Startup Cost": 0.42,"Total Cost": 3906.42,"Plan Rows": 150000,"Plan Width": 4,"Actual Startup Time": 0.036,"Actual Total Time": 14.472,"Actual Rows": 150000,"Actual Loops": 1,"Heap Fetches": 0}]}]}]}]}]},"Planning Time": 4.331,"Triggers": [],"Execution Time": 6056.690}]
[{"Plan": {"Node Type": "Sort","Parallel Aware": false,"Async Capable": false,"Startup Cost": 65708.14,"Total Cost": 65708.64,"Plan Rows": 200,"Plan Width": 16,"Actual Startup Time": 6706.121,"Actual Total Time": 6706.163,"Actual Rows": 42,"Actual Loops": 1,"Sort Key": ["(count(*)) DESC", "(count(orders.o_orderkey)) DESC"],"Sort Method": "quicksort","Sort Space Used": 27,"Sort Space Type": "Memory","Plans": [{"Node Type": "Aggregate","Strategy": "Hashed","Partial Mode": "Simple","Parent Relationship": "Outer","Parallel Aware": false,"Async Capable": false,"Startup Cost": 65698.50,"Total Cost": 65700.50,"Plan Rows": 200,"Plan Width": 16,"Actual Startup Time": 6706.048,"Actual Total Time": 6706.098,"Actual Rows": 42,"Actual Loops": 1,"Group Key": ["count(orders.o_orderkey)"],"Planned Partitions": 0,"HashAgg Batches": 1,"Peak Memory Usage": 40,"Disk Usage": 0,"Plans": [{"Node Type": "Aggregate","Strategy": "Hashed","Partial Mode": "Simple","Parent Relationship": "Outer","Parallel Aware": false,"Async Capable": false,"Startup Cost": 61948.50,"Total Cost": 63448.50,"Plan Rows": 150000,"Plan Width": 12,"Actual Startup Time": 6534.914,"Actual Total Time": 6692.300,"Actual Rows": 150000,"Actual Loops": 1,"Group Key": ["customer.c_custkey"],"Planned Partitions": 0,"HashAgg Batches": 1,"Peak Memory Usage": 22545,"Disk Usage": 0,"Plans": [{"Node Type": "Hash Join","Parent Relationship": "Outer","Parallel Aware": false,"Async Capable": false,"Join Type": "Right","Startup Cost": 5781.42,"Total Cost": 54524.26,"Plan Rows": 1484848,"Plan Width": 8,"Actual Startup Time": 35.450,"Actual Total Time": 4617.784,"Actual Rows": 1533791,"Actual Loops": 1,"Inner Unique": true,"Hash Cond": "(orders.o_custkey = customer.c_custkey)","Plans": [{"Node Type": "Seq Scan","Parent Relationship": "Outer","Parallel Aware": false,"Async Capable": false,"Relation Name": "orders","Alias": "orders","Startup Cost": 0.00,"Total Cost": 44845.00,"Plan Rows": 1484848,"Plan Width": 8,"Actual Startup Time": 0.045,"Actual Total Time": 3189.289,"Actual Rows": 1483787,"Actual Loops": 1,"Filter": "((o_comment)::text !~~ '%unusual%packages%'::text)","Rows Removed by Filter": 16213},{"Node Type": "Hash","Parent Relationship": "Inner","Parallel Aware": false,"Async Capable": false,"Startup Cost": 3906.42,"Total Cost": 3906.42,"Plan Rows": 150000,"Plan Width": 4,"Actual Startup Time": 33.722,"Actual Total Time": 33.741,"Actual Rows": 150000,"Actual Loops": 1,"Hash Buckets": 262144,"Original Hash Buckets": 262144,"Hash Batches": 1,"Original Hash Batches": 1,"Peak Memory Usage": 7322,"Plans": [{"Node Type": "Index Only Scan","Parent Relationship": "Outer","Parallel Aware": false,"Async Capable": false,"Scan Direction": "Forward","Index Name": "customer_pkey","Relation Name": "customer","Alias": "customer","Startup Cost": 0.42,"Total Cost": 3906.42,"Plan Rows": 150000,"Plan Width": 4,"Actual Startup Time": 0.040,"Actual Total Time": 13.017,"Actual Rows": 150000,"Actual Loops": 1,"Heap Fetches": 0}]}]}]}]}]},"Planning Time": 3.840,"Triggers": [],"Execution Time": 6714.032}]
[{"Plan": {"Node Type": "Sort","Parallel Aware": false,"Async Capable": false,"Startup Cost": 65708.14,"Total Cost": 65708.64,"Plan Rows": 200,"Plan Width": 16,"Actual Startup Time": 6659.087,"Actual Total Time": 6659.155,"Actual Rows": 41,"Actual Loops": 1,"Sort Key": ["(count(*)) DESC", "(count(orders.o_orderkey)) DESC"],"Sort Method": "quicksort","Sort Space Used": 27,"Sort Space Type": "Memory","Plans": [{"Node Type": "Aggregate","Strategy": "Hashed","Partial Mode": "Simple","Parent Relationship": "Outer","Parallel Aware": false,"Async Capable": false,"Startup Cost": 65698.50,"Total Cost": 65700.50,"Plan Rows": 200,"Plan Width": 16,"Actual Startup Time": 6658.981,"Actual Total Time": 6659.057,"Actual Rows": 41,"Actual Loops": 1,"Group Key": ["count(orders.o_orderkey)"],"Planned Partitions": 0,"HashAgg Batches": 1,"Peak Memory Usage": 40,"Disk Usage": 0,"Plans": [{"Node Type": "Aggregate","Strategy": "Hashed","Partial Mode": "Simple","Parent Relationship": "Outer","Parallel Aware": false,"Async Capable": false,"Startup Cost": 61948.50,"Total Cost": 63448.50,"Plan Rows": 150000,"Plan Width": 12,"Actual Startup Time": 6480.209,"Actual Total Time": 6645.185,"Actual Rows": 150000,"Actual Loops": 1,"Group Key": ["customer.c_custkey"],"Planned Partitions": 0,"HashAgg Batches": 1,"Peak Memory Usage": 22545,"Disk Usage": 0,"Plans": [{"Node Type": "Hash Join","Parent Relationship": "Outer","Parallel Aware": false,"Async Capable": false,"Join Type": "Right","Startup Cost": 5781.42,"Total Cost": 54524.26,"Plan Rows": 1484848,"Plan Width": 8,"Actual Startup Time": 37.274,"Actual Total Time": 4547.015,"Actual Rows": 1533872,"Actual Loops": 1,"Inner Unique": true,"Hash Cond": "(orders.o_custkey = customer.c_custkey)","Plans": [{"Node Type": "Seq Scan","Parent Relationship": "Outer","Parallel Aware": false,"Async Capable": false,"Relation Name": "orders","Alias": "orders","Startup Cost": 0.00,"Total Cost": 44845.00,"Plan Rows": 1484848,"Plan Width": 8,"Actual Startup Time": 0.043,"Actual Total Time": 3085.028,"Actual Rows": 1483868,"Actual Loops": 1,"Filter": "((o_comment)::text !~~ '%unusual%deposits%'::text)","Rows Removed by Filter": 16132},{"Node Type": "Hash","Parent Relationship": "Inner","Parallel Aware": false,"Async Capable": false,"Startup Cost": 3906.42,"Total Cost": 3906.42,"Plan Rows": 150000,"Plan Width": 4,"Actual Startup Time": 35.508,"Actual Total Time": 35.530,"Actual Rows": 150000,"Actual Loops": 1,"Hash Buckets": 262144,"Original Hash Buckets": 262144,"Hash Batches": 1,"Original Hash Batches": 1,"Peak Memory Usage": 7322,"Plans": [{"Node Type": "Index Only Scan","Parent Relationship": "Outer","Parallel Aware": false,"Async Capable": false,"Scan Direction": "Forward","Index Name": "customer_pkey","Relation Name": "customer","Alias": "customer","Startup Cost": 0.42,"Total Cost": 3906.42,"Plan Rows": 150000,"Plan Width": 4,"Actual Startup Time": 0.053,"Actual Total Time": 13.448,"Actual Rows": 150000,"Actual Loops": 1,"Heap Fetches": 0}]}]}]}]}]},"Planning Time": 3.854,"Triggers": [],"Execution Time": 6671.834}]
[{"Plan": {"Node Type": "Sort","Parallel Aware": false,"Async Capable": false,"Startup Cost": 65708.14,"Total Cost": 65708.64,"Plan Rows": 200,"Plan Width": 16,"Actual Startup Time": 6659.087,"Actual Total Time": 6659.155,"Actual Rows": 41,"Actual Loops": 1,"Sort Key": ["(count(*)) DESC", "(count(orders.o_orderkey)) DESC"],"Sort Method": "quicksort","Sort Space Used": 27,"Sort Space Type": "Memory","Plans": [{"Node Type": "Aggregate","Strategy": "Hashed","Partial Mode": "Simple","Parent Relationship": "Outer","Parallel Aware": false,"Async Capable": false,"Startup Cost": 65698.50,"Total Cost": 65700.50,"Plan Rows": 200,"Plan Width": 16,"Actual Startup Time": 6658.981,"Actual Total Time": 6659.057,"Actual Rows": 41,"Actual Loops": 1,"Group Key": ["count(orders.o_orderkey)"],"Planned Partitions": 0,"HashAgg Batches": 1,"Peak Memory Usage": 40,"Disk Usage": 0,"Plans": [{"Node Type": "Aggregate","Strategy": "Hashed","Partial Mode": "Simple","Parent Relationship": "Outer","Parallel Aware": false,"Async Capable": false,"Startup Cost": 61948.50,"Total Cost": 63448.50,"Plan Rows": 150000,"Plan Width": 12,"Actual Startup Time": 6480.209,"Actual Total Time": 6645.185,"Actual Rows": 150000,"Actual Loops": 1,"Group Key": ["customer.c_custkey"],"Planned Partitions": 0,"HashAgg Batches": 1,"Peak Memory Usage": 22545,"Disk Usage": 0,"Plans": [{"Node Type": "Hash Join","Parent Relationship": "Outer","Parallel Aware": false,"Async Capable": false,"Join Type": "Right","Startup Cost": 5781.42,"Total Cost": 54524.26,"Plan Rows": 1484848,"Plan Width": 8,"Actual Startup Time": 37.274,"Actual Total Time": 4547.015,"Actual Rows": 1533872,"Actual Loops": 1,"Inner Unique": true,"Hash Cond": "(orders.o_custkey = customer.c_custkey)","Plans": [{"Node Type": "Seq Scan","Parent Relationship": "Outer","Parallel Aware": false,"Async Capable": false,"Relation Name": "orders","Alias": "orders","Startup Cost": 0.00,"Total Cost": 44845.00,"Plan Rows": 1484848,"Plan Width": 8,"Actual Startup Time": 0.043,"Actual Total Time": 3085.028,"Actual Rows": 1483868,"Actual Loops": 1,"Filter": "((o_comment)::text !~~ '%unusual%deposits%'::text)","Rows Removed by Filter": 16132},{"Node Type": "Hash","Parent Relationship": "Inner","Parallel Aware": false,"Async Capable": false,"Startup Cost": 3906.42,"Total Cost": 3906.42,"Plan Rows": 150000,"Plan Width": 4,"Actual Startup Time": 35.508,"Actual Total Time": 35.530,"Actual Rows": 150000,"Actual Loops": 1,"Hash Buckets": 262144,"Original Hash Buckets": 262144,"Hash Batches": 1,"Original Hash Batches": 1,"Peak Memory Usage": 7322,"Plans": [{"Node Type": "Index Only Scan","Parent Relationship": "Outer","Parallel Aware": false,"Async Capable": false,"Scan Direction": "Forward","Index Name": "customer_pkey","Relation Name": "customer","Alias": "customer","Startup Cost": 0.42,"Total Cost": 3906.42,"Plan Rows": 150000,"Plan Width": 4,"Actual Startup Time": 0.053,"Actual Total Time": 13.448,"Actual Rows": 150000,"Actual Loops": 1,"Heap Fetches": 0}]}]}]}]}]},"Planning Time": 3.854,"Triggers": [],"Execution Time": 6671.834}]
[{"Plan": {"Node Type": "Sort","Parallel Aware": false,"Async Capable": false,"Startup Cost": 65822.53,"Total Cost": 65823.03,"Plan Rows": 200,"Plan Width": 16,"Actual Startup Time": 6096.807,"Actual Total Time": 6096.851,"Actual Rows": 42,"Actual Loops": 1,"Sort Key": ["(count(*)) DESC", "(count(orders.o_orderkey)) DESC"],"Sort Method": "quicksort","Sort Space Used": 27,"Sort Space Type": "Memory","Plans": [{"Node Type": "Aggregate","Strategy": "Hashed","Partial Mode": "Simple","Parent Relationship": "Outer","Parallel Aware": false,"Async Capable": false,"Startup Cost": 65812.89,"Total Cost": 65814.89,"Plan Rows": 200,"Plan Width": 16,"Actual Startup Time": 6096.707,"Actual Total Time": 6096.758,"Actual Rows": 42,"Actual Loops": 1,"Group Key": ["count(orders.o_orderkey)"],"Planned Partitions": 0,"HashAgg Batches": 1,"Peak Memory Usage": 40,"Disk Usage": 0,"Plans": [{"Node Type": "Aggregate","Strategy": "Hashed","Partial Mode": "Simple","Parent Relationship": "Outer","Parallel Aware": false,"Async Capable": false,"Startup Cost": 62062.89,"Total Cost": 63562.89,"Plan Rows": 150000,"Plan Width": 12,"Actual Startup Time": 5900.364,"Actual Total Time": 6082.949,"Actual Rows": 150000,"Actual Loops": 1,"Group Key": ["customer.c_custkey"],"Planned Partitions": 0,"HashAgg Batches": 1,"Peak Memory Usage": 22545,"Disk Usage": 0,"Plans": [{"Node Type": "Hash Join","Parent Relationship": "Outer","Parallel Aware": false,"Async Capable": false,"Join Type": "Right","Startup Cost": 5781.42,"Total Cost": 54563.64,"Plan Rows": 1499850,"Plan Width": 8,"Actual Startup Time": 38.105,"Actual Total Time": 4090.394,"Actual Rows": 1533835,"Actual Loops": 1,"Inner Unique": true,"Hash Cond": "(orders.o_custkey = customer.c_custkey)","Plans": [{"Node Type": "Seq Scan","Parent Relationship": "Outer","Parallel Aware": false,"Async Capable": false,"Relation Name": "orders","Alias": "orders","Startup Cost": 0.00,"Total Cost": 44845.00,"Plan Rows": 1499850,"Plan Width": 8,"Actual Startup Time": 0.059,"Actual Total Time": 2844.303,"Actual Rows": 1483831,"Actual Loops": 1,"Filter": "((o_comment)::text !~~ '%special%accounts%'::text)","Rows Removed by Filter": 16169},{"Node Type": "Hash","Parent Relationship": "Inner","Parallel Aware": false,"Async Capable": false,"Startup Cost": 3906.42,"Total Cost": 3906.42,"Plan Rows": 150000,"Plan Width": 4,"Actual Startup Time": 36.335,"Actual Total Time": 36.352,"Actual Rows": 150000,"Actual Loops": 1,"Hash Buckets": 262144,"Original Hash Buckets": 262144,"Hash Batches": 1,"Original Hash Batches": 1,"Peak Memory Usage": 7322,"Plans": [{"Node Type": "Index Only Scan","Parent Relationship": "Outer","Parallel Aware": false,"Async Capable": false,"Scan Direction": "Forward","Index Name": "customer_pkey","Relation Name": "customer","Alias": "customer","Startup Cost": 0.42,"Total Cost": 3906.42,"Plan Rows": 150000,"Plan Width": 4,"Actual Startup Time": 0.048,"Actual Total Time": 14.414,"Actual Rows": 150000,"Actual Loops": 1,"Heap Fetches": 0}]}]}]}]}]},"Planning Time": 3.409,"Triggers": [],"Execution Time": 6107.560}]
[{"Plan": {"Node Type": "Sort","Parallel Aware": false,"Async Capable": false,"Startup Cost": 65822.53,"Total Cost": 65823.03,"Plan Rows": 200,"Plan Width": 16,"Actual Startup Time": 6047.687,"Actual Total Time": 6047.735,"Actual Rows": 42,"Actual Loops": 1,"Sort Key": ["(count(*)) DESC", "(count(orders.o_orderkey)) DESC"],"Sort Method": "quicksort","Sort Space Used": 27,"Sort Space Type": "Memory","Plans": [{"Node Type": "Aggregate","Strategy": "Hashed","Partial Mode": "Simple","Parent Relationship": "Outer","Parallel Aware": false,"Async Capable": false,"Startup Cost": 65812.89,"Total Cost": 65814.89,"Plan Rows": 200,"Plan Width": 16,"Actual Startup Time": 6047.591,"Actual Total Time": 6047.643,"Actual Rows": 42,"Actual Loops": 1,"Group Key": ["count(orders.o_orderkey)"],"Planned Partitions": 0,"HashAgg Batches": 1,"Peak Memory Usage": 40,"Disk Usage": 0,"Plans": [{"Node Type": "Aggregate","Strategy": "Hashed","Partial Mode": "Simple","Parent Relationship": "Outer","Parallel Aware": false,"Async Capable": false,"Startup Cost": 62062.89,"Total Cost": 63562.89,"Plan Rows": 150000,"Plan Width": 12,"Actual Startup Time": 5868.600,"Actual Total Time": 6033.866,"Actual Rows": 150000,"Actual Loops": 1,"Group Key": ["customer.c_custkey"],"Planned Partitions": 0,"HashAgg Batches": 1,"Peak Memory Usage": 22545,"Disk Usage": 0,"Plans": [{"Node Type": "Hash Join","Parent Relationship": "Outer","Parallel Aware": false,"Async Capable": false,"Join Type": "Right","Startup Cost": 5781.42,"Total Cost": 54563.64,"Plan Rows": 1499850,"Plan Width": 8,"Actual Startup Time": 39.168,"Actual Total Time": 4010.851,"Actual Rows": 1533626,"Actual Loops": 1,"Inner Unique": true,"Hash Cond": "(orders.o_custkey = customer.c_custkey)","Plans": [{"Node Type": "Seq Scan","Parent Relationship": "Outer","Parallel Aware": false,"Async Capable": false,"Relation Name": "orders","Alias": "orders","Startup Cost": 0.00,"Total Cost": 44845.00,"Plan Rows": 1499850,"Plan Width": 8,"Actual Startup Time": 0.065,"Actual Total Time": 2757.508,"Actual Rows": 1483622,"Actual Loops": 1,"Filter": "((o_comment)::text !~~ '%unusual%accounts%'::text)","Rows Removed by Filter": 16378},{"Node Type": "Hash","Parent Relationship": "Inner","Parallel Aware": false,"Async Capable": false,"Startup Cost": 3906.42,"Total Cost": 3906.42,"Plan Rows": 150000,"Plan Width": 4,"Actual Startup Time": 37.343,"Actual Total Time": 37.362,"Actual Rows": 150000,"Actual Loops": 1,"Hash Buckets": 262144,"Original Hash Buckets": 262144,"Hash Batches": 1,"Original Hash Batches": 1,"Peak Memory Usage": 7322,"Plans": [{"Node Type": "Index Only Scan","Parent Relationship": "Outer","Parallel Aware": false,"Async Capable": false,"Scan Direction": "Forward","Index Name": "customer_pkey","Relation Name": "customer","Alias": "customer","Startup Cost": 0.42,"Total Cost": 3906.42,"Plan Rows": 150000,"Plan Width": 4,"Actual Startup Time": 0.036,"Actual Total Time": 14.472,"Actual Rows": 150000,"Actual Loops": 1,"Heap Fetches": 0}]}]}]}]}]},"Planning Time": 4.331,"Triggers": [],"Execution Time": 6056.690}]
[{"Plan": {"Node Type": "Sort","Parallel Aware": false,"Async Capable": false,"Startup Cost": 65822.53,"Total Cost": 65823.03,"Plan Rows": 200,"Plan Width": 16,"Actual Startup Time": 6101.280,"Actual Total Time": 6101.314,"Actual Rows": 42,"Actual Loops": 1,"Sort Key": ["(count(*)) DESC", "(count(orders.o_orderkey)) DESC"],"Sort Method": "quicksort","Sort Space Used": 27,"Sort Space Type": "Memory","Plans": [{"Node Type": "Aggregate","Strategy": "Hashed","Partial Mode": "Simple","Parent Relationship": "Outer","Parallel Aware": false,"Async Capable": false,"Startup Cost": 65812.89,"Total Cost": 65814.89,"Plan Rows": 200,"Plan Width": 16,"Actual Startup Time": 6101.184,"Actual Total Time": 6101.232,"Actual Rows": 42,"Actual Loops": 1,"Group Key": ["count(orders.o_orderkey)"],"Planned Partitions": 0,"HashAgg Batches": 1,"Peak Memory Usage": 40,"Disk Usage": 0,"Plans": [{"Node Type": "Aggregate","Strategy": "Hashed","Partial Mode": "Simple","Parent Relationship": "Outer","Parallel Aware": false,"Async Capable": false,"Startup Cost": 62062.89,"Total Cost": 63562.89,"Plan Rows": 150000,"Plan Width": 12,"Actual Startup Time": 5921.162,"Actual Total Time": 6087.400,"Actual Rows": 150000,"Actual Loops": 1,"Group Key": ["customer.c_custkey"],"Planned Partitions": 0,"HashAgg Batches": 1,"Peak Memory Usage": 22545,"Disk Usage": 0,"Plans": [{"Node Type": "Hash Join","Parent Relationship": "Outer","Parallel Aware": false,"Async Capable": false,"Join Type": "Right","Startup Cost": 5781.42,"Total Cost": 54563.64,"Plan Rows": 1499850,"Plan Width": 8,"Actual Startup Time": 39.228,"Actual Total Time": 4074.723,"Actual Rows": 1533808,"Actual Loops": 1,"Inner Unique": true,"Hash Cond": "(orders.o_custkey = customer.c_custkey)","Plans": [{"Node Type": "Seq Scan","Parent Relationship": "Outer","Parallel Aware": false,"Async Capable": false,"Relation Name": "orders","Alias": "orders","Startup Cost": 0.00,"Total Cost": 44845.00,"Plan Rows": 1499850,"Plan Width": 8,"Actual Startup Time": 0.056,"Actual Total Time": 2834.984,"Actual Rows": 1483804,"Actual Loops": 1,"Filter": "((o_comment)::text !~~ '%special%deposits%'::text)","Rows Removed by Filter": 16196},{"Node Type": "Hash","Parent Relationship": "Inner","Parallel Aware": false,"Async Capable": false,"Startup Cost": 3906.42,"Total Cost": 3906.42,"Plan Rows": 150000,"Plan Width": 4,"Actual Startup Time": 37.438,"Actual Total Time": 37.451,"Actual Rows": 150000,"Actual Loops": 1,"Hash Buckets": 262144,"Original Hash Buckets": 262144,"Hash Batches": 1,"Original Hash Batches": 1,"Peak Memory Usage": 7322,"Plans": [{"Node Type": "Index Only Scan","Parent Relationship": "Outer","Parallel Aware": false,"Async Capable": false,"Scan Direction": "Forward","Index Name": "customer_pkey","Relation Name": "customer","Alias": "customer","Startup Cost": 0.42,"Total Cost": 3906.42,"Plan Rows": 150000,"Plan Width": 4,"Actual Startup Time": 0.049,"Actual Total Time": 14.639,"Actual Rows": 150000,"Actual Loops": 1,"Heap Fetches": 0}]}]}]}]}]},"Planning Time": 3.971,"Triggers": [],"Execution Time": 6110.955}]
[{"Plan": {"Node Type": "Sort","Parallel Aware": false,"Async Capable": false,"Startup Cost": 65708.14,"Total Cost": 65708.64,"Plan Rows": 200,"Plan Width": 16,"Actual Startup Time": 6009.895,"Actual Total Time": 6009.932,"Actual Rows": 42,"Actual Loops": 1,"Sort Key": ["(count(*)) DESC", "(count(orders.o_orderkey)) DESC"],"Sort Method": "quicksort","Sort Space Used": 27,"Sort Space Type": "Memory","Plans": [{"Node Type": "Aggregate","Strategy": "Hashed","Partial Mode": "Simple","Parent Relationship": "Outer","Parallel Aware": false,"Async Capable": false,"Startup Cost": 65698.50,"Total Cost": 65700.50,"Plan Rows": 200,"Plan Width": 16,"Actual Startup Time": 6009.807,"Actual Total Time": 6009.848,"Actual Rows": 42,"Actual Loops": 1,"Group Key": ["count(orders.o_orderkey)"],"Planned Partitions": 0,"HashAgg Batches": 1,"Peak Memory Usage": 40,"Disk Usage": 0,"Plans": [{"Node Type": "Aggregate","Strategy": "Hashed","Partial Mode": "Simple","Parent Relationship": "Outer","Parallel Aware": false,"Async Capable": false,"Startup Cost": 61948.50,"Total Cost": 63448.50,"Plan Rows": 150000,"Plan Width": 12,"Actual Startup Time": 5831.373,"Actual Total Time": 5996.054,"Actual Rows": 150000,"Actual Loops": 1,"Group Key": ["customer.c_custkey"],"Planned Partitions": 0,"HashAgg Batches": 1,"Peak Memory Usage": 22545,"Disk Usage": 0,"Plans": [{"Node Type": "Hash Join","Parent Relationship": "Outer","Parallel Aware": false,"Async Capable": false,"Join Type": "Right","Startup Cost": 5781.42,"Total Cost": 54524.26,"Plan Rows": 1484848,"Plan Width": 8,"Actual Startup Time": 39.338,"Actual Total Time": 3994.258,"Actual Rows": 1533903,"Actual Loops": 1,"Inner Unique": true,"Hash Cond": "(orders.o_custkey = customer.c_custkey)","Plans": [{"Node Type": "Seq Scan","Parent Relationship": "Outer","Parallel Aware": false,"Async Capable": false,"Relation Name": "orders","Alias": "orders","Startup Cost": 0.00,"Total Cost": 44845.00,"Plan Rows": 1484848,"Plan Width": 8,"Actual Startup Time": 0.067,"Actual Total Time": 2735.690,"Actual Rows": 1483898,"Actual Loops": 1,"Filter": "((o_comment)::text !~~ '%pending%packages%'::text)","Rows Removed by Filter": 16102},{"Node Type": "Hash","Parent Relationship": "Inner","Parallel Aware": false,"Async Capable": false,"Startup Cost": 3906.42,"Total Cost": 3906.42,"Plan Rows": 150000,"Plan Width": 4,"Actual Startup Time": 37.449,"Actual Total Time": 37.461,"Actual Rows": 150000,"Actual Loops": 1,"Hash Buckets": 262144,"Original Hash Buckets": 262144,"Hash Batches": 1,"Original Hash Batches": 1,"Peak Memory Usage": 7322,"Plans": [{"Node Type": "Index Only Scan","Parent Relationship": "Outer","Parallel Aware": false,"Async Capable": false,"Scan Direction": "Forward","Index Name": "customer_pkey","Relation Name": "customer","Alias": "customer","Startup Cost": 0.42,"Total Cost": 3906.42,"Plan Rows": 150000,"Plan Width": 4,"Actual Startup Time": 0.047,"Actual Total Time": 14.301,"Actual Rows": 150000,"Actual Loops": 1,"Heap Fetches": 0}]}]}]}]}]},"Planning Time": 4.405,"Triggers": [],"Execution Time": 6018.249}]
[{"Plan": {"Node Type": "Sort","Parallel Aware": false,"Async Capable": false,"Startup Cost": 65708.14,"Total Cost": 65708.64,"Plan Rows": 200,"Plan Width": 16,"Actual Startup Time": 6734.447,"Actual Total Time": 6734.481,"Actual Rows": 42,"Actual Loops": 1,"Sort Key": ["(count(*)) DESC", "(count(orders.o_orderkey)) DESC"],"Sort Method": "quicksort","Sort Space Used": 27,"Sort Space Type": "Memory","Plans": [{"Node Type": "Aggregate","Strategy": "Hashed","Partial Mode": "Simple","Parent Relationship": "Outer","Parallel Aware": false,"Async Capable": false,"Startup Cost": 65698.50,"Total Cost": 65700.50,"Plan Rows": 200,"Plan Width": 16,"Actual Startup Time": 6734.369,"Actual Total Time": 6734.411,"Actual Rows": 42,"Actual Loops": 1,"Group Key": ["count(orders.o_orderkey)"],"Planned Partitions": 0,"HashAgg Batches": 1,"Peak Memory Usage": 40,"Disk Usage": 0,"Plans": [{"Node Type": "Aggregate","Strategy": "Hashed","Partial Mode": "Simple","Parent Relationship": "Outer","Parallel Aware": false,"Async Capable": false,"Startup Cost": 61948.50,"Total Cost": 63448.50,"Plan Rows": 150000,"Plan Width": 12,"Actual Startup Time": 6542.374,"Actual Total Time": 6720.630,"Actual Rows": 150000,"Actual Loops": 1,"Group Key": ["customer.c_custkey"],"Planned Partitions": 0,"HashAgg Batches": 1,"Peak Memory Usage": 22545,"Disk Usage": 0,"Plans": [{"Node Type": "Hash Join","Parent Relationship": "Outer","Parallel Aware": false,"Async Capable": false,"Join Type": "Right","Startup Cost": 5781.42,"Total Cost": 54524.26,"Plan Rows": 1484848,"Plan Width": 8,"Actual Startup Time": 36.319,"Actual Total Time": 4621.827,"Actual Rows": 1533676,"Actual Loops": 1,"Inner Unique": true,"Hash Cond": "(orders.o_custkey = customer.c_custkey)","Plans": [{"Node Type": "Seq Scan","Parent Relationship": "Outer","Parallel Aware": false,"Async Capable": false,"Relation Name": "orders","Alias": "orders","Startup Cost": 0.00,"Total Cost": 44845.00,"Plan Rows": 1484848,"Plan Width": 8,"Actual Startup Time": 0.054,"Actual Total Time": 3196.487,"Actual Rows": 1483672,"Actual Loops": 1,"Filter": "((o_comment)::text !~~ '%express%requests%'::text)","Rows Removed by Filter": 16328},{"Node Type": "Hash","Parent Relationship": "Inner","Parallel Aware": false,"Async Capable": false,"Startup Cost": 3906.42,"Total Cost": 3906.42,"Plan Rows": 150000,"Plan Width": 4,"Actual Startup Time": 34.348,"Actual Total Time": 34.358,"Actual Rows": 150000,"Actual Loops": 1,"Hash Buckets": 262144,"Original Hash Buckets": 262144,"Hash Batches": 1,"Original Hash Batches": 1,"Peak Memory Usage": 7322,"Plans": [{"Node Type": "Index Only Scan","Parent Relationship": "Outer","Parallel Aware": false,"Async Capable": false,"Scan Direction": "Forward","Index Name": "customer_pkey","Relation Name": "customer","Alias": "customer","Startup Cost": 0.42,"Total Cost": 3906.42,"Plan Rows": 150000,"Plan Width": 4,"Actual Startup Time": 0.054,"Actual Total Time": 13.145,"Actual Rows": 150000,"Actual Loops": 1,"Heap Fetches": 0}]}]}]}]}]},"Planning Time": 4.493,"Triggers": [],"Execution Time": 6743.934}]
[{"Plan": {"Node Type": "Sort","Parallel Aware": false,"Async Capable": false,"Startup Cost": 65592.61,"Total Cost": 65593.11,"Plan Rows": 200,"Plan Width": 16,"Actual Startup Time": 6108.888,"Actual Total Time": 6108.932,"Actual Rows": 42,"Actual Loops": 1,"Sort Key": ["(count(*)) DESC", "(count(orders.o_orderkey)) DESC"],"Sort Method": "quicksort","Sort Space Used": 27,"Sort Space Type": "Memory","Plans": [{"Node Type": "Aggregate","Strategy": "Hashed","Partial Mode": "Simple","Parent Relationship": "Outer","Parallel Aware": false,"Async Capable": false,"Startup Cost": 65582.97,"Total Cost": 65584.97,"Plan Rows": 200,"Plan Width": 16,"Actual Startup Time": 6108.797,"Actual Total Time": 6108.848,"Actual Rows": 42,"Actual Loops": 1,"Group Key": ["count(orders.o_orderkey)"],"Planned Partitions": 0,"HashAgg Batches": 1,"Peak Memory Usage": 40,"Disk Usage": 0,"Plans": [{"Node Type": "Aggregate","Strategy": "Hashed","Partial Mode": "Simple","Parent Relationship": "Outer","Parallel Aware": false,"Async Capable": false,"Startup Cost": 61832.97,"Total Cost": 63332.97,"Plan Rows": 150000,"Plan Width": 12,"Actual Startup Time": 5916.041,"Actual Total Time": 6095.043,"Actual Rows": 150000,"Actual Loops": 1,"Group Key": ["customer.c_custkey"],"Planned Partitions": 0,"HashAgg Batches": 1,"Peak Memory Usage": 22545,"Disk Usage": 0,"Plans": [{"Node Type": "Hash Join","Parent Relationship": "Outer","Parallel Aware": false,"Async Capable": false,"Join Type": "Right","Startup Cost": 5781.42,"Total Cost": 54484.49,"Plan Rows": 1469697,"Plan Width": 8,"Actual Startup Time": 39.068,"Actual Total Time": 4097.616,"Actual Rows": 1534019,"Actual Loops": 1,"Inner Unique": true,"Hash Cond": "(orders.o_custkey = customer.c_custkey)","Plans": [{"Node Type": "Seq Scan","Parent Relationship": "Outer","Parallel Aware": false,"Async Capable": false,"Relation Name": "orders","Alias": "orders","Startup Cost": 0.00,"Total Cost": 44845.00,"Plan Rows": 1469697,"Plan Width": 8,"Actual Startup Time": 0.051,"Actual Total Time": 2823.952,"Actual Rows": 1484015,"Actual Loops": 1,"Filter": "((o_comment)::text !~~ '%express%accounts%'::text)","Rows Removed by Filter": 15985},{"Node Type": "Hash","Parent Relationship": "Inner","Parallel Aware": false,"Async Capable": false,"Startup Cost": 3906.42,"Total Cost": 3906.42,"Plan Rows": 150000,"Plan Width": 4,"Actual Startup Time": 37.191,"Actual Total Time": 37.207,"Actual Rows": 150000,"Actual Loops": 1,"Hash Buckets": 262144,"Original Hash Buckets": 262144,"Hash Batches": 1,"Original Hash Batches": 1,"Peak Memory Usage": 7322,"Plans": [{"Node Type": "Index Only Scan","Parent Relationship": "Outer","Parallel Aware": false,"Async Capable": false,"Scan Direction": "Forward","Index Name": "customer_pkey","Relation Name": "customer","Alias": "customer","Startup Cost": 0.42,"Total Cost": 3906.42,"Plan Rows": 150000,"Plan Width": 4,"Actual Startup Time": 0.038,"Actual Total Time": 14.188,"Actual Rows": 150000,"Actual Loops": 1,"Heap Fetches": 0}]}]}]}]}]},"Planning Time": 3.814,"Triggers": [],"Execution Time": 6118.531}]
[{"Plan": {"Node Type": "Sort","Parallel Aware": false,"Async Capable": false,"Startup Cost": 65592.61,"Total Cost": 65593.11,"Plan Rows": 200,"Plan Width": 16,"Actual Startup Time": 6059.416,"Actual Total Time": 6059.459,"Actual Rows": 42,"Actual Loops": 1,"Sort Key": ["(count(*)) DESC", "(count(orders.o_orderkey)) DESC"],"Sort Method": "quicksort","Sort Space Used": 27,"Sort Space Type": "Memory","Plans": [{"Node Type": "Aggregate","Strategy": "Hashed","Partial Mode": "Simple","Parent Relationship": "Outer","Parallel Aware": false,"Async Capable": false,"Startup Cost": 65582.97,"Total Cost": 65584.97,"Plan Rows": 200,"Plan Width": 16,"Actual Startup Time": 6059.318,"Actual Total Time": 6059.369,"Actual Rows": 42,"Actual Loops": 1,"Group Key": ["count(orders.o_orderkey)"],"Planned Partitions": 0,"HashAgg Batches": 1,"Peak Memory Usage": 40,"Disk Usage": 0,"Plans": [{"Node Type": "Aggregate","Strategy": "Hashed","Partial Mode": "Simple","Parent Relationship": "Outer","Parallel Aware": false,"Async Capable": false,"Startup Cost": 61832.97,"Total Cost": 63332.97,"Plan Rows": 150000,"Plan Width": 12,"Actual Startup Time": 5864.158,"Actual Total Time": 6045.542,"Actual Rows": 150000,"Actual Loops": 1,"Group Key": ["customer.c_custkey"],"Planned Partitions": 0,"HashAgg Batches": 1,"Peak Memory Usage": 22545,"Disk Usage": 0,"Plans": [{"Node Type": "Hash Join","Parent Relationship": "Outer","Parallel Aware": false,"Async Capable": false,"Join Type": "Right","Startup Cost": 5781.42,"Total Cost": 54484.49,"Plan Rows": 1469697,"Plan Width": 8,"Actual Startup Time": 38.198,"Actual Total Time": 4061.016,"Actual Rows": 1533817,"Actual Loops": 1,"Inner Unique": true,"Hash Cond": "(orders.o_custkey = customer.c_custkey)","Plans": [{"Node Type": "Seq Scan","Parent Relationship": "Outer","Parallel Aware": false,"Async Capable": false,"Relation Name": "orders","Alias": "orders","Startup Cost": 0.00,"Total Cost": 44845.00,"Plan Rows": 1469697,"Plan Width": 8,"Actual Startup Time": 0.037,"Actual Total Time": 2812.366,"Actual Rows": 1483813,"Actual Loops": 1,"Filter": "((o_comment)::text !~~ '%unusual%requests%'::text)","Rows Removed by Filter": 16187},{"Node Type": "Hash","Parent Relationship": "Inner","Parallel Aware": false,"Async Capable": false,"Startup Cost": 3906.42,"Total Cost": 3906.42,"Plan Rows": 150000,"Plan Width": 4,"Actual Startup Time": 36.318,"Actual Total Time": 36.334,"Actual Rows": 150000,"Actual Loops": 1,"Hash Buckets": 262144,"Original Hash Buckets": 262144,"Hash Batches": 1,"Original Hash Batches": 1,"Peak Memory Usage": 7322,"Plans": [{"Node Type": "Index Only Scan","Parent Relationship": "Outer","Parallel Aware": false,"Async Capable": false,"Scan Direction": "Forward","Index Name": "customer_pkey","Relation Name": "customer","Alias": "customer","Startup Cost": 0.42,"Total Cost": 3906.42,"Plan Rows": 150000,"Plan Width": 4,"Actual Startup Time": 0.044,"Actual Total Time": 14.416,"Actual Rows": 150000,"Actual Loops": 1,"Heap Fetches": 0}]}]}]}]}]},"Planning Time": 3.526,"Triggers": [],"Execution Time": 6069.080}]
[{"Plan": {"Node Type": "Sort","Parallel Aware": false,"Async Capable": false,"Startup Cost": 65592.61,"Total Cost": 65593.11,"Plan Rows": 200,"Plan Width": 16,"Actual Startup Time": 6059.416,"Actual Total Time": 6059.459,"Actual Rows": 42,"Actual Loops": 1,"Sort Key": ["(count(*)) DESC", "(count(orders.o_orderkey)) DESC"],"Sort Method": "quicksort","Sort Space Used": 27,"Sort Space Type": "Memory","Plans": [{"Node Type": "Aggregate","Strategy": "Hashed","Partial Mode": "Simple","Parent Relationship": "Outer","Parallel Aware": false,"Async Capable": false,"Startup Cost": 65582.97,"Total Cost": 65584.97,"Plan Rows": 200,"Plan Width": 16,"Actual Startup Time": 6059.318,"Actual Total Time": 6059.369,"Actual Rows": 42,"Actual Loops": 1,"Group Key": ["count(orders.o_orderkey)"],"Planned Partitions": 0,"HashAgg Batches": 1,"Peak Memory Usage": 40,"Disk Usage": 0,"Plans": [{"Node Type": "Aggregate","Strategy": "Hashed","Partial Mode": "Simple","Parent Relationship": "Outer","Parallel Aware": false,"Async Capable": false,"Startup Cost": 61832.97,"Total Cost": 63332.97,"Plan Rows": 150000,"Plan Width": 12,"Actual Startup Time": 5864.158,"Actual Total Time": 6045.542,"Actual Rows": 150000,"Actual Loops": 1,"Group Key": ["customer.c_custkey"],"Planned Partitions": 0,"HashAgg Batches": 1,"Peak Memory Usage": 22545,"Disk Usage": 0,"Plans": [{"Node Type": "Hash Join","Parent Relationship": "Outer","Parallel Aware": false,"Async Capable": false,"Join Type": "Right","Startup Cost": 5781.42,"Total Cost": 54484.49,"Plan Rows": 1469697,"Plan Width": 8,"Actual Startup Time": 38.198,"Actual Total Time": 4061.016,"Actual Rows": 1533817,"Actual Loops": 1,"Inner Unique": true,"Hash Cond": "(orders.o_custkey = customer.c_custkey)","Plans": [{"Node Type": "Seq Scan","Parent Relationship": "Outer","Parallel Aware": false,"Async Capable": false,"Relation Name": "orders","Alias": "orders","Startup Cost": 0.00,"Total Cost": 44845.00,"Plan Rows": 1469697,"Plan Width": 8,"Actual Startup Time": 0.037,"Actual Total Time": 2812.366,"Actual Rows": 1483813,"Actual Loops": 1,"Filter": "((o_comment)::text !~~ '%unusual%requests%'::text)","Rows Removed by Filter": 16187},{"Node Type": "Hash","Parent Relationship": "Inner","Parallel Aware": false,"Async Capable": false,"Startup Cost": 3906.42,"Total Cost": 3906.42,"Plan Rows": 150000,"Plan Width": 4,"Actual Startup Time": 36.318,"Actual Total Time": 36.334,"Actual Rows": 150000,"Actual Loops": 1,"Hash Buckets": 262144,"Original Hash Buckets": 262144,"Hash Batches": 1,"Original Hash Batches": 1,"Peak Memory Usage": 7322,"Plans": [{"Node Type": "Index Only Scan","Parent Relationship": "Outer","Parallel Aware": false,"Async Capable": false,"Scan Direction": "Forward","Index Name": "customer_pkey","Relation Name": "customer","Alias": "customer","Startup Cost": 0.42,"Total Cost": 3906.42,"Plan Rows": 150000,"Plan Width": 4,"Actual Startup Time": 0.044,"Actual Total Time": 14.416,"Actual Rows": 150000,"Actual Loops": 1,"Heap Fetches": 0}]}]}]}]}]},"Planning Time": 3.526,"Triggers": [],"Execution Time": 6069.080}]
[{"Plan": {"Node Type": "Sort","Parallel Aware": false,"Async Capable": false,"Startup Cost": 65708.14,"Total Cost": 65708.64,"Plan Rows": 200,"Plan Width": 16,"Actual Startup Time": 6096.152,"Actual Total Time": 6096.183,"Actual Rows": 42,"Actual Loops": 1,"Sort Key": ["(count(*)) DESC", "(count(orders.o_orderkey)) DESC"],"Sort Method": "quicksort","Sort Space Used": 27,"Sort Space Type": "Memory","Plans": [{"Node Type": "Aggregate","Strategy": "Hashed","Partial Mode": "Simple","Parent Relationship": "Outer","Parallel Aware": false,"Async Capable": false,"Startup Cost": 65698.50,"Total Cost": 65700.50,"Plan Rows": 200,"Plan Width": 16,"Actual Startup Time": 6096.055,"Actual Total Time": 6096.099,"Actual Rows": 42,"Actual Loops": 1,"Group Key": ["count(orders.o_orderkey)"],"Planned Partitions": 0,"HashAgg Batches": 1,"Peak Memory Usage": 40,"Disk Usage": 0,"Plans": [{"Node Type": "Aggregate","Strategy": "Hashed","Partial Mode": "Simple","Parent Relationship": "Outer","Parallel Aware": false,"Async Capable": false,"Startup Cost": 61948.50,"Total Cost": 63448.50,"Plan Rows": 150000,"Plan Width": 12,"Actual Startup Time": 5916.888,"Actual Total Time": 6082.285,"Actual Rows": 150000,"Actual Loops": 1,"Group Key": ["customer.c_custkey"],"Planned Partitions": 0,"HashAgg Batches": 1,"Peak Memory Usage": 22545,"Disk Usage": 0,"Plans": [{"Node Type": "Hash Join","Parent Relationship": "Outer","Parallel Aware": false,"Async Capable": false,"Join Type": "Right","Startup Cost": 5781.42,"Total Cost": 54524.26,"Plan Rows": 1484848,"Plan Width": 8,"Actual Startup Time": 39.799,"Actual Total Time": 4085.231,"Actual Rows": 1533660,"Actual Loops": 1,"Inner Unique": true,"Hash Cond": "(orders.o_custkey = customer.c_custkey)","Plans": [{"Node Type": "Seq Scan","Parent Relationship": "Outer","Parallel Aware": false,"Async Capable": false,"Relation Name": "orders","Alias": "orders","Startup Cost": 0.00,"Total Cost": 44845.00,"Plan Rows": 1484848,"Plan Width": 8,"Actual Startup Time": 0.053,"Actual Total Time": 2810.059,"Actual Rows": 1483656,"Actual Loops": 1,"Filter": "((o_comment)::text !~~ '%pending%requests%'::text)","Rows Removed by Filter": 16344},{"Node Type": "Hash","Parent Relationship": "Inner","Parallel Aware": false,"Async Capable": false,"Startup Cost": 3906.42,"Total Cost": 3906.42,"Plan Rows": 150000,"Plan Width": 4,"Actual Startup Time": 37.918,"Actual Total Time": 37.930,"Actual Rows": 150000,"Actual Loops": 1,"Hash Buckets": 262144,"Original Hash Buckets": 262144,"Hash Batches": 1,"Original Hash Batches": 1,"Peak Memory Usage": 7322,"Plans": [{"Node Type": "Index Only Scan","Parent Relationship": "Outer","Parallel Aware": false,"Async Capable": false,"Scan Direction": "Forward","Index Name": "customer_pkey","Relation Name": "customer","Alias": "customer","Startup Cost": 0.42,"Total Cost": 3906.42,"Plan Rows": 150000,"Plan Width": 4,"Actual Startup Time": 0.035,"Actual Total Time": 14.493,"Actual Rows": 150000,"Actual Loops": 1,"Heap Fetches": 0}]}]}]}]}]},"Planning Time": 4.221,"Triggers": [],"Execution Time": 6104.310}]
[{"Plan": {"Node Type": "Sort","Parallel Aware": false,"Async Capable": false,"Startup Cost": 65592.61,"Total Cost": 65593.11,"Plan Rows": 200,"Plan Width": 16,"Actual Startup Time": 6042.914,"Actual Total Time": 6042.954,"Actual Rows": 42,"Actual Loops": 1,"Sort Key": ["(count(*)) DESC", "(count(orders.o_orderkey)) DESC"],"Sort Method": "quicksort","Sort Space Used": 27,"Sort Space Type": "Memory","Plans": [{"Node Type": "Aggregate","Strategy": "Hashed","Partial Mode": "Simple","Parent Relationship": "Outer","Parallel Aware": false,"Async Capable": false,"Startup Cost": 65582.97,"Total Cost": 65584.97,"Plan Rows": 200,"Plan Width": 16,"Actual Startup Time": 6042.802,"Actual Total Time": 6042.854,"Actual Rows": 42,"Actual Loops": 1,"Group Key": ["count(orders.o_orderkey)"],"Planned Partitions": 0,"HashAgg Batches": 1,"Peak Memory Usage": 40,"Disk Usage": 0,"Plans": [{"Node Type": "Aggregate","Strategy": "Hashed","Partial Mode": "Simple","Parent Relationship": "Outer","Parallel Aware": false,"Async Capable": false,"Startup Cost": 61832.97,"Total Cost": 63332.97,"Plan Rows": 150000,"Plan Width": 12,"Actual Startup Time": 5848.968,"Actual Total Time": 6029.049,"Actual Rows": 150000,"Actual Loops": 1,"Group Key": ["customer.c_custkey"],"Planned Partitions": 0,"HashAgg Batches": 1,"Peak Memory Usage": 22545,"Disk Usage": 0,"Plans": [{"Node Type": "Hash Join","Parent Relationship": "Outer","Parallel Aware": false,"Async Capable": false,"Join Type": "Right","Startup Cost": 5781.42,"Total Cost": 54484.49,"Plan Rows": 1469697,"Plan Width": 8,"Actual Startup Time": 38.540,"Actual Total Time": 4039.691,"Actual Rows": 1534055,"Actual Loops": 1,"Inner Unique": true,"Hash Cond": "(orders.o_custkey = customer.c_custkey)","Plans": [{"Node Type": "Seq Scan","Parent Relationship": "Outer","Parallel Aware": false,"Async Capable": false,"Relation Name": "orders","Alias": "orders","Startup Cost": 0.00,"Total Cost": 44845.00,"Plan Rows": 1469697,"Plan Width": 8,"Actual Startup Time": 0.061,"Actual Total Time": 2797.159,"Actual Rows": 1484051,"Actual Loops": 1,"Filter": "((o_comment)::text !~~ '%special%packages%'::text)","Rows Removed by Filter": 15949},{"Node Type": "Hash","Parent Relationship": "Inner","Parallel Aware": false,"Async Capable": false,"Startup Cost": 3906.42,"Total Cost": 3906.42,"Plan Rows": 150000,"Plan Width": 4,"Actual Startup Time": 36.593,"Actual Total Time": 36.607,"Actual Rows": 150000,"Actual Loops": 1,"Hash Buckets": 262144,"Original Hash Buckets": 262144,"Hash Batches": 1,"Original Hash Batches": 1,"Peak Memory Usage": 7322,"Plans": [{"Node Type": "Index Only Scan","Parent Relationship": "Outer","Parallel Aware": false,"Async Capable": false,"Scan Direction": "Forward","Index Name": "customer_pkey","Relation Name": "customer","Alias": "customer","Startup Cost": 0.42,"Total Cost": 3906.42,"Plan Rows": 150000,"Plan Width": 4,"Actual Startup Time": 0.050,"Actual Total Time": 14.573,"Actual Rows": 150000,"Actual Loops": 1,"Heap Fetches": 0}]}]}]}]}]},"Planning Time": 3.383,"Triggers": [],"Execution Time": 6052.793}]
[{"Plan": {"Node Type": "Sort","Parallel Aware": false,"Async Capable": false,"Startup Cost": 65708.14,"Total Cost": 65708.64,"Plan Rows": 200,"Plan Width": 16,"Actual Startup Time": 6706.121,"Actual Total Time": 6706.163,"Actual Rows": 42,"Actual Loops": 1,"Sort Key": ["(count(*)) DESC", "(count(orders.o_orderkey)) DESC"],"Sort Method": "quicksort","Sort Space Used": 27,"Sort Space Type": "Memory","Plans": [{"Node Type": "Aggregate","Strategy": "Hashed","Partial Mode": "Simple","Parent Relationship": "Outer","Parallel Aware": false,"Async Capable": false,"Startup Cost": 65698.50,"Total Cost": 65700.50,"Plan Rows": 200,"Plan Width": 16,"Actual Startup Time": 6706.048,"Actual Total Time": 6706.098,"Actual Rows": 42,"Actual Loops": 1,"Group Key": ["count(orders.o_orderkey)"],"Planned Partitions": 0,"HashAgg Batches": 1,"Peak Memory Usage": 40,"Disk Usage": 0,"Plans": [{"Node Type": "Aggregate","Strategy": "Hashed","Partial Mode": "Simple","Parent Relationship": "Outer","Parallel Aware": false,"Async Capable": false,"Startup Cost": 61948.50,"Total Cost": 63448.50,"Plan Rows": 150000,"Plan Width": 12,"Actual Startup Time": 6534.914,"Actual Total Time": 6692.300,"Actual Rows": 150000,"Actual Loops": 1,"Group Key": ["customer.c_custkey"],"Planned Partitions": 0,"HashAgg Batches": 1,"Peak Memory Usage": 22545,"Disk Usage": 0,"Plans": [{"Node Type": "Hash Join","Parent Relationship": "Outer","Parallel Aware": false,"Async Capable": false,"Join Type": "Right","Startup Cost": 5781.42,"Total Cost": 54524.26,"Plan Rows": 1484848,"Plan Width": 8,"Actual Startup Time": 35.450,"Actual Total Time": 4617.784,"Actual Rows": 1533791,"Actual Loops": 1,"Inner Unique": true,"Hash Cond": "(orders.o_custkey = customer.c_custkey)","Plans": [{"Node Type": "Seq Scan","Parent Relationship": "Outer","Parallel Aware": false,"Async Capable": false,"Relation Name": "orders","Alias": "orders","Startup Cost": 0.00,"Total Cost": 44845.00,"Plan Rows": 1484848,"Plan Width": 8,"Actual Startup Time": 0.045,"Actual Total Time": 3189.289,"Actual Rows": 1483787,"Actual Loops": 1,"Filter": "((o_comment)::text !~~ '%unusual%packages%'::text)","Rows Removed by Filter": 16213},{"Node Type": "Hash","Parent Relationship": "Inner","Parallel Aware": false,"Async Capable": false,"Startup Cost": 3906.42,"Total Cost": 3906.42,"Plan Rows": 150000,"Plan Width": 4,"Actual Startup Time": 33.722,"Actual Total Time": 33.741,"Actual Rows": 150000,"Actual Loops": 1,"Hash Buckets": 262144,"Original Hash Buckets": 262144,"Hash Batches": 1,"Original Hash Batches": 1,"Peak Memory Usage": 7322,"Plans": [{"Node Type": "Index Only Scan","Parent Relationship": "Outer","Parallel Aware": false,"Async Capable": false,"Scan Direction": "Forward","Index Name": "customer_pkey","Relation Name": "customer","Alias": "customer","Startup Cost": 0.42,"Total Cost": 3906.42,"Plan Rows": 150000,"Plan Width": 4,"Actual Startup Time": 0.040,"Actual Total Time": 13.017,"Actual Rows": 150000,"Actual Loops": 1,"Heap Fetches": 0}]}]}]}]}]},"Planning Time": 3.840,"Triggers": [],"Execution Time": 6714.032}]
[{"Plan": {"Node Type": "Sort","Parallel Aware": false,"Async Capable": false,"Startup Cost": 65477.08,"Total Cost": 65477.58,"Plan Rows": 200,"Plan Width": 16,"Actual Startup Time": 6131.456,"Actual Total Time": 6131.495,"Actual Rows": 42,"Actual Loops": 1,"Sort Key": ["(count(*)) DESC", "(count(orders.o_orderkey)) DESC"],"Sort Method": "quicksort","Sort Space Used": 27,"Sort Space Type": "Memory","Plans": [{"Node Type": "Aggregate","Strategy": "Hashed","Partial Mode": "Simple","Parent Relationship": "Outer","Parallel Aware": false,"Async Capable": false,"Startup Cost": 65467.44,"Total Cost": 65469.44,"Plan Rows": 200,"Plan Width": 16,"Actual Startup Time": 6131.350,"Actual Total Time": 6131.398,"Actual Rows": 42,"Actual Loops": 1,"Group Key": ["count(orders.o_orderkey)"],"Planned Partitions": 0,"HashAgg Batches": 1,"Peak Memory Usage": 40,"Disk Usage": 0,"Plans": [{"Node Type": "Aggregate","Strategy": "Hashed","Partial Mode": "Simple","Parent Relationship": "Outer","Parallel Aware": false,"Async Capable": false,"Startup Cost": 61717.44,"Total Cost": 63217.44,"Plan Rows": 150000,"Plan Width": 12,"Actual Startup Time": 5953.045,"Actual Total Time": 6117.615,"Actual Rows": 150000,"Actual Loops": 1,"Group Key": ["customer.c_custkey"],"Planned Partitions": 0,"HashAgg Batches": 1,"Peak Memory Usage": 22545,"Disk Usage": 0,"Plans": [{"Node Type": "Hash Join","Parent Relationship": "Outer","Parallel Aware": false,"Async Capable": false,"Join Type": "Right","Startup Cost": 5781.42,"Total Cost": 54444.71,"Plan Rows": 1454545,"Plan Width": 8,"Actual Startup Time": 38.590,"Actual Total Time": 4109.614,"Actual Rows": 1533923,"Actual Loops": 1,"Inner Unique": true,"Hash Cond": "(orders.o_custkey = customer.c_custkey)","Plans": [{"Node Type": "Seq Scan","Parent Relationship": "Outer","Parallel Aware": false,"Async Capable": false,"Relation Name": "orders","Alias": "orders","Startup Cost": 0.00,"Total Cost": 44845.00,"Plan Rows": 1454545,"Plan Width": 8,"Actual Startup Time": 0.061,"Actual Total Time": 2840.022,"Actual Rows": 1483918,"Actual Loops": 1,"Filter": "((o_comment)::text !~~ '%special%requests%'::text)","Rows Removed by Filter": 16082},{"Node Type": "Hash","Parent Relationship": "Inner","Parallel Aware": false,"Async Capable": false,"Startup Cost": 3906.42,"Total Cost": 3906.42,"Plan Rows": 150000,"Plan Width": 4,"Actual Startup Time": 36.739,"Actual Total Time": 36.756,"Actual Rows": 150000,"Actual Loops": 1,"Hash Buckets": 262144,"Original Hash Buckets": 262144,"Hash Batches": 1,"Original Hash Batches": 1,"Peak Memory Usage": 7322,"Plans": [{"Node Type": "Index Only Scan","Parent Relationship": "Outer","Parallel Aware": false,"Async Capable": false,"Scan Direction": "Forward","Index Name": "customer_pkey","Relation Name": "customer","Alias": "customer","Startup Cost": 0.42,"Total Cost": 3906.42,"Plan Rows": 150000,"Plan Width": 4,"Actual Startup Time": 0.061,"Actual Total Time": 14.504,"Actual Rows": 150000,"Actual Loops": 1,"Heap Fetches": 0}]}]}]}]}]},"Planning Time": 3.536,"Triggers": [],"Execution Time": 6139.749}]
[{"Plan": {"Node Type": "Sort","Parallel Aware": false,"Async Capable": false,"Startup Cost": 65822.53,"Total Cost": 65823.03,"Plan Rows": 200,"Plan Width": 16,"Actual Startup Time": 6096.807,"Actual Total Time": 6096.851,"Actual Rows": 42,"Actual Loops": 1,"Sort Key": ["(count(*)) DESC", "(count(orders.o_orderkey)) DESC"],"Sort Method": "quicksort","Sort Space Used": 27,"Sort Space Type": "Memory","Plans": [{"Node Type": "Aggregate","Strategy": "Hashed","Partial Mode": "Simple","Parent Relationship": "Outer","Parallel Aware": false,"Async Capable": false,"Startup Cost": 65812.89,"Total Cost": 65814.89,"Plan Rows": 200,"Plan Width": 16,"Actual Startup Time": 6096.707,"Actual Total Time": 6096.758,"Actual Rows": 42,"Actual Loops": 1,"Group Key": ["count(orders.o_orderkey)"],"Planned Partitions": 0,"HashAgg Batches": 1,"Peak Memory Usage": 40,"Disk Usage": 0,"Plans": [{"Node Type": "Aggregate","Strategy": "Hashed","Partial Mode": "Simple","Parent Relationship": "Outer","Parallel Aware": false,"Async Capable": false,"Startup Cost": 62062.89,"Total Cost": 63562.89,"Plan Rows": 150000,"Plan Width": 12,"Actual Startup Time": 5900.364,"Actual Total Time": 6082.949,"Actual Rows": 150000,"Actual Loops": 1,"Group Key": ["customer.c_custkey"],"Planned Partitions": 0,"HashAgg Batches": 1,"Peak Memory Usage": 22545,"Disk Usage": 0,"Plans": [{"Node Type": "Hash Join","Parent Relationship": "Outer","Parallel Aware": false,"Async Capable": false,"Join Type": "Right","Startup Cost": 5781.42,"Total Cost": 54563.64,"Plan Rows": 1499850,"Plan Width": 8,"Actual Startup Time": 38.105,"Actual Total Time": 4090.394,"Actual Rows": 1533835,"Actual Loops": 1,"Inner Unique": true,"Hash Cond": "(orders.o_custkey = customer.c_custkey)","Plans": [{"Node Type": "Seq Scan","Parent Relationship": "Outer","Parallel Aware": false,"Async Capable": false,"Relation Name": "orders","Alias": "orders","Startup Cost": 0.00,"Total Cost": 44845.00,"Plan Rows": 1499850,"Plan Width": 8,"Actual Startup Time": 0.059,"Actual Total Time": 2844.303,"Actual Rows": 1483831,"Actual Loops": 1,"Filter": "((o_comment)::text !~~ '%special%accounts%'::text)","Rows Removed by Filter": 16169},{"Node Type": "Hash","Parent Relationship": "Inner","Parallel Aware": false,"Async Capable": false,"Startup Cost": 3906.42,"Total Cost": 3906.42,"Plan Rows": 150000,"Plan Width": 4,"Actual Startup Time": 36.335,"Actual Total Time": 36.352,"Actual Rows": 150000,"Actual Loops": 1,"Hash Buckets": 262144,"Original Hash Buckets": 262144,"Hash Batches": 1,"Original Hash Batches": 1,"Peak Memory Usage": 7322,"Plans": [{"Node Type": "Index Only Scan","Parent Relationship": "Outer","Parallel Aware": false,"Async Capable": false,"Scan Direction": "Forward","Index Name": "customer_pkey","Relation Name": "customer","Alias": "customer","Startup Cost": 0.42,"Total Cost": 3906.42,"Plan Rows": 150000,"Plan Width": 4,"Actual Startup Time": 0.048,"Actual Total Time": 14.414,"Actual Rows": 150000,"Actual Loops": 1,"Heap Fetches": 0}]}]}]}]}]},"Planning Time": 3.409,"Triggers": [],"Execution Time": 6107.560}]
[{"Plan": {"Node Type": "Sort","Parallel Aware": false,"Async Capable": false,"Startup Cost": 65822.53,"Total Cost": 65823.03,"Plan Rows": 200,"Plan Width": 16,"Actual Startup Time": 5956.637,"Actual Total Time": 5956.675,"Actual Rows": 42,"Actual Loops": 1,"Sort Key": ["(count(*)) DESC", "(count(orders.o_orderkey)) DESC"],"Sort Method": "quicksort","Sort Space Used": 27,"Sort Space Type": "Memory","Plans": [{"Node Type": "Aggregate","Strategy": "Hashed","Partial Mode": "Simple","Parent Relationship": "Outer","Parallel Aware": false,"Async Capable": false,"Startup Cost": 65812.89,"Total Cost": 65814.89,"Plan Rows": 200,"Plan Width": 16,"Actual Startup Time": 5956.548,"Actual Total Time": 5956.590,"Actual Rows": 42,"Actual Loops": 1,"Group Key": ["count(orders.o_orderkey)"],"Planned Partitions": 0,"HashAgg Batches": 1,"Peak Memory Usage": 40,"Disk Usage": 0,"Plans": [{"Node Type": "Aggregate","Strategy": "Hashed","Partial Mode": "Simple","Parent Relationship": "Outer","Parallel Aware": false,"Async Capable": false,"Startup Cost": 62062.89,"Total Cost": 63562.89,"Plan Rows": 150000,"Plan Width": 12,"Actual Startup Time": 5763.184,"Actual Total Time": 5942.838,"Actual Rows": 150000,"Actual Loops": 1,"Group Key": ["customer.c_custkey"],"Planned Partitions": 0,"HashAgg Batches": 1,"Peak Memory Usage": 22545,"Disk Usage": 0,"Plans": [{"Node Type": "Hash Join","Parent Relationship": "Outer","Parallel Aware": false,"Async Capable": false,"Join Type": "Right","Startup Cost": 5781.42,"Total Cost": 54563.64,"Plan Rows": 1499850,"Plan Width": 8,"Actual Startup Time": 38.566,"Actual Total Time": 3955.732,"Actual Rows": 1533620,"Actual Loops": 1,"Inner Unique": true,"Hash Cond": "(orders.o_custkey = customer.c_custkey)","Plans": [{"Node Type": "Seq Scan","Parent Relationship": "Outer","Parallel Aware": false,"Async Capable": false,"Relation Name": "orders","Alias": "orders","Startup Cost": 0.00,"Total Cost": 44845.00,"Plan Rows": 1499850,"Plan Width": 8,"Actual Startup Time": 0.052,"Actual Total Time": 2713.562,"Actual Rows": 1483615,"Actual Loops": 1,"Filter": "((o_comment)::text !~~ '%pending%accounts%'::text)","Rows Removed by Filter": 16385},{"Node Type": "Hash","Parent Relationship": "Inner","Parallel Aware": false,"Async Capable": false,"Startup Cost": 3906.42,"Total Cost": 3906.42,"Plan Rows": 150000,"Plan Width": 4,"Actual Startup Time": 36.530,"Actual Total Time": 36.543,"Actual Rows": 150000,"Actual Loops": 1,"Hash Buckets": 262144,"Original Hash Buckets": 262144,"Hash Batches": 1,"Original Hash Batches": 1,"Peak Memory Usage": 7322,"Plans": [{"Node Type": "Index Only Scan","Parent Relationship": "Outer","Parallel Aware": false,"Async Capable": false,"Scan Direction": "Forward","Index Name": "customer_pkey","Relation Name": "customer","Alias": "customer","Startup Cost": 0.42,"Total Cost": 3906.42,"Plan Rows": 150000,"Plan Width": 4,"Actual Startup Time": 0.036,"Actual Total Time": 14.278,"Actual Rows": 150000,"Actual Loops": 1,"Heap Fetches": 0}]}]}]}]}]},"Planning Time": 3.568,"Triggers": [],"Execution Time": 5966.474}]
[{"Plan": {"Node Type": "Sort","Parallel Aware": false,"Async Capable": false,"Startup Cost": 65708.14,"Total Cost": 65708.64,"Plan Rows": 200,"Plan Width": 16,"Actual Startup Time": 6096.152,"Actual Total Time": 6096.183,"Actual Rows": 42,"Actual Loops": 1,"Sort Key": ["(count(*)) DESC", "(count(orders.o_orderkey)) DESC"],"Sort Method": "quicksort","Sort Space Used": 27,"Sort Space Type": "Memory","Plans": [{"Node Type": "Aggregate","Strategy": "Hashed","Partial Mode": "Simple","Parent Relationship": "Outer","Parallel Aware": false,"Async Capable": false,"Startup Cost": 65698.50,"Total Cost": 65700.50,"Plan Rows": 200,"Plan Width": 16,"Actual Startup Time": 6096.055,"Actual Total Time": 6096.099,"Actual Rows": 42,"Actual Loops": 1,"Group Key": ["count(orders.o_orderkey)"],"Planned Partitions": 0,"HashAgg Batches": 1,"Peak Memory Usage": 40,"Disk Usage": 0,"Plans": [{"Node Type": "Aggregate","Strategy": "Hashed","Partial Mode": "Simple","Parent Relationship": "Outer","Parallel Aware": false,"Async Capable": false,"Startup Cost": 61948.50,"Total Cost": 63448.50,"Plan Rows": 150000,"Plan Width": 12,"Actual Startup Time": 5916.888,"Actual Total Time": 6082.285,"Actual Rows": 150000,"Actual Loops": 1,"Group Key": ["customer.c_custkey"],"Planned Partitions": 0,"HashAgg Batches": 1,"Peak Memory Usage": 22545,"Disk Usage": 0,"Plans": [{"Node Type": "Hash Join","Parent Relationship": "Outer","Parallel Aware": false,"Async Capable": false,"Join Type": "Right","Startup Cost": 5781.42,"Total Cost": 54524.26,"Plan Rows": 1484848,"Plan Width": 8,"Actual Startup Time": 39.799,"Actual Total Time": 4085.231,"Actual Rows": 1533660,"Actual Loops": 1,"Inner Unique": true,"Hash Cond": "(orders.o_custkey = customer.c_custkey)","Plans": [{"Node Type": "Seq Scan","Parent Relationship": "Outer","Parallel Aware": false,"Async Capable": false,"Relation Name": "orders","Alias": "orders","Startup Cost": 0.00,"Total Cost": 44845.00,"Plan Rows": 1484848,"Plan Width": 8,"Actual Startup Time": 0.053,"Actual Total Time": 2810.059,"Actual Rows": 1483656,"Actual Loops": 1,"Filter": "((o_comment)::text !~~ '%pending%requests%'::text)","Rows Removed by Filter": 16344},{"Node Type": "Hash","Parent Relationship": "Inner","Parallel Aware": false,"Async Capable": false,"Startup Cost": 3906.42,"Total Cost": 3906.42,"Plan Rows": 150000,"Plan Width": 4,"Actual Startup Time": 37.918,"Actual Total Time": 37.930,"Actual Rows": 150000,"Actual Loops": 1,"Hash Buckets": 262144,"Original Hash Buckets": 262144,"Hash Batches": 1,"Original Hash Batches": 1,"Peak Memory Usage": 7322,"Plans": [{"Node Type": "Index Only Scan","Parent Relationship": "Outer","Parallel Aware": false,"Async Capable": false,"Scan Direction": "Forward","Index Name": "customer_pkey","Relation Name": "customer","Alias": "customer","Startup Cost": 0.42,"Total Cost": 3906.42,"Plan Rows": 150000,"Plan Width": 4,"Actual Startup Time": 0.035,"Actual Total Time": 14.493,"Actual Rows": 150000,"Actual Loops": 1,"Heap Fetches": 0}]}]}]}]}]},"Planning Time": 4.221,"Triggers": [],"Execution Time": 6104.310}]
[{"Plan": {"Node Type": "Sort","Parallel Aware": false,"Async Capable": false,"Startup Cost": 65592.61,"Total Cost": 65593.11,"Plan Rows": 200,"Plan Width": 16,"Actual Startup Time": 6147.348,"Actual Total Time": 6147.387,"Actual Rows": 42,"Actual Loops": 1,"Sort Key": ["(count(*)) DESC", "(count(orders.o_orderkey)) DESC"],"Sort Method": "quicksort","Sort Space Used": 27,"Sort Space Type": "Memory","Plans": [{"Node Type": "Aggregate","Strategy": "Hashed","Partial Mode": "Simple","Parent Relationship": "Outer","Parallel Aware": false,"Async Capable": false,"Startup Cost": 65582.97,"Total Cost": 65584.97,"Plan Rows": 200,"Plan Width": 16,"Actual Startup Time": 6147.247,"Actual Total Time": 6147.296,"Actual Rows": 42,"Actual Loops": 1,"Group Key": ["count(orders.o_orderkey)"],"Planned Partitions": 0,"HashAgg Batches": 1,"Peak Memory Usage": 40,"Disk Usage": 0,"Plans": [{"Node Type": "Aggregate","Strategy": "Hashed","Partial Mode": "Simple","Parent Relationship": "Outer","Parallel Aware": false,"Async Capable": false,"Startup Cost": 61832.97,"Total Cost": 63332.97,"Plan Rows": 150000,"Plan Width": 12,"Actual Startup Time": 5968.961,"Actual Total Time": 6133.532,"Actual Rows": 150000,"Actual Loops": 1,"Group Key": ["customer.c_custkey"],"Planned Partitions": 0,"HashAgg Batches": 1,"Peak Memory Usage": 22545,"Disk Usage": 0,"Plans": [{"Node Type": "Hash Join","Parent Relationship": "Outer","Parallel Aware": false,"Async Capable": false,"Join Type": "Right","Startup Cost": 5781.42,"Total Cost": 54484.49,"Plan Rows": 1469697,"Plan Width": 8,"Actual Startup Time": 38.076,"Actual Total Time": 4114.998,"Actual Rows": 1533945,"Actual Loops": 1,"Inner Unique": true,"Hash Cond": "(orders.o_custkey = customer.c_custkey)","Plans": [{"Node Type": "Seq Scan","Parent Relationship": "Outer","Parallel Aware": false,"Async Capable": false,"Relation Name": "orders","Alias": "orders","Startup Cost": 0.00,"Total Cost": 44845.00,"Plan Rows": 1469697,"Plan Width": 8,"Actual Startup Time": 0.049,"Actual Total Time": 2844.878,"Actual Rows": 1483941,"Actual Loops": 1,"Filter": "((o_comment)::text !~~ '%express%packages%'::text)","Rows Removed by Filter": 16059},{"Node Type": "Hash","Parent Relationship": "Inner","Parallel Aware": false,"Async Capable": false,"Startup Cost": 3906.42,"Total Cost": 3906.42,"Plan Rows": 150000,"Plan Width": 4,"Actual Startup Time": 36.257,"Actual Total Time": 36.268,"Actual Rows": 150000,"Actual Loops": 1,"Hash Buckets": 262144,"Original Hash Buckets": 262144,"Hash Batches": 1,"Original Hash Batches": 1,"Peak Memory Usage": 7322,"Plans": [{"Node Type": "Index Only Scan","Parent Relationship": "Outer","Parallel Aware": false,"Async Capable": false,"Scan Direction": "Forward","Index Name": "customer_pkey","Relation Name": "customer","Alias": "customer","Startup Cost": 0.42,"Total Cost": 3906.42,"Plan Rows": 150000,"Plan Width": 4,"Actual Startup Time": 0.063,"Actual Total Time": 14.588,"Actual Rows": 150000,"Actual Loops": 1,"Heap Fetches": 0}]}]}]}]}]},"Planning Time": 3.934,"Triggers": [],"Execution Time": 6155.513}]
[{"Plan": {"Node Type": "Sort","Parallel Aware": false,"Async Capable": false,"Startup Cost": 65592.61,"Total Cost": 65593.11,"Plan Rows": 200,"Plan Width": 16,"Actual Startup Time": 6042.914,"Actual Total Time": 6042.954,"Actual Rows": 42,"Actual Loops": 1,"Sort Key": ["(count(*)) DESC", "(count(orders.o_orderkey)) DESC"],"Sort Method": "quicksort","Sort Space Used": 27,"Sort Space Type": "Memory","Plans": [{"Node Type": "Aggregate","Strategy": "Hashed","Partial Mode": "Simple","Parent Relationship": "Outer","Parallel Aware": false,"Async Capable": false,"Startup Cost": 65582.97,"Total Cost": 65584.97,"Plan Rows": 200,"Plan Width": 16,"Actual Startup Time": 6042.802,"Actual Total Time": 6042.854,"Actual Rows": 42,"Actual Loops": 1,"Group Key": ["count(orders.o_orderkey)"],"Planned Partitions": 0,"HashAgg Batches": 1,"Peak Memory Usage": 40,"Disk Usage": 0,"Plans": [{"Node Type": "Aggregate","Strategy": "Hashed","Partial Mode": "Simple","Parent Relationship": "Outer","Parallel Aware": false,"Async Capable": false,"Startup Cost": 61832.97,"Total Cost": 63332.97,"Plan Rows": 150000,"Plan Width": 12,"Actual Startup Time": 5848.968,"Actual Total Time": 6029.049,"Actual Rows": 150000,"Actual Loops": 1,"Group Key": ["customer.c_custkey"],"Planned Partitions": 0,"HashAgg Batches": 1,"Peak Memory Usage": 22545,"Disk Usage": 0,"Plans": [{"Node Type": "Hash Join","Parent Relationship": "Outer","Parallel Aware": false,"Async Capable": false,"Join Type": "Right","Startup Cost": 5781.42,"Total Cost": 54484.49,"Plan Rows": 1469697,"Plan Width": 8,"Actual Startup Time": 38.540,"Actual Total Time": 4039.691,"Actual Rows": 1534055,"Actual Loops": 1,"Inner Unique": true,"Hash Cond": "(orders.o_custkey = customer.c_custkey)","Plans": [{"Node Type": "Seq Scan","Parent Relationship": "Outer","Parallel Aware": false,"Async Capable": false,"Relation Name": "orders","Alias": "orders","Startup Cost": 0.00,"Total Cost": 44845.00,"Plan Rows": 1469697,"Plan Width": 8,"Actual Startup Time": 0.061,"Actual Total Time": 2797.159,"Actual Rows": 1484051,"Actual Loops": 1,"Filter": "((o_comment)::text !~~ '%special%packages%'::text)","Rows Removed by Filter": 15949},{"Node Type": "Hash","Parent Relationship": "Inner","Parallel Aware": false,"Async Capable": false,"Startup Cost": 3906.42,"Total Cost": 3906.42,"Plan Rows": 150000,"Plan Width": 4,"Actual Startup Time": 36.593,"Actual Total Time": 36.607,"Actual Rows": 150000,"Actual Loops": 1,"Hash Buckets": 262144,"Original Hash Buckets": 262144,"Hash Batches": 1,"Original Hash Batches": 1,"Peak Memory Usage": 7322,"Plans": [{"Node Type": "Index Only Scan","Parent Relationship": "Outer","Parallel Aware": false,"Async Capable": false,"Scan Direction": "Forward","Index Name": "customer_pkey","Relation Name": "customer","Alias": "customer","Startup Cost": 0.42,"Total Cost": 3906.42,"Plan Rows": 150000,"Plan Width": 4,"Actual Startup Time": 0.050,"Actual Total Time": 14.573,"Actual Rows": 150000,"Actual Loops": 1,"Heap Fetches": 0}]}]}]}]}]},"Planning Time": 3.383,"Triggers": [],"Execution Time": 6052.793}]
[{"Plan": {"Node Type": "Sort","Parallel Aware": false,"Async Capable": false,"Startup Cost": 65822.53,"Total Cost": 65823.03,"Plan Rows": 200,"Plan Width": 16,"Actual Startup Time": 6047.687,"Actual Total Time": 6047.735,"Actual Rows": 42,"Actual Loops": 1,"Sort Key": ["(count(*)) DESC", "(count(orders.o_orderkey)) DESC"],"Sort Method": "quicksort","Sort Space Used": 27,"Sort Space Type": "Memory","Plans": [{"Node Type": "Aggregate","Strategy": "Hashed","Partial Mode": "Simple","Parent Relationship": "Outer","Parallel Aware": false,"Async Capable": false,"Startup Cost": 65812.89,"Total Cost": 65814.89,"Plan Rows": 200,"Plan Width": 16,"Actual Startup Time": 6047.591,"Actual Total Time": 6047.643,"Actual Rows": 42,"Actual Loops": 1,"Group Key": ["count(orders.o_orderkey)"],"Planned Partitions": 0,"HashAgg Batches": 1,"Peak Memory Usage": 40,"Disk Usage": 0,"Plans": [{"Node Type": "Aggregate","Strategy": "Hashed","Partial Mode": "Simple","Parent Relationship": "Outer","Parallel Aware": false,"Async Capable": false,"Startup Cost": 62062.89,"Total Cost": 63562.89,"Plan Rows": 150000,"Plan Width": 12,"Actual Startup Time": 5868.600,"Actual Total Time": 6033.866,"Actual Rows": 150000,"Actual Loops": 1,"Group Key": ["customer.c_custkey"],"Planned Partitions": 0,"HashAgg Batches": 1,"Peak Memory Usage": 22545,"Disk Usage": 0,"Plans": [{"Node Type": "Hash Join","Parent Relationship": "Outer","Parallel Aware": false,"Async Capable": false,"Join Type": "Right","Startup Cost": 5781.42,"Total Cost": 54563.64,"Plan Rows": 1499850,"Plan Width": 8,"Actual Startup Time": 39.168,"Actual Total Time": 4010.851,"Actual Rows": 1533626,"Actual Loops": 1,"Inner Unique": true,"Hash Cond": "(orders.o_custkey = customer.c_custkey)","Plans": [{"Node Type": "Seq Scan","Parent Relationship": "Outer","Parallel Aware": false,"Async Capable": false,"Relation Name": "orders","Alias": "orders","Startup Cost": 0.00,"Total Cost": 44845.00,"Plan Rows": 1499850,"Plan Width": 8,"Actual Startup Time": 0.065,"Actual Total Time": 2757.508,"Actual Rows": 1483622,"Actual Loops": 1,"Filter": "((o_comment)::text !~~ '%unusual%accounts%'::text)","Rows Removed by Filter": 16378},{"Node Type": "Hash","Parent Relationship": "Inner","Parallel Aware": false,"Async Capable": false,"Startup Cost": 3906.42,"Total Cost": 3906.42,"Plan Rows": 150000,"Plan Width": 4,"Actual Startup Time": 37.343,"Actual Total Time": 37.362,"Actual Rows": 150000,"Actual Loops": 1,"Hash Buckets": 262144,"Original Hash Buckets": 262144,"Hash Batches": 1,"Original Hash Batches": 1,"Peak Memory Usage": 7322,"Plans": [{"Node Type": "Index Only Scan","Parent Relationship": "Outer","Parallel Aware": false,"Async Capable": false,"Scan Direction": "Forward","Index Name": "customer_pkey","Relation Name": "customer","Alias": "customer","Startup Cost": 0.42,"Total Cost": 3906.42,"Plan Rows": 150000,"Plan Width": 4,"Actual Startup Time": 0.036,"Actual Total Time": 14.472,"Actual Rows": 150000,"Actual Loops": 1,"Heap Fetches": 0}]}]}]}]}]},"Planning Time": 4.331,"Triggers": [],"Execution Time": 6056.690}]
[{"Plan": {"Node Type": "Sort","Parallel Aware": false,"Async Capable": false,"Startup Cost": 65592.61,"Total Cost": 65593.11,"Plan Rows": 200,"Plan Width": 16,"Actual Startup Time": 6059.416,"Actual Total Time": 6059.459,"Actual Rows": 42,"Actual Loops": 1,"Sort Key": ["(count(*)) DESC", "(count(orders.o_orderkey)) DESC"],"Sort Method": "quicksort","Sort Space Used": 27,"Sort Space Type": "Memory","Plans": [{"Node Type": "Aggregate","Strategy": "Hashed","Partial Mode": "Simple","Parent Relationship": "Outer","Parallel Aware": false,"Async Capable": false,"Startup Cost": 65582.97,"Total Cost": 65584.97,"Plan Rows": 200,"Plan Width": 16,"Actual Startup Time": 6059.318,"Actual Total Time": 6059.369,"Actual Rows": 42,"Actual Loops": 1,"Group Key": ["count(orders.o_orderkey)"],"Planned Partitions": 0,"HashAgg Batches": 1,"Peak Memory Usage": 40,"Disk Usage": 0,"Plans": [{"Node Type": "Aggregate","Strategy": "Hashed","Partial Mode": "Simple","Parent Relationship": "Outer","Parallel Aware": false,"Async Capable": false,"Startup Cost": 61832.97,"Total Cost": 63332.97,"Plan Rows": 150000,"Plan Width": 12,"Actual Startup Time": 5864.158,"Actual Total Time": 6045.542,"Actual Rows": 150000,"Actual Loops": 1,"Group Key": ["customer.c_custkey"],"Planned Partitions": 0,"HashAgg Batches": 1,"Peak Memory Usage": 22545,"Disk Usage": 0,"Plans": [{"Node Type": "Hash Join","Parent Relationship": "Outer","Parallel Aware": false,"Async Capable": false,"Join Type": "Right","Startup Cost": 5781.42,"Total Cost": 54484.49,"Plan Rows": 1469697,"Plan Width": 8,"Actual Startup Time": 38.198,"Actual Total Time": 4061.016,"Actual Rows": 1533817,"Actual Loops": 1,"Inner Unique": true,"Hash Cond": "(orders.o_custkey = customer.c_custkey)","Plans": [{"Node Type": "Seq Scan","Parent Relationship": "Outer","Parallel Aware": false,"Async Capable": false,"Relation Name": "orders","Alias": "orders","Startup Cost": 0.00,"Total Cost": 44845.00,"Plan Rows": 1469697,"Plan Width": 8,"Actual Startup Time": 0.037,"Actual Total Time": 2812.366,"Actual Rows": 1483813,"Actual Loops": 1,"Filter": "((o_comment)::text !~~ '%unusual%requests%'::text)","Rows Removed by Filter": 16187},{"Node Type": "Hash","Parent Relationship": "Inner","Parallel Aware": false,"Async Capable": false,"Startup Cost": 3906.42,"Total Cost": 3906.42,"Plan Rows": 150000,"Plan Width": 4,"Actual Startup Time": 36.318,"Actual Total Time": 36.334,"Actual Rows": 150000,"Actual Loops": 1,"Hash Buckets": 262144,"Original Hash Buckets": 262144,"Hash Batches": 1,"Original Hash Batches": 1,"Peak Memory Usage": 7322,"Plans": [{"Node Type": "Index Only Scan","Parent Relationship": "Outer","Parallel Aware": false,"Async Capable": false,"Scan Direction": "Forward","Index Name": "customer_pkey","Relation Name": "customer","Alias": "customer","Startup Cost": 0.42,"Total Cost": 3906.42,"Plan Rows": 150000,"Plan Width": 4,"Actual Startup Time": 0.044,"Actual Total Time": 14.416,"Actual Rows": 150000,"Actual Loops": 1,"Heap Fetches": 0}]}]}]}]}]},"Planning Time": 3.526,"Triggers": [],"Execution Time": 6069.080}]
[{"Plan": {"Node Type": "Sort","Parallel Aware": false,"Async Capable": false,"Startup Cost": 65822.53,"Total Cost": 65823.03,"Plan Rows": 200,"Plan Width": 16,"Actual Startup Time": 6789.356,"Actual Total Time": 6789.385,"Actual Rows": 42,"Actual Loops": 1,"Sort Key": ["(count(*)) DESC", "(count(orders.o_orderkey)) DESC"],"Sort Method": "quicksort","Sort Space Used": 27,"Sort Space Type": "Memory","Plans": [{"Node Type": "Aggregate","Strategy": "Hashed","Partial Mode": "Simple","Parent Relationship": "Outer","Parallel Aware": false,"Async Capable": false,"Startup Cost": 65812.89,"Total Cost": 65814.89,"Plan Rows": 200,"Plan Width": 16,"Actual Startup Time": 6789.265,"Actual Total Time": 6789.304,"Actual Rows": 42,"Actual Loops": 1,"Group Key": ["count(orders.o_orderkey)"],"Planned Partitions": 0,"HashAgg Batches": 1,"Peak Memory Usage": 40,"Disk Usage": 0,"Plans": [{"Node Type": "Aggregate","Strategy": "Hashed","Partial Mode": "Simple","Parent Relationship": "Outer","Parallel Aware": false,"Async Capable": false,"Startup Cost": 62062.89,"Total Cost": 63562.89,"Plan Rows": 150000,"Plan Width": 12,"Actual Startup Time": 6597.323,"Actual Total Time": 6775.519,"Actual Rows": 150000,"Actual Loops": 1,"Group Key": ["customer.c_custkey"],"Planned Partitions": 0,"HashAgg Batches": 1,"Peak Memory Usage": 22545,"Disk Usage": 0,"Plans": [{"Node Type": "Hash Join","Parent Relationship": "Outer","Parallel Aware": false,"Async Capable": false,"Join Type": "Right","Startup Cost": 5781.42,"Total Cost": 54563.64,"Plan Rows": 1499850,"Plan Width": 8,"Actual Startup Time": 45.919,"Actual Total Time": 4674.391,"Actual Rows": 1534025,"Actual Loops": 1,"Inner Unique": true,"Hash Cond": "(orders.o_custkey = customer.c_custkey)","Plans": [{"Node Type": "Seq Scan","Parent Relationship": "Outer","Parallel Aware": false,"Async Capable": false,"Relation Name": "orders","Alias": "orders","Startup Cost": 0.00,"Total Cost": 44845.00,"Plan Rows": 1499850,"Plan Width": 8,"Actual Startup Time": 0.049,"Actual Total Time": 3245.830,"Actual Rows": 1484020,"Actual Loops": 1,"Filter": "((o_comment)::text !~~ '%express%deposits%'::text)","Rows Removed by Filter": 15980},{"Node Type": "Hash","Parent Relationship": "Inner","Parallel Aware": false,"Async Capable": false,"Startup Cost": 3906.42,"Total Cost": 3906.42,"Plan Rows": 150000,"Plan Width": 4,"Actual Startup Time": 44.047,"Actual Total Time": 44.059,"Actual Rows": 150000,"Actual Loops": 1,"Hash Buckets": 262144,"Original Hash Buckets": 262144,"Hash Batches": 1,"Original Hash Batches": 1,"Peak Memory Usage": 7322,"Plans": [{"Node Type": "Index Only Scan","Parent Relationship": "Outer","Parallel Aware": false,"Async Capable": false,"Scan Direction": "Forward","Index Name": "customer_pkey","Relation Name": "customer","Alias": "customer","Startup Cost": 0.42,"Total Cost": 3906.42,"Plan Rows": 150000,"Plan Width": 4,"Actual Startup Time": 0.049,"Actual Total Time": 21.219,"Actual Rows": 150000,"Actual Loops": 1,"Heap Fetches": 0}]}]}]}]}]},"Planning Time": 4.349,"Triggers": [],"Execution Time": 6798.388}]
[{"Plan": {"Node Type": "Sort","Parallel Aware": false,"Async Capable": false,"Startup Cost": 65592.61,"Total Cost": 65593.11,"Plan Rows": 200,"Plan Width": 16,"Actual Startup Time": 6147.348,"Actual Total Time": 6147.387,"Actual Rows": 42,"Actual Loops": 1,"Sort Key": ["(count(*)) DESC", "(count(orders.o_orderkey)) DESC"],"Sort Method": "quicksort","Sort Space Used": 27,"Sort Space Type": "Memory","Plans": [{"Node Type": "Aggregate","Strategy": "Hashed","Partial Mode": "Simple","Parent Relationship": "Outer","Parallel Aware": false,"Async Capable": false,"Startup Cost": 65582.97,"Total Cost": 65584.97,"Plan Rows": 200,"Plan Width": 16,"Actual Startup Time": 6147.247,"Actual Total Time": 6147.296,"Actual Rows": 42,"Actual Loops": 1,"Group Key": ["count(orders.o_orderkey)"],"Planned Partitions": 0,"HashAgg Batches": 1,"Peak Memory Usage": 40,"Disk Usage": 0,"Plans": [{"Node Type": "Aggregate","Strategy": "Hashed","Partial Mode": "Simple","Parent Relationship": "Outer","Parallel Aware": false,"Async Capable": false,"Startup Cost": 61832.97,"Total Cost": 63332.97,"Plan Rows": 150000,"Plan Width": 12,"Actual Startup Time": 5968.961,"Actual Total Time": 6133.532,"Actual Rows": 150000,"Actual Loops": 1,"Group Key": ["customer.c_custkey"],"Planned Partitions": 0,"HashAgg Batches": 1,"Peak Memory Usage": 22545,"Disk Usage": 0,"Plans": [{"Node Type": "Hash Join","Parent Relationship": "Outer","Parallel Aware": false,"Async Capable": false,"Join Type": "Right","Startup Cost": 5781.42,"Total Cost": 54484.49,"Plan Rows": 1469697,"Plan Width": 8,"Actual Startup Time": 38.076,"Actual Total Time": 4114.998,"Actual Rows": 1533945,"Actual Loops": 1,"Inner Unique": true,"Hash Cond": "(orders.o_custkey = customer.c_custkey)","Plans": [{"Node Type": "Seq Scan","Parent Relationship": "Outer","Parallel Aware": false,"Async Capable": false,"Relation Name": "orders","Alias": "orders","Startup Cost": 0.00,"Total Cost": 44845.00,"Plan Rows": 1469697,"Plan Width": 8,"Actual Startup Time": 0.049,"Actual Total Time": 2844.878,"Actual Rows": 1483941,"Actual Loops": 1,"Filter": "((o_comment)::text !~~ '%express%packages%'::text)","Rows Removed by Filter": 16059},{"Node Type": "Hash","Parent Relationship": "Inner","Parallel Aware": false,"Async Capable": false,"Startup Cost": 3906.42,"Total Cost": 3906.42,"Plan Rows": 150000,"Plan Width": 4,"Actual Startup Time": 36.257,"Actual Total Time": 36.268,"Actual Rows": 150000,"Actual Loops": 1,"Hash Buckets": 262144,"Original Hash Buckets": 262144,"Hash Batches": 1,"Original Hash Batches": 1,"Peak Memory Usage": 7322,"Plans": [{"Node Type": "Index Only Scan","Parent Relationship": "Outer","Parallel Aware": false,"Async Capable": false,"Scan Direction": "Forward","Index Name": "customer_pkey","Relation Name": "customer","Alias": "customer","Startup Cost": 0.42,"Total Cost": 3906.42,"Plan Rows": 150000,"Plan Width": 4,"Actual Startup Time": 0.063,"Actual Total Time": 14.588,"Actual Rows": 150000,"Actual Loops": 1,"Heap Fetches": 0}]}]}]}]}]},"Planning Time": 3.934,"Triggers": [],"Execution Time": 6155.513}]
[{"Plan": {"Node Type": "Sort","Parallel Aware": false,"Async Capable": false,"Startup Cost": 65592.61,"Total Cost": 65593.11,"Plan Rows": 200,"Plan Width": 16,"Actual Startup Time": 6042.914,"Actual Total Time": 6042.954,"Actual Rows": 42,"Actual Loops": 1,"Sort Key": ["(count(*)) DESC", "(count(orders.o_orderkey)) DESC"],"Sort Method": "quicksort","Sort Space Used": 27,"Sort Space Type": "Memory","Plans": [{"Node Type": "Aggregate","Strategy": "Hashed","Partial Mode": "Simple","Parent Relationship": "Outer","Parallel Aware": false,"Async Capable": false,"Startup Cost": 65582.97,"Total Cost": 65584.97,"Plan Rows": 200,"Plan Width": 16,"Actual Startup Time": 6042.802,"Actual Total Time": 6042.854,"Actual Rows": 42,"Actual Loops": 1,"Group Key": ["count(orders.o_orderkey)"],"Planned Partitions": 0,"HashAgg Batches": 1,"Peak Memory Usage": 40,"Disk Usage": 0,"Plans": [{"Node Type": "Aggregate","Strategy": "Hashed","Partial Mode": "Simple","Parent Relationship": "Outer","Parallel Aware": false,"Async Capable": false,"Startup Cost": 61832.97,"Total Cost": 63332.97,"Plan Rows": 150000,"Plan Width": 12,"Actual Startup Time": 5848.968,"Actual Total Time": 6029.049,"Actual Rows": 150000,"Actual Loops": 1,"Group Key": ["customer.c_custkey"],"Planned Partitions": 0,"HashAgg Batches": 1,"Peak Memory Usage": 22545,"Disk Usage": 0,"Plans": [{"Node Type": "Hash Join","Parent Relationship": "Outer","Parallel Aware": false,"Async Capable": false,"Join Type": "Right","Startup Cost": 5781.42,"Total Cost": 54484.49,"Plan Rows": 1469697,"Plan Width": 8,"Actual Startup Time": 38.540,"Actual Total Time": 4039.691,"Actual Rows": 1534055,"Actual Loops": 1,"Inner Unique": true,"Hash Cond": "(orders.o_custkey = customer.c_custkey)","Plans": [{"Node Type": "Seq Scan","Parent Relationship": "Outer","Parallel Aware": false,"Async Capable": false,"Relation Name": "orders","Alias": "orders","Startup Cost": 0.00,"Total Cost": 44845.00,"Plan Rows": 1469697,"Plan Width": 8,"Actual Startup Time": 0.061,"Actual Total Time": 2797.159,"Actual Rows": 1484051,"Actual Loops": 1,"Filter": "((o_comment)::text !~~ '%special%packages%'::text)","Rows Removed by Filter": 15949},{"Node Type": "Hash","Parent Relationship": "Inner","Parallel Aware": false,"Async Capable": false,"Startup Cost": 3906.42,"Total Cost": 3906.42,"Plan Rows": 150000,"Plan Width": 4,"Actual Startup Time": 36.593,"Actual Total Time": 36.607,"Actual Rows": 150000,"Actual Loops": 1,"Hash Buckets": 262144,"Original Hash Buckets": 262144,"Hash Batches": 1,"Original Hash Batches": 1,"Peak Memory Usage": 7322,"Plans": [{"Node Type": "Index Only Scan","Parent Relationship": "Outer","Parallel Aware": false,"Async Capable": false,"Scan Direction": "Forward","Index Name": "customer_pkey","Relation Name": "customer","Alias": "customer","Startup Cost": 0.42,"Total Cost": 3906.42,"Plan Rows": 150000,"Plan Width": 4,"Actual Startup Time": 0.050,"Actual Total Time": 14.573,"Actual Rows": 150000,"Actual Loops": 1,"Heap Fetches": 0}]}]}]}]}]},"Planning Time": 3.383,"Triggers": [],"Execution Time": 6052.793}]
[{"Plan": {"Node Type": "Sort","Parallel Aware": false,"Async Capable": false,"Startup Cost": 65592.61,"Total Cost": 65593.11,"Plan Rows": 200,"Plan Width": 16,"Actual Startup Time": 6059.416,"Actual Total Time": 6059.459,"Actual Rows": 42,"Actual Loops": 1,"Sort Key": ["(count(*)) DESC", "(count(orders.o_orderkey)) DESC"],"Sort Method": "quicksort","Sort Space Used": 27,"Sort Space Type": "Memory","Plans": [{"Node Type": "Aggregate","Strategy": "Hashed","Partial Mode": "Simple","Parent Relationship": "Outer","Parallel Aware": false,"Async Capable": false,"Startup Cost": 65582.97,"Total Cost": 65584.97,"Plan Rows": 200,"Plan Width": 16,"Actual Startup Time": 6059.318,"Actual Total Time": 6059.369,"Actual Rows": 42,"Actual Loops": 1,"Group Key": ["count(orders.o_orderkey)"],"Planned Partitions": 0,"HashAgg Batches": 1,"Peak Memory Usage": 40,"Disk Usage": 0,"Plans": [{"Node Type": "Aggregate","Strategy": "Hashed","Partial Mode": "Simple","Parent Relationship": "Outer","Parallel Aware": false,"Async Capable": false,"Startup Cost": 61832.97,"Total Cost": 63332.97,"Plan Rows": 150000,"Plan Width": 12,"Actual Startup Time": 5864.158,"Actual Total Time": 6045.542,"Actual Rows": 150000,"Actual Loops": 1,"Group Key": ["customer.c_custkey"],"Planned Partitions": 0,"HashAgg Batches": 1,"Peak Memory Usage": 22545,"Disk Usage": 0,"Plans": [{"Node Type": "Hash Join","Parent Relationship": "Outer","Parallel Aware": false,"Async Capable": false,"Join Type": "Right","Startup Cost": 5781.42,"Total Cost": 54484.49,"Plan Rows": 1469697,"Plan Width": 8,"Actual Startup Time": 38.198,"Actual Total Time": 4061.016,"Actual Rows": 1533817,"Actual Loops": 1,"Inner Unique": true,"Hash Cond": "(orders.o_custkey = customer.c_custkey)","Plans": [{"Node Type": "Seq Scan","Parent Relationship": "Outer","Parallel Aware": false,"Async Capable": false,"Relation Name": "orders","Alias": "orders","Startup Cost": 0.00,"Total Cost": 44845.00,"Plan Rows": 1469697,"Plan Width": 8,"Actual Startup Time": 0.037,"Actual Total Time": 2812.366,"Actual Rows": 1483813,"Actual Loops": 1,"Filter": "((o_comment)::text !~~ '%unusual%requests%'::text)","Rows Removed by Filter": 16187},{"Node Type": "Hash","Parent Relationship": "Inner","Parallel Aware": false,"Async Capable": false,"Startup Cost": 3906.42,"Total Cost": 3906.42,"Plan Rows": 150000,"Plan Width": 4,"Actual Startup Time": 36.318,"Actual Total Time": 36.334,"Actual Rows": 150000,"Actual Loops": 1,"Hash Buckets": 262144,"Original Hash Buckets": 262144,"Hash Batches": 1,"Original Hash Batches": 1,"Peak Memory Usage": 7322,"Plans": [{"Node Type": "Index Only Scan","Parent Relationship": "Outer","Parallel Aware": false,"Async Capable": false,"Scan Direction": "Forward","Index Name": "customer_pkey","Relation Name": "customer","Alias": "customer","Startup Cost": 0.42,"Total Cost": 3906.42,"Plan Rows": 150000,"Plan Width": 4,"Actual Startup Time": 0.044,"Actual Total Time": 14.416,"Actual Rows": 150000,"Actual Loops": 1,"Heap Fetches": 0}]}]}]}]}]},"Planning Time": 3.526,"Triggers": [],"Execution Time": 6069.080}]
[{"Plan": {"Node Type": "Sort","Parallel Aware": false,"Async Capable": false,"Startup Cost": 65822.53,"Total Cost": 65823.03,"Plan Rows": 200,"Plan Width": 16,"Actual Startup Time": 6789.356,"Actual Total Time": 6789.385,"Actual Rows": 42,"Actual Loops": 1,"Sort Key": ["(count(*)) DESC", "(count(orders.o_orderkey)) DESC"],"Sort Method": "quicksort","Sort Space Used": 27,"Sort Space Type": "Memory","Plans": [{"Node Type": "Aggregate","Strategy": "Hashed","Partial Mode": "Simple","Parent Relationship": "Outer","Parallel Aware": false,"Async Capable": false,"Startup Cost": 65812.89,"Total Cost": 65814.89,"Plan Rows": 200,"Plan Width": 16,"Actual Startup Time": 6789.265,"Actual Total Time": 6789.304,"Actual Rows": 42,"Actual Loops": 1,"Group Key": ["count(orders.o_orderkey)"],"Planned Partitions": 0,"HashAgg Batches": 1,"Peak Memory Usage": 40,"Disk Usage": 0,"Plans": [{"Node Type": "Aggregate","Strategy": "Hashed","Partial Mode": "Simple","Parent Relationship": "Outer","Parallel Aware": false,"Async Capable": false,"Startup Cost": 62062.89,"Total Cost": 63562.89,"Plan Rows": 150000,"Plan Width": 12,"Actual Startup Time": 6597.323,"Actual Total Time": 6775.519,"Actual Rows": 150000,"Actual Loops": 1,"Group Key": ["customer.c_custkey"],"Planned Partitions": 0,"HashAgg Batches": 1,"Peak Memory Usage": 22545,"Disk Usage": 0,"Plans": [{"Node Type": "Hash Join","Parent Relationship": "Outer","Parallel Aware": false,"Async Capable": false,"Join Type": "Right","Startup Cost": 5781.42,"Total Cost": 54563.64,"Plan Rows": 1499850,"Plan Width": 8,"Actual Startup Time": 45.919,"Actual Total Time": 4674.391,"Actual Rows": 1534025,"Actual Loops": 1,"Inner Unique": true,"Hash Cond": "(orders.o_custkey = customer.c_custkey)","Plans": [{"Node Type": "Seq Scan","Parent Relationship": "Outer","Parallel Aware": false,"Async Capable": false,"Relation Name": "orders","Alias": "orders","Startup Cost": 0.00,"Total Cost": 44845.00,"Plan Rows": 1499850,"Plan Width": 8,"Actual Startup Time": 0.049,"Actual Total Time": 3245.830,"Actual Rows": 1484020,"Actual Loops": 1,"Filter": "((o_comment)::text !~~ '%express%deposits%'::text)","Rows Removed by Filter": 15980},{"Node Type": "Hash","Parent Relationship": "Inner","Parallel Aware": false,"Async Capable": false,"Startup Cost": 3906.42,"Total Cost": 3906.42,"Plan Rows": 150000,"Plan Width": 4,"Actual Startup Time": 44.047,"Actual Total Time": 44.059,"Actual Rows": 150000,"Actual Loops": 1,"Hash Buckets": 262144,"Original Hash Buckets": 262144,"Hash Batches": 1,"Original Hash Batches": 1,"Peak Memory Usage": 7322,"Plans": [{"Node Type": "Index Only Scan","Parent Relationship": "Outer","Parallel Aware": false,"Async Capable": false,"Scan Direction": "Forward","Index Name": "customer_pkey","Relation Name": "customer","Alias": "customer","Startup Cost": 0.42,"Total Cost": 3906.42,"Plan Rows": 150000,"Plan Width": 4,"Actual Startup Time": 0.049,"Actual Total Time": 21.219,"Actual Rows": 150000,"Actual Loops": 1,"Heap Fetches": 0}]}]}]}]}]},"Planning Time": 4.349,"Triggers": [],"Execution Time": 6798.388}]
[{"Plan": {"Node Type": "Sort","Parallel Aware": false,"Async Capable": false,"Startup Cost": 65708.14,"Total Cost": 65708.64,"Plan Rows": 200,"Plan Width": 16,"Actual Startup Time": 6706.121,"Actual Total Time": 6706.163,"Actual Rows": 42,"Actual Loops": 1,"Sort Key": ["(count(*)) DESC", "(count(orders.o_orderkey)) DESC"],"Sort Method": "quicksort","Sort Space Used": 27,"Sort Space Type": "Memory","Plans": [{"Node Type": "Aggregate","Strategy": "Hashed","Partial Mode": "Simple","Parent Relationship": "Outer","Parallel Aware": false,"Async Capable": false,"Startup Cost": 65698.50,"Total Cost": 65700.50,"Plan Rows": 200,"Plan Width": 16,"Actual Startup Time": 6706.048,"Actual Total Time": 6706.098,"Actual Rows": 42,"Actual Loops": 1,"Group Key": ["count(orders.o_orderkey)"],"Planned Partitions": 0,"HashAgg Batches": 1,"Peak Memory Usage": 40,"Disk Usage": 0,"Plans": [{"Node Type": "Aggregate","Strategy": "Hashed","Partial Mode": "Simple","Parent Relationship": "Outer","Parallel Aware": false,"Async Capable": false,"Startup Cost": 61948.50,"Total Cost": 63448.50,"Plan Rows": 150000,"Plan Width": 12,"Actual Startup Time": 6534.914,"Actual Total Time": 6692.300,"Actual Rows": 150000,"Actual Loops": 1,"Group Key": ["customer.c_custkey"],"Planned Partitions": 0,"HashAgg Batches": 1,"Peak Memory Usage": 22545,"Disk Usage": 0,"Plans": [{"Node Type": "Hash Join","Parent Relationship": "Outer","Parallel Aware": false,"Async Capable": false,"Join Type": "Right","Startup Cost": 5781.42,"Total Cost": 54524.26,"Plan Rows": 1484848,"Plan Width": 8,"Actual Startup Time": 35.450,"Actual Total Time": 4617.784,"Actual Rows": 1533791,"Actual Loops": 1,"Inner Unique": true,"Hash Cond": "(orders.o_custkey = customer.c_custkey)","Plans": [{"Node Type": "Seq Scan","Parent Relationship": "Outer","Parallel Aware": false,"Async Capable": false,"Relation Name": "orders","Alias": "orders","Startup Cost": 0.00,"Total Cost": 44845.00,"Plan Rows": 1484848,"Plan Width": 8,"Actual Startup Time": 0.045,"Actual Total Time": 3189.289,"Actual Rows": 1483787,"Actual Loops": 1,"Filter": "((o_comment)::text !~~ '%unusual%packages%'::text)","Rows Removed by Filter": 16213},{"Node Type": "Hash","Parent Relationship": "Inner","Parallel Aware": false,"Async Capable": false,"Startup Cost": 3906.42,"Total Cost": 3906.42,"Plan Rows": 150000,"Plan Width": 4,"Actual Startup Time": 33.722,"Actual Total Time": 33.741,"Actual Rows": 150000,"Actual Loops": 1,"Hash Buckets": 262144,"Original Hash Buckets": 262144,"Hash Batches": 1,"Original Hash Batches": 1,"Peak Memory Usage": 7322,"Plans": [{"Node Type": "Index Only Scan","Parent Relationship": "Outer","Parallel Aware": false,"Async Capable": false,"Scan Direction": "Forward","Index Name": "customer_pkey","Relation Name": "customer","Alias": "customer","Startup Cost": 0.42,"Total Cost": 3906.42,"Plan Rows": 150000,"Plan Width": 4,"Actual Startup Time": 0.040,"Actual Total Time": 13.017,"Actual Rows": 150000,"Actual Loops": 1,"Heap Fetches": 0}]}]}]}]}]},"Planning Time": 3.840,"Triggers": [],"Execution Time": 6714.032}]
[{"Plan": {"Node Type": "Sort","Parallel Aware": false,"Async Capable": false,"Startup Cost": 65822.53,"Total Cost": 65823.03,"Plan Rows": 200,"Plan Width": 16,"Actual Startup Time": 6650.964,"Actual Total Time": 6651.000,"Actual Rows": 42,"Actual Loops": 1,"Sort Key": ["(count(*)) DESC", "(count(orders.o_orderkey)) DESC"],"Sort Method": "quicksort","Sort Space Used": 27,"Sort Space Type": "Memory","Plans": [{"Node Type": "Aggregate","Strategy": "Hashed","Partial Mode": "Simple","Parent Relationship": "Outer","Parallel Aware": false,"Async Capable": false,"Startup Cost": 65812.89,"Total Cost": 65814.89,"Plan Rows": 200,"Plan Width": 16,"Actual Startup Time": 6650.893,"Actual Total Time": 6650.940,"Actual Rows": 42,"Actual Loops": 1,"Group Key": ["count(orders.o_orderkey)"],"Planned Partitions": 0,"HashAgg Batches": 1,"Peak Memory Usage": 40,"Disk Usage": 0,"Plans": [{"Node Type": "Aggregate","Strategy": "Hashed","Partial Mode": "Simple","Parent Relationship": "Outer","Parallel Aware": false,"Async Capable": false,"Startup Cost": 62062.89,"Total Cost": 63562.89,"Plan Rows": 150000,"Plan Width": 12,"Actual Startup Time": 6477.408,"Actual Total Time": 6637.150,"Actual Rows": 150000,"Actual Loops": 1,"Group Key": ["customer.c_custkey"],"Planned Partitions": 0,"HashAgg Batches": 1,"Peak Memory Usage": 22545,"Disk Usage": 0,"Plans": [{"Node Type": "Hash Join","Parent Relationship": "Outer","Parallel Aware": false,"Async Capable": false,"Join Type": "Right","Startup Cost": 5781.42,"Total Cost": 54563.64,"Plan Rows": 1499850,"Plan Width": 8,"Actual Startup Time": 36.551,"Actual Total Time": 4552.506,"Actual Rows": 1533843,"Actual Loops": 1,"Inner Unique": true,"Hash Cond": "(orders.o_custkey = customer.c_custkey)","Plans": [{"Node Type": "Seq Scan","Parent Relationship": "Outer","Parallel Aware": false,"Async Capable": false,"Relation Name": "orders","Alias": "orders","Startup Cost": 0.00,"Total Cost": 44845.00,"Plan Rows": 1499850,"Plan Width": 8,"Actual Startup Time": 0.044,"Actual Total Time": 3147.620,"Actual Rows": 1483839,"Actual Loops": 1,"Filter": "((o_comment)::text !~~ '%pending%deposits%'::text)","Rows Removed by Filter": 16161},{"Node Type": "Hash","Parent Relationship": "Inner","Parallel Aware": false,"Async Capable": false,"Startup Cost": 3906.42,"Total Cost": 3906.42,"Plan Rows": 150000,"Plan Width": 4,"Actual Startup Time": 34.769,"Actual Total Time": 34.783,"Actual Rows": 150000,"Actual Loops": 1,"Hash Buckets": 262144,"Original Hash Buckets": 262144,"Hash Batches": 1,"Original Hash Batches": 1,"Peak Memory Usage": 7322,"Plans": [{"Node Type": "Index Only Scan","Parent Relationship": "Outer","Parallel Aware": false,"Async Capable": false,"Scan Direction": "Forward","Index Name": "customer_pkey","Relation Name": "customer","Alias": "customer","Startup Cost": 0.42,"Total Cost": 3906.42,"Plan Rows": 150000,"Plan Width": 4,"Actual Startup Time": 0.065,"Actual Total Time": 13.424,"Actual Rows": 150000,"Actual Loops": 1,"Heap Fetches": 0}]}]}]}]}]},"Planning Time": 3.594,"Triggers": [],"Execution Time": 6658.782}]
[{"Plan": {"Node Type": "Sort","Parallel Aware": false,"Async Capable": false,"Startup Cost": 65822.53,"Total Cost": 65823.03,"Plan Rows": 200,"Plan Width": 16,"Actual Startup Time": 6789.356,"Actual Total Time": 6789.385,"Actual Rows": 42,"Actual Loops": 1,"Sort Key": ["(count(*)) DESC", "(count(orders.o_orderkey)) DESC"],"Sort Method": "quicksort","Sort Space Used": 27,"Sort Space Type": "Memory","Plans": [{"Node Type": "Aggregate","Strategy": "Hashed","Partial Mode": "Simple","Parent Relationship": "Outer","Parallel Aware": false,"Async Capable": false,"Startup Cost": 65812.89,"Total Cost": 65814.89,"Plan Rows": 200,"Plan Width": 16,"Actual Startup Time": 6789.265,"Actual Total Time": 6789.304,"Actual Rows": 42,"Actual Loops": 1,"Group Key": ["count(orders.o_orderkey)"],"Planned Partitions": 0,"HashAgg Batches": 1,"Peak Memory Usage": 40,"Disk Usage": 0,"Plans": [{"Node Type": "Aggregate","Strategy": "Hashed","Partial Mode": "Simple","Parent Relationship": "Outer","Parallel Aware": false,"Async Capable": false,"Startup Cost": 62062.89,"Total Cost": 63562.89,"Plan Rows": 150000,"Plan Width": 12,"Actual Startup Time": 6597.323,"Actual Total Time": 6775.519,"Actual Rows": 150000,"Actual Loops": 1,"Group Key": ["customer.c_custkey"],"Planned Partitions": 0,"HashAgg Batches": 1,"Peak Memory Usage": 22545,"Disk Usage": 0,"Plans": [{"Node Type": "Hash Join","Parent Relationship": "Outer","Parallel Aware": false,"Async Capable": false,"Join Type": "Right","Startup Cost": 5781.42,"Total Cost": 54563.64,"Plan Rows": 1499850,"Plan Width": 8,"Actual Startup Time": 45.919,"Actual Total Time": 4674.391,"Actual Rows": 1534025,"Actual Loops": 1,"Inner Unique": true,"Hash Cond": "(orders.o_custkey = customer.c_custkey)","Plans": [{"Node Type": "Seq Scan","Parent Relationship": "Outer","Parallel Aware": false,"Async Capable": false,"Relation Name": "orders","Alias": "orders","Startup Cost": 0.00,"Total Cost": 44845.00,"Plan Rows": 1499850,"Plan Width": 8,"Actual Startup Time": 0.049,"Actual Total Time": 3245.830,"Actual Rows": 1484020,"Actual Loops": 1,"Filter": "((o_comment)::text !~~ '%express%deposits%'::text)","Rows Removed by Filter": 15980},{"Node Type": "Hash","Parent Relationship": "Inner","Parallel Aware": false,"Async Capable": false,"Startup Cost": 3906.42,"Total Cost": 3906.42,"Plan Rows": 150000,"Plan Width": 4,"Actual Startup Time": 44.047,"Actual Total Time": 44.059,"Actual Rows": 150000,"Actual Loops": 1,"Hash Buckets": 262144,"Original Hash Buckets": 262144,"Hash Batches": 1,"Original Hash Batches": 1,"Peak Memory Usage": 7322,"Plans": [{"Node Type": "Index Only Scan","Parent Relationship": "Outer","Parallel Aware": false,"Async Capable": false,"Scan Direction": "Forward","Index Name": "customer_pkey","Relation Name": "customer","Alias": "customer","Startup Cost": 0.42,"Total Cost": 3906.42,"Plan Rows": 150000,"Plan Width": 4,"Actual Startup Time": 0.049,"Actual Total Time": 21.219,"Actual Rows": 150000,"Actual Loops": 1,"Heap Fetches": 0}]}]}]}]}]},"Planning Time": 4.349,"Triggers": [],"Execution Time": 6798.388}]
[{"Plan": {"Node Type": "Sort","Parallel Aware": false,"Async Capable": false,"Startup Cost": 65822.53,"Total Cost": 65823.03,"Plan Rows": 200,"Plan Width": 16,"Actual Startup Time": 6101.280,"Actual Total Time": 6101.314,"Actual Rows": 42,"Actual Loops": 1,"Sort Key": ["(count(*)) DESC", "(count(orders.o_orderkey)) DESC"],"Sort Method": "quicksort","Sort Space Used": 27,"Sort Space Type": "Memory","Plans": [{"Node Type": "Aggregate","Strategy": "Hashed","Partial Mode": "Simple","Parent Relationship": "Outer","Parallel Aware": false,"Async Capable": false,"Startup Cost": 65812.89,"Total Cost": 65814.89,"Plan Rows": 200,"Plan Width": 16,"Actual Startup Time": 6101.184,"Actual Total Time": 6101.232,"Actual Rows": 42,"Actual Loops": 1,"Group Key": ["count(orders.o_orderkey)"],"Planned Partitions": 0,"HashAgg Batches": 1,"Peak Memory Usage": 40,"Disk Usage": 0,"Plans": [{"Node Type": "Aggregate","Strategy": "Hashed","Partial Mode": "Simple","Parent Relationship": "Outer","Parallel Aware": false,"Async Capable": false,"Startup Cost": 62062.89,"Total Cost": 63562.89,"Plan Rows": 150000,"Plan Width": 12,"Actual Startup Time": 5921.162,"Actual Total Time": 6087.400,"Actual Rows": 150000,"Actual Loops": 1,"Group Key": ["customer.c_custkey"],"Planned Partitions": 0,"HashAgg Batches": 1,"Peak Memory Usage": 22545,"Disk Usage": 0,"Plans": [{"Node Type": "Hash Join","Parent Relationship": "Outer","Parallel Aware": false,"Async Capable": false,"Join Type": "Right","Startup Cost": 5781.42,"Total Cost": 54563.64,"Plan Rows": 1499850,"Plan Width": 8,"Actual Startup Time": 39.228,"Actual Total Time": 4074.723,"Actual Rows": 1533808,"Actual Loops": 1,"Inner Unique": true,"Hash Cond": "(orders.o_custkey = customer.c_custkey)","Plans": [{"Node Type": "Seq Scan","Parent Relationship": "Outer","Parallel Aware": false,"Async Capable": false,"Relation Name": "orders","Alias": "orders","Startup Cost": 0.00,"Total Cost": 44845.00,"Plan Rows": 1499850,"Plan Width": 8,"Actual Startup Time": 0.056,"Actual Total Time": 2834.984,"Actual Rows": 1483804,"Actual Loops": 1,"Filter": "((o_comment)::text !~~ '%special%deposits%'::text)","Rows Removed by Filter": 16196},{"Node Type": "Hash","Parent Relationship": "Inner","Parallel Aware": false,"Async Capable": false,"Startup Cost": 3906.42,"Total Cost": 3906.42,"Plan Rows": 150000,"Plan Width": 4,"Actual Startup Time": 37.438,"Actual Total Time": 37.451,"Actual Rows": 150000,"Actual Loops": 1,"Hash Buckets": 262144,"Original Hash Buckets": 262144,"Hash Batches": 1,"Original Hash Batches": 1,"Peak Memory Usage": 7322,"Plans": [{"Node Type": "Index Only Scan","Parent Relationship": "Outer","Parallel Aware": false,"Async Capable": false,"Scan Direction": "Forward","Index Name": "customer_pkey","Relation Name": "customer","Alias": "customer","Startup Cost": 0.42,"Total Cost": 3906.42,"Plan Rows": 150000,"Plan Width": 4,"Actual Startup Time": 0.049,"Actual Total Time": 14.639,"Actual Rows": 150000,"Actual Loops": 1,"Heap Fetches": 0}]}]}]}]}]},"Planning Time": 3.971,"Triggers": [],"Execution Time": 6110.955}]
[{"Plan": {"Node Type": "Sort","Parallel Aware": false,"Async Capable": false,"Startup Cost": 65708.14,"Total Cost": 65708.64,"Plan Rows": 200,"Plan Width": 16,"Actual Startup Time": 6096.152,"Actual Total Time": 6096.183,"Actual Rows": 42,"Actual Loops": 1,"Sort Key": ["(count(*)) DESC", "(count(orders.o_orderkey)) DESC"],"Sort Method": "quicksort","Sort Space Used": 27,"Sort Space Type": "Memory","Plans": [{"Node Type": "Aggregate","Strategy": "Hashed","Partial Mode": "Simple","Parent Relationship": "Outer","Parallel Aware": false,"Async Capable": false,"Startup Cost": 65698.50,"Total Cost": 65700.50,"Plan Rows": 200,"Plan Width": 16,"Actual Startup Time": 6096.055,"Actual Total Time": 6096.099,"Actual Rows": 42,"Actual Loops": 1,"Group Key": ["count(orders.o_orderkey)"],"Planned Partitions": 0,"HashAgg Batches": 1,"Peak Memory Usage": 40,"Disk Usage": 0,"Plans": [{"Node Type": "Aggregate","Strategy": "Hashed","Partial Mode": "Simple","Parent Relationship": "Outer","Parallel Aware": false,"Async Capable": false,"Startup Cost": 61948.50,"Total Cost": 63448.50,"Plan Rows": 150000,"Plan Width": 12,"Actual Startup Time": 5916.888,"Actual Total Time": 6082.285,"Actual Rows": 150000,"Actual Loops": 1,"Group Key": ["customer.c_custkey"],"Planned Partitions": 0,"HashAgg Batches": 1,"Peak Memory Usage": 22545,"Disk Usage": 0,"Plans": [{"Node Type": "Hash Join","Parent Relationship": "Outer","Parallel Aware": false,"Async Capable": false,"Join Type": "Right","Startup Cost": 5781.42,"Total Cost": 54524.26,"Plan Rows": 1484848,"Plan Width": 8,"Actual Startup Time": 39.799,"Actual Total Time": 4085.231,"Actual Rows": 1533660,"Actual Loops": 1,"Inner Unique": true,"Hash Cond": "(orders.o_custkey = customer.c_custkey)","Plans": [{"Node Type": "Seq Scan","Parent Relationship": "Outer","Parallel Aware": false,"Async Capable": false,"Relation Name": "orders","Alias": "orders","Startup Cost": 0.00,"Total Cost": 44845.00,"Plan Rows": 1484848,"Plan Width": 8,"Actual Startup Time": 0.053,"Actual Total Time": 2810.059,"Actual Rows": 1483656,"Actual Loops": 1,"Filter": "((o_comment)::text !~~ '%pending%requests%'::text)","Rows Removed by Filter": 16344},{"Node Type": "Hash","Parent Relationship": "Inner","Parallel Aware": false,"Async Capable": false,"Startup Cost": 3906.42,"Total Cost": 3906.42,"Plan Rows": 150000,"Plan Width": 4,"Actual Startup Time": 37.918,"Actual Total Time": 37.930,"Actual Rows": 150000,"Actual Loops": 1,"Hash Buckets": 262144,"Original Hash Buckets": 262144,"Hash Batches": 1,"Original Hash Batches": 1,"Peak Memory Usage": 7322,"Plans": [{"Node Type": "Index Only Scan","Parent Relationship": "Outer","Parallel Aware": false,"Async Capable": false,"Scan Direction": "Forward","Index Name": "customer_pkey","Relation Name": "customer","Alias": "customer","Startup Cost": 0.42,"Total Cost": 3906.42,"Plan Rows": 150000,"Plan Width": 4,"Actual Startup Time": 0.035,"Actual Total Time": 14.493,"Actual Rows": 150000,"Actual Loops": 1,"Heap Fetches": 0}]}]}]}]}]},"Planning Time": 4.221,"Triggers": [],"Execution Time": 6104.310}]
[{"Plan": {"Node Type": "Sort","Parallel Aware": false,"Async Capable": false,"Startup Cost": 65708.14,"Total Cost": 65708.64,"Plan Rows": 200,"Plan Width": 16,"Actual Startup Time": 6659.087,"Actual Total Time": 6659.155,"Actual Rows": 41,"Actual Loops": 1,"Sort Key": ["(count(*)) DESC", "(count(orders.o_orderkey)) DESC"],"Sort Method": "quicksort","Sort Space Used": 27,"Sort Space Type": "Memory","Plans": [{"Node Type": "Aggregate","Strategy": "Hashed","Partial Mode": "Simple","Parent Relationship": "Outer","Parallel Aware": false,"Async Capable": false,"Startup Cost": 65698.50,"Total Cost": 65700.50,"Plan Rows": 200,"Plan Width": 16,"Actual Startup Time": 6658.981,"Actual Total Time": 6659.057,"Actual Rows": 41,"Actual Loops": 1,"Group Key": ["count(orders.o_orderkey)"],"Planned Partitions": 0,"HashAgg Batches": 1,"Peak Memory Usage": 40,"Disk Usage": 0,"Plans": [{"Node Type": "Aggregate","Strategy": "Hashed","Partial Mode": "Simple","Parent Relationship": "Outer","Parallel Aware": false,"Async Capable": false,"Startup Cost": 61948.50,"Total Cost": 63448.50,"Plan Rows": 150000,"Plan Width": 12,"Actual Startup Time": 6480.209,"Actual Total Time": 6645.185,"Actual Rows": 150000,"Actual Loops": 1,"Group Key": ["customer.c_custkey"],"Planned Partitions": 0,"HashAgg Batches": 1,"Peak Memory Usage": 22545,"Disk Usage": 0,"Plans": [{"Node Type": "Hash Join","Parent Relationship": "Outer","Parallel Aware": false,"Async Capable": false,"Join Type": "Right","Startup Cost": 5781.42,"Total Cost": 54524.26,"Plan Rows": 1484848,"Plan Width": 8,"Actual Startup Time": 37.274,"Actual Total Time": 4547.015,"Actual Rows": 1533872,"Actual Loops": 1,"Inner Unique": true,"Hash Cond": "(orders.o_custkey = customer.c_custkey)","Plans": [{"Node Type": "Seq Scan","Parent Relationship": "Outer","Parallel Aware": false,"Async Capable": false,"Relation Name": "orders","Alias": "orders","Startup Cost": 0.00,"Total Cost": 44845.00,"Plan Rows": 1484848,"Plan Width": 8,"Actual Startup Time": 0.043,"Actual Total Time": 3085.028,"Actual Rows": 1483868,"Actual Loops": 1,"Filter": "((o_comment)::text !~~ '%unusual%deposits%'::text)","Rows Removed by Filter": 16132},{"Node Type": "Hash","Parent Relationship": "Inner","Parallel Aware": false,"Async Capable": false,"Startup Cost": 3906.42,"Total Cost": 3906.42,"Plan Rows": 150000,"Plan Width": 4,"Actual Startup Time": 35.508,"Actual Total Time": 35.530,"Actual Rows": 150000,"Actual Loops": 1,"Hash Buckets": 262144,"Original Hash Buckets": 262144,"Hash Batches": 1,"Original Hash Batches": 1,"Peak Memory Usage": 7322,"Plans": [{"Node Type": "Index Only Scan","Parent Relationship": "Outer","Parallel Aware": false,"Async Capable": false,"Scan Direction": "Forward","Index Name": "customer_pkey","Relation Name": "customer","Alias": "customer","Startup Cost": 0.42,"Total Cost": 3906.42,"Plan Rows": 150000,"Plan Width": 4,"Actual Startup Time": 0.053,"Actual Total Time": 13.448,"Actual Rows": 150000,"Actual Loops": 1,"Heap Fetches": 0}]}]}]}]}]},"Planning Time": 3.854,"Triggers": [],"Execution Time": 6671.834}]
[{"Plan": {"Node Type": "Sort","Parallel Aware": false,"Async Capable": false,"Startup Cost": 65592.61,"Total Cost": 65593.11,"Plan Rows": 200,"Plan Width": 16,"Actual Startup Time": 6147.348,"Actual Total Time": 6147.387,"Actual Rows": 42,"Actual Loops": 1,"Sort Key": ["(count(*)) DESC", "(count(orders.o_orderkey)) DESC"],"Sort Method": "quicksort","Sort Space Used": 27,"Sort Space Type": "Memory","Plans": [{"Node Type": "Aggregate","Strategy": "Hashed","Partial Mode": "Simple","Parent Relationship": "Outer","Parallel Aware": false,"Async Capable": false,"Startup Cost": 65582.97,"Total Cost": 65584.97,"Plan Rows": 200,"Plan Width": 16,"Actual Startup Time": 6147.247,"Actual Total Time": 6147.296,"Actual Rows": 42,"Actual Loops": 1,"Group Key": ["count(orders.o_orderkey)"],"Planned Partitions": 0,"HashAgg Batches": 1,"Peak Memory Usage": 40,"Disk Usage": 0,"Plans": [{"Node Type": "Aggregate","Strategy": "Hashed","Partial Mode": "Simple","Parent Relationship": "Outer","Parallel Aware": false,"Async Capable": false,"Startup Cost": 61832.97,"Total Cost": 63332.97,"Plan Rows": 150000,"Plan Width": 12,"Actual Startup Time": 5968.961,"Actual Total Time": 6133.532,"Actual Rows": 150000,"Actual Loops": 1,"Group Key": ["customer.c_custkey"],"Planned Partitions": 0,"HashAgg Batches": 1,"Peak Memory Usage": 22545,"Disk Usage": 0,"Plans": [{"Node Type": "Hash Join","Parent Relationship": "Outer","Parallel Aware": false,"Async Capable": false,"Join Type": "Right","Startup Cost": 5781.42,"Total Cost": 54484.49,"Plan Rows": 1469697,"Plan Width": 8,"Actual Startup Time": 38.076,"Actual Total Time": 4114.998,"Actual Rows": 1533945,"Actual Loops": 1,"Inner Unique": true,"Hash Cond": "(orders.o_custkey = customer.c_custkey)","Plans": [{"Node Type": "Seq Scan","Parent Relationship": "Outer","Parallel Aware": false,"Async Capable": false,"Relation Name": "orders","Alias": "orders","Startup Cost": 0.00,"Total Cost": 44845.00,"Plan Rows": 1469697,"Plan Width": 8,"Actual Startup Time": 0.049,"Actual Total Time": 2844.878,"Actual Rows": 1483941,"Actual Loops": 1,"Filter": "((o_comment)::text !~~ '%express%packages%'::text)","Rows Removed by Filter": 16059},{"Node Type": "Hash","Parent Relationship": "Inner","Parallel Aware": false,"Async Capable": false,"Startup Cost": 3906.42,"Total Cost": 3906.42,"Plan Rows": 150000,"Plan Width": 4,"Actual Startup Time": 36.257,"Actual Total Time": 36.268,"Actual Rows": 150000,"Actual Loops": 1,"Hash Buckets": 262144,"Original Hash Buckets": 262144,"Hash Batches": 1,"Original Hash Batches": 1,"Peak Memory Usage": 7322,"Plans": [{"Node Type": "Index Only Scan","Parent Relationship": "Outer","Parallel Aware": false,"Async Capable": false,"Scan Direction": "Forward","Index Name": "customer_pkey","Relation Name": "customer","Alias": "customer","Startup Cost": 0.42,"Total Cost": 3906.42,"Plan Rows": 150000,"Plan Width": 4,"Actual Startup Time": 0.063,"Actual Total Time": 14.588,"Actual Rows": 150000,"Actual Loops": 1,"Heap Fetches": 0}]}]}]}]}]},"Planning Time": 3.934,"Triggers": [],"Execution Time": 6155.513}]
[{"Plan": {"Node Type": "Sort","Parallel Aware": false,"Async Capable": false,"Startup Cost": 65708.14,"Total Cost": 65708.64,"Plan Rows": 200,"Plan Width": 16,"Actual Startup Time": 6706.121,"Actual Total Time": 6706.163,"Actual Rows": 42,"Actual Loops": 1,"Sort Key": ["(count(*)) DESC", "(count(orders.o_orderkey)) DESC"],"Sort Method": "quicksort","Sort Space Used": 27,"Sort Space Type": "Memory","Plans": [{"Node Type": "Aggregate","Strategy": "Hashed","Partial Mode": "Simple","Parent Relationship": "Outer","Parallel Aware": false,"Async Capable": false,"Startup Cost": 65698.50,"Total Cost": 65700.50,"Plan Rows": 200,"Plan Width": 16,"Actual Startup Time": 6706.048,"Actual Total Time": 6706.098,"Actual Rows": 42,"Actual Loops": 1,"Group Key": ["count(orders.o_orderkey)"],"Planned Partitions": 0,"HashAgg Batches": 1,"Peak Memory Usage": 40,"Disk Usage": 0,"Plans": [{"Node Type": "Aggregate","Strategy": "Hashed","Partial Mode": "Simple","Parent Relationship": "Outer","Parallel Aware": false,"Async Capable": false,"Startup Cost": 61948.50,"Total Cost": 63448.50,"Plan Rows": 150000,"Plan Width": 12,"Actual Startup Time": 6534.914,"Actual Total Time": 6692.300,"Actual Rows": 150000,"Actual Loops": 1,"Group Key": ["customer.c_custkey"],"Planned Partitions": 0,"HashAgg Batches": 1,"Peak Memory Usage": 22545,"Disk Usage": 0,"Plans": [{"Node Type": "Hash Join","Parent Relationship": "Outer","Parallel Aware": false,"Async Capable": false,"Join Type": "Right","Startup Cost": 5781.42,"Total Cost": 54524.26,"Plan Rows": 1484848,"Plan Width": 8,"Actual Startup Time": 35.450,"Actual Total Time": 4617.784,"Actual Rows": 1533791,"Actual Loops": 1,"Inner Unique": true,"Hash Cond": "(orders.o_custkey = customer.c_custkey)","Plans": [{"Node Type": "Seq Scan","Parent Relationship": "Outer","Parallel Aware": false,"Async Capable": false,"Relation Name": "orders","Alias": "orders","Startup Cost": 0.00,"Total Cost": 44845.00,"Plan Rows": 1484848,"Plan Width": 8,"Actual Startup Time": 0.045,"Actual Total Time": 3189.289,"Actual Rows": 1483787,"Actual Loops": 1,"Filter": "((o_comment)::text !~~ '%unusual%packages%'::text)","Rows Removed by Filter": 16213},{"Node Type": "Hash","Parent Relationship": "Inner","Parallel Aware": false,"Async Capable": false,"Startup Cost": 3906.42,"Total Cost": 3906.42,"Plan Rows": 150000,"Plan Width": 4,"Actual Startup Time": 33.722,"Actual Total Time": 33.741,"Actual Rows": 150000,"Actual Loops": 1,"Hash Buckets": 262144,"Original Hash Buckets": 262144,"Hash Batches": 1,"Original Hash Batches": 1,"Peak Memory Usage": 7322,"Plans": [{"Node Type": "Index Only Scan","Parent Relationship": "Outer","Parallel Aware": false,"Async Capable": false,"Scan Direction": "Forward","Index Name": "customer_pkey","Relation Name": "customer","Alias": "customer","Startup Cost": 0.42,"Total Cost": 3906.42,"Plan Rows": 150000,"Plan Width": 4,"Actual Startup Time": 0.040,"Actual Total Time": 13.017,"Actual Rows": 150000,"Actual Loops": 1,"Heap Fetches": 0}]}]}]}]}]},"Planning Time": 3.840,"Triggers": [],"Execution Time": 6714.032}]
[{"Plan": {"Node Type": "Sort","Parallel Aware": false,"Async Capable": false,"Startup Cost": 65822.53,"Total Cost": 65823.03,"Plan Rows": 200,"Plan Width": 16,"Actual Startup Time": 6650.964,"Actual Total Time": 6651.000,"Actual Rows": 42,"Actual Loops": 1,"Sort Key": ["(count(*)) DESC", "(count(orders.o_orderkey)) DESC"],"Sort Method": "quicksort","Sort Space Used": 27,"Sort Space Type": "Memory","Plans": [{"Node Type": "Aggregate","Strategy": "Hashed","Partial Mode": "Simple","Parent Relationship": "Outer","Parallel Aware": false,"Async Capable": false,"Startup Cost": 65812.89,"Total Cost": 65814.89,"Plan Rows": 200,"Plan Width": 16,"Actual Startup Time": 6650.893,"Actual Total Time": 6650.940,"Actual Rows": 42,"Actual Loops": 1,"Group Key": ["count(orders.o_orderkey)"],"Planned Partitions": 0,"HashAgg Batches": 1,"Peak Memory Usage": 40,"Disk Usage": 0,"Plans": [{"Node Type": "Aggregate","Strategy": "Hashed","Partial Mode": "Simple","Parent Relationship": "Outer","Parallel Aware": false,"Async Capable": false,"Startup Cost": 62062.89,"Total Cost": 63562.89,"Plan Rows": 150000,"Plan Width": 12,"Actual Startup Time": 6477.408,"Actual Total Time": 6637.150,"Actual Rows": 150000,"Actual Loops": 1,"Group Key": ["customer.c_custkey"],"Planned Partitions": 0,"HashAgg Batches": 1,"Peak Memory Usage": 22545,"Disk Usage": 0,"Plans": [{"Node Type": "Hash Join","Parent Relationship": "Outer","Parallel Aware": false,"Async Capable": false,"Join Type": "Right","Startup Cost": 5781.42,"Total Cost": 54563.64,"Plan Rows": 1499850,"Plan Width": 8,"Actual Startup Time": 36.551,"Actual Total Time": 4552.506,"Actual Rows": 1533843,"Actual Loops": 1,"Inner Unique": true,"Hash Cond": "(orders.o_custkey = customer.c_custkey)","Plans": [{"Node Type": "Seq Scan","Parent Relationship": "Outer","Parallel Aware": false,"Async Capable": false,"Relation Name": "orders","Alias": "orders","Startup Cost": 0.00,"Total Cost": 44845.00,"Plan Rows": 1499850,"Plan Width": 8,"Actual Startup Time": 0.044,"Actual Total Time": 3147.620,"Actual Rows": 1483839,"Actual Loops": 1,"Filter": "((o_comment)::text !~~ '%pending%deposits%'::text)","Rows Removed by Filter": 16161},{"Node Type": "Hash","Parent Relationship": "Inner","Parallel Aware": false,"Async Capable": false,"Startup Cost": 3906.42,"Total Cost": 3906.42,"Plan Rows": 150000,"Plan Width": 4,"Actual Startup Time": 34.769,"Actual Total Time": 34.783,"Actual Rows": 150000,"Actual Loops": 1,"Hash Buckets": 262144,"Original Hash Buckets": 262144,"Hash Batches": 1,"Original Hash Batches": 1,"Peak Memory Usage": 7322,"Plans": [{"Node Type": "Index Only Scan","Parent Relationship": "Outer","Parallel Aware": false,"Async Capable": false,"Scan Direction": "Forward","Index Name": "customer_pkey","Relation Name": "customer","Alias": "customer","Startup Cost": 0.42,"Total Cost": 3906.42,"Plan Rows": 150000,"Plan Width": 4,"Actual Startup Time": 0.065,"Actual Total Time": 13.424,"Actual Rows": 150000,"Actual Loops": 1,"Heap Fetches": 0}]}]}]}]}]},"Planning Time": 3.594,"Triggers": [],"Execution Time": 6658.782}]
[{"Plan": {"Node Type": "Sort","Parallel Aware": false,"Async Capable": false,"Startup Cost": 65822.53,"Total Cost": 65823.03,"Plan Rows": 200,"Plan Width": 16,"Actual Startup Time": 6101.280,"Actual Total Time": 6101.314,"Actual Rows": 42,"Actual Loops": 1,"Sort Key": ["(count(*)) DESC", "(count(orders.o_orderkey)) DESC"],"Sort Method": "quicksort","Sort Space Used": 27,"Sort Space Type": "Memory","Plans": [{"Node Type": "Aggregate","Strategy": "Hashed","Partial Mode": "Simple","Parent Relationship": "Outer","Parallel Aware": false,"Async Capable": false,"Startup Cost": 65812.89,"Total Cost": 65814.89,"Plan Rows": 200,"Plan Width": 16,"Actual Startup Time": 6101.184,"Actual Total Time": 6101.232,"Actual Rows": 42,"Actual Loops": 1,"Group Key": ["count(orders.o_orderkey)"],"Planned Partitions": 0,"HashAgg Batches": 1,"Peak Memory Usage": 40,"Disk Usage": 0,"Plans": [{"Node Type": "Aggregate","Strategy": "Hashed","Partial Mode": "Simple","Parent Relationship": "Outer","Parallel Aware": false,"Async Capable": false,"Startup Cost": 62062.89,"Total Cost": 63562.89,"Plan Rows": 150000,"Plan Width": 12,"Actual Startup Time": 5921.162,"Actual Total Time": 6087.400,"Actual Rows": 150000,"Actual Loops": 1,"Group Key": ["customer.c_custkey"],"Planned Partitions": 0,"HashAgg Batches": 1,"Peak Memory Usage": 22545,"Disk Usage": 0,"Plans": [{"Node Type": "Hash Join","Parent Relationship": "Outer","Parallel Aware": false,"Async Capable": false,"Join Type": "Right","Startup Cost": 5781.42,"Total Cost": 54563.64,"Plan Rows": 1499850,"Plan Width": 8,"Actual Startup Time": 39.228,"Actual Total Time": 4074.723,"Actual Rows": 1533808,"Actual Loops": 1,"Inner Unique": true,"Hash Cond": "(orders.o_custkey = customer.c_custkey)","Plans": [{"Node Type": "Seq Scan","Parent Relationship": "Outer","Parallel Aware": false,"Async Capable": false,"Relation Name": "orders","Alias": "orders","Startup Cost": 0.00,"Total Cost": 44845.00,"Plan Rows": 1499850,"Plan Width": 8,"Actual Startup Time": 0.056,"Actual Total Time": 2834.984,"Actual Rows": 1483804,"Actual Loops": 1,"Filter": "((o_comment)::text !~~ '%special%deposits%'::text)","Rows Removed by Filter": 16196},{"Node Type": "Hash","Parent Relationship": "Inner","Parallel Aware": false,"Async Capable": false,"Startup Cost": 3906.42,"Total Cost": 3906.42,"Plan Rows": 150000,"Plan Width": 4,"Actual Startup Time": 37.438,"Actual Total Time": 37.451,"Actual Rows": 150000,"Actual Loops": 1,"Hash Buckets": 262144,"Original Hash Buckets": 262144,"Hash Batches": 1,"Original Hash Batches": 1,"Peak Memory Usage": 7322,"Plans": [{"Node Type": "Index Only Scan","Parent Relationship": "Outer","Parallel Aware": false,"Async Capable": false,"Scan Direction": "Forward","Index Name": "customer_pkey","Relation Name": "customer","Alias": "customer","Startup Cost": 0.42,"Total Cost": 3906.42,"Plan Rows": 150000,"Plan Width": 4,"Actual Startup Time": 0.049,"Actual Total Time": 14.639,"Actual Rows": 150000,"Actual Loops": 1,"Heap Fetches": 0}]}]}]}]}]},"Planning Time": 3.971,"Triggers": [],"Execution Time": 6110.955}]
[{"Plan": {"Node Type": "Sort","Parallel Aware": false,"Async Capable": false,"Startup Cost": 65477.08,"Total Cost": 65477.58,"Plan Rows": 200,"Plan Width": 16,"Actual Startup Time": 6131.456,"Actual Total Time": 6131.495,"Actual Rows": 42,"Actual Loops": 1,"Sort Key": ["(count(*)) DESC", "(count(orders.o_orderkey)) DESC"],"Sort Method": "quicksort","Sort Space Used": 27,"Sort Space Type": "Memory","Plans": [{"Node Type": "Aggregate","Strategy": "Hashed","Partial Mode": "Simple","Parent Relationship": "Outer","Parallel Aware": false,"Async Capable": false,"Startup Cost": 65467.44,"Total Cost": 65469.44,"Plan Rows": 200,"Plan Width": 16,"Actual Startup Time": 6131.350,"Actual Total Time": 6131.398,"Actual Rows": 42,"Actual Loops": 1,"Group Key": ["count(orders.o_orderkey)"],"Planned Partitions": 0,"HashAgg Batches": 1,"Peak Memory Usage": 40,"Disk Usage": 0,"Plans": [{"Node Type": "Aggregate","Strategy": "Hashed","Partial Mode": "Simple","Parent Relationship": "Outer","Parallel Aware": false,"Async Capable": false,"Startup Cost": 61717.44,"Total Cost": 63217.44,"Plan Rows": 150000,"Plan Width": 12,"Actual Startup Time": 5953.045,"Actual Total Time": 6117.615,"Actual Rows": 150000,"Actual Loops": 1,"Group Key": ["customer.c_custkey"],"Planned Partitions": 0,"HashAgg Batches": 1,"Peak Memory Usage": 22545,"Disk Usage": 0,"Plans": [{"Node Type": "Hash Join","Parent Relationship": "Outer","Parallel Aware": false,"Async Capable": false,"Join Type": "Right","Startup Cost": 5781.42,"Total Cost": 54444.71,"Plan Rows": 1454545,"Plan Width": 8,"Actual Startup Time": 38.590,"Actual Total Time": 4109.614,"Actual Rows": 1533923,"Actual Loops": 1,"Inner Unique": true,"Hash Cond": "(orders.o_custkey = customer.c_custkey)","Plans": [{"Node Type": "Seq Scan","Parent Relationship": "Outer","Parallel Aware": false,"Async Capable": false,"Relation Name": "orders","Alias": "orders","Startup Cost": 0.00,"Total Cost": 44845.00,"Plan Rows": 1454545,"Plan Width": 8,"Actual Startup Time": 0.061,"Actual Total Time": 2840.022,"Actual Rows": 1483918,"Actual Loops": 1,"Filter": "((o_comment)::text !~~ '%special%requests%'::text)","Rows Removed by Filter": 16082},{"Node Type": "Hash","Parent Relationship": "Inner","Parallel Aware": false,"Async Capable": false,"Startup Cost": 3906.42,"Total Cost": 3906.42,"Plan Rows": 150000,"Plan Width": 4,"Actual Startup Time": 36.739,"Actual Total Time": 36.756,"Actual Rows": 150000,"Actual Loops": 1,"Hash Buckets": 262144,"Original Hash Buckets": 262144,"Hash Batches": 1,"Original Hash Batches": 1,"Peak Memory Usage": 7322,"Plans": [{"Node Type": "Index Only Scan","Parent Relationship": "Outer","Parallel Aware": false,"Async Capable": false,"Scan Direction": "Forward","Index Name": "customer_pkey","Relation Name": "customer","Alias": "customer","Startup Cost": 0.42,"Total Cost": 3906.42,"Plan Rows": 150000,"Plan Width": 4,"Actual Startup Time": 0.061,"Actual Total Time": 14.504,"Actual Rows": 150000,"Actual Loops": 1,"Heap Fetches": 0}]}]}]}]}]},"Planning Time": 3.536,"Triggers": [],"Execution Time": 6139.749}]
[{"Plan": {"Node Type": "Sort","Parallel Aware": false,"Async Capable": false,"Startup Cost": 65592.61,"Total Cost": 65593.11,"Plan Rows": 200,"Plan Width": 16,"Actual Startup Time": 6042.914,"Actual Total Time": 6042.954,"Actual Rows": 42,"Actual Loops": 1,"Sort Key": ["(count(*)) DESC", "(count(orders.o_orderkey)) DESC"],"Sort Method": "quicksort","Sort Space Used": 27,"Sort Space Type": "Memory","Plans": [{"Node Type": "Aggregate","Strategy": "Hashed","Partial Mode": "Simple","Parent Relationship": "Outer","Parallel Aware": false,"Async Capable": false,"Startup Cost": 65582.97,"Total Cost": 65584.97,"Plan Rows": 200,"Plan Width": 16,"Actual Startup Time": 6042.802,"Actual Total Time": 6042.854,"Actual Rows": 42,"Actual Loops": 1,"Group Key": ["count(orders.o_orderkey)"],"Planned Partitions": 0,"HashAgg Batches": 1,"Peak Memory Usage": 40,"Disk Usage": 0,"Plans": [{"Node Type": "Aggregate","Strategy": "Hashed","Partial Mode": "Simple","Parent Relationship": "Outer","Parallel Aware": false,"Async Capable": false,"Startup Cost": 61832.97,"Total Cost": 63332.97,"Plan Rows": 150000,"Plan Width": 12,"Actual Startup Time": 5848.968,"Actual Total Time": 6029.049,"Actual Rows": 150000,"Actual Loops": 1,"Group Key": ["customer.c_custkey"],"Planned Partitions": 0,"HashAgg Batches": 1,"Peak Memory Usage": 22545,"Disk Usage": 0,"Plans": [{"Node Type": "Hash Join","Parent Relationship": "Outer","Parallel Aware": false,"Async Capable": false,"Join Type": "Right","Startup Cost": 5781.42,"Total Cost": 54484.49,"Plan Rows": 1469697,"Plan Width": 8,"Actual Startup Time": 38.540,"Actual Total Time": 4039.691,"Actual Rows": 1534055,"Actual Loops": 1,"Inner Unique": true,"Hash Cond": "(orders.o_custkey = customer.c_custkey)","Plans": [{"Node Type": "Seq Scan","Parent Relationship": "Outer","Parallel Aware": false,"Async Capable": false,"Relation Name": "orders","Alias": "orders","Startup Cost": 0.00,"Total Cost": 44845.00,"Plan Rows": 1469697,"Plan Width": 8,"Actual Startup Time": 0.061,"Actual Total Time": 2797.159,"Actual Rows": 1484051,"Actual Loops": 1,"Filter": "((o_comment)::text !~~ '%special%packages%'::text)","Rows Removed by Filter": 15949},{"Node Type": "Hash","Parent Relationship": "Inner","Parallel Aware": false,"Async Capable": false,"Startup Cost": 3906.42,"Total Cost": 3906.42,"Plan Rows": 150000,"Plan Width": 4,"Actual Startup Time": 36.593,"Actual Total Time": 36.607,"Actual Rows": 150000,"Actual Loops": 1,"Hash Buckets": 262144,"Original Hash Buckets": 262144,"Hash Batches": 1,"Original Hash Batches": 1,"Peak Memory Usage": 7322,"Plans": [{"Node Type": "Index Only Scan","Parent Relationship": "Outer","Parallel Aware": false,"Async Capable": false,"Scan Direction": "Forward","Index Name": "customer_pkey","Relation Name": "customer","Alias": "customer","Startup Cost": 0.42,"Total Cost": 3906.42,"Plan Rows": 150000,"Plan Width": 4,"Actual Startup Time": 0.050,"Actual Total Time": 14.573,"Actual Rows": 150000,"Actual Loops": 1,"Heap Fetches": 0}]}]}]}]}]},"Planning Time": 3.383,"Triggers": [],"Execution Time": 6052.793}]
[{"Plan": {"Node Type": "Sort","Parallel Aware": false,"Async Capable": false,"Startup Cost": 65592.61,"Total Cost": 65593.11,"Plan Rows": 200,"Plan Width": 16,"Actual Startup Time": 6108.888,"Actual Total Time": 6108.932,"Actual Rows": 42,"Actual Loops": 1,"Sort Key": ["(count(*)) DESC", "(count(orders.o_orderkey)) DESC"],"Sort Method": "quicksort","Sort Space Used": 27,"Sort Space Type": "Memory","Plans": [{"Node Type": "Aggregate","Strategy": "Hashed","Partial Mode": "Simple","Parent Relationship": "Outer","Parallel Aware": false,"Async Capable": false,"Startup Cost": 65582.97,"Total Cost": 65584.97,"Plan Rows": 200,"Plan Width": 16,"Actual Startup Time": 6108.797,"Actual Total Time": 6108.848,"Actual Rows": 42,"Actual Loops": 1,"Group Key": ["count(orders.o_orderkey)"],"Planned Partitions": 0,"HashAgg Batches": 1,"Peak Memory Usage": 40,"Disk Usage": 0,"Plans": [{"Node Type": "Aggregate","Strategy": "Hashed","Partial Mode": "Simple","Parent Relationship": "Outer","Parallel Aware": false,"Async Capable": false,"Startup Cost": 61832.97,"Total Cost": 63332.97,"Plan Rows": 150000,"Plan Width": 12,"Actual Startup Time": 5916.041,"Actual Total Time": 6095.043,"Actual Rows": 150000,"Actual Loops": 1,"Group Key": ["customer.c_custkey"],"Planned Partitions": 0,"HashAgg Batches": 1,"Peak Memory Usage": 22545,"Disk Usage": 0,"Plans": [{"Node Type": "Hash Join","Parent Relationship": "Outer","Parallel Aware": false,"Async Capable": false,"Join Type": "Right","Startup Cost": 5781.42,"Total Cost": 54484.49,"Plan Rows": 1469697,"Plan Width": 8,"Actual Startup Time": 39.068,"Actual Total Time": 4097.616,"Actual Rows": 1534019,"Actual Loops": 1,"Inner Unique": true,"Hash Cond": "(orders.o_custkey = customer.c_custkey)","Plans": [{"Node Type": "Seq Scan","Parent Relationship": "Outer","Parallel Aware": false,"Async Capable": false,"Relation Name": "orders","Alias": "orders","Startup Cost": 0.00,"Total Cost": 44845.00,"Plan Rows": 1469697,"Plan Width": 8,"Actual Startup Time": 0.051,"Actual Total Time": 2823.952,"Actual Rows": 1484015,"Actual Loops": 1,"Filter": "((o_comment)::text !~~ '%express%accounts%'::text)","Rows Removed by Filter": 15985},{"Node Type": "Hash","Parent Relationship": "Inner","Parallel Aware": false,"Async Capable": false,"Startup Cost": 3906.42,"Total Cost": 3906.42,"Plan Rows": 150000,"Plan Width": 4,"Actual Startup Time": 37.191,"Actual Total Time": 37.207,"Actual Rows": 150000,"Actual Loops": 1,"Hash Buckets": 262144,"Original Hash Buckets": 262144,"Hash Batches": 1,"Original Hash Batches": 1,"Peak Memory Usage": 7322,"Plans": [{"Node Type": "Index Only Scan","Parent Relationship": "Outer","Parallel Aware": false,"Async Capable": false,"Scan Direction": "Forward","Index Name": "customer_pkey","Relation Name": "customer","Alias": "customer","Startup Cost": 0.42,"Total Cost": 3906.42,"Plan Rows": 150000,"Plan Width": 4,"Actual Startup Time": 0.038,"Actual Total Time": 14.188,"Actual Rows": 150000,"Actual Loops": 1,"Heap Fetches": 0}]}]}]}]}]},"Planning Time": 3.814,"Triggers": [],"Execution Time": 6118.531}]
[{"Plan": {"Node Type": "Sort","Parallel Aware": false,"Async Capable": false,"Startup Cost": 65708.14,"Total Cost": 65708.64,"Plan Rows": 200,"Plan Width": 16,"Actual Startup Time": 6659.087,"Actual Total Time": 6659.155,"Actual Rows": 41,"Actual Loops": 1,"Sort Key": ["(count(*)) DESC", "(count(orders.o_orderkey)) DESC"],"Sort Method": "quicksort","Sort Space Used": 27,"Sort Space Type": "Memory","Plans": [{"Node Type": "Aggregate","Strategy": "Hashed","Partial Mode": "Simple","Parent Relationship": "Outer","Parallel Aware": false,"Async Capable": false,"Startup Cost": 65698.50,"Total Cost": 65700.50,"Plan Rows": 200,"Plan Width": 16,"Actual Startup Time": 6658.981,"Actual Total Time": 6659.057,"Actual Rows": 41,"Actual Loops": 1,"Group Key": ["count(orders.o_orderkey)"],"Planned Partitions": 0,"HashAgg Batches": 1,"Peak Memory Usage": 40,"Disk Usage": 0,"Plans": [{"Node Type": "Aggregate","Strategy": "Hashed","Partial Mode": "Simple","Parent Relationship": "Outer","Parallel Aware": false,"Async Capable": false,"Startup Cost": 61948.50,"Total Cost": 63448.50,"Plan Rows": 150000,"Plan Width": 12,"Actual Startup Time": 6480.209,"Actual Total Time": 6645.185,"Actual Rows": 150000,"Actual Loops": 1,"Group Key": ["customer.c_custkey"],"Planned Partitions": 0,"HashAgg Batches": 1,"Peak Memory Usage": 22545,"Disk Usage": 0,"Plans": [{"Node Type": "Hash Join","Parent Relationship": "Outer","Parallel Aware": false,"Async Capable": false,"Join Type": "Right","Startup Cost": 5781.42,"Total Cost": 54524.26,"Plan Rows": 1484848,"Plan Width": 8,"Actual Startup Time": 37.274,"Actual Total Time": 4547.015,"Actual Rows": 1533872,"Actual Loops": 1,"Inner Unique": true,"Hash Cond": "(orders.o_custkey = customer.c_custkey)","Plans": [{"Node Type": "Seq Scan","Parent Relationship": "Outer","Parallel Aware": false,"Async Capable": false,"Relation Name": "orders","Alias": "orders","Startup Cost": 0.00,"Total Cost": 44845.00,"Plan Rows": 1484848,"Plan Width": 8,"Actual Startup Time": 0.043,"Actual Total Time": 3085.028,"Actual Rows": 1483868,"Actual Loops": 1,"Filter": "((o_comment)::text !~~ '%unusual%deposits%'::text)","Rows Removed by Filter": 16132},{"Node Type": "Hash","Parent Relationship": "Inner","Parallel Aware": false,"Async Capable": false,"Startup Cost": 3906.42,"Total Cost": 3906.42,"Plan Rows": 150000,"Plan Width": 4,"Actual Startup Time": 35.508,"Actual Total Time": 35.530,"Actual Rows": 150000,"Actual Loops": 1,"Hash Buckets": 262144,"Original Hash Buckets": 262144,"Hash Batches": 1,"Original Hash Batches": 1,"Peak Memory Usage": 7322,"Plans": [{"Node Type": "Index Only Scan","Parent Relationship": "Outer","Parallel Aware": false,"Async Capable": false,"Scan Direction": "Forward","Index Name": "customer_pkey","Relation Name": "customer","Alias": "customer","Startup Cost": 0.42,"Total Cost": 3906.42,"Plan Rows": 150000,"Plan Width": 4,"Actual Startup Time": 0.053,"Actual Total Time": 13.448,"Actual Rows": 150000,"Actual Loops": 1,"Heap Fetches": 0}]}]}]}]}]},"Planning Time": 3.854,"Triggers": [],"Execution Time": 6671.834}]
[{"Plan": {"Node Type": "Sort","Parallel Aware": false,"Async Capable": false,"Startup Cost": 65592.61,"Total Cost": 65593.11,"Plan Rows": 200,"Plan Width": 16,"Actual Startup Time": 6108.888,"Actual Total Time": 6108.932,"Actual Rows": 42,"Actual Loops": 1,"Sort Key": ["(count(*)) DESC", "(count(orders.o_orderkey)) DESC"],"Sort Method": "quicksort","Sort Space Used": 27,"Sort Space Type": "Memory","Plans": [{"Node Type": "Aggregate","Strategy": "Hashed","Partial Mode": "Simple","Parent Relationship": "Outer","Parallel Aware": false,"Async Capable": false,"Startup Cost": 65582.97,"Total Cost": 65584.97,"Plan Rows": 200,"Plan Width": 16,"Actual Startup Time": 6108.797,"Actual Total Time": 6108.848,"Actual Rows": 42,"Actual Loops": 1,"Group Key": ["count(orders.o_orderkey)"],"Planned Partitions": 0,"HashAgg Batches": 1,"Peak Memory Usage": 40,"Disk Usage": 0,"Plans": [{"Node Type": "Aggregate","Strategy": "Hashed","Partial Mode": "Simple","Parent Relationship": "Outer","Parallel Aware": false,"Async Capable": false,"Startup Cost": 61832.97,"Total Cost": 63332.97,"Plan Rows": 150000,"Plan Width": 12,"Actual Startup Time": 5916.041,"Actual Total Time": 6095.043,"Actual Rows": 150000,"Actual Loops": 1,"Group Key": ["customer.c_custkey"],"Planned Partitions": 0,"HashAgg Batches": 1,"Peak Memory Usage": 22545,"Disk Usage": 0,"Plans": [{"Node Type": "Hash Join","Parent Relationship": "Outer","Parallel Aware": false,"Async Capable": false,"Join Type": "Right","Startup Cost": 5781.42,"Total Cost": 54484.49,"Plan Rows": 1469697,"Plan Width": 8,"Actual Startup Time": 39.068,"Actual Total Time": 4097.616,"Actual Rows": 1534019,"Actual Loops": 1,"Inner Unique": true,"Hash Cond": "(orders.o_custkey = customer.c_custkey)","Plans": [{"Node Type": "Seq Scan","Parent Relationship": "Outer","Parallel Aware": false,"Async Capable": false,"Relation Name": "orders","Alias": "orders","Startup Cost": 0.00,"Total Cost": 44845.00,"Plan Rows": 1469697,"Plan Width": 8,"Actual Startup Time": 0.051,"Actual Total Time": 2823.952,"Actual Rows": 1484015,"Actual Loops": 1,"Filter": "((o_comment)::text !~~ '%express%accounts%'::text)","Rows Removed by Filter": 15985},{"Node Type": "Hash","Parent Relationship": "Inner","Parallel Aware": false,"Async Capable": false,"Startup Cost": 3906.42,"Total Cost": 3906.42,"Plan Rows": 150000,"Plan Width": 4,"Actual Startup Time": 37.191,"Actual Total Time": 37.207,"Actual Rows": 150000,"Actual Loops": 1,"Hash Buckets": 262144,"Original Hash Buckets": 262144,"Hash Batches": 1,"Original Hash Batches": 1,"Peak Memory Usage": 7322,"Plans": [{"Node Type": "Index Only Scan","Parent Relationship": "Outer","Parallel Aware": false,"Async Capable": false,"Scan Direction": "Forward","Index Name": "customer_pkey","Relation Name": "customer","Alias": "customer","Startup Cost": 0.42,"Total Cost": 3906.42,"Plan Rows": 150000,"Plan Width": 4,"Actual Startup Time": 0.038,"Actual Total Time": 14.188,"Actual Rows": 150000,"Actual Loops": 1,"Heap Fetches": 0}]}]}]}]}]},"Planning Time": 3.814,"Triggers": [],"Execution Time": 6118.531}]
[{"Plan": {"Node Type": "Sort","Parallel Aware": false,"Async Capable": false,"Startup Cost": 65708.14,"Total Cost": 65708.64,"Plan Rows": 200,"Plan Width": 16,"Actual Startup Time": 6009.895,"Actual Total Time": 6009.932,"Actual Rows": 42,"Actual Loops": 1,"Sort Key": ["(count(*)) DESC", "(count(orders.o_orderkey)) DESC"],"Sort Method": "quicksort","Sort Space Used": 27,"Sort Space Type": "Memory","Plans": [{"Node Type": "Aggregate","Strategy": "Hashed","Partial Mode": "Simple","Parent Relationship": "Outer","Parallel Aware": false,"Async Capable": false,"Startup Cost": 65698.50,"Total Cost": 65700.50,"Plan Rows": 200,"Plan Width": 16,"Actual Startup Time": 6009.807,"Actual Total Time": 6009.848,"Actual Rows": 42,"Actual Loops": 1,"Group Key": ["count(orders.o_orderkey)"],"Planned Partitions": 0,"HashAgg Batches": 1,"Peak Memory Usage": 40,"Disk Usage": 0,"Plans": [{"Node Type": "Aggregate","Strategy": "Hashed","Partial Mode": "Simple","Parent Relationship": "Outer","Parallel Aware": false,"Async Capable": false,"Startup Cost": 61948.50,"Total Cost": 63448.50,"Plan Rows": 150000,"Plan Width": 12,"Actual Startup Time": 5831.373,"Actual Total Time": 5996.054,"Actual Rows": 150000,"Actual Loops": 1,"Group Key": ["customer.c_custkey"],"Planned Partitions": 0,"HashAgg Batches": 1,"Peak Memory Usage": 22545,"Disk Usage": 0,"Plans": [{"Node Type": "Hash Join","Parent Relationship": "Outer","Parallel Aware": false,"Async Capable": false,"Join Type": "Right","Startup Cost": 5781.42,"Total Cost": 54524.26,"Plan Rows": 1484848,"Plan Width": 8,"Actual Startup Time": 39.338,"Actual Total Time": 3994.258,"Actual Rows": 1533903,"Actual Loops": 1,"Inner Unique": true,"Hash Cond": "(orders.o_custkey = customer.c_custkey)","Plans": [{"Node Type": "Seq Scan","Parent Relationship": "Outer","Parallel Aware": false,"Async Capable": false,"Relation Name": "orders","Alias": "orders","Startup Cost": 0.00,"Total Cost": 44845.00,"Plan Rows": 1484848,"Plan Width": 8,"Actual Startup Time": 0.067,"Actual Total Time": 2735.690,"Actual Rows": 1483898,"Actual Loops": 1,"Filter": "((o_comment)::text !~~ '%pending%packages%'::text)","Rows Removed by Filter": 16102},{"Node Type": "Hash","Parent Relationship": "Inner","Parallel Aware": false,"Async Capable": false,"Startup Cost": 3906.42,"Total Cost": 3906.42,"Plan Rows": 150000,"Plan Width": 4,"Actual Startup Time": 37.449,"Actual Total Time": 37.461,"Actual Rows": 150000,"Actual Loops": 1,"Hash Buckets": 262144,"Original Hash Buckets": 262144,"Hash Batches": 1,"Original Hash Batches": 1,"Peak Memory Usage": 7322,"Plans": [{"Node Type": "Index Only Scan","Parent Relationship": "Outer","Parallel Aware": false,"Async Capable": false,"Scan Direction": "Forward","Index Name": "customer_pkey","Relation Name": "customer","Alias": "customer","Startup Cost": 0.42,"Total Cost": 3906.42,"Plan Rows": 150000,"Plan Width": 4,"Actual Startup Time": 0.047,"Actual Total Time": 14.301,"Actual Rows": 150000,"Actual Loops": 1,"Heap Fetches": 0}]}]}]}]}]},"Planning Time": 4.405,"Triggers": [],"Execution Time": 6018.249}]
[{"Plan": {"Node Type": "Sort","Parallel Aware": false,"Async Capable": false,"Startup Cost": 65592.61,"Total Cost": 65593.11,"Plan Rows": 200,"Plan Width": 16,"Actual Startup Time": 6147.348,"Actual Total Time": 6147.387,"Actual Rows": 42,"Actual Loops": 1,"Sort Key": ["(count(*)) DESC", "(count(orders.o_orderkey)) DESC"],"Sort Method": "quicksort","Sort Space Used": 27,"Sort Space Type": "Memory","Plans": [{"Node Type": "Aggregate","Strategy": "Hashed","Partial Mode": "Simple","Parent Relationship": "Outer","Parallel Aware": false,"Async Capable": false,"Startup Cost": 65582.97,"Total Cost": 65584.97,"Plan Rows": 200,"Plan Width": 16,"Actual Startup Time": 6147.247,"Actual Total Time": 6147.296,"Actual Rows": 42,"Actual Loops": 1,"Group Key": ["count(orders.o_orderkey)"],"Planned Partitions": 0,"HashAgg Batches": 1,"Peak Memory Usage": 40,"Disk Usage": 0,"Plans": [{"Node Type": "Aggregate","Strategy": "Hashed","Partial Mode": "Simple","Parent Relationship": "Outer","Parallel Aware": false,"Async Capable": false,"Startup Cost": 61832.97,"Total Cost": 63332.97,"Plan Rows": 150000,"Plan Width": 12,"Actual Startup Time": 5968.961,"Actual Total Time": 6133.532,"Actual Rows": 150000,"Actual Loops": 1,"Group Key": ["customer.c_custkey"],"Planned Partitions": 0,"HashAgg Batches": 1,"Peak Memory Usage": 22545,"Disk Usage": 0,"Plans": [{"Node Type": "Hash Join","Parent Relationship": "Outer","Parallel Aware": false,"Async Capable": false,"Join Type": "Right","Startup Cost": 5781.42,"Total Cost": 54484.49,"Plan Rows": 1469697,"Plan Width": 8,"Actual Startup Time": 38.076,"Actual Total Time": 4114.998,"Actual Rows": 1533945,"Actual Loops": 1,"Inner Unique": true,"Hash Cond": "(orders.o_custkey = customer.c_custkey)","Plans": [{"Node Type": "Seq Scan","Parent Relationship": "Outer","Parallel Aware": false,"Async Capable": false,"Relation Name": "orders","Alias": "orders","Startup Cost": 0.00,"Total Cost": 44845.00,"Plan Rows": 1469697,"Plan Width": 8,"Actual Startup Time": 0.049,"Actual Total Time": 2844.878,"Actual Rows": 1483941,"Actual Loops": 1,"Filter": "((o_comment)::text !~~ '%express%packages%'::text)","Rows Removed by Filter": 16059},{"Node Type": "Hash","Parent Relationship": "Inner","Parallel Aware": false,"Async Capable": false,"Startup Cost": 3906.42,"Total Cost": 3906.42,"Plan Rows": 150000,"Plan Width": 4,"Actual Startup Time": 36.257,"Actual Total Time": 36.268,"Actual Rows": 150000,"Actual Loops": 1,"Hash Buckets": 262144,"Original Hash Buckets": 262144,"Hash Batches": 1,"Original Hash Batches": 1,"Peak Memory Usage": 7322,"Plans": [{"Node Type": "Index Only Scan","Parent Relationship": "Outer","Parallel Aware": false,"Async Capable": false,"Scan Direction": "Forward","Index Name": "customer_pkey","Relation Name": "customer","Alias": "customer","Startup Cost": 0.42,"Total Cost": 3906.42,"Plan Rows": 150000,"Plan Width": 4,"Actual Startup Time": 0.063,"Actual Total Time": 14.588,"Actual Rows": 150000,"Actual Loops": 1,"Heap Fetches": 0}]}]}]}]}]},"Planning Time": 3.934,"Triggers": [],"Execution Time": 6155.513}]
[{"Plan": {"Node Type": "Sort","Parallel Aware": false,"Async Capable": false,"Startup Cost": 65708.14,"Total Cost": 65708.64,"Plan Rows": 200,"Plan Width": 16,"Actual Startup Time": 6659.087,"Actual Total Time": 6659.155,"Actual Rows": 41,"Actual Loops": 1,"Sort Key": ["(count(*)) DESC", "(count(orders.o_orderkey)) DESC"],"Sort Method": "quicksort","Sort Space Used": 27,"Sort Space Type": "Memory","Plans": [{"Node Type": "Aggregate","Strategy": "Hashed","Partial Mode": "Simple","Parent Relationship": "Outer","Parallel Aware": false,"Async Capable": false,"Startup Cost": 65698.50,"Total Cost": 65700.50,"Plan Rows": 200,"Plan Width": 16,"Actual Startup Time": 6658.981,"Actual Total Time": 6659.057,"Actual Rows": 41,"Actual Loops": 1,"Group Key": ["count(orders.o_orderkey)"],"Planned Partitions": 0,"HashAgg Batches": 1,"Peak Memory Usage": 40,"Disk Usage": 0,"Plans": [{"Node Type": "Aggregate","Strategy": "Hashed","Partial Mode": "Simple","Parent Relationship": "Outer","Parallel Aware": false,"Async Capable": false,"Startup Cost": 61948.50,"Total Cost": 63448.50,"Plan Rows": 150000,"Plan Width": 12,"Actual Startup Time": 6480.209,"Actual Total Time": 6645.185,"Actual Rows": 150000,"Actual Loops": 1,"Group Key": ["customer.c_custkey"],"Planned Partitions": 0,"HashAgg Batches": 1,"Peak Memory Usage": 22545,"Disk Usage": 0,"Plans": [{"Node Type": "Hash Join","Parent Relationship": "Outer","Parallel Aware": false,"Async Capable": false,"Join Type": "Right","Startup Cost": 5781.42,"Total Cost": 54524.26,"Plan Rows": 1484848,"Plan Width": 8,"Actual Startup Time": 37.274,"Actual Total Time": 4547.015,"Actual Rows": 1533872,"Actual Loops": 1,"Inner Unique": true,"Hash Cond": "(orders.o_custkey = customer.c_custkey)","Plans": [{"Node Type": "Seq Scan","Parent Relationship": "Outer","Parallel Aware": false,"Async Capable": false,"Relation Name": "orders","Alias": "orders","Startup Cost": 0.00,"Total Cost": 44845.00,"Plan Rows": 1484848,"Plan Width": 8,"Actual Startup Time": 0.043,"Actual Total Time": 3085.028,"Actual Rows": 1483868,"Actual Loops": 1,"Filter": "((o_comment)::text !~~ '%unusual%deposits%'::text)","Rows Removed by Filter": 16132},{"Node Type": "Hash","Parent Relationship": "Inner","Parallel Aware": false,"Async Capable": false,"Startup Cost": 3906.42,"Total Cost": 3906.42,"Plan Rows": 150000,"Plan Width": 4,"Actual Startup Time": 35.508,"Actual Total Time": 35.530,"Actual Rows": 150000,"Actual Loops": 1,"Hash Buckets": 262144,"Original Hash Buckets": 262144,"Hash Batches": 1,"Original Hash Batches": 1,"Peak Memory Usage": 7322,"Plans": [{"Node Type": "Index Only Scan","Parent Relationship": "Outer","Parallel Aware": false,"Async Capable": false,"Scan Direction": "Forward","Index Name": "customer_pkey","Relation Name": "customer","Alias": "customer","Startup Cost": 0.42,"Total Cost": 3906.42,"Plan Rows": 150000,"Plan Width": 4,"Actual Startup Time": 0.053,"Actual Total Time": 13.448,"Actual Rows": 150000,"Actual Loops": 1,"Heap Fetches": 0}]}]}]}]}]},"Planning Time": 3.854,"Triggers": [],"Execution Time": 6671.834}]
[{"Plan": {"Node Type": "Sort","Parallel Aware": false,"Async Capable": false,"Startup Cost": 65822.53,"Total Cost": 65823.03,"Plan Rows": 200,"Plan Width": 16,"Actual Startup Time": 6047.687,"Actual Total Time": 6047.735,"Actual Rows": 42,"Actual Loops": 1,"Sort Key": ["(count(*)) DESC", "(count(orders.o_orderkey)) DESC"],"Sort Method": "quicksort","Sort Space Used": 27,"Sort Space Type": "Memory","Plans": [{"Node Type": "Aggregate","Strategy": "Hashed","Partial Mode": "Simple","Parent Relationship": "Outer","Parallel Aware": false,"Async Capable": false,"Startup Cost": 65812.89,"Total Cost": 65814.89,"Plan Rows": 200,"Plan Width": 16,"Actual Startup Time": 6047.591,"Actual Total Time": 6047.643,"Actual Rows": 42,"Actual Loops": 1,"Group Key": ["count(orders.o_orderkey)"],"Planned Partitions": 0,"HashAgg Batches": 1,"Peak Memory Usage": 40,"Disk Usage": 0,"Plans": [{"Node Type": "Aggregate","Strategy": "Hashed","Partial Mode": "Simple","Parent Relationship": "Outer","Parallel Aware": false,"Async Capable": false,"Startup Cost": 62062.89,"Total Cost": 63562.89,"Plan Rows": 150000,"Plan Width": 12,"Actual Startup Time": 5868.600,"Actual Total Time": 6033.866,"Actual Rows": 150000,"Actual Loops": 1,"Group Key": ["customer.c_custkey"],"Planned Partitions": 0,"HashAgg Batches": 1,"Peak Memory Usage": 22545,"Disk Usage": 0,"Plans": [{"Node Type": "Hash Join","Parent Relationship": "Outer","Parallel Aware": false,"Async Capable": false,"Join Type": "Right","Startup Cost": 5781.42,"Total Cost": 54563.64,"Plan Rows": 1499850,"Plan Width": 8,"Actual Startup Time": 39.168,"Actual Total Time": 4010.851,"Actual Rows": 1533626,"Actual Loops": 1,"Inner Unique": true,"Hash Cond": "(orders.o_custkey = customer.c_custkey)","Plans": [{"Node Type": "Seq Scan","Parent Relationship": "Outer","Parallel Aware": false,"Async Capable": false,"Relation Name": "orders","Alias": "orders","Startup Cost": 0.00,"Total Cost": 44845.00,"Plan Rows": 1499850,"Plan Width": 8,"Actual Startup Time": 0.065,"Actual Total Time": 2757.508,"Actual Rows": 1483622,"Actual Loops": 1,"Filter": "((o_comment)::text !~~ '%unusual%accounts%'::text)","Rows Removed by Filter": 16378},{"Node Type": "Hash","Parent Relationship": "Inner","Parallel Aware": false,"Async Capable": false,"Startup Cost": 3906.42,"Total Cost": 3906.42,"Plan Rows": 150000,"Plan Width": 4,"Actual Startup Time": 37.343,"Actual Total Time": 37.362,"Actual Rows": 150000,"Actual Loops": 1,"Hash Buckets": 262144,"Original Hash Buckets": 262144,"Hash Batches": 1,"Original Hash Batches": 1,"Peak Memory Usage": 7322,"Plans": [{"Node Type": "Index Only Scan","Parent Relationship": "Outer","Parallel Aware": false,"Async Capable": false,"Scan Direction": "Forward","Index Name": "customer_pkey","Relation Name": "customer","Alias": "customer","Startup Cost": 0.42,"Total Cost": 3906.42,"Plan Rows": 150000,"Plan Width": 4,"Actual Startup Time": 0.036,"Actual Total Time": 14.472,"Actual Rows": 150000,"Actual Loops": 1,"Heap Fetches": 0}]}]}]}]}]},"Planning Time": 4.331,"Triggers": [],"Execution Time": 6056.690}]
[{"Plan": {"Node Type": "Sort","Parallel Aware": false,"Async Capable": false,"Startup Cost": 65822.53,"Total Cost": 65823.03,"Plan Rows": 200,"Plan Width": 16,"Actual Startup Time": 6789.356,"Actual Total Time": 6789.385,"Actual Rows": 42,"Actual Loops": 1,"Sort Key": ["(count(*)) DESC", "(count(orders.o_orderkey)) DESC"],"Sort Method": "quicksort","Sort Space Used": 27,"Sort Space Type": "Memory","Plans": [{"Node Type": "Aggregate","Strategy": "Hashed","Partial Mode": "Simple","Parent Relationship": "Outer","Parallel Aware": false,"Async Capable": false,"Startup Cost": 65812.89,"Total Cost": 65814.89,"Plan Rows": 200,"Plan Width": 16,"Actual Startup Time": 6789.265,"Actual Total Time": 6789.304,"Actual Rows": 42,"Actual Loops": 1,"Group Key": ["count(orders.o_orderkey)"],"Planned Partitions": 0,"HashAgg Batches": 1,"Peak Memory Usage": 40,"Disk Usage": 0,"Plans": [{"Node Type": "Aggregate","Strategy": "Hashed","Partial Mode": "Simple","Parent Relationship": "Outer","Parallel Aware": false,"Async Capable": false,"Startup Cost": 62062.89,"Total Cost": 63562.89,"Plan Rows": 150000,"Plan Width": 12,"Actual Startup Time": 6597.323,"Actual Total Time": 6775.519,"Actual Rows": 150000,"Actual Loops": 1,"Group Key": ["customer.c_custkey"],"Planned Partitions": 0,"HashAgg Batches": 1,"Peak Memory Usage": 22545,"Disk Usage": 0,"Plans": [{"Node Type": "Hash Join","Parent Relationship": "Outer","Parallel Aware": false,"Async Capable": false,"Join Type": "Right","Startup Cost": 5781.42,"Total Cost": 54563.64,"Plan Rows": 1499850,"Plan Width": 8,"Actual Startup Time": 45.919,"Actual Total Time": 4674.391,"Actual Rows": 1534025,"Actual Loops": 1,"Inner Unique": true,"Hash Cond": "(orders.o_custkey = customer.c_custkey)","Plans": [{"Node Type": "Seq Scan","Parent Relationship": "Outer","Parallel Aware": false,"Async Capable": false,"Relation Name": "orders","Alias": "orders","Startup Cost": 0.00,"Total Cost": 44845.00,"Plan Rows": 1499850,"Plan Width": 8,"Actual Startup Time": 0.049,"Actual Total Time": 3245.830,"Actual Rows": 1484020,"Actual Loops": 1,"Filter": "((o_comment)::text !~~ '%express%deposits%'::text)","Rows Removed by Filter": 15980},{"Node Type": "Hash","Parent Relationship": "Inner","Parallel Aware": false,"Async Capable": false,"Startup Cost": 3906.42,"Total Cost": 3906.42,"Plan Rows": 150000,"Plan Width": 4,"Actual Startup Time": 44.047,"Actual Total Time": 44.059,"Actual Rows": 150000,"Actual Loops": 1,"Hash Buckets": 262144,"Original Hash Buckets": 262144,"Hash Batches": 1,"Original Hash Batches": 1,"Peak Memory Usage": 7322,"Plans": [{"Node Type": "Index Only Scan","Parent Relationship": "Outer","Parallel Aware": false,"Async Capable": false,"Scan Direction": "Forward","Index Name": "customer_pkey","Relation Name": "customer","Alias": "customer","Startup Cost": 0.42,"Total Cost": 3906.42,"Plan Rows": 150000,"Plan Width": 4,"Actual Startup Time": 0.049,"Actual Total Time": 21.219,"Actual Rows": 150000,"Actual Loops": 1,"Heap Fetches": 0}]}]}]}]}]},"Planning Time": 4.349,"Triggers": [],"Execution Time": 6798.388}]
[{"Plan": {"Node Type": "Sort","Parallel Aware": false,"Async Capable": false,"Startup Cost": 65592.61,"Total Cost": 65593.11,"Plan Rows": 200,"Plan Width": 16,"Actual Startup Time": 6108.888,"Actual Total Time": 6108.932,"Actual Rows": 42,"Actual Loops": 1,"Sort Key": ["(count(*)) DESC", "(count(orders.o_orderkey)) DESC"],"Sort Method": "quicksort","Sort Space Used": 27,"Sort Space Type": "Memory","Plans": [{"Node Type": "Aggregate","Strategy": "Hashed","Partial Mode": "Simple","Parent Relationship": "Outer","Parallel Aware": false,"Async Capable": false,"Startup Cost": 65582.97,"Total Cost": 65584.97,"Plan Rows": 200,"Plan Width": 16,"Actual Startup Time": 6108.797,"Actual Total Time": 6108.848,"Actual Rows": 42,"Actual Loops": 1,"Group Key": ["count(orders.o_orderkey)"],"Planned Partitions": 0,"HashAgg Batches": 1,"Peak Memory Usage": 40,"Disk Usage": 0,"Plans": [{"Node Type": "Aggregate","Strategy": "Hashed","Partial Mode": "Simple","Parent Relationship": "Outer","Parallel Aware": false,"Async Capable": false,"Startup Cost": 61832.97,"Total Cost": 63332.97,"Plan Rows": 150000,"Plan Width": 12,"Actual Startup Time": 5916.041,"Actual Total Time": 6095.043,"Actual Rows": 150000,"Actual Loops": 1,"Group Key": ["customer.c_custkey"],"Planned Partitions": 0,"HashAgg Batches": 1,"Peak Memory Usage": 22545,"Disk Usage": 0,"Plans": [{"Node Type": "Hash Join","Parent Relationship": "Outer","Parallel Aware": false,"Async Capable": false,"Join Type": "Right","Startup Cost": 5781.42,"Total Cost": 54484.49,"Plan Rows": 1469697,"Plan Width": 8,"Actual Startup Time": 39.068,"Actual Total Time": 4097.616,"Actual Rows": 1534019,"Actual Loops": 1,"Inner Unique": true,"Hash Cond": "(orders.o_custkey = customer.c_custkey)","Plans": [{"Node Type": "Seq Scan","Parent Relationship": "Outer","Parallel Aware": false,"Async Capable": false,"Relation Name": "orders","Alias": "orders","Startup Cost": 0.00,"Total Cost": 44845.00,"Plan Rows": 1469697,"Plan Width": 8,"Actual Startup Time": 0.051,"Actual Total Time": 2823.952,"Actual Rows": 1484015,"Actual Loops": 1,"Filter": "((o_comment)::text !~~ '%express%accounts%'::text)","Rows Removed by Filter": 15985},{"Node Type": "Hash","Parent Relationship": "Inner","Parallel Aware": false,"Async Capable": false,"Startup Cost": 3906.42,"Total Cost": 3906.42,"Plan Rows": 150000,"Plan Width": 4,"Actual Startup Time": 37.191,"Actual Total Time": 37.207,"Actual Rows": 150000,"Actual Loops": 1,"Hash Buckets": 262144,"Original Hash Buckets": 262144,"Hash Batches": 1,"Original Hash Batches": 1,"Peak Memory Usage": 7322,"Plans": [{"Node Type": "Index Only Scan","Parent Relationship": "Outer","Parallel Aware": false,"Async Capable": false,"Scan Direction": "Forward","Index Name": "customer_pkey","Relation Name": "customer","Alias": "customer","Startup Cost": 0.42,"Total Cost": 3906.42,"Plan Rows": 150000,"Plan Width": 4,"Actual Startup Time": 0.038,"Actual Total Time": 14.188,"Actual Rows": 150000,"Actual Loops": 1,"Heap Fetches": 0}]}]}]}]}]},"Planning Time": 3.814,"Triggers": [],"Execution Time": 6118.531}]
[{"Plan": {"Node Type": "Sort","Parallel Aware": false,"Async Capable": false,"Startup Cost": 65822.53,"Total Cost": 65823.03,"Plan Rows": 200,"Plan Width": 16,"Actual Startup Time": 6101.280,"Actual Total Time": 6101.314,"Actual Rows": 42,"Actual Loops": 1,"Sort Key": ["(count(*)) DESC", "(count(orders.o_orderkey)) DESC"],"Sort Method": "quicksort","Sort Space Used": 27,"Sort Space Type": "Memory","Plans": [{"Node Type": "Aggregate","Strategy": "Hashed","Partial Mode": "Simple","Parent Relationship": "Outer","Parallel Aware": false,"Async Capable": false,"Startup Cost": 65812.89,"Total Cost": 65814.89,"Plan Rows": 200,"Plan Width": 16,"Actual Startup Time": 6101.184,"Actual Total Time": 6101.232,"Actual Rows": 42,"Actual Loops": 1,"Group Key": ["count(orders.o_orderkey)"],"Planned Partitions": 0,"HashAgg Batches": 1,"Peak Memory Usage": 40,"Disk Usage": 0,"Plans": [{"Node Type": "Aggregate","Strategy": "Hashed","Partial Mode": "Simple","Parent Relationship": "Outer","Parallel Aware": false,"Async Capable": false,"Startup Cost": 62062.89,"Total Cost": 63562.89,"Plan Rows": 150000,"Plan Width": 12,"Actual Startup Time": 5921.162,"Actual Total Time": 6087.400,"Actual Rows": 150000,"Actual Loops": 1,"Group Key": ["customer.c_custkey"],"Planned Partitions": 0,"HashAgg Batches": 1,"Peak Memory Usage": 22545,"Disk Usage": 0,"Plans": [{"Node Type": "Hash Join","Parent Relationship": "Outer","Parallel Aware": false,"Async Capable": false,"Join Type": "Right","Startup Cost": 5781.42,"Total Cost": 54563.64,"Plan Rows": 1499850,"Plan Width": 8,"Actual Startup Time": 39.228,"Actual Total Time": 4074.723,"Actual Rows": 1533808,"Actual Loops": 1,"Inner Unique": true,"Hash Cond": "(orders.o_custkey = customer.c_custkey)","Plans": [{"Node Type": "Seq Scan","Parent Relationship": "Outer","Parallel Aware": false,"Async Capable": false,"Relation Name": "orders","Alias": "orders","Startup Cost": 0.00,"Total Cost": 44845.00,"Plan Rows": 1499850,"Plan Width": 8,"Actual Startup Time": 0.056,"Actual Total Time": 2834.984,"Actual Rows": 1483804,"Actual Loops": 1,"Filter": "((o_comment)::text !~~ '%special%deposits%'::text)","Rows Removed by Filter": 16196},{"Node Type": "Hash","Parent Relationship": "Inner","Parallel Aware": false,"Async Capable": false,"Startup Cost": 3906.42,"Total Cost": 3906.42,"Plan Rows": 150000,"Plan Width": 4,"Actual Startup Time": 37.438,"Actual Total Time": 37.451,"Actual Rows": 150000,"Actual Loops": 1,"Hash Buckets": 262144,"Original Hash Buckets": 262144,"Hash Batches": 1,"Original Hash Batches": 1,"Peak Memory Usage": 7322,"Plans": [{"Node Type": "Index Only Scan","Parent Relationship": "Outer","Parallel Aware": false,"Async Capable": false,"Scan Direction": "Forward","Index Name": "customer_pkey","Relation Name": "customer","Alias": "customer","Startup Cost": 0.42,"Total Cost": 3906.42,"Plan Rows": 150000,"Plan Width": 4,"Actual Startup Time": 0.049,"Actual Total Time": 14.639,"Actual Rows": 150000,"Actual Loops": 1,"Heap Fetches": 0}]}]}]}]}]},"Planning Time": 3.971,"Triggers": [],"Execution Time": 6110.955}]
[{"Plan": {"Node Type": "Sort","Parallel Aware": false,"Async Capable": false,"Startup Cost": 65592.61,"Total Cost": 65593.11,"Plan Rows": 200,"Plan Width": 16,"Actual Startup Time": 6042.914,"Actual Total Time": 6042.954,"Actual Rows": 42,"Actual Loops": 1,"Sort Key": ["(count(*)) DESC", "(count(orders.o_orderkey)) DESC"],"Sort Method": "quicksort","Sort Space Used": 27,"Sort Space Type": "Memory","Plans": [{"Node Type": "Aggregate","Strategy": "Hashed","Partial Mode": "Simple","Parent Relationship": "Outer","Parallel Aware": false,"Async Capable": false,"Startup Cost": 65582.97,"Total Cost": 65584.97,"Plan Rows": 200,"Plan Width": 16,"Actual Startup Time": 6042.802,"Actual Total Time": 6042.854,"Actual Rows": 42,"Actual Loops": 1,"Group Key": ["count(orders.o_orderkey)"],"Planned Partitions": 0,"HashAgg Batches": 1,"Peak Memory Usage": 40,"Disk Usage": 0,"Plans": [{"Node Type": "Aggregate","Strategy": "Hashed","Partial Mode": "Simple","Parent Relationship": "Outer","Parallel Aware": false,"Async Capable": false,"Startup Cost": 61832.97,"Total Cost": 63332.97,"Plan Rows": 150000,"Plan Width": 12,"Actual Startup Time": 5848.968,"Actual Total Time": 6029.049,"Actual Rows": 150000,"Actual Loops": 1,"Group Key": ["customer.c_custkey"],"Planned Partitions": 0,"HashAgg Batches": 1,"Peak Memory Usage": 22545,"Disk Usage": 0,"Plans": [{"Node Type": "Hash Join","Parent Relationship": "Outer","Parallel Aware": false,"Async Capable": false,"Join Type": "Right","Startup Cost": 5781.42,"Total Cost": 54484.49,"Plan Rows": 1469697,"Plan Width": 8,"Actual Startup Time": 38.540,"Actual Total Time": 4039.691,"Actual Rows": 1534055,"Actual Loops": 1,"Inner Unique": true,"Hash Cond": "(orders.o_custkey = customer.c_custkey)","Plans": [{"Node Type": "Seq Scan","Parent Relationship": "Outer","Parallel Aware": false,"Async Capable": false,"Relation Name": "orders","Alias": "orders","Startup Cost": 0.00,"Total Cost": 44845.00,"Plan Rows": 1469697,"Plan Width": 8,"Actual Startup Time": 0.061,"Actual Total Time": 2797.159,"Actual Rows": 1484051,"Actual Loops": 1,"Filter": "((o_comment)::text !~~ '%special%packages%'::text)","Rows Removed by Filter": 15949},{"Node Type": "Hash","Parent Relationship": "Inner","Parallel Aware": false,"Async Capable": false,"Startup Cost": 3906.42,"Total Cost": 3906.42,"Plan Rows": 150000,"Plan Width": 4,"Actual Startup Time": 36.593,"Actual Total Time": 36.607,"Actual Rows": 150000,"Actual Loops": 1,"Hash Buckets": 262144,"Original Hash Buckets": 262144,"Hash Batches": 1,"Original Hash Batches": 1,"Peak Memory Usage": 7322,"Plans": [{"Node Type": "Index Only Scan","Parent Relationship": "Outer","Parallel Aware": false,"Async Capable": false,"Scan Direction": "Forward","Index Name": "customer_pkey","Relation Name": "customer","Alias": "customer","Startup Cost": 0.42,"Total Cost": 3906.42,"Plan Rows": 150000,"Plan Width": 4,"Actual Startup Time": 0.050,"Actual Total Time": 14.573,"Actual Rows": 150000,"Actual Loops": 1,"Heap Fetches": 0}]}]}]}]}]},"Planning Time": 3.383,"Triggers": [],"Execution Time": 6052.793}]
[{"Plan": {"Node Type": "Sort","Parallel Aware": false,"Async Capable": false,"Startup Cost": 65822.53,"Total Cost": 65823.03,"Plan Rows": 200,"Plan Width": 16,"Actual Startup Time": 6101.280,"Actual Total Time": 6101.314,"Actual Rows": 42,"Actual Loops": 1,"Sort Key": ["(count(*)) DESC", "(count(orders.o_orderkey)) DESC"],"Sort Method": "quicksort","Sort Space Used": 27,"Sort Space Type": "Memory","Plans": [{"Node Type": "Aggregate","Strategy": "Hashed","Partial Mode": "Simple","Parent Relationship": "Outer","Parallel Aware": false,"Async Capable": false,"Startup Cost": 65812.89,"Total Cost": 65814.89,"Plan Rows": 200,"Plan Width": 16,"Actual Startup Time": 6101.184,"Actual Total Time": 6101.232,"Actual Rows": 42,"Actual Loops": 1,"Group Key": ["count(orders.o_orderkey)"],"Planned Partitions": 0,"HashAgg Batches": 1,"Peak Memory Usage": 40,"Disk Usage": 0,"Plans": [{"Node Type": "Aggregate","Strategy": "Hashed","Partial Mode": "Simple","Parent Relationship": "Outer","Parallel Aware": false,"Async Capable": false,"Startup Cost": 62062.89,"Total Cost": 63562.89,"Plan Rows": 150000,"Plan Width": 12,"Actual Startup Time": 5921.162,"Actual Total Time": 6087.400,"Actual Rows": 150000,"Actual Loops": 1,"Group Key": ["customer.c_custkey"],"Planned Partitions": 0,"HashAgg Batches": 1,"Peak Memory Usage": 22545,"Disk Usage": 0,"Plans": [{"Node Type": "Hash Join","Parent Relationship": "Outer","Parallel Aware": false,"Async Capable": false,"Join Type": "Right","Startup Cost": 5781.42,"Total Cost": 54563.64,"Plan Rows": 1499850,"Plan Width": 8,"Actual Startup Time": 39.228,"Actual Total Time": 4074.723,"Actual Rows": 1533808,"Actual Loops": 1,"Inner Unique": true,"Hash Cond": "(orders.o_custkey = customer.c_custkey)","Plans": [{"Node Type": "Seq Scan","Parent Relationship": "Outer","Parallel Aware": false,"Async Capable": false,"Relation Name": "orders","Alias": "orders","Startup Cost": 0.00,"Total Cost": 44845.00,"Plan Rows": 1499850,"Plan Width": 8,"Actual Startup Time": 0.056,"Actual Total Time": 2834.984,"Actual Rows": 1483804,"Actual Loops": 1,"Filter": "((o_comment)::text !~~ '%special%deposits%'::text)","Rows Removed by Filter": 16196},{"Node Type": "Hash","Parent Relationship": "Inner","Parallel Aware": false,"Async Capable": false,"Startup Cost": 3906.42,"Total Cost": 3906.42,"Plan Rows": 150000,"Plan Width": 4,"Actual Startup Time": 37.438,"Actual Total Time": 37.451,"Actual Rows": 150000,"Actual Loops": 1,"Hash Buckets": 262144,"Original Hash Buckets": 262144,"Hash Batches": 1,"Original Hash Batches": 1,"Peak Memory Usage": 7322,"Plans": [{"Node Type": "Index Only Scan","Parent Relationship": "Outer","Parallel Aware": false,"Async Capable": false,"Scan Direction": "Forward","Index Name": "customer_pkey","Relation Name": "customer","Alias": "customer","Startup Cost": 0.42,"Total Cost": 3906.42,"Plan Rows": 150000,"Plan Width": 4,"Actual Startup Time": 0.049,"Actual Total Time": 14.639,"Actual Rows": 150000,"Actual Loops": 1,"Heap Fetches": 0}]}]}]}]}]},"Planning Time": 3.971,"Triggers": [],"Execution Time": 6110.955}]
[{"Plan": {"Node Type": "Sort","Parallel Aware": false,"Async Capable": false,"Startup Cost": 65592.61,"Total Cost": 65593.11,"Plan Rows": 200,"Plan Width": 16,"Actual Startup Time": 6108.888,"Actual Total Time": 6108.932,"Actual Rows": 42,"Actual Loops": 1,"Sort Key": ["(count(*)) DESC", "(count(orders.o_orderkey)) DESC"],"Sort Method": "quicksort","Sort Space Used": 27,"Sort Space Type": "Memory","Plans": [{"Node Type": "Aggregate","Strategy": "Hashed","Partial Mode": "Simple","Parent Relationship": "Outer","Parallel Aware": false,"Async Capable": false,"Startup Cost": 65582.97,"Total Cost": 65584.97,"Plan Rows": 200,"Plan Width": 16,"Actual Startup Time": 6108.797,"Actual Total Time": 6108.848,"Actual Rows": 42,"Actual Loops": 1,"Group Key": ["count(orders.o_orderkey)"],"Planned Partitions": 0,"HashAgg Batches": 1,"Peak Memory Usage": 40,"Disk Usage": 0,"Plans": [{"Node Type": "Aggregate","Strategy": "Hashed","Partial Mode": "Simple","Parent Relationship": "Outer","Parallel Aware": false,"Async Capable": false,"Startup Cost": 61832.97,"Total Cost": 63332.97,"Plan Rows": 150000,"Plan Width": 12,"Actual Startup Time": 5916.041,"Actual Total Time": 6095.043,"Actual Rows": 150000,"Actual Loops": 1,"Group Key": ["customer.c_custkey"],"Planned Partitions": 0,"HashAgg Batches": 1,"Peak Memory Usage": 22545,"Disk Usage": 0,"Plans": [{"Node Type": "Hash Join","Parent Relationship": "Outer","Parallel Aware": false,"Async Capable": false,"Join Type": "Right","Startup Cost": 5781.42,"Total Cost": 54484.49,"Plan Rows": 1469697,"Plan Width": 8,"Actual Startup Time": 39.068,"Actual Total Time": 4097.616,"Actual Rows": 1534019,"Actual Loops": 1,"Inner Unique": true,"Hash Cond": "(orders.o_custkey = customer.c_custkey)","Plans": [{"Node Type": "Seq Scan","Parent Relationship": "Outer","Parallel Aware": false,"Async Capable": false,"Relation Name": "orders","Alias": "orders","Startup Cost": 0.00,"Total Cost": 44845.00,"Plan Rows": 1469697,"Plan Width": 8,"Actual Startup Time": 0.051,"Actual Total Time": 2823.952,"Actual Rows": 1484015,"Actual Loops": 1,"Filter": "((o_comment)::text !~~ '%express%accounts%'::text)","Rows Removed by Filter": 15985},{"Node Type": "Hash","Parent Relationship": "Inner","Parallel Aware": false,"Async Capable": false,"Startup Cost": 3906.42,"Total Cost": 3906.42,"Plan Rows": 150000,"Plan Width": 4,"Actual Startup Time": 37.191,"Actual Total Time": 37.207,"Actual Rows": 150000,"Actual Loops": 1,"Hash Buckets": 262144,"Original Hash Buckets": 262144,"Hash Batches": 1,"Original Hash Batches": 1,"Peak Memory Usage": 7322,"Plans": [{"Node Type": "Index Only Scan","Parent Relationship": "Outer","Parallel Aware": false,"Async Capable": false,"Scan Direction": "Forward","Index Name": "customer_pkey","Relation Name": "customer","Alias": "customer","Startup Cost": 0.42,"Total Cost": 3906.42,"Plan Rows": 150000,"Plan Width": 4,"Actual Startup Time": 0.038,"Actual Total Time": 14.188,"Actual Rows": 150000,"Actual Loops": 1,"Heap Fetches": 0}]}]}]}]}]},"Planning Time": 3.814,"Triggers": [],"Execution Time": 6118.531}]
[{"Plan": {"Node Type": "Sort","Parallel Aware": false,"Async Capable": false,"Startup Cost": 65822.53,"Total Cost": 65823.03,"Plan Rows": 200,"Plan Width": 16,"Actual Startup Time": 6789.356,"Actual Total Time": 6789.385,"Actual Rows": 42,"Actual Loops": 1,"Sort Key": ["(count(*)) DESC", "(count(orders.o_orderkey)) DESC"],"Sort Method": "quicksort","Sort Space Used": 27,"Sort Space Type": "Memory","Plans": [{"Node Type": "Aggregate","Strategy": "Hashed","Partial Mode": "Simple","Parent Relationship": "Outer","Parallel Aware": false,"Async Capable": false,"Startup Cost": 65812.89,"Total Cost": 65814.89,"Plan Rows": 200,"Plan Width": 16,"Actual Startup Time": 6789.265,"Actual Total Time": 6789.304,"Actual Rows": 42,"Actual Loops": 1,"Group Key": ["count(orders.o_orderkey)"],"Planned Partitions": 0,"HashAgg Batches": 1,"Peak Memory Usage": 40,"Disk Usage": 0,"Plans": [{"Node Type": "Aggregate","Strategy": "Hashed","Partial Mode": "Simple","Parent Relationship": "Outer","Parallel Aware": false,"Async Capable": false,"Startup Cost": 62062.89,"Total Cost": 63562.89,"Plan Rows": 150000,"Plan Width": 12,"Actual Startup Time": 6597.323,"Actual Total Time": 6775.519,"Actual Rows": 150000,"Actual Loops": 1,"Group Key": ["customer.c_custkey"],"Planned Partitions": 0,"HashAgg Batches": 1,"Peak Memory Usage": 22545,"Disk Usage": 0,"Plans": [{"Node Type": "Hash Join","Parent Relationship": "Outer","Parallel Aware": false,"Async Capable": false,"Join Type": "Right","Startup Cost": 5781.42,"Total Cost": 54563.64,"Plan Rows": 1499850,"Plan Width": 8,"Actual Startup Time": 45.919,"Actual Total Time": 4674.391,"Actual Rows": 1534025,"Actual Loops": 1,"Inner Unique": true,"Hash Cond": "(orders.o_custkey = customer.c_custkey)","Plans": [{"Node Type": "Seq Scan","Parent Relationship": "Outer","Parallel Aware": false,"Async Capable": false,"Relation Name": "orders","Alias": "orders","Startup Cost": 0.00,"Total Cost": 44845.00,"Plan Rows": 1499850,"Plan Width": 8,"Actual Startup Time": 0.049,"Actual Total Time": 3245.830,"Actual Rows": 1484020,"Actual Loops": 1,"Filter": "((o_comment)::text !~~ '%express%deposits%'::text)","Rows Removed by Filter": 15980},{"Node Type": "Hash","Parent Relationship": "Inner","Parallel Aware": false,"Async Capable": false,"Startup Cost": 3906.42,"Total Cost": 3906.42,"Plan Rows": 150000,"Plan Width": 4,"Actual Startup Time": 44.047,"Actual Total Time": 44.059,"Actual Rows": 150000,"Actual Loops": 1,"Hash Buckets": 262144,"Original Hash Buckets": 262144,"Hash Batches": 1,"Original Hash Batches": 1,"Peak Memory Usage": 7322,"Plans": [{"Node Type": "Index Only Scan","Parent Relationship": "Outer","Parallel Aware": false,"Async Capable": false,"Scan Direction": "Forward","Index Name": "customer_pkey","Relation Name": "customer","Alias": "customer","Startup Cost": 0.42,"Total Cost": 3906.42,"Plan Rows": 150000,"Plan Width": 4,"Actual Startup Time": 0.049,"Actual Total Time": 21.219,"Actual Rows": 150000,"Actual Loops": 1,"Heap Fetches": 0}]}]}]}]}]},"Planning Time": 4.349,"Triggers": [],"Execution Time": 6798.388}]
[{"Plan": {"Node Type": "Sort","Parallel Aware": false,"Async Capable": false,"Startup Cost": 65592.61,"Total Cost": 65593.11,"Plan Rows": 200,"Plan Width": 16,"Actual Startup Time": 6042.914,"Actual Total Time": 6042.954,"Actual Rows": 42,"Actual Loops": 1,"Sort Key": ["(count(*)) DESC", "(count(orders.o_orderkey)) DESC"],"Sort Method": "quicksort","Sort Space Used": 27,"Sort Space Type": "Memory","Plans": [{"Node Type": "Aggregate","Strategy": "Hashed","Partial Mode": "Simple","Parent Relationship": "Outer","Parallel Aware": false,"Async Capable": false,"Startup Cost": 65582.97,"Total Cost": 65584.97,"Plan Rows": 200,"Plan Width": 16,"Actual Startup Time": 6042.802,"Actual Total Time": 6042.854,"Actual Rows": 42,"Actual Loops": 1,"Group Key": ["count(orders.o_orderkey)"],"Planned Partitions": 0,"HashAgg Batches": 1,"Peak Memory Usage": 40,"Disk Usage": 0,"Plans": [{"Node Type": "Aggregate","Strategy": "Hashed","Partial Mode": "Simple","Parent Relationship": "Outer","Parallel Aware": false,"Async Capable": false,"Startup Cost": 61832.97,"Total Cost": 63332.97,"Plan Rows": 150000,"Plan Width": 12,"Actual Startup Time": 5848.968,"Actual Total Time": 6029.049,"Actual Rows": 150000,"Actual Loops": 1,"Group Key": ["customer.c_custkey"],"Planned Partitions": 0,"HashAgg Batches": 1,"Peak Memory Usage": 22545,"Disk Usage": 0,"Plans": [{"Node Type": "Hash Join","Parent Relationship": "Outer","Parallel Aware": false,"Async Capable": false,"Join Type": "Right","Startup Cost": 5781.42,"Total Cost": 54484.49,"Plan Rows": 1469697,"Plan Width": 8,"Actual Startup Time": 38.540,"Actual Total Time": 4039.691,"Actual Rows": 1534055,"Actual Loops": 1,"Inner Unique": true,"Hash Cond": "(orders.o_custkey = customer.c_custkey)","Plans": [{"Node Type": "Seq Scan","Parent Relationship": "Outer","Parallel Aware": false,"Async Capable": false,"Relation Name": "orders","Alias": "orders","Startup Cost": 0.00,"Total Cost": 44845.00,"Plan Rows": 1469697,"Plan Width": 8,"Actual Startup Time": 0.061,"Actual Total Time": 2797.159,"Actual Rows": 1484051,"Actual Loops": 1,"Filter": "((o_comment)::text !~~ '%special%packages%'::text)","Rows Removed by Filter": 15949},{"Node Type": "Hash","Parent Relationship": "Inner","Parallel Aware": false,"Async Capable": false,"Startup Cost": 3906.42,"Total Cost": 3906.42,"Plan Rows": 150000,"Plan Width": 4,"Actual Startup Time": 36.593,"Actual Total Time": 36.607,"Actual Rows": 150000,"Actual Loops": 1,"Hash Buckets": 262144,"Original Hash Buckets": 262144,"Hash Batches": 1,"Original Hash Batches": 1,"Peak Memory Usage": 7322,"Plans": [{"Node Type": "Index Only Scan","Parent Relationship": "Outer","Parallel Aware": false,"Async Capable": false,"Scan Direction": "Forward","Index Name": "customer_pkey","Relation Name": "customer","Alias": "customer","Startup Cost": 0.42,"Total Cost": 3906.42,"Plan Rows": 150000,"Plan Width": 4,"Actual Startup Time": 0.050,"Actual Total Time": 14.573,"Actual Rows": 150000,"Actual Loops": 1,"Heap Fetches": 0}]}]}]}]}]},"Planning Time": 3.383,"Triggers": [],"Execution Time": 6052.793}]
[{"Plan": {"Node Type": "Sort","Parallel Aware": false,"Async Capable": false,"Startup Cost": 65822.53,"Total Cost": 65823.03,"Plan Rows": 200,"Plan Width": 16,"Actual Startup Time": 6789.356,"Actual Total Time": 6789.385,"Actual Rows": 42,"Actual Loops": 1,"Sort Key": ["(count(*)) DESC", "(count(orders.o_orderkey)) DESC"],"Sort Method": "quicksort","Sort Space Used": 27,"Sort Space Type": "Memory","Plans": [{"Node Type": "Aggregate","Strategy": "Hashed","Partial Mode": "Simple","Parent Relationship": "Outer","Parallel Aware": false,"Async Capable": false,"Startup Cost": 65812.89,"Total Cost": 65814.89,"Plan Rows": 200,"Plan Width": 16,"Actual Startup Time": 6789.265,"Actual Total Time": 6789.304,"Actual Rows": 42,"Actual Loops": 1,"Group Key": ["count(orders.o_orderkey)"],"Planned Partitions": 0,"HashAgg Batches": 1,"Peak Memory Usage": 40,"Disk Usage": 0,"Plans": [{"Node Type": "Aggregate","Strategy": "Hashed","Partial Mode": "Simple","Parent Relationship": "Outer","Parallel Aware": false,"Async Capable": false,"Startup Cost": 62062.89,"Total Cost": 63562.89,"Plan Rows": 150000,"Plan Width": 12,"Actual Startup Time": 6597.323,"Actual Total Time": 6775.519,"Actual Rows": 150000,"Actual Loops": 1,"Group Key": ["customer.c_custkey"],"Planned Partitions": 0,"HashAgg Batches": 1,"Peak Memory Usage": 22545,"Disk Usage": 0,"Plans": [{"Node Type": "Hash Join","Parent Relationship": "Outer","Parallel Aware": false,"Async Capable": false,"Join Type": "Right","Startup Cost": 5781.42,"Total Cost": 54563.64,"Plan Rows": 1499850,"Plan Width": 8,"Actual Startup Time": 45.919,"Actual Total Time": 4674.391,"Actual Rows": 1534025,"Actual Loops": 1,"Inner Unique": true,"Hash Cond": "(orders.o_custkey = customer.c_custkey)","Plans": [{"Node Type": "Seq Scan","Parent Relationship": "Outer","Parallel Aware": false,"Async Capable": false,"Relation Name": "orders","Alias": "orders","Startup Cost": 0.00,"Total Cost": 44845.00,"Plan Rows": 1499850,"Plan Width": 8,"Actual Startup Time": 0.049,"Actual Total Time": 3245.830,"Actual Rows": 1484020,"Actual Loops": 1,"Filter": "((o_comment)::text !~~ '%express%deposits%'::text)","Rows Removed by Filter": 15980},{"Node Type": "Hash","Parent Relationship": "Inner","Parallel Aware": false,"Async Capable": false,"Startup Cost": 3906.42,"Total Cost": 3906.42,"Plan Rows": 150000,"Plan Width": 4,"Actual Startup Time": 44.047,"Actual Total Time": 44.059,"Actual Rows": 150000,"Actual Loops": 1,"Hash Buckets": 262144,"Original Hash Buckets": 262144,"Hash Batches": 1,"Original Hash Batches": 1,"Peak Memory Usage": 7322,"Plans": [{"Node Type": "Index Only Scan","Parent Relationship": "Outer","Parallel Aware": false,"Async Capable": false,"Scan Direction": "Forward","Index Name": "customer_pkey","Relation Name": "customer","Alias": "customer","Startup Cost": 0.42,"Total Cost": 3906.42,"Plan Rows": 150000,"Plan Width": 4,"Actual Startup Time": 0.049,"Actual Total Time": 21.219,"Actual Rows": 150000,"Actual Loops": 1,"Heap Fetches": 0}]}]}]}]}]},"Planning Time": 4.349,"Triggers": [],"Execution Time": 6798.388}]
[{"Plan": {"Node Type": "Sort","Parallel Aware": false,"Async Capable": false,"Startup Cost": 65822.53,"Total Cost": 65823.03,"Plan Rows": 200,"Plan Width": 16,"Actual Startup Time": 6101.280,"Actual Total Time": 6101.314,"Actual Rows": 42,"Actual Loops": 1,"Sort Key": ["(count(*)) DESC", "(count(orders.o_orderkey)) DESC"],"Sort Method": "quicksort","Sort Space Used": 27,"Sort Space Type": "Memory","Plans": [{"Node Type": "Aggregate","Strategy": "Hashed","Partial Mode": "Simple","Parent Relationship": "Outer","Parallel Aware": false,"Async Capable": false,"Startup Cost": 65812.89,"Total Cost": 65814.89,"Plan Rows": 200,"Plan Width": 16,"Actual Startup Time": 6101.184,"Actual Total Time": 6101.232,"Actual Rows": 42,"Actual Loops": 1,"Group Key": ["count(orders.o_orderkey)"],"Planned Partitions": 0,"HashAgg Batches": 1,"Peak Memory Usage": 40,"Disk Usage": 0,"Plans": [{"Node Type": "Aggregate","Strategy": "Hashed","Partial Mode": "Simple","Parent Relationship": "Outer","Parallel Aware": false,"Async Capable": false,"Startup Cost": 62062.89,"Total Cost": 63562.89,"Plan Rows": 150000,"Plan Width": 12,"Actual Startup Time": 5921.162,"Actual Total Time": 6087.400,"Actual Rows": 150000,"Actual Loops": 1,"Group Key": ["customer.c_custkey"],"Planned Partitions": 0,"HashAgg Batches": 1,"Peak Memory Usage": 22545,"Disk Usage": 0,"Plans": [{"Node Type": "Hash Join","Parent Relationship": "Outer","Parallel Aware": false,"Async Capable": false,"Join Type": "Right","Startup Cost": 5781.42,"Total Cost": 54563.64,"Plan Rows": 1499850,"Plan Width": 8,"Actual Startup Time": 39.228,"Actual Total Time": 4074.723,"Actual Rows": 1533808,"Actual Loops": 1,"Inner Unique": true,"Hash Cond": "(orders.o_custkey = customer.c_custkey)","Plans": [{"Node Type": "Seq Scan","Parent Relationship": "Outer","Parallel Aware": false,"Async Capable": false,"Relation Name": "orders","Alias": "orders","Startup Cost": 0.00,"Total Cost": 44845.00,"Plan Rows": 1499850,"Plan Width": 8,"Actual Startup Time": 0.056,"Actual Total Time": 2834.984,"Actual Rows": 1483804,"Actual Loops": 1,"Filter": "((o_comment)::text !~~ '%special%deposits%'::text)","Rows Removed by Filter": 16196},{"Node Type": "Hash","Parent Relationship": "Inner","Parallel Aware": false,"Async Capable": false,"Startup Cost": 3906.42,"Total Cost": 3906.42,"Plan Rows": 150000,"Plan Width": 4,"Actual Startup Time": 37.438,"Actual Total Time": 37.451,"Actual Rows": 150000,"Actual Loops": 1,"Hash Buckets": 262144,"Original Hash Buckets": 262144,"Hash Batches": 1,"Original Hash Batches": 1,"Peak Memory Usage": 7322,"Plans": [{"Node Type": "Index Only Scan","Parent Relationship": "Outer","Parallel Aware": false,"Async Capable": false,"Scan Direction": "Forward","Index Name": "customer_pkey","Relation Name": "customer","Alias": "customer","Startup Cost": 0.42,"Total Cost": 3906.42,"Plan Rows": 150000,"Plan Width": 4,"Actual Startup Time": 0.049,"Actual Total Time": 14.639,"Actual Rows": 150000,"Actual Loops": 1,"Heap Fetches": 0}]}]}]}]}]},"Planning Time": 3.971,"Triggers": [],"Execution Time": 6110.955}]
[{"Plan": {"Node Type": "Sort","Parallel Aware": false,"Async Capable": false,"Startup Cost": 65822.53,"Total Cost": 65823.03,"Plan Rows": 200,"Plan Width": 16,"Actual Startup Time": 6047.687,"Actual Total Time": 6047.735,"Actual Rows": 42,"Actual Loops": 1,"Sort Key": ["(count(*)) DESC", "(count(orders.o_orderkey)) DESC"],"Sort Method": "quicksort","Sort Space Used": 27,"Sort Space Type": "Memory","Plans": [{"Node Type": "Aggregate","Strategy": "Hashed","Partial Mode": "Simple","Parent Relationship": "Outer","Parallel Aware": false,"Async Capable": false,"Startup Cost": 65812.89,"Total Cost": 65814.89,"Plan Rows": 200,"Plan Width": 16,"Actual Startup Time": 6047.591,"Actual Total Time": 6047.643,"Actual Rows": 42,"Actual Loops": 1,"Group Key": ["count(orders.o_orderkey)"],"Planned Partitions": 0,"HashAgg Batches": 1,"Peak Memory Usage": 40,"Disk Usage": 0,"Plans": [{"Node Type": "Aggregate","Strategy": "Hashed","Partial Mode": "Simple","Parent Relationship": "Outer","Parallel Aware": false,"Async Capable": false,"Startup Cost": 62062.89,"Total Cost": 63562.89,"Plan Rows": 150000,"Plan Width": 12,"Actual Startup Time": 5868.600,"Actual Total Time": 6033.866,"Actual Rows": 150000,"Actual Loops": 1,"Group Key": ["customer.c_custkey"],"Planned Partitions": 0,"HashAgg Batches": 1,"Peak Memory Usage": 22545,"Disk Usage": 0,"Plans": [{"Node Type": "Hash Join","Parent Relationship": "Outer","Parallel Aware": false,"Async Capable": false,"Join Type": "Right","Startup Cost": 5781.42,"Total Cost": 54563.64,"Plan Rows": 1499850,"Plan Width": 8,"Actual Startup Time": 39.168,"Actual Total Time": 4010.851,"Actual Rows": 1533626,"Actual Loops": 1,"Inner Unique": true,"Hash Cond": "(orders.o_custkey = customer.c_custkey)","Plans": [{"Node Type": "Seq Scan","Parent Relationship": "Outer","Parallel Aware": false,"Async Capable": false,"Relation Name": "orders","Alias": "orders","Startup Cost": 0.00,"Total Cost": 44845.00,"Plan Rows": 1499850,"Plan Width": 8,"Actual Startup Time": 0.065,"Actual Total Time": 2757.508,"Actual Rows": 1483622,"Actual Loops": 1,"Filter": "((o_comment)::text !~~ '%unusual%accounts%'::text)","Rows Removed by Filter": 16378},{"Node Type": "Hash","Parent Relationship": "Inner","Parallel Aware": false,"Async Capable": false,"Startup Cost": 3906.42,"Total Cost": 3906.42,"Plan Rows": 150000,"Plan Width": 4,"Actual Startup Time": 37.343,"Actual Total Time": 37.362,"Actual Rows": 150000,"Actual Loops": 1,"Hash Buckets": 262144,"Original Hash Buckets": 262144,"Hash Batches": 1,"Original Hash Batches": 1,"Peak Memory Usage": 7322,"Plans": [{"Node Type": "Index Only Scan","Parent Relationship": "Outer","Parallel Aware": false,"Async Capable": false,"Scan Direction": "Forward","Index Name": "customer_pkey","Relation Name": "customer","Alias": "customer","Startup Cost": 0.42,"Total Cost": 3906.42,"Plan Rows": 150000,"Plan Width": 4,"Actual Startup Time": 0.036,"Actual Total Time": 14.472,"Actual Rows": 150000,"Actual Loops": 1,"Heap Fetches": 0}]}]}]}]}]},"Planning Time": 4.331,"Triggers": [],"Execution Time": 6056.690}]
[{"Plan": {"Node Type": "Sort","Parallel Aware": false,"Async Capable": false,"Startup Cost": 65822.53,"Total Cost": 65823.03,"Plan Rows": 200,"Plan Width": 16,"Actual Startup Time": 6789.356,"Actual Total Time": 6789.385,"Actual Rows": 42,"Actual Loops": 1,"Sort Key": ["(count(*)) DESC", "(count(orders.o_orderkey)) DESC"],"Sort Method": "quicksort","Sort Space Used": 27,"Sort Space Type": "Memory","Plans": [{"Node Type": "Aggregate","Strategy": "Hashed","Partial Mode": "Simple","Parent Relationship": "Outer","Parallel Aware": false,"Async Capable": false,"Startup Cost": 65812.89,"Total Cost": 65814.89,"Plan Rows": 200,"Plan Width": 16,"Actual Startup Time": 6789.265,"Actual Total Time": 6789.304,"Actual Rows": 42,"Actual Loops": 1,"Group Key": ["count(orders.o_orderkey)"],"Planned Partitions": 0,"HashAgg Batches": 1,"Peak Memory Usage": 40,"Disk Usage": 0,"Plans": [{"Node Type": "Aggregate","Strategy": "Hashed","Partial Mode": "Simple","Parent Relationship": "Outer","Parallel Aware": false,"Async Capable": false,"Startup Cost": 62062.89,"Total Cost": 63562.89,"Plan Rows": 150000,"Plan Width": 12,"Actual Startup Time": 6597.323,"Actual Total Time": 6775.519,"Actual Rows": 150000,"Actual Loops": 1,"Group Key": ["customer.c_custkey"],"Planned Partitions": 0,"HashAgg Batches": 1,"Peak Memory Usage": 22545,"Disk Usage": 0,"Plans": [{"Node Type": "Hash Join","Parent Relationship": "Outer","Parallel Aware": false,"Async Capable": false,"Join Type": "Right","Startup Cost": 5781.42,"Total Cost": 54563.64,"Plan Rows": 1499850,"Plan Width": 8,"Actual Startup Time": 45.919,"Actual Total Time": 4674.391,"Actual Rows": 1534025,"Actual Loops": 1,"Inner Unique": true,"Hash Cond": "(orders.o_custkey = customer.c_custkey)","Plans": [{"Node Type": "Seq Scan","Parent Relationship": "Outer","Parallel Aware": false,"Async Capable": false,"Relation Name": "orders","Alias": "orders","Startup Cost": 0.00,"Total Cost": 44845.00,"Plan Rows": 1499850,"Plan Width": 8,"Actual Startup Time": 0.049,"Actual Total Time": 3245.830,"Actual Rows": 1484020,"Actual Loops": 1,"Filter": "((o_comment)::text !~~ '%express%deposits%'::text)","Rows Removed by Filter": 15980},{"Node Type": "Hash","Parent Relationship": "Inner","Parallel Aware": false,"Async Capable": false,"Startup Cost": 3906.42,"Total Cost": 3906.42,"Plan Rows": 150000,"Plan Width": 4,"Actual Startup Time": 44.047,"Actual Total Time": 44.059,"Actual Rows": 150000,"Actual Loops": 1,"Hash Buckets": 262144,"Original Hash Buckets": 262144,"Hash Batches": 1,"Original Hash Batches": 1,"Peak Memory Usage": 7322,"Plans": [{"Node Type": "Index Only Scan","Parent Relationship": "Outer","Parallel Aware": false,"Async Capable": false,"Scan Direction": "Forward","Index Name": "customer_pkey","Relation Name": "customer","Alias": "customer","Startup Cost": 0.42,"Total Cost": 3906.42,"Plan Rows": 150000,"Plan Width": 4,"Actual Startup Time": 0.049,"Actual Total Time": 21.219,"Actual Rows": 150000,"Actual Loops": 1,"Heap Fetches": 0}]}]}]}]}]},"Planning Time": 4.349,"Triggers": [],"Execution Time": 6798.388}]
[{"Plan": {"Node Type": "Sort","Parallel Aware": false,"Async Capable": false,"Startup Cost": 65592.61,"Total Cost": 65593.11,"Plan Rows": 200,"Plan Width": 16,"Actual Startup Time": 6147.348,"Actual Total Time": 6147.387,"Actual Rows": 42,"Actual Loops": 1,"Sort Key": ["(count(*)) DESC", "(count(orders.o_orderkey)) DESC"],"Sort Method": "quicksort","Sort Space Used": 27,"Sort Space Type": "Memory","Plans": [{"Node Type": "Aggregate","Strategy": "Hashed","Partial Mode": "Simple","Parent Relationship": "Outer","Parallel Aware": false,"Async Capable": false,"Startup Cost": 65582.97,"Total Cost": 65584.97,"Plan Rows": 200,"Plan Width": 16,"Actual Startup Time": 6147.247,"Actual Total Time": 6147.296,"Actual Rows": 42,"Actual Loops": 1,"Group Key": ["count(orders.o_orderkey)"],"Planned Partitions": 0,"HashAgg Batches": 1,"Peak Memory Usage": 40,"Disk Usage": 0,"Plans": [{"Node Type": "Aggregate","Strategy": "Hashed","Partial Mode": "Simple","Parent Relationship": "Outer","Parallel Aware": false,"Async Capable": false,"Startup Cost": 61832.97,"Total Cost": 63332.97,"Plan Rows": 150000,"Plan Width": 12,"Actual Startup Time": 5968.961,"Actual Total Time": 6133.532,"Actual Rows": 150000,"Actual Loops": 1,"Group Key": ["customer.c_custkey"],"Planned Partitions": 0,"HashAgg Batches": 1,"Peak Memory Usage": 22545,"Disk Usage": 0,"Plans": [{"Node Type": "Hash Join","Parent Relationship": "Outer","Parallel Aware": false,"Async Capable": false,"Join Type": "Right","Startup Cost": 5781.42,"Total Cost": 54484.49,"Plan Rows": 1469697,"Plan Width": 8,"Actual Startup Time": 38.076,"Actual Total Time": 4114.998,"Actual Rows": 1533945,"Actual Loops": 1,"Inner Unique": true,"Hash Cond": "(orders.o_custkey = customer.c_custkey)","Plans": [{"Node Type": "Seq Scan","Parent Relationship": "Outer","Parallel Aware": false,"Async Capable": false,"Relation Name": "orders","Alias": "orders","Startup Cost": 0.00,"Total Cost": 44845.00,"Plan Rows": 1469697,"Plan Width": 8,"Actual Startup Time": 0.049,"Actual Total Time": 2844.878,"Actual Rows": 1483941,"Actual Loops": 1,"Filter": "((o_comment)::text !~~ '%express%packages%'::text)","Rows Removed by Filter": 16059},{"Node Type": "Hash","Parent Relationship": "Inner","Parallel Aware": false,"Async Capable": false,"Startup Cost": 3906.42,"Total Cost": 3906.42,"Plan Rows": 150000,"Plan Width": 4,"Actual Startup Time": 36.257,"Actual Total Time": 36.268,"Actual Rows": 150000,"Actual Loops": 1,"Hash Buckets": 262144,"Original Hash Buckets": 262144,"Hash Batches": 1,"Original Hash Batches": 1,"Peak Memory Usage": 7322,"Plans": [{"Node Type": "Index Only Scan","Parent Relationship": "Outer","Parallel Aware": false,"Async Capable": false,"Scan Direction": "Forward","Index Name": "customer_pkey","Relation Name": "customer","Alias": "customer","Startup Cost": 0.42,"Total Cost": 3906.42,"Plan Rows": 150000,"Plan Width": 4,"Actual Startup Time": 0.063,"Actual Total Time": 14.588,"Actual Rows": 150000,"Actual Loops": 1,"Heap Fetches": 0}]}]}]}]}]},"Planning Time": 3.934,"Triggers": [],"Execution Time": 6155.513}]
[{"Plan": {"Node Type": "Sort","Parallel Aware": false,"Async Capable": false,"Startup Cost": 65822.53,"Total Cost": 65823.03,"Plan Rows": 200,"Plan Width": 16,"Actual Startup Time": 5956.637,"Actual Total Time": 5956.675,"Actual Rows": 42,"Actual Loops": 1,"Sort Key": ["(count(*)) DESC", "(count(orders.o_orderkey)) DESC"],"Sort Method": "quicksort","Sort Space Used": 27,"Sort Space Type": "Memory","Plans": [{"Node Type": "Aggregate","Strategy": "Hashed","Partial Mode": "Simple","Parent Relationship": "Outer","Parallel Aware": false,"Async Capable": false,"Startup Cost": 65812.89,"Total Cost": 65814.89,"Plan Rows": 200,"Plan Width": 16,"Actual Startup Time": 5956.548,"Actual Total Time": 5956.590,"Actual Rows": 42,"Actual Loops": 1,"Group Key": ["count(orders.o_orderkey)"],"Planned Partitions": 0,"HashAgg Batches": 1,"Peak Memory Usage": 40,"Disk Usage": 0,"Plans": [{"Node Type": "Aggregate","Strategy": "Hashed","Partial Mode": "Simple","Parent Relationship": "Outer","Parallel Aware": false,"Async Capable": false,"Startup Cost": 62062.89,"Total Cost": 63562.89,"Plan Rows": 150000,"Plan Width": 12,"Actual Startup Time": 5763.184,"Actual Total Time": 5942.838,"Actual Rows": 150000,"Actual Loops": 1,"Group Key": ["customer.c_custkey"],"Planned Partitions": 0,"HashAgg Batches": 1,"Peak Memory Usage": 22545,"Disk Usage": 0,"Plans": [{"Node Type": "Hash Join","Parent Relationship": "Outer","Parallel Aware": false,"Async Capable": false,"Join Type": "Right","Startup Cost": 5781.42,"Total Cost": 54563.64,"Plan Rows": 1499850,"Plan Width": 8,"Actual Startup Time": 38.566,"Actual Total Time": 3955.732,"Actual Rows": 1533620,"Actual Loops": 1,"Inner Unique": true,"Hash Cond": "(orders.o_custkey = customer.c_custkey)","Plans": [{"Node Type": "Seq Scan","Parent Relationship": "Outer","Parallel Aware": false,"Async Capable": false,"Relation Name": "orders","Alias": "orders","Startup Cost": 0.00,"Total Cost": 44845.00,"Plan Rows": 1499850,"Plan Width": 8,"Actual Startup Time": 0.052,"Actual Total Time": 2713.562,"Actual Rows": 1483615,"Actual Loops": 1,"Filter": "((o_comment)::text !~~ '%pending%accounts%'::text)","Rows Removed by Filter": 16385},{"Node Type": "Hash","Parent Relationship": "Inner","Parallel Aware": false,"Async Capable": false,"Startup Cost": 3906.42,"Total Cost": 3906.42,"Plan Rows": 150000,"Plan Width": 4,"Actual Startup Time": 36.530,"Actual Total Time": 36.543,"Actual Rows": 150000,"Actual Loops": 1,"Hash Buckets": 262144,"Original Hash Buckets": 262144,"Hash Batches": 1,"Original Hash Batches": 1,"Peak Memory Usage": 7322,"Plans": [{"Node Type": "Index Only Scan","Parent Relationship": "Outer","Parallel Aware": false,"Async Capable": false,"Scan Direction": "Forward","Index Name": "customer_pkey","Relation Name": "customer","Alias": "customer","Startup Cost": 0.42,"Total Cost": 3906.42,"Plan Rows": 150000,"Plan Width": 4,"Actual Startup Time": 0.036,"Actual Total Time": 14.278,"Actual Rows": 150000,"Actual Loops": 1,"Heap Fetches": 0}]}]}]}]}]},"Planning Time": 3.568,"Triggers": [],"Execution Time": 5966.474}]
[{"Plan": {"Node Type": "Sort","Parallel Aware": false,"Async Capable": false,"Startup Cost": 65708.14,"Total Cost": 65708.64,"Plan Rows": 200,"Plan Width": 16,"Actual Startup Time": 6659.087,"Actual Total Time": 6659.155,"Actual Rows": 41,"Actual Loops": 1,"Sort Key": ["(count(*)) DESC", "(count(orders.o_orderkey)) DESC"],"Sort Method": "quicksort","Sort Space Used": 27,"Sort Space Type": "Memory","Plans": [{"Node Type": "Aggregate","Strategy": "Hashed","Partial Mode": "Simple","Parent Relationship": "Outer","Parallel Aware": false,"Async Capable": false,"Startup Cost": 65698.50,"Total Cost": 65700.50,"Plan Rows": 200,"Plan Width": 16,"Actual Startup Time": 6658.981,"Actual Total Time": 6659.057,"Actual Rows": 41,"Actual Loops": 1,"Group Key": ["count(orders.o_orderkey)"],"Planned Partitions": 0,"HashAgg Batches": 1,"Peak Memory Usage": 40,"Disk Usage": 0,"Plans": [{"Node Type": "Aggregate","Strategy": "Hashed","Partial Mode": "Simple","Parent Relationship": "Outer","Parallel Aware": false,"Async Capable": false,"Startup Cost": 61948.50,"Total Cost": 63448.50,"Plan Rows": 150000,"Plan Width": 12,"Actual Startup Time": 6480.209,"Actual Total Time": 6645.185,"Actual Rows": 150000,"Actual Loops": 1,"Group Key": ["customer.c_custkey"],"Planned Partitions": 0,"HashAgg Batches": 1,"Peak Memory Usage": 22545,"Disk Usage": 0,"Plans": [{"Node Type": "Hash Join","Parent Relationship": "Outer","Parallel Aware": false,"Async Capable": false,"Join Type": "Right","Startup Cost": 5781.42,"Total Cost": 54524.26,"Plan Rows": 1484848,"Plan Width": 8,"Actual Startup Time": 37.274,"Actual Total Time": 4547.015,"Actual Rows": 1533872,"Actual Loops": 1,"Inner Unique": true,"Hash Cond": "(orders.o_custkey = customer.c_custkey)","Plans": [{"Node Type": "Seq Scan","Parent Relationship": "Outer","Parallel Aware": false,"Async Capable": false,"Relation Name": "orders","Alias": "orders","Startup Cost": 0.00,"Total Cost": 44845.00,"Plan Rows": 1484848,"Plan Width": 8,"Actual Startup Time": 0.043,"Actual Total Time": 3085.028,"Actual Rows": 1483868,"Actual Loops": 1,"Filter": "((o_comment)::text !~~ '%unusual%deposits%'::text)","Rows Removed by Filter": 16132},{"Node Type": "Hash","Parent Relationship": "Inner","Parallel Aware": false,"Async Capable": false,"Startup Cost": 3906.42,"Total Cost": 3906.42,"Plan Rows": 150000,"Plan Width": 4,"Actual Startup Time": 35.508,"Actual Total Time": 35.530,"Actual Rows": 150000,"Actual Loops": 1,"Hash Buckets": 262144,"Original Hash Buckets": 262144,"Hash Batches": 1,"Original Hash Batches": 1,"Peak Memory Usage": 7322,"Plans": [{"Node Type": "Index Only Scan","Parent Relationship": "Outer","Parallel Aware": false,"Async Capable": false,"Scan Direction": "Forward","Index Name": "customer_pkey","Relation Name": "customer","Alias": "customer","Startup Cost": 0.42,"Total Cost": 3906.42,"Plan Rows": 150000,"Plan Width": 4,"Actual Startup Time": 0.053,"Actual Total Time": 13.448,"Actual Rows": 150000,"Actual Loops": 1,"Heap Fetches": 0}]}]}]}]}]},"Planning Time": 3.854,"Triggers": [],"Execution Time": 6671.834}]
[{"Plan": {"Node Type": "Sort","Parallel Aware": false,"Async Capable": false,"Startup Cost": 65592.61,"Total Cost": 65593.11,"Plan Rows": 200,"Plan Width": 16,"Actual Startup Time": 6042.914,"Actual Total Time": 6042.954,"Actual Rows": 42,"Actual Loops": 1,"Sort Key": ["(count(*)) DESC", "(count(orders.o_orderkey)) DESC"],"Sort Method": "quicksort","Sort Space Used": 27,"Sort Space Type": "Memory","Plans": [{"Node Type": "Aggregate","Strategy": "Hashed","Partial Mode": "Simple","Parent Relationship": "Outer","Parallel Aware": false,"Async Capable": false,"Startup Cost": 65582.97,"Total Cost": 65584.97,"Plan Rows": 200,"Plan Width": 16,"Actual Startup Time": 6042.802,"Actual Total Time": 6042.854,"Actual Rows": 42,"Actual Loops": 1,"Group Key": ["count(orders.o_orderkey)"],"Planned Partitions": 0,"HashAgg Batches": 1,"Peak Memory Usage": 40,"Disk Usage": 0,"Plans": [{"Node Type": "Aggregate","Strategy": "Hashed","Partial Mode": "Simple","Parent Relationship": "Outer","Parallel Aware": false,"Async Capable": false,"Startup Cost": 61832.97,"Total Cost": 63332.97,"Plan Rows": 150000,"Plan Width": 12,"Actual Startup Time": 5848.968,"Actual Total Time": 6029.049,"Actual Rows": 150000,"Actual Loops": 1,"Group Key": ["customer.c_custkey"],"Planned Partitions": 0,"HashAgg Batches": 1,"Peak Memory Usage": 22545,"Disk Usage": 0,"Plans": [{"Node Type": "Hash Join","Parent Relationship": "Outer","Parallel Aware": false,"Async Capable": false,"Join Type": "Right","Startup Cost": 5781.42,"Total Cost": 54484.49,"Plan Rows": 1469697,"Plan Width": 8,"Actual Startup Time": 38.540,"Actual Total Time": 4039.691,"Actual Rows": 1534055,"Actual Loops": 1,"Inner Unique": true,"Hash Cond": "(orders.o_custkey = customer.c_custkey)","Plans": [{"Node Type": "Seq Scan","Parent Relationship": "Outer","Parallel Aware": false,"Async Capable": false,"Relation Name": "orders","Alias": "orders","Startup Cost": 0.00,"Total Cost": 44845.00,"Plan Rows": 1469697,"Plan Width": 8,"Actual Startup Time": 0.061,"Actual Total Time": 2797.159,"Actual Rows": 1484051,"Actual Loops": 1,"Filter": "((o_comment)::text !~~ '%special%packages%'::text)","Rows Removed by Filter": 15949},{"Node Type": "Hash","Parent Relationship": "Inner","Parallel Aware": false,"Async Capable": false,"Startup Cost": 3906.42,"Total Cost": 3906.42,"Plan Rows": 150000,"Plan Width": 4,"Actual Startup Time": 36.593,"Actual Total Time": 36.607,"Actual Rows": 150000,"Actual Loops": 1,"Hash Buckets": 262144,"Original Hash Buckets": 262144,"Hash Batches": 1,"Original Hash Batches": 1,"Peak Memory Usage": 7322,"Plans": [{"Node Type": "Index Only Scan","Parent Relationship": "Outer","Parallel Aware": false,"Async Capable": false,"Scan Direction": "Forward","Index Name": "customer_pkey","Relation Name": "customer","Alias": "customer","Startup Cost": 0.42,"Total Cost": 3906.42,"Plan Rows": 150000,"Plan Width": 4,"Actual Startup Time": 0.050,"Actual Total Time": 14.573,"Actual Rows": 150000,"Actual Loops": 1,"Heap Fetches": 0}]}]}]}]}]},"Planning Time": 3.383,"Triggers": [],"Execution Time": 6052.793}]
[{"Plan": {"Node Type": "Sort","Parallel Aware": false,"Async Capable": false,"Startup Cost": 65708.14,"Total Cost": 65708.64,"Plan Rows": 200,"Plan Width": 16,"Actual Startup Time": 6706.121,"Actual Total Time": 6706.163,"Actual Rows": 42,"Actual Loops": 1,"Sort Key": ["(count(*)) DESC", "(count(orders.o_orderkey)) DESC"],"Sort Method": "quicksort","Sort Space Used": 27,"Sort Space Type": "Memory","Plans": [{"Node Type": "Aggregate","Strategy": "Hashed","Partial Mode": "Simple","Parent Relationship": "Outer","Parallel Aware": false,"Async Capable": false,"Startup Cost": 65698.50,"Total Cost": 65700.50,"Plan Rows": 200,"Plan Width": 16,"Actual Startup Time": 6706.048,"Actual Total Time": 6706.098,"Actual Rows": 42,"Actual Loops": 1,"Group Key": ["count(orders.o_orderkey)"],"Planned Partitions": 0,"HashAgg Batches": 1,"Peak Memory Usage": 40,"Disk Usage": 0,"Plans": [{"Node Type": "Aggregate","Strategy": "Hashed","Partial Mode": "Simple","Parent Relationship": "Outer","Parallel Aware": false,"Async Capable": false,"Startup Cost": 61948.50,"Total Cost": 63448.50,"Plan Rows": 150000,"Plan Width": 12,"Actual Startup Time": 6534.914,"Actual Total Time": 6692.300,"Actual Rows": 150000,"Actual Loops": 1,"Group Key": ["customer.c_custkey"],"Planned Partitions": 0,"HashAgg Batches": 1,"Peak Memory Usage": 22545,"Disk Usage": 0,"Plans": [{"Node Type": "Hash Join","Parent Relationship": "Outer","Parallel Aware": false,"Async Capable": false,"Join Type": "Right","Startup Cost": 5781.42,"Total Cost": 54524.26,"Plan Rows": 1484848,"Plan Width": 8,"Actual Startup Time": 35.450,"Actual Total Time": 4617.784,"Actual Rows": 1533791,"Actual Loops": 1,"Inner Unique": true,"Hash Cond": "(orders.o_custkey = customer.c_custkey)","Plans": [{"Node Type": "Seq Scan","Parent Relationship": "Outer","Parallel Aware": false,"Async Capable": false,"Relation Name": "orders","Alias": "orders","Startup Cost": 0.00,"Total Cost": 44845.00,"Plan Rows": 1484848,"Plan Width": 8,"Actual Startup Time": 0.045,"Actual Total Time": 3189.289,"Actual Rows": 1483787,"Actual Loops": 1,"Filter": "((o_comment)::text !~~ '%unusual%packages%'::text)","Rows Removed by Filter": 16213},{"Node Type": "Hash","Parent Relationship": "Inner","Parallel Aware": false,"Async Capable": false,"Startup Cost": 3906.42,"Total Cost": 3906.42,"Plan Rows": 150000,"Plan Width": 4,"Actual Startup Time": 33.722,"Actual Total Time": 33.741,"Actual Rows": 150000,"Actual Loops": 1,"Hash Buckets": 262144,"Original Hash Buckets": 262144,"Hash Batches": 1,"Original Hash Batches": 1,"Peak Memory Usage": 7322,"Plans": [{"Node Type": "Index Only Scan","Parent Relationship": "Outer","Parallel Aware": false,"Async Capable": false,"Scan Direction": "Forward","Index Name": "customer_pkey","Relation Name": "customer","Alias": "customer","Startup Cost": 0.42,"Total Cost": 3906.42,"Plan Rows": 150000,"Plan Width": 4,"Actual Startup Time": 0.040,"Actual Total Time": 13.017,"Actual Rows": 150000,"Actual Loops": 1,"Heap Fetches": 0}]}]}]}]}]},"Planning Time": 3.840,"Triggers": [],"Execution Time": 6714.032}]
[{"Plan": {"Node Type": "Sort","Parallel Aware": false,"Async Capable": false,"Startup Cost": 65822.53,"Total Cost": 65823.03,"Plan Rows": 200,"Plan Width": 16,"Actual Startup Time": 6101.280,"Actual Total Time": 6101.314,"Actual Rows": 42,"Actual Loops": 1,"Sort Key": ["(count(*)) DESC", "(count(orders.o_orderkey)) DESC"],"Sort Method": "quicksort","Sort Space Used": 27,"Sort Space Type": "Memory","Plans": [{"Node Type": "Aggregate","Strategy": "Hashed","Partial Mode": "Simple","Parent Relationship": "Outer","Parallel Aware": false,"Async Capable": false,"Startup Cost": 65812.89,"Total Cost": 65814.89,"Plan Rows": 200,"Plan Width": 16,"Actual Startup Time": 6101.184,"Actual Total Time": 6101.232,"Actual Rows": 42,"Actual Loops": 1,"Group Key": ["count(orders.o_orderkey)"],"Planned Partitions": 0,"HashAgg Batches": 1,"Peak Memory Usage": 40,"Disk Usage": 0,"Plans": [{"Node Type": "Aggregate","Strategy": "Hashed","Partial Mode": "Simple","Parent Relationship": "Outer","Parallel Aware": false,"Async Capable": false,"Startup Cost": 62062.89,"Total Cost": 63562.89,"Plan Rows": 150000,"Plan Width": 12,"Actual Startup Time": 5921.162,"Actual Total Time": 6087.400,"Actual Rows": 150000,"Actual Loops": 1,"Group Key": ["customer.c_custkey"],"Planned Partitions": 0,"HashAgg Batches": 1,"Peak Memory Usage": 22545,"Disk Usage": 0,"Plans": [{"Node Type": "Hash Join","Parent Relationship": "Outer","Parallel Aware": false,"Async Capable": false,"Join Type": "Right","Startup Cost": 5781.42,"Total Cost": 54563.64,"Plan Rows": 1499850,"Plan Width": 8,"Actual Startup Time": 39.228,"Actual Total Time": 4074.723,"Actual Rows": 1533808,"Actual Loops": 1,"Inner Unique": true,"Hash Cond": "(orders.o_custkey = customer.c_custkey)","Plans": [{"Node Type": "Seq Scan","Parent Relationship": "Outer","Parallel Aware": false,"Async Capable": false,"Relation Name": "orders","Alias": "orders","Startup Cost": 0.00,"Total Cost": 44845.00,"Plan Rows": 1499850,"Plan Width": 8,"Actual Startup Time": 0.056,"Actual Total Time": 2834.984,"Actual Rows": 1483804,"Actual Loops": 1,"Filter": "((o_comment)::text !~~ '%special%deposits%'::text)","Rows Removed by Filter": 16196},{"Node Type": "Hash","Parent Relationship": "Inner","Parallel Aware": false,"Async Capable": false,"Startup Cost": 3906.42,"Total Cost": 3906.42,"Plan Rows": 150000,"Plan Width": 4,"Actual Startup Time": 37.438,"Actual Total Time": 37.451,"Actual Rows": 150000,"Actual Loops": 1,"Hash Buckets": 262144,"Original Hash Buckets": 262144,"Hash Batches": 1,"Original Hash Batches": 1,"Peak Memory Usage": 7322,"Plans": [{"Node Type": "Index Only Scan","Parent Relationship": "Outer","Parallel Aware": false,"Async Capable": false,"Scan Direction": "Forward","Index Name": "customer_pkey","Relation Name": "customer","Alias": "customer","Startup Cost": 0.42,"Total Cost": 3906.42,"Plan Rows": 150000,"Plan Width": 4,"Actual Startup Time": 0.049,"Actual Total Time": 14.639,"Actual Rows": 150000,"Actual Loops": 1,"Heap Fetches": 0}]}]}]}]}]},"Planning Time": 3.971,"Triggers": [],"Execution Time": 6110.955}]
[{"Plan": {"Node Type": "Sort","Parallel Aware": false,"Async Capable": false,"Startup Cost": 65592.61,"Total Cost": 65593.11,"Plan Rows": 200,"Plan Width": 16,"Actual Startup Time": 6042.914,"Actual Total Time": 6042.954,"Actual Rows": 42,"Actual Loops": 1,"Sort Key": ["(count(*)) DESC", "(count(orders.o_orderkey)) DESC"],"Sort Method": "quicksort","Sort Space Used": 27,"Sort Space Type": "Memory","Plans": [{"Node Type": "Aggregate","Strategy": "Hashed","Partial Mode": "Simple","Parent Relationship": "Outer","Parallel Aware": false,"Async Capable": false,"Startup Cost": 65582.97,"Total Cost": 65584.97,"Plan Rows": 200,"Plan Width": 16,"Actual Startup Time": 6042.802,"Actual Total Time": 6042.854,"Actual Rows": 42,"Actual Loops": 1,"Group Key": ["count(orders.o_orderkey)"],"Planned Partitions": 0,"HashAgg Batches": 1,"Peak Memory Usage": 40,"Disk Usage": 0,"Plans": [{"Node Type": "Aggregate","Strategy": "Hashed","Partial Mode": "Simple","Parent Relationship": "Outer","Parallel Aware": false,"Async Capable": false,"Startup Cost": 61832.97,"Total Cost": 63332.97,"Plan Rows": 150000,"Plan Width": 12,"Actual Startup Time": 5848.968,"Actual Total Time": 6029.049,"Actual Rows": 150000,"Actual Loops": 1,"Group Key": ["customer.c_custkey"],"Planned Partitions": 0,"HashAgg Batches": 1,"Peak Memory Usage": 22545,"Disk Usage": 0,"Plans": [{"Node Type": "Hash Join","Parent Relationship": "Outer","Parallel Aware": false,"Async Capable": false,"Join Type": "Right","Startup Cost": 5781.42,"Total Cost": 54484.49,"Plan Rows": 1469697,"Plan Width": 8,"Actual Startup Time": 38.540,"Actual Total Time": 4039.691,"Actual Rows": 1534055,"Actual Loops": 1,"Inner Unique": true,"Hash Cond": "(orders.o_custkey = customer.c_custkey)","Plans": [{"Node Type": "Seq Scan","Parent Relationship": "Outer","Parallel Aware": false,"Async Capable": false,"Relation Name": "orders","Alias": "orders","Startup Cost": 0.00,"Total Cost": 44845.00,"Plan Rows": 1469697,"Plan Width": 8,"Actual Startup Time": 0.061,"Actual Total Time": 2797.159,"Actual Rows": 1484051,"Actual Loops": 1,"Filter": "((o_comment)::text !~~ '%special%packages%'::text)","Rows Removed by Filter": 15949},{"Node Type": "Hash","Parent Relationship": "Inner","Parallel Aware": false,"Async Capable": false,"Startup Cost": 3906.42,"Total Cost": 3906.42,"Plan Rows": 150000,"Plan Width": 4,"Actual Startup Time": 36.593,"Actual Total Time": 36.607,"Actual Rows": 150000,"Actual Loops": 1,"Hash Buckets": 262144,"Original Hash Buckets": 262144,"Hash Batches": 1,"Original Hash Batches": 1,"Peak Memory Usage": 7322,"Plans": [{"Node Type": "Index Only Scan","Parent Relationship": "Outer","Parallel Aware": false,"Async Capable": false,"Scan Direction": "Forward","Index Name": "customer_pkey","Relation Name": "customer","Alias": "customer","Startup Cost": 0.42,"Total Cost": 3906.42,"Plan Rows": 150000,"Plan Width": 4,"Actual Startup Time": 0.050,"Actual Total Time": 14.573,"Actual Rows": 150000,"Actual Loops": 1,"Heap Fetches": 0}]}]}]}]}]},"Planning Time": 3.383,"Triggers": [],"Execution Time": 6052.793}]
[{"Plan": {"Node Type": "Sort","Parallel Aware": false,"Async Capable": false,"Startup Cost": 65708.14,"Total Cost": 65708.64,"Plan Rows": 200,"Plan Width": 16,"Actual Startup Time": 6096.152,"Actual Total Time": 6096.183,"Actual Rows": 42,"Actual Loops": 1,"Sort Key": ["(count(*)) DESC", "(count(orders.o_orderkey)) DESC"],"Sort Method": "quicksort","Sort Space Used": 27,"Sort Space Type": "Memory","Plans": [{"Node Type": "Aggregate","Strategy": "Hashed","Partial Mode": "Simple","Parent Relationship": "Outer","Parallel Aware": false,"Async Capable": false,"Startup Cost": 65698.50,"Total Cost": 65700.50,"Plan Rows": 200,"Plan Width": 16,"Actual Startup Time": 6096.055,"Actual Total Time": 6096.099,"Actual Rows": 42,"Actual Loops": 1,"Group Key": ["count(orders.o_orderkey)"],"Planned Partitions": 0,"HashAgg Batches": 1,"Peak Memory Usage": 40,"Disk Usage": 0,"Plans": [{"Node Type": "Aggregate","Strategy": "Hashed","Partial Mode": "Simple","Parent Relationship": "Outer","Parallel Aware": false,"Async Capable": false,"Startup Cost": 61948.50,"Total Cost": 63448.50,"Plan Rows": 150000,"Plan Width": 12,"Actual Startup Time": 5916.888,"Actual Total Time": 6082.285,"Actual Rows": 150000,"Actual Loops": 1,"Group Key": ["customer.c_custkey"],"Planned Partitions": 0,"HashAgg Batches": 1,"Peak Memory Usage": 22545,"Disk Usage": 0,"Plans": [{"Node Type": "Hash Join","Parent Relationship": "Outer","Parallel Aware": false,"Async Capable": false,"Join Type": "Right","Startup Cost": 5781.42,"Total Cost": 54524.26,"Plan Rows": 1484848,"Plan Width": 8,"Actual Startup Time": 39.799,"Actual Total Time": 4085.231,"Actual Rows": 1533660,"Actual Loops": 1,"Inner Unique": true,"Hash Cond": "(orders.o_custkey = customer.c_custkey)","Plans": [{"Node Type": "Seq Scan","Parent Relationship": "Outer","Parallel Aware": false,"Async Capable": false,"Relation Name": "orders","Alias": "orders","Startup Cost": 0.00,"Total Cost": 44845.00,"Plan Rows": 1484848,"Plan Width": 8,"Actual Startup Time": 0.053,"Actual Total Time": 2810.059,"Actual Rows": 1483656,"Actual Loops": 1,"Filter": "((o_comment)::text !~~ '%pending%requests%'::text)","Rows Removed by Filter": 16344},{"Node Type": "Hash","Parent Relationship": "Inner","Parallel Aware": false,"Async Capable": false,"Startup Cost": 3906.42,"Total Cost": 3906.42,"Plan Rows": 150000,"Plan Width": 4,"Actual Startup Time": 37.918,"Actual Total Time": 37.930,"Actual Rows": 150000,"Actual Loops": 1,"Hash Buckets": 262144,"Original Hash Buckets": 262144,"Hash Batches": 1,"Original Hash Batches": 1,"Peak Memory Usage": 7322,"Plans": [{"Node Type": "Index Only Scan","Parent Relationship": "Outer","Parallel Aware": false,"Async Capable": false,"Scan Direction": "Forward","Index Name": "customer_pkey","Relation Name": "customer","Alias": "customer","Startup Cost": 0.42,"Total Cost": 3906.42,"Plan Rows": 150000,"Plan Width": 4,"Actual Startup Time": 0.035,"Actual Total Time": 14.493,"Actual Rows": 150000,"Actual Loops": 1,"Heap Fetches": 0}]}]}]}]}]},"Planning Time": 4.221,"Triggers": [],"Execution Time": 6104.310}]
[{"Plan": {"Node Type": "Sort","Parallel Aware": false,"Async Capable": false,"Startup Cost": 65822.53,"Total Cost": 65823.03,"Plan Rows": 200,"Plan Width": 16,"Actual Startup Time": 5956.637,"Actual Total Time": 5956.675,"Actual Rows": 42,"Actual Loops": 1,"Sort Key": ["(count(*)) DESC", "(count(orders.o_orderkey)) DESC"],"Sort Method": "quicksort","Sort Space Used": 27,"Sort Space Type": "Memory","Plans": [{"Node Type": "Aggregate","Strategy": "Hashed","Partial Mode": "Simple","Parent Relationship": "Outer","Parallel Aware": false,"Async Capable": false,"Startup Cost": 65812.89,"Total Cost": 65814.89,"Plan Rows": 200,"Plan Width": 16,"Actual Startup Time": 5956.548,"Actual Total Time": 5956.590,"Actual Rows": 42,"Actual Loops": 1,"Group Key": ["count(orders.o_orderkey)"],"Planned Partitions": 0,"HashAgg Batches": 1,"Peak Memory Usage": 40,"Disk Usage": 0,"Plans": [{"Node Type": "Aggregate","Strategy": "Hashed","Partial Mode": "Simple","Parent Relationship": "Outer","Parallel Aware": false,"Async Capable": false,"Startup Cost": 62062.89,"Total Cost": 63562.89,"Plan Rows": 150000,"Plan Width": 12,"Actual Startup Time": 5763.184,"Actual Total Time": 5942.838,"Actual Rows": 150000,"Actual Loops": 1,"Group Key": ["customer.c_custkey"],"Planned Partitions": 0,"HashAgg Batches": 1,"Peak Memory Usage": 22545,"Disk Usage": 0,"Plans": [{"Node Type": "Hash Join","Parent Relationship": "Outer","Parallel Aware": false,"Async Capable": false,"Join Type": "Right","Startup Cost": 5781.42,"Total Cost": 54563.64,"Plan Rows": 1499850,"Plan Width": 8,"Actual Startup Time": 38.566,"Actual Total Time": 3955.732,"Actual Rows": 1533620,"Actual Loops": 1,"Inner Unique": true,"Hash Cond": "(orders.o_custkey = customer.c_custkey)","Plans": [{"Node Type": "Seq Scan","Parent Relationship": "Outer","Parallel Aware": false,"Async Capable": false,"Relation Name": "orders","Alias": "orders","Startup Cost": 0.00,"Total Cost": 44845.00,"Plan Rows": 1499850,"Plan Width": 8,"Actual Startup Time": 0.052,"Actual Total Time": 2713.562,"Actual Rows": 1483615,"Actual Loops": 1,"Filter": "((o_comment)::text !~~ '%pending%accounts%'::text)","Rows Removed by Filter": 16385},{"Node Type": "Hash","Parent Relationship": "Inner","Parallel Aware": false,"Async Capable": false,"Startup Cost": 3906.42,"Total Cost": 3906.42,"Plan Rows": 150000,"Plan Width": 4,"Actual Startup Time": 36.530,"Actual Total Time": 36.543,"Actual Rows": 150000,"Actual Loops": 1,"Hash Buckets": 262144,"Original Hash Buckets": 262144,"Hash Batches": 1,"Original Hash Batches": 1,"Peak Memory Usage": 7322,"Plans": [{"Node Type": "Index Only Scan","Parent Relationship": "Outer","Parallel Aware": false,"Async Capable": false,"Scan Direction": "Forward","Index Name": "customer_pkey","Relation Name": "customer","Alias": "customer","Startup Cost": 0.42,"Total Cost": 3906.42,"Plan Rows": 150000,"Plan Width": 4,"Actual Startup Time": 0.036,"Actual Total Time": 14.278,"Actual Rows": 150000,"Actual Loops": 1,"Heap Fetches": 0}]}]}]}]}]},"Planning Time": 3.568,"Triggers": [],"Execution Time": 5966.474}]
[{"Plan": {"Node Type": "Sort","Parallel Aware": false,"Async Capable": false,"Startup Cost": 65592.61,"Total Cost": 65593.11,"Plan Rows": 200,"Plan Width": 16,"Actual Startup Time": 6042.914,"Actual Total Time": 6042.954,"Actual Rows": 42,"Actual Loops": 1,"Sort Key": ["(count(*)) DESC", "(count(orders.o_orderkey)) DESC"],"Sort Method": "quicksort","Sort Space Used": 27,"Sort Space Type": "Memory","Plans": [{"Node Type": "Aggregate","Strategy": "Hashed","Partial Mode": "Simple","Parent Relationship": "Outer","Parallel Aware": false,"Async Capable": false,"Startup Cost": 65582.97,"Total Cost": 65584.97,"Plan Rows": 200,"Plan Width": 16,"Actual Startup Time": 6042.802,"Actual Total Time": 6042.854,"Actual Rows": 42,"Actual Loops": 1,"Group Key": ["count(orders.o_orderkey)"],"Planned Partitions": 0,"HashAgg Batches": 1,"Peak Memory Usage": 40,"Disk Usage": 0,"Plans": [{"Node Type": "Aggregate","Strategy": "Hashed","Partial Mode": "Simple","Parent Relationship": "Outer","Parallel Aware": false,"Async Capable": false,"Startup Cost": 61832.97,"Total Cost": 63332.97,"Plan Rows": 150000,"Plan Width": 12,"Actual Startup Time": 5848.968,"Actual Total Time": 6029.049,"Actual Rows": 150000,"Actual Loops": 1,"Group Key": ["customer.c_custkey"],"Planned Partitions": 0,"HashAgg Batches": 1,"Peak Memory Usage": 22545,"Disk Usage": 0,"Plans": [{"Node Type": "Hash Join","Parent Relationship": "Outer","Parallel Aware": false,"Async Capable": false,"Join Type": "Right","Startup Cost": 5781.42,"Total Cost": 54484.49,"Plan Rows": 1469697,"Plan Width": 8,"Actual Startup Time": 38.540,"Actual Total Time": 4039.691,"Actual Rows": 1534055,"Actual Loops": 1,"Inner Unique": true,"Hash Cond": "(orders.o_custkey = customer.c_custkey)","Plans": [{"Node Type": "Seq Scan","Parent Relationship": "Outer","Parallel Aware": false,"Async Capable": false,"Relation Name": "orders","Alias": "orders","Startup Cost": 0.00,"Total Cost": 44845.00,"Plan Rows": 1469697,"Plan Width": 8,"Actual Startup Time": 0.061,"Actual Total Time": 2797.159,"Actual Rows": 1484051,"Actual Loops": 1,"Filter": "((o_comment)::text !~~ '%special%packages%'::text)","Rows Removed by Filter": 15949},{"Node Type": "Hash","Parent Relationship": "Inner","Parallel Aware": false,"Async Capable": false,"Startup Cost": 3906.42,"Total Cost": 3906.42,"Plan Rows": 150000,"Plan Width": 4,"Actual Startup Time": 36.593,"Actual Total Time": 36.607,"Actual Rows": 150000,"Actual Loops": 1,"Hash Buckets": 262144,"Original Hash Buckets": 262144,"Hash Batches": 1,"Original Hash Batches": 1,"Peak Memory Usage": 7322,"Plans": [{"Node Type": "Index Only Scan","Parent Relationship": "Outer","Parallel Aware": false,"Async Capable": false,"Scan Direction": "Forward","Index Name": "customer_pkey","Relation Name": "customer","Alias": "customer","Startup Cost": 0.42,"Total Cost": 3906.42,"Plan Rows": 150000,"Plan Width": 4,"Actual Startup Time": 0.050,"Actual Total Time": 14.573,"Actual Rows": 150000,"Actual Loops": 1,"Heap Fetches": 0}]}]}]}]}]},"Planning Time": 3.383,"Triggers": [],"Execution Time": 6052.793}]
[{"Plan": {"Node Type": "Sort","Parallel Aware": false,"Async Capable": false,"Startup Cost": 65822.53,"Total Cost": 65823.03,"Plan Rows": 200,"Plan Width": 16,"Actual Startup Time": 5956.637,"Actual Total Time": 5956.675,"Actual Rows": 42,"Actual Loops": 1,"Sort Key": ["(count(*)) DESC", "(count(orders.o_orderkey)) DESC"],"Sort Method": "quicksort","Sort Space Used": 27,"Sort Space Type": "Memory","Plans": [{"Node Type": "Aggregate","Strategy": "Hashed","Partial Mode": "Simple","Parent Relationship": "Outer","Parallel Aware": false,"Async Capable": false,"Startup Cost": 65812.89,"Total Cost": 65814.89,"Plan Rows": 200,"Plan Width": 16,"Actual Startup Time": 5956.548,"Actual Total Time": 5956.590,"Actual Rows": 42,"Actual Loops": 1,"Group Key": ["count(orders.o_orderkey)"],"Planned Partitions": 0,"HashAgg Batches": 1,"Peak Memory Usage": 40,"Disk Usage": 0,"Plans": [{"Node Type": "Aggregate","Strategy": "Hashed","Partial Mode": "Simple","Parent Relationship": "Outer","Parallel Aware": false,"Async Capable": false,"Startup Cost": 62062.89,"Total Cost": 63562.89,"Plan Rows": 150000,"Plan Width": 12,"Actual Startup Time": 5763.184,"Actual Total Time": 5942.838,"Actual Rows": 150000,"Actual Loops": 1,"Group Key": ["customer.c_custkey"],"Planned Partitions": 0,"HashAgg Batches": 1,"Peak Memory Usage": 22545,"Disk Usage": 0,"Plans": [{"Node Type": "Hash Join","Parent Relationship": "Outer","Parallel Aware": false,"Async Capable": false,"Join Type": "Right","Startup Cost": 5781.42,"Total Cost": 54563.64,"Plan Rows": 1499850,"Plan Width": 8,"Actual Startup Time": 38.566,"Actual Total Time": 3955.732,"Actual Rows": 1533620,"Actual Loops": 1,"Inner Unique": true,"Hash Cond": "(orders.o_custkey = customer.c_custkey)","Plans": [{"Node Type": "Seq Scan","Parent Relationship": "Outer","Parallel Aware": false,"Async Capable": false,"Relation Name": "orders","Alias": "orders","Startup Cost": 0.00,"Total Cost": 44845.00,"Plan Rows": 1499850,"Plan Width": 8,"Actual Startup Time": 0.052,"Actual Total Time": 2713.562,"Actual Rows": 1483615,"Actual Loops": 1,"Filter": "((o_comment)::text !~~ '%pending%accounts%'::text)","Rows Removed by Filter": 16385},{"Node Type": "Hash","Parent Relationship": "Inner","Parallel Aware": false,"Async Capable": false,"Startup Cost": 3906.42,"Total Cost": 3906.42,"Plan Rows": 150000,"Plan Width": 4,"Actual Startup Time": 36.530,"Actual Total Time": 36.543,"Actual Rows": 150000,"Actual Loops": 1,"Hash Buckets": 262144,"Original Hash Buckets": 262144,"Hash Batches": 1,"Original Hash Batches": 1,"Peak Memory Usage": 7322,"Plans": [{"Node Type": "Index Only Scan","Parent Relationship": "Outer","Parallel Aware": false,"Async Capable": false,"Scan Direction": "Forward","Index Name": "customer_pkey","Relation Name": "customer","Alias": "customer","Startup Cost": 0.42,"Total Cost": 3906.42,"Plan Rows": 150000,"Plan Width": 4,"Actual Startup Time": 0.036,"Actual Total Time": 14.278,"Actual Rows": 150000,"Actual Loops": 1,"Heap Fetches": 0}]}]}]}]}]},"Planning Time": 3.568,"Triggers": [],"Execution Time": 5966.474}]
[{"Plan": {"Node Type": "Sort","Parallel Aware": false,"Async Capable": false,"Startup Cost": 65822.53,"Total Cost": 65823.03,"Plan Rows": 200,"Plan Width": 16,"Actual Startup Time": 6789.356,"Actual Total Time": 6789.385,"Actual Rows": 42,"Actual Loops": 1,"Sort Key": ["(count(*)) DESC", "(count(orders.o_orderkey)) DESC"],"Sort Method": "quicksort","Sort Space Used": 27,"Sort Space Type": "Memory","Plans": [{"Node Type": "Aggregate","Strategy": "Hashed","Partial Mode": "Simple","Parent Relationship": "Outer","Parallel Aware": false,"Async Capable": false,"Startup Cost": 65812.89,"Total Cost": 65814.89,"Plan Rows": 200,"Plan Width": 16,"Actual Startup Time": 6789.265,"Actual Total Time": 6789.304,"Actual Rows": 42,"Actual Loops": 1,"Group Key": ["count(orders.o_orderkey)"],"Planned Partitions": 0,"HashAgg Batches": 1,"Peak Memory Usage": 40,"Disk Usage": 0,"Plans": [{"Node Type": "Aggregate","Strategy": "Hashed","Partial Mode": "Simple","Parent Relationship": "Outer","Parallel Aware": false,"Async Capable": false,"Startup Cost": 62062.89,"Total Cost": 63562.89,"Plan Rows": 150000,"Plan Width": 12,"Actual Startup Time": 6597.323,"Actual Total Time": 6775.519,"Actual Rows": 150000,"Actual Loops": 1,"Group Key": ["customer.c_custkey"],"Planned Partitions": 0,"HashAgg Batches": 1,"Peak Memory Usage": 22545,"Disk Usage": 0,"Plans": [{"Node Type": "Hash Join","Parent Relationship": "Outer","Parallel Aware": false,"Async Capable": false,"Join Type": "Right","Startup Cost": 5781.42,"Total Cost": 54563.64,"Plan Rows": 1499850,"Plan Width": 8,"Actual Startup Time": 45.919,"Actual Total Time": 4674.391,"Actual Rows": 1534025,"Actual Loops": 1,"Inner Unique": true,"Hash Cond": "(orders.o_custkey = customer.c_custkey)","Plans": [{"Node Type": "Seq Scan","Parent Relationship": "Outer","Parallel Aware": false,"Async Capable": false,"Relation Name": "orders","Alias": "orders","Startup Cost": 0.00,"Total Cost": 44845.00,"Plan Rows": 1499850,"Plan Width": 8,"Actual Startup Time": 0.049,"Actual Total Time": 3245.830,"Actual Rows": 1484020,"Actual Loops": 1,"Filter": "((o_comment)::text !~~ '%express%deposits%'::text)","Rows Removed by Filter": 15980},{"Node Type": "Hash","Parent Relationship": "Inner","Parallel Aware": false,"Async Capable": false,"Startup Cost": 3906.42,"Total Cost": 3906.42,"Plan Rows": 150000,"Plan Width": 4,"Actual Startup Time": 44.047,"Actual Total Time": 44.059,"Actual Rows": 150000,"Actual Loops": 1,"Hash Buckets": 262144,"Original Hash Buckets": 262144,"Hash Batches": 1,"Original Hash Batches": 1,"Peak Memory Usage": 7322,"Plans": [{"Node Type": "Index Only Scan","Parent Relationship": "Outer","Parallel Aware": false,"Async Capable": false,"Scan Direction": "Forward","Index Name": "customer_pkey","Relation Name": "customer","Alias": "customer","Startup Cost": 0.42,"Total Cost": 3906.42,"Plan Rows": 150000,"Plan Width": 4,"Actual Startup Time": 0.049,"Actual Total Time": 21.219,"Actual Rows": 150000,"Actual Loops": 1,"Heap Fetches": 0}]}]}]}]}]},"Planning Time": 4.349,"Triggers": [],"Execution Time": 6798.388}]
[{"Plan": {"Node Type": "Sort","Parallel Aware": false,"Async Capable": false,"Startup Cost": 65822.53,"Total Cost": 65823.03,"Plan Rows": 200,"Plan Width": 16,"Actual Startup Time": 6650.964,"Actual Total Time": 6651.000,"Actual Rows": 42,"Actual Loops": 1,"Sort Key": ["(count(*)) DESC", "(count(orders.o_orderkey)) DESC"],"Sort Method": "quicksort","Sort Space Used": 27,"Sort Space Type": "Memory","Plans": [{"Node Type": "Aggregate","Strategy": "Hashed","Partial Mode": "Simple","Parent Relationship": "Outer","Parallel Aware": false,"Async Capable": false,"Startup Cost": 65812.89,"Total Cost": 65814.89,"Plan Rows": 200,"Plan Width": 16,"Actual Startup Time": 6650.893,"Actual Total Time": 6650.940,"Actual Rows": 42,"Actual Loops": 1,"Group Key": ["count(orders.o_orderkey)"],"Planned Partitions": 0,"HashAgg Batches": 1,"Peak Memory Usage": 40,"Disk Usage": 0,"Plans": [{"Node Type": "Aggregate","Strategy": "Hashed","Partial Mode": "Simple","Parent Relationship": "Outer","Parallel Aware": false,"Async Capable": false,"Startup Cost": 62062.89,"Total Cost": 63562.89,"Plan Rows": 150000,"Plan Width": 12,"Actual Startup Time": 6477.408,"Actual Total Time": 6637.150,"Actual Rows": 150000,"Actual Loops": 1,"Group Key": ["customer.c_custkey"],"Planned Partitions": 0,"HashAgg Batches": 1,"Peak Memory Usage": 22545,"Disk Usage": 0,"Plans": [{"Node Type": "Hash Join","Parent Relationship": "Outer","Parallel Aware": false,"Async Capable": false,"Join Type": "Right","Startup Cost": 5781.42,"Total Cost": 54563.64,"Plan Rows": 1499850,"Plan Width": 8,"Actual Startup Time": 36.551,"Actual Total Time": 4552.506,"Actual Rows": 1533843,"Actual Loops": 1,"Inner Unique": true,"Hash Cond": "(orders.o_custkey = customer.c_custkey)","Plans": [{"Node Type": "Seq Scan","Parent Relationship": "Outer","Parallel Aware": false,"Async Capable": false,"Relation Name": "orders","Alias": "orders","Startup Cost": 0.00,"Total Cost": 44845.00,"Plan Rows": 1499850,"Plan Width": 8,"Actual Startup Time": 0.044,"Actual Total Time": 3147.620,"Actual Rows": 1483839,"Actual Loops": 1,"Filter": "((o_comment)::text !~~ '%pending%deposits%'::text)","Rows Removed by Filter": 16161},{"Node Type": "Hash","Parent Relationship": "Inner","Parallel Aware": false,"Async Capable": false,"Startup Cost": 3906.42,"Total Cost": 3906.42,"Plan Rows": 150000,"Plan Width": 4,"Actual Startup Time": 34.769,"Actual Total Time": 34.783,"Actual Rows": 150000,"Actual Loops": 1,"Hash Buckets": 262144,"Original Hash Buckets": 262144,"Hash Batches": 1,"Original Hash Batches": 1,"Peak Memory Usage": 7322,"Plans": [{"Node Type": "Index Only Scan","Parent Relationship": "Outer","Parallel Aware": false,"Async Capable": false,"Scan Direction": "Forward","Index Name": "customer_pkey","Relation Name": "customer","Alias": "customer","Startup Cost": 0.42,"Total Cost": 3906.42,"Plan Rows": 150000,"Plan Width": 4,"Actual Startup Time": 0.065,"Actual Total Time": 13.424,"Actual Rows": 150000,"Actual Loops": 1,"Heap Fetches": 0}]}]}]}]}]},"Planning Time": 3.594,"Triggers": [],"Execution Time": 6658.782}]
[{"Plan": {"Node Type": "Sort","Parallel Aware": false,"Async Capable": false,"Startup Cost": 65822.53,"Total Cost": 65823.03,"Plan Rows": 200,"Plan Width": 16,"Actual Startup Time": 5956.637,"Actual Total Time": 5956.675,"Actual Rows": 42,"Actual Loops": 1,"Sort Key": ["(count(*)) DESC", "(count(orders.o_orderkey)) DESC"],"Sort Method": "quicksort","Sort Space Used": 27,"Sort Space Type": "Memory","Plans": [{"Node Type": "Aggregate","Strategy": "Hashed","Partial Mode": "Simple","Parent Relationship": "Outer","Parallel Aware": false,"Async Capable": false,"Startup Cost": 65812.89,"Total Cost": 65814.89,"Plan Rows": 200,"Plan Width": 16,"Actual Startup Time": 5956.548,"Actual Total Time": 5956.590,"Actual Rows": 42,"Actual Loops": 1,"Group Key": ["count(orders.o_orderkey)"],"Planned Partitions": 0,"HashAgg Batches": 1,"Peak Memory Usage": 40,"Disk Usage": 0,"Plans": [{"Node Type": "Aggregate","Strategy": "Hashed","Partial Mode": "Simple","Parent Relationship": "Outer","Parallel Aware": false,"Async Capable": false,"Startup Cost": 62062.89,"Total Cost": 63562.89,"Plan Rows": 150000,"Plan Width": 12,"Actual Startup Time": 5763.184,"Actual Total Time": 5942.838,"Actual Rows": 150000,"Actual Loops": 1,"Group Key": ["customer.c_custkey"],"Planned Partitions": 0,"HashAgg Batches": 1,"Peak Memory Usage": 22545,"Disk Usage": 0,"Plans": [{"Node Type": "Hash Join","Parent Relationship": "Outer","Parallel Aware": false,"Async Capable": false,"Join Type": "Right","Startup Cost": 5781.42,"Total Cost": 54563.64,"Plan Rows": 1499850,"Plan Width": 8,"Actual Startup Time": 38.566,"Actual Total Time": 3955.732,"Actual Rows": 1533620,"Actual Loops": 1,"Inner Unique": true,"Hash Cond": "(orders.o_custkey = customer.c_custkey)","Plans": [{"Node Type": "Seq Scan","Parent Relationship": "Outer","Parallel Aware": false,"Async Capable": false,"Relation Name": "orders","Alias": "orders","Startup Cost": 0.00,"Total Cost": 44845.00,"Plan Rows": 1499850,"Plan Width": 8,"Actual Startup Time": 0.052,"Actual Total Time": 2713.562,"Actual Rows": 1483615,"Actual Loops": 1,"Filter": "((o_comment)::text !~~ '%pending%accounts%'::text)","Rows Removed by Filter": 16385},{"Node Type": "Hash","Parent Relationship": "Inner","Parallel Aware": false,"Async Capable": false,"Startup Cost": 3906.42,"Total Cost": 3906.42,"Plan Rows": 150000,"Plan Width": 4,"Actual Startup Time": 36.530,"Actual Total Time": 36.543,"Actual Rows": 150000,"Actual Loops": 1,"Hash Buckets": 262144,"Original Hash Buckets": 262144,"Hash Batches": 1,"Original Hash Batches": 1,"Peak Memory Usage": 7322,"Plans": [{"Node Type": "Index Only Scan","Parent Relationship": "Outer","Parallel Aware": false,"Async Capable": false,"Scan Direction": "Forward","Index Name": "customer_pkey","Relation Name": "customer","Alias": "customer","Startup Cost": 0.42,"Total Cost": 3906.42,"Plan Rows": 150000,"Plan Width": 4,"Actual Startup Time": 0.036,"Actual Total Time": 14.278,"Actual Rows": 150000,"Actual Loops": 1,"Heap Fetches": 0}]}]}]}]}]},"Planning Time": 3.568,"Triggers": [],"Execution Time": 5966.474}]
[{"Plan": {"Node Type": "Sort","Parallel Aware": false,"Async Capable": false,"Startup Cost": 65592.61,"Total Cost": 65593.11,"Plan Rows": 200,"Plan Width": 16,"Actual Startup Time": 6108.888,"Actual Total Time": 6108.932,"Actual Rows": 42,"Actual Loops": 1,"Sort Key": ["(count(*)) DESC", "(count(orders.o_orderkey)) DESC"],"Sort Method": "quicksort","Sort Space Used": 27,"Sort Space Type": "Memory","Plans": [{"Node Type": "Aggregate","Strategy": "Hashed","Partial Mode": "Simple","Parent Relationship": "Outer","Parallel Aware": false,"Async Capable": false,"Startup Cost": 65582.97,"Total Cost": 65584.97,"Plan Rows": 200,"Plan Width": 16,"Actual Startup Time": 6108.797,"Actual Total Time": 6108.848,"Actual Rows": 42,"Actual Loops": 1,"Group Key": ["count(orders.o_orderkey)"],"Planned Partitions": 0,"HashAgg Batches": 1,"Peak Memory Usage": 40,"Disk Usage": 0,"Plans": [{"Node Type": "Aggregate","Strategy": "Hashed","Partial Mode": "Simple","Parent Relationship": "Outer","Parallel Aware": false,"Async Capable": false,"Startup Cost": 61832.97,"Total Cost": 63332.97,"Plan Rows": 150000,"Plan Width": 12,"Actual Startup Time": 5916.041,"Actual Total Time": 6095.043,"Actual Rows": 150000,"Actual Loops": 1,"Group Key": ["customer.c_custkey"],"Planned Partitions": 0,"HashAgg Batches": 1,"Peak Memory Usage": 22545,"Disk Usage": 0,"Plans": [{"Node Type": "Hash Join","Parent Relationship": "Outer","Parallel Aware": false,"Async Capable": false,"Join Type": "Right","Startup Cost": 5781.42,"Total Cost": 54484.49,"Plan Rows": 1469697,"Plan Width": 8,"Actual Startup Time": 39.068,"Actual Total Time": 4097.616,"Actual Rows": 1534019,"Actual Loops": 1,"Inner Unique": true,"Hash Cond": "(orders.o_custkey = customer.c_custkey)","Plans": [{"Node Type": "Seq Scan","Parent Relationship": "Outer","Parallel Aware": false,"Async Capable": false,"Relation Name": "orders","Alias": "orders","Startup Cost": 0.00,"Total Cost": 44845.00,"Plan Rows": 1469697,"Plan Width": 8,"Actual Startup Time": 0.051,"Actual Total Time": 2823.952,"Actual Rows": 1484015,"Actual Loops": 1,"Filter": "((o_comment)::text !~~ '%express%accounts%'::text)","Rows Removed by Filter": 15985},{"Node Type": "Hash","Parent Relationship": "Inner","Parallel Aware": false,"Async Capable": false,"Startup Cost": 3906.42,"Total Cost": 3906.42,"Plan Rows": 150000,"Plan Width": 4,"Actual Startup Time": 37.191,"Actual Total Time": 37.207,"Actual Rows": 150000,"Actual Loops": 1,"Hash Buckets": 262144,"Original Hash Buckets": 262144,"Hash Batches": 1,"Original Hash Batches": 1,"Peak Memory Usage": 7322,"Plans": [{"Node Type": "Index Only Scan","Parent Relationship": "Outer","Parallel Aware": false,"Async Capable": false,"Scan Direction": "Forward","Index Name": "customer_pkey","Relation Name": "customer","Alias": "customer","Startup Cost": 0.42,"Total Cost": 3906.42,"Plan Rows": 150000,"Plan Width": 4,"Actual Startup Time": 0.038,"Actual Total Time": 14.188,"Actual Rows": 150000,"Actual Loops": 1,"Heap Fetches": 0}]}]}]}]}]},"Planning Time": 3.814,"Triggers": [],"Execution Time": 6118.531}]
[{"Plan": {"Node Type": "Sort","Parallel Aware": false,"Async Capable": false,"Startup Cost": 65592.61,"Total Cost": 65593.11,"Plan Rows": 200,"Plan Width": 16,"Actual Startup Time": 6147.348,"Actual Total Time": 6147.387,"Actual Rows": 42,"Actual Loops": 1,"Sort Key": ["(count(*)) DESC", "(count(orders.o_orderkey)) DESC"],"Sort Method": "quicksort","Sort Space Used": 27,"Sort Space Type": "Memory","Plans": [{"Node Type": "Aggregate","Strategy": "Hashed","Partial Mode": "Simple","Parent Relationship": "Outer","Parallel Aware": false,"Async Capable": false,"Startup Cost": 65582.97,"Total Cost": 65584.97,"Plan Rows": 200,"Plan Width": 16,"Actual Startup Time": 6147.247,"Actual Total Time": 6147.296,"Actual Rows": 42,"Actual Loops": 1,"Group Key": ["count(orders.o_orderkey)"],"Planned Partitions": 0,"HashAgg Batches": 1,"Peak Memory Usage": 40,"Disk Usage": 0,"Plans": [{"Node Type": "Aggregate","Strategy": "Hashed","Partial Mode": "Simple","Parent Relationship": "Outer","Parallel Aware": false,"Async Capable": false,"Startup Cost": 61832.97,"Total Cost": 63332.97,"Plan Rows": 150000,"Plan Width": 12,"Actual Startup Time": 5968.961,"Actual Total Time": 6133.532,"Actual Rows": 150000,"Actual Loops": 1,"Group Key": ["customer.c_custkey"],"Planned Partitions": 0,"HashAgg Batches": 1,"Peak Memory Usage": 22545,"Disk Usage": 0,"Plans": [{"Node Type": "Hash Join","Parent Relationship": "Outer","Parallel Aware": false,"Async Capable": false,"Join Type": "Right","Startup Cost": 5781.42,"Total Cost": 54484.49,"Plan Rows": 1469697,"Plan Width": 8,"Actual Startup Time": 38.076,"Actual Total Time": 4114.998,"Actual Rows": 1533945,"Actual Loops": 1,"Inner Unique": true,"Hash Cond": "(orders.o_custkey = customer.c_custkey)","Plans": [{"Node Type": "Seq Scan","Parent Relationship": "Outer","Parallel Aware": false,"Async Capable": false,"Relation Name": "orders","Alias": "orders","Startup Cost": 0.00,"Total Cost": 44845.00,"Plan Rows": 1469697,"Plan Width": 8,"Actual Startup Time": 0.049,"Actual Total Time": 2844.878,"Actual Rows": 1483941,"Actual Loops": 1,"Filter": "((o_comment)::text !~~ '%express%packages%'::text)","Rows Removed by Filter": 16059},{"Node Type": "Hash","Parent Relationship": "Inner","Parallel Aware": false,"Async Capable": false,"Startup Cost": 3906.42,"Total Cost": 3906.42,"Plan Rows": 150000,"Plan Width": 4,"Actual Startup Time": 36.257,"Actual Total Time": 36.268,"Actual Rows": 150000,"Actual Loops": 1,"Hash Buckets": 262144,"Original Hash Buckets": 262144,"Hash Batches": 1,"Original Hash Batches": 1,"Peak Memory Usage": 7322,"Plans": [{"Node Type": "Index Only Scan","Parent Relationship": "Outer","Parallel Aware": false,"Async Capable": false,"Scan Direction": "Forward","Index Name": "customer_pkey","Relation Name": "customer","Alias": "customer","Startup Cost": 0.42,"Total Cost": 3906.42,"Plan Rows": 150000,"Plan Width": 4,"Actual Startup Time": 0.063,"Actual Total Time": 14.588,"Actual Rows": 150000,"Actual Loops": 1,"Heap Fetches": 0}]}]}]}]}]},"Planning Time": 3.934,"Triggers": [],"Execution Time": 6155.513}]
[{"Plan": {"Node Type": "Sort","Parallel Aware": false,"Async Capable": false,"Startup Cost": 65822.53,"Total Cost": 65823.03,"Plan Rows": 200,"Plan Width": 16,"Actual Startup Time": 6101.280,"Actual Total Time": 6101.314,"Actual Rows": 42,"Actual Loops": 1,"Sort Key": ["(count(*)) DESC", "(count(orders.o_orderkey)) DESC"],"Sort Method": "quicksort","Sort Space Used": 27,"Sort Space Type": "Memory","Plans": [{"Node Type": "Aggregate","Strategy": "Hashed","Partial Mode": "Simple","Parent Relationship": "Outer","Parallel Aware": false,"Async Capable": false,"Startup Cost": 65812.89,"Total Cost": 65814.89,"Plan Rows": 200,"Plan Width": 16,"Actual Startup Time": 6101.184,"Actual Total Time": 6101.232,"Actual Rows": 42,"Actual Loops": 1,"Group Key": ["count(orders.o_orderkey)"],"Planned Partitions": 0,"HashAgg Batches": 1,"Peak Memory Usage": 40,"Disk Usage": 0,"Plans": [{"Node Type": "Aggregate","Strategy": "Hashed","Partial Mode": "Simple","Parent Relationship": "Outer","Parallel Aware": false,"Async Capable": false,"Startup Cost": 62062.89,"Total Cost": 63562.89,"Plan Rows": 150000,"Plan Width": 12,"Actual Startup Time": 5921.162,"Actual Total Time": 6087.400,"Actual Rows": 150000,"Actual Loops": 1,"Group Key": ["customer.c_custkey"],"Planned Partitions": 0,"HashAgg Batches": 1,"Peak Memory Usage": 22545,"Disk Usage": 0,"Plans": [{"Node Type": "Hash Join","Parent Relationship": "Outer","Parallel Aware": false,"Async Capable": false,"Join Type": "Right","Startup Cost": 5781.42,"Total Cost": 54563.64,"Plan Rows": 1499850,"Plan Width": 8,"Actual Startup Time": 39.228,"Actual Total Time": 4074.723,"Actual Rows": 1533808,"Actual Loops": 1,"Inner Unique": true,"Hash Cond": "(orders.o_custkey = customer.c_custkey)","Plans": [{"Node Type": "Seq Scan","Parent Relationship": "Outer","Parallel Aware": false,"Async Capable": false,"Relation Name": "orders","Alias": "orders","Startup Cost": 0.00,"Total Cost": 44845.00,"Plan Rows": 1499850,"Plan Width": 8,"Actual Startup Time": 0.056,"Actual Total Time": 2834.984,"Actual Rows": 1483804,"Actual Loops": 1,"Filter": "((o_comment)::text !~~ '%special%deposits%'::text)","Rows Removed by Filter": 16196},{"Node Type": "Hash","Parent Relationship": "Inner","Parallel Aware": false,"Async Capable": false,"Startup Cost": 3906.42,"Total Cost": 3906.42,"Plan Rows": 150000,"Plan Width": 4,"Actual Startup Time": 37.438,"Actual Total Time": 37.451,"Actual Rows": 150000,"Actual Loops": 1,"Hash Buckets": 262144,"Original Hash Buckets": 262144,"Hash Batches": 1,"Original Hash Batches": 1,"Peak Memory Usage": 7322,"Plans": [{"Node Type": "Index Only Scan","Parent Relationship": "Outer","Parallel Aware": false,"Async Capable": false,"Scan Direction": "Forward","Index Name": "customer_pkey","Relation Name": "customer","Alias": "customer","Startup Cost": 0.42,"Total Cost": 3906.42,"Plan Rows": 150000,"Plan Width": 4,"Actual Startup Time": 0.049,"Actual Total Time": 14.639,"Actual Rows": 150000,"Actual Loops": 1,"Heap Fetches": 0}]}]}]}]}]},"Planning Time": 3.971,"Triggers": [],"Execution Time": 6110.955}]
[{"Plan": {"Node Type": "Sort","Parallel Aware": false,"Async Capable": false,"Startup Cost": 65822.53,"Total Cost": 65823.03,"Plan Rows": 200,"Plan Width": 16,"Actual Startup Time": 5956.637,"Actual Total Time": 5956.675,"Actual Rows": 42,"Actual Loops": 1,"Sort Key": ["(count(*)) DESC", "(count(orders.o_orderkey)) DESC"],"Sort Method": "quicksort","Sort Space Used": 27,"Sort Space Type": "Memory","Plans": [{"Node Type": "Aggregate","Strategy": "Hashed","Partial Mode": "Simple","Parent Relationship": "Outer","Parallel Aware": false,"Async Capable": false,"Startup Cost": 65812.89,"Total Cost": 65814.89,"Plan Rows": 200,"Plan Width": 16,"Actual Startup Time": 5956.548,"Actual Total Time": 5956.590,"Actual Rows": 42,"Actual Loops": 1,"Group Key": ["count(orders.o_orderkey)"],"Planned Partitions": 0,"HashAgg Batches": 1,"Peak Memory Usage": 40,"Disk Usage": 0,"Plans": [{"Node Type": "Aggregate","Strategy": "Hashed","Partial Mode": "Simple","Parent Relationship": "Outer","Parallel Aware": false,"Async Capable": false,"Startup Cost": 62062.89,"Total Cost": 63562.89,"Plan Rows": 150000,"Plan Width": 12,"Actual Startup Time": 5763.184,"Actual Total Time": 5942.838,"Actual Rows": 150000,"Actual Loops": 1,"Group Key": ["customer.c_custkey"],"Planned Partitions": 0,"HashAgg Batches": 1,"Peak Memory Usage": 22545,"Disk Usage": 0,"Plans": [{"Node Type": "Hash Join","Parent Relationship": "Outer","Parallel Aware": false,"Async Capable": false,"Join Type": "Right","Startup Cost": 5781.42,"Total Cost": 54563.64,"Plan Rows": 1499850,"Plan Width": 8,"Actual Startup Time": 38.566,"Actual Total Time": 3955.732,"Actual Rows": 1533620,"Actual Loops": 1,"Inner Unique": true,"Hash Cond": "(orders.o_custkey = customer.c_custkey)","Plans": [{"Node Type": "Seq Scan","Parent Relationship": "Outer","Parallel Aware": false,"Async Capable": false,"Relation Name": "orders","Alias": "orders","Startup Cost": 0.00,"Total Cost": 44845.00,"Plan Rows": 1499850,"Plan Width": 8,"Actual Startup Time": 0.052,"Actual Total Time": 2713.562,"Actual Rows": 1483615,"Actual Loops": 1,"Filter": "((o_comment)::text !~~ '%pending%accounts%'::text)","Rows Removed by Filter": 16385},{"Node Type": "Hash","Parent Relationship": "Inner","Parallel Aware": false,"Async Capable": false,"Startup Cost": 3906.42,"Total Cost": 3906.42,"Plan Rows": 150000,"Plan Width": 4,"Actual Startup Time": 36.530,"Actual Total Time": 36.543,"Actual Rows": 150000,"Actual Loops": 1,"Hash Buckets": 262144,"Original Hash Buckets": 262144,"Hash Batches": 1,"Original Hash Batches": 1,"Peak Memory Usage": 7322,"Plans": [{"Node Type": "Index Only Scan","Parent Relationship": "Outer","Parallel Aware": false,"Async Capable": false,"Scan Direction": "Forward","Index Name": "customer_pkey","Relation Name": "customer","Alias": "customer","Startup Cost": 0.42,"Total Cost": 3906.42,"Plan Rows": 150000,"Plan Width": 4,"Actual Startup Time": 0.036,"Actual Total Time": 14.278,"Actual Rows": 150000,"Actual Loops": 1,"Heap Fetches": 0}]}]}]}]}]},"Planning Time": 3.568,"Triggers": [],"Execution Time": 5966.474}]
[{"Plan": {"Node Type": "Sort","Parallel Aware": false,"Async Capable": false,"Startup Cost": 65822.53,"Total Cost": 65823.03,"Plan Rows": 200,"Plan Width": 16,"Actual Startup Time": 6047.687,"Actual Total Time": 6047.735,"Actual Rows": 42,"Actual Loops": 1,"Sort Key": ["(count(*)) DESC", "(count(orders.o_orderkey)) DESC"],"Sort Method": "quicksort","Sort Space Used": 27,"Sort Space Type": "Memory","Plans": [{"Node Type": "Aggregate","Strategy": "Hashed","Partial Mode": "Simple","Parent Relationship": "Outer","Parallel Aware": false,"Async Capable": false,"Startup Cost": 65812.89,"Total Cost": 65814.89,"Plan Rows": 200,"Plan Width": 16,"Actual Startup Time": 6047.591,"Actual Total Time": 6047.643,"Actual Rows": 42,"Actual Loops": 1,"Group Key": ["count(orders.o_orderkey)"],"Planned Partitions": 0,"HashAgg Batches": 1,"Peak Memory Usage": 40,"Disk Usage": 0,"Plans": [{"Node Type": "Aggregate","Strategy": "Hashed","Partial Mode": "Simple","Parent Relationship": "Outer","Parallel Aware": false,"Async Capable": false,"Startup Cost": 62062.89,"Total Cost": 63562.89,"Plan Rows": 150000,"Plan Width": 12,"Actual Startup Time": 5868.600,"Actual Total Time": 6033.866,"Actual Rows": 150000,"Actual Loops": 1,"Group Key": ["customer.c_custkey"],"Planned Partitions": 0,"HashAgg Batches": 1,"Peak Memory Usage": 22545,"Disk Usage": 0,"Plans": [{"Node Type": "Hash Join","Parent Relationship": "Outer","Parallel Aware": false,"Async Capable": false,"Join Type": "Right","Startup Cost": 5781.42,"Total Cost": 54563.64,"Plan Rows": 1499850,"Plan Width": 8,"Actual Startup Time": 39.168,"Actual Total Time": 4010.851,"Actual Rows": 1533626,"Actual Loops": 1,"Inner Unique": true,"Hash Cond": "(orders.o_custkey = customer.c_custkey)","Plans": [{"Node Type": "Seq Scan","Parent Relationship": "Outer","Parallel Aware": false,"Async Capable": false,"Relation Name": "orders","Alias": "orders","Startup Cost": 0.00,"Total Cost": 44845.00,"Plan Rows": 1499850,"Plan Width": 8,"Actual Startup Time": 0.065,"Actual Total Time": 2757.508,"Actual Rows": 1483622,"Actual Loops": 1,"Filter": "((o_comment)::text !~~ '%unusual%accounts%'::text)","Rows Removed by Filter": 16378},{"Node Type": "Hash","Parent Relationship": "Inner","Parallel Aware": false,"Async Capable": false,"Startup Cost": 3906.42,"Total Cost": 3906.42,"Plan Rows": 150000,"Plan Width": 4,"Actual Startup Time": 37.343,"Actual Total Time": 37.362,"Actual Rows": 150000,"Actual Loops": 1,"Hash Buckets": 262144,"Original Hash Buckets": 262144,"Hash Batches": 1,"Original Hash Batches": 1,"Peak Memory Usage": 7322,"Plans": [{"Node Type": "Index Only Scan","Parent Relationship": "Outer","Parallel Aware": false,"Async Capable": false,"Scan Direction": "Forward","Index Name": "customer_pkey","Relation Name": "customer","Alias": "customer","Startup Cost": 0.42,"Total Cost": 3906.42,"Plan Rows": 150000,"Plan Width": 4,"Actual Startup Time": 0.036,"Actual Total Time": 14.472,"Actual Rows": 150000,"Actual Loops": 1,"Heap Fetches": 0}]}]}]}]}]},"Planning Time": 4.331,"Triggers": [],"Execution Time": 6056.690}]
[{"Plan": {"Node Type": "Sort","Parallel Aware": false,"Async Capable": false,"Startup Cost": 65822.53,"Total Cost": 65823.03,"Plan Rows": 200,"Plan Width": 16,"Actual Startup Time": 6650.964,"Actual Total Time": 6651.000,"Actual Rows": 42,"Actual Loops": 1,"Sort Key": ["(count(*)) DESC", "(count(orders.o_orderkey)) DESC"],"Sort Method": "quicksort","Sort Space Used": 27,"Sort Space Type": "Memory","Plans": [{"Node Type": "Aggregate","Strategy": "Hashed","Partial Mode": "Simple","Parent Relationship": "Outer","Parallel Aware": false,"Async Capable": false,"Startup Cost": 65812.89,"Total Cost": 65814.89,"Plan Rows": 200,"Plan Width": 16,"Actual Startup Time": 6650.893,"Actual Total Time": 6650.940,"Actual Rows": 42,"Actual Loops": 1,"Group Key": ["count(orders.o_orderkey)"],"Planned Partitions": 0,"HashAgg Batches": 1,"Peak Memory Usage": 40,"Disk Usage": 0,"Plans": [{"Node Type": "Aggregate","Strategy": "Hashed","Partial Mode": "Simple","Parent Relationship": "Outer","Parallel Aware": false,"Async Capable": false,"Startup Cost": 62062.89,"Total Cost": 63562.89,"Plan Rows": 150000,"Plan Width": 12,"Actual Startup Time": 6477.408,"Actual Total Time": 6637.150,"Actual Rows": 150000,"Actual Loops": 1,"Group Key": ["customer.c_custkey"],"Planned Partitions": 0,"HashAgg Batches": 1,"Peak Memory Usage": 22545,"Disk Usage": 0,"Plans": [{"Node Type": "Hash Join","Parent Relationship": "Outer","Parallel Aware": false,"Async Capable": false,"Join Type": "Right","Startup Cost": 5781.42,"Total Cost": 54563.64,"Plan Rows": 1499850,"Plan Width": 8,"Actual Startup Time": 36.551,"Actual Total Time": 4552.506,"Actual Rows": 1533843,"Actual Loops": 1,"Inner Unique": true,"Hash Cond": "(orders.o_custkey = customer.c_custkey)","Plans": [{"Node Type": "Seq Scan","Parent Relationship": "Outer","Parallel Aware": false,"Async Capable": false,"Relation Name": "orders","Alias": "orders","Startup Cost": 0.00,"Total Cost": 44845.00,"Plan Rows": 1499850,"Plan Width": 8,"Actual Startup Time": 0.044,"Actual Total Time": 3147.620,"Actual Rows": 1483839,"Actual Loops": 1,"Filter": "((o_comment)::text !~~ '%pending%deposits%'::text)","Rows Removed by Filter": 16161},{"Node Type": "Hash","Parent Relationship": "Inner","Parallel Aware": false,"Async Capable": false,"Startup Cost": 3906.42,"Total Cost": 3906.42,"Plan Rows": 150000,"Plan Width": 4,"Actual Startup Time": 34.769,"Actual Total Time": 34.783,"Actual Rows": 150000,"Actual Loops": 1,"Hash Buckets": 262144,"Original Hash Buckets": 262144,"Hash Batches": 1,"Original Hash Batches": 1,"Peak Memory Usage": 7322,"Plans": [{"Node Type": "Index Only Scan","Parent Relationship": "Outer","Parallel Aware": false,"Async Capable": false,"Scan Direction": "Forward","Index Name": "customer_pkey","Relation Name": "customer","Alias": "customer","Startup Cost": 0.42,"Total Cost": 3906.42,"Plan Rows": 150000,"Plan Width": 4,"Actual Startup Time": 0.065,"Actual Total Time": 13.424,"Actual Rows": 150000,"Actual Loops": 1,"Heap Fetches": 0}]}]}]}]}]},"Planning Time": 3.594,"Triggers": [],"Execution Time": 6658.782}]
[{"Plan": {"Node Type": "Sort","Parallel Aware": false,"Async Capable": false,"Startup Cost": 65708.14,"Total Cost": 65708.64,"Plan Rows": 200,"Plan Width": 16,"Actual Startup Time": 6096.152,"Actual Total Time": 6096.183,"Actual Rows": 42,"Actual Loops": 1,"Sort Key": ["(count(*)) DESC", "(count(orders.o_orderkey)) DESC"],"Sort Method": "quicksort","Sort Space Used": 27,"Sort Space Type": "Memory","Plans": [{"Node Type": "Aggregate","Strategy": "Hashed","Partial Mode": "Simple","Parent Relationship": "Outer","Parallel Aware": false,"Async Capable": false,"Startup Cost": 65698.50,"Total Cost": 65700.50,"Plan Rows": 200,"Plan Width": 16,"Actual Startup Time": 6096.055,"Actual Total Time": 6096.099,"Actual Rows": 42,"Actual Loops": 1,"Group Key": ["count(orders.o_orderkey)"],"Planned Partitions": 0,"HashAgg Batches": 1,"Peak Memory Usage": 40,"Disk Usage": 0,"Plans": [{"Node Type": "Aggregate","Strategy": "Hashed","Partial Mode": "Simple","Parent Relationship": "Outer","Parallel Aware": false,"Async Capable": false,"Startup Cost": 61948.50,"Total Cost": 63448.50,"Plan Rows": 150000,"Plan Width": 12,"Actual Startup Time": 5916.888,"Actual Total Time": 6082.285,"Actual Rows": 150000,"Actual Loops": 1,"Group Key": ["customer.c_custkey"],"Planned Partitions": 0,"HashAgg Batches": 1,"Peak Memory Usage": 22545,"Disk Usage": 0,"Plans": [{"Node Type": "Hash Join","Parent Relationship": "Outer","Parallel Aware": false,"Async Capable": false,"Join Type": "Right","Startup Cost": 5781.42,"Total Cost": 54524.26,"Plan Rows": 1484848,"Plan Width": 8,"Actual Startup Time": 39.799,"Actual Total Time": 4085.231,"Actual Rows": 1533660,"Actual Loops": 1,"Inner Unique": true,"Hash Cond": "(orders.o_custkey = customer.c_custkey)","Plans": [{"Node Type": "Seq Scan","Parent Relationship": "Outer","Parallel Aware": false,"Async Capable": false,"Relation Name": "orders","Alias": "orders","Startup Cost": 0.00,"Total Cost": 44845.00,"Plan Rows": 1484848,"Plan Width": 8,"Actual Startup Time": 0.053,"Actual Total Time": 2810.059,"Actual Rows": 1483656,"Actual Loops": 1,"Filter": "((o_comment)::text !~~ '%pending%requests%'::text)","Rows Removed by Filter": 16344},{"Node Type": "Hash","Parent Relationship": "Inner","Parallel Aware": false,"Async Capable": false,"Startup Cost": 3906.42,"Total Cost": 3906.42,"Plan Rows": 150000,"Plan Width": 4,"Actual Startup Time": 37.918,"Actual Total Time": 37.930,"Actual Rows": 150000,"Actual Loops": 1,"Hash Buckets": 262144,"Original Hash Buckets": 262144,"Hash Batches": 1,"Original Hash Batches": 1,"Peak Memory Usage": 7322,"Plans": [{"Node Type": "Index Only Scan","Parent Relationship": "Outer","Parallel Aware": false,"Async Capable": false,"Scan Direction": "Forward","Index Name": "customer_pkey","Relation Name": "customer","Alias": "customer","Startup Cost": 0.42,"Total Cost": 3906.42,"Plan Rows": 150000,"Plan Width": 4,"Actual Startup Time": 0.035,"Actual Total Time": 14.493,"Actual Rows": 150000,"Actual Loops": 1,"Heap Fetches": 0}]}]}]}]}]},"Planning Time": 4.221,"Triggers": [],"Execution Time": 6104.310}]
[{"Plan": {"Node Type": "Sort","Parallel Aware": false,"Async Capable": false,"Startup Cost": 65822.53,"Total Cost": 65823.03,"Plan Rows": 200,"Plan Width": 16,"Actual Startup Time": 6096.807,"Actual Total Time": 6096.851,"Actual Rows": 42,"Actual Loops": 1,"Sort Key": ["(count(*)) DESC", "(count(orders.o_orderkey)) DESC"],"Sort Method": "quicksort","Sort Space Used": 27,"Sort Space Type": "Memory","Plans": [{"Node Type": "Aggregate","Strategy": "Hashed","Partial Mode": "Simple","Parent Relationship": "Outer","Parallel Aware": false,"Async Capable": false,"Startup Cost": 65812.89,"Total Cost": 65814.89,"Plan Rows": 200,"Plan Width": 16,"Actual Startup Time": 6096.707,"Actual Total Time": 6096.758,"Actual Rows": 42,"Actual Loops": 1,"Group Key": ["count(orders.o_orderkey)"],"Planned Partitions": 0,"HashAgg Batches": 1,"Peak Memory Usage": 40,"Disk Usage": 0,"Plans": [{"Node Type": "Aggregate","Strategy": "Hashed","Partial Mode": "Simple","Parent Relationship": "Outer","Parallel Aware": false,"Async Capable": false,"Startup Cost": 62062.89,"Total Cost": 63562.89,"Plan Rows": 150000,"Plan Width": 12,"Actual Startup Time": 5900.364,"Actual Total Time": 6082.949,"Actual Rows": 150000,"Actual Loops": 1,"Group Key": ["customer.c_custkey"],"Planned Partitions": 0,"HashAgg Batches": 1,"Peak Memory Usage": 22545,"Disk Usage": 0,"Plans": [{"Node Type": "Hash Join","Parent Relationship": "Outer","Parallel Aware": false,"Async Capable": false,"Join Type": "Right","Startup Cost": 5781.42,"Total Cost": 54563.64,"Plan Rows": 1499850,"Plan Width": 8,"Actual Startup Time": 38.105,"Actual Total Time": 4090.394,"Actual Rows": 1533835,"Actual Loops": 1,"Inner Unique": true,"Hash Cond": "(orders.o_custkey = customer.c_custkey)","Plans": [{"Node Type": "Seq Scan","Parent Relationship": "Outer","Parallel Aware": false,"Async Capable": false,"Relation Name": "orders","Alias": "orders","Startup Cost": 0.00,"Total Cost": 44845.00,"Plan Rows": 1499850,"Plan Width": 8,"Actual Startup Time": 0.059,"Actual Total Time": 2844.303,"Actual Rows": 1483831,"Actual Loops": 1,"Filter": "((o_comment)::text !~~ '%special%accounts%'::text)","Rows Removed by Filter": 16169},{"Node Type": "Hash","Parent Relationship": "Inner","Parallel Aware": false,"Async Capable": false,"Startup Cost": 3906.42,"Total Cost": 3906.42,"Plan Rows": 150000,"Plan Width": 4,"Actual Startup Time": 36.335,"Actual Total Time": 36.352,"Actual Rows": 150000,"Actual Loops": 1,"Hash Buckets": 262144,"Original Hash Buckets": 262144,"Hash Batches": 1,"Original Hash Batches": 1,"Peak Memory Usage": 7322,"Plans": [{"Node Type": "Index Only Scan","Parent Relationship": "Outer","Parallel Aware": false,"Async Capable": false,"Scan Direction": "Forward","Index Name": "customer_pkey","Relation Name": "customer","Alias": "customer","Startup Cost": 0.42,"Total Cost": 3906.42,"Plan Rows": 150000,"Plan Width": 4,"Actual Startup Time": 0.048,"Actual Total Time": 14.414,"Actual Rows": 150000,"Actual Loops": 1,"Heap Fetches": 0}]}]}]}]}]},"Planning Time": 3.409,"Triggers": [],"Execution Time": 6107.560}]
[{"Plan": {"Node Type": "Sort","Parallel Aware": false,"Async Capable": false,"Startup Cost": 65592.61,"Total Cost": 65593.11,"Plan Rows": 200,"Plan Width": 16,"Actual Startup Time": 6059.416,"Actual Total Time": 6059.459,"Actual Rows": 42,"Actual Loops": 1,"Sort Key": ["(count(*)) DESC", "(count(orders.o_orderkey)) DESC"],"Sort Method": "quicksort","Sort Space Used": 27,"Sort Space Type": "Memory","Plans": [{"Node Type": "Aggregate","Strategy": "Hashed","Partial Mode": "Simple","Parent Relationship": "Outer","Parallel Aware": false,"Async Capable": false,"Startup Cost": 65582.97,"Total Cost": 65584.97,"Plan Rows": 200,"Plan Width": 16,"Actual Startup Time": 6059.318,"Actual Total Time": 6059.369,"Actual Rows": 42,"Actual Loops": 1,"Group Key": ["count(orders.o_orderkey)"],"Planned Partitions": 0,"HashAgg Batches": 1,"Peak Memory Usage": 40,"Disk Usage": 0,"Plans": [{"Node Type": "Aggregate","Strategy": "Hashed","Partial Mode": "Simple","Parent Relationship": "Outer","Parallel Aware": false,"Async Capable": false,"Startup Cost": 61832.97,"Total Cost": 63332.97,"Plan Rows": 150000,"Plan Width": 12,"Actual Startup Time": 5864.158,"Actual Total Time": 6045.542,"Actual Rows": 150000,"Actual Loops": 1,"Group Key": ["customer.c_custkey"],"Planned Partitions": 0,"HashAgg Batches": 1,"Peak Memory Usage": 22545,"Disk Usage": 0,"Plans": [{"Node Type": "Hash Join","Parent Relationship": "Outer","Parallel Aware": false,"Async Capable": false,"Join Type": "Right","Startup Cost": 5781.42,"Total Cost": 54484.49,"Plan Rows": 1469697,"Plan Width": 8,"Actual Startup Time": 38.198,"Actual Total Time": 4061.016,"Actual Rows": 1533817,"Actual Loops": 1,"Inner Unique": true,"Hash Cond": "(orders.o_custkey = customer.c_custkey)","Plans": [{"Node Type": "Seq Scan","Parent Relationship": "Outer","Parallel Aware": false,"Async Capable": false,"Relation Name": "orders","Alias": "orders","Startup Cost": 0.00,"Total Cost": 44845.00,"Plan Rows": 1469697,"Plan Width": 8,"Actual Startup Time": 0.037,"Actual Total Time": 2812.366,"Actual Rows": 1483813,"Actual Loops": 1,"Filter": "((o_comment)::text !~~ '%unusual%requests%'::text)","Rows Removed by Filter": 16187},{"Node Type": "Hash","Parent Relationship": "Inner","Parallel Aware": false,"Async Capable": false,"Startup Cost": 3906.42,"Total Cost": 3906.42,"Plan Rows": 150000,"Plan Width": 4,"Actual Startup Time": 36.318,"Actual Total Time": 36.334,"Actual Rows": 150000,"Actual Loops": 1,"Hash Buckets": 262144,"Original Hash Buckets": 262144,"Hash Batches": 1,"Original Hash Batches": 1,"Peak Memory Usage": 7322,"Plans": [{"Node Type": "Index Only Scan","Parent Relationship": "Outer","Parallel Aware": false,"Async Capable": false,"Scan Direction": "Forward","Index Name": "customer_pkey","Relation Name": "customer","Alias": "customer","Startup Cost": 0.42,"Total Cost": 3906.42,"Plan Rows": 150000,"Plan Width": 4,"Actual Startup Time": 0.044,"Actual Total Time": 14.416,"Actual Rows": 150000,"Actual Loops": 1,"Heap Fetches": 0}]}]}]}]}]},"Planning Time": 3.526,"Triggers": [],"Execution Time": 6069.080}]
[{"Plan": {"Node Type": "Sort","Parallel Aware": false,"Async Capable": false,"Startup Cost": 65822.53,"Total Cost": 65823.03,"Plan Rows": 200,"Plan Width": 16,"Actual Startup Time": 6047.687,"Actual Total Time": 6047.735,"Actual Rows": 42,"Actual Loops": 1,"Sort Key": ["(count(*)) DESC", "(count(orders.o_orderkey)) DESC"],"Sort Method": "quicksort","Sort Space Used": 27,"Sort Space Type": "Memory","Plans": [{"Node Type": "Aggregate","Strategy": "Hashed","Partial Mode": "Simple","Parent Relationship": "Outer","Parallel Aware": false,"Async Capable": false,"Startup Cost": 65812.89,"Total Cost": 65814.89,"Plan Rows": 200,"Plan Width": 16,"Actual Startup Time": 6047.591,"Actual Total Time": 6047.643,"Actual Rows": 42,"Actual Loops": 1,"Group Key": ["count(orders.o_orderkey)"],"Planned Partitions": 0,"HashAgg Batches": 1,"Peak Memory Usage": 40,"Disk Usage": 0,"Plans": [{"Node Type": "Aggregate","Strategy": "Hashed","Partial Mode": "Simple","Parent Relationship": "Outer","Parallel Aware": false,"Async Capable": false,"Startup Cost": 62062.89,"Total Cost": 63562.89,"Plan Rows": 150000,"Plan Width": 12,"Actual Startup Time": 5868.600,"Actual Total Time": 6033.866,"Actual Rows": 150000,"Actual Loops": 1,"Group Key": ["customer.c_custkey"],"Planned Partitions": 0,"HashAgg Batches": 1,"Peak Memory Usage": 22545,"Disk Usage": 0,"Plans": [{"Node Type": "Hash Join","Parent Relationship": "Outer","Parallel Aware": false,"Async Capable": false,"Join Type": "Right","Startup Cost": 5781.42,"Total Cost": 54563.64,"Plan Rows": 1499850,"Plan Width": 8,"Actual Startup Time": 39.168,"Actual Total Time": 4010.851,"Actual Rows": 1533626,"Actual Loops": 1,"Inner Unique": true,"Hash Cond": "(orders.o_custkey = customer.c_custkey)","Plans": [{"Node Type": "Seq Scan","Parent Relationship": "Outer","Parallel Aware": false,"Async Capable": false,"Relation Name": "orders","Alias": "orders","Startup Cost": 0.00,"Total Cost": 44845.00,"Plan Rows": 1499850,"Plan Width": 8,"Actual Startup Time": 0.065,"Actual Total Time": 2757.508,"Actual Rows": 1483622,"Actual Loops": 1,"Filter": "((o_comment)::text !~~ '%unusual%accounts%'::text)","Rows Removed by Filter": 16378},{"Node Type": "Hash","Parent Relationship": "Inner","Parallel Aware": false,"Async Capable": false,"Startup Cost": 3906.42,"Total Cost": 3906.42,"Plan Rows": 150000,"Plan Width": 4,"Actual Startup Time": 37.343,"Actual Total Time": 37.362,"Actual Rows": 150000,"Actual Loops": 1,"Hash Buckets": 262144,"Original Hash Buckets": 262144,"Hash Batches": 1,"Original Hash Batches": 1,"Peak Memory Usage": 7322,"Plans": [{"Node Type": "Index Only Scan","Parent Relationship": "Outer","Parallel Aware": false,"Async Capable": false,"Scan Direction": "Forward","Index Name": "customer_pkey","Relation Name": "customer","Alias": "customer","Startup Cost": 0.42,"Total Cost": 3906.42,"Plan Rows": 150000,"Plan Width": 4,"Actual Startup Time": 0.036,"Actual Total Time": 14.472,"Actual Rows": 150000,"Actual Loops": 1,"Heap Fetches": 0}]}]}]}]}]},"Planning Time": 4.331,"Triggers": [],"Execution Time": 6056.690}]
[{"Plan": {"Node Type": "Sort","Parallel Aware": false,"Async Capable": false,"Startup Cost": 65477.08,"Total Cost": 65477.58,"Plan Rows": 200,"Plan Width": 16,"Actual Startup Time": 6131.456,"Actual Total Time": 6131.495,"Actual Rows": 42,"Actual Loops": 1,"Sort Key": ["(count(*)) DESC", "(count(orders.o_orderkey)) DESC"],"Sort Method": "quicksort","Sort Space Used": 27,"Sort Space Type": "Memory","Plans": [{"Node Type": "Aggregate","Strategy": "Hashed","Partial Mode": "Simple","Parent Relationship": "Outer","Parallel Aware": false,"Async Capable": false,"Startup Cost": 65467.44,"Total Cost": 65469.44,"Plan Rows": 200,"Plan Width": 16,"Actual Startup Time": 6131.350,"Actual Total Time": 6131.398,"Actual Rows": 42,"Actual Loops": 1,"Group Key": ["count(orders.o_orderkey)"],"Planned Partitions": 0,"HashAgg Batches": 1,"Peak Memory Usage": 40,"Disk Usage": 0,"Plans": [{"Node Type": "Aggregate","Strategy": "Hashed","Partial Mode": "Simple","Parent Relationship": "Outer","Parallel Aware": false,"Async Capable": false,"Startup Cost": 61717.44,"Total Cost": 63217.44,"Plan Rows": 150000,"Plan Width": 12,"Actual Startup Time": 5953.045,"Actual Total Time": 6117.615,"Actual Rows": 150000,"Actual Loops": 1,"Group Key": ["customer.c_custkey"],"Planned Partitions": 0,"HashAgg Batches": 1,"Peak Memory Usage": 22545,"Disk Usage": 0,"Plans": [{"Node Type": "Hash Join","Parent Relationship": "Outer","Parallel Aware": false,"Async Capable": false,"Join Type": "Right","Startup Cost": 5781.42,"Total Cost": 54444.71,"Plan Rows": 1454545,"Plan Width": 8,"Actual Startup Time": 38.590,"Actual Total Time": 4109.614,"Actual Rows": 1533923,"Actual Loops": 1,"Inner Unique": true,"Hash Cond": "(orders.o_custkey = customer.c_custkey)","Plans": [{"Node Type": "Seq Scan","Parent Relationship": "Outer","Parallel Aware": false,"Async Capable": false,"Relation Name": "orders","Alias": "orders","Startup Cost": 0.00,"Total Cost": 44845.00,"Plan Rows": 1454545,"Plan Width": 8,"Actual Startup Time": 0.061,"Actual Total Time": 2840.022,"Actual Rows": 1483918,"Actual Loops": 1,"Filter": "((o_comment)::text !~~ '%special%requests%'::text)","Rows Removed by Filter": 16082},{"Node Type": "Hash","Parent Relationship": "Inner","Parallel Aware": false,"Async Capable": false,"Startup Cost": 3906.42,"Total Cost": 3906.42,"Plan Rows": 150000,"Plan Width": 4,"Actual Startup Time": 36.739,"Actual Total Time": 36.756,"Actual Rows": 150000,"Actual Loops": 1,"Hash Buckets": 262144,"Original Hash Buckets": 262144,"Hash Batches": 1,"Original Hash Batches": 1,"Peak Memory Usage": 7322,"Plans": [{"Node Type": "Index Only Scan","Parent Relationship": "Outer","Parallel Aware": false,"Async Capable": false,"Scan Direction": "Forward","Index Name": "customer_pkey","Relation Name": "customer","Alias": "customer","Startup Cost": 0.42,"Total Cost": 3906.42,"Plan Rows": 150000,"Plan Width": 4,"Actual Startup Time": 0.061,"Actual Total Time": 14.504,"Actual Rows": 150000,"Actual Loops": 1,"Heap Fetches": 0}]}]}]}]}]},"Planning Time": 3.536,"Triggers": [],"Execution Time": 6139.749}]
[{"Plan": {"Node Type": "Sort","Parallel Aware": false,"Async Capable": false,"Startup Cost": 65708.14,"Total Cost": 65708.64,"Plan Rows": 200,"Plan Width": 16,"Actual Startup Time": 6009.895,"Actual Total Time": 6009.932,"Actual Rows": 42,"Actual Loops": 1,"Sort Key": ["(count(*)) DESC", "(count(orders.o_orderkey)) DESC"],"Sort Method": "quicksort","Sort Space Used": 27,"Sort Space Type": "Memory","Plans": [{"Node Type": "Aggregate","Strategy": "Hashed","Partial Mode": "Simple","Parent Relationship": "Outer","Parallel Aware": false,"Async Capable": false,"Startup Cost": 65698.50,"Total Cost": 65700.50,"Plan Rows": 200,"Plan Width": 16,"Actual Startup Time": 6009.807,"Actual Total Time": 6009.848,"Actual Rows": 42,"Actual Loops": 1,"Group Key": ["count(orders.o_orderkey)"],"Planned Partitions": 0,"HashAgg Batches": 1,"Peak Memory Usage": 40,"Disk Usage": 0,"Plans": [{"Node Type": "Aggregate","Strategy": "Hashed","Partial Mode": "Simple","Parent Relationship": "Outer","Parallel Aware": false,"Async Capable": false,"Startup Cost": 61948.50,"Total Cost": 63448.50,"Plan Rows": 150000,"Plan Width": 12,"Actual Startup Time": 5831.373,"Actual Total Time": 5996.054,"Actual Rows": 150000,"Actual Loops": 1,"Group Key": ["customer.c_custkey"],"Planned Partitions": 0,"HashAgg Batches": 1,"Peak Memory Usage": 22545,"Disk Usage": 0,"Plans": [{"Node Type": "Hash Join","Parent Relationship": "Outer","Parallel Aware": false,"Async Capable": false,"Join Type": "Right","Startup Cost": 5781.42,"Total Cost": 54524.26,"Plan Rows": 1484848,"Plan Width": 8,"Actual Startup Time": 39.338,"Actual Total Time": 3994.258,"Actual Rows": 1533903,"Actual Loops": 1,"Inner Unique": true,"Hash Cond": "(orders.o_custkey = customer.c_custkey)","Plans": [{"Node Type": "Seq Scan","Parent Relationship": "Outer","Parallel Aware": false,"Async Capable": false,"Relation Name": "orders","Alias": "orders","Startup Cost": 0.00,"Total Cost": 44845.00,"Plan Rows": 1484848,"Plan Width": 8,"Actual Startup Time": 0.067,"Actual Total Time": 2735.690,"Actual Rows": 1483898,"Actual Loops": 1,"Filter": "((o_comment)::text !~~ '%pending%packages%'::text)","Rows Removed by Filter": 16102},{"Node Type": "Hash","Parent Relationship": "Inner","Parallel Aware": false,"Async Capable": false,"Startup Cost": 3906.42,"Total Cost": 3906.42,"Plan Rows": 150000,"Plan Width": 4,"Actual Startup Time": 37.449,"Actual Total Time": 37.461,"Actual Rows": 150000,"Actual Loops": 1,"Hash Buckets": 262144,"Original Hash Buckets": 262144,"Hash Batches": 1,"Original Hash Batches": 1,"Peak Memory Usage": 7322,"Plans": [{"Node Type": "Index Only Scan","Parent Relationship": "Outer","Parallel Aware": false,"Async Capable": false,"Scan Direction": "Forward","Index Name": "customer_pkey","Relation Name": "customer","Alias": "customer","Startup Cost": 0.42,"Total Cost": 3906.42,"Plan Rows": 150000,"Plan Width": 4,"Actual Startup Time": 0.047,"Actual Total Time": 14.301,"Actual Rows": 150000,"Actual Loops": 1,"Heap Fetches": 0}]}]}]}]}]},"Planning Time": 4.405,"Triggers": [],"Execution Time": 6018.249}]
[{"Plan": {"Node Type": "Sort","Parallel Aware": false,"Async Capable": false,"Startup Cost": 65822.53,"Total Cost": 65823.03,"Plan Rows": 200,"Plan Width": 16,"Actual Startup Time": 6047.687,"Actual Total Time": 6047.735,"Actual Rows": 42,"Actual Loops": 1,"Sort Key": ["(count(*)) DESC", "(count(orders.o_orderkey)) DESC"],"Sort Method": "quicksort","Sort Space Used": 27,"Sort Space Type": "Memory","Plans": [{"Node Type": "Aggregate","Strategy": "Hashed","Partial Mode": "Simple","Parent Relationship": "Outer","Parallel Aware": false,"Async Capable": false,"Startup Cost": 65812.89,"Total Cost": 65814.89,"Plan Rows": 200,"Plan Width": 16,"Actual Startup Time": 6047.591,"Actual Total Time": 6047.643,"Actual Rows": 42,"Actual Loops": 1,"Group Key": ["count(orders.o_orderkey)"],"Planned Partitions": 0,"HashAgg Batches": 1,"Peak Memory Usage": 40,"Disk Usage": 0,"Plans": [{"Node Type": "Aggregate","Strategy": "Hashed","Partial Mode": "Simple","Parent Relationship": "Outer","Parallel Aware": false,"Async Capable": false,"Startup Cost": 62062.89,"Total Cost": 63562.89,"Plan Rows": 150000,"Plan Width": 12,"Actual Startup Time": 5868.600,"Actual Total Time": 6033.866,"Actual Rows": 150000,"Actual Loops": 1,"Group Key": ["customer.c_custkey"],"Planned Partitions": 0,"HashAgg Batches": 1,"Peak Memory Usage": 22545,"Disk Usage": 0,"Plans": [{"Node Type": "Hash Join","Parent Relationship": "Outer","Parallel Aware": false,"Async Capable": false,"Join Type": "Right","Startup Cost": 5781.42,"Total Cost": 54563.64,"Plan Rows": 1499850,"Plan Width": 8,"Actual Startup Time": 39.168,"Actual Total Time": 4010.851,"Actual Rows": 1533626,"Actual Loops": 1,"Inner Unique": true,"Hash Cond": "(orders.o_custkey = customer.c_custkey)","Plans": [{"Node Type": "Seq Scan","Parent Relationship": "Outer","Parallel Aware": false,"Async Capable": false,"Relation Name": "orders","Alias": "orders","Startup Cost": 0.00,"Total Cost": 44845.00,"Plan Rows": 1499850,"Plan Width": 8,"Actual Startup Time": 0.065,"Actual Total Time": 2757.508,"Actual Rows": 1483622,"Actual Loops": 1,"Filter": "((o_comment)::text !~~ '%unusual%accounts%'::text)","Rows Removed by Filter": 16378},{"Node Type": "Hash","Parent Relationship": "Inner","Parallel Aware": false,"Async Capable": false,"Startup Cost": 3906.42,"Total Cost": 3906.42,"Plan Rows": 150000,"Plan Width": 4,"Actual Startup Time": 37.343,"Actual Total Time": 37.362,"Actual Rows": 150000,"Actual Loops": 1,"Hash Buckets": 262144,"Original Hash Buckets": 262144,"Hash Batches": 1,"Original Hash Batches": 1,"Peak Memory Usage": 7322,"Plans": [{"Node Type": "Index Only Scan","Parent Relationship": "Outer","Parallel Aware": false,"Async Capable": false,"Scan Direction": "Forward","Index Name": "customer_pkey","Relation Name": "customer","Alias": "customer","Startup Cost": 0.42,"Total Cost": 3906.42,"Plan Rows": 150000,"Plan Width": 4,"Actual Startup Time": 0.036,"Actual Total Time": 14.472,"Actual Rows": 150000,"Actual Loops": 1,"Heap Fetches": 0}]}]}]}]}]},"Planning Time": 4.331,"Triggers": [],"Execution Time": 6056.690}]
[{"Plan": {"Node Type": "Sort","Parallel Aware": false,"Async Capable": false,"Startup Cost": 65708.14,"Total Cost": 65708.64,"Plan Rows": 200,"Plan Width": 16,"Actual Startup Time": 6734.447,"Actual Total Time": 6734.481,"Actual Rows": 42,"Actual Loops": 1,"Sort Key": ["(count(*)) DESC", "(count(orders.o_orderkey)) DESC"],"Sort Method": "quicksort","Sort Space Used": 27,"Sort Space Type": "Memory","Plans": [{"Node Type": "Aggregate","Strategy": "Hashed","Partial Mode": "Simple","Parent Relationship": "Outer","Parallel Aware": false,"Async Capable": false,"Startup Cost": 65698.50,"Total Cost": 65700.50,"Plan Rows": 200,"Plan Width": 16,"Actual Startup Time": 6734.369,"Actual Total Time": 6734.411,"Actual Rows": 42,"Actual Loops": 1,"Group Key": ["count(orders.o_orderkey)"],"Planned Partitions": 0,"HashAgg Batches": 1,"Peak Memory Usage": 40,"Disk Usage": 0,"Plans": [{"Node Type": "Aggregate","Strategy": "Hashed","Partial Mode": "Simple","Parent Relationship": "Outer","Parallel Aware": false,"Async Capable": false,"Startup Cost": 61948.50,"Total Cost": 63448.50,"Plan Rows": 150000,"Plan Width": 12,"Actual Startup Time": 6542.374,"Actual Total Time": 6720.630,"Actual Rows": 150000,"Actual Loops": 1,"Group Key": ["customer.c_custkey"],"Planned Partitions": 0,"HashAgg Batches": 1,"Peak Memory Usage": 22545,"Disk Usage": 0,"Plans": [{"Node Type": "Hash Join","Parent Relationship": "Outer","Parallel Aware": false,"Async Capable": false,"Join Type": "Right","Startup Cost": 5781.42,"Total Cost": 54524.26,"Plan Rows": 1484848,"Plan Width": 8,"Actual Startup Time": 36.319,"Actual Total Time": 4621.827,"Actual Rows": 1533676,"Actual Loops": 1,"Inner Unique": true,"Hash Cond": "(orders.o_custkey = customer.c_custkey)","Plans": [{"Node Type": "Seq Scan","Parent Relationship": "Outer","Parallel Aware": false,"Async Capable": false,"Relation Name": "orders","Alias": "orders","Startup Cost": 0.00,"Total Cost": 44845.00,"Plan Rows": 1484848,"Plan Width": 8,"Actual Startup Time": 0.054,"Actual Total Time": 3196.487,"Actual Rows": 1483672,"Actual Loops": 1,"Filter": "((o_comment)::text !~~ '%express%requests%'::text)","Rows Removed by Filter": 16328},{"Node Type": "Hash","Parent Relationship": "Inner","Parallel Aware": false,"Async Capable": false,"Startup Cost": 3906.42,"Total Cost": 3906.42,"Plan Rows": 150000,"Plan Width": 4,"Actual Startup Time": 34.348,"Actual Total Time": 34.358,"Actual Rows": 150000,"Actual Loops": 1,"Hash Buckets": 262144,"Original Hash Buckets": 262144,"Hash Batches": 1,"Original Hash Batches": 1,"Peak Memory Usage": 7322,"Plans": [{"Node Type": "Index Only Scan","Parent Relationship": "Outer","Parallel Aware": false,"Async Capable": false,"Scan Direction": "Forward","Index Name": "customer_pkey","Relation Name": "customer","Alias": "customer","Startup Cost": 0.42,"Total Cost": 3906.42,"Plan Rows": 150000,"Plan Width": 4,"Actual Startup Time": 0.054,"Actual Total Time": 13.145,"Actual Rows": 150000,"Actual Loops": 1,"Heap Fetches": 0}]}]}]}]}]},"Planning Time": 4.493,"Triggers": [],"Execution Time": 6743.934}]
[{"Plan": {"Node Type": "Sort","Parallel Aware": false,"Async Capable": false,"Startup Cost": 65708.14,"Total Cost": 65708.64,"Plan Rows": 200,"Plan Width": 16,"Actual Startup Time": 6706.121,"Actual Total Time": 6706.163,"Actual Rows": 42,"Actual Loops": 1,"Sort Key": ["(count(*)) DESC", "(count(orders.o_orderkey)) DESC"],"Sort Method": "quicksort","Sort Space Used": 27,"Sort Space Type": "Memory","Plans": [{"Node Type": "Aggregate","Strategy": "Hashed","Partial Mode": "Simple","Parent Relationship": "Outer","Parallel Aware": false,"Async Capable": false,"Startup Cost": 65698.50,"Total Cost": 65700.50,"Plan Rows": 200,"Plan Width": 16,"Actual Startup Time": 6706.048,"Actual Total Time": 6706.098,"Actual Rows": 42,"Actual Loops": 1,"Group Key": ["count(orders.o_orderkey)"],"Planned Partitions": 0,"HashAgg Batches": 1,"Peak Memory Usage": 40,"Disk Usage": 0,"Plans": [{"Node Type": "Aggregate","Strategy": "Hashed","Partial Mode": "Simple","Parent Relationship": "Outer","Parallel Aware": false,"Async Capable": false,"Startup Cost": 61948.50,"Total Cost": 63448.50,"Plan Rows": 150000,"Plan Width": 12,"Actual Startup Time": 6534.914,"Actual Total Time": 6692.300,"Actual Rows": 150000,"Actual Loops": 1,"Group Key": ["customer.c_custkey"],"Planned Partitions": 0,"HashAgg Batches": 1,"Peak Memory Usage": 22545,"Disk Usage": 0,"Plans": [{"Node Type": "Hash Join","Parent Relationship": "Outer","Parallel Aware": false,"Async Capable": false,"Join Type": "Right","Startup Cost": 5781.42,"Total Cost": 54524.26,"Plan Rows": 1484848,"Plan Width": 8,"Actual Startup Time": 35.450,"Actual Total Time": 4617.784,"Actual Rows": 1533791,"Actual Loops": 1,"Inner Unique": true,"Hash Cond": "(orders.o_custkey = customer.c_custkey)","Plans": [{"Node Type": "Seq Scan","Parent Relationship": "Outer","Parallel Aware": false,"Async Capable": false,"Relation Name": "orders","Alias": "orders","Startup Cost": 0.00,"Total Cost": 44845.00,"Plan Rows": 1484848,"Plan Width": 8,"Actual Startup Time": 0.045,"Actual Total Time": 3189.289,"Actual Rows": 1483787,"Actual Loops": 1,"Filter": "((o_comment)::text !~~ '%unusual%packages%'::text)","Rows Removed by Filter": 16213},{"Node Type": "Hash","Parent Relationship": "Inner","Parallel Aware": false,"Async Capable": false,"Startup Cost": 3906.42,"Total Cost": 3906.42,"Plan Rows": 150000,"Plan Width": 4,"Actual Startup Time": 33.722,"Actual Total Time": 33.741,"Actual Rows": 150000,"Actual Loops": 1,"Hash Buckets": 262144,"Original Hash Buckets": 262144,"Hash Batches": 1,"Original Hash Batches": 1,"Peak Memory Usage": 7322,"Plans": [{"Node Type": "Index Only Scan","Parent Relationship": "Outer","Parallel Aware": false,"Async Capable": false,"Scan Direction": "Forward","Index Name": "customer_pkey","Relation Name": "customer","Alias": "customer","Startup Cost": 0.42,"Total Cost": 3906.42,"Plan Rows": 150000,"Plan Width": 4,"Actual Startup Time": 0.040,"Actual Total Time": 13.017,"Actual Rows": 150000,"Actual Loops": 1,"Heap Fetches": 0}]}]}]}]}]},"Planning Time": 3.840,"Triggers": [],"Execution Time": 6714.032}]
[{"Plan": {"Node Type": "Sort","Parallel Aware": false,"Async Capable": false,"Startup Cost": 65708.14,"Total Cost": 65708.64,"Plan Rows": 200,"Plan Width": 16,"Actual Startup Time": 6096.152,"Actual Total Time": 6096.183,"Actual Rows": 42,"Actual Loops": 1,"Sort Key": ["(count(*)) DESC", "(count(orders.o_orderkey)) DESC"],"Sort Method": "quicksort","Sort Space Used": 27,"Sort Space Type": "Memory","Plans": [{"Node Type": "Aggregate","Strategy": "Hashed","Partial Mode": "Simple","Parent Relationship": "Outer","Parallel Aware": false,"Async Capable": false,"Startup Cost": 65698.50,"Total Cost": 65700.50,"Plan Rows": 200,"Plan Width": 16,"Actual Startup Time": 6096.055,"Actual Total Time": 6096.099,"Actual Rows": 42,"Actual Loops": 1,"Group Key": ["count(orders.o_orderkey)"],"Planned Partitions": 0,"HashAgg Batches": 1,"Peak Memory Usage": 40,"Disk Usage": 0,"Plans": [{"Node Type": "Aggregate","Strategy": "Hashed","Partial Mode": "Simple","Parent Relationship": "Outer","Parallel Aware": false,"Async Capable": false,"Startup Cost": 61948.50,"Total Cost": 63448.50,"Plan Rows": 150000,"Plan Width": 12,"Actual Startup Time": 5916.888,"Actual Total Time": 6082.285,"Actual Rows": 150000,"Actual Loops": 1,"Group Key": ["customer.c_custkey"],"Planned Partitions": 0,"HashAgg Batches": 1,"Peak Memory Usage": 22545,"Disk Usage": 0,"Plans": [{"Node Type": "Hash Join","Parent Relationship": "Outer","Parallel Aware": false,"Async Capable": false,"Join Type": "Right","Startup Cost": 5781.42,"Total Cost": 54524.26,"Plan Rows": 1484848,"Plan Width": 8,"Actual Startup Time": 39.799,"Actual Total Time": 4085.231,"Actual Rows": 1533660,"Actual Loops": 1,"Inner Unique": true,"Hash Cond": "(orders.o_custkey = customer.c_custkey)","Plans": [{"Node Type": "Seq Scan","Parent Relationship": "Outer","Parallel Aware": false,"Async Capable": false,"Relation Name": "orders","Alias": "orders","Startup Cost": 0.00,"Total Cost": 44845.00,"Plan Rows": 1484848,"Plan Width": 8,"Actual Startup Time": 0.053,"Actual Total Time": 2810.059,"Actual Rows": 1483656,"Actual Loops": 1,"Filter": "((o_comment)::text !~~ '%pending%requests%'::text)","Rows Removed by Filter": 16344},{"Node Type": "Hash","Parent Relationship": "Inner","Parallel Aware": false,"Async Capable": false,"Startup Cost": 3906.42,"Total Cost": 3906.42,"Plan Rows": 150000,"Plan Width": 4,"Actual Startup Time": 37.918,"Actual Total Time": 37.930,"Actual Rows": 150000,"Actual Loops": 1,"Hash Buckets": 262144,"Original Hash Buckets": 262144,"Hash Batches": 1,"Original Hash Batches": 1,"Peak Memory Usage": 7322,"Plans": [{"Node Type": "Index Only Scan","Parent Relationship": "Outer","Parallel Aware": false,"Async Capable": false,"Scan Direction": "Forward","Index Name": "customer_pkey","Relation Name": "customer","Alias": "customer","Startup Cost": 0.42,"Total Cost": 3906.42,"Plan Rows": 150000,"Plan Width": 4,"Actual Startup Time": 0.035,"Actual Total Time": 14.493,"Actual Rows": 150000,"Actual Loops": 1,"Heap Fetches": 0}]}]}]}]}]},"Planning Time": 4.221,"Triggers": [],"Execution Time": 6104.310}]
[{"Plan": {"Node Type": "Sort","Parallel Aware": false,"Async Capable": false,"Startup Cost": 65592.61,"Total Cost": 65593.11,"Plan Rows": 200,"Plan Width": 16,"Actual Startup Time": 6059.416,"Actual Total Time": 6059.459,"Actual Rows": 42,"Actual Loops": 1,"Sort Key": ["(count(*)) DESC", "(count(orders.o_orderkey)) DESC"],"Sort Method": "quicksort","Sort Space Used": 27,"Sort Space Type": "Memory","Plans": [{"Node Type": "Aggregate","Strategy": "Hashed","Partial Mode": "Simple","Parent Relationship": "Outer","Parallel Aware": false,"Async Capable": false,"Startup Cost": 65582.97,"Total Cost": 65584.97,"Plan Rows": 200,"Plan Width": 16,"Actual Startup Time": 6059.318,"Actual Total Time": 6059.369,"Actual Rows": 42,"Actual Loops": 1,"Group Key": ["count(orders.o_orderkey)"],"Planned Partitions": 0,"HashAgg Batches": 1,"Peak Memory Usage": 40,"Disk Usage": 0,"Plans": [{"Node Type": "Aggregate","Strategy": "Hashed","Partial Mode": "Simple","Parent Relationship": "Outer","Parallel Aware": false,"Async Capable": false,"Startup Cost": 61832.97,"Total Cost": 63332.97,"Plan Rows": 150000,"Plan Width": 12,"Actual Startup Time": 5864.158,"Actual Total Time": 6045.542,"Actual Rows": 150000,"Actual Loops": 1,"Group Key": ["customer.c_custkey"],"Planned Partitions": 0,"HashAgg Batches": 1,"Peak Memory Usage": 22545,"Disk Usage": 0,"Plans": [{"Node Type": "Hash Join","Parent Relationship": "Outer","Parallel Aware": false,"Async Capable": false,"Join Type": "Right","Startup Cost": 5781.42,"Total Cost": 54484.49,"Plan Rows": 1469697,"Plan Width": 8,"Actual Startup Time": 38.198,"Actual Total Time": 4061.016,"Actual Rows": 1533817,"Actual Loops": 1,"Inner Unique": true,"Hash Cond": "(orders.o_custkey = customer.c_custkey)","Plans": [{"Node Type": "Seq Scan","Parent Relationship": "Outer","Parallel Aware": false,"Async Capable": false,"Relation Name": "orders","Alias": "orders","Startup Cost": 0.00,"Total Cost": 44845.00,"Plan Rows": 1469697,"Plan Width": 8,"Actual Startup Time": 0.037,"Actual Total Time": 2812.366,"Actual Rows": 1483813,"Actual Loops": 1,"Filter": "((o_comment)::text !~~ '%unusual%requests%'::text)","Rows Removed by Filter": 16187},{"Node Type": "Hash","Parent Relationship": "Inner","Parallel Aware": false,"Async Capable": false,"Startup Cost": 3906.42,"Total Cost": 3906.42,"Plan Rows": 150000,"Plan Width": 4,"Actual Startup Time": 36.318,"Actual Total Time": 36.334,"Actual Rows": 150000,"Actual Loops": 1,"Hash Buckets": 262144,"Original Hash Buckets": 262144,"Hash Batches": 1,"Original Hash Batches": 1,"Peak Memory Usage": 7322,"Plans": [{"Node Type": "Index Only Scan","Parent Relationship": "Outer","Parallel Aware": false,"Async Capable": false,"Scan Direction": "Forward","Index Name": "customer_pkey","Relation Name": "customer","Alias": "customer","Startup Cost": 0.42,"Total Cost": 3906.42,"Plan Rows": 150000,"Plan Width": 4,"Actual Startup Time": 0.044,"Actual Total Time": 14.416,"Actual Rows": 150000,"Actual Loops": 1,"Heap Fetches": 0}]}]}]}]}]},"Planning Time": 3.526,"Triggers": [],"Execution Time": 6069.080}]
[{"Plan": {"Node Type": "Sort","Parallel Aware": false,"Async Capable": false,"Startup Cost": 65708.14,"Total Cost": 65708.64,"Plan Rows": 200,"Plan Width": 16,"Actual Startup Time": 6096.152,"Actual Total Time": 6096.183,"Actual Rows": 42,"Actual Loops": 1,"Sort Key": ["(count(*)) DESC", "(count(orders.o_orderkey)) DESC"],"Sort Method": "quicksort","Sort Space Used": 27,"Sort Space Type": "Memory","Plans": [{"Node Type": "Aggregate","Strategy": "Hashed","Partial Mode": "Simple","Parent Relationship": "Outer","Parallel Aware": false,"Async Capable": false,"Startup Cost": 65698.50,"Total Cost": 65700.50,"Plan Rows": 200,"Plan Width": 16,"Actual Startup Time": 6096.055,"Actual Total Time": 6096.099,"Actual Rows": 42,"Actual Loops": 1,"Group Key": ["count(orders.o_orderkey)"],"Planned Partitions": 0,"HashAgg Batches": 1,"Peak Memory Usage": 40,"Disk Usage": 0,"Plans": [{"Node Type": "Aggregate","Strategy": "Hashed","Partial Mode": "Simple","Parent Relationship": "Outer","Parallel Aware": false,"Async Capable": false,"Startup Cost": 61948.50,"Total Cost": 63448.50,"Plan Rows": 150000,"Plan Width": 12,"Actual Startup Time": 5916.888,"Actual Total Time": 6082.285,"Actual Rows": 150000,"Actual Loops": 1,"Group Key": ["customer.c_custkey"],"Planned Partitions": 0,"HashAgg Batches": 1,"Peak Memory Usage": 22545,"Disk Usage": 0,"Plans": [{"Node Type": "Hash Join","Parent Relationship": "Outer","Parallel Aware": false,"Async Capable": false,"Join Type": "Right","Startup Cost": 5781.42,"Total Cost": 54524.26,"Plan Rows": 1484848,"Plan Width": 8,"Actual Startup Time": 39.799,"Actual Total Time": 4085.231,"Actual Rows": 1533660,"Actual Loops": 1,"Inner Unique": true,"Hash Cond": "(orders.o_custkey = customer.c_custkey)","Plans": [{"Node Type": "Seq Scan","Parent Relationship": "Outer","Parallel Aware": false,"Async Capable": false,"Relation Name": "orders","Alias": "orders","Startup Cost": 0.00,"Total Cost": 44845.00,"Plan Rows": 1484848,"Plan Width": 8,"Actual Startup Time": 0.053,"Actual Total Time": 2810.059,"Actual Rows": 1483656,"Actual Loops": 1,"Filter": "((o_comment)::text !~~ '%pending%requests%'::text)","Rows Removed by Filter": 16344},{"Node Type": "Hash","Parent Relationship": "Inner","Parallel Aware": false,"Async Capable": false,"Startup Cost": 3906.42,"Total Cost": 3906.42,"Plan Rows": 150000,"Plan Width": 4,"Actual Startup Time": 37.918,"Actual Total Time": 37.930,"Actual Rows": 150000,"Actual Loops": 1,"Hash Buckets": 262144,"Original Hash Buckets": 262144,"Hash Batches": 1,"Original Hash Batches": 1,"Peak Memory Usage": 7322,"Plans": [{"Node Type": "Index Only Scan","Parent Relationship": "Outer","Parallel Aware": false,"Async Capable": false,"Scan Direction": "Forward","Index Name": "customer_pkey","Relation Name": "customer","Alias": "customer","Startup Cost": 0.42,"Total Cost": 3906.42,"Plan Rows": 150000,"Plan Width": 4,"Actual Startup Time": 0.035,"Actual Total Time": 14.493,"Actual Rows": 150000,"Actual Loops": 1,"Heap Fetches": 0}]}]}]}]}]},"Planning Time": 4.221,"Triggers": [],"Execution Time": 6104.310}]
[{"Plan": {"Node Type": "Sort","Parallel Aware": false,"Async Capable": false,"Startup Cost": 65592.61,"Total Cost": 65593.11,"Plan Rows": 200,"Plan Width": 16,"Actual Startup Time": 6147.348,"Actual Total Time": 6147.387,"Actual Rows": 42,"Actual Loops": 1,"Sort Key": ["(count(*)) DESC", "(count(orders.o_orderkey)) DESC"],"Sort Method": "quicksort","Sort Space Used": 27,"Sort Space Type": "Memory","Plans": [{"Node Type": "Aggregate","Strategy": "Hashed","Partial Mode": "Simple","Parent Relationship": "Outer","Parallel Aware": false,"Async Capable": false,"Startup Cost": 65582.97,"Total Cost": 65584.97,"Plan Rows": 200,"Plan Width": 16,"Actual Startup Time": 6147.247,"Actual Total Time": 6147.296,"Actual Rows": 42,"Actual Loops": 1,"Group Key": ["count(orders.o_orderkey)"],"Planned Partitions": 0,"HashAgg Batches": 1,"Peak Memory Usage": 40,"Disk Usage": 0,"Plans": [{"Node Type": "Aggregate","Strategy": "Hashed","Partial Mode": "Simple","Parent Relationship": "Outer","Parallel Aware": false,"Async Capable": false,"Startup Cost": 61832.97,"Total Cost": 63332.97,"Plan Rows": 150000,"Plan Width": 12,"Actual Startup Time": 5968.961,"Actual Total Time": 6133.532,"Actual Rows": 150000,"Actual Loops": 1,"Group Key": ["customer.c_custkey"],"Planned Partitions": 0,"HashAgg Batches": 1,"Peak Memory Usage": 22545,"Disk Usage": 0,"Plans": [{"Node Type": "Hash Join","Parent Relationship": "Outer","Parallel Aware": false,"Async Capable": false,"Join Type": "Right","Startup Cost": 5781.42,"Total Cost": 54484.49,"Plan Rows": 1469697,"Plan Width": 8,"Actual Startup Time": 38.076,"Actual Total Time": 4114.998,"Actual Rows": 1533945,"Actual Loops": 1,"Inner Unique": true,"Hash Cond": "(orders.o_custkey = customer.c_custkey)","Plans": [{"Node Type": "Seq Scan","Parent Relationship": "Outer","Parallel Aware": false,"Async Capable": false,"Relation Name": "orders","Alias": "orders","Startup Cost": 0.00,"Total Cost": 44845.00,"Plan Rows": 1469697,"Plan Width": 8,"Actual Startup Time": 0.049,"Actual Total Time": 2844.878,"Actual Rows": 1483941,"Actual Loops": 1,"Filter": "((o_comment)::text !~~ '%express%packages%'::text)","Rows Removed by Filter": 16059},{"Node Type": "Hash","Parent Relationship": "Inner","Parallel Aware": false,"Async Capable": false,"Startup Cost": 3906.42,"Total Cost": 3906.42,"Plan Rows": 150000,"Plan Width": 4,"Actual Startup Time": 36.257,"Actual Total Time": 36.268,"Actual Rows": 150000,"Actual Loops": 1,"Hash Buckets": 262144,"Original Hash Buckets": 262144,"Hash Batches": 1,"Original Hash Batches": 1,"Peak Memory Usage": 7322,"Plans": [{"Node Type": "Index Only Scan","Parent Relationship": "Outer","Parallel Aware": false,"Async Capable": false,"Scan Direction": "Forward","Index Name": "customer_pkey","Relation Name": "customer","Alias": "customer","Startup Cost": 0.42,"Total Cost": 3906.42,"Plan Rows": 150000,"Plan Width": 4,"Actual Startup Time": 0.063,"Actual Total Time": 14.588,"Actual Rows": 150000,"Actual Loops": 1,"Heap Fetches": 0}]}]}]}]}]},"Planning Time": 3.934,"Triggers": [],"Execution Time": 6155.513}]
[{"Plan": {"Node Type": "Sort","Parallel Aware": false,"Async Capable": false,"Startup Cost": 65708.14,"Total Cost": 65708.64,"Plan Rows": 200,"Plan Width": 16,"Actual Startup Time": 6096.152,"Actual Total Time": 6096.183,"Actual Rows": 42,"Actual Loops": 1,"Sort Key": ["(count(*)) DESC", "(count(orders.o_orderkey)) DESC"],"Sort Method": "quicksort","Sort Space Used": 27,"Sort Space Type": "Memory","Plans": [{"Node Type": "Aggregate","Strategy": "Hashed","Partial Mode": "Simple","Parent Relationship": "Outer","Parallel Aware": false,"Async Capable": false,"Startup Cost": 65698.50,"Total Cost": 65700.50,"Plan Rows": 200,"Plan Width": 16,"Actual Startup Time": 6096.055,"Actual Total Time": 6096.099,"Actual Rows": 42,"Actual Loops": 1,"Group Key": ["count(orders.o_orderkey)"],"Planned Partitions": 0,"HashAgg Batches": 1,"Peak Memory Usage": 40,"Disk Usage": 0,"Plans": [{"Node Type": "Aggregate","Strategy": "Hashed","Partial Mode": "Simple","Parent Relationship": "Outer","Parallel Aware": false,"Async Capable": false,"Startup Cost": 61948.50,"Total Cost": 63448.50,"Plan Rows": 150000,"Plan Width": 12,"Actual Startup Time": 5916.888,"Actual Total Time": 6082.285,"Actual Rows": 150000,"Actual Loops": 1,"Group Key": ["customer.c_custkey"],"Planned Partitions": 0,"HashAgg Batches": 1,"Peak Memory Usage": 22545,"Disk Usage": 0,"Plans": [{"Node Type": "Hash Join","Parent Relationship": "Outer","Parallel Aware": false,"Async Capable": false,"Join Type": "Right","Startup Cost": 5781.42,"Total Cost": 54524.26,"Plan Rows": 1484848,"Plan Width": 8,"Actual Startup Time": 39.799,"Actual Total Time": 4085.231,"Actual Rows": 1533660,"Actual Loops": 1,"Inner Unique": true,"Hash Cond": "(orders.o_custkey = customer.c_custkey)","Plans": [{"Node Type": "Seq Scan","Parent Relationship": "Outer","Parallel Aware": false,"Async Capable": false,"Relation Name": "orders","Alias": "orders","Startup Cost": 0.00,"Total Cost": 44845.00,"Plan Rows": 1484848,"Plan Width": 8,"Actual Startup Time": 0.053,"Actual Total Time": 2810.059,"Actual Rows": 1483656,"Actual Loops": 1,"Filter": "((o_comment)::text !~~ '%pending%requests%'::text)","Rows Removed by Filter": 16344},{"Node Type": "Hash","Parent Relationship": "Inner","Parallel Aware": false,"Async Capable": false,"Startup Cost": 3906.42,"Total Cost": 3906.42,"Plan Rows": 150000,"Plan Width": 4,"Actual Startup Time": 37.918,"Actual Total Time": 37.930,"Actual Rows": 150000,"Actual Loops": 1,"Hash Buckets": 262144,"Original Hash Buckets": 262144,"Hash Batches": 1,"Original Hash Batches": 1,"Peak Memory Usage": 7322,"Plans": [{"Node Type": "Index Only Scan","Parent Relationship": "Outer","Parallel Aware": false,"Async Capable": false,"Scan Direction": "Forward","Index Name": "customer_pkey","Relation Name": "customer","Alias": "customer","Startup Cost": 0.42,"Total Cost": 3906.42,"Plan Rows": 150000,"Plan Width": 4,"Actual Startup Time": 0.035,"Actual Total Time": 14.493,"Actual Rows": 150000,"Actual Loops": 1,"Heap Fetches": 0}]}]}]}]}]},"Planning Time": 4.221,"Triggers": [],"Execution Time": 6104.310}]
[{"Plan": {"Node Type": "Sort","Parallel Aware": false,"Async Capable": false,"Startup Cost": 65822.53,"Total Cost": 65823.03,"Plan Rows": 200,"Plan Width": 16,"Actual Startup Time": 6047.687,"Actual Total Time": 6047.735,"Actual Rows": 42,"Actual Loops": 1,"Sort Key": ["(count(*)) DESC", "(count(orders.o_orderkey)) DESC"],"Sort Method": "quicksort","Sort Space Used": 27,"Sort Space Type": "Memory","Plans": [{"Node Type": "Aggregate","Strategy": "Hashed","Partial Mode": "Simple","Parent Relationship": "Outer","Parallel Aware": false,"Async Capable": false,"Startup Cost": 65812.89,"Total Cost": 65814.89,"Plan Rows": 200,"Plan Width": 16,"Actual Startup Time": 6047.591,"Actual Total Time": 6047.643,"Actual Rows": 42,"Actual Loops": 1,"Group Key": ["count(orders.o_orderkey)"],"Planned Partitions": 0,"HashAgg Batches": 1,"Peak Memory Usage": 40,"Disk Usage": 0,"Plans": [{"Node Type": "Aggregate","Strategy": "Hashed","Partial Mode": "Simple","Parent Relationship": "Outer","Parallel Aware": false,"Async Capable": false,"Startup Cost": 62062.89,"Total Cost": 63562.89,"Plan Rows": 150000,"Plan Width": 12,"Actual Startup Time": 5868.600,"Actual Total Time": 6033.866,"Actual Rows": 150000,"Actual Loops": 1,"Group Key": ["customer.c_custkey"],"Planned Partitions": 0,"HashAgg Batches": 1,"Peak Memory Usage": 22545,"Disk Usage": 0,"Plans": [{"Node Type": "Hash Join","Parent Relationship": "Outer","Parallel Aware": false,"Async Capable": false,"Join Type": "Right","Startup Cost": 5781.42,"Total Cost": 54563.64,"Plan Rows": 1499850,"Plan Width": 8,"Actual Startup Time": 39.168,"Actual Total Time": 4010.851,"Actual Rows": 1533626,"Actual Loops": 1,"Inner Unique": true,"Hash Cond": "(orders.o_custkey = customer.c_custkey)","Plans": [{"Node Type": "Seq Scan","Parent Relationship": "Outer","Parallel Aware": false,"Async Capable": false,"Relation Name": "orders","Alias": "orders","Startup Cost": 0.00,"Total Cost": 44845.00,"Plan Rows": 1499850,"Plan Width": 8,"Actual Startup Time": 0.065,"Actual Total Time": 2757.508,"Actual Rows": 1483622,"Actual Loops": 1,"Filter": "((o_comment)::text !~~ '%unusual%accounts%'::text)","Rows Removed by Filter": 16378},{"Node Type": "Hash","Parent Relationship": "Inner","Parallel Aware": false,"Async Capable": false,"Startup Cost": 3906.42,"Total Cost": 3906.42,"Plan Rows": 150000,"Plan Width": 4,"Actual Startup Time": 37.343,"Actual Total Time": 37.362,"Actual Rows": 150000,"Actual Loops": 1,"Hash Buckets": 262144,"Original Hash Buckets": 262144,"Hash Batches": 1,"Original Hash Batches": 1,"Peak Memory Usage": 7322,"Plans": [{"Node Type": "Index Only Scan","Parent Relationship": "Outer","Parallel Aware": false,"Async Capable": false,"Scan Direction": "Forward","Index Name": "customer_pkey","Relation Name": "customer","Alias": "customer","Startup Cost": 0.42,"Total Cost": 3906.42,"Plan Rows": 150000,"Plan Width": 4,"Actual Startup Time": 0.036,"Actual Total Time": 14.472,"Actual Rows": 150000,"Actual Loops": 1,"Heap Fetches": 0}]}]}]}]}]},"Planning Time": 4.331,"Triggers": [],"Execution Time": 6056.690}]
[{"Plan": {"Node Type": "Sort","Parallel Aware": false,"Async Capable": false,"Startup Cost": 65708.14,"Total Cost": 65708.64,"Plan Rows": 200,"Plan Width": 16,"Actual Startup Time": 6096.152,"Actual Total Time": 6096.183,"Actual Rows": 42,"Actual Loops": 1,"Sort Key": ["(count(*)) DESC", "(count(orders.o_orderkey)) DESC"],"Sort Method": "quicksort","Sort Space Used": 27,"Sort Space Type": "Memory","Plans": [{"Node Type": "Aggregate","Strategy": "Hashed","Partial Mode": "Simple","Parent Relationship": "Outer","Parallel Aware": false,"Async Capable": false,"Startup Cost": 65698.50,"Total Cost": 65700.50,"Plan Rows": 200,"Plan Width": 16,"Actual Startup Time": 6096.055,"Actual Total Time": 6096.099,"Actual Rows": 42,"Actual Loops": 1,"Group Key": ["count(orders.o_orderkey)"],"Planned Partitions": 0,"HashAgg Batches": 1,"Peak Memory Usage": 40,"Disk Usage": 0,"Plans": [{"Node Type": "Aggregate","Strategy": "Hashed","Partial Mode": "Simple","Parent Relationship": "Outer","Parallel Aware": false,"Async Capable": false,"Startup Cost": 61948.50,"Total Cost": 63448.50,"Plan Rows": 150000,"Plan Width": 12,"Actual Startup Time": 5916.888,"Actual Total Time": 6082.285,"Actual Rows": 150000,"Actual Loops": 1,"Group Key": ["customer.c_custkey"],"Planned Partitions": 0,"HashAgg Batches": 1,"Peak Memory Usage": 22545,"Disk Usage": 0,"Plans": [{"Node Type": "Hash Join","Parent Relationship": "Outer","Parallel Aware": false,"Async Capable": false,"Join Type": "Right","Startup Cost": 5781.42,"Total Cost": 54524.26,"Plan Rows": 1484848,"Plan Width": 8,"Actual Startup Time": 39.799,"Actual Total Time": 4085.231,"Actual Rows": 1533660,"Actual Loops": 1,"Inner Unique": true,"Hash Cond": "(orders.o_custkey = customer.c_custkey)","Plans": [{"Node Type": "Seq Scan","Parent Relationship": "Outer","Parallel Aware": false,"Async Capable": false,"Relation Name": "orders","Alias": "orders","Startup Cost": 0.00,"Total Cost": 44845.00,"Plan Rows": 1484848,"Plan Width": 8,"Actual Startup Time": 0.053,"Actual Total Time": 2810.059,"Actual Rows": 1483656,"Actual Loops": 1,"Filter": "((o_comment)::text !~~ '%pending%requests%'::text)","Rows Removed by Filter": 16344},{"Node Type": "Hash","Parent Relationship": "Inner","Parallel Aware": false,"Async Capable": false,"Startup Cost": 3906.42,"Total Cost": 3906.42,"Plan Rows": 150000,"Plan Width": 4,"Actual Startup Time": 37.918,"Actual Total Time": 37.930,"Actual Rows": 150000,"Actual Loops": 1,"Hash Buckets": 262144,"Original Hash Buckets": 262144,"Hash Batches": 1,"Original Hash Batches": 1,"Peak Memory Usage": 7322,"Plans": [{"Node Type": "Index Only Scan","Parent Relationship": "Outer","Parallel Aware": false,"Async Capable": false,"Scan Direction": "Forward","Index Name": "customer_pkey","Relation Name": "customer","Alias": "customer","Startup Cost": 0.42,"Total Cost": 3906.42,"Plan Rows": 150000,"Plan Width": 4,"Actual Startup Time": 0.035,"Actual Total Time": 14.493,"Actual Rows": 150000,"Actual Loops": 1,"Heap Fetches": 0}]}]}]}]}]},"Planning Time": 4.221,"Triggers": [],"Execution Time": 6104.310}]
[{"Plan": {"Node Type": "Sort","Parallel Aware": false,"Async Capable": false,"Startup Cost": 65592.61,"Total Cost": 65593.11,"Plan Rows": 200,"Plan Width": 16,"Actual Startup Time": 6059.416,"Actual Total Time": 6059.459,"Actual Rows": 42,"Actual Loops": 1,"Sort Key": ["(count(*)) DESC", "(count(orders.o_orderkey)) DESC"],"Sort Method": "quicksort","Sort Space Used": 27,"Sort Space Type": "Memory","Plans": [{"Node Type": "Aggregate","Strategy": "Hashed","Partial Mode": "Simple","Parent Relationship": "Outer","Parallel Aware": false,"Async Capable": false,"Startup Cost": 65582.97,"Total Cost": 65584.97,"Plan Rows": 200,"Plan Width": 16,"Actual Startup Time": 6059.318,"Actual Total Time": 6059.369,"Actual Rows": 42,"Actual Loops": 1,"Group Key": ["count(orders.o_orderkey)"],"Planned Partitions": 0,"HashAgg Batches": 1,"Peak Memory Usage": 40,"Disk Usage": 0,"Plans": [{"Node Type": "Aggregate","Strategy": "Hashed","Partial Mode": "Simple","Parent Relationship": "Outer","Parallel Aware": false,"Async Capable": false,"Startup Cost": 61832.97,"Total Cost": 63332.97,"Plan Rows": 150000,"Plan Width": 12,"Actual Startup Time": 5864.158,"Actual Total Time": 6045.542,"Actual Rows": 150000,"Actual Loops": 1,"Group Key": ["customer.c_custkey"],"Planned Partitions": 0,"HashAgg Batches": 1,"Peak Memory Usage": 22545,"Disk Usage": 0,"Plans": [{"Node Type": "Hash Join","Parent Relationship": "Outer","Parallel Aware": false,"Async Capable": false,"Join Type": "Right","Startup Cost": 5781.42,"Total Cost": 54484.49,"Plan Rows": 1469697,"Plan Width": 8,"Actual Startup Time": 38.198,"Actual Total Time": 4061.016,"Actual Rows": 1533817,"Actual Loops": 1,"Inner Unique": true,"Hash Cond": "(orders.o_custkey = customer.c_custkey)","Plans": [{"Node Type": "Seq Scan","Parent Relationship": "Outer","Parallel Aware": false,"Async Capable": false,"Relation Name": "orders","Alias": "orders","Startup Cost": 0.00,"Total Cost": 44845.00,"Plan Rows": 1469697,"Plan Width": 8,"Actual Startup Time": 0.037,"Actual Total Time": 2812.366,"Actual Rows": 1483813,"Actual Loops": 1,"Filter": "((o_comment)::text !~~ '%unusual%requests%'::text)","Rows Removed by Filter": 16187},{"Node Type": "Hash","Parent Relationship": "Inner","Parallel Aware": false,"Async Capable": false,"Startup Cost": 3906.42,"Total Cost": 3906.42,"Plan Rows": 150000,"Plan Width": 4,"Actual Startup Time": 36.318,"Actual Total Time": 36.334,"Actual Rows": 150000,"Actual Loops": 1,"Hash Buckets": 262144,"Original Hash Buckets": 262144,"Hash Batches": 1,"Original Hash Batches": 1,"Peak Memory Usage": 7322,"Plans": [{"Node Type": "Index Only Scan","Parent Relationship": "Outer","Parallel Aware": false,"Async Capable": false,"Scan Direction": "Forward","Index Name": "customer_pkey","Relation Name": "customer","Alias": "customer","Startup Cost": 0.42,"Total Cost": 3906.42,"Plan Rows": 150000,"Plan Width": 4,"Actual Startup Time": 0.044,"Actual Total Time": 14.416,"Actual Rows": 150000,"Actual Loops": 1,"Heap Fetches": 0}]}]}]}]}]},"Planning Time": 3.526,"Triggers": [],"Execution Time": 6069.080}]
[{"Plan": {"Node Type": "Sort","Parallel Aware": false,"Async Capable": false,"Startup Cost": 65822.53,"Total Cost": 65823.03,"Plan Rows": 200,"Plan Width": 16,"Actual Startup Time": 6789.356,"Actual Total Time": 6789.385,"Actual Rows": 42,"Actual Loops": 1,"Sort Key": ["(count(*)) DESC", "(count(orders.o_orderkey)) DESC"],"Sort Method": "quicksort","Sort Space Used": 27,"Sort Space Type": "Memory","Plans": [{"Node Type": "Aggregate","Strategy": "Hashed","Partial Mode": "Simple","Parent Relationship": "Outer","Parallel Aware": false,"Async Capable": false,"Startup Cost": 65812.89,"Total Cost": 65814.89,"Plan Rows": 200,"Plan Width": 16,"Actual Startup Time": 6789.265,"Actual Total Time": 6789.304,"Actual Rows": 42,"Actual Loops": 1,"Group Key": ["count(orders.o_orderkey)"],"Planned Partitions": 0,"HashAgg Batches": 1,"Peak Memory Usage": 40,"Disk Usage": 0,"Plans": [{"Node Type": "Aggregate","Strategy": "Hashed","Partial Mode": "Simple","Parent Relationship": "Outer","Parallel Aware": false,"Async Capable": false,"Startup Cost": 62062.89,"Total Cost": 63562.89,"Plan Rows": 150000,"Plan Width": 12,"Actual Startup Time": 6597.323,"Actual Total Time": 6775.519,"Actual Rows": 150000,"Actual Loops": 1,"Group Key": ["customer.c_custkey"],"Planned Partitions": 0,"HashAgg Batches": 1,"Peak Memory Usage": 22545,"Disk Usage": 0,"Plans": [{"Node Type": "Hash Join","Parent Relationship": "Outer","Parallel Aware": false,"Async Capable": false,"Join Type": "Right","Startup Cost": 5781.42,"Total Cost": 54563.64,"Plan Rows": 1499850,"Plan Width": 8,"Actual Startup Time": 45.919,"Actual Total Time": 4674.391,"Actual Rows": 1534025,"Actual Loops": 1,"Inner Unique": true,"Hash Cond": "(orders.o_custkey = customer.c_custkey)","Plans": [{"Node Type": "Seq Scan","Parent Relationship": "Outer","Parallel Aware": false,"Async Capable": false,"Relation Name": "orders","Alias": "orders","Startup Cost": 0.00,"Total Cost": 44845.00,"Plan Rows": 1499850,"Plan Width": 8,"Actual Startup Time": 0.049,"Actual Total Time": 3245.830,"Actual Rows": 1484020,"Actual Loops": 1,"Filter": "((o_comment)::text !~~ '%express%deposits%'::text)","Rows Removed by Filter": 15980},{"Node Type": "Hash","Parent Relationship": "Inner","Parallel Aware": false,"Async Capable": false,"Startup Cost": 3906.42,"Total Cost": 3906.42,"Plan Rows": 150000,"Plan Width": 4,"Actual Startup Time": 44.047,"Actual Total Time": 44.059,"Actual Rows": 150000,"Actual Loops": 1,"Hash Buckets": 262144,"Original Hash Buckets": 262144,"Hash Batches": 1,"Original Hash Batches": 1,"Peak Memory Usage": 7322,"Plans": [{"Node Type": "Index Only Scan","Parent Relationship": "Outer","Parallel Aware": false,"Async Capable": false,"Scan Direction": "Forward","Index Name": "customer_pkey","Relation Name": "customer","Alias": "customer","Startup Cost": 0.42,"Total Cost": 3906.42,"Plan Rows": 150000,"Plan Width": 4,"Actual Startup Time": 0.049,"Actual Total Time": 21.219,"Actual Rows": 150000,"Actual Loops": 1,"Heap Fetches": 0}]}]}]}]}]},"Planning Time": 4.349,"Triggers": [],"Execution Time": 6798.388}]
[{"Plan": {"Node Type": "Sort","Parallel Aware": false,"Async Capable": false,"Startup Cost": 65592.61,"Total Cost": 65593.11,"Plan Rows": 200,"Plan Width": 16,"Actual Startup Time": 6108.888,"Actual Total Time": 6108.932,"Actual Rows": 42,"Actual Loops": 1,"Sort Key": ["(count(*)) DESC", "(count(orders.o_orderkey)) DESC"],"Sort Method": "quicksort","Sort Space Used": 27,"Sort Space Type": "Memory","Plans": [{"Node Type": "Aggregate","Strategy": "Hashed","Partial Mode": "Simple","Parent Relationship": "Outer","Parallel Aware": false,"Async Capable": false,"Startup Cost": 65582.97,"Total Cost": 65584.97,"Plan Rows": 200,"Plan Width": 16,"Actual Startup Time": 6108.797,"Actual Total Time": 6108.848,"Actual Rows": 42,"Actual Loops": 1,"Group Key": ["count(orders.o_orderkey)"],"Planned Partitions": 0,"HashAgg Batches": 1,"Peak Memory Usage": 40,"Disk Usage": 0,"Plans": [{"Node Type": "Aggregate","Strategy": "Hashed","Partial Mode": "Simple","Parent Relationship": "Outer","Parallel Aware": false,"Async Capable": false,"Startup Cost": 61832.97,"Total Cost": 63332.97,"Plan Rows": 150000,"Plan Width": 12,"Actual Startup Time": 5916.041,"Actual Total Time": 6095.043,"Actual Rows": 150000,"Actual Loops": 1,"Group Key": ["customer.c_custkey"],"Planned Partitions": 0,"HashAgg Batches": 1,"Peak Memory Usage": 22545,"Disk Usage": 0,"Plans": [{"Node Type": "Hash Join","Parent Relationship": "Outer","Parallel Aware": false,"Async Capable": false,"Join Type": "Right","Startup Cost": 5781.42,"Total Cost": 54484.49,"Plan Rows": 1469697,"Plan Width": 8,"Actual Startup Time": 39.068,"Actual Total Time": 4097.616,"Actual Rows": 1534019,"Actual Loops": 1,"Inner Unique": true,"Hash Cond": "(orders.o_custkey = customer.c_custkey)","Plans": [{"Node Type": "Seq Scan","Parent Relationship": "Outer","Parallel Aware": false,"Async Capable": false,"Relation Name": "orders","Alias": "orders","Startup Cost": 0.00,"Total Cost": 44845.00,"Plan Rows": 1469697,"Plan Width": 8,"Actual Startup Time": 0.051,"Actual Total Time": 2823.952,"Actual Rows": 1484015,"Actual Loops": 1,"Filter": "((o_comment)::text !~~ '%express%accounts%'::text)","Rows Removed by Filter": 15985},{"Node Type": "Hash","Parent Relationship": "Inner","Parallel Aware": false,"Async Capable": false,"Startup Cost": 3906.42,"Total Cost": 3906.42,"Plan Rows": 150000,"Plan Width": 4,"Actual Startup Time": 37.191,"Actual Total Time": 37.207,"Actual Rows": 150000,"Actual Loops": 1,"Hash Buckets": 262144,"Original Hash Buckets": 262144,"Hash Batches": 1,"Original Hash Batches": 1,"Peak Memory Usage": 7322,"Plans": [{"Node Type": "Index Only Scan","Parent Relationship": "Outer","Parallel Aware": false,"Async Capable": false,"Scan Direction": "Forward","Index Name": "customer_pkey","Relation Name": "customer","Alias": "customer","Startup Cost": 0.42,"Total Cost": 3906.42,"Plan Rows": 150000,"Plan Width": 4,"Actual Startup Time": 0.038,"Actual Total Time": 14.188,"Actual Rows": 150000,"Actual Loops": 1,"Heap Fetches": 0}]}]}]}]}]},"Planning Time": 3.814,"Triggers": [],"Execution Time": 6118.531}]
[{"Plan": {"Node Type": "Sort","Parallel Aware": false,"Async Capable": false,"Startup Cost": 65822.53,"Total Cost": 65823.03,"Plan Rows": 200,"Plan Width": 16,"Actual Startup Time": 6650.964,"Actual Total Time": 6651.000,"Actual Rows": 42,"Actual Loops": 1,"Sort Key": ["(count(*)) DESC", "(count(orders.o_orderkey)) DESC"],"Sort Method": "quicksort","Sort Space Used": 27,"Sort Space Type": "Memory","Plans": [{"Node Type": "Aggregate","Strategy": "Hashed","Partial Mode": "Simple","Parent Relationship": "Outer","Parallel Aware": false,"Async Capable": false,"Startup Cost": 65812.89,"Total Cost": 65814.89,"Plan Rows": 200,"Plan Width": 16,"Actual Startup Time": 6650.893,"Actual Total Time": 6650.940,"Actual Rows": 42,"Actual Loops": 1,"Group Key": ["count(orders.o_orderkey)"],"Planned Partitions": 0,"HashAgg Batches": 1,"Peak Memory Usage": 40,"Disk Usage": 0,"Plans": [{"Node Type": "Aggregate","Strategy": "Hashed","Partial Mode": "Simple","Parent Relationship": "Outer","Parallel Aware": false,"Async Capable": false,"Startup Cost": 62062.89,"Total Cost": 63562.89,"Plan Rows": 150000,"Plan Width": 12,"Actual Startup Time": 6477.408,"Actual Total Time": 6637.150,"Actual Rows": 150000,"Actual Loops": 1,"Group Key": ["customer.c_custkey"],"Planned Partitions": 0,"HashAgg Batches": 1,"Peak Memory Usage": 22545,"Disk Usage": 0,"Plans": [{"Node Type": "Hash Join","Parent Relationship": "Outer","Parallel Aware": false,"Async Capable": false,"Join Type": "Right","Startup Cost": 5781.42,"Total Cost": 54563.64,"Plan Rows": 1499850,"Plan Width": 8,"Actual Startup Time": 36.551,"Actual Total Time": 4552.506,"Actual Rows": 1533843,"Actual Loops": 1,"Inner Unique": true,"Hash Cond": "(orders.o_custkey = customer.c_custkey)","Plans": [{"Node Type": "Seq Scan","Parent Relationship": "Outer","Parallel Aware": false,"Async Capable": false,"Relation Name": "orders","Alias": "orders","Startup Cost": 0.00,"Total Cost": 44845.00,"Plan Rows": 1499850,"Plan Width": 8,"Actual Startup Time": 0.044,"Actual Total Time": 3147.620,"Actual Rows": 1483839,"Actual Loops": 1,"Filter": "((o_comment)::text !~~ '%pending%deposits%'::text)","Rows Removed by Filter": 16161},{"Node Type": "Hash","Parent Relationship": "Inner","Parallel Aware": false,"Async Capable": false,"Startup Cost": 3906.42,"Total Cost": 3906.42,"Plan Rows": 150000,"Plan Width": 4,"Actual Startup Time": 34.769,"Actual Total Time": 34.783,"Actual Rows": 150000,"Actual Loops": 1,"Hash Buckets": 262144,"Original Hash Buckets": 262144,"Hash Batches": 1,"Original Hash Batches": 1,"Peak Memory Usage": 7322,"Plans": [{"Node Type": "Index Only Scan","Parent Relationship": "Outer","Parallel Aware": false,"Async Capable": false,"Scan Direction": "Forward","Index Name": "customer_pkey","Relation Name": "customer","Alias": "customer","Startup Cost": 0.42,"Total Cost": 3906.42,"Plan Rows": 150000,"Plan Width": 4,"Actual Startup Time": 0.065,"Actual Total Time": 13.424,"Actual Rows": 150000,"Actual Loops": 1,"Heap Fetches": 0}]}]}]}]}]},"Planning Time": 3.594,"Triggers": [],"Execution Time": 6658.782}]
[{"Plan": {"Node Type": "Sort","Parallel Aware": false,"Async Capable": false,"Startup Cost": 65592.61,"Total Cost": 65593.11,"Plan Rows": 200,"Plan Width": 16,"Actual Startup Time": 6042.914,"Actual Total Time": 6042.954,"Actual Rows": 42,"Actual Loops": 1,"Sort Key": ["(count(*)) DESC", "(count(orders.o_orderkey)) DESC"],"Sort Method": "quicksort","Sort Space Used": 27,"Sort Space Type": "Memory","Plans": [{"Node Type": "Aggregate","Strategy": "Hashed","Partial Mode": "Simple","Parent Relationship": "Outer","Parallel Aware": false,"Async Capable": false,"Startup Cost": 65582.97,"Total Cost": 65584.97,"Plan Rows": 200,"Plan Width": 16,"Actual Startup Time": 6042.802,"Actual Total Time": 6042.854,"Actual Rows": 42,"Actual Loops": 1,"Group Key": ["count(orders.o_orderkey)"],"Planned Partitions": 0,"HashAgg Batches": 1,"Peak Memory Usage": 40,"Disk Usage": 0,"Plans": [{"Node Type": "Aggregate","Strategy": "Hashed","Partial Mode": "Simple","Parent Relationship": "Outer","Parallel Aware": false,"Async Capable": false,"Startup Cost": 61832.97,"Total Cost": 63332.97,"Plan Rows": 150000,"Plan Width": 12,"Actual Startup Time": 5848.968,"Actual Total Time": 6029.049,"Actual Rows": 150000,"Actual Loops": 1,"Group Key": ["customer.c_custkey"],"Planned Partitions": 0,"HashAgg Batches": 1,"Peak Memory Usage": 22545,"Disk Usage": 0,"Plans": [{"Node Type": "Hash Join","Parent Relationship": "Outer","Parallel Aware": false,"Async Capable": false,"Join Type": "Right","Startup Cost": 5781.42,"Total Cost": 54484.49,"Plan Rows": 1469697,"Plan Width": 8,"Actual Startup Time": 38.540,"Actual Total Time": 4039.691,"Actual Rows": 1534055,"Actual Loops": 1,"Inner Unique": true,"Hash Cond": "(orders.o_custkey = customer.c_custkey)","Plans": [{"Node Type": "Seq Scan","Parent Relationship": "Outer","Parallel Aware": false,"Async Capable": false,"Relation Name": "orders","Alias": "orders","Startup Cost": 0.00,"Total Cost": 44845.00,"Plan Rows": 1469697,"Plan Width": 8,"Actual Startup Time": 0.061,"Actual Total Time": 2797.159,"Actual Rows": 1484051,"Actual Loops": 1,"Filter": "((o_comment)::text !~~ '%special%packages%'::text)","Rows Removed by Filter": 15949},{"Node Type": "Hash","Parent Relationship": "Inner","Parallel Aware": false,"Async Capable": false,"Startup Cost": 3906.42,"Total Cost": 3906.42,"Plan Rows": 150000,"Plan Width": 4,"Actual Startup Time": 36.593,"Actual Total Time": 36.607,"Actual Rows": 150000,"Actual Loops": 1,"Hash Buckets": 262144,"Original Hash Buckets": 262144,"Hash Batches": 1,"Original Hash Batches": 1,"Peak Memory Usage": 7322,"Plans": [{"Node Type": "Index Only Scan","Parent Relationship": "Outer","Parallel Aware": false,"Async Capable": false,"Scan Direction": "Forward","Index Name": "customer_pkey","Relation Name": "customer","Alias": "customer","Startup Cost": 0.42,"Total Cost": 3906.42,"Plan Rows": 150000,"Plan Width": 4,"Actual Startup Time": 0.050,"Actual Total Time": 14.573,"Actual Rows": 150000,"Actual Loops": 1,"Heap Fetches": 0}]}]}]}]}]},"Planning Time": 3.383,"Triggers": [],"Execution Time": 6052.793}]
[{"Plan": {"Node Type": "Sort","Parallel Aware": false,"Async Capable": false,"Startup Cost": 65708.14,"Total Cost": 65708.64,"Plan Rows": 200,"Plan Width": 16,"Actual Startup Time": 6096.152,"Actual Total Time": 6096.183,"Actual Rows": 42,"Actual Loops": 1,"Sort Key": ["(count(*)) DESC", "(count(orders.o_orderkey)) DESC"],"Sort Method": "quicksort","Sort Space Used": 27,"Sort Space Type": "Memory","Plans": [{"Node Type": "Aggregate","Strategy": "Hashed","Partial Mode": "Simple","Parent Relationship": "Outer","Parallel Aware": false,"Async Capable": false,"Startup Cost": 65698.50,"Total Cost": 65700.50,"Plan Rows": 200,"Plan Width": 16,"Actual Startup Time": 6096.055,"Actual Total Time": 6096.099,"Actual Rows": 42,"Actual Loops": 1,"Group Key": ["count(orders.o_orderkey)"],"Planned Partitions": 0,"HashAgg Batches": 1,"Peak Memory Usage": 40,"Disk Usage": 0,"Plans": [{"Node Type": "Aggregate","Strategy": "Hashed","Partial Mode": "Simple","Parent Relationship": "Outer","Parallel Aware": false,"Async Capable": false,"Startup Cost": 61948.50,"Total Cost": 63448.50,"Plan Rows": 150000,"Plan Width": 12,"Actual Startup Time": 5916.888,"Actual Total Time": 6082.285,"Actual Rows": 150000,"Actual Loops": 1,"Group Key": ["customer.c_custkey"],"Planned Partitions": 0,"HashAgg Batches": 1,"Peak Memory Usage": 22545,"Disk Usage": 0,"Plans": [{"Node Type": "Hash Join","Parent Relationship": "Outer","Parallel Aware": false,"Async Capable": false,"Join Type": "Right","Startup Cost": 5781.42,"Total Cost": 54524.26,"Plan Rows": 1484848,"Plan Width": 8,"Actual Startup Time": 39.799,"Actual Total Time": 4085.231,"Actual Rows": 1533660,"Actual Loops": 1,"Inner Unique": true,"Hash Cond": "(orders.o_custkey = customer.c_custkey)","Plans": [{"Node Type": "Seq Scan","Parent Relationship": "Outer","Parallel Aware": false,"Async Capable": false,"Relation Name": "orders","Alias": "orders","Startup Cost": 0.00,"Total Cost": 44845.00,"Plan Rows": 1484848,"Plan Width": 8,"Actual Startup Time": 0.053,"Actual Total Time": 2810.059,"Actual Rows": 1483656,"Actual Loops": 1,"Filter": "((o_comment)::text !~~ '%pending%requests%'::text)","Rows Removed by Filter": 16344},{"Node Type": "Hash","Parent Relationship": "Inner","Parallel Aware": false,"Async Capable": false,"Startup Cost": 3906.42,"Total Cost": 3906.42,"Plan Rows": 150000,"Plan Width": 4,"Actual Startup Time": 37.918,"Actual Total Time": 37.930,"Actual Rows": 150000,"Actual Loops": 1,"Hash Buckets": 262144,"Original Hash Buckets": 262144,"Hash Batches": 1,"Original Hash Batches": 1,"Peak Memory Usage": 7322,"Plans": [{"Node Type": "Index Only Scan","Parent Relationship": "Outer","Parallel Aware": false,"Async Capable": false,"Scan Direction": "Forward","Index Name": "customer_pkey","Relation Name": "customer","Alias": "customer","Startup Cost": 0.42,"Total Cost": 3906.42,"Plan Rows": 150000,"Plan Width": 4,"Actual Startup Time": 0.035,"Actual Total Time": 14.493,"Actual Rows": 150000,"Actual Loops": 1,"Heap Fetches": 0}]}]}]}]}]},"Planning Time": 4.221,"Triggers": [],"Execution Time": 6104.310}]
[{"Plan": {"Node Type": "Sort","Parallel Aware": false,"Async Capable": false,"Startup Cost": 65592.61,"Total Cost": 65593.11,"Plan Rows": 200,"Plan Width": 16,"Actual Startup Time": 6042.914,"Actual Total Time": 6042.954,"Actual Rows": 42,"Actual Loops": 1,"Sort Key": ["(count(*)) DESC", "(count(orders.o_orderkey)) DESC"],"Sort Method": "quicksort","Sort Space Used": 27,"Sort Space Type": "Memory","Plans": [{"Node Type": "Aggregate","Strategy": "Hashed","Partial Mode": "Simple","Parent Relationship": "Outer","Parallel Aware": false,"Async Capable": false,"Startup Cost": 65582.97,"Total Cost": 65584.97,"Plan Rows": 200,"Plan Width": 16,"Actual Startup Time": 6042.802,"Actual Total Time": 6042.854,"Actual Rows": 42,"Actual Loops": 1,"Group Key": ["count(orders.o_orderkey)"],"Planned Partitions": 0,"HashAgg Batches": 1,"Peak Memory Usage": 40,"Disk Usage": 0,"Plans": [{"Node Type": "Aggregate","Strategy": "Hashed","Partial Mode": "Simple","Parent Relationship": "Outer","Parallel Aware": false,"Async Capable": false,"Startup Cost": 61832.97,"Total Cost": 63332.97,"Plan Rows": 150000,"Plan Width": 12,"Actual Startup Time": 5848.968,"Actual Total Time": 6029.049,"Actual Rows": 150000,"Actual Loops": 1,"Group Key": ["customer.c_custkey"],"Planned Partitions": 0,"HashAgg Batches": 1,"Peak Memory Usage": 22545,"Disk Usage": 0,"Plans": [{"Node Type": "Hash Join","Parent Relationship": "Outer","Parallel Aware": false,"Async Capable": false,"Join Type": "Right","Startup Cost": 5781.42,"Total Cost": 54484.49,"Plan Rows": 1469697,"Plan Width": 8,"Actual Startup Time": 38.540,"Actual Total Time": 4039.691,"Actual Rows": 1534055,"Actual Loops": 1,"Inner Unique": true,"Hash Cond": "(orders.o_custkey = customer.c_custkey)","Plans": [{"Node Type": "Seq Scan","Parent Relationship": "Outer","Parallel Aware": false,"Async Capable": false,"Relation Name": "orders","Alias": "orders","Startup Cost": 0.00,"Total Cost": 44845.00,"Plan Rows": 1469697,"Plan Width": 8,"Actual Startup Time": 0.061,"Actual Total Time": 2797.159,"Actual Rows": 1484051,"Actual Loops": 1,"Filter": "((o_comment)::text !~~ '%special%packages%'::text)","Rows Removed by Filter": 15949},{"Node Type": "Hash","Parent Relationship": "Inner","Parallel Aware": false,"Async Capable": false,"Startup Cost": 3906.42,"Total Cost": 3906.42,"Plan Rows": 150000,"Plan Width": 4,"Actual Startup Time": 36.593,"Actual Total Time": 36.607,"Actual Rows": 150000,"Actual Loops": 1,"Hash Buckets": 262144,"Original Hash Buckets": 262144,"Hash Batches": 1,"Original Hash Batches": 1,"Peak Memory Usage": 7322,"Plans": [{"Node Type": "Index Only Scan","Parent Relationship": "Outer","Parallel Aware": false,"Async Capable": false,"Scan Direction": "Forward","Index Name": "customer_pkey","Relation Name": "customer","Alias": "customer","Startup Cost": 0.42,"Total Cost": 3906.42,"Plan Rows": 150000,"Plan Width": 4,"Actual Startup Time": 0.050,"Actual Total Time": 14.573,"Actual Rows": 150000,"Actual Loops": 1,"Heap Fetches": 0}]}]}]}]}]},"Planning Time": 3.383,"Triggers": [],"Execution Time": 6052.793}]
[{"Plan": {"Node Type": "Sort","Parallel Aware": false,"Async Capable": false,"Startup Cost": 65822.53,"Total Cost": 65823.03,"Plan Rows": 200,"Plan Width": 16,"Actual Startup Time": 6650.964,"Actual Total Time": 6651.000,"Actual Rows": 42,"Actual Loops": 1,"Sort Key": ["(count(*)) DESC", "(count(orders.o_orderkey)) DESC"],"Sort Method": "quicksort","Sort Space Used": 27,"Sort Space Type": "Memory","Plans": [{"Node Type": "Aggregate","Strategy": "Hashed","Partial Mode": "Simple","Parent Relationship": "Outer","Parallel Aware": false,"Async Capable": false,"Startup Cost": 65812.89,"Total Cost": 65814.89,"Plan Rows": 200,"Plan Width": 16,"Actual Startup Time": 6650.893,"Actual Total Time": 6650.940,"Actual Rows": 42,"Actual Loops": 1,"Group Key": ["count(orders.o_orderkey)"],"Planned Partitions": 0,"HashAgg Batches": 1,"Peak Memory Usage": 40,"Disk Usage": 0,"Plans": [{"Node Type": "Aggregate","Strategy": "Hashed","Partial Mode": "Simple","Parent Relationship": "Outer","Parallel Aware": false,"Async Capable": false,"Startup Cost": 62062.89,"Total Cost": 63562.89,"Plan Rows": 150000,"Plan Width": 12,"Actual Startup Time": 6477.408,"Actual Total Time": 6637.150,"Actual Rows": 150000,"Actual Loops": 1,"Group Key": ["customer.c_custkey"],"Planned Partitions": 0,"HashAgg Batches": 1,"Peak Memory Usage": 22545,"Disk Usage": 0,"Plans": [{"Node Type": "Hash Join","Parent Relationship": "Outer","Parallel Aware": false,"Async Capable": false,"Join Type": "Right","Startup Cost": 5781.42,"Total Cost": 54563.64,"Plan Rows": 1499850,"Plan Width": 8,"Actual Startup Time": 36.551,"Actual Total Time": 4552.506,"Actual Rows": 1533843,"Actual Loops": 1,"Inner Unique": true,"Hash Cond": "(orders.o_custkey = customer.c_custkey)","Plans": [{"Node Type": "Seq Scan","Parent Relationship": "Outer","Parallel Aware": false,"Async Capable": false,"Relation Name": "orders","Alias": "orders","Startup Cost": 0.00,"Total Cost": 44845.00,"Plan Rows": 1499850,"Plan Width": 8,"Actual Startup Time": 0.044,"Actual Total Time": 3147.620,"Actual Rows": 1483839,"Actual Loops": 1,"Filter": "((o_comment)::text !~~ '%pending%deposits%'::text)","Rows Removed by Filter": 16161},{"Node Type": "Hash","Parent Relationship": "Inner","Parallel Aware": false,"Async Capable": false,"Startup Cost": 3906.42,"Total Cost": 3906.42,"Plan Rows": 150000,"Plan Width": 4,"Actual Startup Time": 34.769,"Actual Total Time": 34.783,"Actual Rows": 150000,"Actual Loops": 1,"Hash Buckets": 262144,"Original Hash Buckets": 262144,"Hash Batches": 1,"Original Hash Batches": 1,"Peak Memory Usage": 7322,"Plans": [{"Node Type": "Index Only Scan","Parent Relationship": "Outer","Parallel Aware": false,"Async Capable": false,"Scan Direction": "Forward","Index Name": "customer_pkey","Relation Name": "customer","Alias": "customer","Startup Cost": 0.42,"Total Cost": 3906.42,"Plan Rows": 150000,"Plan Width": 4,"Actual Startup Time": 0.065,"Actual Total Time": 13.424,"Actual Rows": 150000,"Actual Loops": 1,"Heap Fetches": 0}]}]}]}]}]},"Planning Time": 3.594,"Triggers": [],"Execution Time": 6658.782}]
[{"Plan": {"Node Type": "Sort","Parallel Aware": false,"Async Capable": false,"Startup Cost": 65708.14,"Total Cost": 65708.64,"Plan Rows": 200,"Plan Width": 16,"Actual Startup Time": 6706.121,"Actual Total Time": 6706.163,"Actual Rows": 42,"Actual Loops": 1,"Sort Key": ["(count(*)) DESC", "(count(orders.o_orderkey)) DESC"],"Sort Method": "quicksort","Sort Space Used": 27,"Sort Space Type": "Memory","Plans": [{"Node Type": "Aggregate","Strategy": "Hashed","Partial Mode": "Simple","Parent Relationship": "Outer","Parallel Aware": false,"Async Capable": false,"Startup Cost": 65698.50,"Total Cost": 65700.50,"Plan Rows": 200,"Plan Width": 16,"Actual Startup Time": 6706.048,"Actual Total Time": 6706.098,"Actual Rows": 42,"Actual Loops": 1,"Group Key": ["count(orders.o_orderkey)"],"Planned Partitions": 0,"HashAgg Batches": 1,"Peak Memory Usage": 40,"Disk Usage": 0,"Plans": [{"Node Type": "Aggregate","Strategy": "Hashed","Partial Mode": "Simple","Parent Relationship": "Outer","Parallel Aware": false,"Async Capable": false,"Startup Cost": 61948.50,"Total Cost": 63448.50,"Plan Rows": 150000,"Plan Width": 12,"Actual Startup Time": 6534.914,"Actual Total Time": 6692.300,"Actual Rows": 150000,"Actual Loops": 1,"Group Key": ["customer.c_custkey"],"Planned Partitions": 0,"HashAgg Batches": 1,"Peak Memory Usage": 22545,"Disk Usage": 0,"Plans": [{"Node Type": "Hash Join","Parent Relationship": "Outer","Parallel Aware": false,"Async Capable": false,"Join Type": "Right","Startup Cost": 5781.42,"Total Cost": 54524.26,"Plan Rows": 1484848,"Plan Width": 8,"Actual Startup Time": 35.450,"Actual Total Time": 4617.784,"Actual Rows": 1533791,"Actual Loops": 1,"Inner Unique": true,"Hash Cond": "(orders.o_custkey = customer.c_custkey)","Plans": [{"Node Type": "Seq Scan","Parent Relationship": "Outer","Parallel Aware": false,"Async Capable": false,"Relation Name": "orders","Alias": "orders","Startup Cost": 0.00,"Total Cost": 44845.00,"Plan Rows": 1484848,"Plan Width": 8,"Actual Startup Time": 0.045,"Actual Total Time": 3189.289,"Actual Rows": 1483787,"Actual Loops": 1,"Filter": "((o_comment)::text !~~ '%unusual%packages%'::text)","Rows Removed by Filter": 16213},{"Node Type": "Hash","Parent Relationship": "Inner","Parallel Aware": false,"Async Capable": false,"Startup Cost": 3906.42,"Total Cost": 3906.42,"Plan Rows": 150000,"Plan Width": 4,"Actual Startup Time": 33.722,"Actual Total Time": 33.741,"Actual Rows": 150000,"Actual Loops": 1,"Hash Buckets": 262144,"Original Hash Buckets": 262144,"Hash Batches": 1,"Original Hash Batches": 1,"Peak Memory Usage": 7322,"Plans": [{"Node Type": "Index Only Scan","Parent Relationship": "Outer","Parallel Aware": false,"Async Capable": false,"Scan Direction": "Forward","Index Name": "customer_pkey","Relation Name": "customer","Alias": "customer","Startup Cost": 0.42,"Total Cost": 3906.42,"Plan Rows": 150000,"Plan Width": 4,"Actual Startup Time": 0.040,"Actual Total Time": 13.017,"Actual Rows": 150000,"Actual Loops": 1,"Heap Fetches": 0}]}]}]}]}]},"Planning Time": 3.840,"Triggers": [],"Execution Time": 6714.032}]
[{"Plan": {"Node Type": "Sort","Parallel Aware": false,"Async Capable": false,"Startup Cost": 65822.53,"Total Cost": 65823.03,"Plan Rows": 200,"Plan Width": 16,"Actual Startup Time": 6101.280,"Actual Total Time": 6101.314,"Actual Rows": 42,"Actual Loops": 1,"Sort Key": ["(count(*)) DESC", "(count(orders.o_orderkey)) DESC"],"Sort Method": "quicksort","Sort Space Used": 27,"Sort Space Type": "Memory","Plans": [{"Node Type": "Aggregate","Strategy": "Hashed","Partial Mode": "Simple","Parent Relationship": "Outer","Parallel Aware": false,"Async Capable": false,"Startup Cost": 65812.89,"Total Cost": 65814.89,"Plan Rows": 200,"Plan Width": 16,"Actual Startup Time": 6101.184,"Actual Total Time": 6101.232,"Actual Rows": 42,"Actual Loops": 1,"Group Key": ["count(orders.o_orderkey)"],"Planned Partitions": 0,"HashAgg Batches": 1,"Peak Memory Usage": 40,"Disk Usage": 0,"Plans": [{"Node Type": "Aggregate","Strategy": "Hashed","Partial Mode": "Simple","Parent Relationship": "Outer","Parallel Aware": false,"Async Capable": false,"Startup Cost": 62062.89,"Total Cost": 63562.89,"Plan Rows": 150000,"Plan Width": 12,"Actual Startup Time": 5921.162,"Actual Total Time": 6087.400,"Actual Rows": 150000,"Actual Loops": 1,"Group Key": ["customer.c_custkey"],"Planned Partitions": 0,"HashAgg Batches": 1,"Peak Memory Usage": 22545,"Disk Usage": 0,"Plans": [{"Node Type": "Hash Join","Parent Relationship": "Outer","Parallel Aware": false,"Async Capable": false,"Join Type": "Right","Startup Cost": 5781.42,"Total Cost": 54563.64,"Plan Rows": 1499850,"Plan Width": 8,"Actual Startup Time": 39.228,"Actual Total Time": 4074.723,"Actual Rows": 1533808,"Actual Loops": 1,"Inner Unique": true,"Hash Cond": "(orders.o_custkey = customer.c_custkey)","Plans": [{"Node Type": "Seq Scan","Parent Relationship": "Outer","Parallel Aware": false,"Async Capable": false,"Relation Name": "orders","Alias": "orders","Startup Cost": 0.00,"Total Cost": 44845.00,"Plan Rows": 1499850,"Plan Width": 8,"Actual Startup Time": 0.056,"Actual Total Time": 2834.984,"Actual Rows": 1483804,"Actual Loops": 1,"Filter": "((o_comment)::text !~~ '%special%deposits%'::text)","Rows Removed by Filter": 16196},{"Node Type": "Hash","Parent Relationship": "Inner","Parallel Aware": false,"Async Capable": false,"Startup Cost": 3906.42,"Total Cost": 3906.42,"Plan Rows": 150000,"Plan Width": 4,"Actual Startup Time": 37.438,"Actual Total Time": 37.451,"Actual Rows": 150000,"Actual Loops": 1,"Hash Buckets": 262144,"Original Hash Buckets": 262144,"Hash Batches": 1,"Original Hash Batches": 1,"Peak Memory Usage": 7322,"Plans": [{"Node Type": "Index Only Scan","Parent Relationship": "Outer","Parallel Aware": false,"Async Capable": false,"Scan Direction": "Forward","Index Name": "customer_pkey","Relation Name": "customer","Alias": "customer","Startup Cost": 0.42,"Total Cost": 3906.42,"Plan Rows": 150000,"Plan Width": 4,"Actual Startup Time": 0.049,"Actual Total Time": 14.639,"Actual Rows": 150000,"Actual Loops": 1,"Heap Fetches": 0}]}]}]}]}]},"Planning Time": 3.971,"Triggers": [],"Execution Time": 6110.955}]
[{"Plan": {"Node Type": "Sort","Parallel Aware": false,"Async Capable": false,"Startup Cost": 65708.14,"Total Cost": 65708.64,"Plan Rows": 200,"Plan Width": 16,"Actual Startup Time": 6706.121,"Actual Total Time": 6706.163,"Actual Rows": 42,"Actual Loops": 1,"Sort Key": ["(count(*)) DESC", "(count(orders.o_orderkey)) DESC"],"Sort Method": "quicksort","Sort Space Used": 27,"Sort Space Type": "Memory","Plans": [{"Node Type": "Aggregate","Strategy": "Hashed","Partial Mode": "Simple","Parent Relationship": "Outer","Parallel Aware": false,"Async Capable": false,"Startup Cost": 65698.50,"Total Cost": 65700.50,"Plan Rows": 200,"Plan Width": 16,"Actual Startup Time": 6706.048,"Actual Total Time": 6706.098,"Actual Rows": 42,"Actual Loops": 1,"Group Key": ["count(orders.o_orderkey)"],"Planned Partitions": 0,"HashAgg Batches": 1,"Peak Memory Usage": 40,"Disk Usage": 0,"Plans": [{"Node Type": "Aggregate","Strategy": "Hashed","Partial Mode": "Simple","Parent Relationship": "Outer","Parallel Aware": false,"Async Capable": false,"Startup Cost": 61948.50,"Total Cost": 63448.50,"Plan Rows": 150000,"Plan Width": 12,"Actual Startup Time": 6534.914,"Actual Total Time": 6692.300,"Actual Rows": 150000,"Actual Loops": 1,"Group Key": ["customer.c_custkey"],"Planned Partitions": 0,"HashAgg Batches": 1,"Peak Memory Usage": 22545,"Disk Usage": 0,"Plans": [{"Node Type": "Hash Join","Parent Relationship": "Outer","Parallel Aware": false,"Async Capable": false,"Join Type": "Right","Startup Cost": 5781.42,"Total Cost": 54524.26,"Plan Rows": 1484848,"Plan Width": 8,"Actual Startup Time": 35.450,"Actual Total Time": 4617.784,"Actual Rows": 1533791,"Actual Loops": 1,"Inner Unique": true,"Hash Cond": "(orders.o_custkey = customer.c_custkey)","Plans": [{"Node Type": "Seq Scan","Parent Relationship": "Outer","Parallel Aware": false,"Async Capable": false,"Relation Name": "orders","Alias": "orders","Startup Cost": 0.00,"Total Cost": 44845.00,"Plan Rows": 1484848,"Plan Width": 8,"Actual Startup Time": 0.045,"Actual Total Time": 3189.289,"Actual Rows": 1483787,"Actual Loops": 1,"Filter": "((o_comment)::text !~~ '%unusual%packages%'::text)","Rows Removed by Filter": 16213},{"Node Type": "Hash","Parent Relationship": "Inner","Parallel Aware": false,"Async Capable": false,"Startup Cost": 3906.42,"Total Cost": 3906.42,"Plan Rows": 150000,"Plan Width": 4,"Actual Startup Time": 33.722,"Actual Total Time": 33.741,"Actual Rows": 150000,"Actual Loops": 1,"Hash Buckets": 262144,"Original Hash Buckets": 262144,"Hash Batches": 1,"Original Hash Batches": 1,"Peak Memory Usage": 7322,"Plans": [{"Node Type": "Index Only Scan","Parent Relationship": "Outer","Parallel Aware": false,"Async Capable": false,"Scan Direction": "Forward","Index Name": "customer_pkey","Relation Name": "customer","Alias": "customer","Startup Cost": 0.42,"Total Cost": 3906.42,"Plan Rows": 150000,"Plan Width": 4,"Actual Startup Time": 0.040,"Actual Total Time": 13.017,"Actual Rows": 150000,"Actual Loops": 1,"Heap Fetches": 0}]}]}]}]}]},"Planning Time": 3.840,"Triggers": [],"Execution Time": 6714.032}]
[{"Plan": {"Node Type": "Sort","Parallel Aware": false,"Async Capable": false,"Startup Cost": 65477.08,"Total Cost": 65477.58,"Plan Rows": 200,"Plan Width": 16,"Actual Startup Time": 6131.456,"Actual Total Time": 6131.495,"Actual Rows": 42,"Actual Loops": 1,"Sort Key": ["(count(*)) DESC", "(count(orders.o_orderkey)) DESC"],"Sort Method": "quicksort","Sort Space Used": 27,"Sort Space Type": "Memory","Plans": [{"Node Type": "Aggregate","Strategy": "Hashed","Partial Mode": "Simple","Parent Relationship": "Outer","Parallel Aware": false,"Async Capable": false,"Startup Cost": 65467.44,"Total Cost": 65469.44,"Plan Rows": 200,"Plan Width": 16,"Actual Startup Time": 6131.350,"Actual Total Time": 6131.398,"Actual Rows": 42,"Actual Loops": 1,"Group Key": ["count(orders.o_orderkey)"],"Planned Partitions": 0,"HashAgg Batches": 1,"Peak Memory Usage": 40,"Disk Usage": 0,"Plans": [{"Node Type": "Aggregate","Strategy": "Hashed","Partial Mode": "Simple","Parent Relationship": "Outer","Parallel Aware": false,"Async Capable": false,"Startup Cost": 61717.44,"Total Cost": 63217.44,"Plan Rows": 150000,"Plan Width": 12,"Actual Startup Time": 5953.045,"Actual Total Time": 6117.615,"Actual Rows": 150000,"Actual Loops": 1,"Group Key": ["customer.c_custkey"],"Planned Partitions": 0,"HashAgg Batches": 1,"Peak Memory Usage": 22545,"Disk Usage": 0,"Plans": [{"Node Type": "Hash Join","Parent Relationship": "Outer","Parallel Aware": false,"Async Capable": false,"Join Type": "Right","Startup Cost": 5781.42,"Total Cost": 54444.71,"Plan Rows": 1454545,"Plan Width": 8,"Actual Startup Time": 38.590,"Actual Total Time": 4109.614,"Actual Rows": 1533923,"Actual Loops": 1,"Inner Unique": true,"Hash Cond": "(orders.o_custkey = customer.c_custkey)","Plans": [{"Node Type": "Seq Scan","Parent Relationship": "Outer","Parallel Aware": false,"Async Capable": false,"Relation Name": "orders","Alias": "orders","Startup Cost": 0.00,"Total Cost": 44845.00,"Plan Rows": 1454545,"Plan Width": 8,"Actual Startup Time": 0.061,"Actual Total Time": 2840.022,"Actual Rows": 1483918,"Actual Loops": 1,"Filter": "((o_comment)::text !~~ '%special%requests%'::text)","Rows Removed by Filter": 16082},{"Node Type": "Hash","Parent Relationship": "Inner","Parallel Aware": false,"Async Capable": false,"Startup Cost": 3906.42,"Total Cost": 3906.42,"Plan Rows": 150000,"Plan Width": 4,"Actual Startup Time": 36.739,"Actual Total Time": 36.756,"Actual Rows": 150000,"Actual Loops": 1,"Hash Buckets": 262144,"Original Hash Buckets": 262144,"Hash Batches": 1,"Original Hash Batches": 1,"Peak Memory Usage": 7322,"Plans": [{"Node Type": "Index Only Scan","Parent Relationship": "Outer","Parallel Aware": false,"Async Capable": false,"Scan Direction": "Forward","Index Name": "customer_pkey","Relation Name": "customer","Alias": "customer","Startup Cost": 0.42,"Total Cost": 3906.42,"Plan Rows": 150000,"Plan Width": 4,"Actual Startup Time": 0.061,"Actual Total Time": 14.504,"Actual Rows": 150000,"Actual Loops": 1,"Heap Fetches": 0}]}]}]}]}]},"Planning Time": 3.536,"Triggers": [],"Execution Time": 6139.749}]
[{"Plan": {"Node Type": "Sort","Parallel Aware": false,"Async Capable": false,"Startup Cost": 65822.53,"Total Cost": 65823.03,"Plan Rows": 200,"Plan Width": 16,"Actual Startup Time": 6047.687,"Actual Total Time": 6047.735,"Actual Rows": 42,"Actual Loops": 1,"Sort Key": ["(count(*)) DESC", "(count(orders.o_orderkey)) DESC"],"Sort Method": "quicksort","Sort Space Used": 27,"Sort Space Type": "Memory","Plans": [{"Node Type": "Aggregate","Strategy": "Hashed","Partial Mode": "Simple","Parent Relationship": "Outer","Parallel Aware": false,"Async Capable": false,"Startup Cost": 65812.89,"Total Cost": 65814.89,"Plan Rows": 200,"Plan Width": 16,"Actual Startup Time": 6047.591,"Actual Total Time": 6047.643,"Actual Rows": 42,"Actual Loops": 1,"Group Key": ["count(orders.o_orderkey)"],"Planned Partitions": 0,"HashAgg Batches": 1,"Peak Memory Usage": 40,"Disk Usage": 0,"Plans": [{"Node Type": "Aggregate","Strategy": "Hashed","Partial Mode": "Simple","Parent Relationship": "Outer","Parallel Aware": false,"Async Capable": false,"Startup Cost": 62062.89,"Total Cost": 63562.89,"Plan Rows": 150000,"Plan Width": 12,"Actual Startup Time": 5868.600,"Actual Total Time": 6033.866,"Actual Rows": 150000,"Actual Loops": 1,"Group Key": ["customer.c_custkey"],"Planned Partitions": 0,"HashAgg Batches": 1,"Peak Memory Usage": 22545,"Disk Usage": 0,"Plans": [{"Node Type": "Hash Join","Parent Relationship": "Outer","Parallel Aware": false,"Async Capable": false,"Join Type": "Right","Startup Cost": 5781.42,"Total Cost": 54563.64,"Plan Rows": 1499850,"Plan Width": 8,"Actual Startup Time": 39.168,"Actual Total Time": 4010.851,"Actual Rows": 1533626,"Actual Loops": 1,"Inner Unique": true,"Hash Cond": "(orders.o_custkey = customer.c_custkey)","Plans": [{"Node Type": "Seq Scan","Parent Relationship": "Outer","Parallel Aware": false,"Async Capable": false,"Relation Name": "orders","Alias": "orders","Startup Cost": 0.00,"Total Cost": 44845.00,"Plan Rows": 1499850,"Plan Width": 8,"Actual Startup Time": 0.065,"Actual Total Time": 2757.508,"Actual Rows": 1483622,"Actual Loops": 1,"Filter": "((o_comment)::text !~~ '%unusual%accounts%'::text)","Rows Removed by Filter": 16378},{"Node Type": "Hash","Parent Relationship": "Inner","Parallel Aware": false,"Async Capable": false,"Startup Cost": 3906.42,"Total Cost": 3906.42,"Plan Rows": 150000,"Plan Width": 4,"Actual Startup Time": 37.343,"Actual Total Time": 37.362,"Actual Rows": 150000,"Actual Loops": 1,"Hash Buckets": 262144,"Original Hash Buckets": 262144,"Hash Batches": 1,"Original Hash Batches": 1,"Peak Memory Usage": 7322,"Plans": [{"Node Type": "Index Only Scan","Parent Relationship": "Outer","Parallel Aware": false,"Async Capable": false,"Scan Direction": "Forward","Index Name": "customer_pkey","Relation Name": "customer","Alias": "customer","Startup Cost": 0.42,"Total Cost": 3906.42,"Plan Rows": 150000,"Plan Width": 4,"Actual Startup Time": 0.036,"Actual Total Time": 14.472,"Actual Rows": 150000,"Actual Loops": 1,"Heap Fetches": 0}]}]}]}]}]},"Planning Time": 4.331,"Triggers": [],"Execution Time": 6056.690}]
[{"Plan": {"Node Type": "Sort","Parallel Aware": false,"Async Capable": false,"Startup Cost": 65822.53,"Total Cost": 65823.03,"Plan Rows": 200,"Plan Width": 16,"Actual Startup Time": 6101.280,"Actual Total Time": 6101.314,"Actual Rows": 42,"Actual Loops": 1,"Sort Key": ["(count(*)) DESC", "(count(orders.o_orderkey)) DESC"],"Sort Method": "quicksort","Sort Space Used": 27,"Sort Space Type": "Memory","Plans": [{"Node Type": "Aggregate","Strategy": "Hashed","Partial Mode": "Simple","Parent Relationship": "Outer","Parallel Aware": false,"Async Capable": false,"Startup Cost": 65812.89,"Total Cost": 65814.89,"Plan Rows": 200,"Plan Width": 16,"Actual Startup Time": 6101.184,"Actual Total Time": 6101.232,"Actual Rows": 42,"Actual Loops": 1,"Group Key": ["count(orders.o_orderkey)"],"Planned Partitions": 0,"HashAgg Batches": 1,"Peak Memory Usage": 40,"Disk Usage": 0,"Plans": [{"Node Type": "Aggregate","Strategy": "Hashed","Partial Mode": "Simple","Parent Relationship": "Outer","Parallel Aware": false,"Async Capable": false,"Startup Cost": 62062.89,"Total Cost": 63562.89,"Plan Rows": 150000,"Plan Width": 12,"Actual Startup Time": 5921.162,"Actual Total Time": 6087.400,"Actual Rows": 150000,"Actual Loops": 1,"Group Key": ["customer.c_custkey"],"Planned Partitions": 0,"HashAgg Batches": 1,"Peak Memory Usage": 22545,"Disk Usage": 0,"Plans": [{"Node Type": "Hash Join","Parent Relationship": "Outer","Parallel Aware": false,"Async Capable": false,"Join Type": "Right","Startup Cost": 5781.42,"Total Cost": 54563.64,"Plan Rows": 1499850,"Plan Width": 8,"Actual Startup Time": 39.228,"Actual Total Time": 4074.723,"Actual Rows": 1533808,"Actual Loops": 1,"Inner Unique": true,"Hash Cond": "(orders.o_custkey = customer.c_custkey)","Plans": [{"Node Type": "Seq Scan","Parent Relationship": "Outer","Parallel Aware": false,"Async Capable": false,"Relation Name": "orders","Alias": "orders","Startup Cost": 0.00,"Total Cost": 44845.00,"Plan Rows": 1499850,"Plan Width": 8,"Actual Startup Time": 0.056,"Actual Total Time": 2834.984,"Actual Rows": 1483804,"Actual Loops": 1,"Filter": "((o_comment)::text !~~ '%special%deposits%'::text)","Rows Removed by Filter": 16196},{"Node Type": "Hash","Parent Relationship": "Inner","Parallel Aware": false,"Async Capable": false,"Startup Cost": 3906.42,"Total Cost": 3906.42,"Plan Rows": 150000,"Plan Width": 4,"Actual Startup Time": 37.438,"Actual Total Time": 37.451,"Actual Rows": 150000,"Actual Loops": 1,"Hash Buckets": 262144,"Original Hash Buckets": 262144,"Hash Batches": 1,"Original Hash Batches": 1,"Peak Memory Usage": 7322,"Plans": [{"Node Type": "Index Only Scan","Parent Relationship": "Outer","Parallel Aware": false,"Async Capable": false,"Scan Direction": "Forward","Index Name": "customer_pkey","Relation Name": "customer","Alias": "customer","Startup Cost": 0.42,"Total Cost": 3906.42,"Plan Rows": 150000,"Plan Width": 4,"Actual Startup Time": 0.049,"Actual Total Time": 14.639,"Actual Rows": 150000,"Actual Loops": 1,"Heap Fetches": 0}]}]}]}]}]},"Planning Time": 3.971,"Triggers": [],"Execution Time": 6110.955}]
[{"Plan": {"Node Type": "Sort","Parallel Aware": false,"Async Capable": false,"Startup Cost": 65592.61,"Total Cost": 65593.11,"Plan Rows": 200,"Plan Width": 16,"Actual Startup Time": 6059.416,"Actual Total Time": 6059.459,"Actual Rows": 42,"Actual Loops": 1,"Sort Key": ["(count(*)) DESC", "(count(orders.o_orderkey)) DESC"],"Sort Method": "quicksort","Sort Space Used": 27,"Sort Space Type": "Memory","Plans": [{"Node Type": "Aggregate","Strategy": "Hashed","Partial Mode": "Simple","Parent Relationship": "Outer","Parallel Aware": false,"Async Capable": false,"Startup Cost": 65582.97,"Total Cost": 65584.97,"Plan Rows": 200,"Plan Width": 16,"Actual Startup Time": 6059.318,"Actual Total Time": 6059.369,"Actual Rows": 42,"Actual Loops": 1,"Group Key": ["count(orders.o_orderkey)"],"Planned Partitions": 0,"HashAgg Batches": 1,"Peak Memory Usage": 40,"Disk Usage": 0,"Plans": [{"Node Type": "Aggregate","Strategy": "Hashed","Partial Mode": "Simple","Parent Relationship": "Outer","Parallel Aware": false,"Async Capable": false,"Startup Cost": 61832.97,"Total Cost": 63332.97,"Plan Rows": 150000,"Plan Width": 12,"Actual Startup Time": 5864.158,"Actual Total Time": 6045.542,"Actual Rows": 150000,"Actual Loops": 1,"Group Key": ["customer.c_custkey"],"Planned Partitions": 0,"HashAgg Batches": 1,"Peak Memory Usage": 22545,"Disk Usage": 0,"Plans": [{"Node Type": "Hash Join","Parent Relationship": "Outer","Parallel Aware": false,"Async Capable": false,"Join Type": "Right","Startup Cost": 5781.42,"Total Cost": 54484.49,"Plan Rows": 1469697,"Plan Width": 8,"Actual Startup Time": 38.198,"Actual Total Time": 4061.016,"Actual Rows": 1533817,"Actual Loops": 1,"Inner Unique": true,"Hash Cond": "(orders.o_custkey = customer.c_custkey)","Plans": [{"Node Type": "Seq Scan","Parent Relationship": "Outer","Parallel Aware": false,"Async Capable": false,"Relation Name": "orders","Alias": "orders","Startup Cost": 0.00,"Total Cost": 44845.00,"Plan Rows": 1469697,"Plan Width": 8,"Actual Startup Time": 0.037,"Actual Total Time": 2812.366,"Actual Rows": 1483813,"Actual Loops": 1,"Filter": "((o_comment)::text !~~ '%unusual%requests%'::text)","Rows Removed by Filter": 16187},{"Node Type": "Hash","Parent Relationship": "Inner","Parallel Aware": false,"Async Capable": false,"Startup Cost": 3906.42,"Total Cost": 3906.42,"Plan Rows": 150000,"Plan Width": 4,"Actual Startup Time": 36.318,"Actual Total Time": 36.334,"Actual Rows": 150000,"Actual Loops": 1,"Hash Buckets": 262144,"Original Hash Buckets": 262144,"Hash Batches": 1,"Original Hash Batches": 1,"Peak Memory Usage": 7322,"Plans": [{"Node Type": "Index Only Scan","Parent Relationship": "Outer","Parallel Aware": false,"Async Capable": false,"Scan Direction": "Forward","Index Name": "customer_pkey","Relation Name": "customer","Alias": "customer","Startup Cost": 0.42,"Total Cost": 3906.42,"Plan Rows": 150000,"Plan Width": 4,"Actual Startup Time": 0.044,"Actual Total Time": 14.416,"Actual Rows": 150000,"Actual Loops": 1,"Heap Fetches": 0}]}]}]}]}]},"Planning Time": 3.526,"Triggers": [],"Execution Time": 6069.080}]
[{"Plan": {"Node Type": "Sort","Parallel Aware": false,"Async Capable": false,"Startup Cost": 65592.61,"Total Cost": 65593.11,"Plan Rows": 200,"Plan Width": 16,"Actual Startup Time": 6042.914,"Actual Total Time": 6042.954,"Actual Rows": 42,"Actual Loops": 1,"Sort Key": ["(count(*)) DESC", "(count(orders.o_orderkey)) DESC"],"Sort Method": "quicksort","Sort Space Used": 27,"Sort Space Type": "Memory","Plans": [{"Node Type": "Aggregate","Strategy": "Hashed","Partial Mode": "Simple","Parent Relationship": "Outer","Parallel Aware": false,"Async Capable": false,"Startup Cost": 65582.97,"Total Cost": 65584.97,"Plan Rows": 200,"Plan Width": 16,"Actual Startup Time": 6042.802,"Actual Total Time": 6042.854,"Actual Rows": 42,"Actual Loops": 1,"Group Key": ["count(orders.o_orderkey)"],"Planned Partitions": 0,"HashAgg Batches": 1,"Peak Memory Usage": 40,"Disk Usage": 0,"Plans": [{"Node Type": "Aggregate","Strategy": "Hashed","Partial Mode": "Simple","Parent Relationship": "Outer","Parallel Aware": false,"Async Capable": false,"Startup Cost": 61832.97,"Total Cost": 63332.97,"Plan Rows": 150000,"Plan Width": 12,"Actual Startup Time": 5848.968,"Actual Total Time": 6029.049,"Actual Rows": 150000,"Actual Loops": 1,"Group Key": ["customer.c_custkey"],"Planned Partitions": 0,"HashAgg Batches": 1,"Peak Memory Usage": 22545,"Disk Usage": 0,"Plans": [{"Node Type": "Hash Join","Parent Relationship": "Outer","Parallel Aware": false,"Async Capable": false,"Join Type": "Right","Startup Cost": 5781.42,"Total Cost": 54484.49,"Plan Rows": 1469697,"Plan Width": 8,"Actual Startup Time": 38.540,"Actual Total Time": 4039.691,"Actual Rows": 1534055,"Actual Loops": 1,"Inner Unique": true,"Hash Cond": "(orders.o_custkey = customer.c_custkey)","Plans": [{"Node Type": "Seq Scan","Parent Relationship": "Outer","Parallel Aware": false,"Async Capable": false,"Relation Name": "orders","Alias": "orders","Startup Cost": 0.00,"Total Cost": 44845.00,"Plan Rows": 1469697,"Plan Width": 8,"Actual Startup Time": 0.061,"Actual Total Time": 2797.159,"Actual Rows": 1484051,"Actual Loops": 1,"Filter": "((o_comment)::text !~~ '%special%packages%'::text)","Rows Removed by Filter": 15949},{"Node Type": "Hash","Parent Relationship": "Inner","Parallel Aware": false,"Async Capable": false,"Startup Cost": 3906.42,"Total Cost": 3906.42,"Plan Rows": 150000,"Plan Width": 4,"Actual Startup Time": 36.593,"Actual Total Time": 36.607,"Actual Rows": 150000,"Actual Loops": 1,"Hash Buckets": 262144,"Original Hash Buckets": 262144,"Hash Batches": 1,"Original Hash Batches": 1,"Peak Memory Usage": 7322,"Plans": [{"Node Type": "Index Only Scan","Parent Relationship": "Outer","Parallel Aware": false,"Async Capable": false,"Scan Direction": "Forward","Index Name": "customer_pkey","Relation Name": "customer","Alias": "customer","Startup Cost": 0.42,"Total Cost": 3906.42,"Plan Rows": 150000,"Plan Width": 4,"Actual Startup Time": 0.050,"Actual Total Time": 14.573,"Actual Rows": 150000,"Actual Loops": 1,"Heap Fetches": 0}]}]}]}]}]},"Planning Time": 3.383,"Triggers": [],"Execution Time": 6052.793}]
[{"Plan": {"Node Type": "Sort","Parallel Aware": false,"Async Capable": false,"Startup Cost": 65822.53,"Total Cost": 65823.03,"Plan Rows": 200,"Plan Width": 16,"Actual Startup Time": 5956.637,"Actual Total Time": 5956.675,"Actual Rows": 42,"Actual Loops": 1,"Sort Key": ["(count(*)) DESC", "(count(orders.o_orderkey)) DESC"],"Sort Method": "quicksort","Sort Space Used": 27,"Sort Space Type": "Memory","Plans": [{"Node Type": "Aggregate","Strategy": "Hashed","Partial Mode": "Simple","Parent Relationship": "Outer","Parallel Aware": false,"Async Capable": false,"Startup Cost": 65812.89,"Total Cost": 65814.89,"Plan Rows": 200,"Plan Width": 16,"Actual Startup Time": 5956.548,"Actual Total Time": 5956.590,"Actual Rows": 42,"Actual Loops": 1,"Group Key": ["count(orders.o_orderkey)"],"Planned Partitions": 0,"HashAgg Batches": 1,"Peak Memory Usage": 40,"Disk Usage": 0,"Plans": [{"Node Type": "Aggregate","Strategy": "Hashed","Partial Mode": "Simple","Parent Relationship": "Outer","Parallel Aware": false,"Async Capable": false,"Startup Cost": 62062.89,"Total Cost": 63562.89,"Plan Rows": 150000,"Plan Width": 12,"Actual Startup Time": 5763.184,"Actual Total Time": 5942.838,"Actual Rows": 150000,"Actual Loops": 1,"Group Key": ["customer.c_custkey"],"Planned Partitions": 0,"HashAgg Batches": 1,"Peak Memory Usage": 22545,"Disk Usage": 0,"Plans": [{"Node Type": "Hash Join","Parent Relationship": "Outer","Parallel Aware": false,"Async Capable": false,"Join Type": "Right","Startup Cost": 5781.42,"Total Cost": 54563.64,"Plan Rows": 1499850,"Plan Width": 8,"Actual Startup Time": 38.566,"Actual Total Time": 3955.732,"Actual Rows": 1533620,"Actual Loops": 1,"Inner Unique": true,"Hash Cond": "(orders.o_custkey = customer.c_custkey)","Plans": [{"Node Type": "Seq Scan","Parent Relationship": "Outer","Parallel Aware": false,"Async Capable": false,"Relation Name": "orders","Alias": "orders","Startup Cost": 0.00,"Total Cost": 44845.00,"Plan Rows": 1499850,"Plan Width": 8,"Actual Startup Time": 0.052,"Actual Total Time": 2713.562,"Actual Rows": 1483615,"Actual Loops": 1,"Filter": "((o_comment)::text !~~ '%pending%accounts%'::text)","Rows Removed by Filter": 16385},{"Node Type": "Hash","Parent Relationship": "Inner","Parallel Aware": false,"Async Capable": false,"Startup Cost": 3906.42,"Total Cost": 3906.42,"Plan Rows": 150000,"Plan Width": 4,"Actual Startup Time": 36.530,"Actual Total Time": 36.543,"Actual Rows": 150000,"Actual Loops": 1,"Hash Buckets": 262144,"Original Hash Buckets": 262144,"Hash Batches": 1,"Original Hash Batches": 1,"Peak Memory Usage": 7322,"Plans": [{"Node Type": "Index Only Scan","Parent Relationship": "Outer","Parallel Aware": false,"Async Capable": false,"Scan Direction": "Forward","Index Name": "customer_pkey","Relation Name": "customer","Alias": "customer","Startup Cost": 0.42,"Total Cost": 3906.42,"Plan Rows": 150000,"Plan Width": 4,"Actual Startup Time": 0.036,"Actual Total Time": 14.278,"Actual Rows": 150000,"Actual Loops": 1,"Heap Fetches": 0}]}]}]}]}]},"Planning Time": 3.568,"Triggers": [],"Execution Time": 5966.474}]
[{"Plan": {"Node Type": "Sort","Parallel Aware": false,"Async Capable": false,"Startup Cost": 65822.53,"Total Cost": 65823.03,"Plan Rows": 200,"Plan Width": 16,"Actual Startup Time": 6101.280,"Actual Total Time": 6101.314,"Actual Rows": 42,"Actual Loops": 1,"Sort Key": ["(count(*)) DESC", "(count(orders.o_orderkey)) DESC"],"Sort Method": "quicksort","Sort Space Used": 27,"Sort Space Type": "Memory","Plans": [{"Node Type": "Aggregate","Strategy": "Hashed","Partial Mode": "Simple","Parent Relationship": "Outer","Parallel Aware": false,"Async Capable": false,"Startup Cost": 65812.89,"Total Cost": 65814.89,"Plan Rows": 200,"Plan Width": 16,"Actual Startup Time": 6101.184,"Actual Total Time": 6101.232,"Actual Rows": 42,"Actual Loops": 1,"Group Key": ["count(orders.o_orderkey)"],"Planned Partitions": 0,"HashAgg Batches": 1,"Peak Memory Usage": 40,"Disk Usage": 0,"Plans": [{"Node Type": "Aggregate","Strategy": "Hashed","Partial Mode": "Simple","Parent Relationship": "Outer","Parallel Aware": false,"Async Capable": false,"Startup Cost": 62062.89,"Total Cost": 63562.89,"Plan Rows": 150000,"Plan Width": 12,"Actual Startup Time": 5921.162,"Actual Total Time": 6087.400,"Actual Rows": 150000,"Actual Loops": 1,"Group Key": ["customer.c_custkey"],"Planned Partitions": 0,"HashAgg Batches": 1,"Peak Memory Usage": 22545,"Disk Usage": 0,"Plans": [{"Node Type": "Hash Join","Parent Relationship": "Outer","Parallel Aware": false,"Async Capable": false,"Join Type": "Right","Startup Cost": 5781.42,"Total Cost": 54563.64,"Plan Rows": 1499850,"Plan Width": 8,"Actual Startup Time": 39.228,"Actual Total Time": 4074.723,"Actual Rows": 1533808,"Actual Loops": 1,"Inner Unique": true,"Hash Cond": "(orders.o_custkey = customer.c_custkey)","Plans": [{"Node Type": "Seq Scan","Parent Relationship": "Outer","Parallel Aware": false,"Async Capable": false,"Relation Name": "orders","Alias": "orders","Startup Cost": 0.00,"Total Cost": 44845.00,"Plan Rows": 1499850,"Plan Width": 8,"Actual Startup Time": 0.056,"Actual Total Time": 2834.984,"Actual Rows": 1483804,"Actual Loops": 1,"Filter": "((o_comment)::text !~~ '%special%deposits%'::text)","Rows Removed by Filter": 16196},{"Node Type": "Hash","Parent Relationship": "Inner","Parallel Aware": false,"Async Capable": false,"Startup Cost": 3906.42,"Total Cost": 3906.42,"Plan Rows": 150000,"Plan Width": 4,"Actual Startup Time": 37.438,"Actual Total Time": 37.451,"Actual Rows": 150000,"Actual Loops": 1,"Hash Buckets": 262144,"Original Hash Buckets": 262144,"Hash Batches": 1,"Original Hash Batches": 1,"Peak Memory Usage": 7322,"Plans": [{"Node Type": "Index Only Scan","Parent Relationship": "Outer","Parallel Aware": false,"Async Capable": false,"Scan Direction": "Forward","Index Name": "customer_pkey","Relation Name": "customer","Alias": "customer","Startup Cost": 0.42,"Total Cost": 3906.42,"Plan Rows": 150000,"Plan Width": 4,"Actual Startup Time": 0.049,"Actual Total Time": 14.639,"Actual Rows": 150000,"Actual Loops": 1,"Heap Fetches": 0}]}]}]}]}]},"Planning Time": 3.971,"Triggers": [],"Execution Time": 6110.955}]
[{"Plan": {"Node Type": "Sort","Parallel Aware": false,"Async Capable": false,"Startup Cost": 65708.14,"Total Cost": 65708.64,"Plan Rows": 200,"Plan Width": 16,"Actual Startup Time": 6659.087,"Actual Total Time": 6659.155,"Actual Rows": 41,"Actual Loops": 1,"Sort Key": ["(count(*)) DESC", "(count(orders.o_orderkey)) DESC"],"Sort Method": "quicksort","Sort Space Used": 27,"Sort Space Type": "Memory","Plans": [{"Node Type": "Aggregate","Strategy": "Hashed","Partial Mode": "Simple","Parent Relationship": "Outer","Parallel Aware": false,"Async Capable": false,"Startup Cost": 65698.50,"Total Cost": 65700.50,"Plan Rows": 200,"Plan Width": 16,"Actual Startup Time": 6658.981,"Actual Total Time": 6659.057,"Actual Rows": 41,"Actual Loops": 1,"Group Key": ["count(orders.o_orderkey)"],"Planned Partitions": 0,"HashAgg Batches": 1,"Peak Memory Usage": 40,"Disk Usage": 0,"Plans": [{"Node Type": "Aggregate","Strategy": "Hashed","Partial Mode": "Simple","Parent Relationship": "Outer","Parallel Aware": false,"Async Capable": false,"Startup Cost": 61948.50,"Total Cost": 63448.50,"Plan Rows": 150000,"Plan Width": 12,"Actual Startup Time": 6480.209,"Actual Total Time": 6645.185,"Actual Rows": 150000,"Actual Loops": 1,"Group Key": ["customer.c_custkey"],"Planned Partitions": 0,"HashAgg Batches": 1,"Peak Memory Usage": 22545,"Disk Usage": 0,"Plans": [{"Node Type": "Hash Join","Parent Relationship": "Outer","Parallel Aware": false,"Async Capable": false,"Join Type": "Right","Startup Cost": 5781.42,"Total Cost": 54524.26,"Plan Rows": 1484848,"Plan Width": 8,"Actual Startup Time": 37.274,"Actual Total Time": 4547.015,"Actual Rows": 1533872,"Actual Loops": 1,"Inner Unique": true,"Hash Cond": "(orders.o_custkey = customer.c_custkey)","Plans": [{"Node Type": "Seq Scan","Parent Relationship": "Outer","Parallel Aware": false,"Async Capable": false,"Relation Name": "orders","Alias": "orders","Startup Cost": 0.00,"Total Cost": 44845.00,"Plan Rows": 1484848,"Plan Width": 8,"Actual Startup Time": 0.043,"Actual Total Time": 3085.028,"Actual Rows": 1483868,"Actual Loops": 1,"Filter": "((o_comment)::text !~~ '%unusual%deposits%'::text)","Rows Removed by Filter": 16132},{"Node Type": "Hash","Parent Relationship": "Inner","Parallel Aware": false,"Async Capable": false,"Startup Cost": 3906.42,"Total Cost": 3906.42,"Plan Rows": 150000,"Plan Width": 4,"Actual Startup Time": 35.508,"Actual Total Time": 35.530,"Actual Rows": 150000,"Actual Loops": 1,"Hash Buckets": 262144,"Original Hash Buckets": 262144,"Hash Batches": 1,"Original Hash Batches": 1,"Peak Memory Usage": 7322,"Plans": [{"Node Type": "Index Only Scan","Parent Relationship": "Outer","Parallel Aware": false,"Async Capable": false,"Scan Direction": "Forward","Index Name": "customer_pkey","Relation Name": "customer","Alias": "customer","Startup Cost": 0.42,"Total Cost": 3906.42,"Plan Rows": 150000,"Plan Width": 4,"Actual Startup Time": 0.053,"Actual Total Time": 13.448,"Actual Rows": 150000,"Actual Loops": 1,"Heap Fetches": 0}]}]}]}]}]},"Planning Time": 3.854,"Triggers": [],"Execution Time": 6671.834}]
[{"Plan": {"Node Type": "Sort","Parallel Aware": false,"Async Capable": false,"Startup Cost": 65822.53,"Total Cost": 65823.03,"Plan Rows": 200,"Plan Width": 16,"Actual Startup Time": 6650.964,"Actual Total Time": 6651.000,"Actual Rows": 42,"Actual Loops": 1,"Sort Key": ["(count(*)) DESC", "(count(orders.o_orderkey)) DESC"],"Sort Method": "quicksort","Sort Space Used": 27,"Sort Space Type": "Memory","Plans": [{"Node Type": "Aggregate","Strategy": "Hashed","Partial Mode": "Simple","Parent Relationship": "Outer","Parallel Aware": false,"Async Capable": false,"Startup Cost": 65812.89,"Total Cost": 65814.89,"Plan Rows": 200,"Plan Width": 16,"Actual Startup Time": 6650.893,"Actual Total Time": 6650.940,"Actual Rows": 42,"Actual Loops": 1,"Group Key": ["count(orders.o_orderkey)"],"Planned Partitions": 0,"HashAgg Batches": 1,"Peak Memory Usage": 40,"Disk Usage": 0,"Plans": [{"Node Type": "Aggregate","Strategy": "Hashed","Partial Mode": "Simple","Parent Relationship": "Outer","Parallel Aware": false,"Async Capable": false,"Startup Cost": 62062.89,"Total Cost": 63562.89,"Plan Rows": 150000,"Plan Width": 12,"Actual Startup Time": 6477.408,"Actual Total Time": 6637.150,"Actual Rows": 150000,"Actual Loops": 1,"Group Key": ["customer.c_custkey"],"Planned Partitions": 0,"HashAgg Batches": 1,"Peak Memory Usage": 22545,"Disk Usage": 0,"Plans": [{"Node Type": "Hash Join","Parent Relationship": "Outer","Parallel Aware": false,"Async Capable": false,"Join Type": "Right","Startup Cost": 5781.42,"Total Cost": 54563.64,"Plan Rows": 1499850,"Plan Width": 8,"Actual Startup Time": 36.551,"Actual Total Time": 4552.506,"Actual Rows": 1533843,"Actual Loops": 1,"Inner Unique": true,"Hash Cond": "(orders.o_custkey = customer.c_custkey)","Plans": [{"Node Type": "Seq Scan","Parent Relationship": "Outer","Parallel Aware": false,"Async Capable": false,"Relation Name": "orders","Alias": "orders","Startup Cost": 0.00,"Total Cost": 44845.00,"Plan Rows": 1499850,"Plan Width": 8,"Actual Startup Time": 0.044,"Actual Total Time": 3147.620,"Actual Rows": 1483839,"Actual Loops": 1,"Filter": "((o_comment)::text !~~ '%pending%deposits%'::text)","Rows Removed by Filter": 16161},{"Node Type": "Hash","Parent Relationship": "Inner","Parallel Aware": false,"Async Capable": false,"Startup Cost": 3906.42,"Total Cost": 3906.42,"Plan Rows": 150000,"Plan Width": 4,"Actual Startup Time": 34.769,"Actual Total Time": 34.783,"Actual Rows": 150000,"Actual Loops": 1,"Hash Buckets": 262144,"Original Hash Buckets": 262144,"Hash Batches": 1,"Original Hash Batches": 1,"Peak Memory Usage": 7322,"Plans": [{"Node Type": "Index Only Scan","Parent Relationship": "Outer","Parallel Aware": false,"Async Capable": false,"Scan Direction": "Forward","Index Name": "customer_pkey","Relation Name": "customer","Alias": "customer","Startup Cost": 0.42,"Total Cost": 3906.42,"Plan Rows": 150000,"Plan Width": 4,"Actual Startup Time": 0.065,"Actual Total Time": 13.424,"Actual Rows": 150000,"Actual Loops": 1,"Heap Fetches": 0}]}]}]}]}]},"Planning Time": 3.594,"Triggers": [],"Execution Time": 6658.782}]
[{"Plan": {"Node Type": "Sort","Parallel Aware": false,"Async Capable": false,"Startup Cost": 65708.14,"Total Cost": 65708.64,"Plan Rows": 200,"Plan Width": 16,"Actual Startup Time": 6706.121,"Actual Total Time": 6706.163,"Actual Rows": 42,"Actual Loops": 1,"Sort Key": ["(count(*)) DESC", "(count(orders.o_orderkey)) DESC"],"Sort Method": "quicksort","Sort Space Used": 27,"Sort Space Type": "Memory","Plans": [{"Node Type": "Aggregate","Strategy": "Hashed","Partial Mode": "Simple","Parent Relationship": "Outer","Parallel Aware": false,"Async Capable": false,"Startup Cost": 65698.50,"Total Cost": 65700.50,"Plan Rows": 200,"Plan Width": 16,"Actual Startup Time": 6706.048,"Actual Total Time": 6706.098,"Actual Rows": 42,"Actual Loops": 1,"Group Key": ["count(orders.o_orderkey)"],"Planned Partitions": 0,"HashAgg Batches": 1,"Peak Memory Usage": 40,"Disk Usage": 0,"Plans": [{"Node Type": "Aggregate","Strategy": "Hashed","Partial Mode": "Simple","Parent Relationship": "Outer","Parallel Aware": false,"Async Capable": false,"Startup Cost": 61948.50,"Total Cost": 63448.50,"Plan Rows": 150000,"Plan Width": 12,"Actual Startup Time": 6534.914,"Actual Total Time": 6692.300,"Actual Rows": 150000,"Actual Loops": 1,"Group Key": ["customer.c_custkey"],"Planned Partitions": 0,"HashAgg Batches": 1,"Peak Memory Usage": 22545,"Disk Usage": 0,"Plans": [{"Node Type": "Hash Join","Parent Relationship": "Outer","Parallel Aware": false,"Async Capable": false,"Join Type": "Right","Startup Cost": 5781.42,"Total Cost": 54524.26,"Plan Rows": 1484848,"Plan Width": 8,"Actual Startup Time": 35.450,"Actual Total Time": 4617.784,"Actual Rows": 1533791,"Actual Loops": 1,"Inner Unique": true,"Hash Cond": "(orders.o_custkey = customer.c_custkey)","Plans": [{"Node Type": "Seq Scan","Parent Relationship": "Outer","Parallel Aware": false,"Async Capable": false,"Relation Name": "orders","Alias": "orders","Startup Cost": 0.00,"Total Cost": 44845.00,"Plan Rows": 1484848,"Plan Width": 8,"Actual Startup Time": 0.045,"Actual Total Time": 3189.289,"Actual Rows": 1483787,"Actual Loops": 1,"Filter": "((o_comment)::text !~~ '%unusual%packages%'::text)","Rows Removed by Filter": 16213},{"Node Type": "Hash","Parent Relationship": "Inner","Parallel Aware": false,"Async Capable": false,"Startup Cost": 3906.42,"Total Cost": 3906.42,"Plan Rows": 150000,"Plan Width": 4,"Actual Startup Time": 33.722,"Actual Total Time": 33.741,"Actual Rows": 150000,"Actual Loops": 1,"Hash Buckets": 262144,"Original Hash Buckets": 262144,"Hash Batches": 1,"Original Hash Batches": 1,"Peak Memory Usage": 7322,"Plans": [{"Node Type": "Index Only Scan","Parent Relationship": "Outer","Parallel Aware": false,"Async Capable": false,"Scan Direction": "Forward","Index Name": "customer_pkey","Relation Name": "customer","Alias": "customer","Startup Cost": 0.42,"Total Cost": 3906.42,"Plan Rows": 150000,"Plan Width": 4,"Actual Startup Time": 0.040,"Actual Total Time": 13.017,"Actual Rows": 150000,"Actual Loops": 1,"Heap Fetches": 0}]}]}]}]}]},"Planning Time": 3.840,"Triggers": [],"Execution Time": 6714.032}]
[{"Plan": {"Node Type": "Sort","Parallel Aware": false,"Async Capable": false,"Startup Cost": 65822.53,"Total Cost": 65823.03,"Plan Rows": 200,"Plan Width": 16,"Actual Startup Time": 5956.637,"Actual Total Time": 5956.675,"Actual Rows": 42,"Actual Loops": 1,"Sort Key": ["(count(*)) DESC", "(count(orders.o_orderkey)) DESC"],"Sort Method": "quicksort","Sort Space Used": 27,"Sort Space Type": "Memory","Plans": [{"Node Type": "Aggregate","Strategy": "Hashed","Partial Mode": "Simple","Parent Relationship": "Outer","Parallel Aware": false,"Async Capable": false,"Startup Cost": 65812.89,"Total Cost": 65814.89,"Plan Rows": 200,"Plan Width": 16,"Actual Startup Time": 5956.548,"Actual Total Time": 5956.590,"Actual Rows": 42,"Actual Loops": 1,"Group Key": ["count(orders.o_orderkey)"],"Planned Partitions": 0,"HashAgg Batches": 1,"Peak Memory Usage": 40,"Disk Usage": 0,"Plans": [{"Node Type": "Aggregate","Strategy": "Hashed","Partial Mode": "Simple","Parent Relationship": "Outer","Parallel Aware": false,"Async Capable": false,"Startup Cost": 62062.89,"Total Cost": 63562.89,"Plan Rows": 150000,"Plan Width": 12,"Actual Startup Time": 5763.184,"Actual Total Time": 5942.838,"Actual Rows": 150000,"Actual Loops": 1,"Group Key": ["customer.c_custkey"],"Planned Partitions": 0,"HashAgg Batches": 1,"Peak Memory Usage": 22545,"Disk Usage": 0,"Plans": [{"Node Type": "Hash Join","Parent Relationship": "Outer","Parallel Aware": false,"Async Capable": false,"Join Type": "Right","Startup Cost": 5781.42,"Total Cost": 54563.64,"Plan Rows": 1499850,"Plan Width": 8,"Actual Startup Time": 38.566,"Actual Total Time": 3955.732,"Actual Rows": 1533620,"Actual Loops": 1,"Inner Unique": true,"Hash Cond": "(orders.o_custkey = customer.c_custkey)","Plans": [{"Node Type": "Seq Scan","Parent Relationship": "Outer","Parallel Aware": false,"Async Capable": false,"Relation Name": "orders","Alias": "orders","Startup Cost": 0.00,"Total Cost": 44845.00,"Plan Rows": 1499850,"Plan Width": 8,"Actual Startup Time": 0.052,"Actual Total Time": 2713.562,"Actual Rows": 1483615,"Actual Loops": 1,"Filter": "((o_comment)::text !~~ '%pending%accounts%'::text)","Rows Removed by Filter": 16385},{"Node Type": "Hash","Parent Relationship": "Inner","Parallel Aware": false,"Async Capable": false,"Startup Cost": 3906.42,"Total Cost": 3906.42,"Plan Rows": 150000,"Plan Width": 4,"Actual Startup Time": 36.530,"Actual Total Time": 36.543,"Actual Rows": 150000,"Actual Loops": 1,"Hash Buckets": 262144,"Original Hash Buckets": 262144,"Hash Batches": 1,"Original Hash Batches": 1,"Peak Memory Usage": 7322,"Plans": [{"Node Type": "Index Only Scan","Parent Relationship": "Outer","Parallel Aware": false,"Async Capable": false,"Scan Direction": "Forward","Index Name": "customer_pkey","Relation Name": "customer","Alias": "customer","Startup Cost": 0.42,"Total Cost": 3906.42,"Plan Rows": 150000,"Plan Width": 4,"Actual Startup Time": 0.036,"Actual Total Time": 14.278,"Actual Rows": 150000,"Actual Loops": 1,"Heap Fetches": 0}]}]}]}]}]},"Planning Time": 3.568,"Triggers": [],"Execution Time": 5966.474}]
[{"Plan": {"Node Type": "Sort","Parallel Aware": false,"Async Capable": false,"Startup Cost": 65592.61,"Total Cost": 65593.11,"Plan Rows": 200,"Plan Width": 16,"Actual Startup Time": 6059.416,"Actual Total Time": 6059.459,"Actual Rows": 42,"Actual Loops": 1,"Sort Key": ["(count(*)) DESC", "(count(orders.o_orderkey)) DESC"],"Sort Method": "quicksort","Sort Space Used": 27,"Sort Space Type": "Memory","Plans": [{"Node Type": "Aggregate","Strategy": "Hashed","Partial Mode": "Simple","Parent Relationship": "Outer","Parallel Aware": false,"Async Capable": false,"Startup Cost": 65582.97,"Total Cost": 65584.97,"Plan Rows": 200,"Plan Width": 16,"Actual Startup Time": 6059.318,"Actual Total Time": 6059.369,"Actual Rows": 42,"Actual Loops": 1,"Group Key": ["count(orders.o_orderkey)"],"Planned Partitions": 0,"HashAgg Batches": 1,"Peak Memory Usage": 40,"Disk Usage": 0,"Plans": [{"Node Type": "Aggregate","Strategy": "Hashed","Partial Mode": "Simple","Parent Relationship": "Outer","Parallel Aware": false,"Async Capable": false,"Startup Cost": 61832.97,"Total Cost": 63332.97,"Plan Rows": 150000,"Plan Width": 12,"Actual Startup Time": 5864.158,"Actual Total Time": 6045.542,"Actual Rows": 150000,"Actual Loops": 1,"Group Key": ["customer.c_custkey"],"Planned Partitions": 0,"HashAgg Batches": 1,"Peak Memory Usage": 22545,"Disk Usage": 0,"Plans": [{"Node Type": "Hash Join","Parent Relationship": "Outer","Parallel Aware": false,"Async Capable": false,"Join Type": "Right","Startup Cost": 5781.42,"Total Cost": 54484.49,"Plan Rows": 1469697,"Plan Width": 8,"Actual Startup Time": 38.198,"Actual Total Time": 4061.016,"Actual Rows": 1533817,"Actual Loops": 1,"Inner Unique": true,"Hash Cond": "(orders.o_custkey = customer.c_custkey)","Plans": [{"Node Type": "Seq Scan","Parent Relationship": "Outer","Parallel Aware": false,"Async Capable": false,"Relation Name": "orders","Alias": "orders","Startup Cost": 0.00,"Total Cost": 44845.00,"Plan Rows": 1469697,"Plan Width": 8,"Actual Startup Time": 0.037,"Actual Total Time": 2812.366,"Actual Rows": 1483813,"Actual Loops": 1,"Filter": "((o_comment)::text !~~ '%unusual%requests%'::text)","Rows Removed by Filter": 16187},{"Node Type": "Hash","Parent Relationship": "Inner","Parallel Aware": false,"Async Capable": false,"Startup Cost": 3906.42,"Total Cost": 3906.42,"Plan Rows": 150000,"Plan Width": 4,"Actual Startup Time": 36.318,"Actual Total Time": 36.334,"Actual Rows": 150000,"Actual Loops": 1,"Hash Buckets": 262144,"Original Hash Buckets": 262144,"Hash Batches": 1,"Original Hash Batches": 1,"Peak Memory Usage": 7322,"Plans": [{"Node Type": "Index Only Scan","Parent Relationship": "Outer","Parallel Aware": false,"Async Capable": false,"Scan Direction": "Forward","Index Name": "customer_pkey","Relation Name": "customer","Alias": "customer","Startup Cost": 0.42,"Total Cost": 3906.42,"Plan Rows": 150000,"Plan Width": 4,"Actual Startup Time": 0.044,"Actual Total Time": 14.416,"Actual Rows": 150000,"Actual Loops": 1,"Heap Fetches": 0}]}]}]}]}]},"Planning Time": 3.526,"Triggers": [],"Execution Time": 6069.080}]
[{"Plan": {"Node Type": "Sort","Parallel Aware": false,"Async Capable": false,"Startup Cost": 65477.08,"Total Cost": 65477.58,"Plan Rows": 200,"Plan Width": 16,"Actual Startup Time": 6131.456,"Actual Total Time": 6131.495,"Actual Rows": 42,"Actual Loops": 1,"Sort Key": ["(count(*)) DESC", "(count(orders.o_orderkey)) DESC"],"Sort Method": "quicksort","Sort Space Used": 27,"Sort Space Type": "Memory","Plans": [{"Node Type": "Aggregate","Strategy": "Hashed","Partial Mode": "Simple","Parent Relationship": "Outer","Parallel Aware": false,"Async Capable": false,"Startup Cost": 65467.44,"Total Cost": 65469.44,"Plan Rows": 200,"Plan Width": 16,"Actual Startup Time": 6131.350,"Actual Total Time": 6131.398,"Actual Rows": 42,"Actual Loops": 1,"Group Key": ["count(orders.o_orderkey)"],"Planned Partitions": 0,"HashAgg Batches": 1,"Peak Memory Usage": 40,"Disk Usage": 0,"Plans": [{"Node Type": "Aggregate","Strategy": "Hashed","Partial Mode": "Simple","Parent Relationship": "Outer","Parallel Aware": false,"Async Capable": false,"Startup Cost": 61717.44,"Total Cost": 63217.44,"Plan Rows": 150000,"Plan Width": 12,"Actual Startup Time": 5953.045,"Actual Total Time": 6117.615,"Actual Rows": 150000,"Actual Loops": 1,"Group Key": ["customer.c_custkey"],"Planned Partitions": 0,"HashAgg Batches": 1,"Peak Memory Usage": 22545,"Disk Usage": 0,"Plans": [{"Node Type": "Hash Join","Parent Relationship": "Outer","Parallel Aware": false,"Async Capable": false,"Join Type": "Right","Startup Cost": 5781.42,"Total Cost": 54444.71,"Plan Rows": 1454545,"Plan Width": 8,"Actual Startup Time": 38.590,"Actual Total Time": 4109.614,"Actual Rows": 1533923,"Actual Loops": 1,"Inner Unique": true,"Hash Cond": "(orders.o_custkey = customer.c_custkey)","Plans": [{"Node Type": "Seq Scan","Parent Relationship": "Outer","Parallel Aware": false,"Async Capable": false,"Relation Name": "orders","Alias": "orders","Startup Cost": 0.00,"Total Cost": 44845.00,"Plan Rows": 1454545,"Plan Width": 8,"Actual Startup Time": 0.061,"Actual Total Time": 2840.022,"Actual Rows": 1483918,"Actual Loops": 1,"Filter": "((o_comment)::text !~~ '%special%requests%'::text)","Rows Removed by Filter": 16082},{"Node Type": "Hash","Parent Relationship": "Inner","Parallel Aware": false,"Async Capable": false,"Startup Cost": 3906.42,"Total Cost": 3906.42,"Plan Rows": 150000,"Plan Width": 4,"Actual Startup Time": 36.739,"Actual Total Time": 36.756,"Actual Rows": 150000,"Actual Loops": 1,"Hash Buckets": 262144,"Original Hash Buckets": 262144,"Hash Batches": 1,"Original Hash Batches": 1,"Peak Memory Usage": 7322,"Plans": [{"Node Type": "Index Only Scan","Parent Relationship": "Outer","Parallel Aware": false,"Async Capable": false,"Scan Direction": "Forward","Index Name": "customer_pkey","Relation Name": "customer","Alias": "customer","Startup Cost": 0.42,"Total Cost": 3906.42,"Plan Rows": 150000,"Plan Width": 4,"Actual Startup Time": 0.061,"Actual Total Time": 14.504,"Actual Rows": 150000,"Actual Loops": 1,"Heap Fetches": 0}]}]}]}]}]},"Planning Time": 3.536,"Triggers": [],"Execution Time": 6139.749}]
[{"Plan": {"Node Type": "Sort","Parallel Aware": false,"Async Capable": false,"Startup Cost": 65592.61,"Total Cost": 65593.11,"Plan Rows": 200,"Plan Width": 16,"Actual Startup Time": 6147.348,"Actual Total Time": 6147.387,"Actual Rows": 42,"Actual Loops": 1,"Sort Key": ["(count(*)) DESC", "(count(orders.o_orderkey)) DESC"],"Sort Method": "quicksort","Sort Space Used": 27,"Sort Space Type": "Memory","Plans": [{"Node Type": "Aggregate","Strategy": "Hashed","Partial Mode": "Simple","Parent Relationship": "Outer","Parallel Aware": false,"Async Capable": false,"Startup Cost": 65582.97,"Total Cost": 65584.97,"Plan Rows": 200,"Plan Width": 16,"Actual Startup Time": 6147.247,"Actual Total Time": 6147.296,"Actual Rows": 42,"Actual Loops": 1,"Group Key": ["count(orders.o_orderkey)"],"Planned Partitions": 0,"HashAgg Batches": 1,"Peak Memory Usage": 40,"Disk Usage": 0,"Plans": [{"Node Type": "Aggregate","Strategy": "Hashed","Partial Mode": "Simple","Parent Relationship": "Outer","Parallel Aware": false,"Async Capable": false,"Startup Cost": 61832.97,"Total Cost": 63332.97,"Plan Rows": 150000,"Plan Width": 12,"Actual Startup Time": 5968.961,"Actual Total Time": 6133.532,"Actual Rows": 150000,"Actual Loops": 1,"Group Key": ["customer.c_custkey"],"Planned Partitions": 0,"HashAgg Batches": 1,"Peak Memory Usage": 22545,"Disk Usage": 0,"Plans": [{"Node Type": "Hash Join","Parent Relationship": "Outer","Parallel Aware": false,"Async Capable": false,"Join Type": "Right","Startup Cost": 5781.42,"Total Cost": 54484.49,"Plan Rows": 1469697,"Plan Width": 8,"Actual Startup Time": 38.076,"Actual Total Time": 4114.998,"Actual Rows": 1533945,"Actual Loops": 1,"Inner Unique": true,"Hash Cond": "(orders.o_custkey = customer.c_custkey)","Plans": [{"Node Type": "Seq Scan","Parent Relationship": "Outer","Parallel Aware": false,"Async Capable": false,"Relation Name": "orders","Alias": "orders","Startup Cost": 0.00,"Total Cost": 44845.00,"Plan Rows": 1469697,"Plan Width": 8,"Actual Startup Time": 0.049,"Actual Total Time": 2844.878,"Actual Rows": 1483941,"Actual Loops": 1,"Filter": "((o_comment)::text !~~ '%express%packages%'::text)","Rows Removed by Filter": 16059},{"Node Type": "Hash","Parent Relationship": "Inner","Parallel Aware": false,"Async Capable": false,"Startup Cost": 3906.42,"Total Cost": 3906.42,"Plan Rows": 150000,"Plan Width": 4,"Actual Startup Time": 36.257,"Actual Total Time": 36.268,"Actual Rows": 150000,"Actual Loops": 1,"Hash Buckets": 262144,"Original Hash Buckets": 262144,"Hash Batches": 1,"Original Hash Batches": 1,"Peak Memory Usage": 7322,"Plans": [{"Node Type": "Index Only Scan","Parent Relationship": "Outer","Parallel Aware": false,"Async Capable": false,"Scan Direction": "Forward","Index Name": "customer_pkey","Relation Name": "customer","Alias": "customer","Startup Cost": 0.42,"Total Cost": 3906.42,"Plan Rows": 150000,"Plan Width": 4,"Actual Startup Time": 0.063,"Actual Total Time": 14.588,"Actual Rows": 150000,"Actual Loops": 1,"Heap Fetches": 0}]}]}]}]}]},"Planning Time": 3.934,"Triggers": [],"Execution Time": 6155.513}]
[{"Plan": {"Node Type": "Sort","Parallel Aware": false,"Async Capable": false,"Startup Cost": 65822.53,"Total Cost": 65823.03,"Plan Rows": 200,"Plan Width": 16,"Actual Startup Time": 6650.964,"Actual Total Time": 6651.000,"Actual Rows": 42,"Actual Loops": 1,"Sort Key": ["(count(*)) DESC", "(count(orders.o_orderkey)) DESC"],"Sort Method": "quicksort","Sort Space Used": 27,"Sort Space Type": "Memory","Plans": [{"Node Type": "Aggregate","Strategy": "Hashed","Partial Mode": "Simple","Parent Relationship": "Outer","Parallel Aware": false,"Async Capable": false,"Startup Cost": 65812.89,"Total Cost": 65814.89,"Plan Rows": 200,"Plan Width": 16,"Actual Startup Time": 6650.893,"Actual Total Time": 6650.940,"Actual Rows": 42,"Actual Loops": 1,"Group Key": ["count(orders.o_orderkey)"],"Planned Partitions": 0,"HashAgg Batches": 1,"Peak Memory Usage": 40,"Disk Usage": 0,"Plans": [{"Node Type": "Aggregate","Strategy": "Hashed","Partial Mode": "Simple","Parent Relationship": "Outer","Parallel Aware": false,"Async Capable": false,"Startup Cost": 62062.89,"Total Cost": 63562.89,"Plan Rows": 150000,"Plan Width": 12,"Actual Startup Time": 6477.408,"Actual Total Time": 6637.150,"Actual Rows": 150000,"Actual Loops": 1,"Group Key": ["customer.c_custkey"],"Planned Partitions": 0,"HashAgg Batches": 1,"Peak Memory Usage": 22545,"Disk Usage": 0,"Plans": [{"Node Type": "Hash Join","Parent Relationship": "Outer","Parallel Aware": false,"Async Capable": false,"Join Type": "Right","Startup Cost": 5781.42,"Total Cost": 54563.64,"Plan Rows": 1499850,"Plan Width": 8,"Actual Startup Time": 36.551,"Actual Total Time": 4552.506,"Actual Rows": 1533843,"Actual Loops": 1,"Inner Unique": true,"Hash Cond": "(orders.o_custkey = customer.c_custkey)","Plans": [{"Node Type": "Seq Scan","Parent Relationship": "Outer","Parallel Aware": false,"Async Capable": false,"Relation Name": "orders","Alias": "orders","Startup Cost": 0.00,"Total Cost": 44845.00,"Plan Rows": 1499850,"Plan Width": 8,"Actual Startup Time": 0.044,"Actual Total Time": 3147.620,"Actual Rows": 1483839,"Actual Loops": 1,"Filter": "((o_comment)::text !~~ '%pending%deposits%'::text)","Rows Removed by Filter": 16161},{"Node Type": "Hash","Parent Relationship": "Inner","Parallel Aware": false,"Async Capable": false,"Startup Cost": 3906.42,"Total Cost": 3906.42,"Plan Rows": 150000,"Plan Width": 4,"Actual Startup Time": 34.769,"Actual Total Time": 34.783,"Actual Rows": 150000,"Actual Loops": 1,"Hash Buckets": 262144,"Original Hash Buckets": 262144,"Hash Batches": 1,"Original Hash Batches": 1,"Peak Memory Usage": 7322,"Plans": [{"Node Type": "Index Only Scan","Parent Relationship": "Outer","Parallel Aware": false,"Async Capable": false,"Scan Direction": "Forward","Index Name": "customer_pkey","Relation Name": "customer","Alias": "customer","Startup Cost": 0.42,"Total Cost": 3906.42,"Plan Rows": 150000,"Plan Width": 4,"Actual Startup Time": 0.065,"Actual Total Time": 13.424,"Actual Rows": 150000,"Actual Loops": 1,"Heap Fetches": 0}]}]}]}]}]},"Planning Time": 3.594,"Triggers": [],"Execution Time": 6658.782}]
[{"Plan": {"Node Type": "Sort","Parallel Aware": false,"Async Capable": false,"Startup Cost": 65822.53,"Total Cost": 65823.03,"Plan Rows": 200,"Plan Width": 16,"Actual Startup Time": 6047.687,"Actual Total Time": 6047.735,"Actual Rows": 42,"Actual Loops": 1,"Sort Key": ["(count(*)) DESC", "(count(orders.o_orderkey)) DESC"],"Sort Method": "quicksort","Sort Space Used": 27,"Sort Space Type": "Memory","Plans": [{"Node Type": "Aggregate","Strategy": "Hashed","Partial Mode": "Simple","Parent Relationship": "Outer","Parallel Aware": false,"Async Capable": false,"Startup Cost": 65812.89,"Total Cost": 65814.89,"Plan Rows": 200,"Plan Width": 16,"Actual Startup Time": 6047.591,"Actual Total Time": 6047.643,"Actual Rows": 42,"Actual Loops": 1,"Group Key": ["count(orders.o_orderkey)"],"Planned Partitions": 0,"HashAgg Batches": 1,"Peak Memory Usage": 40,"Disk Usage": 0,"Plans": [{"Node Type": "Aggregate","Strategy": "Hashed","Partial Mode": "Simple","Parent Relationship": "Outer","Parallel Aware": false,"Async Capable": false,"Startup Cost": 62062.89,"Total Cost": 63562.89,"Plan Rows": 150000,"Plan Width": 12,"Actual Startup Time": 5868.600,"Actual Total Time": 6033.866,"Actual Rows": 150000,"Actual Loops": 1,"Group Key": ["customer.c_custkey"],"Planned Partitions": 0,"HashAgg Batches": 1,"Peak Memory Usage": 22545,"Disk Usage": 0,"Plans": [{"Node Type": "Hash Join","Parent Relationship": "Outer","Parallel Aware": false,"Async Capable": false,"Join Type": "Right","Startup Cost": 5781.42,"Total Cost": 54563.64,"Plan Rows": 1499850,"Plan Width": 8,"Actual Startup Time": 39.168,"Actual Total Time": 4010.851,"Actual Rows": 1533626,"Actual Loops": 1,"Inner Unique": true,"Hash Cond": "(orders.o_custkey = customer.c_custkey)","Plans": [{"Node Type": "Seq Scan","Parent Relationship": "Outer","Parallel Aware": false,"Async Capable": false,"Relation Name": "orders","Alias": "orders","Startup Cost": 0.00,"Total Cost": 44845.00,"Plan Rows": 1499850,"Plan Width": 8,"Actual Startup Time": 0.065,"Actual Total Time": 2757.508,"Actual Rows": 1483622,"Actual Loops": 1,"Filter": "((o_comment)::text !~~ '%unusual%accounts%'::text)","Rows Removed by Filter": 16378},{"Node Type": "Hash","Parent Relationship": "Inner","Parallel Aware": false,"Async Capable": false,"Startup Cost": 3906.42,"Total Cost": 3906.42,"Plan Rows": 150000,"Plan Width": 4,"Actual Startup Time": 37.343,"Actual Total Time": 37.362,"Actual Rows": 150000,"Actual Loops": 1,"Hash Buckets": 262144,"Original Hash Buckets": 262144,"Hash Batches": 1,"Original Hash Batches": 1,"Peak Memory Usage": 7322,"Plans": [{"Node Type": "Index Only Scan","Parent Relationship": "Outer","Parallel Aware": false,"Async Capable": false,"Scan Direction": "Forward","Index Name": "customer_pkey","Relation Name": "customer","Alias": "customer","Startup Cost": 0.42,"Total Cost": 3906.42,"Plan Rows": 150000,"Plan Width": 4,"Actual Startup Time": 0.036,"Actual Total Time": 14.472,"Actual Rows": 150000,"Actual Loops": 1,"Heap Fetches": 0}]}]}]}]}]},"Planning Time": 4.331,"Triggers": [],"Execution Time": 6056.690}]
[{"Plan": {"Node Type": "Sort","Parallel Aware": false,"Async Capable": false,"Startup Cost": 65708.14,"Total Cost": 65708.64,"Plan Rows": 200,"Plan Width": 16,"Actual Startup Time": 6706.121,"Actual Total Time": 6706.163,"Actual Rows": 42,"Actual Loops": 1,"Sort Key": ["(count(*)) DESC", "(count(orders.o_orderkey)) DESC"],"Sort Method": "quicksort","Sort Space Used": 27,"Sort Space Type": "Memory","Plans": [{"Node Type": "Aggregate","Strategy": "Hashed","Partial Mode": "Simple","Parent Relationship": "Outer","Parallel Aware": false,"Async Capable": false,"Startup Cost": 65698.50,"Total Cost": 65700.50,"Plan Rows": 200,"Plan Width": 16,"Actual Startup Time": 6706.048,"Actual Total Time": 6706.098,"Actual Rows": 42,"Actual Loops": 1,"Group Key": ["count(orders.o_orderkey)"],"Planned Partitions": 0,"HashAgg Batches": 1,"Peak Memory Usage": 40,"Disk Usage": 0,"Plans": [{"Node Type": "Aggregate","Strategy": "Hashed","Partial Mode": "Simple","Parent Relationship": "Outer","Parallel Aware": false,"Async Capable": false,"Startup Cost": 61948.50,"Total Cost": 63448.50,"Plan Rows": 150000,"Plan Width": 12,"Actual Startup Time": 6534.914,"Actual Total Time": 6692.300,"Actual Rows": 150000,"Actual Loops": 1,"Group Key": ["customer.c_custkey"],"Planned Partitions": 0,"HashAgg Batches": 1,"Peak Memory Usage": 22545,"Disk Usage": 0,"Plans": [{"Node Type": "Hash Join","Parent Relationship": "Outer","Parallel Aware": false,"Async Capable": false,"Join Type": "Right","Startup Cost": 5781.42,"Total Cost": 54524.26,"Plan Rows": 1484848,"Plan Width": 8,"Actual Startup Time": 35.450,"Actual Total Time": 4617.784,"Actual Rows": 1533791,"Actual Loops": 1,"Inner Unique": true,"Hash Cond": "(orders.o_custkey = customer.c_custkey)","Plans": [{"Node Type": "Seq Scan","Parent Relationship": "Outer","Parallel Aware": false,"Async Capable": false,"Relation Name": "orders","Alias": "orders","Startup Cost": 0.00,"Total Cost": 44845.00,"Plan Rows": 1484848,"Plan Width": 8,"Actual Startup Time": 0.045,"Actual Total Time": 3189.289,"Actual Rows": 1483787,"Actual Loops": 1,"Filter": "((o_comment)::text !~~ '%unusual%packages%'::text)","Rows Removed by Filter": 16213},{"Node Type": "Hash","Parent Relationship": "Inner","Parallel Aware": false,"Async Capable": false,"Startup Cost": 3906.42,"Total Cost": 3906.42,"Plan Rows": 150000,"Plan Width": 4,"Actual Startup Time": 33.722,"Actual Total Time": 33.741,"Actual Rows": 150000,"Actual Loops": 1,"Hash Buckets": 262144,"Original Hash Buckets": 262144,"Hash Batches": 1,"Original Hash Batches": 1,"Peak Memory Usage": 7322,"Plans": [{"Node Type": "Index Only Scan","Parent Relationship": "Outer","Parallel Aware": false,"Async Capable": false,"Scan Direction": "Forward","Index Name": "customer_pkey","Relation Name": "customer","Alias": "customer","Startup Cost": 0.42,"Total Cost": 3906.42,"Plan Rows": 150000,"Plan Width": 4,"Actual Startup Time": 0.040,"Actual Total Time": 13.017,"Actual Rows": 150000,"Actual Loops": 1,"Heap Fetches": 0}]}]}]}]}]},"Planning Time": 3.840,"Triggers": [],"Execution Time": 6714.032}]
[{"Plan": {"Node Type": "Sort","Parallel Aware": false,"Async Capable": false,"Startup Cost": 65708.14,"Total Cost": 65708.64,"Plan Rows": 200,"Plan Width": 16,"Actual Startup Time": 6734.447,"Actual Total Time": 6734.481,"Actual Rows": 42,"Actual Loops": 1,"Sort Key": ["(count(*)) DESC", "(count(orders.o_orderkey)) DESC"],"Sort Method": "quicksort","Sort Space Used": 27,"Sort Space Type": "Memory","Plans": [{"Node Type": "Aggregate","Strategy": "Hashed","Partial Mode": "Simple","Parent Relationship": "Outer","Parallel Aware": false,"Async Capable": false,"Startup Cost": 65698.50,"Total Cost": 65700.50,"Plan Rows": 200,"Plan Width": 16,"Actual Startup Time": 6734.369,"Actual Total Time": 6734.411,"Actual Rows": 42,"Actual Loops": 1,"Group Key": ["count(orders.o_orderkey)"],"Planned Partitions": 0,"HashAgg Batches": 1,"Peak Memory Usage": 40,"Disk Usage": 0,"Plans": [{"Node Type": "Aggregate","Strategy": "Hashed","Partial Mode": "Simple","Parent Relationship": "Outer","Parallel Aware": false,"Async Capable": false,"Startup Cost": 61948.50,"Total Cost": 63448.50,"Plan Rows": 150000,"Plan Width": 12,"Actual Startup Time": 6542.374,"Actual Total Time": 6720.630,"Actual Rows": 150000,"Actual Loops": 1,"Group Key": ["customer.c_custkey"],"Planned Partitions": 0,"HashAgg Batches": 1,"Peak Memory Usage": 22545,"Disk Usage": 0,"Plans": [{"Node Type": "Hash Join","Parent Relationship": "Outer","Parallel Aware": false,"Async Capable": false,"Join Type": "Right","Startup Cost": 5781.42,"Total Cost": 54524.26,"Plan Rows": 1484848,"Plan Width": 8,"Actual Startup Time": 36.319,"Actual Total Time": 4621.827,"Actual Rows": 1533676,"Actual Loops": 1,"Inner Unique": true,"Hash Cond": "(orders.o_custkey = customer.c_custkey)","Plans": [{"Node Type": "Seq Scan","Parent Relationship": "Outer","Parallel Aware": false,"Async Capable": false,"Relation Name": "orders","Alias": "orders","Startup Cost": 0.00,"Total Cost": 44845.00,"Plan Rows": 1484848,"Plan Width": 8,"Actual Startup Time": 0.054,"Actual Total Time": 3196.487,"Actual Rows": 1483672,"Actual Loops": 1,"Filter": "((o_comment)::text !~~ '%express%requests%'::text)","Rows Removed by Filter": 16328},{"Node Type": "Hash","Parent Relationship": "Inner","Parallel Aware": false,"Async Capable": false,"Startup Cost": 3906.42,"Total Cost": 3906.42,"Plan Rows": 150000,"Plan Width": 4,"Actual Startup Time": 34.348,"Actual Total Time": 34.358,"Actual Rows": 150000,"Actual Loops": 1,"Hash Buckets": 262144,"Original Hash Buckets": 262144,"Hash Batches": 1,"Original Hash Batches": 1,"Peak Memory Usage": 7322,"Plans": [{"Node Type": "Index Only Scan","Parent Relationship": "Outer","Parallel Aware": false,"Async Capable": false,"Scan Direction": "Forward","Index Name": "customer_pkey","Relation Name": "customer","Alias": "customer","Startup Cost": 0.42,"Total Cost": 3906.42,"Plan Rows": 150000,"Plan Width": 4,"Actual Startup Time": 0.054,"Actual Total Time": 13.145,"Actual Rows": 150000,"Actual Loops": 1,"Heap Fetches": 0}]}]}]}]}]},"Planning Time": 4.493,"Triggers": [],"Execution Time": 6743.934}]
[{"Plan": {"Node Type": "Sort","Parallel Aware": false,"Async Capable": false,"Startup Cost": 65822.53,"Total Cost": 65823.03,"Plan Rows": 200,"Plan Width": 16,"Actual Startup Time": 5956.637,"Actual Total Time": 5956.675,"Actual Rows": 42,"Actual Loops": 1,"Sort Key": ["(count(*)) DESC", "(count(orders.o_orderkey)) DESC"],"Sort Method": "quicksort","Sort Space Used": 27,"Sort Space Type": "Memory","Plans": [{"Node Type": "Aggregate","Strategy": "Hashed","Partial Mode": "Simple","Parent Relationship": "Outer","Parallel Aware": false,"Async Capable": false,"Startup Cost": 65812.89,"Total Cost": 65814.89,"Plan Rows": 200,"Plan Width": 16,"Actual Startup Time": 5956.548,"Actual Total Time": 5956.590,"Actual Rows": 42,"Actual Loops": 1,"Group Key": ["count(orders.o_orderkey)"],"Planned Partitions": 0,"HashAgg Batches": 1,"Peak Memory Usage": 40,"Disk Usage": 0,"Plans": [{"Node Type": "Aggregate","Strategy": "Hashed","Partial Mode": "Simple","Parent Relationship": "Outer","Parallel Aware": false,"Async Capable": false,"Startup Cost": 62062.89,"Total Cost": 63562.89,"Plan Rows": 150000,"Plan Width": 12,"Actual Startup Time": 5763.184,"Actual Total Time": 5942.838,"Actual Rows": 150000,"Actual Loops": 1,"Group Key": ["customer.c_custkey"],"Planned Partitions": 0,"HashAgg Batches": 1,"Peak Memory Usage": 22545,"Disk Usage": 0,"Plans": [{"Node Type": "Hash Join","Parent Relationship": "Outer","Parallel Aware": false,"Async Capable": false,"Join Type": "Right","Startup Cost": 5781.42,"Total Cost": 54563.64,"Plan Rows": 1499850,"Plan Width": 8,"Actual Startup Time": 38.566,"Actual Total Time": 3955.732,"Actual Rows": 1533620,"Actual Loops": 1,"Inner Unique": true,"Hash Cond": "(orders.o_custkey = customer.c_custkey)","Plans": [{"Node Type": "Seq Scan","Parent Relationship": "Outer","Parallel Aware": false,"Async Capable": false,"Relation Name": "orders","Alias": "orders","Startup Cost": 0.00,"Total Cost": 44845.00,"Plan Rows": 1499850,"Plan Width": 8,"Actual Startup Time": 0.052,"Actual Total Time": 2713.562,"Actual Rows": 1483615,"Actual Loops": 1,"Filter": "((o_comment)::text !~~ '%pending%accounts%'::text)","Rows Removed by Filter": 16385},{"Node Type": "Hash","Parent Relationship": "Inner","Parallel Aware": false,"Async Capable": false,"Startup Cost": 3906.42,"Total Cost": 3906.42,"Plan Rows": 150000,"Plan Width": 4,"Actual Startup Time": 36.530,"Actual Total Time": 36.543,"Actual Rows": 150000,"Actual Loops": 1,"Hash Buckets": 262144,"Original Hash Buckets": 262144,"Hash Batches": 1,"Original Hash Batches": 1,"Peak Memory Usage": 7322,"Plans": [{"Node Type": "Index Only Scan","Parent Relationship": "Outer","Parallel Aware": false,"Async Capable": false,"Scan Direction": "Forward","Index Name": "customer_pkey","Relation Name": "customer","Alias": "customer","Startup Cost": 0.42,"Total Cost": 3906.42,"Plan Rows": 150000,"Plan Width": 4,"Actual Startup Time": 0.036,"Actual Total Time": 14.278,"Actual Rows": 150000,"Actual Loops": 1,"Heap Fetches": 0}]}]}]}]}]},"Planning Time": 3.568,"Triggers": [],"Execution Time": 5966.474}]
[{"Plan": {"Node Type": "Sort","Parallel Aware": false,"Async Capable": false,"Startup Cost": 65822.53,"Total Cost": 65823.03,"Plan Rows": 200,"Plan Width": 16,"Actual Startup Time": 6096.807,"Actual Total Time": 6096.851,"Actual Rows": 42,"Actual Loops": 1,"Sort Key": ["(count(*)) DESC", "(count(orders.o_orderkey)) DESC"],"Sort Method": "quicksort","Sort Space Used": 27,"Sort Space Type": "Memory","Plans": [{"Node Type": "Aggregate","Strategy": "Hashed","Partial Mode": "Simple","Parent Relationship": "Outer","Parallel Aware": false,"Async Capable": false,"Startup Cost": 65812.89,"Total Cost": 65814.89,"Plan Rows": 200,"Plan Width": 16,"Actual Startup Time": 6096.707,"Actual Total Time": 6096.758,"Actual Rows": 42,"Actual Loops": 1,"Group Key": ["count(orders.o_orderkey)"],"Planned Partitions": 0,"HashAgg Batches": 1,"Peak Memory Usage": 40,"Disk Usage": 0,"Plans": [{"Node Type": "Aggregate","Strategy": "Hashed","Partial Mode": "Simple","Parent Relationship": "Outer","Parallel Aware": false,"Async Capable": false,"Startup Cost": 62062.89,"Total Cost": 63562.89,"Plan Rows": 150000,"Plan Width": 12,"Actual Startup Time": 5900.364,"Actual Total Time": 6082.949,"Actual Rows": 150000,"Actual Loops": 1,"Group Key": ["customer.c_custkey"],"Planned Partitions": 0,"HashAgg Batches": 1,"Peak Memory Usage": 22545,"Disk Usage": 0,"Plans": [{"Node Type": "Hash Join","Parent Relationship": "Outer","Parallel Aware": false,"Async Capable": false,"Join Type": "Right","Startup Cost": 5781.42,"Total Cost": 54563.64,"Plan Rows": 1499850,"Plan Width": 8,"Actual Startup Time": 38.105,"Actual Total Time": 4090.394,"Actual Rows": 1533835,"Actual Loops": 1,"Inner Unique": true,"Hash Cond": "(orders.o_custkey = customer.c_custkey)","Plans": [{"Node Type": "Seq Scan","Parent Relationship": "Outer","Parallel Aware": false,"Async Capable": false,"Relation Name": "orders","Alias": "orders","Startup Cost": 0.00,"Total Cost": 44845.00,"Plan Rows": 1499850,"Plan Width": 8,"Actual Startup Time": 0.059,"Actual Total Time": 2844.303,"Actual Rows": 1483831,"Actual Loops": 1,"Filter": "((o_comment)::text !~~ '%special%accounts%'::text)","Rows Removed by Filter": 16169},{"Node Type": "Hash","Parent Relationship": "Inner","Parallel Aware": false,"Async Capable": false,"Startup Cost": 3906.42,"Total Cost": 3906.42,"Plan Rows": 150000,"Plan Width": 4,"Actual Startup Time": 36.335,"Actual Total Time": 36.352,"Actual Rows": 150000,"Actual Loops": 1,"Hash Buckets": 262144,"Original Hash Buckets": 262144,"Hash Batches": 1,"Original Hash Batches": 1,"Peak Memory Usage": 7322,"Plans": [{"Node Type": "Index Only Scan","Parent Relationship": "Outer","Parallel Aware": false,"Async Capable": false,"Scan Direction": "Forward","Index Name": "customer_pkey","Relation Name": "customer","Alias": "customer","Startup Cost": 0.42,"Total Cost": 3906.42,"Plan Rows": 150000,"Plan Width": 4,"Actual Startup Time": 0.048,"Actual Total Time": 14.414,"Actual Rows": 150000,"Actual Loops": 1,"Heap Fetches": 0}]}]}]}]}]},"Planning Time": 3.409,"Triggers": [],"Execution Time": 6107.560}]
[{"Plan": {"Node Type": "Sort","Parallel Aware": false,"Async Capable": false,"Startup Cost": 65822.53,"Total Cost": 65823.03,"Plan Rows": 200,"Plan Width": 16,"Actual Startup Time": 6047.687,"Actual Total Time": 6047.735,"Actual Rows": 42,"Actual Loops": 1,"Sort Key": ["(count(*)) DESC", "(count(orders.o_orderkey)) DESC"],"Sort Method": "quicksort","Sort Space Used": 27,"Sort Space Type": "Memory","Plans": [{"Node Type": "Aggregate","Strategy": "Hashed","Partial Mode": "Simple","Parent Relationship": "Outer","Parallel Aware": false,"Async Capable": false,"Startup Cost": 65812.89,"Total Cost": 65814.89,"Plan Rows": 200,"Plan Width": 16,"Actual Startup Time": 6047.591,"Actual Total Time": 6047.643,"Actual Rows": 42,"Actual Loops": 1,"Group Key": ["count(orders.o_orderkey)"],"Planned Partitions": 0,"HashAgg Batches": 1,"Peak Memory Usage": 40,"Disk Usage": 0,"Plans": [{"Node Type": "Aggregate","Strategy": "Hashed","Partial Mode": "Simple","Parent Relationship": "Outer","Parallel Aware": false,"Async Capable": false,"Startup Cost": 62062.89,"Total Cost": 63562.89,"Plan Rows": 150000,"Plan Width": 12,"Actual Startup Time": 5868.600,"Actual Total Time": 6033.866,"Actual Rows": 150000,"Actual Loops": 1,"Group Key": ["customer.c_custkey"],"Planned Partitions": 0,"HashAgg Batches": 1,"Peak Memory Usage": 22545,"Disk Usage": 0,"Plans": [{"Node Type": "Hash Join","Parent Relationship": "Outer","Parallel Aware": false,"Async Capable": false,"Join Type": "Right","Startup Cost": 5781.42,"Total Cost": 54563.64,"Plan Rows": 1499850,"Plan Width": 8,"Actual Startup Time": 39.168,"Actual Total Time": 4010.851,"Actual Rows": 1533626,"Actual Loops": 1,"Inner Unique": true,"Hash Cond": "(orders.o_custkey = customer.c_custkey)","Plans": [{"Node Type": "Seq Scan","Parent Relationship": "Outer","Parallel Aware": false,"Async Capable": false,"Relation Name": "orders","Alias": "orders","Startup Cost": 0.00,"Total Cost": 44845.00,"Plan Rows": 1499850,"Plan Width": 8,"Actual Startup Time": 0.065,"Actual Total Time": 2757.508,"Actual Rows": 1483622,"Actual Loops": 1,"Filter": "((o_comment)::text !~~ '%unusual%accounts%'::text)","Rows Removed by Filter": 16378},{"Node Type": "Hash","Parent Relationship": "Inner","Parallel Aware": false,"Async Capable": false,"Startup Cost": 3906.42,"Total Cost": 3906.42,"Plan Rows": 150000,"Plan Width": 4,"Actual Startup Time": 37.343,"Actual Total Time": 37.362,"Actual Rows": 150000,"Actual Loops": 1,"Hash Buckets": 262144,"Original Hash Buckets": 262144,"Hash Batches": 1,"Original Hash Batches": 1,"Peak Memory Usage": 7322,"Plans": [{"Node Type": "Index Only Scan","Parent Relationship": "Outer","Parallel Aware": false,"Async Capable": false,"Scan Direction": "Forward","Index Name": "customer_pkey","Relation Name": "customer","Alias": "customer","Startup Cost": 0.42,"Total Cost": 3906.42,"Plan Rows": 150000,"Plan Width": 4,"Actual Startup Time": 0.036,"Actual Total Time": 14.472,"Actual Rows": 150000,"Actual Loops": 1,"Heap Fetches": 0}]}]}]}]}]},"Planning Time": 4.331,"Triggers": [],"Execution Time": 6056.690}]
[{"Plan": {"Node Type": "Sort","Parallel Aware": false,"Async Capable": false,"Startup Cost": 65708.14,"Total Cost": 65708.64,"Plan Rows": 200,"Plan Width": 16,"Actual Startup Time": 6096.152,"Actual Total Time": 6096.183,"Actual Rows": 42,"Actual Loops": 1,"Sort Key": ["(count(*)) DESC", "(count(orders.o_orderkey)) DESC"],"Sort Method": "quicksort","Sort Space Used": 27,"Sort Space Type": "Memory","Plans": [{"Node Type": "Aggregate","Strategy": "Hashed","Partial Mode": "Simple","Parent Relationship": "Outer","Parallel Aware": false,"Async Capable": false,"Startup Cost": 65698.50,"Total Cost": 65700.50,"Plan Rows": 200,"Plan Width": 16,"Actual Startup Time": 6096.055,"Actual Total Time": 6096.099,"Actual Rows": 42,"Actual Loops": 1,"Group Key": ["count(orders.o_orderkey)"],"Planned Partitions": 0,"HashAgg Batches": 1,"Peak Memory Usage": 40,"Disk Usage": 0,"Plans": [{"Node Type": "Aggregate","Strategy": "Hashed","Partial Mode": "Simple","Parent Relationship": "Outer","Parallel Aware": false,"Async Capable": false,"Startup Cost": 61948.50,"Total Cost": 63448.50,"Plan Rows": 150000,"Plan Width": 12,"Actual Startup Time": 5916.888,"Actual Total Time": 6082.285,"Actual Rows": 150000,"Actual Loops": 1,"Group Key": ["customer.c_custkey"],"Planned Partitions": 0,"HashAgg Batches": 1,"Peak Memory Usage": 22545,"Disk Usage": 0,"Plans": [{"Node Type": "Hash Join","Parent Relationship": "Outer","Parallel Aware": false,"Async Capable": false,"Join Type": "Right","Startup Cost": 5781.42,"Total Cost": 54524.26,"Plan Rows": 1484848,"Plan Width": 8,"Actual Startup Time": 39.799,"Actual Total Time": 4085.231,"Actual Rows": 1533660,"Actual Loops": 1,"Inner Unique": true,"Hash Cond": "(orders.o_custkey = customer.c_custkey)","Plans": [{"Node Type": "Seq Scan","Parent Relationship": "Outer","Parallel Aware": false,"Async Capable": false,"Relation Name": "orders","Alias": "orders","Startup Cost": 0.00,"Total Cost": 44845.00,"Plan Rows": 1484848,"Plan Width": 8,"Actual Startup Time": 0.053,"Actual Total Time": 2810.059,"Actual Rows": 1483656,"Actual Loops": 1,"Filter": "((o_comment)::text !~~ '%pending%requests%'::text)","Rows Removed by Filter": 16344},{"Node Type": "Hash","Parent Relationship": "Inner","Parallel Aware": false,"Async Capable": false,"Startup Cost": 3906.42,"Total Cost": 3906.42,"Plan Rows": 150000,"Plan Width": 4,"Actual Startup Time": 37.918,"Actual Total Time": 37.930,"Actual Rows": 150000,"Actual Loops": 1,"Hash Buckets": 262144,"Original Hash Buckets": 262144,"Hash Batches": 1,"Original Hash Batches": 1,"Peak Memory Usage": 7322,"Plans": [{"Node Type": "Index Only Scan","Parent Relationship": "Outer","Parallel Aware": false,"Async Capable": false,"Scan Direction": "Forward","Index Name": "customer_pkey","Relation Name": "customer","Alias": "customer","Startup Cost": 0.42,"Total Cost": 3906.42,"Plan Rows": 150000,"Plan Width": 4,"Actual Startup Time": 0.035,"Actual Total Time": 14.493,"Actual Rows": 150000,"Actual Loops": 1,"Heap Fetches": 0}]}]}]}]}]},"Planning Time": 4.221,"Triggers": [],"Execution Time": 6104.310}]
[{"Plan": {"Node Type": "Sort","Parallel Aware": false,"Async Capable": false,"Startup Cost": 65477.08,"Total Cost": 65477.58,"Plan Rows": 200,"Plan Width": 16,"Actual Startup Time": 6131.456,"Actual Total Time": 6131.495,"Actual Rows": 42,"Actual Loops": 1,"Sort Key": ["(count(*)) DESC", "(count(orders.o_orderkey)) DESC"],"Sort Method": "quicksort","Sort Space Used": 27,"Sort Space Type": "Memory","Plans": [{"Node Type": "Aggregate","Strategy": "Hashed","Partial Mode": "Simple","Parent Relationship": "Outer","Parallel Aware": false,"Async Capable": false,"Startup Cost": 65467.44,"Total Cost": 65469.44,"Plan Rows": 200,"Plan Width": 16,"Actual Startup Time": 6131.350,"Actual Total Time": 6131.398,"Actual Rows": 42,"Actual Loops": 1,"Group Key": ["count(orders.o_orderkey)"],"Planned Partitions": 0,"HashAgg Batches": 1,"Peak Memory Usage": 40,"Disk Usage": 0,"Plans": [{"Node Type": "Aggregate","Strategy": "Hashed","Partial Mode": "Simple","Parent Relationship": "Outer","Parallel Aware": false,"Async Capable": false,"Startup Cost": 61717.44,"Total Cost": 63217.44,"Plan Rows": 150000,"Plan Width": 12,"Actual Startup Time": 5953.045,"Actual Total Time": 6117.615,"Actual Rows": 150000,"Actual Loops": 1,"Group Key": ["customer.c_custkey"],"Planned Partitions": 0,"HashAgg Batches": 1,"Peak Memory Usage": 22545,"Disk Usage": 0,"Plans": [{"Node Type": "Hash Join","Parent Relationship": "Outer","Parallel Aware": false,"Async Capable": false,"Join Type": "Right","Startup Cost": 5781.42,"Total Cost": 54444.71,"Plan Rows": 1454545,"Plan Width": 8,"Actual Startup Time": 38.590,"Actual Total Time": 4109.614,"Actual Rows": 1533923,"Actual Loops": 1,"Inner Unique": true,"Hash Cond": "(orders.o_custkey = customer.c_custkey)","Plans": [{"Node Type": "Seq Scan","Parent Relationship": "Outer","Parallel Aware": false,"Async Capable": false,"Relation Name": "orders","Alias": "orders","Startup Cost": 0.00,"Total Cost": 44845.00,"Plan Rows": 1454545,"Plan Width": 8,"Actual Startup Time": 0.061,"Actual Total Time": 2840.022,"Actual Rows": 1483918,"Actual Loops": 1,"Filter": "((o_comment)::text !~~ '%special%requests%'::text)","Rows Removed by Filter": 16082},{"Node Type": "Hash","Parent Relationship": "Inner","Parallel Aware": false,"Async Capable": false,"Startup Cost": 3906.42,"Total Cost": 3906.42,"Plan Rows": 150000,"Plan Width": 4,"Actual Startup Time": 36.739,"Actual Total Time": 36.756,"Actual Rows": 150000,"Actual Loops": 1,"Hash Buckets": 262144,"Original Hash Buckets": 262144,"Hash Batches": 1,"Original Hash Batches": 1,"Peak Memory Usage": 7322,"Plans": [{"Node Type": "Index Only Scan","Parent Relationship": "Outer","Parallel Aware": false,"Async Capable": false,"Scan Direction": "Forward","Index Name": "customer_pkey","Relation Name": "customer","Alias": "customer","Startup Cost": 0.42,"Total Cost": 3906.42,"Plan Rows": 150000,"Plan Width": 4,"Actual Startup Time": 0.061,"Actual Total Time": 14.504,"Actual Rows": 150000,"Actual Loops": 1,"Heap Fetches": 0}]}]}]}]}]},"Planning Time": 3.536,"Triggers": [],"Execution Time": 6139.749}]
[{"Plan": {"Node Type": "Sort","Parallel Aware": false,"Async Capable": false,"Startup Cost": 65822.53,"Total Cost": 65823.03,"Plan Rows": 200,"Plan Width": 16,"Actual Startup Time": 6101.280,"Actual Total Time": 6101.314,"Actual Rows": 42,"Actual Loops": 1,"Sort Key": ["(count(*)) DESC", "(count(orders.o_orderkey)) DESC"],"Sort Method": "quicksort","Sort Space Used": 27,"Sort Space Type": "Memory","Plans": [{"Node Type": "Aggregate","Strategy": "Hashed","Partial Mode": "Simple","Parent Relationship": "Outer","Parallel Aware": false,"Async Capable": false,"Startup Cost": 65812.89,"Total Cost": 65814.89,"Plan Rows": 200,"Plan Width": 16,"Actual Startup Time": 6101.184,"Actual Total Time": 6101.232,"Actual Rows": 42,"Actual Loops": 1,"Group Key": ["count(orders.o_orderkey)"],"Planned Partitions": 0,"HashAgg Batches": 1,"Peak Memory Usage": 40,"Disk Usage": 0,"Plans": [{"Node Type": "Aggregate","Strategy": "Hashed","Partial Mode": "Simple","Parent Relationship": "Outer","Parallel Aware": false,"Async Capable": false,"Startup Cost": 62062.89,"Total Cost": 63562.89,"Plan Rows": 150000,"Plan Width": 12,"Actual Startup Time": 5921.162,"Actual Total Time": 6087.400,"Actual Rows": 150000,"Actual Loops": 1,"Group Key": ["customer.c_custkey"],"Planned Partitions": 0,"HashAgg Batches": 1,"Peak Memory Usage": 22545,"Disk Usage": 0,"Plans": [{"Node Type": "Hash Join","Parent Relationship": "Outer","Parallel Aware": false,"Async Capable": false,"Join Type": "Right","Startup Cost": 5781.42,"Total Cost": 54563.64,"Plan Rows": 1499850,"Plan Width": 8,"Actual Startup Time": 39.228,"Actual Total Time": 4074.723,"Actual Rows": 1533808,"Actual Loops": 1,"Inner Unique": true,"Hash Cond": "(orders.o_custkey = customer.c_custkey)","Plans": [{"Node Type": "Seq Scan","Parent Relationship": "Outer","Parallel Aware": false,"Async Capable": false,"Relation Name": "orders","Alias": "orders","Startup Cost": 0.00,"Total Cost": 44845.00,"Plan Rows": 1499850,"Plan Width": 8,"Actual Startup Time": 0.056,"Actual Total Time": 2834.984,"Actual Rows": 1483804,"Actual Loops": 1,"Filter": "((o_comment)::text !~~ '%special%deposits%'::text)","Rows Removed by Filter": 16196},{"Node Type": "Hash","Parent Relationship": "Inner","Parallel Aware": false,"Async Capable": false,"Startup Cost": 3906.42,"Total Cost": 3906.42,"Plan Rows": 150000,"Plan Width": 4,"Actual Startup Time": 37.438,"Actual Total Time": 37.451,"Actual Rows": 150000,"Actual Loops": 1,"Hash Buckets": 262144,"Original Hash Buckets": 262144,"Hash Batches": 1,"Original Hash Batches": 1,"Peak Memory Usage": 7322,"Plans": [{"Node Type": "Index Only Scan","Parent Relationship": "Outer","Parallel Aware": false,"Async Capable": false,"Scan Direction": "Forward","Index Name": "customer_pkey","Relation Name": "customer","Alias": "customer","Startup Cost": 0.42,"Total Cost": 3906.42,"Plan Rows": 150000,"Plan Width": 4,"Actual Startup Time": 0.049,"Actual Total Time": 14.639,"Actual Rows": 150000,"Actual Loops": 1,"Heap Fetches": 0}]}]}]}]}]},"Planning Time": 3.971,"Triggers": [],"Execution Time": 6110.955}]
[{"Plan": {"Node Type": "Sort","Parallel Aware": false,"Async Capable": false,"Startup Cost": 65822.53,"Total Cost": 65823.03,"Plan Rows": 200,"Plan Width": 16,"Actual Startup Time": 5956.637,"Actual Total Time": 5956.675,"Actual Rows": 42,"Actual Loops": 1,"Sort Key": ["(count(*)) DESC", "(count(orders.o_orderkey)) DESC"],"Sort Method": "quicksort","Sort Space Used": 27,"Sort Space Type": "Memory","Plans": [{"Node Type": "Aggregate","Strategy": "Hashed","Partial Mode": "Simple","Parent Relationship": "Outer","Parallel Aware": false,"Async Capable": false,"Startup Cost": 65812.89,"Total Cost": 65814.89,"Plan Rows": 200,"Plan Width": 16,"Actual Startup Time": 5956.548,"Actual Total Time": 5956.590,"Actual Rows": 42,"Actual Loops": 1,"Group Key": ["count(orders.o_orderkey)"],"Planned Partitions": 0,"HashAgg Batches": 1,"Peak Memory Usage": 40,"Disk Usage": 0,"Plans": [{"Node Type": "Aggregate","Strategy": "Hashed","Partial Mode": "Simple","Parent Relationship": "Outer","Parallel Aware": false,"Async Capable": false,"Startup Cost": 62062.89,"Total Cost": 63562.89,"Plan Rows": 150000,"Plan Width": 12,"Actual Startup Time": 5763.184,"Actual Total Time": 5942.838,"Actual Rows": 150000,"Actual Loops": 1,"Group Key": ["customer.c_custkey"],"Planned Partitions": 0,"HashAgg Batches": 1,"Peak Memory Usage": 22545,"Disk Usage": 0,"Plans": [{"Node Type": "Hash Join","Parent Relationship": "Outer","Parallel Aware": false,"Async Capable": false,"Join Type": "Right","Startup Cost": 5781.42,"Total Cost": 54563.64,"Plan Rows": 1499850,"Plan Width": 8,"Actual Startup Time": 38.566,"Actual Total Time": 3955.732,"Actual Rows": 1533620,"Actual Loops": 1,"Inner Unique": true,"Hash Cond": "(orders.o_custkey = customer.c_custkey)","Plans": [{"Node Type": "Seq Scan","Parent Relationship": "Outer","Parallel Aware": false,"Async Capable": false,"Relation Name": "orders","Alias": "orders","Startup Cost": 0.00,"Total Cost": 44845.00,"Plan Rows": 1499850,"Plan Width": 8,"Actual Startup Time": 0.052,"Actual Total Time": 2713.562,"Actual Rows": 1483615,"Actual Loops": 1,"Filter": "((o_comment)::text !~~ '%pending%accounts%'::text)","Rows Removed by Filter": 16385},{"Node Type": "Hash","Parent Relationship": "Inner","Parallel Aware": false,"Async Capable": false,"Startup Cost": 3906.42,"Total Cost": 3906.42,"Plan Rows": 150000,"Plan Width": 4,"Actual Startup Time": 36.530,"Actual Total Time": 36.543,"Actual Rows": 150000,"Actual Loops": 1,"Hash Buckets": 262144,"Original Hash Buckets": 262144,"Hash Batches": 1,"Original Hash Batches": 1,"Peak Memory Usage": 7322,"Plans": [{"Node Type": "Index Only Scan","Parent Relationship": "Outer","Parallel Aware": false,"Async Capable": false,"Scan Direction": "Forward","Index Name": "customer_pkey","Relation Name": "customer","Alias": "customer","Startup Cost": 0.42,"Total Cost": 3906.42,"Plan Rows": 150000,"Plan Width": 4,"Actual Startup Time": 0.036,"Actual Total Time": 14.278,"Actual Rows": 150000,"Actual Loops": 1,"Heap Fetches": 0}]}]}]}]}]},"Planning Time": 3.568,"Triggers": [],"Execution Time": 5966.474}]
[{"Plan": {"Node Type": "Sort","Parallel Aware": false,"Async Capable": false,"Startup Cost": 65822.53,"Total Cost": 65823.03,"Plan Rows": 200,"Plan Width": 16,"Actual Startup Time": 6650.964,"Actual Total Time": 6651.000,"Actual Rows": 42,"Actual Loops": 1,"Sort Key": ["(count(*)) DESC", "(count(orders.o_orderkey)) DESC"],"Sort Method": "quicksort","Sort Space Used": 27,"Sort Space Type": "Memory","Plans": [{"Node Type": "Aggregate","Strategy": "Hashed","Partial Mode": "Simple","Parent Relationship": "Outer","Parallel Aware": false,"Async Capable": false,"Startup Cost": 65812.89,"Total Cost": 65814.89,"Plan Rows": 200,"Plan Width": 16,"Actual Startup Time": 6650.893,"Actual Total Time": 6650.940,"Actual Rows": 42,"Actual Loops": 1,"Group Key": ["count(orders.o_orderkey)"],"Planned Partitions": 0,"HashAgg Batches": 1,"Peak Memory Usage": 40,"Disk Usage": 0,"Plans": [{"Node Type": "Aggregate","Strategy": "Hashed","Partial Mode": "Simple","Parent Relationship": "Outer","Parallel Aware": false,"Async Capable": false,"Startup Cost": 62062.89,"Total Cost": 63562.89,"Plan Rows": 150000,"Plan Width": 12,"Actual Startup Time": 6477.408,"Actual Total Time": 6637.150,"Actual Rows": 150000,"Actual Loops": 1,"Group Key": ["customer.c_custkey"],"Planned Partitions": 0,"HashAgg Batches": 1,"Peak Memory Usage": 22545,"Disk Usage": 0,"Plans": [{"Node Type": "Hash Join","Parent Relationship": "Outer","Parallel Aware": false,"Async Capable": false,"Join Type": "Right","Startup Cost": 5781.42,"Total Cost": 54563.64,"Plan Rows": 1499850,"Plan Width": 8,"Actual Startup Time": 36.551,"Actual Total Time": 4552.506,"Actual Rows": 1533843,"Actual Loops": 1,"Inner Unique": true,"Hash Cond": "(orders.o_custkey = customer.c_custkey)","Plans": [{"Node Type": "Seq Scan","Parent Relationship": "Outer","Parallel Aware": false,"Async Capable": false,"Relation Name": "orders","Alias": "orders","Startup Cost": 0.00,"Total Cost": 44845.00,"Plan Rows": 1499850,"Plan Width": 8,"Actual Startup Time": 0.044,"Actual Total Time": 3147.620,"Actual Rows": 1483839,"Actual Loops": 1,"Filter": "((o_comment)::text !~~ '%pending%deposits%'::text)","Rows Removed by Filter": 16161},{"Node Type": "Hash","Parent Relationship": "Inner","Parallel Aware": false,"Async Capable": false,"Startup Cost": 3906.42,"Total Cost": 3906.42,"Plan Rows": 150000,"Plan Width": 4,"Actual Startup Time": 34.769,"Actual Total Time": 34.783,"Actual Rows": 150000,"Actual Loops": 1,"Hash Buckets": 262144,"Original Hash Buckets": 262144,"Hash Batches": 1,"Original Hash Batches": 1,"Peak Memory Usage": 7322,"Plans": [{"Node Type": "Index Only Scan","Parent Relationship": "Outer","Parallel Aware": false,"Async Capable": false,"Scan Direction": "Forward","Index Name": "customer_pkey","Relation Name": "customer","Alias": "customer","Startup Cost": 0.42,"Total Cost": 3906.42,"Plan Rows": 150000,"Plan Width": 4,"Actual Startup Time": 0.065,"Actual Total Time": 13.424,"Actual Rows": 150000,"Actual Loops": 1,"Heap Fetches": 0}]}]}]}]}]},"Planning Time": 3.594,"Triggers": [],"Execution Time": 6658.782}]
[{"Plan": {"Node Type": "Sort","Parallel Aware": false,"Async Capable": false,"Startup Cost": 65708.14,"Total Cost": 65708.64,"Plan Rows": 200,"Plan Width": 16,"Actual Startup Time": 6009.895,"Actual Total Time": 6009.932,"Actual Rows": 42,"Actual Loops": 1,"Sort Key": ["(count(*)) DESC", "(count(orders.o_orderkey)) DESC"],"Sort Method": "quicksort","Sort Space Used": 27,"Sort Space Type": "Memory","Plans": [{"Node Type": "Aggregate","Strategy": "Hashed","Partial Mode": "Simple","Parent Relationship": "Outer","Parallel Aware": false,"Async Capable": false,"Startup Cost": 65698.50,"Total Cost": 65700.50,"Plan Rows": 200,"Plan Width": 16,"Actual Startup Time": 6009.807,"Actual Total Time": 6009.848,"Actual Rows": 42,"Actual Loops": 1,"Group Key": ["count(orders.o_orderkey)"],"Planned Partitions": 0,"HashAgg Batches": 1,"Peak Memory Usage": 40,"Disk Usage": 0,"Plans": [{"Node Type": "Aggregate","Strategy": "Hashed","Partial Mode": "Simple","Parent Relationship": "Outer","Parallel Aware": false,"Async Capable": false,"Startup Cost": 61948.50,"Total Cost": 63448.50,"Plan Rows": 150000,"Plan Width": 12,"Actual Startup Time": 5831.373,"Actual Total Time": 5996.054,"Actual Rows": 150000,"Actual Loops": 1,"Group Key": ["customer.c_custkey"],"Planned Partitions": 0,"HashAgg Batches": 1,"Peak Memory Usage": 22545,"Disk Usage": 0,"Plans": [{"Node Type": "Hash Join","Parent Relationship": "Outer","Parallel Aware": false,"Async Capable": false,"Join Type": "Right","Startup Cost": 5781.42,"Total Cost": 54524.26,"Plan Rows": 1484848,"Plan Width": 8,"Actual Startup Time": 39.338,"Actual Total Time": 3994.258,"Actual Rows": 1533903,"Actual Loops": 1,"Inner Unique": true,"Hash Cond": "(orders.o_custkey = customer.c_custkey)","Plans": [{"Node Type": "Seq Scan","Parent Relationship": "Outer","Parallel Aware": false,"Async Capable": false,"Relation Name": "orders","Alias": "orders","Startup Cost": 0.00,"Total Cost": 44845.00,"Plan Rows": 1484848,"Plan Width": 8,"Actual Startup Time": 0.067,"Actual Total Time": 2735.690,"Actual Rows": 1483898,"Actual Loops": 1,"Filter": "((o_comment)::text !~~ '%pending%packages%'::text)","Rows Removed by Filter": 16102},{"Node Type": "Hash","Parent Relationship": "Inner","Parallel Aware": false,"Async Capable": false,"Startup Cost": 3906.42,"Total Cost": 3906.42,"Plan Rows": 150000,"Plan Width": 4,"Actual Startup Time": 37.449,"Actual Total Time": 37.461,"Actual Rows": 150000,"Actual Loops": 1,"Hash Buckets": 262144,"Original Hash Buckets": 262144,"Hash Batches": 1,"Original Hash Batches": 1,"Peak Memory Usage": 7322,"Plans": [{"Node Type": "Index Only Scan","Parent Relationship": "Outer","Parallel Aware": false,"Async Capable": false,"Scan Direction": "Forward","Index Name": "customer_pkey","Relation Name": "customer","Alias": "customer","Startup Cost": 0.42,"Total Cost": 3906.42,"Plan Rows": 150000,"Plan Width": 4,"Actual Startup Time": 0.047,"Actual Total Time": 14.301,"Actual Rows": 150000,"Actual Loops": 1,"Heap Fetches": 0}]}]}]}]}]},"Planning Time": 4.405,"Triggers": [],"Execution Time": 6018.249}]
[{"Plan": {"Node Type": "Sort","Parallel Aware": false,"Async Capable": false,"Startup Cost": 65822.53,"Total Cost": 65823.03,"Plan Rows": 200,"Plan Width": 16,"Actual Startup Time": 6789.356,"Actual Total Time": 6789.385,"Actual Rows": 42,"Actual Loops": 1,"Sort Key": ["(count(*)) DESC", "(count(orders.o_orderkey)) DESC"],"Sort Method": "quicksort","Sort Space Used": 27,"Sort Space Type": "Memory","Plans": [{"Node Type": "Aggregate","Strategy": "Hashed","Partial Mode": "Simple","Parent Relationship": "Outer","Parallel Aware": false,"Async Capable": false,"Startup Cost": 65812.89,"Total Cost": 65814.89,"Plan Rows": 200,"Plan Width": 16,"Actual Startup Time": 6789.265,"Actual Total Time": 6789.304,"Actual Rows": 42,"Actual Loops": 1,"Group Key": ["count(orders.o_orderkey)"],"Planned Partitions": 0,"HashAgg Batches": 1,"Peak Memory Usage": 40,"Disk Usage": 0,"Plans": [{"Node Type": "Aggregate","Strategy": "Hashed","Partial Mode": "Simple","Parent Relationship": "Outer","Parallel Aware": false,"Async Capable": false,"Startup Cost": 62062.89,"Total Cost": 63562.89,"Plan Rows": 150000,"Plan Width": 12,"Actual Startup Time": 6597.323,"Actual Total Time": 6775.519,"Actual Rows": 150000,"Actual Loops": 1,"Group Key": ["customer.c_custkey"],"Planned Partitions": 0,"HashAgg Batches": 1,"Peak Memory Usage": 22545,"Disk Usage": 0,"Plans": [{"Node Type": "Hash Join","Parent Relationship": "Outer","Parallel Aware": false,"Async Capable": false,"Join Type": "Right","Startup Cost": 5781.42,"Total Cost": 54563.64,"Plan Rows": 1499850,"Plan Width": 8,"Actual Startup Time": 45.919,"Actual Total Time": 4674.391,"Actual Rows": 1534025,"Actual Loops": 1,"Inner Unique": true,"Hash Cond": "(orders.o_custkey = customer.c_custkey)","Plans": [{"Node Type": "Seq Scan","Parent Relationship": "Outer","Parallel Aware": false,"Async Capable": false,"Relation Name": "orders","Alias": "orders","Startup Cost": 0.00,"Total Cost": 44845.00,"Plan Rows": 1499850,"Plan Width": 8,"Actual Startup Time": 0.049,"Actual Total Time": 3245.830,"Actual Rows": 1484020,"Actual Loops": 1,"Filter": "((o_comment)::text !~~ '%express%deposits%'::text)","Rows Removed by Filter": 15980},{"Node Type": "Hash","Parent Relationship": "Inner","Parallel Aware": false,"Async Capable": false,"Startup Cost": 3906.42,"Total Cost": 3906.42,"Plan Rows": 150000,"Plan Width": 4,"Actual Startup Time": 44.047,"Actual Total Time": 44.059,"Actual Rows": 150000,"Actual Loops": 1,"Hash Buckets": 262144,"Original Hash Buckets": 262144,"Hash Batches": 1,"Original Hash Batches": 1,"Peak Memory Usage": 7322,"Plans": [{"Node Type": "Index Only Scan","Parent Relationship": "Outer","Parallel Aware": false,"Async Capable": false,"Scan Direction": "Forward","Index Name": "customer_pkey","Relation Name": "customer","Alias": "customer","Startup Cost": 0.42,"Total Cost": 3906.42,"Plan Rows": 150000,"Plan Width": 4,"Actual Startup Time": 0.049,"Actual Total Time": 21.219,"Actual Rows": 150000,"Actual Loops": 1,"Heap Fetches": 0}]}]}]}]}]},"Planning Time": 4.349,"Triggers": [],"Execution Time": 6798.388}]
[{"Plan": {"Node Type": "Sort","Parallel Aware": false,"Async Capable": false,"Startup Cost": 65708.14,"Total Cost": 65708.64,"Plan Rows": 200,"Plan Width": 16,"Actual Startup Time": 6096.152,"Actual Total Time": 6096.183,"Actual Rows": 42,"Actual Loops": 1,"Sort Key": ["(count(*)) DESC", "(count(orders.o_orderkey)) DESC"],"Sort Method": "quicksort","Sort Space Used": 27,"Sort Space Type": "Memory","Plans": [{"Node Type": "Aggregate","Strategy": "Hashed","Partial Mode": "Simple","Parent Relationship": "Outer","Parallel Aware": false,"Async Capable": false,"Startup Cost": 65698.50,"Total Cost": 65700.50,"Plan Rows": 200,"Plan Width": 16,"Actual Startup Time": 6096.055,"Actual Total Time": 6096.099,"Actual Rows": 42,"Actual Loops": 1,"Group Key": ["count(orders.o_orderkey)"],"Planned Partitions": 0,"HashAgg Batches": 1,"Peak Memory Usage": 40,"Disk Usage": 0,"Plans": [{"Node Type": "Aggregate","Strategy": "Hashed","Partial Mode": "Simple","Parent Relationship": "Outer","Parallel Aware": false,"Async Capable": false,"Startup Cost": 61948.50,"Total Cost": 63448.50,"Plan Rows": 150000,"Plan Width": 12,"Actual Startup Time": 5916.888,"Actual Total Time": 6082.285,"Actual Rows": 150000,"Actual Loops": 1,"Group Key": ["customer.c_custkey"],"Planned Partitions": 0,"HashAgg Batches": 1,"Peak Memory Usage": 22545,"Disk Usage": 0,"Plans": [{"Node Type": "Hash Join","Parent Relationship": "Outer","Parallel Aware": false,"Async Capable": false,"Join Type": "Right","Startup Cost": 5781.42,"Total Cost": 54524.26,"Plan Rows": 1484848,"Plan Width": 8,"Actual Startup Time": 39.799,"Actual Total Time": 4085.231,"Actual Rows": 1533660,"Actual Loops": 1,"Inner Unique": true,"Hash Cond": "(orders.o_custkey = customer.c_custkey)","Plans": [{"Node Type": "Seq Scan","Parent Relationship": "Outer","Parallel Aware": false,"Async Capable": false,"Relation Name": "orders","Alias": "orders","Startup Cost": 0.00,"Total Cost": 44845.00,"Plan Rows": 1484848,"Plan Width": 8,"Actual Startup Time": 0.053,"Actual Total Time": 2810.059,"Actual Rows": 1483656,"Actual Loops": 1,"Filter": "((o_comment)::text !~~ '%pending%requests%'::text)","Rows Removed by Filter": 16344},{"Node Type": "Hash","Parent Relationship": "Inner","Parallel Aware": false,"Async Capable": false,"Startup Cost": 3906.42,"Total Cost": 3906.42,"Plan Rows": 150000,"Plan Width": 4,"Actual Startup Time": 37.918,"Actual Total Time": 37.930,"Actual Rows": 150000,"Actual Loops": 1,"Hash Buckets": 262144,"Original Hash Buckets": 262144,"Hash Batches": 1,"Original Hash Batches": 1,"Peak Memory Usage": 7322,"Plans": [{"Node Type": "Index Only Scan","Parent Relationship": "Outer","Parallel Aware": false,"Async Capable": false,"Scan Direction": "Forward","Index Name": "customer_pkey","Relation Name": "customer","Alias": "customer","Startup Cost": 0.42,"Total Cost": 3906.42,"Plan Rows": 150000,"Plan Width": 4,"Actual Startup Time": 0.035,"Actual Total Time": 14.493,"Actual Rows": 150000,"Actual Loops": 1,"Heap Fetches": 0}]}]}]}]}]},"Planning Time": 4.221,"Triggers": [],"Execution Time": 6104.310}]
[{"Plan": {"Node Type": "Sort","Parallel Aware": false,"Async Capable": false,"Startup Cost": 65708.14,"Total Cost": 65708.64,"Plan Rows": 200,"Plan Width": 16,"Actual Startup Time": 6659.087,"Actual Total Time": 6659.155,"Actual Rows": 41,"Actual Loops": 1,"Sort Key": ["(count(*)) DESC", "(count(orders.o_orderkey)) DESC"],"Sort Method": "quicksort","Sort Space Used": 27,"Sort Space Type": "Memory","Plans": [{"Node Type": "Aggregate","Strategy": "Hashed","Partial Mode": "Simple","Parent Relationship": "Outer","Parallel Aware": false,"Async Capable": false,"Startup Cost": 65698.50,"Total Cost": 65700.50,"Plan Rows": 200,"Plan Width": 16,"Actual Startup Time": 6658.981,"Actual Total Time": 6659.057,"Actual Rows": 41,"Actual Loops": 1,"Group Key": ["count(orders.o_orderkey)"],"Planned Partitions": 0,"HashAgg Batches": 1,"Peak Memory Usage": 40,"Disk Usage": 0,"Plans": [{"Node Type": "Aggregate","Strategy": "Hashed","Partial Mode": "Simple","Parent Relationship": "Outer","Parallel Aware": false,"Async Capable": false,"Startup Cost": 61948.50,"Total Cost": 63448.50,"Plan Rows": 150000,"Plan Width": 12,"Actual Startup Time": 6480.209,"Actual Total Time": 6645.185,"Actual Rows": 150000,"Actual Loops": 1,"Group Key": ["customer.c_custkey"],"Planned Partitions": 0,"HashAgg Batches": 1,"Peak Memory Usage": 22545,"Disk Usage": 0,"Plans": [{"Node Type": "Hash Join","Parent Relationship": "Outer","Parallel Aware": false,"Async Capable": false,"Join Type": "Right","Startup Cost": 5781.42,"Total Cost": 54524.26,"Plan Rows": 1484848,"Plan Width": 8,"Actual Startup Time": 37.274,"Actual Total Time": 4547.015,"Actual Rows": 1533872,"Actual Loops": 1,"Inner Unique": true,"Hash Cond": "(orders.o_custkey = customer.c_custkey)","Plans": [{"Node Type": "Seq Scan","Parent Relationship": "Outer","Parallel Aware": false,"Async Capable": false,"Relation Name": "orders","Alias": "orders","Startup Cost": 0.00,"Total Cost": 44845.00,"Plan Rows": 1484848,"Plan Width": 8,"Actual Startup Time": 0.043,"Actual Total Time": 3085.028,"Actual Rows": 1483868,"Actual Loops": 1,"Filter": "((o_comment)::text !~~ '%unusual%deposits%'::text)","Rows Removed by Filter": 16132},{"Node Type": "Hash","Parent Relationship": "Inner","Parallel Aware": false,"Async Capable": false,"Startup Cost": 3906.42,"Total Cost": 3906.42,"Plan Rows": 150000,"Plan Width": 4,"Actual Startup Time": 35.508,"Actual Total Time": 35.530,"Actual Rows": 150000,"Actual Loops": 1,"Hash Buckets": 262144,"Original Hash Buckets": 262144,"Hash Batches": 1,"Original Hash Batches": 1,"Peak Memory Usage": 7322,"Plans": [{"Node Type": "Index Only Scan","Parent Relationship": "Outer","Parallel Aware": false,"Async Capable": false,"Scan Direction": "Forward","Index Name": "customer_pkey","Relation Name": "customer","Alias": "customer","Startup Cost": 0.42,"Total Cost": 3906.42,"Plan Rows": 150000,"Plan Width": 4,"Actual Startup Time": 0.053,"Actual Total Time": 13.448,"Actual Rows": 150000,"Actual Loops": 1,"Heap Fetches": 0}]}]}]}]}]},"Planning Time": 3.854,"Triggers": [],"Execution Time": 6671.834}]
[{"Plan": {"Node Type": "Sort","Parallel Aware": false,"Async Capable": false,"Startup Cost": 65822.53,"Total Cost": 65823.03,"Plan Rows": 200,"Plan Width": 16,"Actual Startup Time": 6650.964,"Actual Total Time": 6651.000,"Actual Rows": 42,"Actual Loops": 1,"Sort Key": ["(count(*)) DESC", "(count(orders.o_orderkey)) DESC"],"Sort Method": "quicksort","Sort Space Used": 27,"Sort Space Type": "Memory","Plans": [{"Node Type": "Aggregate","Strategy": "Hashed","Partial Mode": "Simple","Parent Relationship": "Outer","Parallel Aware": false,"Async Capable": false,"Startup Cost": 65812.89,"Total Cost": 65814.89,"Plan Rows": 200,"Plan Width": 16,"Actual Startup Time": 6650.893,"Actual Total Time": 6650.940,"Actual Rows": 42,"Actual Loops": 1,"Group Key": ["count(orders.o_orderkey)"],"Planned Partitions": 0,"HashAgg Batches": 1,"Peak Memory Usage": 40,"Disk Usage": 0,"Plans": [{"Node Type": "Aggregate","Strategy": "Hashed","Partial Mode": "Simple","Parent Relationship": "Outer","Parallel Aware": false,"Async Capable": false,"Startup Cost": 62062.89,"Total Cost": 63562.89,"Plan Rows": 150000,"Plan Width": 12,"Actual Startup Time": 6477.408,"Actual Total Time": 6637.150,"Actual Rows": 150000,"Actual Loops": 1,"Group Key": ["customer.c_custkey"],"Planned Partitions": 0,"HashAgg Batches": 1,"Peak Memory Usage": 22545,"Disk Usage": 0,"Plans": [{"Node Type": "Hash Join","Parent Relationship": "Outer","Parallel Aware": false,"Async Capable": false,"Join Type": "Right","Startup Cost": 5781.42,"Total Cost": 54563.64,"Plan Rows": 1499850,"Plan Width": 8,"Actual Startup Time": 36.551,"Actual Total Time": 4552.506,"Actual Rows": 1533843,"Actual Loops": 1,"Inner Unique": true,"Hash Cond": "(orders.o_custkey = customer.c_custkey)","Plans": [{"Node Type": "Seq Scan","Parent Relationship": "Outer","Parallel Aware": false,"Async Capable": false,"Relation Name": "orders","Alias": "orders","Startup Cost": 0.00,"Total Cost": 44845.00,"Plan Rows": 1499850,"Plan Width": 8,"Actual Startup Time": 0.044,"Actual Total Time": 3147.620,"Actual Rows": 1483839,"Actual Loops": 1,"Filter": "((o_comment)::text !~~ '%pending%deposits%'::text)","Rows Removed by Filter": 16161},{"Node Type": "Hash","Parent Relationship": "Inner","Parallel Aware": false,"Async Capable": false,"Startup Cost": 3906.42,"Total Cost": 3906.42,"Plan Rows": 150000,"Plan Width": 4,"Actual Startup Time": 34.769,"Actual Total Time": 34.783,"Actual Rows": 150000,"Actual Loops": 1,"Hash Buckets": 262144,"Original Hash Buckets": 262144,"Hash Batches": 1,"Original Hash Batches": 1,"Peak Memory Usage": 7322,"Plans": [{"Node Type": "Index Only Scan","Parent Relationship": "Outer","Parallel Aware": false,"Async Capable": false,"Scan Direction": "Forward","Index Name": "customer_pkey","Relation Name": "customer","Alias": "customer","Startup Cost": 0.42,"Total Cost": 3906.42,"Plan Rows": 150000,"Plan Width": 4,"Actual Startup Time": 0.065,"Actual Total Time": 13.424,"Actual Rows": 150000,"Actual Loops": 1,"Heap Fetches": 0}]}]}]}]}]},"Planning Time": 3.594,"Triggers": [],"Execution Time": 6658.782}]
[{"Plan": {"Node Type": "Sort","Parallel Aware": false,"Async Capable": false,"Startup Cost": 65708.14,"Total Cost": 65708.64,"Plan Rows": 200,"Plan Width": 16,"Actual Startup Time": 6659.087,"Actual Total Time": 6659.155,"Actual Rows": 41,"Actual Loops": 1,"Sort Key": ["(count(*)) DESC", "(count(orders.o_orderkey)) DESC"],"Sort Method": "quicksort","Sort Space Used": 27,"Sort Space Type": "Memory","Plans": [{"Node Type": "Aggregate","Strategy": "Hashed","Partial Mode": "Simple","Parent Relationship": "Outer","Parallel Aware": false,"Async Capable": false,"Startup Cost": 65698.50,"Total Cost": 65700.50,"Plan Rows": 200,"Plan Width": 16,"Actual Startup Time": 6658.981,"Actual Total Time": 6659.057,"Actual Rows": 41,"Actual Loops": 1,"Group Key": ["count(orders.o_orderkey)"],"Planned Partitions": 0,"HashAgg Batches": 1,"Peak Memory Usage": 40,"Disk Usage": 0,"Plans": [{"Node Type": "Aggregate","Strategy": "Hashed","Partial Mode": "Simple","Parent Relationship": "Outer","Parallel Aware": false,"Async Capable": false,"Startup Cost": 61948.50,"Total Cost": 63448.50,"Plan Rows": 150000,"Plan Width": 12,"Actual Startup Time": 6480.209,"Actual Total Time": 6645.185,"Actual Rows": 150000,"Actual Loops": 1,"Group Key": ["customer.c_custkey"],"Planned Partitions": 0,"HashAgg Batches": 1,"Peak Memory Usage": 22545,"Disk Usage": 0,"Plans": [{"Node Type": "Hash Join","Parent Relationship": "Outer","Parallel Aware": false,"Async Capable": false,"Join Type": "Right","Startup Cost": 5781.42,"Total Cost": 54524.26,"Plan Rows": 1484848,"Plan Width": 8,"Actual Startup Time": 37.274,"Actual Total Time": 4547.015,"Actual Rows": 1533872,"Actual Loops": 1,"Inner Unique": true,"Hash Cond": "(orders.o_custkey = customer.c_custkey)","Plans": [{"Node Type": "Seq Scan","Parent Relationship": "Outer","Parallel Aware": false,"Async Capable": false,"Relation Name": "orders","Alias": "orders","Startup Cost": 0.00,"Total Cost": 44845.00,"Plan Rows": 1484848,"Plan Width": 8,"Actual Startup Time": 0.043,"Actual Total Time": 3085.028,"Actual Rows": 1483868,"Actual Loops": 1,"Filter": "((o_comment)::text !~~ '%unusual%deposits%'::text)","Rows Removed by Filter": 16132},{"Node Type": "Hash","Parent Relationship": "Inner","Parallel Aware": false,"Async Capable": false,"Startup Cost": 3906.42,"Total Cost": 3906.42,"Plan Rows": 150000,"Plan Width": 4,"Actual Startup Time": 35.508,"Actual Total Time": 35.530,"Actual Rows": 150000,"Actual Loops": 1,"Hash Buckets": 262144,"Original Hash Buckets": 262144,"Hash Batches": 1,"Original Hash Batches": 1,"Peak Memory Usage": 7322,"Plans": [{"Node Type": "Index Only Scan","Parent Relationship": "Outer","Parallel Aware": false,"Async Capable": false,"Scan Direction": "Forward","Index Name": "customer_pkey","Relation Name": "customer","Alias": "customer","Startup Cost": 0.42,"Total Cost": 3906.42,"Plan Rows": 150000,"Plan Width": 4,"Actual Startup Time": 0.053,"Actual Total Time": 13.448,"Actual Rows": 150000,"Actual Loops": 1,"Heap Fetches": 0}]}]}]}]}]},"Planning Time": 3.854,"Triggers": [],"Execution Time": 6671.834}]
[{"Plan": {"Node Type": "Sort","Parallel Aware": false,"Async Capable": false,"Startup Cost": 65822.53,"Total Cost": 65823.03,"Plan Rows": 200,"Plan Width": 16,"Actual Startup Time": 6096.807,"Actual Total Time": 6096.851,"Actual Rows": 42,"Actual Loops": 1,"Sort Key": ["(count(*)) DESC", "(count(orders.o_orderkey)) DESC"],"Sort Method": "quicksort","Sort Space Used": 27,"Sort Space Type": "Memory","Plans": [{"Node Type": "Aggregate","Strategy": "Hashed","Partial Mode": "Simple","Parent Relationship": "Outer","Parallel Aware": false,"Async Capable": false,"Startup Cost": 65812.89,"Total Cost": 65814.89,"Plan Rows": 200,"Plan Width": 16,"Actual Startup Time": 6096.707,"Actual Total Time": 6096.758,"Actual Rows": 42,"Actual Loops": 1,"Group Key": ["count(orders.o_orderkey)"],"Planned Partitions": 0,"HashAgg Batches": 1,"Peak Memory Usage": 40,"Disk Usage": 0,"Plans": [{"Node Type": "Aggregate","Strategy": "Hashed","Partial Mode": "Simple","Parent Relationship": "Outer","Parallel Aware": false,"Async Capable": false,"Startup Cost": 62062.89,"Total Cost": 63562.89,"Plan Rows": 150000,"Plan Width": 12,"Actual Startup Time": 5900.364,"Actual Total Time": 6082.949,"Actual Rows": 150000,"Actual Loops": 1,"Group Key": ["customer.c_custkey"],"Planned Partitions": 0,"HashAgg Batches": 1,"Peak Memory Usage": 22545,"Disk Usage": 0,"Plans": [{"Node Type": "Hash Join","Parent Relationship": "Outer","Parallel Aware": false,"Async Capable": false,"Join Type": "Right","Startup Cost": 5781.42,"Total Cost": 54563.64,"Plan Rows": 1499850,"Plan Width": 8,"Actual Startup Time": 38.105,"Actual Total Time": 4090.394,"Actual Rows": 1533835,"Actual Loops": 1,"Inner Unique": true,"Hash Cond": "(orders.o_custkey = customer.c_custkey)","Plans": [{"Node Type": "Seq Scan","Parent Relationship": "Outer","Parallel Aware": false,"Async Capable": false,"Relation Name": "orders","Alias": "orders","Startup Cost": 0.00,"Total Cost": 44845.00,"Plan Rows": 1499850,"Plan Width": 8,"Actual Startup Time": 0.059,"Actual Total Time": 2844.303,"Actual Rows": 1483831,"Actual Loops": 1,"Filter": "((o_comment)::text !~~ '%special%accounts%'::text)","Rows Removed by Filter": 16169},{"Node Type": "Hash","Parent Relationship": "Inner","Parallel Aware": false,"Async Capable": false,"Startup Cost": 3906.42,"Total Cost": 3906.42,"Plan Rows": 150000,"Plan Width": 4,"Actual Startup Time": 36.335,"Actual Total Time": 36.352,"Actual Rows": 150000,"Actual Loops": 1,"Hash Buckets": 262144,"Original Hash Buckets": 262144,"Hash Batches": 1,"Original Hash Batches": 1,"Peak Memory Usage": 7322,"Plans": [{"Node Type": "Index Only Scan","Parent Relationship": "Outer","Parallel Aware": false,"Async Capable": false,"Scan Direction": "Forward","Index Name": "customer_pkey","Relation Name": "customer","Alias": "customer","Startup Cost": 0.42,"Total Cost": 3906.42,"Plan Rows": 150000,"Plan Width": 4,"Actual Startup Time": 0.048,"Actual Total Time": 14.414,"Actual Rows": 150000,"Actual Loops": 1,"Heap Fetches": 0}]}]}]}]}]},"Planning Time": 3.409,"Triggers": [],"Execution Time": 6107.560}]
[{"Plan": {"Node Type": "Sort","Parallel Aware": false,"Async Capable": false,"Startup Cost": 65822.53,"Total Cost": 65823.03,"Plan Rows": 200,"Plan Width": 16,"Actual Startup Time": 6789.356,"Actual Total Time": 6789.385,"Actual Rows": 42,"Actual Loops": 1,"Sort Key": ["(count(*)) DESC", "(count(orders.o_orderkey)) DESC"],"Sort Method": "quicksort","Sort Space Used": 27,"Sort Space Type": "Memory","Plans": [{"Node Type": "Aggregate","Strategy": "Hashed","Partial Mode": "Simple","Parent Relationship": "Outer","Parallel Aware": false,"Async Capable": false,"Startup Cost": 65812.89,"Total Cost": 65814.89,"Plan Rows": 200,"Plan Width": 16,"Actual Startup Time": 6789.265,"Actual Total Time": 6789.304,"Actual Rows": 42,"Actual Loops": 1,"Group Key": ["count(orders.o_orderkey)"],"Planned Partitions": 0,"HashAgg Batches": 1,"Peak Memory Usage": 40,"Disk Usage": 0,"Plans": [{"Node Type": "Aggregate","Strategy": "Hashed","Partial Mode": "Simple","Parent Relationship": "Outer","Parallel Aware": false,"Async Capable": false,"Startup Cost": 62062.89,"Total Cost": 63562.89,"Plan Rows": 150000,"Plan Width": 12,"Actual Startup Time": 6597.323,"Actual Total Time": 6775.519,"Actual Rows": 150000,"Actual Loops": 1,"Group Key": ["customer.c_custkey"],"Planned Partitions": 0,"HashAgg Batches": 1,"Peak Memory Usage": 22545,"Disk Usage": 0,"Plans": [{"Node Type": "Hash Join","Parent Relationship": "Outer","Parallel Aware": false,"Async Capable": false,"Join Type": "Right","Startup Cost": 5781.42,"Total Cost": 54563.64,"Plan Rows": 1499850,"Plan Width": 8,"Actual Startup Time": 45.919,"Actual Total Time": 4674.391,"Actual Rows": 1534025,"Actual Loops": 1,"Inner Unique": true,"Hash Cond": "(orders.o_custkey = customer.c_custkey)","Plans": [{"Node Type": "Seq Scan","Parent Relationship": "Outer","Parallel Aware": false,"Async Capable": false,"Relation Name": "orders","Alias": "orders","Startup Cost": 0.00,"Total Cost": 44845.00,"Plan Rows": 1499850,"Plan Width": 8,"Actual Startup Time": 0.049,"Actual Total Time": 3245.830,"Actual Rows": 1484020,"Actual Loops": 1,"Filter": "((o_comment)::text !~~ '%express%deposits%'::text)","Rows Removed by Filter": 15980},{"Node Type": "Hash","Parent Relationship": "Inner","Parallel Aware": false,"Async Capable": false,"Startup Cost": 3906.42,"Total Cost": 3906.42,"Plan Rows": 150000,"Plan Width": 4,"Actual Startup Time": 44.047,"Actual Total Time": 44.059,"Actual Rows": 150000,"Actual Loops": 1,"Hash Buckets": 262144,"Original Hash Buckets": 262144,"Hash Batches": 1,"Original Hash Batches": 1,"Peak Memory Usage": 7322,"Plans": [{"Node Type": "Index Only Scan","Parent Relationship": "Outer","Parallel Aware": false,"Async Capable": false,"Scan Direction": "Forward","Index Name": "customer_pkey","Relation Name": "customer","Alias": "customer","Startup Cost": 0.42,"Total Cost": 3906.42,"Plan Rows": 150000,"Plan Width": 4,"Actual Startup Time": 0.049,"Actual Total Time": 21.219,"Actual Rows": 150000,"Actual Loops": 1,"Heap Fetches": 0}]}]}]}]}]},"Planning Time": 4.349,"Triggers": [],"Execution Time": 6798.388}]
[{"Plan": {"Node Type": "Sort","Parallel Aware": false,"Async Capable": false,"Startup Cost": 65477.08,"Total Cost": 65477.58,"Plan Rows": 200,"Plan Width": 16,"Actual Startup Time": 6131.456,"Actual Total Time": 6131.495,"Actual Rows": 42,"Actual Loops": 1,"Sort Key": ["(count(*)) DESC", "(count(orders.o_orderkey)) DESC"],"Sort Method": "quicksort","Sort Space Used": 27,"Sort Space Type": "Memory","Plans": [{"Node Type": "Aggregate","Strategy": "Hashed","Partial Mode": "Simple","Parent Relationship": "Outer","Parallel Aware": false,"Async Capable": false,"Startup Cost": 65467.44,"Total Cost": 65469.44,"Plan Rows": 200,"Plan Width": 16,"Actual Startup Time": 6131.350,"Actual Total Time": 6131.398,"Actual Rows": 42,"Actual Loops": 1,"Group Key": ["count(orders.o_orderkey)"],"Planned Partitions": 0,"HashAgg Batches": 1,"Peak Memory Usage": 40,"Disk Usage": 0,"Plans": [{"Node Type": "Aggregate","Strategy": "Hashed","Partial Mode": "Simple","Parent Relationship": "Outer","Parallel Aware": false,"Async Capable": false,"Startup Cost": 61717.44,"Total Cost": 63217.44,"Plan Rows": 150000,"Plan Width": 12,"Actual Startup Time": 5953.045,"Actual Total Time": 6117.615,"Actual Rows": 150000,"Actual Loops": 1,"Group Key": ["customer.c_custkey"],"Planned Partitions": 0,"HashAgg Batches": 1,"Peak Memory Usage": 22545,"Disk Usage": 0,"Plans": [{"Node Type": "Hash Join","Parent Relationship": "Outer","Parallel Aware": false,"Async Capable": false,"Join Type": "Right","Startup Cost": 5781.42,"Total Cost": 54444.71,"Plan Rows": 1454545,"Plan Width": 8,"Actual Startup Time": 38.590,"Actual Total Time": 4109.614,"Actual Rows": 1533923,"Actual Loops": 1,"Inner Unique": true,"Hash Cond": "(orders.o_custkey = customer.c_custkey)","Plans": [{"Node Type": "Seq Scan","Parent Relationship": "Outer","Parallel Aware": false,"Async Capable": false,"Relation Name": "orders","Alias": "orders","Startup Cost": 0.00,"Total Cost": 44845.00,"Plan Rows": 1454545,"Plan Width": 8,"Actual Startup Time": 0.061,"Actual Total Time": 2840.022,"Actual Rows": 1483918,"Actual Loops": 1,"Filter": "((o_comment)::text !~~ '%special%requests%'::text)","Rows Removed by Filter": 16082},{"Node Type": "Hash","Parent Relationship": "Inner","Parallel Aware": false,"Async Capable": false,"Startup Cost": 3906.42,"Total Cost": 3906.42,"Plan Rows": 150000,"Plan Width": 4,"Actual Startup Time": 36.739,"Actual Total Time": 36.756,"Actual Rows": 150000,"Actual Loops": 1,"Hash Buckets": 262144,"Original Hash Buckets": 262144,"Hash Batches": 1,"Original Hash Batches": 1,"Peak Memory Usage": 7322,"Plans": [{"Node Type": "Index Only Scan","Parent Relationship": "Outer","Parallel Aware": false,"Async Capable": false,"Scan Direction": "Forward","Index Name": "customer_pkey","Relation Name": "customer","Alias": "customer","Startup Cost": 0.42,"Total Cost": 3906.42,"Plan Rows": 150000,"Plan Width": 4,"Actual Startup Time": 0.061,"Actual Total Time": 14.504,"Actual Rows": 150000,"Actual Loops": 1,"Heap Fetches": 0}]}]}]}]}]},"Planning Time": 3.536,"Triggers": [],"Execution Time": 6139.749}]
[{"Plan": {"Node Type": "Sort","Parallel Aware": false,"Async Capable": false,"Startup Cost": 65822.53,"Total Cost": 65823.03,"Plan Rows": 200,"Plan Width": 16,"Actual Startup Time": 6650.964,"Actual Total Time": 6651.000,"Actual Rows": 42,"Actual Loops": 1,"Sort Key": ["(count(*)) DESC", "(count(orders.o_orderkey)) DESC"],"Sort Method": "quicksort","Sort Space Used": 27,"Sort Space Type": "Memory","Plans": [{"Node Type": "Aggregate","Strategy": "Hashed","Partial Mode": "Simple","Parent Relationship": "Outer","Parallel Aware": false,"Async Capable": false,"Startup Cost": 65812.89,"Total Cost": 65814.89,"Plan Rows": 200,"Plan Width": 16,"Actual Startup Time": 6650.893,"Actual Total Time": 6650.940,"Actual Rows": 42,"Actual Loops": 1,"Group Key": ["count(orders.o_orderkey)"],"Planned Partitions": 0,"HashAgg Batches": 1,"Peak Memory Usage": 40,"Disk Usage": 0,"Plans": [{"Node Type": "Aggregate","Strategy": "Hashed","Partial Mode": "Simple","Parent Relationship": "Outer","Parallel Aware": false,"Async Capable": false,"Startup Cost": 62062.89,"Total Cost": 63562.89,"Plan Rows": 150000,"Plan Width": 12,"Actual Startup Time": 6477.408,"Actual Total Time": 6637.150,"Actual Rows": 150000,"Actual Loops": 1,"Group Key": ["customer.c_custkey"],"Planned Partitions": 0,"HashAgg Batches": 1,"Peak Memory Usage": 22545,"Disk Usage": 0,"Plans": [{"Node Type": "Hash Join","Parent Relationship": "Outer","Parallel Aware": false,"Async Capable": false,"Join Type": "Right","Startup Cost": 5781.42,"Total Cost": 54563.64,"Plan Rows": 1499850,"Plan Width": 8,"Actual Startup Time": 36.551,"Actual Total Time": 4552.506,"Actual Rows": 1533843,"Actual Loops": 1,"Inner Unique": true,"Hash Cond": "(orders.o_custkey = customer.c_custkey)","Plans": [{"Node Type": "Seq Scan","Parent Relationship": "Outer","Parallel Aware": false,"Async Capable": false,"Relation Name": "orders","Alias": "orders","Startup Cost": 0.00,"Total Cost": 44845.00,"Plan Rows": 1499850,"Plan Width": 8,"Actual Startup Time": 0.044,"Actual Total Time": 3147.620,"Actual Rows": 1483839,"Actual Loops": 1,"Filter": "((o_comment)::text !~~ '%pending%deposits%'::text)","Rows Removed by Filter": 16161},{"Node Type": "Hash","Parent Relationship": "Inner","Parallel Aware": false,"Async Capable": false,"Startup Cost": 3906.42,"Total Cost": 3906.42,"Plan Rows": 150000,"Plan Width": 4,"Actual Startup Time": 34.769,"Actual Total Time": 34.783,"Actual Rows": 150000,"Actual Loops": 1,"Hash Buckets": 262144,"Original Hash Buckets": 262144,"Hash Batches": 1,"Original Hash Batches": 1,"Peak Memory Usage": 7322,"Plans": [{"Node Type": "Index Only Scan","Parent Relationship": "Outer","Parallel Aware": false,"Async Capable": false,"Scan Direction": "Forward","Index Name": "customer_pkey","Relation Name": "customer","Alias": "customer","Startup Cost": 0.42,"Total Cost": 3906.42,"Plan Rows": 150000,"Plan Width": 4,"Actual Startup Time": 0.065,"Actual Total Time": 13.424,"Actual Rows": 150000,"Actual Loops": 1,"Heap Fetches": 0}]}]}]}]}]},"Planning Time": 3.594,"Triggers": [],"Execution Time": 6658.782}]
[{"Plan": {"Node Type": "Sort","Parallel Aware": false,"Async Capable": false,"Startup Cost": 65822.53,"Total Cost": 65823.03,"Plan Rows": 200,"Plan Width": 16,"Actual Startup Time": 6096.807,"Actual Total Time": 6096.851,"Actual Rows": 42,"Actual Loops": 1,"Sort Key": ["(count(*)) DESC", "(count(orders.o_orderkey)) DESC"],"Sort Method": "quicksort","Sort Space Used": 27,"Sort Space Type": "Memory","Plans": [{"Node Type": "Aggregate","Strategy": "Hashed","Partial Mode": "Simple","Parent Relationship": "Outer","Parallel Aware": false,"Async Capable": false,"Startup Cost": 65812.89,"Total Cost": 65814.89,"Plan Rows": 200,"Plan Width": 16,"Actual Startup Time": 6096.707,"Actual Total Time": 6096.758,"Actual Rows": 42,"Actual Loops": 1,"Group Key": ["count(orders.o_orderkey)"],"Planned Partitions": 0,"HashAgg Batches": 1,"Peak Memory Usage": 40,"Disk Usage": 0,"Plans": [{"Node Type": "Aggregate","Strategy": "Hashed","Partial Mode": "Simple","Parent Relationship": "Outer","Parallel Aware": false,"Async Capable": false,"Startup Cost": 62062.89,"Total Cost": 63562.89,"Plan Rows": 150000,"Plan Width": 12,"Actual Startup Time": 5900.364,"Actual Total Time": 6082.949,"Actual Rows": 150000,"Actual Loops": 1,"Group Key": ["customer.c_custkey"],"Planned Partitions": 0,"HashAgg Batches": 1,"Peak Memory Usage": 22545,"Disk Usage": 0,"Plans": [{"Node Type": "Hash Join","Parent Relationship": "Outer","Parallel Aware": false,"Async Capable": false,"Join Type": "Right","Startup Cost": 5781.42,"Total Cost": 54563.64,"Plan Rows": 1499850,"Plan Width": 8,"Actual Startup Time": 38.105,"Actual Total Time": 4090.394,"Actual Rows": 1533835,"Actual Loops": 1,"Inner Unique": true,"Hash Cond": "(orders.o_custkey = customer.c_custkey)","Plans": [{"Node Type": "Seq Scan","Parent Relationship": "Outer","Parallel Aware": false,"Async Capable": false,"Relation Name": "orders","Alias": "orders","Startup Cost": 0.00,"Total Cost": 44845.00,"Plan Rows": 1499850,"Plan Width": 8,"Actual Startup Time": 0.059,"Actual Total Time": 2844.303,"Actual Rows": 1483831,"Actual Loops": 1,"Filter": "((o_comment)::text !~~ '%special%accounts%'::text)","Rows Removed by Filter": 16169},{"Node Type": "Hash","Parent Relationship": "Inner","Parallel Aware": false,"Async Capable": false,"Startup Cost": 3906.42,"Total Cost": 3906.42,"Plan Rows": 150000,"Plan Width": 4,"Actual Startup Time": 36.335,"Actual Total Time": 36.352,"Actual Rows": 150000,"Actual Loops": 1,"Hash Buckets": 262144,"Original Hash Buckets": 262144,"Hash Batches": 1,"Original Hash Batches": 1,"Peak Memory Usage": 7322,"Plans": [{"Node Type": "Index Only Scan","Parent Relationship": "Outer","Parallel Aware": false,"Async Capable": false,"Scan Direction": "Forward","Index Name": "customer_pkey","Relation Name": "customer","Alias": "customer","Startup Cost": 0.42,"Total Cost": 3906.42,"Plan Rows": 150000,"Plan Width": 4,"Actual Startup Time": 0.048,"Actual Total Time": 14.414,"Actual Rows": 150000,"Actual Loops": 1,"Heap Fetches": 0}]}]}]}]}]},"Planning Time": 3.409,"Triggers": [],"Execution Time": 6107.560}]
[{"Plan": {"Node Type": "Sort","Parallel Aware": false,"Async Capable": false,"Startup Cost": 65708.14,"Total Cost": 65708.64,"Plan Rows": 200,"Plan Width": 16,"Actual Startup Time": 6096.152,"Actual Total Time": 6096.183,"Actual Rows": 42,"Actual Loops": 1,"Sort Key": ["(count(*)) DESC", "(count(orders.o_orderkey)) DESC"],"Sort Method": "quicksort","Sort Space Used": 27,"Sort Space Type": "Memory","Plans": [{"Node Type": "Aggregate","Strategy": "Hashed","Partial Mode": "Simple","Parent Relationship": "Outer","Parallel Aware": false,"Async Capable": false,"Startup Cost": 65698.50,"Total Cost": 65700.50,"Plan Rows": 200,"Plan Width": 16,"Actual Startup Time": 6096.055,"Actual Total Time": 6096.099,"Actual Rows": 42,"Actual Loops": 1,"Group Key": ["count(orders.o_orderkey)"],"Planned Partitions": 0,"HashAgg Batches": 1,"Peak Memory Usage": 40,"Disk Usage": 0,"Plans": [{"Node Type": "Aggregate","Strategy": "Hashed","Partial Mode": "Simple","Parent Relationship": "Outer","Parallel Aware": false,"Async Capable": false,"Startup Cost": 61948.50,"Total Cost": 63448.50,"Plan Rows": 150000,"Plan Width": 12,"Actual Startup Time": 5916.888,"Actual Total Time": 6082.285,"Actual Rows": 150000,"Actual Loops": 1,"Group Key": ["customer.c_custkey"],"Planned Partitions": 0,"HashAgg Batches": 1,"Peak Memory Usage": 22545,"Disk Usage": 0,"Plans": [{"Node Type": "Hash Join","Parent Relationship": "Outer","Parallel Aware": false,"Async Capable": false,"Join Type": "Right","Startup Cost": 5781.42,"Total Cost": 54524.26,"Plan Rows": 1484848,"Plan Width": 8,"Actual Startup Time": 39.799,"Actual Total Time": 4085.231,"Actual Rows": 1533660,"Actual Loops": 1,"Inner Unique": true,"Hash Cond": "(orders.o_custkey = customer.c_custkey)","Plans": [{"Node Type": "Seq Scan","Parent Relationship": "Outer","Parallel Aware": false,"Async Capable": false,"Relation Name": "orders","Alias": "orders","Startup Cost": 0.00,"Total Cost": 44845.00,"Plan Rows": 1484848,"Plan Width": 8,"Actual Startup Time": 0.053,"Actual Total Time": 2810.059,"Actual Rows": 1483656,"Actual Loops": 1,"Filter": "((o_comment)::text !~~ '%pending%requests%'::text)","Rows Removed by Filter": 16344},{"Node Type": "Hash","Parent Relationship": "Inner","Parallel Aware": false,"Async Capable": false,"Startup Cost": 3906.42,"Total Cost": 3906.42,"Plan Rows": 150000,"Plan Width": 4,"Actual Startup Time": 37.918,"Actual Total Time": 37.930,"Actual Rows": 150000,"Actual Loops": 1,"Hash Buckets": 262144,"Original Hash Buckets": 262144,"Hash Batches": 1,"Original Hash Batches": 1,"Peak Memory Usage": 7322,"Plans": [{"Node Type": "Index Only Scan","Parent Relationship": "Outer","Parallel Aware": false,"Async Capable": false,"Scan Direction": "Forward","Index Name": "customer_pkey","Relation Name": "customer","Alias": "customer","Startup Cost": 0.42,"Total Cost": 3906.42,"Plan Rows": 150000,"Plan Width": 4,"Actual Startup Time": 0.035,"Actual Total Time": 14.493,"Actual Rows": 150000,"Actual Loops": 1,"Heap Fetches": 0}]}]}]}]}]},"Planning Time": 4.221,"Triggers": [],"Execution Time": 6104.310}]
[{"Plan": {"Node Type": "Sort","Parallel Aware": false,"Async Capable": false,"Startup Cost": 65822.53,"Total Cost": 65823.03,"Plan Rows": 200,"Plan Width": 16,"Actual Startup Time": 6101.280,"Actual Total Time": 6101.314,"Actual Rows": 42,"Actual Loops": 1,"Sort Key": ["(count(*)) DESC", "(count(orders.o_orderkey)) DESC"],"Sort Method": "quicksort","Sort Space Used": 27,"Sort Space Type": "Memory","Plans": [{"Node Type": "Aggregate","Strategy": "Hashed","Partial Mode": "Simple","Parent Relationship": "Outer","Parallel Aware": false,"Async Capable": false,"Startup Cost": 65812.89,"Total Cost": 65814.89,"Plan Rows": 200,"Plan Width": 16,"Actual Startup Time": 6101.184,"Actual Total Time": 6101.232,"Actual Rows": 42,"Actual Loops": 1,"Group Key": ["count(orders.o_orderkey)"],"Planned Partitions": 0,"HashAgg Batches": 1,"Peak Memory Usage": 40,"Disk Usage": 0,"Plans": [{"Node Type": "Aggregate","Strategy": "Hashed","Partial Mode": "Simple","Parent Relationship": "Outer","Parallel Aware": false,"Async Capable": false,"Startup Cost": 62062.89,"Total Cost": 63562.89,"Plan Rows": 150000,"Plan Width": 12,"Actual Startup Time": 5921.162,"Actual Total Time": 6087.400,"Actual Rows": 150000,"Actual Loops": 1,"Group Key": ["customer.c_custkey"],"Planned Partitions": 0,"HashAgg Batches": 1,"Peak Memory Usage": 22545,"Disk Usage": 0,"Plans": [{"Node Type": "Hash Join","Parent Relationship": "Outer","Parallel Aware": false,"Async Capable": false,"Join Type": "Right","Startup Cost": 5781.42,"Total Cost": 54563.64,"Plan Rows": 1499850,"Plan Width": 8,"Actual Startup Time": 39.228,"Actual Total Time": 4074.723,"Actual Rows": 1533808,"Actual Loops": 1,"Inner Unique": true,"Hash Cond": "(orders.o_custkey = customer.c_custkey)","Plans": [{"Node Type": "Seq Scan","Parent Relationship": "Outer","Parallel Aware": false,"Async Capable": false,"Relation Name": "orders","Alias": "orders","Startup Cost": 0.00,"Total Cost": 44845.00,"Plan Rows": 1499850,"Plan Width": 8,"Actual Startup Time": 0.056,"Actual Total Time": 2834.984,"Actual Rows": 1483804,"Actual Loops": 1,"Filter": "((o_comment)::text !~~ '%special%deposits%'::text)","Rows Removed by Filter": 16196},{"Node Type": "Hash","Parent Relationship": "Inner","Parallel Aware": false,"Async Capable": false,"Startup Cost": 3906.42,"Total Cost": 3906.42,"Plan Rows": 150000,"Plan Width": 4,"Actual Startup Time": 37.438,"Actual Total Time": 37.451,"Actual Rows": 150000,"Actual Loops": 1,"Hash Buckets": 262144,"Original Hash Buckets": 262144,"Hash Batches": 1,"Original Hash Batches": 1,"Peak Memory Usage": 7322,"Plans": [{"Node Type": "Index Only Scan","Parent Relationship": "Outer","Parallel Aware": false,"Async Capable": false,"Scan Direction": "Forward","Index Name": "customer_pkey","Relation Name": "customer","Alias": "customer","Startup Cost": 0.42,"Total Cost": 3906.42,"Plan Rows": 150000,"Plan Width": 4,"Actual Startup Time": 0.049,"Actual Total Time": 14.639,"Actual Rows": 150000,"Actual Loops": 1,"Heap Fetches": 0}]}]}]}]}]},"Planning Time": 3.971,"Triggers": [],"Execution Time": 6110.955}]
[{"Plan": {"Node Type": "Sort","Parallel Aware": false,"Async Capable": false,"Startup Cost": 65592.61,"Total Cost": 65593.11,"Plan Rows": 200,"Plan Width": 16,"Actual Startup Time": 6059.416,"Actual Total Time": 6059.459,"Actual Rows": 42,"Actual Loops": 1,"Sort Key": ["(count(*)) DESC", "(count(orders.o_orderkey)) DESC"],"Sort Method": "quicksort","Sort Space Used": 27,"Sort Space Type": "Memory","Plans": [{"Node Type": "Aggregate","Strategy": "Hashed","Partial Mode": "Simple","Parent Relationship": "Outer","Parallel Aware": false,"Async Capable": false,"Startup Cost": 65582.97,"Total Cost": 65584.97,"Plan Rows": 200,"Plan Width": 16,"Actual Startup Time": 6059.318,"Actual Total Time": 6059.369,"Actual Rows": 42,"Actual Loops": 1,"Group Key": ["count(orders.o_orderkey)"],"Planned Partitions": 0,"HashAgg Batches": 1,"Peak Memory Usage": 40,"Disk Usage": 0,"Plans": [{"Node Type": "Aggregate","Strategy": "Hashed","Partial Mode": "Simple","Parent Relationship": "Outer","Parallel Aware": false,"Async Capable": false,"Startup Cost": 61832.97,"Total Cost": 63332.97,"Plan Rows": 150000,"Plan Width": 12,"Actual Startup Time": 5864.158,"Actual Total Time": 6045.542,"Actual Rows": 150000,"Actual Loops": 1,"Group Key": ["customer.c_custkey"],"Planned Partitions": 0,"HashAgg Batches": 1,"Peak Memory Usage": 22545,"Disk Usage": 0,"Plans": [{"Node Type": "Hash Join","Parent Relationship": "Outer","Parallel Aware": false,"Async Capable": false,"Join Type": "Right","Startup Cost": 5781.42,"Total Cost": 54484.49,"Plan Rows": 1469697,"Plan Width": 8,"Actual Startup Time": 38.198,"Actual Total Time": 4061.016,"Actual Rows": 1533817,"Actual Loops": 1,"Inner Unique": true,"Hash Cond": "(orders.o_custkey = customer.c_custkey)","Plans": [{"Node Type": "Seq Scan","Parent Relationship": "Outer","Parallel Aware": false,"Async Capable": false,"Relation Name": "orders","Alias": "orders","Startup Cost": 0.00,"Total Cost": 44845.00,"Plan Rows": 1469697,"Plan Width": 8,"Actual Startup Time": 0.037,"Actual Total Time": 2812.366,"Actual Rows": 1483813,"Actual Loops": 1,"Filter": "((o_comment)::text !~~ '%unusual%requests%'::text)","Rows Removed by Filter": 16187},{"Node Type": "Hash","Parent Relationship": "Inner","Parallel Aware": false,"Async Capable": false,"Startup Cost": 3906.42,"Total Cost": 3906.42,"Plan Rows": 150000,"Plan Width": 4,"Actual Startup Time": 36.318,"Actual Total Time": 36.334,"Actual Rows": 150000,"Actual Loops": 1,"Hash Buckets": 262144,"Original Hash Buckets": 262144,"Hash Batches": 1,"Original Hash Batches": 1,"Peak Memory Usage": 7322,"Plans": [{"Node Type": "Index Only Scan","Parent Relationship": "Outer","Parallel Aware": false,"Async Capable": false,"Scan Direction": "Forward","Index Name": "customer_pkey","Relation Name": "customer","Alias": "customer","Startup Cost": 0.42,"Total Cost": 3906.42,"Plan Rows": 150000,"Plan Width": 4,"Actual Startup Time": 0.044,"Actual Total Time": 14.416,"Actual Rows": 150000,"Actual Loops": 1,"Heap Fetches": 0}]}]}]}]}]},"Planning Time": 3.526,"Triggers": [],"Execution Time": 6069.080}]
[{"Plan": {"Node Type": "Sort","Parallel Aware": false,"Async Capable": false,"Startup Cost": 65822.53,"Total Cost": 65823.03,"Plan Rows": 200,"Plan Width": 16,"Actual Startup Time": 6096.807,"Actual Total Time": 6096.851,"Actual Rows": 42,"Actual Loops": 1,"Sort Key": ["(count(*)) DESC", "(count(orders.o_orderkey)) DESC"],"Sort Method": "quicksort","Sort Space Used": 27,"Sort Space Type": "Memory","Plans": [{"Node Type": "Aggregate","Strategy": "Hashed","Partial Mode": "Simple","Parent Relationship": "Outer","Parallel Aware": false,"Async Capable": false,"Startup Cost": 65812.89,"Total Cost": 65814.89,"Plan Rows": 200,"Plan Width": 16,"Actual Startup Time": 6096.707,"Actual Total Time": 6096.758,"Actual Rows": 42,"Actual Loops": 1,"Group Key": ["count(orders.o_orderkey)"],"Planned Partitions": 0,"HashAgg Batches": 1,"Peak Memory Usage": 40,"Disk Usage": 0,"Plans": [{"Node Type": "Aggregate","Strategy": "Hashed","Partial Mode": "Simple","Parent Relationship": "Outer","Parallel Aware": false,"Async Capable": false,"Startup Cost": 62062.89,"Total Cost": 63562.89,"Plan Rows": 150000,"Plan Width": 12,"Actual Startup Time": 5900.364,"Actual Total Time": 6082.949,"Actual Rows": 150000,"Actual Loops": 1,"Group Key": ["customer.c_custkey"],"Planned Partitions": 0,"HashAgg Batches": 1,"Peak Memory Usage": 22545,"Disk Usage": 0,"Plans": [{"Node Type": "Hash Join","Parent Relationship": "Outer","Parallel Aware": false,"Async Capable": false,"Join Type": "Right","Startup Cost": 5781.42,"Total Cost": 54563.64,"Plan Rows": 1499850,"Plan Width": 8,"Actual Startup Time": 38.105,"Actual Total Time": 4090.394,"Actual Rows": 1533835,"Actual Loops": 1,"Inner Unique": true,"Hash Cond": "(orders.o_custkey = customer.c_custkey)","Plans": [{"Node Type": "Seq Scan","Parent Relationship": "Outer","Parallel Aware": false,"Async Capable": false,"Relation Name": "orders","Alias": "orders","Startup Cost": 0.00,"Total Cost": 44845.00,"Plan Rows": 1499850,"Plan Width": 8,"Actual Startup Time": 0.059,"Actual Total Time": 2844.303,"Actual Rows": 1483831,"Actual Loops": 1,"Filter": "((o_comment)::text !~~ '%special%accounts%'::text)","Rows Removed by Filter": 16169},{"Node Type": "Hash","Parent Relationship": "Inner","Parallel Aware": false,"Async Capable": false,"Startup Cost": 3906.42,"Total Cost": 3906.42,"Plan Rows": 150000,"Plan Width": 4,"Actual Startup Time": 36.335,"Actual Total Time": 36.352,"Actual Rows": 150000,"Actual Loops": 1,"Hash Buckets": 262144,"Original Hash Buckets": 262144,"Hash Batches": 1,"Original Hash Batches": 1,"Peak Memory Usage": 7322,"Plans": [{"Node Type": "Index Only Scan","Parent Relationship": "Outer","Parallel Aware": false,"Async Capable": false,"Scan Direction": "Forward","Index Name": "customer_pkey","Relation Name": "customer","Alias": "customer","Startup Cost": 0.42,"Total Cost": 3906.42,"Plan Rows": 150000,"Plan Width": 4,"Actual Startup Time": 0.048,"Actual Total Time": 14.414,"Actual Rows": 150000,"Actual Loops": 1,"Heap Fetches": 0}]}]}]}]}]},"Planning Time": 3.409,"Triggers": [],"Execution Time": 6107.560}]
[{"Plan": {"Node Type": "Sort","Parallel Aware": false,"Async Capable": false,"Startup Cost": 65708.14,"Total Cost": 65708.64,"Plan Rows": 200,"Plan Width": 16,"Actual Startup Time": 6096.152,"Actual Total Time": 6096.183,"Actual Rows": 42,"Actual Loops": 1,"Sort Key": ["(count(*)) DESC", "(count(orders.o_orderkey)) DESC"],"Sort Method": "quicksort","Sort Space Used": 27,"Sort Space Type": "Memory","Plans": [{"Node Type": "Aggregate","Strategy": "Hashed","Partial Mode": "Simple","Parent Relationship": "Outer","Parallel Aware": false,"Async Capable": false,"Startup Cost": 65698.50,"Total Cost": 65700.50,"Plan Rows": 200,"Plan Width": 16,"Actual Startup Time": 6096.055,"Actual Total Time": 6096.099,"Actual Rows": 42,"Actual Loops": 1,"Group Key": ["count(orders.o_orderkey)"],"Planned Partitions": 0,"HashAgg Batches": 1,"Peak Memory Usage": 40,"Disk Usage": 0,"Plans": [{"Node Type": "Aggregate","Strategy": "Hashed","Partial Mode": "Simple","Parent Relationship": "Outer","Parallel Aware": false,"Async Capable": false,"Startup Cost": 61948.50,"Total Cost": 63448.50,"Plan Rows": 150000,"Plan Width": 12,"Actual Startup Time": 5916.888,"Actual Total Time": 6082.285,"Actual Rows": 150000,"Actual Loops": 1,"Group Key": ["customer.c_custkey"],"Planned Partitions": 0,"HashAgg Batches": 1,"Peak Memory Usage": 22545,"Disk Usage": 0,"Plans": [{"Node Type": "Hash Join","Parent Relationship": "Outer","Parallel Aware": false,"Async Capable": false,"Join Type": "Right","Startup Cost": 5781.42,"Total Cost": 54524.26,"Plan Rows": 1484848,"Plan Width": 8,"Actual Startup Time": 39.799,"Actual Total Time": 4085.231,"Actual Rows": 1533660,"Actual Loops": 1,"Inner Unique": true,"Hash Cond": "(orders.o_custkey = customer.c_custkey)","Plans": [{"Node Type": "Seq Scan","Parent Relationship": "Outer","Parallel Aware": false,"Async Capable": false,"Relation Name": "orders","Alias": "orders","Startup Cost": 0.00,"Total Cost": 44845.00,"Plan Rows": 1484848,"Plan Width": 8,"Actual Startup Time": 0.053,"Actual Total Time": 2810.059,"Actual Rows": 1483656,"Actual Loops": 1,"Filter": "((o_comment)::text !~~ '%pending%requests%'::text)","Rows Removed by Filter": 16344},{"Node Type": "Hash","Parent Relationship": "Inner","Parallel Aware": false,"Async Capable": false,"Startup Cost": 3906.42,"Total Cost": 3906.42,"Plan Rows": 150000,"Plan Width": 4,"Actual Startup Time": 37.918,"Actual Total Time": 37.930,"Actual Rows": 150000,"Actual Loops": 1,"Hash Buckets": 262144,"Original Hash Buckets": 262144,"Hash Batches": 1,"Original Hash Batches": 1,"Peak Memory Usage": 7322,"Plans": [{"Node Type": "Index Only Scan","Parent Relationship": "Outer","Parallel Aware": false,"Async Capable": false,"Scan Direction": "Forward","Index Name": "customer_pkey","Relation Name": "customer","Alias": "customer","Startup Cost": 0.42,"Total Cost": 3906.42,"Plan Rows": 150000,"Plan Width": 4,"Actual Startup Time": 0.035,"Actual Total Time": 14.493,"Actual Rows": 150000,"Actual Loops": 1,"Heap Fetches": 0}]}]}]}]}]},"Planning Time": 4.221,"Triggers": [],"Execution Time": 6104.310}]
[{"Plan": {"Node Type": "Sort","Parallel Aware": false,"Async Capable": false,"Startup Cost": 65708.14,"Total Cost": 65708.64,"Plan Rows": 200,"Plan Width": 16,"Actual Startup Time": 6009.895,"Actual Total Time": 6009.932,"Actual Rows": 42,"Actual Loops": 1,"Sort Key": ["(count(*)) DESC", "(count(orders.o_orderkey)) DESC"],"Sort Method": "quicksort","Sort Space Used": 27,"Sort Space Type": "Memory","Plans": [{"Node Type": "Aggregate","Strategy": "Hashed","Partial Mode": "Simple","Parent Relationship": "Outer","Parallel Aware": false,"Async Capable": false,"Startup Cost": 65698.50,"Total Cost": 65700.50,"Plan Rows": 200,"Plan Width": 16,"Actual Startup Time": 6009.807,"Actual Total Time": 6009.848,"Actual Rows": 42,"Actual Loops": 1,"Group Key": ["count(orders.o_orderkey)"],"Planned Partitions": 0,"HashAgg Batches": 1,"Peak Memory Usage": 40,"Disk Usage": 0,"Plans": [{"Node Type": "Aggregate","Strategy": "Hashed","Partial Mode": "Simple","Parent Relationship": "Outer","Parallel Aware": false,"Async Capable": false,"Startup Cost": 61948.50,"Total Cost": 63448.50,"Plan Rows": 150000,"Plan Width": 12,"Actual Startup Time": 5831.373,"Actual Total Time": 5996.054,"Actual Rows": 150000,"Actual Loops": 1,"Group Key": ["customer.c_custkey"],"Planned Partitions": 0,"HashAgg Batches": 1,"Peak Memory Usage": 22545,"Disk Usage": 0,"Plans": [{"Node Type": "Hash Join","Parent Relationship": "Outer","Parallel Aware": false,"Async Capable": false,"Join Type": "Right","Startup Cost": 5781.42,"Total Cost": 54524.26,"Plan Rows": 1484848,"Plan Width": 8,"Actual Startup Time": 39.338,"Actual Total Time": 3994.258,"Actual Rows": 1533903,"Actual Loops": 1,"Inner Unique": true,"Hash Cond": "(orders.o_custkey = customer.c_custkey)","Plans": [{"Node Type": "Seq Scan","Parent Relationship": "Outer","Parallel Aware": false,"Async Capable": false,"Relation Name": "orders","Alias": "orders","Startup Cost": 0.00,"Total Cost": 44845.00,"Plan Rows": 1484848,"Plan Width": 8,"Actual Startup Time": 0.067,"Actual Total Time": 2735.690,"Actual Rows": 1483898,"Actual Loops": 1,"Filter": "((o_comment)::text !~~ '%pending%packages%'::text)","Rows Removed by Filter": 16102},{"Node Type": "Hash","Parent Relationship": "Inner","Parallel Aware": false,"Async Capable": false,"Startup Cost": 3906.42,"Total Cost": 3906.42,"Plan Rows": 150000,"Plan Width": 4,"Actual Startup Time": 37.449,"Actual Total Time": 37.461,"Actual Rows": 150000,"Actual Loops": 1,"Hash Buckets": 262144,"Original Hash Buckets": 262144,"Hash Batches": 1,"Original Hash Batches": 1,"Peak Memory Usage": 7322,"Plans": [{"Node Type": "Index Only Scan","Parent Relationship": "Outer","Parallel Aware": false,"Async Capable": false,"Scan Direction": "Forward","Index Name": "customer_pkey","Relation Name": "customer","Alias": "customer","Startup Cost": 0.42,"Total Cost": 3906.42,"Plan Rows": 150000,"Plan Width": 4,"Actual Startup Time": 0.047,"Actual Total Time": 14.301,"Actual Rows": 150000,"Actual Loops": 1,"Heap Fetches": 0}]}]}]}]}]},"Planning Time": 4.405,"Triggers": [],"Execution Time": 6018.249}]
[{"Plan": {"Node Type": "Sort","Parallel Aware": false,"Async Capable": false,"Startup Cost": 65822.53,"Total Cost": 65823.03,"Plan Rows": 200,"Plan Width": 16,"Actual Startup Time": 6650.964,"Actual Total Time": 6651.000,"Actual Rows": 42,"Actual Loops": 1,"Sort Key": ["(count(*)) DESC", "(count(orders.o_orderkey)) DESC"],"Sort Method": "quicksort","Sort Space Used": 27,"Sort Space Type": "Memory","Plans": [{"Node Type": "Aggregate","Strategy": "Hashed","Partial Mode": "Simple","Parent Relationship": "Outer","Parallel Aware": false,"Async Capable": false,"Startup Cost": 65812.89,"Total Cost": 65814.89,"Plan Rows": 200,"Plan Width": 16,"Actual Startup Time": 6650.893,"Actual Total Time": 6650.940,"Actual Rows": 42,"Actual Loops": 1,"Group Key": ["count(orders.o_orderkey)"],"Planned Partitions": 0,"HashAgg Batches": 1,"Peak Memory Usage": 40,"Disk Usage": 0,"Plans": [{"Node Type": "Aggregate","Strategy": "Hashed","Partial Mode": "Simple","Parent Relationship": "Outer","Parallel Aware": false,"Async Capable": false,"Startup Cost": 62062.89,"Total Cost": 63562.89,"Plan Rows": 150000,"Plan Width": 12,"Actual Startup Time": 6477.408,"Actual Total Time": 6637.150,"Actual Rows": 150000,"Actual Loops": 1,"Group Key": ["customer.c_custkey"],"Planned Partitions": 0,"HashAgg Batches": 1,"Peak Memory Usage": 22545,"Disk Usage": 0,"Plans": [{"Node Type": "Hash Join","Parent Relationship": "Outer","Parallel Aware": false,"Async Capable": false,"Join Type": "Right","Startup Cost": 5781.42,"Total Cost": 54563.64,"Plan Rows": 1499850,"Plan Width": 8,"Actual Startup Time": 36.551,"Actual Total Time": 4552.506,"Actual Rows": 1533843,"Actual Loops": 1,"Inner Unique": true,"Hash Cond": "(orders.o_custkey = customer.c_custkey)","Plans": [{"Node Type": "Seq Scan","Parent Relationship": "Outer","Parallel Aware": false,"Async Capable": false,"Relation Name": "orders","Alias": "orders","Startup Cost": 0.00,"Total Cost": 44845.00,"Plan Rows": 1499850,"Plan Width": 8,"Actual Startup Time": 0.044,"Actual Total Time": 3147.620,"Actual Rows": 1483839,"Actual Loops": 1,"Filter": "((o_comment)::text !~~ '%pending%deposits%'::text)","Rows Removed by Filter": 16161},{"Node Type": "Hash","Parent Relationship": "Inner","Parallel Aware": false,"Async Capable": false,"Startup Cost": 3906.42,"Total Cost": 3906.42,"Plan Rows": 150000,"Plan Width": 4,"Actual Startup Time": 34.769,"Actual Total Time": 34.783,"Actual Rows": 150000,"Actual Loops": 1,"Hash Buckets": 262144,"Original Hash Buckets": 262144,"Hash Batches": 1,"Original Hash Batches": 1,"Peak Memory Usage": 7322,"Plans": [{"Node Type": "Index Only Scan","Parent Relationship": "Outer","Parallel Aware": false,"Async Capable": false,"Scan Direction": "Forward","Index Name": "customer_pkey","Relation Name": "customer","Alias": "customer","Startup Cost": 0.42,"Total Cost": 3906.42,"Plan Rows": 150000,"Plan Width": 4,"Actual Startup Time": 0.065,"Actual Total Time": 13.424,"Actual Rows": 150000,"Actual Loops": 1,"Heap Fetches": 0}]}]}]}]}]},"Planning Time": 3.594,"Triggers": [],"Execution Time": 6658.782}]
[{"Plan": {"Node Type": "Sort","Parallel Aware": false,"Async Capable": false,"Startup Cost": 65822.53,"Total Cost": 65823.03,"Plan Rows": 200,"Plan Width": 16,"Actual Startup Time": 6096.807,"Actual Total Time": 6096.851,"Actual Rows": 42,"Actual Loops": 1,"Sort Key": ["(count(*)) DESC", "(count(orders.o_orderkey)) DESC"],"Sort Method": "quicksort","Sort Space Used": 27,"Sort Space Type": "Memory","Plans": [{"Node Type": "Aggregate","Strategy": "Hashed","Partial Mode": "Simple","Parent Relationship": "Outer","Parallel Aware": false,"Async Capable": false,"Startup Cost": 65812.89,"Total Cost": 65814.89,"Plan Rows": 200,"Plan Width": 16,"Actual Startup Time": 6096.707,"Actual Total Time": 6096.758,"Actual Rows": 42,"Actual Loops": 1,"Group Key": ["count(orders.o_orderkey)"],"Planned Partitions": 0,"HashAgg Batches": 1,"Peak Memory Usage": 40,"Disk Usage": 0,"Plans": [{"Node Type": "Aggregate","Strategy": "Hashed","Partial Mode": "Simple","Parent Relationship": "Outer","Parallel Aware": false,"Async Capable": false,"Startup Cost": 62062.89,"Total Cost": 63562.89,"Plan Rows": 150000,"Plan Width": 12,"Actual Startup Time": 5900.364,"Actual Total Time": 6082.949,"Actual Rows": 150000,"Actual Loops": 1,"Group Key": ["customer.c_custkey"],"Planned Partitions": 0,"HashAgg Batches": 1,"Peak Memory Usage": 22545,"Disk Usage": 0,"Plans": [{"Node Type": "Hash Join","Parent Relationship": "Outer","Parallel Aware": false,"Async Capable": false,"Join Type": "Right","Startup Cost": 5781.42,"Total Cost": 54563.64,"Plan Rows": 1499850,"Plan Width": 8,"Actual Startup Time": 38.105,"Actual Total Time": 4090.394,"Actual Rows": 1533835,"Actual Loops": 1,"Inner Unique": true,"Hash Cond": "(orders.o_custkey = customer.c_custkey)","Plans": [{"Node Type": "Seq Scan","Parent Relationship": "Outer","Parallel Aware": false,"Async Capable": false,"Relation Name": "orders","Alias": "orders","Startup Cost": 0.00,"Total Cost": 44845.00,"Plan Rows": 1499850,"Plan Width": 8,"Actual Startup Time": 0.059,"Actual Total Time": 2844.303,"Actual Rows": 1483831,"Actual Loops": 1,"Filter": "((o_comment)::text !~~ '%special%accounts%'::text)","Rows Removed by Filter": 16169},{"Node Type": "Hash","Parent Relationship": "Inner","Parallel Aware": false,"Async Capable": false,"Startup Cost": 3906.42,"Total Cost": 3906.42,"Plan Rows": 150000,"Plan Width": 4,"Actual Startup Time": 36.335,"Actual Total Time": 36.352,"Actual Rows": 150000,"Actual Loops": 1,"Hash Buckets": 262144,"Original Hash Buckets": 262144,"Hash Batches": 1,"Original Hash Batches": 1,"Peak Memory Usage": 7322,"Plans": [{"Node Type": "Index Only Scan","Parent Relationship": "Outer","Parallel Aware": false,"Async Capable": false,"Scan Direction": "Forward","Index Name": "customer_pkey","Relation Name": "customer","Alias": "customer","Startup Cost": 0.42,"Total Cost": 3906.42,"Plan Rows": 150000,"Plan Width": 4,"Actual Startup Time": 0.048,"Actual Total Time": 14.414,"Actual Rows": 150000,"Actual Loops": 1,"Heap Fetches": 0}]}]}]}]}]},"Planning Time": 3.409,"Triggers": [],"Execution Time": 6107.560}]
[{"Plan": {"Node Type": "Sort","Parallel Aware": false,"Async Capable": false,"Startup Cost": 65708.14,"Total Cost": 65708.64,"Plan Rows": 200,"Plan Width": 16,"Actual Startup Time": 6659.087,"Actual Total Time": 6659.155,"Actual Rows": 41,"Actual Loops": 1,"Sort Key": ["(count(*)) DESC", "(count(orders.o_orderkey)) DESC"],"Sort Method": "quicksort","Sort Space Used": 27,"Sort Space Type": "Memory","Plans": [{"Node Type": "Aggregate","Strategy": "Hashed","Partial Mode": "Simple","Parent Relationship": "Outer","Parallel Aware": false,"Async Capable": false,"Startup Cost": 65698.50,"Total Cost": 65700.50,"Plan Rows": 200,"Plan Width": 16,"Actual Startup Time": 6658.981,"Actual Total Time": 6659.057,"Actual Rows": 41,"Actual Loops": 1,"Group Key": ["count(orders.o_orderkey)"],"Planned Partitions": 0,"HashAgg Batches": 1,"Peak Memory Usage": 40,"Disk Usage": 0,"Plans": [{"Node Type": "Aggregate","Strategy": "Hashed","Partial Mode": "Simple","Parent Relationship": "Outer","Parallel Aware": false,"Async Capable": false,"Startup Cost": 61948.50,"Total Cost": 63448.50,"Plan Rows": 150000,"Plan Width": 12,"Actual Startup Time": 6480.209,"Actual Total Time": 6645.185,"Actual Rows": 150000,"Actual Loops": 1,"Group Key": ["customer.c_custkey"],"Planned Partitions": 0,"HashAgg Batches": 1,"Peak Memory Usage": 22545,"Disk Usage": 0,"Plans": [{"Node Type": "Hash Join","Parent Relationship": "Outer","Parallel Aware": false,"Async Capable": false,"Join Type": "Right","Startup Cost": 5781.42,"Total Cost": 54524.26,"Plan Rows": 1484848,"Plan Width": 8,"Actual Startup Time": 37.274,"Actual Total Time": 4547.015,"Actual Rows": 1533872,"Actual Loops": 1,"Inner Unique": true,"Hash Cond": "(orders.o_custkey = customer.c_custkey)","Plans": [{"Node Type": "Seq Scan","Parent Relationship": "Outer","Parallel Aware": false,"Async Capable": false,"Relation Name": "orders","Alias": "orders","Startup Cost": 0.00,"Total Cost": 44845.00,"Plan Rows": 1484848,"Plan Width": 8,"Actual Startup Time": 0.043,"Actual Total Time": 3085.028,"Actual Rows": 1483868,"Actual Loops": 1,"Filter": "((o_comment)::text !~~ '%unusual%deposits%'::text)","Rows Removed by Filter": 16132},{"Node Type": "Hash","Parent Relationship": "Inner","Parallel Aware": false,"Async Capable": false,"Startup Cost": 3906.42,"Total Cost": 3906.42,"Plan Rows": 150000,"Plan Width": 4,"Actual Startup Time": 35.508,"Actual Total Time": 35.530,"Actual Rows": 150000,"Actual Loops": 1,"Hash Buckets": 262144,"Original Hash Buckets": 262144,"Hash Batches": 1,"Original Hash Batches": 1,"Peak Memory Usage": 7322,"Plans": [{"Node Type": "Index Only Scan","Parent Relationship": "Outer","Parallel Aware": false,"Async Capable": false,"Scan Direction": "Forward","Index Name": "customer_pkey","Relation Name": "customer","Alias": "customer","Startup Cost": 0.42,"Total Cost": 3906.42,"Plan Rows": 150000,"Plan Width": 4,"Actual Startup Time": 0.053,"Actual Total Time": 13.448,"Actual Rows": 150000,"Actual Loops": 1,"Heap Fetches": 0}]}]}]}]}]},"Planning Time": 3.854,"Triggers": [],"Execution Time": 6671.834}]
[{"Plan": {"Node Type": "Sort","Parallel Aware": false,"Async Capable": false,"Startup Cost": 65822.53,"Total Cost": 65823.03,"Plan Rows": 200,"Plan Width": 16,"Actual Startup Time": 6096.807,"Actual Total Time": 6096.851,"Actual Rows": 42,"Actual Loops": 1,"Sort Key": ["(count(*)) DESC", "(count(orders.o_orderkey)) DESC"],"Sort Method": "quicksort","Sort Space Used": 27,"Sort Space Type": "Memory","Plans": [{"Node Type": "Aggregate","Strategy": "Hashed","Partial Mode": "Simple","Parent Relationship": "Outer","Parallel Aware": false,"Async Capable": false,"Startup Cost": 65812.89,"Total Cost": 65814.89,"Plan Rows": 200,"Plan Width": 16,"Actual Startup Time": 6096.707,"Actual Total Time": 6096.758,"Actual Rows": 42,"Actual Loops": 1,"Group Key": ["count(orders.o_orderkey)"],"Planned Partitions": 0,"HashAgg Batches": 1,"Peak Memory Usage": 40,"Disk Usage": 0,"Plans": [{"Node Type": "Aggregate","Strategy": "Hashed","Partial Mode": "Simple","Parent Relationship": "Outer","Parallel Aware": false,"Async Capable": false,"Startup Cost": 62062.89,"Total Cost": 63562.89,"Plan Rows": 150000,"Plan Width": 12,"Actual Startup Time": 5900.364,"Actual Total Time": 6082.949,"Actual Rows": 150000,"Actual Loops": 1,"Group Key": ["customer.c_custkey"],"Planned Partitions": 0,"HashAgg Batches": 1,"Peak Memory Usage": 22545,"Disk Usage": 0,"Plans": [{"Node Type": "Hash Join","Parent Relationship": "Outer","Parallel Aware": false,"Async Capable": false,"Join Type": "Right","Startup Cost": 5781.42,"Total Cost": 54563.64,"Plan Rows": 1499850,"Plan Width": 8,"Actual Startup Time": 38.105,"Actual Total Time": 4090.394,"Actual Rows": 1533835,"Actual Loops": 1,"Inner Unique": true,"Hash Cond": "(orders.o_custkey = customer.c_custkey)","Plans": [{"Node Type": "Seq Scan","Parent Relationship": "Outer","Parallel Aware": false,"Async Capable": false,"Relation Name": "orders","Alias": "orders","Startup Cost": 0.00,"Total Cost": 44845.00,"Plan Rows": 1499850,"Plan Width": 8,"Actual Startup Time": 0.059,"Actual Total Time": 2844.303,"Actual Rows": 1483831,"Actual Loops": 1,"Filter": "((o_comment)::text !~~ '%special%accounts%'::text)","Rows Removed by Filter": 16169},{"Node Type": "Hash","Parent Relationship": "Inner","Parallel Aware": false,"Async Capable": false,"Startup Cost": 3906.42,"Total Cost": 3906.42,"Plan Rows": 150000,"Plan Width": 4,"Actual Startup Time": 36.335,"Actual Total Time": 36.352,"Actual Rows": 150000,"Actual Loops": 1,"Hash Buckets": 262144,"Original Hash Buckets": 262144,"Hash Batches": 1,"Original Hash Batches": 1,"Peak Memory Usage": 7322,"Plans": [{"Node Type": "Index Only Scan","Parent Relationship": "Outer","Parallel Aware": false,"Async Capable": false,"Scan Direction": "Forward","Index Name": "customer_pkey","Relation Name": "customer","Alias": "customer","Startup Cost": 0.42,"Total Cost": 3906.42,"Plan Rows": 150000,"Plan Width": 4,"Actual Startup Time": 0.048,"Actual Total Time": 14.414,"Actual Rows": 150000,"Actual Loops": 1,"Heap Fetches": 0}]}]}]}]}]},"Planning Time": 3.409,"Triggers": [],"Execution Time": 6107.560}]
[{"Plan": {"Node Type": "Sort","Parallel Aware": false,"Async Capable": false,"Startup Cost": 65822.53,"Total Cost": 65823.03,"Plan Rows": 200,"Plan Width": 16,"Actual Startup Time": 6789.356,"Actual Total Time": 6789.385,"Actual Rows": 42,"Actual Loops": 1,"Sort Key": ["(count(*)) DESC", "(count(orders.o_orderkey)) DESC"],"Sort Method": "quicksort","Sort Space Used": 27,"Sort Space Type": "Memory","Plans": [{"Node Type": "Aggregate","Strategy": "Hashed","Partial Mode": "Simple","Parent Relationship": "Outer","Parallel Aware": false,"Async Capable": false,"Startup Cost": 65812.89,"Total Cost": 65814.89,"Plan Rows": 200,"Plan Width": 16,"Actual Startup Time": 6789.265,"Actual Total Time": 6789.304,"Actual Rows": 42,"Actual Loops": 1,"Group Key": ["count(orders.o_orderkey)"],"Planned Partitions": 0,"HashAgg Batches": 1,"Peak Memory Usage": 40,"Disk Usage": 0,"Plans": [{"Node Type": "Aggregate","Strategy": "Hashed","Partial Mode": "Simple","Parent Relationship": "Outer","Parallel Aware": false,"Async Capable": false,"Startup Cost": 62062.89,"Total Cost": 63562.89,"Plan Rows": 150000,"Plan Width": 12,"Actual Startup Time": 6597.323,"Actual Total Time": 6775.519,"Actual Rows": 150000,"Actual Loops": 1,"Group Key": ["customer.c_custkey"],"Planned Partitions": 0,"HashAgg Batches": 1,"Peak Memory Usage": 22545,"Disk Usage": 0,"Plans": [{"Node Type": "Hash Join","Parent Relationship": "Outer","Parallel Aware": false,"Async Capable": false,"Join Type": "Right","Startup Cost": 5781.42,"Total Cost": 54563.64,"Plan Rows": 1499850,"Plan Width": 8,"Actual Startup Time": 45.919,"Actual Total Time": 4674.391,"Actual Rows": 1534025,"Actual Loops": 1,"Inner Unique": true,"Hash Cond": "(orders.o_custkey = customer.c_custkey)","Plans": [{"Node Type": "Seq Scan","Parent Relationship": "Outer","Parallel Aware": false,"Async Capable": false,"Relation Name": "orders","Alias": "orders","Startup Cost": 0.00,"Total Cost": 44845.00,"Plan Rows": 1499850,"Plan Width": 8,"Actual Startup Time": 0.049,"Actual Total Time": 3245.830,"Actual Rows": 1484020,"Actual Loops": 1,"Filter": "((o_comment)::text !~~ '%express%deposits%'::text)","Rows Removed by Filter": 15980},{"Node Type": "Hash","Parent Relationship": "Inner","Parallel Aware": false,"Async Capable": false,"Startup Cost": 3906.42,"Total Cost": 3906.42,"Plan Rows": 150000,"Plan Width": 4,"Actual Startup Time": 44.047,"Actual Total Time": 44.059,"Actual Rows": 150000,"Actual Loops": 1,"Hash Buckets": 262144,"Original Hash Buckets": 262144,"Hash Batches": 1,"Original Hash Batches": 1,"Peak Memory Usage": 7322,"Plans": [{"Node Type": "Index Only Scan","Parent Relationship": "Outer","Parallel Aware": false,"Async Capable": false,"Scan Direction": "Forward","Index Name": "customer_pkey","Relation Name": "customer","Alias": "customer","Startup Cost": 0.42,"Total Cost": 3906.42,"Plan Rows": 150000,"Plan Width": 4,"Actual Startup Time": 0.049,"Actual Total Time": 21.219,"Actual Rows": 150000,"Actual Loops": 1,"Heap Fetches": 0}]}]}]}]}]},"Planning Time": 4.349,"Triggers": [],"Execution Time": 6798.388}]
[{"Plan": {"Node Type": "Sort","Parallel Aware": false,"Async Capable": false,"Startup Cost": 65592.61,"Total Cost": 65593.11,"Plan Rows": 200,"Plan Width": 16,"Actual Startup Time": 6059.416,"Actual Total Time": 6059.459,"Actual Rows": 42,"Actual Loops": 1,"Sort Key": ["(count(*)) DESC", "(count(orders.o_orderkey)) DESC"],"Sort Method": "quicksort","Sort Space Used": 27,"Sort Space Type": "Memory","Plans": [{"Node Type": "Aggregate","Strategy": "Hashed","Partial Mode": "Simple","Parent Relationship": "Outer","Parallel Aware": false,"Async Capable": false,"Startup Cost": 65582.97,"Total Cost": 65584.97,"Plan Rows": 200,"Plan Width": 16,"Actual Startup Time": 6059.318,"Actual Total Time": 6059.369,"Actual Rows": 42,"Actual Loops": 1,"Group Key": ["count(orders.o_orderkey)"],"Planned Partitions": 0,"HashAgg Batches": 1,"Peak Memory Usage": 40,"Disk Usage": 0,"Plans": [{"Node Type": "Aggregate","Strategy": "Hashed","Partial Mode": "Simple","Parent Relationship": "Outer","Parallel Aware": false,"Async Capable": false,"Startup Cost": 61832.97,"Total Cost": 63332.97,"Plan Rows": 150000,"Plan Width": 12,"Actual Startup Time": 5864.158,"Actual Total Time": 6045.542,"Actual Rows": 150000,"Actual Loops": 1,"Group Key": ["customer.c_custkey"],"Planned Partitions": 0,"HashAgg Batches": 1,"Peak Memory Usage": 22545,"Disk Usage": 0,"Plans": [{"Node Type": "Hash Join","Parent Relationship": "Outer","Parallel Aware": false,"Async Capable": false,"Join Type": "Right","Startup Cost": 5781.42,"Total Cost": 54484.49,"Plan Rows": 1469697,"Plan Width": 8,"Actual Startup Time": 38.198,"Actual Total Time": 4061.016,"Actual Rows": 1533817,"Actual Loops": 1,"Inner Unique": true,"Hash Cond": "(orders.o_custkey = customer.c_custkey)","Plans": [{"Node Type": "Seq Scan","Parent Relationship": "Outer","Parallel Aware": false,"Async Capable": false,"Relation Name": "orders","Alias": "orders","Startup Cost": 0.00,"Total Cost": 44845.00,"Plan Rows": 1469697,"Plan Width": 8,"Actual Startup Time": 0.037,"Actual Total Time": 2812.366,"Actual Rows": 1483813,"Actual Loops": 1,"Filter": "((o_comment)::text !~~ '%unusual%requests%'::text)","Rows Removed by Filter": 16187},{"Node Type": "Hash","Parent Relationship": "Inner","Parallel Aware": false,"Async Capable": false,"Startup Cost": 3906.42,"Total Cost": 3906.42,"Plan Rows": 150000,"Plan Width": 4,"Actual Startup Time": 36.318,"Actual Total Time": 36.334,"Actual Rows": 150000,"Actual Loops": 1,"Hash Buckets": 262144,"Original Hash Buckets": 262144,"Hash Batches": 1,"Original Hash Batches": 1,"Peak Memory Usage": 7322,"Plans": [{"Node Type": "Index Only Scan","Parent Relationship": "Outer","Parallel Aware": false,"Async Capable": false,"Scan Direction": "Forward","Index Name": "customer_pkey","Relation Name": "customer","Alias": "customer","Startup Cost": 0.42,"Total Cost": 3906.42,"Plan Rows": 150000,"Plan Width": 4,"Actual Startup Time": 0.044,"Actual Total Time": 14.416,"Actual Rows": 150000,"Actual Loops": 1,"Heap Fetches": 0}]}]}]}]}]},"Planning Time": 3.526,"Triggers": [],"Execution Time": 6069.080}]
[{"Plan": {"Node Type": "Sort","Parallel Aware": false,"Async Capable": false,"Startup Cost": 65592.61,"Total Cost": 65593.11,"Plan Rows": 200,"Plan Width": 16,"Actual Startup Time": 6059.416,"Actual Total Time": 6059.459,"Actual Rows": 42,"Actual Loops": 1,"Sort Key": ["(count(*)) DESC", "(count(orders.o_orderkey)) DESC"],"Sort Method": "quicksort","Sort Space Used": 27,"Sort Space Type": "Memory","Plans": [{"Node Type": "Aggregate","Strategy": "Hashed","Partial Mode": "Simple","Parent Relationship": "Outer","Parallel Aware": false,"Async Capable": false,"Startup Cost": 65582.97,"Total Cost": 65584.97,"Plan Rows": 200,"Plan Width": 16,"Actual Startup Time": 6059.318,"Actual Total Time": 6059.369,"Actual Rows": 42,"Actual Loops": 1,"Group Key": ["count(orders.o_orderkey)"],"Planned Partitions": 0,"HashAgg Batches": 1,"Peak Memory Usage": 40,"Disk Usage": 0,"Plans": [{"Node Type": "Aggregate","Strategy": "Hashed","Partial Mode": "Simple","Parent Relationship": "Outer","Parallel Aware": false,"Async Capable": false,"Startup Cost": 61832.97,"Total Cost": 63332.97,"Plan Rows": 150000,"Plan Width": 12,"Actual Startup Time": 5864.158,"Actual Total Time": 6045.542,"Actual Rows": 150000,"Actual Loops": 1,"Group Key": ["customer.c_custkey"],"Planned Partitions": 0,"HashAgg Batches": 1,"Peak Memory Usage": 22545,"Disk Usage": 0,"Plans": [{"Node Type": "Hash Join","Parent Relationship": "Outer","Parallel Aware": false,"Async Capable": false,"Join Type": "Right","Startup Cost": 5781.42,"Total Cost": 54484.49,"Plan Rows": 1469697,"Plan Width": 8,"Actual Startup Time": 38.198,"Actual Total Time": 4061.016,"Actual Rows": 1533817,"Actual Loops": 1,"Inner Unique": true,"Hash Cond": "(orders.o_custkey = customer.c_custkey)","Plans": [{"Node Type": "Seq Scan","Parent Relationship": "Outer","Parallel Aware": false,"Async Capable": false,"Relation Name": "orders","Alias": "orders","Startup Cost": 0.00,"Total Cost": 44845.00,"Plan Rows": 1469697,"Plan Width": 8,"Actual Startup Time": 0.037,"Actual Total Time": 2812.366,"Actual Rows": 1483813,"Actual Loops": 1,"Filter": "((o_comment)::text !~~ '%unusual%requests%'::text)","Rows Removed by Filter": 16187},{"Node Type": "Hash","Parent Relationship": "Inner","Parallel Aware": false,"Async Capable": false,"Startup Cost": 3906.42,"Total Cost": 3906.42,"Plan Rows": 150000,"Plan Width": 4,"Actual Startup Time": 36.318,"Actual Total Time": 36.334,"Actual Rows": 150000,"Actual Loops": 1,"Hash Buckets": 262144,"Original Hash Buckets": 262144,"Hash Batches": 1,"Original Hash Batches": 1,"Peak Memory Usage": 7322,"Plans": [{"Node Type": "Index Only Scan","Parent Relationship": "Outer","Parallel Aware": false,"Async Capable": false,"Scan Direction": "Forward","Index Name": "customer_pkey","Relation Name": "customer","Alias": "customer","Startup Cost": 0.42,"Total Cost": 3906.42,"Plan Rows": 150000,"Plan Width": 4,"Actual Startup Time": 0.044,"Actual Total Time": 14.416,"Actual Rows": 150000,"Actual Loops": 1,"Heap Fetches": 0}]}]}]}]}]},"Planning Time": 3.526,"Triggers": [],"Execution Time": 6069.080}]
[{"Plan": {"Node Type": "Sort","Parallel Aware": false,"Async Capable": false,"Startup Cost": 65822.53,"Total Cost": 65823.03,"Plan Rows": 200,"Plan Width": 16,"Actual Startup Time": 6096.807,"Actual Total Time": 6096.851,"Actual Rows": 42,"Actual Loops": 1,"Sort Key": ["(count(*)) DESC", "(count(orders.o_orderkey)) DESC"],"Sort Method": "quicksort","Sort Space Used": 27,"Sort Space Type": "Memory","Plans": [{"Node Type": "Aggregate","Strategy": "Hashed","Partial Mode": "Simple","Parent Relationship": "Outer","Parallel Aware": false,"Async Capable": false,"Startup Cost": 65812.89,"Total Cost": 65814.89,"Plan Rows": 200,"Plan Width": 16,"Actual Startup Time": 6096.707,"Actual Total Time": 6096.758,"Actual Rows": 42,"Actual Loops": 1,"Group Key": ["count(orders.o_orderkey)"],"Planned Partitions": 0,"HashAgg Batches": 1,"Peak Memory Usage": 40,"Disk Usage": 0,"Plans": [{"Node Type": "Aggregate","Strategy": "Hashed","Partial Mode": "Simple","Parent Relationship": "Outer","Parallel Aware": false,"Async Capable": false,"Startup Cost": 62062.89,"Total Cost": 63562.89,"Plan Rows": 150000,"Plan Width": 12,"Actual Startup Time": 5900.364,"Actual Total Time": 6082.949,"Actual Rows": 150000,"Actual Loops": 1,"Group Key": ["customer.c_custkey"],"Planned Partitions": 0,"HashAgg Batches": 1,"Peak Memory Usage": 22545,"Disk Usage": 0,"Plans": [{"Node Type": "Hash Join","Parent Relationship": "Outer","Parallel Aware": false,"Async Capable": false,"Join Type": "Right","Startup Cost": 5781.42,"Total Cost": 54563.64,"Plan Rows": 1499850,"Plan Width": 8,"Actual Startup Time": 38.105,"Actual Total Time": 4090.394,"Actual Rows": 1533835,"Actual Loops": 1,"Inner Unique": true,"Hash Cond": "(orders.o_custkey = customer.c_custkey)","Plans": [{"Node Type": "Seq Scan","Parent Relationship": "Outer","Parallel Aware": false,"Async Capable": false,"Relation Name": "orders","Alias": "orders","Startup Cost": 0.00,"Total Cost": 44845.00,"Plan Rows": 1499850,"Plan Width": 8,"Actual Startup Time": 0.059,"Actual Total Time": 2844.303,"Actual Rows": 1483831,"Actual Loops": 1,"Filter": "((o_comment)::text !~~ '%special%accounts%'::text)","Rows Removed by Filter": 16169},{"Node Type": "Hash","Parent Relationship": "Inner","Parallel Aware": false,"Async Capable": false,"Startup Cost": 3906.42,"Total Cost": 3906.42,"Plan Rows": 150000,"Plan Width": 4,"Actual Startup Time": 36.335,"Actual Total Time": 36.352,"Actual Rows": 150000,"Actual Loops": 1,"Hash Buckets": 262144,"Original Hash Buckets": 262144,"Hash Batches": 1,"Original Hash Batches": 1,"Peak Memory Usage": 7322,"Plans": [{"Node Type": "Index Only Scan","Parent Relationship": "Outer","Parallel Aware": false,"Async Capable": false,"Scan Direction": "Forward","Index Name": "customer_pkey","Relation Name": "customer","Alias": "customer","Startup Cost": 0.42,"Total Cost": 3906.42,"Plan Rows": 150000,"Plan Width": 4,"Actual Startup Time": 0.048,"Actual Total Time": 14.414,"Actual Rows": 150000,"Actual Loops": 1,"Heap Fetches": 0}]}]}]}]}]},"Planning Time": 3.409,"Triggers": [],"Execution Time": 6107.560}]
[{"Plan": {"Node Type": "Sort","Parallel Aware": false,"Async Capable": false,"Startup Cost": 65708.14,"Total Cost": 65708.64,"Plan Rows": 200,"Plan Width": 16,"Actual Startup Time": 6706.121,"Actual Total Time": 6706.163,"Actual Rows": 42,"Actual Loops": 1,"Sort Key": ["(count(*)) DESC", "(count(orders.o_orderkey)) DESC"],"Sort Method": "quicksort","Sort Space Used": 27,"Sort Space Type": "Memory","Plans": [{"Node Type": "Aggregate","Strategy": "Hashed","Partial Mode": "Simple","Parent Relationship": "Outer","Parallel Aware": false,"Async Capable": false,"Startup Cost": 65698.50,"Total Cost": 65700.50,"Plan Rows": 200,"Plan Width": 16,"Actual Startup Time": 6706.048,"Actual Total Time": 6706.098,"Actual Rows": 42,"Actual Loops": 1,"Group Key": ["count(orders.o_orderkey)"],"Planned Partitions": 0,"HashAgg Batches": 1,"Peak Memory Usage": 40,"Disk Usage": 0,"Plans": [{"Node Type": "Aggregate","Strategy": "Hashed","Partial Mode": "Simple","Parent Relationship": "Outer","Parallel Aware": false,"Async Capable": false,"Startup Cost": 61948.50,"Total Cost": 63448.50,"Plan Rows": 150000,"Plan Width": 12,"Actual Startup Time": 6534.914,"Actual Total Time": 6692.300,"Actual Rows": 150000,"Actual Loops": 1,"Group Key": ["customer.c_custkey"],"Planned Partitions": 0,"HashAgg Batches": 1,"Peak Memory Usage": 22545,"Disk Usage": 0,"Plans": [{"Node Type": "Hash Join","Parent Relationship": "Outer","Parallel Aware": false,"Async Capable": false,"Join Type": "Right","Startup Cost": 5781.42,"Total Cost": 54524.26,"Plan Rows": 1484848,"Plan Width": 8,"Actual Startup Time": 35.450,"Actual Total Time": 4617.784,"Actual Rows": 1533791,"Actual Loops": 1,"Inner Unique": true,"Hash Cond": "(orders.o_custkey = customer.c_custkey)","Plans": [{"Node Type": "Seq Scan","Parent Relationship": "Outer","Parallel Aware": false,"Async Capable": false,"Relation Name": "orders","Alias": "orders","Startup Cost": 0.00,"Total Cost": 44845.00,"Plan Rows": 1484848,"Plan Width": 8,"Actual Startup Time": 0.045,"Actual Total Time": 3189.289,"Actual Rows": 1483787,"Actual Loops": 1,"Filter": "((o_comment)::text !~~ '%unusual%packages%'::text)","Rows Removed by Filter": 16213},{"Node Type": "Hash","Parent Relationship": "Inner","Parallel Aware": false,"Async Capable": false,"Startup Cost": 3906.42,"Total Cost": 3906.42,"Plan Rows": 150000,"Plan Width": 4,"Actual Startup Time": 33.722,"Actual Total Time": 33.741,"Actual Rows": 150000,"Actual Loops": 1,"Hash Buckets": 262144,"Original Hash Buckets": 262144,"Hash Batches": 1,"Original Hash Batches": 1,"Peak Memory Usage": 7322,"Plans": [{"Node Type": "Index Only Scan","Parent Relationship": "Outer","Parallel Aware": false,"Async Capable": false,"Scan Direction": "Forward","Index Name": "customer_pkey","Relation Name": "customer","Alias": "customer","Startup Cost": 0.42,"Total Cost": 3906.42,"Plan Rows": 150000,"Plan Width": 4,"Actual Startup Time": 0.040,"Actual Total Time": 13.017,"Actual Rows": 150000,"Actual Loops": 1,"Heap Fetches": 0}]}]}]}]}]},"Planning Time": 3.840,"Triggers": [],"Execution Time": 6714.032}]
[{"Plan": {"Node Type": "Sort","Parallel Aware": false,"Async Capable": false,"Startup Cost": 65822.53,"Total Cost": 65823.03,"Plan Rows": 200,"Plan Width": 16,"Actual Startup Time": 6789.356,"Actual Total Time": 6789.385,"Actual Rows": 42,"Actual Loops": 1,"Sort Key": ["(count(*)) DESC", "(count(orders.o_orderkey)) DESC"],"Sort Method": "quicksort","Sort Space Used": 27,"Sort Space Type": "Memory","Plans": [{"Node Type": "Aggregate","Strategy": "Hashed","Partial Mode": "Simple","Parent Relationship": "Outer","Parallel Aware": false,"Async Capable": false,"Startup Cost": 65812.89,"Total Cost": 65814.89,"Plan Rows": 200,"Plan Width": 16,"Actual Startup Time": 6789.265,"Actual Total Time": 6789.304,"Actual Rows": 42,"Actual Loops": 1,"Group Key": ["count(orders.o_orderkey)"],"Planned Partitions": 0,"HashAgg Batches": 1,"Peak Memory Usage": 40,"Disk Usage": 0,"Plans": [{"Node Type": "Aggregate","Strategy": "Hashed","Partial Mode": "Simple","Parent Relationship": "Outer","Parallel Aware": false,"Async Capable": false,"Startup Cost": 62062.89,"Total Cost": 63562.89,"Plan Rows": 150000,"Plan Width": 12,"Actual Startup Time": 6597.323,"Actual Total Time": 6775.519,"Actual Rows": 150000,"Actual Loops": 1,"Group Key": ["customer.c_custkey"],"Planned Partitions": 0,"HashAgg Batches": 1,"Peak Memory Usage": 22545,"Disk Usage": 0,"Plans": [{"Node Type": "Hash Join","Parent Relationship": "Outer","Parallel Aware": false,"Async Capable": false,"Join Type": "Right","Startup Cost": 5781.42,"Total Cost": 54563.64,"Plan Rows": 1499850,"Plan Width": 8,"Actual Startup Time": 45.919,"Actual Total Time": 4674.391,"Actual Rows": 1534025,"Actual Loops": 1,"Inner Unique": true,"Hash Cond": "(orders.o_custkey = customer.c_custkey)","Plans": [{"Node Type": "Seq Scan","Parent Relationship": "Outer","Parallel Aware": false,"Async Capable": false,"Relation Name": "orders","Alias": "orders","Startup Cost": 0.00,"Total Cost": 44845.00,"Plan Rows": 1499850,"Plan Width": 8,"Actual Startup Time": 0.049,"Actual Total Time": 3245.830,"Actual Rows": 1484020,"Actual Loops": 1,"Filter": "((o_comment)::text !~~ '%express%deposits%'::text)","Rows Removed by Filter": 15980},{"Node Type": "Hash","Parent Relationship": "Inner","Parallel Aware": false,"Async Capable": false,"Startup Cost": 3906.42,"Total Cost": 3906.42,"Plan Rows": 150000,"Plan Width": 4,"Actual Startup Time": 44.047,"Actual Total Time": 44.059,"Actual Rows": 150000,"Actual Loops": 1,"Hash Buckets": 262144,"Original Hash Buckets": 262144,"Hash Batches": 1,"Original Hash Batches": 1,"Peak Memory Usage": 7322,"Plans": [{"Node Type": "Index Only Scan","Parent Relationship": "Outer","Parallel Aware": false,"Async Capable": false,"Scan Direction": "Forward","Index Name": "customer_pkey","Relation Name": "customer","Alias": "customer","Startup Cost": 0.42,"Total Cost": 3906.42,"Plan Rows": 150000,"Plan Width": 4,"Actual Startup Time": 0.049,"Actual Total Time": 21.219,"Actual Rows": 150000,"Actual Loops": 1,"Heap Fetches": 0}]}]}]}]}]},"Planning Time": 4.349,"Triggers": [],"Execution Time": 6798.388}]
[{"Plan": {"Node Type": "Sort","Parallel Aware": false,"Async Capable": false,"Startup Cost": 65592.61,"Total Cost": 65593.11,"Plan Rows": 200,"Plan Width": 16,"Actual Startup Time": 6042.914,"Actual Total Time": 6042.954,"Actual Rows": 42,"Actual Loops": 1,"Sort Key": ["(count(*)) DESC", "(count(orders.o_orderkey)) DESC"],"Sort Method": "quicksort","Sort Space Used": 27,"Sort Space Type": "Memory","Plans": [{"Node Type": "Aggregate","Strategy": "Hashed","Partial Mode": "Simple","Parent Relationship": "Outer","Parallel Aware": false,"Async Capable": false,"Startup Cost": 65582.97,"Total Cost": 65584.97,"Plan Rows": 200,"Plan Width": 16,"Actual Startup Time": 6042.802,"Actual Total Time": 6042.854,"Actual Rows": 42,"Actual Loops": 1,"Group Key": ["count(orders.o_orderkey)"],"Planned Partitions": 0,"HashAgg Batches": 1,"Peak Memory Usage": 40,"Disk Usage": 0,"Plans": [{"Node Type": "Aggregate","Strategy": "Hashed","Partial Mode": "Simple","Parent Relationship": "Outer","Parallel Aware": false,"Async Capable": false,"Startup Cost": 61832.97,"Total Cost": 63332.97,"Plan Rows": 150000,"Plan Width": 12,"Actual Startup Time": 5848.968,"Actual Total Time": 6029.049,"Actual Rows": 150000,"Actual Loops": 1,"Group Key": ["customer.c_custkey"],"Planned Partitions": 0,"HashAgg Batches": 1,"Peak Memory Usage": 22545,"Disk Usage": 0,"Plans": [{"Node Type": "Hash Join","Parent Relationship": "Outer","Parallel Aware": false,"Async Capable": false,"Join Type": "Right","Startup Cost": 5781.42,"Total Cost": 54484.49,"Plan Rows": 1469697,"Plan Width": 8,"Actual Startup Time": 38.540,"Actual Total Time": 4039.691,"Actual Rows": 1534055,"Actual Loops": 1,"Inner Unique": true,"Hash Cond": "(orders.o_custkey = customer.c_custkey)","Plans": [{"Node Type": "Seq Scan","Parent Relationship": "Outer","Parallel Aware": false,"Async Capable": false,"Relation Name": "orders","Alias": "orders","Startup Cost": 0.00,"Total Cost": 44845.00,"Plan Rows": 1469697,"Plan Width": 8,"Actual Startup Time": 0.061,"Actual Total Time": 2797.159,"Actual Rows": 1484051,"Actual Loops": 1,"Filter": "((o_comment)::text !~~ '%special%packages%'::text)","Rows Removed by Filter": 15949},{"Node Type": "Hash","Parent Relationship": "Inner","Parallel Aware": false,"Async Capable": false,"Startup Cost": 3906.42,"Total Cost": 3906.42,"Plan Rows": 150000,"Plan Width": 4,"Actual Startup Time": 36.593,"Actual Total Time": 36.607,"Actual Rows": 150000,"Actual Loops": 1,"Hash Buckets": 262144,"Original Hash Buckets": 262144,"Hash Batches": 1,"Original Hash Batches": 1,"Peak Memory Usage": 7322,"Plans": [{"Node Type": "Index Only Scan","Parent Relationship": "Outer","Parallel Aware": false,"Async Capable": false,"Scan Direction": "Forward","Index Name": "customer_pkey","Relation Name": "customer","Alias": "customer","Startup Cost": 0.42,"Total Cost": 3906.42,"Plan Rows": 150000,"Plan Width": 4,"Actual Startup Time": 0.050,"Actual Total Time": 14.573,"Actual Rows": 150000,"Actual Loops": 1,"Heap Fetches": 0}]}]}]}]}]},"Planning Time": 3.383,"Triggers": [],"Execution Time": 6052.793}]
[{"Plan": {"Node Type": "Sort","Parallel Aware": false,"Async Capable": false,"Startup Cost": 65592.61,"Total Cost": 65593.11,"Plan Rows": 200,"Plan Width": 16,"Actual Startup Time": 6147.348,"Actual Total Time": 6147.387,"Actual Rows": 42,"Actual Loops": 1,"Sort Key": ["(count(*)) DESC", "(count(orders.o_orderkey)) DESC"],"Sort Method": "quicksort","Sort Space Used": 27,"Sort Space Type": "Memory","Plans": [{"Node Type": "Aggregate","Strategy": "Hashed","Partial Mode": "Simple","Parent Relationship": "Outer","Parallel Aware": false,"Async Capable": false,"Startup Cost": 65582.97,"Total Cost": 65584.97,"Plan Rows": 200,"Plan Width": 16,"Actual Startup Time": 6147.247,"Actual Total Time": 6147.296,"Actual Rows": 42,"Actual Loops": 1,"Group Key": ["count(orders.o_orderkey)"],"Planned Partitions": 0,"HashAgg Batches": 1,"Peak Memory Usage": 40,"Disk Usage": 0,"Plans": [{"Node Type": "Aggregate","Strategy": "Hashed","Partial Mode": "Simple","Parent Relationship": "Outer","Parallel Aware": false,"Async Capable": false,"Startup Cost": 61832.97,"Total Cost": 63332.97,"Plan Rows": 150000,"Plan Width": 12,"Actual Startup Time": 5968.961,"Actual Total Time": 6133.532,"Actual Rows": 150000,"Actual Loops": 1,"Group Key": ["customer.c_custkey"],"Planned Partitions": 0,"HashAgg Batches": 1,"Peak Memory Usage": 22545,"Disk Usage": 0,"Plans": [{"Node Type": "Hash Join","Parent Relationship": "Outer","Parallel Aware": false,"Async Capable": false,"Join Type": "Right","Startup Cost": 5781.42,"Total Cost": 54484.49,"Plan Rows": 1469697,"Plan Width": 8,"Actual Startup Time": 38.076,"Actual Total Time": 4114.998,"Actual Rows": 1533945,"Actual Loops": 1,"Inner Unique": true,"Hash Cond": "(orders.o_custkey = customer.c_custkey)","Plans": [{"Node Type": "Seq Scan","Parent Relationship": "Outer","Parallel Aware": false,"Async Capable": false,"Relation Name": "orders","Alias": "orders","Startup Cost": 0.00,"Total Cost": 44845.00,"Plan Rows": 1469697,"Plan Width": 8,"Actual Startup Time": 0.049,"Actual Total Time": 2844.878,"Actual Rows": 1483941,"Actual Loops": 1,"Filter": "((o_comment)::text !~~ '%express%packages%'::text)","Rows Removed by Filter": 16059},{"Node Type": "Hash","Parent Relationship": "Inner","Parallel Aware": false,"Async Capable": false,"Startup Cost": 3906.42,"Total Cost": 3906.42,"Plan Rows": 150000,"Plan Width": 4,"Actual Startup Time": 36.257,"Actual Total Time": 36.268,"Actual Rows": 150000,"Actual Loops": 1,"Hash Buckets": 262144,"Original Hash Buckets": 262144,"Hash Batches": 1,"Original Hash Batches": 1,"Peak Memory Usage": 7322,"Plans": [{"Node Type": "Index Only Scan","Parent Relationship": "Outer","Parallel Aware": false,"Async Capable": false,"Scan Direction": "Forward","Index Name": "customer_pkey","Relation Name": "customer","Alias": "customer","Startup Cost": 0.42,"Total Cost": 3906.42,"Plan Rows": 150000,"Plan Width": 4,"Actual Startup Time": 0.063,"Actual Total Time": 14.588,"Actual Rows": 150000,"Actual Loops": 1,"Heap Fetches": 0}]}]}]}]}]},"Planning Time": 3.934,"Triggers": [],"Execution Time": 6155.513}]
[{"Plan": {"Node Type": "Sort","Parallel Aware": false,"Async Capable": false,"Startup Cost": 65708.14,"Total Cost": 65708.64,"Plan Rows": 200,"Plan Width": 16,"Actual Startup Time": 6096.152,"Actual Total Time": 6096.183,"Actual Rows": 42,"Actual Loops": 1,"Sort Key": ["(count(*)) DESC", "(count(orders.o_orderkey)) DESC"],"Sort Method": "quicksort","Sort Space Used": 27,"Sort Space Type": "Memory","Plans": [{"Node Type": "Aggregate","Strategy": "Hashed","Partial Mode": "Simple","Parent Relationship": "Outer","Parallel Aware": false,"Async Capable": false,"Startup Cost": 65698.50,"Total Cost": 65700.50,"Plan Rows": 200,"Plan Width": 16,"Actual Startup Time": 6096.055,"Actual Total Time": 6096.099,"Actual Rows": 42,"Actual Loops": 1,"Group Key": ["count(orders.o_orderkey)"],"Planned Partitions": 0,"HashAgg Batches": 1,"Peak Memory Usage": 40,"Disk Usage": 0,"Plans": [{"Node Type": "Aggregate","Strategy": "Hashed","Partial Mode": "Simple","Parent Relationship": "Outer","Parallel Aware": false,"Async Capable": false,"Startup Cost": 61948.50,"Total Cost": 63448.50,"Plan Rows": 150000,"Plan Width": 12,"Actual Startup Time": 5916.888,"Actual Total Time": 6082.285,"Actual Rows": 150000,"Actual Loops": 1,"Group Key": ["customer.c_custkey"],"Planned Partitions": 0,"HashAgg Batches": 1,"Peak Memory Usage": 22545,"Disk Usage": 0,"Plans": [{"Node Type": "Hash Join","Parent Relationship": "Outer","Parallel Aware": false,"Async Capable": false,"Join Type": "Right","Startup Cost": 5781.42,"Total Cost": 54524.26,"Plan Rows": 1484848,"Plan Width": 8,"Actual Startup Time": 39.799,"Actual Total Time": 4085.231,"Actual Rows": 1533660,"Actual Loops": 1,"Inner Unique": true,"Hash Cond": "(orders.o_custkey = customer.c_custkey)","Plans": [{"Node Type": "Seq Scan","Parent Relationship": "Outer","Parallel Aware": false,"Async Capable": false,"Relation Name": "orders","Alias": "orders","Startup Cost": 0.00,"Total Cost": 44845.00,"Plan Rows": 1484848,"Plan Width": 8,"Actual Startup Time": 0.053,"Actual Total Time": 2810.059,"Actual Rows": 1483656,"Actual Loops": 1,"Filter": "((o_comment)::text !~~ '%pending%requests%'::text)","Rows Removed by Filter": 16344},{"Node Type": "Hash","Parent Relationship": "Inner","Parallel Aware": false,"Async Capable": false,"Startup Cost": 3906.42,"Total Cost": 3906.42,"Plan Rows": 150000,"Plan Width": 4,"Actual Startup Time": 37.918,"Actual Total Time": 37.930,"Actual Rows": 150000,"Actual Loops": 1,"Hash Buckets": 262144,"Original Hash Buckets": 262144,"Hash Batches": 1,"Original Hash Batches": 1,"Peak Memory Usage": 7322,"Plans": [{"Node Type": "Index Only Scan","Parent Relationship": "Outer","Parallel Aware": false,"Async Capable": false,"Scan Direction": "Forward","Index Name": "customer_pkey","Relation Name": "customer","Alias": "customer","Startup Cost": 0.42,"Total Cost": 3906.42,"Plan Rows": 150000,"Plan Width": 4,"Actual Startup Time": 0.035,"Actual Total Time": 14.493,"Actual Rows": 150000,"Actual Loops": 1,"Heap Fetches": 0}]}]}]}]}]},"Planning Time": 4.221,"Triggers": [],"Execution Time": 6104.310}]
[{"Plan": {"Node Type": "Sort","Parallel Aware": false,"Async Capable": false,"Startup Cost": 65592.61,"Total Cost": 65593.11,"Plan Rows": 200,"Plan Width": 16,"Actual Startup Time": 6147.348,"Actual Total Time": 6147.387,"Actual Rows": 42,"Actual Loops": 1,"Sort Key": ["(count(*)) DESC", "(count(orders.o_orderkey)) DESC"],"Sort Method": "quicksort","Sort Space Used": 27,"Sort Space Type": "Memory","Plans": [{"Node Type": "Aggregate","Strategy": "Hashed","Partial Mode": "Simple","Parent Relationship": "Outer","Parallel Aware": false,"Async Capable": false,"Startup Cost": 65582.97,"Total Cost": 65584.97,"Plan Rows": 200,"Plan Width": 16,"Actual Startup Time": 6147.247,"Actual Total Time": 6147.296,"Actual Rows": 42,"Actual Loops": 1,"Group Key": ["count(orders.o_orderkey)"],"Planned Partitions": 0,"HashAgg Batches": 1,"Peak Memory Usage": 40,"Disk Usage": 0,"Plans": [{"Node Type": "Aggregate","Strategy": "Hashed","Partial Mode": "Simple","Parent Relationship": "Outer","Parallel Aware": false,"Async Capable": false,"Startup Cost": 61832.97,"Total Cost": 63332.97,"Plan Rows": 150000,"Plan Width": 12,"Actual Startup Time": 5968.961,"Actual Total Time": 6133.532,"Actual Rows": 150000,"Actual Loops": 1,"Group Key": ["customer.c_custkey"],"Planned Partitions": 0,"HashAgg Batches": 1,"Peak Memory Usage": 22545,"Disk Usage": 0,"Plans": [{"Node Type": "Hash Join","Parent Relationship": "Outer","Parallel Aware": false,"Async Capable": false,"Join Type": "Right","Startup Cost": 5781.42,"Total Cost": 54484.49,"Plan Rows": 1469697,"Plan Width": 8,"Actual Startup Time": 38.076,"Actual Total Time": 4114.998,"Actual Rows": 1533945,"Actual Loops": 1,"Inner Unique": true,"Hash Cond": "(orders.o_custkey = customer.c_custkey)","Plans": [{"Node Type": "Seq Scan","Parent Relationship": "Outer","Parallel Aware": false,"Async Capable": false,"Relation Name": "orders","Alias": "orders","Startup Cost": 0.00,"Total Cost": 44845.00,"Plan Rows": 1469697,"Plan Width": 8,"Actual Startup Time": 0.049,"Actual Total Time": 2844.878,"Actual Rows": 1483941,"Actual Loops": 1,"Filter": "((o_comment)::text !~~ '%express%packages%'::text)","Rows Removed by Filter": 16059},{"Node Type": "Hash","Parent Relationship": "Inner","Parallel Aware": false,"Async Capable": false,"Startup Cost": 3906.42,"Total Cost": 3906.42,"Plan Rows": 150000,"Plan Width": 4,"Actual Startup Time": 36.257,"Actual Total Time": 36.268,"Actual Rows": 150000,"Actual Loops": 1,"Hash Buckets": 262144,"Original Hash Buckets": 262144,"Hash Batches": 1,"Original Hash Batches": 1,"Peak Memory Usage": 7322,"Plans": [{"Node Type": "Index Only Scan","Parent Relationship": "Outer","Parallel Aware": false,"Async Capable": false,"Scan Direction": "Forward","Index Name": "customer_pkey","Relation Name": "customer","Alias": "customer","Startup Cost": 0.42,"Total Cost": 3906.42,"Plan Rows": 150000,"Plan Width": 4,"Actual Startup Time": 0.063,"Actual Total Time": 14.588,"Actual Rows": 150000,"Actual Loops": 1,"Heap Fetches": 0}]}]}]}]}]},"Planning Time": 3.934,"Triggers": [],"Execution Time": 6155.513}]
[{"Plan": {"Node Type": "Sort","Parallel Aware": false,"Async Capable": false,"Startup Cost": 65708.14,"Total Cost": 65708.64,"Plan Rows": 200,"Plan Width": 16,"Actual Startup Time": 6009.895,"Actual Total Time": 6009.932,"Actual Rows": 42,"Actual Loops": 1,"Sort Key": ["(count(*)) DESC", "(count(orders.o_orderkey)) DESC"],"Sort Method": "quicksort","Sort Space Used": 27,"Sort Space Type": "Memory","Plans": [{"Node Type": "Aggregate","Strategy": "Hashed","Partial Mode": "Simple","Parent Relationship": "Outer","Parallel Aware": false,"Async Capable": false,"Startup Cost": 65698.50,"Total Cost": 65700.50,"Plan Rows": 200,"Plan Width": 16,"Actual Startup Time": 6009.807,"Actual Total Time": 6009.848,"Actual Rows": 42,"Actual Loops": 1,"Group Key": ["count(orders.o_orderkey)"],"Planned Partitions": 0,"HashAgg Batches": 1,"Peak Memory Usage": 40,"Disk Usage": 0,"Plans": [{"Node Type": "Aggregate","Strategy": "Hashed","Partial Mode": "Simple","Parent Relationship": "Outer","Parallel Aware": false,"Async Capable": false,"Startup Cost": 61948.50,"Total Cost": 63448.50,"Plan Rows": 150000,"Plan Width": 12,"Actual Startup Time": 5831.373,"Actual Total Time": 5996.054,"Actual Rows": 150000,"Actual Loops": 1,"Group Key": ["customer.c_custkey"],"Planned Partitions": 0,"HashAgg Batches": 1,"Peak Memory Usage": 22545,"Disk Usage": 0,"Plans": [{"Node Type": "Hash Join","Parent Relationship": "Outer","Parallel Aware": false,"Async Capable": false,"Join Type": "Right","Startup Cost": 5781.42,"Total Cost": 54524.26,"Plan Rows": 1484848,"Plan Width": 8,"Actual Startup Time": 39.338,"Actual Total Time": 3994.258,"Actual Rows": 1533903,"Actual Loops": 1,"Inner Unique": true,"Hash Cond": "(orders.o_custkey = customer.c_custkey)","Plans": [{"Node Type": "Seq Scan","Parent Relationship": "Outer","Parallel Aware": false,"Async Capable": false,"Relation Name": "orders","Alias": "orders","Startup Cost": 0.00,"Total Cost": 44845.00,"Plan Rows": 1484848,"Plan Width": 8,"Actual Startup Time": 0.067,"Actual Total Time": 2735.690,"Actual Rows": 1483898,"Actual Loops": 1,"Filter": "((o_comment)::text !~~ '%pending%packages%'::text)","Rows Removed by Filter": 16102},{"Node Type": "Hash","Parent Relationship": "Inner","Parallel Aware": false,"Async Capable": false,"Startup Cost": 3906.42,"Total Cost": 3906.42,"Plan Rows": 150000,"Plan Width": 4,"Actual Startup Time": 37.449,"Actual Total Time": 37.461,"Actual Rows": 150000,"Actual Loops": 1,"Hash Buckets": 262144,"Original Hash Buckets": 262144,"Hash Batches": 1,"Original Hash Batches": 1,"Peak Memory Usage": 7322,"Plans": [{"Node Type": "Index Only Scan","Parent Relationship": "Outer","Parallel Aware": false,"Async Capable": false,"Scan Direction": "Forward","Index Name": "customer_pkey","Relation Name": "customer","Alias": "customer","Startup Cost": 0.42,"Total Cost": 3906.42,"Plan Rows": 150000,"Plan Width": 4,"Actual Startup Time": 0.047,"Actual Total Time": 14.301,"Actual Rows": 150000,"Actual Loops": 1,"Heap Fetches": 0}]}]}]}]}]},"Planning Time": 4.405,"Triggers": [],"Execution Time": 6018.249}]
[{"Plan": {"Node Type": "Sort","Parallel Aware": false,"Async Capable": false,"Startup Cost": 65708.14,"Total Cost": 65708.64,"Plan Rows": 200,"Plan Width": 16,"Actual Startup Time": 6096.152,"Actual Total Time": 6096.183,"Actual Rows": 42,"Actual Loops": 1,"Sort Key": ["(count(*)) DESC", "(count(orders.o_orderkey)) DESC"],"Sort Method": "quicksort","Sort Space Used": 27,"Sort Space Type": "Memory","Plans": [{"Node Type": "Aggregate","Strategy": "Hashed","Partial Mode": "Simple","Parent Relationship": "Outer","Parallel Aware": false,"Async Capable": false,"Startup Cost": 65698.50,"Total Cost": 65700.50,"Plan Rows": 200,"Plan Width": 16,"Actual Startup Time": 6096.055,"Actual Total Time": 6096.099,"Actual Rows": 42,"Actual Loops": 1,"Group Key": ["count(orders.o_orderkey)"],"Planned Partitions": 0,"HashAgg Batches": 1,"Peak Memory Usage": 40,"Disk Usage": 0,"Plans": [{"Node Type": "Aggregate","Strategy": "Hashed","Partial Mode": "Simple","Parent Relationship": "Outer","Parallel Aware": false,"Async Capable": false,"Startup Cost": 61948.50,"Total Cost": 63448.50,"Plan Rows": 150000,"Plan Width": 12,"Actual Startup Time": 5916.888,"Actual Total Time": 6082.285,"Actual Rows": 150000,"Actual Loops": 1,"Group Key": ["customer.c_custkey"],"Planned Partitions": 0,"HashAgg Batches": 1,"Peak Memory Usage": 22545,"Disk Usage": 0,"Plans": [{"Node Type": "Hash Join","Parent Relationship": "Outer","Parallel Aware": false,"Async Capable": false,"Join Type": "Right","Startup Cost": 5781.42,"Total Cost": 54524.26,"Plan Rows": 1484848,"Plan Width": 8,"Actual Startup Time": 39.799,"Actual Total Time": 4085.231,"Actual Rows": 1533660,"Actual Loops": 1,"Inner Unique": true,"Hash Cond": "(orders.o_custkey = customer.c_custkey)","Plans": [{"Node Type": "Seq Scan","Parent Relationship": "Outer","Parallel Aware": false,"Async Capable": false,"Relation Name": "orders","Alias": "orders","Startup Cost": 0.00,"Total Cost": 44845.00,"Plan Rows": 1484848,"Plan Width": 8,"Actual Startup Time": 0.053,"Actual Total Time": 2810.059,"Actual Rows": 1483656,"Actual Loops": 1,"Filter": "((o_comment)::text !~~ '%pending%requests%'::text)","Rows Removed by Filter": 16344},{"Node Type": "Hash","Parent Relationship": "Inner","Parallel Aware": false,"Async Capable": false,"Startup Cost": 3906.42,"Total Cost": 3906.42,"Plan Rows": 150000,"Plan Width": 4,"Actual Startup Time": 37.918,"Actual Total Time": 37.930,"Actual Rows": 150000,"Actual Loops": 1,"Hash Buckets": 262144,"Original Hash Buckets": 262144,"Hash Batches": 1,"Original Hash Batches": 1,"Peak Memory Usage": 7322,"Plans": [{"Node Type": "Index Only Scan","Parent Relationship": "Outer","Parallel Aware": false,"Async Capable": false,"Scan Direction": "Forward","Index Name": "customer_pkey","Relation Name": "customer","Alias": "customer","Startup Cost": 0.42,"Total Cost": 3906.42,"Plan Rows": 150000,"Plan Width": 4,"Actual Startup Time": 0.035,"Actual Total Time": 14.493,"Actual Rows": 150000,"Actual Loops": 1,"Heap Fetches": 0}]}]}]}]}]},"Planning Time": 4.221,"Triggers": [],"Execution Time": 6104.310}]
[{"Plan": {"Node Type": "Sort","Parallel Aware": false,"Async Capable": false,"Startup Cost": 65822.53,"Total Cost": 65823.03,"Plan Rows": 200,"Plan Width": 16,"Actual Startup Time": 6096.807,"Actual Total Time": 6096.851,"Actual Rows": 42,"Actual Loops": 1,"Sort Key": ["(count(*)) DESC", "(count(orders.o_orderkey)) DESC"],"Sort Method": "quicksort","Sort Space Used": 27,"Sort Space Type": "Memory","Plans": [{"Node Type": "Aggregate","Strategy": "Hashed","Partial Mode": "Simple","Parent Relationship": "Outer","Parallel Aware": false,"Async Capable": false,"Startup Cost": 65812.89,"Total Cost": 65814.89,"Plan Rows": 200,"Plan Width": 16,"Actual Startup Time": 6096.707,"Actual Total Time": 6096.758,"Actual Rows": 42,"Actual Loops": 1,"Group Key": ["count(orders.o_orderkey)"],"Planned Partitions": 0,"HashAgg Batches": 1,"Peak Memory Usage": 40,"Disk Usage": 0,"Plans": [{"Node Type": "Aggregate","Strategy": "Hashed","Partial Mode": "Simple","Parent Relationship": "Outer","Parallel Aware": false,"Async Capable": false,"Startup Cost": 62062.89,"Total Cost": 63562.89,"Plan Rows": 150000,"Plan Width": 12,"Actual Startup Time": 5900.364,"Actual Total Time": 6082.949,"Actual Rows": 150000,"Actual Loops": 1,"Group Key": ["customer.c_custkey"],"Planned Partitions": 0,"HashAgg Batches": 1,"Peak Memory Usage": 22545,"Disk Usage": 0,"Plans": [{"Node Type": "Hash Join","Parent Relationship": "Outer","Parallel Aware": false,"Async Capable": false,"Join Type": "Right","Startup Cost": 5781.42,"Total Cost": 54563.64,"Plan Rows": 1499850,"Plan Width": 8,"Actual Startup Time": 38.105,"Actual Total Time": 4090.394,"Actual Rows": 1533835,"Actual Loops": 1,"Inner Unique": true,"Hash Cond": "(orders.o_custkey = customer.c_custkey)","Plans": [{"Node Type": "Seq Scan","Parent Relationship": "Outer","Parallel Aware": false,"Async Capable": false,"Relation Name": "orders","Alias": "orders","Startup Cost": 0.00,"Total Cost": 44845.00,"Plan Rows": 1499850,"Plan Width": 8,"Actual Startup Time": 0.059,"Actual Total Time": 2844.303,"Actual Rows": 1483831,"Actual Loops": 1,"Filter": "((o_comment)::text !~~ '%special%accounts%'::text)","Rows Removed by Filter": 16169},{"Node Type": "Hash","Parent Relationship": "Inner","Parallel Aware": false,"Async Capable": false,"Startup Cost": 3906.42,"Total Cost": 3906.42,"Plan Rows": 150000,"Plan Width": 4,"Actual Startup Time": 36.335,"Actual Total Time": 36.352,"Actual Rows": 150000,"Actual Loops": 1,"Hash Buckets": 262144,"Original Hash Buckets": 262144,"Hash Batches": 1,"Original Hash Batches": 1,"Peak Memory Usage": 7322,"Plans": [{"Node Type": "Index Only Scan","Parent Relationship": "Outer","Parallel Aware": false,"Async Capable": false,"Scan Direction": "Forward","Index Name": "customer_pkey","Relation Name": "customer","Alias": "customer","Startup Cost": 0.42,"Total Cost": 3906.42,"Plan Rows": 150000,"Plan Width": 4,"Actual Startup Time": 0.048,"Actual Total Time": 14.414,"Actual Rows": 150000,"Actual Loops": 1,"Heap Fetches": 0}]}]}]}]}]},"Planning Time": 3.409,"Triggers": [],"Execution Time": 6107.560}]
[{"Plan": {"Node Type": "Sort","Parallel Aware": false,"Async Capable": false,"Startup Cost": 65592.61,"Total Cost": 65593.11,"Plan Rows": 200,"Plan Width": 16,"Actual Startup Time": 6147.348,"Actual Total Time": 6147.387,"Actual Rows": 42,"Actual Loops": 1,"Sort Key": ["(count(*)) DESC", "(count(orders.o_orderkey)) DESC"],"Sort Method": "quicksort","Sort Space Used": 27,"Sort Space Type": "Memory","Plans": [{"Node Type": "Aggregate","Strategy": "Hashed","Partial Mode": "Simple","Parent Relationship": "Outer","Parallel Aware": false,"Async Capable": false,"Startup Cost": 65582.97,"Total Cost": 65584.97,"Plan Rows": 200,"Plan Width": 16,"Actual Startup Time": 6147.247,"Actual Total Time": 6147.296,"Actual Rows": 42,"Actual Loops": 1,"Group Key": ["count(orders.o_orderkey)"],"Planned Partitions": 0,"HashAgg Batches": 1,"Peak Memory Usage": 40,"Disk Usage": 0,"Plans": [{"Node Type": "Aggregate","Strategy": "Hashed","Partial Mode": "Simple","Parent Relationship": "Outer","Parallel Aware": false,"Async Capable": false,"Startup Cost": 61832.97,"Total Cost": 63332.97,"Plan Rows": 150000,"Plan Width": 12,"Actual Startup Time": 5968.961,"Actual Total Time": 6133.532,"Actual Rows": 150000,"Actual Loops": 1,"Group Key": ["customer.c_custkey"],"Planned Partitions": 0,"HashAgg Batches": 1,"Peak Memory Usage": 22545,"Disk Usage": 0,"Plans": [{"Node Type": "Hash Join","Parent Relationship": "Outer","Parallel Aware": false,"Async Capable": false,"Join Type": "Right","Startup Cost": 5781.42,"Total Cost": 54484.49,"Plan Rows": 1469697,"Plan Width": 8,"Actual Startup Time": 38.076,"Actual Total Time": 4114.998,"Actual Rows": 1533945,"Actual Loops": 1,"Inner Unique": true,"Hash Cond": "(orders.o_custkey = customer.c_custkey)","Plans": [{"Node Type": "Seq Scan","Parent Relationship": "Outer","Parallel Aware": false,"Async Capable": false,"Relation Name": "orders","Alias": "orders","Startup Cost": 0.00,"Total Cost": 44845.00,"Plan Rows": 1469697,"Plan Width": 8,"Actual Startup Time": 0.049,"Actual Total Time": 2844.878,"Actual Rows": 1483941,"Actual Loops": 1,"Filter": "((o_comment)::text !~~ '%express%packages%'::text)","Rows Removed by Filter": 16059},{"Node Type": "Hash","Parent Relationship": "Inner","Parallel Aware": false,"Async Capable": false,"Startup Cost": 3906.42,"Total Cost": 3906.42,"Plan Rows": 150000,"Plan Width": 4,"Actual Startup Time": 36.257,"Actual Total Time": 36.268,"Actual Rows": 150000,"Actual Loops": 1,"Hash Buckets": 262144,"Original Hash Buckets": 262144,"Hash Batches": 1,"Original Hash Batches": 1,"Peak Memory Usage": 7322,"Plans": [{"Node Type": "Index Only Scan","Parent Relationship": "Outer","Parallel Aware": false,"Async Capable": false,"Scan Direction": "Forward","Index Name": "customer_pkey","Relation Name": "customer","Alias": "customer","Startup Cost": 0.42,"Total Cost": 3906.42,"Plan Rows": 150000,"Plan Width": 4,"Actual Startup Time": 0.063,"Actual Total Time": 14.588,"Actual Rows": 150000,"Actual Loops": 1,"Heap Fetches": 0}]}]}]}]}]},"Planning Time": 3.934,"Triggers": [],"Execution Time": 6155.513}]
[{"Plan": {"Node Type": "Sort","Parallel Aware": false,"Async Capable": false,"Startup Cost": 65708.14,"Total Cost": 65708.64,"Plan Rows": 200,"Plan Width": 16,"Actual Startup Time": 6734.447,"Actual Total Time": 6734.481,"Actual Rows": 42,"Actual Loops": 1,"Sort Key": ["(count(*)) DESC", "(count(orders.o_orderkey)) DESC"],"Sort Method": "quicksort","Sort Space Used": 27,"Sort Space Type": "Memory","Plans": [{"Node Type": "Aggregate","Strategy": "Hashed","Partial Mode": "Simple","Parent Relationship": "Outer","Parallel Aware": false,"Async Capable": false,"Startup Cost": 65698.50,"Total Cost": 65700.50,"Plan Rows": 200,"Plan Width": 16,"Actual Startup Time": 6734.369,"Actual Total Time": 6734.411,"Actual Rows": 42,"Actual Loops": 1,"Group Key": ["count(orders.o_orderkey)"],"Planned Partitions": 0,"HashAgg Batches": 1,"Peak Memory Usage": 40,"Disk Usage": 0,"Plans": [{"Node Type": "Aggregate","Strategy": "Hashed","Partial Mode": "Simple","Parent Relationship": "Outer","Parallel Aware": false,"Async Capable": false,"Startup Cost": 61948.50,"Total Cost": 63448.50,"Plan Rows": 150000,"Plan Width": 12,"Actual Startup Time": 6542.374,"Actual Total Time": 6720.630,"Actual Rows": 150000,"Actual Loops": 1,"Group Key": ["customer.c_custkey"],"Planned Partitions": 0,"HashAgg Batches": 1,"Peak Memory Usage": 22545,"Disk Usage": 0,"Plans": [{"Node Type": "Hash Join","Parent Relationship": "Outer","Parallel Aware": false,"Async Capable": false,"Join Type": "Right","Startup Cost": 5781.42,"Total Cost": 54524.26,"Plan Rows": 1484848,"Plan Width": 8,"Actual Startup Time": 36.319,"Actual Total Time": 4621.827,"Actual Rows": 1533676,"Actual Loops": 1,"Inner Unique": true,"Hash Cond": "(orders.o_custkey = customer.c_custkey)","Plans": [{"Node Type": "Seq Scan","Parent Relationship": "Outer","Parallel Aware": false,"Async Capable": false,"Relation Name": "orders","Alias": "orders","Startup Cost": 0.00,"Total Cost": 44845.00,"Plan Rows": 1484848,"Plan Width": 8,"Actual Startup Time": 0.054,"Actual Total Time": 3196.487,"Actual Rows": 1483672,"Actual Loops": 1,"Filter": "((o_comment)::text !~~ '%express%requests%'::text)","Rows Removed by Filter": 16328},{"Node Type": "Hash","Parent Relationship": "Inner","Parallel Aware": false,"Async Capable": false,"Startup Cost": 3906.42,"Total Cost": 3906.42,"Plan Rows": 150000,"Plan Width": 4,"Actual Startup Time": 34.348,"Actual Total Time": 34.358,"Actual Rows": 150000,"Actual Loops": 1,"Hash Buckets": 262144,"Original Hash Buckets": 262144,"Hash Batches": 1,"Original Hash Batches": 1,"Peak Memory Usage": 7322,"Plans": [{"Node Type": "Index Only Scan","Parent Relationship": "Outer","Parallel Aware": false,"Async Capable": false,"Scan Direction": "Forward","Index Name": "customer_pkey","Relation Name": "customer","Alias": "customer","Startup Cost": 0.42,"Total Cost": 3906.42,"Plan Rows": 150000,"Plan Width": 4,"Actual Startup Time": 0.054,"Actual Total Time": 13.145,"Actual Rows": 150000,"Actual Loops": 1,"Heap Fetches": 0}]}]}]}]}]},"Planning Time": 4.493,"Triggers": [],"Execution Time": 6743.934}]
[{"Plan": {"Node Type": "Sort","Parallel Aware": false,"Async Capable": false,"Startup Cost": 65822.53,"Total Cost": 65823.03,"Plan Rows": 200,"Plan Width": 16,"Actual Startup Time": 6047.687,"Actual Total Time": 6047.735,"Actual Rows": 42,"Actual Loops": 1,"Sort Key": ["(count(*)) DESC", "(count(orders.o_orderkey)) DESC"],"Sort Method": "quicksort","Sort Space Used": 27,"Sort Space Type": "Memory","Plans": [{"Node Type": "Aggregate","Strategy": "Hashed","Partial Mode": "Simple","Parent Relationship": "Outer","Parallel Aware": false,"Async Capable": false,"Startup Cost": 65812.89,"Total Cost": 65814.89,"Plan Rows": 200,"Plan Width": 16,"Actual Startup Time": 6047.591,"Actual Total Time": 6047.643,"Actual Rows": 42,"Actual Loops": 1,"Group Key": ["count(orders.o_orderkey)"],"Planned Partitions": 0,"HashAgg Batches": 1,"Peak Memory Usage": 40,"Disk Usage": 0,"Plans": [{"Node Type": "Aggregate","Strategy": "Hashed","Partial Mode": "Simple","Parent Relationship": "Outer","Parallel Aware": false,"Async Capable": false,"Startup Cost": 62062.89,"Total Cost": 63562.89,"Plan Rows": 150000,"Plan Width": 12,"Actual Startup Time": 5868.600,"Actual Total Time": 6033.866,"Actual Rows": 150000,"Actual Loops": 1,"Group Key": ["customer.c_custkey"],"Planned Partitions": 0,"HashAgg Batches": 1,"Peak Memory Usage": 22545,"Disk Usage": 0,"Plans": [{"Node Type": "Hash Join","Parent Relationship": "Outer","Parallel Aware": false,"Async Capable": false,"Join Type": "Right","Startup Cost": 5781.42,"Total Cost": 54563.64,"Plan Rows": 1499850,"Plan Width": 8,"Actual Startup Time": 39.168,"Actual Total Time": 4010.851,"Actual Rows": 1533626,"Actual Loops": 1,"Inner Unique": true,"Hash Cond": "(orders.o_custkey = customer.c_custkey)","Plans": [{"Node Type": "Seq Scan","Parent Relationship": "Outer","Parallel Aware": false,"Async Capable": false,"Relation Name": "orders","Alias": "orders","Startup Cost": 0.00,"Total Cost": 44845.00,"Plan Rows": 1499850,"Plan Width": 8,"Actual Startup Time": 0.065,"Actual Total Time": 2757.508,"Actual Rows": 1483622,"Actual Loops": 1,"Filter": "((o_comment)::text !~~ '%unusual%accounts%'::text)","Rows Removed by Filter": 16378},{"Node Type": "Hash","Parent Relationship": "Inner","Parallel Aware": false,"Async Capable": false,"Startup Cost": 3906.42,"Total Cost": 3906.42,"Plan Rows": 150000,"Plan Width": 4,"Actual Startup Time": 37.343,"Actual Total Time": 37.362,"Actual Rows": 150000,"Actual Loops": 1,"Hash Buckets": 262144,"Original Hash Buckets": 262144,"Hash Batches": 1,"Original Hash Batches": 1,"Peak Memory Usage": 7322,"Plans": [{"Node Type": "Index Only Scan","Parent Relationship": "Outer","Parallel Aware": false,"Async Capable": false,"Scan Direction": "Forward","Index Name": "customer_pkey","Relation Name": "customer","Alias": "customer","Startup Cost": 0.42,"Total Cost": 3906.42,"Plan Rows": 150000,"Plan Width": 4,"Actual Startup Time": 0.036,"Actual Total Time": 14.472,"Actual Rows": 150000,"Actual Loops": 1,"Heap Fetches": 0}]}]}]}]}]},"Planning Time": 4.331,"Triggers": [],"Execution Time": 6056.690}]
[{"Plan": {"Node Type": "Sort","Parallel Aware": false,"Async Capable": false,"Startup Cost": 65822.53,"Total Cost": 65823.03,"Plan Rows": 200,"Plan Width": 16,"Actual Startup Time": 6650.964,"Actual Total Time": 6651.000,"Actual Rows": 42,"Actual Loops": 1,"Sort Key": ["(count(*)) DESC", "(count(orders.o_orderkey)) DESC"],"Sort Method": "quicksort","Sort Space Used": 27,"Sort Space Type": "Memory","Plans": [{"Node Type": "Aggregate","Strategy": "Hashed","Partial Mode": "Simple","Parent Relationship": "Outer","Parallel Aware": false,"Async Capable": false,"Startup Cost": 65812.89,"Total Cost": 65814.89,"Plan Rows": 200,"Plan Width": 16,"Actual Startup Time": 6650.893,"Actual Total Time": 6650.940,"Actual Rows": 42,"Actual Loops": 1,"Group Key": ["count(orders.o_orderkey)"],"Planned Partitions": 0,"HashAgg Batches": 1,"Peak Memory Usage": 40,"Disk Usage": 0,"Plans": [{"Node Type": "Aggregate","Strategy": "Hashed","Partial Mode": "Simple","Parent Relationship": "Outer","Parallel Aware": false,"Async Capable": false,"Startup Cost": 62062.89,"Total Cost": 63562.89,"Plan Rows": 150000,"Plan Width": 12,"Actual Startup Time": 6477.408,"Actual Total Time": 6637.150,"Actual Rows": 150000,"Actual Loops": 1,"Group Key": ["customer.c_custkey"],"Planned Partitions": 0,"HashAgg Batches": 1,"Peak Memory Usage": 22545,"Disk Usage": 0,"Plans": [{"Node Type": "Hash Join","Parent Relationship": "Outer","Parallel Aware": false,"Async Capable": false,"Join Type": "Right","Startup Cost": 5781.42,"Total Cost": 54563.64,"Plan Rows": 1499850,"Plan Width": 8,"Actual Startup Time": 36.551,"Actual Total Time": 4552.506,"Actual Rows": 1533843,"Actual Loops": 1,"Inner Unique": true,"Hash Cond": "(orders.o_custkey = customer.c_custkey)","Plans": [{"Node Type": "Seq Scan","Parent Relationship": "Outer","Parallel Aware": false,"Async Capable": false,"Relation Name": "orders","Alias": "orders","Startup Cost": 0.00,"Total Cost": 44845.00,"Plan Rows": 1499850,"Plan Width": 8,"Actual Startup Time": 0.044,"Actual Total Time": 3147.620,"Actual Rows": 1483839,"Actual Loops": 1,"Filter": "((o_comment)::text !~~ '%pending%deposits%'::text)","Rows Removed by Filter": 16161},{"Node Type": "Hash","Parent Relationship": "Inner","Parallel Aware": false,"Async Capable": false,"Startup Cost": 3906.42,"Total Cost": 3906.42,"Plan Rows": 150000,"Plan Width": 4,"Actual Startup Time": 34.769,"Actual Total Time": 34.783,"Actual Rows": 150000,"Actual Loops": 1,"Hash Buckets": 262144,"Original Hash Buckets": 262144,"Hash Batches": 1,"Original Hash Batches": 1,"Peak Memory Usage": 7322,"Plans": [{"Node Type": "Index Only Scan","Parent Relationship": "Outer","Parallel Aware": false,"Async Capable": false,"Scan Direction": "Forward","Index Name": "customer_pkey","Relation Name": "customer","Alias": "customer","Startup Cost": 0.42,"Total Cost": 3906.42,"Plan Rows": 150000,"Plan Width": 4,"Actual Startup Time": 0.065,"Actual Total Time": 13.424,"Actual Rows": 150000,"Actual Loops": 1,"Heap Fetches": 0}]}]}]}]}]},"Planning Time": 3.594,"Triggers": [],"Execution Time": 6658.782}]
[{"Plan": {"Node Type": "Sort","Parallel Aware": false,"Async Capable": false,"Startup Cost": 65592.61,"Total Cost": 65593.11,"Plan Rows": 200,"Plan Width": 16,"Actual Startup Time": 6059.416,"Actual Total Time": 6059.459,"Actual Rows": 42,"Actual Loops": 1,"Sort Key": ["(count(*)) DESC", "(count(orders.o_orderkey)) DESC"],"Sort Method": "quicksort","Sort Space Used": 27,"Sort Space Type": "Memory","Plans": [{"Node Type": "Aggregate","Strategy": "Hashed","Partial Mode": "Simple","Parent Relationship": "Outer","Parallel Aware": false,"Async Capable": false,"Startup Cost": 65582.97,"Total Cost": 65584.97,"Plan Rows": 200,"Plan Width": 16,"Actual Startup Time": 6059.318,"Actual Total Time": 6059.369,"Actual Rows": 42,"Actual Loops": 1,"Group Key": ["count(orders.o_orderkey)"],"Planned Partitions": 0,"HashAgg Batches": 1,"Peak Memory Usage": 40,"Disk Usage": 0,"Plans": [{"Node Type": "Aggregate","Strategy": "Hashed","Partial Mode": "Simple","Parent Relationship": "Outer","Parallel Aware": false,"Async Capable": false,"Startup Cost": 61832.97,"Total Cost": 63332.97,"Plan Rows": 150000,"Plan Width": 12,"Actual Startup Time": 5864.158,"Actual Total Time": 6045.542,"Actual Rows": 150000,"Actual Loops": 1,"Group Key": ["customer.c_custkey"],"Planned Partitions": 0,"HashAgg Batches": 1,"Peak Memory Usage": 22545,"Disk Usage": 0,"Plans": [{"Node Type": "Hash Join","Parent Relationship": "Outer","Parallel Aware": false,"Async Capable": false,"Join Type": "Right","Startup Cost": 5781.42,"Total Cost": 54484.49,"Plan Rows": 1469697,"Plan Width": 8,"Actual Startup Time": 38.198,"Actual Total Time": 4061.016,"Actual Rows": 1533817,"Actual Loops": 1,"Inner Unique": true,"Hash Cond": "(orders.o_custkey = customer.c_custkey)","Plans": [{"Node Type": "Seq Scan","Parent Relationship": "Outer","Parallel Aware": false,"Async Capable": false,"Relation Name": "orders","Alias": "orders","Startup Cost": 0.00,"Total Cost": 44845.00,"Plan Rows": 1469697,"Plan Width": 8,"Actual Startup Time": 0.037,"Actual Total Time": 2812.366,"Actual Rows": 1483813,"Actual Loops": 1,"Filter": "((o_comment)::text !~~ '%unusual%requests%'::text)","Rows Removed by Filter": 16187},{"Node Type": "Hash","Parent Relationship": "Inner","Parallel Aware": false,"Async Capable": false,"Startup Cost": 3906.42,"Total Cost": 3906.42,"Plan Rows": 150000,"Plan Width": 4,"Actual Startup Time": 36.318,"Actual Total Time": 36.334,"Actual Rows": 150000,"Actual Loops": 1,"Hash Buckets": 262144,"Original Hash Buckets": 262144,"Hash Batches": 1,"Original Hash Batches": 1,"Peak Memory Usage": 7322,"Plans": [{"Node Type": "Index Only Scan","Parent Relationship": "Outer","Parallel Aware": false,"Async Capable": false,"Scan Direction": "Forward","Index Name": "customer_pkey","Relation Name": "customer","Alias": "customer","Startup Cost": 0.42,"Total Cost": 3906.42,"Plan Rows": 150000,"Plan Width": 4,"Actual Startup Time": 0.044,"Actual Total Time": 14.416,"Actual Rows": 150000,"Actual Loops": 1,"Heap Fetches": 0}]}]}]}]}]},"Planning Time": 3.526,"Triggers": [],"Execution Time": 6069.080}]
[{"Plan": {"Node Type": "Sort","Parallel Aware": false,"Async Capable": false,"Startup Cost": 65592.61,"Total Cost": 65593.11,"Plan Rows": 200,"Plan Width": 16,"Actual Startup Time": 6147.348,"Actual Total Time": 6147.387,"Actual Rows": 42,"Actual Loops": 1,"Sort Key": ["(count(*)) DESC", "(count(orders.o_orderkey)) DESC"],"Sort Method": "quicksort","Sort Space Used": 27,"Sort Space Type": "Memory","Plans": [{"Node Type": "Aggregate","Strategy": "Hashed","Partial Mode": "Simple","Parent Relationship": "Outer","Parallel Aware": false,"Async Capable": false,"Startup Cost": 65582.97,"Total Cost": 65584.97,"Plan Rows": 200,"Plan Width": 16,"Actual Startup Time": 6147.247,"Actual Total Time": 6147.296,"Actual Rows": 42,"Actual Loops": 1,"Group Key": ["count(orders.o_orderkey)"],"Planned Partitions": 0,"HashAgg Batches": 1,"Peak Memory Usage": 40,"Disk Usage": 0,"Plans": [{"Node Type": "Aggregate","Strategy": "Hashed","Partial Mode": "Simple","Parent Relationship": "Outer","Parallel Aware": false,"Async Capable": false,"Startup Cost": 61832.97,"Total Cost": 63332.97,"Plan Rows": 150000,"Plan Width": 12,"Actual Startup Time": 5968.961,"Actual Total Time": 6133.532,"Actual Rows": 150000,"Actual Loops": 1,"Group Key": ["customer.c_custkey"],"Planned Partitions": 0,"HashAgg Batches": 1,"Peak Memory Usage": 22545,"Disk Usage": 0,"Plans": [{"Node Type": "Hash Join","Parent Relationship": "Outer","Parallel Aware": false,"Async Capable": false,"Join Type": "Right","Startup Cost": 5781.42,"Total Cost": 54484.49,"Plan Rows": 1469697,"Plan Width": 8,"Actual Startup Time": 38.076,"Actual Total Time": 4114.998,"Actual Rows": 1533945,"Actual Loops": 1,"Inner Unique": true,"Hash Cond": "(orders.o_custkey = customer.c_custkey)","Plans": [{"Node Type": "Seq Scan","Parent Relationship": "Outer","Parallel Aware": false,"Async Capable": false,"Relation Name": "orders","Alias": "orders","Startup Cost": 0.00,"Total Cost": 44845.00,"Plan Rows": 1469697,"Plan Width": 8,"Actual Startup Time": 0.049,"Actual Total Time": 2844.878,"Actual Rows": 1483941,"Actual Loops": 1,"Filter": "((o_comment)::text !~~ '%express%packages%'::text)","Rows Removed by Filter": 16059},{"Node Type": "Hash","Parent Relationship": "Inner","Parallel Aware": false,"Async Capable": false,"Startup Cost": 3906.42,"Total Cost": 3906.42,"Plan Rows": 150000,"Plan Width": 4,"Actual Startup Time": 36.257,"Actual Total Time": 36.268,"Actual Rows": 150000,"Actual Loops": 1,"Hash Buckets": 262144,"Original Hash Buckets": 262144,"Hash Batches": 1,"Original Hash Batches": 1,"Peak Memory Usage": 7322,"Plans": [{"Node Type": "Index Only Scan","Parent Relationship": "Outer","Parallel Aware": false,"Async Capable": false,"Scan Direction": "Forward","Index Name": "customer_pkey","Relation Name": "customer","Alias": "customer","Startup Cost": 0.42,"Total Cost": 3906.42,"Plan Rows": 150000,"Plan Width": 4,"Actual Startup Time": 0.063,"Actual Total Time": 14.588,"Actual Rows": 150000,"Actual Loops": 1,"Heap Fetches": 0}]}]}]}]}]},"Planning Time": 3.934,"Triggers": [],"Execution Time": 6155.513}]
[{"Plan": {"Node Type": "Sort","Parallel Aware": false,"Async Capable": false,"Startup Cost": 65708.14,"Total Cost": 65708.64,"Plan Rows": 200,"Plan Width": 16,"Actual Startup Time": 6659.087,"Actual Total Time": 6659.155,"Actual Rows": 41,"Actual Loops": 1,"Sort Key": ["(count(*)) DESC", "(count(orders.o_orderkey)) DESC"],"Sort Method": "quicksort","Sort Space Used": 27,"Sort Space Type": "Memory","Plans": [{"Node Type": "Aggregate","Strategy": "Hashed","Partial Mode": "Simple","Parent Relationship": "Outer","Parallel Aware": false,"Async Capable": false,"Startup Cost": 65698.50,"Total Cost": 65700.50,"Plan Rows": 200,"Plan Width": 16,"Actual Startup Time": 6658.981,"Actual Total Time": 6659.057,"Actual Rows": 41,"Actual Loops": 1,"Group Key": ["count(orders.o_orderkey)"],"Planned Partitions": 0,"HashAgg Batches": 1,"Peak Memory Usage": 40,"Disk Usage": 0,"Plans": [{"Node Type": "Aggregate","Strategy": "Hashed","Partial Mode": "Simple","Parent Relationship": "Outer","Parallel Aware": false,"Async Capable": false,"Startup Cost": 61948.50,"Total Cost": 63448.50,"Plan Rows": 150000,"Plan Width": 12,"Actual Startup Time": 6480.209,"Actual Total Time": 6645.185,"Actual Rows": 150000,"Actual Loops": 1,"Group Key": ["customer.c_custkey"],"Planned Partitions": 0,"HashAgg Batches": 1,"Peak Memory Usage": 22545,"Disk Usage": 0,"Plans": [{"Node Type": "Hash Join","Parent Relationship": "Outer","Parallel Aware": false,"Async Capable": false,"Join Type": "Right","Startup Cost": 5781.42,"Total Cost": 54524.26,"Plan Rows": 1484848,"Plan Width": 8,"Actual Startup Time": 37.274,"Actual Total Time": 4547.015,"Actual Rows": 1533872,"Actual Loops": 1,"Inner Unique": true,"Hash Cond": "(orders.o_custkey = customer.c_custkey)","Plans": [{"Node Type": "Seq Scan","Parent Relationship": "Outer","Parallel Aware": false,"Async Capable": false,"Relation Name": "orders","Alias": "orders","Startup Cost": 0.00,"Total Cost": 44845.00,"Plan Rows": 1484848,"Plan Width": 8,"Actual Startup Time": 0.043,"Actual Total Time": 3085.028,"Actual Rows": 1483868,"Actual Loops": 1,"Filter": "((o_comment)::text !~~ '%unusual%deposits%'::text)","Rows Removed by Filter": 16132},{"Node Type": "Hash","Parent Relationship": "Inner","Parallel Aware": false,"Async Capable": false,"Startup Cost": 3906.42,"Total Cost": 3906.42,"Plan Rows": 150000,"Plan Width": 4,"Actual Startup Time": 35.508,"Actual Total Time": 35.530,"Actual Rows": 150000,"Actual Loops": 1,"Hash Buckets": 262144,"Original Hash Buckets": 262144,"Hash Batches": 1,"Original Hash Batches": 1,"Peak Memory Usage": 7322,"Plans": [{"Node Type": "Index Only Scan","Parent Relationship": "Outer","Parallel Aware": false,"Async Capable": false,"Scan Direction": "Forward","Index Name": "customer_pkey","Relation Name": "customer","Alias": "customer","Startup Cost": 0.42,"Total Cost": 3906.42,"Plan Rows": 150000,"Plan Width": 4,"Actual Startup Time": 0.053,"Actual Total Time": 13.448,"Actual Rows": 150000,"Actual Loops": 1,"Heap Fetches": 0}]}]}]}]}]},"Planning Time": 3.854,"Triggers": [],"Execution Time": 6671.834}]
[{"Plan": {"Node Type": "Sort","Parallel Aware": false,"Async Capable": false,"Startup Cost": 65592.61,"Total Cost": 65593.11,"Plan Rows": 200,"Plan Width": 16,"Actual Startup Time": 6147.348,"Actual Total Time": 6147.387,"Actual Rows": 42,"Actual Loops": 1,"Sort Key": ["(count(*)) DESC", "(count(orders.o_orderkey)) DESC"],"Sort Method": "quicksort","Sort Space Used": 27,"Sort Space Type": "Memory","Plans": [{"Node Type": "Aggregate","Strategy": "Hashed","Partial Mode": "Simple","Parent Relationship": "Outer","Parallel Aware": false,"Async Capable": false,"Startup Cost": 65582.97,"Total Cost": 65584.97,"Plan Rows": 200,"Plan Width": 16,"Actual Startup Time": 6147.247,"Actual Total Time": 6147.296,"Actual Rows": 42,"Actual Loops": 1,"Group Key": ["count(orders.o_orderkey)"],"Planned Partitions": 0,"HashAgg Batches": 1,"Peak Memory Usage": 40,"Disk Usage": 0,"Plans": [{"Node Type": "Aggregate","Strategy": "Hashed","Partial Mode": "Simple","Parent Relationship": "Outer","Parallel Aware": false,"Async Capable": false,"Startup Cost": 61832.97,"Total Cost": 63332.97,"Plan Rows": 150000,"Plan Width": 12,"Actual Startup Time": 5968.961,"Actual Total Time": 6133.532,"Actual Rows": 150000,"Actual Loops": 1,"Group Key": ["customer.c_custkey"],"Planned Partitions": 0,"HashAgg Batches": 1,"Peak Memory Usage": 22545,"Disk Usage": 0,"Plans": [{"Node Type": "Hash Join","Parent Relationship": "Outer","Parallel Aware": false,"Async Capable": false,"Join Type": "Right","Startup Cost": 5781.42,"Total Cost": 54484.49,"Plan Rows": 1469697,"Plan Width": 8,"Actual Startup Time": 38.076,"Actual Total Time": 4114.998,"Actual Rows": 1533945,"Actual Loops": 1,"Inner Unique": true,"Hash Cond": "(orders.o_custkey = customer.c_custkey)","Plans": [{"Node Type": "Seq Scan","Parent Relationship": "Outer","Parallel Aware": false,"Async Capable": false,"Relation Name": "orders","Alias": "orders","Startup Cost": 0.00,"Total Cost": 44845.00,"Plan Rows": 1469697,"Plan Width": 8,"Actual Startup Time": 0.049,"Actual Total Time": 2844.878,"Actual Rows": 1483941,"Actual Loops": 1,"Filter": "((o_comment)::text !~~ '%express%packages%'::text)","Rows Removed by Filter": 16059},{"Node Type": "Hash","Parent Relationship": "Inner","Parallel Aware": false,"Async Capable": false,"Startup Cost": 3906.42,"Total Cost": 3906.42,"Plan Rows": 150000,"Plan Width": 4,"Actual Startup Time": 36.257,"Actual Total Time": 36.268,"Actual Rows": 150000,"Actual Loops": 1,"Hash Buckets": 262144,"Original Hash Buckets": 262144,"Hash Batches": 1,"Original Hash Batches": 1,"Peak Memory Usage": 7322,"Plans": [{"Node Type": "Index Only Scan","Parent Relationship": "Outer","Parallel Aware": false,"Async Capable": false,"Scan Direction": "Forward","Index Name": "customer_pkey","Relation Name": "customer","Alias": "customer","Startup Cost": 0.42,"Total Cost": 3906.42,"Plan Rows": 150000,"Plan Width": 4,"Actual Startup Time": 0.063,"Actual Total Time": 14.588,"Actual Rows": 150000,"Actual Loops": 1,"Heap Fetches": 0}]}]}]}]}]},"Planning Time": 3.934,"Triggers": [],"Execution Time": 6155.513}]
[{"Plan": {"Node Type": "Sort","Parallel Aware": false,"Async Capable": false,"Startup Cost": 65822.53,"Total Cost": 65823.03,"Plan Rows": 200,"Plan Width": 16,"Actual Startup Time": 5956.637,"Actual Total Time": 5956.675,"Actual Rows": 42,"Actual Loops": 1,"Sort Key": ["(count(*)) DESC", "(count(orders.o_orderkey)) DESC"],"Sort Method": "quicksort","Sort Space Used": 27,"Sort Space Type": "Memory","Plans": [{"Node Type": "Aggregate","Strategy": "Hashed","Partial Mode": "Simple","Parent Relationship": "Outer","Parallel Aware": false,"Async Capable": false,"Startup Cost": 65812.89,"Total Cost": 65814.89,"Plan Rows": 200,"Plan Width": 16,"Actual Startup Time": 5956.548,"Actual Total Time": 5956.590,"Actual Rows": 42,"Actual Loops": 1,"Group Key": ["count(orders.o_orderkey)"],"Planned Partitions": 0,"HashAgg Batches": 1,"Peak Memory Usage": 40,"Disk Usage": 0,"Plans": [{"Node Type": "Aggregate","Strategy": "Hashed","Partial Mode": "Simple","Parent Relationship": "Outer","Parallel Aware": false,"Async Capable": false,"Startup Cost": 62062.89,"Total Cost": 63562.89,"Plan Rows": 150000,"Plan Width": 12,"Actual Startup Time": 5763.184,"Actual Total Time": 5942.838,"Actual Rows": 150000,"Actual Loops": 1,"Group Key": ["customer.c_custkey"],"Planned Partitions": 0,"HashAgg Batches": 1,"Peak Memory Usage": 22545,"Disk Usage": 0,"Plans": [{"Node Type": "Hash Join","Parent Relationship": "Outer","Parallel Aware": false,"Async Capable": false,"Join Type": "Right","Startup Cost": 5781.42,"Total Cost": 54563.64,"Plan Rows": 1499850,"Plan Width": 8,"Actual Startup Time": 38.566,"Actual Total Time": 3955.732,"Actual Rows": 1533620,"Actual Loops": 1,"Inner Unique": true,"Hash Cond": "(orders.o_custkey = customer.c_custkey)","Plans": [{"Node Type": "Seq Scan","Parent Relationship": "Outer","Parallel Aware": false,"Async Capable": false,"Relation Name": "orders","Alias": "orders","Startup Cost": 0.00,"Total Cost": 44845.00,"Plan Rows": 1499850,"Plan Width": 8,"Actual Startup Time": 0.052,"Actual Total Time": 2713.562,"Actual Rows": 1483615,"Actual Loops": 1,"Filter": "((o_comment)::text !~~ '%pending%accounts%'::text)","Rows Removed by Filter": 16385},{"Node Type": "Hash","Parent Relationship": "Inner","Parallel Aware": false,"Async Capable": false,"Startup Cost": 3906.42,"Total Cost": 3906.42,"Plan Rows": 150000,"Plan Width": 4,"Actual Startup Time": 36.530,"Actual Total Time": 36.543,"Actual Rows": 150000,"Actual Loops": 1,"Hash Buckets": 262144,"Original Hash Buckets": 262144,"Hash Batches": 1,"Original Hash Batches": 1,"Peak Memory Usage": 7322,"Plans": [{"Node Type": "Index Only Scan","Parent Relationship": "Outer","Parallel Aware": false,"Async Capable": false,"Scan Direction": "Forward","Index Name": "customer_pkey","Relation Name": "customer","Alias": "customer","Startup Cost": 0.42,"Total Cost": 3906.42,"Plan Rows": 150000,"Plan Width": 4,"Actual Startup Time": 0.036,"Actual Total Time": 14.278,"Actual Rows": 150000,"Actual Loops": 1,"Heap Fetches": 0}]}]}]}]}]},"Planning Time": 3.568,"Triggers": [],"Execution Time": 5966.474}]
[{"Plan": {"Node Type": "Sort","Parallel Aware": false,"Async Capable": false,"Startup Cost": 65822.53,"Total Cost": 65823.03,"Plan Rows": 200,"Plan Width": 16,"Actual Startup Time": 6047.687,"Actual Total Time": 6047.735,"Actual Rows": 42,"Actual Loops": 1,"Sort Key": ["(count(*)) DESC", "(count(orders.o_orderkey)) DESC"],"Sort Method": "quicksort","Sort Space Used": 27,"Sort Space Type": "Memory","Plans": [{"Node Type": "Aggregate","Strategy": "Hashed","Partial Mode": "Simple","Parent Relationship": "Outer","Parallel Aware": false,"Async Capable": false,"Startup Cost": 65812.89,"Total Cost": 65814.89,"Plan Rows": 200,"Plan Width": 16,"Actual Startup Time": 6047.591,"Actual Total Time": 6047.643,"Actual Rows": 42,"Actual Loops": 1,"Group Key": ["count(orders.o_orderkey)"],"Planned Partitions": 0,"HashAgg Batches": 1,"Peak Memory Usage": 40,"Disk Usage": 0,"Plans": [{"Node Type": "Aggregate","Strategy": "Hashed","Partial Mode": "Simple","Parent Relationship": "Outer","Parallel Aware": false,"Async Capable": false,"Startup Cost": 62062.89,"Total Cost": 63562.89,"Plan Rows": 150000,"Plan Width": 12,"Actual Startup Time": 5868.600,"Actual Total Time": 6033.866,"Actual Rows": 150000,"Actual Loops": 1,"Group Key": ["customer.c_custkey"],"Planned Partitions": 0,"HashAgg Batches": 1,"Peak Memory Usage": 22545,"Disk Usage": 0,"Plans": [{"Node Type": "Hash Join","Parent Relationship": "Outer","Parallel Aware": false,"Async Capable": false,"Join Type": "Right","Startup Cost": 5781.42,"Total Cost": 54563.64,"Plan Rows": 1499850,"Plan Width": 8,"Actual Startup Time": 39.168,"Actual Total Time": 4010.851,"Actual Rows": 1533626,"Actual Loops": 1,"Inner Unique": true,"Hash Cond": "(orders.o_custkey = customer.c_custkey)","Plans": [{"Node Type": "Seq Scan","Parent Relationship": "Outer","Parallel Aware": false,"Async Capable": false,"Relation Name": "orders","Alias": "orders","Startup Cost": 0.00,"Total Cost": 44845.00,"Plan Rows": 1499850,"Plan Width": 8,"Actual Startup Time": 0.065,"Actual Total Time": 2757.508,"Actual Rows": 1483622,"Actual Loops": 1,"Filter": "((o_comment)::text !~~ '%unusual%accounts%'::text)","Rows Removed by Filter": 16378},{"Node Type": "Hash","Parent Relationship": "Inner","Parallel Aware": false,"Async Capable": false,"Startup Cost": 3906.42,"Total Cost": 3906.42,"Plan Rows": 150000,"Plan Width": 4,"Actual Startup Time": 37.343,"Actual Total Time": 37.362,"Actual Rows": 150000,"Actual Loops": 1,"Hash Buckets": 262144,"Original Hash Buckets": 262144,"Hash Batches": 1,"Original Hash Batches": 1,"Peak Memory Usage": 7322,"Plans": [{"Node Type": "Index Only Scan","Parent Relationship": "Outer","Parallel Aware": false,"Async Capable": false,"Scan Direction": "Forward","Index Name": "customer_pkey","Relation Name": "customer","Alias": "customer","Startup Cost": 0.42,"Total Cost": 3906.42,"Plan Rows": 150000,"Plan Width": 4,"Actual Startup Time": 0.036,"Actual Total Time": 14.472,"Actual Rows": 150000,"Actual Loops": 1,"Heap Fetches": 0}]}]}]}]}]},"Planning Time": 4.331,"Triggers": [],"Execution Time": 6056.690}]
[{"Plan": {"Node Type": "Sort","Parallel Aware": false,"Async Capable": false,"Startup Cost": 65822.53,"Total Cost": 65823.03,"Plan Rows": 200,"Plan Width": 16,"Actual Startup Time": 6047.687,"Actual Total Time": 6047.735,"Actual Rows": 42,"Actual Loops": 1,"Sort Key": ["(count(*)) DESC", "(count(orders.o_orderkey)) DESC"],"Sort Method": "quicksort","Sort Space Used": 27,"Sort Space Type": "Memory","Plans": [{"Node Type": "Aggregate","Strategy": "Hashed","Partial Mode": "Simple","Parent Relationship": "Outer","Parallel Aware": false,"Async Capable": false,"Startup Cost": 65812.89,"Total Cost": 65814.89,"Plan Rows": 200,"Plan Width": 16,"Actual Startup Time": 6047.591,"Actual Total Time": 6047.643,"Actual Rows": 42,"Actual Loops": 1,"Group Key": ["count(orders.o_orderkey)"],"Planned Partitions": 0,"HashAgg Batches": 1,"Peak Memory Usage": 40,"Disk Usage": 0,"Plans": [{"Node Type": "Aggregate","Strategy": "Hashed","Partial Mode": "Simple","Parent Relationship": "Outer","Parallel Aware": false,"Async Capable": false,"Startup Cost": 62062.89,"Total Cost": 63562.89,"Plan Rows": 150000,"Plan Width": 12,"Actual Startup Time": 5868.600,"Actual Total Time": 6033.866,"Actual Rows": 150000,"Actual Loops": 1,"Group Key": ["customer.c_custkey"],"Planned Partitions": 0,"HashAgg Batches": 1,"Peak Memory Usage": 22545,"Disk Usage": 0,"Plans": [{"Node Type": "Hash Join","Parent Relationship": "Outer","Parallel Aware": false,"Async Capable": false,"Join Type": "Right","Startup Cost": 5781.42,"Total Cost": 54563.64,"Plan Rows": 1499850,"Plan Width": 8,"Actual Startup Time": 39.168,"Actual Total Time": 4010.851,"Actual Rows": 1533626,"Actual Loops": 1,"Inner Unique": true,"Hash Cond": "(orders.o_custkey = customer.c_custkey)","Plans": [{"Node Type": "Seq Scan","Parent Relationship": "Outer","Parallel Aware": false,"Async Capable": false,"Relation Name": "orders","Alias": "orders","Startup Cost": 0.00,"Total Cost": 44845.00,"Plan Rows": 1499850,"Plan Width": 8,"Actual Startup Time": 0.065,"Actual Total Time": 2757.508,"Actual Rows": 1483622,"Actual Loops": 1,"Filter": "((o_comment)::text !~~ '%unusual%accounts%'::text)","Rows Removed by Filter": 16378},{"Node Type": "Hash","Parent Relationship": "Inner","Parallel Aware": false,"Async Capable": false,"Startup Cost": 3906.42,"Total Cost": 3906.42,"Plan Rows": 150000,"Plan Width": 4,"Actual Startup Time": 37.343,"Actual Total Time": 37.362,"Actual Rows": 150000,"Actual Loops": 1,"Hash Buckets": 262144,"Original Hash Buckets": 262144,"Hash Batches": 1,"Original Hash Batches": 1,"Peak Memory Usage": 7322,"Plans": [{"Node Type": "Index Only Scan","Parent Relationship": "Outer","Parallel Aware": false,"Async Capable": false,"Scan Direction": "Forward","Index Name": "customer_pkey","Relation Name": "customer","Alias": "customer","Startup Cost": 0.42,"Total Cost": 3906.42,"Plan Rows": 150000,"Plan Width": 4,"Actual Startup Time": 0.036,"Actual Total Time": 14.472,"Actual Rows": 150000,"Actual Loops": 1,"Heap Fetches": 0}]}]}]}]}]},"Planning Time": 4.331,"Triggers": [],"Execution Time": 6056.690}]
[{"Plan": {"Node Type": "Sort","Parallel Aware": false,"Async Capable": false,"Startup Cost": 65592.61,"Total Cost": 65593.11,"Plan Rows": 200,"Plan Width": 16,"Actual Startup Time": 6059.416,"Actual Total Time": 6059.459,"Actual Rows": 42,"Actual Loops": 1,"Sort Key": ["(count(*)) DESC", "(count(orders.o_orderkey)) DESC"],"Sort Method": "quicksort","Sort Space Used": 27,"Sort Space Type": "Memory","Plans": [{"Node Type": "Aggregate","Strategy": "Hashed","Partial Mode": "Simple","Parent Relationship": "Outer","Parallel Aware": false,"Async Capable": false,"Startup Cost": 65582.97,"Total Cost": 65584.97,"Plan Rows": 200,"Plan Width": 16,"Actual Startup Time": 6059.318,"Actual Total Time": 6059.369,"Actual Rows": 42,"Actual Loops": 1,"Group Key": ["count(orders.o_orderkey)"],"Planned Partitions": 0,"HashAgg Batches": 1,"Peak Memory Usage": 40,"Disk Usage": 0,"Plans": [{"Node Type": "Aggregate","Strategy": "Hashed","Partial Mode": "Simple","Parent Relationship": "Outer","Parallel Aware": false,"Async Capable": false,"Startup Cost": 61832.97,"Total Cost": 63332.97,"Plan Rows": 150000,"Plan Width": 12,"Actual Startup Time": 5864.158,"Actual Total Time": 6045.542,"Actual Rows": 150000,"Actual Loops": 1,"Group Key": ["customer.c_custkey"],"Planned Partitions": 0,"HashAgg Batches": 1,"Peak Memory Usage": 22545,"Disk Usage": 0,"Plans": [{"Node Type": "Hash Join","Parent Relationship": "Outer","Parallel Aware": false,"Async Capable": false,"Join Type": "Right","Startup Cost": 5781.42,"Total Cost": 54484.49,"Plan Rows": 1469697,"Plan Width": 8,"Actual Startup Time": 38.198,"Actual Total Time": 4061.016,"Actual Rows": 1533817,"Actual Loops": 1,"Inner Unique": true,"Hash Cond": "(orders.o_custkey = customer.c_custkey)","Plans": [{"Node Type": "Seq Scan","Parent Relationship": "Outer","Parallel Aware": false,"Async Capable": false,"Relation Name": "orders","Alias": "orders","Startup Cost": 0.00,"Total Cost": 44845.00,"Plan Rows": 1469697,"Plan Width": 8,"Actual Startup Time": 0.037,"Actual Total Time": 2812.366,"Actual Rows": 1483813,"Actual Loops": 1,"Filter": "((o_comment)::text !~~ '%unusual%requests%'::text)","Rows Removed by Filter": 16187},{"Node Type": "Hash","Parent Relationship": "Inner","Parallel Aware": false,"Async Capable": false,"Startup Cost": 3906.42,"Total Cost": 3906.42,"Plan Rows": 150000,"Plan Width": 4,"Actual Startup Time": 36.318,"Actual Total Time": 36.334,"Actual Rows": 150000,"Actual Loops": 1,"Hash Buckets": 262144,"Original Hash Buckets": 262144,"Hash Batches": 1,"Original Hash Batches": 1,"Peak Memory Usage": 7322,"Plans": [{"Node Type": "Index Only Scan","Parent Relationship": "Outer","Parallel Aware": false,"Async Capable": false,"Scan Direction": "Forward","Index Name": "customer_pkey","Relation Name": "customer","Alias": "customer","Startup Cost": 0.42,"Total Cost": 3906.42,"Plan Rows": 150000,"Plan Width": 4,"Actual Startup Time": 0.044,"Actual Total Time": 14.416,"Actual Rows": 150000,"Actual Loops": 1,"Heap Fetches": 0}]}]}]}]}]},"Planning Time": 3.526,"Triggers": [],"Execution Time": 6069.080}]
[{"Plan": {"Node Type": "Sort","Parallel Aware": false,"Async Capable": false,"Startup Cost": 65592.61,"Total Cost": 65593.11,"Plan Rows": 200,"Plan Width": 16,"Actual Startup Time": 6042.914,"Actual Total Time": 6042.954,"Actual Rows": 42,"Actual Loops": 1,"Sort Key": ["(count(*)) DESC", "(count(orders.o_orderkey)) DESC"],"Sort Method": "quicksort","Sort Space Used": 27,"Sort Space Type": "Memory","Plans": [{"Node Type": "Aggregate","Strategy": "Hashed","Partial Mode": "Simple","Parent Relationship": "Outer","Parallel Aware": false,"Async Capable": false,"Startup Cost": 65582.97,"Total Cost": 65584.97,"Plan Rows": 200,"Plan Width": 16,"Actual Startup Time": 6042.802,"Actual Total Time": 6042.854,"Actual Rows": 42,"Actual Loops": 1,"Group Key": ["count(orders.o_orderkey)"],"Planned Partitions": 0,"HashAgg Batches": 1,"Peak Memory Usage": 40,"Disk Usage": 0,"Plans": [{"Node Type": "Aggregate","Strategy": "Hashed","Partial Mode": "Simple","Parent Relationship": "Outer","Parallel Aware": false,"Async Capable": false,"Startup Cost": 61832.97,"Total Cost": 63332.97,"Plan Rows": 150000,"Plan Width": 12,"Actual Startup Time": 5848.968,"Actual Total Time": 6029.049,"Actual Rows": 150000,"Actual Loops": 1,"Group Key": ["customer.c_custkey"],"Planned Partitions": 0,"HashAgg Batches": 1,"Peak Memory Usage": 22545,"Disk Usage": 0,"Plans": [{"Node Type": "Hash Join","Parent Relationship": "Outer","Parallel Aware": false,"Async Capable": false,"Join Type": "Right","Startup Cost": 5781.42,"Total Cost": 54484.49,"Plan Rows": 1469697,"Plan Width": 8,"Actual Startup Time": 38.540,"Actual Total Time": 4039.691,"Actual Rows": 1534055,"Actual Loops": 1,"Inner Unique": true,"Hash Cond": "(orders.o_custkey = customer.c_custkey)","Plans": [{"Node Type": "Seq Scan","Parent Relationship": "Outer","Parallel Aware": false,"Async Capable": false,"Relation Name": "orders","Alias": "orders","Startup Cost": 0.00,"Total Cost": 44845.00,"Plan Rows": 1469697,"Plan Width": 8,"Actual Startup Time": 0.061,"Actual Total Time": 2797.159,"Actual Rows": 1484051,"Actual Loops": 1,"Filter": "((o_comment)::text !~~ '%special%packages%'::text)","Rows Removed by Filter": 15949},{"Node Type": "Hash","Parent Relationship": "Inner","Parallel Aware": false,"Async Capable": false,"Startup Cost": 3906.42,"Total Cost": 3906.42,"Plan Rows": 150000,"Plan Width": 4,"Actual Startup Time": 36.593,"Actual Total Time": 36.607,"Actual Rows": 150000,"Actual Loops": 1,"Hash Buckets": 262144,"Original Hash Buckets": 262144,"Hash Batches": 1,"Original Hash Batches": 1,"Peak Memory Usage": 7322,"Plans": [{"Node Type": "Index Only Scan","Parent Relationship": "Outer","Parallel Aware": false,"Async Capable": false,"Scan Direction": "Forward","Index Name": "customer_pkey","Relation Name": "customer","Alias": "customer","Startup Cost": 0.42,"Total Cost": 3906.42,"Plan Rows": 150000,"Plan Width": 4,"Actual Startup Time": 0.050,"Actual Total Time": 14.573,"Actual Rows": 150000,"Actual Loops": 1,"Heap Fetches": 0}]}]}]}]}]},"Planning Time": 3.383,"Triggers": [],"Execution Time": 6052.793}]
[{"Plan": {"Node Type": "Sort","Parallel Aware": false,"Async Capable": false,"Startup Cost": 65822.53,"Total Cost": 65823.03,"Plan Rows": 200,"Plan Width": 16,"Actual Startup Time": 6101.280,"Actual Total Time": 6101.314,"Actual Rows": 42,"Actual Loops": 1,"Sort Key": ["(count(*)) DESC", "(count(orders.o_orderkey)) DESC"],"Sort Method": "quicksort","Sort Space Used": 27,"Sort Space Type": "Memory","Plans": [{"Node Type": "Aggregate","Strategy": "Hashed","Partial Mode": "Simple","Parent Relationship": "Outer","Parallel Aware": false,"Async Capable": false,"Startup Cost": 65812.89,"Total Cost": 65814.89,"Plan Rows": 200,"Plan Width": 16,"Actual Startup Time": 6101.184,"Actual Total Time": 6101.232,"Actual Rows": 42,"Actual Loops": 1,"Group Key": ["count(orders.o_orderkey)"],"Planned Partitions": 0,"HashAgg Batches": 1,"Peak Memory Usage": 40,"Disk Usage": 0,"Plans": [{"Node Type": "Aggregate","Strategy": "Hashed","Partial Mode": "Simple","Parent Relationship": "Outer","Parallel Aware": false,"Async Capable": false,"Startup Cost": 62062.89,"Total Cost": 63562.89,"Plan Rows": 150000,"Plan Width": 12,"Actual Startup Time": 5921.162,"Actual Total Time": 6087.400,"Actual Rows": 150000,"Actual Loops": 1,"Group Key": ["customer.c_custkey"],"Planned Partitions": 0,"HashAgg Batches": 1,"Peak Memory Usage": 22545,"Disk Usage": 0,"Plans": [{"Node Type": "Hash Join","Parent Relationship": "Outer","Parallel Aware": false,"Async Capable": false,"Join Type": "Right","Startup Cost": 5781.42,"Total Cost": 54563.64,"Plan Rows": 1499850,"Plan Width": 8,"Actual Startup Time": 39.228,"Actual Total Time": 4074.723,"Actual Rows": 1533808,"Actual Loops": 1,"Inner Unique": true,"Hash Cond": "(orders.o_custkey = customer.c_custkey)","Plans": [{"Node Type": "Seq Scan","Parent Relationship": "Outer","Parallel Aware": false,"Async Capable": false,"Relation Name": "orders","Alias": "orders","Startup Cost": 0.00,"Total Cost": 44845.00,"Plan Rows": 1499850,"Plan Width": 8,"Actual Startup Time": 0.056,"Actual Total Time": 2834.984,"Actual Rows": 1483804,"Actual Loops": 1,"Filter": "((o_comment)::text !~~ '%special%deposits%'::text)","Rows Removed by Filter": 16196},{"Node Type": "Hash","Parent Relationship": "Inner","Parallel Aware": false,"Async Capable": false,"Startup Cost": 3906.42,"Total Cost": 3906.42,"Plan Rows": 150000,"Plan Width": 4,"Actual Startup Time": 37.438,"Actual Total Time": 37.451,"Actual Rows": 150000,"Actual Loops": 1,"Hash Buckets": 262144,"Original Hash Buckets": 262144,"Hash Batches": 1,"Original Hash Batches": 1,"Peak Memory Usage": 7322,"Plans": [{"Node Type": "Index Only Scan","Parent Relationship": "Outer","Parallel Aware": false,"Async Capable": false,"Scan Direction": "Forward","Index Name": "customer_pkey","Relation Name": "customer","Alias": "customer","Startup Cost": 0.42,"Total Cost": 3906.42,"Plan Rows": 150000,"Plan Width": 4,"Actual Startup Time": 0.049,"Actual Total Time": 14.639,"Actual Rows": 150000,"Actual Loops": 1,"Heap Fetches": 0}]}]}]}]}]},"Planning Time": 3.971,"Triggers": [],"Execution Time": 6110.955}]
[{"Plan": {"Node Type": "Sort","Parallel Aware": false,"Async Capable": false,"Startup Cost": 65592.61,"Total Cost": 65593.11,"Plan Rows": 200,"Plan Width": 16,"Actual Startup Time": 6042.914,"Actual Total Time": 6042.954,"Actual Rows": 42,"Actual Loops": 1,"Sort Key": ["(count(*)) DESC", "(count(orders.o_orderkey)) DESC"],"Sort Method": "quicksort","Sort Space Used": 27,"Sort Space Type": "Memory","Plans": [{"Node Type": "Aggregate","Strategy": "Hashed","Partial Mode": "Simple","Parent Relationship": "Outer","Parallel Aware": false,"Async Capable": false,"Startup Cost": 65582.97,"Total Cost": 65584.97,"Plan Rows": 200,"Plan Width": 16,"Actual Startup Time": 6042.802,"Actual Total Time": 6042.854,"Actual Rows": 42,"Actual Loops": 1,"Group Key": ["count(orders.o_orderkey)"],"Planned Partitions": 0,"HashAgg Batches": 1,"Peak Memory Usage": 40,"Disk Usage": 0,"Plans": [{"Node Type": "Aggregate","Strategy": "Hashed","Partial Mode": "Simple","Parent Relationship": "Outer","Parallel Aware": false,"Async Capable": false,"Startup Cost": 61832.97,"Total Cost": 63332.97,"Plan Rows": 150000,"Plan Width": 12,"Actual Startup Time": 5848.968,"Actual Total Time": 6029.049,"Actual Rows": 150000,"Actual Loops": 1,"Group Key": ["customer.c_custkey"],"Planned Partitions": 0,"HashAgg Batches": 1,"Peak Memory Usage": 22545,"Disk Usage": 0,"Plans": [{"Node Type": "Hash Join","Parent Relationship": "Outer","Parallel Aware": false,"Async Capable": false,"Join Type": "Right","Startup Cost": 5781.42,"Total Cost": 54484.49,"Plan Rows": 1469697,"Plan Width": 8,"Actual Startup Time": 38.540,"Actual Total Time": 4039.691,"Actual Rows": 1534055,"Actual Loops": 1,"Inner Unique": true,"Hash Cond": "(orders.o_custkey = customer.c_custkey)","Plans": [{"Node Type": "Seq Scan","Parent Relationship": "Outer","Parallel Aware": false,"Async Capable": false,"Relation Name": "orders","Alias": "orders","Startup Cost": 0.00,"Total Cost": 44845.00,"Plan Rows": 1469697,"Plan Width": 8,"Actual Startup Time": 0.061,"Actual Total Time": 2797.159,"Actual Rows": 1484051,"Actual Loops": 1,"Filter": "((o_comment)::text !~~ '%special%packages%'::text)","Rows Removed by Filter": 15949},{"Node Type": "Hash","Parent Relationship": "Inner","Parallel Aware": false,"Async Capable": false,"Startup Cost": 3906.42,"Total Cost": 3906.42,"Plan Rows": 150000,"Plan Width": 4,"Actual Startup Time": 36.593,"Actual Total Time": 36.607,"Actual Rows": 150000,"Actual Loops": 1,"Hash Buckets": 262144,"Original Hash Buckets": 262144,"Hash Batches": 1,"Original Hash Batches": 1,"Peak Memory Usage": 7322,"Plans": [{"Node Type": "Index Only Scan","Parent Relationship": "Outer","Parallel Aware": false,"Async Capable": false,"Scan Direction": "Forward","Index Name": "customer_pkey","Relation Name": "customer","Alias": "customer","Startup Cost": 0.42,"Total Cost": 3906.42,"Plan Rows": 150000,"Plan Width": 4,"Actual Startup Time": 0.050,"Actual Total Time": 14.573,"Actual Rows": 150000,"Actual Loops": 1,"Heap Fetches": 0}]}]}]}]}]},"Planning Time": 3.383,"Triggers": [],"Execution Time": 6052.793}]
[{"Plan": {"Node Type": "Sort","Parallel Aware": false,"Async Capable": false,"Startup Cost": 65822.53,"Total Cost": 65823.03,"Plan Rows": 200,"Plan Width": 16,"Actual Startup Time": 6650.964,"Actual Total Time": 6651.000,"Actual Rows": 42,"Actual Loops": 1,"Sort Key": ["(count(*)) DESC", "(count(orders.o_orderkey)) DESC"],"Sort Method": "quicksort","Sort Space Used": 27,"Sort Space Type": "Memory","Plans": [{"Node Type": "Aggregate","Strategy": "Hashed","Partial Mode": "Simple","Parent Relationship": "Outer","Parallel Aware": false,"Async Capable": false,"Startup Cost": 65812.89,"Total Cost": 65814.89,"Plan Rows": 200,"Plan Width": 16,"Actual Startup Time": 6650.893,"Actual Total Time": 6650.940,"Actual Rows": 42,"Actual Loops": 1,"Group Key": ["count(orders.o_orderkey)"],"Planned Partitions": 0,"HashAgg Batches": 1,"Peak Memory Usage": 40,"Disk Usage": 0,"Plans": [{"Node Type": "Aggregate","Strategy": "Hashed","Partial Mode": "Simple","Parent Relationship": "Outer","Parallel Aware": false,"Async Capable": false,"Startup Cost": 62062.89,"Total Cost": 63562.89,"Plan Rows": 150000,"Plan Width": 12,"Actual Startup Time": 6477.408,"Actual Total Time": 6637.150,"Actual Rows": 150000,"Actual Loops": 1,"Group Key": ["customer.c_custkey"],"Planned Partitions": 0,"HashAgg Batches": 1,"Peak Memory Usage": 22545,"Disk Usage": 0,"Plans": [{"Node Type": "Hash Join","Parent Relationship": "Outer","Parallel Aware": false,"Async Capable": false,"Join Type": "Right","Startup Cost": 5781.42,"Total Cost": 54563.64,"Plan Rows": 1499850,"Plan Width": 8,"Actual Startup Time": 36.551,"Actual Total Time": 4552.506,"Actual Rows": 1533843,"Actual Loops": 1,"Inner Unique": true,"Hash Cond": "(orders.o_custkey = customer.c_custkey)","Plans": [{"Node Type": "Seq Scan","Parent Relationship": "Outer","Parallel Aware": false,"Async Capable": false,"Relation Name": "orders","Alias": "orders","Startup Cost": 0.00,"Total Cost": 44845.00,"Plan Rows": 1499850,"Plan Width": 8,"Actual Startup Time": 0.044,"Actual Total Time": 3147.620,"Actual Rows": 1483839,"Actual Loops": 1,"Filter": "((o_comment)::text !~~ '%pending%deposits%'::text)","Rows Removed by Filter": 16161},{"Node Type": "Hash","Parent Relationship": "Inner","Parallel Aware": false,"Async Capable": false,"Startup Cost": 3906.42,"Total Cost": 3906.42,"Plan Rows": 150000,"Plan Width": 4,"Actual Startup Time": 34.769,"Actual Total Time": 34.783,"Actual Rows": 150000,"Actual Loops": 1,"Hash Buckets": 262144,"Original Hash Buckets": 262144,"Hash Batches": 1,"Original Hash Batches": 1,"Peak Memory Usage": 7322,"Plans": [{"Node Type": "Index Only Scan","Parent Relationship": "Outer","Parallel Aware": false,"Async Capable": false,"Scan Direction": "Forward","Index Name": "customer_pkey","Relation Name": "customer","Alias": "customer","Startup Cost": 0.42,"Total Cost": 3906.42,"Plan Rows": 150000,"Plan Width": 4,"Actual Startup Time": 0.065,"Actual Total Time": 13.424,"Actual Rows": 150000,"Actual Loops": 1,"Heap Fetches": 0}]}]}]}]}]},"Planning Time": 3.594,"Triggers": [],"Execution Time": 6658.782}]
[{"Plan": {"Node Type": "Sort","Parallel Aware": false,"Async Capable": false,"Startup Cost": 65592.61,"Total Cost": 65593.11,"Plan Rows": 200,"Plan Width": 16,"Actual Startup Time": 6108.888,"Actual Total Time": 6108.932,"Actual Rows": 42,"Actual Loops": 1,"Sort Key": ["(count(*)) DESC", "(count(orders.o_orderkey)) DESC"],"Sort Method": "quicksort","Sort Space Used": 27,"Sort Space Type": "Memory","Plans": [{"Node Type": "Aggregate","Strategy": "Hashed","Partial Mode": "Simple","Parent Relationship": "Outer","Parallel Aware": false,"Async Capable": false,"Startup Cost": 65582.97,"Total Cost": 65584.97,"Plan Rows": 200,"Plan Width": 16,"Actual Startup Time": 6108.797,"Actual Total Time": 6108.848,"Actual Rows": 42,"Actual Loops": 1,"Group Key": ["count(orders.o_orderkey)"],"Planned Partitions": 0,"HashAgg Batches": 1,"Peak Memory Usage": 40,"Disk Usage": 0,"Plans": [{"Node Type": "Aggregate","Strategy": "Hashed","Partial Mode": "Simple","Parent Relationship": "Outer","Parallel Aware": false,"Async Capable": false,"Startup Cost": 61832.97,"Total Cost": 63332.97,"Plan Rows": 150000,"Plan Width": 12,"Actual Startup Time": 5916.041,"Actual Total Time": 6095.043,"Actual Rows": 150000,"Actual Loops": 1,"Group Key": ["customer.c_custkey"],"Planned Partitions": 0,"HashAgg Batches": 1,"Peak Memory Usage": 22545,"Disk Usage": 0,"Plans": [{"Node Type": "Hash Join","Parent Relationship": "Outer","Parallel Aware": false,"Async Capable": false,"Join Type": "Right","Startup Cost": 5781.42,"Total Cost": 54484.49,"Plan Rows": 1469697,"Plan Width": 8,"Actual Startup Time": 39.068,"Actual Total Time": 4097.616,"Actual Rows": 1534019,"Actual Loops": 1,"Inner Unique": true,"Hash Cond": "(orders.o_custkey = customer.c_custkey)","Plans": [{"Node Type": "Seq Scan","Parent Relationship": "Outer","Parallel Aware": false,"Async Capable": false,"Relation Name": "orders","Alias": "orders","Startup Cost": 0.00,"Total Cost": 44845.00,"Plan Rows": 1469697,"Plan Width": 8,"Actual Startup Time": 0.051,"Actual Total Time": 2823.952,"Actual Rows": 1484015,"Actual Loops": 1,"Filter": "((o_comment)::text !~~ '%express%accounts%'::text)","Rows Removed by Filter": 15985},{"Node Type": "Hash","Parent Relationship": "Inner","Parallel Aware": false,"Async Capable": false,"Startup Cost": 3906.42,"Total Cost": 3906.42,"Plan Rows": 150000,"Plan Width": 4,"Actual Startup Time": 37.191,"Actual Total Time": 37.207,"Actual Rows": 150000,"Actual Loops": 1,"Hash Buckets": 262144,"Original Hash Buckets": 262144,"Hash Batches": 1,"Original Hash Batches": 1,"Peak Memory Usage": 7322,"Plans": [{"Node Type": "Index Only Scan","Parent Relationship": "Outer","Parallel Aware": false,"Async Capable": false,"Scan Direction": "Forward","Index Name": "customer_pkey","Relation Name": "customer","Alias": "customer","Startup Cost": 0.42,"Total Cost": 3906.42,"Plan Rows": 150000,"Plan Width": 4,"Actual Startup Time": 0.038,"Actual Total Time": 14.188,"Actual Rows": 150000,"Actual Loops": 1,"Heap Fetches": 0}]}]}]}]}]},"Planning Time": 3.814,"Triggers": [],"Execution Time": 6118.531}]
[{"Plan": {"Node Type": "Sort","Parallel Aware": false,"Async Capable": false,"Startup Cost": 65708.14,"Total Cost": 65708.64,"Plan Rows": 200,"Plan Width": 16,"Actual Startup Time": 6009.895,"Actual Total Time": 6009.932,"Actual Rows": 42,"Actual Loops": 1,"Sort Key": ["(count(*)) DESC", "(count(orders.o_orderkey)) DESC"],"Sort Method": "quicksort","Sort Space Used": 27,"Sort Space Type": "Memory","Plans": [{"Node Type": "Aggregate","Strategy": "Hashed","Partial Mode": "Simple","Parent Relationship": "Outer","Parallel Aware": false,"Async Capable": false,"Startup Cost": 65698.50,"Total Cost": 65700.50,"Plan Rows": 200,"Plan Width": 16,"Actual Startup Time": 6009.807,"Actual Total Time": 6009.848,"Actual Rows": 42,"Actual Loops": 1,"Group Key": ["count(orders.o_orderkey)"],"Planned Partitions": 0,"HashAgg Batches": 1,"Peak Memory Usage": 40,"Disk Usage": 0,"Plans": [{"Node Type": "Aggregate","Strategy": "Hashed","Partial Mode": "Simple","Parent Relationship": "Outer","Parallel Aware": false,"Async Capable": false,"Startup Cost": 61948.50,"Total Cost": 63448.50,"Plan Rows": 150000,"Plan Width": 12,"Actual Startup Time": 5831.373,"Actual Total Time": 5996.054,"Actual Rows": 150000,"Actual Loops": 1,"Group Key": ["customer.c_custkey"],"Planned Partitions": 0,"HashAgg Batches": 1,"Peak Memory Usage": 22545,"Disk Usage": 0,"Plans": [{"Node Type": "Hash Join","Parent Relationship": "Outer","Parallel Aware": false,"Async Capable": false,"Join Type": "Right","Startup Cost": 5781.42,"Total Cost": 54524.26,"Plan Rows": 1484848,"Plan Width": 8,"Actual Startup Time": 39.338,"Actual Total Time": 3994.258,"Actual Rows": 1533903,"Actual Loops": 1,"Inner Unique": true,"Hash Cond": "(orders.o_custkey = customer.c_custkey)","Plans": [{"Node Type": "Seq Scan","Parent Relationship": "Outer","Parallel Aware": false,"Async Capable": false,"Relation Name": "orders","Alias": "orders","Startup Cost": 0.00,"Total Cost": 44845.00,"Plan Rows": 1484848,"Plan Width": 8,"Actual Startup Time": 0.067,"Actual Total Time": 2735.690,"Actual Rows": 1483898,"Actual Loops": 1,"Filter": "((o_comment)::text !~~ '%pending%packages%'::text)","Rows Removed by Filter": 16102},{"Node Type": "Hash","Parent Relationship": "Inner","Parallel Aware": false,"Async Capable": false,"Startup Cost": 3906.42,"Total Cost": 3906.42,"Plan Rows": 150000,"Plan Width": 4,"Actual Startup Time": 37.449,"Actual Total Time": 37.461,"Actual Rows": 150000,"Actual Loops": 1,"Hash Buckets": 262144,"Original Hash Buckets": 262144,"Hash Batches": 1,"Original Hash Batches": 1,"Peak Memory Usage": 7322,"Plans": [{"Node Type": "Index Only Scan","Parent Relationship": "Outer","Parallel Aware": false,"Async Capable": false,"Scan Direction": "Forward","Index Name": "customer_pkey","Relation Name": "customer","Alias": "customer","Startup Cost": 0.42,"Total Cost": 3906.42,"Plan Rows": 150000,"Plan Width": 4,"Actual Startup Time": 0.047,"Actual Total Time": 14.301,"Actual Rows": 150000,"Actual Loops": 1,"Heap Fetches": 0}]}]}]}]}]},"Planning Time": 4.405,"Triggers": [],"Execution Time": 6018.249}]
[{"Plan": {"Node Type": "Sort","Parallel Aware": false,"Async Capable": false,"Startup Cost": 65822.53,"Total Cost": 65823.03,"Plan Rows": 200,"Plan Width": 16,"Actual Startup Time": 6650.964,"Actual Total Time": 6651.000,"Actual Rows": 42,"Actual Loops": 1,"Sort Key": ["(count(*)) DESC", "(count(orders.o_orderkey)) DESC"],"Sort Method": "quicksort","Sort Space Used": 27,"Sort Space Type": "Memory","Plans": [{"Node Type": "Aggregate","Strategy": "Hashed","Partial Mode": "Simple","Parent Relationship": "Outer","Parallel Aware": false,"Async Capable": false,"Startup Cost": 65812.89,"Total Cost": 65814.89,"Plan Rows": 200,"Plan Width": 16,"Actual Startup Time": 6650.893,"Actual Total Time": 6650.940,"Actual Rows": 42,"Actual Loops": 1,"Group Key": ["count(orders.o_orderkey)"],"Planned Partitions": 0,"HashAgg Batches": 1,"Peak Memory Usage": 40,"Disk Usage": 0,"Plans": [{"Node Type": "Aggregate","Strategy": "Hashed","Partial Mode": "Simple","Parent Relationship": "Outer","Parallel Aware": false,"Async Capable": false,"Startup Cost": 62062.89,"Total Cost": 63562.89,"Plan Rows": 150000,"Plan Width": 12,"Actual Startup Time": 6477.408,"Actual Total Time": 6637.150,"Actual Rows": 150000,"Actual Loops": 1,"Group Key": ["customer.c_custkey"],"Planned Partitions": 0,"HashAgg Batches": 1,"Peak Memory Usage": 22545,"Disk Usage": 0,"Plans": [{"Node Type": "Hash Join","Parent Relationship": "Outer","Parallel Aware": false,"Async Capable": false,"Join Type": "Right","Startup Cost": 5781.42,"Total Cost": 54563.64,"Plan Rows": 1499850,"Plan Width": 8,"Actual Startup Time": 36.551,"Actual Total Time": 4552.506,"Actual Rows": 1533843,"Actual Loops": 1,"Inner Unique": true,"Hash Cond": "(orders.o_custkey = customer.c_custkey)","Plans": [{"Node Type": "Seq Scan","Parent Relationship": "Outer","Parallel Aware": false,"Async Capable": false,"Relation Name": "orders","Alias": "orders","Startup Cost": 0.00,"Total Cost": 44845.00,"Plan Rows": 1499850,"Plan Width": 8,"Actual Startup Time": 0.044,"Actual Total Time": 3147.620,"Actual Rows": 1483839,"Actual Loops": 1,"Filter": "((o_comment)::text !~~ '%pending%deposits%'::text)","Rows Removed by Filter": 16161},{"Node Type": "Hash","Parent Relationship": "Inner","Parallel Aware": false,"Async Capable": false,"Startup Cost": 3906.42,"Total Cost": 3906.42,"Plan Rows": 150000,"Plan Width": 4,"Actual Startup Time": 34.769,"Actual Total Time": 34.783,"Actual Rows": 150000,"Actual Loops": 1,"Hash Buckets": 262144,"Original Hash Buckets": 262144,"Hash Batches": 1,"Original Hash Batches": 1,"Peak Memory Usage": 7322,"Plans": [{"Node Type": "Index Only Scan","Parent Relationship": "Outer","Parallel Aware": false,"Async Capable": false,"Scan Direction": "Forward","Index Name": "customer_pkey","Relation Name": "customer","Alias": "customer","Startup Cost": 0.42,"Total Cost": 3906.42,"Plan Rows": 150000,"Plan Width": 4,"Actual Startup Time": 0.065,"Actual Total Time": 13.424,"Actual Rows": 150000,"Actual Loops": 1,"Heap Fetches": 0}]}]}]}]}]},"Planning Time": 3.594,"Triggers": [],"Execution Time": 6658.782}]
[{"Plan": {"Node Type": "Sort","Parallel Aware": false,"Async Capable": false,"Startup Cost": 65592.61,"Total Cost": 65593.11,"Plan Rows": 200,"Plan Width": 16,"Actual Startup Time": 6147.348,"Actual Total Time": 6147.387,"Actual Rows": 42,"Actual Loops": 1,"Sort Key": ["(count(*)) DESC", "(count(orders.o_orderkey)) DESC"],"Sort Method": "quicksort","Sort Space Used": 27,"Sort Space Type": "Memory","Plans": [{"Node Type": "Aggregate","Strategy": "Hashed","Partial Mode": "Simple","Parent Relationship": "Outer","Parallel Aware": false,"Async Capable": false,"Startup Cost": 65582.97,"Total Cost": 65584.97,"Plan Rows": 200,"Plan Width": 16,"Actual Startup Time": 6147.247,"Actual Total Time": 6147.296,"Actual Rows": 42,"Actual Loops": 1,"Group Key": ["count(orders.o_orderkey)"],"Planned Partitions": 0,"HashAgg Batches": 1,"Peak Memory Usage": 40,"Disk Usage": 0,"Plans": [{"Node Type": "Aggregate","Strategy": "Hashed","Partial Mode": "Simple","Parent Relationship": "Outer","Parallel Aware": false,"Async Capable": false,"Startup Cost": 61832.97,"Total Cost": 63332.97,"Plan Rows": 150000,"Plan Width": 12,"Actual Startup Time": 5968.961,"Actual Total Time": 6133.532,"Actual Rows": 150000,"Actual Loops": 1,"Group Key": ["customer.c_custkey"],"Planned Partitions": 0,"HashAgg Batches": 1,"Peak Memory Usage": 22545,"Disk Usage": 0,"Plans": [{"Node Type": "Hash Join","Parent Relationship": "Outer","Parallel Aware": false,"Async Capable": false,"Join Type": "Right","Startup Cost": 5781.42,"Total Cost": 54484.49,"Plan Rows": 1469697,"Plan Width": 8,"Actual Startup Time": 38.076,"Actual Total Time": 4114.998,"Actual Rows": 1533945,"Actual Loops": 1,"Inner Unique": true,"Hash Cond": "(orders.o_custkey = customer.c_custkey)","Plans": [{"Node Type": "Seq Scan","Parent Relationship": "Outer","Parallel Aware": false,"Async Capable": false,"Relation Name": "orders","Alias": "orders","Startup Cost": 0.00,"Total Cost": 44845.00,"Plan Rows": 1469697,"Plan Width": 8,"Actual Startup Time": 0.049,"Actual Total Time": 2844.878,"Actual Rows": 1483941,"Actual Loops": 1,"Filter": "((o_comment)::text !~~ '%express%packages%'::text)","Rows Removed by Filter": 16059},{"Node Type": "Hash","Parent Relationship": "Inner","Parallel Aware": false,"Async Capable": false,"Startup Cost": 3906.42,"Total Cost": 3906.42,"Plan Rows": 150000,"Plan Width": 4,"Actual Startup Time": 36.257,"Actual Total Time": 36.268,"Actual Rows": 150000,"Actual Loops": 1,"Hash Buckets": 262144,"Original Hash Buckets": 262144,"Hash Batches": 1,"Original Hash Batches": 1,"Peak Memory Usage": 7322,"Plans": [{"Node Type": "Index Only Scan","Parent Relationship": "Outer","Parallel Aware": false,"Async Capable": false,"Scan Direction": "Forward","Index Name": "customer_pkey","Relation Name": "customer","Alias": "customer","Startup Cost": 0.42,"Total Cost": 3906.42,"Plan Rows": 150000,"Plan Width": 4,"Actual Startup Time": 0.063,"Actual Total Time": 14.588,"Actual Rows": 150000,"Actual Loops": 1,"Heap Fetches": 0}]}]}]}]}]},"Planning Time": 3.934,"Triggers": [],"Execution Time": 6155.513}]
[{"Plan": {"Node Type": "Sort","Parallel Aware": false,"Async Capable": false,"Startup Cost": 65822.53,"Total Cost": 65823.03,"Plan Rows": 200,"Plan Width": 16,"Actual Startup Time": 6096.807,"Actual Total Time": 6096.851,"Actual Rows": 42,"Actual Loops": 1,"Sort Key": ["(count(*)) DESC", "(count(orders.o_orderkey)) DESC"],"Sort Method": "quicksort","Sort Space Used": 27,"Sort Space Type": "Memory","Plans": [{"Node Type": "Aggregate","Strategy": "Hashed","Partial Mode": "Simple","Parent Relationship": "Outer","Parallel Aware": false,"Async Capable": false,"Startup Cost": 65812.89,"Total Cost": 65814.89,"Plan Rows": 200,"Plan Width": 16,"Actual Startup Time": 6096.707,"Actual Total Time": 6096.758,"Actual Rows": 42,"Actual Loops": 1,"Group Key": ["count(orders.o_orderkey)"],"Planned Partitions": 0,"HashAgg Batches": 1,"Peak Memory Usage": 40,"Disk Usage": 0,"Plans": [{"Node Type": "Aggregate","Strategy": "Hashed","Partial Mode": "Simple","Parent Relationship": "Outer","Parallel Aware": false,"Async Capable": false,"Startup Cost": 62062.89,"Total Cost": 63562.89,"Plan Rows": 150000,"Plan Width": 12,"Actual Startup Time": 5900.364,"Actual Total Time": 6082.949,"Actual Rows": 150000,"Actual Loops": 1,"Group Key": ["customer.c_custkey"],"Planned Partitions": 0,"HashAgg Batches": 1,"Peak Memory Usage": 22545,"Disk Usage": 0,"Plans": [{"Node Type": "Hash Join","Parent Relationship": "Outer","Parallel Aware": false,"Async Capable": false,"Join Type": "Right","Startup Cost": 5781.42,"Total Cost": 54563.64,"Plan Rows": 1499850,"Plan Width": 8,"Actual Startup Time": 38.105,"Actual Total Time": 4090.394,"Actual Rows": 1533835,"Actual Loops": 1,"Inner Unique": true,"Hash Cond": "(orders.o_custkey = customer.c_custkey)","Plans": [{"Node Type": "Seq Scan","Parent Relationship": "Outer","Parallel Aware": false,"Async Capable": false,"Relation Name": "orders","Alias": "orders","Startup Cost": 0.00,"Total Cost": 44845.00,"Plan Rows": 1499850,"Plan Width": 8,"Actual Startup Time": 0.059,"Actual Total Time": 2844.303,"Actual Rows": 1483831,"Actual Loops": 1,"Filter": "((o_comment)::text !~~ '%special%accounts%'::text)","Rows Removed by Filter": 16169},{"Node Type": "Hash","Parent Relationship": "Inner","Parallel Aware": false,"Async Capable": false,"Startup Cost": 3906.42,"Total Cost": 3906.42,"Plan Rows": 150000,"Plan Width": 4,"Actual Startup Time": 36.335,"Actual Total Time": 36.352,"Actual Rows": 150000,"Actual Loops": 1,"Hash Buckets": 262144,"Original Hash Buckets": 262144,"Hash Batches": 1,"Original Hash Batches": 1,"Peak Memory Usage": 7322,"Plans": [{"Node Type": "Index Only Scan","Parent Relationship": "Outer","Parallel Aware": false,"Async Capable": false,"Scan Direction": "Forward","Index Name": "customer_pkey","Relation Name": "customer","Alias": "customer","Startup Cost": 0.42,"Total Cost": 3906.42,"Plan Rows": 150000,"Plan Width": 4,"Actual Startup Time": 0.048,"Actual Total Time": 14.414,"Actual Rows": 150000,"Actual Loops": 1,"Heap Fetches": 0}]}]}]}]}]},"Planning Time": 3.409,"Triggers": [],"Execution Time": 6107.560}]
[{"Plan": {"Node Type": "Sort","Parallel Aware": false,"Async Capable": false,"Startup Cost": 65708.14,"Total Cost": 65708.64,"Plan Rows": 200,"Plan Width": 16,"Actual Startup Time": 6096.152,"Actual Total Time": 6096.183,"Actual Rows": 42,"Actual Loops": 1,"Sort Key": ["(count(*)) DESC", "(count(orders.o_orderkey)) DESC"],"Sort Method": "quicksort","Sort Space Used": 27,"Sort Space Type": "Memory","Plans": [{"Node Type": "Aggregate","Strategy": "Hashed","Partial Mode": "Simple","Parent Relationship": "Outer","Parallel Aware": false,"Async Capable": false,"Startup Cost": 65698.50,"Total Cost": 65700.50,"Plan Rows": 200,"Plan Width": 16,"Actual Startup Time": 6096.055,"Actual Total Time": 6096.099,"Actual Rows": 42,"Actual Loops": 1,"Group Key": ["count(orders.o_orderkey)"],"Planned Partitions": 0,"HashAgg Batches": 1,"Peak Memory Usage": 40,"Disk Usage": 0,"Plans": [{"Node Type": "Aggregate","Strategy": "Hashed","Partial Mode": "Simple","Parent Relationship": "Outer","Parallel Aware": false,"Async Capable": false,"Startup Cost": 61948.50,"Total Cost": 63448.50,"Plan Rows": 150000,"Plan Width": 12,"Actual Startup Time": 5916.888,"Actual Total Time": 6082.285,"Actual Rows": 150000,"Actual Loops": 1,"Group Key": ["customer.c_custkey"],"Planned Partitions": 0,"HashAgg Batches": 1,"Peak Memory Usage": 22545,"Disk Usage": 0,"Plans": [{"Node Type": "Hash Join","Parent Relationship": "Outer","Parallel Aware": false,"Async Capable": false,"Join Type": "Right","Startup Cost": 5781.42,"Total Cost": 54524.26,"Plan Rows": 1484848,"Plan Width": 8,"Actual Startup Time": 39.799,"Actual Total Time": 4085.231,"Actual Rows": 1533660,"Actual Loops": 1,"Inner Unique": true,"Hash Cond": "(orders.o_custkey = customer.c_custkey)","Plans": [{"Node Type": "Seq Scan","Parent Relationship": "Outer","Parallel Aware": false,"Async Capable": false,"Relation Name": "orders","Alias": "orders","Startup Cost": 0.00,"Total Cost": 44845.00,"Plan Rows": 1484848,"Plan Width": 8,"Actual Startup Time": 0.053,"Actual Total Time": 2810.059,"Actual Rows": 1483656,"Actual Loops": 1,"Filter": "((o_comment)::text !~~ '%pending%requests%'::text)","Rows Removed by Filter": 16344},{"Node Type": "Hash","Parent Relationship": "Inner","Parallel Aware": false,"Async Capable": false,"Startup Cost": 3906.42,"Total Cost": 3906.42,"Plan Rows": 150000,"Plan Width": 4,"Actual Startup Time": 37.918,"Actual Total Time": 37.930,"Actual Rows": 150000,"Actual Loops": 1,"Hash Buckets": 262144,"Original Hash Buckets": 262144,"Hash Batches": 1,"Original Hash Batches": 1,"Peak Memory Usage": 7322,"Plans": [{"Node Type": "Index Only Scan","Parent Relationship": "Outer","Parallel Aware": false,"Async Capable": false,"Scan Direction": "Forward","Index Name": "customer_pkey","Relation Name": "customer","Alias": "customer","Startup Cost": 0.42,"Total Cost": 3906.42,"Plan Rows": 150000,"Plan Width": 4,"Actual Startup Time": 0.035,"Actual Total Time": 14.493,"Actual Rows": 150000,"Actual Loops": 1,"Heap Fetches": 0}]}]}]}]}]},"Planning Time": 4.221,"Triggers": [],"Execution Time": 6104.310}]
[{"Plan": {"Node Type": "Sort","Parallel Aware": false,"Async Capable": false,"Startup Cost": 65708.14,"Total Cost": 65708.64,"Plan Rows": 200,"Plan Width": 16,"Actual Startup Time": 6096.152,"Actual Total Time": 6096.183,"Actual Rows": 42,"Actual Loops": 1,"Sort Key": ["(count(*)) DESC", "(count(orders.o_orderkey)) DESC"],"Sort Method": "quicksort","Sort Space Used": 27,"Sort Space Type": "Memory","Plans": [{"Node Type": "Aggregate","Strategy": "Hashed","Partial Mode": "Simple","Parent Relationship": "Outer","Parallel Aware": false,"Async Capable": false,"Startup Cost": 65698.50,"Total Cost": 65700.50,"Plan Rows": 200,"Plan Width": 16,"Actual Startup Time": 6096.055,"Actual Total Time": 6096.099,"Actual Rows": 42,"Actual Loops": 1,"Group Key": ["count(orders.o_orderkey)"],"Planned Partitions": 0,"HashAgg Batches": 1,"Peak Memory Usage": 40,"Disk Usage": 0,"Plans": [{"Node Type": "Aggregate","Strategy": "Hashed","Partial Mode": "Simple","Parent Relationship": "Outer","Parallel Aware": false,"Async Capable": false,"Startup Cost": 61948.50,"Total Cost": 63448.50,"Plan Rows": 150000,"Plan Width": 12,"Actual Startup Time": 5916.888,"Actual Total Time": 6082.285,"Actual Rows": 150000,"Actual Loops": 1,"Group Key": ["customer.c_custkey"],"Planned Partitions": 0,"HashAgg Batches": 1,"Peak Memory Usage": 22545,"Disk Usage": 0,"Plans": [{"Node Type": "Hash Join","Parent Relationship": "Outer","Parallel Aware": false,"Async Capable": false,"Join Type": "Right","Startup Cost": 5781.42,"Total Cost": 54524.26,"Plan Rows": 1484848,"Plan Width": 8,"Actual Startup Time": 39.799,"Actual Total Time": 4085.231,"Actual Rows": 1533660,"Actual Loops": 1,"Inner Unique": true,"Hash Cond": "(orders.o_custkey = customer.c_custkey)","Plans": [{"Node Type": "Seq Scan","Parent Relationship": "Outer","Parallel Aware": false,"Async Capable": false,"Relation Name": "orders","Alias": "orders","Startup Cost": 0.00,"Total Cost": 44845.00,"Plan Rows": 1484848,"Plan Width": 8,"Actual Startup Time": 0.053,"Actual Total Time": 2810.059,"Actual Rows": 1483656,"Actual Loops": 1,"Filter": "((o_comment)::text !~~ '%pending%requests%'::text)","Rows Removed by Filter": 16344},{"Node Type": "Hash","Parent Relationship": "Inner","Parallel Aware": false,"Async Capable": false,"Startup Cost": 3906.42,"Total Cost": 3906.42,"Plan Rows": 150000,"Plan Width": 4,"Actual Startup Time": 37.918,"Actual Total Time": 37.930,"Actual Rows": 150000,"Actual Loops": 1,"Hash Buckets": 262144,"Original Hash Buckets": 262144,"Hash Batches": 1,"Original Hash Batches": 1,"Peak Memory Usage": 7322,"Plans": [{"Node Type": "Index Only Scan","Parent Relationship": "Outer","Parallel Aware": false,"Async Capable": false,"Scan Direction": "Forward","Index Name": "customer_pkey","Relation Name": "customer","Alias": "customer","Startup Cost": 0.42,"Total Cost": 3906.42,"Plan Rows": 150000,"Plan Width": 4,"Actual Startup Time": 0.035,"Actual Total Time": 14.493,"Actual Rows": 150000,"Actual Loops": 1,"Heap Fetches": 0}]}]}]}]}]},"Planning Time": 4.221,"Triggers": [],"Execution Time": 6104.310}]
[{"Plan": {"Node Type": "Sort","Parallel Aware": false,"Async Capable": false,"Startup Cost": 65477.08,"Total Cost": 65477.58,"Plan Rows": 200,"Plan Width": 16,"Actual Startup Time": 6131.456,"Actual Total Time": 6131.495,"Actual Rows": 42,"Actual Loops": 1,"Sort Key": ["(count(*)) DESC", "(count(orders.o_orderkey)) DESC"],"Sort Method": "quicksort","Sort Space Used": 27,"Sort Space Type": "Memory","Plans": [{"Node Type": "Aggregate","Strategy": "Hashed","Partial Mode": "Simple","Parent Relationship": "Outer","Parallel Aware": false,"Async Capable": false,"Startup Cost": 65467.44,"Total Cost": 65469.44,"Plan Rows": 200,"Plan Width": 16,"Actual Startup Time": 6131.350,"Actual Total Time": 6131.398,"Actual Rows": 42,"Actual Loops": 1,"Group Key": ["count(orders.o_orderkey)"],"Planned Partitions": 0,"HashAgg Batches": 1,"Peak Memory Usage": 40,"Disk Usage": 0,"Plans": [{"Node Type": "Aggregate","Strategy": "Hashed","Partial Mode": "Simple","Parent Relationship": "Outer","Parallel Aware": false,"Async Capable": false,"Startup Cost": 61717.44,"Total Cost": 63217.44,"Plan Rows": 150000,"Plan Width": 12,"Actual Startup Time": 5953.045,"Actual Total Time": 6117.615,"Actual Rows": 150000,"Actual Loops": 1,"Group Key": ["customer.c_custkey"],"Planned Partitions": 0,"HashAgg Batches": 1,"Peak Memory Usage": 22545,"Disk Usage": 0,"Plans": [{"Node Type": "Hash Join","Parent Relationship": "Outer","Parallel Aware": false,"Async Capable": false,"Join Type": "Right","Startup Cost": 5781.42,"Total Cost": 54444.71,"Plan Rows": 1454545,"Plan Width": 8,"Actual Startup Time": 38.590,"Actual Total Time": 4109.614,"Actual Rows": 1533923,"Actual Loops": 1,"Inner Unique": true,"Hash Cond": "(orders.o_custkey = customer.c_custkey)","Plans": [{"Node Type": "Seq Scan","Parent Relationship": "Outer","Parallel Aware": false,"Async Capable": false,"Relation Name": "orders","Alias": "orders","Startup Cost": 0.00,"Total Cost": 44845.00,"Plan Rows": 1454545,"Plan Width": 8,"Actual Startup Time": 0.061,"Actual Total Time": 2840.022,"Actual Rows": 1483918,"Actual Loops": 1,"Filter": "((o_comment)::text !~~ '%special%requests%'::text)","Rows Removed by Filter": 16082},{"Node Type": "Hash","Parent Relationship": "Inner","Parallel Aware": false,"Async Capable": false,"Startup Cost": 3906.42,"Total Cost": 3906.42,"Plan Rows": 150000,"Plan Width": 4,"Actual Startup Time": 36.739,"Actual Total Time": 36.756,"Actual Rows": 150000,"Actual Loops": 1,"Hash Buckets": 262144,"Original Hash Buckets": 262144,"Hash Batches": 1,"Original Hash Batches": 1,"Peak Memory Usage": 7322,"Plans": [{"Node Type": "Index Only Scan","Parent Relationship": "Outer","Parallel Aware": false,"Async Capable": false,"Scan Direction": "Forward","Index Name": "customer_pkey","Relation Name": "customer","Alias": "customer","Startup Cost": 0.42,"Total Cost": 3906.42,"Plan Rows": 150000,"Plan Width": 4,"Actual Startup Time": 0.061,"Actual Total Time": 14.504,"Actual Rows": 150000,"Actual Loops": 1,"Heap Fetches": 0}]}]}]}]}]},"Planning Time": 3.536,"Triggers": [],"Execution Time": 6139.749}]
[{"Plan": {"Node Type": "Sort","Parallel Aware": false,"Async Capable": false,"Startup Cost": 65822.53,"Total Cost": 65823.03,"Plan Rows": 200,"Plan Width": 16,"Actual Startup Time": 6047.687,"Actual Total Time": 6047.735,"Actual Rows": 42,"Actual Loops": 1,"Sort Key": ["(count(*)) DESC", "(count(orders.o_orderkey)) DESC"],"Sort Method": "quicksort","Sort Space Used": 27,"Sort Space Type": "Memory","Plans": [{"Node Type": "Aggregate","Strategy": "Hashed","Partial Mode": "Simple","Parent Relationship": "Outer","Parallel Aware": false,"Async Capable": false,"Startup Cost": 65812.89,"Total Cost": 65814.89,"Plan Rows": 200,"Plan Width": 16,"Actual Startup Time": 6047.591,"Actual Total Time": 6047.643,"Actual Rows": 42,"Actual Loops": 1,"Group Key": ["count(orders.o_orderkey)"],"Planned Partitions": 0,"HashAgg Batches": 1,"Peak Memory Usage": 40,"Disk Usage": 0,"Plans": [{"Node Type": "Aggregate","Strategy": "Hashed","Partial Mode": "Simple","Parent Relationship": "Outer","Parallel Aware": false,"Async Capable": false,"Startup Cost": 62062.89,"Total Cost": 63562.89,"Plan Rows": 150000,"Plan Width": 12,"Actual Startup Time": 5868.600,"Actual Total Time": 6033.866,"Actual Rows": 150000,"Actual Loops": 1,"Group Key": ["customer.c_custkey"],"Planned Partitions": 0,"HashAgg Batches": 1,"Peak Memory Usage": 22545,"Disk Usage": 0,"Plans": [{"Node Type": "Hash Join","Parent Relationship": "Outer","Parallel Aware": false,"Async Capable": false,"Join Type": "Right","Startup Cost": 5781.42,"Total Cost": 54563.64,"Plan Rows": 1499850,"Plan Width": 8,"Actual Startup Time": 39.168,"Actual Total Time": 4010.851,"Actual Rows": 1533626,"Actual Loops": 1,"Inner Unique": true,"Hash Cond": "(orders.o_custkey = customer.c_custkey)","Plans": [{"Node Type": "Seq Scan","Parent Relationship": "Outer","Parallel Aware": false,"Async Capable": false,"Relation Name": "orders","Alias": "orders","Startup Cost": 0.00,"Total Cost": 44845.00,"Plan Rows": 1499850,"Plan Width": 8,"Actual Startup Time": 0.065,"Actual Total Time": 2757.508,"Actual Rows": 1483622,"Actual Loops": 1,"Filter": "((o_comment)::text !~~ '%unusual%accounts%'::text)","Rows Removed by Filter": 16378},{"Node Type": "Hash","Parent Relationship": "Inner","Parallel Aware": false,"Async Capable": false,"Startup Cost": 3906.42,"Total Cost": 3906.42,"Plan Rows": 150000,"Plan Width": 4,"Actual Startup Time": 37.343,"Actual Total Time": 37.362,"Actual Rows": 150000,"Actual Loops": 1,"Hash Buckets": 262144,"Original Hash Buckets": 262144,"Hash Batches": 1,"Original Hash Batches": 1,"Peak Memory Usage": 7322,"Plans": [{"Node Type": "Index Only Scan","Parent Relationship": "Outer","Parallel Aware": false,"Async Capable": false,"Scan Direction": "Forward","Index Name": "customer_pkey","Relation Name": "customer","Alias": "customer","Startup Cost": 0.42,"Total Cost": 3906.42,"Plan Rows": 150000,"Plan Width": 4,"Actual Startup Time": 0.036,"Actual Total Time": 14.472,"Actual Rows": 150000,"Actual Loops": 1,"Heap Fetches": 0}]}]}]}]}]},"Planning Time": 4.331,"Triggers": [],"Execution Time": 6056.690}]
[{"Plan": {"Node Type": "Sort","Parallel Aware": false,"Async Capable": false,"Startup Cost": 65822.53,"Total Cost": 65823.03,"Plan Rows": 200,"Plan Width": 16,"Actual Startup Time": 6650.964,"Actual Total Time": 6651.000,"Actual Rows": 42,"Actual Loops": 1,"Sort Key": ["(count(*)) DESC", "(count(orders.o_orderkey)) DESC"],"Sort Method": "quicksort","Sort Space Used": 27,"Sort Space Type": "Memory","Plans": [{"Node Type": "Aggregate","Strategy": "Hashed","Partial Mode": "Simple","Parent Relationship": "Outer","Parallel Aware": false,"Async Capable": false,"Startup Cost": 65812.89,"Total Cost": 65814.89,"Plan Rows": 200,"Plan Width": 16,"Actual Startup Time": 6650.893,"Actual Total Time": 6650.940,"Actual Rows": 42,"Actual Loops": 1,"Group Key": ["count(orders.o_orderkey)"],"Planned Partitions": 0,"HashAgg Batches": 1,"Peak Memory Usage": 40,"Disk Usage": 0,"Plans": [{"Node Type": "Aggregate","Strategy": "Hashed","Partial Mode": "Simple","Parent Relationship": "Outer","Parallel Aware": false,"Async Capable": false,"Startup Cost": 62062.89,"Total Cost": 63562.89,"Plan Rows": 150000,"Plan Width": 12,"Actual Startup Time": 6477.408,"Actual Total Time": 6637.150,"Actual Rows": 150000,"Actual Loops": 1,"Group Key": ["customer.c_custkey"],"Planned Partitions": 0,"HashAgg Batches": 1,"Peak Memory Usage": 22545,"Disk Usage": 0,"Plans": [{"Node Type": "Hash Join","Parent Relationship": "Outer","Parallel Aware": false,"Async Capable": false,"Join Type": "Right","Startup Cost": 5781.42,"Total Cost": 54563.64,"Plan Rows": 1499850,"Plan Width": 8,"Actual Startup Time": 36.551,"Actual Total Time": 4552.506,"Actual Rows": 1533843,"Actual Loops": 1,"Inner Unique": true,"Hash Cond": "(orders.o_custkey = customer.c_custkey)","Plans": [{"Node Type": "Seq Scan","Parent Relationship": "Outer","Parallel Aware": false,"Async Capable": false,"Relation Name": "orders","Alias": "orders","Startup Cost": 0.00,"Total Cost": 44845.00,"Plan Rows": 1499850,"Plan Width": 8,"Actual Startup Time": 0.044,"Actual Total Time": 3147.620,"Actual Rows": 1483839,"Actual Loops": 1,"Filter": "((o_comment)::text !~~ '%pending%deposits%'::text)","Rows Removed by Filter": 16161},{"Node Type": "Hash","Parent Relationship": "Inner","Parallel Aware": false,"Async Capable": false,"Startup Cost": 3906.42,"Total Cost": 3906.42,"Plan Rows": 150000,"Plan Width": 4,"Actual Startup Time": 34.769,"Actual Total Time": 34.783,"Actual Rows": 150000,"Actual Loops": 1,"Hash Buckets": 262144,"Original Hash Buckets": 262144,"Hash Batches": 1,"Original Hash Batches": 1,"Peak Memory Usage": 7322,"Plans": [{"Node Type": "Index Only Scan","Parent Relationship": "Outer","Parallel Aware": false,"Async Capable": false,"Scan Direction": "Forward","Index Name": "customer_pkey","Relation Name": "customer","Alias": "customer","Startup Cost": 0.42,"Total Cost": 3906.42,"Plan Rows": 150000,"Plan Width": 4,"Actual Startup Time": 0.065,"Actual Total Time": 13.424,"Actual Rows": 150000,"Actual Loops": 1,"Heap Fetches": 0}]}]}]}]}]},"Planning Time": 3.594,"Triggers": [],"Execution Time": 6658.782}]
[{"Plan": {"Node Type": "Sort","Parallel Aware": false,"Async Capable": false,"Startup Cost": 65708.14,"Total Cost": 65708.64,"Plan Rows": 200,"Plan Width": 16,"Actual Startup Time": 6009.895,"Actual Total Time": 6009.932,"Actual Rows": 42,"Actual Loops": 1,"Sort Key": ["(count(*)) DESC", "(count(orders.o_orderkey)) DESC"],"Sort Method": "quicksort","Sort Space Used": 27,"Sort Space Type": "Memory","Plans": [{"Node Type": "Aggregate","Strategy": "Hashed","Partial Mode": "Simple","Parent Relationship": "Outer","Parallel Aware": false,"Async Capable": false,"Startup Cost": 65698.50,"Total Cost": 65700.50,"Plan Rows": 200,"Plan Width": 16,"Actual Startup Time": 6009.807,"Actual Total Time": 6009.848,"Actual Rows": 42,"Actual Loops": 1,"Group Key": ["count(orders.o_orderkey)"],"Planned Partitions": 0,"HashAgg Batches": 1,"Peak Memory Usage": 40,"Disk Usage": 0,"Plans": [{"Node Type": "Aggregate","Strategy": "Hashed","Partial Mode": "Simple","Parent Relationship": "Outer","Parallel Aware": false,"Async Capable": false,"Startup Cost": 61948.50,"Total Cost": 63448.50,"Plan Rows": 150000,"Plan Width": 12,"Actual Startup Time": 5831.373,"Actual Total Time": 5996.054,"Actual Rows": 150000,"Actual Loops": 1,"Group Key": ["customer.c_custkey"],"Planned Partitions": 0,"HashAgg Batches": 1,"Peak Memory Usage": 22545,"Disk Usage": 0,"Plans": [{"Node Type": "Hash Join","Parent Relationship": "Outer","Parallel Aware": false,"Async Capable": false,"Join Type": "Right","Startup Cost": 5781.42,"Total Cost": 54524.26,"Plan Rows": 1484848,"Plan Width": 8,"Actual Startup Time": 39.338,"Actual Total Time": 3994.258,"Actual Rows": 1533903,"Actual Loops": 1,"Inner Unique": true,"Hash Cond": "(orders.o_custkey = customer.c_custkey)","Plans": [{"Node Type": "Seq Scan","Parent Relationship": "Outer","Parallel Aware": false,"Async Capable": false,"Relation Name": "orders","Alias": "orders","Startup Cost": 0.00,"Total Cost": 44845.00,"Plan Rows": 1484848,"Plan Width": 8,"Actual Startup Time": 0.067,"Actual Total Time": 2735.690,"Actual Rows": 1483898,"Actual Loops": 1,"Filter": "((o_comment)::text !~~ '%pending%packages%'::text)","Rows Removed by Filter": 16102},{"Node Type": "Hash","Parent Relationship": "Inner","Parallel Aware": false,"Async Capable": false,"Startup Cost": 3906.42,"Total Cost": 3906.42,"Plan Rows": 150000,"Plan Width": 4,"Actual Startup Time": 37.449,"Actual Total Time": 37.461,"Actual Rows": 150000,"Actual Loops": 1,"Hash Buckets": 262144,"Original Hash Buckets": 262144,"Hash Batches": 1,"Original Hash Batches": 1,"Peak Memory Usage": 7322,"Plans": [{"Node Type": "Index Only Scan","Parent Relationship": "Outer","Parallel Aware": false,"Async Capable": false,"Scan Direction": "Forward","Index Name": "customer_pkey","Relation Name": "customer","Alias": "customer","Startup Cost": 0.42,"Total Cost": 3906.42,"Plan Rows": 150000,"Plan Width": 4,"Actual Startup Time": 0.047,"Actual Total Time": 14.301,"Actual Rows": 150000,"Actual Loops": 1,"Heap Fetches": 0}]}]}]}]}]},"Planning Time": 4.405,"Triggers": [],"Execution Time": 6018.249}]
[{"Plan": {"Node Type": "Sort","Parallel Aware": false,"Async Capable": false,"Startup Cost": 65708.14,"Total Cost": 65708.64,"Plan Rows": 200,"Plan Width": 16,"Actual Startup Time": 6659.087,"Actual Total Time": 6659.155,"Actual Rows": 41,"Actual Loops": 1,"Sort Key": ["(count(*)) DESC", "(count(orders.o_orderkey)) DESC"],"Sort Method": "quicksort","Sort Space Used": 27,"Sort Space Type": "Memory","Plans": [{"Node Type": "Aggregate","Strategy": "Hashed","Partial Mode": "Simple","Parent Relationship": "Outer","Parallel Aware": false,"Async Capable": false,"Startup Cost": 65698.50,"Total Cost": 65700.50,"Plan Rows": 200,"Plan Width": 16,"Actual Startup Time": 6658.981,"Actual Total Time": 6659.057,"Actual Rows": 41,"Actual Loops": 1,"Group Key": ["count(orders.o_orderkey)"],"Planned Partitions": 0,"HashAgg Batches": 1,"Peak Memory Usage": 40,"Disk Usage": 0,"Plans": [{"Node Type": "Aggregate","Strategy": "Hashed","Partial Mode": "Simple","Parent Relationship": "Outer","Parallel Aware": false,"Async Capable": false,"Startup Cost": 61948.50,"Total Cost": 63448.50,"Plan Rows": 150000,"Plan Width": 12,"Actual Startup Time": 6480.209,"Actual Total Time": 6645.185,"Actual Rows": 150000,"Actual Loops": 1,"Group Key": ["customer.c_custkey"],"Planned Partitions": 0,"HashAgg Batches": 1,"Peak Memory Usage": 22545,"Disk Usage": 0,"Plans": [{"Node Type": "Hash Join","Parent Relationship": "Outer","Parallel Aware": false,"Async Capable": false,"Join Type": "Right","Startup Cost": 5781.42,"Total Cost": 54524.26,"Plan Rows": 1484848,"Plan Width": 8,"Actual Startup Time": 37.274,"Actual Total Time": 4547.015,"Actual Rows": 1533872,"Actual Loops": 1,"Inner Unique": true,"Hash Cond": "(orders.o_custkey = customer.c_custkey)","Plans": [{"Node Type": "Seq Scan","Parent Relationship": "Outer","Parallel Aware": false,"Async Capable": false,"Relation Name": "orders","Alias": "orders","Startup Cost": 0.00,"Total Cost": 44845.00,"Plan Rows": 1484848,"Plan Width": 8,"Actual Startup Time": 0.043,"Actual Total Time": 3085.028,"Actual Rows": 1483868,"Actual Loops": 1,"Filter": "((o_comment)::text !~~ '%unusual%deposits%'::text)","Rows Removed by Filter": 16132},{"Node Type": "Hash","Parent Relationship": "Inner","Parallel Aware": false,"Async Capable": false,"Startup Cost": 3906.42,"Total Cost": 3906.42,"Plan Rows": 150000,"Plan Width": 4,"Actual Startup Time": 35.508,"Actual Total Time": 35.530,"Actual Rows": 150000,"Actual Loops": 1,"Hash Buckets": 262144,"Original Hash Buckets": 262144,"Hash Batches": 1,"Original Hash Batches": 1,"Peak Memory Usage": 7322,"Plans": [{"Node Type": "Index Only Scan","Parent Relationship": "Outer","Parallel Aware": false,"Async Capable": false,"Scan Direction": "Forward","Index Name": "customer_pkey","Relation Name": "customer","Alias": "customer","Startup Cost": 0.42,"Total Cost": 3906.42,"Plan Rows": 150000,"Plan Width": 4,"Actual Startup Time": 0.053,"Actual Total Time": 13.448,"Actual Rows": 150000,"Actual Loops": 1,"Heap Fetches": 0}]}]}]}]}]},"Planning Time": 3.854,"Triggers": [],"Execution Time": 6671.834}]
[{"Plan": {"Node Type": "Sort","Parallel Aware": false,"Async Capable": false,"Startup Cost": 65822.53,"Total Cost": 65823.03,"Plan Rows": 200,"Plan Width": 16,"Actual Startup Time": 6789.356,"Actual Total Time": 6789.385,"Actual Rows": 42,"Actual Loops": 1,"Sort Key": ["(count(*)) DESC", "(count(orders.o_orderkey)) DESC"],"Sort Method": "quicksort","Sort Space Used": 27,"Sort Space Type": "Memory","Plans": [{"Node Type": "Aggregate","Strategy": "Hashed","Partial Mode": "Simple","Parent Relationship": "Outer","Parallel Aware": false,"Async Capable": false,"Startup Cost": 65812.89,"Total Cost": 65814.89,"Plan Rows": 200,"Plan Width": 16,"Actual Startup Time": 6789.265,"Actual Total Time": 6789.304,"Actual Rows": 42,"Actual Loops": 1,"Group Key": ["count(orders.o_orderkey)"],"Planned Partitions": 0,"HashAgg Batches": 1,"Peak Memory Usage": 40,"Disk Usage": 0,"Plans": [{"Node Type": "Aggregate","Strategy": "Hashed","Partial Mode": "Simple","Parent Relationship": "Outer","Parallel Aware": false,"Async Capable": false,"Startup Cost": 62062.89,"Total Cost": 63562.89,"Plan Rows": 150000,"Plan Width": 12,"Actual Startup Time": 6597.323,"Actual Total Time": 6775.519,"Actual Rows": 150000,"Actual Loops": 1,"Group Key": ["customer.c_custkey"],"Planned Partitions": 0,"HashAgg Batches": 1,"Peak Memory Usage": 22545,"Disk Usage": 0,"Plans": [{"Node Type": "Hash Join","Parent Relationship": "Outer","Parallel Aware": false,"Async Capable": false,"Join Type": "Right","Startup Cost": 5781.42,"Total Cost": 54563.64,"Plan Rows": 1499850,"Plan Width": 8,"Actual Startup Time": 45.919,"Actual Total Time": 4674.391,"Actual Rows": 1534025,"Actual Loops": 1,"Inner Unique": true,"Hash Cond": "(orders.o_custkey = customer.c_custkey)","Plans": [{"Node Type": "Seq Scan","Parent Relationship": "Outer","Parallel Aware": false,"Async Capable": false,"Relation Name": "orders","Alias": "orders","Startup Cost": 0.00,"Total Cost": 44845.00,"Plan Rows": 1499850,"Plan Width": 8,"Actual Startup Time": 0.049,"Actual Total Time": 3245.830,"Actual Rows": 1484020,"Actual Loops": 1,"Filter": "((o_comment)::text !~~ '%express%deposits%'::text)","Rows Removed by Filter": 15980},{"Node Type": "Hash","Parent Relationship": "Inner","Parallel Aware": false,"Async Capable": false,"Startup Cost": 3906.42,"Total Cost": 3906.42,"Plan Rows": 150000,"Plan Width": 4,"Actual Startup Time": 44.047,"Actual Total Time": 44.059,"Actual Rows": 150000,"Actual Loops": 1,"Hash Buckets": 262144,"Original Hash Buckets": 262144,"Hash Batches": 1,"Original Hash Batches": 1,"Peak Memory Usage": 7322,"Plans": [{"Node Type": "Index Only Scan","Parent Relationship": "Outer","Parallel Aware": false,"Async Capable": false,"Scan Direction": "Forward","Index Name": "customer_pkey","Relation Name": "customer","Alias": "customer","Startup Cost": 0.42,"Total Cost": 3906.42,"Plan Rows": 150000,"Plan Width": 4,"Actual Startup Time": 0.049,"Actual Total Time": 21.219,"Actual Rows": 150000,"Actual Loops": 1,"Heap Fetches": 0}]}]}]}]}]},"Planning Time": 4.349,"Triggers": [],"Execution Time": 6798.388}]
[{"Plan": {"Node Type": "Sort","Parallel Aware": false,"Async Capable": false,"Startup Cost": 65592.61,"Total Cost": 65593.11,"Plan Rows": 200,"Plan Width": 16,"Actual Startup Time": 6108.888,"Actual Total Time": 6108.932,"Actual Rows": 42,"Actual Loops": 1,"Sort Key": ["(count(*)) DESC", "(count(orders.o_orderkey)) DESC"],"Sort Method": "quicksort","Sort Space Used": 27,"Sort Space Type": "Memory","Plans": [{"Node Type": "Aggregate","Strategy": "Hashed","Partial Mode": "Simple","Parent Relationship": "Outer","Parallel Aware": false,"Async Capable": false,"Startup Cost": 65582.97,"Total Cost": 65584.97,"Plan Rows": 200,"Plan Width": 16,"Actual Startup Time": 6108.797,"Actual Total Time": 6108.848,"Actual Rows": 42,"Actual Loops": 1,"Group Key": ["count(orders.o_orderkey)"],"Planned Partitions": 0,"HashAgg Batches": 1,"Peak Memory Usage": 40,"Disk Usage": 0,"Plans": [{"Node Type": "Aggregate","Strategy": "Hashed","Partial Mode": "Simple","Parent Relationship": "Outer","Parallel Aware": false,"Async Capable": false,"Startup Cost": 61832.97,"Total Cost": 63332.97,"Plan Rows": 150000,"Plan Width": 12,"Actual Startup Time": 5916.041,"Actual Total Time": 6095.043,"Actual Rows": 150000,"Actual Loops": 1,"Group Key": ["customer.c_custkey"],"Planned Partitions": 0,"HashAgg Batches": 1,"Peak Memory Usage": 22545,"Disk Usage": 0,"Plans": [{"Node Type": "Hash Join","Parent Relationship": "Outer","Parallel Aware": false,"Async Capable": false,"Join Type": "Right","Startup Cost": 5781.42,"Total Cost": 54484.49,"Plan Rows": 1469697,"Plan Width": 8,"Actual Startup Time": 39.068,"Actual Total Time": 4097.616,"Actual Rows": 1534019,"Actual Loops": 1,"Inner Unique": true,"Hash Cond": "(orders.o_custkey = customer.c_custkey)","Plans": [{"Node Type": "Seq Scan","Parent Relationship": "Outer","Parallel Aware": false,"Async Capable": false,"Relation Name": "orders","Alias": "orders","Startup Cost": 0.00,"Total Cost": 44845.00,"Plan Rows": 1469697,"Plan Width": 8,"Actual Startup Time": 0.051,"Actual Total Time": 2823.952,"Actual Rows": 1484015,"Actual Loops": 1,"Filter": "((o_comment)::text !~~ '%express%accounts%'::text)","Rows Removed by Filter": 15985},{"Node Type": "Hash","Parent Relationship": "Inner","Parallel Aware": false,"Async Capable": false,"Startup Cost": 3906.42,"Total Cost": 3906.42,"Plan Rows": 150000,"Plan Width": 4,"Actual Startup Time": 37.191,"Actual Total Time": 37.207,"Actual Rows": 150000,"Actual Loops": 1,"Hash Buckets": 262144,"Original Hash Buckets": 262144,"Hash Batches": 1,"Original Hash Batches": 1,"Peak Memory Usage": 7322,"Plans": [{"Node Type": "Index Only Scan","Parent Relationship": "Outer","Parallel Aware": false,"Async Capable": false,"Scan Direction": "Forward","Index Name": "customer_pkey","Relation Name": "customer","Alias": "customer","Startup Cost": 0.42,"Total Cost": 3906.42,"Plan Rows": 150000,"Plan Width": 4,"Actual Startup Time": 0.038,"Actual Total Time": 14.188,"Actual Rows": 150000,"Actual Loops": 1,"Heap Fetches": 0}]}]}]}]}]},"Planning Time": 3.814,"Triggers": [],"Execution Time": 6118.531}]
[{"Plan": {"Node Type": "Sort","Parallel Aware": false,"Async Capable": false,"Startup Cost": 65708.14,"Total Cost": 65708.64,"Plan Rows": 200,"Plan Width": 16,"Actual Startup Time": 6659.087,"Actual Total Time": 6659.155,"Actual Rows": 41,"Actual Loops": 1,"Sort Key": ["(count(*)) DESC", "(count(orders.o_orderkey)) DESC"],"Sort Method": "quicksort","Sort Space Used": 27,"Sort Space Type": "Memory","Plans": [{"Node Type": "Aggregate","Strategy": "Hashed","Partial Mode": "Simple","Parent Relationship": "Outer","Parallel Aware": false,"Async Capable": false,"Startup Cost": 65698.50,"Total Cost": 65700.50,"Plan Rows": 200,"Plan Width": 16,"Actual Startup Time": 6658.981,"Actual Total Time": 6659.057,"Actual Rows": 41,"Actual Loops": 1,"Group Key": ["count(orders.o_orderkey)"],"Planned Partitions": 0,"HashAgg Batches": 1,"Peak Memory Usage": 40,"Disk Usage": 0,"Plans": [{"Node Type": "Aggregate","Strategy": "Hashed","Partial Mode": "Simple","Parent Relationship": "Outer","Parallel Aware": false,"Async Capable": false,"Startup Cost": 61948.50,"Total Cost": 63448.50,"Plan Rows": 150000,"Plan Width": 12,"Actual Startup Time": 6480.209,"Actual Total Time": 6645.185,"Actual Rows": 150000,"Actual Loops": 1,"Group Key": ["customer.c_custkey"],"Planned Partitions": 0,"HashAgg Batches": 1,"Peak Memory Usage": 22545,"Disk Usage": 0,"Plans": [{"Node Type": "Hash Join","Parent Relationship": "Outer","Parallel Aware": false,"Async Capable": false,"Join Type": "Right","Startup Cost": 5781.42,"Total Cost": 54524.26,"Plan Rows": 1484848,"Plan Width": 8,"Actual Startup Time": 37.274,"Actual Total Time": 4547.015,"Actual Rows": 1533872,"Actual Loops": 1,"Inner Unique": true,"Hash Cond": "(orders.o_custkey = customer.c_custkey)","Plans": [{"Node Type": "Seq Scan","Parent Relationship": "Outer","Parallel Aware": false,"Async Capable": false,"Relation Name": "orders","Alias": "orders","Startup Cost": 0.00,"Total Cost": 44845.00,"Plan Rows": 1484848,"Plan Width": 8,"Actual Startup Time": 0.043,"Actual Total Time": 3085.028,"Actual Rows": 1483868,"Actual Loops": 1,"Filter": "((o_comment)::text !~~ '%unusual%deposits%'::text)","Rows Removed by Filter": 16132},{"Node Type": "Hash","Parent Relationship": "Inner","Parallel Aware": false,"Async Capable": false,"Startup Cost": 3906.42,"Total Cost": 3906.42,"Plan Rows": 150000,"Plan Width": 4,"Actual Startup Time": 35.508,"Actual Total Time": 35.530,"Actual Rows": 150000,"Actual Loops": 1,"Hash Buckets": 262144,"Original Hash Buckets": 262144,"Hash Batches": 1,"Original Hash Batches": 1,"Peak Memory Usage": 7322,"Plans": [{"Node Type": "Index Only Scan","Parent Relationship": "Outer","Parallel Aware": false,"Async Capable": false,"Scan Direction": "Forward","Index Name": "customer_pkey","Relation Name": "customer","Alias": "customer","Startup Cost": 0.42,"Total Cost": 3906.42,"Plan Rows": 150000,"Plan Width": 4,"Actual Startup Time": 0.053,"Actual Total Time": 13.448,"Actual Rows": 150000,"Actual Loops": 1,"Heap Fetches": 0}]}]}]}]}]},"Planning Time": 3.854,"Triggers": [],"Execution Time": 6671.834}]
[{"Plan": {"Node Type": "Sort","Parallel Aware": false,"Async Capable": false,"Startup Cost": 65708.14,"Total Cost": 65708.64,"Plan Rows": 200,"Plan Width": 16,"Actual Startup Time": 6734.447,"Actual Total Time": 6734.481,"Actual Rows": 42,"Actual Loops": 1,"Sort Key": ["(count(*)) DESC", "(count(orders.o_orderkey)) DESC"],"Sort Method": "quicksort","Sort Space Used": 27,"Sort Space Type": "Memory","Plans": [{"Node Type": "Aggregate","Strategy": "Hashed","Partial Mode": "Simple","Parent Relationship": "Outer","Parallel Aware": false,"Async Capable": false,"Startup Cost": 65698.50,"Total Cost": 65700.50,"Plan Rows": 200,"Plan Width": 16,"Actual Startup Time": 6734.369,"Actual Total Time": 6734.411,"Actual Rows": 42,"Actual Loops": 1,"Group Key": ["count(orders.o_orderkey)"],"Planned Partitions": 0,"HashAgg Batches": 1,"Peak Memory Usage": 40,"Disk Usage": 0,"Plans": [{"Node Type": "Aggregate","Strategy": "Hashed","Partial Mode": "Simple","Parent Relationship": "Outer","Parallel Aware": false,"Async Capable": false,"Startup Cost": 61948.50,"Total Cost": 63448.50,"Plan Rows": 150000,"Plan Width": 12,"Actual Startup Time": 6542.374,"Actual Total Time": 6720.630,"Actual Rows": 150000,"Actual Loops": 1,"Group Key": ["customer.c_custkey"],"Planned Partitions": 0,"HashAgg Batches": 1,"Peak Memory Usage": 22545,"Disk Usage": 0,"Plans": [{"Node Type": "Hash Join","Parent Relationship": "Outer","Parallel Aware": false,"Async Capable": false,"Join Type": "Right","Startup Cost": 5781.42,"Total Cost": 54524.26,"Plan Rows": 1484848,"Plan Width": 8,"Actual Startup Time": 36.319,"Actual Total Time": 4621.827,"Actual Rows": 1533676,"Actual Loops": 1,"Inner Unique": true,"Hash Cond": "(orders.o_custkey = customer.c_custkey)","Plans": [{"Node Type": "Seq Scan","Parent Relationship": "Outer","Parallel Aware": false,"Async Capable": false,"Relation Name": "orders","Alias": "orders","Startup Cost": 0.00,"Total Cost": 44845.00,"Plan Rows": 1484848,"Plan Width": 8,"Actual Startup Time": 0.054,"Actual Total Time": 3196.487,"Actual Rows": 1483672,"Actual Loops": 1,"Filter": "((o_comment)::text !~~ '%express%requests%'::text)","Rows Removed by Filter": 16328},{"Node Type": "Hash","Parent Relationship": "Inner","Parallel Aware": false,"Async Capable": false,"Startup Cost": 3906.42,"Total Cost": 3906.42,"Plan Rows": 150000,"Plan Width": 4,"Actual Startup Time": 34.348,"Actual Total Time": 34.358,"Actual Rows": 150000,"Actual Loops": 1,"Hash Buckets": 262144,"Original Hash Buckets": 262144,"Hash Batches": 1,"Original Hash Batches": 1,"Peak Memory Usage": 7322,"Plans": [{"Node Type": "Index Only Scan","Parent Relationship": "Outer","Parallel Aware": false,"Async Capable": false,"Scan Direction": "Forward","Index Name": "customer_pkey","Relation Name": "customer","Alias": "customer","Startup Cost": 0.42,"Total Cost": 3906.42,"Plan Rows": 150000,"Plan Width": 4,"Actual Startup Time": 0.054,"Actual Total Time": 13.145,"Actual Rows": 150000,"Actual Loops": 1,"Heap Fetches": 0}]}]}]}]}]},"Planning Time": 4.493,"Triggers": [],"Execution Time": 6743.934}]
[{"Plan": {"Node Type": "Sort","Parallel Aware": false,"Async Capable": false,"Startup Cost": 65708.14,"Total Cost": 65708.64,"Plan Rows": 200,"Plan Width": 16,"Actual Startup Time": 6659.087,"Actual Total Time": 6659.155,"Actual Rows": 41,"Actual Loops": 1,"Sort Key": ["(count(*)) DESC", "(count(orders.o_orderkey)) DESC"],"Sort Method": "quicksort","Sort Space Used": 27,"Sort Space Type": "Memory","Plans": [{"Node Type": "Aggregate","Strategy": "Hashed","Partial Mode": "Simple","Parent Relationship": "Outer","Parallel Aware": false,"Async Capable": false,"Startup Cost": 65698.50,"Total Cost": 65700.50,"Plan Rows": 200,"Plan Width": 16,"Actual Startup Time": 6658.981,"Actual Total Time": 6659.057,"Actual Rows": 41,"Actual Loops": 1,"Group Key": ["count(orders.o_orderkey)"],"Planned Partitions": 0,"HashAgg Batches": 1,"Peak Memory Usage": 40,"Disk Usage": 0,"Plans": [{"Node Type": "Aggregate","Strategy": "Hashed","Partial Mode": "Simple","Parent Relationship": "Outer","Parallel Aware": false,"Async Capable": false,"Startup Cost": 61948.50,"Total Cost": 63448.50,"Plan Rows": 150000,"Plan Width": 12,"Actual Startup Time": 6480.209,"Actual Total Time": 6645.185,"Actual Rows": 150000,"Actual Loops": 1,"Group Key": ["customer.c_custkey"],"Planned Partitions": 0,"HashAgg Batches": 1,"Peak Memory Usage": 22545,"Disk Usage": 0,"Plans": [{"Node Type": "Hash Join","Parent Relationship": "Outer","Parallel Aware": false,"Async Capable": false,"Join Type": "Right","Startup Cost": 5781.42,"Total Cost": 54524.26,"Plan Rows": 1484848,"Plan Width": 8,"Actual Startup Time": 37.274,"Actual Total Time": 4547.015,"Actual Rows": 1533872,"Actual Loops": 1,"Inner Unique": true,"Hash Cond": "(orders.o_custkey = customer.c_custkey)","Plans": [{"Node Type": "Seq Scan","Parent Relationship": "Outer","Parallel Aware": false,"Async Capable": false,"Relation Name": "orders","Alias": "orders","Startup Cost": 0.00,"Total Cost": 44845.00,"Plan Rows": 1484848,"Plan Width": 8,"Actual Startup Time": 0.043,"Actual Total Time": 3085.028,"Actual Rows": 1483868,"Actual Loops": 1,"Filter": "((o_comment)::text !~~ '%unusual%deposits%'::text)","Rows Removed by Filter": 16132},{"Node Type": "Hash","Parent Relationship": "Inner","Parallel Aware": false,"Async Capable": false,"Startup Cost": 3906.42,"Total Cost": 3906.42,"Plan Rows": 150000,"Plan Width": 4,"Actual Startup Time": 35.508,"Actual Total Time": 35.530,"Actual Rows": 150000,"Actual Loops": 1,"Hash Buckets": 262144,"Original Hash Buckets": 262144,"Hash Batches": 1,"Original Hash Batches": 1,"Peak Memory Usage": 7322,"Plans": [{"Node Type": "Index Only Scan","Parent Relationship": "Outer","Parallel Aware": false,"Async Capable": false,"Scan Direction": "Forward","Index Name": "customer_pkey","Relation Name": "customer","Alias": "customer","Startup Cost": 0.42,"Total Cost": 3906.42,"Plan Rows": 150000,"Plan Width": 4,"Actual Startup Time": 0.053,"Actual Total Time": 13.448,"Actual Rows": 150000,"Actual Loops": 1,"Heap Fetches": 0}]}]}]}]}]},"Planning Time": 3.854,"Triggers": [],"Execution Time": 6671.834}]
[{"Plan": {"Node Type": "Sort","Parallel Aware": false,"Async Capable": false,"Startup Cost": 65708.14,"Total Cost": 65708.64,"Plan Rows": 200,"Plan Width": 16,"Actual Startup Time": 6096.152,"Actual Total Time": 6096.183,"Actual Rows": 42,"Actual Loops": 1,"Sort Key": ["(count(*)) DESC", "(count(orders.o_orderkey)) DESC"],"Sort Method": "quicksort","Sort Space Used": 27,"Sort Space Type": "Memory","Plans": [{"Node Type": "Aggregate","Strategy": "Hashed","Partial Mode": "Simple","Parent Relationship": "Outer","Parallel Aware": false,"Async Capable": false,"Startup Cost": 65698.50,"Total Cost": 65700.50,"Plan Rows": 200,"Plan Width": 16,"Actual Startup Time": 6096.055,"Actual Total Time": 6096.099,"Actual Rows": 42,"Actual Loops": 1,"Group Key": ["count(orders.o_orderkey)"],"Planned Partitions": 0,"HashAgg Batches": 1,"Peak Memory Usage": 40,"Disk Usage": 0,"Plans": [{"Node Type": "Aggregate","Strategy": "Hashed","Partial Mode": "Simple","Parent Relationship": "Outer","Parallel Aware": false,"Async Capable": false,"Startup Cost": 61948.50,"Total Cost": 63448.50,"Plan Rows": 150000,"Plan Width": 12,"Actual Startup Time": 5916.888,"Actual Total Time": 6082.285,"Actual Rows": 150000,"Actual Loops": 1,"Group Key": ["customer.c_custkey"],"Planned Partitions": 0,"HashAgg Batches": 1,"Peak Memory Usage": 22545,"Disk Usage": 0,"Plans": [{"Node Type": "Hash Join","Parent Relationship": "Outer","Parallel Aware": false,"Async Capable": false,"Join Type": "Right","Startup Cost": 5781.42,"Total Cost": 54524.26,"Plan Rows": 1484848,"Plan Width": 8,"Actual Startup Time": 39.799,"Actual Total Time": 4085.231,"Actual Rows": 1533660,"Actual Loops": 1,"Inner Unique": true,"Hash Cond": "(orders.o_custkey = customer.c_custkey)","Plans": [{"Node Type": "Seq Scan","Parent Relationship": "Outer","Parallel Aware": false,"Async Capable": false,"Relation Name": "orders","Alias": "orders","Startup Cost": 0.00,"Total Cost": 44845.00,"Plan Rows": 1484848,"Plan Width": 8,"Actual Startup Time": 0.053,"Actual Total Time": 2810.059,"Actual Rows": 1483656,"Actual Loops": 1,"Filter": "((o_comment)::text !~~ '%pending%requests%'::text)","Rows Removed by Filter": 16344},{"Node Type": "Hash","Parent Relationship": "Inner","Parallel Aware": false,"Async Capable": false,"Startup Cost": 3906.42,"Total Cost": 3906.42,"Plan Rows": 150000,"Plan Width": 4,"Actual Startup Time": 37.918,"Actual Total Time": 37.930,"Actual Rows": 150000,"Actual Loops": 1,"Hash Buckets": 262144,"Original Hash Buckets": 262144,"Hash Batches": 1,"Original Hash Batches": 1,"Peak Memory Usage": 7322,"Plans": [{"Node Type": "Index Only Scan","Parent Relationship": "Outer","Parallel Aware": false,"Async Capable": false,"Scan Direction": "Forward","Index Name": "customer_pkey","Relation Name": "customer","Alias": "customer","Startup Cost": 0.42,"Total Cost": 3906.42,"Plan Rows": 150000,"Plan Width": 4,"Actual Startup Time": 0.035,"Actual Total Time": 14.493,"Actual Rows": 150000,"Actual Loops": 1,"Heap Fetches": 0}]}]}]}]}]},"Planning Time": 4.221,"Triggers": [],"Execution Time": 6104.310}]
[{"Plan": {"Node Type": "Sort","Parallel Aware": false,"Async Capable": false,"Startup Cost": 65592.61,"Total Cost": 65593.11,"Plan Rows": 200,"Plan Width": 16,"Actual Startup Time": 6042.914,"Actual Total Time": 6042.954,"Actual Rows": 42,"Actual Loops": 1,"Sort Key": ["(count(*)) DESC", "(count(orders.o_orderkey)) DESC"],"Sort Method": "quicksort","Sort Space Used": 27,"Sort Space Type": "Memory","Plans": [{"Node Type": "Aggregate","Strategy": "Hashed","Partial Mode": "Simple","Parent Relationship": "Outer","Parallel Aware": false,"Async Capable": false,"Startup Cost": 65582.97,"Total Cost": 65584.97,"Plan Rows": 200,"Plan Width": 16,"Actual Startup Time": 6042.802,"Actual Total Time": 6042.854,"Actual Rows": 42,"Actual Loops": 1,"Group Key": ["count(orders.o_orderkey)"],"Planned Partitions": 0,"HashAgg Batches": 1,"Peak Memory Usage": 40,"Disk Usage": 0,"Plans": [{"Node Type": "Aggregate","Strategy": "Hashed","Partial Mode": "Simple","Parent Relationship": "Outer","Parallel Aware": false,"Async Capable": false,"Startup Cost": 61832.97,"Total Cost": 63332.97,"Plan Rows": 150000,"Plan Width": 12,"Actual Startup Time": 5848.968,"Actual Total Time": 6029.049,"Actual Rows": 150000,"Actual Loops": 1,"Group Key": ["customer.c_custkey"],"Planned Partitions": 0,"HashAgg Batches": 1,"Peak Memory Usage": 22545,"Disk Usage": 0,"Plans": [{"Node Type": "Hash Join","Parent Relationship": "Outer","Parallel Aware": false,"Async Capable": false,"Join Type": "Right","Startup Cost": 5781.42,"Total Cost": 54484.49,"Plan Rows": 1469697,"Plan Width": 8,"Actual Startup Time": 38.540,"Actual Total Time": 4039.691,"Actual Rows": 1534055,"Actual Loops": 1,"Inner Unique": true,"Hash Cond": "(orders.o_custkey = customer.c_custkey)","Plans": [{"Node Type": "Seq Scan","Parent Relationship": "Outer","Parallel Aware": false,"Async Capable": false,"Relation Name": "orders","Alias": "orders","Startup Cost": 0.00,"Total Cost": 44845.00,"Plan Rows": 1469697,"Plan Width": 8,"Actual Startup Time": 0.061,"Actual Total Time": 2797.159,"Actual Rows": 1484051,"Actual Loops": 1,"Filter": "((o_comment)::text !~~ '%special%packages%'::text)","Rows Removed by Filter": 15949},{"Node Type": "Hash","Parent Relationship": "Inner","Parallel Aware": false,"Async Capable": false,"Startup Cost": 3906.42,"Total Cost": 3906.42,"Plan Rows": 150000,"Plan Width": 4,"Actual Startup Time": 36.593,"Actual Total Time": 36.607,"Actual Rows": 150000,"Actual Loops": 1,"Hash Buckets": 262144,"Original Hash Buckets": 262144,"Hash Batches": 1,"Original Hash Batches": 1,"Peak Memory Usage": 7322,"Plans": [{"Node Type": "Index Only Scan","Parent Relationship": "Outer","Parallel Aware": false,"Async Capable": false,"Scan Direction": "Forward","Index Name": "customer_pkey","Relation Name": "customer","Alias": "customer","Startup Cost": 0.42,"Total Cost": 3906.42,"Plan Rows": 150000,"Plan Width": 4,"Actual Startup Time": 0.050,"Actual Total Time": 14.573,"Actual Rows": 150000,"Actual Loops": 1,"Heap Fetches": 0}]}]}]}]}]},"Planning Time": 3.383,"Triggers": [],"Execution Time": 6052.793}]
[{"Plan": {"Node Type": "Sort","Parallel Aware": false,"Async Capable": false,"Startup Cost": 65822.53,"Total Cost": 65823.03,"Plan Rows": 200,"Plan Width": 16,"Actual Startup Time": 5956.637,"Actual Total Time": 5956.675,"Actual Rows": 42,"Actual Loops": 1,"Sort Key": ["(count(*)) DESC", "(count(orders.o_orderkey)) DESC"],"Sort Method": "quicksort","Sort Space Used": 27,"Sort Space Type": "Memory","Plans": [{"Node Type": "Aggregate","Strategy": "Hashed","Partial Mode": "Simple","Parent Relationship": "Outer","Parallel Aware": false,"Async Capable": false,"Startup Cost": 65812.89,"Total Cost": 65814.89,"Plan Rows": 200,"Plan Width": 16,"Actual Startup Time": 5956.548,"Actual Total Time": 5956.590,"Actual Rows": 42,"Actual Loops": 1,"Group Key": ["count(orders.o_orderkey)"],"Planned Partitions": 0,"HashAgg Batches": 1,"Peak Memory Usage": 40,"Disk Usage": 0,"Plans": [{"Node Type": "Aggregate","Strategy": "Hashed","Partial Mode": "Simple","Parent Relationship": "Outer","Parallel Aware": false,"Async Capable": false,"Startup Cost": 62062.89,"Total Cost": 63562.89,"Plan Rows": 150000,"Plan Width": 12,"Actual Startup Time": 5763.184,"Actual Total Time": 5942.838,"Actual Rows": 150000,"Actual Loops": 1,"Group Key": ["customer.c_custkey"],"Planned Partitions": 0,"HashAgg Batches": 1,"Peak Memory Usage": 22545,"Disk Usage": 0,"Plans": [{"Node Type": "Hash Join","Parent Relationship": "Outer","Parallel Aware": false,"Async Capable": false,"Join Type": "Right","Startup Cost": 5781.42,"Total Cost": 54563.64,"Plan Rows": 1499850,"Plan Width": 8,"Actual Startup Time": 38.566,"Actual Total Time": 3955.732,"Actual Rows": 1533620,"Actual Loops": 1,"Inner Unique": true,"Hash Cond": "(orders.o_custkey = customer.c_custkey)","Plans": [{"Node Type": "Seq Scan","Parent Relationship": "Outer","Parallel Aware": false,"Async Capable": false,"Relation Name": "orders","Alias": "orders","Startup Cost": 0.00,"Total Cost": 44845.00,"Plan Rows": 1499850,"Plan Width": 8,"Actual Startup Time": 0.052,"Actual Total Time": 2713.562,"Actual Rows": 1483615,"Actual Loops": 1,"Filter": "((o_comment)::text !~~ '%pending%accounts%'::text)","Rows Removed by Filter": 16385},{"Node Type": "Hash","Parent Relationship": "Inner","Parallel Aware": false,"Async Capable": false,"Startup Cost": 3906.42,"Total Cost": 3906.42,"Plan Rows": 150000,"Plan Width": 4,"Actual Startup Time": 36.530,"Actual Total Time": 36.543,"Actual Rows": 150000,"Actual Loops": 1,"Hash Buckets": 262144,"Original Hash Buckets": 262144,"Hash Batches": 1,"Original Hash Batches": 1,"Peak Memory Usage": 7322,"Plans": [{"Node Type": "Index Only Scan","Parent Relationship": "Outer","Parallel Aware": false,"Async Capable": false,"Scan Direction": "Forward","Index Name": "customer_pkey","Relation Name": "customer","Alias": "customer","Startup Cost": 0.42,"Total Cost": 3906.42,"Plan Rows": 150000,"Plan Width": 4,"Actual Startup Time": 0.036,"Actual Total Time": 14.278,"Actual Rows": 150000,"Actual Loops": 1,"Heap Fetches": 0}]}]}]}]}]},"Planning Time": 3.568,"Triggers": [],"Execution Time": 5966.474}]
[{"Plan": {"Node Type": "Sort","Parallel Aware": false,"Async Capable": false,"Startup Cost": 65822.53,"Total Cost": 65823.03,"Plan Rows": 200,"Plan Width": 16,"Actual Startup Time": 6047.687,"Actual Total Time": 6047.735,"Actual Rows": 42,"Actual Loops": 1,"Sort Key": ["(count(*)) DESC", "(count(orders.o_orderkey)) DESC"],"Sort Method": "quicksort","Sort Space Used": 27,"Sort Space Type": "Memory","Plans": [{"Node Type": "Aggregate","Strategy": "Hashed","Partial Mode": "Simple","Parent Relationship": "Outer","Parallel Aware": false,"Async Capable": false,"Startup Cost": 65812.89,"Total Cost": 65814.89,"Plan Rows": 200,"Plan Width": 16,"Actual Startup Time": 6047.591,"Actual Total Time": 6047.643,"Actual Rows": 42,"Actual Loops": 1,"Group Key": ["count(orders.o_orderkey)"],"Planned Partitions": 0,"HashAgg Batches": 1,"Peak Memory Usage": 40,"Disk Usage": 0,"Plans": [{"Node Type": "Aggregate","Strategy": "Hashed","Partial Mode": "Simple","Parent Relationship": "Outer","Parallel Aware": false,"Async Capable": false,"Startup Cost": 62062.89,"Total Cost": 63562.89,"Plan Rows": 150000,"Plan Width": 12,"Actual Startup Time": 5868.600,"Actual Total Time": 6033.866,"Actual Rows": 150000,"Actual Loops": 1,"Group Key": ["customer.c_custkey"],"Planned Partitions": 0,"HashAgg Batches": 1,"Peak Memory Usage": 22545,"Disk Usage": 0,"Plans": [{"Node Type": "Hash Join","Parent Relationship": "Outer","Parallel Aware": false,"Async Capable": false,"Join Type": "Right","Startup Cost": 5781.42,"Total Cost": 54563.64,"Plan Rows": 1499850,"Plan Width": 8,"Actual Startup Time": 39.168,"Actual Total Time": 4010.851,"Actual Rows": 1533626,"Actual Loops": 1,"Inner Unique": true,"Hash Cond": "(orders.o_custkey = customer.c_custkey)","Plans": [{"Node Type": "Seq Scan","Parent Relationship": "Outer","Parallel Aware": false,"Async Capable": false,"Relation Name": "orders","Alias": "orders","Startup Cost": 0.00,"Total Cost": 44845.00,"Plan Rows": 1499850,"Plan Width": 8,"Actual Startup Time": 0.065,"Actual Total Time": 2757.508,"Actual Rows": 1483622,"Actual Loops": 1,"Filter": "((o_comment)::text !~~ '%unusual%accounts%'::text)","Rows Removed by Filter": 16378},{"Node Type": "Hash","Parent Relationship": "Inner","Parallel Aware": false,"Async Capable": false,"Startup Cost": 3906.42,"Total Cost": 3906.42,"Plan Rows": 150000,"Plan Width": 4,"Actual Startup Time": 37.343,"Actual Total Time": 37.362,"Actual Rows": 150000,"Actual Loops": 1,"Hash Buckets": 262144,"Original Hash Buckets": 262144,"Hash Batches": 1,"Original Hash Batches": 1,"Peak Memory Usage": 7322,"Plans": [{"Node Type": "Index Only Scan","Parent Relationship": "Outer","Parallel Aware": false,"Async Capable": false,"Scan Direction": "Forward","Index Name": "customer_pkey","Relation Name": "customer","Alias": "customer","Startup Cost": 0.42,"Total Cost": 3906.42,"Plan Rows": 150000,"Plan Width": 4,"Actual Startup Time": 0.036,"Actual Total Time": 14.472,"Actual Rows": 150000,"Actual Loops": 1,"Heap Fetches": 0}]}]}]}]}]},"Planning Time": 4.331,"Triggers": [],"Execution Time": 6056.690}]
[{"Plan": {"Node Type": "Sort","Parallel Aware": false,"Async Capable": false,"Startup Cost": 65708.14,"Total Cost": 65708.64,"Plan Rows": 200,"Plan Width": 16,"Actual Startup Time": 6734.447,"Actual Total Time": 6734.481,"Actual Rows": 42,"Actual Loops": 1,"Sort Key": ["(count(*)) DESC", "(count(orders.o_orderkey)) DESC"],"Sort Method": "quicksort","Sort Space Used": 27,"Sort Space Type": "Memory","Plans": [{"Node Type": "Aggregate","Strategy": "Hashed","Partial Mode": "Simple","Parent Relationship": "Outer","Parallel Aware": false,"Async Capable": false,"Startup Cost": 65698.50,"Total Cost": 65700.50,"Plan Rows": 200,"Plan Width": 16,"Actual Startup Time": 6734.369,"Actual Total Time": 6734.411,"Actual Rows": 42,"Actual Loops": 1,"Group Key": ["count(orders.o_orderkey)"],"Planned Partitions": 0,"HashAgg Batches": 1,"Peak Memory Usage": 40,"Disk Usage": 0,"Plans": [{"Node Type": "Aggregate","Strategy": "Hashed","Partial Mode": "Simple","Parent Relationship": "Outer","Parallel Aware": false,"Async Capable": false,"Startup Cost": 61948.50,"Total Cost": 63448.50,"Plan Rows": 150000,"Plan Width": 12,"Actual Startup Time": 6542.374,"Actual Total Time": 6720.630,"Actual Rows": 150000,"Actual Loops": 1,"Group Key": ["customer.c_custkey"],"Planned Partitions": 0,"HashAgg Batches": 1,"Peak Memory Usage": 22545,"Disk Usage": 0,"Plans": [{"Node Type": "Hash Join","Parent Relationship": "Outer","Parallel Aware": false,"Async Capable": false,"Join Type": "Right","Startup Cost": 5781.42,"Total Cost": 54524.26,"Plan Rows": 1484848,"Plan Width": 8,"Actual Startup Time": 36.319,"Actual Total Time": 4621.827,"Actual Rows": 1533676,"Actual Loops": 1,"Inner Unique": true,"Hash Cond": "(orders.o_custkey = customer.c_custkey)","Plans": [{"Node Type": "Seq Scan","Parent Relationship": "Outer","Parallel Aware": false,"Async Capable": false,"Relation Name": "orders","Alias": "orders","Startup Cost": 0.00,"Total Cost": 44845.00,"Plan Rows": 1484848,"Plan Width": 8,"Actual Startup Time": 0.054,"Actual Total Time": 3196.487,"Actual Rows": 1483672,"Actual Loops": 1,"Filter": "((o_comment)::text !~~ '%express%requests%'::text)","Rows Removed by Filter": 16328},{"Node Type": "Hash","Parent Relationship": "Inner","Parallel Aware": false,"Async Capable": false,"Startup Cost": 3906.42,"Total Cost": 3906.42,"Plan Rows": 150000,"Plan Width": 4,"Actual Startup Time": 34.348,"Actual Total Time": 34.358,"Actual Rows": 150000,"Actual Loops": 1,"Hash Buckets": 262144,"Original Hash Buckets": 262144,"Hash Batches": 1,"Original Hash Batches": 1,"Peak Memory Usage": 7322,"Plans": [{"Node Type": "Index Only Scan","Parent Relationship": "Outer","Parallel Aware": false,"Async Capable": false,"Scan Direction": "Forward","Index Name": "customer_pkey","Relation Name": "customer","Alias": "customer","Startup Cost": 0.42,"Total Cost": 3906.42,"Plan Rows": 150000,"Plan Width": 4,"Actual Startup Time": 0.054,"Actual Total Time": 13.145,"Actual Rows": 150000,"Actual Loops": 1,"Heap Fetches": 0}]}]}]}]}]},"Planning Time": 4.493,"Triggers": [],"Execution Time": 6743.934}]
[{"Plan": {"Node Type": "Sort","Parallel Aware": false,"Async Capable": false,"Startup Cost": 65822.53,"Total Cost": 65823.03,"Plan Rows": 200,"Plan Width": 16,"Actual Startup Time": 5956.637,"Actual Total Time": 5956.675,"Actual Rows": 42,"Actual Loops": 1,"Sort Key": ["(count(*)) DESC", "(count(orders.o_orderkey)) DESC"],"Sort Method": "quicksort","Sort Space Used": 27,"Sort Space Type": "Memory","Plans": [{"Node Type": "Aggregate","Strategy": "Hashed","Partial Mode": "Simple","Parent Relationship": "Outer","Parallel Aware": false,"Async Capable": false,"Startup Cost": 65812.89,"Total Cost": 65814.89,"Plan Rows": 200,"Plan Width": 16,"Actual Startup Time": 5956.548,"Actual Total Time": 5956.590,"Actual Rows": 42,"Actual Loops": 1,"Group Key": ["count(orders.o_orderkey)"],"Planned Partitions": 0,"HashAgg Batches": 1,"Peak Memory Usage": 40,"Disk Usage": 0,"Plans": [{"Node Type": "Aggregate","Strategy": "Hashed","Partial Mode": "Simple","Parent Relationship": "Outer","Parallel Aware": false,"Async Capable": false,"Startup Cost": 62062.89,"Total Cost": 63562.89,"Plan Rows": 150000,"Plan Width": 12,"Actual Startup Time": 5763.184,"Actual Total Time": 5942.838,"Actual Rows": 150000,"Actual Loops": 1,"Group Key": ["customer.c_custkey"],"Planned Partitions": 0,"HashAgg Batches": 1,"Peak Memory Usage": 22545,"Disk Usage": 0,"Plans": [{"Node Type": "Hash Join","Parent Relationship": "Outer","Parallel Aware": false,"Async Capable": false,"Join Type": "Right","Startup Cost": 5781.42,"Total Cost": 54563.64,"Plan Rows": 1499850,"Plan Width": 8,"Actual Startup Time": 38.566,"Actual Total Time": 3955.732,"Actual Rows": 1533620,"Actual Loops": 1,"Inner Unique": true,"Hash Cond": "(orders.o_custkey = customer.c_custkey)","Plans": [{"Node Type": "Seq Scan","Parent Relationship": "Outer","Parallel Aware": false,"Async Capable": false,"Relation Name": "orders","Alias": "orders","Startup Cost": 0.00,"Total Cost": 44845.00,"Plan Rows": 1499850,"Plan Width": 8,"Actual Startup Time": 0.052,"Actual Total Time": 2713.562,"Actual Rows": 1483615,"Actual Loops": 1,"Filter": "((o_comment)::text !~~ '%pending%accounts%'::text)","Rows Removed by Filter": 16385},{"Node Type": "Hash","Parent Relationship": "Inner","Parallel Aware": false,"Async Capable": false,"Startup Cost": 3906.42,"Total Cost": 3906.42,"Plan Rows": 150000,"Plan Width": 4,"Actual Startup Time": 36.530,"Actual Total Time": 36.543,"Actual Rows": 150000,"Actual Loops": 1,"Hash Buckets": 262144,"Original Hash Buckets": 262144,"Hash Batches": 1,"Original Hash Batches": 1,"Peak Memory Usage": 7322,"Plans": [{"Node Type": "Index Only Scan","Parent Relationship": "Outer","Parallel Aware": false,"Async Capable": false,"Scan Direction": "Forward","Index Name": "customer_pkey","Relation Name": "customer","Alias": "customer","Startup Cost": 0.42,"Total Cost": 3906.42,"Plan Rows": 150000,"Plan Width": 4,"Actual Startup Time": 0.036,"Actual Total Time": 14.278,"Actual Rows": 150000,"Actual Loops": 1,"Heap Fetches": 0}]}]}]}]}]},"Planning Time": 3.568,"Triggers": [],"Execution Time": 5966.474}]
[{"Plan": {"Node Type": "Sort","Parallel Aware": false,"Async Capable": false,"Startup Cost": 65477.08,"Total Cost": 65477.58,"Plan Rows": 200,"Plan Width": 16,"Actual Startup Time": 6131.456,"Actual Total Time": 6131.495,"Actual Rows": 42,"Actual Loops": 1,"Sort Key": ["(count(*)) DESC", "(count(orders.o_orderkey)) DESC"],"Sort Method": "quicksort","Sort Space Used": 27,"Sort Space Type": "Memory","Plans": [{"Node Type": "Aggregate","Strategy": "Hashed","Partial Mode": "Simple","Parent Relationship": "Outer","Parallel Aware": false,"Async Capable": false,"Startup Cost": 65467.44,"Total Cost": 65469.44,"Plan Rows": 200,"Plan Width": 16,"Actual Startup Time": 6131.350,"Actual Total Time": 6131.398,"Actual Rows": 42,"Actual Loops": 1,"Group Key": ["count(orders.o_orderkey)"],"Planned Partitions": 0,"HashAgg Batches": 1,"Peak Memory Usage": 40,"Disk Usage": 0,"Plans": [{"Node Type": "Aggregate","Strategy": "Hashed","Partial Mode": "Simple","Parent Relationship": "Outer","Parallel Aware": false,"Async Capable": false,"Startup Cost": 61717.44,"Total Cost": 63217.44,"Plan Rows": 150000,"Plan Width": 12,"Actual Startup Time": 5953.045,"Actual Total Time": 6117.615,"Actual Rows": 150000,"Actual Loops": 1,"Group Key": ["customer.c_custkey"],"Planned Partitions": 0,"HashAgg Batches": 1,"Peak Memory Usage": 22545,"Disk Usage": 0,"Plans": [{"Node Type": "Hash Join","Parent Relationship": "Outer","Parallel Aware": false,"Async Capable": false,"Join Type": "Right","Startup Cost": 5781.42,"Total Cost": 54444.71,"Plan Rows": 1454545,"Plan Width": 8,"Actual Startup Time": 38.590,"Actual Total Time": 4109.614,"Actual Rows": 1533923,"Actual Loops": 1,"Inner Unique": true,"Hash Cond": "(orders.o_custkey = customer.c_custkey)","Plans": [{"Node Type": "Seq Scan","Parent Relationship": "Outer","Parallel Aware": false,"Async Capable": false,"Relation Name": "orders","Alias": "orders","Startup Cost": 0.00,"Total Cost": 44845.00,"Plan Rows": 1454545,"Plan Width": 8,"Actual Startup Time": 0.061,"Actual Total Time": 2840.022,"Actual Rows": 1483918,"Actual Loops": 1,"Filter": "((o_comment)::text !~~ '%special%requests%'::text)","Rows Removed by Filter": 16082},{"Node Type": "Hash","Parent Relationship": "Inner","Parallel Aware": false,"Async Capable": false,"Startup Cost": 3906.42,"Total Cost": 3906.42,"Plan Rows": 150000,"Plan Width": 4,"Actual Startup Time": 36.739,"Actual Total Time": 36.756,"Actual Rows": 150000,"Actual Loops": 1,"Hash Buckets": 262144,"Original Hash Buckets": 262144,"Hash Batches": 1,"Original Hash Batches": 1,"Peak Memory Usage": 7322,"Plans": [{"Node Type": "Index Only Scan","Parent Relationship": "Outer","Parallel Aware": false,"Async Capable": false,"Scan Direction": "Forward","Index Name": "customer_pkey","Relation Name": "customer","Alias": "customer","Startup Cost": 0.42,"Total Cost": 3906.42,"Plan Rows": 150000,"Plan Width": 4,"Actual Startup Time": 0.061,"Actual Total Time": 14.504,"Actual Rows": 150000,"Actual Loops": 1,"Heap Fetches": 0}]}]}]}]}]},"Planning Time": 3.536,"Triggers": [],"Execution Time": 6139.749}]
[{"Plan": {"Node Type": "Sort","Parallel Aware": false,"Async Capable": false,"Startup Cost": 65708.14,"Total Cost": 65708.64,"Plan Rows": 200,"Plan Width": 16,"Actual Startup Time": 6009.895,"Actual Total Time": 6009.932,"Actual Rows": 42,"Actual Loops": 1,"Sort Key": ["(count(*)) DESC", "(count(orders.o_orderkey)) DESC"],"Sort Method": "quicksort","Sort Space Used": 27,"Sort Space Type": "Memory","Plans": [{"Node Type": "Aggregate","Strategy": "Hashed","Partial Mode": "Simple","Parent Relationship": "Outer","Parallel Aware": false,"Async Capable": false,"Startup Cost": 65698.50,"Total Cost": 65700.50,"Plan Rows": 200,"Plan Width": 16,"Actual Startup Time": 6009.807,"Actual Total Time": 6009.848,"Actual Rows": 42,"Actual Loops": 1,"Group Key": ["count(orders.o_orderkey)"],"Planned Partitions": 0,"HashAgg Batches": 1,"Peak Memory Usage": 40,"Disk Usage": 0,"Plans": [{"Node Type": "Aggregate","Strategy": "Hashed","Partial Mode": "Simple","Parent Relationship": "Outer","Parallel Aware": false,"Async Capable": false,"Startup Cost": 61948.50,"Total Cost": 63448.50,"Plan Rows": 150000,"Plan Width": 12,"Actual Startup Time": 5831.373,"Actual Total Time": 5996.054,"Actual Rows": 150000,"Actual Loops": 1,"Group Key": ["customer.c_custkey"],"Planned Partitions": 0,"HashAgg Batches": 1,"Peak Memory Usage": 22545,"Disk Usage": 0,"Plans": [{"Node Type": "Hash Join","Parent Relationship": "Outer","Parallel Aware": false,"Async Capable": false,"Join Type": "Right","Startup Cost": 5781.42,"Total Cost": 54524.26,"Plan Rows": 1484848,"Plan Width": 8,"Actual Startup Time": 39.338,"Actual Total Time": 3994.258,"Actual Rows": 1533903,"Actual Loops": 1,"Inner Unique": true,"Hash Cond": "(orders.o_custkey = customer.c_custkey)","Plans": [{"Node Type": "Seq Scan","Parent Relationship": "Outer","Parallel Aware": false,"Async Capable": false,"Relation Name": "orders","Alias": "orders","Startup Cost": 0.00,"Total Cost": 44845.00,"Plan Rows": 1484848,"Plan Width": 8,"Actual Startup Time": 0.067,"Actual Total Time": 2735.690,"Actual Rows": 1483898,"Actual Loops": 1,"Filter": "((o_comment)::text !~~ '%pending%packages%'::text)","Rows Removed by Filter": 16102},{"Node Type": "Hash","Parent Relationship": "Inner","Parallel Aware": false,"Async Capable": false,"Startup Cost": 3906.42,"Total Cost": 3906.42,"Plan Rows": 150000,"Plan Width": 4,"Actual Startup Time": 37.449,"Actual Total Time": 37.461,"Actual Rows": 150000,"Actual Loops": 1,"Hash Buckets": 262144,"Original Hash Buckets": 262144,"Hash Batches": 1,"Original Hash Batches": 1,"Peak Memory Usage": 7322,"Plans": [{"Node Type": "Index Only Scan","Parent Relationship": "Outer","Parallel Aware": false,"Async Capable": false,"Scan Direction": "Forward","Index Name": "customer_pkey","Relation Name": "customer","Alias": "customer","Startup Cost": 0.42,"Total Cost": 3906.42,"Plan Rows": 150000,"Plan Width": 4,"Actual Startup Time": 0.047,"Actual Total Time": 14.301,"Actual Rows": 150000,"Actual Loops": 1,"Heap Fetches": 0}]}]}]}]}]},"Planning Time": 4.405,"Triggers": [],"Execution Time": 6018.249}]
[{"Plan": {"Node Type": "Sort","Parallel Aware": false,"Async Capable": false,"Startup Cost": 65477.08,"Total Cost": 65477.58,"Plan Rows": 200,"Plan Width": 16,"Actual Startup Time": 6131.456,"Actual Total Time": 6131.495,"Actual Rows": 42,"Actual Loops": 1,"Sort Key": ["(count(*)) DESC", "(count(orders.o_orderkey)) DESC"],"Sort Method": "quicksort","Sort Space Used": 27,"Sort Space Type": "Memory","Plans": [{"Node Type": "Aggregate","Strategy": "Hashed","Partial Mode": "Simple","Parent Relationship": "Outer","Parallel Aware": false,"Async Capable": false,"Startup Cost": 65467.44,"Total Cost": 65469.44,"Plan Rows": 200,"Plan Width": 16,"Actual Startup Time": 6131.350,"Actual Total Time": 6131.398,"Actual Rows": 42,"Actual Loops": 1,"Group Key": ["count(orders.o_orderkey)"],"Planned Partitions": 0,"HashAgg Batches": 1,"Peak Memory Usage": 40,"Disk Usage": 0,"Plans": [{"Node Type": "Aggregate","Strategy": "Hashed","Partial Mode": "Simple","Parent Relationship": "Outer","Parallel Aware": false,"Async Capable": false,"Startup Cost": 61717.44,"Total Cost": 63217.44,"Plan Rows": 150000,"Plan Width": 12,"Actual Startup Time": 5953.045,"Actual Total Time": 6117.615,"Actual Rows": 150000,"Actual Loops": 1,"Group Key": ["customer.c_custkey"],"Planned Partitions": 0,"HashAgg Batches": 1,"Peak Memory Usage": 22545,"Disk Usage": 0,"Plans": [{"Node Type": "Hash Join","Parent Relationship": "Outer","Parallel Aware": false,"Async Capable": false,"Join Type": "Right","Startup Cost": 5781.42,"Total Cost": 54444.71,"Plan Rows": 1454545,"Plan Width": 8,"Actual Startup Time": 38.590,"Actual Total Time": 4109.614,"Actual Rows": 1533923,"Actual Loops": 1,"Inner Unique": true,"Hash Cond": "(orders.o_custkey = customer.c_custkey)","Plans": [{"Node Type": "Seq Scan","Parent Relationship": "Outer","Parallel Aware": false,"Async Capable": false,"Relation Name": "orders","Alias": "orders","Startup Cost": 0.00,"Total Cost": 44845.00,"Plan Rows": 1454545,"Plan Width": 8,"Actual Startup Time": 0.061,"Actual Total Time": 2840.022,"Actual Rows": 1483918,"Actual Loops": 1,"Filter": "((o_comment)::text !~~ '%special%requests%'::text)","Rows Removed by Filter": 16082},{"Node Type": "Hash","Parent Relationship": "Inner","Parallel Aware": false,"Async Capable": false,"Startup Cost": 3906.42,"Total Cost": 3906.42,"Plan Rows": 150000,"Plan Width": 4,"Actual Startup Time": 36.739,"Actual Total Time": 36.756,"Actual Rows": 150000,"Actual Loops": 1,"Hash Buckets": 262144,"Original Hash Buckets": 262144,"Hash Batches": 1,"Original Hash Batches": 1,"Peak Memory Usage": 7322,"Plans": [{"Node Type": "Index Only Scan","Parent Relationship": "Outer","Parallel Aware": false,"Async Capable": false,"Scan Direction": "Forward","Index Name": "customer_pkey","Relation Name": "customer","Alias": "customer","Startup Cost": 0.42,"Total Cost": 3906.42,"Plan Rows": 150000,"Plan Width": 4,"Actual Startup Time": 0.061,"Actual Total Time": 14.504,"Actual Rows": 150000,"Actual Loops": 1,"Heap Fetches": 0}]}]}]}]}]},"Planning Time": 3.536,"Triggers": [],"Execution Time": 6139.749}]
[{"Plan": {"Node Type": "Sort","Parallel Aware": false,"Async Capable": false,"Startup Cost": 65592.61,"Total Cost": 65593.11,"Plan Rows": 200,"Plan Width": 16,"Actual Startup Time": 6108.888,"Actual Total Time": 6108.932,"Actual Rows": 42,"Actual Loops": 1,"Sort Key": ["(count(*)) DESC", "(count(orders.o_orderkey)) DESC"],"Sort Method": "quicksort","Sort Space Used": 27,"Sort Space Type": "Memory","Plans": [{"Node Type": "Aggregate","Strategy": "Hashed","Partial Mode": "Simple","Parent Relationship": "Outer","Parallel Aware": false,"Async Capable": false,"Startup Cost": 65582.97,"Total Cost": 65584.97,"Plan Rows": 200,"Plan Width": 16,"Actual Startup Time": 6108.797,"Actual Total Time": 6108.848,"Actual Rows": 42,"Actual Loops": 1,"Group Key": ["count(orders.o_orderkey)"],"Planned Partitions": 0,"HashAgg Batches": 1,"Peak Memory Usage": 40,"Disk Usage": 0,"Plans": [{"Node Type": "Aggregate","Strategy": "Hashed","Partial Mode": "Simple","Parent Relationship": "Outer","Parallel Aware": false,"Async Capable": false,"Startup Cost": 61832.97,"Total Cost": 63332.97,"Plan Rows": 150000,"Plan Width": 12,"Actual Startup Time": 5916.041,"Actual Total Time": 6095.043,"Actual Rows": 150000,"Actual Loops": 1,"Group Key": ["customer.c_custkey"],"Planned Partitions": 0,"HashAgg Batches": 1,"Peak Memory Usage": 22545,"Disk Usage": 0,"Plans": [{"Node Type": "Hash Join","Parent Relationship": "Outer","Parallel Aware": false,"Async Capable": false,"Join Type": "Right","Startup Cost": 5781.42,"Total Cost": 54484.49,"Plan Rows": 1469697,"Plan Width": 8,"Actual Startup Time": 39.068,"Actual Total Time": 4097.616,"Actual Rows": 1534019,"Actual Loops": 1,"Inner Unique": true,"Hash Cond": "(orders.o_custkey = customer.c_custkey)","Plans": [{"Node Type": "Seq Scan","Parent Relationship": "Outer","Parallel Aware": false,"Async Capable": false,"Relation Name": "orders","Alias": "orders","Startup Cost": 0.00,"Total Cost": 44845.00,"Plan Rows": 1469697,"Plan Width": 8,"Actual Startup Time": 0.051,"Actual Total Time": 2823.952,"Actual Rows": 1484015,"Actual Loops": 1,"Filter": "((o_comment)::text !~~ '%express%accounts%'::text)","Rows Removed by Filter": 15985},{"Node Type": "Hash","Parent Relationship": "Inner","Parallel Aware": false,"Async Capable": false,"Startup Cost": 3906.42,"Total Cost": 3906.42,"Plan Rows": 150000,"Plan Width": 4,"Actual Startup Time": 37.191,"Actual Total Time": 37.207,"Actual Rows": 150000,"Actual Loops": 1,"Hash Buckets": 262144,"Original Hash Buckets": 262144,"Hash Batches": 1,"Original Hash Batches": 1,"Peak Memory Usage": 7322,"Plans": [{"Node Type": "Index Only Scan","Parent Relationship": "Outer","Parallel Aware": false,"Async Capable": false,"Scan Direction": "Forward","Index Name": "customer_pkey","Relation Name": "customer","Alias": "customer","Startup Cost": 0.42,"Total Cost": 3906.42,"Plan Rows": 150000,"Plan Width": 4,"Actual Startup Time": 0.038,"Actual Total Time": 14.188,"Actual Rows": 150000,"Actual Loops": 1,"Heap Fetches": 0}]}]}]}]}]},"Planning Time": 3.814,"Triggers": [],"Execution Time": 6118.531}]
[{"Plan": {"Node Type": "Sort","Parallel Aware": false,"Async Capable": false,"Startup Cost": 65822.53,"Total Cost": 65823.03,"Plan Rows": 200,"Plan Width": 16,"Actual Startup Time": 6047.687,"Actual Total Time": 6047.735,"Actual Rows": 42,"Actual Loops": 1,"Sort Key": ["(count(*)) DESC", "(count(orders.o_orderkey)) DESC"],"Sort Method": "quicksort","Sort Space Used": 27,"Sort Space Type": "Memory","Plans": [{"Node Type": "Aggregate","Strategy": "Hashed","Partial Mode": "Simple","Parent Relationship": "Outer","Parallel Aware": false,"Async Capable": false,"Startup Cost": 65812.89,"Total Cost": 65814.89,"Plan Rows": 200,"Plan Width": 16,"Actual Startup Time": 6047.591,"Actual Total Time": 6047.643,"Actual Rows": 42,"Actual Loops": 1,"Group Key": ["count(orders.o_orderkey)"],"Planned Partitions": 0,"HashAgg Batches": 1,"Peak Memory Usage": 40,"Disk Usage": 0,"Plans": [{"Node Type": "Aggregate","Strategy": "Hashed","Partial Mode": "Simple","Parent Relationship": "Outer","Parallel Aware": false,"Async Capable": false,"Startup Cost": 62062.89,"Total Cost": 63562.89,"Plan Rows": 150000,"Plan Width": 12,"Actual Startup Time": 5868.600,"Actual Total Time": 6033.866,"Actual Rows": 150000,"Actual Loops": 1,"Group Key": ["customer.c_custkey"],"Planned Partitions": 0,"HashAgg Batches": 1,"Peak Memory Usage": 22545,"Disk Usage": 0,"Plans": [{"Node Type": "Hash Join","Parent Relationship": "Outer","Parallel Aware": false,"Async Capable": false,"Join Type": "Right","Startup Cost": 5781.42,"Total Cost": 54563.64,"Plan Rows": 1499850,"Plan Width": 8,"Actual Startup Time": 39.168,"Actual Total Time": 4010.851,"Actual Rows": 1533626,"Actual Loops": 1,"Inner Unique": true,"Hash Cond": "(orders.o_custkey = customer.c_custkey)","Plans": [{"Node Type": "Seq Scan","Parent Relationship": "Outer","Parallel Aware": false,"Async Capable": false,"Relation Name": "orders","Alias": "orders","Startup Cost": 0.00,"Total Cost": 44845.00,"Plan Rows": 1499850,"Plan Width": 8,"Actual Startup Time": 0.065,"Actual Total Time": 2757.508,"Actual Rows": 1483622,"Actual Loops": 1,"Filter": "((o_comment)::text !~~ '%unusual%accounts%'::text)","Rows Removed by Filter": 16378},{"Node Type": "Hash","Parent Relationship": "Inner","Parallel Aware": false,"Async Capable": false,"Startup Cost": 3906.42,"Total Cost": 3906.42,"Plan Rows": 150000,"Plan Width": 4,"Actual Startup Time": 37.343,"Actual Total Time": 37.362,"Actual Rows": 150000,"Actual Loops": 1,"Hash Buckets": 262144,"Original Hash Buckets": 262144,"Hash Batches": 1,"Original Hash Batches": 1,"Peak Memory Usage": 7322,"Plans": [{"Node Type": "Index Only Scan","Parent Relationship": "Outer","Parallel Aware": false,"Async Capable": false,"Scan Direction": "Forward","Index Name": "customer_pkey","Relation Name": "customer","Alias": "customer","Startup Cost": 0.42,"Total Cost": 3906.42,"Plan Rows": 150000,"Plan Width": 4,"Actual Startup Time": 0.036,"Actual Total Time": 14.472,"Actual Rows": 150000,"Actual Loops": 1,"Heap Fetches": 0}]}]}]}]}]},"Planning Time": 4.331,"Triggers": [],"Execution Time": 6056.690}]
[{"Plan": {"Node Type": "Sort","Parallel Aware": false,"Async Capable": false,"Startup Cost": 65592.61,"Total Cost": 65593.11,"Plan Rows": 200,"Plan Width": 16,"Actual Startup Time": 6042.914,"Actual Total Time": 6042.954,"Actual Rows": 42,"Actual Loops": 1,"Sort Key": ["(count(*)) DESC", "(count(orders.o_orderkey)) DESC"],"Sort Method": "quicksort","Sort Space Used": 27,"Sort Space Type": "Memory","Plans": [{"Node Type": "Aggregate","Strategy": "Hashed","Partial Mode": "Simple","Parent Relationship": "Outer","Parallel Aware": false,"Async Capable": false,"Startup Cost": 65582.97,"Total Cost": 65584.97,"Plan Rows": 200,"Plan Width": 16,"Actual Startup Time": 6042.802,"Actual Total Time": 6042.854,"Actual Rows": 42,"Actual Loops": 1,"Group Key": ["count(orders.o_orderkey)"],"Planned Partitions": 0,"HashAgg Batches": 1,"Peak Memory Usage": 40,"Disk Usage": 0,"Plans": [{"Node Type": "Aggregate","Strategy": "Hashed","Partial Mode": "Simple","Parent Relationship": "Outer","Parallel Aware": false,"Async Capable": false,"Startup Cost": 61832.97,"Total Cost": 63332.97,"Plan Rows": 150000,"Plan Width": 12,"Actual Startup Time": 5848.968,"Actual Total Time": 6029.049,"Actual Rows": 150000,"Actual Loops": 1,"Group Key": ["customer.c_custkey"],"Planned Partitions": 0,"HashAgg Batches": 1,"Peak Memory Usage": 22545,"Disk Usage": 0,"Plans": [{"Node Type": "Hash Join","Parent Relationship": "Outer","Parallel Aware": false,"Async Capable": false,"Join Type": "Right","Startup Cost": 5781.42,"Total Cost": 54484.49,"Plan Rows": 1469697,"Plan Width": 8,"Actual Startup Time": 38.540,"Actual Total Time": 4039.691,"Actual Rows": 1534055,"Actual Loops": 1,"Inner Unique": true,"Hash Cond": "(orders.o_custkey = customer.c_custkey)","Plans": [{"Node Type": "Seq Scan","Parent Relationship": "Outer","Parallel Aware": false,"Async Capable": false,"Relation Name": "orders","Alias": "orders","Startup Cost": 0.00,"Total Cost": 44845.00,"Plan Rows": 1469697,"Plan Width": 8,"Actual Startup Time": 0.061,"Actual Total Time": 2797.159,"Actual Rows": 1484051,"Actual Loops": 1,"Filter": "((o_comment)::text !~~ '%special%packages%'::text)","Rows Removed by Filter": 15949},{"Node Type": "Hash","Parent Relationship": "Inner","Parallel Aware": false,"Async Capable": false,"Startup Cost": 3906.42,"Total Cost": 3906.42,"Plan Rows": 150000,"Plan Width": 4,"Actual Startup Time": 36.593,"Actual Total Time": 36.607,"Actual Rows": 150000,"Actual Loops": 1,"Hash Buckets": 262144,"Original Hash Buckets": 262144,"Hash Batches": 1,"Original Hash Batches": 1,"Peak Memory Usage": 7322,"Plans": [{"Node Type": "Index Only Scan","Parent Relationship": "Outer","Parallel Aware": false,"Async Capable": false,"Scan Direction": "Forward","Index Name": "customer_pkey","Relation Name": "customer","Alias": "customer","Startup Cost": 0.42,"Total Cost": 3906.42,"Plan Rows": 150000,"Plan Width": 4,"Actual Startup Time": 0.050,"Actual Total Time": 14.573,"Actual Rows": 150000,"Actual Loops": 1,"Heap Fetches": 0}]}]}]}]}]},"Planning Time": 3.383,"Triggers": [],"Execution Time": 6052.793}]
[{"Plan": {"Node Type": "Sort","Parallel Aware": false,"Async Capable": false,"Startup Cost": 65592.61,"Total Cost": 65593.11,"Plan Rows": 200,"Plan Width": 16,"Actual Startup Time": 6042.914,"Actual Total Time": 6042.954,"Actual Rows": 42,"Actual Loops": 1,"Sort Key": ["(count(*)) DESC", "(count(orders.o_orderkey)) DESC"],"Sort Method": "quicksort","Sort Space Used": 27,"Sort Space Type": "Memory","Plans": [{"Node Type": "Aggregate","Strategy": "Hashed","Partial Mode": "Simple","Parent Relationship": "Outer","Parallel Aware": false,"Async Capable": false,"Startup Cost": 65582.97,"Total Cost": 65584.97,"Plan Rows": 200,"Plan Width": 16,"Actual Startup Time": 6042.802,"Actual Total Time": 6042.854,"Actual Rows": 42,"Actual Loops": 1,"Group Key": ["count(orders.o_orderkey)"],"Planned Partitions": 0,"HashAgg Batches": 1,"Peak Memory Usage": 40,"Disk Usage": 0,"Plans": [{"Node Type": "Aggregate","Strategy": "Hashed","Partial Mode": "Simple","Parent Relationship": "Outer","Parallel Aware": false,"Async Capable": false,"Startup Cost": 61832.97,"Total Cost": 63332.97,"Plan Rows": 150000,"Plan Width": 12,"Actual Startup Time": 5848.968,"Actual Total Time": 6029.049,"Actual Rows": 150000,"Actual Loops": 1,"Group Key": ["customer.c_custkey"],"Planned Partitions": 0,"HashAgg Batches": 1,"Peak Memory Usage": 22545,"Disk Usage": 0,"Plans": [{"Node Type": "Hash Join","Parent Relationship": "Outer","Parallel Aware": false,"Async Capable": false,"Join Type": "Right","Startup Cost": 5781.42,"Total Cost": 54484.49,"Plan Rows": 1469697,"Plan Width": 8,"Actual Startup Time": 38.540,"Actual Total Time": 4039.691,"Actual Rows": 1534055,"Actual Loops": 1,"Inner Unique": true,"Hash Cond": "(orders.o_custkey = customer.c_custkey)","Plans": [{"Node Type": "Seq Scan","Parent Relationship": "Outer","Parallel Aware": false,"Async Capable": false,"Relation Name": "orders","Alias": "orders","Startup Cost": 0.00,"Total Cost": 44845.00,"Plan Rows": 1469697,"Plan Width": 8,"Actual Startup Time": 0.061,"Actual Total Time": 2797.159,"Actual Rows": 1484051,"Actual Loops": 1,"Filter": "((o_comment)::text !~~ '%special%packages%'::text)","Rows Removed by Filter": 15949},{"Node Type": "Hash","Parent Relationship": "Inner","Parallel Aware": false,"Async Capable": false,"Startup Cost": 3906.42,"Total Cost": 3906.42,"Plan Rows": 150000,"Plan Width": 4,"Actual Startup Time": 36.593,"Actual Total Time": 36.607,"Actual Rows": 150000,"Actual Loops": 1,"Hash Buckets": 262144,"Original Hash Buckets": 262144,"Hash Batches": 1,"Original Hash Batches": 1,"Peak Memory Usage": 7322,"Plans": [{"Node Type": "Index Only Scan","Parent Relationship": "Outer","Parallel Aware": false,"Async Capable": false,"Scan Direction": "Forward","Index Name": "customer_pkey","Relation Name": "customer","Alias": "customer","Startup Cost": 0.42,"Total Cost": 3906.42,"Plan Rows": 150000,"Plan Width": 4,"Actual Startup Time": 0.050,"Actual Total Time": 14.573,"Actual Rows": 150000,"Actual Loops": 1,"Heap Fetches": 0}]}]}]}]}]},"Planning Time": 3.383,"Triggers": [],"Execution Time": 6052.793}]
[{"Plan": {"Node Type": "Sort","Parallel Aware": false,"Async Capable": false,"Startup Cost": 65822.53,"Total Cost": 65823.03,"Plan Rows": 200,"Plan Width": 16,"Actual Startup Time": 6096.807,"Actual Total Time": 6096.851,"Actual Rows": 42,"Actual Loops": 1,"Sort Key": ["(count(*)) DESC", "(count(orders.o_orderkey)) DESC"],"Sort Method": "quicksort","Sort Space Used": 27,"Sort Space Type": "Memory","Plans": [{"Node Type": "Aggregate","Strategy": "Hashed","Partial Mode": "Simple","Parent Relationship": "Outer","Parallel Aware": false,"Async Capable": false,"Startup Cost": 65812.89,"Total Cost": 65814.89,"Plan Rows": 200,"Plan Width": 16,"Actual Startup Time": 6096.707,"Actual Total Time": 6096.758,"Actual Rows": 42,"Actual Loops": 1,"Group Key": ["count(orders.o_orderkey)"],"Planned Partitions": 0,"HashAgg Batches": 1,"Peak Memory Usage": 40,"Disk Usage": 0,"Plans": [{"Node Type": "Aggregate","Strategy": "Hashed","Partial Mode": "Simple","Parent Relationship": "Outer","Parallel Aware": false,"Async Capable": false,"Startup Cost": 62062.89,"Total Cost": 63562.89,"Plan Rows": 150000,"Plan Width": 12,"Actual Startup Time": 5900.364,"Actual Total Time": 6082.949,"Actual Rows": 150000,"Actual Loops": 1,"Group Key": ["customer.c_custkey"],"Planned Partitions": 0,"HashAgg Batches": 1,"Peak Memory Usage": 22545,"Disk Usage": 0,"Plans": [{"Node Type": "Hash Join","Parent Relationship": "Outer","Parallel Aware": false,"Async Capable": false,"Join Type": "Right","Startup Cost": 5781.42,"Total Cost": 54563.64,"Plan Rows": 1499850,"Plan Width": 8,"Actual Startup Time": 38.105,"Actual Total Time": 4090.394,"Actual Rows": 1533835,"Actual Loops": 1,"Inner Unique": true,"Hash Cond": "(orders.o_custkey = customer.c_custkey)","Plans": [{"Node Type": "Seq Scan","Parent Relationship": "Outer","Parallel Aware": false,"Async Capable": false,"Relation Name": "orders","Alias": "orders","Startup Cost": 0.00,"Total Cost": 44845.00,"Plan Rows": 1499850,"Plan Width": 8,"Actual Startup Time": 0.059,"Actual Total Time": 2844.303,"Actual Rows": 1483831,"Actual Loops": 1,"Filter": "((o_comment)::text !~~ '%special%accounts%'::text)","Rows Removed by Filter": 16169},{"Node Type": "Hash","Parent Relationship": "Inner","Parallel Aware": false,"Async Capable": false,"Startup Cost": 3906.42,"Total Cost": 3906.42,"Plan Rows": 150000,"Plan Width": 4,"Actual Startup Time": 36.335,"Actual Total Time": 36.352,"Actual Rows": 150000,"Actual Loops": 1,"Hash Buckets": 262144,"Original Hash Buckets": 262144,"Hash Batches": 1,"Original Hash Batches": 1,"Peak Memory Usage": 7322,"Plans": [{"Node Type": "Index Only Scan","Parent Relationship": "Outer","Parallel Aware": false,"Async Capable": false,"Scan Direction": "Forward","Index Name": "customer_pkey","Relation Name": "customer","Alias": "customer","Startup Cost": 0.42,"Total Cost": 3906.42,"Plan Rows": 150000,"Plan Width": 4,"Actual Startup Time": 0.048,"Actual Total Time": 14.414,"Actual Rows": 150000,"Actual Loops": 1,"Heap Fetches": 0}]}]}]}]}]},"Planning Time": 3.409,"Triggers": [],"Execution Time": 6107.560}]
[{"Plan": {"Node Type": "Sort","Parallel Aware": false,"Async Capable": false,"Startup Cost": 65822.53,"Total Cost": 65823.03,"Plan Rows": 200,"Plan Width": 16,"Actual Startup Time": 6650.964,"Actual Total Time": 6651.000,"Actual Rows": 42,"Actual Loops": 1,"Sort Key": ["(count(*)) DESC", "(count(orders.o_orderkey)) DESC"],"Sort Method": "quicksort","Sort Space Used": 27,"Sort Space Type": "Memory","Plans": [{"Node Type": "Aggregate","Strategy": "Hashed","Partial Mode": "Simple","Parent Relationship": "Outer","Parallel Aware": false,"Async Capable": false,"Startup Cost": 65812.89,"Total Cost": 65814.89,"Plan Rows": 200,"Plan Width": 16,"Actual Startup Time": 6650.893,"Actual Total Time": 6650.940,"Actual Rows": 42,"Actual Loops": 1,"Group Key": ["count(orders.o_orderkey)"],"Planned Partitions": 0,"HashAgg Batches": 1,"Peak Memory Usage": 40,"Disk Usage": 0,"Plans": [{"Node Type": "Aggregate","Strategy": "Hashed","Partial Mode": "Simple","Parent Relationship": "Outer","Parallel Aware": false,"Async Capable": false,"Startup Cost": 62062.89,"Total Cost": 63562.89,"Plan Rows": 150000,"Plan Width": 12,"Actual Startup Time": 6477.408,"Actual Total Time": 6637.150,"Actual Rows": 150000,"Actual Loops": 1,"Group Key": ["customer.c_custkey"],"Planned Partitions": 0,"HashAgg Batches": 1,"Peak Memory Usage": 22545,"Disk Usage": 0,"Plans": [{"Node Type": "Hash Join","Parent Relationship": "Outer","Parallel Aware": false,"Async Capable": false,"Join Type": "Right","Startup Cost": 5781.42,"Total Cost": 54563.64,"Plan Rows": 1499850,"Plan Width": 8,"Actual Startup Time": 36.551,"Actual Total Time": 4552.506,"Actual Rows": 1533843,"Actual Loops": 1,"Inner Unique": true,"Hash Cond": "(orders.o_custkey = customer.c_custkey)","Plans": [{"Node Type": "Seq Scan","Parent Relationship": "Outer","Parallel Aware": false,"Async Capable": false,"Relation Name": "orders","Alias": "orders","Startup Cost": 0.00,"Total Cost": 44845.00,"Plan Rows": 1499850,"Plan Width": 8,"Actual Startup Time": 0.044,"Actual Total Time": 3147.620,"Actual Rows": 1483839,"Actual Loops": 1,"Filter": "((o_comment)::text !~~ '%pending%deposits%'::text)","Rows Removed by Filter": 16161},{"Node Type": "Hash","Parent Relationship": "Inner","Parallel Aware": false,"Async Capable": false,"Startup Cost": 3906.42,"Total Cost": 3906.42,"Plan Rows": 150000,"Plan Width": 4,"Actual Startup Time": 34.769,"Actual Total Time": 34.783,"Actual Rows": 150000,"Actual Loops": 1,"Hash Buckets": 262144,"Original Hash Buckets": 262144,"Hash Batches": 1,"Original Hash Batches": 1,"Peak Memory Usage": 7322,"Plans": [{"Node Type": "Index Only Scan","Parent Relationship": "Outer","Parallel Aware": false,"Async Capable": false,"Scan Direction": "Forward","Index Name": "customer_pkey","Relation Name": "customer","Alias": "customer","Startup Cost": 0.42,"Total Cost": 3906.42,"Plan Rows": 150000,"Plan Width": 4,"Actual Startup Time": 0.065,"Actual Total Time": 13.424,"Actual Rows": 150000,"Actual Loops": 1,"Heap Fetches": 0}]}]}]}]}]},"Planning Time": 3.594,"Triggers": [],"Execution Time": 6658.782}]
[{"Plan": {"Node Type": "Sort","Parallel Aware": false,"Async Capable": false,"Startup Cost": 65592.61,"Total Cost": 65593.11,"Plan Rows": 200,"Plan Width": 16,"Actual Startup Time": 6059.416,"Actual Total Time": 6059.459,"Actual Rows": 42,"Actual Loops": 1,"Sort Key": ["(count(*)) DESC", "(count(orders.o_orderkey)) DESC"],"Sort Method": "quicksort","Sort Space Used": 27,"Sort Space Type": "Memory","Plans": [{"Node Type": "Aggregate","Strategy": "Hashed","Partial Mode": "Simple","Parent Relationship": "Outer","Parallel Aware": false,"Async Capable": false,"Startup Cost": 65582.97,"Total Cost": 65584.97,"Plan Rows": 200,"Plan Width": 16,"Actual Startup Time": 6059.318,"Actual Total Time": 6059.369,"Actual Rows": 42,"Actual Loops": 1,"Group Key": ["count(orders.o_orderkey)"],"Planned Partitions": 0,"HashAgg Batches": 1,"Peak Memory Usage": 40,"Disk Usage": 0,"Plans": [{"Node Type": "Aggregate","Strategy": "Hashed","Partial Mode": "Simple","Parent Relationship": "Outer","Parallel Aware": false,"Async Capable": false,"Startup Cost": 61832.97,"Total Cost": 63332.97,"Plan Rows": 150000,"Plan Width": 12,"Actual Startup Time": 5864.158,"Actual Total Time": 6045.542,"Actual Rows": 150000,"Actual Loops": 1,"Group Key": ["customer.c_custkey"],"Planned Partitions": 0,"HashAgg Batches": 1,"Peak Memory Usage": 22545,"Disk Usage": 0,"Plans": [{"Node Type": "Hash Join","Parent Relationship": "Outer","Parallel Aware": false,"Async Capable": false,"Join Type": "Right","Startup Cost": 5781.42,"Total Cost": 54484.49,"Plan Rows": 1469697,"Plan Width": 8,"Actual Startup Time": 38.198,"Actual Total Time": 4061.016,"Actual Rows": 1533817,"Actual Loops": 1,"Inner Unique": true,"Hash Cond": "(orders.o_custkey = customer.c_custkey)","Plans": [{"Node Type": "Seq Scan","Parent Relationship": "Outer","Parallel Aware": false,"Async Capable": false,"Relation Name": "orders","Alias": "orders","Startup Cost": 0.00,"Total Cost": 44845.00,"Plan Rows": 1469697,"Plan Width": 8,"Actual Startup Time": 0.037,"Actual Total Time": 2812.366,"Actual Rows": 1483813,"Actual Loops": 1,"Filter": "((o_comment)::text !~~ '%unusual%requests%'::text)","Rows Removed by Filter": 16187},{"Node Type": "Hash","Parent Relationship": "Inner","Parallel Aware": false,"Async Capable": false,"Startup Cost": 3906.42,"Total Cost": 3906.42,"Plan Rows": 150000,"Plan Width": 4,"Actual Startup Time": 36.318,"Actual Total Time": 36.334,"Actual Rows": 150000,"Actual Loops": 1,"Hash Buckets": 262144,"Original Hash Buckets": 262144,"Hash Batches": 1,"Original Hash Batches": 1,"Peak Memory Usage": 7322,"Plans": [{"Node Type": "Index Only Scan","Parent Relationship": "Outer","Parallel Aware": false,"Async Capable": false,"Scan Direction": "Forward","Index Name": "customer_pkey","Relation Name": "customer","Alias": "customer","Startup Cost": 0.42,"Total Cost": 3906.42,"Plan Rows": 150000,"Plan Width": 4,"Actual Startup Time": 0.044,"Actual Total Time": 14.416,"Actual Rows": 150000,"Actual Loops": 1,"Heap Fetches": 0}]}]}]}]}]},"Planning Time": 3.526,"Triggers": [],"Execution Time": 6069.080}]
[{"Plan": {"Node Type": "Sort","Parallel Aware": false,"Async Capable": false,"Startup Cost": 65822.53,"Total Cost": 65823.03,"Plan Rows": 200,"Plan Width": 16,"Actual Startup Time": 6047.687,"Actual Total Time": 6047.735,"Actual Rows": 42,"Actual Loops": 1,"Sort Key": ["(count(*)) DESC", "(count(orders.o_orderkey)) DESC"],"Sort Method": "quicksort","Sort Space Used": 27,"Sort Space Type": "Memory","Plans": [{"Node Type": "Aggregate","Strategy": "Hashed","Partial Mode": "Simple","Parent Relationship": "Outer","Parallel Aware": false,"Async Capable": false,"Startup Cost": 65812.89,"Total Cost": 65814.89,"Plan Rows": 200,"Plan Width": 16,"Actual Startup Time": 6047.591,"Actual Total Time": 6047.643,"Actual Rows": 42,"Actual Loops": 1,"Group Key": ["count(orders.o_orderkey)"],"Planned Partitions": 0,"HashAgg Batches": 1,"Peak Memory Usage": 40,"Disk Usage": 0,"Plans": [{"Node Type": "Aggregate","Strategy": "Hashed","Partial Mode": "Simple","Parent Relationship": "Outer","Parallel Aware": false,"Async Capable": false,"Startup Cost": 62062.89,"Total Cost": 63562.89,"Plan Rows": 150000,"Plan Width": 12,"Actual Startup Time": 5868.600,"Actual Total Time": 6033.866,"Actual Rows": 150000,"Actual Loops": 1,"Group Key": ["customer.c_custkey"],"Planned Partitions": 0,"HashAgg Batches": 1,"Peak Memory Usage": 22545,"Disk Usage": 0,"Plans": [{"Node Type": "Hash Join","Parent Relationship": "Outer","Parallel Aware": false,"Async Capable": false,"Join Type": "Right","Startup Cost": 5781.42,"Total Cost": 54563.64,"Plan Rows": 1499850,"Plan Width": 8,"Actual Startup Time": 39.168,"Actual Total Time": 4010.851,"Actual Rows": 1533626,"Actual Loops": 1,"Inner Unique": true,"Hash Cond": "(orders.o_custkey = customer.c_custkey)","Plans": [{"Node Type": "Seq Scan","Parent Relationship": "Outer","Parallel Aware": false,"Async Capable": false,"Relation Name": "orders","Alias": "orders","Startup Cost": 0.00,"Total Cost": 44845.00,"Plan Rows": 1499850,"Plan Width": 8,"Actual Startup Time": 0.065,"Actual Total Time": 2757.508,"Actual Rows": 1483622,"Actual Loops": 1,"Filter": "((o_comment)::text !~~ '%unusual%accounts%'::text)","Rows Removed by Filter": 16378},{"Node Type": "Hash","Parent Relationship": "Inner","Parallel Aware": false,"Async Capable": false,"Startup Cost": 3906.42,"Total Cost": 3906.42,"Plan Rows": 150000,"Plan Width": 4,"Actual Startup Time": 37.343,"Actual Total Time": 37.362,"Actual Rows": 150000,"Actual Loops": 1,"Hash Buckets": 262144,"Original Hash Buckets": 262144,"Hash Batches": 1,"Original Hash Batches": 1,"Peak Memory Usage": 7322,"Plans": [{"Node Type": "Index Only Scan","Parent Relationship": "Outer","Parallel Aware": false,"Async Capable": false,"Scan Direction": "Forward","Index Name": "customer_pkey","Relation Name": "customer","Alias": "customer","Startup Cost": 0.42,"Total Cost": 3906.42,"Plan Rows": 150000,"Plan Width": 4,"Actual Startup Time": 0.036,"Actual Total Time": 14.472,"Actual Rows": 150000,"Actual Loops": 1,"Heap Fetches": 0}]}]}]}]}]},"Planning Time": 4.331,"Triggers": [],"Execution Time": 6056.690}]
[{"Plan": {"Node Type": "Sort","Parallel Aware": false,"Async Capable": false,"Startup Cost": 65477.08,"Total Cost": 65477.58,"Plan Rows": 200,"Plan Width": 16,"Actual Startup Time": 6131.456,"Actual Total Time": 6131.495,"Actual Rows": 42,"Actual Loops": 1,"Sort Key": ["(count(*)) DESC", "(count(orders.o_orderkey)) DESC"],"Sort Method": "quicksort","Sort Space Used": 27,"Sort Space Type": "Memory","Plans": [{"Node Type": "Aggregate","Strategy": "Hashed","Partial Mode": "Simple","Parent Relationship": "Outer","Parallel Aware": false,"Async Capable": false,"Startup Cost": 65467.44,"Total Cost": 65469.44,"Plan Rows": 200,"Plan Width": 16,"Actual Startup Time": 6131.350,"Actual Total Time": 6131.398,"Actual Rows": 42,"Actual Loops": 1,"Group Key": ["count(orders.o_orderkey)"],"Planned Partitions": 0,"HashAgg Batches": 1,"Peak Memory Usage": 40,"Disk Usage": 0,"Plans": [{"Node Type": "Aggregate","Strategy": "Hashed","Partial Mode": "Simple","Parent Relationship": "Outer","Parallel Aware": false,"Async Capable": false,"Startup Cost": 61717.44,"Total Cost": 63217.44,"Plan Rows": 150000,"Plan Width": 12,"Actual Startup Time": 5953.045,"Actual Total Time": 6117.615,"Actual Rows": 150000,"Actual Loops": 1,"Group Key": ["customer.c_custkey"],"Planned Partitions": 0,"HashAgg Batches": 1,"Peak Memory Usage": 22545,"Disk Usage": 0,"Plans": [{"Node Type": "Hash Join","Parent Relationship": "Outer","Parallel Aware": false,"Async Capable": false,"Join Type": "Right","Startup Cost": 5781.42,"Total Cost": 54444.71,"Plan Rows": 1454545,"Plan Width": 8,"Actual Startup Time": 38.590,"Actual Total Time": 4109.614,"Actual Rows": 1533923,"Actual Loops": 1,"Inner Unique": true,"Hash Cond": "(orders.o_custkey = customer.c_custkey)","Plans": [{"Node Type": "Seq Scan","Parent Relationship": "Outer","Parallel Aware": false,"Async Capable": false,"Relation Name": "orders","Alias": "orders","Startup Cost": 0.00,"Total Cost": 44845.00,"Plan Rows": 1454545,"Plan Width": 8,"Actual Startup Time": 0.061,"Actual Total Time": 2840.022,"Actual Rows": 1483918,"Actual Loops": 1,"Filter": "((o_comment)::text !~~ '%special%requests%'::text)","Rows Removed by Filter": 16082},{"Node Type": "Hash","Parent Relationship": "Inner","Parallel Aware": false,"Async Capable": false,"Startup Cost": 3906.42,"Total Cost": 3906.42,"Plan Rows": 150000,"Plan Width": 4,"Actual Startup Time": 36.739,"Actual Total Time": 36.756,"Actual Rows": 150000,"Actual Loops": 1,"Hash Buckets": 262144,"Original Hash Buckets": 262144,"Hash Batches": 1,"Original Hash Batches": 1,"Peak Memory Usage": 7322,"Plans": [{"Node Type": "Index Only Scan","Parent Relationship": "Outer","Parallel Aware": false,"Async Capable": false,"Scan Direction": "Forward","Index Name": "customer_pkey","Relation Name": "customer","Alias": "customer","Startup Cost": 0.42,"Total Cost": 3906.42,"Plan Rows": 150000,"Plan Width": 4,"Actual Startup Time": 0.061,"Actual Total Time": 14.504,"Actual Rows": 150000,"Actual Loops": 1,"Heap Fetches": 0}]}]}]}]}]},"Planning Time": 3.536,"Triggers": [],"Execution Time": 6139.749}]
[{"Plan": {"Node Type": "Sort","Parallel Aware": false,"Async Capable": false,"Startup Cost": 65708.14,"Total Cost": 65708.64,"Plan Rows": 200,"Plan Width": 16,"Actual Startup Time": 6706.121,"Actual Total Time": 6706.163,"Actual Rows": 42,"Actual Loops": 1,"Sort Key": ["(count(*)) DESC", "(count(orders.o_orderkey)) DESC"],"Sort Method": "quicksort","Sort Space Used": 27,"Sort Space Type": "Memory","Plans": [{"Node Type": "Aggregate","Strategy": "Hashed","Partial Mode": "Simple","Parent Relationship": "Outer","Parallel Aware": false,"Async Capable": false,"Startup Cost": 65698.50,"Total Cost": 65700.50,"Plan Rows": 200,"Plan Width": 16,"Actual Startup Time": 6706.048,"Actual Total Time": 6706.098,"Actual Rows": 42,"Actual Loops": 1,"Group Key": ["count(orders.o_orderkey)"],"Planned Partitions": 0,"HashAgg Batches": 1,"Peak Memory Usage": 40,"Disk Usage": 0,"Plans": [{"Node Type": "Aggregate","Strategy": "Hashed","Partial Mode": "Simple","Parent Relationship": "Outer","Parallel Aware": false,"Async Capable": false,"Startup Cost": 61948.50,"Total Cost": 63448.50,"Plan Rows": 150000,"Plan Width": 12,"Actual Startup Time": 6534.914,"Actual Total Time": 6692.300,"Actual Rows": 150000,"Actual Loops": 1,"Group Key": ["customer.c_custkey"],"Planned Partitions": 0,"HashAgg Batches": 1,"Peak Memory Usage": 22545,"Disk Usage": 0,"Plans": [{"Node Type": "Hash Join","Parent Relationship": "Outer","Parallel Aware": false,"Async Capable": false,"Join Type": "Right","Startup Cost": 5781.42,"Total Cost": 54524.26,"Plan Rows": 1484848,"Plan Width": 8,"Actual Startup Time": 35.450,"Actual Total Time": 4617.784,"Actual Rows": 1533791,"Actual Loops": 1,"Inner Unique": true,"Hash Cond": "(orders.o_custkey = customer.c_custkey)","Plans": [{"Node Type": "Seq Scan","Parent Relationship": "Outer","Parallel Aware": false,"Async Capable": false,"Relation Name": "orders","Alias": "orders","Startup Cost": 0.00,"Total Cost": 44845.00,"Plan Rows": 1484848,"Plan Width": 8,"Actual Startup Time": 0.045,"Actual Total Time": 3189.289,"Actual Rows": 1483787,"Actual Loops": 1,"Filter": "((o_comment)::text !~~ '%unusual%packages%'::text)","Rows Removed by Filter": 16213},{"Node Type": "Hash","Parent Relationship": "Inner","Parallel Aware": false,"Async Capable": false,"Startup Cost": 3906.42,"Total Cost": 3906.42,"Plan Rows": 150000,"Plan Width": 4,"Actual Startup Time": 33.722,"Actual Total Time": 33.741,"Actual Rows": 150000,"Actual Loops": 1,"Hash Buckets": 262144,"Original Hash Buckets": 262144,"Hash Batches": 1,"Original Hash Batches": 1,"Peak Memory Usage": 7322,"Plans": [{"Node Type": "Index Only Scan","Parent Relationship": "Outer","Parallel Aware": false,"Async Capable": false,"Scan Direction": "Forward","Index Name": "customer_pkey","Relation Name": "customer","Alias": "customer","Startup Cost": 0.42,"Total Cost": 3906.42,"Plan Rows": 150000,"Plan Width": 4,"Actual Startup Time": 0.040,"Actual Total Time": 13.017,"Actual Rows": 150000,"Actual Loops": 1,"Heap Fetches": 0}]}]}]}]}]},"Planning Time": 3.840,"Triggers": [],"Execution Time": 6714.032}]
[{"Plan": {"Node Type": "Sort","Parallel Aware": false,"Async Capable": false,"Startup Cost": 65592.61,"Total Cost": 65593.11,"Plan Rows": 200,"Plan Width": 16,"Actual Startup Time": 6042.914,"Actual Total Time": 6042.954,"Actual Rows": 42,"Actual Loops": 1,"Sort Key": ["(count(*)) DESC", "(count(orders.o_orderkey)) DESC"],"Sort Method": "quicksort","Sort Space Used": 27,"Sort Space Type": "Memory","Plans": [{"Node Type": "Aggregate","Strategy": "Hashed","Partial Mode": "Simple","Parent Relationship": "Outer","Parallel Aware": false,"Async Capable": false,"Startup Cost": 65582.97,"Total Cost": 65584.97,"Plan Rows": 200,"Plan Width": 16,"Actual Startup Time": 6042.802,"Actual Total Time": 6042.854,"Actual Rows": 42,"Actual Loops": 1,"Group Key": ["count(orders.o_orderkey)"],"Planned Partitions": 0,"HashAgg Batches": 1,"Peak Memory Usage": 40,"Disk Usage": 0,"Plans": [{"Node Type": "Aggregate","Strategy": "Hashed","Partial Mode": "Simple","Parent Relationship": "Outer","Parallel Aware": false,"Async Capable": false,"Startup Cost": 61832.97,"Total Cost": 63332.97,"Plan Rows": 150000,"Plan Width": 12,"Actual Startup Time": 5848.968,"Actual Total Time": 6029.049,"Actual Rows": 150000,"Actual Loops": 1,"Group Key": ["customer.c_custkey"],"Planned Partitions": 0,"HashAgg Batches": 1,"Peak Memory Usage": 22545,"Disk Usage": 0,"Plans": [{"Node Type": "Hash Join","Parent Relationship": "Outer","Parallel Aware": false,"Async Capable": false,"Join Type": "Right","Startup Cost": 5781.42,"Total Cost": 54484.49,"Plan Rows": 1469697,"Plan Width": 8,"Actual Startup Time": 38.540,"Actual Total Time": 4039.691,"Actual Rows": 1534055,"Actual Loops": 1,"Inner Unique": true,"Hash Cond": "(orders.o_custkey = customer.c_custkey)","Plans": [{"Node Type": "Seq Scan","Parent Relationship": "Outer","Parallel Aware": false,"Async Capable": false,"Relation Name": "orders","Alias": "orders","Startup Cost": 0.00,"Total Cost": 44845.00,"Plan Rows": 1469697,"Plan Width": 8,"Actual Startup Time": 0.061,"Actual Total Time": 2797.159,"Actual Rows": 1484051,"Actual Loops": 1,"Filter": "((o_comment)::text !~~ '%special%packages%'::text)","Rows Removed by Filter": 15949},{"Node Type": "Hash","Parent Relationship": "Inner","Parallel Aware": false,"Async Capable": false,"Startup Cost": 3906.42,"Total Cost": 3906.42,"Plan Rows": 150000,"Plan Width": 4,"Actual Startup Time": 36.593,"Actual Total Time": 36.607,"Actual Rows": 150000,"Actual Loops": 1,"Hash Buckets": 262144,"Original Hash Buckets": 262144,"Hash Batches": 1,"Original Hash Batches": 1,"Peak Memory Usage": 7322,"Plans": [{"Node Type": "Index Only Scan","Parent Relationship": "Outer","Parallel Aware": false,"Async Capable": false,"Scan Direction": "Forward","Index Name": "customer_pkey","Relation Name": "customer","Alias": "customer","Startup Cost": 0.42,"Total Cost": 3906.42,"Plan Rows": 150000,"Plan Width": 4,"Actual Startup Time": 0.050,"Actual Total Time": 14.573,"Actual Rows": 150000,"Actual Loops": 1,"Heap Fetches": 0}]}]}]}]}]},"Planning Time": 3.383,"Triggers": [],"Execution Time": 6052.793}]
[{"Plan": {"Node Type": "Sort","Parallel Aware": false,"Async Capable": false,"Startup Cost": 65822.53,"Total Cost": 65823.03,"Plan Rows": 200,"Plan Width": 16,"Actual Startup Time": 6789.356,"Actual Total Time": 6789.385,"Actual Rows": 42,"Actual Loops": 1,"Sort Key": ["(count(*)) DESC", "(count(orders.o_orderkey)) DESC"],"Sort Method": "quicksort","Sort Space Used": 27,"Sort Space Type": "Memory","Plans": [{"Node Type": "Aggregate","Strategy": "Hashed","Partial Mode": "Simple","Parent Relationship": "Outer","Parallel Aware": false,"Async Capable": false,"Startup Cost": 65812.89,"Total Cost": 65814.89,"Plan Rows": 200,"Plan Width": 16,"Actual Startup Time": 6789.265,"Actual Total Time": 6789.304,"Actual Rows": 42,"Actual Loops": 1,"Group Key": ["count(orders.o_orderkey)"],"Planned Partitions": 0,"HashAgg Batches": 1,"Peak Memory Usage": 40,"Disk Usage": 0,"Plans": [{"Node Type": "Aggregate","Strategy": "Hashed","Partial Mode": "Simple","Parent Relationship": "Outer","Parallel Aware": false,"Async Capable": false,"Startup Cost": 62062.89,"Total Cost": 63562.89,"Plan Rows": 150000,"Plan Width": 12,"Actual Startup Time": 6597.323,"Actual Total Time": 6775.519,"Actual Rows": 150000,"Actual Loops": 1,"Group Key": ["customer.c_custkey"],"Planned Partitions": 0,"HashAgg Batches": 1,"Peak Memory Usage": 22545,"Disk Usage": 0,"Plans": [{"Node Type": "Hash Join","Parent Relationship": "Outer","Parallel Aware": false,"Async Capable": false,"Join Type": "Right","Startup Cost": 5781.42,"Total Cost": 54563.64,"Plan Rows": 1499850,"Plan Width": 8,"Actual Startup Time": 45.919,"Actual Total Time": 4674.391,"Actual Rows": 1534025,"Actual Loops": 1,"Inner Unique": true,"Hash Cond": "(orders.o_custkey = customer.c_custkey)","Plans": [{"Node Type": "Seq Scan","Parent Relationship": "Outer","Parallel Aware": false,"Async Capable": false,"Relation Name": "orders","Alias": "orders","Startup Cost": 0.00,"Total Cost": 44845.00,"Plan Rows": 1499850,"Plan Width": 8,"Actual Startup Time": 0.049,"Actual Total Time": 3245.830,"Actual Rows": 1484020,"Actual Loops": 1,"Filter": "((o_comment)::text !~~ '%express%deposits%'::text)","Rows Removed by Filter": 15980},{"Node Type": "Hash","Parent Relationship": "Inner","Parallel Aware": false,"Async Capable": false,"Startup Cost": 3906.42,"Total Cost": 3906.42,"Plan Rows": 150000,"Plan Width": 4,"Actual Startup Time": 44.047,"Actual Total Time": 44.059,"Actual Rows": 150000,"Actual Loops": 1,"Hash Buckets": 262144,"Original Hash Buckets": 262144,"Hash Batches": 1,"Original Hash Batches": 1,"Peak Memory Usage": 7322,"Plans": [{"Node Type": "Index Only Scan","Parent Relationship": "Outer","Parallel Aware": false,"Async Capable": false,"Scan Direction": "Forward","Index Name": "customer_pkey","Relation Name": "customer","Alias": "customer","Startup Cost": 0.42,"Total Cost": 3906.42,"Plan Rows": 150000,"Plan Width": 4,"Actual Startup Time": 0.049,"Actual Total Time": 21.219,"Actual Rows": 150000,"Actual Loops": 1,"Heap Fetches": 0}]}]}]}]}]},"Planning Time": 4.349,"Triggers": [],"Execution Time": 6798.388}]
[{"Plan": {"Node Type": "Sort","Parallel Aware": false,"Async Capable": false,"Startup Cost": 65592.61,"Total Cost": 65593.11,"Plan Rows": 200,"Plan Width": 16,"Actual Startup Time": 6108.888,"Actual Total Time": 6108.932,"Actual Rows": 42,"Actual Loops": 1,"Sort Key": ["(count(*)) DESC", "(count(orders.o_orderkey)) DESC"],"Sort Method": "quicksort","Sort Space Used": 27,"Sort Space Type": "Memory","Plans": [{"Node Type": "Aggregate","Strategy": "Hashed","Partial Mode": "Simple","Parent Relationship": "Outer","Parallel Aware": false,"Async Capable": false,"Startup Cost": 65582.97,"Total Cost": 65584.97,"Plan Rows": 200,"Plan Width": 16,"Actual Startup Time": 6108.797,"Actual Total Time": 6108.848,"Actual Rows": 42,"Actual Loops": 1,"Group Key": ["count(orders.o_orderkey)"],"Planned Partitions": 0,"HashAgg Batches": 1,"Peak Memory Usage": 40,"Disk Usage": 0,"Plans": [{"Node Type": "Aggregate","Strategy": "Hashed","Partial Mode": "Simple","Parent Relationship": "Outer","Parallel Aware": false,"Async Capable": false,"Startup Cost": 61832.97,"Total Cost": 63332.97,"Plan Rows": 150000,"Plan Width": 12,"Actual Startup Time": 5916.041,"Actual Total Time": 6095.043,"Actual Rows": 150000,"Actual Loops": 1,"Group Key": ["customer.c_custkey"],"Planned Partitions": 0,"HashAgg Batches": 1,"Peak Memory Usage": 22545,"Disk Usage": 0,"Plans": [{"Node Type": "Hash Join","Parent Relationship": "Outer","Parallel Aware": false,"Async Capable": false,"Join Type": "Right","Startup Cost": 5781.42,"Total Cost": 54484.49,"Plan Rows": 1469697,"Plan Width": 8,"Actual Startup Time": 39.068,"Actual Total Time": 4097.616,"Actual Rows": 1534019,"Actual Loops": 1,"Inner Unique": true,"Hash Cond": "(orders.o_custkey = customer.c_custkey)","Plans": [{"Node Type": "Seq Scan","Parent Relationship": "Outer","Parallel Aware": false,"Async Capable": false,"Relation Name": "orders","Alias": "orders","Startup Cost": 0.00,"Total Cost": 44845.00,"Plan Rows": 1469697,"Plan Width": 8,"Actual Startup Time": 0.051,"Actual Total Time": 2823.952,"Actual Rows": 1484015,"Actual Loops": 1,"Filter": "((o_comment)::text !~~ '%express%accounts%'::text)","Rows Removed by Filter": 15985},{"Node Type": "Hash","Parent Relationship": "Inner","Parallel Aware": false,"Async Capable": false,"Startup Cost": 3906.42,"Total Cost": 3906.42,"Plan Rows": 150000,"Plan Width": 4,"Actual Startup Time": 37.191,"Actual Total Time": 37.207,"Actual Rows": 150000,"Actual Loops": 1,"Hash Buckets": 262144,"Original Hash Buckets": 262144,"Hash Batches": 1,"Original Hash Batches": 1,"Peak Memory Usage": 7322,"Plans": [{"Node Type": "Index Only Scan","Parent Relationship": "Outer","Parallel Aware": false,"Async Capable": false,"Scan Direction": "Forward","Index Name": "customer_pkey","Relation Name": "customer","Alias": "customer","Startup Cost": 0.42,"Total Cost": 3906.42,"Plan Rows": 150000,"Plan Width": 4,"Actual Startup Time": 0.038,"Actual Total Time": 14.188,"Actual Rows": 150000,"Actual Loops": 1,"Heap Fetches": 0}]}]}]}]}]},"Planning Time": 3.814,"Triggers": [],"Execution Time": 6118.531}]
[{"Plan": {"Node Type": "Sort","Parallel Aware": false,"Async Capable": false,"Startup Cost": 65822.53,"Total Cost": 65823.03,"Plan Rows": 200,"Plan Width": 16,"Actual Startup Time": 6789.356,"Actual Total Time": 6789.385,"Actual Rows": 42,"Actual Loops": 1,"Sort Key": ["(count(*)) DESC", "(count(orders.o_orderkey)) DESC"],"Sort Method": "quicksort","Sort Space Used": 27,"Sort Space Type": "Memory","Plans": [{"Node Type": "Aggregate","Strategy": "Hashed","Partial Mode": "Simple","Parent Relationship": "Outer","Parallel Aware": false,"Async Capable": false,"Startup Cost": 65812.89,"Total Cost": 65814.89,"Plan Rows": 200,"Plan Width": 16,"Actual Startup Time": 6789.265,"Actual Total Time": 6789.304,"Actual Rows": 42,"Actual Loops": 1,"Group Key": ["count(orders.o_orderkey)"],"Planned Partitions": 0,"HashAgg Batches": 1,"Peak Memory Usage": 40,"Disk Usage": 0,"Plans": [{"Node Type": "Aggregate","Strategy": "Hashed","Partial Mode": "Simple","Parent Relationship": "Outer","Parallel Aware": false,"Async Capable": false,"Startup Cost": 62062.89,"Total Cost": 63562.89,"Plan Rows": 150000,"Plan Width": 12,"Actual Startup Time": 6597.323,"Actual Total Time": 6775.519,"Actual Rows": 150000,"Actual Loops": 1,"Group Key": ["customer.c_custkey"],"Planned Partitions": 0,"HashAgg Batches": 1,"Peak Memory Usage": 22545,"Disk Usage": 0,"Plans": [{"Node Type": "Hash Join","Parent Relationship": "Outer","Parallel Aware": false,"Async Capable": false,"Join Type": "Right","Startup Cost": 5781.42,"Total Cost": 54563.64,"Plan Rows": 1499850,"Plan Width": 8,"Actual Startup Time": 45.919,"Actual Total Time": 4674.391,"Actual Rows": 1534025,"Actual Loops": 1,"Inner Unique": true,"Hash Cond": "(orders.o_custkey = customer.c_custkey)","Plans": [{"Node Type": "Seq Scan","Parent Relationship": "Outer","Parallel Aware": false,"Async Capable": false,"Relation Name": "orders","Alias": "orders","Startup Cost": 0.00,"Total Cost": 44845.00,"Plan Rows": 1499850,"Plan Width": 8,"Actual Startup Time": 0.049,"Actual Total Time": 3245.830,"Actual Rows": 1484020,"Actual Loops": 1,"Filter": "((o_comment)::text !~~ '%express%deposits%'::text)","Rows Removed by Filter": 15980},{"Node Type": "Hash","Parent Relationship": "Inner","Parallel Aware": false,"Async Capable": false,"Startup Cost": 3906.42,"Total Cost": 3906.42,"Plan Rows": 150000,"Plan Width": 4,"Actual Startup Time": 44.047,"Actual Total Time": 44.059,"Actual Rows": 150000,"Actual Loops": 1,"Hash Buckets": 262144,"Original Hash Buckets": 262144,"Hash Batches": 1,"Original Hash Batches": 1,"Peak Memory Usage": 7322,"Plans": [{"Node Type": "Index Only Scan","Parent Relationship": "Outer","Parallel Aware": false,"Async Capable": false,"Scan Direction": "Forward","Index Name": "customer_pkey","Relation Name": "customer","Alias": "customer","Startup Cost": 0.42,"Total Cost": 3906.42,"Plan Rows": 150000,"Plan Width": 4,"Actual Startup Time": 0.049,"Actual Total Time": 21.219,"Actual Rows": 150000,"Actual Loops": 1,"Heap Fetches": 0}]}]}]}]}]},"Planning Time": 4.349,"Triggers": [],"Execution Time": 6798.388}]
[{"Plan": {"Node Type": "Sort","Parallel Aware": false,"Async Capable": false,"Startup Cost": 65822.53,"Total Cost": 65823.03,"Plan Rows": 200,"Plan Width": 16,"Actual Startup Time": 6096.807,"Actual Total Time": 6096.851,"Actual Rows": 42,"Actual Loops": 1,"Sort Key": ["(count(*)) DESC", "(count(orders.o_orderkey)) DESC"],"Sort Method": "quicksort","Sort Space Used": 27,"Sort Space Type": "Memory","Plans": [{"Node Type": "Aggregate","Strategy": "Hashed","Partial Mode": "Simple","Parent Relationship": "Outer","Parallel Aware": false,"Async Capable": false,"Startup Cost": 65812.89,"Total Cost": 65814.89,"Plan Rows": 200,"Plan Width": 16,"Actual Startup Time": 6096.707,"Actual Total Time": 6096.758,"Actual Rows": 42,"Actual Loops": 1,"Group Key": ["count(orders.o_orderkey)"],"Planned Partitions": 0,"HashAgg Batches": 1,"Peak Memory Usage": 40,"Disk Usage": 0,"Plans": [{"Node Type": "Aggregate","Strategy": "Hashed","Partial Mode": "Simple","Parent Relationship": "Outer","Parallel Aware": false,"Async Capable": false,"Startup Cost": 62062.89,"Total Cost": 63562.89,"Plan Rows": 150000,"Plan Width": 12,"Actual Startup Time": 5900.364,"Actual Total Time": 6082.949,"Actual Rows": 150000,"Actual Loops": 1,"Group Key": ["customer.c_custkey"],"Planned Partitions": 0,"HashAgg Batches": 1,"Peak Memory Usage": 22545,"Disk Usage": 0,"Plans": [{"Node Type": "Hash Join","Parent Relationship": "Outer","Parallel Aware": false,"Async Capable": false,"Join Type": "Right","Startup Cost": 5781.42,"Total Cost": 54563.64,"Plan Rows": 1499850,"Plan Width": 8,"Actual Startup Time": 38.105,"Actual Total Time": 4090.394,"Actual Rows": 1533835,"Actual Loops": 1,"Inner Unique": true,"Hash Cond": "(orders.o_custkey = customer.c_custkey)","Plans": [{"Node Type": "Seq Scan","Parent Relationship": "Outer","Parallel Aware": false,"Async Capable": false,"Relation Name": "orders","Alias": "orders","Startup Cost": 0.00,"Total Cost": 44845.00,"Plan Rows": 1499850,"Plan Width": 8,"Actual Startup Time": 0.059,"Actual Total Time": 2844.303,"Actual Rows": 1483831,"Actual Loops": 1,"Filter": "((o_comment)::text !~~ '%special%accounts%'::text)","Rows Removed by Filter": 16169},{"Node Type": "Hash","Parent Relationship": "Inner","Parallel Aware": false,"Async Capable": false,"Startup Cost": 3906.42,"Total Cost": 3906.42,"Plan Rows": 150000,"Plan Width": 4,"Actual Startup Time": 36.335,"Actual Total Time": 36.352,"Actual Rows": 150000,"Actual Loops": 1,"Hash Buckets": 262144,"Original Hash Buckets": 262144,"Hash Batches": 1,"Original Hash Batches": 1,"Peak Memory Usage": 7322,"Plans": [{"Node Type": "Index Only Scan","Parent Relationship": "Outer","Parallel Aware": false,"Async Capable": false,"Scan Direction": "Forward","Index Name": "customer_pkey","Relation Name": "customer","Alias": "customer","Startup Cost": 0.42,"Total Cost": 3906.42,"Plan Rows": 150000,"Plan Width": 4,"Actual Startup Time": 0.048,"Actual Total Time": 14.414,"Actual Rows": 150000,"Actual Loops": 1,"Heap Fetches": 0}]}]}]}]}]},"Planning Time": 3.409,"Triggers": [],"Execution Time": 6107.560}]
[{"Plan": {"Node Type": "Sort","Parallel Aware": false,"Async Capable": false,"Startup Cost": 65822.53,"Total Cost": 65823.03,"Plan Rows": 200,"Plan Width": 16,"Actual Startup Time": 5956.637,"Actual Total Time": 5956.675,"Actual Rows": 42,"Actual Loops": 1,"Sort Key": ["(count(*)) DESC", "(count(orders.o_orderkey)) DESC"],"Sort Method": "quicksort","Sort Space Used": 27,"Sort Space Type": "Memory","Plans": [{"Node Type": "Aggregate","Strategy": "Hashed","Partial Mode": "Simple","Parent Relationship": "Outer","Parallel Aware": false,"Async Capable": false,"Startup Cost": 65812.89,"Total Cost": 65814.89,"Plan Rows": 200,"Plan Width": 16,"Actual Startup Time": 5956.548,"Actual Total Time": 5956.590,"Actual Rows": 42,"Actual Loops": 1,"Group Key": ["count(orders.o_orderkey)"],"Planned Partitions": 0,"HashAgg Batches": 1,"Peak Memory Usage": 40,"Disk Usage": 0,"Plans": [{"Node Type": "Aggregate","Strategy": "Hashed","Partial Mode": "Simple","Parent Relationship": "Outer","Parallel Aware": false,"Async Capable": false,"Startup Cost": 62062.89,"Total Cost": 63562.89,"Plan Rows": 150000,"Plan Width": 12,"Actual Startup Time": 5763.184,"Actual Total Time": 5942.838,"Actual Rows": 150000,"Actual Loops": 1,"Group Key": ["customer.c_custkey"],"Planned Partitions": 0,"HashAgg Batches": 1,"Peak Memory Usage": 22545,"Disk Usage": 0,"Plans": [{"Node Type": "Hash Join","Parent Relationship": "Outer","Parallel Aware": false,"Async Capable": false,"Join Type": "Right","Startup Cost": 5781.42,"Total Cost": 54563.64,"Plan Rows": 1499850,"Plan Width": 8,"Actual Startup Time": 38.566,"Actual Total Time": 3955.732,"Actual Rows": 1533620,"Actual Loops": 1,"Inner Unique": true,"Hash Cond": "(orders.o_custkey = customer.c_custkey)","Plans": [{"Node Type": "Seq Scan","Parent Relationship": "Outer","Parallel Aware": false,"Async Capable": false,"Relation Name": "orders","Alias": "orders","Startup Cost": 0.00,"Total Cost": 44845.00,"Plan Rows": 1499850,"Plan Width": 8,"Actual Startup Time": 0.052,"Actual Total Time": 2713.562,"Actual Rows": 1483615,"Actual Loops": 1,"Filter": "((o_comment)::text !~~ '%pending%accounts%'::text)","Rows Removed by Filter": 16385},{"Node Type": "Hash","Parent Relationship": "Inner","Parallel Aware": false,"Async Capable": false,"Startup Cost": 3906.42,"Total Cost": 3906.42,"Plan Rows": 150000,"Plan Width": 4,"Actual Startup Time": 36.530,"Actual Total Time": 36.543,"Actual Rows": 150000,"Actual Loops": 1,"Hash Buckets": 262144,"Original Hash Buckets": 262144,"Hash Batches": 1,"Original Hash Batches": 1,"Peak Memory Usage": 7322,"Plans": [{"Node Type": "Index Only Scan","Parent Relationship": "Outer","Parallel Aware": false,"Async Capable": false,"Scan Direction": "Forward","Index Name": "customer_pkey","Relation Name": "customer","Alias": "customer","Startup Cost": 0.42,"Total Cost": 3906.42,"Plan Rows": 150000,"Plan Width": 4,"Actual Startup Time": 0.036,"Actual Total Time": 14.278,"Actual Rows": 150000,"Actual Loops": 1,"Heap Fetches": 0}]}]}]}]}]},"Planning Time": 3.568,"Triggers": [],"Execution Time": 5966.474}]
[{"Plan": {"Node Type": "Sort","Parallel Aware": false,"Async Capable": false,"Startup Cost": 65822.53,"Total Cost": 65823.03,"Plan Rows": 200,"Plan Width": 16,"Actual Startup Time": 6650.964,"Actual Total Time": 6651.000,"Actual Rows": 42,"Actual Loops": 1,"Sort Key": ["(count(*)) DESC", "(count(orders.o_orderkey)) DESC"],"Sort Method": "quicksort","Sort Space Used": 27,"Sort Space Type": "Memory","Plans": [{"Node Type": "Aggregate","Strategy": "Hashed","Partial Mode": "Simple","Parent Relationship": "Outer","Parallel Aware": false,"Async Capable": false,"Startup Cost": 65812.89,"Total Cost": 65814.89,"Plan Rows": 200,"Plan Width": 16,"Actual Startup Time": 6650.893,"Actual Total Time": 6650.940,"Actual Rows": 42,"Actual Loops": 1,"Group Key": ["count(orders.o_orderkey)"],"Planned Partitions": 0,"HashAgg Batches": 1,"Peak Memory Usage": 40,"Disk Usage": 0,"Plans": [{"Node Type": "Aggregate","Strategy": "Hashed","Partial Mode": "Simple","Parent Relationship": "Outer","Parallel Aware": false,"Async Capable": false,"Startup Cost": 62062.89,"Total Cost": 63562.89,"Plan Rows": 150000,"Plan Width": 12,"Actual Startup Time": 6477.408,"Actual Total Time": 6637.150,"Actual Rows": 150000,"Actual Loops": 1,"Group Key": ["customer.c_custkey"],"Planned Partitions": 0,"HashAgg Batches": 1,"Peak Memory Usage": 22545,"Disk Usage": 0,"Plans": [{"Node Type": "Hash Join","Parent Relationship": "Outer","Parallel Aware": false,"Async Capable": false,"Join Type": "Right","Startup Cost": 5781.42,"Total Cost": 54563.64,"Plan Rows": 1499850,"Plan Width": 8,"Actual Startup Time": 36.551,"Actual Total Time": 4552.506,"Actual Rows": 1533843,"Actual Loops": 1,"Inner Unique": true,"Hash Cond": "(orders.o_custkey = customer.c_custkey)","Plans": [{"Node Type": "Seq Scan","Parent Relationship": "Outer","Parallel Aware": false,"Async Capable": false,"Relation Name": "orders","Alias": "orders","Startup Cost": 0.00,"Total Cost": 44845.00,"Plan Rows": 1499850,"Plan Width": 8,"Actual Startup Time": 0.044,"Actual Total Time": 3147.620,"Actual Rows": 1483839,"Actual Loops": 1,"Filter": "((o_comment)::text !~~ '%pending%deposits%'::text)","Rows Removed by Filter": 16161},{"Node Type": "Hash","Parent Relationship": "Inner","Parallel Aware": false,"Async Capable": false,"Startup Cost": 3906.42,"Total Cost": 3906.42,"Plan Rows": 150000,"Plan Width": 4,"Actual Startup Time": 34.769,"Actual Total Time": 34.783,"Actual Rows": 150000,"Actual Loops": 1,"Hash Buckets": 262144,"Original Hash Buckets": 262144,"Hash Batches": 1,"Original Hash Batches": 1,"Peak Memory Usage": 7322,"Plans": [{"Node Type": "Index Only Scan","Parent Relationship": "Outer","Parallel Aware": false,"Async Capable": false,"Scan Direction": "Forward","Index Name": "customer_pkey","Relation Name": "customer","Alias": "customer","Startup Cost": 0.42,"Total Cost": 3906.42,"Plan Rows": 150000,"Plan Width": 4,"Actual Startup Time": 0.065,"Actual Total Time": 13.424,"Actual Rows": 150000,"Actual Loops": 1,"Heap Fetches": 0}]}]}]}]}]},"Planning Time": 3.594,"Triggers": [],"Execution Time": 6658.782}]
[{"Plan": {"Node Type": "Sort","Parallel Aware": false,"Async Capable": false,"Startup Cost": 65592.61,"Total Cost": 65593.11,"Plan Rows": 200,"Plan Width": 16,"Actual Startup Time": 6108.888,"Actual Total Time": 6108.932,"Actual Rows": 42,"Actual Loops": 1,"Sort Key": ["(count(*)) DESC", "(count(orders.o_orderkey)) DESC"],"Sort Method": "quicksort","Sort Space Used": 27,"Sort Space Type": "Memory","Plans": [{"Node Type": "Aggregate","Strategy": "Hashed","Partial Mode": "Simple","Parent Relationship": "Outer","Parallel Aware": false,"Async Capable": false,"Startup Cost": 65582.97,"Total Cost": 65584.97,"Plan Rows": 200,"Plan Width": 16,"Actual Startup Time": 6108.797,"Actual Total Time": 6108.848,"Actual Rows": 42,"Actual Loops": 1,"Group Key": ["count(orders.o_orderkey)"],"Planned Partitions": 0,"HashAgg Batches": 1,"Peak Memory Usage": 40,"Disk Usage": 0,"Plans": [{"Node Type": "Aggregate","Strategy": "Hashed","Partial Mode": "Simple","Parent Relationship": "Outer","Parallel Aware": false,"Async Capable": false,"Startup Cost": 61832.97,"Total Cost": 63332.97,"Plan Rows": 150000,"Plan Width": 12,"Actual Startup Time": 5916.041,"Actual Total Time": 6095.043,"Actual Rows": 150000,"Actual Loops": 1,"Group Key": ["customer.c_custkey"],"Planned Partitions": 0,"HashAgg Batches": 1,"Peak Memory Usage": 22545,"Disk Usage": 0,"Plans": [{"Node Type": "Hash Join","Parent Relationship": "Outer","Parallel Aware": false,"Async Capable": false,"Join Type": "Right","Startup Cost": 5781.42,"Total Cost": 54484.49,"Plan Rows": 1469697,"Plan Width": 8,"Actual Startup Time": 39.068,"Actual Total Time": 4097.616,"Actual Rows": 1534019,"Actual Loops": 1,"Inner Unique": true,"Hash Cond": "(orders.o_custkey = customer.c_custkey)","Plans": [{"Node Type": "Seq Scan","Parent Relationship": "Outer","Parallel Aware": false,"Async Capable": false,"Relation Name": "orders","Alias": "orders","Startup Cost": 0.00,"Total Cost": 44845.00,"Plan Rows": 1469697,"Plan Width": 8,"Actual Startup Time": 0.051,"Actual Total Time": 2823.952,"Actual Rows": 1484015,"Actual Loops": 1,"Filter": "((o_comment)::text !~~ '%express%accounts%'::text)","Rows Removed by Filter": 15985},{"Node Type": "Hash","Parent Relationship": "Inner","Parallel Aware": false,"Async Capable": false,"Startup Cost": 3906.42,"Total Cost": 3906.42,"Plan Rows": 150000,"Plan Width": 4,"Actual Startup Time": 37.191,"Actual Total Time": 37.207,"Actual Rows": 150000,"Actual Loops": 1,"Hash Buckets": 262144,"Original Hash Buckets": 262144,"Hash Batches": 1,"Original Hash Batches": 1,"Peak Memory Usage": 7322,"Plans": [{"Node Type": "Index Only Scan","Parent Relationship": "Outer","Parallel Aware": false,"Async Capable": false,"Scan Direction": "Forward","Index Name": "customer_pkey","Relation Name": "customer","Alias": "customer","Startup Cost": 0.42,"Total Cost": 3906.42,"Plan Rows": 150000,"Plan Width": 4,"Actual Startup Time": 0.038,"Actual Total Time": 14.188,"Actual Rows": 150000,"Actual Loops": 1,"Heap Fetches": 0}]}]}]}]}]},"Planning Time": 3.814,"Triggers": [],"Execution Time": 6118.531}]
[{"Plan": {"Node Type": "Sort","Parallel Aware": false,"Async Capable": false,"Startup Cost": 65708.14,"Total Cost": 65708.64,"Plan Rows": 200,"Plan Width": 16,"Actual Startup Time": 6096.152,"Actual Total Time": 6096.183,"Actual Rows": 42,"Actual Loops": 1,"Sort Key": ["(count(*)) DESC", "(count(orders.o_orderkey)) DESC"],"Sort Method": "quicksort","Sort Space Used": 27,"Sort Space Type": "Memory","Plans": [{"Node Type": "Aggregate","Strategy": "Hashed","Partial Mode": "Simple","Parent Relationship": "Outer","Parallel Aware": false,"Async Capable": false,"Startup Cost": 65698.50,"Total Cost": 65700.50,"Plan Rows": 200,"Plan Width": 16,"Actual Startup Time": 6096.055,"Actual Total Time": 6096.099,"Actual Rows": 42,"Actual Loops": 1,"Group Key": ["count(orders.o_orderkey)"],"Planned Partitions": 0,"HashAgg Batches": 1,"Peak Memory Usage": 40,"Disk Usage": 0,"Plans": [{"Node Type": "Aggregate","Strategy": "Hashed","Partial Mode": "Simple","Parent Relationship": "Outer","Parallel Aware": false,"Async Capable": false,"Startup Cost": 61948.50,"Total Cost": 63448.50,"Plan Rows": 150000,"Plan Width": 12,"Actual Startup Time": 5916.888,"Actual Total Time": 6082.285,"Actual Rows": 150000,"Actual Loops": 1,"Group Key": ["customer.c_custkey"],"Planned Partitions": 0,"HashAgg Batches": 1,"Peak Memory Usage": 22545,"Disk Usage": 0,"Plans": [{"Node Type": "Hash Join","Parent Relationship": "Outer","Parallel Aware": false,"Async Capable": false,"Join Type": "Right","Startup Cost": 5781.42,"Total Cost": 54524.26,"Plan Rows": 1484848,"Plan Width": 8,"Actual Startup Time": 39.799,"Actual Total Time": 4085.231,"Actual Rows": 1533660,"Actual Loops": 1,"Inner Unique": true,"Hash Cond": "(orders.o_custkey = customer.c_custkey)","Plans": [{"Node Type": "Seq Scan","Parent Relationship": "Outer","Parallel Aware": false,"Async Capable": false,"Relation Name": "orders","Alias": "orders","Startup Cost": 0.00,"Total Cost": 44845.00,"Plan Rows": 1484848,"Plan Width": 8,"Actual Startup Time": 0.053,"Actual Total Time": 2810.059,"Actual Rows": 1483656,"Actual Loops": 1,"Filter": "((o_comment)::text !~~ '%pending%requests%'::text)","Rows Removed by Filter": 16344},{"Node Type": "Hash","Parent Relationship": "Inner","Parallel Aware": false,"Async Capable": false,"Startup Cost": 3906.42,"Total Cost": 3906.42,"Plan Rows": 150000,"Plan Width": 4,"Actual Startup Time": 37.918,"Actual Total Time": 37.930,"Actual Rows": 150000,"Actual Loops": 1,"Hash Buckets": 262144,"Original Hash Buckets": 262144,"Hash Batches": 1,"Original Hash Batches": 1,"Peak Memory Usage": 7322,"Plans": [{"Node Type": "Index Only Scan","Parent Relationship": "Outer","Parallel Aware": false,"Async Capable": false,"Scan Direction": "Forward","Index Name": "customer_pkey","Relation Name": "customer","Alias": "customer","Startup Cost": 0.42,"Total Cost": 3906.42,"Plan Rows": 150000,"Plan Width": 4,"Actual Startup Time": 0.035,"Actual Total Time": 14.493,"Actual Rows": 150000,"Actual Loops": 1,"Heap Fetches": 0}]}]}]}]}]},"Planning Time": 4.221,"Triggers": [],"Execution Time": 6104.310}]
[{"Plan": {"Node Type": "Sort","Parallel Aware": false,"Async Capable": false,"Startup Cost": 65822.53,"Total Cost": 65823.03,"Plan Rows": 200,"Plan Width": 16,"Actual Startup Time": 6101.280,"Actual Total Time": 6101.314,"Actual Rows": 42,"Actual Loops": 1,"Sort Key": ["(count(*)) DESC", "(count(orders.o_orderkey)) DESC"],"Sort Method": "quicksort","Sort Space Used": 27,"Sort Space Type": "Memory","Plans": [{"Node Type": "Aggregate","Strategy": "Hashed","Partial Mode": "Simple","Parent Relationship": "Outer","Parallel Aware": false,"Async Capable": false,"Startup Cost": 65812.89,"Total Cost": 65814.89,"Plan Rows": 200,"Plan Width": 16,"Actual Startup Time": 6101.184,"Actual Total Time": 6101.232,"Actual Rows": 42,"Actual Loops": 1,"Group Key": ["count(orders.o_orderkey)"],"Planned Partitions": 0,"HashAgg Batches": 1,"Peak Memory Usage": 40,"Disk Usage": 0,"Plans": [{"Node Type": "Aggregate","Strategy": "Hashed","Partial Mode": "Simple","Parent Relationship": "Outer","Parallel Aware": false,"Async Capable": false,"Startup Cost": 62062.89,"Total Cost": 63562.89,"Plan Rows": 150000,"Plan Width": 12,"Actual Startup Time": 5921.162,"Actual Total Time": 6087.400,"Actual Rows": 150000,"Actual Loops": 1,"Group Key": ["customer.c_custkey"],"Planned Partitions": 0,"HashAgg Batches": 1,"Peak Memory Usage": 22545,"Disk Usage": 0,"Plans": [{"Node Type": "Hash Join","Parent Relationship": "Outer","Parallel Aware": false,"Async Capable": false,"Join Type": "Right","Startup Cost": 5781.42,"Total Cost": 54563.64,"Plan Rows": 1499850,"Plan Width": 8,"Actual Startup Time": 39.228,"Actual Total Time": 4074.723,"Actual Rows": 1533808,"Actual Loops": 1,"Inner Unique": true,"Hash Cond": "(orders.o_custkey = customer.c_custkey)","Plans": [{"Node Type": "Seq Scan","Parent Relationship": "Outer","Parallel Aware": false,"Async Capable": false,"Relation Name": "orders","Alias": "orders","Startup Cost": 0.00,"Total Cost": 44845.00,"Plan Rows": 1499850,"Plan Width": 8,"Actual Startup Time": 0.056,"Actual Total Time": 2834.984,"Actual Rows": 1483804,"Actual Loops": 1,"Filter": "((o_comment)::text !~~ '%special%deposits%'::text)","Rows Removed by Filter": 16196},{"Node Type": "Hash","Parent Relationship": "Inner","Parallel Aware": false,"Async Capable": false,"Startup Cost": 3906.42,"Total Cost": 3906.42,"Plan Rows": 150000,"Plan Width": 4,"Actual Startup Time": 37.438,"Actual Total Time": 37.451,"Actual Rows": 150000,"Actual Loops": 1,"Hash Buckets": 262144,"Original Hash Buckets": 262144,"Hash Batches": 1,"Original Hash Batches": 1,"Peak Memory Usage": 7322,"Plans": [{"Node Type": "Index Only Scan","Parent Relationship": "Outer","Parallel Aware": false,"Async Capable": false,"Scan Direction": "Forward","Index Name": "customer_pkey","Relation Name": "customer","Alias": "customer","Startup Cost": 0.42,"Total Cost": 3906.42,"Plan Rows": 150000,"Plan Width": 4,"Actual Startup Time": 0.049,"Actual Total Time": 14.639,"Actual Rows": 150000,"Actual Loops": 1,"Heap Fetches": 0}]}]}]}]}]},"Planning Time": 3.971,"Triggers": [],"Execution Time": 6110.955}]
[{"Plan": {"Node Type": "Sort","Parallel Aware": false,"Async Capable": false,"Startup Cost": 65592.61,"Total Cost": 65593.11,"Plan Rows": 200,"Plan Width": 16,"Actual Startup Time": 6147.348,"Actual Total Time": 6147.387,"Actual Rows": 42,"Actual Loops": 1,"Sort Key": ["(count(*)) DESC", "(count(orders.o_orderkey)) DESC"],"Sort Method": "quicksort","Sort Space Used": 27,"Sort Space Type": "Memory","Plans": [{"Node Type": "Aggregate","Strategy": "Hashed","Partial Mode": "Simple","Parent Relationship": "Outer","Parallel Aware": false,"Async Capable": false,"Startup Cost": 65582.97,"Total Cost": 65584.97,"Plan Rows": 200,"Plan Width": 16,"Actual Startup Time": 6147.247,"Actual Total Time": 6147.296,"Actual Rows": 42,"Actual Loops": 1,"Group Key": ["count(orders.o_orderkey)"],"Planned Partitions": 0,"HashAgg Batches": 1,"Peak Memory Usage": 40,"Disk Usage": 0,"Plans": [{"Node Type": "Aggregate","Strategy": "Hashed","Partial Mode": "Simple","Parent Relationship": "Outer","Parallel Aware": false,"Async Capable": false,"Startup Cost": 61832.97,"Total Cost": 63332.97,"Plan Rows": 150000,"Plan Width": 12,"Actual Startup Time": 5968.961,"Actual Total Time": 6133.532,"Actual Rows": 150000,"Actual Loops": 1,"Group Key": ["customer.c_custkey"],"Planned Partitions": 0,"HashAgg Batches": 1,"Peak Memory Usage": 22545,"Disk Usage": 0,"Plans": [{"Node Type": "Hash Join","Parent Relationship": "Outer","Parallel Aware": false,"Async Capable": false,"Join Type": "Right","Startup Cost": 5781.42,"Total Cost": 54484.49,"Plan Rows": 1469697,"Plan Width": 8,"Actual Startup Time": 38.076,"Actual Total Time": 4114.998,"Actual Rows": 1533945,"Actual Loops": 1,"Inner Unique": true,"Hash Cond": "(orders.o_custkey = customer.c_custkey)","Plans": [{"Node Type": "Seq Scan","Parent Relationship": "Outer","Parallel Aware": false,"Async Capable": false,"Relation Name": "orders","Alias": "orders","Startup Cost": 0.00,"Total Cost": 44845.00,"Plan Rows": 1469697,"Plan Width": 8,"Actual Startup Time": 0.049,"Actual Total Time": 2844.878,"Actual Rows": 1483941,"Actual Loops": 1,"Filter": "((o_comment)::text !~~ '%express%packages%'::text)","Rows Removed by Filter": 16059},{"Node Type": "Hash","Parent Relationship": "Inner","Parallel Aware": false,"Async Capable": false,"Startup Cost": 3906.42,"Total Cost": 3906.42,"Plan Rows": 150000,"Plan Width": 4,"Actual Startup Time": 36.257,"Actual Total Time": 36.268,"Actual Rows": 150000,"Actual Loops": 1,"Hash Buckets": 262144,"Original Hash Buckets": 262144,"Hash Batches": 1,"Original Hash Batches": 1,"Peak Memory Usage": 7322,"Plans": [{"Node Type": "Index Only Scan","Parent Relationship": "Outer","Parallel Aware": false,"Async Capable": false,"Scan Direction": "Forward","Index Name": "customer_pkey","Relation Name": "customer","Alias": "customer","Startup Cost": 0.42,"Total Cost": 3906.42,"Plan Rows": 150000,"Plan Width": 4,"Actual Startup Time": 0.063,"Actual Total Time": 14.588,"Actual Rows": 150000,"Actual Loops": 1,"Heap Fetches": 0}]}]}]}]}]},"Planning Time": 3.934,"Triggers": [],"Execution Time": 6155.513}]
[{"Plan": {"Node Type": "Sort","Parallel Aware": false,"Async Capable": false,"Startup Cost": 65477.08,"Total Cost": 65477.58,"Plan Rows": 200,"Plan Width": 16,"Actual Startup Time": 6131.456,"Actual Total Time": 6131.495,"Actual Rows": 42,"Actual Loops": 1,"Sort Key": ["(count(*)) DESC", "(count(orders.o_orderkey)) DESC"],"Sort Method": "quicksort","Sort Space Used": 27,"Sort Space Type": "Memory","Plans": [{"Node Type": "Aggregate","Strategy": "Hashed","Partial Mode": "Simple","Parent Relationship": "Outer","Parallel Aware": false,"Async Capable": false,"Startup Cost": 65467.44,"Total Cost": 65469.44,"Plan Rows": 200,"Plan Width": 16,"Actual Startup Time": 6131.350,"Actual Total Time": 6131.398,"Actual Rows": 42,"Actual Loops": 1,"Group Key": ["count(orders.o_orderkey)"],"Planned Partitions": 0,"HashAgg Batches": 1,"Peak Memory Usage": 40,"Disk Usage": 0,"Plans": [{"Node Type": "Aggregate","Strategy": "Hashed","Partial Mode": "Simple","Parent Relationship": "Outer","Parallel Aware": false,"Async Capable": false,"Startup Cost": 61717.44,"Total Cost": 63217.44,"Plan Rows": 150000,"Plan Width": 12,"Actual Startup Time": 5953.045,"Actual Total Time": 6117.615,"Actual Rows": 150000,"Actual Loops": 1,"Group Key": ["customer.c_custkey"],"Planned Partitions": 0,"HashAgg Batches": 1,"Peak Memory Usage": 22545,"Disk Usage": 0,"Plans": [{"Node Type": "Hash Join","Parent Relationship": "Outer","Parallel Aware": false,"Async Capable": false,"Join Type": "Right","Startup Cost": 5781.42,"Total Cost": 54444.71,"Plan Rows": 1454545,"Plan Width": 8,"Actual Startup Time": 38.590,"Actual Total Time": 4109.614,"Actual Rows": 1533923,"Actual Loops": 1,"Inner Unique": true,"Hash Cond": "(orders.o_custkey = customer.c_custkey)","Plans": [{"Node Type": "Seq Scan","Parent Relationship": "Outer","Parallel Aware": false,"Async Capable": false,"Relation Name": "orders","Alias": "orders","Startup Cost": 0.00,"Total Cost": 44845.00,"Plan Rows": 1454545,"Plan Width": 8,"Actual Startup Time": 0.061,"Actual Total Time": 2840.022,"Actual Rows": 1483918,"Actual Loops": 1,"Filter": "((o_comment)::text !~~ '%special%requests%'::text)","Rows Removed by Filter": 16082},{"Node Type": "Hash","Parent Relationship": "Inner","Parallel Aware": false,"Async Capable": false,"Startup Cost": 3906.42,"Total Cost": 3906.42,"Plan Rows": 150000,"Plan Width": 4,"Actual Startup Time": 36.739,"Actual Total Time": 36.756,"Actual Rows": 150000,"Actual Loops": 1,"Hash Buckets": 262144,"Original Hash Buckets": 262144,"Hash Batches": 1,"Original Hash Batches": 1,"Peak Memory Usage": 7322,"Plans": [{"Node Type": "Index Only Scan","Parent Relationship": "Outer","Parallel Aware": false,"Async Capable": false,"Scan Direction": "Forward","Index Name": "customer_pkey","Relation Name": "customer","Alias": "customer","Startup Cost": 0.42,"Total Cost": 3906.42,"Plan Rows": 150000,"Plan Width": 4,"Actual Startup Time": 0.061,"Actual Total Time": 14.504,"Actual Rows": 150000,"Actual Loops": 1,"Heap Fetches": 0}]}]}]}]}]},"Planning Time": 3.536,"Triggers": [],"Execution Time": 6139.749}]
[{"Plan": {"Node Type": "Sort","Parallel Aware": false,"Async Capable": false,"Startup Cost": 65592.61,"Total Cost": 65593.11,"Plan Rows": 200,"Plan Width": 16,"Actual Startup Time": 6059.416,"Actual Total Time": 6059.459,"Actual Rows": 42,"Actual Loops": 1,"Sort Key": ["(count(*)) DESC", "(count(orders.o_orderkey)) DESC"],"Sort Method": "quicksort","Sort Space Used": 27,"Sort Space Type": "Memory","Plans": [{"Node Type": "Aggregate","Strategy": "Hashed","Partial Mode": "Simple","Parent Relationship": "Outer","Parallel Aware": false,"Async Capable": false,"Startup Cost": 65582.97,"Total Cost": 65584.97,"Plan Rows": 200,"Plan Width": 16,"Actual Startup Time": 6059.318,"Actual Total Time": 6059.369,"Actual Rows": 42,"Actual Loops": 1,"Group Key": ["count(orders.o_orderkey)"],"Planned Partitions": 0,"HashAgg Batches": 1,"Peak Memory Usage": 40,"Disk Usage": 0,"Plans": [{"Node Type": "Aggregate","Strategy": "Hashed","Partial Mode": "Simple","Parent Relationship": "Outer","Parallel Aware": false,"Async Capable": false,"Startup Cost": 61832.97,"Total Cost": 63332.97,"Plan Rows": 150000,"Plan Width": 12,"Actual Startup Time": 5864.158,"Actual Total Time": 6045.542,"Actual Rows": 150000,"Actual Loops": 1,"Group Key": ["customer.c_custkey"],"Planned Partitions": 0,"HashAgg Batches": 1,"Peak Memory Usage": 22545,"Disk Usage": 0,"Plans": [{"Node Type": "Hash Join","Parent Relationship": "Outer","Parallel Aware": false,"Async Capable": false,"Join Type": "Right","Startup Cost": 5781.42,"Total Cost": 54484.49,"Plan Rows": 1469697,"Plan Width": 8,"Actual Startup Time": 38.198,"Actual Total Time": 4061.016,"Actual Rows": 1533817,"Actual Loops": 1,"Inner Unique": true,"Hash Cond": "(orders.o_custkey = customer.c_custkey)","Plans": [{"Node Type": "Seq Scan","Parent Relationship": "Outer","Parallel Aware": false,"Async Capable": false,"Relation Name": "orders","Alias": "orders","Startup Cost": 0.00,"Total Cost": 44845.00,"Plan Rows": 1469697,"Plan Width": 8,"Actual Startup Time": 0.037,"Actual Total Time": 2812.366,"Actual Rows": 1483813,"Actual Loops": 1,"Filter": "((o_comment)::text !~~ '%unusual%requests%'::text)","Rows Removed by Filter": 16187},{"Node Type": "Hash","Parent Relationship": "Inner","Parallel Aware": false,"Async Capable": false,"Startup Cost": 3906.42,"Total Cost": 3906.42,"Plan Rows": 150000,"Plan Width": 4,"Actual Startup Time": 36.318,"Actual Total Time": 36.334,"Actual Rows": 150000,"Actual Loops": 1,"Hash Buckets": 262144,"Original Hash Buckets": 262144,"Hash Batches": 1,"Original Hash Batches": 1,"Peak Memory Usage": 7322,"Plans": [{"Node Type": "Index Only Scan","Parent Relationship": "Outer","Parallel Aware": false,"Async Capable": false,"Scan Direction": "Forward","Index Name": "customer_pkey","Relation Name": "customer","Alias": "customer","Startup Cost": 0.42,"Total Cost": 3906.42,"Plan Rows": 150000,"Plan Width": 4,"Actual Startup Time": 0.044,"Actual Total Time": 14.416,"Actual Rows": 150000,"Actual Loops": 1,"Heap Fetches": 0}]}]}]}]}]},"Planning Time": 3.526,"Triggers": [],"Execution Time": 6069.080}]
[{"Plan": {"Node Type": "Sort","Parallel Aware": false,"Async Capable": false,"Startup Cost": 65477.08,"Total Cost": 65477.58,"Plan Rows": 200,"Plan Width": 16,"Actual Startup Time": 6131.456,"Actual Total Time": 6131.495,"Actual Rows": 42,"Actual Loops": 1,"Sort Key": ["(count(*)) DESC", "(count(orders.o_orderkey)) DESC"],"Sort Method": "quicksort","Sort Space Used": 27,"Sort Space Type": "Memory","Plans": [{"Node Type": "Aggregate","Strategy": "Hashed","Partial Mode": "Simple","Parent Relationship": "Outer","Parallel Aware": false,"Async Capable": false,"Startup Cost": 65467.44,"Total Cost": 65469.44,"Plan Rows": 200,"Plan Width": 16,"Actual Startup Time": 6131.350,"Actual Total Time": 6131.398,"Actual Rows": 42,"Actual Loops": 1,"Group Key": ["count(orders.o_orderkey)"],"Planned Partitions": 0,"HashAgg Batches": 1,"Peak Memory Usage": 40,"Disk Usage": 0,"Plans": [{"Node Type": "Aggregate","Strategy": "Hashed","Partial Mode": "Simple","Parent Relationship": "Outer","Parallel Aware": false,"Async Capable": false,"Startup Cost": 61717.44,"Total Cost": 63217.44,"Plan Rows": 150000,"Plan Width": 12,"Actual Startup Time": 5953.045,"Actual Total Time": 6117.615,"Actual Rows": 150000,"Actual Loops": 1,"Group Key": ["customer.c_custkey"],"Planned Partitions": 0,"HashAgg Batches": 1,"Peak Memory Usage": 22545,"Disk Usage": 0,"Plans": [{"Node Type": "Hash Join","Parent Relationship": "Outer","Parallel Aware": false,"Async Capable": false,"Join Type": "Right","Startup Cost": 5781.42,"Total Cost": 54444.71,"Plan Rows": 1454545,"Plan Width": 8,"Actual Startup Time": 38.590,"Actual Total Time": 4109.614,"Actual Rows": 1533923,"Actual Loops": 1,"Inner Unique": true,"Hash Cond": "(orders.o_custkey = customer.c_custkey)","Plans": [{"Node Type": "Seq Scan","Parent Relationship": "Outer","Parallel Aware": false,"Async Capable": false,"Relation Name": "orders","Alias": "orders","Startup Cost": 0.00,"Total Cost": 44845.00,"Plan Rows": 1454545,"Plan Width": 8,"Actual Startup Time": 0.061,"Actual Total Time": 2840.022,"Actual Rows": 1483918,"Actual Loops": 1,"Filter": "((o_comment)::text !~~ '%special%requests%'::text)","Rows Removed by Filter": 16082},{"Node Type": "Hash","Parent Relationship": "Inner","Parallel Aware": false,"Async Capable": false,"Startup Cost": 3906.42,"Total Cost": 3906.42,"Plan Rows": 150000,"Plan Width": 4,"Actual Startup Time": 36.739,"Actual Total Time": 36.756,"Actual Rows": 150000,"Actual Loops": 1,"Hash Buckets": 262144,"Original Hash Buckets": 262144,"Hash Batches": 1,"Original Hash Batches": 1,"Peak Memory Usage": 7322,"Plans": [{"Node Type": "Index Only Scan","Parent Relationship": "Outer","Parallel Aware": false,"Async Capable": false,"Scan Direction": "Forward","Index Name": "customer_pkey","Relation Name": "customer","Alias": "customer","Startup Cost": 0.42,"Total Cost": 3906.42,"Plan Rows": 150000,"Plan Width": 4,"Actual Startup Time": 0.061,"Actual Total Time": 14.504,"Actual Rows": 150000,"Actual Loops": 1,"Heap Fetches": 0}]}]}]}]}]},"Planning Time": 3.536,"Triggers": [],"Execution Time": 6139.749}]
[{"Plan": {"Node Type": "Sort","Parallel Aware": false,"Async Capable": false,"Startup Cost": 65708.14,"Total Cost": 65708.64,"Plan Rows": 200,"Plan Width": 16,"Actual Startup Time": 6706.121,"Actual Total Time": 6706.163,"Actual Rows": 42,"Actual Loops": 1,"Sort Key": ["(count(*)) DESC", "(count(orders.o_orderkey)) DESC"],"Sort Method": "quicksort","Sort Space Used": 27,"Sort Space Type": "Memory","Plans": [{"Node Type": "Aggregate","Strategy": "Hashed","Partial Mode": "Simple","Parent Relationship": "Outer","Parallel Aware": false,"Async Capable": false,"Startup Cost": 65698.50,"Total Cost": 65700.50,"Plan Rows": 200,"Plan Width": 16,"Actual Startup Time": 6706.048,"Actual Total Time": 6706.098,"Actual Rows": 42,"Actual Loops": 1,"Group Key": ["count(orders.o_orderkey)"],"Planned Partitions": 0,"HashAgg Batches": 1,"Peak Memory Usage": 40,"Disk Usage": 0,"Plans": [{"Node Type": "Aggregate","Strategy": "Hashed","Partial Mode": "Simple","Parent Relationship": "Outer","Parallel Aware": false,"Async Capable": false,"Startup Cost": 61948.50,"Total Cost": 63448.50,"Plan Rows": 150000,"Plan Width": 12,"Actual Startup Time": 6534.914,"Actual Total Time": 6692.300,"Actual Rows": 150000,"Actual Loops": 1,"Group Key": ["customer.c_custkey"],"Planned Partitions": 0,"HashAgg Batches": 1,"Peak Memory Usage": 22545,"Disk Usage": 0,"Plans": [{"Node Type": "Hash Join","Parent Relationship": "Outer","Parallel Aware": false,"Async Capable": false,"Join Type": "Right","Startup Cost": 5781.42,"Total Cost": 54524.26,"Plan Rows": 1484848,"Plan Width": 8,"Actual Startup Time": 35.450,"Actual Total Time": 4617.784,"Actual Rows": 1533791,"Actual Loops": 1,"Inner Unique": true,"Hash Cond": "(orders.o_custkey = customer.c_custkey)","Plans": [{"Node Type": "Seq Scan","Parent Relationship": "Outer","Parallel Aware": false,"Async Capable": false,"Relation Name": "orders","Alias": "orders","Startup Cost": 0.00,"Total Cost": 44845.00,"Plan Rows": 1484848,"Plan Width": 8,"Actual Startup Time": 0.045,"Actual Total Time": 3189.289,"Actual Rows": 1483787,"Actual Loops": 1,"Filter": "((o_comment)::text !~~ '%unusual%packages%'::text)","Rows Removed by Filter": 16213},{"Node Type": "Hash","Parent Relationship": "Inner","Parallel Aware": false,"Async Capable": false,"Startup Cost": 3906.42,"Total Cost": 3906.42,"Plan Rows": 150000,"Plan Width": 4,"Actual Startup Time": 33.722,"Actual Total Time": 33.741,"Actual Rows": 150000,"Actual Loops": 1,"Hash Buckets": 262144,"Original Hash Buckets": 262144,"Hash Batches": 1,"Original Hash Batches": 1,"Peak Memory Usage": 7322,"Plans": [{"Node Type": "Index Only Scan","Parent Relationship": "Outer","Parallel Aware": false,"Async Capable": false,"Scan Direction": "Forward","Index Name": "customer_pkey","Relation Name": "customer","Alias": "customer","Startup Cost": 0.42,"Total Cost": 3906.42,"Plan Rows": 150000,"Plan Width": 4,"Actual Startup Time": 0.040,"Actual Total Time": 13.017,"Actual Rows": 150000,"Actual Loops": 1,"Heap Fetches": 0}]}]}]}]}]},"Planning Time": 3.840,"Triggers": [],"Execution Time": 6714.032}]
[{"Plan": {"Node Type": "Sort","Parallel Aware": false,"Async Capable": false,"Startup Cost": 65708.14,"Total Cost": 65708.64,"Plan Rows": 200,"Plan Width": 16,"Actual Startup Time": 6009.895,"Actual Total Time": 6009.932,"Actual Rows": 42,"Actual Loops": 1,"Sort Key": ["(count(*)) DESC", "(count(orders.o_orderkey)) DESC"],"Sort Method": "quicksort","Sort Space Used": 27,"Sort Space Type": "Memory","Plans": [{"Node Type": "Aggregate","Strategy": "Hashed","Partial Mode": "Simple","Parent Relationship": "Outer","Parallel Aware": false,"Async Capable": false,"Startup Cost": 65698.50,"Total Cost": 65700.50,"Plan Rows": 200,"Plan Width": 16,"Actual Startup Time": 6009.807,"Actual Total Time": 6009.848,"Actual Rows": 42,"Actual Loops": 1,"Group Key": ["count(orders.o_orderkey)"],"Planned Partitions": 0,"HashAgg Batches": 1,"Peak Memory Usage": 40,"Disk Usage": 0,"Plans": [{"Node Type": "Aggregate","Strategy": "Hashed","Partial Mode": "Simple","Parent Relationship": "Outer","Parallel Aware": false,"Async Capable": false,"Startup Cost": 61948.50,"Total Cost": 63448.50,"Plan Rows": 150000,"Plan Width": 12,"Actual Startup Time": 5831.373,"Actual Total Time": 5996.054,"Actual Rows": 150000,"Actual Loops": 1,"Group Key": ["customer.c_custkey"],"Planned Partitions": 0,"HashAgg Batches": 1,"Peak Memory Usage": 22545,"Disk Usage": 0,"Plans": [{"Node Type": "Hash Join","Parent Relationship": "Outer","Parallel Aware": false,"Async Capable": false,"Join Type": "Right","Startup Cost": 5781.42,"Total Cost": 54524.26,"Plan Rows": 1484848,"Plan Width": 8,"Actual Startup Time": 39.338,"Actual Total Time": 3994.258,"Actual Rows": 1533903,"Actual Loops": 1,"Inner Unique": true,"Hash Cond": "(orders.o_custkey = customer.c_custkey)","Plans": [{"Node Type": "Seq Scan","Parent Relationship": "Outer","Parallel Aware": false,"Async Capable": false,"Relation Name": "orders","Alias": "orders","Startup Cost": 0.00,"Total Cost": 44845.00,"Plan Rows": 1484848,"Plan Width": 8,"Actual Startup Time": 0.067,"Actual Total Time": 2735.690,"Actual Rows": 1483898,"Actual Loops": 1,"Filter": "((o_comment)::text !~~ '%pending%packages%'::text)","Rows Removed by Filter": 16102},{"Node Type": "Hash","Parent Relationship": "Inner","Parallel Aware": false,"Async Capable": false,"Startup Cost": 3906.42,"Total Cost": 3906.42,"Plan Rows": 150000,"Plan Width": 4,"Actual Startup Time": 37.449,"Actual Total Time": 37.461,"Actual Rows": 150000,"Actual Loops": 1,"Hash Buckets": 262144,"Original Hash Buckets": 262144,"Hash Batches": 1,"Original Hash Batches": 1,"Peak Memory Usage": 7322,"Plans": [{"Node Type": "Index Only Scan","Parent Relationship": "Outer","Parallel Aware": false,"Async Capable": false,"Scan Direction": "Forward","Index Name": "customer_pkey","Relation Name": "customer","Alias": "customer","Startup Cost": 0.42,"Total Cost": 3906.42,"Plan Rows": 150000,"Plan Width": 4,"Actual Startup Time": 0.047,"Actual Total Time": 14.301,"Actual Rows": 150000,"Actual Loops": 1,"Heap Fetches": 0}]}]}]}]}]},"Planning Time": 4.405,"Triggers": [],"Execution Time": 6018.249}]
[{"Plan": {"Node Type": "Sort","Parallel Aware": false,"Async Capable": false,"Startup Cost": 65592.61,"Total Cost": 65593.11,"Plan Rows": 200,"Plan Width": 16,"Actual Startup Time": 6108.888,"Actual Total Time": 6108.932,"Actual Rows": 42,"Actual Loops": 1,"Sort Key": ["(count(*)) DESC", "(count(orders.o_orderkey)) DESC"],"Sort Method": "quicksort","Sort Space Used": 27,"Sort Space Type": "Memory","Plans": [{"Node Type": "Aggregate","Strategy": "Hashed","Partial Mode": "Simple","Parent Relationship": "Outer","Parallel Aware": false,"Async Capable": false,"Startup Cost": 65582.97,"Total Cost": 65584.97,"Plan Rows": 200,"Plan Width": 16,"Actual Startup Time": 6108.797,"Actual Total Time": 6108.848,"Actual Rows": 42,"Actual Loops": 1,"Group Key": ["count(orders.o_orderkey)"],"Planned Partitions": 0,"HashAgg Batches": 1,"Peak Memory Usage": 40,"Disk Usage": 0,"Plans": [{"Node Type": "Aggregate","Strategy": "Hashed","Partial Mode": "Simple","Parent Relationship": "Outer","Parallel Aware": false,"Async Capable": false,"Startup Cost": 61832.97,"Total Cost": 63332.97,"Plan Rows": 150000,"Plan Width": 12,"Actual Startup Time": 5916.041,"Actual Total Time": 6095.043,"Actual Rows": 150000,"Actual Loops": 1,"Group Key": ["customer.c_custkey"],"Planned Partitions": 0,"HashAgg Batches": 1,"Peak Memory Usage": 22545,"Disk Usage": 0,"Plans": [{"Node Type": "Hash Join","Parent Relationship": "Outer","Parallel Aware": false,"Async Capable": false,"Join Type": "Right","Startup Cost": 5781.42,"Total Cost": 54484.49,"Plan Rows": 1469697,"Plan Width": 8,"Actual Startup Time": 39.068,"Actual Total Time": 4097.616,"Actual Rows": 1534019,"Actual Loops": 1,"Inner Unique": true,"Hash Cond": "(orders.o_custkey = customer.c_custkey)","Plans": [{"Node Type": "Seq Scan","Parent Relationship": "Outer","Parallel Aware": false,"Async Capable": false,"Relation Name": "orders","Alias": "orders","Startup Cost": 0.00,"Total Cost": 44845.00,"Plan Rows": 1469697,"Plan Width": 8,"Actual Startup Time": 0.051,"Actual Total Time": 2823.952,"Actual Rows": 1484015,"Actual Loops": 1,"Filter": "((o_comment)::text !~~ '%express%accounts%'::text)","Rows Removed by Filter": 15985},{"Node Type": "Hash","Parent Relationship": "Inner","Parallel Aware": false,"Async Capable": false,"Startup Cost": 3906.42,"Total Cost": 3906.42,"Plan Rows": 150000,"Plan Width": 4,"Actual Startup Time": 37.191,"Actual Total Time": 37.207,"Actual Rows": 150000,"Actual Loops": 1,"Hash Buckets": 262144,"Original Hash Buckets": 262144,"Hash Batches": 1,"Original Hash Batches": 1,"Peak Memory Usage": 7322,"Plans": [{"Node Type": "Index Only Scan","Parent Relationship": "Outer","Parallel Aware": false,"Async Capable": false,"Scan Direction": "Forward","Index Name": "customer_pkey","Relation Name": "customer","Alias": "customer","Startup Cost": 0.42,"Total Cost": 3906.42,"Plan Rows": 150000,"Plan Width": 4,"Actual Startup Time": 0.038,"Actual Total Time": 14.188,"Actual Rows": 150000,"Actual Loops": 1,"Heap Fetches": 0}]}]}]}]}]},"Planning Time": 3.814,"Triggers": [],"Execution Time": 6118.531}]
[{"Plan": {"Node Type": "Sort","Parallel Aware": false,"Async Capable": false,"Startup Cost": 65822.53,"Total Cost": 65823.03,"Plan Rows": 200,"Plan Width": 16,"Actual Startup Time": 6096.807,"Actual Total Time": 6096.851,"Actual Rows": 42,"Actual Loops": 1,"Sort Key": ["(count(*)) DESC", "(count(orders.o_orderkey)) DESC"],"Sort Method": "quicksort","Sort Space Used": 27,"Sort Space Type": "Memory","Plans": [{"Node Type": "Aggregate","Strategy": "Hashed","Partial Mode": "Simple","Parent Relationship": "Outer","Parallel Aware": false,"Async Capable": false,"Startup Cost": 65812.89,"Total Cost": 65814.89,"Plan Rows": 200,"Plan Width": 16,"Actual Startup Time": 6096.707,"Actual Total Time": 6096.758,"Actual Rows": 42,"Actual Loops": 1,"Group Key": ["count(orders.o_orderkey)"],"Planned Partitions": 0,"HashAgg Batches": 1,"Peak Memory Usage": 40,"Disk Usage": 0,"Plans": [{"Node Type": "Aggregate","Strategy": "Hashed","Partial Mode": "Simple","Parent Relationship": "Outer","Parallel Aware": false,"Async Capable": false,"Startup Cost": 62062.89,"Total Cost": 63562.89,"Plan Rows": 150000,"Plan Width": 12,"Actual Startup Time": 5900.364,"Actual Total Time": 6082.949,"Actual Rows": 150000,"Actual Loops": 1,"Group Key": ["customer.c_custkey"],"Planned Partitions": 0,"HashAgg Batches": 1,"Peak Memory Usage": 22545,"Disk Usage": 0,"Plans": [{"Node Type": "Hash Join","Parent Relationship": "Outer","Parallel Aware": false,"Async Capable": false,"Join Type": "Right","Startup Cost": 5781.42,"Total Cost": 54563.64,"Plan Rows": 1499850,"Plan Width": 8,"Actual Startup Time": 38.105,"Actual Total Time": 4090.394,"Actual Rows": 1533835,"Actual Loops": 1,"Inner Unique": true,"Hash Cond": "(orders.o_custkey = customer.c_custkey)","Plans": [{"Node Type": "Seq Scan","Parent Relationship": "Outer","Parallel Aware": false,"Async Capable": false,"Relation Name": "orders","Alias": "orders","Startup Cost": 0.00,"Total Cost": 44845.00,"Plan Rows": 1499850,"Plan Width": 8,"Actual Startup Time": 0.059,"Actual Total Time": 2844.303,"Actual Rows": 1483831,"Actual Loops": 1,"Filter": "((o_comment)::text !~~ '%special%accounts%'::text)","Rows Removed by Filter": 16169},{"Node Type": "Hash","Parent Relationship": "Inner","Parallel Aware": false,"Async Capable": false,"Startup Cost": 3906.42,"Total Cost": 3906.42,"Plan Rows": 150000,"Plan Width": 4,"Actual Startup Time": 36.335,"Actual Total Time": 36.352,"Actual Rows": 150000,"Actual Loops": 1,"Hash Buckets": 262144,"Original Hash Buckets": 262144,"Hash Batches": 1,"Original Hash Batches": 1,"Peak Memory Usage": 7322,"Plans": [{"Node Type": "Index Only Scan","Parent Relationship": "Outer","Parallel Aware": false,"Async Capable": false,"Scan Direction": "Forward","Index Name": "customer_pkey","Relation Name": "customer","Alias": "customer","Startup Cost": 0.42,"Total Cost": 3906.42,"Plan Rows": 150000,"Plan Width": 4,"Actual Startup Time": 0.048,"Actual Total Time": 14.414,"Actual Rows": 150000,"Actual Loops": 1,"Heap Fetches": 0}]}]}]}]}]},"Planning Time": 3.409,"Triggers": [],"Execution Time": 6107.560}]
[{"Plan": {"Node Type": "Sort","Parallel Aware": false,"Async Capable": false,"Startup Cost": 65822.53,"Total Cost": 65823.03,"Plan Rows": 200,"Plan Width": 16,"Actual Startup Time": 6047.687,"Actual Total Time": 6047.735,"Actual Rows": 42,"Actual Loops": 1,"Sort Key": ["(count(*)) DESC", "(count(orders.o_orderkey)) DESC"],"Sort Method": "quicksort","Sort Space Used": 27,"Sort Space Type": "Memory","Plans": [{"Node Type": "Aggregate","Strategy": "Hashed","Partial Mode": "Simple","Parent Relationship": "Outer","Parallel Aware": false,"Async Capable": false,"Startup Cost": 65812.89,"Total Cost": 65814.89,"Plan Rows": 200,"Plan Width": 16,"Actual Startup Time": 6047.591,"Actual Total Time": 6047.643,"Actual Rows": 42,"Actual Loops": 1,"Group Key": ["count(orders.o_orderkey)"],"Planned Partitions": 0,"HashAgg Batches": 1,"Peak Memory Usage": 40,"Disk Usage": 0,"Plans": [{"Node Type": "Aggregate","Strategy": "Hashed","Partial Mode": "Simple","Parent Relationship": "Outer","Parallel Aware": false,"Async Capable": false,"Startup Cost": 62062.89,"Total Cost": 63562.89,"Plan Rows": 150000,"Plan Width": 12,"Actual Startup Time": 5868.600,"Actual Total Time": 6033.866,"Actual Rows": 150000,"Actual Loops": 1,"Group Key": ["customer.c_custkey"],"Planned Partitions": 0,"HashAgg Batches": 1,"Peak Memory Usage": 22545,"Disk Usage": 0,"Plans": [{"Node Type": "Hash Join","Parent Relationship": "Outer","Parallel Aware": false,"Async Capable": false,"Join Type": "Right","Startup Cost": 5781.42,"Total Cost": 54563.64,"Plan Rows": 1499850,"Plan Width": 8,"Actual Startup Time": 39.168,"Actual Total Time": 4010.851,"Actual Rows": 1533626,"Actual Loops": 1,"Inner Unique": true,"Hash Cond": "(orders.o_custkey = customer.c_custkey)","Plans": [{"Node Type": "Seq Scan","Parent Relationship": "Outer","Parallel Aware": false,"Async Capable": false,"Relation Name": "orders","Alias": "orders","Startup Cost": 0.00,"Total Cost": 44845.00,"Plan Rows": 1499850,"Plan Width": 8,"Actual Startup Time": 0.065,"Actual Total Time": 2757.508,"Actual Rows": 1483622,"Actual Loops": 1,"Filter": "((o_comment)::text !~~ '%unusual%accounts%'::text)","Rows Removed by Filter": 16378},{"Node Type": "Hash","Parent Relationship": "Inner","Parallel Aware": false,"Async Capable": false,"Startup Cost": 3906.42,"Total Cost": 3906.42,"Plan Rows": 150000,"Plan Width": 4,"Actual Startup Time": 37.343,"Actual Total Time": 37.362,"Actual Rows": 150000,"Actual Loops": 1,"Hash Buckets": 262144,"Original Hash Buckets": 262144,"Hash Batches": 1,"Original Hash Batches": 1,"Peak Memory Usage": 7322,"Plans": [{"Node Type": "Index Only Scan","Parent Relationship": "Outer","Parallel Aware": false,"Async Capable": false,"Scan Direction": "Forward","Index Name": "customer_pkey","Relation Name": "customer","Alias": "customer","Startup Cost": 0.42,"Total Cost": 3906.42,"Plan Rows": 150000,"Plan Width": 4,"Actual Startup Time": 0.036,"Actual Total Time": 14.472,"Actual Rows": 150000,"Actual Loops": 1,"Heap Fetches": 0}]}]}]}]}]},"Planning Time": 4.331,"Triggers": [],"Execution Time": 6056.690}]
[{"Plan": {"Node Type": "Sort","Parallel Aware": false,"Async Capable": false,"Startup Cost": 65822.53,"Total Cost": 65823.03,"Plan Rows": 200,"Plan Width": 16,"Actual Startup Time": 6650.964,"Actual Total Time": 6651.000,"Actual Rows": 42,"Actual Loops": 1,"Sort Key": ["(count(*)) DESC", "(count(orders.o_orderkey)) DESC"],"Sort Method": "quicksort","Sort Space Used": 27,"Sort Space Type": "Memory","Plans": [{"Node Type": "Aggregate","Strategy": "Hashed","Partial Mode": "Simple","Parent Relationship": "Outer","Parallel Aware": false,"Async Capable": false,"Startup Cost": 65812.89,"Total Cost": 65814.89,"Plan Rows": 200,"Plan Width": 16,"Actual Startup Time": 6650.893,"Actual Total Time": 6650.940,"Actual Rows": 42,"Actual Loops": 1,"Group Key": ["count(orders.o_orderkey)"],"Planned Partitions": 0,"HashAgg Batches": 1,"Peak Memory Usage": 40,"Disk Usage": 0,"Plans": [{"Node Type": "Aggregate","Strategy": "Hashed","Partial Mode": "Simple","Parent Relationship": "Outer","Parallel Aware": false,"Async Capable": false,"Startup Cost": 62062.89,"Total Cost": 63562.89,"Plan Rows": 150000,"Plan Width": 12,"Actual Startup Time": 6477.408,"Actual Total Time": 6637.150,"Actual Rows": 150000,"Actual Loops": 1,"Group Key": ["customer.c_custkey"],"Planned Partitions": 0,"HashAgg Batches": 1,"Peak Memory Usage": 22545,"Disk Usage": 0,"Plans": [{"Node Type": "Hash Join","Parent Relationship": "Outer","Parallel Aware": false,"Async Capable": false,"Join Type": "Right","Startup Cost": 5781.42,"Total Cost": 54563.64,"Plan Rows": 1499850,"Plan Width": 8,"Actual Startup Time": 36.551,"Actual Total Time": 4552.506,"Actual Rows": 1533843,"Actual Loops": 1,"Inner Unique": true,"Hash Cond": "(orders.o_custkey = customer.c_custkey)","Plans": [{"Node Type": "Seq Scan","Parent Relationship": "Outer","Parallel Aware": false,"Async Capable": false,"Relation Name": "orders","Alias": "orders","Startup Cost": 0.00,"Total Cost": 44845.00,"Plan Rows": 1499850,"Plan Width": 8,"Actual Startup Time": 0.044,"Actual Total Time": 3147.620,"Actual Rows": 1483839,"Actual Loops": 1,"Filter": "((o_comment)::text !~~ '%pending%deposits%'::text)","Rows Removed by Filter": 16161},{"Node Type": "Hash","Parent Relationship": "Inner","Parallel Aware": false,"Async Capable": false,"Startup Cost": 3906.42,"Total Cost": 3906.42,"Plan Rows": 150000,"Plan Width": 4,"Actual Startup Time": 34.769,"Actual Total Time": 34.783,"Actual Rows": 150000,"Actual Loops": 1,"Hash Buckets": 262144,"Original Hash Buckets": 262144,"Hash Batches": 1,"Original Hash Batches": 1,"Peak Memory Usage": 7322,"Plans": [{"Node Type": "Index Only Scan","Parent Relationship": "Outer","Parallel Aware": false,"Async Capable": false,"Scan Direction": "Forward","Index Name": "customer_pkey","Relation Name": "customer","Alias": "customer","Startup Cost": 0.42,"Total Cost": 3906.42,"Plan Rows": 150000,"Plan Width": 4,"Actual Startup Time": 0.065,"Actual Total Time": 13.424,"Actual Rows": 150000,"Actual Loops": 1,"Heap Fetches": 0}]}]}]}]}]},"Planning Time": 3.594,"Triggers": [],"Execution Time": 6658.782}]
[{"Plan": {"Node Type": "Sort","Parallel Aware": false,"Async Capable": false,"Startup Cost": 65592.61,"Total Cost": 65593.11,"Plan Rows": 200,"Plan Width": 16,"Actual Startup Time": 6042.914,"Actual Total Time": 6042.954,"Actual Rows": 42,"Actual Loops": 1,"Sort Key": ["(count(*)) DESC", "(count(orders.o_orderkey)) DESC"],"Sort Method": "quicksort","Sort Space Used": 27,"Sort Space Type": "Memory","Plans": [{"Node Type": "Aggregate","Strategy": "Hashed","Partial Mode": "Simple","Parent Relationship": "Outer","Parallel Aware": false,"Async Capable": false,"Startup Cost": 65582.97,"Total Cost": 65584.97,"Plan Rows": 200,"Plan Width": 16,"Actual Startup Time": 6042.802,"Actual Total Time": 6042.854,"Actual Rows": 42,"Actual Loops": 1,"Group Key": ["count(orders.o_orderkey)"],"Planned Partitions": 0,"HashAgg Batches": 1,"Peak Memory Usage": 40,"Disk Usage": 0,"Plans": [{"Node Type": "Aggregate","Strategy": "Hashed","Partial Mode": "Simple","Parent Relationship": "Outer","Parallel Aware": false,"Async Capable": false,"Startup Cost": 61832.97,"Total Cost": 63332.97,"Plan Rows": 150000,"Plan Width": 12,"Actual Startup Time": 5848.968,"Actual Total Time": 6029.049,"Actual Rows": 150000,"Actual Loops": 1,"Group Key": ["customer.c_custkey"],"Planned Partitions": 0,"HashAgg Batches": 1,"Peak Memory Usage": 22545,"Disk Usage": 0,"Plans": [{"Node Type": "Hash Join","Parent Relationship": "Outer","Parallel Aware": false,"Async Capable": false,"Join Type": "Right","Startup Cost": 5781.42,"Total Cost": 54484.49,"Plan Rows": 1469697,"Plan Width": 8,"Actual Startup Time": 38.540,"Actual Total Time": 4039.691,"Actual Rows": 1534055,"Actual Loops": 1,"Inner Unique": true,"Hash Cond": "(orders.o_custkey = customer.c_custkey)","Plans": [{"Node Type": "Seq Scan","Parent Relationship": "Outer","Parallel Aware": false,"Async Capable": false,"Relation Name": "orders","Alias": "orders","Startup Cost": 0.00,"Total Cost": 44845.00,"Plan Rows": 1469697,"Plan Width": 8,"Actual Startup Time": 0.061,"Actual Total Time": 2797.159,"Actual Rows": 1484051,"Actual Loops": 1,"Filter": "((o_comment)::text !~~ '%special%packages%'::text)","Rows Removed by Filter": 15949},{"Node Type": "Hash","Parent Relationship": "Inner","Parallel Aware": false,"Async Capable": false,"Startup Cost": 3906.42,"Total Cost": 3906.42,"Plan Rows": 150000,"Plan Width": 4,"Actual Startup Time": 36.593,"Actual Total Time": 36.607,"Actual Rows": 150000,"Actual Loops": 1,"Hash Buckets": 262144,"Original Hash Buckets": 262144,"Hash Batches": 1,"Original Hash Batches": 1,"Peak Memory Usage": 7322,"Plans": [{"Node Type": "Index Only Scan","Parent Relationship": "Outer","Parallel Aware": false,"Async Capable": false,"Scan Direction": "Forward","Index Name": "customer_pkey","Relation Name": "customer","Alias": "customer","Startup Cost": 0.42,"Total Cost": 3906.42,"Plan Rows": 150000,"Plan Width": 4,"Actual Startup Time": 0.050,"Actual Total Time": 14.573,"Actual Rows": 150000,"Actual Loops": 1,"Heap Fetches": 0}]}]}]}]}]},"Planning Time": 3.383,"Triggers": [],"Execution Time": 6052.793}]
[{"Plan": {"Node Type": "Sort","Parallel Aware": false,"Async Capable": false,"Startup Cost": 65592.61,"Total Cost": 65593.11,"Plan Rows": 200,"Plan Width": 16,"Actual Startup Time": 6059.416,"Actual Total Time": 6059.459,"Actual Rows": 42,"Actual Loops": 1,"Sort Key": ["(count(*)) DESC", "(count(orders.o_orderkey)) DESC"],"Sort Method": "quicksort","Sort Space Used": 27,"Sort Space Type": "Memory","Plans": [{"Node Type": "Aggregate","Strategy": "Hashed","Partial Mode": "Simple","Parent Relationship": "Outer","Parallel Aware": false,"Async Capable": false,"Startup Cost": 65582.97,"Total Cost": 65584.97,"Plan Rows": 200,"Plan Width": 16,"Actual Startup Time": 6059.318,"Actual Total Time": 6059.369,"Actual Rows": 42,"Actual Loops": 1,"Group Key": ["count(orders.o_orderkey)"],"Planned Partitions": 0,"HashAgg Batches": 1,"Peak Memory Usage": 40,"Disk Usage": 0,"Plans": [{"Node Type": "Aggregate","Strategy": "Hashed","Partial Mode": "Simple","Parent Relationship": "Outer","Parallel Aware": false,"Async Capable": false,"Startup Cost": 61832.97,"Total Cost": 63332.97,"Plan Rows": 150000,"Plan Width": 12,"Actual Startup Time": 5864.158,"Actual Total Time": 6045.542,"Actual Rows": 150000,"Actual Loops": 1,"Group Key": ["customer.c_custkey"],"Planned Partitions": 0,"HashAgg Batches": 1,"Peak Memory Usage": 22545,"Disk Usage": 0,"Plans": [{"Node Type": "Hash Join","Parent Relationship": "Outer","Parallel Aware": false,"Async Capable": false,"Join Type": "Right","Startup Cost": 5781.42,"Total Cost": 54484.49,"Plan Rows": 1469697,"Plan Width": 8,"Actual Startup Time": 38.198,"Actual Total Time": 4061.016,"Actual Rows": 1533817,"Actual Loops": 1,"Inner Unique": true,"Hash Cond": "(orders.o_custkey = customer.c_custkey)","Plans": [{"Node Type": "Seq Scan","Parent Relationship": "Outer","Parallel Aware": false,"Async Capable": false,"Relation Name": "orders","Alias": "orders","Startup Cost": 0.00,"Total Cost": 44845.00,"Plan Rows": 1469697,"Plan Width": 8,"Actual Startup Time": 0.037,"Actual Total Time": 2812.366,"Actual Rows": 1483813,"Actual Loops": 1,"Filter": "((o_comment)::text !~~ '%unusual%requests%'::text)","Rows Removed by Filter": 16187},{"Node Type": "Hash","Parent Relationship": "Inner","Parallel Aware": false,"Async Capable": false,"Startup Cost": 3906.42,"Total Cost": 3906.42,"Plan Rows": 150000,"Plan Width": 4,"Actual Startup Time": 36.318,"Actual Total Time": 36.334,"Actual Rows": 150000,"Actual Loops": 1,"Hash Buckets": 262144,"Original Hash Buckets": 262144,"Hash Batches": 1,"Original Hash Batches": 1,"Peak Memory Usage": 7322,"Plans": [{"Node Type": "Index Only Scan","Parent Relationship": "Outer","Parallel Aware": false,"Async Capable": false,"Scan Direction": "Forward","Index Name": "customer_pkey","Relation Name": "customer","Alias": "customer","Startup Cost": 0.42,"Total Cost": 3906.42,"Plan Rows": 150000,"Plan Width": 4,"Actual Startup Time": 0.044,"Actual Total Time": 14.416,"Actual Rows": 150000,"Actual Loops": 1,"Heap Fetches": 0}]}]}]}]}]},"Planning Time": 3.526,"Triggers": [],"Execution Time": 6069.080}]
[{"Plan": {"Node Type": "Sort","Parallel Aware": false,"Async Capable": false,"Startup Cost": 65822.53,"Total Cost": 65823.03,"Plan Rows": 200,"Plan Width": 16,"Actual Startup Time": 6096.807,"Actual Total Time": 6096.851,"Actual Rows": 42,"Actual Loops": 1,"Sort Key": ["(count(*)) DESC", "(count(orders.o_orderkey)) DESC"],"Sort Method": "quicksort","Sort Space Used": 27,"Sort Space Type": "Memory","Plans": [{"Node Type": "Aggregate","Strategy": "Hashed","Partial Mode": "Simple","Parent Relationship": "Outer","Parallel Aware": false,"Async Capable": false,"Startup Cost": 65812.89,"Total Cost": 65814.89,"Plan Rows": 200,"Plan Width": 16,"Actual Startup Time": 6096.707,"Actual Total Time": 6096.758,"Actual Rows": 42,"Actual Loops": 1,"Group Key": ["count(orders.o_orderkey)"],"Planned Partitions": 0,"HashAgg Batches": 1,"Peak Memory Usage": 40,"Disk Usage": 0,"Plans": [{"Node Type": "Aggregate","Strategy": "Hashed","Partial Mode": "Simple","Parent Relationship": "Outer","Parallel Aware": false,"Async Capable": false,"Startup Cost": 62062.89,"Total Cost": 63562.89,"Plan Rows": 150000,"Plan Width": 12,"Actual Startup Time": 5900.364,"Actual Total Time": 6082.949,"Actual Rows": 150000,"Actual Loops": 1,"Group Key": ["customer.c_custkey"],"Planned Partitions": 0,"HashAgg Batches": 1,"Peak Memory Usage": 22545,"Disk Usage": 0,"Plans": [{"Node Type": "Hash Join","Parent Relationship": "Outer","Parallel Aware": false,"Async Capable": false,"Join Type": "Right","Startup Cost": 5781.42,"Total Cost": 54563.64,"Plan Rows": 1499850,"Plan Width": 8,"Actual Startup Time": 38.105,"Actual Total Time": 4090.394,"Actual Rows": 1533835,"Actual Loops": 1,"Inner Unique": true,"Hash Cond": "(orders.o_custkey = customer.c_custkey)","Plans": [{"Node Type": "Seq Scan","Parent Relationship": "Outer","Parallel Aware": false,"Async Capable": false,"Relation Name": "orders","Alias": "orders","Startup Cost": 0.00,"Total Cost": 44845.00,"Plan Rows": 1499850,"Plan Width": 8,"Actual Startup Time": 0.059,"Actual Total Time": 2844.303,"Actual Rows": 1483831,"Actual Loops": 1,"Filter": "((o_comment)::text !~~ '%special%accounts%'::text)","Rows Removed by Filter": 16169},{"Node Type": "Hash","Parent Relationship": "Inner","Parallel Aware": false,"Async Capable": false,"Startup Cost": 3906.42,"Total Cost": 3906.42,"Plan Rows": 150000,"Plan Width": 4,"Actual Startup Time": 36.335,"Actual Total Time": 36.352,"Actual Rows": 150000,"Actual Loops": 1,"Hash Buckets": 262144,"Original Hash Buckets": 262144,"Hash Batches": 1,"Original Hash Batches": 1,"Peak Memory Usage": 7322,"Plans": [{"Node Type": "Index Only Scan","Parent Relationship": "Outer","Parallel Aware": false,"Async Capable": false,"Scan Direction": "Forward","Index Name": "customer_pkey","Relation Name": "customer","Alias": "customer","Startup Cost": 0.42,"Total Cost": 3906.42,"Plan Rows": 150000,"Plan Width": 4,"Actual Startup Time": 0.048,"Actual Total Time": 14.414,"Actual Rows": 150000,"Actual Loops": 1,"Heap Fetches": 0}]}]}]}]}]},"Planning Time": 3.409,"Triggers": [],"Execution Time": 6107.560}]
[{"Plan": {"Node Type": "Sort","Parallel Aware": false,"Async Capable": false,"Startup Cost": 65592.61,"Total Cost": 65593.11,"Plan Rows": 200,"Plan Width": 16,"Actual Startup Time": 6059.416,"Actual Total Time": 6059.459,"Actual Rows": 42,"Actual Loops": 1,"Sort Key": ["(count(*)) DESC", "(count(orders.o_orderkey)) DESC"],"Sort Method": "quicksort","Sort Space Used": 27,"Sort Space Type": "Memory","Plans": [{"Node Type": "Aggregate","Strategy": "Hashed","Partial Mode": "Simple","Parent Relationship": "Outer","Parallel Aware": false,"Async Capable": false,"Startup Cost": 65582.97,"Total Cost": 65584.97,"Plan Rows": 200,"Plan Width": 16,"Actual Startup Time": 6059.318,"Actual Total Time": 6059.369,"Actual Rows": 42,"Actual Loops": 1,"Group Key": ["count(orders.o_orderkey)"],"Planned Partitions": 0,"HashAgg Batches": 1,"Peak Memory Usage": 40,"Disk Usage": 0,"Plans": [{"Node Type": "Aggregate","Strategy": "Hashed","Partial Mode": "Simple","Parent Relationship": "Outer","Parallel Aware": false,"Async Capable": false,"Startup Cost": 61832.97,"Total Cost": 63332.97,"Plan Rows": 150000,"Plan Width": 12,"Actual Startup Time": 5864.158,"Actual Total Time": 6045.542,"Actual Rows": 150000,"Actual Loops": 1,"Group Key": ["customer.c_custkey"],"Planned Partitions": 0,"HashAgg Batches": 1,"Peak Memory Usage": 22545,"Disk Usage": 0,"Plans": [{"Node Type": "Hash Join","Parent Relationship": "Outer","Parallel Aware": false,"Async Capable": false,"Join Type": "Right","Startup Cost": 5781.42,"Total Cost": 54484.49,"Plan Rows": 1469697,"Plan Width": 8,"Actual Startup Time": 38.198,"Actual Total Time": 4061.016,"Actual Rows": 1533817,"Actual Loops": 1,"Inner Unique": true,"Hash Cond": "(orders.o_custkey = customer.c_custkey)","Plans": [{"Node Type": "Seq Scan","Parent Relationship": "Outer","Parallel Aware": false,"Async Capable": false,"Relation Name": "orders","Alias": "orders","Startup Cost": 0.00,"Total Cost": 44845.00,"Plan Rows": 1469697,"Plan Width": 8,"Actual Startup Time": 0.037,"Actual Total Time": 2812.366,"Actual Rows": 1483813,"Actual Loops": 1,"Filter": "((o_comment)::text !~~ '%unusual%requests%'::text)","Rows Removed by Filter": 16187},{"Node Type": "Hash","Parent Relationship": "Inner","Parallel Aware": false,"Async Capable": false,"Startup Cost": 3906.42,"Total Cost": 3906.42,"Plan Rows": 150000,"Plan Width": 4,"Actual Startup Time": 36.318,"Actual Total Time": 36.334,"Actual Rows": 150000,"Actual Loops": 1,"Hash Buckets": 262144,"Original Hash Buckets": 262144,"Hash Batches": 1,"Original Hash Batches": 1,"Peak Memory Usage": 7322,"Plans": [{"Node Type": "Index Only Scan","Parent Relationship": "Outer","Parallel Aware": false,"Async Capable": false,"Scan Direction": "Forward","Index Name": "customer_pkey","Relation Name": "customer","Alias": "customer","Startup Cost": 0.42,"Total Cost": 3906.42,"Plan Rows": 150000,"Plan Width": 4,"Actual Startup Time": 0.044,"Actual Total Time": 14.416,"Actual Rows": 150000,"Actual Loops": 1,"Heap Fetches": 0}]}]}]}]}]},"Planning Time": 3.526,"Triggers": [],"Execution Time": 6069.080}]
[{"Plan": {"Node Type": "Sort","Parallel Aware": false,"Async Capable": false,"Startup Cost": 65592.61,"Total Cost": 65593.11,"Plan Rows": 200,"Plan Width": 16,"Actual Startup Time": 6108.888,"Actual Total Time": 6108.932,"Actual Rows": 42,"Actual Loops": 1,"Sort Key": ["(count(*)) DESC", "(count(orders.o_orderkey)) DESC"],"Sort Method": "quicksort","Sort Space Used": 27,"Sort Space Type": "Memory","Plans": [{"Node Type": "Aggregate","Strategy": "Hashed","Partial Mode": "Simple","Parent Relationship": "Outer","Parallel Aware": false,"Async Capable": false,"Startup Cost": 65582.97,"Total Cost": 65584.97,"Plan Rows": 200,"Plan Width": 16,"Actual Startup Time": 6108.797,"Actual Total Time": 6108.848,"Actual Rows": 42,"Actual Loops": 1,"Group Key": ["count(orders.o_orderkey)"],"Planned Partitions": 0,"HashAgg Batches": 1,"Peak Memory Usage": 40,"Disk Usage": 0,"Plans": [{"Node Type": "Aggregate","Strategy": "Hashed","Partial Mode": "Simple","Parent Relationship": "Outer","Parallel Aware": false,"Async Capable": false,"Startup Cost": 61832.97,"Total Cost": 63332.97,"Plan Rows": 150000,"Plan Width": 12,"Actual Startup Time": 5916.041,"Actual Total Time": 6095.043,"Actual Rows": 150000,"Actual Loops": 1,"Group Key": ["customer.c_custkey"],"Planned Partitions": 0,"HashAgg Batches": 1,"Peak Memory Usage": 22545,"Disk Usage": 0,"Plans": [{"Node Type": "Hash Join","Parent Relationship": "Outer","Parallel Aware": false,"Async Capable": false,"Join Type": "Right","Startup Cost": 5781.42,"Total Cost": 54484.49,"Plan Rows": 1469697,"Plan Width": 8,"Actual Startup Time": 39.068,"Actual Total Time": 4097.616,"Actual Rows": 1534019,"Actual Loops": 1,"Inner Unique": true,"Hash Cond": "(orders.o_custkey = customer.c_custkey)","Plans": [{"Node Type": "Seq Scan","Parent Relationship": "Outer","Parallel Aware": false,"Async Capable": false,"Relation Name": "orders","Alias": "orders","Startup Cost": 0.00,"Total Cost": 44845.00,"Plan Rows": 1469697,"Plan Width": 8,"Actual Startup Time": 0.051,"Actual Total Time": 2823.952,"Actual Rows": 1484015,"Actual Loops": 1,"Filter": "((o_comment)::text !~~ '%express%accounts%'::text)","Rows Removed by Filter": 15985},{"Node Type": "Hash","Parent Relationship": "Inner","Parallel Aware": false,"Async Capable": false,"Startup Cost": 3906.42,"Total Cost": 3906.42,"Plan Rows": 150000,"Plan Width": 4,"Actual Startup Time": 37.191,"Actual Total Time": 37.207,"Actual Rows": 150000,"Actual Loops": 1,"Hash Buckets": 262144,"Original Hash Buckets": 262144,"Hash Batches": 1,"Original Hash Batches": 1,"Peak Memory Usage": 7322,"Plans": [{"Node Type": "Index Only Scan","Parent Relationship": "Outer","Parallel Aware": false,"Async Capable": false,"Scan Direction": "Forward","Index Name": "customer_pkey","Relation Name": "customer","Alias": "customer","Startup Cost": 0.42,"Total Cost": 3906.42,"Plan Rows": 150000,"Plan Width": 4,"Actual Startup Time": 0.038,"Actual Total Time": 14.188,"Actual Rows": 150000,"Actual Loops": 1,"Heap Fetches": 0}]}]}]}]}]},"Planning Time": 3.814,"Triggers": [],"Execution Time": 6118.531}]
[{"Plan": {"Node Type": "Sort","Parallel Aware": false,"Async Capable": false,"Startup Cost": 65708.14,"Total Cost": 65708.64,"Plan Rows": 200,"Plan Width": 16,"Actual Startup Time": 6096.152,"Actual Total Time": 6096.183,"Actual Rows": 42,"Actual Loops": 1,"Sort Key": ["(count(*)) DESC", "(count(orders.o_orderkey)) DESC"],"Sort Method": "quicksort","Sort Space Used": 27,"Sort Space Type": "Memory","Plans": [{"Node Type": "Aggregate","Strategy": "Hashed","Partial Mode": "Simple","Parent Relationship": "Outer","Parallel Aware": false,"Async Capable": false,"Startup Cost": 65698.50,"Total Cost": 65700.50,"Plan Rows": 200,"Plan Width": 16,"Actual Startup Time": 6096.055,"Actual Total Time": 6096.099,"Actual Rows": 42,"Actual Loops": 1,"Group Key": ["count(orders.o_orderkey)"],"Planned Partitions": 0,"HashAgg Batches": 1,"Peak Memory Usage": 40,"Disk Usage": 0,"Plans": [{"Node Type": "Aggregate","Strategy": "Hashed","Partial Mode": "Simple","Parent Relationship": "Outer","Parallel Aware": false,"Async Capable": false,"Startup Cost": 61948.50,"Total Cost": 63448.50,"Plan Rows": 150000,"Plan Width": 12,"Actual Startup Time": 5916.888,"Actual Total Time": 6082.285,"Actual Rows": 150000,"Actual Loops": 1,"Group Key": ["customer.c_custkey"],"Planned Partitions": 0,"HashAgg Batches": 1,"Peak Memory Usage": 22545,"Disk Usage": 0,"Plans": [{"Node Type": "Hash Join","Parent Relationship": "Outer","Parallel Aware": false,"Async Capable": false,"Join Type": "Right","Startup Cost": 5781.42,"Total Cost": 54524.26,"Plan Rows": 1484848,"Plan Width": 8,"Actual Startup Time": 39.799,"Actual Total Time": 4085.231,"Actual Rows": 1533660,"Actual Loops": 1,"Inner Unique": true,"Hash Cond": "(orders.o_custkey = customer.c_custkey)","Plans": [{"Node Type": "Seq Scan","Parent Relationship": "Outer","Parallel Aware": false,"Async Capable": false,"Relation Name": "orders","Alias": "orders","Startup Cost": 0.00,"Total Cost": 44845.00,"Plan Rows": 1484848,"Plan Width": 8,"Actual Startup Time": 0.053,"Actual Total Time": 2810.059,"Actual Rows": 1483656,"Actual Loops": 1,"Filter": "((o_comment)::text !~~ '%pending%requests%'::text)","Rows Removed by Filter": 16344},{"Node Type": "Hash","Parent Relationship": "Inner","Parallel Aware": false,"Async Capable": false,"Startup Cost": 3906.42,"Total Cost": 3906.42,"Plan Rows": 150000,"Plan Width": 4,"Actual Startup Time": 37.918,"Actual Total Time": 37.930,"Actual Rows": 150000,"Actual Loops": 1,"Hash Buckets": 262144,"Original Hash Buckets": 262144,"Hash Batches": 1,"Original Hash Batches": 1,"Peak Memory Usage": 7322,"Plans": [{"Node Type": "Index Only Scan","Parent Relationship": "Outer","Parallel Aware": false,"Async Capable": false,"Scan Direction": "Forward","Index Name": "customer_pkey","Relation Name": "customer","Alias": "customer","Startup Cost": 0.42,"Total Cost": 3906.42,"Plan Rows": 150000,"Plan Width": 4,"Actual Startup Time": 0.035,"Actual Total Time": 14.493,"Actual Rows": 150000,"Actual Loops": 1,"Heap Fetches": 0}]}]}]}]}]},"Planning Time": 4.221,"Triggers": [],"Execution Time": 6104.310}]
[{"Plan": {"Node Type": "Sort","Parallel Aware": false,"Async Capable": false,"Startup Cost": 65822.53,"Total Cost": 65823.03,"Plan Rows": 200,"Plan Width": 16,"Actual Startup Time": 6096.807,"Actual Total Time": 6096.851,"Actual Rows": 42,"Actual Loops": 1,"Sort Key": ["(count(*)) DESC", "(count(orders.o_orderkey)) DESC"],"Sort Method": "quicksort","Sort Space Used": 27,"Sort Space Type": "Memory","Plans": [{"Node Type": "Aggregate","Strategy": "Hashed","Partial Mode": "Simple","Parent Relationship": "Outer","Parallel Aware": false,"Async Capable": false,"Startup Cost": 65812.89,"Total Cost": 65814.89,"Plan Rows": 200,"Plan Width": 16,"Actual Startup Time": 6096.707,"Actual Total Time": 6096.758,"Actual Rows": 42,"Actual Loops": 1,"Group Key": ["count(orders.o_orderkey)"],"Planned Partitions": 0,"HashAgg Batches": 1,"Peak Memory Usage": 40,"Disk Usage": 0,"Plans": [{"Node Type": "Aggregate","Strategy": "Hashed","Partial Mode": "Simple","Parent Relationship": "Outer","Parallel Aware": false,"Async Capable": false,"Startup Cost": 62062.89,"Total Cost": 63562.89,"Plan Rows": 150000,"Plan Width": 12,"Actual Startup Time": 5900.364,"Actual Total Time": 6082.949,"Actual Rows": 150000,"Actual Loops": 1,"Group Key": ["customer.c_custkey"],"Planned Partitions": 0,"HashAgg Batches": 1,"Peak Memory Usage": 22545,"Disk Usage": 0,"Plans": [{"Node Type": "Hash Join","Parent Relationship": "Outer","Parallel Aware": false,"Async Capable": false,"Join Type": "Right","Startup Cost": 5781.42,"Total Cost": 54563.64,"Plan Rows": 1499850,"Plan Width": 8,"Actual Startup Time": 38.105,"Actual Total Time": 4090.394,"Actual Rows": 1533835,"Actual Loops": 1,"Inner Unique": true,"Hash Cond": "(orders.o_custkey = customer.c_custkey)","Plans": [{"Node Type": "Seq Scan","Parent Relationship": "Outer","Parallel Aware": false,"Async Capable": false,"Relation Name": "orders","Alias": "orders","Startup Cost": 0.00,"Total Cost": 44845.00,"Plan Rows": 1499850,"Plan Width": 8,"Actual Startup Time": 0.059,"Actual Total Time": 2844.303,"Actual Rows": 1483831,"Actual Loops": 1,"Filter": "((o_comment)::text !~~ '%special%accounts%'::text)","Rows Removed by Filter": 16169},{"Node Type": "Hash","Parent Relationship": "Inner","Parallel Aware": false,"Async Capable": false,"Startup Cost": 3906.42,"Total Cost": 3906.42,"Plan Rows": 150000,"Plan Width": 4,"Actual Startup Time": 36.335,"Actual Total Time": 36.352,"Actual Rows": 150000,"Actual Loops": 1,"Hash Buckets": 262144,"Original Hash Buckets": 262144,"Hash Batches": 1,"Original Hash Batches": 1,"Peak Memory Usage": 7322,"Plans": [{"Node Type": "Index Only Scan","Parent Relationship": "Outer","Parallel Aware": false,"Async Capable": false,"Scan Direction": "Forward","Index Name": "customer_pkey","Relation Name": "customer","Alias": "customer","Startup Cost": 0.42,"Total Cost": 3906.42,"Plan Rows": 150000,"Plan Width": 4,"Actual Startup Time": 0.048,"Actual Total Time": 14.414,"Actual Rows": 150000,"Actual Loops": 1,"Heap Fetches": 0}]}]}]}]}]},"Planning Time": 3.409,"Triggers": [],"Execution Time": 6107.560}]
[{"Plan": {"Node Type": "Sort","Parallel Aware": false,"Async Capable": false,"Startup Cost": 65708.14,"Total Cost": 65708.64,"Plan Rows": 200,"Plan Width": 16,"Actual Startup Time": 6659.087,"Actual Total Time": 6659.155,"Actual Rows": 41,"Actual Loops": 1,"Sort Key": ["(count(*)) DESC", "(count(orders.o_orderkey)) DESC"],"Sort Method": "quicksort","Sort Space Used": 27,"Sort Space Type": "Memory","Plans": [{"Node Type": "Aggregate","Strategy": "Hashed","Partial Mode": "Simple","Parent Relationship": "Outer","Parallel Aware": false,"Async Capable": false,"Startup Cost": 65698.50,"Total Cost": 65700.50,"Plan Rows": 200,"Plan Width": 16,"Actual Startup Time": 6658.981,"Actual Total Time": 6659.057,"Actual Rows": 41,"Actual Loops": 1,"Group Key": ["count(orders.o_orderkey)"],"Planned Partitions": 0,"HashAgg Batches": 1,"Peak Memory Usage": 40,"Disk Usage": 0,"Plans": [{"Node Type": "Aggregate","Strategy": "Hashed","Partial Mode": "Simple","Parent Relationship": "Outer","Parallel Aware": false,"Async Capable": false,"Startup Cost": 61948.50,"Total Cost": 63448.50,"Plan Rows": 150000,"Plan Width": 12,"Actual Startup Time": 6480.209,"Actual Total Time": 6645.185,"Actual Rows": 150000,"Actual Loops": 1,"Group Key": ["customer.c_custkey"],"Planned Partitions": 0,"HashAgg Batches": 1,"Peak Memory Usage": 22545,"Disk Usage": 0,"Plans": [{"Node Type": "Hash Join","Parent Relationship": "Outer","Parallel Aware": false,"Async Capable": false,"Join Type": "Right","Startup Cost": 5781.42,"Total Cost": 54524.26,"Plan Rows": 1484848,"Plan Width": 8,"Actual Startup Time": 37.274,"Actual Total Time": 4547.015,"Actual Rows": 1533872,"Actual Loops": 1,"Inner Unique": true,"Hash Cond": "(orders.o_custkey = customer.c_custkey)","Plans": [{"Node Type": "Seq Scan","Parent Relationship": "Outer","Parallel Aware": false,"Async Capable": false,"Relation Name": "orders","Alias": "orders","Startup Cost": 0.00,"Total Cost": 44845.00,"Plan Rows": 1484848,"Plan Width": 8,"Actual Startup Time": 0.043,"Actual Total Time": 3085.028,"Actual Rows": 1483868,"Actual Loops": 1,"Filter": "((o_comment)::text !~~ '%unusual%deposits%'::text)","Rows Removed by Filter": 16132},{"Node Type": "Hash","Parent Relationship": "Inner","Parallel Aware": false,"Async Capable": false,"Startup Cost": 3906.42,"Total Cost": 3906.42,"Plan Rows": 150000,"Plan Width": 4,"Actual Startup Time": 35.508,"Actual Total Time": 35.530,"Actual Rows": 150000,"Actual Loops": 1,"Hash Buckets": 262144,"Original Hash Buckets": 262144,"Hash Batches": 1,"Original Hash Batches": 1,"Peak Memory Usage": 7322,"Plans": [{"Node Type": "Index Only Scan","Parent Relationship": "Outer","Parallel Aware": false,"Async Capable": false,"Scan Direction": "Forward","Index Name": "customer_pkey","Relation Name": "customer","Alias": "customer","Startup Cost": 0.42,"Total Cost": 3906.42,"Plan Rows": 150000,"Plan Width": 4,"Actual Startup Time": 0.053,"Actual Total Time": 13.448,"Actual Rows": 150000,"Actual Loops": 1,"Heap Fetches": 0}]}]}]}]}]},"Planning Time": 3.854,"Triggers": [],"Execution Time": 6671.834}]
[{"Plan": {"Node Type": "Sort","Parallel Aware": false,"Async Capable": false,"Startup Cost": 65592.61,"Total Cost": 65593.11,"Plan Rows": 200,"Plan Width": 16,"Actual Startup Time": 6147.348,"Actual Total Time": 6147.387,"Actual Rows": 42,"Actual Loops": 1,"Sort Key": ["(count(*)) DESC", "(count(orders.o_orderkey)) DESC"],"Sort Method": "quicksort","Sort Space Used": 27,"Sort Space Type": "Memory","Plans": [{"Node Type": "Aggregate","Strategy": "Hashed","Partial Mode": "Simple","Parent Relationship": "Outer","Parallel Aware": false,"Async Capable": false,"Startup Cost": 65582.97,"Total Cost": 65584.97,"Plan Rows": 200,"Plan Width": 16,"Actual Startup Time": 6147.247,"Actual Total Time": 6147.296,"Actual Rows": 42,"Actual Loops": 1,"Group Key": ["count(orders.o_orderkey)"],"Planned Partitions": 0,"HashAgg Batches": 1,"Peak Memory Usage": 40,"Disk Usage": 0,"Plans": [{"Node Type": "Aggregate","Strategy": "Hashed","Partial Mode": "Simple","Parent Relationship": "Outer","Parallel Aware": false,"Async Capable": false,"Startup Cost": 61832.97,"Total Cost": 63332.97,"Plan Rows": 150000,"Plan Width": 12,"Actual Startup Time": 5968.961,"Actual Total Time": 6133.532,"Actual Rows": 150000,"Actual Loops": 1,"Group Key": ["customer.c_custkey"],"Planned Partitions": 0,"HashAgg Batches": 1,"Peak Memory Usage": 22545,"Disk Usage": 0,"Plans": [{"Node Type": "Hash Join","Parent Relationship": "Outer","Parallel Aware": false,"Async Capable": false,"Join Type": "Right","Startup Cost": 5781.42,"Total Cost": 54484.49,"Plan Rows": 1469697,"Plan Width": 8,"Actual Startup Time": 38.076,"Actual Total Time": 4114.998,"Actual Rows": 1533945,"Actual Loops": 1,"Inner Unique": true,"Hash Cond": "(orders.o_custkey = customer.c_custkey)","Plans": [{"Node Type": "Seq Scan","Parent Relationship": "Outer","Parallel Aware": false,"Async Capable": false,"Relation Name": "orders","Alias": "orders","Startup Cost": 0.00,"Total Cost": 44845.00,"Plan Rows": 1469697,"Plan Width": 8,"Actual Startup Time": 0.049,"Actual Total Time": 2844.878,"Actual Rows": 1483941,"Actual Loops": 1,"Filter": "((o_comment)::text !~~ '%express%packages%'::text)","Rows Removed by Filter": 16059},{"Node Type": "Hash","Parent Relationship": "Inner","Parallel Aware": false,"Async Capable": false,"Startup Cost": 3906.42,"Total Cost": 3906.42,"Plan Rows": 150000,"Plan Width": 4,"Actual Startup Time": 36.257,"Actual Total Time": 36.268,"Actual Rows": 150000,"Actual Loops": 1,"Hash Buckets": 262144,"Original Hash Buckets": 262144,"Hash Batches": 1,"Original Hash Batches": 1,"Peak Memory Usage": 7322,"Plans": [{"Node Type": "Index Only Scan","Parent Relationship": "Outer","Parallel Aware": false,"Async Capable": false,"Scan Direction": "Forward","Index Name": "customer_pkey","Relation Name": "customer","Alias": "customer","Startup Cost": 0.42,"Total Cost": 3906.42,"Plan Rows": 150000,"Plan Width": 4,"Actual Startup Time": 0.063,"Actual Total Time": 14.588,"Actual Rows": 150000,"Actual Loops": 1,"Heap Fetches": 0}]}]}]}]}]},"Planning Time": 3.934,"Triggers": [],"Execution Time": 6155.513}]
[{"Plan": {"Node Type": "Sort","Parallel Aware": false,"Async Capable": false,"Startup Cost": 65822.53,"Total Cost": 65823.03,"Plan Rows": 200,"Plan Width": 16,"Actual Startup Time": 6650.964,"Actual Total Time": 6651.000,"Actual Rows": 42,"Actual Loops": 1,"Sort Key": ["(count(*)) DESC", "(count(orders.o_orderkey)) DESC"],"Sort Method": "quicksort","Sort Space Used": 27,"Sort Space Type": "Memory","Plans": [{"Node Type": "Aggregate","Strategy": "Hashed","Partial Mode": "Simple","Parent Relationship": "Outer","Parallel Aware": false,"Async Capable": false,"Startup Cost": 65812.89,"Total Cost": 65814.89,"Plan Rows": 200,"Plan Width": 16,"Actual Startup Time": 6650.893,"Actual Total Time": 6650.940,"Actual Rows": 42,"Actual Loops": 1,"Group Key": ["count(orders.o_orderkey)"],"Planned Partitions": 0,"HashAgg Batches": 1,"Peak Memory Usage": 40,"Disk Usage": 0,"Plans": [{"Node Type": "Aggregate","Strategy": "Hashed","Partial Mode": "Simple","Parent Relationship": "Outer","Parallel Aware": false,"Async Capable": false,"Startup Cost": 62062.89,"Total Cost": 63562.89,"Plan Rows": 150000,"Plan Width": 12,"Actual Startup Time": 6477.408,"Actual Total Time": 6637.150,"Actual Rows": 150000,"Actual Loops": 1,"Group Key": ["customer.c_custkey"],"Planned Partitions": 0,"HashAgg Batches": 1,"Peak Memory Usage": 22545,"Disk Usage": 0,"Plans": [{"Node Type": "Hash Join","Parent Relationship": "Outer","Parallel Aware": false,"Async Capable": false,"Join Type": "Right","Startup Cost": 5781.42,"Total Cost": 54563.64,"Plan Rows": 1499850,"Plan Width": 8,"Actual Startup Time": 36.551,"Actual Total Time": 4552.506,"Actual Rows": 1533843,"Actual Loops": 1,"Inner Unique": true,"Hash Cond": "(orders.o_custkey = customer.c_custkey)","Plans": [{"Node Type": "Seq Scan","Parent Relationship": "Outer","Parallel Aware": false,"Async Capable": false,"Relation Name": "orders","Alias": "orders","Startup Cost": 0.00,"Total Cost": 44845.00,"Plan Rows": 1499850,"Plan Width": 8,"Actual Startup Time": 0.044,"Actual Total Time": 3147.620,"Actual Rows": 1483839,"Actual Loops": 1,"Filter": "((o_comment)::text !~~ '%pending%deposits%'::text)","Rows Removed by Filter": 16161},{"Node Type": "Hash","Parent Relationship": "Inner","Parallel Aware": false,"Async Capable": false,"Startup Cost": 3906.42,"Total Cost": 3906.42,"Plan Rows": 150000,"Plan Width": 4,"Actual Startup Time": 34.769,"Actual Total Time": 34.783,"Actual Rows": 150000,"Actual Loops": 1,"Hash Buckets": 262144,"Original Hash Buckets": 262144,"Hash Batches": 1,"Original Hash Batches": 1,"Peak Memory Usage": 7322,"Plans": [{"Node Type": "Index Only Scan","Parent Relationship": "Outer","Parallel Aware": false,"Async Capable": false,"Scan Direction": "Forward","Index Name": "customer_pkey","Relation Name": "customer","Alias": "customer","Startup Cost": 0.42,"Total Cost": 3906.42,"Plan Rows": 150000,"Plan Width": 4,"Actual Startup Time": 0.065,"Actual Total Time": 13.424,"Actual Rows": 150000,"Actual Loops": 1,"Heap Fetches": 0}]}]}]}]}]},"Planning Time": 3.594,"Triggers": [],"Execution Time": 6658.782}]
[{"Plan": {"Node Type": "Sort","Parallel Aware": false,"Async Capable": false,"Startup Cost": 65708.14,"Total Cost": 65708.64,"Plan Rows": 200,"Plan Width": 16,"Actual Startup Time": 6009.895,"Actual Total Time": 6009.932,"Actual Rows": 42,"Actual Loops": 1,"Sort Key": ["(count(*)) DESC", "(count(orders.o_orderkey)) DESC"],"Sort Method": "quicksort","Sort Space Used": 27,"Sort Space Type": "Memory","Plans": [{"Node Type": "Aggregate","Strategy": "Hashed","Partial Mode": "Simple","Parent Relationship": "Outer","Parallel Aware": false,"Async Capable": false,"Startup Cost": 65698.50,"Total Cost": 65700.50,"Plan Rows": 200,"Plan Width": 16,"Actual Startup Time": 6009.807,"Actual Total Time": 6009.848,"Actual Rows": 42,"Actual Loops": 1,"Group Key": ["count(orders.o_orderkey)"],"Planned Partitions": 0,"HashAgg Batches": 1,"Peak Memory Usage": 40,"Disk Usage": 0,"Plans": [{"Node Type": "Aggregate","Strategy": "Hashed","Partial Mode": "Simple","Parent Relationship": "Outer","Parallel Aware": false,"Async Capable": false,"Startup Cost": 61948.50,"Total Cost": 63448.50,"Plan Rows": 150000,"Plan Width": 12,"Actual Startup Time": 5831.373,"Actual Total Time": 5996.054,"Actual Rows": 150000,"Actual Loops": 1,"Group Key": ["customer.c_custkey"],"Planned Partitions": 0,"HashAgg Batches": 1,"Peak Memory Usage": 22545,"Disk Usage": 0,"Plans": [{"Node Type": "Hash Join","Parent Relationship": "Outer","Parallel Aware": false,"Async Capable": false,"Join Type": "Right","Startup Cost": 5781.42,"Total Cost": 54524.26,"Plan Rows": 1484848,"Plan Width": 8,"Actual Startup Time": 39.338,"Actual Total Time": 3994.258,"Actual Rows": 1533903,"Actual Loops": 1,"Inner Unique": true,"Hash Cond": "(orders.o_custkey = customer.c_custkey)","Plans": [{"Node Type": "Seq Scan","Parent Relationship": "Outer","Parallel Aware": false,"Async Capable": false,"Relation Name": "orders","Alias": "orders","Startup Cost": 0.00,"Total Cost": 44845.00,"Plan Rows": 1484848,"Plan Width": 8,"Actual Startup Time": 0.067,"Actual Total Time": 2735.690,"Actual Rows": 1483898,"Actual Loops": 1,"Filter": "((o_comment)::text !~~ '%pending%packages%'::text)","Rows Removed by Filter": 16102},{"Node Type": "Hash","Parent Relationship": "Inner","Parallel Aware": false,"Async Capable": false,"Startup Cost": 3906.42,"Total Cost": 3906.42,"Plan Rows": 150000,"Plan Width": 4,"Actual Startup Time": 37.449,"Actual Total Time": 37.461,"Actual Rows": 150000,"Actual Loops": 1,"Hash Buckets": 262144,"Original Hash Buckets": 262144,"Hash Batches": 1,"Original Hash Batches": 1,"Peak Memory Usage": 7322,"Plans": [{"Node Type": "Index Only Scan","Parent Relationship": "Outer","Parallel Aware": false,"Async Capable": false,"Scan Direction": "Forward","Index Name": "customer_pkey","Relation Name": "customer","Alias": "customer","Startup Cost": 0.42,"Total Cost": 3906.42,"Plan Rows": 150000,"Plan Width": 4,"Actual Startup Time": 0.047,"Actual Total Time": 14.301,"Actual Rows": 150000,"Actual Loops": 1,"Heap Fetches": 0}]}]}]}]}]},"Planning Time": 4.405,"Triggers": [],"Execution Time": 6018.249}]
[{"Plan": {"Node Type": "Sort","Parallel Aware": false,"Async Capable": false,"Startup Cost": 65477.08,"Total Cost": 65477.58,"Plan Rows": 200,"Plan Width": 16,"Actual Startup Time": 6131.456,"Actual Total Time": 6131.495,"Actual Rows": 42,"Actual Loops": 1,"Sort Key": ["(count(*)) DESC", "(count(orders.o_orderkey)) DESC"],"Sort Method": "quicksort","Sort Space Used": 27,"Sort Space Type": "Memory","Plans": [{"Node Type": "Aggregate","Strategy": "Hashed","Partial Mode": "Simple","Parent Relationship": "Outer","Parallel Aware": false,"Async Capable": false,"Startup Cost": 65467.44,"Total Cost": 65469.44,"Plan Rows": 200,"Plan Width": 16,"Actual Startup Time": 6131.350,"Actual Total Time": 6131.398,"Actual Rows": 42,"Actual Loops": 1,"Group Key": ["count(orders.o_orderkey)"],"Planned Partitions": 0,"HashAgg Batches": 1,"Peak Memory Usage": 40,"Disk Usage": 0,"Plans": [{"Node Type": "Aggregate","Strategy": "Hashed","Partial Mode": "Simple","Parent Relationship": "Outer","Parallel Aware": false,"Async Capable": false,"Startup Cost": 61717.44,"Total Cost": 63217.44,"Plan Rows": 150000,"Plan Width": 12,"Actual Startup Time": 5953.045,"Actual Total Time": 6117.615,"Actual Rows": 150000,"Actual Loops": 1,"Group Key": ["customer.c_custkey"],"Planned Partitions": 0,"HashAgg Batches": 1,"Peak Memory Usage": 22545,"Disk Usage": 0,"Plans": [{"Node Type": "Hash Join","Parent Relationship": "Outer","Parallel Aware": false,"Async Capable": false,"Join Type": "Right","Startup Cost": 5781.42,"Total Cost": 54444.71,"Plan Rows": 1454545,"Plan Width": 8,"Actual Startup Time": 38.590,"Actual Total Time": 4109.614,"Actual Rows": 1533923,"Actual Loops": 1,"Inner Unique": true,"Hash Cond": "(orders.o_custkey = customer.c_custkey)","Plans": [{"Node Type": "Seq Scan","Parent Relationship": "Outer","Parallel Aware": false,"Async Capable": false,"Relation Name": "orders","Alias": "orders","Startup Cost": 0.00,"Total Cost": 44845.00,"Plan Rows": 1454545,"Plan Width": 8,"Actual Startup Time": 0.061,"Actual Total Time": 2840.022,"Actual Rows": 1483918,"Actual Loops": 1,"Filter": "((o_comment)::text !~~ '%special%requests%'::text)","Rows Removed by Filter": 16082},{"Node Type": "Hash","Parent Relationship": "Inner","Parallel Aware": false,"Async Capable": false,"Startup Cost": 3906.42,"Total Cost": 3906.42,"Plan Rows": 150000,"Plan Width": 4,"Actual Startup Time": 36.739,"Actual Total Time": 36.756,"Actual Rows": 150000,"Actual Loops": 1,"Hash Buckets": 262144,"Original Hash Buckets": 262144,"Hash Batches": 1,"Original Hash Batches": 1,"Peak Memory Usage": 7322,"Plans": [{"Node Type": "Index Only Scan","Parent Relationship": "Outer","Parallel Aware": false,"Async Capable": false,"Scan Direction": "Forward","Index Name": "customer_pkey","Relation Name": "customer","Alias": "customer","Startup Cost": 0.42,"Total Cost": 3906.42,"Plan Rows": 150000,"Plan Width": 4,"Actual Startup Time": 0.061,"Actual Total Time": 14.504,"Actual Rows": 150000,"Actual Loops": 1,"Heap Fetches": 0}]}]}]}]}]},"Planning Time": 3.536,"Triggers": [],"Execution Time": 6139.749}]
[{"Plan": {"Node Type": "Sort","Parallel Aware": false,"Async Capable": false,"Startup Cost": 65822.53,"Total Cost": 65823.03,"Plan Rows": 200,"Plan Width": 16,"Actual Startup Time": 6101.280,"Actual Total Time": 6101.314,"Actual Rows": 42,"Actual Loops": 1,"Sort Key": ["(count(*)) DESC", "(count(orders.o_orderkey)) DESC"],"Sort Method": "quicksort","Sort Space Used": 27,"Sort Space Type": "Memory","Plans": [{"Node Type": "Aggregate","Strategy": "Hashed","Partial Mode": "Simple","Parent Relationship": "Outer","Parallel Aware": false,"Async Capable": false,"Startup Cost": 65812.89,"Total Cost": 65814.89,"Plan Rows": 200,"Plan Width": 16,"Actual Startup Time": 6101.184,"Actual Total Time": 6101.232,"Actual Rows": 42,"Actual Loops": 1,"Group Key": ["count(orders.o_orderkey)"],"Planned Partitions": 0,"HashAgg Batches": 1,"Peak Memory Usage": 40,"Disk Usage": 0,"Plans": [{"Node Type": "Aggregate","Strategy": "Hashed","Partial Mode": "Simple","Parent Relationship": "Outer","Parallel Aware": false,"Async Capable": false,"Startup Cost": 62062.89,"Total Cost": 63562.89,"Plan Rows": 150000,"Plan Width": 12,"Actual Startup Time": 5921.162,"Actual Total Time": 6087.400,"Actual Rows": 150000,"Actual Loops": 1,"Group Key": ["customer.c_custkey"],"Planned Partitions": 0,"HashAgg Batches": 1,"Peak Memory Usage": 22545,"Disk Usage": 0,"Plans": [{"Node Type": "Hash Join","Parent Relationship": "Outer","Parallel Aware": false,"Async Capable": false,"Join Type": "Right","Startup Cost": 5781.42,"Total Cost": 54563.64,"Plan Rows": 1499850,"Plan Width": 8,"Actual Startup Time": 39.228,"Actual Total Time": 4074.723,"Actual Rows": 1533808,"Actual Loops": 1,"Inner Unique": true,"Hash Cond": "(orders.o_custkey = customer.c_custkey)","Plans": [{"Node Type": "Seq Scan","Parent Relationship": "Outer","Parallel Aware": false,"Async Capable": false,"Relation Name": "orders","Alias": "orders","Startup Cost": 0.00,"Total Cost": 44845.00,"Plan Rows": 1499850,"Plan Width": 8,"Actual Startup Time": 0.056,"Actual Total Time": 2834.984,"Actual Rows": 1483804,"Actual Loops": 1,"Filter": "((o_comment)::text !~~ '%special%deposits%'::text)","Rows Removed by Filter": 16196},{"Node Type": "Hash","Parent Relationship": "Inner","Parallel Aware": false,"Async Capable": false,"Startup Cost": 3906.42,"Total Cost": 3906.42,"Plan Rows": 150000,"Plan Width": 4,"Actual Startup Time": 37.438,"Actual Total Time": 37.451,"Actual Rows": 150000,"Actual Loops": 1,"Hash Buckets": 262144,"Original Hash Buckets": 262144,"Hash Batches": 1,"Original Hash Batches": 1,"Peak Memory Usage": 7322,"Plans": [{"Node Type": "Index Only Scan","Parent Relationship": "Outer","Parallel Aware": false,"Async Capable": false,"Scan Direction": "Forward","Index Name": "customer_pkey","Relation Name": "customer","Alias": "customer","Startup Cost": 0.42,"Total Cost": 3906.42,"Plan Rows": 150000,"Plan Width": 4,"Actual Startup Time": 0.049,"Actual Total Time": 14.639,"Actual Rows": 150000,"Actual Loops": 1,"Heap Fetches": 0}]}]}]}]}]},"Planning Time": 3.971,"Triggers": [],"Execution Time": 6110.955}]
[{"Plan": {"Node Type": "Sort","Parallel Aware": false,"Async Capable": false,"Startup Cost": 65822.53,"Total Cost": 65823.03,"Plan Rows": 200,"Plan Width": 16,"Actual Startup Time": 6650.964,"Actual Total Time": 6651.000,"Actual Rows": 42,"Actual Loops": 1,"Sort Key": ["(count(*)) DESC", "(count(orders.o_orderkey)) DESC"],"Sort Method": "quicksort","Sort Space Used": 27,"Sort Space Type": "Memory","Plans": [{"Node Type": "Aggregate","Strategy": "Hashed","Partial Mode": "Simple","Parent Relationship": "Outer","Parallel Aware": false,"Async Capable": false,"Startup Cost": 65812.89,"Total Cost": 65814.89,"Plan Rows": 200,"Plan Width": 16,"Actual Startup Time": 6650.893,"Actual Total Time": 6650.940,"Actual Rows": 42,"Actual Loops": 1,"Group Key": ["count(orders.o_orderkey)"],"Planned Partitions": 0,"HashAgg Batches": 1,"Peak Memory Usage": 40,"Disk Usage": 0,"Plans": [{"Node Type": "Aggregate","Strategy": "Hashed","Partial Mode": "Simple","Parent Relationship": "Outer","Parallel Aware": false,"Async Capable": false,"Startup Cost": 62062.89,"Total Cost": 63562.89,"Plan Rows": 150000,"Plan Width": 12,"Actual Startup Time": 6477.408,"Actual Total Time": 6637.150,"Actual Rows": 150000,"Actual Loops": 1,"Group Key": ["customer.c_custkey"],"Planned Partitions": 0,"HashAgg Batches": 1,"Peak Memory Usage": 22545,"Disk Usage": 0,"Plans": [{"Node Type": "Hash Join","Parent Relationship": "Outer","Parallel Aware": false,"Async Capable": false,"Join Type": "Right","Startup Cost": 5781.42,"Total Cost": 54563.64,"Plan Rows": 1499850,"Plan Width": 8,"Actual Startup Time": 36.551,"Actual Total Time": 4552.506,"Actual Rows": 1533843,"Actual Loops": 1,"Inner Unique": true,"Hash Cond": "(orders.o_custkey = customer.c_custkey)","Plans": [{"Node Type": "Seq Scan","Parent Relationship": "Outer","Parallel Aware": false,"Async Capable": false,"Relation Name": "orders","Alias": "orders","Startup Cost": 0.00,"Total Cost": 44845.00,"Plan Rows": 1499850,"Plan Width": 8,"Actual Startup Time": 0.044,"Actual Total Time": 3147.620,"Actual Rows": 1483839,"Actual Loops": 1,"Filter": "((o_comment)::text !~~ '%pending%deposits%'::text)","Rows Removed by Filter": 16161},{"Node Type": "Hash","Parent Relationship": "Inner","Parallel Aware": false,"Async Capable": false,"Startup Cost": 3906.42,"Total Cost": 3906.42,"Plan Rows": 150000,"Plan Width": 4,"Actual Startup Time": 34.769,"Actual Total Time": 34.783,"Actual Rows": 150000,"Actual Loops": 1,"Hash Buckets": 262144,"Original Hash Buckets": 262144,"Hash Batches": 1,"Original Hash Batches": 1,"Peak Memory Usage": 7322,"Plans": [{"Node Type": "Index Only Scan","Parent Relationship": "Outer","Parallel Aware": false,"Async Capable": false,"Scan Direction": "Forward","Index Name": "customer_pkey","Relation Name": "customer","Alias": "customer","Startup Cost": 0.42,"Total Cost": 3906.42,"Plan Rows": 150000,"Plan Width": 4,"Actual Startup Time": 0.065,"Actual Total Time": 13.424,"Actual Rows": 150000,"Actual Loops": 1,"Heap Fetches": 0}]}]}]}]}]},"Planning Time": 3.594,"Triggers": [],"Execution Time": 6658.782}]
[{"Plan": {"Node Type": "Sort","Parallel Aware": false,"Async Capable": false,"Startup Cost": 65477.08,"Total Cost": 65477.58,"Plan Rows": 200,"Plan Width": 16,"Actual Startup Time": 6131.456,"Actual Total Time": 6131.495,"Actual Rows": 42,"Actual Loops": 1,"Sort Key": ["(count(*)) DESC", "(count(orders.o_orderkey)) DESC"],"Sort Method": "quicksort","Sort Space Used": 27,"Sort Space Type": "Memory","Plans": [{"Node Type": "Aggregate","Strategy": "Hashed","Partial Mode": "Simple","Parent Relationship": "Outer","Parallel Aware": false,"Async Capable": false,"Startup Cost": 65467.44,"Total Cost": 65469.44,"Plan Rows": 200,"Plan Width": 16,"Actual Startup Time": 6131.350,"Actual Total Time": 6131.398,"Actual Rows": 42,"Actual Loops": 1,"Group Key": ["count(orders.o_orderkey)"],"Planned Partitions": 0,"HashAgg Batches": 1,"Peak Memory Usage": 40,"Disk Usage": 0,"Plans": [{"Node Type": "Aggregate","Strategy": "Hashed","Partial Mode": "Simple","Parent Relationship": "Outer","Parallel Aware": false,"Async Capable": false,"Startup Cost": 61717.44,"Total Cost": 63217.44,"Plan Rows": 150000,"Plan Width": 12,"Actual Startup Time": 5953.045,"Actual Total Time": 6117.615,"Actual Rows": 150000,"Actual Loops": 1,"Group Key": ["customer.c_custkey"],"Planned Partitions": 0,"HashAgg Batches": 1,"Peak Memory Usage": 22545,"Disk Usage": 0,"Plans": [{"Node Type": "Hash Join","Parent Relationship": "Outer","Parallel Aware": false,"Async Capable": false,"Join Type": "Right","Startup Cost": 5781.42,"Total Cost": 54444.71,"Plan Rows": 1454545,"Plan Width": 8,"Actual Startup Time": 38.590,"Actual Total Time": 4109.614,"Actual Rows": 1533923,"Actual Loops": 1,"Inner Unique": true,"Hash Cond": "(orders.o_custkey = customer.c_custkey)","Plans": [{"Node Type": "Seq Scan","Parent Relationship": "Outer","Parallel Aware": false,"Async Capable": false,"Relation Name": "orders","Alias": "orders","Startup Cost": 0.00,"Total Cost": 44845.00,"Plan Rows": 1454545,"Plan Width": 8,"Actual Startup Time": 0.061,"Actual Total Time": 2840.022,"Actual Rows": 1483918,"Actual Loops": 1,"Filter": "((o_comment)::text !~~ '%special%requests%'::text)","Rows Removed by Filter": 16082},{"Node Type": "Hash","Parent Relationship": "Inner","Parallel Aware": false,"Async Capable": false,"Startup Cost": 3906.42,"Total Cost": 3906.42,"Plan Rows": 150000,"Plan Width": 4,"Actual Startup Time": 36.739,"Actual Total Time": 36.756,"Actual Rows": 150000,"Actual Loops": 1,"Hash Buckets": 262144,"Original Hash Buckets": 262144,"Hash Batches": 1,"Original Hash Batches": 1,"Peak Memory Usage": 7322,"Plans": [{"Node Type": "Index Only Scan","Parent Relationship": "Outer","Parallel Aware": false,"Async Capable": false,"Scan Direction": "Forward","Index Name": "customer_pkey","Relation Name": "customer","Alias": "customer","Startup Cost": 0.42,"Total Cost": 3906.42,"Plan Rows": 150000,"Plan Width": 4,"Actual Startup Time": 0.061,"Actual Total Time": 14.504,"Actual Rows": 150000,"Actual Loops": 1,"Heap Fetches": 0}]}]}]}]}]},"Planning Time": 3.536,"Triggers": [],"Execution Time": 6139.749}]
[{"Plan": {"Node Type": "Sort","Parallel Aware": false,"Async Capable": false,"Startup Cost": 65822.53,"Total Cost": 65823.03,"Plan Rows": 200,"Plan Width": 16,"Actual Startup Time": 5956.637,"Actual Total Time": 5956.675,"Actual Rows": 42,"Actual Loops": 1,"Sort Key": ["(count(*)) DESC", "(count(orders.o_orderkey)) DESC"],"Sort Method": "quicksort","Sort Space Used": 27,"Sort Space Type": "Memory","Plans": [{"Node Type": "Aggregate","Strategy": "Hashed","Partial Mode": "Simple","Parent Relationship": "Outer","Parallel Aware": false,"Async Capable": false,"Startup Cost": 65812.89,"Total Cost": 65814.89,"Plan Rows": 200,"Plan Width": 16,"Actual Startup Time": 5956.548,"Actual Total Time": 5956.590,"Actual Rows": 42,"Actual Loops": 1,"Group Key": ["count(orders.o_orderkey)"],"Planned Partitions": 0,"HashAgg Batches": 1,"Peak Memory Usage": 40,"Disk Usage": 0,"Plans": [{"Node Type": "Aggregate","Strategy": "Hashed","Partial Mode": "Simple","Parent Relationship": "Outer","Parallel Aware": false,"Async Capable": false,"Startup Cost": 62062.89,"Total Cost": 63562.89,"Plan Rows": 150000,"Plan Width": 12,"Actual Startup Time": 5763.184,"Actual Total Time": 5942.838,"Actual Rows": 150000,"Actual Loops": 1,"Group Key": ["customer.c_custkey"],"Planned Partitions": 0,"HashAgg Batches": 1,"Peak Memory Usage": 22545,"Disk Usage": 0,"Plans": [{"Node Type": "Hash Join","Parent Relationship": "Outer","Parallel Aware": false,"Async Capable": false,"Join Type": "Right","Startup Cost": 5781.42,"Total Cost": 54563.64,"Plan Rows": 1499850,"Plan Width": 8,"Actual Startup Time": 38.566,"Actual Total Time": 3955.732,"Actual Rows": 1533620,"Actual Loops": 1,"Inner Unique": true,"Hash Cond": "(orders.o_custkey = customer.c_custkey)","Plans": [{"Node Type": "Seq Scan","Parent Relationship": "Outer","Parallel Aware": false,"Async Capable": false,"Relation Name": "orders","Alias": "orders","Startup Cost": 0.00,"Total Cost": 44845.00,"Plan Rows": 1499850,"Plan Width": 8,"Actual Startup Time": 0.052,"Actual Total Time": 2713.562,"Actual Rows": 1483615,"Actual Loops": 1,"Filter": "((o_comment)::text !~~ '%pending%accounts%'::text)","Rows Removed by Filter": 16385},{"Node Type": "Hash","Parent Relationship": "Inner","Parallel Aware": false,"Async Capable": false,"Startup Cost": 3906.42,"Total Cost": 3906.42,"Plan Rows": 150000,"Plan Width": 4,"Actual Startup Time": 36.530,"Actual Total Time": 36.543,"Actual Rows": 150000,"Actual Loops": 1,"Hash Buckets": 262144,"Original Hash Buckets": 262144,"Hash Batches": 1,"Original Hash Batches": 1,"Peak Memory Usage": 7322,"Plans": [{"Node Type": "Index Only Scan","Parent Relationship": "Outer","Parallel Aware": false,"Async Capable": false,"Scan Direction": "Forward","Index Name": "customer_pkey","Relation Name": "customer","Alias": "customer","Startup Cost": 0.42,"Total Cost": 3906.42,"Plan Rows": 150000,"Plan Width": 4,"Actual Startup Time": 0.036,"Actual Total Time": 14.278,"Actual Rows": 150000,"Actual Loops": 1,"Heap Fetches": 0}]}]}]}]}]},"Planning Time": 3.568,"Triggers": [],"Execution Time": 5966.474}]
[{"Plan": {"Node Type": "Sort","Parallel Aware": false,"Async Capable": false,"Startup Cost": 65822.53,"Total Cost": 65823.03,"Plan Rows": 200,"Plan Width": 16,"Actual Startup Time": 6789.356,"Actual Total Time": 6789.385,"Actual Rows": 42,"Actual Loops": 1,"Sort Key": ["(count(*)) DESC", "(count(orders.o_orderkey)) DESC"],"Sort Method": "quicksort","Sort Space Used": 27,"Sort Space Type": "Memory","Plans": [{"Node Type": "Aggregate","Strategy": "Hashed","Partial Mode": "Simple","Parent Relationship": "Outer","Parallel Aware": false,"Async Capable": false,"Startup Cost": 65812.89,"Total Cost": 65814.89,"Plan Rows": 200,"Plan Width": 16,"Actual Startup Time": 6789.265,"Actual Total Time": 6789.304,"Actual Rows": 42,"Actual Loops": 1,"Group Key": ["count(orders.o_orderkey)"],"Planned Partitions": 0,"HashAgg Batches": 1,"Peak Memory Usage": 40,"Disk Usage": 0,"Plans": [{"Node Type": "Aggregate","Strategy": "Hashed","Partial Mode": "Simple","Parent Relationship": "Outer","Parallel Aware": false,"Async Capable": false,"Startup Cost": 62062.89,"Total Cost": 63562.89,"Plan Rows": 150000,"Plan Width": 12,"Actual Startup Time": 6597.323,"Actual Total Time": 6775.519,"Actual Rows": 150000,"Actual Loops": 1,"Group Key": ["customer.c_custkey"],"Planned Partitions": 0,"HashAgg Batches": 1,"Peak Memory Usage": 22545,"Disk Usage": 0,"Plans": [{"Node Type": "Hash Join","Parent Relationship": "Outer","Parallel Aware": false,"Async Capable": false,"Join Type": "Right","Startup Cost": 5781.42,"Total Cost": 54563.64,"Plan Rows": 1499850,"Plan Width": 8,"Actual Startup Time": 45.919,"Actual Total Time": 4674.391,"Actual Rows": 1534025,"Actual Loops": 1,"Inner Unique": true,"Hash Cond": "(orders.o_custkey = customer.c_custkey)","Plans": [{"Node Type": "Seq Scan","Parent Relationship": "Outer","Parallel Aware": false,"Async Capable": false,"Relation Name": "orders","Alias": "orders","Startup Cost": 0.00,"Total Cost": 44845.00,"Plan Rows": 1499850,"Plan Width": 8,"Actual Startup Time": 0.049,"Actual Total Time": 3245.830,"Actual Rows": 1484020,"Actual Loops": 1,"Filter": "((o_comment)::text !~~ '%express%deposits%'::text)","Rows Removed by Filter": 15980},{"Node Type": "Hash","Parent Relationship": "Inner","Parallel Aware": false,"Async Capable": false,"Startup Cost": 3906.42,"Total Cost": 3906.42,"Plan Rows": 150000,"Plan Width": 4,"Actual Startup Time": 44.047,"Actual Total Time": 44.059,"Actual Rows": 150000,"Actual Loops": 1,"Hash Buckets": 262144,"Original Hash Buckets": 262144,"Hash Batches": 1,"Original Hash Batches": 1,"Peak Memory Usage": 7322,"Plans": [{"Node Type": "Index Only Scan","Parent Relationship": "Outer","Parallel Aware": false,"Async Capable": false,"Scan Direction": "Forward","Index Name": "customer_pkey","Relation Name": "customer","Alias": "customer","Startup Cost": 0.42,"Total Cost": 3906.42,"Plan Rows": 150000,"Plan Width": 4,"Actual Startup Time": 0.049,"Actual Total Time": 21.219,"Actual Rows": 150000,"Actual Loops": 1,"Heap Fetches": 0}]}]}]}]}]},"Planning Time": 4.349,"Triggers": [],"Execution Time": 6798.388}]
[{"Plan": {"Node Type": "Sort","Parallel Aware": false,"Async Capable": false,"Startup Cost": 65592.61,"Total Cost": 65593.11,"Plan Rows": 200,"Plan Width": 16,"Actual Startup Time": 6059.416,"Actual Total Time": 6059.459,"Actual Rows": 42,"Actual Loops": 1,"Sort Key": ["(count(*)) DESC", "(count(orders.o_orderkey)) DESC"],"Sort Method": "quicksort","Sort Space Used": 27,"Sort Space Type": "Memory","Plans": [{"Node Type": "Aggregate","Strategy": "Hashed","Partial Mode": "Simple","Parent Relationship": "Outer","Parallel Aware": false,"Async Capable": false,"Startup Cost": 65582.97,"Total Cost": 65584.97,"Plan Rows": 200,"Plan Width": 16,"Actual Startup Time": 6059.318,"Actual Total Time": 6059.369,"Actual Rows": 42,"Actual Loops": 1,"Group Key": ["count(orders.o_orderkey)"],"Planned Partitions": 0,"HashAgg Batches": 1,"Peak Memory Usage": 40,"Disk Usage": 0,"Plans": [{"Node Type": "Aggregate","Strategy": "Hashed","Partial Mode": "Simple","Parent Relationship": "Outer","Parallel Aware": false,"Async Capable": false,"Startup Cost": 61832.97,"Total Cost": 63332.97,"Plan Rows": 150000,"Plan Width": 12,"Actual Startup Time": 5864.158,"Actual Total Time": 6045.542,"Actual Rows": 150000,"Actual Loops": 1,"Group Key": ["customer.c_custkey"],"Planned Partitions": 0,"HashAgg Batches": 1,"Peak Memory Usage": 22545,"Disk Usage": 0,"Plans": [{"Node Type": "Hash Join","Parent Relationship": "Outer","Parallel Aware": false,"Async Capable": false,"Join Type": "Right","Startup Cost": 5781.42,"Total Cost": 54484.49,"Plan Rows": 1469697,"Plan Width": 8,"Actual Startup Time": 38.198,"Actual Total Time": 4061.016,"Actual Rows": 1533817,"Actual Loops": 1,"Inner Unique": true,"Hash Cond": "(orders.o_custkey = customer.c_custkey)","Plans": [{"Node Type": "Seq Scan","Parent Relationship": "Outer","Parallel Aware": false,"Async Capable": false,"Relation Name": "orders","Alias": "orders","Startup Cost": 0.00,"Total Cost": 44845.00,"Plan Rows": 1469697,"Plan Width": 8,"Actual Startup Time": 0.037,"Actual Total Time": 2812.366,"Actual Rows": 1483813,"Actual Loops": 1,"Filter": "((o_comment)::text !~~ '%unusual%requests%'::text)","Rows Removed by Filter": 16187},{"Node Type": "Hash","Parent Relationship": "Inner","Parallel Aware": false,"Async Capable": false,"Startup Cost": 3906.42,"Total Cost": 3906.42,"Plan Rows": 150000,"Plan Width": 4,"Actual Startup Time": 36.318,"Actual Total Time": 36.334,"Actual Rows": 150000,"Actual Loops": 1,"Hash Buckets": 262144,"Original Hash Buckets": 262144,"Hash Batches": 1,"Original Hash Batches": 1,"Peak Memory Usage": 7322,"Plans": [{"Node Type": "Index Only Scan","Parent Relationship": "Outer","Parallel Aware": false,"Async Capable": false,"Scan Direction": "Forward","Index Name": "customer_pkey","Relation Name": "customer","Alias": "customer","Startup Cost": 0.42,"Total Cost": 3906.42,"Plan Rows": 150000,"Plan Width": 4,"Actual Startup Time": 0.044,"Actual Total Time": 14.416,"Actual Rows": 150000,"Actual Loops": 1,"Heap Fetches": 0}]}]}]}]}]},"Planning Time": 3.526,"Triggers": [],"Execution Time": 6069.080}]
[{"Plan": {"Node Type": "Sort","Parallel Aware": false,"Async Capable": false,"Startup Cost": 65708.14,"Total Cost": 65708.64,"Plan Rows": 200,"Plan Width": 16,"Actual Startup Time": 6096.152,"Actual Total Time": 6096.183,"Actual Rows": 42,"Actual Loops": 1,"Sort Key": ["(count(*)) DESC", "(count(orders.o_orderkey)) DESC"],"Sort Method": "quicksort","Sort Space Used": 27,"Sort Space Type": "Memory","Plans": [{"Node Type": "Aggregate","Strategy": "Hashed","Partial Mode": "Simple","Parent Relationship": "Outer","Parallel Aware": false,"Async Capable": false,"Startup Cost": 65698.50,"Total Cost": 65700.50,"Plan Rows": 200,"Plan Width": 16,"Actual Startup Time": 6096.055,"Actual Total Time": 6096.099,"Actual Rows": 42,"Actual Loops": 1,"Group Key": ["count(orders.o_orderkey)"],"Planned Partitions": 0,"HashAgg Batches": 1,"Peak Memory Usage": 40,"Disk Usage": 0,"Plans": [{"Node Type": "Aggregate","Strategy": "Hashed","Partial Mode": "Simple","Parent Relationship": "Outer","Parallel Aware": false,"Async Capable": false,"Startup Cost": 61948.50,"Total Cost": 63448.50,"Plan Rows": 150000,"Plan Width": 12,"Actual Startup Time": 5916.888,"Actual Total Time": 6082.285,"Actual Rows": 150000,"Actual Loops": 1,"Group Key": ["customer.c_custkey"],"Planned Partitions": 0,"HashAgg Batches": 1,"Peak Memory Usage": 22545,"Disk Usage": 0,"Plans": [{"Node Type": "Hash Join","Parent Relationship": "Outer","Parallel Aware": false,"Async Capable": false,"Join Type": "Right","Startup Cost": 5781.42,"Total Cost": 54524.26,"Plan Rows": 1484848,"Plan Width": 8,"Actual Startup Time": 39.799,"Actual Total Time": 4085.231,"Actual Rows": 1533660,"Actual Loops": 1,"Inner Unique": true,"Hash Cond": "(orders.o_custkey = customer.c_custkey)","Plans": [{"Node Type": "Seq Scan","Parent Relationship": "Outer","Parallel Aware": false,"Async Capable": false,"Relation Name": "orders","Alias": "orders","Startup Cost": 0.00,"Total Cost": 44845.00,"Plan Rows": 1484848,"Plan Width": 8,"Actual Startup Time": 0.053,"Actual Total Time": 2810.059,"Actual Rows": 1483656,"Actual Loops": 1,"Filter": "((o_comment)::text !~~ '%pending%requests%'::text)","Rows Removed by Filter": 16344},{"Node Type": "Hash","Parent Relationship": "Inner","Parallel Aware": false,"Async Capable": false,"Startup Cost": 3906.42,"Total Cost": 3906.42,"Plan Rows": 150000,"Plan Width": 4,"Actual Startup Time": 37.918,"Actual Total Time": 37.930,"Actual Rows": 150000,"Actual Loops": 1,"Hash Buckets": 262144,"Original Hash Buckets": 262144,"Hash Batches": 1,"Original Hash Batches": 1,"Peak Memory Usage": 7322,"Plans": [{"Node Type": "Index Only Scan","Parent Relationship": "Outer","Parallel Aware": false,"Async Capable": false,"Scan Direction": "Forward","Index Name": "customer_pkey","Relation Name": "customer","Alias": "customer","Startup Cost": 0.42,"Total Cost": 3906.42,"Plan Rows": 150000,"Plan Width": 4,"Actual Startup Time": 0.035,"Actual Total Time": 14.493,"Actual Rows": 150000,"Actual Loops": 1,"Heap Fetches": 0}]}]}]}]}]},"Planning Time": 4.221,"Triggers": [],"Execution Time": 6104.310}]
[{"Plan": {"Node Type": "Sort","Parallel Aware": false,"Async Capable": false,"Startup Cost": 65708.14,"Total Cost": 65708.64,"Plan Rows": 200,"Plan Width": 16,"Actual Startup Time": 6096.152,"Actual Total Time": 6096.183,"Actual Rows": 42,"Actual Loops": 1,"Sort Key": ["(count(*)) DESC", "(count(orders.o_orderkey)) DESC"],"Sort Method": "quicksort","Sort Space Used": 27,"Sort Space Type": "Memory","Plans": [{"Node Type": "Aggregate","Strategy": "Hashed","Partial Mode": "Simple","Parent Relationship": "Outer","Parallel Aware": false,"Async Capable": false,"Startup Cost": 65698.50,"Total Cost": 65700.50,"Plan Rows": 200,"Plan Width": 16,"Actual Startup Time": 6096.055,"Actual Total Time": 6096.099,"Actual Rows": 42,"Actual Loops": 1,"Group Key": ["count(orders.o_orderkey)"],"Planned Partitions": 0,"HashAgg Batches": 1,"Peak Memory Usage": 40,"Disk Usage": 0,"Plans": [{"Node Type": "Aggregate","Strategy": "Hashed","Partial Mode": "Simple","Parent Relationship": "Outer","Parallel Aware": false,"Async Capable": false,"Startup Cost": 61948.50,"Total Cost": 63448.50,"Plan Rows": 150000,"Plan Width": 12,"Actual Startup Time": 5916.888,"Actual Total Time": 6082.285,"Actual Rows": 150000,"Actual Loops": 1,"Group Key": ["customer.c_custkey"],"Planned Partitions": 0,"HashAgg Batches": 1,"Peak Memory Usage": 22545,"Disk Usage": 0,"Plans": [{"Node Type": "Hash Join","Parent Relationship": "Outer","Parallel Aware": false,"Async Capable": false,"Join Type": "Right","Startup Cost": 5781.42,"Total Cost": 54524.26,"Plan Rows": 1484848,"Plan Width": 8,"Actual Startup Time": 39.799,"Actual Total Time": 4085.231,"Actual Rows": 1533660,"Actual Loops": 1,"Inner Unique": true,"Hash Cond": "(orders.o_custkey = customer.c_custkey)","Plans": [{"Node Type": "Seq Scan","Parent Relationship": "Outer","Parallel Aware": false,"Async Capable": false,"Relation Name": "orders","Alias": "orders","Startup Cost": 0.00,"Total Cost": 44845.00,"Plan Rows": 1484848,"Plan Width": 8,"Actual Startup Time": 0.053,"Actual Total Time": 2810.059,"Actual Rows": 1483656,"Actual Loops": 1,"Filter": "((o_comment)::text !~~ '%pending%requests%'::text)","Rows Removed by Filter": 16344},{"Node Type": "Hash","Parent Relationship": "Inner","Parallel Aware": false,"Async Capable": false,"Startup Cost": 3906.42,"Total Cost": 3906.42,"Plan Rows": 150000,"Plan Width": 4,"Actual Startup Time": 37.918,"Actual Total Time": 37.930,"Actual Rows": 150000,"Actual Loops": 1,"Hash Buckets": 262144,"Original Hash Buckets": 262144,"Hash Batches": 1,"Original Hash Batches": 1,"Peak Memory Usage": 7322,"Plans": [{"Node Type": "Index Only Scan","Parent Relationship": "Outer","Parallel Aware": false,"Async Capable": false,"Scan Direction": "Forward","Index Name": "customer_pkey","Relation Name": "customer","Alias": "customer","Startup Cost": 0.42,"Total Cost": 3906.42,"Plan Rows": 150000,"Plan Width": 4,"Actual Startup Time": 0.035,"Actual Total Time": 14.493,"Actual Rows": 150000,"Actual Loops": 1,"Heap Fetches": 0}]}]}]}]}]},"Planning Time": 4.221,"Triggers": [],"Execution Time": 6104.310}]
[{"Plan": {"Node Type": "Sort","Parallel Aware": false,"Async Capable": false,"Startup Cost": 65592.61,"Total Cost": 65593.11,"Plan Rows": 200,"Plan Width": 16,"Actual Startup Time": 6147.348,"Actual Total Time": 6147.387,"Actual Rows": 42,"Actual Loops": 1,"Sort Key": ["(count(*)) DESC", "(count(orders.o_orderkey)) DESC"],"Sort Method": "quicksort","Sort Space Used": 27,"Sort Space Type": "Memory","Plans": [{"Node Type": "Aggregate","Strategy": "Hashed","Partial Mode": "Simple","Parent Relationship": "Outer","Parallel Aware": false,"Async Capable": false,"Startup Cost": 65582.97,"Total Cost": 65584.97,"Plan Rows": 200,"Plan Width": 16,"Actual Startup Time": 6147.247,"Actual Total Time": 6147.296,"Actual Rows": 42,"Actual Loops": 1,"Group Key": ["count(orders.o_orderkey)"],"Planned Partitions": 0,"HashAgg Batches": 1,"Peak Memory Usage": 40,"Disk Usage": 0,"Plans": [{"Node Type": "Aggregate","Strategy": "Hashed","Partial Mode": "Simple","Parent Relationship": "Outer","Parallel Aware": false,"Async Capable": false,"Startup Cost": 61832.97,"Total Cost": 63332.97,"Plan Rows": 150000,"Plan Width": 12,"Actual Startup Time": 5968.961,"Actual Total Time": 6133.532,"Actual Rows": 150000,"Actual Loops": 1,"Group Key": ["customer.c_custkey"],"Planned Partitions": 0,"HashAgg Batches": 1,"Peak Memory Usage": 22545,"Disk Usage": 0,"Plans": [{"Node Type": "Hash Join","Parent Relationship": "Outer","Parallel Aware": false,"Async Capable": false,"Join Type": "Right","Startup Cost": 5781.42,"Total Cost": 54484.49,"Plan Rows": 1469697,"Plan Width": 8,"Actual Startup Time": 38.076,"Actual Total Time": 4114.998,"Actual Rows": 1533945,"Actual Loops": 1,"Inner Unique": true,"Hash Cond": "(orders.o_custkey = customer.c_custkey)","Plans": [{"Node Type": "Seq Scan","Parent Relationship": "Outer","Parallel Aware": false,"Async Capable": false,"Relation Name": "orders","Alias": "orders","Startup Cost": 0.00,"Total Cost": 44845.00,"Plan Rows": 1469697,"Plan Width": 8,"Actual Startup Time": 0.049,"Actual Total Time": 2844.878,"Actual Rows": 1483941,"Actual Loops": 1,"Filter": "((o_comment)::text !~~ '%express%packages%'::text)","Rows Removed by Filter": 16059},{"Node Type": "Hash","Parent Relationship": "Inner","Parallel Aware": false,"Async Capable": false,"Startup Cost": 3906.42,"Total Cost": 3906.42,"Plan Rows": 150000,"Plan Width": 4,"Actual Startup Time": 36.257,"Actual Total Time": 36.268,"Actual Rows": 150000,"Actual Loops": 1,"Hash Buckets": 262144,"Original Hash Buckets": 262144,"Hash Batches": 1,"Original Hash Batches": 1,"Peak Memory Usage": 7322,"Plans": [{"Node Type": "Index Only Scan","Parent Relationship": "Outer","Parallel Aware": false,"Async Capable": false,"Scan Direction": "Forward","Index Name": "customer_pkey","Relation Name": "customer","Alias": "customer","Startup Cost": 0.42,"Total Cost": 3906.42,"Plan Rows": 150000,"Plan Width": 4,"Actual Startup Time": 0.063,"Actual Total Time": 14.588,"Actual Rows": 150000,"Actual Loops": 1,"Heap Fetches": 0}]}]}]}]}]},"Planning Time": 3.934,"Triggers": [],"Execution Time": 6155.513}]
[{"Plan": {"Node Type": "Sort","Parallel Aware": false,"Async Capable": false,"Startup Cost": 65708.14,"Total Cost": 65708.64,"Plan Rows": 200,"Plan Width": 16,"Actual Startup Time": 6096.152,"Actual Total Time": 6096.183,"Actual Rows": 42,"Actual Loops": 1,"Sort Key": ["(count(*)) DESC", "(count(orders.o_orderkey)) DESC"],"Sort Method": "quicksort","Sort Space Used": 27,"Sort Space Type": "Memory","Plans": [{"Node Type": "Aggregate","Strategy": "Hashed","Partial Mode": "Simple","Parent Relationship": "Outer","Parallel Aware": false,"Async Capable": false,"Startup Cost": 65698.50,"Total Cost": 65700.50,"Plan Rows": 200,"Plan Width": 16,"Actual Startup Time": 6096.055,"Actual Total Time": 6096.099,"Actual Rows": 42,"Actual Loops": 1,"Group Key": ["count(orders.o_orderkey)"],"Planned Partitions": 0,"HashAgg Batches": 1,"Peak Memory Usage": 40,"Disk Usage": 0,"Plans": [{"Node Type": "Aggregate","Strategy": "Hashed","Partial Mode": "Simple","Parent Relationship": "Outer","Parallel Aware": false,"Async Capable": false,"Startup Cost": 61948.50,"Total Cost": 63448.50,"Plan Rows": 150000,"Plan Width": 12,"Actual Startup Time": 5916.888,"Actual Total Time": 6082.285,"Actual Rows": 150000,"Actual Loops": 1,"Group Key": ["customer.c_custkey"],"Planned Partitions": 0,"HashAgg Batches": 1,"Peak Memory Usage": 22545,"Disk Usage": 0,"Plans": [{"Node Type": "Hash Join","Parent Relationship": "Outer","Parallel Aware": false,"Async Capable": false,"Join Type": "Right","Startup Cost": 5781.42,"Total Cost": 54524.26,"Plan Rows": 1484848,"Plan Width": 8,"Actual Startup Time": 39.799,"Actual Total Time": 4085.231,"Actual Rows": 1533660,"Actual Loops": 1,"Inner Unique": true,"Hash Cond": "(orders.o_custkey = customer.c_custkey)","Plans": [{"Node Type": "Seq Scan","Parent Relationship": "Outer","Parallel Aware": false,"Async Capable": false,"Relation Name": "orders","Alias": "orders","Startup Cost": 0.00,"Total Cost": 44845.00,"Plan Rows": 1484848,"Plan Width": 8,"Actual Startup Time": 0.053,"Actual Total Time": 2810.059,"Actual Rows": 1483656,"Actual Loops": 1,"Filter": "((o_comment)::text !~~ '%pending%requests%'::text)","Rows Removed by Filter": 16344},{"Node Type": "Hash","Parent Relationship": "Inner","Parallel Aware": false,"Async Capable": false,"Startup Cost": 3906.42,"Total Cost": 3906.42,"Plan Rows": 150000,"Plan Width": 4,"Actual Startup Time": 37.918,"Actual Total Time": 37.930,"Actual Rows": 150000,"Actual Loops": 1,"Hash Buckets": 262144,"Original Hash Buckets": 262144,"Hash Batches": 1,"Original Hash Batches": 1,"Peak Memory Usage": 7322,"Plans": [{"Node Type": "Index Only Scan","Parent Relationship": "Outer","Parallel Aware": false,"Async Capable": false,"Scan Direction": "Forward","Index Name": "customer_pkey","Relation Name": "customer","Alias": "customer","Startup Cost": 0.42,"Total Cost": 3906.42,"Plan Rows": 150000,"Plan Width": 4,"Actual Startup Time": 0.035,"Actual Total Time": 14.493,"Actual Rows": 150000,"Actual Loops": 1,"Heap Fetches": 0}]}]}]}]}]},"Planning Time": 4.221,"Triggers": [],"Execution Time": 6104.310}]
[{"Plan": {"Node Type": "Sort","Parallel Aware": false,"Async Capable": false,"Startup Cost": 65708.14,"Total Cost": 65708.64,"Plan Rows": 200,"Plan Width": 16,"Actual Startup Time": 6659.087,"Actual Total Time": 6659.155,"Actual Rows": 41,"Actual Loops": 1,"Sort Key": ["(count(*)) DESC", "(count(orders.o_orderkey)) DESC"],"Sort Method": "quicksort","Sort Space Used": 27,"Sort Space Type": "Memory","Plans": [{"Node Type": "Aggregate","Strategy": "Hashed","Partial Mode": "Simple","Parent Relationship": "Outer","Parallel Aware": false,"Async Capable": false,"Startup Cost": 65698.50,"Total Cost": 65700.50,"Plan Rows": 200,"Plan Width": 16,"Actual Startup Time": 6658.981,"Actual Total Time": 6659.057,"Actual Rows": 41,"Actual Loops": 1,"Group Key": ["count(orders.o_orderkey)"],"Planned Partitions": 0,"HashAgg Batches": 1,"Peak Memory Usage": 40,"Disk Usage": 0,"Plans": [{"Node Type": "Aggregate","Strategy": "Hashed","Partial Mode": "Simple","Parent Relationship": "Outer","Parallel Aware": false,"Async Capable": false,"Startup Cost": 61948.50,"Total Cost": 63448.50,"Plan Rows": 150000,"Plan Width": 12,"Actual Startup Time": 6480.209,"Actual Total Time": 6645.185,"Actual Rows": 150000,"Actual Loops": 1,"Group Key": ["customer.c_custkey"],"Planned Partitions": 0,"HashAgg Batches": 1,"Peak Memory Usage": 22545,"Disk Usage": 0,"Plans": [{"Node Type": "Hash Join","Parent Relationship": "Outer","Parallel Aware": false,"Async Capable": false,"Join Type": "Right","Startup Cost": 5781.42,"Total Cost": 54524.26,"Plan Rows": 1484848,"Plan Width": 8,"Actual Startup Time": 37.274,"Actual Total Time": 4547.015,"Actual Rows": 1533872,"Actual Loops": 1,"Inner Unique": true,"Hash Cond": "(orders.o_custkey = customer.c_custkey)","Plans": [{"Node Type": "Seq Scan","Parent Relationship": "Outer","Parallel Aware": false,"Async Capable": false,"Relation Name": "orders","Alias": "orders","Startup Cost": 0.00,"Total Cost": 44845.00,"Plan Rows": 1484848,"Plan Width": 8,"Actual Startup Time": 0.043,"Actual Total Time": 3085.028,"Actual Rows": 1483868,"Actual Loops": 1,"Filter": "((o_comment)::text !~~ '%unusual%deposits%'::text)","Rows Removed by Filter": 16132},{"Node Type": "Hash","Parent Relationship": "Inner","Parallel Aware": false,"Async Capable": false,"Startup Cost": 3906.42,"Total Cost": 3906.42,"Plan Rows": 150000,"Plan Width": 4,"Actual Startup Time": 35.508,"Actual Total Time": 35.530,"Actual Rows": 150000,"Actual Loops": 1,"Hash Buckets": 262144,"Original Hash Buckets": 262144,"Hash Batches": 1,"Original Hash Batches": 1,"Peak Memory Usage": 7322,"Plans": [{"Node Type": "Index Only Scan","Parent Relationship": "Outer","Parallel Aware": false,"Async Capable": false,"Scan Direction": "Forward","Index Name": "customer_pkey","Relation Name": "customer","Alias": "customer","Startup Cost": 0.42,"Total Cost": 3906.42,"Plan Rows": 150000,"Plan Width": 4,"Actual Startup Time": 0.053,"Actual Total Time": 13.448,"Actual Rows": 150000,"Actual Loops": 1,"Heap Fetches": 0}]}]}]}]}]},"Planning Time": 3.854,"Triggers": [],"Execution Time": 6671.834}]
[{"Plan": {"Node Type": "Sort","Parallel Aware": false,"Async Capable": false,"Startup Cost": 65822.53,"Total Cost": 65823.03,"Plan Rows": 200,"Plan Width": 16,"Actual Startup Time": 6047.687,"Actual Total Time": 6047.735,"Actual Rows": 42,"Actual Loops": 1,"Sort Key": ["(count(*)) DESC", "(count(orders.o_orderkey)) DESC"],"Sort Method": "quicksort","Sort Space Used": 27,"Sort Space Type": "Memory","Plans": [{"Node Type": "Aggregate","Strategy": "Hashed","Partial Mode": "Simple","Parent Relationship": "Outer","Parallel Aware": false,"Async Capable": false,"Startup Cost": 65812.89,"Total Cost": 65814.89,"Plan Rows": 200,"Plan Width": 16,"Actual Startup Time": 6047.591,"Actual Total Time": 6047.643,"Actual Rows": 42,"Actual Loops": 1,"Group Key": ["count(orders.o_orderkey)"],"Planned Partitions": 0,"HashAgg Batches": 1,"Peak Memory Usage": 40,"Disk Usage": 0,"Plans": [{"Node Type": "Aggregate","Strategy": "Hashed","Partial Mode": "Simple","Parent Relationship": "Outer","Parallel Aware": false,"Async Capable": false,"Startup Cost": 62062.89,"Total Cost": 63562.89,"Plan Rows": 150000,"Plan Width": 12,"Actual Startup Time": 5868.600,"Actual Total Time": 6033.866,"Actual Rows": 150000,"Actual Loops": 1,"Group Key": ["customer.c_custkey"],"Planned Partitions": 0,"HashAgg Batches": 1,"Peak Memory Usage": 22545,"Disk Usage": 0,"Plans": [{"Node Type": "Hash Join","Parent Relationship": "Outer","Parallel Aware": false,"Async Capable": false,"Join Type": "Right","Startup Cost": 5781.42,"Total Cost": 54563.64,"Plan Rows": 1499850,"Plan Width": 8,"Actual Startup Time": 39.168,"Actual Total Time": 4010.851,"Actual Rows": 1533626,"Actual Loops": 1,"Inner Unique": true,"Hash Cond": "(orders.o_custkey = customer.c_custkey)","Plans": [{"Node Type": "Seq Scan","Parent Relationship": "Outer","Parallel Aware": false,"Async Capable": false,"Relation Name": "orders","Alias": "orders","Startup Cost": 0.00,"Total Cost": 44845.00,"Plan Rows": 1499850,"Plan Width": 8,"Actual Startup Time": 0.065,"Actual Total Time": 2757.508,"Actual Rows": 1483622,"Actual Loops": 1,"Filter": "((o_comment)::text !~~ '%unusual%accounts%'::text)","Rows Removed by Filter": 16378},{"Node Type": "Hash","Parent Relationship": "Inner","Parallel Aware": false,"Async Capable": false,"Startup Cost": 3906.42,"Total Cost": 3906.42,"Plan Rows": 150000,"Plan Width": 4,"Actual Startup Time": 37.343,"Actual Total Time": 37.362,"Actual Rows": 150000,"Actual Loops": 1,"Hash Buckets": 262144,"Original Hash Buckets": 262144,"Hash Batches": 1,"Original Hash Batches": 1,"Peak Memory Usage": 7322,"Plans": [{"Node Type": "Index Only Scan","Parent Relationship": "Outer","Parallel Aware": false,"Async Capable": false,"Scan Direction": "Forward","Index Name": "customer_pkey","Relation Name": "customer","Alias": "customer","Startup Cost": 0.42,"Total Cost": 3906.42,"Plan Rows": 150000,"Plan Width": 4,"Actual Startup Time": 0.036,"Actual Total Time": 14.472,"Actual Rows": 150000,"Actual Loops": 1,"Heap Fetches": 0}]}]}]}]}]},"Planning Time": 4.331,"Triggers": [],"Execution Time": 6056.690}]
[{"Plan": {"Node Type": "Sort","Parallel Aware": false,"Async Capable": false,"Startup Cost": 65822.53,"Total Cost": 65823.03,"Plan Rows": 200,"Plan Width": 16,"Actual Startup Time": 6650.964,"Actual Total Time": 6651.000,"Actual Rows": 42,"Actual Loops": 1,"Sort Key": ["(count(*)) DESC", "(count(orders.o_orderkey)) DESC"],"Sort Method": "quicksort","Sort Space Used": 27,"Sort Space Type": "Memory","Plans": [{"Node Type": "Aggregate","Strategy": "Hashed","Partial Mode": "Simple","Parent Relationship": "Outer","Parallel Aware": false,"Async Capable": false,"Startup Cost": 65812.89,"Total Cost": 65814.89,"Plan Rows": 200,"Plan Width": 16,"Actual Startup Time": 6650.893,"Actual Total Time": 6650.940,"Actual Rows": 42,"Actual Loops": 1,"Group Key": ["count(orders.o_orderkey)"],"Planned Partitions": 0,"HashAgg Batches": 1,"Peak Memory Usage": 40,"Disk Usage": 0,"Plans": [{"Node Type": "Aggregate","Strategy": "Hashed","Partial Mode": "Simple","Parent Relationship": "Outer","Parallel Aware": false,"Async Capable": false,"Startup Cost": 62062.89,"Total Cost": 63562.89,"Plan Rows": 150000,"Plan Width": 12,"Actual Startup Time": 6477.408,"Actual Total Time": 6637.150,"Actual Rows": 150000,"Actual Loops": 1,"Group Key": ["customer.c_custkey"],"Planned Partitions": 0,"HashAgg Batches": 1,"Peak Memory Usage": 22545,"Disk Usage": 0,"Plans": [{"Node Type": "Hash Join","Parent Relationship": "Outer","Parallel Aware": false,"Async Capable": false,"Join Type": "Right","Startup Cost": 5781.42,"Total Cost": 54563.64,"Plan Rows": 1499850,"Plan Width": 8,"Actual Startup Time": 36.551,"Actual Total Time": 4552.506,"Actual Rows": 1533843,"Actual Loops": 1,"Inner Unique": true,"Hash Cond": "(orders.o_custkey = customer.c_custkey)","Plans": [{"Node Type": "Seq Scan","Parent Relationship": "Outer","Parallel Aware": false,"Async Capable": false,"Relation Name": "orders","Alias": "orders","Startup Cost": 0.00,"Total Cost": 44845.00,"Plan Rows": 1499850,"Plan Width": 8,"Actual Startup Time": 0.044,"Actual Total Time": 3147.620,"Actual Rows": 1483839,"Actual Loops": 1,"Filter": "((o_comment)::text !~~ '%pending%deposits%'::text)","Rows Removed by Filter": 16161},{"Node Type": "Hash","Parent Relationship": "Inner","Parallel Aware": false,"Async Capable": false,"Startup Cost": 3906.42,"Total Cost": 3906.42,"Plan Rows": 150000,"Plan Width": 4,"Actual Startup Time": 34.769,"Actual Total Time": 34.783,"Actual Rows": 150000,"Actual Loops": 1,"Hash Buckets": 262144,"Original Hash Buckets": 262144,"Hash Batches": 1,"Original Hash Batches": 1,"Peak Memory Usage": 7322,"Plans": [{"Node Type": "Index Only Scan","Parent Relationship": "Outer","Parallel Aware": false,"Async Capable": false,"Scan Direction": "Forward","Index Name": "customer_pkey","Relation Name": "customer","Alias": "customer","Startup Cost": 0.42,"Total Cost": 3906.42,"Plan Rows": 150000,"Plan Width": 4,"Actual Startup Time": 0.065,"Actual Total Time": 13.424,"Actual Rows": 150000,"Actual Loops": 1,"Heap Fetches": 0}]}]}]}]}]},"Planning Time": 3.594,"Triggers": [],"Execution Time": 6658.782}]
[{"Plan": {"Node Type": "Sort","Parallel Aware": false,"Async Capable": false,"Startup Cost": 65822.53,"Total Cost": 65823.03,"Plan Rows": 200,"Plan Width": 16,"Actual Startup Time": 6650.964,"Actual Total Time": 6651.000,"Actual Rows": 42,"Actual Loops": 1,"Sort Key": ["(count(*)) DESC", "(count(orders.o_orderkey)) DESC"],"Sort Method": "quicksort","Sort Space Used": 27,"Sort Space Type": "Memory","Plans": [{"Node Type": "Aggregate","Strategy": "Hashed","Partial Mode": "Simple","Parent Relationship": "Outer","Parallel Aware": false,"Async Capable": false,"Startup Cost": 65812.89,"Total Cost": 65814.89,"Plan Rows": 200,"Plan Width": 16,"Actual Startup Time": 6650.893,"Actual Total Time": 6650.940,"Actual Rows": 42,"Actual Loops": 1,"Group Key": ["count(orders.o_orderkey)"],"Planned Partitions": 0,"HashAgg Batches": 1,"Peak Memory Usage": 40,"Disk Usage": 0,"Plans": [{"Node Type": "Aggregate","Strategy": "Hashed","Partial Mode": "Simple","Parent Relationship": "Outer","Parallel Aware": false,"Async Capable": false,"Startup Cost": 62062.89,"Total Cost": 63562.89,"Plan Rows": 150000,"Plan Width": 12,"Actual Startup Time": 6477.408,"Actual Total Time": 6637.150,"Actual Rows": 150000,"Actual Loops": 1,"Group Key": ["customer.c_custkey"],"Planned Partitions": 0,"HashAgg Batches": 1,"Peak Memory Usage": 22545,"Disk Usage": 0,"Plans": [{"Node Type": "Hash Join","Parent Relationship": "Outer","Parallel Aware": false,"Async Capable": false,"Join Type": "Right","Startup Cost": 5781.42,"Total Cost": 54563.64,"Plan Rows": 1499850,"Plan Width": 8,"Actual Startup Time": 36.551,"Actual Total Time": 4552.506,"Actual Rows": 1533843,"Actual Loops": 1,"Inner Unique": true,"Hash Cond": "(orders.o_custkey = customer.c_custkey)","Plans": [{"Node Type": "Seq Scan","Parent Relationship": "Outer","Parallel Aware": false,"Async Capable": false,"Relation Name": "orders","Alias": "orders","Startup Cost": 0.00,"Total Cost": 44845.00,"Plan Rows": 1499850,"Plan Width": 8,"Actual Startup Time": 0.044,"Actual Total Time": 3147.620,"Actual Rows": 1483839,"Actual Loops": 1,"Filter": "((o_comment)::text !~~ '%pending%deposits%'::text)","Rows Removed by Filter": 16161},{"Node Type": "Hash","Parent Relationship": "Inner","Parallel Aware": false,"Async Capable": false,"Startup Cost": 3906.42,"Total Cost": 3906.42,"Plan Rows": 150000,"Plan Width": 4,"Actual Startup Time": 34.769,"Actual Total Time": 34.783,"Actual Rows": 150000,"Actual Loops": 1,"Hash Buckets": 262144,"Original Hash Buckets": 262144,"Hash Batches": 1,"Original Hash Batches": 1,"Peak Memory Usage": 7322,"Plans": [{"Node Type": "Index Only Scan","Parent Relationship": "Outer","Parallel Aware": false,"Async Capable": false,"Scan Direction": "Forward","Index Name": "customer_pkey","Relation Name": "customer","Alias": "customer","Startup Cost": 0.42,"Total Cost": 3906.42,"Plan Rows": 150000,"Plan Width": 4,"Actual Startup Time": 0.065,"Actual Total Time": 13.424,"Actual Rows": 150000,"Actual Loops": 1,"Heap Fetches": 0}]}]}]}]}]},"Planning Time": 3.594,"Triggers": [],"Execution Time": 6658.782}]
[{"Plan": {"Node Type": "Sort","Parallel Aware": false,"Async Capable": false,"Startup Cost": 65822.53,"Total Cost": 65823.03,"Plan Rows": 200,"Plan Width": 16,"Actual Startup Time": 6101.280,"Actual Total Time": 6101.314,"Actual Rows": 42,"Actual Loops": 1,"Sort Key": ["(count(*)) DESC", "(count(orders.o_orderkey)) DESC"],"Sort Method": "quicksort","Sort Space Used": 27,"Sort Space Type": "Memory","Plans": [{"Node Type": "Aggregate","Strategy": "Hashed","Partial Mode": "Simple","Parent Relationship": "Outer","Parallel Aware": false,"Async Capable": false,"Startup Cost": 65812.89,"Total Cost": 65814.89,"Plan Rows": 200,"Plan Width": 16,"Actual Startup Time": 6101.184,"Actual Total Time": 6101.232,"Actual Rows": 42,"Actual Loops": 1,"Group Key": ["count(orders.o_orderkey)"],"Planned Partitions": 0,"HashAgg Batches": 1,"Peak Memory Usage": 40,"Disk Usage": 0,"Plans": [{"Node Type": "Aggregate","Strategy": "Hashed","Partial Mode": "Simple","Parent Relationship": "Outer","Parallel Aware": false,"Async Capable": false,"Startup Cost": 62062.89,"Total Cost": 63562.89,"Plan Rows": 150000,"Plan Width": 12,"Actual Startup Time": 5921.162,"Actual Total Time": 6087.400,"Actual Rows": 150000,"Actual Loops": 1,"Group Key": ["customer.c_custkey"],"Planned Partitions": 0,"HashAgg Batches": 1,"Peak Memory Usage": 22545,"Disk Usage": 0,"Plans": [{"Node Type": "Hash Join","Parent Relationship": "Outer","Parallel Aware": false,"Async Capable": false,"Join Type": "Right","Startup Cost": 5781.42,"Total Cost": 54563.64,"Plan Rows": 1499850,"Plan Width": 8,"Actual Startup Time": 39.228,"Actual Total Time": 4074.723,"Actual Rows": 1533808,"Actual Loops": 1,"Inner Unique": true,"Hash Cond": "(orders.o_custkey = customer.c_custkey)","Plans": [{"Node Type": "Seq Scan","Parent Relationship": "Outer","Parallel Aware": false,"Async Capable": false,"Relation Name": "orders","Alias": "orders","Startup Cost": 0.00,"Total Cost": 44845.00,"Plan Rows": 1499850,"Plan Width": 8,"Actual Startup Time": 0.056,"Actual Total Time": 2834.984,"Actual Rows": 1483804,"Actual Loops": 1,"Filter": "((o_comment)::text !~~ '%special%deposits%'::text)","Rows Removed by Filter": 16196},{"Node Type": "Hash","Parent Relationship": "Inner","Parallel Aware": false,"Async Capable": false,"Startup Cost": 3906.42,"Total Cost": 3906.42,"Plan Rows": 150000,"Plan Width": 4,"Actual Startup Time": 37.438,"Actual Total Time": 37.451,"Actual Rows": 150000,"Actual Loops": 1,"Hash Buckets": 262144,"Original Hash Buckets": 262144,"Hash Batches": 1,"Original Hash Batches": 1,"Peak Memory Usage": 7322,"Plans": [{"Node Type": "Index Only Scan","Parent Relationship": "Outer","Parallel Aware": false,"Async Capable": false,"Scan Direction": "Forward","Index Name": "customer_pkey","Relation Name": "customer","Alias": "customer","Startup Cost": 0.42,"Total Cost": 3906.42,"Plan Rows": 150000,"Plan Width": 4,"Actual Startup Time": 0.049,"Actual Total Time": 14.639,"Actual Rows": 150000,"Actual Loops": 1,"Heap Fetches": 0}]}]}]}]}]},"Planning Time": 3.971,"Triggers": [],"Execution Time": 6110.955}]
[{"Plan": {"Node Type": "Sort","Parallel Aware": false,"Async Capable": false,"Startup Cost": 65822.53,"Total Cost": 65823.03,"Plan Rows": 200,"Plan Width": 16,"Actual Startup Time": 6650.964,"Actual Total Time": 6651.000,"Actual Rows": 42,"Actual Loops": 1,"Sort Key": ["(count(*)) DESC", "(count(orders.o_orderkey)) DESC"],"Sort Method": "quicksort","Sort Space Used": 27,"Sort Space Type": "Memory","Plans": [{"Node Type": "Aggregate","Strategy": "Hashed","Partial Mode": "Simple","Parent Relationship": "Outer","Parallel Aware": false,"Async Capable": false,"Startup Cost": 65812.89,"Total Cost": 65814.89,"Plan Rows": 200,"Plan Width": 16,"Actual Startup Time": 6650.893,"Actual Total Time": 6650.940,"Actual Rows": 42,"Actual Loops": 1,"Group Key": ["count(orders.o_orderkey)"],"Planned Partitions": 0,"HashAgg Batches": 1,"Peak Memory Usage": 40,"Disk Usage": 0,"Plans": [{"Node Type": "Aggregate","Strategy": "Hashed","Partial Mode": "Simple","Parent Relationship": "Outer","Parallel Aware": false,"Async Capable": false,"Startup Cost": 62062.89,"Total Cost": 63562.89,"Plan Rows": 150000,"Plan Width": 12,"Actual Startup Time": 6477.408,"Actual Total Time": 6637.150,"Actual Rows": 150000,"Actual Loops": 1,"Group Key": ["customer.c_custkey"],"Planned Partitions": 0,"HashAgg Batches": 1,"Peak Memory Usage": 22545,"Disk Usage": 0,"Plans": [{"Node Type": "Hash Join","Parent Relationship": "Outer","Parallel Aware": false,"Async Capable": false,"Join Type": "Right","Startup Cost": 5781.42,"Total Cost": 54563.64,"Plan Rows": 1499850,"Plan Width": 8,"Actual Startup Time": 36.551,"Actual Total Time": 4552.506,"Actual Rows": 1533843,"Actual Loops": 1,"Inner Unique": true,"Hash Cond": "(orders.o_custkey = customer.c_custkey)","Plans": [{"Node Type": "Seq Scan","Parent Relationship": "Outer","Parallel Aware": false,"Async Capable": false,"Relation Name": "orders","Alias": "orders","Startup Cost": 0.00,"Total Cost": 44845.00,"Plan Rows": 1499850,"Plan Width": 8,"Actual Startup Time": 0.044,"Actual Total Time": 3147.620,"Actual Rows": 1483839,"Actual Loops": 1,"Filter": "((o_comment)::text !~~ '%pending%deposits%'::text)","Rows Removed by Filter": 16161},{"Node Type": "Hash","Parent Relationship": "Inner","Parallel Aware": false,"Async Capable": false,"Startup Cost": 3906.42,"Total Cost": 3906.42,"Plan Rows": 150000,"Plan Width": 4,"Actual Startup Time": 34.769,"Actual Total Time": 34.783,"Actual Rows": 150000,"Actual Loops": 1,"Hash Buckets": 262144,"Original Hash Buckets": 262144,"Hash Batches": 1,"Original Hash Batches": 1,"Peak Memory Usage": 7322,"Plans": [{"Node Type": "Index Only Scan","Parent Relationship": "Outer","Parallel Aware": false,"Async Capable": false,"Scan Direction": "Forward","Index Name": "customer_pkey","Relation Name": "customer","Alias": "customer","Startup Cost": 0.42,"Total Cost": 3906.42,"Plan Rows": 150000,"Plan Width": 4,"Actual Startup Time": 0.065,"Actual Total Time": 13.424,"Actual Rows": 150000,"Actual Loops": 1,"Heap Fetches": 0}]}]}]}]}]},"Planning Time": 3.594,"Triggers": [],"Execution Time": 6658.782}]
[{"Plan": {"Node Type": "Sort","Parallel Aware": false,"Async Capable": false,"Startup Cost": 65822.53,"Total Cost": 65823.03,"Plan Rows": 200,"Plan Width": 16,"Actual Startup Time": 5956.637,"Actual Total Time": 5956.675,"Actual Rows": 42,"Actual Loops": 1,"Sort Key": ["(count(*)) DESC", "(count(orders.o_orderkey)) DESC"],"Sort Method": "quicksort","Sort Space Used": 27,"Sort Space Type": "Memory","Plans": [{"Node Type": "Aggregate","Strategy": "Hashed","Partial Mode": "Simple","Parent Relationship": "Outer","Parallel Aware": false,"Async Capable": false,"Startup Cost": 65812.89,"Total Cost": 65814.89,"Plan Rows": 200,"Plan Width": 16,"Actual Startup Time": 5956.548,"Actual Total Time": 5956.590,"Actual Rows": 42,"Actual Loops": 1,"Group Key": ["count(orders.o_orderkey)"],"Planned Partitions": 0,"HashAgg Batches": 1,"Peak Memory Usage": 40,"Disk Usage": 0,"Plans": [{"Node Type": "Aggregate","Strategy": "Hashed","Partial Mode": "Simple","Parent Relationship": "Outer","Parallel Aware": false,"Async Capable": false,"Startup Cost": 62062.89,"Total Cost": 63562.89,"Plan Rows": 150000,"Plan Width": 12,"Actual Startup Time": 5763.184,"Actual Total Time": 5942.838,"Actual Rows": 150000,"Actual Loops": 1,"Group Key": ["customer.c_custkey"],"Planned Partitions": 0,"HashAgg Batches": 1,"Peak Memory Usage": 22545,"Disk Usage": 0,"Plans": [{"Node Type": "Hash Join","Parent Relationship": "Outer","Parallel Aware": false,"Async Capable": false,"Join Type": "Right","Startup Cost": 5781.42,"Total Cost": 54563.64,"Plan Rows": 1499850,"Plan Width": 8,"Actual Startup Time": 38.566,"Actual Total Time": 3955.732,"Actual Rows": 1533620,"Actual Loops": 1,"Inner Unique": true,"Hash Cond": "(orders.o_custkey = customer.c_custkey)","Plans": [{"Node Type": "Seq Scan","Parent Relationship": "Outer","Parallel Aware": false,"Async Capable": false,"Relation Name": "orders","Alias": "orders","Startup Cost": 0.00,"Total Cost": 44845.00,"Plan Rows": 1499850,"Plan Width": 8,"Actual Startup Time": 0.052,"Actual Total Time": 2713.562,"Actual Rows": 1483615,"Actual Loops": 1,"Filter": "((o_comment)::text !~~ '%pending%accounts%'::text)","Rows Removed by Filter": 16385},{"Node Type": "Hash","Parent Relationship": "Inner","Parallel Aware": false,"Async Capable": false,"Startup Cost": 3906.42,"Total Cost": 3906.42,"Plan Rows": 150000,"Plan Width": 4,"Actual Startup Time": 36.530,"Actual Total Time": 36.543,"Actual Rows": 150000,"Actual Loops": 1,"Hash Buckets": 262144,"Original Hash Buckets": 262144,"Hash Batches": 1,"Original Hash Batches": 1,"Peak Memory Usage": 7322,"Plans": [{"Node Type": "Index Only Scan","Parent Relationship": "Outer","Parallel Aware": false,"Async Capable": false,"Scan Direction": "Forward","Index Name": "customer_pkey","Relation Name": "customer","Alias": "customer","Startup Cost": 0.42,"Total Cost": 3906.42,"Plan Rows": 150000,"Plan Width": 4,"Actual Startup Time": 0.036,"Actual Total Time": 14.278,"Actual Rows": 150000,"Actual Loops": 1,"Heap Fetches": 0}]}]}]}]}]},"Planning Time": 3.568,"Triggers": [],"Execution Time": 5966.474}]
[{"Plan": {"Node Type": "Sort","Parallel Aware": false,"Async Capable": false,"Startup Cost": 65708.14,"Total Cost": 65708.64,"Plan Rows": 200,"Plan Width": 16,"Actual Startup Time": 6734.447,"Actual Total Time": 6734.481,"Actual Rows": 42,"Actual Loops": 1,"Sort Key": ["(count(*)) DESC", "(count(orders.o_orderkey)) DESC"],"Sort Method": "quicksort","Sort Space Used": 27,"Sort Space Type": "Memory","Plans": [{"Node Type": "Aggregate","Strategy": "Hashed","Partial Mode": "Simple","Parent Relationship": "Outer","Parallel Aware": false,"Async Capable": false,"Startup Cost": 65698.50,"Total Cost": 65700.50,"Plan Rows": 200,"Plan Width": 16,"Actual Startup Time": 6734.369,"Actual Total Time": 6734.411,"Actual Rows": 42,"Actual Loops": 1,"Group Key": ["count(orders.o_orderkey)"],"Planned Partitions": 0,"HashAgg Batches": 1,"Peak Memory Usage": 40,"Disk Usage": 0,"Plans": [{"Node Type": "Aggregate","Strategy": "Hashed","Partial Mode": "Simple","Parent Relationship": "Outer","Parallel Aware": false,"Async Capable": false,"Startup Cost": 61948.50,"Total Cost": 63448.50,"Plan Rows": 150000,"Plan Width": 12,"Actual Startup Time": 6542.374,"Actual Total Time": 6720.630,"Actual Rows": 150000,"Actual Loops": 1,"Group Key": ["customer.c_custkey"],"Planned Partitions": 0,"HashAgg Batches": 1,"Peak Memory Usage": 22545,"Disk Usage": 0,"Plans": [{"Node Type": "Hash Join","Parent Relationship": "Outer","Parallel Aware": false,"Async Capable": false,"Join Type": "Right","Startup Cost": 5781.42,"Total Cost": 54524.26,"Plan Rows": 1484848,"Plan Width": 8,"Actual Startup Time": 36.319,"Actual Total Time": 4621.827,"Actual Rows": 1533676,"Actual Loops": 1,"Inner Unique": true,"Hash Cond": "(orders.o_custkey = customer.c_custkey)","Plans": [{"Node Type": "Seq Scan","Parent Relationship": "Outer","Parallel Aware": false,"Async Capable": false,"Relation Name": "orders","Alias": "orders","Startup Cost": 0.00,"Total Cost": 44845.00,"Plan Rows": 1484848,"Plan Width": 8,"Actual Startup Time": 0.054,"Actual Total Time": 3196.487,"Actual Rows": 1483672,"Actual Loops": 1,"Filter": "((o_comment)::text !~~ '%express%requests%'::text)","Rows Removed by Filter": 16328},{"Node Type": "Hash","Parent Relationship": "Inner","Parallel Aware": false,"Async Capable": false,"Startup Cost": 3906.42,"Total Cost": 3906.42,"Plan Rows": 150000,"Plan Width": 4,"Actual Startup Time": 34.348,"Actual Total Time": 34.358,"Actual Rows": 150000,"Actual Loops": 1,"Hash Buckets": 262144,"Original Hash Buckets": 262144,"Hash Batches": 1,"Original Hash Batches": 1,"Peak Memory Usage": 7322,"Plans": [{"Node Type": "Index Only Scan","Parent Relationship": "Outer","Parallel Aware": false,"Async Capable": false,"Scan Direction": "Forward","Index Name": "customer_pkey","Relation Name": "customer","Alias": "customer","Startup Cost": 0.42,"Total Cost": 3906.42,"Plan Rows": 150000,"Plan Width": 4,"Actual Startup Time": 0.054,"Actual Total Time": 13.145,"Actual Rows": 150000,"Actual Loops": 1,"Heap Fetches": 0}]}]}]}]}]},"Planning Time": 4.493,"Triggers": [],"Execution Time": 6743.934}]
[{"Plan": {"Node Type": "Sort","Parallel Aware": false,"Async Capable": false,"Startup Cost": 65708.14,"Total Cost": 65708.64,"Plan Rows": 200,"Plan Width": 16,"Actual Startup Time": 6659.087,"Actual Total Time": 6659.155,"Actual Rows": 41,"Actual Loops": 1,"Sort Key": ["(count(*)) DESC", "(count(orders.o_orderkey)) DESC"],"Sort Method": "quicksort","Sort Space Used": 27,"Sort Space Type": "Memory","Plans": [{"Node Type": "Aggregate","Strategy": "Hashed","Partial Mode": "Simple","Parent Relationship": "Outer","Parallel Aware": false,"Async Capable": false,"Startup Cost": 65698.50,"Total Cost": 65700.50,"Plan Rows": 200,"Plan Width": 16,"Actual Startup Time": 6658.981,"Actual Total Time": 6659.057,"Actual Rows": 41,"Actual Loops": 1,"Group Key": ["count(orders.o_orderkey)"],"Planned Partitions": 0,"HashAgg Batches": 1,"Peak Memory Usage": 40,"Disk Usage": 0,"Plans": [{"Node Type": "Aggregate","Strategy": "Hashed","Partial Mode": "Simple","Parent Relationship": "Outer","Parallel Aware": false,"Async Capable": false,"Startup Cost": 61948.50,"Total Cost": 63448.50,"Plan Rows": 150000,"Plan Width": 12,"Actual Startup Time": 6480.209,"Actual Total Time": 6645.185,"Actual Rows": 150000,"Actual Loops": 1,"Group Key": ["customer.c_custkey"],"Planned Partitions": 0,"HashAgg Batches": 1,"Peak Memory Usage": 22545,"Disk Usage": 0,"Plans": [{"Node Type": "Hash Join","Parent Relationship": "Outer","Parallel Aware": false,"Async Capable": false,"Join Type": "Right","Startup Cost": 5781.42,"Total Cost": 54524.26,"Plan Rows": 1484848,"Plan Width": 8,"Actual Startup Time": 37.274,"Actual Total Time": 4547.015,"Actual Rows": 1533872,"Actual Loops": 1,"Inner Unique": true,"Hash Cond": "(orders.o_custkey = customer.c_custkey)","Plans": [{"Node Type": "Seq Scan","Parent Relationship": "Outer","Parallel Aware": false,"Async Capable": false,"Relation Name": "orders","Alias": "orders","Startup Cost": 0.00,"Total Cost": 44845.00,"Plan Rows": 1484848,"Plan Width": 8,"Actual Startup Time": 0.043,"Actual Total Time": 3085.028,"Actual Rows": 1483868,"Actual Loops": 1,"Filter": "((o_comment)::text !~~ '%unusual%deposits%'::text)","Rows Removed by Filter": 16132},{"Node Type": "Hash","Parent Relationship": "Inner","Parallel Aware": false,"Async Capable": false,"Startup Cost": 3906.42,"Total Cost": 3906.42,"Plan Rows": 150000,"Plan Width": 4,"Actual Startup Time": 35.508,"Actual Total Time": 35.530,"Actual Rows": 150000,"Actual Loops": 1,"Hash Buckets": 262144,"Original Hash Buckets": 262144,"Hash Batches": 1,"Original Hash Batches": 1,"Peak Memory Usage": 7322,"Plans": [{"Node Type": "Index Only Scan","Parent Relationship": "Outer","Parallel Aware": false,"Async Capable": false,"Scan Direction": "Forward","Index Name": "customer_pkey","Relation Name": "customer","Alias": "customer","Startup Cost": 0.42,"Total Cost": 3906.42,"Plan Rows": 150000,"Plan Width": 4,"Actual Startup Time": 0.053,"Actual Total Time": 13.448,"Actual Rows": 150000,"Actual Loops": 1,"Heap Fetches": 0}]}]}]}]}]},"Planning Time": 3.854,"Triggers": [],"Execution Time": 6671.834}]
[{"Plan": {"Node Type": "Sort","Parallel Aware": false,"Async Capable": false,"Startup Cost": 65592.61,"Total Cost": 65593.11,"Plan Rows": 200,"Plan Width": 16,"Actual Startup Time": 6147.348,"Actual Total Time": 6147.387,"Actual Rows": 42,"Actual Loops": 1,"Sort Key": ["(count(*)) DESC", "(count(orders.o_orderkey)) DESC"],"Sort Method": "quicksort","Sort Space Used": 27,"Sort Space Type": "Memory","Plans": [{"Node Type": "Aggregate","Strategy": "Hashed","Partial Mode": "Simple","Parent Relationship": "Outer","Parallel Aware": false,"Async Capable": false,"Startup Cost": 65582.97,"Total Cost": 65584.97,"Plan Rows": 200,"Plan Width": 16,"Actual Startup Time": 6147.247,"Actual Total Time": 6147.296,"Actual Rows": 42,"Actual Loops": 1,"Group Key": ["count(orders.o_orderkey)"],"Planned Partitions": 0,"HashAgg Batches": 1,"Peak Memory Usage": 40,"Disk Usage": 0,"Plans": [{"Node Type": "Aggregate","Strategy": "Hashed","Partial Mode": "Simple","Parent Relationship": "Outer","Parallel Aware": false,"Async Capable": false,"Startup Cost": 61832.97,"Total Cost": 63332.97,"Plan Rows": 150000,"Plan Width": 12,"Actual Startup Time": 5968.961,"Actual Total Time": 6133.532,"Actual Rows": 150000,"Actual Loops": 1,"Group Key": ["customer.c_custkey"],"Planned Partitions": 0,"HashAgg Batches": 1,"Peak Memory Usage": 22545,"Disk Usage": 0,"Plans": [{"Node Type": "Hash Join","Parent Relationship": "Outer","Parallel Aware": false,"Async Capable": false,"Join Type": "Right","Startup Cost": 5781.42,"Total Cost": 54484.49,"Plan Rows": 1469697,"Plan Width": 8,"Actual Startup Time": 38.076,"Actual Total Time": 4114.998,"Actual Rows": 1533945,"Actual Loops": 1,"Inner Unique": true,"Hash Cond": "(orders.o_custkey = customer.c_custkey)","Plans": [{"Node Type": "Seq Scan","Parent Relationship": "Outer","Parallel Aware": false,"Async Capable": false,"Relation Name": "orders","Alias": "orders","Startup Cost": 0.00,"Total Cost": 44845.00,"Plan Rows": 1469697,"Plan Width": 8,"Actual Startup Time": 0.049,"Actual Total Time": 2844.878,"Actual Rows": 1483941,"Actual Loops": 1,"Filter": "((o_comment)::text !~~ '%express%packages%'::text)","Rows Removed by Filter": 16059},{"Node Type": "Hash","Parent Relationship": "Inner","Parallel Aware": false,"Async Capable": false,"Startup Cost": 3906.42,"Total Cost": 3906.42,"Plan Rows": 150000,"Plan Width": 4,"Actual Startup Time": 36.257,"Actual Total Time": 36.268,"Actual Rows": 150000,"Actual Loops": 1,"Hash Buckets": 262144,"Original Hash Buckets": 262144,"Hash Batches": 1,"Original Hash Batches": 1,"Peak Memory Usage": 7322,"Plans": [{"Node Type": "Index Only Scan","Parent Relationship": "Outer","Parallel Aware": false,"Async Capable": false,"Scan Direction": "Forward","Index Name": "customer_pkey","Relation Name": "customer","Alias": "customer","Startup Cost": 0.42,"Total Cost": 3906.42,"Plan Rows": 150000,"Plan Width": 4,"Actual Startup Time": 0.063,"Actual Total Time": 14.588,"Actual Rows": 150000,"Actual Loops": 1,"Heap Fetches": 0}]}]}]}]}]},"Planning Time": 3.934,"Triggers": [],"Execution Time": 6155.513}]
[{"Plan": {"Node Type": "Sort","Parallel Aware": false,"Async Capable": false,"Startup Cost": 65708.14,"Total Cost": 65708.64,"Plan Rows": 200,"Plan Width": 16,"Actual Startup Time": 6659.087,"Actual Total Time": 6659.155,"Actual Rows": 41,"Actual Loops": 1,"Sort Key": ["(count(*)) DESC", "(count(orders.o_orderkey)) DESC"],"Sort Method": "quicksort","Sort Space Used": 27,"Sort Space Type": "Memory","Plans": [{"Node Type": "Aggregate","Strategy": "Hashed","Partial Mode": "Simple","Parent Relationship": "Outer","Parallel Aware": false,"Async Capable": false,"Startup Cost": 65698.50,"Total Cost": 65700.50,"Plan Rows": 200,"Plan Width": 16,"Actual Startup Time": 6658.981,"Actual Total Time": 6659.057,"Actual Rows": 41,"Actual Loops": 1,"Group Key": ["count(orders.o_orderkey)"],"Planned Partitions": 0,"HashAgg Batches": 1,"Peak Memory Usage": 40,"Disk Usage": 0,"Plans": [{"Node Type": "Aggregate","Strategy": "Hashed","Partial Mode": "Simple","Parent Relationship": "Outer","Parallel Aware": false,"Async Capable": false,"Startup Cost": 61948.50,"Total Cost": 63448.50,"Plan Rows": 150000,"Plan Width": 12,"Actual Startup Time": 6480.209,"Actual Total Time": 6645.185,"Actual Rows": 150000,"Actual Loops": 1,"Group Key": ["customer.c_custkey"],"Planned Partitions": 0,"HashAgg Batches": 1,"Peak Memory Usage": 22545,"Disk Usage": 0,"Plans": [{"Node Type": "Hash Join","Parent Relationship": "Outer","Parallel Aware": false,"Async Capable": false,"Join Type": "Right","Startup Cost": 5781.42,"Total Cost": 54524.26,"Plan Rows": 1484848,"Plan Width": 8,"Actual Startup Time": 37.274,"Actual Total Time": 4547.015,"Actual Rows": 1533872,"Actual Loops": 1,"Inner Unique": true,"Hash Cond": "(orders.o_custkey = customer.c_custkey)","Plans": [{"Node Type": "Seq Scan","Parent Relationship": "Outer","Parallel Aware": false,"Async Capable": false,"Relation Name": "orders","Alias": "orders","Startup Cost": 0.00,"Total Cost": 44845.00,"Plan Rows": 1484848,"Plan Width": 8,"Actual Startup Time": 0.043,"Actual Total Time": 3085.028,"Actual Rows": 1483868,"Actual Loops": 1,"Filter": "((o_comment)::text !~~ '%unusual%deposits%'::text)","Rows Removed by Filter": 16132},{"Node Type": "Hash","Parent Relationship": "Inner","Parallel Aware": false,"Async Capable": false,"Startup Cost": 3906.42,"Total Cost": 3906.42,"Plan Rows": 150000,"Plan Width": 4,"Actual Startup Time": 35.508,"Actual Total Time": 35.530,"Actual Rows": 150000,"Actual Loops": 1,"Hash Buckets": 262144,"Original Hash Buckets": 262144,"Hash Batches": 1,"Original Hash Batches": 1,"Peak Memory Usage": 7322,"Plans": [{"Node Type": "Index Only Scan","Parent Relationship": "Outer","Parallel Aware": false,"Async Capable": false,"Scan Direction": "Forward","Index Name": "customer_pkey","Relation Name": "customer","Alias": "customer","Startup Cost": 0.42,"Total Cost": 3906.42,"Plan Rows": 150000,"Plan Width": 4,"Actual Startup Time": 0.053,"Actual Total Time": 13.448,"Actual Rows": 150000,"Actual Loops": 1,"Heap Fetches": 0}]}]}]}]}]},"Planning Time": 3.854,"Triggers": [],"Execution Time": 6671.834}]
[{"Plan": {"Node Type": "Sort","Parallel Aware": false,"Async Capable": false,"Startup Cost": 65592.61,"Total Cost": 65593.11,"Plan Rows": 200,"Plan Width": 16,"Actual Startup Time": 6108.888,"Actual Total Time": 6108.932,"Actual Rows": 42,"Actual Loops": 1,"Sort Key": ["(count(*)) DESC", "(count(orders.o_orderkey)) DESC"],"Sort Method": "quicksort","Sort Space Used": 27,"Sort Space Type": "Memory","Plans": [{"Node Type": "Aggregate","Strategy": "Hashed","Partial Mode": "Simple","Parent Relationship": "Outer","Parallel Aware": false,"Async Capable": false,"Startup Cost": 65582.97,"Total Cost": 65584.97,"Plan Rows": 200,"Plan Width": 16,"Actual Startup Time": 6108.797,"Actual Total Time": 6108.848,"Actual Rows": 42,"Actual Loops": 1,"Group Key": ["count(orders.o_orderkey)"],"Planned Partitions": 0,"HashAgg Batches": 1,"Peak Memory Usage": 40,"Disk Usage": 0,"Plans": [{"Node Type": "Aggregate","Strategy": "Hashed","Partial Mode": "Simple","Parent Relationship": "Outer","Parallel Aware": false,"Async Capable": false,"Startup Cost": 61832.97,"Total Cost": 63332.97,"Plan Rows": 150000,"Plan Width": 12,"Actual Startup Time": 5916.041,"Actual Total Time": 6095.043,"Actual Rows": 150000,"Actual Loops": 1,"Group Key": ["customer.c_custkey"],"Planned Partitions": 0,"HashAgg Batches": 1,"Peak Memory Usage": 22545,"Disk Usage": 0,"Plans": [{"Node Type": "Hash Join","Parent Relationship": "Outer","Parallel Aware": false,"Async Capable": false,"Join Type": "Right","Startup Cost": 5781.42,"Total Cost": 54484.49,"Plan Rows": 1469697,"Plan Width": 8,"Actual Startup Time": 39.068,"Actual Total Time": 4097.616,"Actual Rows": 1534019,"Actual Loops": 1,"Inner Unique": true,"Hash Cond": "(orders.o_custkey = customer.c_custkey)","Plans": [{"Node Type": "Seq Scan","Parent Relationship": "Outer","Parallel Aware": false,"Async Capable": false,"Relation Name": "orders","Alias": "orders","Startup Cost": 0.00,"Total Cost": 44845.00,"Plan Rows": 1469697,"Plan Width": 8,"Actual Startup Time": 0.051,"Actual Total Time": 2823.952,"Actual Rows": 1484015,"Actual Loops": 1,"Filter": "((o_comment)::text !~~ '%express%accounts%'::text)","Rows Removed by Filter": 15985},{"Node Type": "Hash","Parent Relationship": "Inner","Parallel Aware": false,"Async Capable": false,"Startup Cost": 3906.42,"Total Cost": 3906.42,"Plan Rows": 150000,"Plan Width": 4,"Actual Startup Time": 37.191,"Actual Total Time": 37.207,"Actual Rows": 150000,"Actual Loops": 1,"Hash Buckets": 262144,"Original Hash Buckets": 262144,"Hash Batches": 1,"Original Hash Batches": 1,"Peak Memory Usage": 7322,"Plans": [{"Node Type": "Index Only Scan","Parent Relationship": "Outer","Parallel Aware": false,"Async Capable": false,"Scan Direction": "Forward","Index Name": "customer_pkey","Relation Name": "customer","Alias": "customer","Startup Cost": 0.42,"Total Cost": 3906.42,"Plan Rows": 150000,"Plan Width": 4,"Actual Startup Time": 0.038,"Actual Total Time": 14.188,"Actual Rows": 150000,"Actual Loops": 1,"Heap Fetches": 0}]}]}]}]}]},"Planning Time": 3.814,"Triggers": [],"Execution Time": 6118.531}]
[{"Plan": {"Node Type": "Sort","Parallel Aware": false,"Async Capable": false,"Startup Cost": 65822.53,"Total Cost": 65823.03,"Plan Rows": 200,"Plan Width": 16,"Actual Startup Time": 6047.687,"Actual Total Time": 6047.735,"Actual Rows": 42,"Actual Loops": 1,"Sort Key": ["(count(*)) DESC", "(count(orders.o_orderkey)) DESC"],"Sort Method": "quicksort","Sort Space Used": 27,"Sort Space Type": "Memory","Plans": [{"Node Type": "Aggregate","Strategy": "Hashed","Partial Mode": "Simple","Parent Relationship": "Outer","Parallel Aware": false,"Async Capable": false,"Startup Cost": 65812.89,"Total Cost": 65814.89,"Plan Rows": 200,"Plan Width": 16,"Actual Startup Time": 6047.591,"Actual Total Time": 6047.643,"Actual Rows": 42,"Actual Loops": 1,"Group Key": ["count(orders.o_orderkey)"],"Planned Partitions": 0,"HashAgg Batches": 1,"Peak Memory Usage": 40,"Disk Usage": 0,"Plans": [{"Node Type": "Aggregate","Strategy": "Hashed","Partial Mode": "Simple","Parent Relationship": "Outer","Parallel Aware": false,"Async Capable": false,"Startup Cost": 62062.89,"Total Cost": 63562.89,"Plan Rows": 150000,"Plan Width": 12,"Actual Startup Time": 5868.600,"Actual Total Time": 6033.866,"Actual Rows": 150000,"Actual Loops": 1,"Group Key": ["customer.c_custkey"],"Planned Partitions": 0,"HashAgg Batches": 1,"Peak Memory Usage": 22545,"Disk Usage": 0,"Plans": [{"Node Type": "Hash Join","Parent Relationship": "Outer","Parallel Aware": false,"Async Capable": false,"Join Type": "Right","Startup Cost": 5781.42,"Total Cost": 54563.64,"Plan Rows": 1499850,"Plan Width": 8,"Actual Startup Time": 39.168,"Actual Total Time": 4010.851,"Actual Rows": 1533626,"Actual Loops": 1,"Inner Unique": true,"Hash Cond": "(orders.o_custkey = customer.c_custkey)","Plans": [{"Node Type": "Seq Scan","Parent Relationship": "Outer","Parallel Aware": false,"Async Capable": false,"Relation Name": "orders","Alias": "orders","Startup Cost": 0.00,"Total Cost": 44845.00,"Plan Rows": 1499850,"Plan Width": 8,"Actual Startup Time": 0.065,"Actual Total Time": 2757.508,"Actual Rows": 1483622,"Actual Loops": 1,"Filter": "((o_comment)::text !~~ '%unusual%accounts%'::text)","Rows Removed by Filter": 16378},{"Node Type": "Hash","Parent Relationship": "Inner","Parallel Aware": false,"Async Capable": false,"Startup Cost": 3906.42,"Total Cost": 3906.42,"Plan Rows": 150000,"Plan Width": 4,"Actual Startup Time": 37.343,"Actual Total Time": 37.362,"Actual Rows": 150000,"Actual Loops": 1,"Hash Buckets": 262144,"Original Hash Buckets": 262144,"Hash Batches": 1,"Original Hash Batches": 1,"Peak Memory Usage": 7322,"Plans": [{"Node Type": "Index Only Scan","Parent Relationship": "Outer","Parallel Aware": false,"Async Capable": false,"Scan Direction": "Forward","Index Name": "customer_pkey","Relation Name": "customer","Alias": "customer","Startup Cost": 0.42,"Total Cost": 3906.42,"Plan Rows": 150000,"Plan Width": 4,"Actual Startup Time": 0.036,"Actual Total Time": 14.472,"Actual Rows": 150000,"Actual Loops": 1,"Heap Fetches": 0}]}]}]}]}]},"Planning Time": 4.331,"Triggers": [],"Execution Time": 6056.690}]
[{"Plan": {"Node Type": "Sort","Parallel Aware": false,"Async Capable": false,"Startup Cost": 65592.61,"Total Cost": 65593.11,"Plan Rows": 200,"Plan Width": 16,"Actual Startup Time": 6108.888,"Actual Total Time": 6108.932,"Actual Rows": 42,"Actual Loops": 1,"Sort Key": ["(count(*)) DESC", "(count(orders.o_orderkey)) DESC"],"Sort Method": "quicksort","Sort Space Used": 27,"Sort Space Type": "Memory","Plans": [{"Node Type": "Aggregate","Strategy": "Hashed","Partial Mode": "Simple","Parent Relationship": "Outer","Parallel Aware": false,"Async Capable": false,"Startup Cost": 65582.97,"Total Cost": 65584.97,"Plan Rows": 200,"Plan Width": 16,"Actual Startup Time": 6108.797,"Actual Total Time": 6108.848,"Actual Rows": 42,"Actual Loops": 1,"Group Key": ["count(orders.o_orderkey)"],"Planned Partitions": 0,"HashAgg Batches": 1,"Peak Memory Usage": 40,"Disk Usage": 0,"Plans": [{"Node Type": "Aggregate","Strategy": "Hashed","Partial Mode": "Simple","Parent Relationship": "Outer","Parallel Aware": false,"Async Capable": false,"Startup Cost": 61832.97,"Total Cost": 63332.97,"Plan Rows": 150000,"Plan Width": 12,"Actual Startup Time": 5916.041,"Actual Total Time": 6095.043,"Actual Rows": 150000,"Actual Loops": 1,"Group Key": ["customer.c_custkey"],"Planned Partitions": 0,"HashAgg Batches": 1,"Peak Memory Usage": 22545,"Disk Usage": 0,"Plans": [{"Node Type": "Hash Join","Parent Relationship": "Outer","Parallel Aware": false,"Async Capable": false,"Join Type": "Right","Startup Cost": 5781.42,"Total Cost": 54484.49,"Plan Rows": 1469697,"Plan Width": 8,"Actual Startup Time": 39.068,"Actual Total Time": 4097.616,"Actual Rows": 1534019,"Actual Loops": 1,"Inner Unique": true,"Hash Cond": "(orders.o_custkey = customer.c_custkey)","Plans": [{"Node Type": "Seq Scan","Parent Relationship": "Outer","Parallel Aware": false,"Async Capable": false,"Relation Name": "orders","Alias": "orders","Startup Cost": 0.00,"Total Cost": 44845.00,"Plan Rows": 1469697,"Plan Width": 8,"Actual Startup Time": 0.051,"Actual Total Time": 2823.952,"Actual Rows": 1484015,"Actual Loops": 1,"Filter": "((o_comment)::text !~~ '%express%accounts%'::text)","Rows Removed by Filter": 15985},{"Node Type": "Hash","Parent Relationship": "Inner","Parallel Aware": false,"Async Capable": false,"Startup Cost": 3906.42,"Total Cost": 3906.42,"Plan Rows": 150000,"Plan Width": 4,"Actual Startup Time": 37.191,"Actual Total Time": 37.207,"Actual Rows": 150000,"Actual Loops": 1,"Hash Buckets": 262144,"Original Hash Buckets": 262144,"Hash Batches": 1,"Original Hash Batches": 1,"Peak Memory Usage": 7322,"Plans": [{"Node Type": "Index Only Scan","Parent Relationship": "Outer","Parallel Aware": false,"Async Capable": false,"Scan Direction": "Forward","Index Name": "customer_pkey","Relation Name": "customer","Alias": "customer","Startup Cost": 0.42,"Total Cost": 3906.42,"Plan Rows": 150000,"Plan Width": 4,"Actual Startup Time": 0.038,"Actual Total Time": 14.188,"Actual Rows": 150000,"Actual Loops": 1,"Heap Fetches": 0}]}]}]}]}]},"Planning Time": 3.814,"Triggers": [],"Execution Time": 6118.531}]
[{"Plan": {"Node Type": "Sort","Parallel Aware": false,"Async Capable": false,"Startup Cost": 65708.14,"Total Cost": 65708.64,"Plan Rows": 200,"Plan Width": 16,"Actual Startup Time": 6009.895,"Actual Total Time": 6009.932,"Actual Rows": 42,"Actual Loops": 1,"Sort Key": ["(count(*)) DESC", "(count(orders.o_orderkey)) DESC"],"Sort Method": "quicksort","Sort Space Used": 27,"Sort Space Type": "Memory","Plans": [{"Node Type": "Aggregate","Strategy": "Hashed","Partial Mode": "Simple","Parent Relationship": "Outer","Parallel Aware": false,"Async Capable": false,"Startup Cost": 65698.50,"Total Cost": 65700.50,"Plan Rows": 200,"Plan Width": 16,"Actual Startup Time": 6009.807,"Actual Total Time": 6009.848,"Actual Rows": 42,"Actual Loops": 1,"Group Key": ["count(orders.o_orderkey)"],"Planned Partitions": 0,"HashAgg Batches": 1,"Peak Memory Usage": 40,"Disk Usage": 0,"Plans": [{"Node Type": "Aggregate","Strategy": "Hashed","Partial Mode": "Simple","Parent Relationship": "Outer","Parallel Aware": false,"Async Capable": false,"Startup Cost": 61948.50,"Total Cost": 63448.50,"Plan Rows": 150000,"Plan Width": 12,"Actual Startup Time": 5831.373,"Actual Total Time": 5996.054,"Actual Rows": 150000,"Actual Loops": 1,"Group Key": ["customer.c_custkey"],"Planned Partitions": 0,"HashAgg Batches": 1,"Peak Memory Usage": 22545,"Disk Usage": 0,"Plans": [{"Node Type": "Hash Join","Parent Relationship": "Outer","Parallel Aware": false,"Async Capable": false,"Join Type": "Right","Startup Cost": 5781.42,"Total Cost": 54524.26,"Plan Rows": 1484848,"Plan Width": 8,"Actual Startup Time": 39.338,"Actual Total Time": 3994.258,"Actual Rows": 1533903,"Actual Loops": 1,"Inner Unique": true,"Hash Cond": "(orders.o_custkey = customer.c_custkey)","Plans": [{"Node Type": "Seq Scan","Parent Relationship": "Outer","Parallel Aware": false,"Async Capable": false,"Relation Name": "orders","Alias": "orders","Startup Cost": 0.00,"Total Cost": 44845.00,"Plan Rows": 1484848,"Plan Width": 8,"Actual Startup Time": 0.067,"Actual Total Time": 2735.690,"Actual Rows": 1483898,"Actual Loops": 1,"Filter": "((o_comment)::text !~~ '%pending%packages%'::text)","Rows Removed by Filter": 16102},{"Node Type": "Hash","Parent Relationship": "Inner","Parallel Aware": false,"Async Capable": false,"Startup Cost": 3906.42,"Total Cost": 3906.42,"Plan Rows": 150000,"Plan Width": 4,"Actual Startup Time": 37.449,"Actual Total Time": 37.461,"Actual Rows": 150000,"Actual Loops": 1,"Hash Buckets": 262144,"Original Hash Buckets": 262144,"Hash Batches": 1,"Original Hash Batches": 1,"Peak Memory Usage": 7322,"Plans": [{"Node Type": "Index Only Scan","Parent Relationship": "Outer","Parallel Aware": false,"Async Capable": false,"Scan Direction": "Forward","Index Name": "customer_pkey","Relation Name": "customer","Alias": "customer","Startup Cost": 0.42,"Total Cost": 3906.42,"Plan Rows": 150000,"Plan Width": 4,"Actual Startup Time": 0.047,"Actual Total Time": 14.301,"Actual Rows": 150000,"Actual Loops": 1,"Heap Fetches": 0}]}]}]}]}]},"Planning Time": 4.405,"Triggers": [],"Execution Time": 6018.249}]
[{"Plan": {"Node Type": "Sort","Parallel Aware": false,"Async Capable": false,"Startup Cost": 65708.14,"Total Cost": 65708.64,"Plan Rows": 200,"Plan Width": 16,"Actual Startup Time": 6706.121,"Actual Total Time": 6706.163,"Actual Rows": 42,"Actual Loops": 1,"Sort Key": ["(count(*)) DESC", "(count(orders.o_orderkey)) DESC"],"Sort Method": "quicksort","Sort Space Used": 27,"Sort Space Type": "Memory","Plans": [{"Node Type": "Aggregate","Strategy": "Hashed","Partial Mode": "Simple","Parent Relationship": "Outer","Parallel Aware": false,"Async Capable": false,"Startup Cost": 65698.50,"Total Cost": 65700.50,"Plan Rows": 200,"Plan Width": 16,"Actual Startup Time": 6706.048,"Actual Total Time": 6706.098,"Actual Rows": 42,"Actual Loops": 1,"Group Key": ["count(orders.o_orderkey)"],"Planned Partitions": 0,"HashAgg Batches": 1,"Peak Memory Usage": 40,"Disk Usage": 0,"Plans": [{"Node Type": "Aggregate","Strategy": "Hashed","Partial Mode": "Simple","Parent Relationship": "Outer","Parallel Aware": false,"Async Capable": false,"Startup Cost": 61948.50,"Total Cost": 63448.50,"Plan Rows": 150000,"Plan Width": 12,"Actual Startup Time": 6534.914,"Actual Total Time": 6692.300,"Actual Rows": 150000,"Actual Loops": 1,"Group Key": ["customer.c_custkey"],"Planned Partitions": 0,"HashAgg Batches": 1,"Peak Memory Usage": 22545,"Disk Usage": 0,"Plans": [{"Node Type": "Hash Join","Parent Relationship": "Outer","Parallel Aware": false,"Async Capable": false,"Join Type": "Right","Startup Cost": 5781.42,"Total Cost": 54524.26,"Plan Rows": 1484848,"Plan Width": 8,"Actual Startup Time": 35.450,"Actual Total Time": 4617.784,"Actual Rows": 1533791,"Actual Loops": 1,"Inner Unique": true,"Hash Cond": "(orders.o_custkey = customer.c_custkey)","Plans": [{"Node Type": "Seq Scan","Parent Relationship": "Outer","Parallel Aware": false,"Async Capable": false,"Relation Name": "orders","Alias": "orders","Startup Cost": 0.00,"Total Cost": 44845.00,"Plan Rows": 1484848,"Plan Width": 8,"Actual Startup Time": 0.045,"Actual Total Time": 3189.289,"Actual Rows": 1483787,"Actual Loops": 1,"Filter": "((o_comment)::text !~~ '%unusual%packages%'::text)","Rows Removed by Filter": 16213},{"Node Type": "Hash","Parent Relationship": "Inner","Parallel Aware": false,"Async Capable": false,"Startup Cost": 3906.42,"Total Cost": 3906.42,"Plan Rows": 150000,"Plan Width": 4,"Actual Startup Time": 33.722,"Actual Total Time": 33.741,"Actual Rows": 150000,"Actual Loops": 1,"Hash Buckets": 262144,"Original Hash Buckets": 262144,"Hash Batches": 1,"Original Hash Batches": 1,"Peak Memory Usage": 7322,"Plans": [{"Node Type": "Index Only Scan","Parent Relationship": "Outer","Parallel Aware": false,"Async Capable": false,"Scan Direction": "Forward","Index Name": "customer_pkey","Relation Name": "customer","Alias": "customer","Startup Cost": 0.42,"Total Cost": 3906.42,"Plan Rows": 150000,"Plan Width": 4,"Actual Startup Time": 0.040,"Actual Total Time": 13.017,"Actual Rows": 150000,"Actual Loops": 1,"Heap Fetches": 0}]}]}]}]}]},"Planning Time": 3.840,"Triggers": [],"Execution Time": 6714.032}]
[{"Plan": {"Node Type": "Sort","Parallel Aware": false,"Async Capable": false,"Startup Cost": 65822.53,"Total Cost": 65823.03,"Plan Rows": 200,"Plan Width": 16,"Actual Startup Time": 5956.637,"Actual Total Time": 5956.675,"Actual Rows": 42,"Actual Loops": 1,"Sort Key": ["(count(*)) DESC", "(count(orders.o_orderkey)) DESC"],"Sort Method": "quicksort","Sort Space Used": 27,"Sort Space Type": "Memory","Plans": [{"Node Type": "Aggregate","Strategy": "Hashed","Partial Mode": "Simple","Parent Relationship": "Outer","Parallel Aware": false,"Async Capable": false,"Startup Cost": 65812.89,"Total Cost": 65814.89,"Plan Rows": 200,"Plan Width": 16,"Actual Startup Time": 5956.548,"Actual Total Time": 5956.590,"Actual Rows": 42,"Actual Loops": 1,"Group Key": ["count(orders.o_orderkey)"],"Planned Partitions": 0,"HashAgg Batches": 1,"Peak Memory Usage": 40,"Disk Usage": 0,"Plans": [{"Node Type": "Aggregate","Strategy": "Hashed","Partial Mode": "Simple","Parent Relationship": "Outer","Parallel Aware": false,"Async Capable": false,"Startup Cost": 62062.89,"Total Cost": 63562.89,"Plan Rows": 150000,"Plan Width": 12,"Actual Startup Time": 5763.184,"Actual Total Time": 5942.838,"Actual Rows": 150000,"Actual Loops": 1,"Group Key": ["customer.c_custkey"],"Planned Partitions": 0,"HashAgg Batches": 1,"Peak Memory Usage": 22545,"Disk Usage": 0,"Plans": [{"Node Type": "Hash Join","Parent Relationship": "Outer","Parallel Aware": false,"Async Capable": false,"Join Type": "Right","Startup Cost": 5781.42,"Total Cost": 54563.64,"Plan Rows": 1499850,"Plan Width": 8,"Actual Startup Time": 38.566,"Actual Total Time": 3955.732,"Actual Rows": 1533620,"Actual Loops": 1,"Inner Unique": true,"Hash Cond": "(orders.o_custkey = customer.c_custkey)","Plans": [{"Node Type": "Seq Scan","Parent Relationship": "Outer","Parallel Aware": false,"Async Capable": false,"Relation Name": "orders","Alias": "orders","Startup Cost": 0.00,"Total Cost": 44845.00,"Plan Rows": 1499850,"Plan Width": 8,"Actual Startup Time": 0.052,"Actual Total Time": 2713.562,"Actual Rows": 1483615,"Actual Loops": 1,"Filter": "((o_comment)::text !~~ '%pending%accounts%'::text)","Rows Removed by Filter": 16385},{"Node Type": "Hash","Parent Relationship": "Inner","Parallel Aware": false,"Async Capable": false,"Startup Cost": 3906.42,"Total Cost": 3906.42,"Plan Rows": 150000,"Plan Width": 4,"Actual Startup Time": 36.530,"Actual Total Time": 36.543,"Actual Rows": 150000,"Actual Loops": 1,"Hash Buckets": 262144,"Original Hash Buckets": 262144,"Hash Batches": 1,"Original Hash Batches": 1,"Peak Memory Usage": 7322,"Plans": [{"Node Type": "Index Only Scan","Parent Relationship": "Outer","Parallel Aware": false,"Async Capable": false,"Scan Direction": "Forward","Index Name": "customer_pkey","Relation Name": "customer","Alias": "customer","Startup Cost": 0.42,"Total Cost": 3906.42,"Plan Rows": 150000,"Plan Width": 4,"Actual Startup Time": 0.036,"Actual Total Time": 14.278,"Actual Rows": 150000,"Actual Loops": 1,"Heap Fetches": 0}]}]}]}]}]},"Planning Time": 3.568,"Triggers": [],"Execution Time": 5966.474}]
[{"Plan": {"Node Type": "Sort","Parallel Aware": false,"Async Capable": false,"Startup Cost": 65708.14,"Total Cost": 65708.64,"Plan Rows": 200,"Plan Width": 16,"Actual Startup Time": 6009.895,"Actual Total Time": 6009.932,"Actual Rows": 42,"Actual Loops": 1,"Sort Key": ["(count(*)) DESC", "(count(orders.o_orderkey)) DESC"],"Sort Method": "quicksort","Sort Space Used": 27,"Sort Space Type": "Memory","Plans": [{"Node Type": "Aggregate","Strategy": "Hashed","Partial Mode": "Simple","Parent Relationship": "Outer","Parallel Aware": false,"Async Capable": false,"Startup Cost": 65698.50,"Total Cost": 65700.50,"Plan Rows": 200,"Plan Width": 16,"Actual Startup Time": 6009.807,"Actual Total Time": 6009.848,"Actual Rows": 42,"Actual Loops": 1,"Group Key": ["count(orders.o_orderkey)"],"Planned Partitions": 0,"HashAgg Batches": 1,"Peak Memory Usage": 40,"Disk Usage": 0,"Plans": [{"Node Type": "Aggregate","Strategy": "Hashed","Partial Mode": "Simple","Parent Relationship": "Outer","Parallel Aware": false,"Async Capable": false,"Startup Cost": 61948.50,"Total Cost": 63448.50,"Plan Rows": 150000,"Plan Width": 12,"Actual Startup Time": 5831.373,"Actual Total Time": 5996.054,"Actual Rows": 150000,"Actual Loops": 1,"Group Key": ["customer.c_custkey"],"Planned Partitions": 0,"HashAgg Batches": 1,"Peak Memory Usage": 22545,"Disk Usage": 0,"Plans": [{"Node Type": "Hash Join","Parent Relationship": "Outer","Parallel Aware": false,"Async Capable": false,"Join Type": "Right","Startup Cost": 5781.42,"Total Cost": 54524.26,"Plan Rows": 1484848,"Plan Width": 8,"Actual Startup Time": 39.338,"Actual Total Time": 3994.258,"Actual Rows": 1533903,"Actual Loops": 1,"Inner Unique": true,"Hash Cond": "(orders.o_custkey = customer.c_custkey)","Plans": [{"Node Type": "Seq Scan","Parent Relationship": "Outer","Parallel Aware": false,"Async Capable": false,"Relation Name": "orders","Alias": "orders","Startup Cost": 0.00,"Total Cost": 44845.00,"Plan Rows": 1484848,"Plan Width": 8,"Actual Startup Time": 0.067,"Actual Total Time": 2735.690,"Actual Rows": 1483898,"Actual Loops": 1,"Filter": "((o_comment)::text !~~ '%pending%packages%'::text)","Rows Removed by Filter": 16102},{"Node Type": "Hash","Parent Relationship": "Inner","Parallel Aware": false,"Async Capable": false,"Startup Cost": 3906.42,"Total Cost": 3906.42,"Plan Rows": 150000,"Plan Width": 4,"Actual Startup Time": 37.449,"Actual Total Time": 37.461,"Actual Rows": 150000,"Actual Loops": 1,"Hash Buckets": 262144,"Original Hash Buckets": 262144,"Hash Batches": 1,"Original Hash Batches": 1,"Peak Memory Usage": 7322,"Plans": [{"Node Type": "Index Only Scan","Parent Relationship": "Outer","Parallel Aware": false,"Async Capable": false,"Scan Direction": "Forward","Index Name": "customer_pkey","Relation Name": "customer","Alias": "customer","Startup Cost": 0.42,"Total Cost": 3906.42,"Plan Rows": 150000,"Plan Width": 4,"Actual Startup Time": 0.047,"Actual Total Time": 14.301,"Actual Rows": 150000,"Actual Loops": 1,"Heap Fetches": 0}]}]}]}]}]},"Planning Time": 4.405,"Triggers": [],"Execution Time": 6018.249}]
[{"Plan": {"Node Type": "Sort","Parallel Aware": false,"Async Capable": false,"Startup Cost": 65592.61,"Total Cost": 65593.11,"Plan Rows": 200,"Plan Width": 16,"Actual Startup Time": 6147.348,"Actual Total Time": 6147.387,"Actual Rows": 42,"Actual Loops": 1,"Sort Key": ["(count(*)) DESC", "(count(orders.o_orderkey)) DESC"],"Sort Method": "quicksort","Sort Space Used": 27,"Sort Space Type": "Memory","Plans": [{"Node Type": "Aggregate","Strategy": "Hashed","Partial Mode": "Simple","Parent Relationship": "Outer","Parallel Aware": false,"Async Capable": false,"Startup Cost": 65582.97,"Total Cost": 65584.97,"Plan Rows": 200,"Plan Width": 16,"Actual Startup Time": 6147.247,"Actual Total Time": 6147.296,"Actual Rows": 42,"Actual Loops": 1,"Group Key": ["count(orders.o_orderkey)"],"Planned Partitions": 0,"HashAgg Batches": 1,"Peak Memory Usage": 40,"Disk Usage": 0,"Plans": [{"Node Type": "Aggregate","Strategy": "Hashed","Partial Mode": "Simple","Parent Relationship": "Outer","Parallel Aware": false,"Async Capable": false,"Startup Cost": 61832.97,"Total Cost": 63332.97,"Plan Rows": 150000,"Plan Width": 12,"Actual Startup Time": 5968.961,"Actual Total Time": 6133.532,"Actual Rows": 150000,"Actual Loops": 1,"Group Key": ["customer.c_custkey"],"Planned Partitions": 0,"HashAgg Batches": 1,"Peak Memory Usage": 22545,"Disk Usage": 0,"Plans": [{"Node Type": "Hash Join","Parent Relationship": "Outer","Parallel Aware": false,"Async Capable": false,"Join Type": "Right","Startup Cost": 5781.42,"Total Cost": 54484.49,"Plan Rows": 1469697,"Plan Width": 8,"Actual Startup Time": 38.076,"Actual Total Time": 4114.998,"Actual Rows": 1533945,"Actual Loops": 1,"Inner Unique": true,"Hash Cond": "(orders.o_custkey = customer.c_custkey)","Plans": [{"Node Type": "Seq Scan","Parent Relationship": "Outer","Parallel Aware": false,"Async Capable": false,"Relation Name": "orders","Alias": "orders","Startup Cost": 0.00,"Total Cost": 44845.00,"Plan Rows": 1469697,"Plan Width": 8,"Actual Startup Time": 0.049,"Actual Total Time": 2844.878,"Actual Rows": 1483941,"Actual Loops": 1,"Filter": "((o_comment)::text !~~ '%express%packages%'::text)","Rows Removed by Filter": 16059},{"Node Type": "Hash","Parent Relationship": "Inner","Parallel Aware": false,"Async Capable": false,"Startup Cost": 3906.42,"Total Cost": 3906.42,"Plan Rows": 150000,"Plan Width": 4,"Actual Startup Time": 36.257,"Actual Total Time": 36.268,"Actual Rows": 150000,"Actual Loops": 1,"Hash Buckets": 262144,"Original Hash Buckets": 262144,"Hash Batches": 1,"Original Hash Batches": 1,"Peak Memory Usage": 7322,"Plans": [{"Node Type": "Index Only Scan","Parent Relationship": "Outer","Parallel Aware": false,"Async Capable": false,"Scan Direction": "Forward","Index Name": "customer_pkey","Relation Name": "customer","Alias": "customer","Startup Cost": 0.42,"Total Cost": 3906.42,"Plan Rows": 150000,"Plan Width": 4,"Actual Startup Time": 0.063,"Actual Total Time": 14.588,"Actual Rows": 150000,"Actual Loops": 1,"Heap Fetches": 0}]}]}]}]}]},"Planning Time": 3.934,"Triggers": [],"Execution Time": 6155.513}]
[{"Plan": {"Node Type": "Sort","Parallel Aware": false,"Async Capable": false,"Startup Cost": 65822.53,"Total Cost": 65823.03,"Plan Rows": 200,"Plan Width": 16,"Actual Startup Time": 6789.356,"Actual Total Time": 6789.385,"Actual Rows": 42,"Actual Loops": 1,"Sort Key": ["(count(*)) DESC", "(count(orders.o_orderkey)) DESC"],"Sort Method": "quicksort","Sort Space Used": 27,"Sort Space Type": "Memory","Plans": [{"Node Type": "Aggregate","Strategy": "Hashed","Partial Mode": "Simple","Parent Relationship": "Outer","Parallel Aware": false,"Async Capable": false,"Startup Cost": 65812.89,"Total Cost": 65814.89,"Plan Rows": 200,"Plan Width": 16,"Actual Startup Time": 6789.265,"Actual Total Time": 6789.304,"Actual Rows": 42,"Actual Loops": 1,"Group Key": ["count(orders.o_orderkey)"],"Planned Partitions": 0,"HashAgg Batches": 1,"Peak Memory Usage": 40,"Disk Usage": 0,"Plans": [{"Node Type": "Aggregate","Strategy": "Hashed","Partial Mode": "Simple","Parent Relationship": "Outer","Parallel Aware": false,"Async Capable": false,"Startup Cost": 62062.89,"Total Cost": 63562.89,"Plan Rows": 150000,"Plan Width": 12,"Actual Startup Time": 6597.323,"Actual Total Time": 6775.519,"Actual Rows": 150000,"Actual Loops": 1,"Group Key": ["customer.c_custkey"],"Planned Partitions": 0,"HashAgg Batches": 1,"Peak Memory Usage": 22545,"Disk Usage": 0,"Plans": [{"Node Type": "Hash Join","Parent Relationship": "Outer","Parallel Aware": false,"Async Capable": false,"Join Type": "Right","Startup Cost": 5781.42,"Total Cost": 54563.64,"Plan Rows": 1499850,"Plan Width": 8,"Actual Startup Time": 45.919,"Actual Total Time": 4674.391,"Actual Rows": 1534025,"Actual Loops": 1,"Inner Unique": true,"Hash Cond": "(orders.o_custkey = customer.c_custkey)","Plans": [{"Node Type": "Seq Scan","Parent Relationship": "Outer","Parallel Aware": false,"Async Capable": false,"Relation Name": "orders","Alias": "orders","Startup Cost": 0.00,"Total Cost": 44845.00,"Plan Rows": 1499850,"Plan Width": 8,"Actual Startup Time": 0.049,"Actual Total Time": 3245.830,"Actual Rows": 1484020,"Actual Loops": 1,"Filter": "((o_comment)::text !~~ '%express%deposits%'::text)","Rows Removed by Filter": 15980},{"Node Type": "Hash","Parent Relationship": "Inner","Parallel Aware": false,"Async Capable": false,"Startup Cost": 3906.42,"Total Cost": 3906.42,"Plan Rows": 150000,"Plan Width": 4,"Actual Startup Time": 44.047,"Actual Total Time": 44.059,"Actual Rows": 150000,"Actual Loops": 1,"Hash Buckets": 262144,"Original Hash Buckets": 262144,"Hash Batches": 1,"Original Hash Batches": 1,"Peak Memory Usage": 7322,"Plans": [{"Node Type": "Index Only Scan","Parent Relationship": "Outer","Parallel Aware": false,"Async Capable": false,"Scan Direction": "Forward","Index Name": "customer_pkey","Relation Name": "customer","Alias": "customer","Startup Cost": 0.42,"Total Cost": 3906.42,"Plan Rows": 150000,"Plan Width": 4,"Actual Startup Time": 0.049,"Actual Total Time": 21.219,"Actual Rows": 150000,"Actual Loops": 1,"Heap Fetches": 0}]}]}]}]}]},"Planning Time": 4.349,"Triggers": [],"Execution Time": 6798.388}]
[{"Plan": {"Node Type": "Sort","Parallel Aware": false,"Async Capable": false,"Startup Cost": 65592.61,"Total Cost": 65593.11,"Plan Rows": 200,"Plan Width": 16,"Actual Startup Time": 6059.416,"Actual Total Time": 6059.459,"Actual Rows": 42,"Actual Loops": 1,"Sort Key": ["(count(*)) DESC", "(count(orders.o_orderkey)) DESC"],"Sort Method": "quicksort","Sort Space Used": 27,"Sort Space Type": "Memory","Plans": [{"Node Type": "Aggregate","Strategy": "Hashed","Partial Mode": "Simple","Parent Relationship": "Outer","Parallel Aware": false,"Async Capable": false,"Startup Cost": 65582.97,"Total Cost": 65584.97,"Plan Rows": 200,"Plan Width": 16,"Actual Startup Time": 6059.318,"Actual Total Time": 6059.369,"Actual Rows": 42,"Actual Loops": 1,"Group Key": ["count(orders.o_orderkey)"],"Planned Partitions": 0,"HashAgg Batches": 1,"Peak Memory Usage": 40,"Disk Usage": 0,"Plans": [{"Node Type": "Aggregate","Strategy": "Hashed","Partial Mode": "Simple","Parent Relationship": "Outer","Parallel Aware": false,"Async Capable": false,"Startup Cost": 61832.97,"Total Cost": 63332.97,"Plan Rows": 150000,"Plan Width": 12,"Actual Startup Time": 5864.158,"Actual Total Time": 6045.542,"Actual Rows": 150000,"Actual Loops": 1,"Group Key": ["customer.c_custkey"],"Planned Partitions": 0,"HashAgg Batches": 1,"Peak Memory Usage": 22545,"Disk Usage": 0,"Plans": [{"Node Type": "Hash Join","Parent Relationship": "Outer","Parallel Aware": false,"Async Capable": false,"Join Type": "Right","Startup Cost": 5781.42,"Total Cost": 54484.49,"Plan Rows": 1469697,"Plan Width": 8,"Actual Startup Time": 38.198,"Actual Total Time": 4061.016,"Actual Rows": 1533817,"Actual Loops": 1,"Inner Unique": true,"Hash Cond": "(orders.o_custkey = customer.c_custkey)","Plans": [{"Node Type": "Seq Scan","Parent Relationship": "Outer","Parallel Aware": false,"Async Capable": false,"Relation Name": "orders","Alias": "orders","Startup Cost": 0.00,"Total Cost": 44845.00,"Plan Rows": 1469697,"Plan Width": 8,"Actual Startup Time": 0.037,"Actual Total Time": 2812.366,"Actual Rows": 1483813,"Actual Loops": 1,"Filter": "((o_comment)::text !~~ '%unusual%requests%'::text)","Rows Removed by Filter": 16187},{"Node Type": "Hash","Parent Relationship": "Inner","Parallel Aware": false,"Async Capable": false,"Startup Cost": 3906.42,"Total Cost": 3906.42,"Plan Rows": 150000,"Plan Width": 4,"Actual Startup Time": 36.318,"Actual Total Time": 36.334,"Actual Rows": 150000,"Actual Loops": 1,"Hash Buckets": 262144,"Original Hash Buckets": 262144,"Hash Batches": 1,"Original Hash Batches": 1,"Peak Memory Usage": 7322,"Plans": [{"Node Type": "Index Only Scan","Parent Relationship": "Outer","Parallel Aware": false,"Async Capable": false,"Scan Direction": "Forward","Index Name": "customer_pkey","Relation Name": "customer","Alias": "customer","Startup Cost": 0.42,"Total Cost": 3906.42,"Plan Rows": 150000,"Plan Width": 4,"Actual Startup Time": 0.044,"Actual Total Time": 14.416,"Actual Rows": 150000,"Actual Loops": 1,"Heap Fetches": 0}]}]}]}]}]},"Planning Time": 3.526,"Triggers": [],"Execution Time": 6069.080}]
[{"Plan": {"Node Type": "Sort","Parallel Aware": false,"Async Capable": false,"Startup Cost": 65592.61,"Total Cost": 65593.11,"Plan Rows": 200,"Plan Width": 16,"Actual Startup Time": 6042.914,"Actual Total Time": 6042.954,"Actual Rows": 42,"Actual Loops": 1,"Sort Key": ["(count(*)) DESC", "(count(orders.o_orderkey)) DESC"],"Sort Method": "quicksort","Sort Space Used": 27,"Sort Space Type": "Memory","Plans": [{"Node Type": "Aggregate","Strategy": "Hashed","Partial Mode": "Simple","Parent Relationship": "Outer","Parallel Aware": false,"Async Capable": false,"Startup Cost": 65582.97,"Total Cost": 65584.97,"Plan Rows": 200,"Plan Width": 16,"Actual Startup Time": 6042.802,"Actual Total Time": 6042.854,"Actual Rows": 42,"Actual Loops": 1,"Group Key": ["count(orders.o_orderkey)"],"Planned Partitions": 0,"HashAgg Batches": 1,"Peak Memory Usage": 40,"Disk Usage": 0,"Plans": [{"Node Type": "Aggregate","Strategy": "Hashed","Partial Mode": "Simple","Parent Relationship": "Outer","Parallel Aware": false,"Async Capable": false,"Startup Cost": 61832.97,"Total Cost": 63332.97,"Plan Rows": 150000,"Plan Width": 12,"Actual Startup Time": 5848.968,"Actual Total Time": 6029.049,"Actual Rows": 150000,"Actual Loops": 1,"Group Key": ["customer.c_custkey"],"Planned Partitions": 0,"HashAgg Batches": 1,"Peak Memory Usage": 22545,"Disk Usage": 0,"Plans": [{"Node Type": "Hash Join","Parent Relationship": "Outer","Parallel Aware": false,"Async Capable": false,"Join Type": "Right","Startup Cost": 5781.42,"Total Cost": 54484.49,"Plan Rows": 1469697,"Plan Width": 8,"Actual Startup Time": 38.540,"Actual Total Time": 4039.691,"Actual Rows": 1534055,"Actual Loops": 1,"Inner Unique": true,"Hash Cond": "(orders.o_custkey = customer.c_custkey)","Plans": [{"Node Type": "Seq Scan","Parent Relationship": "Outer","Parallel Aware": false,"Async Capable": false,"Relation Name": "orders","Alias": "orders","Startup Cost": 0.00,"Total Cost": 44845.00,"Plan Rows": 1469697,"Plan Width": 8,"Actual Startup Time": 0.061,"Actual Total Time": 2797.159,"Actual Rows": 1484051,"Actual Loops": 1,"Filter": "((o_comment)::text !~~ '%special%packages%'::text)","Rows Removed by Filter": 15949},{"Node Type": "Hash","Parent Relationship": "Inner","Parallel Aware": false,"Async Capable": false,"Startup Cost": 3906.42,"Total Cost": 3906.42,"Plan Rows": 150000,"Plan Width": 4,"Actual Startup Time": 36.593,"Actual Total Time": 36.607,"Actual Rows": 150000,"Actual Loops": 1,"Hash Buckets": 262144,"Original Hash Buckets": 262144,"Hash Batches": 1,"Original Hash Batches": 1,"Peak Memory Usage": 7322,"Plans": [{"Node Type": "Index Only Scan","Parent Relationship": "Outer","Parallel Aware": false,"Async Capable": false,"Scan Direction": "Forward","Index Name": "customer_pkey","Relation Name": "customer","Alias": "customer","Startup Cost": 0.42,"Total Cost": 3906.42,"Plan Rows": 150000,"Plan Width": 4,"Actual Startup Time": 0.050,"Actual Total Time": 14.573,"Actual Rows": 150000,"Actual Loops": 1,"Heap Fetches": 0}]}]}]}]}]},"Planning Time": 3.383,"Triggers": [],"Execution Time": 6052.793}]
[{"Plan": {"Node Type": "Sort","Parallel Aware": false,"Async Capable": false,"Startup Cost": 65708.14,"Total Cost": 65708.64,"Plan Rows": 200,"Plan Width": 16,"Actual Startup Time": 6659.087,"Actual Total Time": 6659.155,"Actual Rows": 41,"Actual Loops": 1,"Sort Key": ["(count(*)) DESC", "(count(orders.o_orderkey)) DESC"],"Sort Method": "quicksort","Sort Space Used": 27,"Sort Space Type": "Memory","Plans": [{"Node Type": "Aggregate","Strategy": "Hashed","Partial Mode": "Simple","Parent Relationship": "Outer","Parallel Aware": false,"Async Capable": false,"Startup Cost": 65698.50,"Total Cost": 65700.50,"Plan Rows": 200,"Plan Width": 16,"Actual Startup Time": 6658.981,"Actual Total Time": 6659.057,"Actual Rows": 41,"Actual Loops": 1,"Group Key": ["count(orders.o_orderkey)"],"Planned Partitions": 0,"HashAgg Batches": 1,"Peak Memory Usage": 40,"Disk Usage": 0,"Plans": [{"Node Type": "Aggregate","Strategy": "Hashed","Partial Mode": "Simple","Parent Relationship": "Outer","Parallel Aware": false,"Async Capable": false,"Startup Cost": 61948.50,"Total Cost": 63448.50,"Plan Rows": 150000,"Plan Width": 12,"Actual Startup Time": 6480.209,"Actual Total Time": 6645.185,"Actual Rows": 150000,"Actual Loops": 1,"Group Key": ["customer.c_custkey"],"Planned Partitions": 0,"HashAgg Batches": 1,"Peak Memory Usage": 22545,"Disk Usage": 0,"Plans": [{"Node Type": "Hash Join","Parent Relationship": "Outer","Parallel Aware": false,"Async Capable": false,"Join Type": "Right","Startup Cost": 5781.42,"Total Cost": 54524.26,"Plan Rows": 1484848,"Plan Width": 8,"Actual Startup Time": 37.274,"Actual Total Time": 4547.015,"Actual Rows": 1533872,"Actual Loops": 1,"Inner Unique": true,"Hash Cond": "(orders.o_custkey = customer.c_custkey)","Plans": [{"Node Type": "Seq Scan","Parent Relationship": "Outer","Parallel Aware": false,"Async Capable": false,"Relation Name": "orders","Alias": "orders","Startup Cost": 0.00,"Total Cost": 44845.00,"Plan Rows": 1484848,"Plan Width": 8,"Actual Startup Time": 0.043,"Actual Total Time": 3085.028,"Actual Rows": 1483868,"Actual Loops": 1,"Filter": "((o_comment)::text !~~ '%unusual%deposits%'::text)","Rows Removed by Filter": 16132},{"Node Type": "Hash","Parent Relationship": "Inner","Parallel Aware": false,"Async Capable": false,"Startup Cost": 3906.42,"Total Cost": 3906.42,"Plan Rows": 150000,"Plan Width": 4,"Actual Startup Time": 35.508,"Actual Total Time": 35.530,"Actual Rows": 150000,"Actual Loops": 1,"Hash Buckets": 262144,"Original Hash Buckets": 262144,"Hash Batches": 1,"Original Hash Batches": 1,"Peak Memory Usage": 7322,"Plans": [{"Node Type": "Index Only Scan","Parent Relationship": "Outer","Parallel Aware": false,"Async Capable": false,"Scan Direction": "Forward","Index Name": "customer_pkey","Relation Name": "customer","Alias": "customer","Startup Cost": 0.42,"Total Cost": 3906.42,"Plan Rows": 150000,"Plan Width": 4,"Actual Startup Time": 0.053,"Actual Total Time": 13.448,"Actual Rows": 150000,"Actual Loops": 1,"Heap Fetches": 0}]}]}]}]}]},"Planning Time": 3.854,"Triggers": [],"Execution Time": 6671.834}]
[{"Plan": {"Node Type": "Sort","Parallel Aware": false,"Async Capable": false,"Startup Cost": 65822.53,"Total Cost": 65823.03,"Plan Rows": 200,"Plan Width": 16,"Actual Startup Time": 6789.356,"Actual Total Time": 6789.385,"Actual Rows": 42,"Actual Loops": 1,"Sort Key": ["(count(*)) DESC", "(count(orders.o_orderkey)) DESC"],"Sort Method": "quicksort","Sort Space Used": 27,"Sort Space Type": "Memory","Plans": [{"Node Type": "Aggregate","Strategy": "Hashed","Partial Mode": "Simple","Parent Relationship": "Outer","Parallel Aware": false,"Async Capable": false,"Startup Cost": 65812.89,"Total Cost": 65814.89,"Plan Rows": 200,"Plan Width": 16,"Actual Startup Time": 6789.265,"Actual Total Time": 6789.304,"Actual Rows": 42,"Actual Loops": 1,"Group Key": ["count(orders.o_orderkey)"],"Planned Partitions": 0,"HashAgg Batches": 1,"Peak Memory Usage": 40,"Disk Usage": 0,"Plans": [{"Node Type": "Aggregate","Strategy": "Hashed","Partial Mode": "Simple","Parent Relationship": "Outer","Parallel Aware": false,"Async Capable": false,"Startup Cost": 62062.89,"Total Cost": 63562.89,"Plan Rows": 150000,"Plan Width": 12,"Actual Startup Time": 6597.323,"Actual Total Time": 6775.519,"Actual Rows": 150000,"Actual Loops": 1,"Group Key": ["customer.c_custkey"],"Planned Partitions": 0,"HashAgg Batches": 1,"Peak Memory Usage": 22545,"Disk Usage": 0,"Plans": [{"Node Type": "Hash Join","Parent Relationship": "Outer","Parallel Aware": false,"Async Capable": false,"Join Type": "Right","Startup Cost": 5781.42,"Total Cost": 54563.64,"Plan Rows": 1499850,"Plan Width": 8,"Actual Startup Time": 45.919,"Actual Total Time": 4674.391,"Actual Rows": 1534025,"Actual Loops": 1,"Inner Unique": true,"Hash Cond": "(orders.o_custkey = customer.c_custkey)","Plans": [{"Node Type": "Seq Scan","Parent Relationship": "Outer","Parallel Aware": false,"Async Capable": false,"Relation Name": "orders","Alias": "orders","Startup Cost": 0.00,"Total Cost": 44845.00,"Plan Rows": 1499850,"Plan Width": 8,"Actual Startup Time": 0.049,"Actual Total Time": 3245.830,"Actual Rows": 1484020,"Actual Loops": 1,"Filter": "((o_comment)::text !~~ '%express%deposits%'::text)","Rows Removed by Filter": 15980},{"Node Type": "Hash","Parent Relationship": "Inner","Parallel Aware": false,"Async Capable": false,"Startup Cost": 3906.42,"Total Cost": 3906.42,"Plan Rows": 150000,"Plan Width": 4,"Actual Startup Time": 44.047,"Actual Total Time": 44.059,"Actual Rows": 150000,"Actual Loops": 1,"Hash Buckets": 262144,"Original Hash Buckets": 262144,"Hash Batches": 1,"Original Hash Batches": 1,"Peak Memory Usage": 7322,"Plans": [{"Node Type": "Index Only Scan","Parent Relationship": "Outer","Parallel Aware": false,"Async Capable": false,"Scan Direction": "Forward","Index Name": "customer_pkey","Relation Name": "customer","Alias": "customer","Startup Cost": 0.42,"Total Cost": 3906.42,"Plan Rows": 150000,"Plan Width": 4,"Actual Startup Time": 0.049,"Actual Total Time": 21.219,"Actual Rows": 150000,"Actual Loops": 1,"Heap Fetches": 0}]}]}]}]}]},"Planning Time": 4.349,"Triggers": [],"Execution Time": 6798.388}]
[{"Plan": {"Node Type": "Sort","Parallel Aware": false,"Async Capable": false,"Startup Cost": 65822.53,"Total Cost": 65823.03,"Plan Rows": 200,"Plan Width": 16,"Actual Startup Time": 5956.637,"Actual Total Time": 5956.675,"Actual Rows": 42,"Actual Loops": 1,"Sort Key": ["(count(*)) DESC", "(count(orders.o_orderkey)) DESC"],"Sort Method": "quicksort","Sort Space Used": 27,"Sort Space Type": "Memory","Plans": [{"Node Type": "Aggregate","Strategy": "Hashed","Partial Mode": "Simple","Parent Relationship": "Outer","Parallel Aware": false,"Async Capable": false,"Startup Cost": 65812.89,"Total Cost": 65814.89,"Plan Rows": 200,"Plan Width": 16,"Actual Startup Time": 5956.548,"Actual Total Time": 5956.590,"Actual Rows": 42,"Actual Loops": 1,"Group Key": ["count(orders.o_orderkey)"],"Planned Partitions": 0,"HashAgg Batches": 1,"Peak Memory Usage": 40,"Disk Usage": 0,"Plans": [{"Node Type": "Aggregate","Strategy": "Hashed","Partial Mode": "Simple","Parent Relationship": "Outer","Parallel Aware": false,"Async Capable": false,"Startup Cost": 62062.89,"Total Cost": 63562.89,"Plan Rows": 150000,"Plan Width": 12,"Actual Startup Time": 5763.184,"Actual Total Time": 5942.838,"Actual Rows": 150000,"Actual Loops": 1,"Group Key": ["customer.c_custkey"],"Planned Partitions": 0,"HashAgg Batches": 1,"Peak Memory Usage": 22545,"Disk Usage": 0,"Plans": [{"Node Type": "Hash Join","Parent Relationship": "Outer","Parallel Aware": false,"Async Capable": false,"Join Type": "Right","Startup Cost": 5781.42,"Total Cost": 54563.64,"Plan Rows": 1499850,"Plan Width": 8,"Actual Startup Time": 38.566,"Actual Total Time": 3955.732,"Actual Rows": 1533620,"Actual Loops": 1,"Inner Unique": true,"Hash Cond": "(orders.o_custkey = customer.c_custkey)","Plans": [{"Node Type": "Seq Scan","Parent Relationship": "Outer","Parallel Aware": false,"Async Capable": false,"Relation Name": "orders","Alias": "orders","Startup Cost": 0.00,"Total Cost": 44845.00,"Plan Rows": 1499850,"Plan Width": 8,"Actual Startup Time": 0.052,"Actual Total Time": 2713.562,"Actual Rows": 1483615,"Actual Loops": 1,"Filter": "((o_comment)::text !~~ '%pending%accounts%'::text)","Rows Removed by Filter": 16385},{"Node Type": "Hash","Parent Relationship": "Inner","Parallel Aware": false,"Async Capable": false,"Startup Cost": 3906.42,"Total Cost": 3906.42,"Plan Rows": 150000,"Plan Width": 4,"Actual Startup Time": 36.530,"Actual Total Time": 36.543,"Actual Rows": 150000,"Actual Loops": 1,"Hash Buckets": 262144,"Original Hash Buckets": 262144,"Hash Batches": 1,"Original Hash Batches": 1,"Peak Memory Usage": 7322,"Plans": [{"Node Type": "Index Only Scan","Parent Relationship": "Outer","Parallel Aware": false,"Async Capable": false,"Scan Direction": "Forward","Index Name": "customer_pkey","Relation Name": "customer","Alias": "customer","Startup Cost": 0.42,"Total Cost": 3906.42,"Plan Rows": 150000,"Plan Width": 4,"Actual Startup Time": 0.036,"Actual Total Time": 14.278,"Actual Rows": 150000,"Actual Loops": 1,"Heap Fetches": 0}]}]}]}]}]},"Planning Time": 3.568,"Triggers": [],"Execution Time": 5966.474}]
[{"Plan": {"Node Type": "Sort","Parallel Aware": false,"Async Capable": false,"Startup Cost": 65822.53,"Total Cost": 65823.03,"Plan Rows": 200,"Plan Width": 16,"Actual Startup Time": 6047.687,"Actual Total Time": 6047.735,"Actual Rows": 42,"Actual Loops": 1,"Sort Key": ["(count(*)) DESC", "(count(orders.o_orderkey)) DESC"],"Sort Method": "quicksort","Sort Space Used": 27,"Sort Space Type": "Memory","Plans": [{"Node Type": "Aggregate","Strategy": "Hashed","Partial Mode": "Simple","Parent Relationship": "Outer","Parallel Aware": false,"Async Capable": false,"Startup Cost": 65812.89,"Total Cost": 65814.89,"Plan Rows": 200,"Plan Width": 16,"Actual Startup Time": 6047.591,"Actual Total Time": 6047.643,"Actual Rows": 42,"Actual Loops": 1,"Group Key": ["count(orders.o_orderkey)"],"Planned Partitions": 0,"HashAgg Batches": 1,"Peak Memory Usage": 40,"Disk Usage": 0,"Plans": [{"Node Type": "Aggregate","Strategy": "Hashed","Partial Mode": "Simple","Parent Relationship": "Outer","Parallel Aware": false,"Async Capable": false,"Startup Cost": 62062.89,"Total Cost": 63562.89,"Plan Rows": 150000,"Plan Width": 12,"Actual Startup Time": 5868.600,"Actual Total Time": 6033.866,"Actual Rows": 150000,"Actual Loops": 1,"Group Key": ["customer.c_custkey"],"Planned Partitions": 0,"HashAgg Batches": 1,"Peak Memory Usage": 22545,"Disk Usage": 0,"Plans": [{"Node Type": "Hash Join","Parent Relationship": "Outer","Parallel Aware": false,"Async Capable": false,"Join Type": "Right","Startup Cost": 5781.42,"Total Cost": 54563.64,"Plan Rows": 1499850,"Plan Width": 8,"Actual Startup Time": 39.168,"Actual Total Time": 4010.851,"Actual Rows": 1533626,"Actual Loops": 1,"Inner Unique": true,"Hash Cond": "(orders.o_custkey = customer.c_custkey)","Plans": [{"Node Type": "Seq Scan","Parent Relationship": "Outer","Parallel Aware": false,"Async Capable": false,"Relation Name": "orders","Alias": "orders","Startup Cost": 0.00,"Total Cost": 44845.00,"Plan Rows": 1499850,"Plan Width": 8,"Actual Startup Time": 0.065,"Actual Total Time": 2757.508,"Actual Rows": 1483622,"Actual Loops": 1,"Filter": "((o_comment)::text !~~ '%unusual%accounts%'::text)","Rows Removed by Filter": 16378},{"Node Type": "Hash","Parent Relationship": "Inner","Parallel Aware": false,"Async Capable": false,"Startup Cost": 3906.42,"Total Cost": 3906.42,"Plan Rows": 150000,"Plan Width": 4,"Actual Startup Time": 37.343,"Actual Total Time": 37.362,"Actual Rows": 150000,"Actual Loops": 1,"Hash Buckets": 262144,"Original Hash Buckets": 262144,"Hash Batches": 1,"Original Hash Batches": 1,"Peak Memory Usage": 7322,"Plans": [{"Node Type": "Index Only Scan","Parent Relationship": "Outer","Parallel Aware": false,"Async Capable": false,"Scan Direction": "Forward","Index Name": "customer_pkey","Relation Name": "customer","Alias": "customer","Startup Cost": 0.42,"Total Cost": 3906.42,"Plan Rows": 150000,"Plan Width": 4,"Actual Startup Time": 0.036,"Actual Total Time": 14.472,"Actual Rows": 150000,"Actual Loops": 1,"Heap Fetches": 0}]}]}]}]}]},"Planning Time": 4.331,"Triggers": [],"Execution Time": 6056.690}]
[{"Plan": {"Node Type": "Sort","Parallel Aware": false,"Async Capable": false,"Startup Cost": 65592.61,"Total Cost": 65593.11,"Plan Rows": 200,"Plan Width": 16,"Actual Startup Time": 6059.416,"Actual Total Time": 6059.459,"Actual Rows": 42,"Actual Loops": 1,"Sort Key": ["(count(*)) DESC", "(count(orders.o_orderkey)) DESC"],"Sort Method": "quicksort","Sort Space Used": 27,"Sort Space Type": "Memory","Plans": [{"Node Type": "Aggregate","Strategy": "Hashed","Partial Mode": "Simple","Parent Relationship": "Outer","Parallel Aware": false,"Async Capable": false,"Startup Cost": 65582.97,"Total Cost": 65584.97,"Plan Rows": 200,"Plan Width": 16,"Actual Startup Time": 6059.318,"Actual Total Time": 6059.369,"Actual Rows": 42,"Actual Loops": 1,"Group Key": ["count(orders.o_orderkey)"],"Planned Partitions": 0,"HashAgg Batches": 1,"Peak Memory Usage": 40,"Disk Usage": 0,"Plans": [{"Node Type": "Aggregate","Strategy": "Hashed","Partial Mode": "Simple","Parent Relationship": "Outer","Parallel Aware": false,"Async Capable": false,"Startup Cost": 61832.97,"Total Cost": 63332.97,"Plan Rows": 150000,"Plan Width": 12,"Actual Startup Time": 5864.158,"Actual Total Time": 6045.542,"Actual Rows": 150000,"Actual Loops": 1,"Group Key": ["customer.c_custkey"],"Planned Partitions": 0,"HashAgg Batches": 1,"Peak Memory Usage": 22545,"Disk Usage": 0,"Plans": [{"Node Type": "Hash Join","Parent Relationship": "Outer","Parallel Aware": false,"Async Capable": false,"Join Type": "Right","Startup Cost": 5781.42,"Total Cost": 54484.49,"Plan Rows": 1469697,"Plan Width": 8,"Actual Startup Time": 38.198,"Actual Total Time": 4061.016,"Actual Rows": 1533817,"Actual Loops": 1,"Inner Unique": true,"Hash Cond": "(orders.o_custkey = customer.c_custkey)","Plans": [{"Node Type": "Seq Scan","Parent Relationship": "Outer","Parallel Aware": false,"Async Capable": false,"Relation Name": "orders","Alias": "orders","Startup Cost": 0.00,"Total Cost": 44845.00,"Plan Rows": 1469697,"Plan Width": 8,"Actual Startup Time": 0.037,"Actual Total Time": 2812.366,"Actual Rows": 1483813,"Actual Loops": 1,"Filter": "((o_comment)::text !~~ '%unusual%requests%'::text)","Rows Removed by Filter": 16187},{"Node Type": "Hash","Parent Relationship": "Inner","Parallel Aware": false,"Async Capable": false,"Startup Cost": 3906.42,"Total Cost": 3906.42,"Plan Rows": 150000,"Plan Width": 4,"Actual Startup Time": 36.318,"Actual Total Time": 36.334,"Actual Rows": 150000,"Actual Loops": 1,"Hash Buckets": 262144,"Original Hash Buckets": 262144,"Hash Batches": 1,"Original Hash Batches": 1,"Peak Memory Usage": 7322,"Plans": [{"Node Type": "Index Only Scan","Parent Relationship": "Outer","Parallel Aware": false,"Async Capable": false,"Scan Direction": "Forward","Index Name": "customer_pkey","Relation Name": "customer","Alias": "customer","Startup Cost": 0.42,"Total Cost": 3906.42,"Plan Rows": 150000,"Plan Width": 4,"Actual Startup Time": 0.044,"Actual Total Time": 14.416,"Actual Rows": 150000,"Actual Loops": 1,"Heap Fetches": 0}]}]}]}]}]},"Planning Time": 3.526,"Triggers": [],"Execution Time": 6069.080}]
[{"Plan": {"Node Type": "Sort","Parallel Aware": false,"Async Capable": false,"Startup Cost": 65708.14,"Total Cost": 65708.64,"Plan Rows": 200,"Plan Width": 16,"Actual Startup Time": 6659.087,"Actual Total Time": 6659.155,"Actual Rows": 41,"Actual Loops": 1,"Sort Key": ["(count(*)) DESC", "(count(orders.o_orderkey)) DESC"],"Sort Method": "quicksort","Sort Space Used": 27,"Sort Space Type": "Memory","Plans": [{"Node Type": "Aggregate","Strategy": "Hashed","Partial Mode": "Simple","Parent Relationship": "Outer","Parallel Aware": false,"Async Capable": false,"Startup Cost": 65698.50,"Total Cost": 65700.50,"Plan Rows": 200,"Plan Width": 16,"Actual Startup Time": 6658.981,"Actual Total Time": 6659.057,"Actual Rows": 41,"Actual Loops": 1,"Group Key": ["count(orders.o_orderkey)"],"Planned Partitions": 0,"HashAgg Batches": 1,"Peak Memory Usage": 40,"Disk Usage": 0,"Plans": [{"Node Type": "Aggregate","Strategy": "Hashed","Partial Mode": "Simple","Parent Relationship": "Outer","Parallel Aware": false,"Async Capable": false,"Startup Cost": 61948.50,"Total Cost": 63448.50,"Plan Rows": 150000,"Plan Width": 12,"Actual Startup Time": 6480.209,"Actual Total Time": 6645.185,"Actual Rows": 150000,"Actual Loops": 1,"Group Key": ["customer.c_custkey"],"Planned Partitions": 0,"HashAgg Batches": 1,"Peak Memory Usage": 22545,"Disk Usage": 0,"Plans": [{"Node Type": "Hash Join","Parent Relationship": "Outer","Parallel Aware": false,"Async Capable": false,"Join Type": "Right","Startup Cost": 5781.42,"Total Cost": 54524.26,"Plan Rows": 1484848,"Plan Width": 8,"Actual Startup Time": 37.274,"Actual Total Time": 4547.015,"Actual Rows": 1533872,"Actual Loops": 1,"Inner Unique": true,"Hash Cond": "(orders.o_custkey = customer.c_custkey)","Plans": [{"Node Type": "Seq Scan","Parent Relationship": "Outer","Parallel Aware": false,"Async Capable": false,"Relation Name": "orders","Alias": "orders","Startup Cost": 0.00,"Total Cost": 44845.00,"Plan Rows": 1484848,"Plan Width": 8,"Actual Startup Time": 0.043,"Actual Total Time": 3085.028,"Actual Rows": 1483868,"Actual Loops": 1,"Filter": "((o_comment)::text !~~ '%unusual%deposits%'::text)","Rows Removed by Filter": 16132},{"Node Type": "Hash","Parent Relationship": "Inner","Parallel Aware": false,"Async Capable": false,"Startup Cost": 3906.42,"Total Cost": 3906.42,"Plan Rows": 150000,"Plan Width": 4,"Actual Startup Time": 35.508,"Actual Total Time": 35.530,"Actual Rows": 150000,"Actual Loops": 1,"Hash Buckets": 262144,"Original Hash Buckets": 262144,"Hash Batches": 1,"Original Hash Batches": 1,"Peak Memory Usage": 7322,"Plans": [{"Node Type": "Index Only Scan","Parent Relationship": "Outer","Parallel Aware": false,"Async Capable": false,"Scan Direction": "Forward","Index Name": "customer_pkey","Relation Name": "customer","Alias": "customer","Startup Cost": 0.42,"Total Cost": 3906.42,"Plan Rows": 150000,"Plan Width": 4,"Actual Startup Time": 0.053,"Actual Total Time": 13.448,"Actual Rows": 150000,"Actual Loops": 1,"Heap Fetches": 0}]}]}]}]}]},"Planning Time": 3.854,"Triggers": [],"Execution Time": 6671.834}]
[{"Plan": {"Node Type": "Sort","Parallel Aware": false,"Async Capable": false,"Startup Cost": 65822.53,"Total Cost": 65823.03,"Plan Rows": 200,"Plan Width": 16,"Actual Startup Time": 6789.356,"Actual Total Time": 6789.385,"Actual Rows": 42,"Actual Loops": 1,"Sort Key": ["(count(*)) DESC", "(count(orders.o_orderkey)) DESC"],"Sort Method": "quicksort","Sort Space Used": 27,"Sort Space Type": "Memory","Plans": [{"Node Type": "Aggregate","Strategy": "Hashed","Partial Mode": "Simple","Parent Relationship": "Outer","Parallel Aware": false,"Async Capable": false,"Startup Cost": 65812.89,"Total Cost": 65814.89,"Plan Rows": 200,"Plan Width": 16,"Actual Startup Time": 6789.265,"Actual Total Time": 6789.304,"Actual Rows": 42,"Actual Loops": 1,"Group Key": ["count(orders.o_orderkey)"],"Planned Partitions": 0,"HashAgg Batches": 1,"Peak Memory Usage": 40,"Disk Usage": 0,"Plans": [{"Node Type": "Aggregate","Strategy": "Hashed","Partial Mode": "Simple","Parent Relationship": "Outer","Parallel Aware": false,"Async Capable": false,"Startup Cost": 62062.89,"Total Cost": 63562.89,"Plan Rows": 150000,"Plan Width": 12,"Actual Startup Time": 6597.323,"Actual Total Time": 6775.519,"Actual Rows": 150000,"Actual Loops": 1,"Group Key": ["customer.c_custkey"],"Planned Partitions": 0,"HashAgg Batches": 1,"Peak Memory Usage": 22545,"Disk Usage": 0,"Plans": [{"Node Type": "Hash Join","Parent Relationship": "Outer","Parallel Aware": false,"Async Capable": false,"Join Type": "Right","Startup Cost": 5781.42,"Total Cost": 54563.64,"Plan Rows": 1499850,"Plan Width": 8,"Actual Startup Time": 45.919,"Actual Total Time": 4674.391,"Actual Rows": 1534025,"Actual Loops": 1,"Inner Unique": true,"Hash Cond": "(orders.o_custkey = customer.c_custkey)","Plans": [{"Node Type": "Seq Scan","Parent Relationship": "Outer","Parallel Aware": false,"Async Capable": false,"Relation Name": "orders","Alias": "orders","Startup Cost": 0.00,"Total Cost": 44845.00,"Plan Rows": 1499850,"Plan Width": 8,"Actual Startup Time": 0.049,"Actual Total Time": 3245.830,"Actual Rows": 1484020,"Actual Loops": 1,"Filter": "((o_comment)::text !~~ '%express%deposits%'::text)","Rows Removed by Filter": 15980},{"Node Type": "Hash","Parent Relationship": "Inner","Parallel Aware": false,"Async Capable": false,"Startup Cost": 3906.42,"Total Cost": 3906.42,"Plan Rows": 150000,"Plan Width": 4,"Actual Startup Time": 44.047,"Actual Total Time": 44.059,"Actual Rows": 150000,"Actual Loops": 1,"Hash Buckets": 262144,"Original Hash Buckets": 262144,"Hash Batches": 1,"Original Hash Batches": 1,"Peak Memory Usage": 7322,"Plans": [{"Node Type": "Index Only Scan","Parent Relationship": "Outer","Parallel Aware": false,"Async Capable": false,"Scan Direction": "Forward","Index Name": "customer_pkey","Relation Name": "customer","Alias": "customer","Startup Cost": 0.42,"Total Cost": 3906.42,"Plan Rows": 150000,"Plan Width": 4,"Actual Startup Time": 0.049,"Actual Total Time": 21.219,"Actual Rows": 150000,"Actual Loops": 1,"Heap Fetches": 0}]}]}]}]}]},"Planning Time": 4.349,"Triggers": [],"Execution Time": 6798.388}]
[{"Plan": {"Node Type": "Sort","Parallel Aware": false,"Async Capable": false,"Startup Cost": 65822.53,"Total Cost": 65823.03,"Plan Rows": 200,"Plan Width": 16,"Actual Startup Time": 5956.637,"Actual Total Time": 5956.675,"Actual Rows": 42,"Actual Loops": 1,"Sort Key": ["(count(*)) DESC", "(count(orders.o_orderkey)) DESC"],"Sort Method": "quicksort","Sort Space Used": 27,"Sort Space Type": "Memory","Plans": [{"Node Type": "Aggregate","Strategy": "Hashed","Partial Mode": "Simple","Parent Relationship": "Outer","Parallel Aware": false,"Async Capable": false,"Startup Cost": 65812.89,"Total Cost": 65814.89,"Plan Rows": 200,"Plan Width": 16,"Actual Startup Time": 5956.548,"Actual Total Time": 5956.590,"Actual Rows": 42,"Actual Loops": 1,"Group Key": ["count(orders.o_orderkey)"],"Planned Partitions": 0,"HashAgg Batches": 1,"Peak Memory Usage": 40,"Disk Usage": 0,"Plans": [{"Node Type": "Aggregate","Strategy": "Hashed","Partial Mode": "Simple","Parent Relationship": "Outer","Parallel Aware": false,"Async Capable": false,"Startup Cost": 62062.89,"Total Cost": 63562.89,"Plan Rows": 150000,"Plan Width": 12,"Actual Startup Time": 5763.184,"Actual Total Time": 5942.838,"Actual Rows": 150000,"Actual Loops": 1,"Group Key": ["customer.c_custkey"],"Planned Partitions": 0,"HashAgg Batches": 1,"Peak Memory Usage": 22545,"Disk Usage": 0,"Plans": [{"Node Type": "Hash Join","Parent Relationship": "Outer","Parallel Aware": false,"Async Capable": false,"Join Type": "Right","Startup Cost": 5781.42,"Total Cost": 54563.64,"Plan Rows": 1499850,"Plan Width": 8,"Actual Startup Time": 38.566,"Actual Total Time": 3955.732,"Actual Rows": 1533620,"Actual Loops": 1,"Inner Unique": true,"Hash Cond": "(orders.o_custkey = customer.c_custkey)","Plans": [{"Node Type": "Seq Scan","Parent Relationship": "Outer","Parallel Aware": false,"Async Capable": false,"Relation Name": "orders","Alias": "orders","Startup Cost": 0.00,"Total Cost": 44845.00,"Plan Rows": 1499850,"Plan Width": 8,"Actual Startup Time": 0.052,"Actual Total Time": 2713.562,"Actual Rows": 1483615,"Actual Loops": 1,"Filter": "((o_comment)::text !~~ '%pending%accounts%'::text)","Rows Removed by Filter": 16385},{"Node Type": "Hash","Parent Relationship": "Inner","Parallel Aware": false,"Async Capable": false,"Startup Cost": 3906.42,"Total Cost": 3906.42,"Plan Rows": 150000,"Plan Width": 4,"Actual Startup Time": 36.530,"Actual Total Time": 36.543,"Actual Rows": 150000,"Actual Loops": 1,"Hash Buckets": 262144,"Original Hash Buckets": 262144,"Hash Batches": 1,"Original Hash Batches": 1,"Peak Memory Usage": 7322,"Plans": [{"Node Type": "Index Only Scan","Parent Relationship": "Outer","Parallel Aware": false,"Async Capable": false,"Scan Direction": "Forward","Index Name": "customer_pkey","Relation Name": "customer","Alias": "customer","Startup Cost": 0.42,"Total Cost": 3906.42,"Plan Rows": 150000,"Plan Width": 4,"Actual Startup Time": 0.036,"Actual Total Time": 14.278,"Actual Rows": 150000,"Actual Loops": 1,"Heap Fetches": 0}]}]}]}]}]},"Planning Time": 3.568,"Triggers": [],"Execution Time": 5966.474}]
[{"Plan": {"Node Type": "Sort","Parallel Aware": false,"Async Capable": false,"Startup Cost": 65822.53,"Total Cost": 65823.03,"Plan Rows": 200,"Plan Width": 16,"Actual Startup Time": 6096.807,"Actual Total Time": 6096.851,"Actual Rows": 42,"Actual Loops": 1,"Sort Key": ["(count(*)) DESC", "(count(orders.o_orderkey)) DESC"],"Sort Method": "quicksort","Sort Space Used": 27,"Sort Space Type": "Memory","Plans": [{"Node Type": "Aggregate","Strategy": "Hashed","Partial Mode": "Simple","Parent Relationship": "Outer","Parallel Aware": false,"Async Capable": false,"Startup Cost": 65812.89,"Total Cost": 65814.89,"Plan Rows": 200,"Plan Width": 16,"Actual Startup Time": 6096.707,"Actual Total Time": 6096.758,"Actual Rows": 42,"Actual Loops": 1,"Group Key": ["count(orders.o_orderkey)"],"Planned Partitions": 0,"HashAgg Batches": 1,"Peak Memory Usage": 40,"Disk Usage": 0,"Plans": [{"Node Type": "Aggregate","Strategy": "Hashed","Partial Mode": "Simple","Parent Relationship": "Outer","Parallel Aware": false,"Async Capable": false,"Startup Cost": 62062.89,"Total Cost": 63562.89,"Plan Rows": 150000,"Plan Width": 12,"Actual Startup Time": 5900.364,"Actual Total Time": 6082.949,"Actual Rows": 150000,"Actual Loops": 1,"Group Key": ["customer.c_custkey"],"Planned Partitions": 0,"HashAgg Batches": 1,"Peak Memory Usage": 22545,"Disk Usage": 0,"Plans": [{"Node Type": "Hash Join","Parent Relationship": "Outer","Parallel Aware": false,"Async Capable": false,"Join Type": "Right","Startup Cost": 5781.42,"Total Cost": 54563.64,"Plan Rows": 1499850,"Plan Width": 8,"Actual Startup Time": 38.105,"Actual Total Time": 4090.394,"Actual Rows": 1533835,"Actual Loops": 1,"Inner Unique": true,"Hash Cond": "(orders.o_custkey = customer.c_custkey)","Plans": [{"Node Type": "Seq Scan","Parent Relationship": "Outer","Parallel Aware": false,"Async Capable": false,"Relation Name": "orders","Alias": "orders","Startup Cost": 0.00,"Total Cost": 44845.00,"Plan Rows": 1499850,"Plan Width": 8,"Actual Startup Time": 0.059,"Actual Total Time": 2844.303,"Actual Rows": 1483831,"Actual Loops": 1,"Filter": "((o_comment)::text !~~ '%special%accounts%'::text)","Rows Removed by Filter": 16169},{"Node Type": "Hash","Parent Relationship": "Inner","Parallel Aware": false,"Async Capable": false,"Startup Cost": 3906.42,"Total Cost": 3906.42,"Plan Rows": 150000,"Plan Width": 4,"Actual Startup Time": 36.335,"Actual Total Time": 36.352,"Actual Rows": 150000,"Actual Loops": 1,"Hash Buckets": 262144,"Original Hash Buckets": 262144,"Hash Batches": 1,"Original Hash Batches": 1,"Peak Memory Usage": 7322,"Plans": [{"Node Type": "Index Only Scan","Parent Relationship": "Outer","Parallel Aware": false,"Async Capable": false,"Scan Direction": "Forward","Index Name": "customer_pkey","Relation Name": "customer","Alias": "customer","Startup Cost": 0.42,"Total Cost": 3906.42,"Plan Rows": 150000,"Plan Width": 4,"Actual Startup Time": 0.048,"Actual Total Time": 14.414,"Actual Rows": 150000,"Actual Loops": 1,"Heap Fetches": 0}]}]}]}]}]},"Planning Time": 3.409,"Triggers": [],"Execution Time": 6107.560}]
[{"Plan": {"Node Type": "Sort","Parallel Aware": false,"Async Capable": false,"Startup Cost": 65822.53,"Total Cost": 65823.03,"Plan Rows": 200,"Plan Width": 16,"Actual Startup Time": 6047.687,"Actual Total Time": 6047.735,"Actual Rows": 42,"Actual Loops": 1,"Sort Key": ["(count(*)) DESC", "(count(orders.o_orderkey)) DESC"],"Sort Method": "quicksort","Sort Space Used": 27,"Sort Space Type": "Memory","Plans": [{"Node Type": "Aggregate","Strategy": "Hashed","Partial Mode": "Simple","Parent Relationship": "Outer","Parallel Aware": false,"Async Capable": false,"Startup Cost": 65812.89,"Total Cost": 65814.89,"Plan Rows": 200,"Plan Width": 16,"Actual Startup Time": 6047.591,"Actual Total Time": 6047.643,"Actual Rows": 42,"Actual Loops": 1,"Group Key": ["count(orders.o_orderkey)"],"Planned Partitions": 0,"HashAgg Batches": 1,"Peak Memory Usage": 40,"Disk Usage": 0,"Plans": [{"Node Type": "Aggregate","Strategy": "Hashed","Partial Mode": "Simple","Parent Relationship": "Outer","Parallel Aware": false,"Async Capable": false,"Startup Cost": 62062.89,"Total Cost": 63562.89,"Plan Rows": 150000,"Plan Width": 12,"Actual Startup Time": 5868.600,"Actual Total Time": 6033.866,"Actual Rows": 150000,"Actual Loops": 1,"Group Key": ["customer.c_custkey"],"Planned Partitions": 0,"HashAgg Batches": 1,"Peak Memory Usage": 22545,"Disk Usage": 0,"Plans": [{"Node Type": "Hash Join","Parent Relationship": "Outer","Parallel Aware": false,"Async Capable": false,"Join Type": "Right","Startup Cost": 5781.42,"Total Cost": 54563.64,"Plan Rows": 1499850,"Plan Width": 8,"Actual Startup Time": 39.168,"Actual Total Time": 4010.851,"Actual Rows": 1533626,"Actual Loops": 1,"Inner Unique": true,"Hash Cond": "(orders.o_custkey = customer.c_custkey)","Plans": [{"Node Type": "Seq Scan","Parent Relationship": "Outer","Parallel Aware": false,"Async Capable": false,"Relation Name": "orders","Alias": "orders","Startup Cost": 0.00,"Total Cost": 44845.00,"Plan Rows": 1499850,"Plan Width": 8,"Actual Startup Time": 0.065,"Actual Total Time": 2757.508,"Actual Rows": 1483622,"Actual Loops": 1,"Filter": "((o_comment)::text !~~ '%unusual%accounts%'::text)","Rows Removed by Filter": 16378},{"Node Type": "Hash","Parent Relationship": "Inner","Parallel Aware": false,"Async Capable": false,"Startup Cost": 3906.42,"Total Cost": 3906.42,"Plan Rows": 150000,"Plan Width": 4,"Actual Startup Time": 37.343,"Actual Total Time": 37.362,"Actual Rows": 150000,"Actual Loops": 1,"Hash Buckets": 262144,"Original Hash Buckets": 262144,"Hash Batches": 1,"Original Hash Batches": 1,"Peak Memory Usage": 7322,"Plans": [{"Node Type": "Index Only Scan","Parent Relationship": "Outer","Parallel Aware": false,"Async Capable": false,"Scan Direction": "Forward","Index Name": "customer_pkey","Relation Name": "customer","Alias": "customer","Startup Cost": 0.42,"Total Cost": 3906.42,"Plan Rows": 150000,"Plan Width": 4,"Actual Startup Time": 0.036,"Actual Total Time": 14.472,"Actual Rows": 150000,"Actual Loops": 1,"Heap Fetches": 0}]}]}]}]}]},"Planning Time": 4.331,"Triggers": [],"Execution Time": 6056.690}]
[{"Plan": {"Node Type": "Sort","Parallel Aware": false,"Async Capable": false,"Startup Cost": 65822.53,"Total Cost": 65823.03,"Plan Rows": 200,"Plan Width": 16,"Actual Startup Time": 5956.637,"Actual Total Time": 5956.675,"Actual Rows": 42,"Actual Loops": 1,"Sort Key": ["(count(*)) DESC", "(count(orders.o_orderkey)) DESC"],"Sort Method": "quicksort","Sort Space Used": 27,"Sort Space Type": "Memory","Plans": [{"Node Type": "Aggregate","Strategy": "Hashed","Partial Mode": "Simple","Parent Relationship": "Outer","Parallel Aware": false,"Async Capable": false,"Startup Cost": 65812.89,"Total Cost": 65814.89,"Plan Rows": 200,"Plan Width": 16,"Actual Startup Time": 5956.548,"Actual Total Time": 5956.590,"Actual Rows": 42,"Actual Loops": 1,"Group Key": ["count(orders.o_orderkey)"],"Planned Partitions": 0,"HashAgg Batches": 1,"Peak Memory Usage": 40,"Disk Usage": 0,"Plans": [{"Node Type": "Aggregate","Strategy": "Hashed","Partial Mode": "Simple","Parent Relationship": "Outer","Parallel Aware": false,"Async Capable": false,"Startup Cost": 62062.89,"Total Cost": 63562.89,"Plan Rows": 150000,"Plan Width": 12,"Actual Startup Time": 5763.184,"Actual Total Time": 5942.838,"Actual Rows": 150000,"Actual Loops": 1,"Group Key": ["customer.c_custkey"],"Planned Partitions": 0,"HashAgg Batches": 1,"Peak Memory Usage": 22545,"Disk Usage": 0,"Plans": [{"Node Type": "Hash Join","Parent Relationship": "Outer","Parallel Aware": false,"Async Capable": false,"Join Type": "Right","Startup Cost": 5781.42,"Total Cost": 54563.64,"Plan Rows": 1499850,"Plan Width": 8,"Actual Startup Time": 38.566,"Actual Total Time": 3955.732,"Actual Rows": 1533620,"Actual Loops": 1,"Inner Unique": true,"Hash Cond": "(orders.o_custkey = customer.c_custkey)","Plans": [{"Node Type": "Seq Scan","Parent Relationship": "Outer","Parallel Aware": false,"Async Capable": false,"Relation Name": "orders","Alias": "orders","Startup Cost": 0.00,"Total Cost": 44845.00,"Plan Rows": 1499850,"Plan Width": 8,"Actual Startup Time": 0.052,"Actual Total Time": 2713.562,"Actual Rows": 1483615,"Actual Loops": 1,"Filter": "((o_comment)::text !~~ '%pending%accounts%'::text)","Rows Removed by Filter": 16385},{"Node Type": "Hash","Parent Relationship": "Inner","Parallel Aware": false,"Async Capable": false,"Startup Cost": 3906.42,"Total Cost": 3906.42,"Plan Rows": 150000,"Plan Width": 4,"Actual Startup Time": 36.530,"Actual Total Time": 36.543,"Actual Rows": 150000,"Actual Loops": 1,"Hash Buckets": 262144,"Original Hash Buckets": 262144,"Hash Batches": 1,"Original Hash Batches": 1,"Peak Memory Usage": 7322,"Plans": [{"Node Type": "Index Only Scan","Parent Relationship": "Outer","Parallel Aware": false,"Async Capable": false,"Scan Direction": "Forward","Index Name": "customer_pkey","Relation Name": "customer","Alias": "customer","Startup Cost": 0.42,"Total Cost": 3906.42,"Plan Rows": 150000,"Plan Width": 4,"Actual Startup Time": 0.036,"Actual Total Time": 14.278,"Actual Rows": 150000,"Actual Loops": 1,"Heap Fetches": 0}]}]}]}]}]},"Planning Time": 3.568,"Triggers": [],"Execution Time": 5966.474}]
[{"Plan": {"Node Type": "Sort","Parallel Aware": false,"Async Capable": false,"Startup Cost": 65822.53,"Total Cost": 65823.03,"Plan Rows": 200,"Plan Width": 16,"Actual Startup Time": 6047.687,"Actual Total Time": 6047.735,"Actual Rows": 42,"Actual Loops": 1,"Sort Key": ["(count(*)) DESC", "(count(orders.o_orderkey)) DESC"],"Sort Method": "quicksort","Sort Space Used": 27,"Sort Space Type": "Memory","Plans": [{"Node Type": "Aggregate","Strategy": "Hashed","Partial Mode": "Simple","Parent Relationship": "Outer","Parallel Aware": false,"Async Capable": false,"Startup Cost": 65812.89,"Total Cost": 65814.89,"Plan Rows": 200,"Plan Width": 16,"Actual Startup Time": 6047.591,"Actual Total Time": 6047.643,"Actual Rows": 42,"Actual Loops": 1,"Group Key": ["count(orders.o_orderkey)"],"Planned Partitions": 0,"HashAgg Batches": 1,"Peak Memory Usage": 40,"Disk Usage": 0,"Plans": [{"Node Type": "Aggregate","Strategy": "Hashed","Partial Mode": "Simple","Parent Relationship": "Outer","Parallel Aware": false,"Async Capable": false,"Startup Cost": 62062.89,"Total Cost": 63562.89,"Plan Rows": 150000,"Plan Width": 12,"Actual Startup Time": 5868.600,"Actual Total Time": 6033.866,"Actual Rows": 150000,"Actual Loops": 1,"Group Key": ["customer.c_custkey"],"Planned Partitions": 0,"HashAgg Batches": 1,"Peak Memory Usage": 22545,"Disk Usage": 0,"Plans": [{"Node Type": "Hash Join","Parent Relationship": "Outer","Parallel Aware": false,"Async Capable": false,"Join Type": "Right","Startup Cost": 5781.42,"Total Cost": 54563.64,"Plan Rows": 1499850,"Plan Width": 8,"Actual Startup Time": 39.168,"Actual Total Time": 4010.851,"Actual Rows": 1533626,"Actual Loops": 1,"Inner Unique": true,"Hash Cond": "(orders.o_custkey = customer.c_custkey)","Plans": [{"Node Type": "Seq Scan","Parent Relationship": "Outer","Parallel Aware": false,"Async Capable": false,"Relation Name": "orders","Alias": "orders","Startup Cost": 0.00,"Total Cost": 44845.00,"Plan Rows": 1499850,"Plan Width": 8,"Actual Startup Time": 0.065,"Actual Total Time": 2757.508,"Actual Rows": 1483622,"Actual Loops": 1,"Filter": "((o_comment)::text !~~ '%unusual%accounts%'::text)","Rows Removed by Filter": 16378},{"Node Type": "Hash","Parent Relationship": "Inner","Parallel Aware": false,"Async Capable": false,"Startup Cost": 3906.42,"Total Cost": 3906.42,"Plan Rows": 150000,"Plan Width": 4,"Actual Startup Time": 37.343,"Actual Total Time": 37.362,"Actual Rows": 150000,"Actual Loops": 1,"Hash Buckets": 262144,"Original Hash Buckets": 262144,"Hash Batches": 1,"Original Hash Batches": 1,"Peak Memory Usage": 7322,"Plans": [{"Node Type": "Index Only Scan","Parent Relationship": "Outer","Parallel Aware": false,"Async Capable": false,"Scan Direction": "Forward","Index Name": "customer_pkey","Relation Name": "customer","Alias": "customer","Startup Cost": 0.42,"Total Cost": 3906.42,"Plan Rows": 150000,"Plan Width": 4,"Actual Startup Time": 0.036,"Actual Total Time": 14.472,"Actual Rows": 150000,"Actual Loops": 1,"Heap Fetches": 0}]}]}]}]}]},"Planning Time": 4.331,"Triggers": [],"Execution Time": 6056.690}]
[{"Plan": {"Node Type": "Sort","Parallel Aware": false,"Async Capable": false,"Startup Cost": 65822.53,"Total Cost": 65823.03,"Plan Rows": 200,"Plan Width": 16,"Actual Startup Time": 6101.280,"Actual Total Time": 6101.314,"Actual Rows": 42,"Actual Loops": 1,"Sort Key": ["(count(*)) DESC", "(count(orders.o_orderkey)) DESC"],"Sort Method": "quicksort","Sort Space Used": 27,"Sort Space Type": "Memory","Plans": [{"Node Type": "Aggregate","Strategy": "Hashed","Partial Mode": "Simple","Parent Relationship": "Outer","Parallel Aware": false,"Async Capable": false,"Startup Cost": 65812.89,"Total Cost": 65814.89,"Plan Rows": 200,"Plan Width": 16,"Actual Startup Time": 6101.184,"Actual Total Time": 6101.232,"Actual Rows": 42,"Actual Loops": 1,"Group Key": ["count(orders.o_orderkey)"],"Planned Partitions": 0,"HashAgg Batches": 1,"Peak Memory Usage": 40,"Disk Usage": 0,"Plans": [{"Node Type": "Aggregate","Strategy": "Hashed","Partial Mode": "Simple","Parent Relationship": "Outer","Parallel Aware": false,"Async Capable": false,"Startup Cost": 62062.89,"Total Cost": 63562.89,"Plan Rows": 150000,"Plan Width": 12,"Actual Startup Time": 5921.162,"Actual Total Time": 6087.400,"Actual Rows": 150000,"Actual Loops": 1,"Group Key": ["customer.c_custkey"],"Planned Partitions": 0,"HashAgg Batches": 1,"Peak Memory Usage": 22545,"Disk Usage": 0,"Plans": [{"Node Type": "Hash Join","Parent Relationship": "Outer","Parallel Aware": false,"Async Capable": false,"Join Type": "Right","Startup Cost": 5781.42,"Total Cost": 54563.64,"Plan Rows": 1499850,"Plan Width": 8,"Actual Startup Time": 39.228,"Actual Total Time": 4074.723,"Actual Rows": 1533808,"Actual Loops": 1,"Inner Unique": true,"Hash Cond": "(orders.o_custkey = customer.c_custkey)","Plans": [{"Node Type": "Seq Scan","Parent Relationship": "Outer","Parallel Aware": false,"Async Capable": false,"Relation Name": "orders","Alias": "orders","Startup Cost": 0.00,"Total Cost": 44845.00,"Plan Rows": 1499850,"Plan Width": 8,"Actual Startup Time": 0.056,"Actual Total Time": 2834.984,"Actual Rows": 1483804,"Actual Loops": 1,"Filter": "((o_comment)::text !~~ '%special%deposits%'::text)","Rows Removed by Filter": 16196},{"Node Type": "Hash","Parent Relationship": "Inner","Parallel Aware": false,"Async Capable": false,"Startup Cost": 3906.42,"Total Cost": 3906.42,"Plan Rows": 150000,"Plan Width": 4,"Actual Startup Time": 37.438,"Actual Total Time": 37.451,"Actual Rows": 150000,"Actual Loops": 1,"Hash Buckets": 262144,"Original Hash Buckets": 262144,"Hash Batches": 1,"Original Hash Batches": 1,"Peak Memory Usage": 7322,"Plans": [{"Node Type": "Index Only Scan","Parent Relationship": "Outer","Parallel Aware": false,"Async Capable": false,"Scan Direction": "Forward","Index Name": "customer_pkey","Relation Name": "customer","Alias": "customer","Startup Cost": 0.42,"Total Cost": 3906.42,"Plan Rows": 150000,"Plan Width": 4,"Actual Startup Time": 0.049,"Actual Total Time": 14.639,"Actual Rows": 150000,"Actual Loops": 1,"Heap Fetches": 0}]}]}]}]}]},"Planning Time": 3.971,"Triggers": [],"Execution Time": 6110.955}]
[{"Plan": {"Node Type": "Sort","Parallel Aware": false,"Async Capable": false,"Startup Cost": 65592.61,"Total Cost": 65593.11,"Plan Rows": 200,"Plan Width": 16,"Actual Startup Time": 6059.416,"Actual Total Time": 6059.459,"Actual Rows": 42,"Actual Loops": 1,"Sort Key": ["(count(*)) DESC", "(count(orders.o_orderkey)) DESC"],"Sort Method": "quicksort","Sort Space Used": 27,"Sort Space Type": "Memory","Plans": [{"Node Type": "Aggregate","Strategy": "Hashed","Partial Mode": "Simple","Parent Relationship": "Outer","Parallel Aware": false,"Async Capable": false,"Startup Cost": 65582.97,"Total Cost": 65584.97,"Plan Rows": 200,"Plan Width": 16,"Actual Startup Time": 6059.318,"Actual Total Time": 6059.369,"Actual Rows": 42,"Actual Loops": 1,"Group Key": ["count(orders.o_orderkey)"],"Planned Partitions": 0,"HashAgg Batches": 1,"Peak Memory Usage": 40,"Disk Usage": 0,"Plans": [{"Node Type": "Aggregate","Strategy": "Hashed","Partial Mode": "Simple","Parent Relationship": "Outer","Parallel Aware": false,"Async Capable": false,"Startup Cost": 61832.97,"Total Cost": 63332.97,"Plan Rows": 150000,"Plan Width": 12,"Actual Startup Time": 5864.158,"Actual Total Time": 6045.542,"Actual Rows": 150000,"Actual Loops": 1,"Group Key": ["customer.c_custkey"],"Planned Partitions": 0,"HashAgg Batches": 1,"Peak Memory Usage": 22545,"Disk Usage": 0,"Plans": [{"Node Type": "Hash Join","Parent Relationship": "Outer","Parallel Aware": false,"Async Capable": false,"Join Type": "Right","Startup Cost": 5781.42,"Total Cost": 54484.49,"Plan Rows": 1469697,"Plan Width": 8,"Actual Startup Time": 38.198,"Actual Total Time": 4061.016,"Actual Rows": 1533817,"Actual Loops": 1,"Inner Unique": true,"Hash Cond": "(orders.o_custkey = customer.c_custkey)","Plans": [{"Node Type": "Seq Scan","Parent Relationship": "Outer","Parallel Aware": false,"Async Capable": false,"Relation Name": "orders","Alias": "orders","Startup Cost": 0.00,"Total Cost": 44845.00,"Plan Rows": 1469697,"Plan Width": 8,"Actual Startup Time": 0.037,"Actual Total Time": 2812.366,"Actual Rows": 1483813,"Actual Loops": 1,"Filter": "((o_comment)::text !~~ '%unusual%requests%'::text)","Rows Removed by Filter": 16187},{"Node Type": "Hash","Parent Relationship": "Inner","Parallel Aware": false,"Async Capable": false,"Startup Cost": 3906.42,"Total Cost": 3906.42,"Plan Rows": 150000,"Plan Width": 4,"Actual Startup Time": 36.318,"Actual Total Time": 36.334,"Actual Rows": 150000,"Actual Loops": 1,"Hash Buckets": 262144,"Original Hash Buckets": 262144,"Hash Batches": 1,"Original Hash Batches": 1,"Peak Memory Usage": 7322,"Plans": [{"Node Type": "Index Only Scan","Parent Relationship": "Outer","Parallel Aware": false,"Async Capable": false,"Scan Direction": "Forward","Index Name": "customer_pkey","Relation Name": "customer","Alias": "customer","Startup Cost": 0.42,"Total Cost": 3906.42,"Plan Rows": 150000,"Plan Width": 4,"Actual Startup Time": 0.044,"Actual Total Time": 14.416,"Actual Rows": 150000,"Actual Loops": 1,"Heap Fetches": 0}]}]}]}]}]},"Planning Time": 3.526,"Triggers": [],"Execution Time": 6069.080}]
[{"Plan": {"Node Type": "Sort","Parallel Aware": false,"Async Capable": false,"Startup Cost": 65708.14,"Total Cost": 65708.64,"Plan Rows": 200,"Plan Width": 16,"Actual Startup Time": 6734.447,"Actual Total Time": 6734.481,"Actual Rows": 42,"Actual Loops": 1,"Sort Key": ["(count(*)) DESC", "(count(orders.o_orderkey)) DESC"],"Sort Method": "quicksort","Sort Space Used": 27,"Sort Space Type": "Memory","Plans": [{"Node Type": "Aggregate","Strategy": "Hashed","Partial Mode": "Simple","Parent Relationship": "Outer","Parallel Aware": false,"Async Capable": false,"Startup Cost": 65698.50,"Total Cost": 65700.50,"Plan Rows": 200,"Plan Width": 16,"Actual Startup Time": 6734.369,"Actual Total Time": 6734.411,"Actual Rows": 42,"Actual Loops": 1,"Group Key": ["count(orders.o_orderkey)"],"Planned Partitions": 0,"HashAgg Batches": 1,"Peak Memory Usage": 40,"Disk Usage": 0,"Plans": [{"Node Type": "Aggregate","Strategy": "Hashed","Partial Mode": "Simple","Parent Relationship": "Outer","Parallel Aware": false,"Async Capable": false,"Startup Cost": 61948.50,"Total Cost": 63448.50,"Plan Rows": 150000,"Plan Width": 12,"Actual Startup Time": 6542.374,"Actual Total Time": 6720.630,"Actual Rows": 150000,"Actual Loops": 1,"Group Key": ["customer.c_custkey"],"Planned Partitions": 0,"HashAgg Batches": 1,"Peak Memory Usage": 22545,"Disk Usage": 0,"Plans": [{"Node Type": "Hash Join","Parent Relationship": "Outer","Parallel Aware": false,"Async Capable": false,"Join Type": "Right","Startup Cost": 5781.42,"Total Cost": 54524.26,"Plan Rows": 1484848,"Plan Width": 8,"Actual Startup Time": 36.319,"Actual Total Time": 4621.827,"Actual Rows": 1533676,"Actual Loops": 1,"Inner Unique": true,"Hash Cond": "(orders.o_custkey = customer.c_custkey)","Plans": [{"Node Type": "Seq Scan","Parent Relationship": "Outer","Parallel Aware": false,"Async Capable": false,"Relation Name": "orders","Alias": "orders","Startup Cost": 0.00,"Total Cost": 44845.00,"Plan Rows": 1484848,"Plan Width": 8,"Actual Startup Time": 0.054,"Actual Total Time": 3196.487,"Actual Rows": 1483672,"Actual Loops": 1,"Filter": "((o_comment)::text !~~ '%express%requests%'::text)","Rows Removed by Filter": 16328},{"Node Type": "Hash","Parent Relationship": "Inner","Parallel Aware": false,"Async Capable": false,"Startup Cost": 3906.42,"Total Cost": 3906.42,"Plan Rows": 150000,"Plan Width": 4,"Actual Startup Time": 34.348,"Actual Total Time": 34.358,"Actual Rows": 150000,"Actual Loops": 1,"Hash Buckets": 262144,"Original Hash Buckets": 262144,"Hash Batches": 1,"Original Hash Batches": 1,"Peak Memory Usage": 7322,"Plans": [{"Node Type": "Index Only Scan","Parent Relationship": "Outer","Parallel Aware": false,"Async Capable": false,"Scan Direction": "Forward","Index Name": "customer_pkey","Relation Name": "customer","Alias": "customer","Startup Cost": 0.42,"Total Cost": 3906.42,"Plan Rows": 150000,"Plan Width": 4,"Actual Startup Time": 0.054,"Actual Total Time": 13.145,"Actual Rows": 150000,"Actual Loops": 1,"Heap Fetches": 0}]}]}]}]}]},"Planning Time": 4.493,"Triggers": [],"Execution Time": 6743.934}]
[{"Plan": {"Node Type": "Sort","Parallel Aware": false,"Async Capable": false,"Startup Cost": 65822.53,"Total Cost": 65823.03,"Plan Rows": 200,"Plan Width": 16,"Actual Startup Time": 6789.356,"Actual Total Time": 6789.385,"Actual Rows": 42,"Actual Loops": 1,"Sort Key": ["(count(*)) DESC", "(count(orders.o_orderkey)) DESC"],"Sort Method": "quicksort","Sort Space Used": 27,"Sort Space Type": "Memory","Plans": [{"Node Type": "Aggregate","Strategy": "Hashed","Partial Mode": "Simple","Parent Relationship": "Outer","Parallel Aware": false,"Async Capable": false,"Startup Cost": 65812.89,"Total Cost": 65814.89,"Plan Rows": 200,"Plan Width": 16,"Actual Startup Time": 6789.265,"Actual Total Time": 6789.304,"Actual Rows": 42,"Actual Loops": 1,"Group Key": ["count(orders.o_orderkey)"],"Planned Partitions": 0,"HashAgg Batches": 1,"Peak Memory Usage": 40,"Disk Usage": 0,"Plans": [{"Node Type": "Aggregate","Strategy": "Hashed","Partial Mode": "Simple","Parent Relationship": "Outer","Parallel Aware": false,"Async Capable": false,"Startup Cost": 62062.89,"Total Cost": 63562.89,"Plan Rows": 150000,"Plan Width": 12,"Actual Startup Time": 6597.323,"Actual Total Time": 6775.519,"Actual Rows": 150000,"Actual Loops": 1,"Group Key": ["customer.c_custkey"],"Planned Partitions": 0,"HashAgg Batches": 1,"Peak Memory Usage": 22545,"Disk Usage": 0,"Plans": [{"Node Type": "Hash Join","Parent Relationship": "Outer","Parallel Aware": false,"Async Capable": false,"Join Type": "Right","Startup Cost": 5781.42,"Total Cost": 54563.64,"Plan Rows": 1499850,"Plan Width": 8,"Actual Startup Time": 45.919,"Actual Total Time": 4674.391,"Actual Rows": 1534025,"Actual Loops": 1,"Inner Unique": true,"Hash Cond": "(orders.o_custkey = customer.c_custkey)","Plans": [{"Node Type": "Seq Scan","Parent Relationship": "Outer","Parallel Aware": false,"Async Capable": false,"Relation Name": "orders","Alias": "orders","Startup Cost": 0.00,"Total Cost": 44845.00,"Plan Rows": 1499850,"Plan Width": 8,"Actual Startup Time": 0.049,"Actual Total Time": 3245.830,"Actual Rows": 1484020,"Actual Loops": 1,"Filter": "((o_comment)::text !~~ '%express%deposits%'::text)","Rows Removed by Filter": 15980},{"Node Type": "Hash","Parent Relationship": "Inner","Parallel Aware": false,"Async Capable": false,"Startup Cost": 3906.42,"Total Cost": 3906.42,"Plan Rows": 150000,"Plan Width": 4,"Actual Startup Time": 44.047,"Actual Total Time": 44.059,"Actual Rows": 150000,"Actual Loops": 1,"Hash Buckets": 262144,"Original Hash Buckets": 262144,"Hash Batches": 1,"Original Hash Batches": 1,"Peak Memory Usage": 7322,"Plans": [{"Node Type": "Index Only Scan","Parent Relationship": "Outer","Parallel Aware": false,"Async Capable": false,"Scan Direction": "Forward","Index Name": "customer_pkey","Relation Name": "customer","Alias": "customer","Startup Cost": 0.42,"Total Cost": 3906.42,"Plan Rows": 150000,"Plan Width": 4,"Actual Startup Time": 0.049,"Actual Total Time": 21.219,"Actual Rows": 150000,"Actual Loops": 1,"Heap Fetches": 0}]}]}]}]}]},"Planning Time": 4.349,"Triggers": [],"Execution Time": 6798.388}]
[{"Plan": {"Node Type": "Sort","Parallel Aware": false,"Async Capable": false,"Startup Cost": 65708.14,"Total Cost": 65708.64,"Plan Rows": 200,"Plan Width": 16,"Actual Startup Time": 6659.087,"Actual Total Time": 6659.155,"Actual Rows": 41,"Actual Loops": 1,"Sort Key": ["(count(*)) DESC", "(count(orders.o_orderkey)) DESC"],"Sort Method": "quicksort","Sort Space Used": 27,"Sort Space Type": "Memory","Plans": [{"Node Type": "Aggregate","Strategy": "Hashed","Partial Mode": "Simple","Parent Relationship": "Outer","Parallel Aware": false,"Async Capable": false,"Startup Cost": 65698.50,"Total Cost": 65700.50,"Plan Rows": 200,"Plan Width": 16,"Actual Startup Time": 6658.981,"Actual Total Time": 6659.057,"Actual Rows": 41,"Actual Loops": 1,"Group Key": ["count(orders.o_orderkey)"],"Planned Partitions": 0,"HashAgg Batches": 1,"Peak Memory Usage": 40,"Disk Usage": 0,"Plans": [{"Node Type": "Aggregate","Strategy": "Hashed","Partial Mode": "Simple","Parent Relationship": "Outer","Parallel Aware": false,"Async Capable": false,"Startup Cost": 61948.50,"Total Cost": 63448.50,"Plan Rows": 150000,"Plan Width": 12,"Actual Startup Time": 6480.209,"Actual Total Time": 6645.185,"Actual Rows": 150000,"Actual Loops": 1,"Group Key": ["customer.c_custkey"],"Planned Partitions": 0,"HashAgg Batches": 1,"Peak Memory Usage": 22545,"Disk Usage": 0,"Plans": [{"Node Type": "Hash Join","Parent Relationship": "Outer","Parallel Aware": false,"Async Capable": false,"Join Type": "Right","Startup Cost": 5781.42,"Total Cost": 54524.26,"Plan Rows": 1484848,"Plan Width": 8,"Actual Startup Time": 37.274,"Actual Total Time": 4547.015,"Actual Rows": 1533872,"Actual Loops": 1,"Inner Unique": true,"Hash Cond": "(orders.o_custkey = customer.c_custkey)","Plans": [{"Node Type": "Seq Scan","Parent Relationship": "Outer","Parallel Aware": false,"Async Capable": false,"Relation Name": "orders","Alias": "orders","Startup Cost": 0.00,"Total Cost": 44845.00,"Plan Rows": 1484848,"Plan Width": 8,"Actual Startup Time": 0.043,"Actual Total Time": 3085.028,"Actual Rows": 1483868,"Actual Loops": 1,"Filter": "((o_comment)::text !~~ '%unusual%deposits%'::text)","Rows Removed by Filter": 16132},{"Node Type": "Hash","Parent Relationship": "Inner","Parallel Aware": false,"Async Capable": false,"Startup Cost": 3906.42,"Total Cost": 3906.42,"Plan Rows": 150000,"Plan Width": 4,"Actual Startup Time": 35.508,"Actual Total Time": 35.530,"Actual Rows": 150000,"Actual Loops": 1,"Hash Buckets": 262144,"Original Hash Buckets": 262144,"Hash Batches": 1,"Original Hash Batches": 1,"Peak Memory Usage": 7322,"Plans": [{"Node Type": "Index Only Scan","Parent Relationship": "Outer","Parallel Aware": false,"Async Capable": false,"Scan Direction": "Forward","Index Name": "customer_pkey","Relation Name": "customer","Alias": "customer","Startup Cost": 0.42,"Total Cost": 3906.42,"Plan Rows": 150000,"Plan Width": 4,"Actual Startup Time": 0.053,"Actual Total Time": 13.448,"Actual Rows": 150000,"Actual Loops": 1,"Heap Fetches": 0}]}]}]}]}]},"Planning Time": 3.854,"Triggers": [],"Execution Time": 6671.834}]
[{"Plan": {"Node Type": "Sort","Parallel Aware": false,"Async Capable": false,"Startup Cost": 65708.14,"Total Cost": 65708.64,"Plan Rows": 200,"Plan Width": 16,"Actual Startup Time": 6734.447,"Actual Total Time": 6734.481,"Actual Rows": 42,"Actual Loops": 1,"Sort Key": ["(count(*)) DESC", "(count(orders.o_orderkey)) DESC"],"Sort Method": "quicksort","Sort Space Used": 27,"Sort Space Type": "Memory","Plans": [{"Node Type": "Aggregate","Strategy": "Hashed","Partial Mode": "Simple","Parent Relationship": "Outer","Parallel Aware": false,"Async Capable": false,"Startup Cost": 65698.50,"Total Cost": 65700.50,"Plan Rows": 200,"Plan Width": 16,"Actual Startup Time": 6734.369,"Actual Total Time": 6734.411,"Actual Rows": 42,"Actual Loops": 1,"Group Key": ["count(orders.o_orderkey)"],"Planned Partitions": 0,"HashAgg Batches": 1,"Peak Memory Usage": 40,"Disk Usage": 0,"Plans": [{"Node Type": "Aggregate","Strategy": "Hashed","Partial Mode": "Simple","Parent Relationship": "Outer","Parallel Aware": false,"Async Capable": false,"Startup Cost": 61948.50,"Total Cost": 63448.50,"Plan Rows": 150000,"Plan Width": 12,"Actual Startup Time": 6542.374,"Actual Total Time": 6720.630,"Actual Rows": 150000,"Actual Loops": 1,"Group Key": ["customer.c_custkey"],"Planned Partitions": 0,"HashAgg Batches": 1,"Peak Memory Usage": 22545,"Disk Usage": 0,"Plans": [{"Node Type": "Hash Join","Parent Relationship": "Outer","Parallel Aware": false,"Async Capable": false,"Join Type": "Right","Startup Cost": 5781.42,"Total Cost": 54524.26,"Plan Rows": 1484848,"Plan Width": 8,"Actual Startup Time": 36.319,"Actual Total Time": 4621.827,"Actual Rows": 1533676,"Actual Loops": 1,"Inner Unique": true,"Hash Cond": "(orders.o_custkey = customer.c_custkey)","Plans": [{"Node Type": "Seq Scan","Parent Relationship": "Outer","Parallel Aware": false,"Async Capable": false,"Relation Name": "orders","Alias": "orders","Startup Cost": 0.00,"Total Cost": 44845.00,"Plan Rows": 1484848,"Plan Width": 8,"Actual Startup Time": 0.054,"Actual Total Time": 3196.487,"Actual Rows": 1483672,"Actual Loops": 1,"Filter": "((o_comment)::text !~~ '%express%requests%'::text)","Rows Removed by Filter": 16328},{"Node Type": "Hash","Parent Relationship": "Inner","Parallel Aware": false,"Async Capable": false,"Startup Cost": 3906.42,"Total Cost": 3906.42,"Plan Rows": 150000,"Plan Width": 4,"Actual Startup Time": 34.348,"Actual Total Time": 34.358,"Actual Rows": 150000,"Actual Loops": 1,"Hash Buckets": 262144,"Original Hash Buckets": 262144,"Hash Batches": 1,"Original Hash Batches": 1,"Peak Memory Usage": 7322,"Plans": [{"Node Type": "Index Only Scan","Parent Relationship": "Outer","Parallel Aware": false,"Async Capable": false,"Scan Direction": "Forward","Index Name": "customer_pkey","Relation Name": "customer","Alias": "customer","Startup Cost": 0.42,"Total Cost": 3906.42,"Plan Rows": 150000,"Plan Width": 4,"Actual Startup Time": 0.054,"Actual Total Time": 13.145,"Actual Rows": 150000,"Actual Loops": 1,"Heap Fetches": 0}]}]}]}]}]},"Planning Time": 4.493,"Triggers": [],"Execution Time": 6743.934}]
[{"Plan": {"Node Type": "Sort","Parallel Aware": false,"Async Capable": false,"Startup Cost": 65708.14,"Total Cost": 65708.64,"Plan Rows": 200,"Plan Width": 16,"Actual Startup Time": 6659.087,"Actual Total Time": 6659.155,"Actual Rows": 41,"Actual Loops": 1,"Sort Key": ["(count(*)) DESC", "(count(orders.o_orderkey)) DESC"],"Sort Method": "quicksort","Sort Space Used": 27,"Sort Space Type": "Memory","Plans": [{"Node Type": "Aggregate","Strategy": "Hashed","Partial Mode": "Simple","Parent Relationship": "Outer","Parallel Aware": false,"Async Capable": false,"Startup Cost": 65698.50,"Total Cost": 65700.50,"Plan Rows": 200,"Plan Width": 16,"Actual Startup Time": 6658.981,"Actual Total Time": 6659.057,"Actual Rows": 41,"Actual Loops": 1,"Group Key": ["count(orders.o_orderkey)"],"Planned Partitions": 0,"HashAgg Batches": 1,"Peak Memory Usage": 40,"Disk Usage": 0,"Plans": [{"Node Type": "Aggregate","Strategy": "Hashed","Partial Mode": "Simple","Parent Relationship": "Outer","Parallel Aware": false,"Async Capable": false,"Startup Cost": 61948.50,"Total Cost": 63448.50,"Plan Rows": 150000,"Plan Width": 12,"Actual Startup Time": 6480.209,"Actual Total Time": 6645.185,"Actual Rows": 150000,"Actual Loops": 1,"Group Key": ["customer.c_custkey"],"Planned Partitions": 0,"HashAgg Batches": 1,"Peak Memory Usage": 22545,"Disk Usage": 0,"Plans": [{"Node Type": "Hash Join","Parent Relationship": "Outer","Parallel Aware": false,"Async Capable": false,"Join Type": "Right","Startup Cost": 5781.42,"Total Cost": 54524.26,"Plan Rows": 1484848,"Plan Width": 8,"Actual Startup Time": 37.274,"Actual Total Time": 4547.015,"Actual Rows": 1533872,"Actual Loops": 1,"Inner Unique": true,"Hash Cond": "(orders.o_custkey = customer.c_custkey)","Plans": [{"Node Type": "Seq Scan","Parent Relationship": "Outer","Parallel Aware": false,"Async Capable": false,"Relation Name": "orders","Alias": "orders","Startup Cost": 0.00,"Total Cost": 44845.00,"Plan Rows": 1484848,"Plan Width": 8,"Actual Startup Time": 0.043,"Actual Total Time": 3085.028,"Actual Rows": 1483868,"Actual Loops": 1,"Filter": "((o_comment)::text !~~ '%unusual%deposits%'::text)","Rows Removed by Filter": 16132},{"Node Type": "Hash","Parent Relationship": "Inner","Parallel Aware": false,"Async Capable": false,"Startup Cost": 3906.42,"Total Cost": 3906.42,"Plan Rows": 150000,"Plan Width": 4,"Actual Startup Time": 35.508,"Actual Total Time": 35.530,"Actual Rows": 150000,"Actual Loops": 1,"Hash Buckets": 262144,"Original Hash Buckets": 262144,"Hash Batches": 1,"Original Hash Batches": 1,"Peak Memory Usage": 7322,"Plans": [{"Node Type": "Index Only Scan","Parent Relationship": "Outer","Parallel Aware": false,"Async Capable": false,"Scan Direction": "Forward","Index Name": "customer_pkey","Relation Name": "customer","Alias": "customer","Startup Cost": 0.42,"Total Cost": 3906.42,"Plan Rows": 150000,"Plan Width": 4,"Actual Startup Time": 0.053,"Actual Total Time": 13.448,"Actual Rows": 150000,"Actual Loops": 1,"Heap Fetches": 0}]}]}]}]}]},"Planning Time": 3.854,"Triggers": [],"Execution Time": 6671.834}]
[{"Plan": {"Node Type": "Sort","Parallel Aware": false,"Async Capable": false,"Startup Cost": 65708.14,"Total Cost": 65708.64,"Plan Rows": 200,"Plan Width": 16,"Actual Startup Time": 6706.121,"Actual Total Time": 6706.163,"Actual Rows": 42,"Actual Loops": 1,"Sort Key": ["(count(*)) DESC", "(count(orders.o_orderkey)) DESC"],"Sort Method": "quicksort","Sort Space Used": 27,"Sort Space Type": "Memory","Plans": [{"Node Type": "Aggregate","Strategy": "Hashed","Partial Mode": "Simple","Parent Relationship": "Outer","Parallel Aware": false,"Async Capable": false,"Startup Cost": 65698.50,"Total Cost": 65700.50,"Plan Rows": 200,"Plan Width": 16,"Actual Startup Time": 6706.048,"Actual Total Time": 6706.098,"Actual Rows": 42,"Actual Loops": 1,"Group Key": ["count(orders.o_orderkey)"],"Planned Partitions": 0,"HashAgg Batches": 1,"Peak Memory Usage": 40,"Disk Usage": 0,"Plans": [{"Node Type": "Aggregate","Strategy": "Hashed","Partial Mode": "Simple","Parent Relationship": "Outer","Parallel Aware": false,"Async Capable": false,"Startup Cost": 61948.50,"Total Cost": 63448.50,"Plan Rows": 150000,"Plan Width": 12,"Actual Startup Time": 6534.914,"Actual Total Time": 6692.300,"Actual Rows": 150000,"Actual Loops": 1,"Group Key": ["customer.c_custkey"],"Planned Partitions": 0,"HashAgg Batches": 1,"Peak Memory Usage": 22545,"Disk Usage": 0,"Plans": [{"Node Type": "Hash Join","Parent Relationship": "Outer","Parallel Aware": false,"Async Capable": false,"Join Type": "Right","Startup Cost": 5781.42,"Total Cost": 54524.26,"Plan Rows": 1484848,"Plan Width": 8,"Actual Startup Time": 35.450,"Actual Total Time": 4617.784,"Actual Rows": 1533791,"Actual Loops": 1,"Inner Unique": true,"Hash Cond": "(orders.o_custkey = customer.c_custkey)","Plans": [{"Node Type": "Seq Scan","Parent Relationship": "Outer","Parallel Aware": false,"Async Capable": false,"Relation Name": "orders","Alias": "orders","Startup Cost": 0.00,"Total Cost": 44845.00,"Plan Rows": 1484848,"Plan Width": 8,"Actual Startup Time": 0.045,"Actual Total Time": 3189.289,"Actual Rows": 1483787,"Actual Loops": 1,"Filter": "((o_comment)::text !~~ '%unusual%packages%'::text)","Rows Removed by Filter": 16213},{"Node Type": "Hash","Parent Relationship": "Inner","Parallel Aware": false,"Async Capable": false,"Startup Cost": 3906.42,"Total Cost": 3906.42,"Plan Rows": 150000,"Plan Width": 4,"Actual Startup Time": 33.722,"Actual Total Time": 33.741,"Actual Rows": 150000,"Actual Loops": 1,"Hash Buckets": 262144,"Original Hash Buckets": 262144,"Hash Batches": 1,"Original Hash Batches": 1,"Peak Memory Usage": 7322,"Plans": [{"Node Type": "Index Only Scan","Parent Relationship": "Outer","Parallel Aware": false,"Async Capable": false,"Scan Direction": "Forward","Index Name": "customer_pkey","Relation Name": "customer","Alias": "customer","Startup Cost": 0.42,"Total Cost": 3906.42,"Plan Rows": 150000,"Plan Width": 4,"Actual Startup Time": 0.040,"Actual Total Time": 13.017,"Actual Rows": 150000,"Actual Loops": 1,"Heap Fetches": 0}]}]}]}]}]},"Planning Time": 3.840,"Triggers": [],"Execution Time": 6714.032}]
[{"Plan": {"Node Type": "Sort","Parallel Aware": false,"Async Capable": false,"Startup Cost": 65822.53,"Total Cost": 65823.03,"Plan Rows": 200,"Plan Width": 16,"Actual Startup Time": 6789.356,"Actual Total Time": 6789.385,"Actual Rows": 42,"Actual Loops": 1,"Sort Key": ["(count(*)) DESC", "(count(orders.o_orderkey)) DESC"],"Sort Method": "quicksort","Sort Space Used": 27,"Sort Space Type": "Memory","Plans": [{"Node Type": "Aggregate","Strategy": "Hashed","Partial Mode": "Simple","Parent Relationship": "Outer","Parallel Aware": false,"Async Capable": false,"Startup Cost": 65812.89,"Total Cost": 65814.89,"Plan Rows": 200,"Plan Width": 16,"Actual Startup Time": 6789.265,"Actual Total Time": 6789.304,"Actual Rows": 42,"Actual Loops": 1,"Group Key": ["count(orders.o_orderkey)"],"Planned Partitions": 0,"HashAgg Batches": 1,"Peak Memory Usage": 40,"Disk Usage": 0,"Plans": [{"Node Type": "Aggregate","Strategy": "Hashed","Partial Mode": "Simple","Parent Relationship": "Outer","Parallel Aware": false,"Async Capable": false,"Startup Cost": 62062.89,"Total Cost": 63562.89,"Plan Rows": 150000,"Plan Width": 12,"Actual Startup Time": 6597.323,"Actual Total Time": 6775.519,"Actual Rows": 150000,"Actual Loops": 1,"Group Key": ["customer.c_custkey"],"Planned Partitions": 0,"HashAgg Batches": 1,"Peak Memory Usage": 22545,"Disk Usage": 0,"Plans": [{"Node Type": "Hash Join","Parent Relationship": "Outer","Parallel Aware": false,"Async Capable": false,"Join Type": "Right","Startup Cost": 5781.42,"Total Cost": 54563.64,"Plan Rows": 1499850,"Plan Width": 8,"Actual Startup Time": 45.919,"Actual Total Time": 4674.391,"Actual Rows": 1534025,"Actual Loops": 1,"Inner Unique": true,"Hash Cond": "(orders.o_custkey = customer.c_custkey)","Plans": [{"Node Type": "Seq Scan","Parent Relationship": "Outer","Parallel Aware": false,"Async Capable": false,"Relation Name": "orders","Alias": "orders","Startup Cost": 0.00,"Total Cost": 44845.00,"Plan Rows": 1499850,"Plan Width": 8,"Actual Startup Time": 0.049,"Actual Total Time": 3245.830,"Actual Rows": 1484020,"Actual Loops": 1,"Filter": "((o_comment)::text !~~ '%express%deposits%'::text)","Rows Removed by Filter": 15980},{"Node Type": "Hash","Parent Relationship": "Inner","Parallel Aware": false,"Async Capable": false,"Startup Cost": 3906.42,"Total Cost": 3906.42,"Plan Rows": 150000,"Plan Width": 4,"Actual Startup Time": 44.047,"Actual Total Time": 44.059,"Actual Rows": 150000,"Actual Loops": 1,"Hash Buckets": 262144,"Original Hash Buckets": 262144,"Hash Batches": 1,"Original Hash Batches": 1,"Peak Memory Usage": 7322,"Plans": [{"Node Type": "Index Only Scan","Parent Relationship": "Outer","Parallel Aware": false,"Async Capable": false,"Scan Direction": "Forward","Index Name": "customer_pkey","Relation Name": "customer","Alias": "customer","Startup Cost": 0.42,"Total Cost": 3906.42,"Plan Rows": 150000,"Plan Width": 4,"Actual Startup Time": 0.049,"Actual Total Time": 21.219,"Actual Rows": 150000,"Actual Loops": 1,"Heap Fetches": 0}]}]}]}]}]},"Planning Time": 4.349,"Triggers": [],"Execution Time": 6798.388}]
[{"Plan": {"Node Type": "Sort","Parallel Aware": false,"Async Capable": false,"Startup Cost": 65822.53,"Total Cost": 65823.03,"Plan Rows": 200,"Plan Width": 16,"Actual Startup Time": 5956.637,"Actual Total Time": 5956.675,"Actual Rows": 42,"Actual Loops": 1,"Sort Key": ["(count(*)) DESC", "(count(orders.o_orderkey)) DESC"],"Sort Method": "quicksort","Sort Space Used": 27,"Sort Space Type": "Memory","Plans": [{"Node Type": "Aggregate","Strategy": "Hashed","Partial Mode": "Simple","Parent Relationship": "Outer","Parallel Aware": false,"Async Capable": false,"Startup Cost": 65812.89,"Total Cost": 65814.89,"Plan Rows": 200,"Plan Width": 16,"Actual Startup Time": 5956.548,"Actual Total Time": 5956.590,"Actual Rows": 42,"Actual Loops": 1,"Group Key": ["count(orders.o_orderkey)"],"Planned Partitions": 0,"HashAgg Batches": 1,"Peak Memory Usage": 40,"Disk Usage": 0,"Plans": [{"Node Type": "Aggregate","Strategy": "Hashed","Partial Mode": "Simple","Parent Relationship": "Outer","Parallel Aware": false,"Async Capable": false,"Startup Cost": 62062.89,"Total Cost": 63562.89,"Plan Rows": 150000,"Plan Width": 12,"Actual Startup Time": 5763.184,"Actual Total Time": 5942.838,"Actual Rows": 150000,"Actual Loops": 1,"Group Key": ["customer.c_custkey"],"Planned Partitions": 0,"HashAgg Batches": 1,"Peak Memory Usage": 22545,"Disk Usage": 0,"Plans": [{"Node Type": "Hash Join","Parent Relationship": "Outer","Parallel Aware": false,"Async Capable": false,"Join Type": "Right","Startup Cost": 5781.42,"Total Cost": 54563.64,"Plan Rows": 1499850,"Plan Width": 8,"Actual Startup Time": 38.566,"Actual Total Time": 3955.732,"Actual Rows": 1533620,"Actual Loops": 1,"Inner Unique": true,"Hash Cond": "(orders.o_custkey = customer.c_custkey)","Plans": [{"Node Type": "Seq Scan","Parent Relationship": "Outer","Parallel Aware": false,"Async Capable": false,"Relation Name": "orders","Alias": "orders","Startup Cost": 0.00,"Total Cost": 44845.00,"Plan Rows": 1499850,"Plan Width": 8,"Actual Startup Time": 0.052,"Actual Total Time": 2713.562,"Actual Rows": 1483615,"Actual Loops": 1,"Filter": "((o_comment)::text !~~ '%pending%accounts%'::text)","Rows Removed by Filter": 16385},{"Node Type": "Hash","Parent Relationship": "Inner","Parallel Aware": false,"Async Capable": false,"Startup Cost": 3906.42,"Total Cost": 3906.42,"Plan Rows": 150000,"Plan Width": 4,"Actual Startup Time": 36.530,"Actual Total Time": 36.543,"Actual Rows": 150000,"Actual Loops": 1,"Hash Buckets": 262144,"Original Hash Buckets": 262144,"Hash Batches": 1,"Original Hash Batches": 1,"Peak Memory Usage": 7322,"Plans": [{"Node Type": "Index Only Scan","Parent Relationship": "Outer","Parallel Aware": false,"Async Capable": false,"Scan Direction": "Forward","Index Name": "customer_pkey","Relation Name": "customer","Alias": "customer","Startup Cost": 0.42,"Total Cost": 3906.42,"Plan Rows": 150000,"Plan Width": 4,"Actual Startup Time": 0.036,"Actual Total Time": 14.278,"Actual Rows": 150000,"Actual Loops": 1,"Heap Fetches": 0}]}]}]}]}]},"Planning Time": 3.568,"Triggers": [],"Execution Time": 5966.474}]
[{"Plan": {"Node Type": "Sort","Parallel Aware": false,"Async Capable": false,"Startup Cost": 65822.53,"Total Cost": 65823.03,"Plan Rows": 200,"Plan Width": 16,"Actual Startup Time": 6650.964,"Actual Total Time": 6651.000,"Actual Rows": 42,"Actual Loops": 1,"Sort Key": ["(count(*)) DESC", "(count(orders.o_orderkey)) DESC"],"Sort Method": "quicksort","Sort Space Used": 27,"Sort Space Type": "Memory","Plans": [{"Node Type": "Aggregate","Strategy": "Hashed","Partial Mode": "Simple","Parent Relationship": "Outer","Parallel Aware": false,"Async Capable": false,"Startup Cost": 65812.89,"Total Cost": 65814.89,"Plan Rows": 200,"Plan Width": 16,"Actual Startup Time": 6650.893,"Actual Total Time": 6650.940,"Actual Rows": 42,"Actual Loops": 1,"Group Key": ["count(orders.o_orderkey)"],"Planned Partitions": 0,"HashAgg Batches": 1,"Peak Memory Usage": 40,"Disk Usage": 0,"Plans": [{"Node Type": "Aggregate","Strategy": "Hashed","Partial Mode": "Simple","Parent Relationship": "Outer","Parallel Aware": false,"Async Capable": false,"Startup Cost": 62062.89,"Total Cost": 63562.89,"Plan Rows": 150000,"Plan Width": 12,"Actual Startup Time": 6477.408,"Actual Total Time": 6637.150,"Actual Rows": 150000,"Actual Loops": 1,"Group Key": ["customer.c_custkey"],"Planned Partitions": 0,"HashAgg Batches": 1,"Peak Memory Usage": 22545,"Disk Usage": 0,"Plans": [{"Node Type": "Hash Join","Parent Relationship": "Outer","Parallel Aware": false,"Async Capable": false,"Join Type": "Right","Startup Cost": 5781.42,"Total Cost": 54563.64,"Plan Rows": 1499850,"Plan Width": 8,"Actual Startup Time": 36.551,"Actual Total Time": 4552.506,"Actual Rows": 1533843,"Actual Loops": 1,"Inner Unique": true,"Hash Cond": "(orders.o_custkey = customer.c_custkey)","Plans": [{"Node Type": "Seq Scan","Parent Relationship": "Outer","Parallel Aware": false,"Async Capable": false,"Relation Name": "orders","Alias": "orders","Startup Cost": 0.00,"Total Cost": 44845.00,"Plan Rows": 1499850,"Plan Width": 8,"Actual Startup Time": 0.044,"Actual Total Time": 3147.620,"Actual Rows": 1483839,"Actual Loops": 1,"Filter": "((o_comment)::text !~~ '%pending%deposits%'::text)","Rows Removed by Filter": 16161},{"Node Type": "Hash","Parent Relationship": "Inner","Parallel Aware": false,"Async Capable": false,"Startup Cost": 3906.42,"Total Cost": 3906.42,"Plan Rows": 150000,"Plan Width": 4,"Actual Startup Time": 34.769,"Actual Total Time": 34.783,"Actual Rows": 150000,"Actual Loops": 1,"Hash Buckets": 262144,"Original Hash Buckets": 262144,"Hash Batches": 1,"Original Hash Batches": 1,"Peak Memory Usage": 7322,"Plans": [{"Node Type": "Index Only Scan","Parent Relationship": "Outer","Parallel Aware": false,"Async Capable": false,"Scan Direction": "Forward","Index Name": "customer_pkey","Relation Name": "customer","Alias": "customer","Startup Cost": 0.42,"Total Cost": 3906.42,"Plan Rows": 150000,"Plan Width": 4,"Actual Startup Time": 0.065,"Actual Total Time": 13.424,"Actual Rows": 150000,"Actual Loops": 1,"Heap Fetches": 0}]}]}]}]}]},"Planning Time": 3.594,"Triggers": [],"Execution Time": 6658.782}]
[{"Plan": {"Node Type": "Sort","Parallel Aware": false,"Async Capable": false,"Startup Cost": 65708.14,"Total Cost": 65708.64,"Plan Rows": 200,"Plan Width": 16,"Actual Startup Time": 6009.895,"Actual Total Time": 6009.932,"Actual Rows": 42,"Actual Loops": 1,"Sort Key": ["(count(*)) DESC", "(count(orders.o_orderkey)) DESC"],"Sort Method": "quicksort","Sort Space Used": 27,"Sort Space Type": "Memory","Plans": [{"Node Type": "Aggregate","Strategy": "Hashed","Partial Mode": "Simple","Parent Relationship": "Outer","Parallel Aware": false,"Async Capable": false,"Startup Cost": 65698.50,"Total Cost": 65700.50,"Plan Rows": 200,"Plan Width": 16,"Actual Startup Time": 6009.807,"Actual Total Time": 6009.848,"Actual Rows": 42,"Actual Loops": 1,"Group Key": ["count(orders.o_orderkey)"],"Planned Partitions": 0,"HashAgg Batches": 1,"Peak Memory Usage": 40,"Disk Usage": 0,"Plans": [{"Node Type": "Aggregate","Strategy": "Hashed","Partial Mode": "Simple","Parent Relationship": "Outer","Parallel Aware": false,"Async Capable": false,"Startup Cost": 61948.50,"Total Cost": 63448.50,"Plan Rows": 150000,"Plan Width": 12,"Actual Startup Time": 5831.373,"Actual Total Time": 5996.054,"Actual Rows": 150000,"Actual Loops": 1,"Group Key": ["customer.c_custkey"],"Planned Partitions": 0,"HashAgg Batches": 1,"Peak Memory Usage": 22545,"Disk Usage": 0,"Plans": [{"Node Type": "Hash Join","Parent Relationship": "Outer","Parallel Aware": false,"Async Capable": false,"Join Type": "Right","Startup Cost": 5781.42,"Total Cost": 54524.26,"Plan Rows": 1484848,"Plan Width": 8,"Actual Startup Time": 39.338,"Actual Total Time": 3994.258,"Actual Rows": 1533903,"Actual Loops": 1,"Inner Unique": true,"Hash Cond": "(orders.o_custkey = customer.c_custkey)","Plans": [{"Node Type": "Seq Scan","Parent Relationship": "Outer","Parallel Aware": false,"Async Capable": false,"Relation Name": "orders","Alias": "orders","Startup Cost": 0.00,"Total Cost": 44845.00,"Plan Rows": 1484848,"Plan Width": 8,"Actual Startup Time": 0.067,"Actual Total Time": 2735.690,"Actual Rows": 1483898,"Actual Loops": 1,"Filter": "((o_comment)::text !~~ '%pending%packages%'::text)","Rows Removed by Filter": 16102},{"Node Type": "Hash","Parent Relationship": "Inner","Parallel Aware": false,"Async Capable": false,"Startup Cost": 3906.42,"Total Cost": 3906.42,"Plan Rows": 150000,"Plan Width": 4,"Actual Startup Time": 37.449,"Actual Total Time": 37.461,"Actual Rows": 150000,"Actual Loops": 1,"Hash Buckets": 262144,"Original Hash Buckets": 262144,"Hash Batches": 1,"Original Hash Batches": 1,"Peak Memory Usage": 7322,"Plans": [{"Node Type": "Index Only Scan","Parent Relationship": "Outer","Parallel Aware": false,"Async Capable": false,"Scan Direction": "Forward","Index Name": "customer_pkey","Relation Name": "customer","Alias": "customer","Startup Cost": 0.42,"Total Cost": 3906.42,"Plan Rows": 150000,"Plan Width": 4,"Actual Startup Time": 0.047,"Actual Total Time": 14.301,"Actual Rows": 150000,"Actual Loops": 1,"Heap Fetches": 0}]}]}]}]}]},"Planning Time": 4.405,"Triggers": [],"Execution Time": 6018.249}]
[{"Plan": {"Node Type": "Sort","Parallel Aware": false,"Async Capable": false,"Startup Cost": 65822.53,"Total Cost": 65823.03,"Plan Rows": 200,"Plan Width": 16,"Actual Startup Time": 6096.807,"Actual Total Time": 6096.851,"Actual Rows": 42,"Actual Loops": 1,"Sort Key": ["(count(*)) DESC", "(count(orders.o_orderkey)) DESC"],"Sort Method": "quicksort","Sort Space Used": 27,"Sort Space Type": "Memory","Plans": [{"Node Type": "Aggregate","Strategy": "Hashed","Partial Mode": "Simple","Parent Relationship": "Outer","Parallel Aware": false,"Async Capable": false,"Startup Cost": 65812.89,"Total Cost": 65814.89,"Plan Rows": 200,"Plan Width": 16,"Actual Startup Time": 6096.707,"Actual Total Time": 6096.758,"Actual Rows": 42,"Actual Loops": 1,"Group Key": ["count(orders.o_orderkey)"],"Planned Partitions": 0,"HashAgg Batches": 1,"Peak Memory Usage": 40,"Disk Usage": 0,"Plans": [{"Node Type": "Aggregate","Strategy": "Hashed","Partial Mode": "Simple","Parent Relationship": "Outer","Parallel Aware": false,"Async Capable": false,"Startup Cost": 62062.89,"Total Cost": 63562.89,"Plan Rows": 150000,"Plan Width": 12,"Actual Startup Time": 5900.364,"Actual Total Time": 6082.949,"Actual Rows": 150000,"Actual Loops": 1,"Group Key": ["customer.c_custkey"],"Planned Partitions": 0,"HashAgg Batches": 1,"Peak Memory Usage": 22545,"Disk Usage": 0,"Plans": [{"Node Type": "Hash Join","Parent Relationship": "Outer","Parallel Aware": false,"Async Capable": false,"Join Type": "Right","Startup Cost": 5781.42,"Total Cost": 54563.64,"Plan Rows": 1499850,"Plan Width": 8,"Actual Startup Time": 38.105,"Actual Total Time": 4090.394,"Actual Rows": 1533835,"Actual Loops": 1,"Inner Unique": true,"Hash Cond": "(orders.o_custkey = customer.c_custkey)","Plans": [{"Node Type": "Seq Scan","Parent Relationship": "Outer","Parallel Aware": false,"Async Capable": false,"Relation Name": "orders","Alias": "orders","Startup Cost": 0.00,"Total Cost": 44845.00,"Plan Rows": 1499850,"Plan Width": 8,"Actual Startup Time": 0.059,"Actual Total Time": 2844.303,"Actual Rows": 1483831,"Actual Loops": 1,"Filter": "((o_comment)::text !~~ '%special%accounts%'::text)","Rows Removed by Filter": 16169},{"Node Type": "Hash","Parent Relationship": "Inner","Parallel Aware": false,"Async Capable": false,"Startup Cost": 3906.42,"Total Cost": 3906.42,"Plan Rows": 150000,"Plan Width": 4,"Actual Startup Time": 36.335,"Actual Total Time": 36.352,"Actual Rows": 150000,"Actual Loops": 1,"Hash Buckets": 262144,"Original Hash Buckets": 262144,"Hash Batches": 1,"Original Hash Batches": 1,"Peak Memory Usage": 7322,"Plans": [{"Node Type": "Index Only Scan","Parent Relationship": "Outer","Parallel Aware": false,"Async Capable": false,"Scan Direction": "Forward","Index Name": "customer_pkey","Relation Name": "customer","Alias": "customer","Startup Cost": 0.42,"Total Cost": 3906.42,"Plan Rows": 150000,"Plan Width": 4,"Actual Startup Time": 0.048,"Actual Total Time": 14.414,"Actual Rows": 150000,"Actual Loops": 1,"Heap Fetches": 0}]}]}]}]}]},"Planning Time": 3.409,"Triggers": [],"Execution Time": 6107.560}]
[{"Plan": {"Node Type": "Sort","Parallel Aware": false,"Async Capable": false,"Startup Cost": 65708.14,"Total Cost": 65708.64,"Plan Rows": 200,"Plan Width": 16,"Actual Startup Time": 6734.447,"Actual Total Time": 6734.481,"Actual Rows": 42,"Actual Loops": 1,"Sort Key": ["(count(*)) DESC", "(count(orders.o_orderkey)) DESC"],"Sort Method": "quicksort","Sort Space Used": 27,"Sort Space Type": "Memory","Plans": [{"Node Type": "Aggregate","Strategy": "Hashed","Partial Mode": "Simple","Parent Relationship": "Outer","Parallel Aware": false,"Async Capable": false,"Startup Cost": 65698.50,"Total Cost": 65700.50,"Plan Rows": 200,"Plan Width": 16,"Actual Startup Time": 6734.369,"Actual Total Time": 6734.411,"Actual Rows": 42,"Actual Loops": 1,"Group Key": ["count(orders.o_orderkey)"],"Planned Partitions": 0,"HashAgg Batches": 1,"Peak Memory Usage": 40,"Disk Usage": 0,"Plans": [{"Node Type": "Aggregate","Strategy": "Hashed","Partial Mode": "Simple","Parent Relationship": "Outer","Parallel Aware": false,"Async Capable": false,"Startup Cost": 61948.50,"Total Cost": 63448.50,"Plan Rows": 150000,"Plan Width": 12,"Actual Startup Time": 6542.374,"Actual Total Time": 6720.630,"Actual Rows": 150000,"Actual Loops": 1,"Group Key": ["customer.c_custkey"],"Planned Partitions": 0,"HashAgg Batches": 1,"Peak Memory Usage": 22545,"Disk Usage": 0,"Plans": [{"Node Type": "Hash Join","Parent Relationship": "Outer","Parallel Aware": false,"Async Capable": false,"Join Type": "Right","Startup Cost": 5781.42,"Total Cost": 54524.26,"Plan Rows": 1484848,"Plan Width": 8,"Actual Startup Time": 36.319,"Actual Total Time": 4621.827,"Actual Rows": 1533676,"Actual Loops": 1,"Inner Unique": true,"Hash Cond": "(orders.o_custkey = customer.c_custkey)","Plans": [{"Node Type": "Seq Scan","Parent Relationship": "Outer","Parallel Aware": false,"Async Capable": false,"Relation Name": "orders","Alias": "orders","Startup Cost": 0.00,"Total Cost": 44845.00,"Plan Rows": 1484848,"Plan Width": 8,"Actual Startup Time": 0.054,"Actual Total Time": 3196.487,"Actual Rows": 1483672,"Actual Loops": 1,"Filter": "((o_comment)::text !~~ '%express%requests%'::text)","Rows Removed by Filter": 16328},{"Node Type": "Hash","Parent Relationship": "Inner","Parallel Aware": false,"Async Capable": false,"Startup Cost": 3906.42,"Total Cost": 3906.42,"Plan Rows": 150000,"Plan Width": 4,"Actual Startup Time": 34.348,"Actual Total Time": 34.358,"Actual Rows": 150000,"Actual Loops": 1,"Hash Buckets": 262144,"Original Hash Buckets": 262144,"Hash Batches": 1,"Original Hash Batches": 1,"Peak Memory Usage": 7322,"Plans": [{"Node Type": "Index Only Scan","Parent Relationship": "Outer","Parallel Aware": false,"Async Capable": false,"Scan Direction": "Forward","Index Name": "customer_pkey","Relation Name": "customer","Alias": "customer","Startup Cost": 0.42,"Total Cost": 3906.42,"Plan Rows": 150000,"Plan Width": 4,"Actual Startup Time": 0.054,"Actual Total Time": 13.145,"Actual Rows": 150000,"Actual Loops": 1,"Heap Fetches": 0}]}]}]}]}]},"Planning Time": 4.493,"Triggers": [],"Execution Time": 6743.934}]
[{"Plan": {"Node Type": "Sort","Parallel Aware": false,"Async Capable": false,"Startup Cost": 65708.14,"Total Cost": 65708.64,"Plan Rows": 200,"Plan Width": 16,"Actual Startup Time": 6706.121,"Actual Total Time": 6706.163,"Actual Rows": 42,"Actual Loops": 1,"Sort Key": ["(count(*)) DESC", "(count(orders.o_orderkey)) DESC"],"Sort Method": "quicksort","Sort Space Used": 27,"Sort Space Type": "Memory","Plans": [{"Node Type": "Aggregate","Strategy": "Hashed","Partial Mode": "Simple","Parent Relationship": "Outer","Parallel Aware": false,"Async Capable": false,"Startup Cost": 65698.50,"Total Cost": 65700.50,"Plan Rows": 200,"Plan Width": 16,"Actual Startup Time": 6706.048,"Actual Total Time": 6706.098,"Actual Rows": 42,"Actual Loops": 1,"Group Key": ["count(orders.o_orderkey)"],"Planned Partitions": 0,"HashAgg Batches": 1,"Peak Memory Usage": 40,"Disk Usage": 0,"Plans": [{"Node Type": "Aggregate","Strategy": "Hashed","Partial Mode": "Simple","Parent Relationship": "Outer","Parallel Aware": false,"Async Capable": false,"Startup Cost": 61948.50,"Total Cost": 63448.50,"Plan Rows": 150000,"Plan Width": 12,"Actual Startup Time": 6534.914,"Actual Total Time": 6692.300,"Actual Rows": 150000,"Actual Loops": 1,"Group Key": ["customer.c_custkey"],"Planned Partitions": 0,"HashAgg Batches": 1,"Peak Memory Usage": 22545,"Disk Usage": 0,"Plans": [{"Node Type": "Hash Join","Parent Relationship": "Outer","Parallel Aware": false,"Async Capable": false,"Join Type": "Right","Startup Cost": 5781.42,"Total Cost": 54524.26,"Plan Rows": 1484848,"Plan Width": 8,"Actual Startup Time": 35.450,"Actual Total Time": 4617.784,"Actual Rows": 1533791,"Actual Loops": 1,"Inner Unique": true,"Hash Cond": "(orders.o_custkey = customer.c_custkey)","Plans": [{"Node Type": "Seq Scan","Parent Relationship": "Outer","Parallel Aware": false,"Async Capable": false,"Relation Name": "orders","Alias": "orders","Startup Cost": 0.00,"Total Cost": 44845.00,"Plan Rows": 1484848,"Plan Width": 8,"Actual Startup Time": 0.045,"Actual Total Time": 3189.289,"Actual Rows": 1483787,"Actual Loops": 1,"Filter": "((o_comment)::text !~~ '%unusual%packages%'::text)","Rows Removed by Filter": 16213},{"Node Type": "Hash","Parent Relationship": "Inner","Parallel Aware": false,"Async Capable": false,"Startup Cost": 3906.42,"Total Cost": 3906.42,"Plan Rows": 150000,"Plan Width": 4,"Actual Startup Time": 33.722,"Actual Total Time": 33.741,"Actual Rows": 150000,"Actual Loops": 1,"Hash Buckets": 262144,"Original Hash Buckets": 262144,"Hash Batches": 1,"Original Hash Batches": 1,"Peak Memory Usage": 7322,"Plans": [{"Node Type": "Index Only Scan","Parent Relationship": "Outer","Parallel Aware": false,"Async Capable": false,"Scan Direction": "Forward","Index Name": "customer_pkey","Relation Name": "customer","Alias": "customer","Startup Cost": 0.42,"Total Cost": 3906.42,"Plan Rows": 150000,"Plan Width": 4,"Actual Startup Time": 0.040,"Actual Total Time": 13.017,"Actual Rows": 150000,"Actual Loops": 1,"Heap Fetches": 0}]}]}]}]}]},"Planning Time": 3.840,"Triggers": [],"Execution Time": 6714.032}]
[{"Plan": {"Node Type": "Sort","Parallel Aware": false,"Async Capable": false,"Startup Cost": 65592.61,"Total Cost": 65593.11,"Plan Rows": 200,"Plan Width": 16,"Actual Startup Time": 6042.914,"Actual Total Time": 6042.954,"Actual Rows": 42,"Actual Loops": 1,"Sort Key": ["(count(*)) DESC", "(count(orders.o_orderkey)) DESC"],"Sort Method": "quicksort","Sort Space Used": 27,"Sort Space Type": "Memory","Plans": [{"Node Type": "Aggregate","Strategy": "Hashed","Partial Mode": "Simple","Parent Relationship": "Outer","Parallel Aware": false,"Async Capable": false,"Startup Cost": 65582.97,"Total Cost": 65584.97,"Plan Rows": 200,"Plan Width": 16,"Actual Startup Time": 6042.802,"Actual Total Time": 6042.854,"Actual Rows": 42,"Actual Loops": 1,"Group Key": ["count(orders.o_orderkey)"],"Planned Partitions": 0,"HashAgg Batches": 1,"Peak Memory Usage": 40,"Disk Usage": 0,"Plans": [{"Node Type": "Aggregate","Strategy": "Hashed","Partial Mode": "Simple","Parent Relationship": "Outer","Parallel Aware": false,"Async Capable": false,"Startup Cost": 61832.97,"Total Cost": 63332.97,"Plan Rows": 150000,"Plan Width": 12,"Actual Startup Time": 5848.968,"Actual Total Time": 6029.049,"Actual Rows": 150000,"Actual Loops": 1,"Group Key": ["customer.c_custkey"],"Planned Partitions": 0,"HashAgg Batches": 1,"Peak Memory Usage": 22545,"Disk Usage": 0,"Plans": [{"Node Type": "Hash Join","Parent Relationship": "Outer","Parallel Aware": false,"Async Capable": false,"Join Type": "Right","Startup Cost": 5781.42,"Total Cost": 54484.49,"Plan Rows": 1469697,"Plan Width": 8,"Actual Startup Time": 38.540,"Actual Total Time": 4039.691,"Actual Rows": 1534055,"Actual Loops": 1,"Inner Unique": true,"Hash Cond": "(orders.o_custkey = customer.c_custkey)","Plans": [{"Node Type": "Seq Scan","Parent Relationship": "Outer","Parallel Aware": false,"Async Capable": false,"Relation Name": "orders","Alias": "orders","Startup Cost": 0.00,"Total Cost": 44845.00,"Plan Rows": 1469697,"Plan Width": 8,"Actual Startup Time": 0.061,"Actual Total Time": 2797.159,"Actual Rows": 1484051,"Actual Loops": 1,"Filter": "((o_comment)::text !~~ '%special%packages%'::text)","Rows Removed by Filter": 15949},{"Node Type": "Hash","Parent Relationship": "Inner","Parallel Aware": false,"Async Capable": false,"Startup Cost": 3906.42,"Total Cost": 3906.42,"Plan Rows": 150000,"Plan Width": 4,"Actual Startup Time": 36.593,"Actual Total Time": 36.607,"Actual Rows": 150000,"Actual Loops": 1,"Hash Buckets": 262144,"Original Hash Buckets": 262144,"Hash Batches": 1,"Original Hash Batches": 1,"Peak Memory Usage": 7322,"Plans": [{"Node Type": "Index Only Scan","Parent Relationship": "Outer","Parallel Aware": false,"Async Capable": false,"Scan Direction": "Forward","Index Name": "customer_pkey","Relation Name": "customer","Alias": "customer","Startup Cost": 0.42,"Total Cost": 3906.42,"Plan Rows": 150000,"Plan Width": 4,"Actual Startup Time": 0.050,"Actual Total Time": 14.573,"Actual Rows": 150000,"Actual Loops": 1,"Heap Fetches": 0}]}]}]}]}]},"Planning Time": 3.383,"Triggers": [],"Execution Time": 6052.793}]
[{"Plan": {"Node Type": "Sort","Parallel Aware": false,"Async Capable": false,"Startup Cost": 65477.08,"Total Cost": 65477.58,"Plan Rows": 200,"Plan Width": 16,"Actual Startup Time": 6131.456,"Actual Total Time": 6131.495,"Actual Rows": 42,"Actual Loops": 1,"Sort Key": ["(count(*)) DESC", "(count(orders.o_orderkey)) DESC"],"Sort Method": "quicksort","Sort Space Used": 27,"Sort Space Type": "Memory","Plans": [{"Node Type": "Aggregate","Strategy": "Hashed","Partial Mode": "Simple","Parent Relationship": "Outer","Parallel Aware": false,"Async Capable": false,"Startup Cost": 65467.44,"Total Cost": 65469.44,"Plan Rows": 200,"Plan Width": 16,"Actual Startup Time": 6131.350,"Actual Total Time": 6131.398,"Actual Rows": 42,"Actual Loops": 1,"Group Key": ["count(orders.o_orderkey)"],"Planned Partitions": 0,"HashAgg Batches": 1,"Peak Memory Usage": 40,"Disk Usage": 0,"Plans": [{"Node Type": "Aggregate","Strategy": "Hashed","Partial Mode": "Simple","Parent Relationship": "Outer","Parallel Aware": false,"Async Capable": false,"Startup Cost": 61717.44,"Total Cost": 63217.44,"Plan Rows": 150000,"Plan Width": 12,"Actual Startup Time": 5953.045,"Actual Total Time": 6117.615,"Actual Rows": 150000,"Actual Loops": 1,"Group Key": ["customer.c_custkey"],"Planned Partitions": 0,"HashAgg Batches": 1,"Peak Memory Usage": 22545,"Disk Usage": 0,"Plans": [{"Node Type": "Hash Join","Parent Relationship": "Outer","Parallel Aware": false,"Async Capable": false,"Join Type": "Right","Startup Cost": 5781.42,"Total Cost": 54444.71,"Plan Rows": 1454545,"Plan Width": 8,"Actual Startup Time": 38.590,"Actual Total Time": 4109.614,"Actual Rows": 1533923,"Actual Loops": 1,"Inner Unique": true,"Hash Cond": "(orders.o_custkey = customer.c_custkey)","Plans": [{"Node Type": "Seq Scan","Parent Relationship": "Outer","Parallel Aware": false,"Async Capable": false,"Relation Name": "orders","Alias": "orders","Startup Cost": 0.00,"Total Cost": 44845.00,"Plan Rows": 1454545,"Plan Width": 8,"Actual Startup Time": 0.061,"Actual Total Time": 2840.022,"Actual Rows": 1483918,"Actual Loops": 1,"Filter": "((o_comment)::text !~~ '%special%requests%'::text)","Rows Removed by Filter": 16082},{"Node Type": "Hash","Parent Relationship": "Inner","Parallel Aware": false,"Async Capable": false,"Startup Cost": 3906.42,"Total Cost": 3906.42,"Plan Rows": 150000,"Plan Width": 4,"Actual Startup Time": 36.739,"Actual Total Time": 36.756,"Actual Rows": 150000,"Actual Loops": 1,"Hash Buckets": 262144,"Original Hash Buckets": 262144,"Hash Batches": 1,"Original Hash Batches": 1,"Peak Memory Usage": 7322,"Plans": [{"Node Type": "Index Only Scan","Parent Relationship": "Outer","Parallel Aware": false,"Async Capable": false,"Scan Direction": "Forward","Index Name": "customer_pkey","Relation Name": "customer","Alias": "customer","Startup Cost": 0.42,"Total Cost": 3906.42,"Plan Rows": 150000,"Plan Width": 4,"Actual Startup Time": 0.061,"Actual Total Time": 14.504,"Actual Rows": 150000,"Actual Loops": 1,"Heap Fetches": 0}]}]}]}]}]},"Planning Time": 3.536,"Triggers": [],"Execution Time": 6139.749}]
[{"Plan": {"Node Type": "Sort","Parallel Aware": false,"Async Capable": false,"Startup Cost": 65822.53,"Total Cost": 65823.03,"Plan Rows": 200,"Plan Width": 16,"Actual Startup Time": 6650.964,"Actual Total Time": 6651.000,"Actual Rows": 42,"Actual Loops": 1,"Sort Key": ["(count(*)) DESC", "(count(orders.o_orderkey)) DESC"],"Sort Method": "quicksort","Sort Space Used": 27,"Sort Space Type": "Memory","Plans": [{"Node Type": "Aggregate","Strategy": "Hashed","Partial Mode": "Simple","Parent Relationship": "Outer","Parallel Aware": false,"Async Capable": false,"Startup Cost": 65812.89,"Total Cost": 65814.89,"Plan Rows": 200,"Plan Width": 16,"Actual Startup Time": 6650.893,"Actual Total Time": 6650.940,"Actual Rows": 42,"Actual Loops": 1,"Group Key": ["count(orders.o_orderkey)"],"Planned Partitions": 0,"HashAgg Batches": 1,"Peak Memory Usage": 40,"Disk Usage": 0,"Plans": [{"Node Type": "Aggregate","Strategy": "Hashed","Partial Mode": "Simple","Parent Relationship": "Outer","Parallel Aware": false,"Async Capable": false,"Startup Cost": 62062.89,"Total Cost": 63562.89,"Plan Rows": 150000,"Plan Width": 12,"Actual Startup Time": 6477.408,"Actual Total Time": 6637.150,"Actual Rows": 150000,"Actual Loops": 1,"Group Key": ["customer.c_custkey"],"Planned Partitions": 0,"HashAgg Batches": 1,"Peak Memory Usage": 22545,"Disk Usage": 0,"Plans": [{"Node Type": "Hash Join","Parent Relationship": "Outer","Parallel Aware": false,"Async Capable": false,"Join Type": "Right","Startup Cost": 5781.42,"Total Cost": 54563.64,"Plan Rows": 1499850,"Plan Width": 8,"Actual Startup Time": 36.551,"Actual Total Time": 4552.506,"Actual Rows": 1533843,"Actual Loops": 1,"Inner Unique": true,"Hash Cond": "(orders.o_custkey = customer.c_custkey)","Plans": [{"Node Type": "Seq Scan","Parent Relationship": "Outer","Parallel Aware": false,"Async Capable": false,"Relation Name": "orders","Alias": "orders","Startup Cost": 0.00,"Total Cost": 44845.00,"Plan Rows": 1499850,"Plan Width": 8,"Actual Startup Time": 0.044,"Actual Total Time": 3147.620,"Actual Rows": 1483839,"Actual Loops": 1,"Filter": "((o_comment)::text !~~ '%pending%deposits%'::text)","Rows Removed by Filter": 16161},{"Node Type": "Hash","Parent Relationship": "Inner","Parallel Aware": false,"Async Capable": false,"Startup Cost": 3906.42,"Total Cost": 3906.42,"Plan Rows": 150000,"Plan Width": 4,"Actual Startup Time": 34.769,"Actual Total Time": 34.783,"Actual Rows": 150000,"Actual Loops": 1,"Hash Buckets": 262144,"Original Hash Buckets": 262144,"Hash Batches": 1,"Original Hash Batches": 1,"Peak Memory Usage": 7322,"Plans": [{"Node Type": "Index Only Scan","Parent Relationship": "Outer","Parallel Aware": false,"Async Capable": false,"Scan Direction": "Forward","Index Name": "customer_pkey","Relation Name": "customer","Alias": "customer","Startup Cost": 0.42,"Total Cost": 3906.42,"Plan Rows": 150000,"Plan Width": 4,"Actual Startup Time": 0.065,"Actual Total Time": 13.424,"Actual Rows": 150000,"Actual Loops": 1,"Heap Fetches": 0}]}]}]}]}]},"Planning Time": 3.594,"Triggers": [],"Execution Time": 6658.782}]
[{"Plan": {"Node Type": "Sort","Parallel Aware": false,"Async Capable": false,"Startup Cost": 65592.61,"Total Cost": 65593.11,"Plan Rows": 200,"Plan Width": 16,"Actual Startup Time": 6042.914,"Actual Total Time": 6042.954,"Actual Rows": 42,"Actual Loops": 1,"Sort Key": ["(count(*)) DESC", "(count(orders.o_orderkey)) DESC"],"Sort Method": "quicksort","Sort Space Used": 27,"Sort Space Type": "Memory","Plans": [{"Node Type": "Aggregate","Strategy": "Hashed","Partial Mode": "Simple","Parent Relationship": "Outer","Parallel Aware": false,"Async Capable": false,"Startup Cost": 65582.97,"Total Cost": 65584.97,"Plan Rows": 200,"Plan Width": 16,"Actual Startup Time": 6042.802,"Actual Total Time": 6042.854,"Actual Rows": 42,"Actual Loops": 1,"Group Key": ["count(orders.o_orderkey)"],"Planned Partitions": 0,"HashAgg Batches": 1,"Peak Memory Usage": 40,"Disk Usage": 0,"Plans": [{"Node Type": "Aggregate","Strategy": "Hashed","Partial Mode": "Simple","Parent Relationship": "Outer","Parallel Aware": false,"Async Capable": false,"Startup Cost": 61832.97,"Total Cost": 63332.97,"Plan Rows": 150000,"Plan Width": 12,"Actual Startup Time": 5848.968,"Actual Total Time": 6029.049,"Actual Rows": 150000,"Actual Loops": 1,"Group Key": ["customer.c_custkey"],"Planned Partitions": 0,"HashAgg Batches": 1,"Peak Memory Usage": 22545,"Disk Usage": 0,"Plans": [{"Node Type": "Hash Join","Parent Relationship": "Outer","Parallel Aware": false,"Async Capable": false,"Join Type": "Right","Startup Cost": 5781.42,"Total Cost": 54484.49,"Plan Rows": 1469697,"Plan Width": 8,"Actual Startup Time": 38.540,"Actual Total Time": 4039.691,"Actual Rows": 1534055,"Actual Loops": 1,"Inner Unique": true,"Hash Cond": "(orders.o_custkey = customer.c_custkey)","Plans": [{"Node Type": "Seq Scan","Parent Relationship": "Outer","Parallel Aware": false,"Async Capable": false,"Relation Name": "orders","Alias": "orders","Startup Cost": 0.00,"Total Cost": 44845.00,"Plan Rows": 1469697,"Plan Width": 8,"Actual Startup Time": 0.061,"Actual Total Time": 2797.159,"Actual Rows": 1484051,"Actual Loops": 1,"Filter": "((o_comment)::text !~~ '%special%packages%'::text)","Rows Removed by Filter": 15949},{"Node Type": "Hash","Parent Relationship": "Inner","Parallel Aware": false,"Async Capable": false,"Startup Cost": 3906.42,"Total Cost": 3906.42,"Plan Rows": 150000,"Plan Width": 4,"Actual Startup Time": 36.593,"Actual Total Time": 36.607,"Actual Rows": 150000,"Actual Loops": 1,"Hash Buckets": 262144,"Original Hash Buckets": 262144,"Hash Batches": 1,"Original Hash Batches": 1,"Peak Memory Usage": 7322,"Plans": [{"Node Type": "Index Only Scan","Parent Relationship": "Outer","Parallel Aware": false,"Async Capable": false,"Scan Direction": "Forward","Index Name": "customer_pkey","Relation Name": "customer","Alias": "customer","Startup Cost": 0.42,"Total Cost": 3906.42,"Plan Rows": 150000,"Plan Width": 4,"Actual Startup Time": 0.050,"Actual Total Time": 14.573,"Actual Rows": 150000,"Actual Loops": 1,"Heap Fetches": 0}]}]}]}]}]},"Planning Time": 3.383,"Triggers": [],"Execution Time": 6052.793}]
[{"Plan": {"Node Type": "Sort","Parallel Aware": false,"Async Capable": false,"Startup Cost": 65708.14,"Total Cost": 65708.64,"Plan Rows": 200,"Plan Width": 16,"Actual Startup Time": 6706.121,"Actual Total Time": 6706.163,"Actual Rows": 42,"Actual Loops": 1,"Sort Key": ["(count(*)) DESC", "(count(orders.o_orderkey)) DESC"],"Sort Method": "quicksort","Sort Space Used": 27,"Sort Space Type": "Memory","Plans": [{"Node Type": "Aggregate","Strategy": "Hashed","Partial Mode": "Simple","Parent Relationship": "Outer","Parallel Aware": false,"Async Capable": false,"Startup Cost": 65698.50,"Total Cost": 65700.50,"Plan Rows": 200,"Plan Width": 16,"Actual Startup Time": 6706.048,"Actual Total Time": 6706.098,"Actual Rows": 42,"Actual Loops": 1,"Group Key": ["count(orders.o_orderkey)"],"Planned Partitions": 0,"HashAgg Batches": 1,"Peak Memory Usage": 40,"Disk Usage": 0,"Plans": [{"Node Type": "Aggregate","Strategy": "Hashed","Partial Mode": "Simple","Parent Relationship": "Outer","Parallel Aware": false,"Async Capable": false,"Startup Cost": 61948.50,"Total Cost": 63448.50,"Plan Rows": 150000,"Plan Width": 12,"Actual Startup Time": 6534.914,"Actual Total Time": 6692.300,"Actual Rows": 150000,"Actual Loops": 1,"Group Key": ["customer.c_custkey"],"Planned Partitions": 0,"HashAgg Batches": 1,"Peak Memory Usage": 22545,"Disk Usage": 0,"Plans": [{"Node Type": "Hash Join","Parent Relationship": "Outer","Parallel Aware": false,"Async Capable": false,"Join Type": "Right","Startup Cost": 5781.42,"Total Cost": 54524.26,"Plan Rows": 1484848,"Plan Width": 8,"Actual Startup Time": 35.450,"Actual Total Time": 4617.784,"Actual Rows": 1533791,"Actual Loops": 1,"Inner Unique": true,"Hash Cond": "(orders.o_custkey = customer.c_custkey)","Plans": [{"Node Type": "Seq Scan","Parent Relationship": "Outer","Parallel Aware": false,"Async Capable": false,"Relation Name": "orders","Alias": "orders","Startup Cost": 0.00,"Total Cost": 44845.00,"Plan Rows": 1484848,"Plan Width": 8,"Actual Startup Time": 0.045,"Actual Total Time": 3189.289,"Actual Rows": 1483787,"Actual Loops": 1,"Filter": "((o_comment)::text !~~ '%unusual%packages%'::text)","Rows Removed by Filter": 16213},{"Node Type": "Hash","Parent Relationship": "Inner","Parallel Aware": false,"Async Capable": false,"Startup Cost": 3906.42,"Total Cost": 3906.42,"Plan Rows": 150000,"Plan Width": 4,"Actual Startup Time": 33.722,"Actual Total Time": 33.741,"Actual Rows": 150000,"Actual Loops": 1,"Hash Buckets": 262144,"Original Hash Buckets": 262144,"Hash Batches": 1,"Original Hash Batches": 1,"Peak Memory Usage": 7322,"Plans": [{"Node Type": "Index Only Scan","Parent Relationship": "Outer","Parallel Aware": false,"Async Capable": false,"Scan Direction": "Forward","Index Name": "customer_pkey","Relation Name": "customer","Alias": "customer","Startup Cost": 0.42,"Total Cost": 3906.42,"Plan Rows": 150000,"Plan Width": 4,"Actual Startup Time": 0.040,"Actual Total Time": 13.017,"Actual Rows": 150000,"Actual Loops": 1,"Heap Fetches": 0}]}]}]}]}]},"Planning Time": 3.840,"Triggers": [],"Execution Time": 6714.032}]
[{"Plan": {"Node Type": "Sort","Parallel Aware": false,"Async Capable": false,"Startup Cost": 65822.53,"Total Cost": 65823.03,"Plan Rows": 200,"Plan Width": 16,"Actual Startup Time": 6101.280,"Actual Total Time": 6101.314,"Actual Rows": 42,"Actual Loops": 1,"Sort Key": ["(count(*)) DESC", "(count(orders.o_orderkey)) DESC"],"Sort Method": "quicksort","Sort Space Used": 27,"Sort Space Type": "Memory","Plans": [{"Node Type": "Aggregate","Strategy": "Hashed","Partial Mode": "Simple","Parent Relationship": "Outer","Parallel Aware": false,"Async Capable": false,"Startup Cost": 65812.89,"Total Cost": 65814.89,"Plan Rows": 200,"Plan Width": 16,"Actual Startup Time": 6101.184,"Actual Total Time": 6101.232,"Actual Rows": 42,"Actual Loops": 1,"Group Key": ["count(orders.o_orderkey)"],"Planned Partitions": 0,"HashAgg Batches": 1,"Peak Memory Usage": 40,"Disk Usage": 0,"Plans": [{"Node Type": "Aggregate","Strategy": "Hashed","Partial Mode": "Simple","Parent Relationship": "Outer","Parallel Aware": false,"Async Capable": false,"Startup Cost": 62062.89,"Total Cost": 63562.89,"Plan Rows": 150000,"Plan Width": 12,"Actual Startup Time": 5921.162,"Actual Total Time": 6087.400,"Actual Rows": 150000,"Actual Loops": 1,"Group Key": ["customer.c_custkey"],"Planned Partitions": 0,"HashAgg Batches": 1,"Peak Memory Usage": 22545,"Disk Usage": 0,"Plans": [{"Node Type": "Hash Join","Parent Relationship": "Outer","Parallel Aware": false,"Async Capable": false,"Join Type": "Right","Startup Cost": 5781.42,"Total Cost": 54563.64,"Plan Rows": 1499850,"Plan Width": 8,"Actual Startup Time": 39.228,"Actual Total Time": 4074.723,"Actual Rows": 1533808,"Actual Loops": 1,"Inner Unique": true,"Hash Cond": "(orders.o_custkey = customer.c_custkey)","Plans": [{"Node Type": "Seq Scan","Parent Relationship": "Outer","Parallel Aware": false,"Async Capable": false,"Relation Name": "orders","Alias": "orders","Startup Cost": 0.00,"Total Cost": 44845.00,"Plan Rows": 1499850,"Plan Width": 8,"Actual Startup Time": 0.056,"Actual Total Time": 2834.984,"Actual Rows": 1483804,"Actual Loops": 1,"Filter": "((o_comment)::text !~~ '%special%deposits%'::text)","Rows Removed by Filter": 16196},{"Node Type": "Hash","Parent Relationship": "Inner","Parallel Aware": false,"Async Capable": false,"Startup Cost": 3906.42,"Total Cost": 3906.42,"Plan Rows": 150000,"Plan Width": 4,"Actual Startup Time": 37.438,"Actual Total Time": 37.451,"Actual Rows": 150000,"Actual Loops": 1,"Hash Buckets": 262144,"Original Hash Buckets": 262144,"Hash Batches": 1,"Original Hash Batches": 1,"Peak Memory Usage": 7322,"Plans": [{"Node Type": "Index Only Scan","Parent Relationship": "Outer","Parallel Aware": false,"Async Capable": false,"Scan Direction": "Forward","Index Name": "customer_pkey","Relation Name": "customer","Alias": "customer","Startup Cost": 0.42,"Total Cost": 3906.42,"Plan Rows": 150000,"Plan Width": 4,"Actual Startup Time": 0.049,"Actual Total Time": 14.639,"Actual Rows": 150000,"Actual Loops": 1,"Heap Fetches": 0}]}]}]}]}]},"Planning Time": 3.971,"Triggers": [],"Execution Time": 6110.955}]
[{"Plan": {"Node Type": "Sort","Parallel Aware": false,"Async Capable": false,"Startup Cost": 65708.14,"Total Cost": 65708.64,"Plan Rows": 200,"Plan Width": 16,"Actual Startup Time": 6659.087,"Actual Total Time": 6659.155,"Actual Rows": 41,"Actual Loops": 1,"Sort Key": ["(count(*)) DESC", "(count(orders.o_orderkey)) DESC"],"Sort Method": "quicksort","Sort Space Used": 27,"Sort Space Type": "Memory","Plans": [{"Node Type": "Aggregate","Strategy": "Hashed","Partial Mode": "Simple","Parent Relationship": "Outer","Parallel Aware": false,"Async Capable": false,"Startup Cost": 65698.50,"Total Cost": 65700.50,"Plan Rows": 200,"Plan Width": 16,"Actual Startup Time": 6658.981,"Actual Total Time": 6659.057,"Actual Rows": 41,"Actual Loops": 1,"Group Key": ["count(orders.o_orderkey)"],"Planned Partitions": 0,"HashAgg Batches": 1,"Peak Memory Usage": 40,"Disk Usage": 0,"Plans": [{"Node Type": "Aggregate","Strategy": "Hashed","Partial Mode": "Simple","Parent Relationship": "Outer","Parallel Aware": false,"Async Capable": false,"Startup Cost": 61948.50,"Total Cost": 63448.50,"Plan Rows": 150000,"Plan Width": 12,"Actual Startup Time": 6480.209,"Actual Total Time": 6645.185,"Actual Rows": 150000,"Actual Loops": 1,"Group Key": ["customer.c_custkey"],"Planned Partitions": 0,"HashAgg Batches": 1,"Peak Memory Usage": 22545,"Disk Usage": 0,"Plans": [{"Node Type": "Hash Join","Parent Relationship": "Outer","Parallel Aware": false,"Async Capable": false,"Join Type": "Right","Startup Cost": 5781.42,"Total Cost": 54524.26,"Plan Rows": 1484848,"Plan Width": 8,"Actual Startup Time": 37.274,"Actual Total Time": 4547.015,"Actual Rows": 1533872,"Actual Loops": 1,"Inner Unique": true,"Hash Cond": "(orders.o_custkey = customer.c_custkey)","Plans": [{"Node Type": "Seq Scan","Parent Relationship": "Outer","Parallel Aware": false,"Async Capable": false,"Relation Name": "orders","Alias": "orders","Startup Cost": 0.00,"Total Cost": 44845.00,"Plan Rows": 1484848,"Plan Width": 8,"Actual Startup Time": 0.043,"Actual Total Time": 3085.028,"Actual Rows": 1483868,"Actual Loops": 1,"Filter": "((o_comment)::text !~~ '%unusual%deposits%'::text)","Rows Removed by Filter": 16132},{"Node Type": "Hash","Parent Relationship": "Inner","Parallel Aware": false,"Async Capable": false,"Startup Cost": 3906.42,"Total Cost": 3906.42,"Plan Rows": 150000,"Plan Width": 4,"Actual Startup Time": 35.508,"Actual Total Time": 35.530,"Actual Rows": 150000,"Actual Loops": 1,"Hash Buckets": 262144,"Original Hash Buckets": 262144,"Hash Batches": 1,"Original Hash Batches": 1,"Peak Memory Usage": 7322,"Plans": [{"Node Type": "Index Only Scan","Parent Relationship": "Outer","Parallel Aware": false,"Async Capable": false,"Scan Direction": "Forward","Index Name": "customer_pkey","Relation Name": "customer","Alias": "customer","Startup Cost": 0.42,"Total Cost": 3906.42,"Plan Rows": 150000,"Plan Width": 4,"Actual Startup Time": 0.053,"Actual Total Time": 13.448,"Actual Rows": 150000,"Actual Loops": 1,"Heap Fetches": 0}]}]}]}]}]},"Planning Time": 3.854,"Triggers": [],"Execution Time": 6671.834}]
[{"Plan": {"Node Type": "Sort","Parallel Aware": false,"Async Capable": false,"Startup Cost": 65708.14,"Total Cost": 65708.64,"Plan Rows": 200,"Plan Width": 16,"Actual Startup Time": 6009.895,"Actual Total Time": 6009.932,"Actual Rows": 42,"Actual Loops": 1,"Sort Key": ["(count(*)) DESC", "(count(orders.o_orderkey)) DESC"],"Sort Method": "quicksort","Sort Space Used": 27,"Sort Space Type": "Memory","Plans": [{"Node Type": "Aggregate","Strategy": "Hashed","Partial Mode": "Simple","Parent Relationship": "Outer","Parallel Aware": false,"Async Capable": false,"Startup Cost": 65698.50,"Total Cost": 65700.50,"Plan Rows": 200,"Plan Width": 16,"Actual Startup Time": 6009.807,"Actual Total Time": 6009.848,"Actual Rows": 42,"Actual Loops": 1,"Group Key": ["count(orders.o_orderkey)"],"Planned Partitions": 0,"HashAgg Batches": 1,"Peak Memory Usage": 40,"Disk Usage": 0,"Plans": [{"Node Type": "Aggregate","Strategy": "Hashed","Partial Mode": "Simple","Parent Relationship": "Outer","Parallel Aware": false,"Async Capable": false,"Startup Cost": 61948.50,"Total Cost": 63448.50,"Plan Rows": 150000,"Plan Width": 12,"Actual Startup Time": 5831.373,"Actual Total Time": 5996.054,"Actual Rows": 150000,"Actual Loops": 1,"Group Key": ["customer.c_custkey"],"Planned Partitions": 0,"HashAgg Batches": 1,"Peak Memory Usage": 22545,"Disk Usage": 0,"Plans": [{"Node Type": "Hash Join","Parent Relationship": "Outer","Parallel Aware": false,"Async Capable": false,"Join Type": "Right","Startup Cost": 5781.42,"Total Cost": 54524.26,"Plan Rows": 1484848,"Plan Width": 8,"Actual Startup Time": 39.338,"Actual Total Time": 3994.258,"Actual Rows": 1533903,"Actual Loops": 1,"Inner Unique": true,"Hash Cond": "(orders.o_custkey = customer.c_custkey)","Plans": [{"Node Type": "Seq Scan","Parent Relationship": "Outer","Parallel Aware": false,"Async Capable": false,"Relation Name": "orders","Alias": "orders","Startup Cost": 0.00,"Total Cost": 44845.00,"Plan Rows": 1484848,"Plan Width": 8,"Actual Startup Time": 0.067,"Actual Total Time": 2735.690,"Actual Rows": 1483898,"Actual Loops": 1,"Filter": "((o_comment)::text !~~ '%pending%packages%'::text)","Rows Removed by Filter": 16102},{"Node Type": "Hash","Parent Relationship": "Inner","Parallel Aware": false,"Async Capable": false,"Startup Cost": 3906.42,"Total Cost": 3906.42,"Plan Rows": 150000,"Plan Width": 4,"Actual Startup Time": 37.449,"Actual Total Time": 37.461,"Actual Rows": 150000,"Actual Loops": 1,"Hash Buckets": 262144,"Original Hash Buckets": 262144,"Hash Batches": 1,"Original Hash Batches": 1,"Peak Memory Usage": 7322,"Plans": [{"Node Type": "Index Only Scan","Parent Relationship": "Outer","Parallel Aware": false,"Async Capable": false,"Scan Direction": "Forward","Index Name": "customer_pkey","Relation Name": "customer","Alias": "customer","Startup Cost": 0.42,"Total Cost": 3906.42,"Plan Rows": 150000,"Plan Width": 4,"Actual Startup Time": 0.047,"Actual Total Time": 14.301,"Actual Rows": 150000,"Actual Loops": 1,"Heap Fetches": 0}]}]}]}]}]},"Planning Time": 4.405,"Triggers": [],"Execution Time": 6018.249}]
[{"Plan": {"Node Type": "Sort","Parallel Aware": false,"Async Capable": false,"Startup Cost": 65708.14,"Total Cost": 65708.64,"Plan Rows": 200,"Plan Width": 16,"Actual Startup Time": 6734.447,"Actual Total Time": 6734.481,"Actual Rows": 42,"Actual Loops": 1,"Sort Key": ["(count(*)) DESC", "(count(orders.o_orderkey)) DESC"],"Sort Method": "quicksort","Sort Space Used": 27,"Sort Space Type": "Memory","Plans": [{"Node Type": "Aggregate","Strategy": "Hashed","Partial Mode": "Simple","Parent Relationship": "Outer","Parallel Aware": false,"Async Capable": false,"Startup Cost": 65698.50,"Total Cost": 65700.50,"Plan Rows": 200,"Plan Width": 16,"Actual Startup Time": 6734.369,"Actual Total Time": 6734.411,"Actual Rows": 42,"Actual Loops": 1,"Group Key": ["count(orders.o_orderkey)"],"Planned Partitions": 0,"HashAgg Batches": 1,"Peak Memory Usage": 40,"Disk Usage": 0,"Plans": [{"Node Type": "Aggregate","Strategy": "Hashed","Partial Mode": "Simple","Parent Relationship": "Outer","Parallel Aware": false,"Async Capable": false,"Startup Cost": 61948.50,"Total Cost": 63448.50,"Plan Rows": 150000,"Plan Width": 12,"Actual Startup Time": 6542.374,"Actual Total Time": 6720.630,"Actual Rows": 150000,"Actual Loops": 1,"Group Key": ["customer.c_custkey"],"Planned Partitions": 0,"HashAgg Batches": 1,"Peak Memory Usage": 22545,"Disk Usage": 0,"Plans": [{"Node Type": "Hash Join","Parent Relationship": "Outer","Parallel Aware": false,"Async Capable": false,"Join Type": "Right","Startup Cost": 5781.42,"Total Cost": 54524.26,"Plan Rows": 1484848,"Plan Width": 8,"Actual Startup Time": 36.319,"Actual Total Time": 4621.827,"Actual Rows": 1533676,"Actual Loops": 1,"Inner Unique": true,"Hash Cond": "(orders.o_custkey = customer.c_custkey)","Plans": [{"Node Type": "Seq Scan","Parent Relationship": "Outer","Parallel Aware": false,"Async Capable": false,"Relation Name": "orders","Alias": "orders","Startup Cost": 0.00,"Total Cost": 44845.00,"Plan Rows": 1484848,"Plan Width": 8,"Actual Startup Time": 0.054,"Actual Total Time": 3196.487,"Actual Rows": 1483672,"Actual Loops": 1,"Filter": "((o_comment)::text !~~ '%express%requests%'::text)","Rows Removed by Filter": 16328},{"Node Type": "Hash","Parent Relationship": "Inner","Parallel Aware": false,"Async Capable": false,"Startup Cost": 3906.42,"Total Cost": 3906.42,"Plan Rows": 150000,"Plan Width": 4,"Actual Startup Time": 34.348,"Actual Total Time": 34.358,"Actual Rows": 150000,"Actual Loops": 1,"Hash Buckets": 262144,"Original Hash Buckets": 262144,"Hash Batches": 1,"Original Hash Batches": 1,"Peak Memory Usage": 7322,"Plans": [{"Node Type": "Index Only Scan","Parent Relationship": "Outer","Parallel Aware": false,"Async Capable": false,"Scan Direction": "Forward","Index Name": "customer_pkey","Relation Name": "customer","Alias": "customer","Startup Cost": 0.42,"Total Cost": 3906.42,"Plan Rows": 150000,"Plan Width": 4,"Actual Startup Time": 0.054,"Actual Total Time": 13.145,"Actual Rows": 150000,"Actual Loops": 1,"Heap Fetches": 0}]}]}]}]}]},"Planning Time": 4.493,"Triggers": [],"Execution Time": 6743.934}]
[{"Plan": {"Node Type": "Sort","Parallel Aware": false,"Async Capable": false,"Startup Cost": 65822.53,"Total Cost": 65823.03,"Plan Rows": 200,"Plan Width": 16,"Actual Startup Time": 6650.964,"Actual Total Time": 6651.000,"Actual Rows": 42,"Actual Loops": 1,"Sort Key": ["(count(*)) DESC", "(count(orders.o_orderkey)) DESC"],"Sort Method": "quicksort","Sort Space Used": 27,"Sort Space Type": "Memory","Plans": [{"Node Type": "Aggregate","Strategy": "Hashed","Partial Mode": "Simple","Parent Relationship": "Outer","Parallel Aware": false,"Async Capable": false,"Startup Cost": 65812.89,"Total Cost": 65814.89,"Plan Rows": 200,"Plan Width": 16,"Actual Startup Time": 6650.893,"Actual Total Time": 6650.940,"Actual Rows": 42,"Actual Loops": 1,"Group Key": ["count(orders.o_orderkey)"],"Planned Partitions": 0,"HashAgg Batches": 1,"Peak Memory Usage": 40,"Disk Usage": 0,"Plans": [{"Node Type": "Aggregate","Strategy": "Hashed","Partial Mode": "Simple","Parent Relationship": "Outer","Parallel Aware": false,"Async Capable": false,"Startup Cost": 62062.89,"Total Cost": 63562.89,"Plan Rows": 150000,"Plan Width": 12,"Actual Startup Time": 6477.408,"Actual Total Time": 6637.150,"Actual Rows": 150000,"Actual Loops": 1,"Group Key": ["customer.c_custkey"],"Planned Partitions": 0,"HashAgg Batches": 1,"Peak Memory Usage": 22545,"Disk Usage": 0,"Plans": [{"Node Type": "Hash Join","Parent Relationship": "Outer","Parallel Aware": false,"Async Capable": false,"Join Type": "Right","Startup Cost": 5781.42,"Total Cost": 54563.64,"Plan Rows": 1499850,"Plan Width": 8,"Actual Startup Time": 36.551,"Actual Total Time": 4552.506,"Actual Rows": 1533843,"Actual Loops": 1,"Inner Unique": true,"Hash Cond": "(orders.o_custkey = customer.c_custkey)","Plans": [{"Node Type": "Seq Scan","Parent Relationship": "Outer","Parallel Aware": false,"Async Capable": false,"Relation Name": "orders","Alias": "orders","Startup Cost": 0.00,"Total Cost": 44845.00,"Plan Rows": 1499850,"Plan Width": 8,"Actual Startup Time": 0.044,"Actual Total Time": 3147.620,"Actual Rows": 1483839,"Actual Loops": 1,"Filter": "((o_comment)::text !~~ '%pending%deposits%'::text)","Rows Removed by Filter": 16161},{"Node Type": "Hash","Parent Relationship": "Inner","Parallel Aware": false,"Async Capable": false,"Startup Cost": 3906.42,"Total Cost": 3906.42,"Plan Rows": 150000,"Plan Width": 4,"Actual Startup Time": 34.769,"Actual Total Time": 34.783,"Actual Rows": 150000,"Actual Loops": 1,"Hash Buckets": 262144,"Original Hash Buckets": 262144,"Hash Batches": 1,"Original Hash Batches": 1,"Peak Memory Usage": 7322,"Plans": [{"Node Type": "Index Only Scan","Parent Relationship": "Outer","Parallel Aware": false,"Async Capable": false,"Scan Direction": "Forward","Index Name": "customer_pkey","Relation Name": "customer","Alias": "customer","Startup Cost": 0.42,"Total Cost": 3906.42,"Plan Rows": 150000,"Plan Width": 4,"Actual Startup Time": 0.065,"Actual Total Time": 13.424,"Actual Rows": 150000,"Actual Loops": 1,"Heap Fetches": 0}]}]}]}]}]},"Planning Time": 3.594,"Triggers": [],"Execution Time": 6658.782}]
[{"Plan": {"Node Type": "Sort","Parallel Aware": false,"Async Capable": false,"Startup Cost": 65708.14,"Total Cost": 65708.64,"Plan Rows": 200,"Plan Width": 16,"Actual Startup Time": 6009.895,"Actual Total Time": 6009.932,"Actual Rows": 42,"Actual Loops": 1,"Sort Key": ["(count(*)) DESC", "(count(orders.o_orderkey)) DESC"],"Sort Method": "quicksort","Sort Space Used": 27,"Sort Space Type": "Memory","Plans": [{"Node Type": "Aggregate","Strategy": "Hashed","Partial Mode": "Simple","Parent Relationship": "Outer","Parallel Aware": false,"Async Capable": false,"Startup Cost": 65698.50,"Total Cost": 65700.50,"Plan Rows": 200,"Plan Width": 16,"Actual Startup Time": 6009.807,"Actual Total Time": 6009.848,"Actual Rows": 42,"Actual Loops": 1,"Group Key": ["count(orders.o_orderkey)"],"Planned Partitions": 0,"HashAgg Batches": 1,"Peak Memory Usage": 40,"Disk Usage": 0,"Plans": [{"Node Type": "Aggregate","Strategy": "Hashed","Partial Mode": "Simple","Parent Relationship": "Outer","Parallel Aware": false,"Async Capable": false,"Startup Cost": 61948.50,"Total Cost": 63448.50,"Plan Rows": 150000,"Plan Width": 12,"Actual Startup Time": 5831.373,"Actual Total Time": 5996.054,"Actual Rows": 150000,"Actual Loops": 1,"Group Key": ["customer.c_custkey"],"Planned Partitions": 0,"HashAgg Batches": 1,"Peak Memory Usage": 22545,"Disk Usage": 0,"Plans": [{"Node Type": "Hash Join","Parent Relationship": "Outer","Parallel Aware": false,"Async Capable": false,"Join Type": "Right","Startup Cost": 5781.42,"Total Cost": 54524.26,"Plan Rows": 1484848,"Plan Width": 8,"Actual Startup Time": 39.338,"Actual Total Time": 3994.258,"Actual Rows": 1533903,"Actual Loops": 1,"Inner Unique": true,"Hash Cond": "(orders.o_custkey = customer.c_custkey)","Plans": [{"Node Type": "Seq Scan","Parent Relationship": "Outer","Parallel Aware": false,"Async Capable": false,"Relation Name": "orders","Alias": "orders","Startup Cost": 0.00,"Total Cost": 44845.00,"Plan Rows": 1484848,"Plan Width": 8,"Actual Startup Time": 0.067,"Actual Total Time": 2735.690,"Actual Rows": 1483898,"Actual Loops": 1,"Filter": "((o_comment)::text !~~ '%pending%packages%'::text)","Rows Removed by Filter": 16102},{"Node Type": "Hash","Parent Relationship": "Inner","Parallel Aware": false,"Async Capable": false,"Startup Cost": 3906.42,"Total Cost": 3906.42,"Plan Rows": 150000,"Plan Width": 4,"Actual Startup Time": 37.449,"Actual Total Time": 37.461,"Actual Rows": 150000,"Actual Loops": 1,"Hash Buckets": 262144,"Original Hash Buckets": 262144,"Hash Batches": 1,"Original Hash Batches": 1,"Peak Memory Usage": 7322,"Plans": [{"Node Type": "Index Only Scan","Parent Relationship": "Outer","Parallel Aware": false,"Async Capable": false,"Scan Direction": "Forward","Index Name": "customer_pkey","Relation Name": "customer","Alias": "customer","Startup Cost": 0.42,"Total Cost": 3906.42,"Plan Rows": 150000,"Plan Width": 4,"Actual Startup Time": 0.047,"Actual Total Time": 14.301,"Actual Rows": 150000,"Actual Loops": 1,"Heap Fetches": 0}]}]}]}]}]},"Planning Time": 4.405,"Triggers": [],"Execution Time": 6018.249}]
[{"Plan": {"Node Type": "Sort","Parallel Aware": false,"Async Capable": false,"Startup Cost": 65708.14,"Total Cost": 65708.64,"Plan Rows": 200,"Plan Width": 16,"Actual Startup Time": 6009.895,"Actual Total Time": 6009.932,"Actual Rows": 42,"Actual Loops": 1,"Sort Key": ["(count(*)) DESC", "(count(orders.o_orderkey)) DESC"],"Sort Method": "quicksort","Sort Space Used": 27,"Sort Space Type": "Memory","Plans": [{"Node Type": "Aggregate","Strategy": "Hashed","Partial Mode": "Simple","Parent Relationship": "Outer","Parallel Aware": false,"Async Capable": false,"Startup Cost": 65698.50,"Total Cost": 65700.50,"Plan Rows": 200,"Plan Width": 16,"Actual Startup Time": 6009.807,"Actual Total Time": 6009.848,"Actual Rows": 42,"Actual Loops": 1,"Group Key": ["count(orders.o_orderkey)"],"Planned Partitions": 0,"HashAgg Batches": 1,"Peak Memory Usage": 40,"Disk Usage": 0,"Plans": [{"Node Type": "Aggregate","Strategy": "Hashed","Partial Mode": "Simple","Parent Relationship": "Outer","Parallel Aware": false,"Async Capable": false,"Startup Cost": 61948.50,"Total Cost": 63448.50,"Plan Rows": 150000,"Plan Width": 12,"Actual Startup Time": 5831.373,"Actual Total Time": 5996.054,"Actual Rows": 150000,"Actual Loops": 1,"Group Key": ["customer.c_custkey"],"Planned Partitions": 0,"HashAgg Batches": 1,"Peak Memory Usage": 22545,"Disk Usage": 0,"Plans": [{"Node Type": "Hash Join","Parent Relationship": "Outer","Parallel Aware": false,"Async Capable": false,"Join Type": "Right","Startup Cost": 5781.42,"Total Cost": 54524.26,"Plan Rows": 1484848,"Plan Width": 8,"Actual Startup Time": 39.338,"Actual Total Time": 3994.258,"Actual Rows": 1533903,"Actual Loops": 1,"Inner Unique": true,"Hash Cond": "(orders.o_custkey = customer.c_custkey)","Plans": [{"Node Type": "Seq Scan","Parent Relationship": "Outer","Parallel Aware": false,"Async Capable": false,"Relation Name": "orders","Alias": "orders","Startup Cost": 0.00,"Total Cost": 44845.00,"Plan Rows": 1484848,"Plan Width": 8,"Actual Startup Time": 0.067,"Actual Total Time": 2735.690,"Actual Rows": 1483898,"Actual Loops": 1,"Filter": "((o_comment)::text !~~ '%pending%packages%'::text)","Rows Removed by Filter": 16102},{"Node Type": "Hash","Parent Relationship": "Inner","Parallel Aware": false,"Async Capable": false,"Startup Cost": 3906.42,"Total Cost": 3906.42,"Plan Rows": 150000,"Plan Width": 4,"Actual Startup Time": 37.449,"Actual Total Time": 37.461,"Actual Rows": 150000,"Actual Loops": 1,"Hash Buckets": 262144,"Original Hash Buckets": 262144,"Hash Batches": 1,"Original Hash Batches": 1,"Peak Memory Usage": 7322,"Plans": [{"Node Type": "Index Only Scan","Parent Relationship": "Outer","Parallel Aware": false,"Async Capable": false,"Scan Direction": "Forward","Index Name": "customer_pkey","Relation Name": "customer","Alias": "customer","Startup Cost": 0.42,"Total Cost": 3906.42,"Plan Rows": 150000,"Plan Width": 4,"Actual Startup Time": 0.047,"Actual Total Time": 14.301,"Actual Rows": 150000,"Actual Loops": 1,"Heap Fetches": 0}]}]}]}]}]},"Planning Time": 4.405,"Triggers": [],"Execution Time": 6018.249}]
[{"Plan": {"Node Type": "Sort","Parallel Aware": false,"Async Capable": false,"Startup Cost": 65822.53,"Total Cost": 65823.03,"Plan Rows": 200,"Plan Width": 16,"Actual Startup Time": 6047.687,"Actual Total Time": 6047.735,"Actual Rows": 42,"Actual Loops": 1,"Sort Key": ["(count(*)) DESC", "(count(orders.o_orderkey)) DESC"],"Sort Method": "quicksort","Sort Space Used": 27,"Sort Space Type": "Memory","Plans": [{"Node Type": "Aggregate","Strategy": "Hashed","Partial Mode": "Simple","Parent Relationship": "Outer","Parallel Aware": false,"Async Capable": false,"Startup Cost": 65812.89,"Total Cost": 65814.89,"Plan Rows": 200,"Plan Width": 16,"Actual Startup Time": 6047.591,"Actual Total Time": 6047.643,"Actual Rows": 42,"Actual Loops": 1,"Group Key": ["count(orders.o_orderkey)"],"Planned Partitions": 0,"HashAgg Batches": 1,"Peak Memory Usage": 40,"Disk Usage": 0,"Plans": [{"Node Type": "Aggregate","Strategy": "Hashed","Partial Mode": "Simple","Parent Relationship": "Outer","Parallel Aware": false,"Async Capable": false,"Startup Cost": 62062.89,"Total Cost": 63562.89,"Plan Rows": 150000,"Plan Width": 12,"Actual Startup Time": 5868.600,"Actual Total Time": 6033.866,"Actual Rows": 150000,"Actual Loops": 1,"Group Key": ["customer.c_custkey"],"Planned Partitions": 0,"HashAgg Batches": 1,"Peak Memory Usage": 22545,"Disk Usage": 0,"Plans": [{"Node Type": "Hash Join","Parent Relationship": "Outer","Parallel Aware": false,"Async Capable": false,"Join Type": "Right","Startup Cost": 5781.42,"Total Cost": 54563.64,"Plan Rows": 1499850,"Plan Width": 8,"Actual Startup Time": 39.168,"Actual Total Time": 4010.851,"Actual Rows": 1533626,"Actual Loops": 1,"Inner Unique": true,"Hash Cond": "(orders.o_custkey = customer.c_custkey)","Plans": [{"Node Type": "Seq Scan","Parent Relationship": "Outer","Parallel Aware": false,"Async Capable": false,"Relation Name": "orders","Alias": "orders","Startup Cost": 0.00,"Total Cost": 44845.00,"Plan Rows": 1499850,"Plan Width": 8,"Actual Startup Time": 0.065,"Actual Total Time": 2757.508,"Actual Rows": 1483622,"Actual Loops": 1,"Filter": "((o_comment)::text !~~ '%unusual%accounts%'::text)","Rows Removed by Filter": 16378},{"Node Type": "Hash","Parent Relationship": "Inner","Parallel Aware": false,"Async Capable": false,"Startup Cost": 3906.42,"Total Cost": 3906.42,"Plan Rows": 150000,"Plan Width": 4,"Actual Startup Time": 37.343,"Actual Total Time": 37.362,"Actual Rows": 150000,"Actual Loops": 1,"Hash Buckets": 262144,"Original Hash Buckets": 262144,"Hash Batches": 1,"Original Hash Batches": 1,"Peak Memory Usage": 7322,"Plans": [{"Node Type": "Index Only Scan","Parent Relationship": "Outer","Parallel Aware": false,"Async Capable": false,"Scan Direction": "Forward","Index Name": "customer_pkey","Relation Name": "customer","Alias": "customer","Startup Cost": 0.42,"Total Cost": 3906.42,"Plan Rows": 150000,"Plan Width": 4,"Actual Startup Time": 0.036,"Actual Total Time": 14.472,"Actual Rows": 150000,"Actual Loops": 1,"Heap Fetches": 0}]}]}]}]}]},"Planning Time": 4.331,"Triggers": [],"Execution Time": 6056.690}]
[{"Plan": {"Node Type": "Sort","Parallel Aware": false,"Async Capable": false,"Startup Cost": 65592.61,"Total Cost": 65593.11,"Plan Rows": 200,"Plan Width": 16,"Actual Startup Time": 6042.914,"Actual Total Time": 6042.954,"Actual Rows": 42,"Actual Loops": 1,"Sort Key": ["(count(*)) DESC", "(count(orders.o_orderkey)) DESC"],"Sort Method": "quicksort","Sort Space Used": 27,"Sort Space Type": "Memory","Plans": [{"Node Type": "Aggregate","Strategy": "Hashed","Partial Mode": "Simple","Parent Relationship": "Outer","Parallel Aware": false,"Async Capable": false,"Startup Cost": 65582.97,"Total Cost": 65584.97,"Plan Rows": 200,"Plan Width": 16,"Actual Startup Time": 6042.802,"Actual Total Time": 6042.854,"Actual Rows": 42,"Actual Loops": 1,"Group Key": ["count(orders.o_orderkey)"],"Planned Partitions": 0,"HashAgg Batches": 1,"Peak Memory Usage": 40,"Disk Usage": 0,"Plans": [{"Node Type": "Aggregate","Strategy": "Hashed","Partial Mode": "Simple","Parent Relationship": "Outer","Parallel Aware": false,"Async Capable": false,"Startup Cost": 61832.97,"Total Cost": 63332.97,"Plan Rows": 150000,"Plan Width": 12,"Actual Startup Time": 5848.968,"Actual Total Time": 6029.049,"Actual Rows": 150000,"Actual Loops": 1,"Group Key": ["customer.c_custkey"],"Planned Partitions": 0,"HashAgg Batches": 1,"Peak Memory Usage": 22545,"Disk Usage": 0,"Plans": [{"Node Type": "Hash Join","Parent Relationship": "Outer","Parallel Aware": false,"Async Capable": false,"Join Type": "Right","Startup Cost": 5781.42,"Total Cost": 54484.49,"Plan Rows": 1469697,"Plan Width": 8,"Actual Startup Time": 38.540,"Actual Total Time": 4039.691,"Actual Rows": 1534055,"Actual Loops": 1,"Inner Unique": true,"Hash Cond": "(orders.o_custkey = customer.c_custkey)","Plans": [{"Node Type": "Seq Scan","Parent Relationship": "Outer","Parallel Aware": false,"Async Capable": false,"Relation Name": "orders","Alias": "orders","Startup Cost": 0.00,"Total Cost": 44845.00,"Plan Rows": 1469697,"Plan Width": 8,"Actual Startup Time": 0.061,"Actual Total Time": 2797.159,"Actual Rows": 1484051,"Actual Loops": 1,"Filter": "((o_comment)::text !~~ '%special%packages%'::text)","Rows Removed by Filter": 15949},{"Node Type": "Hash","Parent Relationship": "Inner","Parallel Aware": false,"Async Capable": false,"Startup Cost": 3906.42,"Total Cost": 3906.42,"Plan Rows": 150000,"Plan Width": 4,"Actual Startup Time": 36.593,"Actual Total Time": 36.607,"Actual Rows": 150000,"Actual Loops": 1,"Hash Buckets": 262144,"Original Hash Buckets": 262144,"Hash Batches": 1,"Original Hash Batches": 1,"Peak Memory Usage": 7322,"Plans": [{"Node Type": "Index Only Scan","Parent Relationship": "Outer","Parallel Aware": false,"Async Capable": false,"Scan Direction": "Forward","Index Name": "customer_pkey","Relation Name": "customer","Alias": "customer","Startup Cost": 0.42,"Total Cost": 3906.42,"Plan Rows": 150000,"Plan Width": 4,"Actual Startup Time": 0.050,"Actual Total Time": 14.573,"Actual Rows": 150000,"Actual Loops": 1,"Heap Fetches": 0}]}]}]}]}]},"Planning Time": 3.383,"Triggers": [],"Execution Time": 6052.793}]
[{"Plan": {"Node Type": "Sort","Parallel Aware": false,"Async Capable": false,"Startup Cost": 65822.53,"Total Cost": 65823.03,"Plan Rows": 200,"Plan Width": 16,"Actual Startup Time": 6047.687,"Actual Total Time": 6047.735,"Actual Rows": 42,"Actual Loops": 1,"Sort Key": ["(count(*)) DESC", "(count(orders.o_orderkey)) DESC"],"Sort Method": "quicksort","Sort Space Used": 27,"Sort Space Type": "Memory","Plans": [{"Node Type": "Aggregate","Strategy": "Hashed","Partial Mode": "Simple","Parent Relationship": "Outer","Parallel Aware": false,"Async Capable": false,"Startup Cost": 65812.89,"Total Cost": 65814.89,"Plan Rows": 200,"Plan Width": 16,"Actual Startup Time": 6047.591,"Actual Total Time": 6047.643,"Actual Rows": 42,"Actual Loops": 1,"Group Key": ["count(orders.o_orderkey)"],"Planned Partitions": 0,"HashAgg Batches": 1,"Peak Memory Usage": 40,"Disk Usage": 0,"Plans": [{"Node Type": "Aggregate","Strategy": "Hashed","Partial Mode": "Simple","Parent Relationship": "Outer","Parallel Aware": false,"Async Capable": false,"Startup Cost": 62062.89,"Total Cost": 63562.89,"Plan Rows": 150000,"Plan Width": 12,"Actual Startup Time": 5868.600,"Actual Total Time": 6033.866,"Actual Rows": 150000,"Actual Loops": 1,"Group Key": ["customer.c_custkey"],"Planned Partitions": 0,"HashAgg Batches": 1,"Peak Memory Usage": 22545,"Disk Usage": 0,"Plans": [{"Node Type": "Hash Join","Parent Relationship": "Outer","Parallel Aware": false,"Async Capable": false,"Join Type": "Right","Startup Cost": 5781.42,"Total Cost": 54563.64,"Plan Rows": 1499850,"Plan Width": 8,"Actual Startup Time": 39.168,"Actual Total Time": 4010.851,"Actual Rows": 1533626,"Actual Loops": 1,"Inner Unique": true,"Hash Cond": "(orders.o_custkey = customer.c_custkey)","Plans": [{"Node Type": "Seq Scan","Parent Relationship": "Outer","Parallel Aware": false,"Async Capable": false,"Relation Name": "orders","Alias": "orders","Startup Cost": 0.00,"Total Cost": 44845.00,"Plan Rows": 1499850,"Plan Width": 8,"Actual Startup Time": 0.065,"Actual Total Time": 2757.508,"Actual Rows": 1483622,"Actual Loops": 1,"Filter": "((o_comment)::text !~~ '%unusual%accounts%'::text)","Rows Removed by Filter": 16378},{"Node Type": "Hash","Parent Relationship": "Inner","Parallel Aware": false,"Async Capable": false,"Startup Cost": 3906.42,"Total Cost": 3906.42,"Plan Rows": 150000,"Plan Width": 4,"Actual Startup Time": 37.343,"Actual Total Time": 37.362,"Actual Rows": 150000,"Actual Loops": 1,"Hash Buckets": 262144,"Original Hash Buckets": 262144,"Hash Batches": 1,"Original Hash Batches": 1,"Peak Memory Usage": 7322,"Plans": [{"Node Type": "Index Only Scan","Parent Relationship": "Outer","Parallel Aware": false,"Async Capable": false,"Scan Direction": "Forward","Index Name": "customer_pkey","Relation Name": "customer","Alias": "customer","Startup Cost": 0.42,"Total Cost": 3906.42,"Plan Rows": 150000,"Plan Width": 4,"Actual Startup Time": 0.036,"Actual Total Time": 14.472,"Actual Rows": 150000,"Actual Loops": 1,"Heap Fetches": 0}]}]}]}]}]},"Planning Time": 4.331,"Triggers": [],"Execution Time": 6056.690}]
[{"Plan": {"Node Type": "Sort","Parallel Aware": false,"Async Capable": false,"Startup Cost": 65592.61,"Total Cost": 65593.11,"Plan Rows": 200,"Plan Width": 16,"Actual Startup Time": 6042.914,"Actual Total Time": 6042.954,"Actual Rows": 42,"Actual Loops": 1,"Sort Key": ["(count(*)) DESC", "(count(orders.o_orderkey)) DESC"],"Sort Method": "quicksort","Sort Space Used": 27,"Sort Space Type": "Memory","Plans": [{"Node Type": "Aggregate","Strategy": "Hashed","Partial Mode": "Simple","Parent Relationship": "Outer","Parallel Aware": false,"Async Capable": false,"Startup Cost": 65582.97,"Total Cost": 65584.97,"Plan Rows": 200,"Plan Width": 16,"Actual Startup Time": 6042.802,"Actual Total Time": 6042.854,"Actual Rows": 42,"Actual Loops": 1,"Group Key": ["count(orders.o_orderkey)"],"Planned Partitions": 0,"HashAgg Batches": 1,"Peak Memory Usage": 40,"Disk Usage": 0,"Plans": [{"Node Type": "Aggregate","Strategy": "Hashed","Partial Mode": "Simple","Parent Relationship": "Outer","Parallel Aware": false,"Async Capable": false,"Startup Cost": 61832.97,"Total Cost": 63332.97,"Plan Rows": 150000,"Plan Width": 12,"Actual Startup Time": 5848.968,"Actual Total Time": 6029.049,"Actual Rows": 150000,"Actual Loops": 1,"Group Key": ["customer.c_custkey"],"Planned Partitions": 0,"HashAgg Batches": 1,"Peak Memory Usage": 22545,"Disk Usage": 0,"Plans": [{"Node Type": "Hash Join","Parent Relationship": "Outer","Parallel Aware": false,"Async Capable": false,"Join Type": "Right","Startup Cost": 5781.42,"Total Cost": 54484.49,"Plan Rows": 1469697,"Plan Width": 8,"Actual Startup Time": 38.540,"Actual Total Time": 4039.691,"Actual Rows": 1534055,"Actual Loops": 1,"Inner Unique": true,"Hash Cond": "(orders.o_custkey = customer.c_custkey)","Plans": [{"Node Type": "Seq Scan","Parent Relationship": "Outer","Parallel Aware": false,"Async Capable": false,"Relation Name": "orders","Alias": "orders","Startup Cost": 0.00,"Total Cost": 44845.00,"Plan Rows": 1469697,"Plan Width": 8,"Actual Startup Time": 0.061,"Actual Total Time": 2797.159,"Actual Rows": 1484051,"Actual Loops": 1,"Filter": "((o_comment)::text !~~ '%special%packages%'::text)","Rows Removed by Filter": 15949},{"Node Type": "Hash","Parent Relationship": "Inner","Parallel Aware": false,"Async Capable": false,"Startup Cost": 3906.42,"Total Cost": 3906.42,"Plan Rows": 150000,"Plan Width": 4,"Actual Startup Time": 36.593,"Actual Total Time": 36.607,"Actual Rows": 150000,"Actual Loops": 1,"Hash Buckets": 262144,"Original Hash Buckets": 262144,"Hash Batches": 1,"Original Hash Batches": 1,"Peak Memory Usage": 7322,"Plans": [{"Node Type": "Index Only Scan","Parent Relationship": "Outer","Parallel Aware": false,"Async Capable": false,"Scan Direction": "Forward","Index Name": "customer_pkey","Relation Name": "customer","Alias": "customer","Startup Cost": 0.42,"Total Cost": 3906.42,"Plan Rows": 150000,"Plan Width": 4,"Actual Startup Time": 0.050,"Actual Total Time": 14.573,"Actual Rows": 150000,"Actual Loops": 1,"Heap Fetches": 0}]}]}]}]}]},"Planning Time": 3.383,"Triggers": [],"Execution Time": 6052.793}]
[{"Plan": {"Node Type": "Sort","Parallel Aware": false,"Async Capable": false,"Startup Cost": 65822.53,"Total Cost": 65823.03,"Plan Rows": 200,"Plan Width": 16,"Actual Startup Time": 6650.964,"Actual Total Time": 6651.000,"Actual Rows": 42,"Actual Loops": 1,"Sort Key": ["(count(*)) DESC", "(count(orders.o_orderkey)) DESC"],"Sort Method": "quicksort","Sort Space Used": 27,"Sort Space Type": "Memory","Plans": [{"Node Type": "Aggregate","Strategy": "Hashed","Partial Mode": "Simple","Parent Relationship": "Outer","Parallel Aware": false,"Async Capable": false,"Startup Cost": 65812.89,"Total Cost": 65814.89,"Plan Rows": 200,"Plan Width": 16,"Actual Startup Time": 6650.893,"Actual Total Time": 6650.940,"Actual Rows": 42,"Actual Loops": 1,"Group Key": ["count(orders.o_orderkey)"],"Planned Partitions": 0,"HashAgg Batches": 1,"Peak Memory Usage": 40,"Disk Usage": 0,"Plans": [{"Node Type": "Aggregate","Strategy": "Hashed","Partial Mode": "Simple","Parent Relationship": "Outer","Parallel Aware": false,"Async Capable": false,"Startup Cost": 62062.89,"Total Cost": 63562.89,"Plan Rows": 150000,"Plan Width": 12,"Actual Startup Time": 6477.408,"Actual Total Time": 6637.150,"Actual Rows": 150000,"Actual Loops": 1,"Group Key": ["customer.c_custkey"],"Planned Partitions": 0,"HashAgg Batches": 1,"Peak Memory Usage": 22545,"Disk Usage": 0,"Plans": [{"Node Type": "Hash Join","Parent Relationship": "Outer","Parallel Aware": false,"Async Capable": false,"Join Type": "Right","Startup Cost": 5781.42,"Total Cost": 54563.64,"Plan Rows": 1499850,"Plan Width": 8,"Actual Startup Time": 36.551,"Actual Total Time": 4552.506,"Actual Rows": 1533843,"Actual Loops": 1,"Inner Unique": true,"Hash Cond": "(orders.o_custkey = customer.c_custkey)","Plans": [{"Node Type": "Seq Scan","Parent Relationship": "Outer","Parallel Aware": false,"Async Capable": false,"Relation Name": "orders","Alias": "orders","Startup Cost": 0.00,"Total Cost": 44845.00,"Plan Rows": 1499850,"Plan Width": 8,"Actual Startup Time": 0.044,"Actual Total Time": 3147.620,"Actual Rows": 1483839,"Actual Loops": 1,"Filter": "((o_comment)::text !~~ '%pending%deposits%'::text)","Rows Removed by Filter": 16161},{"Node Type": "Hash","Parent Relationship": "Inner","Parallel Aware": false,"Async Capable": false,"Startup Cost": 3906.42,"Total Cost": 3906.42,"Plan Rows": 150000,"Plan Width": 4,"Actual Startup Time": 34.769,"Actual Total Time": 34.783,"Actual Rows": 150000,"Actual Loops": 1,"Hash Buckets": 262144,"Original Hash Buckets": 262144,"Hash Batches": 1,"Original Hash Batches": 1,"Peak Memory Usage": 7322,"Plans": [{"Node Type": "Index Only Scan","Parent Relationship": "Outer","Parallel Aware": false,"Async Capable": false,"Scan Direction": "Forward","Index Name": "customer_pkey","Relation Name": "customer","Alias": "customer","Startup Cost": 0.42,"Total Cost": 3906.42,"Plan Rows": 150000,"Plan Width": 4,"Actual Startup Time": 0.065,"Actual Total Time": 13.424,"Actual Rows": 150000,"Actual Loops": 1,"Heap Fetches": 0}]}]}]}]}]},"Planning Time": 3.594,"Triggers": [],"Execution Time": 6658.782}]
[{"Plan": {"Node Type": "Sort","Parallel Aware": false,"Async Capable": false,"Startup Cost": 65592.61,"Total Cost": 65593.11,"Plan Rows": 200,"Plan Width": 16,"Actual Startup Time": 6059.416,"Actual Total Time": 6059.459,"Actual Rows": 42,"Actual Loops": 1,"Sort Key": ["(count(*)) DESC", "(count(orders.o_orderkey)) DESC"],"Sort Method": "quicksort","Sort Space Used": 27,"Sort Space Type": "Memory","Plans": [{"Node Type": "Aggregate","Strategy": "Hashed","Partial Mode": "Simple","Parent Relationship": "Outer","Parallel Aware": false,"Async Capable": false,"Startup Cost": 65582.97,"Total Cost": 65584.97,"Plan Rows": 200,"Plan Width": 16,"Actual Startup Time": 6059.318,"Actual Total Time": 6059.369,"Actual Rows": 42,"Actual Loops": 1,"Group Key": ["count(orders.o_orderkey)"],"Planned Partitions": 0,"HashAgg Batches": 1,"Peak Memory Usage": 40,"Disk Usage": 0,"Plans": [{"Node Type": "Aggregate","Strategy": "Hashed","Partial Mode": "Simple","Parent Relationship": "Outer","Parallel Aware": false,"Async Capable": false,"Startup Cost": 61832.97,"Total Cost": 63332.97,"Plan Rows": 150000,"Plan Width": 12,"Actual Startup Time": 5864.158,"Actual Total Time": 6045.542,"Actual Rows": 150000,"Actual Loops": 1,"Group Key": ["customer.c_custkey"],"Planned Partitions": 0,"HashAgg Batches": 1,"Peak Memory Usage": 22545,"Disk Usage": 0,"Plans": [{"Node Type": "Hash Join","Parent Relationship": "Outer","Parallel Aware": false,"Async Capable": false,"Join Type": "Right","Startup Cost": 5781.42,"Total Cost": 54484.49,"Plan Rows": 1469697,"Plan Width": 8,"Actual Startup Time": 38.198,"Actual Total Time": 4061.016,"Actual Rows": 1533817,"Actual Loops": 1,"Inner Unique": true,"Hash Cond": "(orders.o_custkey = customer.c_custkey)","Plans": [{"Node Type": "Seq Scan","Parent Relationship": "Outer","Parallel Aware": false,"Async Capable": false,"Relation Name": "orders","Alias": "orders","Startup Cost": 0.00,"Total Cost": 44845.00,"Plan Rows": 1469697,"Plan Width": 8,"Actual Startup Time": 0.037,"Actual Total Time": 2812.366,"Actual Rows": 1483813,"Actual Loops": 1,"Filter": "((o_comment)::text !~~ '%unusual%requests%'::text)","Rows Removed by Filter": 16187},{"Node Type": "Hash","Parent Relationship": "Inner","Parallel Aware": false,"Async Capable": false,"Startup Cost": 3906.42,"Total Cost": 3906.42,"Plan Rows": 150000,"Plan Width": 4,"Actual Startup Time": 36.318,"Actual Total Time": 36.334,"Actual Rows": 150000,"Actual Loops": 1,"Hash Buckets": 262144,"Original Hash Buckets": 262144,"Hash Batches": 1,"Original Hash Batches": 1,"Peak Memory Usage": 7322,"Plans": [{"Node Type": "Index Only Scan","Parent Relationship": "Outer","Parallel Aware": false,"Async Capable": false,"Scan Direction": "Forward","Index Name": "customer_pkey","Relation Name": "customer","Alias": "customer","Startup Cost": 0.42,"Total Cost": 3906.42,"Plan Rows": 150000,"Plan Width": 4,"Actual Startup Time": 0.044,"Actual Total Time": 14.416,"Actual Rows": 150000,"Actual Loops": 1,"Heap Fetches": 0}]}]}]}]}]},"Planning Time": 3.526,"Triggers": [],"Execution Time": 6069.080}]
[{"Plan": {"Node Type": "Sort","Parallel Aware": false,"Async Capable": false,"Startup Cost": 65822.53,"Total Cost": 65823.03,"Plan Rows": 200,"Plan Width": 16,"Actual Startup Time": 5956.637,"Actual Total Time": 5956.675,"Actual Rows": 42,"Actual Loops": 1,"Sort Key": ["(count(*)) DESC", "(count(orders.o_orderkey)) DESC"],"Sort Method": "quicksort","Sort Space Used": 27,"Sort Space Type": "Memory","Plans": [{"Node Type": "Aggregate","Strategy": "Hashed","Partial Mode": "Simple","Parent Relationship": "Outer","Parallel Aware": false,"Async Capable": false,"Startup Cost": 65812.89,"Total Cost": 65814.89,"Plan Rows": 200,"Plan Width": 16,"Actual Startup Time": 5956.548,"Actual Total Time": 5956.590,"Actual Rows": 42,"Actual Loops": 1,"Group Key": ["count(orders.o_orderkey)"],"Planned Partitions": 0,"HashAgg Batches": 1,"Peak Memory Usage": 40,"Disk Usage": 0,"Plans": [{"Node Type": "Aggregate","Strategy": "Hashed","Partial Mode": "Simple","Parent Relationship": "Outer","Parallel Aware": false,"Async Capable": false,"Startup Cost": 62062.89,"Total Cost": 63562.89,"Plan Rows": 150000,"Plan Width": 12,"Actual Startup Time": 5763.184,"Actual Total Time": 5942.838,"Actual Rows": 150000,"Actual Loops": 1,"Group Key": ["customer.c_custkey"],"Planned Partitions": 0,"HashAgg Batches": 1,"Peak Memory Usage": 22545,"Disk Usage": 0,"Plans": [{"Node Type": "Hash Join","Parent Relationship": "Outer","Parallel Aware": false,"Async Capable": false,"Join Type": "Right","Startup Cost": 5781.42,"Total Cost": 54563.64,"Plan Rows": 1499850,"Plan Width": 8,"Actual Startup Time": 38.566,"Actual Total Time": 3955.732,"Actual Rows": 1533620,"Actual Loops": 1,"Inner Unique": true,"Hash Cond": "(orders.o_custkey = customer.c_custkey)","Plans": [{"Node Type": "Seq Scan","Parent Relationship": "Outer","Parallel Aware": false,"Async Capable": false,"Relation Name": "orders","Alias": "orders","Startup Cost": 0.00,"Total Cost": 44845.00,"Plan Rows": 1499850,"Plan Width": 8,"Actual Startup Time": 0.052,"Actual Total Time": 2713.562,"Actual Rows": 1483615,"Actual Loops": 1,"Filter": "((o_comment)::text !~~ '%pending%accounts%'::text)","Rows Removed by Filter": 16385},{"Node Type": "Hash","Parent Relationship": "Inner","Parallel Aware": false,"Async Capable": false,"Startup Cost": 3906.42,"Total Cost": 3906.42,"Plan Rows": 150000,"Plan Width": 4,"Actual Startup Time": 36.530,"Actual Total Time": 36.543,"Actual Rows": 150000,"Actual Loops": 1,"Hash Buckets": 262144,"Original Hash Buckets": 262144,"Hash Batches": 1,"Original Hash Batches": 1,"Peak Memory Usage": 7322,"Plans": [{"Node Type": "Index Only Scan","Parent Relationship": "Outer","Parallel Aware": false,"Async Capable": false,"Scan Direction": "Forward","Index Name": "customer_pkey","Relation Name": "customer","Alias": "customer","Startup Cost": 0.42,"Total Cost": 3906.42,"Plan Rows": 150000,"Plan Width": 4,"Actual Startup Time": 0.036,"Actual Total Time": 14.278,"Actual Rows": 150000,"Actual Loops": 1,"Heap Fetches": 0}]}]}]}]}]},"Planning Time": 3.568,"Triggers": [],"Execution Time": 5966.474}]
[{"Plan": {"Node Type": "Sort","Parallel Aware": false,"Async Capable": false,"Startup Cost": 65822.53,"Total Cost": 65823.03,"Plan Rows": 200,"Plan Width": 16,"Actual Startup Time": 6101.280,"Actual Total Time": 6101.314,"Actual Rows": 42,"Actual Loops": 1,"Sort Key": ["(count(*)) DESC", "(count(orders.o_orderkey)) DESC"],"Sort Method": "quicksort","Sort Space Used": 27,"Sort Space Type": "Memory","Plans": [{"Node Type": "Aggregate","Strategy": "Hashed","Partial Mode": "Simple","Parent Relationship": "Outer","Parallel Aware": false,"Async Capable": false,"Startup Cost": 65812.89,"Total Cost": 65814.89,"Plan Rows": 200,"Plan Width": 16,"Actual Startup Time": 6101.184,"Actual Total Time": 6101.232,"Actual Rows": 42,"Actual Loops": 1,"Group Key": ["count(orders.o_orderkey)"],"Planned Partitions": 0,"HashAgg Batches": 1,"Peak Memory Usage": 40,"Disk Usage": 0,"Plans": [{"Node Type": "Aggregate","Strategy": "Hashed","Partial Mode": "Simple","Parent Relationship": "Outer","Parallel Aware": false,"Async Capable": false,"Startup Cost": 62062.89,"Total Cost": 63562.89,"Plan Rows": 150000,"Plan Width": 12,"Actual Startup Time": 5921.162,"Actual Total Time": 6087.400,"Actual Rows": 150000,"Actual Loops": 1,"Group Key": ["customer.c_custkey"],"Planned Partitions": 0,"HashAgg Batches": 1,"Peak Memory Usage": 22545,"Disk Usage": 0,"Plans": [{"Node Type": "Hash Join","Parent Relationship": "Outer","Parallel Aware": false,"Async Capable": false,"Join Type": "Right","Startup Cost": 5781.42,"Total Cost": 54563.64,"Plan Rows": 1499850,"Plan Width": 8,"Actual Startup Time": 39.228,"Actual Total Time": 4074.723,"Actual Rows": 1533808,"Actual Loops": 1,"Inner Unique": true,"Hash Cond": "(orders.o_custkey = customer.c_custkey)","Plans": [{"Node Type": "Seq Scan","Parent Relationship": "Outer","Parallel Aware": false,"Async Capable": false,"Relation Name": "orders","Alias": "orders","Startup Cost": 0.00,"Total Cost": 44845.00,"Plan Rows": 1499850,"Plan Width": 8,"Actual Startup Time": 0.056,"Actual Total Time": 2834.984,"Actual Rows": 1483804,"Actual Loops": 1,"Filter": "((o_comment)::text !~~ '%special%deposits%'::text)","Rows Removed by Filter": 16196},{"Node Type": "Hash","Parent Relationship": "Inner","Parallel Aware": false,"Async Capable": false,"Startup Cost": 3906.42,"Total Cost": 3906.42,"Plan Rows": 150000,"Plan Width": 4,"Actual Startup Time": 37.438,"Actual Total Time": 37.451,"Actual Rows": 150000,"Actual Loops": 1,"Hash Buckets": 262144,"Original Hash Buckets": 262144,"Hash Batches": 1,"Original Hash Batches": 1,"Peak Memory Usage": 7322,"Plans": [{"Node Type": "Index Only Scan","Parent Relationship": "Outer","Parallel Aware": false,"Async Capable": false,"Scan Direction": "Forward","Index Name": "customer_pkey","Relation Name": "customer","Alias": "customer","Startup Cost": 0.42,"Total Cost": 3906.42,"Plan Rows": 150000,"Plan Width": 4,"Actual Startup Time": 0.049,"Actual Total Time": 14.639,"Actual Rows": 150000,"Actual Loops": 1,"Heap Fetches": 0}]}]}]}]}]},"Planning Time": 3.971,"Triggers": [],"Execution Time": 6110.955}]
[{"Plan": {"Node Type": "Sort","Parallel Aware": false,"Async Capable": false,"Startup Cost": 65708.14,"Total Cost": 65708.64,"Plan Rows": 200,"Plan Width": 16,"Actual Startup Time": 6096.152,"Actual Total Time": 6096.183,"Actual Rows": 42,"Actual Loops": 1,"Sort Key": ["(count(*)) DESC", "(count(orders.o_orderkey)) DESC"],"Sort Method": "quicksort","Sort Space Used": 27,"Sort Space Type": "Memory","Plans": [{"Node Type": "Aggregate","Strategy": "Hashed","Partial Mode": "Simple","Parent Relationship": "Outer","Parallel Aware": false,"Async Capable": false,"Startup Cost": 65698.50,"Total Cost": 65700.50,"Plan Rows": 200,"Plan Width": 16,"Actual Startup Time": 6096.055,"Actual Total Time": 6096.099,"Actual Rows": 42,"Actual Loops": 1,"Group Key": ["count(orders.o_orderkey)"],"Planned Partitions": 0,"HashAgg Batches": 1,"Peak Memory Usage": 40,"Disk Usage": 0,"Plans": [{"Node Type": "Aggregate","Strategy": "Hashed","Partial Mode": "Simple","Parent Relationship": "Outer","Parallel Aware": false,"Async Capable": false,"Startup Cost": 61948.50,"Total Cost": 63448.50,"Plan Rows": 150000,"Plan Width": 12,"Actual Startup Time": 5916.888,"Actual Total Time": 6082.285,"Actual Rows": 150000,"Actual Loops": 1,"Group Key": ["customer.c_custkey"],"Planned Partitions": 0,"HashAgg Batches": 1,"Peak Memory Usage": 22545,"Disk Usage": 0,"Plans": [{"Node Type": "Hash Join","Parent Relationship": "Outer","Parallel Aware": false,"Async Capable": false,"Join Type": "Right","Startup Cost": 5781.42,"Total Cost": 54524.26,"Plan Rows": 1484848,"Plan Width": 8,"Actual Startup Time": 39.799,"Actual Total Time": 4085.231,"Actual Rows": 1533660,"Actual Loops": 1,"Inner Unique": true,"Hash Cond": "(orders.o_custkey = customer.c_custkey)","Plans": [{"Node Type": "Seq Scan","Parent Relationship": "Outer","Parallel Aware": false,"Async Capable": false,"Relation Name": "orders","Alias": "orders","Startup Cost": 0.00,"Total Cost": 44845.00,"Plan Rows": 1484848,"Plan Width": 8,"Actual Startup Time": 0.053,"Actual Total Time": 2810.059,"Actual Rows": 1483656,"Actual Loops": 1,"Filter": "((o_comment)::text !~~ '%pending%requests%'::text)","Rows Removed by Filter": 16344},{"Node Type": "Hash","Parent Relationship": "Inner","Parallel Aware": false,"Async Capable": false,"Startup Cost": 3906.42,"Total Cost": 3906.42,"Plan Rows": 150000,"Plan Width": 4,"Actual Startup Time": 37.918,"Actual Total Time": 37.930,"Actual Rows": 150000,"Actual Loops": 1,"Hash Buckets": 262144,"Original Hash Buckets": 262144,"Hash Batches": 1,"Original Hash Batches": 1,"Peak Memory Usage": 7322,"Plans": [{"Node Type": "Index Only Scan","Parent Relationship": "Outer","Parallel Aware": false,"Async Capable": false,"Scan Direction": "Forward","Index Name": "customer_pkey","Relation Name": "customer","Alias": "customer","Startup Cost": 0.42,"Total Cost": 3906.42,"Plan Rows": 150000,"Plan Width": 4,"Actual Startup Time": 0.035,"Actual Total Time": 14.493,"Actual Rows": 150000,"Actual Loops": 1,"Heap Fetches": 0}]}]}]}]}]},"Planning Time": 4.221,"Triggers": [],"Execution Time": 6104.310}]
[{"Plan": {"Node Type": "Sort","Parallel Aware": false,"Async Capable": false,"Startup Cost": 65708.14,"Total Cost": 65708.64,"Plan Rows": 200,"Plan Width": 16,"Actual Startup Time": 6009.895,"Actual Total Time": 6009.932,"Actual Rows": 42,"Actual Loops": 1,"Sort Key": ["(count(*)) DESC", "(count(orders.o_orderkey)) DESC"],"Sort Method": "quicksort","Sort Space Used": 27,"Sort Space Type": "Memory","Plans": [{"Node Type": "Aggregate","Strategy": "Hashed","Partial Mode": "Simple","Parent Relationship": "Outer","Parallel Aware": false,"Async Capable": false,"Startup Cost": 65698.50,"Total Cost": 65700.50,"Plan Rows": 200,"Plan Width": 16,"Actual Startup Time": 6009.807,"Actual Total Time": 6009.848,"Actual Rows": 42,"Actual Loops": 1,"Group Key": ["count(orders.o_orderkey)"],"Planned Partitions": 0,"HashAgg Batches": 1,"Peak Memory Usage": 40,"Disk Usage": 0,"Plans": [{"Node Type": "Aggregate","Strategy": "Hashed","Partial Mode": "Simple","Parent Relationship": "Outer","Parallel Aware": false,"Async Capable": false,"Startup Cost": 61948.50,"Total Cost": 63448.50,"Plan Rows": 150000,"Plan Width": 12,"Actual Startup Time": 5831.373,"Actual Total Time": 5996.054,"Actual Rows": 150000,"Actual Loops": 1,"Group Key": ["customer.c_custkey"],"Planned Partitions": 0,"HashAgg Batches": 1,"Peak Memory Usage": 22545,"Disk Usage": 0,"Plans": [{"Node Type": "Hash Join","Parent Relationship": "Outer","Parallel Aware": false,"Async Capable": false,"Join Type": "Right","Startup Cost": 5781.42,"Total Cost": 54524.26,"Plan Rows": 1484848,"Plan Width": 8,"Actual Startup Time": 39.338,"Actual Total Time": 3994.258,"Actual Rows": 1533903,"Actual Loops": 1,"Inner Unique": true,"Hash Cond": "(orders.o_custkey = customer.c_custkey)","Plans": [{"Node Type": "Seq Scan","Parent Relationship": "Outer","Parallel Aware": false,"Async Capable": false,"Relation Name": "orders","Alias": "orders","Startup Cost": 0.00,"Total Cost": 44845.00,"Plan Rows": 1484848,"Plan Width": 8,"Actual Startup Time": 0.067,"Actual Total Time": 2735.690,"Actual Rows": 1483898,"Actual Loops": 1,"Filter": "((o_comment)::text !~~ '%pending%packages%'::text)","Rows Removed by Filter": 16102},{"Node Type": "Hash","Parent Relationship": "Inner","Parallel Aware": false,"Async Capable": false,"Startup Cost": 3906.42,"Total Cost": 3906.42,"Plan Rows": 150000,"Plan Width": 4,"Actual Startup Time": 37.449,"Actual Total Time": 37.461,"Actual Rows": 150000,"Actual Loops": 1,"Hash Buckets": 262144,"Original Hash Buckets": 262144,"Hash Batches": 1,"Original Hash Batches": 1,"Peak Memory Usage": 7322,"Plans": [{"Node Type": "Index Only Scan","Parent Relationship": "Outer","Parallel Aware": false,"Async Capable": false,"Scan Direction": "Forward","Index Name": "customer_pkey","Relation Name": "customer","Alias": "customer","Startup Cost": 0.42,"Total Cost": 3906.42,"Plan Rows": 150000,"Plan Width": 4,"Actual Startup Time": 0.047,"Actual Total Time": 14.301,"Actual Rows": 150000,"Actual Loops": 1,"Heap Fetches": 0}]}]}]}]}]},"Planning Time": 4.405,"Triggers": [],"Execution Time": 6018.249}]
[{"Plan": {"Node Type": "Sort","Parallel Aware": false,"Async Capable": false,"Startup Cost": 65592.61,"Total Cost": 65593.11,"Plan Rows": 200,"Plan Width": 16,"Actual Startup Time": 6108.888,"Actual Total Time": 6108.932,"Actual Rows": 42,"Actual Loops": 1,"Sort Key": ["(count(*)) DESC", "(count(orders.o_orderkey)) DESC"],"Sort Method": "quicksort","Sort Space Used": 27,"Sort Space Type": "Memory","Plans": [{"Node Type": "Aggregate","Strategy": "Hashed","Partial Mode": "Simple","Parent Relationship": "Outer","Parallel Aware": false,"Async Capable": false,"Startup Cost": 65582.97,"Total Cost": 65584.97,"Plan Rows": 200,"Plan Width": 16,"Actual Startup Time": 6108.797,"Actual Total Time": 6108.848,"Actual Rows": 42,"Actual Loops": 1,"Group Key": ["count(orders.o_orderkey)"],"Planned Partitions": 0,"HashAgg Batches": 1,"Peak Memory Usage": 40,"Disk Usage": 0,"Plans": [{"Node Type": "Aggregate","Strategy": "Hashed","Partial Mode": "Simple","Parent Relationship": "Outer","Parallel Aware": false,"Async Capable": false,"Startup Cost": 61832.97,"Total Cost": 63332.97,"Plan Rows": 150000,"Plan Width": 12,"Actual Startup Time": 5916.041,"Actual Total Time": 6095.043,"Actual Rows": 150000,"Actual Loops": 1,"Group Key": ["customer.c_custkey"],"Planned Partitions": 0,"HashAgg Batches": 1,"Peak Memory Usage": 22545,"Disk Usage": 0,"Plans": [{"Node Type": "Hash Join","Parent Relationship": "Outer","Parallel Aware": false,"Async Capable": false,"Join Type": "Right","Startup Cost": 5781.42,"Total Cost": 54484.49,"Plan Rows": 1469697,"Plan Width": 8,"Actual Startup Time": 39.068,"Actual Total Time": 4097.616,"Actual Rows": 1534019,"Actual Loops": 1,"Inner Unique": true,"Hash Cond": "(orders.o_custkey = customer.c_custkey)","Plans": [{"Node Type": "Seq Scan","Parent Relationship": "Outer","Parallel Aware": false,"Async Capable": false,"Relation Name": "orders","Alias": "orders","Startup Cost": 0.00,"Total Cost": 44845.00,"Plan Rows": 1469697,"Plan Width": 8,"Actual Startup Time": 0.051,"Actual Total Time": 2823.952,"Actual Rows": 1484015,"Actual Loops": 1,"Filter": "((o_comment)::text !~~ '%express%accounts%'::text)","Rows Removed by Filter": 15985},{"Node Type": "Hash","Parent Relationship": "Inner","Parallel Aware": false,"Async Capable": false,"Startup Cost": 3906.42,"Total Cost": 3906.42,"Plan Rows": 150000,"Plan Width": 4,"Actual Startup Time": 37.191,"Actual Total Time": 37.207,"Actual Rows": 150000,"Actual Loops": 1,"Hash Buckets": 262144,"Original Hash Buckets": 262144,"Hash Batches": 1,"Original Hash Batches": 1,"Peak Memory Usage": 7322,"Plans": [{"Node Type": "Index Only Scan","Parent Relationship": "Outer","Parallel Aware": false,"Async Capable": false,"Scan Direction": "Forward","Index Name": "customer_pkey","Relation Name": "customer","Alias": "customer","Startup Cost": 0.42,"Total Cost": 3906.42,"Plan Rows": 150000,"Plan Width": 4,"Actual Startup Time": 0.038,"Actual Total Time": 14.188,"Actual Rows": 150000,"Actual Loops": 1,"Heap Fetches": 0}]}]}]}]}]},"Planning Time": 3.814,"Triggers": [],"Execution Time": 6118.531}]
[{"Plan": {"Node Type": "Sort","Parallel Aware": false,"Async Capable": false,"Startup Cost": 65592.61,"Total Cost": 65593.11,"Plan Rows": 200,"Plan Width": 16,"Actual Startup Time": 6108.888,"Actual Total Time": 6108.932,"Actual Rows": 42,"Actual Loops": 1,"Sort Key": ["(count(*)) DESC", "(count(orders.o_orderkey)) DESC"],"Sort Method": "quicksort","Sort Space Used": 27,"Sort Space Type": "Memory","Plans": [{"Node Type": "Aggregate","Strategy": "Hashed","Partial Mode": "Simple","Parent Relationship": "Outer","Parallel Aware": false,"Async Capable": false,"Startup Cost": 65582.97,"Total Cost": 65584.97,"Plan Rows": 200,"Plan Width": 16,"Actual Startup Time": 6108.797,"Actual Total Time": 6108.848,"Actual Rows": 42,"Actual Loops": 1,"Group Key": ["count(orders.o_orderkey)"],"Planned Partitions": 0,"HashAgg Batches": 1,"Peak Memory Usage": 40,"Disk Usage": 0,"Plans": [{"Node Type": "Aggregate","Strategy": "Hashed","Partial Mode": "Simple","Parent Relationship": "Outer","Parallel Aware": false,"Async Capable": false,"Startup Cost": 61832.97,"Total Cost": 63332.97,"Plan Rows": 150000,"Plan Width": 12,"Actual Startup Time": 5916.041,"Actual Total Time": 6095.043,"Actual Rows": 150000,"Actual Loops": 1,"Group Key": ["customer.c_custkey"],"Planned Partitions": 0,"HashAgg Batches": 1,"Peak Memory Usage": 22545,"Disk Usage": 0,"Plans": [{"Node Type": "Hash Join","Parent Relationship": "Outer","Parallel Aware": false,"Async Capable": false,"Join Type": "Right","Startup Cost": 5781.42,"Total Cost": 54484.49,"Plan Rows": 1469697,"Plan Width": 8,"Actual Startup Time": 39.068,"Actual Total Time": 4097.616,"Actual Rows": 1534019,"Actual Loops": 1,"Inner Unique": true,"Hash Cond": "(orders.o_custkey = customer.c_custkey)","Plans": [{"Node Type": "Seq Scan","Parent Relationship": "Outer","Parallel Aware": false,"Async Capable": false,"Relation Name": "orders","Alias": "orders","Startup Cost": 0.00,"Total Cost": 44845.00,"Plan Rows": 1469697,"Plan Width": 8,"Actual Startup Time": 0.051,"Actual Total Time": 2823.952,"Actual Rows": 1484015,"Actual Loops": 1,"Filter": "((o_comment)::text !~~ '%express%accounts%'::text)","Rows Removed by Filter": 15985},{"Node Type": "Hash","Parent Relationship": "Inner","Parallel Aware": false,"Async Capable": false,"Startup Cost": 3906.42,"Total Cost": 3906.42,"Plan Rows": 150000,"Plan Width": 4,"Actual Startup Time": 37.191,"Actual Total Time": 37.207,"Actual Rows": 150000,"Actual Loops": 1,"Hash Buckets": 262144,"Original Hash Buckets": 262144,"Hash Batches": 1,"Original Hash Batches": 1,"Peak Memory Usage": 7322,"Plans": [{"Node Type": "Index Only Scan","Parent Relationship": "Outer","Parallel Aware": false,"Async Capable": false,"Scan Direction": "Forward","Index Name": "customer_pkey","Relation Name": "customer","Alias": "customer","Startup Cost": 0.42,"Total Cost": 3906.42,"Plan Rows": 150000,"Plan Width": 4,"Actual Startup Time": 0.038,"Actual Total Time": 14.188,"Actual Rows": 150000,"Actual Loops": 1,"Heap Fetches": 0}]}]}]}]}]},"Planning Time": 3.814,"Triggers": [],"Execution Time": 6118.531}]
[{"Plan": {"Node Type": "Sort","Parallel Aware": false,"Async Capable": false,"Startup Cost": 65708.14,"Total Cost": 65708.64,"Plan Rows": 200,"Plan Width": 16,"Actual Startup Time": 6096.152,"Actual Total Time": 6096.183,"Actual Rows": 42,"Actual Loops": 1,"Sort Key": ["(count(*)) DESC", "(count(orders.o_orderkey)) DESC"],"Sort Method": "quicksort","Sort Space Used": 27,"Sort Space Type": "Memory","Plans": [{"Node Type": "Aggregate","Strategy": "Hashed","Partial Mode": "Simple","Parent Relationship": "Outer","Parallel Aware": false,"Async Capable": false,"Startup Cost": 65698.50,"Total Cost": 65700.50,"Plan Rows": 200,"Plan Width": 16,"Actual Startup Time": 6096.055,"Actual Total Time": 6096.099,"Actual Rows": 42,"Actual Loops": 1,"Group Key": ["count(orders.o_orderkey)"],"Planned Partitions": 0,"HashAgg Batches": 1,"Peak Memory Usage": 40,"Disk Usage": 0,"Plans": [{"Node Type": "Aggregate","Strategy": "Hashed","Partial Mode": "Simple","Parent Relationship": "Outer","Parallel Aware": false,"Async Capable": false,"Startup Cost": 61948.50,"Total Cost": 63448.50,"Plan Rows": 150000,"Plan Width": 12,"Actual Startup Time": 5916.888,"Actual Total Time": 6082.285,"Actual Rows": 150000,"Actual Loops": 1,"Group Key": ["customer.c_custkey"],"Planned Partitions": 0,"HashAgg Batches": 1,"Peak Memory Usage": 22545,"Disk Usage": 0,"Plans": [{"Node Type": "Hash Join","Parent Relationship": "Outer","Parallel Aware": false,"Async Capable": false,"Join Type": "Right","Startup Cost": 5781.42,"Total Cost": 54524.26,"Plan Rows": 1484848,"Plan Width": 8,"Actual Startup Time": 39.799,"Actual Total Time": 4085.231,"Actual Rows": 1533660,"Actual Loops": 1,"Inner Unique": true,"Hash Cond": "(orders.o_custkey = customer.c_custkey)","Plans": [{"Node Type": "Seq Scan","Parent Relationship": "Outer","Parallel Aware": false,"Async Capable": false,"Relation Name": "orders","Alias": "orders","Startup Cost": 0.00,"Total Cost": 44845.00,"Plan Rows": 1484848,"Plan Width": 8,"Actual Startup Time": 0.053,"Actual Total Time": 2810.059,"Actual Rows": 1483656,"Actual Loops": 1,"Filter": "((o_comment)::text !~~ '%pending%requests%'::text)","Rows Removed by Filter": 16344},{"Node Type": "Hash","Parent Relationship": "Inner","Parallel Aware": false,"Async Capable": false,"Startup Cost": 3906.42,"Total Cost": 3906.42,"Plan Rows": 150000,"Plan Width": 4,"Actual Startup Time": 37.918,"Actual Total Time": 37.930,"Actual Rows": 150000,"Actual Loops": 1,"Hash Buckets": 262144,"Original Hash Buckets": 262144,"Hash Batches": 1,"Original Hash Batches": 1,"Peak Memory Usage": 7322,"Plans": [{"Node Type": "Index Only Scan","Parent Relationship": "Outer","Parallel Aware": false,"Async Capable": false,"Scan Direction": "Forward","Index Name": "customer_pkey","Relation Name": "customer","Alias": "customer","Startup Cost": 0.42,"Total Cost": 3906.42,"Plan Rows": 150000,"Plan Width": 4,"Actual Startup Time": 0.035,"Actual Total Time": 14.493,"Actual Rows": 150000,"Actual Loops": 1,"Heap Fetches": 0}]}]}]}]}]},"Planning Time": 4.221,"Triggers": [],"Execution Time": 6104.310}]
[{"Plan": {"Node Type": "Sort","Parallel Aware": false,"Async Capable": false,"Startup Cost": 65708.14,"Total Cost": 65708.64,"Plan Rows": 200,"Plan Width": 16,"Actual Startup Time": 6096.152,"Actual Total Time": 6096.183,"Actual Rows": 42,"Actual Loops": 1,"Sort Key": ["(count(*)) DESC", "(count(orders.o_orderkey)) DESC"],"Sort Method": "quicksort","Sort Space Used": 27,"Sort Space Type": "Memory","Plans": [{"Node Type": "Aggregate","Strategy": "Hashed","Partial Mode": "Simple","Parent Relationship": "Outer","Parallel Aware": false,"Async Capable": false,"Startup Cost": 65698.50,"Total Cost": 65700.50,"Plan Rows": 200,"Plan Width": 16,"Actual Startup Time": 6096.055,"Actual Total Time": 6096.099,"Actual Rows": 42,"Actual Loops": 1,"Group Key": ["count(orders.o_orderkey)"],"Planned Partitions": 0,"HashAgg Batches": 1,"Peak Memory Usage": 40,"Disk Usage": 0,"Plans": [{"Node Type": "Aggregate","Strategy": "Hashed","Partial Mode": "Simple","Parent Relationship": "Outer","Parallel Aware": false,"Async Capable": false,"Startup Cost": 61948.50,"Total Cost": 63448.50,"Plan Rows": 150000,"Plan Width": 12,"Actual Startup Time": 5916.888,"Actual Total Time": 6082.285,"Actual Rows": 150000,"Actual Loops": 1,"Group Key": ["customer.c_custkey"],"Planned Partitions": 0,"HashAgg Batches": 1,"Peak Memory Usage": 22545,"Disk Usage": 0,"Plans": [{"Node Type": "Hash Join","Parent Relationship": "Outer","Parallel Aware": false,"Async Capable": false,"Join Type": "Right","Startup Cost": 5781.42,"Total Cost": 54524.26,"Plan Rows": 1484848,"Plan Width": 8,"Actual Startup Time": 39.799,"Actual Total Time": 4085.231,"Actual Rows": 1533660,"Actual Loops": 1,"Inner Unique": true,"Hash Cond": "(orders.o_custkey = customer.c_custkey)","Plans": [{"Node Type": "Seq Scan","Parent Relationship": "Outer","Parallel Aware": false,"Async Capable": false,"Relation Name": "orders","Alias": "orders","Startup Cost": 0.00,"Total Cost": 44845.00,"Plan Rows": 1484848,"Plan Width": 8,"Actual Startup Time": 0.053,"Actual Total Time": 2810.059,"Actual Rows": 1483656,"Actual Loops": 1,"Filter": "((o_comment)::text !~~ '%pending%requests%'::text)","Rows Removed by Filter": 16344},{"Node Type": "Hash","Parent Relationship": "Inner","Parallel Aware": false,"Async Capable": false,"Startup Cost": 3906.42,"Total Cost": 3906.42,"Plan Rows": 150000,"Plan Width": 4,"Actual Startup Time": 37.918,"Actual Total Time": 37.930,"Actual Rows": 150000,"Actual Loops": 1,"Hash Buckets": 262144,"Original Hash Buckets": 262144,"Hash Batches": 1,"Original Hash Batches": 1,"Peak Memory Usage": 7322,"Plans": [{"Node Type": "Index Only Scan","Parent Relationship": "Outer","Parallel Aware": false,"Async Capable": false,"Scan Direction": "Forward","Index Name": "customer_pkey","Relation Name": "customer","Alias": "customer","Startup Cost": 0.42,"Total Cost": 3906.42,"Plan Rows": 150000,"Plan Width": 4,"Actual Startup Time": 0.035,"Actual Total Time": 14.493,"Actual Rows": 150000,"Actual Loops": 1,"Heap Fetches": 0}]}]}]}]}]},"Planning Time": 4.221,"Triggers": [],"Execution Time": 6104.310}]
[{"Plan": {"Node Type": "Sort","Parallel Aware": false,"Async Capable": false,"Startup Cost": 65708.14,"Total Cost": 65708.64,"Plan Rows": 200,"Plan Width": 16,"Actual Startup Time": 6096.152,"Actual Total Time": 6096.183,"Actual Rows": 42,"Actual Loops": 1,"Sort Key": ["(count(*)) DESC", "(count(orders.o_orderkey)) DESC"],"Sort Method": "quicksort","Sort Space Used": 27,"Sort Space Type": "Memory","Plans": [{"Node Type": "Aggregate","Strategy": "Hashed","Partial Mode": "Simple","Parent Relationship": "Outer","Parallel Aware": false,"Async Capable": false,"Startup Cost": 65698.50,"Total Cost": 65700.50,"Plan Rows": 200,"Plan Width": 16,"Actual Startup Time": 6096.055,"Actual Total Time": 6096.099,"Actual Rows": 42,"Actual Loops": 1,"Group Key": ["count(orders.o_orderkey)"],"Planned Partitions": 0,"HashAgg Batches": 1,"Peak Memory Usage": 40,"Disk Usage": 0,"Plans": [{"Node Type": "Aggregate","Strategy": "Hashed","Partial Mode": "Simple","Parent Relationship": "Outer","Parallel Aware": false,"Async Capable": false,"Startup Cost": 61948.50,"Total Cost": 63448.50,"Plan Rows": 150000,"Plan Width": 12,"Actual Startup Time": 5916.888,"Actual Total Time": 6082.285,"Actual Rows": 150000,"Actual Loops": 1,"Group Key": ["customer.c_custkey"],"Planned Partitions": 0,"HashAgg Batches": 1,"Peak Memory Usage": 22545,"Disk Usage": 0,"Plans": [{"Node Type": "Hash Join","Parent Relationship": "Outer","Parallel Aware": false,"Async Capable": false,"Join Type": "Right","Startup Cost": 5781.42,"Total Cost": 54524.26,"Plan Rows": 1484848,"Plan Width": 8,"Actual Startup Time": 39.799,"Actual Total Time": 4085.231,"Actual Rows": 1533660,"Actual Loops": 1,"Inner Unique": true,"Hash Cond": "(orders.o_custkey = customer.c_custkey)","Plans": [{"Node Type": "Seq Scan","Parent Relationship": "Outer","Parallel Aware": false,"Async Capable": false,"Relation Name": "orders","Alias": "orders","Startup Cost": 0.00,"Total Cost": 44845.00,"Plan Rows": 1484848,"Plan Width": 8,"Actual Startup Time": 0.053,"Actual Total Time": 2810.059,"Actual Rows": 1483656,"Actual Loops": 1,"Filter": "((o_comment)::text !~~ '%pending%requests%'::text)","Rows Removed by Filter": 16344},{"Node Type": "Hash","Parent Relationship": "Inner","Parallel Aware": false,"Async Capable": false,"Startup Cost": 3906.42,"Total Cost": 3906.42,"Plan Rows": 150000,"Plan Width": 4,"Actual Startup Time": 37.918,"Actual Total Time": 37.930,"Actual Rows": 150000,"Actual Loops": 1,"Hash Buckets": 262144,"Original Hash Buckets": 262144,"Hash Batches": 1,"Original Hash Batches": 1,"Peak Memory Usage": 7322,"Plans": [{"Node Type": "Index Only Scan","Parent Relationship": "Outer","Parallel Aware": false,"Async Capable": false,"Scan Direction": "Forward","Index Name": "customer_pkey","Relation Name": "customer","Alias": "customer","Startup Cost": 0.42,"Total Cost": 3906.42,"Plan Rows": 150000,"Plan Width": 4,"Actual Startup Time": 0.035,"Actual Total Time": 14.493,"Actual Rows": 150000,"Actual Loops": 1,"Heap Fetches": 0}]}]}]}]}]},"Planning Time": 4.221,"Triggers": [],"Execution Time": 6104.310}]
[{"Plan": {"Node Type": "Sort","Parallel Aware": false,"Async Capable": false,"Startup Cost": 65592.61,"Total Cost": 65593.11,"Plan Rows": 200,"Plan Width": 16,"Actual Startup Time": 6059.416,"Actual Total Time": 6059.459,"Actual Rows": 42,"Actual Loops": 1,"Sort Key": ["(count(*)) DESC", "(count(orders.o_orderkey)) DESC"],"Sort Method": "quicksort","Sort Space Used": 27,"Sort Space Type": "Memory","Plans": [{"Node Type": "Aggregate","Strategy": "Hashed","Partial Mode": "Simple","Parent Relationship": "Outer","Parallel Aware": false,"Async Capable": false,"Startup Cost": 65582.97,"Total Cost": 65584.97,"Plan Rows": 200,"Plan Width": 16,"Actual Startup Time": 6059.318,"Actual Total Time": 6059.369,"Actual Rows": 42,"Actual Loops": 1,"Group Key": ["count(orders.o_orderkey)"],"Planned Partitions": 0,"HashAgg Batches": 1,"Peak Memory Usage": 40,"Disk Usage": 0,"Plans": [{"Node Type": "Aggregate","Strategy": "Hashed","Partial Mode": "Simple","Parent Relationship": "Outer","Parallel Aware": false,"Async Capable": false,"Startup Cost": 61832.97,"Total Cost": 63332.97,"Plan Rows": 150000,"Plan Width": 12,"Actual Startup Time": 5864.158,"Actual Total Time": 6045.542,"Actual Rows": 150000,"Actual Loops": 1,"Group Key": ["customer.c_custkey"],"Planned Partitions": 0,"HashAgg Batches": 1,"Peak Memory Usage": 22545,"Disk Usage": 0,"Plans": [{"Node Type": "Hash Join","Parent Relationship": "Outer","Parallel Aware": false,"Async Capable": false,"Join Type": "Right","Startup Cost": 5781.42,"Total Cost": 54484.49,"Plan Rows": 1469697,"Plan Width": 8,"Actual Startup Time": 38.198,"Actual Total Time": 4061.016,"Actual Rows": 1533817,"Actual Loops": 1,"Inner Unique": true,"Hash Cond": "(orders.o_custkey = customer.c_custkey)","Plans": [{"Node Type": "Seq Scan","Parent Relationship": "Outer","Parallel Aware": false,"Async Capable": false,"Relation Name": "orders","Alias": "orders","Startup Cost": 0.00,"Total Cost": 44845.00,"Plan Rows": 1469697,"Plan Width": 8,"Actual Startup Time": 0.037,"Actual Total Time": 2812.366,"Actual Rows": 1483813,"Actual Loops": 1,"Filter": "((o_comment)::text !~~ '%unusual%requests%'::text)","Rows Removed by Filter": 16187},{"Node Type": "Hash","Parent Relationship": "Inner","Parallel Aware": false,"Async Capable": false,"Startup Cost": 3906.42,"Total Cost": 3906.42,"Plan Rows": 150000,"Plan Width": 4,"Actual Startup Time": 36.318,"Actual Total Time": 36.334,"Actual Rows": 150000,"Actual Loops": 1,"Hash Buckets": 262144,"Original Hash Buckets": 262144,"Hash Batches": 1,"Original Hash Batches": 1,"Peak Memory Usage": 7322,"Plans": [{"Node Type": "Index Only Scan","Parent Relationship": "Outer","Parallel Aware": false,"Async Capable": false,"Scan Direction": "Forward","Index Name": "customer_pkey","Relation Name": "customer","Alias": "customer","Startup Cost": 0.42,"Total Cost": 3906.42,"Plan Rows": 150000,"Plan Width": 4,"Actual Startup Time": 0.044,"Actual Total Time": 14.416,"Actual Rows": 150000,"Actual Loops": 1,"Heap Fetches": 0}]}]}]}]}]},"Planning Time": 3.526,"Triggers": [],"Execution Time": 6069.080}]
[{"Plan": {"Node Type": "Sort","Parallel Aware": false,"Async Capable": false,"Startup Cost": 65592.61,"Total Cost": 65593.11,"Plan Rows": 200,"Plan Width": 16,"Actual Startup Time": 6059.416,"Actual Total Time": 6059.459,"Actual Rows": 42,"Actual Loops": 1,"Sort Key": ["(count(*)) DESC", "(count(orders.o_orderkey)) DESC"],"Sort Method": "quicksort","Sort Space Used": 27,"Sort Space Type": "Memory","Plans": [{"Node Type": "Aggregate","Strategy": "Hashed","Partial Mode": "Simple","Parent Relationship": "Outer","Parallel Aware": false,"Async Capable": false,"Startup Cost": 65582.97,"Total Cost": 65584.97,"Plan Rows": 200,"Plan Width": 16,"Actual Startup Time": 6059.318,"Actual Total Time": 6059.369,"Actual Rows": 42,"Actual Loops": 1,"Group Key": ["count(orders.o_orderkey)"],"Planned Partitions": 0,"HashAgg Batches": 1,"Peak Memory Usage": 40,"Disk Usage": 0,"Plans": [{"Node Type": "Aggregate","Strategy": "Hashed","Partial Mode": "Simple","Parent Relationship": "Outer","Parallel Aware": false,"Async Capable": false,"Startup Cost": 61832.97,"Total Cost": 63332.97,"Plan Rows": 150000,"Plan Width": 12,"Actual Startup Time": 5864.158,"Actual Total Time": 6045.542,"Actual Rows": 150000,"Actual Loops": 1,"Group Key": ["customer.c_custkey"],"Planned Partitions": 0,"HashAgg Batches": 1,"Peak Memory Usage": 22545,"Disk Usage": 0,"Plans": [{"Node Type": "Hash Join","Parent Relationship": "Outer","Parallel Aware": false,"Async Capable": false,"Join Type": "Right","Startup Cost": 5781.42,"Total Cost": 54484.49,"Plan Rows": 1469697,"Plan Width": 8,"Actual Startup Time": 38.198,"Actual Total Time": 4061.016,"Actual Rows": 1533817,"Actual Loops": 1,"Inner Unique": true,"Hash Cond": "(orders.o_custkey = customer.c_custkey)","Plans": [{"Node Type": "Seq Scan","Parent Relationship": "Outer","Parallel Aware": false,"Async Capable": false,"Relation Name": "orders","Alias": "orders","Startup Cost": 0.00,"Total Cost": 44845.00,"Plan Rows": 1469697,"Plan Width": 8,"Actual Startup Time": 0.037,"Actual Total Time": 2812.366,"Actual Rows": 1483813,"Actual Loops": 1,"Filter": "((o_comment)::text !~~ '%unusual%requests%'::text)","Rows Removed by Filter": 16187},{"Node Type": "Hash","Parent Relationship": "Inner","Parallel Aware": false,"Async Capable": false,"Startup Cost": 3906.42,"Total Cost": 3906.42,"Plan Rows": 150000,"Plan Width": 4,"Actual Startup Time": 36.318,"Actual Total Time": 36.334,"Actual Rows": 150000,"Actual Loops": 1,"Hash Buckets": 262144,"Original Hash Buckets": 262144,"Hash Batches": 1,"Original Hash Batches": 1,"Peak Memory Usage": 7322,"Plans": [{"Node Type": "Index Only Scan","Parent Relationship": "Outer","Parallel Aware": false,"Async Capable": false,"Scan Direction": "Forward","Index Name": "customer_pkey","Relation Name": "customer","Alias": "customer","Startup Cost": 0.42,"Total Cost": 3906.42,"Plan Rows": 150000,"Plan Width": 4,"Actual Startup Time": 0.044,"Actual Total Time": 14.416,"Actual Rows": 150000,"Actual Loops": 1,"Heap Fetches": 0}]}]}]}]}]},"Planning Time": 3.526,"Triggers": [],"Execution Time": 6069.080}]
[{"Plan": {"Node Type": "Sort","Parallel Aware": false,"Async Capable": false,"Startup Cost": 65822.53,"Total Cost": 65823.03,"Plan Rows": 200,"Plan Width": 16,"Actual Startup Time": 6650.964,"Actual Total Time": 6651.000,"Actual Rows": 42,"Actual Loops": 1,"Sort Key": ["(count(*)) DESC", "(count(orders.o_orderkey)) DESC"],"Sort Method": "quicksort","Sort Space Used": 27,"Sort Space Type": "Memory","Plans": [{"Node Type": "Aggregate","Strategy": "Hashed","Partial Mode": "Simple","Parent Relationship": "Outer","Parallel Aware": false,"Async Capable": false,"Startup Cost": 65812.89,"Total Cost": 65814.89,"Plan Rows": 200,"Plan Width": 16,"Actual Startup Time": 6650.893,"Actual Total Time": 6650.940,"Actual Rows": 42,"Actual Loops": 1,"Group Key": ["count(orders.o_orderkey)"],"Planned Partitions": 0,"HashAgg Batches": 1,"Peak Memory Usage": 40,"Disk Usage": 0,"Plans": [{"Node Type": "Aggregate","Strategy": "Hashed","Partial Mode": "Simple","Parent Relationship": "Outer","Parallel Aware": false,"Async Capable": false,"Startup Cost": 62062.89,"Total Cost": 63562.89,"Plan Rows": 150000,"Plan Width": 12,"Actual Startup Time": 6477.408,"Actual Total Time": 6637.150,"Actual Rows": 150000,"Actual Loops": 1,"Group Key": ["customer.c_custkey"],"Planned Partitions": 0,"HashAgg Batches": 1,"Peak Memory Usage": 22545,"Disk Usage": 0,"Plans": [{"Node Type": "Hash Join","Parent Relationship": "Outer","Parallel Aware": false,"Async Capable": false,"Join Type": "Right","Startup Cost": 5781.42,"Total Cost": 54563.64,"Plan Rows": 1499850,"Plan Width": 8,"Actual Startup Time": 36.551,"Actual Total Time": 4552.506,"Actual Rows": 1533843,"Actual Loops": 1,"Inner Unique": true,"Hash Cond": "(orders.o_custkey = customer.c_custkey)","Plans": [{"Node Type": "Seq Scan","Parent Relationship": "Outer","Parallel Aware": false,"Async Capable": false,"Relation Name": "orders","Alias": "orders","Startup Cost": 0.00,"Total Cost": 44845.00,"Plan Rows": 1499850,"Plan Width": 8,"Actual Startup Time": 0.044,"Actual Total Time": 3147.620,"Actual Rows": 1483839,"Actual Loops": 1,"Filter": "((o_comment)::text !~~ '%pending%deposits%'::text)","Rows Removed by Filter": 16161},{"Node Type": "Hash","Parent Relationship": "Inner","Parallel Aware": false,"Async Capable": false,"Startup Cost": 3906.42,"Total Cost": 3906.42,"Plan Rows": 150000,"Plan Width": 4,"Actual Startup Time": 34.769,"Actual Total Time": 34.783,"Actual Rows": 150000,"Actual Loops": 1,"Hash Buckets": 262144,"Original Hash Buckets": 262144,"Hash Batches": 1,"Original Hash Batches": 1,"Peak Memory Usage": 7322,"Plans": [{"Node Type": "Index Only Scan","Parent Relationship": "Outer","Parallel Aware": false,"Async Capable": false,"Scan Direction": "Forward","Index Name": "customer_pkey","Relation Name": "customer","Alias": "customer","Startup Cost": 0.42,"Total Cost": 3906.42,"Plan Rows": 150000,"Plan Width": 4,"Actual Startup Time": 0.065,"Actual Total Time": 13.424,"Actual Rows": 150000,"Actual Loops": 1,"Heap Fetches": 0}]}]}]}]}]},"Planning Time": 3.594,"Triggers": [],"Execution Time": 6658.782}]
[{"Plan": {"Node Type": "Sort","Parallel Aware": false,"Async Capable": false,"Startup Cost": 65822.53,"Total Cost": 65823.03,"Plan Rows": 200,"Plan Width": 16,"Actual Startup Time": 6047.687,"Actual Total Time": 6047.735,"Actual Rows": 42,"Actual Loops": 1,"Sort Key": ["(count(*)) DESC", "(count(orders.o_orderkey)) DESC"],"Sort Method": "quicksort","Sort Space Used": 27,"Sort Space Type": "Memory","Plans": [{"Node Type": "Aggregate","Strategy": "Hashed","Partial Mode": "Simple","Parent Relationship": "Outer","Parallel Aware": false,"Async Capable": false,"Startup Cost": 65812.89,"Total Cost": 65814.89,"Plan Rows": 200,"Plan Width": 16,"Actual Startup Time": 6047.591,"Actual Total Time": 6047.643,"Actual Rows": 42,"Actual Loops": 1,"Group Key": ["count(orders.o_orderkey)"],"Planned Partitions": 0,"HashAgg Batches": 1,"Peak Memory Usage": 40,"Disk Usage": 0,"Plans": [{"Node Type": "Aggregate","Strategy": "Hashed","Partial Mode": "Simple","Parent Relationship": "Outer","Parallel Aware": false,"Async Capable": false,"Startup Cost": 62062.89,"Total Cost": 63562.89,"Plan Rows": 150000,"Plan Width": 12,"Actual Startup Time": 5868.600,"Actual Total Time": 6033.866,"Actual Rows": 150000,"Actual Loops": 1,"Group Key": ["customer.c_custkey"],"Planned Partitions": 0,"HashAgg Batches": 1,"Peak Memory Usage": 22545,"Disk Usage": 0,"Plans": [{"Node Type": "Hash Join","Parent Relationship": "Outer","Parallel Aware": false,"Async Capable": false,"Join Type": "Right","Startup Cost": 5781.42,"Total Cost": 54563.64,"Plan Rows": 1499850,"Plan Width": 8,"Actual Startup Time": 39.168,"Actual Total Time": 4010.851,"Actual Rows": 1533626,"Actual Loops": 1,"Inner Unique": true,"Hash Cond": "(orders.o_custkey = customer.c_custkey)","Plans": [{"Node Type": "Seq Scan","Parent Relationship": "Outer","Parallel Aware": false,"Async Capable": false,"Relation Name": "orders","Alias": "orders","Startup Cost": 0.00,"Total Cost": 44845.00,"Plan Rows": 1499850,"Plan Width": 8,"Actual Startup Time": 0.065,"Actual Total Time": 2757.508,"Actual Rows": 1483622,"Actual Loops": 1,"Filter": "((o_comment)::text !~~ '%unusual%accounts%'::text)","Rows Removed by Filter": 16378},{"Node Type": "Hash","Parent Relationship": "Inner","Parallel Aware": false,"Async Capable": false,"Startup Cost": 3906.42,"Total Cost": 3906.42,"Plan Rows": 150000,"Plan Width": 4,"Actual Startup Time": 37.343,"Actual Total Time": 37.362,"Actual Rows": 150000,"Actual Loops": 1,"Hash Buckets": 262144,"Original Hash Buckets": 262144,"Hash Batches": 1,"Original Hash Batches": 1,"Peak Memory Usage": 7322,"Plans": [{"Node Type": "Index Only Scan","Parent Relationship": "Outer","Parallel Aware": false,"Async Capable": false,"Scan Direction": "Forward","Index Name": "customer_pkey","Relation Name": "customer","Alias": "customer","Startup Cost": 0.42,"Total Cost": 3906.42,"Plan Rows": 150000,"Plan Width": 4,"Actual Startup Time": 0.036,"Actual Total Time": 14.472,"Actual Rows": 150000,"Actual Loops": 1,"Heap Fetches": 0}]}]}]}]}]},"Planning Time": 4.331,"Triggers": [],"Execution Time": 6056.690}]
[{"Plan": {"Node Type": "Sort","Parallel Aware": false,"Async Capable": false,"Startup Cost": 65592.61,"Total Cost": 65593.11,"Plan Rows": 200,"Plan Width": 16,"Actual Startup Time": 6059.416,"Actual Total Time": 6059.459,"Actual Rows": 42,"Actual Loops": 1,"Sort Key": ["(count(*)) DESC", "(count(orders.o_orderkey)) DESC"],"Sort Method": "quicksort","Sort Space Used": 27,"Sort Space Type": "Memory","Plans": [{"Node Type": "Aggregate","Strategy": "Hashed","Partial Mode": "Simple","Parent Relationship": "Outer","Parallel Aware": false,"Async Capable": false,"Startup Cost": 65582.97,"Total Cost": 65584.97,"Plan Rows": 200,"Plan Width": 16,"Actual Startup Time": 6059.318,"Actual Total Time": 6059.369,"Actual Rows": 42,"Actual Loops": 1,"Group Key": ["count(orders.o_orderkey)"],"Planned Partitions": 0,"HashAgg Batches": 1,"Peak Memory Usage": 40,"Disk Usage": 0,"Plans": [{"Node Type": "Aggregate","Strategy": "Hashed","Partial Mode": "Simple","Parent Relationship": "Outer","Parallel Aware": false,"Async Capable": false,"Startup Cost": 61832.97,"Total Cost": 63332.97,"Plan Rows": 150000,"Plan Width": 12,"Actual Startup Time": 5864.158,"Actual Total Time": 6045.542,"Actual Rows": 150000,"Actual Loops": 1,"Group Key": ["customer.c_custkey"],"Planned Partitions": 0,"HashAgg Batches": 1,"Peak Memory Usage": 22545,"Disk Usage": 0,"Plans": [{"Node Type": "Hash Join","Parent Relationship": "Outer","Parallel Aware": false,"Async Capable": false,"Join Type": "Right","Startup Cost": 5781.42,"Total Cost": 54484.49,"Plan Rows": 1469697,"Plan Width": 8,"Actual Startup Time": 38.198,"Actual Total Time": 4061.016,"Actual Rows": 1533817,"Actual Loops": 1,"Inner Unique": true,"Hash Cond": "(orders.o_custkey = customer.c_custkey)","Plans": [{"Node Type": "Seq Scan","Parent Relationship": "Outer","Parallel Aware": false,"Async Capable": false,"Relation Name": "orders","Alias": "orders","Startup Cost": 0.00,"Total Cost": 44845.00,"Plan Rows": 1469697,"Plan Width": 8,"Actual Startup Time": 0.037,"Actual Total Time": 2812.366,"Actual Rows": 1483813,"Actual Loops": 1,"Filter": "((o_comment)::text !~~ '%unusual%requests%'::text)","Rows Removed by Filter": 16187},{"Node Type": "Hash","Parent Relationship": "Inner","Parallel Aware": false,"Async Capable": false,"Startup Cost": 3906.42,"Total Cost": 3906.42,"Plan Rows": 150000,"Plan Width": 4,"Actual Startup Time": 36.318,"Actual Total Time": 36.334,"Actual Rows": 150000,"Actual Loops": 1,"Hash Buckets": 262144,"Original Hash Buckets": 262144,"Hash Batches": 1,"Original Hash Batches": 1,"Peak Memory Usage": 7322,"Plans": [{"Node Type": "Index Only Scan","Parent Relationship": "Outer","Parallel Aware": false,"Async Capable": false,"Scan Direction": "Forward","Index Name": "customer_pkey","Relation Name": "customer","Alias": "customer","Startup Cost": 0.42,"Total Cost": 3906.42,"Plan Rows": 150000,"Plan Width": 4,"Actual Startup Time": 0.044,"Actual Total Time": 14.416,"Actual Rows": 150000,"Actual Loops": 1,"Heap Fetches": 0}]}]}]}]}]},"Planning Time": 3.526,"Triggers": [],"Execution Time": 6069.080}]
[{"Plan": {"Node Type": "Sort","Parallel Aware": false,"Async Capable": false,"Startup Cost": 65592.61,"Total Cost": 65593.11,"Plan Rows": 200,"Plan Width": 16,"Actual Startup Time": 6059.416,"Actual Total Time": 6059.459,"Actual Rows": 42,"Actual Loops": 1,"Sort Key": ["(count(*)) DESC", "(count(orders.o_orderkey)) DESC"],"Sort Method": "quicksort","Sort Space Used": 27,"Sort Space Type": "Memory","Plans": [{"Node Type": "Aggregate","Strategy": "Hashed","Partial Mode": "Simple","Parent Relationship": "Outer","Parallel Aware": false,"Async Capable": false,"Startup Cost": 65582.97,"Total Cost": 65584.97,"Plan Rows": 200,"Plan Width": 16,"Actual Startup Time": 6059.318,"Actual Total Time": 6059.369,"Actual Rows": 42,"Actual Loops": 1,"Group Key": ["count(orders.o_orderkey)"],"Planned Partitions": 0,"HashAgg Batches": 1,"Peak Memory Usage": 40,"Disk Usage": 0,"Plans": [{"Node Type": "Aggregate","Strategy": "Hashed","Partial Mode": "Simple","Parent Relationship": "Outer","Parallel Aware": false,"Async Capable": false,"Startup Cost": 61832.97,"Total Cost": 63332.97,"Plan Rows": 150000,"Plan Width": 12,"Actual Startup Time": 5864.158,"Actual Total Time": 6045.542,"Actual Rows": 150000,"Actual Loops": 1,"Group Key": ["customer.c_custkey"],"Planned Partitions": 0,"HashAgg Batches": 1,"Peak Memory Usage": 22545,"Disk Usage": 0,"Plans": [{"Node Type": "Hash Join","Parent Relationship": "Outer","Parallel Aware": false,"Async Capable": false,"Join Type": "Right","Startup Cost": 5781.42,"Total Cost": 54484.49,"Plan Rows": 1469697,"Plan Width": 8,"Actual Startup Time": 38.198,"Actual Total Time": 4061.016,"Actual Rows": 1533817,"Actual Loops": 1,"Inner Unique": true,"Hash Cond": "(orders.o_custkey = customer.c_custkey)","Plans": [{"Node Type": "Seq Scan","Parent Relationship": "Outer","Parallel Aware": false,"Async Capable": false,"Relation Name": "orders","Alias": "orders","Startup Cost": 0.00,"Total Cost": 44845.00,"Plan Rows": 1469697,"Plan Width": 8,"Actual Startup Time": 0.037,"Actual Total Time": 2812.366,"Actual Rows": 1483813,"Actual Loops": 1,"Filter": "((o_comment)::text !~~ '%unusual%requests%'::text)","Rows Removed by Filter": 16187},{"Node Type": "Hash","Parent Relationship": "Inner","Parallel Aware": false,"Async Capable": false,"Startup Cost": 3906.42,"Total Cost": 3906.42,"Plan Rows": 150000,"Plan Width": 4,"Actual Startup Time": 36.318,"Actual Total Time": 36.334,"Actual Rows": 150000,"Actual Loops": 1,"Hash Buckets": 262144,"Original Hash Buckets": 262144,"Hash Batches": 1,"Original Hash Batches": 1,"Peak Memory Usage": 7322,"Plans": [{"Node Type": "Index Only Scan","Parent Relationship": "Outer","Parallel Aware": false,"Async Capable": false,"Scan Direction": "Forward","Index Name": "customer_pkey","Relation Name": "customer","Alias": "customer","Startup Cost": 0.42,"Total Cost": 3906.42,"Plan Rows": 150000,"Plan Width": 4,"Actual Startup Time": 0.044,"Actual Total Time": 14.416,"Actual Rows": 150000,"Actual Loops": 1,"Heap Fetches": 0}]}]}]}]}]},"Planning Time": 3.526,"Triggers": [],"Execution Time": 6069.080}]
[{"Plan": {"Node Type": "Sort","Parallel Aware": false,"Async Capable": false,"Startup Cost": 65592.61,"Total Cost": 65593.11,"Plan Rows": 200,"Plan Width": 16,"Actual Startup Time": 6108.888,"Actual Total Time": 6108.932,"Actual Rows": 42,"Actual Loops": 1,"Sort Key": ["(count(*)) DESC", "(count(orders.o_orderkey)) DESC"],"Sort Method": "quicksort","Sort Space Used": 27,"Sort Space Type": "Memory","Plans": [{"Node Type": "Aggregate","Strategy": "Hashed","Partial Mode": "Simple","Parent Relationship": "Outer","Parallel Aware": false,"Async Capable": false,"Startup Cost": 65582.97,"Total Cost": 65584.97,"Plan Rows": 200,"Plan Width": 16,"Actual Startup Time": 6108.797,"Actual Total Time": 6108.848,"Actual Rows": 42,"Actual Loops": 1,"Group Key": ["count(orders.o_orderkey)"],"Planned Partitions": 0,"HashAgg Batches": 1,"Peak Memory Usage": 40,"Disk Usage": 0,"Plans": [{"Node Type": "Aggregate","Strategy": "Hashed","Partial Mode": "Simple","Parent Relationship": "Outer","Parallel Aware": false,"Async Capable": false,"Startup Cost": 61832.97,"Total Cost": 63332.97,"Plan Rows": 150000,"Plan Width": 12,"Actual Startup Time": 5916.041,"Actual Total Time": 6095.043,"Actual Rows": 150000,"Actual Loops": 1,"Group Key": ["customer.c_custkey"],"Planned Partitions": 0,"HashAgg Batches": 1,"Peak Memory Usage": 22545,"Disk Usage": 0,"Plans": [{"Node Type": "Hash Join","Parent Relationship": "Outer","Parallel Aware": false,"Async Capable": false,"Join Type": "Right","Startup Cost": 5781.42,"Total Cost": 54484.49,"Plan Rows": 1469697,"Plan Width": 8,"Actual Startup Time": 39.068,"Actual Total Time": 4097.616,"Actual Rows": 1534019,"Actual Loops": 1,"Inner Unique": true,"Hash Cond": "(orders.o_custkey = customer.c_custkey)","Plans": [{"Node Type": "Seq Scan","Parent Relationship": "Outer","Parallel Aware": false,"Async Capable": false,"Relation Name": "orders","Alias": "orders","Startup Cost": 0.00,"Total Cost": 44845.00,"Plan Rows": 1469697,"Plan Width": 8,"Actual Startup Time": 0.051,"Actual Total Time": 2823.952,"Actual Rows": 1484015,"Actual Loops": 1,"Filter": "((o_comment)::text !~~ '%express%accounts%'::text)","Rows Removed by Filter": 15985},{"Node Type": "Hash","Parent Relationship": "Inner","Parallel Aware": false,"Async Capable": false,"Startup Cost": 3906.42,"Total Cost": 3906.42,"Plan Rows": 150000,"Plan Width": 4,"Actual Startup Time": 37.191,"Actual Total Time": 37.207,"Actual Rows": 150000,"Actual Loops": 1,"Hash Buckets": 262144,"Original Hash Buckets": 262144,"Hash Batches": 1,"Original Hash Batches": 1,"Peak Memory Usage": 7322,"Plans": [{"Node Type": "Index Only Scan","Parent Relationship": "Outer","Parallel Aware": false,"Async Capable": false,"Scan Direction": "Forward","Index Name": "customer_pkey","Relation Name": "customer","Alias": "customer","Startup Cost": 0.42,"Total Cost": 3906.42,"Plan Rows": 150000,"Plan Width": 4,"Actual Startup Time": 0.038,"Actual Total Time": 14.188,"Actual Rows": 150000,"Actual Loops": 1,"Heap Fetches": 0}]}]}]}]}]},"Planning Time": 3.814,"Triggers": [],"Execution Time": 6118.531}]
[{"Plan": {"Node Type": "Sort","Parallel Aware": false,"Async Capable": false,"Startup Cost": 65822.53,"Total Cost": 65823.03,"Plan Rows": 200,"Plan Width": 16,"Actual Startup Time": 6096.807,"Actual Total Time": 6096.851,"Actual Rows": 42,"Actual Loops": 1,"Sort Key": ["(count(*)) DESC", "(count(orders.o_orderkey)) DESC"],"Sort Method": "quicksort","Sort Space Used": 27,"Sort Space Type": "Memory","Plans": [{"Node Type": "Aggregate","Strategy": "Hashed","Partial Mode": "Simple","Parent Relationship": "Outer","Parallel Aware": false,"Async Capable": false,"Startup Cost": 65812.89,"Total Cost": 65814.89,"Plan Rows": 200,"Plan Width": 16,"Actual Startup Time": 6096.707,"Actual Total Time": 6096.758,"Actual Rows": 42,"Actual Loops": 1,"Group Key": ["count(orders.o_orderkey)"],"Planned Partitions": 0,"HashAgg Batches": 1,"Peak Memory Usage": 40,"Disk Usage": 0,"Plans": [{"Node Type": "Aggregate","Strategy": "Hashed","Partial Mode": "Simple","Parent Relationship": "Outer","Parallel Aware": false,"Async Capable": false,"Startup Cost": 62062.89,"Total Cost": 63562.89,"Plan Rows": 150000,"Plan Width": 12,"Actual Startup Time": 5900.364,"Actual Total Time": 6082.949,"Actual Rows": 150000,"Actual Loops": 1,"Group Key": ["customer.c_custkey"],"Planned Partitions": 0,"HashAgg Batches": 1,"Peak Memory Usage": 22545,"Disk Usage": 0,"Plans": [{"Node Type": "Hash Join","Parent Relationship": "Outer","Parallel Aware": false,"Async Capable": false,"Join Type": "Right","Startup Cost": 5781.42,"Total Cost": 54563.64,"Plan Rows": 1499850,"Plan Width": 8,"Actual Startup Time": 38.105,"Actual Total Time": 4090.394,"Actual Rows": 1533835,"Actual Loops": 1,"Inner Unique": true,"Hash Cond": "(orders.o_custkey = customer.c_custkey)","Plans": [{"Node Type": "Seq Scan","Parent Relationship": "Outer","Parallel Aware": false,"Async Capable": false,"Relation Name": "orders","Alias": "orders","Startup Cost": 0.00,"Total Cost": 44845.00,"Plan Rows": 1499850,"Plan Width": 8,"Actual Startup Time": 0.059,"Actual Total Time": 2844.303,"Actual Rows": 1483831,"Actual Loops": 1,"Filter": "((o_comment)::text !~~ '%special%accounts%'::text)","Rows Removed by Filter": 16169},{"Node Type": "Hash","Parent Relationship": "Inner","Parallel Aware": false,"Async Capable": false,"Startup Cost": 3906.42,"Total Cost": 3906.42,"Plan Rows": 150000,"Plan Width": 4,"Actual Startup Time": 36.335,"Actual Total Time": 36.352,"Actual Rows": 150000,"Actual Loops": 1,"Hash Buckets": 262144,"Original Hash Buckets": 262144,"Hash Batches": 1,"Original Hash Batches": 1,"Peak Memory Usage": 7322,"Plans": [{"Node Type": "Index Only Scan","Parent Relationship": "Outer","Parallel Aware": false,"Async Capable": false,"Scan Direction": "Forward","Index Name": "customer_pkey","Relation Name": "customer","Alias": "customer","Startup Cost": 0.42,"Total Cost": 3906.42,"Plan Rows": 150000,"Plan Width": 4,"Actual Startup Time": 0.048,"Actual Total Time": 14.414,"Actual Rows": 150000,"Actual Loops": 1,"Heap Fetches": 0}]}]}]}]}]},"Planning Time": 3.409,"Triggers": [],"Execution Time": 6107.560}]
[{"Plan": {"Node Type": "Sort","Parallel Aware": false,"Async Capable": false,"Startup Cost": 65822.53,"Total Cost": 65823.03,"Plan Rows": 200,"Plan Width": 16,"Actual Startup Time": 6650.964,"Actual Total Time": 6651.000,"Actual Rows": 42,"Actual Loops": 1,"Sort Key": ["(count(*)) DESC", "(count(orders.o_orderkey)) DESC"],"Sort Method": "quicksort","Sort Space Used": 27,"Sort Space Type": "Memory","Plans": [{"Node Type": "Aggregate","Strategy": "Hashed","Partial Mode": "Simple","Parent Relationship": "Outer","Parallel Aware": false,"Async Capable": false,"Startup Cost": 65812.89,"Total Cost": 65814.89,"Plan Rows": 200,"Plan Width": 16,"Actual Startup Time": 6650.893,"Actual Total Time": 6650.940,"Actual Rows": 42,"Actual Loops": 1,"Group Key": ["count(orders.o_orderkey)"],"Planned Partitions": 0,"HashAgg Batches": 1,"Peak Memory Usage": 40,"Disk Usage": 0,"Plans": [{"Node Type": "Aggregate","Strategy": "Hashed","Partial Mode": "Simple","Parent Relationship": "Outer","Parallel Aware": false,"Async Capable": false,"Startup Cost": 62062.89,"Total Cost": 63562.89,"Plan Rows": 150000,"Plan Width": 12,"Actual Startup Time": 6477.408,"Actual Total Time": 6637.150,"Actual Rows": 150000,"Actual Loops": 1,"Group Key": ["customer.c_custkey"],"Planned Partitions": 0,"HashAgg Batches": 1,"Peak Memory Usage": 22545,"Disk Usage": 0,"Plans": [{"Node Type": "Hash Join","Parent Relationship": "Outer","Parallel Aware": false,"Async Capable": false,"Join Type": "Right","Startup Cost": 5781.42,"Total Cost": 54563.64,"Plan Rows": 1499850,"Plan Width": 8,"Actual Startup Time": 36.551,"Actual Total Time": 4552.506,"Actual Rows": 1533843,"Actual Loops": 1,"Inner Unique": true,"Hash Cond": "(orders.o_custkey = customer.c_custkey)","Plans": [{"Node Type": "Seq Scan","Parent Relationship": "Outer","Parallel Aware": false,"Async Capable": false,"Relation Name": "orders","Alias": "orders","Startup Cost": 0.00,"Total Cost": 44845.00,"Plan Rows": 1499850,"Plan Width": 8,"Actual Startup Time": 0.044,"Actual Total Time": 3147.620,"Actual Rows": 1483839,"Actual Loops": 1,"Filter": "((o_comment)::text !~~ '%pending%deposits%'::text)","Rows Removed by Filter": 16161},{"Node Type": "Hash","Parent Relationship": "Inner","Parallel Aware": false,"Async Capable": false,"Startup Cost": 3906.42,"Total Cost": 3906.42,"Plan Rows": 150000,"Plan Width": 4,"Actual Startup Time": 34.769,"Actual Total Time": 34.783,"Actual Rows": 150000,"Actual Loops": 1,"Hash Buckets": 262144,"Original Hash Buckets": 262144,"Hash Batches": 1,"Original Hash Batches": 1,"Peak Memory Usage": 7322,"Plans": [{"Node Type": "Index Only Scan","Parent Relationship": "Outer","Parallel Aware": false,"Async Capable": false,"Scan Direction": "Forward","Index Name": "customer_pkey","Relation Name": "customer","Alias": "customer","Startup Cost": 0.42,"Total Cost": 3906.42,"Plan Rows": 150000,"Plan Width": 4,"Actual Startup Time": 0.065,"Actual Total Time": 13.424,"Actual Rows": 150000,"Actual Loops": 1,"Heap Fetches": 0}]}]}]}]}]},"Planning Time": 3.594,"Triggers": [],"Execution Time": 6658.782}]
[{"Plan": {"Node Type": "Sort","Parallel Aware": false,"Async Capable": false,"Startup Cost": 65708.14,"Total Cost": 65708.64,"Plan Rows": 200,"Plan Width": 16,"Actual Startup Time": 6096.152,"Actual Total Time": 6096.183,"Actual Rows": 42,"Actual Loops": 1,"Sort Key": ["(count(*)) DESC", "(count(orders.o_orderkey)) DESC"],"Sort Method": "quicksort","Sort Space Used": 27,"Sort Space Type": "Memory","Plans": [{"Node Type": "Aggregate","Strategy": "Hashed","Partial Mode": "Simple","Parent Relationship": "Outer","Parallel Aware": false,"Async Capable": false,"Startup Cost": 65698.50,"Total Cost": 65700.50,"Plan Rows": 200,"Plan Width": 16,"Actual Startup Time": 6096.055,"Actual Total Time": 6096.099,"Actual Rows": 42,"Actual Loops": 1,"Group Key": ["count(orders.o_orderkey)"],"Planned Partitions": 0,"HashAgg Batches": 1,"Peak Memory Usage": 40,"Disk Usage": 0,"Plans": [{"Node Type": "Aggregate","Strategy": "Hashed","Partial Mode": "Simple","Parent Relationship": "Outer","Parallel Aware": false,"Async Capable": false,"Startup Cost": 61948.50,"Total Cost": 63448.50,"Plan Rows": 150000,"Plan Width": 12,"Actual Startup Time": 5916.888,"Actual Total Time": 6082.285,"Actual Rows": 150000,"Actual Loops": 1,"Group Key": ["customer.c_custkey"],"Planned Partitions": 0,"HashAgg Batches": 1,"Peak Memory Usage": 22545,"Disk Usage": 0,"Plans": [{"Node Type": "Hash Join","Parent Relationship": "Outer","Parallel Aware": false,"Async Capable": false,"Join Type": "Right","Startup Cost": 5781.42,"Total Cost": 54524.26,"Plan Rows": 1484848,"Plan Width": 8,"Actual Startup Time": 39.799,"Actual Total Time": 4085.231,"Actual Rows": 1533660,"Actual Loops": 1,"Inner Unique": true,"Hash Cond": "(orders.o_custkey = customer.c_custkey)","Plans": [{"Node Type": "Seq Scan","Parent Relationship": "Outer","Parallel Aware": false,"Async Capable": false,"Relation Name": "orders","Alias": "orders","Startup Cost": 0.00,"Total Cost": 44845.00,"Plan Rows": 1484848,"Plan Width": 8,"Actual Startup Time": 0.053,"Actual Total Time": 2810.059,"Actual Rows": 1483656,"Actual Loops": 1,"Filter": "((o_comment)::text !~~ '%pending%requests%'::text)","Rows Removed by Filter": 16344},{"Node Type": "Hash","Parent Relationship": "Inner","Parallel Aware": false,"Async Capable": false,"Startup Cost": 3906.42,"Total Cost": 3906.42,"Plan Rows": 150000,"Plan Width": 4,"Actual Startup Time": 37.918,"Actual Total Time": 37.930,"Actual Rows": 150000,"Actual Loops": 1,"Hash Buckets": 262144,"Original Hash Buckets": 262144,"Hash Batches": 1,"Original Hash Batches": 1,"Peak Memory Usage": 7322,"Plans": [{"Node Type": "Index Only Scan","Parent Relationship": "Outer","Parallel Aware": false,"Async Capable": false,"Scan Direction": "Forward","Index Name": "customer_pkey","Relation Name": "customer","Alias": "customer","Startup Cost": 0.42,"Total Cost": 3906.42,"Plan Rows": 150000,"Plan Width": 4,"Actual Startup Time": 0.035,"Actual Total Time": 14.493,"Actual Rows": 150000,"Actual Loops": 1,"Heap Fetches": 0}]}]}]}]}]},"Planning Time": 4.221,"Triggers": [],"Execution Time": 6104.310}]
[{"Plan": {"Node Type": "Sort","Parallel Aware": false,"Async Capable": false,"Startup Cost": 65822.53,"Total Cost": 65823.03,"Plan Rows": 200,"Plan Width": 16,"Actual Startup Time": 6047.687,"Actual Total Time": 6047.735,"Actual Rows": 42,"Actual Loops": 1,"Sort Key": ["(count(*)) DESC", "(count(orders.o_orderkey)) DESC"],"Sort Method": "quicksort","Sort Space Used": 27,"Sort Space Type": "Memory","Plans": [{"Node Type": "Aggregate","Strategy": "Hashed","Partial Mode": "Simple","Parent Relationship": "Outer","Parallel Aware": false,"Async Capable": false,"Startup Cost": 65812.89,"Total Cost": 65814.89,"Plan Rows": 200,"Plan Width": 16,"Actual Startup Time": 6047.591,"Actual Total Time": 6047.643,"Actual Rows": 42,"Actual Loops": 1,"Group Key": ["count(orders.o_orderkey)"],"Planned Partitions": 0,"HashAgg Batches": 1,"Peak Memory Usage": 40,"Disk Usage": 0,"Plans": [{"Node Type": "Aggregate","Strategy": "Hashed","Partial Mode": "Simple","Parent Relationship": "Outer","Parallel Aware": false,"Async Capable": false,"Startup Cost": 62062.89,"Total Cost": 63562.89,"Plan Rows": 150000,"Plan Width": 12,"Actual Startup Time": 5868.600,"Actual Total Time": 6033.866,"Actual Rows": 150000,"Actual Loops": 1,"Group Key": ["customer.c_custkey"],"Planned Partitions": 0,"HashAgg Batches": 1,"Peak Memory Usage": 22545,"Disk Usage": 0,"Plans": [{"Node Type": "Hash Join","Parent Relationship": "Outer","Parallel Aware": false,"Async Capable": false,"Join Type": "Right","Startup Cost": 5781.42,"Total Cost": 54563.64,"Plan Rows": 1499850,"Plan Width": 8,"Actual Startup Time": 39.168,"Actual Total Time": 4010.851,"Actual Rows": 1533626,"Actual Loops": 1,"Inner Unique": true,"Hash Cond": "(orders.o_custkey = customer.c_custkey)","Plans": [{"Node Type": "Seq Scan","Parent Relationship": "Outer","Parallel Aware": false,"Async Capable": false,"Relation Name": "orders","Alias": "orders","Startup Cost": 0.00,"Total Cost": 44845.00,"Plan Rows": 1499850,"Plan Width": 8,"Actual Startup Time": 0.065,"Actual Total Time": 2757.508,"Actual Rows": 1483622,"Actual Loops": 1,"Filter": "((o_comment)::text !~~ '%unusual%accounts%'::text)","Rows Removed by Filter": 16378},{"Node Type": "Hash","Parent Relationship": "Inner","Parallel Aware": false,"Async Capable": false,"Startup Cost": 3906.42,"Total Cost": 3906.42,"Plan Rows": 150000,"Plan Width": 4,"Actual Startup Time": 37.343,"Actual Total Time": 37.362,"Actual Rows": 150000,"Actual Loops": 1,"Hash Buckets": 262144,"Original Hash Buckets": 262144,"Hash Batches": 1,"Original Hash Batches": 1,"Peak Memory Usage": 7322,"Plans": [{"Node Type": "Index Only Scan","Parent Relationship": "Outer","Parallel Aware": false,"Async Capable": false,"Scan Direction": "Forward","Index Name": "customer_pkey","Relation Name": "customer","Alias": "customer","Startup Cost": 0.42,"Total Cost": 3906.42,"Plan Rows": 150000,"Plan Width": 4,"Actual Startup Time": 0.036,"Actual Total Time": 14.472,"Actual Rows": 150000,"Actual Loops": 1,"Heap Fetches": 0}]}]}]}]}]},"Planning Time": 4.331,"Triggers": [],"Execution Time": 6056.690}]
[{"Plan": {"Node Type": "Sort","Parallel Aware": false,"Async Capable": false,"Startup Cost": 65708.14,"Total Cost": 65708.64,"Plan Rows": 200,"Plan Width": 16,"Actual Startup Time": 6659.087,"Actual Total Time": 6659.155,"Actual Rows": 41,"Actual Loops": 1,"Sort Key": ["(count(*)) DESC", "(count(orders.o_orderkey)) DESC"],"Sort Method": "quicksort","Sort Space Used": 27,"Sort Space Type": "Memory","Plans": [{"Node Type": "Aggregate","Strategy": "Hashed","Partial Mode": "Simple","Parent Relationship": "Outer","Parallel Aware": false,"Async Capable": false,"Startup Cost": 65698.50,"Total Cost": 65700.50,"Plan Rows": 200,"Plan Width": 16,"Actual Startup Time": 6658.981,"Actual Total Time": 6659.057,"Actual Rows": 41,"Actual Loops": 1,"Group Key": ["count(orders.o_orderkey)"],"Planned Partitions": 0,"HashAgg Batches": 1,"Peak Memory Usage": 40,"Disk Usage": 0,"Plans": [{"Node Type": "Aggregate","Strategy": "Hashed","Partial Mode": "Simple","Parent Relationship": "Outer","Parallel Aware": false,"Async Capable": false,"Startup Cost": 61948.50,"Total Cost": 63448.50,"Plan Rows": 150000,"Plan Width": 12,"Actual Startup Time": 6480.209,"Actual Total Time": 6645.185,"Actual Rows": 150000,"Actual Loops": 1,"Group Key": ["customer.c_custkey"],"Planned Partitions": 0,"HashAgg Batches": 1,"Peak Memory Usage": 22545,"Disk Usage": 0,"Plans": [{"Node Type": "Hash Join","Parent Relationship": "Outer","Parallel Aware": false,"Async Capable": false,"Join Type": "Right","Startup Cost": 5781.42,"Total Cost": 54524.26,"Plan Rows": 1484848,"Plan Width": 8,"Actual Startup Time": 37.274,"Actual Total Time": 4547.015,"Actual Rows": 1533872,"Actual Loops": 1,"Inner Unique": true,"Hash Cond": "(orders.o_custkey = customer.c_custkey)","Plans": [{"Node Type": "Seq Scan","Parent Relationship": "Outer","Parallel Aware": false,"Async Capable": false,"Relation Name": "orders","Alias": "orders","Startup Cost": 0.00,"Total Cost": 44845.00,"Plan Rows": 1484848,"Plan Width": 8,"Actual Startup Time": 0.043,"Actual Total Time": 3085.028,"Actual Rows": 1483868,"Actual Loops": 1,"Filter": "((o_comment)::text !~~ '%unusual%deposits%'::text)","Rows Removed by Filter": 16132},{"Node Type": "Hash","Parent Relationship": "Inner","Parallel Aware": false,"Async Capable": false,"Startup Cost": 3906.42,"Total Cost": 3906.42,"Plan Rows": 150000,"Plan Width": 4,"Actual Startup Time": 35.508,"Actual Total Time": 35.530,"Actual Rows": 150000,"Actual Loops": 1,"Hash Buckets": 262144,"Original Hash Buckets": 262144,"Hash Batches": 1,"Original Hash Batches": 1,"Peak Memory Usage": 7322,"Plans": [{"Node Type": "Index Only Scan","Parent Relationship": "Outer","Parallel Aware": false,"Async Capable": false,"Scan Direction": "Forward","Index Name": "customer_pkey","Relation Name": "customer","Alias": "customer","Startup Cost": 0.42,"Total Cost": 3906.42,"Plan Rows": 150000,"Plan Width": 4,"Actual Startup Time": 0.053,"Actual Total Time": 13.448,"Actual Rows": 150000,"Actual Loops": 1,"Heap Fetches": 0}]}]}]}]}]},"Planning Time": 3.854,"Triggers": [],"Execution Time": 6671.834}]
[{"Plan": {"Node Type": "Sort","Parallel Aware": false,"Async Capable": false,"Startup Cost": 65822.53,"Total Cost": 65823.03,"Plan Rows": 200,"Plan Width": 16,"Actual Startup Time": 6101.280,"Actual Total Time": 6101.314,"Actual Rows": 42,"Actual Loops": 1,"Sort Key": ["(count(*)) DESC", "(count(orders.o_orderkey)) DESC"],"Sort Method": "quicksort","Sort Space Used": 27,"Sort Space Type": "Memory","Plans": [{"Node Type": "Aggregate","Strategy": "Hashed","Partial Mode": "Simple","Parent Relationship": "Outer","Parallel Aware": false,"Async Capable": false,"Startup Cost": 65812.89,"Total Cost": 65814.89,"Plan Rows": 200,"Plan Width": 16,"Actual Startup Time": 6101.184,"Actual Total Time": 6101.232,"Actual Rows": 42,"Actual Loops": 1,"Group Key": ["count(orders.o_orderkey)"],"Planned Partitions": 0,"HashAgg Batches": 1,"Peak Memory Usage": 40,"Disk Usage": 0,"Plans": [{"Node Type": "Aggregate","Strategy": "Hashed","Partial Mode": "Simple","Parent Relationship": "Outer","Parallel Aware": false,"Async Capable": false,"Startup Cost": 62062.89,"Total Cost": 63562.89,"Plan Rows": 150000,"Plan Width": 12,"Actual Startup Time": 5921.162,"Actual Total Time": 6087.400,"Actual Rows": 150000,"Actual Loops": 1,"Group Key": ["customer.c_custkey"],"Planned Partitions": 0,"HashAgg Batches": 1,"Peak Memory Usage": 22545,"Disk Usage": 0,"Plans": [{"Node Type": "Hash Join","Parent Relationship": "Outer","Parallel Aware": false,"Async Capable": false,"Join Type": "Right","Startup Cost": 5781.42,"Total Cost": 54563.64,"Plan Rows": 1499850,"Plan Width": 8,"Actual Startup Time": 39.228,"Actual Total Time": 4074.723,"Actual Rows": 1533808,"Actual Loops": 1,"Inner Unique": true,"Hash Cond": "(orders.o_custkey = customer.c_custkey)","Plans": [{"Node Type": "Seq Scan","Parent Relationship": "Outer","Parallel Aware": false,"Async Capable": false,"Relation Name": "orders","Alias": "orders","Startup Cost": 0.00,"Total Cost": 44845.00,"Plan Rows": 1499850,"Plan Width": 8,"Actual Startup Time": 0.056,"Actual Total Time": 2834.984,"Actual Rows": 1483804,"Actual Loops": 1,"Filter": "((o_comment)::text !~~ '%special%deposits%'::text)","Rows Removed by Filter": 16196},{"Node Type": "Hash","Parent Relationship": "Inner","Parallel Aware": false,"Async Capable": false,"Startup Cost": 3906.42,"Total Cost": 3906.42,"Plan Rows": 150000,"Plan Width": 4,"Actual Startup Time": 37.438,"Actual Total Time": 37.451,"Actual Rows": 150000,"Actual Loops": 1,"Hash Buckets": 262144,"Original Hash Buckets": 262144,"Hash Batches": 1,"Original Hash Batches": 1,"Peak Memory Usage": 7322,"Plans": [{"Node Type": "Index Only Scan","Parent Relationship": "Outer","Parallel Aware": false,"Async Capable": false,"Scan Direction": "Forward","Index Name": "customer_pkey","Relation Name": "customer","Alias": "customer","Startup Cost": 0.42,"Total Cost": 3906.42,"Plan Rows": 150000,"Plan Width": 4,"Actual Startup Time": 0.049,"Actual Total Time": 14.639,"Actual Rows": 150000,"Actual Loops": 1,"Heap Fetches": 0}]}]}]}]}]},"Planning Time": 3.971,"Triggers": [],"Execution Time": 6110.955}]
[{"Plan": {"Node Type": "Sort","Parallel Aware": false,"Async Capable": false,"Startup Cost": 65822.53,"Total Cost": 65823.03,"Plan Rows": 200,"Plan Width": 16,"Actual Startup Time": 6096.807,"Actual Total Time": 6096.851,"Actual Rows": 42,"Actual Loops": 1,"Sort Key": ["(count(*)) DESC", "(count(orders.o_orderkey)) DESC"],"Sort Method": "quicksort","Sort Space Used": 27,"Sort Space Type": "Memory","Plans": [{"Node Type": "Aggregate","Strategy": "Hashed","Partial Mode": "Simple","Parent Relationship": "Outer","Parallel Aware": false,"Async Capable": false,"Startup Cost": 65812.89,"Total Cost": 65814.89,"Plan Rows": 200,"Plan Width": 16,"Actual Startup Time": 6096.707,"Actual Total Time": 6096.758,"Actual Rows": 42,"Actual Loops": 1,"Group Key": ["count(orders.o_orderkey)"],"Planned Partitions": 0,"HashAgg Batches": 1,"Peak Memory Usage": 40,"Disk Usage": 0,"Plans": [{"Node Type": "Aggregate","Strategy": "Hashed","Partial Mode": "Simple","Parent Relationship": "Outer","Parallel Aware": false,"Async Capable": false,"Startup Cost": 62062.89,"Total Cost": 63562.89,"Plan Rows": 150000,"Plan Width": 12,"Actual Startup Time": 5900.364,"Actual Total Time": 6082.949,"Actual Rows": 150000,"Actual Loops": 1,"Group Key": ["customer.c_custkey"],"Planned Partitions": 0,"HashAgg Batches": 1,"Peak Memory Usage": 22545,"Disk Usage": 0,"Plans": [{"Node Type": "Hash Join","Parent Relationship": "Outer","Parallel Aware": false,"Async Capable": false,"Join Type": "Right","Startup Cost": 5781.42,"Total Cost": 54563.64,"Plan Rows": 1499850,"Plan Width": 8,"Actual Startup Time": 38.105,"Actual Total Time": 4090.394,"Actual Rows": 1533835,"Actual Loops": 1,"Inner Unique": true,"Hash Cond": "(orders.o_custkey = customer.c_custkey)","Plans": [{"Node Type": "Seq Scan","Parent Relationship": "Outer","Parallel Aware": false,"Async Capable": false,"Relation Name": "orders","Alias": "orders","Startup Cost": 0.00,"Total Cost": 44845.00,"Plan Rows": 1499850,"Plan Width": 8,"Actual Startup Time": 0.059,"Actual Total Time": 2844.303,"Actual Rows": 1483831,"Actual Loops": 1,"Filter": "((o_comment)::text !~~ '%special%accounts%'::text)","Rows Removed by Filter": 16169},{"Node Type": "Hash","Parent Relationship": "Inner","Parallel Aware": false,"Async Capable": false,"Startup Cost": 3906.42,"Total Cost": 3906.42,"Plan Rows": 150000,"Plan Width": 4,"Actual Startup Time": 36.335,"Actual Total Time": 36.352,"Actual Rows": 150000,"Actual Loops": 1,"Hash Buckets": 262144,"Original Hash Buckets": 262144,"Hash Batches": 1,"Original Hash Batches": 1,"Peak Memory Usage": 7322,"Plans": [{"Node Type": "Index Only Scan","Parent Relationship": "Outer","Parallel Aware": false,"Async Capable": false,"Scan Direction": "Forward","Index Name": "customer_pkey","Relation Name": "customer","Alias": "customer","Startup Cost": 0.42,"Total Cost": 3906.42,"Plan Rows": 150000,"Plan Width": 4,"Actual Startup Time": 0.048,"Actual Total Time": 14.414,"Actual Rows": 150000,"Actual Loops": 1,"Heap Fetches": 0}]}]}]}]}]},"Planning Time": 3.409,"Triggers": [],"Execution Time": 6107.560}]
[{"Plan": {"Node Type": "Sort","Parallel Aware": false,"Async Capable": false,"Startup Cost": 65592.61,"Total Cost": 65593.11,"Plan Rows": 200,"Plan Width": 16,"Actual Startup Time": 6042.914,"Actual Total Time": 6042.954,"Actual Rows": 42,"Actual Loops": 1,"Sort Key": ["(count(*)) DESC", "(count(orders.o_orderkey)) DESC"],"Sort Method": "quicksort","Sort Space Used": 27,"Sort Space Type": "Memory","Plans": [{"Node Type": "Aggregate","Strategy": "Hashed","Partial Mode": "Simple","Parent Relationship": "Outer","Parallel Aware": false,"Async Capable": false,"Startup Cost": 65582.97,"Total Cost": 65584.97,"Plan Rows": 200,"Plan Width": 16,"Actual Startup Time": 6042.802,"Actual Total Time": 6042.854,"Actual Rows": 42,"Actual Loops": 1,"Group Key": ["count(orders.o_orderkey)"],"Planned Partitions": 0,"HashAgg Batches": 1,"Peak Memory Usage": 40,"Disk Usage": 0,"Plans": [{"Node Type": "Aggregate","Strategy": "Hashed","Partial Mode": "Simple","Parent Relationship": "Outer","Parallel Aware": false,"Async Capable": false,"Startup Cost": 61832.97,"Total Cost": 63332.97,"Plan Rows": 150000,"Plan Width": 12,"Actual Startup Time": 5848.968,"Actual Total Time": 6029.049,"Actual Rows": 150000,"Actual Loops": 1,"Group Key": ["customer.c_custkey"],"Planned Partitions": 0,"HashAgg Batches": 1,"Peak Memory Usage": 22545,"Disk Usage": 0,"Plans": [{"Node Type": "Hash Join","Parent Relationship": "Outer","Parallel Aware": false,"Async Capable": false,"Join Type": "Right","Startup Cost": 5781.42,"Total Cost": 54484.49,"Plan Rows": 1469697,"Plan Width": 8,"Actual Startup Time": 38.540,"Actual Total Time": 4039.691,"Actual Rows": 1534055,"Actual Loops": 1,"Inner Unique": true,"Hash Cond": "(orders.o_custkey = customer.c_custkey)","Plans": [{"Node Type": "Seq Scan","Parent Relationship": "Outer","Parallel Aware": false,"Async Capable": false,"Relation Name": "orders","Alias": "orders","Startup Cost": 0.00,"Total Cost": 44845.00,"Plan Rows": 1469697,"Plan Width": 8,"Actual Startup Time": 0.061,"Actual Total Time": 2797.159,"Actual Rows": 1484051,"Actual Loops": 1,"Filter": "((o_comment)::text !~~ '%special%packages%'::text)","Rows Removed by Filter": 15949},{"Node Type": "Hash","Parent Relationship": "Inner","Parallel Aware": false,"Async Capable": false,"Startup Cost": 3906.42,"Total Cost": 3906.42,"Plan Rows": 150000,"Plan Width": 4,"Actual Startup Time": 36.593,"Actual Total Time": 36.607,"Actual Rows": 150000,"Actual Loops": 1,"Hash Buckets": 262144,"Original Hash Buckets": 262144,"Hash Batches": 1,"Original Hash Batches": 1,"Peak Memory Usage": 7322,"Plans": [{"Node Type": "Index Only Scan","Parent Relationship": "Outer","Parallel Aware": false,"Async Capable": false,"Scan Direction": "Forward","Index Name": "customer_pkey","Relation Name": "customer","Alias": "customer","Startup Cost": 0.42,"Total Cost": 3906.42,"Plan Rows": 150000,"Plan Width": 4,"Actual Startup Time": 0.050,"Actual Total Time": 14.573,"Actual Rows": 150000,"Actual Loops": 1,"Heap Fetches": 0}]}]}]}]}]},"Planning Time": 3.383,"Triggers": [],"Execution Time": 6052.793}]
[{"Plan": {"Node Type": "Sort","Parallel Aware": false,"Async Capable": false,"Startup Cost": 65708.14,"Total Cost": 65708.64,"Plan Rows": 200,"Plan Width": 16,"Actual Startup Time": 6659.087,"Actual Total Time": 6659.155,"Actual Rows": 41,"Actual Loops": 1,"Sort Key": ["(count(*)) DESC", "(count(orders.o_orderkey)) DESC"],"Sort Method": "quicksort","Sort Space Used": 27,"Sort Space Type": "Memory","Plans": [{"Node Type": "Aggregate","Strategy": "Hashed","Partial Mode": "Simple","Parent Relationship": "Outer","Parallel Aware": false,"Async Capable": false,"Startup Cost": 65698.50,"Total Cost": 65700.50,"Plan Rows": 200,"Plan Width": 16,"Actual Startup Time": 6658.981,"Actual Total Time": 6659.057,"Actual Rows": 41,"Actual Loops": 1,"Group Key": ["count(orders.o_orderkey)"],"Planned Partitions": 0,"HashAgg Batches": 1,"Peak Memory Usage": 40,"Disk Usage": 0,"Plans": [{"Node Type": "Aggregate","Strategy": "Hashed","Partial Mode": "Simple","Parent Relationship": "Outer","Parallel Aware": false,"Async Capable": false,"Startup Cost": 61948.50,"Total Cost": 63448.50,"Plan Rows": 150000,"Plan Width": 12,"Actual Startup Time": 6480.209,"Actual Total Time": 6645.185,"Actual Rows": 150000,"Actual Loops": 1,"Group Key": ["customer.c_custkey"],"Planned Partitions": 0,"HashAgg Batches": 1,"Peak Memory Usage": 22545,"Disk Usage": 0,"Plans": [{"Node Type": "Hash Join","Parent Relationship": "Outer","Parallel Aware": false,"Async Capable": false,"Join Type": "Right","Startup Cost": 5781.42,"Total Cost": 54524.26,"Plan Rows": 1484848,"Plan Width": 8,"Actual Startup Time": 37.274,"Actual Total Time": 4547.015,"Actual Rows": 1533872,"Actual Loops": 1,"Inner Unique": true,"Hash Cond": "(orders.o_custkey = customer.c_custkey)","Plans": [{"Node Type": "Seq Scan","Parent Relationship": "Outer","Parallel Aware": false,"Async Capable": false,"Relation Name": "orders","Alias": "orders","Startup Cost": 0.00,"Total Cost": 44845.00,"Plan Rows": 1484848,"Plan Width": 8,"Actual Startup Time": 0.043,"Actual Total Time": 3085.028,"Actual Rows": 1483868,"Actual Loops": 1,"Filter": "((o_comment)::text !~~ '%unusual%deposits%'::text)","Rows Removed by Filter": 16132},{"Node Type": "Hash","Parent Relationship": "Inner","Parallel Aware": false,"Async Capable": false,"Startup Cost": 3906.42,"Total Cost": 3906.42,"Plan Rows": 150000,"Plan Width": 4,"Actual Startup Time": 35.508,"Actual Total Time": 35.530,"Actual Rows": 150000,"Actual Loops": 1,"Hash Buckets": 262144,"Original Hash Buckets": 262144,"Hash Batches": 1,"Original Hash Batches": 1,"Peak Memory Usage": 7322,"Plans": [{"Node Type": "Index Only Scan","Parent Relationship": "Outer","Parallel Aware": false,"Async Capable": false,"Scan Direction": "Forward","Index Name": "customer_pkey","Relation Name": "customer","Alias": "customer","Startup Cost": 0.42,"Total Cost": 3906.42,"Plan Rows": 150000,"Plan Width": 4,"Actual Startup Time": 0.053,"Actual Total Time": 13.448,"Actual Rows": 150000,"Actual Loops": 1,"Heap Fetches": 0}]}]}]}]}]},"Planning Time": 3.854,"Triggers": [],"Execution Time": 6671.834}]
[{"Plan": {"Node Type": "Sort","Parallel Aware": false,"Async Capable": false,"Startup Cost": 65592.61,"Total Cost": 65593.11,"Plan Rows": 200,"Plan Width": 16,"Actual Startup Time": 6147.348,"Actual Total Time": 6147.387,"Actual Rows": 42,"Actual Loops": 1,"Sort Key": ["(count(*)) DESC", "(count(orders.o_orderkey)) DESC"],"Sort Method": "quicksort","Sort Space Used": 27,"Sort Space Type": "Memory","Plans": [{"Node Type": "Aggregate","Strategy": "Hashed","Partial Mode": "Simple","Parent Relationship": "Outer","Parallel Aware": false,"Async Capable": false,"Startup Cost": 65582.97,"Total Cost": 65584.97,"Plan Rows": 200,"Plan Width": 16,"Actual Startup Time": 6147.247,"Actual Total Time": 6147.296,"Actual Rows": 42,"Actual Loops": 1,"Group Key": ["count(orders.o_orderkey)"],"Planned Partitions": 0,"HashAgg Batches": 1,"Peak Memory Usage": 40,"Disk Usage": 0,"Plans": [{"Node Type": "Aggregate","Strategy": "Hashed","Partial Mode": "Simple","Parent Relationship": "Outer","Parallel Aware": false,"Async Capable": false,"Startup Cost": 61832.97,"Total Cost": 63332.97,"Plan Rows": 150000,"Plan Width": 12,"Actual Startup Time": 5968.961,"Actual Total Time": 6133.532,"Actual Rows": 150000,"Actual Loops": 1,"Group Key": ["customer.c_custkey"],"Planned Partitions": 0,"HashAgg Batches": 1,"Peak Memory Usage": 22545,"Disk Usage": 0,"Plans": [{"Node Type": "Hash Join","Parent Relationship": "Outer","Parallel Aware": false,"Async Capable": false,"Join Type": "Right","Startup Cost": 5781.42,"Total Cost": 54484.49,"Plan Rows": 1469697,"Plan Width": 8,"Actual Startup Time": 38.076,"Actual Total Time": 4114.998,"Actual Rows": 1533945,"Actual Loops": 1,"Inner Unique": true,"Hash Cond": "(orders.o_custkey = customer.c_custkey)","Plans": [{"Node Type": "Seq Scan","Parent Relationship": "Outer","Parallel Aware": false,"Async Capable": false,"Relation Name": "orders","Alias": "orders","Startup Cost": 0.00,"Total Cost": 44845.00,"Plan Rows": 1469697,"Plan Width": 8,"Actual Startup Time": 0.049,"Actual Total Time": 2844.878,"Actual Rows": 1483941,"Actual Loops": 1,"Filter": "((o_comment)::text !~~ '%express%packages%'::text)","Rows Removed by Filter": 16059},{"Node Type": "Hash","Parent Relationship": "Inner","Parallel Aware": false,"Async Capable": false,"Startup Cost": 3906.42,"Total Cost": 3906.42,"Plan Rows": 150000,"Plan Width": 4,"Actual Startup Time": 36.257,"Actual Total Time": 36.268,"Actual Rows": 150000,"Actual Loops": 1,"Hash Buckets": 262144,"Original Hash Buckets": 262144,"Hash Batches": 1,"Original Hash Batches": 1,"Peak Memory Usage": 7322,"Plans": [{"Node Type": "Index Only Scan","Parent Relationship": "Outer","Parallel Aware": false,"Async Capable": false,"Scan Direction": "Forward","Index Name": "customer_pkey","Relation Name": "customer","Alias": "customer","Startup Cost": 0.42,"Total Cost": 3906.42,"Plan Rows": 150000,"Plan Width": 4,"Actual Startup Time": 0.063,"Actual Total Time": 14.588,"Actual Rows": 150000,"Actual Loops": 1,"Heap Fetches": 0}]}]}]}]}]},"Planning Time": 3.934,"Triggers": [],"Execution Time": 6155.513}]
[{"Plan": {"Node Type": "Sort","Parallel Aware": false,"Async Capable": false,"Startup Cost": 65592.61,"Total Cost": 65593.11,"Plan Rows": 200,"Plan Width": 16,"Actual Startup Time": 6042.914,"Actual Total Time": 6042.954,"Actual Rows": 42,"Actual Loops": 1,"Sort Key": ["(count(*)) DESC", "(count(orders.o_orderkey)) DESC"],"Sort Method": "quicksort","Sort Space Used": 27,"Sort Space Type": "Memory","Plans": [{"Node Type": "Aggregate","Strategy": "Hashed","Partial Mode": "Simple","Parent Relationship": "Outer","Parallel Aware": false,"Async Capable": false,"Startup Cost": 65582.97,"Total Cost": 65584.97,"Plan Rows": 200,"Plan Width": 16,"Actual Startup Time": 6042.802,"Actual Total Time": 6042.854,"Actual Rows": 42,"Actual Loops": 1,"Group Key": ["count(orders.o_orderkey)"],"Planned Partitions": 0,"HashAgg Batches": 1,"Peak Memory Usage": 40,"Disk Usage": 0,"Plans": [{"Node Type": "Aggregate","Strategy": "Hashed","Partial Mode": "Simple","Parent Relationship": "Outer","Parallel Aware": false,"Async Capable": false,"Startup Cost": 61832.97,"Total Cost": 63332.97,"Plan Rows": 150000,"Plan Width": 12,"Actual Startup Time": 5848.968,"Actual Total Time": 6029.049,"Actual Rows": 150000,"Actual Loops": 1,"Group Key": ["customer.c_custkey"],"Planned Partitions": 0,"HashAgg Batches": 1,"Peak Memory Usage": 22545,"Disk Usage": 0,"Plans": [{"Node Type": "Hash Join","Parent Relationship": "Outer","Parallel Aware": false,"Async Capable": false,"Join Type": "Right","Startup Cost": 5781.42,"Total Cost": 54484.49,"Plan Rows": 1469697,"Plan Width": 8,"Actual Startup Time": 38.540,"Actual Total Time": 4039.691,"Actual Rows": 1534055,"Actual Loops": 1,"Inner Unique": true,"Hash Cond": "(orders.o_custkey = customer.c_custkey)","Plans": [{"Node Type": "Seq Scan","Parent Relationship": "Outer","Parallel Aware": false,"Async Capable": false,"Relation Name": "orders","Alias": "orders","Startup Cost": 0.00,"Total Cost": 44845.00,"Plan Rows": 1469697,"Plan Width": 8,"Actual Startup Time": 0.061,"Actual Total Time": 2797.159,"Actual Rows": 1484051,"Actual Loops": 1,"Filter": "((o_comment)::text !~~ '%special%packages%'::text)","Rows Removed by Filter": 15949},{"Node Type": "Hash","Parent Relationship": "Inner","Parallel Aware": false,"Async Capable": false,"Startup Cost": 3906.42,"Total Cost": 3906.42,"Plan Rows": 150000,"Plan Width": 4,"Actual Startup Time": 36.593,"Actual Total Time": 36.607,"Actual Rows": 150000,"Actual Loops": 1,"Hash Buckets": 262144,"Original Hash Buckets": 262144,"Hash Batches": 1,"Original Hash Batches": 1,"Peak Memory Usage": 7322,"Plans": [{"Node Type": "Index Only Scan","Parent Relationship": "Outer","Parallel Aware": false,"Async Capable": false,"Scan Direction": "Forward","Index Name": "customer_pkey","Relation Name": "customer","Alias": "customer","Startup Cost": 0.42,"Total Cost": 3906.42,"Plan Rows": 150000,"Plan Width": 4,"Actual Startup Time": 0.050,"Actual Total Time": 14.573,"Actual Rows": 150000,"Actual Loops": 1,"Heap Fetches": 0}]}]}]}]}]},"Planning Time": 3.383,"Triggers": [],"Execution Time": 6052.793}]
[{"Plan": {"Node Type": "Sort","Parallel Aware": false,"Async Capable": false,"Startup Cost": 65822.53,"Total Cost": 65823.03,"Plan Rows": 200,"Plan Width": 16,"Actual Startup Time": 6650.964,"Actual Total Time": 6651.000,"Actual Rows": 42,"Actual Loops": 1,"Sort Key": ["(count(*)) DESC", "(count(orders.o_orderkey)) DESC"],"Sort Method": "quicksort","Sort Space Used": 27,"Sort Space Type": "Memory","Plans": [{"Node Type": "Aggregate","Strategy": "Hashed","Partial Mode": "Simple","Parent Relationship": "Outer","Parallel Aware": false,"Async Capable": false,"Startup Cost": 65812.89,"Total Cost": 65814.89,"Plan Rows": 200,"Plan Width": 16,"Actual Startup Time": 6650.893,"Actual Total Time": 6650.940,"Actual Rows": 42,"Actual Loops": 1,"Group Key": ["count(orders.o_orderkey)"],"Planned Partitions": 0,"HashAgg Batches": 1,"Peak Memory Usage": 40,"Disk Usage": 0,"Plans": [{"Node Type": "Aggregate","Strategy": "Hashed","Partial Mode": "Simple","Parent Relationship": "Outer","Parallel Aware": false,"Async Capable": false,"Startup Cost": 62062.89,"Total Cost": 63562.89,"Plan Rows": 150000,"Plan Width": 12,"Actual Startup Time": 6477.408,"Actual Total Time": 6637.150,"Actual Rows": 150000,"Actual Loops": 1,"Group Key": ["customer.c_custkey"],"Planned Partitions": 0,"HashAgg Batches": 1,"Peak Memory Usage": 22545,"Disk Usage": 0,"Plans": [{"Node Type": "Hash Join","Parent Relationship": "Outer","Parallel Aware": false,"Async Capable": false,"Join Type": "Right","Startup Cost": 5781.42,"Total Cost": 54563.64,"Plan Rows": 1499850,"Plan Width": 8,"Actual Startup Time": 36.551,"Actual Total Time": 4552.506,"Actual Rows": 1533843,"Actual Loops": 1,"Inner Unique": true,"Hash Cond": "(orders.o_custkey = customer.c_custkey)","Plans": [{"Node Type": "Seq Scan","Parent Relationship": "Outer","Parallel Aware": false,"Async Capable": false,"Relation Name": "orders","Alias": "orders","Startup Cost": 0.00,"Total Cost": 44845.00,"Plan Rows": 1499850,"Plan Width": 8,"Actual Startup Time": 0.044,"Actual Total Time": 3147.620,"Actual Rows": 1483839,"Actual Loops": 1,"Filter": "((o_comment)::text !~~ '%pending%deposits%'::text)","Rows Removed by Filter": 16161},{"Node Type": "Hash","Parent Relationship": "Inner","Parallel Aware": false,"Async Capable": false,"Startup Cost": 3906.42,"Total Cost": 3906.42,"Plan Rows": 150000,"Plan Width": 4,"Actual Startup Time": 34.769,"Actual Total Time": 34.783,"Actual Rows": 150000,"Actual Loops": 1,"Hash Buckets": 262144,"Original Hash Buckets": 262144,"Hash Batches": 1,"Original Hash Batches": 1,"Peak Memory Usage": 7322,"Plans": [{"Node Type": "Index Only Scan","Parent Relationship": "Outer","Parallel Aware": false,"Async Capable": false,"Scan Direction": "Forward","Index Name": "customer_pkey","Relation Name": "customer","Alias": "customer","Startup Cost": 0.42,"Total Cost": 3906.42,"Plan Rows": 150000,"Plan Width": 4,"Actual Startup Time": 0.065,"Actual Total Time": 13.424,"Actual Rows": 150000,"Actual Loops": 1,"Heap Fetches": 0}]}]}]}]}]},"Planning Time": 3.594,"Triggers": [],"Execution Time": 6658.782}]
[{"Plan": {"Node Type": "Sort","Parallel Aware": false,"Async Capable": false,"Startup Cost": 65477.08,"Total Cost": 65477.58,"Plan Rows": 200,"Plan Width": 16,"Actual Startup Time": 6131.456,"Actual Total Time": 6131.495,"Actual Rows": 42,"Actual Loops": 1,"Sort Key": ["(count(*)) DESC", "(count(orders.o_orderkey)) DESC"],"Sort Method": "quicksort","Sort Space Used": 27,"Sort Space Type": "Memory","Plans": [{"Node Type": "Aggregate","Strategy": "Hashed","Partial Mode": "Simple","Parent Relationship": "Outer","Parallel Aware": false,"Async Capable": false,"Startup Cost": 65467.44,"Total Cost": 65469.44,"Plan Rows": 200,"Plan Width": 16,"Actual Startup Time": 6131.350,"Actual Total Time": 6131.398,"Actual Rows": 42,"Actual Loops": 1,"Group Key": ["count(orders.o_orderkey)"],"Planned Partitions": 0,"HashAgg Batches": 1,"Peak Memory Usage": 40,"Disk Usage": 0,"Plans": [{"Node Type": "Aggregate","Strategy": "Hashed","Partial Mode": "Simple","Parent Relationship": "Outer","Parallel Aware": false,"Async Capable": false,"Startup Cost": 61717.44,"Total Cost": 63217.44,"Plan Rows": 150000,"Plan Width": 12,"Actual Startup Time": 5953.045,"Actual Total Time": 6117.615,"Actual Rows": 150000,"Actual Loops": 1,"Group Key": ["customer.c_custkey"],"Planned Partitions": 0,"HashAgg Batches": 1,"Peak Memory Usage": 22545,"Disk Usage": 0,"Plans": [{"Node Type": "Hash Join","Parent Relationship": "Outer","Parallel Aware": false,"Async Capable": false,"Join Type": "Right","Startup Cost": 5781.42,"Total Cost": 54444.71,"Plan Rows": 1454545,"Plan Width": 8,"Actual Startup Time": 38.590,"Actual Total Time": 4109.614,"Actual Rows": 1533923,"Actual Loops": 1,"Inner Unique": true,"Hash Cond": "(orders.o_custkey = customer.c_custkey)","Plans": [{"Node Type": "Seq Scan","Parent Relationship": "Outer","Parallel Aware": false,"Async Capable": false,"Relation Name": "orders","Alias": "orders","Startup Cost": 0.00,"Total Cost": 44845.00,"Plan Rows": 1454545,"Plan Width": 8,"Actual Startup Time": 0.061,"Actual Total Time": 2840.022,"Actual Rows": 1483918,"Actual Loops": 1,"Filter": "((o_comment)::text !~~ '%special%requests%'::text)","Rows Removed by Filter": 16082},{"Node Type": "Hash","Parent Relationship": "Inner","Parallel Aware": false,"Async Capable": false,"Startup Cost": 3906.42,"Total Cost": 3906.42,"Plan Rows": 150000,"Plan Width": 4,"Actual Startup Time": 36.739,"Actual Total Time": 36.756,"Actual Rows": 150000,"Actual Loops": 1,"Hash Buckets": 262144,"Original Hash Buckets": 262144,"Hash Batches": 1,"Original Hash Batches": 1,"Peak Memory Usage": 7322,"Plans": [{"Node Type": "Index Only Scan","Parent Relationship": "Outer","Parallel Aware": false,"Async Capable": false,"Scan Direction": "Forward","Index Name": "customer_pkey","Relation Name": "customer","Alias": "customer","Startup Cost": 0.42,"Total Cost": 3906.42,"Plan Rows": 150000,"Plan Width": 4,"Actual Startup Time": 0.061,"Actual Total Time": 14.504,"Actual Rows": 150000,"Actual Loops": 1,"Heap Fetches": 0}]}]}]}]}]},"Planning Time": 3.536,"Triggers": [],"Execution Time": 6139.749}]
[{"Plan": {"Node Type": "Sort","Parallel Aware": false,"Async Capable": false,"Startup Cost": 65708.14,"Total Cost": 65708.64,"Plan Rows": 200,"Plan Width": 16,"Actual Startup Time": 6706.121,"Actual Total Time": 6706.163,"Actual Rows": 42,"Actual Loops": 1,"Sort Key": ["(count(*)) DESC", "(count(orders.o_orderkey)) DESC"],"Sort Method": "quicksort","Sort Space Used": 27,"Sort Space Type": "Memory","Plans": [{"Node Type": "Aggregate","Strategy": "Hashed","Partial Mode": "Simple","Parent Relationship": "Outer","Parallel Aware": false,"Async Capable": false,"Startup Cost": 65698.50,"Total Cost": 65700.50,"Plan Rows": 200,"Plan Width": 16,"Actual Startup Time": 6706.048,"Actual Total Time": 6706.098,"Actual Rows": 42,"Actual Loops": 1,"Group Key": ["count(orders.o_orderkey)"],"Planned Partitions": 0,"HashAgg Batches": 1,"Peak Memory Usage": 40,"Disk Usage": 0,"Plans": [{"Node Type": "Aggregate","Strategy": "Hashed","Partial Mode": "Simple","Parent Relationship": "Outer","Parallel Aware": false,"Async Capable": false,"Startup Cost": 61948.50,"Total Cost": 63448.50,"Plan Rows": 150000,"Plan Width": 12,"Actual Startup Time": 6534.914,"Actual Total Time": 6692.300,"Actual Rows": 150000,"Actual Loops": 1,"Group Key": ["customer.c_custkey"],"Planned Partitions": 0,"HashAgg Batches": 1,"Peak Memory Usage": 22545,"Disk Usage": 0,"Plans": [{"Node Type": "Hash Join","Parent Relationship": "Outer","Parallel Aware": false,"Async Capable": false,"Join Type": "Right","Startup Cost": 5781.42,"Total Cost": 54524.26,"Plan Rows": 1484848,"Plan Width": 8,"Actual Startup Time": 35.450,"Actual Total Time": 4617.784,"Actual Rows": 1533791,"Actual Loops": 1,"Inner Unique": true,"Hash Cond": "(orders.o_custkey = customer.c_custkey)","Plans": [{"Node Type": "Seq Scan","Parent Relationship": "Outer","Parallel Aware": false,"Async Capable": false,"Relation Name": "orders","Alias": "orders","Startup Cost": 0.00,"Total Cost": 44845.00,"Plan Rows": 1484848,"Plan Width": 8,"Actual Startup Time": 0.045,"Actual Total Time": 3189.289,"Actual Rows": 1483787,"Actual Loops": 1,"Filter": "((o_comment)::text !~~ '%unusual%packages%'::text)","Rows Removed by Filter": 16213},{"Node Type": "Hash","Parent Relationship": "Inner","Parallel Aware": false,"Async Capable": false,"Startup Cost": 3906.42,"Total Cost": 3906.42,"Plan Rows": 150000,"Plan Width": 4,"Actual Startup Time": 33.722,"Actual Total Time": 33.741,"Actual Rows": 150000,"Actual Loops": 1,"Hash Buckets": 262144,"Original Hash Buckets": 262144,"Hash Batches": 1,"Original Hash Batches": 1,"Peak Memory Usage": 7322,"Plans": [{"Node Type": "Index Only Scan","Parent Relationship": "Outer","Parallel Aware": false,"Async Capable": false,"Scan Direction": "Forward","Index Name": "customer_pkey","Relation Name": "customer","Alias": "customer","Startup Cost": 0.42,"Total Cost": 3906.42,"Plan Rows": 150000,"Plan Width": 4,"Actual Startup Time": 0.040,"Actual Total Time": 13.017,"Actual Rows": 150000,"Actual Loops": 1,"Heap Fetches": 0}]}]}]}]}]},"Planning Time": 3.840,"Triggers": [],"Execution Time": 6714.032}]
[{"Plan": {"Node Type": "Sort","Parallel Aware": false,"Async Capable": false,"Startup Cost": 65592.61,"Total Cost": 65593.11,"Plan Rows": 200,"Plan Width": 16,"Actual Startup Time": 6147.348,"Actual Total Time": 6147.387,"Actual Rows": 42,"Actual Loops": 1,"Sort Key": ["(count(*)) DESC", "(count(orders.o_orderkey)) DESC"],"Sort Method": "quicksort","Sort Space Used": 27,"Sort Space Type": "Memory","Plans": [{"Node Type": "Aggregate","Strategy": "Hashed","Partial Mode": "Simple","Parent Relationship": "Outer","Parallel Aware": false,"Async Capable": false,"Startup Cost": 65582.97,"Total Cost": 65584.97,"Plan Rows": 200,"Plan Width": 16,"Actual Startup Time": 6147.247,"Actual Total Time": 6147.296,"Actual Rows": 42,"Actual Loops": 1,"Group Key": ["count(orders.o_orderkey)"],"Planned Partitions": 0,"HashAgg Batches": 1,"Peak Memory Usage": 40,"Disk Usage": 0,"Plans": [{"Node Type": "Aggregate","Strategy": "Hashed","Partial Mode": "Simple","Parent Relationship": "Outer","Parallel Aware": false,"Async Capable": false,"Startup Cost": 61832.97,"Total Cost": 63332.97,"Plan Rows": 150000,"Plan Width": 12,"Actual Startup Time": 5968.961,"Actual Total Time": 6133.532,"Actual Rows": 150000,"Actual Loops": 1,"Group Key": ["customer.c_custkey"],"Planned Partitions": 0,"HashAgg Batches": 1,"Peak Memory Usage": 22545,"Disk Usage": 0,"Plans": [{"Node Type": "Hash Join","Parent Relationship": "Outer","Parallel Aware": false,"Async Capable": false,"Join Type": "Right","Startup Cost": 5781.42,"Total Cost": 54484.49,"Plan Rows": 1469697,"Plan Width": 8,"Actual Startup Time": 38.076,"Actual Total Time": 4114.998,"Actual Rows": 1533945,"Actual Loops": 1,"Inner Unique": true,"Hash Cond": "(orders.o_custkey = customer.c_custkey)","Plans": [{"Node Type": "Seq Scan","Parent Relationship": "Outer","Parallel Aware": false,"Async Capable": false,"Relation Name": "orders","Alias": "orders","Startup Cost": 0.00,"Total Cost": 44845.00,"Plan Rows": 1469697,"Plan Width": 8,"Actual Startup Time": 0.049,"Actual Total Time": 2844.878,"Actual Rows": 1483941,"Actual Loops": 1,"Filter": "((o_comment)::text !~~ '%express%packages%'::text)","Rows Removed by Filter": 16059},{"Node Type": "Hash","Parent Relationship": "Inner","Parallel Aware": false,"Async Capable": false,"Startup Cost": 3906.42,"Total Cost": 3906.42,"Plan Rows": 150000,"Plan Width": 4,"Actual Startup Time": 36.257,"Actual Total Time": 36.268,"Actual Rows": 150000,"Actual Loops": 1,"Hash Buckets": 262144,"Original Hash Buckets": 262144,"Hash Batches": 1,"Original Hash Batches": 1,"Peak Memory Usage": 7322,"Plans": [{"Node Type": "Index Only Scan","Parent Relationship": "Outer","Parallel Aware": false,"Async Capable": false,"Scan Direction": "Forward","Index Name": "customer_pkey","Relation Name": "customer","Alias": "customer","Startup Cost": 0.42,"Total Cost": 3906.42,"Plan Rows": 150000,"Plan Width": 4,"Actual Startup Time": 0.063,"Actual Total Time": 14.588,"Actual Rows": 150000,"Actual Loops": 1,"Heap Fetches": 0}]}]}]}]}]},"Planning Time": 3.934,"Triggers": [],"Execution Time": 6155.513}]
[{"Plan": {"Node Type": "Sort","Parallel Aware": false,"Async Capable": false,"Startup Cost": 65708.14,"Total Cost": 65708.64,"Plan Rows": 200,"Plan Width": 16,"Actual Startup Time": 6706.121,"Actual Total Time": 6706.163,"Actual Rows": 42,"Actual Loops": 1,"Sort Key": ["(count(*)) DESC", "(count(orders.o_orderkey)) DESC"],"Sort Method": "quicksort","Sort Space Used": 27,"Sort Space Type": "Memory","Plans": [{"Node Type": "Aggregate","Strategy": "Hashed","Partial Mode": "Simple","Parent Relationship": "Outer","Parallel Aware": false,"Async Capable": false,"Startup Cost": 65698.50,"Total Cost": 65700.50,"Plan Rows": 200,"Plan Width": 16,"Actual Startup Time": 6706.048,"Actual Total Time": 6706.098,"Actual Rows": 42,"Actual Loops": 1,"Group Key": ["count(orders.o_orderkey)"],"Planned Partitions": 0,"HashAgg Batches": 1,"Peak Memory Usage": 40,"Disk Usage": 0,"Plans": [{"Node Type": "Aggregate","Strategy": "Hashed","Partial Mode": "Simple","Parent Relationship": "Outer","Parallel Aware": false,"Async Capable": false,"Startup Cost": 61948.50,"Total Cost": 63448.50,"Plan Rows": 150000,"Plan Width": 12,"Actual Startup Time": 6534.914,"Actual Total Time": 6692.300,"Actual Rows": 150000,"Actual Loops": 1,"Group Key": ["customer.c_custkey"],"Planned Partitions": 0,"HashAgg Batches": 1,"Peak Memory Usage": 22545,"Disk Usage": 0,"Plans": [{"Node Type": "Hash Join","Parent Relationship": "Outer","Parallel Aware": false,"Async Capable": false,"Join Type": "Right","Startup Cost": 5781.42,"Total Cost": 54524.26,"Plan Rows": 1484848,"Plan Width": 8,"Actual Startup Time": 35.450,"Actual Total Time": 4617.784,"Actual Rows": 1533791,"Actual Loops": 1,"Inner Unique": true,"Hash Cond": "(orders.o_custkey = customer.c_custkey)","Plans": [{"Node Type": "Seq Scan","Parent Relationship": "Outer","Parallel Aware": false,"Async Capable": false,"Relation Name": "orders","Alias": "orders","Startup Cost": 0.00,"Total Cost": 44845.00,"Plan Rows": 1484848,"Plan Width": 8,"Actual Startup Time": 0.045,"Actual Total Time": 3189.289,"Actual Rows": 1483787,"Actual Loops": 1,"Filter": "((o_comment)::text !~~ '%unusual%packages%'::text)","Rows Removed by Filter": 16213},{"Node Type": "Hash","Parent Relationship": "Inner","Parallel Aware": false,"Async Capable": false,"Startup Cost": 3906.42,"Total Cost": 3906.42,"Plan Rows": 150000,"Plan Width": 4,"Actual Startup Time": 33.722,"Actual Total Time": 33.741,"Actual Rows": 150000,"Actual Loops": 1,"Hash Buckets": 262144,"Original Hash Buckets": 262144,"Hash Batches": 1,"Original Hash Batches": 1,"Peak Memory Usage": 7322,"Plans": [{"Node Type": "Index Only Scan","Parent Relationship": "Outer","Parallel Aware": false,"Async Capable": false,"Scan Direction": "Forward","Index Name": "customer_pkey","Relation Name": "customer","Alias": "customer","Startup Cost": 0.42,"Total Cost": 3906.42,"Plan Rows": 150000,"Plan Width": 4,"Actual Startup Time": 0.040,"Actual Total Time": 13.017,"Actual Rows": 150000,"Actual Loops": 1,"Heap Fetches": 0}]}]}]}]}]},"Planning Time": 3.840,"Triggers": [],"Execution Time": 6714.032}]
[{"Plan": {"Node Type": "Sort","Parallel Aware": false,"Async Capable": false,"Startup Cost": 65822.53,"Total Cost": 65823.03,"Plan Rows": 200,"Plan Width": 16,"Actual Startup Time": 6789.356,"Actual Total Time": 6789.385,"Actual Rows": 42,"Actual Loops": 1,"Sort Key": ["(count(*)) DESC", "(count(orders.o_orderkey)) DESC"],"Sort Method": "quicksort","Sort Space Used": 27,"Sort Space Type": "Memory","Plans": [{"Node Type": "Aggregate","Strategy": "Hashed","Partial Mode": "Simple","Parent Relationship": "Outer","Parallel Aware": false,"Async Capable": false,"Startup Cost": 65812.89,"Total Cost": 65814.89,"Plan Rows": 200,"Plan Width": 16,"Actual Startup Time": 6789.265,"Actual Total Time": 6789.304,"Actual Rows": 42,"Actual Loops": 1,"Group Key": ["count(orders.o_orderkey)"],"Planned Partitions": 0,"HashAgg Batches": 1,"Peak Memory Usage": 40,"Disk Usage": 0,"Plans": [{"Node Type": "Aggregate","Strategy": "Hashed","Partial Mode": "Simple","Parent Relationship": "Outer","Parallel Aware": false,"Async Capable": false,"Startup Cost": 62062.89,"Total Cost": 63562.89,"Plan Rows": 150000,"Plan Width": 12,"Actual Startup Time": 6597.323,"Actual Total Time": 6775.519,"Actual Rows": 150000,"Actual Loops": 1,"Group Key": ["customer.c_custkey"],"Planned Partitions": 0,"HashAgg Batches": 1,"Peak Memory Usage": 22545,"Disk Usage": 0,"Plans": [{"Node Type": "Hash Join","Parent Relationship": "Outer","Parallel Aware": false,"Async Capable": false,"Join Type": "Right","Startup Cost": 5781.42,"Total Cost": 54563.64,"Plan Rows": 1499850,"Plan Width": 8,"Actual Startup Time": 45.919,"Actual Total Time": 4674.391,"Actual Rows": 1534025,"Actual Loops": 1,"Inner Unique": true,"Hash Cond": "(orders.o_custkey = customer.c_custkey)","Plans": [{"Node Type": "Seq Scan","Parent Relationship": "Outer","Parallel Aware": false,"Async Capable": false,"Relation Name": "orders","Alias": "orders","Startup Cost": 0.00,"Total Cost": 44845.00,"Plan Rows": 1499850,"Plan Width": 8,"Actual Startup Time": 0.049,"Actual Total Time": 3245.830,"Actual Rows": 1484020,"Actual Loops": 1,"Filter": "((o_comment)::text !~~ '%express%deposits%'::text)","Rows Removed by Filter": 15980},{"Node Type": "Hash","Parent Relationship": "Inner","Parallel Aware": false,"Async Capable": false,"Startup Cost": 3906.42,"Total Cost": 3906.42,"Plan Rows": 150000,"Plan Width": 4,"Actual Startup Time": 44.047,"Actual Total Time": 44.059,"Actual Rows": 150000,"Actual Loops": 1,"Hash Buckets": 262144,"Original Hash Buckets": 262144,"Hash Batches": 1,"Original Hash Batches": 1,"Peak Memory Usage": 7322,"Plans": [{"Node Type": "Index Only Scan","Parent Relationship": "Outer","Parallel Aware": false,"Async Capable": false,"Scan Direction": "Forward","Index Name": "customer_pkey","Relation Name": "customer","Alias": "customer","Startup Cost": 0.42,"Total Cost": 3906.42,"Plan Rows": 150000,"Plan Width": 4,"Actual Startup Time": 0.049,"Actual Total Time": 21.219,"Actual Rows": 150000,"Actual Loops": 1,"Heap Fetches": 0}]}]}]}]}]},"Planning Time": 4.349,"Triggers": [],"Execution Time": 6798.388}]
[{"Plan": {"Node Type": "Sort","Parallel Aware": false,"Async Capable": false,"Startup Cost": 65822.53,"Total Cost": 65823.03,"Plan Rows": 200,"Plan Width": 16,"Actual Startup Time": 5956.637,"Actual Total Time": 5956.675,"Actual Rows": 42,"Actual Loops": 1,"Sort Key": ["(count(*)) DESC", "(count(orders.o_orderkey)) DESC"],"Sort Method": "quicksort","Sort Space Used": 27,"Sort Space Type": "Memory","Plans": [{"Node Type": "Aggregate","Strategy": "Hashed","Partial Mode": "Simple","Parent Relationship": "Outer","Parallel Aware": false,"Async Capable": false,"Startup Cost": 65812.89,"Total Cost": 65814.89,"Plan Rows": 200,"Plan Width": 16,"Actual Startup Time": 5956.548,"Actual Total Time": 5956.590,"Actual Rows": 42,"Actual Loops": 1,"Group Key": ["count(orders.o_orderkey)"],"Planned Partitions": 0,"HashAgg Batches": 1,"Peak Memory Usage": 40,"Disk Usage": 0,"Plans": [{"Node Type": "Aggregate","Strategy": "Hashed","Partial Mode": "Simple","Parent Relationship": "Outer","Parallel Aware": false,"Async Capable": false,"Startup Cost": 62062.89,"Total Cost": 63562.89,"Plan Rows": 150000,"Plan Width": 12,"Actual Startup Time": 5763.184,"Actual Total Time": 5942.838,"Actual Rows": 150000,"Actual Loops": 1,"Group Key": ["customer.c_custkey"],"Planned Partitions": 0,"HashAgg Batches": 1,"Peak Memory Usage": 22545,"Disk Usage": 0,"Plans": [{"Node Type": "Hash Join","Parent Relationship": "Outer","Parallel Aware": false,"Async Capable": false,"Join Type": "Right","Startup Cost": 5781.42,"Total Cost": 54563.64,"Plan Rows": 1499850,"Plan Width": 8,"Actual Startup Time": 38.566,"Actual Total Time": 3955.732,"Actual Rows": 1533620,"Actual Loops": 1,"Inner Unique": true,"Hash Cond": "(orders.o_custkey = customer.c_custkey)","Plans": [{"Node Type": "Seq Scan","Parent Relationship": "Outer","Parallel Aware": false,"Async Capable": false,"Relation Name": "orders","Alias": "orders","Startup Cost": 0.00,"Total Cost": 44845.00,"Plan Rows": 1499850,"Plan Width": 8,"Actual Startup Time": 0.052,"Actual Total Time": 2713.562,"Actual Rows": 1483615,"Actual Loops": 1,"Filter": "((o_comment)::text !~~ '%pending%accounts%'::text)","Rows Removed by Filter": 16385},{"Node Type": "Hash","Parent Relationship": "Inner","Parallel Aware": false,"Async Capable": false,"Startup Cost": 3906.42,"Total Cost": 3906.42,"Plan Rows": 150000,"Plan Width": 4,"Actual Startup Time": 36.530,"Actual Total Time": 36.543,"Actual Rows": 150000,"Actual Loops": 1,"Hash Buckets": 262144,"Original Hash Buckets": 262144,"Hash Batches": 1,"Original Hash Batches": 1,"Peak Memory Usage": 7322,"Plans": [{"Node Type": "Index Only Scan","Parent Relationship": "Outer","Parallel Aware": false,"Async Capable": false,"Scan Direction": "Forward","Index Name": "customer_pkey","Relation Name": "customer","Alias": "customer","Startup Cost": 0.42,"Total Cost": 3906.42,"Plan Rows": 150000,"Plan Width": 4,"Actual Startup Time": 0.036,"Actual Total Time": 14.278,"Actual Rows": 150000,"Actual Loops": 1,"Heap Fetches": 0}]}]}]}]}]},"Planning Time": 3.568,"Triggers": [],"Execution Time": 5966.474}]
[{"Plan": {"Node Type": "Sort","Parallel Aware": false,"Async Capable": false,"Startup Cost": 65708.14,"Total Cost": 65708.64,"Plan Rows": 200,"Plan Width": 16,"Actual Startup Time": 6734.447,"Actual Total Time": 6734.481,"Actual Rows": 42,"Actual Loops": 1,"Sort Key": ["(count(*)) DESC", "(count(orders.o_orderkey)) DESC"],"Sort Method": "quicksort","Sort Space Used": 27,"Sort Space Type": "Memory","Plans": [{"Node Type": "Aggregate","Strategy": "Hashed","Partial Mode": "Simple","Parent Relationship": "Outer","Parallel Aware": false,"Async Capable": false,"Startup Cost": 65698.50,"Total Cost": 65700.50,"Plan Rows": 200,"Plan Width": 16,"Actual Startup Time": 6734.369,"Actual Total Time": 6734.411,"Actual Rows": 42,"Actual Loops": 1,"Group Key": ["count(orders.o_orderkey)"],"Planned Partitions": 0,"HashAgg Batches": 1,"Peak Memory Usage": 40,"Disk Usage": 0,"Plans": [{"Node Type": "Aggregate","Strategy": "Hashed","Partial Mode": "Simple","Parent Relationship": "Outer","Parallel Aware": false,"Async Capable": false,"Startup Cost": 61948.50,"Total Cost": 63448.50,"Plan Rows": 150000,"Plan Width": 12,"Actual Startup Time": 6542.374,"Actual Total Time": 6720.630,"Actual Rows": 150000,"Actual Loops": 1,"Group Key": ["customer.c_custkey"],"Planned Partitions": 0,"HashAgg Batches": 1,"Peak Memory Usage": 22545,"Disk Usage": 0,"Plans": [{"Node Type": "Hash Join","Parent Relationship": "Outer","Parallel Aware": false,"Async Capable": false,"Join Type": "Right","Startup Cost": 5781.42,"Total Cost": 54524.26,"Plan Rows": 1484848,"Plan Width": 8,"Actual Startup Time": 36.319,"Actual Total Time": 4621.827,"Actual Rows": 1533676,"Actual Loops": 1,"Inner Unique": true,"Hash Cond": "(orders.o_custkey = customer.c_custkey)","Plans": [{"Node Type": "Seq Scan","Parent Relationship": "Outer","Parallel Aware": false,"Async Capable": false,"Relation Name": "orders","Alias": "orders","Startup Cost": 0.00,"Total Cost": 44845.00,"Plan Rows": 1484848,"Plan Width": 8,"Actual Startup Time": 0.054,"Actual Total Time": 3196.487,"Actual Rows": 1483672,"Actual Loops": 1,"Filter": "((o_comment)::text !~~ '%express%requests%'::text)","Rows Removed by Filter": 16328},{"Node Type": "Hash","Parent Relationship": "Inner","Parallel Aware": false,"Async Capable": false,"Startup Cost": 3906.42,"Total Cost": 3906.42,"Plan Rows": 150000,"Plan Width": 4,"Actual Startup Time": 34.348,"Actual Total Time": 34.358,"Actual Rows": 150000,"Actual Loops": 1,"Hash Buckets": 262144,"Original Hash Buckets": 262144,"Hash Batches": 1,"Original Hash Batches": 1,"Peak Memory Usage": 7322,"Plans": [{"Node Type": "Index Only Scan","Parent Relationship": "Outer","Parallel Aware": false,"Async Capable": false,"Scan Direction": "Forward","Index Name": "customer_pkey","Relation Name": "customer","Alias": "customer","Startup Cost": 0.42,"Total Cost": 3906.42,"Plan Rows": 150000,"Plan Width": 4,"Actual Startup Time": 0.054,"Actual Total Time": 13.145,"Actual Rows": 150000,"Actual Loops": 1,"Heap Fetches": 0}]}]}]}]}]},"Planning Time": 4.493,"Triggers": [],"Execution Time": 6743.934}]
[{"Plan": {"Node Type": "Sort","Parallel Aware": false,"Async Capable": false,"Startup Cost": 65822.53,"Total Cost": 65823.03,"Plan Rows": 200,"Plan Width": 16,"Actual Startup Time": 6789.356,"Actual Total Time": 6789.385,"Actual Rows": 42,"Actual Loops": 1,"Sort Key": ["(count(*)) DESC", "(count(orders.o_orderkey)) DESC"],"Sort Method": "quicksort","Sort Space Used": 27,"Sort Space Type": "Memory","Plans": [{"Node Type": "Aggregate","Strategy": "Hashed","Partial Mode": "Simple","Parent Relationship": "Outer","Parallel Aware": false,"Async Capable": false,"Startup Cost": 65812.89,"Total Cost": 65814.89,"Plan Rows": 200,"Plan Width": 16,"Actual Startup Time": 6789.265,"Actual Total Time": 6789.304,"Actual Rows": 42,"Actual Loops": 1,"Group Key": ["count(orders.o_orderkey)"],"Planned Partitions": 0,"HashAgg Batches": 1,"Peak Memory Usage": 40,"Disk Usage": 0,"Plans": [{"Node Type": "Aggregate","Strategy": "Hashed","Partial Mode": "Simple","Parent Relationship": "Outer","Parallel Aware": false,"Async Capable": false,"Startup Cost": 62062.89,"Total Cost": 63562.89,"Plan Rows": 150000,"Plan Width": 12,"Actual Startup Time": 6597.323,"Actual Total Time": 6775.519,"Actual Rows": 150000,"Actual Loops": 1,"Group Key": ["customer.c_custkey"],"Planned Partitions": 0,"HashAgg Batches": 1,"Peak Memory Usage": 22545,"Disk Usage": 0,"Plans": [{"Node Type": "Hash Join","Parent Relationship": "Outer","Parallel Aware": false,"Async Capable": false,"Join Type": "Right","Startup Cost": 5781.42,"Total Cost": 54563.64,"Plan Rows": 1499850,"Plan Width": 8,"Actual Startup Time": 45.919,"Actual Total Time": 4674.391,"Actual Rows": 1534025,"Actual Loops": 1,"Inner Unique": true,"Hash Cond": "(orders.o_custkey = customer.c_custkey)","Plans": [{"Node Type": "Seq Scan","Parent Relationship": "Outer","Parallel Aware": false,"Async Capable": false,"Relation Name": "orders","Alias": "orders","Startup Cost": 0.00,"Total Cost": 44845.00,"Plan Rows": 1499850,"Plan Width": 8,"Actual Startup Time": 0.049,"Actual Total Time": 3245.830,"Actual Rows": 1484020,"Actual Loops": 1,"Filter": "((o_comment)::text !~~ '%express%deposits%'::text)","Rows Removed by Filter": 15980},{"Node Type": "Hash","Parent Relationship": "Inner","Parallel Aware": false,"Async Capable": false,"Startup Cost": 3906.42,"Total Cost": 3906.42,"Plan Rows": 150000,"Plan Width": 4,"Actual Startup Time": 44.047,"Actual Total Time": 44.059,"Actual Rows": 150000,"Actual Loops": 1,"Hash Buckets": 262144,"Original Hash Buckets": 262144,"Hash Batches": 1,"Original Hash Batches": 1,"Peak Memory Usage": 7322,"Plans": [{"Node Type": "Index Only Scan","Parent Relationship": "Outer","Parallel Aware": false,"Async Capable": false,"Scan Direction": "Forward","Index Name": "customer_pkey","Relation Name": "customer","Alias": "customer","Startup Cost": 0.42,"Total Cost": 3906.42,"Plan Rows": 150000,"Plan Width": 4,"Actual Startup Time": 0.049,"Actual Total Time": 21.219,"Actual Rows": 150000,"Actual Loops": 1,"Heap Fetches": 0}]}]}]}]}]},"Planning Time": 4.349,"Triggers": [],"Execution Time": 6798.388}]
[{"Plan": {"Node Type": "Sort","Parallel Aware": false,"Async Capable": false,"Startup Cost": 65708.14,"Total Cost": 65708.64,"Plan Rows": 200,"Plan Width": 16,"Actual Startup Time": 6096.152,"Actual Total Time": 6096.183,"Actual Rows": 42,"Actual Loops": 1,"Sort Key": ["(count(*)) DESC", "(count(orders.o_orderkey)) DESC"],"Sort Method": "quicksort","Sort Space Used": 27,"Sort Space Type": "Memory","Plans": [{"Node Type": "Aggregate","Strategy": "Hashed","Partial Mode": "Simple","Parent Relationship": "Outer","Parallel Aware": false,"Async Capable": false,"Startup Cost": 65698.50,"Total Cost": 65700.50,"Plan Rows": 200,"Plan Width": 16,"Actual Startup Time": 6096.055,"Actual Total Time": 6096.099,"Actual Rows": 42,"Actual Loops": 1,"Group Key": ["count(orders.o_orderkey)"],"Planned Partitions": 0,"HashAgg Batches": 1,"Peak Memory Usage": 40,"Disk Usage": 0,"Plans": [{"Node Type": "Aggregate","Strategy": "Hashed","Partial Mode": "Simple","Parent Relationship": "Outer","Parallel Aware": false,"Async Capable": false,"Startup Cost": 61948.50,"Total Cost": 63448.50,"Plan Rows": 150000,"Plan Width": 12,"Actual Startup Time": 5916.888,"Actual Total Time": 6082.285,"Actual Rows": 150000,"Actual Loops": 1,"Group Key": ["customer.c_custkey"],"Planned Partitions": 0,"HashAgg Batches": 1,"Peak Memory Usage": 22545,"Disk Usage": 0,"Plans": [{"Node Type": "Hash Join","Parent Relationship": "Outer","Parallel Aware": false,"Async Capable": false,"Join Type": "Right","Startup Cost": 5781.42,"Total Cost": 54524.26,"Plan Rows": 1484848,"Plan Width": 8,"Actual Startup Time": 39.799,"Actual Total Time": 4085.231,"Actual Rows": 1533660,"Actual Loops": 1,"Inner Unique": true,"Hash Cond": "(orders.o_custkey = customer.c_custkey)","Plans": [{"Node Type": "Seq Scan","Parent Relationship": "Outer","Parallel Aware": false,"Async Capable": false,"Relation Name": "orders","Alias": "orders","Startup Cost": 0.00,"Total Cost": 44845.00,"Plan Rows": 1484848,"Plan Width": 8,"Actual Startup Time": 0.053,"Actual Total Time": 2810.059,"Actual Rows": 1483656,"Actual Loops": 1,"Filter": "((o_comment)::text !~~ '%pending%requests%'::text)","Rows Removed by Filter": 16344},{"Node Type": "Hash","Parent Relationship": "Inner","Parallel Aware": false,"Async Capable": false,"Startup Cost": 3906.42,"Total Cost": 3906.42,"Plan Rows": 150000,"Plan Width": 4,"Actual Startup Time": 37.918,"Actual Total Time": 37.930,"Actual Rows": 150000,"Actual Loops": 1,"Hash Buckets": 262144,"Original Hash Buckets": 262144,"Hash Batches": 1,"Original Hash Batches": 1,"Peak Memory Usage": 7322,"Plans": [{"Node Type": "Index Only Scan","Parent Relationship": "Outer","Parallel Aware": false,"Async Capable": false,"Scan Direction": "Forward","Index Name": "customer_pkey","Relation Name": "customer","Alias": "customer","Startup Cost": 0.42,"Total Cost": 3906.42,"Plan Rows": 150000,"Plan Width": 4,"Actual Startup Time": 0.035,"Actual Total Time": 14.493,"Actual Rows": 150000,"Actual Loops": 1,"Heap Fetches": 0}]}]}]}]}]},"Planning Time": 4.221,"Triggers": [],"Execution Time": 6104.310}]
[{"Plan": {"Node Type": "Sort","Parallel Aware": false,"Async Capable": false,"Startup Cost": 65822.53,"Total Cost": 65823.03,"Plan Rows": 200,"Plan Width": 16,"Actual Startup Time": 5956.637,"Actual Total Time": 5956.675,"Actual Rows": 42,"Actual Loops": 1,"Sort Key": ["(count(*)) DESC", "(count(orders.o_orderkey)) DESC"],"Sort Method": "quicksort","Sort Space Used": 27,"Sort Space Type": "Memory","Plans": [{"Node Type": "Aggregate","Strategy": "Hashed","Partial Mode": "Simple","Parent Relationship": "Outer","Parallel Aware": false,"Async Capable": false,"Startup Cost": 65812.89,"Total Cost": 65814.89,"Plan Rows": 200,"Plan Width": 16,"Actual Startup Time": 5956.548,"Actual Total Time": 5956.590,"Actual Rows": 42,"Actual Loops": 1,"Group Key": ["count(orders.o_orderkey)"],"Planned Partitions": 0,"HashAgg Batches": 1,"Peak Memory Usage": 40,"Disk Usage": 0,"Plans": [{"Node Type": "Aggregate","Strategy": "Hashed","Partial Mode": "Simple","Parent Relationship": "Outer","Parallel Aware": false,"Async Capable": false,"Startup Cost": 62062.89,"Total Cost": 63562.89,"Plan Rows": 150000,"Plan Width": 12,"Actual Startup Time": 5763.184,"Actual Total Time": 5942.838,"Actual Rows": 150000,"Actual Loops": 1,"Group Key": ["customer.c_custkey"],"Planned Partitions": 0,"HashAgg Batches": 1,"Peak Memory Usage": 22545,"Disk Usage": 0,"Plans": [{"Node Type": "Hash Join","Parent Relationship": "Outer","Parallel Aware": false,"Async Capable": false,"Join Type": "Right","Startup Cost": 5781.42,"Total Cost": 54563.64,"Plan Rows": 1499850,"Plan Width": 8,"Actual Startup Time": 38.566,"Actual Total Time": 3955.732,"Actual Rows": 1533620,"Actual Loops": 1,"Inner Unique": true,"Hash Cond": "(orders.o_custkey = customer.c_custkey)","Plans": [{"Node Type": "Seq Scan","Parent Relationship": "Outer","Parallel Aware": false,"Async Capable": false,"Relation Name": "orders","Alias": "orders","Startup Cost": 0.00,"Total Cost": 44845.00,"Plan Rows": 1499850,"Plan Width": 8,"Actual Startup Time": 0.052,"Actual Total Time": 2713.562,"Actual Rows": 1483615,"Actual Loops": 1,"Filter": "((o_comment)::text !~~ '%pending%accounts%'::text)","Rows Removed by Filter": 16385},{"Node Type": "Hash","Parent Relationship": "Inner","Parallel Aware": false,"Async Capable": false,"Startup Cost": 3906.42,"Total Cost": 3906.42,"Plan Rows": 150000,"Plan Width": 4,"Actual Startup Time": 36.530,"Actual Total Time": 36.543,"Actual Rows": 150000,"Actual Loops": 1,"Hash Buckets": 262144,"Original Hash Buckets": 262144,"Hash Batches": 1,"Original Hash Batches": 1,"Peak Memory Usage": 7322,"Plans": [{"Node Type": "Index Only Scan","Parent Relationship": "Outer","Parallel Aware": false,"Async Capable": false,"Scan Direction": "Forward","Index Name": "customer_pkey","Relation Name": "customer","Alias": "customer","Startup Cost": 0.42,"Total Cost": 3906.42,"Plan Rows": 150000,"Plan Width": 4,"Actual Startup Time": 0.036,"Actual Total Time": 14.278,"Actual Rows": 150000,"Actual Loops": 1,"Heap Fetches": 0}]}]}]}]}]},"Planning Time": 3.568,"Triggers": [],"Execution Time": 5966.474}]
[{"Plan": {"Node Type": "Sort","Parallel Aware": false,"Async Capable": false,"Startup Cost": 65708.14,"Total Cost": 65708.64,"Plan Rows": 200,"Plan Width": 16,"Actual Startup Time": 6096.152,"Actual Total Time": 6096.183,"Actual Rows": 42,"Actual Loops": 1,"Sort Key": ["(count(*)) DESC", "(count(orders.o_orderkey)) DESC"],"Sort Method": "quicksort","Sort Space Used": 27,"Sort Space Type": "Memory","Plans": [{"Node Type": "Aggregate","Strategy": "Hashed","Partial Mode": "Simple","Parent Relationship": "Outer","Parallel Aware": false,"Async Capable": false,"Startup Cost": 65698.50,"Total Cost": 65700.50,"Plan Rows": 200,"Plan Width": 16,"Actual Startup Time": 6096.055,"Actual Total Time": 6096.099,"Actual Rows": 42,"Actual Loops": 1,"Group Key": ["count(orders.o_orderkey)"],"Planned Partitions": 0,"HashAgg Batches": 1,"Peak Memory Usage": 40,"Disk Usage": 0,"Plans": [{"Node Type": "Aggregate","Strategy": "Hashed","Partial Mode": "Simple","Parent Relationship": "Outer","Parallel Aware": false,"Async Capable": false,"Startup Cost": 61948.50,"Total Cost": 63448.50,"Plan Rows": 150000,"Plan Width": 12,"Actual Startup Time": 5916.888,"Actual Total Time": 6082.285,"Actual Rows": 150000,"Actual Loops": 1,"Group Key": ["customer.c_custkey"],"Planned Partitions": 0,"HashAgg Batches": 1,"Peak Memory Usage": 22545,"Disk Usage": 0,"Plans": [{"Node Type": "Hash Join","Parent Relationship": "Outer","Parallel Aware": false,"Async Capable": false,"Join Type": "Right","Startup Cost": 5781.42,"Total Cost": 54524.26,"Plan Rows": 1484848,"Plan Width": 8,"Actual Startup Time": 39.799,"Actual Total Time": 4085.231,"Actual Rows": 1533660,"Actual Loops": 1,"Inner Unique": true,"Hash Cond": "(orders.o_custkey = customer.c_custkey)","Plans": [{"Node Type": "Seq Scan","Parent Relationship": "Outer","Parallel Aware": false,"Async Capable": false,"Relation Name": "orders","Alias": "orders","Startup Cost": 0.00,"Total Cost": 44845.00,"Plan Rows": 1484848,"Plan Width": 8,"Actual Startup Time": 0.053,"Actual Total Time": 2810.059,"Actual Rows": 1483656,"Actual Loops": 1,"Filter": "((o_comment)::text !~~ '%pending%requests%'::text)","Rows Removed by Filter": 16344},{"Node Type": "Hash","Parent Relationship": "Inner","Parallel Aware": false,"Async Capable": false,"Startup Cost": 3906.42,"Total Cost": 3906.42,"Plan Rows": 150000,"Plan Width": 4,"Actual Startup Time": 37.918,"Actual Total Time": 37.930,"Actual Rows": 150000,"Actual Loops": 1,"Hash Buckets": 262144,"Original Hash Buckets": 262144,"Hash Batches": 1,"Original Hash Batches": 1,"Peak Memory Usage": 7322,"Plans": [{"Node Type": "Index Only Scan","Parent Relationship": "Outer","Parallel Aware": false,"Async Capable": false,"Scan Direction": "Forward","Index Name": "customer_pkey","Relation Name": "customer","Alias": "customer","Startup Cost": 0.42,"Total Cost": 3906.42,"Plan Rows": 150000,"Plan Width": 4,"Actual Startup Time": 0.035,"Actual Total Time": 14.493,"Actual Rows": 150000,"Actual Loops": 1,"Heap Fetches": 0}]}]}]}]}]},"Planning Time": 4.221,"Triggers": [],"Execution Time": 6104.310}]
[{"Plan": {"Node Type": "Sort","Parallel Aware": false,"Async Capable": false,"Startup Cost": 65822.53,"Total Cost": 65823.03,"Plan Rows": 200,"Plan Width": 16,"Actual Startup Time": 6047.687,"Actual Total Time": 6047.735,"Actual Rows": 42,"Actual Loops": 1,"Sort Key": ["(count(*)) DESC", "(count(orders.o_orderkey)) DESC"],"Sort Method": "quicksort","Sort Space Used": 27,"Sort Space Type": "Memory","Plans": [{"Node Type": "Aggregate","Strategy": "Hashed","Partial Mode": "Simple","Parent Relationship": "Outer","Parallel Aware": false,"Async Capable": false,"Startup Cost": 65812.89,"Total Cost": 65814.89,"Plan Rows": 200,"Plan Width": 16,"Actual Startup Time": 6047.591,"Actual Total Time": 6047.643,"Actual Rows": 42,"Actual Loops": 1,"Group Key": ["count(orders.o_orderkey)"],"Planned Partitions": 0,"HashAgg Batches": 1,"Peak Memory Usage": 40,"Disk Usage": 0,"Plans": [{"Node Type": "Aggregate","Strategy": "Hashed","Partial Mode": "Simple","Parent Relationship": "Outer","Parallel Aware": false,"Async Capable": false,"Startup Cost": 62062.89,"Total Cost": 63562.89,"Plan Rows": 150000,"Plan Width": 12,"Actual Startup Time": 5868.600,"Actual Total Time": 6033.866,"Actual Rows": 150000,"Actual Loops": 1,"Group Key": ["customer.c_custkey"],"Planned Partitions": 0,"HashAgg Batches": 1,"Peak Memory Usage": 22545,"Disk Usage": 0,"Plans": [{"Node Type": "Hash Join","Parent Relationship": "Outer","Parallel Aware": false,"Async Capable": false,"Join Type": "Right","Startup Cost": 5781.42,"Total Cost": 54563.64,"Plan Rows": 1499850,"Plan Width": 8,"Actual Startup Time": 39.168,"Actual Total Time": 4010.851,"Actual Rows": 1533626,"Actual Loops": 1,"Inner Unique": true,"Hash Cond": "(orders.o_custkey = customer.c_custkey)","Plans": [{"Node Type": "Seq Scan","Parent Relationship": "Outer","Parallel Aware": false,"Async Capable": false,"Relation Name": "orders","Alias": "orders","Startup Cost": 0.00,"Total Cost": 44845.00,"Plan Rows": 1499850,"Plan Width": 8,"Actual Startup Time": 0.065,"Actual Total Time": 2757.508,"Actual Rows": 1483622,"Actual Loops": 1,"Filter": "((o_comment)::text !~~ '%unusual%accounts%'::text)","Rows Removed by Filter": 16378},{"Node Type": "Hash","Parent Relationship": "Inner","Parallel Aware": false,"Async Capable": false,"Startup Cost": 3906.42,"Total Cost": 3906.42,"Plan Rows": 150000,"Plan Width": 4,"Actual Startup Time": 37.343,"Actual Total Time": 37.362,"Actual Rows": 150000,"Actual Loops": 1,"Hash Buckets": 262144,"Original Hash Buckets": 262144,"Hash Batches": 1,"Original Hash Batches": 1,"Peak Memory Usage": 7322,"Plans": [{"Node Type": "Index Only Scan","Parent Relationship": "Outer","Parallel Aware": false,"Async Capable": false,"Scan Direction": "Forward","Index Name": "customer_pkey","Relation Name": "customer","Alias": "customer","Startup Cost": 0.42,"Total Cost": 3906.42,"Plan Rows": 150000,"Plan Width": 4,"Actual Startup Time": 0.036,"Actual Total Time": 14.472,"Actual Rows": 150000,"Actual Loops": 1,"Heap Fetches": 0}]}]}]}]}]},"Planning Time": 4.331,"Triggers": [],"Execution Time": 6056.690}]
[{"Plan": {"Node Type": "Sort","Parallel Aware": false,"Async Capable": false,"Startup Cost": 65592.61,"Total Cost": 65593.11,"Plan Rows": 200,"Plan Width": 16,"Actual Startup Time": 6042.914,"Actual Total Time": 6042.954,"Actual Rows": 42,"Actual Loops": 1,"Sort Key": ["(count(*)) DESC", "(count(orders.o_orderkey)) DESC"],"Sort Method": "quicksort","Sort Space Used": 27,"Sort Space Type": "Memory","Plans": [{"Node Type": "Aggregate","Strategy": "Hashed","Partial Mode": "Simple","Parent Relationship": "Outer","Parallel Aware": false,"Async Capable": false,"Startup Cost": 65582.97,"Total Cost": 65584.97,"Plan Rows": 200,"Plan Width": 16,"Actual Startup Time": 6042.802,"Actual Total Time": 6042.854,"Actual Rows": 42,"Actual Loops": 1,"Group Key": ["count(orders.o_orderkey)"],"Planned Partitions": 0,"HashAgg Batches": 1,"Peak Memory Usage": 40,"Disk Usage": 0,"Plans": [{"Node Type": "Aggregate","Strategy": "Hashed","Partial Mode": "Simple","Parent Relationship": "Outer","Parallel Aware": false,"Async Capable": false,"Startup Cost": 61832.97,"Total Cost": 63332.97,"Plan Rows": 150000,"Plan Width": 12,"Actual Startup Time": 5848.968,"Actual Total Time": 6029.049,"Actual Rows": 150000,"Actual Loops": 1,"Group Key": ["customer.c_custkey"],"Planned Partitions": 0,"HashAgg Batches": 1,"Peak Memory Usage": 22545,"Disk Usage": 0,"Plans": [{"Node Type": "Hash Join","Parent Relationship": "Outer","Parallel Aware": false,"Async Capable": false,"Join Type": "Right","Startup Cost": 5781.42,"Total Cost": 54484.49,"Plan Rows": 1469697,"Plan Width": 8,"Actual Startup Time": 38.540,"Actual Total Time": 4039.691,"Actual Rows": 1534055,"Actual Loops": 1,"Inner Unique": true,"Hash Cond": "(orders.o_custkey = customer.c_custkey)","Plans": [{"Node Type": "Seq Scan","Parent Relationship": "Outer","Parallel Aware": false,"Async Capable": false,"Relation Name": "orders","Alias": "orders","Startup Cost": 0.00,"Total Cost": 44845.00,"Plan Rows": 1469697,"Plan Width": 8,"Actual Startup Time": 0.061,"Actual Total Time": 2797.159,"Actual Rows": 1484051,"Actual Loops": 1,"Filter": "((o_comment)::text !~~ '%special%packages%'::text)","Rows Removed by Filter": 15949},{"Node Type": "Hash","Parent Relationship": "Inner","Parallel Aware": false,"Async Capable": false,"Startup Cost": 3906.42,"Total Cost": 3906.42,"Plan Rows": 150000,"Plan Width": 4,"Actual Startup Time": 36.593,"Actual Total Time": 36.607,"Actual Rows": 150000,"Actual Loops": 1,"Hash Buckets": 262144,"Original Hash Buckets": 262144,"Hash Batches": 1,"Original Hash Batches": 1,"Peak Memory Usage": 7322,"Plans": [{"Node Type": "Index Only Scan","Parent Relationship": "Outer","Parallel Aware": false,"Async Capable": false,"Scan Direction": "Forward","Index Name": "customer_pkey","Relation Name": "customer","Alias": "customer","Startup Cost": 0.42,"Total Cost": 3906.42,"Plan Rows": 150000,"Plan Width": 4,"Actual Startup Time": 0.050,"Actual Total Time": 14.573,"Actual Rows": 150000,"Actual Loops": 1,"Heap Fetches": 0}]}]}]}]}]},"Planning Time": 3.383,"Triggers": [],"Execution Time": 6052.793}]
[{"Plan": {"Node Type": "Sort","Parallel Aware": false,"Async Capable": false,"Startup Cost": 65592.61,"Total Cost": 65593.11,"Plan Rows": 200,"Plan Width": 16,"Actual Startup Time": 6042.914,"Actual Total Time": 6042.954,"Actual Rows": 42,"Actual Loops": 1,"Sort Key": ["(count(*)) DESC", "(count(orders.o_orderkey)) DESC"],"Sort Method": "quicksort","Sort Space Used": 27,"Sort Space Type": "Memory","Plans": [{"Node Type": "Aggregate","Strategy": "Hashed","Partial Mode": "Simple","Parent Relationship": "Outer","Parallel Aware": false,"Async Capable": false,"Startup Cost": 65582.97,"Total Cost": 65584.97,"Plan Rows": 200,"Plan Width": 16,"Actual Startup Time": 6042.802,"Actual Total Time": 6042.854,"Actual Rows": 42,"Actual Loops": 1,"Group Key": ["count(orders.o_orderkey)"],"Planned Partitions": 0,"HashAgg Batches": 1,"Peak Memory Usage": 40,"Disk Usage": 0,"Plans": [{"Node Type": "Aggregate","Strategy": "Hashed","Partial Mode": "Simple","Parent Relationship": "Outer","Parallel Aware": false,"Async Capable": false,"Startup Cost": 61832.97,"Total Cost": 63332.97,"Plan Rows": 150000,"Plan Width": 12,"Actual Startup Time": 5848.968,"Actual Total Time": 6029.049,"Actual Rows": 150000,"Actual Loops": 1,"Group Key": ["customer.c_custkey"],"Planned Partitions": 0,"HashAgg Batches": 1,"Peak Memory Usage": 22545,"Disk Usage": 0,"Plans": [{"Node Type": "Hash Join","Parent Relationship": "Outer","Parallel Aware": false,"Async Capable": false,"Join Type": "Right","Startup Cost": 5781.42,"Total Cost": 54484.49,"Plan Rows": 1469697,"Plan Width": 8,"Actual Startup Time": 38.540,"Actual Total Time": 4039.691,"Actual Rows": 1534055,"Actual Loops": 1,"Inner Unique": true,"Hash Cond": "(orders.o_custkey = customer.c_custkey)","Plans": [{"Node Type": "Seq Scan","Parent Relationship": "Outer","Parallel Aware": false,"Async Capable": false,"Relation Name": "orders","Alias": "orders","Startup Cost": 0.00,"Total Cost": 44845.00,"Plan Rows": 1469697,"Plan Width": 8,"Actual Startup Time": 0.061,"Actual Total Time": 2797.159,"Actual Rows": 1484051,"Actual Loops": 1,"Filter": "((o_comment)::text !~~ '%special%packages%'::text)","Rows Removed by Filter": 15949},{"Node Type": "Hash","Parent Relationship": "Inner","Parallel Aware": false,"Async Capable": false,"Startup Cost": 3906.42,"Total Cost": 3906.42,"Plan Rows": 150000,"Plan Width": 4,"Actual Startup Time": 36.593,"Actual Total Time": 36.607,"Actual Rows": 150000,"Actual Loops": 1,"Hash Buckets": 262144,"Original Hash Buckets": 262144,"Hash Batches": 1,"Original Hash Batches": 1,"Peak Memory Usage": 7322,"Plans": [{"Node Type": "Index Only Scan","Parent Relationship": "Outer","Parallel Aware": false,"Async Capable": false,"Scan Direction": "Forward","Index Name": "customer_pkey","Relation Name": "customer","Alias": "customer","Startup Cost": 0.42,"Total Cost": 3906.42,"Plan Rows": 150000,"Plan Width": 4,"Actual Startup Time": 0.050,"Actual Total Time": 14.573,"Actual Rows": 150000,"Actual Loops": 1,"Heap Fetches": 0}]}]}]}]}]},"Planning Time": 3.383,"Triggers": [],"Execution Time": 6052.793}]
[{"Plan": {"Node Type": "Sort","Parallel Aware": false,"Async Capable": false,"Startup Cost": 65822.53,"Total Cost": 65823.03,"Plan Rows": 200,"Plan Width": 16,"Actual Startup Time": 6101.280,"Actual Total Time": 6101.314,"Actual Rows": 42,"Actual Loops": 1,"Sort Key": ["(count(*)) DESC", "(count(orders.o_orderkey)) DESC"],"Sort Method": "quicksort","Sort Space Used": 27,"Sort Space Type": "Memory","Plans": [{"Node Type": "Aggregate","Strategy": "Hashed","Partial Mode": "Simple","Parent Relationship": "Outer","Parallel Aware": false,"Async Capable": false,"Startup Cost": 65812.89,"Total Cost": 65814.89,"Plan Rows": 200,"Plan Width": 16,"Actual Startup Time": 6101.184,"Actual Total Time": 6101.232,"Actual Rows": 42,"Actual Loops": 1,"Group Key": ["count(orders.o_orderkey)"],"Planned Partitions": 0,"HashAgg Batches": 1,"Peak Memory Usage": 40,"Disk Usage": 0,"Plans": [{"Node Type": "Aggregate","Strategy": "Hashed","Partial Mode": "Simple","Parent Relationship": "Outer","Parallel Aware": false,"Async Capable": false,"Startup Cost": 62062.89,"Total Cost": 63562.89,"Plan Rows": 150000,"Plan Width": 12,"Actual Startup Time": 5921.162,"Actual Total Time": 6087.400,"Actual Rows": 150000,"Actual Loops": 1,"Group Key": ["customer.c_custkey"],"Planned Partitions": 0,"HashAgg Batches": 1,"Peak Memory Usage": 22545,"Disk Usage": 0,"Plans": [{"Node Type": "Hash Join","Parent Relationship": "Outer","Parallel Aware": false,"Async Capable": false,"Join Type": "Right","Startup Cost": 5781.42,"Total Cost": 54563.64,"Plan Rows": 1499850,"Plan Width": 8,"Actual Startup Time": 39.228,"Actual Total Time": 4074.723,"Actual Rows": 1533808,"Actual Loops": 1,"Inner Unique": true,"Hash Cond": "(orders.o_custkey = customer.c_custkey)","Plans": [{"Node Type": "Seq Scan","Parent Relationship": "Outer","Parallel Aware": false,"Async Capable": false,"Relation Name": "orders","Alias": "orders","Startup Cost": 0.00,"Total Cost": 44845.00,"Plan Rows": 1499850,"Plan Width": 8,"Actual Startup Time": 0.056,"Actual Total Time": 2834.984,"Actual Rows": 1483804,"Actual Loops": 1,"Filter": "((o_comment)::text !~~ '%special%deposits%'::text)","Rows Removed by Filter": 16196},{"Node Type": "Hash","Parent Relationship": "Inner","Parallel Aware": false,"Async Capable": false,"Startup Cost": 3906.42,"Total Cost": 3906.42,"Plan Rows": 150000,"Plan Width": 4,"Actual Startup Time": 37.438,"Actual Total Time": 37.451,"Actual Rows": 150000,"Actual Loops": 1,"Hash Buckets": 262144,"Original Hash Buckets": 262144,"Hash Batches": 1,"Original Hash Batches": 1,"Peak Memory Usage": 7322,"Plans": [{"Node Type": "Index Only Scan","Parent Relationship": "Outer","Parallel Aware": false,"Async Capable": false,"Scan Direction": "Forward","Index Name": "customer_pkey","Relation Name": "customer","Alias": "customer","Startup Cost": 0.42,"Total Cost": 3906.42,"Plan Rows": 150000,"Plan Width": 4,"Actual Startup Time": 0.049,"Actual Total Time": 14.639,"Actual Rows": 150000,"Actual Loops": 1,"Heap Fetches": 0}]}]}]}]}]},"Planning Time": 3.971,"Triggers": [],"Execution Time": 6110.955}]
[{"Plan": {"Node Type": "Sort","Parallel Aware": false,"Async Capable": false,"Startup Cost": 65592.61,"Total Cost": 65593.11,"Plan Rows": 200,"Plan Width": 16,"Actual Startup Time": 6147.348,"Actual Total Time": 6147.387,"Actual Rows": 42,"Actual Loops": 1,"Sort Key": ["(count(*)) DESC", "(count(orders.o_orderkey)) DESC"],"Sort Method": "quicksort","Sort Space Used": 27,"Sort Space Type": "Memory","Plans": [{"Node Type": "Aggregate","Strategy": "Hashed","Partial Mode": "Simple","Parent Relationship": "Outer","Parallel Aware": false,"Async Capable": false,"Startup Cost": 65582.97,"Total Cost": 65584.97,"Plan Rows": 200,"Plan Width": 16,"Actual Startup Time": 6147.247,"Actual Total Time": 6147.296,"Actual Rows": 42,"Actual Loops": 1,"Group Key": ["count(orders.o_orderkey)"],"Planned Partitions": 0,"HashAgg Batches": 1,"Peak Memory Usage": 40,"Disk Usage": 0,"Plans": [{"Node Type": "Aggregate","Strategy": "Hashed","Partial Mode": "Simple","Parent Relationship": "Outer","Parallel Aware": false,"Async Capable": false,"Startup Cost": 61832.97,"Total Cost": 63332.97,"Plan Rows": 150000,"Plan Width": 12,"Actual Startup Time": 5968.961,"Actual Total Time": 6133.532,"Actual Rows": 150000,"Actual Loops": 1,"Group Key": ["customer.c_custkey"],"Planned Partitions": 0,"HashAgg Batches": 1,"Peak Memory Usage": 22545,"Disk Usage": 0,"Plans": [{"Node Type": "Hash Join","Parent Relationship": "Outer","Parallel Aware": false,"Async Capable": false,"Join Type": "Right","Startup Cost": 5781.42,"Total Cost": 54484.49,"Plan Rows": 1469697,"Plan Width": 8,"Actual Startup Time": 38.076,"Actual Total Time": 4114.998,"Actual Rows": 1533945,"Actual Loops": 1,"Inner Unique": true,"Hash Cond": "(orders.o_custkey = customer.c_custkey)","Plans": [{"Node Type": "Seq Scan","Parent Relationship": "Outer","Parallel Aware": false,"Async Capable": false,"Relation Name": "orders","Alias": "orders","Startup Cost": 0.00,"Total Cost": 44845.00,"Plan Rows": 1469697,"Plan Width": 8,"Actual Startup Time": 0.049,"Actual Total Time": 2844.878,"Actual Rows": 1483941,"Actual Loops": 1,"Filter": "((o_comment)::text !~~ '%express%packages%'::text)","Rows Removed by Filter": 16059},{"Node Type": "Hash","Parent Relationship": "Inner","Parallel Aware": false,"Async Capable": false,"Startup Cost": 3906.42,"Total Cost": 3906.42,"Plan Rows": 150000,"Plan Width": 4,"Actual Startup Time": 36.257,"Actual Total Time": 36.268,"Actual Rows": 150000,"Actual Loops": 1,"Hash Buckets": 262144,"Original Hash Buckets": 262144,"Hash Batches": 1,"Original Hash Batches": 1,"Peak Memory Usage": 7322,"Plans": [{"Node Type": "Index Only Scan","Parent Relationship": "Outer","Parallel Aware": false,"Async Capable": false,"Scan Direction": "Forward","Index Name": "customer_pkey","Relation Name": "customer","Alias": "customer","Startup Cost": 0.42,"Total Cost": 3906.42,"Plan Rows": 150000,"Plan Width": 4,"Actual Startup Time": 0.063,"Actual Total Time": 14.588,"Actual Rows": 150000,"Actual Loops": 1,"Heap Fetches": 0}]}]}]}]}]},"Planning Time": 3.934,"Triggers": [],"Execution Time": 6155.513}]
[{"Plan": {"Node Type": "Sort","Parallel Aware": false,"Async Capable": false,"Startup Cost": 65592.61,"Total Cost": 65593.11,"Plan Rows": 200,"Plan Width": 16,"Actual Startup Time": 6108.888,"Actual Total Time": 6108.932,"Actual Rows": 42,"Actual Loops": 1,"Sort Key": ["(count(*)) DESC", "(count(orders.o_orderkey)) DESC"],"Sort Method": "quicksort","Sort Space Used": 27,"Sort Space Type": "Memory","Plans": [{"Node Type": "Aggregate","Strategy": "Hashed","Partial Mode": "Simple","Parent Relationship": "Outer","Parallel Aware": false,"Async Capable": false,"Startup Cost": 65582.97,"Total Cost": 65584.97,"Plan Rows": 200,"Plan Width": 16,"Actual Startup Time": 6108.797,"Actual Total Time": 6108.848,"Actual Rows": 42,"Actual Loops": 1,"Group Key": ["count(orders.o_orderkey)"],"Planned Partitions": 0,"HashAgg Batches": 1,"Peak Memory Usage": 40,"Disk Usage": 0,"Plans": [{"Node Type": "Aggregate","Strategy": "Hashed","Partial Mode": "Simple","Parent Relationship": "Outer","Parallel Aware": false,"Async Capable": false,"Startup Cost": 61832.97,"Total Cost": 63332.97,"Plan Rows": 150000,"Plan Width": 12,"Actual Startup Time": 5916.041,"Actual Total Time": 6095.043,"Actual Rows": 150000,"Actual Loops": 1,"Group Key": ["customer.c_custkey"],"Planned Partitions": 0,"HashAgg Batches": 1,"Peak Memory Usage": 22545,"Disk Usage": 0,"Plans": [{"Node Type": "Hash Join","Parent Relationship": "Outer","Parallel Aware": false,"Async Capable": false,"Join Type": "Right","Startup Cost": 5781.42,"Total Cost": 54484.49,"Plan Rows": 1469697,"Plan Width": 8,"Actual Startup Time": 39.068,"Actual Total Time": 4097.616,"Actual Rows": 1534019,"Actual Loops": 1,"Inner Unique": true,"Hash Cond": "(orders.o_custkey = customer.c_custkey)","Plans": [{"Node Type": "Seq Scan","Parent Relationship": "Outer","Parallel Aware": false,"Async Capable": false,"Relation Name": "orders","Alias": "orders","Startup Cost": 0.00,"Total Cost": 44845.00,"Plan Rows": 1469697,"Plan Width": 8,"Actual Startup Time": 0.051,"Actual Total Time": 2823.952,"Actual Rows": 1484015,"Actual Loops": 1,"Filter": "((o_comment)::text !~~ '%express%accounts%'::text)","Rows Removed by Filter": 15985},{"Node Type": "Hash","Parent Relationship": "Inner","Parallel Aware": false,"Async Capable": false,"Startup Cost": 3906.42,"Total Cost": 3906.42,"Plan Rows": 150000,"Plan Width": 4,"Actual Startup Time": 37.191,"Actual Total Time": 37.207,"Actual Rows": 150000,"Actual Loops": 1,"Hash Buckets": 262144,"Original Hash Buckets": 262144,"Hash Batches": 1,"Original Hash Batches": 1,"Peak Memory Usage": 7322,"Plans": [{"Node Type": "Index Only Scan","Parent Relationship": "Outer","Parallel Aware": false,"Async Capable": false,"Scan Direction": "Forward","Index Name": "customer_pkey","Relation Name": "customer","Alias": "customer","Startup Cost": 0.42,"Total Cost": 3906.42,"Plan Rows": 150000,"Plan Width": 4,"Actual Startup Time": 0.038,"Actual Total Time": 14.188,"Actual Rows": 150000,"Actual Loops": 1,"Heap Fetches": 0}]}]}]}]}]},"Planning Time": 3.814,"Triggers": [],"Execution Time": 6118.531}]
[{"Plan": {"Node Type": "Sort","Parallel Aware": false,"Async Capable": false,"Startup Cost": 65708.14,"Total Cost": 65708.64,"Plan Rows": 200,"Plan Width": 16,"Actual Startup Time": 6734.447,"Actual Total Time": 6734.481,"Actual Rows": 42,"Actual Loops": 1,"Sort Key": ["(count(*)) DESC", "(count(orders.o_orderkey)) DESC"],"Sort Method": "quicksort","Sort Space Used": 27,"Sort Space Type": "Memory","Plans": [{"Node Type": "Aggregate","Strategy": "Hashed","Partial Mode": "Simple","Parent Relationship": "Outer","Parallel Aware": false,"Async Capable": false,"Startup Cost": 65698.50,"Total Cost": 65700.50,"Plan Rows": 200,"Plan Width": 16,"Actual Startup Time": 6734.369,"Actual Total Time": 6734.411,"Actual Rows": 42,"Actual Loops": 1,"Group Key": ["count(orders.o_orderkey)"],"Planned Partitions": 0,"HashAgg Batches": 1,"Peak Memory Usage": 40,"Disk Usage": 0,"Plans": [{"Node Type": "Aggregate","Strategy": "Hashed","Partial Mode": "Simple","Parent Relationship": "Outer","Parallel Aware": false,"Async Capable": false,"Startup Cost": 61948.50,"Total Cost": 63448.50,"Plan Rows": 150000,"Plan Width": 12,"Actual Startup Time": 6542.374,"Actual Total Time": 6720.630,"Actual Rows": 150000,"Actual Loops": 1,"Group Key": ["customer.c_custkey"],"Planned Partitions": 0,"HashAgg Batches": 1,"Peak Memory Usage": 22545,"Disk Usage": 0,"Plans": [{"Node Type": "Hash Join","Parent Relationship": "Outer","Parallel Aware": false,"Async Capable": false,"Join Type": "Right","Startup Cost": 5781.42,"Total Cost": 54524.26,"Plan Rows": 1484848,"Plan Width": 8,"Actual Startup Time": 36.319,"Actual Total Time": 4621.827,"Actual Rows": 1533676,"Actual Loops": 1,"Inner Unique": true,"Hash Cond": "(orders.o_custkey = customer.c_custkey)","Plans": [{"Node Type": "Seq Scan","Parent Relationship": "Outer","Parallel Aware": false,"Async Capable": false,"Relation Name": "orders","Alias": "orders","Startup Cost": 0.00,"Total Cost": 44845.00,"Plan Rows": 1484848,"Plan Width": 8,"Actual Startup Time": 0.054,"Actual Total Time": 3196.487,"Actual Rows": 1483672,"Actual Loops": 1,"Filter": "((o_comment)::text !~~ '%express%requests%'::text)","Rows Removed by Filter": 16328},{"Node Type": "Hash","Parent Relationship": "Inner","Parallel Aware": false,"Async Capable": false,"Startup Cost": 3906.42,"Total Cost": 3906.42,"Plan Rows": 150000,"Plan Width": 4,"Actual Startup Time": 34.348,"Actual Total Time": 34.358,"Actual Rows": 150000,"Actual Loops": 1,"Hash Buckets": 262144,"Original Hash Buckets": 262144,"Hash Batches": 1,"Original Hash Batches": 1,"Peak Memory Usage": 7322,"Plans": [{"Node Type": "Index Only Scan","Parent Relationship": "Outer","Parallel Aware": false,"Async Capable": false,"Scan Direction": "Forward","Index Name": "customer_pkey","Relation Name": "customer","Alias": "customer","Startup Cost": 0.42,"Total Cost": 3906.42,"Plan Rows": 150000,"Plan Width": 4,"Actual Startup Time": 0.054,"Actual Total Time": 13.145,"Actual Rows": 150000,"Actual Loops": 1,"Heap Fetches": 0}]}]}]}]}]},"Planning Time": 4.493,"Triggers": [],"Execution Time": 6743.934}]
[{"Plan": {"Node Type": "Sort","Parallel Aware": false,"Async Capable": false,"Startup Cost": 65822.53,"Total Cost": 65823.03,"Plan Rows": 200,"Plan Width": 16,"Actual Startup Time": 6789.356,"Actual Total Time": 6789.385,"Actual Rows": 42,"Actual Loops": 1,"Sort Key": ["(count(*)) DESC", "(count(orders.o_orderkey)) DESC"],"Sort Method": "quicksort","Sort Space Used": 27,"Sort Space Type": "Memory","Plans": [{"Node Type": "Aggregate","Strategy": "Hashed","Partial Mode": "Simple","Parent Relationship": "Outer","Parallel Aware": false,"Async Capable": false,"Startup Cost": 65812.89,"Total Cost": 65814.89,"Plan Rows": 200,"Plan Width": 16,"Actual Startup Time": 6789.265,"Actual Total Time": 6789.304,"Actual Rows": 42,"Actual Loops": 1,"Group Key": ["count(orders.o_orderkey)"],"Planned Partitions": 0,"HashAgg Batches": 1,"Peak Memory Usage": 40,"Disk Usage": 0,"Plans": [{"Node Type": "Aggregate","Strategy": "Hashed","Partial Mode": "Simple","Parent Relationship": "Outer","Parallel Aware": false,"Async Capable": false,"Startup Cost": 62062.89,"Total Cost": 63562.89,"Plan Rows": 150000,"Plan Width": 12,"Actual Startup Time": 6597.323,"Actual Total Time": 6775.519,"Actual Rows": 150000,"Actual Loops": 1,"Group Key": ["customer.c_custkey"],"Planned Partitions": 0,"HashAgg Batches": 1,"Peak Memory Usage": 22545,"Disk Usage": 0,"Plans": [{"Node Type": "Hash Join","Parent Relationship": "Outer","Parallel Aware": false,"Async Capable": false,"Join Type": "Right","Startup Cost": 5781.42,"Total Cost": 54563.64,"Plan Rows": 1499850,"Plan Width": 8,"Actual Startup Time": 45.919,"Actual Total Time": 4674.391,"Actual Rows": 1534025,"Actual Loops": 1,"Inner Unique": true,"Hash Cond": "(orders.o_custkey = customer.c_custkey)","Plans": [{"Node Type": "Seq Scan","Parent Relationship": "Outer","Parallel Aware": false,"Async Capable": false,"Relation Name": "orders","Alias": "orders","Startup Cost": 0.00,"Total Cost": 44845.00,"Plan Rows": 1499850,"Plan Width": 8,"Actual Startup Time": 0.049,"Actual Total Time": 3245.830,"Actual Rows": 1484020,"Actual Loops": 1,"Filter": "((o_comment)::text !~~ '%express%deposits%'::text)","Rows Removed by Filter": 15980},{"Node Type": "Hash","Parent Relationship": "Inner","Parallel Aware": false,"Async Capable": false,"Startup Cost": 3906.42,"Total Cost": 3906.42,"Plan Rows": 150000,"Plan Width": 4,"Actual Startup Time": 44.047,"Actual Total Time": 44.059,"Actual Rows": 150000,"Actual Loops": 1,"Hash Buckets": 262144,"Original Hash Buckets": 262144,"Hash Batches": 1,"Original Hash Batches": 1,"Peak Memory Usage": 7322,"Plans": [{"Node Type": "Index Only Scan","Parent Relationship": "Outer","Parallel Aware": false,"Async Capable": false,"Scan Direction": "Forward","Index Name": "customer_pkey","Relation Name": "customer","Alias": "customer","Startup Cost": 0.42,"Total Cost": 3906.42,"Plan Rows": 150000,"Plan Width": 4,"Actual Startup Time": 0.049,"Actual Total Time": 21.219,"Actual Rows": 150000,"Actual Loops": 1,"Heap Fetches": 0}]}]}]}]}]},"Planning Time": 4.349,"Triggers": [],"Execution Time": 6798.388}]
[{"Plan": {"Node Type": "Sort","Parallel Aware": false,"Async Capable": false,"Startup Cost": 65708.14,"Total Cost": 65708.64,"Plan Rows": 200,"Plan Width": 16,"Actual Startup Time": 6734.447,"Actual Total Time": 6734.481,"Actual Rows": 42,"Actual Loops": 1,"Sort Key": ["(count(*)) DESC", "(count(orders.o_orderkey)) DESC"],"Sort Method": "quicksort","Sort Space Used": 27,"Sort Space Type": "Memory","Plans": [{"Node Type": "Aggregate","Strategy": "Hashed","Partial Mode": "Simple","Parent Relationship": "Outer","Parallel Aware": false,"Async Capable": false,"Startup Cost": 65698.50,"Total Cost": 65700.50,"Plan Rows": 200,"Plan Width": 16,"Actual Startup Time": 6734.369,"Actual Total Time": 6734.411,"Actual Rows": 42,"Actual Loops": 1,"Group Key": ["count(orders.o_orderkey)"],"Planned Partitions": 0,"HashAgg Batches": 1,"Peak Memory Usage": 40,"Disk Usage": 0,"Plans": [{"Node Type": "Aggregate","Strategy": "Hashed","Partial Mode": "Simple","Parent Relationship": "Outer","Parallel Aware": false,"Async Capable": false,"Startup Cost": 61948.50,"Total Cost": 63448.50,"Plan Rows": 150000,"Plan Width": 12,"Actual Startup Time": 6542.374,"Actual Total Time": 6720.630,"Actual Rows": 150000,"Actual Loops": 1,"Group Key": ["customer.c_custkey"],"Planned Partitions": 0,"HashAgg Batches": 1,"Peak Memory Usage": 22545,"Disk Usage": 0,"Plans": [{"Node Type": "Hash Join","Parent Relationship": "Outer","Parallel Aware": false,"Async Capable": false,"Join Type": "Right","Startup Cost": 5781.42,"Total Cost": 54524.26,"Plan Rows": 1484848,"Plan Width": 8,"Actual Startup Time": 36.319,"Actual Total Time": 4621.827,"Actual Rows": 1533676,"Actual Loops": 1,"Inner Unique": true,"Hash Cond": "(orders.o_custkey = customer.c_custkey)","Plans": [{"Node Type": "Seq Scan","Parent Relationship": "Outer","Parallel Aware": false,"Async Capable": false,"Relation Name": "orders","Alias": "orders","Startup Cost": 0.00,"Total Cost": 44845.00,"Plan Rows": 1484848,"Plan Width": 8,"Actual Startup Time": 0.054,"Actual Total Time": 3196.487,"Actual Rows": 1483672,"Actual Loops": 1,"Filter": "((o_comment)::text !~~ '%express%requests%'::text)","Rows Removed by Filter": 16328},{"Node Type": "Hash","Parent Relationship": "Inner","Parallel Aware": false,"Async Capable": false,"Startup Cost": 3906.42,"Total Cost": 3906.42,"Plan Rows": 150000,"Plan Width": 4,"Actual Startup Time": 34.348,"Actual Total Time": 34.358,"Actual Rows": 150000,"Actual Loops": 1,"Hash Buckets": 262144,"Original Hash Buckets": 262144,"Hash Batches": 1,"Original Hash Batches": 1,"Peak Memory Usage": 7322,"Plans": [{"Node Type": "Index Only Scan","Parent Relationship": "Outer","Parallel Aware": false,"Async Capable": false,"Scan Direction": "Forward","Index Name": "customer_pkey","Relation Name": "customer","Alias": "customer","Startup Cost": 0.42,"Total Cost": 3906.42,"Plan Rows": 150000,"Plan Width": 4,"Actual Startup Time": 0.054,"Actual Total Time": 13.145,"Actual Rows": 150000,"Actual Loops": 1,"Heap Fetches": 0}]}]}]}]}]},"Planning Time": 4.493,"Triggers": [],"Execution Time": 6743.934}]
[{"Plan": {"Node Type": "Sort","Parallel Aware": false,"Async Capable": false,"Startup Cost": 65592.61,"Total Cost": 65593.11,"Plan Rows": 200,"Plan Width": 16,"Actual Startup Time": 6042.914,"Actual Total Time": 6042.954,"Actual Rows": 42,"Actual Loops": 1,"Sort Key": ["(count(*)) DESC", "(count(orders.o_orderkey)) DESC"],"Sort Method": "quicksort","Sort Space Used": 27,"Sort Space Type": "Memory","Plans": [{"Node Type": "Aggregate","Strategy": "Hashed","Partial Mode": "Simple","Parent Relationship": "Outer","Parallel Aware": false,"Async Capable": false,"Startup Cost": 65582.97,"Total Cost": 65584.97,"Plan Rows": 200,"Plan Width": 16,"Actual Startup Time": 6042.802,"Actual Total Time": 6042.854,"Actual Rows": 42,"Actual Loops": 1,"Group Key": ["count(orders.o_orderkey)"],"Planned Partitions": 0,"HashAgg Batches": 1,"Peak Memory Usage": 40,"Disk Usage": 0,"Plans": [{"Node Type": "Aggregate","Strategy": "Hashed","Partial Mode": "Simple","Parent Relationship": "Outer","Parallel Aware": false,"Async Capable": false,"Startup Cost": 61832.97,"Total Cost": 63332.97,"Plan Rows": 150000,"Plan Width": 12,"Actual Startup Time": 5848.968,"Actual Total Time": 6029.049,"Actual Rows": 150000,"Actual Loops": 1,"Group Key": ["customer.c_custkey"],"Planned Partitions": 0,"HashAgg Batches": 1,"Peak Memory Usage": 22545,"Disk Usage": 0,"Plans": [{"Node Type": "Hash Join","Parent Relationship": "Outer","Parallel Aware": false,"Async Capable": false,"Join Type": "Right","Startup Cost": 5781.42,"Total Cost": 54484.49,"Plan Rows": 1469697,"Plan Width": 8,"Actual Startup Time": 38.540,"Actual Total Time": 4039.691,"Actual Rows": 1534055,"Actual Loops": 1,"Inner Unique": true,"Hash Cond": "(orders.o_custkey = customer.c_custkey)","Plans": [{"Node Type": "Seq Scan","Parent Relationship": "Outer","Parallel Aware": false,"Async Capable": false,"Relation Name": "orders","Alias": "orders","Startup Cost": 0.00,"Total Cost": 44845.00,"Plan Rows": 1469697,"Plan Width": 8,"Actual Startup Time": 0.061,"Actual Total Time": 2797.159,"Actual Rows": 1484051,"Actual Loops": 1,"Filter": "((o_comment)::text !~~ '%special%packages%'::text)","Rows Removed by Filter": 15949},{"Node Type": "Hash","Parent Relationship": "Inner","Parallel Aware": false,"Async Capable": false,"Startup Cost": 3906.42,"Total Cost": 3906.42,"Plan Rows": 150000,"Plan Width": 4,"Actual Startup Time": 36.593,"Actual Total Time": 36.607,"Actual Rows": 150000,"Actual Loops": 1,"Hash Buckets": 262144,"Original Hash Buckets": 262144,"Hash Batches": 1,"Original Hash Batches": 1,"Peak Memory Usage": 7322,"Plans": [{"Node Type": "Index Only Scan","Parent Relationship": "Outer","Parallel Aware": false,"Async Capable": false,"Scan Direction": "Forward","Index Name": "customer_pkey","Relation Name": "customer","Alias": "customer","Startup Cost": 0.42,"Total Cost": 3906.42,"Plan Rows": 150000,"Plan Width": 4,"Actual Startup Time": 0.050,"Actual Total Time": 14.573,"Actual Rows": 150000,"Actual Loops": 1,"Heap Fetches": 0}]}]}]}]}]},"Planning Time": 3.383,"Triggers": [],"Execution Time": 6052.793}]
[{"Plan": {"Node Type": "Sort","Parallel Aware": false,"Async Capable": false,"Startup Cost": 65477.08,"Total Cost": 65477.58,"Plan Rows": 200,"Plan Width": 16,"Actual Startup Time": 6131.456,"Actual Total Time": 6131.495,"Actual Rows": 42,"Actual Loops": 1,"Sort Key": ["(count(*)) DESC", "(count(orders.o_orderkey)) DESC"],"Sort Method": "quicksort","Sort Space Used": 27,"Sort Space Type": "Memory","Plans": [{"Node Type": "Aggregate","Strategy": "Hashed","Partial Mode": "Simple","Parent Relationship": "Outer","Parallel Aware": false,"Async Capable": false,"Startup Cost": 65467.44,"Total Cost": 65469.44,"Plan Rows": 200,"Plan Width": 16,"Actual Startup Time": 6131.350,"Actual Total Time": 6131.398,"Actual Rows": 42,"Actual Loops": 1,"Group Key": ["count(orders.o_orderkey)"],"Planned Partitions": 0,"HashAgg Batches": 1,"Peak Memory Usage": 40,"Disk Usage": 0,"Plans": [{"Node Type": "Aggregate","Strategy": "Hashed","Partial Mode": "Simple","Parent Relationship": "Outer","Parallel Aware": false,"Async Capable": false,"Startup Cost": 61717.44,"Total Cost": 63217.44,"Plan Rows": 150000,"Plan Width": 12,"Actual Startup Time": 5953.045,"Actual Total Time": 6117.615,"Actual Rows": 150000,"Actual Loops": 1,"Group Key": ["customer.c_custkey"],"Planned Partitions": 0,"HashAgg Batches": 1,"Peak Memory Usage": 22545,"Disk Usage": 0,"Plans": [{"Node Type": "Hash Join","Parent Relationship": "Outer","Parallel Aware": false,"Async Capable": false,"Join Type": "Right","Startup Cost": 5781.42,"Total Cost": 54444.71,"Plan Rows": 1454545,"Plan Width": 8,"Actual Startup Time": 38.590,"Actual Total Time": 4109.614,"Actual Rows": 1533923,"Actual Loops": 1,"Inner Unique": true,"Hash Cond": "(orders.o_custkey = customer.c_custkey)","Plans": [{"Node Type": "Seq Scan","Parent Relationship": "Outer","Parallel Aware": false,"Async Capable": false,"Relation Name": "orders","Alias": "orders","Startup Cost": 0.00,"Total Cost": 44845.00,"Plan Rows": 1454545,"Plan Width": 8,"Actual Startup Time": 0.061,"Actual Total Time": 2840.022,"Actual Rows": 1483918,"Actual Loops": 1,"Filter": "((o_comment)::text !~~ '%special%requests%'::text)","Rows Removed by Filter": 16082},{"Node Type": "Hash","Parent Relationship": "Inner","Parallel Aware": false,"Async Capable": false,"Startup Cost": 3906.42,"Total Cost": 3906.42,"Plan Rows": 150000,"Plan Width": 4,"Actual Startup Time": 36.739,"Actual Total Time": 36.756,"Actual Rows": 150000,"Actual Loops": 1,"Hash Buckets": 262144,"Original Hash Buckets": 262144,"Hash Batches": 1,"Original Hash Batches": 1,"Peak Memory Usage": 7322,"Plans": [{"Node Type": "Index Only Scan","Parent Relationship": "Outer","Parallel Aware": false,"Async Capable": false,"Scan Direction": "Forward","Index Name": "customer_pkey","Relation Name": "customer","Alias": "customer","Startup Cost": 0.42,"Total Cost": 3906.42,"Plan Rows": 150000,"Plan Width": 4,"Actual Startup Time": 0.061,"Actual Total Time": 14.504,"Actual Rows": 150000,"Actual Loops": 1,"Heap Fetches": 0}]}]}]}]}]},"Planning Time": 3.536,"Triggers": [],"Execution Time": 6139.749}]
[{"Plan": {"Node Type": "Sort","Parallel Aware": false,"Async Capable": false,"Startup Cost": 65708.14,"Total Cost": 65708.64,"Plan Rows": 200,"Plan Width": 16,"Actual Startup Time": 6659.087,"Actual Total Time": 6659.155,"Actual Rows": 41,"Actual Loops": 1,"Sort Key": ["(count(*)) DESC", "(count(orders.o_orderkey)) DESC"],"Sort Method": "quicksort","Sort Space Used": 27,"Sort Space Type": "Memory","Plans": [{"Node Type": "Aggregate","Strategy": "Hashed","Partial Mode": "Simple","Parent Relationship": "Outer","Parallel Aware": false,"Async Capable": false,"Startup Cost": 65698.50,"Total Cost": 65700.50,"Plan Rows": 200,"Plan Width": 16,"Actual Startup Time": 6658.981,"Actual Total Time": 6659.057,"Actual Rows": 41,"Actual Loops": 1,"Group Key": ["count(orders.o_orderkey)"],"Planned Partitions": 0,"HashAgg Batches": 1,"Peak Memory Usage": 40,"Disk Usage": 0,"Plans": [{"Node Type": "Aggregate","Strategy": "Hashed","Partial Mode": "Simple","Parent Relationship": "Outer","Parallel Aware": false,"Async Capable": false,"Startup Cost": 61948.50,"Total Cost": 63448.50,"Plan Rows": 150000,"Plan Width": 12,"Actual Startup Time": 6480.209,"Actual Total Time": 6645.185,"Actual Rows": 150000,"Actual Loops": 1,"Group Key": ["customer.c_custkey"],"Planned Partitions": 0,"HashAgg Batches": 1,"Peak Memory Usage": 22545,"Disk Usage": 0,"Plans": [{"Node Type": "Hash Join","Parent Relationship": "Outer","Parallel Aware": false,"Async Capable": false,"Join Type": "Right","Startup Cost": 5781.42,"Total Cost": 54524.26,"Plan Rows": 1484848,"Plan Width": 8,"Actual Startup Time": 37.274,"Actual Total Time": 4547.015,"Actual Rows": 1533872,"Actual Loops": 1,"Inner Unique": true,"Hash Cond": "(orders.o_custkey = customer.c_custkey)","Plans": [{"Node Type": "Seq Scan","Parent Relationship": "Outer","Parallel Aware": false,"Async Capable": false,"Relation Name": "orders","Alias": "orders","Startup Cost": 0.00,"Total Cost": 44845.00,"Plan Rows": 1484848,"Plan Width": 8,"Actual Startup Time": 0.043,"Actual Total Time": 3085.028,"Actual Rows": 1483868,"Actual Loops": 1,"Filter": "((o_comment)::text !~~ '%unusual%deposits%'::text)","Rows Removed by Filter": 16132},{"Node Type": "Hash","Parent Relationship": "Inner","Parallel Aware": false,"Async Capable": false,"Startup Cost": 3906.42,"Total Cost": 3906.42,"Plan Rows": 150000,"Plan Width": 4,"Actual Startup Time": 35.508,"Actual Total Time": 35.530,"Actual Rows": 150000,"Actual Loops": 1,"Hash Buckets": 262144,"Original Hash Buckets": 262144,"Hash Batches": 1,"Original Hash Batches": 1,"Peak Memory Usage": 7322,"Plans": [{"Node Type": "Index Only Scan","Parent Relationship": "Outer","Parallel Aware": false,"Async Capable": false,"Scan Direction": "Forward","Index Name": "customer_pkey","Relation Name": "customer","Alias": "customer","Startup Cost": 0.42,"Total Cost": 3906.42,"Plan Rows": 150000,"Plan Width": 4,"Actual Startup Time": 0.053,"Actual Total Time": 13.448,"Actual Rows": 150000,"Actual Loops": 1,"Heap Fetches": 0}]}]}]}]}]},"Planning Time": 3.854,"Triggers": [],"Execution Time": 6671.834}]
[{"Plan": {"Node Type": "Sort","Parallel Aware": false,"Async Capable": false,"Startup Cost": 65477.08,"Total Cost": 65477.58,"Plan Rows": 200,"Plan Width": 16,"Actual Startup Time": 6131.456,"Actual Total Time": 6131.495,"Actual Rows": 42,"Actual Loops": 1,"Sort Key": ["(count(*)) DESC", "(count(orders.o_orderkey)) DESC"],"Sort Method": "quicksort","Sort Space Used": 27,"Sort Space Type": "Memory","Plans": [{"Node Type": "Aggregate","Strategy": "Hashed","Partial Mode": "Simple","Parent Relationship": "Outer","Parallel Aware": false,"Async Capable": false,"Startup Cost": 65467.44,"Total Cost": 65469.44,"Plan Rows": 200,"Plan Width": 16,"Actual Startup Time": 6131.350,"Actual Total Time": 6131.398,"Actual Rows": 42,"Actual Loops": 1,"Group Key": ["count(orders.o_orderkey)"],"Planned Partitions": 0,"HashAgg Batches": 1,"Peak Memory Usage": 40,"Disk Usage": 0,"Plans": [{"Node Type": "Aggregate","Strategy": "Hashed","Partial Mode": "Simple","Parent Relationship": "Outer","Parallel Aware": false,"Async Capable": false,"Startup Cost": 61717.44,"Total Cost": 63217.44,"Plan Rows": 150000,"Plan Width": 12,"Actual Startup Time": 5953.045,"Actual Total Time": 6117.615,"Actual Rows": 150000,"Actual Loops": 1,"Group Key": ["customer.c_custkey"],"Planned Partitions": 0,"HashAgg Batches": 1,"Peak Memory Usage": 22545,"Disk Usage": 0,"Plans": [{"Node Type": "Hash Join","Parent Relationship": "Outer","Parallel Aware": false,"Async Capable": false,"Join Type": "Right","Startup Cost": 5781.42,"Total Cost": 54444.71,"Plan Rows": 1454545,"Plan Width": 8,"Actual Startup Time": 38.590,"Actual Total Time": 4109.614,"Actual Rows": 1533923,"Actual Loops": 1,"Inner Unique": true,"Hash Cond": "(orders.o_custkey = customer.c_custkey)","Plans": [{"Node Type": "Seq Scan","Parent Relationship": "Outer","Parallel Aware": false,"Async Capable": false,"Relation Name": "orders","Alias": "orders","Startup Cost": 0.00,"Total Cost": 44845.00,"Plan Rows": 1454545,"Plan Width": 8,"Actual Startup Time": 0.061,"Actual Total Time": 2840.022,"Actual Rows": 1483918,"Actual Loops": 1,"Filter": "((o_comment)::text !~~ '%special%requests%'::text)","Rows Removed by Filter": 16082},{"Node Type": "Hash","Parent Relationship": "Inner","Parallel Aware": false,"Async Capable": false,"Startup Cost": 3906.42,"Total Cost": 3906.42,"Plan Rows": 150000,"Plan Width": 4,"Actual Startup Time": 36.739,"Actual Total Time": 36.756,"Actual Rows": 150000,"Actual Loops": 1,"Hash Buckets": 262144,"Original Hash Buckets": 262144,"Hash Batches": 1,"Original Hash Batches": 1,"Peak Memory Usage": 7322,"Plans": [{"Node Type": "Index Only Scan","Parent Relationship": "Outer","Parallel Aware": false,"Async Capable": false,"Scan Direction": "Forward","Index Name": "customer_pkey","Relation Name": "customer","Alias": "customer","Startup Cost": 0.42,"Total Cost": 3906.42,"Plan Rows": 150000,"Plan Width": 4,"Actual Startup Time": 0.061,"Actual Total Time": 14.504,"Actual Rows": 150000,"Actual Loops": 1,"Heap Fetches": 0}]}]}]}]}]},"Planning Time": 3.536,"Triggers": [],"Execution Time": 6139.749}]
[{"Plan": {"Node Type": "Sort","Parallel Aware": false,"Async Capable": false,"Startup Cost": 65708.14,"Total Cost": 65708.64,"Plan Rows": 200,"Plan Width": 16,"Actual Startup Time": 6009.895,"Actual Total Time": 6009.932,"Actual Rows": 42,"Actual Loops": 1,"Sort Key": ["(count(*)) DESC", "(count(orders.o_orderkey)) DESC"],"Sort Method": "quicksort","Sort Space Used": 27,"Sort Space Type": "Memory","Plans": [{"Node Type": "Aggregate","Strategy": "Hashed","Partial Mode": "Simple","Parent Relationship": "Outer","Parallel Aware": false,"Async Capable": false,"Startup Cost": 65698.50,"Total Cost": 65700.50,"Plan Rows": 200,"Plan Width": 16,"Actual Startup Time": 6009.807,"Actual Total Time": 6009.848,"Actual Rows": 42,"Actual Loops": 1,"Group Key": ["count(orders.o_orderkey)"],"Planned Partitions": 0,"HashAgg Batches": 1,"Peak Memory Usage": 40,"Disk Usage": 0,"Plans": [{"Node Type": "Aggregate","Strategy": "Hashed","Partial Mode": "Simple","Parent Relationship": "Outer","Parallel Aware": false,"Async Capable": false,"Startup Cost": 61948.50,"Total Cost": 63448.50,"Plan Rows": 150000,"Plan Width": 12,"Actual Startup Time": 5831.373,"Actual Total Time": 5996.054,"Actual Rows": 150000,"Actual Loops": 1,"Group Key": ["customer.c_custkey"],"Planned Partitions": 0,"HashAgg Batches": 1,"Peak Memory Usage": 22545,"Disk Usage": 0,"Plans": [{"Node Type": "Hash Join","Parent Relationship": "Outer","Parallel Aware": false,"Async Capable": false,"Join Type": "Right","Startup Cost": 5781.42,"Total Cost": 54524.26,"Plan Rows": 1484848,"Plan Width": 8,"Actual Startup Time": 39.338,"Actual Total Time": 3994.258,"Actual Rows": 1533903,"Actual Loops": 1,"Inner Unique": true,"Hash Cond": "(orders.o_custkey = customer.c_custkey)","Plans": [{"Node Type": "Seq Scan","Parent Relationship": "Outer","Parallel Aware": false,"Async Capable": false,"Relation Name": "orders","Alias": "orders","Startup Cost": 0.00,"Total Cost": 44845.00,"Plan Rows": 1484848,"Plan Width": 8,"Actual Startup Time": 0.067,"Actual Total Time": 2735.690,"Actual Rows": 1483898,"Actual Loops": 1,"Filter": "((o_comment)::text !~~ '%pending%packages%'::text)","Rows Removed by Filter": 16102},{"Node Type": "Hash","Parent Relationship": "Inner","Parallel Aware": false,"Async Capable": false,"Startup Cost": 3906.42,"Total Cost": 3906.42,"Plan Rows": 150000,"Plan Width": 4,"Actual Startup Time": 37.449,"Actual Total Time": 37.461,"Actual Rows": 150000,"Actual Loops": 1,"Hash Buckets": 262144,"Original Hash Buckets": 262144,"Hash Batches": 1,"Original Hash Batches": 1,"Peak Memory Usage": 7322,"Plans": [{"Node Type": "Index Only Scan","Parent Relationship": "Outer","Parallel Aware": false,"Async Capable": false,"Scan Direction": "Forward","Index Name": "customer_pkey","Relation Name": "customer","Alias": "customer","Startup Cost": 0.42,"Total Cost": 3906.42,"Plan Rows": 150000,"Plan Width": 4,"Actual Startup Time": 0.047,"Actual Total Time": 14.301,"Actual Rows": 150000,"Actual Loops": 1,"Heap Fetches": 0}]}]}]}]}]},"Planning Time": 4.405,"Triggers": [],"Execution Time": 6018.249}]
[{"Plan": {"Node Type": "Sort","Parallel Aware": false,"Async Capable": false,"Startup Cost": 65822.53,"Total Cost": 65823.03,"Plan Rows": 200,"Plan Width": 16,"Actual Startup Time": 6096.807,"Actual Total Time": 6096.851,"Actual Rows": 42,"Actual Loops": 1,"Sort Key": ["(count(*)) DESC", "(count(orders.o_orderkey)) DESC"],"Sort Method": "quicksort","Sort Space Used": 27,"Sort Space Type": "Memory","Plans": [{"Node Type": "Aggregate","Strategy": "Hashed","Partial Mode": "Simple","Parent Relationship": "Outer","Parallel Aware": false,"Async Capable": false,"Startup Cost": 65812.89,"Total Cost": 65814.89,"Plan Rows": 200,"Plan Width": 16,"Actual Startup Time": 6096.707,"Actual Total Time": 6096.758,"Actual Rows": 42,"Actual Loops": 1,"Group Key": ["count(orders.o_orderkey)"],"Planned Partitions": 0,"HashAgg Batches": 1,"Peak Memory Usage": 40,"Disk Usage": 0,"Plans": [{"Node Type": "Aggregate","Strategy": "Hashed","Partial Mode": "Simple","Parent Relationship": "Outer","Parallel Aware": false,"Async Capable": false,"Startup Cost": 62062.89,"Total Cost": 63562.89,"Plan Rows": 150000,"Plan Width": 12,"Actual Startup Time": 5900.364,"Actual Total Time": 6082.949,"Actual Rows": 150000,"Actual Loops": 1,"Group Key": ["customer.c_custkey"],"Planned Partitions": 0,"HashAgg Batches": 1,"Peak Memory Usage": 22545,"Disk Usage": 0,"Plans": [{"Node Type": "Hash Join","Parent Relationship": "Outer","Parallel Aware": false,"Async Capable": false,"Join Type": "Right","Startup Cost": 5781.42,"Total Cost": 54563.64,"Plan Rows": 1499850,"Plan Width": 8,"Actual Startup Time": 38.105,"Actual Total Time": 4090.394,"Actual Rows": 1533835,"Actual Loops": 1,"Inner Unique": true,"Hash Cond": "(orders.o_custkey = customer.c_custkey)","Plans": [{"Node Type": "Seq Scan","Parent Relationship": "Outer","Parallel Aware": false,"Async Capable": false,"Relation Name": "orders","Alias": "orders","Startup Cost": 0.00,"Total Cost": 44845.00,"Plan Rows": 1499850,"Plan Width": 8,"Actual Startup Time": 0.059,"Actual Total Time": 2844.303,"Actual Rows": 1483831,"Actual Loops": 1,"Filter": "((o_comment)::text !~~ '%special%accounts%'::text)","Rows Removed by Filter": 16169},{"Node Type": "Hash","Parent Relationship": "Inner","Parallel Aware": false,"Async Capable": false,"Startup Cost": 3906.42,"Total Cost": 3906.42,"Plan Rows": 150000,"Plan Width": 4,"Actual Startup Time": 36.335,"Actual Total Time": 36.352,"Actual Rows": 150000,"Actual Loops": 1,"Hash Buckets": 262144,"Original Hash Buckets": 262144,"Hash Batches": 1,"Original Hash Batches": 1,"Peak Memory Usage": 7322,"Plans": [{"Node Type": "Index Only Scan","Parent Relationship": "Outer","Parallel Aware": false,"Async Capable": false,"Scan Direction": "Forward","Index Name": "customer_pkey","Relation Name": "customer","Alias": "customer","Startup Cost": 0.42,"Total Cost": 3906.42,"Plan Rows": 150000,"Plan Width": 4,"Actual Startup Time": 0.048,"Actual Total Time": 14.414,"Actual Rows": 150000,"Actual Loops": 1,"Heap Fetches": 0}]}]}]}]}]},"Planning Time": 3.409,"Triggers": [],"Execution Time": 6107.560}]
[{"Plan": {"Node Type": "Sort","Parallel Aware": false,"Async Capable": false,"Startup Cost": 65822.53,"Total Cost": 65823.03,"Plan Rows": 200,"Plan Width": 16,"Actual Startup Time": 6096.807,"Actual Total Time": 6096.851,"Actual Rows": 42,"Actual Loops": 1,"Sort Key": ["(count(*)) DESC", "(count(orders.o_orderkey)) DESC"],"Sort Method": "quicksort","Sort Space Used": 27,"Sort Space Type": "Memory","Plans": [{"Node Type": "Aggregate","Strategy": "Hashed","Partial Mode": "Simple","Parent Relationship": "Outer","Parallel Aware": false,"Async Capable": false,"Startup Cost": 65812.89,"Total Cost": 65814.89,"Plan Rows": 200,"Plan Width": 16,"Actual Startup Time": 6096.707,"Actual Total Time": 6096.758,"Actual Rows": 42,"Actual Loops": 1,"Group Key": ["count(orders.o_orderkey)"],"Planned Partitions": 0,"HashAgg Batches": 1,"Peak Memory Usage": 40,"Disk Usage": 0,"Plans": [{"Node Type": "Aggregate","Strategy": "Hashed","Partial Mode": "Simple","Parent Relationship": "Outer","Parallel Aware": false,"Async Capable": false,"Startup Cost": 62062.89,"Total Cost": 63562.89,"Plan Rows": 150000,"Plan Width": 12,"Actual Startup Time": 5900.364,"Actual Total Time": 6082.949,"Actual Rows": 150000,"Actual Loops": 1,"Group Key": ["customer.c_custkey"],"Planned Partitions": 0,"HashAgg Batches": 1,"Peak Memory Usage": 22545,"Disk Usage": 0,"Plans": [{"Node Type": "Hash Join","Parent Relationship": "Outer","Parallel Aware": false,"Async Capable": false,"Join Type": "Right","Startup Cost": 5781.42,"Total Cost": 54563.64,"Plan Rows": 1499850,"Plan Width": 8,"Actual Startup Time": 38.105,"Actual Total Time": 4090.394,"Actual Rows": 1533835,"Actual Loops": 1,"Inner Unique": true,"Hash Cond": "(orders.o_custkey = customer.c_custkey)","Plans": [{"Node Type": "Seq Scan","Parent Relationship": "Outer","Parallel Aware": false,"Async Capable": false,"Relation Name": "orders","Alias": "orders","Startup Cost": 0.00,"Total Cost": 44845.00,"Plan Rows": 1499850,"Plan Width": 8,"Actual Startup Time": 0.059,"Actual Total Time": 2844.303,"Actual Rows": 1483831,"Actual Loops": 1,"Filter": "((o_comment)::text !~~ '%special%accounts%'::text)","Rows Removed by Filter": 16169},{"Node Type": "Hash","Parent Relationship": "Inner","Parallel Aware": false,"Async Capable": false,"Startup Cost": 3906.42,"Total Cost": 3906.42,"Plan Rows": 150000,"Plan Width": 4,"Actual Startup Time": 36.335,"Actual Total Time": 36.352,"Actual Rows": 150000,"Actual Loops": 1,"Hash Buckets": 262144,"Original Hash Buckets": 262144,"Hash Batches": 1,"Original Hash Batches": 1,"Peak Memory Usage": 7322,"Plans": [{"Node Type": "Index Only Scan","Parent Relationship": "Outer","Parallel Aware": false,"Async Capable": false,"Scan Direction": "Forward","Index Name": "customer_pkey","Relation Name": "customer","Alias": "customer","Startup Cost": 0.42,"Total Cost": 3906.42,"Plan Rows": 150000,"Plan Width": 4,"Actual Startup Time": 0.048,"Actual Total Time": 14.414,"Actual Rows": 150000,"Actual Loops": 1,"Heap Fetches": 0}]}]}]}]}]},"Planning Time": 3.409,"Triggers": [],"Execution Time": 6107.560}]
[{"Plan": {"Node Type": "Sort","Parallel Aware": false,"Async Capable": false,"Startup Cost": 65592.61,"Total Cost": 65593.11,"Plan Rows": 200,"Plan Width": 16,"Actual Startup Time": 6042.914,"Actual Total Time": 6042.954,"Actual Rows": 42,"Actual Loops": 1,"Sort Key": ["(count(*)) DESC", "(count(orders.o_orderkey)) DESC"],"Sort Method": "quicksort","Sort Space Used": 27,"Sort Space Type": "Memory","Plans": [{"Node Type": "Aggregate","Strategy": "Hashed","Partial Mode": "Simple","Parent Relationship": "Outer","Parallel Aware": false,"Async Capable": false,"Startup Cost": 65582.97,"Total Cost": 65584.97,"Plan Rows": 200,"Plan Width": 16,"Actual Startup Time": 6042.802,"Actual Total Time": 6042.854,"Actual Rows": 42,"Actual Loops": 1,"Group Key": ["count(orders.o_orderkey)"],"Planned Partitions": 0,"HashAgg Batches": 1,"Peak Memory Usage": 40,"Disk Usage": 0,"Plans": [{"Node Type": "Aggregate","Strategy": "Hashed","Partial Mode": "Simple","Parent Relationship": "Outer","Parallel Aware": false,"Async Capable": false,"Startup Cost": 61832.97,"Total Cost": 63332.97,"Plan Rows": 150000,"Plan Width": 12,"Actual Startup Time": 5848.968,"Actual Total Time": 6029.049,"Actual Rows": 150000,"Actual Loops": 1,"Group Key": ["customer.c_custkey"],"Planned Partitions": 0,"HashAgg Batches": 1,"Peak Memory Usage": 22545,"Disk Usage": 0,"Plans": [{"Node Type": "Hash Join","Parent Relationship": "Outer","Parallel Aware": false,"Async Capable": false,"Join Type": "Right","Startup Cost": 5781.42,"Total Cost": 54484.49,"Plan Rows": 1469697,"Plan Width": 8,"Actual Startup Time": 38.540,"Actual Total Time": 4039.691,"Actual Rows": 1534055,"Actual Loops": 1,"Inner Unique": true,"Hash Cond": "(orders.o_custkey = customer.c_custkey)","Plans": [{"Node Type": "Seq Scan","Parent Relationship": "Outer","Parallel Aware": false,"Async Capable": false,"Relation Name": "orders","Alias": "orders","Startup Cost": 0.00,"Total Cost": 44845.00,"Plan Rows": 1469697,"Plan Width": 8,"Actual Startup Time": 0.061,"Actual Total Time": 2797.159,"Actual Rows": 1484051,"Actual Loops": 1,"Filter": "((o_comment)::text !~~ '%special%packages%'::text)","Rows Removed by Filter": 15949},{"Node Type": "Hash","Parent Relationship": "Inner","Parallel Aware": false,"Async Capable": false,"Startup Cost": 3906.42,"Total Cost": 3906.42,"Plan Rows": 150000,"Plan Width": 4,"Actual Startup Time": 36.593,"Actual Total Time": 36.607,"Actual Rows": 150000,"Actual Loops": 1,"Hash Buckets": 262144,"Original Hash Buckets": 262144,"Hash Batches": 1,"Original Hash Batches": 1,"Peak Memory Usage": 7322,"Plans": [{"Node Type": "Index Only Scan","Parent Relationship": "Outer","Parallel Aware": false,"Async Capable": false,"Scan Direction": "Forward","Index Name": "customer_pkey","Relation Name": "customer","Alias": "customer","Startup Cost": 0.42,"Total Cost": 3906.42,"Plan Rows": 150000,"Plan Width": 4,"Actual Startup Time": 0.050,"Actual Total Time": 14.573,"Actual Rows": 150000,"Actual Loops": 1,"Heap Fetches": 0}]}]}]}]}]},"Planning Time": 3.383,"Triggers": [],"Execution Time": 6052.793}]
[{"Plan": {"Node Type": "Sort","Parallel Aware": false,"Async Capable": false,"Startup Cost": 65592.61,"Total Cost": 65593.11,"Plan Rows": 200,"Plan Width": 16,"Actual Startup Time": 6108.888,"Actual Total Time": 6108.932,"Actual Rows": 42,"Actual Loops": 1,"Sort Key": ["(count(*)) DESC", "(count(orders.o_orderkey)) DESC"],"Sort Method": "quicksort","Sort Space Used": 27,"Sort Space Type": "Memory","Plans": [{"Node Type": "Aggregate","Strategy": "Hashed","Partial Mode": "Simple","Parent Relationship": "Outer","Parallel Aware": false,"Async Capable": false,"Startup Cost": 65582.97,"Total Cost": 65584.97,"Plan Rows": 200,"Plan Width": 16,"Actual Startup Time": 6108.797,"Actual Total Time": 6108.848,"Actual Rows": 42,"Actual Loops": 1,"Group Key": ["count(orders.o_orderkey)"],"Planned Partitions": 0,"HashAgg Batches": 1,"Peak Memory Usage": 40,"Disk Usage": 0,"Plans": [{"Node Type": "Aggregate","Strategy": "Hashed","Partial Mode": "Simple","Parent Relationship": "Outer","Parallel Aware": false,"Async Capable": false,"Startup Cost": 61832.97,"Total Cost": 63332.97,"Plan Rows": 150000,"Plan Width": 12,"Actual Startup Time": 5916.041,"Actual Total Time": 6095.043,"Actual Rows": 150000,"Actual Loops": 1,"Group Key": ["customer.c_custkey"],"Planned Partitions": 0,"HashAgg Batches": 1,"Peak Memory Usage": 22545,"Disk Usage": 0,"Plans": [{"Node Type": "Hash Join","Parent Relationship": "Outer","Parallel Aware": false,"Async Capable": false,"Join Type": "Right","Startup Cost": 5781.42,"Total Cost": 54484.49,"Plan Rows": 1469697,"Plan Width": 8,"Actual Startup Time": 39.068,"Actual Total Time": 4097.616,"Actual Rows": 1534019,"Actual Loops": 1,"Inner Unique": true,"Hash Cond": "(orders.o_custkey = customer.c_custkey)","Plans": [{"Node Type": "Seq Scan","Parent Relationship": "Outer","Parallel Aware": false,"Async Capable": false,"Relation Name": "orders","Alias": "orders","Startup Cost": 0.00,"Total Cost": 44845.00,"Plan Rows": 1469697,"Plan Width": 8,"Actual Startup Time": 0.051,"Actual Total Time": 2823.952,"Actual Rows": 1484015,"Actual Loops": 1,"Filter": "((o_comment)::text !~~ '%express%accounts%'::text)","Rows Removed by Filter": 15985},{"Node Type": "Hash","Parent Relationship": "Inner","Parallel Aware": false,"Async Capable": false,"Startup Cost": 3906.42,"Total Cost": 3906.42,"Plan Rows": 150000,"Plan Width": 4,"Actual Startup Time": 37.191,"Actual Total Time": 37.207,"Actual Rows": 150000,"Actual Loops": 1,"Hash Buckets": 262144,"Original Hash Buckets": 262144,"Hash Batches": 1,"Original Hash Batches": 1,"Peak Memory Usage": 7322,"Plans": [{"Node Type": "Index Only Scan","Parent Relationship": "Outer","Parallel Aware": false,"Async Capable": false,"Scan Direction": "Forward","Index Name": "customer_pkey","Relation Name": "customer","Alias": "customer","Startup Cost": 0.42,"Total Cost": 3906.42,"Plan Rows": 150000,"Plan Width": 4,"Actual Startup Time": 0.038,"Actual Total Time": 14.188,"Actual Rows": 150000,"Actual Loops": 1,"Heap Fetches": 0}]}]}]}]}]},"Planning Time": 3.814,"Triggers": [],"Execution Time": 6118.531}]
[{"Plan": {"Node Type": "Sort","Parallel Aware": false,"Async Capable": false,"Startup Cost": 65822.53,"Total Cost": 65823.03,"Plan Rows": 200,"Plan Width": 16,"Actual Startup Time": 5956.637,"Actual Total Time": 5956.675,"Actual Rows": 42,"Actual Loops": 1,"Sort Key": ["(count(*)) DESC", "(count(orders.o_orderkey)) DESC"],"Sort Method": "quicksort","Sort Space Used": 27,"Sort Space Type": "Memory","Plans": [{"Node Type": "Aggregate","Strategy": "Hashed","Partial Mode": "Simple","Parent Relationship": "Outer","Parallel Aware": false,"Async Capable": false,"Startup Cost": 65812.89,"Total Cost": 65814.89,"Plan Rows": 200,"Plan Width": 16,"Actual Startup Time": 5956.548,"Actual Total Time": 5956.590,"Actual Rows": 42,"Actual Loops": 1,"Group Key": ["count(orders.o_orderkey)"],"Planned Partitions": 0,"HashAgg Batches": 1,"Peak Memory Usage": 40,"Disk Usage": 0,"Plans": [{"Node Type": "Aggregate","Strategy": "Hashed","Partial Mode": "Simple","Parent Relationship": "Outer","Parallel Aware": false,"Async Capable": false,"Startup Cost": 62062.89,"Total Cost": 63562.89,"Plan Rows": 150000,"Plan Width": 12,"Actual Startup Time": 5763.184,"Actual Total Time": 5942.838,"Actual Rows": 150000,"Actual Loops": 1,"Group Key": ["customer.c_custkey"],"Planned Partitions": 0,"HashAgg Batches": 1,"Peak Memory Usage": 22545,"Disk Usage": 0,"Plans": [{"Node Type": "Hash Join","Parent Relationship": "Outer","Parallel Aware": false,"Async Capable": false,"Join Type": "Right","Startup Cost": 5781.42,"Total Cost": 54563.64,"Plan Rows": 1499850,"Plan Width": 8,"Actual Startup Time": 38.566,"Actual Total Time": 3955.732,"Actual Rows": 1533620,"Actual Loops": 1,"Inner Unique": true,"Hash Cond": "(orders.o_custkey = customer.c_custkey)","Plans": [{"Node Type": "Seq Scan","Parent Relationship": "Outer","Parallel Aware": false,"Async Capable": false,"Relation Name": "orders","Alias": "orders","Startup Cost": 0.00,"Total Cost": 44845.00,"Plan Rows": 1499850,"Plan Width": 8,"Actual Startup Time": 0.052,"Actual Total Time": 2713.562,"Actual Rows": 1483615,"Actual Loops": 1,"Filter": "((o_comment)::text !~~ '%pending%accounts%'::text)","Rows Removed by Filter": 16385},{"Node Type": "Hash","Parent Relationship": "Inner","Parallel Aware": false,"Async Capable": false,"Startup Cost": 3906.42,"Total Cost": 3906.42,"Plan Rows": 150000,"Plan Width": 4,"Actual Startup Time": 36.530,"Actual Total Time": 36.543,"Actual Rows": 150000,"Actual Loops": 1,"Hash Buckets": 262144,"Original Hash Buckets": 262144,"Hash Batches": 1,"Original Hash Batches": 1,"Peak Memory Usage": 7322,"Plans": [{"Node Type": "Index Only Scan","Parent Relationship": "Outer","Parallel Aware": false,"Async Capable": false,"Scan Direction": "Forward","Index Name": "customer_pkey","Relation Name": "customer","Alias": "customer","Startup Cost": 0.42,"Total Cost": 3906.42,"Plan Rows": 150000,"Plan Width": 4,"Actual Startup Time": 0.036,"Actual Total Time": 14.278,"Actual Rows": 150000,"Actual Loops": 1,"Heap Fetches": 0}]}]}]}]}]},"Planning Time": 3.568,"Triggers": [],"Execution Time": 5966.474}]
[{"Plan": {"Node Type": "Sort","Parallel Aware": false,"Async Capable": false,"Startup Cost": 65708.14,"Total Cost": 65708.64,"Plan Rows": 200,"Plan Width": 16,"Actual Startup Time": 6659.087,"Actual Total Time": 6659.155,"Actual Rows": 41,"Actual Loops": 1,"Sort Key": ["(count(*)) DESC", "(count(orders.o_orderkey)) DESC"],"Sort Method": "quicksort","Sort Space Used": 27,"Sort Space Type": "Memory","Plans": [{"Node Type": "Aggregate","Strategy": "Hashed","Partial Mode": "Simple","Parent Relationship": "Outer","Parallel Aware": false,"Async Capable": false,"Startup Cost": 65698.50,"Total Cost": 65700.50,"Plan Rows": 200,"Plan Width": 16,"Actual Startup Time": 6658.981,"Actual Total Time": 6659.057,"Actual Rows": 41,"Actual Loops": 1,"Group Key": ["count(orders.o_orderkey)"],"Planned Partitions": 0,"HashAgg Batches": 1,"Peak Memory Usage": 40,"Disk Usage": 0,"Plans": [{"Node Type": "Aggregate","Strategy": "Hashed","Partial Mode": "Simple","Parent Relationship": "Outer","Parallel Aware": false,"Async Capable": false,"Startup Cost": 61948.50,"Total Cost": 63448.50,"Plan Rows": 150000,"Plan Width": 12,"Actual Startup Time": 6480.209,"Actual Total Time": 6645.185,"Actual Rows": 150000,"Actual Loops": 1,"Group Key": ["customer.c_custkey"],"Planned Partitions": 0,"HashAgg Batches": 1,"Peak Memory Usage": 22545,"Disk Usage": 0,"Plans": [{"Node Type": "Hash Join","Parent Relationship": "Outer","Parallel Aware": false,"Async Capable": false,"Join Type": "Right","Startup Cost": 5781.42,"Total Cost": 54524.26,"Plan Rows": 1484848,"Plan Width": 8,"Actual Startup Time": 37.274,"Actual Total Time": 4547.015,"Actual Rows": 1533872,"Actual Loops": 1,"Inner Unique": true,"Hash Cond": "(orders.o_custkey = customer.c_custkey)","Plans": [{"Node Type": "Seq Scan","Parent Relationship": "Outer","Parallel Aware": false,"Async Capable": false,"Relation Name": "orders","Alias": "orders","Startup Cost": 0.00,"Total Cost": 44845.00,"Plan Rows": 1484848,"Plan Width": 8,"Actual Startup Time": 0.043,"Actual Total Time": 3085.028,"Actual Rows": 1483868,"Actual Loops": 1,"Filter": "((o_comment)::text !~~ '%unusual%deposits%'::text)","Rows Removed by Filter": 16132},{"Node Type": "Hash","Parent Relationship": "Inner","Parallel Aware": false,"Async Capable": false,"Startup Cost": 3906.42,"Total Cost": 3906.42,"Plan Rows": 150000,"Plan Width": 4,"Actual Startup Time": 35.508,"Actual Total Time": 35.530,"Actual Rows": 150000,"Actual Loops": 1,"Hash Buckets": 262144,"Original Hash Buckets": 262144,"Hash Batches": 1,"Original Hash Batches": 1,"Peak Memory Usage": 7322,"Plans": [{"Node Type": "Index Only Scan","Parent Relationship": "Outer","Parallel Aware": false,"Async Capable": false,"Scan Direction": "Forward","Index Name": "customer_pkey","Relation Name": "customer","Alias": "customer","Startup Cost": 0.42,"Total Cost": 3906.42,"Plan Rows": 150000,"Plan Width": 4,"Actual Startup Time": 0.053,"Actual Total Time": 13.448,"Actual Rows": 150000,"Actual Loops": 1,"Heap Fetches": 0}]}]}]}]}]},"Planning Time": 3.854,"Triggers": [],"Execution Time": 6671.834}]
[{"Plan": {"Node Type": "Sort","Parallel Aware": false,"Async Capable": false,"Startup Cost": 65592.61,"Total Cost": 65593.11,"Plan Rows": 200,"Plan Width": 16,"Actual Startup Time": 6042.914,"Actual Total Time": 6042.954,"Actual Rows": 42,"Actual Loops": 1,"Sort Key": ["(count(*)) DESC", "(count(orders.o_orderkey)) DESC"],"Sort Method": "quicksort","Sort Space Used": 27,"Sort Space Type": "Memory","Plans": [{"Node Type": "Aggregate","Strategy": "Hashed","Partial Mode": "Simple","Parent Relationship": "Outer","Parallel Aware": false,"Async Capable": false,"Startup Cost": 65582.97,"Total Cost": 65584.97,"Plan Rows": 200,"Plan Width": 16,"Actual Startup Time": 6042.802,"Actual Total Time": 6042.854,"Actual Rows": 42,"Actual Loops": 1,"Group Key": ["count(orders.o_orderkey)"],"Planned Partitions": 0,"HashAgg Batches": 1,"Peak Memory Usage": 40,"Disk Usage": 0,"Plans": [{"Node Type": "Aggregate","Strategy": "Hashed","Partial Mode": "Simple","Parent Relationship": "Outer","Parallel Aware": false,"Async Capable": false,"Startup Cost": 61832.97,"Total Cost": 63332.97,"Plan Rows": 150000,"Plan Width": 12,"Actual Startup Time": 5848.968,"Actual Total Time": 6029.049,"Actual Rows": 150000,"Actual Loops": 1,"Group Key": ["customer.c_custkey"],"Planned Partitions": 0,"HashAgg Batches": 1,"Peak Memory Usage": 22545,"Disk Usage": 0,"Plans": [{"Node Type": "Hash Join","Parent Relationship": "Outer","Parallel Aware": false,"Async Capable": false,"Join Type": "Right","Startup Cost": 5781.42,"Total Cost": 54484.49,"Plan Rows": 1469697,"Plan Width": 8,"Actual Startup Time": 38.540,"Actual Total Time": 4039.691,"Actual Rows": 1534055,"Actual Loops": 1,"Inner Unique": true,"Hash Cond": "(orders.o_custkey = customer.c_custkey)","Plans": [{"Node Type": "Seq Scan","Parent Relationship": "Outer","Parallel Aware": false,"Async Capable": false,"Relation Name": "orders","Alias": "orders","Startup Cost": 0.00,"Total Cost": 44845.00,"Plan Rows": 1469697,"Plan Width": 8,"Actual Startup Time": 0.061,"Actual Total Time": 2797.159,"Actual Rows": 1484051,"Actual Loops": 1,"Filter": "((o_comment)::text !~~ '%special%packages%'::text)","Rows Removed by Filter": 15949},{"Node Type": "Hash","Parent Relationship": "Inner","Parallel Aware": false,"Async Capable": false,"Startup Cost": 3906.42,"Total Cost": 3906.42,"Plan Rows": 150000,"Plan Width": 4,"Actual Startup Time": 36.593,"Actual Total Time": 36.607,"Actual Rows": 150000,"Actual Loops": 1,"Hash Buckets": 262144,"Original Hash Buckets": 262144,"Hash Batches": 1,"Original Hash Batches": 1,"Peak Memory Usage": 7322,"Plans": [{"Node Type": "Index Only Scan","Parent Relationship": "Outer","Parallel Aware": false,"Async Capable": false,"Scan Direction": "Forward","Index Name": "customer_pkey","Relation Name": "customer","Alias": "customer","Startup Cost": 0.42,"Total Cost": 3906.42,"Plan Rows": 150000,"Plan Width": 4,"Actual Startup Time": 0.050,"Actual Total Time": 14.573,"Actual Rows": 150000,"Actual Loops": 1,"Heap Fetches": 0}]}]}]}]}]},"Planning Time": 3.383,"Triggers": [],"Execution Time": 6052.793}]
[{"Plan": {"Node Type": "Sort","Parallel Aware": false,"Async Capable": false,"Startup Cost": 65822.53,"Total Cost": 65823.03,"Plan Rows": 200,"Plan Width": 16,"Actual Startup Time": 6650.964,"Actual Total Time": 6651.000,"Actual Rows": 42,"Actual Loops": 1,"Sort Key": ["(count(*)) DESC", "(count(orders.o_orderkey)) DESC"],"Sort Method": "quicksort","Sort Space Used": 27,"Sort Space Type": "Memory","Plans": [{"Node Type": "Aggregate","Strategy": "Hashed","Partial Mode": "Simple","Parent Relationship": "Outer","Parallel Aware": false,"Async Capable": false,"Startup Cost": 65812.89,"Total Cost": 65814.89,"Plan Rows": 200,"Plan Width": 16,"Actual Startup Time": 6650.893,"Actual Total Time": 6650.940,"Actual Rows": 42,"Actual Loops": 1,"Group Key": ["count(orders.o_orderkey)"],"Planned Partitions": 0,"HashAgg Batches": 1,"Peak Memory Usage": 40,"Disk Usage": 0,"Plans": [{"Node Type": "Aggregate","Strategy": "Hashed","Partial Mode": "Simple","Parent Relationship": "Outer","Parallel Aware": false,"Async Capable": false,"Startup Cost": 62062.89,"Total Cost": 63562.89,"Plan Rows": 150000,"Plan Width": 12,"Actual Startup Time": 6477.408,"Actual Total Time": 6637.150,"Actual Rows": 150000,"Actual Loops": 1,"Group Key": ["customer.c_custkey"],"Planned Partitions": 0,"HashAgg Batches": 1,"Peak Memory Usage": 22545,"Disk Usage": 0,"Plans": [{"Node Type": "Hash Join","Parent Relationship": "Outer","Parallel Aware": false,"Async Capable": false,"Join Type": "Right","Startup Cost": 5781.42,"Total Cost": 54563.64,"Plan Rows": 1499850,"Plan Width": 8,"Actual Startup Time": 36.551,"Actual Total Time": 4552.506,"Actual Rows": 1533843,"Actual Loops": 1,"Inner Unique": true,"Hash Cond": "(orders.o_custkey = customer.c_custkey)","Plans": [{"Node Type": "Seq Scan","Parent Relationship": "Outer","Parallel Aware": false,"Async Capable": false,"Relation Name": "orders","Alias": "orders","Startup Cost": 0.00,"Total Cost": 44845.00,"Plan Rows": 1499850,"Plan Width": 8,"Actual Startup Time": 0.044,"Actual Total Time": 3147.620,"Actual Rows": 1483839,"Actual Loops": 1,"Filter": "((o_comment)::text !~~ '%pending%deposits%'::text)","Rows Removed by Filter": 16161},{"Node Type": "Hash","Parent Relationship": "Inner","Parallel Aware": false,"Async Capable": false,"Startup Cost": 3906.42,"Total Cost": 3906.42,"Plan Rows": 150000,"Plan Width": 4,"Actual Startup Time": 34.769,"Actual Total Time": 34.783,"Actual Rows": 150000,"Actual Loops": 1,"Hash Buckets": 262144,"Original Hash Buckets": 262144,"Hash Batches": 1,"Original Hash Batches": 1,"Peak Memory Usage": 7322,"Plans": [{"Node Type": "Index Only Scan","Parent Relationship": "Outer","Parallel Aware": false,"Async Capable": false,"Scan Direction": "Forward","Index Name": "customer_pkey","Relation Name": "customer","Alias": "customer","Startup Cost": 0.42,"Total Cost": 3906.42,"Plan Rows": 150000,"Plan Width": 4,"Actual Startup Time": 0.065,"Actual Total Time": 13.424,"Actual Rows": 150000,"Actual Loops": 1,"Heap Fetches": 0}]}]}]}]}]},"Planning Time": 3.594,"Triggers": [],"Execution Time": 6658.782}]
[{"Plan": {"Node Type": "Sort","Parallel Aware": false,"Async Capable": false,"Startup Cost": 65708.14,"Total Cost": 65708.64,"Plan Rows": 200,"Plan Width": 16,"Actual Startup Time": 6706.121,"Actual Total Time": 6706.163,"Actual Rows": 42,"Actual Loops": 1,"Sort Key": ["(count(*)) DESC", "(count(orders.o_orderkey)) DESC"],"Sort Method": "quicksort","Sort Space Used": 27,"Sort Space Type": "Memory","Plans": [{"Node Type": "Aggregate","Strategy": "Hashed","Partial Mode": "Simple","Parent Relationship": "Outer","Parallel Aware": false,"Async Capable": false,"Startup Cost": 65698.50,"Total Cost": 65700.50,"Plan Rows": 200,"Plan Width": 16,"Actual Startup Time": 6706.048,"Actual Total Time": 6706.098,"Actual Rows": 42,"Actual Loops": 1,"Group Key": ["count(orders.o_orderkey)"],"Planned Partitions": 0,"HashAgg Batches": 1,"Peak Memory Usage": 40,"Disk Usage": 0,"Plans": [{"Node Type": "Aggregate","Strategy": "Hashed","Partial Mode": "Simple","Parent Relationship": "Outer","Parallel Aware": false,"Async Capable": false,"Startup Cost": 61948.50,"Total Cost": 63448.50,"Plan Rows": 150000,"Plan Width": 12,"Actual Startup Time": 6534.914,"Actual Total Time": 6692.300,"Actual Rows": 150000,"Actual Loops": 1,"Group Key": ["customer.c_custkey"],"Planned Partitions": 0,"HashAgg Batches": 1,"Peak Memory Usage": 22545,"Disk Usage": 0,"Plans": [{"Node Type": "Hash Join","Parent Relationship": "Outer","Parallel Aware": false,"Async Capable": false,"Join Type": "Right","Startup Cost": 5781.42,"Total Cost": 54524.26,"Plan Rows": 1484848,"Plan Width": 8,"Actual Startup Time": 35.450,"Actual Total Time": 4617.784,"Actual Rows": 1533791,"Actual Loops": 1,"Inner Unique": true,"Hash Cond": "(orders.o_custkey = customer.c_custkey)","Plans": [{"Node Type": "Seq Scan","Parent Relationship": "Outer","Parallel Aware": false,"Async Capable": false,"Relation Name": "orders","Alias": "orders","Startup Cost": 0.00,"Total Cost": 44845.00,"Plan Rows": 1484848,"Plan Width": 8,"Actual Startup Time": 0.045,"Actual Total Time": 3189.289,"Actual Rows": 1483787,"Actual Loops": 1,"Filter": "((o_comment)::text !~~ '%unusual%packages%'::text)","Rows Removed by Filter": 16213},{"Node Type": "Hash","Parent Relationship": "Inner","Parallel Aware": false,"Async Capable": false,"Startup Cost": 3906.42,"Total Cost": 3906.42,"Plan Rows": 150000,"Plan Width": 4,"Actual Startup Time": 33.722,"Actual Total Time": 33.741,"Actual Rows": 150000,"Actual Loops": 1,"Hash Buckets": 262144,"Original Hash Buckets": 262144,"Hash Batches": 1,"Original Hash Batches": 1,"Peak Memory Usage": 7322,"Plans": [{"Node Type": "Index Only Scan","Parent Relationship": "Outer","Parallel Aware": false,"Async Capable": false,"Scan Direction": "Forward","Index Name": "customer_pkey","Relation Name": "customer","Alias": "customer","Startup Cost": 0.42,"Total Cost": 3906.42,"Plan Rows": 150000,"Plan Width": 4,"Actual Startup Time": 0.040,"Actual Total Time": 13.017,"Actual Rows": 150000,"Actual Loops": 1,"Heap Fetches": 0}]}]}]}]}]},"Planning Time": 3.840,"Triggers": [],"Execution Time": 6714.032}]
[{"Plan": {"Node Type": "Sort","Parallel Aware": false,"Async Capable": false,"Startup Cost": 65592.61,"Total Cost": 65593.11,"Plan Rows": 200,"Plan Width": 16,"Actual Startup Time": 6108.888,"Actual Total Time": 6108.932,"Actual Rows": 42,"Actual Loops": 1,"Sort Key": ["(count(*)) DESC", "(count(orders.o_orderkey)) DESC"],"Sort Method": "quicksort","Sort Space Used": 27,"Sort Space Type": "Memory","Plans": [{"Node Type": "Aggregate","Strategy": "Hashed","Partial Mode": "Simple","Parent Relationship": "Outer","Parallel Aware": false,"Async Capable": false,"Startup Cost": 65582.97,"Total Cost": 65584.97,"Plan Rows": 200,"Plan Width": 16,"Actual Startup Time": 6108.797,"Actual Total Time": 6108.848,"Actual Rows": 42,"Actual Loops": 1,"Group Key": ["count(orders.o_orderkey)"],"Planned Partitions": 0,"HashAgg Batches": 1,"Peak Memory Usage": 40,"Disk Usage": 0,"Plans": [{"Node Type": "Aggregate","Strategy": "Hashed","Partial Mode": "Simple","Parent Relationship": "Outer","Parallel Aware": false,"Async Capable": false,"Startup Cost": 61832.97,"Total Cost": 63332.97,"Plan Rows": 150000,"Plan Width": 12,"Actual Startup Time": 5916.041,"Actual Total Time": 6095.043,"Actual Rows": 150000,"Actual Loops": 1,"Group Key": ["customer.c_custkey"],"Planned Partitions": 0,"HashAgg Batches": 1,"Peak Memory Usage": 22545,"Disk Usage": 0,"Plans": [{"Node Type": "Hash Join","Parent Relationship": "Outer","Parallel Aware": false,"Async Capable": false,"Join Type": "Right","Startup Cost": 5781.42,"Total Cost": 54484.49,"Plan Rows": 1469697,"Plan Width": 8,"Actual Startup Time": 39.068,"Actual Total Time": 4097.616,"Actual Rows": 1534019,"Actual Loops": 1,"Inner Unique": true,"Hash Cond": "(orders.o_custkey = customer.c_custkey)","Plans": [{"Node Type": "Seq Scan","Parent Relationship": "Outer","Parallel Aware": false,"Async Capable": false,"Relation Name": "orders","Alias": "orders","Startup Cost": 0.00,"Total Cost": 44845.00,"Plan Rows": 1469697,"Plan Width": 8,"Actual Startup Time": 0.051,"Actual Total Time": 2823.952,"Actual Rows": 1484015,"Actual Loops": 1,"Filter": "((o_comment)::text !~~ '%express%accounts%'::text)","Rows Removed by Filter": 15985},{"Node Type": "Hash","Parent Relationship": "Inner","Parallel Aware": false,"Async Capable": false,"Startup Cost": 3906.42,"Total Cost": 3906.42,"Plan Rows": 150000,"Plan Width": 4,"Actual Startup Time": 37.191,"Actual Total Time": 37.207,"Actual Rows": 150000,"Actual Loops": 1,"Hash Buckets": 262144,"Original Hash Buckets": 262144,"Hash Batches": 1,"Original Hash Batches": 1,"Peak Memory Usage": 7322,"Plans": [{"Node Type": "Index Only Scan","Parent Relationship": "Outer","Parallel Aware": false,"Async Capable": false,"Scan Direction": "Forward","Index Name": "customer_pkey","Relation Name": "customer","Alias": "customer","Startup Cost": 0.42,"Total Cost": 3906.42,"Plan Rows": 150000,"Plan Width": 4,"Actual Startup Time": 0.038,"Actual Total Time": 14.188,"Actual Rows": 150000,"Actual Loops": 1,"Heap Fetches": 0}]}]}]}]}]},"Planning Time": 3.814,"Triggers": [],"Execution Time": 6118.531}]
[{"Plan": {"Node Type": "Sort","Parallel Aware": false,"Async Capable": false,"Startup Cost": 65822.53,"Total Cost": 65823.03,"Plan Rows": 200,"Plan Width": 16,"Actual Startup Time": 6101.280,"Actual Total Time": 6101.314,"Actual Rows": 42,"Actual Loops": 1,"Sort Key": ["(count(*)) DESC", "(count(orders.o_orderkey)) DESC"],"Sort Method": "quicksort","Sort Space Used": 27,"Sort Space Type": "Memory","Plans": [{"Node Type": "Aggregate","Strategy": "Hashed","Partial Mode": "Simple","Parent Relationship": "Outer","Parallel Aware": false,"Async Capable": false,"Startup Cost": 65812.89,"Total Cost": 65814.89,"Plan Rows": 200,"Plan Width": 16,"Actual Startup Time": 6101.184,"Actual Total Time": 6101.232,"Actual Rows": 42,"Actual Loops": 1,"Group Key": ["count(orders.o_orderkey)"],"Planned Partitions": 0,"HashAgg Batches": 1,"Peak Memory Usage": 40,"Disk Usage": 0,"Plans": [{"Node Type": "Aggregate","Strategy": "Hashed","Partial Mode": "Simple","Parent Relationship": "Outer","Parallel Aware": false,"Async Capable": false,"Startup Cost": 62062.89,"Total Cost": 63562.89,"Plan Rows": 150000,"Plan Width": 12,"Actual Startup Time": 5921.162,"Actual Total Time": 6087.400,"Actual Rows": 150000,"Actual Loops": 1,"Group Key": ["customer.c_custkey"],"Planned Partitions": 0,"HashAgg Batches": 1,"Peak Memory Usage": 22545,"Disk Usage": 0,"Plans": [{"Node Type": "Hash Join","Parent Relationship": "Outer","Parallel Aware": false,"Async Capable": false,"Join Type": "Right","Startup Cost": 5781.42,"Total Cost": 54563.64,"Plan Rows": 1499850,"Plan Width": 8,"Actual Startup Time": 39.228,"Actual Total Time": 4074.723,"Actual Rows": 1533808,"Actual Loops": 1,"Inner Unique": true,"Hash Cond": "(orders.o_custkey = customer.c_custkey)","Plans": [{"Node Type": "Seq Scan","Parent Relationship": "Outer","Parallel Aware": false,"Async Capable": false,"Relation Name": "orders","Alias": "orders","Startup Cost": 0.00,"Total Cost": 44845.00,"Plan Rows": 1499850,"Plan Width": 8,"Actual Startup Time": 0.056,"Actual Total Time": 2834.984,"Actual Rows": 1483804,"Actual Loops": 1,"Filter": "((o_comment)::text !~~ '%special%deposits%'::text)","Rows Removed by Filter": 16196},{"Node Type": "Hash","Parent Relationship": "Inner","Parallel Aware": false,"Async Capable": false,"Startup Cost": 3906.42,"Total Cost": 3906.42,"Plan Rows": 150000,"Plan Width": 4,"Actual Startup Time": 37.438,"Actual Total Time": 37.451,"Actual Rows": 150000,"Actual Loops": 1,"Hash Buckets": 262144,"Original Hash Buckets": 262144,"Hash Batches": 1,"Original Hash Batches": 1,"Peak Memory Usage": 7322,"Plans": [{"Node Type": "Index Only Scan","Parent Relationship": "Outer","Parallel Aware": false,"Async Capable": false,"Scan Direction": "Forward","Index Name": "customer_pkey","Relation Name": "customer","Alias": "customer","Startup Cost": 0.42,"Total Cost": 3906.42,"Plan Rows": 150000,"Plan Width": 4,"Actual Startup Time": 0.049,"Actual Total Time": 14.639,"Actual Rows": 150000,"Actual Loops": 1,"Heap Fetches": 0}]}]}]}]}]},"Planning Time": 3.971,"Triggers": [],"Execution Time": 6110.955}]
[{"Plan": {"Node Type": "Sort","Parallel Aware": false,"Async Capable": false,"Startup Cost": 65822.53,"Total Cost": 65823.03,"Plan Rows": 200,"Plan Width": 16,"Actual Startup Time": 6101.280,"Actual Total Time": 6101.314,"Actual Rows": 42,"Actual Loops": 1,"Sort Key": ["(count(*)) DESC", "(count(orders.o_orderkey)) DESC"],"Sort Method": "quicksort","Sort Space Used": 27,"Sort Space Type": "Memory","Plans": [{"Node Type": "Aggregate","Strategy": "Hashed","Partial Mode": "Simple","Parent Relationship": "Outer","Parallel Aware": false,"Async Capable": false,"Startup Cost": 65812.89,"Total Cost": 65814.89,"Plan Rows": 200,"Plan Width": 16,"Actual Startup Time": 6101.184,"Actual Total Time": 6101.232,"Actual Rows": 42,"Actual Loops": 1,"Group Key": ["count(orders.o_orderkey)"],"Planned Partitions": 0,"HashAgg Batches": 1,"Peak Memory Usage": 40,"Disk Usage": 0,"Plans": [{"Node Type": "Aggregate","Strategy": "Hashed","Partial Mode": "Simple","Parent Relationship": "Outer","Parallel Aware": false,"Async Capable": false,"Startup Cost": 62062.89,"Total Cost": 63562.89,"Plan Rows": 150000,"Plan Width": 12,"Actual Startup Time": 5921.162,"Actual Total Time": 6087.400,"Actual Rows": 150000,"Actual Loops": 1,"Group Key": ["customer.c_custkey"],"Planned Partitions": 0,"HashAgg Batches": 1,"Peak Memory Usage": 22545,"Disk Usage": 0,"Plans": [{"Node Type": "Hash Join","Parent Relationship": "Outer","Parallel Aware": false,"Async Capable": false,"Join Type": "Right","Startup Cost": 5781.42,"Total Cost": 54563.64,"Plan Rows": 1499850,"Plan Width": 8,"Actual Startup Time": 39.228,"Actual Total Time": 4074.723,"Actual Rows": 1533808,"Actual Loops": 1,"Inner Unique": true,"Hash Cond": "(orders.o_custkey = customer.c_custkey)","Plans": [{"Node Type": "Seq Scan","Parent Relationship": "Outer","Parallel Aware": false,"Async Capable": false,"Relation Name": "orders","Alias": "orders","Startup Cost": 0.00,"Total Cost": 44845.00,"Plan Rows": 1499850,"Plan Width": 8,"Actual Startup Time": 0.056,"Actual Total Time": 2834.984,"Actual Rows": 1483804,"Actual Loops": 1,"Filter": "((o_comment)::text !~~ '%special%deposits%'::text)","Rows Removed by Filter": 16196},{"Node Type": "Hash","Parent Relationship": "Inner","Parallel Aware": false,"Async Capable": false,"Startup Cost": 3906.42,"Total Cost": 3906.42,"Plan Rows": 150000,"Plan Width": 4,"Actual Startup Time": 37.438,"Actual Total Time": 37.451,"Actual Rows": 150000,"Actual Loops": 1,"Hash Buckets": 262144,"Original Hash Buckets": 262144,"Hash Batches": 1,"Original Hash Batches": 1,"Peak Memory Usage": 7322,"Plans": [{"Node Type": "Index Only Scan","Parent Relationship": "Outer","Parallel Aware": false,"Async Capable": false,"Scan Direction": "Forward","Index Name": "customer_pkey","Relation Name": "customer","Alias": "customer","Startup Cost": 0.42,"Total Cost": 3906.42,"Plan Rows": 150000,"Plan Width": 4,"Actual Startup Time": 0.049,"Actual Total Time": 14.639,"Actual Rows": 150000,"Actual Loops": 1,"Heap Fetches": 0}]}]}]}]}]},"Planning Time": 3.971,"Triggers": [],"Execution Time": 6110.955}]
[{"Plan": {"Node Type": "Sort","Parallel Aware": false,"Async Capable": false,"Startup Cost": 65822.53,"Total Cost": 65823.03,"Plan Rows": 200,"Plan Width": 16,"Actual Startup Time": 6789.356,"Actual Total Time": 6789.385,"Actual Rows": 42,"Actual Loops": 1,"Sort Key": ["(count(*)) DESC", "(count(orders.o_orderkey)) DESC"],"Sort Method": "quicksort","Sort Space Used": 27,"Sort Space Type": "Memory","Plans": [{"Node Type": "Aggregate","Strategy": "Hashed","Partial Mode": "Simple","Parent Relationship": "Outer","Parallel Aware": false,"Async Capable": false,"Startup Cost": 65812.89,"Total Cost": 65814.89,"Plan Rows": 200,"Plan Width": 16,"Actual Startup Time": 6789.265,"Actual Total Time": 6789.304,"Actual Rows": 42,"Actual Loops": 1,"Group Key": ["count(orders.o_orderkey)"],"Planned Partitions": 0,"HashAgg Batches": 1,"Peak Memory Usage": 40,"Disk Usage": 0,"Plans": [{"Node Type": "Aggregate","Strategy": "Hashed","Partial Mode": "Simple","Parent Relationship": "Outer","Parallel Aware": false,"Async Capable": false,"Startup Cost": 62062.89,"Total Cost": 63562.89,"Plan Rows": 150000,"Plan Width": 12,"Actual Startup Time": 6597.323,"Actual Total Time": 6775.519,"Actual Rows": 150000,"Actual Loops": 1,"Group Key": ["customer.c_custkey"],"Planned Partitions": 0,"HashAgg Batches": 1,"Peak Memory Usage": 22545,"Disk Usage": 0,"Plans": [{"Node Type": "Hash Join","Parent Relationship": "Outer","Parallel Aware": false,"Async Capable": false,"Join Type": "Right","Startup Cost": 5781.42,"Total Cost": 54563.64,"Plan Rows": 1499850,"Plan Width": 8,"Actual Startup Time": 45.919,"Actual Total Time": 4674.391,"Actual Rows": 1534025,"Actual Loops": 1,"Inner Unique": true,"Hash Cond": "(orders.o_custkey = customer.c_custkey)","Plans": [{"Node Type": "Seq Scan","Parent Relationship": "Outer","Parallel Aware": false,"Async Capable": false,"Relation Name": "orders","Alias": "orders","Startup Cost": 0.00,"Total Cost": 44845.00,"Plan Rows": 1499850,"Plan Width": 8,"Actual Startup Time": 0.049,"Actual Total Time": 3245.830,"Actual Rows": 1484020,"Actual Loops": 1,"Filter": "((o_comment)::text !~~ '%express%deposits%'::text)","Rows Removed by Filter": 15980},{"Node Type": "Hash","Parent Relationship": "Inner","Parallel Aware": false,"Async Capable": false,"Startup Cost": 3906.42,"Total Cost": 3906.42,"Plan Rows": 150000,"Plan Width": 4,"Actual Startup Time": 44.047,"Actual Total Time": 44.059,"Actual Rows": 150000,"Actual Loops": 1,"Hash Buckets": 262144,"Original Hash Buckets": 262144,"Hash Batches": 1,"Original Hash Batches": 1,"Peak Memory Usage": 7322,"Plans": [{"Node Type": "Index Only Scan","Parent Relationship": "Outer","Parallel Aware": false,"Async Capable": false,"Scan Direction": "Forward","Index Name": "customer_pkey","Relation Name": "customer","Alias": "customer","Startup Cost": 0.42,"Total Cost": 3906.42,"Plan Rows": 150000,"Plan Width": 4,"Actual Startup Time": 0.049,"Actual Total Time": 21.219,"Actual Rows": 150000,"Actual Loops": 1,"Heap Fetches": 0}]}]}]}]}]},"Planning Time": 4.349,"Triggers": [],"Execution Time": 6798.388}]
[{"Plan": {"Node Type": "Sort","Parallel Aware": false,"Async Capable": false,"Startup Cost": 65592.61,"Total Cost": 65593.11,"Plan Rows": 200,"Plan Width": 16,"Actual Startup Time": 6042.914,"Actual Total Time": 6042.954,"Actual Rows": 42,"Actual Loops": 1,"Sort Key": ["(count(*)) DESC", "(count(orders.o_orderkey)) DESC"],"Sort Method": "quicksort","Sort Space Used": 27,"Sort Space Type": "Memory","Plans": [{"Node Type": "Aggregate","Strategy": "Hashed","Partial Mode": "Simple","Parent Relationship": "Outer","Parallel Aware": false,"Async Capable": false,"Startup Cost": 65582.97,"Total Cost": 65584.97,"Plan Rows": 200,"Plan Width": 16,"Actual Startup Time": 6042.802,"Actual Total Time": 6042.854,"Actual Rows": 42,"Actual Loops": 1,"Group Key": ["count(orders.o_orderkey)"],"Planned Partitions": 0,"HashAgg Batches": 1,"Peak Memory Usage": 40,"Disk Usage": 0,"Plans": [{"Node Type": "Aggregate","Strategy": "Hashed","Partial Mode": "Simple","Parent Relationship": "Outer","Parallel Aware": false,"Async Capable": false,"Startup Cost": 61832.97,"Total Cost": 63332.97,"Plan Rows": 150000,"Plan Width": 12,"Actual Startup Time": 5848.968,"Actual Total Time": 6029.049,"Actual Rows": 150000,"Actual Loops": 1,"Group Key": ["customer.c_custkey"],"Planned Partitions": 0,"HashAgg Batches": 1,"Peak Memory Usage": 22545,"Disk Usage": 0,"Plans": [{"Node Type": "Hash Join","Parent Relationship": "Outer","Parallel Aware": false,"Async Capable": false,"Join Type": "Right","Startup Cost": 5781.42,"Total Cost": 54484.49,"Plan Rows": 1469697,"Plan Width": 8,"Actual Startup Time": 38.540,"Actual Total Time": 4039.691,"Actual Rows": 1534055,"Actual Loops": 1,"Inner Unique": true,"Hash Cond": "(orders.o_custkey = customer.c_custkey)","Plans": [{"Node Type": "Seq Scan","Parent Relationship": "Outer","Parallel Aware": false,"Async Capable": false,"Relation Name": "orders","Alias": "orders","Startup Cost": 0.00,"Total Cost": 44845.00,"Plan Rows": 1469697,"Plan Width": 8,"Actual Startup Time": 0.061,"Actual Total Time": 2797.159,"Actual Rows": 1484051,"Actual Loops": 1,"Filter": "((o_comment)::text !~~ '%special%packages%'::text)","Rows Removed by Filter": 15949},{"Node Type": "Hash","Parent Relationship": "Inner","Parallel Aware": false,"Async Capable": false,"Startup Cost": 3906.42,"Total Cost": 3906.42,"Plan Rows": 150000,"Plan Width": 4,"Actual Startup Time": 36.593,"Actual Total Time": 36.607,"Actual Rows": 150000,"Actual Loops": 1,"Hash Buckets": 262144,"Original Hash Buckets": 262144,"Hash Batches": 1,"Original Hash Batches": 1,"Peak Memory Usage": 7322,"Plans": [{"Node Type": "Index Only Scan","Parent Relationship": "Outer","Parallel Aware": false,"Async Capable": false,"Scan Direction": "Forward","Index Name": "customer_pkey","Relation Name": "customer","Alias": "customer","Startup Cost": 0.42,"Total Cost": 3906.42,"Plan Rows": 150000,"Plan Width": 4,"Actual Startup Time": 0.050,"Actual Total Time": 14.573,"Actual Rows": 150000,"Actual Loops": 1,"Heap Fetches": 0}]}]}]}]}]},"Planning Time": 3.383,"Triggers": [],"Execution Time": 6052.793}]
[{"Plan": {"Node Type": "Sort","Parallel Aware": false,"Async Capable": false,"Startup Cost": 65708.14,"Total Cost": 65708.64,"Plan Rows": 200,"Plan Width": 16,"Actual Startup Time": 6009.895,"Actual Total Time": 6009.932,"Actual Rows": 42,"Actual Loops": 1,"Sort Key": ["(count(*)) DESC", "(count(orders.o_orderkey)) DESC"],"Sort Method": "quicksort","Sort Space Used": 27,"Sort Space Type": "Memory","Plans": [{"Node Type": "Aggregate","Strategy": "Hashed","Partial Mode": "Simple","Parent Relationship": "Outer","Parallel Aware": false,"Async Capable": false,"Startup Cost": 65698.50,"Total Cost": 65700.50,"Plan Rows": 200,"Plan Width": 16,"Actual Startup Time": 6009.807,"Actual Total Time": 6009.848,"Actual Rows": 42,"Actual Loops": 1,"Group Key": ["count(orders.o_orderkey)"],"Planned Partitions": 0,"HashAgg Batches": 1,"Peak Memory Usage": 40,"Disk Usage": 0,"Plans": [{"Node Type": "Aggregate","Strategy": "Hashed","Partial Mode": "Simple","Parent Relationship": "Outer","Parallel Aware": false,"Async Capable": false,"Startup Cost": 61948.50,"Total Cost": 63448.50,"Plan Rows": 150000,"Plan Width": 12,"Actual Startup Time": 5831.373,"Actual Total Time": 5996.054,"Actual Rows": 150000,"Actual Loops": 1,"Group Key": ["customer.c_custkey"],"Planned Partitions": 0,"HashAgg Batches": 1,"Peak Memory Usage": 22545,"Disk Usage": 0,"Plans": [{"Node Type": "Hash Join","Parent Relationship": "Outer","Parallel Aware": false,"Async Capable": false,"Join Type": "Right","Startup Cost": 5781.42,"Total Cost": 54524.26,"Plan Rows": 1484848,"Plan Width": 8,"Actual Startup Time": 39.338,"Actual Total Time": 3994.258,"Actual Rows": 1533903,"Actual Loops": 1,"Inner Unique": true,"Hash Cond": "(orders.o_custkey = customer.c_custkey)","Plans": [{"Node Type": "Seq Scan","Parent Relationship": "Outer","Parallel Aware": false,"Async Capable": false,"Relation Name": "orders","Alias": "orders","Startup Cost": 0.00,"Total Cost": 44845.00,"Plan Rows": 1484848,"Plan Width": 8,"Actual Startup Time": 0.067,"Actual Total Time": 2735.690,"Actual Rows": 1483898,"Actual Loops": 1,"Filter": "((o_comment)::text !~~ '%pending%packages%'::text)","Rows Removed by Filter": 16102},{"Node Type": "Hash","Parent Relationship": "Inner","Parallel Aware": false,"Async Capable": false,"Startup Cost": 3906.42,"Total Cost": 3906.42,"Plan Rows": 150000,"Plan Width": 4,"Actual Startup Time": 37.449,"Actual Total Time": 37.461,"Actual Rows": 150000,"Actual Loops": 1,"Hash Buckets": 262144,"Original Hash Buckets": 262144,"Hash Batches": 1,"Original Hash Batches": 1,"Peak Memory Usage": 7322,"Plans": [{"Node Type": "Index Only Scan","Parent Relationship": "Outer","Parallel Aware": false,"Async Capable": false,"Scan Direction": "Forward","Index Name": "customer_pkey","Relation Name": "customer","Alias": "customer","Startup Cost": 0.42,"Total Cost": 3906.42,"Plan Rows": 150000,"Plan Width": 4,"Actual Startup Time": 0.047,"Actual Total Time": 14.301,"Actual Rows": 150000,"Actual Loops": 1,"Heap Fetches": 0}]}]}]}]}]},"Planning Time": 4.405,"Triggers": [],"Execution Time": 6018.249}]
[{"Plan": {"Node Type": "Sort","Parallel Aware": false,"Async Capable": false,"Startup Cost": 65822.53,"Total Cost": 65823.03,"Plan Rows": 200,"Plan Width": 16,"Actual Startup Time": 6650.964,"Actual Total Time": 6651.000,"Actual Rows": 42,"Actual Loops": 1,"Sort Key": ["(count(*)) DESC", "(count(orders.o_orderkey)) DESC"],"Sort Method": "quicksort","Sort Space Used": 27,"Sort Space Type": "Memory","Plans": [{"Node Type": "Aggregate","Strategy": "Hashed","Partial Mode": "Simple","Parent Relationship": "Outer","Parallel Aware": false,"Async Capable": false,"Startup Cost": 65812.89,"Total Cost": 65814.89,"Plan Rows": 200,"Plan Width": 16,"Actual Startup Time": 6650.893,"Actual Total Time": 6650.940,"Actual Rows": 42,"Actual Loops": 1,"Group Key": ["count(orders.o_orderkey)"],"Planned Partitions": 0,"HashAgg Batches": 1,"Peak Memory Usage": 40,"Disk Usage": 0,"Plans": [{"Node Type": "Aggregate","Strategy": "Hashed","Partial Mode": "Simple","Parent Relationship": "Outer","Parallel Aware": false,"Async Capable": false,"Startup Cost": 62062.89,"Total Cost": 63562.89,"Plan Rows": 150000,"Plan Width": 12,"Actual Startup Time": 6477.408,"Actual Total Time": 6637.150,"Actual Rows": 150000,"Actual Loops": 1,"Group Key": ["customer.c_custkey"],"Planned Partitions": 0,"HashAgg Batches": 1,"Peak Memory Usage": 22545,"Disk Usage": 0,"Plans": [{"Node Type": "Hash Join","Parent Relationship": "Outer","Parallel Aware": false,"Async Capable": false,"Join Type": "Right","Startup Cost": 5781.42,"Total Cost": 54563.64,"Plan Rows": 1499850,"Plan Width": 8,"Actual Startup Time": 36.551,"Actual Total Time": 4552.506,"Actual Rows": 1533843,"Actual Loops": 1,"Inner Unique": true,"Hash Cond": "(orders.o_custkey = customer.c_custkey)","Plans": [{"Node Type": "Seq Scan","Parent Relationship": "Outer","Parallel Aware": false,"Async Capable": false,"Relation Name": "orders","Alias": "orders","Startup Cost": 0.00,"Total Cost": 44845.00,"Plan Rows": 1499850,"Plan Width": 8,"Actual Startup Time": 0.044,"Actual Total Time": 3147.620,"Actual Rows": 1483839,"Actual Loops": 1,"Filter": "((o_comment)::text !~~ '%pending%deposits%'::text)","Rows Removed by Filter": 16161},{"Node Type": "Hash","Parent Relationship": "Inner","Parallel Aware": false,"Async Capable": false,"Startup Cost": 3906.42,"Total Cost": 3906.42,"Plan Rows": 150000,"Plan Width": 4,"Actual Startup Time": 34.769,"Actual Total Time": 34.783,"Actual Rows": 150000,"Actual Loops": 1,"Hash Buckets": 262144,"Original Hash Buckets": 262144,"Hash Batches": 1,"Original Hash Batches": 1,"Peak Memory Usage": 7322,"Plans": [{"Node Type": "Index Only Scan","Parent Relationship": "Outer","Parallel Aware": false,"Async Capable": false,"Scan Direction": "Forward","Index Name": "customer_pkey","Relation Name": "customer","Alias": "customer","Startup Cost": 0.42,"Total Cost": 3906.42,"Plan Rows": 150000,"Plan Width": 4,"Actual Startup Time": 0.065,"Actual Total Time": 13.424,"Actual Rows": 150000,"Actual Loops": 1,"Heap Fetches": 0}]}]}]}]}]},"Planning Time": 3.594,"Triggers": [],"Execution Time": 6658.782}]
[{"Plan": {"Node Type": "Sort","Parallel Aware": false,"Async Capable": false,"Startup Cost": 65822.53,"Total Cost": 65823.03,"Plan Rows": 200,"Plan Width": 16,"Actual Startup Time": 6047.687,"Actual Total Time": 6047.735,"Actual Rows": 42,"Actual Loops": 1,"Sort Key": ["(count(*)) DESC", "(count(orders.o_orderkey)) DESC"],"Sort Method": "quicksort","Sort Space Used": 27,"Sort Space Type": "Memory","Plans": [{"Node Type": "Aggregate","Strategy": "Hashed","Partial Mode": "Simple","Parent Relationship": "Outer","Parallel Aware": false,"Async Capable": false,"Startup Cost": 65812.89,"Total Cost": 65814.89,"Plan Rows": 200,"Plan Width": 16,"Actual Startup Time": 6047.591,"Actual Total Time": 6047.643,"Actual Rows": 42,"Actual Loops": 1,"Group Key": ["count(orders.o_orderkey)"],"Planned Partitions": 0,"HashAgg Batches": 1,"Peak Memory Usage": 40,"Disk Usage": 0,"Plans": [{"Node Type": "Aggregate","Strategy": "Hashed","Partial Mode": "Simple","Parent Relationship": "Outer","Parallel Aware": false,"Async Capable": false,"Startup Cost": 62062.89,"Total Cost": 63562.89,"Plan Rows": 150000,"Plan Width": 12,"Actual Startup Time": 5868.600,"Actual Total Time": 6033.866,"Actual Rows": 150000,"Actual Loops": 1,"Group Key": ["customer.c_custkey"],"Planned Partitions": 0,"HashAgg Batches": 1,"Peak Memory Usage": 22545,"Disk Usage": 0,"Plans": [{"Node Type": "Hash Join","Parent Relationship": "Outer","Parallel Aware": false,"Async Capable": false,"Join Type": "Right","Startup Cost": 5781.42,"Total Cost": 54563.64,"Plan Rows": 1499850,"Plan Width": 8,"Actual Startup Time": 39.168,"Actual Total Time": 4010.851,"Actual Rows": 1533626,"Actual Loops": 1,"Inner Unique": true,"Hash Cond": "(orders.o_custkey = customer.c_custkey)","Plans": [{"Node Type": "Seq Scan","Parent Relationship": "Outer","Parallel Aware": false,"Async Capable": false,"Relation Name": "orders","Alias": "orders","Startup Cost": 0.00,"Total Cost": 44845.00,"Plan Rows": 1499850,"Plan Width": 8,"Actual Startup Time": 0.065,"Actual Total Time": 2757.508,"Actual Rows": 1483622,"Actual Loops": 1,"Filter": "((o_comment)::text !~~ '%unusual%accounts%'::text)","Rows Removed by Filter": 16378},{"Node Type": "Hash","Parent Relationship": "Inner","Parallel Aware": false,"Async Capable": false,"Startup Cost": 3906.42,"Total Cost": 3906.42,"Plan Rows": 150000,"Plan Width": 4,"Actual Startup Time": 37.343,"Actual Total Time": 37.362,"Actual Rows": 150000,"Actual Loops": 1,"Hash Buckets": 262144,"Original Hash Buckets": 262144,"Hash Batches": 1,"Original Hash Batches": 1,"Peak Memory Usage": 7322,"Plans": [{"Node Type": "Index Only Scan","Parent Relationship": "Outer","Parallel Aware": false,"Async Capable": false,"Scan Direction": "Forward","Index Name": "customer_pkey","Relation Name": "customer","Alias": "customer","Startup Cost": 0.42,"Total Cost": 3906.42,"Plan Rows": 150000,"Plan Width": 4,"Actual Startup Time": 0.036,"Actual Total Time": 14.472,"Actual Rows": 150000,"Actual Loops": 1,"Heap Fetches": 0}]}]}]}]}]},"Planning Time": 4.331,"Triggers": [],"Execution Time": 6056.690}]
[{"Plan": {"Node Type": "Sort","Parallel Aware": false,"Async Capable": false,"Startup Cost": 65822.53,"Total Cost": 65823.03,"Plan Rows": 200,"Plan Width": 16,"Actual Startup Time": 6789.356,"Actual Total Time": 6789.385,"Actual Rows": 42,"Actual Loops": 1,"Sort Key": ["(count(*)) DESC", "(count(orders.o_orderkey)) DESC"],"Sort Method": "quicksort","Sort Space Used": 27,"Sort Space Type": "Memory","Plans": [{"Node Type": "Aggregate","Strategy": "Hashed","Partial Mode": "Simple","Parent Relationship": "Outer","Parallel Aware": false,"Async Capable": false,"Startup Cost": 65812.89,"Total Cost": 65814.89,"Plan Rows": 200,"Plan Width": 16,"Actual Startup Time": 6789.265,"Actual Total Time": 6789.304,"Actual Rows": 42,"Actual Loops": 1,"Group Key": ["count(orders.o_orderkey)"],"Planned Partitions": 0,"HashAgg Batches": 1,"Peak Memory Usage": 40,"Disk Usage": 0,"Plans": [{"Node Type": "Aggregate","Strategy": "Hashed","Partial Mode": "Simple","Parent Relationship": "Outer","Parallel Aware": false,"Async Capable": false,"Startup Cost": 62062.89,"Total Cost": 63562.89,"Plan Rows": 150000,"Plan Width": 12,"Actual Startup Time": 6597.323,"Actual Total Time": 6775.519,"Actual Rows": 150000,"Actual Loops": 1,"Group Key": ["customer.c_custkey"],"Planned Partitions": 0,"HashAgg Batches": 1,"Peak Memory Usage": 22545,"Disk Usage": 0,"Plans": [{"Node Type": "Hash Join","Parent Relationship": "Outer","Parallel Aware": false,"Async Capable": false,"Join Type": "Right","Startup Cost": 5781.42,"Total Cost": 54563.64,"Plan Rows": 1499850,"Plan Width": 8,"Actual Startup Time": 45.919,"Actual Total Time": 4674.391,"Actual Rows": 1534025,"Actual Loops": 1,"Inner Unique": true,"Hash Cond": "(orders.o_custkey = customer.c_custkey)","Plans": [{"Node Type": "Seq Scan","Parent Relationship": "Outer","Parallel Aware": false,"Async Capable": false,"Relation Name": "orders","Alias": "orders","Startup Cost": 0.00,"Total Cost": 44845.00,"Plan Rows": 1499850,"Plan Width": 8,"Actual Startup Time": 0.049,"Actual Total Time": 3245.830,"Actual Rows": 1484020,"Actual Loops": 1,"Filter": "((o_comment)::text !~~ '%express%deposits%'::text)","Rows Removed by Filter": 15980},{"Node Type": "Hash","Parent Relationship": "Inner","Parallel Aware": false,"Async Capable": false,"Startup Cost": 3906.42,"Total Cost": 3906.42,"Plan Rows": 150000,"Plan Width": 4,"Actual Startup Time": 44.047,"Actual Total Time": 44.059,"Actual Rows": 150000,"Actual Loops": 1,"Hash Buckets": 262144,"Original Hash Buckets": 262144,"Hash Batches": 1,"Original Hash Batches": 1,"Peak Memory Usage": 7322,"Plans": [{"Node Type": "Index Only Scan","Parent Relationship": "Outer","Parallel Aware": false,"Async Capable": false,"Scan Direction": "Forward","Index Name": "customer_pkey","Relation Name": "customer","Alias": "customer","Startup Cost": 0.42,"Total Cost": 3906.42,"Plan Rows": 150000,"Plan Width": 4,"Actual Startup Time": 0.049,"Actual Total Time": 21.219,"Actual Rows": 150000,"Actual Loops": 1,"Heap Fetches": 0}]}]}]}]}]},"Planning Time": 4.349,"Triggers": [],"Execution Time": 6798.388}]
[{"Plan": {"Node Type": "Sort","Parallel Aware": false,"Async Capable": false,"Startup Cost": 65708.14,"Total Cost": 65708.64,"Plan Rows": 200,"Plan Width": 16,"Actual Startup Time": 6706.121,"Actual Total Time": 6706.163,"Actual Rows": 42,"Actual Loops": 1,"Sort Key": ["(count(*)) DESC", "(count(orders.o_orderkey)) DESC"],"Sort Method": "quicksort","Sort Space Used": 27,"Sort Space Type": "Memory","Plans": [{"Node Type": "Aggregate","Strategy": "Hashed","Partial Mode": "Simple","Parent Relationship": "Outer","Parallel Aware": false,"Async Capable": false,"Startup Cost": 65698.50,"Total Cost": 65700.50,"Plan Rows": 200,"Plan Width": 16,"Actual Startup Time": 6706.048,"Actual Total Time": 6706.098,"Actual Rows": 42,"Actual Loops": 1,"Group Key": ["count(orders.o_orderkey)"],"Planned Partitions": 0,"HashAgg Batches": 1,"Peak Memory Usage": 40,"Disk Usage": 0,"Plans": [{"Node Type": "Aggregate","Strategy": "Hashed","Partial Mode": "Simple","Parent Relationship": "Outer","Parallel Aware": false,"Async Capable": false,"Startup Cost": 61948.50,"Total Cost": 63448.50,"Plan Rows": 150000,"Plan Width": 12,"Actual Startup Time": 6534.914,"Actual Total Time": 6692.300,"Actual Rows": 150000,"Actual Loops": 1,"Group Key": ["customer.c_custkey"],"Planned Partitions": 0,"HashAgg Batches": 1,"Peak Memory Usage": 22545,"Disk Usage": 0,"Plans": [{"Node Type": "Hash Join","Parent Relationship": "Outer","Parallel Aware": false,"Async Capable": false,"Join Type": "Right","Startup Cost": 5781.42,"Total Cost": 54524.26,"Plan Rows": 1484848,"Plan Width": 8,"Actual Startup Time": 35.450,"Actual Total Time": 4617.784,"Actual Rows": 1533791,"Actual Loops": 1,"Inner Unique": true,"Hash Cond": "(orders.o_custkey = customer.c_custkey)","Plans": [{"Node Type": "Seq Scan","Parent Relationship": "Outer","Parallel Aware": false,"Async Capable": false,"Relation Name": "orders","Alias": "orders","Startup Cost": 0.00,"Total Cost": 44845.00,"Plan Rows": 1484848,"Plan Width": 8,"Actual Startup Time": 0.045,"Actual Total Time": 3189.289,"Actual Rows": 1483787,"Actual Loops": 1,"Filter": "((o_comment)::text !~~ '%unusual%packages%'::text)","Rows Removed by Filter": 16213},{"Node Type": "Hash","Parent Relationship": "Inner","Parallel Aware": false,"Async Capable": false,"Startup Cost": 3906.42,"Total Cost": 3906.42,"Plan Rows": 150000,"Plan Width": 4,"Actual Startup Time": 33.722,"Actual Total Time": 33.741,"Actual Rows": 150000,"Actual Loops": 1,"Hash Buckets": 262144,"Original Hash Buckets": 262144,"Hash Batches": 1,"Original Hash Batches": 1,"Peak Memory Usage": 7322,"Plans": [{"Node Type": "Index Only Scan","Parent Relationship": "Outer","Parallel Aware": false,"Async Capable": false,"Scan Direction": "Forward","Index Name": "customer_pkey","Relation Name": "customer","Alias": "customer","Startup Cost": 0.42,"Total Cost": 3906.42,"Plan Rows": 150000,"Plan Width": 4,"Actual Startup Time": 0.040,"Actual Total Time": 13.017,"Actual Rows": 150000,"Actual Loops": 1,"Heap Fetches": 0}]}]}]}]}]},"Planning Time": 3.840,"Triggers": [],"Execution Time": 6714.032}]
[{"Plan": {"Node Type": "Sort","Parallel Aware": false,"Async Capable": false,"Startup Cost": 65822.53,"Total Cost": 65823.03,"Plan Rows": 200,"Plan Width": 16,"Actual Startup Time": 6047.687,"Actual Total Time": 6047.735,"Actual Rows": 42,"Actual Loops": 1,"Sort Key": ["(count(*)) DESC", "(count(orders.o_orderkey)) DESC"],"Sort Method": "quicksort","Sort Space Used": 27,"Sort Space Type": "Memory","Plans": [{"Node Type": "Aggregate","Strategy": "Hashed","Partial Mode": "Simple","Parent Relationship": "Outer","Parallel Aware": false,"Async Capable": false,"Startup Cost": 65812.89,"Total Cost": 65814.89,"Plan Rows": 200,"Plan Width": 16,"Actual Startup Time": 6047.591,"Actual Total Time": 6047.643,"Actual Rows": 42,"Actual Loops": 1,"Group Key": ["count(orders.o_orderkey)"],"Planned Partitions": 0,"HashAgg Batches": 1,"Peak Memory Usage": 40,"Disk Usage": 0,"Plans": [{"Node Type": "Aggregate","Strategy": "Hashed","Partial Mode": "Simple","Parent Relationship": "Outer","Parallel Aware": false,"Async Capable": false,"Startup Cost": 62062.89,"Total Cost": 63562.89,"Plan Rows": 150000,"Plan Width": 12,"Actual Startup Time": 5868.600,"Actual Total Time": 6033.866,"Actual Rows": 150000,"Actual Loops": 1,"Group Key": ["customer.c_custkey"],"Planned Partitions": 0,"HashAgg Batches": 1,"Peak Memory Usage": 22545,"Disk Usage": 0,"Plans": [{"Node Type": "Hash Join","Parent Relationship": "Outer","Parallel Aware": false,"Async Capable": false,"Join Type": "Right","Startup Cost": 5781.42,"Total Cost": 54563.64,"Plan Rows": 1499850,"Plan Width": 8,"Actual Startup Time": 39.168,"Actual Total Time": 4010.851,"Actual Rows": 1533626,"Actual Loops": 1,"Inner Unique": true,"Hash Cond": "(orders.o_custkey = customer.c_custkey)","Plans": [{"Node Type": "Seq Scan","Parent Relationship": "Outer","Parallel Aware": false,"Async Capable": false,"Relation Name": "orders","Alias": "orders","Startup Cost": 0.00,"Total Cost": 44845.00,"Plan Rows": 1499850,"Plan Width": 8,"Actual Startup Time": 0.065,"Actual Total Time": 2757.508,"Actual Rows": 1483622,"Actual Loops": 1,"Filter": "((o_comment)::text !~~ '%unusual%accounts%'::text)","Rows Removed by Filter": 16378},{"Node Type": "Hash","Parent Relationship": "Inner","Parallel Aware": false,"Async Capable": false,"Startup Cost": 3906.42,"Total Cost": 3906.42,"Plan Rows": 150000,"Plan Width": 4,"Actual Startup Time": 37.343,"Actual Total Time": 37.362,"Actual Rows": 150000,"Actual Loops": 1,"Hash Buckets": 262144,"Original Hash Buckets": 262144,"Hash Batches": 1,"Original Hash Batches": 1,"Peak Memory Usage": 7322,"Plans": [{"Node Type": "Index Only Scan","Parent Relationship": "Outer","Parallel Aware": false,"Async Capable": false,"Scan Direction": "Forward","Index Name": "customer_pkey","Relation Name": "customer","Alias": "customer","Startup Cost": 0.42,"Total Cost": 3906.42,"Plan Rows": 150000,"Plan Width": 4,"Actual Startup Time": 0.036,"Actual Total Time": 14.472,"Actual Rows": 150000,"Actual Loops": 1,"Heap Fetches": 0}]}]}]}]}]},"Planning Time": 4.331,"Triggers": [],"Execution Time": 6056.690}]
[{"Plan": {"Node Type": "Sort","Parallel Aware": false,"Async Capable": false,"Startup Cost": 65822.53,"Total Cost": 65823.03,"Plan Rows": 200,"Plan Width": 16,"Actual Startup Time": 6650.964,"Actual Total Time": 6651.000,"Actual Rows": 42,"Actual Loops": 1,"Sort Key": ["(count(*)) DESC", "(count(orders.o_orderkey)) DESC"],"Sort Method": "quicksort","Sort Space Used": 27,"Sort Space Type": "Memory","Plans": [{"Node Type": "Aggregate","Strategy": "Hashed","Partial Mode": "Simple","Parent Relationship": "Outer","Parallel Aware": false,"Async Capable": false,"Startup Cost": 65812.89,"Total Cost": 65814.89,"Plan Rows": 200,"Plan Width": 16,"Actual Startup Time": 6650.893,"Actual Total Time": 6650.940,"Actual Rows": 42,"Actual Loops": 1,"Group Key": ["count(orders.o_orderkey)"],"Planned Partitions": 0,"HashAgg Batches": 1,"Peak Memory Usage": 40,"Disk Usage": 0,"Plans": [{"Node Type": "Aggregate","Strategy": "Hashed","Partial Mode": "Simple","Parent Relationship": "Outer","Parallel Aware": false,"Async Capable": false,"Startup Cost": 62062.89,"Total Cost": 63562.89,"Plan Rows": 150000,"Plan Width": 12,"Actual Startup Time": 6477.408,"Actual Total Time": 6637.150,"Actual Rows": 150000,"Actual Loops": 1,"Group Key": ["customer.c_custkey"],"Planned Partitions": 0,"HashAgg Batches": 1,"Peak Memory Usage": 22545,"Disk Usage": 0,"Plans": [{"Node Type": "Hash Join","Parent Relationship": "Outer","Parallel Aware": false,"Async Capable": false,"Join Type": "Right","Startup Cost": 5781.42,"Total Cost": 54563.64,"Plan Rows": 1499850,"Plan Width": 8,"Actual Startup Time": 36.551,"Actual Total Time": 4552.506,"Actual Rows": 1533843,"Actual Loops": 1,"Inner Unique": true,"Hash Cond": "(orders.o_custkey = customer.c_custkey)","Plans": [{"Node Type": "Seq Scan","Parent Relationship": "Outer","Parallel Aware": false,"Async Capable": false,"Relation Name": "orders","Alias": "orders","Startup Cost": 0.00,"Total Cost": 44845.00,"Plan Rows": 1499850,"Plan Width": 8,"Actual Startup Time": 0.044,"Actual Total Time": 3147.620,"Actual Rows": 1483839,"Actual Loops": 1,"Filter": "((o_comment)::text !~~ '%pending%deposits%'::text)","Rows Removed by Filter": 16161},{"Node Type": "Hash","Parent Relationship": "Inner","Parallel Aware": false,"Async Capable": false,"Startup Cost": 3906.42,"Total Cost": 3906.42,"Plan Rows": 150000,"Plan Width": 4,"Actual Startup Time": 34.769,"Actual Total Time": 34.783,"Actual Rows": 150000,"Actual Loops": 1,"Hash Buckets": 262144,"Original Hash Buckets": 262144,"Hash Batches": 1,"Original Hash Batches": 1,"Peak Memory Usage": 7322,"Plans": [{"Node Type": "Index Only Scan","Parent Relationship": "Outer","Parallel Aware": false,"Async Capable": false,"Scan Direction": "Forward","Index Name": "customer_pkey","Relation Name": "customer","Alias": "customer","Startup Cost": 0.42,"Total Cost": 3906.42,"Plan Rows": 150000,"Plan Width": 4,"Actual Startup Time": 0.065,"Actual Total Time": 13.424,"Actual Rows": 150000,"Actual Loops": 1,"Heap Fetches": 0}]}]}]}]}]},"Planning Time": 3.594,"Triggers": [],"Execution Time": 6658.782}]
[{"Plan": {"Node Type": "Sort","Parallel Aware": false,"Async Capable": false,"Startup Cost": 65708.14,"Total Cost": 65708.64,"Plan Rows": 200,"Plan Width": 16,"Actual Startup Time": 6009.895,"Actual Total Time": 6009.932,"Actual Rows": 42,"Actual Loops": 1,"Sort Key": ["(count(*)) DESC", "(count(orders.o_orderkey)) DESC"],"Sort Method": "quicksort","Sort Space Used": 27,"Sort Space Type": "Memory","Plans": [{"Node Type": "Aggregate","Strategy": "Hashed","Partial Mode": "Simple","Parent Relationship": "Outer","Parallel Aware": false,"Async Capable": false,"Startup Cost": 65698.50,"Total Cost": 65700.50,"Plan Rows": 200,"Plan Width": 16,"Actual Startup Time": 6009.807,"Actual Total Time": 6009.848,"Actual Rows": 42,"Actual Loops": 1,"Group Key": ["count(orders.o_orderkey)"],"Planned Partitions": 0,"HashAgg Batches": 1,"Peak Memory Usage": 40,"Disk Usage": 0,"Plans": [{"Node Type": "Aggregate","Strategy": "Hashed","Partial Mode": "Simple","Parent Relationship": "Outer","Parallel Aware": false,"Async Capable": false,"Startup Cost": 61948.50,"Total Cost": 63448.50,"Plan Rows": 150000,"Plan Width": 12,"Actual Startup Time": 5831.373,"Actual Total Time": 5996.054,"Actual Rows": 150000,"Actual Loops": 1,"Group Key": ["customer.c_custkey"],"Planned Partitions": 0,"HashAgg Batches": 1,"Peak Memory Usage": 22545,"Disk Usage": 0,"Plans": [{"Node Type": "Hash Join","Parent Relationship": "Outer","Parallel Aware": false,"Async Capable": false,"Join Type": "Right","Startup Cost": 5781.42,"Total Cost": 54524.26,"Plan Rows": 1484848,"Plan Width": 8,"Actual Startup Time": 39.338,"Actual Total Time": 3994.258,"Actual Rows": 1533903,"Actual Loops": 1,"Inner Unique": true,"Hash Cond": "(orders.o_custkey = customer.c_custkey)","Plans": [{"Node Type": "Seq Scan","Parent Relationship": "Outer","Parallel Aware": false,"Async Capable": false,"Relation Name": "orders","Alias": "orders","Startup Cost": 0.00,"Total Cost": 44845.00,"Plan Rows": 1484848,"Plan Width": 8,"Actual Startup Time": 0.067,"Actual Total Time": 2735.690,"Actual Rows": 1483898,"Actual Loops": 1,"Filter": "((o_comment)::text !~~ '%pending%packages%'::text)","Rows Removed by Filter": 16102},{"Node Type": "Hash","Parent Relationship": "Inner","Parallel Aware": false,"Async Capable": false,"Startup Cost": 3906.42,"Total Cost": 3906.42,"Plan Rows": 150000,"Plan Width": 4,"Actual Startup Time": 37.449,"Actual Total Time": 37.461,"Actual Rows": 150000,"Actual Loops": 1,"Hash Buckets": 262144,"Original Hash Buckets": 262144,"Hash Batches": 1,"Original Hash Batches": 1,"Peak Memory Usage": 7322,"Plans": [{"Node Type": "Index Only Scan","Parent Relationship": "Outer","Parallel Aware": false,"Async Capable": false,"Scan Direction": "Forward","Index Name": "customer_pkey","Relation Name": "customer","Alias": "customer","Startup Cost": 0.42,"Total Cost": 3906.42,"Plan Rows": 150000,"Plan Width": 4,"Actual Startup Time": 0.047,"Actual Total Time": 14.301,"Actual Rows": 150000,"Actual Loops": 1,"Heap Fetches": 0}]}]}]}]}]},"Planning Time": 4.405,"Triggers": [],"Execution Time": 6018.249}]
[{"Plan": {"Node Type": "Sort","Parallel Aware": false,"Async Capable": false,"Startup Cost": 65592.61,"Total Cost": 65593.11,"Plan Rows": 200,"Plan Width": 16,"Actual Startup Time": 6059.416,"Actual Total Time": 6059.459,"Actual Rows": 42,"Actual Loops": 1,"Sort Key": ["(count(*)) DESC", "(count(orders.o_orderkey)) DESC"],"Sort Method": "quicksort","Sort Space Used": 27,"Sort Space Type": "Memory","Plans": [{"Node Type": "Aggregate","Strategy": "Hashed","Partial Mode": "Simple","Parent Relationship": "Outer","Parallel Aware": false,"Async Capable": false,"Startup Cost": 65582.97,"Total Cost": 65584.97,"Plan Rows": 200,"Plan Width": 16,"Actual Startup Time": 6059.318,"Actual Total Time": 6059.369,"Actual Rows": 42,"Actual Loops": 1,"Group Key": ["count(orders.o_orderkey)"],"Planned Partitions": 0,"HashAgg Batches": 1,"Peak Memory Usage": 40,"Disk Usage": 0,"Plans": [{"Node Type": "Aggregate","Strategy": "Hashed","Partial Mode": "Simple","Parent Relationship": "Outer","Parallel Aware": false,"Async Capable": false,"Startup Cost": 61832.97,"Total Cost": 63332.97,"Plan Rows": 150000,"Plan Width": 12,"Actual Startup Time": 5864.158,"Actual Total Time": 6045.542,"Actual Rows": 150000,"Actual Loops": 1,"Group Key": ["customer.c_custkey"],"Planned Partitions": 0,"HashAgg Batches": 1,"Peak Memory Usage": 22545,"Disk Usage": 0,"Plans": [{"Node Type": "Hash Join","Parent Relationship": "Outer","Parallel Aware": false,"Async Capable": false,"Join Type": "Right","Startup Cost": 5781.42,"Total Cost": 54484.49,"Plan Rows": 1469697,"Plan Width": 8,"Actual Startup Time": 38.198,"Actual Total Time": 4061.016,"Actual Rows": 1533817,"Actual Loops": 1,"Inner Unique": true,"Hash Cond": "(orders.o_custkey = customer.c_custkey)","Plans": [{"Node Type": "Seq Scan","Parent Relationship": "Outer","Parallel Aware": false,"Async Capable": false,"Relation Name": "orders","Alias": "orders","Startup Cost": 0.00,"Total Cost": 44845.00,"Plan Rows": 1469697,"Plan Width": 8,"Actual Startup Time": 0.037,"Actual Total Time": 2812.366,"Actual Rows": 1483813,"Actual Loops": 1,"Filter": "((o_comment)::text !~~ '%unusual%requests%'::text)","Rows Removed by Filter": 16187},{"Node Type": "Hash","Parent Relationship": "Inner","Parallel Aware": false,"Async Capable": false,"Startup Cost": 3906.42,"Total Cost": 3906.42,"Plan Rows": 150000,"Plan Width": 4,"Actual Startup Time": 36.318,"Actual Total Time": 36.334,"Actual Rows": 150000,"Actual Loops": 1,"Hash Buckets": 262144,"Original Hash Buckets": 262144,"Hash Batches": 1,"Original Hash Batches": 1,"Peak Memory Usage": 7322,"Plans": [{"Node Type": "Index Only Scan","Parent Relationship": "Outer","Parallel Aware": false,"Async Capable": false,"Scan Direction": "Forward","Index Name": "customer_pkey","Relation Name": "customer","Alias": "customer","Startup Cost": 0.42,"Total Cost": 3906.42,"Plan Rows": 150000,"Plan Width": 4,"Actual Startup Time": 0.044,"Actual Total Time": 14.416,"Actual Rows": 150000,"Actual Loops": 1,"Heap Fetches": 0}]}]}]}]}]},"Planning Time": 3.526,"Triggers": [],"Execution Time": 6069.080}]
[{"Plan": {"Node Type": "Sort","Parallel Aware": false,"Async Capable": false,"Startup Cost": 65708.14,"Total Cost": 65708.64,"Plan Rows": 200,"Plan Width": 16,"Actual Startup Time": 6096.152,"Actual Total Time": 6096.183,"Actual Rows": 42,"Actual Loops": 1,"Sort Key": ["(count(*)) DESC", "(count(orders.o_orderkey)) DESC"],"Sort Method": "quicksort","Sort Space Used": 27,"Sort Space Type": "Memory","Plans": [{"Node Type": "Aggregate","Strategy": "Hashed","Partial Mode": "Simple","Parent Relationship": "Outer","Parallel Aware": false,"Async Capable": false,"Startup Cost": 65698.50,"Total Cost": 65700.50,"Plan Rows": 200,"Plan Width": 16,"Actual Startup Time": 6096.055,"Actual Total Time": 6096.099,"Actual Rows": 42,"Actual Loops": 1,"Group Key": ["count(orders.o_orderkey)"],"Planned Partitions": 0,"HashAgg Batches": 1,"Peak Memory Usage": 40,"Disk Usage": 0,"Plans": [{"Node Type": "Aggregate","Strategy": "Hashed","Partial Mode": "Simple","Parent Relationship": "Outer","Parallel Aware": false,"Async Capable": false,"Startup Cost": 61948.50,"Total Cost": 63448.50,"Plan Rows": 150000,"Plan Width": 12,"Actual Startup Time": 5916.888,"Actual Total Time": 6082.285,"Actual Rows": 150000,"Actual Loops": 1,"Group Key": ["customer.c_custkey"],"Planned Partitions": 0,"HashAgg Batches": 1,"Peak Memory Usage": 22545,"Disk Usage": 0,"Plans": [{"Node Type": "Hash Join","Parent Relationship": "Outer","Parallel Aware": false,"Async Capable": false,"Join Type": "Right","Startup Cost": 5781.42,"Total Cost": 54524.26,"Plan Rows": 1484848,"Plan Width": 8,"Actual Startup Time": 39.799,"Actual Total Time": 4085.231,"Actual Rows": 1533660,"Actual Loops": 1,"Inner Unique": true,"Hash Cond": "(orders.o_custkey = customer.c_custkey)","Plans": [{"Node Type": "Seq Scan","Parent Relationship": "Outer","Parallel Aware": false,"Async Capable": false,"Relation Name": "orders","Alias": "orders","Startup Cost": 0.00,"Total Cost": 44845.00,"Plan Rows": 1484848,"Plan Width": 8,"Actual Startup Time": 0.053,"Actual Total Time": 2810.059,"Actual Rows": 1483656,"Actual Loops": 1,"Filter": "((o_comment)::text !~~ '%pending%requests%'::text)","Rows Removed by Filter": 16344},{"Node Type": "Hash","Parent Relationship": "Inner","Parallel Aware": false,"Async Capable": false,"Startup Cost": 3906.42,"Total Cost": 3906.42,"Plan Rows": 150000,"Plan Width": 4,"Actual Startup Time": 37.918,"Actual Total Time": 37.930,"Actual Rows": 150000,"Actual Loops": 1,"Hash Buckets": 262144,"Original Hash Buckets": 262144,"Hash Batches": 1,"Original Hash Batches": 1,"Peak Memory Usage": 7322,"Plans": [{"Node Type": "Index Only Scan","Parent Relationship": "Outer","Parallel Aware": false,"Async Capable": false,"Scan Direction": "Forward","Index Name": "customer_pkey","Relation Name": "customer","Alias": "customer","Startup Cost": 0.42,"Total Cost": 3906.42,"Plan Rows": 150000,"Plan Width": 4,"Actual Startup Time": 0.035,"Actual Total Time": 14.493,"Actual Rows": 150000,"Actual Loops": 1,"Heap Fetches": 0}]}]}]}]}]},"Planning Time": 4.221,"Triggers": [],"Execution Time": 6104.310}]
[{"Plan": {"Node Type": "Sort","Parallel Aware": false,"Async Capable": false,"Startup Cost": 65708.14,"Total Cost": 65708.64,"Plan Rows": 200,"Plan Width": 16,"Actual Startup Time": 6009.895,"Actual Total Time": 6009.932,"Actual Rows": 42,"Actual Loops": 1,"Sort Key": ["(count(*)) DESC", "(count(orders.o_orderkey)) DESC"],"Sort Method": "quicksort","Sort Space Used": 27,"Sort Space Type": "Memory","Plans": [{"Node Type": "Aggregate","Strategy": "Hashed","Partial Mode": "Simple","Parent Relationship": "Outer","Parallel Aware": false,"Async Capable": false,"Startup Cost": 65698.50,"Total Cost": 65700.50,"Plan Rows": 200,"Plan Width": 16,"Actual Startup Time": 6009.807,"Actual Total Time": 6009.848,"Actual Rows": 42,"Actual Loops": 1,"Group Key": ["count(orders.o_orderkey)"],"Planned Partitions": 0,"HashAgg Batches": 1,"Peak Memory Usage": 40,"Disk Usage": 0,"Plans": [{"Node Type": "Aggregate","Strategy": "Hashed","Partial Mode": "Simple","Parent Relationship": "Outer","Parallel Aware": false,"Async Capable": false,"Startup Cost": 61948.50,"Total Cost": 63448.50,"Plan Rows": 150000,"Plan Width": 12,"Actual Startup Time": 5831.373,"Actual Total Time": 5996.054,"Actual Rows": 150000,"Actual Loops": 1,"Group Key": ["customer.c_custkey"],"Planned Partitions": 0,"HashAgg Batches": 1,"Peak Memory Usage": 22545,"Disk Usage": 0,"Plans": [{"Node Type": "Hash Join","Parent Relationship": "Outer","Parallel Aware": false,"Async Capable": false,"Join Type": "Right","Startup Cost": 5781.42,"Total Cost": 54524.26,"Plan Rows": 1484848,"Plan Width": 8,"Actual Startup Time": 39.338,"Actual Total Time": 3994.258,"Actual Rows": 1533903,"Actual Loops": 1,"Inner Unique": true,"Hash Cond": "(orders.o_custkey = customer.c_custkey)","Plans": [{"Node Type": "Seq Scan","Parent Relationship": "Outer","Parallel Aware": false,"Async Capable": false,"Relation Name": "orders","Alias": "orders","Startup Cost": 0.00,"Total Cost": 44845.00,"Plan Rows": 1484848,"Plan Width": 8,"Actual Startup Time": 0.067,"Actual Total Time": 2735.690,"Actual Rows": 1483898,"Actual Loops": 1,"Filter": "((o_comment)::text !~~ '%pending%packages%'::text)","Rows Removed by Filter": 16102},{"Node Type": "Hash","Parent Relationship": "Inner","Parallel Aware": false,"Async Capable": false,"Startup Cost": 3906.42,"Total Cost": 3906.42,"Plan Rows": 150000,"Plan Width": 4,"Actual Startup Time": 37.449,"Actual Total Time": 37.461,"Actual Rows": 150000,"Actual Loops": 1,"Hash Buckets": 262144,"Original Hash Buckets": 262144,"Hash Batches": 1,"Original Hash Batches": 1,"Peak Memory Usage": 7322,"Plans": [{"Node Type": "Index Only Scan","Parent Relationship": "Outer","Parallel Aware": false,"Async Capable": false,"Scan Direction": "Forward","Index Name": "customer_pkey","Relation Name": "customer","Alias": "customer","Startup Cost": 0.42,"Total Cost": 3906.42,"Plan Rows": 150000,"Plan Width": 4,"Actual Startup Time": 0.047,"Actual Total Time": 14.301,"Actual Rows": 150000,"Actual Loops": 1,"Heap Fetches": 0}]}]}]}]}]},"Planning Time": 4.405,"Triggers": [],"Execution Time": 6018.249}]
[{"Plan": {"Node Type": "Sort","Parallel Aware": false,"Async Capable": false,"Startup Cost": 65708.14,"Total Cost": 65708.64,"Plan Rows": 200,"Plan Width": 16,"Actual Startup Time": 6659.087,"Actual Total Time": 6659.155,"Actual Rows": 41,"Actual Loops": 1,"Sort Key": ["(count(*)) DESC", "(count(orders.o_orderkey)) DESC"],"Sort Method": "quicksort","Sort Space Used": 27,"Sort Space Type": "Memory","Plans": [{"Node Type": "Aggregate","Strategy": "Hashed","Partial Mode": "Simple","Parent Relationship": "Outer","Parallel Aware": false,"Async Capable": false,"Startup Cost": 65698.50,"Total Cost": 65700.50,"Plan Rows": 200,"Plan Width": 16,"Actual Startup Time": 6658.981,"Actual Total Time": 6659.057,"Actual Rows": 41,"Actual Loops": 1,"Group Key": ["count(orders.o_orderkey)"],"Planned Partitions": 0,"HashAgg Batches": 1,"Peak Memory Usage": 40,"Disk Usage": 0,"Plans": [{"Node Type": "Aggregate","Strategy": "Hashed","Partial Mode": "Simple","Parent Relationship": "Outer","Parallel Aware": false,"Async Capable": false,"Startup Cost": 61948.50,"Total Cost": 63448.50,"Plan Rows": 150000,"Plan Width": 12,"Actual Startup Time": 6480.209,"Actual Total Time": 6645.185,"Actual Rows": 150000,"Actual Loops": 1,"Group Key": ["customer.c_custkey"],"Planned Partitions": 0,"HashAgg Batches": 1,"Peak Memory Usage": 22545,"Disk Usage": 0,"Plans": [{"Node Type": "Hash Join","Parent Relationship": "Outer","Parallel Aware": false,"Async Capable": false,"Join Type": "Right","Startup Cost": 5781.42,"Total Cost": 54524.26,"Plan Rows": 1484848,"Plan Width": 8,"Actual Startup Time": 37.274,"Actual Total Time": 4547.015,"Actual Rows": 1533872,"Actual Loops": 1,"Inner Unique": true,"Hash Cond": "(orders.o_custkey = customer.c_custkey)","Plans": [{"Node Type": "Seq Scan","Parent Relationship": "Outer","Parallel Aware": false,"Async Capable": false,"Relation Name": "orders","Alias": "orders","Startup Cost": 0.00,"Total Cost": 44845.00,"Plan Rows": 1484848,"Plan Width": 8,"Actual Startup Time": 0.043,"Actual Total Time": 3085.028,"Actual Rows": 1483868,"Actual Loops": 1,"Filter": "((o_comment)::text !~~ '%unusual%deposits%'::text)","Rows Removed by Filter": 16132},{"Node Type": "Hash","Parent Relationship": "Inner","Parallel Aware": false,"Async Capable": false,"Startup Cost": 3906.42,"Total Cost": 3906.42,"Plan Rows": 150000,"Plan Width": 4,"Actual Startup Time": 35.508,"Actual Total Time": 35.530,"Actual Rows": 150000,"Actual Loops": 1,"Hash Buckets": 262144,"Original Hash Buckets": 262144,"Hash Batches": 1,"Original Hash Batches": 1,"Peak Memory Usage": 7322,"Plans": [{"Node Type": "Index Only Scan","Parent Relationship": "Outer","Parallel Aware": false,"Async Capable": false,"Scan Direction": "Forward","Index Name": "customer_pkey","Relation Name": "customer","Alias": "customer","Startup Cost": 0.42,"Total Cost": 3906.42,"Plan Rows": 150000,"Plan Width": 4,"Actual Startup Time": 0.053,"Actual Total Time": 13.448,"Actual Rows": 150000,"Actual Loops": 1,"Heap Fetches": 0}]}]}]}]}]},"Planning Time": 3.854,"Triggers": [],"Execution Time": 6671.834}]
[{"Plan": {"Node Type": "Sort","Parallel Aware": false,"Async Capable": false,"Startup Cost": 65708.14,"Total Cost": 65708.64,"Plan Rows": 200,"Plan Width": 16,"Actual Startup Time": 6659.087,"Actual Total Time": 6659.155,"Actual Rows": 41,"Actual Loops": 1,"Sort Key": ["(count(*)) DESC", "(count(orders.o_orderkey)) DESC"],"Sort Method": "quicksort","Sort Space Used": 27,"Sort Space Type": "Memory","Plans": [{"Node Type": "Aggregate","Strategy": "Hashed","Partial Mode": "Simple","Parent Relationship": "Outer","Parallel Aware": false,"Async Capable": false,"Startup Cost": 65698.50,"Total Cost": 65700.50,"Plan Rows": 200,"Plan Width": 16,"Actual Startup Time": 6658.981,"Actual Total Time": 6659.057,"Actual Rows": 41,"Actual Loops": 1,"Group Key": ["count(orders.o_orderkey)"],"Planned Partitions": 0,"HashAgg Batches": 1,"Peak Memory Usage": 40,"Disk Usage": 0,"Plans": [{"Node Type": "Aggregate","Strategy": "Hashed","Partial Mode": "Simple","Parent Relationship": "Outer","Parallel Aware": false,"Async Capable": false,"Startup Cost": 61948.50,"Total Cost": 63448.50,"Plan Rows": 150000,"Plan Width": 12,"Actual Startup Time": 6480.209,"Actual Total Time": 6645.185,"Actual Rows": 150000,"Actual Loops": 1,"Group Key": ["customer.c_custkey"],"Planned Partitions": 0,"HashAgg Batches": 1,"Peak Memory Usage": 22545,"Disk Usage": 0,"Plans": [{"Node Type": "Hash Join","Parent Relationship": "Outer","Parallel Aware": false,"Async Capable": false,"Join Type": "Right","Startup Cost": 5781.42,"Total Cost": 54524.26,"Plan Rows": 1484848,"Plan Width": 8,"Actual Startup Time": 37.274,"Actual Total Time": 4547.015,"Actual Rows": 1533872,"Actual Loops": 1,"Inner Unique": true,"Hash Cond": "(orders.o_custkey = customer.c_custkey)","Plans": [{"Node Type": "Seq Scan","Parent Relationship": "Outer","Parallel Aware": false,"Async Capable": false,"Relation Name": "orders","Alias": "orders","Startup Cost": 0.00,"Total Cost": 44845.00,"Plan Rows": 1484848,"Plan Width": 8,"Actual Startup Time": 0.043,"Actual Total Time": 3085.028,"Actual Rows": 1483868,"Actual Loops": 1,"Filter": "((o_comment)::text !~~ '%unusual%deposits%'::text)","Rows Removed by Filter": 16132},{"Node Type": "Hash","Parent Relationship": "Inner","Parallel Aware": false,"Async Capable": false,"Startup Cost": 3906.42,"Total Cost": 3906.42,"Plan Rows": 150000,"Plan Width": 4,"Actual Startup Time": 35.508,"Actual Total Time": 35.530,"Actual Rows": 150000,"Actual Loops": 1,"Hash Buckets": 262144,"Original Hash Buckets": 262144,"Hash Batches": 1,"Original Hash Batches": 1,"Peak Memory Usage": 7322,"Plans": [{"Node Type": "Index Only Scan","Parent Relationship": "Outer","Parallel Aware": false,"Async Capable": false,"Scan Direction": "Forward","Index Name": "customer_pkey","Relation Name": "customer","Alias": "customer","Startup Cost": 0.42,"Total Cost": 3906.42,"Plan Rows": 150000,"Plan Width": 4,"Actual Startup Time": 0.053,"Actual Total Time": 13.448,"Actual Rows": 150000,"Actual Loops": 1,"Heap Fetches": 0}]}]}]}]}]},"Planning Time": 3.854,"Triggers": [],"Execution Time": 6671.834}]
[{"Plan": {"Node Type": "Sort","Parallel Aware": false,"Async Capable": false,"Startup Cost": 65822.53,"Total Cost": 65823.03,"Plan Rows": 200,"Plan Width": 16,"Actual Startup Time": 6047.687,"Actual Total Time": 6047.735,"Actual Rows": 42,"Actual Loops": 1,"Sort Key": ["(count(*)) DESC", "(count(orders.o_orderkey)) DESC"],"Sort Method": "quicksort","Sort Space Used": 27,"Sort Space Type": "Memory","Plans": [{"Node Type": "Aggregate","Strategy": "Hashed","Partial Mode": "Simple","Parent Relationship": "Outer","Parallel Aware": false,"Async Capable": false,"Startup Cost": 65812.89,"Total Cost": 65814.89,"Plan Rows": 200,"Plan Width": 16,"Actual Startup Time": 6047.591,"Actual Total Time": 6047.643,"Actual Rows": 42,"Actual Loops": 1,"Group Key": ["count(orders.o_orderkey)"],"Planned Partitions": 0,"HashAgg Batches": 1,"Peak Memory Usage": 40,"Disk Usage": 0,"Plans": [{"Node Type": "Aggregate","Strategy": "Hashed","Partial Mode": "Simple","Parent Relationship": "Outer","Parallel Aware": false,"Async Capable": false,"Startup Cost": 62062.89,"Total Cost": 63562.89,"Plan Rows": 150000,"Plan Width": 12,"Actual Startup Time": 5868.600,"Actual Total Time": 6033.866,"Actual Rows": 150000,"Actual Loops": 1,"Group Key": ["customer.c_custkey"],"Planned Partitions": 0,"HashAgg Batches": 1,"Peak Memory Usage": 22545,"Disk Usage": 0,"Plans": [{"Node Type": "Hash Join","Parent Relationship": "Outer","Parallel Aware": false,"Async Capable": false,"Join Type": "Right","Startup Cost": 5781.42,"Total Cost": 54563.64,"Plan Rows": 1499850,"Plan Width": 8,"Actual Startup Time": 39.168,"Actual Total Time": 4010.851,"Actual Rows": 1533626,"Actual Loops": 1,"Inner Unique": true,"Hash Cond": "(orders.o_custkey = customer.c_custkey)","Plans": [{"Node Type": "Seq Scan","Parent Relationship": "Outer","Parallel Aware": false,"Async Capable": false,"Relation Name": "orders","Alias": "orders","Startup Cost": 0.00,"Total Cost": 44845.00,"Plan Rows": 1499850,"Plan Width": 8,"Actual Startup Time": 0.065,"Actual Total Time": 2757.508,"Actual Rows": 1483622,"Actual Loops": 1,"Filter": "((o_comment)::text !~~ '%unusual%accounts%'::text)","Rows Removed by Filter": 16378},{"Node Type": "Hash","Parent Relationship": "Inner","Parallel Aware": false,"Async Capable": false,"Startup Cost": 3906.42,"Total Cost": 3906.42,"Plan Rows": 150000,"Plan Width": 4,"Actual Startup Time": 37.343,"Actual Total Time": 37.362,"Actual Rows": 150000,"Actual Loops": 1,"Hash Buckets": 262144,"Original Hash Buckets": 262144,"Hash Batches": 1,"Original Hash Batches": 1,"Peak Memory Usage": 7322,"Plans": [{"Node Type": "Index Only Scan","Parent Relationship": "Outer","Parallel Aware": false,"Async Capable": false,"Scan Direction": "Forward","Index Name": "customer_pkey","Relation Name": "customer","Alias": "customer","Startup Cost": 0.42,"Total Cost": 3906.42,"Plan Rows": 150000,"Plan Width": 4,"Actual Startup Time": 0.036,"Actual Total Time": 14.472,"Actual Rows": 150000,"Actual Loops": 1,"Heap Fetches": 0}]}]}]}]}]},"Planning Time": 4.331,"Triggers": [],"Execution Time": 6056.690}]
[{"Plan": {"Node Type": "Sort","Parallel Aware": false,"Async Capable": false,"Startup Cost": 65822.53,"Total Cost": 65823.03,"Plan Rows": 200,"Plan Width": 16,"Actual Startup Time": 5956.637,"Actual Total Time": 5956.675,"Actual Rows": 42,"Actual Loops": 1,"Sort Key": ["(count(*)) DESC", "(count(orders.o_orderkey)) DESC"],"Sort Method": "quicksort","Sort Space Used": 27,"Sort Space Type": "Memory","Plans": [{"Node Type": "Aggregate","Strategy": "Hashed","Partial Mode": "Simple","Parent Relationship": "Outer","Parallel Aware": false,"Async Capable": false,"Startup Cost": 65812.89,"Total Cost": 65814.89,"Plan Rows": 200,"Plan Width": 16,"Actual Startup Time": 5956.548,"Actual Total Time": 5956.590,"Actual Rows": 42,"Actual Loops": 1,"Group Key": ["count(orders.o_orderkey)"],"Planned Partitions": 0,"HashAgg Batches": 1,"Peak Memory Usage": 40,"Disk Usage": 0,"Plans": [{"Node Type": "Aggregate","Strategy": "Hashed","Partial Mode": "Simple","Parent Relationship": "Outer","Parallel Aware": false,"Async Capable": false,"Startup Cost": 62062.89,"Total Cost": 63562.89,"Plan Rows": 150000,"Plan Width": 12,"Actual Startup Time": 5763.184,"Actual Total Time": 5942.838,"Actual Rows": 150000,"Actual Loops": 1,"Group Key": ["customer.c_custkey"],"Planned Partitions": 0,"HashAgg Batches": 1,"Peak Memory Usage": 22545,"Disk Usage": 0,"Plans": [{"Node Type": "Hash Join","Parent Relationship": "Outer","Parallel Aware": false,"Async Capable": false,"Join Type": "Right","Startup Cost": 5781.42,"Total Cost": 54563.64,"Plan Rows": 1499850,"Plan Width": 8,"Actual Startup Time": 38.566,"Actual Total Time": 3955.732,"Actual Rows": 1533620,"Actual Loops": 1,"Inner Unique": true,"Hash Cond": "(orders.o_custkey = customer.c_custkey)","Plans": [{"Node Type": "Seq Scan","Parent Relationship": "Outer","Parallel Aware": false,"Async Capable": false,"Relation Name": "orders","Alias": "orders","Startup Cost": 0.00,"Total Cost": 44845.00,"Plan Rows": 1499850,"Plan Width": 8,"Actual Startup Time": 0.052,"Actual Total Time": 2713.562,"Actual Rows": 1483615,"Actual Loops": 1,"Filter": "((o_comment)::text !~~ '%pending%accounts%'::text)","Rows Removed by Filter": 16385},{"Node Type": "Hash","Parent Relationship": "Inner","Parallel Aware": false,"Async Capable": false,"Startup Cost": 3906.42,"Total Cost": 3906.42,"Plan Rows": 150000,"Plan Width": 4,"Actual Startup Time": 36.530,"Actual Total Time": 36.543,"Actual Rows": 150000,"Actual Loops": 1,"Hash Buckets": 262144,"Original Hash Buckets": 262144,"Hash Batches": 1,"Original Hash Batches": 1,"Peak Memory Usage": 7322,"Plans": [{"Node Type": "Index Only Scan","Parent Relationship": "Outer","Parallel Aware": false,"Async Capable": false,"Scan Direction": "Forward","Index Name": "customer_pkey","Relation Name": "customer","Alias": "customer","Startup Cost": 0.42,"Total Cost": 3906.42,"Plan Rows": 150000,"Plan Width": 4,"Actual Startup Time": 0.036,"Actual Total Time": 14.278,"Actual Rows": 150000,"Actual Loops": 1,"Heap Fetches": 0}]}]}]}]}]},"Planning Time": 3.568,"Triggers": [],"Execution Time": 5966.474}]
[{"Plan": {"Node Type": "Sort","Parallel Aware": false,"Async Capable": false,"Startup Cost": 65708.14,"Total Cost": 65708.64,"Plan Rows": 200,"Plan Width": 16,"Actual Startup Time": 6706.121,"Actual Total Time": 6706.163,"Actual Rows": 42,"Actual Loops": 1,"Sort Key": ["(count(*)) DESC", "(count(orders.o_orderkey)) DESC"],"Sort Method": "quicksort","Sort Space Used": 27,"Sort Space Type": "Memory","Plans": [{"Node Type": "Aggregate","Strategy": "Hashed","Partial Mode": "Simple","Parent Relationship": "Outer","Parallel Aware": false,"Async Capable": false,"Startup Cost": 65698.50,"Total Cost": 65700.50,"Plan Rows": 200,"Plan Width": 16,"Actual Startup Time": 6706.048,"Actual Total Time": 6706.098,"Actual Rows": 42,"Actual Loops": 1,"Group Key": ["count(orders.o_orderkey)"],"Planned Partitions": 0,"HashAgg Batches": 1,"Peak Memory Usage": 40,"Disk Usage": 0,"Plans": [{"Node Type": "Aggregate","Strategy": "Hashed","Partial Mode": "Simple","Parent Relationship": "Outer","Parallel Aware": false,"Async Capable": false,"Startup Cost": 61948.50,"Total Cost": 63448.50,"Plan Rows": 150000,"Plan Width": 12,"Actual Startup Time": 6534.914,"Actual Total Time": 6692.300,"Actual Rows": 150000,"Actual Loops": 1,"Group Key": ["customer.c_custkey"],"Planned Partitions": 0,"HashAgg Batches": 1,"Peak Memory Usage": 22545,"Disk Usage": 0,"Plans": [{"Node Type": "Hash Join","Parent Relationship": "Outer","Parallel Aware": false,"Async Capable": false,"Join Type": "Right","Startup Cost": 5781.42,"Total Cost": 54524.26,"Plan Rows": 1484848,"Plan Width": 8,"Actual Startup Time": 35.450,"Actual Total Time": 4617.784,"Actual Rows": 1533791,"Actual Loops": 1,"Inner Unique": true,"Hash Cond": "(orders.o_custkey = customer.c_custkey)","Plans": [{"Node Type": "Seq Scan","Parent Relationship": "Outer","Parallel Aware": false,"Async Capable": false,"Relation Name": "orders","Alias": "orders","Startup Cost": 0.00,"Total Cost": 44845.00,"Plan Rows": 1484848,"Plan Width": 8,"Actual Startup Time": 0.045,"Actual Total Time": 3189.289,"Actual Rows": 1483787,"Actual Loops": 1,"Filter": "((o_comment)::text !~~ '%unusual%packages%'::text)","Rows Removed by Filter": 16213},{"Node Type": "Hash","Parent Relationship": "Inner","Parallel Aware": false,"Async Capable": false,"Startup Cost": 3906.42,"Total Cost": 3906.42,"Plan Rows": 150000,"Plan Width": 4,"Actual Startup Time": 33.722,"Actual Total Time": 33.741,"Actual Rows": 150000,"Actual Loops": 1,"Hash Buckets": 262144,"Original Hash Buckets": 262144,"Hash Batches": 1,"Original Hash Batches": 1,"Peak Memory Usage": 7322,"Plans": [{"Node Type": "Index Only Scan","Parent Relationship": "Outer","Parallel Aware": false,"Async Capable": false,"Scan Direction": "Forward","Index Name": "customer_pkey","Relation Name": "customer","Alias": "customer","Startup Cost": 0.42,"Total Cost": 3906.42,"Plan Rows": 150000,"Plan Width": 4,"Actual Startup Time": 0.040,"Actual Total Time": 13.017,"Actual Rows": 150000,"Actual Loops": 1,"Heap Fetches": 0}]}]}]}]}]},"Planning Time": 3.840,"Triggers": [],"Execution Time": 6714.032}]
[{"Plan": {"Node Type": "Sort","Parallel Aware": false,"Async Capable": false,"Startup Cost": 65822.53,"Total Cost": 65823.03,"Plan Rows": 200,"Plan Width": 16,"Actual Startup Time": 6096.807,"Actual Total Time": 6096.851,"Actual Rows": 42,"Actual Loops": 1,"Sort Key": ["(count(*)) DESC", "(count(orders.o_orderkey)) DESC"],"Sort Method": "quicksort","Sort Space Used": 27,"Sort Space Type": "Memory","Plans": [{"Node Type": "Aggregate","Strategy": "Hashed","Partial Mode": "Simple","Parent Relationship": "Outer","Parallel Aware": false,"Async Capable": false,"Startup Cost": 65812.89,"Total Cost": 65814.89,"Plan Rows": 200,"Plan Width": 16,"Actual Startup Time": 6096.707,"Actual Total Time": 6096.758,"Actual Rows": 42,"Actual Loops": 1,"Group Key": ["count(orders.o_orderkey)"],"Planned Partitions": 0,"HashAgg Batches": 1,"Peak Memory Usage": 40,"Disk Usage": 0,"Plans": [{"Node Type": "Aggregate","Strategy": "Hashed","Partial Mode": "Simple","Parent Relationship": "Outer","Parallel Aware": false,"Async Capable": false,"Startup Cost": 62062.89,"Total Cost": 63562.89,"Plan Rows": 150000,"Plan Width": 12,"Actual Startup Time": 5900.364,"Actual Total Time": 6082.949,"Actual Rows": 150000,"Actual Loops": 1,"Group Key": ["customer.c_custkey"],"Planned Partitions": 0,"HashAgg Batches": 1,"Peak Memory Usage": 22545,"Disk Usage": 0,"Plans": [{"Node Type": "Hash Join","Parent Relationship": "Outer","Parallel Aware": false,"Async Capable": false,"Join Type": "Right","Startup Cost": 5781.42,"Total Cost": 54563.64,"Plan Rows": 1499850,"Plan Width": 8,"Actual Startup Time": 38.105,"Actual Total Time": 4090.394,"Actual Rows": 1533835,"Actual Loops": 1,"Inner Unique": true,"Hash Cond": "(orders.o_custkey = customer.c_custkey)","Plans": [{"Node Type": "Seq Scan","Parent Relationship": "Outer","Parallel Aware": false,"Async Capable": false,"Relation Name": "orders","Alias": "orders","Startup Cost": 0.00,"Total Cost": 44845.00,"Plan Rows": 1499850,"Plan Width": 8,"Actual Startup Time": 0.059,"Actual Total Time": 2844.303,"Actual Rows": 1483831,"Actual Loops": 1,"Filter": "((o_comment)::text !~~ '%special%accounts%'::text)","Rows Removed by Filter": 16169},{"Node Type": "Hash","Parent Relationship": "Inner","Parallel Aware": false,"Async Capable": false,"Startup Cost": 3906.42,"Total Cost": 3906.42,"Plan Rows": 150000,"Plan Width": 4,"Actual Startup Time": 36.335,"Actual Total Time": 36.352,"Actual Rows": 150000,"Actual Loops": 1,"Hash Buckets": 262144,"Original Hash Buckets": 262144,"Hash Batches": 1,"Original Hash Batches": 1,"Peak Memory Usage": 7322,"Plans": [{"Node Type": "Index Only Scan","Parent Relationship": "Outer","Parallel Aware": false,"Async Capable": false,"Scan Direction": "Forward","Index Name": "customer_pkey","Relation Name": "customer","Alias": "customer","Startup Cost": 0.42,"Total Cost": 3906.42,"Plan Rows": 150000,"Plan Width": 4,"Actual Startup Time": 0.048,"Actual Total Time": 14.414,"Actual Rows": 150000,"Actual Loops": 1,"Heap Fetches": 0}]}]}]}]}]},"Planning Time": 3.409,"Triggers": [],"Execution Time": 6107.560}]
[{"Plan": {"Node Type": "Sort","Parallel Aware": false,"Async Capable": false,"Startup Cost": 65822.53,"Total Cost": 65823.03,"Plan Rows": 200,"Plan Width": 16,"Actual Startup Time": 6047.687,"Actual Total Time": 6047.735,"Actual Rows": 42,"Actual Loops": 1,"Sort Key": ["(count(*)) DESC", "(count(orders.o_orderkey)) DESC"],"Sort Method": "quicksort","Sort Space Used": 27,"Sort Space Type": "Memory","Plans": [{"Node Type": "Aggregate","Strategy": "Hashed","Partial Mode": "Simple","Parent Relationship": "Outer","Parallel Aware": false,"Async Capable": false,"Startup Cost": 65812.89,"Total Cost": 65814.89,"Plan Rows": 200,"Plan Width": 16,"Actual Startup Time": 6047.591,"Actual Total Time": 6047.643,"Actual Rows": 42,"Actual Loops": 1,"Group Key": ["count(orders.o_orderkey)"],"Planned Partitions": 0,"HashAgg Batches": 1,"Peak Memory Usage": 40,"Disk Usage": 0,"Plans": [{"Node Type": "Aggregate","Strategy": "Hashed","Partial Mode": "Simple","Parent Relationship": "Outer","Parallel Aware": false,"Async Capable": false,"Startup Cost": 62062.89,"Total Cost": 63562.89,"Plan Rows": 150000,"Plan Width": 12,"Actual Startup Time": 5868.600,"Actual Total Time": 6033.866,"Actual Rows": 150000,"Actual Loops": 1,"Group Key": ["customer.c_custkey"],"Planned Partitions": 0,"HashAgg Batches": 1,"Peak Memory Usage": 22545,"Disk Usage": 0,"Plans": [{"Node Type": "Hash Join","Parent Relationship": "Outer","Parallel Aware": false,"Async Capable": false,"Join Type": "Right","Startup Cost": 5781.42,"Total Cost": 54563.64,"Plan Rows": 1499850,"Plan Width": 8,"Actual Startup Time": 39.168,"Actual Total Time": 4010.851,"Actual Rows": 1533626,"Actual Loops": 1,"Inner Unique": true,"Hash Cond": "(orders.o_custkey = customer.c_custkey)","Plans": [{"Node Type": "Seq Scan","Parent Relationship": "Outer","Parallel Aware": false,"Async Capable": false,"Relation Name": "orders","Alias": "orders","Startup Cost": 0.00,"Total Cost": 44845.00,"Plan Rows": 1499850,"Plan Width": 8,"Actual Startup Time": 0.065,"Actual Total Time": 2757.508,"Actual Rows": 1483622,"Actual Loops": 1,"Filter": "((o_comment)::text !~~ '%unusual%accounts%'::text)","Rows Removed by Filter": 16378},{"Node Type": "Hash","Parent Relationship": "Inner","Parallel Aware": false,"Async Capable": false,"Startup Cost": 3906.42,"Total Cost": 3906.42,"Plan Rows": 150000,"Plan Width": 4,"Actual Startup Time": 37.343,"Actual Total Time": 37.362,"Actual Rows": 150000,"Actual Loops": 1,"Hash Buckets": 262144,"Original Hash Buckets": 262144,"Hash Batches": 1,"Original Hash Batches": 1,"Peak Memory Usage": 7322,"Plans": [{"Node Type": "Index Only Scan","Parent Relationship": "Outer","Parallel Aware": false,"Async Capable": false,"Scan Direction": "Forward","Index Name": "customer_pkey","Relation Name": "customer","Alias": "customer","Startup Cost": 0.42,"Total Cost": 3906.42,"Plan Rows": 150000,"Plan Width": 4,"Actual Startup Time": 0.036,"Actual Total Time": 14.472,"Actual Rows": 150000,"Actual Loops": 1,"Heap Fetches": 0}]}]}]}]}]},"Planning Time": 4.331,"Triggers": [],"Execution Time": 6056.690}]
[{"Plan": {"Node Type": "Sort","Parallel Aware": false,"Async Capable": false,"Startup Cost": 65592.61,"Total Cost": 65593.11,"Plan Rows": 200,"Plan Width": 16,"Actual Startup Time": 6108.888,"Actual Total Time": 6108.932,"Actual Rows": 42,"Actual Loops": 1,"Sort Key": ["(count(*)) DESC", "(count(orders.o_orderkey)) DESC"],"Sort Method": "quicksort","Sort Space Used": 27,"Sort Space Type": "Memory","Plans": [{"Node Type": "Aggregate","Strategy": "Hashed","Partial Mode": "Simple","Parent Relationship": "Outer","Parallel Aware": false,"Async Capable": false,"Startup Cost": 65582.97,"Total Cost": 65584.97,"Plan Rows": 200,"Plan Width": 16,"Actual Startup Time": 6108.797,"Actual Total Time": 6108.848,"Actual Rows": 42,"Actual Loops": 1,"Group Key": ["count(orders.o_orderkey)"],"Planned Partitions": 0,"HashAgg Batches": 1,"Peak Memory Usage": 40,"Disk Usage": 0,"Plans": [{"Node Type": "Aggregate","Strategy": "Hashed","Partial Mode": "Simple","Parent Relationship": "Outer","Parallel Aware": false,"Async Capable": false,"Startup Cost": 61832.97,"Total Cost": 63332.97,"Plan Rows": 150000,"Plan Width": 12,"Actual Startup Time": 5916.041,"Actual Total Time": 6095.043,"Actual Rows": 150000,"Actual Loops": 1,"Group Key": ["customer.c_custkey"],"Planned Partitions": 0,"HashAgg Batches": 1,"Peak Memory Usage": 22545,"Disk Usage": 0,"Plans": [{"Node Type": "Hash Join","Parent Relationship": "Outer","Parallel Aware": false,"Async Capable": false,"Join Type": "Right","Startup Cost": 5781.42,"Total Cost": 54484.49,"Plan Rows": 1469697,"Plan Width": 8,"Actual Startup Time": 39.068,"Actual Total Time": 4097.616,"Actual Rows": 1534019,"Actual Loops": 1,"Inner Unique": true,"Hash Cond": "(orders.o_custkey = customer.c_custkey)","Plans": [{"Node Type": "Seq Scan","Parent Relationship": "Outer","Parallel Aware": false,"Async Capable": false,"Relation Name": "orders","Alias": "orders","Startup Cost": 0.00,"Total Cost": 44845.00,"Plan Rows": 1469697,"Plan Width": 8,"Actual Startup Time": 0.051,"Actual Total Time": 2823.952,"Actual Rows": 1484015,"Actual Loops": 1,"Filter": "((o_comment)::text !~~ '%express%accounts%'::text)","Rows Removed by Filter": 15985},{"Node Type": "Hash","Parent Relationship": "Inner","Parallel Aware": false,"Async Capable": false,"Startup Cost": 3906.42,"Total Cost": 3906.42,"Plan Rows": 150000,"Plan Width": 4,"Actual Startup Time": 37.191,"Actual Total Time": 37.207,"Actual Rows": 150000,"Actual Loops": 1,"Hash Buckets": 262144,"Original Hash Buckets": 262144,"Hash Batches": 1,"Original Hash Batches": 1,"Peak Memory Usage": 7322,"Plans": [{"Node Type": "Index Only Scan","Parent Relationship": "Outer","Parallel Aware": false,"Async Capable": false,"Scan Direction": "Forward","Index Name": "customer_pkey","Relation Name": "customer","Alias": "customer","Startup Cost": 0.42,"Total Cost": 3906.42,"Plan Rows": 150000,"Plan Width": 4,"Actual Startup Time": 0.038,"Actual Total Time": 14.188,"Actual Rows": 150000,"Actual Loops": 1,"Heap Fetches": 0}]}]}]}]}]},"Planning Time": 3.814,"Triggers": [],"Execution Time": 6118.531}]
